{
  "Plan": {
    "Node Type": "Aggregate",
    "Strategy": "Plain",
    "Partial Mode": "Finalize",
    "Parallel Aware": false,
    "Startup Cost": 329503.42,
    "Total Cost": 329503.43,
    "Plan Rows": 1,
    "Plan Width": 68,
    "Actual Startup Time": 2087.197,
    "Actual Total Time": 2120.568,
    "Actual Rows": 1,
    "Actual Loops": 1,
    "Plans": [
      {
        "Node Type": "Gather",
        "Parent Relationship": "Outer",
        "Parallel Aware": false,
        "Startup Cost": 329502.98,
        "Total Cost": 329503.39,
        "Plan Rows": 4,
        "Plan Width": 68,
        "Actual Startup Time": 2025.814,
        "Actual Total Time": 2120.547,
        "Actual Rows": 5,
        "Actual Loops": 1,
        "Workers Planned": 4,
        "Workers Launched": 4,
        "Single Copy": false,
        "Plans": [
          {
            "Node Type": "Aggregate",
            "Strategy": "Plain",
            "Partial Mode": "Partial",
            "Parent Relationship": "Outer",
            "Parallel Aware": false,
            "Startup Cost": 328502.98,
            "Total Cost": 328502.99,
            "Plan Rows": 1,
            "Plan Width": 68,
            "Actual Startup Time": 1812.352,
            "Actual Total Time": 1812.361,
            "Actual Rows": 1,
            "Actual Loops": 5,
            "Plans": [
              {
                "Node Type": "Merge Join",
                "Parent Relationship": "Outer",
                "Parallel Aware": false,
                "Join Type": "Inner",
                "Startup Cost": 327554.9,
                "Total Cost": 328498.8,
                "Plan Rows": 558,
                "Plan Width": 45,
                "Actual Startup Time": 1811.568,
                "Actual Total Time": 1812.349,
                "Actual Rows": 1,
                "Actual Loops": 5,
                "Inner Unique": false,
                "Merge Cond": "(t.id = mc.movie_id)",
                "Plans": [
                  {
                    "Node Type": "Sort",
                    "Parent Relationship": "Outer",
                    "Parallel Aware": false,
                    "Startup Cost": 61193.58,
                    "Total Cost": 61643.63,
                    "Plan Rows": 180019,
                    "Plan Width": 25,
                    "Actual Startup Time": 199.746,
                    "Actual Total Time": 214.328,
                    "Actual Rows": 133962,
                    "Actual Loops": 5,
                    "Sort Key": [
                      "t.id"
                    ],
                    "Sort Method": "quicksort",
                    "Sort Space Used": 16318,
                    "Sort Space Type": "Memory",
                    "Workers": [
                      {
                        "Worker Number": 0,
                        "Sort Method": "quicksort",
                        "Sort Space Used": 12171,
                        "Sort Space Type": "Memory"
                      },
                      {
                        "Worker Number": 1,
                        "Sort Method": "quicksort",
                        "Sort Space Used": 12304,
                        "Sort Space Type": "Memory"
                      },
                      {
                        "Worker Number": 2,
                        "Sort Method": "quicksort",
                        "Sort Space Used": 18441,
                        "Sort Space Type": "Memory"
                      },
                      {
                        "Worker Number": 3,
                        "Sort Method": "quicksort",
                        "Sort Space Used": 19203,
                        "Sort Space Type": "Memory"
                      }
                    ],
                    "Plans": [
                      {
                        "Node Type": "Seq Scan",
                        "Parent Relationship": "Outer",
                        "Parallel Aware": true,
                        "Relation Name": "title",
                        "Alias": "t",
                        "Startup Cost": 0.0,
                        "Total Cost": 45479.91,
                        "Plan Rows": 180019,
                        "Plan Width": 25,
                        "Actual Startup Time": 0.063,
                        "Actual Total Time": 135.068,
                        "Actual Rows": 143252,
                        "Actual Loops": 5,
                        "Filter": "((production_year >= 2005) AND (production_year <= 2010))",
                        "Rows Removed by Filter": 362411
                      }
                    ]
                  },
                  {
                    "Node Type": "Sort",
                    "Parent Relationship": "Inner",
                    "Parallel Aware": false,
                    "Startup Cost": 266361.3,
                    "Total Cost": 266380.9,
                    "Plan Rows": 7838,
                    "Plan Width": 32,
                    "Actual Startup Time": 1584.511,
                    "Actual Total Time": 1584.52,
                    "Actual Rows": 5,
                    "Actual Loops": 5,
                    "Sort Key": [
                      "mc.movie_id"
                    ],
                    "Sort Method": "quicksort",
                    "Sort Space Used": 25,
                    "Sort Space Type": "Memory",
                    "Workers": [
                      {
                        "Worker Number": 0,
                        "Sort Method": "quicksort",
                        "Sort Space Used": 25,
                        "Sort Space Type": "Memory"
                      },
                      {
                        "Worker Number": 1,
                        "Sort Method": "quicksort",
                        "Sort Space Used": 25,
                        "Sort Space Type": "Memory"
                      },
                      {
                        "Worker Number": 2,
                        "Sort Method": "quicksort",
                        "Sort Space Used": 25,
                        "Sort Space Type": "Memory"
                      },
                      {
                        "Worker Number": 3,
                        "Sort Method": "quicksort",
                        "Sort Space Used": 25,
                        "Sort Space Type": "Memory"
                      }
                    ],
                    "Plans": [
                      {
                        "Node Type": "Merge Join",
                        "Parent Relationship": "Outer",
                        "Parallel Aware": false,
                        "Join Type": "Inner",
                        "Startup Cost": 265619.17,
                        "Total Cost": 265854.33,
                        "Plan Rows": 7838,
                        "Plan Width": 32,
                        "Actual Startup Time": 1584.499,
                        "Actual Total Time": 1584.507,
                        "Actual Rows": 5,
                        "Actual Loops": 5,
                        "Inner Unique": true,
                        "Merge Cond": "(mc.company_type_id = ct.id)",
                        "Plans": [
                          {
                            "Node Type": "Sort",
                            "Parent Relationship": "Outer",
                            "Parallel Aware": false,
                            "Startup Cost": 265618.11,
                            "Total Cost": 265696.5,
                            "Plan Rows": 31354,
                            "Plan Width": 36,
                            "Actual Startup Time": 1584.425,
                            "Actual Total Time": 1584.435,
                            "Actual Rows": 100,
                            "Actual Loops": 5,
                            "Sort Key": [
                              "mc.company_type_id"
                            ],
                            "Sort Method": "quicksort",
                            "Sort Space Used": 33,
                            "Sort Space Type": "Memory",
                            "Workers": [
                              {
                                "Worker Number": 0,
                                "Sort Method": "quicksort",
                                "Sort Space Used": 33,
                                "Sort Space Type": "Memory"
                              },
                              {
                                "Worker Number": 1,
                                "Sort Method": "quicksort",
                                "Sort Space Used": 33,
                                "Sort Space Type": "Memory"
                              },
                              {
                                "Worker Number": 2,
                                "Sort Method": "quicksort",
                                "Sort Space Used": 33,
                                "Sort Space Type": "Memory"
                              },
                              {
                                "Worker Number": 3,
                                "Sort Method": "quicksort",
                                "Sort Space Used": 33,
                                "Sort Space Type": "Memory"
                              }
                            ],
                            "Plans": [
                              {
                                "Node Type": "Merge Join",
                                "Parent Relationship": "Outer",
                                "Parallel Aware": false,
                                "Join Type": "Inner",
                                "Startup Cost": 256206.22,
                                "Total Cost": 263276.54,
                                "Plan Rows": 31354,
                                "Plan Width": 36,
                                "Actual Startup Time": 1490.378,
                                "Actual Total Time": 1584.391,
                                "Actual Rows": 100,
                                "Actual Loops": 5,
                                "Inner Unique": false,
                                "Merge Cond": "(mi_idx.movie_id = mc.movie_id)",
                                "Plans": [
                                  {
                                    "Node Type": "Sort",
                                    "Parent Relationship": "Outer",
                                    "Parallel Aware": false,
                                    "Startup Cost": 68521.62,
                                    "Total Cost": 68552.15,
                                    "Plan Rows": 12213,
                                    "Plan Width": 4,
                                    "Actual Startup Time": 435.602,
                                    "Actual Total Time": 435.61,
                                    "Actual Rows": 10,
                                    "Actual Loops": 5,
                                    "Sort Key": [
                                      "mi_idx.movie_id"
                                    ],
                                    "Sort Method": "quicksort",
                                    "Sort Space Used": 25,
                                    "Sort Space Type": "Memory",
                                    "Workers": [
                                      {
                                        "Worker Number": 0,
                                        "Sort Method": "quicksort",
                                        "Sort Space Used": 25,
                                        "Sort Space Type": "Memory"
                                      },
                                      {
                                        "Worker Number": 1,
                                        "Sort Method": "quicksort",
                                        "Sort Space Used": 25,
                                        "Sort Space Type": "Memory"
                                      },
                                      {
                                        "Worker Number": 2,
                                        "Sort Method": "quicksort",
                                        "Sort Space Used": 25,
                                        "Sort Space Type": "Memory"
                                      },
                                      {
                                        "Worker Number": 3,
                                        "Sort Method": "quicksort",
                                        "Sort Space Used": 25,
                                        "Sort Space Type": "Memory"
                                      }
                                    ],
                                    "Plans": [
                                      {
                                        "Node Type": "Merge Join",
                                        "Parent Relationship": "Outer",
                                        "Parallel Aware": false,
                                        "Join Type": "Inner",
                                        "Startup Cost": 14.55,
                                        "Total Cost": 67692.59,
                                        "Plan Rows": 12213,
                                        "Plan Width": 4,
                                        "Actual Startup Time": 435.585,
                                        "Actual Total Time": 435.594,
                                        "Actual Rows": 10,
                                        "Actual Loops": 5,
                                        "Inner Unique": false,
                                        "Merge Cond": "(it.id = mi_idx.info_type_id)",
                                        "Plans": [
                                          {
                                            "Node Type": "Index Scan",
                                            "Parent Relationship": "Outer",
                                            "Parallel Aware": false,
                                            "Scan Direction": "Forward",
                                            "Index Name": "info_type_pkey",
                                            "Relation Name": "info_type",
                                            "Alias": "it",
                                            "Startup Cost": 0.14,
                                            "Total Cost": 14.12,
                                            "Plan Rows": 1,
                                            "Plan Width": 4,
                                            "Actual Startup Time": 0.078,
                                            "Actual Total Time": 0.079,
                                            "Actual Rows": 1,
                                            "Actual Loops": 5,
                                            "Filter": "((info)::text = 'bottom 10 rank'::text)",
                                            "Rows Removed by Filter": 112
                                          },
                                          {
                                            "Node Type": "Index Scan",
                                            "Parent Relationship": "Inner",
                                            "Parallel Aware": false,
                                            "Scan Direction": "Forward",
                                            "Index Name": "info_type_id_movie_info_idx",
                                            "Relation Name": "movie_info_idx",
                                            "Alias": "mi_idx",
                                            "Startup Cost": 0.43,
                                            "Total Cost": 64106.25,
                                            "Plan Rows": 1380035,
                                            "Plan Width": 8,
                                            "Actual Startup Time": 0.065,
                                            "Actual Total Time": 313.841,
                                            "Actual Rows": 1380035,
                                            "Actual Loops": 5
                                          }
                                        ]
                                      }
                                    ]
                                  },
                                  {
                                    "Node Type": "Sort",
                                    "Parent Relationship": "Inner",
                                    "Parallel Aware": false,
                                    "Startup Cost": 187684.46,
                                    "Total Cost": 191032.39,
                                    "Plan Rows": 1339173,
                                    "Plan Width": 32,
                                    "Actual Startup Time": 993.675,
                                    "Actual Total Time": 1054.546,
                                    "Actual Rows": 1263892,
                                    "Actual Loops": 5,
                                    "Sort Key": [
                                      "mc.movie_id"
                                    ],
                                    "Sort Method": "quicksort",
                                    "Sort Space Used": 155805,
                                    "Sort Space Type": "Memory",
                                    "Workers": [
                                      {
                                        "Worker Number": 0,
                                        "Sort Method": "quicksort",
                                        "Sort Space Used": 155805,
                                        "Sort Space Type": "Memory"
                                      },
                                      {
                                        "Worker Number": 1,
                                        "Sort Method": "quicksort",
                                        "Sort Space Used": 155805,
                                        "Sort Space Type": "Memory"
                                      },
                                      {
                                        "Worker Number": 2,
                                        "Sort Method": "quicksort",
                                        "Sort Space Used": 155805,
                                        "Sort Space Type": "Memory"
                                      },
                                      {
                                        "Worker Number": 3,
                                        "Sort Method": "quicksort",
                                        "Sort Space Used": 155805,
                                        "Sort Space Type": "Memory"
                                      }
                                    ],
                                    "Plans": [
                                      {
                                        "Node Type": "Seq Scan",
                                        "Parent Relationship": "Outer",
                                        "Parallel Aware": false,
                                        "Relation Name": "movie_companies",
                                        "Alias": "mc",
                                        "Startup Cost": 0.0,
                                        "Total Cost": 51404.11,
                                        "Plan Rows": 1339173,
                                        "Plan Width": 32,
                                        "Actual Startup Time": 0.05,
                                        "Actual Total Time": 504.382,
                                        "Actual Rows": 1337088,
                                        "Actual Loops": 5,
                                        "Filter": "(note !~~ '%(as Metro-Goldwyn-Mayer Pictures)%'::text)",
                                        "Rows Removed by Filter": 1272041
                                      }
                                    ]
                                  }
                                ]
                              }
                            ]
                          },
                          {
                            "Node Type": "Sort",
                            "Parent Relationship": "Inner",
                            "Parallel Aware": false,
                            "Startup Cost": 1.06,
                            "Total Cost": 1.06,
                            "Plan Rows": 1,
                            "Plan Width": 4,
                            "Actual Startup Time": 0.057,
                            "Actual Total Time": 0.058,
                            "Actual Rows": 1,
                            "Actual Loops": 5,
                            "Sort Key": [
                              "ct.id"
                            ],
                            "Sort Method": "quicksort",
                            "Sort Space Used": 25,
                            "Sort Space Type": "Memory",
                            "Workers": [
                              {
                                "Worker Number": 0,
                                "Sort Method": "quicksort",
                                "Sort Space Used": 25,
                                "Sort Space Type": "Memory"
                              },
                              {
                                "Worker Number": 1,
                                "Sort Method": "quicksort",
                                "Sort Space Used": 25,
                                "Sort Space Type": "Memory"
                              },
                              {
                                "Worker Number": 2,
                                "Sort Method": "quicksort",
                                "Sort Space Used": 25,
                                "Sort Space Type": "Memory"
                              },
                              {
                                "Worker Number": 3,
                                "Sort Method": "quicksort",
                                "Sort Space Used": 25,
                                "Sort Space Type": "Memory"
                              }
                            ],
                            "Plans": [
                              {
                                "Node Type": "Seq Scan",
                                "Parent Relationship": "Outer",
                                "Parallel Aware": false,
                                "Relation Name": "company_type",
                                "Alias": "ct",
                                "Startup Cost": 0.0,
                                "Total Cost": 1.05,
                                "Plan Rows": 1,
                                "Plan Width": 4,
                                "Actual Startup Time": 0.047,
                                "Actual Total Time": 0.048,
                                "Actual Rows": 1,
                                "Actual Loops": 5,
                                "Filter": "((kind)::text = 'production companies'::text)",
                                "Rows Removed by Filter": 3
                              }
                            ]
                          }
                        ]
                      }
                    ]
                  }
                ]
              }
            ]
          }
        ]
      }
    ]
  },
  "Planning Time": 7.064,
  "Triggers": [],
  "Execution Time": 2141.883
}