{
  "Plan": {
    "Node Type": "Aggregate",
    "Strategy": "Plain",
    "Partial Mode": "Finalize",
    "Parallel Aware": false,
    "Startup Cost": 98081.61,
    "Total Cost": 98081.62,
    "Plan Rows": 1,
    "Plan Width": 8,
    "Actual Startup Time": 413.62,
    "Actual Total Time": 425.741,
    "Actual Rows": 1,
    "Actual Loops": 1,
    "Plans": [
      {
        "Node Type": "Gather",
        "Parent Relationship": "Outer",
        "Parallel Aware": false,
        "Startup Cost": 98081.5,
        "Total Cost": 98081.61,
        "Plan Rows": 1,
        "Plan Width": 8,
        "Actual Startup Time": 413.073,
        "Actual Total Time": 425.733,
        "Actual Rows": 2,
        "Actual Loops": 1,
        "Workers Planned": 1,
        "Workers Launched": 1,
        "Single Copy": false,
        "Plans": [
          {
            "Node Type": "Aggregate",
            "Strategy": "Plain",
            "Partial Mode": "Partial",
            "Parent Relationship": "Outer",
            "Parallel Aware": false,
            "Startup Cost": 97081.5,
            "Total Cost": 97081.51,
            "Plan Rows": 1,
            "Plan Width": 8,
            "Actual Startup Time": 410.417,
            "Actual Total Time": 410.42,
            "Actual Rows": 1,
            "Actual Loops": 2,
            "Plans": [
              {
                "Node Type": "Hash Join",
                "Parent Relationship": "Outer",
                "Parallel Aware": true,
                "Join Type": "Inner",
                "Startup Cost": 58810.78,
                "Total Cost": 96977.41,
                "Plan Rows": 41635,
                "Plan Width": 0,
                "Actual Startup Time": 154.745,
                "Actual Total Time": 402.853,
                "Actual Rows": 182728,
                "Actual Loops": 2,
                "Inner Unique": true,
                "Hash Cond": "(mc.movie_id = t.id)",
                "Plans": [
                  {
                    "Node Type": "Seq Scan",
                    "Parent Relationship": "Outer",
                    "Parallel Aware": true,
                    "Relation Name": "movie_companies",
                    "Alias": "mc",
                    "Startup Cost": 0.0,
                    "Total Cost": 34137.82,
                    "Plan Rows": 1534782,
                    "Plan Width": 4,
                    "Actual Startup Time": 0.012,
                    "Actual Total Time": 94.718,
                    "Actual Rows": 1304564,
                    "Actual Loops": 2
                  },
                  {
                    "Node Type": "Hash",
                    "Parent Relationship": "Inner",
                    "Parallel Aware": true,
                    "Startup Cost": 58306.47,
                    "Total Cost": 58306.47,
                    "Plan Rows": 40345,
                    "Plan Width": 4,
                    "Actual Startup Time": 153.373,
                    "Actual Total Time": 153.374,
                    "Actual Rows": 85362,
                    "Actual Loops": 2,
                    "Hash Buckets": 262144,
                    "Original Hash Buckets": 131072,
                    "Hash Batches": 1,
                    "Original Hash Batches": 1,
                    "Peak Memory Usage": 9792,
                    "Plans": [
                      {
                        "Node Type": "Seq Scan",
                        "Parent Relationship": "Outer",
                        "Parallel Aware": true,
                        "Relation Name": "title",
                        "Alias": "t",
                        "Startup Cost": 0.0,
                        "Total Cost": 58306.47,
                        "Plan Rows": 40345,
                        "Plan Width": 4,
                        "Actual Startup Time": 0.241,
                        "Actual Total Time": 133.627,
                        "Actual Rows": 85362,
                        "Actual Loops": 2,
                        "Filter": "((kind_id < 7) AND (production_year < 1953))",
                        "Rows Removed by Filter": 1178794
                      }
                    ]
                  }
                ]
              }
            ]
          }
        ]
      }
    ]
  },
  "Planning Time": 0.266,
  "Triggers": [],
  "Execution Time": 425.785
}