{
  "Plan": {
    "Node Type": "Aggregate",
    "Strategy": "Plain",
    "Partial Mode": "Finalize",
    "Parallel Aware": false,
    "Startup Cost": 168962.74,
    "Total Cost": 168962.75,
    "Plan Rows": 1,
    "Plan Width": 8,
    "Actual Startup Time": 92.924,
    "Actual Total Time": 106.032,
    "Actual Rows": 1,
    "Actual Loops": 1,
    "Plans": [
      {
        "Node Type": "Gather",
        "Parent Relationship": "Outer",
        "Parallel Aware": false,
        "Startup Cost": 168962.63,
        "Total Cost": 168962.74,
        "Plan Rows": 1,
        "Plan Width": 8,
        "Actual Startup Time": 92.675,
        "Actual Total Time": 106.025,
        "Actual Rows": 2,
        "Actual Loops": 1,
        "Workers Planned": 1,
        "Workers Launched": 1,
        "Single Copy": false,
        "Plans": [
          {
            "Node Type": "Aggregate",
            "Strategy": "Plain",
            "Partial Mode": "Partial",
            "Parent Relationship": "Outer",
            "Parallel Aware": false,
            "Startup Cost": 167962.63,
            "Total Cost": 167962.64,
            "Plan Rows": 1,
            "Plan Width": 8,
            "Actual Startup Time": 89.696,
            "Actual Total Time": 89.698,
            "Actual Rows": 1,
            "Actual Loops": 2,
            "Plans": [
              {
                "Node Type": "Nested Loop",
                "Parent Relationship": "Outer",
                "Parallel Aware": false,
                "Join Type": "Inner",
                "Startup Cost": 1617.5,
                "Total Cost": 167956.61,
                "Plan Rows": 2405,
                "Plan Width": 0,
                "Actual Startup Time": 18.71,
                "Actual Total Time": 89.428,
                "Actual Rows": 3248,
                "Actual Loops": 2,
                "Inner Unique": false,
                "Plans": [
                  {
                    "Node Type": "Bitmap Heap Scan",
                    "Parent Relationship": "Outer",
                    "Parallel Aware": true,
                    "Relation Name": "title",
                    "Alias": "t",
                    "Startup Cost": 1616.94,
                    "Total Cost": 38415.06,
                    "Plan Rows": 939,
                    "Plan Width": 4,
                    "Actual Startup Time": 18.435,
                    "Actual Total Time": 47.96,
                    "Actual Rows": 1009,
                    "Actual Loops": 2,
                    "Recheck Cond": "(kind_id = 2)",
                    "Rows Removed by Index Recheck": 0,
                    "Filter": "(production_year = 1998)",
                    "Rows Removed by Filter": 44417,
                    "Exact Heap Blocks": 19145,
                    "Lossy Heap Blocks": 0,
                    "Plans": [
                      {
                        "Node Type": "Bitmap Index Scan",
                        "Parent Relationship": "Outer",
                        "Parallel Aware": false,
                        "Index Name": "kind_id_title",
                        "Startup Cost": 0.0,
                        "Total Cost": 1616.54,
                        "Plan Rows": 90681,
                        "Plan Width": 0,
                        "Actual Startup Time": 14.045,
                        "Actual Total Time": 14.045,
                        "Actual Rows": 90852,
                        "Actual Loops": 1,
                        "Index Cond": "(kind_id = 2)"
                      }
                    ]
                  },
                  {
                    "Node Type": "Index Scan",
                    "Parent Relationship": "Inner",
                    "Parallel Aware": false,
                    "Scan Direction": "Forward",
                    "Index Name": "movie_id_cast_info",
                    "Relation Name": "cast_info",
                    "Alias": "ci",
                    "Startup Cost": 0.56,
                    "Total Cost": 137.89,
                    "Plan Rows": 7,
                    "Plan Width": 4,
                    "Actual Startup Time": 0.033,
                    "Actual Total Time": 0.04,
                    "Actual Rows": 3,
                    "Actual Loops": 2018,
                    "Index Cond": "(movie_id = t.id)",
                    "Rows Removed by Index Recheck": 0,
                    "Filter": "((person_id > 1131685) AND (role_id > 4))",
                    "Rows Removed by Filter": 10
                  }
                ]
              }
            ]
          }
        ]
      }
    ]
  },
  "Planning Time": 0.367,
  "Triggers": [],
  "Execution Time": 106.101
}