[
  {
    "Plan": {
      "Node Type": "Aggregate",
      "Strategy": "Plain",
      "Partial Mode": "Finalize",
      "Parallel Aware": false,
      "Startup Cost": 188192.44,
      "Total Cost": 188192.45,
      "Plan Rows": 1,
      "Plan Width": 8,
      "Actual Startup Time": 1535.437,
      "Actual Total Time": 1580.233,
      "Actual Rows": 1,
      "Actual Loops": 1,
      "Plans": [
        {
          "Node Type": "Gather",
          "Parent Relationship": "Outer",
          "Parallel Aware": false,
          "Startup Cost": 188192.12,
          "Total Cost": 188192.43,
          "Plan Rows": 3,
          "Plan Width": 8,
          "Actual Startup Time": 1526.528,
          "Actual Total Time": 1580.222,
          "Actual Rows": 4,
          "Actual Loops": 1,
          "Workers Planned": 3,
          "Workers Launched": 3,
          "Single Copy": false,
          "Plans": [
            {
              "Node Type": "Aggregate",
              "Strategy": "Plain",
              "Partial Mode": "Partial",
              "Parent Relationship": "Outer",
              "Parallel Aware": false,
              "Startup Cost": 187192.12,
              "Total Cost": 187192.13,
              "Plan Rows": 1,
              "Plan Width": 8,
              "Actual Startup Time": 1507.621,
              "Actual Total Time": 1507.625,
              "Actual Rows": 1,
              "Actual Loops": 4,
              "Plans": [
                {
                  "Node Type": "Nested Loop",
                  "Parent Relationship": "Outer",
                  "Parallel Aware": false,
                  "Join Type": "Inner",
                  "Startup Cost": 53869.78,
                  "Total Cost": 186380.88,
                  "Plan Rows": 324495,
                  "Plan Width": 0,
                  "Actual Startup Time": 356.063,
                  "Actual Total Time": 1394.349,
                  "Actual Rows": 2680372,
                  "Actual Loops": 4,
                  "Inner Unique": false,
                  "Plans": [
                    {
                      "Node Type": "Hash Join",
                      "Parent Relationship": "Outer",
                      "Parallel Aware": true,
                      "Join Type": "Inner",
                      "Startup Cost": 53869.34,
                      "Total Cost": 79162.7,
                      "Plan Rows": 55495,
                      "Plan Width": 8,
                      "Actual Startup Time": 355.971,
                      "Actual Total Time": 406.437,
                      "Actual Rows": 40900,
                      "Actual Loops": 4,
                      "Inner Unique": true,
                      "Hash Cond": "(mk.movie_id = t.id)",
                      "Plans": [
                        {
                          "Node Type": "Bitmap Heap Scan",
                          "Parent Relationship": "Outer",
                          "Parallel Aware": true,
                          "Relation Name": "movie_keyword",
                          "Alias": "mk",
                          "Startup Cost": 3649.7,
                          "Total Cost": 28797.38,
                          "Plan Rows": 55495,
                          "Plan Width": 4,
                          "Actual Startup Time": 12.983,
                          "Actual Total Time": 41.631,
                          "Actual Rows": 40900,
                          "Actual Loops": 4,
                          "Recheck Cond": "(keyword_id > 72564)",
                          "Rows Removed by Index Recheck": 0,
                          "Exact Heap Blocks": 5247,
                          "Lossy Heap Blocks": 0,
                          "Plans": [
                            {
                              "Node Type": "Bitmap Index Scan",
                              "Parent Relationship": "Outer",
                              "Parallel Aware": false,
                              "Index Name": "keyword_id_movie_keyword",
                              "Startup Cost": 0.0,
                              "Total Cost": 3606.69,
                              "Plan Rows": 172034,
                              "Plan Width": 0,
                              "Actual Startup Time": 10.122,
                              "Actual Total Time": 10.123,
                              "Actual Rows": 163598,
                              "Actual Loops": 1,
                              "Index Cond": "(keyword_id > 72564)"
                            }
                          ]
                        },
                        {
                          "Node Type": "Hash",
                          "Parent Relationship": "Inner",
                          "Parallel Aware": true,
                          "Startup Cost": 42318.73,
                          "Total Cost": 42318.73,
                          "Plan Rows": 632073,
                          "Plan Width": 4,
                          "Actual Startup Time": 331.589,
                          "Actual Total Time": 331.59,
                          "Actual Rows": 632078,
                          "Actual Loops": 4,
                          "Hash Buckets": 4194304,
                          "Original Hash Buckets": 4194304,
                          "Hash Batches": 1,
                          "Original Hash Batches": 1,
                          "Peak Memory Usage": 131712,
                          "Plans": [
                            {
                              "Node Type": "Seq Scan",
                              "Parent Relationship": "Outer",
                              "Parallel Aware": true,
                              "Relation Name": "title",
                              "Alias": "t",
                              "Startup Cost": 0.0,
                              "Total Cost": 42318.73,
                              "Plan Rows": 632073,
                              "Plan Width": 4,
                              "Actual Startup Time": 0.033,
                              "Actual Total Time": 96.148,
                              "Actual Rows": 632078,
                              "Actual Loops": 4
                            }
                          ]
                        }
                      ]
                    },
                    {
                      "Node Type": "Index Only Scan",
                      "Parent Relationship": "Inner",
                      "Parallel Aware": false,
                      "Scan Direction": "Forward",
                      "Index Name": "movie_id_movie_info",
                      "Relation Name": "movie_info",
                      "Alias": "mi",
                      "Startup Cost": 0.43,
                      "Total Cost": 1.51,
                      "Plan Rows": 42,
                      "Plan Width": 4,
                      "Actual Startup Time": 0.004,
                      "Actual Total Time": 0.02,
                      "Actual Rows": 66,
                      "Actual Loops": 163598,
                      "Index Cond": "(movie_id = t.id)",
                      "Rows Removed by Index Recheck": 0,
                      "Heap Fetches": 10721490
                    }
                  ]
                }
              ]
            }
          ]
        }
      ]
    },
    "Planning Time": 1.47,
    "Triggers": [],
    "Execution Time": 1580.35
  }
]