{
  "Plan": {
    "Node Type": "Aggregate",
    "Strategy": "Plain",
    "Partial Mode": "Finalize",
    "Parallel Aware": false,
    "Startup Cost": 978225.26,
    "Total Cost": 978225.27,
    "Plan Rows": 1,
    "Plan Width": 128,
    "Actual Startup Time": 3591.732,
    "Actual Total Time": 3591.828,
    "Actual Rows": 1,
    "Actual Loops": 1,
    "Plans": [
      {
        "Node Type": "Gather",
        "Parent Relationship": "Outer",
        "Parallel Aware": false,
        "Startup Cost": 978225.14,
        "Total Cost": 978225.25,
        "Plan Rows": 1,
        "Plan Width": 128,
        "Actual Startup Time": 3591.717,
        "Actual Total Time": 3591.818,
        "Actual Rows": 2,
        "Actual Loops": 1,
        "Workers Planned": 1,
        "Workers Launched": 1,
        "Single Copy": false,
        "Plans": [
          {
            "Node Type": "Aggregate",
            "Strategy": "Plain",
            "Partial Mode": "Partial",
            "Parent Relationship": "Outer",
            "Parallel Aware": false,
            "Startup Cost": 977225.14,
            "Total Cost": 977225.15,
            "Plan Rows": 1,
            "Plan Width": 128,
            "Actual Startup Time": 3492.365,
            "Actual Total Time": 3492.37,
            "Actual Rows": 1,
            "Actual Loops": 2,
            "Plans": [
              {
                "Node Type": "Nested Loop",
                "Parent Relationship": "Outer",
                "Parallel Aware": false,
                "Join Type": "Inner",
                "Startup Cost": 931574.88,
                "Total Cost": 977223.73,
                "Plan Rows": 141,
                "Plan Width": 64,
                "Actual Startup Time": 3315.68,
                "Actual Total Time": 3491.714,
                "Actual Rows": 3393,
                "Actual Loops": 2,
                "Inner Unique": true,
                "Plans": [
                  {
                    "Node Type": "Nested Loop",
                    "Parent Relationship": "Outer",
                    "Parallel Aware": false,
                    "Join Type": "Inner",
                    "Startup Cost": 931574.45,
                    "Total Cost": 977153.62,
                    "Plan Rows": 141,
                    "Plan Width": 52,
                    "Actual Startup Time": 3315.618,
                    "Actual Total Time": 3484.779,
                    "Actual Rows": 3546,
                    "Actual Loops": 2,
                    "Inner Unique": false,
                    "Join Filter": "(n.id = an.person_id)",
                    "Rows Removed by Join Filter": 0,
                    "Plans": [
                      {
                        "Node Type": "Nested Loop",
                        "Parent Relationship": "Outer",
                        "Parallel Aware": false,
                        "Join Type": "Inner",
                        "Startup Cost": 931574.03,
                        "Total Cost": 976827.95,
                        "Plan Rows": 651,
                        "Plan Width": 44,
                        "Actual Startup Time": 3315.076,
                        "Actual Total Time": 3479.451,
                        "Actual Rows": 2042,
                        "Actual Loops": 2,
                        "Inner Unique": true,
                        "Plans": [
                          {
                            "Node Type": "Nested Loop",
                            "Parent Relationship": "Outer",
                            "Parallel Aware": false,
                            "Join Type": "Inner",
                            "Startup Cost": 931573.89,
                            "Total Cost": 975611.5,
                            "Plan Rows": 7806,
                            "Plan Width": 48,
                            "Actual Startup Time": 3313.443,
                            "Actual Total Time": 3474.646,
                            "Actual Rows": 5490,
                            "Actual Loops": 2,
                            "Inner Unique": true,
                            "Plans": [
                              {
                                "Node Type": "Nested Loop",
                                "Parent Relationship": "Outer",
                                "Parallel Aware": false,
                                "Join Type": "Inner",
                                "Startup Cost": 931573.47,
                                "Total Cost": 966013.86,
                                "Plan Rows": 21522,
                                "Plan Width": 52,
                                "Actual Startup Time": 3313.41,
                                "Actual Total Time": 3441.171,
                                "Actual Rows": 13594,
                                "Actual Loops": 2,
                                "Inner Unique": false,
                                "Plans": [
                                  {
                                    "Node Type": "Nested Loop",
                                    "Parent Relationship": "Outer",
                                    "Parallel Aware": false,
                                    "Join Type": "Inner",
                                    "Startup Cost": 931573.04,
                                    "Total Cost": 953563.7,
                                    "Plan Rows": 20854,
                                    "Plan Width": 56,
                                    "Actual Startup Time": 3313.242,
                                    "Actual Total Time": 3401.998,
                                    "Actual Rows": 8946,
                                    "Actual Loops": 2,
                                    "Inner Unique": true,
                                    "Plans": [
                                      {
                                        "Node Type": "Merge Join",
                                        "Parent Relationship": "Outer",
                                        "Parallel Aware": false,
                                        "Join Type": "Inner",
                                        "Startup Cost": 931572.61,
                                        "Total Cost": 943253.13,
                                        "Plan Rows": 20854,
                                        "Plan Width": 35,
                                        "Actual Startup Time": 3313.159,
                                        "Actual Total Time": 3354.56,
                                        "Actual Rows": 8946,
                                        "Actual Loops": 2,
                                        "Inner Unique": true,
                                        "Merge Cond": "(ci.person_id = n.id)",
                                        "Plans": [
                                          {
                                            "Node Type": "Sort",
                                            "Parent Relationship": "Outer",
                                            "Parallel Aware": false,
                                            "Startup Cost": 810518.32,
                                            "Total Cost": 816160.44,
                                            "Plan Rows": 2256851,
                                            "Plan Width": 16,
                                            "Actual Startup Time": 2654.992,
                                            "Actual Total Time": 2714.622,
                                            "Actual Rows": 1124878,
                                            "Actual Loops": 2,
                                            "Sort Key": [
                                              "ci.person_id"
                                            ],
                                            "Sort Method": "quicksort",
                                            "Sort Space Used": 210874,
                                            "Sort Space Type": "Memory",
                                            "Workers": [
                                              {
                                                "Worker Number": 0,
                                                "Sort Method": "quicksort",
                                                "Sort Space Used": 115301,
                                                "Sort Space Type": "Memory"
                                              }
                                            ],
                                            "Plans": [
                                              {
                                                "Node Type": "Seq Scan",
                                                "Parent Relationship": "Outer",
                                                "Parallel Aware": true,
                                                "Relation Name": "cast_info",
                                                "Alias": "ci",
                                                "Startup Cost": 0.0,
                                                "Total Cost": 572354.19,
                                                "Plan Rows": 2256851,
                                                "Plan Width": 16,
                                                "Actual Startup Time": 0.051,
                                                "Actual Total Time": 2155.05,
                                                "Actual Rows": 1906327,
                                                "Actual Loops": 2,
                                                "Filter": "(note = ANY ('{\"(executive producer)\",(voice),(writer),(producer)}'::text[]))",
                                                "Rows Removed by Filter": 16215845
                                              }
                                            ]
                                          },
                                          {
                                            "Node Type": "Sort",
                                            "Parent Relationship": "Inner",
                                            "Parallel Aware": false,
                                            "Startup Cost": 121054.26,
                                            "Total Cost": 121150.53,
                                            "Plan Rows": 38507,
                                            "Plan Width": 19,
                                            "Actual Startup Time": 567.539,
                                            "Actual Total Time": 572.822,
                                            "Actual Rows": 50011,
                                            "Actual Loops": 2,
                                            "Sort Key": [
                                              "n.id"
                                            ],
                                            "Sort Method": "quicksort",
                                            "Sort Space Used": 5246,
                                            "Sort Space Type": "Memory",
                                            "Workers": [
                                              {
                                                "Worker Number": 0,
                                                "Sort Method": "quicksort",
                                                "Sort Space Used": 5246,
                                                "Sort Space Type": "Memory"
                                              }
                                            ],
                                            "Plans": [
                                              {
                                                "Node Type": "Seq Scan",
                                                "Parent Relationship": "Outer",
                                                "Parallel Aware": false,
                                                "Relation Name": "name",
                                                "Alias": "n",
                                                "Startup Cost": 0.0,
                                                "Total Cost": 118121.4,
                                                "Plan Rows": 38507,
                                                "Plan Width": 19,
                                                "Actual Startup Time": 234.382,
                                                "Actual Total Time": 553.883,
                                                "Actual Rows": 50011,
                                                "Actual Loops": 2,
                                                "Filter": "((name ~~ '%An%'::text) AND ((gender)::text = 'f'::text))",
                                                "Rows Removed by Filter": 4117480
                                              }
                                            ]
                                          }
                                        ]
                                      },
                                      {
                                        "Node Type": "Index Scan",
                                        "Parent Relationship": "Inner",
                                        "Parallel Aware": false,
                                        "Scan Direction": "Forward",
                                        "Index Name": "title_pkey",
                                        "Relation Name": "title",
                                        "Alias": "t",
                                        "Startup Cost": 0.43,
                                        "Total Cost": 0.49,
                                        "Plan Rows": 1,
                                        "Plan Width": 21,
                                        "Actual Startup Time": 0.005,
                                        "Actual Total Time": 0.005,
                                        "Actual Rows": 1,
                                        "Actual Loops": 17893,
                                        "Index Cond": "(id = ci.movie_id)",
                                        "Rows Removed by Index Recheck": 0
                                      }
                                    ]
                                  },
                                  {
                                    "Node Type": "Index Scan",
                                    "Parent Relationship": "Inner",
                                    "Parallel Aware": false,
                                    "Scan Direction": "Forward",
                                    "Index Name": "movie_id_movie_companies",
                                    "Relation Name": "movie_companies",
                                    "Alias": "mc",
                                    "Startup Cost": 0.43,
                                    "Total Cost": 0.55,
                                    "Plan Rows": 5,
                                    "Plan Width": 8,
                                    "Actual Startup Time": 0.003,
                                    "Actual Total Time": 0.004,
                                    "Actual Rows": 2,
                                    "Actual Loops": 17893,
                                    "Index Cond": "(movie_id = ci.movie_id)",
                                    "Rows Removed by Index Recheck": 0
                                  }
                                ]
                              },
                              {
                                "Node Type": "Index Scan",
                                "Parent Relationship": "Inner",
                                "Parallel Aware": false,
                                "Scan Direction": "Forward",
                                "Index Name": "company_name_pkey",
                                "Relation Name": "company_name",
                                "Alias": "cn",
                                "Startup Cost": 0.42,
                                "Total Cost": 0.45,
                                "Plan Rows": 1,
                                "Plan Width": 4,
                                "Actual Startup Time": 0.002,
                                "Actual Total Time": 0.002,
                                "Actual Rows": 0,
                                "Actual Loops": 27189,
                                "Index Cond": "(id = mc.company_id)",
                                "Rows Removed by Index Recheck": 0,
                                "Filter": "((country_code)::text = '[us]'::text)",
                                "Rows Removed by Filter": 1
                              }
                            ]
                          },
                          {
                            "Node Type": "Index Scan",
                            "Parent Relationship": "Inner",
                            "Parallel Aware": false,
                            "Scan Direction": "Forward",
                            "Index Name": "role_type_pkey",
                            "Relation Name": "role_type",
                            "Alias": "rt",
                            "Startup Cost": 0.14,
                            "Total Cost": 0.16,
                            "Plan Rows": 1,
                            "Plan Width": 4,
                            "Actual Startup Time": 0.001,
                            "Actual Total Time": 0.001,
                            "Actual Rows": 0,
                            "Actual Loops": 10979,
                            "Index Cond": "(id = ci.role_id)",
                            "Rows Removed by Index Recheck": 0,
                            "Filter": "((role)::text = 'actress'::text)",
                            "Rows Removed by Filter": 1
                          }
                        ]
                      },
                      {
                        "Node Type": "Index Scan",
                        "Parent Relationship": "Inner",
                        "Parallel Aware": false,
                        "Scan Direction": "Forward",
                        "Index Name": "person_id_aka_name",
                        "Relation Name": "aka_name",
                        "Alias": "an",
                        "Startup Cost": 0.42,
                        "Total Cost": 0.48,
                        "Plan Rows": 2,
                        "Plan Width": 20,
                        "Actual Startup Time": 0.002,
                        "Actual Total Time": 0.002,
                        "Actual Rows": 2,
                        "Actual Loops": 4084,
                        "Index Cond": "(person_id = ci.person_id)",
                        "Rows Removed by Index Recheck": 0
                      }
                    ]
                  },
                  {
                    "Node Type": "Index Scan",
                    "Parent Relationship": "Inner",
                    "Parallel Aware": false,
                    "Scan Direction": "Forward",
                    "Index Name": "char_name_pkey",
                    "Relation Name": "char_name",
                    "Alias": "chn",
                    "Startup Cost": 0.43,
                    "Total Cost": 0.5,
                    "Plan Rows": 1,
                    "Plan Width": 20,
                    "Actual Startup Time": 0.002,
                    "Actual Total Time": 0.002,
                    "Actual Rows": 1,
                    "Actual Loops": 7092,
                    "Index Cond": "(id = ci.person_role_id)",
                    "Rows Removed by Index Recheck": 0
                  }
                ]
              }
            ]
          }
        ]
      }
    ]
  },
  "Planning Time": 2.627,
  "Triggers": [],
  "Execution Time": 3592.021
}