[
  {
    "Plan": {
      "Node Type": "Aggregate",
      "Strategy": "Plain",
      "Partial Mode": "Finalize",
      "Parallel Aware": false,
      "Startup Cost": 314418.78,
      "Total Cost": 314418.79,
      "Plan Rows": 1,
      "Plan Width": 8,
      "Actual Startup Time": 2357.845,
      "Actual Total Time": 2479.364,
      "Actual Rows": 1,
      "Actual Loops": 1,
      "Plans": [
        {
          "Node Type": "Gather",
          "Parent Relationship": "Outer",
          "Parallel Aware": false,
          "Startup Cost": 314418.25,
          "Total Cost": 314418.76,
          "Plan Rows": 5,
          "Plan Width": 8,
          "Actual Startup Time": 2353.021,
          "Actual Total Time": 2479.351,
          "Actual Rows": 6,
          "Actual Loops": 1,
          "Workers Planned": 5,
          "Workers Launched": 5,
          "Single Copy": false,
          "Plans": [
            {
              "Node Type": "Aggregate",
              "Strategy": "Plain",
              "Partial Mode": "Partial",
              "Parent Relationship": "Outer",
              "Parallel Aware": false,
              "Startup Cost": 313418.25,
              "Total Cost": 313418.26,
              "Plan Rows": 1,
              "Plan Width": 8,
              "Actual Startup Time": 2342.055,
              "Actual Total Time": 2342.058,
              "Actual Rows": 1,
              "Actual Loops": 6,
              "Plans": [
                {
                  "Node Type": "Nested Loop",
                  "Parent Relationship": "Outer",
                  "Parallel Aware": false,
                  "Join Type": "Inner",
                  "Startup Cost": 64109.79,
                  "Total Cost": 310848.45,
                  "Plan Rows": 1027920,
                  "Plan Width": 0,
                  "Actual Startup Time": 211.082,
                  "Actual Total Time": 2254.786,
                  "Actual Rows": 1726902,
                  "Actual Loops": 6,
                  "Inner Unique": false,
                  "Plans": [
                    {
                      "Node Type": "Merge Join",
                      "Parent Relationship": "Outer",
                      "Parallel Aware": false,
                      "Join Type": "Inner",
                      "Startup Cost": 64109.23,
                      "Total Cost": 157920.5,
                      "Plan Rows": 71694,
                      "Plan Width": 8,
                      "Actual Startup Time": 210.976,
                      "Actual Total Time": 605.775,
                      "Actual Rows": 58582,
                      "Actual Loops": 6,
                      "Inner Unique": false,
                      "Merge Cond": "(t.id = mc.movie_id)",
                      "Plans": [
                        {
                          "Node Type": "Index Only Scan",
                          "Parent Relationship": "Outer",
                          "Parallel Aware": true,
                          "Scan Direction": "Forward",
                          "Index Name": "title_pkey",
                          "Relation Name": "title",
                          "Alias": "t",
                          "Startup Cost": 0.43,
                          "Total Cost": 90125.02,
                          "Plan Rows": 505685,
                          "Plan Width": 4,
                          "Actual Startup Time": 0.153,
                          "Actual Total Time": 318.749,
                          "Actual Rows": 420946,
                          "Actual Loops": 6,
                          "Heap Fetches": 2525673
                        },
                        {
                          "Node Type": "Sort",
                          "Parent Relationship": "Inner",
                          "Parallel Aware": false,
                          "Startup Cost": 64108.74,
                          "Total Cost": 65004.91,
                          "Plan Rows": 358468,
                          "Plan Width": 4,
                          "Actual Startup Time": 210.604,
                          "Actual Total Time": 231.8,
                          "Actual Rows": 351495,
                          "Actual Loops": 6,
                          "Sort Key": [
                            "mc.movie_id"
                          ],
                          "Sort Method": "quicksort",
                          "Sort Space Used": 28765,
                          "Sort Space Type": "Memory",
                          "Workers": [
                            {
                              "Worker Number": 0,
                              "Sort Method": "quicksort",
                              "Sort Space Used": 28765,
                              "Sort Space Type": "Memory"
                            },
                            {
                              "Worker Number": 1,
                              "Sort Method": "quicksort",
                              "Sort Space Used": 28765,
                              "Sort Space Type": "Memory"
                            },
                            {
                              "Worker Number": 2,
                              "Sort Method": "quicksort",
                              "Sort Space Used": 28765,
                              "Sort Space Type": "Memory"
                            },
                            {
                              "Worker Number": 3,
                              "Sort Method": "quicksort",
                              "Sort Space Used": 28765,
                              "Sort Space Type": "Memory"
                            },
                            {
                              "Worker Number": 4,
                              "Sort Method": "quicksort",
                              "Sort Space Used": 28765,
                              "Sort Space Type": "Memory"
                            }
                          ],
                          "Plans": [
                            {
                              "Node Type": "Bitmap Heap Scan",
                              "Parent Relationship": "Outer",
                              "Parallel Aware": false,
                              "Relation Name": "movie_companies",
                              "Alias": "mc",
                              "Startup Cost": 7766.56,
                              "Total Cost": 31037.41,
                              "Plan Rows": 358468,
                              "Plan Width": 4,
                              "Actual Startup Time": 35.376,
                              "Actual Total Time": 117.569,
                              "Actual Rows": 351495,
                              "Actual Loops": 6,
                              "Recheck Cond": "(company_id < 169)",
                              "Rows Removed by Index Recheck": 0,
                              "Exact Heap Blocks": 17705,
                              "Lossy Heap Blocks": 0,
                              "Plans": [
                                {
                                  "Node Type": "Bitmap Index Scan",
                                  "Parent Relationship": "Outer",
                                  "Parallel Aware": false,
                                  "Index Name": "company_id_movie_companies",
                                  "Startup Cost": 0.0,
                                  "Total Cost": 7676.94,
                                  "Plan Rows": 358468,
                                  "Plan Width": 0,
                                  "Actual Startup Time": 32.596,
                                  "Actual Total Time": 32.596,
                                  "Actual Rows": 351495,
                                  "Actual Loops": 6,
                                  "Index Cond": "(company_id < 169)"
                                }
                              ]
                            }
                          ]
                        }
                      ]
                    },
                    {
                      "Node Type": "Index Only Scan",
                      "Parent Relationship": "Inner",
                      "Parallel Aware": false,
                      "Scan Direction": "Forward",
                      "Index Name": "movie_id_cast_info",
                      "Relation Name": "cast_info",
                      "Alias": "ci",
                      "Startup Cost": 0.56,
                      "Total Cost": 1.78,
                      "Plan Rows": 35,
                      "Plan Width": 4,
                      "Actual Startup Time": 0.005,
                      "Actual Total Time": 0.026,
                      "Actual Rows": 29,
                      "Actual Loops": 351495,
                      "Index Cond": "(movie_id = t.id)",
                      "Rows Removed by Index Recheck": 0,
                      "Heap Fetches": 10361411
                    }
                  ]
                }
              ]
            }
          ]
        }
      ]
    },
    "Planning Time": 1.48,
    "Triggers": [],
    "Execution Time": 2485.264
  }
]