[
    {
        "Bao": {
            "Bao prediction": "NaN",
            "Bao recommended hint": "(no hint)"
        }
    },
    {
        "Plan": {
            "Node Type": "Aggregate",
            "Strategy": "Plain",
            "Partial Mode": "Finalize",
            "Parallel Aware": false,
            "Startup Cost": 372790.96,
            "Total Cost": 372790.97,
            "Plan Rows": 1,
            "Plan Width": 8,
            "Actual Startup Time": 1203.625,
            "Actual Total Time": 1226.865,
            "Actual Rows": 1,
            "Actual Loops": 1,
            "Output": [
                "count(*)"
            ],
            "Plans": [
                {
                    "Node Type": "Gather",
                    "Parent Relationship": "Outer",
                    "Parallel Aware": false,
                    "Startup Cost": 372790.33,
                    "Total Cost": 372790.94,
                    "Plan Rows": 6,
                    "Plan Width": 8,
                    "Actual Startup Time": 1194.52,
                    "Actual Total Time": 1226.856,
                    "Actual Rows": 7,
                    "Actual Loops": 1,
                    "Output": [
                        "(PARTIAL count(*))"
                    ],
                    "Workers Planned": 6,
                    "Workers Launched": 6,
                    "Single Copy": false,
                    "Plans": [
                        {
                            "Node Type": "Aggregate",
                            "Strategy": "Plain",
                            "Partial Mode": "Partial",
                            "Parent Relationship": "Outer",
                            "Parallel Aware": false,
                            "Startup Cost": 371790.33,
                            "Total Cost": 371790.34,
                            "Plan Rows": 1,
                            "Plan Width": 8,
                            "Actual Startup Time": 1184.191,
                            "Actual Total Time": 1184.194,
                            "Actual Rows": 1,
                            "Actual Loops": 7,
                            "Output": [
                                "PARTIAL count(*)"
                            ],
                            "Workers": [
                                {
                                    "Worker Number": 0,
                                    "Actual Startup Time": 1181.624,
                                    "Actual Total Time": 1181.628,
                                    "Actual Rows": 1,
                                    "Actual Loops": 1
                                },
                                {
                                    "Worker Number": 1,
                                    "Actual Startup Time": 1181.931,
                                    "Actual Total Time": 1181.933,
                                    "Actual Rows": 1,
                                    "Actual Loops": 1
                                },
                                {
                                    "Worker Number": 2,
                                    "Actual Startup Time": 1183.286,
                                    "Actual Total Time": 1183.29,
                                    "Actual Rows": 1,
                                    "Actual Loops": 1
                                },
                                {
                                    "Worker Number": 3,
                                    "Actual Startup Time": 1182.731,
                                    "Actual Total Time": 1182.733,
                                    "Actual Rows": 1,
                                    "Actual Loops": 1
                                },
                                {
                                    "Worker Number": 4,
                                    "Actual Startup Time": 1182.719,
                                    "Actual Total Time": 1182.722,
                                    "Actual Rows": 1,
                                    "Actual Loops": 1
                                },
                                {
                                    "Worker Number": 5,
                                    "Actual Startup Time": 1182.935,
                                    "Actual Total Time": 1182.938,
                                    "Actual Rows": 1,
                                    "Actual Loops": 1
                                }
                            ],
                            "Plans": [
                                {
                                    "Node Type": "Hash Join",
                                    "Parent Relationship": "Outer",
                                    "Parallel Aware": true,
                                    "Join Type": "Inner",
                                    "Startup Cost": 47010.46,
                                    "Total Cost": 369820.13,
                                    "Plan Rows": 788080,
                                    "Plan Width": 0,
                                    "Actual Startup Time": 128.423,
                                    "Actual Total Time": 1144.476,
                                    "Actual Rows": 740001,
                                    "Actual Loops": 7,
                                    "Inner Unique": true,
                                    "Hash Cond": "(ci.movie_id = t.id)",
                                    "Workers": [
                                        {
                                            "Worker Number": 0,
                                            "Actual Startup Time": 125.804,
                                            "Actual Total Time": 1138.956,
                                            "Actual Rows": 588650,
                                            "Actual Loops": 1
                                        },
                                        {
                                            "Worker Number": 1,
                                            "Actual Startup Time": 126.496,
                                            "Actual Total Time": 1144.301,
                                            "Actual Rows": 840360,
                                            "Actual Loops": 1
                                        },
                                        {
                                            "Worker Number": 2,
                                            "Actual Startup Time": 126.478,
                                            "Actual Total Time": 1140.967,
                                            "Actual Rows": 612634,
                                            "Actual Loops": 1
                                        },
                                        {
                                            "Worker Number": 3,
                                            "Actual Startup Time": 127.234,
                                            "Actual Total Time": 1145.501,
                                            "Actual Rows": 830512,
                                            "Actual Loops": 1
                                        },
                                        {
                                            "Worker Number": 4,
                                            "Actual Startup Time": 127.183,
                                            "Actual Total Time": 1138.68,
                                            "Actual Rows": 612512,
                                            "Actual Loops": 1
                                        },
                                        {
                                            "Worker Number": 5,
                                            "Actual Startup Time": 127.253,
                                            "Actual Total Time": 1146.642,
                                            "Actual Rows": 808379,
                                            "Actual Loops": 1
                                        }
                                    ],
                                    "Plans": [
                                        {
                                            "Node Type": "Index Scan",
                                            "Parent Relationship": "Outer",
                                            "Parallel Aware": true,
                                            "Scan Direction": "Forward",
                                            "Index Name": "role_id_cast_info",
                                            "Relation Name": "cast_info",
                                            "Schema": "public",
                                            "Alias": "ci",
                                            "Startup Cost": 0.56,
                                            "Total Cost": 317556.15,
                                            "Plan Rows": 2001556,
                                            "Plan Width": 4,
                                            "Actual Startup Time": 0.153,
                                            "Actual Total Time": 419.034,
                                            "Actual Rows": 1730521,
                                            "Actual Loops": 7,
                                            "Output": [
                                                "ci.id",
                                                "ci.person_id",
                                                "ci.movie_id",
                                                "ci.person_role_id",
                                                "ci.note",
                                                "ci.nr_order",
                                                "ci.role_id"
                                            ],
                                            "Index Cond": "(ci.role_id > 3)",
                                            "Rows Removed by Index Recheck": 0,
                                            "Workers": [
                                                {
                                                    "Worker Number": 0,
                                                    "Actual Startup Time": 0.059,
                                                    "Actual Total Time": 417.824,
                                                    "Actual Rows": 1372810,
                                                    "Actual Loops": 1
                                                },
                                                {
                                                    "Worker Number": 1,
                                                    "Actual Startup Time": 0.235,
                                                    "Actual Total Time": 426.878,
                                                    "Actual Rows": 1958702,
                                                    "Actual Loops": 1
                                                },
                                                {
                                                    "Worker Number": 2,
                                                    "Actual Startup Time": 0.052,
                                                    "Actual Total Time": 417.708,
                                                    "Actual Rows": 1445959,
                                                    "Actual Loops": 1
                                                },
                                                {
                                                    "Worker Number": 3,
                                                    "Actual Startup Time": 0.246,
                                                    "Actual Total Time": 425.24,
                                                    "Actual Rows": 1939527,
                                                    "Actual Loops": 1
                                                },
                                                {
                                                    "Worker Number": 4,
                                                    "Actual Startup Time": 0.132,
                                                    "Actual Total Time": 436.129,
                                                    "Actual Rows": 1414956,
                                                    "Actual Loops": 1
                                                },
                                                {
                                                    "Worker Number": 5,
                                                    "Actual Startup Time": 0.155,
                                                    "Actual Total Time": 403.115,
                                                    "Actual Rows": 1891353,
                                                    "Actual Loops": 1
                                                }
                                            ]
                                        },
                                        {
                                            "Node Type": "Hash",
                                            "Parent Relationship": "Inner",
                                            "Parallel Aware": true,
                                            "Startup Cost": 43899.01,
                                            "Total Cost": 43899.01,
                                            "Plan Rows": 248871,
                                            "Plan Width": 4,
                                            "Actual Startup Time": 126.343,
                                            "Actual Total Time": 126.344,
                                            "Actual Rows": 140721,
                                            "Actual Loops": 7,
                                            "Output": [
                                                "t.id"
                                            ],
                                            "Hash Buckets": 1048576,
                                            "Original Hash Buckets": 1048576,
                                            "Hash Batches": 1,
                                            "Original Hash Batches": 1,
                                            "Peak Memory Usage": 46816,
                                            "Workers": [
                                                {
                                                    "Worker Number": 0,
                                                    "Actual Startup Time": 125.241,
                                                    "Actual Total Time": 125.243,
                                                    "Actual Rows": 102963,
                                                    "Actual Loops": 1
                                                },
                                                {
                                                    "Worker Number": 1,
                                                    "Actual Startup Time": 125.655,
                                                    "Actual Total Time": 125.656,
                                                    "Actual Rows": 151968,
                                                    "Actual Loops": 1
                                                },
                                                {
                                                    "Worker Number": 2,
                                                    "Actual Startup Time": 125.99,
                                                    "Actual Total Time": 125.991,
                                                    "Actual Rows": 140303,
                                                    "Actual Loops": 1
                                                },
                                                {
                                                    "Worker Number": 3,
                                                    "Actual Startup Time": 126.419,
                                                    "Actual Total Time": 126.419,
                                                    "Actual Rows": 149742,
                                                    "Actual Loops": 1
                                                },
                                                {
                                                    "Worker Number": 4,
                                                    "Actual Startup Time": 126.419,
                                                    "Actual Total Time": 126.42,
                                                    "Actual Rows": 106108,
                                                    "Actual Loops": 1
                                                },
                                                {
                                                    "Worker Number": 5,
                                                    "Actual Startup Time": 126.611,
                                                    "Actual Total Time": 126.612,
                                                    "Actual Rows": 141342,
                                                    "Actual Loops": 1
                                                }
                                            ],
                                            "Plans": [
                                                {
                                                    "Node Type": "Seq Scan",
                                                    "Parent Relationship": "Outer",
                                                    "Parallel Aware": true,
                                                    "Relation Name": "title",
                                                    "Schema": "public",
                                                    "Alias": "t",
                                                    "Startup Cost": 0.0,
                                                    "Total Cost": 43899.01,
                                                    "Plan Rows": 248871,
                                                    "Plan Width": 4,
                                                    "Actual Startup Time": 0.05,
                                                    "Actual Total Time": 72.782,
                                                    "Actual Rows": 140721,
                                                    "Actual Loops": 7,
                                                    "Output": [
                                                        "t.id"
                                                    ],
                                                    "Filter": "(t.kind_id < 7)",
                                                    "Rows Removed by Filter": 220466,
                                                    "Workers": [
                                                        {
                                                            "Worker Number": 0,
                                                            "Actual Startup Time": 0.084,
                                                            "Actual Total Time": 73.395,
                                                            "Actual Rows": 102963,
                                                            "Actual Loops": 1
                                                        },
                                                        {
                                                            "Worker Number": 1,
                                                            "Actual Startup Time": 0.058,
                                                            "Actual Total Time": 72.844,
                                                            "Actual Rows": 151968,
                                                            "Actual Loops": 1
                                                        },
                                                        {
                                                            "Worker Number": 2,
                                                            "Actual Startup Time": 0.052,
                                                            "Actual Total Time": 71.956,
                                                            "Actual Rows": 140303,
                                                            "Actual Loops": 1
                                                        },
                                                        {
                                                            "Worker Number": 3,
                                                            "Actual Startup Time": 0.056,
                                                            "Actual Total Time": 73.704,
                                                            "Actual Rows": 149742,
                                                            "Actual Loops": 1
                                                        },
                                                        {
                                                            "Worker Number": 4,
                                                            "Actual Startup Time": 0.052,
                                                            "Actual Total Time": 75.459,
                                                            "Actual Rows": 106108,
                                                            "Actual Loops": 1
                                                        },
                                                        {
                                                            "Worker Number": 5,
                                                            "Actual Startup Time": 0.041,
                                                            "Actual Total Time": 72.358,
                                                            "Actual Rows": 141342,
                                                            "Actual Loops": 1
                                                        }
                                                    ]
                                                }
                                            ]
                                        }
                                    ]
                                }
                            ]
                        }
                    ]
                }
            ]
        },
        "Planning Time": 182.495,
        "Triggers": [],
        "Execution Time": 1226.929
    }
]