{
  "Plan": {
    "Node Type": "Aggregate",
    "Strategy": "Plain",
    "Partial Mode": "Finalize",
    "Parallel Aware": false,
    "Startup Cost": 96950.51,
    "Total Cost": 96950.52,
    "Plan Rows": 1,
    "Plan Width": 8,
    "Actual Startup Time": 578.045,
    "Actual Total Time": 595.827,
    "Actual Rows": 1,
    "Actual Loops": 1,
    "Plans": [
      {
        "Node Type": "Gather",
        "Parent Relationship": "Outer",
        "Parallel Aware": false,
        "Startup Cost": 96950.4,
        "Total Cost": 96950.51,
        "Plan Rows": 1,
        "Plan Width": 8,
        "Actual Startup Time": 574.26,
        "Actual Total Time": 595.821,
        "Actual Rows": 2,
        "Actual Loops": 1,
        "Workers Planned": 1,
        "Workers Launched": 1,
        "Single Copy": false,
        "Plans": [
          {
            "Node Type": "Aggregate",
            "Strategy": "Plain",
            "Partial Mode": "Partial",
            "Parent Relationship": "Outer",
            "Parallel Aware": false,
            "Startup Cost": 95950.4,
            "Total Cost": 95950.41,
            "Plan Rows": 1,
            "Plan Width": 8,
            "Actual Startup Time": 561.902,
            "Actual Total Time": 561.905,
            "Actual Rows": 1,
            "Actual Loops": 2,
            "Plans": [
              {
                "Node Type": "Hash Join",
                "Parent Relationship": "Outer",
                "Parallel Aware": true,
                "Join Type": "Inner",
                "Startup Cost": 70373.87,
                "Total Cost": 95887.26,
                "Plan Rows": 25255,
                "Plan Width": 0,
                "Actual Startup Time": 534.899,
                "Actual Total Time": 560.852,
                "Actual Rows": 21460,
                "Actual Loops": 2,
                "Inner Unique": true,
                "Hash Cond": "(mk.movie_id = t.id)",
                "Plans": [
                  {
                    "Node Type": "Bitmap Heap Scan",
                    "Parent Relationship": "Outer",
                    "Parallel Aware": true,
                    "Relation Name": "movie_keyword",
                    "Alias": "mk",
                    "Startup Cost": 913.17,
                    "Total Cost": 26360.27,
                    "Plan Rows": 25255,
                    "Plan Width": 4,
                    "Actual Startup Time": 4.378,
                    "Actual Total Time": 22.709,
                    "Actual Rows": 21460,
                    "Actual Loops": 2,
                    "Recheck Cond": "(keyword_id > 103127)",
                    "Rows Removed by Index Recheck": 0,
                    "Exact Heap Blocks": 6988,
                    "Lossy Heap Blocks": 0,
                    "Plans": [
                      {
                        "Node Type": "Bitmap Index Scan",
                        "Parent Relationship": "Outer",
                        "Parallel Aware": false,
                        "Index Name": "keyword_id_movie_keyword",
                        "Startup Cost": 0.0,
                        "Total Cost": 902.44,
                        "Plan Rows": 42934,
                        "Plan Width": 0,
                        "Actual Startup Time": 2.817,
                        "Actual Total Time": 2.818,
                        "Actual Rows": 42919,
                        "Actual Loops": 1,
                        "Index Cond": "(keyword_id > 103127)"
                      }
                    ]
                  },
                  {
                    "Node Type": "Hash",
                    "Parent Relationship": "Inner",
                    "Parallel Aware": true,
                    "Startup Cost": 50870.31,
                    "Total Cost": 50870.31,
                    "Plan Rows": 1487231,
                    "Plan Width": 4,
                    "Actual Startup Time": 509.135,
                    "Actual Total Time": 509.136,
                    "Actual Rows": 1264156,
                    "Actual Loops": 2,
                    "Hash Buckets": 4194304,
                    "Original Hash Buckets": 4194304,
                    "Hash Batches": 1,
                    "Original Hash Batches": 1,
                    "Peak Memory Usage": 131712,
                    "Plans": [
                      {
                        "Node Type": "Seq Scan",
                        "Parent Relationship": "Outer",
                        "Parallel Aware": true,
                        "Relation Name": "title",
                        "Alias": "t",
                        "Startup Cost": 0.0,
                        "Total Cost": 50870.31,
                        "Plan Rows": 1487231,
                        "Plan Width": 4,
                        "Actual Startup Time": 0.019,
                        "Actual Total Time": 151.584,
                        "Actual Rows": 1264156,
                        "Actual Loops": 2
                      }
                    ]
                  }
                ]
              }
            ]
          }
        ]
      }
    ]
  },
  "Planning Time": 0.568,
  "Triggers": [],
  "Execution Time": 595.904
}