[
  {
    "Plan": {
      "Node Type": "Aggregate",
      "Strategy": "Plain",
      "Partial Mode": "Finalize",
      "Parallel Aware": false,
      "Startup Cost": 47262.67,
      "Total Cost": 47262.68,
      "Plan Rows": 1,
      "Plan Width": 8,
      "Actual Startup Time": 173.667,
      "Actual Total Time": 185.794,
      "Actual Rows": 1,
      "Actual Loops": 1,
      "Plans": [
        {
          "Node Type": "Gather",
          "Parent Relationship": "Outer",
          "Parallel Aware": false,
          "Startup Cost": 47262.35,
          "Total Cost": 47262.66,
          "Plan Rows": 3,
          "Plan Width": 8,
          "Actual Startup Time": 173.507,
          "Actual Total Time": 185.787,
          "Actual Rows": 4,
          "Actual Loops": 1,
          "Workers Planned": 3,
          "Workers Launched": 3,
          "Single Copy": false,
          "Plans": [
            {
              "Node Type": "Aggregate",
              "Strategy": "Plain",
              "Partial Mode": "Partial",
              "Parent Relationship": "Outer",
              "Parallel Aware": false,
              "Startup Cost": 46262.35,
              "Total Cost": 46262.36,
              "Plan Rows": 1,
              "Plan Width": 8,
              "Actual Startup Time": 169.468,
              "Actual Total Time": 169.469,
              "Actual Rows": 1,
              "Actual Loops": 4,
              "Plans": [
                {
                  "Node Type": "Seq Scan",
                  "Parent Relationship": "Outer",
                  "Parallel Aware": true,
                  "Relation Name": "movie_keyword",
                  "Alias": "mk",
                  "Startup Cost": 0.0,
                  "Total Cost": 42695.65,
                  "Plan Rows": 1426678,
                  "Plan Width": 0,
                  "Actual Startup Time": 0.031,
                  "Actual Total Time": 120.798,
                  "Actual Rows": 1106064,
                  "Actual Loops": 4,
                  "Filter": "(keyword_id < 82390)",
                  "Rows Removed by Filter": 24919
                }
              ]
            }
          ]
        }
      ]
    },
    "Planning Time": 0.067,
    "Triggers": [],
    "Execution Time": 185.82
  }
]