[
  {
    "Plan": {
      "Node Type": "Aggregate",
      "Strategy": "Plain",
      "Partial Mode": "Finalize",
      "Parallel Aware": false,
      "Startup Cost": 398858.02,
      "Total Cost": 398858.03,
      "Plan Rows": 1,
      "Plan Width": 8,
      "Actual Startup Time": 1325.144,
      "Actual Total Time": 1377.91,
      "Actual Rows": 1,
      "Actual Loops": 1,
      "Plans": [
        {
          "Node Type": "Gather",
          "Parent Relationship": "Outer",
          "Parallel Aware": false,
          "Startup Cost": 398857.4,
          "Total Cost": 398858.01,
          "Plan Rows": 6,
          "Plan Width": 8,
          "Actual Startup Time": 1319.83,
          "Actual Total Time": 1377.893,
          "Actual Rows": 7,
          "Actual Loops": 1,
          "Workers Planned": 6,
          "Workers Launched": 6,
          "Single Copy": false,
          "Plans": [
            {
              "Node Type": "Aggregate",
              "Strategy": "Plain",
              "Partial Mode": "Partial",
              "Parent Relationship": "Outer",
              "Parallel Aware": false,
              "Startup Cost": 397857.4,
              "Total Cost": 397857.41,
              "Plan Rows": 1,
              "Plan Width": 8,
              "Actual Startup Time": 1312.344,
              "Actual Total Time": 1312.347,
              "Actual Rows": 1,
              "Actual Loops": 7,
              "Plans": [
                {
                  "Node Type": "Hash Join",
                  "Parent Relationship": "Outer",
                  "Parallel Aware": true,
                  "Join Type": "Inner",
                  "Startup Cost": 46995.39,
                  "Total Cost": 396691.72,
                  "Plan Rows": 466269,
                  "Plan Width": 0,
                  "Actual Startup Time": 510.706,
                  "Actual Total Time": 1290.121,
                  "Actual Rows": 406416,
                  "Actual Loops": 7,
                  "Inner Unique": true,
                  "Hash Cond": "(ci.movie_id = t.id)",
                  "Plans": [
                    {
                      "Node Type": "Seq Scan",
                      "Parent Relationship": "Outer",
                      "Parallel Aware": true,
                      "Relation Name": "cast_info",
                      "Alias": "ci",
                      "Startup Cost": 0.0,
                      "Total Cost": 343316.27,
                      "Plan Rows": 2430498,
                      "Plan Width": 4,
                      "Actual Startup Time": 388.11,
                      "Actual Total Time": 750.815,
                      "Actual Rows": 1845175,
                      "Actual Loops": 7,
                      "Filter": "((person_id < 3471683) AND (role_id > 2))",
                      "Rows Removed by Filter": 3332588
                    },
                    {
                      "Node Type": "Hash",
                      "Parent Relationship": "Inner",
                      "Parallel Aware": true,
                      "Startup Cost": 45479.59,
                      "Total Cost": 45479.59,
                      "Plan Rows": 121264,
                      "Plan Width": 4,
                      "Actual Startup Time": 120.664,
                      "Actual Total Time": 120.665,
                      "Actual Rows": 71683,
                      "Actual Loops": 7,
                      "Hash Buckets": 524288,
                      "Original Hash Buckets": 524288,
                      "Hash Batches": 1,
                      "Original Hash Batches": 1,
                      "Peak Memory Usage": 23840,
                      "Plans": [
                        {
                          "Node Type": "Seq Scan",
                          "Parent Relationship": "Outer",
                          "Parallel Aware": true,
                          "Relation Name": "title",
                          "Alias": "t",
                          "Startup Cost": 0.0,
                          "Total Cost": 45479.59,
                          "Plan Rows": 121264,
                          "Plan Width": 4,
                          "Actual Startup Time": 0.037,
                          "Actual Total Time": 85.044,
                          "Actual Rows": 71683,
                          "Actual Loops": 7,
                          "Filter": "((kind_id > 1) AND (production_year > 2008))",
                          "Rows Removed by Filter": 289505
                        }
                      ]
                    }
                  ]
                }
              ]
            }
          ]
        }
      ]
    },
    "Planning Time": 0.257,
    "Triggers": [],
    "Execution Time": 1377.96
  }
]