[
  {
    "Plan": {
      "Node Type": "Aggregate",
      "Strategy": "Plain",
      "Partial Mode": "Finalize",
      "Parallel Aware": false,
      "Startup Cost": 333655.6,
      "Total Cost": 333655.61,
      "Plan Rows": 1,
      "Plan Width": 8,
      "Actual Startup Time": 637.382,
      "Actual Total Time": 682.232,
      "Actual Rows": 1,
      "Actual Loops": 1,
      "Plans": [
        {
          "Node Type": "Gather",
          "Parent Relationship": "Outer",
          "Parallel Aware": false,
          "Startup Cost": 333654.97,
          "Total Cost": 333655.58,
          "Plan Rows": 6,
          "Plan Width": 8,
          "Actual Startup Time": 637.172,
          "Actual Total Time": 682.221,
          "Actual Rows": 7,
          "Actual Loops": 1,
          "Workers Planned": 6,
          "Workers Launched": 6,
          "Single Copy": false,
          "Plans": [
            {
              "Node Type": "Aggregate",
              "Strategy": "Plain",
              "Partial Mode": "Partial",
              "Parent Relationship": "Outer",
              "Parallel Aware": false,
              "Startup Cost": 332654.97,
              "Total Cost": 332654.98,
              "Plan Rows": 1,
              "Plan Width": 8,
              "Actual Startup Time": 627.736,
              "Actual Total Time": 627.737,
              "Actual Rows": 1,
              "Actual Loops": 7,
              "Plans": [
                {
                  "Node Type": "Seq Scan",
                  "Parent Relationship": "Outer",
                  "Parallel Aware": true,
                  "Relation Name": "cast_info",
                  "Alias": "ci",
                  "Startup Cost": 0.0,
                  "Total Cost": 328211.39,
                  "Plan Rows": 1777433,
                  "Plan Width": 0,
                  "Actual Startup Time": 0.059,
                  "Actual Total Time": 552.094,
                  "Actual Rows": 1527488,
                  "Actual Loops": 7,
                  "Filter": "(person_id < 1049012)",
                  "Rows Removed by Filter": 3650275
                }
              ]
            }
          ]
        }
      ]
    },
    "Planning Time": 0.106,
    "Triggers": [],
    "Execution Time": 682.283
  }
]