[
    {
        "Bao": {
            "Bao prediction": "NaN",
            "Bao recommended hint": "(no hint)"
        }
    },
    {
        "Plan": {
            "Node Type": "Aggregate",
            "Strategy": "Plain",
            "Partial Mode": "Finalize",
            "Parallel Aware": false,
            "Startup Cost": 33140.6,
            "Total Cost": 33140.61,
            "Plan Rows": 1,
            "Plan Width": 8,
            "Actual Startup Time": 90.158,
            "Actual Total Time": 94.825,
            "Actual Rows": 1,
            "Actual Loops": 1,
            "Output": [
                "count(*)"
            ],
            "Plans": [
                {
                    "Node Type": "Gather",
                    "Parent Relationship": "Outer",
                    "Parallel Aware": false,
                    "Startup Cost": 33140.29,
                    "Total Cost": 33140.6,
                    "Plan Rows": 3,
                    "Plan Width": 8,
                    "Actual Startup Time": 90.079,
                    "Actual Total Time": 94.819,
                    "Actual Rows": 4,
                    "Actual Loops": 1,
                    "Output": [
                        "(PARTIAL count(*))"
                    ],
                    "Workers Planned": 3,
                    "Workers Launched": 3,
                    "Single Copy": false,
                    "Plans": [
                        {
                            "Node Type": "Aggregate",
                            "Strategy": "Plain",
                            "Partial Mode": "Partial",
                            "Parent Relationship": "Outer",
                            "Parallel Aware": false,
                            "Startup Cost": 32140.29,
                            "Total Cost": 32140.3,
                            "Plan Rows": 1,
                            "Plan Width": 8,
                            "Actual Startup Time": 81.933,
                            "Actual Total Time": 81.934,
                            "Actual Rows": 1,
                            "Actual Loops": 4,
                            "Output": [
                                "PARTIAL count(*)"
                            ],
                            "Workers": [
                                {
                                    "Worker Number": 0,
                                    "Actual Startup Time": 78.821,
                                    "Actual Total Time": 78.822,
                                    "Actual Rows": 1,
                                    "Actual Loops": 1
                                },
                                {
                                    "Worker Number": 1,
                                    "Actual Startup Time": 79.418,
                                    "Actual Total Time": 79.419,
                                    "Actual Rows": 1,
                                    "Actual Loops": 1
                                },
                                {
                                    "Worker Number": 2,
                                    "Actual Startup Time": 79.658,
                                    "Actual Total Time": 79.66,
                                    "Actual Rows": 1,
                                    "Actual Loops": 1
                                }
                            ],
                            "Plans": [
                                {
                                    "Node Type": "Seq Scan",
                                    "Parent Relationship": "Outer",
                                    "Parallel Aware": true,
                                    "Relation Name": "movie_companies",
                                    "Schema": "public",
                                    "Alias": "mc",
                                    "Startup Cost": 0.0,
                                    "Total Cost": 31414.82,
                                    "Plan Rows": 290187,
                                    "Plan Width": 0,
                                    "Actual Startup Time": 41.453,
                                    "Actual Total Time": 75.119,
                                    "Actual Rows": 145117,
                                    "Actual Loops": 4,
                                    "Output": [
                                        "id",
                                        "movie_id",
                                        "company_id",
                                        "company_type_id",
                                        "note"
                                    ],
                                    "Filter": "((mc.company_id < 25414) AND (mc.company_type_id = 2))",
                                    "Rows Removed by Filter": 507165,
                                    "Workers": [
                                        {
                                            "Worker Number": 0,
                                            "Actual Startup Time": 38.339,
                                            "Actual Total Time": 72.626,
                                            "Actual Rows": 148111,
                                            "Actual Loops": 1
                                        },
                                        {
                                            "Worker Number": 1,
                                            "Actual Startup Time": 38.932,
                                            "Actual Total Time": 72.99,
                                            "Actual Rows": 154527,
                                            "Actual Loops": 1
                                        },
                                        {
                                            "Worker Number": 2,
                                            "Actual Startup Time": 39.188,
                                            "Actual Total Time": 73.169,
                                            "Actual Rows": 96080,
                                            "Actual Loops": 1
                                        }
                                    ]
                                }
                            ]
                        }
                    ]
                }
            ]
        },
        "Planning Time": 176.931,
        "Triggers": [],
        "Execution Time": 94.867
    }
]