[
  {
    "Plan": {
      "Node Type": "Aggregate",
      "Strategy": "Plain",
      "Partial Mode": "Finalize",
      "Parallel Aware": false,
      "Startup Cost": 92105.45,
      "Total Cost": 92105.46,
      "Plan Rows": 1,
      "Plan Width": 8,
      "Actual Startup Time": 383.566,
      "Actual Total Time": 402.055,
      "Actual Rows": 1,
      "Actual Loops": 1,
      "Plans": [
        {
          "Node Type": "Gather",
          "Parent Relationship": "Outer",
          "Parallel Aware": false,
          "Startup Cost": 92105.13,
          "Total Cost": 92105.44,
          "Plan Rows": 3,
          "Plan Width": 8,
          "Actual Startup Time": 379.065,
          "Actual Total Time": 402.046,
          "Actual Rows": 4,
          "Actual Loops": 1,
          "Workers Planned": 3,
          "Workers Launched": 3,
          "Single Copy": false,
          "Plans": [
            {
              "Node Type": "Aggregate",
              "Strategy": "Plain",
              "Partial Mode": "Partial",
              "Parent Relationship": "Outer",
              "Parallel Aware": false,
              "Startup Cost": 91105.13,
              "Total Cost": 91105.14,
              "Plan Rows": 1,
              "Plan Width": 8,
              "Actual Startup Time": 371.585,
              "Actual Total Time": 371.591,
              "Actual Rows": 1,
              "Actual Loops": 4,
              "Plans": [
                {
                  "Node Type": "Hash Join",
                  "Parent Relationship": "Outer",
                  "Parallel Aware": true,
                  "Join Type": "Inner",
                  "Startup Cost": 45624.06,
                  "Total Cost": 90625.73,
                  "Plan Rows": 191759,
                  "Plan Width": 0,
                  "Actual Startup Time": 161.673,
                  "Actual Total Time": 362.088,
                  "Actual Rows": 213876,
                  "Actual Loops": 4,
                  "Inner Unique": true,
                  "Hash Cond": "(mk.movie_id = t.id)",
                  "Plans": [
                    {
                      "Node Type": "Seq Scan",
                      "Parent Relationship": "Outer",
                      "Parallel Aware": true,
                      "Relation Name": "movie_keyword",
                      "Alias": "mk",
                      "Startup Cost": 0.0,
                      "Total Cost": 42695.65,
                      "Plan Rows": 878483,
                      "Plan Width": 4,
                      "Actual Startup Time": 0.027,
                      "Actual Total Time": 112.096,
                      "Actual Rows": 683090,
                      "Actual Loops": 4,
                      "Filter": "(keyword_id < 7766)",
                      "Rows Removed by Filter": 447892
                    },
                    {
                      "Node Type": "Hash",
                      "Parent Relationship": "Inner",
                      "Parallel Aware": true,
                      "Startup Cost": 43899.32,
                      "Total Cost": 43899.32,
                      "Plan Rows": 137979,
                      "Plan Width": 4,
                      "Actual Startup Time": 156.864,
                      "Actual Total Time": 156.865,
                      "Actual Rows": 142112,
                      "Actual Loops": 4,
                      "Hash Buckets": 1048576,
                      "Original Hash Buckets": 1048576,
                      "Hash Batches": 1,
                      "Original Hash Batches": 1,
                      "Peak Memory Usage": 30496,
                      "Plans": [
                        {
                          "Node Type": "Seq Scan",
                          "Parent Relationship": "Outer",
                          "Parallel Aware": true,
                          "Relation Name": "title",
                          "Alias": "t",
                          "Startup Cost": 0.0,
                          "Total Cost": 43899.32,
                          "Plan Rows": 137979,
                          "Plan Width": 4,
                          "Actual Startup Time": 0.04,
                          "Actual Total Time": 96.795,
                          "Actual Rows": 142112,
                          "Actual Loops": 4,
                          "Filter": "(production_year < 1984)",
                          "Rows Removed by Filter": 489966
                        }
                      ]
                    }
                  ]
                }
              ]
            }
          ]
        }
      ]
    },
    "Planning Time": 0.405,
    "Triggers": [],
    "Execution Time": 402.147
  }
]