[
  {
    "Plan": {
      "Node Type": "Aggregate",
      "Strategy": "Plain",
      "Partial Mode": "Finalize",
      "Parallel Aware": false,
      "Startup Cost": 78413.7,
      "Total Cost": 78413.71,
      "Plan Rows": 1,
      "Plan Width": 8,
      "Actual Startup Time": 136.164,
      "Actual Total Time": 151.5,
      "Actual Rows": 1,
      "Actual Loops": 1,
      "Plans": [
        {
          "Node Type": "Gather",
          "Parent Relationship": "Outer",
          "Parallel Aware": false,
          "Startup Cost": 78413.28,
          "Total Cost": 78413.69,
          "Plan Rows": 4,
          "Plan Width": 8,
          "Actual Startup Time": 136.018,
          "Actual Total Time": 151.491,
          "Actual Rows": 5,
          "Actual Loops": 1,
          "Workers Planned": 4,
          "Workers Launched": 4,
          "Single Copy": false,
          "Plans": [
            {
              "Node Type": "Aggregate",
              "Strategy": "Plain",
              "Partial Mode": "Partial",
              "Parent Relationship": "Outer",
              "Parallel Aware": false,
              "Startup Cost": 77413.28,
              "Total Cost": 77413.29,
              "Plan Rows": 1,
              "Plan Width": 8,
              "Actual Startup Time": 125.204,
              "Actual Total Time": 125.206,
              "Actual Rows": 1,
              "Actual Loops": 5,
              "Plans": [
                {
                  "Node Type": "Nested Loop",
                  "Parent Relationship": "Outer",
                  "Parallel Aware": false,
                  "Join Type": "Inner",
                  "Startup Cost": 0.43,
                  "Total Cost": 77406.9,
                  "Plan Rows": 2554,
                  "Plan Width": 0,
                  "Actual Startup Time": 64.755,
                  "Actual Total Time": 125.082,
                  "Actual Rows": 869,
                  "Actual Loops": 5,
                  "Inner Unique": false,
                  "Plans": [
                    {
                      "Node Type": "Seq Scan",
                      "Parent Relationship": "Outer",
                      "Parallel Aware": true,
                      "Relation Name": "title",
                      "Alias": "t",
                      "Startup Cost": 0.0,
                      "Total Cost": 45479.1,
                      "Plan Rows": 7334,
                      "Plan Width": 4,
                      "Actual Startup Time": 62.442,
                      "Actual Total Time": 96.343,
                      "Actual Rows": 3223,
                      "Actual Loops": 5,
                      "Filter": "((kind_id = 1) AND (production_year = 2006))",
                      "Rows Removed by Filter": 502439
                    },
                    {
                      "Node Type": "Index Scan",
                      "Parent Relationship": "Inner",
                      "Parallel Aware": false,
                      "Scan Direction": "Forward",
                      "Index Name": "movie_id_movie_companies",
                      "Relation Name": "movie_companies",
                      "Alias": "mc",
                      "Startup Cost": 0.43,
                      "Total Cost": 4.33,
                      "Plan Rows": 2,
                      "Plan Width": 4,
                      "Actual Startup Time": 0.008,
                      "Actual Total Time": 0.008,
                      "Actual Rows": 0,
                      "Actual Loops": 16117,
                      "Index Cond": "(movie_id = t.id)",
                      "Rows Removed by Index Recheck": 0,
                      "Filter": "((company_id < 22223) AND (company_type_id = 2))",
                      "Rows Removed by Filter": 2
                    }
                  ]
                }
              ]
            }
          ]
        }
      ]
    },
    "Planning Time": 0.752,
    "Triggers": [],
    "Execution Time": 151.582
  }
]