[
  {
    "Plan": {
      "Node Type": "Aggregate",
      "Strategy": "Plain",
      "Partial Mode": "Finalize",
      "Parallel Aware": false,
      "Startup Cost": 92190.66,
      "Total Cost": 92190.67,
      "Plan Rows": 1,
      "Plan Width": 8,
      "Actual Startup Time": 400.021,
      "Actual Total Time": 417.14,
      "Actual Rows": 1,
      "Actual Loops": 1,
      "Plans": [
        {
          "Node Type": "Gather",
          "Parent Relationship": "Outer",
          "Parallel Aware": false,
          "Startup Cost": 92190.34,
          "Total Cost": 92190.65,
          "Plan Rows": 3,
          "Plan Width": 8,
          "Actual Startup Time": 396.189,
          "Actual Total Time": 417.125,
          "Actual Rows": 4,
          "Actual Loops": 1,
          "Workers Planned": 3,
          "Workers Launched": 3,
          "Single Copy": false,
          "Plans": [
            {
              "Node Type": "Aggregate",
              "Strategy": "Plain",
              "Partial Mode": "Partial",
              "Parent Relationship": "Outer",
              "Parallel Aware": false,
              "Startup Cost": 91190.34,
              "Total Cost": 91190.35,
              "Plan Rows": 1,
              "Plan Width": 8,
              "Actual Startup Time": 387.487,
              "Actual Total Time": 387.49,
              "Actual Rows": 1,
              "Actual Loops": 4,
              "Plans": [
                {
                  "Node Type": "Hash Join",
                  "Parent Relationship": "Outer",
                  "Parallel Aware": true,
                  "Join Type": "Inner",
                  "Startup Cost": 46982.15,
                  "Total Cost": 90780.57,
                  "Plan Rows": 163910,
                  "Plan Width": 0,
                  "Actual Startup Time": 205.935,
                  "Actual Total Time": 375.147,
                  "Actual Rows": 274426,
                  "Actual Loops": 4,
                  "Inner Unique": true,
                  "Hash Cond": "(mk.movie_id = t.id)",
                  "Plans": [
                    {
                      "Node Type": "Seq Scan",
                      "Parent Relationship": "Outer",
                      "Parallel Aware": true,
                      "Relation Name": "movie_keyword",
                      "Alias": "mk",
                      "Startup Cost": 0.0,
                      "Total Cost": 42695.65,
                      "Plan Rows": 420102,
                      "Plan Width": 4,
                      "Actual Startup Time": 0.956,
                      "Actual Total Time": 98.654,
                      "Actual Rows": 325780,
                      "Actual Loops": 4,
                      "Filter": "(keyword_id > 13504)",
                      "Rows Removed by Filter": 805202
                    },
                    {
                      "Node Type": "Hash",
                      "Parent Relationship": "Inner",
                      "Parallel Aware": true,
                      "Startup Cost": 43899.32,
                      "Total Cost": 43899.32,
                      "Plan Rows": 246626,
                      "Plan Width": 4,
                      "Actual Startup Time": 199.505,
                      "Actual Total Time": 199.506,
                      "Actual Rows": 246262,
                      "Actual Loops": 4,
                      "Hash Buckets": 1048576,
                      "Original Hash Buckets": 1048576,
                      "Hash Batches": 1,
                      "Original Hash Batches": 1,
                      "Peak Memory Usage": 46784,
                      "Plans": [
                        {
                          "Node Type": "Seq Scan",
                          "Parent Relationship": "Outer",
                          "Parallel Aware": true,
                          "Relation Name": "title",
                          "Alias": "t",
                          "Startup Cost": 0.0,
                          "Total Cost": 43899.32,
                          "Plan Rows": 246626,
                          "Plan Width": 4,
                          "Actual Startup Time": 0.046,
                          "Actual Total Time": 108.851,
                          "Actual Rows": 246262,
                          "Actual Loops": 4,
                          "Filter": "(kind_id < 7)",
                          "Rows Removed by Filter": 385816
                        }
                      ]
                    }
                  ]
                }
              ]
            }
          ]
        }
      ]
    },
    "Planning Time": 0.596,
    "Triggers": [],
    "Execution Time": 417.208
  }
]