[
    {
        "Bao": {
            "Bao prediction": 424.399,
            "Bao recommended hint": "(no hint)"
        }
    },
    {
        "Plan": {
            "Node Type": "Aggregate",
            "Strategy": "Plain",
            "Partial Mode": "Simple",
            "Parallel Aware": false,
            "Startup Cost": 19236.66,
            "Total Cost": 19236.67,
            "Plan Rows": 1,
            "Plan Width": 96,
            "Actual Startup Time": 652.114,
            "Actual Total Time": 670.698,
            "Actual Rows": 1,
            "Actual Loops": 1,
            "Output": [
                "min(cn.name)",
                "min(miidx.info)",
                "min(t.title)"
            ],
            "Plans": [
                {
                    "Node Type": "Nested Loop",
                    "Parent Relationship": "Outer",
                    "Parallel Aware": false,
                    "Join Type": "Inner",
                    "Startup Cost": 1004.54,
                    "Total Cost": 19236.66,
                    "Plan Rows": 1,
                    "Plan Width": 41,
                    "Actual Startup Time": 651.952,
                    "Actual Total Time": 670.681,
                    "Actual Rows": 7,
                    "Actual Loops": 1,
                    "Output": [
                        "cn.name",
                        "miidx.info",
                        "t.title"
                    ],
                    "Inner Unique": true,
                    "Plans": [
                        {
                            "Node Type": "Nested Loop",
                            "Parent Relationship": "Outer",
                            "Parallel Aware": false,
                            "Join Type": "Inner",
                            "Startup Cost": 1004.4,
                            "Total Cost": 19236.47,
                            "Plan Rows": 1,
                            "Plan Width": 45,
                            "Actual Startup Time": 651.821,
                            "Actual Total Time": 670.585,
                            "Actual Rows": 31,
                            "Actual Loops": 1,
                            "Output": [
                                "cn.name",
                                "mi.info_type_id",
                                "miidx.info",
                                "t.title"
                            ],
                            "Inner Unique": false,
                            "Join Filter": "(t.id = mi.movie_id)",
                            "Rows Removed by Join Filter": 0,
                            "Plans": [
                                {
                                    "Node Type": "Nested Loop",
                                    "Parent Relationship": "Outer",
                                    "Parallel Aware": false,
                                    "Join Type": "Inner",
                                    "Startup Cost": 1003.97,
                                    "Total Cost": 19234.48,
                                    "Plan Rows": 1,
                                    "Plan Width": 53,
                                    "Actual Startup Time": 651.758,
                                    "Actual Total Time": 670.334,
                                    "Actual Rows": 1,
                                    "Actual Loops": 1,
                                    "Output": [
                                        "cn.name",
                                        "mc.movie_id",
                                        "miidx.info",
                                        "miidx.movie_id",
                                        "t.title",
                                        "t.id"
                                    ],
                                    "Inner Unique": true,
                                    "Plans": [
                                        {
                                            "Node Type": "Gather",
                                            "Parent Relationship": "Outer",
                                            "Parallel Aware": false,
                                            "Startup Cost": 1003.84,
                                            "Total Cost": 19234.31,
                                            "Plan Rows": 1,
                                            "Plan Width": 57,
                                            "Actual Startup Time": 651.731,
                                            "Actual Total Time": 670.304,
                                            "Actual Rows": 1,
                                            "Actual Loops": 1,
                                            "Output": [
                                                "cn.name",
                                                "mc.movie_id",
                                                "mc.company_type_id",
                                                "miidx.info",
                                                "miidx.movie_id",
                                                "t.title",
                                                "t.id"
                                            ],
                                            "Workers Planned": 2,
                                            "Workers Launched": 2,
                                            "Single Copy": false,
                                            "Plans": [
                                                {
                                                    "Node Type": "Nested Loop",
                                                    "Parent Relationship": "Outer",
                                                    "Parallel Aware": false,
                                                    "Join Type": "Inner",
                                                    "Startup Cost": 3.84,
                                                    "Total Cost": 18234.21,
                                                    "Plan Rows": 1,
                                                    "Plan Width": 57,
                                                    "Actual Startup Time": 603.865,
                                                    "Actual Total Time": 641.971,
                                                    "Actual Rows": 0,
                                                    "Actual Loops": 3,
                                                    "Output": [
                                                        "cn.name",
                                                        "mc.movie_id",
                                                        "mc.company_type_id",
                                                        "miidx.info",
                                                        "miidx.movie_id",
                                                        "t.title",
                                                        "t.id"
                                                    ],
                                                    "Inner Unique": true,
                                                    "Workers": [
                                                        {
                                                            "Worker Number": 0,
                                                            "Actual Startup Time": 523.593,
                                                            "Actual Total Time": 637.9,
                                                            "Actual Rows": 1,
                                                            "Actual Loops": 1
                                                        },
                                                        {
                                                            "Worker Number": 1,
                                                            "Actual Startup Time": 637.943,
                                                            "Actual Total Time": 637.947,
                                                            "Actual Rows": 0,
                                                            "Actual Loops": 1
                                                        }
                                                    ],
                                                    "Plans": [
                                                        {
                                                            "Node Type": "Nested Loop",
                                                            "Parent Relationship": "Outer",
                                                            "Parallel Aware": false,
                                                            "Join Type": "Inner",
                                                            "Startup Cost": 3.42,
                                                            "Total Cost": 18233.76,
                                                            "Plan Rows": 1,
                                                            "Plan Width": 42,
                                                            "Actual Startup Time": 311.547,
                                                            "Actual Total Time": 641.438,
                                                            "Actual Rows": 36,
                                                            "Actual Loops": 3,
                                                            "Output": [
                                                                "miidx.info",
                                                                "miidx.movie_id",
                                                                "mc.movie_id",
                                                                "mc.company_id",
                                                                "mc.company_type_id",
                                                                "t.title",
                                                                "t.id"
                                                            ],
                                                            "Inner Unique": false,
                                                            "Join Filter": "(t.id = mc.movie_id)",
                                                            "Rows Removed by Join Filter": 0,
                                                            "Workers": [
                                                                {
                                                                    "Worker Number": 0,
                                                                    "Actual Startup Time": 277.676,
                                                                    "Actual Total Time": 637.164,
                                                                    "Actual Rows": 33,
                                                                    "Actual Loops": 1
                                                                },
                                                                {
                                                                    "Worker Number": 1,
                                                                    "Actual Startup Time": 329.111,
                                                                    "Actual Total Time": 637.32,
                                                                    "Actual Rows": 60,
                                                                    "Actual Loops": 1
                                                                }
                                                            ],
                                                            "Plans": [
                                                                {
                                                                    "Node Type": "Nested Loop",
                                                                    "Parent Relationship": "Outer",
                                                                    "Parallel Aware": false,
                                                                    "Join Type": "Inner",
                                                                    "Startup Cost": 2.99,
                                                                    "Total Cost": 18233.1,
                                                                    "Plan Rows": 1,
                                                                    "Plan Width": 30,
                                                                    "Actual Startup Time": 311.454,
                                                                    "Actual Total Time": 640.846,
                                                                    "Actual Rows": 18,
                                                                    "Actual Loops": 3,
                                                                    "Output": [
                                                                        "miidx.info",
                                                                        "miidx.movie_id",
                                                                        "t.title",
                                                                        "t.id"
                                                                    ],
                                                                    "Inner Unique": true,
                                                                    "Workers": [
                                                                        {
                                                                            "Worker Number": 0,
                                                                            "Actual Startup Time": 277.554,
                                                                            "Actual Total Time": 636.313,
                                                                            "Actual Rows": 17,
                                                                            "Actual Loops": 1
                                                                        },
                                                                        {
                                                                            "Worker Number": 1,
                                                                            "Actual Startup Time": 329.021,
                                                                            "Actual Total Time": 636.768,
                                                                            "Actual Rows": 26,
                                                                            "Actual Loops": 1
                                                                        }
                                                                    ],
                                                                    "Plans": [
                                                                        {
                                                                            "Node Type": "Nested Loop",
                                                                            "Parent Relationship": "Outer",
                                                                            "Parallel Aware": false,
                                                                            "Join Type": "Inner",
                                                                            "Startup Cost": 2.86,
                                                                            "Total Cost": 18232.88,
                                                                            "Plan Rows": 1,
                                                                            "Plan Width": 34,
                                                                            "Actual Startup Time": 6.871,
                                                                            "Actual Total Time": 640.495,
                                                                            "Actual Rows": 117,
                                                                            "Actual Loops": 3,
                                                                            "Output": [
                                                                                "miidx.info",
                                                                                "miidx.movie_id",
                                                                                "t.title",
                                                                                "t.id",
                                                                                "t.kind_id"
                                                                            ],
                                                                            "Inner Unique": true,
                                                                            "Workers": [
                                                                                {
                                                                                    "Worker Number": 0,
                                                                                    "Actual Startup Time": 5.716,
                                                                                    "Actual Total Time": 635.958,
                                                                                    "Actual Rows": 106,
                                                                                    "Actual Loops": 1
                                                                                },
                                                                                {
                                                                                    "Worker Number": 1,
                                                                                    "Actual Startup Time": 6.911,
                                                                                    "Actual Total Time": 636.348,
                                                                                    "Actual Rows": 154,
                                                                                    "Actual Loops": 1
                                                                                }
                                                                            ],
                                                                            "Plans": [
                                                                                {
                                                                                    "Node Type": "Hash Join",
                                                                                    "Parent Relationship": "Outer",
                                                                                    "Parallel Aware": false,
                                                                                    "Join Type": "Inner",
                                                                                    "Startup Cost": 2.43,
                                                                                    "Total Cost": 15253.6,
                                                                                    "Plan Rows": 5089,
                                                                                    "Plan Width": 9,
                                                                                    "Actual Startup Time": 0.556,
                                                                                    "Actual Total Time": 149.131,
                                                                                    "Actual Rows": 153308,
                                                                                    "Actual Loops": 3,
                                                                                    "Output": [
                                                                                        "miidx.info",
                                                                                        "miidx.movie_id"
                                                                                    ],
                                                                                    "Inner Unique": true,
                                                                                    "Hash Cond": "(miidx.info_type_id = it.id)",
                                                                                    "Workers": [
                                                                                        {
                                                                                            "Worker Number": 0,
                                                                                            "Actual Startup Time": 0.716,
                                                                                            "Actual Total Time": 148.76,
                                                                                            "Actual Rows": 152655,
                                                                                            "Actual Loops": 1
                                                                                        },
                                                                                        {
                                                                                            "Worker Number": 1,
                                                                                            "Actual Startup Time": 0.736,
                                                                                            "Actual Total Time": 149.373,
                                                                                            "Actual Rows": 152766,
                                                                                            "Actual Loops": 1
                                                                                        }
                                                                                    ],
                                                                                    "Plans": [
                                                                                        {
                                                                                            "Node Type": "Seq Scan",
                                                                                            "Parent Relationship": "Outer",
                                                                                            "Parallel Aware": true,
                                                                                            "Relation Name": "movie_info_idx",
                                                                                            "Schema": "public",
                                                                                            "Alias": "miidx",
                                                                                            "Startup Cost": 0.0,
                                                                                            "Total Cost": 13685.15,
                                                                                            "Plan Rows": 575015,
                                                                                            "Plan Width": 13,
                                                                                            "Actual Startup Time": 0.049,
                                                                                            "Actual Total Time": 57.977,
                                                                                            "Actual Rows": 460012,
                                                                                            "Actual Loops": 3,
                                                                                            "Output": [
                                                                                                "miidx.id",
                                                                                                "miidx.movie_id",
                                                                                                "miidx.info_type_id",
                                                                                                "miidx.info",
                                                                                                "miidx.note"
                                                                                            ],
                                                                                            "Workers": [
                                                                                                {
                                                                                                    "Worker Number": 0,
                                                                                                    "Actual Startup Time": 0.059,
                                                                                                    "Actual Total Time": 57.778,
                                                                                                    "Actual Rows": 458132,
                                                                                                    "Actual Loops": 1
                                                                                                },
                                                                                                {
                                                                                                    "Worker Number": 1,
                                                                                                    "Actual Startup Time": 0.07,
                                                                                                    "Actual Total Time": 57.797,
                                                                                                    "Actual Rows": 458277,
                                                                                                    "Actual Loops": 1
                                                                                                }
                                                                                            ]
                                                                                        },
                                                                                        {
                                                                                            "Node Type": "Hash",
                                                                                            "Parent Relationship": "Inner",
                                                                                            "Parallel Aware": false,
                                                                                            "Startup Cost": 2.41,
                                                                                            "Total Cost": 2.41,
                                                                                            "Plan Rows": 1,
                                                                                            "Plan Width": 4,
                                                                                            "Actual Startup Time": 0.101,
                                                                                            "Actual Total Time": 0.102,
                                                                                            "Actual Rows": 1,
                                                                                            "Actual Loops": 3,
                                                                                            "Output": [
                                                                                                "it.id"
                                                                                            ],
                                                                                            "Hash Buckets": 1024,
                                                                                            "Original Hash Buckets": 1024,
                                                                                            "Hash Batches": 1,
                                                                                            "Original Hash Batches": 1,
                                                                                            "Peak Memory Usage": 9,
                                                                                            "Workers": [
                                                                                                {
                                                                                                    "Worker Number": 0,
                                                                                                    "Actual Startup Time": 0.116,
                                                                                                    "Actual Total Time": 0.117,
                                                                                                    "Actual Rows": 1,
                                                                                                    "Actual Loops": 1
                                                                                                },
                                                                                                {
                                                                                                    "Worker Number": 1,
                                                                                                    "Actual Startup Time": 0.123,
                                                                                                    "Actual Total Time": 0.124,
                                                                                                    "Actual Rows": 1,
                                                                                                    "Actual Loops": 1
                                                                                                }
                                                                                            ],
                                                                                            "Plans": [
                                                                                                {
                                                                                                    "Node Type": "Seq Scan",
                                                                                                    "Parent Relationship": "Outer",
                                                                                                    "Parallel Aware": false,
                                                                                                    "Relation Name": "info_type",
                                                                                                    "Schema": "public",
                                                                                                    "Alias": "it",
                                                                                                    "Startup Cost": 0.0,
                                                                                                    "Total Cost": 2.41,
                                                                                                    "Plan Rows": 1,
                                                                                                    "Plan Width": 4,
                                                                                                    "Actual Startup Time": 0.072,
                                                                                                    "Actual Total Time": 0.078,
                                                                                                    "Actual Rows": 1,
                                                                                                    "Actual Loops": 3,
                                                                                                    "Output": [
                                                                                                        "it.id"
                                                                                                    ],
                                                                                                    "Filter": "((it.info)::text = 'rating'::text)",
                                                                                                    "Rows Removed by Filter": 112,
                                                                                                    "Workers": [
                                                                                                        {
                                                                                                            "Worker Number": 0,
                                                                                                            "Actual Startup Time": 0.081,
                                                                                                            "Actual Total Time": 0.087,
                                                                                                            "Actual Rows": 1,
                                                                                                            "Actual Loops": 1
                                                                                                        },
                                                                                                        {
                                                                                                            "Worker Number": 1,
                                                                                                            "Actual Startup Time": 0.09,
                                                                                                            "Actual Total Time": 0.096,
                                                                                                            "Actual Rows": 1,
                                                                                                            "Actual Loops": 1
                                                                                                        }
                                                                                                    ]
                                                                                                }
                                                                                            ]
                                                                                        }
                                                                                    ]
                                                                                },
                                                                                {
                                                                                    "Node Type": "Index Scan",
                                                                                    "Parent Relationship": "Inner",
                                                                                    "Parallel Aware": false,
                                                                                    "Scan Direction": "Forward",
                                                                                    "Index Name": "title_pkey",
                                                                                    "Relation Name": "title",
                                                                                    "Schema": "public",
                                                                                    "Alias": "t",
                                                                                    "Startup Cost": 0.43,
                                                                                    "Total Cost": 0.59,
                                                                                    "Plan Rows": 1,
                                                                                    "Plan Width": 25,
                                                                                    "Actual Startup Time": 0.003,
                                                                                    "Actual Total Time": 0.003,
                                                                                    "Actual Rows": 0,
                                                                                    "Actual Loops": 459925,
                                                                                    "Output": [
                                                                                        "t.id",
                                                                                        "t.title",
                                                                                        "t.imdb_index",
                                                                                        "t.kind_id",
                                                                                        "t.production_year",
                                                                                        "t.imdb_id",
                                                                                        "t.phonetic_code",
                                                                                        "t.episode_of_id",
                                                                                        "t.season_nr",
                                                                                        "t.episode_nr",
                                                                                        "t.series_years",
                                                                                        "t.md5sum"
                                                                                    ],
                                                                                    "Index Cond": "(t.id = miidx.movie_id)",
                                                                                    "Rows Removed by Index Recheck": 0,
                                                                                    "Filter": "((t.title <> ''::text) AND ((t.title ~~ '%Champion%'::text) OR (t.title ~~ '%Loser%'::text)))",
                                                                                    "Rows Removed by Filter": 1,
                                                                                    "Workers": [
                                                                                        {
                                                                                            "Worker Number": 0,
                                                                                            "Actual Startup Time": 0.003,
                                                                                            "Actual Total Time": 0.003,
                                                                                            "Actual Rows": 0,
                                                                                            "Actual Loops": 152655
                                                                                        },
                                                                                        {
                                                                                            "Worker Number": 1,
                                                                                            "Actual Startup Time": 0.003,
                                                                                            "Actual Total Time": 0.003,
                                                                                            "Actual Rows": 0,
                                                                                            "Actual Loops": 152766
                                                                                        }
                                                                                    ]
                                                                                }
                                                                            ]
                                                                        },
                                                                        {
                                                                            "Node Type": "Index Scan",
                                                                            "Parent Relationship": "Inner",
                                                                            "Parallel Aware": false,
                                                                            "Scan Direction": "Forward",
                                                                            "Index Name": "kind_type_pkey",
                                                                            "Relation Name": "kind_type",
                                                                            "Schema": "public",
                                                                            "Alias": "kt",
                                                                            "Startup Cost": 0.13,
                                                                            "Total Cost": 0.18,
                                                                            "Plan Rows": 1,
                                                                            "Plan Width": 4,
                                                                            "Actual Startup Time": 0.002,
                                                                            "Actual Total Time": 0.002,
                                                                            "Actual Rows": 0,
                                                                            "Actual Loops": 352,
                                                                            "Output": [
                                                                                "kt.id",
                                                                                "kt.kind"
                                                                            ],
                                                                            "Index Cond": "(kt.id = t.kind_id)",
                                                                            "Rows Removed by Index Recheck": 0,
                                                                            "Filter": "((kt.kind)::text = 'tv movie'::text)",
                                                                            "Rows Removed by Filter": 1,
                                                                            "Workers": [
                                                                                {
                                                                                    "Worker Number": 0,
                                                                                    "Actual Startup Time": 0.003,
                                                                                    "Actual Total Time": 0.003,
                                                                                    "Actual Rows": 0,
                                                                                    "Actual Loops": 106
                                                                                },
                                                                                {
                                                                                    "Worker Number": 1,
                                                                                    "Actual Startup Time": 0.002,
                                                                                    "Actual Total Time": 0.002,
                                                                                    "Actual Rows": 0,
                                                                                    "Actual Loops": 154
                                                                                }
                                                                            ]
                                                                        }
                                                                    ]
                                                                },
                                                                {
                                                                    "Node Type": "Index Scan",
                                                                    "Parent Relationship": "Inner",
                                                                    "Parallel Aware": false,
                                                                    "Scan Direction": "Forward",
                                                                    "Index Name": "movie_id_movie_companies",
                                                                    "Relation Name": "movie_companies",
                                                                    "Schema": "public",
                                                                    "Alias": "mc",
                                                                    "Startup Cost": 0.43,
                                                                    "Total Cost": 0.6,
                                                                    "Plan Rows": 5,
                                                                    "Plan Width": 12,
                                                                    "Actual Startup Time": 0.026,
                                                                    "Actual Total Time": 0.031,
                                                                    "Actual Rows": 2,
                                                                    "Actual Loops": 54,
                                                                    "Output": [
                                                                        "mc.id",
                                                                        "mc.movie_id",
                                                                        "mc.company_id",
                                                                        "mc.company_type_id",
                                                                        "mc.note"
                                                                    ],
                                                                    "Index Cond": "(mc.movie_id = miidx.movie_id)",
                                                                    "Rows Removed by Index Recheck": 0,
                                                                    "Workers": [
                                                                        {
                                                                            "Worker Number": 0,
                                                                            "Actual Startup Time": 0.04,
                                                                            "Actual Total Time": 0.048,
                                                                            "Actual Rows": 2,
                                                                            "Actual Loops": 17
                                                                        },
                                                                        {
                                                                            "Worker Number": 1,
                                                                            "Actual Startup Time": 0.016,
                                                                            "Actual Total Time": 0.02,
                                                                            "Actual Rows": 2,
                                                                            "Actual Loops": 26
                                                                        }
                                                                    ]
                                                                }
                                                            ]
                                                        },
                                                        {
                                                            "Node Type": "Index Scan",
                                                            "Parent Relationship": "Inner",
                                                            "Parallel Aware": false,
                                                            "Scan Direction": "Forward",
                                                            "Index Name": "company_name_pkey",
                                                            "Relation Name": "company_name",
                                                            "Schema": "public",
                                                            "Alias": "cn",
                                                            "Startup Cost": 0.42,
                                                            "Total Cost": 0.45,
                                                            "Plan Rows": 1,
                                                            "Plan Width": 23,
                                                            "Actual Startup Time": 0.014,
                                                            "Actual Total Time": 0.014,
                                                            "Actual Rows": 0,
                                                            "Actual Loops": 109,
                                                            "Output": [
                                                                "cn.id",
                                                                "cn.name",
                                                                "cn.country_code",
                                                                "cn.imdb_id",
                                                                "cn.name_pcode_nf",
                                                                "cn.name_pcode_sf",
                                                                "cn.md5sum"
                                                            ],
                                                            "Index Cond": "(cn.id = mc.company_id)",
                                                            "Rows Removed by Index Recheck": 0,
                                                            "Filter": "((cn.country_code)::text = '[fr]'::text)",
                                                            "Rows Removed by Filter": 1,
                                                            "Workers": [
                                                                {
                                                                    "Worker Number": 0,
                                                                    "Actual Startup Time": 0.021,
                                                                    "Actual Total Time": 0.021,
                                                                    "Actual Rows": 0,
                                                                    "Actual Loops": 33
                                                                },
                                                                {
                                                                    "Worker Number": 1,
                                                                    "Actual Startup Time": 0.01,
                                                                    "Actual Total Time": 0.01,
                                                                    "Actual Rows": 0,
                                                                    "Actual Loops": 60
                                                                }
                                                            ]
                                                        }
                                                    ]
                                                }
                                            ]
                                        },
                                        {
                                            "Node Type": "Index Scan",
                                            "Parent Relationship": "Inner",
                                            "Parallel Aware": false,
                                            "Scan Direction": "Forward",
                                            "Index Name": "company_type_pkey",
                                            "Relation Name": "company_type",
                                            "Schema": "public",
                                            "Alias": "ct",
                                            "Startup Cost": 0.13,
                                            "Total Cost": 0.15,
                                            "Plan Rows": 1,
                                            "Plan Width": 4,
                                            "Actual Startup Time": 0.022,
                                            "Actual Total Time": 0.022,
                                            "Actual Rows": 1,
                                            "Actual Loops": 1,
                                            "Output": [
                                                "ct.id",
                                                "ct.kind"
                                            ],
                                            "Index Cond": "(ct.id = mc.company_type_id)",
                                            "Rows Removed by Index Recheck": 0,
                                            "Filter": "((ct.kind)::text = 'distributors'::text)",
                                            "Rows Removed by Filter": 0
                                        }
                                    ]
                                },
                                {
                                    "Node Type": "Index Scan",
                                    "Parent Relationship": "Inner",
                                    "Parallel Aware": false,
                                    "Scan Direction": "Forward",
                                    "Index Name": "movie_id_movie_info",
                                    "Relation Name": "movie_info",
                                    "Schema": "public",
                                    "Alias": "mi",
                                    "Startup Cost": 0.43,
                                    "Total Cost": 1.48,
                                    "Plan Rows": 41,
                                    "Plan Width": 8,
                                    "Actual Startup Time": 0.059,
                                    "Actual Total Time": 0.235,
                                    "Actual Rows": 31,
                                    "Actual Loops": 1,
                                    "Output": [
                                        "mi.id",
                                        "mi.movie_id",
                                        "mi.info_type_id",
                                        "mi.info",
                                        "mi.note"
                                    ],
                                    "Index Cond": "(mi.movie_id = mc.movie_id)",
                                    "Rows Removed by Index Recheck": 0
                                }
                            ]
                        },
                        {
                            "Node Type": "Index Scan",
                            "Parent Relationship": "Inner",
                            "Parallel Aware": false,
                            "Scan Direction": "Forward",
                            "Index Name": "info_type_pkey",
                            "Relation Name": "info_type",
                            "Schema": "public",
                            "Alias": "it2",
                            "Startup Cost": 0.14,
                            "Total Cost": 0.16,
                            "Plan Rows": 1,
                            "Plan Width": 4,
                            "Actual Startup Time": 0.002,
                            "Actual Total Time": 0.002,
                            "Actual Rows": 0,
                            "Actual Loops": 31,
                            "Output": [
                                "it2.id",
                                "it2.info"
                            ],
                            "Index Cond": "(it2.id = mi.info_type_id)",
                            "Rows Removed by Index Recheck": 0,
                            "Filter": "((it2.info)::text = 'release dates'::text)",
                            "Rows Removed by Filter": 1
                        }
                    ]
                }
            ]
        },
        "Planning Time": 2384.118,
        "Triggers": [],
        "Execution Time": 671.623
    }
]