[
  {
    "Plan": {
      "Node Type": "Aggregate",
      "Strategy": "Plain",
      "Partial Mode": "Finalize",
      "Parallel Aware": false,
      "Startup Cost": 326471.71,
      "Total Cost": 326471.72,
      "Plan Rows": 1,
      "Plan Width": 8,
      "Actual Startup Time": 295.69,
      "Actual Total Time": 346.285,
      "Actual Rows": 1,
      "Actual Loops": 1,
      "Plans": [
        {
          "Node Type": "Gather",
          "Parent Relationship": "Outer",
          "Parallel Aware": false,
          "Startup Cost": 326471.29,
          "Total Cost": 326471.7,
          "Plan Rows": 4,
          "Plan Width": 8,
          "Actual Startup Time": 295.599,
          "Actual Total Time": 346.275,
          "Actual Rows": 5,
          "Actual Loops": 1,
          "Workers Planned": 4,
          "Workers Launched": 4,
          "Single Copy": false,
          "Plans": [
            {
              "Node Type": "Aggregate",
              "Strategy": "Plain",
              "Partial Mode": "Partial",
              "Parent Relationship": "Outer",
              "Parallel Aware": false,
              "Startup Cost": 325471.29,
              "Total Cost": 325471.3,
              "Plan Rows": 1,
              "Plan Width": 8,
              "Actual Startup Time": 287.103,
              "Actual Total Time": 287.104,
              "Actual Rows": 1,
              "Actual Loops": 5,
              "Plans": [
                {
                  "Node Type": "Nested Loop",
                  "Parent Relationship": "Outer",
                  "Parallel Aware": false,
                  "Join Type": "Inner",
                  "Startup Cost": 0.56,
                  "Total Cost": 325426.86,
                  "Plan Rows": 17772,
                  "Plan Width": 0,
                  "Actual Startup Time": 0.88,
                  "Actual Total Time": 285.706,
                  "Actual Rows": 12452,
                  "Actual Loops": 5,
                  "Inner Unique": false,
                  "Plans": [
                    {
                      "Node Type": "Seq Scan",
                      "Parent Relationship": "Outer",
                      "Parallel Aware": true,
                      "Relation Name": "title",
                      "Alias": "t",
                      "Startup Cost": 0.0,
                      "Total Cost": 45479.1,
                      "Plan Rows": 5354,
                      "Plan Width": 4,
                      "Actual Startup Time": 0.235,
                      "Actual Total Time": 71.512,
                      "Actual Rows": 3158,
                      "Actual Loops": 5,
                      "Filter": "((kind_id < 7) AND (production_year = 1999))",
                      "Rows Removed by Filter": 502504
                    },
                    {
                      "Node Type": "Index Scan",
                      "Parent Relationship": "Inner",
                      "Parallel Aware": false,
                      "Scan Direction": "Forward",
                      "Index Name": "movie_id_cast_info",
                      "Relation Name": "cast_info",
                      "Alias": "ci",
                      "Startup Cost": 0.56,
                      "Total Cost": 52.2,
                      "Plan Rows": 9,
                      "Plan Width": 4,
                      "Actual Startup Time": 0.017,
                      "Actual Total Time": 0.067,
                      "Actual Rows": 4,
                      "Actual Loops": 15791,
                      "Index Cond": "(movie_id = t.id)",
                      "Rows Removed by Index Recheck": 0,
                      "Filter": "(person_id < 838171)",
                      "Rows Removed by Filter": 13
                    }
                  ]
                }
              ]
            }
          ]
        }
      ]
    },
    "Planning Time": 0.307,
    "Triggers": [],
    "Execution Time": 346.348
  }
]