[
  {
    "Plan": {
      "Node Type": "Aggregate",
      "Strategy": "Plain",
      "Partial Mode": "Finalize",
      "Parallel Aware": false,
      "Startup Cost": 42336.0,
      "Total Cost": 42336.01,
      "Plan Rows": 1,
      "Plan Width": 8,
      "Actual Startup Time": 60.934,
      "Actual Total Time": 69.416,
      "Actual Rows": 1,
      "Actual Loops": 1,
      "Plans": [
        {
          "Node Type": "Gather",
          "Parent Relationship": "Outer",
          "Parallel Aware": false,
          "Startup Cost": 42335.79,
          "Total Cost": 42336.0,
          "Plan Rows": 2,
          "Plan Width": 8,
          "Actual Startup Time": 60.799,
          "Actual Total Time": 69.41,
          "Actual Rows": 3,
          "Actual Loops": 1,
          "Workers Planned": 2,
          "Workers Launched": 2,
          "Single Copy": false,
          "Plans": [
            {
              "Node Type": "Aggregate",
              "Strategy": "Plain",
              "Partial Mode": "Partial",
              "Parent Relationship": "Outer",
              "Parallel Aware": false,
              "Startup Cost": 41335.79,
              "Total Cost": 41335.8,
              "Plan Rows": 1,
              "Plan Width": 8,
              "Actual Startup Time": 52.564,
              "Actual Total Time": 52.566,
              "Actual Rows": 1,
              "Actual Loops": 3,
              "Plans": [
                {
                  "Node Type": "Nested Loop",
                  "Parent Relationship": "Outer",
                  "Parallel Aware": false,
                  "Join Type": "Inner",
                  "Startup Cost": 177.71,
                  "Total Cost": 41335.72,
                  "Plan Rows": 26,
                  "Plan Width": 0,
                  "Actual Startup Time": 18.354,
                  "Actual Total Time": 52.529,
                  "Actual Rows": 265,
                  "Actual Loops": 3,
                  "Inner Unique": false,
                  "Join Filter": "(t.id = ci.movie_id)",
                  "Rows Removed by Join Filter": 0,
                  "Plans": [
                    {
                      "Node Type": "Nested Loop",
                      "Parent Relationship": "Outer",
                      "Parallel Aware": false,
                      "Join Type": "Inner",
                      "Startup Cost": 177.14,
                      "Total Cost": 40556.72,
                      "Plan Rows": 8,
                      "Plan Width": 8,
                      "Actual Startup Time": 17.377,
                      "Actual Total Time": 46.324,
                      "Actual Rows": 21,
                      "Actual Loops": 3,
                      "Inner Unique": true,
                      "Plans": [
                        {
                          "Node Type": "Bitmap Heap Scan",
                          "Parent Relationship": "Outer",
                          "Parallel Aware": true,
                          "Relation Name": "movie_keyword",
                          "Alias": "mk",
                          "Startup Cost": 176.71,
                          "Total Cost": 17130.16,
                          "Plan Rows": 3456,
                          "Plan Width": 4,
                          "Actual Startup Time": 4.596,
                          "Actual Total Time": 17.827,
                          "Actual Rows": 3213,
                          "Actual Loops": 3,
                          "Recheck Cond": "(keyword_id = 236)",
                          "Rows Removed by Index Recheck": 0,
                          "Exact Heap Blocks": 5440,
                          "Lossy Heap Blocks": 0,
                          "Plans": [
                            {
                              "Node Type": "Bitmap Index Scan",
                              "Parent Relationship": "Outer",
                              "Parallel Aware": false,
                              "Index Name": "keyword_id_movie_keyword",
                              "Startup Cost": 0.0,
                              "Total Cost": 174.64,
                              "Plan Rows": 8294,
                              "Plan Width": 0,
                              "Actual Startup Time": 7.458,
                              "Actual Total Time": 7.459,
                              "Actual Rows": 9638,
                              "Actual Loops": 1,
                              "Index Cond": "(keyword_id = 236)"
                            }
                          ]
                        },
                        {
                          "Node Type": "Index Scan",
                          "Parent Relationship": "Inner",
                          "Parallel Aware": false,
                          "Scan Direction": "Forward",
                          "Index Name": "title_pkey",
                          "Relation Name": "title",
                          "Alias": "t",
                          "Startup Cost": 0.43,
                          "Total Cost": 6.78,
                          "Plan Rows": 1,
                          "Plan Width": 4,
                          "Actual Startup Time": 0.008,
                          "Actual Total Time": 0.008,
                          "Actual Rows": 0,
                          "Actual Loops": 9638,
                          "Index Cond": "(id = mk.movie_id)",
                          "Rows Removed by Index Recheck": 0,
                          "Filter": "((kind_id = 1) AND (production_year = 1986))",
                          "Rows Removed by Filter": 1
                        }
                      ]
                    },
                    {
                      "Node Type": "Index Scan",
                      "Parent Relationship": "Inner",
                      "Parallel Aware": false,
                      "Scan Direction": "Forward",
                      "Index Name": "movie_id_cast_info",
                      "Relation Name": "cast_info",
                      "Alias": "ci",
                      "Startup Cost": 0.56,
                      "Total Cost": 97.26,
                      "Plan Rows": 9,
                      "Plan Width": 4,
                      "Actual Startup Time": 0.227,
                      "Actual Total Time": 0.288,
                      "Actual Rows": 12,
                      "Actual Loops": 64,
                      "Index Cond": "(movie_id = mk.movie_id)",
                      "Rows Removed by Index Recheck": 0,
                      "Filter": "(role_id > 5)",
                      "Rows Removed by Filter": 39
                    }
                  ]
                }
              ]
            }
          ]
        }
      ]
    },
    "Planning Time": 1.368,
    "Triggers": [],
    "Execution Time": 69.533
  }
]