[
  {
    "Plan": {
      "Node Type": "Aggregate",
      "Strategy": "Plain",
      "Partial Mode": "Finalize",
      "Parallel Aware": false,
      "Startup Cost": 131516.81,
      "Total Cost": 131516.82,
      "Plan Rows": 1,
      "Plan Width": 8,
      "Actual Startup Time": 549.895,
      "Actual Total Time": 568.87,
      "Actual Rows": 1,
      "Actual Loops": 1,
      "Plans": [
        {
          "Node Type": "Gather",
          "Parent Relationship": "Outer",
          "Parallel Aware": false,
          "Startup Cost": 131516.5,
          "Total Cost": 131516.81,
          "Plan Rows": 3,
          "Plan Width": 8,
          "Actual Startup Time": 543.342,
          "Actual Total Time": 568.859,
          "Actual Rows": 4,
          "Actual Loops": 1,
          "Workers Planned": 3,
          "Workers Launched": 3,
          "Single Copy": false,
          "Plans": [
            {
              "Node Type": "Aggregate",
              "Strategy": "Plain",
              "Partial Mode": "Partial",
              "Parent Relationship": "Outer",
              "Parallel Aware": false,
              "Startup Cost": 130516.5,
              "Total Cost": 130516.51,
              "Plan Rows": 1,
              "Plan Width": 8,
              "Actual Startup Time": 538.392,
              "Actual Total Time": 538.726,
              "Actual Rows": 1,
              "Actual Loops": 4,
              "Plans": [
                {
                  "Node Type": "Hash Join",
                  "Parent Relationship": "Outer",
                  "Parallel Aware": true,
                  "Join Type": "Inner",
                  "Startup Cost": 97677.2,
                  "Total Cost": 129980.71,
                  "Plan Rows": 214315,
                  "Plan Width": 0,
                  "Actual Startup Time": 410.55,
                  "Actual Total Time": 534.393,
                  "Actual Rows": 102278,
                  "Actual Loops": 4,
                  "Inner Unique": false,
                  "Hash Cond": "(mc.movie_id = t.id)",
                  "Plans": [
                    {
                      "Node Type": "Seq Scan",
                      "Parent Relationship": "Outer",
                      "Parallel Aware": true,
                      "Relation Name": "movie_companies",
                      "Alias": "mc",
                      "Startup Cost": 0.0,
                      "Total Cost": 29310.68,
                      "Plan Rows": 613731,
                      "Plan Width": 4,
                      "Actual Startup Time": 0.045,
                      "Actual Total Time": 66.984,
                      "Actual Rows": 477201,
                      "Actual Loops": 4,
                      "Filter": "(company_id < 45535)",
                      "Rows Removed by Filter": 175081
                    },
                    {
                      "Node Type": "Hash",
                      "Parent Relationship": "Inner",
                      "Parallel Aware": true,
                      "Startup Cost": 94117.02,
                      "Total Cost": 94117.02,
                      "Plan Rows": 284814,
                      "Plan Width": 8,
                      "Actual Startup Time": 406.484,
                      "Actual Total Time": 406.816,
                      "Actual Rows": 56754,
                      "Actual Loops": 4,
                      "Hash Buckets": 1048576,
                      "Original Hash Buckets": 1048576,
                      "Hash Batches": 1,
                      "Original Hash Batches": 1,
                      "Peak Memory Usage": 17120,
                      "Plans": [
                        {
                          "Node Type": "Hash Join",
                          "Parent Relationship": "Outer",
                          "Parallel Aware": true,
                          "Join Type": "Inner",
                          "Startup Cost": 50158.95,
                          "Total Cost": 94117.02,
                          "Plan Rows": 284814,
                          "Plan Width": 8,
                          "Actual Startup Time": 240.012,
                          "Actual Total Time": 389.295,
                          "Actual Rows": 56754,
                          "Actual Loops": 4,
                          "Inner Unique": true,
                          "Hash Cond": "(mk.movie_id = t.id)",
                          "Plans": [
                            {
                              "Node Type": "Seq Scan",
                              "Parent Relationship": "Outer",
                              "Parallel Aware": true,
                              "Relation Name": "movie_keyword",
                              "Alias": "mk",
                              "Startup Cost": 0.0,
                              "Total Cost": 42695.65,
                              "Plan Rows": 480922,
                              "Plan Width": 4,
                              "Actual Startup Time": 0.66,
                              "Actual Total Time": 95.153,
                              "Actual Rows": 369844,
                              "Actual Loops": 4,
                              "Filter": "(keyword_id > 11080)",
                              "Rows Removed by Filter": 761139
                            },
                            {
                              "Node Type": "Hash",
                              "Parent Relationship": "Inner",
                              "Parallel Aware": true,
                              "Startup Cost": 45479.59,
                              "Total Cost": 45479.59,
                              "Plan Rows": 374349,
                              "Plan Width": 4,
                              "Actual Startup Time": 236.175,
                              "Actual Total Time": 236.177,
                              "Actual Rows": 369610,
                              "Actual Loops": 4,
                              "Hash Buckets": 2097152,
                              "Original Hash Buckets": 2097152,
                              "Hash Batches": 1,
                              "Original Hash Batches": 1,
                              "Peak Memory Usage": 74272,
                              "Plans": [
                                {
                                  "Node Type": "Seq Scan",
                                  "Parent Relationship": "Outer",
                                  "Parallel Aware": true,
                                  "Relation Name": "title",
                                  "Alias": "t",
                                  "Startup Cost": 0.0,
                                  "Total Cost": 45479.59,
                                  "Plan Rows": 374349,
                                  "Plan Width": 4,
                                  "Actual Startup Time": 0.08,
                                  "Actual Total Time": 104.658,
                                  "Actual Rows": 369610,
                                  "Actual Loops": 4,
                                  "Filter": "((production_year > 0) AND (kind_id = 7))",
                                  "Rows Removed by Filter": 262468
                                }
                              ]
                            }
                          ]
                        }
                      ]
                    }
                  ]
                }
              ]
            }
          ]
        }
      ]
    },
    "Planning Time": 0.379,
    "Triggers": [],
    "Execution Time": 568.918
  }
]