[
  {
    "Plan": {
      "Node Type": "Aggregate",
      "Strategy": "Plain",
      "Partial Mode": "Finalize",
      "Parallel Aware": false,
      "Startup Cost": 342442.67,
      "Total Cost": 342442.68,
      "Plan Rows": 1,
      "Plan Width": 8,
      "Actual Startup Time": 929.313,
      "Actual Total Time": 976.12,
      "Actual Rows": 1,
      "Actual Loops": 1,
      "Plans": [
        {
          "Node Type": "Gather",
          "Parent Relationship": "Outer",
          "Parallel Aware": false,
          "Startup Cost": 342442.05,
          "Total Cost": 342442.66,
          "Plan Rows": 6,
          "Plan Width": 8,
          "Actual Startup Time": 929.143,
          "Actual Total Time": 976.1,
          "Actual Rows": 7,
          "Actual Loops": 1,
          "Workers Planned": 6,
          "Workers Launched": 6,
          "Single Copy": false,
          "Plans": [
            {
              "Node Type": "Aggregate",
              "Strategy": "Plain",
              "Partial Mode": "Partial",
              "Parent Relationship": "Outer",
              "Parallel Aware": false,
              "Startup Cost": 341442.05,
              "Total Cost": 341442.06,
              "Plan Rows": 1,
              "Plan Width": 8,
              "Actual Startup Time": 921.895,
              "Actual Total Time": 921.896,
              "Actual Rows": 1,
              "Actual Loops": 7,
              "Plans": [
                {
                  "Node Type": "Seq Scan",
                  "Parent Relationship": "Outer",
                  "Parallel Aware": true,
                  "Relation Name": "cast_info",
                  "Alias": "ci",
                  "Startup Cost": 0.0,
                  "Total Cost": 328211.39,
                  "Plan Rows": 5292262,
                  "Plan Width": 0,
                  "Actual Startup Time": 0.046,
                  "Actual Total Time": 686.331,
                  "Actual Rows": 4541613,
                  "Actual Loops": 7,
                  "Filter": "(person_id < 3248450)",
                  "Rows Removed by Filter": 636151
                }
              ]
            }
          ]
        }
      ]
    },
    "Planning Time": 0.205,
    "Triggers": [],
    "Execution Time": 976.192
  }
]