{
    "Plan": {
        "Node Type": "Aggregate",
        "Strategy": "Plain",
        "Partial Mode": "Finalize",
        "Parallel Aware": false,
        "Startup Cost": 657220.98,
        "Total Cost": 657220.99,
        "Plan Rows": 1,
        "Plan Width": 8,
        "Actual Startup Time": 10745.203,
        "Actual Total Time": 10854.183,
        "Actual Rows": 1,
        "Actual Loops": 1,
        "Output": [
            "count(*)"
        ],
        "Plans": [
            {
                "Node Type": "Gather",
                "Parent Relationship": "Outer",
                "Parallel Aware": false,
                "Startup Cost": 657220.46,
                "Total Cost": 657220.97,
                "Plan Rows": 5,
                "Plan Width": 8,
                "Actual Startup Time": 10651.201,
                "Actual Total Time": 10854.154,
                "Actual Rows": 6,
                "Actual Loops": 1,
                "Output": [
                    "(PARTIAL count(*))"
                ],
                "Workers Planned": 5,
                "Workers Launched": 5,
                "Single Copy": false,
                "Plans": [
                    {
                        "Node Type": "Aggregate",
                        "Strategy": "Plain",
                        "Partial Mode": "Partial",
                        "Parent Relationship": "Outer",
                        "Parallel Aware": false,
                        "Startup Cost": 656220.46,
                        "Total Cost": 656220.47,
                        "Plan Rows": 1,
                        "Plan Width": 8,
                        "Actual Startup Time": 10587.455,
                        "Actual Total Time": 10589.101,
                        "Actual Rows": 1,
                        "Actual Loops": 6,
                        "Output": [
                            "PARTIAL count(*)"
                        ],
                        "Workers": [
                            {
                                "Worker Number": 0,
                                "Actual Startup Time": 10572.865,
                                "Actual Total Time": 10572.871,
                                "Actual Rows": 1,
                                "Actual Loops": 1
                            },
                            {
                                "Worker Number": 1,
                                "Actual Startup Time": 10573.633,
                                "Actual Total Time": 10573.641,
                                "Actual Rows": 1,
                                "Actual Loops": 1
                            },
                            {
                                "Worker Number": 2,
                                "Actual Startup Time": 10581.713,
                                "Actual Total Time": 10581.721,
                                "Actual Rows": 1,
                                "Actual Loops": 1
                            },
                            {
                                "Worker Number": 3,
                                "Actual Startup Time": 10572.794,
                                "Actual Total Time": 10572.801,
                                "Actual Rows": 1,
                                "Actual Loops": 1
                            },
                            {
                                "Worker Number": 4,
                                "Actual Startup Time": 10573.716,
                                "Actual Total Time": 10573.723,
                                "Actual Rows": 1,
                                "Actual Loops": 1
                            }
                        ],
                        "Plans": [
                            {
                                "Node Type": "Hash Join",
                                "Parent Relationship": "Outer",
                                "Parallel Aware": true,
                                "Join Type": "Inner",
                                "Startup Cost": 402852.38,
                                "Total Cost": 627954.59,
                                "Plan Rows": 11306350,
                                "Plan Width": 0,
                                "Actual Startup Time": 3649.099,
                                "Actual Total Time": 9673.526,
                                "Actual Rows": 22362579,
                                "Actual Loops": 6,
                                "Inner Unique": false,
                                "Hash Cond": "(mi.movie_id = t.id)",
                                "Workers": [
                                    {
                                        "Worker Number": 0,
                                        "Actual Startup Time": 3635.819,
                                        "Actual Total Time": 9724.755,
                                        "Actual Rows": 21192050,
                                        "Actual Loops": 1
                                    },
                                    {
                                        "Worker Number": 1,
                                        "Actual Startup Time": 3636.697,
                                        "Actual Total Time": 9606.661,
                                        "Actual Rows": 23510077,
                                        "Actual Loops": 1
                                    },
                                    {
                                        "Worker Number": 2,
                                        "Actual Startup Time": 3636.637,
                                        "Actual Total Time": 9629.603,
                                        "Actual Rows": 23023810,
                                        "Actual Loops": 1
                                    },
                                    {
                                        "Worker Number": 3,
                                        "Actual Startup Time": 3635.84,
                                        "Actual Total Time": 9723.379,
                                        "Actual Rows": 21232747,
                                        "Actual Loops": 1
                                    },
                                    {
                                        "Worker Number": 4,
                                        "Actual Startup Time": 3636.639,
                                        "Actual Total Time": 9608.176,
                                        "Actual Rows": 23546564,
                                        "Actual Loops": 1
                                    }
                                ],
                                "Plans": [
                                    {
                                        "Node Type": "Seq Scan",
                                        "Parent Relationship": "Outer",
                                        "Parallel Aware": true,
                                        "Relation Name": "movie_info",
                                        "Schema": "public",
                                        "Alias": "mi",
                                        "Startup Cost": 0.0,
                                        "Total Cost": 191503.19,
                                        "Plan Rows": 2951019,
                                        "Plan Width": 4,
                                        "Actual Startup Time": 0.061,
                                        "Actual Total Time": 416.701,
                                        "Actual Rows": 2472620,
                                        "Actual Loops": 6,
                                        "Output": [
                                            "mi.id",
                                            "mi.movie_id",
                                            "mi.info_type_id",
                                            "mi.info",
                                            "mi.note"
                                        ],
                                        "Workers": [
                                            {
                                                "Worker Number": 0,
                                                "Actual Startup Time": 0.076,
                                                "Actual Total Time": 499.355,
                                                "Actual Rows": 2287856,
                                                "Actual Loops": 1
                                            },
                                            {
                                                "Worker Number": 1,
                                                "Actual Startup Time": 0.076,
                                                "Actual Total Time": 400.972,
                                                "Actual Rows": 2631196,
                                                "Actual Loops": 1
                                            },
                                            {
                                                "Worker Number": 2,
                                                "Actual Startup Time": 0.045,
                                                "Actual Total Time": 401.554,
                                                "Actual Rows": 2591296,
                                                "Actual Loops": 1
                                            },
                                            {
                                                "Worker Number": 3,
                                                "Actual Startup Time": 0.084,
                                                "Actual Total Time": 494.811,
                                                "Actual Rows": 2307776,
                                                "Actual Loops": 1
                                            },
                                            {
                                                "Worker Number": 4,
                                                "Actual Startup Time": 0.068,
                                                "Actual Total Time": 400.028,
                                                "Actual Rows": 2644881,
                                                "Actual Loops": 1
                                            }
                                        ]
                                    },
                                    {
                                        "Node Type": "Hash",
                                        "Parent Relationship": "Inner",
                                        "Parallel Aware": true,
                                        "Startup Cost": 382671.43,
                                        "Total Cost": 382671.43,
                                        "Plan Rows": 1614476,
                                        "Plan Width": 8,
                                        "Actual Startup Time": 3621.597,
                                        "Actual Total Time": 3623.239,
                                        "Actual Rows": 1619152,
                                        "Actual Loops": 6,
                                        "Output": [
                                            "t.id",
                                            "ci.movie_id"
                                        ],
                                        "Hash Buckets": 16777216,
                                        "Original Hash Buckets": 16777216,
                                        "Hash Batches": 1,
                                        "Original Hash Batches": 1,
                                        "Peak Memory Usage": 511200,
                                        "Workers": [
                                            {
                                                "Worker Number": 0,
                                                "Actual Startup Time": 3634.787,
                                                "Actual Total Time": 3634.791,
                                                "Actual Rows": 1403441,
                                                "Actual Loops": 1
                                            },
                                            {
                                                "Worker Number": 1,
                                                "Actual Startup Time": 3635.907,
                                                "Actual Total Time": 3635.912,
                                                "Actual Rows": 1811412,
                                                "Actual Loops": 1
                                            },
                                            {
                                                "Worker Number": 2,
                                                "Actual Startup Time": 3635.893,
                                                "Actual Total Time": 3635.897,
                                                "Actual Rows": 1788895,
                                                "Actual Loops": 1
                                            },
                                            {
                                                "Worker Number": 3,
                                                "Actual Startup Time": 3634.785,
                                                "Actual Total Time": 3634.79,
                                                "Actual Rows": 1414479,
                                                "Actual Loops": 1
                                            },
                                            {
                                                "Worker Number": 4,
                                                "Actual Startup Time": 3635.873,
                                                "Actual Total Time": 3635.877,
                                                "Actual Rows": 1815726,
                                                "Actual Loops": 1
                                            }
                                        ],
                                        "Plans": [
                                            {
                                                "Node Type": "Hash Join",
                                                "Parent Relationship": "Outer",
                                                "Parallel Aware": true,
                                                "Join Type": "Inner",
                                                "Startup Cost": 50219.81,
                                                "Total Cost": 382671.43,
                                                "Plan Rows": 1614476,
                                                "Plan Width": 8,
                                                "Actual Startup Time": 738.882,
                                                "Actual Total Time": 2464.674,
                                                "Actual Rows": 1619152,
                                                "Actual Loops": 6,
                                                "Output": [
                                                    "t.id",
                                                    "ci.movie_id"
                                                ],
                                                "Inner Unique": true,
                                                "Hash Cond": "(ci.movie_id = t.id)",
                                                "Workers": [
                                                    {
                                                        "Worker Number": 0,
                                                        "Actual Startup Time": 738.811,
                                                        "Actual Total Time": 2473.395,
                                                        "Actual Rows": 1403441,
                                                        "Actual Loops": 1
                                                    },
                                                    {
                                                        "Worker Number": 1,
                                                        "Actual Startup Time": 738.825,
                                                        "Actual Total Time": 2464.328,
                                                        "Actual Rows": 1811412,
                                                        "Actual Loops": 1
                                                    },
                                                    {
                                                        "Worker Number": 2,
                                                        "Actual Startup Time": 738.786,
                                                        "Actual Total Time": 2454.865,
                                                        "Actual Rows": 1788895,
                                                        "Actual Loops": 1
                                                    },
                                                    {
                                                        "Worker Number": 3,
                                                        "Actual Startup Time": 738.813,
                                                        "Actual Total Time": 2473.894,
                                                        "Actual Rows": 1414479,
                                                        "Actual Loops": 1
                                                    },
                                                    {
                                                        "Worker Number": 4,
                                                        "Actual Startup Time": 738.813,
                                                        "Actual Total Time": 2457.976,
                                                        "Actual Rows": 1815726,
                                                        "Actual Loops": 1
                                                    }
                                                ],
                                                "Plans": [
                                                    {
                                                        "Node Type": "Seq Scan",
                                                        "Parent Relationship": "Outer",
                                                        "Parallel Aware": true,
                                                        "Relation Name": "cast_info",
                                                        "Schema": "public",
                                                        "Alias": "ci",
                                                        "Startup Cost": 0.0,
                                                        "Total Cost": 328213.62,
                                                        "Plan Rows": 1614476,
                                                        "Plan Width": 4,
                                                        "Actual Startup Time": 390.258,
                                                        "Actual Total Time": 793.252,
                                                        "Actual Rows": 1619152,
                                                        "Actual Loops": 6,
                                                        "Output": [
                                                            "ci.id",
                                                            "ci.person_id",
                                                            "ci.movie_id",
                                                            "ci.person_role_id",
                                                            "ci.note",
                                                            "ci.nr_order",
                                                            "ci.role_id"
                                                        ],
                                                        "Filter": "(ci.person_id > 2738016)",
                                                        "Rows Removed by Filter": 4421572,
                                                        "Workers": [
                                                            {
                                                                "Worker Number": 0,
                                                                "Actual Startup Time": 390.301,
                                                                "Actual Total Time": 787.198,
                                                                "Actual Rows": 1403441,
                                                                "Actual Loops": 1
                                                            },
                                                            {
                                                                "Worker Number": 1,
                                                                "Actual Startup Time": 390.329,
                                                                "Actual Total Time": 822.932,
                                                                "Actual Rows": 1811412,
                                                                "Actual Loops": 1
                                                            },
                                                            {
                                                                "Worker Number": 2,
                                                                "Actual Startup Time": 390.318,
                                                                "Actual Total Time": 822.171,
                                                                "Actual Rows": 1788895,
                                                                "Actual Loops": 1
                                                            },
                                                            {
                                                                "Worker Number": 3,
                                                                "Actual Startup Time": 390.144,
                                                                "Actual Total Time": 787.639,
                                                                "Actual Rows": 1414479,
                                                                "Actual Loops": 1
                                                            },
                                                            {
                                                                "Worker Number": 4,
                                                                "Actual Startup Time": 390.331,
                                                                "Actual Total Time": 825.459,
                                                                "Actual Rows": 1815726,
                                                                "Actual Loops": 1
                                                            }
                                                        ]
                                                    },
                                                    {
                                                        "Node Type": "Hash",
                                                        "Parent Relationship": "Inner",
                                                        "Parallel Aware": true,
                                                        "Startup Cost": 42318.81,
                                                        "Total Cost": 42318.81,
                                                        "Plan Rows": 632080,
                                                        "Plan Width": 4,
                                                        "Actual Startup Time": 342.964,
                                                        "Actual Total Time": 342.966,
                                                        "Actual Rows": 421385,
                                                        "Actual Loops": 6,
                                                        "Output": [
                                                            "t.id"
                                                        ],
                                                        "Hash Buckets": 4194304,
                                                        "Original Hash Buckets": 4194304,
                                                        "Hash Batches": 1,
                                                        "Original Hash Batches": 1,
                                                        "Peak Memory Usage": 131776,
                                                        "Workers": [
                                                            {
                                                                "Worker Number": 0,
                                                                "Actual Startup Time": 348.35,
                                                                "Actual Total Time": 348.351,
                                                                "Actual Rows": 370350,
                                                                "Actual Loops": 1
                                                            },
                                                            {
                                                                "Worker Number": 1,
                                                                "Actual Startup Time": 348.384,
                                                                "Actual Total Time": 348.386,
                                                                "Actual Rows": 433699,
                                                                "Actual Loops": 1
                                                            },
                                                            {
                                                                "Worker Number": 2,
                                                                "Actual Startup Time": 348.369,
                                                                "Actual Total Time": 348.371,
                                                                "Actual Rows": 437176,
                                                                "Actual Loops": 1
                                                            },
                                                            {
                                                                "Worker Number": 3,
                                                                "Actual Startup Time": 348.354,
                                                                "Actual Total Time": 348.355,
                                                                "Actual Rows": 370071,
                                                                "Actual Loops": 1
                                                            },
                                                            {
                                                                "Worker Number": 4,
                                                                "Actual Startup Time": 348.378,
                                                                "Actual Total Time": 348.379,
                                                                "Actual Rows": 439089,
                                                                "Actual Loops": 1
                                                            }
                                                        ],
                                                        "Plans": [
                                                            {
                                                                "Node Type": "Seq Scan",
                                                                "Parent Relationship": "Outer",
                                                                "Parallel Aware": true,
                                                                "Relation Name": "title",
                                                                "Schema": "public",
                                                                "Alias": "t",
                                                                "Startup Cost": 0.0,
                                                                "Total Cost": 42318.81,
                                                                "Plan Rows": 632080,
                                                                "Plan Width": 4,
                                                                "Actual Startup Time": 0.109,
                                                                "Actual Total Time": 97.111,
                                                                "Actual Rows": 421385,
                                                                "Actual Loops": 6,
                                                                "Output": [
                                                                    "t.id"
                                                                ],
                                                                "Workers": [
                                                                    {
                                                                        "Worker Number": 0,
                                                                        "Actual Startup Time": 0.128,
                                                                        "Actual Total Time": 102.844,
                                                                        "Actual Rows": 370350,
                                                                        "Actual Loops": 1
                                                                    },
                                                                    {
                                                                        "Worker Number": 1,
                                                                        "Actual Startup Time": 0.124,
                                                                        "Actual Total Time": 99.238,
                                                                        "Actual Rows": 433699,
                                                                        "Actual Loops": 1
                                                                    },
                                                                    {
                                                                        "Worker Number": 2,
                                                                        "Actual Startup Time": 0.124,
                                                                        "Actual Total Time": 99.011,
                                                                        "Actual Rows": 437176,
                                                                        "Actual Loops": 1
                                                                    },
                                                                    {
                                                                        "Worker Number": 3,
                                                                        "Actual Startup Time": 0.123,
                                                                        "Actual Total Time": 101.81,
                                                                        "Actual Rows": 370071,
                                                                        "Actual Loops": 1
                                                                    },
                                                                    {
                                                                        "Worker Number": 4,
                                                                        "Actual Startup Time": 0.117,
                                                                        "Actual Total Time": 99.455,
                                                                        "Actual Rows": 439089,
                                                                        "Actual Loops": 1
                                                                    }
                                                                ]
                                                            }
                                                        ]
                                                    }
                                                ]
                                            }
                                        ]
                                    }
                                ]
                            }
                        ]
                    }
                ]
            }
        ]
    },
    "Planning Time": 1.574,
    "Triggers": [],
    "Execution Time": 10854.302
}