[
  {
    "Plan": {
      "Node Type": "Aggregate",
      "Strategy": "Plain",
      "Partial Mode": "Finalize",
      "Parallel Aware": false,
      "Startup Cost": 31836.07,
      "Total Cost": 31836.08,
      "Plan Rows": 1,
      "Plan Width": 8,
      "Actual Startup Time": 89.321,
      "Actual Total Time": 94.785,
      "Actual Rows": 1,
      "Actual Loops": 1,
      "Plans": [
        {
          "Node Type": "Gather",
          "Parent Relationship": "Outer",
          "Parallel Aware": false,
          "Startup Cost": 31835.76,
          "Total Cost": 31836.07,
          "Plan Rows": 3,
          "Plan Width": 8,
          "Actual Startup Time": 89.239,
          "Actual Total Time": 94.78,
          "Actual Rows": 4,
          "Actual Loops": 1,
          "Workers Planned": 3,
          "Workers Launched": 3,
          "Single Copy": false,
          "Plans": [
            {
              "Node Type": "Aggregate",
              "Strategy": "Plain",
              "Partial Mode": "Partial",
              "Parent Relationship": "Outer",
              "Parallel Aware": false,
              "Startup Cost": 30835.76,
              "Total Cost": 30835.77,
              "Plan Rows": 1,
              "Plan Width": 8,
              "Actual Startup Time": 86.797,
              "Actual Total Time": 86.798,
              "Actual Rows": 1,
              "Actual Loops": 4,
              "Plans": [
                {
                  "Node Type": "Seq Scan",
                  "Parent Relationship": "Outer",
                  "Parallel Aware": true,
                  "Relation Name": "movie_companies",
                  "Alias": "mc",
                  "Startup Cost": 0.0,
                  "Total Cost": 29310.68,
                  "Plan Rows": 610030,
                  "Plan Width": 0,
                  "Actual Startup Time": 0.287,
                  "Actual Total Time": 67.038,
                  "Actual Rows": 474369,
                  "Actual Loops": 4,
                  "Filter": "(company_id > 1368)",
                  "Rows Removed by Filter": 177913
                }
              ]
            }
          ]
        }
      ]
    },
    "Planning Time": 0.104,
    "Triggers": [],
    "Execution Time": 94.814
  }
]