{
  "Plan": {
    "Node Type": "Aggregate",
    "Strategy": "Plain",
    "Partial Mode": "Finalize",
    "Parallel Aware": false,
    "Startup Cost": 723146.0,
    "Total Cost": 723146.01,
    "Plan Rows": 1,
    "Plan Width": 8,
    "Actual Startup Time": 5857.443,
    "Actual Total Time": 5911.192,
    "Actual Rows": 1,
    "Actual Loops": 1,
    "Plans": [
      {
        "Node Type": "Gather",
        "Parent Relationship": "Outer",
        "Parallel Aware": false,
        "Startup Cost": 723145.89,
        "Total Cost": 723146.0,
        "Plan Rows": 1,
        "Plan Width": 8,
        "Actual Startup Time": 5854.924,
        "Actual Total Time": 5911.182,
        "Actual Rows": 2,
        "Actual Loops": 1,
        "Workers Planned": 1,
        "Workers Launched": 1,
        "Single Copy": false,
        "Plans": [
          {
            "Node Type": "Aggregate",
            "Strategy": "Plain",
            "Partial Mode": "Partial",
            "Parent Relationship": "Outer",
            "Parallel Aware": false,
            "Startup Cost": 722145.89,
            "Total Cost": 722145.9,
            "Plan Rows": 1,
            "Plan Width": 8,
            "Actual Startup Time": 5851.519,
            "Actual Total Time": 5851.811,
            "Actual Rows": 1,
            "Actual Loops": 2,
            "Plans": [
              {
                "Node Type": "Hash Join",
                "Parent Relationship": "Outer",
                "Parallel Aware": true,
                "Join Type": "Inner",
                "Startup Cost": 104962.7,
                "Total Cost": 712559.27,
                "Plan Rows": 3834648,
                "Plan Width": 0,
                "Actual Startup Time": 882.43,
                "Actual Total Time": 5593.334,
                "Actual Rows": 6026748,
                "Actual Loops": 2,
                "Inner Unique": false,
                "Hash Cond": "(ci.movie_id = t.id)",
                "Plans": [
                  {
                    "Node Type": "Seq Scan",
                    "Parent Relationship": "Outer",
                    "Parallel Aware": true,
                    "Relation Name": "cast_info",
                    "Alias": "ci",
                    "Startup Cost": 0.0,
                    "Total Cost": 519069.44,
                    "Plan Rows": 17592102,
                    "Plan Width": 4,
                    "Actual Startup Time": 166.581,
                    "Actual Total Time": 1653.824,
                    "Actual Rows": 14859980,
                    "Actual Loops": 2,
                    "Filter": "(person_id > 629523)",
                    "Rows Removed by Filter": 3262192
                  },
                  {
                    "Node Type": "Hash",
                    "Parent Relationship": "Inner",
                    "Parallel Aware": true,
                    "Startup Cost": 100910.45,
                    "Total Cost": 100910.45,
                    "Plan Rows": 324180,
                    "Plan Width": 8,
                    "Actual Startup Time": 709.674,
                    "Actual Total Time": 709.964,
                    "Actual Rows": 282863,
                    "Actual Loops": 2,
                    "Hash Buckets": 1048576,
                    "Original Hash Buckets": 1048576,
                    "Hash Batches": 1,
                    "Original Hash Batches": 1,
                    "Peak Memory Usage": 30336,
                    "Plans": [
                      {
                        "Node Type": "Hash Join",
                        "Parent Relationship": "Outer",
                        "Parallel Aware": true,
                        "Join Type": "Inner",
                        "Startup Cost": 38838.0,
                        "Total Cost": 100910.45,
                        "Plan Rows": 324180,
                        "Plan Width": 8,
                        "Actual Startup Time": 153.205,
                        "Actual Total Time": 619.299,
                        "Actual Rows": 282863,
                        "Actual Loops": 2,
                        "Inner Unique": false,
                        "Hash Cond": "(t.id = mc.movie_id)",
                        "Plans": [
                          {
                            "Node Type": "Seq Scan",
                            "Parent Relationship": "Outer",
                            "Parallel Aware": true,
                            "Relation Name": "title",
                            "Alias": "t",
                            "Startup Cost": 0.0,
                            "Total Cost": 50870.31,
                            "Plan Rows": 1487231,
                            "Plan Width": 4,
                            "Actual Startup Time": 0.012,
                            "Actual Total Time": 136.775,
                            "Actual Rows": 1264156,
                            "Actual Loops": 2
                          },
                          {
                            "Node Type": "Hash",
                            "Parent Relationship": "Inner",
                            "Parallel Aware": true,
                            "Startup Cost": 34785.75,
                            "Total Cost": 34785.75,
                            "Plan Rows": 324180,
                            "Plan Width": 4,
                            "Actual Startup Time": 149.087,
                            "Actual Total Time": 149.089,
                            "Actual Rows": 282863,
                            "Actual Loops": 2,
                            "Hash Buckets": 1048576,
                            "Original Hash Buckets": 1048576,
                            "Hash Batches": 1,
                            "Original Hash Batches": 1,
                            "Peak Memory Usage": 30336,
                            "Plans": [
                              {
                                "Node Type": "Bitmap Heap Scan",
                                "Parent Relationship": "Outer",
                                "Parallel Aware": true,
                                "Relation Name": "movie_companies",
                                "Alias": "mc",
                                "Startup Cost": 11943.5,
                                "Total Cost": 34785.75,
                                "Plan Rows": 324180,
                                "Plan Width": 4,
                                "Actual Startup Time": 25.186,
                                "Actual Total Time": 79.78,
                                "Actual Rows": 282863,
                                "Actual Loops": 2,
                                "Recheck Cond": "(company_id > 71503)",
                                "Rows Removed by Index Recheck": 0,
                                "Exact Heap Blocks": 5093,
                                "Lossy Heap Blocks": 0,
                                "Plans": [
                                  {
                                    "Node Type": "Bitmap Index Scan",
                                    "Parent Relationship": "Outer",
                                    "Parallel Aware": false,
                                    "Index Name": "company_id_movie_companies",
                                    "Startup Cost": 0.0,
                                    "Total Cost": 11805.73,
                                    "Plan Rows": 551106,
                                    "Plan Width": 0,
                                    "Actual Startup Time": 23.99,
                                    "Actual Total Time": 23.991,
                                    "Actual Rows": 565726,
                                    "Actual Loops": 1,
                                    "Index Cond": "(company_id > 71503)"
                                  }
                                ]
                              }
                            ]
                          }
                        ]
                      }
                    ]
                  }
                ]
              }
            ]
          }
        ]
      }
    ]
  },
  "Planning Time": 0.505,
  "Triggers": [],
  "Execution Time": 5911.265
}