[
  {
    "Plan": {
      "Node Type": "Aggregate",
      "Strategy": "Plain",
      "Partial Mode": "Finalize",
      "Parallel Aware": false,
      "Startup Cost": 57110.71,
      "Total Cost": 57110.72,
      "Plan Rows": 1,
      "Plan Width": 8,
      "Actual Startup Time": 109.59,
      "Actual Total Time": 123.675,
      "Actual Rows": 1,
      "Actual Loops": 1,
      "Plans": [
        {
          "Node Type": "Gather",
          "Parent Relationship": "Outer",
          "Parallel Aware": false,
          "Startup Cost": 57110.29,
          "Total Cost": 57110.7,
          "Plan Rows": 4,
          "Plan Width": 8,
          "Actual Startup Time": 109.382,
          "Actual Total Time": 123.587,
          "Actual Rows": 5,
          "Actual Loops": 1,
          "Workers Planned": 4,
          "Workers Launched": 4,
          "Single Copy": false,
          "Plans": [
            {
              "Node Type": "Aggregate",
              "Strategy": "Plain",
              "Partial Mode": "Partial",
              "Parent Relationship": "Outer",
              "Parallel Aware": false,
              "Startup Cost": 56110.29,
              "Total Cost": 56110.3,
              "Plan Rows": 1,
              "Plan Width": 8,
              "Actual Startup Time": 99.107,
              "Actual Total Time": 99.108,
              "Actual Rows": 1,
              "Actual Loops": 5,
              "Plans": [
                {
                  "Node Type": "Nested Loop",
                  "Parent Relationship": "Outer",
                  "Parallel Aware": false,
                  "Join Type": "Inner",
                  "Startup Cost": 0.43,
                  "Total Cost": 56104.97,
                  "Plan Rows": 2129,
                  "Plan Width": 0,
                  "Actual Startup Time": 4.143,
                  "Actual Total Time": 98.764,
                  "Actual Rows": 6126,
                  "Actual Loops": 5,
                  "Inner Unique": false,
                  "Plans": [
                    {
                      "Node Type": "Seq Scan",
                      "Parent Relationship": "Outer",
                      "Parallel Aware": true,
                      "Relation Name": "title",
                      "Alias": "t",
                      "Startup Cost": 0.0,
                      "Total Cost": 45479.1,
                      "Plan Rows": 1190,
                      "Plan Width": 4,
                      "Actual Startup Time": 1.084,
                      "Actual Total Time": 84.131,
                      "Actual Rows": 1198,
                      "Actual Loops": 5,
                      "Filter": "((kind_id < 7) AND (production_year = 1972))",
                      "Rows Removed by Filter": 504465
                    },
                    {
                      "Node Type": "Index Only Scan",
                      "Parent Relationship": "Inner",
                      "Parallel Aware": false,
                      "Scan Direction": "Forward",
                      "Index Name": "movie_id_movie_keyword",
                      "Relation Name": "movie_keyword",
                      "Alias": "mk",
                      "Startup Cost": 0.43,
                      "Total Cost": 8.48,
                      "Plan Rows": 45,
                      "Plan Width": 4,
                      "Actual Startup Time": 0.01,
                      "Actual Total Time": 0.011,
                      "Actual Rows": 5,
                      "Actual Loops": 5989,
                      "Index Cond": "(movie_id = t.id)",
                      "Rows Removed by Index Recheck": 0,
                      "Heap Fetches": 30630
                    }
                  ]
                }
              ]
            }
          ]
        }
      ]
    },
    "Planning Time": 0.622,
    "Triggers": [],
    "Execution Time": 123.748
  }
]