[
  {
    "Plan": {
      "Node Type": "Aggregate",
      "Strategy": "Plain",
      "Partial Mode": "Finalize",
      "Parallel Aware": false,
      "Startup Cost": 245579.99,
      "Total Cost": 245580.0,
      "Plan Rows": 1,
      "Plan Width": 8,
      "Actual Startup Time": 420.657,
      "Actual Total Time": 464.017,
      "Actual Rows": 1,
      "Actual Loops": 1,
      "Plans": [
        {
          "Node Type": "Gather",
          "Parent Relationship": "Outer",
          "Parallel Aware": false,
          "Startup Cost": 245579.47,
          "Total Cost": 245579.98,
          "Plan Rows": 5,
          "Plan Width": 8,
          "Actual Startup Time": 419.072,
          "Actual Total Time": 464.007,
          "Actual Rows": 6,
          "Actual Loops": 1,
          "Workers Planned": 5,
          "Workers Launched": 5,
          "Single Copy": false,
          "Plans": [
            {
              "Node Type": "Aggregate",
              "Strategy": "Plain",
              "Partial Mode": "Partial",
              "Parent Relationship": "Outer",
              "Parallel Aware": false,
              "Startup Cost": 244579.47,
              "Total Cost": 244579.48,
              "Plan Rows": 1,
              "Plan Width": 8,
              "Actual Startup Time": 408.78,
              "Actual Total Time": 408.783,
              "Actual Rows": 1,
              "Actual Loops": 6,
              "Plans": [
                {
                  "Node Type": "Hash Join",
                  "Parent Relationship": "Outer",
                  "Parallel Aware": true,
                  "Join Type": "Inner",
                  "Startup Cost": 44345.84,
                  "Total Cost": 244513.96,
                  "Plan Rows": 26203,
                  "Plan Width": 0,
                  "Actual Startup Time": 109.609,
                  "Actual Total Time": 407.653,
                  "Actual Rows": 21937,
                  "Actual Loops": 6,
                  "Inner Unique": true,
                  "Hash Cond": "(mi.movie_id = t.id)",
                  "Plans": [
                    {
                      "Node Type": "Seq Scan",
                      "Parent Relationship": "Outer",
                      "Parallel Aware": true,
                      "Relation Name": "movie_info",
                      "Alias": "mi",
                      "Startup Cost": 0.0,
                      "Total Cost": 198952.16,
                      "Plan Rows": 463221,
                      "Plan Width": 4,
                      "Actual Startup Time": 15.509,
                      "Actual Total Time": 277.46,
                      "Actual Rows": 372308,
                      "Actual Loops": 6,
                      "Filter": "(info_type_id > 16)",
                      "Rows Removed by Filter": 2100312
                    },
                    {
                      "Node Type": "Hash",
                      "Parent Relationship": "Inner",
                      "Parallel Aware": true,
                      "Startup Cost": 43898.92,
                      "Total Cost": 43898.92,
                      "Plan Rows": 35754,
                      "Plan Width": 4,
                      "Actual Startup Time": 84.962,
                      "Actual Total Time": 84.963,
                      "Actual Rows": 24256,
                      "Actual Loops": 6,
                      "Hash Buckets": 262144,
                      "Original Hash Buckets": 262144,
                      "Hash Batches": 1,
                      "Original Hash Batches": 1,
                      "Peak Memory Usage": 7840,
                      "Plans": [
                        {
                          "Node Type": "Seq Scan",
                          "Parent Relationship": "Outer",
                          "Parallel Aware": true,
                          "Relation Name": "title",
                          "Alias": "t",
                          "Startup Cost": 0.0,
                          "Total Cost": 43898.92,
                          "Plan Rows": 35754,
                          "Plan Width": 4,
                          "Actual Startup Time": 14.024,
                          "Actual Total Time": 76.979,
                          "Actual Rows": 24256,
                          "Actual Loops": 6,
                          "Filter": "(production_year < 1942)",
                          "Rows Removed by Filter": 397129
                        }
                      ]
                    }
                  ]
                }
              ]
            }
          ]
        }
      ]
    },
    "Planning Time": 0.612,
    "Triggers": [],
    "Execution Time": 464.101
  }
]