[
  {
    "Plan": {
      "Node Type": "Aggregate",
      "Strategy": "Plain",
      "Partial Mode": "Finalize",
      "Parallel Aware": false,
      "Startup Cost": 372089.03,
      "Total Cost": 372089.04,
      "Plan Rows": 1,
      "Plan Width": 8,
      "Actual Startup Time": 476.751,
      "Actual Total Time": 547.75,
      "Actual Rows": 1,
      "Actual Loops": 1,
      "Plans": [
        {
          "Node Type": "Gather",
          "Parent Relationship": "Outer",
          "Parallel Aware": false,
          "Startup Cost": 372088.61,
          "Total Cost": 372089.02,
          "Plan Rows": 4,
          "Plan Width": 8,
          "Actual Startup Time": 476.629,
          "Actual Total Time": 547.741,
          "Actual Rows": 5,
          "Actual Loops": 1,
          "Workers Planned": 4,
          "Workers Launched": 4,
          "Single Copy": false,
          "Plans": [
            {
              "Node Type": "Aggregate",
              "Strategy": "Plain",
              "Partial Mode": "Partial",
              "Parent Relationship": "Outer",
              "Parallel Aware": false,
              "Startup Cost": 371088.61,
              "Total Cost": 371088.62,
              "Plan Rows": 1,
              "Plan Width": 8,
              "Actual Startup Time": 466.885,
              "Actual Total Time": 466.886,
              "Actual Rows": 1,
              "Actual Loops": 5,
              "Plans": [
                {
                  "Node Type": "Nested Loop",
                  "Parent Relationship": "Outer",
                  "Parallel Aware": false,
                  "Join Type": "Inner",
                  "Startup Cost": 0.56,
                  "Total Cost": 370552.04,
                  "Plan Rows": 214628,
                  "Plan Width": 0,
                  "Actual Startup Time": 0.361,
                  "Actual Total Time": 455.65,
                  "Actual Rows": 176903,
                  "Actual Loops": 5,
                  "Inner Unique": false,
                  "Plans": [
                    {
                      "Node Type": "Seq Scan",
                      "Parent Relationship": "Outer",
                      "Parallel Aware": true,
                      "Relation Name": "title",
                      "Alias": "t",
                      "Startup Cost": 0.0,
                      "Total Cost": 45479.1,
                      "Plan Rows": 14978,
                      "Plan Width": 4,
                      "Actual Startup Time": 0.046,
                      "Actual Total Time": 64.067,
                      "Actual Rows": 13655,
                      "Actual Loops": 5,
                      "Filter": "((kind_id > 2) AND (production_year = 2004))",
                      "Rows Removed by Filter": 492008
                    },
                    {
                      "Node Type": "Index Only Scan",
                      "Parent Relationship": "Inner",
                      "Parallel Aware": false,
                      "Scan Direction": "Forward",
                      "Index Name": "movie_id_cast_info",
                      "Relation Name": "cast_info",
                      "Alias": "ci",
                      "Startup Cost": 0.56,
                      "Total Cost": 21.33,
                      "Plan Rows": 37,
                      "Plan Width": 4,
                      "Actual Startup Time": 0.007,
                      "Actual Total Time": 0.027,
                      "Actual Rows": 13,
                      "Actual Loops": 68274,
                      "Index Cond": "(movie_id = t.id)",
                      "Rows Removed by Index Recheck": 0,
                      "Heap Fetches": 884515
                    }
                  ]
                }
              ]
            }
          ]
        }
      ]
    },
    "Planning Time": 0.612,
    "Triggers": [],
    "Execution Time": 547.844
  }
]