[
  {
    "Plan": {
      "Node Type": "Aggregate",
      "Strategy": "Plain",
      "Partial Mode": "Finalize",
      "Parallel Aware": false,
      "Startup Cost": 138161.72,
      "Total Cost": 138161.73,
      "Plan Rows": 1,
      "Plan Width": 8,
      "Actual Startup Time": 119.465,
      "Actual Total Time": 136.655,
      "Actual Rows": 1,
      "Actual Loops": 1,
      "Plans": [
        {
          "Node Type": "Gather",
          "Parent Relationship": "Outer",
          "Parallel Aware": false,
          "Startup Cost": 138161.3,
          "Total Cost": 138161.71,
          "Plan Rows": 4,
          "Plan Width": 8,
          "Actual Startup Time": 119.332,
          "Actual Total Time": 136.647,
          "Actual Rows": 5,
          "Actual Loops": 1,
          "Workers Planned": 4,
          "Workers Launched": 4,
          "Single Copy": false,
          "Plans": [
            {
              "Node Type": "Aggregate",
              "Strategy": "Plain",
              "Partial Mode": "Partial",
              "Parent Relationship": "Outer",
              "Parallel Aware": false,
              "Startup Cost": 137161.3,
              "Total Cost": 137161.31,
              "Plan Rows": 1,
              "Plan Width": 8,
              "Actual Startup Time": 110.619,
              "Actual Total Time": 110.621,
              "Actual Rows": 1,
              "Actual Loops": 5,
              "Plans": [
                {
                  "Node Type": "Nested Loop",
                  "Parent Relationship": "Outer",
                  "Parallel Aware": false,
                  "Join Type": "Inner",
                  "Startup Cost": 0.43,
                  "Total Cost": 137150.64,
                  "Plan Rows": 4266,
                  "Plan Width": 0,
                  "Actual Startup Time": 58.949,
                  "Actual Total Time": 110.007,
                  "Actual Rows": 7503,
                  "Actual Loops": 5,
                  "Inner Unique": false,
                  "Plans": [
                    {
                      "Node Type": "Seq Scan",
                      "Parent Relationship": "Outer",
                      "Parallel Aware": true,
                      "Relation Name": "title",
                      "Alias": "t",
                      "Startup Cost": 0.0,
                      "Total Cost": 45479.1,
                      "Plan Rows": 730,
                      "Plan Width": 4,
                      "Actual Startup Time": 58.854,
                      "Actual Total Time": 83.6,
                      "Actual Rows": 666,
                      "Actual Loops": 5,
                      "Filter": "((kind_id = 1) AND (production_year = 1961))",
                      "Rows Removed by Filter": 504997
                    },
                    {
                      "Node Type": "Index Only Scan",
                      "Parent Relationship": "Inner",
                      "Parallel Aware": false,
                      "Scan Direction": "Forward",
                      "Index Name": "movie_id_movie_info",
                      "Relation Name": "movie_info",
                      "Alias": "mi",
                      "Startup Cost": 0.43,
                      "Total Cost": 125.16,
                      "Plan Rows": 42,
                      "Plan Width": 4,
                      "Actual Startup Time": 0.014,
                      "Actual Total Time": 0.038,
                      "Actual Rows": 11,
                      "Actual Loops": 3329,
                      "Index Cond": "(movie_id = t.id)",
                      "Rows Removed by Index Recheck": 0,
                      "Heap Fetches": 37515
                    }
                  ]
                }
              ]
            }
          ]
        }
      ]
    },
    "Planning Time": 0.509,
    "Triggers": [],
    "Execution Time": 136.718
  }
]