{
  "Plan": {
    "Node Type": "Aggregate",
    "Strategy": "Plain",
    "Partial Mode": "Finalize",
    "Parallel Aware": false,
    "Startup Cost": 77938.4,
    "Total Cost": 77938.41,
    "Plan Rows": 1,
    "Plan Width": 8,
    "Actual Startup Time": 188.742,
    "Actual Total Time": 200.528,
    "Actual Rows": 1,
    "Actual Loops": 1,
    "Plans": [
      {
        "Node Type": "Gather",
        "Parent Relationship": "Outer",
        "Parallel Aware": false,
        "Startup Cost": 77938.29,
        "Total Cost": 77938.4,
        "Plan Rows": 1,
        "Plan Width": 8,
        "Actual Startup Time": 188.402,
        "Actual Total Time": 200.521,
        "Actual Rows": 2,
        "Actual Loops": 1,
        "Workers Planned": 1,
        "Workers Launched": 1,
        "Single Copy": false,
        "Plans": [
          {
            "Node Type": "Aggregate",
            "Strategy": "Plain",
            "Partial Mode": "Partial",
            "Parent Relationship": "Outer",
            "Parallel Aware": false,
            "Startup Cost": 76938.29,
            "Total Cost": 76938.3,
            "Plan Rows": 1,
            "Plan Width": 8,
            "Actual Startup Time": 182.281,
            "Actual Total Time": 182.285,
            "Actual Rows": 1,
            "Actual Loops": 2,
            "Plans": [
              {
                "Node Type": "Hash Join",
                "Parent Relationship": "Outer",
                "Parallel Aware": true,
                "Join Type": "Inner",
                "Startup Cost": 57592.76,
                "Total Cost": 76937.56,
                "Plan Rows": 289,
                "Plan Width": 0,
                "Actual Startup Time": 170.351,
                "Actual Total Time": 182.276,
                "Actual Rows": 9,
                "Actual Loops": 2,
                "Inner Unique": true,
                "Hash Cond": "(mc.movie_id = t.id)",
                "Plans": [
                  {
                    "Node Type": "Bitmap Heap Scan",
                    "Parent Relationship": "Outer",
                    "Parallel Aware": true,
                    "Relation Name": "movie_companies",
                    "Alias": "mc",
                    "Startup Cost": 1351.7,
                    "Total Cost": 20600.22,
                    "Plan Rows": 36681,
                    "Plan Width": 4,
                    "Actual Startup Time": 4.61,
                    "Actual Total Time": 15.874,
                    "Actual Rows": 31038,
                    "Actual Loops": 2,
                    "Recheck Cond": "(company_id = 6)",
                    "Rows Removed by Index Recheck": 0,
                    "Exact Heap Blocks": 3378,
                    "Lossy Heap Blocks": 0,
                    "Plans": [
                      {
                        "Node Type": "Bitmap Index Scan",
                        "Parent Relationship": "Outer",
                        "Parallel Aware": false,
                        "Index Name": "company_id_movie_companies",
                        "Startup Cost": 0.0,
                        "Total Cost": 1336.12,
                        "Plan Rows": 62358,
                        "Plan Width": 0,
                        "Actual Startup Time": 3.519,
                        "Actual Total Time": 3.52,
                        "Actual Rows": 62075,
                        "Actual Loops": 1,
                        "Index Cond": "(company_id = 6)"
                      }
                    ]
                  },
                  {
                    "Node Type": "Hash",
                    "Parent Relationship": "Inner",
                    "Parallel Aware": true,
                    "Startup Cost": 56094.33,
                    "Total Cost": 56094.33,
                    "Plan Rows": 11738,
                    "Plan Width": 4,
                    "Actual Startup Time": 161.051,
                    "Actual Total Time": 161.052,
                    "Actual Rows": 6920,
                    "Actual Loops": 2,
                    "Hash Buckets": 32768,
                    "Original Hash Buckets": 32768,
                    "Hash Batches": 1,
                    "Original Hash Batches": 1,
                    "Peak Memory Usage": 800,
                    "Plans": [
                      {
                        "Node Type": "Bitmap Heap Scan",
                        "Parent Relationship": "Outer",
                        "Parallel Aware": true,
                        "Relation Name": "title",
                        "Alias": "t",
                        "Startup Cost": 13443.95,
                        "Total Cost": 56094.33,
                        "Plan Rows": 11738,
                        "Plan Width": 4,
                        "Actual Startup Time": 57.231,
                        "Actual Total Time": 158.328,
                        "Actual Rows": 6920,
                        "Actual Loops": 2,
                        "Recheck Cond": "(kind_id < 3)",
                        "Rows Removed by Index Recheck": 0,
                        "Filter": "(production_year = 2003)",
                        "Rows Removed by Filter": 369918,
                        "Exact Heap Blocks": 24330,
                        "Lossy Heap Blocks": 0,
                        "Plans": [
                          {
                            "Node Type": "Bitmap Index Scan",
                            "Parent Relationship": "Outer",
                            "Parallel Aware": false,
                            "Index Name": "kind_id_title",
                            "Startup Cost": 0.0,
                            "Total Cost": 13438.96,
                            "Plan Rows": 753937,
                            "Plan Width": 0,
                            "Actual Startup Time": 52.751,
                            "Actual Total Time": 52.751,
                            "Actual Rows": 753677,
                            "Actual Loops": 1,
                            "Index Cond": "(kind_id < 3)"
                          }
                        ]
                      }
                    ]
                  }
                ]
              }
            ]
          }
        ]
      }
    ]
  },
  "Planning Time": 0.495,
  "Triggers": [],
  "Execution Time": 200.632
}