[
  {
    "Plan": {
      "Node Type": "Aggregate",
      "Strategy": "Plain",
      "Partial Mode": "Finalize",
      "Parallel Aware": false,
      "Startup Cost": 75014.14,
      "Total Cost": 75014.15,
      "Plan Rows": 1,
      "Plan Width": 8,
      "Actual Startup Time": 340.741,
      "Actual Total Time": 358.72,
      "Actual Rows": 1,
      "Actual Loops": 1,
      "Plans": [
        {
          "Node Type": "Gather",
          "Parent Relationship": "Outer",
          "Parallel Aware": false,
          "Startup Cost": 75013.92,
          "Total Cost": 75014.13,
          "Plan Rows": 2,
          "Plan Width": 8,
          "Actual Startup Time": 339.382,
          "Actual Total Time": 358.711,
          "Actual Rows": 3,
          "Actual Loops": 1,
          "Workers Planned": 2,
          "Workers Launched": 2,
          "Single Copy": false,
          "Plans": [
            {
              "Node Type": "Aggregate",
              "Strategy": "Plain",
              "Partial Mode": "Partial",
              "Parent Relationship": "Outer",
              "Parallel Aware": false,
              "Startup Cost": 74013.92,
              "Total Cost": 74013.93,
              "Plan Rows": 1,
              "Plan Width": 8,
              "Actual Startup Time": 331.637,
              "Actual Total Time": 331.726,
              "Actual Rows": 1,
              "Actual Loops": 3,
              "Plans": [
                {
                  "Node Type": "Nested Loop",
                  "Parent Relationship": "Outer",
                  "Parallel Aware": false,
                  "Join Type": "Inner",
                  "Startup Cost": 45749.73,
                  "Total Cost": 73963.19,
                  "Plan Rows": 20293,
                  "Plan Width": 0,
                  "Actual Startup Time": 126.678,
                  "Actual Total Time": 325.602,
                  "Actual Rows": 147436,
                  "Actual Loops": 3,
                  "Inner Unique": false,
                  "Join Filter": "(t.id = mc.movie_id)",
                  "Rows Removed by Join Filter": 0,
                  "Plans": [
                    {
                      "Node Type": "Hash Join",
                      "Parent Relationship": "Outer",
                      "Parallel Aware": true,
                      "Join Type": "Inner",
                      "Startup Cost": 45749.3,
                      "Total Cost": 60943.86,
                      "Plan Rows": 19665,
                      "Plan Width": 8,
                      "Actual Startup Time": 126.614,
                      "Actual Total Time": 211.926,
                      "Actual Rows": 38879,
                      "Actual Loops": 3,
                      "Inner Unique": true,
                      "Hash Cond": "(mi_idx.movie_id = t.id)",
                      "Plans": [
                        {
                          "Node Type": "Seq Scan",
                          "Parent Relationship": "Outer",
                          "Parallel Aware": true,
                          "Relation Name": "movie_info_idx",
                          "Alias": "mi_idx",
                          "Startup Cost": 0.0,
                          "Total Cost": 13685.15,
                          "Plan Rows": 575015,
                          "Plan Width": 4,
                          "Actual Startup Time": 0.021,
                          "Actual Total Time": 33.068,
                          "Actual Rows": 460012,
                          "Actual Loops": 3
                        },
                        {
                          "Node Type": "Hash",
                          "Parent Relationship": "Inner",
                          "Parallel Aware": true,
                          "Startup Cost": 45479.1,
                          "Total Cost": 45479.1,
                          "Plan Rows": 21616,
                          "Plan Width": 4,
                          "Actual Startup Time": 124.422,
                          "Actual Total Time": 124.422,
                          "Actual Rows": 63713,
                          "Actual Loops": 3,
                          "Hash Buckets": 262144,
                          "Original Hash Buckets": 131072,
                          "Hash Batches": 1,
                          "Original Hash Batches": 1,
                          "Peak Memory Usage": 10592,
                          "Plans": [
                            {
                              "Node Type": "Seq Scan",
                              "Parent Relationship": "Outer",
                              "Parallel Aware": true,
                              "Relation Name": "title",
                              "Alias": "t",
                              "Startup Cost": 0.0,
                              "Total Cost": 45479.1,
                              "Plan Rows": 21616,
                              "Plan Width": 4,
                              "Actual Startup Time": 0.501,
                              "Actual Total Time": 107.4,
                              "Actual Rows": 63713,
                              "Actual Loops": 3,
                              "Filter": "((kind_id < 7) AND (production_year < 1959))",
                              "Rows Removed by Filter": 779058
                            }
                          ]
                        }
                      ]
                    },
                    {
                      "Node Type": "Index Only Scan",
                      "Parent Relationship": "Inner",
                      "Parallel Aware": false,
                      "Scan Direction": "Forward",
                      "Index Name": "movie_id_movie_companies",
                      "Relation Name": "movie_companies",
                      "Alias": "mc",
                      "Startup Cost": 0.43,
                      "Total Cost": 0.6,
                      "Plan Rows": 5,
                      "Plan Width": 4,
                      "Actual Startup Time": 0.002,
                      "Actual Total Time": 0.002,
                      "Actual Rows": 4,
                      "Actual Loops": 116637,
                      "Index Cond": "(movie_id = mi_idx.movie_id)",
                      "Rows Removed by Index Recheck": 0,
                      "Heap Fetches": 442309
                    }
                  ]
                }
              ]
            }
          ]
        }
      ]
    },
    "Planning Time": 1.489,
    "Triggers": [],
    "Execution Time": 358.808
  }
]