{
  "Plan": {
    "Node Type": "Aggregate",
    "Strategy": "Plain",
    "Partial Mode": "Finalize",
    "Parallel Aware": false,
    "Startup Cost": 84681.27,
    "Total Cost": 84681.28,
    "Plan Rows": 1,
    "Plan Width": 8,
    "Actual Startup Time": 202.526,
    "Actual Total Time": 218.291,
    "Actual Rows": 1,
    "Actual Loops": 1,
    "Plans": [
      {
        "Node Type": "Gather",
        "Parent Relationship": "Outer",
        "Parallel Aware": false,
        "Startup Cost": 84681.16,
        "Total Cost": 84681.27,
        "Plan Rows": 1,
        "Plan Width": 8,
        "Actual Startup Time": 202.271,
        "Actual Total Time": 218.282,
        "Actual Rows": 2,
        "Actual Loops": 1,
        "Workers Planned": 1,
        "Workers Launched": 1,
        "Single Copy": false,
        "Plans": [
          {
            "Node Type": "Aggregate",
            "Strategy": "Plain",
            "Partial Mode": "Partial",
            "Parent Relationship": "Outer",
            "Parallel Aware": false,
            "Startup Cost": 83681.16,
            "Total Cost": 83681.17,
            "Plan Rows": 1,
            "Plan Width": 8,
            "Actual Startup Time": 196.201,
            "Actual Total Time": 196.205,
            "Actual Rows": 1,
            "Actual Loops": 2,
            "Plans": [
              {
                "Node Type": "Hash Join",
                "Parent Relationship": "Outer",
                "Parallel Aware": true,
                "Join Type": "Inner",
                "Startup Cost": 59106.57,
                "Total Cost": 83680.57,
                "Plan Rows": 237,
                "Plan Width": 0,
                "Actual Startup Time": 173.433,
                "Actual Total Time": 196.153,
                "Actual Rows": 310,
                "Actual Loops": 2,
                "Inner Unique": true,
                "Hash Cond": "(mk.movie_id = t.id)",
                "Plans": [
                  {
                    "Node Type": "Bitmap Heap Scan",
                    "Parent Relationship": "Outer",
                    "Parallel Aware": true,
                    "Relation Name": "movie_keyword",
                    "Alias": "mk",
                    "Startup Cost": 429.04,
                    "Total Cost": 24971.84,
                    "Plan Rows": 11886,
                    "Plan Width": 4,
                    "Actual Startup Time": 6.84,
                    "Actual Total Time": 26.98,
                    "Actual Rows": 9764,
                    "Actual Loops": 2,
                    "Recheck Cond": "(keyword_id = 137)",
                    "Rows Removed by Index Recheck": 0,
                    "Exact Heap Blocks": 9103,
                    "Lossy Heap Blocks": 0,
                    "Plans": [
                      {
                        "Node Type": "Bitmap Index Scan",
                        "Parent Relationship": "Outer",
                        "Parallel Aware": false,
                        "Index Name": "keyword_id_movie_keyword",
                        "Startup Cost": 0.0,
                        "Total Cost": 423.99,
                        "Plan Rows": 20207,
                        "Plan Width": 0,
                        "Actual Startup Time": 4.089,
                        "Actual Total Time": 4.089,
                        "Actual Rows": 19528,
                        "Actual Loops": 1,
                        "Index Cond": "(keyword_id = 137)"
                      }
                    ]
                  },
                  {
                    "Node Type": "Hash",
                    "Parent Relationship": "Inner",
                    "Parallel Aware": true,
                    "Startup Cost": 58306.47,
                    "Total Cost": 58306.47,
                    "Plan Rows": 29685,
                    "Plan Width": 4,
                    "Actual Startup Time": 164.687,
                    "Actual Total Time": 164.688,
                    "Actual Rows": 22006,
                    "Actual Loops": 2,
                    "Hash Buckets": 65536,
                    "Original Hash Buckets": 65536,
                    "Hash Batches": 1,
                    "Original Hash Batches": 1,
                    "Peak Memory Usage": 2272,
                    "Plans": [
                      {
                        "Node Type": "Seq Scan",
                        "Parent Relationship": "Outer",
                        "Parallel Aware": true,
                        "Relation Name": "title",
                        "Alias": "t",
                        "Startup Cost": 0.0,
                        "Total Cost": 58306.47,
                        "Plan Rows": 29685,
                        "Plan Width": 4,
                        "Actual Startup Time": 0.15,
                        "Actual Total Time": 157.679,
                        "Actual Rows": 22006,
                        "Actual Loops": 2,
                        "Filter": "((kind_id < 7) AND (production_year = 2009))",
                        "Rows Removed by Filter": 1242150
                      }
                    ]
                  }
                ]
              }
            ]
          }
        ]
      }
    ]
  },
  "Planning Time": 0.489,
  "Triggers": [],
  "Execution Time": 218.397
}