[
  {
    "Plan": {
      "Node Type": "Aggregate",
      "Strategy": "Plain",
      "Partial Mode": "Finalize",
      "Parallel Aware": false,
      "Startup Cost": 353994.97,
      "Total Cost": 353994.98,
      "Plan Rows": 1,
      "Plan Width": 8,
      "Actual Startup Time": 938.94,
      "Actual Total Time": 999.468,
      "Actual Rows": 1,
      "Actual Loops": 1,
      "Plans": [
        {
          "Node Type": "Gather",
          "Parent Relationship": "Outer",
          "Parallel Aware": false,
          "Startup Cost": 353994.35,
          "Total Cost": 353994.96,
          "Plan Rows": 6,
          "Plan Width": 8,
          "Actual Startup Time": 938.83,
          "Actual Total Time": 999.457,
          "Actual Rows": 7,
          "Actual Loops": 1,
          "Workers Planned": 6,
          "Workers Launched": 6,
          "Single Copy": false,
          "Plans": [
            {
              "Node Type": "Aggregate",
              "Strategy": "Plain",
              "Partial Mode": "Partial",
              "Parent Relationship": "Outer",
              "Parallel Aware": false,
              "Startup Cost": 352994.35,
              "Total Cost": 352994.36,
              "Plan Rows": 1,
              "Plan Width": 8,
              "Actual Startup Time": 930.167,
              "Actual Total Time": 930.169,
              "Actual Rows": 1,
              "Actual Loops": 7,
              "Plans": [
                {
                  "Node Type": "Seq Scan",
                  "Parent Relationship": "Outer",
                  "Parallel Aware": true,
                  "Relation Name": "cast_info",
                  "Alias": "ci",
                  "Startup Cost": 0.0,
                  "Total Cost": 343257.03,
                  "Plan Rows": 3894927,
                  "Plan Width": 0,
                  "Actual Startup Time": 129.64,
                  "Actual Total Time": 768.87,
                  "Actual Rows": 3218370,
                  "Actual Loops": 7,
                  "Filter": "((person_id > 933412) AND (role_id < 10))",
                  "Rows Removed by Filter": 1959393
                }
              ]
            }
          ]
        }
      ]
    },
    "Planning Time": 0.147,
    "Triggers": [],
    "Execution Time": 999.524
  }
]