[
  {
    "Plan": {
      "Node Type": "Aggregate",
      "Strategy": "Plain",
      "Partial Mode": "Finalize",
      "Parallel Aware": false,
      "Startup Cost": 32156.14,
      "Total Cost": 32156.15,
      "Plan Rows": 1,
      "Plan Width": 8,
      "Actual Startup Time": 131.627,
      "Actual Total Time": 140.479,
      "Actual Rows": 1,
      "Actual Loops": 1,
      "Plans": [
        {
          "Node Type": "Gather",
          "Parent Relationship": "Outer",
          "Parallel Aware": false,
          "Startup Cost": 32155.82,
          "Total Cost": 32156.13,
          "Plan Rows": 3,
          "Plan Width": 8,
          "Actual Startup Time": 131.48,
          "Actual Total Time": 140.47,
          "Actual Rows": 4,
          "Actual Loops": 1,
          "Workers Planned": 3,
          "Workers Launched": 3,
          "Single Copy": false,
          "Plans": [
            {
              "Node Type": "Aggregate",
              "Strategy": "Plain",
              "Partial Mode": "Partial",
              "Parent Relationship": "Outer",
              "Parallel Aware": false,
              "Startup Cost": 31155.82,
              "Total Cost": 31155.83,
              "Plan Rows": 1,
              "Plan Width": 8,
              "Actual Startup Time": 122.494,
              "Actual Total Time": 122.496,
              "Actual Rows": 1,
              "Actual Loops": 4,
              "Plans": [
                {
                  "Node Type": "Seq Scan",
                  "Parent Relationship": "Outer",
                  "Parallel Aware": true,
                  "Relation Name": "movie_companies",
                  "Alias": "mc",
                  "Startup Cost": 0.0,
                  "Total Cost": 29310.68,
                  "Plan Rows": 738056,
                  "Plan Width": 0,
                  "Actual Startup Time": 0.063,
                  "Actual Total Time": 91.536,
                  "Actual Rows": 571381,
                  "Actual Loops": 4,
                  "Filter": "(company_id < 91413)",
                  "Rows Removed by Filter": 80901
                }
              ]
            }
          ]
        }
      ]
    },
    "Planning Time": 0.199,
    "Triggers": [],
    "Execution Time": 140.537
  }
]