[
  {
    "Plan": {
      "Node Type": "Aggregate",
      "Strategy": "Plain",
      "Partial Mode": "Finalize",
      "Parallel Aware": false,
      "Startup Cost": 90911.43,
      "Total Cost": 90911.44,
      "Plan Rows": 1,
      "Plan Width": 8,
      "Actual Startup Time": 500.114,
      "Actual Total Time": 516.172,
      "Actual Rows": 1,
      "Actual Loops": 1,
      "Plans": [
        {
          "Node Type": "Gather",
          "Parent Relationship": "Outer",
          "Parallel Aware": false,
          "Startup Cost": 90911.22,
          "Total Cost": 90911.43,
          "Plan Rows": 2,
          "Plan Width": 8,
          "Actual Startup Time": 494.827,
          "Actual Total Time": 516.164,
          "Actual Rows": 3,
          "Actual Loops": 1,
          "Workers Planned": 2,
          "Workers Launched": 2,
          "Single Copy": false,
          "Plans": [
            {
              "Node Type": "Aggregate",
              "Strategy": "Plain",
              "Partial Mode": "Partial",
              "Parent Relationship": "Outer",
              "Parallel Aware": false,
              "Startup Cost": 89911.22,
              "Total Cost": 89911.23,
              "Plan Rows": 1,
              "Plan Width": 8,
              "Actual Startup Time": 487.128,
              "Actual Total Time": 487.135,
              "Actual Rows": 1,
              "Actual Loops": 3,
              "Plans": [
                {
                  "Node Type": "Hash Join",
                  "Parent Relationship": "Outer",
                  "Parallel Aware": true,
                  "Join Type": "Inner",
                  "Startup Cost": 73894.82,
                  "Total Cost": 89834.83,
                  "Plan Rows": 30553,
                  "Plan Width": 0,
                  "Actual Startup Time": 431.985,
                  "Actual Total Time": 484.332,
                  "Actual Rows": 64685,
                  "Actual Loops": 3,
                  "Inner Unique": false,
                  "Hash Cond": "(mi_idx.movie_id = t.id)",
                  "Plans": [
                    {
                      "Node Type": "Seq Scan",
                      "Parent Relationship": "Outer",
                      "Parallel Aware": true,
                      "Relation Name": "movie_info_idx",
                      "Alias": "mi_idx",
                      "Startup Cost": 0.0,
                      "Total Cost": 13685.15,
                      "Plan Rows": 575015,
                      "Plan Width": 4,
                      "Actual Startup Time": 0.017,
                      "Actual Total Time": 42.104,
                      "Actual Rows": 460012,
                      "Actual Loops": 3
                    },
                    {
                      "Node Type": "Hash",
                      "Parent Relationship": "Inner",
                      "Parallel Aware": true,
                      "Startup Cost": 73353.11,
                      "Total Cost": 73353.11,
                      "Plan Rows": 43337,
                      "Plan Width": 8,
                      "Actual Startup Time": 391.225,
                      "Actual Total Time": 391.23,
                      "Actual Rows": 44462,
                      "Actual Loops": 3,
                      "Hash Buckets": 262144,
                      "Original Hash Buckets": 262144,
                      "Hash Batches": 1,
                      "Original Hash Batches": 1,
                      "Peak Memory Usage": 7328,
                      "Plans": [
                        {
                          "Node Type": "Hash Join",
                          "Parent Relationship": "Outer",
                          "Parallel Aware": true,
                          "Join Type": "Inner",
                          "Startup Cost": 53491.77,
                          "Total Cost": 73353.11,
                          "Plan Rows": 43337,
                          "Plan Width": 8,
                          "Actual Startup Time": 328.393,
                          "Actual Total Time": 379.732,
                          "Actual Rows": 44462,
                          "Actual Loops": 3,
                          "Inner Unique": true,
                          "Hash Cond": "(mc.movie_id = t.id)",
                          "Plans": [
                            {
                              "Node Type": "Bitmap Heap Scan",
                              "Parent Relationship": "Outer",
                              "Parallel Aware": true,
                              "Relation Name": "movie_companies",
                              "Alias": "mc",
                              "Startup Cost": 4758.18,
                              "Total Cost": 24433.58,
                              "Plan Rows": 70832,
                              "Plan Width": 4,
                              "Actual Startup Time": 13.351,
                              "Actual Total Time": 30.06,
                              "Actual Rows": 72416,
                              "Actual Loops": 3,
                              "Recheck Cond": "(company_id > 108682)",
                              "Rows Removed by Index Recheck": 0,
                              "Exact Heap Blocks": 1513,
                              "Lossy Heap Blocks": 0,
                              "Plans": [
                                {
                                  "Node Type": "Bitmap Index Scan",
                                  "Parent Relationship": "Outer",
                                  "Parallel Aware": false,
                                  "Index Name": "company_id_movie_companies",
                                  "Startup Cost": 0.0,
                                  "Total Cost": 4703.28,
                                  "Plan Rows": 219580,
                                  "Plan Width": 0,
                                  "Actual Startup Time": 12.557,
                                  "Actual Total Time": 12.558,
                                  "Actual Rows": 217248,
                                  "Actual Loops": 1,
                                  "Index Cond": "(company_id > 108682)"
                                }
                              ]
                            },
                            {
                              "Node Type": "Hash",
                              "Parent Relationship": "Inner",
                              "Parallel Aware": true,
                              "Startup Cost": 43899.32,
                              "Total Cost": 43899.32,
                              "Plan Rows": 386742,
                              "Plan Width": 4,
                              "Actual Startup Time": 309.418,
                              "Actual Total Time": 309.419,
                              "Actual Rows": 510538,
                              "Actual Loops": 3,
                              "Hash Buckets": 2097152,
                              "Original Hash Buckets": 2097152,
                              "Hash Batches": 1,
                              "Original Hash Batches": 1,
                              "Peak Memory Usage": 76352,
                              "Plans": [
                                {
                                  "Node Type": "Seq Scan",
                                  "Parent Relationship": "Outer",
                                  "Parallel Aware": true,
                                  "Relation Name": "title",
                                  "Alias": "t",
                                  "Startup Cost": 0.0,
                                  "Total Cost": 43899.32,
                                  "Plan Rows": 386742,
                                  "Plan Width": 4,
                                  "Actual Startup Time": 0.023,
                                  "Actual Total Time": 138.945,
                                  "Actual Rows": 510538,
                                  "Actual Loops": 3,
                                  "Filter": "(production_year > 1997)",
                                  "Rows Removed by Filter": 332233
                                }
                              ]
                            }
                          ]
                        }
                      ]
                    }
                  ]
                }
              ]
            }
          ]
        }
      ]
    },
    "Planning Time": 0.544,
    "Triggers": [],
    "Execution Time": 516.224
  }
]