[
  {
    "Plan": {
      "Node Type": "Aggregate",
      "Strategy": "Plain",
      "Partial Mode": "Finalize",
      "Parallel Aware": false,
      "Startup Cost": 32911.03,
      "Total Cost": 32911.04,
      "Plan Rows": 1,
      "Plan Width": 8,
      "Actual Startup Time": 96.722,
      "Actual Total Time": 104.282,
      "Actual Rows": 1,
      "Actual Loops": 1,
      "Plans": [
        {
          "Node Type": "Gather",
          "Parent Relationship": "Outer",
          "Parallel Aware": false,
          "Startup Cost": 32910.71,
          "Total Cost": 32911.02,
          "Plan Rows": 3,
          "Plan Width": 8,
          "Actual Startup Time": 96.568,
          "Actual Total Time": 104.271,
          "Actual Rows": 4,
          "Actual Loops": 1,
          "Workers Planned": 3,
          "Workers Launched": 3,
          "Single Copy": false,
          "Plans": [
            {
              "Node Type": "Aggregate",
              "Strategy": "Plain",
              "Partial Mode": "Partial",
              "Parent Relationship": "Outer",
              "Parallel Aware": false,
              "Startup Cost": 31910.71,
              "Total Cost": 31910.72,
              "Plan Rows": 1,
              "Plan Width": 8,
              "Actual Startup Time": 87.829,
              "Actual Total Time": 87.83,
              "Actual Rows": 1,
              "Actual Loops": 4,
              "Plans": [
                {
                  "Node Type": "Seq Scan",
                  "Parent Relationship": "Outer",
                  "Parallel Aware": true,
                  "Relation Name": "movie_companies",
                  "Alias": "mc",
                  "Startup Cost": 0.0,
                  "Total Cost": 31414.82,
                  "Plan Rows": 198356,
                  "Plan Width": 0,
                  "Actual Startup Time": 24.096,
                  "Actual Total Time": 82.945,
                  "Actual Rows": 89148,
                  "Actual Loops": 4,
                  "Filter": "((company_id > 11675) AND (company_type_id < 2))",
                  "Rows Removed by Filter": 563134
                }
              ]
            }
          ]
        }
      ]
    },
    "Planning Time": 0.224,
    "Triggers": [],
    "Execution Time": 104.339
  }
]