[
  {
    "Plan": {
      "Node Type": "Aggregate",
      "Strategy": "Plain",
      "Partial Mode": "Finalize",
      "Parallel Aware": false,
      "Startup Cost": 88851.43,
      "Total Cost": 88851.44,
      "Plan Rows": 1,
      "Plan Width": 8,
      "Actual Startup Time": 561.292,
      "Actual Total Time": 584.595,
      "Actual Rows": 1,
      "Actual Loops": 1,
      "Plans": [
        {
          "Node Type": "Gather",
          "Parent Relationship": "Outer",
          "Parallel Aware": false,
          "Startup Cost": 88851.11,
          "Total Cost": 88851.42,
          "Plan Rows": 3,
          "Plan Width": 8,
          "Actual Startup Time": 554.865,
          "Actual Total Time": 584.586,
          "Actual Rows": 4,
          "Actual Loops": 1,
          "Workers Planned": 3,
          "Workers Launched": 3,
          "Single Copy": false,
          "Plans": [
            {
              "Node Type": "Aggregate",
              "Strategy": "Plain",
              "Partial Mode": "Partial",
              "Parent Relationship": "Outer",
              "Parallel Aware": false,
              "Startup Cost": 87851.11,
              "Total Cost": 87851.12,
              "Plan Rows": 1,
              "Plan Width": 8,
              "Actual Startup Time": 531.513,
              "Actual Total Time": 531.516,
              "Actual Rows": 1,
              "Actual Loops": 4,
              "Plans": [
                {
                  "Node Type": "Hash Join",
                  "Parent Relationship": "Outer",
                  "Parallel Aware": true,
                  "Join Type": "Inner",
                  "Startup Cost": 60612.53,
                  "Total Cost": 87456.14,
                  "Plan Rows": 157990,
                  "Plan Width": 0,
                  "Actual Startup Time": 423.264,
                  "Actual Total Time": 524.8,
                  "Actual Rows": 121905,
                  "Actual Loops": 4,
                  "Inner Unique": true,
                  "Hash Cond": "(mk.movie_id = t.id)",
                  "Plans": [
                    {
                      "Node Type": "Bitmap Heap Scan",
                      "Parent Relationship": "Outer",
                      "Parallel Aware": true,
                      "Relation Name": "movie_keyword",
                      "Alias": "mk",
                      "Startup Cost": 10392.15,
                      "Total Cost": 36821.03,
                      "Plan Rows": 157990,
                      "Plan Width": 4,
                      "Actual Startup Time": 33.893,
                      "Actual Total Time": 89.319,
                      "Actual Rows": 121905,
                      "Actual Loops": 4,
                      "Recheck Cond": "(keyword_id > 36833)",
                      "Rows Removed by Index Recheck": 0,
                      "Exact Heap Blocks": 4652,
                      "Lossy Heap Blocks": 0,
                      "Plans": [
                        {
                          "Node Type": "Bitmap Index Scan",
                          "Parent Relationship": "Outer",
                          "Parallel Aware": false,
                          "Index Name": "keyword_id_movie_keyword",
                          "Startup Cost": 0.0,
                          "Total Cost": 10269.71,
                          "Plan Rows": 489770,
                          "Plan Width": 0,
                          "Actual Startup Time": 30.379,
                          "Actual Total Time": 30.38,
                          "Actual Rows": 487619,
                          "Actual Loops": 1,
                          "Index Cond": "(keyword_id > 36833)"
                        }
                      ]
                    },
                    {
                      "Node Type": "Hash",
                      "Parent Relationship": "Inner",
                      "Parallel Aware": true,
                      "Startup Cost": 42319.06,
                      "Total Cost": 42319.06,
                      "Plan Rows": 632106,
                      "Plan Width": 4,
                      "Actual Startup Time": 376.264,
                      "Actual Total Time": 376.265,
                      "Actual Rows": 632078,
                      "Actual Loops": 4,
                      "Hash Buckets": 4194304,
                      "Original Hash Buckets": 4194304,
                      "Hash Batches": 1,
                      "Original Hash Batches": 1,
                      "Peak Memory Usage": 131744,
                      "Plans": [
                        {
                          "Node Type": "Seq Scan",
                          "Parent Relationship": "Outer",
                          "Parallel Aware": true,
                          "Relation Name": "title",
                          "Alias": "t",
                          "Startup Cost": 0.0,
                          "Total Cost": 42319.06,
                          "Plan Rows": 632106,
                          "Plan Width": 4,
                          "Actual Startup Time": 0.074,
                          "Actual Total Time": 109.981,
                          "Actual Rows": 632078,
                          "Actual Loops": 4
                        }
                      ]
                    }
                  ]
                }
              ]
            }
          ]
        }
      ]
    },
    "Planning Time": 0.503,
    "Triggers": [],
    "Execution Time": 584.685
  }
]