[
  {
    "Plan": {
      "Node Type": "Aggregate",
      "Strategy": "Plain",
      "Partial Mode": "Finalize",
      "Parallel Aware": false,
      "Startup Cost": 46013.5,
      "Total Cost": 46013.51,
      "Plan Rows": 1,
      "Plan Width": 8,
      "Actual Startup Time": 154.864,
      "Actual Total Time": 165.409,
      "Actual Rows": 1,
      "Actual Loops": 1,
      "Plans": [
        {
          "Node Type": "Gather",
          "Parent Relationship": "Outer",
          "Parallel Aware": false,
          "Startup Cost": 46013.18,
          "Total Cost": 46013.49,
          "Plan Rows": 3,
          "Plan Width": 8,
          "Actual Startup Time": 154.699,
          "Actual Total Time": 165.4,
          "Actual Rows": 4,
          "Actual Loops": 1,
          "Workers Planned": 3,
          "Workers Launched": 3,
          "Single Copy": false,
          "Plans": [
            {
              "Node Type": "Aggregate",
              "Strategy": "Plain",
              "Partial Mode": "Partial",
              "Parent Relationship": "Outer",
              "Parallel Aware": false,
              "Startup Cost": 45013.18,
              "Total Cost": 45013.19,
              "Plan Rows": 1,
              "Plan Width": 8,
              "Actual Startup Time": 148.37,
              "Actual Total Time": 148.372,
              "Actual Rows": 1,
              "Actual Loops": 4,
              "Plans": [
                {
                  "Node Type": "Seq Scan",
                  "Parent Relationship": "Outer",
                  "Parallel Aware": true,
                  "Relation Name": "movie_keyword",
                  "Alias": "mk",
                  "Startup Cost": 0.0,
                  "Total Cost": 42695.65,
                  "Plan Rows": 927010,
                  "Plan Width": 0,
                  "Actual Startup Time": 0.047,
                  "Actual Total Time": 115.293,
                  "Actual Rows": 721738,
                  "Actual Loops": 4,
                  "Filter": "(keyword_id < 9063)",
                  "Rows Removed by Filter": 409244
                }
              ]
            }
          ]
        }
      ]
    },
    "Planning Time": 0.149,
    "Triggers": [],
    "Execution Time": 165.457
  }
]