[
    {
        "Bao": {
            "Bao prediction": "NaN",
            "Bao recommended hint": "(no hint)"
        }
    },
    {
        "Plan": {
            "Node Type": "Aggregate",
            "Strategy": "Plain",
            "Partial Mode": "Finalize",
            "Parallel Aware": false,
            "Startup Cost": 349414.68,
            "Total Cost": 349414.69,
            "Plan Rows": 1,
            "Plan Width": 8,
            "Actual Startup Time": 348.273,
            "Actual Total Time": 366.226,
            "Actual Rows": 1,
            "Actual Loops": 1,
            "Output": [
                "count(*)"
            ],
            "Plans": [
                {
                    "Node Type": "Gather",
                    "Parent Relationship": "Outer",
                    "Parallel Aware": false,
                    "Startup Cost": 349414.06,
                    "Total Cost": 349414.67,
                    "Plan Rows": 6,
                    "Plan Width": 8,
                    "Actual Startup Time": 341.409,
                    "Actual Total Time": 366.217,
                    "Actual Rows": 7,
                    "Actual Loops": 1,
                    "Output": [
                        "(PARTIAL count(*))"
                    ],
                    "Workers Planned": 6,
                    "Workers Launched": 6,
                    "Single Copy": false,
                    "Plans": [
                        {
                            "Node Type": "Aggregate",
                            "Strategy": "Plain",
                            "Partial Mode": "Partial",
                            "Parent Relationship": "Outer",
                            "Parallel Aware": false,
                            "Startup Cost": 348414.06,
                            "Total Cost": 348414.07,
                            "Plan Rows": 1,
                            "Plan Width": 8,
                            "Actual Startup Time": 330.845,
                            "Actual Total Time": 330.849,
                            "Actual Rows": 1,
                            "Actual Loops": 7,
                            "Output": [
                                "PARTIAL count(*)"
                            ],
                            "Workers": [
                                {
                                    "Worker Number": 0,
                                    "Actual Startup Time": 328.354,
                                    "Actual Total Time": 328.358,
                                    "Actual Rows": 1,
                                    "Actual Loops": 1
                                },
                                {
                                    "Worker Number": 1,
                                    "Actual Startup Time": 328.457,
                                    "Actual Total Time": 328.461,
                                    "Actual Rows": 1,
                                    "Actual Loops": 1
                                },
                                {
                                    "Worker Number": 2,
                                    "Actual Startup Time": 328.984,
                                    "Actual Total Time": 328.987,
                                    "Actual Rows": 1,
                                    "Actual Loops": 1
                                },
                                {
                                    "Worker Number": 3,
                                    "Actual Startup Time": 329.366,
                                    "Actual Total Time": 329.37,
                                    "Actual Rows": 1,
                                    "Actual Loops": 1
                                },
                                {
                                    "Worker Number": 4,
                                    "Actual Startup Time": 329.878,
                                    "Actual Total Time": 329.881,
                                    "Actual Rows": 1,
                                    "Actual Loops": 1
                                },
                                {
                                    "Worker Number": 5,
                                    "Actual Startup Time": 329.882,
                                    "Actual Total Time": 329.885,
                                    "Actual Rows": 1,
                                    "Actual Loops": 1
                                }
                            ],
                            "Plans": [
                                {
                                    "Node Type": "Hash Join",
                                    "Parent Relationship": "Outer",
                                    "Parallel Aware": true,
                                    "Join Type": "Inner",
                                    "Startup Cost": 90179.42,
                                    "Total Cost": 348291.35,
                                    "Plan Rows": 49083,
                                    "Plan Width": 0,
                                    "Actual Startup Time": 279.26,
                                    "Actual Total Time": 329.553,
                                    "Actual Rows": 21206,
                                    "Actual Loops": 7,
                                    "Inner Unique": true,
                                    "Hash Cond": "(ci.movie_id = t.id)",
                                    "Workers": [
                                        {
                                            "Worker Number": 0,
                                            "Actual Startup Time": 276.808,
                                            "Actual Total Time": 326.981,
                                            "Actual Rows": 17443,
                                            "Actual Loops": 1
                                        },
                                        {
                                            "Worker Number": 1,
                                            "Actual Startup Time": 276.9,
                                            "Actual Total Time": 327.107,
                                            "Actual Rows": 17250,
                                            "Actual Loops": 1
                                        },
                                        {
                                            "Worker Number": 2,
                                            "Actual Startup Time": 277.411,
                                            "Actual Total Time": 327.594,
                                            "Actual Rows": 17903,
                                            "Actual Loops": 1
                                        },
                                        {
                                            "Worker Number": 3,
                                            "Actual Startup Time": 277.931,
                                            "Actual Total Time": 327.95,
                                            "Actual Rows": 18274,
                                            "Actual Loops": 1
                                        },
                                        {
                                            "Worker Number": 4,
                                            "Actual Startup Time": 277.988,
                                            "Actual Total Time": 328.686,
                                            "Actual Rows": 25066,
                                            "Actual Loops": 1
                                        },
                                        {
                                            "Worker Number": 5,
                                            "Actual Startup Time": 278.359,
                                            "Actual Total Time": 328.771,
                                            "Actual Rows": 23062,
                                            "Actual Loops": 1
                                        }
                                    ],
                                    "Plans": [
                                        {
                                            "Node Type": "Bitmap Heap Scan",
                                            "Parent Relationship": "Outer",
                                            "Parallel Aware": true,
                                            "Relation Name": "cast_info",
                                            "Schema": "public",
                                            "Alias": "ci",
                                            "Startup Cost": 42857.63,
                                            "Total Cost": 300417.09,
                                            "Plan Rows": 210468,
                                            "Plan Width": 4,
                                            "Actual Startup Time": 164.932,
                                            "Actual Total Time": 190.566,
                                            "Actual Rows": 80718,
                                            "Actual Loops": 7,
                                            "Output": [
                                                "ci.id",
                                                "ci.person_id",
                                                "ci.movie_id",
                                                "ci.person_role_id",
                                                "ci.note",
                                                "ci.nr_order",
                                                "ci.role_id"
                                            ],
                                            "Recheck Cond": "(ci.person_id < 193709)",
                                            "Rows Removed by Index Recheck": 0,
                                            "Filter": "(ci.role_id > 1)",
                                            "Rows Removed by Filter": 202696,
                                            "Exact Heap Blocks": 3728,
                                            "Lossy Heap Blocks": 0,
                                            "Workers": [
                                                {
                                                    "Worker Number": 0,
                                                    "Actual Startup Time": 164.952,
                                                    "Actual Total Time": 191.799,
                                                    "Actual Rows": 68695,
                                                    "Actual Loops": 1
                                                },
                                                {
                                                    "Worker Number": 1,
                                                    "Actual Startup Time": 164.936,
                                                    "Actual Total Time": 191.131,
                                                    "Actual Rows": 63577,
                                                    "Actual Loops": 1
                                                },
                                                {
                                                    "Worker Number": 2,
                                                    "Actual Startup Time": 164.921,
                                                    "Actual Total Time": 191.539,
                                                    "Actual Rows": 68881,
                                                    "Actual Loops": 1
                                                },
                                                {
                                                    "Worker Number": 3,
                                                    "Actual Startup Time": 164.934,
                                                    "Actual Total Time": 191.659,
                                                    "Actual Rows": 68341,
                                                    "Actual Loops": 1
                                                },
                                                {
                                                    "Worker Number": 4,
                                                    "Actual Startup Time": 164.942,
                                                    "Actual Total Time": 190.493,
                                                    "Actual Rows": 96085,
                                                    "Actual Loops": 1
                                                },
                                                {
                                                    "Worker Number": 5,
                                                    "Actual Startup Time": 164.927,
                                                    "Actual Total Time": 189.682,
                                                    "Actual Rows": 87765,
                                                    "Actual Loops": 1
                                                }
                                            ],
                                            "Plans": [
                                                {
                                                    "Node Type": "Bitmap Index Scan",
                                                    "Parent Relationship": "Outer",
                                                    "Parallel Aware": false,
                                                    "Index Name": "person_id_cast_info",
                                                    "Startup Cost": 0.0,
                                                    "Total Cost": 42541.93,
                                                    "Plan Rows": 1948982,
                                                    "Plan Width": 0,
                                                    "Actual Startup Time": 111.277,
                                                    "Actual Total Time": 111.278,
                                                    "Actual Rows": 1983900,
                                                    "Actual Loops": 1,
                                                    "Index Cond": "(ci.person_id < 193709)",
                                                    "Workers": [
                                                        {
                                                            "Worker Number": 4,
                                                            "Actual Startup Time": 111.277,
                                                            "Actual Total Time": 111.278,
                                                            "Actual Rows": 1983900,
                                                            "Actual Loops": 1
                                                        }
                                                    ]
                                                }
                                            ]
                                        },
                                        {
                                            "Node Type": "Hash",
                                            "Parent Relationship": "Inner",
                                            "Parallel Aware": true,
                                            "Startup Cost": 45479.21,
                                            "Total Cost": 45479.21,
                                            "Plan Rows": 147406,
                                            "Plan Width": 4,
                                            "Actual Startup Time": 112.446,
                                            "Actual Total Time": 112.447,
                                            "Actual Rows": 84961,
                                            "Actual Loops": 7,
                                            "Output": [
                                                "t.id"
                                            ],
                                            "Hash Buckets": 1048576,
                                            "Original Hash Buckets": 1048576,
                                            "Hash Batches": 1,
                                            "Original Hash Batches": 1,
                                            "Peak Memory Usage": 31584,
                                            "Workers": [
                                                {
                                                    "Worker Number": 0,
                                                    "Actual Startup Time": 111.443,
                                                    "Actual Total Time": 111.444,
                                                    "Actual Rows": 69762,
                                                    "Actual Loops": 1
                                                },
                                                {
                                                    "Worker Number": 1,
                                                    "Actual Startup Time": 111.468,
                                                    "Actual Total Time": 111.469,
                                                    "Actual Rows": 65842,
                                                    "Actual Loops": 1
                                                },
                                                {
                                                    "Worker Number": 2,
                                                    "Actual Startup Time": 112.009,
                                                    "Actual Total Time": 112.009,
                                                    "Actual Rows": 70381,
                                                    "Actual Loops": 1
                                                },
                                                {
                                                    "Worker Number": 3,
                                                    "Actual Startup Time": 112.408,
                                                    "Actual Total Time": 112.409,
                                                    "Actual Rows": 69889,
                                                    "Actual Loops": 1
                                                },
                                                {
                                                    "Worker Number": 4,
                                                    "Actual Startup Time": 112.566,
                                                    "Actual Total Time": 112.566,
                                                    "Actual Rows": 101952,
                                                    "Actual Loops": 1
                                                },
                                                {
                                                    "Worker Number": 5,
                                                    "Actual Startup Time": 112.904,
                                                    "Actual Total Time": 112.905,
                                                    "Actual Rows": 93050,
                                                    "Actual Loops": 1
                                                }
                                            ],
                                            "Plans": [
                                                {
                                                    "Node Type": "Seq Scan",
                                                    "Parent Relationship": "Outer",
                                                    "Parallel Aware": true,
                                                    "Relation Name": "title",
                                                    "Schema": "public",
                                                    "Alias": "t",
                                                    "Startup Cost": 0.0,
                                                    "Total Cost": 45479.21,
                                                    "Plan Rows": 147406,
                                                    "Plan Width": 4,
                                                    "Actual Startup Time": 45.952,
                                                    "Actual Total Time": 78.693,
                                                    "Actual Rows": 84961,
                                                    "Actual Loops": 7,
                                                    "Output": [
                                                        "t.id"
                                                    ],
                                                    "Filter": "((t.production_year < 2012) AND (t.kind_id = 1))",
                                                    "Rows Removed by Filter": 276226,
                                                    "Workers": [
                                                        {
                                                            "Worker Number": 0,
                                                            "Actual Startup Time": 44.913,
                                                            "Actual Total Time": 78.789,
                                                            "Actual Rows": 69762,
                                                            "Actual Loops": 1
                                                        },
                                                        {
                                                            "Worker Number": 1,
                                                            "Actual Startup Time": 45.193,
                                                            "Actual Total Time": 78.002,
                                                            "Actual Rows": 65842,
                                                            "Actual Loops": 1
                                                        },
                                                        {
                                                            "Worker Number": 2,
                                                            "Actual Startup Time": 45.342,
                                                            "Actual Total Time": 79.738,
                                                            "Actual Rows": 70381,
                                                            "Actual Loops": 1
                                                        },
                                                        {
                                                            "Worker Number": 3,
                                                            "Actual Startup Time": 46.151,
                                                            "Actual Total Time": 80.23,
                                                            "Actual Rows": 69889,
                                                            "Actual Loops": 1
                                                        },
                                                        {
                                                            "Worker Number": 4,
                                                            "Actual Startup Time": 46.098,
                                                            "Actual Total Time": 79.408,
                                                            "Actual Rows": 101952,
                                                            "Actual Loops": 1
                                                        },
                                                        {
                                                            "Worker Number": 5,
                                                            "Actual Startup Time": 46.291,
                                                            "Actual Total Time": 77.616,
                                                            "Actual Rows": 93050,
                                                            "Actual Loops": 1
                                                        }
                                                    ]
                                                }
                                            ]
                                        }
                                    ]
                                }
                            ]
                        }
                    ]
                }
            ]
        },
        "Planning Time": 191.463,
        "Triggers": [],
        "Execution Time": 366.294
    }
]