{
  "Plan": {
    "Node Type": "Aggregate",
    "Strategy": "Plain",
    "Partial Mode": "Finalize",
    "Parallel Aware": false,
    "Startup Cost": 47793.49,
    "Total Cost": 47793.5,
    "Plan Rows": 1,
    "Plan Width": 8,
    "Actual Startup Time": 47.313,
    "Actual Total Time": 54.831,
    "Actual Rows": 1,
    "Actual Loops": 1,
    "Plans": [
      {
        "Node Type": "Gather",
        "Parent Relationship": "Outer",
        "Parallel Aware": false,
        "Startup Cost": 47793.38,
        "Total Cost": 47793.49,
        "Plan Rows": 1,
        "Plan Width": 8,
        "Actual Startup Time": 47.098,
        "Actual Total Time": 54.825,
        "Actual Rows": 2,
        "Actual Loops": 1,
        "Workers Planned": 1,
        "Workers Launched": 1,
        "Single Copy": false,
        "Plans": [
          {
            "Node Type": "Aggregate",
            "Strategy": "Plain",
            "Partial Mode": "Partial",
            "Parent Relationship": "Outer",
            "Parallel Aware": false,
            "Startup Cost": 46793.38,
            "Total Cost": 46793.39,
            "Plan Rows": 1,
            "Plan Width": 8,
            "Actual Startup Time": 40.857,
            "Actual Total Time": 40.859,
            "Actual Rows": 1,
            "Actual Loops": 2,
            "Plans": [
              {
                "Node Type": "Nested Loop",
                "Parent Relationship": "Outer",
                "Parallel Aware": false,
                "Join Type": "Inner",
                "Startup Cost": 157.39,
                "Total Cost": 46792.91,
                "Plan Rows": 187,
                "Plan Width": 0,
                "Actual Startup Time": 21.629,
                "Actual Total Time": 40.84,
                "Actual Rows": 70,
                "Actual Loops": 2,
                "Inner Unique": false,
                "Plans": [
                  {
                    "Node Type": "Nested Loop",
                    "Parent Relationship": "Outer",
                    "Parallel Aware": false,
                    "Join Type": "Inner",
                    "Startup Cost": 156.96,
                    "Total Cost": 45377.83,
                    "Plan Rows": 81,
                    "Plan Width": 8,
                    "Actual Startup Time": 3.971,
                    "Actual Total Time": 40.132,
                    "Actual Rows": 35,
                    "Actual Loops": 2,
                    "Inner Unique": true,
                    "Plans": [
                      {
                        "Node Type": "Bitmap Heap Scan",
                        "Parent Relationship": "Outer",
                        "Parallel Aware": true,
                        "Relation Name": "movie_keyword",
                        "Alias": "mk",
                        "Startup Cost": 156.53,
                        "Total Cost": 15825.27,
                        "Plan Rows": 4258,
                        "Plan Width": 4,
                        "Actual Startup Time": 3.406,
                        "Actual Total Time": 11.581,
                        "Actual Rows": 3748,
                        "Actual Loops": 2,
                        "Recheck Cond": "(keyword_id = 889)",
                        "Rows Removed by Index Recheck": 0,
                        "Exact Heap Blocks": 3715,
                        "Lossy Heap Blocks": 0,
                        "Plans": [
                          {
                            "Node Type": "Bitmap Index Scan",
                            "Parent Relationship": "Outer",
                            "Parallel Aware": false,
                            "Index Name": "keyword_id_movie_keyword",
                            "Startup Cost": 0.0,
                            "Total Cost": 154.72,
                            "Plan Rows": 7238,
                            "Plan Width": 0,
                            "Actual Startup Time": 4.378,
                            "Actual Total Time": 4.379,
                            "Actual Rows": 7495,
                            "Actual Loops": 1,
                            "Index Cond": "(keyword_id = 889)"
                          }
                        ]
                      },
                      {
                        "Node Type": "Index Scan",
                        "Parent Relationship": "Inner",
                        "Parallel Aware": false,
                        "Scan Direction": "Forward",
                        "Index Name": "title_pkey",
                        "Relation Name": "title",
                        "Alias": "t",
                        "Startup Cost": 0.43,
                        "Total Cost": 6.94,
                        "Plan Rows": 1,
                        "Plan Width": 4,
                        "Actual Startup Time": 0.007,
                        "Actual Total Time": 0.007,
                        "Actual Rows": 0,
                        "Actual Loops": 7495,
                        "Index Cond": "(id = mk.movie_id)",
                        "Rows Removed by Index Recheck": 0,
                        "Filter": "((kind_id > 2) AND (production_year > 2012))",
                        "Rows Removed by Filter": 1
                      }
                    ]
                  },
                  {
                    "Node Type": "Index Scan",
                    "Parent Relationship": "Inner",
                    "Parallel Aware": false,
                    "Scan Direction": "Forward",
                    "Index Name": "movie_id_movie_info",
                    "Relation Name": "movie_info",
                    "Alias": "mi",
                    "Startup Cost": 0.43,
                    "Total Cost": 17.3,
                    "Plan Rows": 17,
                    "Plan Width": 4,
                    "Actual Startup Time": 0.012,
                    "Actual Total Time": 0.019,
                    "Actual Rows": 2,
                    "Actual Loops": 70,
                    "Index Cond": "(movie_id = t.id)",
                    "Rows Removed by Index Recheck": 0,
                    "Filter": "(info_type_id < 7)",
                    "Rows Removed by Filter": 5
                  }
                ]
              }
            ]
          }
        ]
      }
    ]
  },
  "Planning Time": 0.985,
  "Triggers": [],
  "Execution Time": 54.929
}