[
  {
    "Plan": {
      "Node Type": "Aggregate",
      "Strategy": "Plain",
      "Partial Mode": "Finalize",
      "Parallel Aware": false,
      "Startup Cost": 199567.36,
      "Total Cost": 199567.37,
      "Plan Rows": 1,
      "Plan Width": 8,
      "Actual Startup Time": 125.586,
      "Actual Total Time": 145.038,
      "Actual Rows": 1,
      "Actual Loops": 1,
      "Plans": [
        {
          "Node Type": "Gather",
          "Parent Relationship": "Outer",
          "Parallel Aware": false,
          "Startup Cost": 199566.94,
          "Total Cost": 199567.35,
          "Plan Rows": 4,
          "Plan Width": 8,
          "Actual Startup Time": 125.443,
          "Actual Total Time": 145.031,
          "Actual Rows": 5,
          "Actual Loops": 1,
          "Workers Planned": 4,
          "Workers Launched": 4,
          "Single Copy": false,
          "Plans": [
            {
              "Node Type": "Aggregate",
              "Strategy": "Plain",
              "Partial Mode": "Partial",
              "Parent Relationship": "Outer",
              "Parallel Aware": false,
              "Startup Cost": 198566.94,
              "Total Cost": 198566.95,
              "Plan Rows": 1,
              "Plan Width": 8,
              "Actual Startup Time": 116.631,
              "Actual Total Time": 116.632,
              "Actual Rows": 1,
              "Actual Loops": 5,
              "Plans": [
                {
                  "Node Type": "Nested Loop",
                  "Parent Relationship": "Outer",
                  "Parallel Aware": false,
                  "Join Type": "Inner",
                  "Startup Cost": 0.43,
                  "Total Cost": 198564.94,
                  "Plan Rows": 799,
                  "Plan Width": 0,
                  "Actual Startup Time": 2.015,
                  "Actual Total Time": 116.492,
                  "Actual Rows": 1012,
                  "Actual Loops": 5,
                  "Inner Unique": false,
                  "Plans": [
                    {
                      "Node Type": "Seq Scan",
                      "Parent Relationship": "Outer",
                      "Parallel Aware": true,
                      "Relation Name": "title",
                      "Alias": "t",
                      "Startup Cost": 0.0,
                      "Total Cost": 45479.1,
                      "Plan Rows": 1603,
                      "Plan Width": 4,
                      "Actual Startup Time": 1.137,
                      "Actual Total Time": 76.611,
                      "Actual Rows": 1218,
                      "Actual Loops": 5,
                      "Filter": "((kind_id < 7) AND (production_year = 1968))",
                      "Rows Removed by Filter": 504444
                    },
                    {
                      "Node Type": "Index Scan",
                      "Parent Relationship": "Inner",
                      "Parallel Aware": false,
                      "Scan Direction": "Forward",
                      "Index Name": "movie_id_movie_info",
                      "Relation Name": "movie_info",
                      "Alias": "mi",
                      "Startup Cost": 0.43,
                      "Total Cost": 95.46,
                      "Plan Rows": 4,
                      "Plan Width": 4,
                      "Actual Startup Time": 0.027,
                      "Actual Total Time": 0.032,
                      "Actual Rows": 1,
                      "Actual Loops": 6090,
                      "Index Cond": "(movie_id = t.id)",
                      "Rows Removed by Index Recheck": 0,
                      "Filter": "(info_type_id = 2)",
                      "Rows Removed by Filter": 9
                    }
                  ]
                }
              ]
            }
          ]
        }
      ]
    },
    "Planning Time": 0.628,
    "Triggers": [],
    "Execution Time": 145.111
  }
]