[
  {
    "Plan": {
      "Node Type": "Aggregate",
      "Strategy": "Plain",
      "Partial Mode": "Finalize",
      "Parallel Aware": false,
      "Startup Cost": 32967.17,
      "Total Cost": 32967.18,
      "Plan Rows": 1,
      "Plan Width": 8,
      "Actual Startup Time": 97.483,
      "Actual Total Time": 105.649,
      "Actual Rows": 1,
      "Actual Loops": 1,
      "Plans": [
        {
          "Node Type": "Gather",
          "Parent Relationship": "Outer",
          "Parallel Aware": false,
          "Startup Cost": 32966.85,
          "Total Cost": 32967.16,
          "Plan Rows": 3,
          "Plan Width": 8,
          "Actual Startup Time": 97.345,
          "Actual Total Time": 105.639,
          "Actual Rows": 4,
          "Actual Loops": 1,
          "Workers Planned": 3,
          "Workers Launched": 3,
          "Single Copy": false,
          "Plans": [
            {
              "Node Type": "Aggregate",
              "Strategy": "Plain",
              "Partial Mode": "Partial",
              "Parent Relationship": "Outer",
              "Parallel Aware": false,
              "Startup Cost": 31966.85,
              "Total Cost": 31966.86,
              "Plan Rows": 1,
              "Plan Width": 8,
              "Actual Startup Time": 90.23,
              "Actual Total Time": 90.231,
              "Actual Rows": 1,
              "Actual Loops": 4,
              "Plans": [
                {
                  "Node Type": "Seq Scan",
                  "Parent Relationship": "Outer",
                  "Parallel Aware": true,
                  "Relation Name": "movie_companies",
                  "Alias": "mc",
                  "Startup Cost": 0.0,
                  "Total Cost": 31414.82,
                  "Plan Rows": 220812,
                  "Plan Width": 0,
                  "Actual Startup Time": 0.042,
                  "Actual Total Time": 76.621,
                  "Actual Rows": 234830,
                  "Actual Loops": 4,
                  "Filter": "((company_id < 12008) AND (company_type_id = 1))",
                  "Rows Removed by Filter": 417452
                }
              ]
            }
          ]
        }
      ]
    },
    "Planning Time": 0.21,
    "Triggers": [],
    "Execution Time": 105.703
  }
]