{
  "Plan": {
    "Node Type": "Aggregate",
    "Strategy": "Plain",
    "Partial Mode": "Finalize",
    "Parallel Aware": false,
    "Startup Cost": 133693.47,
    "Total Cost": 133693.48,
    "Plan Rows": 1,
    "Plan Width": 8,
    "Actual Startup Time": 946.812,
    "Actual Total Time": 970.558,
    "Actual Rows": 1,
    "Actual Loops": 1,
    "Plans": [
      {
        "Node Type": "Gather",
        "Parent Relationship": "Outer",
        "Parallel Aware": false,
        "Startup Cost": 133693.35,
        "Total Cost": 133693.46,
        "Plan Rows": 1,
        "Plan Width": 8,
        "Actual Startup Time": 940.493,
        "Actual Total Time": 970.551,
        "Actual Rows": 2,
        "Actual Loops": 1,
        "Workers Planned": 1,
        "Workers Launched": 1,
        "Single Copy": false,
        "Plans": [
          {
            "Node Type": "Aggregate",
            "Strategy": "Plain",
            "Partial Mode": "Partial",
            "Parent Relationship": "Outer",
            "Parallel Aware": false,
            "Startup Cost": 132693.35,
            "Total Cost": 132693.36,
            "Plan Rows": 1,
            "Plan Width": 8,
            "Actual Startup Time": 933.875,
            "Actual Total Time": 933.882,
            "Actual Rows": 1,
            "Actual Loops": 2,
            "Plans": [
              {
                "Node Type": "Hash Join",
                "Parent Relationship": "Outer",
                "Parallel Aware": true,
                "Join Type": "Inner",
                "Startup Cost": 112277.27,
                "Total Cost": 132299.96,
                "Plan Rows": 157358,
                "Plan Width": 0,
                "Actual Startup Time": 755.957,
                "Actual Total Time": 913.832,
                "Actual Rows": 505792,
                "Actual Loops": 2,
                "Inner Unique": false,
                "Hash Cond": "(mi_idx.movie_id = t.id)",
                "Plans": [
                  {
                    "Node Type": "Seq Scan",
                    "Parent Relationship": "Outer",
                    "Parallel Aware": true,
                    "Relation Name": "movie_info_idx",
                    "Alias": "mi_idx",
                    "Startup Cost": 0.0,
                    "Total Cost": 16052.85,
                    "Plan Rows": 811785,
                    "Plan Width": 4,
                    "Actual Startup Time": 0.024,
                    "Actual Total Time": 46.92,
                    "Actual Rows": 690018,
                    "Actual Loops": 2
                  },
                  {
                    "Node Type": "Hash",
                    "Parent Relationship": "Inner",
                    "Parallel Aware": true,
                    "Startup Cost": 108673.67,
                    "Total Cost": 108673.67,
                    "Plan Rows": 288288,
                    "Plan Width": 8,
                    "Actual Startup Time": 750.398,
                    "Actual Total Time": 750.403,
                    "Actual Rows": 251317,
                    "Actual Loops": 2,
                    "Hash Buckets": 524288,
                    "Original Hash Buckets": 524288,
                    "Hash Batches": 1,
                    "Original Hash Batches": 1,
                    "Peak Memory Usage": 23808,
                    "Plans": [
                      {
                        "Node Type": "Hash Join",
                        "Parent Relationship": "Outer",
                        "Parallel Aware": true,
                        "Join Type": "Inner",
                        "Startup Cost": 79859.32,
                        "Total Cost": 108673.67,
                        "Plan Rows": 288288,
                        "Plan Width": 8,
                        "Actual Startup Time": 550.442,
                        "Actual Total Time": 700.112,
                        "Actual Rows": 251317,
                        "Actual Loops": 2,
                        "Inner Unique": true,
                        "Hash Cond": "(mk.movie_id = t.id)",
                        "Plans": [
                          {
                            "Node Type": "Bitmap Heap Scan",
                            "Parent Relationship": "Outer",
                            "Parallel Aware": true,
                            "Relation Name": "movie_keyword",
                            "Alias": "mk",
                            "Startup Cost": 10398.62,
                            "Total Cost": 38456.22,
                            "Plan Rows": 288288,
                            "Plan Width": 4,
                            "Actual Startup Time": 25.415,
                            "Actual Total Time": 91.374,
                            "Actual Rows": 251317,
                            "Actual Loops": 2,
                            "Recheck Cond": "(keyword_id < 365)",
                            "Rows Removed by Index Recheck": 0,
                            "Exact Heap Blocks": 13236,
                            "Lossy Heap Blocks": 0,
                            "Plans": [
                              {
                                "Node Type": "Bitmap Index Scan",
                                "Parent Relationship": "Outer",
                                "Parallel Aware": false,
                                "Index Name": "keyword_id_movie_keyword",
                                "Startup Cost": 0.0,
                                "Total Cost": 10276.1,
                                "Plan Rows": 490089,
                                "Plan Width": 0,
                                "Actual Startup Time": 21.933,
                                "Actual Total Time": 21.934,
                                "Actual Rows": 502634,
                                "Actual Loops": 1,
                                "Index Cond": "(keyword_id < 365)"
                              }
                            ]
                          },
                          {
                            "Node Type": "Hash",
                            "Parent Relationship": "Inner",
                            "Parallel Aware": true,
                            "Startup Cost": 50870.31,
                            "Total Cost": 50870.31,
                            "Plan Rows": 1487231,
                            "Plan Width": 4,
                            "Actual Startup Time": 506.125,
                            "Actual Total Time": 506.126,
                            "Actual Rows": 1264156,
                            "Actual Loops": 2,
                            "Hash Buckets": 4194304,
                            "Original Hash Buckets": 4194304,
                            "Hash Batches": 1,
                            "Original Hash Batches": 1,
                            "Peak Memory Usage": 131712,
                            "Plans": [
                              {
                                "Node Type": "Seq Scan",
                                "Parent Relationship": "Outer",
                                "Parallel Aware": true,
                                "Relation Name": "title",
                                "Alias": "t",
                                "Startup Cost": 0.0,
                                "Total Cost": 50870.31,
                                "Plan Rows": 1487231,
                                "Plan Width": 4,
                                "Actual Startup Time": 0.042,
                                "Actual Total Time": 152.252,
                                "Actual Rows": 1264156,
                                "Actual Loops": 2
                              }
                            ]
                          }
                        ]
                      }
                    ]
                  }
                ]
              }
            ]
          }
        ]
      }
    ]
  },
  "Planning Time": 1.003,
  "Triggers": [],
  "Execution Time": 970.652
}