[
  {
    "Plan": {
      "Node Type": "Aggregate",
      "Strategy": "Plain",
      "Partial Mode": "Finalize",
      "Parallel Aware": false,
      "Startup Cost": 340581.66,
      "Total Cost": 340581.67,
      "Plan Rows": 1,
      "Plan Width": 8,
      "Actual Startup Time": 320.406,
      "Actual Total Time": 387.695,
      "Actual Rows": 1,
      "Actual Loops": 1,
      "Plans": [
        {
          "Node Type": "Gather",
          "Parent Relationship": "Outer",
          "Parallel Aware": false,
          "Startup Cost": 340581.24,
          "Total Cost": 340581.65,
          "Plan Rows": 4,
          "Plan Width": 8,
          "Actual Startup Time": 320.252,
          "Actual Total Time": 387.687,
          "Actual Rows": 5,
          "Actual Loops": 1,
          "Workers Planned": 4,
          "Workers Launched": 4,
          "Single Copy": false,
          "Plans": [
            {
              "Node Type": "Aggregate",
              "Strategy": "Plain",
              "Partial Mode": "Partial",
              "Parent Relationship": "Outer",
              "Parallel Aware": false,
              "Startup Cost": 339581.24,
              "Total Cost": 339581.25,
              "Plan Rows": 1,
              "Plan Width": 8,
              "Actual Startup Time": 316.317,
              "Actual Total Time": 316.319,
              "Actual Rows": 1,
              "Actual Loops": 5,
              "Plans": [
                {
                  "Node Type": "Nested Loop",
                  "Parent Relationship": "Outer",
                  "Parallel Aware": false,
                  "Join Type": "Inner",
                  "Startup Cost": 0.56,
                  "Total Cost": 339386.33,
                  "Plan Rows": 77965,
                  "Plan Width": 0,
                  "Actual Startup Time": 44.702,
                  "Actual Total Time": 313.01,
                  "Actual Rows": 48018,
                  "Actual Loops": 5,
                  "Inner Unique": false,
                  "Plans": [
                    {
                      "Node Type": "Seq Scan",
                      "Parent Relationship": "Outer",
                      "Parallel Aware": true,
                      "Relation Name": "title",
                      "Alias": "t",
                      "Startup Cost": 0.0,
                      "Total Cost": 45479.59,
                      "Plan Rows": 8164,
                      "Plan Width": 4,
                      "Actual Startup Time": 44.599,
                      "Actual Total Time": 69.945,
                      "Actual Rows": 4421,
                      "Actual Loops": 5,
                      "Filter": "((kind_id = 1) AND (production_year = 2008))",
                      "Rows Removed by Filter": 501241
                    },
                    {
                      "Node Type": "Index Scan",
                      "Parent Relationship": "Inner",
                      "Parallel Aware": false,
                      "Scan Direction": "Forward",
                      "Index Name": "movie_id_cast_info",
                      "Relation Name": "cast_info",
                      "Alias": "ci",
                      "Startup Cost": 0.56,
                      "Total Cost": 35.77,
                      "Plan Rows": 23,
                      "Plan Width": 4,
                      "Actual Startup Time": 0.01,
                      "Actual Total Time": 0.054,
                      "Actual Rows": 11,
                      "Actual Loops": 22107,
                      "Index Cond": "(movie_id = t.id)",
                      "Rows Removed by Index Recheck": 0,
                      "Filter": "(role_id < 4)",
                      "Rows Removed by Filter": 7
                    }
                  ]
                }
              ]
            }
          ]
        }
      ]
    },
    "Planning Time": 0.251,
    "Triggers": [],
    "Execution Time": 387.752
  }
]