{
    "Plan": {
        "Node Type": "Aggregate",
        "Strategy": "Plain",
        "Partial Mode": "Finalize",
        "Parallel Aware": false,
        "Startup Cost": 423600.56,
        "Total Cost": 423600.57,
        "Plan Rows": 1,
        "Plan Width": 8,
        "Actual Startup Time": 1566.489,
        "Actual Total Time": 1637.936,
        "Actual Rows": 1,
        "Actual Loops": 1,
        "Output": [
            "count(*)"
        ],
        "Plans": [
            {
                "Node Type": "Gather",
                "Parent Relationship": "Outer",
                "Parallel Aware": false,
                "Startup Cost": 423600.24,
                "Total Cost": 423600.55,
                "Plan Rows": 3,
                "Plan Width": 8,
                "Actual Startup Time": 1562.692,
                "Actual Total Time": 1637.925,
                "Actual Rows": 4,
                "Actual Loops": 1,
                "Output": [
                    "(PARTIAL count(*))"
                ],
                "Workers Planned": 3,
                "Workers Launched": 3,
                "Single Copy": false,
                "Plans": [
                    {
                        "Node Type": "Aggregate",
                        "Strategy": "Plain",
                        "Partial Mode": "Partial",
                        "Parent Relationship": "Outer",
                        "Parallel Aware": false,
                        "Startup Cost": 422600.24,
                        "Total Cost": 422600.25,
                        "Plan Rows": 1,
                        "Plan Width": 8,
                        "Actual Startup Time": 1553.433,
                        "Actual Total Time": 1553.439,
                        "Actual Rows": 1,
                        "Actual Loops": 4,
                        "Output": [
                            "PARTIAL count(*)"
                        ],
                        "Workers": [
                            {
                                "Worker Number": 0,
                                "Actual Startup Time": 1550.492,
                                "Actual Total Time": 1550.497,
                                "Actual Rows": 1,
                                "Actual Loops": 1
                            },
                            {
                                "Worker Number": 1,
                                "Actual Startup Time": 1550.227,
                                "Actual Total Time": 1550.232,
                                "Actual Rows": 1,
                                "Actual Loops": 1
                            },
                            {
                                "Worker Number": 2,
                                "Actual Startup Time": 1551.058,
                                "Actual Total Time": 1551.063,
                                "Actual Rows": 1,
                                "Actual Loops": 1
                            }
                        ],
                        "Plans": [
                            {
                                "Node Type": "Hash Join",
                                "Parent Relationship": "Outer",
                                "Parallel Aware": true,
                                "Join Type": "Inner",
                                "Startup Cost": 377310.28,
                                "Total Cost": 422138.16,
                                "Plan Rows": 184834,
                                "Plan Width": 0,
                                "Actual Startup Time": 1020.675,
                                "Actual Total Time": 1431.567,
                                "Actual Rows": 2957181,
                                "Actual Loops": 4,
                                "Inner Unique": false,
                                "Hash Cond": "(mk.movie_id = t.id)",
                                "Workers": [
                                    {
                                        "Worker Number": 0,
                                        "Actual Startup Time": 1017.598,
                                        "Actual Total Time": 1430.846,
                                        "Actual Rows": 2974537,
                                        "Actual Loops": 1
                                    },
                                    {
                                        "Worker Number": 1,
                                        "Actual Startup Time": 1017.548,
                                        "Actual Total Time": 1431.485,
                                        "Actual Rows": 2934509,
                                        "Actual Loops": 1
                                    },
                                    {
                                        "Worker Number": 2,
                                        "Actual Startup Time": 1018.469,
                                        "Actual Total Time": 1428.585,
                                        "Actual Rows": 2911927,
                                        "Actual Loops": 1
                                    }
                                ],
                                "Plans": [
                                    {
                                        "Node Type": "Seq Scan",
                                        "Parent Relationship": "Outer",
                                        "Parallel Aware": true,
                                        "Relation Name": "movie_keyword",
                                        "Schema": "public",
                                        "Alias": "mk",
                                        "Startup Cost": 0.0,
                                        "Total Cost": 39047.32,
                                        "Plan Rows": 1459332,
                                        "Plan Width": 4,
                                        "Actual Startup Time": 0.02,
                                        "Actual Total Time": 92.21,
                                        "Actual Rows": 1130982,
                                        "Actual Loops": 4,
                                        "Output": [
                                            "mk.id",
                                            "mk.movie_id",
                                            "mk.keyword_id"
                                        ],
                                        "Workers": [
                                            {
                                                "Worker Number": 0,
                                                "Actual Startup Time": 0.018,
                                                "Actual Total Time": 95.69,
                                                "Actual Rows": 1114565,
                                                "Actual Loops": 1
                                            },
                                            {
                                                "Worker Number": 1,
                                                "Actual Startup Time": 0.023,
                                                "Actual Total Time": 97.489,
                                                "Actual Rows": 1139785,
                                                "Actual Loops": 1
                                            },
                                            {
                                                "Worker Number": 2,
                                                "Actual Startup Time": 0.029,
                                                "Actual Total Time": 94.841,
                                                "Actual Rows": 1122580,
                                                "Actual Loops": 1
                                            }
                                        ]
                                    },
                                    {
                                        "Node Type": "Hash",
                                        "Parent Relationship": "Inner",
                                        "Parallel Aware": true,
                                        "Startup Cost": 376643.13,
                                        "Total Cost": 376643.13,
                                        "Plan Rows": 53372,
                                        "Plan Width": 8,
                                        "Actual Startup Time": 1017.134,
                                        "Actual Total Time": 1017.138,
                                        "Actual Rows": 90980,
                                        "Actual Loops": 4,
                                        "Output": [
                                            "t.id",
                                            "ci.movie_id"
                                        ],
                                        "Hash Buckets": 524288,
                                        "Original Hash Buckets": 524288,
                                        "Hash Batches": 1,
                                        "Original Hash Batches": 1,
                                        "Peak Memory Usage": 18400,
                                        "Workers": [
                                            {
                                                "Worker Number": 0,
                                                "Actual Startup Time": 1016.668,
                                                "Actual Total Time": 1016.67,
                                                "Actual Rows": 89607,
                                                "Actual Loops": 1
                                            },
                                            {
                                                "Worker Number": 1,
                                                "Actual Startup Time": 1016.726,
                                                "Actual Total Time": 1016.73,
                                                "Actual Rows": 89355,
                                                "Actual Loops": 1
                                            },
                                            {
                                                "Worker Number": 2,
                                                "Actual Startup Time": 1017.489,
                                                "Actual Total Time": 1017.493,
                                                "Actual Rows": 89728,
                                                "Actual Loops": 1
                                            }
                                        ],
                                        "Plans": [
                                            {
                                                "Node Type": "Hash Join",
                                                "Parent Relationship": "Outer",
                                                "Parallel Aware": true,
                                                "Join Type": "Inner",
                                                "Startup Cost": 47988.36,
                                                "Total Cost": 376643.13,
                                                "Plan Rows": 53372,
                                                "Plan Width": 8,
                                                "Actual Startup Time": 857.589,
                                                "Actual Total Time": 987.945,
                                                "Actual Rows": 90980,
                                                "Actual Loops": 4,
                                                "Output": [
                                                    "t.id",
                                                    "ci.movie_id"
                                                ],
                                                "Inner Unique": true,
                                                "Hash Cond": "(ci.movie_id = t.id)",
                                                "Workers": [
                                                    {
                                                        "Worker Number": 0,
                                                        "Actual Startup Time": 857.032,
                                                        "Actual Total Time": 988.03,
                                                        "Actual Rows": 89607,
                                                        "Actual Loops": 1
                                                    },
                                                    {
                                                        "Worker Number": 1,
                                                        "Actual Startup Time": 857.216,
                                                        "Actual Total Time": 987.993,
                                                        "Actual Rows": 89355,
                                                        "Actual Loops": 1
                                                    },
                                                    {
                                                        "Worker Number": 2,
                                                        "Actual Startup Time": 857.922,
                                                        "Actual Total Time": 988.676,
                                                        "Actual Rows": 89728,
                                                        "Actual Loops": 1
                                                    }
                                                ],
                                                "Plans": [
                                                    {
                                                        "Node Type": "Seq Scan",
                                                        "Parent Relationship": "Outer",
                                                        "Parallel Aware": true,
                                                        "Relation Name": "cast_info",
                                                        "Schema": "public",
                                                        "Alias": "ci",
                                                        "Startup Cost": 0.0,
                                                        "Total Cost": 328213.62,
                                                        "Plan Rows": 168060,
                                                        "Plan Width": 4,
                                                        "Actual Startup Time": 684.478,
                                                        "Actual Total Time": 737.999,
                                                        "Actual Rows": 272550,
                                                        "Actual Loops": 4,
                                                        "Output": [
                                                            "ci.id",
                                                            "ci.person_id",
                                                            "ci.movie_id",
                                                            "ci.person_role_id",
                                                            "ci.note",
                                                            "ci.nr_order",
                                                            "ci.role_id"
                                                        ],
                                                        "Filter": "(ci.person_id > 3850274)",
                                                        "Rows Removed by Filter": 8788536,
                                                        "Workers": [
                                                            {
                                                                "Worker Number": 0,
                                                                "Actual Startup Time": 684.474,
                                                                "Actual Total Time": 739.644,
                                                                "Actual Rows": 267990,
                                                                "Actual Loops": 1
                                                            },
                                                            {
                                                                "Worker Number": 1,
                                                                "Actual Startup Time": 684.481,
                                                                "Actual Total Time": 739.401,
                                                                "Actual Rows": 267421,
                                                                "Actual Loops": 1
                                                            },
                                                            {
                                                                "Worker Number": 2,
                                                                "Actual Startup Time": 684.483,
                                                                "Actual Total Time": 738.483,
                                                                "Actual Rows": 271115,
                                                                "Actual Loops": 1
                                                            }
                                                        ]
                                                    },
                                                    {
                                                        "Node Type": "Hash",
                                                        "Parent Relationship": "Inner",
                                                        "Parallel Aware": true,
                                                        "Startup Cost": 45479.21,
                                                        "Total Cost": 45479.21,
                                                        "Plan Rows": 200732,
                                                        "Plan Width": 4,
                                                        "Actual Startup Time": 169.835,
                                                        "Actual Total Time": 169.837,
                                                        "Actual Rows": 178435,
                                                        "Actual Loops": 4,
                                                        "Output": [
                                                            "t.id"
                                                        ],
                                                        "Hash Buckets": 1048576,
                                                        "Original Hash Buckets": 1048576,
                                                        "Hash Batches": 1,
                                                        "Original Hash Batches": 1,
                                                        "Peak Memory Usage": 36160,
                                                        "Workers": [
                                                            {
                                                                "Worker Number": 0,
                                                                "Actual Startup Time": 172.446,
                                                                "Actual Total Time": 172.447,
                                                                "Actual Rows": 167471,
                                                                "Actual Loops": 1
                                                            },
                                                            {
                                                                "Worker Number": 1,
                                                                "Actual Startup Time": 172.45,
                                                                "Actual Total Time": 172.451,
                                                                "Actual Rows": 168401,
                                                                "Actual Loops": 1
                                                            },
                                                            {
                                                                "Worker Number": 2,
                                                                "Actual Startup Time": 173.359,
                                                                "Actual Total Time": 173.361,
                                                                "Actual Rows": 172131,
                                                                "Actual Loops": 1
                                                            }
                                                        ],
                                                        "Plans": [
                                                            {
                                                                "Node Type": "Seq Scan",
                                                                "Parent Relationship": "Outer",
                                                                "Parallel Aware": true,
                                                                "Relation Name": "title",
                                                                "Schema": "public",
                                                                "Alias": "t",
                                                                "Startup Cost": 0.0,
                                                                "Total Cost": 45479.21,
                                                                "Plan Rows": 200732,
                                                                "Plan Width": 4,
                                                                "Actual Startup Time": 0.072,
                                                                "Actual Total Time": 104.075,
                                                                "Actual Rows": 178435,
                                                                "Actual Loops": 4,
                                                                "Output": [
                                                                    "t.id"
                                                                ],
                                                                "Filter": "((t.kind_id < 7) AND (t.production_year > 1972))",
                                                                "Rows Removed by Filter": 453643,
                                                                "Workers": [
                                                                    {
                                                                        "Worker Number": 0,
                                                                        "Actual Startup Time": 0.087,
                                                                        "Actual Total Time": 105.106,
                                                                        "Actual Rows": 167471,
                                                                        "Actual Loops": 1
                                                                    },
                                                                    {
                                                                        "Worker Number": 1,
                                                                        "Actual Startup Time": 0.087,
                                                                        "Actual Total Time": 105.005,
                                                                        "Actual Rows": 168401,
                                                                        "Actual Loops": 1
                                                                    },
                                                                    {
                                                                        "Worker Number": 2,
                                                                        "Actual Startup Time": 0.091,
                                                                        "Actual Total Time": 105.032,
                                                                        "Actual Rows": 172131,
                                                                        "Actual Loops": 1
                                                                    }
                                                                ]
                                                            }
                                                        ]
                                                    }
                                                ]
                                            }
                                        ]
                                    }
                                ]
                            }
                        ]
                    }
                ]
            }
        ]
    },
    "Planning Time": 1.542,
    "Triggers": [],
    "Execution Time": 1638.034
}