[
  {
    "Plan": {
      "Node Type": "Aggregate",
      "Strategy": "Plain",
      "Partial Mode": "Finalize",
      "Parallel Aware": false,
      "Startup Cost": 46110.61,
      "Total Cost": 46110.62,
      "Plan Rows": 1,
      "Plan Width": 8,
      "Actual Startup Time": 189.638,
      "Actual Total Time": 195.538,
      "Actual Rows": 1,
      "Actual Loops": 1,
      "Plans": [
        {
          "Node Type": "Gather",
          "Parent Relationship": "Outer",
          "Parallel Aware": false,
          "Startup Cost": 46110.29,
          "Total Cost": 46110.6,
          "Plan Rows": 3,
          "Plan Width": 8,
          "Actual Startup Time": 189.519,
          "Actual Total Time": 195.532,
          "Actual Rows": 4,
          "Actual Loops": 1,
          "Workers Planned": 3,
          "Workers Launched": 3,
          "Single Copy": false,
          "Plans": [
            {
              "Node Type": "Aggregate",
              "Strategy": "Plain",
              "Partial Mode": "Partial",
              "Parent Relationship": "Outer",
              "Parallel Aware": false,
              "Startup Cost": 45110.29,
              "Total Cost": 45110.3,
              "Plan Rows": 1,
              "Plan Width": 8,
              "Actual Startup Time": 185.208,
              "Actual Total Time": 185.209,
              "Actual Rows": 1,
              "Actual Loops": 4,
              "Plans": [
                {
                  "Node Type": "Seq Scan",
                  "Parent Relationship": "Outer",
                  "Parallel Aware": true,
                  "Relation Name": "movie_keyword",
                  "Alias": "mk",
                  "Startup Cost": 0.0,
                  "Total Cost": 42695.65,
                  "Plan Rows": 965854,
                  "Plan Width": 0,
                  "Actual Startup Time": 0.093,
                  "Actual Total Time": 141.99,
                  "Actual Rows": 746888,
                  "Actual Loops": 4,
                  "Filter": "(keyword_id > 2241)",
                  "Rows Removed by Filter": 384094
                }
              ]
            }
          ]
        }
      ]
    },
    "Planning Time": 0.058,
    "Triggers": [],
    "Execution Time": 195.559
  }
]