[
  {
    "Plan": {
      "Node Type": "Aggregate",
      "Strategy": "Plain",
      "Partial Mode": "Finalize",
      "Parallel Aware": false,
      "Startup Cost": 297165.11,
      "Total Cost": 297165.12,
      "Plan Rows": 1,
      "Plan Width": 8,
      "Actual Startup Time": 1648.455,
      "Actual Total Time": 1694.946,
      "Actual Rows": 1,
      "Actual Loops": 1,
      "Plans": [
        {
          "Node Type": "Gather",
          "Parent Relationship": "Outer",
          "Parallel Aware": false,
          "Startup Cost": 297164.59,
          "Total Cost": 297165.1,
          "Plan Rows": 5,
          "Plan Width": 8,
          "Actual Startup Time": 1639.566,
          "Actual Total Time": 1694.936,
          "Actual Rows": 6,
          "Actual Loops": 1,
          "Workers Planned": 5,
          "Workers Launched": 5,
          "Single Copy": false,
          "Plans": [
            {
              "Node Type": "Aggregate",
              "Strategy": "Plain",
              "Partial Mode": "Partial",
              "Parent Relationship": "Outer",
              "Parallel Aware": false,
              "Startup Cost": 296164.59,
              "Total Cost": 296164.6,
              "Plan Rows": 1,
              "Plan Width": 8,
              "Actual Startup Time": 1628.922,
              "Actual Total Time": 1629.146,
              "Actual Rows": 1,
              "Actual Loops": 6,
              "Plans": [
                {
                  "Node Type": "Hash Join",
                  "Parent Relationship": "Outer",
                  "Parallel Aware": true,
                  "Join Type": "Inner",
                  "Startup Cost": 81830.68,
                  "Total Cost": 293718.96,
                  "Plan Rows": 978250,
                  "Plan Width": 0,
                  "Actual Startup Time": 390.287,
                  "Actual Total Time": 1468.025,
                  "Actual Rows": 3880527,
                  "Actual Loops": 6,
                  "Inner Unique": false,
                  "Hash Cond": "(mi.movie_id = t.id)",
                  "Plans": [
                    {
                      "Node Type": "Seq Scan",
                      "Parent Relationship": "Outer",
                      "Parallel Aware": true,
                      "Relation Name": "movie_info",
                      "Alias": "mi",
                      "Startup Cost": 0.0,
                      "Total Cost": 198952.16,
                      "Plan Rows": 2797464,
                      "Plan Width": 4,
                      "Actual Startup Time": 0.02,
                      "Actual Total Time": 359.491,
                      "Actual Rows": 2338930,
                      "Actual Loops": 6,
                      "Filter": "(info_type_id > 1)",
                      "Rows Removed by Filter": 133690
                    },
                    {
                      "Node Type": "Hash",
                      "Parent Relationship": "Inner",
                      "Parallel Aware": true,
                      "Startup Cost": 79067.79,
                      "Total Cost": 79067.79,
                      "Plan Rows": 221031,
                      "Plan Width": 8,
                      "Actual Startup Time": 385.431,
                      "Actual Total Time": 385.653,
                      "Actual Rows": 146755,
                      "Actual Loops": 6,
                      "Hash Buckets": 1048576,
                      "Original Hash Buckets": 1048576,
                      "Hash Batches": 1,
                      "Original Hash Batches": 1,
                      "Peak Memory Usage": 42720,
                      "Plans": [
                        {
                          "Node Type": "Hash Join",
                          "Parent Relationship": "Outer",
                          "Parallel Aware": true,
                          "Join Type": "Inner",
                          "Startup Cost": 32875.69,
                          "Total Cost": 79067.79,
                          "Plan Rows": 221031,
                          "Plan Width": 8,
                          "Actual Startup Time": 132.65,
                          "Actual Total Time": 333.314,
                          "Actual Rows": 146755,
                          "Actual Loops": 6,
                          "Inner Unique": false,
                          "Hash Cond": "(t.id = mc.movie_id)",
                          "Plans": [
                            {
                              "Node Type": "Seq Scan",
                              "Parent Relationship": "Outer",
                              "Parallel Aware": true,
                              "Relation Name": "title",
                              "Alias": "t",
                              "Startup Cost": 0.0,
                              "Total Cost": 42318.73,
                              "Plan Rows": 632073,
                              "Plan Width": 4,
                              "Actual Startup Time": 0.017,
                              "Actual Total Time": 60.841,
                              "Actual Rows": 421385,
                              "Actual Loops": 6
                            },
                            {
                              "Node Type": "Hash",
                              "Parent Relationship": "Inner",
                              "Parallel Aware": true,
                              "Startup Cost": 29310.68,
                              "Total Cost": 29310.68,
                              "Plan Rows": 285201,
                              "Plan Width": 4,
                              "Actual Startup Time": 130.721,
                              "Actual Total Time": 130.722,
                              "Actual Rows": 146755,
                              "Actual Loops": 6,
                              "Hash Buckets": 1048576,
                              "Original Hash Buckets": 1048576,
                              "Hash Batches": 1,
                              "Original Hash Batches": 1,
                              "Peak Memory Usage": 42752,
                              "Plans": [
                                {
                                  "Node Type": "Seq Scan",
                                  "Parent Relationship": "Outer",
                                  "Parallel Aware": true,
                                  "Relation Name": "movie_companies",
                                  "Alias": "mc",
                                  "Startup Cost": 0.0,
                                  "Total Cost": 29310.68,
                                  "Plan Rows": 285201,
                                  "Plan Width": 4,
                                  "Actual Startup Time": 0.062,
                                  "Actual Total Time": 61.632,
                                  "Actual Rows": 146755,
                                  "Actual Loops": 6,
                                  "Filter": "(company_id < 2615)",
                                  "Rows Removed by Filter": 288100
                                }
                              ]
                            }
                          ]
                        }
                      ]
                    }
                  ]
                }
              ]
            }
          ]
        }
      ]
    },
    "Planning Time": 1.448,
    "Triggers": [],
    "Execution Time": 1695.037
  }
]