[
  {
    "Plan": {
      "Node Type": "Aggregate",
      "Strategy": "Plain",
      "Partial Mode": "Finalize",
      "Parallel Aware": false,
      "Startup Cost": 330711.86,
      "Total Cost": 330711.87,
      "Plan Rows": 1,
      "Plan Width": 8,
      "Actual Startup Time": 588.046,
      "Actual Total Time": 648.434,
      "Actual Rows": 1,
      "Actual Loops": 1,
      "Plans": [
        {
          "Node Type": "Gather",
          "Parent Relationship": "Outer",
          "Parallel Aware": false,
          "Startup Cost": 330711.24,
          "Total Cost": 330711.85,
          "Plan Rows": 6,
          "Plan Width": 8,
          "Actual Startup Time": 587.928,
          "Actual Total Time": 648.412,
          "Actual Rows": 7,
          "Actual Loops": 1,
          "Workers Planned": 6,
          "Workers Launched": 6,
          "Single Copy": false,
          "Plans": [
            {
              "Node Type": "Aggregate",
              "Strategy": "Plain",
              "Partial Mode": "Partial",
              "Parent Relationship": "Outer",
              "Parallel Aware": false,
              "Startup Cost": 329711.24,
              "Total Cost": 329711.25,
              "Plan Rows": 1,
              "Plan Width": 8,
              "Actual Startup Time": 577.614,
              "Actual Total Time": 577.615,
              "Actual Rows": 1,
              "Actual Loops": 7,
              "Plans": [
                {
                  "Node Type": "Seq Scan",
                  "Parent Relationship": "Outer",
                  "Parallel Aware": true,
                  "Relation Name": "cast_info",
                  "Alias": "ci",
                  "Startup Cost": 0.0,
                  "Total Cost": 328162.03,
                  "Plan Rows": 619685,
                  "Plan Width": 0,
                  "Actual Startup Time": 0.05,
                  "Actual Total Time": 547.923,
                  "Actual Rows": 550158,
                  "Actual Loops": 7,
                  "Filter": "(person_id < 369004)",
                  "Rows Removed by Filter": 4627605
                }
              ]
            }
          ]
        }
      ]
    },
    "Planning Time": 0.176,
    "Triggers": [],
    "Execution Time": 648.502
  }
]