{
  "Plan": {
    "Node Type": "Aggregate",
    "Strategy": "Plain",
    "Partial Mode": "Finalize",
    "Parallel Aware": false,
    "Startup Cost": 95215.97,
    "Total Cost": 95215.98,
    "Plan Rows": 1,
    "Plan Width": 8,
    "Actual Startup Time": 320.59,
    "Actual Total Time": 334.84,
    "Actual Rows": 1,
    "Actual Loops": 1,
    "Plans": [
      {
        "Node Type": "Gather",
        "Parent Relationship": "Outer",
        "Parallel Aware": false,
        "Startup Cost": 95215.86,
        "Total Cost": 95215.97,
        "Plan Rows": 1,
        "Plan Width": 8,
        "Actual Startup Time": 320.181,
        "Actual Total Time": 334.831,
        "Actual Rows": 2,
        "Actual Loops": 1,
        "Workers Planned": 1,
        "Workers Launched": 1,
        "Single Copy": false,
        "Plans": [
          {
            "Node Type": "Aggregate",
            "Strategy": "Plain",
            "Partial Mode": "Partial",
            "Parent Relationship": "Outer",
            "Parallel Aware": false,
            "Startup Cost": 94215.86,
            "Total Cost": 94215.87,
            "Plan Rows": 1,
            "Plan Width": 8,
            "Actual Startup Time": 314.0,
            "Actual Total Time": 314.005,
            "Actual Rows": 1,
            "Actual Loops": 2,
            "Plans": [
              {
                "Node Type": "Nested Loop",
                "Parent Relationship": "Outer",
                "Parallel Aware": false,
                "Join Type": "Inner",
                "Startup Cost": 21148.76,
                "Total Cost": 94184.27,
                "Plan Rows": 12636,
                "Plan Width": 0,
                "Actual Startup Time": 42.955,
                "Actual Total Time": 312.662,
                "Actual Rows": 27746,
                "Actual Loops": 2,
                "Inner Unique": false,
                "Plans": [
                  {
                    "Node Type": "Hash Join",
                    "Parent Relationship": "Outer",
                    "Parallel Aware": true,
                    "Join Type": "Inner",
                    "Startup Cost": 21148.33,
                    "Total Cost": 81523.14,
                    "Plan Rows": 23151,
                    "Plan Width": 8,
                    "Actual Startup Time": 42.734,
                    "Actual Total Time": 260.41,
                    "Actual Rows": 29007,
                    "Actual Loops": 2,
                    "Inner Unique": false,
                    "Hash Cond": "(t.id = mc.movie_id)",
                    "Plans": [
                      {
                        "Node Type": "Seq Scan",
                        "Parent Relationship": "Outer",
                        "Parallel Aware": true,
                        "Relation Name": "title",
                        "Alias": "t",
                        "Startup Cost": 0.0,
                        "Total Cost": 54588.39,
                        "Plan Rows": 904038,
                        "Plan Width": 4,
                        "Actual Startup Time": 0.012,
                        "Actual Total Time": 135.174,
                        "Actual Rows": 771632,
                        "Actual Loops": 2,
                        "Filter": "(kind_id = 7)",
                        "Rows Removed by Filter": 492524
                      },
                      {
                        "Node Type": "Hash",
                        "Parent Relationship": "Inner",
                        "Parallel Aware": true,
                        "Startup Cost": 20672.27,
                        "Total Cost": 20672.27,
                        "Plan Rows": 38085,
                        "Plan Width": 4,
                        "Actual Startup Time": 41.368,
                        "Actual Total Time": 41.37,
                        "Actual Rows": 33394,
                        "Actual Loops": 2,
                        "Hash Buckets": 131072,
                        "Original Hash Buckets": 65536,
                        "Hash Batches": 1,
                        "Original Hash Batches": 1,
                        "Peak Memory Usage": 4192,
                        "Plans": [
                          {
                            "Node Type": "Bitmap Heap Scan",
                            "Parent Relationship": "Outer",
                            "Parallel Aware": true,
                            "Relation Name": "movie_companies",
                            "Alias": "mc",
                            "Startup Cost": 1406.2,
                            "Total Cost": 20672.27,
                            "Plan Rows": 38085,
                            "Plan Width": 4,
                            "Actual Startup Time": 7.8,
                            "Actual Total Time": 28.482,
                            "Actual Rows": 33394,
                            "Actual Loops": 2,
                            "Recheck Cond": "(company_id < 7)",
                            "Rows Removed by Index Recheck": 0,
                            "Exact Heap Blocks": 5089,
                            "Lossy Heap Blocks": 0,
                            "Plans": [
                              {
                                "Node Type": "Bitmap Index Scan",
                                "Parent Relationship": "Outer",
                                "Parallel Aware": false,
                                "Index Name": "company_id_movie_companies",
                                "Startup Cost": 0.0,
                                "Total Cost": 1390.02,
                                "Plan Rows": 64745,
                                "Plan Width": 0,
                                "Actual Startup Time": 10.029,
                                "Actual Total Time": 10.029,
                                "Actual Rows": 66787,
                                "Actual Loops": 1,
                                "Index Cond": "(company_id < 7)"
                              }
                            ]
                          }
                        ]
                      }
                    ]
                  },
                  {
                    "Node Type": "Index Only Scan",
                    "Parent Relationship": "Inner",
                    "Parallel Aware": false,
                    "Scan Direction": "Forward",
                    "Index Name": "movie_id_movie_info_idx",
                    "Relation Name": "movie_info_idx",
                    "Alias": "mi_idx",
                    "Startup Cost": 0.43,
                    "Total Cost": 0.52,
                    "Plan Rows": 3,
                    "Plan Width": 4,
                    "Actual Startup Time": 0.001,
                    "Actual Total Time": 0.002,
                    "Actual Rows": 1,
                    "Actual Loops": 58014,
                    "Index Cond": "(movie_id = t.id)",
                    "Rows Removed by Index Recheck": 0,
                    "Heap Fetches": 55491
                  }
                ]
              }
            ]
          }
        ]
      }
    ]
  },
  "Planning Time": 1.13,
  "Triggers": [],
  "Execution Time": 334.947
}