[
  {
    "Plan": {
      "Node Type": "Aggregate",
      "Strategy": "Plain",
      "Partial Mode": "Finalize",
      "Parallel Aware": false,
      "Startup Cost": 44935.76,
      "Total Cost": 44935.77,
      "Plan Rows": 1,
      "Plan Width": 8,
      "Actual Startup Time": 121.832,
      "Actual Total Time": 132.081,
      "Actual Rows": 1,
      "Actual Loops": 1,
      "Plans": [
        {
          "Node Type": "Gather",
          "Parent Relationship": "Outer",
          "Parallel Aware": false,
          "Startup Cost": 44935.44,
          "Total Cost": 44935.75,
          "Plan Rows": 3,
          "Plan Width": 8,
          "Actual Startup Time": 121.739,
          "Actual Total Time": 132.072,
          "Actual Rows": 4,
          "Actual Loops": 1,
          "Workers Planned": 3,
          "Workers Launched": 3,
          "Single Copy": false,
          "Plans": [
            {
              "Node Type": "Aggregate",
              "Strategy": "Plain",
              "Partial Mode": "Partial",
              "Parent Relationship": "Outer",
              "Parallel Aware": false,
              "Startup Cost": 43935.44,
              "Total Cost": 43935.45,
              "Plan Rows": 1,
              "Plan Width": 8,
              "Actual Startup Time": 116.046,
              "Actual Total Time": 116.047,
              "Actual Rows": 1,
              "Actual Loops": 4,
              "Plans": [
                {
                  "Node Type": "Seq Scan",
                  "Parent Relationship": "Outer",
                  "Parallel Aware": true,
                  "Relation Name": "movie_keyword",
                  "Alias": "mk",
                  "Startup Cost": 0.0,
                  "Total Cost": 42695.65,
                  "Plan Rows": 495916,
                  "Plan Width": 0,
                  "Actual Startup Time": 0.791,
                  "Actual Total Time": 98.824,
                  "Actual Rows": 381718,
                  "Actual Loops": 4,
                  "Filter": "(keyword_id > 10500)",
                  "Rows Removed by Filter": 749265
                }
              ]
            }
          ]
        }
      ]
    },
    "Planning Time": 0.077,
    "Triggers": [],
    "Execution Time": 132.119
  }
]