[
  {
    "Plan": {
      "Node Type": "Aggregate",
      "Strategy": "Plain",
      "Partial Mode": "Finalize",
      "Parallel Aware": false,
      "Startup Cost": 9723.43,
      "Total Cost": 9723.44,
      "Plan Rows": 1,
      "Plan Width": 8,
      "Actual Startup Time": 34.145,
      "Actual Total Time": 36.73,
      "Actual Rows": 1,
      "Actual Loops": 1,
      "Plans": [
        {
          "Node Type": "Gather",
          "Parent Relationship": "Outer",
          "Parallel Aware": false,
          "Startup Cost": 9723.11,
          "Total Cost": 9723.42,
          "Plan Rows": 3,
          "Plan Width": 8,
          "Actual Startup Time": 34.06,
          "Actual Total Time": 36.722,
          "Actual Rows": 4,
          "Actual Loops": 1,
          "Workers Planned": 3,
          "Workers Launched": 3,
          "Single Copy": false,
          "Plans": [
            {
              "Node Type": "Aggregate",
              "Strategy": "Plain",
              "Partial Mode": "Partial",
              "Parent Relationship": "Outer",
              "Parallel Aware": false,
              "Startup Cost": 8723.11,
              "Total Cost": 8723.12,
              "Plan Rows": 1,
              "Plan Width": 8,
              "Actual Startup Time": 28.779,
              "Actual Total Time": 28.78,
              "Actual Rows": 1,
              "Actual Loops": 4,
              "Plans": [
                {
                  "Node Type": "Index Scan",
                  "Parent Relationship": "Outer",
                  "Parallel Aware": true,
                  "Scan Direction": "Forward",
                  "Index Name": "role_id_cast_info",
                  "Relation Name": "cast_info",
                  "Alias": "ci",
                  "Startup Cost": 0.56,
                  "Total Cost": 8600.37,
                  "Plan Rows": 49096,
                  "Plan Width": 0,
                  "Actual Startup Time": 0.102,
                  "Actual Total Time": 24.223,
                  "Actual Rows": 61291,
                  "Actual Loops": 4,
                  "Index Cond": "(role_id > 10)",
                  "Rows Removed by Index Recheck": 0,
                  "Filter": "(person_id > 1761988)",
                  "Rows Removed by Filter": 17738
                }
              ]
            }
          ]
        }
      ]
    },
    "Planning Time": 0.227,
    "Triggers": [],
    "Execution Time": 36.789
  }
]