[
  {
    "Bao": {
      "Bao prediction": 624.186,
      "Bao recommended hint": "SET enable_nestloop TO off; "
    }
  },
  {
    "Plan": {
      "Node Type": "Aggregate",
      "Strategy": "Plain",
      "Partial Mode": "Finalize",
      "Parallel Aware": false,
      "Startup Cost": 464688.44,
      "Total Cost": 464688.45,
      "Plan Rows": 1,
      "Plan Width": 64,
      "Actual Startup Time": 1769.26,
      "Actual Total Time": 1837.236,
      "Actual Rows": 1,
      "Actual Loops": 1,
      "Plans": [
        {
          "Node Type": "Gather",
          "Parent Relationship": "Outer",
          "Parallel Aware": false,
          "Startup Cost": 464688.01,
          "Total Cost": 464688.42,
          "Plan Rows": 4,
          "Plan Width": 64,
          "Actual Startup Time": 1756.824,
          "Actual Total Time": 1837.214,
          "Actual Rows": 5,
          "Actual Loops": 1,
          "Workers Planned": 4,
          "Workers Launched": 4,
          "Single Copy": false,
          "Plans": [
            {
              "Node Type": "Aggregate",
              "Strategy": "Plain",
              "Partial Mode": "Partial",
              "Parent Relationship": "Outer",
              "Parallel Aware": false,
              "Startup Cost": 463688.01,
              "Total Cost": 463688.02,
              "Plan Rows": 1,
              "Plan Width": 64,
              "Actual Startup Time": 1727.639,
              "Actual Total Time": 1727.661,
              "Actual Rows": 1,
              "Actual Loops": 5,
              "Plans": [
                {
                  "Node Type": "Hash Join",
                  "Parent Relationship": "Outer",
                  "Parallel Aware": true,
                  "Join Type": "Inner",
                  "Startup Cost": 417548.65,
                  "Total Cost": 463686.01,
                  "Plan Rows": 400,
                  "Plan Width": 33,
                  "Actual Startup Time": 1727.63,
                  "Actual Total Time": 1727.651,
                  "Actual Rows": 0,
                  "Actual Loops": 5,
                  "Inner Unique": false,
                  "Hash Cond": "(t.id = mc.movie_id)",
                  "Plans": [
                    {
                      "Node Type": "Seq Scan",
                      "Parent Relationship": "Outer",
                      "Parallel Aware": true,
                      "Relation Name": "title",
                      "Alias": "t",
                      "Startup Cost": 0.0,
                      "Total Cost": 43898.97,
                      "Plan Rows": 596726,
                      "Plan Width": 21,
                      "Actual Startup Time": 0.0,
                      "Actual Total Time": 0.0,
                      "Actual Rows": 0,
                      "Actual Loops": 0,
                      "Filter": "(production_year < 2013)",
                      "Rows Removed by Filter": 0
                    },
                    {
                      "Node Type": "Hash",
                      "Parent Relationship": "Inner",
                      "Parallel Aware": true,
                      "Startup Cost": 417545.11,
                      "Total Cost": 417545.11,
                      "Plan Rows": 283,
                      "Plan Width": 24,
                      "Actual Startup Time": 1726.102,
                      "Actual Total Time": 1726.121,
                      "Actual Rows": 0,
                      "Actual Loops": 5,
                      "Hash Buckets": 2048,
                      "Original Hash Buckets": 2048,
                      "Hash Batches": 1,
                      "Original Hash Batches": 1,
                      "Peak Memory Usage": 0,
                      "Plans": [
                        {
                          "Node Type": "Hash Join",
                          "Parent Relationship": "Outer",
                          "Parallel Aware": false,
                          "Join Type": "Inner",
                          "Startup Cost": 88323.32,
                          "Total Cost": 417545.11,
                          "Plan Rows": 283,
                          "Plan Width": 24,
                          "Actual Startup Time": 1715.472,
                          "Actual Total Time": 1715.49,
                          "Actual Rows": 0,
                          "Actual Loops": 5,
                          "Inner Unique": true,
                          "Hash Cond": "(mc.company_type_id = ct.id)",
                          "Plans": [
                            {
                              "Node Type": "Hash Join",
                              "Parent Relationship": "Outer",
                              "Parallel Aware": true,
                              "Join Type": "Inner",
                              "Startup Cost": 88322.23,
                              "Total Cost": 417542.49,
                              "Plan Rows": 283,
                              "Plan Width": 28,
                              "Actual Startup Time": 1715.309,
                              "Actual Total Time": 1715.325,
                              "Actual Rows": 0,
                              "Actual Loops": 5,
                              "Inner Unique": true,
                              "Hash Cond": "(ci.person_role_id = chn.id)",
                              "Plans": [
                                {
                                  "Node Type": "Hash Join",
                                  "Parent Relationship": "Outer",
                                  "Parallel Aware": false,
                                  "Join Type": "Inner",
                                  "Startup Cost": 34209.03,
                                  "Total Cost": 363428.55,
                                  "Plan Rows": 283,
                                  "Plan Width": 16,
                                  "Actual Startup Time": 1187.914,
                                  "Actual Total Time": 1187.927,
                                  "Actual Rows": 0,
                                  "Actual Loops": 5,
                                  "Inner Unique": true,
                                  "Hash Cond": "(ci.role_id = rt.id)",
                                  "Plans": [
                                    {
                                      "Node Type": "Hash Join",
                                      "Parent Relationship": "Outer",
                                      "Parallel Aware": true,
                                      "Join Type": "Inner",
                                      "Startup Cost": 34207.87,
                                      "Total Cost": 363415.33,
                                      "Plan Rows": 3394,
                                      "Plan Width": 20,
                                      "Actual Startup Time": 621.831,
                                      "Actual Total Time": 1187.498,
                                      "Actual Rows": 2843,
                                      "Actual Loops": 5,
                                      "Inner Unique": false,
                                      "Hash Cond": "(ci.movie_id = mc.movie_id)",
                                      "Plans": [
                                        {
                                          "Node Type": "Seq Scan",
                                          "Parent Relationship": "Outer",
                                          "Parallel Aware": true,
                                          "Relation Name": "cast_info",
                                          "Alias": "ci",
                                          "Startup Cost": 0.0,
                                          "Total Cost": 328289.28,
                                          "Plan Rows": 241927,
                                          "Plan Width": 12,
                                          "Actual Startup Time": 126.126,
                                          "Actual Total Time": 1017.424,
                                          "Actual Rows": 287088,
                                          "Actual Loops": 5,
                                          "Filter": "(note ~~ '%(producer)%'::text)",
                                          "Rows Removed by Filter": 6961781
                                        },
                                        {
                                          "Node Type": "Hash",
                                          "Parent Relationship": "Inner",
                                          "Parallel Aware": true,
                                          "Startup Cost": 34148.59,
                                          "Total Cost": 34148.59,
                                          "Plan Rows": 4742,
                                          "Plan Width": 8,
                                          "Actual Startup Time": 134.421,
                                          "Actual Total Time": 134.43,
                                          "Actual Rows": 1758,
                                          "Actual Loops": 5,
                                          "Hash Buckets": 16384,
                                          "Original Hash Buckets": 16384,
                                          "Hash Batches": 1,
                                          "Original Hash Batches": 1,
                                          "Peak Memory Usage": 544,
                                          "Plans": [
                                            {
                                              "Node Type": "Hash Join",
                                              "Parent Relationship": "Outer",
                                              "Parallel Aware": true,
                                              "Join Type": "Inner",
                                              "Startup Cost": 4732.66,
                                              "Total Cost": 34148.59,
                                              "Plan Rows": 4742,
                                              "Plan Width": 8,
                                              "Actual Startup Time": 10.417,
                                              "Actual Total Time": 133.484,
                                              "Actual Rows": 1758,
                                              "Actual Loops": 5,
                                              "Inner Unique": true,
                                              "Hash Cond": "(mc.company_id = cn.id)",
                                              "Plans": [
                                                {
                                                  "Node Type": "Seq Scan",
                                                  "Parent Relationship": "Outer",
                                                  "Parallel Aware": true,
                                                  "Relation Name": "movie_companies",
                                                  "Alias": "mc",
                                                  "Startup Cost": 0.0,
                                                  "Total Cost": 27206.55,
                                                  "Plan Rows": 841655,
                                                  "Plan Width": 12,
                                                  "Actual Startup Time": 0.015,
                                                  "Actual Total Time": 66.286,
                                                  "Actual Rows": 521826,
                                                  "Actual Loops": 5
                                                },
                                                {
                                                  "Node Type": "Hash",
                                                  "Parent Relationship": "Inner",
                                                  "Parallel Aware": true,
                                                  "Startup Cost": 4722.92,
                                                  "Total Cost": 4722.92,
                                                  "Plan Rows": 779,
                                                  "Plan Width": 4,
                                                  "Actual Startup Time": 9.972,
                                                  "Actual Total Time": 9.974,
                                                  "Actual Rows": 272,
                                                  "Actual Loops": 5,
                                                  "Hash Buckets": 2048,
                                                  "Original Hash Buckets": 2048,
                                                  "Hash Batches": 1,
                                                  "Original Hash Batches": 1,
                                                  "Peak Memory Usage": 176,
                                                  "Plans": [
                                                    {
                                                      "Node Type": "Seq Scan",
                                                      "Parent Relationship": "Outer",
                                                      "Parallel Aware": true,
                                                      "Relation Name": "company_name",
                                                      "Alias": "cn",
                                                      "Startup Cost": 0.0,
                                                      "Total Cost": 4722.92,
                                                      "Plan Rows": 779,
                                                      "Plan Width": 4,
                                                      "Actual Startup Time": 0.083,
                                                      "Actual Total Time": 9.684,
                                                      "Actual Rows": 272,
                                                      "Actual Loops": 5,
                                                      "Filter": "((country_code)::text = '[ru]'::text)",
                                                      "Rows Removed by Filter": 46727
                                                    }
                                                  ]
                                                }
                                              ]
                                            }
                                          ]
                                        }
                                      ]
                                    },
                                    {
                                      "Node Type": "Hash",
                                      "Parent Relationship": "Inner",
                                      "Parallel Aware": false,
                                      "Startup Cost": 1.15,
                                      "Total Cost": 1.15,
                                      "Plan Rows": 1,
                                      "Plan Width": 4,
                                      "Actual Startup Time": 0.053,
                                      "Actual Total Time": 0.054,
                                      "Actual Rows": 1,
                                      "Actual Loops": 5,
                                      "Hash Buckets": 1024,
                                      "Original Hash Buckets": 1024,
                                      "Hash Batches": 1,
                                      "Original Hash Batches": 1,
                                      "Peak Memory Usage": 9,
                                      "Plans": [
                                        {
                                          "Node Type": "Seq Scan",
                                          "Parent Relationship": "Outer",
                                          "Parallel Aware": false,
                                          "Relation Name": "role_type",
                                          "Alias": "rt",
                                          "Startup Cost": 0.0,
                                          "Total Cost": 1.15,
                                          "Plan Rows": 1,
                                          "Plan Width": 4,
                                          "Actual Startup Time": 0.038,
                                          "Actual Total Time": 0.04,
                                          "Actual Rows": 1,
                                          "Actual Loops": 5,
                                          "Filter": "((role)::text = 'actor'::text)",
                                          "Rows Removed by Filter": 11
                                        }
                                      ]
                                    }
                                  ]
                                },
                                {
                                  "Node Type": "Hash",
                                  "Parent Relationship": "Inner",
                                  "Parallel Aware": true,
                                  "Startup Cost": 44299.2,
                                  "Total Cost": 44299.2,
                                  "Plan Rows": 785120,
                                  "Plan Width": 20,
                                  "Actual Startup Time": 513.638,
                                  "Actual Total Time": 513.639,
                                  "Actual Rows": 628068,
                                  "Actual Loops": 5,
                                  "Hash Buckets": 4194304,
                                  "Original Hash Buckets": 4194304,
                                  "Hash Batches": 1,
                                  "Original Hash Batches": 1,
                                  "Peak Memory Usage": 205152,
                                  "Plans": [
                                    {
                                      "Node Type": "Seq Scan",
                                      "Parent Relationship": "Outer",
                                      "Parallel Aware": true,
                                      "Relation Name": "char_name",
                                      "Alias": "chn",
                                      "Startup Cost": 0.0,
                                      "Total Cost": 44299.2,
                                      "Plan Rows": 785120,
                                      "Plan Width": 20,
                                      "Actual Startup Time": 0.09,
                                      "Actual Total Time": 136.325,
                                      "Actual Rows": 628068,
                                      "Actual Loops": 5
                                    }
                                  ]
                                }
                              ]
                            },
                            {
                              "Node Type": "Hash",
                              "Parent Relationship": "Inner",
                              "Parallel Aware": false,
                              "Startup Cost": 1.04,
                              "Total Cost": 1.04,
                              "Plan Rows": 4,
                              "Plan Width": 4,
                              "Actual Startup Time": 0.103,
                              "Actual Total Time": 0.104,
                              "Actual Rows": 4,
                              "Actual Loops": 5,
                              "Hash Buckets": 1024,
                              "Original Hash Buckets": 1024,
                              "Hash Batches": 1,
                              "Original Hash Batches": 1,
                              "Peak Memory Usage": 9,
                              "Plans": [
                                {
                                  "Node Type": "Seq Scan",
                                  "Parent Relationship": "Outer",
                                  "Parallel Aware": false,
                                  "Relation Name": "company_type",
                                  "Alias": "ct",
                                  "Startup Cost": 0.0,
                                  "Total Cost": 1.04,
                                  "Plan Rows": 4,
                                  "Plan Width": 4,
                                  "Actual Startup Time": 0.066,
                                  "Actual Total Time": 0.07,
                                  "Actual Rows": 4,
                                  "Actual Loops": 5
                                }
                              ]
                            }
                          ]
                        }
                      ]
                    }
                  ]
                }
              ]
            }
          ]
        }
      ]
    },
    "Planning Time": 409.403,
    "Triggers": [],
    "Execution Time": 1838.27
  }
]