[
  {
    "Plan": {
      "Node Type": "Aggregate",
      "Strategy": "Plain",
      "Partial Mode": "Finalize",
      "Parallel Aware": false,
      "Startup Cost": 31701.53,
      "Total Cost": 31701.54,
      "Plan Rows": 1,
      "Plan Width": 8,
      "Actual Startup Time": 107.787,
      "Actual Total Time": 115.643,
      "Actual Rows": 1,
      "Actual Loops": 1,
      "Plans": [
        {
          "Node Type": "Gather",
          "Parent Relationship": "Outer",
          "Parallel Aware": false,
          "Startup Cost": 31701.22,
          "Total Cost": 31701.53,
          "Plan Rows": 3,
          "Plan Width": 8,
          "Actual Startup Time": 107.679,
          "Actual Total Time": 115.635,
          "Actual Rows": 4,
          "Actual Loops": 1,
          "Workers Planned": 3,
          "Workers Launched": 3,
          "Single Copy": false,
          "Plans": [
            {
              "Node Type": "Aggregate",
              "Strategy": "Plain",
              "Partial Mode": "Partial",
              "Parent Relationship": "Outer",
              "Parallel Aware": false,
              "Startup Cost": 30701.22,
              "Total Cost": 30701.23,
              "Plan Rows": 1,
              "Plan Width": 8,
              "Actual Startup Time": 100.987,
              "Actual Total Time": 100.989,
              "Actual Rows": 1,
              "Actual Loops": 4,
              "Plans": [
                {
                  "Node Type": "Seq Scan",
                  "Parent Relationship": "Outer",
                  "Parallel Aware": true,
                  "Relation Name": "movie_companies",
                  "Alias": "mc",
                  "Startup Cost": 0.0,
                  "Total Cost": 29310.68,
                  "Plan Rows": 556214,
                  "Plan Width": 0,
                  "Actual Startup Time": 0.035,
                  "Actual Total Time": 79.116,
                  "Actual Rows": 433257,
                  "Actual Loops": 4,
                  "Filter": "(company_id < 23185)",
                  "Rows Removed by Filter": 219025
                }
              ]
            }
          ]
        }
      ]
    },
    "Planning Time": 0.188,
    "Triggers": [],
    "Execution Time": 115.697
  }
]