[
  {
    "Plan": {
      "Node Type": "Aggregate",
      "Strategy": "Plain",
      "Partial Mode": "Finalize",
      "Parallel Aware": false,
      "Startup Cost": 31719.88,
      "Total Cost": 31719.89,
      "Plan Rows": 1,
      "Plan Width": 8,
      "Actual Startup Time": 121.316,
      "Actual Total Time": 129.28,
      "Actual Rows": 1,
      "Actual Loops": 1,
      "Plans": [
        {
          "Node Type": "Gather",
          "Parent Relationship": "Outer",
          "Parallel Aware": false,
          "Startup Cost": 31719.56,
          "Total Cost": 31719.87,
          "Plan Rows": 3,
          "Plan Width": 8,
          "Actual Startup Time": 121.164,
          "Actual Total Time": 129.269,
          "Actual Rows": 4,
          "Actual Loops": 1,
          "Workers Planned": 3,
          "Workers Launched": 3,
          "Single Copy": false,
          "Plans": [
            {
              "Node Type": "Aggregate",
              "Strategy": "Plain",
              "Partial Mode": "Partial",
              "Parent Relationship": "Outer",
              "Parallel Aware": false,
              "Startup Cost": 30719.56,
              "Total Cost": 30719.57,
              "Plan Rows": 1,
              "Plan Width": 8,
              "Actual Startup Time": 112.651,
              "Actual Total Time": 112.652,
              "Actual Rows": 1,
              "Actual Loops": 4,
              "Plans": [
                {
                  "Node Type": "Seq Scan",
                  "Parent Relationship": "Outer",
                  "Parallel Aware": true,
                  "Relation Name": "movie_companies",
                  "Alias": "mc",
                  "Startup Cost": 0.0,
                  "Total Cost": 29310.68,
                  "Plan Rows": 563553,
                  "Plan Width": 0,
                  "Actual Startup Time": 0.047,
                  "Actual Total Time": 87.766,
                  "Actual Rows": 433257,
                  "Actual Loops": 4,
                  "Filter": "(company_id < 23185)",
                  "Rows Removed by Filter": 219025
                }
              ]
            }
          ]
        }
      ]
    },
    "Planning Time": 0.195,
    "Triggers": [],
    "Execution Time": 129.338
  }
]