[
  {
    "Plan": {
      "Node Type": "Aggregate",
      "Strategy": "Plain",
      "Partial Mode": "Finalize",
      "Parallel Aware": false,
      "Startup Cost": 341376.59,
      "Total Cost": 341376.6,
      "Plan Rows": 1,
      "Plan Width": 8,
      "Actual Startup Time": 969.846,
      "Actual Total Time": 1018.37,
      "Actual Rows": 1,
      "Actual Loops": 1,
      "Plans": [
        {
          "Node Type": "Gather",
          "Parent Relationship": "Outer",
          "Parallel Aware": false,
          "Startup Cost": 341375.97,
          "Total Cost": 341376.58,
          "Plan Rows": 6,
          "Plan Width": 8,
          "Actual Startup Time": 969.57,
          "Actual Total Time": 1018.355,
          "Actual Rows": 7,
          "Actual Loops": 1,
          "Workers Planned": 6,
          "Workers Launched": 6,
          "Single Copy": false,
          "Plans": [
            {
              "Node Type": "Aggregate",
              "Strategy": "Plain",
              "Partial Mode": "Partial",
              "Parent Relationship": "Outer",
              "Parallel Aware": false,
              "Startup Cost": 340375.97,
              "Total Cost": 340375.98,
              "Plan Rows": 1,
              "Plan Width": 8,
              "Actual Startup Time": 960.815,
              "Actual Total Time": 960.817,
              "Actual Rows": 1,
              "Actual Loops": 7,
              "Plans": [
                {
                  "Node Type": "Seq Scan",
                  "Parent Relationship": "Outer",
                  "Parallel Aware": true,
                  "Relation Name": "cast_info",
                  "Alias": "ci",
                  "Startup Cost": 0.0,
                  "Total Cost": 328211.39,
                  "Plan Rows": 4865830,
                  "Plan Width": 0,
                  "Actual Startup Time": 97.865,
                  "Actual Total Time": 723.438,
                  "Actual Rows": 4150678,
                  "Actual Loops": 7,
                  "Filter": "(person_id > 694630)",
                  "Rows Removed by Filter": 1027085
                }
              ]
            }
          ]
        }
      ]
    },
    "Planning Time": 0.198,
    "Triggers": [],
    "Execution Time": 1018.441
  }
]