[
  {
    "Plan": {
      "Node Type": "Aggregate",
      "Strategy": "Plain",
      "Partial Mode": "Finalize",
      "Parallel Aware": false,
      "Startup Cost": 246431.49,
      "Total Cost": 246431.5,
      "Plan Rows": 1,
      "Plan Width": 8,
      "Actual Startup Time": 816.421,
      "Actual Total Time": 862.475,
      "Actual Rows": 1,
      "Actual Loops": 1,
      "Plans": [
        {
          "Node Type": "Gather",
          "Parent Relationship": "Outer",
          "Parallel Aware": false,
          "Startup Cost": 246430.97,
          "Total Cost": 246431.48,
          "Plan Rows": 5,
          "Plan Width": 8,
          "Actual Startup Time": 814.744,
          "Actual Total Time": 862.464,
          "Actual Rows": 6,
          "Actual Loops": 1,
          "Workers Planned": 5,
          "Workers Launched": 5,
          "Single Copy": false,
          "Plans": [
            {
              "Node Type": "Aggregate",
              "Strategy": "Plain",
              "Partial Mode": "Partial",
              "Parent Relationship": "Outer",
              "Parallel Aware": false,
              "Startup Cost": 245430.97,
              "Total Cost": 245430.98,
              "Plan Rows": 1,
              "Plan Width": 8,
              "Actual Startup Time": 804.76,
              "Actual Total Time": 804.8,
              "Actual Rows": 1,
              "Actual Loops": 6,
              "Plans": [
                {
                  "Node Type": "Hash Join",
                  "Parent Relationship": "Outer",
                  "Parallel Aware": true,
                  "Join Type": "Inner",
                  "Startup Cost": 45804.64,
                  "Total Cost": 245126.4,
                  "Plan Rows": 121826,
                  "Plan Width": 0,
                  "Actual Startup Time": 112.178,
                  "Actual Total Time": 782.935,
                  "Actual Rows": 474086,
                  "Actual Loops": 6,
                  "Inner Unique": true,
                  "Hash Cond": "(mi.movie_id = t.id)",
                  "Plans": [
                    {
                      "Node Type": "Seq Scan",
                      "Parent Relationship": "Outer",
                      "Parallel Aware": true,
                      "Relation Name": "movie_info",
                      "Alias": "mi",
                      "Startup Cost": 0.0,
                      "Total Cost": 191560.33,
                      "Plan Rows": 2956733,
                      "Plan Width": 4,
                      "Actual Startup Time": 0.027,
                      "Actual Total Time": 304.32,
                      "Actual Rows": 2472620,
                      "Actual Loops": 6
                    },
                    {
                      "Node Type": "Hash",
                      "Parent Relationship": "Inner",
                      "Parallel Aware": true,
                      "Startup Cost": 45479.1,
                      "Total Cost": 45479.1,
                      "Plan Rows": 26043,
                      "Plan Width": 4,
                      "Actual Startup Time": 98.456,
                      "Actual Total Time": 98.457,
                      "Actual Rows": 39983,
                      "Actual Loops": 6,
                      "Hash Buckets": 262144,
                      "Original Hash Buckets": 131072,
                      "Hash Batches": 1,
                      "Original Hash Batches": 1,
                      "Peak Memory Usage": 12544,
                      "Plans": [
                        {
                          "Node Type": "Seq Scan",
                          "Parent Relationship": "Outer",
                          "Parallel Aware": true,
                          "Relation Name": "title",
                          "Alias": "t",
                          "Startup Cost": 0.0,
                          "Total Cost": 45479.1,
                          "Plan Rows": 26043,
                          "Plan Width": 4,
                          "Actual Startup Time": 50.341,
                          "Actual Total Time": 81.183,
                          "Actual Rows": 39983,
                          "Actual Loops": 6,
                          "Filter": "((kind_id < 2) AND (production_year < 1973))",
                          "Rows Removed by Filter": 381402
                        }
                      ]
                    }
                  ]
                }
              ]
            }
          ]
        }
      ]
    },
    "Planning Time": 0.78,
    "Triggers": [],
    "Execution Time": 862.559
  }
]