[
  {
    "Plan": {
      "Node Type": "Aggregate",
      "Strategy": "Plain",
      "Partial Mode": "Finalize",
      "Parallel Aware": false,
      "Startup Cost": 10268.15,
      "Total Cost": 10268.16,
      "Plan Rows": 1,
      "Plan Width": 8,
      "Actual Startup Time": 34.126,
      "Actual Total Time": 38.261,
      "Actual Rows": 1,
      "Actual Loops": 1,
      "Plans": [
        {
          "Node Type": "Gather",
          "Parent Relationship": "Outer",
          "Parallel Aware": false,
          "Startup Cost": 10267.83,
          "Total Cost": 10268.14,
          "Plan Rows": 3,
          "Plan Width": 8,
          "Actual Startup Time": 33.968,
          "Actual Total Time": 38.255,
          "Actual Rows": 4,
          "Actual Loops": 1,
          "Workers Planned": 3,
          "Workers Launched": 3,
          "Single Copy": false,
          "Plans": [
            {
              "Node Type": "Aggregate",
              "Strategy": "Plain",
              "Partial Mode": "Partial",
              "Parent Relationship": "Outer",
              "Parallel Aware": false,
              "Startup Cost": 9267.83,
              "Total Cost": 9267.84,
              "Plan Rows": 1,
              "Plan Width": 8,
              "Actual Startup Time": 28.295,
              "Actual Total Time": 28.296,
              "Actual Rows": 1,
              "Actual Loops": 4,
              "Plans": [
                {
                  "Node Type": "Index Scan",
                  "Parent Relationship": "Outer",
                  "Parallel Aware": true,
                  "Scan Direction": "Forward",
                  "Index Name": "role_id_cast_info",
                  "Relation Name": "cast_info",
                  "Alias": "ci",
                  "Startup Cost": 0.56,
                  "Total Cost": 9091.72,
                  "Plan Rows": 70442,
                  "Plan Width": 0,
                  "Actual Startup Time": 0.093,
                  "Actual Total Time": 23.898,
                  "Actual Rows": 67834,
                  "Actual Loops": 4,
                  "Index Cond": "(role_id > 10)",
                  "Rows Removed by Index Recheck": 0,
                  "Filter": "(person_id > 1103687)",
                  "Rows Removed by Filter": 11196
                }
              ]
            }
          ]
        }
      ]
    },
    "Planning Time": 0.106,
    "Triggers": [],
    "Execution Time": 38.291
  }
]