{
  "Plan": {
    "Node Type": "Aggregate",
    "Strategy": "Plain",
    "Partial Mode": "Finalize",
    "Parallel Aware": false,
    "Startup Cost": 259266.53,
    "Total Cost": 259266.54,
    "Plan Rows": 1,
    "Plan Width": 8,
    "Actual Startup Time": 1294.753,
    "Actual Total Time": 1314.702,
    "Actual Rows": 1,
    "Actual Loops": 1,
    "Plans": [
      {
        "Node Type": "Gather",
        "Parent Relationship": "Outer",
        "Parallel Aware": false,
        "Startup Cost": 259266.42,
        "Total Cost": 259266.53,
        "Plan Rows": 1,
        "Plan Width": 8,
        "Actual Startup Time": 1294.74,
        "Actual Total Time": 1314.695,
        "Actual Rows": 2,
        "Actual Loops": 1,
        "Workers Planned": 1,
        "Workers Launched": 1,
        "Single Copy": false,
        "Plans": [
          {
            "Node Type": "Aggregate",
            "Strategy": "Plain",
            "Partial Mode": "Partial",
            "Parent Relationship": "Outer",
            "Parallel Aware": false,
            "Startup Cost": 258266.42,
            "Total Cost": 258266.43,
            "Plan Rows": 1,
            "Plan Width": 8,
            "Actual Startup Time": 1229.915,
            "Actual Total Time": 1229.922,
            "Actual Rows": 1,
            "Actual Loops": 2,
            "Plans": [
              {
                "Node Type": "Merge Join",
                "Parent Relationship": "Outer",
                "Parallel Aware": false,
                "Join Type": "Inner",
                "Startup Cost": 251567.58,
                "Total Cost": 257991.09,
                "Plan Rows": 110129,
                "Plan Width": 0,
                "Actual Startup Time": 1122.654,
                "Actual Total Time": 1222.278,
                "Actual Rows": 149827,
                "Actual Loops": 2,
                "Inner Unique": false,
                "Merge Cond": "(t.id = mi_idx.movie_id)",
                "Plans": [
                  {
                    "Node Type": "Sort",
                    "Parent Relationship": "Outer",
                    "Parallel Aware": false,
                    "Startup Cost": 186200.26,
                    "Total Cost": 187711.06,
                    "Plan Rows": 604320,
                    "Plan Width": 8,
                    "Actual Startup Time": 913.518,
                    "Actual Total Time": 925.182,
                    "Actual Rows": 261294,
                    "Actual Loops": 2,
                    "Sort Key": [
                      "t.id"
                    ],
                    "Sort Method": "quicksort",
                    "Sort Space Used": 16075,
                    "Sort Space Type": "Memory",
                    "Workers": [
                      {
                        "Worker Number": 0,
                        "Sort Method": "quicksort",
                        "Sort Space Used": 26855,
                        "Sort Space Type": "Memory"
                      }
                    ],
                    "Plans": [
                      {
                        "Node Type": "Hash Join",
                        "Parent Relationship": "Outer",
                        "Parallel Aware": true,
                        "Join Type": "Inner",
                        "Startup Cost": 68301.9,
                        "Total Cost": 128170.58,
                        "Plan Rows": 604320,
                        "Plan Width": 8,
                        "Actual Startup Time": 487.3,
                        "Actual Total Time": 846.889,
                        "Actual Rows": 261294,
                        "Actual Loops": 2,
                        "Inner Unique": true,
                        "Hash Cond": "(mk.movie_id = t.id)",
                        "Plans": [
                          {
                            "Node Type": "Seq Scan",
                            "Parent Relationship": "Outer",
                            "Parallel Aware": true,
                            "Relation Name": "movie_keyword",
                            "Alias": "mk",
                            "Startup Cost": 0.0,
                            "Total Cost": 57718.19,
                            "Plan Rows": 819232,
                            "Plan Width": 4,
                            "Actual Startup Time": 0.014,
                            "Actual Total Time": 202.836,
                            "Actual Rows": 701530,
                            "Actual Loops": 2,
                            "Filter": "(keyword_id < 1907)",
                            "Rows Removed by Filter": 1560435
                          },
                          {
                            "Node Type": "Hash",
                            "Parent Relationship": "Inner",
                            "Parallel Aware": true,
                            "Startup Cost": 54588.39,
                            "Total Cost": 54588.39,
                            "Plan Rows": 1097081,
                            "Plan Width": 4,
                            "Actual Startup Time": 472.872,
                            "Actual Total Time": 472.874,
                            "Actual Rows": 932744,
                            "Actual Loops": 2,
                            "Hash Buckets": 2097152,
                            "Original Hash Buckets": 2097152,
                            "Hash Batches": 1,
                            "Original Hash Batches": 1,
                            "Peak Memory Usage": 89408,
                            "Plans": [
                              {
                                "Node Type": "Seq Scan",
                                "Parent Relationship": "Outer",
                                "Parallel Aware": true,
                                "Relation Name": "title",
                                "Alias": "t",
                                "Startup Cost": 0.0,
                                "Total Cost": 54588.39,
                                "Plan Rows": 1097081,
                                "Plan Width": 4,
                                "Actual Startup Time": 0.028,
                                "Actual Total Time": 184.136,
                                "Actual Rows": 932744,
                                "Actual Loops": 2,
                                "Filter": "(kind_id > 1)",
                                "Rows Removed by Filter": 331412
                              }
                            ]
                          }
                        ]
                      }
                    ]
                  },
                  {
                    "Node Type": "Sort",
                    "Parent Relationship": "Inner",
                    "Parallel Aware": false,
                    "Startup Cost": 65367.26,
                    "Total Cost": 66519.13,
                    "Plan Rows": 460748,
                    "Plan Width": 4,
                    "Actual Startup Time": 209.114,
                    "Actual Total Time": 233.209,
                    "Actual Rows": 564009,
                    "Actual Loops": 2,
                    "Sort Key": [
                      "mi_idx.movie_id"
                    ],
                    "Sort Method": "quicksort",
                    "Sort Space Used": 33847,
                    "Sort Space Type": "Memory",
                    "Workers": [
                      {
                        "Worker Number": 0,
                        "Sort Method": "quicksort",
                        "Sort Space Used": 33847,
                        "Sort Space Type": "Memory"
                      }
                    ],
                    "Plans": [
                      {
                        "Node Type": "Bitmap Heap Scan",
                        "Parent Relationship": "Outer",
                        "Parallel Aware": false,
                        "Relation Name": "movie_info_idx",
                        "Alias": "mi_idx",
                        "Startup Cost": 8331.22,
                        "Total Cost": 22025.57,
                        "Plan Rows": 460748,
                        "Plan Width": 4,
                        "Actual Startup Time": 19.415,
                        "Actual Total Time": 91.783,
                        "Actual Rows": 459925,
                        "Actual Loops": 2,
                        "Recheck Cond": "(info_type_id = 101)",
                        "Rows Removed by Index Recheck": 0,
                        "Exact Heap Blocks": 7934,
                        "Lossy Heap Blocks": 0,
                        "Plans": [
                          {
                            "Node Type": "Bitmap Index Scan",
                            "Parent Relationship": "Outer",
                            "Parallel Aware": false,
                            "Index Name": "info_type_id_movie_info_idx",
                            "Startup Cost": 0.0,
                            "Total Cost": 8216.04,
                            "Plan Rows": 460748,
                            "Plan Width": 0,
                            "Actual Startup Time": 18.215,
                            "Actual Total Time": 18.215,
                            "Actual Rows": 459925,
                            "Actual Loops": 2,
                            "Index Cond": "(info_type_id = 101)"
                          }
                        ]
                      }
                    ]
                  }
                ]
              }
            ]
          }
        ]
      }
    ]
  },
  "Planning Time": 1.118,
  "Triggers": [],
  "Execution Time": 1317.908
}