{
  "Plan": {
    "Node Type": "Aggregate",
    "Strategy": "Plain",
    "Partial Mode": "Finalize",
    "Parallel Aware": false,
    "Startup Cost": 158002.83,
    "Total Cost": 158002.84,
    "Plan Rows": 1,
    "Plan Width": 8,
    "Actual Startup Time": 1289.436,
    "Actual Total Time": 1312.604,
    "Actual Rows": 1,
    "Actual Loops": 1,
    "Plans": [
      {
        "Node Type": "Gather",
        "Parent Relationship": "Outer",
        "Parallel Aware": false,
        "Startup Cost": 158002.72,
        "Total Cost": 158002.83,
        "Plan Rows": 1,
        "Plan Width": 8,
        "Actual Startup Time": 1284.613,
        "Actual Total Time": 1312.592,
        "Actual Rows": 2,
        "Actual Loops": 1,
        "Workers Planned": 1,
        "Workers Launched": 1,
        "Single Copy": false,
        "Plans": [
          {
            "Node Type": "Aggregate",
            "Strategy": "Plain",
            "Partial Mode": "Partial",
            "Parent Relationship": "Outer",
            "Parallel Aware": false,
            "Startup Cost": 157002.72,
            "Total Cost": 157002.73,
            "Plan Rows": 1,
            "Plan Width": 8,
            "Actual Startup Time": 1279.306,
            "Actual Total Time": 1281.098,
            "Actual Rows": 1,
            "Actual Loops": 2,
            "Plans": [
              {
                "Node Type": "Hash Join",
                "Parent Relationship": "Outer",
                "Parallel Aware": true,
                "Join Type": "Inner",
                "Startup Cost": 88541.39,
                "Total Cost": 155717.81,
                "Plan Rows": 513964,
                "Plan Width": 0,
                "Actual Startup Time": 727.689,
                "Actual Total Time": 1217.04,
                "Actual Rows": 1344964,
                "Actual Loops": 2,
                "Inner Unique": false,
                "Hash Cond": "(mk.movie_id = t.id)",
                "Plans": [
                  {
                    "Node Type": "Seq Scan",
                    "Parent Relationship": "Outer",
                    "Parallel Aware": true,
                    "Relation Name": "movie_keyword",
                    "Alias": "mk",
                    "Startup Cost": 0.0,
                    "Total Cost": 57718.19,
                    "Plan Rows": 1715978,
                    "Plan Width": 4,
                    "Actual Startup Time": 0.016,
                    "Actual Total Time": 226.607,
                    "Actual Rows": 1455916,
                    "Actual Loops": 2,
                    "Filter": "(keyword_id < 9413)",
                    "Rows Removed by Filter": 806049
                  },
                  {
                    "Node Type": "Hash",
                    "Parent Relationship": "Inner",
                    "Parallel Aware": true,
                    "Startup Cost": 82973.27,
                    "Total Cost": 82973.27,
                    "Plan Rows": 445450,
                    "Plan Width": 8,
                    "Actual Startup Time": 718.319,
                    "Actual Total Time": 720.108,
                    "Actual Rows": 332008,
                    "Actual Loops": 2,
                    "Hash Buckets": 1048576,
                    "Original Hash Buckets": 1048576,
                    "Hash Batches": 1,
                    "Original Hash Batches": 1,
                    "Peak Memory Usage": 34176,
                    "Plans": [
                      {
                        "Node Type": "Hash Join",
                        "Parent Relationship": "Outer",
                        "Parallel Aware": true,
                        "Join Type": "Inner",
                        "Startup Cost": 64789.48,
                        "Total Cost": 82973.27,
                        "Plan Rows": 445450,
                        "Plan Width": 8,
                        "Actual Startup Time": 424.272,
                        "Actual Total Time": 639.137,
                        "Actual Rows": 332008,
                        "Actual Loops": 2,
                        "Inner Unique": true,
                        "Hash Cond": "(mi_idx.movie_id = t.id)",
                        "Plans": [
                          {
                            "Node Type": "Seq Scan",
                            "Parent Relationship": "Outer",
                            "Parallel Aware": true,
                            "Relation Name": "movie_info_idx",
                            "Alias": "mi_idx",
                            "Startup Cost": 0.0,
                            "Total Cost": 16052.85,
                            "Plan Rows": 811785,
                            "Plan Width": 4,
                            "Actual Startup Time": 0.019,
                            "Actual Total Time": 60.244,
                            "Actual Rows": 690018,
                            "Actual Loops": 2
                          },
                          {
                            "Node Type": "Hash",
                            "Parent Relationship": "Inner",
                            "Parallel Aware": true,
                            "Startup Cost": 54588.39,
                            "Total Cost": 54588.39,
                            "Plan Rows": 816087,
                            "Plan Width": 4,
                            "Actual Startup Time": 414.579,
                            "Actual Total Time": 414.579,
                            "Actual Rows": 690726,
                            "Actual Loops": 2,
                            "Hash Buckets": 2097152,
                            "Original Hash Buckets": 2097152,
                            "Hash Batches": 1,
                            "Original Hash Batches": 1,
                            "Peak Memory Usage": 70464,
                            "Plans": [
                              {
                                "Node Type": "Seq Scan",
                                "Parent Relationship": "Outer",
                                "Parallel Aware": true,
                                "Relation Name": "title",
                                "Alias": "t",
                                "Startup Cost": 0.0,
                                "Total Cost": 54588.39,
                                "Plan Rows": 816087,
                                "Plan Width": 4,
                                "Actual Startup Time": 0.046,
                                "Actual Total Time": 198.78,
                                "Actual Rows": 690726,
                                "Actual Loops": 2,
                                "Filter": "(production_year > 2000)",
                                "Rows Removed by Filter": 573430
                              }
                            ]
                          }
                        ]
                      }
                    ]
                  }
                ]
              }
            ]
          }
        ]
      }
    ]
  },
  "Planning Time": 1.0,
  "Triggers": [],
  "Execution Time": 1312.713
}