[
  {
    "Plan": {
      "Node Type": "Aggregate",
      "Strategy": "Plain",
      "Partial Mode": "Finalize",
      "Parallel Aware": false,
      "Startup Cost": 364800.84,
      "Total Cost": 364800.85,
      "Plan Rows": 1,
      "Plan Width": 8,
      "Actual Startup Time": 770.383,
      "Actual Total Time": 842.699,
      "Actual Rows": 1,
      "Actual Loops": 1,
      "Plans": [
        {
          "Node Type": "Gather",
          "Parent Relationship": "Outer",
          "Parallel Aware": false,
          "Startup Cost": 364800.42,
          "Total Cost": 364800.83,
          "Plan Rows": 4,
          "Plan Width": 8,
          "Actual Startup Time": 770.07,
          "Actual Total Time": 842.689,
          "Actual Rows": 5,
          "Actual Loops": 1,
          "Workers Planned": 4,
          "Workers Launched": 4,
          "Single Copy": false,
          "Plans": [
            {
              "Node Type": "Aggregate",
              "Strategy": "Plain",
              "Partial Mode": "Partial",
              "Parent Relationship": "Outer",
              "Parallel Aware": false,
              "Startup Cost": 363800.42,
              "Total Cost": 363800.43,
              "Plan Rows": 1,
              "Plan Width": 8,
              "Actual Startup Time": 760.196,
              "Actual Total Time": 760.198,
              "Actual Rows": 1,
              "Actual Loops": 5,
              "Plans": [
                {
                  "Node Type": "Nested Loop",
                  "Parent Relationship": "Outer",
                  "Parallel Aware": false,
                  "Join Type": "Inner",
                  "Startup Cost": 0.56,
                  "Total Cost": 363324.5,
                  "Plan Rows": 190368,
                  "Plan Width": 0,
                  "Actual Startup Time": 54.398,
                  "Actual Total Time": 740.837,
                  "Actual Rows": 362409,
                  "Actual Loops": 5,
                  "Inner Unique": false,
                  "Plans": [
                    {
                      "Node Type": "Seq Scan",
                      "Parent Relationship": "Outer",
                      "Parallel Aware": true,
                      "Relation Name": "title",
                      "Alias": "t",
                      "Startup Cost": 0.0,
                      "Total Cost": 45479.1,
                      "Plan Rows": 13286,
                      "Plan Width": 4,
                      "Actual Startup Time": 54.292,
                      "Actual Total Time": 86.579,
                      "Actual Rows": 36025,
                      "Actual Loops": 5,
                      "Filter": "((production_year < 1957) AND (kind_id = 1))",
                      "Rows Removed by Filter": 469637
                    },
                    {
                      "Node Type": "Index Only Scan",
                      "Parent Relationship": "Inner",
                      "Parallel Aware": false,
                      "Scan Direction": "Forward",
                      "Index Name": "movie_id_cast_info",
                      "Relation Name": "cast_info",
                      "Alias": "ci",
                      "Startup Cost": 0.56,
                      "Total Cost": 23.55,
                      "Plan Rows": 37,
                      "Plan Width": 4,
                      "Actual Startup Time": 0.005,
                      "Actual Total Time": 0.017,
                      "Actual Rows": 10,
                      "Actual Loops": 180127,
                      "Index Cond": "(movie_id = t.id)",
                      "Rows Removed by Index Recheck": 0,
                      "Heap Fetches": 1812045
                    }
                  ]
                }
              ]
            }
          ]
        }
      ]
    },
    "Planning Time": 0.638,
    "Triggers": [],
    "Execution Time": 842.786
  }
]