[
  {
    "Plan": {
      "Node Type": "Aggregate",
      "Strategy": "Plain",
      "Partial Mode": "Finalize",
      "Parallel Aware": false,
      "Startup Cost": 45644.87,
      "Total Cost": 45644.88,
      "Plan Rows": 1,
      "Plan Width": 8,
      "Actual Startup Time": 166.428,
      "Actual Total Time": 182.377,
      "Actual Rows": 1,
      "Actual Loops": 1,
      "Plans": [
        {
          "Node Type": "Gather",
          "Parent Relationship": "Outer",
          "Parallel Aware": false,
          "Startup Cost": 45644.55,
          "Total Cost": 45644.86,
          "Plan Rows": 3,
          "Plan Width": 8,
          "Actual Startup Time": 166.345,
          "Actual Total Time": 182.368,
          "Actual Rows": 4,
          "Actual Loops": 1,
          "Workers Planned": 3,
          "Workers Launched": 3,
          "Single Copy": false,
          "Plans": [
            {
              "Node Type": "Aggregate",
              "Strategy": "Plain",
              "Partial Mode": "Partial",
              "Parent Relationship": "Outer",
              "Parallel Aware": false,
              "Startup Cost": 44644.55,
              "Total Cost": 44644.56,
              "Plan Rows": 1,
              "Plan Width": 8,
              "Actual Startup Time": 159.167,
              "Actual Total Time": 159.168,
              "Actual Rows": 1,
              "Actual Loops": 4,
              "Plans": [
                {
                  "Node Type": "Seq Scan",
                  "Parent Relationship": "Outer",
                  "Parallel Aware": true,
                  "Relation Name": "movie_keyword",
                  "Alias": "mk",
                  "Startup Cost": 0.0,
                  "Total Cost": 42695.65,
                  "Plan Rows": 779559,
                  "Plan Width": 0,
                  "Actual Startup Time": 0.06,
                  "Actual Total Time": 128.013,
                  "Actual Rows": 604695,
                  "Actual Loops": 4,
                  "Filter": "(keyword_id < 5703)",
                  "Rows Removed by Filter": 526288
                }
              ]
            }
          ]
        }
      ]
    },
    "Planning Time": 0.189,
    "Triggers": [],
    "Execution Time": 182.437
  }
]