[
  {
    "Plan": {
      "Node Type": "Aggregate",
      "Strategy": "Plain",
      "Partial Mode": "Finalize",
      "Parallel Aware": false,
      "Startup Cost": 113464.51,
      "Total Cost": 113464.52,
      "Plan Rows": 1,
      "Plan Width": 8,
      "Actual Startup Time": 742.923,
      "Actual Total Time": 789.23,
      "Actual Rows": 1,
      "Actual Loops": 1,
      "Plans": [
        {
          "Node Type": "Gather",
          "Parent Relationship": "Outer",
          "Parallel Aware": false,
          "Startup Cost": 113464.19,
          "Total Cost": 113464.5,
          "Plan Rows": 3,
          "Plan Width": 8,
          "Actual Startup Time": 741.176,
          "Actual Total Time": 789.223,
          "Actual Rows": 4,
          "Actual Loops": 1,
          "Workers Planned": 3,
          "Workers Launched": 3,
          "Single Copy": false,
          "Plans": [
            {
              "Node Type": "Aggregate",
              "Strategy": "Plain",
              "Partial Mode": "Partial",
              "Parent Relationship": "Outer",
              "Parallel Aware": false,
              "Startup Cost": 112464.19,
              "Total Cost": 112464.2,
              "Plan Rows": 1,
              "Plan Width": 8,
              "Actual Startup Time": 731.289,
              "Actual Total Time": 731.295,
              "Actual Rows": 1,
              "Actual Loops": 4,
              "Plans": [
                {
                  "Node Type": "Nested Loop",
                  "Parent Relationship": "Outer",
                  "Parallel Aware": false,
                  "Join Type": "Inner",
                  "Startup Cost": 51905.04,
                  "Total Cost": 112446.73,
                  "Plan Rows": 6985,
                  "Plan Width": 0,
                  "Actual Startup Time": 155.229,
                  "Actual Total Time": 706.069,
                  "Actual Rows": 575104,
                  "Actual Loops": 4,
                  "Inner Unique": false,
                  "Join Filter": "(t.id = mi.movie_id)",
                  "Rows Removed by Join Filter": 0,
                  "Plans": [
                    {
                      "Node Type": "Hash Join",
                      "Parent Relationship": "Outer",
                      "Parallel Aware": true,
                      "Join Type": "Inner",
                      "Startup Cost": 51904.6,
                      "Total Cost": 77676.77,
                      "Plan Rows": 7625,
                      "Plan Width": 8,
                      "Actual Startup Time": 155.109,
                      "Actual Total Time": 202.652,
                      "Actual Rows": 26855,
                      "Actual Loops": 4,
                      "Inner Unique": true,
                      "Hash Cond": "(mk.movie_id = t.id)",
                      "Plans": [
                        {
                          "Node Type": "Bitmap Heap Scan",
                          "Parent Relationship": "Outer",
                          "Parallel Aware": true,
                          "Relation Name": "movie_keyword",
                          "Alias": "mk",
                          "Startup Cost": 5734.24,
                          "Total Cost": 31277.63,
                          "Plan Rows": 87151,
                          "Plan Width": 4,
                          "Actual Startup Time": 19.2,
                          "Actual Total Time": 52.519,
                          "Actual Rows": 66504,
                          "Actual Loops": 4,
                          "Recheck Cond": "(keyword_id > 58910)",
                          "Rows Removed by Index Recheck": 0,
                          "Exact Heap Blocks": 6510,
                          "Lossy Heap Blocks": 0,
                          "Plans": [
                            {
                              "Node Type": "Bitmap Index Scan",
                              "Parent Relationship": "Outer",
                              "Parallel Aware": false,
                              "Index Name": "keyword_id_movie_keyword",
                              "Startup Cost": 0.0,
                              "Total Cost": 5666.7,
                              "Plan Rows": 270169,
                              "Plan Width": 0,
                              "Actual Startup Time": 15.93,
                              "Actual Total Time": 15.931,
                              "Actual Rows": 266015,
                              "Actual Loops": 1,
                              "Index Cond": "(keyword_id > 58910)"
                            }
                          ]
                        },
                        {
                          "Node Type": "Hash",
                          "Parent Relationship": "Inner",
                          "Parallel Aware": true,
                          "Startup Cost": 45479.1,
                          "Total Cost": 45479.1,
                          "Plan Rows": 55301,
                          "Plan Width": 4,
                          "Actual Startup Time": 128.756,
                          "Actual Total Time": 128.757,
                          "Actual Rows": 86803,
                          "Actual Loops": 4,
                          "Hash Buckets": 524288,
                          "Original Hash Buckets": 262144,
                          "Hash Batches": 1,
                          "Original Hash Batches": 1,
                          "Peak Memory Usage": 19808,
                          "Plans": [
                            {
                              "Node Type": "Seq Scan",
                              "Parent Relationship": "Outer",
                              "Parallel Aware": true,
                              "Relation Name": "title",
                              "Alias": "t",
                              "Startup Cost": 0.0,
                              "Total Cost": 45479.1,
                              "Plan Rows": 55301,
                              "Plan Width": 4,
                              "Actual Startup Time": 59.823,
                              "Actual Total Time": 99.605,
                              "Actual Rows": 86803,
                              "Actual Loops": 4,
                              "Filter": "((production_year < 1996) AND (kind_id = 1))",
                              "Rows Removed by Filter": 545275
                            }
                          ]
                        }
                      ]
                    },
                    {
                      "Node Type": "Index Scan",
                      "Parent Relationship": "Inner",
                      "Parallel Aware": false,
                      "Scan Direction": "Forward",
                      "Index Name": "movie_id_movie_info",
                      "Relation Name": "movie_info",
                      "Alias": "mi",
                      "Startup Cost": 0.43,
                      "Total Cost": 4.47,
                      "Plan Rows": 7,
                      "Plan Width": 4,
                      "Actual Startup Time": 0.006,
                      "Actual Total Time": 0.017,
                      "Actual Rows": 21,
                      "Actual Loops": 107421,
                      "Index Cond": "(movie_id = mk.movie_id)",
                      "Rows Removed by Index Recheck": 0,
                      "Filter": "(info_type_id > 16)",
                      "Rows Removed by Filter": 34
                    }
                  ]
                }
              ]
            }
          ]
        }
      ]
    },
    "Planning Time": 1.475,
    "Triggers": [],
    "Execution Time": 789.353
  }
]