{
  "Plan": {
    "Node Type": "Aggregate",
    "Strategy": "Plain",
    "Partial Mode": "Finalize",
    "Parallel Aware": false,
    "Startup Cost": 300479.63,
    "Total Cost": 300479.64,
    "Plan Rows": 1,
    "Plan Width": 8,
    "Actual Startup Time": 1625.14,
    "Actual Total Time": 1659.062,
    "Actual Rows": 1,
    "Actual Loops": 1,
    "Plans": [
      {
        "Node Type": "Gather",
        "Parent Relationship": "Outer",
        "Parallel Aware": false,
        "Startup Cost": 300479.52,
        "Total Cost": 300479.63,
        "Plan Rows": 1,
        "Plan Width": 8,
        "Actual Startup Time": 1614.564,
        "Actual Total Time": 1659.053,
        "Actual Rows": 2,
        "Actual Loops": 1,
        "Workers Planned": 1,
        "Workers Launched": 1,
        "Single Copy": false,
        "Plans": [
          {
            "Node Type": "Aggregate",
            "Strategy": "Plain",
            "Partial Mode": "Partial",
            "Parent Relationship": "Outer",
            "Parallel Aware": false,
            "Startup Cost": 299479.52,
            "Total Cost": 299479.53,
            "Plan Rows": 1,
            "Plan Width": 8,
            "Actual Startup Time": 1606.764,
            "Actual Total Time": 1608.407,
            "Actual Rows": 1,
            "Actual Loops": 2,
            "Plans": [
              {
                "Node Type": "Hash Join",
                "Parent Relationship": "Outer",
                "Parallel Aware": true,
                "Join Type": "Inner",
                "Startup Cost": 131390.93,
                "Total Cost": 299004.6,
                "Plan Rows": 189967,
                "Plan Width": 0,
                "Actual Startup Time": 1419.757,
                "Actual Total Time": 1581.569,
                "Actual Rows": 555814,
                "Actual Loops": 2,
                "Inner Unique": false,
                "Hash Cond": "(mi.movie_id = t.id)",
                "Plans": [
                  {
                    "Node Type": "Bitmap Heap Scan",
                    "Parent Relationship": "Outer",
                    "Parallel Aware": true,
                    "Relation Name": "movie_info",
                    "Alias": "mi",
                    "Startup Cost": 8535.51,
                    "Total Cost": 173992.52,
                    "Plan Rows": 277121,
                    "Plan Width": 4,
                    "Actual Startup Time": 21.388,
                    "Actual Total Time": 46.592,
                    "Actual Rows": 237222,
                    "Actual Loops": 2,
                    "Recheck Cond": "(info_type_id = 6)",
                    "Rows Removed by Index Recheck": 0,
                    "Exact Heap Blocks": 1914,
                    "Lossy Heap Blocks": 0,
                    "Plans": [
                      {
                        "Node Type": "Bitmap Index Scan",
                        "Parent Relationship": "Outer",
                        "Parallel Aware": false,
                        "Index Name": "info_type_id_movie_info",
                        "Startup Cost": 0.0,
                        "Total Cost": 8417.73,
                        "Plan Rows": 471106,
                        "Plan Width": 0,
                        "Actual Startup Time": 21.023,
                        "Actual Total Time": 21.024,
                        "Actual Rows": 474443,
                        "Actual Loops": 1,
                        "Index Cond": "(info_type_id = 6)"
                      }
                    ]
                  },
                  {
                    "Node Type": "Hash",
                    "Parent Relationship": "Inner",
                    "Parallel Aware": true,
                    "Startup Cost": 110111.66,
                    "Total Cost": 110111.66,
                    "Plan Rows": 1019501,
                    "Plan Width": 8,
                    "Actual Startup Time": 1383.456,
                    "Actual Total Time": 1385.096,
                    "Actual Rows": 859416,
                    "Actual Loops": 2,
                    "Hash Buckets": 2097152,
                    "Original Hash Buckets": 2097152,
                    "Hash Batches": 1,
                    "Original Hash Batches": 1,
                    "Peak Memory Usage": 83680,
                    "Plans": [
                      {
                        "Node Type": "Hash Join",
                        "Parent Relationship": "Outer",
                        "Parallel Aware": true,
                        "Join Type": "Inner",
                        "Startup Cost": 69460.7,
                        "Total Cost": 110111.66,
                        "Plan Rows": 1019501,
                        "Plan Width": 8,
                        "Actual Startup Time": 645.087,
                        "Actual Total Time": 1130.714,
                        "Actual Rows": 859416,
                        "Actual Loops": 2,
                        "Inner Unique": true,
                        "Hash Cond": "(mc.movie_id = t.id)",
                        "Plans": [
                          {
                            "Node Type": "Seq Scan",
                            "Parent Relationship": "Outer",
                            "Parallel Aware": true,
                            "Relation Name": "movie_companies",
                            "Alias": "mc",
                            "Startup Cost": 0.0,
                            "Total Cost": 37974.77,
                            "Plan Rows": 1019501,
                            "Plan Width": 4,
                            "Actual Startup Time": 0.016,
                            "Actual Total Time": 157.092,
                            "Actual Rows": 859416,
                            "Actual Loops": 2,
                            "Filter": "(company_id < 22134)",
                            "Rows Removed by Filter": 445148
                          },
                          {
                            "Node Type": "Hash",
                            "Parent Relationship": "Inner",
                            "Parallel Aware": true,
                            "Startup Cost": 50870.31,
                            "Total Cost": 50870.31,
                            "Plan Rows": 1487231,
                            "Plan Width": 4,
                            "Actual Startup Time": 631.467,
                            "Actual Total Time": 631.468,
                            "Actual Rows": 1264156,
                            "Actual Loops": 2,
                            "Hash Buckets": 4194304,
                            "Original Hash Buckets": 4194304,
                            "Hash Batches": 1,
                            "Original Hash Batches": 1,
                            "Peak Memory Usage": 131712,
                            "Plans": [
                              {
                                "Node Type": "Seq Scan",
                                "Parent Relationship": "Outer",
                                "Parallel Aware": true,
                                "Relation Name": "title",
                                "Alias": "t",
                                "Startup Cost": 0.0,
                                "Total Cost": 50870.31,
                                "Plan Rows": 1487231,
                                "Plan Width": 4,
                                "Actual Startup Time": 0.037,
                                "Actual Total Time": 186.661,
                                "Actual Rows": 1264156,
                                "Actual Loops": 2
                              }
                            ]
                          }
                        ]
                      }
                    ]
                  }
                ]
              }
            ]
          }
        ]
      }
    ]
  },
  "Planning Time": 1.129,
  "Triggers": [],
  "Execution Time": 1659.167
}