{
  "Plan": {
    "Node Type": "Aggregate",
    "Strategy": "Plain",
    "Partial Mode": "Finalize",
    "Parallel Aware": false,
    "Startup Cost": 405810.3,
    "Total Cost": 405810.31,
    "Plan Rows": 1,
    "Plan Width": 8,
    "Actual Startup Time": 2210.466,
    "Actual Total Time": 2251.331,
    "Actual Rows": 1,
    "Actual Loops": 1,
    "Plans": [
      {
        "Node Type": "Gather",
        "Parent Relationship": "Outer",
        "Parallel Aware": false,
        "Startup Cost": 405810.19,
        "Total Cost": 405810.3,
        "Plan Rows": 1,
        "Plan Width": 8,
        "Actual Startup Time": 2206.452,
        "Actual Total Time": 2251.325,
        "Actual Rows": 2,
        "Actual Loops": 1,
        "Workers Planned": 1,
        "Workers Launched": 1,
        "Single Copy": false,
        "Plans": [
          {
            "Node Type": "Aggregate",
            "Strategy": "Plain",
            "Partial Mode": "Partial",
            "Parent Relationship": "Outer",
            "Parallel Aware": false,
            "Startup Cost": 404810.19,
            "Total Cost": 404810.2,
            "Plan Rows": 1,
            "Plan Width": 8,
            "Actual Startup Time": 2202.548,
            "Actual Total Time": 2202.554,
            "Actual Rows": 1,
            "Actual Loops": 2,
            "Plans": [
              {
                "Node Type": "Hash Join",
                "Parent Relationship": "Outer",
                "Parallel Aware": true,
                "Join Type": "Inner",
                "Startup Cost": 112473.71,
                "Total Cost": 403073.94,
                "Plan Rows": 694499,
                "Plan Width": 0,
                "Actual Startup Time": 739.964,
                "Actual Total Time": 2117.988,
                "Actual Rows": 2120457,
                "Actual Loops": 2,
                "Inner Unique": false,
                "Hash Cond": "(mi.movie_id = t.id)",
                "Plans": [
                  {
                    "Node Type": "Seq Scan",
                    "Parent Relationship": "Outer",
                    "Parallel Aware": true,
                    "Relation Name": "movie_info",
                    "Alias": "mi",
                    "Startup Cost": 0.0,
                    "Total Cost": 270696.42,
                    "Plan Rows": 4218272,
                    "Plan Width": 4,
                    "Actual Startup Time": 0.017,
                    "Actual Total Time": 643.492,
                    "Actual Rows": 3643432,
                    "Actual Loops": 2,
                    "Filter": "(info_type_id < 8)",
                    "Rows Removed by Filter": 3774428
                  },
                  {
                    "Node Type": "Hash",
                    "Parent Relationship": "Inner",
                    "Parallel Aware": true,
                    "Startup Cost": 109412.97,
                    "Total Cost": 109412.97,
                    "Plan Rows": 244859,
                    "Plan Width": 8,
                    "Actual Startup Time": 734.387,
                    "Actual Total Time": 734.392,
                    "Actual Rows": 328991,
                    "Actual Loops": 2,
                    "Hash Buckets": 1048576,
                    "Original Hash Buckets": 524288,
                    "Hash Batches": 1,
                    "Original Hash Batches": 1,
                    "Peak Memory Usage": 38080,
                    "Plans": [
                      {
                        "Node Type": "Hash Join",
                        "Parent Relationship": "Outer",
                        "Parallel Aware": true,
                        "Join Type": "Inner",
                        "Startup Cost": 45355.08,
                        "Total Cost": 109412.97,
                        "Plan Rows": 244859,
                        "Plan Width": 8,
                        "Actual Startup Time": 211.565,
                        "Actual Total Time": 647.033,
                        "Actual Rows": 328991,
                        "Actual Loops": 2,
                        "Inner Unique": false,
                        "Hash Cond": "(t.id = mc.movie_id)",
                        "Plans": [
                          {
                            "Node Type": "Seq Scan",
                            "Parent Relationship": "Outer",
                            "Parallel Aware": true,
                            "Relation Name": "title",
                            "Alias": "t",
                            "Startup Cost": 0.0,
                            "Total Cost": 54588.39,
                            "Plan Rows": 1284665,
                            "Plan Width": 4,
                            "Actual Startup Time": 0.01,
                            "Actual Total Time": 153.938,
                            "Actual Rows": 1085582,
                            "Actual Loops": 2,
                            "Filter": "(production_year > 1963)",
                            "Rows Removed by Filter": 178574
                          },
                          {
                            "Node Type": "Hash",
                            "Parent Relationship": "Inner",
                            "Parallel Aware": true,
                            "Startup Cost": 41811.73,
                            "Total Cost": 41811.73,
                            "Plan Rows": 283468,
                            "Plan Width": 4,
                            "Actual Startup Time": 208.821,
                            "Actual Total Time": 208.823,
                            "Actual Rows": 401494,
                            "Actual Loops": 2,
                            "Hash Buckets": 1048576,
                            "Original Hash Buckets": 524288,
                            "Hash Batches": 1,
                            "Original Hash Batches": 1,
                            "Peak Memory Usage": 43744,
                            "Plans": [
                              {
                                "Node Type": "Seq Scan",
                                "Parent Relationship": "Outer",
                                "Parallel Aware": true,
                                "Relation Name": "movie_companies",
                                "Alias": "mc",
                                "Startup Cost": 0.0,
                                "Total Cost": 41811.73,
                                "Plan Rows": 283468,
                                "Plan Width": 4,
                                "Actual Startup Time": 55.878,
                                "Actual Total Time": 122.798,
                                "Actual Rows": 401494,
                                "Actual Loops": 2,
                                "Filter": "((company_id > 18084) AND (company_type_id > 1))",
                                "Rows Removed by Filter": 903071
                              }
                            ]
                          }
                        ]
                      }
                    ]
                  }
                ]
              }
            ]
          }
        ]
      }
    ]
  },
  "Planning Time": 0.469,
  "Triggers": [],
  "Execution Time": 2251.385
}