[
  {
    "Plan": {
      "Node Type": "Aggregate",
      "Strategy": "Plain",
      "Partial Mode": "Finalize",
      "Parallel Aware": false,
      "Startup Cost": 347358.37,
      "Total Cost": 347358.38,
      "Plan Rows": 1,
      "Plan Width": 8,
      "Actual Startup Time": 649.198,
      "Actual Total Time": 697.218,
      "Actual Rows": 1,
      "Actual Loops": 1,
      "Plans": [
        {
          "Node Type": "Gather",
          "Parent Relationship": "Outer",
          "Parallel Aware": false,
          "Startup Cost": 347357.75,
          "Total Cost": 347358.36,
          "Plan Rows": 6,
          "Plan Width": 8,
          "Actual Startup Time": 648.965,
          "Actual Total Time": 697.201,
          "Actual Rows": 7,
          "Actual Loops": 1,
          "Workers Planned": 6,
          "Workers Launched": 6,
          "Single Copy": false,
          "Plans": [
            {
              "Node Type": "Aggregate",
              "Strategy": "Plain",
              "Partial Mode": "Partial",
              "Parent Relationship": "Outer",
              "Parallel Aware": false,
              "Startup Cost": 346357.75,
              "Total Cost": 346357.76,
              "Plan Rows": 1,
              "Plan Width": 8,
              "Actual Startup Time": 638.789,
              "Actual Total Time": 638.792,
              "Actual Rows": 1,
              "Actual Loops": 7,
              "Plans": [
                {
                  "Node Type": "Seq Scan",
                  "Parent Relationship": "Outer",
                  "Parallel Aware": true,
                  "Relation Name": "cast_info",
                  "Alias": "ci",
                  "Startup Cost": 0.0,
                  "Total Cost": 343316.27,
                  "Plan Rows": 1216591,
                  "Plan Width": 0,
                  "Actual Startup Time": 329.293,
                  "Actual Total Time": 618.744,
                  "Actual Rows": 424702,
                  "Actual Loops": 7,
                  "Filter": "((person_id > 2621843) AND (role_id < 4))",
                  "Rows Removed by Filter": 4753061
                }
              ]
            }
          ]
        }
      ]
    },
    "Planning Time": 0.096,
    "Triggers": [],
    "Execution Time": 697.265
  }
]