[
  {
    "Plan": {
      "Node Type": "Aggregate",
      "Strategy": "Plain",
      "Partial Mode": "Finalize",
      "Parallel Aware": false,
      "Startup Cost": 434565.76,
      "Total Cost": 434565.77,
      "Plan Rows": 1,
      "Plan Width": 8,
      "Actual Startup Time": 2155.365,
      "Actual Total Time": 2226.417,
      "Actual Rows": 1,
      "Actual Loops": 1,
      "Plans": [
        {
          "Node Type": "Gather",
          "Parent Relationship": "Outer",
          "Parallel Aware": false,
          "Startup Cost": 434565.44,
          "Total Cost": 434565.75,
          "Plan Rows": 3,
          "Plan Width": 8,
          "Actual Startup Time": 2140.256,
          "Actual Total Time": 2226.4,
          "Actual Rows": 4,
          "Actual Loops": 1,
          "Workers Planned": 3,
          "Workers Launched": 3,
          "Single Copy": false,
          "Plans": [
            {
              "Node Type": "Aggregate",
              "Strategy": "Plain",
              "Partial Mode": "Partial",
              "Parent Relationship": "Outer",
              "Parallel Aware": false,
              "Startup Cost": 433565.44,
              "Total Cost": 433565.45,
              "Plan Rows": 1,
              "Plan Width": 8,
              "Actual Startup Time": 2123.933,
              "Actual Total Time": 2124.058,
              "Actual Rows": 1,
              "Actual Loops": 4,
              "Plans": [
                {
                  "Node Type": "Hash Join",
                  "Parent Relationship": "Outer",
                  "Parallel Aware": true,
                  "Join Type": "Inner",
                  "Startup Cost": 383869.15,
                  "Total Cost": 430459.56,
                  "Plan Rows": 1242353,
                  "Plan Width": 0,
                  "Actual Startup Time": 1874.456,
                  "Actual Total Time": 2110.111,
                  "Actual Rows": 350979,
                  "Actual Loops": 4,
                  "Inner Unique": false,
                  "Hash Cond": "(mk.movie_id = t.id)",
                  "Plans": [
                    {
                      "Node Type": "Seq Scan",
                      "Parent Relationship": "Outer",
                      "Parallel Aware": true,
                      "Relation Name": "movie_keyword",
                      "Alias": "mk",
                      "Startup Cost": 0.0,
                      "Total Cost": 39047.32,
                      "Plan Rows": 1459332,
                      "Plan Width": 4,
                      "Actual Startup Time": 0.035,
                      "Actual Total Time": 105.54,
                      "Actual Rows": 1130982,
                      "Actual Loops": 4
                    },
                    {
                      "Node Type": "Hash",
                      "Parent Relationship": "Inner",
                      "Parallel Aware": true,
                      "Startup Cost": 379384.8,
                      "Total Cost": 379384.8,
                      "Plan Rows": 358748,
                      "Plan Width": 8,
                      "Actual Startup Time": 1864.387,
                      "Actual Total Time": 1864.511,
                      "Actual Rows": 328210,
                      "Actual Loops": 4,
                      "Hash Buckets": 4194304,
                      "Original Hash Buckets": 4194304,
                      "Hash Batches": 1,
                      "Original Hash Batches": 1,
                      "Peak Memory Usage": 84192,
                      "Plans": [
                        {
                          "Node Type": "Hash Join",
                          "Parent Relationship": "Outer",
                          "Parallel Aware": true,
                          "Join Type": "Inner",
                          "Startup Cost": 47511.57,
                          "Total Cost": 379384.8,
                          "Plan Rows": 358748,
                          "Plan Width": 8,
                          "Actual Startup Time": 780.046,
                          "Actual Total Time": 1708.07,
                          "Actual Rows": 328210,
                          "Actual Loops": 4,
                          "Inner Unique": true,
                          "Hash Cond": "(ci.movie_id = t.id)",
                          "Plans": [
                            {
                              "Node Type": "Seq Scan",
                              "Parent Relationship": "Outer",
                              "Parallel Aware": true,
                              "Relation Name": "cast_info",
                              "Alias": "ci",
                              "Startup Cost": 0.0,
                              "Total Cost": 328211.39,
                              "Plan Rows": 1394980,
                              "Plan Width": 4,
                              "Actual Startup Time": 578.309,
                              "Actual Total Time": 1048.045,
                              "Actual Rows": 2075398,
                              "Actual Loops": 4,
                              "Filter": "(person_id > 2852558)",
                              "Rows Removed by Filter": 6985688
                            },
                            {
                              "Node Type": "Hash",
                              "Parent Relationship": "Inner",
                              "Parallel Aware": true,
                              "Startup Cost": 45479.59,
                              "Total Cost": 45479.59,
                              "Plan Rows": 162559,
                              "Plan Width": 4,
                              "Actual Startup Time": 199.295,
                              "Actual Total Time": 199.298,
                              "Actual Rows": 139199,
                              "Actual Loops": 4,
                              "Hash Buckets": 1048576,
                              "Original Hash Buckets": 1048576,
                              "Hash Batches": 1,
                              "Original Hash Batches": 1,
                              "Peak Memory Usage": 30048,
                              "Plans": [
                                {
                                  "Node Type": "Seq Scan",
                                  "Parent Relationship": "Outer",
                                  "Parallel Aware": true,
                                  "Relation Name": "title",
                                  "Alias": "t",
                                  "Startup Cost": 0.0,
                                  "Total Cost": 45479.59,
                                  "Plan Rows": 162559,
                                  "Plan Width": 4,
                                  "Actual Startup Time": 0.05,
                                  "Actual Total Time": 136.203,
                                  "Actual Rows": 139199,
                                  "Actual Loops": 4,
                                  "Filter": "((production_year < 2001) AND (kind_id = 7))",
                                  "Rows Removed by Filter": 492879
                                }
                              ]
                            }
                          ]
                        }
                      ]
                    }
                  ]
                }
              ]
            }
          ]
        }
      ]
    },
    "Planning Time": 0.393,
    "Triggers": [],
    "Execution Time": 2226.482
  }
]