[
  {
    "Plan": {
      "Node Type": "Aggregate",
      "Strategy": "Plain",
      "Partial Mode": "Simple",
      "Parallel Aware": false,
      "Startup Cost": 14152.34,
      "Total Cost": 14152.35,
      "Plan Rows": 1,
      "Plan Width": 8,
      "Actual Startup Time": 8.701,
      "Actual Total Time": 8.702,
      "Actual Rows": 1,
      "Actual Loops": 1,
      "Plans": [
        {
          "Node Type": "Bitmap Heap Scan",
          "Parent Relationship": "Outer",
          "Parallel Aware": false,
          "Relation Name": "movie_keyword",
          "Alias": "mk",
          "Startup Cost": 131.18,
          "Total Cost": 14137.26,
          "Plan Rows": 6032,
          "Plan Width": 0,
          "Actual Startup Time": 1.395,
          "Actual Total Time": 8.298,
          "Actual Rows": 6516,
          "Actual Loops": 1,
          "Recheck Cond": "(keyword_id = 196)",
          "Rows Removed by Index Recheck": 0,
          "Exact Heap Blocks": 3894,
          "Lossy Heap Blocks": 0,
          "Plans": [
            {
              "Node Type": "Bitmap Index Scan",
              "Parent Relationship": "Outer",
              "Parallel Aware": false,
              "Index Name": "keyword_id_movie_keyword",
              "Startup Cost": 0.0,
              "Total Cost": 129.67,
              "Plan Rows": 6032,
              "Plan Width": 0,
              "Actual Startup Time": 0.855,
              "Actual Total Time": 0.856,
              "Actual Rows": 6516,
              "Actual Loops": 1,
              "Index Cond": "(keyword_id = 196)"
            }
          ]
        }
      ]
    },
    "Planning Time": 0.093,
    "Triggers": [],
    "Execution Time": 8.733
  }
]