[
  {
    "Plan": {
      "Node Type": "Aggregate",
      "Strategy": "Plain",
      "Partial Mode": "Finalize",
      "Parallel Aware": false,
      "Startup Cost": 37288.89,
      "Total Cost": 37288.9,
      "Plan Rows": 1,
      "Plan Width": 8,
      "Actual Startup Time": 109.156,
      "Actual Total Time": 116.944,
      "Actual Rows": 1,
      "Actual Loops": 1,
      "Plans": [
        {
          "Node Type": "Gather",
          "Parent Relationship": "Outer",
          "Parallel Aware": false,
          "Startup Cost": 37288.58,
          "Total Cost": 37288.89,
          "Plan Rows": 3,
          "Plan Width": 8,
          "Actual Startup Time": 108.85,
          "Actual Total Time": 116.932,
          "Actual Rows": 4,
          "Actual Loops": 1,
          "Workers Planned": 3,
          "Workers Launched": 3,
          "Single Copy": false,
          "Plans": [
            {
              "Node Type": "Aggregate",
              "Strategy": "Plain",
              "Partial Mode": "Partial",
              "Parent Relationship": "Outer",
              "Parallel Aware": false,
              "Startup Cost": 36288.58,
              "Total Cost": 36288.59,
              "Plan Rows": 1,
              "Plan Width": 8,
              "Actual Startup Time": 101.938,
              "Actual Total Time": 101.94,
              "Actual Rows": 1,
              "Actual Loops": 4,
              "Plans": [
                {
                  "Node Type": "Bitmap Heap Scan",
                  "Parent Relationship": "Outer",
                  "Parallel Aware": true,
                  "Relation Name": "movie_keyword",
                  "Alias": "mk",
                  "Startup Cost": 9636.7,
                  "Total Cost": 35922.26,
                  "Plan Rows": 146525,
                  "Plan Width": 0,
                  "Actual Startup Time": 28.218,
                  "Actual Total Time": 95.759,
                  "Actual Rows": 112767,
                  "Actual Loops": 4,
                  "Recheck Cond": "(keyword_id > 39314)",
                  "Rows Removed by Index Recheck": 0,
                  "Exact Heap Blocks": 9688,
                  "Lossy Heap Blocks": 0,
                  "Plans": [
                    {
                      "Node Type": "Bitmap Index Scan",
                      "Parent Relationship": "Outer",
                      "Parallel Aware": false,
                      "Index Name": "keyword_id_movie_keyword",
                      "Startup Cost": 0.0,
                      "Total Cost": 9523.14,
                      "Plan Rows": 454228,
                      "Plan Width": 0,
                      "Actual Startup Time": 31.23,
                      "Actual Total Time": 31.23,
                      "Actual Rows": 451069,
                      "Actual Loops": 1,
                      "Index Cond": "(keyword_id > 39314)"
                    }
                  ]
                }
              ]
            }
          ]
        }
      ]
    },
    "Planning Time": 0.109,
    "Triggers": [],
    "Execution Time": 116.99
  }
]