{
  "Plan": {
    "Node Type": "Aggregate",
    "Strategy": "Plain",
    "Partial Mode": "Finalize",
    "Parallel Aware": false,
    "Startup Cost": 99654.19,
    "Total Cost": 99654.2,
    "Plan Rows": 1,
    "Plan Width": 8,
    "Actual Startup Time": 329.64,
    "Actual Total Time": 340.676,
    "Actual Rows": 1,
    "Actual Loops": 1,
    "Plans": [
      {
        "Node Type": "Gather",
        "Parent Relationship": "Outer",
        "Parallel Aware": false,
        "Startup Cost": 99654.07,
        "Total Cost": 99654.18,
        "Plan Rows": 1,
        "Plan Width": 8,
        "Actual Startup Time": 329.467,
        "Actual Total Time": 340.67,
        "Actual Rows": 2,
        "Actual Loops": 1,
        "Workers Planned": 1,
        "Workers Launched": 1,
        "Single Copy": false,
        "Plans": [
          {
            "Node Type": "Aggregate",
            "Strategy": "Plain",
            "Partial Mode": "Partial",
            "Parent Relationship": "Outer",
            "Parallel Aware": false,
            "Startup Cost": 98654.07,
            "Total Cost": 98654.08,
            "Plan Rows": 1,
            "Plan Width": 8,
            "Actual Startup Time": 323.291,
            "Actual Total Time": 323.3,
            "Actual Rows": 1,
            "Actual Loops": 2,
            "Plans": [
              {
                "Node Type": "Hash Join",
                "Parent Relationship": "Outer",
                "Parallel Aware": true,
                "Join Type": "Inner",
                "Startup Cost": 37557.28,
                "Total Cost": 98638.51,
                "Plan Rows": 6225,
                "Plan Width": 0,
                "Actual Startup Time": 87.358,
                "Actual Total Time": 323.201,
                "Actual Rows": 1650,
                "Actual Loops": 2,
                "Inner Unique": false,
                "Hash Cond": "(mk.movie_id = t.id)",
                "Plans": [
                  {
                    "Node Type": "Seq Scan",
                    "Parent Relationship": "Outer",
                    "Parallel Aware": true,
                    "Relation Name": "movie_keyword",
                    "Alias": "mk",
                    "Startup Cost": 0.0,
                    "Total Cost": 51065.35,
                    "Plan Rows": 2661135,
                    "Plan Width": 4,
                    "Actual Startup Time": 0.02,
                    "Actual Total Time": 150.386,
                    "Actual Rows": 2261965,
                    "Actual Loops": 2
                  },
                  {
                    "Node Type": "Hash",
                    "Parent Relationship": "Inner",
                    "Parallel Aware": true,
                    "Startup Cost": 37513.79,
                    "Total Cost": 37513.79,
                    "Plan Rows": 3479,
                    "Plan Width": 8,
                    "Actual Startup Time": 29.585,
                    "Actual Total Time": 29.588,
                    "Actual Rows": 2534,
                    "Actual Loops": 2,
                    "Hash Buckets": 8192,
                    "Original Hash Buckets": 8192,
                    "Hash Batches": 1,
                    "Original Hash Batches": 1,
                    "Peak Memory Usage": 288,
                    "Plans": [
                      {
                        "Node Type": "Nested Loop",
                        "Parent Relationship": "Outer",
                        "Parallel Aware": false,
                        "Join Type": "Inner",
                        "Startup Cost": 130.69,
                        "Total Cost": 37513.79,
                        "Plan Rows": 3479,
                        "Plan Width": 8,
                        "Actual Startup Time": 1.979,
                        "Actual Total Time": 28.251,
                        "Actual Rows": 2534,
                        "Actual Loops": 2,
                        "Inner Unique": true,
                        "Plans": [
                          {
                            "Node Type": "Bitmap Heap Scan",
                            "Parent Relationship": "Outer",
                            "Parallel Aware": true,
                            "Relation Name": "movie_companies",
                            "Alias": "mc",
                            "Startup Cost": 130.26,
                            "Total Cost": 12619.29,
                            "Plan Rows": 3479,
                            "Plan Width": 4,
                            "Actual Startup Time": 1.833,
                            "Actual Total Time": 8.09,
                            "Actual Rows": 2534,
                            "Actual Loops": 2,
                            "Recheck Cond": "(company_id = 11146)",
                            "Rows Removed by Index Recheck": 0,
                            "Exact Heap Blocks": 2407,
                            "Lossy Heap Blocks": 0,
                            "Plans": [
                              {
                                "Node Type": "Bitmap Index Scan",
                                "Parent Relationship": "Outer",
                                "Parallel Aware": false,
                                "Index Name": "company_id_movie_companies",
                                "Startup Cost": 0.0,
                                "Total Cost": 128.78,
                                "Plan Rows": 5914,
                                "Plan Width": 0,
                                "Actual Startup Time": 2.296,
                                "Actual Total Time": 2.296,
                                "Actual Rows": 5067,
                                "Actual Loops": 1,
                                "Index Cond": "(company_id = 11146)"
                              }
                            ]
                          },
                          {
                            "Node Type": "Index Only Scan",
                            "Parent Relationship": "Inner",
                            "Parallel Aware": false,
                            "Scan Direction": "Forward",
                            "Index Name": "title_pkey",
                            "Relation Name": "title",
                            "Alias": "t",
                            "Startup Cost": 0.43,
                            "Total Cost": 7.16,
                            "Plan Rows": 1,
                            "Plan Width": 4,
                            "Actual Startup Time": 0.007,
                            "Actual Total Time": 0.007,
                            "Actual Rows": 1,
                            "Actual Loops": 5067,
                            "Index Cond": "(id = mc.movie_id)",
                            "Rows Removed by Index Recheck": 0,
                            "Heap Fetches": 5067
                          }
                        ]
                      }
                    ]
                  }
                ]
              }
            ]
          }
        ]
      }
    ]
  },
  "Planning Time": 1.009,
  "Triggers": [],
  "Execution Time": 340.78
}