{
  "Plan": {
    "Node Type": "Aggregate",
    "Strategy": "Plain",
    "Partial Mode": "Finalize",
    "Parallel Aware": false,
    "Startup Cost": 67919.24,
    "Total Cost": 67919.25,
    "Plan Rows": 1,
    "Plan Width": 8,
    "Actual Startup Time": 299.01,
    "Actual Total Time": 340.833,
    "Actual Rows": 1,
    "Actual Loops": 1,
    "Plans": [
      {
        "Node Type": "Gather",
        "Parent Relationship": "Outer",
        "Parallel Aware": false,
        "Startup Cost": 67919.13,
        "Total Cost": 67919.24,
        "Plan Rows": 1,
        "Plan Width": 8,
        "Actual Startup Time": 299.003,
        "Actual Total Time": 340.827,
        "Actual Rows": 2,
        "Actual Loops": 1,
        "Workers Planned": 1,
        "Workers Launched": 1,
        "Single Copy": false,
        "Plans": [
          {
            "Node Type": "Aggregate",
            "Strategy": "Plain",
            "Partial Mode": "Partial",
            "Parent Relationship": "Outer",
            "Parallel Aware": false,
            "Startup Cost": 66919.13,
            "Total Cost": 66919.14,
            "Plan Rows": 1,
            "Plan Width": 8,
            "Actual Startup Time": 292.65,
            "Actual Total Time": 292.652,
            "Actual Rows": 1,
            "Actual Loops": 2,
            "Plans": [
              {
                "Node Type": "Nested Loop",
                "Parent Relationship": "Outer",
                "Parallel Aware": false,
                "Join Type": "Inner",
                "Startup Cost": 218.27,
                "Total Cost": 66817.1,
                "Plan Rows": 40812,
                "Plan Width": 0,
                "Actual Startup Time": 4.745,
                "Actual Total Time": 288.417,
                "Actual Rows": 72336,
                "Actual Loops": 2,
                "Inner Unique": false,
                "Plans": [
                  {
                    "Node Type": "Nested Loop",
                    "Parent Relationship": "Outer",
                    "Parallel Aware": false,
                    "Join Type": "Inner",
                    "Startup Cost": 217.7,
                    "Total Cost": 54624.75,
                    "Plan Rows": 5832,
                    "Plan Width": 8,
                    "Actual Startup Time": 4.328,
                    "Actual Total Time": 36.245,
                    "Actual Rows": 5080,
                    "Actual Loops": 2,
                    "Inner Unique": true,
                    "Plans": [
                      {
                        "Node Type": "Bitmap Heap Scan",
                        "Parent Relationship": "Outer",
                        "Parallel Aware": true,
                        "Relation Name": "movie_companies",
                        "Alias": "mc",
                        "Startup Cost": 217.27,
                        "Total Cost": 16464.14,
                        "Plan Rows": 5832,
                        "Plan Width": 4,
                        "Actual Startup Time": 4.189,
                        "Actual Total Time": 11.948,
                        "Actual Rows": 5080,
                        "Actual Loops": 2,
                        "Recheck Cond": "(company_id = 2561)",
                        "Rows Removed by Index Recheck": 0,
                        "Exact Heap Blocks": 3675,
                        "Lossy Heap Blocks": 0,
                        "Plans": [
                          {
                            "Node Type": "Bitmap Index Scan",
                            "Parent Relationship": "Outer",
                            "Parallel Aware": false,
                            "Index Name": "company_id_movie_companies",
                            "Startup Cost": 0.0,
                            "Total Cost": 214.79,
                            "Plan Rows": 9915,
                            "Plan Width": 0,
                            "Actual Startup Time": 5.333,
                            "Actual Total Time": 5.334,
                            "Actual Rows": 10160,
                            "Actual Loops": 1,
                            "Index Cond": "(company_id = 2561)"
                          }
                        ]
                      },
                      {
                        "Node Type": "Index Only Scan",
                        "Parent Relationship": "Inner",
                        "Parallel Aware": false,
                        "Scan Direction": "Forward",
                        "Index Name": "title_pkey",
                        "Relation Name": "title",
                        "Alias": "t",
                        "Startup Cost": 0.43,
                        "Total Cost": 6.54,
                        "Plan Rows": 1,
                        "Plan Width": 4,
                        "Actual Startup Time": 0.004,
                        "Actual Total Time": 0.004,
                        "Actual Rows": 1,
                        "Actual Loops": 10160,
                        "Index Cond": "(id = mc.movie_id)",
                        "Rows Removed by Index Recheck": 0,
                        "Heap Fetches": 10160
                      }
                    ]
                  },
                  {
                    "Node Type": "Index Scan",
                    "Parent Relationship": "Inner",
                    "Parallel Aware": false,
                    "Scan Direction": "Forward",
                    "Index Name": "movie_id_cast_info",
                    "Relation Name": "cast_info",
                    "Alias": "ci",
                    "Startup Cost": 0.56,
                    "Total Cost": 1.91,
                    "Plan Rows": 18,
                    "Plan Width": 4,
                    "Actual Startup Time": 0.025,
                    "Actual Total Time": 0.048,
                    "Actual Rows": 14,
                    "Actual Loops": 10160,
                    "Index Cond": "(movie_id = t.id)",
                    "Rows Removed by Index Recheck": 0,
                    "Filter": "(person_id > 1847269)",
                    "Rows Removed by Filter": 21
                  }
                ]
              }
            ]
          }
        ]
      }
    ]
  },
  "Planning Time": 1.049,
  "Triggers": [],
  "Execution Time": 340.948
}