[
  {
    "Plan": {
      "Node Type": "Aggregate",
      "Strategy": "Plain",
      "Partial Mode": "Finalize",
      "Parallel Aware": false,
      "Startup Cost": 29306.92,
      "Total Cost": 29306.93,
      "Plan Rows": 1,
      "Plan Width": 8,
      "Actual Startup Time": 63.057,
      "Actual Total Time": 70.483,
      "Actual Rows": 1,
      "Actual Loops": 1,
      "Plans": [
        {
          "Node Type": "Gather",
          "Parent Relationship": "Outer",
          "Parallel Aware": false,
          "Startup Cost": 29306.6,
          "Total Cost": 29306.91,
          "Plan Rows": 3,
          "Plan Width": 8,
          "Actual Startup Time": 62.728,
          "Actual Total Time": 70.473,
          "Actual Rows": 4,
          "Actual Loops": 1,
          "Workers Planned": 3,
          "Workers Launched": 3,
          "Single Copy": false,
          "Plans": [
            {
              "Node Type": "Aggregate",
              "Strategy": "Plain",
              "Partial Mode": "Partial",
              "Parent Relationship": "Outer",
              "Parallel Aware": false,
              "Startup Cost": 28306.6,
              "Total Cost": 28306.61,
              "Plan Rows": 1,
              "Plan Width": 8,
              "Actual Startup Time": 59.13,
              "Actual Total Time": 59.132,
              "Actual Rows": 1,
              "Actual Loops": 4,
              "Plans": [
                {
                  "Node Type": "Bitmap Heap Scan",
                  "Parent Relationship": "Outer",
                  "Parallel Aware": true,
                  "Relation Name": "movie_keyword",
                  "Alias": "mk",
                  "Startup Cost": 3137.61,
                  "Total Cost": 28187.44,
                  "Plan Rows": 47666,
                  "Plan Width": 0,
                  "Actual Startup Time": 15.063,
                  "Actual Total Time": 56.443,
                  "Actual Rows": 37181,
                  "Actual Loops": 4,
                  "Recheck Cond": "(keyword_id > 74017)",
                  "Rows Removed by Index Recheck": 0,
                  "Exact Heap Blocks": 7729,
                  "Lossy Heap Blocks": 0,
                  "Plans": [
                    {
                      "Node Type": "Bitmap Index Scan",
                      "Parent Relationship": "Outer",
                      "Parallel Aware": false,
                      "Index Name": "keyword_id_movie_keyword",
                      "Startup Cost": 0.0,
                      "Total Cost": 3100.67,
                      "Plan Rows": 147765,
                      "Plan Width": 0,
                      "Actual Startup Time": 13.773,
                      "Actual Total Time": 13.773,
                      "Actual Rows": 148724,
                      "Actual Loops": 1,
                      "Index Cond": "(keyword_id > 74017)"
                    }
                  ]
                }
              ]
            }
          ]
        }
      ]
    },
    "Planning Time": 0.101,
    "Triggers": [],
    "Execution Time": 70.526
  }
]