{
  "Plan": {
    "Node Type": "Aggregate",
    "Strategy": "Plain",
    "Partial Mode": "Finalize",
    "Parallel Aware": false,
    "Startup Cost": 622915.48,
    "Total Cost": 622915.49,
    "Plan Rows": 1,
    "Plan Width": 8,
    "Actual Startup Time": 3307.53,
    "Actual Total Time": 3358.008,
    "Actual Rows": 1,
    "Actual Loops": 1,
    "Plans": [
      {
        "Node Type": "Gather",
        "Parent Relationship": "Outer",
        "Parallel Aware": false,
        "Startup Cost": 622915.37,
        "Total Cost": 622915.48,
        "Plan Rows": 1,
        "Plan Width": 8,
        "Actual Startup Time": 3306.845,
        "Actual Total Time": 3358.0,
        "Actual Rows": 2,
        "Actual Loops": 1,
        "Workers Planned": 1,
        "Workers Launched": 1,
        "Single Copy": false,
        "Plans": [
          {
            "Node Type": "Aggregate",
            "Strategy": "Plain",
            "Partial Mode": "Partial",
            "Parent Relationship": "Outer",
            "Parallel Aware": false,
            "Startup Cost": 621915.37,
            "Total Cost": 621915.38,
            "Plan Rows": 1,
            "Plan Width": 8,
            "Actual Startup Time": 3301.394,
            "Actual Total Time": 3301.397,
            "Actual Rows": 1,
            "Actual Loops": 2,
            "Plans": [
              {
                "Node Type": "Hash Join",
                "Parent Relationship": "Outer",
                "Parallel Aware": true,
                "Join Type": "Inner",
                "Startup Cost": 61501.58,
                "Total Cost": 616099.85,
                "Plan Rows": 2326206,
                "Plan Width": 0,
                "Actual Startup Time": 188.072,
                "Actual Total Time": 3245.498,
                "Actual Rows": 1283274,
                "Actual Loops": 2,
                "Inner Unique": true,
                "Hash Cond": "(ci.movie_id = t.id)",
                "Plans": [
                  {
                    "Node Type": "Seq Scan",
                    "Parent Relationship": "Outer",
                    "Parallel Aware": true,
                    "Relation Name": "cast_info",
                    "Alias": "ci",
                    "Startup Cost": 0.0,
                    "Total Cost": 519069.44,
                    "Plan Rows": 13534771,
                    "Plan Width": 4,
                    "Actual Startup Time": 0.014,
                    "Actual Total Time": 1466.887,
                    "Actual Rows": 11530319,
                    "Actual Loops": 2,
                    "Filter": "(person_id < 2356795)",
                    "Rows Removed by Filter": 6591853
                  },
                  {
                    "Node Type": "Hash",
                    "Parent Relationship": "Inner",
                    "Parallel Aware": true,
                    "Startup Cost": 58306.47,
                    "Total Cost": 58306.47,
                    "Plan Rows": 255609,
                    "Plan Width": 4,
                    "Actual Startup Time": 182.146,
                    "Actual Total Time": 182.146,
                    "Actual Rows": 148086,
                    "Actual Loops": 2,
                    "Hash Buckets": 524288,
                    "Original Hash Buckets": 524288,
                    "Hash Batches": 1,
                    "Original Hash Batches": 1,
                    "Peak Memory Usage": 15744,
                    "Plans": [
                      {
                        "Node Type": "Seq Scan",
                        "Parent Relationship": "Outer",
                        "Parallel Aware": true,
                        "Relation Name": "title",
                        "Alias": "t",
                        "Startup Cost": 0.0,
                        "Total Cost": 58306.47,
                        "Plan Rows": 255609,
                        "Plan Width": 4,
                        "Actual Startup Time": 0.032,
                        "Actual Total Time": 144.485,
                        "Actual Rows": 148086,
                        "Actual Loops": 2,
                        "Filter": "((kind_id > 3) AND (production_year < 1989))",
                        "Rows Removed by Filter": 1116070
                      }
                    ]
                  }
                ]
              }
            ]
          }
        ]
      }
    ]
  },
  "Planning Time": 0.623,
  "Triggers": [],
  "Execution Time": 3358.083
}