[
  {
    "Plan": {
      "Node Type": "Aggregate",
      "Strategy": "Plain",
      "Partial Mode": "Finalize",
      "Parallel Aware": false,
      "Startup Cost": 32672.19,
      "Total Cost": 32672.2,
      "Plan Rows": 1,
      "Plan Width": 8,
      "Actual Startup Time": 82.997,
      "Actual Total Time": 89.05,
      "Actual Rows": 1,
      "Actual Loops": 1,
      "Plans": [
        {
          "Node Type": "Gather",
          "Parent Relationship": "Outer",
          "Parallel Aware": false,
          "Startup Cost": 32671.87,
          "Total Cost": 32672.18,
          "Plan Rows": 3,
          "Plan Width": 8,
          "Actual Startup Time": 82.904,
          "Actual Total Time": 89.043,
          "Actual Rows": 4,
          "Actual Loops": 1,
          "Workers Planned": 3,
          "Workers Launched": 3,
          "Single Copy": false,
          "Plans": [
            {
              "Node Type": "Aggregate",
              "Strategy": "Plain",
              "Partial Mode": "Partial",
              "Parent Relationship": "Outer",
              "Parallel Aware": false,
              "Startup Cost": 31671.87,
              "Total Cost": 31671.88,
              "Plan Rows": 1,
              "Plan Width": 8,
              "Actual Startup Time": 77.495,
              "Actual Total Time": 77.496,
              "Actual Rows": 1,
              "Actual Loops": 4,
              "Plans": [
                {
                  "Node Type": "Seq Scan",
                  "Parent Relationship": "Outer",
                  "Parallel Aware": true,
                  "Relation Name": "movie_companies",
                  "Alias": "mc",
                  "Startup Cost": 0.0,
                  "Total Cost": 31414.82,
                  "Plan Rows": 102820,
                  "Plan Width": 0,
                  "Actual Startup Time": 39.928,
                  "Actual Total Time": 71.225,
                  "Actual Rows": 152384,
                  "Actual Loops": 4,
                  "Filter": "((company_id > 62581) AND (company_type_id > 1))",
                  "Rows Removed by Filter": 499898
                }
              ]
            }
          ]
        }
      ]
    },
    "Planning Time": 0.216,
    "Triggers": [],
    "Execution Time": 89.109
  }
]