[
  {
    "Plan": {
      "Node Type": "Aggregate",
      "Strategy": "Plain",
      "Partial Mode": "Finalize",
      "Parallel Aware": false,
      "Startup Cost": 74892.84,
      "Total Cost": 74892.85,
      "Plan Rows": 1,
      "Plan Width": 8,
      "Actual Startup Time": 165.707,
      "Actual Total Time": 181.94,
      "Actual Rows": 1,
      "Actual Loops": 1,
      "Plans": [
        {
          "Node Type": "Gather",
          "Parent Relationship": "Outer",
          "Parallel Aware": false,
          "Startup Cost": 74892.53,
          "Total Cost": 74892.84,
          "Plan Rows": 3,
          "Plan Width": 8,
          "Actual Startup Time": 165.28,
          "Actual Total Time": 181.931,
          "Actual Rows": 4,
          "Actual Loops": 1,
          "Workers Planned": 3,
          "Workers Launched": 3,
          "Single Copy": false,
          "Plans": [
            {
              "Node Type": "Aggregate",
              "Strategy": "Plain",
              "Partial Mode": "Partial",
              "Parent Relationship": "Outer",
              "Parallel Aware": false,
              "Startup Cost": 73892.53,
              "Total Cost": 73892.54,
              "Plan Rows": 1,
              "Plan Width": 8,
              "Actual Startup Time": 156.104,
              "Actual Total Time": 156.108,
              "Actual Rows": 1,
              "Actual Loops": 4,
              "Plans": [
                {
                  "Node Type": "Hash Join",
                  "Parent Relationship": "Outer",
                  "Parallel Aware": true,
                  "Join Type": "Inner",
                  "Startup Cost": 48712.62,
                  "Total Cost": 73891.28,
                  "Plan Rows": 497,
                  "Plan Width": 0,
                  "Actual Startup Time": 115.165,
                  "Actual Total Time": 156.003,
                  "Actual Rows": 1070,
                  "Actual Loops": 4,
                  "Inner Unique": true,
                  "Hash Cond": "(mk.movie_id = t.id)",
                  "Plans": [
                    {
                      "Node Type": "Bitmap Heap Scan",
                      "Parent Relationship": "Outer",
                      "Parallel Aware": true,
                      "Relation Name": "movie_keyword",
                      "Alias": "mk",
                      "Startup Cost": 3151.52,
                      "Total Cost": 28204.42,
                      "Plan Rows": 47912,
                      "Plan Width": 4,
                      "Actual Startup Time": 12.828,
                      "Actual Total Time": 48.357,
                      "Actual Rows": 36517,
                      "Actual Loops": 4,
                      "Recheck Cond": "(keyword_id > 74260)",
                      "Rows Removed by Index Recheck": 0,
                      "Exact Heap Blocks": 8109,
                      "Lossy Heap Blocks": 0,
                      "Plans": [
                        {
                          "Node Type": "Bitmap Index Scan",
                          "Parent Relationship": "Outer",
                          "Parallel Aware": false,
                          "Index Name": "keyword_id_movie_keyword",
                          "Startup Cost": 0.0,
                          "Total Cost": 3114.38,
                          "Plan Rows": 148527,
                          "Plan Width": 0,
                          "Actual Startup Time": 9.927,
                          "Actual Total Time": 9.928,
                          "Actual Rows": 146069,
                          "Actual Loops": 1,
                          "Index Cond": "(keyword_id > 74260)"
                        }
                      ]
                    },
                    {
                      "Node Type": "Hash",
                      "Parent Relationship": "Inner",
                      "Parallel Aware": true,
                      "Startup Cost": 45479.1,
                      "Total Cost": 45479.1,
                      "Plan Rows": 6560,
                      "Plan Width": 4,
                      "Actual Startup Time": 100.593,
                      "Actual Total Time": 100.594,
                      "Actual Rows": 5982,
                      "Actual Loops": 4,
                      "Hash Buckets": 32768,
                      "Original Hash Buckets": 32768,
                      "Hash Batches": 1,
                      "Original Hash Batches": 1,
                      "Peak Memory Usage": 1280,
                      "Plans": [
                        {
                          "Node Type": "Seq Scan",
                          "Parent Relationship": "Outer",
                          "Parallel Aware": true,
                          "Relation Name": "title",
                          "Alias": "t",
                          "Startup Cost": 0.0,
                          "Total Cost": 45479.1,
                          "Plan Rows": 6560,
                          "Plan Width": 4,
                          "Actual Startup Time": 0.166,
                          "Actual Total Time": 97.878,
                          "Actual Rows": 5982,
                          "Actual Loops": 4,
                          "Filter": "((kind_id < 7) AND (production_year = 2003))",
                          "Rows Removed by Filter": 626096
                        }
                      ]
                    }
                  ]
                }
              ]
            }
          ]
        }
      ]
    },
    "Planning Time": 0.64,
    "Triggers": [],
    "Execution Time": 182.029
  }
]