[
    {
        "Bao": {
            "Bao prediction": "NaN",
            "Bao recommended hint": "(no hint)"
        }
    },
    {
        "Plan": {
            "Node Type": "Aggregate",
            "Strategy": "Plain",
            "Partial Mode": "Simple",
            "Parallel Aware": false,
            "Startup Cost": 27510.37,
            "Total Cost": 27510.38,
            "Plan Rows": 1,
            "Plan Width": 8,
            "Actual Startup Time": 39.976,
            "Actual Total Time": 39.978,
            "Actual Rows": 1,
            "Actual Loops": 1,
            "Output": [
                "count(*)"
            ],
            "Plans": [
                {
                    "Node Type": "Bitmap Heap Scan",
                    "Parent Relationship": "Outer",
                    "Parallel Aware": false,
                    "Relation Name": "movie_keyword",
                    "Schema": "public",
                    "Alias": "mk",
                    "Startup Cost": 1790.48,
                    "Total Cost": 27299.39,
                    "Plan Rows": 84393,
                    "Plan Width": 0,
                    "Actual Startup Time": 9.485,
                    "Actual Total Time": 36.787,
                    "Actual Rows": 78704,
                    "Actual Loops": 1,
                    "Recheck Cond": "(mk.keyword_id > 88221)",
                    "Rows Removed by Index Recheck": 0,
                    "Exact Heap Blocks": 15704,
                    "Lossy Heap Blocks": 0,
                    "Plans": [
                        {
                            "Node Type": "Bitmap Index Scan",
                            "Parent Relationship": "Outer",
                            "Parallel Aware": false,
                            "Index Name": "keyword_id_movie_keyword",
                            "Startup Cost": 0.0,
                            "Total Cost": 1769.38,
                            "Plan Rows": 84393,
                            "Plan Width": 0,
                            "Actual Startup Time": 6.897,
                            "Actual Total Time": 6.897,
                            "Actual Rows": 78704,
                            "Actual Loops": 1,
                            "Index Cond": "(mk.keyword_id > 88221)"
                        }
                    ]
                }
            ]
        },
        "Planning Time": 196.795,
        "Triggers": [],
        "Execution Time": 40.063
    }
]