{
  "Plan": {
    "Node Type": "Aggregate",
    "Strategy": "Plain",
    "Partial Mode": "Finalize",
    "Parallel Aware": false,
    "Startup Cost": 476196.78,
    "Total Cost": 476196.79,
    "Plan Rows": 1,
    "Plan Width": 8,
    "Actual Startup Time": 1812.874,
    "Actual Total Time": 1841.793,
    "Actual Rows": 1,
    "Actual Loops": 1,
    "Plans": [
      {
        "Node Type": "Gather",
        "Parent Relationship": "Outer",
        "Parallel Aware": false,
        "Startup Cost": 476196.67,
        "Total Cost": 476196.78,
        "Plan Rows": 1,
        "Plan Width": 8,
        "Actual Startup Time": 1812.183,
        "Actual Total Time": 1841.784,
        "Actual Rows": 2,
        "Actual Loops": 1,
        "Workers Planned": 1,
        "Workers Launched": 1,
        "Single Copy": false,
        "Plans": [
          {
            "Node Type": "Aggregate",
            "Strategy": "Plain",
            "Partial Mode": "Partial",
            "Parent Relationship": "Outer",
            "Parallel Aware": false,
            "Startup Cost": 475196.67,
            "Total Cost": 475196.68,
            "Plan Rows": 1,
            "Plan Width": 8,
            "Actual Startup Time": 1806.407,
            "Actual Total Time": 1806.411,
            "Actual Rows": 1,
            "Actual Loops": 2,
            "Plans": [
              {
                "Node Type": "Hash Join",
                "Parent Relationship": "Outer",
                "Parallel Aware": true,
                "Join Type": "Inner",
                "Startup Cost": 56281.72,
                "Total Cost": 473765.24,
                "Plan Rows": 572570,
                "Plan Width": 0,
                "Actual Startup Time": 428.271,
                "Actual Total Time": 1789.434,
                "Actual Rows": 391694,
                "Actual Loops": 2,
                "Inner Unique": true,
                "Hash Cond": "(ci.movie_id = t.id)",
                "Plans": [
                  {
                    "Node Type": "Index Scan",
                    "Parent Relationship": "Outer",
                    "Parallel Aware": true,
                    "Scan Direction": "Forward",
                    "Index Name": "role_id_cast_info",
                    "Relation Name": "cast_info",
                    "Alias": "ci",
                    "Startup Cost": 0.56,
                    "Total Cost": 400977.7,
                    "Plan Rows": 6288140,
                    "Plan Width": 4,
                    "Actual Startup Time": 244.175,
                    "Actual Total Time": 974.023,
                    "Actual Rows": 4398399,
                    "Actual Loops": 2,
                    "Index Cond": "(role_id = 1)",
                    "Rows Removed by Index Recheck": 0,
                    "Filter": "(person_id > 517289)",
                    "Rows Removed by Filter": 1936945
                  },
                  {
                    "Node Type": "Hash",
                    "Parent Relationship": "Inner",
                    "Parallel Aware": true,
                    "Startup Cost": 54588.39,
                    "Total Cost": 54588.39,
                    "Plan Rows": 135421,
                    "Plan Width": 4,
                    "Actual Startup Time": 180.528,
                    "Actual Total Time": 180.529,
                    "Actual Rows": 120700,
                    "Actual Loops": 2,
                    "Hash Buckets": 262144,
                    "Original Hash Buckets": 262144,
                    "Hash Batches": 1,
                    "Original Hash Batches": 1,
                    "Peak Memory Usage": 11520,
                    "Plans": [
                      {
                        "Node Type": "Seq Scan",
                        "Parent Relationship": "Outer",
                        "Parallel Aware": true,
                        "Relation Name": "title",
                        "Alias": "t",
                        "Startup Cost": 0.0,
                        "Total Cost": 54588.39,
                        "Plan Rows": 135421,
                        "Plan Width": 4,
                        "Actual Startup Time": 0.038,
                        "Actual Total Time": 145.504,
                        "Actual Rows": 120700,
                        "Actual Loops": 2,
                        "Filter": "(production_year < 1960)",
                        "Rows Removed by Filter": 1143456
                      }
                    ]
                  }
                ]
              }
            ]
          }
        ]
      }
    ]
  },
  "Planning Time": 0.547,
  "Triggers": [],
  "Execution Time": 1841.886
}