[
    {
        "Bao": {
            "Bao prediction": 523.412,
            "Bao recommended hint": "SET enable_mergejoin TO off; "
        }
    },
    {
        "Plan": {
            "Node Type": "Aggregate",
            "Strategy": "Plain",
            "Partial Mode": "Finalize",
            "Parallel Aware": false,
            "Startup Cost": 344230.46,
            "Total Cost": 344230.47,
            "Plan Rows": 1,
            "Plan Width": 8,
            "Actual Startup Time": 1191.658,
            "Actual Total Time": 1223.828,
            "Actual Rows": 1,
            "Actual Loops": 1,
            "Output": [
                "count(*)"
            ],
            "Plans": [
                {
                    "Node Type": "Gather",
                    "Parent Relationship": "Outer",
                    "Parallel Aware": false,
                    "Startup Cost": 344229.83,
                    "Total Cost": 344230.44,
                    "Plan Rows": 6,
                    "Plan Width": 8,
                    "Actual Startup Time": 1191.573,
                    "Actual Total Time": 1223.819,
                    "Actual Rows": 7,
                    "Actual Loops": 1,
                    "Output": [
                        "(PARTIAL count(*))"
                    ],
                    "Workers Planned": 6,
                    "Workers Launched": 6,
                    "Single Copy": false,
                    "Plans": [
                        {
                            "Node Type": "Aggregate",
                            "Strategy": "Plain",
                            "Partial Mode": "Partial",
                            "Parent Relationship": "Outer",
                            "Parallel Aware": false,
                            "Startup Cost": 343229.83,
                            "Total Cost": 343229.84,
                            "Plan Rows": 1,
                            "Plan Width": 8,
                            "Actual Startup Time": 1182.327,
                            "Actual Total Time": 1182.328,
                            "Actual Rows": 1,
                            "Actual Loops": 7,
                            "Output": [
                                "PARTIAL count(*)"
                            ],
                            "Workers": [
                                {
                                    "Worker Number": 0,
                                    "Actual Startup Time": 1180.357,
                                    "Actual Total Time": 1180.359,
                                    "Actual Rows": 1,
                                    "Actual Loops": 1
                                },
                                {
                                    "Worker Number": 1,
                                    "Actual Startup Time": 1180.504,
                                    "Actual Total Time": 1180.505,
                                    "Actual Rows": 1,
                                    "Actual Loops": 1
                                },
                                {
                                    "Worker Number": 2,
                                    "Actual Startup Time": 1180.871,
                                    "Actual Total Time": 1180.872,
                                    "Actual Rows": 1,
                                    "Actual Loops": 1
                                },
                                {
                                    "Worker Number": 3,
                                    "Actual Startup Time": 1180.883,
                                    "Actual Total Time": 1180.884,
                                    "Actual Rows": 1,
                                    "Actual Loops": 1
                                },
                                {
                                    "Worker Number": 4,
                                    "Actual Startup Time": 1181.442,
                                    "Actual Total Time": 1181.443,
                                    "Actual Rows": 1,
                                    "Actual Loops": 1
                                },
                                {
                                    "Worker Number": 5,
                                    "Actual Startup Time": 1181.47,
                                    "Actual Total Time": 1181.471,
                                    "Actual Rows": 1,
                                    "Actual Loops": 1
                                }
                            ],
                            "Plans": [
                                {
                                    "Node Type": "Seq Scan",
                                    "Parent Relationship": "Outer",
                                    "Parallel Aware": true,
                                    "Relation Name": "cast_info",
                                    "Schema": "public",
                                    "Alias": "ci",
                                    "Startup Cost": 0.0,
                                    "Total Cost": 328213.62,
                                    "Plan Rows": 6006486,
                                    "Plan Width": 0,
                                    "Actual Startup Time": 6.561,
                                    "Actual Total Time": 845.777,
                                    "Actual Rows": 5147240,
                                    "Actual Loops": 7,
                                    "Output": [
                                        "id",
                                        "person_id",
                                        "movie_id",
                                        "person_role_id",
                                        "note",
                                        "nr_order",
                                        "role_id"
                                    ],
                                    "Filter": "(ci.person_id > 25009)",
                                    "Rows Removed by Filter": 30524,
                                    "Workers": [
                                        {
                                            "Worker Number": 0,
                                            "Actual Startup Time": 4.613,
                                            "Actual Total Time": 852.419,
                                            "Actual Rows": 4966533,
                                            "Actual Loops": 1
                                        },
                                        {
                                            "Worker Number": 1,
                                            "Actual Startup Time": 4.742,
                                            "Actual Total Time": 852.629,
                                            "Actual Rows": 4972708,
                                            "Actual Loops": 1
                                        },
                                        {
                                            "Worker Number": 2,
                                            "Actual Startup Time": 5.081,
                                            "Actual Total Time": 852.329,
                                            "Actual Rows": 4972937,
                                            "Actual Loops": 1
                                        },
                                        {
                                            "Worker Number": 3,
                                            "Actual Startup Time": 5.101,
                                            "Actual Total Time": 852.575,
                                            "Actual Rows": 4973567,
                                            "Actual Loops": 1
                                        },
                                        {
                                            "Worker Number": 4,
                                            "Actual Startup Time": 5.726,
                                            "Actual Total Time": 853.116,
                                            "Actual Rows": 4974803,
                                            "Actual Loops": 1
                                        },
                                        {
                                            "Worker Number": 5,
                                            "Actual Startup Time": 5.69,
                                            "Actual Total Time": 852.779,
                                            "Actual Rows": 4979368,
                                            "Actual Loops": 1
                                        }
                                    ]
                                }
                            ]
                        }
                    ]
                }
            ]
        },
        "Planning Time": 1289.11,
        "Triggers": [],
        "Execution Time": 1223.914
    }
]