{
  "Plan": {
    "Node Type": "Aggregate",
    "Strategy": "Plain",
    "Partial Mode": "Finalize",
    "Parallel Aware": false,
    "Startup Cost": 664887.13,
    "Total Cost": 664887.14,
    "Plan Rows": 1,
    "Plan Width": 8,
    "Actual Startup Time": 8214.502,
    "Actual Total Time": 8270.222,
    "Actual Rows": 1,
    "Actual Loops": 1,
    "Plans": [
      {
        "Node Type": "Gather",
        "Parent Relationship": "Outer",
        "Parallel Aware": false,
        "Startup Cost": 664887.02,
        "Total Cost": 664887.13,
        "Plan Rows": 1,
        "Plan Width": 8,
        "Actual Startup Time": 8211.277,
        "Actual Total Time": 8270.211,
        "Actual Rows": 2,
        "Actual Loops": 1,
        "Workers Planned": 1,
        "Workers Launched": 1,
        "Single Copy": false,
        "Plans": [
          {
            "Node Type": "Aggregate",
            "Strategy": "Plain",
            "Partial Mode": "Partial",
            "Parent Relationship": "Outer",
            "Parallel Aware": false,
            "Startup Cost": 663887.02,
            "Total Cost": 663887.03,
            "Plan Rows": 1,
            "Plan Width": 8,
            "Actual Startup Time": 8204.218,
            "Actual Total Time": 8204.222,
            "Actual Rows": 1,
            "Actual Loops": 2,
            "Plans": [
              {
                "Node Type": "Hash Join",
                "Parent Relationship": "Outer",
                "Parallel Aware": true,
                "Join Type": "Inner",
                "Startup Cost": 68256.98,
                "Total Cost": 638036.82,
                "Plan Rows": 10340082,
                "Plan Width": 0,
                "Actual Startup Time": 521.784,
                "Actual Total Time": 7797.536,
                "Actual Rows": 9344160,
                "Actual Loops": 2,
                "Inner Unique": true,
                "Hash Cond": "(ci.movie_id = t.id)",
                "Plans": [
                  {
                    "Node Type": "Seq Scan",
                    "Parent Relationship": "Outer",
                    "Parallel Aware": true,
                    "Relation Name": "cast_info",
                    "Alias": "ci",
                    "Startup Cost": 0.0,
                    "Total Cost": 519069.44,
                    "Plan Rows": 19318212,
                    "Plan Width": 4,
                    "Actual Startup Time": 93.895,
                    "Actual Total Time": 1749.088,
                    "Actual Rows": 16370800,
                    "Actual Loops": 2,
                    "Filter": "(person_id > 335678)",
                    "Rows Removed by Filter": 1751372
                  },
                  {
                    "Node Type": "Hash",
                    "Parent Relationship": "Inner",
                    "Parallel Aware": true,
                    "Startup Cost": 58306.47,
                    "Total Cost": 58306.47,
                    "Plan Rows": 796041,
                    "Plan Width": 4,
                    "Actual Startup Time": 413.568,
                    "Actual Total Time": 413.569,
                    "Actual Rows": 716006,
                    "Actual Loops": 2,
                    "Hash Buckets": 2097152,
                    "Original Hash Buckets": 2097152,
                    "Hash Batches": 1,
                    "Original Hash Batches": 1,
                    "Peak Memory Usage": 72416,
                    "Plans": [
                      {
                        "Node Type": "Seq Scan",
                        "Parent Relationship": "Outer",
                        "Parallel Aware": true,
                        "Relation Name": "title",
                        "Alias": "t",
                        "Startup Cost": 0.0,
                        "Total Cost": 58306.47,
                        "Plan Rows": 796041,
                        "Plan Width": 4,
                        "Actual Startup Time": 0.029,
                        "Actual Total Time": 197.432,
                        "Actual Rows": 716006,
                        "Actual Loops": 2,
                        "Filter": "((production_year > 1959) AND (kind_id = 7))",
                        "Rows Removed by Filter": 548150
                      }
                    ]
                  }
                ]
              }
            ]
          }
        ]
      }
    ]
  },
  "Planning Time": 0.683,
  "Triggers": [],
  "Execution Time": 8270.306
}