[
  {
    "Plan": {
      "Node Type": "Aggregate",
      "Strategy": "Plain",
      "Partial Mode": "Finalize",
      "Parallel Aware": false,
      "Startup Cost": 92289.12,
      "Total Cost": 92289.13,
      "Plan Rows": 1,
      "Plan Width": 8,
      "Actual Startup Time": 387.606,
      "Actual Total Time": 404.898,
      "Actual Rows": 1,
      "Actual Loops": 1,
      "Plans": [
        {
          "Node Type": "Gather",
          "Parent Relationship": "Outer",
          "Parallel Aware": false,
          "Startup Cost": 92288.9,
          "Total Cost": 92289.11,
          "Plan Rows": 2,
          "Plan Width": 8,
          "Actual Startup Time": 385.604,
          "Actual Total Time": 404.89,
          "Actual Rows": 3,
          "Actual Loops": 1,
          "Workers Planned": 2,
          "Workers Launched": 2,
          "Single Copy": false,
          "Plans": [
            {
              "Node Type": "Aggregate",
              "Strategy": "Plain",
              "Partial Mode": "Partial",
              "Parent Relationship": "Outer",
              "Parallel Aware": false,
              "Startup Cost": 91288.9,
              "Total Cost": 91288.91,
              "Plan Rows": 1,
              "Plan Width": 8,
              "Actual Startup Time": 377.328,
              "Actual Total Time": 377.513,
              "Actual Rows": 1,
              "Actual Loops": 3,
              "Plans": [
                {
                  "Node Type": "Hash Join",
                  "Parent Relationship": "Outer",
                  "Parallel Aware": true,
                  "Join Type": "Inner",
                  "Startup Cost": 75304.33,
                  "Total Cost": 91217.34,
                  "Plan Rows": 28625,
                  "Plan Width": 0,
                  "Actual Startup Time": 290.079,
                  "Actual Total Time": 374.4,
                  "Actual Rows": 76273,
                  "Actual Loops": 3,
                  "Inner Unique": false,
                  "Hash Cond": "(mi_idx.movie_id = t.id)",
                  "Plans": [
                    {
                      "Node Type": "Seq Scan",
                      "Parent Relationship": "Outer",
                      "Parallel Aware": true,
                      "Relation Name": "movie_info_idx",
                      "Alias": "mi_idx",
                      "Startup Cost": 0.0,
                      "Total Cost": 13685.15,
                      "Plan Rows": 575015,
                      "Plan Width": 4,
                      "Actual Startup Time": 0.029,
                      "Actual Total Time": 34.238,
                      "Actual Rows": 460012,
                      "Actual Loops": 3
                    },
                    {
                      "Node Type": "Hash",
                      "Parent Relationship": "Inner",
                      "Parallel Aware": true,
                      "Startup Cost": 74911.0,
                      "Total Cost": 74911.0,
                      "Plan Rows": 31466,
                      "Plan Width": 8,
                      "Actual Startup Time": 288.166,
                      "Actual Total Time": 288.35,
                      "Actual Rows": 41334,
                      "Actual Loops": 3,
                      "Hash Buckets": 131072,
                      "Original Hash Buckets": 131072,
                      "Hash Batches": 1,
                      "Original Hash Batches": 1,
                      "Peak Memory Usage": 5920,
                      "Plans": [
                        {
                          "Node Type": "Hash Join",
                          "Parent Relationship": "Outer",
                          "Parallel Aware": true,
                          "Join Type": "Inner",
                          "Startup Cost": 29840.38,
                          "Total Cost": 74911.0,
                          "Plan Rows": 31466,
                          "Plan Width": 8,
                          "Actual Startup Time": 116.089,
                          "Actual Total Time": 277.103,
                          "Actual Rows": 41334,
                          "Actual Loops": 3,
                          "Inner Unique": false,
                          "Hash Cond": "(t.id = mc.movie_id)",
                          "Plans": [
                            {
                              "Node Type": "Seq Scan",
                              "Parent Relationship": "Outer",
                              "Parallel Aware": true,
                              "Relation Name": "title",
                              "Alias": "t",
                              "Startup Cost": 0.0,
                              "Total Cost": 43898.92,
                              "Plan Rows": 214041,
                              "Plan Width": 4,
                              "Actual Startup Time": 0.014,
                              "Actual Total Time": 96.639,
                              "Actual Rows": 284738,
                              "Actual Loops": 3,
                              "Filter": "(kind_id < 4)",
                              "Rows Removed by Filter": 558033
                            },
                            {
                              "Node Type": "Hash",
                              "Parent Relationship": "Inner",
                              "Parallel Aware": true,
                              "Startup Cost": 28341.67,
                              "Total Cost": 28341.67,
                              "Plan Rows": 119897,
                              "Plan Width": 4,
                              "Actual Startup Time": 113.41,
                              "Actual Total Time": 113.412,
                              "Actual Rows": 122721,
                              "Actual Loops": 3,
                              "Hash Buckets": 524288,
                              "Original Hash Buckets": 524288,
                              "Hash Batches": 1,
                              "Original Hash Batches": 1,
                              "Peak Memory Usage": 18528,
                              "Plans": [
                                {
                                  "Node Type": "Bitmap Heap Scan",
                                  "Parent Relationship": "Outer",
                                  "Parallel Aware": true,
                                  "Relation Name": "movie_companies",
                                  "Alias": "mc",
                                  "Startup Cost": 8052.96,
                                  "Total Cost": 28341.67,
                                  "Plan Rows": 119897,
                                  "Plan Width": 4,
                                  "Actual Startup Time": 28.505,
                                  "Actual Total Time": 78.309,
                                  "Actual Rows": 122721,
                                  "Actual Loops": 3,
                                  "Recheck Cond": "(company_id < 197)",
                                  "Rows Removed by Index Recheck": 0,
                                  "Exact Heap Blocks": 9284,
                                  "Lossy Heap Blocks": 0,
                                  "Plans": [
                                    {
                                      "Node Type": "Bitmap Index Scan",
                                      "Parent Relationship": "Outer",
                                      "Parallel Aware": false,
                                      "Index Name": "company_id_movie_companies",
                                      "Startup Cost": 0.0,
                                      "Total Cost": 7960.04,
                                      "Plan Rows": 371681,
                                      "Plan Width": 0,
                                      "Actual Startup Time": 24.936,
                                      "Actual Total Time": 24.936,
                                      "Actual Rows": 368162,
                                      "Actual Loops": 1,
                                      "Index Cond": "(company_id < 197)"
                                    }
                                  ]
                                }
                              ]
                            }
                          ]
                        }
                      ]
                    }
                  ]
                }
              ]
            }
          ]
        }
      ]
    },
    "Planning Time": 1.094,
    "Triggers": [],
    "Execution Time": 405.003
  }
]