[
  {
    "Plan": {
      "Node Type": "Aggregate",
      "Strategy": "Plain",
      "Partial Mode": "Finalize",
      "Parallel Aware": false,
      "Startup Cost": 46738.95,
      "Total Cost": 46738.96,
      "Plan Rows": 1,
      "Plan Width": 8,
      "Actual Startup Time": 170.043,
      "Actual Total Time": 178.042,
      "Actual Rows": 1,
      "Actual Loops": 1,
      "Plans": [
        {
          "Node Type": "Gather",
          "Parent Relationship": "Outer",
          "Parallel Aware": false,
          "Startup Cost": 46738.63,
          "Total Cost": 46738.94,
          "Plan Rows": 3,
          "Plan Width": 8,
          "Actual Startup Time": 169.959,
          "Actual Total Time": 178.034,
          "Actual Rows": 4,
          "Actual Loops": 1,
          "Workers Planned": 3,
          "Workers Launched": 3,
          "Single Copy": false,
          "Plans": [
            {
              "Node Type": "Aggregate",
              "Strategy": "Plain",
              "Partial Mode": "Partial",
              "Parent Relationship": "Outer",
              "Parallel Aware": false,
              "Startup Cost": 45738.63,
              "Total Cost": 45738.64,
              "Plan Rows": 1,
              "Plan Width": 8,
              "Actual Startup Time": 165.701,
              "Actual Total Time": 165.702,
              "Actual Rows": 1,
              "Actual Loops": 4,
              "Plans": [
                {
                  "Node Type": "Seq Scan",
                  "Parent Relationship": "Outer",
                  "Parallel Aware": true,
                  "Relation Name": "movie_keyword",
                  "Alias": "mk",
                  "Startup Cost": 0.0,
                  "Total Cost": 42695.65,
                  "Plan Rows": 1217192,
                  "Plan Width": 0,
                  "Actual Startup Time": 0.07,
                  "Actual Total Time": 121.525,
                  "Actual Rows": 941214,
                  "Actual Loops": 4,
                  "Filter": "(keyword_id > 707)",
                  "Rows Removed by Filter": 189768
                }
              ]
            }
          ]
        }
      ]
    },
    "Planning Time": 0.098,
    "Triggers": [],
    "Execution Time": 178.078
  }
]