[
  {
    "Plan": {
      "Node Type": "Aggregate",
      "Strategy": "Plain",
      "Partial Mode": "Finalize",
      "Parallel Aware": false,
      "Startup Cost": 32835.97,
      "Total Cost": 32835.98,
      "Plan Rows": 1,
      "Plan Width": 8,
      "Actual Startup Time": 105.607,
      "Actual Total Time": 116.188,
      "Actual Rows": 1,
      "Actual Loops": 1,
      "Plans": [
        {
          "Node Type": "Gather",
          "Parent Relationship": "Outer",
          "Parallel Aware": false,
          "Startup Cost": 32835.65,
          "Total Cost": 32835.96,
          "Plan Rows": 3,
          "Plan Width": 8,
          "Actual Startup Time": 105.49,
          "Actual Total Time": 116.173,
          "Actual Rows": 4,
          "Actual Loops": 1,
          "Workers Planned": 3,
          "Workers Launched": 3,
          "Single Copy": false,
          "Plans": [
            {
              "Node Type": "Aggregate",
              "Strategy": "Plain",
              "Partial Mode": "Partial",
              "Parent Relationship": "Outer",
              "Parallel Aware": false,
              "Startup Cost": 31835.65,
              "Total Cost": 31835.66,
              "Plan Rows": 1,
              "Plan Width": 8,
              "Actual Startup Time": 98.205,
              "Actual Total Time": 98.206,
              "Actual Rows": 1,
              "Actual Loops": 4,
              "Plans": [
                {
                  "Node Type": "Seq Scan",
                  "Parent Relationship": "Outer",
                  "Parallel Aware": true,
                  "Relation Name": "movie_companies",
                  "Alias": "mc",
                  "Startup Cost": 0.0,
                  "Total Cost": 31414.82,
                  "Plan Rows": 168334,
                  "Plan Width": 0,
                  "Actual Startup Time": 54.463,
                  "Actual Total Time": 93.364,
                  "Actual Rows": 77948,
                  "Actual Loops": 4,
                  "Filter": "((company_id < 5499) AND (company_type_id = 2))",
                  "Rows Removed by Filter": 574334
                }
              ]
            }
          ]
        }
      ]
    },
    "Planning Time": 0.227,
    "Triggers": [],
    "Execution Time": 116.252
  }
]