[
  {
    "Plan": {
      "Node Type": "Aggregate",
      "Strategy": "Plain",
      "Partial Mode": "Finalize",
      "Parallel Aware": false,
      "Startup Cost": 337421.97,
      "Total Cost": 337421.98,
      "Plan Rows": 1,
      "Plan Width": 8,
      "Actual Startup Time": 741.441,
      "Actual Total Time": 802.251,
      "Actual Rows": 1,
      "Actual Loops": 1,
      "Plans": [
        {
          "Node Type": "Gather",
          "Parent Relationship": "Outer",
          "Parallel Aware": false,
          "Startup Cost": 337421.34,
          "Total Cost": 337421.95,
          "Plan Rows": 6,
          "Plan Width": 8,
          "Actual Startup Time": 741.341,
          "Actual Total Time": 802.242,
          "Actual Rows": 7,
          "Actual Loops": 1,
          "Workers Planned": 6,
          "Workers Launched": 6,
          "Single Copy": false,
          "Plans": [
            {
              "Node Type": "Aggregate",
              "Strategy": "Plain",
              "Partial Mode": "Partial",
              "Parent Relationship": "Outer",
              "Parallel Aware": false,
              "Startup Cost": 336421.34,
              "Total Cost": 336421.35,
              "Plan Rows": 1,
              "Plan Width": 8,
              "Actual Startup Time": 731.811,
              "Actual Total Time": 731.812,
              "Actual Rows": 1,
              "Actual Loops": 7,
              "Plans": [
                {
                  "Node Type": "Seq Scan",
                  "Parent Relationship": "Outer",
                  "Parallel Aware": true,
                  "Relation Name": "cast_info",
                  "Alias": "ci",
                  "Startup Cost": 0.0,
                  "Total Cost": 328162.03,
                  "Plan Rows": 3303726,
                  "Plan Width": 0,
                  "Actual Startup Time": 182.461,
                  "Actual Total Time": 607.294,
                  "Actual Rows": 2833500,
                  "Actual Loops": 7,
                  "Filter": "(person_id > 1624971)",
                  "Rows Removed by Filter": 2344263
                }
              ]
            }
          ]
        }
      ]
    },
    "Planning Time": 0.168,
    "Triggers": [],
    "Execution Time": 802.319
  }
]