[
  {
    "Plan": {
      "Node Type": "Aggregate",
      "Strategy": "Plain",
      "Partial Mode": "Finalize",
      "Parallel Aware": false,
      "Startup Cost": 91863.73,
      "Total Cost": 91863.74,
      "Plan Rows": 1,
      "Plan Width": 8,
      "Actual Startup Time": 310.375,
      "Actual Total Time": 331.028,
      "Actual Rows": 1,
      "Actual Loops": 1,
      "Plans": [
        {
          "Node Type": "Gather",
          "Parent Relationship": "Outer",
          "Parallel Aware": false,
          "Startup Cost": 91863.41,
          "Total Cost": 91863.72,
          "Plan Rows": 3,
          "Plan Width": 8,
          "Actual Startup Time": 309.863,
          "Actual Total Time": 331.018,
          "Actual Rows": 4,
          "Actual Loops": 1,
          "Workers Planned": 3,
          "Workers Launched": 3,
          "Single Copy": false,
          "Plans": [
            {
              "Node Type": "Aggregate",
              "Strategy": "Plain",
              "Partial Mode": "Partial",
              "Parent Relationship": "Outer",
              "Parallel Aware": false,
              "Startup Cost": 90863.41,
              "Total Cost": 90863.42,
              "Plan Rows": 1,
              "Plan Width": 8,
              "Actual Startup Time": 301.892,
              "Actual Total Time": 301.896,
              "Actual Rows": 1,
              "Actual Loops": 4,
              "Plans": [
                {
                  "Node Type": "Hash Join",
                  "Parent Relationship": "Outer",
                  "Parallel Aware": true,
                  "Join Type": "Inner",
                  "Startup Cost": 45673.39,
                  "Total Cost": 90806.47,
                  "Plan Rows": 22776,
                  "Plan Width": 0,
                  "Actual Startup Time": 116.893,
                  "Actual Total Time": 300.927,
                  "Actual Rows": 16894,
                  "Actual Loops": 4,
                  "Inner Unique": true,
                  "Hash Cond": "(mk.movie_id = t.id)",
                  "Plans": [
                    {
                      "Node Type": "Seq Scan",
                      "Parent Relationship": "Outer",
                      "Parallel Aware": true,
                      "Relation Name": "movie_keyword",
                      "Alias": "mk",
                      "Startup Cost": 0.0,
                      "Total Cost": 42695.65,
                      "Plan Rows": 928545,
                      "Plan Width": 4,
                      "Actual Startup Time": 0.188,
                      "Actual Total Time": 124.657,
                      "Actual Rows": 720758,
                      "Actual Loops": 4,
                      "Filter": "(keyword_id > 2488)",
                      "Rows Removed by Filter": 410225
                    },
                    {
                      "Node Type": "Hash",
                      "Parent Relationship": "Inner",
                      "Parallel Aware": true,
                      "Startup Cost": 45479.59,
                      "Total Cost": 45479.59,
                      "Plan Rows": 15504,
                      "Plan Width": 4,
                      "Actual Startup Time": 114.775,
                      "Actual Total Time": 114.777,
                      "Actual Rows": 13442,
                      "Actual Loops": 4,
                      "Hash Buckets": 65536,
                      "Original Hash Buckets": 65536,
                      "Hash Batches": 1,
                      "Original Hash Batches": 1,
                      "Peak Memory Usage": 2688,
                      "Plans": [
                        {
                          "Node Type": "Seq Scan",
                          "Parent Relationship": "Outer",
                          "Parallel Aware": true,
                          "Relation Name": "title",
                          "Alias": "t",
                          "Startup Cost": 0.0,
                          "Total Cost": 45479.59,
                          "Plan Rows": 15504,
                          "Plan Width": 4,
                          "Actual Startup Time": 0.206,
                          "Actual Total Time": 108.936,
                          "Actual Rows": 13442,
                          "Actual Loops": 4,
                          "Filter": "((kind_id < 7) AND (production_year = 2011))",
                          "Rows Removed by Filter": 618636
                        }
                      ]
                    }
                  ]
                }
              ]
            }
          ]
        }
      ]
    },
    "Planning Time": 0.641,
    "Triggers": [],
    "Execution Time": 331.097
  }
]