[
  {
    "Plan": {
      "Node Type": "Aggregate",
      "Strategy": "Plain",
      "Partial Mode": "Finalize",
      "Parallel Aware": false,
      "Startup Cost": 96115.19,
      "Total Cost": 96115.2,
      "Plan Rows": 1,
      "Plan Width": 8,
      "Actual Startup Time": 381.805,
      "Actual Total Time": 398.913,
      "Actual Rows": 1,
      "Actual Loops": 1,
      "Plans": [
        {
          "Node Type": "Gather",
          "Parent Relationship": "Outer",
          "Parallel Aware": false,
          "Startup Cost": 96114.98,
          "Total Cost": 96115.19,
          "Plan Rows": 2,
          "Plan Width": 8,
          "Actual Startup Time": 380.705,
          "Actual Total Time": 398.902,
          "Actual Rows": 3,
          "Actual Loops": 1,
          "Workers Planned": 2,
          "Workers Launched": 2,
          "Single Copy": false,
          "Plans": [
            {
              "Node Type": "Aggregate",
              "Strategy": "Plain",
              "Partial Mode": "Partial",
              "Parent Relationship": "Outer",
              "Parallel Aware": false,
              "Startup Cost": 95114.98,
              "Total Cost": 95114.99,
              "Plan Rows": 1,
              "Plan Width": 8,
              "Actual Startup Time": 373.013,
              "Actual Total Time": 373.11,
              "Actual Rows": 1,
              "Actual Loops": 3,
              "Plans": [
                {
                  "Node Type": "Hash Join",
                  "Parent Relationship": "Outer",
                  "Parallel Aware": true,
                  "Join Type": "Inner",
                  "Startup Cost": 79122.64,
                  "Total Cost": 95049.1,
                  "Plan Rows": 26352,
                  "Plan Width": 0,
                  "Actual Startup Time": 297.917,
                  "Actual Total Time": 372.176,
                  "Actual Rows": 23040,
                  "Actual Loops": 3,
                  "Inner Unique": false,
                  "Hash Cond": "(mi_idx.movie_id = t.id)",
                  "Plans": [
                    {
                      "Node Type": "Seq Scan",
                      "Parent Relationship": "Outer",
                      "Parallel Aware": true,
                      "Relation Name": "movie_info_idx",
                      "Alias": "mi_idx",
                      "Startup Cost": 0.0,
                      "Total Cost": 13685.15,
                      "Plan Rows": 575015,
                      "Plan Width": 4,
                      "Actual Startup Time": 0.029,
                      "Actual Total Time": 34.143,
                      "Actual Rows": 460012,
                      "Actual Loops": 3
                    },
                    {
                      "Node Type": "Hash",
                      "Parent Relationship": "Inner",
                      "Parallel Aware": true,
                      "Startup Cost": 78655.42,
                      "Total Cost": 78655.42,
                      "Plan Rows": 37377,
                      "Plan Width": 8,
                      "Actual Startup Time": 295.644,
                      "Actual Total Time": 295.74,
                      "Actual Rows": 23080,
                      "Actual Loops": 3,
                      "Hash Buckets": 131072,
                      "Original Hash Buckets": 131072,
                      "Hash Batches": 1,
                      "Original Hash Batches": 1,
                      "Peak Memory Usage": 3776,
                      "Plans": [
                        {
                          "Node Type": "Hash Join",
                          "Parent Relationship": "Outer",
                          "Parallel Aware": true,
                          "Join Type": "Inner",
                          "Startup Cost": 46336.82,
                          "Total Cost": 78655.42,
                          "Plan Rows": 37377,
                          "Plan Width": 8,
                          "Actual Startup Time": 187.336,
                          "Actual Total Time": 289.529,
                          "Actual Rows": 23080,
                          "Actual Loops": 3,
                          "Inner Unique": true,
                          "Hash Cond": "(mc.movie_id = t.id)",
                          "Plans": [
                            {
                              "Node Type": "Seq Scan",
                              "Parent Relationship": "Outer",
                              "Parallel Aware": true,
                              "Relation Name": "movie_companies",
                              "Alias": "mc",
                              "Startup Cost": 0.0,
                              "Total Cost": 31414.82,
                              "Plan Rows": 344298,
                              "Plan Width": 4,
                              "Actual Startup Time": 36.848,
                              "Actual Total Time": 83.494,
                              "Actual Rows": 399486,
                              "Actual Loops": 3,
                              "Filter": "((company_id > 452) AND (company_type_id > 1))",
                              "Rows Removed by Filter": 470223
                            },
                            {
                              "Node Type": "Hash",
                              "Parent Relationship": "Inner",
                              "Parallel Aware": true,
                              "Startup Cost": 45479.1,
                              "Total Cost": 45479.1,
                              "Plan Rows": 68618,
                              "Plan Width": 4,
                              "Actual Startup Time": 147.717,
                              "Actual Total Time": 147.718,
                              "Actual Rows": 93157,
                              "Actual Loops": 3,
                              "Hash Buckets": 524288,
                              "Original Hash Buckets": 524288,
                              "Hash Batches": 1,
                              "Original Hash Batches": 1,
                              "Peak Memory Usage": 15072,
                              "Plans": [
                                {
                                  "Node Type": "Seq Scan",
                                  "Parent Relationship": "Outer",
                                  "Parallel Aware": true,
                                  "Relation Name": "title",
                                  "Alias": "t",
                                  "Startup Cost": 0.0,
                                  "Total Cost": 45479.1,
                                  "Plan Rows": 68618,
                                  "Plan Width": 4,
                                  "Actual Startup Time": 0.046,
                                  "Actual Total Time": 115.331,
                                  "Actual Rows": 93157,
                                  "Actual Loops": 3,
                                  "Filter": "((kind_id > 2) AND (production_year > 2010))",
                                  "Rows Removed by Filter": 749614
                                }
                              ]
                            }
                          ]
                        }
                      ]
                    }
                  ]
                }
              ]
            }
          ]
        }
      ]
    },
    "Planning Time": 1.469,
    "Triggers": [],
    "Execution Time": 399.01
  }
]