[
  {
    "Plan": {
      "Node Type": "Aggregate",
      "Strategy": "Plain",
      "Partial Mode": "Finalize",
      "Parallel Aware": false,
      "Startup Cost": 141954.88,
      "Total Cost": 141954.89,
      "Plan Rows": 1,
      "Plan Width": 8,
      "Actual Startup Time": 135.923,
      "Actual Total Time": 156.959,
      "Actual Rows": 1,
      "Actual Loops": 1,
      "Plans": [
        {
          "Node Type": "Gather",
          "Parent Relationship": "Outer",
          "Parallel Aware": false,
          "Startup Cost": 141954.46,
          "Total Cost": 141954.87,
          "Plan Rows": 4,
          "Plan Width": 8,
          "Actual Startup Time": 135.744,
          "Actual Total Time": 156.948,
          "Actual Rows": 5,
          "Actual Loops": 1,
          "Workers Planned": 4,
          "Workers Launched": 4,
          "Single Copy": false,
          "Plans": [
            {
              "Node Type": "Aggregate",
              "Strategy": "Plain",
              "Partial Mode": "Partial",
              "Parent Relationship": "Outer",
              "Parallel Aware": false,
              "Startup Cost": 140954.46,
              "Total Cost": 140954.47,
              "Plan Rows": 1,
              "Plan Width": 8,
              "Actual Startup Time": 125.937,
              "Actual Total Time": 125.939,
              "Actual Rows": 1,
              "Actual Loops": 5,
              "Plans": [
                {
                  "Node Type": "Nested Loop",
                  "Parent Relationship": "Outer",
                  "Parallel Aware": false,
                  "Join Type": "Inner",
                  "Startup Cost": 0.43,
                  "Total Cost": 140946.99,
                  "Plan Rows": 2990,
                  "Plan Width": 0,
                  "Actual Startup Time": 2.935,
                  "Actual Total Time": 125.288,
                  "Actual Rows": 5985,
                  "Actual Loops": 5,
                  "Inner Unique": false,
                  "Plans": [
                    {
                      "Node Type": "Seq Scan",
                      "Parent Relationship": "Outer",
                      "Parallel Aware": true,
                      "Relation Name": "title",
                      "Alias": "t",
                      "Startup Cost": 0.0,
                      "Total Cost": 45479.59,
                      "Plan Rows": 787,
                      "Plan Width": 4,
                      "Actual Startup Time": 2.715,
                      "Actual Total Time": 89.97,
                      "Actual Rows": 759,
                      "Actual Loops": 5,
                      "Filter": "((kind_id < 3) AND (production_year = 1963))",
                      "Rows Removed by Filter": 504904
                    },
                    {
                      "Node Type": "Index Scan",
                      "Parent Relationship": "Inner",
                      "Parallel Aware": false,
                      "Scan Direction": "Forward",
                      "Index Name": "movie_id_movie_info",
                      "Relation Name": "movie_info",
                      "Alias": "mi",
                      "Startup Cost": 0.43,
                      "Total Cost": 121.04,
                      "Plan Rows": 27,
                      "Plan Width": 4,
                      "Actual Startup Time": 0.016,
                      "Actual Total Time": 0.045,
                      "Actual Rows": 8,
                      "Actual Loops": 3793,
                      "Index Cond": "(movie_id = t.id)",
                      "Rows Removed by Index Recheck": 0,
                      "Filter": "(info_type_id < 16)",
                      "Rows Removed by Filter": 3
                    }
                  ]
                }
              ]
            }
          ]
        }
      ]
    },
    "Planning Time": 0.719,
    "Triggers": [],
    "Execution Time": 157.043
  }
]