[
  {
    "Plan": {
      "Node Type": "Aggregate",
      "Strategy": "Plain",
      "Partial Mode": "Finalize",
      "Parallel Aware": false,
      "Startup Cost": 140845.84,
      "Total Cost": 140845.85,
      "Plan Rows": 1,
      "Plan Width": 8,
      "Actual Startup Time": 121.217,
      "Actual Total Time": 138.487,
      "Actual Rows": 1,
      "Actual Loops": 1,
      "Plans": [
        {
          "Node Type": "Gather",
          "Parent Relationship": "Outer",
          "Parallel Aware": false,
          "Startup Cost": 140845.42,
          "Total Cost": 140845.83,
          "Plan Rows": 4,
          "Plan Width": 8,
          "Actual Startup Time": 121.104,
          "Actual Total Time": 138.479,
          "Actual Rows": 5,
          "Actual Loops": 1,
          "Workers Planned": 4,
          "Workers Launched": 4,
          "Single Copy": false,
          "Plans": [
            {
              "Node Type": "Aggregate",
              "Strategy": "Plain",
              "Partial Mode": "Partial",
              "Parent Relationship": "Outer",
              "Parallel Aware": false,
              "Startup Cost": 139845.42,
              "Total Cost": 139845.43,
              "Plan Rows": 1,
              "Plan Width": 8,
              "Actual Startup Time": 113.514,
              "Actual Total Time": 113.515,
              "Actual Rows": 1,
              "Actual Loops": 5,
              "Plans": [
                {
                  "Node Type": "Nested Loop",
                  "Parent Relationship": "Outer",
                  "Parallel Aware": false,
                  "Join Type": "Inner",
                  "Startup Cost": 0.43,
                  "Total Cost": 139838.29,
                  "Plan Rows": 2852,
                  "Plan Width": 0,
                  "Actual Startup Time": 1.193,
                  "Actual Total Time": 112.974,
                  "Actual Rows": 5985,
                  "Actual Loops": 5,
                  "Inner Unique": false,
                  "Plans": [
                    {
                      "Node Type": "Seq Scan",
                      "Parent Relationship": "Outer",
                      "Parallel Aware": true,
                      "Relation Name": "title",
                      "Alias": "t",
                      "Startup Cost": 0.0,
                      "Total Cost": 45479.1,
                      "Plan Rows": 760,
                      "Plan Width": 4,
                      "Actual Startup Time": 1.017,
                      "Actual Total Time": 80.607,
                      "Actual Rows": 759,
                      "Actual Loops": 5,
                      "Filter": "((kind_id < 3) AND (production_year = 1963))",
                      "Rows Removed by Filter": 504904
                    },
                    {
                      "Node Type": "Index Scan",
                      "Parent Relationship": "Inner",
                      "Parallel Aware": false,
                      "Scan Direction": "Forward",
                      "Index Name": "movie_id_movie_info",
                      "Relation Name": "movie_info",
                      "Alias": "mi",
                      "Startup Cost": 0.43,
                      "Total Cost": 123.89,
                      "Plan Rows": 27,
                      "Plan Width": 4,
                      "Actual Startup Time": 0.016,
                      "Actual Total Time": 0.041,
                      "Actual Rows": 8,
                      "Actual Loops": 3793,
                      "Index Cond": "(movie_id = t.id)",
                      "Rows Removed by Index Recheck": 0,
                      "Filter": "(info_type_id < 16)",
                      "Rows Removed by Filter": 3
                    }
                  ]
                }
              ]
            }
          ]
        }
      ]
    },
    "Planning Time": 0.625,
    "Triggers": [],
    "Execution Time": 138.553
  }
]