[
    {
        "Bao": {
            "Bao prediction": "NaN",
            "Bao recommended hint": "(no hint)"
        }
    },
    {
        "Plan": {
            "Node Type": "Aggregate",
            "Strategy": "Plain",
            "Partial Mode": "Finalize",
            "Parallel Aware": false,
            "Startup Cost": 33158.69,
            "Total Cost": 33158.7,
            "Plan Rows": 1,
            "Plan Width": 8,
            "Actual Startup Time": 93.461,
            "Actual Total Time": 99.118,
            "Actual Rows": 1,
            "Actual Loops": 1,
            "Output": [
                "count(*)"
            ],
            "Plans": [
                {
                    "Node Type": "Gather",
                    "Parent Relationship": "Outer",
                    "Parallel Aware": false,
                    "Startup Cost": 33158.37,
                    "Total Cost": 33158.68,
                    "Plan Rows": 3,
                    "Plan Width": 8,
                    "Actual Startup Time": 93.33,
                    "Actual Total Time": 99.11,
                    "Actual Rows": 4,
                    "Actual Loops": 1,
                    "Output": [
                        "(PARTIAL count(*))"
                    ],
                    "Workers Planned": 3,
                    "Workers Launched": 3,
                    "Single Copy": false,
                    "Plans": [
                        {
                            "Node Type": "Aggregate",
                            "Strategy": "Plain",
                            "Partial Mode": "Partial",
                            "Parent Relationship": "Outer",
                            "Parallel Aware": false,
                            "Startup Cost": 32158.37,
                            "Total Cost": 32158.38,
                            "Plan Rows": 1,
                            "Plan Width": 8,
                            "Actual Startup Time": 85.495,
                            "Actual Total Time": 85.496,
                            "Actual Rows": 1,
                            "Actual Loops": 4,
                            "Output": [
                                "PARTIAL count(*)"
                            ],
                            "Workers": [
                                {
                                    "Worker Number": 0,
                                    "Actual Startup Time": 82.716,
                                    "Actual Total Time": 82.717,
                                    "Actual Rows": 1,
                                    "Actual Loops": 1
                                },
                                {
                                    "Worker Number": 1,
                                    "Actual Startup Time": 83.127,
                                    "Actual Total Time": 83.128,
                                    "Actual Rows": 1,
                                    "Actual Loops": 1
                                },
                                {
                                    "Worker Number": 2,
                                    "Actual Startup Time": 83.438,
                                    "Actual Total Time": 83.439,
                                    "Actual Rows": 1,
                                    "Actual Loops": 1
                                }
                            ],
                            "Plans": [
                                {
                                    "Node Type": "Seq Scan",
                                    "Parent Relationship": "Outer",
                                    "Parallel Aware": true,
                                    "Relation Name": "movie_companies",
                                    "Schema": "public",
                                    "Alias": "mc",
                                    "Startup Cost": 0.0,
                                    "Total Cost": 31414.82,
                                    "Plan Rows": 297420,
                                    "Plan Width": 0,
                                    "Actual Startup Time": 41.113,
                                    "Actual Total Time": 74.507,
                                    "Actual Rows": 275593,
                                    "Actual Loops": 4,
                                    "Output": [
                                        "id",
                                        "movie_id",
                                        "company_id",
                                        "company_type_id",
                                        "note"
                                    ],
                                    "Filter": "((mc.company_id > 1761) AND (mc.company_type_id > 1))",
                                    "Rows Removed by Filter": 376689,
                                    "Workers": [
                                        {
                                            "Worker Number": 0,
                                            "Actual Startup Time": 38.328,
                                            "Actual Total Time": 72.143,
                                            "Actual Rows": 261856,
                                            "Actual Loops": 1
                                        },
                                        {
                                            "Worker Number": 1,
                                            "Actual Startup Time": 38.74,
                                            "Actual Total Time": 72.378,
                                            "Actual Rows": 265562,
                                            "Actual Loops": 1
                                        },
                                        {
                                            "Worker Number": 2,
                                            "Actual Startup Time": 39.066,
                                            "Actual Total Time": 72.628,
                                            "Actual Rows": 267715,
                                            "Actual Loops": 1
                                        }
                                    ]
                                }
                            ]
                        }
                    ]
                }
            ]
        },
        "Planning Time": 189.488,
        "Triggers": [],
        "Execution Time": 99.232
    }
]