{
  "Plan": {
    "Node Type": "Aggregate",
    "Strategy": "Plain",
    "Partial Mode": "Finalize",
    "Parallel Aware": false,
    "Startup Cost": 86697.77,
    "Total Cost": 86697.78,
    "Plan Rows": 1,
    "Plan Width": 8,
    "Actual Startup Time": 183.749,
    "Actual Total Time": 196.198,
    "Actual Rows": 1,
    "Actual Loops": 1,
    "Plans": [
      {
        "Node Type": "Gather",
        "Parent Relationship": "Outer",
        "Parallel Aware": false,
        "Startup Cost": 86697.65,
        "Total Cost": 86697.76,
        "Plan Rows": 1,
        "Plan Width": 8,
        "Actual Startup Time": 183.47,
        "Actual Total Time": 196.19,
        "Actual Rows": 2,
        "Actual Loops": 1,
        "Workers Planned": 1,
        "Workers Launched": 1,
        "Single Copy": false,
        "Plans": [
          {
            "Node Type": "Aggregate",
            "Strategy": "Plain",
            "Partial Mode": "Partial",
            "Parent Relationship": "Outer",
            "Parallel Aware": false,
            "Startup Cost": 85697.65,
            "Total Cost": 85697.66,
            "Plan Rows": 1,
            "Plan Width": 8,
            "Actual Startup Time": 177.371,
            "Actual Total Time": 177.374,
            "Actual Rows": 1,
            "Actual Loops": 2,
            "Plans": [
              {
                "Node Type": "Hash Join",
                "Parent Relationship": "Outer",
                "Parallel Aware": true,
                "Join Type": "Inner",
                "Startup Cost": 60433.71,
                "Total Cost": 85696.23,
                "Plan Rows": 571,
                "Plan Width": 0,
                "Actual Startup Time": 145.898,
                "Actual Total Time": 177.308,
                "Actual Rows": 672,
                "Actual Loops": 2,
                "Inner Unique": true,
                "Hash Cond": "(mk.movie_id = t.id)",
                "Plans": [
                  {
                    "Node Type": "Bitmap Heap Scan",
                    "Parent Relationship": "Outer",
                    "Parallel Aware": true,
                    "Relation Name": "movie_keyword",
                    "Alias": "mk",
                    "Startup Cost": 1928.71,
                    "Total Cost": 27050.91,
                    "Plan Rows": 53456,
                    "Plan Width": 4,
                    "Actual Startup Time": 9.184,
                    "Actual Total Time": 34.933,
                    "Actual Rows": 44434,
                    "Actual Loops": 2,
                    "Recheck Cond": "(keyword_id > 85207)",
                    "Rows Removed by Index Recheck": 0,
                    "Exact Heap Blocks": 10990,
                    "Lossy Heap Blocks": 0,
                    "Plans": [
                      {
                        "Node Type": "Bitmap Index Scan",
                        "Parent Relationship": "Outer",
                        "Parallel Aware": false,
                        "Index Name": "keyword_id_movie_keyword",
                        "Startup Cost": 0.0,
                        "Total Cost": 1905.99,
                        "Plan Rows": 90875,
                        "Plan Width": 0,
                        "Actual Startup Time": 6.734,
                        "Actual Total Time": 6.734,
                        "Actual Rows": 88867,
                        "Actual Loops": 1,
                        "Index Cond": "(keyword_id > 85207)"
                      }
                    ]
                  },
                  {
                    "Node Type": "Hash",
                    "Parent Relationship": "Inner",
                    "Parallel Aware": true,
                    "Startup Cost": 58306.47,
                    "Total Cost": 58306.47,
                    "Plan Rows": 15882,
                    "Plan Width": 4,
                    "Actual Startup Time": 135.476,
                    "Actual Total Time": 135.476,
                    "Actual Rows": 13542,
                    "Actual Loops": 2,
                    "Hash Buckets": 32768,
                    "Original Hash Buckets": 32768,
                    "Hash Batches": 1,
                    "Original Hash Batches": 1,
                    "Peak Memory Usage": 1344,
                    "Plans": [
                      {
                        "Node Type": "Seq Scan",
                        "Parent Relationship": "Outer",
                        "Parallel Aware": true,
                        "Relation Name": "title",
                        "Alias": "t",
                        "Startup Cost": 0.0,
                        "Total Cost": 58306.47,
                        "Plan Rows": 15882,
                        "Plan Width": 4,
                        "Actual Startup Time": 0.312,
                        "Actual Total Time": 131.889,
                        "Actual Rows": 13542,
                        "Actual Loops": 2,
                        "Filter": "((kind_id < 7) AND (production_year > 2012))",
                        "Rows Removed by Filter": 1250614
                      }
                    ]
                  }
                ]
              }
            ]
          }
        ]
      }
    ]
  },
  "Planning Time": 0.472,
  "Triggers": [],
  "Execution Time": 196.291
}