[
  {
    "Plan": {
      "Node Type": "Aggregate",
      "Strategy": "Plain",
      "Partial Mode": "Finalize",
      "Parallel Aware": false,
      "Startup Cost": 394499.96,
      "Total Cost": 394499.97,
      "Plan Rows": 1,
      "Plan Width": 8,
      "Actual Startup Time": 1102.524,
      "Actual Total Time": 1153.716,
      "Actual Rows": 1,
      "Actual Loops": 1,
      "Plans": [
        {
          "Node Type": "Gather",
          "Parent Relationship": "Outer",
          "Parallel Aware": false,
          "Startup Cost": 394499.33,
          "Total Cost": 394499.94,
          "Plan Rows": 6,
          "Plan Width": 8,
          "Actual Startup Time": 1096.624,
          "Actual Total Time": 1153.697,
          "Actual Rows": 7,
          "Actual Loops": 1,
          "Workers Planned": 6,
          "Workers Launched": 6,
          "Single Copy": false,
          "Plans": [
            {
              "Node Type": "Aggregate",
              "Strategy": "Plain",
              "Partial Mode": "Partial",
              "Parent Relationship": "Outer",
              "Parallel Aware": false,
              "Startup Cost": 393499.33,
              "Total Cost": 393499.34,
              "Plan Rows": 1,
              "Plan Width": 8,
              "Actual Startup Time": 1088.118,
              "Actual Total Time": 1088.122,
              "Actual Rows": 1,
              "Actual Loops": 7,
              "Plans": [
                {
                  "Node Type": "Hash Join",
                  "Parent Relationship": "Outer",
                  "Parallel Aware": true,
                  "Join Type": "Inner",
                  "Startup Cost": 46259.45,
                  "Total Cost": 392630.36,
                  "Plan Rows": 347589,
                  "Plan Width": 0,
                  "Actual Startup Time": 125.433,
                  "Actual Total Time": 1070.019,
                  "Actual Rows": 361875,
                  "Actual Loops": 7,
                  "Inner Unique": true,
                  "Hash Cond": "(ci.movie_id = t.id)",
                  "Plans": [
                    {
                      "Node Type": "Seq Scan",
                      "Parent Relationship": "Outer",
                      "Parallel Aware": true,
                      "Relation Name": "cast_info",
                      "Alias": "ci",
                      "Startup Cost": 0.0,
                      "Total Cost": 343316.27,
                      "Plan Rows": 1163674,
                      "Plan Width": 4,
                      "Actual Startup Time": 0.035,
                      "Actual Total Time": 643.758,
                      "Actual Rows": 1111100,
                      "Actual Loops": 7,
                      "Filter": "((person_id < 794880) AND (role_id < 10))",
                      "Rows Removed by Filter": 4066663
                    },
                    {
                      "Node Type": "Hash",
                      "Parent Relationship": "Inner",
                      "Parallel Aware": true,
                      "Startup Cost": 43899.32,
                      "Total Cost": 43899.32,
                      "Plan Rows": 188810,
                      "Plan Width": 4,
                      "Actual Startup Time": 123.252,
                      "Actual Total Time": 123.254,
                      "Actual Rows": 107668,
                      "Actual Loops": 7,
                      "Hash Buckets": 1048576,
                      "Original Hash Buckets": 1048576,
                      "Hash Batches": 1,
                      "Original Hash Batches": 1,
                      "Peak Memory Usage": 37760,
                      "Plans": [
                        {
                          "Node Type": "Seq Scan",
                          "Parent Relationship": "Outer",
                          "Parallel Aware": true,
                          "Relation Name": "title",
                          "Alias": "t",
                          "Startup Cost": 0.0,
                          "Total Cost": 43899.32,
                          "Plan Rows": 188810,
                          "Plan Width": 4,
                          "Actual Startup Time": 0.036,
                          "Actual Total Time": 73.722,
                          "Actual Rows": 107668,
                          "Actual Loops": 7,
                          "Filter": "(kind_id < 3)",
                          "Rows Removed by Filter": 253519
                        }
                      ]
                    }
                  ]
                }
              ]
            }
          ]
        }
      ]
    },
    "Planning Time": 0.233,
    "Triggers": [],
    "Execution Time": 1153.795
  }
]