[
    {
        "Bao": {
            "Bao prediction": "NaN",
            "Bao recommended hint": "(no hint)"
        }
    },
    {
        "Plan": {
            "Node Type": "Aggregate",
            "Strategy": "Plain",
            "Partial Mode": "Finalize",
            "Parallel Aware": false,
            "Startup Cost": 339092.06,
            "Total Cost": 339092.07,
            "Plan Rows": 1,
            "Plan Width": 8,
            "Actual Startup Time": 433.898,
            "Actual Total Time": 444.929,
            "Actual Rows": 1,
            "Actual Loops": 1,
            "Output": [
                "count(*)"
            ],
            "Plans": [
                {
                    "Node Type": "Gather",
                    "Parent Relationship": "Outer",
                    "Parallel Aware": false,
                    "Startup Cost": 339091.44,
                    "Total Cost": 339092.05,
                    "Plan Rows": 6,
                    "Plan Width": 8,
                    "Actual Startup Time": 433.029,
                    "Actual Total Time": 444.919,
                    "Actual Rows": 7,
                    "Actual Loops": 1,
                    "Output": [
                        "(PARTIAL count(*))"
                    ],
                    "Workers Planned": 6,
                    "Workers Launched": 6,
                    "Single Copy": false,
                    "Plans": [
                        {
                            "Node Type": "Aggregate",
                            "Strategy": "Plain",
                            "Partial Mode": "Partial",
                            "Parent Relationship": "Outer",
                            "Parallel Aware": false,
                            "Startup Cost": 338091.44,
                            "Total Cost": 338091.45,
                            "Plan Rows": 1,
                            "Plan Width": 8,
                            "Actual Startup Time": 422.524,
                            "Actual Total Time": 422.525,
                            "Actual Rows": 1,
                            "Actual Loops": 7,
                            "Output": [
                                "PARTIAL count(*)"
                            ],
                            "Workers": [
                                {
                                    "Worker Number": 0,
                                    "Actual Startup Time": 419.876,
                                    "Actual Total Time": 419.878,
                                    "Actual Rows": 1,
                                    "Actual Loops": 1
                                },
                                {
                                    "Worker Number": 1,
                                    "Actual Startup Time": 420.8,
                                    "Actual Total Time": 420.801,
                                    "Actual Rows": 1,
                                    "Actual Loops": 1
                                },
                                {
                                    "Worker Number": 2,
                                    "Actual Startup Time": 420.869,
                                    "Actual Total Time": 420.87,
                                    "Actual Rows": 1,
                                    "Actual Loops": 1
                                },
                                {
                                    "Worker Number": 3,
                                    "Actual Startup Time": 420.896,
                                    "Actual Total Time": 420.897,
                                    "Actual Rows": 1,
                                    "Actual Loops": 1
                                },
                                {
                                    "Worker Number": 4,
                                    "Actual Startup Time": 421.281,
                                    "Actual Total Time": 421.283,
                                    "Actual Rows": 1,
                                    "Actual Loops": 1
                                },
                                {
                                    "Worker Number": 5,
                                    "Actual Startup Time": 421.433,
                                    "Actual Total Time": 421.434,
                                    "Actual Rows": 1,
                                    "Actual Loops": 1
                                }
                            ],
                            "Plans": [
                                {
                                    "Node Type": "Bitmap Heap Scan",
                                    "Parent Relationship": "Outer",
                                    "Parallel Aware": true,
                                    "Relation Name": "cast_info",
                                    "Schema": "public",
                                    "Alias": "ci",
                                    "Startup Cost": 76201.42,
                                    "Total Cost": 337581.35,
                                    "Plan Rows": 204033,
                                    "Plan Width": 0,
                                    "Actual Startup Time": 269.835,
                                    "Actual Total Time": 401.619,
                                    "Actual Rows": 363473,
                                    "Actual Loops": 7,
                                    "Recheck Cond": "(ci.person_id < 338514)",
                                    "Rows Removed by Index Recheck": 0,
                                    "Filter": "(ci.role_id < 2)",
                                    "Rows Removed by Filter": 141873,
                                    "Exact Heap Blocks": 5866,
                                    "Lossy Heap Blocks": 0,
                                    "Workers": [
                                        {
                                            "Worker Number": 0,
                                            "Actual Startup Time": 267.15,
                                            "Actual Total Time": 399.52,
                                            "Actual Rows": 258717,
                                            "Actual Loops": 1
                                        },
                                        {
                                            "Worker Number": 1,
                                            "Actual Startup Time": 268.559,
                                            "Actual Total Time": 400.173,
                                            "Actual Rows": 384538,
                                            "Actual Loops": 1
                                        },
                                        {
                                            "Worker Number": 2,
                                            "Actual Startup Time": 268.31,
                                            "Actual Total Time": 400.214,
                                            "Actual Rows": 384577,
                                            "Actual Loops": 1
                                        },
                                        {
                                            "Worker Number": 3,
                                            "Actual Startup Time": 268.077,
                                            "Actual Total Time": 400.183,
                                            "Actual Rows": 381490,
                                            "Actual Loops": 1
                                        },
                                        {
                                            "Worker Number": 4,
                                            "Actual Startup Time": 268.642,
                                            "Actual Total Time": 400.636,
                                            "Actual Rows": 384587,
                                            "Actual Loops": 1
                                        },
                                        {
                                            "Worker Number": 5,
                                            "Actual Startup Time": 268.711,
                                            "Actual Total Time": 401.508,
                                            "Actual Rows": 364206,
                                            "Actual Loops": 1
                                        }
                                    ],
                                    "Plans": [
                                        {
                                            "Node Type": "Bitmap Index Scan",
                                            "Parent Relationship": "Outer",
                                            "Parallel Aware": false,
                                            "Index Name": "person_id_cast_info",
                                            "Startup Cost": 0.0,
                                            "Total Cost": 75895.37,
                                            "Plan Rows": 3477174,
                                            "Plan Width": 0,
                                            "Actual Startup Time": 270.001,
                                            "Actual Total Time": 270.001,
                                            "Actual Rows": 3537422,
                                            "Actual Loops": 1,
                                            "Index Cond": "(ci.person_id < 338514)"
                                        }
                                    ]
                                }
                            ]
                        }
                    ]
                }
            ]
        },
        "Planning Time": 270.499,
        "Triggers": [],
        "Execution Time": 445.02
    }
]