[
  {
    "Plan": {
      "Node Type": "Aggregate",
      "Strategy": "Plain",
      "Partial Mode": "Finalize",
      "Parallel Aware": false,
      "Startup Cost": 121538.66,
      "Total Cost": 121538.67,
      "Plan Rows": 1,
      "Plan Width": 8,
      "Actual Startup Time": 753.475,
      "Actual Total Time": 777.628,
      "Actual Rows": 1,
      "Actual Loops": 1,
      "Plans": [
        {
          "Node Type": "Gather",
          "Parent Relationship": "Outer",
          "Parallel Aware": false,
          "Startup Cost": 121538.24,
          "Total Cost": 121538.65,
          "Plan Rows": 4,
          "Plan Width": 8,
          "Actual Startup Time": 736.075,
          "Actual Total Time": 777.619,
          "Actual Rows": 5,
          "Actual Loops": 1,
          "Workers Planned": 4,
          "Workers Launched": 4,
          "Single Copy": false,
          "Plans": [
            {
              "Node Type": "Aggregate",
              "Strategy": "Plain",
              "Partial Mode": "Partial",
              "Parent Relationship": "Outer",
              "Parallel Aware": false,
              "Startup Cost": 120538.24,
              "Total Cost": 120538.25,
              "Plan Rows": 1,
              "Plan Width": 8,
              "Actual Startup Time": 726.146,
              "Actual Total Time": 726.418,
              "Actual Rows": 1,
              "Actual Loops": 5,
              "Plans": [
                {
                  "Node Type": "Hash Join",
                  "Parent Relationship": "Outer",
                  "Parallel Aware": true,
                  "Join Type": "Inner",
                  "Startup Cost": 70173.85,
                  "Total Cost": 120267.58,
                  "Plan Rows": 108267,
                  "Plan Width": 0,
                  "Actual Startup Time": 526.031,
                  "Actual Total Time": 720.474,
                  "Actual Rows": 92464,
                  "Actual Loops": 5,
                  "Inner Unique": false,
                  "Hash Cond": "(ci.movie_id = t.id)",
                  "Plans": [
                    {
                      "Node Type": "Index Scan",
                      "Parent Relationship": "Outer",
                      "Parallel Aware": true,
                      "Scan Direction": "Forward",
                      "Index Name": "role_id_cast_info",
                      "Relation Name": "cast_info",
                      "Alias": "ci",
                      "Startup Cost": 0.56,
                      "Total Cost": 47993.72,
                      "Plan Rows": 439854,
                      "Plan Width": 4,
                      "Actual Startup Time": 0.397,
                      "Actual Total Time": 93.854,
                      "Actual Rows": 340709,
                      "Actual Loops": 5,
                      "Index Cond": "(role_id = 8)",
                      "Rows Removed by Index Recheck": 0
                    },
                    {
                      "Node Type": "Hash",
                      "Parent Relationship": "Inner",
                      "Parallel Aware": true,
                      "Startup Cost": 66931.86,
                      "Total Cost": 66931.86,
                      "Plan Rows": 259314,
                      "Plan Width": 8,
                      "Actual Startup Time": 521.512,
                      "Actual Total Time": 521.782,
                      "Actual Rows": 99919,
                      "Actual Loops": 5,
                      "Hash Buckets": 1048576,
                      "Original Hash Buckets": 1048576,
                      "Hash Batches": 1,
                      "Original Hash Batches": 1,
                      "Peak Memory Usage": 27808,
                      "Plans": [
                        {
                          "Node Type": "Hash Join",
                          "Parent Relationship": "Outer",
                          "Parallel Aware": true,
                          "Join Type": "Inner",
                          "Startup Cost": 50797.87,
                          "Total Cost": 66931.86,
                          "Plan Rows": 259314,
                          "Plan Width": 8,
                          "Actual Startup Time": 366.193,
                          "Actual Total Time": 478.44,
                          "Actual Rows": 99919,
                          "Actual Loops": 5,
                          "Inner Unique": true,
                          "Hash Cond": "(mi_idx.movie_id = t.id)",
                          "Plans": [
                            {
                              "Node Type": "Seq Scan",
                              "Parent Relationship": "Outer",
                              "Parallel Aware": true,
                              "Relation Name": "movie_info_idx",
                              "Alias": "mi_idx",
                              "Startup Cost": 0.0,
                              "Total Cost": 15122.68,
                              "Plan Rows": 385260,
                              "Plan Width": 4,
                              "Actual Startup Time": 0.022,
                              "Actual Total Time": 42.918,
                              "Actual Rows": 184022,
                              "Actual Loops": 5,
                              "Filter": "(info_type_id > 99)",
                              "Rows Removed by Filter": 91985
                            },
                            {
                              "Node Type": "Hash",
                              "Parent Relationship": "Inner",
                              "Parallel Aware": true,
                              "Startup Cost": 45479.59,
                              "Total Cost": 45479.59,
                              "Plan Rows": 425463,
                              "Plan Width": 4,
                              "Actual Startup Time": 362.461,
                              "Actual Total Time": 362.463,
                              "Actual Rows": 359418,
                              "Actual Loops": 5,
                              "Hash Buckets": 2097152,
                              "Original Hash Buckets": 2097152,
                              "Hash Batches": 1,
                              "Original Hash Batches": 1,
                              "Peak Memory Usage": 86784,
                              "Plans": [
                                {
                                  "Node Type": "Seq Scan",
                                  "Parent Relationship": "Outer",
                                  "Parallel Aware": true,
                                  "Relation Name": "title",
                                  "Alias": "t",
                                  "Startup Cost": 0.0,
                                  "Total Cost": 45479.59,
                                  "Plan Rows": 425463,
                                  "Plan Width": 4,
                                  "Actual Startup Time": 0.062,
                                  "Actual Total Time": 164.237,
                                  "Actual Rows": 359418,
                                  "Actual Loops": 5,
                                  "Filter": "((kind_id > 1) AND (production_year > 1949))",
                                  "Rows Removed by Filter": 146245
                                }
                              ]
                            }
                          ]
                        }
                      ]
                    }
                  ]
                }
              ]
            }
          ]
        }
      ]
    },
    "Planning Time": 0.849,
    "Triggers": [],
    "Execution Time": 777.697
  }
]