[
  {
    "Plan": {
      "Node Type": "Aggregate",
      "Strategy": "Plain",
      "Partial Mode": "Finalize",
      "Parallel Aware": false,
      "Startup Cost": 47141.52,
      "Total Cost": 47141.53,
      "Plan Rows": 1,
      "Plan Width": 8,
      "Actual Startup Time": 165.847,
      "Actual Total Time": 175.371,
      "Actual Rows": 1,
      "Actual Loops": 1,
      "Plans": [
        {
          "Node Type": "Gather",
          "Parent Relationship": "Outer",
          "Parallel Aware": false,
          "Startup Cost": 47141.2,
          "Total Cost": 47141.51,
          "Plan Rows": 3,
          "Plan Width": 8,
          "Actual Startup Time": 165.718,
          "Actual Total Time": 175.363,
          "Actual Rows": 4,
          "Actual Loops": 1,
          "Workers Planned": 3,
          "Workers Launched": 3,
          "Single Copy": false,
          "Plans": [
            {
              "Node Type": "Aggregate",
              "Strategy": "Plain",
              "Partial Mode": "Partial",
              "Parent Relationship": "Outer",
              "Parallel Aware": false,
              "Startup Cost": 46141.2,
              "Total Cost": 46141.21,
              "Plan Rows": 1,
              "Plan Width": 8,
              "Actual Startup Time": 160.32,
              "Actual Total Time": 160.321,
              "Actual Rows": 1,
              "Actual Loops": 4,
              "Plans": [
                {
                  "Node Type": "Seq Scan",
                  "Parent Relationship": "Outer",
                  "Parallel Aware": true,
                  "Relation Name": "movie_keyword",
                  "Alias": "mk",
                  "Startup Cost": 0.0,
                  "Total Cost": 42695.65,
                  "Plan Rows": 1378219,
                  "Plan Width": 0,
                  "Actual Startup Time": 0.03,
                  "Actual Total Time": 117.558,
                  "Actual Rows": 1067020,
                  "Actual Loops": 4,
                  "Filter": "(keyword_id < 59978)",
                  "Rows Removed by Filter": 63962
                }
              ]
            }
          ]
        }
      ]
    },
    "Planning Time": 0.138,
    "Triggers": [],
    "Execution Time": 175.413
  }
]