{
  "Plan": {
    "Node Type": "Aggregate",
    "Strategy": "Plain",
    "Partial Mode": "Simple",
    "Parallel Aware": false,
    "Startup Cost": 17293.17,
    "Total Cost": 17293.18,
    "Plan Rows": 1,
    "Plan Width": 8,
    "Actual Startup Time": 2600.89,
    "Actual Total Time": 2600.893,
    "Actual Rows": 1,
    "Actual Loops": 1,
    "Plans": [
      {
        "Node Type": "Nested Loop",
        "Parent Relationship": "Outer",
        "Parallel Aware": false,
        "Join Type": "Inner",
        "Startup Cost": 11.67,
        "Total Cost": 17293.17,
        "Plan Rows": 2,
        "Plan Width": 0,
        "Actual Startup Time": 3.11,
        "Actual Total Time": 2598.823,
        "Actual Rows": 12177,
        "Actual Loops": 1,
        "Inner Unique": false,
        "Plans": [
          {
            "Node Type": "Seq Scan",
            "Parent Relationship": "Outer",
            "Parallel Aware": false,
            "Relation Name": "info_type",
            "Alias": "it",
            "Startup Cost": 0.0,
            "Total Cost": 2.41,
            "Plan Rows": 1,
            "Plan Width": 4,
            "Actual Startup Time": 0.024,
            "Actual Total Time": 0.032,
            "Actual Rows": 1,
            "Actual Loops": 1,
            "Filter": "(id = 3)",
            "Rows Removed by Filter": 112
          },
          {
            "Node Type": "Nested Loop",
            "Parent Relationship": "Inner",
            "Parallel Aware": false,
            "Join Type": "Inner",
            "Startup Cost": 11.67,
            "Total Cost": 17290.74,
            "Plan Rows": 2,
            "Plan Width": 4,
            "Actual Startup Time": 3.082,
            "Actual Total Time": 2596.863,
            "Actual Rows": 12177,
            "Actual Loops": 1,
            "Inner Unique": false,
            "Plans": [
              {
                "Node Type": "Nested Loop",
                "Parent Relationship": "Outer",
                "Parallel Aware": false,
                "Join Type": "Inner",
                "Startup Cost": 11.23,
                "Total Cost": 16598.19,
                "Plan Rows": 438,
                "Plan Width": 8,
                "Actual Startup Time": 2.379,
                "Actual Total Time": 360.739,
                "Actual Rows": 26831,
                "Actual Loops": 1,
                "Inner Unique": true,
                "Plans": [
                  {
                    "Node Type": "Nested Loop",
                    "Parent Relationship": "Outer",
                    "Parallel Aware": false,
                    "Join Type": "Inner",
                    "Startup Cost": 10.8,
                    "Total Cost": 16384.76,
                    "Plan Rows": 438,
                    "Plan Width": 4,
                    "Actual Startup Time": 2.348,
                    "Actual Total Time": 196.418,
                    "Actual Rows": 26831,
                    "Actual Loops": 1,
                    "Inner Unique": false,
                    "Plans": [
                      {
                        "Node Type": "Seq Scan",
                        "Parent Relationship": "Outer",
                        "Parallel Aware": false,
                        "Relation Name": "keyword",
                        "Alias": "k",
                        "Startup Cost": 0.0,
                        "Total Cost": 2626.12,
                        "Plan Rows": 13,
                        "Plan Width": 4,
                        "Actual Startup Time": 1.719,
                        "Actual Total Time": 35.794,
                        "Actual Rows": 387,
                        "Actual Loops": 1,
                        "Filter": "(keyword ~~* '%fight%'::text)",
                        "Rows Removed by Filter": 133783
                      },
                      {
                        "Node Type": "Bitmap Heap Scan",
                        "Parent Relationship": "Inner",
                        "Parallel Aware": false,
                        "Relation Name": "movie_keyword",
                        "Alias": "mk",
                        "Startup Cost": 10.8,
                        "Total Cost": 1055.3,
                        "Plan Rows": 306,
                        "Plan Width": 8,
                        "Actual Startup Time": 0.244,
                        "Actual Total Time": 0.402,
                        "Actual Rows": 69,
                        "Actual Loops": 387,
                        "Recheck Cond": "(keyword_id = k.id)",
                        "Rows Removed by Index Recheck": 0,
                        "Exact Heap Blocks": 23517,
                        "Lossy Heap Blocks": 0,
                        "Plans": [
                          {
                            "Node Type": "Bitmap Index Scan",
                            "Parent Relationship": "Outer",
                            "Parallel Aware": false,
                            "Index Name": "keyword_id_movie_keyword",
                            "Startup Cost": 0.0,
                            "Total Cost": 10.73,
                            "Plan Rows": 306,
                            "Plan Width": 0,
                            "Actual Startup Time": 0.232,
                            "Actual Total Time": 0.232,
                            "Actual Rows": 69,
                            "Actual Loops": 387,
                            "Index Cond": "(keyword_id = k.id)"
                          }
                        ]
                      }
                    ]
                  },
                  {
                    "Node Type": "Index Only Scan",
                    "Parent Relationship": "Inner",
                    "Parallel Aware": false,
                    "Scan Direction": "Forward",
                    "Index Name": "title_pkey",
                    "Relation Name": "title",
                    "Alias": "t",
                    "Startup Cost": 0.43,
                    "Total Cost": 0.49,
                    "Plan Rows": 1,
                    "Plan Width": 4,
                    "Actual Startup Time": 0.006,
                    "Actual Total Time": 0.006,
                    "Actual Rows": 1,
                    "Actual Loops": 26831,
                    "Index Cond": "(id = mk.movie_id)",
                    "Rows Removed by Index Recheck": 0,
                    "Heap Fetches": 26831
                  }
                ]
              },
              {
                "Node Type": "Index Scan",
                "Parent Relationship": "Inner",
                "Parallel Aware": false,
                "Scan Direction": "Forward",
                "Index Name": "movie_id_movie_info",
                "Relation Name": "movie_info",
                "Alias": "mi",
                "Startup Cost": 0.43,
                "Total Cost": 1.57,
                "Plan Rows": 1,
                "Plan Width": 8,
                "Actual Startup Time": 0.082,
                "Actual Total Time": 0.083,
                "Actual Rows": 0,
                "Actual Loops": 26831,
                "Index Cond": "(movie_id = mk.movie_id)",
                "Rows Removed by Index Recheck": 0,
                "Filter": "((info ~~* '%action%'::text) AND (info_type_id = 3))",
                "Rows Removed by Filter": 62
              }
            ]
          }
        ]
      }
    ]
  },
  "Planning Time": 1.684,
  "Triggers": [],
  "Execution Time": 2600.989
}