{
  "Plan": {
    "Node Type": "Aggregate",
    "Strategy": "Plain",
    "Partial Mode": "Finalize",
    "Parallel Aware": false,
    "Startup Cost": 24985.16,
    "Total Cost": 24985.17,
    "Plan Rows": 1,
    "Plan Width": 8,
    "Actual Startup Time": 24.456,
    "Actual Total Time": 27.731,
    "Actual Rows": 1,
    "Actual Loops": 1,
    "Plans": [
      {
        "Node Type": "Gather",
        "Parent Relationship": "Outer",
        "Parallel Aware": false,
        "Startup Cost": 24985.05,
        "Total Cost": 24985.16,
        "Plan Rows": 1,
        "Plan Width": 8,
        "Actual Startup Time": 24.305,
        "Actual Total Time": 27.724,
        "Actual Rows": 2,
        "Actual Loops": 1,
        "Workers Planned": 1,
        "Workers Launched": 1,
        "Single Copy": false,
        "Plans": [
          {
            "Node Type": "Aggregate",
            "Strategy": "Plain",
            "Partial Mode": "Partial",
            "Parent Relationship": "Outer",
            "Parallel Aware": false,
            "Startup Cost": 23985.05,
            "Total Cost": 23985.06,
            "Plan Rows": 1,
            "Plan Width": 8,
            "Actual Startup Time": 18.199,
            "Actual Total Time": 18.201,
            "Actual Rows": 1,
            "Actual Loops": 2,
            "Plans": [
              {
                "Node Type": "Nested Loop",
                "Parent Relationship": "Outer",
                "Parallel Aware": false,
                "Join Type": "Inner",
                "Startup Cost": 75.15,
                "Total Cost": 23980.06,
                "Plan Rows": 1995,
                "Plan Width": 0,
                "Actual Startup Time": 1.541,
                "Actual Total Time": 17.904,
                "Actual Rows": 1526,
                "Actual Loops": 2,
                "Inner Unique": true,
                "Plans": [
                  {
                    "Node Type": "Bitmap Heap Scan",
                    "Parent Relationship": "Outer",
                    "Parallel Aware": true,
                    "Relation Name": "movie_companies",
                    "Alias": "mc",
                    "Startup Cost": 74.72,
                    "Total Cost": 8748.24,
                    "Plan Rows": 1995,
                    "Plan Width": 4,
                    "Actual Startup Time": 1.385,
                    "Actual Total Time": 3.917,
                    "Actual Rows": 1526,
                    "Actual Loops": 2,
                    "Recheck Cond": "(company_id = 531)",
                    "Rows Removed by Index Recheck": 0,
                    "Exact Heap Blocks": 682,
                    "Lossy Heap Blocks": 0,
                    "Plans": [
                      {
                        "Node Type": "Bitmap Index Scan",
                        "Parent Relationship": "Outer",
                        "Parallel Aware": false,
                        "Index Name": "company_id_movie_companies",
                        "Startup Cost": 0.0,
                        "Total Cost": 73.87,
                        "Plan Rows": 3392,
                        "Plan Width": 0,
                        "Actual Startup Time": 2.243,
                        "Actual Total Time": 2.243,
                        "Actual Rows": 3053,
                        "Actual Loops": 1,
                        "Index Cond": "(company_id = 531)"
                      }
                    ]
                  },
                  {
                    "Node Type": "Index Only Scan",
                    "Parent Relationship": "Inner",
                    "Parallel Aware": false,
                    "Scan Direction": "Forward",
                    "Index Name": "title_pkey",
                    "Relation Name": "title",
                    "Alias": "t",
                    "Startup Cost": 0.43,
                    "Total Cost": 7.63,
                    "Plan Rows": 1,
                    "Plan Width": 4,
                    "Actual Startup Time": 0.008,
                    "Actual Total Time": 0.008,
                    "Actual Rows": 1,
                    "Actual Loops": 3053,
                    "Index Cond": "(id = mc.movie_id)",
                    "Rows Removed by Index Recheck": 0,
                    "Heap Fetches": 3053
                  }
                ]
              }
            ]
          }
        ]
      }
    ]
  },
  "Planning Time": 0.625,
  "Triggers": [],
  "Execution Time": 27.818
}