[
  {
    "Plan": {
      "Node Type": "Aggregate",
      "Strategy": "Plain",
      "Partial Mode": "Finalize",
      "Parallel Aware": false,
      "Startup Cost": 30888.76,
      "Total Cost": 30888.77,
      "Plan Rows": 1,
      "Plan Width": 8,
      "Actual Startup Time": 89.067,
      "Actual Total Time": 96.041,
      "Actual Rows": 1,
      "Actual Loops": 1,
      "Plans": [
        {
          "Node Type": "Gather",
          "Parent Relationship": "Outer",
          "Parallel Aware": false,
          "Startup Cost": 30888.44,
          "Total Cost": 30888.75,
          "Plan Rows": 3,
          "Plan Width": 8,
          "Actual Startup Time": 88.904,
          "Actual Total Time": 96.031,
          "Actual Rows": 4,
          "Actual Loops": 1,
          "Workers Planned": 3,
          "Workers Launched": 3,
          "Single Copy": false,
          "Plans": [
            {
              "Node Type": "Aggregate",
              "Strategy": "Plain",
              "Partial Mode": "Partial",
              "Parent Relationship": "Outer",
              "Parallel Aware": false,
              "Startup Cost": 29888.44,
              "Total Cost": 29888.45,
              "Plan Rows": 1,
              "Plan Width": 8,
              "Actual Startup Time": 83.242,
              "Actual Total Time": 83.243,
              "Actual Rows": 1,
              "Actual Loops": 4,
              "Plans": [
                {
                  "Node Type": "Seq Scan",
                  "Parent Relationship": "Outer",
                  "Parallel Aware": true,
                  "Relation Name": "movie_companies",
                  "Alias": "mc",
                  "Startup Cost": 0.0,
                  "Total Cost": 29310.68,
                  "Plan Rows": 231104,
                  "Plan Width": 0,
                  "Actual Startup Time": 25.907,
                  "Actual Total Time": 74.957,
                  "Actual Rows": 176816,
                  "Actual Loops": 4,
                  "Filter": "(company_id > 44157)",
                  "Rows Removed by Filter": 475466
                }
              ]
            }
          ]
        }
      ]
    },
    "Planning Time": 0.202,
    "Triggers": [],
    "Execution Time": 96.102
  }
]