[
  {
    "Plan": {
      "Node Type": "Aggregate",
      "Strategy": "Plain",
      "Partial Mode": "Finalize",
      "Parallel Aware": false,
      "Startup Cost": 33372.68,
      "Total Cost": 33372.69,
      "Plan Rows": 1,
      "Plan Width": 8,
      "Actual Startup Time": 81.098,
      "Actual Total Time": 87.226,
      "Actual Rows": 1,
      "Actual Loops": 1,
      "Plans": [
        {
          "Node Type": "Gather",
          "Parent Relationship": "Outer",
          "Parallel Aware": false,
          "Startup Cost": 33372.36,
          "Total Cost": 33372.67,
          "Plan Rows": 3,
          "Plan Width": 8,
          "Actual Startup Time": 81.031,
          "Actual Total Time": 87.221,
          "Actual Rows": 4,
          "Actual Loops": 1,
          "Workers Planned": 3,
          "Workers Launched": 3,
          "Single Copy": false,
          "Plans": [
            {
              "Node Type": "Aggregate",
              "Strategy": "Plain",
              "Partial Mode": "Partial",
              "Parent Relationship": "Outer",
              "Parallel Aware": false,
              "Startup Cost": 32372.36,
              "Total Cost": 32372.37,
              "Plan Rows": 1,
              "Plan Width": 8,
              "Actual Startup Time": 76.878,
              "Actual Total Time": 76.878,
              "Actual Rows": 1,
              "Actual Loops": 4,
              "Plans": [
                {
                  "Node Type": "Seq Scan",
                  "Parent Relationship": "Outer",
                  "Parallel Aware": true,
                  "Relation Name": "movie_companies",
                  "Alias": "mc",
                  "Startup Cost": 0.0,
                  "Total Cost": 31414.82,
                  "Plan Rows": 383017,
                  "Plan Width": 0,
                  "Actual Startup Time": 32.107,
                  "Actual Total Time": 66.135,
                  "Actual Rows": 262710,
                  "Actual Loops": 4,
                  "Filter": "((company_id < 95373) AND (company_type_id = 2))",
                  "Rows Removed by Filter": 389572
                }
              ]
            }
          ]
        }
      ]
    },
    "Planning Time": 0.085,
    "Triggers": [],
    "Execution Time": 87.251
  }
]