[
  {
    "Plan": {
      "Node Type": "Aggregate",
      "Strategy": "Plain",
      "Partial Mode": "Finalize",
      "Parallel Aware": false,
      "Startup Cost": 246825.01,
      "Total Cost": 246825.02,
      "Plan Rows": 1,
      "Plan Width": 8,
      "Actual Startup Time": 2366.184,
      "Actual Total Time": 2366.305,
      "Actual Rows": 1,
      "Actual Loops": 1,
      "Plans": [
        {
          "Node Type": "Gather",
          "Parent Relationship": "Outer",
          "Parallel Aware": false,
          "Startup Cost": 246824.59,
          "Total Cost": 246825.0,
          "Plan Rows": 4,
          "Plan Width": 8,
          "Actual Startup Time": 2366.169,
          "Actual Total Time": 2366.298,
          "Actual Rows": 5,
          "Actual Loops": 1,
          "Workers Planned": 4,
          "Workers Launched": 4,
          "Single Copy": false,
          "Plans": [
            {
              "Node Type": "Aggregate",
              "Strategy": "Plain",
              "Partial Mode": "Partial",
              "Parent Relationship": "Outer",
              "Parallel Aware": false,
              "Startup Cost": 245824.59,
              "Total Cost": 245824.6,
              "Plan Rows": 1,
              "Plan Width": 8,
              "Actual Startup Time": 2249.959,
              "Actual Total Time": 2249.962,
              "Actual Rows": 1,
              "Actual Loops": 5,
              "Plans": [
                {
                  "Node Type": "Nested Loop",
                  "Parent Relationship": "Outer",
                  "Parallel Aware": false,
                  "Join Type": "Inner",
                  "Startup Cost": 123674.12,
                  "Total Cost": 244741.58,
                  "Plan Rows": 433203,
                  "Plan Width": 0,
                  "Actual Startup Time": 316.563,
                  "Actual Total Time": 2193.303,
                  "Actual Rows": 1247002,
                  "Actual Loops": 5,
                  "Inner Unique": false,
                  "Plans": [
                    {
                      "Node Type": "Merge Join",
                      "Parent Relationship": "Outer",
                      "Parallel Aware": false,
                      "Join Type": "Inner",
                      "Startup Cost": 123673.56,
                      "Total Cost": 127108.98,
                      "Plan Rows": 30232,
                      "Plan Width": 8,
                      "Actual Startup Time": 316.465,
                      "Actual Total Time": 400.675,
                      "Actual Rows": 42028,
                      "Actual Loops": 5,
                      "Inner Unique": false,
                      "Merge Cond": "(t.id = mi_idx.movie_id)",
                      "Plans": [
                        {
                          "Node Type": "Sort",
                          "Parent Relationship": "Outer",
                          "Parallel Aware": false,
                          "Startup Cost": 58274.33,
                          "Total Cost": 58688.87,
                          "Plan Rows": 165814,
                          "Plan Width": 4,
                          "Actual Startup Time": 119.347,
                          "Actual Total Time": 147.467,
                          "Actual Rows": 132332,
                          "Actual Loops": 5,
                          "Sort Key": [
                            "t.id"
                          ],
                          "Sort Method": "quicksort",
                          "Sort Space Used": 13298,
                          "Sort Space Type": "Memory",
                          "Workers": [
                            {
                              "Worker Number": 0,
                              "Sort Method": "quicksort",
                              "Sort Space Used": 8887,
                              "Sort Space Type": "Memory"
                            },
                            {
                              "Worker Number": 1,
                              "Sort Method": "quicksort",
                              "Sort Space Used": 12349,
                              "Sort Space Type": "Memory"
                            },
                            {
                              "Worker Number": 2,
                              "Sort Method": "quicksort",
                              "Sort Space Used": 12289,
                              "Sort Space Type": "Memory"
                            },
                            {
                              "Worker Number": 3,
                              "Sort Method": "quicksort",
                              "Sort Space Used": 8826,
                              "Sort Space Type": "Memory"
                            }
                          ],
                          "Plans": [
                            {
                              "Node Type": "Seq Scan",
                              "Parent Relationship": "Outer",
                              "Parallel Aware": true,
                              "Relation Name": "title",
                              "Alias": "t",
                              "Startup Cost": 0.0,
                              "Total Cost": 43898.92,
                              "Plan Rows": 165814,
                              "Plan Width": 4,
                              "Actual Startup Time": 43.338,
                              "Actual Total Time": 87.858,
                              "Actual Rows": 132565,
                              "Actual Loops": 5,
                              "Filter": "(kind_id = 1)",
                              "Rows Removed by Filter": 373097
                            }
                          ]
                        },
                        {
                          "Node Type": "Sort",
                          "Parent Relationship": "Inner",
                          "Parallel Aware": false,
                          "Startup Cost": 65399.21,
                          "Total Cost": 66551.66,
                          "Plan Rows": 460978,
                          "Plan Width": 4,
                          "Actual Startup Time": 182.726,
                          "Actual Total Time": 208.08,
                          "Actual Rows": 460185,
                          "Actual Loops": 5,
                          "Sort Key": [
                            "mi_idx.movie_id"
                          ],
                          "Sort Method": "quicksort",
                          "Sort Space Used": 33860,
                          "Sort Space Type": "Memory",
                          "Workers": [
                            {
                              "Worker Number": 0,
                              "Sort Method": "quicksort",
                              "Sort Space Used": 33860,
                              "Sort Space Type": "Memory"
                            },
                            {
                              "Worker Number": 1,
                              "Sort Method": "quicksort",
                              "Sort Space Used": 33860,
                              "Sort Space Type": "Memory"
                            },
                            {
                              "Worker Number": 2,
                              "Sort Method": "quicksort",
                              "Sort Space Used": 33860,
                              "Sort Space Type": "Memory"
                            },
                            {
                              "Worker Number": 3,
                              "Sort Method": "quicksort",
                              "Sort Space Used": 33860,
                              "Sort Space Type": "Memory"
                            }
                          ],
                          "Plans": [
                            {
                              "Node Type": "Bitmap Heap Scan",
                              "Parent Relationship": "Outer",
                              "Parallel Aware": false,
                              "Relation Name": "movie_info_idx",
                              "Alias": "mi_idx",
                              "Startup Cost": 8337.01,
                              "Total Cost": 22034.23,
                              "Plan Rows": 460978,
                              "Plan Width": 4,
                              "Actual Startup Time": 30.8,
                              "Actual Total Time": 90.613,
                              "Actual Rows": 460185,
                              "Actual Loops": 5,
                              "Recheck Cond": "(info_type_id > 100)",
                              "Rows Removed by Index Recheck": 0,
                              "Exact Heap Blocks": 7935,
                              "Lossy Heap Blocks": 0,
                              "Plans": [
                                {
                                  "Node Type": "Bitmap Index Scan",
                                  "Parent Relationship": "Outer",
                                  "Parallel Aware": false,
                                  "Index Name": "info_type_id_movie_info_idx",
                                  "Startup Cost": 0.0,
                                  "Total Cost": 8221.76,
                                  "Plan Rows": 460978,
                                  "Plan Width": 0,
                                  "Actual Startup Time": 29.865,
                                  "Actual Total Time": 29.865,
                                  "Actual Rows": 460185,
                                  "Actual Loops": 5,
                                  "Index Cond": "(info_type_id > 100)"
                                }
                              ]
                            }
                          ]
                        }
                      ]
                    },
                    {
                      "Node Type": "Index Only Scan",
                      "Parent Relationship": "Inner",
                      "Parallel Aware": false,
                      "Scan Direction": "Forward",
                      "Index Name": "movie_id_cast_info",
                      "Relation Name": "cast_info",
                      "Alias": "ci",
                      "Startup Cost": 0.56,
                      "Total Cost": 3.52,
                      "Plan Rows": 37,
                      "Plan Width": 4,
                      "Actual Startup Time": 0.005,
                      "Actual Total Time": 0.04,
                      "Actual Rows": 30,
                      "Actual Loops": 210140,
                      "Index Cond": "(movie_id = t.id)",
                      "Rows Removed by Index Recheck": 0,
                      "Heap Fetches": 6235010
                    }
                  ]
                }
              ]
            }
          ]
        }
      ]
    },
    "Planning Time": 1.402,
    "Triggers": [],
    "Execution Time": 2370.459
  }
]