[
  {
    "Plan": {
      "Node Type": "Aggregate",
      "Strategy": "Plain",
      "Partial Mode": "Finalize",
      "Parallel Aware": false,
      "Startup Cost": 380016.05,
      "Total Cost": 380016.06,
      "Plan Rows": 1,
      "Plan Width": 8,
      "Actual Startup Time": 1808.843,
      "Actual Total Time": 1853.247,
      "Actual Rows": 1,
      "Actual Loops": 1,
      "Plans": [
        {
          "Node Type": "Gather",
          "Parent Relationship": "Outer",
          "Parallel Aware": false,
          "Startup Cost": 380015.43,
          "Total Cost": 380016.04,
          "Plan Rows": 6,
          "Plan Width": 8,
          "Actual Startup Time": 1804.272,
          "Actual Total Time": 1853.236,
          "Actual Rows": 7,
          "Actual Loops": 1,
          "Workers Planned": 6,
          "Workers Launched": 6,
          "Single Copy": false,
          "Plans": [
            {
              "Node Type": "Aggregate",
              "Strategy": "Plain",
              "Partial Mode": "Partial",
              "Parent Relationship": "Outer",
              "Parallel Aware": false,
              "Startup Cost": 379015.43,
              "Total Cost": 379015.44,
              "Plan Rows": 1,
              "Plan Width": 8,
              "Actual Startup Time": 1797.499,
              "Actual Total Time": 1797.501,
              "Actual Rows": 1,
              "Actual Loops": 7,
              "Plans": [
                {
                  "Node Type": "Hash Join",
                  "Parent Relationship": "Outer",
                  "Parallel Aware": true,
                  "Join Type": "Inner",
                  "Startup Cost": 47048.84,
                  "Total Cost": 376015.49,
                  "Plan Rows": 1199973,
                  "Plan Width": 0,
                  "Actual Startup Time": 98.585,
                  "Actual Total Time": 1742.923,
                  "Actual Rows": 1162796,
                  "Actual Loops": 7,
                  "Inner Unique": true,
                  "Hash Cond": "(ci.movie_id = t.id)",
                  "Plans": [
                    {
                      "Node Type": "Seq Scan",
                      "Parent Relationship": "Outer",
                      "Parallel Aware": true,
                      "Relation Name": "cast_info",
                      "Alias": "ci",
                      "Startup Cost": 0.0,
                      "Total Cost": 313106.51,
                      "Plan Rows": 6041951,
                      "Plan Width": 4,
                      "Actual Startup Time": 0.033,
                      "Actual Total Time": 529.203,
                      "Actual Rows": 5177763,
                      "Actual Loops": 7
                    },
                    {
                      "Node Type": "Hash",
                      "Parent Relationship": "Inner",
                      "Parallel Aware": true,
                      "Startup Cost": 45479.59,
                      "Total Cost": 45479.59,
                      "Plan Rows": 125540,
                      "Plan Width": 4,
                      "Actual Startup Time": 96.885,
                      "Actual Total Time": 96.886,
                      "Actual Rows": 74876,
                      "Actual Loops": 7,
                      "Hash Buckets": 524288,
                      "Original Hash Buckets": 524288,
                      "Hash Batches": 1,
                      "Original Hash Batches": 1,
                      "Peak Memory Usage": 24672,
                      "Plans": [
                        {
                          "Node Type": "Seq Scan",
                          "Parent Relationship": "Outer",
                          "Parallel Aware": true,
                          "Relation Name": "title",
                          "Alias": "t",
                          "Startup Cost": 0.0,
                          "Total Cost": 45479.59,
                          "Plan Rows": 125540,
                          "Plan Width": 4,
                          "Actual Startup Time": 40.301,
                          "Actual Total Time": 70.008,
                          "Actual Rows": 74876,
                          "Actual Loops": 7,
                          "Filter": "((kind_id < 2) AND (production_year < 2010))",
                          "Rows Removed by Filter": 286312
                        }
                      ]
                    }
                  ]
                }
              ]
            }
          ]
        }
      ]
    },
    "Planning Time": 0.293,
    "Triggers": [],
    "Execution Time": 1853.304
  }
]