[
  {
    "Plan": {
      "Node Type": "Aggregate",
      "Strategy": "Plain",
      "Partial Mode": "Finalize",
      "Parallel Aware": false,
      "Startup Cost": 45929.42,
      "Total Cost": 45929.43,
      "Plan Rows": 1,
      "Plan Width": 8,
      "Actual Startup Time": 179.1,
      "Actual Total Time": 188.812,
      "Actual Rows": 1,
      "Actual Loops": 1,
      "Plans": [
        {
          "Node Type": "Gather",
          "Parent Relationship": "Outer",
          "Parallel Aware": false,
          "Startup Cost": 45929.11,
          "Total Cost": 45929.42,
          "Plan Rows": 3,
          "Plan Width": 8,
          "Actual Startup Time": 179.001,
          "Actual Total Time": 188.803,
          "Actual Rows": 4,
          "Actual Loops": 1,
          "Workers Planned": 3,
          "Workers Launched": 3,
          "Single Copy": false,
          "Plans": [
            {
              "Node Type": "Aggregate",
              "Strategy": "Plain",
              "Partial Mode": "Partial",
              "Parent Relationship": "Outer",
              "Parallel Aware": false,
              "Startup Cost": 44929.11,
              "Total Cost": 44929.12,
              "Plan Rows": 1,
              "Plan Width": 8,
              "Actual Startup Time": 173.555,
              "Actual Total Time": 173.557,
              "Actual Rows": 1,
              "Actual Loops": 4,
              "Plans": [
                {
                  "Node Type": "Seq Scan",
                  "Parent Relationship": "Outer",
                  "Parallel Aware": true,
                  "Relation Name": "movie_keyword",
                  "Alias": "mk",
                  "Startup Cost": 0.0,
                  "Total Cost": 42695.65,
                  "Plan Rows": 893381,
                  "Plan Width": 0,
                  "Actual Startup Time": 0.044,
                  "Actual Total Time": 136.618,
                  "Actual Rows": 691876,
                  "Actual Loops": 4,
                  "Filter": "(keyword_id < 7899)",
                  "Rows Removed by Filter": 439106
                }
              ]
            }
          ]
        }
      ]
    },
    "Planning Time": 0.186,
    "Triggers": [],
    "Execution Time": 188.87
  }
]