[
  {
    "Plan": {
      "Node Type": "Aggregate",
      "Strategy": "Plain",
      "Partial Mode": "Finalize",
      "Parallel Aware": false,
      "Startup Cost": 40114.89,
      "Total Cost": 40114.9,
      "Plan Rows": 1,
      "Plan Width": 8,
      "Actual Startup Time": 107.155,
      "Actual Total Time": 116.199,
      "Actual Rows": 1,
      "Actual Loops": 1,
      "Plans": [
        {
          "Node Type": "Gather",
          "Parent Relationship": "Outer",
          "Parallel Aware": false,
          "Startup Cost": 40114.58,
          "Total Cost": 40114.89,
          "Plan Rows": 3,
          "Plan Width": 8,
          "Actual Startup Time": 106.727,
          "Actual Total Time": 116.189,
          "Actual Rows": 4,
          "Actual Loops": 1,
          "Workers Planned": 3,
          "Workers Launched": 3,
          "Single Copy": false,
          "Plans": [
            {
              "Node Type": "Aggregate",
              "Strategy": "Plain",
              "Partial Mode": "Partial",
              "Parent Relationship": "Outer",
              "Parallel Aware": false,
              "Startup Cost": 39114.58,
              "Total Cost": 39114.59,
              "Plan Rows": 1,
              "Plan Width": 8,
              "Actual Startup Time": 101.652,
              "Actual Total Time": 101.654,
              "Actual Rows": 1,
              "Actual Loops": 4,
              "Plans": [
                {
                  "Node Type": "Bitmap Heap Scan",
                  "Parent Relationship": "Outer",
                  "Parallel Aware": true,
                  "Relation Name": "movie_keyword",
                  "Alias": "mk",
                  "Startup Cost": 11937.65,
                  "Total Cost": 38660.76,
                  "Plan Rows": 181528,
                  "Plan Width": 0,
                  "Actual Startup Time": 28.645,
                  "Actual Total Time": 94.436,
                  "Actual Rows": 140398,
                  "Actual Loops": 4,
                  "Recheck Cond": "(keyword_id > 32711)",
                  "Rows Removed by Index Recheck": 0,
                  "Exact Heap Blocks": 9978,
                  "Lossy Heap Blocks": 0,
                  "Plans": [
                    {
                      "Node Type": "Bitmap Index Scan",
                      "Parent Relationship": "Outer",
                      "Parallel Aware": false,
                      "Index Name": "keyword_id_movie_keyword",
                      "Startup Cost": 0.0,
                      "Total Cost": 11796.97,
                      "Plan Rows": 562738,
                      "Plan Width": 0,
                      "Actual Startup Time": 29.961,
                      "Actual Total Time": 29.962,
                      "Actual Rows": 561592,
                      "Actual Loops": 1,
                      "Index Cond": "(keyword_id > 32711)"
                    }
                  ]
                }
              ]
            }
          ]
        }
      ]
    },
    "Planning Time": 0.077,
    "Triggers": [],
    "Execution Time": 116.239
  }
]