[
  {
    "Plan": {
      "Node Type": "Aggregate",
      "Strategy": "Plain",
      "Partial Mode": "Finalize",
      "Parallel Aware": false,
      "Startup Cost": 40383.93,
      "Total Cost": 40383.94,
      "Plan Rows": 1,
      "Plan Width": 8,
      "Actual Startup Time": 134.063,
      "Actual Total Time": 142.357,
      "Actual Rows": 1,
      "Actual Loops": 1,
      "Plans": [
        {
          "Node Type": "Gather",
          "Parent Relationship": "Outer",
          "Parallel Aware": false,
          "Startup Cost": 40383.61,
          "Total Cost": 40383.92,
          "Plan Rows": 3,
          "Plan Width": 8,
          "Actual Startup Time": 133.807,
          "Actual Total Time": 142.348,
          "Actual Rows": 4,
          "Actual Loops": 1,
          "Workers Planned": 3,
          "Workers Launched": 3,
          "Single Copy": false,
          "Plans": [
            {
              "Node Type": "Aggregate",
              "Strategy": "Plain",
              "Partial Mode": "Partial",
              "Parent Relationship": "Outer",
              "Parallel Aware": false,
              "Startup Cost": 39383.61,
              "Total Cost": 39383.62,
              "Plan Rows": 1,
              "Plan Width": 8,
              "Actual Startup Time": 124.655,
              "Actual Total Time": 124.657,
              "Actual Rows": 1,
              "Actual Loops": 4,
              "Plans": [
                {
                  "Node Type": "Bitmap Heap Scan",
                  "Parent Relationship": "Outer",
                  "Parallel Aware": true,
                  "Relation Name": "movie_keyword",
                  "Alias": "mk",
                  "Startup Cost": 12157.09,
                  "Total Cost": 38921.52,
                  "Plan Rows": 184835,
                  "Plan Width": 0,
                  "Actual Startup Time": 43.995,
                  "Actual Total Time": 116.801,
                  "Actual Rows": 140398,
                  "Actual Loops": 4,
                  "Recheck Cond": "(keyword_id > 32711)",
                  "Rows Removed by Index Recheck": 0,
                  "Exact Heap Blocks": 10057,
                  "Lossy Heap Blocks": 0,
                  "Plans": [
                    {
                      "Node Type": "Bitmap Index Scan",
                      "Parent Relationship": "Outer",
                      "Parallel Aware": false,
                      "Index Name": "keyword_id_movie_keyword",
                      "Startup Cost": 0.0,
                      "Total Cost": 12013.84,
                      "Plan Rows": 572988,
                      "Plan Width": 0,
                      "Actual Startup Time": 48.954,
                      "Actual Total Time": 48.955,
                      "Actual Rows": 561592,
                      "Actual Loops": 1,
                      "Index Cond": "(keyword_id > 32711)"
                    }
                  ]
                }
              ]
            }
          ]
        }
      ]
    },
    "Planning Time": 0.129,
    "Triggers": [],
    "Execution Time": 142.411
  }
]