{
  "Plan": {
    "Node Type": "Aggregate",
    "Strategy": "Plain",
    "Partial Mode": "Finalize",
    "Parallel Aware": false,
    "Startup Cost": 121364.01,
    "Total Cost": 121364.02,
    "Plan Rows": 1,
    "Plan Width": 8,
    "Actual Startup Time": 425.266,
    "Actual Total Time": 442.367,
    "Actual Rows": 1,
    "Actual Loops": 1,
    "Plans": [
      {
        "Node Type": "Gather",
        "Parent Relationship": "Outer",
        "Parallel Aware": false,
        "Startup Cost": 121363.9,
        "Total Cost": 121364.01,
        "Plan Rows": 1,
        "Plan Width": 8,
        "Actual Startup Time": 425.076,
        "Actual Total Time": 442.359,
        "Actual Rows": 2,
        "Actual Loops": 1,
        "Workers Planned": 1,
        "Workers Launched": 1,
        "Single Copy": false,
        "Plans": [
          {
            "Node Type": "Aggregate",
            "Strategy": "Plain",
            "Partial Mode": "Partial",
            "Parent Relationship": "Outer",
            "Parallel Aware": false,
            "Startup Cost": 120363.9,
            "Total Cost": 120363.91,
            "Plan Rows": 1,
            "Plan Width": 8,
            "Actual Startup Time": 419.577,
            "Actual Total Time": 419.58,
            "Actual Rows": 1,
            "Actual Loops": 2,
            "Plans": [
              {
                "Node Type": "Hash Join",
                "Parent Relationship": "Outer",
                "Parallel Aware": true,
                "Join Type": "Inner",
                "Startup Cost": 58516.74,
                "Total Cost": 120319.89,
                "Plan Rows": 17602,
                "Plan Width": 0,
                "Actual Startup Time": 148.373,
                "Actual Total Time": 419.06,
                "Actual Rows": 10768,
                "Actual Loops": 2,
                "Inner Unique": true,
                "Hash Cond": "(mk.movie_id = t.id)",
                "Plans": [
                  {
                    "Node Type": "Seq Scan",
                    "Parent Relationship": "Outer",
                    "Parallel Aware": true,
                    "Relation Name": "movie_keyword",
                    "Alias": "mk",
                    "Startup Cost": 0.0,
                    "Total Cost": 57718.19,
                    "Plan Rows": 1556170,
                    "Plan Width": 4,
                    "Actual Startup Time": 0.011,
                    "Actual Total Time": 183.796,
                    "Actual Rows": 1321606,
                    "Actual Loops": 2,
                    "Filter": "(keyword_id < 7282)",
                    "Rows Removed by Filter": 940359
                  },
                  {
                    "Node Type": "Hash",
                    "Parent Relationship": "Inner",
                    "Parallel Aware": true,
                    "Startup Cost": 58306.47,
                    "Total Cost": 58306.47,
                    "Plan Rows": 16822,
                    "Plan Width": 4,
                    "Actual Startup Time": 146.952,
                    "Actual Total Time": 146.953,
                    "Actual Rows": 16244,
                    "Actual Loops": 2,
                    "Hash Buckets": 32768,
                    "Original Hash Buckets": 32768,
                    "Hash Batches": 1,
                    "Original Hash Batches": 1,
                    "Peak Memory Usage": 1568,
                    "Plans": [
                      {
                        "Node Type": "Seq Scan",
                        "Parent Relationship": "Outer",
                        "Parallel Aware": true,
                        "Relation Name": "title",
                        "Alias": "t",
                        "Startup Cost": 0.0,
                        "Total Cost": 58306.47,
                        "Plan Rows": 16822,
                        "Plan Width": 4,
                        "Actual Startup Time": 0.056,
                        "Actual Total Time": 141.968,
                        "Actual Rows": 16244,
                        "Actual Loops": 2,
                        "Filter": "((kind_id > 1) AND (production_year = 1997))",
                        "Rows Removed by Filter": 1247912
                      }
                    ]
                  }
                ]
              }
            ]
          }
        ]
      }
    ]
  },
  "Planning Time": 0.518,
  "Triggers": [],
  "Execution Time": 442.44
}