[
  {
    "Plan": {
      "Node Type": "Aggregate",
      "Strategy": "Plain",
      "Partial Mode": "Finalize",
      "Parallel Aware": false,
      "Startup Cost": 85779.77,
      "Total Cost": 85779.78,
      "Plan Rows": 1,
      "Plan Width": 8,
      "Actual Startup Time": 284.633,
      "Actual Total Time": 301.144,
      "Actual Rows": 1,
      "Actual Loops": 1,
      "Plans": [
        {
          "Node Type": "Gather",
          "Parent Relationship": "Outer",
          "Parallel Aware": false,
          "Startup Cost": 85779.45,
          "Total Cost": 85779.76,
          "Plan Rows": 3,
          "Plan Width": 8,
          "Actual Startup Time": 281.829,
          "Actual Total Time": 301.136,
          "Actual Rows": 4,
          "Actual Loops": 1,
          "Workers Planned": 3,
          "Workers Launched": 3,
          "Single Copy": false,
          "Plans": [
            {
              "Node Type": "Aggregate",
              "Strategy": "Plain",
              "Partial Mode": "Partial",
              "Parent Relationship": "Outer",
              "Parallel Aware": false,
              "Startup Cost": 84779.45,
              "Total Cost": 84779.46,
              "Plan Rows": 1,
              "Plan Width": 8,
              "Actual Startup Time": 275.743,
              "Actual Total Time": 275.748,
              "Actual Rows": 1,
              "Actual Loops": 4,
              "Plans": [
                {
                  "Node Type": "Hash Join",
                  "Parent Relationship": "Outer",
                  "Parallel Aware": true,
                  "Join Type": "Inner",
                  "Startup Cost": 57412.53,
                  "Total Cost": 84711.5,
                  "Plan Rows": 27180,
                  "Plan Width": 0,
                  "Actual Startup Time": 179.444,
                  "Actual Total Time": 273.662,
                  "Actual Rows": 34915,
                  "Actual Loops": 4,
                  "Inner Unique": true,
                  "Hash Cond": "(mk.movie_id = t.id)",
                  "Plans": [
                    {
                      "Node Type": "Bitmap Heap Scan",
                      "Parent Relationship": "Outer",
                      "Parallel Aware": true,
                      "Relation Name": "movie_keyword",
                      "Alias": "mk",
                      "Startup Cost": 12371.47,
                      "Total Cost": 39176.69,
                      "Plan Rows": 188097,
                      "Plan Width": 4,
                      "Actual Startup Time": 38.56,
                      "Actual Total Time": 102.004,
                      "Actual Rows": 145689,
                      "Actual Loops": 4,
                      "Recheck Cond": "(keyword_id > 31457)",
                      "Rows Removed by Index Recheck": 0,
                      "Exact Heap Blocks": 5481,
                      "Lossy Heap Blocks": 0,
                      "Plans": [
                        {
                          "Node Type": "Bitmap Index Scan",
                          "Parent Relationship": "Outer",
                          "Parallel Aware": false,
                          "Index Name": "keyword_id_movie_keyword",
                          "Startup Cost": 0.0,
                          "Total Cost": 12225.7,
                          "Plan Rows": 583102,
                          "Plan Width": 0,
                          "Actual Startup Time": 35.089,
                          "Actual Total Time": 35.09,
                          "Actual Rows": 582755,
                          "Actual Loops": 1,
                          "Index Cond": "(keyword_id > 31457)"
                        }
                      ]
                    },
                    {
                      "Node Type": "Hash",
                      "Parent Relationship": "Inner",
                      "Parallel Aware": true,
                      "Startup Cost": 43899.32,
                      "Total Cost": 43899.32,
                      "Plan Rows": 91339,
                      "Plan Width": 4,
                      "Actual Startup Time": 137.53,
                      "Actual Total Time": 137.531,
                      "Actual Rows": 95358,
                      "Actual Loops": 4,
                      "Hash Buckets": 524288,
                      "Original Hash Buckets": 524288,
                      "Hash Batches": 1,
                      "Original Hash Batches": 1,
                      "Peak Memory Usage": 19072,
                      "Plans": [
                        {
                          "Node Type": "Seq Scan",
                          "Parent Relationship": "Outer",
                          "Parallel Aware": true,
                          "Relation Name": "title",
                          "Alias": "t",
                          "Startup Cost": 0.0,
                          "Total Cost": 43899.32,
                          "Plan Rows": 91339,
                          "Plan Width": 4,
                          "Actual Startup Time": 0.049,
                          "Actual Total Time": 98.7,
                          "Actual Rows": 95358,
                          "Actual Loops": 4,
                          "Filter": "(production_year < 1971)",
                          "Rows Removed by Filter": 536720
                        }
                      ]
                    }
                  ]
                }
              ]
            }
          ]
        }
      ]
    },
    "Planning Time": 0.571,
    "Triggers": [],
    "Execution Time": 301.385
  }
]