[
    {
        "Bao": {
            "Bao prediction": 450.081,
            "Bao recommended hint": "(no hint)"
        }
    },
    {
        "Plan": {
            "Node Type": "Aggregate",
            "Strategy": "Plain",
            "Partial Mode": "Finalize",
            "Parallel Aware": false,
            "Startup Cost": 33083.11,
            "Total Cost": 33083.12,
            "Plan Rows": 1,
            "Plan Width": 8,
            "Actual Startup Time": 116.583,
            "Actual Total Time": 124.892,
            "Actual Rows": 1,
            "Actual Loops": 1,
            "Output": [
                "count(*)"
            ],
            "Plans": [
                {
                    "Node Type": "Gather",
                    "Parent Relationship": "Outer",
                    "Parallel Aware": false,
                    "Startup Cost": 33082.79,
                    "Total Cost": 33083.1,
                    "Plan Rows": 3,
                    "Plan Width": 8,
                    "Actual Startup Time": 116.436,
                    "Actual Total Time": 124.883,
                    "Actual Rows": 4,
                    "Actual Loops": 1,
                    "Output": [
                        "(PARTIAL count(*))"
                    ],
                    "Workers Planned": 3,
                    "Workers Launched": 3,
                    "Single Copy": false,
                    "Plans": [
                        {
                            "Node Type": "Aggregate",
                            "Strategy": "Plain",
                            "Partial Mode": "Partial",
                            "Parent Relationship": "Outer",
                            "Parallel Aware": false,
                            "Startup Cost": 32082.79,
                            "Total Cost": 32082.8,
                            "Plan Rows": 1,
                            "Plan Width": 8,
                            "Actual Startup Time": 108.684,
                            "Actual Total Time": 108.685,
                            "Actual Rows": 1,
                            "Actual Loops": 4,
                            "Output": [
                                "PARTIAL count(*)"
                            ],
                            "Workers": [
                                {
                                    "Worker Number": 0,
                                    "Actual Startup Time": 105.955,
                                    "Actual Total Time": 105.956,
                                    "Actual Rows": 1,
                                    "Actual Loops": 1
                                },
                                {
                                    "Worker Number": 1,
                                    "Actual Startup Time": 106.376,
                                    "Actual Total Time": 106.378,
                                    "Actual Rows": 1,
                                    "Actual Loops": 1
                                },
                                {
                                    "Worker Number": 2,
                                    "Actual Startup Time": 106.615,
                                    "Actual Total Time": 106.617,
                                    "Actual Rows": 1,
                                    "Actual Loops": 1
                                }
                            ],
                            "Plans": [
                                {
                                    "Node Type": "Seq Scan",
                                    "Parent Relationship": "Outer",
                                    "Parallel Aware": true,
                                    "Relation Name": "movie_companies",
                                    "Schema": "public",
                                    "Alias": "mc",
                                    "Startup Cost": 0.0,
                                    "Total Cost": 31414.82,
                                    "Plan Rows": 267190,
                                    "Plan Width": 0,
                                    "Actual Startup Time": 2.729,
                                    "Actual Total Time": 97.876,
                                    "Actual Rows": 156261,
                                    "Actual Loops": 4,
                                    "Output": [
                                        "id",
                                        "movie_id",
                                        "company_id",
                                        "company_type_id",
                                        "note"
                                    ],
                                    "Filter": "((mc.company_id > 3111) AND (mc.company_type_id < 2))",
                                    "Rows Removed by Filter": 496021,
                                    "Workers": [
                                        {
                                            "Worker Number": 0,
                                            "Actual Startup Time": 0.074,
                                            "Actual Total Time": 95.719,
                                            "Actual Rows": 142909,
                                            "Actual Loops": 1
                                        },
                                        {
                                            "Worker Number": 1,
                                            "Actual Startup Time": 0.39,
                                            "Actual Total Time": 95.755,
                                            "Actual Rows": 151447,
                                            "Actual Loops": 1
                                        },
                                        {
                                            "Worker Number": 2,
                                            "Actual Startup Time": 0.66,
                                            "Actual Total Time": 96.098,
                                            "Actual Rows": 151096,
                                            "Actual Loops": 1
                                        }
                                    ]
                                }
                            ]
                        }
                    ]
                }
            ]
        },
        "Planning Time": 1292.585,
        "Triggers": [],
        "Execution Time": 124.989
    }
]