{
  "Plan": {
    "Node Type": "Aggregate",
    "Strategy": "Plain",
    "Partial Mode": "Simple",
    "Parallel Aware": false,
    "Startup Cost": 7467.81,
    "Total Cost": 7467.82,
    "Plan Rows": 1,
    "Plan Width": 64,
    "Actual Startup Time": 314.865,
    "Actual Total Time": 314.873,
    "Actual Rows": 1,
    "Actual Loops": 1,
    "Plans": [
      {
        "Node Type": "Hash Join",
        "Parent Relationship": "Outer",
        "Parallel Aware": false,
        "Join Type": "Inner",
        "Startup Cost": 14.51,
        "Total Cost": 7467.8,
        "Plan Rows": 1,
        "Plan Width": 22,
        "Actual Startup Time": 14.374,
        "Actual Total Time": 314.362,
        "Actual Rows": 3642,
        "Actual Loops": 1,
        "Inner Unique": true,
        "Hash Cond": "(mi.info_type_id = it1.id)",
        "Plans": [
          {
            "Node Type": "Nested Loop",
            "Parent Relationship": "Outer",
            "Parallel Aware": false,
            "Join Type": "Inner",
            "Startup Cost": 12.08,
            "Total Cost": 7465.37,
            "Plan Rows": 1,
            "Plan Width": 26,
            "Actual Startup Time": 14.31,
            "Actual Total Time": 313.402,
            "Actual Rows": 4398,
            "Actual Loops": 1,
            "Inner Unique": false,
            "Join Filter": "(t.id = mi.movie_id)",
            "Rows Removed by Join Filter": 0,
            "Plans": [
              {
                "Node Type": "Nested Loop",
                "Parent Relationship": "Outer",
                "Parallel Aware": false,
                "Join Type": "Inner",
                "Startup Cost": 11.65,
                "Total Cost": 7463.46,
                "Plan Rows": 1,
                "Plan Width": 34,
                "Actual Startup Time": 9.871,
                "Actual Total Time": 197.563,
                "Actual Rows": 4200,
                "Actual Loops": 1,
                "Inner Unique": false,
                "Join Filter": "(mi_idx.info_type_id = it2.id)",
                "Rows Removed by Join Filter": 8114,
                "Plans": [
                  {
                    "Node Type": "Seq Scan",
                    "Parent Relationship": "Outer",
                    "Parallel Aware": false,
                    "Relation Name": "info_type",
                    "Alias": "it2",
                    "Startup Cost": 0.0,
                    "Total Cost": 2.41,
                    "Plan Rows": 1,
                    "Plan Width": 4,
                    "Actual Startup Time": 0.032,
                    "Actual Total Time": 0.036,
                    "Actual Rows": 1,
                    "Actual Loops": 1,
                    "Filter": "((info)::text = 'rating'::text)",
                    "Rows Removed by Filter": 112
                  },
                  {
                    "Node Type": "Nested Loop",
                    "Parent Relationship": "Inner",
                    "Parallel Aware": false,
                    "Join Type": "Inner",
                    "Startup Cost": 11.65,
                    "Total Cost": 7461.03,
                    "Plan Rows": 2,
                    "Plan Width": 38,
                    "Actual Startup Time": 9.831,
                    "Actual Total Time": 196.529,
                    "Actual Rows": 12314,
                    "Actual Loops": 1,
                    "Inner Unique": false,
                    "Join Filter": "(t.id = mi_idx.movie_id)",
                    "Rows Removed by Join Filter": 0,
                    "Plans": [
                      {
                        "Node Type": "Nested Loop",
                        "Parent Relationship": "Outer",
                        "Parallel Aware": false,
                        "Join Type": "Inner",
                        "Startup Cost": 11.22,
                        "Total Cost": 7458.88,
                        "Plan Rows": 4,
                        "Plan Width": 25,
                        "Actual Startup Time": 9.547,
                        "Actual Total Time": 175.108,
                        "Actual Rows": 5494,
                        "Actual Loops": 1,
                        "Inner Unique": true,
                        "Join Filter": "(t.kind_id = kt.id)",
                        "Rows Removed by Join Filter": 370,
                        "Plans": [
                          {
                            "Node Type": "Nested Loop",
                            "Parent Relationship": "Outer",
                            "Parallel Aware": false,
                            "Join Type": "Inner",
                            "Startup Cost": 11.22,
                            "Total Cost": 7457.41,
                            "Plan Rows": 13,
                            "Plan Width": 29,
                            "Actual Startup Time": 9.517,
                            "Actual Total Time": 173.842,
                            "Actual Rows": 5519,
                            "Actual Loops": 1,
                            "Inner Unique": true,
                            "Plans": [
                              {
                                "Node Type": "Nested Loop",
                                "Parent Relationship": "Outer",
                                "Parallel Aware": false,
                                "Join Type": "Inner",
                                "Startup Cost": 10.79,
                                "Total Cost": 7391.29,
                                "Plan Rows": 135,
                                "Plan Width": 4,
                                "Actual Startup Time": 8.448,
                                "Actual Total Time": 68.125,
                                "Actual Rows": 37091,
                                "Actual Loops": 1,
                                "Inner Unique": false,
                                "Plans": [
                                  {
                                    "Node Type": "Seq Scan",
                                    "Parent Relationship": "Outer",
                                    "Parallel Aware": false,
                                    "Relation Name": "keyword",
                                    "Alias": "k",
                                    "Startup Cost": 0.0,
                                    "Total Cost": 2961.55,
                                    "Plan Rows": 4,
                                    "Plan Width": 4,
                                    "Actual Startup Time": 2.592,
                                    "Actual Total Time": 17.177,
                                    "Actual Rows": 3,
                                    "Actual Loops": 1,
                                    "Filter": "((keyword IS NOT NULL) AND (keyword = ANY ('{murder,murder-in-title,blood,violence}'::text[])))",
                                    "Rows Removed by Filter": 134167
                                  },
                                  {
                                    "Node Type": "Bitmap Heap Scan",
                                    "Parent Relationship": "Inner",
                                    "Parallel Aware": false,
                                    "Relation Name": "movie_keyword",
                                    "Alias": "mk",
                                    "Startup Cost": 10.79,
                                    "Total Cost": 1104.4,
                                    "Plan Rows": 304,
                                    "Plan Width": 8,
                                    "Actual Startup Time": 3.335,
                                    "Actual Total Time": 15.922,
                                    "Actual Rows": 12364,
                                    "Actual Loops": 3,
                                    "Recheck Cond": "(keyword_id = k.id)",
                                    "Rows Removed by Index Recheck": 0,
                                    "Exact Heap Blocks": 26312,
                                    "Lossy Heap Blocks": 0,
                                    "Plans": [
                                      {
                                        "Node Type": "Bitmap Index Scan",
                                        "Parent Relationship": "Outer",
                                        "Parallel Aware": false,
                                        "Index Name": "keyword_id_movie_keyword",
                                        "Startup Cost": 0.0,
                                        "Total Cost": 10.71,
                                        "Plan Rows": 304,
                                        "Plan Width": 0,
                                        "Actual Startup Time": 1.718,
                                        "Actual Total Time": 1.718,
                                        "Actual Rows": 12364,
                                        "Actual Loops": 3,
                                        "Index Cond": "(keyword_id = k.id)"
                                      }
                                    ]
                                  }
                                ]
                              },
                              {
                                "Node Type": "Index Scan",
                                "Parent Relationship": "Inner",
                                "Parallel Aware": false,
                                "Scan Direction": "Forward",
                                "Index Name": "title_pkey",
                                "Relation Name": "title",
                                "Alias": "t",
                                "Startup Cost": 0.43,
                                "Total Cost": 0.49,
                                "Plan Rows": 1,
                                "Plan Width": 25,
                                "Actual Startup Time": 0.003,
                                "Actual Total Time": 0.003,
                                "Actual Rows": 0,
                                "Actual Loops": 37091,
                                "Index Cond": "(id = mk.movie_id)",
                                "Rows Removed by Index Recheck": 0,
                                "Filter": "(production_year < 1960)",
                                "Rows Removed by Filter": 1
                              }
                            ]
                          },
                          {
                            "Node Type": "Materialize",
                            "Parent Relationship": "Inner",
                            "Parallel Aware": false,
                            "Startup Cost": 0.0,
                            "Total Cost": 1.1,
                            "Plan Rows": 2,
                            "Plan Width": 4,
                            "Actual Startup Time": 0.0,
                            "Actual Total Time": 0.0,
                            "Actual Rows": 1,
                            "Actual Loops": 5519,
                            "Plans": [
                              {
                                "Node Type": "Seq Scan",
                                "Parent Relationship": "Outer",
                                "Parallel Aware": false,
                                "Relation Name": "kind_type",
                                "Alias": "kt",
                                "Startup Cost": 0.0,
                                "Total Cost": 1.09,
                                "Plan Rows": 2,
                                "Plan Width": 4,
                                "Actual Startup Time": 0.017,
                                "Actual Total Time": 0.02,
                                "Actual Rows": 2,
                                "Actual Loops": 1,
                                "Filter": "((kind)::text = ANY ('{movie,episode}'::text[]))",
                                "Rows Removed by Filter": 5
                              }
                            ]
                          }
                        ]
                      },
                      {
                        "Node Type": "Index Scan",
                        "Parent Relationship": "Inner",
                        "Parallel Aware": false,
                        "Scan Direction": "Forward",
                        "Index Name": "movie_id_movie_info_idx",
                        "Relation Name": "movie_info_idx",
                        "Alias": "mi_idx",
                        "Startup Cost": 0.43,
                        "Total Cost": 0.5,
                        "Plan Rows": 3,
                        "Plan Width": 13,
                        "Actual Startup Time": 0.003,
                        "Actual Total Time": 0.003,
                        "Actual Rows": 2,
                        "Actual Loops": 5494,
                        "Index Cond": "(movie_id = mk.movie_id)",
                        "Rows Removed by Index Recheck": 0,
                        "Filter": "(info < '8.5'::text)",
                        "Rows Removed by Filter": 0
                      }
                    ]
                  }
                ]
              },
              {
                "Node Type": "Index Scan",
                "Parent Relationship": "Inner",
                "Parallel Aware": false,
                "Scan Direction": "Forward",
                "Index Name": "movie_id_movie_info",
                "Relation Name": "movie_info",
                "Alias": "mi",
                "Startup Cost": 0.43,
                "Total Cost": 1.89,
                "Plan Rows": 2,
                "Plan Width": 8,
                "Actual Startup Time": 0.024,
                "Actual Total Time": 0.027,
                "Actual Rows": 1,
                "Actual Loops": 4200,
                "Index Cond": "(movie_id = mk.movie_id)",
                "Rows Removed by Index Recheck": 0,
                "Filter": "(info = ANY ('{Sweden,Norway,Germany,Denmark,Swedish,Danish,Norwegian,German,USA,American}'::text[]))",
                "Rows Removed by Filter": 37
              }
            ]
          },
          {
            "Node Type": "Hash",
            "Parent Relationship": "Inner",
            "Parallel Aware": false,
            "Startup Cost": 2.41,
            "Total Cost": 2.41,
            "Plan Rows": 1,
            "Plan Width": 4,
            "Actual Startup Time": 0.052,
            "Actual Total Time": 0.053,
            "Actual Rows": 1,
            "Actual Loops": 1,
            "Hash Buckets": 1024,
            "Original Hash Buckets": 1024,
            "Hash Batches": 1,
            "Original Hash Batches": 1,
            "Peak Memory Usage": 9,
            "Plans": [
              {
                "Node Type": "Seq Scan",
                "Parent Relationship": "Outer",
                "Parallel Aware": false,
                "Relation Name": "info_type",
                "Alias": "it1",
                "Startup Cost": 0.0,
                "Total Cost": 2.41,
                "Plan Rows": 1,
                "Plan Width": 4,
                "Actual Startup Time": 0.026,
                "Actual Total Time": 0.046,
                "Actual Rows": 1,
                "Actual Loops": 1,
                "Filter": "((info)::text = 'countries'::text)",
                "Rows Removed by Filter": 112
              }
            ]
          }
        ]
      }
    ]
  },
  "Planning Time": 2.765,
  "Triggers": [],
  "Execution Time": 315.05
}