[
  {
    "Plan": {
      "Node Type": "Aggregate",
      "Strategy": "Plain",
      "Partial Mode": "Finalize",
      "Parallel Aware": false,
      "Startup Cost": 387345.4,
      "Total Cost": 387345.41,
      "Plan Rows": 1,
      "Plan Width": 8,
      "Actual Startup Time": 1689.807,
      "Actual Total Time": 1745.669,
      "Actual Rows": 1,
      "Actual Loops": 1,
      "Plans": [
        {
          "Node Type": "Gather",
          "Parent Relationship": "Outer",
          "Parallel Aware": false,
          "Startup Cost": 387344.78,
          "Total Cost": 387345.39,
          "Plan Rows": 6,
          "Plan Width": 8,
          "Actual Startup Time": 1673.482,
          "Actual Total Time": 1745.654,
          "Actual Rows": 7,
          "Actual Loops": 1,
          "Workers Planned": 6,
          "Workers Launched": 6,
          "Single Copy": false,
          "Plans": [
            {
              "Node Type": "Aggregate",
              "Strategy": "Plain",
              "Partial Mode": "Partial",
              "Parent Relationship": "Outer",
              "Parallel Aware": false,
              "Startup Cost": 386344.78,
              "Total Cost": 386344.79,
              "Plan Rows": 1,
              "Plan Width": 8,
              "Actual Startup Time": 1662.434,
              "Actual Total Time": 1662.439,
              "Actual Rows": 1,
              "Actual Loops": 7,
              "Plans": [
                {
                  "Node Type": "Hash Join",
                  "Parent Relationship": "Outer",
                  "Parallel Aware": true,
                  "Join Type": "Inner",
                  "Startup Cost": 50354.42,
                  "Total Cost": 382940.79,
                  "Plan Rows": 1361595,
                  "Plan Width": 0,
                  "Actual Startup Time": 248.714,
                  "Actual Total Time": 1596.895,
                  "Actual Rows": 1212534,
                  "Actual Loops": 7,
                  "Inner Unique": true,
                  "Hash Cond": "(ci.movie_id = t.id)",
                  "Plans": [
                    {
                      "Node Type": "Seq Scan",
                      "Parent Relationship": "Outer",
                      "Parallel Aware": true,
                      "Relation Name": "cast_info",
                      "Alias": "ci",
                      "Startup Cost": 0.0,
                      "Total Cost": 328211.39,
                      "Plan Rows": 1666653,
                      "Plan Width": 4,
                      "Actual Startup Time": 0.038,
                      "Actual Total Time": 644.583,
                      "Actual Rows": 1433139,
                      "Actual Loops": 7,
                      "Filter": "(person_id < 987412)",
                      "Rows Removed by Filter": 3744625
                    },
                    {
                      "Node Type": "Hash",
                      "Parent Relationship": "Inner",
                      "Parallel Aware": true,
                      "Startup Cost": 43899.32,
                      "Total Cost": 43899.32,
                      "Plan Rows": 516408,
                      "Plan Width": 4,
                      "Actual Startup Time": 245.105,
                      "Actual Total Time": 245.106,
                      "Actual Rows": 294936,
                      "Actual Loops": 7,
                      "Hash Buckets": 2097152,
                      "Original Hash Buckets": 2097152,
                      "Hash Batches": 1,
                      "Original Hash Batches": 1,
                      "Peak Memory Usage": 97280,
                      "Plans": [
                        {
                          "Node Type": "Seq Scan",
                          "Parent Relationship": "Outer",
                          "Parallel Aware": true,
                          "Relation Name": "title",
                          "Alias": "t",
                          "Startup Cost": 0.0,
                          "Total Cost": 43899.32,
                          "Plan Rows": 516408,
                          "Plan Width": 4,
                          "Actual Startup Time": 0.042,
                          "Actual Total Time": 94.534,
                          "Actual Rows": 294936,
                          "Actual Loops": 7,
                          "Filter": "(production_year < 2011)",
                          "Rows Removed by Filter": 66251
                        }
                      ]
                    }
                  ]
                }
              ]
            }
          ]
        }
      ]
    },
    "Planning Time": 0.278,
    "Triggers": [],
    "Execution Time": 1745.725
  }
]