[
  {
    "Plan": {
      "Node Type": "Aggregate",
      "Strategy": "Plain",
      "Partial Mode": "Finalize",
      "Parallel Aware": false,
      "Startup Cost": 346514.98,
      "Total Cost": 346514.99,
      "Plan Rows": 1,
      "Plan Width": 8,
      "Actual Startup Time": 675.147,
      "Actual Total Time": 705.624,
      "Actual Rows": 1,
      "Actual Loops": 1,
      "Plans": [
        {
          "Node Type": "Gather",
          "Parent Relationship": "Outer",
          "Parallel Aware": false,
          "Startup Cost": 346514.35,
          "Total Cost": 346514.96,
          "Plan Rows": 6,
          "Plan Width": 8,
          "Actual Startup Time": 675.053,
          "Actual Total Time": 705.617,
          "Actual Rows": 7,
          "Actual Loops": 1,
          "Workers Planned": 6,
          "Workers Launched": 6,
          "Single Copy": false,
          "Plans": [
            {
              "Node Type": "Aggregate",
              "Strategy": "Plain",
              "Partial Mode": "Partial",
              "Parent Relationship": "Outer",
              "Parallel Aware": false,
              "Startup Cost": 345514.35,
              "Total Cost": 345514.36,
              "Plan Rows": 1,
              "Plan Width": 8,
              "Actual Startup Time": 668.275,
              "Actual Total Time": 668.276,
              "Actual Rows": 1,
              "Actual Loops": 7,
              "Plans": [
                {
                  "Node Type": "Seq Scan",
                  "Parent Relationship": "Outer",
                  "Parallel Aware": true,
                  "Relation Name": "cast_info",
                  "Alias": "ci",
                  "Startup Cost": 0.0,
                  "Total Cost": 343318.94,
                  "Plan Rows": 878166,
                  "Plan Width": 0,
                  "Actual Startup Time": 308.418,
                  "Actual Total Time": 598.627,
                  "Actual Rows": 1483946,
                  "Actual Loops": 7,
                  "Filter": "((person_id > 2481340) AND (role_id > 2))",
                  "Rows Removed by Filter": 3693817
                }
              ]
            }
          ]
        }
      ]
    },
    "Planning Time": 0.096,
    "Triggers": [],
    "Execution Time": 705.658
  }
]