[
  {
    "Plan": {
      "Node Type": "Aggregate",
      "Strategy": "Plain",
      "Partial Mode": "Finalize",
      "Parallel Aware": false,
      "Startup Cost": 346537.9,
      "Total Cost": 346537.91,
      "Plan Rows": 1,
      "Plan Width": 8,
      "Actual Startup Time": 709.34,
      "Actual Total Time": 763.591,
      "Actual Rows": 1,
      "Actual Loops": 1,
      "Plans": [
        {
          "Node Type": "Gather",
          "Parent Relationship": "Outer",
          "Parallel Aware": false,
          "Startup Cost": 346537.27,
          "Total Cost": 346537.88,
          "Plan Rows": 6,
          "Plan Width": 8,
          "Actual Startup Time": 709.205,
          "Actual Total Time": 763.582,
          "Actual Rows": 7,
          "Actual Loops": 1,
          "Workers Planned": 6,
          "Workers Launched": 6,
          "Single Copy": false,
          "Plans": [
            {
              "Node Type": "Aggregate",
              "Strategy": "Plain",
              "Partial Mode": "Partial",
              "Parent Relationship": "Outer",
              "Parallel Aware": false,
              "Startup Cost": 345537.27,
              "Total Cost": 345537.28,
              "Plan Rows": 1,
              "Plan Width": 8,
              "Actual Startup Time": 700.752,
              "Actual Total Time": 700.753,
              "Actual Rows": 1,
              "Actual Loops": 7,
              "Plans": [
                {
                  "Node Type": "Seq Scan",
                  "Parent Relationship": "Outer",
                  "Parallel Aware": true,
                  "Relation Name": "cast_info",
                  "Alias": "ci",
                  "Startup Cost": 0.0,
                  "Total Cost": 343257.03,
                  "Plan Rows": 912098,
                  "Plan Width": 0,
                  "Actual Startup Time": 325.439,
                  "Actual Total Time": 636.769,
                  "Actual Rows": 1483946,
                  "Actual Loops": 7,
                  "Filter": "((person_id > 2481340) AND (role_id > 2))",
                  "Rows Removed by Filter": 3693817
                }
              ]
            }
          ]
        }
      ]
    },
    "Planning Time": 0.146,
    "Triggers": [],
    "Execution Time": 763.647
  }
]