[
  {
    "Plan": {
      "Node Type": "Aggregate",
      "Strategy": "Plain",
      "Partial Mode": "Finalize",
      "Parallel Aware": false,
      "Startup Cost": 46144.64,
      "Total Cost": 46144.65,
      "Plan Rows": 1,
      "Plan Width": 8,
      "Actual Startup Time": 141.208,
      "Actual Total Time": 151.222,
      "Actual Rows": 1,
      "Actual Loops": 1,
      "Plans": [
        {
          "Node Type": "Gather",
          "Parent Relationship": "Outer",
          "Parallel Aware": false,
          "Startup Cost": 46144.32,
          "Total Cost": 46144.63,
          "Plan Rows": 3,
          "Plan Width": 8,
          "Actual Startup Time": 141.045,
          "Actual Total Time": 151.215,
          "Actual Rows": 4,
          "Actual Loops": 1,
          "Workers Planned": 3,
          "Workers Launched": 3,
          "Single Copy": false,
          "Plans": [
            {
              "Node Type": "Aggregate",
              "Strategy": "Plain",
              "Partial Mode": "Partial",
              "Parent Relationship": "Outer",
              "Parallel Aware": false,
              "Startup Cost": 45144.32,
              "Total Cost": 45144.33,
              "Plan Rows": 1,
              "Plan Width": 8,
              "Actual Startup Time": 136.997,
              "Actual Total Time": 136.999,
              "Actual Rows": 1,
              "Actual Loops": 4,
              "Plans": [
                {
                  "Node Type": "Seq Scan",
                  "Parent Relationship": "Outer",
                  "Parallel Aware": true,
                  "Relation Name": "movie_keyword",
                  "Alias": "mk",
                  "Startup Cost": 0.0,
                  "Total Cost": 42695.65,
                  "Plan Rows": 979468,
                  "Plan Width": 0,
                  "Actual Startup Time": 0.13,
                  "Actual Total Time": 105.868,
                  "Actual Rows": 759491,
                  "Actual Loops": 4,
                  "Filter": "(keyword_id > 2126)",
                  "Rows Removed by Filter": 371492
                }
              ]
            }
          ]
        }
      ]
    },
    "Planning Time": 0.091,
    "Triggers": [],
    "Execution Time": 151.25
  }
]