{
  "Plan": {
    "Node Type": "Aggregate",
    "Strategy": "Plain",
    "Partial Mode": "Finalize",
    "Parallel Aware": false,
    "Startup Cost": 86893.69,
    "Total Cost": 86893.7,
    "Plan Rows": 1,
    "Plan Width": 8,
    "Actual Startup Time": 487.631,
    "Actual Total Time": 500.652,
    "Actual Rows": 1,
    "Actual Loops": 1,
    "Plans": [
      {
        "Node Type": "Gather",
        "Parent Relationship": "Outer",
        "Parallel Aware": false,
        "Startup Cost": 86893.58,
        "Total Cost": 86893.69,
        "Plan Rows": 1,
        "Plan Width": 8,
        "Actual Startup Time": 483.774,
        "Actual Total Time": 500.642,
        "Actual Rows": 2,
        "Actual Loops": 1,
        "Workers Planned": 1,
        "Workers Launched": 1,
        "Single Copy": false,
        "Plans": [
          {
            "Node Type": "Aggregate",
            "Strategy": "Plain",
            "Partial Mode": "Partial",
            "Parent Relationship": "Outer",
            "Parallel Aware": false,
            "Startup Cost": 85893.58,
            "Total Cost": 85893.59,
            "Plan Rows": 1,
            "Plan Width": 8,
            "Actual Startup Time": 478.491,
            "Actual Total Time": 479.109,
            "Actual Rows": 1,
            "Actual Loops": 2,
            "Plans": [
              {
                "Node Type": "Hash Join",
                "Parent Relationship": "Outer",
                "Parallel Aware": true,
                "Join Type": "Inner",
                "Startup Cost": 65831.47,
                "Total Cost": 85342.72,
                "Plan Rows": 220344,
                "Plan Width": 0,
                "Actual Startup Time": 334.51,
                "Actual Total Time": 473.801,
                "Actual Rows": 134742,
                "Actual Loops": 2,
                "Inner Unique": true,
                "Hash Cond": "(mi_idx.movie_id = t.id)",
                "Plans": [
                  {
                    "Node Type": "Seq Scan",
                    "Parent Relationship": "Outer",
                    "Parallel Aware": true,
                    "Relation Name": "movie_info_idx",
                    "Alias": "mi_idx",
                    "Startup Cost": 0.0,
                    "Total Cost": 18082.32,
                    "Plan Rows": 544356,
                    "Plan Width": 4,
                    "Actual Startup Time": 0.019,
                    "Actual Total Time": 57.899,
                    "Actual Rows": 460055,
                    "Actual Loops": 2,
                    "Filter": "(info_type_id > 99)",
                    "Rows Removed by Filter": 229962
                  },
                  {
                    "Node Type": "Hash",
                    "Parent Relationship": "Inner",
                    "Parallel Aware": true,
                    "Startup Cost": 58306.47,
                    "Total Cost": 58306.47,
                    "Plan Rows": 602000,
                    "Plan Width": 4,
                    "Actual Startup Time": 325.243,
                    "Actual Total Time": 325.244,
                    "Actual Rows": 553719,
                    "Actual Loops": 2,
                    "Hash Buckets": 2097152,
                    "Original Hash Buckets": 1048576,
                    "Hash Batches": 1,
                    "Original Hash Batches": 1,
                    "Peak Memory Usage": 67904,
                    "Plans": [
                      {
                        "Node Type": "Seq Scan",
                        "Parent Relationship": "Outer",
                        "Parallel Aware": true,
                        "Relation Name": "title",
                        "Alias": "t",
                        "Startup Cost": 0.0,
                        "Total Cost": 58306.47,
                        "Plan Rows": 602000,
                        "Plan Width": 4,
                        "Actual Startup Time": 0.039,
                        "Actual Total Time": 170.083,
                        "Actual Rows": 553719,
                        "Actual Loops": 2,
                        "Filter": "((kind_id > 1) AND (production_year > 2000))",
                        "Rows Removed by Filter": 710437
                      }
                    ]
                  }
                ]
              }
            ]
          }
        ]
      }
    ]
  },
  "Planning Time": 0.601,
  "Triggers": [],
  "Execution Time": 500.72
}