{
  "Plan": {
    "Node Type": "Aggregate",
    "Strategy": "Plain",
    "Partial Mode": "Finalize",
    "Parallel Aware": false,
    "Startup Cost": 129585.55,
    "Total Cost": 129585.56,
    "Plan Rows": 1,
    "Plan Width": 8,
    "Actual Startup Time": 708.358,
    "Actual Total Time": 724.998,
    "Actual Rows": 1,
    "Actual Loops": 1,
    "Plans": [
      {
        "Node Type": "Gather",
        "Parent Relationship": "Outer",
        "Parallel Aware": false,
        "Startup Cost": 129585.44,
        "Total Cost": 129585.55,
        "Plan Rows": 1,
        "Plan Width": 8,
        "Actual Startup Time": 704.429,
        "Actual Total Time": 724.989,
        "Actual Rows": 2,
        "Actual Loops": 1,
        "Workers Planned": 1,
        "Workers Launched": 1,
        "Single Copy": false,
        "Plans": [
          {
            "Node Type": "Aggregate",
            "Strategy": "Plain",
            "Partial Mode": "Partial",
            "Parent Relationship": "Outer",
            "Parallel Aware": false,
            "Startup Cost": 128585.44,
            "Total Cost": 128585.45,
            "Plan Rows": 1,
            "Plan Width": 8,
            "Actual Startup Time": 699.3,
            "Actual Total Time": 699.88,
            "Actual Rows": 1,
            "Actual Loops": 2,
            "Plans": [
              {
                "Node Type": "Hash Join",
                "Parent Relationship": "Outer",
                "Parallel Aware": true,
                "Join Type": "Inner",
                "Startup Cost": 65807.03,
                "Total Cost": 127180.78,
                "Plan Rows": 561861,
                "Plan Width": 0,
                "Actual Startup Time": 375.914,
                "Actual Total Time": 695.297,
                "Actual Rows": 115640,
                "Actual Loops": 2,
                "Inner Unique": true,
                "Hash Cond": "(mk.movie_id = t.id)",
                "Plans": [
                  {
                    "Node Type": "Seq Scan",
                    "Parent Relationship": "Outer",
                    "Parallel Aware": true,
                    "Relation Name": "movie_keyword",
                    "Alias": "mk",
                    "Startup Cost": 0.0,
                    "Total Cost": 57718.19,
                    "Plan Rows": 1392591,
                    "Plan Width": 4,
                    "Actual Startup Time": 0.013,
                    "Actual Total Time": 186.018,
                    "Actual Rows": 1183244,
                    "Actual Loops": 2,
                    "Filter": "(keyword_id < 5354)",
                    "Rows Removed by Filter": 1078721
                  },
                  {
                    "Node Type": "Hash",
                    "Parent Relationship": "Inner",
                    "Parallel Aware": true,
                    "Startup Cost": 58306.47,
                    "Total Cost": 58306.47,
                    "Plan Rows": 600045,
                    "Plan Width": 4,
                    "Actual Startup Time": 366.593,
                    "Actual Total Time": 366.595,
                    "Actual Rows": 558990,
                    "Actual Loops": 2,
                    "Hash Buckets": 2097152,
                    "Original Hash Buckets": 1048576,
                    "Hash Batches": 1,
                    "Original Hash Batches": 1,
                    "Peak Memory Usage": 68352,
                    "Plans": [
                      {
                        "Node Type": "Seq Scan",
                        "Parent Relationship": "Outer",
                        "Parallel Aware": true,
                        "Relation Name": "title",
                        "Alias": "t",
                        "Startup Cost": 0.0,
                        "Total Cost": 58306.47,
                        "Plan Rows": 600045,
                        "Plan Width": 4,
                        "Actual Startup Time": 0.03,
                        "Actual Total Time": 170.802,
                        "Actual Rows": 558990,
                        "Actual Loops": 2,
                        "Filter": "((production_year > 1993) AND (kind_id = 7))",
                        "Rows Removed by Filter": 705166
                      }
                    ]
                  }
                ]
              }
            ]
          }
        ]
      }
    ]
  },
  "Planning Time": 0.686,
  "Triggers": [],
  "Execution Time": 725.067
}