[
  {
    "Plan": {
      "Node Type": "Aggregate",
      "Strategy": "Plain",
      "Partial Mode": "Finalize",
      "Parallel Aware": false,
      "Startup Cost": 43515.66,
      "Total Cost": 43515.67,
      "Plan Rows": 1,
      "Plan Width": 8,
      "Actual Startup Time": 131.782,
      "Actual Total Time": 156.436,
      "Actual Rows": 1,
      "Actual Loops": 1,
      "Plans": [
        {
          "Node Type": "Gather",
          "Parent Relationship": "Outer",
          "Parallel Aware": false,
          "Startup Cost": 43515.44,
          "Total Cost": 43515.65,
          "Plan Rows": 2,
          "Plan Width": 8,
          "Actual Startup Time": 131.447,
          "Actual Total Time": 156.427,
          "Actual Rows": 3,
          "Actual Loops": 1,
          "Workers Planned": 2,
          "Workers Launched": 2,
          "Single Copy": false,
          "Plans": [
            {
              "Node Type": "Aggregate",
              "Strategy": "Plain",
              "Partial Mode": "Partial",
              "Parent Relationship": "Outer",
              "Parallel Aware": false,
              "Startup Cost": 42515.44,
              "Total Cost": 42515.45,
              "Plan Rows": 1,
              "Plan Width": 8,
              "Actual Startup Time": 127.93,
              "Actual Total Time": 127.932,
              "Actual Rows": 1,
              "Actual Loops": 3,
              "Plans": [
                {
                  "Node Type": "Nested Loop",
                  "Parent Relationship": "Outer",
                  "Parallel Aware": false,
                  "Join Type": "Inner",
                  "Startup Cost": 157.39,
                  "Total Cost": 42471.17,
                  "Plan Rows": 17708,
                  "Plan Width": 0,
                  "Actual Startup Time": 1.415,
                  "Actual Total Time": 122.888,
                  "Actual Rows": 83310,
                  "Actual Loops": 3,
                  "Inner Unique": false,
                  "Plans": [
                    {
                      "Node Type": "Nested Loop",
                      "Parent Relationship": "Outer",
                      "Parallel Aware": false,
                      "Join Type": "Inner",
                      "Startup Cost": 156.96,
                      "Total Cost": 36727.15,
                      "Plan Rows": 3016,
                      "Plan Width": 8,
                      "Actual Startup Time": 1.323,
                      "Actual Total Time": 27.864,
                      "Actual Rows": 2517,
                      "Actual Loops": 3,
                      "Inner Unique": true,
                      "Plans": [
                        {
                          "Node Type": "Bitmap Heap Scan",
                          "Parent Relationship": "Outer",
                          "Parallel Aware": true,
                          "Relation Name": "movie_keyword",
                          "Alias": "mk",
                          "Startup Cost": 156.53,
                          "Total Cost": 15809.74,
                          "Plan Rows": 3016,
                          "Plan Width": 4,
                          "Actual Startup Time": 1.241,
                          "Actual Total Time": 9.261,
                          "Actual Rows": 2517,
                          "Actual Loops": 3,
                          "Recheck Cond": "(keyword_id = 910)",
                          "Rows Removed by Index Recheck": 0,
                          "Exact Heap Blocks": 3453,
                          "Lossy Heap Blocks": 0,
                          "Plans": [
                            {
                              "Node Type": "Bitmap Index Scan",
                              "Parent Relationship": "Outer",
                              "Parallel Aware": false,
                              "Index Name": "keyword_id_movie_keyword",
                              "Startup Cost": 0.0,
                              "Total Cost": 154.72,
                              "Plan Rows": 7238,
                              "Plan Width": 0,
                              "Actual Startup Time": 2.331,
                              "Actual Total Time": 2.331,
                              "Actual Rows": 7552,
                              "Actual Loops": 1,
                              "Index Cond": "(keyword_id = 910)"
                            }
                          ]
                        },
                        {
                          "Node Type": "Index Only Scan",
                          "Parent Relationship": "Inner",
                          "Parallel Aware": false,
                          "Scan Direction": "Forward",
                          "Index Name": "title_pkey",
                          "Relation Name": "title",
                          "Alias": "t",
                          "Startup Cost": 0.43,
                          "Total Cost": 6.94,
                          "Plan Rows": 1,
                          "Plan Width": 4,
                          "Actual Startup Time": 0.007,
                          "Actual Total Time": 0.007,
                          "Actual Rows": 1,
                          "Actual Loops": 7552,
                          "Index Cond": "(id = mk.movie_id)",
                          "Rows Removed by Index Recheck": 0,
                          "Heap Fetches": 7552
                        }
                      ]
                    },
                    {
                      "Node Type": "Index Only Scan",
                      "Parent Relationship": "Inner",
                      "Parallel Aware": false,
                      "Scan Direction": "Forward",
                      "Index Name": "movie_id_movie_info",
                      "Relation Name": "movie_info",
                      "Alias": "mi",
                      "Startup Cost": 0.43,
                      "Total Cost": 1.49,
                      "Plan Rows": 41,
                      "Plan Width": 4,
                      "Actual Startup Time": 0.009,
                      "Actual Total Time": 0.035,
                      "Actual Rows": 33,
                      "Actual Loops": 7552,
                      "Index Cond": "(movie_id = t.id)",
                      "Rows Removed by Index Recheck": 0,
                      "Heap Fetches": 249930
                    }
                  ]
                }
              ]
            }
          ]
        }
      ]
    },
    "Planning Time": 1.106,
    "Triggers": [],
    "Execution Time": 156.499
  }
]