[
  {
    "Plan": {
      "Node Type": "Aggregate",
      "Strategy": "Plain",
      "Partial Mode": "Finalize",
      "Parallel Aware": false,
      "Startup Cost": 26707.86,
      "Total Cost": 26707.87,
      "Plan Rows": 1,
      "Plan Width": 8,
      "Actual Startup Time": 39.729,
      "Actual Total Time": 43.556,
      "Actual Rows": 1,
      "Actual Loops": 1,
      "Plans": [
        {
          "Node Type": "Gather",
          "Parent Relationship": "Outer",
          "Parallel Aware": false,
          "Startup Cost": 26707.54,
          "Total Cost": 26707.85,
          "Plan Rows": 3,
          "Plan Width": 8,
          "Actual Startup Time": 39.576,
          "Actual Total Time": 43.549,
          "Actual Rows": 4,
          "Actual Loops": 1,
          "Workers Planned": 3,
          "Workers Launched": 3,
          "Single Copy": false,
          "Plans": [
            {
              "Node Type": "Aggregate",
              "Strategy": "Plain",
              "Partial Mode": "Partial",
              "Parent Relationship": "Outer",
              "Parallel Aware": false,
              "Startup Cost": 25707.54,
              "Total Cost": 25707.55,
              "Plan Rows": 1,
              "Plan Width": 8,
              "Actual Startup Time": 35.218,
              "Actual Total Time": 35.219,
              "Actual Rows": 1,
              "Actual Loops": 4,
              "Plans": [
                {
                  "Node Type": "Bitmap Heap Scan",
                  "Parent Relationship": "Outer",
                  "Parallel Aware": true,
                  "Relation Name": "movie_companies",
                  "Alias": "mc",
                  "Startup Cost": 5654.85,
                  "Total Cost": 25497.09,
                  "Plan Rows": 84180,
                  "Plan Width": 0,
                  "Actual Startup Time": 8.522,
                  "Actual Total Time": 31.327,
                  "Actual Rows": 64071,
                  "Actual Loops": 4,
                  "Recheck Cond": "(company_id > 100071)",
                  "Rows Removed by Index Recheck": 0,
                  "Exact Heap Blocks": 2099,
                  "Lossy Heap Blocks": 0,
                  "Plans": [
                    {
                      "Node Type": "Bitmap Index Scan",
                      "Parent Relationship": "Outer",
                      "Parallel Aware": false,
                      "Index Name": "company_id_movie_companies",
                      "Startup Cost": 0.0,
                      "Total Cost": 5589.61,
                      "Plan Rows": 260957,
                      "Plan Width": 0,
                      "Actual Startup Time": 11.836,
                      "Actual Total Time": 11.837,
                      "Actual Rows": 256284,
                      "Actual Loops": 1,
                      "Index Cond": "(company_id > 100071)"
                    }
                  ]
                }
              ]
            }
          ]
        }
      ]
    },
    "Planning Time": 0.094,
    "Triggers": [],
    "Execution Time": 43.591
  }
]