[
  {
    "Plan": {
      "Node Type": "Aggregate",
      "Strategy": "Plain",
      "Partial Mode": "Finalize",
      "Parallel Aware": false,
      "Startup Cost": 262144.87,
      "Total Cost": 262144.88,
      "Plan Rows": 1,
      "Plan Width": 8,
      "Actual Startup Time": 1392.312,
      "Actual Total Time": 1437.106,
      "Actual Rows": 1,
      "Actual Loops": 1,
      "Plans": [
        {
          "Node Type": "Gather",
          "Parent Relationship": "Outer",
          "Parallel Aware": false,
          "Startup Cost": 262144.35,
          "Total Cost": 262144.86,
          "Plan Rows": 5,
          "Plan Width": 8,
          "Actual Startup Time": 1371.923,
          "Actual Total Time": 1437.093,
          "Actual Rows": 6,
          "Actual Loops": 1,
          "Workers Planned": 5,
          "Workers Launched": 5,
          "Single Copy": false,
          "Plans": [
            {
              "Node Type": "Aggregate",
              "Strategy": "Plain",
              "Partial Mode": "Partial",
              "Parent Relationship": "Outer",
              "Parallel Aware": false,
              "Startup Cost": 261144.35,
              "Total Cost": 261144.36,
              "Plan Rows": 1,
              "Plan Width": 8,
              "Actual Startup Time": 1350.624,
              "Actual Total Time": 1350.629,
              "Actual Rows": 1,
              "Actual Loops": 6,
              "Plans": [
                {
                  "Node Type": "Hash Join",
                  "Parent Relationship": "Outer",
                  "Parallel Aware": true,
                  "Join Type": "Inner",
                  "Startup Cost": 50465.62,
                  "Total Cost": 255963.26,
                  "Plan Rows": 2072436,
                  "Plan Width": 0,
                  "Actual Startup Time": 259.314,
                  "Actual Total Time": 1276.763,
                  "Actual Rows": 1579803,
                  "Actual Loops": 6,
                  "Inner Unique": true,
                  "Hash Cond": "(mi.movie_id = t.id)",
                  "Plans": [
                    {
                      "Node Type": "Seq Scan",
                      "Parent Relationship": "Outer",
                      "Parallel Aware": true,
                      "Relation Name": "movie_info",
                      "Alias": "mi",
                      "Startup Cost": 0.0,
                      "Total Cost": 198952.16,
                      "Plan Rows": 2493512,
                      "Plan Width": 4,
                      "Actual Startup Time": 0.034,
                      "Actual Total Time": 367.817,
                      "Actual Rows": 2100312,
                      "Actual Loops": 6,
                      "Filter": "(info_type_id < 17)",
                      "Rows Removed by Filter": 372308
                    },
                    {
                      "Node Type": "Hash",
                      "Parent Relationship": "Inner",
                      "Parallel Aware": true,
                      "Startup Cost": 43898.92,
                      "Total Cost": 43898.92,
                      "Plan Rows": 525336,
                      "Plan Width": 4,
                      "Actual Startup Time": 251.17,
                      "Actual Total Time": 251.17,
                      "Actual Rows": 348298,
                      "Actual Loops": 6,
                      "Hash Buckets": 4194304,
                      "Original Hash Buckets": 4194304,
                      "Hash Batches": 1,
                      "Original Hash Batches": 1,
                      "Peak Memory Usage": 114592,
                      "Plans": [
                        {
                          "Node Type": "Seq Scan",
                          "Parent Relationship": "Outer",
                          "Parallel Aware": true,
                          "Relation Name": "title",
                          "Alias": "t",
                          "Startup Cost": 0.0,
                          "Total Cost": 43898.92,
                          "Plan Rows": 525336,
                          "Plan Width": 4,
                          "Actual Startup Time": 0.04,
                          "Actual Total Time": 90.804,
                          "Actual Rows": 348298,
                          "Actual Loops": 6,
                          "Filter": "(production_year > 1969)",
                          "Rows Removed by Filter": 73087
                        }
                      ]
                    }
                  ]
                }
              ]
            }
          ]
        }
      ]
    },
    "Planning Time": 0.647,
    "Triggers": [],
    "Execution Time": 1437.181
  }
]