[
  {
    "Plan": {
      "Node Type": "Aggregate",
      "Strategy": "Plain",
      "Partial Mode": "Finalize",
      "Parallel Aware": false,
      "Startup Cost": 80559.0,
      "Total Cost": 80559.01,
      "Plan Rows": 1,
      "Plan Width": 8,
      "Actual Startup Time": 281.885,
      "Actual Total Time": 297.471,
      "Actual Rows": 1,
      "Actual Loops": 1,
      "Plans": [
        {
          "Node Type": "Gather",
          "Parent Relationship": "Outer",
          "Parallel Aware": false,
          "Startup Cost": 80558.69,
          "Total Cost": 80559.0,
          "Plan Rows": 3,
          "Plan Width": 8,
          "Actual Startup Time": 279.456,
          "Actual Total Time": 297.463,
          "Actual Rows": 4,
          "Actual Loops": 1,
          "Workers Planned": 3,
          "Workers Launched": 3,
          "Single Copy": false,
          "Plans": [
            {
              "Node Type": "Aggregate",
              "Strategy": "Plain",
              "Partial Mode": "Partial",
              "Parent Relationship": "Outer",
              "Parallel Aware": false,
              "Startup Cost": 79558.69,
              "Total Cost": 79558.7,
              "Plan Rows": 1,
              "Plan Width": 8,
              "Actual Startup Time": 270.405,
              "Actual Total Time": 270.409,
              "Actual Rows": 1,
              "Actual Loops": 4,
              "Plans": [
                {
                  "Node Type": "Hash Join",
                  "Parent Relationship": "Outer",
                  "Parallel Aware": true,
                  "Join Type": "Inner",
                  "Startup Cost": 47254.94,
                  "Total Cost": 79401.95,
                  "Plan Rows": 62694,
                  "Plan Width": 0,
                  "Actual Startup Time": 178.681,
                  "Actual Total Time": 266.269,
                  "Actual Rows": 97355,
                  "Actual Loops": 4,
                  "Inner Unique": true,
                  "Hash Cond": "(mc.movie_id = t.id)",
                  "Plans": [
                    {
                      "Node Type": "Seq Scan",
                      "Parent Relationship": "Outer",
                      "Parallel Aware": true,
                      "Relation Name": "movie_companies",
                      "Alias": "mc",
                      "Startup Cost": 0.0,
                      "Total Cost": 31414.82,
                      "Plan Rows": 278932,
                      "Plan Width": 4,
                      "Actual Startup Time": 29.575,
                      "Actual Total Time": 65.1,
                      "Actual Rows": 267816,
                      "Actual Loops": 4,
                      "Filter": "((company_id > 2929) AND (company_type_id = 2))",
                      "Rows Removed by Filter": 384466
                    },
                    {
                      "Node Type": "Hash",
                      "Parent Relationship": "Inner",
                      "Parallel Aware": true,
                      "Startup Cost": 45479.1,
                      "Total Cost": 45479.1,
                      "Plan Rows": 142067,
                      "Plan Width": 4,
                      "Actual Startup Time": 143.99,
                      "Actual Total Time": 143.991,
                      "Actual Rows": 110380,
                      "Actual Loops": 4,
                      "Hash Buckets": 1048576,
                      "Original Hash Buckets": 1048576,
                      "Hash Batches": 1,
                      "Original Hash Batches": 1,
                      "Peak Memory Usage": 25536,
                      "Plans": [
                        {
                          "Node Type": "Seq Scan",
                          "Parent Relationship": "Outer",
                          "Parallel Aware": true,
                          "Relation Name": "title",
                          "Alias": "t",
                          "Startup Cost": 0.0,
                          "Total Cost": 45479.1,
                          "Plan Rows": 142067,
                          "Plan Width": 4,
                          "Actual Startup Time": 0.05,
                          "Actual Total Time": 102.249,
                          "Actual Rows": 110380,
                          "Actual Loops": 4,
                          "Filter": "((kind_id < 4) AND (production_year > 1993))",
                          "Rows Removed by Filter": 521698
                        }
                      ]
                    }
                  ]
                }
              ]
            }
          ]
        }
      ]
    },
    "Planning Time": 0.672,
    "Triggers": [],
    "Execution Time": 297.597
  }
]