[
  {
    "Plan": {
      "Node Type": "Aggregate",
      "Strategy": "Plain",
      "Partial Mode": "Finalize",
      "Parallel Aware": false,
      "Startup Cost": 33176.04,
      "Total Cost": 33176.05,
      "Plan Rows": 1,
      "Plan Width": 8,
      "Actual Startup Time": 97.115,
      "Actual Total Time": 104.75,
      "Actual Rows": 1,
      "Actual Loops": 1,
      "Plans": [
        {
          "Node Type": "Gather",
          "Parent Relationship": "Outer",
          "Parallel Aware": false,
          "Startup Cost": 33175.72,
          "Total Cost": 33176.03,
          "Plan Rows": 3,
          "Plan Width": 8,
          "Actual Startup Time": 97.017,
          "Actual Total Time": 104.741,
          "Actual Rows": 4,
          "Actual Loops": 1,
          "Workers Planned": 3,
          "Workers Launched": 3,
          "Single Copy": false,
          "Plans": [
            {
              "Node Type": "Aggregate",
              "Strategy": "Plain",
              "Partial Mode": "Partial",
              "Parent Relationship": "Outer",
              "Parallel Aware": false,
              "Startup Cost": 32175.72,
              "Total Cost": 32175.73,
              "Plan Rows": 1,
              "Plan Width": 8,
              "Actual Startup Time": 88.303,
              "Actual Total Time": 88.304,
              "Actual Rows": 1,
              "Actual Loops": 4,
              "Plans": [
                {
                  "Node Type": "Seq Scan",
                  "Parent Relationship": "Outer",
                  "Parallel Aware": true,
                  "Relation Name": "movie_companies",
                  "Alias": "mc",
                  "Startup Cost": 0.0,
                  "Total Cost": 31414.82,
                  "Plan Rows": 304360,
                  "Plan Width": 0,
                  "Actual Startup Time": 0.761,
                  "Actual Total Time": 78.698,
                  "Actual Rows": 195810,
                  "Actual Loops": 4,
                  "Filter": "((company_id > 1236) AND (company_type_id < 2))",
                  "Rows Removed by Filter": 456473
                }
              ]
            }
          ]
        }
      ]
    },
    "Planning Time": 0.19,
    "Triggers": [],
    "Execution Time": 104.802
  }
]