{
  "Plan": {
    "Node Type": "Aggregate",
    "Strategy": "Plain",
    "Partial Mode": "Finalize",
    "Parallel Aware": false,
    "Startup Cost": 118137.46,
    "Total Cost": 118137.47,
    "Plan Rows": 1,
    "Plan Width": 8,
    "Actual Startup Time": 592.58,
    "Actual Total Time": 604.126,
    "Actual Rows": 1,
    "Actual Loops": 1,
    "Plans": [
      {
        "Node Type": "Gather",
        "Parent Relationship": "Outer",
        "Parallel Aware": false,
        "Startup Cost": 118137.35,
        "Total Cost": 118137.46,
        "Plan Rows": 1,
        "Plan Width": 8,
        "Actual Startup Time": 591.389,
        "Actual Total Time": 604.12,
        "Actual Rows": 2,
        "Actual Loops": 1,
        "Workers Planned": 1,
        "Workers Launched": 1,
        "Single Copy": false,
        "Plans": [
          {
            "Node Type": "Aggregate",
            "Strategy": "Plain",
            "Partial Mode": "Partial",
            "Parent Relationship": "Outer",
            "Parallel Aware": false,
            "Startup Cost": 117137.35,
            "Total Cost": 117137.36,
            "Plan Rows": 1,
            "Plan Width": 8,
            "Actual Startup Time": 584.418,
            "Actual Total Time": 584.422,
            "Actual Rows": 1,
            "Actual Loops": 2,
            "Plans": [
              {
                "Node Type": "Hash Join",
                "Parent Relationship": "Outer",
                "Parallel Aware": true,
                "Join Type": "Inner",
                "Startup Cost": 57694.66,
                "Total Cost": 115745.5,
                "Plan Rows": 556738,
                "Plan Width": 0,
                "Actual Startup Time": 220.529,
                "Actual Total Time": 547.48,
                "Actual Rows": 938394,
                "Actual Loops": 2,
                "Inner Unique": true,
                "Hash Cond": "(mk.movie_id = t.id)",
                "Plans": [
                  {
                    "Node Type": "Seq Scan",
                    "Parent Relationship": "Outer",
                    "Parallel Aware": true,
                    "Relation Name": "movie_keyword",
                    "Alias": "mk",
                    "Startup Cost": 0.0,
                    "Total Cost": 51065.35,
                    "Plan Rows": 2661135,
                    "Plan Width": 4,
                    "Actual Startup Time": 0.014,
                    "Actual Total Time": 150.88,
                    "Actual Rows": 2261965,
                    "Actual Loops": 2
                  },
                  {
                    "Node Type": "Hash",
                    "Parent Relationship": "Inner",
                    "Parallel Aware": true,
                    "Startup Cost": 53805.35,
                    "Total Cost": 53805.35,
                    "Plan Rows": 311145,
                    "Plan Width": 4,
                    "Actual Startup Time": 148.373,
                    "Actual Total Time": 148.374,
                    "Actual Rows": 201865,
                    "Actual Loops": 2,
                    "Hash Buckets": 1048576,
                    "Original Hash Buckets": 1048576,
                    "Hash Batches": 1,
                    "Original Hash Batches": 1,
                    "Peak Memory Usage": 24032,
                    "Plans": [
                      {
                        "Node Type": "Bitmap Heap Scan",
                        "Parent Relationship": "Outer",
                        "Parallel Aware": true,
                        "Relation Name": "title",
                        "Alias": "t",
                        "Startup Cost": 11955.09,
                        "Total Cost": 53805.35,
                        "Plan Rows": 311145,
                        "Plan Width": 4,
                        "Actual Startup Time": 30.625,
                        "Actual Total Time": 97.278,
                        "Actual Rows": 201865,
                        "Actual Loops": 2,
                        "Recheck Cond": "(kind_id = 1)",
                        "Rows Removed by Index Recheck": 0,
                        "Filter": "(production_year > 1975)",
                        "Rows Removed by Filter": 129548,
                        "Exact Heap Blocks": 7952,
                        "Lossy Heap Blocks": 0,
                        "Plans": [
                          {
                            "Node Type": "Bitmap Index Scan",
                            "Parent Relationship": "Outer",
                            "Parallel Aware": false,
                            "Index Name": "kind_id_title",
                            "Startup Cost": 0.0,
                            "Total Cost": 11822.85,
                            "Plan Rows": 663256,
                            "Plan Width": 0,
                            "Actual Startup Time": 28.741,
                            "Actual Total Time": 28.741,
                            "Actual Rows": 662825,
                            "Actual Loops": 1,
                            "Index Cond": "(kind_id = 1)"
                          }
                        ]
                      }
                    ]
                  }
                ]
              }
            ]
          }
        ]
      }
    ]
  },
  "Planning Time": 0.45,
  "Triggers": [],
  "Execution Time": 604.22
}