[
  {
    "Plan": {
      "Node Type": "Aggregate",
      "Strategy": "Plain",
      "Partial Mode": "Simple",
      "Parallel Aware": false,
      "Startup Cost": 15727.49,
      "Total Cost": 15727.5,
      "Plan Rows": 1,
      "Plan Width": 8,
      "Actual Startup Time": 8.64,
      "Actual Total Time": 8.641,
      "Actual Rows": 1,
      "Actual Loops": 1,
      "Plans": [
        {
          "Node Type": "Bitmap Heap Scan",
          "Parent Relationship": "Outer",
          "Parallel Aware": false,
          "Relation Name": "movie_companies",
          "Alias": "mc",
          "Startup Cost": 193.18,
          "Total Cost": 15705.31,
          "Plan Rows": 8871,
          "Plan Width": 0,
          "Actual Startup Time": 1.327,
          "Actual Total Time": 8.182,
          "Actual Rows": 10163,
          "Actual Loops": 1,
          "Recheck Cond": "(company_id = 846)",
          "Rows Removed by Index Recheck": 0,
          "Exact Heap Blocks": 5689,
          "Lossy Heap Blocks": 0,
          "Plans": [
            {
              "Node Type": "Bitmap Index Scan",
              "Parent Relationship": "Outer",
              "Parallel Aware": false,
              "Index Name": "company_id_movie_companies",
              "Startup Cost": 0.0,
              "Total Cost": 190.96,
              "Plan Rows": 8871,
              "Plan Width": 0,
              "Actual Startup Time": 0.695,
              "Actual Total Time": 0.695,
              "Actual Rows": 10163,
              "Actual Loops": 1,
              "Index Cond": "(company_id = 846)"
            }
          ]
        }
      ]
    },
    "Planning Time": 0.039,
    "Triggers": [],
    "Execution Time": 8.656
  }
]