[
  {
    "Plan": {
      "Node Type": "Aggregate",
      "Strategy": "Plain",
      "Partial Mode": "Finalize",
      "Parallel Aware": false,
      "Startup Cost": 46099.01,
      "Total Cost": 46099.02,
      "Plan Rows": 1,
      "Plan Width": 8,
      "Actual Startup Time": 154.927,
      "Actual Total Time": 163.198,
      "Actual Rows": 1,
      "Actual Loops": 1,
      "Plans": [
        {
          "Node Type": "Gather",
          "Parent Relationship": "Outer",
          "Parallel Aware": false,
          "Startup Cost": 46098.69,
          "Total Cost": 46099.0,
          "Plan Rows": 3,
          "Plan Width": 8,
          "Actual Startup Time": 154.802,
          "Actual Total Time": 163.188,
          "Actual Rows": 4,
          "Actual Loops": 1,
          "Workers Planned": 3,
          "Workers Launched": 3,
          "Single Copy": false,
          "Plans": [
            {
              "Node Type": "Aggregate",
              "Strategy": "Plain",
              "Partial Mode": "Partial",
              "Parent Relationship": "Outer",
              "Parallel Aware": false,
              "Startup Cost": 45098.69,
              "Total Cost": 45098.7,
              "Plan Rows": 1,
              "Plan Width": 8,
              "Actual Startup Time": 146.924,
              "Actual Total Time": 146.925,
              "Actual Rows": 1,
              "Actual Loops": 4,
              "Plans": [
                {
                  "Node Type": "Seq Scan",
                  "Parent Relationship": "Outer",
                  "Parallel Aware": true,
                  "Relation Name": "movie_keyword",
                  "Alias": "mk",
                  "Startup Cost": 0.0,
                  "Total Cost": 42695.65,
                  "Plan Rows": 961214,
                  "Plan Width": 0,
                  "Actual Startup Time": 0.207,
                  "Actual Total Time": 113.76,
                  "Actual Rows": 741942,
                  "Actual Loops": 4,
                  "Filter": "(keyword_id > 2327)",
                  "Rows Removed by Filter": 389040
                }
              ]
            }
          ]
        }
      ]
    },
    "Planning Time": 0.105,
    "Triggers": [],
    "Execution Time": 163.242
  }
]