[
  {
    "Plan": {
      "Node Type": "Aggregate",
      "Strategy": "Plain",
      "Partial Mode": "Finalize",
      "Parallel Aware": false,
      "Startup Cost": 46730.21,
      "Total Cost": 46730.22,
      "Plan Rows": 1,
      "Plan Width": 8,
      "Actual Startup Time": 95.584,
      "Actual Total Time": 106.337,
      "Actual Rows": 1,
      "Actual Loops": 1,
      "Plans": [
        {
          "Node Type": "Gather",
          "Parent Relationship": "Outer",
          "Parallel Aware": false,
          "Startup Cost": 46729.79,
          "Total Cost": 46730.2,
          "Plan Rows": 4,
          "Plan Width": 8,
          "Actual Startup Time": 95.39,
          "Actual Total Time": 106.321,
          "Actual Rows": 5,
          "Actual Loops": 1,
          "Workers Planned": 4,
          "Workers Launched": 4,
          "Single Copy": false,
          "Plans": [
            {
              "Node Type": "Aggregate",
              "Strategy": "Plain",
              "Partial Mode": "Partial",
              "Parent Relationship": "Outer",
              "Parallel Aware": false,
              "Startup Cost": 45729.79,
              "Total Cost": 45729.8,
              "Plan Rows": 1,
              "Plan Width": 8,
              "Actual Startup Time": 88.679,
              "Actual Total Time": 88.681,
              "Actual Rows": 1,
              "Actual Loops": 5,
              "Plans": [
                {
                  "Node Type": "Seq Scan",
                  "Parent Relationship": "Outer",
                  "Parallel Aware": true,
                  "Relation Name": "title",
                  "Alias": "t",
                  "Startup Cost": 0.0,
                  "Total Cost": 45479.59,
                  "Plan Rows": 100082,
                  "Plan Width": 0,
                  "Actual Startup Time": 0.052,
                  "Actual Total Time": 83.902,
                  "Actual Rows": 86844,
                  "Actual Loops": 5,
                  "Filter": "((production_year > 2008) AND (kind_id = 7))",
                  "Rows Removed by Filter": 418819
                }
              ]
            }
          ]
        }
      ]
    },
    "Planning Time": 0.085,
    "Triggers": [],
    "Execution Time": 106.364
  }
]