[
    {
        "Bao": {
            "Bao prediction": "NaN",
            "Bao recommended hint": "(no hint)"
        }
    },
    {
        "Plan": {
            "Node Type": "Aggregate",
            "Strategy": "Plain",
            "Partial Mode": "Finalize",
            "Parallel Aware": false,
            "Startup Cost": 715669.89,
            "Total Cost": 715669.9,
            "Plan Rows": 1,
            "Plan Width": 8,
            "Actual Startup Time": 14281.332,
            "Actual Total Time": 14425.197,
            "Actual Rows": 1,
            "Actual Loops": 1,
            "Output": [
                "count(*)"
            ],
            "Plans": [
                {
                    "Node Type": "Gather",
                    "Parent Relationship": "Outer",
                    "Parallel Aware": false,
                    "Startup Cost": 715669.36,
                    "Total Cost": 715669.87,
                    "Plan Rows": 5,
                    "Plan Width": 8,
                    "Actual Startup Time": 14088.983,
                    "Actual Total Time": 14425.181,
                    "Actual Rows": 6,
                    "Actual Loops": 1,
                    "Output": [
                        "(PARTIAL count(*))"
                    ],
                    "Workers Planned": 5,
                    "Workers Launched": 5,
                    "Single Copy": false,
                    "Plans": [
                        {
                            "Node Type": "Aggregate",
                            "Strategy": "Plain",
                            "Partial Mode": "Partial",
                            "Parent Relationship": "Outer",
                            "Parallel Aware": false,
                            "Startup Cost": 714669.36,
                            "Total Cost": 714669.37,
                            "Plan Rows": 1,
                            "Plan Width": 8,
                            "Actual Startup Time": 14030.227,
                            "Actual Total Time": 14030.238,
                            "Actual Rows": 1,
                            "Actual Loops": 6,
                            "Output": [
                                "PARTIAL count(*)"
                            ],
                            "Workers": [
                                {
                                    "Worker Number": 0,
                                    "Actual Startup Time": 14018.618,
                                    "Actual Total Time": 14018.624,
                                    "Actual Rows": 1,
                                    "Actual Loops": 1
                                },
                                {
                                    "Worker Number": 1,
                                    "Actual Startup Time": 14017.55,
                                    "Actual Total Time": 14017.555,
                                    "Actual Rows": 1,
                                    "Actual Loops": 1
                                },
                                {
                                    "Worker Number": 2,
                                    "Actual Startup Time": 14018.843,
                                    "Actual Total Time": 14018.847,
                                    "Actual Rows": 1,
                                    "Actual Loops": 1
                                },
                                {
                                    "Worker Number": 3,
                                    "Actual Startup Time": 14018.781,
                                    "Actual Total Time": 14018.788,
                                    "Actual Rows": 1,
                                    "Actual Loops": 1
                                },
                                {
                                    "Worker Number": 4,
                                    "Actual Startup Time": 14019.157,
                                    "Actual Total Time": 14019.16,
                                    "Actual Rows": 1,
                                    "Actual Loops": 1
                                }
                            ],
                            "Plans": [
                                {
                                    "Node Type": "Hash Join",
                                    "Parent Relationship": "Outer",
                                    "Parallel Aware": true,
                                    "Join Type": "Inner",
                                    "Startup Cost": 431495.32,
                                    "Total Cost": 670733.17,
                                    "Plan Rows": 17574477,
                                    "Plan Width": 0,
                                    "Actual Startup Time": 5660.865,
                                    "Actual Total Time": 12312.633,
                                    "Actual Rows": 41554084,
                                    "Actual Loops": 6,
                                    "Inner Unique": false,
                                    "Hash Cond": "(mi.movie_id = t.id)",
                                    "Workers": [
                                        {
                                            "Worker Number": 0,
                                            "Actual Startup Time": 5652.447,
                                            "Actual Total Time": 12363.888,
                                            "Actual Rows": 38109306,
                                            "Actual Loops": 1
                                        },
                                        {
                                            "Worker Number": 1,
                                            "Actual Startup Time": 5651.269,
                                            "Actual Total Time": 12361.399,
                                            "Actual Rows": 38182173,
                                            "Actual Loops": 1
                                        },
                                        {
                                            "Worker Number": 2,
                                            "Actual Startup Time": 5652.502,
                                            "Actual Total Time": 12187.222,
                                            "Actual Rows": 42658061,
                                            "Actual Loops": 1
                                        },
                                        {
                                            "Worker Number": 3,
                                            "Actual Startup Time": 5652.55,
                                            "Actual Total Time": 12261.106,
                                            "Actual Rows": 45264555,
                                            "Actual Loops": 1
                                        },
                                        {
                                            "Worker Number": 4,
                                            "Actual Startup Time": 5652.762,
                                            "Actual Total Time": 12242.121,
                                            "Actual Rows": 46237349,
                                            "Actual Loops": 1
                                        }
                                    ],
                                    "Plans": [
                                        {
                                            "Node Type": "Seq Scan",
                                            "Parent Relationship": "Outer",
                                            "Parallel Aware": true,
                                            "Relation Name": "movie_info",
                                            "Schema": "public",
                                            "Alias": "mi",
                                            "Startup Cost": 0.0,
                                            "Total Cost": 191503.19,
                                            "Plan Rows": 2951019,
                                            "Plan Width": 4,
                                            "Actual Startup Time": 0.053,
                                            "Actual Total Time": 278.317,
                                            "Actual Rows": 2472620,
                                            "Actual Loops": 6,
                                            "Output": [
                                                "mi.id",
                                                "mi.movie_id",
                                                "mi.info_type_id",
                                                "mi.info",
                                                "mi.note"
                                            ],
                                            "Workers": [
                                                {
                                                    "Worker Number": 0,
                                                    "Actual Startup Time": 0.07,
                                                    "Actual Total Time": 278.262,
                                                    "Actual Rows": 2252390,
                                                    "Actual Loops": 1
                                                },
                                                {
                                                    "Worker Number": 1,
                                                    "Actual Startup Time": 0.102,
                                                    "Actual Total Time": 278.249,
                                                    "Actual Rows": 2241783,
                                                    "Actual Loops": 1
                                                },
                                                {
                                                    "Worker Number": 2,
                                                    "Actual Startup Time": 0.037,
                                                    "Actual Total Time": 307.189,
                                                    "Actual Rows": 2482967,
                                                    "Actual Loops": 1
                                                },
                                                {
                                                    "Worker Number": 3,
                                                    "Actual Startup Time": 0.026,
                                                    "Actual Total Time": 300.582,
                                                    "Actual Rows": 2733259,
                                                    "Actual Loops": 1
                                                },
                                                {
                                                    "Worker Number": 4,
                                                    "Actual Startup Time": 0.032,
                                                    "Actual Total Time": 303.067,
                                                    "Actual Rows": 2824953,
                                                    "Actual Loops": 1
                                                }
                                            ]
                                        },
                                        {
                                            "Node Type": "Hash",
                                            "Parent Relationship": "Inner",
                                            "Parallel Aware": true,
                                            "Startup Cost": 400126.26,
                                            "Total Cost": 400126.26,
                                            "Plan Rows": 2509525,
                                            "Plan Width": 8,
                                            "Actual Startup Time": 5636.891,
                                            "Actual Total Time": 5636.898,
                                            "Actual Rows": 3329512,
                                            "Actual Loops": 6,
                                            "Output": [
                                                "t.id",
                                                "ci.movie_id"
                                            ],
                                            "Hash Buckets": 33554432,
                                            "Original Hash Buckets": 16777216,
                                            "Hash Batches": 1,
                                            "Original Hash Batches": 1,
                                            "Peak Memory Usage": 1174816,
                                            "Workers": [
                                                {
                                                    "Worker Number": 0,
                                                    "Actual Startup Time": 5651.323,
                                                    "Actual Total Time": 5651.328,
                                                    "Actual Rows": 3176444,
                                                    "Actual Loops": 1
                                                },
                                                {
                                                    "Worker Number": 1,
                                                    "Actual Startup Time": 5649.986,
                                                    "Actual Total Time": 5649.99,
                                                    "Actual Rows": 3153950,
                                                    "Actual Loops": 1
                                                },
                                                {
                                                    "Worker Number": 2,
                                                    "Actual Startup Time": 5651.461,
                                                    "Actual Total Time": 5651.463,
                                                    "Actual Rows": 3353060,
                                                    "Actual Loops": 1
                                                },
                                                {
                                                    "Worker Number": 3,
                                                    "Actual Startup Time": 5651.558,
                                                    "Actual Total Time": 5651.563,
                                                    "Actual Rows": 3616301,
                                                    "Actual Loops": 1
                                                },
                                                {
                                                    "Worker Number": 4,
                                                    "Actual Startup Time": 5651.773,
                                                    "Actual Total Time": 5651.776,
                                                    "Actual Rows": 3411895,
                                                    "Actual Loops": 1
                                                }
                                            ],
                                            "Plans": [
                                                {
                                                    "Node Type": "Hash Join",
                                                    "Parent Relationship": "Outer",
                                                    "Parallel Aware": true,
                                                    "Join Type": "Inner",
                                                    "Startup Cost": 50219.81,
                                                    "Total Cost": 400126.26,
                                                    "Plan Rows": 2509525,
                                                    "Plan Width": 8,
                                                    "Actual Startup Time": 690.199,
                                                    "Actual Total Time": 3428.82,
                                                    "Actual Rows": 3329512,
                                                    "Actual Loops": 6,
                                                    "Output": [
                                                        "t.id",
                                                        "ci.movie_id"
                                                    ],
                                                    "Inner Unique": true,
                                                    "Hash Cond": "(ci.movie_id = t.id)",
                                                    "Workers": [
                                                        {
                                                            "Worker Number": 0,
                                                            "Actual Startup Time": 690.233,
                                                            "Actual Total Time": 3431.016,
                                                            "Actual Rows": 3176444,
                                                            "Actual Loops": 1
                                                        },
                                                        {
                                                            "Worker Number": 1,
                                                            "Actual Startup Time": 690.126,
                                                            "Actual Total Time": 3429.818,
                                                            "Actual Rows": 3153950,
                                                            "Actual Loops": 1
                                                        },
                                                        {
                                                            "Worker Number": 2,
                                                            "Actual Startup Time": 690.143,
                                                            "Actual Total Time": 3442.715,
                                                            "Actual Rows": 3353060,
                                                            "Actual Loops": 1
                                                        },
                                                        {
                                                            "Worker Number": 3,
                                                            "Actual Startup Time": 690.144,
                                                            "Actual Total Time": 3431.116,
                                                            "Actual Rows": 3616301,
                                                            "Actual Loops": 1
                                                        },
                                                        {
                                                            "Worker Number": 4,
                                                            "Actual Startup Time": 690.129,
                                                            "Actual Total Time": 3442.258,
                                                            "Actual Rows": 3411895,
                                                            "Actual Loops": 1
                                                        }
                                                    ],
                                                    "Plans": [
                                                        {
                                                            "Node Type": "Seq Scan",
                                                            "Parent Relationship": "Outer",
                                                            "Parallel Aware": true,
                                                            "Relation Name": "cast_info",
                                                            "Schema": "public",
                                                            "Alias": "ci",
                                                            "Startup Cost": 0.0,
                                                            "Total Cost": 343318.94,
                                                            "Plan Rows": 2509525,
                                                            "Plan Width": 4,
                                                            "Actual Startup Time": 300.578,
                                                            "Actual Total Time": 1074.918,
                                                            "Actual Rows": 3329512,
                                                            "Actual Loops": 6,
                                                            "Output": [
                                                                "ci.id",
                                                                "ci.person_id",
                                                                "ci.movie_id",
                                                                "ci.person_role_id",
                                                                "ci.note",
                                                                "ci.nr_order",
                                                                "ci.role_id"
                                                            ],
                                                            "Filter": "((ci.person_id > 1284458) AND (ci.role_id > 1))",
                                                            "Rows Removed by Filter": 2711212,
                                                            "Workers": [
                                                                {
                                                                    "Worker Number": 0,
                                                                    "Actual Startup Time": 300.558,
                                                                    "Actual Total Time": 1067.095,
                                                                    "Actual Rows": 3176444,
                                                                    "Actual Loops": 1
                                                                },
                                                                {
                                                                    "Worker Number": 1,
                                                                    "Actual Startup Time": 300.537,
                                                                    "Actual Total Time": 1068.588,
                                                                    "Actual Rows": 3153950,
                                                                    "Actual Loops": 1
                                                                },
                                                                {
                                                                    "Worker Number": 2,
                                                                    "Actual Startup Time": 300.557,
                                                                    "Actual Total Time": 1118.77,
                                                                    "Actual Rows": 3353060,
                                                                    "Actual Loops": 1
                                                                },
                                                                {
                                                                    "Worker Number": 3,
                                                                    "Actual Startup Time": 300.625,
                                                                    "Actual Total Time": 1085.979,
                                                                    "Actual Rows": 3616301,
                                                                    "Actual Loops": 1
                                                                },
                                                                {
                                                                    "Worker Number": 4,
                                                                    "Actual Startup Time": 300.534,
                                                                    "Actual Total Time": 1128.353,
                                                                    "Actual Rows": 3411895,
                                                                    "Actual Loops": 1
                                                                }
                                                            ]
                                                        },
                                                        {
                                                            "Node Type": "Hash",
                                                            "Parent Relationship": "Inner",
                                                            "Parallel Aware": true,
                                                            "Startup Cost": 42318.81,
                                                            "Total Cost": 42318.81,
                                                            "Plan Rows": 632080,
                                                            "Plan Width": 4,
                                                            "Actual Startup Time": 384.007,
                                                            "Actual Total Time": 384.008,
                                                            "Actual Rows": 421385,
                                                            "Actual Loops": 6,
                                                            "Output": [
                                                                "t.id"
                                                            ],
                                                            "Hash Buckets": 4194304,
                                                            "Original Hash Buckets": 4194304,
                                                            "Hash Batches": 1,
                                                            "Original Hash Batches": 1,
                                                            "Peak Memory Usage": 131776,
                                                            "Workers": [
                                                                {
                                                                    "Worker Number": 0,
                                                                    "Actual Startup Time": 389.377,
                                                                    "Actual Total Time": 389.378,
                                                                    "Actual Rows": 407919,
                                                                    "Actual Loops": 1
                                                                },
                                                                {
                                                                    "Worker Number": 1,
                                                                    "Actual Startup Time": 389.318,
                                                                    "Actual Total Time": 389.32,
                                                                    "Actual Rows": 398114,
                                                                    "Actual Loops": 1
                                                                },
                                                                {
                                                                    "Worker Number": 2,
                                                                    "Actual Startup Time": 389.34,
                                                                    "Actual Total Time": 389.341,
                                                                    "Actual Rows": 405775,
                                                                    "Actual Loops": 1
                                                                },
                                                                {
                                                                    "Worker Number": 3,
                                                                    "Actual Startup Time": 389.388,
                                                                    "Actual Total Time": 389.391,
                                                                    "Actual Rows": 398980,
                                                                    "Actual Loops": 1
                                                                },
                                                                {
                                                                    "Worker Number": 4,
                                                                    "Actual Startup Time": 389.32,
                                                                    "Actual Total Time": 389.321,
                                                                    "Actual Rows": 413624,
                                                                    "Actual Loops": 1
                                                                }
                                                            ],
                                                            "Plans": [
                                                                {
                                                                    "Node Type": "Seq Scan",
                                                                    "Parent Relationship": "Outer",
                                                                    "Parallel Aware": true,
                                                                    "Relation Name": "title",
                                                                    "Schema": "public",
                                                                    "Alias": "t",
                                                                    "Startup Cost": 0.0,
                                                                    "Total Cost": 42318.81,
                                                                    "Plan Rows": 632080,
                                                                    "Plan Width": 4,
                                                                    "Actual Startup Time": 0.062,
                                                                    "Actual Total Time": 104.241,
                                                                    "Actual Rows": 421385,
                                                                    "Actual Loops": 6,
                                                                    "Output": [
                                                                        "t.id"
                                                                    ],
                                                                    "Workers": [
                                                                        {
                                                                            "Worker Number": 0,
                                                                            "Actual Startup Time": 0.066,
                                                                            "Actual Total Time": 108.107,
                                                                            "Actual Rows": 407919,
                                                                            "Actual Loops": 1
                                                                        },
                                                                        {
                                                                            "Worker Number": 1,
                                                                            "Actual Startup Time": 0.087,
                                                                            "Actual Total Time": 107.595,
                                                                            "Actual Rows": 398114,
                                                                            "Actual Loops": 1
                                                                        },
                                                                        {
                                                                            "Worker Number": 2,
                                                                            "Actual Startup Time": 0.07,
                                                                            "Actual Total Time": 108.088,
                                                                            "Actual Rows": 405775,
                                                                            "Actual Loops": 1
                                                                        },
                                                                        {
                                                                            "Worker Number": 3,
                                                                            "Actual Startup Time": 0.071,
                                                                            "Actual Total Time": 108.43,
                                                                            "Actual Rows": 398980,
                                                                            "Actual Loops": 1
                                                                        },
                                                                        {
                                                                            "Worker Number": 4,
                                                                            "Actual Startup Time": 0.06,
                                                                            "Actual Total Time": 108.966,
                                                                            "Actual Rows": 413624,
                                                                            "Actual Loops": 1
                                                                        }
                                                                    ]
                                                                }
                                                            ]
                                                        }
                                                    ]
                                                }
                                            ]
                                        }
                                    ]
                                }
                            ]
                        }
                    ]
                }
            ]
        },
        "Planning Time": 290.609,
        "Triggers": [],
        "Execution Time": 14425.305
    }
]