{
  "Plan": {
    "Node Type": "Aggregate",
    "Strategy": "Plain",
    "Partial Mode": "Finalize",
    "Parallel Aware": false,
    "Startup Cost": 165620.2,
    "Total Cost": 165620.21,
    "Plan Rows": 1,
    "Plan Width": 8,
    "Actual Startup Time": 827.72,
    "Actual Total Time": 844.979,
    "Actual Rows": 1,
    "Actual Loops": 1,
    "Plans": [
      {
        "Node Type": "Gather",
        "Parent Relationship": "Outer",
        "Parallel Aware": false,
        "Startup Cost": 165620.09,
        "Total Cost": 165620.2,
        "Plan Rows": 1,
        "Plan Width": 8,
        "Actual Startup Time": 826.906,
        "Actual Total Time": 844.973,
        "Actual Rows": 2,
        "Actual Loops": 1,
        "Workers Planned": 1,
        "Workers Launched": 1,
        "Single Copy": false,
        "Plans": [
          {
            "Node Type": "Aggregate",
            "Strategy": "Plain",
            "Partial Mode": "Partial",
            "Parent Relationship": "Outer",
            "Parallel Aware": false,
            "Startup Cost": 164620.09,
            "Total Cost": 164620.1,
            "Plan Rows": 1,
            "Plan Width": 8,
            "Actual Startup Time": 822.856,
            "Actual Total Time": 822.861,
            "Actual Rows": 1,
            "Actual Loops": 2,
            "Plans": [
              {
                "Node Type": "Hash Join",
                "Parent Relationship": "Outer",
                "Parallel Aware": true,
                "Join Type": "Inner",
                "Startup Cost": 119778.99,
                "Total Cost": 164480.12,
                "Plan Rows": 55987,
                "Plan Width": 0,
                "Actual Startup Time": 563.473,
                "Actual Total Time": 791.839,
                "Actual Rows": 763577,
                "Actual Loops": 2,
                "Inner Unique": false,
                "Hash Cond": "(mc.movie_id = t.id)",
                "Plans": [
                  {
                    "Node Type": "Index Scan",
                    "Parent Relationship": "Outer",
                    "Parallel Aware": true,
                    "Scan Direction": "Forward",
                    "Index Name": "company_type_id_movie_companies",
                    "Relation Name": "movie_companies",
                    "Alias": "mc",
                    "Startup Cost": 0.43,
                    "Total Cost": 41574.35,
                    "Plan Rows": 746098,
                    "Plan Width": 4,
                    "Actual Startup Time": 0.051,
                    "Actual Total Time": 118.071,
                    "Actual Rows": 637123,
                    "Actual Loops": 2,
                    "Index Cond": "(company_type_id < 2)",
                    "Rows Removed by Index Recheck": 0,
                    "Filter": "(company_id < 207587)",
                    "Rows Removed by Filter": 0
                  },
                  {
                    "Node Type": "Hash",
                    "Parent Relationship": "Inner",
                    "Parallel Aware": true,
                    "Startup Cost": 118383.53,
                    "Total Cost": 118383.53,
                    "Plan Rows": 111602,
                    "Plan Width": 8,
                    "Actual Startup Time": 541.709,
                    "Actual Total Time": 541.713,
                    "Actual Rows": 142744,
                    "Actual Loops": 2,
                    "Hash Buckets": 524288,
                    "Original Hash Buckets": 262144,
                    "Hash Batches": 1,
                    "Original Hash Batches": 1,
                    "Peak Memory Usage": 17344,
                    "Plans": [
                      {
                        "Node Type": "Hash Join",
                        "Parent Relationship": "Outer",
                        "Parallel Aware": true,
                        "Join Type": "Inner",
                        "Startup Cost": 55681.05,
                        "Total Cost": 118383.53,
                        "Plan Rows": 111602,
                        "Plan Width": 8,
                        "Actual Startup Time": 194.223,
                        "Actual Total Time": 508.933,
                        "Actual Rows": 142744,
                        "Actual Loops": 2,
                        "Inner Unique": true,
                        "Hash Cond": "(mk.movie_id = t.id)",
                        "Plans": [
                          {
                            "Node Type": "Seq Scan",
                            "Parent Relationship": "Outer",
                            "Parallel Aware": true,
                            "Relation Name": "movie_keyword",
                            "Alias": "mk",
                            "Startup Cost": 0.0,
                            "Total Cost": 57718.19,
                            "Plan Rows": 1898772,
                            "Plan Width": 4,
                            "Actual Startup Time": 0.135,
                            "Actual Total Time": 208.067,
                            "Actual Rows": 1605898,
                            "Actual Loops": 2,
                            "Filter": "(keyword_id > 1717)",
                            "Rows Removed by Filter": 656067
                          },
                          {
                            "Node Type": "Hash",
                            "Parent Relationship": "Inner",
                            "Parallel Aware": true,
                            "Startup Cost": 54588.39,
                            "Total Cost": 54588.39,
                            "Plan Rows": 87413,
                            "Plan Width": 4,
                            "Actual Startup Time": 159.999,
                            "Actual Total Time": 160.0,
                            "Actual Rows": 74840,
                            "Actual Loops": 2,
                            "Hash Buckets": 262144,
                            "Original Hash Buckets": 262144,
                            "Hash Batches": 1,
                            "Original Hash Batches": 1,
                            "Peak Memory Usage": 7936,
                            "Plans": [
                              {
                                "Node Type": "Seq Scan",
                                "Parent Relationship": "Outer",
                                "Parallel Aware": true,
                                "Relation Name": "title",
                                "Alias": "t",
                                "Startup Cost": 0.0,
                                "Total Cost": 54588.39,
                                "Plan Rows": 87413,
                                "Plan Width": 4,
                                "Actual Startup Time": 4.711,
                                "Actual Total Time": 138.526,
                                "Actual Rows": 74840,
                                "Actual Loops": 2,
                                "Filter": "(production_year < 1944)",
                                "Rows Removed by Filter": 1189316
                              }
                            ]
                          }
                        ]
                      }
                    ]
                  }
                ]
              }
            ]
          }
        ]
      }
    ]
  },
  "Planning Time": 0.579,
  "Triggers": [],
  "Execution Time": 845.039
}