[
  {
    "Plan": {
      "Node Type": "Aggregate",
      "Strategy": "Plain",
      "Partial Mode": "Finalize",
      "Parallel Aware": false,
      "Startup Cost": 127753.33,
      "Total Cost": 127753.34,
      "Plan Rows": 1,
      "Plan Width": 8,
      "Actual Startup Time": 517.646,
      "Actual Total Time": 540.974,
      "Actual Rows": 1,
      "Actual Loops": 1,
      "Plans": [
        {
          "Node Type": "Gather",
          "Parent Relationship": "Outer",
          "Parallel Aware": false,
          "Startup Cost": 127753.02,
          "Total Cost": 127753.33,
          "Plan Rows": 3,
          "Plan Width": 8,
          "Actual Startup Time": 515.105,
          "Actual Total Time": 540.965,
          "Actual Rows": 4,
          "Actual Loops": 1,
          "Workers Planned": 3,
          "Workers Launched": 3,
          "Single Copy": false,
          "Plans": [
            {
              "Node Type": "Aggregate",
              "Strategy": "Plain",
              "Partial Mode": "Partial",
              "Parent Relationship": "Outer",
              "Parallel Aware": false,
              "Startup Cost": 126753.02,
              "Total Cost": 126753.03,
              "Plan Rows": 1,
              "Plan Width": 8,
              "Actual Startup Time": 505.133,
              "Actual Total Time": 505.201,
              "Actual Rows": 1,
              "Actual Loops": 4,
              "Plans": [
                {
                  "Node Type": "Hash Join",
                  "Parent Relationship": "Outer",
                  "Parallel Aware": true,
                  "Join Type": "Inner",
                  "Startup Cost": 78891.24,
                  "Total Cost": 126546.82,
                  "Plan Rows": 82478,
                  "Plan Width": 0,
                  "Actual Startup Time": 268.929,
                  "Actual Total Time": 495.118,
                  "Actual Rows": 204549,
                  "Actual Loops": 4,
                  "Inner Unique": false,
                  "Hash Cond": "(mk.movie_id = t.id)",
                  "Plans": [
                    {
                      "Node Type": "Seq Scan",
                      "Parent Relationship": "Outer",
                      "Parallel Aware": true,
                      "Relation Name": "movie_keyword",
                      "Alias": "mk",
                      "Startup Cost": 0.0,
                      "Total Cost": 42695.65,
                      "Plan Rows": 1267663,
                      "Plan Width": 4,
                      "Actual Startup Time": 0.057,
                      "Actual Total Time": 131.551,
                      "Actual Rows": 979296,
                      "Actual Loops": 4,
                      "Filter": "(keyword_id > 459)",
                      "Rows Removed by Filter": 151686
                    },
                    {
                      "Node Type": "Hash",
                      "Parent Relationship": "Inner",
                      "Parallel Aware": true,
                      "Startup Cost": 78377.19,
                      "Total Cost": 78377.19,
                      "Plan Rows": 41124,
                      "Plan Width": 8,
                      "Actual Startup Time": 266.464,
                      "Actual Total Time": 266.53,
                      "Actual Rows": 28632,
                      "Actual Loops": 4,
                      "Hash Buckets": 262144,
                      "Original Hash Buckets": 262144,
                      "Hash Batches": 1,
                      "Original Hash Batches": 1,
                      "Peak Memory Usage": 6592,
                      "Plans": [
                        {
                          "Node Type": "Hash Join",
                          "Parent Relationship": "Outer",
                          "Parallel Aware": true,
                          "Join Type": "Inner",
                          "Startup Cost": 33106.33,
                          "Total Cost": 78377.19,
                          "Plan Rows": 41124,
                          "Plan Width": 8,
                          "Actual Startup Time": 107.771,
                          "Actual Total Time": 255.704,
                          "Actual Rows": 28632,
                          "Actual Loops": 4,
                          "Inner Unique": false,
                          "Hash Cond": "(t.id = mc.movie_id)",
                          "Plans": [
                            {
                              "Node Type": "Seq Scan",
                              "Parent Relationship": "Outer",
                              "Parallel Aware": true,
                              "Relation Name": "title",
                              "Alias": "t",
                              "Startup Cost": 0.0,
                              "Total Cost": 43898.92,
                              "Plan Rows": 247857,
                              "Plan Width": 4,
                              "Actual Startup Time": 0.013,
                              "Actual Total Time": 95.032,
                              "Actual Rows": 246262,
                              "Actual Loops": 4,
                              "Filter": "(kind_id < 7)",
                              "Rows Removed by Filter": 385816
                            },
                            {
                              "Node Type": "Hash",
                              "Parent Relationship": "Inner",
                              "Parallel Aware": true,
                              "Startup Cost": 31414.82,
                              "Total Cost": 31414.82,
                              "Plan Rows": 135321,
                              "Plan Width": 4,
                              "Actual Startup Time": 105.788,
                              "Actual Total Time": 105.789,
                              "Actual Rows": 59552,
                              "Actual Loops": 4,
                              "Hash Buckets": 524288,
                              "Original Hash Buckets": 524288,
                              "Hash Batches": 1,
                              "Original Hash Batches": 1,
                              "Peak Memory Usage": 13440,
                              "Plans": [
                                {
                                  "Node Type": "Seq Scan",
                                  "Parent Relationship": "Outer",
                                  "Parallel Aware": true,
                                  "Relation Name": "movie_companies",
                                  "Alias": "mc",
                                  "Startup Cost": 0.0,
                                  "Total Cost": 31414.82,
                                  "Plan Rows": 135321,
                                  "Plan Width": 4,
                                  "Actual Startup Time": 49.549,
                                  "Actual Total Time": 84.406,
                                  "Actual Rows": 59552,
                                  "Actual Loops": 4,
                                  "Filter": "((company_id < 1961) AND (company_type_id > 1))",
                                  "Rows Removed by Filter": 592731
                                }
                              ]
                            }
                          ]
                        }
                      ]
                    }
                  ]
                }
              ]
            }
          ]
        }
      ]
    },
    "Planning Time": 1.533,
    "Triggers": [],
    "Execution Time": 541.058
  }
]