[
    {
        "Bao": {
            "Bao prediction": "NaN",
            "Bao recommended hint": "(no hint)"
        }
    },
    {
        "Plan": {
            "Node Type": "Aggregate",
            "Strategy": "Plain",
            "Partial Mode": "Finalize",
            "Parallel Aware": false,
            "Startup Cost": 458515.73,
            "Total Cost": 458515.74,
            "Plan Rows": 1,
            "Plan Width": 8,
            "Actual Startup Time": 2098.883,
            "Actual Total Time": 2135.468,
            "Actual Rows": 1,
            "Actual Loops": 1,
            "Output": [
                "count(*)"
            ],
            "Plans": [
                {
                    "Node Type": "Gather",
                    "Parent Relationship": "Outer",
                    "Parallel Aware": false,
                    "Startup Cost": 458515.1,
                    "Total Cost": 458515.71,
                    "Plan Rows": 6,
                    "Plan Width": 8,
                    "Actual Startup Time": 2070.055,
                    "Actual Total Time": 2135.454,
                    "Actual Rows": 7,
                    "Actual Loops": 1,
                    "Output": [
                        "(PARTIAL count(*))"
                    ],
                    "Workers Planned": 6,
                    "Workers Launched": 6,
                    "Single Copy": false,
                    "Plans": [
                        {
                            "Node Type": "Aggregate",
                            "Strategy": "Plain",
                            "Partial Mode": "Partial",
                            "Parent Relationship": "Outer",
                            "Parallel Aware": false,
                            "Startup Cost": 457515.1,
                            "Total Cost": 457515.11,
                            "Plan Rows": 1,
                            "Plan Width": 8,
                            "Actual Startup Time": 2056.696,
                            "Actual Total Time": 2057.203,
                            "Actual Rows": 1,
                            "Actual Loops": 7,
                            "Output": [
                                "PARTIAL count(*)"
                            ],
                            "Workers": [
                                {
                                    "Worker Number": 0,
                                    "Actual Startup Time": 2053.854,
                                    "Actual Total Time": 2053.87,
                                    "Actual Rows": 1,
                                    "Actual Loops": 1
                                },
                                {
                                    "Worker Number": 1,
                                    "Actual Startup Time": 2054.273,
                                    "Actual Total Time": 2054.279,
                                    "Actual Rows": 1,
                                    "Actual Loops": 1
                                },
                                {
                                    "Worker Number": 2,
                                    "Actual Startup Time": 2056.483,
                                    "Actual Total Time": 2056.488,
                                    "Actual Rows": 1,
                                    "Actual Loops": 1
                                },
                                {
                                    "Worker Number": 3,
                                    "Actual Startup Time": 2054.207,
                                    "Actual Total Time": 2054.212,
                                    "Actual Rows": 1,
                                    "Actual Loops": 1
                                },
                                {
                                    "Worker Number": 4,
                                    "Actual Startup Time": 2054.204,
                                    "Actual Total Time": 2054.211,
                                    "Actual Rows": 1,
                                    "Actual Loops": 1
                                },
                                {
                                    "Worker Number": 5,
                                    "Actual Startup Time": 2054.177,
                                    "Actual Total Time": 2054.183,
                                    "Actual Rows": 1,
                                    "Actual Loops": 1
                                }
                            ],
                            "Plans": [
                                {
                                    "Node Type": "Hash Join",
                                    "Parent Relationship": "Outer",
                                    "Parallel Aware": true,
                                    "Join Type": "Inner",
                                    "Startup Cost": 103881.1,
                                    "Total Cost": 454921.91,
                                    "Plan Rows": 1037278,
                                    "Plan Width": 0,
                                    "Actual Startup Time": 551.661,
                                    "Actual Total Time": 1876.962,
                                    "Actual Rows": 3346500,
                                    "Actual Loops": 7,
                                    "Inner Unique": false,
                                    "Hash Cond": "(ci.movie_id = t.id)",
                                    "Workers": [
                                        {
                                            "Worker Number": 0,
                                            "Actual Startup Time": 549.268,
                                            "Actual Total Time": 1874.236,
                                            "Actual Rows": 2971205,
                                            "Actual Loops": 1
                                        },
                                        {
                                            "Worker Number": 1,
                                            "Actual Startup Time": 549.539,
                                            "Actual Total Time": 1885.842,
                                            "Actual Rows": 4337020,
                                            "Actual Loops": 1
                                        },
                                        {
                                            "Worker Number": 2,
                                            "Actual Startup Time": 549.374,
                                            "Actual Total Time": 1874.317,
                                            "Actual Rows": 2897564,
                                            "Actual Loops": 1
                                        },
                                        {
                                            "Worker Number": 3,
                                            "Actual Startup Time": 549.515,
                                            "Actual Total Time": 1867.912,
                                            "Actual Rows": 2965738,
                                            "Actual Loops": 1
                                        },
                                        {
                                            "Worker Number": 4,
                                            "Actual Startup Time": 549.491,
                                            "Actual Total Time": 1866.954,
                                            "Actual Rows": 2970106,
                                            "Actual Loops": 1
                                        },
                                        {
                                            "Worker Number": 5,
                                            "Actual Startup Time": 549.471,
                                            "Actual Total Time": 1872.192,
                                            "Actual Rows": 2887993,
                                            "Actual Loops": 1
                                        }
                                    ],
                                    "Plans": [
                                        {
                                            "Node Type": "Seq Scan",
                                            "Parent Relationship": "Outer",
                                            "Parallel Aware": true,
                                            "Relation Name": "cast_info",
                                            "Schema": "public",
                                            "Alias": "ci",
                                            "Startup Cost": 0.0,
                                            "Total Cost": 343318.94,
                                            "Plan Rows": 1166882,
                                            "Plan Width": 4,
                                            "Actual Startup Time": 0.032,
                                            "Actual Total Time": 683.343,
                                            "Actual Rows": 1120196,
                                            "Actual Loops": 7,
                                            "Output": [
                                                "ci.id",
                                                "ci.person_id",
                                                "ci.movie_id",
                                                "ci.person_role_id",
                                                "ci.note",
                                                "ci.nr_order",
                                                "ci.role_id"
                                            ],
                                            "Filter": "((ci.person_id < 800979) AND (ci.role_id < 10))",
                                            "Rows Removed by Filter": 4057567,
                                            "Workers": [
                                                {
                                                    "Worker Number": 0,
                                                    "Actual Startup Time": 0.032,
                                                    "Actual Total Time": 684.603,
                                                    "Actual Rows": 985804,
                                                    "Actual Loops": 1
                                                },
                                                {
                                                    "Worker Number": 1,
                                                    "Actual Startup Time": 0.03,
                                                    "Actual Total Time": 680.001,
                                                    "Actual Rows": 1464021,
                                                    "Actual Loops": 1
                                                },
                                                {
                                                    "Worker Number": 2,
                                                    "Actual Startup Time": 0.038,
                                                    "Actual Total Time": 687.298,
                                                    "Actual Rows": 963334,
                                                    "Actual Loops": 1
                                                },
                                                {
                                                    "Worker Number": 3,
                                                    "Actual Startup Time": 0.036,
                                                    "Actual Total Time": 693.792,
                                                    "Actual Rows": 984410,
                                                    "Actual Loops": 1
                                                },
                                                {
                                                    "Worker Number": 4,
                                                    "Actual Startup Time": 0.033,
                                                    "Actual Total Time": 693.828,
                                                    "Actual Rows": 982347,
                                                    "Actual Loops": 1
                                                },
                                                {
                                                    "Worker Number": 5,
                                                    "Actual Startup Time": 0.04,
                                                    "Actual Total Time": 687.57,
                                                    "Actual Rows": 957088,
                                                    "Actual Loops": 1
                                                }
                                            ]
                                        },
                                        {
                                            "Node Type": "Hash",
                                            "Parent Relationship": "Inner",
                                            "Parallel Aware": true,
                                            "Startup Cost": 94818.59,
                                            "Total Cost": 94818.59,
                                            "Plan Rows": 725001,
                                            "Plan Width": 8,
                                            "Actual Startup Time": 546.941,
                                            "Actual Total Time": 547.447,
                                            "Actual Rows": 320810,
                                            "Actual Loops": 7,
                                            "Output": [
                                                "t.id",
                                                "mk.movie_id"
                                            ],
                                            "Hash Buckets": 4194304,
                                            "Original Hash Buckets": 4194304,
                                            "Hash Batches": 1,
                                            "Original Hash Batches": 1,
                                            "Peak Memory Usage": 120736,
                                            "Workers": [
                                                {
                                                    "Worker Number": 0,
                                                    "Actual Startup Time": 548.354,
                                                    "Actual Total Time": 548.369,
                                                    "Actual Rows": 271409,
                                                    "Actual Loops": 1
                                                },
                                                {
                                                    "Worker Number": 1,
                                                    "Actual Startup Time": 548.79,
                                                    "Actual Total Time": 548.794,
                                                    "Actual Rows": 418917,
                                                    "Actual Loops": 1
                                                },
                                                {
                                                    "Worker Number": 2,
                                                    "Actual Startup Time": 548.402,
                                                    "Actual Total Time": 548.405,
                                                    "Actual Rows": 272553,
                                                    "Actual Loops": 1
                                                },
                                                {
                                                    "Worker Number": 3,
                                                    "Actual Startup Time": 548.592,
                                                    "Actual Total Time": 548.596,
                                                    "Actual Rows": 279180,
                                                    "Actual Loops": 1
                                                },
                                                {
                                                    "Worker Number": 4,
                                                    "Actual Startup Time": 548.62,
                                                    "Actual Total Time": 548.624,
                                                    "Actual Rows": 280187,
                                                    "Actual Loops": 1
                                                },
                                                {
                                                    "Worker Number": 5,
                                                    "Actual Startup Time": 548.62,
                                                    "Actual Total Time": 548.625,
                                                    "Actual Rows": 274482,
                                                    "Actual Loops": 1
                                                }
                                            ],
                                            "Plans": [
                                                {
                                                    "Node Type": "Hash Join",
                                                    "Parent Relationship": "Outer",
                                                    "Parallel Aware": true,
                                                    "Join Type": "Inner",
                                                    "Startup Cost": 50219.81,
                                                    "Total Cost": 94818.59,
                                                    "Plan Rows": 725001,
                                                    "Plan Width": 8,
                                                    "Actual Startup Time": 263.701,
                                                    "Actual Total Time": 435.422,
                                                    "Actual Rows": 320810,
                                                    "Actual Loops": 7,
                                                    "Output": [
                                                        "t.id",
                                                        "mk.movie_id"
                                                    ],
                                                    "Inner Unique": true,
                                                    "Hash Cond": "(mk.movie_id = t.id)",
                                                    "Workers": [
                                                        {
                                                            "Worker Number": 0,
                                                            "Actual Startup Time": 263.635,
                                                            "Actual Total Time": 434.936,
                                                            "Actual Rows": 271409,
                                                            "Actual Loops": 1
                                                        },
                                                        {
                                                            "Worker Number": 1,
                                                            "Actual Startup Time": 263.745,
                                                            "Actual Total Time": 434.268,
                                                            "Actual Rows": 418917,
                                                            "Actual Loops": 1
                                                        },
                                                        {
                                                            "Worker Number": 2,
                                                            "Actual Startup Time": 263.601,
                                                            "Actual Total Time": 436.569,
                                                            "Actual Rows": 272553,
                                                            "Actual Loops": 1
                                                        },
                                                        {
                                                            "Worker Number": 3,
                                                            "Actual Startup Time": 263.746,
                                                            "Actual Total Time": 435.384,
                                                            "Actual Rows": 279180,
                                                            "Actual Loops": 1
                                                        },
                                                        {
                                                            "Worker Number": 4,
                                                            "Actual Startup Time": 263.729,
                                                            "Actual Total Time": 435.645,
                                                            "Actual Rows": 280187,
                                                            "Actual Loops": 1
                                                        },
                                                        {
                                                            "Worker Number": 5,
                                                            "Actual Startup Time": 263.596,
                                                            "Actual Total Time": 435.133,
                                                            "Actual Rows": 274482,
                                                            "Actual Loops": 1
                                                        }
                                                    ],
                                                    "Plans": [
                                                        {
                                                            "Node Type": "Seq Scan",
                                                            "Parent Relationship": "Outer",
                                                            "Parallel Aware": true,
                                                            "Relation Name": "movie_keyword",
                                                            "Schema": "public",
                                                            "Alias": "mk",
                                                            "Startup Cost": 0.0,
                                                            "Total Cost": 42695.65,
                                                            "Plan Rows": 725001,
                                                            "Plan Width": 4,
                                                            "Actual Startup Time": 0.232,
                                                            "Actual Total Time": 87.51,
                                                            "Actual Rows": 320810,
                                                            "Actual Loops": 7,
                                                            "Output": [
                                                                "mk.id",
                                                                "mk.movie_id",
                                                                "mk.keyword_id"
                                                            ],
                                                            "Filter": "(mk.keyword_id > 4822)",
                                                            "Rows Removed by Filter": 325466,
                                                            "Workers": [
                                                                {
                                                                    "Worker Number": 0,
                                                                    "Actual Startup Time": 0.202,
                                                                    "Actual Total Time": 88.353,
                                                                    "Actual Rows": 271409,
                                                                    "Actual Loops": 1
                                                                },
                                                                {
                                                                    "Worker Number": 1,
                                                                    "Actual Startup Time": 0.221,
                                                                    "Actual Total Time": 87.457,
                                                                    "Actual Rows": 418917,
                                                                    "Actual Loops": 1
                                                                },
                                                                {
                                                                    "Worker Number": 2,
                                                                    "Actual Startup Time": 0.205,
                                                                    "Actual Total Time": 88.498,
                                                                    "Actual Rows": 272553,
                                                                    "Actual Loops": 1
                                                                },
                                                                {
                                                                    "Worker Number": 3,
                                                                    "Actual Startup Time": 0.212,
                                                                    "Actual Total Time": 89.748,
                                                                    "Actual Rows": 279180,
                                                                    "Actual Loops": 1
                                                                },
                                                                {
                                                                    "Worker Number": 4,
                                                                    "Actual Startup Time": 0.322,
                                                                    "Actual Total Time": 90.034,
                                                                    "Actual Rows": 280187,
                                                                    "Actual Loops": 1
                                                                },
                                                                {
                                                                    "Worker Number": 5,
                                                                    "Actual Startup Time": 0.23,
                                                                    "Actual Total Time": 88.708,
                                                                    "Actual Rows": 274482,
                                                                    "Actual Loops": 1
                                                                }
                                                            ]
                                                        },
                                                        {
                                                            "Node Type": "Hash",
                                                            "Parent Relationship": "Inner",
                                                            "Parallel Aware": true,
                                                            "Startup Cost": 42318.81,
                                                            "Total Cost": 42318.81,
                                                            "Plan Rows": 632080,
                                                            "Plan Width": 4,
                                                            "Actual Startup Time": 260.07,
                                                            "Actual Total Time": 260.071,
                                                            "Actual Rows": 361187,
                                                            "Actual Loops": 7,
                                                            "Output": [
                                                                "t.id"
                                                            ],
                                                            "Hash Buckets": 4194304,
                                                            "Original Hash Buckets": 4194304,
                                                            "Hash Batches": 1,
                                                            "Original Hash Batches": 1,
                                                            "Peak Memory Usage": 131808,
                                                            "Workers": [
                                                                {
                                                                    "Worker Number": 0,
                                                                    "Actual Startup Time": 263.083,
                                                                    "Actual Total Time": 263.084,
                                                                    "Actual Rows": 297908,
                                                                    "Actual Loops": 1
                                                                },
                                                                {
                                                                    "Worker Number": 1,
                                                                    "Actual Startup Time": 263.201,
                                                                    "Actual Total Time": 263.203,
                                                                    "Actual Rows": 426626,
                                                                    "Actual Loops": 1
                                                                },
                                                                {
                                                                    "Worker Number": 2,
                                                                    "Actual Startup Time": 263.073,
                                                                    "Actual Total Time": 263.074,
                                                                    "Actual Rows": 301287,
                                                                    "Actual Loops": 1
                                                                },
                                                                {
                                                                    "Worker Number": 3,
                                                                    "Actual Startup Time": 263.171,
                                                                    "Actual Total Time": 263.173,
                                                                    "Actual Rows": 313345,
                                                                    "Actual Loops": 1
                                                                },
                                                                {
                                                                    "Worker Number": 4,
                                                                    "Actual Startup Time": 263.333,
                                                                    "Actual Total Time": 263.334,
                                                                    "Actual Rows": 315041,
                                                                    "Actual Loops": 1
                                                                },
                                                                {
                                                                    "Worker Number": 5,
                                                                    "Actual Startup Time": 263.037,
                                                                    "Actual Total Time": 263.039,
                                                                    "Actual Rows": 303348,
                                                                    "Actual Loops": 1
                                                                }
                                                            ],
                                                            "Plans": [
                                                                {
                                                                    "Node Type": "Seq Scan",
                                                                    "Parent Relationship": "Outer",
                                                                    "Parallel Aware": true,
                                                                    "Relation Name": "title",
                                                                    "Schema": "public",
                                                                    "Alias": "t",
                                                                    "Startup Cost": 0.0,
                                                                    "Total Cost": 42318.81,
                                                                    "Plan Rows": 632080,
                                                                    "Plan Width": 4,
                                                                    "Actual Startup Time": 0.064,
                                                                    "Actual Total Time": 78.294,
                                                                    "Actual Rows": 361187,
                                                                    "Actual Loops": 7,
                                                                    "Output": [
                                                                        "t.id"
                                                                    ],
                                                                    "Workers": [
                                                                        {
                                                                            "Worker Number": 0,
                                                                            "Actual Startup Time": 0.062,
                                                                            "Actual Total Time": 80.769,
                                                                            "Actual Rows": 297908,
                                                                            "Actual Loops": 1
                                                                        },
                                                                        {
                                                                            "Worker Number": 1,
                                                                            "Actual Startup Time": 0.086,
                                                                            "Actual Total Time": 76.448,
                                                                            "Actual Rows": 426626,
                                                                            "Actual Loops": 1
                                                                        },
                                                                        {
                                                                            "Worker Number": 2,
                                                                            "Actual Startup Time": 0.07,
                                                                            "Actual Total Time": 80.249,
                                                                            "Actual Rows": 301287,
                                                                            "Actual Loops": 1
                                                                        },
                                                                        {
                                                                            "Worker Number": 3,
                                                                            "Actual Startup Time": 0.085,
                                                                            "Actual Total Time": 83.138,
                                                                            "Actual Rows": 313345,
                                                                            "Actual Loops": 1
                                                                        },
                                                                        {
                                                                            "Worker Number": 4,
                                                                            "Actual Startup Time": 0.071,
                                                                            "Actual Total Time": 83.237,
                                                                            "Actual Rows": 315041,
                                                                            "Actual Loops": 1
                                                                        },
                                                                        {
                                                                            "Worker Number": 5,
                                                                            "Actual Startup Time": 0.065,
                                                                            "Actual Total Time": 81.647,
                                                                            "Actual Rows": 303348,
                                                                            "Actual Loops": 1
                                                                        }
                                                                    ]
                                                                }
                                                            ]
                                                        }
                                                    ]
                                                }
                                            ]
                                        }
                                    ]
                                }
                            ]
                        }
                    ]
                }
            ]
        },
        "Planning Time": 178.407,
        "Triggers": [],
        "Execution Time": 2135.534
    }
]