[
    {
        "Bao": {
            "Bao prediction": "NaN",
            "Bao recommended hint": "(no hint)"
        }
    },
    {
        "Plan": {
            "Node Type": "Aggregate",
            "Strategy": "Plain",
            "Partial Mode": "Finalize",
            "Parallel Aware": false,
            "Startup Cost": 30508.82,
            "Total Cost": 30508.83,
            "Plan Rows": 1,
            "Plan Width": 8,
            "Actual Startup Time": 74.406,
            "Actual Total Time": 79.399,
            "Actual Rows": 1,
            "Actual Loops": 1,
            "Output": [
                "count(*)"
            ],
            "Plans": [
                {
                    "Node Type": "Gather",
                    "Parent Relationship": "Outer",
                    "Parallel Aware": false,
                    "Startup Cost": 30508.5,
                    "Total Cost": 30508.81,
                    "Plan Rows": 3,
                    "Plan Width": 8,
                    "Actual Startup Time": 74.147,
                    "Actual Total Time": 79.393,
                    "Actual Rows": 4,
                    "Actual Loops": 1,
                    "Output": [
                        "(PARTIAL count(*))"
                    ],
                    "Workers Planned": 3,
                    "Workers Launched": 3,
                    "Single Copy": false,
                    "Plans": [
                        {
                            "Node Type": "Aggregate",
                            "Strategy": "Plain",
                            "Partial Mode": "Partial",
                            "Parent Relationship": "Outer",
                            "Parallel Aware": false,
                            "Startup Cost": 29508.5,
                            "Total Cost": 29508.51,
                            "Plan Rows": 1,
                            "Plan Width": 8,
                            "Actual Startup Time": 65.536,
                            "Actual Total Time": 65.537,
                            "Actual Rows": 1,
                            "Actual Loops": 4,
                            "Output": [
                                "PARTIAL count(*)"
                            ],
                            "Workers": [
                                {
                                    "Worker Number": 0,
                                    "Actual Startup Time": 62.462,
                                    "Actual Total Time": 62.463,
                                    "Actual Rows": 1,
                                    "Actual Loops": 1
                                },
                                {
                                    "Worker Number": 1,
                                    "Actual Startup Time": 62.461,
                                    "Actual Total Time": 62.462,
                                    "Actual Rows": 1,
                                    "Actual Loops": 1
                                },
                                {
                                    "Worker Number": 2,
                                    "Actual Startup Time": 63.329,
                                    "Actual Total Time": 63.331,
                                    "Actual Rows": 1,
                                    "Actual Loops": 1
                                }
                            ],
                            "Plans": [
                                {
                                    "Node Type": "Bitmap Heap Scan",
                                    "Parent Relationship": "Outer",
                                    "Parallel Aware": true,
                                    "Relation Name": "movie_keyword",
                                    "Schema": "public",
                                    "Alias": "mk",
                                    "Startup Cost": 4115.85,
                                    "Total Cost": 29352.06,
                                    "Plan Rows": 62577,
                                    "Plan Width": 0,
                                    "Actual Startup Time": 9.326,
                                    "Actual Total Time": 62.257,
                                    "Actual Rows": 48855,
                                    "Actual Loops": 4,
                                    "Recheck Cond": "(mk.keyword_id > 69730)",
                                    "Rows Removed by Index Recheck": 0,
                                    "Exact Heap Blocks": 10988,
                                    "Lossy Heap Blocks": 0,
                                    "Workers": [
                                        {
                                            "Worker Number": 0,
                                            "Actual Startup Time": 6.469,
                                            "Actual Total Time": 59.622,
                                            "Actual Rows": 34389,
                                            "Actual Loops": 1
                                        },
                                        {
                                            "Worker Number": 1,
                                            "Actual Startup Time": 6.377,
                                            "Actual Total Time": 59.656,
                                            "Actual Rows": 25557,
                                            "Actual Loops": 1
                                        },
                                        {
                                            "Worker Number": 2,
                                            "Actual Startup Time": 7.088,
                                            "Actual Total Time": 60.598,
                                            "Actual Rows": 29486,
                                            "Actual Loops": 1
                                        }
                                    ],
                                    "Plans": [
                                        {
                                            "Node Type": "Bitmap Index Scan",
                                            "Parent Relationship": "Outer",
                                            "Parallel Aware": false,
                                            "Index Name": "keyword_id_movie_keyword",
                                            "Startup Cost": 0.0,
                                            "Total Cost": 4067.35,
                                            "Plan Rows": 193989,
                                            "Plan Width": 0,
                                            "Actual Startup Time": 13.801,
                                            "Actual Total Time": 13.801,
                                            "Actual Rows": 195419,
                                            "Actual Loops": 1,
                                            "Index Cond": "(mk.keyword_id > 69730)"
                                        }
                                    ]
                                }
                            ]
                        }
                    ]
                }
            ]
        },
        "Planning Time": 188.602,
        "Triggers": [],
        "Execution Time": 79.453
    }
]