{
  "Plan": {
    "Node Type": "Aggregate",
    "Strategy": "Plain",
    "Partial Mode": "Finalize",
    "Parallel Aware": false,
    "Startup Cost": 421754.06,
    "Total Cost": 421754.07,
    "Plan Rows": 1,
    "Plan Width": 8,
    "Actual Startup Time": 1476.95,
    "Actual Total Time": 1499.599,
    "Actual Rows": 1,
    "Actual Loops": 1,
    "Plans": [
      {
        "Node Type": "Gather",
        "Parent Relationship": "Outer",
        "Parallel Aware": false,
        "Startup Cost": 421753.94,
        "Total Cost": 421754.05,
        "Plan Rows": 1,
        "Plan Width": 8,
        "Actual Startup Time": 1471.874,
        "Actual Total Time": 1499.591,
        "Actual Rows": 2,
        "Actual Loops": 1,
        "Workers Planned": 1,
        "Workers Launched": 1,
        "Single Copy": false,
        "Plans": [
          {
            "Node Type": "Aggregate",
            "Strategy": "Plain",
            "Partial Mode": "Partial",
            "Parent Relationship": "Outer",
            "Parallel Aware": false,
            "Startup Cost": 420753.94,
            "Total Cost": 420753.95,
            "Plan Rows": 1,
            "Plan Width": 8,
            "Actual Startup Time": 1460.241,
            "Actual Total Time": 1460.245,
            "Actual Rows": 1,
            "Actual Loops": 2,
            "Plans": [
              {
                "Node Type": "Hash Join",
                "Parent Relationship": "Outer",
                "Parallel Aware": true,
                "Join Type": "Inner",
                "Startup Cost": 136567.59,
                "Total Cost": 416285.95,
                "Plan Rows": 1787197,
                "Plan Width": 0,
                "Actual Startup Time": 668.143,
                "Actual Total Time": 1399.677,
                "Actual Rows": 1465074,
                "Actual Loops": 2,
                "Inner Unique": true,
                "Hash Cond": "(ci.movie_id = t.id)",
                "Plans": [
                  {
                    "Node Type": "Bitmap Heap Scan",
                    "Parent Relationship": "Outer",
                    "Parallel Aware": true,
                    "Relation Name": "cast_info",
                    "Alias": "ci",
                    "Startup Cost": 67106.89,
                    "Total Cost": 342133.85,
                    "Plan Rows": 1787197,
                    "Plan Width": 4,
                    "Actual Startup Time": 139.033,
                    "Actual Total Time": 305.8,
                    "Actual Rows": 1465074,
                    "Actual Loops": 2,
                    "Recheck Cond": "(person_id > 3513811)",
                    "Rows Removed by Index Recheck": 0,
                    "Exact Heap Blocks": 20561,
                    "Lossy Heap Blocks": 0,
                    "Plans": [
                      {
                        "Node Type": "Bitmap Index Scan",
                        "Parent Relationship": "Outer",
                        "Parallel Aware": false,
                        "Index Name": "person_id_cast_info",
                        "Startup Cost": 0.0,
                        "Total Cost": 66347.33,
                        "Plan Rows": 3038235,
                        "Plan Width": 0,
                        "Actual Startup Time": 132.28,
                        "Actual Total Time": 132.28,
                        "Actual Rows": 2930148,
                        "Actual Loops": 1,
                        "Index Cond": "(person_id > 3513811)"
                      }
                    ]
                  },
                  {
                    "Node Type": "Hash",
                    "Parent Relationship": "Inner",
                    "Parallel Aware": true,
                    "Startup Cost": 50870.31,
                    "Total Cost": 50870.31,
                    "Plan Rows": 1487231,
                    "Plan Width": 4,
                    "Actual Startup Time": 507.985,
                    "Actual Total Time": 507.986,
                    "Actual Rows": 1264156,
                    "Actual Loops": 2,
                    "Hash Buckets": 4194304,
                    "Original Hash Buckets": 4194304,
                    "Hash Batches": 1,
                    "Original Hash Batches": 1,
                    "Peak Memory Usage": 131712,
                    "Plans": [
                      {
                        "Node Type": "Seq Scan",
                        "Parent Relationship": "Outer",
                        "Parallel Aware": true,
                        "Relation Name": "title",
                        "Alias": "t",
                        "Startup Cost": 0.0,
                        "Total Cost": 50870.31,
                        "Plan Rows": 1487231,
                        "Plan Width": 4,
                        "Actual Startup Time": 0.032,
                        "Actual Total Time": 159.208,
                        "Actual Rows": 1264156,
                        "Actual Loops": 2
                      }
                    ]
                  }
                ]
              }
            ]
          }
        ]
      }
    ]
  },
  "Planning Time": 0.539,
  "Triggers": [],
  "Execution Time": 1499.676
}