[
  {
    "Plan": {
      "Node Type": "Aggregate",
      "Strategy": "Plain",
      "Partial Mode": "Finalize",
      "Parallel Aware": false,
      "Startup Cost": 56304.8,
      "Total Cost": 56304.81,
      "Plan Rows": 1,
      "Plan Width": 8,
      "Actual Startup Time": 99.586,
      "Actual Total Time": 114.436,
      "Actual Rows": 1,
      "Actual Loops": 1,
      "Plans": [
        {
          "Node Type": "Gather",
          "Parent Relationship": "Outer",
          "Parallel Aware": false,
          "Startup Cost": 56304.38,
          "Total Cost": 56304.79,
          "Plan Rows": 4,
          "Plan Width": 8,
          "Actual Startup Time": 99.313,
          "Actual Total Time": 114.429,
          "Actual Rows": 5,
          "Actual Loops": 1,
          "Workers Planned": 4,
          "Workers Launched": 4,
          "Single Copy": false,
          "Plans": [
            {
              "Node Type": "Aggregate",
              "Strategy": "Plain",
              "Partial Mode": "Partial",
              "Parent Relationship": "Outer",
              "Parallel Aware": false,
              "Startup Cost": 55304.38,
              "Total Cost": 55304.39,
              "Plan Rows": 1,
              "Plan Width": 8,
              "Actual Startup Time": 92.988,
              "Actual Total Time": 92.99,
              "Actual Rows": 1,
              "Actual Loops": 5,
              "Plans": [
                {
                  "Node Type": "Nested Loop",
                  "Parent Relationship": "Outer",
                  "Parallel Aware": false,
                  "Join Type": "Inner",
                  "Startup Cost": 0.86,
                  "Total Cost": 55303.28,
                  "Plan Rows": 441,
                  "Plan Width": 0,
                  "Actual Startup Time": 62.275,
                  "Actual Total Time": 92.973,
                  "Actual Rows": 41,
                  "Actual Loops": 5,
                  "Inner Unique": false,
                  "Join Filter": "(t.id = mc.movie_id)",
                  "Rows Removed by Join Filter": 0,
                  "Plans": [
                    {
                      "Node Type": "Nested Loop",
                      "Parent Relationship": "Outer",
                      "Parallel Aware": false,
                      "Join Type": "Inner",
                      "Startup Cost": 0.43,
                      "Total Cost": 54773.19,
                      "Plan Rows": 836,
                      "Plan Width": 8,
                      "Actual Startup Time": 62.146,
                      "Actual Total Time": 92.21,
                      "Actual Rows": 42,
                      "Actual Loops": 5,
                      "Inner Unique": false,
                      "Plans": [
                        {
                          "Node Type": "Seq Scan",
                          "Parent Relationship": "Outer",
                          "Parallel Aware": true,
                          "Relation Name": "title",
                          "Alias": "t",
                          "Startup Cost": 0.0,
                          "Total Cost": 43899.32,
                          "Plan Rows": 1243,
                          "Plan Width": 4,
                          "Actual Startup Time": 59.743,
                          "Actual Total Time": 85.06,
                          "Actual Rows": 919,
                          "Actual Loops": 5,
                          "Filter": "(production_year = 1910)",
                          "Rows Removed by Filter": 504743
                        },
                        {
                          "Node Type": "Index Scan",
                          "Parent Relationship": "Inner",
                          "Parallel Aware": false,
                          "Scan Direction": "Forward",
                          "Index Name": "movie_id_movie_keyword",
                          "Relation Name": "movie_keyword",
                          "Alias": "mk",
                          "Startup Cost": 0.43,
                          "Total Cost": 8.58,
                          "Plan Rows": 17,
                          "Plan Width": 4,
                          "Actual Startup Time": 0.007,
                          "Actual Total Time": 0.007,
                          "Actual Rows": 0,
                          "Actual Loops": 4597,
                          "Index Cond": "(movie_id = t.id)",
                          "Rows Removed by Index Recheck": 0,
                          "Filter": "(keyword_id > 8550)",
                          "Rows Removed by Filter": 0
                        }
                      ]
                    },
                    {
                      "Node Type": "Index Scan",
                      "Parent Relationship": "Inner",
                      "Parallel Aware": false,
                      "Scan Direction": "Forward",
                      "Index Name": "movie_id_movie_companies",
                      "Relation Name": "movie_companies",
                      "Alias": "mc",
                      "Startup Cost": 0.43,
                      "Total Cost": 0.6,
                      "Plan Rows": 3,
                      "Plan Width": 4,
                      "Actual Startup Time": 0.017,
                      "Actual Total Time": 0.017,
                      "Actual Rows": 1,
                      "Actual Loops": 211,
                      "Index Cond": "(movie_id = mk.movie_id)",
                      "Rows Removed by Index Recheck": 0,
                      "Filter": "(company_type_id = 2)",
                      "Rows Removed by Filter": 2
                    }
                  ]
                }
              ]
            }
          ]
        }
      ]
    },
    "Planning Time": 1.438,
    "Triggers": [],
    "Execution Time": 114.513
  }
]