[
  {
    "Plan": {
      "Node Type": "Aggregate",
      "Strategy": "Plain",
      "Partial Mode": "Finalize",
      "Parallel Aware": false,
      "Startup Cost": 33108.36,
      "Total Cost": 33108.37,
      "Plan Rows": 1,
      "Plan Width": 8,
      "Actual Startup Time": 97.84,
      "Actual Total Time": 105.796,
      "Actual Rows": 1,
      "Actual Loops": 1,
      "Plans": [
        {
          "Node Type": "Gather",
          "Parent Relationship": "Outer",
          "Parallel Aware": false,
          "Startup Cost": 33108.04,
          "Total Cost": 33108.35,
          "Plan Rows": 3,
          "Plan Width": 8,
          "Actual Startup Time": 97.716,
          "Actual Total Time": 105.789,
          "Actual Rows": 4,
          "Actual Loops": 1,
          "Workers Planned": 3,
          "Workers Launched": 3,
          "Single Copy": false,
          "Plans": [
            {
              "Node Type": "Aggregate",
              "Strategy": "Plain",
              "Partial Mode": "Partial",
              "Parent Relationship": "Outer",
              "Parallel Aware": false,
              "Startup Cost": 32108.04,
              "Total Cost": 32108.05,
              "Plan Rows": 1,
              "Plan Width": 8,
              "Actual Startup Time": 93.033,
              "Actual Total Time": 93.034,
              "Actual Rows": 1,
              "Actual Loops": 4,
              "Plans": [
                {
                  "Node Type": "Seq Scan",
                  "Parent Relationship": "Outer",
                  "Parallel Aware": true,
                  "Relation Name": "movie_companies",
                  "Alias": "mc",
                  "Startup Cost": 0.0,
                  "Total Cost": 31414.82,
                  "Plan Rows": 277290,
                  "Plan Width": 0,
                  "Actual Startup Time": 44.456,
                  "Actual Total Time": 81.808,
                  "Actual Rows": 267323,
                  "Actual Loops": 4,
                  "Filter": "((company_id > 3094) AND (company_type_id > 1))",
                  "Rows Removed by Filter": 384959
                }
              ]
            }
          ]
        }
      ]
    },
    "Planning Time": 0.222,
    "Triggers": [],
    "Execution Time": 105.854
  }
]