[
  {
    "Plan": {
      "Node Type": "Aggregate",
      "Strategy": "Plain",
      "Partial Mode": "Finalize",
      "Parallel Aware": false,
      "Startup Cost": 240203.55,
      "Total Cost": 240203.56,
      "Plan Rows": 1,
      "Plan Width": 8,
      "Actual Startup Time": 186.435,
      "Actual Total Time": 217.288,
      "Actual Rows": 1,
      "Actual Loops": 1,
      "Plans": [
        {
          "Node Type": "Gather",
          "Parent Relationship": "Outer",
          "Parallel Aware": false,
          "Startup Cost": 240203.13,
          "Total Cost": 240203.54,
          "Plan Rows": 4,
          "Plan Width": 8,
          "Actual Startup Time": 186.326,
          "Actual Total Time": 217.279,
          "Actual Rows": 5,
          "Actual Loops": 1,
          "Workers Planned": 4,
          "Workers Launched": 4,
          "Single Copy": false,
          "Plans": [
            {
              "Node Type": "Aggregate",
              "Strategy": "Plain",
              "Partial Mode": "Partial",
              "Parent Relationship": "Outer",
              "Parallel Aware": false,
              "Startup Cost": 239203.13,
              "Total Cost": 239203.14,
              "Plan Rows": 1,
              "Plan Width": 8,
              "Actual Startup Time": 175.718,
              "Actual Total Time": 175.719,
              "Actual Rows": 1,
              "Actual Loops": 5,
              "Plans": [
                {
                  "Node Type": "Nested Loop",
                  "Parent Relationship": "Outer",
                  "Parallel Aware": false,
                  "Join Type": "Inner",
                  "Startup Cost": 0.43,
                  "Total Cost": 239157.52,
                  "Plan Rows": 18243,
                  "Plan Width": 0,
                  "Actual Startup Time": 57.856,
                  "Actual Total Time": 174.211,
                  "Actual Rows": 25397,
                  "Actual Loops": 5,
                  "Inner Unique": false,
                  "Plans": [
                    {
                      "Node Type": "Seq Scan",
                      "Parent Relationship": "Outer",
                      "Parallel Aware": true,
                      "Relation Name": "title",
                      "Alias": "t",
                      "Startup Cost": 0.0,
                      "Total Cost": 45479.1,
                      "Plan Rows": 7334,
                      "Plan Width": 4,
                      "Actual Startup Time": 57.761,
                      "Actual Total Time": 83.684,
                      "Actual Rows": 3223,
                      "Actual Loops": 5,
                      "Filter": "((kind_id = 1) AND (production_year = 2006))",
                      "Rows Removed by Filter": 502439
                    },
                    {
                      "Node Type": "Index Scan",
                      "Parent Relationship": "Inner",
                      "Parallel Aware": false,
                      "Scan Direction": "Forward",
                      "Index Name": "movie_id_movie_info",
                      "Relation Name": "movie_info",
                      "Alias": "mi",
                      "Startup Cost": 0.43,
                      "Total Cost": 26.23,
                      "Plan Rows": 18,
                      "Plan Width": 4,
                      "Actual Startup Time": 0.012,
                      "Actual Total Time": 0.027,
                      "Actual Rows": 8,
                      "Actual Loops": 16117,
                      "Index Cond": "(movie_id = t.id)",
                      "Rows Removed by Index Recheck": 0,
                      "Filter": "(info_type_id > 8)",
                      "Rows Removed by Filter": 8
                    }
                  ]
                }
              ]
            }
          ]
        }
      ]
    },
    "Planning Time": 0.597,
    "Triggers": [],
    "Execution Time": 217.368
  }
]