[
  {
    "Plan": {
      "Node Type": "Aggregate",
      "Strategy": "Plain",
      "Partial Mode": "Finalize",
      "Parallel Aware": false,
      "Startup Cost": 44852.93,
      "Total Cost": 44852.94,
      "Plan Rows": 1,
      "Plan Width": 8,
      "Actual Startup Time": 141.621,
      "Actual Total Time": 148.239,
      "Actual Rows": 1,
      "Actual Loops": 1,
      "Plans": [
        {
          "Node Type": "Gather",
          "Parent Relationship": "Outer",
          "Parallel Aware": false,
          "Startup Cost": 44852.62,
          "Total Cost": 44852.93,
          "Plan Rows": 3,
          "Plan Width": 8,
          "Actual Startup Time": 141.48,
          "Actual Total Time": 148.23,
          "Actual Rows": 4,
          "Actual Loops": 1,
          "Workers Planned": 3,
          "Workers Launched": 3,
          "Single Copy": false,
          "Plans": [
            {
              "Node Type": "Aggregate",
              "Strategy": "Plain",
              "Partial Mode": "Partial",
              "Parent Relationship": "Outer",
              "Parallel Aware": false,
              "Startup Cost": 43852.62,
              "Total Cost": 43852.63,
              "Plan Rows": 1,
              "Plan Width": 8,
              "Actual Startup Time": 135.549,
              "Actual Total Time": 135.55,
              "Actual Rows": 1,
              "Actual Loops": 4,
              "Plans": [
                {
                  "Node Type": "Seq Scan",
                  "Parent Relationship": "Outer",
                  "Parallel Aware": true,
                  "Relation Name": "movie_keyword",
                  "Alias": "mk",
                  "Startup Cost": 0.0,
                  "Total Cost": 42695.65,
                  "Plan Rows": 462785,
                  "Plan Width": 0,
                  "Actual Startup Time": 0.043,
                  "Actual Total Time": 115.934,
                  "Actual Rows": 358746,
                  "Actual Loops": 4,
                  "Filter": "(keyword_id < 1991)",
                  "Rows Removed by Filter": 772236
                }
              ]
            }
          ]
        }
      ]
    },
    "Planning Time": 0.165,
    "Triggers": [],
    "Execution Time": 148.369
  }
]