[
  {
    "Plan": {
      "Node Type": "Aggregate",
      "Strategy": "Plain",
      "Partial Mode": "Finalize",
      "Parallel Aware": false,
      "Startup Cost": 46425.28,
      "Total Cost": 46425.29,
      "Plan Rows": 1,
      "Plan Width": 8,
      "Actual Startup Time": 121.949,
      "Actual Total Time": 133.95,
      "Actual Rows": 1,
      "Actual Loops": 1,
      "Plans": [
        {
          "Node Type": "Gather",
          "Parent Relationship": "Outer",
          "Parallel Aware": false,
          "Startup Cost": 46424.86,
          "Total Cost": 46425.27,
          "Plan Rows": 4,
          "Plan Width": 8,
          "Actual Startup Time": 121.81,
          "Actual Total Time": 133.941,
          "Actual Rows": 5,
          "Actual Loops": 1,
          "Workers Planned": 4,
          "Workers Launched": 4,
          "Single Copy": false,
          "Plans": [
            {
              "Node Type": "Aggregate",
              "Strategy": "Plain",
              "Partial Mode": "Partial",
              "Parent Relationship": "Outer",
              "Parallel Aware": false,
              "Startup Cost": 45424.86,
              "Total Cost": 45424.87,
              "Plan Rows": 1,
              "Plan Width": 8,
              "Actual Startup Time": 115.517,
              "Actual Total Time": 115.518,
              "Actual Rows": 1,
              "Actual Loops": 5,
              "Plans": [
                {
                  "Node Type": "Seq Scan",
                  "Parent Relationship": "Outer",
                  "Parallel Aware": true,
                  "Relation Name": "title",
                  "Alias": "t",
                  "Startup Cost": 0.0,
                  "Total Cost": 43898.92,
                  "Plan Rows": 610377,
                  "Plan Width": 0,
                  "Actual Startup Time": 0.034,
                  "Actual Total Time": 92.562,
                  "Actual Rows": 487568,
                  "Actual Loops": 5,
                  "Filter": "(production_year > 1907)",
                  "Rows Removed by Filter": 18095
                }
              ]
            }
          ]
        }
      ]
    },
    "Planning Time": 0.149,
    "Triggers": [],
    "Execution Time": 134.01
  }
]