[
  {
    "Plan": {
      "Node Type": "Aggregate",
      "Strategy": "Plain",
      "Partial Mode": "Finalize",
      "Parallel Aware": false,
      "Startup Cost": 220557.79,
      "Total Cost": 220557.8,
      "Plan Rows": 1,
      "Plan Width": 8,
      "Actual Startup Time": 189.22,
      "Actual Total Time": 205.296,
      "Actual Rows": 1,
      "Actual Loops": 1,
      "Plans": [
        {
          "Node Type": "Gather",
          "Parent Relationship": "Outer",
          "Parallel Aware": false,
          "Startup Cost": 220557.27,
          "Total Cost": 220557.78,
          "Plan Rows": 5,
          "Plan Width": 8,
          "Actual Startup Time": 188.799,
          "Actual Total Time": 205.285,
          "Actual Rows": 6,
          "Actual Loops": 1,
          "Workers Planned": 5,
          "Workers Launched": 5,
          "Single Copy": false,
          "Plans": [
            {
              "Node Type": "Aggregate",
              "Strategy": "Plain",
              "Partial Mode": "Partial",
              "Parent Relationship": "Outer",
              "Parallel Aware": false,
              "Startup Cost": 219557.27,
              "Total Cost": 219557.28,
              "Plan Rows": 1,
              "Plan Width": 8,
              "Actual Startup Time": 183.376,
              "Actual Total Time": 183.38,
              "Actual Rows": 1,
              "Actual Loops": 6,
              "Plans": [
                {
                  "Node Type": "Hash Join",
                  "Parent Relationship": "Outer",
                  "Parallel Aware": true,
                  "Join Type": "Inner",
                  "Startup Cost": 55838.92,
                  "Total Cost": 219554.94,
                  "Plan Rows": 930,
                  "Plan Width": 0,
                  "Actual Startup Time": 126.359,
                  "Actual Total Time": 183.212,
                  "Actual Rows": 2073,
                  "Actual Loops": 6,
                  "Inner Unique": true,
                  "Hash Cond": "(mi.movie_id = t.id)",
                  "Plans": [
                    {
                      "Node Type": "Bitmap Heap Scan",
                      "Parent Relationship": "Outer",
                      "Parallel Aware": true,
                      "Relation Name": "movie_info",
                      "Alias": "mi",
                      "Startup Cost": 10294.8,
                      "Total Cost": 173711.78,
                      "Plan Rows": 113919,
                      "Plan Width": 4,
                      "Actual Startup Time": 43.579,
                      "Actual Total Time": 91.162,
                      "Actual Rows": 99743,
                      "Actual Loops": 6,
                      "Recheck Cond": "(info_type_id = 15)",
                      "Rows Removed by Index Recheck": 0,
                      "Exact Heap Blocks": 5534,
                      "Lossy Heap Blocks": 0,
                      "Plans": [
                        {
                          "Node Type": "Bitmap Index Scan",
                          "Parent Relationship": "Outer",
                          "Parallel Aware": false,
                          "Index Name": "info_type_id_movie_info",
                          "Startup Cost": 0.0,
                          "Total Cost": 10152.4,
                          "Plan Rows": 569595,
                          "Plan Width": 0,
                          "Actual Startup Time": 38.434,
                          "Actual Total Time": 38.435,
                          "Actual Rows": 598457,
                          "Actual Loops": 1,
                          "Index Cond": "(info_type_id = 15)"
                        }
                      ]
                    },
                    {
                      "Node Type": "Hash",
                      "Parent Relationship": "Inner",
                      "Parallel Aware": true,
                      "Startup Cost": 45479.59,
                      "Total Cost": 45479.59,
                      "Plan Rows": 5163,
                      "Plan Width": 4,
                      "Actual Startup Time": 77.67,
                      "Actual Total Time": 77.672,
                      "Actual Rows": 2632,
                      "Actual Loops": 6,
                      "Hash Buckets": 32768,
                      "Original Hash Buckets": 32768,
                      "Hash Batches": 1,
                      "Original Hash Batches": 1,
                      "Peak Memory Usage": 992,
                      "Plans": [
                        {
                          "Node Type": "Seq Scan",
                          "Parent Relationship": "Outer",
                          "Parallel Aware": true,
                          "Relation Name": "title",
                          "Alias": "t",
                          "Startup Cost": 0.0,
                          "Total Cost": 45479.59,
                          "Plan Rows": 5163,
                          "Plan Width": 4,
                          "Actual Startup Time": 0.175,
                          "Actual Total Time": 76.121,
                          "Actual Rows": 2632,
                          "Actual Loops": 6,
                          "Filter": "((kind_id < 7) AND (production_year = 1999))",
                          "Rows Removed by Filter": 418754
                        }
                      ]
                    }
                  ]
                }
              ]
            }
          ]
        }
      ]
    },
    "Planning Time": 0.294,
    "Triggers": [],
    "Execution Time": 205.344
  }
]