[
  {
    "Plan": {
      "Node Type": "Aggregate",
      "Strategy": "Plain",
      "Partial Mode": "Finalize",
      "Parallel Aware": false,
      "Startup Cost": 449443.84,
      "Total Cost": 449443.85,
      "Plan Rows": 1,
      "Plan Width": 8,
      "Actual Startup Time": 2392.102,
      "Actual Total Time": 2460.127,
      "Actual Rows": 1,
      "Actual Loops": 1,
      "Plans": [
        {
          "Node Type": "Gather",
          "Parent Relationship": "Outer",
          "Parallel Aware": false,
          "Startup Cost": 449443.21,
          "Total Cost": 449443.82,
          "Plan Rows": 6,
          "Plan Width": 8,
          "Actual Startup Time": 2369.281,
          "Actual Total Time": 2460.11,
          "Actual Rows": 7,
          "Actual Loops": 1,
          "Workers Planned": 6,
          "Workers Launched": 6,
          "Single Copy": false,
          "Plans": [
            {
              "Node Type": "Aggregate",
              "Strategy": "Plain",
              "Partial Mode": "Partial",
              "Parent Relationship": "Outer",
              "Parallel Aware": false,
              "Startup Cost": 448443.21,
              "Total Cost": 448443.22,
              "Plan Rows": 1,
              "Plan Width": 8,
              "Actual Startup Time": 2358.547,
              "Actual Total Time": 2358.946,
              "Actual Rows": 1,
              "Actual Loops": 7,
              "Plans": [
                {
                  "Node Type": "Hash Join",
                  "Parent Relationship": "Outer",
                  "Parallel Aware": true,
                  "Join Type": "Inner",
                  "Startup Cost": 102497.27,
                  "Total Cost": 444166.0,
                  "Plan Rows": 1710884,
                  "Plan Width": 0,
                  "Actual Startup Time": 495.292,
                  "Actual Total Time": 2110.568,
                  "Actual Rows": 4352905,
                  "Actual Loops": 7,
                  "Inner Unique": false,
                  "Hash Cond": "(ci.movie_id = t.id)",
                  "Plans": [
                    {
                      "Node Type": "Seq Scan",
                      "Parent Relationship": "Outer",
                      "Parallel Aware": true,
                      "Relation Name": "cast_info",
                      "Alias": "ci",
                      "Startup Cost": 0.0,
                      "Total Cost": 328211.39,
                      "Plan Rows": 2116898,
                      "Plan Width": 4,
                      "Actual Startup Time": 0.05,
                      "Actual Total Time": 756.913,
                      "Actual Rows": 1810098,
                      "Actual Loops": 7,
                      "Filter": "(role_id < 2)",
                      "Rows Removed by Filter": 3367665
                    },
                    {
                      "Node Type": "Hash",
                      "Parent Relationship": "Inner",
                      "Parallel Aware": true,
                      "Startup Cost": 94257.43,
                      "Total Cost": 94257.43,
                      "Plan Rows": 659187,
                      "Plan Width": 8,
                      "Actual Startup Time": 491.323,
                      "Actual Total Time": 491.719,
                      "Actual Rows": 239081,
                      "Actual Loops": 7,
                      "Hash Buckets": 2097152,
                      "Original Hash Buckets": 2097152,
                      "Hash Batches": 1,
                      "Original Hash Batches": 1,
                      "Peak Memory Usage": 81984,
                      "Plans": [
                        {
                          "Node Type": "Hash Join",
                          "Parent Relationship": "Outer",
                          "Parallel Aware": true,
                          "Join Type": "Inner",
                          "Startup Cost": 48733.6,
                          "Total Cost": 94257.43,
                          "Plan Rows": 659187,
                          "Plan Width": 8,
                          "Actual Startup Time": 220.817,
                          "Actual Total Time": 399.193,
                          "Actual Rows": 239081,
                          "Actual Loops": 7,
                          "Inner Unique": true,
                          "Hash Cond": "(mk.movie_id = t.id)",
                          "Plans": [
                            {
                              "Node Type": "Seq Scan",
                              "Parent Relationship": "Outer",
                              "Parallel Aware": true,
                              "Relation Name": "movie_keyword",
                              "Alias": "mk",
                              "Startup Cost": 0.0,
                              "Total Cost": 42695.65,
                              "Plan Rows": 1077401,
                              "Plan Width": 4,
                              "Actual Startup Time": 0.091,
                              "Actual Total Time": 90.625,
                              "Actual Rows": 476076,
                              "Actual Loops": 7,
                              "Filter": "(keyword_id > 1420)",
                              "Rows Removed by Filter": 170200
                            },
                            {
                              "Node Type": "Hash",
                              "Parent Relationship": "Inner",
                              "Parallel Aware": true,
                              "Startup Cost": 43899.32,
                              "Total Cost": 43899.32,
                              "Plan Rows": 386742,
                              "Plan Width": 4,
                              "Actual Startup Time": 218.501,
                              "Actual Total Time": 218.503,
                              "Actual Rows": 218802,
                              "Actual Loops": 7,
                              "Hash Buckets": 2097152,
                              "Original Hash Buckets": 2097152,
                              "Hash Batches": 1,
                              "Original Hash Batches": 1,
                              "Peak Memory Usage": 76416,
                              "Plans": [
                                {
                                  "Node Type": "Seq Scan",
                                  "Parent Relationship": "Outer",
                                  "Parallel Aware": true,
                                  "Relation Name": "title",
                                  "Alias": "t",
                                  "Startup Cost": 0.0,
                                  "Total Cost": 43899.32,
                                  "Plan Rows": 386742,
                                  "Plan Width": 4,
                                  "Actual Startup Time": 0.058,
                                  "Actual Total Time": 94.791,
                                  "Actual Rows": 218802,
                                  "Actual Loops": 7,
                                  "Filter": "(production_year > 1997)",
                                  "Rows Removed by Filter": 142386
                                }
                              ]
                            }
                          ]
                        }
                      ]
                    }
                  ]
                }
              ]
            }
          ]
        }
      ]
    },
    "Planning Time": 0.745,
    "Triggers": [],
    "Execution Time": 2460.198
  }
]