{
  "Plan": {
    "Node Type": "Aggregate",
    "Strategy": "Plain",
    "Partial Mode": "Finalize",
    "Parallel Aware": false,
    "Startup Cost": 124567.58,
    "Total Cost": 124567.59,
    "Plan Rows": 1,
    "Plan Width": 8,
    "Actual Startup Time": 850.901,
    "Actual Total Time": 872.855,
    "Actual Rows": 1,
    "Actual Loops": 1,
    "Plans": [
      {
        "Node Type": "Gather",
        "Parent Relationship": "Outer",
        "Parallel Aware": false,
        "Startup Cost": 124567.47,
        "Total Cost": 124567.58,
        "Plan Rows": 1,
        "Plan Width": 8,
        "Actual Startup Time": 846.324,
        "Actual Total Time": 872.842,
        "Actual Rows": 2,
        "Actual Loops": 1,
        "Workers Planned": 1,
        "Workers Launched": 1,
        "Single Copy": false,
        "Plans": [
          {
            "Node Type": "Aggregate",
            "Strategy": "Plain",
            "Partial Mode": "Partial",
            "Parent Relationship": "Outer",
            "Parallel Aware": false,
            "Startup Cost": 123567.47,
            "Total Cost": 123567.48,
            "Plan Rows": 1,
            "Plan Width": 8,
            "Actual Startup Time": 840.304,
            "Actual Total Time": 840.566,
            "Actual Rows": 1,
            "Actual Loops": 2,
            "Plans": [
              {
                "Node Type": "Hash Join",
                "Parent Relationship": "Outer",
                "Parallel Aware": true,
                "Join Type": "Inner",
                "Startup Cost": 104221.6,
                "Total Cost": 123493.74,
                "Plan Rows": 29491,
                "Plan Width": 0,
                "Actual Startup Time": 763.084,
                "Actual Total Time": 836.414,
                "Actual Rows": 104478,
                "Actual Loops": 2,
                "Inner Unique": false,
                "Hash Cond": "(mi_idx.movie_id = t.id)",
                "Plans": [
                  {
                    "Node Type": "Seq Scan",
                    "Parent Relationship": "Outer",
                    "Parallel Aware": true,
                    "Relation Name": "movie_info_idx",
                    "Alias": "mi_idx",
                    "Startup Cost": 0.0,
                    "Total Cost": 18082.32,
                    "Plan Rows": 271028,
                    "Plan Width": 4,
                    "Actual Startup Time": 0.021,
                    "Actual Total Time": 51.124,
                    "Actual Rows": 229962,
                    "Actual Loops": 2,
                    "Filter": "(info_type_id = 101)",
                    "Rows Removed by Filter": 460055
                  },
                  {
                    "Node Type": "Hash",
                    "Parent Relationship": "Inner",
                    "Parallel Aware": true,
                    "Startup Cost": 102198.79,
                    "Total Cost": 102198.79,
                    "Plan Rows": 161825,
                    "Plan Width": 8,
                    "Actual Startup Time": 733.397,
                    "Actual Total Time": 733.658,
                    "Actual Rows": 135598,
                    "Actual Loops": 2,
                    "Hash Buckets": 524288,
                    "Original Hash Buckets": 524288,
                    "Hash Batches": 1,
                    "Original Hash Batches": 1,
                    "Peak Memory Usage": 14720,
                    "Plans": [
                      {
                        "Node Type": "Hash Join",
                        "Parent Relationship": "Outer",
                        "Parallel Aware": true,
                        "Join Type": "Inner",
                        "Startup Cost": 75297.18,
                        "Total Cost": 102198.79,
                        "Plan Rows": 161825,
                        "Plan Width": 8,
                        "Actual Startup Time": 598.567,
                        "Actual Total Time": 700.677,
                        "Actual Rows": 135598,
                        "Actual Loops": 2,
                        "Inner Unique": true,
                        "Hash Cond": "(mk.movie_id = t.id)",
                        "Plans": [
                          {
                            "Node Type": "Bitmap Heap Scan",
                            "Parent Relationship": "Outer",
                            "Parallel Aware": true,
                            "Relation Name": "movie_keyword",
                            "Alias": "mk",
                            "Startup Cost": 5836.48,
                            "Total Cost": 32313.3,
                            "Plan Rows": 161825,
                            "Plan Width": 4,
                            "Actual Startup Time": 17.891,
                            "Actual Total Time": 77.186,
                            "Actual Rows": 135598,
                            "Actual Loops": 2,
                            "Recheck Cond": "(keyword_id > 58154)",
                            "Rows Removed by Index Recheck": 0,
                            "Exact Heap Blocks": 12018,
                            "Lossy Heap Blocks": 0,
                            "Plans": [
                              {
                                "Node Type": "Bitmap Index Scan",
                                "Parent Relationship": "Outer",
                                "Parallel Aware": false,
                                "Index Name": "keyword_id_movie_keyword",
                                "Startup Cost": 0.0,
                                "Total Cost": 5767.7,
                                "Plan Rows": 275103,
                                "Plan Width": 0,
                                "Actual Startup Time": 14.743,
                                "Actual Total Time": 14.743,
                                "Actual Rows": 271195,
                                "Actual Loops": 1,
                                "Index Cond": "(keyword_id > 58154)"
                              }
                            ]
                          },
                          {
                            "Node Type": "Hash",
                            "Parent Relationship": "Inner",
                            "Parallel Aware": true,
                            "Startup Cost": 50870.31,
                            "Total Cost": 50870.31,
                            "Plan Rows": 1487231,
                            "Plan Width": 4,
                            "Actual Startup Time": 562.522,
                            "Actual Total Time": 562.523,
                            "Actual Rows": 1264156,
                            "Actual Loops": 2,
                            "Hash Buckets": 4194304,
                            "Original Hash Buckets": 4194304,
                            "Hash Batches": 1,
                            "Original Hash Batches": 1,
                            "Peak Memory Usage": 131712,
                            "Plans": [
                              {
                                "Node Type": "Seq Scan",
                                "Parent Relationship": "Outer",
                                "Parallel Aware": true,
                                "Relation Name": "title",
                                "Alias": "t",
                                "Startup Cost": 0.0,
                                "Total Cost": 50870.31,
                                "Plan Rows": 1487231,
                                "Plan Width": 4,
                                "Actual Startup Time": 0.049,
                                "Actual Total Time": 156.885,
                                "Actual Rows": 1264156,
                                "Actual Loops": 2
                              }
                            ]
                          }
                        ]
                      }
                    ]
                  }
                ]
              }
            ]
          }
        ]
      }
    ]
  },
  "Planning Time": 0.844,
  "Triggers": [],
  "Execution Time": 872.953
}