{
  "Plan": {
    "Node Type": "Aggregate",
    "Strategy": "Plain",
    "Partial Mode": "Finalize",
    "Parallel Aware": false,
    "Startup Cost": 145026.32,
    "Total Cost": 145026.33,
    "Plan Rows": 1,
    "Plan Width": 8,
    "Actual Startup Time": 797.286,
    "Actual Total Time": 816.29,
    "Actual Rows": 1,
    "Actual Loops": 1,
    "Plans": [
      {
        "Node Type": "Gather",
        "Parent Relationship": "Outer",
        "Parallel Aware": false,
        "Startup Cost": 145026.21,
        "Total Cost": 145026.32,
        "Plan Rows": 1,
        "Plan Width": 8,
        "Actual Startup Time": 795.406,
        "Actual Total Time": 816.282,
        "Actual Rows": 2,
        "Actual Loops": 1,
        "Workers Planned": 1,
        "Workers Launched": 1,
        "Single Copy": false,
        "Plans": [
          {
            "Node Type": "Aggregate",
            "Strategy": "Plain",
            "Partial Mode": "Partial",
            "Parent Relationship": "Outer",
            "Parallel Aware": false,
            "Startup Cost": 144026.21,
            "Total Cost": 144026.22,
            "Plan Rows": 1,
            "Plan Width": 8,
            "Actual Startup Time": 788.94,
            "Actual Total Time": 788.945,
            "Actual Rows": 1,
            "Actual Loops": 2,
            "Plans": [
              {
                "Node Type": "Hash Join",
                "Parent Relationship": "Outer",
                "Parallel Aware": true,
                "Join Type": "Inner",
                "Startup Cost": 81049.79,
                "Total Cost": 143450.05,
                "Plan Rows": 230462,
                "Plan Width": 0,
                "Actual Startup Time": 358.318,
                "Actual Total Time": 747.835,
                "Actual Rows": 1036776,
                "Actual Loops": 2,
                "Inner Unique": false,
                "Hash Cond": "(mk.movie_id = t.id)",
                "Plans": [
                  {
                    "Node Type": "Seq Scan",
                    "Parent Relationship": "Outer",
                    "Parallel Aware": true,
                    "Relation Name": "movie_keyword",
                    "Alias": "mk",
                    "Startup Cost": 0.0,
                    "Total Cost": 51065.35,
                    "Plan Rows": 2661135,
                    "Plan Width": 4,
                    "Actual Startup Time": 0.013,
                    "Actual Total Time": 153.839,
                    "Actual Rows": 2261965,
                    "Actual Loops": 2
                  },
                  {
                    "Node Type": "Hash",
                    "Parent Relationship": "Inner",
                    "Parallel Aware": true,
                    "Startup Cost": 79439.82,
                    "Total Cost": 79439.82,
                    "Plan Rows": 128798,
                    "Plan Width": 8,
                    "Actual Startup Time": 354.583,
                    "Actual Total Time": 354.586,
                    "Actual Rows": 137555,
                    "Actual Loops": 2,
                    "Hash Buckets": 524288,
                    "Original Hash Buckets": 262144,
                    "Hash Batches": 1,
                    "Original Hash Batches": 1,
                    "Peak Memory Usage": 16960,
                    "Plans": [
                      {
                        "Node Type": "Hash Join",
                        "Parent Relationship": "Outer",
                        "Parallel Aware": true,
                        "Join Type": "Inner",
                        "Startup Cost": 61256.03,
                        "Total Cost": 79439.82,
                        "Plan Rows": 128798,
                        "Plan Width": 8,
                        "Actual Startup Time": 187.957,
                        "Actual Total Time": 323.742,
                        "Actual Rows": 137555,
                        "Actual Loops": 2,
                        "Inner Unique": true,
                        "Hash Cond": "(mi_idx.movie_id = t.id)",
                        "Plans": [
                          {
                            "Node Type": "Seq Scan",
                            "Parent Relationship": "Outer",
                            "Parallel Aware": true,
                            "Relation Name": "movie_info_idx",
                            "Alias": "mi_idx",
                            "Startup Cost": 0.0,
                            "Total Cost": 16052.85,
                            "Plan Rows": 811785,
                            "Plan Width": 4,
                            "Actual Startup Time": 0.018,
                            "Actual Total Time": 50.83,
                            "Actual Rows": 690018,
                            "Actual Loops": 2
                          },
                          {
                            "Node Type": "Hash",
                            "Parent Relationship": "Inner",
                            "Parallel Aware": true,
                            "Startup Cost": 58306.47,
                            "Total Cost": 58306.47,
                            "Plan Rows": 235965,
                            "Plan Width": 4,
                            "Actual Startup Time": 183.966,
                            "Actual Total Time": 183.967,
                            "Actual Rows": 167996,
                            "Actual Loops": 2,
                            "Hash Buckets": 524288,
                            "Original Hash Buckets": 524288,
                            "Hash Batches": 1,
                            "Original Hash Batches": 1,
                            "Peak Memory Usage": 17280,
                            "Plans": [
                              {
                                "Node Type": "Seq Scan",
                                "Parent Relationship": "Outer",
                                "Parallel Aware": true,
                                "Relation Name": "title",
                                "Alias": "t",
                                "Startup Cost": 0.0,
                                "Total Cost": 58306.47,
                                "Plan Rows": 235965,
                                "Plan Width": 4,
                                "Actual Startup Time": 0.058,
                                "Actual Total Time": 143.841,
                                "Actual Rows": 167996,
                                "Actual Loops": 2,
                                "Filter": "((kind_id < 7) AND (production_year > 2005))",
                                "Rows Removed by Filter": 1096160
                              }
                            ]
                          }
                        ]
                      }
                    ]
                  }
                ]
              }
            ]
          }
        ]
      }
    ]
  },
  "Planning Time": 1.043,
  "Triggers": [],
  "Execution Time": 816.367
}