{
  "Plan": {
    "Node Type": "Aggregate",
    "Strategy": "Plain",
    "Partial Mode": "Simple",
    "Parallel Aware": false,
    "Startup Cost": 569023.84,
    "Total Cost": 569023.85,
    "Plan Rows": 1,
    "Plan Width": 96,
    "Actual Startup Time": 3587.596,
    "Actual Total Time": 3587.612,
    "Actual Rows": 1,
    "Actual Loops": 1,
    "Plans": [
      {
        "Node Type": "Merge Join",
        "Parent Relationship": "Outer",
        "Parallel Aware": false,
        "Join Type": "Inner",
        "Startup Cost": 569023.8,
        "Total Cost": 569023.83,
        "Plan Rows": 1,
        "Plan Width": 48,
        "Actual Startup Time": 3587.46,
        "Actual Total Time": 3587.546,
        "Actual Rows": 477,
        "Actual Loops": 1,
        "Inner Unique": true,
        "Merge Cond": "(ml.link_type_id = lt.id)",
        "Plans": [
          {
            "Node Type": "Sort",
            "Parent Relationship": "Outer",
            "Parallel Aware": false,
            "Startup Cost": 569022.57,
            "Total Cost": 569022.57,
            "Plan Rows": 1,
            "Plan Width": 40,
            "Actual Startup Time": 3587.421,
            "Actual Total Time": 3587.453,
            "Actual Rows": 477,
            "Actual Loops": 1,
            "Sort Key": [
              "ml.link_type_id"
            ],
            "Sort Method": "quicksort",
            "Sort Space Used": 69,
            "Sort Space Type": "Memory",
            "Plans": [
              {
                "Node Type": "Merge Join",
                "Parent Relationship": "Outer",
                "Parallel Aware": false,
                "Join Type": "Inner",
                "Startup Cost": 569022.53,
                "Total Cost": 569022.56,
                "Plan Rows": 1,
                "Plan Width": 40,
                "Actual Startup Time": 3587.215,
                "Actual Total Time": 3587.3,
                "Actual Rows": 477,
                "Actual Loops": 1,
                "Inner Unique": false,
                "Merge Cond": "(ct.id = mc.company_type_id)",
                "Plans": [
                  {
                    "Node Type": "Sort",
                    "Parent Relationship": "Outer",
                    "Parallel Aware": false,
                    "Startup Cost": 1.06,
                    "Total Cost": 1.06,
                    "Plan Rows": 1,
                    "Plan Width": 4,
                    "Actual Startup Time": 0.019,
                    "Actual Total Time": 0.02,
                    "Actual Rows": 1,
                    "Actual Loops": 1,
                    "Sort Key": [
                      "ct.id"
                    ],
                    "Sort Method": "quicksort",
                    "Sort Space Used": 25,
                    "Sort Space Type": "Memory",
                    "Plans": [
                      {
                        "Node Type": "Seq Scan",
                        "Parent Relationship": "Outer",
                        "Parallel Aware": false,
                        "Relation Name": "company_type",
                        "Alias": "ct",
                        "Startup Cost": 0.0,
                        "Total Cost": 1.05,
                        "Plan Rows": 1,
                        "Plan Width": 4,
                        "Actual Startup Time": 0.01,
                        "Actual Total Time": 0.011,
                        "Actual Rows": 1,
                        "Actual Loops": 1,
                        "Filter": "((kind)::text = 'production companies'::text)",
                        "Rows Removed by Filter": 3
                      }
                    ]
                  },
                  {
                    "Node Type": "Sort",
                    "Parent Relationship": "Inner",
                    "Parallel Aware": false,
                    "Startup Cost": 569021.47,
                    "Total Cost": 569021.48,
                    "Plan Rows": 1,
                    "Plan Width": 44,
                    "Actual Startup Time": 3587.189,
                    "Actual Total Time": 3587.222,
                    "Actual Rows": 534,
                    "Actual Loops": 1,
                    "Sort Key": [
                      "mc.company_type_id"
                    ],
                    "Sort Method": "quicksort",
                    "Sort Space Used": 83,
                    "Sort Space Type": "Memory",
                    "Plans": [
                      {
                        "Node Type": "Merge Join",
                        "Parent Relationship": "Outer",
                        "Parallel Aware": false,
                        "Join Type": "Inner",
                        "Startup Cost": 569021.44,
                        "Total Cost": 569021.46,
                        "Plan Rows": 1,
                        "Plan Width": 44,
                        "Actual Startup Time": 3586.979,
                        "Actual Total Time": 3587.076,
                        "Actual Rows": 534,
                        "Actual Loops": 1,
                        "Inner Unique": false,
                        "Merge Cond": "(cct1.id = cc.subject_id)",
                        "Plans": [
                          {
                            "Node Type": "Sort",
                            "Parent Relationship": "Outer",
                            "Parallel Aware": false,
                            "Startup Cost": 1.06,
                            "Total Cost": 1.06,
                            "Plan Rows": 2,
                            "Plan Width": 4,
                            "Actual Startup Time": 0.014,
                            "Actual Total Time": 0.015,
                            "Actual Rows": 2,
                            "Actual Loops": 1,
                            "Sort Key": [
                              "cct1.id"
                            ],
                            "Sort Method": "quicksort",
                            "Sort Space Used": 25,
                            "Sort Space Type": "Memory",
                            "Plans": [
                              {
                                "Node Type": "Seq Scan",
                                "Parent Relationship": "Outer",
                                "Parallel Aware": false,
                                "Relation Name": "comp_cast_type",
                                "Alias": "cct1",
                                "Startup Cost": 0.0,
                                "Total Cost": 1.05,
                                "Plan Rows": 2,
                                "Plan Width": 4,
                                "Actual Startup Time": 0.005,
                                "Actual Total Time": 0.006,
                                "Actual Rows": 2,
                                "Actual Loops": 1,
                                "Filter": "((kind)::text = ANY ('{cast,crew}'::text[]))",
                                "Rows Removed by Filter": 2
                              }
                            ]
                          },
                          {
                            "Node Type": "Sort",
                            "Parent Relationship": "Inner",
                            "Parallel Aware": false,
                            "Startup Cost": 569020.38,
                            "Total Cost": 569020.38,
                            "Plan Rows": 1,
                            "Plan Width": 48,
                            "Actual Startup Time": 3586.963,
                            "Actual Total Time": 3586.997,
                            "Actual Rows": 534,
                            "Actual Loops": 1,
                            "Sort Key": [
                              "cc.subject_id"
                            ],
                            "Sort Method": "quicksort",
                            "Sort Space Used": 96,
                            "Sort Space Type": "Memory",
                            "Plans": [
                              {
                                "Node Type": "Merge Join",
                                "Parent Relationship": "Outer",
                                "Parallel Aware": false,
                                "Join Type": "Inner",
                                "Startup Cost": 555247.13,
                                "Total Cost": 569020.37,
                                "Plan Rows": 1,
                                "Plan Width": 48,
                                "Actual Startup Time": 3551.539,
                                "Actual Total Time": 3586.815,
                                "Actual Rows": 534,
                                "Actual Loops": 1,
                                "Inner Unique": false,
                                "Merge Cond": "(cn.id = mc.company_id)",
                                "Plans": [
                                  {
                                    "Node Type": "Index Scan",
                                    "Parent Relationship": "Outer",
                                    "Parallel Aware": false,
                                    "Scan Direction": "Forward",
                                    "Index Name": "company_name_pkey",
                                    "Relation Name": "company_name",
                                    "Alias": "cn",
                                    "Startup Cost": 0.42,
                                    "Total Cost": 13644.41,
                                    "Plan Rows": 55187,
                                    "Plan Width": 23,
                                    "Actual Startup Time": 0.181,
                                    "Actual Total Time": 37.59,
                                    "Actual Rows": 14128,
                                    "Actual Loops": 1,
                                    "Filter": "(((country_code)::text <> '[pl]'::text) AND ((name ~~ '%Film%'::text) OR (name ~~ '%Warner%'::text)))",
                                    "Rows Removed by Filter": 59511
                                  },
                                  {
                                    "Node Type": "Sort",
                                    "Parent Relationship": "Inner",
                                    "Parallel Aware": false,
                                    "Startup Cost": 555246.71,
                                    "Total Cost": 555246.71,
                                    "Plan Rows": 1,
                                    "Plan Width": 33,
                                    "Actual Startup Time": 3548.361,
                                    "Actual Total Time": 3548.433,
                                    "Actual Rows": 1163,
                                    "Actual Loops": 1,
                                    "Sort Key": [
                                      "mc.company_id"
                                    ],
                                    "Sort Method": "quicksort",
                                    "Sort Space Used": 139,
                                    "Sort Space Type": "Memory",
                                    "Plans": [
                                      {
                                        "Node Type": "Merge Join",
                                        "Parent Relationship": "Outer",
                                        "Parallel Aware": false,
                                        "Join Type": "Inner",
                                        "Startup Cost": 555246.67,
                                        "Total Cost": 555246.7,
                                        "Plan Rows": 1,
                                        "Plan Width": 33,
                                        "Actual Startup Time": 3547.934,
                                        "Actual Total Time": 3548.119,
                                        "Actual Rows": 1163,
                                        "Actual Loops": 1,
                                        "Inner Unique": false,
                                        "Merge Cond": "(cct2.id = cc.status_id)",
                                        "Plans": [
                                          {
                                            "Node Type": "Sort",
                                            "Parent Relationship": "Outer",
                                            "Parallel Aware": false,
                                            "Startup Cost": 1.06,
                                            "Total Cost": 1.06,
                                            "Plan Rows": 1,
                                            "Plan Width": 4,
                                            "Actual Startup Time": 0.011,
                                            "Actual Total Time": 0.012,
                                            "Actual Rows": 1,
                                            "Actual Loops": 1,
                                            "Sort Key": [
                                              "cct2.id"
                                            ],
                                            "Sort Method": "quicksort",
                                            "Sort Space Used": 25,
                                            "Sort Space Type": "Memory",
                                            "Plans": [
                                              {
                                                "Node Type": "Seq Scan",
                                                "Parent Relationship": "Outer",
                                                "Parallel Aware": false,
                                                "Relation Name": "comp_cast_type",
                                                "Alias": "cct2",
                                                "Startup Cost": 0.0,
                                                "Total Cost": 1.05,
                                                "Plan Rows": 1,
                                                "Plan Width": 4,
                                                "Actual Startup Time": 0.003,
                                                "Actual Total Time": 0.003,
                                                "Actual Rows": 1,
                                                "Actual Loops": 1,
                                                "Filter": "((kind)::text = 'complete'::text)",
                                                "Rows Removed by Filter": 3
                                              }
                                            ]
                                          },
                                          {
                                            "Node Type": "Sort",
                                            "Parent Relationship": "Inner",
                                            "Parallel Aware": false,
                                            "Startup Cost": 555245.61,
                                            "Total Cost": 555245.62,
                                            "Plan Rows": 1,
                                            "Plan Width": 37,
                                            "Actual Startup Time": 3547.92,
                                            "Actual Total Time": 3547.976,
                                            "Actual Rows": 1164,
                                            "Actual Loops": 1,
                                            "Sort Key": [
                                              "cc.status_id"
                                            ],
                                            "Sort Method": "quicksort",
                                            "Sort Space Used": 175,
                                            "Sort Space Type": "Memory",
                                            "Plans": [
                                              {
                                                "Node Type": "Merge Join",
                                                "Parent Relationship": "Outer",
                                                "Parallel Aware": false,
                                                "Join Type": "Inner",
                                                "Startup Cost": 508456.72,
                                                "Total Cost": 555245.6,
                                                "Plan Rows": 1,
                                                "Plan Width": 37,
                                                "Actual Startup Time": 3408.154,
                                                "Actual Total Time": 3547.594,
                                                "Actual Rows": 1619,
                                                "Actual Loops": 1,
                                                "Inner Unique": false,
                                                "Merge Cond": "(mi.movie_id = ml.movie_id)",
                                                "Plans": [
                                                  {
                                                    "Node Type": "Index Scan",
                                                    "Parent Relationship": "Outer",
                                                    "Parallel Aware": false,
                                                    "Scan Direction": "Forward",
                                                    "Index Name": "movie_id_movie_info",
                                                    "Relation Name": "movie_info",
                                                    "Alias": "mi",
                                                    "Startup Cost": 0.43,
                                                    "Total Cost": 1155764.61,
                                                    "Plan Rows": 140637,
                                                    "Plan Width": 4,
                                                    "Actual Startup Time": 1.772,
                                                    "Actual Total Time": 143.941,
                                                    "Actual Rows": 3256,
                                                    "Actual Loops": 1,
                                                    "Filter": "(info = ANY ('{Sweden,Germany,Swedish,German}'::text[]))",
                                                    "Rows Removed by Filter": 434879
                                                  },
                                                  {
                                                    "Node Type": "Materialize",
                                                    "Parent Relationship": "Inner",
                                                    "Parallel Aware": false,
                                                    "Startup Cost": 508456.29,
                                                    "Total Cost": 515556.26,
                                                    "Plan Rows": 2,
                                                    "Plan Width": 57,
                                                    "Actual Startup Time": 3376.106,
                                                    "Actual Total Time": 3403.198,
                                                    "Actual Rows": 1705,
                                                    "Actual Loops": 1,
                                                    "Plans": [
                                                      {
                                                        "Node Type": "Merge Join",
                                                        "Parent Relationship": "Outer",
                                                        "Parallel Aware": false,
                                                        "Join Type": "Inner",
                                                        "Startup Cost": 508456.29,
                                                        "Total Cost": 515556.26,
                                                        "Plan Rows": 2,
                                                        "Plan Width": 57,
                                                        "Actual Startup Time": 3376.092,
                                                        "Actual Total Time": 3402.908,
                                                        "Actual Rows": 639,
                                                        "Actual Loops": 1,
                                                        "Inner Unique": false,
                                                        "Merge Cond": "(cc.movie_id = ml.movie_id)",
                                                        "Plans": [
                                                          {
                                                            "Node Type": "Index Scan",
                                                            "Parent Relationship": "Outer",
                                                            "Parallel Aware": false,
                                                            "Scan Direction": "Forward",
                                                            "Index Name": "movie_id_complete_cast",
                                                            "Relation Name": "complete_cast",
                                                            "Alias": "cc",
                                                            "Startup Cost": 0.42,
                                                            "Total Cost": 6650.11,
                                                            "Plan Rows": 135086,
                                                            "Plan Width": 12,
                                                            "Actual Startup Time": 0.012,
                                                            "Actual Total Time": 1.557,
                                                            "Actual Rows": 5095,
                                                            "Actual Loops": 1
                                                          },
                                                          {
                                                            "Node Type": "Materialize",
                                                            "Parent Relationship": "Inner",
                                                            "Parallel Aware": false,
                                                            "Startup Cost": 508455.87,
                                                            "Total Cost": 515249.69,
                                                            "Plan Rows": 9,
                                                            "Plan Width": 45,
                                                            "Actual Startup Time": 3373.008,
                                                            "Actual Total Time": 3400.89,
                                                            "Actual Rows": 998,
                                                            "Actual Loops": 1,
                                                            "Plans": [
                                                              {
                                                                "Node Type": "Merge Join",
                                                                "Parent Relationship": "Outer",
                                                                "Parallel Aware": false,
                                                                "Join Type": "Inner",
                                                                "Startup Cost": 508455.87,
                                                                "Total Cost": 515249.67,
                                                                "Plan Rows": 9,
                                                                "Plan Width": 45,
                                                                "Actual Startup Time": 3373.004,
                                                                "Actual Total Time": 3400.602,
                                                                "Actual Rows": 845,
                                                                "Actual Loops": 1,
                                                                "Inner Unique": false,
                                                                "Merge Cond": "(mc.movie_id = ml.movie_id)",
                                                                "Plans": [
                                                                  {
                                                                    "Node Type": "Index Scan",
                                                                    "Parent Relationship": "Outer",
                                                                    "Parallel Aware": false,
                                                                    "Scan Direction": "Forward",
                                                                    "Index Name": "movie_id_movie_companies",
                                                                    "Relation Name": "movie_companies",
                                                                    "Alias": "mc",
                                                                    "Startup Cost": 0.43,
                                                                    "Total Cost": 140404.76,
                                                                    "Plan Rows": 1269863,
                                                                    "Plan Width": 12,
                                                                    "Actual Startup Time": 0.037,
                                                                    "Actual Total Time": 19.51,
                                                                    "Actual Rows": 41251,
                                                                    "Actual Loops": 1,
                                                                    "Filter": "(note IS NULL)",
                                                                    "Rows Removed by Filter": 41788
                                                                  },
                                                                  {
                                                                    "Node Type": "Materialize",
                                                                    "Parent Relationship": "Inner",
                                                                    "Parallel Aware": false,
                                                                    "Startup Cost": 508455.44,
                                                                    "Total Cost": 509641.68,
                                                                    "Plan Rows": 4,
                                                                    "Plan Width": 33,
                                                                    "Actual Startup Time": 3372.107,
                                                                    "Actual Total Time": 3378.975,
                                                                    "Actual Rows": 856,
                                                                    "Actual Loops": 1,
                                                                    "Plans": [
                                                                      {
                                                                        "Node Type": "Merge Join",
                                                                        "Parent Relationship": "Outer",
                                                                        "Parallel Aware": false,
                                                                        "Join Type": "Inner",
                                                                        "Startup Cost": 508455.44,
                                                                        "Total Cost": 509641.67,
                                                                        "Plan Rows": 4,
                                                                        "Plan Width": 33,
                                                                        "Actual Startup Time": 3372.102,
                                                                        "Actual Total Time": 3378.884,
                                                                        "Actual Rows": 199,
                                                                        "Actual Loops": 1,
                                                                        "Inner Unique": false,
                                                                        "Merge Cond": "(ml.movie_id = t.id)",
                                                                        "Plans": [
                                                                          {
                                                                            "Node Type": "Index Scan",
                                                                            "Parent Relationship": "Outer",
                                                                            "Parallel Aware": false,
                                                                            "Scan Direction": "Forward",
                                                                            "Index Name": "movie_id_movie_link",
                                                                            "Relation Name": "movie_link",
                                                                            "Alias": "ml",
                                                                            "Startup Cost": 0.29,
                                                                            "Total Cost": 1111.51,
                                                                            "Plan Rows": 29997,
                                                                            "Plan Width": 8,
                                                                            "Actual Startup Time": 0.011,
                                                                            "Actual Total Time": 5.007,
                                                                            "Actual Rows": 29997,
                                                                            "Actual Loops": 1
                                                                          },
                                                                          {
                                                                            "Node Type": "Sort",
                                                                            "Parent Relationship": "Inner",
                                                                            "Parallel Aware": false,
                                                                            "Startup Cost": 508455.15,
                                                                            "Total Cost": 508455.18,
                                                                            "Plan Rows": 12,
                                                                            "Plan Width": 25,
                                                                            "Actual Startup Time": 3371.935,
                                                                            "Actual Total Time": 3371.966,
                                                                            "Actual Rows": 212,
                                                                            "Actual Loops": 1,
                                                                            "Sort Key": [
                                                                              "mk.movie_id"
                                                                            ],
                                                                            "Sort Method": "quicksort",
                                                                            "Sort Space Used": 657,
                                                                            "Sort Space Type": "Memory",
                                                                            "Plans": [
                                                                              {
                                                                                "Node Type": "Merge Join",
                                                                                "Parent Relationship": "Outer",
                                                                                "Parallel Aware": false,
                                                                                "Join Type": "Inner",
                                                                                "Startup Cost": 500349.79,
                                                                                "Total Cost": 508454.93,
                                                                                "Plan Rows": 12,
                                                                                "Plan Width": 25,
                                                                                "Actual Startup Time": 3368.167,
                                                                                "Actual Total Time": 3370.345,
                                                                                "Actual Rows": 5541,
                                                                                "Actual Loops": 1,
                                                                                "Inner Unique": false,
                                                                                "Merge Cond": "(k.id = mk.keyword_id)",
                                                                                "Plans": [
                                                                                  {
                                                                                    "Node Type": "Sort",
                                                                                    "Parent Relationship": "Outer",
                                                                                    "Parallel Aware": false,
                                                                                    "Startup Cost": 2626.14,
                                                                                    "Total Cost": 2626.14,
                                                                                    "Plan Rows": 1,
                                                                                    "Plan Width": 4,
                                                                                    "Actual Startup Time": 13.817,
                                                                                    "Actual Total Time": 13.818,
                                                                                    "Actual Rows": 1,
                                                                                    "Actual Loops": 1,
                                                                                    "Sort Key": [
                                                                                      "k.id"
                                                                                    ],
                                                                                    "Sort Method": "quicksort",
                                                                                    "Sort Space Used": 25,
                                                                                    "Sort Space Type": "Memory",
                                                                                    "Plans": [
                                                                                      {
                                                                                        "Node Type": "Seq Scan",
                                                                                        "Parent Relationship": "Outer",
                                                                                        "Parallel Aware": false,
                                                                                        "Relation Name": "keyword",
                                                                                        "Alias": "k",
                                                                                        "Startup Cost": 0.0,
                                                                                        "Total Cost": 2626.12,
                                                                                        "Plan Rows": 1,
                                                                                        "Plan Width": 4,
                                                                                        "Actual Startup Time": 0.782,
                                                                                        "Actual Total Time": 13.791,
                                                                                        "Actual Rows": 1,
                                                                                        "Actual Loops": 1,
                                                                                        "Filter": "(keyword = 'sequel'::text)",
                                                                                        "Rows Removed by Filter": 134169
                                                                                      }
                                                                                    ]
                                                                                  },
                                                                                  {
                                                                                    "Node Type": "Sort",
                                                                                    "Parent Relationship": "Inner",
                                                                                    "Parallel Aware": false,
                                                                                    "Startup Cost": 497694.87,
                                                                                    "Total Cost": 501761.77,
                                                                                    "Plan Rows": 1626761,
                                                                                    "Plan Width": 29,
                                                                                    "Actual Startup Time": 3283.529,
                                                                                    "Actual Total Time": 3335.894,
                                                                                    "Actual Rows": 260246,
                                                                                    "Actual Loops": 1,
                                                                                    "Sort Key": [
                                                                                      "mk.keyword_id"
                                                                                    ],
                                                                                    "Sort Method": "quicksort",
                                                                                    "Sort Space Used": 213069,
                                                                                    "Sort Space Type": "Memory",
                                                                                    "Plans": [
                                                                                      {
                                                                                        "Node Type": "Merge Join",
                                                                                        "Parent Relationship": "Outer",
                                                                                        "Parallel Aware": false,
                                                                                        "Join Type": "Inner",
                                                                                        "Startup Cost": 15.05,
                                                                                        "Total Cost": 329865.42,
                                                                                        "Plan Rows": 1626761,
                                                                                        "Plan Width": 29,
                                                                                        "Actual Startup Time": 0.507,
                                                                                        "Actual Total Time": 2686.157,
                                                                                        "Actual Rows": 2011296,
                                                                                        "Actual Loops": 1,
                                                                                        "Inner Unique": true,
                                                                                        "Merge Cond": "(mk.movie_id = t.id)",
                                                                                        "Plans": [
                                                                                          {
                                                                                            "Node Type": "Index Scan",
                                                                                            "Parent Relationship": "Outer",
                                                                                            "Parallel Aware": false,
                                                                                            "Scan Direction": "Forward",
                                                                                            "Index Name": "movie_id_movie_keyword",
                                                                                            "Relation Name": "movie_keyword",
                                                                                            "Alias": "mk",
                                                                                            "Startup Cost": 0.43,
                                                                                            "Total Cost": 177148.48,
                                                                                            "Plan Rows": 4523930,
                                                                                            "Plan Width": 8,
                                                                                            "Actual Startup Time": 0.018,
                                                                                            "Actual Total Time": 643.668,
                                                                                            "Actual Rows": 4523930,
                                                                                            "Actual Loops": 1
                                                                                          },
                                                                                          {
                                                                                            "Node Type": "Index Scan",
                                                                                            "Parent Relationship": "Inner",
                                                                                            "Parallel Aware": false,
                                                                                            "Scan Direction": "Forward",
                                                                                            "Index Name": "title_pkey",
                                                                                            "Relation Name": "title",
                                                                                            "Alias": "t",
                                                                                            "Startup Cost": 0.43,
                                                                                            "Total Cost": 123001.61,
                                                                                            "Plan Rows": 909227,
                                                                                            "Plan Width": 21,
                                                                                            "Actual Startup Time": 0.016,
                                                                                            "Actual Total Time": 1564.81,
                                                                                            "Actual Rows": 909865,
                                                                                            "Actual Loops": 1,
                                                                                            "Filter": "((production_year >= 1950) AND (production_year <= 2000))",
                                                                                            "Rows Removed by Filter": 1616106
                                                                                          }
                                                                                        ]
                                                                                      }
                                                                                    ]
                                                                                  }
                                                                                ]
                                                                              }
                                                                            ]
                                                                          }
                                                                        ]
                                                                      }
                                                                    ]
                                                                  }
                                                                ]
                                                              }
                                                            ]
                                                          }
                                                        ]
                                                      }
                                                    ]
                                                  }
                                                ]
                                              }
                                            ]
                                          }
                                        ]
                                      }
                                    ]
                                  }
                                ]
                              }
                            ]
                          }
                        ]
                      }
                    ]
                  }
                ]
              }
            ]
          },
          {
            "Node Type": "Sort",
            "Parent Relationship": "Inner",
            "Parallel Aware": false,
            "Startup Cost": 1.24,
            "Total Cost": 1.24,
            "Plan Rows": 1,
            "Plan Width": 16,
            "Actual Startup Time": 0.036,
            "Actual Total Time": 0.037,
            "Actual Rows": 2,
            "Actual Loops": 1,
            "Sort Key": [
              "lt.id"
            ],
            "Sort Method": "quicksort",
            "Sort Space Used": 25,
            "Sort Space Type": "Memory",
            "Plans": [
              {
                "Node Type": "Seq Scan",
                "Parent Relationship": "Outer",
                "Parallel Aware": false,
                "Relation Name": "link_type",
                "Alias": "lt",
                "Startup Cost": 0.0,
                "Total Cost": 1.23,
                "Plan Rows": 1,
                "Plan Width": 16,
                "Actual Startup Time": 0.018,
                "Actual Total Time": 0.021,
                "Actual Rows": 2,
                "Actual Loops": 1,
                "Filter": "((link)::text ~~ '%follow%'::text)",
                "Rows Removed by Filter": 16
              }
            ]
          }
        ]
      }
    ]
  },
  "Planning Time": 78.13,
  "Triggers": [],
  "Execution Time": 3604.768
}