[
  {
    "Plan": {
      "Node Type": "Aggregate",
      "Strategy": "Plain",
      "Partial Mode": "Finalize",
      "Parallel Aware": false,
      "Startup Cost": 428376.06,
      "Total Cost": 428376.07,
      "Plan Rows": 1,
      "Plan Width": 8,
      "Actual Startup Time": 2336.846,
      "Actual Total Time": 2417.665,
      "Actual Rows": 1,
      "Actual Loops": 1,
      "Plans": [
        {
          "Node Type": "Gather",
          "Parent Relationship": "Outer",
          "Parallel Aware": false,
          "Startup Cost": 428375.43,
          "Total Cost": 428376.04,
          "Plan Rows": 6,
          "Plan Width": 8,
          "Actual Startup Time": 2328.116,
          "Actual Total Time": 2417.654,
          "Actual Rows": 7,
          "Actual Loops": 1,
          "Workers Planned": 6,
          "Workers Launched": 6,
          "Single Copy": false,
          "Plans": [
            {
              "Node Type": "Aggregate",
              "Strategy": "Plain",
              "Partial Mode": "Partial",
              "Parent Relationship": "Outer",
              "Parallel Aware": false,
              "Startup Cost": 427375.43,
              "Total Cost": 427375.44,
              "Plan Rows": 1,
              "Plan Width": 8,
              "Actual Startup Time": 2317.001,
              "Actual Total Time": 2317.062,
              "Actual Rows": 1,
              "Actual Loops": 7,
              "Plans": [
                {
                  "Node Type": "Hash Join",
                  "Parent Relationship": "Outer",
                  "Parallel Aware": true,
                  "Join Type": "Inner",
                  "Startup Cost": 82804.1,
                  "Total Cost": 422944.53,
                  "Plan Rows": 1772361,
                  "Plan Width": 0,
                  "Actual Startup Time": 300.779,
                  "Actual Total Time": 2182.426,
                  "Actual Rows": 2614396,
                  "Actual Loops": 7,
                  "Inner Unique": false,
                  "Hash Cond": "(ci.movie_id = t.id)",
                  "Plans": [
                    {
                      "Node Type": "Seq Scan",
                      "Parent Relationship": "Outer",
                      "Parallel Aware": true,
                      "Relation Name": "cast_info",
                      "Alias": "ci",
                      "Startup Cost": 0.0,
                      "Total Cost": 313067.02,
                      "Plan Rows": 6038002,
                      "Plan Width": 4,
                      "Actual Startup Time": 0.028,
                      "Actual Total Time": 619.198,
                      "Actual Rows": 5177763,
                      "Actual Loops": 7
                    },
                    {
                      "Node Type": "Hash",
                      "Parent Relationship": "Inner",
                      "Parallel Aware": true,
                      "Startup Cost": 80484.92,
                      "Total Cost": 80484.92,
                      "Plan Rows": 185535,
                      "Plan Width": 8,
                      "Actual Startup Time": 297.425,
                      "Actual Total Time": 297.483,
                      "Actual Rows": 74839,
                      "Actual Loops": 7,
                      "Hash Buckets": 1048576,
                      "Original Hash Buckets": 1048576,
                      "Hash Batches": 1,
                      "Original Hash Batches": 1,
                      "Peak Memory Usage": 28800,
                      "Plans": [
                        {
                          "Node Type": "Hash Join",
                          "Parent Relationship": "Outer",
                          "Parallel Aware": true,
                          "Join Type": "Inner",
                          "Startup Cost": 34407.32,
                          "Total Cost": 80484.92,
                          "Plan Rows": 185535,
                          "Plan Width": 8,
                          "Actual Startup Time": 130.367,
                          "Actual Total Time": 262.471,
                          "Actual Rows": 74839,
                          "Actual Loops": 7,
                          "Inner Unique": false,
                          "Hash Cond": "(t.id = mc.movie_id)",
                          "Plans": [
                            {
                              "Node Type": "Seq Scan",
                              "Parent Relationship": "Outer",
                              "Parallel Aware": true,
                              "Relation Name": "title",
                              "Alias": "t",
                              "Startup Cost": 0.0,
                              "Total Cost": 42318.73,
                              "Plan Rows": 632073,
                              "Plan Width": 4,
                              "Actual Startup Time": 0.017,
                              "Actual Total Time": 61.904,
                              "Actual Rows": 361187,
                              "Actual Loops": 7
                            },
                            {
                              "Node Type": "Hash",
                              "Parent Relationship": "Inner",
                              "Parallel Aware": true,
                              "Startup Cost": 31414.82,
                              "Total Cost": 31414.82,
                              "Plan Rows": 239400,
                              "Plan Width": 4,
                              "Actual Startup Time": 104.092,
                              "Actual Total Time": 104.093,
                              "Actual Rows": 74839,
                              "Actual Loops": 7,
                              "Hash Buckets": 1048576,
                              "Original Hash Buckets": 1048576,
                              "Hash Batches": 1,
                              "Original Hash Batches": 1,
                              "Peak Memory Usage": 28800,
                              "Plans": [
                                {
                                  "Node Type": "Seq Scan",
                                  "Parent Relationship": "Outer",
                                  "Parallel Aware": true,
                                  "Relation Name": "movie_companies",
                                  "Alias": "mc",
                                  "Startup Cost": 0.0,
                                  "Total Cost": 31414.82,
                                  "Plan Rows": 239400,
                                  "Plan Width": 4,
                                  "Actual Startup Time": 8.519,
                                  "Actual Total Time": 64.08,
                                  "Actual Rows": 74839,
                                  "Actual Loops": 7,
                                  "Filter": "((company_id > 7503) AND (company_type_id = 1))",
                                  "Rows Removed by Filter": 297893
                                }
                              ]
                            }
                          ]
                        }
                      ]
                    }
                  ]
                }
              ]
            }
          ]
        }
      ]
    },
    "Planning Time": 1.356,
    "Triggers": [],
    "Execution Time": 2417.788
  }
]