[
  {
    "Plan": {
      "Node Type": "Aggregate",
      "Strategy": "Plain",
      "Partial Mode": "Finalize",
      "Parallel Aware": false,
      "Startup Cost": 45204.11,
      "Total Cost": 45204.12,
      "Plan Rows": 1,
      "Plan Width": 8,
      "Actual Startup Time": 136.304,
      "Actual Total Time": 145.337,
      "Actual Rows": 1,
      "Actual Loops": 1,
      "Plans": [
        {
          "Node Type": "Gather",
          "Parent Relationship": "Outer",
          "Parallel Aware": false,
          "Startup Cost": 45203.8,
          "Total Cost": 45204.11,
          "Plan Rows": 3,
          "Plan Width": 8,
          "Actual Startup Time": 136.023,
          "Actual Total Time": 145.327,
          "Actual Rows": 4,
          "Actual Loops": 1,
          "Workers Planned": 3,
          "Workers Launched": 3,
          "Single Copy": false,
          "Plans": [
            {
              "Node Type": "Aggregate",
              "Strategy": "Plain",
              "Partial Mode": "Partial",
              "Parent Relationship": "Outer",
              "Parallel Aware": false,
              "Startup Cost": 44203.8,
              "Total Cost": 44203.81,
              "Plan Rows": 1,
              "Plan Width": 8,
              "Actual Startup Time": 130.661,
              "Actual Total Time": 130.663,
              "Actual Rows": 1,
              "Actual Loops": 4,
              "Plans": [
                {
                  "Node Type": "Seq Scan",
                  "Parent Relationship": "Outer",
                  "Parallel Aware": true,
                  "Relation Name": "movie_keyword",
                  "Alias": "mk",
                  "Startup Cost": 0.0,
                  "Total Cost": 42695.65,
                  "Plan Rows": 603257,
                  "Plan Width": 0,
                  "Actual Startup Time": 0.369,
                  "Actual Total Time": 109.484,
                  "Actual Rows": 464480,
                  "Actual Loops": 4,
                  "Filter": "(keyword_id > 7436)",
                  "Rows Removed by Filter": 666503
                }
              ]
            }
          ]
        }
      ]
    },
    "Planning Time": 0.087,
    "Triggers": [],
    "Execution Time": 145.363
  }
]