[
    {
        "Bao": {
            "Bao prediction": 1366.232,
            "Bao recommended hint": "SET enable_mergejoin TO off; "
        }
    },
    {
        "Plan": {
            "Node Type": "Aggregate",
            "Strategy": "Plain",
            "Partial Mode": "Finalize",
            "Parallel Aware": false,
            "Startup Cost": 273680.15,
            "Total Cost": 273680.16,
            "Plan Rows": 1,
            "Plan Width": 8,
            "Actual Startup Time": 1674.955,
            "Actual Total Time": 1711.167,
            "Actual Rows": 1,
            "Actual Loops": 1,
            "Output": [
                "count(*)"
            ],
            "Plans": [
                {
                    "Node Type": "Gather",
                    "Parent Relationship": "Outer",
                    "Parallel Aware": false,
                    "Startup Cost": 273679.83,
                    "Total Cost": 273680.14,
                    "Plan Rows": 3,
                    "Plan Width": 8,
                    "Actual Startup Time": 1648.236,
                    "Actual Total Time": 1711.144,
                    "Actual Rows": 4,
                    "Actual Loops": 1,
                    "Output": [
                        "(PARTIAL count(*))"
                    ],
                    "Workers Planned": 3,
                    "Workers Launched": 3,
                    "Single Copy": false,
                    "Plans": [
                        {
                            "Node Type": "Aggregate",
                            "Strategy": "Plain",
                            "Partial Mode": "Partial",
                            "Parent Relationship": "Outer",
                            "Parallel Aware": false,
                            "Startup Cost": 272679.83,
                            "Total Cost": 272679.84,
                            "Plan Rows": 1,
                            "Plan Width": 8,
                            "Actual Startup Time": 1635.507,
                            "Actual Total Time": 1635.73,
                            "Actual Rows": 1,
                            "Actual Loops": 4,
                            "Output": [
                                "PARTIAL count(*)"
                            ],
                            "Workers": [
                                {
                                    "Worker Number": 0,
                                    "Actual Startup Time": 1632.157,
                                    "Actual Total Time": 1632.161,
                                    "Actual Rows": 1,
                                    "Actual Loops": 1
                                },
                                {
                                    "Worker Number": 1,
                                    "Actual Startup Time": 1631.149,
                                    "Actual Total Time": 1631.155,
                                    "Actual Rows": 1,
                                    "Actual Loops": 1
                                },
                                {
                                    "Worker Number": 2,
                                    "Actual Startup Time": 1631.289,
                                    "Actual Total Time": 1631.295,
                                    "Actual Rows": 1,
                                    "Actual Loops": 1
                                }
                            ],
                            "Plans": [
                                {
                                    "Node Type": "Hash Join",
                                    "Parent Relationship": "Outer",
                                    "Parallel Aware": true,
                                    "Join Type": "Inner",
                                    "Startup Cost": 240524.72,
                                    "Total Cost": 271684.07,
                                    "Plan Rows": 398302,
                                    "Plan Width": 0,
                                    "Actual Startup Time": 824.865,
                                    "Actual Total Time": 1421.679,
                                    "Actual Rows": 3451213,
                                    "Actual Loops": 4,
                                    "Inner Unique": false,
                                    "Hash Cond": "(mc.movie_id = t.id)",
                                    "Workers": [
                                        {
                                            "Worker Number": 0,
                                            "Actual Startup Time": 820.883,
                                            "Actual Total Time": 1417.172,
                                            "Actual Rows": 3462884,
                                            "Actual Loops": 1
                                        },
                                        {
                                            "Worker Number": 1,
                                            "Actual Startup Time": 820.724,
                                            "Actual Total Time": 1417.505,
                                            "Actual Rows": 3437707,
                                            "Actual Loops": 1
                                        },
                                        {
                                            "Worker Number": 2,
                                            "Actual Startup Time": 820.881,
                                            "Actual Total Time": 1417.984,
                                            "Actual Rows": 3429004,
                                            "Actual Loops": 1
                                        }
                                    ],
                                    "Plans": [
                                        {
                                            "Node Type": "Seq Scan",
                                            "Parent Relationship": "Outer",
                                            "Parallel Aware": true,
                                            "Relation Name": "movie_companies",
                                            "Schema": "public",
                                            "Alias": "mc",
                                            "Startup Cost": 0.0,
                                            "Total Cost": 27206.55,
                                            "Plan Rows": 841655,
                                            "Plan Width": 4,
                                            "Actual Startup Time": 0.028,
                                            "Actual Total Time": 76.593,
                                            "Actual Rows": 652282,
                                            "Actual Loops": 4,
                                            "Output": [
                                                "mc.id",
                                                "mc.movie_id",
                                                "mc.company_id",
                                                "mc.company_type_id",
                                                "mc.note"
                                            ],
                                            "Workers": [
                                                {
                                                    "Worker Number": 0,
                                                    "Actual Startup Time": 0.027,
                                                    "Actual Total Time": 77.514,
                                                    "Actual Rows": 647627,
                                                    "Actual Loops": 1
                                                },
                                                {
                                                    "Worker Number": 1,
                                                    "Actual Startup Time": 0.037,
                                                    "Actual Total Time": 80.322,
                                                    "Actual Rows": 645931,
                                                    "Actual Loops": 1
                                                },
                                                {
                                                    "Worker Number": 2,
                                                    "Actual Startup Time": 0.039,
                                                    "Actual Total Time": 78.806,
                                                    "Actual Rows": 657615,
                                                    "Actual Loops": 1
                                                }
                                            ]
                                        },
                                        {
                                            "Node Type": "Hash",
                                            "Parent Relationship": "Inner",
                                            "Parallel Aware": true,
                                            "Startup Cost": 237533.48,
                                            "Total Cost": 237533.48,
                                            "Plan Rows": 239299,
                                            "Plan Width": 8,
                                            "Actual Startup Time": 817.001,
                                            "Actual Total Time": 817.222,
                                            "Actual Rows": 300092,
                                            "Actual Loops": 4,
                                            "Output": [
                                                "t.id",
                                                "mi.movie_id"
                                            ],
                                            "Hash Buckets": 2097152,
                                            "Original Hash Buckets": 2097152,
                                            "Hash Batches": 1,
                                            "Original Hash Batches": 1,
                                            "Peak Memory Usage": 63392,
                                            "Workers": [
                                                {
                                                    "Worker Number": 0,
                                                    "Actual Startup Time": 820.157,
                                                    "Actual Total Time": 820.16,
                                                    "Actual Rows": 292350,
                                                    "Actual Loops": 1
                                                },
                                                {
                                                    "Worker Number": 1,
                                                    "Actual Startup Time": 820.242,
                                                    "Actual Total Time": 820.245,
                                                    "Actual Rows": 285429,
                                                    "Actual Loops": 1
                                                },
                                                {
                                                    "Worker Number": 2,
                                                    "Actual Startup Time": 820.416,
                                                    "Actual Total Time": 820.419,
                                                    "Actual Rows": 309014,
                                                    "Actual Loops": 1
                                                }
                                            ],
                                            "Plans": [
                                                {
                                                    "Node Type": "Hash Join",
                                                    "Parent Relationship": "Outer",
                                                    "Parallel Aware": true,
                                                    "Join Type": "Inner",
                                                    "Startup Cost": 71921.08,
                                                    "Total Cost": 237533.48,
                                                    "Plan Rows": 239299,
                                                    "Plan Width": 8,
                                                    "Actual Startup Time": 488.426,
                                                    "Actual Total Time": 701.757,
                                                    "Actual Rows": 300092,
                                                    "Actual Loops": 4,
                                                    "Output": [
                                                        "t.id",
                                                        "mi.movie_id"
                                                    ],
                                                    "Inner Unique": true,
                                                    "Hash Cond": "(mi.movie_id = t.id)",
                                                    "Workers": [
                                                        {
                                                            "Worker Number": 0,
                                                            "Actual Startup Time": 488.466,
                                                            "Actual Total Time": 702.486,
                                                            "Actual Rows": 292350,
                                                            "Actual Loops": 1
                                                        },
                                                        {
                                                            "Worker Number": 1,
                                                            "Actual Startup Time": 488.533,
                                                            "Actual Total Time": 702.578,
                                                            "Actual Rows": 285429,
                                                            "Actual Loops": 1
                                                        },
                                                        {
                                                            "Worker Number": 2,
                                                            "Actual Startup Time": 488.16,
                                                            "Actual Total Time": 701.753,
                                                            "Actual Rows": 309014,
                                                            "Actual Loops": 1
                                                        }
                                                    ],
                                                    "Plans": [
                                                        {
                                                            "Node Type": "Bitmap Heap Scan",
                                                            "Parent Relationship": "Outer",
                                                            "Parallel Aware": true,
                                                            "Relation Name": "movie_info",
                                                            "Schema": "public",
                                                            "Alias": "mi",
                                                            "Startup Cost": 21701.28,
                                                            "Total Cost": 186685.52,
                                                            "Plan Rows": 239299,
                                                            "Plan Width": 4,
                                                            "Actual Startup Time": 80.705,
                                                            "Actual Total Time": 165.191,
                                                            "Actual Rows": 300092,
                                                            "Actual Loops": 4,
                                                            "Output": [
                                                                "mi.id",
                                                                "mi.movie_id",
                                                                "mi.info_type_id",
                                                                "mi.info",
                                                                "mi.note"
                                                            ],
                                                            "Recheck Cond": "(mi.info_type_id > 35)",
                                                            "Rows Removed by Index Recheck": 0,
                                                            "Exact Heap Blocks": 9370,
                                                            "Lossy Heap Blocks": 0,
                                                            "Workers": [
                                                                {
                                                                    "Worker Number": 0,
                                                                    "Actual Startup Time": 80.702,
                                                                    "Actual Total Time": 167.466,
                                                                    "Actual Rows": 292350,
                                                                    "Actual Loops": 1
                                                                },
                                                                {
                                                                    "Worker Number": 1,
                                                                    "Actual Startup Time": 80.766,
                                                                    "Actual Total Time": 169.333,
                                                                    "Actual Rows": 285429,
                                                                    "Actual Loops": 1
                                                                },
                                                                {
                                                                    "Worker Number": 2,
                                                                    "Actual Startup Time": 80.557,
                                                                    "Actual Total Time": 167.853,
                                                                    "Actual Rows": 309014,
                                                                    "Actual Loops": 1
                                                                }
                                                            ],
                                                            "Plans": [
                                                                {
                                                                    "Node Type": "Bitmap Index Scan",
                                                                    "Parent Relationship": "Outer",
                                                                    "Parallel Aware": false,
                                                                    "Index Name": "info_type_id_movie_info",
                                                                    "Startup Cost": 0.0,
                                                                    "Total Cost": 21402.16,
                                                                    "Plan Rows": 1196496,
                                                                    "Plan Width": 0,
                                                                    "Actual Startup Time": 71.822,
                                                                    "Actual Total Time": 71.822,
                                                                    "Actual Rows": 1200370,
                                                                    "Actual Loops": 1,
                                                                    "Index Cond": "(mi.info_type_id > 35)",
                                                                    "Workers": [
                                                                        {
                                                                            "Worker Number": 2,
                                                                            "Actual Startup Time": 71.822,
                                                                            "Actual Total Time": 71.822,
                                                                            "Actual Rows": 1200370,
                                                                            "Actual Loops": 1
                                                                        }
                                                                    ]
                                                                }
                                                            ]
                                                        },
                                                        {
                                                            "Node Type": "Hash",
                                                            "Parent Relationship": "Inner",
                                                            "Parallel Aware": true,
                                                            "Startup Cost": 42318.81,
                                                            "Total Cost": 42318.81,
                                                            "Plan Rows": 632080,
                                                            "Plan Width": 4,
                                                            "Actual Startup Time": 399.333,
                                                            "Actual Total Time": 399.334,
                                                            "Actual Rows": 632078,
                                                            "Actual Loops": 4,
                                                            "Output": [
                                                                "t.id"
                                                            ],
                                                            "Hash Buckets": 4194304,
                                                            "Original Hash Buckets": 4194304,
                                                            "Hash Batches": 1,
                                                            "Original Hash Batches": 1,
                                                            "Peak Memory Usage": 131744,
                                                            "Workers": [
                                                                {
                                                                    "Worker Number": 0,
                                                                    "Actual Startup Time": 407.515,
                                                                    "Actual Total Time": 407.516,
                                                                    "Actual Rows": 610867,
                                                                    "Actual Loops": 1
                                                                },
                                                                {
                                                                    "Worker Number": 1,
                                                                    "Actual Startup Time": 407.514,
                                                                    "Actual Total Time": 407.516,
                                                                    "Actual Rows": 607607,
                                                                    "Actual Loops": 1
                                                                },
                                                                {
                                                                    "Worker Number": 2,
                                                                    "Actual Startup Time": 407.552,
                                                                    "Actual Total Time": 407.553,
                                                                    "Actual Rows": 605503,
                                                                    "Actual Loops": 1
                                                                }
                                                            ],
                                                            "Plans": [
                                                                {
                                                                    "Node Type": "Seq Scan",
                                                                    "Parent Relationship": "Outer",
                                                                    "Parallel Aware": true,
                                                                    "Relation Name": "title",
                                                                    "Schema": "public",
                                                                    "Alias": "t",
                                                                    "Startup Cost": 0.0,
                                                                    "Total Cost": 42318.81,
                                                                    "Plan Rows": 632080,
                                                                    "Plan Width": 4,
                                                                    "Actual Startup Time": 0.027,
                                                                    "Actual Total Time": 118.781,
                                                                    "Actual Rows": 632078,
                                                                    "Actual Loops": 4,
                                                                    "Output": [
                                                                        "t.id"
                                                                    ],
                                                                    "Workers": [
                                                                        {
                                                                            "Worker Number": 0,
                                                                            "Actual Startup Time": 0.023,
                                                                            "Actual Total Time": 122.187,
                                                                            "Actual Rows": 610867,
                                                                            "Actual Loops": 1
                                                                        },
                                                                        {
                                                                            "Worker Number": 1,
                                                                            "Actual Startup Time": 0.038,
                                                                            "Actual Total Time": 124.273,
                                                                            "Actual Rows": 607607,
                                                                            "Actual Loops": 1
                                                                        },
                                                                        {
                                                                            "Worker Number": 2,
                                                                            "Actual Startup Time": 0.034,
                                                                            "Actual Total Time": 121.549,
                                                                            "Actual Rows": 605503,
                                                                            "Actual Loops": 1
                                                                        }
                                                                    ]
                                                                }
                                                            ]
                                                        }
                                                    ]
                                                }
                                            ]
                                        }
                                    ]
                                }
                            ]
                        }
                    ]
                }
            ]
        },
        "Planning Time": 596.071,
        "Triggers": [],
        "Execution Time": 1711.302
    }
]