[
  {
    "Plan": {
      "Node Type": "Aggregate",
      "Strategy": "Plain",
      "Partial Mode": "Finalize",
      "Parallel Aware": false,
      "Startup Cost": 31726.65,
      "Total Cost": 31726.66,
      "Plan Rows": 1,
      "Plan Width": 8,
      "Actual Startup Time": 112.383,
      "Actual Total Time": 120.148,
      "Actual Rows": 1,
      "Actual Loops": 1,
      "Plans": [
        {
          "Node Type": "Gather",
          "Parent Relationship": "Outer",
          "Parallel Aware": false,
          "Startup Cost": 31726.33,
          "Total Cost": 31726.64,
          "Plan Rows": 3,
          "Plan Width": 8,
          "Actual Startup Time": 112.281,
          "Actual Total Time": 120.138,
          "Actual Rows": 4,
          "Actual Loops": 1,
          "Workers Planned": 3,
          "Workers Launched": 3,
          "Single Copy": false,
          "Plans": [
            {
              "Node Type": "Aggregate",
              "Strategy": "Plain",
              "Partial Mode": "Partial",
              "Parent Relationship": "Outer",
              "Parallel Aware": false,
              "Startup Cost": 30726.33,
              "Total Cost": 30726.34,
              "Plan Rows": 1,
              "Plan Width": 8,
              "Actual Startup Time": 106.624,
              "Actual Total Time": 106.625,
              "Actual Rows": 1,
              "Actual Loops": 4,
              "Plans": [
                {
                  "Node Type": "Seq Scan",
                  "Parent Relationship": "Outer",
                  "Parallel Aware": true,
                  "Relation Name": "movie_companies",
                  "Alias": "mc",
                  "Startup Cost": 0.0,
                  "Total Cost": 29310.68,
                  "Plan Rows": 566261,
                  "Plan Width": 0,
                  "Actual Startup Time": 0.036,
                  "Actual Total Time": 83.309,
                  "Actual Rows": 435228,
                  "Actual Loops": 4,
                  "Filter": "(company_id < 23805)",
                  "Rows Removed by Filter": 217054
                }
              ]
            }
          ]
        }
      ]
    },
    "Planning Time": 0.185,
    "Triggers": [],
    "Execution Time": 120.209
  }
]