{
  "Plan": {
    "Node Type": "Aggregate",
    "Strategy": "Plain",
    "Partial Mode": "Finalize",
    "Parallel Aware": false,
    "Startup Cost": 101143.55,
    "Total Cost": 101143.56,
    "Plan Rows": 1,
    "Plan Width": 8,
    "Actual Startup Time": 325.959,
    "Actual Total Time": 345.658,
    "Actual Rows": 1,
    "Actual Loops": 1,
    "Plans": [
      {
        "Node Type": "Gather",
        "Parent Relationship": "Outer",
        "Parallel Aware": false,
        "Startup Cost": 101143.44,
        "Total Cost": 101143.55,
        "Plan Rows": 1,
        "Plan Width": 8,
        "Actual Startup Time": 325.669,
        "Actual Total Time": 345.652,
        "Actual Rows": 2,
        "Actual Loops": 1,
        "Workers Planned": 1,
        "Workers Launched": 1,
        "Single Copy": false,
        "Plans": [
          {
            "Node Type": "Aggregate",
            "Strategy": "Plain",
            "Partial Mode": "Partial",
            "Parent Relationship": "Outer",
            "Parallel Aware": false,
            "Startup Cost": 100143.44,
            "Total Cost": 100143.45,
            "Plan Rows": 1,
            "Plan Width": 8,
            "Actual Startup Time": 319.425,
            "Actual Total Time": 319.428,
            "Actual Rows": 1,
            "Actual Loops": 2,
            "Plans": [
              {
                "Node Type": "Nested Loop",
                "Parent Relationship": "Outer",
                "Parallel Aware": false,
                "Join Type": "Inner",
                "Startup Cost": 68362.04,
                "Total Cost": 100142.97,
                "Plan Rows": 189,
                "Plan Width": 0,
                "Actual Startup Time": 222.771,
                "Actual Total Time": 319.346,
                "Actual Rows": 904,
                "Actual Loops": 2,
                "Inner Unique": false,
                "Join Filter": "(t.id = mc.movie_id)",
                "Rows Removed by Join Filter": 0,
                "Plans": [
                  {
                    "Node Type": "Hash Join",
                    "Parent Relationship": "Outer",
                    "Parallel Aware": true,
                    "Join Type": "Inner",
                    "Startup Cost": 68361.61,
                    "Total Cost": 98546.16,
                    "Plan Rows": 2223,
                    "Plan Width": 8,
                    "Actual Startup Time": 189.327,
                    "Actual Total Time": 302.612,
                    "Actual Rows": 2560,
                    "Actual Loops": 2,
                    "Inner Unique": true,
                    "Hash Cond": "(mk.movie_id = t.id)",
                    "Plans": [
                      {
                        "Node Type": "Bitmap Heap Scan",
                        "Parent Relationship": "Outer",
                        "Parallel Aware": true,
                        "Relation Name": "movie_keyword",
                        "Alias": "mk",
                        "Startup Cost": 13664.16,
                        "Total Cost": 42854.15,
                        "Plan Rows": 378879,
                        "Plan Width": 4,
                        "Actual Startup Time": 45.594,
                        "Actual Total Time": 130.393,
                        "Actual Rows": 314590,
                        "Actual Loops": 2,
                        "Recheck Cond": "(keyword_id > 29185)",
                        "Rows Removed by Index Recheck": 0,
                        "Exact Heap Blocks": 12286,
                        "Lossy Heap Blocks": 0,
                        "Plans": [
                          {
                            "Node Type": "Bitmap Index Scan",
                            "Parent Relationship": "Outer",
                            "Parallel Aware": false,
                            "Index Name": "keyword_id_movie_keyword",
                            "Startup Cost": 0.0,
                            "Total Cost": 13503.14,
                            "Plan Rows": 644094,
                            "Plan Width": 0,
                            "Actual Startup Time": 42.121,
                            "Actual Total Time": 42.122,
                            "Actual Rows": 629181,
                            "Actual Loops": 1,
                            "Index Cond": "(keyword_id > 29185)"
                          }
                        ]
                      },
                      {
                        "Node Type": "Hash",
                        "Parent Relationship": "Inner",
                        "Parallel Aware": true,
                        "Startup Cost": 54588.39,
                        "Total Cost": 54588.39,
                        "Plan Rows": 8725,
                        "Plan Width": 4,
                        "Actual Startup Time": 141.212,
                        "Actual Total Time": 141.212,
                        "Actual Rows": 7385,
                        "Actual Loops": 2,
                        "Hash Buckets": 16384,
                        "Original Hash Buckets": 16384,
                        "Hash Batches": 1,
                        "Original Hash Batches": 1,
                        "Peak Memory Usage": 736,
                        "Plans": [
                          {
                            "Node Type": "Seq Scan",
                            "Parent Relationship": "Outer",
                            "Parallel Aware": true,
                            "Relation Name": "title",
                            "Alias": "t",
                            "Startup Cost": 0.0,
                            "Total Cost": 54588.39,
                            "Plan Rows": 8725,
                            "Plan Width": 4,
                            "Actual Startup Time": 0.057,
                            "Actual Total Time": 138.093,
                            "Actual Rows": 7385,
                            "Actual Loops": 2,
                            "Filter": "(production_year = 1982)",
                            "Rows Removed by Filter": 1256771
                          }
                        ]
                      }
                    ]
                  },
                  {
                    "Node Type": "Index Scan",
                    "Parent Relationship": "Inner",
                    "Parallel Aware": false,
                    "Scan Direction": "Forward",
                    "Index Name": "movie_id_movie_companies",
                    "Relation Name": "movie_companies",
                    "Alias": "mc",
                    "Startup Cost": 0.43,
                    "Total Cost": 0.71,
                    "Plan Rows": 1,
                    "Plan Width": 4,
                    "Actual Startup Time": 0.006,
                    "Actual Total Time": 0.006,
                    "Actual Rows": 0,
                    "Actual Loops": 5121,
                    "Index Cond": "(movie_id = mk.movie_id)",
                    "Rows Removed by Index Recheck": 0,
                    "Filter": "(company_id > 110526)",
                    "Rows Removed by Filter": 7
                  }
                ]
              }
            ]
          }
        ]
      }
    ]
  },
  "Planning Time": 0.95,
  "Triggers": [],
  "Execution Time": 345.763
}