{
  "Plan": {
    "Node Type": "Aggregate",
    "Strategy": "Plain",
    "Partial Mode": "Finalize",
    "Parallel Aware": false,
    "Startup Cost": 4537262.71,
    "Total Cost": 4537262.72,
    "Plan Rows": 1,
    "Plan Width": 8,
    "Actual Startup Time": 57340.671,
    "Actual Total Time": 57493.611,
    "Actual Rows": 1,
    "Actual Loops": 1,
    "Plans": [
      {
        "Node Type": "Gather",
        "Parent Relationship": "Outer",
        "Parallel Aware": false,
        "Startup Cost": 4537262.6,
        "Total Cost": 4537262.71,
        "Plan Rows": 1,
        "Plan Width": 8,
        "Actual Startup Time": 57340.417,
        "Actual Total Time": 57493.602,
        "Actual Rows": 2,
        "Actual Loops": 1,
        "Workers Planned": 1,
        "Workers Launched": 1,
        "Single Copy": false,
        "Plans": [
          {
            "Node Type": "Aggregate",
            "Strategy": "Plain",
            "Partial Mode": "Partial",
            "Parent Relationship": "Outer",
            "Parallel Aware": false,
            "Startup Cost": 4536262.6,
            "Total Cost": 4536262.61,
            "Plan Rows": 1,
            "Plan Width": 8,
            "Actual Startup Time": 57334.313,
            "Actual Total Time": 57334.315,
            "Actual Rows": 1,
            "Actual Loops": 2,
            "Plans": [
              {
                "Node Type": "Merge Join",
                "Parent Relationship": "Outer",
                "Parallel Aware": false,
                "Join Type": "Inner",
                "Startup Cost": 51.59,
                "Total Cost": 4358993.45,
                "Plan Rows": 70907660,
                "Plan Width": 0,
                "Actual Startup Time": 8.071,
                "Actual Total Time": 52101.708,
                "Actual Rows": 128325578,
                "Actual Loops": 2,
                "Inner Unique": false,
                "Merge Cond": "(t.id = ci.movie_id)",
                "Plans": [
                  {
                    "Node Type": "Merge Join",
                    "Parent Relationship": "Outer",
                    "Parallel Aware": false,
                    "Join Type": "Inner",
                    "Startup Cost": 3.29,
                    "Total Cost": 1209616.22,
                    "Plan Rows": 4948528,
                    "Plan Width": 8,
                    "Actual Startup Time": 1.087,
                    "Actual Total Time": 5033.453,
                    "Actual Rows": 3644578,
                    "Actual Loops": 2,
                    "Inner Unique": true,
                    "Merge Cond": "(mi.movie_id = t.id)",
                    "Plans": [
                      {
                        "Node Type": "Index Only Scan",
                        "Parent Relationship": "Outer",
                        "Parallel Aware": true,
                        "Scan Direction": "Forward",
                        "Index Name": "movie_id_movie_info",
                        "Relation Name": "movie_info",
                        "Alias": "mi",
                        "Startup Cost": 0.43,
                        "Total Cost": 1018223.42,
                        "Plan Rows": 8696274,
                        "Plan Width": 4,
                        "Actual Startup Time": 0.13,
                        "Actual Total Time": 2714.893,
                        "Actual Rows": 7417746,
                        "Actual Loops": 2,
                        "Heap Fetches": 14835491
                      },
                      {
                        "Node Type": "Index Scan",
                        "Parent Relationship": "Inner",
                        "Parallel Aware": false,
                        "Scan Direction": "Forward",
                        "Index Name": "title_pkey",
                        "Relation Name": "title",
                        "Alias": "t",
                        "Startup Cost": 0.43,
                        "Total Cost": 116660.7,
                        "Plan Rows": 1438700,
                        "Plan Width": 4,
                        "Actual Startup Time": 0.104,
                        "Actual Total Time": 1633.987,
                        "Actual Rows": 1434152,
                        "Actual Loops": 2,
                        "Filter": "(production_year > 1999)",
                        "Rows Removed by Filter": 1092079
                      }
                    ]
                  },
                  {
                    "Node Type": "Materialize",
                    "Parent Relationship": "Inner",
                    "Parallel Aware": false,
                    "Startup Cost": 0.56,
                    "Total Cost": 2165089.35,
                    "Plan Rows": 36228012,
                    "Plan Width": 4,
                    "Actual Startup Time": 0.128,
                    "Actual Total Time": 33718.892,
                    "Actual Rows": 153506448,
                    "Actual Loops": 2,
                    "Plans": [
                      {
                        "Node Type": "Index Only Scan",
                        "Parent Relationship": "Outer",
                        "Parallel Aware": false,
                        "Scan Direction": "Forward",
                        "Index Name": "movie_id_cast_info",
                        "Relation Name": "cast_info",
                        "Alias": "ci",
                        "Startup Cost": 0.56,
                        "Total Cost": 2074519.32,
                        "Plan Rows": 36228012,
                        "Plan Width": 4,
                        "Actual Startup Time": 0.119,
                        "Actual Total Time": 24930.725,
                        "Actual Rows": 36244344,
                        "Actual Loops": 2,
                        "Heap Fetches": 72488688
                      }
                    ]
                  }
                ]
              }
            ]
          }
        ]
      }
    ]
  },
  "Planning Time": 1.039,
  "Triggers": [],
  "Execution Time": 57493.726
}