{
  "Plan": {
    "Node Type": "Aggregate",
    "Strategy": "Plain",
    "Partial Mode": "Finalize",
    "Parallel Aware": false,
    "Startup Cost": 113341.16,
    "Total Cost": 113341.17,
    "Plan Rows": 1,
    "Plan Width": 8,
    "Actual Startup Time": 493.54,
    "Actual Total Time": 506.805,
    "Actual Rows": 1,
    "Actual Loops": 1,
    "Plans": [
      {
        "Node Type": "Gather",
        "Parent Relationship": "Outer",
        "Parallel Aware": false,
        "Startup Cost": 113341.05,
        "Total Cost": 113341.16,
        "Plan Rows": 1,
        "Plan Width": 8,
        "Actual Startup Time": 493.17,
        "Actual Total Time": 506.796,
        "Actual Rows": 2,
        "Actual Loops": 1,
        "Workers Planned": 1,
        "Workers Launched": 1,
        "Single Copy": false,
        "Plans": [
          {
            "Node Type": "Aggregate",
            "Strategy": "Plain",
            "Partial Mode": "Partial",
            "Parent Relationship": "Outer",
            "Parallel Aware": false,
            "Startup Cost": 112341.05,
            "Total Cost": 112341.06,
            "Plan Rows": 1,
            "Plan Width": 8,
            "Actual Startup Time": 487.174,
            "Actual Total Time": 487.178,
            "Actual Rows": 1,
            "Actual Loops": 2,
            "Plans": [
              {
                "Node Type": "Hash Join",
                "Parent Relationship": "Outer",
                "Parallel Aware": true,
                "Join Type": "Inner",
                "Startup Cost": 54131.55,
                "Total Cost": 112182.39,
                "Plan Rows": 63465,
                "Plan Width": 0,
                "Actual Startup Time": 179.151,
                "Actual Total Time": 484.932,
                "Actual Rows": 43164,
                "Actual Loops": 2,
                "Inner Unique": true,
                "Hash Cond": "(mk.movie_id = t.id)",
                "Plans": [
                  {
                    "Node Type": "Seq Scan",
                    "Parent Relationship": "Outer",
                    "Parallel Aware": true,
                    "Relation Name": "movie_keyword",
                    "Alias": "mk",
                    "Startup Cost": 0.0,
                    "Total Cost": 51065.35,
                    "Plan Rows": 2661135,
                    "Plan Width": 4,
                    "Actual Startup Time": 0.02,
                    "Actual Total Time": 180.896,
                    "Actual Rows": 2261965,
                    "Actual Loops": 2
                  },
                  {
                    "Node Type": "Hash",
                    "Parent Relationship": "Inner",
                    "Parallel Aware": true,
                    "Startup Cost": 53688.18,
                    "Total Cost": 53688.18,
                    "Plan Rows": 35469,
                    "Plan Width": 4,
                    "Actual Startup Time": 106.659,
                    "Actual Total Time": 106.661,
                    "Actual Rows": 30790,
                    "Actual Loops": 2,
                    "Hash Buckets": 65536,
                    "Original Hash Buckets": 65536,
                    "Hash Batches": 1,
                    "Original Hash Batches": 1,
                    "Peak Memory Usage": 2944,
                    "Plans": [
                      {
                        "Node Type": "Bitmap Heap Scan",
                        "Parent Relationship": "Outer",
                        "Parallel Aware": true,
                        "Relation Name": "title",
                        "Alias": "t",
                        "Startup Cost": 11837.92,
                        "Total Cost": 53688.18,
                        "Plan Rows": 35469,
                        "Plan Width": 4,
                        "Actual Startup Time": 37.166,
                        "Actual Total Time": 99.267,
                        "Actual Rows": 30790,
                        "Actual Loops": 2,
                        "Recheck Cond": "(kind_id < 2)",
                        "Rows Removed by Index Recheck": 0,
                        "Filter": "(production_year > 2011)",
                        "Rows Removed by Filter": 300622,
                        "Exact Heap Blocks": 9813,
                        "Lossy Heap Blocks": 0,
                        "Plans": [
                          {
                            "Node Type": "Bitmap Index Scan",
                            "Parent Relationship": "Outer",
                            "Parallel Aware": false,
                            "Index Name": "kind_id_title",
                            "Startup Cost": 0.0,
                            "Total Cost": 11822.85,
                            "Plan Rows": 663256,
                            "Plan Width": 0,
                            "Actual Startup Time": 39.825,
                            "Actual Total Time": 39.826,
                            "Actual Rows": 662825,
                            "Actual Loops": 1,
                            "Index Cond": "(kind_id < 2)"
                          }
                        ]
                      }
                    ]
                  }
                ]
              }
            ]
          }
        ]
      }
    ]
  },
  "Planning Time": 0.449,
  "Triggers": [],
  "Execution Time": 506.898
}