[
  {
    "Plan": {
      "Node Type": "Aggregate",
      "Strategy": "Plain",
      "Partial Mode": "Finalize",
      "Parallel Aware": false,
      "Startup Cost": 33220.29,
      "Total Cost": 33220.3,
      "Plan Rows": 1,
      "Plan Width": 8,
      "Actual Startup Time": 117.703,
      "Actual Total Time": 129.435,
      "Actual Rows": 1,
      "Actual Loops": 1,
      "Plans": [
        {
          "Node Type": "Gather",
          "Parent Relationship": "Outer",
          "Parallel Aware": false,
          "Startup Cost": 33219.97,
          "Total Cost": 33220.28,
          "Plan Rows": 3,
          "Plan Width": 8,
          "Actual Startup Time": 117.57,
          "Actual Total Time": 129.426,
          "Actual Rows": 4,
          "Actual Loops": 1,
          "Workers Planned": 3,
          "Workers Launched": 3,
          "Single Copy": false,
          "Plans": [
            {
              "Node Type": "Aggregate",
              "Strategy": "Plain",
              "Partial Mode": "Partial",
              "Parent Relationship": "Outer",
              "Parallel Aware": false,
              "Startup Cost": 32219.97,
              "Total Cost": 32219.98,
              "Plan Rows": 1,
              "Plan Width": 8,
              "Actual Startup Time": 109.31,
              "Actual Total Time": 109.311,
              "Actual Rows": 1,
              "Actual Loops": 4,
              "Plans": [
                {
                  "Node Type": "Seq Scan",
                  "Parent Relationship": "Outer",
                  "Parallel Aware": true,
                  "Relation Name": "movie_companies",
                  "Alias": "mc",
                  "Startup Cost": 0.0,
                  "Total Cost": 31414.82,
                  "Plan Rows": 322061,
                  "Plan Width": 0,
                  "Actual Startup Time": 0.383,
                  "Actual Total Time": 95.856,
                  "Actual Rows": 214066,
                  "Actual Loops": 4,
                  "Filter": "((company_id > 624) AND (company_type_id < 2))",
                  "Rows Removed by Filter": 438217
                }
              ]
            }
          ]
        }
      ]
    },
    "Planning Time": 0.216,
    "Triggers": [],
    "Execution Time": 129.502
  }
]