[
    {
        "Bao": {
            "Bao prediction": "NaN",
            "Bao recommended hint": "(no hint)"
        }
    },
    {
        "Plan": {
            "Node Type": "Aggregate",
            "Strategy": "Plain",
            "Partial Mode": "Finalize",
            "Parallel Aware": false,
            "Startup Cost": 348875.7,
            "Total Cost": 348875.71,
            "Plan Rows": 1,
            "Plan Width": 8,
            "Actual Startup Time": 746.074,
            "Actual Total Time": 776.523,
            "Actual Rows": 1,
            "Actual Loops": 1,
            "Output": [
                "count(*)"
            ],
            "Plans": [
                {
                    "Node Type": "Gather",
                    "Parent Relationship": "Outer",
                    "Parallel Aware": false,
                    "Startup Cost": 348875.08,
                    "Total Cost": 348875.69,
                    "Plan Rows": 6,
                    "Plan Width": 8,
                    "Actual Startup Time": 746.002,
                    "Actual Total Time": 776.513,
                    "Actual Rows": 7,
                    "Actual Loops": 1,
                    "Output": [
                        "(PARTIAL count(*))"
                    ],
                    "Workers Planned": 6,
                    "Workers Launched": 6,
                    "Single Copy": false,
                    "Plans": [
                        {
                            "Node Type": "Aggregate",
                            "Strategy": "Plain",
                            "Partial Mode": "Partial",
                            "Parent Relationship": "Outer",
                            "Parallel Aware": false,
                            "Startup Cost": 347875.08,
                            "Total Cost": 347875.09,
                            "Plan Rows": 1,
                            "Plan Width": 8,
                            "Actual Startup Time": 735.134,
                            "Actual Total Time": 735.135,
                            "Actual Rows": 1,
                            "Actual Loops": 7,
                            "Output": [
                                "PARTIAL count(*)"
                            ],
                            "Workers": [
                                {
                                    "Worker Number": 0,
                                    "Actual Startup Time": 732.476,
                                    "Actual Total Time": 732.477,
                                    "Actual Rows": 1,
                                    "Actual Loops": 1
                                },
                                {
                                    "Worker Number": 1,
                                    "Actual Startup Time": 733.228,
                                    "Actual Total Time": 733.229,
                                    "Actual Rows": 1,
                                    "Actual Loops": 1
                                },
                                {
                                    "Worker Number": 2,
                                    "Actual Startup Time": 733.411,
                                    "Actual Total Time": 733.412,
                                    "Actual Rows": 1,
                                    "Actual Loops": 1
                                },
                                {
                                    "Worker Number": 3,
                                    "Actual Startup Time": 733.436,
                                    "Actual Total Time": 733.436,
                                    "Actual Rows": 1,
                                    "Actual Loops": 1
                                },
                                {
                                    "Worker Number": 4,
                                    "Actual Startup Time": 733.564,
                                    "Actual Total Time": 733.565,
                                    "Actual Rows": 1,
                                    "Actual Loops": 1
                                },
                                {
                                    "Worker Number": 5,
                                    "Actual Startup Time": 734.444,
                                    "Actual Total Time": 734.446,
                                    "Actual Rows": 1,
                                    "Actual Loops": 1
                                }
                            ],
                            "Plans": [
                                {
                                    "Node Type": "Seq Scan",
                                    "Parent Relationship": "Outer",
                                    "Parallel Aware": true,
                                    "Relation Name": "cast_info",
                                    "Schema": "public",
                                    "Alias": "ci",
                                    "Startup Cost": 0.0,
                                    "Total Cost": 343318.94,
                                    "Plan Rows": 1822455,
                                    "Plan Width": 0,
                                    "Actual Startup Time": 234.624,
                                    "Actual Total Time": 628.574,
                                    "Actual Rows": 2419830,
                                    "Actual Loops": 7,
                                    "Output": [
                                        "id",
                                        "person_id",
                                        "movie_id",
                                        "person_role_id",
                                        "note",
                                        "nr_order",
                                        "role_id"
                                    ],
                                    "Filter": "((ci.person_id > 1930338) AND (ci.role_id > 1))",
                                    "Rows Removed by Filter": 2757933,
                                    "Workers": [
                                        {
                                            "Worker Number": 0,
                                            "Actual Startup Time": 231.966,
                                            "Actual Total Time": 627.903,
                                            "Actual Rows": 2515038,
                                            "Actual Loops": 1
                                        },
                                        {
                                            "Worker Number": 1,
                                            "Actual Startup Time": 232.72,
                                            "Actual Total Time": 632.23,
                                            "Actual Rows": 2471879,
                                            "Actual Loops": 1
                                        },
                                        {
                                            "Worker Number": 2,
                                            "Actual Startup Time": 232.916,
                                            "Actual Total Time": 628.683,
                                            "Actual Rows": 2518869,
                                            "Actual Loops": 1
                                        },
                                        {
                                            "Worker Number": 3,
                                            "Actual Startup Time": 232.923,
                                            "Actual Total Time": 629.146,
                                            "Actual Rows": 2509934,
                                            "Actual Loops": 1
                                        },
                                        {
                                            "Worker Number": 4,
                                            "Actual Startup Time": 233.053,
                                            "Actual Total Time": 629.178,
                                            "Actual Rows": 2511169,
                                            "Actual Loops": 1
                                        },
                                        {
                                            "Worker Number": 5,
                                            "Actual Startup Time": 233.941,
                                            "Actual Total Time": 632.959,
                                            "Actual Rows": 2458404,
                                            "Actual Loops": 1
                                        }
                                    ]
                                }
                            ]
                        }
                    ]
                }
            ]
        },
        "Planning Time": 282.982,
        "Triggers": [],
        "Execution Time": 776.599
    }
]