[
    {
        "Bao": {
            "Bao prediction": "NaN",
            "Bao recommended hint": "(no hint)"
        }
    },
    {
        "Plan": {
            "Node Type": "Aggregate",
            "Strategy": "Plain",
            "Partial Mode": "Finalize",
            "Parallel Aware": false,
            "Startup Cost": 42676.37,
            "Total Cost": 42676.38,
            "Plan Rows": 1,
            "Plan Width": 8,
            "Actual Startup Time": 146.283,
            "Actual Total Time": 155.0,
            "Actual Rows": 1,
            "Actual Loops": 1,
            "Output": [
                "count(*)"
            ],
            "Plans": [
                {
                    "Node Type": "Gather",
                    "Parent Relationship": "Outer",
                    "Parallel Aware": false,
                    "Startup Cost": 42676.05,
                    "Total Cost": 42676.36,
                    "Plan Rows": 3,
                    "Plan Width": 8,
                    "Actual Startup Time": 145.937,
                    "Actual Total Time": 154.991,
                    "Actual Rows": 4,
                    "Actual Loops": 1,
                    "Output": [
                        "(PARTIAL count(*))"
                    ],
                    "Workers Planned": 3,
                    "Workers Launched": 3,
                    "Single Copy": false,
                    "Plans": [
                        {
                            "Node Type": "Aggregate",
                            "Strategy": "Plain",
                            "Partial Mode": "Partial",
                            "Parent Relationship": "Outer",
                            "Parallel Aware": false,
                            "Startup Cost": 41676.05,
                            "Total Cost": 41676.06,
                            "Plan Rows": 1,
                            "Plan Width": 8,
                            "Actual Startup Time": 137.217,
                            "Actual Total Time": 137.219,
                            "Actual Rows": 1,
                            "Actual Loops": 4,
                            "Output": [
                                "PARTIAL count(*)"
                            ],
                            "Workers": [
                                {
                                    "Worker Number": 0,
                                    "Actual Startup Time": 134.076,
                                    "Actual Total Time": 134.078,
                                    "Actual Rows": 1,
                                    "Actual Loops": 1
                                },
                                {
                                    "Worker Number": 1,
                                    "Actual Startup Time": 134.65,
                                    "Actual Total Time": 134.652,
                                    "Actual Rows": 1,
                                    "Actual Loops": 1
                                },
                                {
                                    "Worker Number": 2,
                                    "Actual Startup Time": 134.83,
                                    "Actual Total Time": 134.832,
                                    "Actual Rows": 1,
                                    "Actual Loops": 1
                                }
                            ],
                            "Plans": [
                                {
                                    "Node Type": "Bitmap Heap Scan",
                                    "Parent Relationship": "Outer",
                                    "Parallel Aware": true,
                                    "Relation Name": "movie_keyword",
                                    "Schema": "public",
                                    "Alias": "mk",
                                    "Startup Cost": 14023.48,
                                    "Total Cost": 41142.95,
                                    "Plan Rows": 213238,
                                    "Plan Width": 0,
                                    "Actual Startup Time": 43.136,
                                    "Actual Total Time": 126.938,
                                    "Actual Rows": 162471,
                                    "Actual Loops": 4,
                                    "Recheck Cond": "(mk.keyword_id > 28962)",
                                    "Rows Removed by Index Recheck": 0,
                                    "Exact Heap Blocks": 11370,
                                    "Lossy Heap Blocks": 0,
                                    "Workers": [
                                        {
                                            "Worker Number": 0,
                                            "Actual Startup Time": 40.065,
                                            "Actual Total Time": 124.881,
                                            "Actual Rows": 106107,
                                            "Actual Loops": 1
                                        },
                                        {
                                            "Worker Number": 1,
                                            "Actual Startup Time": 40.856,
                                            "Actual Total Time": 124.963,
                                            "Actual Rows": 113944,
                                            "Actual Loops": 1
                                        },
                                        {
                                            "Worker Number": 2,
                                            "Actual Startup Time": 40.802,
                                            "Actual Total Time": 125.132,
                                            "Actual Rows": 113348,
                                            "Actual Loops": 1
                                        }
                                    ],
                                    "Plans": [
                                        {
                                            "Node Type": "Bitmap Index Scan",
                                            "Parent Relationship": "Outer",
                                            "Parallel Aware": false,
                                            "Index Name": "keyword_id_movie_keyword",
                                            "Startup Cost": 0.0,
                                            "Total Cost": 13858.22,
                                            "Plan Rows": 661038,
                                            "Plan Width": 0,
                                            "Actual Startup Time": 47.398,
                                            "Actual Total Time": 47.399,
                                            "Actual Rows": 649885,
                                            "Actual Loops": 1,
                                            "Index Cond": "(mk.keyword_id > 28962)"
                                        }
                                    ]
                                }
                            ]
                        }
                    ]
                }
            ]
        },
        "Planning Time": 201.375,
        "Triggers": [],
        "Execution Time": 155.128
    }
]