[
  {
    "Plan": {
      "Node Type": "Aggregate",
      "Strategy": "Plain",
      "Partial Mode": "Finalize",
      "Parallel Aware": false,
      "Startup Cost": 174957.66,
      "Total Cost": 174957.67,
      "Plan Rows": 1,
      "Plan Width": 8,
      "Actual Startup Time": 808.248,
      "Actual Total Time": 830.884,
      "Actual Rows": 1,
      "Actual Loops": 1,
      "Plans": [
        {
          "Node Type": "Gather",
          "Parent Relationship": "Outer",
          "Parallel Aware": false,
          "Startup Cost": 174957.13,
          "Total Cost": 174957.64,
          "Plan Rows": 5,
          "Plan Width": 8,
          "Actual Startup Time": 789.164,
          "Actual Total Time": 830.874,
          "Actual Rows": 6,
          "Actual Loops": 1,
          "Workers Planned": 5,
          "Workers Launched": 5,
          "Single Copy": false,
          "Plans": [
            {
              "Node Type": "Aggregate",
              "Strategy": "Plain",
              "Partial Mode": "Partial",
              "Parent Relationship": "Outer",
              "Parallel Aware": false,
              "Startup Cost": 173957.13,
              "Total Cost": 173957.14,
              "Plan Rows": 1,
              "Plan Width": 8,
              "Actual Startup Time": 767.613,
              "Actual Total Time": 767.616,
              "Actual Rows": 1,
              "Actual Loops": 6,
              "Plans": [
                {
                  "Node Type": "Hash Join",
                  "Parent Relationship": "Outer",
                  "Parallel Aware": true,
                  "Join Type": "Inner",
                  "Startup Cost": 51360.81,
                  "Total Cost": 172549.16,
                  "Plan Rows": 563188,
                  "Plan Width": 0,
                  "Actual Startup Time": 291.247,
                  "Actual Total Time": 737.581,
                  "Actual Rows": 616722,
                  "Actual Loops": 6,
                  "Inner Unique": true,
                  "Hash Cond": "(ci.movie_id = t.id)",
                  "Plans": [
                    {
                      "Node Type": "Index Scan",
                      "Parent Relationship": "Outer",
                      "Parallel Aware": true,
                      "Scan Direction": "Forward",
                      "Index Name": "role_id_cast_info",
                      "Relation Name": "cast_info",
                      "Alias": "ci",
                      "Startup Cost": 0.56,
                      "Total Cost": 119623.46,
                      "Plan Rows": 596369,
                      "Plan Width": 4,
                      "Actual Startup Time": 0.148,
                      "Actual Total Time": 158.485,
                      "Actual Rows": 645458,
                      "Actual Loops": 6,
                      "Index Cond": "(role_id = 10)",
                      "Rows Removed by Index Recheck": 0,
                      "Filter": "(person_id > 1139092)",
                      "Rows Removed by Filter": 75045
                    },
                    {
                      "Node Type": "Hash",
                      "Parent Relationship": "Inner",
                      "Parallel Aware": true,
                      "Startup Cost": 43898.92,
                      "Total Cost": 43898.92,
                      "Plan Rows": 596906,
                      "Plan Width": 4,
                      "Actual Startup Time": 283.295,
                      "Actual Total Time": 283.297,
                      "Actual Rows": 398146,
                      "Actual Loops": 6,
                      "Hash Buckets": 4194304,
                      "Original Hash Buckets": 4194304,
                      "Hash Batches": 1,
                      "Original Hash Batches": 1,
                      "Peak Memory Usage": 126272,
                      "Plans": [
                        {
                          "Node Type": "Seq Scan",
                          "Parent Relationship": "Outer",
                          "Parallel Aware": true,
                          "Relation Name": "title",
                          "Alias": "t",
                          "Startup Cost": 0.0,
                          "Total Cost": 43898.92,
                          "Plan Rows": 596906,
                          "Plan Width": 4,
                          "Actual Startup Time": 0.038,
                          "Actual Total Time": 94.909,
                          "Actual Rows": 398146,
                          "Actual Loops": 6,
                          "Filter": "(production_year < 2013)",
                          "Rows Removed by Filter": 23239
                        }
                      ]
                    }
                  ]
                }
              ]
            }
          ]
        }
      ]
    },
    "Planning Time": 0.622,
    "Triggers": [],
    "Execution Time": 830.97
  }
]