{
  "Plan": {
    "Node Type": "Aggregate",
    "Strategy": "Plain",
    "Partial Mode": "Finalize",
    "Parallel Aware": false,
    "Startup Cost": 127482.58,
    "Total Cost": 127482.59,
    "Plan Rows": 1,
    "Plan Width": 8,
    "Actual Startup Time": 1014.638,
    "Actual Total Time": 1036.126,
    "Actual Rows": 1,
    "Actual Loops": 1,
    "Plans": [
      {
        "Node Type": "Gather",
        "Parent Relationship": "Outer",
        "Parallel Aware": false,
        "Startup Cost": 127482.47,
        "Total Cost": 127482.58,
        "Plan Rows": 1,
        "Plan Width": 8,
        "Actual Startup Time": 1007.951,
        "Actual Total Time": 1036.117,
        "Actual Rows": 2,
        "Actual Loops": 1,
        "Workers Planned": 1,
        "Workers Launched": 1,
        "Single Copy": false,
        "Plans": [
          {
            "Node Type": "Aggregate",
            "Strategy": "Plain",
            "Partial Mode": "Partial",
            "Parent Relationship": "Outer",
            "Parallel Aware": false,
            "Startup Cost": 126482.47,
            "Total Cost": 126482.48,
            "Plan Rows": 1,
            "Plan Width": 8,
            "Actual Startup Time": 996.075,
            "Actual Total Time": 996.079,
            "Actual Rows": 1,
            "Actual Loops": 2,
            "Plans": [
              {
                "Node Type": "Hash Join",
                "Parent Relationship": "Outer",
                "Parallel Aware": true,
                "Join Type": "Inner",
                "Startup Cost": 91337.11,
                "Total Cost": 124965.96,
                "Plan Rows": 606602,
                "Plan Width": 0,
                "Actual Startup Time": 699.141,
                "Actual Total Time": 969.737,
                "Actual Rows": 517382,
                "Actual Loops": 2,
                "Inner Unique": true,
                "Hash Cond": "(mk.movie_id = t.id)",
                "Plans": [
                  {
                    "Node Type": "Bitmap Heap Scan",
                    "Parent Relationship": "Outer",
                    "Parallel Aware": true,
                    "Relation Name": "movie_keyword",
                    "Alias": "mk",
                    "Startup Cost": 21876.41,
                    "Total Cost": 53912.93,
                    "Plan Rows": 606602,
                    "Plan Width": 4,
                    "Actual Startup Time": 55.144,
                    "Actual Total Time": 169.652,
                    "Actual Rows": 517382,
                    "Actual Loops": 2,
                    "Recheck Cond": "(keyword_id < 1025)",
                    "Rows Removed by Index Recheck": 0,
                    "Exact Heap Blocks": 15453,
                    "Lossy Heap Blocks": 0,
                    "Plans": [
                      {
                        "Node Type": "Bitmap Index Scan",
                        "Parent Relationship": "Outer",
                        "Parallel Aware": false,
                        "Index Name": "keyword_id_movie_keyword",
                        "Startup Cost": 0.0,
                        "Total Cost": 21618.6,
                        "Plan Rows": 1031223,
                        "Plan Width": 0,
                        "Actual Startup Time": 51.464,
                        "Actual Total Time": 51.465,
                        "Actual Rows": 1034765,
                        "Actual Loops": 1,
                        "Index Cond": "(keyword_id < 1025)"
                      }
                    ]
                  },
                  {
                    "Node Type": "Hash",
                    "Parent Relationship": "Inner",
                    "Parallel Aware": true,
                    "Startup Cost": 50870.31,
                    "Total Cost": 50870.31,
                    "Plan Rows": 1487231,
                    "Plan Width": 4,
                    "Actual Startup Time": 622.858,
                    "Actual Total Time": 622.859,
                    "Actual Rows": 1264156,
                    "Actual Loops": 2,
                    "Hash Buckets": 4194304,
                    "Original Hash Buckets": 4194304,
                    "Hash Batches": 1,
                    "Original Hash Batches": 1,
                    "Peak Memory Usage": 131680,
                    "Plans": [
                      {
                        "Node Type": "Seq Scan",
                        "Parent Relationship": "Outer",
                        "Parallel Aware": true,
                        "Relation Name": "title",
                        "Alias": "t",
                        "Startup Cost": 0.0,
                        "Total Cost": 50870.31,
                        "Plan Rows": 1487231,
                        "Plan Width": 4,
                        "Actual Startup Time": 0.024,
                        "Actual Total Time": 179.688,
                        "Actual Rows": 1264156,
                        "Actual Loops": 2
                      }
                    ]
                  }
                ]
              }
            ]
          }
        ]
      }
    ]
  },
  "Planning Time": 0.671,
  "Triggers": [],
  "Execution Time": 1036.216
}