[
    {
        "Bao": {
            "Bao prediction": "NaN",
            "Bao recommended hint": "(no hint)"
        }
    },
    {
        "Plan": {
            "Node Type": "Aggregate",
            "Strategy": "Plain",
            "Partial Mode": "Finalize",
            "Parallel Aware": false,
            "Startup Cost": 76820.92,
            "Total Cost": 76820.93,
            "Plan Rows": 1,
            "Plan Width": 8,
            "Actual Startup Time": 295.625,
            "Actual Total Time": 307.434,
            "Actual Rows": 1,
            "Actual Loops": 1,
            "Output": [
                "count(*)"
            ],
            "Plans": [
                {
                    "Node Type": "Gather",
                    "Parent Relationship": "Outer",
                    "Parallel Aware": false,
                    "Startup Cost": 76820.6,
                    "Total Cost": 76820.91,
                    "Plan Rows": 3,
                    "Plan Width": 8,
                    "Actual Startup Time": 287.53,
                    "Actual Total Time": 307.425,
                    "Actual Rows": 4,
                    "Actual Loops": 1,
                    "Output": [
                        "(PARTIAL count(*))"
                    ],
                    "Workers Planned": 3,
                    "Workers Launched": 3,
                    "Single Copy": false,
                    "Plans": [
                        {
                            "Node Type": "Aggregate",
                            "Strategy": "Plain",
                            "Partial Mode": "Partial",
                            "Parent Relationship": "Outer",
                            "Parallel Aware": false,
                            "Startup Cost": 75820.6,
                            "Total Cost": 75820.61,
                            "Plan Rows": 1,
                            "Plan Width": 8,
                            "Actual Startup Time": 277.543,
                            "Actual Total Time": 277.546,
                            "Actual Rows": 1,
                            "Actual Loops": 4,
                            "Output": [
                                "PARTIAL count(*)"
                            ],
                            "Workers": [
                                {
                                    "Worker Number": 0,
                                    "Actual Startup Time": 274.19,
                                    "Actual Total Time": 274.193,
                                    "Actual Rows": 1,
                                    "Actual Loops": 1
                                },
                                {
                                    "Worker Number": 1,
                                    "Actual Startup Time": 274.12,
                                    "Actual Total Time": 274.123,
                                    "Actual Rows": 1,
                                    "Actual Loops": 1
                                },
                                {
                                    "Worker Number": 2,
                                    "Actual Startup Time": 274.862,
                                    "Actual Total Time": 274.864,
                                    "Actual Rows": 1,
                                    "Actual Loops": 1
                                }
                            ],
                            "Plans": [
                                {
                                    "Node Type": "Hash Join",
                                    "Parent Relationship": "Outer",
                                    "Parallel Aware": true,
                                    "Join Type": "Inner",
                                    "Startup Cost": 51052.23,
                                    "Total Cost": 75794.55,
                                    "Plan Rows": 10420,
                                    "Plan Width": 0,
                                    "Actual Startup Time": 246.533,
                                    "Actual Total Time": 277.064,
                                    "Actual Rows": 7032,
                                    "Actual Loops": 4,
                                    "Inner Unique": true,
                                    "Hash Cond": "(mk.movie_id = t.id)",
                                    "Workers": [
                                        {
                                            "Worker Number": 0,
                                            "Actual Startup Time": 243.31,
                                            "Actual Total Time": 273.739,
                                            "Actual Rows": 7445,
                                            "Actual Loops": 1
                                        },
                                        {
                                            "Worker Number": 1,
                                            "Actual Startup Time": 243.372,
                                            "Actual Total Time": 273.69,
                                            "Actual Rows": 5365,
                                            "Actual Loops": 1
                                        },
                                        {
                                            "Worker Number": 2,
                                            "Actual Startup Time": 243.297,
                                            "Actual Total Time": 274.402,
                                            "Actual Rows": 5931,
                                            "Actual Loops": 1
                                        }
                                    ],
                                    "Plans": [
                                        {
                                            "Node Type": "Bitmap Heap Scan",
                                            "Parent Relationship": "Outer",
                                            "Parallel Aware": true,
                                            "Relation Name": "movie_keyword",
                                            "Schema": "public",
                                            "Alias": "mk",
                                            "Startup Cost": 1254.42,
                                            "Total Cost": 25946.71,
                                            "Plan Rows": 19063,
                                            "Plan Width": 4,
                                            "Actual Startup Time": 7.939,
                                            "Actual Total Time": 28.441,
                                            "Actual Rows": 13706,
                                            "Actual Loops": 4,
                                            "Output": [
                                                "mk.id",
                                                "mk.movie_id",
                                                "mk.keyword_id"
                                            ],
                                            "Recheck Cond": "(mk.keyword_id < 55)",
                                            "Rows Removed by Index Recheck": 0,
                                            "Exact Heap Blocks": 6881,
                                            "Lossy Heap Blocks": 0,
                                            "Workers": [
                                                {
                                                    "Worker Number": 0,
                                                    "Actual Startup Time": 7.906,
                                                    "Actual Total Time": 29.229,
                                                    "Actual Rows": 13423,
                                                    "Actual Loops": 1
                                                },
                                                {
                                                    "Worker Number": 1,
                                                    "Actual Startup Time": 8.017,
                                                    "Actual Total Time": 29.395,
                                                    "Actual Rows": 9900,
                                                    "Actual Loops": 1
                                                },
                                                {
                                                    "Worker Number": 2,
                                                    "Actual Startup Time": 7.907,
                                                    "Actual Total Time": 29.049,
                                                    "Actual Rows": 11242,
                                                    "Actual Loops": 1
                                                }
                                            ],
                                            "Plans": [
                                                {
                                                    "Node Type": "Bitmap Index Scan",
                                                    "Parent Relationship": "Outer",
                                                    "Parallel Aware": false,
                                                    "Index Name": "keyword_id_movie_keyword",
                                                    "Startup Cost": 0.0,
                                                    "Total Cost": 1239.64,
                                                    "Plan Rows": 59095,
                                                    "Plan Width": 0,
                                                    "Actual Startup Time": 5.536,
                                                    "Actual Total Time": 5.536,
                                                    "Actual Rows": 54826,
                                                    "Actual Loops": 1,
                                                    "Index Cond": "(mk.keyword_id < 55)",
                                                    "Workers": [
                                                        {
                                                            "Worker Number": 0,
                                                            "Actual Startup Time": 5.536,
                                                            "Actual Total Time": 5.536,
                                                            "Actual Rows": 54826,
                                                            "Actual Loops": 1
                                                        }
                                                    ]
                                                }
                                            ]
                                        },
                                        {
                                            "Node Type": "Hash",
                                            "Parent Relationship": "Inner",
                                            "Parallel Aware": true,
                                            "Startup Cost": 45479.21,
                                            "Total Cost": 45479.21,
                                            "Plan Rows": 345488,
                                            "Plan Width": 4,
                                            "Actual Startup Time": 232.671,
                                            "Actual Total Time": 232.671,
                                            "Actual Rows": 379648,
                                            "Actual Loops": 4,
                                            "Output": [
                                                "t.id"
                                            ],
                                            "Hash Buckets": 2097152,
                                            "Original Hash Buckets": 2097152,
                                            "Hash Batches": 1,
                                            "Original Hash Batches": 1,
                                            "Peak Memory Usage": 75840,
                                            "Workers": [
                                                {
                                                    "Worker Number": 0,
                                                    "Actual Startup Time": 234.983,
                                                    "Actual Total Time": 234.984,
                                                    "Actual Rows": 365529,
                                                    "Actual Loops": 1
                                                },
                                                {
                                                    "Worker Number": 1,
                                                    "Actual Startup Time": 234.894,
                                                    "Actual Total Time": 234.895,
                                                    "Actual Rows": 326783,
                                                    "Actual Loops": 1
                                                },
                                                {
                                                    "Worker Number": 2,
                                                    "Actual Startup Time": 234.96,
                                                    "Actual Total Time": 234.96,
                                                    "Actual Rows": 349569,
                                                    "Actual Loops": 1
                                                }
                                            ],
                                            "Plans": [
                                                {
                                                    "Node Type": "Seq Scan",
                                                    "Parent Relationship": "Outer",
                                                    "Parallel Aware": true,
                                                    "Relation Name": "title",
                                                    "Schema": "public",
                                                    "Alias": "t",
                                                    "Startup Cost": 0.0,
                                                    "Total Cost": 45479.21,
                                                    "Plan Rows": 345488,
                                                    "Plan Width": 4,
                                                    "Actual Startup Time": 0.038,
                                                    "Actual Total Time": 100.383,
                                                    "Actual Rows": 379648,
                                                    "Actual Loops": 4,
                                                    "Output": [
                                                        "t.id"
                                                    ],
                                                    "Filter": "((t.kind_id > 1) AND (t.production_year > 1983))",
                                                    "Rows Removed by Filter": 252430,
                                                    "Workers": [
                                                        {
                                                            "Worker Number": 0,
                                                            "Actual Startup Time": 0.042,
                                                            "Actual Total Time": 104.318,
                                                            "Actual Rows": 365529,
                                                            "Actual Loops": 1
                                                        },
                                                        {
                                                            "Worker Number": 1,
                                                            "Actual Startup Time": 0.065,
                                                            "Actual Total Time": 99.242,
                                                            "Actual Rows": 326783,
                                                            "Actual Loops": 1
                                                        },
                                                        {
                                                            "Worker Number": 2,
                                                            "Actual Startup Time": 0.03,
                                                            "Actual Total Time": 103.874,
                                                            "Actual Rows": 349569,
                                                            "Actual Loops": 1
                                                        }
                                                    ]
                                                }
                                            ]
                                        }
                                    ]
                                }
                            ]
                        }
                    ]
                }
            ]
        },
        "Planning Time": 192.448,
        "Triggers": [],
        "Execution Time": 307.553
    }
]