[
  {
    "Plan": {
      "Node Type": "Aggregate",
      "Strategy": "Plain",
      "Partial Mode": "Finalize",
      "Parallel Aware": false,
      "Startup Cost": 66659.96,
      "Total Cost": 66659.97,
      "Plan Rows": 1,
      "Plan Width": 8,
      "Actual Startup Time": 147.248,
      "Actual Total Time": 156.836,
      "Actual Rows": 1,
      "Actual Loops": 1,
      "Plans": [
        {
          "Node Type": "Gather",
          "Parent Relationship": "Outer",
          "Parallel Aware": false,
          "Startup Cost": 66659.54,
          "Total Cost": 66659.95,
          "Plan Rows": 4,
          "Plan Width": 8,
          "Actual Startup Time": 146.829,
          "Actual Total Time": 156.828,
          "Actual Rows": 5,
          "Actual Loops": 1,
          "Workers Planned": 4,
          "Workers Launched": 4,
          "Single Copy": false,
          "Plans": [
            {
              "Node Type": "Aggregate",
              "Strategy": "Plain",
              "Partial Mode": "Partial",
              "Parent Relationship": "Outer",
              "Parallel Aware": false,
              "Startup Cost": 65659.54,
              "Total Cost": 65659.55,
              "Plan Rows": 1,
              "Plan Width": 8,
              "Actual Startup Time": 140.583,
              "Actual Total Time": 140.586,
              "Actual Rows": 1,
              "Actual Loops": 5,
              "Plans": [
                {
                  "Node Type": "Hash Join",
                  "Parent Relationship": "Outer",
                  "Parallel Aware": true,
                  "Join Type": "Inner",
                  "Startup Cost": 20148.52,
                  "Total Cost": 65645.28,
                  "Plan Rows": 5704,
                  "Plan Width": 0,
                  "Actual Startup Time": 24.802,
                  "Actual Total Time": 139.894,
                  "Actual Rows": 8142,
                  "Actual Loops": 5,
                  "Inner Unique": false,
                  "Hash Cond": "(t.id = mc.movie_id)",
                  "Plans": [
                    {
                      "Node Type": "Seq Scan",
                      "Parent Relationship": "Outer",
                      "Parallel Aware": true,
                      "Relation Name": "title",
                      "Alias": "t",
                      "Startup Cost": 0.0,
                      "Total Cost": 43899.01,
                      "Plan Rows": 315870,
                      "Plan Width": 4,
                      "Actual Startup Time": 0.013,
                      "Actual Total Time": 80.608,
                      "Actual Rows": 252740,
                      "Actual Loops": 5,
                      "Filter": "(production_year < 2004)",
                      "Rows Removed by Filter": 252922
                    },
                    {
                      "Node Type": "Hash",
                      "Parent Relationship": "Inner",
                      "Parallel Aware": true,
                      "Startup Cost": 19964.41,
                      "Total Cost": 19964.41,
                      "Plan Rows": 14729,
                      "Plan Width": 4,
                      "Actual Startup Time": 23.987,
                      "Actual Total Time": 23.989,
                      "Actual Rows": 9450,
                      "Actual Loops": 5,
                      "Hash Buckets": 65536,
                      "Original Hash Buckets": 65536,
                      "Hash Batches": 1,
                      "Original Hash Batches": 1,
                      "Peak Memory Usage": 2432,
                      "Plans": [
                        {
                          "Node Type": "Bitmap Heap Scan",
                          "Parent Relationship": "Outer",
                          "Parallel Aware": true,
                          "Relation Name": "movie_companies",
                          "Alias": "mc",
                          "Startup Cost": 990.29,
                          "Total Cost": 19964.41,
                          "Plan Rows": 14729,
                          "Plan Width": 4,
                          "Actual Startup Time": 7.628,
                          "Actual Total Time": 19.911,
                          "Actual Rows": 9450,
                          "Actual Loops": 5,
                          "Recheck Cond": "(company_id = 19)",
                          "Rows Removed by Index Recheck": 0,
                          "Exact Heap Blocks": 2203,
                          "Lossy Heap Blocks": 0,
                          "Plans": [
                            {
                              "Node Type": "Bitmap Index Scan",
                              "Parent Relationship": "Outer",
                              "Parallel Aware": false,
                              "Index Name": "company_id_movie_companies",
                              "Startup Cost": 0.0,
                              "Total Cost": 978.88,
                              "Plan Rows": 45660,
                              "Plan Width": 0,
                              "Actual Startup Time": 8.844,
                              "Actual Total Time": 8.845,
                              "Actual Rows": 47252,
                              "Actual Loops": 1,
                              "Index Cond": "(company_id = 19)"
                            }
                          ]
                        }
                      ]
                    }
                  ]
                }
              ]
            }
          ]
        }
      ]
    },
    "Planning Time": 0.552,
    "Triggers": [],
    "Execution Time": 156.908
  }
]