{
  "Plan": {
    "Node Type": "Aggregate",
    "Strategy": "Plain",
    "Partial Mode": "Finalize",
    "Parallel Aware": false,
    "Startup Cost": 116944.58,
    "Total Cost": 116944.59,
    "Plan Rows": 1,
    "Plan Width": 8,
    "Actual Startup Time": 333.892,
    "Actual Total Time": 354.931,
    "Actual Rows": 1,
    "Actual Loops": 1,
    "Plans": [
      {
        "Node Type": "Gather",
        "Parent Relationship": "Outer",
        "Parallel Aware": false,
        "Startup Cost": 116944.47,
        "Total Cost": 116944.58,
        "Plan Rows": 1,
        "Plan Width": 8,
        "Actual Startup Time": 333.37,
        "Actual Total Time": 354.923,
        "Actual Rows": 2,
        "Actual Loops": 1,
        "Workers Planned": 1,
        "Workers Launched": 1,
        "Single Copy": false,
        "Plans": [
          {
            "Node Type": "Aggregate",
            "Strategy": "Plain",
            "Partial Mode": "Partial",
            "Parent Relationship": "Outer",
            "Parallel Aware": false,
            "Startup Cost": 115944.47,
            "Total Cost": 115944.48,
            "Plan Rows": 1,
            "Plan Width": 8,
            "Actual Startup Time": 327.476,
            "Actual Total Time": 327.483,
            "Actual Rows": 1,
            "Actual Loops": 2,
            "Plans": [
              {
                "Node Type": "Hash Join",
                "Parent Relationship": "Outer",
                "Parallel Aware": true,
                "Join Type": "Inner",
                "Startup Cost": 88562.45,
                "Total Cost": 115942.83,
                "Plan Rows": 654,
                "Plan Width": 0,
                "Actual Startup Time": 253.711,
                "Actual Total Time": 327.197,
                "Actual Rows": 3943,
                "Actual Loops": 2,
                "Inner Unique": false,
                "Hash Cond": "(mk.movie_id = t.id)",
                "Plans": [
                  {
                    "Node Type": "Bitmap Heap Scan",
                    "Parent Relationship": "Outer",
                    "Parallel Aware": true,
                    "Relation Name": "movie_keyword",
                    "Alias": "mk",
                    "Startup Cost": 6485.93,
                    "Total Cost": 33188.04,
                    "Plan Rows": 179848,
                    "Plan Width": 4,
                    "Actual Startup Time": 24.158,
                    "Actual Total Time": 82.046,
                    "Actual Rows": 150520,
                    "Actual Loops": 2,
                    "Recheck Cond": "(keyword_id > 53825)",
                    "Rows Removed by Index Recheck": 0,
                    "Exact Heap Blocks": 12377,
                    "Lossy Heap Blocks": 0,
                    "Plans": [
                      {
                        "Node Type": "Bitmap Index Scan",
                        "Parent Relationship": "Outer",
                        "Parallel Aware": false,
                        "Index Name": "keyword_id_movie_keyword",
                        "Startup Cost": 0.0,
                        "Total Cost": 6409.5,
                        "Plan Rows": 305742,
                        "Plan Width": 0,
                        "Actual Startup Time": 20.959,
                        "Actual Total Time": 20.96,
                        "Actual Rows": 301039,
                        "Actual Loops": 1,
                        "Index Cond": "(keyword_id > 53825)"
                      }
                    ]
                  },
                  {
                    "Node Type": "Hash",
                    "Parent Relationship": "Inner",
                    "Parallel Aware": true,
                    "Startup Cost": 82008.88,
                    "Total Cost": 82008.88,
                    "Plan Rows": 5411,
                    "Plan Width": 8,
                    "Actual Startup Time": 228.322,
                    "Actual Total Time": 228.326,
                    "Actual Rows": 3515,
                    "Actual Loops": 2,
                    "Hash Buckets": 16384,
                    "Original Hash Buckets": 16384,
                    "Hash Batches": 1,
                    "Original Hash Batches": 1,
                    "Peak Memory Usage": 416,
                    "Plans": [
                      {
                        "Node Type": "Hash Join",
                        "Parent Relationship": "Outer",
                        "Parallel Aware": true,
                        "Join Type": "Inner",
                        "Startup Cost": 21442.67,
                        "Total Cost": 82008.88,
                        "Plan Rows": 5411,
                        "Plan Width": 8,
                        "Actual Startup Time": 41.981,
                        "Actual Total Time": 226.942,
                        "Actual Rows": 3515,
                        "Actual Loops": 2,
                        "Inner Unique": false,
                        "Hash Cond": "(t.id = mc.movie_id)",
                        "Plans": [
                          {
                            "Node Type": "Seq Scan",
                            "Parent Relationship": "Outer",
                            "Parallel Aware": true,
                            "Relation Name": "title",
                            "Alias": "t",
                            "Startup Cost": 0.0,
                            "Total Cost": 58306.47,
                            "Plan Rows": 356466,
                            "Plan Width": 4,
                            "Actual Startup Time": 0.019,
                            "Actual Total Time": 141.328,
                            "Actual Rows": 337845,
                            "Actual Loops": 2,
                            "Filter": "((kind_id < 7) AND (production_year < 2007))",
                            "Rows Removed by Filter": 926311
                          },
                          {
                            "Node Type": "Hash",
                            "Parent Relationship": "Inner",
                            "Parallel Aware": true,
                            "Startup Cost": 21160.51,
                            "Total Cost": 21160.51,
                            "Plan Rows": 22573,
                            "Plan Width": 4,
                            "Actual Startup Time": 41.611,
                            "Actual Total Time": 41.613,
                            "Actual Rows": 32024,
                            "Actual Loops": 2,
                            "Hash Buckets": 65536,
                            "Original Hash Buckets": 65536,
                            "Hash Batches": 1,
                            "Original Hash Batches": 1,
                            "Peak Memory Usage": 3040,
                            "Plans": [
                              {
                                "Node Type": "Bitmap Heap Scan",
                                "Parent Relationship": "Outer",
                                "Parallel Aware": true,
                                "Relation Name": "movie_companies",
                                "Alias": "mc",
                                "Startup Cost": 1682.68,
                                "Total Cost": 21160.51,
                                "Plan Rows": 22573,
                                "Plan Width": 4,
                                "Actual Startup Time": 8.502,
                                "Actual Total Time": 32.04,
                                "Actual Rows": 32024,
                                "Actual Loops": 2,
                                "Recheck Cond": "(company_id < 12)",
                                "Rows Removed by Index Recheck": 0,
                                "Filter": "(company_type_id < 2)",
                                "Rows Removed by Filter": 8273,
                                "Exact Heap Blocks": 6398,
                                "Lossy Heap Blocks": 0,
                                "Plans": [
                                  {
                                    "Node Type": "Bitmap Index Scan",
                                    "Parent Relationship": "Outer",
                                    "Parallel Aware": false,
                                    "Index Name": "company_id_movie_companies",
                                    "Startup Cost": 0.0,
                                    "Total Cost": 1673.09,
                                    "Plan Rows": 77954,
                                    "Plan Width": 0,
                                    "Actual Startup Time": 10.107,
                                    "Actual Total Time": 10.107,
                                    "Actual Rows": 80595,
                                    "Actual Loops": 1,
                                    "Index Cond": "(company_id < 12)"
                                  }
                                ]
                              }
                            ]
                          }
                        ]
                      }
                    ]
                  }
                ]
              }
            ]
          }
        ]
      }
    ]
  },
  "Planning Time": 0.847,
  "Triggers": [],
  "Execution Time": 355.022
}