{
  "Plan": {
    "Node Type": "Aggregate",
    "Strategy": "Plain",
    "Partial Mode": "Finalize",
    "Parallel Aware": false,
    "Startup Cost": 773347.21,
    "Total Cost": 773347.22,
    "Plan Rows": 1,
    "Plan Width": 64,
    "Actual Startup Time": 25610.869,
    "Actual Total Time": 25715.847,
    "Actual Rows": 1,
    "Actual Loops": 1,
    "Plans": [
      {
        "Node Type": "Gather",
        "Parent Relationship": "Outer",
        "Parallel Aware": false,
        "Startup Cost": 773347.1,
        "Total Cost": 773347.21,
        "Plan Rows": 1,
        "Plan Width": 64,
        "Actual Startup Time": 25600.801,
        "Actual Total Time": 25715.836,
        "Actual Rows": 2,
        "Actual Loops": 1,
        "Workers Planned": 1,
        "Workers Launched": 1,
        "Single Copy": false,
        "Plans": [
          {
            "Node Type": "Aggregate",
            "Strategy": "Plain",
            "Partial Mode": "Partial",
            "Parent Relationship": "Outer",
            "Parallel Aware": false,
            "Startup Cost": 772347.1,
            "Total Cost": 772347.11,
            "Plan Rows": 1,
            "Plan Width": 64,
            "Actual Startup Time": 25593.769,
            "Actual Total Time": 25596.805,
            "Actual Rows": 1,
            "Actual Loops": 2,
            "Plans": [
              {
                "Node Type": "Hash Join",
                "Parent Relationship": "Outer",
                "Parallel Aware": false,
                "Join Type": "Inner",
                "Startup Cost": 186364.55,
                "Total Cost": 772346.87,
                "Plan Rows": 46,
                "Plan Width": 32,
                "Actual Startup Time": 2305.821,
                "Actual Total Time": 25586.681,
                "Actual Rows": 42817,
                "Actual Loops": 2,
                "Inner Unique": true,
                "Hash Cond": "(mii.info_type_id = it1.id)",
                "Plans": [
                  {
                    "Node Type": "Nested Loop",
                    "Parent Relationship": "Outer",
                    "Parallel Aware": false,
                    "Join Type": "Inner",
                    "Startup Cost": 186362.12,
                    "Total Cost": 772330.39,
                    "Plan Rows": 5158,
                    "Plan Width": 36,
                    "Actual Startup Time": 2304.442,
                    "Actual Total Time": 25440.367,
                    "Actual Rows": 1834788,
                    "Actual Loops": 2,
                    "Inner Unique": false,
                    "Join Filter": "(t.id = mii.movie_id)",
                    "Rows Removed by Join Filter": 0,
                    "Plans": [
                      {
                        "Node Type": "Nested Loop",
                        "Parent Relationship": "Outer",
                        "Parallel Aware": false,
                        "Join Type": "Inner",
                        "Startup Cost": 186361.7,
                        "Total Cost": 758039.1,
                        "Plan Rows": 27666,
                        "Plan Width": 40,
                        "Actual Startup Time": 2304.381,
                        "Actual Total Time": 17412.121,
                        "Actual Rows": 3117346,
                        "Actual Loops": 2,
                        "Inner Unique": true,
                        "Plans": [
                          {
                            "Node Type": "Hash Join",
                            "Parent Relationship": "Outer",
                            "Parallel Aware": false,
                            "Join Type": "Inner",
                            "Startup Cost": 186361.27,
                            "Total Cost": 745521.1,
                            "Plan Rows": 27666,
                            "Plan Width": 19,
                            "Actual Startup Time": 2304.331,
                            "Actual Total Time": 9037.009,
                            "Actual Rows": 3117346,
                            "Actual Loops": 2,
                            "Inner Unique": true,
                            "Hash Cond": "(pi.info_type_id = it2.id)",
                            "Plans": [
                              {
                                "Node Type": "Hash Join",
                                "Parent Relationship": "Outer",
                                "Parallel Aware": true,
                                "Join Type": "Inner",
                                "Startup Cost": 186358.83,
                                "Total Cost": 741261.5,
                                "Plan Rows": 1563151,
                                "Plan Width": 23,
                                "Actual Startup Time": 2304.174,
                                "Actual Total Time": 7616.776,
                                "Actual Rows": 22735585,
                                "Actual Loops": 2,
                                "Inner Unique": false,
                                "Hash Cond": "(ci.person_id = n.id)",
                                "Plans": [
                                  {
                                    "Node Type": "Seq Scan",
                                    "Parent Relationship": "Outer",
                                    "Parallel Aware": true,
                                    "Relation Name": "cast_info",
                                    "Alias": "ci",
                                    "Startup Cost": 0.0,
                                    "Total Cost": 465792.95,
                                    "Plan Rows": 21310595,
                                    "Plan Width": 8,
                                    "Actual Startup Time": 0.019,
                                    "Actual Total Time": 1334.336,
                                    "Actual Rows": 18122172,
                                    "Actual Loops": 2
                                  },
                                  {
                                    "Node Type": "Hash",
                                    "Parent Relationship": "Inner",
                                    "Parallel Aware": true,
                                    "Startup Cost": 184111.02,
                                    "Total Cost": 184111.02,
                                    "Plan Rows": 179825,
                                    "Plan Width": 27,
                                    "Actual Startup Time": 2298.563,
                                    "Actual Total Time": 2301.593,
                                    "Actual Rows": 197728,
                                    "Actual Loops": 2,
                                    "Hash Buckets": 524288,
                                    "Original Hash Buckets": 524288,
                                    "Hash Batches": 1,
                                    "Original Hash Batches": 1,
                                    "Peak Memory Usage": 28576,
                                    "Plans": [
                                      {
                                        "Node Type": "Hash Join",
                                        "Parent Relationship": "Outer",
                                        "Parallel Aware": true,
                                        "Join Type": "Inner",
                                        "Startup Cost": 110773.48,
                                        "Total Cost": 184111.02,
                                        "Plan Rows": 179825,
                                        "Plan Width": 27,
                                        "Actual Startup Time": 1140.31,
                                        "Actual Total Time": 2237.609,
                                        "Actual Rows": 197728,
                                        "Actual Loops": 2,
                                        "Inner Unique": true,
                                        "Hash Cond": "(pi.person_id = n.id)",
                                        "Plans": [
                                          {
                                            "Node Type": "Seq Scan",
                                            "Parent Relationship": "Outer",
                                            "Parallel Aware": true,
                                            "Relation Name": "person_info",
                                            "Alias": "pi",
                                            "Startup Cost": 0.0,
                                            "Total Cost": 72865.49,
                                            "Plan Rows": 179825,
                                            "Plan Width": 8,
                                            "Actual Startup Time": 0.081,
                                            "Actual Total Time": 989.455,
                                            "Actual Rows": 197728,
                                            "Actual Loops": 2,
                                            "Filter": "(info ~~* '%USA%'::text)",
                                            "Rows Removed by Filter": 1284104
                                          },
                                          {
                                            "Node Type": "Hash",
                                            "Parent Relationship": "Inner",
                                            "Parallel Aware": true,
                                            "Startup Cost": 80128.77,
                                            "Total Cost": 80128.77,
                                            "Plan Rows": 2451577,
                                            "Plan Width": 19,
                                            "Actual Startup Time": 1123.663,
                                            "Actual Total Time": 1123.664,
                                            "Actual Rows": 2083746,
                                            "Actual Loops": 2,
                                            "Hash Buckets": 4194304,
                                            "Original Hash Buckets": 4194304,
                                            "Hash Batches": 1,
                                            "Original Hash Batches": 1,
                                            "Peak Memory Usage": 258944,
                                            "Plans": [
                                              {
                                                "Node Type": "Seq Scan",
                                                "Parent Relationship": "Outer",
                                                "Parallel Aware": true,
                                                "Relation Name": "name",
                                                "Alias": "n",
                                                "Startup Cost": 0.0,
                                                "Total Cost": 80128.77,
                                                "Plan Rows": 2451577,
                                                "Plan Width": 19,
                                                "Actual Startup Time": 0.045,
                                                "Actual Total Time": 312.725,
                                                "Actual Rows": 2083746,
                                                "Actual Loops": 2
                                              }
                                            ]
                                          }
                                        ]
                                      }
                                    ]
                                  }
                                ]
                              },
                              {
                                "Node Type": "Hash",
                                "Parent Relationship": "Inner",
                                "Parallel Aware": false,
                                "Startup Cost": 2.41,
                                "Total Cost": 2.41,
                                "Plan Rows": 2,
                                "Plan Width": 4,
                                "Actual Startup Time": 0.128,
                                "Actual Total Time": 0.129,
                                "Actual Rows": 3,
                                "Actual Loops": 2,
                                "Hash Buckets": 1024,
                                "Original Hash Buckets": 1024,
                                "Hash Batches": 1,
                                "Original Hash Batches": 1,
                                "Peak Memory Usage": 9,
                                "Plans": [
                                  {
                                    "Node Type": "Seq Scan",
                                    "Parent Relationship": "Outer",
                                    "Parallel Aware": false,
                                    "Relation Name": "info_type",
                                    "Alias": "it2",
                                    "Startup Cost": 0.0,
                                    "Total Cost": 2.41,
                                    "Plan Rows": 2,
                                    "Plan Width": 4,
                                    "Actual Startup Time": 0.034,
                                    "Actual Total Time": 0.116,
                                    "Actual Rows": 3,
                                    "Actual Loops": 2,
                                    "Filter": "((info)::text ~~* '%birth%'::text)",
                                    "Rows Removed by Filter": 110
                                  }
                                ]
                              }
                            ]
                          },
                          {
                            "Node Type": "Index Scan",
                            "Parent Relationship": "Inner",
                            "Parallel Aware": false,
                            "Scan Direction": "Forward",
                            "Index Name": "title_pkey",
                            "Relation Name": "title",
                            "Alias": "t",
                            "Startup Cost": 0.43,
                            "Total Cost": 0.45,
                            "Plan Rows": 1,
                            "Plan Width": 21,
                            "Actual Startup Time": 0.002,
                            "Actual Total Time": 0.002,
                            "Actual Rows": 1,
                            "Actual Loops": 6234693,
                            "Index Cond": "(id = ci.movie_id)",
                            "Rows Removed by Index Recheck": 0
                          }
                        ]
                      },
                      {
                        "Node Type": "Index Scan",
                        "Parent Relationship": "Inner",
                        "Parallel Aware": false,
                        "Scan Direction": "Forward",
                        "Index Name": "movie_id_movie_info_idx",
                        "Relation Name": "movie_info_idx",
                        "Alias": "mii",
                        "Startup Cost": 0.43,
                        "Total Cost": 0.5,
                        "Plan Rows": 1,
                        "Plan Width": 8,
                        "Actual Startup Time": 0.002,
                        "Actual Total Time": 0.002,
                        "Actual Rows": 1,
                        "Actual Loops": 6234693,
                        "Index Cond": "(movie_id = ci.movie_id)",
                        "Rows Removed by Index Recheck": 0,
                        "Filter": "((info ~~* '0%'::text) OR (info ~~* '1%'::text) OR (info ~~* '2%'::text))",
                        "Rows Removed by Filter": 1
                      }
                    ]
                  },
                  {
                    "Node Type": "Hash",
                    "Parent Relationship": "Inner",
                    "Parallel Aware": false,
                    "Startup Cost": 2.41,
                    "Total Cost": 2.41,
                    "Plan Rows": 1,
                    "Plan Width": 4,
                    "Actual Startup Time": 0.168,
                    "Actual Total Time": 0.169,
                    "Actual Rows": 1,
                    "Actual Loops": 2,
                    "Hash Buckets": 1024,
                    "Original Hash Buckets": 1024,
                    "Hash Batches": 1,
                    "Original Hash Batches": 1,
                    "Peak Memory Usage": 9,
                    "Plans": [
                      {
                        "Node Type": "Seq Scan",
                        "Parent Relationship": "Outer",
                        "Parallel Aware": false,
                        "Relation Name": "info_type",
                        "Alias": "it1",
                        "Startup Cost": 0.0,
                        "Total Cost": 2.41,
                        "Plan Rows": 1,
                        "Plan Width": 4,
                        "Actual Startup Time": 0.138,
                        "Actual Total Time": 0.15,
                        "Actual Rows": 1,
                        "Actual Loops": 2,
                        "Filter": "((info)::text ~~* 'rating'::text)",
                        "Rows Removed by Filter": 112
                      }
                    ]
                  }
                ]
              }
            ]
          }
        ]
      }
    ]
  },
  "Planning Time": 2.851,
  "Triggers": [],
  "Execution Time": 25716.023
}