[
  {
    "Plan": {
      "Node Type": "Aggregate",
      "Strategy": "Plain",
      "Partial Mode": "Finalize",
      "Parallel Aware": false,
      "Startup Cost": 238170.32,
      "Total Cost": 238170.33,
      "Plan Rows": 1,
      "Plan Width": 8,
      "Actual Startup Time": 698.186,
      "Actual Total Time": 756.175,
      "Actual Rows": 1,
      "Actual Loops": 1,
      "Plans": [
        {
          "Node Type": "Gather",
          "Parent Relationship": "Outer",
          "Parallel Aware": false,
          "Startup Cost": 238169.8,
          "Total Cost": 238170.31,
          "Plan Rows": 5,
          "Plan Width": 8,
          "Actual Startup Time": 697.373,
          "Actual Total Time": 756.166,
          "Actual Rows": 6,
          "Actual Loops": 1,
          "Workers Planned": 5,
          "Workers Launched": 5,
          "Single Copy": false,
          "Plans": [
            {
              "Node Type": "Aggregate",
              "Strategy": "Plain",
              "Partial Mode": "Partial",
              "Parent Relationship": "Outer",
              "Parallel Aware": false,
              "Startup Cost": 237169.8,
              "Total Cost": 237169.81,
              "Plan Rows": 1,
              "Plan Width": 8,
              "Actual Startup Time": 686.285,
              "Actual Total Time": 686.289,
              "Actual Rows": 1,
              "Actual Loops": 6,
              "Plans": [
                {
                  "Node Type": "Nested Loop",
                  "Parent Relationship": "Outer",
                  "Parallel Aware": false,
                  "Join Type": "Inner",
                  "Startup Cost": 65269.13,
                  "Total Cost": 237104.14,
                  "Plan Rows": 26263,
                  "Plan Width": 0,
                  "Actual Startup Time": 145.677,
                  "Actual Total Time": 668.988,
                  "Actual Rows": 336173,
                  "Actual Loops": 6,
                  "Inner Unique": false,
                  "Join Filter": "(t.id = ci.movie_id)",
                  "Rows Removed by Join Filter": 0,
                  "Plans": [
                    {
                      "Node Type": "Hash Join",
                      "Parent Relationship": "Outer",
                      "Parallel Aware": true,
                      "Join Type": "Inner",
                      "Startup Cost": 65268.56,
                      "Total Cost": 230553.0,
                      "Plan Rows": 2105,
                      "Plan Width": 8,
                      "Actual Startup Time": 145.491,
                      "Actual Total Time": 213.453,
                      "Actual Rows": 6028,
                      "Actual Loops": 6,
                      "Inner Unique": true,
                      "Hash Cond": "(mi.movie_id = t.id)",
                      "Plans": [
                        {
                          "Node Type": "Bitmap Heap Scan",
                          "Parent Relationship": "Outer",
                          "Parallel Aware": true,
                          "Relation Name": "movie_info",
                          "Alias": "mi",
                          "Startup Cost": 19713.04,
                          "Total Cost": 184426.23,
                          "Plan Rows": 217616,
                          "Plan Width": 4,
                          "Actual Startup Time": 50.409,
                          "Actual Total Time": 109.276,
                          "Actual Rows": 172210,
                          "Actual Loops": 6,
                          "Recheck Cond": "(info_type_id > 81)",
                          "Rows Removed by Index Recheck": 0,
                          "Exact Heap Blocks": 9357,
                          "Lossy Heap Blocks": 0,
                          "Plans": [
                            {
                              "Node Type": "Bitmap Index Scan",
                              "Parent Relationship": "Outer",
                              "Parallel Aware": false,
                              "Index Name": "info_type_id_movie_info",
                              "Startup Cost": 0.0,
                              "Total Cost": 19441.02,
                              "Plan Rows": 1088078,
                              "Plan Width": 0,
                              "Actual Startup Time": 44.652,
                              "Actual Total Time": 44.653,
                              "Actual Rows": 1033261,
                              "Actual Loops": 1,
                              "Index Cond": "(info_type_id > 81)"
                            }
                          ]
                        },
                        {
                          "Node Type": "Hash",
                          "Parent Relationship": "Inner",
                          "Parallel Aware": true,
                          "Startup Cost": 45479.1,
                          "Total Cost": 45479.1,
                          "Plan Rows": 6114,
                          "Plan Width": 4,
                          "Actual Startup Time": 79.969,
                          "Actual Total Time": 79.97,
                          "Actual Rows": 3439,
                          "Actual Loops": 6,
                          "Hash Buckets": 32768,
                          "Original Hash Buckets": 32768,
                          "Hash Batches": 1,
                          "Original Hash Batches": 1,
                          "Peak Memory Usage": 1120,
                          "Plans": [
                            {
                              "Node Type": "Seq Scan",
                              "Parent Relationship": "Outer",
                              "Parallel Aware": true,
                              "Relation Name": "title",
                              "Alias": "t",
                              "Startup Cost": 0.0,
                              "Total Cost": 45479.1,
                              "Plan Rows": 6114,
                              "Plan Width": 4,
                              "Actual Startup Time": 0.36,
                              "Actual Total Time": 78.023,
                              "Actual Rows": 3439,
                              "Actual Loops": 6,
                              "Filter": "((kind_id < 7) AND (production_year = 2002))",
                              "Rows Removed by Filter": 417946
                            }
                          ]
                        }
                      ]
                    },
                    {
                      "Node Type": "Index Scan",
                      "Parent Relationship": "Inner",
                      "Parallel Aware": false,
                      "Scan Direction": "Forward",
                      "Index Name": "movie_id_cast_info",
                      "Relation Name": "cast_info",
                      "Alias": "ci",
                      "Startup Cost": 0.56,
                      "Total Cost": 2.71,
                      "Plan Rows": 32,
                      "Plan Width": 4,
                      "Actual Startup Time": 0.006,
                      "Actual Total Time": 0.07,
                      "Actual Rows": 56,
                      "Actual Loops": 36170,
                      "Index Cond": "(movie_id = mi.movie_id)",
                      "Rows Removed by Index Recheck": 0,
                      "Filter": "(role_id < 10)",
                      "Rows Removed by Filter": 40
                    }
                  ]
                }
              ]
            }
          ]
        }
      ]
    },
    "Planning Time": 1.364,
    "Triggers": [],
    "Execution Time": 756.313
  }
]