{
  "Plan": {
    "Node Type": "Aggregate",
    "Strategy": "Plain",
    "Partial Mode": "Simple",
    "Parallel Aware": false,
    "Startup Cost": 93808.85,
    "Total Cost": 93808.86,
    "Plan Rows": 1,
    "Plan Width": 8,
    "Actual Startup Time": 846.685,
    "Actual Total Time": 846.688,
    "Actual Rows": 1,
    "Actual Loops": 1,
    "Plans": [
      {
        "Node Type": "Hash Join",
        "Parent Relationship": "Outer",
        "Parallel Aware": false,
        "Join Type": "Inner",
        "Startup Cost": 92890.95,
        "Total Cost": 93808.23,
        "Plan Rows": 248,
        "Plan Width": 0,
        "Actual Startup Time": 844.135,
        "Actual Total Time": 846.628,
        "Actual Rows": 1285,
        "Actual Loops": 1,
        "Inner Unique": true,
        "Hash Cond": "(mk.movie_id = t.id)",
        "Plans": [
          {
            "Node Type": "Bitmap Heap Scan",
            "Parent Relationship": "Outer",
            "Parallel Aware": false,
            "Relation Name": "movie_keyword",
            "Alias": "mk",
            "Startup Cost": 6.35,
            "Total Cost": 922.98,
            "Plan Rows": 248,
            "Plan Width": 4,
            "Actual Startup Time": 0.943,
            "Actual Total Time": 2.715,
            "Actual Rows": 1285,
            "Actual Loops": 1,
            "Recheck Cond": "(keyword_id = 1302)",
            "Rows Removed by Index Recheck": 0,
            "Exact Heap Blocks": 1044,
            "Lossy Heap Blocks": 0,
            "Plans": [
              {
                "Node Type": "Bitmap Index Scan",
                "Parent Relationship": "Outer",
                "Parallel Aware": false,
                "Index Name": "keyword_id_movie_keyword",
                "Startup Cost": 0.0,
                "Total Cost": 6.29,
                "Plan Rows": 248,
                "Plan Width": 0,
                "Actual Startup Time": 0.528,
                "Actual Total Time": 0.529,
                "Actual Rows": 1285,
                "Actual Loops": 1,
                "Index Cond": "(keyword_id = 1302)"
              }
            ]
          },
          {
            "Node Type": "Hash",
            "Parent Relationship": "Inner",
            "Parallel Aware": false,
            "Startup Cost": 61280.93,
            "Total Cost": 61280.93,
            "Plan Rows": 2528293,
            "Plan Width": 4,
            "Actual Startup Time": 808.526,
            "Actual Total Time": 808.526,
            "Actual Rows": 2528312,
            "Actual Loops": 1,
            "Hash Buckets": 4194304,
            "Original Hash Buckets": 4194304,
            "Hash Batches": 1,
            "Original Hash Batches": 1,
            "Peak Memory Usage": 121654,
            "Plans": [
              {
                "Node Type": "Seq Scan",
                "Parent Relationship": "Outer",
                "Parallel Aware": false,
                "Relation Name": "title",
                "Alias": "t",
                "Startup Cost": 0.0,
                "Total Cost": 61280.93,
                "Plan Rows": 2528293,
                "Plan Width": 4,
                "Actual Startup Time": 0.014,
                "Actual Total Time": 248.735,
                "Actual Rows": 2528312,
                "Actual Loops": 1
              }
            ]
          }
        ]
      }
    ]
  },
  "Planning Time": 0.595,
  "Triggers": [],
  "Execution Time": 856.633
}