[
  {
    "Plan": {
      "Node Type": "Aggregate",
      "Strategy": "Plain",
      "Partial Mode": "Finalize",
      "Parallel Aware": false,
      "Startup Cost": 90132.88,
      "Total Cost": 90132.89,
      "Plan Rows": 1,
      "Plan Width": 8,
      "Actual Startup Time": 474.369,
      "Actual Total Time": 489.777,
      "Actual Rows": 1,
      "Actual Loops": 1,
      "Plans": [
        {
          "Node Type": "Gather",
          "Parent Relationship": "Outer",
          "Parallel Aware": false,
          "Startup Cost": 90132.56,
          "Total Cost": 90132.87,
          "Plan Rows": 3,
          "Plan Width": 8,
          "Actual Startup Time": 466.253,
          "Actual Total Time": 489.768,
          "Actual Rows": 4,
          "Actual Loops": 1,
          "Workers Planned": 3,
          "Workers Launched": 3,
          "Single Copy": false,
          "Plans": [
            {
              "Node Type": "Aggregate",
              "Strategy": "Plain",
              "Partial Mode": "Partial",
              "Parent Relationship": "Outer",
              "Parallel Aware": false,
              "Startup Cost": 89132.56,
              "Total Cost": 89132.57,
              "Plan Rows": 1,
              "Plan Width": 8,
              "Actual Startup Time": 454.582,
              "Actual Total Time": 454.586,
              "Actual Rows": 1,
              "Actual Loops": 4,
              "Plans": [
                {
                  "Node Type": "Hash Join",
                  "Parent Relationship": "Outer",
                  "Parallel Aware": true,
                  "Join Type": "Inner",
                  "Startup Cost": 61622.23,
                  "Total Cost": 88699.04,
                  "Plan Rows": 173409,
                  "Plan Width": 0,
                  "Actual Startup Time": 354.204,
                  "Actual Total Time": 447.904,
                  "Actual Rows": 129870,
                  "Actual Loops": 4,
                  "Inner Unique": true,
                  "Hash Cond": "(mk.movie_id = t.id)",
                  "Plans": [
                    {
                      "Node Type": "Bitmap Heap Scan",
                      "Parent Relationship": "Outer",
                      "Parallel Aware": true,
                      "Relation Name": "movie_keyword",
                      "Alias": "mk",
                      "Startup Cost": 11402.58,
                      "Total Cost": 38024.2,
                      "Plan Rows": 173409,
                      "Plan Width": 4,
                      "Actual Startup Time": 32.47,
                      "Actual Total Time": 85.264,
                      "Actual Rows": 129870,
                      "Actual Loops": 4,
                      "Recheck Cond": "(keyword_id > 34833)",
                      "Rows Removed by Index Recheck": 0,
                      "Exact Heap Blocks": 6971,
                      "Lossy Heap Blocks": 0,
                      "Plans": [
                        {
                          "Node Type": "Bitmap Index Scan",
                          "Parent Relationship": "Outer",
                          "Parallel Aware": false,
                          "Index Name": "keyword_id_movie_keyword",
                          "Startup Cost": 0.0,
                          "Total Cost": 11268.19,
                          "Plan Rows": 537568,
                          "Plan Width": 0,
                          "Actual Startup Time": 28.953,
                          "Actual Total Time": 28.954,
                          "Actual Rows": 519482,
                          "Actual Loops": 1,
                          "Index Cond": "(keyword_id > 34833)"
                        }
                      ]
                    },
                    {
                      "Node Type": "Hash",
                      "Parent Relationship": "Inner",
                      "Parallel Aware": true,
                      "Startup Cost": 42318.73,
                      "Total Cost": 42318.73,
                      "Plan Rows": 632073,
                      "Plan Width": 4,
                      "Actual Startup Time": 313.473,
                      "Actual Total Time": 313.474,
                      "Actual Rows": 632078,
                      "Actual Loops": 4,
                      "Hash Buckets": 4194304,
                      "Original Hash Buckets": 4194304,
                      "Hash Batches": 1,
                      "Original Hash Batches": 1,
                      "Peak Memory Usage": 131744,
                      "Plans": [
                        {
                          "Node Type": "Seq Scan",
                          "Parent Relationship": "Outer",
                          "Parallel Aware": true,
                          "Relation Name": "title",
                          "Alias": "t",
                          "Startup Cost": 0.0,
                          "Total Cost": 42318.73,
                          "Plan Rows": 632073,
                          "Plan Width": 4,
                          "Actual Startup Time": 0.037,
                          "Actual Total Time": 94.149,
                          "Actual Rows": 632078,
                          "Actual Loops": 4
                        }
                      ]
                    }
                  ]
                }
              ]
            }
          ]
        }
      ]
    },
    "Planning Time": 0.334,
    "Triggers": [],
    "Execution Time": 489.831
  }
]