[
  {
    "Plan": {
      "Node Type": "Aggregate",
      "Strategy": "Plain",
      "Partial Mode": "Finalize",
      "Parallel Aware": false,
      "Startup Cost": 78172.18,
      "Total Cost": 78172.19,
      "Plan Rows": 1,
      "Plan Width": 8,
      "Actual Startup Time": 278.817,
      "Actual Total Time": 288.041,
      "Actual Rows": 1,
      "Actual Loops": 1,
      "Plans": [
        {
          "Node Type": "Gather",
          "Parent Relationship": "Outer",
          "Parallel Aware": false,
          "Startup Cost": 78171.76,
          "Total Cost": 78172.17,
          "Plan Rows": 4,
          "Plan Width": 8,
          "Actual Startup Time": 275.696,
          "Actual Total Time": 288.033,
          "Actual Rows": 5,
          "Actual Loops": 1,
          "Workers Planned": 4,
          "Workers Launched": 4,
          "Single Copy": false,
          "Plans": [
            {
              "Node Type": "Aggregate",
              "Strategy": "Plain",
              "Partial Mode": "Partial",
              "Parent Relationship": "Outer",
              "Parallel Aware": false,
              "Startup Cost": 77171.76,
              "Total Cost": 77171.77,
              "Plan Rows": 1,
              "Plan Width": 8,
              "Actual Startup Time": 267.84,
              "Actual Total Time": 267.843,
              "Actual Rows": 1,
              "Actual Loops": 5,
              "Plans": [
                {
                  "Node Type": "Hash Join",
                  "Parent Relationship": "Outer",
                  "Parallel Aware": true,
                  "Join Type": "Inner",
                  "Startup Cost": 31068.52,
                  "Total Cost": 76899.29,
                  "Plan Rows": 108986,
                  "Plan Width": 0,
                  "Actual Startup Time": 91.897,
                  "Actual Total Time": 262.997,
                  "Actual Rows": 86258,
                  "Actual Loops": 5,
                  "Inner Unique": false,
                  "Hash Cond": "(t.id = mc.movie_id)",
                  "Plans": [
                    {
                      "Node Type": "Seq Scan",
                      "Parent Relationship": "Outer",
                      "Parallel Aware": true,
                      "Relation Name": "title",
                      "Alias": "t",
                      "Startup Cost": 0.0,
                      "Total Cost": 42318.81,
                      "Plan Rows": 632080,
                      "Plan Width": 4,
                      "Actual Startup Time": 0.015,
                      "Actual Total Time": 62.822,
                      "Actual Rows": 505662,
                      "Actual Loops": 5
                    },
                    {
                      "Node Type": "Hash",
                      "Parent Relationship": "Inner",
                      "Parallel Aware": true,
                      "Startup Cost": 29310.68,
                      "Total Cost": 29310.68,
                      "Plan Rows": 140627,
                      "Plan Width": 4,
                      "Actual Startup Time": 90.182,
                      "Actual Total Time": 90.183,
                      "Actual Rows": 86258,
                      "Actual Loops": 5,
                      "Hash Buckets": 524288,
                      "Original Hash Buckets": 524288,
                      "Hash Batches": 1,
                      "Original Hash Batches": 1,
                      "Peak Memory Usage": 21056,
                      "Plans": [
                        {
                          "Node Type": "Seq Scan",
                          "Parent Relationship": "Outer",
                          "Parallel Aware": true,
                          "Relation Name": "movie_companies",
                          "Alias": "mc",
                          "Startup Cost": 0.0,
                          "Total Cost": 29310.68,
                          "Plan Rows": 140627,
                          "Plan Width": 4,
                          "Actual Startup Time": 0.047,
                          "Actual Total Time": 59.891,
                          "Actual Rows": 86258,
                          "Actual Loops": 5,
                          "Filter": "(company_id < 312)",
                          "Rows Removed by Filter": 435568
                        }
                      ]
                    }
                  ]
                }
              ]
            }
          ]
        }
      ]
    },
    "Planning Time": 0.225,
    "Triggers": [],
    "Execution Time": 288.074
  }
]