[
  {
    "Plan": {
      "Node Type": "Aggregate",
      "Strategy": "Plain",
      "Partial Mode": "Finalize",
      "Parallel Aware": false,
      "Startup Cost": 44542.77,
      "Total Cost": 44542.78,
      "Plan Rows": 1,
      "Plan Width": 8,
      "Actual Startup Time": 103.534,
      "Actual Total Time": 109.652,
      "Actual Rows": 1,
      "Actual Loops": 1,
      "Plans": [
        {
          "Node Type": "Gather",
          "Parent Relationship": "Outer",
          "Parallel Aware": false,
          "Startup Cost": 44542.45,
          "Total Cost": 44542.76,
          "Plan Rows": 3,
          "Plan Width": 8,
          "Actual Startup Time": 103.447,
          "Actual Total Time": 109.646,
          "Actual Rows": 4,
          "Actual Loops": 1,
          "Workers Planned": 3,
          "Workers Launched": 3,
          "Single Copy": false,
          "Plans": [
            {
              "Node Type": "Aggregate",
              "Strategy": "Plain",
              "Partial Mode": "Partial",
              "Parent Relationship": "Outer",
              "Parallel Aware": false,
              "Startup Cost": 43542.45,
              "Total Cost": 43542.46,
              "Plan Rows": 1,
              "Plan Width": 8,
              "Actual Startup Time": 100.18,
              "Actual Total Time": 100.181,
              "Actual Rows": 1,
              "Actual Loops": 4,
              "Plans": [
                {
                  "Node Type": "Seq Scan",
                  "Parent Relationship": "Outer",
                  "Parallel Aware": true,
                  "Relation Name": "movie_keyword",
                  "Alias": "mk",
                  "Startup Cost": 0.0,
                  "Total Cost": 42695.65,
                  "Plan Rows": 338719,
                  "Plan Width": 0,
                  "Actual Startup Time": 0.02,
                  "Actual Total Time": 87.963,
                  "Actual Rows": 262785,
                  "Actual Loops": 4,
                  "Filter": "(keyword_id < 1047)",
                  "Rows Removed by Filter": 868198
                }
              ]
            }
          ]
        }
      ]
    },
    "Planning Time": 0.071,
    "Triggers": [],
    "Execution Time": 109.678
  }
]