{
  "Plan": {
    "Node Type": "Aggregate",
    "Strategy": "Plain",
    "Partial Mode": "Finalize",
    "Parallel Aware": false,
    "Startup Cost": 20730.76,
    "Total Cost": 20730.77,
    "Plan Rows": 1,
    "Plan Width": 8,
    "Actual Startup Time": 18.253,
    "Actual Total Time": 20.872,
    "Actual Rows": 1,
    "Actual Loops": 1,
    "Plans": [
      {
        "Node Type": "Gather",
        "Parent Relationship": "Outer",
        "Parallel Aware": false,
        "Startup Cost": 20730.65,
        "Total Cost": 20730.76,
        "Plan Rows": 1,
        "Plan Width": 8,
        "Actual Startup Time": 17.982,
        "Actual Total Time": 20.862,
        "Actual Rows": 2,
        "Actual Loops": 1,
        "Workers Planned": 1,
        "Workers Launched": 1,
        "Single Copy": false,
        "Plans": [
          {
            "Node Type": "Aggregate",
            "Strategy": "Plain",
            "Partial Mode": "Partial",
            "Parent Relationship": "Outer",
            "Parallel Aware": false,
            "Startup Cost": 19730.65,
            "Total Cost": 19730.66,
            "Plan Rows": 1,
            "Plan Width": 8,
            "Actual Startup Time": 12.183,
            "Actual Total Time": 12.185,
            "Actual Rows": 1,
            "Actual Loops": 2,
            "Plans": [
              {
                "Node Type": "Nested Loop",
                "Parent Relationship": "Outer",
                "Parallel Aware": false,
                "Join Type": "Inner",
                "Startup Cost": 61.75,
                "Total Cost": 19726.69,
                "Plan Rows": 1586,
                "Plan Width": 0,
                "Actual Startup Time": 1.127,
                "Actual Total Time": 11.966,
                "Actual Rows": 1009,
                "Actual Loops": 2,
                "Inner Unique": true,
                "Plans": [
                  {
                    "Node Type": "Bitmap Heap Scan",
                    "Parent Relationship": "Outer",
                    "Parallel Aware": true,
                    "Relation Name": "movie_companies",
                    "Alias": "mc",
                    "Startup Cost": 61.32,
                    "Total Cost": 7383.15,
                    "Plan Rows": 1586,
                    "Plan Width": 4,
                    "Actual Startup Time": 0.976,
                    "Actual Total Time": 2.248,
                    "Actual Rows": 1009,
                    "Actual Loops": 2,
                    "Recheck Cond": "(company_id = 436)",
                    "Rows Removed by Index Recheck": 0,
                    "Exact Heap Blocks": 418,
                    "Lossy Heap Blocks": 0,
                    "Plans": [
                      {
                        "Node Type": "Bitmap Index Scan",
                        "Parent Relationship": "Outer",
                        "Parallel Aware": false,
                        "Index Name": "company_id_movie_companies",
                        "Startup Cost": 0.0,
                        "Total Cost": 60.65,
                        "Plan Rows": 2696,
                        "Plan Width": 0,
                        "Actual Startup Time": 1.597,
                        "Actual Total Time": 1.598,
                        "Actual Rows": 2018,
                        "Actual Loops": 1,
                        "Index Cond": "(company_id = 436)"
                      }
                    ]
                  },
                  {
                    "Node Type": "Index Only Scan",
                    "Parent Relationship": "Inner",
                    "Parallel Aware": false,
                    "Scan Direction": "Forward",
                    "Index Name": "title_pkey",
                    "Relation Name": "title",
                    "Alias": "t",
                    "Startup Cost": 0.43,
                    "Total Cost": 7.78,
                    "Plan Rows": 1,
                    "Plan Width": 4,
                    "Actual Startup Time": 0.009,
                    "Actual Total Time": 0.009,
                    "Actual Rows": 1,
                    "Actual Loops": 2018,
                    "Index Cond": "(id = mc.movie_id)",
                    "Rows Removed by Index Recheck": 0,
                    "Heap Fetches": 2018
                  }
                ]
              }
            ]
          }
        ]
      }
    ]
  },
  "Planning Time": 1.438,
  "Triggers": [],
  "Execution Time": 20.961
}