[
  {
    "Plan": {
      "Node Type": "Aggregate",
      "Strategy": "Plain",
      "Partial Mode": "Finalize",
      "Parallel Aware": false,
      "Startup Cost": 31945.29,
      "Total Cost": 31945.3,
      "Plan Rows": 1,
      "Plan Width": 8,
      "Actual Startup Time": 122.733,
      "Actual Total Time": 131.861,
      "Actual Rows": 1,
      "Actual Loops": 1,
      "Plans": [
        {
          "Node Type": "Gather",
          "Parent Relationship": "Outer",
          "Parallel Aware": false,
          "Startup Cost": 31944.98,
          "Total Cost": 31945.29,
          "Plan Rows": 3,
          "Plan Width": 8,
          "Actual Startup Time": 122.477,
          "Actual Total Time": 131.845,
          "Actual Rows": 4,
          "Actual Loops": 1,
          "Workers Planned": 3,
          "Workers Launched": 3,
          "Single Copy": false,
          "Plans": [
            {
              "Node Type": "Aggregate",
              "Strategy": "Plain",
              "Partial Mode": "Partial",
              "Parent Relationship": "Outer",
              "Parallel Aware": false,
              "Startup Cost": 30944.98,
              "Total Cost": 30944.99,
              "Plan Rows": 1,
              "Plan Width": 8,
              "Actual Startup Time": 115.745,
              "Actual Total Time": 115.747,
              "Actual Rows": 1,
              "Actual Loops": 4,
              "Plans": [
                {
                  "Node Type": "Seq Scan",
                  "Parent Relationship": "Outer",
                  "Parallel Aware": true,
                  "Relation Name": "movie_companies",
                  "Alias": "mc",
                  "Startup Cost": 0.0,
                  "Total Cost": 29310.68,
                  "Plan Rows": 653718,
                  "Plan Width": 0,
                  "Actual Startup Time": 0.04,
                  "Actual Total Time": 89.172,
                  "Actual Rows": 506302,
                  "Actual Loops": 4,
                  "Filter": "(company_id < 70994)",
                  "Rows Removed by Filter": 145980
                }
              ]
            }
          ]
        }
      ]
    },
    "Planning Time": 0.137,
    "Triggers": [],
    "Execution Time": 131.905
  }
]