[
    {
        "Bao": {
            "Bao prediction": "NaN",
            "Bao recommended hint": "(no hint)"
        }
    },
    {
        "Plan": {
            "Node Type": "Aggregate",
            "Strategy": "Plain",
            "Partial Mode": "Finalize",
            "Parallel Aware": false,
            "Startup Cost": 32916.85,
            "Total Cost": 32916.86,
            "Plan Rows": 1,
            "Plan Width": 8,
            "Actual Startup Time": 89.252,
            "Actual Total Time": 95.353,
            "Actual Rows": 1,
            "Actual Loops": 1,
            "Output": [
                "count(*)"
            ],
            "Plans": [
                {
                    "Node Type": "Gather",
                    "Parent Relationship": "Outer",
                    "Parallel Aware": false,
                    "Startup Cost": 32916.53,
                    "Total Cost": 32916.84,
                    "Plan Rows": 3,
                    "Plan Width": 8,
                    "Actual Startup Time": 89.161,
                    "Actual Total Time": 95.347,
                    "Actual Rows": 4,
                    "Actual Loops": 1,
                    "Output": [
                        "(PARTIAL count(*))"
                    ],
                    "Workers Planned": 3,
                    "Workers Launched": 3,
                    "Single Copy": false,
                    "Plans": [
                        {
                            "Node Type": "Aggregate",
                            "Strategy": "Plain",
                            "Partial Mode": "Partial",
                            "Parent Relationship": "Outer",
                            "Parallel Aware": false,
                            "Startup Cost": 31916.53,
                            "Total Cost": 31916.54,
                            "Plan Rows": 1,
                            "Plan Width": 8,
                            "Actual Startup Time": 81.119,
                            "Actual Total Time": 81.119,
                            "Actual Rows": 1,
                            "Actual Loops": 4,
                            "Output": [
                                "PARTIAL count(*)"
                            ],
                            "Workers": [
                                {
                                    "Worker Number": 0,
                                    "Actual Startup Time": 78.001,
                                    "Actual Total Time": 78.002,
                                    "Actual Rows": 1,
                                    "Actual Loops": 1
                                },
                                {
                                    "Worker Number": 1,
                                    "Actual Startup Time": 78.574,
                                    "Actual Total Time": 78.575,
                                    "Actual Rows": 1,
                                    "Actual Loops": 1
                                },
                                {
                                    "Worker Number": 2,
                                    "Actual Startup Time": 78.995,
                                    "Actual Total Time": 78.996,
                                    "Actual Rows": 1,
                                    "Actual Loops": 1
                                }
                            ],
                            "Plans": [
                                {
                                    "Node Type": "Seq Scan",
                                    "Parent Relationship": "Outer",
                                    "Parallel Aware": true,
                                    "Relation Name": "movie_companies",
                                    "Schema": "public",
                                    "Alias": "mc",
                                    "Startup Cost": 0.0,
                                    "Total Cost": 31414.82,
                                    "Plan Rows": 200684,
                                    "Plan Width": 0,
                                    "Actual Startup Time": 39.598,
                                    "Actual Total Time": 72.167,
                                    "Actual Rows": 222228,
                                    "Actual Loops": 4,
                                    "Output": [
                                        "id",
                                        "movie_id",
                                        "company_id",
                                        "company_type_id",
                                        "note"
                                    ],
                                    "Filter": "((mc.company_id > 11941) AND (mc.company_type_id = 2))",
                                    "Rows Removed by Filter": 430054,
                                    "Workers": [
                                        {
                                            "Worker Number": 0,
                                            "Actual Startup Time": 36.483,
                                            "Actual Total Time": 69.576,
                                            "Actual Rows": 205712,
                                            "Actual Loops": 1
                                        },
                                        {
                                            "Worker Number": 1,
                                            "Actual Startup Time": 37.056,
                                            "Actual Total Time": 69.858,
                                            "Actual Rows": 215444,
                                            "Actual Loops": 1
                                        },
                                        {
                                            "Worker Number": 2,
                                            "Actual Startup Time": 37.466,
                                            "Actual Total Time": 70.233,
                                            "Actual Rows": 213546,
                                            "Actual Loops": 1
                                        }
                                    ]
                                }
                            ]
                        }
                    ]
                }
            ]
        },
        "Planning Time": 190.59,
        "Triggers": [],
        "Execution Time": 95.4
    }
]