[
  {
    "Plan": {
      "Node Type": "Aggregate",
      "Strategy": "Plain",
      "Partial Mode": "Finalize",
      "Parallel Aware": false,
      "Startup Cost": 47084.75,
      "Total Cost": 47084.76,
      "Plan Rows": 1,
      "Plan Width": 8,
      "Actual Startup Time": 70.844,
      "Actual Total Time": 75.706,
      "Actual Rows": 1,
      "Actual Loops": 1,
      "Plans": [
        {
          "Node Type": "Gather",
          "Parent Relationship": "Outer",
          "Parallel Aware": false,
          "Startup Cost": 47084.33,
          "Total Cost": 47084.74,
          "Plan Rows": 4,
          "Plan Width": 8,
          "Actual Startup Time": 70.719,
          "Actual Total Time": 75.7,
          "Actual Rows": 5,
          "Actual Loops": 1,
          "Workers Planned": 4,
          "Workers Launched": 4,
          "Single Copy": false,
          "Plans": [
            {
              "Node Type": "Aggregate",
              "Strategy": "Plain",
              "Partial Mode": "Partial",
              "Parent Relationship": "Outer",
              "Parallel Aware": false,
              "Startup Cost": 46084.33,
              "Total Cost": 46084.34,
              "Plan Rows": 1,
              "Plan Width": 8,
              "Actual Startup Time": 66.593,
              "Actual Total Time": 66.594,
              "Actual Rows": 1,
              "Actual Loops": 5,
              "Plans": [
                {
                  "Node Type": "Index Scan",
                  "Parent Relationship": "Outer",
                  "Parallel Aware": true,
                  "Scan Direction": "Forward",
                  "Index Name": "role_id_cast_info",
                  "Relation Name": "cast_info",
                  "Alias": "ci",
                  "Startup Cost": 0.56,
                  "Total Cost": 45790.64,
                  "Plan Rows": 117479,
                  "Plan Width": 0,
                  "Actual Startup Time": 0.065,
                  "Actual Total Time": 61.832,
                  "Actual Rows": 93356,
                  "Actual Loops": 5,
                  "Index Cond": "(role_id = 8)",
                  "Rows Removed by Index Recheck": 0,
                  "Filter": "(person_id < 1018786)",
                  "Rows Removed by Filter": 247353
                }
              ]
            }
          ]
        }
      ]
    },
    "Planning Time": 0.055,
    "Triggers": [],
    "Execution Time": 75.725
  }
]