[
  {
    "Plan": {
      "Node Type": "Aggregate",
      "Strategy": "Plain",
      "Partial Mode": "Finalize",
      "Parallel Aware": false,
      "Startup Cost": 49140.77,
      "Total Cost": 49140.78,
      "Plan Rows": 1,
      "Plan Width": 8,
      "Actual Startup Time": 85.784,
      "Actual Total Time": 92.384,
      "Actual Rows": 1,
      "Actual Loops": 1,
      "Plans": [
        {
          "Node Type": "Gather",
          "Parent Relationship": "Outer",
          "Parallel Aware": false,
          "Startup Cost": 49140.35,
          "Total Cost": 49140.76,
          "Plan Rows": 4,
          "Plan Width": 8,
          "Actual Startup Time": 85.694,
          "Actual Total Time": 92.378,
          "Actual Rows": 5,
          "Actual Loops": 1,
          "Workers Planned": 4,
          "Workers Launched": 4,
          "Single Copy": false,
          "Plans": [
            {
              "Node Type": "Aggregate",
              "Strategy": "Plain",
              "Partial Mode": "Partial",
              "Parent Relationship": "Outer",
              "Parallel Aware": false,
              "Startup Cost": 48140.35,
              "Total Cost": 48140.36,
              "Plan Rows": 1,
              "Plan Width": 8,
              "Actual Startup Time": 77.508,
              "Actual Total Time": 77.509,
              "Actual Rows": 1,
              "Actual Loops": 5,
              "Plans": [
                {
                  "Node Type": "Index Scan",
                  "Parent Relationship": "Outer",
                  "Parallel Aware": true,
                  "Scan Direction": "Forward",
                  "Index Name": "role_id_cast_info",
                  "Relation Name": "cast_info",
                  "Alias": "ci",
                  "Startup Cost": 0.56,
                  "Total Cost": 47835.41,
                  "Plan Rows": 121976,
                  "Plan Width": 0,
                  "Actual Startup Time": 0.122,
                  "Actual Total Time": 71.705,
                  "Actual Rows": 93356,
                  "Actual Loops": 5,
                  "Index Cond": "(role_id = 8)",
                  "Rows Removed by Index Recheck": 0,
                  "Filter": "(person_id < 1018786)",
                  "Rows Removed by Filter": 247353
                }
              ]
            }
          ]
        }
      ]
    },
    "Planning Time": 0.227,
    "Triggers": [],
    "Execution Time": 92.446
  }
]