{
  "Plan": {
    "Node Type": "Aggregate",
    "Strategy": "Plain",
    "Partial Mode": "Simple",
    "Parallel Aware": false,
    "Startup Cost": 3325.21,
    "Total Cost": 3325.22,
    "Plan Rows": 1,
    "Plan Width": 8,
    "Actual Startup Time": 2.894,
    "Actual Total Time": 2.897,
    "Actual Rows": 1,
    "Actual Loops": 1,
    "Plans": [
      {
        "Node Type": "Nested Loop",
        "Parent Relationship": "Outer",
        "Parallel Aware": false,
        "Join Type": "Inner",
        "Startup Cost": 1.43,
        "Total Cost": 3322.52,
        "Plan Rows": 1076,
        "Plan Width": 0,
        "Actual Startup Time": 0.143,
        "Actual Total Time": 2.599,
        "Actual Rows": 1658,
        "Actual Loops": 1,
        "Inner Unique": false,
        "Plans": [
          {
            "Node Type": "Nested Loop",
            "Parent Relationship": "Outer",
            "Parallel Aware": false,
            "Join Type": "Inner",
            "Startup Cost": 0.99,
            "Total Cost": 2952.92,
            "Plan Rows": 184,
            "Plan Width": 8,
            "Actual Startup Time": 0.111,
            "Actual Total Time": 0.365,
            "Actual Rows": 10,
            "Actual Loops": 1,
            "Inner Unique": true,
            "Plans": [
              {
                "Node Type": "Index Scan",
                "Parent Relationship": "Outer",
                "Parallel Aware": false,
                "Scan Direction": "Forward",
                "Index Name": "person_id_cast_info",
                "Relation Name": "cast_info",
                "Alias": "ci",
                "Startup Cost": 0.56,
                "Total Cost": 1059.67,
                "Plan Rows": 225,
                "Plan Width": 4,
                "Actual Startup Time": 0.085,
                "Actual Total Time": 0.101,
                "Actual Rows": 15,
                "Actual Loops": 1,
                "Index Cond": "(person_id = 3672523)",
                "Rows Removed by Index Recheck": 0,
                "Filter": "(role_id > 2)",
                "Rows Removed by Filter": 0
              },
              {
                "Node Type": "Index Scan",
                "Parent Relationship": "Inner",
                "Parallel Aware": false,
                "Scan Direction": "Forward",
                "Index Name": "title_pkey",
                "Relation Name": "title",
                "Alias": "t",
                "Startup Cost": 0.43,
                "Total Cost": 8.41,
                "Plan Rows": 1,
                "Plan Width": 4,
                "Actual Startup Time": 0.016,
                "Actual Total Time": 0.016,
                "Actual Rows": 1,
                "Actual Loops": 15,
                "Index Cond": "(id = ci.movie_id)",
                "Rows Removed by Index Recheck": 0,
                "Filter": "(production_year < 2011)",
                "Rows Removed by Filter": 0
              }
            ]
          },
          {
            "Node Type": "Index Only Scan",
            "Parent Relationship": "Inner",
            "Parallel Aware": false,
            "Scan Direction": "Forward",
            "Index Name": "movie_id_movie_info",
            "Relation Name": "movie_info",
            "Alias": "mi",
            "Startup Cost": 0.43,
            "Total Cost": 1.59,
            "Plan Rows": 42,
            "Plan Width": 4,
            "Actual Startup Time": 0.029,
            "Actual Total Time": 0.177,
            "Actual Rows": 166,
            "Actual Loops": 10,
            "Index Cond": "(movie_id = t.id)",
            "Rows Removed by Index Recheck": 0,
            "Heap Fetches": 1658
          }
        ]
      }
    ]
  },
  "Planning Time": 1.016,
  "Triggers": [],
  "Execution Time": 2.97
}