{
  "Plan": {
    "Node Type": "Aggregate",
    "Strategy": "Plain",
    "Partial Mode": "Finalize",
    "Parallel Aware": false,
    "Startup Cost": 25499.11,
    "Total Cost": 25499.12,
    "Plan Rows": 1,
    "Plan Width": 8,
    "Actual Startup Time": 27.07,
    "Actual Total Time": 30.356,
    "Actual Rows": 1,
    "Actual Loops": 1,
    "Plans": [
      {
        "Node Type": "Gather",
        "Parent Relationship": "Outer",
        "Parallel Aware": false,
        "Startup Cost": 25499.0,
        "Total Cost": 25499.11,
        "Plan Rows": 1,
        "Plan Width": 8,
        "Actual Startup Time": 26.909,
        "Actual Total Time": 30.348,
        "Actual Rows": 2,
        "Actual Loops": 1,
        "Workers Planned": 1,
        "Workers Launched": 1,
        "Single Copy": false,
        "Plans": [
          {
            "Node Type": "Aggregate",
            "Strategy": "Plain",
            "Partial Mode": "Partial",
            "Parent Relationship": "Outer",
            "Parallel Aware": false,
            "Startup Cost": 24499.0,
            "Total Cost": 24499.01,
            "Plan Rows": 1,
            "Plan Width": 8,
            "Actual Startup Time": 20.941,
            "Actual Total Time": 20.943,
            "Actual Rows": 1,
            "Actual Loops": 2,
            "Plans": [
              {
                "Node Type": "Nested Loop",
                "Parent Relationship": "Outer",
                "Parallel Aware": false,
                "Join Type": "Inner",
                "Startup Cost": 79.82,
                "Total Cost": 24493.88,
                "Plan Rows": 2046,
                "Plan Width": 0,
                "Actual Startup Time": 1.895,
                "Actual Total Time": 20.669,
                "Actual Rows": 1522,
                "Actual Loops": 2,
                "Inner Unique": true,
                "Plans": [
                  {
                    "Node Type": "Bitmap Heap Scan",
                    "Parent Relationship": "Outer",
                    "Parallel Aware": true,
                    "Relation Name": "movie_companies",
                    "Alias": "mc",
                    "Startup Cost": 79.39,
                    "Total Cost": 8911.08,
                    "Plan Rows": 2046,
                    "Plan Width": 4,
                    "Actual Startup Time": 1.752,
                    "Actual Total Time": 6.172,
                    "Actual Rows": 1522,
                    "Actual Loops": 2,
                    "Recheck Cond": "(company_id = 11156)",
                    "Rows Removed by Index Recheck": 0,
                    "Exact Heap Blocks": 1576,
                    "Lossy Heap Blocks": 0,
                    "Plans": [
                      {
                        "Node Type": "Bitmap Index Scan",
                        "Parent Relationship": "Outer",
                        "Parallel Aware": false,
                        "Index Name": "company_id_movie_companies",
                        "Startup Cost": 0.0,
                        "Total Cost": 78.52,
                        "Plan Rows": 3479,
                        "Plan Width": 0,
                        "Actual Startup Time": 2.529,
                        "Actual Total Time": 2.529,
                        "Actual Rows": 3044,
                        "Actual Loops": 1,
                        "Index Cond": "(company_id = 11156)"
                      }
                    ]
                  },
                  {
                    "Node Type": "Index Only Scan",
                    "Parent Relationship": "Inner",
                    "Parallel Aware": false,
                    "Scan Direction": "Forward",
                    "Index Name": "title_pkey",
                    "Relation Name": "title",
                    "Alias": "t",
                    "Startup Cost": 0.43,
                    "Total Cost": 7.62,
                    "Plan Rows": 1,
                    "Plan Width": 4,
                    "Actual Startup Time": 0.009,
                    "Actual Total Time": 0.009,
                    "Actual Rows": 1,
                    "Actual Loops": 3044,
                    "Index Cond": "(id = mc.movie_id)",
                    "Rows Removed by Index Recheck": 0,
                    "Heap Fetches": 3044
                  }
                ]
              }
            ]
          }
        ]
      }
    ]
  },
  "Planning Time": 0.605,
  "Triggers": [],
  "Execution Time": 30.439
}