[
  {
    "Plan": {
      "Node Type": "Aggregate",
      "Strategy": "Plain",
      "Partial Mode": "Finalize",
      "Parallel Aware": false,
      "Startup Cost": 103784.41,
      "Total Cost": 103784.42,
      "Plan Rows": 1,
      "Plan Width": 8,
      "Actual Startup Time": 301.212,
      "Actual Total Time": 323.22,
      "Actual Rows": 1,
      "Actual Loops": 1,
      "Plans": [
        {
          "Node Type": "Gather",
          "Parent Relationship": "Outer",
          "Parallel Aware": false,
          "Startup Cost": 103784.09,
          "Total Cost": 103784.4,
          "Plan Rows": 3,
          "Plan Width": 8,
          "Actual Startup Time": 299.423,
          "Actual Total Time": 323.211,
          "Actual Rows": 4,
          "Actual Loops": 1,
          "Workers Planned": 3,
          "Workers Launched": 3,
          "Single Copy": false,
          "Plans": [
            {
              "Node Type": "Aggregate",
              "Strategy": "Plain",
              "Partial Mode": "Partial",
              "Parent Relationship": "Outer",
              "Parallel Aware": false,
              "Startup Cost": 102784.09,
              "Total Cost": 102784.1,
              "Plan Rows": 1,
              "Plan Width": 8,
              "Actual Startup Time": 291.607,
              "Actual Total Time": 291.613,
              "Actual Rows": 1,
              "Actual Loops": 4,
              "Plans": [
                {
                  "Node Type": "Nested Loop",
                  "Parent Relationship": "Outer",
                  "Parallel Aware": false,
                  "Join Type": "Inner",
                  "Startup Cost": 53804.09,
                  "Total Cost": 102757.54,
                  "Plan Rows": 10621,
                  "Plan Width": 0,
                  "Actual Startup Time": 181.386,
                  "Actual Total Time": 287.222,
                  "Actual Rows": 100268,
                  "Actual Loops": 4,
                  "Inner Unique": false,
                  "Plans": [
                    {
                      "Node Type": "Hash Join",
                      "Parent Relationship": "Outer",
                      "Parallel Aware": true,
                      "Join Type": "Inner",
                      "Startup Cost": 53803.66,
                      "Total Cost": 74249.16,
                      "Plan Rows": 13444,
                      "Plan Width": 8,
                      "Actual Startup Time": 181.313,
                      "Actual Total Time": 212.189,
                      "Actual Rows": 6000,
                      "Actual Loops": 4,
                      "Inner Unique": true,
                      "Hash Cond": "(mc.movie_id = t.id)",
                      "Plans": [
                        {
                          "Node Type": "Bitmap Heap Scan",
                          "Parent Relationship": "Outer",
                          "Parallel Aware": true,
                          "Relation Name": "movie_companies",
                          "Alias": "mc",
                          "Startup Cost": 7354.08,
                          "Total Cost": 27512.27,
                          "Plan Rows": 109455,
                          "Plan Width": 4,
                          "Actual Startup Time": 18.786,
                          "Actual Total Time": 50.497,
                          "Actual Rows": 83614,
                          "Actual Loops": 4,
                          "Recheck Cond": "(company_id < 166)",
                          "Rows Removed by Index Recheck": 0,
                          "Exact Heap Blocks": 6019,
                          "Lossy Heap Blocks": 0,
                          "Plans": [
                            {
                              "Node Type": "Bitmap Index Scan",
                              "Parent Relationship": "Outer",
                              "Parallel Aware": false,
                              "Index Name": "company_id_movie_companies",
                              "Startup Cost": 0.0,
                              "Total Cost": 7269.26,
                              "Plan Rows": 339310,
                              "Plan Width": 0,
                              "Actual Startup Time": 16.053,
                              "Actual Total Time": 16.054,
                              "Actual Rows": 334457,
                              "Actual Loops": 1,
                              "Index Cond": "(company_id < 166)"
                            }
                          ]
                        },
                        {
                          "Node Type": "Hash",
                          "Parent Relationship": "Inner",
                          "Parallel Aware": true,
                          "Startup Cost": 45479.1,
                          "Total Cost": 45479.1,
                          "Plan Rows": 77638,
                          "Plan Width": 4,
                          "Actual Startup Time": 132.597,
                          "Actual Total Time": 132.6,
                          "Actual Rows": 100185,
                          "Actual Loops": 4,
                          "Hash Buckets": 524288,
                          "Original Hash Buckets": 524288,
                          "Hash Batches": 1,
                          "Original Hash Batches": 1,
                          "Peak Memory Usage": 19840,
                          "Plans": [
                            {
                              "Node Type": "Seq Scan",
                              "Parent Relationship": "Outer",
                              "Parallel Aware": true,
                              "Relation Name": "title",
                              "Alias": "t",
                              "Startup Cost": 0.0,
                              "Total Cost": 45479.1,
                              "Plan Rows": 77638,
                              "Plan Width": 4,
                              "Actual Startup Time": 58.37,
                              "Actual Total Time": 99.457,
                              "Actual Rows": 100185,
                              "Actual Loops": 4,
                              "Filter": "((production_year < 2003) AND (kind_id = 1))",
                              "Rows Removed by Filter": 531893
                            }
                          ]
                        }
                      ]
                    },
                    {
                      "Node Type": "Index Scan",
                      "Parent Relationship": "Inner",
                      "Parallel Aware": false,
                      "Scan Direction": "Forward",
                      "Index Name": "movie_id_movie_keyword",
                      "Relation Name": "movie_keyword",
                      "Alias": "mk",
                      "Startup Cost": 0.43,
                      "Total Cost": 1.92,
                      "Plan Rows": 20,
                      "Plan Width": 4,
                      "Actual Startup Time": 0.006,
                      "Actual Total Time": 0.011,
                      "Actual Rows": 17,
                      "Actual Loops": 24000,
                      "Index Cond": "(movie_id = t.id)",
                      "Rows Removed by Index Recheck": 0,
                      "Filter": "(keyword_id < 3570)",
                      "Rows Removed by Filter": 24
                    }
                  ]
                }
              ]
            }
          ]
        }
      ]
    },
    "Planning Time": 1.501,
    "Triggers": [],
    "Execution Time": 323.339
  }
]