[
  {
    "Plan": {
      "Node Type": "Aggregate",
      "Strategy": "Plain",
      "Partial Mode": "Finalize",
      "Parallel Aware": false,
      "Startup Cost": 96166.99,
      "Total Cost": 96167.0,
      "Plan Rows": 1,
      "Plan Width": 8,
      "Actual Startup Time": 436.458,
      "Actual Total Time": 449.692,
      "Actual Rows": 1,
      "Actual Loops": 1,
      "Plans": [
        {
          "Node Type": "Gather",
          "Parent Relationship": "Outer",
          "Parallel Aware": false,
          "Startup Cost": 96166.67,
          "Total Cost": 96166.98,
          "Plan Rows": 3,
          "Plan Width": 8,
          "Actual Startup Time": 430.932,
          "Actual Total Time": 449.684,
          "Actual Rows": 4,
          "Actual Loops": 1,
          "Workers Planned": 3,
          "Workers Launched": 3,
          "Single Copy": false,
          "Plans": [
            {
              "Node Type": "Aggregate",
              "Strategy": "Plain",
              "Partial Mode": "Partial",
              "Parent Relationship": "Outer",
              "Parallel Aware": false,
              "Startup Cost": 95166.67,
              "Total Cost": 95166.68,
              "Plan Rows": 1,
              "Plan Width": 8,
              "Actual Startup Time": 421.886,
              "Actual Total Time": 421.889,
              "Actual Rows": 1,
              "Actual Loops": 4,
              "Plans": [
                {
                  "Node Type": "Hash Join",
                  "Parent Relationship": "Outer",
                  "Parallel Aware": true,
                  "Join Type": "Inner",
                  "Startup Cost": 49808.3,
                  "Total Cost": 94253.72,
                  "Plan Rows": 365182,
                  "Plan Width": 0,
                  "Actual Startup Time": 240.473,
                  "Actual Total Time": 418.465,
                  "Actual Rows": 75569,
                  "Actual Loops": 4,
                  "Inner Unique": true,
                  "Hash Cond": "(mk.movie_id = t.id)",
                  "Plans": [
                    {
                      "Node Type": "Seq Scan",
                      "Parent Relationship": "Outer",
                      "Parallel Aware": true,
                      "Relation Name": "movie_keyword",
                      "Alias": "mk",
                      "Startup Cost": 0.0,
                      "Total Cost": 42695.65,
                      "Plan Rows": 666578,
                      "Plan Width": 4,
                      "Actual Startup Time": 0.364,
                      "Actual Total Time": 106.957,
                      "Actual Rows": 512130,
                      "Actual Loops": 4,
                      "Filter": "(keyword_id > 5978)",
                      "Rows Removed by Filter": 618852
                    },
                    {
                      "Node Type": "Hash",
                      "Parent Relationship": "Inner",
                      "Parallel Aware": true,
                      "Startup Cost": 45479.59,
                      "Total Cost": 45479.59,
                      "Plan Rows": 346297,
                      "Plan Width": 4,
                      "Actual Startup Time": 234.13,
                      "Actual Total Time": 234.131,
                      "Actual Rows": 365131,
                      "Actual Loops": 4,
                      "Hash Buckets": 2097152,
                      "Original Hash Buckets": 2097152,
                      "Hash Batches": 1,
                      "Original Hash Batches": 1,
                      "Peak Memory Usage": 73600,
                      "Plans": [
                        {
                          "Node Type": "Seq Scan",
                          "Parent Relationship": "Outer",
                          "Parallel Aware": true,
                          "Relation Name": "title",
                          "Alias": "t",
                          "Startup Cost": 0.0,
                          "Total Cost": 45479.59,
                          "Plan Rows": 346297,
                          "Plan Width": 4,
                          "Actual Startup Time": 0.029,
                          "Actual Total Time": 110.386,
                          "Actual Rows": 365131,
                          "Actual Loops": 4,
                          "Filter": "((production_year > 1954) AND (kind_id = 7))",
                          "Rows Removed by Filter": 266947
                        }
                      ]
                    }
                  ]
                }
              ]
            }
          ]
        }
      ]
    },
    "Planning Time": 0.332,
    "Triggers": [],
    "Execution Time": 449.734
  }
]