[
  {
    "Plan": {
      "Node Type": "Aggregate",
      "Strategy": "Plain",
      "Partial Mode": "Finalize",
      "Parallel Aware": false,
      "Startup Cost": 376735.34,
      "Total Cost": 376735.35,
      "Plan Rows": 1,
      "Plan Width": 8,
      "Actual Startup Time": 1263.27,
      "Actual Total Time": 1293.629,
      "Actual Rows": 1,
      "Actual Loops": 1,
      "Plans": [
        {
          "Node Type": "Gather",
          "Parent Relationship": "Outer",
          "Parallel Aware": false,
          "Startup Cost": 376734.71,
          "Total Cost": 376735.32,
          "Plan Rows": 6,
          "Plan Width": 8,
          "Actual Startup Time": 1262.059,
          "Actual Total Time": 1293.618,
          "Actual Rows": 7,
          "Actual Loops": 1,
          "Workers Planned": 6,
          "Workers Launched": 6,
          "Single Copy": false,
          "Plans": [
            {
              "Node Type": "Aggregate",
              "Strategy": "Plain",
              "Partial Mode": "Partial",
              "Parent Relationship": "Outer",
              "Parallel Aware": false,
              "Startup Cost": 375734.71,
              "Total Cost": 375734.72,
              "Plan Rows": 1,
              "Plan Width": 8,
              "Actual Startup Time": 1257.446,
              "Actual Total Time": 1257.449,
              "Actual Rows": 1,
              "Actual Loops": 7,
              "Plans": [
                {
                  "Node Type": "Hash Join",
                  "Parent Relationship": "Outer",
                  "Parallel Aware": true,
                  "Join Type": "Inner",
                  "Startup Cost": 45921.06,
                  "Total Cost": 374889.96,
                  "Plan Rows": 337900,
                  "Plan Width": 0,
                  "Actual Startup Time": 68.094,
                  "Actual Total Time": 1240.16,
                  "Actual Rows": 316670,
                  "Actual Loops": 7,
                  "Inner Unique": true,
                  "Hash Cond": "(ci.movie_id = t.id)",
                  "Plans": [
                    {
                      "Node Type": "Seq Scan",
                      "Parent Relationship": "Outer",
                      "Parallel Aware": true,
                      "Relation Name": "cast_info",
                      "Alias": "ci",
                      "Startup Cost": 0.0,
                      "Total Cost": 313108.29,
                      "Plan Rows": 6042129,
                      "Plan Width": 4,
                      "Actual Startup Time": 0.016,
                      "Actual Total Time": 491.634,
                      "Actual Rows": 5177763,
                      "Actual Loops": 7
                    },
                    {
                      "Node Type": "Hash",
                      "Parent Relationship": "Inner",
                      "Parallel Aware": true,
                      "Startup Cost": 45479.21,
                      "Total Cost": 45479.21,
                      "Plan Rows": 35348,
                      "Plan Width": 4,
                      "Actual Startup Time": 67.102,
                      "Actual Total Time": 67.103,
                      "Actual Rows": 18883,
                      "Actual Loops": 7,
                      "Hash Buckets": 262144,
                      "Original Hash Buckets": 262144,
                      "Hash Batches": 1,
                      "Original Hash Batches": 1,
                      "Peak Memory Usage": 7328,
                      "Plans": [
                        {
                          "Node Type": "Seq Scan",
                          "Parent Relationship": "Outer",
                          "Parallel Aware": true,
                          "Relation Name": "title",
                          "Alias": "t",
                          "Startup Cost": 0.0,
                          "Total Cost": 45479.21,
                          "Plan Rows": 35348,
                          "Plan Width": 4,
                          "Actual Startup Time": 29.891,
                          "Actual Total Time": 59.847,
                          "Actual Rows": 18883,
                          "Actual Loops": 7,
                          "Filter": "((production_year > 2009) AND (kind_id = 1))",
                          "Rows Removed by Filter": 342304
                        }
                      ]
                    }
                  ]
                }
              ]
            }
          ]
        }
      ]
    },
    "Planning Time": 0.257,
    "Triggers": [],
    "Execution Time": 1293.666
  }
]