[
  {
    "Plan": {
      "Node Type": "Aggregate",
      "Strategy": "Plain",
      "Partial Mode": "Finalize",
      "Parallel Aware": false,
      "Startup Cost": 337758.56,
      "Total Cost": 337758.57,
      "Plan Rows": 1,
      "Plan Width": 8,
      "Actual Startup Time": 749.188,
      "Actual Total Time": 794.166,
      "Actual Rows": 1,
      "Actual Loops": 1,
      "Plans": [
        {
          "Node Type": "Gather",
          "Parent Relationship": "Outer",
          "Parallel Aware": false,
          "Startup Cost": 337757.93,
          "Total Cost": 337758.54,
          "Plan Rows": 6,
          "Plan Width": 8,
          "Actual Startup Time": 748.982,
          "Actual Total Time": 794.154,
          "Actual Rows": 7,
          "Actual Loops": 1,
          "Workers Planned": 6,
          "Workers Launched": 6,
          "Single Copy": false,
          "Plans": [
            {
              "Node Type": "Aggregate",
              "Strategy": "Plain",
              "Partial Mode": "Partial",
              "Parent Relationship": "Outer",
              "Parallel Aware": false,
              "Startup Cost": 336757.93,
              "Total Cost": 336757.94,
              "Plan Rows": 1,
              "Plan Width": 8,
              "Actual Startup Time": 742.059,
              "Actual Total Time": 742.06,
              "Actual Rows": 1,
              "Actual Loops": 7,
              "Plans": [
                {
                  "Node Type": "Seq Scan",
                  "Parent Relationship": "Outer",
                  "Parallel Aware": true,
                  "Relation Name": "cast_info",
                  "Alias": "ci",
                  "Startup Cost": 0.0,
                  "Total Cost": 328211.39,
                  "Plan Rows": 3418616,
                  "Plan Width": 0,
                  "Actual Startup Time": 0.043,
                  "Actual Total Time": 597.907,
                  "Actual Rows": 2971885,
                  "Actual Loops": 7,
                  "Filter": "(person_id < 2096152)",
                  "Rows Removed by Filter": 2205878
                }
              ]
            }
          ]
        }
      ]
    },
    "Planning Time": 0.212,
    "Triggers": [],
    "Execution Time": 794.237
  }
]