[
  {
    "Plan": {
      "Node Type": "Aggregate",
      "Strategy": "Plain",
      "Partial Mode": "Finalize",
      "Parallel Aware": false,
      "Startup Cost": 337814.78,
      "Total Cost": 337814.79,
      "Plan Rows": 1,
      "Plan Width": 8,
      "Actual Startup Time": 697.745,
      "Actual Total Time": 760.229,
      "Actual Rows": 1,
      "Actual Loops": 1,
      "Plans": [
        {
          "Node Type": "Gather",
          "Parent Relationship": "Outer",
          "Parallel Aware": false,
          "Startup Cost": 337814.15,
          "Total Cost": 337814.76,
          "Plan Rows": 6,
          "Plan Width": 8,
          "Actual Startup Time": 697.603,
          "Actual Total Time": 760.218,
          "Actual Rows": 7,
          "Actual Loops": 1,
          "Workers Planned": 6,
          "Workers Launched": 6,
          "Single Copy": false,
          "Plans": [
            {
              "Node Type": "Aggregate",
              "Strategy": "Plain",
              "Partial Mode": "Partial",
              "Parent Relationship": "Outer",
              "Parallel Aware": false,
              "Startup Cost": 336814.15,
              "Total Cost": 336814.16,
              "Plan Rows": 1,
              "Plan Width": 8,
              "Actual Startup Time": 688.399,
              "Actual Total Time": 688.4,
              "Actual Rows": 1,
              "Actual Loops": 7,
              "Plans": [
                {
                  "Node Type": "Seq Scan",
                  "Parent Relationship": "Outer",
                  "Parallel Aware": true,
                  "Relation Name": "cast_info",
                  "Alias": "ci",
                  "Startup Cost": 0.0,
                  "Total Cost": 328162.03,
                  "Plan Rows": 3460851,
                  "Plan Width": 0,
                  "Actual Startup Time": 0.047,
                  "Actual Total Time": 569.339,
                  "Actual Rows": 2971885,
                  "Actual Loops": 7,
                  "Filter": "(person_id < 2096152)",
                  "Rows Removed by Filter": 2205878
                }
              ]
            }
          ]
        }
      ]
    },
    "Planning Time": 0.177,
    "Triggers": [],
    "Execution Time": 760.295
  }
]