{
  "Plan": {
    "Node Type": "Aggregate",
    "Strategy": "Plain",
    "Partial Mode": "Finalize",
    "Parallel Aware": false,
    "Startup Cost": 135451.45,
    "Total Cost": 135451.46,
    "Plan Rows": 1,
    "Plan Width": 8,
    "Actual Startup Time": 864.657,
    "Actual Total Time": 881.811,
    "Actual Rows": 1,
    "Actual Loops": 1,
    "Plans": [
      {
        "Node Type": "Gather",
        "Parent Relationship": "Outer",
        "Parallel Aware": false,
        "Startup Cost": 135451.33,
        "Total Cost": 135451.44,
        "Plan Rows": 1,
        "Plan Width": 8,
        "Actual Startup Time": 860.847,
        "Actual Total Time": 881.802,
        "Actual Rows": 2,
        "Actual Loops": 1,
        "Workers Planned": 1,
        "Workers Launched": 1,
        "Single Copy": false,
        "Plans": [
          {
            "Node Type": "Aggregate",
            "Strategy": "Plain",
            "Partial Mode": "Partial",
            "Parent Relationship": "Outer",
            "Parallel Aware": false,
            "Startup Cost": 134451.33,
            "Total Cost": 134451.34,
            "Plan Rows": 1,
            "Plan Width": 8,
            "Actual Startup Time": 853.706,
            "Actual Total Time": 853.71,
            "Actual Rows": 1,
            "Actual Loops": 2,
            "Plans": [
              {
                "Node Type": "Hash Join",
                "Parent Relationship": "Outer",
                "Parallel Aware": true,
                "Join Type": "Inner",
                "Startup Cost": 67054.81,
                "Total Cost": 131456.13,
                "Plan Rows": 1198083,
                "Plan Width": 0,
                "Actual Startup Time": 381.734,
                "Actual Total Time": 841.004,
                "Actual Rows": 263577,
                "Actual Loops": 2,
                "Inner Unique": true,
                "Hash Cond": "(mk.movie_id = t.id)",
                "Plans": [
                  {
                    "Node Type": "Seq Scan",
                    "Parent Relationship": "Outer",
                    "Parallel Aware": true,
                    "Relation Name": "movie_keyword",
                    "Alias": "mk",
                    "Startup Cost": 0.0,
                    "Total Cost": 57718.19,
                    "Plan Rows": 2545950,
                    "Plan Width": 4,
                    "Actual Startup Time": 0.016,
                    "Actual Total Time": 234.393,
                    "Actual Rows": 2164656,
                    "Actual Loops": 2,
                    "Filter": "(keyword_id < 69860)",
                    "Rows Removed by Filter": 97308
                  },
                  {
                    "Node Type": "Hash",
                    "Parent Relationship": "Inner",
                    "Parallel Aware": true,
                    "Startup Cost": 58306.47,
                    "Total Cost": 58306.47,
                    "Plan Rows": 699867,
                    "Plan Width": 4,
                    "Actual Startup Time": 367.011,
                    "Actual Total Time": 367.012,
                    "Actual Rows": 638340,
                    "Actual Loops": 2,
                    "Hash Buckets": 2097152,
                    "Original Hash Buckets": 2097152,
                    "Hash Batches": 1,
                    "Original Hash Batches": 1,
                    "Peak Memory Usage": 66368,
                    "Plans": [
                      {
                        "Node Type": "Seq Scan",
                        "Parent Relationship": "Outer",
                        "Parallel Aware": true,
                        "Relation Name": "title",
                        "Alias": "t",
                        "Startup Cost": 0.0,
                        "Total Cost": 58306.47,
                        "Plan Rows": 699867,
                        "Plan Width": 4,
                        "Actual Startup Time": 0.029,
                        "Actual Total Time": 181.026,
                        "Actual Rows": 638340,
                        "Actual Loops": 2,
                        "Filter": "((kind_id > 6) AND (production_year > 1979))",
                        "Rows Removed by Filter": 625816
                      }
                    ]
                  }
                ]
              }
            ]
          }
        ]
      }
    ]
  },
  "Planning Time": 0.592,
  "Triggers": [],
  "Execution Time": 881.879
}