[
  {
    "Plan": {
      "Node Type": "Aggregate",
      "Strategy": "Plain",
      "Partial Mode": "Finalize",
      "Parallel Aware": false,
      "Startup Cost": 94427.53,
      "Total Cost": 94427.54,
      "Plan Rows": 1,
      "Plan Width": 8,
      "Actual Startup Time": 204.155,
      "Actual Total Time": 217.305,
      "Actual Rows": 1,
      "Actual Loops": 1,
      "Plans": [
        {
          "Node Type": "Gather",
          "Parent Relationship": "Outer",
          "Parallel Aware": false,
          "Startup Cost": 94427.22,
          "Total Cost": 94427.53,
          "Plan Rows": 3,
          "Plan Width": 8,
          "Actual Startup Time": 202.232,
          "Actual Total Time": 217.297,
          "Actual Rows": 4,
          "Actual Loops": 1,
          "Workers Planned": 3,
          "Workers Launched": 3,
          "Single Copy": false,
          "Plans": [
            {
              "Node Type": "Aggregate",
              "Strategy": "Plain",
              "Partial Mode": "Partial",
              "Parent Relationship": "Outer",
              "Parallel Aware": false,
              "Startup Cost": 93427.22,
              "Total Cost": 93427.23,
              "Plan Rows": 1,
              "Plan Width": 8,
              "Actual Startup Time": 196.232,
              "Actual Total Time": 196.235,
              "Actual Rows": 1,
              "Actual Loops": 4,
              "Plans": [
                {
                  "Node Type": "Nested Loop",
                  "Parent Relationship": "Outer",
                  "Parallel Aware": false,
                  "Join Type": "Inner",
                  "Startup Cost": 52081.94,
                  "Total Cost": 93413.7,
                  "Plan Rows": 5406,
                  "Plan Width": 0,
                  "Actual Startup Time": 123.367,
                  "Actual Total Time": 195.476,
                  "Actual Rows": 14422,
                  "Actual Loops": 4,
                  "Inner Unique": false,
                  "Plans": [
                    {
                      "Node Type": "Hash Join",
                      "Parent Relationship": "Outer",
                      "Parallel Aware": true,
                      "Join Type": "Inner",
                      "Startup Cost": 52081.51,
                      "Total Cost": 72140.0,
                      "Plan Rows": 10264,
                      "Plan Width": 8,
                      "Actual Startup Time": 123.266,
                      "Actual Total Time": 163.499,
                      "Actual Rows": 4004,
                      "Actual Loops": 4,
                      "Inner Unique": true,
                      "Hash Cond": "(mc.movie_id = t.id)",
                      "Plans": [
                        {
                          "Node Type": "Bitmap Heap Scan",
                          "Parent Relationship": "Outer",
                          "Parallel Aware": true,
                          "Relation Name": "movie_companies",
                          "Alias": "mc",
                          "Startup Cost": 5635.33,
                          "Total Cost": 25473.66,
                          "Plan Rows": 83867,
                          "Plan Width": 4,
                          "Actual Startup Time": 17.993,
                          "Actual Total Time": 42.083,
                          "Actual Rows": 64726,
                          "Actual Loops": 4,
                          "Recheck Cond": "(company_id < 129)",
                          "Rows Removed by Index Recheck": 0,
                          "Exact Heap Blocks": 6172,
                          "Lossy Heap Blocks": 0,
                          "Plans": [
                            {
                              "Node Type": "Bitmap Index Scan",
                              "Parent Relationship": "Outer",
                              "Parallel Aware": false,
                              "Index Name": "company_id_movie_companies",
                              "Startup Cost": 0.0,
                              "Total Cost": 5570.33,
                              "Plan Rows": 259987,
                              "Plan Width": 0,
                              "Actual Startup Time": 15.423,
                              "Actual Total Time": 15.423,
                              "Actual Rows": 258903,
                              "Actual Loops": 1,
                              "Index Cond": "(company_id < 129)"
                            }
                          ]
                        },
                        {
                          "Node Type": "Hash",
                          "Parent Relationship": "Inner",
                          "Parallel Aware": true,
                          "Startup Cost": 45479.21,
                          "Total Cost": 45479.21,
                          "Plan Rows": 77358,
                          "Plan Width": 4,
                          "Actual Startup Time": 103.733,
                          "Actual Total Time": 103.734,
                          "Actual Rows": 66650,
                          "Actual Loops": 4,
                          "Hash Buckets": 524288,
                          "Original Hash Buckets": 524288,
                          "Hash Batches": 1,
                          "Original Hash Batches": 1,
                          "Peak Memory Usage": 14592,
                          "Plans": [
                            {
                              "Node Type": "Seq Scan",
                              "Parent Relationship": "Outer",
                              "Parallel Aware": true,
                              "Relation Name": "title",
                              "Alias": "t",
                              "Startup Cost": 0.0,
                              "Total Cost": 45479.21,
                              "Plan Rows": 77358,
                              "Plan Width": 4,
                              "Actual Startup Time": 0.039,
                              "Actual Total Time": 82.463,
                              "Actual Rows": 66650,
                              "Actual Loops": 4,
                              "Filter": "((kind_id < 7) AND (production_year > 2007))",
                              "Rows Removed by Filter": 565428
                            }
                          ]
                        }
                      ]
                    },
                    {
                      "Node Type": "Index Scan",
                      "Parent Relationship": "Inner",
                      "Parallel Aware": false,
                      "Scan Direction": "Forward",
                      "Index Name": "movie_id_movie_keyword",
                      "Relation Name": "movie_keyword",
                      "Alias": "mk",
                      "Startup Cost": 0.43,
                      "Total Cost": 1.94,
                      "Plan Rows": 13,
                      "Plan Width": 4,
                      "Actual Startup Time": 0.006,
                      "Actual Total Time": 0.007,
                      "Actual Rows": 4,
                      "Actual Loops": 16018,
                      "Index Cond": "(movie_id = t.id)",
                      "Rows Removed by Index Recheck": 0,
                      "Filter": "(keyword_id < 1733)",
                      "Rows Removed by Filter": 11
                    }
                  ]
                }
              ]
            }
          ]
        }
      ]
    },
    "Planning Time": 0.424,
    "Triggers": [],
    "Execution Time": 217.35
  }
]