[
  {
    "Plan": {
      "Node Type": "Aggregate",
      "Strategy": "Plain",
      "Partial Mode": "Finalize",
      "Parallel Aware": false,
      "Startup Cost": 330939.65,
      "Total Cost": 330939.66,
      "Plan Rows": 1,
      "Plan Width": 8,
      "Actual Startup Time": 553.367,
      "Actual Total Time": 595.407,
      "Actual Rows": 1,
      "Actual Loops": 1,
      "Plans": [
        {
          "Node Type": "Gather",
          "Parent Relationship": "Outer",
          "Parallel Aware": false,
          "Startup Cost": 330939.02,
          "Total Cost": 330939.63,
          "Plan Rows": 6,
          "Plan Width": 8,
          "Actual Startup Time": 553.154,
          "Actual Total Time": 595.391,
          "Actual Rows": 7,
          "Actual Loops": 1,
          "Workers Planned": 6,
          "Workers Launched": 6,
          "Single Copy": false,
          "Plans": [
            {
              "Node Type": "Aggregate",
              "Strategy": "Plain",
              "Partial Mode": "Partial",
              "Parent Relationship": "Outer",
              "Parallel Aware": false,
              "Startup Cost": 329939.02,
              "Total Cost": 329939.03,
              "Plan Rows": 1,
              "Plan Width": 8,
              "Actual Startup Time": 545.294,
              "Actual Total Time": 545.295,
              "Actual Rows": 1,
              "Actual Loops": 7,
              "Plans": [
                {
                  "Node Type": "Seq Scan",
                  "Parent Relationship": "Outer",
                  "Parallel Aware": true,
                  "Relation Name": "cast_info",
                  "Alias": "ci",
                  "Startup Cost": 0.0,
                  "Total Cost": 328211.39,
                  "Plan Rows": 691053,
                  "Plan Width": 0,
                  "Actual Startup Time": 392.766,
                  "Actual Total Time": 520.295,
                  "Actual Rows": 584668,
                  "Actual Loops": 7,
                  "Filter": "(person_id > 3306891)",
                  "Rows Removed by Filter": 4593095
                }
              ]
            }
          ]
        }
      ]
    },
    "Planning Time": 0.207,
    "Triggers": [],
    "Execution Time": 595.483
  }
]