[
  {
    "Plan": {
      "Node Type": "Aggregate",
      "Strategy": "Plain",
      "Partial Mode": "Finalize",
      "Parallel Aware": false,
      "Startup Cost": 342405.64,
      "Total Cost": 342405.65,
      "Plan Rows": 1,
      "Plan Width": 8,
      "Actual Startup Time": 844.702,
      "Actual Total Time": 899.0,
      "Actual Rows": 1,
      "Actual Loops": 1,
      "Plans": [
        {
          "Node Type": "Gather",
          "Parent Relationship": "Outer",
          "Parallel Aware": false,
          "Startup Cost": 342405.01,
          "Total Cost": 342405.62,
          "Plan Rows": 6,
          "Plan Width": 8,
          "Actual Startup Time": 844.583,
          "Actual Total Time": 898.991,
          "Actual Rows": 7,
          "Actual Loops": 1,
          "Workers Planned": 6,
          "Workers Launched": 6,
          "Single Copy": false,
          "Plans": [
            {
              "Node Type": "Aggregate",
              "Strategy": "Plain",
              "Partial Mode": "Partial",
              "Parent Relationship": "Outer",
              "Parallel Aware": false,
              "Startup Cost": 341405.01,
              "Total Cost": 341405.02,
              "Plan Rows": 1,
              "Plan Width": 8,
              "Actual Startup Time": 835.627,
              "Actual Total Time": 835.628,
              "Actual Rows": 1,
              "Actual Loops": 7,
              "Plans": [
                {
                  "Node Type": "Seq Scan",
                  "Parent Relationship": "Outer",
                  "Parallel Aware": true,
                  "Relation Name": "cast_info",
                  "Alias": "ci",
                  "Startup Cost": 0.0,
                  "Total Cost": 328162.03,
                  "Plan Rows": 5297195,
                  "Plan Width": 0,
                  "Actual Startup Time": 58.615,
                  "Actual Total Time": 639.257,
                  "Actual Rows": 4527602,
                  "Actual Loops": 7,
                  "Filter": "(person_id > 439351)",
                  "Rows Removed by Filter": 650162
                }
              ]
            }
          ]
        }
      ]
    },
    "Planning Time": 0.153,
    "Triggers": [],
    "Execution Time": 899.061
  }
]