{
  "Plan": {
    "Node Type": "Aggregate",
    "Strategy": "Plain",
    "Partial Mode": "Finalize",
    "Parallel Aware": false,
    "Startup Cost": 166436.61,
    "Total Cost": 166436.62,
    "Plan Rows": 1,
    "Plan Width": 8,
    "Actual Startup Time": 988.884,
    "Actual Total Time": 1010.111,
    "Actual Rows": 1,
    "Actual Loops": 1,
    "Plans": [
      {
        "Node Type": "Gather",
        "Parent Relationship": "Outer",
        "Parallel Aware": false,
        "Startup Cost": 166436.5,
        "Total Cost": 166436.61,
        "Plan Rows": 1,
        "Plan Width": 8,
        "Actual Startup Time": 988.716,
        "Actual Total Time": 1010.102,
        "Actual Rows": 2,
        "Actual Loops": 1,
        "Workers Planned": 1,
        "Workers Launched": 1,
        "Single Copy": false,
        "Plans": [
          {
            "Node Type": "Aggregate",
            "Strategy": "Plain",
            "Partial Mode": "Partial",
            "Parent Relationship": "Outer",
            "Parallel Aware": false,
            "Startup Cost": 165436.5,
            "Total Cost": 165436.51,
            "Plan Rows": 1,
            "Plan Width": 8,
            "Actual Startup Time": 983.083,
            "Actual Total Time": 983.085,
            "Actual Rows": 1,
            "Actual Loops": 2,
            "Plans": [
              {
                "Node Type": "Merge Join",
                "Parent Relationship": "Outer",
                "Parallel Aware": false,
                "Join Type": "Inner",
                "Startup Cost": 2.89,
                "Total Cost": 164730.27,
                "Plan Rows": 282492,
                "Plan Width": 0,
                "Actual Startup Time": 5.191,
                "Actual Total Time": 970.494,
                "Actual Rows": 297044,
                "Actual Loops": 2,
                "Inner Unique": false,
                "Merge Cond": "(t.id = mi_idx.movie_id)",
                "Plans": [
                  {
                    "Node Type": "Index Scan",
                    "Parent Relationship": "Outer",
                    "Parallel Aware": true,
                    "Scan Direction": "Forward",
                    "Index Name": "title_pkey",
                    "Relation Name": "title",
                    "Alias": "t",
                    "Startup Cost": 0.43,
                    "Total Cost": 103647.43,
                    "Plan Rows": 517541,
                    "Plan Width": 4,
                    "Actual Startup Time": 1.184,
                    "Actual Total Time": 618.668,
                    "Actual Rows": 442452,
                    "Actual Loops": 2,
                    "Filter": "(production_year < 1997)",
                    "Rows Removed by Filter": 820516
                  },
                  {
                    "Node Type": "Index Only Scan",
                    "Parent Relationship": "Inner",
                    "Parallel Aware": false,
                    "Scan Direction": "Forward",
                    "Index Name": "movie_id_movie_info_idx",
                    "Relation Name": "movie_info_idx",
                    "Alias": "mi_idx",
                    "Startup Cost": 0.43,
                    "Total Cost": 53620.22,
                    "Plan Rows": 1380035,
                    "Plan Width": 4,
                    "Actual Startup Time": 0.176,
                    "Actual Total Time": 248.862,
                    "Actual Rows": 1380035,
                    "Actual Loops": 2,
                    "Heap Fetches": 2760070
                  }
                ]
              }
            ]
          }
        ]
      }
    ]
  },
  "Planning Time": 0.671,
  "Triggers": [],
  "Execution Time": 1010.185
}