[
  {
    "Plan": {
      "Node Type": "Aggregate",
      "Strategy": "Plain",
      "Partial Mode": "Finalize",
      "Parallel Aware": false,
      "Startup Cost": 90003.32,
      "Total Cost": 90003.33,
      "Plan Rows": 1,
      "Plan Width": 8,
      "Actual Startup Time": 339.789,
      "Actual Total Time": 355.933,
      "Actual Rows": 1,
      "Actual Loops": 1,
      "Plans": [
        {
          "Node Type": "Gather",
          "Parent Relationship": "Outer",
          "Parallel Aware": false,
          "Startup Cost": 90003.01,
          "Total Cost": 90003.32,
          "Plan Rows": 3,
          "Plan Width": 8,
          "Actual Startup Time": 337.525,
          "Actual Total Time": 355.925,
          "Actual Rows": 4,
          "Actual Loops": 1,
          "Workers Planned": 3,
          "Workers Launched": 3,
          "Single Copy": false,
          "Plans": [
            {
              "Node Type": "Aggregate",
              "Strategy": "Plain",
              "Partial Mode": "Partial",
              "Parent Relationship": "Outer",
              "Parallel Aware": false,
              "Startup Cost": 89003.01,
              "Total Cost": 89003.02,
              "Plan Rows": 1,
              "Plan Width": 8,
              "Actual Startup Time": 330.666,
              "Actual Total Time": 330.67,
              "Actual Rows": 1,
              "Actual Loops": 4,
              "Plans": [
                {
                  "Node Type": "Hash Join",
                  "Parent Relationship": "Outer",
                  "Parallel Aware": true,
                  "Join Type": "Inner",
                  "Startup Cost": 45921.07,
                  "Total Cost": 88799.15,
                  "Plan Rows": 81541,
                  "Plan Width": 0,
                  "Actual Startup Time": 129.119,
                  "Actual Total Time": 320.163,
                  "Actual Rows": 255332,
                  "Actual Loops": 4,
                  "Inner Unique": true,
                  "Hash Cond": "(mk.movie_id = t.id)",
                  "Plans": [
                    {
                      "Node Type": "Seq Scan",
                      "Parent Relationship": "Outer",
                      "Parallel Aware": true,
                      "Relation Name": "movie_keyword",
                      "Alias": "mk",
                      "Startup Cost": 0.0,
                      "Total Cost": 39047.32,
                      "Plan Rows": 1459332,
                      "Plan Width": 4,
                      "Actual Startup Time": 0.023,
                      "Actual Total Time": 83.925,
                      "Actual Rows": 1130982,
                      "Actual Loops": 4
                    },
                    {
                      "Node Type": "Hash",
                      "Parent Relationship": "Inner",
                      "Parallel Aware": true,
                      "Startup Cost": 45479.59,
                      "Total Cost": 45479.59,
                      "Plan Rows": 35319,
                      "Plan Width": 4,
                      "Actual Startup Time": 127.388,
                      "Actual Total Time": 127.389,
                      "Actual Rows": 68917,
                      "Actual Loops": 4,
                      "Hash Buckets": 524288,
                      "Original Hash Buckets": 262144,
                      "Hash Batches": 1,
                      "Original Hash Batches": 1,
                      "Peak Memory Usage": 17024,
                      "Plans": [
                        {
                          "Node Type": "Seq Scan",
                          "Parent Relationship": "Outer",
                          "Parallel Aware": true,
                          "Relation Name": "title",
                          "Alias": "t",
                          "Startup Cost": 0.0,
                          "Total Cost": 45479.59,
                          "Plan Rows": 35319,
                          "Plan Width": 4,
                          "Actual Startup Time": 0.158,
                          "Actual Total Time": 95.451,
                          "Actual Rows": 68917,
                          "Actual Loops": 4,
                          "Filter": "((kind_id < 4) AND (production_year < 1975))",
                          "Rows Removed by Filter": 563161
                        }
                      ]
                    }
                  ]
                }
              ]
            }
          ]
        }
      ]
    },
    "Planning Time": 0.328,
    "Triggers": [],
    "Execution Time": 355.973
  }
]