[
  {
    "Plan": {
      "Node Type": "Aggregate",
      "Strategy": "Plain",
      "Partial Mode": "Finalize",
      "Parallel Aware": false,
      "Startup Cost": 79385.68,
      "Total Cost": 79385.69,
      "Plan Rows": 1,
      "Plan Width": 8,
      "Actual Startup Time": 415.528,
      "Actual Total Time": 438.843,
      "Actual Rows": 1,
      "Actual Loops": 1,
      "Plans": [
        {
          "Node Type": "Gather",
          "Parent Relationship": "Outer",
          "Parallel Aware": false,
          "Startup Cost": 79385.36,
          "Total Cost": 79385.67,
          "Plan Rows": 3,
          "Plan Width": 8,
          "Actual Startup Time": 411.558,
          "Actual Total Time": 438.822,
          "Actual Rows": 4,
          "Actual Loops": 1,
          "Workers Planned": 3,
          "Workers Launched": 3,
          "Single Copy": false,
          "Plans": [
            {
              "Node Type": "Aggregate",
              "Strategy": "Plain",
              "Partial Mode": "Partial",
              "Parent Relationship": "Outer",
              "Parallel Aware": false,
              "Startup Cost": 78385.36,
              "Total Cost": 78385.37,
              "Plan Rows": 1,
              "Plan Width": 8,
              "Actual Startup Time": 403.742,
              "Actual Total Time": 403.746,
              "Actual Rows": 1,
              "Actual Loops": 4,
              "Plans": [
                {
                  "Node Type": "Hash Join",
                  "Parent Relationship": "Outer",
                  "Parallel Aware": true,
                  "Join Type": "Inner",
                  "Startup Cost": 47405.34,
                  "Total Cost": 78070.87,
                  "Plan Rows": 125795,
                  "Plan Width": 0,
                  "Actual Startup Time": 215.765,
                  "Actual Total Time": 402.349,
                  "Actual Rows": 25687,
                  "Actual Loops": 4,
                  "Inner Unique": true,
                  "Hash Cond": "(mc.movie_id = t.id)",
                  "Plans": [
                    {
                      "Node Type": "Seq Scan",
                      "Parent Relationship": "Outer",
                      "Parallel Aware": true,
                      "Relation Name": "movie_companies",
                      "Alias": "mc",
                      "Startup Cost": 0.0,
                      "Total Cost": 29310.68,
                      "Plan Rows": 516135,
                      "Plan Width": 4,
                      "Actual Startup Time": 3.547,
                      "Actual Total Time": 86.783,
                      "Actual Rows": 399370,
                      "Actual Loops": 4,
                      "Filter": "(company_id > 5071)",
                      "Rows Removed by Filter": 252912
                    },
                    {
                      "Node Type": "Hash",
                      "Parent Relationship": "Inner",
                      "Parallel Aware": true,
                      "Startup Cost": 45479.59,
                      "Total Cost": 45479.59,
                      "Plan Rows": 154060,
                      "Plan Width": 4,
                      "Actual Startup Time": 207.488,
                      "Actual Total Time": 207.489,
                      "Actual Rows": 169232,
                      "Actual Loops": 4,
                      "Hash Buckets": 1048576,
                      "Original Hash Buckets": 1048576,
                      "Hash Batches": 1,
                      "Original Hash Batches": 1,
                      "Peak Memory Usage": 34752,
                      "Plans": [
                        {
                          "Node Type": "Seq Scan",
                          "Parent Relationship": "Outer",
                          "Parallel Aware": true,
                          "Relation Name": "title",
                          "Alias": "t",
                          "Startup Cost": 0.0,
                          "Total Cost": 45479.59,
                          "Plan Rows": 154060,
                          "Plan Width": 4,
                          "Actual Startup Time": 0.021,
                          "Actual Total Time": 125.6,
                          "Actual Rows": 169232,
                          "Actual Loops": 4,
                          "Filter": "((production_year > 2005) AND (kind_id = 7))",
                          "Rows Removed by Filter": 462846
                        }
                      ]
                    }
                  ]
                }
              ]
            }
          ]
        }
      ]
    },
    "Planning Time": 0.678,
    "Triggers": [],
    "Execution Time": 438.921
  }
]