[
  {
    "Plan": {
      "Node Type": "Aggregate",
      "Strategy": "Plain",
      "Partial Mode": "Simple",
      "Parallel Aware": false,
      "Startup Cost": 1039.59,
      "Total Cost": 1039.6,
      "Plan Rows": 1,
      "Plan Width": 8,
      "Actual Startup Time": 0.201,
      "Actual Total Time": 0.202,
      "Actual Rows": 1,
      "Actual Loops": 1,
      "Plans": [
        {
          "Node Type": "Index Only Scan",
          "Parent Relationship": "Outer",
          "Parallel Aware": false,
          "Scan Direction": "Forward",
          "Index Name": "person_id_cast_info",
          "Relation Name": "cast_info",
          "Alias": "ci",
          "Startup Cost": 0.56,
          "Total Cost": 1038.33,
          "Plan Rows": 504,
          "Plan Width": 0,
          "Actual Startup Time": 0.037,
          "Actual Total Time": 0.163,
          "Actual Rows": 613,
          "Actual Loops": 1,
          "Index Cond": "(person_id = 875605)",
          "Rows Removed by Index Recheck": 0,
          "Heap Fetches": 613
        }
      ]
    },
    "Planning Time": 0.082,
    "Triggers": [],
    "Execution Time": 0.219
  }
]