{
  "Plan": {
    "Node Type": "Aggregate",
    "Strategy": "Plain",
    "Partial Mode": "Simple",
    "Parallel Aware": false,
    "Startup Cost": 164021.64,
    "Total Cost": 164021.65,
    "Plan Rows": 1,
    "Plan Width": 32,
    "Actual Startup Time": 587.466,
    "Actual Total Time": 605.093,
    "Actual Rows": 1,
    "Actual Loops": 1,
    "Plans": [
      {
        "Node Type": "Gather",
        "Parent Relationship": "Outer",
        "Parallel Aware": false,
        "Startup Cost": 107572.35,
        "Total Cost": 164021.64,
        "Plan Rows": 1,
        "Plan Width": 17,
        "Actual Startup Time": 587.462,
        "Actual Total Time": 605.088,
        "Actual Rows": 0,
        "Actual Loops": 1,
        "Workers Planned": 1,
        "Workers Launched": 1,
        "Single Copy": false,
        "Plans": [
          {
            "Node Type": "Hash Join",
            "Parent Relationship": "Outer",
            "Parallel Aware": true,
            "Join Type": "Inner",
            "Startup Cost": 106572.35,
            "Total Cost": 163021.54,
            "Plan Rows": 1,
            "Plan Width": 17,
            "Actual Startup Time": 580.997,
            "Actual Total Time": 581.01,
            "Actual Rows": 0,
            "Actual Loops": 2,
            "Inner Unique": false,
            "Hash Cond": "(t.id = mc.movie_id)",
            "Plans": [
              {
                "Node Type": "Seq Scan",
                "Parent Relationship": "Outer",
                "Parallel Aware": true,
                "Relation Name": "title",
                "Alias": "t",
                "Startup Cost": 0.0,
                "Total Cost": 50871.58,
                "Plan Rows": 1487358,
                "Plan Width": 21,
                "Actual Startup Time": 0.0,
                "Actual Total Time": 0.0,
                "Actual Rows": 0,
                "Actual Loops": 0
              },
              {
                "Node Type": "Hash",
                "Parent Relationship": "Inner",
                "Parallel Aware": true,
                "Startup Cost": 106572.34,
                "Total Cost": 106572.34,
                "Plan Rows": 1,
                "Plan Width": 8,
                "Actual Startup Time": 579.846,
                "Actual Total Time": 579.853,
                "Actual Rows": 0,
                "Actual Loops": 2,
                "Hash Buckets": 1024,
                "Original Hash Buckets": 1024,
                "Hash Batches": 1,
                "Original Hash Batches": 1,
                "Peak Memory Usage": 0,
                "Plans": [
                  {
                    "Node Type": "Hash Join",
                    "Parent Relationship": "Outer",
                    "Parallel Aware": false,
                    "Join Type": "Inner",
                    "Startup Cost": 45517.62,
                    "Total Cost": 106572.34,
                    "Plan Rows": 1,
                    "Plan Width": 8,
                    "Actual Startup Time": 579.801,
                    "Actual Total Time": 579.808,
                    "Actual Rows": 0,
                    "Actual Loops": 2,
                    "Inner Unique": true,
                    "Hash Cond": "(mk.keyword_id = k.id)",
                    "Plans": [
                      {
                        "Node Type": "Hash Join",
                        "Parent Relationship": "Outer",
                        "Parallel Aware": true,
                        "Join Type": "Inner",
                        "Startup Cost": 42891.48,
                        "Total Cost": 103943.08,
                        "Plan Rows": 1189,
                        "Plan Width": 12,
                        "Actual Startup Time": 545.202,
                        "Actual Total Time": 554.481,
                        "Actual Rows": 1,
                        "Actual Loops": 2,
                        "Inner Unique": false,
                        "Hash Cond": "(mk.movie_id = mc.movie_id)",
                        "Plans": [
                          {
                            "Node Type": "Seq Scan",
                            "Parent Relationship": "Outer",
                            "Parallel Aware": true,
                            "Relation Name": "movie_keyword",
                            "Alias": "mk",
                            "Startup Cost": 0.0,
                            "Total Cost": 51065.35,
                            "Plan Rows": 2661135,
                            "Plan Width": 8,
                            "Actual Startup Time": 0.013,
                            "Actual Total Time": 171.664,
                            "Actual Rows": 2261965,
                            "Actual Loops": 2
                          },
                          {
                            "Node Type": "Hash",
                            "Parent Relationship": "Inner",
                            "Parallel Aware": true,
                            "Startup Cost": 42889.77,
                            "Total Cost": 42889.77,
                            "Plan Rows": 137,
                            "Plan Width": 4,
                            "Actual Startup Time": 223.91,
                            "Actual Total Time": 223.914,
                            "Actual Rows": 1,
                            "Actual Loops": 2,
                            "Hash Buckets": 1024,
                            "Original Hash Buckets": 1024,
                            "Hash Batches": 1,
                            "Original Hash Batches": 1,
                            "Peak Memory Usage": 40,
                            "Plans": [
                              {
                                "Node Type": "Hash Join",
                                "Parent Relationship": "Outer",
                                "Parallel Aware": true,
                                "Join Type": "Inner",
                                "Startup Cost": 4723.07,
                                "Total Cost": 42889.77,
                                "Plan Rows": 137,
                                "Plan Width": 4,
                                "Actual Startup Time": 159.57,
                                "Actual Total Time": 223.866,
                                "Actual Rows": 1,
                                "Actual Loops": 2,
                                "Inner Unique": true,
                                "Hash Cond": "(mc.company_id = cn.id)",
                                "Plans": [
                                  {
                                    "Node Type": "Seq Scan",
                                    "Parent Relationship": "Outer",
                                    "Parallel Aware": true,
                                    "Relation Name": "movie_companies",
                                    "Alias": "mc",
                                    "Startup Cost": 0.0,
                                    "Total Cost": 34137.82,
                                    "Plan Rows": 1534782,
                                    "Plan Width": 8,
                                    "Actual Startup Time": 0.02,
                                    "Actual Total Time": 109.943,
                                    "Actual Rows": 1304564,
                                    "Actual Loops": 2
                                  },
                                  {
                                    "Node Type": "Hash",
                                    "Parent Relationship": "Inner",
                                    "Parallel Aware": true,
                                    "Startup Cost": 4722.92,
                                    "Total Cost": 4722.92,
                                    "Plan Rows": 12,
                                    "Plan Width": 4,
                                    "Actual Startup Time": 16.849,
                                    "Actual Total Time": 16.85,
                                    "Actual Rows": 0,
                                    "Actual Loops": 2,
                                    "Hash Buckets": 1024,
                                    "Original Hash Buckets": 1024,
                                    "Hash Batches": 1,
                                    "Original Hash Batches": 1,
                                    "Peak Memory Usage": 40,
                                    "Plans": [
                                      {
                                        "Node Type": "Seq Scan",
                                        "Parent Relationship": "Outer",
                                        "Parallel Aware": true,
                                        "Relation Name": "company_name",
                                        "Alias": "cn",
                                        "Startup Cost": 0.0,
                                        "Total Cost": 4722.92,
                                        "Plan Rows": 12,
                                        "Plan Width": 4,
                                        "Actual Startup Time": 8.79,
                                        "Actual Total Time": 16.814,
                                        "Actual Rows": 0,
                                        "Actual Loops": 2,
                                        "Filter": "((country_code)::text = '[sm]'::text)",
                                        "Rows Removed by Filter": 117498
                                      }
                                    ]
                                  }
                                ]
                              }
                            ]
                          }
                        ]
                      },
                      {
                        "Node Type": "Hash",
                        "Parent Relationship": "Inner",
                        "Parallel Aware": false,
                        "Startup Cost": 2626.12,
                        "Total Cost": 2626.12,
                        "Plan Rows": 1,
                        "Plan Width": 4,
                        "Actual Startup Time": 25.294,
                        "Actual Total Time": 25.295,
                        "Actual Rows": 1,
                        "Actual Loops": 2,
                        "Hash Buckets": 1024,
                        "Original Hash Buckets": 1024,
                        "Hash Batches": 1,
                        "Original Hash Batches": 1,
                        "Peak Memory Usage": 9,
                        "Plans": [
                          {
                            "Node Type": "Seq Scan",
                            "Parent Relationship": "Outer",
                            "Parallel Aware": false,
                            "Relation Name": "keyword",
                            "Alias": "k",
                            "Startup Cost": 0.0,
                            "Total Cost": 2626.12,
                            "Plan Rows": 1,
                            "Plan Width": 4,
                            "Actual Startup Time": 1.666,
                            "Actual Total Time": 25.279,
                            "Actual Rows": 1,
                            "Actual Loops": 2,
                            "Filter": "(keyword = 'character-name-in-title'::text)",
                            "Rows Removed by Filter": 134169
                          }
                        ]
                      }
                    ]
                  }
                ]
              }
            ]
          }
        ]
      }
    ]
  },
  "Planning Time": 0.959,
  "Triggers": [],
  "Execution Time": 605.198
}