[
  {
    "Plan": {
      "Node Type": "Aggregate",
      "Strategy": "Plain",
      "Partial Mode": "Finalize",
      "Parallel Aware": false,
      "Startup Cost": 127632.36,
      "Total Cost": 127632.37,
      "Plan Rows": 1,
      "Plan Width": 8,
      "Actual Startup Time": 858.25,
      "Actual Total Time": 884.966,
      "Actual Rows": 1,
      "Actual Loops": 1,
      "Plans": [
        {
          "Node Type": "Gather",
          "Parent Relationship": "Outer",
          "Parallel Aware": false,
          "Startup Cost": 127632.05,
          "Total Cost": 127632.36,
          "Plan Rows": 3,
          "Plan Width": 8,
          "Actual Startup Time": 846.118,
          "Actual Total Time": 884.956,
          "Actual Rows": 4,
          "Actual Loops": 1,
          "Workers Planned": 3,
          "Workers Launched": 3,
          "Single Copy": false,
          "Plans": [
            {
              "Node Type": "Aggregate",
              "Strategy": "Plain",
              "Partial Mode": "Partial",
              "Parent Relationship": "Outer",
              "Parallel Aware": false,
              "Startup Cost": 126632.05,
              "Total Cost": 126632.06,
              "Plan Rows": 1,
              "Plan Width": 8,
              "Actual Startup Time": 842.472,
              "Actual Total Time": 842.595,
              "Actual Rows": 1,
              "Actual Loops": 4,
              "Plans": [
                {
                  "Node Type": "Hash Join",
                  "Parent Relationship": "Outer",
                  "Parallel Aware": true,
                  "Join Type": "Inner",
                  "Startup Cost": 94984.12,
                  "Total Cost": 126070.92,
                  "Plan Rows": 224452,
                  "Plan Width": 0,
                  "Actual Startup Time": 544.4,
                  "Actual Total Time": 782.993,
                  "Actual Rows": 1307743,
                  "Actual Loops": 4,
                  "Inner Unique": false,
                  "Hash Cond": "(mc.movie_id = t.id)",
                  "Plans": [
                    {
                      "Node Type": "Seq Scan",
                      "Parent Relationship": "Outer",
                      "Parallel Aware": true,
                      "Relation Name": "movie_companies",
                      "Alias": "mc",
                      "Startup Cost": 0.0,
                      "Total Cost": 27206.55,
                      "Plan Rows": 841655,
                      "Plan Width": 4,
                      "Actual Startup Time": 0.021,
                      "Actual Total Time": 56.529,
                      "Actual Rows": 652282,
                      "Actual Loops": 4
                    },
                    {
                      "Node Type": "Hash",
                      "Parent Relationship": "Inner",
                      "Parallel Aware": true,
                      "Startup Cost": 92265.37,
                      "Total Cost": 92265.37,
                      "Plan Rows": 217500,
                      "Plan Width": 8,
                      "Actual Startup Time": 536.363,
                      "Actual Total Time": 536.484,
                      "Actual Rows": 165604,
                      "Actual Loops": 4,
                      "Hash Buckets": 1048576,
                      "Original Hash Buckets": 1048576,
                      "Hash Batches": 1,
                      "Original Hash Batches": 1,
                      "Peak Memory Usage": 34208,
                      "Plans": [
                        {
                          "Node Type": "Hash Join",
                          "Parent Relationship": "Outer",
                          "Parallel Aware": true,
                          "Join Type": "Inner",
                          "Startup Cost": 64521.68,
                          "Total Cost": 92265.37,
                          "Plan Rows": 217500,
                          "Plan Width": 8,
                          "Actual Startup Time": 374.237,
                          "Actual Total Time": 485.916,
                          "Actual Rows": 165604,
                          "Actual Loops": 4,
                          "Inner Unique": true,
                          "Hash Cond": "(mk.movie_id = t.id)",
                          "Plans": [
                            {
                              "Node Type": "Bitmap Heap Scan",
                              "Parent Relationship": "Outer",
                              "Parallel Aware": true,
                              "Relation Name": "movie_keyword",
                              "Alias": "mk",
                              "Startup Cost": 14301.88,
                              "Total Cost": 41474.63,
                              "Plan Rows": 217500,
                              "Plan Width": 4,
                              "Actual Startup Time": 55.571,
                              "Actual Total Time": 113.214,
                              "Actual Rows": 165604,
                              "Actual Loops": 4,
                              "Recheck Cond": "(keyword_id > 28386)",
                              "Rows Removed by Index Recheck": 0,
                              "Exact Heap Blocks": 6621,
                              "Lossy Heap Blocks": 0,
                              "Plans": [
                                {
                                  "Node Type": "Bitmap Index Scan",
                                  "Parent Relationship": "Outer",
                                  "Parallel Aware": false,
                                  "Index Name": "keyword_id_movie_keyword",
                                  "Startup Cost": 0.0,
                                  "Total Cost": 14133.32,
                                  "Plan Rows": 674251,
                                  "Plan Width": 0,
                                  "Actual Startup Time": 51.976,
                                  "Actual Total Time": 51.976,
                                  "Actual Rows": 662416,
                                  "Actual Loops": 1,
                                  "Index Cond": "(keyword_id > 28386)"
                                }
                              ]
                            },
                            {
                              "Node Type": "Hash",
                              "Parent Relationship": "Inner",
                              "Parallel Aware": true,
                              "Startup Cost": 42318.81,
                              "Total Cost": 42318.81,
                              "Plan Rows": 632080,
                              "Plan Width": 4,
                              "Actual Startup Time": 311.919,
                              "Actual Total Time": 311.92,
                              "Actual Rows": 632078,
                              "Actual Loops": 4,
                              "Hash Buckets": 4194304,
                              "Original Hash Buckets": 4194304,
                              "Hash Batches": 1,
                              "Original Hash Batches": 1,
                              "Peak Memory Usage": 131776,
                              "Plans": [
                                {
                                  "Node Type": "Seq Scan",
                                  "Parent Relationship": "Outer",
                                  "Parallel Aware": true,
                                  "Relation Name": "title",
                                  "Alias": "t",
                                  "Startup Cost": 0.0,
                                  "Total Cost": 42318.81,
                                  "Plan Rows": 632080,
                                  "Plan Width": 4,
                                  "Actual Startup Time": 0.025,
                                  "Actual Total Time": 94.612,
                                  "Actual Rows": 632078,
                                  "Actual Loops": 4
                                }
                              ]
                            }
                          ]
                        }
                      ]
                    }
                  ]
                }
              ]
            }
          ]
        }
      ]
    },
    "Planning Time": 0.566,
    "Triggers": [],
    "Execution Time": 885.017
  }
]