[
  {
    "Plan": {
      "Node Type": "Aggregate",
      "Strategy": "Plain",
      "Partial Mode": "Finalize",
      "Parallel Aware": false,
      "Startup Cost": 225051.88,
      "Total Cost": 225051.89,
      "Plan Rows": 1,
      "Plan Width": 8,
      "Actual Startup Time": 257.241,
      "Actual Total Time": 272.463,
      "Actual Rows": 1,
      "Actual Loops": 1,
      "Plans": [
        {
          "Node Type": "Gather",
          "Parent Relationship": "Outer",
          "Parallel Aware": false,
          "Startup Cost": 225051.36,
          "Total Cost": 225051.87,
          "Plan Rows": 5,
          "Plan Width": 8,
          "Actual Startup Time": 253.577,
          "Actual Total Time": 272.455,
          "Actual Rows": 6,
          "Actual Loops": 1,
          "Workers Planned": 5,
          "Workers Launched": 5,
          "Single Copy": false,
          "Plans": [
            {
              "Node Type": "Aggregate",
              "Strategy": "Plain",
              "Partial Mode": "Partial",
              "Parent Relationship": "Outer",
              "Parallel Aware": false,
              "Startup Cost": 224051.36,
              "Total Cost": 224051.37,
              "Plan Rows": 1,
              "Plan Width": 8,
              "Actual Startup Time": 242.307,
              "Actual Total Time": 242.31,
              "Actual Rows": 1,
              "Actual Loops": 6,
              "Plans": [
                {
                  "Node Type": "Nested Loop",
                  "Parent Relationship": "Outer",
                  "Parallel Aware": false,
                  "Join Type": "Inner",
                  "Startup Cost": 49550.18,
                  "Total Cost": 224022.59,
                  "Plan Rows": 11509,
                  "Plan Width": 0,
                  "Actual Startup Time": 166.568,
                  "Actual Total Time": 235.358,
                  "Actual Rows": 163174,
                  "Actual Loops": 6,
                  "Inner Unique": false,
                  "Plans": [
                    {
                      "Node Type": "Hash Join",
                      "Parent Relationship": "Outer",
                      "Parallel Aware": true,
                      "Join Type": "Inner",
                      "Startup Cost": 49549.75,
                      "Total Cost": 216307.76,
                      "Plan Rows": 11152,
                      "Plan Width": 8,
                      "Actual Startup Time": 166.472,
                      "Actual Total Time": 174.345,
                      "Actual Rows": 6901,
                      "Actual Loops": 6,
                      "Inner Unique": true,
                      "Hash Cond": "(mi.movie_id = t.id)",
                      "Plans": [
                        {
                          "Node Type": "Bitmap Heap Scan",
                          "Parent Relationship": "Outer",
                          "Parallel Aware": true,
                          "Relation Name": "movie_info",
                          "Alias": "mi",
                          "Startup Cost": 2803.64,
                          "Total Cost": 169480.41,
                          "Plan Rows": 30947,
                          "Plan Width": 4,
                          "Actual Startup Time": 6.423,
                          "Actual Total Time": 15.388,
                          "Actual Rows": 24581,
                          "Actual Loops": 6,
                          "Recheck Cond": "(info_type_id = 107)",
                          "Rows Removed by Index Recheck": 0,
                          "Exact Heap Blocks": 1083,
                          "Lossy Heap Blocks": 0,
                          "Plans": [
                            {
                              "Node Type": "Bitmap Index Scan",
                              "Parent Relationship": "Outer",
                              "Parallel Aware": false,
                              "Index Name": "info_type_id_movie_info",
                              "Startup Cost": 0.0,
                              "Total Cost": 2764.95,
                              "Plan Rows": 154736,
                              "Plan Width": 0,
                              "Actual Startup Time": 5.675,
                              "Actual Total Time": 5.676,
                              "Actual Rows": 147487,
                              "Actual Loops": 1,
                              "Index Cond": "(info_type_id = 107)"
                            }
                          ]
                        },
                        {
                          "Node Type": "Hash",
                          "Parent Relationship": "Inner",
                          "Parallel Aware": true,
                          "Startup Cost": 43898.92,
                          "Total Cost": 43898.92,
                          "Plan Rows": 227776,
                          "Plan Width": 4,
                          "Actual Startup Time": 149.485,
                          "Actual Total Time": 149.485,
                          "Actual Rows": 150748,
                          "Actual Loops": 6,
                          "Hash Buckets": 1048576,
                          "Original Hash Buckets": 1048576,
                          "Hash Batches": 1,
                          "Original Hash Batches": 1,
                          "Peak Memory Usage": 43680,
                          "Plans": [
                            {
                              "Node Type": "Seq Scan",
                              "Parent Relationship": "Outer",
                              "Parallel Aware": true,
                              "Relation Name": "title",
                              "Alias": "t",
                              "Startup Cost": 0.0,
                              "Total Cost": 43898.92,
                              "Plan Rows": 227776,
                              "Plan Width": 4,
                              "Actual Startup Time": 0.04,
                              "Actual Total Time": 83.845,
                              "Actual Rows": 150748,
                              "Actual Loops": 6,
                              "Filter": "(production_year > 2006)",
                              "Rows Removed by Filter": 270637
                            }
                          ]
                        }
                      ]
                    },
                    {
                      "Node Type": "Index Only Scan",
                      "Parent Relationship": "Inner",
                      "Parallel Aware": false,
                      "Scan Direction": "Forward",
                      "Index Name": "movie_id_movie_companies",
                      "Relation Name": "movie_companies",
                      "Alias": "mc",
                      "Startup Cost": 0.43,
                      "Total Cost": 0.64,
                      "Plan Rows": 5,
                      "Plan Width": 4,
                      "Actual Startup Time": 0.003,
                      "Actual Total Time": 0.007,
                      "Actual Rows": 24,
                      "Actual Loops": 41404,
                      "Index Cond": "(movie_id = t.id)",
                      "Rows Removed by Index Recheck": 0,
                      "Heap Fetches": 979047
                    }
                  ]
                }
              ]
            }
          ]
        }
      ]
    },
    "Planning Time": 1.437,
    "Triggers": [],
    "Execution Time": 272.57
  }
]