[
  {
    "Plan": {
      "Node Type": "Aggregate",
      "Strategy": "Plain",
      "Partial Mode": "Finalize",
      "Parallel Aware": false,
      "Startup Cost": 44901.48,
      "Total Cost": 44901.49,
      "Plan Rows": 1,
      "Plan Width": 8,
      "Actual Startup Time": 107.886,
      "Actual Total Time": 123.16,
      "Actual Rows": 1,
      "Actual Loops": 1,
      "Plans": [
        {
          "Node Type": "Gather",
          "Parent Relationship": "Outer",
          "Parallel Aware": false,
          "Startup Cost": 44901.06,
          "Total Cost": 44901.47,
          "Plan Rows": 4,
          "Plan Width": 8,
          "Actual Startup Time": 107.72,
          "Actual Total Time": 123.147,
          "Actual Rows": 5,
          "Actual Loops": 1,
          "Workers Planned": 4,
          "Workers Launched": 4,
          "Single Copy": false,
          "Plans": [
            {
              "Node Type": "Aggregate",
              "Strategy": "Plain",
              "Partial Mode": "Partial",
              "Parent Relationship": "Outer",
              "Parallel Aware": false,
              "Startup Cost": 43901.06,
              "Total Cost": 43901.07,
              "Plan Rows": 1,
              "Plan Width": 8,
              "Actual Startup Time": 99.389,
              "Actual Total Time": 99.391,
              "Actual Rows": 1,
              "Actual Loops": 5,
              "Plans": [
                {
                  "Node Type": "Seq Scan",
                  "Parent Relationship": "Outer",
                  "Parallel Aware": true,
                  "Relation Name": "title",
                  "Alias": "t",
                  "Startup Cost": 0.0,
                  "Total Cost": 43899.32,
                  "Plan Rows": 695,
                  "Plan Width": 0,
                  "Actual Startup Time": 63.849,
                  "Actual Total Time": 99.309,
                  "Actual Rows": 493,
                  "Actual Loops": 5,
                  "Filter": "(production_year = 1935)",
                  "Rows Removed by Filter": 505169
                }
              ]
            }
          ]
        }
      ]
    },
    "Planning Time": 0.167,
    "Triggers": [],
    "Execution Time": 123.223
  }
]