[
  {
    "Plan": {
      "Node Type": "Aggregate",
      "Strategy": "Plain",
      "Partial Mode": "Finalize",
      "Parallel Aware": false,
      "Startup Cost": 76865.54,
      "Total Cost": 76865.55,
      "Plan Rows": 1,
      "Plan Width": 8,
      "Actual Startup Time": 366.775,
      "Actual Total Time": 382.204,
      "Actual Rows": 1,
      "Actual Loops": 1,
      "Plans": [
        {
          "Node Type": "Gather",
          "Parent Relationship": "Outer",
          "Parallel Aware": false,
          "Startup Cost": 76865.23,
          "Total Cost": 76865.54,
          "Plan Rows": 3,
          "Plan Width": 8,
          "Actual Startup Time": 358.724,
          "Actual Total Time": 382.185,
          "Actual Rows": 4,
          "Actual Loops": 1,
          "Workers Planned": 3,
          "Workers Launched": 3,
          "Single Copy": false,
          "Plans": [
            {
              "Node Type": "Aggregate",
              "Strategy": "Plain",
              "Partial Mode": "Partial",
              "Parent Relationship": "Outer",
              "Parallel Aware": false,
              "Startup Cost": 75865.23,
              "Total Cost": 75865.24,
              "Plan Rows": 1,
              "Plan Width": 8,
              "Actual Startup Time": 343.629,
              "Actual Total Time": 343.636,
              "Actual Rows": 1,
              "Actual Loops": 4,
              "Plans": [
                {
                  "Node Type": "Hash Join",
                  "Parent Relationship": "Outer",
                  "Parallel Aware": true,
                  "Join Type": "Inner",
                  "Startup Cost": 50863.97,
                  "Total Cost": 75815.26,
                  "Plan Rows": 19986,
                  "Plan Width": 0,
                  "Actual Startup Time": 290.238,
                  "Actual Total Time": 343.306,
                  "Actual Rows": 4667,
                  "Actual Loops": 4,
                  "Inner Unique": true,
                  "Hash Cond": "(mk.movie_id = t.id)",
                  "Plans": [
                    {
                      "Node Type": "Bitmap Heap Scan",
                      "Parent Relationship": "Outer",
                      "Parallel Aware": true,
                      "Relation Name": "movie_keyword",
                      "Alias": "mk",
                      "Startup Cost": 2162.35,
                      "Total Cost": 27027.34,
                      "Plan Rows": 32879,
                      "Plan Width": 4,
                      "Actual Startup Time": 11.122,
                      "Actual Total Time": 48.142,
                      "Actual Rows": 29150,
                      "Actual Loops": 4,
                      "Recheck Cond": "(keyword_id < 113)",
                      "Rows Removed by Index Recheck": 0,
                      "Exact Heap Blocks": 7148,
                      "Lossy Heap Blocks": 0,
                      "Plans": [
                        {
                          "Node Type": "Bitmap Index Scan",
                          "Parent Relationship": "Outer",
                          "Parallel Aware": false,
                          "Index Name": "keyword_id_movie_keyword",
                          "Startup Cost": 0.0,
                          "Total Cost": 2136.87,
                          "Plan Rows": 101925,
                          "Plan Width": 0,
                          "Actual Startup Time": 7.755,
                          "Actual Total Time": 7.756,
                          "Actual Rows": 116602,
                          "Actual Loops": 1,
                          "Index Cond": "(keyword_id < 113)"
                        }
                      ]
                    },
                    {
                      "Node Type": "Hash",
                      "Parent Relationship": "Inner",
                      "Parallel Aware": true,
                      "Startup Cost": 43898.92,
                      "Total Cost": 43898.92,
                      "Plan Rows": 384216,
                      "Plan Width": 4,
                      "Actual Startup Time": 270.859,
                      "Actual Total Time": 270.859,
                      "Actual Rows": 385816,
                      "Actual Loops": 4,
                      "Hash Buckets": 2097152,
                      "Original Hash Buckets": 2097152,
                      "Hash Batches": 1,
                      "Original Hash Batches": 1,
                      "Peak Memory Usage": 76832,
                      "Plans": [
                        {
                          "Node Type": "Seq Scan",
                          "Parent Relationship": "Outer",
                          "Parallel Aware": true,
                          "Relation Name": "title",
                          "Alias": "t",
                          "Startup Cost": 0.0,
                          "Total Cost": 43898.92,
                          "Plan Rows": 384216,
                          "Plan Width": 4,
                          "Actual Startup Time": 0.049,
                          "Actual Total Time": 111.553,
                          "Actual Rows": 385816,
                          "Actual Loops": 4,
                          "Filter": "(kind_id = 7)",
                          "Rows Removed by Filter": 246262
                        }
                      ]
                    }
                  ]
                }
              ]
            }
          ]
        }
      ]
    },
    "Planning Time": 0.62,
    "Triggers": [],
    "Execution Time": 382.293
  }
]