{
  "Plan": {
    "Node Type": "Aggregate",
    "Strategy": "Plain",
    "Partial Mode": "Finalize",
    "Parallel Aware": false,
    "Startup Cost": 97097.18,
    "Total Cost": 97097.19,
    "Plan Rows": 1,
    "Plan Width": 8,
    "Actual Startup Time": 619.523,
    "Actual Total Time": 639.496,
    "Actual Rows": 1,
    "Actual Loops": 1,
    "Plans": [
      {
        "Node Type": "Gather",
        "Parent Relationship": "Outer",
        "Parallel Aware": false,
        "Startup Cost": 97097.06,
        "Total Cost": 97097.17,
        "Plan Rows": 1,
        "Plan Width": 8,
        "Actual Startup Time": 614.447,
        "Actual Total Time": 639.487,
        "Actual Rows": 2,
        "Actual Loops": 1,
        "Workers Planned": 1,
        "Workers Launched": 1,
        "Single Copy": false,
        "Plans": [
          {
            "Node Type": "Aggregate",
            "Strategy": "Plain",
            "Partial Mode": "Partial",
            "Parent Relationship": "Outer",
            "Parallel Aware": false,
            "Startup Cost": 96097.06,
            "Total Cost": 96097.07,
            "Plan Rows": 1,
            "Plan Width": 8,
            "Actual Startup Time": 604.564,
            "Actual Total Time": 604.568,
            "Actual Rows": 1,
            "Actual Loops": 2,
            "Plans": [
              {
                "Node Type": "Hash Join",
                "Parent Relationship": "Outer",
                "Parallel Aware": true,
                "Join Type": "Inner",
                "Startup Cost": 70084.06,
                "Total Cost": 96054.0,
                "Plan Rows": 17224,
                "Plan Width": 0,
                "Actual Startup Time": 583.814,
                "Actual Total Time": 603.885,
                "Actual Rows": 14227,
                "Actual Loops": 2,
                "Inner Unique": true,
                "Hash Cond": "(mk.movie_id = t.id)",
                "Plans": [
                  {
                    "Node Type": "Bitmap Heap Scan",
                    "Parent Relationship": "Outer",
                    "Parallel Aware": true,
                    "Relation Name": "movie_keyword",
                    "Alias": "mk",
                    "Startup Cost": 623.36,
                    "Total Cost": 26548.09,
                    "Plan Rows": 17224,
                    "Plan Width": 4,
                    "Actual Startup Time": 3.526,
                    "Actual Total Time": 17.669,
                    "Actual Rows": 14227,
                    "Actual Loops": 2,
                    "Recheck Cond": "(keyword_id > 111515)",
                    "Rows Removed by Index Recheck": 0,
                    "Exact Heap Blocks": 5220,
                    "Lossy Heap Blocks": 0,
                    "Plans": [
                      {
                        "Node Type": "Bitmap Index Scan",
                        "Parent Relationship": "Outer",
                        "Parallel Aware": false,
                        "Index Name": "keyword_id_movie_keyword",
                        "Startup Cost": 0.0,
                        "Total Cost": 616.04,
                        "Plan Rows": 29281,
                        "Plan Width": 0,
                        "Actual Startup Time": 2.325,
                        "Actual Total Time": 2.325,
                        "Actual Rows": 28454,
                        "Actual Loops": 1,
                        "Index Cond": "(keyword_id > 111515)"
                      }
                    ]
                  },
                  {
                    "Node Type": "Hash",
                    "Parent Relationship": "Inner",
                    "Parallel Aware": true,
                    "Startup Cost": 50870.31,
                    "Total Cost": 50870.31,
                    "Plan Rows": 1487231,
                    "Plan Width": 4,
                    "Actual Startup Time": 560.807,
                    "Actual Total Time": 560.808,
                    "Actual Rows": 1264156,
                    "Actual Loops": 2,
                    "Hash Buckets": 4194304,
                    "Original Hash Buckets": 4194304,
                    "Hash Batches": 1,
                    "Original Hash Batches": 1,
                    "Peak Memory Usage": 131680,
                    "Plans": [
                      {
                        "Node Type": "Seq Scan",
                        "Parent Relationship": "Outer",
                        "Parallel Aware": true,
                        "Relation Name": "title",
                        "Alias": "t",
                        "Startup Cost": 0.0,
                        "Total Cost": 50870.31,
                        "Plan Rows": 1487231,
                        "Plan Width": 4,
                        "Actual Startup Time": 0.025,
                        "Actual Total Time": 155.888,
                        "Actual Rows": 1264156,
                        "Actual Loops": 2
                      }
                    ]
                  }
                ]
              }
            ]
          }
        ]
      }
    ]
  },
  "Planning Time": 0.587,
  "Triggers": [],
  "Execution Time": 639.575
}