[
  {
    "Plan": {
      "Node Type": "Aggregate",
      "Strategy": "Plain",
      "Partial Mode": "Finalize",
      "Parallel Aware": false,
      "Startup Cost": 181644.53,
      "Total Cost": 181644.54,
      "Plan Rows": 1,
      "Plan Width": 8,
      "Actual Startup Time": 109.639,
      "Actual Total Time": 124.493,
      "Actual Rows": 1,
      "Actual Loops": 1,
      "Plans": [
        {
          "Node Type": "Gather",
          "Parent Relationship": "Outer",
          "Parallel Aware": false,
          "Startup Cost": 181644.11,
          "Total Cost": 181644.52,
          "Plan Rows": 4,
          "Plan Width": 8,
          "Actual Startup Time": 109.505,
          "Actual Total Time": 124.485,
          "Actual Rows": 5,
          "Actual Loops": 1,
          "Workers Planned": 4,
          "Workers Launched": 4,
          "Single Copy": false,
          "Plans": [
            {
              "Node Type": "Aggregate",
              "Strategy": "Plain",
              "Partial Mode": "Partial",
              "Parent Relationship": "Outer",
              "Parallel Aware": false,
              "Startup Cost": 180644.11,
              "Total Cost": 180644.12,
              "Plan Rows": 1,
              "Plan Width": 8,
              "Actual Startup Time": 102.518,
              "Actual Total Time": 102.52,
              "Actual Rows": 1,
              "Actual Loops": 5,
              "Plans": [
                {
                  "Node Type": "Nested Loop",
                  "Parent Relationship": "Outer",
                  "Parallel Aware": false,
                  "Join Type": "Inner",
                  "Startup Cost": 0.43,
                  "Total Cost": 180641.18,
                  "Plan Rows": 1172,
                  "Plan Width": 0,
                  "Actual Startup Time": 50.205,
                  "Actual Total Time": 102.442,
                  "Actual Rows": 718,
                  "Actual Loops": 5,
                  "Inner Unique": false,
                  "Plans": [
                    {
                      "Node Type": "Seq Scan",
                      "Parent Relationship": "Outer",
                      "Parallel Aware": true,
                      "Relation Name": "title",
                      "Alias": "t",
                      "Startup Cost": 0.0,
                      "Total Cost": 43899.32,
                      "Plan Rows": 1348,
                      "Plan Width": 4,
                      "Actual Startup Time": 49.924,
                      "Actual Total Time": 70.713,
                      "Actual Rows": 1167,
                      "Actual Loops": 5,
                      "Filter": "(production_year = 1916)",
                      "Rows Removed by Filter": 504495
                    },
                    {
                      "Node Type": "Index Scan",
                      "Parent Relationship": "Inner",
                      "Parallel Aware": false,
                      "Scan Direction": "Forward",
                      "Index Name": "movie_id_movie_info",
                      "Relation Name": "movie_info",
                      "Alias": "mi",
                      "Startup Cost": 0.43,
                      "Total Cost": 101.38,
                      "Plan Rows": 6,
                      "Plan Width": 4,
                      "Actual Startup Time": 0.023,
                      "Actual Total Time": 0.027,
                      "Actual Rows": 1,
                      "Actual Loops": 5835,
                      "Index Cond": "(movie_id = t.id)",
                      "Rows Removed by Index Recheck": 0,
                      "Filter": "(info_type_id > 16)",
                      "Rows Removed by Filter": 10
                    }
                  ]
                }
              ]
            }
          ]
        }
      ]
    },
    "Planning Time": 0.421,
    "Triggers": [],
    "Execution Time": 124.53
  }
]