[
  {
    "Plan": {
      "Node Type": "Aggregate",
      "Strategy": "Plain",
      "Partial Mode": "Finalize",
      "Parallel Aware": false,
      "Startup Cost": 381178.2,
      "Total Cost": 381178.21,
      "Plan Rows": 1,
      "Plan Width": 8,
      "Actual Startup Time": 2164.567,
      "Actual Total Time": 2226.823,
      "Actual Rows": 1,
      "Actual Loops": 1,
      "Plans": [
        {
          "Node Type": "Gather",
          "Parent Relationship": "Outer",
          "Parallel Aware": false,
          "Startup Cost": 381177.57,
          "Total Cost": 381178.18,
          "Plan Rows": 6,
          "Plan Width": 8,
          "Actual Startup Time": 2158.297,
          "Actual Total Time": 2226.792,
          "Actual Rows": 7,
          "Actual Loops": 1,
          "Workers Planned": 6,
          "Workers Launched": 6,
          "Single Copy": false,
          "Plans": [
            {
              "Node Type": "Aggregate",
              "Strategy": "Plain",
              "Partial Mode": "Partial",
              "Parent Relationship": "Outer",
              "Parallel Aware": false,
              "Startup Cost": 380177.57,
              "Total Cost": 380177.58,
              "Plan Rows": 1,
              "Plan Width": 8,
              "Actual Startup Time": 2146.031,
              "Actual Total Time": 2146.035,
              "Actual Rows": 1,
              "Actual Loops": 7,
              "Plans": [
                {
                  "Node Type": "Hash Join",
                  "Parent Relationship": "Outer",
                  "Parallel Aware": true,
                  "Join Type": "Inner",
                  "Startup Cost": 47447.97,
                  "Total Cost": 376414.63,
                  "Plan Rows": 1505176,
                  "Plan Width": 0,
                  "Actual Startup Time": 135.67,
                  "Actual Total Time": 2065.039,
                  "Actual Rows": 1467339,
                  "Actual Loops": 7,
                  "Inner Unique": true,
                  "Hash Cond": "(ci.movie_id = t.id)",
                  "Plans": [
                    {
                      "Node Type": "Seq Scan",
                      "Parent Relationship": "Outer",
                      "Parallel Aware": true,
                      "Relation Name": "cast_info",
                      "Alias": "ci",
                      "Startup Cost": 0.0,
                      "Total Cost": 313106.51,
                      "Plan Rows": 6041951,
                      "Plan Width": 4,
                      "Actual Startup Time": 0.033,
                      "Actual Total Time": 643.971,
                      "Actual Rows": 5177763,
                      "Actual Loops": 7
                    },
                    {
                      "Node Type": "Hash",
                      "Parent Relationship": "Inner",
                      "Parallel Aware": true,
                      "Startup Cost": 45479.59,
                      "Total Cost": 45479.59,
                      "Plan Rows": 157471,
                      "Plan Width": 4,
                      "Actual Startup Time": 132.018,
                      "Actual Total Time": 132.02,
                      "Actual Rows": 87642,
                      "Actual Loops": 7,
                      "Hash Buckets": 1048576,
                      "Original Hash Buckets": 1048576,
                      "Hash Batches": 1,
                      "Original Hash Batches": 1,
                      "Peak Memory Usage": 32288,
                      "Plans": [
                        {
                          "Node Type": "Seq Scan",
                          "Parent Relationship": "Outer",
                          "Parallel Aware": true,
                          "Relation Name": "title",
                          "Alias": "t",
                          "Startup Cost": 0.0,
                          "Total Cost": 45479.59,
                          "Plan Rows": 157471,
                          "Plan Width": 4,
                          "Actual Startup Time": 46.893,
                          "Actual Total Time": 88.324,
                          "Actual Rows": 87642,
                          "Actual Loops": 7,
                          "Filter": "((production_year > 1912) AND (kind_id = 1))",
                          "Rows Removed by Filter": 273546
                        }
                      ]
                    }
                  ]
                }
              ]
            }
          ]
        }
      ]
    },
    "Planning Time": 0.565,
    "Triggers": [],
    "Execution Time": 2226.911
  }
]