{
  "Plan": {
    "Node Type": "Aggregate",
    "Strategy": "Plain",
    "Partial Mode": "Finalize",
    "Parallel Aware": false,
    "Startup Cost": 124505.87,
    "Total Cost": 124505.88,
    "Plan Rows": 1,
    "Plan Width": 8,
    "Actual Startup Time": 500.308,
    "Actual Total Time": 517.608,
    "Actual Rows": 1,
    "Actual Loops": 1,
    "Plans": [
      {
        "Node Type": "Gather",
        "Parent Relationship": "Outer",
        "Parallel Aware": false,
        "Startup Cost": 124505.76,
        "Total Cost": 124505.87,
        "Plan Rows": 1,
        "Plan Width": 8,
        "Actual Startup Time": 500.122,
        "Actual Total Time": 517.6,
        "Actual Rows": 2,
        "Actual Loops": 1,
        "Workers Planned": 1,
        "Workers Launched": 1,
        "Single Copy": false,
        "Plans": [
          {
            "Node Type": "Aggregate",
            "Strategy": "Plain",
            "Partial Mode": "Partial",
            "Parent Relationship": "Outer",
            "Parallel Aware": false,
            "Startup Cost": 123505.76,
            "Total Cost": 123505.77,
            "Plan Rows": 1,
            "Plan Width": 8,
            "Actual Startup Time": 496.87,
            "Actual Total Time": 496.874,
            "Actual Rows": 1,
            "Actual Loops": 2,
            "Plans": [
              {
                "Node Type": "Hash Join",
                "Parent Relationship": "Outer",
                "Parallel Aware": true,
                "Join Type": "Inner",
                "Startup Cost": 58886.54,
                "Total Cost": 123306.59,
                "Plan Rows": 79665,
                "Plan Width": 0,
                "Actual Startup Time": 160.483,
                "Actual Total Time": 495.894,
                "Actual Rows": 23032,
                "Actual Loops": 2,
                "Inner Unique": true,
                "Hash Cond": "(mk.movie_id = t.id)",
                "Plans": [
                  {
                    "Node Type": "Seq Scan",
                    "Parent Relationship": "Outer",
                    "Parallel Aware": true,
                    "Relation Name": "movie_keyword",
                    "Alias": "mk",
                    "Startup Cost": 0.0,
                    "Total Cost": 57718.19,
                    "Plan Rows": 2553085,
                    "Plan Width": 4,
                    "Actual Startup Time": 0.022,
                    "Actual Total Time": 203.014,
                    "Actual Rows": 2171994,
                    "Actual Loops": 2,
                    "Filter": "(keyword_id < 71672)",
                    "Rows Removed by Filter": 89972
                  },
                  {
                    "Node Type": "Hash",
                    "Parent Relationship": "Inner",
                    "Parallel Aware": true,
                    "Startup Cost": 58306.47,
                    "Total Cost": 58306.47,
                    "Plan Rows": 46406,
                    "Plan Width": 4,
                    "Actual Startup Time": 157.948,
                    "Actual Total Time": 157.949,
                    "Actual Rows": 42556,
                    "Actual Loops": 2,
                    "Hash Buckets": 131072,
                    "Original Hash Buckets": 131072,
                    "Hash Batches": 1,
                    "Original Hash Batches": 1,
                    "Peak Memory Usage": 4384,
                    "Plans": [
                      {
                        "Node Type": "Seq Scan",
                        "Parent Relationship": "Outer",
                        "Parallel Aware": true,
                        "Relation Name": "title",
                        "Alias": "t",
                        "Startup Cost": 0.0,
                        "Total Cost": 58306.47,
                        "Plan Rows": 46406,
                        "Plan Width": 4,
                        "Actual Startup Time": 0.036,
                        "Actual Total Time": 144.1,
                        "Actual Rows": 42556,
                        "Actual Loops": 2,
                        "Filter": "((kind_id > 4) AND (production_year = 2009))",
                        "Rows Removed by Filter": 1221600
                      }
                    ]
                  }
                ]
              }
            ]
          }
        ]
      }
    ]
  },
  "Planning Time": 0.492,
  "Triggers": [],
  "Execution Time": 517.684
}