[
  {
    "Plan": {
      "Node Type": "Aggregate",
      "Strategy": "Plain",
      "Partial Mode": "Finalize",
      "Parallel Aware": false,
      "Startup Cost": 344218.14,
      "Total Cost": 344218.15,
      "Plan Rows": 1,
      "Plan Width": 8,
      "Actual Startup Time": 997.022,
      "Actual Total Time": 1060.743,
      "Actual Rows": 1,
      "Actual Loops": 1,
      "Plans": [
        {
          "Node Type": "Gather",
          "Parent Relationship": "Outer",
          "Parallel Aware": false,
          "Startup Cost": 344217.52,
          "Total Cost": 344218.13,
          "Plan Rows": 6,
          "Plan Width": 8,
          "Actual Startup Time": 996.862,
          "Actual Total Time": 1060.727,
          "Actual Rows": 7,
          "Actual Loops": 1,
          "Workers Planned": 6,
          "Workers Launched": 6,
          "Single Copy": false,
          "Plans": [
            {
              "Node Type": "Aggregate",
              "Strategy": "Plain",
              "Partial Mode": "Partial",
              "Parent Relationship": "Outer",
              "Parallel Aware": false,
              "Startup Cost": 343217.52,
              "Total Cost": 343217.53,
              "Plan Rows": 1,
              "Plan Width": 8,
              "Actual Startup Time": 986.054,
              "Actual Total Time": 986.055,
              "Actual Rows": 1,
              "Actual Loops": 7,
              "Plans": [
                {
                  "Node Type": "Seq Scan",
                  "Parent Relationship": "Outer",
                  "Parallel Aware": true,
                  "Relation Name": "cast_info",
                  "Alias": "ci",
                  "Startup Cost": 0.0,
                  "Total Cost": 328211.39,
                  "Plan Rows": 6002450,
                  "Plan Width": 0,
                  "Actual Startup Time": 7.275,
                  "Actual Total Time": 733.667,
                  "Actual Rows": 5142805,
                  "Actual Loops": 7,
                  "Filter": "(person_id > 28872)",
                  "Rows Removed by Filter": 34958
                }
              ]
            }
          ]
        }
      ]
    },
    "Planning Time": 0.236,
    "Triggers": [],
    "Execution Time": 1060.811
  }
]