[
  {
    "Plan": {
      "Node Type": "Aggregate",
      "Strategy": "Plain",
      "Partial Mode": "Finalize",
      "Parallel Aware": false,
      "Startup Cost": 119519.5,
      "Total Cost": 119519.51,
      "Plan Rows": 1,
      "Plan Width": 8,
      "Actual Startup Time": 170.171,
      "Actual Total Time": 188.947,
      "Actual Rows": 1,
      "Actual Loops": 1,
      "Plans": [
        {
          "Node Type": "Gather",
          "Parent Relationship": "Outer",
          "Parallel Aware": false,
          "Startup Cost": 119518.98,
          "Total Cost": 119519.49,
          "Plan Rows": 5,
          "Plan Width": 8,
          "Actual Startup Time": 170.012,
          "Actual Total Time": 188.924,
          "Actual Rows": 6,
          "Actual Loops": 1,
          "Workers Planned": 5,
          "Workers Launched": 5,
          "Single Copy": false,
          "Plans": [
            {
              "Node Type": "Aggregate",
              "Strategy": "Plain",
              "Partial Mode": "Partial",
              "Parent Relationship": "Outer",
              "Parallel Aware": false,
              "Startup Cost": 118518.98,
              "Total Cost": 118518.99,
              "Plan Rows": 1,
              "Plan Width": 8,
              "Actual Startup Time": 162.064,
              "Actual Total Time": 162.065,
              "Actual Rows": 1,
              "Actual Loops": 6,
              "Plans": [
                {
                  "Node Type": "Index Scan",
                  "Parent Relationship": "Outer",
                  "Parallel Aware": true,
                  "Scan Direction": "Forward",
                  "Index Name": "role_id_cast_info",
                  "Relation Name": "cast_info",
                  "Alias": "ci",
                  "Startup Cost": 0.56,
                  "Total Cost": 118067.1,
                  "Plan Rows": 180750,
                  "Plan Width": 0,
                  "Actual Startup Time": 0.2,
                  "Actual Total Time": 159.111,
                  "Actual Rows": 50051,
                  "Actual Loops": 6,
                  "Index Cond": "(role_id = 10)",
                  "Rows Removed by Index Recheck": 0,
                  "Filter": "(person_id < 748531)",
                  "Rows Removed by Filter": 670452
                }
              ]
            }
          ]
        }
      ]
    },
    "Planning Time": 0.119,
    "Triggers": [],
    "Execution Time": 188.984
  }
]