[
  {
    "Plan": {
      "Node Type": "Aggregate",
      "Strategy": "Plain",
      "Partial Mode": "Finalize",
      "Parallel Aware": false,
      "Startup Cost": 51317.04,
      "Total Cost": 51317.05,
      "Plan Rows": 1,
      "Plan Width": 8,
      "Actual Startup Time": 105.007,
      "Actual Total Time": 117.671,
      "Actual Rows": 1,
      "Actual Loops": 1,
      "Plans": [
        {
          "Node Type": "Gather",
          "Parent Relationship": "Outer",
          "Parallel Aware": false,
          "Startup Cost": 51316.62,
          "Total Cost": 51317.03,
          "Plan Rows": 4,
          "Plan Width": 8,
          "Actual Startup Time": 104.871,
          "Actual Total Time": 117.663,
          "Actual Rows": 5,
          "Actual Loops": 1,
          "Workers Planned": 4,
          "Workers Launched": 4,
          "Single Copy": false,
          "Plans": [
            {
              "Node Type": "Aggregate",
              "Strategy": "Plain",
              "Partial Mode": "Partial",
              "Parent Relationship": "Outer",
              "Parallel Aware": false,
              "Startup Cost": 50316.62,
              "Total Cost": 50316.63,
              "Plan Rows": 1,
              "Plan Width": 8,
              "Actual Startup Time": 95.047,
              "Actual Total Time": 95.048,
              "Actual Rows": 1,
              "Actual Loops": 5,
              "Plans": [
                {
                  "Node Type": "Nested Loop",
                  "Parent Relationship": "Outer",
                  "Parallel Aware": false,
                  "Join Type": "Inner",
                  "Startup Cost": 0.43,
                  "Total Cost": 50316.01,
                  "Plan Rows": 243,
                  "Plan Width": 0,
                  "Actual Startup Time": 61.814,
                  "Actual Total Time": 94.986,
                  "Actual Rows": 504,
                  "Actual Loops": 5,
                  "Inner Unique": false,
                  "Plans": [
                    {
                      "Node Type": "Seq Scan",
                      "Parent Relationship": "Outer",
                      "Parallel Aware": true,
                      "Relation Name": "title",
                      "Alias": "t",
                      "Startup Cost": 0.0,
                      "Total Cost": 45479.1,
                      "Plan Rows": 669,
                      "Plan Width": 4,
                      "Actual Startup Time": 59.111,
                      "Actual Total Time": 88.438,
                      "Actual Rows": 672,
                      "Actual Loops": 5,
                      "Filter": "((kind_id = 1) AND (production_year = 1963))",
                      "Rows Removed by Filter": 504990
                    },
                    {
                      "Node Type": "Index Scan",
                      "Parent Relationship": "Inner",
                      "Parallel Aware": false,
                      "Scan Direction": "Forward",
                      "Index Name": "movie_id_movie_info_idx",
                      "Relation Name": "movie_info_idx",
                      "Alias": "mi_idx",
                      "Startup Cost": 0.43,
                      "Total Cost": 7.21,
                      "Plan Rows": 2,
                      "Plan Width": 4,
                      "Actual Startup Time": 0.009,
                      "Actual Total Time": 0.009,
                      "Actual Rows": 1,
                      "Actual Loops": 3361,
                      "Index Cond": "(movie_id = t.id)",
                      "Rows Removed by Index Recheck": 0,
                      "Filter": "(info_type_id < 101)",
                      "Rows Removed by Filter": 0
                    }
                  ]
                }
              ]
            }
          ]
        }
      ]
    },
    "Planning Time": 0.6,
    "Triggers": [],
    "Execution Time": 117.74
  }
]