[
  {
    "Plan": {
      "Node Type": "Aggregate",
      "Strategy": "Plain",
      "Partial Mode": "Finalize",
      "Parallel Aware": false,
      "Startup Cost": 72428.77,
      "Total Cost": 72428.78,
      "Plan Rows": 1,
      "Plan Width": 8,
      "Actual Startup Time": 117.577,
      "Actual Total Time": 132.097,
      "Actual Rows": 1,
      "Actual Loops": 1,
      "Plans": [
        {
          "Node Type": "Gather",
          "Parent Relationship": "Outer",
          "Parallel Aware": false,
          "Startup Cost": 72428.35,
          "Total Cost": 72428.76,
          "Plan Rows": 4,
          "Plan Width": 8,
          "Actual Startup Time": 117.39,
          "Actual Total Time": 132.082,
          "Actual Rows": 5,
          "Actual Loops": 1,
          "Workers Planned": 4,
          "Workers Launched": 4,
          "Single Copy": false,
          "Plans": [
            {
              "Node Type": "Aggregate",
              "Strategy": "Plain",
              "Partial Mode": "Partial",
              "Parent Relationship": "Outer",
              "Parallel Aware": false,
              "Startup Cost": 71428.35,
              "Total Cost": 71428.36,
              "Plan Rows": 1,
              "Plan Width": 8,
              "Actual Startup Time": 107.221,
              "Actual Total Time": 107.222,
              "Actual Rows": 1,
              "Actual Loops": 5,
              "Plans": [
                {
                  "Node Type": "Nested Loop",
                  "Parent Relationship": "Outer",
                  "Parallel Aware": false,
                  "Join Type": "Inner",
                  "Startup Cost": 0.43,
                  "Total Cost": 71418.76,
                  "Plan Rows": 3837,
                  "Plan Width": 0,
                  "Actual Startup Time": 1.219,
                  "Actual Total Time": 106.927,
                  "Actual Rows": 4148,
                  "Actual Loops": 5,
                  "Inner Unique": false,
                  "Plans": [
                    {
                      "Node Type": "Seq Scan",
                      "Parent Relationship": "Outer",
                      "Parallel Aware": true,
                      "Relation Name": "title",
                      "Alias": "t",
                      "Startup Cost": 0.0,
                      "Total Cost": 43899.32,
                      "Plan Rows": 3561,
                      "Plan Width": 4,
                      "Actual Startup Time": 0.287,
                      "Actual Total Time": 84.201,
                      "Actual Rows": 2888,
                      "Actual Loops": 5,
                      "Filter": "(production_year = 1971)",
                      "Rows Removed by Filter": 502774
                    },
                    {
                      "Node Type": "Index Scan",
                      "Parent Relationship": "Inner",
                      "Parallel Aware": false,
                      "Scan Direction": "Forward",
                      "Index Name": "movie_id_movie_keyword",
                      "Relation Name": "movie_keyword",
                      "Alias": "mk",
                      "Startup Cost": 0.43,
                      "Total Cost": 7.45,
                      "Plan Rows": 28,
                      "Plan Width": 4,
                      "Actual Startup Time": 0.007,
                      "Actual Total Time": 0.007,
                      "Actual Rows": 1,
                      "Actual Loops": 14442,
                      "Index Cond": "(movie_id = t.id)",
                      "Rows Removed by Index Recheck": 0,
                      "Filter": "(keyword_id < 7771)",
                      "Rows Removed by Filter": 1
                    }
                  ]
                }
              ]
            }
          ]
        }
      ]
    },
    "Planning Time": 0.646,
    "Triggers": [],
    "Execution Time": 132.179
  }
]