{
    "Plan": {
        "Node Type": "Aggregate",
        "Strategy": "Plain",
        "Partial Mode": "Finalize",
        "Parallel Aware": false,
        "Startup Cost": 46992.0,
        "Total Cost": 46992.01,
        "Plan Rows": 1,
        "Plan Width": 8,
        "Actual Startup Time": 106.237,
        "Actual Total Time": 115.533,
        "Actual Rows": 1,
        "Actual Loops": 1,
        "Output": [
            "count(*)"
        ],
        "Plans": [
            {
                "Node Type": "Gather",
                "Parent Relationship": "Outer",
                "Parallel Aware": false,
                "Startup Cost": 46991.69,
                "Total Cost": 46992.0,
                "Plan Rows": 3,
                "Plan Width": 8,
                "Actual Startup Time": 90.819,
                "Actual Total Time": 115.523,
                "Actual Rows": 4,
                "Actual Loops": 1,
                "Output": [
                    "(PARTIAL count(*))"
                ],
                "Workers Planned": 3,
                "Workers Launched": 3,
                "Single Copy": false,
                "Plans": [
                    {
                        "Node Type": "Aggregate",
                        "Strategy": "Plain",
                        "Partial Mode": "Partial",
                        "Parent Relationship": "Outer",
                        "Parallel Aware": false,
                        "Startup Cost": 45991.69,
                        "Total Cost": 45991.7,
                        "Plan Rows": 1,
                        "Plan Width": 8,
                        "Actual Startup Time": 93.153,
                        "Actual Total Time": 93.156,
                        "Actual Rows": 1,
                        "Actual Loops": 4,
                        "Output": [
                            "PARTIAL count(*)"
                        ],
                        "Workers": [
                            {
                                "Worker Number": 0,
                                "Actual Startup Time": 93.905,
                                "Actual Total Time": 93.907,
                                "Actual Rows": 1,
                                "Actual Loops": 1
                            },
                            {
                                "Worker Number": 1,
                                "Actual Startup Time": 94.43,
                                "Actual Total Time": 94.432,
                                "Actual Rows": 1,
                                "Actual Loops": 1
                            },
                            {
                                "Worker Number": 2,
                                "Actual Startup Time": 94.196,
                                "Actual Total Time": 94.199,
                                "Actual Rows": 1,
                                "Actual Loops": 1
                            }
                        ],
                        "Plans": [
                            {
                                "Node Type": "Nested Loop",
                                "Parent Relationship": "Outer",
                                "Parallel Aware": false,
                                "Join Type": "Inner",
                                "Startup Cost": 45506.58,
                                "Total Cost": 45991.64,
                                "Plan Rows": 19,
                                "Plan Width": 0,
                                "Actual Startup Time": 92.888,
                                "Actual Total Time": 93.149,
                                "Actual Rows": 2,
                                "Actual Loops": 4,
                                "Inner Unique": true,
                                "Workers": [
                                    {
                                        "Worker Number": 0,
                                        "Actual Startup Time": 93.77,
                                        "Actual Total Time": 93.901,
                                        "Actual Rows": 1,
                                        "Actual Loops": 1
                                    },
                                    {
                                        "Worker Number": 1,
                                        "Actual Startup Time": 93.917,
                                        "Actual Total Time": 94.423,
                                        "Actual Rows": 6,
                                        "Actual Loops": 1
                                    },
                                    {
                                        "Worker Number": 2,
                                        "Actual Startup Time": 94.192,
                                        "Actual Total Time": 94.194,
                                        "Actual Rows": 0,
                                        "Actual Loops": 1
                                    }
                                ],
                                "Plans": [
                                    {
                                        "Node Type": "Merge Join",
                                        "Parent Relationship": "Outer",
                                        "Parallel Aware": false,
                                        "Join Type": "Inner",
                                        "Startup Cost": 45506.15,
                                        "Total Cost": 45586.13,
                                        "Plan Rows": 99,
                                        "Plan Width": 8,
                                        "Actual Startup Time": 92.838,
                                        "Actual Total Time": 93.055,
                                        "Actual Rows": 2,
                                        "Actual Loops": 4,
                                        "Output": [
                                            "mc.movie_id",
                                            "mk.movie_id"
                                        ],
                                        "Inner Unique": false,
                                        "Merge Cond": "(mc.movie_id = mk.movie_id)",
                                        "Workers": [
                                            {
                                                "Worker Number": 0,
                                                "Actual Startup Time": 93.699,
                                                "Actual Total Time": 93.829,
                                                "Actual Rows": 1,
                                                "Actual Loops": 1
                                            },
                                            {
                                                "Worker Number": 1,
                                                "Actual Startup Time": 93.824,
                                                "Actual Total Time": 94.175,
                                                "Actual Rows": 6,
                                                "Actual Loops": 1
                                            },
                                            {
                                                "Worker Number": 2,
                                                "Actual Startup Time": 94.191,
                                                "Actual Total Time": 94.193,
                                                "Actual Rows": 0,
                                                "Actual Loops": 1
                                            }
                                        ],
                                        "Plans": [
                                            {
                                                "Node Type": "Sort",
                                                "Parent Relationship": "Outer",
                                                "Parallel Aware": false,
                                                "Startup Cost": 30103.28,
                                                "Total Cost": 30132.6,
                                                "Plan Rows": 11727,
                                                "Plan Width": 4,
                                                "Actual Startup Time": 73.115,
                                                "Actual Total Time": 73.457,
                                                "Actual Rows": 9034,
                                                "Actual Loops": 4,
                                                "Output": [
                                                    "mc.movie_id"
                                                ],
                                                "Sort Key": [
                                                    "mc.movie_id"
                                                ],
                                                "Sort Method": "quicksort",
                                                "Sort Space Used": 1101,
                                                "Sort Space Type": "Memory",
                                                "Workers": [
                                                    {
                                                        "Worker Number": 0,
                                                        "Actual Startup Time": 69.92,
                                                        "Actual Total Time": 70.137,
                                                        "Actual Rows": 6547,
                                                        "Actual Loops": 1
                                                    },
                                                    {
                                                        "Worker Number": 1,
                                                        "Actual Startup Time": 70.267,
                                                        "Actual Total Time": 70.499,
                                                        "Actual Rows": 6978,
                                                        "Actual Loops": 1
                                                    },
                                                    {
                                                        "Worker Number": 2,
                                                        "Actual Startup Time": 70.289,
                                                        "Actual Total Time": 70.531,
                                                        "Actual Rows": 7334,
                                                        "Actual Loops": 1
                                                    }
                                                ],
                                                "Plans": [
                                                    {
                                                        "Node Type": "Seq Scan",
                                                        "Parent Relationship": "Outer",
                                                        "Parallel Aware": true,
                                                        "Relation Name": "movie_companies",
                                                        "Schema": "public",
                                                        "Alias": "mc",
                                                        "Startup Cost": 0.0,
                                                        "Total Cost": 29310.68,
                                                        "Plan Rows": 11727,
                                                        "Plan Width": 4,
                                                        "Actual Startup Time": 0.206,
                                                        "Actual Total Time": 69.73,
                                                        "Actual Rows": 9034,
                                                        "Actual Loops": 4,
                                                        "Output": [
                                                            "mc.movie_id"
                                                        ],
                                                        "Filter": "(mc.company_id = 160)",
                                                        "Rows Removed by Filter": 643248,
                                                        "Workers": [
                                                            {
                                                                "Worker Number": 0,
                                                                "Actual Startup Time": 0.361,
                                                                "Actual Total Time": 67.035,
                                                                "Actual Rows": 6547,
                                                                "Actual Loops": 1
                                                            },
                                                            {
                                                                "Worker Number": 1,
                                                                "Actual Startup Time": 0.171,
                                                                "Actual Total Time": 67.175,
                                                                "Actual Rows": 6978,
                                                                "Actual Loops": 1
                                                            },
                                                            {
                                                                "Worker Number": 2,
                                                                "Actual Startup Time": 0.066,
                                                                "Actual Total Time": 66.999,
                                                                "Actual Rows": 7334,
                                                                "Actual Loops": 1
                                                            }
                                                        ]
                                                    }
                                                ]
                                            },
                                            {
                                                "Node Type": "Sort",
                                                "Parent Relationship": "Inner",
                                                "Parallel Aware": false,
                                                "Startup Cost": 15402.87,
                                                "Total Cost": 15413.05,
                                                "Plan Rows": 4072,
                                                "Plan Width": 4,
                                                "Actual Startup Time": 18.737,
                                                "Actual Total Time": 18.88,
                                                "Actual Rows": 4021,
                                                "Actual Loops": 4,
                                                "Output": [
                                                    "mk.movie_id"
                                                ],
                                                "Sort Key": [
                                                    "mk.movie_id"
                                                ],
                                                "Sort Method": "quicksort",
                                                "Sort Space Used": 286,
                                                "Sort Space Type": "Memory",
                                                "Workers": [
                                                    {
                                                        "Worker Number": 0,
                                                        "Actual Startup Time": 23.03,
                                                        "Actual Total Time": 23.162,
                                                        "Actual Rows": 4035,
                                                        "Actual Loops": 1
                                                    },
                                                    {
                                                        "Worker Number": 1,
                                                        "Actual Startup Time": 22.985,
                                                        "Actual Total Time": 23.124,
                                                        "Actual Rows": 4014,
                                                        "Actual Loops": 1
                                                    },
                                                    {
                                                        "Worker Number": 2,
                                                        "Actual Startup Time": 22.975,
                                                        "Actual Total Time": 23.105,
                                                        "Actual Rows": 4017,
                                                        "Actual Loops": 1
                                                    }
                                                ],
                                                "Plans": [
                                                    {
                                                        "Node Type": "Index Scan",
                                                        "Parent Relationship": "Outer",
                                                        "Parallel Aware": false,
                                                        "Scan Direction": "Forward",
                                                        "Index Name": "keyword_id_movie_keyword",
                                                        "Relation Name": "movie_keyword",
                                                        "Schema": "public",
                                                        "Alias": "mk",
                                                        "Startup Cost": 0.43,
                                                        "Total Cost": 15158.72,
                                                        "Plan Rows": 4072,
                                                        "Plan Width": 4,
                                                        "Actual Startup Time": 0.105,
                                                        "Actual Total Time": 17.435,
                                                        "Actual Rows": 4036,
                                                        "Actual Loops": 4,
                                                        "Output": [
                                                            "mk.movie_id"
                                                        ],
                                                        "Index Cond": "(mk.keyword_id = 7763)",
                                                        "Rows Removed by Index Recheck": 0,
                                                        "Workers": [
                                                            {
                                                                "Worker Number": 0,
                                                                "Actual Startup Time": 0.161,
                                                                "Actual Total Time": 21.499,
                                                                "Actual Rows": 4036,
                                                                "Actual Loops": 1
                                                            },
                                                            {
                                                                "Worker Number": 1,
                                                                "Actual Startup Time": 0.121,
                                                                "Actual Total Time": 21.47,
                                                                "Actual Rows": 4036,
                                                                "Actual Loops": 1
                                                            },
                                                            {
                                                                "Worker Number": 2,
                                                                "Actual Startup Time": 0.106,
                                                                "Actual Total Time": 21.457,
                                                                "Actual Rows": 4036,
                                                                "Actual Loops": 1
                                                            }
                                                        ]
                                                    }
                                                ]
                                            }
                                        ]
                                    },
                                    {
                                        "Node Type": "Index Only Scan",
                                        "Parent Relationship": "Inner",
                                        "Parallel Aware": false,
                                        "Scan Direction": "Forward",
                                        "Index Name": "title_pkey",
                                        "Relation Name": "title",
                                        "Schema": "public",
                                        "Alias": "t",
                                        "Startup Cost": 0.43,
                                        "Total Cost": 4.1,
                                        "Plan Rows": 1,
                                        "Plan Width": 4,
                                        "Actual Startup Time": 0.036,
                                        "Actual Total Time": 0.036,
                                        "Actual Rows": 1,
                                        "Actual Loops": 10,
                                        "Output": [
                                            "t.id"
                                        ],
                                        "Index Cond": "(t.id = mc.movie_id)",
                                        "Rows Removed by Index Recheck": 0,
                                        "Heap Fetches": 10,
                                        "Workers": [
                                            {
                                                "Worker Number": 0,
                                                "Actual Startup Time": 0.067,
                                                "Actual Total Time": 0.067,
                                                "Actual Rows": 1,
                                                "Actual Loops": 1
                                            },
                                            {
                                                "Worker Number": 1,
                                                "Actual Startup Time": 0.04,
                                                "Actual Total Time": 0.04,
                                                "Actual Rows": 1,
                                                "Actual Loops": 6
                                            }
                                        ]
                                    }
                                ]
                            }
                        ]
                    }
                ]
            }
        ]
    },
    "Planning Time": 1.613,
    "Triggers": [],
    "Execution Time": 115.638
}