[
  {
    "Plan": {
      "Node Type": "Aggregate",
      "Strategy": "Plain",
      "Partial Mode": "Finalize",
      "Parallel Aware": false,
      "Startup Cost": 82066.69,
      "Total Cost": 82066.7,
      "Plan Rows": 1,
      "Plan Width": 8,
      "Actual Startup Time": 279.333,
      "Actual Total Time": 293.719,
      "Actual Rows": 1,
      "Actual Loops": 1,
      "Plans": [
        {
          "Node Type": "Gather",
          "Parent Relationship": "Outer",
          "Parallel Aware": false,
          "Startup Cost": 82066.38,
          "Total Cost": 82066.69,
          "Plan Rows": 3,
          "Plan Width": 8,
          "Actual Startup Time": 276.028,
          "Actual Total Time": 293.709,
          "Actual Rows": 4,
          "Actual Loops": 1,
          "Workers Planned": 3,
          "Workers Launched": 3,
          "Single Copy": false,
          "Plans": [
            {
              "Node Type": "Aggregate",
              "Strategy": "Plain",
              "Partial Mode": "Partial",
              "Parent Relationship": "Outer",
              "Parallel Aware": false,
              "Startup Cost": 81066.38,
              "Total Cost": 81066.39,
              "Plan Rows": 1,
              "Plan Width": 8,
              "Actual Startup Time": 269.762,
              "Actual Total Time": 269.766,
              "Actual Rows": 1,
              "Actual Loops": 4,
              "Plans": [
                {
                  "Node Type": "Hash Join",
                  "Parent Relationship": "Outer",
                  "Parallel Aware": true,
                  "Join Type": "Inner",
                  "Startup Cost": 54813.39,
                  "Total Cost": 81001.26,
                  "Plan Rows": 26046,
                  "Plan Width": 0,
                  "Actual Startup Time": 190.888,
                  "Actual Total Time": 266.566,
                  "Actual Rows": 57656,
                  "Actual Loops": 4,
                  "Inner Unique": true,
                  "Hash Cond": "(mk.movie_id = t.id)",
                  "Plans": [
                    {
                      "Node Type": "Bitmap Heap Scan",
                      "Parent Relationship": "Outer",
                      "Parallel Aware": true,
                      "Relation Name": "movie_keyword",
                      "Alias": "mk",
                      "Startup Cost": 7538.57,
                      "Total Cost": 33425.52,
                      "Plan Rows": 114636,
                      "Plan Width": 4,
                      "Actual Startup Time": 29.838,
                      "Actual Total Time": 79.792,
                      "Actual Rows": 88554,
                      "Actual Loops": 4,
                      "Recheck Cond": "(keyword_id > 47127)",
                      "Rows Removed by Index Recheck": 0,
                      "Exact Heap Blocks": 6915,
                      "Lossy Heap Blocks": 0,
                      "Plans": [
                        {
                          "Node Type": "Bitmap Index Scan",
                          "Parent Relationship": "Outer",
                          "Parallel Aware": false,
                          "Index Name": "keyword_id_movie_keyword",
                          "Startup Cost": 0.0,
                          "Total Cost": 7449.72,
                          "Plan Rows": 355372,
                          "Plan Width": 0,
                          "Actual Startup Time": 26.519,
                          "Actual Total Time": 26.52,
                          "Actual Rows": 354217,
                          "Actual Loops": 1,
                          "Index Cond": "(keyword_id > 47127)"
                        }
                      ]
                    },
                    {
                      "Node Type": "Hash",
                      "Parent Relationship": "Inner",
                      "Parallel Aware": true,
                      "Startup Cost": 45479.59,
                      "Total Cost": 45479.59,
                      "Plan Rows": 143619,
                      "Plan Width": 4,
                      "Actual Startup Time": 157.711,
                      "Actual Total Time": 157.712,
                      "Actual Rows": 149290,
                      "Actual Loops": 4,
                      "Hash Buckets": 1048576,
                      "Original Hash Buckets": 1048576,
                      "Hash Batches": 1,
                      "Original Hash Batches": 1,
                      "Peak Memory Usage": 31648,
                      "Plans": [
                        {
                          "Node Type": "Seq Scan",
                          "Parent Relationship": "Outer",
                          "Parallel Aware": true,
                          "Relation Name": "title",
                          "Alias": "t",
                          "Startup Cost": 0.0,
                          "Total Cost": 45479.59,
                          "Plan Rows": 143619,
                          "Plan Width": 4,
                          "Actual Startup Time": 0.037,
                          "Actual Total Time": 102.317,
                          "Actual Rows": 149290,
                          "Actual Loops": 4,
                          "Filter": "((kind_id < 3) AND (production_year < 2010))",
                          "Rows Removed by Filter": 482788
                        }
                      ]
                    }
                  ]
                }
              ]
            }
          ]
        }
      ]
    },
    "Planning Time": 0.302,
    "Triggers": [],
    "Execution Time": 293.77
  }
]