[
    {
        "Bao": {
            "Bao prediction": "NaN",
            "Bao recommended hint": "(no hint)"
        }
    },
    {
        "Plan": {
            "Node Type": "Aggregate",
            "Strategy": "Plain",
            "Partial Mode": "Finalize",
            "Parallel Aware": false,
            "Startup Cost": 399067.13,
            "Total Cost": 399067.14,
            "Plan Rows": 1,
            "Plan Width": 8,
            "Actual Startup Time": 2484.175,
            "Actual Total Time": 2518.967,
            "Actual Rows": 1,
            "Actual Loops": 1,
            "Output": [
                "count(*)"
            ],
            "Plans": [
                {
                    "Node Type": "Gather",
                    "Parent Relationship": "Outer",
                    "Parallel Aware": false,
                    "Startup Cost": 399066.51,
                    "Total Cost": 399067.12,
                    "Plan Rows": 6,
                    "Plan Width": 8,
                    "Actual Startup Time": 2468.573,
                    "Actual Total Time": 2518.956,
                    "Actual Rows": 7,
                    "Actual Loops": 1,
                    "Output": [
                        "(PARTIAL count(*))"
                    ],
                    "Workers Planned": 6,
                    "Workers Launched": 6,
                    "Single Copy": false,
                    "Plans": [
                        {
                            "Node Type": "Aggregate",
                            "Strategy": "Plain",
                            "Partial Mode": "Partial",
                            "Parent Relationship": "Outer",
                            "Parallel Aware": false,
                            "Startup Cost": 398066.51,
                            "Total Cost": 398066.52,
                            "Plan Rows": 1,
                            "Plan Width": 8,
                            "Actual Startup Time": 2458.307,
                            "Actual Total Time": 2458.31,
                            "Actual Rows": 1,
                            "Actual Loops": 7,
                            "Output": [
                                "PARTIAL count(*)"
                            ],
                            "Workers": [
                                {
                                    "Worker Number": 0,
                                    "Actual Startup Time": 2455.879,
                                    "Actual Total Time": 2455.882,
                                    "Actual Rows": 1,
                                    "Actual Loops": 1
                                },
                                {
                                    "Worker Number": 1,
                                    "Actual Startup Time": 2456.0,
                                    "Actual Total Time": 2456.003,
                                    "Actual Rows": 1,
                                    "Actual Loops": 1
                                },
                                {
                                    "Worker Number": 2,
                                    "Actual Startup Time": 2456.611,
                                    "Actual Total Time": 2456.613,
                                    "Actual Rows": 1,
                                    "Actual Loops": 1
                                },
                                {
                                    "Worker Number": 3,
                                    "Actual Startup Time": 2456.753,
                                    "Actual Total Time": 2456.755,
                                    "Actual Rows": 1,
                                    "Actual Loops": 1
                                },
                                {
                                    "Worker Number": 4,
                                    "Actual Startup Time": 2456.9,
                                    "Actual Total Time": 2456.902,
                                    "Actual Rows": 1,
                                    "Actual Loops": 1
                                },
                                {
                                    "Worker Number": 5,
                                    "Actual Startup Time": 2458.032,
                                    "Actual Total Time": 2458.035,
                                    "Actual Rows": 1,
                                    "Actual Loops": 1
                                }
                            ],
                            "Plans": [
                                {
                                    "Node Type": "Hash Join",
                                    "Parent Relationship": "Outer",
                                    "Parallel Aware": true,
                                    "Join Type": "Inner",
                                    "Startup Cost": 49487.33,
                                    "Total Cost": 389869.58,
                                    "Plan Rows": 3278771,
                                    "Plan Width": 0,
                                    "Actual Startup Time": 291.819,
                                    "Actual Total Time": 2310.944,
                                    "Actual Rows": 2725890,
                                    "Actual Loops": 7,
                                    "Inner Unique": true,
                                    "Hash Cond": "(ci.movie_id = t.id)",
                                    "Workers": [
                                        {
                                            "Worker Number": 0,
                                            "Actual Startup Time": 289.586,
                                            "Actual Total Time": 2293.61,
                                            "Actual Rows": 2263954,
                                            "Actual Loops": 1
                                        },
                                        {
                                            "Worker Number": 1,
                                            "Actual Startup Time": 289.704,
                                            "Actual Total Time": 2306.24,
                                            "Actual Rows": 2390620,
                                            "Actual Loops": 1
                                        },
                                        {
                                            "Worker Number": 2,
                                            "Actual Startup Time": 290.296,
                                            "Actual Total Time": 2299.599,
                                            "Actual Rows": 2427898,
                                            "Actual Loops": 1
                                        },
                                        {
                                            "Worker Number": 3,
                                            "Actual Startup Time": 290.397,
                                            "Actual Total Time": 2325.385,
                                            "Actual Rows": 2936120,
                                            "Actual Loops": 1
                                        },
                                        {
                                            "Worker Number": 4,
                                            "Actual Startup Time": 290.547,
                                            "Actual Total Time": 2319.287,
                                            "Actual Rows": 3140195,
                                            "Actual Loops": 1
                                        },
                                        {
                                            "Worker Number": 5,
                                            "Actual Startup Time": 290.577,
                                            "Actual Total Time": 2304.201,
                                            "Actual Rows": 2563194,
                                            "Actual Loops": 1
                                        }
                                    ],
                                    "Plans": [
                                        {
                                            "Node Type": "Seq Scan",
                                            "Parent Relationship": "Outer",
                                            "Parallel Aware": true,
                                            "Relation Name": "cast_info",
                                            "Schema": "public",
                                            "Alias": "ci",
                                            "Startup Cost": 0.0,
                                            "Total Cost": 328213.62,
                                            "Plan Rows": 4635660,
                                            "Plan Width": 4,
                                            "Actual Startup Time": 88.095,
                                            "Actual Total Time": 640.563,
                                            "Actual Rows": 3949084,
                                            "Actual Loops": 7,
                                            "Output": [
                                                "ci.id",
                                                "ci.person_id",
                                                "ci.movie_id",
                                                "ci.person_role_id",
                                                "ci.note",
                                                "ci.nr_order",
                                                "ci.role_id"
                                            ],
                                            "Filter": "(ci.person_id > 845264)",
                                            "Rows Removed by Filter": 1228680,
                                            "Workers": [
                                                {
                                                    "Worker Number": 0,
                                                    "Actual Startup Time": 88.043,
                                                    "Actual Total Time": 689.113,
                                                    "Actual Rows": 3251950,
                                                    "Actual Loops": 1
                                                },
                                                {
                                                    "Worker Number": 1,
                                                    "Actual Startup Time": 88.187,
                                                    "Actual Total Time": 651.321,
                                                    "Actual Rows": 3471331,
                                                    "Actual Loops": 1
                                                },
                                                {
                                                    "Worker Number": 2,
                                                    "Actual Startup Time": 88.156,
                                                    "Actual Total Time": 681.698,
                                                    "Actual Rows": 3542196,
                                                    "Actual Loops": 1
                                                },
                                                {
                                                    "Worker Number": 3,
                                                    "Actual Startup Time": 88.069,
                                                    "Actual Total Time": 598.647,
                                                    "Actual Rows": 4257149,
                                                    "Actual Loops": 1
                                                },
                                                {
                                                    "Worker Number": 4,
                                                    "Actual Startup Time": 88.179,
                                                    "Actual Total Time": 623.676,
                                                    "Actual Rows": 4515289,
                                                    "Actual Loops": 1
                                                },
                                                {
                                                    "Worker Number": 5,
                                                    "Actual Startup Time": 88.022,
                                                    "Actual Total Time": 671.184,
                                                    "Actual Rows": 3729302,
                                                    "Actual Loops": 1
                                                }
                                            ]
                                        },
                                        {
                                            "Node Type": "Hash",
                                            "Parent Relationship": "Inner",
                                            "Parallel Aware": true,
                                            "Startup Cost": 43899.01,
                                            "Total Cost": 43899.01,
                                            "Plan Rows": 447066,
                                            "Plan Width": 4,
                                            "Actual Startup Time": 200.085,
                                            "Actual Total Time": 200.086,
                                            "Actual Rows": 256308,
                                            "Actual Loops": 7,
                                            "Output": [
                                                "t.id"
                                            ],
                                            "Hash Buckets": 2097152,
                                            "Original Hash Buckets": 2097152,
                                            "Hash Batches": 1,
                                            "Original Hash Batches": 1,
                                            "Peak Memory Usage": 86688,
                                            "Workers": [
                                                {
                                                    "Worker Number": 0,
                                                    "Actual Startup Time": 200.615,
                                                    "Actual Total Time": 200.616,
                                                    "Actual Rows": 212070,
                                                    "Actual Loops": 1
                                                },
                                                {
                                                    "Worker Number": 1,
                                                    "Actual Startup Time": 200.775,
                                                    "Actual Total Time": 200.776,
                                                    "Actual Rows": 203311,
                                                    "Actual Loops": 1
                                                },
                                                {
                                                    "Worker Number": 2,
                                                    "Actual Startup Time": 201.292,
                                                    "Actual Total Time": 201.292,
                                                    "Actual Rows": 193111,
                                                    "Actual Loops": 1
                                                },
                                                {
                                                    "Worker Number": 3,
                                                    "Actual Startup Time": 201.326,
                                                    "Actual Total Time": 201.327,
                                                    "Actual Rows": 266537,
                                                    "Actual Loops": 1
                                                },
                                                {
                                                    "Worker Number": 4,
                                                    "Actual Startup Time": 201.463,
                                                    "Actual Total Time": 201.465,
                                                    "Actual Rows": 294112,
                                                    "Actual Loops": 1
                                                },
                                                {
                                                    "Worker Number": 5,
                                                    "Actual Startup Time": 201.492,
                                                    "Actual Total Time": 201.493,
                                                    "Actual Rows": 209992,
                                                    "Actual Loops": 1
                                                }
                                            ],
                                            "Plans": [
                                                {
                                                    "Node Type": "Seq Scan",
                                                    "Parent Relationship": "Outer",
                                                    "Parallel Aware": true,
                                                    "Relation Name": "title",
                                                    "Schema": "public",
                                                    "Alias": "t",
                                                    "Startup Cost": 0.0,
                                                    "Total Cost": 43899.01,
                                                    "Plan Rows": 447066,
                                                    "Plan Width": 4,
                                                    "Actual Startup Time": 0.046,
                                                    "Actual Total Time": 85.27,
                                                    "Actual Rows": 256308,
                                                    "Actual Loops": 7,
                                                    "Output": [
                                                        "t.id"
                                                    ],
                                                    "Filter": "(t.production_year < 2009)",
                                                    "Rows Removed by Filter": 104880,
                                                    "Workers": [
                                                        {
                                                            "Worker Number": 0,
                                                            "Actual Startup Time": 0.058,
                                                            "Actual Total Time": 90.517,
                                                            "Actual Rows": 212070,
                                                            "Actual Loops": 1
                                                        },
                                                        {
                                                            "Worker Number": 1,
                                                            "Actual Startup Time": 0.028,
                                                            "Actual Total Time": 87.597,
                                                            "Actual Rows": 203311,
                                                            "Actual Loops": 1
                                                        },
                                                        {
                                                            "Worker Number": 2,
                                                            "Actual Startup Time": 0.067,
                                                            "Actual Total Time": 90.532,
                                                            "Actual Rows": 193111,
                                                            "Actual Loops": 1
                                                        },
                                                        {
                                                            "Worker Number": 3,
                                                            "Actual Startup Time": 0.045,
                                                            "Actual Total Time": 82.419,
                                                            "Actual Rows": 266537,
                                                            "Actual Loops": 1
                                                        },
                                                        {
                                                            "Worker Number": 4,
                                                            "Actual Startup Time": 0.049,
                                                            "Actual Total Time": 84.073,
                                                            "Actual Rows": 294112,
                                                            "Actual Loops": 1
                                                        },
                                                        {
                                                            "Worker Number": 5,
                                                            "Actual Startup Time": 0.062,
                                                            "Actual Total Time": 89.213,
                                                            "Actual Rows": 209992,
                                                            "Actual Loops": 1
                                                        }
                                                    ]
                                                }
                                            ]
                                        }
                                    ]
                                }
                            ]
                        }
                    ]
                }
            ]
        },
        "Planning Time": 187.457,
        "Triggers": [],
        "Execution Time": 2519.068
    }
]