[
  {
    "Plan": {
      "Node Type": "Aggregate",
      "Strategy": "Plain",
      "Partial Mode": "Finalize",
      "Parallel Aware": false,
      "Startup Cost": 28572.66,
      "Total Cost": 28572.67,
      "Plan Rows": 1,
      "Plan Width": 8,
      "Actual Startup Time": 35.34,
      "Actual Total Time": 40.547,
      "Actual Rows": 1,
      "Actual Loops": 1,
      "Plans": [
        {
          "Node Type": "Gather",
          "Parent Relationship": "Outer",
          "Parallel Aware": false,
          "Startup Cost": 28572.44,
          "Total Cost": 28572.65,
          "Plan Rows": 2,
          "Plan Width": 8,
          "Actual Startup Time": 35.108,
          "Actual Total Time": 40.541,
          "Actual Rows": 3,
          "Actual Loops": 1,
          "Workers Planned": 2,
          "Workers Launched": 2,
          "Single Copy": false,
          "Plans": [
            {
              "Node Type": "Aggregate",
              "Strategy": "Plain",
              "Partial Mode": "Partial",
              "Parent Relationship": "Outer",
              "Parallel Aware": false,
              "Startup Cost": 27572.44,
              "Total Cost": 27572.45,
              "Plan Rows": 1,
              "Plan Width": 8,
              "Actual Startup Time": 26.908,
              "Actual Total Time": 26.909,
              "Actual Rows": 1,
              "Actual Loops": 3,
              "Plans": [
                {
                  "Node Type": "Nested Loop",
                  "Parent Relationship": "Outer",
                  "Parallel Aware": false,
                  "Join Type": "Inner",
                  "Startup Cost": 107.43,
                  "Total Cost": 27569.32,
                  "Plan Rows": 1250,
                  "Plan Width": 0,
                  "Actual Startup Time": 2.012,
                  "Actual Total Time": 26.807,
                  "Actual Rows": 395,
                  "Actual Loops": 3,
                  "Inner Unique": true,
                  "Plans": [
                    {
                      "Node Type": "Bitmap Heap Scan",
                      "Parent Relationship": "Outer",
                      "Parallel Aware": true,
                      "Relation Name": "movie_keyword",
                      "Alias": "mk",
                      "Startup Cost": 107.0,
                      "Total Cost": 12376.91,
                      "Plan Rows": 2073,
                      "Plan Width": 4,
                      "Actual Startup Time": 1.815,
                      "Actual Total Time": 8.626,
                      "Actual Rows": 1467,
                      "Actual Loops": 3,
                      "Recheck Cond": "(keyword_id = 7637)",
                      "Rows Removed by Index Recheck": 0,
                      "Exact Heap Blocks": 2398,
                      "Lossy Heap Blocks": 0,
                      "Plans": [
                        {
                          "Node Type": "Bitmap Index Scan",
                          "Parent Relationship": "Outer",
                          "Parallel Aware": false,
                          "Index Name": "keyword_id_movie_keyword",
                          "Startup Cost": 0.0,
                          "Total Cost": 105.75,
                          "Plan Rows": 4976,
                          "Plan Width": 0,
                          "Actual Startup Time": 3.617,
                          "Actual Total Time": 3.617,
                          "Actual Rows": 4400,
                          "Actual Loops": 1,
                          "Index Cond": "(keyword_id = 7637)"
                        }
                      ]
                    },
                    {
                      "Node Type": "Index Scan",
                      "Parent Relationship": "Inner",
                      "Parallel Aware": false,
                      "Scan Direction": "Forward",
                      "Index Name": "title_pkey",
                      "Relation Name": "title",
                      "Alias": "t",
                      "Startup Cost": 0.43,
                      "Total Cost": 7.33,
                      "Plan Rows": 1,
                      "Plan Width": 4,
                      "Actual Startup Time": 0.012,
                      "Actual Total Time": 0.012,
                      "Actual Rows": 0,
                      "Actual Loops": 4400,
                      "Index Cond": "(id = mk.movie_id)",
                      "Rows Removed by Index Recheck": 0,
                      "Filter": "((kind_id > 1) AND (production_year < 2011))",
                      "Rows Removed by Filter": 1
                    }
                  ]
                }
              ]
            }
          ]
        }
      ]
    },
    "Planning Time": 0.644,
    "Triggers": [],
    "Execution Time": 40.636
  }
]