[
  {
    "Plan": {
      "Node Type": "Aggregate",
      "Strategy": "Plain",
      "Partial Mode": "Finalize",
      "Parallel Aware": false,
      "Startup Cost": 32735.94,
      "Total Cost": 32735.95,
      "Plan Rows": 1,
      "Plan Width": 8,
      "Actual Startup Time": 90.336,
      "Actual Total Time": 96.2,
      "Actual Rows": 1,
      "Actual Loops": 1,
      "Plans": [
        {
          "Node Type": "Gather",
          "Parent Relationship": "Outer",
          "Parallel Aware": false,
          "Startup Cost": 32735.62,
          "Total Cost": 32735.93,
          "Plan Rows": 3,
          "Plan Width": 8,
          "Actual Startup Time": 90.204,
          "Actual Total Time": 96.191,
          "Actual Rows": 4,
          "Actual Loops": 1,
          "Workers Planned": 3,
          "Workers Launched": 3,
          "Single Copy": false,
          "Plans": [
            {
              "Node Type": "Aggregate",
              "Strategy": "Plain",
              "Partial Mode": "Partial",
              "Parent Relationship": "Outer",
              "Parallel Aware": false,
              "Startup Cost": 31735.62,
              "Total Cost": 31735.63,
              "Plan Rows": 1,
              "Plan Width": 8,
              "Actual Startup Time": 81.346,
              "Actual Total Time": 81.347,
              "Actual Rows": 1,
              "Actual Loops": 4,
              "Plans": [
                {
                  "Node Type": "Seq Scan",
                  "Parent Relationship": "Outer",
                  "Parallel Aware": true,
                  "Relation Name": "movie_companies",
                  "Alias": "mc",
                  "Startup Cost": 0.0,
                  "Total Cost": 31414.82,
                  "Plan Rows": 128320,
                  "Plan Width": 0,
                  "Actual Startup Time": 29.303,
                  "Actual Total Time": 80.292,
                  "Actual Rows": 18225,
                  "Actual Loops": 4,
                  "Filter": "((company_id > 30109) AND (company_type_id = 1))",
                  "Rows Removed by Filter": 634057
                }
              ]
            }
          ]
        }
      ]
    },
    "Planning Time": 0.236,
    "Triggers": [],
    "Execution Time": 96.267
  }
]