[
  {
    "Plan": {
      "Node Type": "Aggregate",
      "Strategy": "Plain",
      "Partial Mode": "Finalize",
      "Parallel Aware": false,
      "Startup Cost": 32728.19,
      "Total Cost": 32728.2,
      "Plan Rows": 1,
      "Plan Width": 8,
      "Actual Startup Time": 91.447,
      "Actual Total Time": 101.346,
      "Actual Rows": 1,
      "Actual Loops": 1,
      "Plans": [
        {
          "Node Type": "Gather",
          "Parent Relationship": "Outer",
          "Parallel Aware": false,
          "Startup Cost": 32727.87,
          "Total Cost": 32728.18,
          "Plan Rows": 3,
          "Plan Width": 8,
          "Actual Startup Time": 91.225,
          "Actual Total Time": 101.337,
          "Actual Rows": 4,
          "Actual Loops": 1,
          "Workers Planned": 3,
          "Workers Launched": 3,
          "Single Copy": false,
          "Plans": [
            {
              "Node Type": "Aggregate",
              "Strategy": "Plain",
              "Partial Mode": "Partial",
              "Parent Relationship": "Outer",
              "Parallel Aware": false,
              "Startup Cost": 31727.87,
              "Total Cost": 31727.88,
              "Plan Rows": 1,
              "Plan Width": 8,
              "Actual Startup Time": 82.918,
              "Actual Total Time": 82.919,
              "Actual Rows": 1,
              "Actual Loops": 4,
              "Plans": [
                {
                  "Node Type": "Seq Scan",
                  "Parent Relationship": "Outer",
                  "Parallel Aware": true,
                  "Relation Name": "movie_companies",
                  "Alias": "mc",
                  "Startup Cost": 0.0,
                  "Total Cost": 31414.82,
                  "Plan Rows": 125221,
                  "Plan Width": 0,
                  "Actual Startup Time": 28.43,
                  "Actual Total Time": 81.823,
                  "Actual Rows": 18225,
                  "Actual Loops": 4,
                  "Filter": "((company_id > 30109) AND (company_type_id = 1))",
                  "Rows Removed by Filter": 634057
                }
              ]
            }
          ]
        }
      ]
    },
    "Planning Time": 0.211,
    "Triggers": [],
    "Execution Time": 101.408
  }
]