[
  {
    "Plan": {
      "Node Type": "Aggregate",
      "Strategy": "Plain",
      "Partial Mode": "Finalize",
      "Parallel Aware": false,
      "Startup Cost": 393825.32,
      "Total Cost": 393825.33,
      "Plan Rows": 1,
      "Plan Width": 8,
      "Actual Startup Time": 1702.51,
      "Actual Total Time": 1753.042,
      "Actual Rows": 1,
      "Actual Loops": 1,
      "Plans": [
        {
          "Node Type": "Gather",
          "Parent Relationship": "Outer",
          "Parallel Aware": false,
          "Startup Cost": 393824.69,
          "Total Cost": 393825.3,
          "Plan Rows": 6,
          "Plan Width": 8,
          "Actual Startup Time": 1695.623,
          "Actual Total Time": 1753.032,
          "Actual Rows": 7,
          "Actual Loops": 1,
          "Workers Planned": 6,
          "Workers Launched": 6,
          "Single Copy": false,
          "Plans": [
            {
              "Node Type": "Aggregate",
              "Strategy": "Plain",
              "Partial Mode": "Partial",
              "Parent Relationship": "Outer",
              "Parallel Aware": false,
              "Startup Cost": 392824.69,
              "Total Cost": 392824.7,
              "Plan Rows": 1,
              "Plan Width": 8,
              "Actual Startup Time": 1684.069,
              "Actual Total Time": 1684.072,
              "Actual Rows": 1,
              "Actual Loops": 7,
              "Plans": [
                {
                  "Node Type": "Hash Join",
                  "Parent Relationship": "Outer",
                  "Parallel Aware": true,
                  "Join Type": "Inner",
                  "Startup Cost": 47908.9,
                  "Total Cost": 389041.25,
                  "Plan Rows": 1513379,
                  "Plan Width": 0,
                  "Actual Startup Time": 211.743,
                  "Actual Total Time": 1628.597,
                  "Actual Rows": 1317191,
                  "Actual Loops": 7,
                  "Inner Unique": true,
                  "Hash Cond": "(ci.movie_id = t.id)",
                  "Plans": [
                    {
                      "Node Type": "Seq Scan",
                      "Parent Relationship": "Outer",
                      "Parallel Aware": true,
                      "Relation Name": "cast_info",
                      "Alias": "ci",
                      "Startup Cost": 0.0,
                      "Total Cost": 328211.39,
                      "Plan Rows": 4922260,
                      "Plan Width": 4,
                      "Actual Startup Time": 74.803,
                      "Actual Total Time": 603.642,
                      "Actual Rows": 4202114,
                      "Actual Loops": 7,
                      "Filter": "(person_id > 660331)",
                      "Rows Removed by Filter": 975650
                    },
                    {
                      "Node Type": "Hash",
                      "Parent Relationship": "Inner",
                      "Parallel Aware": true,
                      "Startup Cost": 45479.59,
                      "Total Cost": 45479.59,
                      "Plan Rows": 194345,
                      "Plan Width": 4,
                      "Actual Startup Time": 133.408,
                      "Actual Total Time": 133.409,
                      "Actual Rows": 97637,
                      "Actual Loops": 7,
                      "Hash Buckets": 1048576,
                      "Original Hash Buckets": 1048576,
                      "Hash Batches": 1,
                      "Original Hash Batches": 1,
                      "Peak Memory Usage": 35040,
                      "Plans": [
                        {
                          "Node Type": "Seq Scan",
                          "Parent Relationship": "Outer",
                          "Parallel Aware": true,
                          "Relation Name": "title",
                          "Alias": "t",
                          "Startup Cost": 0.0,
                          "Total Cost": 45479.59,
                          "Plan Rows": 194345,
                          "Plan Width": 4,
                          "Actual Startup Time": 0.052,
                          "Actual Total Time": 82.031,
                          "Actual Rows": 97637,
                          "Actual Loops": 7,
                          "Filter": "((kind_id < 7) AND (production_year > 1977))",
                          "Rows Removed by Filter": 263550
                        }
                      ]
                    }
                  ]
                }
              ]
            }
          ]
        }
      ]
    },
    "Planning Time": 0.638,
    "Triggers": [],
    "Execution Time": 1753.132
  }
]