[
  {
    "Plan": {
      "Node Type": "Aggregate",
      "Strategy": "Plain",
      "Partial Mode": "Finalize",
      "Parallel Aware": false,
      "Startup Cost": 393819.77,
      "Total Cost": 393819.78,
      "Plan Rows": 1,
      "Plan Width": 8,
      "Actual Startup Time": 1705.823,
      "Actual Total Time": 1778.61,
      "Actual Rows": 1,
      "Actual Loops": 1,
      "Plans": [
        {
          "Node Type": "Gather",
          "Parent Relationship": "Outer",
          "Parallel Aware": false,
          "Startup Cost": 393819.15,
          "Total Cost": 393819.76,
          "Plan Rows": 6,
          "Plan Width": 8,
          "Actual Startup Time": 1703.369,
          "Actual Total Time": 1778.602,
          "Actual Rows": 7,
          "Actual Loops": 1,
          "Workers Planned": 6,
          "Workers Launched": 6,
          "Single Copy": false,
          "Plans": [
            {
              "Node Type": "Aggregate",
              "Strategy": "Plain",
              "Partial Mode": "Partial",
              "Parent Relationship": "Outer",
              "Parallel Aware": false,
              "Startup Cost": 392819.15,
              "Total Cost": 392819.16,
              "Plan Rows": 1,
              "Plan Width": 8,
              "Actual Startup Time": 1693.297,
              "Actual Total Time": 1693.3,
              "Actual Rows": 1,
              "Actual Loops": 7,
              "Plans": [
                {
                  "Node Type": "Hash Join",
                  "Parent Relationship": "Outer",
                  "Parallel Aware": true,
                  "Join Type": "Inner",
                  "Startup Cost": 47911.65,
                  "Total Cost": 389022.34,
                  "Plan Rows": 1518722,
                  "Plan Width": 0,
                  "Actual Startup Time": 190.891,
                  "Actual Total Time": 1634.461,
                  "Actual Rows": 1317191,
                  "Actual Loops": 7,
                  "Inner Unique": true,
                  "Hash Cond": "(ci.movie_id = t.id)",
                  "Plans": [
                    {
                      "Node Type": "Seq Scan",
                      "Parent Relationship": "Outer",
                      "Parallel Aware": true,
                      "Relation Name": "cast_info",
                      "Alias": "ci",
                      "Startup Cost": 0.0,
                      "Total Cost": 328162.03,
                      "Plan Rows": 4932818,
                      "Plan Width": 4,
                      "Actual Startup Time": 64.733,
                      "Actual Total Time": 593.797,
                      "Actual Rows": 4202114,
                      "Actual Loops": 7,
                      "Filter": "(person_id > 660331)",
                      "Rows Removed by Filter": 975650
                    },
                    {
                      "Node Type": "Hash",
                      "Parent Relationship": "Inner",
                      "Parallel Aware": true,
                      "Startup Cost": 45479.1,
                      "Total Cost": 45479.1,
                      "Plan Rows": 194604,
                      "Plan Width": 4,
                      "Actual Startup Time": 123.119,
                      "Actual Total Time": 123.12,
                      "Actual Rows": 97637,
                      "Actual Loops": 7,
                      "Hash Buckets": 1048576,
                      "Original Hash Buckets": 1048576,
                      "Hash Batches": 1,
                      "Original Hash Batches": 1,
                      "Peak Memory Usage": 35040,
                      "Plans": [
                        {
                          "Node Type": "Seq Scan",
                          "Parent Relationship": "Outer",
                          "Parallel Aware": true,
                          "Relation Name": "title",
                          "Alias": "t",
                          "Startup Cost": 0.0,
                          "Total Cost": 45479.1,
                          "Plan Rows": 194604,
                          "Plan Width": 4,
                          "Actual Startup Time": 0.052,
                          "Actual Total Time": 77.096,
                          "Actual Rows": 97637,
                          "Actual Loops": 7,
                          "Filter": "((kind_id < 7) AND (production_year > 1977))",
                          "Rows Removed by Filter": 263550
                        }
                      ]
                    }
                  ]
                }
              ]
            }
          ]
        }
      ]
    },
    "Planning Time": 0.385,
    "Triggers": [],
    "Execution Time": 1778.678
  }
]