[
  {
    "Plan": {
      "Node Type": "Aggregate",
      "Strategy": "Plain",
      "Partial Mode": "Finalize",
      "Parallel Aware": false,
      "Startup Cost": 212024.11,
      "Total Cost": 212024.12,
      "Plan Rows": 1,
      "Plan Width": 8,
      "Actual Startup Time": 145.045,
      "Actual Total Time": 156.189,
      "Actual Rows": 1,
      "Actual Loops": 1,
      "Plans": [
        {
          "Node Type": "Gather",
          "Parent Relationship": "Outer",
          "Parallel Aware": false,
          "Startup Cost": 212023.59,
          "Total Cost": 212024.1,
          "Plan Rows": 5,
          "Plan Width": 8,
          "Actual Startup Time": 141.686,
          "Actual Total Time": 156.182,
          "Actual Rows": 6,
          "Actual Loops": 1,
          "Workers Planned": 5,
          "Workers Launched": 5,
          "Single Copy": false,
          "Plans": [
            {
              "Node Type": "Aggregate",
              "Strategy": "Plain",
              "Partial Mode": "Partial",
              "Parent Relationship": "Outer",
              "Parallel Aware": false,
              "Startup Cost": 211023.59,
              "Total Cost": 211023.6,
              "Plan Rows": 1,
              "Plan Width": 8,
              "Actual Startup Time": 131.005,
              "Actual Total Time": 131.008,
              "Actual Rows": 1,
              "Actual Loops": 6,
              "Plans": [
                {
                  "Node Type": "Hash Join",
                  "Parent Relationship": "Outer",
                  "Parallel Aware": true,
                  "Join Type": "Inner",
                  "Startup Cost": 47642.51,
                  "Total Cost": 211012.84,
                  "Plan Rows": 4299,
                  "Plan Width": 0,
                  "Actual Startup Time": 118.899,
                  "Actual Total Time": 130.737,
                  "Actual Rows": 5193,
                  "Actual Loops": 6,
                  "Inner Unique": true,
                  "Hash Cond": "(mi.movie_id = t.id)",
                  "Plans": [
                    {
                      "Node Type": "Bitmap Heap Scan",
                      "Parent Relationship": "Outer",
                      "Parallel Aware": true,
                      "Relation Name": "movie_info",
                      "Alias": "mi",
                      "Startup Cost": 2521.42,
                      "Total Cost": 165818.8,
                      "Plan Rows": 27793,
                      "Plan Width": 4,
                      "Actual Startup Time": 5.668,
                      "Actual Total Time": 14.598,
                      "Actual Rows": 20310,
                      "Actual Loops": 6,
                      "Recheck Cond": "(info_type_id = 105)",
                      "Rows Removed by Index Recheck": 0,
                      "Exact Heap Blocks": 1277,
                      "Lossy Heap Blocks": 0,
                      "Plans": [
                        {
                          "Node Type": "Bitmap Index Scan",
                          "Parent Relationship": "Outer",
                          "Parallel Aware": false,
                          "Index Name": "info_type_id_movie_info",
                          "Startup Cost": 0.0,
                          "Total Cost": 2486.68,
                          "Plan Rows": 138966,
                          "Plan Width": 0,
                          "Actual Startup Time": 4.953,
                          "Actual Total Time": 4.953,
                          "Actual Rows": 121863,
                          "Actual Loops": 1,
                          "Index Cond": "(info_type_id = 105)"
                        }
                      ]
                    },
                    {
                      "Node Type": "Hash",
                      "Parent Relationship": "Inner",
                      "Parallel Aware": true,
                      "Startup Cost": 43898.92,
                      "Total Cost": 43898.92,
                      "Plan Rows": 97774,
                      "Plan Width": 4,
                      "Actual Startup Time": 106.455,
                      "Actual Total Time": 106.456,
                      "Actual Rows": 65278,
                      "Actual Loops": 6,
                      "Hash Buckets": 524288,
                      "Original Hash Buckets": 524288,
                      "Hash Batches": 1,
                      "Original Hash Batches": 1,
                      "Peak Memory Usage": 19520,
                      "Plans": [
                        {
                          "Node Type": "Seq Scan",
                          "Parent Relationship": "Outer",
                          "Parallel Aware": true,
                          "Relation Name": "title",
                          "Alias": "t",
                          "Startup Cost": 0.0,
                          "Total Cost": 43898.92,
                          "Plan Rows": 97774,
                          "Plan Width": 4,
                          "Actual Startup Time": 0.042,
                          "Actual Total Time": 78.776,
                          "Actual Rows": 65278,
                          "Actual Loops": 6,
                          "Filter": "(production_year > 2010)",
                          "Rows Removed by Filter": 356108
                        }
                      ]
                    }
                  ]
                }
              ]
            }
          ]
        }
      ]
    },
    "Planning Time": 0.608,
    "Triggers": [],
    "Execution Time": 156.326
  }
]