{
  "Plan": {
    "Node Type": "Aggregate",
    "Strategy": "Plain",
    "Partial Mode": "Simple",
    "Parallel Aware": false,
    "Startup Cost": 280937.08,
    "Total Cost": 280937.09,
    "Plan Rows": 1,
    "Plan Width": 128,
    "Actual Startup Time": 2264.123,
    "Actual Total Time": 2264.259,
    "Actual Rows": 1,
    "Actual Loops": 1,
    "Plans": [
      {
        "Node Type": "Hash Join",
        "Parent Relationship": "Outer",
        "Parallel Aware": false,
        "Join Type": "Inner",
        "Startup Cost": 257147.59,
        "Total Cost": 280937.07,
        "Plan Rows": 1,
        "Plan Width": 64,
        "Actual Startup Time": 2134.265,
        "Actual Total Time": 2264.221,
        "Actual Rows": 40,
        "Actual Loops": 1,
        "Inner Unique": false,
        "Hash Cond": "(an.person_id = n.id)",
        "Plans": [
          {
            "Node Type": "Seq Scan",
            "Parent Relationship": "Outer",
            "Parallel Aware": false,
            "Relation Name": "aka_name",
            "Alias": "an",
            "Startup Cost": 0.0,
            "Total Cost": 20409.43,
            "Plan Rows": 901343,
            "Plan Width": 20,
            "Actual Startup Time": 0.02,
            "Actual Total Time": 117.284,
            "Actual Rows": 901343,
            "Actual Loops": 1
          },
          {
            "Node Type": "Hash",
            "Parent Relationship": "Inner",
            "Parallel Aware": false,
            "Startup Cost": 257147.58,
            "Total Cost": 257147.58,
            "Plan Rows": 1,
            "Plan Width": 56,
            "Actual Startup Time": 2089.664,
            "Actual Total Time": 2089.799,
            "Actual Rows": 30,
            "Actual Loops": 1,
            "Hash Buckets": 1024,
            "Original Hash Buckets": 1024,
            "Hash Batches": 1,
            "Original Hash Batches": 1,
            "Peak Memory Usage": 11,
            "Plans": [
              {
                "Node Type": "Hash Join",
                "Parent Relationship": "Outer",
                "Parallel Aware": false,
                "Join Type": "Inner",
                "Startup Cost": 181282.91,
                "Total Cost": 257147.58,
                "Plan Rows": 1,
                "Plan Width": 56,
                "Actual Startup Time": 1685.943,
                "Actual Total Time": 2089.751,
                "Actual Rows": 30,
                "Actual Loops": 1,
                "Inner Unique": false,
                "Hash Cond": "(t.id = ci.movie_id)",
                "Plans": [
                  {
                    "Node Type": "Seq Scan",
                    "Parent Relationship": "Outer",
                    "Parallel Aware": false,
                    "Relation Name": "title",
                    "Alias": "t",
                    "Startup Cost": 0.0,
                    "Total Cost": 73925.64,
                    "Plan Rows": 517073,
                    "Plan Width": 21,
                    "Actual Startup Time": 0.048,
                    "Actual Total Time": 446.817,
                    "Actual Rows": 512825,
                    "Actual Loops": 1,
                    "Filter": "((production_year >= 2007) AND (production_year <= 2010))",
                    "Rows Removed by Filter": 2015487
                  },
                  {
                    "Node Type": "Hash",
                    "Parent Relationship": "Inner",
                    "Parallel Aware": false,
                    "Startup Cost": 181282.9,
                    "Total Cost": 181282.9,
                    "Plan Rows": 1,
                    "Plan Width": 47,
                    "Actual Startup Time": 1607.233,
                    "Actual Total Time": 1607.366,
                    "Actual Rows": 75,
                    "Actual Loops": 1,
                    "Hash Buckets": 1024,
                    "Original Hash Buckets": 1024,
                    "Hash Batches": 1,
                    "Original Hash Batches": 1,
                    "Peak Memory Usage": 14,
                    "Plans": [
                      {
                        "Node Type": "Nested Loop",
                        "Parent Relationship": "Outer",
                        "Parallel Aware": false,
                        "Join Type": "Inner",
                        "Startup Cost": 94434.99,
                        "Total Cost": 181282.9,
                        "Plan Rows": 1,
                        "Plan Width": 47,
                        "Actual Startup Time": 996.831,
                        "Actual Total Time": 1607.29,
                        "Actual Rows": 75,
                        "Actual Loops": 1,
                        "Inner Unique": false,
                        "Join Filter": "(mc.company_id = cn.id)",
                        "Rows Removed by Join Filter": 6447993,
                        "Plans": [
                          {
                            "Node Type": "Seq Scan",
                            "Parent Relationship": "Outer",
                            "Parallel Aware": false,
                            "Relation Name": "company_name",
                            "Alias": "cn",
                            "Startup Cost": 0.0,
                            "Total Cost": 5932.46,
                            "Plan Rows": 85931,
                            "Plan Width": 4,
                            "Actual Startup Time": 0.054,
                            "Actual Total Time": 40.145,
                            "Actual Rows": 84843,
                            "Actual Loops": 1,
                            "Filter": "((country_code)::text = '[us]'::text)",
                            "Rows Removed by Filter": 150154
                          },
                          {
                            "Node Type": "Materialize",
                            "Parent Relationship": "Inner",
                            "Parallel Aware": false,
                            "Startup Cost": 94434.99,
                            "Total Cost": 174061.47,
                            "Plan Rows": 1,
                            "Plan Width": 51,
                            "Actual Startup Time": 0.004,
                            "Actual Total Time": 0.014,
                            "Actual Rows": 76,
                            "Actual Loops": 84843,
                            "Plans": [
                              {
                                "Node Type": "Hash Join",
                                "Parent Relationship": "Outer",
                                "Parallel Aware": false,
                                "Join Type": "Inner",
                                "Startup Cost": 94434.99,
                                "Total Cost": 174061.47,
                                "Plan Rows": 1,
                                "Plan Width": 51,
                                "Actual Startup Time": 296.067,
                                "Actual Total Time": 986.245,
                                "Actual Rows": 76,
                                "Actual Loops": 1,
                                "Inner Unique": false,
                                "Hash Cond": "(chn.id = ci.person_role_id)",
                                "Plans": [
                                  {
                                    "Node Type": "Seq Scan",
                                    "Parent Relationship": "Outer",
                                    "Parallel Aware": false,
                                    "Relation Name": "char_name",
                                    "Alias": "chn",
                                    "Startup Cost": 0.0,
                                    "Total Cost": 67850.52,
                                    "Plan Rows": 3140252,
                                    "Plan Width": 20,
                                    "Actual Startup Time": 0.033,
                                    "Actual Total Time": 491.02,
                                    "Actual Rows": 3140339,
                                    "Actual Loops": 1
                                  },
                                  {
                                    "Node Type": "Hash",
                                    "Parent Relationship": "Inner",
                                    "Parallel Aware": false,
                                    "Startup Cost": 94434.98,
                                    "Total Cost": 94434.98,
                                    "Plan Rows": 1,
                                    "Plan Width": 39,
                                    "Actual Startup Time": 292.971,
                                    "Actual Total Time": 293.099,
                                    "Actual Rows": 76,
                                    "Actual Loops": 1,
                                    "Hash Buckets": 1024,
                                    "Original Hash Buckets": 1024,
                                    "Hash Batches": 1,
                                    "Original Hash Batches": 1,
                                    "Peak Memory Usage": 14,
                                    "Plans": [
                                      {
                                        "Node Type": "Nested Loop",
                                        "Parent Relationship": "Outer",
                                        "Parallel Aware": false,
                                        "Join Type": "Inner",
                                        "Startup Cost": 1001.0,
                                        "Total Cost": 94434.98,
                                        "Plan Rows": 1,
                                        "Plan Width": 39,
                                        "Actual Startup Time": 126.029,
                                        "Actual Total Time": 293.027,
                                        "Actual Rows": 87,
                                        "Actual Loops": 1,
                                        "Inner Unique": false,
                                        "Join Filter": "(ci.role_id = rt.id)",
                                        "Rows Removed by Join Filter": 0,
                                        "Plans": [
                                          {
                                            "Node Type": "Seq Scan",
                                            "Parent Relationship": "Outer",
                                            "Parallel Aware": false,
                                            "Relation Name": "role_type",
                                            "Alias": "rt",
                                            "Startup Cost": 0.0,
                                            "Total Cost": 1.15,
                                            "Plan Rows": 1,
                                            "Plan Width": 4,
                                            "Actual Startup Time": 0.009,
                                            "Actual Total Time": 0.014,
                                            "Actual Rows": 1,
                                            "Actual Loops": 1,
                                            "Filter": "((role)::text = 'actress'::text)",
                                            "Rows Removed by Filter": 11
                                          },
                                          {
                                            "Node Type": "Gather",
                                            "Parent Relationship": "Inner",
                                            "Parallel Aware": false,
                                            "Startup Cost": 1001.0,
                                            "Total Cost": 94433.81,
                                            "Plan Rows": 2,
                                            "Plan Width": 43,
                                            "Actual Startup Time": 126.017,
                                            "Actual Total Time": 292.982,
                                            "Actual Rows": 87,
                                            "Actual Loops": 1,
                                            "Workers Planned": 4,
                                            "Workers Launched": 4,
                                            "Single Copy": false,
                                            "Plans": [
                                              {
                                                "Node Type": "Nested Loop",
                                                "Parent Relationship": "Outer",
                                                "Parallel Aware": false,
                                                "Join Type": "Inner",
                                                "Startup Cost": 0.99,
                                                "Total Cost": 93433.61,
                                                "Plan Rows": 1,
                                                "Plan Width": 43,
                                                "Actual Startup Time": 121.847,
                                                "Actual Total Time": 281.521,
                                                "Actual Rows": 17,
                                                "Actual Loops": 5,
                                                "Inner Unique": false,
                                                "Plans": [
                                                  {
                                                    "Node Type": "Nested Loop",
                                                    "Parent Relationship": "Outer",
                                                    "Parallel Aware": false,
                                                    "Join Type": "Inner",
                                                    "Startup Cost": 0.56,
                                                    "Total Cost": 93430.76,
                                                    "Plan Rows": 4,
                                                    "Plan Width": 35,
                                                    "Actual Startup Time": 114.458,
                                                    "Actual Total Time": 279.066,
                                                    "Actual Rows": 91,
                                                    "Actual Loops": 5,
                                                    "Inner Unique": false,
                                                    "Plans": [
                                                      {
                                                        "Node Type": "Seq Scan",
                                                        "Parent Relationship": "Outer",
                                                        "Parallel Aware": true,
                                                        "Relation Name": "name",
                                                        "Alias": "n",
                                                        "Startup Cost": 0.0,
                                                        "Total Cost": 71240.66,
                                                        "Plan Rows": 24,
                                                        "Plan Width": 19,
                                                        "Actual Startup Time": 111.123,
                                                        "Actual Total Time": 238.559,
                                                        "Actual Rows": 1082,
                                                        "Actual Loops": 5,
                                                        "Filter": "((name ~~ '%Angel%'::text) AND ((gender)::text = 'f'::text))",
                                                        "Rows Removed by Filter": 832416
                                                      },
                                                      {
                                                        "Node Type": "Index Scan",
                                                        "Parent Relationship": "Inner",
                                                        "Parallel Aware": false,
                                                        "Scan Direction": "Forward",
                                                        "Index Name": "person_id_cast_info",
                                                        "Relation Name": "cast_info",
                                                        "Alias": "ci",
                                                        "Startup Cost": 0.56,
                                                        "Total Cost": 924.48,
                                                        "Plan Rows": 11,
                                                        "Plan Width": 16,
                                                        "Actual Startup Time": 0.036,
                                                        "Actual Total Time": 0.037,
                                                        "Actual Rows": 0,
                                                        "Actual Loops": 5409,
                                                        "Index Cond": "(person_id = n.id)",
                                                        "Rows Removed by Index Recheck": 0,
                                                        "Filter": "(note = '(voice)'::text)",
                                                        "Rows Removed by Filter": 8
                                                      }
                                                    ]
                                                  },
                                                  {
                                                    "Node Type": "Index Scan",
                                                    "Parent Relationship": "Inner",
                                                    "Parallel Aware": false,
                                                    "Scan Direction": "Forward",
                                                    "Index Name": "movie_id_movie_companies",
                                                    "Relation Name": "movie_companies",
                                                    "Alias": "mc",
                                                    "Startup Cost": 0.43,
                                                    "Total Cost": 0.7,
                                                    "Plan Rows": 1,
                                                    "Plan Width": 8,
                                                    "Actual Startup Time": 0.025,
                                                    "Actual Total Time": 0.027,
                                                    "Actual Rows": 0,
                                                    "Actual Loops": 453,
                                                    "Index Cond": "(movie_id = ci.movie_id)",
                                                    "Rows Removed by Index Recheck": 0,
                                                    "Filter": "((note ~~ '%(200%)%'::text) AND ((note ~~ '%(USA)%'::text) OR (note ~~ '%(worldwide)%'::text)))",
                                                    "Rows Removed by Filter": 3
                                                  }
                                                ]
                                              }
                                            ]
                                          }
                                        ]
                                      }
                                    ]
                                  }
                                ]
                              }
                            ]
                          }
                        ]
                      }
                    ]
                  }
                ]
              }
            ]
          }
        ]
      }
    ]
  },
  "Planning Time": 17.411,
  "Triggers": [],
  "Execution Time": 2264.802
}