[
  {
    "Plan": {
      "Node Type": "Aggregate",
      "Strategy": "Plain",
      "Partial Mode": "Finalize",
      "Parallel Aware": false,
      "Startup Cost": 307024.55,
      "Total Cost": 307024.56,
      "Plan Rows": 1,
      "Plan Width": 8,
      "Actual Startup Time": 957.942,
      "Actual Total Time": 1007.845,
      "Actual Rows": 1,
      "Actual Loops": 1,
      "Plans": [
        {
          "Node Type": "Gather",
          "Parent Relationship": "Outer",
          "Parallel Aware": false,
          "Startup Cost": 307024.03,
          "Total Cost": 307024.54,
          "Plan Rows": 5,
          "Plan Width": 8,
          "Actual Startup Time": 949.083,
          "Actual Total Time": 1007.831,
          "Actual Rows": 6,
          "Actual Loops": 1,
          "Workers Planned": 5,
          "Workers Launched": 5,
          "Single Copy": false,
          "Plans": [
            {
              "Node Type": "Aggregate",
              "Strategy": "Plain",
              "Partial Mode": "Partial",
              "Parent Relationship": "Outer",
              "Parallel Aware": false,
              "Startup Cost": 306024.03,
              "Total Cost": 306024.04,
              "Plan Rows": 1,
              "Plan Width": 8,
              "Actual Startup Time": 938.742,
              "Actual Total Time": 938.922,
              "Actual Rows": 1,
              "Actual Loops": 6,
              "Plans": [
                {
                  "Node Type": "Hash Join",
                  "Parent Relationship": "Outer",
                  "Parallel Aware": true,
                  "Join Type": "Inner",
                  "Startup Cost": 97344.54,
                  "Total Cost": 303390.6,
                  "Plan Rows": 1053374,
                  "Plan Width": 0,
                  "Actual Startup Time": 328.056,
                  "Actual Total Time": 920.943,
                  "Actual Rows": 422187,
                  "Actual Loops": 6,
                  "Inner Unique": false,
                  "Hash Cond": "(mi.movie_id = t.id)",
                  "Plans": [
                    {
                      "Node Type": "Seq Scan",
                      "Parent Relationship": "Outer",
                      "Parallel Aware": true,
                      "Relation Name": "movie_info",
                      "Alias": "mi",
                      "Startup Cost": 0.0,
                      "Total Cost": 191560.33,
                      "Plan Rows": 2956733,
                      "Plan Width": 4,
                      "Actual Startup Time": 0.032,
                      "Actual Total Time": 301.324,
                      "Actual Rows": 2472620,
                      "Actual Loops": 6
                    },
                    {
                      "Node Type": "Hash",
                      "Parent Relationship": "Inner",
                      "Parallel Aware": true,
                      "Startup Cost": 93712.54,
                      "Total Cost": 93712.54,
                      "Plan Rows": 290560,
                      "Plan Width": 8,
                      "Actual Startup Time": 324.095,
                      "Actual Total Time": 324.273,
                      "Actual Rows": 40781,
                      "Actual Loops": 6,
                      "Hash Buckets": 1048576,
                      "Original Hash Buckets": 1048576,
                      "Hash Batches": 1,
                      "Original Hash Batches": 1,
                      "Peak Memory Usage": 17856,
                      "Plans": [
                        {
                          "Node Type": "Hash Join",
                          "Parent Relationship": "Outer",
                          "Parallel Aware": true,
                          "Join Type": "Inner",
                          "Startup Cost": 49528.84,
                          "Total Cost": 93712.54,
                          "Plan Rows": 290560,
                          "Plan Width": 8,
                          "Actual Startup Time": 192.036,
                          "Actual Total Time": 306.575,
                          "Actual Rows": 40781,
                          "Actual Loops": 6,
                          "Inner Unique": true,
                          "Hash Cond": "(mk.movie_id = t.id)",
                          "Plans": [
                            {
                              "Node Type": "Seq Scan",
                              "Parent Relationship": "Outer",
                              "Parallel Aware": true,
                              "Relation Name": "movie_keyword",
                              "Alias": "mk",
                              "Startup Cost": 0.0,
                              "Total Cost": 42695.65,
                              "Plan Rows": 566875,
                              "Plan Width": 4,
                              "Actual Startup Time": 0.372,
                              "Actual Total Time": 75.289,
                              "Actual Rows": 292989,
                              "Actual Loops": 6,
                              "Filter": "(keyword_id > 7880)",
                              "Rows Removed by Filter": 460999
                            },
                            {
                              "Node Type": "Hash",
                              "Parent Relationship": "Inner",
                              "Parallel Aware": true,
                              "Startup Cost": 45479.1,
                              "Total Cost": 45479.1,
                              "Plan Rows": 323979,
                              "Plan Width": 4,
                              "Actual Startup Time": 188.793,
                              "Actual Total Time": 188.794,
                              "Actual Rows": 229048,
                              "Actual Loops": 6,
                              "Hash Buckets": 2097152,
                              "Original Hash Buckets": 2097152,
                              "Hash Batches": 1,
                              "Original Hash Batches": 1,
                              "Peak Memory Usage": 70208,
                              "Plans": [
                                {
                                  "Node Type": "Seq Scan",
                                  "Parent Relationship": "Outer",
                                  "Parallel Aware": true,
                                  "Relation Name": "title",
                                  "Alias": "t",
                                  "Startup Cost": 0.0,
                                  "Total Cost": 45479.1,
                                  "Plan Rows": 323979,
                                  "Plan Width": 4,
                                  "Actual Startup Time": 0.055,
                                  "Actual Total Time": 87.795,
                                  "Actual Rows": 229048,
                                  "Actual Loops": 6,
                                  "Filter": "((production_year > 1967) AND (kind_id = 7))",
                                  "Rows Removed by Filter": 192338
                                }
                              ]
                            }
                          ]
                        }
                      ]
                    }
                  ]
                }
              ]
            }
          ]
        }
      ]
    },
    "Planning Time": 1.395,
    "Triggers": [],
    "Execution Time": 1007.949
  }
]