[
  {
    "Plan": {
      "Node Type": "Aggregate",
      "Strategy": "Plain",
      "Partial Mode": "Finalize",
      "Parallel Aware": false,
      "Startup Cost": 23098.67,
      "Total Cost": 23098.68,
      "Plan Rows": 1,
      "Plan Width": 8,
      "Actual Startup Time": 45.166,
      "Actual Total Time": 51.145,
      "Actual Rows": 1,
      "Actual Loops": 1,
      "Plans": [
        {
          "Node Type": "Gather",
          "Parent Relationship": "Outer",
          "Parallel Aware": false,
          "Startup Cost": 23098.56,
          "Total Cost": 23098.67,
          "Plan Rows": 1,
          "Plan Width": 8,
          "Actual Startup Time": 44.786,
          "Actual Total Time": 51.139,
          "Actual Rows": 2,
          "Actual Loops": 1,
          "Workers Planned": 1,
          "Workers Launched": 1,
          "Single Copy": false,
          "Plans": [
            {
              "Node Type": "Aggregate",
              "Strategy": "Plain",
              "Partial Mode": "Partial",
              "Parent Relationship": "Outer",
              "Parallel Aware": false,
              "Startup Cost": 22098.56,
              "Total Cost": 22098.57,
              "Plan Rows": 1,
              "Plan Width": 8,
              "Actual Startup Time": 38.548,
              "Actual Total Time": 38.55,
              "Actual Rows": 1,
              "Actual Loops": 2,
              "Plans": [
                {
                  "Node Type": "Nested Loop",
                  "Parent Relationship": "Outer",
                  "Parallel Aware": false,
                  "Join Type": "Inner",
                  "Startup Cost": 63.54,
                  "Total Cost": 22093.72,
                  "Plan Rows": 1935,
                  "Plan Width": 0,
                  "Actual Startup Time": 2.001,
                  "Actual Total Time": 37.849,
                  "Actual Rows": 6407,
                  "Actual Loops": 2,
                  "Inner Unique": false,
                  "Plans": [
                    {
                      "Node Type": "Nested Loop",
                      "Parent Relationship": "Outer",
                      "Parallel Aware": false,
                      "Join Type": "Inner",
                      "Startup Cost": 63.1,
                      "Total Cost": 20819.54,
                      "Plan Rows": 437,
                      "Plan Width": 8,
                      "Actual Startup Time": 1.867,
                      "Actual Total Time": 17.346,
                      "Actual Rows": 661,
                      "Actual Loops": 2,
                      "Inner Unique": true,
                      "Plans": [
                        {
                          "Node Type": "Bitmap Heap Scan",
                          "Parent Relationship": "Outer",
                          "Parallel Aware": true,
                          "Relation Name": "movie_companies",
                          "Alias": "mc",
                          "Startup Cost": 62.67,
                          "Total Cost": 7737.43,
                          "Plan Rows": 1688,
                          "Plan Width": 4,
                          "Actual Startup Time": 1.655,
                          "Actual Total Time": 5.006,
                          "Actual Rows": 1472,
                          "Actual Loops": 2,
                          "Recheck Cond": "(company_id = 133)",
                          "Rows Removed by Index Recheck": 0,
                          "Exact Heap Blocks": 1303,
                          "Lossy Heap Blocks": 0,
                          "Plans": [
                            {
                              "Node Type": "Bitmap Index Scan",
                              "Parent Relationship": "Outer",
                              "Parallel Aware": false,
                              "Index Name": "company_id_movie_companies",
                              "Startup Cost": 0.0,
                              "Total Cost": 61.95,
                              "Plan Rows": 2870,
                              "Plan Width": 0,
                              "Actual Startup Time": 2.476,
                              "Actual Total Time": 2.477,
                              "Actual Rows": 2945,
                              "Actual Loops": 1,
                              "Index Cond": "(company_id = 133)"
                            }
                          ]
                        },
                        {
                          "Node Type": "Index Scan",
                          "Parent Relationship": "Inner",
                          "Parallel Aware": false,
                          "Scan Direction": "Forward",
                          "Index Name": "title_pkey",
                          "Relation Name": "title",
                          "Alias": "t",
                          "Startup Cost": 0.43,
                          "Total Cost": 7.75,
                          "Plan Rows": 1,
                          "Plan Width": 4,
                          "Actual Startup Time": 0.008,
                          "Actual Total Time": 0.008,
                          "Actual Rows": 0,
                          "Actual Loops": 2945,
                          "Index Cond": "(id = mc.movie_id)",
                          "Rows Removed by Index Recheck": 0,
                          "Filter": "((kind_id < 7) AND (production_year < 2008))",
                          "Rows Removed by Filter": 1
                        }
                      ]
                    },
                    {
                      "Node Type": "Index Scan",
                      "Parent Relationship": "Inner",
                      "Parallel Aware": false,
                      "Scan Direction": "Forward",
                      "Index Name": "movie_id_movie_info",
                      "Relation Name": "movie_info",
                      "Alias": "mi",
                      "Startup Cost": 0.43,
                      "Total Cost": 2.6,
                      "Plan Rows": 32,
                      "Plan Width": 4,
                      "Actual Startup Time": 0.011,
                      "Actual Total Time": 0.029,
                      "Actual Rows": 10,
                      "Actual Loops": 1322,
                      "Index Cond": "(movie_id = t.id)",
                      "Rows Removed by Index Recheck": 0,
                      "Filter": "(info_type_id > 3)",
                      "Rows Removed by Filter": 3
                    }
                  ]
                }
              ]
            }
          ]
        }
      ]
    },
    "Planning Time": 1.471,
    "Triggers": [],
    "Execution Time": 51.246
  }
]