{
  "Plan": {
    "Node Type": "Aggregate",
    "Strategy": "Plain",
    "Partial Mode": "Finalize",
    "Parallel Aware": false,
    "Startup Cost": 125133.09,
    "Total Cost": 125133.1,
    "Plan Rows": 1,
    "Plan Width": 8,
    "Actual Startup Time": 667.019,
    "Actual Total Time": 686.597,
    "Actual Rows": 1,
    "Actual Loops": 1,
    "Plans": [
      {
        "Node Type": "Gather",
        "Parent Relationship": "Outer",
        "Parallel Aware": false,
        "Startup Cost": 125132.97,
        "Total Cost": 125133.08,
        "Plan Rows": 1,
        "Plan Width": 8,
        "Actual Startup Time": 665.048,
        "Actual Total Time": 686.584,
        "Actual Rows": 2,
        "Actual Loops": 1,
        "Workers Planned": 1,
        "Workers Launched": 1,
        "Single Copy": false,
        "Plans": [
          {
            "Node Type": "Aggregate",
            "Strategy": "Plain",
            "Partial Mode": "Partial",
            "Parent Relationship": "Outer",
            "Parallel Aware": false,
            "Startup Cost": 124132.97,
            "Total Cost": 124132.98,
            "Plan Rows": 1,
            "Plan Width": 8,
            "Actual Startup Time": 656.878,
            "Actual Total Time": 656.884,
            "Actual Rows": 1,
            "Actual Loops": 2,
            "Plans": [
              {
                "Node Type": "Hash Join",
                "Parent Relationship": "Outer",
                "Parallel Aware": true,
                "Join Type": "Inner",
                "Startup Cost": 62826.15,
                "Total Cost": 123067.96,
                "Plan Rows": 426005,
                "Plan Width": 0,
                "Actual Startup Time": 357.71,
                "Actual Total Time": 646.425,
                "Actual Rows": 270918,
                "Actual Loops": 2,
                "Inner Unique": true,
                "Hash Cond": "(mk.movie_id = t.id)",
                "Plans": [
                  {
                    "Node Type": "Seq Scan",
                    "Parent Relationship": "Outer",
                    "Parallel Aware": true,
                    "Relation Name": "movie_keyword",
                    "Alias": "mk",
                    "Startup Cost": 0.0,
                    "Total Cost": 57718.19,
                    "Plan Rows": 961378,
                    "Plan Width": 4,
                    "Actual Startup Time": 0.924,
                    "Actual Total Time": 176.617,
                    "Actual Rows": 820042,
                    "Actual Loops": 2,
                    "Filter": "(keyword_id > 9023)",
                    "Rows Removed by Filter": 1441924
                  },
                  {
                    "Node Type": "Hash",
                    "Parent Relationship": "Inner",
                    "Parallel Aware": true,
                    "Startup Cost": 54588.39,
                    "Total Cost": 54588.39,
                    "Plan Rows": 659021,
                    "Plan Width": 4,
                    "Actual Startup Time": 341.589,
                    "Actual Total Time": 341.59,
                    "Actual Rows": 553962,
                    "Actual Loops": 2,
                    "Hash Buckets": 2097152,
                    "Original Hash Buckets": 2097152,
                    "Hash Batches": 1,
                    "Original Hash Batches": 1,
                    "Peak Memory Usage": 59744,
                    "Plans": [
                      {
                        "Node Type": "Seq Scan",
                        "Parent Relationship": "Outer",
                        "Parallel Aware": true,
                        "Relation Name": "title",
                        "Alias": "t",
                        "Startup Cost": 0.0,
                        "Total Cost": 54588.39,
                        "Plan Rows": 659021,
                        "Plan Width": 4,
                        "Actual Startup Time": 0.043,
                        "Actual Total Time": 167.368,
                        "Actual Rows": 553962,
                        "Actual Loops": 2,
                        "Filter": "(production_year > 2004)",
                        "Rows Removed by Filter": 710194
                      }
                    ]
                  }
                ]
              }
            ]
          }
        ]
      }
    ]
  },
  "Planning Time": 0.526,
  "Triggers": [],
  "Execution Time": 686.678
}