[
    {
        "Bao": {
            "Bao prediction": "NaN",
            "Bao recommended hint": "(no hint)"
        }
    },
    {
        "Plan": {
            "Node Type": "Aggregate",
            "Strategy": "Plain",
            "Partial Mode": "Finalize",
            "Parallel Aware": false,
            "Startup Cost": 658410.63,
            "Total Cost": 658410.64,
            "Plan Rows": 1,
            "Plan Width": 8,
            "Actual Startup Time": 9151.85,
            "Actual Total Time": 9250.377,
            "Actual Rows": 1,
            "Actual Loops": 1,
            "Output": [
                "count(*)"
            ],
            "Plans": [
                {
                    "Node Type": "Gather",
                    "Parent Relationship": "Outer",
                    "Parallel Aware": false,
                    "Startup Cost": 658410.1,
                    "Total Cost": 658410.61,
                    "Plan Rows": 5,
                    "Plan Width": 8,
                    "Actual Startup Time": 9097.21,
                    "Actual Total Time": 9250.349,
                    "Actual Rows": 6,
                    "Actual Loops": 1,
                    "Output": [
                        "(PARTIAL count(*))"
                    ],
                    "Workers Planned": 5,
                    "Workers Launched": 5,
                    "Single Copy": false,
                    "Plans": [
                        {
                            "Node Type": "Aggregate",
                            "Strategy": "Plain",
                            "Partial Mode": "Partial",
                            "Parent Relationship": "Outer",
                            "Parallel Aware": false,
                            "Startup Cost": 657410.1,
                            "Total Cost": 657410.11,
                            "Plan Rows": 1,
                            "Plan Width": 8,
                            "Actual Startup Time": 9075.198,
                            "Actual Total Time": 9079.606,
                            "Actual Rows": 1,
                            "Actual Loops": 6,
                            "Output": [
                                "PARTIAL count(*)"
                            ],
                            "Workers": [
                                {
                                    "Worker Number": 0,
                                    "Actual Startup Time": 9067.957,
                                    "Actual Total Time": 9067.962,
                                    "Actual Rows": 1,
                                    "Actual Loops": 1
                                },
                                {
                                    "Worker Number": 1,
                                    "Actual Startup Time": 9068.054,
                                    "Actual Total Time": 9068.066,
                                    "Actual Rows": 1,
                                    "Actual Loops": 1
                                },
                                {
                                    "Worker Number": 2,
                                    "Actual Startup Time": 9067.998,
                                    "Actual Total Time": 9068.002,
                                    "Actual Rows": 1,
                                    "Actual Loops": 1
                                },
                                {
                                    "Worker Number": 3,
                                    "Actual Startup Time": 9068.096,
                                    "Actual Total Time": 9068.1,
                                    "Actual Rows": 1,
                                    "Actual Loops": 1
                                },
                                {
                                    "Worker Number": 4,
                                    "Actual Startup Time": 9082.216,
                                    "Actual Total Time": 9082.221,
                                    "Actual Rows": 1,
                                    "Actual Loops": 1
                                }
                            ],
                            "Plans": [
                                {
                                    "Node Type": "Hash Join",
                                    "Parent Relationship": "Outer",
                                    "Parallel Aware": true,
                                    "Join Type": "Inner",
                                    "Startup Cost": 415080.15,
                                    "Total Cost": 633553.84,
                                    "Plan Rows": 9542506,
                                    "Plan Width": 0,
                                    "Actual Startup Time": 3234.295,
                                    "Actual Total Time": 7867.719,
                                    "Actual Rows": 28833448,
                                    "Actual Loops": 6,
                                    "Inner Unique": false,
                                    "Hash Cond": "(mi.movie_id = t.id)",
                                    "Workers": [
                                        {
                                            "Worker Number": 0,
                                            "Actual Startup Time": 3229.452,
                                            "Actual Total Time": 7874.058,
                                            "Actual Rows": 31035689,
                                            "Actual Loops": 1
                                        },
                                        {
                                            "Worker Number": 1,
                                            "Actual Startup Time": 3229.438,
                                            "Actual Total Time": 7845.14,
                                            "Actual Rows": 28579544,
                                            "Actual Loops": 1
                                        },
                                        {
                                            "Worker Number": 2,
                                            "Actual Startup Time": 3229.517,
                                            "Actual Total Time": 7884.148,
                                            "Actual Rows": 30783371,
                                            "Actual Loops": 1
                                        },
                                        {
                                            "Worker Number": 3,
                                            "Actual Startup Time": 3229.627,
                                            "Actual Total Time": 7881.891,
                                            "Actual Rows": 30827568,
                                            "Actual Loops": 1
                                        },
                                        {
                                            "Worker Number": 4,
                                            "Actual Startup Time": 3229.444,
                                            "Actual Total Time": 7871.23,
                                            "Actual Rows": 24392459,
                                            "Actual Loops": 1
                                        }
                                    ],
                                    "Plans": [
                                        {
                                            "Node Type": "Seq Scan",
                                            "Parent Relationship": "Outer",
                                            "Parallel Aware": true,
                                            "Relation Name": "movie_info",
                                            "Schema": "public",
                                            "Alias": "mi",
                                            "Startup Cost": 0.0,
                                            "Total Cost": 191503.19,
                                            "Plan Rows": 2951019,
                                            "Plan Width": 4,
                                            "Actual Startup Time": 0.029,
                                            "Actual Total Time": 270.711,
                                            "Actual Rows": 2472620,
                                            "Actual Loops": 6,
                                            "Output": [
                                                "mi.id",
                                                "mi.movie_id",
                                                "mi.info_type_id",
                                                "mi.info",
                                                "mi.note"
                                            ],
                                            "Workers": [
                                                {
                                                    "Worker Number": 0,
                                                    "Actual Startup Time": 0.029,
                                                    "Actual Total Time": 277.738,
                                                    "Actual Rows": 2663731,
                                                    "Actual Loops": 1
                                                },
                                                {
                                                    "Worker Number": 1,
                                                    "Actual Startup Time": 0.041,
                                                    "Actual Total Time": 287.201,
                                                    "Actual Rows": 2372703,
                                                    "Actual Loops": 1
                                                },
                                                {
                                                    "Worker Number": 2,
                                                    "Actual Startup Time": 0.028,
                                                    "Actual Total Time": 277.603,
                                                    "Actual Rows": 2661003,
                                                    "Actual Loops": 1
                                                },
                                                {
                                                    "Worker Number": 3,
                                                    "Actual Startup Time": 0.025,
                                                    "Actual Total Time": 274.944,
                                                    "Actual Rows": 2622660,
                                                    "Actual Loops": 1
                                                },
                                                {
                                                    "Worker Number": 4,
                                                    "Actual Startup Time": 0.043,
                                                    "Actual Total Time": 284.354,
                                                    "Actual Rows": 2155037,
                                                    "Actual Loops": 1
                                                }
                                            ]
                                        },
                                        {
                                            "Node Type": "Hash",
                                            "Parent Relationship": "Inner",
                                            "Parallel Aware": true,
                                            "Startup Cost": 398047.52,
                                            "Total Cost": 398047.52,
                                            "Plan Rows": 1362610,
                                            "Plan Width": 8,
                                            "Actual Startup Time": 3224.099,
                                            "Actual Total Time": 3228.505,
                                            "Actual Rows": 2079312,
                                            "Actual Loops": 6,
                                            "Output": [
                                                "t.id",
                                                "ci.movie_id"
                                            ],
                                            "Hash Buckets": 16777216,
                                            "Original Hash Buckets": 8388608,
                                            "Hash Batches": 1,
                                            "Original Hash Batches": 1,
                                            "Peak Memory Usage": 684800,
                                            "Workers": [
                                                {
                                                    "Worker Number": 0,
                                                    "Actual Startup Time": 3228.677,
                                                    "Actual Total Time": 3228.681,
                                                    "Actual Rows": 1975104,
                                                    "Actual Loops": 1
                                                },
                                                {
                                                    "Worker Number": 1,
                                                    "Actual Startup Time": 3228.627,
                                                    "Actual Total Time": 3228.638,
                                                    "Actual Rows": 1696726,
                                                    "Actual Loops": 1
                                                },
                                                {
                                                    "Worker Number": 2,
                                                    "Actual Startup Time": 3228.736,
                                                    "Actual Total Time": 3228.739,
                                                    "Actual Rows": 2282432,
                                                    "Actual Loops": 1
                                                },
                                                {
                                                    "Worker Number": 3,
                                                    "Actual Startup Time": 3228.643,
                                                    "Actual Total Time": 3228.646,
                                                    "Actual Rows": 2268556,
                                                    "Actual Loops": 1
                                                },
                                                {
                                                    "Worker Number": 4,
                                                    "Actual Startup Time": 3228.635,
                                                    "Actual Total Time": 3228.639,
                                                    "Actual Rows": 1904486,
                                                    "Actual Loops": 1
                                                }
                                            ],
                                            "Plans": [
                                                {
                                                    "Node Type": "Hash Join",
                                                    "Parent Relationship": "Outer",
                                                    "Parallel Aware": true,
                                                    "Join Type": "Inner",
                                                    "Startup Cost": 50342.94,
                                                    "Total Cost": 398047.52,
                                                    "Plan Rows": 1362610,
                                                    "Plan Width": 8,
                                                    "Actual Startup Time": 475.217,
                                                    "Actual Total Time": 2170.043,
                                                    "Actual Rows": 2079312,
                                                    "Actual Loops": 6,
                                                    "Output": [
                                                        "t.id",
                                                        "ci.movie_id"
                                                    ],
                                                    "Inner Unique": true,
                                                    "Hash Cond": "(ci.movie_id = t.id)",
                                                    "Workers": [
                                                        {
                                                            "Worker Number": 0,
                                                            "Actual Startup Time": 475.132,
                                                            "Actual Total Time": 2170.668,
                                                            "Actual Rows": 1975104,
                                                            "Actual Loops": 1
                                                        },
                                                        {
                                                            "Worker Number": 1,
                                                            "Actual Startup Time": 475.148,
                                                            "Actual Total Time": 2175.306,
                                                            "Actual Rows": 1696726,
                                                            "Actual Loops": 1
                                                        },
                                                        {
                                                            "Worker Number": 2,
                                                            "Actual Startup Time": 475.121,
                                                            "Actual Total Time": 2162.759,
                                                            "Actual Rows": 2282432,
                                                            "Actual Loops": 1
                                                        },
                                                        {
                                                            "Worker Number": 3,
                                                            "Actual Startup Time": 475.577,
                                                            "Actual Total Time": 2163.233,
                                                            "Actual Rows": 2268556,
                                                            "Actual Loops": 1
                                                        },
                                                        {
                                                            "Worker Number": 4,
                                                            "Actual Startup Time": 475.092,
                                                            "Actual Total Time": 2170.093,
                                                            "Actual Rows": 1904486,
                                                            "Actual Loops": 1
                                                        }
                                                    ],
                                                    "Plans": [
                                                        {
                                                            "Node Type": "Seq Scan",
                                                            "Parent Relationship": "Outer",
                                                            "Parallel Aware": true,
                                                            "Relation Name": "cast_info",
                                                            "Schema": "public",
                                                            "Alias": "ci",
                                                            "Startup Cost": 0.0,
                                                            "Total Cost": 343318.94,
                                                            "Plan Rows": 1670715,
                                                            "Plan Width": 4,
                                                            "Actual Startup Time": 248.497,
                                                            "Actual Total Time": 741.178,
                                                            "Actual Rows": 2594690,
                                                            "Actual Loops": 6,
                                                            "Output": [
                                                                "ci.id",
                                                                "ci.person_id",
                                                                "ci.movie_id",
                                                                "ci.person_role_id",
                                                                "ci.note",
                                                                "ci.nr_order",
                                                                "ci.role_id"
                                                            ],
                                                            "Filter": "((ci.person_id > 2081890) AND (ci.role_id > 1))",
                                                            "Rows Removed by Filter": 3446034,
                                                            "Workers": [
                                                                {
                                                                    "Worker Number": 0,
                                                                    "Actual Startup Time": 248.573,
                                                                    "Actual Total Time": 776.154,
                                                                    "Actual Rows": 2468382,
                                                                    "Actual Loops": 1
                                                                },
                                                                {
                                                                    "Worker Number": 1,
                                                                    "Actual Startup Time": 248.475,
                                                                    "Actual Total Time": 803.021,
                                                                    "Actual Rows": 2115584,
                                                                    "Actual Loops": 1
                                                                },
                                                                {
                                                                    "Worker Number": 2,
                                                                    "Actual Startup Time": 248.451,
                                                                    "Actual Total Time": 731.063,
                                                                    "Actual Rows": 2855244,
                                                                    "Actual Loops": 1
                                                                },
                                                                {
                                                                    "Worker Number": 3,
                                                                    "Actual Startup Time": 248.443,
                                                                    "Actual Total Time": 726.892,
                                                                    "Actual Rows": 2826264,
                                                                    "Actual Loops": 1
                                                                },
                                                                {
                                                                    "Worker Number": 4,
                                                                    "Actual Startup Time": 248.6,
                                                                    "Actual Total Time": 727.153,
                                                                    "Actual Rows": 2373046,
                                                                    "Actual Loops": 1
                                                                }
                                                            ]
                                                        },
                                                        {
                                                            "Node Type": "Hash",
                                                            "Parent Relationship": "Inner",
                                                            "Parallel Aware": true,
                                                            "Startup Cost": 43899.01,
                                                            "Total Cost": 43899.01,
                                                            "Plan Rows": 515515,
                                                            "Plan Width": 4,
                                                            "Actual Startup Time": 224.492,
                                                            "Actual Total Time": 224.493,
                                                            "Actual Rows": 344092,
                                                            "Actual Loops": 6,
                                                            "Output": [
                                                                "t.id"
                                                            ],
                                                            "Hash Buckets": 2097152,
                                                            "Original Hash Buckets": 2097152,
                                                            "Hash Batches": 1,
                                                            "Original Hash Batches": 1,
                                                            "Peak Memory Usage": 97248,
                                                            "Workers": [
                                                                {
                                                                    "Worker Number": 0,
                                                                    "Actual Startup Time": 226.431,
                                                                    "Actual Total Time": 226.433,
                                                                    "Actual Rows": 263992,
                                                                    "Actual Loops": 1
                                                                },
                                                                {
                                                                    "Worker Number": 1,
                                                                    "Actual Startup Time": 226.407,
                                                                    "Actual Total Time": 226.408,
                                                                    "Actual Rows": 261631,
                                                                    "Actual Loops": 1
                                                                },
                                                                {
                                                                    "Worker Number": 2,
                                                                    "Actual Startup Time": 226.415,
                                                                    "Actual Total Time": 226.416,
                                                                    "Actual Rows": 366234,
                                                                    "Actual Loops": 1
                                                                },
                                                                {
                                                                    "Worker Number": 3,
                                                                    "Actual Startup Time": 226.409,
                                                                    "Actual Total Time": 226.411,
                                                                    "Actual Rows": 361864,
                                                                    "Actual Loops": 1
                                                                },
                                                                {
                                                                    "Worker Number": 4,
                                                                    "Actual Startup Time": 226.423,
                                                                    "Actual Total Time": 226.425,
                                                                    "Actual Rows": 316741,
                                                                    "Actual Loops": 1
                                                                }
                                                            ],
                                                            "Plans": [
                                                                {
                                                                    "Node Type": "Seq Scan",
                                                                    "Parent Relationship": "Outer",
                                                                    "Parallel Aware": true,
                                                                    "Relation Name": "title",
                                                                    "Schema": "public",
                                                                    "Alias": "t",
                                                                    "Startup Cost": 0.0,
                                                                    "Total Cost": 43899.01,
                                                                    "Plan Rows": 515515,
                                                                    "Plan Width": 4,
                                                                    "Actual Startup Time": 0.05,
                                                                    "Actual Total Time": 87.122,
                                                                    "Actual Rows": 344092,
                                                                    "Actual Loops": 6,
                                                                    "Output": [
                                                                        "t.id"
                                                                    ],
                                                                    "Filter": "(t.production_year < 2011)",
                                                                    "Rows Removed by Filter": 77293,
                                                                    "Workers": [
                                                                        {
                                                                            "Worker Number": 0,
                                                                            "Actual Startup Time": 0.06,
                                                                            "Actual Total Time": 93.224,
                                                                            "Actual Rows": 263992,
                                                                            "Actual Loops": 1
                                                                        },
                                                                        {
                                                                            "Worker Number": 1,
                                                                            "Actual Startup Time": 0.051,
                                                                            "Actual Total Time": 93.709,
                                                                            "Actual Rows": 261631,
                                                                            "Actual Loops": 1
                                                                        },
                                                                        {
                                                                            "Worker Number": 2,
                                                                            "Actual Startup Time": 0.049,
                                                                            "Actual Total Time": 88.595,
                                                                            "Actual Rows": 366234,
                                                                            "Actual Loops": 1
                                                                        },
                                                                        {
                                                                            "Worker Number": 3,
                                                                            "Actual Startup Time": 0.065,
                                                                            "Actual Total Time": 87.959,
                                                                            "Actual Rows": 361864,
                                                                            "Actual Loops": 1
                                                                        },
                                                                        {
                                                                            "Worker Number": 4,
                                                                            "Actual Startup Time": 0.059,
                                                                            "Actual Total Time": 83.285,
                                                                            "Actual Rows": 316741,
                                                                            "Actual Loops": 1
                                                                        }
                                                                    ]
                                                                }
                                                            ]
                                                        }
                                                    ]
                                                }
                                            ]
                                        }
                                    ]
                                }
                            ]
                        }
                    ]
                }
            ]
        },
        "Planning Time": 188.408,
        "Triggers": [],
        "Execution Time": 9250.458
    }
]