[
    {
        "Bao": {
            "Bao prediction": 494.849,
            "Bao recommended hint": "(no hint)"
        }
    },
    {
        "Plan": {
            "Node Type": "Aggregate",
            "Strategy": "Plain",
            "Partial Mode": "Finalize",
            "Parallel Aware": false,
            "Startup Cost": 350429.56,
            "Total Cost": 350429.57,
            "Plan Rows": 1,
            "Plan Width": 8,
            "Actual Startup Time": 993.249,
            "Actual Total Time": 1024.718,
            "Actual Rows": 1,
            "Actual Loops": 1,
            "Output": [
                "count(*)"
            ],
            "Plans": [
                {
                    "Node Type": "Gather",
                    "Parent Relationship": "Outer",
                    "Parallel Aware": false,
                    "Startup Cost": 350428.93,
                    "Total Cost": 350429.54,
                    "Plan Rows": 6,
                    "Plan Width": 8,
                    "Actual Startup Time": 993.037,
                    "Actual Total Time": 1024.711,
                    "Actual Rows": 7,
                    "Actual Loops": 1,
                    "Output": [
                        "(PARTIAL count(*))"
                    ],
                    "Workers Planned": 6,
                    "Workers Launched": 6,
                    "Single Copy": false,
                    "Plans": [
                        {
                            "Node Type": "Aggregate",
                            "Strategy": "Plain",
                            "Partial Mode": "Partial",
                            "Parent Relationship": "Outer",
                            "Parallel Aware": false,
                            "Startup Cost": 349428.93,
                            "Total Cost": 349428.95,
                            "Plan Rows": 1,
                            "Plan Width": 8,
                            "Actual Startup Time": 983.569,
                            "Actual Total Time": 983.571,
                            "Actual Rows": 1,
                            "Actual Loops": 7,
                            "Output": [
                                "PARTIAL count(*)"
                            ],
                            "Workers": [
                                {
                                    "Worker Number": 0,
                                    "Actual Startup Time": 981.534,
                                    "Actual Total Time": 981.535,
                                    "Actual Rows": 1,
                                    "Actual Loops": 1
                                },
                                {
                                    "Worker Number": 1,
                                    "Actual Startup Time": 981.85,
                                    "Actual Total Time": 981.851,
                                    "Actual Rows": 1,
                                    "Actual Loops": 1
                                },
                                {
                                    "Worker Number": 2,
                                    "Actual Startup Time": 981.988,
                                    "Actual Total Time": 981.99,
                                    "Actual Rows": 1,
                                    "Actual Loops": 1
                                },
                                {
                                    "Worker Number": 3,
                                    "Actual Startup Time": 982.004,
                                    "Actual Total Time": 982.005,
                                    "Actual Rows": 1,
                                    "Actual Loops": 1
                                },
                                {
                                    "Worker Number": 4,
                                    "Actual Startup Time": 982.624,
                                    "Actual Total Time": 982.625,
                                    "Actual Rows": 1,
                                    "Actual Loops": 1
                                },
                                {
                                    "Worker Number": 5,
                                    "Actual Startup Time": 982.756,
                                    "Actual Total Time": 982.758,
                                    "Actual Rows": 1,
                                    "Actual Loops": 1
                                }
                            ],
                            "Plans": [
                                {
                                    "Node Type": "Seq Scan",
                                    "Parent Relationship": "Outer",
                                    "Parallel Aware": true,
                                    "Relation Name": "cast_info",
                                    "Schema": "public",
                                    "Alias": "ci",
                                    "Startup Cost": 0.0,
                                    "Total Cost": 343318.94,
                                    "Plan Rows": 2443998,
                                    "Plan Width": 0,
                                    "Actual Startup Time": 250.525,
                                    "Actual Total Time": 812.347,
                                    "Actual Rows": 2828317,
                                    "Actual Loops": 7,
                                    "Output": [
                                        "id",
                                        "person_id",
                                        "movie_id",
                                        "person_role_id",
                                        "note",
                                        "nr_order",
                                        "role_id"
                                    ],
                                    "Filter": "((ci.person_id > 1340627) AND (ci.role_id > 1))",
                                    "Rows Removed by Filter": 2349446,
                                    "Workers": [
                                        {
                                            "Worker Number": 0,
                                            "Actual Startup Time": 248.51,
                                            "Actual Total Time": 811.943,
                                            "Actual Rows": 2559322,
                                            "Actual Loops": 1
                                        },
                                        {
                                            "Worker Number": 1,
                                            "Actual Startup Time": 248.782,
                                            "Actual Total Time": 812.698,
                                            "Actual Rows": 2547880,
                                            "Actual Loops": 1
                                        },
                                        {
                                            "Worker Number": 2,
                                            "Actual Startup Time": 248.952,
                                            "Actual Total Time": 812.801,
                                            "Actual Rows": 2551775,
                                            "Actual Loops": 1
                                        },
                                        {
                                            "Worker Number": 3,
                                            "Actual Startup Time": 248.961,
                                            "Actual Total Time": 812.241,
                                            "Actual Rows": 2560177,
                                            "Actual Loops": 1
                                        },
                                        {
                                            "Worker Number": 4,
                                            "Actual Startup Time": 249.568,
                                            "Actual Total Time": 813.491,
                                            "Actual Rows": 2545455,
                                            "Actual Loops": 1
                                        },
                                        {
                                            "Worker Number": 5,
                                            "Actual Startup Time": 249.718,
                                            "Actual Total Time": 817.2,
                                            "Actual Rows": 2501896,
                                            "Actual Loops": 1
                                        }
                                    ]
                                }
                            ]
                        }
                    ]
                }
            ]
        },
        "Planning Time": 1106.283,
        "Triggers": [],
        "Execution Time": 1024.817
    }
]