{
  "Plan": {
    "Node Type": "Aggregate",
    "Strategy": "Plain",
    "Partial Mode": "Finalize",
    "Parallel Aware": false,
    "Startup Cost": 33159.05,
    "Total Cost": 33159.06,
    "Plan Rows": 1,
    "Plan Width": 8,
    "Actual Startup Time": 17.173,
    "Actual Total Time": 19.278,
    "Actual Rows": 1,
    "Actual Loops": 1,
    "Plans": [
      {
        "Node Type": "Gather",
        "Parent Relationship": "Outer",
        "Parallel Aware": false,
        "Startup Cost": 33158.94,
        "Total Cost": 33159.05,
        "Plan Rows": 1,
        "Plan Width": 8,
        "Actual Startup Time": 17.059,
        "Actual Total Time": 19.271,
        "Actual Rows": 2,
        "Actual Loops": 1,
        "Workers Planned": 1,
        "Workers Launched": 1,
        "Single Copy": false,
        "Plans": [
          {
            "Node Type": "Aggregate",
            "Strategy": "Plain",
            "Partial Mode": "Partial",
            "Parent Relationship": "Outer",
            "Parallel Aware": false,
            "Startup Cost": 32158.94,
            "Total Cost": 32158.95,
            "Plan Rows": 1,
            "Plan Width": 8,
            "Actual Startup Time": 13.991,
            "Actual Total Time": 13.992,
            "Actual Rows": 1,
            "Actual Loops": 2,
            "Plans": [
              {
                "Node Type": "Nested Loop",
                "Parent Relationship": "Outer",
                "Parallel Aware": false,
                "Join Type": "Inner",
                "Startup Cost": 101.09,
                "Total Cost": 32152.07,
                "Plan Rows": 2750,
                "Plan Width": 0,
                "Actual Startup Time": 1.265,
                "Actual Total Time": 13.676,
                "Actual Rows": 2172,
                "Actual Loops": 2,
                "Inner Unique": true,
                "Plans": [
                  {
                    "Node Type": "Bitmap Heap Scan",
                    "Parent Relationship": "Outer",
                    "Parallel Aware": true,
                    "Relation Name": "movie_keyword",
                    "Alias": "mk",
                    "Startup Cost": 100.66,
                    "Total Cost": 11857.91,
                    "Plan Rows": 2750,
                    "Plan Width": 4,
                    "Actual Startup Time": 1.175,
                    "Actual Total Time": 2.077,
                    "Actual Rows": 2172,
                    "Actual Loops": 2,
                    "Recheck Cond": "(keyword_id = 29029)",
                    "Rows Removed by Index Recheck": 0,
                    "Exact Heap Blocks": 106,
                    "Lossy Heap Blocks": 0,
                    "Plans": [
                      {
                        "Node Type": "Bitmap Index Scan",
                        "Parent Relationship": "Outer",
                        "Parallel Aware": false,
                        "Index Name": "keyword_id_movie_keyword",
                        "Startup Cost": 0.0,
                        "Total Cost": 99.5,
                        "Plan Rows": 4675,
                        "Plan Width": 0,
                        "Actual Startup Time": 2.207,
                        "Actual Total Time": 2.207,
                        "Actual Rows": 4343,
                        "Actual Loops": 1,
                        "Index Cond": "(keyword_id = 29029)"
                      }
                    ]
                  },
                  {
                    "Node Type": "Index Only Scan",
                    "Parent Relationship": "Inner",
                    "Parallel Aware": false,
                    "Scan Direction": "Forward",
                    "Index Name": "title_pkey",
                    "Relation Name": "title",
                    "Alias": "t",
                    "Startup Cost": 0.43,
                    "Total Cost": 7.38,
                    "Plan Rows": 1,
                    "Plan Width": 4,
                    "Actual Startup Time": 0.005,
                    "Actual Total Time": 0.005,
                    "Actual Rows": 1,
                    "Actual Loops": 4343,
                    "Index Cond": "(id = mk.movie_id)",
                    "Rows Removed by Index Recheck": 0,
                    "Heap Fetches": 4343
                  }
                ]
              }
            ]
          }
        ]
      }
    ]
  },
  "Planning Time": 0.383,
  "Triggers": [],
  "Execution Time": 19.389
}