{
  "Plan": {
    "Node Type": "Aggregate",
    "Strategy": "Plain",
    "Partial Mode": "Finalize",
    "Parallel Aware": false,
    "Startup Cost": 277167.68,
    "Total Cost": 277167.69,
    "Plan Rows": 1,
    "Plan Width": 8,
    "Actual Startup Time": 2130.202,
    "Actual Total Time": 2212.399,
    "Actual Rows": 1,
    "Actual Loops": 1,
    "Plans": [
      {
        "Node Type": "Gather",
        "Parent Relationship": "Outer",
        "Parallel Aware": false,
        "Startup Cost": 277167.57,
        "Total Cost": 277167.68,
        "Plan Rows": 1,
        "Plan Width": 8,
        "Actual Startup Time": 2128.816,
        "Actual Total Time": 2212.389,
        "Actual Rows": 2,
        "Actual Loops": 1,
        "Workers Planned": 1,
        "Workers Launched": 1,
        "Single Copy": false,
        "Plans": [
          {
            "Node Type": "Aggregate",
            "Strategy": "Plain",
            "Partial Mode": "Partial",
            "Parent Relationship": "Outer",
            "Parallel Aware": false,
            "Startup Cost": 276167.57,
            "Total Cost": 276167.58,
            "Plan Rows": 1,
            "Plan Width": 8,
            "Actual Startup Time": 2122.563,
            "Actual Total Time": 2122.568,
            "Actual Rows": 1,
            "Actual Loops": 2,
            "Plans": [
              {
                "Node Type": "Nested Loop",
                "Parent Relationship": "Outer",
                "Parallel Aware": false,
                "Join Type": "Inner",
                "Startup Cost": 31562.42,
                "Total Cost": 275918.4,
                "Plan Rows": 99669,
                "Plan Width": 0,
                "Actual Startup Time": 135.647,
                "Actual Total Time": 2081.013,
                "Actual Rows": 752558,
                "Actual Loops": 2,
                "Inner Unique": false,
                "Plans": [
                  {
                    "Node Type": "Hash Join",
                    "Parent Relationship": "Outer",
                    "Parallel Aware": true,
                    "Join Type": "Inner",
                    "Startup Cost": 31561.99,
                    "Total Cost": 92367.5,
                    "Plan Rows": 108801,
                    "Plan Width": 8,
                    "Actual Startup Time": 135.569,
                    "Actual Total Time": 620.275,
                    "Actual Rows": 143525,
                    "Actual Loops": 2,
                    "Inner Unique": false,
                    "Hash Cond": "(t.id = mc.movie_id)",
                    "Plans": [
                      {
                        "Node Type": "Seq Scan",
                        "Parent Relationship": "Outer",
                        "Parallel Aware": true,
                        "Relation Name": "title",
                        "Alias": "t",
                        "Startup Cost": 0.0,
                        "Total Cost": 50870.31,
                        "Plan Rows": 1487231,
                        "Plan Width": 4,
                        "Actual Startup Time": 0.011,
                        "Actual Total Time": 137.645,
                        "Actual Rows": 1264156,
                        "Actual Loops": 2
                      },
                      {
                        "Node Type": "Hash",
                        "Parent Relationship": "Inner",
                        "Parallel Aware": true,
                        "Startup Cost": 30201.98,
                        "Total Cost": 30201.98,
                        "Plan Rows": 108801,
                        "Plan Width": 4,
                        "Actual Startup Time": 132.174,
                        "Actual Total Time": 132.175,
                        "Actual Rows": 143525,
                        "Actual Loops": 2,
                        "Hash Buckets": 524288,
                        "Original Hash Buckets": 262144,
                        "Hash Batches": 1,
                        "Original Hash Batches": 1,
                        "Peak Memory Usage": 17408,
                        "Plans": [
                          {
                            "Node Type": "Bitmap Heap Scan",
                            "Parent Relationship": "Outer",
                            "Parallel Aware": true,
                            "Relation Name": "movie_companies",
                            "Alias": "mc",
                            "Startup Cost": 8096.68,
                            "Total Cost": 30201.98,
                            "Plan Rows": 108801,
                            "Plan Width": 4,
                            "Actual Startup Time": 33.512,
                            "Actual Total Time": 95.303,
                            "Actual Rows": 143525,
                            "Actual Loops": 2,
                            "Recheck Cond": "(company_id < 212)",
                            "Rows Removed by Index Recheck": 0,
                            "Filter": "(company_type_id < 2)",
                            "Rows Removed by Filter": 43094,
                            "Exact Heap Blocks": 13680,
                            "Lossy Heap Blocks": 0,
                            "Plans": [
                              {
                                "Node Type": "Bitmap Index Scan",
                                "Parent Relationship": "Outer",
                                "Parallel Aware": false,
                                "Index Name": "company_id_movie_companies",
                                "Startup Cost": 0.0,
                                "Total Cost": 8050.44,
                                "Plan Rows": 375734,
                                "Plan Width": 0,
                                "Actual Startup Time": 32.642,
                                "Actual Total Time": 32.642,
                                "Actual Rows": 373239,
                                "Actual Loops": 1,
                                "Index Cond": "(company_id < 212)"
                              }
                            ]
                          }
                        ]
                      }
                    ]
                  },
                  {
                    "Node Type": "Index Scan",
                    "Parent Relationship": "Inner",
                    "Parallel Aware": false,
                    "Scan Direction": "Forward",
                    "Index Name": "movie_id_movie_info",
                    "Relation Name": "movie_info",
                    "Alias": "mi",
                    "Startup Cost": 0.43,
                    "Total Cost": 1.62,
                    "Plan Rows": 7,
                    "Plan Width": 4,
                    "Actual Startup Time": 0.005,
                    "Actual Total Time": 0.009,
                    "Actual Rows": 5,
                    "Actual Loops": 287050,
                    "Index Cond": "(movie_id = t.id)",
                    "Rows Removed by Index Recheck": 0,
                    "Filter": "(info_type_id > 16)",
                    "Rows Removed by Filter": 13
                  }
                ]
              }
            ]
          }
        ]
      }
    ]
  },
  "Planning Time": 0.664,
  "Triggers": [],
  "Execution Time": 2212.528
}