{
  "Plan": {
    "Node Type": "Aggregate",
    "Strategy": "Plain",
    "Partial Mode": "Finalize",
    "Parallel Aware": false,
    "Startup Cost": 315146.43,
    "Total Cost": 315146.44,
    "Plan Rows": 1,
    "Plan Width": 8,
    "Actual Startup Time": 190.966,
    "Actual Total Time": 212.919,
    "Actual Rows": 1,
    "Actual Loops": 1,
    "Plans": [
      {
        "Node Type": "Gather",
        "Parent Relationship": "Outer",
        "Parallel Aware": false,
        "Startup Cost": 315146.32,
        "Total Cost": 315146.43,
        "Plan Rows": 1,
        "Plan Width": 8,
        "Actual Startup Time": 190.827,
        "Actual Total Time": 212.91,
        "Actual Rows": 2,
        "Actual Loops": 1,
        "Workers Planned": 1,
        "Workers Launched": 1,
        "Single Copy": false,
        "Plans": [
          {
            "Node Type": "Aggregate",
            "Strategy": "Plain",
            "Partial Mode": "Partial",
            "Parent Relationship": "Outer",
            "Parallel Aware": false,
            "Startup Cost": 314146.32,
            "Total Cost": 314146.33,
            "Plan Rows": 1,
            "Plan Width": 8,
            "Actual Startup Time": 184.608,
            "Actual Total Time": 184.61,
            "Actual Rows": 1,
            "Actual Loops": 2,
            "Plans": [
              {
                "Node Type": "Nested Loop",
                "Parent Relationship": "Outer",
                "Parallel Aware": false,
                "Join Type": "Inner",
                "Startup Cost": 0.56,
                "Total Cost": 314112.42,
                "Plan Rows": 13559,
                "Plan Width": 0,
                "Actual Startup Time": 93.107,
                "Actual Total Time": 184.292,
                "Actual Rows": 4033,
                "Actual Loops": 2,
                "Inner Unique": false,
                "Plans": [
                  {
                    "Node Type": "Seq Scan",
                    "Parent Relationship": "Outer",
                    "Parallel Aware": true,
                    "Relation Name": "title",
                    "Alias": "t",
                    "Startup Cost": 0.0,
                    "Total Cost": 58306.47,
                    "Plan Rows": 2080,
                    "Plan Width": 4,
                    "Actual Startup Time": 93.007,
                    "Actual Total Time": 138.995,
                    "Actual Rows": 3885,
                    "Actual Loops": 2,
                    "Filter": "((kind_id < 7) AND (production_year = 1912))",
                    "Rows Removed by Filter": 1260271
                  },
                  {
                    "Node Type": "Index Scan",
                    "Parent Relationship": "Inner",
                    "Parallel Aware": false,
                    "Scan Direction": "Forward",
                    "Index Name": "movie_id_cast_info",
                    "Relation Name": "cast_info",
                    "Alias": "ci",
                    "Startup Cost": 0.56,
                    "Total Cost": 122.81,
                    "Plan Rows": 17,
                    "Plan Width": 4,
                    "Actual Startup Time": 0.01,
                    "Actual Total Time": 0.011,
                    "Actual Rows": 1,
                    "Actual Loops": 7770,
                    "Index Cond": "(movie_id = t.id)",
                    "Rows Removed by Index Recheck": 0,
                    "Filter": "(person_id > 1986773)",
                    "Rows Removed by Filter": 2
                  }
                ]
              }
            ]
          }
        ]
      }
    ]
  },
  "Planning Time": 0.507,
  "Triggers": [],
  "Execution Time": 213.007
}