[
  {
    "Plan": {
      "Node Type": "Aggregate",
      "Strategy": "Plain",
      "Partial Mode": "Simple",
      "Parallel Aware": false,
      "Startup Cost": 3969.34,
      "Total Cost": 3969.35,
      "Plan Rows": 1,
      "Plan Width": 64,
      "Actual Startup Time": 3514.301,
      "Actual Total Time": 3514.305,
      "Actual Rows": 1,
      "Actual Loops": 1,
      "Output": [
        "min(an.name)",
        "min(t.title)"
      ],
      "Plans": [
        {
          "Node Type": "Nested Loop",
          "Parent Relationship": "Outer",
          "Parallel Aware": false,
          "Join Type": "Inner",
          "Startup Cost": 13.5,
          "Total Cost": 3968.19,
          "Plan Rows": 229,
          "Plan Width": 33,
          "Actual Startup Time": 20.411,
          "Actual Total Time": 3477.145,
          "Actual Rows": 224916,
          "Actual Loops": 1,
          "Output": [
            "an.name",
            "t.title"
          ],
          "Inner Unique": false,
          "Join Filter": "(n.id = an.person_id)",
          "Rows Removed by Join Filter": 0,
          "Plans": [
            {
              "Node Type": "Nested Loop",
              "Parent Relationship": "Outer",
              "Parallel Aware": false,
              "Join Type": "Inner",
              "Startup Cost": 13.08,
              "Total Cost": 3920.5,
              "Plan Rows": 98,
              "Plan Width": 25,
              "Actual Startup Time": 20.251,
              "Actual Total Time": 2643.465,
              "Actual Rows": 229732,
              "Actual Loops": 1,
              "Output": [
                "ci.person_id",
                "n.id",
                "t.title"
              ],
              "Inner Unique": true,
              "Plans": [
                {
                  "Node Type": "Nested Loop",
                  "Parent Relationship": "Outer",
                  "Parallel Aware": false,
                  "Join Type": "Inner",
                  "Startup Cost": 12.65,
                  "Total Cost": 3875.88,
                  "Plan Rows": 98,
                  "Plan Width": 21,
                  "Actual Startup Time": 20.127,
                  "Actual Total Time": 1522.66,
                  "Actual Rows": 229732,
                  "Actual Loops": 1,
                  "Output": [
                    "ci.person_id",
                    "t.title"
                  ],
                  "Inner Unique": false,
                  "Join Filter": "(t.id = ci.movie_id)",
                  "Rows Removed by Join Filter": 0,
                  "Plans": [
                    {
                      "Node Type": "Nested Loop",
                      "Parent Relationship": "Outer",
                      "Parallel Aware": false,
                      "Join Type": "Inner",
                      "Startup Cost": 12.08,
                      "Total Cost": 3865.82,
                      "Plan Rows": 5,
                      "Plan Width": 29,
                      "Actual Startup Time": 19.661,
                      "Actual Total Time": 933.859,
                      "Actual Rows": 4485,
                      "Actual Loops": 1,
                      "Output": [
                        "mc.movie_id",
                        "mk.movie_id",
                        "t.title",
                        "t.id"
                      ],
                      "Inner Unique": true,
                      "Plans": [
                        {
                          "Node Type": "Nested Loop",
                          "Parent Relationship": "Outer",
                          "Parallel Aware": false,
                          "Join Type": "Inner",
                          "Startup Cost": 11.65,
                          "Total Cost": 3863.38,
                          "Plan Rows": 5,
                          "Plan Width": 8,
                          "Actual Startup Time": 19.586,
                          "Actual Total Time": 899.997,
                          "Actual Rows": 4485,
                          "Actual Loops": 1,
                          "Output": [
                            "mc.movie_id",
                            "mk.movie_id"
                          ],
                          "Inner Unique": true,
                          "Plans": [
                            {
                              "Node Type": "Nested Loop",
                              "Parent Relationship": "Outer",
                              "Parallel Aware": false,
                              "Join Type": "Inner",
                              "Startup Cost": 11.23,
                              "Total Cost": 3781.77,
                              "Plan Rows": 183,
                              "Plan Width": 12,
                              "Actual Startup Time": 19.29,
                              "Actual Total Time": 498.489,
                              "Actual Rows": 148552,
                              "Actual Loops": 1,
                              "Output": [
                                "mk.movie_id",
                                "mc.movie_id",
                                "mc.company_id"
                              ],
                              "Inner Unique": false,
                              "Plans": [
                                {
                                  "Node Type": "Nested Loop",
                                  "Parent Relationship": "Outer",
                                  "Parallel Aware": false,
                                  "Join Type": "Inner",
                                  "Startup Cost": 10.8,
                                  "Total Cost": 3761.63,
                                  "Plan Rows": 34,
                                  "Plan Width": 4,
                                  "Actual Startup Time": 19.006,
                                  "Actual Total Time": 116.248,
                                  "Actual Rows": 41840,
                                  "Actual Loops": 1,
                                  "Output": [
                                    "mk.movie_id"
                                  ],
                                  "Inner Unique": false,
                                  "Plans": [
                                    {
                                      "Node Type": "Seq Scan",
                                      "Parent Relationship": "Outer",
                                      "Parallel Aware": false,
                                      "Relation Name": "keyword",
                                      "Schema": "public",
                                      "Alias": "k",
                                      "Startup Cost": 0.0,
                                      "Total Cost": 2626.12,
                                      "Plan Rows": 1,
                                      "Plan Width": 4,
                                      "Actual Startup Time": 2.34,
                                      "Actual Total Time": 11.736,
                                      "Actual Rows": 1,
                                      "Actual Loops": 1,
                                      "Output": [
                                        "k.id",
                                        "k.keyword",
                                        "k.phonetic_code"
                                      ],
                                      "Filter": "(k.keyword = 'character-name-in-title'::text)",
                                      "Rows Removed by Filter": 134169
                                    },
                                    {
                                      "Node Type": "Bitmap Heap Scan",
                                      "Parent Relationship": "Inner",
                                      "Parallel Aware": false,
                                      "Relation Name": "movie_keyword",
                                      "Schema": "public",
                                      "Alias": "mk",
                                      "Startup Cost": 10.8,
                                      "Total Cost": 1132.44,
                                      "Plan Rows": 306,
                                      "Plan Width": 8,
                                      "Actual Startup Time": 16.651,
                                      "Actual Total Time": 97.56,
                                      "Actual Rows": 41840,
                                      "Actual Loops": 1,
                                      "Output": [
                                        "mk.id",
                                        "mk.movie_id",
                                        "mk.keyword_id"
                                      ],
                                      "Recheck Cond": "(mk.keyword_id = k.id)",
                                      "Rows Removed by Index Recheck": 0,
                                      "Exact Heap Blocks": 11541,
                                      "Lossy Heap Blocks": 0,
                                      "Plans": [
                                        {
                                          "Node Type": "Bitmap Index Scan",
                                          "Parent Relationship": "Outer",
                                          "Parallel Aware": false,
                                          "Index Name": "keyword_id_movie_keyword",
                                          "Startup Cost": 0.0,
                                          "Total Cost": 10.73,
                                          "Plan Rows": 306,
                                          "Plan Width": 0,
                                          "Actual Startup Time": 12.407,
                                          "Actual Total Time": 12.407,
                                          "Actual Rows": 41840,
                                          "Actual Loops": 1,
                                          "Index Cond": "(mk.keyword_id = k.id)"
                                        }
                                      ]
                                    }
                                  ]
                                },
                                {
                                  "Node Type": "Index Scan",
                                  "Parent Relationship": "Inner",
                                  "Parallel Aware": false,
                                  "Scan Direction": "Forward",
                                  "Index Name": "movie_id_movie_companies",
                                  "Relation Name": "movie_companies",
                                  "Schema": "public",
                                  "Alias": "mc",
                                  "Startup Cost": 0.43,
                                  "Total Cost": 0.54,
                                  "Plan Rows": 5,
                                  "Plan Width": 8,
                                  "Actual Startup Time": 0.006,
                                  "Actual Total Time": 0.008,
                                  "Actual Rows": 4,
                                  "Actual Loops": 41840,
                                  "Output": [
                                    "mc.id",
                                    "mc.movie_id",
                                    "mc.company_id",
                                    "mc.company_type_id",
                                    "mc.note"
                                  ],
                                  "Index Cond": "(mc.movie_id = mk.movie_id)",
                                  "Rows Removed by Index Recheck": 0
                                }
                              ]
                            },
                            {
                              "Node Type": "Index Scan",
                              "Parent Relationship": "Inner",
                              "Parallel Aware": false,
                              "Scan Direction": "Forward",
                              "Index Name": "company_name_pkey",
                              "Relation Name": "company_name",
                              "Schema": "public",
                              "Alias": "cn",
                              "Startup Cost": 0.42,
                              "Total Cost": 0.45,
                              "Plan Rows": 1,
                              "Plan Width": 4,
                              "Actual Startup Time": 0.002,
                              "Actual Total Time": 0.002,
                              "Actual Rows": 0,
                              "Actual Loops": 148552,
                              "Output": [
                                "cn.id",
                                "cn.name",
                                "cn.country_code",
                                "cn.imdb_id",
                                "cn.name_pcode_nf",
                                "cn.name_pcode_sf",
                                "cn.md5sum"
                              ],
                              "Index Cond": "(cn.id = mc.company_id)",
                              "Rows Removed by Index Recheck": 0,
                              "Filter": "((cn.country_code)::text = '[jp]'::text)",
                              "Rows Removed by Filter": 1
                            }
                          ]
                        },
                        {
                          "Node Type": "Index Scan",
                          "Parent Relationship": "Inner",
                          "Parallel Aware": false,
                          "Scan Direction": "Forward",
                          "Index Name": "title_pkey",
                          "Relation Name": "title",
                          "Schema": "public",
                          "Alias": "t",
                          "Startup Cost": 0.43,
                          "Total Cost": 0.49,
                          "Plan Rows": 1,
                          "Plan Width": 21,
                          "Actual Startup Time": 0.007,
                          "Actual Total Time": 0.007,
                          "Actual Rows": 1,
                          "Actual Loops": 4485,
                          "Output": [
                            "t.id",
                            "t.title",
                            "t.imdb_index",
                            "t.kind_id",
                            "t.production_year",
                            "t.imdb_id",
                            "t.phonetic_code",
                            "t.episode_of_id",
                            "t.season_nr",
                            "t.episode_nr",
                            "t.series_years",
                            "t.md5sum"
                          ],
                          "Index Cond": "(t.id = mk.movie_id)",
                          "Rows Removed by Index Recheck": 0
                        }
                      ]
                    },
                    {
                      "Node Type": "Index Scan",
                      "Parent Relationship": "Inner",
                      "Parallel Aware": false,
                      "Scan Direction": "Forward",
                      "Index Name": "movie_id_cast_info",
                      "Relation Name": "cast_info",
                      "Schema": "public",
                      "Alias": "ci",
                      "Startup Cost": 0.56,
                      "Total Cost": 1.55,
                      "Plan Rows": 37,
                      "Plan Width": 8,
                      "Actual Startup Time": 0.011,
                      "Actual Total Time": 0.122,
                      "Actual Rows": 51,
                      "Actual Loops": 4485,
                      "Output": [
                        "ci.id",
                        "ci.person_id",
                        "ci.movie_id",
                        "ci.person_role_id",
                        "ci.note",
                        "ci.nr_order",
                        "ci.role_id"
                      ],
                      "Index Cond": "(ci.movie_id = mk.movie_id)",
                      "Rows Removed by Index Recheck": 0
                    }
                  ]
                },
                {
                  "Node Type": "Index Only Scan",
                  "Parent Relationship": "Inner",
                  "Parallel Aware": false,
                  "Scan Direction": "Forward",
                  "Index Name": "name_pkey",
                  "Relation Name": "name",
                  "Schema": "public",
                  "Alias": "n",
                  "Startup Cost": 0.43,
                  "Total Cost": 0.46,
                  "Plan Rows": 1,
                  "Plan Width": 4,
                  "Actual Startup Time": 0.005,
                  "Actual Total Time": 0.005,
                  "Actual Rows": 1,
                  "Actual Loops": 229732,
                  "Output": [
                    "n.id"
                  ],
                  "Index Cond": "(n.id = ci.person_id)",
                  "Rows Removed by Index Recheck": 0,
                  "Heap Fetches": 229732
                }
              ]
            },
            {
              "Node Type": "Index Scan",
              "Parent Relationship": "Inner",
              "Parallel Aware": false,
              "Scan Direction": "Forward",
              "Index Name": "person_id_aka_name",
              "Relation Name": "aka_name",
              "Schema": "public",
              "Alias": "an",
              "Startup Cost": 0.42,
              "Total Cost": 0.46,
              "Plan Rows": 2,
              "Plan Width": 20,
              "Actual Startup Time": 0.003,
              "Actual Total Time": 0.003,
              "Actual Rows": 1,
              "Actual Loops": 229732,
              "Output": [
                "an.id",
                "an.person_id",
                "an.name",
                "an.imdb_index",
                "an.name_pcode_cf",
                "an.name_pcode_nf",
                "an.surname_pcode",
                "an.md5sum"
              ],
              "Index Cond": "(an.person_id = ci.person_id)",
              "Rows Removed by Index Recheck": 0
            }
          ]
        }
      ]
    },
    "Planning Time": 66448.816,
    "Triggers": [],
    "Execution Time": 3514.774
  }
]