[
  {
    "Plan": {
      "Node Type": "Aggregate",
      "Strategy": "Plain",
      "Partial Mode": "Finalize",
      "Parallel Aware": false,
      "Startup Cost": 67854.92,
      "Total Cost": 67854.93,
      "Plan Rows": 1,
      "Plan Width": 8,
      "Actual Startup Time": 109.757,
      "Actual Total Time": 123.228,
      "Actual Rows": 1,
      "Actual Loops": 1,
      "Plans": [
        {
          "Node Type": "Gather",
          "Parent Relationship": "Outer",
          "Parallel Aware": false,
          "Startup Cost": 67854.5,
          "Total Cost": 67854.91,
          "Plan Rows": 4,
          "Plan Width": 8,
          "Actual Startup Time": 109.626,
          "Actual Total Time": 123.221,
          "Actual Rows": 5,
          "Actual Loops": 1,
          "Workers Planned": 4,
          "Workers Launched": 4,
          "Single Copy": false,
          "Plans": [
            {
              "Node Type": "Aggregate",
              "Strategy": "Plain",
              "Partial Mode": "Partial",
              "Parent Relationship": "Outer",
              "Parallel Aware": false,
              "Startup Cost": 66854.5,
              "Total Cost": 66854.51,
              "Plan Rows": 1,
              "Plan Width": 8,
              "Actual Startup Time": 99.896,
              "Actual Total Time": 99.897,
              "Actual Rows": 1,
              "Actual Loops": 5,
              "Plans": [
                {
                  "Node Type": "Nested Loop",
                  "Parent Relationship": "Outer",
                  "Parallel Aware": false,
                  "Join Type": "Inner",
                  "Startup Cost": 0.43,
                  "Total Cost": 66842.82,
                  "Plan Rows": 4672,
                  "Plan Width": 0,
                  "Actual Startup Time": 1.394,
                  "Actual Total Time": 99.76,
                  "Actual Rows": 1712,
                  "Actual Loops": 5,
                  "Inner Unique": false,
                  "Plans": [
                    {
                      "Node Type": "Seq Scan",
                      "Parent Relationship": "Outer",
                      "Parallel Aware": true,
                      "Relation Name": "title",
                      "Alias": "t",
                      "Startup Cost": 0.0,
                      "Total Cost": 45479.1,
                      "Plan Rows": 2611,
                      "Plan Width": 4,
                      "Actual Startup Time": 0.148,
                      "Actual Total Time": 84.127,
                      "Actual Rows": 2109,
                      "Actual Loops": 5,
                      "Filter": "((kind_id > 1) AND (production_year = 1979))",
                      "Rows Removed by Filter": 503554
                    },
                    {
                      "Node Type": "Index Only Scan",
                      "Parent Relationship": "Inner",
                      "Parallel Aware": false,
                      "Scan Direction": "Forward",
                      "Index Name": "movie_id_movie_keyword",
                      "Relation Name": "movie_keyword",
                      "Alias": "mk",
                      "Startup Cost": 0.43,
                      "Total Cost": 7.73,
                      "Plan Rows": 45,
                      "Plan Width": 4,
                      "Actual Startup Time": 0.007,
                      "Actual Total Time": 0.007,
                      "Actual Rows": 1,
                      "Actual Loops": 10544,
                      "Index Cond": "(movie_id = t.id)",
                      "Rows Removed by Index Recheck": 0,
                      "Heap Fetches": 8560
                    }
                  ]
                }
              ]
            }
          ]
        }
      ]
    },
    "Planning Time": 0.634,
    "Triggers": [],
    "Execution Time": 123.3
  }
]