{
  "Plan": {
    "Node Type": "Aggregate",
    "Strategy": "Plain",
    "Partial Mode": "Finalize",
    "Parallel Aware": false,
    "Startup Cost": 91532.95,
    "Total Cost": 91532.96,
    "Plan Rows": 1,
    "Plan Width": 8,
    "Actual Startup Time": 235.28,
    "Actual Total Time": 253.171,
    "Actual Rows": 1,
    "Actual Loops": 1,
    "Plans": [
      {
        "Node Type": "Gather",
        "Parent Relationship": "Outer",
        "Parallel Aware": false,
        "Startup Cost": 91532.84,
        "Total Cost": 91532.95,
        "Plan Rows": 1,
        "Plan Width": 8,
        "Actual Startup Time": 234.926,
        "Actual Total Time": 253.157,
        "Actual Rows": 2,
        "Actual Loops": 1,
        "Workers Planned": 1,
        "Workers Launched": 1,
        "Single Copy": false,
        "Plans": [
          {
            "Node Type": "Aggregate",
            "Strategy": "Plain",
            "Partial Mode": "Partial",
            "Parent Relationship": "Outer",
            "Parallel Aware": false,
            "Startup Cost": 90532.84,
            "Total Cost": 90532.85,
            "Plan Rows": 1,
            "Plan Width": 8,
            "Actual Startup Time": 229.001,
            "Actual Total Time": 229.005,
            "Actual Rows": 1,
            "Actual Loops": 2,
            "Plans": [
              {
                "Node Type": "Hash Join",
                "Parent Relationship": "Outer",
                "Parallel Aware": true,
                "Join Type": "Inner",
                "Startup Cost": 67691.03,
                "Total Cost": 90527.64,
                "Plan Rows": 2082,
                "Plan Width": 0,
                "Actual Startup Time": 203.831,
                "Actual Total Time": 228.963,
                "Actual Rows": 530,
                "Actual Loops": 2,
                "Inner Unique": true,
                "Hash Cond": "(mc.movie_id = t.id)",
                "Plans": [
                  {
                    "Node Type": "Bitmap Heap Scan",
                    "Parent Relationship": "Outer",
                    "Parallel Aware": true,
                    "Relation Name": "movie_companies",
                    "Alias": "mc",
                    "Startup Cost": 9076.83,
                    "Total Cost": 31583.22,
                    "Plan Rows": 125796,
                    "Plan Width": 4,
                    "Actual Startup Time": 50.287,
                    "Actual Total Time": 67.937,
                    "Actual Rows": 49352,
                    "Actual Loops": 2,
                    "Recheck Cond": "(company_id < 293)",
                    "Rows Removed by Index Recheck": 0,
                    "Filter": "(company_type_id = 2)",
                    "Rows Removed by Filter": 160553,
                    "Exact Heap Blocks": 13704,
                    "Lossy Heap Blocks": 0,
                    "Plans": [
                      {
                        "Node Type": "Bitmap Index Scan",
                        "Parent Relationship": "Outer",
                        "Parallel Aware": false,
                        "Index Name": "company_id_movie_companies",
                        "Startup Cost": 0.0,
                        "Total Cost": 9023.36,
                        "Plan Rows": 421191,
                        "Plan Width": 0,
                        "Actual Startup Time": 16.869,
                        "Actual Total Time": 16.87,
                        "Actual Rows": 419809,
                        "Actual Loops": 1,
                        "Index Cond": "(company_id < 293)"
                      }
                    ]
                  },
                  {
                    "Node Type": "Hash",
                    "Parent Relationship": "Inner",
                    "Parallel Aware": true,
                    "Startup Cost": 58306.47,
                    "Total Cost": 58306.47,
                    "Plan Rows": 24619,
                    "Plan Width": 4,
                    "Actual Startup Time": 152.128,
                    "Actual Total Time": 152.129,
                    "Actual Rows": 20128,
                    "Actual Loops": 2,
                    "Hash Buckets": 65536,
                    "Original Hash Buckets": 65536,
                    "Hash Batches": 1,
                    "Original Hash Batches": 1,
                    "Peak Memory Usage": 2112,
                    "Plans": [
                      {
                        "Node Type": "Seq Scan",
                        "Parent Relationship": "Outer",
                        "Parallel Aware": true,
                        "Relation Name": "title",
                        "Alias": "t",
                        "Startup Cost": 0.0,
                        "Total Cost": 58306.47,
                        "Plan Rows": 24619,
                        "Plan Width": 4,
                        "Actual Startup Time": 0.086,
                        "Actual Total Time": 145.247,
                        "Actual Rows": 20128,
                        "Actual Loops": 2,
                        "Filter": "((production_year > 2012) AND (kind_id = 7))",
                        "Rows Removed by Filter": 1244028
                      }
                    ]
                  }
                ]
              }
            ]
          }
        ]
      }
    ]
  },
  "Planning Time": 0.504,
  "Triggers": [],
  "Execution Time": 253.265
}