[
  {
    "Plan": {
      "Node Type": "Aggregate",
      "Strategy": "Plain",
      "Partial Mode": "Finalize",
      "Parallel Aware": false,
      "Startup Cost": 46663.38,
      "Total Cost": 46663.39,
      "Plan Rows": 1,
      "Plan Width": 8,
      "Actual Startup Time": 97.252,
      "Actual Total Time": 109.363,
      "Actual Rows": 1,
      "Actual Loops": 1,
      "Plans": [
        {
          "Node Type": "Gather",
          "Parent Relationship": "Outer",
          "Parallel Aware": false,
          "Startup Cost": 46662.96,
          "Total Cost": 46663.37,
          "Plan Rows": 4,
          "Plan Width": 8,
          "Actual Startup Time": 97.127,
          "Actual Total Time": 109.354,
          "Actual Rows": 5,
          "Actual Loops": 1,
          "Workers Planned": 4,
          "Workers Launched": 4,
          "Single Copy": false,
          "Plans": [
            {
              "Node Type": "Aggregate",
              "Strategy": "Plain",
              "Partial Mode": "Partial",
              "Parent Relationship": "Outer",
              "Parallel Aware": false,
              "Startup Cost": 45662.96,
              "Total Cost": 45662.97,
              "Plan Rows": 1,
              "Plan Width": 8,
              "Actual Startup Time": 89.793,
              "Actual Total Time": 89.795,
              "Actual Rows": 1,
              "Actual Loops": 5,
              "Plans": [
                {
                  "Node Type": "Seq Scan",
                  "Parent Relationship": "Outer",
                  "Parallel Aware": true,
                  "Relation Name": "title",
                  "Alias": "t",
                  "Startup Cost": 0.0,
                  "Total Cost": 45479.1,
                  "Plan Rows": 73546,
                  "Plan Width": 0,
                  "Actual Startup Time": 52.366,
                  "Actual Total Time": 86.327,
                  "Actual Rows": 78207,
                  "Actual Loops": 5,
                  "Filter": "((kind_id < 2) AND (production_year < 2002))",
                  "Rows Removed by Filter": 427455
                }
              ]
            }
          ]
        }
      ]
    },
    "Planning Time": 0.144,
    "Triggers": [],
    "Execution Time": 109.422
  }
]