[
  {
    "Plan": {
      "Node Type": "Aggregate",
      "Strategy": "Plain",
      "Partial Mode": "Finalize",
      "Parallel Aware": false,
      "Startup Cost": 342205.75,
      "Total Cost": 342205.76,
      "Plan Rows": 1,
      "Plan Width": 8,
      "Actual Startup Time": 778.867,
      "Actual Total Time": 838.43,
      "Actual Rows": 1,
      "Actual Loops": 1,
      "Plans": [
        {
          "Node Type": "Gather",
          "Parent Relationship": "Outer",
          "Parallel Aware": false,
          "Startup Cost": 342205.13,
          "Total Cost": 342205.74,
          "Plan Rows": 6,
          "Plan Width": 8,
          "Actual Startup Time": 778.763,
          "Actual Total Time": 838.42,
          "Actual Rows": 7,
          "Actual Loops": 1,
          "Workers Planned": 6,
          "Workers Launched": 6,
          "Single Copy": false,
          "Plans": [
            {
              "Node Type": "Aggregate",
              "Strategy": "Plain",
              "Partial Mode": "Partial",
              "Parent Relationship": "Outer",
              "Parallel Aware": false,
              "Startup Cost": 341205.13,
              "Total Cost": 341205.14,
              "Plan Rows": 1,
              "Plan Width": 8,
              "Actual Startup Time": 770.333,
              "Actual Total Time": 770.334,
              "Actual Rows": 1,
              "Actual Loops": 7,
              "Plans": [
                {
                  "Node Type": "Seq Scan",
                  "Parent Relationship": "Outer",
                  "Parallel Aware": true,
                  "Relation Name": "cast_info",
                  "Alias": "ci",
                  "Startup Cost": 0.0,
                  "Total Cost": 328162.03,
                  "Plan Rows": 5217241,
                  "Plan Width": 0,
                  "Actual Startup Time": 61.332,
                  "Actual Total Time": 595.627,
                  "Actual Rows": 4450488,
                  "Actual Loops": 7,
                  "Filter": "(person_id > 492464)",
                  "Rows Removed by Filter": 727275
                }
              ]
            }
          ]
        }
      ]
    },
    "Planning Time": 0.209,
    "Triggers": [],
    "Execution Time": 838.504
  }
]