[
  {
    "Plan": {
      "Node Type": "Aggregate",
      "Strategy": "Plain",
      "Partial Mode": "Simple",
      "Parallel Aware": false,
      "Startup Cost": 6601.64,
      "Total Cost": 6601.65,
      "Plan Rows": 1,
      "Plan Width": 8,
      "Actual Startup Time": 3.818,
      "Actual Total Time": 3.819,
      "Actual Rows": 1,
      "Actual Loops": 1,
      "Plans": [
        {
          "Node Type": "Index Scan",
          "Parent Relationship": "Outer",
          "Parallel Aware": false,
          "Scan Direction": "Forward",
          "Index Name": "company_id_movie_companies",
          "Relation Name": "movie_companies",
          "Alias": "mc",
          "Startup Cost": 0.43,
          "Total Cost": 6598.22,
          "Plan Rows": 1369,
          "Plan Width": 0,
          "Actual Startup Time": 1.911,
          "Actual Total Time": 3.636,
          "Actual Rows": 1156,
          "Actual Loops": 1,
          "Index Cond": "(company_id = 119)",
          "Rows Removed by Index Recheck": 0,
          "Filter": "(company_type_id = 2)",
          "Rows Removed by Filter": 1251
        }
      ]
    },
    "Planning Time": 0.191,
    "Triggers": [],
    "Execution Time": 3.863
  }
]