[
  {
    "Plan": {
      "Node Type": "Aggregate",
      "Strategy": "Plain",
      "Partial Mode": "Finalize",
      "Parallel Aware": false,
      "Startup Cost": 348775.95,
      "Total Cost": 348775.96,
      "Plan Rows": 1,
      "Plan Width": 8,
      "Actual Startup Time": 737.29,
      "Actual Total Time": 802.269,
      "Actual Rows": 1,
      "Actual Loops": 1,
      "Plans": [
        {
          "Node Type": "Gather",
          "Parent Relationship": "Outer",
          "Parallel Aware": false,
          "Startup Cost": 348775.32,
          "Total Cost": 348775.93,
          "Plan Rows": 6,
          "Plan Width": 8,
          "Actual Startup Time": 737.177,
          "Actual Total Time": 802.258,
          "Actual Rows": 7,
          "Actual Loops": 1,
          "Workers Planned": 6,
          "Workers Launched": 6,
          "Single Copy": false,
          "Plans": [
            {
              "Node Type": "Aggregate",
              "Strategy": "Plain",
              "Partial Mode": "Partial",
              "Parent Relationship": "Outer",
              "Parallel Aware": false,
              "Startup Cost": 347775.32,
              "Total Cost": 347775.33,
              "Plan Rows": 1,
              "Plan Width": 8,
              "Actual Startup Time": 726.836,
              "Actual Total Time": 726.837,
              "Actual Rows": 1,
              "Actual Loops": 7,
              "Plans": [
                {
                  "Node Type": "Seq Scan",
                  "Parent Relationship": "Outer",
                  "Parallel Aware": true,
                  "Relation Name": "cast_info",
                  "Alias": "ci",
                  "Startup Cost": 0.0,
                  "Total Cost": 343257.03,
                  "Plan Rows": 1807318,
                  "Plan Width": 0,
                  "Actual Startup Time": 334.536,
                  "Actual Total Time": 648.851,
                  "Actual Rows": 1818344,
                  "Actual Loops": 7,
                  "Filter": "((person_id > 1204606) AND (role_id > 2))",
                  "Rows Removed by Filter": 3359420
                }
              ]
            }
          ]
        }
      ]
    },
    "Planning Time": 0.236,
    "Triggers": [],
    "Execution Time": 802.349
  }
]