[
  {
    "Plan": {
      "Node Type": "Aggregate",
      "Strategy": "Plain",
      "Partial Mode": "Finalize",
      "Parallel Aware": false,
      "Startup Cost": 350286.63,
      "Total Cost": 350286.64,
      "Plan Rows": 1,
      "Plan Width": 8,
      "Actual Startup Time": 1044.519,
      "Actual Total Time": 1094.259,
      "Actual Rows": 1,
      "Actual Loops": 1,
      "Plans": [
        {
          "Node Type": "Gather",
          "Parent Relationship": "Outer",
          "Parallel Aware": false,
          "Startup Cost": 350286.01,
          "Total Cost": 350286.61,
          "Plan Rows": 6,
          "Plan Width": 8,
          "Actual Startup Time": 1044.366,
          "Actual Total Time": 1094.245,
          "Actual Rows": 7,
          "Actual Loops": 1,
          "Workers Planned": 6,
          "Workers Launched": 6,
          "Single Copy": false,
          "Plans": [
            {
              "Node Type": "Aggregate",
              "Strategy": "Plain",
              "Partial Mode": "Partial",
              "Parent Relationship": "Outer",
              "Parallel Aware": false,
              "Startup Cost": 349286.01,
              "Total Cost": 349286.02,
              "Plan Rows": 1,
              "Plan Width": 8,
              "Actual Startup Time": 1035.762,
              "Actual Total Time": 1035.763,
              "Actual Rows": 1,
              "Actual Loops": 7,
              "Plans": [
                {
                  "Node Type": "Seq Scan",
                  "Parent Relationship": "Outer",
                  "Parallel Aware": true,
                  "Relation Name": "cast_info",
                  "Alias": "ci",
                  "Startup Cost": 0.0,
                  "Total Cost": 343316.27,
                  "Plan Rows": 2387894,
                  "Plan Width": 0,
                  "Actual Startup Time": 267.163,
                  "Actual Total Time": 858.321,
                  "Actual Rows": 2798130,
                  "Actual Loops": 7,
                  "Filter": "((person_id > 1411263) AND (role_id > 1))",
                  "Rows Removed by Filter": 2379633
                }
              ]
            }
          ]
        }
      ]
    },
    "Planning Time": 0.15,
    "Triggers": [],
    "Execution Time": 1094.315
  }
]