[
  {
    "Plan": {
      "Node Type": "Aggregate",
      "Strategy": "Plain",
      "Partial Mode": "Simple",
      "Parallel Aware": false,
      "Startup Cost": 463226.54,
      "Total Cost": 463226.55,
      "Plan Rows": 1,
      "Plan Width": 64,
      "Actual Startup Time": 12132.505,
      "Actual Total Time": 12132.516,
      "Actual Rows": 1,
      "Actual Loops": 1,
      "Output": [
        "min(an1.name)",
        "min(t.title)"
      ],
      "Plans": [
        {
          "Node Type": "Hash Join",
          "Parent Relationship": "Outer",
          "Parallel Aware": false,
          "Join Type": "Inner",
          "Startup Cost": 434973.28,
          "Total Cost": 459459.92,
          "Plan Rows": 753325,
          "Plan Width": 33,
          "Actual Startup Time": 11515.483,
          "Actual Total Time": 11993.684,
          "Actual Rows": 1928881,
          "Actual Loops": 1,
          "Output": [
            "an1.name",
            "t.title"
          ],
          "Inner Unique": false,
          "Hash Cond": "(an1.person_id = n1.id)",
          "Plans": [
            {
              "Node Type": "Seq Scan",
              "Parent Relationship": "Outer",
              "Parallel Aware": false,
              "Relation Name": "aka_name",
              "Schema": "public",
              "Alias": "an1",
              "Startup Cost": 0.0,
              "Total Cost": 20409.43,
              "Plan Rows": 901343,
              "Plan Width": 20,
              "Actual Startup Time": 0.024,
              "Actual Total Time": 139.617,
              "Actual Rows": 901343,
              "Actual Loops": 1,
              "Output": [
                "an1.id",
                "an1.person_id",
                "an1.name",
                "an1.imdb_index",
                "an1.name_pcode_cf",
                "an1.name_pcode_nf",
                "an1.surname_pcode",
                "an1.md5sum"
              ]
            },
            {
              "Node Type": "Hash",
              "Parent Relationship": "Inner",
              "Parallel Aware": false,
              "Startup Cost": 430943.77,
              "Total Cost": 430943.77,
              "Plan Rows": 322361,
              "Plan Width": 25,
              "Actual Startup Time": 11508.612,
              "Actual Total Time": 11508.622,
              "Actual Rows": 1700463,
              "Actual Loops": 1,
              "Output": [
                "ci.person_id",
                "n1.id",
                "t.title"
              ],
              "Hash Buckets": 2097152,
              "Original Hash Buckets": 524288,
              "Hash Batches": 1,
              "Original Hash Batches": 1,
              "Peak Memory Usage": 114093,
              "Plans": [
                {
                  "Node Type": "Hash Join",
                  "Parent Relationship": "Outer",
                  "Parallel Aware": false,
                  "Join Type": "Inner",
                  "Startup Cost": 262928.74,
                  "Total Cost": 430943.77,
                  "Plan Rows": 322361,
                  "Plan Width": 25,
                  "Actual Startup Time": 3588.78,
                  "Actual Total Time": 11096.232,
                  "Actual Rows": 1700463,
                  "Actual Loops": 1,
                  "Output": [
                    "ci.person_id",
                    "n1.id",
                    "t.title"
                  ],
                  "Inner Unique": false,
                  "Hash Cond": "(ci.movie_id = t.id)",
                  "Plans": [
                    {
                      "Node Type": "Hash Join",
                      "Parent Relationship": "Outer",
                      "Parallel Aware": false,
                      "Join Type": "Inner",
                      "Startup Cost": 149386.39,
                      "Total Cost": 304821.47,
                      "Plan Rows": 3019001,
                      "Plan Width": 12,
                      "Actual Startup Time": 1988.24,
                      "Actual Total Time": 7647.031,
                      "Actual Rows": 12670688,
                      "Actual Loops": 1,
                      "Output": [
                        "ci.person_id",
                        "ci.movie_id",
                        "n1.id"
                      ],
                      "Inner Unique": true,
                      "Hash Cond": "(ci.person_id = n1.id)",
                      "Plans": [
                        {
                          "Node Type": "Nested Loop",
                          "Parent Relationship": "Outer",
                          "Parallel Aware": false,
                          "Join Type": "Inner",
                          "Startup Cost": 0.56,
                          "Total Cost": 147510.76,
                          "Plan Rows": 3019001,
                          "Plan Width": 8,
                          "Actual Startup Time": 0.203,
                          "Actual Total Time": 3416.288,
                          "Actual Rows": 12670688,
                          "Actual Loops": 1,
                          "Output": [
                            "ci.person_id",
                            "ci.movie_id"
                          ],
                          "Inner Unique": false,
                          "Plans": [
                            {
                              "Node Type": "Seq Scan",
                              "Parent Relationship": "Outer",
                              "Parallel Aware": false,
                              "Relation Name": "role_type",
                              "Schema": "public",
                              "Alias": "rt",
                              "Startup Cost": 0.0,
                              "Total Cost": 1.15,
                              "Plan Rows": 1,
                              "Plan Width": 4,
                              "Actual Startup Time": 0.02,
                              "Actual Total Time": 0.026,
                              "Actual Rows": 1,
                              "Actual Loops": 1,
                              "Output": [
                                "rt.id",
                                "rt.role"
                              ],
                              "Filter": "((rt.role)::text = 'actor'::text)",
                              "Rows Removed by Filter": 11
                            },
                            {
                              "Node Type": "Index Scan",
                              "Parent Relationship": "Inner",
                              "Parallel Aware": false,
                              "Scan Direction": "Forward",
                              "Index Name": "role_id_cast_info",
                              "Relation Name": "cast_info",
                              "Schema": "public",
                              "Alias": "ci",
                              "Startup Cost": 0.56,
                              "Total Cost": 114575.04,
                              "Plan Rows": 3293456,
                              "Plan Width": 12,
                              "Actual Startup Time": 0.179,
                              "Actual Total Time": 2333.678,
                              "Actual Rows": 12670688,
                              "Actual Loops": 1,
                              "Output": [
                                "ci.id",
                                "ci.person_id",
                                "ci.movie_id",
                                "ci.person_role_id",
                                "ci.note",
                                "ci.nr_order",
                                "ci.role_id"
                              ],
                              "Index Cond": "(ci.role_id = rt.id)",
                              "Rows Removed by Index Recheck": 0
                            }
                          ]
                        },
                        {
                          "Node Type": "Hash",
                          "Parent Relationship": "Inner",
                          "Parallel Aware": false,
                          "Startup Cost": 97289.81,
                          "Total Cost": 97289.81,
                          "Plan Rows": 4167681,
                          "Plan Width": 4,
                          "Actual Startup Time": 1964.687,
                          "Actual Total Time": 1964.688,
                          "Actual Rows": 4167491,
                          "Actual Loops": 1,
                          "Output": [
                            "n1.id"
                          ],
                          "Hash Buckets": 4194304,
                          "Original Hash Buckets": 4194304,
                          "Hash Batches": 1,
                          "Original Hash Batches": 1,
                          "Peak Memory Usage": 179282,
                          "Plans": [
                            {
                              "Node Type": "Seq Scan",
                              "Parent Relationship": "Outer",
                              "Parallel Aware": false,
                              "Relation Name": "name",
                              "Schema": "public",
                              "Alias": "n1",
                              "Startup Cost": 0.0,
                              "Total Cost": 97289.81,
                              "Plan Rows": 4167681,
                              "Plan Width": 4,
                              "Actual Startup Time": 0.051,
                              "Actual Total Time": 798.776,
                              "Actual Rows": 4167491,
                              "Actual Loops": 1,
                              "Output": [
                                "n1.id"
                              ]
                            }
                          ]
                        }
                      ]
                    },
                    {
                      "Node Type": "Hash",
                      "Parent Relationship": "Inner",
                      "Parallel Aware": false,
                      "Startup Cost": 112224.73,
                      "Total Cost": 112224.73,
                      "Plan Rows": 105410,
                      "Plan Width": 25,
                      "Actual Startup Time": 1598.816,
                      "Actual Total Time": 1598.82,
                      "Actual Rows": 148132,
                      "Actual Loops": 1,
                      "Output": [
                        "mc.movie_id",
                        "t.title",
                        "t.id"
                      ],
                      "Hash Buckets": 262144,
                      "Original Hash Buckets": 131072,
                      "Hash Batches": 1,
                      "Original Hash Batches": 1,
                      "Peak Memory Usage": 11069,
                      "Plans": [
                        {
                          "Node Type": "Nested Loop",
                          "Parent Relationship": "Outer",
                          "Parallel Aware": false,
                          "Join Type": "Inner",
                          "Startup Cost": 6051.57,
                          "Total Cost": 112224.73,
                          "Plan Rows": 105410,
                          "Plan Width": 25,
                          "Actual Startup Time": 54.582,
                          "Actual Total Time": 1517.016,
                          "Actual Rows": 148132,
                          "Actual Loops": 1,
                          "Output": [
                            "mc.movie_id",
                            "t.title",
                            "t.id"
                          ],
                          "Inner Unique": true,
                          "Plans": [
                            {
                              "Node Type": "Hash Join",
                              "Parent Relationship": "Outer",
                              "Parallel Aware": false,
                              "Join Type": "Inner",
                              "Startup Cost": 6051.14,
                              "Total Cost": 57781.51,
                              "Plan Rows": 105410,
                              "Plan Width": 4,
                              "Actual Startup Time": 54.52,
                              "Actual Total Time": 841.505,
                              "Actual Rows": 148132,
                              "Actual Loops": 1,
                              "Output": [
                                "mc.movie_id"
                              ],
                              "Inner Unique": true,
                              "Hash Cond": "(mc.company_id = cn.id)",
                              "Plans": [
                                {
                                  "Node Type": "Seq Scan",
                                  "Parent Relationship": "Outer",
                                  "Parallel Aware": false,
                                  "Relation Name": "movie_companies",
                                  "Schema": "public",
                                  "Alias": "mc",
                                  "Startup Cost": 0.0,
                                  "Total Cost": 44881.29,
                                  "Plan Rows": 2609129,
                                  "Plan Width": 8,
                                  "Actual Startup Time": 0.041,
                                  "Actual Total Time": 403.979,
                                  "Actual Rows": 2609129,
                                  "Actual Loops": 1,
                                  "Output": [
                                    "mc.id",
                                    "mc.movie_id",
                                    "mc.company_id",
                                    "mc.company_type_id",
                                    "mc.note"
                                  ]
                                },
                                {
                                  "Node Type": "Hash",
                                  "Parent Relationship": "Inner",
                                  "Parallel Aware": false,
                                  "Startup Cost": 5932.46,
                                  "Total Cost": 5932.46,
                                  "Plan Rows": 9494,
                                  "Plan Width": 4,
                                  "Actual Startup Time": 54.359,
                                  "Actual Total Time": 54.36,
                                  "Actual Rows": 9775,
                                  "Actual Loops": 1,
                                  "Output": [
                                    "cn.id"
                                  ],
                                  "Hash Buckets": 16384,
                                  "Original Hash Buckets": 16384,
                                  "Hash Batches": 1,
                                  "Original Hash Batches": 1,
                                  "Peak Memory Usage": 472,
                                  "Plans": [
                                    {
                                      "Node Type": "Seq Scan",
                                      "Parent Relationship": "Outer",
                                      "Parallel Aware": false,
                                      "Relation Name": "company_name",
                                      "Schema": "public",
                                      "Alias": "cn",
                                      "Startup Cost": 0.0,
                                      "Total Cost": 5932.46,
                                      "Plan Rows": 9494,
                                      "Plan Width": 4,
                                      "Actual Startup Time": 0.069,
                                      "Actual Total Time": 50.658,
                                      "Actual Rows": 9775,
                                      "Actual Loops": 1,
                                      "Output": [
                                        "cn.id"
                                      ],
                                      "Filter": "((cn.country_code)::text = '[de]'::text)",
                                      "Rows Removed by Filter": 225222
                                    }
                                  ]
                                }
                              ]
                            },
                            {
                              "Node Type": "Index Scan",
                              "Parent Relationship": "Inner",
                              "Parallel Aware": false,
                              "Scan Direction": "Forward",
                              "Index Name": "title_pkey",
                              "Relation Name": "title",
                              "Schema": "public",
                              "Alias": "t",
                              "Startup Cost": 0.43,
                              "Total Cost": 0.52,
                              "Plan Rows": 1,
                              "Plan Width": 21,
                              "Actual Startup Time": 0.004,
                              "Actual Total Time": 0.004,
                              "Actual Rows": 1,
                              "Actual Loops": 148132,
                              "Output": [
                                "t.id",
                                "t.title",
                                "t.imdb_index",
                                "t.kind_id",
                                "t.production_year",
                                "t.imdb_id",
                                "t.phonetic_code",
                                "t.episode_of_id",
                                "t.season_nr",
                                "t.episode_nr",
                                "t.series_years",
                                "t.md5sum"
                              ],
                              "Index Cond": "(t.id = mc.movie_id)",
                              "Rows Removed by Index Recheck": 0
                            }
                          ]
                        }
                      ]
                    }
                  ]
                }
              ]
            }
          ]
        }
      ]
    },
    "Planning Time": 55430.486,
    "Triggers": [],
    "Execution Time": 12138.253
  }
]