{
  "Plan": {
    "Node Type": "Aggregate",
    "Strategy": "Plain",
    "Partial Mode": "Finalize",
    "Parallel Aware": false,
    "Startup Cost": 93929.51,
    "Total Cost": 93929.52,
    "Plan Rows": 1,
    "Plan Width": 8,
    "Actual Startup Time": 304.397,
    "Actual Total Time": 340.311,
    "Actual Rows": 1,
    "Actual Loops": 1,
    "Plans": [
      {
        "Node Type": "Gather",
        "Parent Relationship": "Outer",
        "Parallel Aware": false,
        "Startup Cost": 93929.4,
        "Total Cost": 93929.51,
        "Plan Rows": 1,
        "Plan Width": 8,
        "Actual Startup Time": 303.962,
        "Actual Total Time": 340.303,
        "Actual Rows": 2,
        "Actual Loops": 1,
        "Workers Planned": 1,
        "Workers Launched": 1,
        "Single Copy": false,
        "Plans": [
          {
            "Node Type": "Aggregate",
            "Strategy": "Plain",
            "Partial Mode": "Partial",
            "Parent Relationship": "Outer",
            "Parallel Aware": false,
            "Startup Cost": 92929.4,
            "Total Cost": 92929.41,
            "Plan Rows": 1,
            "Plan Width": 8,
            "Actual Startup Time": 297.37,
            "Actual Total Time": 297.374,
            "Actual Rows": 1,
            "Actual Loops": 2,
            "Plans": [
              {
                "Node Type": "Nested Loop",
                "Parent Relationship": "Outer",
                "Parallel Aware": false,
                "Join Type": "Inner",
                "Startup Cost": 66300.74,
                "Total Cost": 92914.61,
                "Plan Rows": 5917,
                "Plan Width": 0,
                "Actual Startup Time": 157.065,
                "Actual Total Time": 294.949,
                "Actual Rows": 43038,
                "Actual Loops": 2,
                "Inner Unique": false,
                "Join Filter": "(t.id = ci.movie_id)",
                "Rows Removed by Join Filter": 0,
                "Plans": [
                  {
                    "Node Type": "Hash Join",
                    "Parent Relationship": "Outer",
                    "Parallel Aware": true,
                    "Join Type": "Inner",
                    "Startup Cost": 66300.17,
                    "Total Cost": 89617.52,
                    "Plan Rows": 413,
                    "Plan Width": 8,
                    "Actual Startup Time": 156.988,
                    "Actual Total Time": 213.728,
                    "Actual Rows": 1421,
                    "Actual Loops": 2,
                    "Inner Unique": true,
                    "Hash Cond": "(mc.movie_id = t.id)",
                    "Plans": [
                      {
                        "Node Type": "Bitmap Heap Scan",
                        "Parent Relationship": "Outer",
                        "Parallel Aware": true,
                        "Relation Name": "movie_companies",
                        "Alias": "mc",
                        "Startup Cost": 10154.46,
                        "Total Cost": 33102.37,
                        "Plan Rows": 140741,
                        "Plan Width": 4,
                        "Actual Startup Time": 20.449,
                        "Actual Total Time": 57.412,
                        "Actual Rows": 239392,
                        "Actual Loops": 2,
                        "Recheck Cond": "(company_id > 75415)",
                        "Rows Removed by Index Recheck": 0,
                        "Filter": "(company_type_id > 1)",
                        "Rows Removed by Filter": 0,
                        "Exact Heap Blocks": 4656,
                        "Lossy Heap Blocks": 0,
                        "Plans": [
                          {
                            "Node Type": "Bitmap Index Scan",
                            "Parent Relationship": "Outer",
                            "Parallel Aware": false,
                            "Index Name": "company_id_movie_companies",
                            "Startup Cost": 0.0,
                            "Total Cost": 10094.65,
                            "Plan Rows": 471229,
                            "Plan Width": 0,
                            "Actual Startup Time": 19.423,
                            "Actual Total Time": 19.424,
                            "Actual Rows": 478785,
                            "Actual Loops": 1,
                            "Index Cond": "(company_id > 75415)"
                          }
                        ]
                      },
                      {
                        "Node Type": "Hash",
                        "Parent Relationship": "Inner",
                        "Parallel Aware": true,
                        "Startup Cost": 56091.2,
                        "Total Cost": 56091.2,
                        "Plan Rows": 4361,
                        "Plan Width": 4,
                        "Actual Startup Time": 135.36,
                        "Actual Total Time": 135.361,
                        "Actual Rows": 3080,
                        "Actual Loops": 2,
                        "Hash Buckets": 8192,
                        "Original Hash Buckets": 8192,
                        "Hash Batches": 1,
                        "Original Hash Batches": 1,
                        "Peak Memory Usage": 320,
                        "Plans": [
                          {
                            "Node Type": "Bitmap Heap Scan",
                            "Parent Relationship": "Outer",
                            "Parallel Aware": true,
                            "Relation Name": "title",
                            "Alias": "t",
                            "Startup Cost": 13440.81,
                            "Total Cost": 56091.2,
                            "Plan Rows": 4361,
                            "Plan Width": 4,
                            "Actual Startup Time": 49.125,
                            "Actual Total Time": 134.246,
                            "Actual Rows": 3080,
                            "Actual Loops": 2,
                            "Recheck Cond": "(kind_id < 3)",
                            "Rows Removed by Index Recheck": 0,
                            "Filter": "(production_year = 1991)",
                            "Rows Removed by Filter": 373758,
                            "Exact Heap Blocks": 28356,
                            "Lossy Heap Blocks": 0,
                            "Plans": [
                              {
                                "Node Type": "Bitmap Index Scan",
                                "Parent Relationship": "Outer",
                                "Parallel Aware": false,
                                "Index Name": "kind_id_title",
                                "Startup Cost": 0.0,
                                "Total Cost": 13438.96,
                                "Plan Rows": 753937,
                                "Plan Width": 0,
                                "Actual Startup Time": 48.371,
                                "Actual Total Time": 48.371,
                                "Actual Rows": 753677,
                                "Actual Loops": 1,
                                "Index Cond": "(kind_id < 3)"
                              }
                            ]
                          }
                        ]
                      }
                    ]
                  },
                  {
                    "Node Type": "Index Only Scan",
                    "Parent Relationship": "Inner",
                    "Parallel Aware": false,
                    "Scan Direction": "Forward",
                    "Index Name": "movie_id_cast_info",
                    "Relation Name": "cast_info",
                    "Alias": "ci",
                    "Startup Cost": 0.56,
                    "Total Cost": 7.52,
                    "Plan Rows": 37,
                    "Plan Width": 4,
                    "Actual Startup Time": 0.008,
                    "Actual Total Time": 0.054,
                    "Actual Rows": 30,
                    "Actual Loops": 2842,
                    "Index Cond": "(movie_id = mc.movie_id)",
                    "Rows Removed by Index Recheck": 0,
                    "Heap Fetches": 86076
                  }
                ]
              }
            ]
          }
        ]
      }
    ]
  },
  "Planning Time": 0.999,
  "Triggers": [],
  "Execution Time": 340.44
}