[
  {
    "Plan": {
      "Node Type": "Aggregate",
      "Strategy": "Plain",
      "Partial Mode": "Finalize",
      "Parallel Aware": false,
      "Startup Cost": 63677.62,
      "Total Cost": 63677.63,
      "Plan Rows": 1,
      "Plan Width": 8,
      "Actual Startup Time": 57.445,
      "Actual Total Time": 68.062,
      "Actual Rows": 1,
      "Actual Loops": 1,
      "Plans": [
        {
          "Node Type": "Gather",
          "Parent Relationship": "Outer",
          "Parallel Aware": false,
          "Startup Cost": 63677.3,
          "Total Cost": 63677.61,
          "Plan Rows": 3,
          "Plan Width": 8,
          "Actual Startup Time": 57.181,
          "Actual Total Time": 68.057,
          "Actual Rows": 4,
          "Actual Loops": 1,
          "Workers Planned": 3,
          "Workers Launched": 3,
          "Single Copy": false,
          "Plans": [
            {
              "Node Type": "Aggregate",
              "Strategy": "Plain",
              "Partial Mode": "Partial",
              "Parent Relationship": "Outer",
              "Parallel Aware": false,
              "Startup Cost": 62677.3,
              "Total Cost": 62677.31,
              "Plan Rows": 1,
              "Plan Width": 8,
              "Actual Startup Time": 51.919,
              "Actual Total Time": 51.921,
              "Actual Rows": 1,
              "Actual Loops": 4,
              "Plans": [
                {
                  "Node Type": "Nested Loop",
                  "Parent Relationship": "Outer",
                  "Parallel Aware": false,
                  "Join Type": "Inner",
                  "Startup Cost": 484.17,
                  "Total Cost": 62670.51,
                  "Plan Rows": 2716,
                  "Plan Width": 0,
                  "Actual Startup Time": 2.352,
                  "Actual Total Time": 51.44,
                  "Actual Rows": 4389,
                  "Actual Loops": 4,
                  "Inner Unique": true,
                  "Plans": [
                    {
                      "Node Type": "Bitmap Heap Scan",
                      "Parent Relationship": "Outer",
                      "Parallel Aware": true,
                      "Relation Name": "movie_keyword",
                      "Alias": "mk",
                      "Startup Cost": 483.74,
                      "Total Cost": 25540.48,
                      "Plan Rows": 7297,
                      "Plan Width": 4,
                      "Actual Startup Time": 1.926,
                      "Actual Total Time": 18.665,
                      "Actual Rows": 4882,
                      "Actual Loops": 4,
                      "Recheck Cond": "(keyword_id = 137)",
                      "Rows Removed by Index Recheck": 0,
                      "Exact Heap Blocks": 6377,
                      "Lossy Heap Blocks": 0,
                      "Plans": [
                        {
                          "Node Type": "Bitmap Index Scan",
                          "Parent Relationship": "Outer",
                          "Parallel Aware": false,
                          "Index Name": "keyword_id_movie_keyword",
                          "Startup Cost": 0.0,
                          "Total Cost": 478.08,
                          "Plan Rows": 22620,
                          "Plan Width": 0,
                          "Actual Startup Time": 3.089,
                          "Actual Total Time": 3.089,
                          "Actual Rows": 19528,
                          "Actual Loops": 1,
                          "Index Cond": "(keyword_id = 137)"
                        }
                      ]
                    },
                    {
                      "Node Type": "Index Scan",
                      "Parent Relationship": "Inner",
                      "Parallel Aware": false,
                      "Scan Direction": "Forward",
                      "Index Name": "title_pkey",
                      "Relation Name": "title",
                      "Alias": "t",
                      "Startup Cost": 0.43,
                      "Total Cost": 5.09,
                      "Plan Rows": 1,
                      "Plan Width": 4,
                      "Actual Startup Time": 0.006,
                      "Actual Total Time": 0.006,
                      "Actual Rows": 1,
                      "Actual Loops": 19528,
                      "Index Cond": "(id = mk.movie_id)",
                      "Rows Removed by Index Recheck": 0,
                      "Filter": "((kind_id < 7) AND (production_year > 1912))",
                      "Rows Removed by Filter": 0
                    }
                  ]
                }
              ]
            }
          ]
        }
      ]
    },
    "Planning Time": 0.531,
    "Triggers": [],
    "Execution Time": 68.1
  }
]