[
  {
    "Plan": {
      "Node Type": "Aggregate",
      "Strategy": "Plain",
      "Partial Mode": "Finalize",
      "Parallel Aware": false,
      "Startup Cost": 96625.66,
      "Total Cost": 96625.67,
      "Plan Rows": 1,
      "Plan Width": 8,
      "Actual Startup Time": 546.605,
      "Actual Total Time": 560.643,
      "Actual Rows": 1,
      "Actual Loops": 1,
      "Plans": [
        {
          "Node Type": "Gather",
          "Parent Relationship": "Outer",
          "Parallel Aware": false,
          "Startup Cost": 96625.34,
          "Total Cost": 96625.65,
          "Plan Rows": 3,
          "Plan Width": 8,
          "Actual Startup Time": 540.155,
          "Actual Total Time": 560.633,
          "Actual Rows": 4,
          "Actual Loops": 1,
          "Workers Planned": 3,
          "Workers Launched": 3,
          "Single Copy": false,
          "Plans": [
            {
              "Node Type": "Aggregate",
              "Strategy": "Plain",
              "Partial Mode": "Partial",
              "Parent Relationship": "Outer",
              "Parallel Aware": false,
              "Startup Cost": 95625.34,
              "Total Cost": 95625.35,
              "Plan Rows": 1,
              "Plan Width": 8,
              "Actual Startup Time": 526.207,
              "Actual Total Time": 526.211,
              "Actual Rows": 1,
              "Actual Loops": 4,
              "Plans": [
                {
                  "Node Type": "Hash Join",
                  "Parent Relationship": "Outer",
                  "Parallel Aware": true,
                  "Join Type": "Inner",
                  "Startup Cost": 51138.51,
                  "Total Cost": 94899.01,
                  "Plan Rows": 290532,
                  "Plan Width": 0,
                  "Actual Startup Time": 328.215,
                  "Actual Total Time": 519.18,
                  "Actual Rows": 118902,
                  "Actual Loops": 4,
                  "Inner Unique": true,
                  "Hash Cond": "(mk.movie_id = t.id)",
                  "Plans": [
                    {
                      "Node Type": "Seq Scan",
                      "Parent Relationship": "Outer",
                      "Parallel Aware": true,
                      "Relation Name": "movie_keyword",
                      "Alias": "mk",
                      "Startup Cost": 0.0,
                      "Total Cost": 42695.65,
                      "Plan Rows": 405657,
                      "Plan Width": 4,
                      "Actual Startup Time": 0.036,
                      "Actual Total Time": 114.725,
                      "Actual Rows": 314993,
                      "Actual Loops": 4,
                      "Filter": "(keyword_id < 1608)",
                      "Rows Removed by Filter": 815989
                    },
                    {
                      "Node Type": "Hash",
                      "Parent Relationship": "Inner",
                      "Parallel Aware": true,
                      "Startup Cost": 45479.59,
                      "Total Cost": 45479.59,
                      "Plan Rows": 452714,
                      "Plan Width": 4,
                      "Actual Startup Time": 319.892,
                      "Actual Total Time": 319.893,
                      "Actual Rows": 449977,
                      "Actual Loops": 4,
                      "Hash Buckets": 2097152,
                      "Original Hash Buckets": 2097152,
                      "Hash Batches": 1,
                      "Original Hash Batches": 1,
                      "Peak Memory Usage": 86848,
                      "Plans": [
                        {
                          "Node Type": "Seq Scan",
                          "Parent Relationship": "Outer",
                          "Parallel Aware": true,
                          "Relation Name": "title",
                          "Alias": "t",
                          "Startup Cost": 0.0,
                          "Total Cost": 45479.59,
                          "Plan Rows": 452714,
                          "Plan Width": 4,
                          "Actual Startup Time": 0.045,
                          "Actual Total Time": 133.83,
                          "Actual Rows": 449977,
                          "Actual Loops": 4,
                          "Filter": "((kind_id > 1) AND (production_year > 1898))",
                          "Rows Removed by Filter": 182101
                        }
                      ]
                    }
                  ]
                }
              ]
            }
          ]
        }
      ]
    },
    "Planning Time": 0.535,
    "Triggers": [],
    "Execution Time": 560.709
  }
]