{
    "Plan": {
        "Node Type": "Aggregate",
        "Strategy": "Plain",
        "Partial Mode": "Finalize",
        "Parallel Aware": false,
        "Startup Cost": 363807.22,
        "Total Cost": 363807.23,
        "Plan Rows": 1,
        "Plan Width": 8,
        "Actual Startup Time": 2335.145,
        "Actual Total Time": 2419.915,
        "Actual Rows": 1,
        "Actual Loops": 1,
        "Output": [
            "count(*)"
        ],
        "Plans": [
            {
                "Node Type": "Gather",
                "Parent Relationship": "Outer",
                "Parallel Aware": false,
                "Startup Cost": 363806.9,
                "Total Cost": 363807.21,
                "Plan Rows": 3,
                "Plan Width": 8,
                "Actual Startup Time": 2333.248,
                "Actual Total Time": 2419.907,
                "Actual Rows": 4,
                "Actual Loops": 1,
                "Output": [
                    "(PARTIAL count(*))"
                ],
                "Workers Planned": 3,
                "Workers Launched": 3,
                "Single Copy": false,
                "Plans": [
                    {
                        "Node Type": "Aggregate",
                        "Strategy": "Plain",
                        "Partial Mode": "Partial",
                        "Parent Relationship": "Outer",
                        "Parallel Aware": false,
                        "Startup Cost": 362806.9,
                        "Total Cost": 362806.91,
                        "Plan Rows": 1,
                        "Plan Width": 8,
                        "Actual Startup Time": 2323.514,
                        "Actual Total Time": 2323.517,
                        "Actual Rows": 1,
                        "Actual Loops": 4,
                        "Output": [
                            "PARTIAL count(*)"
                        ],
                        "Workers": [
                            {
                                "Worker Number": 0,
                                "Actual Startup Time": 2320.045,
                                "Actual Total Time": 2320.048,
                                "Actual Rows": 1,
                                "Actual Loops": 1
                            },
                            {
                                "Worker Number": 1,
                                "Actual Startup Time": 2320.792,
                                "Actual Total Time": 2320.795,
                                "Actual Rows": 1,
                                "Actual Loops": 1
                            },
                            {
                                "Worker Number": 2,
                                "Actual Startup Time": 2320.725,
                                "Actual Total Time": 2320.729,
                                "Actual Rows": 1,
                                "Actual Loops": 1
                            }
                        ],
                        "Plans": [
                            {
                                "Node Type": "Nested Loop",
                                "Parent Relationship": "Outer",
                                "Parallel Aware": false,
                                "Join Type": "Inner",
                                "Startup Cost": 45976.67,
                                "Total Cost": 359578.61,
                                "Plan Rows": 1291317,
                                "Plan Width": 0,
                                "Actual Startup Time": 173.868,
                                "Actual Total Time": 2219.763,
                                "Actual Rows": 2195436,
                                "Actual Loops": 4,
                                "Inner Unique": false,
                                "Join Filter": "(t.id = ci.movie_id)",
                                "Rows Removed by Join Filter": 0,
                                "Workers": [
                                    {
                                        "Worker Number": 0,
                                        "Actual Startup Time": 170.572,
                                        "Actual Total Time": 2233.476,
                                        "Actual Rows": 2038753,
                                        "Actual Loops": 1
                                    },
                                    {
                                        "Worker Number": 1,
                                        "Actual Startup Time": 171.184,
                                        "Actual Total Time": 2220.685,
                                        "Actual Rows": 2354246,
                                        "Actual Loops": 1
                                    },
                                    {
                                        "Worker Number": 2,
                                        "Actual Startup Time": 171.287,
                                        "Actual Total Time": 2221.713,
                                        "Actual Rows": 2342460,
                                        "Actual Loops": 1
                                    }
                                ],
                                "Plans": [
                                    {
                                        "Node Type": "Hash Join",
                                        "Parent Relationship": "Outer",
                                        "Parallel Aware": true,
                                        "Join Type": "Inner",
                                        "Startup Cost": 45976.11,
                                        "Total Cost": 76186.04,
                                        "Plan Rows": 90058,
                                        "Plan Width": 8,
                                        "Actual Startup Time": 173.787,
                                        "Actual Total Time": 331.016,
                                        "Actual Rows": 51646,
                                        "Actual Loops": 4,
                                        "Output": [
                                            "t.id",
                                            "mc.movie_id"
                                        ],
                                        "Inner Unique": true,
                                        "Hash Cond": "(mc.movie_id = t.id)",
                                        "Workers": [
                                            {
                                                "Worker Number": 0,
                                                "Actual Startup Time": 170.464,
                                                "Actual Total Time": 320.043,
                                                "Actual Rows": 48377,
                                                "Actual Loops": 1
                                            },
                                            {
                                                "Worker Number": 1,
                                                "Actual Startup Time": 171.083,
                                                "Actual Total Time": 326.004,
                                                "Actual Rows": 53158,
                                                "Actual Loops": 1
                                            },
                                            {
                                                "Worker Number": 2,
                                                "Actual Startup Time": 171.207,
                                                "Actual Total Time": 329.141,
                                                "Actual Rows": 54364,
                                                "Actual Loops": 1
                                            }
                                        ],
                                        "Plans": [
                                            {
                                                "Node Type": "Seq Scan",
                                                "Parent Relationship": "Outer",
                                                "Parallel Aware": true,
                                                "Relation Name": "movie_companies",
                                                "Schema": "public",
                                                "Alias": "mc",
                                                "Startup Cost": 0.0,
                                                "Total Cost": 29310.68,
                                                "Plan Rows": 342571,
                                                "Plan Width": 4,
                                                "Actual Startup Time": 0.018,
                                                "Actual Total Time": 66.528,
                                                "Actual Rows": 265330,
                                                "Actual Loops": 4,
                                                "Output": [
                                                    "mc.id",
                                                    "mc.movie_id",
                                                    "mc.company_id",
                                                    "mc.company_type_id",
                                                    "mc.note"
                                                ],
                                                "Filter": "(mc.company_id < 6359)",
                                                "Rows Removed by Filter": 386952,
                                                "Workers": [
                                                    {
                                                        "Worker Number": 0,
                                                        "Actual Startup Time": 0.023,
                                                        "Actual Total Time": 63.083,
                                                        "Actual Rows": 246666,
                                                        "Actual Loops": 1
                                                    },
                                                    {
                                                        "Worker Number": 1,
                                                        "Actual Startup Time": 0.02,
                                                        "Actual Total Time": 66.277,
                                                        "Actual Rows": 274664,
                                                        "Actual Loops": 1
                                                    },
                                                    {
                                                        "Worker Number": 2,
                                                        "Actual Startup Time": 0.021,
                                                        "Actual Total Time": 67.601,
                                                        "Actual Rows": 286064,
                                                        "Actual Loops": 1
                                                    }
                                                ]
                                            },
                                            {
                                                "Node Type": "Hash",
                                                "Parent Relationship": "Inner",
                                                "Parallel Aware": true,
                                                "Startup Cost": 43899.01,
                                                "Total Cost": 43899.01,
                                                "Plan Rows": 166168,
                                                "Plan Width": 4,
                                                "Actual Startup Time": 169.203,
                                                "Actual Total Time": 169.204,
                                                "Actual Rows": 165516,
                                                "Actual Loops": 4,
                                                "Output": [
                                                    "t.id"
                                                ],
                                                "Hash Buckets": 1048576,
                                                "Original Hash Buckets": 1048576,
                                                "Hash Batches": 1,
                                                "Original Hash Batches": 1,
                                                "Peak Memory Usage": 34144,
                                                "Workers": [
                                                    {
                                                        "Worker Number": 0,
                                                        "Actual Startup Time": 170.069,
                                                        "Actual Total Time": 170.07,
                                                        "Actual Rows": 151047,
                                                        "Actual Loops": 1
                                                    },
                                                    {
                                                        "Worker Number": 1,
                                                        "Actual Startup Time": 170.622,
                                                        "Actual Total Time": 170.623,
                                                        "Actual Rows": 167269,
                                                        "Actual Loops": 1
                                                    },
                                                    {
                                                        "Worker Number": 2,
                                                        "Actual Startup Time": 170.64,
                                                        "Actual Total Time": 170.641,
                                                        "Actual Rows": 168314,
                                                        "Actual Loops": 1
                                                    }
                                                ],
                                                "Plans": [
                                                    {
                                                        "Node Type": "Seq Scan",
                                                        "Parent Relationship": "Outer",
                                                        "Parallel Aware": true,
                                                        "Relation Name": "title",
                                                        "Schema": "public",
                                                        "Alias": "t",
                                                        "Startup Cost": 0.0,
                                                        "Total Cost": 43899.01,
                                                        "Plan Rows": 166168,
                                                        "Plan Width": 4,
                                                        "Actual Startup Time": 0.096,
                                                        "Actual Total Time": 106.044,
                                                        "Actual Rows": 165516,
                                                        "Actual Loops": 4,
                                                        "Output": [
                                                            "t.id"
                                                        ],
                                                        "Filter": "(t.production_year > 2008)",
                                                        "Rows Removed by Filter": 466562,
                                                        "Workers": [
                                                            {
                                                                "Worker Number": 0,
                                                                "Actual Startup Time": 0.129,
                                                                "Actual Total Time": 107.074,
                                                                "Actual Rows": 151047,
                                                                "Actual Loops": 1
                                                            },
                                                            {
                                                                "Worker Number": 1,
                                                                "Actual Startup Time": 0.122,
                                                                "Actual Total Time": 108.829,
                                                                "Actual Rows": 167269,
                                                                "Actual Loops": 1
                                                            },
                                                            {
                                                                "Worker Number": 2,
                                                                "Actual Startup Time": 0.111,
                                                                "Actual Total Time": 108.214,
                                                                "Actual Rows": 168314,
                                                                "Actual Loops": 1
                                                            }
                                                        ]
                                                    }
                                                ]
                                            }
                                        ]
                                    },
                                    {
                                        "Node Type": "Index Only Scan",
                                        "Parent Relationship": "Inner",
                                        "Parallel Aware": false,
                                        "Scan Direction": "Forward",
                                        "Index Name": "movie_id_cast_info",
                                        "Relation Name": "cast_info",
                                        "Schema": "public",
                                        "Alias": "ci",
                                        "Startup Cost": 0.56,
                                        "Total Cost": 2.67,
                                        "Plan Rows": 38,
                                        "Plan Width": 4,
                                        "Actual Startup Time": 0.005,
                                        "Actual Total Time": 0.032,
                                        "Actual Rows": 43,
                                        "Actual Loops": 206582,
                                        "Output": [
                                            "ci.movie_id"
                                        ],
                                        "Index Cond": "(ci.movie_id = mc.movie_id)",
                                        "Rows Removed by Index Recheck": 0,
                                        "Heap Fetches": 8781745,
                                        "Workers": [
                                            {
                                                "Worker Number": 0,
                                                "Actual Startup Time": 0.006,
                                                "Actual Total Time": 0.036,
                                                "Actual Rows": 42,
                                                "Actual Loops": 48377
                                            },
                                            {
                                                "Worker Number": 1,
                                                "Actual Startup Time": 0.005,
                                                "Actual Total Time": 0.032,
                                                "Actual Rows": 44,
                                                "Actual Loops": 53158
                                            },
                                            {
                                                "Worker Number": 2,
                                                "Actual Startup Time": 0.005,
                                                "Actual Total Time": 0.031,
                                                "Actual Rows": 43,
                                                "Actual Loops": 54364
                                            }
                                        ]
                                    }
                                ]
                            }
                        ]
                    }
                ]
            }
        ]
    },
    "Planning Time": 1.589,
    "Triggers": [],
    "Execution Time": 2420.023
}