[
  {
    "Plan": {
      "Node Type": "Aggregate",
      "Strategy": "Plain",
      "Partial Mode": "Finalize",
      "Parallel Aware": false,
      "Startup Cost": 335087.85,
      "Total Cost": 335087.86,
      "Plan Rows": 1,
      "Plan Width": 8,
      "Actual Startup Time": 742.2,
      "Actual Total Time": 789.379,
      "Actual Rows": 1,
      "Actual Loops": 1,
      "Plans": [
        {
          "Node Type": "Gather",
          "Parent Relationship": "Outer",
          "Parallel Aware": false,
          "Startup Cost": 335087.23,
          "Total Cost": 335087.84,
          "Plan Rows": 6,
          "Plan Width": 8,
          "Actual Startup Time": 741.948,
          "Actual Total Time": 789.355,
          "Actual Rows": 7,
          "Actual Loops": 1,
          "Workers Planned": 6,
          "Workers Launched": 6,
          "Single Copy": false,
          "Plans": [
            {
              "Node Type": "Aggregate",
              "Strategy": "Plain",
              "Partial Mode": "Partial",
              "Parent Relationship": "Outer",
              "Parallel Aware": false,
              "Startup Cost": 334087.23,
              "Total Cost": 334087.24,
              "Plan Rows": 1,
              "Plan Width": 8,
              "Actual Startup Time": 734.559,
              "Actual Total Time": 734.561,
              "Actual Rows": 1,
              "Actual Loops": 7,
              "Plans": [
                {
                  "Node Type": "Seq Scan",
                  "Parent Relationship": "Outer",
                  "Parallel Aware": true,
                  "Relation Name": "cast_info",
                  "Alias": "ci",
                  "Startup Cost": 0.0,
                  "Total Cost": 328211.39,
                  "Plan Rows": 2350334,
                  "Plan Width": 0,
                  "Actual Startup Time": 0.049,
                  "Actual Total Time": 631.08,
                  "Actual Rows": 2034366,
                  "Actual Loops": 7,
                  "Filter": "(person_id < 1402402)",
                  "Rows Removed by Filter": 3143397
                }
              ]
            }
          ]
        }
      ]
    },
    "Planning Time": 0.103,
    "Triggers": [],
    "Execution Time": 789.425
  }
]