[
  {
    "Plan": {
      "Node Type": "Aggregate",
      "Strategy": "Plain",
      "Partial Mode": "Finalize",
      "Parallel Aware": false,
      "Startup Cost": 452201.6,
      "Total Cost": 452201.61,
      "Plan Rows": 1,
      "Plan Width": 8,
      "Actual Startup Time": 765.255,
      "Actual Total Time": 814.488,
      "Actual Rows": 1,
      "Actual Loops": 1,
      "Plans": [
        {
          "Node Type": "Gather",
          "Parent Relationship": "Outer",
          "Parallel Aware": false,
          "Startup Cost": 452201.07,
          "Total Cost": 452201.58,
          "Plan Rows": 5,
          "Plan Width": 8,
          "Actual Startup Time": 749.364,
          "Actual Total Time": 814.477,
          "Actual Rows": 6,
          "Actual Loops": 1,
          "Workers Planned": 5,
          "Workers Launched": 5,
          "Single Copy": false,
          "Plans": [
            {
              "Node Type": "Aggregate",
              "Strategy": "Plain",
              "Partial Mode": "Partial",
              "Parent Relationship": "Outer",
              "Parallel Aware": false,
              "Startup Cost": 451201.07,
              "Total Cost": 451201.08,
              "Plan Rows": 1,
              "Plan Width": 8,
              "Actual Startup Time": 733.533,
              "Actual Total Time": 733.536,
              "Actual Rows": 1,
              "Actual Loops": 6,
              "Plans": [
                {
                  "Node Type": "Nested Loop",
                  "Parent Relationship": "Outer",
                  "Parallel Aware": false,
                  "Join Type": "Inner",
                  "Startup Cost": 59087.15,
                  "Total Cost": 450287.48,
                  "Plan Rows": 365438,
                  "Plan Width": 0,
                  "Actual Startup Time": 238.543,
                  "Actual Total Time": 716.264,
                  "Actual Rows": 328792,
                  "Actual Loops": 6,
                  "Inner Unique": false,
                  "Plans": [
                    {
                      "Node Type": "Hash Join",
                      "Parent Relationship": "Outer",
                      "Parallel Aware": true,
                      "Join Type": "Inner",
                      "Startup Cost": 59086.72,
                      "Total Cost": 321939.32,
                      "Plan Rows": 62497,
                      "Plan Width": 8,
                      "Actual Startup Time": 238.428,
                      "Actual Total Time": 299.231,
                      "Actual Rows": 50111,
                      "Actual Loops": 6,
                      "Inner Unique": true,
                      "Hash Cond": "(ci.movie_id = t.id)",
                      "Plans": [
                        {
                          "Node Type": "Bitmap Heap Scan",
                          "Parent Relationship": "Outer",
                          "Parallel Aware": true,
                          "Relation Name": "cast_info",
                          "Alias": "ci",
                          "Startup Cost": 9359.57,
                          "Total Cost": 271989.77,
                          "Plan Rows": 84723,
                          "Plan Width": 4,
                          "Actual Startup Time": 14.765,
                          "Actual Total Time": 26.368,
                          "Actual Rows": 68020,
                          "Actual Loops": 6,
                          "Recheck Cond": "(person_id > 3985212)",
                          "Rows Removed by Index Recheck": 0,
                          "Exact Heap Blocks": 1047,
                          "Lossy Heap Blocks": 0,
                          "Plans": [
                            {
                              "Node Type": "Bitmap Index Scan",
                              "Parent Relationship": "Outer",
                              "Parallel Aware": false,
                              "Index Name": "person_id_cast_info",
                              "Startup Cost": 0.0,
                              "Total Cost": 9253.66,
                              "Plan Rows": 423613,
                              "Plan Width": 0,
                              "Actual Startup Time": 13.843,
                              "Actual Total Time": 13.843,
                              "Actual Rows": 408119,
                              "Actual Loops": 1,
                              "Index Cond": "(person_id > 3985212)"
                            }
                          ]
                        },
                        {
                          "Node Type": "Hash",
                          "Parent Relationship": "Inner",
                          "Parallel Aware": true,
                          "Startup Cost": 43898.92,
                          "Total Cost": 43898.92,
                          "Plan Rows": 466259,
                          "Plan Width": 4,
                          "Actual Startup Time": 218.232,
                          "Actual Total Time": 218.232,
                          "Actual Rows": 310914,
                          "Actual Loops": 6,
                          "Hash Buckets": 2097152,
                          "Original Hash Buckets": 2097152,
                          "Hash Batches": 1,
                          "Original Hash Batches": 1,
                          "Peak Memory Usage": 89472,
                          "Plans": [
                            {
                              "Node Type": "Seq Scan",
                              "Parent Relationship": "Outer",
                              "Parallel Aware": true,
                              "Relation Name": "title",
                              "Alias": "t",
                              "Startup Cost": 0.0,
                              "Total Cost": 43898.92,
                              "Plan Rows": 466259,
                              "Plan Width": 4,
                              "Actual Startup Time": 0.045,
                              "Actual Total Time": 84.827,
                              "Actual Rows": 310914,
                              "Actual Loops": 6,
                              "Filter": "(kind_id > 1)",
                              "Rows Removed by Filter": 110471
                            }
                          ]
                        }
                      ]
                    },
                    {
                      "Node Type": "Index Only Scan",
                      "Parent Relationship": "Inner",
                      "Parallel Aware": false,
                      "Scan Direction": "Forward",
                      "Index Name": "movie_id_movie_info",
                      "Relation Name": "movie_info",
                      "Alias": "mi",
                      "Startup Cost": 0.43,
                      "Total Cost": 1.63,
                      "Plan Rows": 42,
                      "Plan Width": 4,
                      "Actual Startup Time": 0.003,
                      "Actual Total Time": 0.008,
                      "Actual Rows": 7,
                      "Actual Loops": 300665,
                      "Index Cond": "(movie_id = t.id)",
                      "Rows Removed by Index Recheck": 0,
                      "Heap Fetches": 1972751
                    }
                  ]
                }
              ]
            }
          ]
        }
      ]
    },
    "Planning Time": 1.495,
    "Triggers": [],
    "Execution Time": 814.625
  }
]