[
  {
    "Plan": {
      "Node Type": "Aggregate",
      "Strategy": "Plain",
      "Partial Mode": "Finalize",
      "Parallel Aware": false,
      "Startup Cost": 275380.57,
      "Total Cost": 275380.58,
      "Plan Rows": 1,
      "Plan Width": 8,
      "Actual Startup Time": 45.744,
      "Actual Total Time": 49.784,
      "Actual Rows": 1,
      "Actual Loops": 1,
      "Plans": [
        {
          "Node Type": "Gather",
          "Parent Relationship": "Outer",
          "Parallel Aware": false,
          "Startup Cost": 275380.05,
          "Total Cost": 275380.56,
          "Plan Rows": 5,
          "Plan Width": 8,
          "Actual Startup Time": 45.567,
          "Actual Total Time": 49.777,
          "Actual Rows": 6,
          "Actual Loops": 1,
          "Workers Planned": 5,
          "Workers Launched": 5,
          "Single Copy": false,
          "Plans": [
            {
              "Node Type": "Aggregate",
              "Strategy": "Plain",
              "Partial Mode": "Partial",
              "Parent Relationship": "Outer",
              "Parallel Aware": false,
              "Startup Cost": 274380.05,
              "Total Cost": 274380.06,
              "Plan Rows": 1,
              "Plan Width": 8,
              "Actual Startup Time": 39.376,
              "Actual Total Time": 39.377,
              "Actual Rows": 1,
              "Actual Loops": 6,
              "Plans": [
                {
                  "Node Type": "Bitmap Heap Scan",
                  "Parent Relationship": "Outer",
                  "Parallel Aware": true,
                  "Relation Name": "cast_info",
                  "Alias": "ci",
                  "Startup Cost": 8307.16,
                  "Total Cost": 274192.01,
                  "Plan Rows": 75215,
                  "Plan Width": 0,
                  "Actual Startup Time": 12.525,
                  "Actual Total Time": 34.26,
                  "Actual Rows": 66688,
                  "Actual Loops": 6,
                  "Recheck Cond": "(person_id < 45464)",
                  "Rows Removed by Index Recheck": 0,
                  "Exact Heap Blocks": 1844,
                  "Lossy Heap Blocks": 0,
                  "Plans": [
                    {
                      "Node Type": "Bitmap Index Scan",
                      "Parent Relationship": "Outer",
                      "Parallel Aware": false,
                      "Index Name": "person_id_cast_info",
                      "Startup Cost": 0.0,
                      "Total Cost": 8213.14,
                      "Plan Rows": 376077,
                      "Plan Width": 0,
                      "Actual Startup Time": 17.508,
                      "Actual Total Time": 17.508,
                      "Actual Rows": 400128,
                      "Actual Loops": 1,
                      "Index Cond": "(person_id < 45464)"
                    }
                  ]
                }
              ]
            }
          ]
        }
      ]
    },
    "Planning Time": 0.212,
    "Triggers": [],
    "Execution Time": 49.86
  }
]