[
  {
    "Plan": {
      "Node Type": "Aggregate",
      "Strategy": "Plain",
      "Partial Mode": "Finalize",
      "Parallel Aware": false,
      "Startup Cost": 442770.19,
      "Total Cost": 442770.2,
      "Plan Rows": 1,
      "Plan Width": 8,
      "Actual Startup Time": 2778.59,
      "Actual Total Time": 2836.584,
      "Actual Rows": 1,
      "Actual Loops": 1,
      "Plans": [
        {
          "Node Type": "Gather",
          "Parent Relationship": "Outer",
          "Parallel Aware": false,
          "Startup Cost": 442769.57,
          "Total Cost": 442770.18,
          "Plan Rows": 6,
          "Plan Width": 8,
          "Actual Startup Time": 2761.461,
          "Actual Total Time": 2836.477,
          "Actual Rows": 7,
          "Actual Loops": 1,
          "Workers Planned": 6,
          "Workers Launched": 6,
          "Single Copy": false,
          "Plans": [
            {
              "Node Type": "Aggregate",
              "Strategy": "Plain",
              "Partial Mode": "Partial",
              "Parent Relationship": "Outer",
              "Parallel Aware": false,
              "Startup Cost": 441769.57,
              "Total Cost": 441769.58,
              "Plan Rows": 1,
              "Plan Width": 8,
              "Actual Startup Time": 2752.124,
              "Actual Total Time": 2752.29,
              "Actual Rows": 1,
              "Actual Loops": 7,
              "Plans": [
                {
                  "Node Type": "Hash Join",
                  "Parent Relationship": "Outer",
                  "Parallel Aware": true,
                  "Join Type": "Inner",
                  "Startup Cost": 96077.14,
                  "Total Cost": 437434.55,
                  "Plan Rows": 1734009,
                  "Plan Width": 0,
                  "Actual Startup Time": 415.289,
                  "Actual Total Time": 2481.674,
                  "Actual Rows": 5115731,
                  "Actual Loops": 7,
                  "Inner Unique": false,
                  "Hash Cond": "(ci.movie_id = t.id)",
                  "Plans": [
                    {
                      "Node Type": "Seq Scan",
                      "Parent Relationship": "Outer",
                      "Parallel Aware": true,
                      "Relation Name": "cast_info",
                      "Alias": "ci",
                      "Startup Cost": 0.0,
                      "Total Cost": 313106.51,
                      "Plan Rows": 6041951,
                      "Plan Width": 4,
                      "Actual Startup Time": 0.049,
                      "Actual Total Time": 635.435,
                      "Actual Rows": 5177763,
                      "Actual Loops": 7
                    },
                    {
                      "Node Type": "Hash",
                      "Parent Relationship": "Inner",
                      "Parallel Aware": true,
                      "Startup Cost": 93151.15,
                      "Total Cost": 93151.15,
                      "Plan Rows": 234079,
                      "Plan Width": 8,
                      "Actual Startup Time": 412.531,
                      "Actual Total Time": 412.694,
                      "Actual Rows": 91345,
                      "Actual Loops": 7,
                      "Hash Buckets": 1048576,
                      "Original Hash Buckets": 1048576,
                      "Hash Batches": 1,
                      "Original Hash Batches": 1,
                      "Peak Memory Usage": 33312,
                      "Plans": [
                        {
                          "Node Type": "Hash Join",
                          "Parent Relationship": "Outer",
                          "Parallel Aware": true,
                          "Join Type": "Inner",
                          "Startup Cost": 49604.51,
                          "Total Cost": 93151.15,
                          "Plan Rows": 234079,
                          "Plan Width": 8,
                          "Actual Startup Time": 251.889,
                          "Actual Total Time": 371.387,
                          "Actual Rows": 91345,
                          "Actual Loops": 7,
                          "Inner Unique": true,
                          "Hash Cond": "(mk.movie_id = t.id)",
                          "Plans": [
                            {
                              "Node Type": "Seq Scan",
                              "Parent Relationship": "Outer",
                              "Parallel Aware": true,
                              "Relation Name": "movie_keyword",
                              "Alias": "mk",
                              "Startup Cost": 0.0,
                              "Total Cost": 42695.65,
                              "Plan Rows": 324185,
                              "Plan Width": 4,
                              "Actual Startup Time": 1.181,
                              "Actual Total Time": 76.971,
                              "Actual Rows": 143958,
                              "Actual Loops": 7,
                              "Filter": "(keyword_id > 18242)",
                              "Rows Removed by Filter": 502318
                            },
                            {
                              "Node Type": "Hash",
                              "Parent Relationship": "Inner",
                              "Parallel Aware": true,
                              "Startup Cost": 43899.32,
                              "Total Cost": 43899.32,
                              "Plan Rows": 456415,
                              "Plan Width": 4,
                              "Actual Startup Time": 247.913,
                              "Actual Total Time": 247.916,
                              "Actual Rows": 259035,
                              "Actual Loops": 7,
                              "Hash Buckets": 2097152,
                              "Original Hash Buckets": 2097152,
                              "Hash Batches": 1,
                              "Original Hash Batches": 1,
                              "Peak Memory Usage": 87424,
                              "Plans": [
                                {
                                  "Node Type": "Seq Scan",
                                  "Parent Relationship": "Outer",
                                  "Parallel Aware": true,
                                  "Relation Name": "title",
                                  "Alias": "t",
                                  "Startup Cost": 0.0,
                                  "Total Cost": 43899.32,
                                  "Plan Rows": 456415,
                                  "Plan Width": 4,
                                  "Actual Startup Time": 0.063,
                                  "Actual Total Time": 98.815,
                                  "Actual Rows": 259035,
                                  "Actual Loops": 7,
                                  "Filter": "(production_year > 1987)",
                                  "Rows Removed by Filter": 102152
                                }
                              ]
                            }
                          ]
                        }
                      ]
                    }
                  ]
                }
              ]
            }
          ]
        }
      ]
    },
    "Planning Time": 0.982,
    "Triggers": [],
    "Execution Time": 2836.658
  }
]