[
    {
        "Bao": {
            "Bao prediction": "NaN",
            "Bao recommended hint": "(no hint)"
        }
    },
    {
        "Plan": {
            "Node Type": "Aggregate",
            "Strategy": "Plain",
            "Partial Mode": "Finalize",
            "Parallel Aware": false,
            "Startup Cost": 28673.7,
            "Total Cost": 28673.71,
            "Plan Rows": 1,
            "Plan Width": 8,
            "Actual Startup Time": 56.598,
            "Actual Total Time": 60.487,
            "Actual Rows": 1,
            "Actual Loops": 1,
            "Output": [
                "count(*)"
            ],
            "Plans": [
                {
                    "Node Type": "Gather",
                    "Parent Relationship": "Outer",
                    "Parallel Aware": false,
                    "Startup Cost": 28673.38,
                    "Total Cost": 28673.69,
                    "Plan Rows": 3,
                    "Plan Width": 8,
                    "Actual Startup Time": 56.45,
                    "Actual Total Time": 60.481,
                    "Actual Rows": 4,
                    "Actual Loops": 1,
                    "Output": [
                        "(PARTIAL count(*))"
                    ],
                    "Workers Planned": 3,
                    "Workers Launched": 3,
                    "Single Copy": false,
                    "Plans": [
                        {
                            "Node Type": "Aggregate",
                            "Strategy": "Plain",
                            "Partial Mode": "Partial",
                            "Parent Relationship": "Outer",
                            "Parallel Aware": false,
                            "Startup Cost": 27673.38,
                            "Total Cost": 27673.39,
                            "Plan Rows": 1,
                            "Plan Width": 8,
                            "Actual Startup Time": 48.135,
                            "Actual Total Time": 48.137,
                            "Actual Rows": 1,
                            "Actual Loops": 4,
                            "Output": [
                                "PARTIAL count(*)"
                            ],
                            "Workers": [
                                {
                                    "Worker Number": 0,
                                    "Actual Startup Time": 45.197,
                                    "Actual Total Time": 45.199,
                                    "Actual Rows": 1,
                                    "Actual Loops": 1
                                },
                                {
                                    "Worker Number": 1,
                                    "Actual Startup Time": 45.364,
                                    "Actual Total Time": 45.366,
                                    "Actual Rows": 1,
                                    "Actual Loops": 1
                                },
                                {
                                    "Worker Number": 2,
                                    "Actual Startup Time": 45.784,
                                    "Actual Total Time": 45.785,
                                    "Actual Rows": 1,
                                    "Actual Loops": 1
                                }
                            ],
                            "Plans": [
                                {
                                    "Node Type": "Bitmap Heap Scan",
                                    "Parent Relationship": "Outer",
                                    "Parallel Aware": true,
                                    "Relation Name": "movie_companies",
                                    "Schema": "public",
                                    "Alias": "mc",
                                    "Startup Cost": 7261.75,
                                    "Total Cost": 27403.11,
                                    "Plan Rows": 108109,
                                    "Plan Width": 0,
                                    "Actual Startup Time": 10.442,
                                    "Actual Total Time": 42.084,
                                    "Actual Rows": 85096,
                                    "Actual Loops": 4,
                                    "Recheck Cond": "(mc.company_id > 89245)",
                                    "Rows Removed by Index Recheck": 0,
                                    "Exact Heap Blocks": 3006,
                                    "Lossy Heap Blocks": 0,
                                    "Workers": [
                                        {
                                            "Worker Number": 0,
                                            "Actual Startup Time": 7.601,
                                            "Actual Total Time": 39.822,
                                            "Actual Rows": 47300,
                                            "Actual Loops": 1
                                        },
                                        {
                                            "Worker Number": 1,
                                            "Actual Startup Time": 7.651,
                                            "Actual Total Time": 39.916,
                                            "Actual Rows": 48162,
                                            "Actual Loops": 1
                                        },
                                        {
                                            "Worker Number": 2,
                                            "Actual Startup Time": 8.26,
                                            "Actual Total Time": 40.416,
                                            "Actual Rows": 46356,
                                            "Actual Loops": 1
                                        }
                                    ],
                                    "Plans": [
                                        {
                                            "Node Type": "Bitmap Index Scan",
                                            "Parent Relationship": "Outer",
                                            "Parallel Aware": false,
                                            "Index Name": "company_id_movie_companies",
                                            "Startup Cost": 0.0,
                                            "Total Cost": 7177.97,
                                            "Plan Rows": 335138,
                                            "Plan Width": 0,
                                            "Actual Startup Time": 17.578,
                                            "Actual Total Time": 17.578,
                                            "Actual Rows": 340384,
                                            "Actual Loops": 1,
                                            "Index Cond": "(mc.company_id > 89245)"
                                        }
                                    ]
                                }
                            ]
                        }
                    ]
                }
            ]
        },
        "Planning Time": 198.718,
        "Triggers": [],
        "Execution Time": 60.535
    }
]