[
  {
    "Plan": {
      "Node Type": "Aggregate",
      "Strategy": "Plain",
      "Partial Mode": "Finalize",
      "Parallel Aware": false,
      "Startup Cost": 32760.65,
      "Total Cost": 32760.66,
      "Plan Rows": 1,
      "Plan Width": 8,
      "Actual Startup Time": 74.974,
      "Actual Total Time": 82.703,
      "Actual Rows": 1,
      "Actual Loops": 1,
      "Plans": [
        {
          "Node Type": "Gather",
          "Parent Relationship": "Outer",
          "Parallel Aware": false,
          "Startup Cost": 32760.33,
          "Total Cost": 32760.64,
          "Plan Rows": 3,
          "Plan Width": 8,
          "Actual Startup Time": 74.834,
          "Actual Total Time": 82.693,
          "Actual Rows": 4,
          "Actual Loops": 1,
          "Workers Planned": 3,
          "Workers Launched": 3,
          "Single Copy": false,
          "Plans": [
            {
              "Node Type": "Aggregate",
              "Strategy": "Plain",
              "Partial Mode": "Partial",
              "Parent Relationship": "Outer",
              "Parallel Aware": false,
              "Startup Cost": 31760.33,
              "Total Cost": 31760.34,
              "Plan Rows": 1,
              "Plan Width": 8,
              "Actual Startup Time": 68.927,
              "Actual Total Time": 68.929,
              "Actual Rows": 1,
              "Actual Loops": 4,
              "Plans": [
                {
                  "Node Type": "Seq Scan",
                  "Parent Relationship": "Outer",
                  "Parallel Aware": true,
                  "Relation Name": "movie_companies",
                  "Alias": "mc",
                  "Startup Cost": 0.0,
                  "Total Cost": 31414.82,
                  "Plan Rows": 138205,
                  "Plan Width": 0,
                  "Actual Startup Time": 37.353,
                  "Actual Total Time": 66.23,
                  "Actual Rows": 61248,
                  "Actual Loops": 4,
                  "Filter": "((company_id < 2174) AND (company_type_id = 2))",
                  "Rows Removed by Filter": 591034
                }
              ]
            }
          ]
        }
      ]
    },
    "Planning Time": 0.187,
    "Triggers": [],
    "Execution Time": 82.753
  }
]