[
  {
    "Plan": {
      "Node Type": "Aggregate",
      "Strategy": "Plain",
      "Partial Mode": "Finalize",
      "Parallel Aware": false,
      "Startup Cost": 45492.44,
      "Total Cost": 45492.45,
      "Plan Rows": 1,
      "Plan Width": 8,
      "Actual Startup Time": 150.149,
      "Actual Total Time": 157.526,
      "Actual Rows": 1,
      "Actual Loops": 1,
      "Plans": [
        {
          "Node Type": "Gather",
          "Parent Relationship": "Outer",
          "Parallel Aware": false,
          "Startup Cost": 45492.13,
          "Total Cost": 45492.44,
          "Plan Rows": 3,
          "Plan Width": 8,
          "Actual Startup Time": 149.926,
          "Actual Total Time": 157.518,
          "Actual Rows": 4,
          "Actual Loops": 1,
          "Workers Planned": 3,
          "Workers Launched": 3,
          "Single Copy": false,
          "Plans": [
            {
              "Node Type": "Aggregate",
              "Strategy": "Plain",
              "Partial Mode": "Partial",
              "Parent Relationship": "Outer",
              "Parallel Aware": false,
              "Startup Cost": 44492.13,
              "Total Cost": 44492.14,
              "Plan Rows": 1,
              "Plan Width": 8,
              "Actual Startup Time": 141.775,
              "Actual Total Time": 141.776,
              "Actual Rows": 1,
              "Actual Loops": 4,
              "Plans": [
                {
                  "Node Type": "Seq Scan",
                  "Parent Relationship": "Outer",
                  "Parallel Aware": true,
                  "Relation Name": "movie_keyword",
                  "Alias": "mk",
                  "Startup Cost": 0.0,
                  "Total Cost": 42695.65,
                  "Plan Rows": 718589,
                  "Plan Width": 0,
                  "Actual Startup Time": 0.059,
                  "Actual Total Time": 115.74,
                  "Actual Rows": 558069,
                  "Actual Loops": 4,
                  "Filter": "(keyword_id < 4593)",
                  "Rows Removed by Filter": 572914
                }
              ]
            }
          ]
        }
      ]
    },
    "Planning Time": 0.156,
    "Triggers": [],
    "Execution Time": 157.583
  }
]