[
  {
    "Plan": {
      "Node Type": "Aggregate",
      "Strategy": "Plain",
      "Partial Mode": "Finalize",
      "Parallel Aware": false,
      "Startup Cost": 96290.24,
      "Total Cost": 96290.25,
      "Plan Rows": 1,
      "Plan Width": 8,
      "Actual Startup Time": 474.204,
      "Actual Total Time": 484.35,
      "Actual Rows": 1,
      "Actual Loops": 1,
      "Plans": [
        {
          "Node Type": "Gather",
          "Parent Relationship": "Outer",
          "Parallel Aware": false,
          "Startup Cost": 96289.92,
          "Total Cost": 96290.23,
          "Plan Rows": 3,
          "Plan Width": 8,
          "Actual Startup Time": 468.916,
          "Actual Total Time": 484.341,
          "Actual Rows": 4,
          "Actual Loops": 1,
          "Workers Planned": 3,
          "Workers Launched": 3,
          "Single Copy": false,
          "Plans": [
            {
              "Node Type": "Aggregate",
              "Strategy": "Plain",
              "Partial Mode": "Partial",
              "Parent Relationship": "Outer",
              "Parallel Aware": false,
              "Startup Cost": 95289.92,
              "Total Cost": 95289.93,
              "Plan Rows": 1,
              "Plan Width": 8,
              "Actual Startup Time": 464.365,
              "Actual Total Time": 464.501,
              "Actual Rows": 1,
              "Actual Loops": 4,
              "Plans": [
                {
                  "Node Type": "Hash Join",
                  "Parent Relationship": "Outer",
                  "Parallel Aware": true,
                  "Join Type": "Inner",
                  "Startup Cost": 63942.87,
                  "Total Cost": 94920.81,
                  "Plan Rows": 147645,
                  "Plan Width": 0,
                  "Actual Startup Time": 284.797,
                  "Actual Total Time": 447.93,
                  "Actual Rows": 419850,
                  "Actual Loops": 4,
                  "Inner Unique": false,
                  "Hash Cond": "(mc.movie_id = t.id)",
                  "Plans": [
                    {
                      "Node Type": "Seq Scan",
                      "Parent Relationship": "Outer",
                      "Parallel Aware": true,
                      "Relation Name": "movie_companies",
                      "Alias": "mc",
                      "Startup Cost": 0.0,
                      "Total Cost": 27206.55,
                      "Plan Rows": 841655,
                      "Plan Width": 4,
                      "Actual Startup Time": 0.017,
                      "Actual Total Time": 52.484,
                      "Actual Rows": 652282,
                      "Actual Loops": 4
                    },
                    {
                      "Node Type": "Hash",
                      "Parent Relationship": "Inner",
                      "Parallel Aware": true,
                      "Startup Cost": 61632.84,
                      "Total Cost": 61632.84,
                      "Plan Rows": 184802,
                      "Plan Width": 8,
                      "Actual Startup Time": 283.122,
                      "Actual Total Time": 283.257,
                      "Actual Rows": 136486,
                      "Actual Loops": 4,
                      "Hash Buckets": 1048576,
                      "Original Hash Buckets": 524288,
                      "Hash Batches": 1,
                      "Original Hash Batches": 1,
                      "Peak Memory Usage": 33696,
                      "Plans": [
                        {
                          "Node Type": "Hash Join",
                          "Parent Relationship": "Outer",
                          "Parallel Aware": true,
                          "Join Type": "Inner",
                          "Startup Cost": 46438.28,
                          "Total Cost": 61632.84,
                          "Plan Rows": 184802,
                          "Plan Width": 8,
                          "Actual Startup Time": 151.559,
                          "Actual Total Time": 238.624,
                          "Actual Rows": 136486,
                          "Actual Loops": 4,
                          "Inner Unique": true,
                          "Hash Cond": "(mi_idx.movie_id = t.id)",
                          "Plans": [
                            {
                              "Node Type": "Seq Scan",
                              "Parent Relationship": "Outer",
                              "Parallel Aware": true,
                              "Relation Name": "movie_info_idx",
                              "Alias": "mi_idx",
                              "Startup Cost": 0.0,
                              "Total Cost": 13685.15,
                              "Plan Rows": 575015,
                              "Plan Width": 4,
                              "Actual Startup Time": 0.019,
                              "Actual Total Time": 27.202,
                              "Actual Rows": 345009,
                              "Actual Loops": 4
                            },
                            {
                              "Node Type": "Hash",
                              "Parent Relationship": "Inner",
                              "Parallel Aware": true,
                              "Startup Cost": 43899.01,
                              "Total Cost": 43899.01,
                              "Plan Rows": 203142,
                              "Plan Width": 4,
                              "Actual Startup Time": 149.825,
                              "Actual Total Time": 149.826,
                              "Actual Rows": 203176,
                              "Actual Loops": 4,
                              "Hash Buckets": 1048576,
                              "Original Hash Buckets": 1048576,
                              "Hash Batches": 1,
                              "Original Hash Batches": 1,
                              "Peak Memory Usage": 40064,
                              "Plans": [
                                {
                                  "Node Type": "Seq Scan",
                                  "Parent Relationship": "Outer",
                                  "Parallel Aware": true,
                                  "Relation Name": "title",
                                  "Alias": "t",
                                  "Startup Cost": 0.0,
                                  "Total Cost": 43899.01,
                                  "Plan Rows": 203142,
                                  "Plan Width": 4,
                                  "Actual Startup Time": 0.023,
                                  "Actual Total Time": 84.969,
                                  "Actual Rows": 203176,
                                  "Actual Loops": 4,
                                  "Filter": "(production_year < 1995)",
                                  "Rows Removed by Filter": 428902
                                }
                              ]
                            }
                          ]
                        }
                      ]
                    }
                  ]
                }
              ]
            }
          ]
        }
      ]
    },
    "Planning Time": 0.399,
    "Triggers": [],
    "Execution Time": 484.384
  }
]