[
  {
    "Plan": {
      "Node Type": "Aggregate",
      "Strategy": "Plain",
      "Partial Mode": "Finalize",
      "Parallel Aware": false,
      "Startup Cost": 369540.75,
      "Total Cost": 369540.76,
      "Plan Rows": 1,
      "Plan Width": 8,
      "Actual Startup Time": 714.359,
      "Actual Total Time": 747.99,
      "Actual Rows": 1,
      "Actual Loops": 1,
      "Plans": [
        {
          "Node Type": "Gather",
          "Parent Relationship": "Outer",
          "Parallel Aware": false,
          "Startup Cost": 369540.12,
          "Total Cost": 369540.73,
          "Plan Rows": 6,
          "Plan Width": 8,
          "Actual Startup Time": 685.363,
          "Actual Total Time": 747.976,
          "Actual Rows": 7,
          "Actual Loops": 1,
          "Workers Planned": 6,
          "Workers Launched": 6,
          "Single Copy": false,
          "Plans": [
            {
              "Node Type": "Aggregate",
              "Strategy": "Plain",
              "Partial Mode": "Partial",
              "Parent Relationship": "Outer",
              "Parallel Aware": false,
              "Startup Cost": 368540.12,
              "Total Cost": 368540.13,
              "Plan Rows": 1,
              "Plan Width": 8,
              "Actual Startup Time": 670.82,
              "Actual Total Time": 670.825,
              "Actual Rows": 1,
              "Actual Loops": 7,
              "Plans": [
                {
                  "Node Type": "Hash Join",
                  "Parent Relationship": "Outer",
                  "Parallel Aware": true,
                  "Join Type": "Inner",
                  "Startup Cost": 108146.17,
                  "Total Cost": 367446.94,
                  "Plan Rows": 437274,
                  "Plan Width": 0,
                  "Actual Startup Time": 363.891,
                  "Actual Total Time": 651.414,
                  "Actual Rows": 361010,
                  "Actual Loops": 7,
                  "Inner Unique": true,
                  "Hash Cond": "(ci.movie_id = t.id)",
                  "Plans": [
                    {
                      "Node Type": "Bitmap Heap Scan",
                      "Parent Relationship": "Outer",
                      "Parallel Aware": true,
                      "Relation Name": "cast_info",
                      "Alias": "ci",
                      "Startup Cost": 57925.79,
                      "Total Cost": 316078.71,
                      "Plan Rows": 437274,
                      "Plan Width": 4,
                      "Actual Startup Time": 92.593,
                      "Actual Total Time": 187.639,
                      "Actual Rows": 361010,
                      "Actual Loops": 7,
                      "Recheck Cond": "(person_id > 3569750)",
                      "Rows Removed by Index Recheck": 0,
                      "Exact Heap Blocks": 6381,
                      "Lossy Heap Blocks": 0,
                      "Plans": [
                        {
                          "Node Type": "Bitmap Index Scan",
                          "Parent Relationship": "Outer",
                          "Parallel Aware": false,
                          "Index Name": "person_id_cast_info",
                          "Startup Cost": 0.0,
                          "Total Cost": 57269.88,
                          "Plan Rows": 2623642,
                          "Plan Width": 0,
                          "Actual Startup Time": 86.311,
                          "Actual Total Time": 86.312,
                          "Actual Rows": 2527072,
                          "Actual Loops": 1,
                          "Index Cond": "(person_id > 3569750)"
                        }
                      ]
                    },
                    {
                      "Node Type": "Hash",
                      "Parent Relationship": "Inner",
                      "Parallel Aware": true,
                      "Startup Cost": 42319.06,
                      "Total Cost": 42319.06,
                      "Plan Rows": 632106,
                      "Plan Width": 4,
                      "Actual Startup Time": 266.469,
                      "Actual Total Time": 266.47,
                      "Actual Rows": 361187,
                      "Actual Loops": 7,
                      "Hash Buckets": 4194304,
                      "Original Hash Buckets": 4194304,
                      "Hash Batches": 1,
                      "Original Hash Batches": 1,
                      "Peak Memory Usage": 131808,
                      "Plans": [
                        {
                          "Node Type": "Seq Scan",
                          "Parent Relationship": "Outer",
                          "Parallel Aware": true,
                          "Relation Name": "title",
                          "Alias": "t",
                          "Startup Cost": 0.0,
                          "Total Cost": 42319.06,
                          "Plan Rows": 632106,
                          "Plan Width": 4,
                          "Actual Startup Time": 0.037,
                          "Actual Total Time": 79.451,
                          "Actual Rows": 361187,
                          "Actual Loops": 7
                        }
                      ]
                    }
                  ]
                }
              ]
            }
          ]
        }
      ]
    },
    "Planning Time": 0.452,
    "Triggers": [],
    "Execution Time": 748.048
  }
]