[
  {
    "Plan": {
      "Node Type": "Aggregate",
      "Strategy": "Plain",
      "Partial Mode": "Finalize",
      "Parallel Aware": false,
      "Startup Cost": 44723.39,
      "Total Cost": 44723.4,
      "Plan Rows": 1,
      "Plan Width": 8,
      "Actual Startup Time": 153.163,
      "Actual Total Time": 163.09,
      "Actual Rows": 1,
      "Actual Loops": 1,
      "Plans": [
        {
          "Node Type": "Gather",
          "Parent Relationship": "Outer",
          "Parallel Aware": false,
          "Startup Cost": 44723.07,
          "Total Cost": 44723.38,
          "Plan Rows": 3,
          "Plan Width": 8,
          "Actual Startup Time": 152.999,
          "Actual Total Time": 163.077,
          "Actual Rows": 4,
          "Actual Loops": 1,
          "Workers Planned": 3,
          "Workers Launched": 3,
          "Single Copy": false,
          "Plans": [
            {
              "Node Type": "Aggregate",
              "Strategy": "Plain",
              "Partial Mode": "Partial",
              "Parent Relationship": "Outer",
              "Parallel Aware": false,
              "Startup Cost": 43723.07,
              "Total Cost": 43723.08,
              "Plan Rows": 1,
              "Plan Width": 8,
              "Actual Startup Time": 145.836,
              "Actual Total Time": 145.838,
              "Actual Rows": 1,
              "Actual Loops": 4,
              "Plans": [
                {
                  "Node Type": "Seq Scan",
                  "Parent Relationship": "Outer",
                  "Parallel Aware": true,
                  "Relation Name": "movie_keyword",
                  "Alias": "mk",
                  "Startup Cost": 0.0,
                  "Total Cost": 42695.65,
                  "Plan Rows": 410967,
                  "Plan Width": 0,
                  "Actual Startup Time": 1.03,
                  "Actual Total Time": 125.839,
                  "Actual Rows": 318305,
                  "Actual Loops": 4,
                  "Filter": "(keyword_id > 13984)",
                  "Rows Removed by Filter": 812677
                }
              ]
            }
          ]
        }
      ]
    },
    "Planning Time": 0.133,
    "Triggers": [],
    "Execution Time": 163.132
  }
]