[
    {
        "Bao": {
            "Bao prediction": "NaN",
            "Bao recommended hint": "(no hint)"
        }
    },
    {
        "Plan": {
            "Node Type": "Aggregate",
            "Strategy": "Plain",
            "Partial Mode": "Finalize",
            "Parallel Aware": false,
            "Startup Cost": 32713.22,
            "Total Cost": 32713.23,
            "Plan Rows": 1,
            "Plan Width": 8,
            "Actual Startup Time": 82.785,
            "Actual Total Time": 89.045,
            "Actual Rows": 1,
            "Actual Loops": 1,
            "Output": [
                "count(*)"
            ],
            "Plans": [
                {
                    "Node Type": "Gather",
                    "Parent Relationship": "Outer",
                    "Parallel Aware": false,
                    "Startup Cost": 32712.9,
                    "Total Cost": 32713.21,
                    "Plan Rows": 3,
                    "Plan Width": 8,
                    "Actual Startup Time": 82.693,
                    "Actual Total Time": 89.037,
                    "Actual Rows": 4,
                    "Actual Loops": 1,
                    "Output": [
                        "(PARTIAL count(*))"
                    ],
                    "Workers Planned": 3,
                    "Workers Launched": 3,
                    "Single Copy": false,
                    "Plans": [
                        {
                            "Node Type": "Aggregate",
                            "Strategy": "Plain",
                            "Partial Mode": "Partial",
                            "Parent Relationship": "Outer",
                            "Parallel Aware": false,
                            "Startup Cost": 31712.9,
                            "Total Cost": 31712.91,
                            "Plan Rows": 1,
                            "Plan Width": 8,
                            "Actual Startup Time": 74.31,
                            "Actual Total Time": 74.311,
                            "Actual Rows": 1,
                            "Actual Loops": 4,
                            "Output": [
                                "PARTIAL count(*)"
                            ],
                            "Workers": [
                                {
                                    "Worker Number": 0,
                                    "Actual Startup Time": 71.557,
                                    "Actual Total Time": 71.559,
                                    "Actual Rows": 1,
                                    "Actual Loops": 1
                                },
                                {
                                    "Worker Number": 1,
                                    "Actual Startup Time": 71.624,
                                    "Actual Total Time": 71.625,
                                    "Actual Rows": 1,
                                    "Actual Loops": 1
                                },
                                {
                                    "Worker Number": 2,
                                    "Actual Startup Time": 71.986,
                                    "Actual Total Time": 71.987,
                                    "Actual Rows": 1,
                                    "Actual Loops": 1
                                }
                            ],
                            "Plans": [
                                {
                                    "Node Type": "Seq Scan",
                                    "Parent Relationship": "Outer",
                                    "Parallel Aware": true,
                                    "Relation Name": "movie_companies",
                                    "Schema": "public",
                                    "Alias": "mc",
                                    "Startup Cost": 0.0,
                                    "Total Cost": 31414.82,
                                    "Plan Rows": 119233,
                                    "Plan Width": 0,
                                    "Actual Startup Time": 30.222,
                                    "Actual Total Time": 73.604,
                                    "Actual Rows": 13528,
                                    "Actual Loops": 4,
                                    "Output": [
                                        "id",
                                        "movie_id",
                                        "company_id",
                                        "company_type_id",
                                        "note"
                                    ],
                                    "Filter": "((mc.company_id > 36114) AND (mc.company_type_id < 2))",
                                    "Rows Removed by Filter": 638754,
                                    "Workers": [
                                        {
                                            "Worker Number": 0,
                                            "Actual Startup Time": 27.472,
                                            "Actual Total Time": 70.864,
                                            "Actual Rows": 11719,
                                            "Actual Loops": 1
                                        },
                                        {
                                            "Worker Number": 1,
                                            "Actual Startup Time": 27.536,
                                            "Actual Total Time": 70.955,
                                            "Actual Rows": 12491,
                                            "Actual Loops": 1
                                        },
                                        {
                                            "Worker Number": 2,
                                            "Actual Startup Time": 27.902,
                                            "Actual Total Time": 71.301,
                                            "Actual Rows": 12506,
                                            "Actual Loops": 1
                                        }
                                    ]
                                }
                            ]
                        }
                    ]
                }
            ]
        },
        "Planning Time": 201.257,
        "Triggers": [],
        "Execution Time": 89.124
    }
]