[
  {
    "Plan": {
      "Node Type": "Aggregate",
      "Strategy": "Plain",
      "Partial Mode": "Finalize",
      "Parallel Aware": false,
      "Startup Cost": 685246.16,
      "Total Cost": 685246.17,
      "Plan Rows": 1,
      "Plan Width": 96,
      "Actual Startup Time": 3051.346,
      "Actual Total Time": 3226.323,
      "Actual Rows": 1,
      "Actual Loops": 1,
      "Plans": [
        {
          "Node Type": "Gather",
          "Parent Relationship": "Outer",
          "Parallel Aware": false,
          "Startup Cost": 685245.72,
          "Total Cost": 685246.13,
          "Plan Rows": 4,
          "Plan Width": 96,
          "Actual Startup Time": 3050.457,
          "Actual Total Time": 3226.301,
          "Actual Rows": 5,
          "Actual Loops": 1,
          "Workers Planned": 4,
          "Workers Launched": 4,
          "Single Copy": false,
          "Plans": [
            {
              "Node Type": "Aggregate",
              "Strategy": "Plain",
              "Partial Mode": "Partial",
              "Parent Relationship": "Outer",
              "Parallel Aware": false,
              "Startup Cost": 684245.72,
              "Total Cost": 684245.73,
              "Plan Rows": 1,
              "Plan Width": 96,
              "Actual Startup Time": 3039.472,
              "Actual Total Time": 3039.495,
              "Actual Rows": 1,
              "Actual Loops": 5,
              "Plans": [
                {
                  "Node Type": "Hash Join",
                  "Parent Relationship": "Outer",
                  "Parallel Aware": true,
                  "Join Type": "Inner",
                  "Startup Cost": 614530.62,
                  "Total Cost": 684245.71,
                  "Plan Rows": 1,
                  "Plan Width": 66,
                  "Actual Startup Time": 2804.328,
                  "Actual Total Time": 3038.594,
                  "Actual Rows": 2348,
                  "Actual Loops": 5,
                  "Inner Unique": false,
                  "Hash Cond": "(n.id = ci.person_id)",
                  "Plans": [
                    {
                      "Node Type": "Seq Scan",
                      "Parent Relationship": "Outer",
                      "Parallel Aware": true,
                      "Relation Name": "name",
                      "Alias": "n",
                      "Startup Cost": 0.0,
                      "Total Cost": 68635.58,
                      "Plan Rows": 287866,
                      "Plan Width": 4,
                      "Actual Startup Time": 0.03,
                      "Actual Total Time": 182.601,
                      "Actual Rows": 347916,
                      "Actual Loops": 5,
                      "Filter": "((gender IS NOT NULL) AND ((gender)::text = 'm'::text))",
                      "Rows Removed by Filter": 485582
                    },
                    {
                      "Node Type": "Hash",
                      "Parent Relationship": "Inner",
                      "Parallel Aware": true,
                      "Startup Cost": 614530.6,
                      "Total Cost": 614530.6,
                      "Plan Rows": 1,
                      "Plan Width": 70,
                      "Actual Startup Time": 2803.315,
                      "Actual Total Time": 2803.336,
                      "Actual Rows": 3998,
                      "Actual Loops": 5,
                      "Hash Buckets": 32768,
                      "Original Hash Buckets": 1024,
                      "Hash Batches": 1,
                      "Original Hash Batches": 1,
                      "Peak Memory Usage": 1912,
                      "Plans": [
                        {
                          "Node Type": "Hash Join",
                          "Parent Relationship": "Outer",
                          "Parallel Aware": true,
                          "Join Type": "Inner",
                          "Startup Cost": 260896.91,
                          "Total Cost": 614530.6,
                          "Plan Rows": 1,
                          "Plan Width": 70,
                          "Actual Startup Time": 1018.969,
                          "Actual Total Time": 2566.16,
                          "Actual Rows": 3998,
                          "Actual Loops": 5,
                          "Inner Unique": false,
                          "Hash Cond": "(ci.movie_id = t.id)",
                          "Plans": [
                            {
                              "Node Type": "Seq Scan",
                              "Parent Relationship": "Outer",
                              "Parallel Aware": true,
                              "Relation Name": "cast_info",
                              "Alias": "ci",
                              "Startup Cost": 0.0,
                              "Total Cost": 350807.07,
                              "Plan Rows": 753763,
                              "Plan Width": 8,
                              "Actual Startup Time": 0.057,
                              "Actual Total Time": 1405.275,
                              "Actual Rows": 896875,
                              "Actual Loops": 5,
                              "Filter": "(note = ANY ('{\"(executive producer)\",(producer),(uncredited),(voice),(writer)}'::text[]))",
                              "Rows Removed by Filter": 6351994
                            },
                            {
                              "Node Type": "Hash",
                              "Parent Relationship": "Inner",
                              "Parallel Aware": true,
                              "Startup Cost": 260896.9,
                              "Total Cost": 260896.9,
                              "Plan Rows": 1,
                              "Plan Width": 78,
                              "Actual Startup Time": 1018.061,
                              "Actual Total Time": 1018.079,
                              "Actual Rows": 761,
                              "Actual Loops": 5,
                              "Hash Buckets": 4096,
                              "Original Hash Buckets": 1024,
                              "Hash Batches": 1,
                              "Original Hash Batches": 1,
                              "Peak Memory Usage": 472,
                              "Plans": [
                                {
                                  "Node Type": "Hash Join",
                                  "Parent Relationship": "Outer",
                                  "Parallel Aware": true,
                                  "Join Type": "Inner",
                                  "Startup Cost": 214693.29,
                                  "Total Cost": 260896.9,
                                  "Plan Rows": 1,
                                  "Plan Width": 78,
                                  "Actual Startup Time": 796.603,
                                  "Actual Total Time": 959.599,
                                  "Actual Rows": 761,
                                  "Actual Loops": 5,
                                  "Inner Unique": false,
                                  "Hash Cond": "(t.id = mi.movie_id)",
                                  "Plans": [
                                    {
                                      "Node Type": "Seq Scan",
                                      "Parent Relationship": "Outer",
                                      "Parallel Aware": true,
                                      "Relation Name": "title",
                                      "Alias": "t",
                                      "Startup Cost": 0.0,
                                      "Total Cost": 45478.74,
                                      "Plan Rows": 193296,
                                      "Plan Width": 21,
                                      "Actual Startup Time": 0.051,
                                      "Actual Total Time": 132.398,
                                      "Actual Rows": 154480,
                                      "Actual Loops": 5,
                                      "Filter": "((production_year >= 2000) AND (production_year <= 2008))",
                                      "Rows Removed by Filter": 351182
                                    },
                                    {
                                      "Node Type": "Hash",
                                      "Parent Relationship": "Inner",
                                      "Parallel Aware": true,
                                      "Startup Cost": 214693.28,
                                      "Total Cost": 214693.28,
                                      "Plan Rows": 1,
                                      "Plan Width": 57,
                                      "Actual Startup Time": 795.713,
                                      "Actual Total Time": 795.727,
                                      "Actual Rows": 2972,
                                      "Actual Loops": 5,
                                      "Hash Buckets": 16384,
                                      "Original Hash Buckets": 1024,
                                      "Hash Batches": 1,
                                      "Original Hash Batches": 1,
                                      "Peak Memory Usage": 1112,
                                      "Plans": [
                                        {
                                          "Node Type": "Hash Join",
                                          "Parent Relationship": "Outer",
                                          "Parallel Aware": true,
                                          "Join Type": "Inner",
                                          "Startup Cost": 199121.45,
                                          "Total Cost": 214693.28,
                                          "Plan Rows": 1,
                                          "Plan Width": 57,
                                          "Actual Startup Time": 687.179,
                                          "Actual Total Time": 764.329,
                                          "Actual Rows": 2972,
                                          "Actual Loops": 5,
                                          "Inner Unique": false,
                                          "Hash Cond": "(mi_idx.movie_id = mi.movie_id)",
                                          "Plans": [
                                            {
                                              "Node Type": "Hash Join",
                                              "Parent Relationship": "Outer",
                                              "Parallel Aware": false,
                                              "Join Type": "Inner",
                                              "Startup Cost": 2.43,
                                              "Total Cost": 15558.4,
                                              "Plan Rows": 1408,
                                              "Plan Width": 10,
                                              "Actual Startup Time": 0.109,
                                              "Actual Total Time": 64.411,
                                              "Actual Rows": 54424,
                                              "Actual Loops": 5,
                                              "Inner Unique": true,
                                              "Hash Cond": "(mi_idx.info_type_id = it2.id)",
                                              "Plans": [
                                                {
                                                  "Node Type": "Seq Scan",
                                                  "Parent Relationship": "Outer",
                                                  "Parallel Aware": true,
                                                  "Relation Name": "movie_info_idx",
                                                  "Alias": "mi_idx",
                                                  "Startup Cost": 0.0,
                                                  "Total Cost": 15122.68,
                                                  "Plan Rows": 159098,
                                                  "Plan Width": 14,
                                                  "Actual Startup Time": 0.026,
                                                  "Actual Total Time": 49.754,
                                                  "Actual Rows": 77332,
                                                  "Actual Loops": 5,
                                                  "Filter": "(info > '6'::text)",
                                                  "Rows Removed by Filter": 198675
                                                },
                                                {
                                                  "Node Type": "Hash",
                                                  "Parent Relationship": "Inner",
                                                  "Parallel Aware": false,
                                                  "Startup Cost": 2.41,
                                                  "Total Cost": 2.41,
                                                  "Plan Rows": 1,
                                                  "Plan Width": 4,
                                                  "Actual Startup Time": 0.031,
                                                  "Actual Total Time": 0.033,
                                                  "Actual Rows": 1,
                                                  "Actual Loops": 5,
                                                  "Hash Buckets": 1024,
                                                  "Original Hash Buckets": 1024,
                                                  "Hash Batches": 1,
                                                  "Original Hash Batches": 1,
                                                  "Peak Memory Usage": 9,
                                                  "Plans": [
                                                    {
                                                      "Node Type": "Seq Scan",
                                                      "Parent Relationship": "Outer",
                                                      "Parallel Aware": false,
                                                      "Relation Name": "info_type",
                                                      "Alias": "it2",
                                                      "Startup Cost": 0.0,
                                                      "Total Cost": 2.41,
                                                      "Plan Rows": 1,
                                                      "Plan Width": 4,
                                                      "Actual Startup Time": 0.02,
                                                      "Actual Total Time": 0.023,
                                                      "Actual Rows": 1,
                                                      "Actual Loops": 5,
                                                      "Filter": "((info)::text = 'rating'::text)",
                                                      "Rows Removed by Filter": 112
                                                    }
                                                  ]
                                                }
                                              ]
                                            },
                                            {
                                              "Node Type": "Hash",
                                              "Parent Relationship": "Inner",
                                              "Parallel Aware": true,
                                              "Startup Cost": 199118.0,
                                              "Total Cost": 199118.0,
                                              "Plan Rows": 82,
                                              "Plan Width": 47,
                                              "Actual Startup Time": 686.794,
                                              "Actual Total Time": 686.798,
                                              "Actual Rows": 9367,
                                              "Actual Loops": 5,
                                              "Hash Buckets": 65536,
                                              "Original Hash Buckets": 1024,
                                              "Hash Batches": 1,
                                              "Original Hash Batches": 1,
                                              "Peak Memory Usage": 3160,
                                              "Plans": [
                                                {
                                                  "Node Type": "Hash Join",
                                                  "Parent Relationship": "Outer",
                                                  "Parallel Aware": false,
                                                  "Join Type": "Inner",
                                                  "Startup Cost": 2.43,
                                                  "Total Cost": 199118.0,
                                                  "Plan Rows": 82,
                                                  "Plan Width": 47,
                                                  "Actual Startup Time": 597.632,
                                                  "Actual Total Time": 667.01,
                                                  "Actual Rows": 9367,
                                                  "Actual Loops": 5,
                                                  "Inner Unique": true,
                                                  "Hash Cond": "(mi.info_type_id = it1.id)",
                                                  "Plans": [
                                                    {
                                                      "Node Type": "Seq Scan",
                                                      "Parent Relationship": "Outer",
                                                      "Parallel Aware": true,
                                                      "Relation Name": "movie_info",
                                                      "Alias": "mi",
                                                      "Startup Cost": 0.0,
                                                      "Total Cost": 199090.3,
                                                      "Plan Rows": 9281,
                                                      "Plan Width": 51,
                                                      "Actual Startup Time": 399.296,
                                                      "Actual Total Time": 664.427,
                                                      "Actual Rows": 9378,
                                                      "Actual Loops": 5,
                                                      "Filter": "((note IS NULL) AND (info = ANY ('{Crime,War}'::text[])))",
                                                      "Rows Removed by Filter": 2957766
                                                    },
                                                    {
                                                      "Node Type": "Hash",
                                                      "Parent Relationship": "Inner",
                                                      "Parallel Aware": false,
                                                      "Startup Cost": 2.41,
                                                      "Total Cost": 2.41,
                                                      "Plan Rows": 1,
                                                      "Plan Width": 4,
                                                      "Actual Startup Time": 0.072,
                                                      "Actual Total Time": 0.073,
                                                      "Actual Rows": 1,
                                                      "Actual Loops": 5,
                                                      "Hash Buckets": 1024,
                                                      "Original Hash Buckets": 1024,
                                                      "Hash Batches": 1,
                                                      "Original Hash Batches": 1,
                                                      "Peak Memory Usage": 9,
                                                      "Plans": [
                                                        {
                                                          "Node Type": "Seq Scan",
                                                          "Parent Relationship": "Outer",
                                                          "Parallel Aware": false,
                                                          "Relation Name": "info_type",
                                                          "Alias": "it1",
                                                          "Startup Cost": 0.0,
                                                          "Total Cost": 2.41,
                                                          "Plan Rows": 1,
                                                          "Plan Width": 4,
                                                          "Actual Startup Time": 0.045,
                                                          "Actual Total Time": 0.056,
                                                          "Actual Rows": 1,
                                                          "Actual Loops": 5,
                                                          "Filter": "((info)::text = 'genres'::text)",
                                                          "Rows Removed by Filter": 112
                                                        }
                                                      ]
                                                    }
                                                  ]
                                                }
                                              ]
                                            }
                                          ]
                                        }
                                      ]
                                    }
                                  ]
                                }
                              ]
                            }
                          ]
                        }
                      ]
                    }
                  ]
                }
              ]
            }
          ]
        }
      ]
    },
    "Planning Time": 4.006,
    "Triggers": [],
    "Execution Time": 3226.69
  }
]