[
  {
    "Plan": {
      "Node Type": "Aggregate",
      "Strategy": "Plain",
      "Partial Mode": "Finalize",
      "Parallel Aware": false,
      "Startup Cost": 297423.43,
      "Total Cost": 297423.44,
      "Plan Rows": 1,
      "Plan Width": 8,
      "Actual Startup Time": 1029.265,
      "Actual Total Time": 1074.172,
      "Actual Rows": 1,
      "Actual Loops": 1,
      "Plans": [
        {
          "Node Type": "Gather",
          "Parent Relationship": "Outer",
          "Parallel Aware": false,
          "Startup Cost": 297422.9,
          "Total Cost": 297423.41,
          "Plan Rows": 5,
          "Plan Width": 8,
          "Actual Startup Time": 997.33,
          "Actual Total Time": 1074.143,
          "Actual Rows": 6,
          "Actual Loops": 1,
          "Workers Planned": 5,
          "Workers Launched": 5,
          "Single Copy": false,
          "Plans": [
            {
              "Node Type": "Aggregate",
              "Strategy": "Plain",
              "Partial Mode": "Partial",
              "Parent Relationship": "Outer",
              "Parallel Aware": false,
              "Startup Cost": 296422.9,
              "Total Cost": 296422.91,
              "Plan Rows": 1,
              "Plan Width": 8,
              "Actual Startup Time": 988.13,
              "Actual Total Time": 988.287,
              "Actual Rows": 1,
              "Actual Loops": 6,
              "Plans": [
                {
                  "Node Type": "Hash Join",
                  "Parent Relationship": "Outer",
                  "Parallel Aware": true,
                  "Join Type": "Inner",
                  "Startup Cost": 95053.66,
                  "Total Cost": 296136.59,
                  "Plan Rows": 114527,
                  "Plan Width": 0,
                  "Actual Startup Time": 556.329,
                  "Actual Total Time": 977.347,
                  "Actual Rows": 214202,
                  "Actual Loops": 6,
                  "Inner Unique": false,
                  "Hash Cond": "(mi.movie_id = t.id)",
                  "Plans": [
                    {
                      "Node Type": "Seq Scan",
                      "Parent Relationship": "Outer",
                      "Parallel Aware": true,
                      "Relation Name": "movie_info",
                      "Alias": "mi",
                      "Startup Cost": 0.0,
                      "Total Cost": 199108.24,
                      "Plan Rows": 428064,
                      "Plan Width": 4,
                      "Actual Startup Time": 32.892,
                      "Actual Total Time": 353.672,
                      "Actual Rows": 348511,
                      "Actual Loops": 6,
                      "Filter": "(info_type_id < 3)",
                      "Rows Removed by Filter": 2124109
                    },
                    {
                      "Node Type": "Hash",
                      "Parent Relationship": "Inner",
                      "Parallel Aware": true,
                      "Startup Cost": 92325.96,
                      "Total Cost": 92325.96,
                      "Plan Rows": 218216,
                      "Plan Width": 8,
                      "Actual Startup Time": 520.96,
                      "Actual Total Time": 521.114,
                      "Actual Rows": 113290,
                      "Actual Loops": 6,
                      "Hash Buckets": 1048576,
                      "Original Hash Buckets": 1048576,
                      "Hash Batches": 1,
                      "Original Hash Batches": 1,
                      "Peak Memory Usage": 34880,
                      "Plans": [
                        {
                          "Node Type": "Hash Join",
                          "Parent Relationship": "Outer",
                          "Parallel Aware": true,
                          "Join Type": "Inner",
                          "Startup Cost": 64571.45,
                          "Total Cost": 92325.96,
                          "Plan Rows": 218216,
                          "Plan Width": 8,
                          "Actual Startup Time": 353.826,
                          "Actual Total Time": 465.718,
                          "Actual Rows": 113290,
                          "Actual Loops": 6,
                          "Inner Unique": true,
                          "Hash Cond": "(mk.movie_id = t.id)",
                          "Plans": [
                            {
                              "Node Type": "Bitmap Heap Scan",
                              "Parent Relationship": "Outer",
                              "Parallel Aware": true,
                              "Relation Name": "movie_keyword",
                              "Alias": "mk",
                              "Startup Cost": 14351.07,
                              "Total Cost": 41532.76,
                              "Plan Rows": 218216,
                              "Plan Width": 4,
                              "Actual Startup Time": 36.74,
                              "Actual Total Time": 93.422,
                              "Actual Rows": 113290,
                              "Actual Loops": 6,
                              "Recheck Cond": "(keyword_id < 557)",
                              "Rows Removed by Index Recheck": 0,
                              "Exact Heap Blocks": 5653,
                              "Lossy Heap Blocks": 0,
                              "Plans": [
                                {
                                  "Node Type": "Bitmap Index Scan",
                                  "Parent Relationship": "Outer",
                                  "Parallel Aware": false,
                                  "Index Name": "keyword_id_movie_keyword",
                                  "Startup Cost": 0.0,
                                  "Total Cost": 14181.95,
                                  "Plan Rows": 676469,
                                  "Plan Width": 0,
                                  "Actual Startup Time": 33.098,
                                  "Actual Total Time": 33.098,
                                  "Actual Rows": 679742,
                                  "Actual Loops": 1,
                                  "Index Cond": "(keyword_id < 557)"
                                }
                              ]
                            },
                            {
                              "Node Type": "Hash",
                              "Parent Relationship": "Inner",
                              "Parallel Aware": true,
                              "Startup Cost": 42319.06,
                              "Total Cost": 42319.06,
                              "Plan Rows": 632106,
                              "Plan Width": 4,
                              "Actual Startup Time": 312.31,
                              "Actual Total Time": 312.312,
                              "Actual Rows": 421385,
                              "Actual Loops": 6,
                              "Hash Buckets": 4194304,
                              "Original Hash Buckets": 4194304,
                              "Hash Batches": 1,
                              "Original Hash Batches": 1,
                              "Peak Memory Usage": 131808,
                              "Plans": [
                                {
                                  "Node Type": "Seq Scan",
                                  "Parent Relationship": "Outer",
                                  "Parallel Aware": true,
                                  "Relation Name": "title",
                                  "Alias": "t",
                                  "Startup Cost": 0.0,
                                  "Total Cost": 42319.06,
                                  "Plan Rows": 632106,
                                  "Plan Width": 4,
                                  "Actual Startup Time": 0.053,
                                  "Actual Total Time": 89.685,
                                  "Actual Rows": 421385,
                                  "Actual Loops": 6
                                }
                              ]
                            }
                          ]
                        }
                      ]
                    }
                  ]
                }
              ]
            }
          ]
        }
      ]
    },
    "Planning Time": 0.562,
    "Triggers": [],
    "Execution Time": 1074.257
  }
]