{
  "Plan": {
    "Node Type": "Aggregate",
    "Strategy": "Plain",
    "Partial Mode": "Finalize",
    "Parallel Aware": false,
    "Startup Cost": 250501.33,
    "Total Cost": 250501.34,
    "Plan Rows": 1,
    "Plan Width": 8,
    "Actual Startup Time": 1903.382,
    "Actual Total Time": 1930.219,
    "Actual Rows": 1,
    "Actual Loops": 1,
    "Plans": [
      {
        "Node Type": "Gather",
        "Parent Relationship": "Outer",
        "Parallel Aware": false,
        "Startup Cost": 250501.21,
        "Total Cost": 250501.32,
        "Plan Rows": 1,
        "Plan Width": 8,
        "Actual Startup Time": 1901.99,
        "Actual Total Time": 1930.214,
        "Actual Rows": 2,
        "Actual Loops": 1,
        "Workers Planned": 1,
        "Workers Launched": 1,
        "Single Copy": false,
        "Plans": [
          {
            "Node Type": "Aggregate",
            "Strategy": "Plain",
            "Partial Mode": "Partial",
            "Parent Relationship": "Outer",
            "Parallel Aware": false,
            "Startup Cost": 249501.21,
            "Total Cost": 249501.22,
            "Plan Rows": 1,
            "Plan Width": 8,
            "Actual Startup Time": 1895.681,
            "Actual Total Time": 1895.684,
            "Actual Rows": 1,
            "Actual Loops": 2,
            "Plans": [
              {
                "Node Type": "Merge Join",
                "Parent Relationship": "Outer",
                "Parallel Aware": false,
                "Join Type": "Inner",
                "Startup Cost": 66687.59,
                "Total Cost": 249379.79,
                "Plan Rows": 48569,
                "Plan Width": 0,
                "Actual Startup Time": 987.659,
                "Actual Total Time": 1890.157,
                "Actual Rows": 106181,
                "Actual Loops": 2,
                "Inner Unique": false,
                "Merge Cond": "(mc.movie_id = t.id)",
                "Plans": [
                  {
                    "Node Type": "Sort",
                    "Parent Relationship": "Outer",
                    "Parallel Aware": false,
                    "Startup Cost": 66680.93,
                    "Total Cost": 67528.91,
                    "Plan Rows": 339192,
                    "Plan Width": 4,
                    "Actual Startup Time": 163.721,
                    "Actual Total Time": 178.78,
                    "Actual Rows": 286222,
                    "Actual Loops": 2,
                    "Sort Key": [
                      "mc.movie_id"
                    ],
                    "Sort Method": "quicksort",
                    "Sort Space Used": 30576,
                    "Sort Space Type": "Memory",
                    "Workers": [
                      {
                        "Worker Number": 0,
                        "Sort Method": "quicksort",
                        "Sort Space Used": 14691,
                        "Sort Space Type": "Memory"
                      }
                    ],
                    "Plans": [
                      {
                        "Node Type": "Bitmap Heap Scan",
                        "Parent Relationship": "Outer",
                        "Parallel Aware": true,
                        "Relation Name": "movie_companies",
                        "Alias": "mc",
                        "Startup Cost": 12493.29,
                        "Total Cost": 35523.19,
                        "Plan Rows": 339192,
                        "Plan Width": 4,
                        "Actual Startup Time": 40.074,
                        "Actual Total Time": 106.872,
                        "Actual Rows": 286222,
                        "Actual Loops": 2,
                        "Recheck Cond": "(company_id < 604)",
                        "Rows Removed by Index Recheck": 0,
                        "Exact Heap Blocks": 11485,
                        "Lossy Heap Blocks": 0,
                        "Plans": [
                          {
                            "Node Type": "Bitmap Index Scan",
                            "Parent Relationship": "Outer",
                            "Parallel Aware": false,
                            "Index Name": "company_id_movie_companies",
                            "Startup Cost": 0.0,
                            "Total Cost": 12349.13,
                            "Plan Rows": 576627,
                            "Plan Width": 0,
                            "Actual Startup Time": 42.497,
                            "Actual Total Time": 42.498,
                            "Actual Rows": 572445,
                            "Actual Loops": 1,
                            "Index Cond": "(company_id < 604)"
                          }
                        ]
                      }
                    ]
                  },
                  {
                    "Node Type": "Materialize",
                    "Parent Relationship": "Inner",
                    "Parallel Aware": false,
                    "Startup Cost": 3.18,
                    "Total Cost": 179794.81,
                    "Plan Rows": 362029,
                    "Plan Width": 8,
                    "Actual Startup Time": 807.782,
                    "Actual Total Time": 1638.487,
                    "Actual Rows": 676330,
                    "Actual Loops": 2,
                    "Plans": [
                      {
                        "Node Type": "Merge Join",
                        "Parent Relationship": "Outer",
                        "Parallel Aware": false,
                        "Join Type": "Inner",
                        "Startup Cost": 3.18,
                        "Total Cost": 178889.74,
                        "Plan Rows": 362029,
                        "Plan Width": 8,
                        "Actual Startup Time": 807.775,
                        "Actual Total Time": 1541.046,
                        "Actual Rows": 629876,
                        "Actual Loops": 2,
                        "Inner Unique": true,
                        "Merge Cond": "(mi_idx.movie_id = t.id)",
                        "Plans": [
                          {
                            "Node Type": "Index Only Scan",
                            "Parent Relationship": "Outer",
                            "Parallel Aware": false,
                            "Scan Direction": "Forward",
                            "Index Name": "movie_id_movie_info_idx",
                            "Relation Name": "movie_info_idx",
                            "Alias": "mi_idx",
                            "Startup Cost": 0.43,
                            "Total Cost": 53620.22,
                            "Plan Rows": 1380035,
                            "Plan Width": 4,
                            "Actual Startup Time": 0.071,
                            "Actual Total Time": 263.743,
                            "Actual Rows": 1379990,
                            "Actual Loops": 2,
                            "Heap Fetches": 2759979
                          },
                          {
                            "Node Type": "Index Scan",
                            "Parent Relationship": "Inner",
                            "Parallel Aware": false,
                            "Scan Direction": "Forward",
                            "Index Name": "title_pkey",
                            "Relation Name": "title",
                            "Alias": "t",
                            "Startup Cost": 0.43,
                            "Total Cost": 116660.7,
                            "Plan Rows": 663256,
                            "Plan Width": 4,
                            "Actual Startup Time": 75.402,
                            "Actual Total Time": 1122.76,
                            "Actual Rows": 661609,
                            "Actual Loops": 2,
                            "Filter": "(kind_id = 1)",
                            "Rows Removed by Filter": 1864074
                          }
                        ]
                      }
                    ]
                  }
                ]
              }
            ]
          }
        ]
      }
    ]
  },
  "Planning Time": 1.083,
  "Triggers": [],
  "Execution Time": 1930.331
}