{
  "Plan": {
    "Node Type": "Aggregate",
    "Strategy": "Plain",
    "Partial Mode": "Finalize",
    "Parallel Aware": false,
    "Startup Cost": 105311.67,
    "Total Cost": 105311.68,
    "Plan Rows": 1,
    "Plan Width": 8,
    "Actual Startup Time": 681.455,
    "Actual Total Time": 697.581,
    "Actual Rows": 1,
    "Actual Loops": 1,
    "Plans": [
      {
        "Node Type": "Gather",
        "Parent Relationship": "Outer",
        "Parallel Aware": false,
        "Startup Cost": 105311.56,
        "Total Cost": 105311.67,
        "Plan Rows": 1,
        "Plan Width": 8,
        "Actual Startup Time": 679.981,
        "Actual Total Time": 697.569,
        "Actual Rows": 2,
        "Actual Loops": 1,
        "Workers Planned": 1,
        "Workers Launched": 1,
        "Single Copy": false,
        "Plans": [
          {
            "Node Type": "Aggregate",
            "Strategy": "Plain",
            "Partial Mode": "Partial",
            "Parent Relationship": "Outer",
            "Parallel Aware": false,
            "Startup Cost": 104311.56,
            "Total Cost": 104311.57,
            "Plan Rows": 1,
            "Plan Width": 8,
            "Actual Startup Time": 674.089,
            "Actual Total Time": 674.093,
            "Actual Rows": 1,
            "Actual Loops": 2,
            "Plans": [
              {
                "Node Type": "Hash Join",
                "Parent Relationship": "Outer",
                "Parallel Aware": true,
                "Join Type": "Inner",
                "Startup Cost": 42455.79,
                "Total Cost": 103807.45,
                "Plan Rows": 201645,
                "Plan Width": 0,
                "Actual Startup Time": 212.924,
                "Actual Total Time": 660.713,
                "Actual Rows": 247118,
                "Actual Loops": 2,
                "Inner Unique": false,
                "Hash Cond": "(t.id = mc.movie_id)",
                "Plans": [
                  {
                    "Node Type": "Seq Scan",
                    "Parent Relationship": "Outer",
                    "Parallel Aware": true,
                    "Relation Name": "title",
                    "Alias": "t",
                    "Startup Cost": 0.0,
                    "Total Cost": 50870.31,
                    "Plan Rows": 1487231,
                    "Plan Width": 4,
                    "Actual Startup Time": 0.014,
                    "Actual Total Time": 136.266,
                    "Actual Rows": 1264156,
                    "Actual Loops": 2
                  },
                  {
                    "Node Type": "Hash",
                    "Parent Relationship": "Inner",
                    "Parallel Aware": true,
                    "Startup Cost": 39935.23,
                    "Total Cost": 39935.23,
                    "Plan Rows": 201645,
                    "Plan Width": 4,
                    "Actual Startup Time": 207.509,
                    "Actual Total Time": 207.51,
                    "Actual Rows": 247118,
                    "Actual Loops": 2,
                    "Hash Buckets": 524288,
                    "Original Hash Buckets": 524288,
                    "Hash Batches": 1,
                    "Original Hash Batches": 1,
                    "Peak Memory Usage": 23488,
                    "Plans": [
                      {
                        "Node Type": "Bitmap Heap Scan",
                        "Parent Relationship": "Outer",
                        "Parallel Aware": true,
                        "Relation Name": "movie_companies",
                        "Alias": "mc",
                        "Startup Cost": 15000.85,
                        "Total Cost": 39935.23,
                        "Plan Rows": 201645,
                        "Plan Width": 4,
                        "Actual Startup Time": 58.18,
                        "Actual Total Time": 147.306,
                        "Actual Rows": 247118,
                        "Actual Loops": 2,
                        "Recheck Cond": "(company_id < 1284)",
                        "Rows Removed by Index Recheck": 0,
                        "Filter": "(company_type_id < 2)",
                        "Rows Removed by Filter": 99244,
                        "Exact Heap Blocks": 8739,
                        "Lossy Heap Blocks": 0,
                        "Plans": [
                          {
                            "Node Type": "Bitmap Index Scan",
                            "Parent Relationship": "Outer",
                            "Parallel Aware": false,
                            "Index Name": "company_id_movie_companies",
                            "Startup Cost": 0.0,
                            "Total Cost": 14915.15,
                            "Plan Rows": 696363,
                            "Plan Width": 0,
                            "Actual Startup Time": 54.028,
                            "Actual Total Time": 54.028,
                            "Actual Rows": 692726,
                            "Actual Loops": 1,
                            "Index Cond": "(company_id < 1284)"
                          }
                        ]
                      }
                    ]
                  }
                ]
              }
            ]
          }
        ]
      }
    ]
  },
  "Planning Time": 0.733,
  "Triggers": [],
  "Execution Time": 697.675
}