[
  {
    "Plan": {
      "Node Type": "Aggregate",
      "Strategy": "Plain",
      "Partial Mode": "Finalize",
      "Parallel Aware": false,
      "Startup Cost": 66744.38,
      "Total Cost": 66744.39,
      "Plan Rows": 1,
      "Plan Width": 8,
      "Actual Startup Time": 168.452,
      "Actual Total Time": 183.465,
      "Actual Rows": 1,
      "Actual Loops": 1,
      "Plans": [
        {
          "Node Type": "Gather",
          "Parent Relationship": "Outer",
          "Parallel Aware": false,
          "Startup Cost": 66743.96,
          "Total Cost": 66744.37,
          "Plan Rows": 4,
          "Plan Width": 8,
          "Actual Startup Time": 168.086,
          "Actual Total Time": 183.457,
          "Actual Rows": 5,
          "Actual Loops": 1,
          "Workers Planned": 4,
          "Workers Launched": 4,
          "Single Copy": false,
          "Plans": [
            {
              "Node Type": "Aggregate",
              "Strategy": "Plain",
              "Partial Mode": "Partial",
              "Parent Relationship": "Outer",
              "Parallel Aware": false,
              "Startup Cost": 65743.96,
              "Total Cost": 65743.97,
              "Plan Rows": 1,
              "Plan Width": 8,
              "Actual Startup Time": 159.961,
              "Actual Total Time": 159.964,
              "Actual Rows": 1,
              "Actual Loops": 5,
              "Plans": [
                {
                  "Node Type": "Hash Join",
                  "Parent Relationship": "Outer",
                  "Parallel Aware": true,
                  "Join Type": "Inner",
                  "Startup Cost": 20197.27,
                  "Total Cost": 65714.45,
                  "Plan Rows": 11806,
                  "Plan Width": 0,
                  "Actual Startup Time": 27.571,
                  "Actual Total Time": 159.232,
                  "Actual Rows": 9450,
                  "Actual Loops": 5,
                  "Inner Unique": false,
                  "Hash Cond": "(t.id = mc.movie_id)",
                  "Plans": [
                    {
                      "Node Type": "Seq Scan",
                      "Parent Relationship": "Outer",
                      "Parallel Aware": true,
                      "Relation Name": "title",
                      "Alias": "t",
                      "Startup Cost": 0.0,
                      "Total Cost": 42318.73,
                      "Plan Rows": 632073,
                      "Plan Width": 4,
                      "Actual Startup Time": 0.017,
                      "Actual Total Time": 69.01,
                      "Actual Rows": 505662,
                      "Actual Loops": 5
                    },
                    {
                      "Node Type": "Hash",
                      "Parent Relationship": "Inner",
                      "Parallel Aware": true,
                      "Startup Cost": 20006.85,
                      "Total Cost": 20006.85,
                      "Plan Rows": 15234,
                      "Plan Width": 4,
                      "Actual Startup Time": 26.424,
                      "Actual Total Time": 26.425,
                      "Actual Rows": 9450,
                      "Actual Loops": 5,
                      "Hash Buckets": 65536,
                      "Original Hash Buckets": 65536,
                      "Hash Batches": 1,
                      "Original Hash Batches": 1,
                      "Peak Memory Usage": 2432,
                      "Plans": [
                        {
                          "Node Type": "Bitmap Heap Scan",
                          "Parent Relationship": "Outer",
                          "Parallel Aware": true,
                          "Relation Name": "movie_companies",
                          "Alias": "mc",
                          "Startup Cost": 1026.42,
                          "Total Cost": 20006.85,
                          "Plan Rows": 15234,
                          "Plan Width": 4,
                          "Actual Startup Time": 5.509,
                          "Actual Total Time": 20.925,
                          "Actual Rows": 9450,
                          "Actual Loops": 5,
                          "Recheck Cond": "(company_id = 19)",
                          "Rows Removed by Index Recheck": 0,
                          "Exact Heap Blocks": 2803,
                          "Lossy Heap Blocks": 0,
                          "Plans": [
                            {
                              "Node Type": "Bitmap Index Scan",
                              "Parent Relationship": "Outer",
                              "Parallel Aware": false,
                              "Index Name": "company_id_movie_companies",
                              "Startup Cost": 0.0,
                              "Total Cost": 1014.62,
                              "Plan Rows": 47225,
                              "Plan Width": 0,
                              "Actual Startup Time": 8.013,
                              "Actual Total Time": 8.014,
                              "Actual Rows": 47252,
                              "Actual Loops": 1,
                              "Index Cond": "(company_id = 19)"
                            }
                          ]
                        }
                      ]
                    }
                  ]
                }
              ]
            }
          ]
        }
      ]
    },
    "Planning Time": 0.492,
    "Triggers": [],
    "Execution Time": 183.541
  }
]