[
  {
    "Plan": {
      "Node Type": "Aggregate",
      "Strategy": "Plain",
      "Partial Mode": "Finalize",
      "Parallel Aware": false,
      "Startup Cost": 124943.86,
      "Total Cost": 124943.87,
      "Plan Rows": 1,
      "Plan Width": 8,
      "Actual Startup Time": 943.691,
      "Actual Total Time": 962.272,
      "Actual Rows": 1,
      "Actual Loops": 1,
      "Plans": [
        {
          "Node Type": "Gather",
          "Parent Relationship": "Outer",
          "Parallel Aware": false,
          "Startup Cost": 124943.54,
          "Total Cost": 124943.85,
          "Plan Rows": 3,
          "Plan Width": 8,
          "Actual Startup Time": 939.728,
          "Actual Total Time": 962.264,
          "Actual Rows": 4,
          "Actual Loops": 1,
          "Workers Planned": 3,
          "Workers Launched": 3,
          "Single Copy": false,
          "Plans": [
            {
              "Node Type": "Aggregate",
              "Strategy": "Plain",
              "Partial Mode": "Partial",
              "Parent Relationship": "Outer",
              "Parallel Aware": false,
              "Startup Cost": 123943.54,
              "Total Cost": 123943.55,
              "Plan Rows": 1,
              "Plan Width": 8,
              "Actual Startup Time": 930.112,
              "Actual Total Time": 930.119,
              "Actual Rows": 1,
              "Actual Loops": 4,
              "Plans": [
                {
                  "Node Type": "Hash Join",
                  "Parent Relationship": "Outer",
                  "Parallel Aware": true,
                  "Join Type": "Inner",
                  "Startup Cost": 76831.53,
                  "Total Cost": 123669.52,
                  "Plan Rows": 109606,
                  "Plan Width": 0,
                  "Actual Startup Time": 441.392,
                  "Actual Total Time": 829.77,
                  "Actual Rows": 1978468,
                  "Actual Loops": 4,
                  "Inner Unique": false,
                  "Hash Cond": "(mk.movie_id = t.id)",
                  "Plans": [
                    {
                      "Node Type": "Seq Scan",
                      "Parent Relationship": "Outer",
                      "Parallel Aware": true,
                      "Relation Name": "movie_keyword",
                      "Alias": "mk",
                      "Startup Cost": 0.0,
                      "Total Cost": 42695.65,
                      "Plan Rows": 1010340,
                      "Plan Width": 4,
                      "Actual Startup Time": 0.036,
                      "Actual Total Time": 127.362,
                      "Actual Rows": 781931,
                      "Actual Loops": 4,
                      "Filter": "(keyword_id < 12000)",
                      "Rows Removed by Filter": 349052
                    },
                    {
                      "Node Type": "Hash",
                      "Parent Relationship": "Inner",
                      "Parallel Aware": true,
                      "Startup Cost": 75725.56,
                      "Total Cost": 75725.56,
                      "Plan Rows": 88477,
                      "Plan Width": 8,
                      "Actual Startup Time": 438.002,
                      "Actual Total Time": 438.006,
                      "Actual Rows": 195541,
                      "Actual Loops": 4,
                      "Hash Buckets": 1048576,
                      "Original Hash Buckets": 524288,
                      "Hash Batches": 1,
                      "Original Hash Batches": 1,
                      "Peak Memory Usage": 42944,
                      "Plans": [
                        {
                          "Node Type": "Hash Join",
                          "Parent Relationship": "Outer",
                          "Parallel Aware": true,
                          "Join Type": "Inner",
                          "Startup Cost": 46309.67,
                          "Total Cost": 75725.56,
                          "Plan Rows": 88477,
                          "Plan Width": 8,
                          "Actual Startup Time": 148.223,
                          "Actual Total Time": 364.507,
                          "Actual Rows": 195541,
                          "Actual Loops": 4,
                          "Inner Unique": true,
                          "Hash Cond": "(mc.movie_id = t.id)",
                          "Plans": [
                            {
                              "Node Type": "Seq Scan",
                              "Parent Relationship": "Outer",
                              "Parallel Aware": true,
                              "Relation Name": "movie_companies",
                              "Alias": "mc",
                              "Startup Cost": 0.0,
                              "Total Cost": 27206.55,
                              "Plan Rows": 841655,
                              "Plan Width": 4,
                              "Actual Startup Time": 0.018,
                              "Actual Total Time": 70.004,
                              "Actual Rows": 652282,
                              "Actual Loops": 4
                            },
                            {
                              "Node Type": "Hash",
                              "Parent Relationship": "Inner",
                              "Parallel Aware": true,
                              "Startup Cost": 45479.1,
                              "Total Cost": 45479.1,
                              "Plan Rows": 66446,
                              "Plan Width": 4,
                              "Actual Startup Time": 146.298,
                              "Actual Total Time": 146.3,
                              "Actual Rows": 95653,
                              "Actual Loops": 4,
                              "Hash Buckets": 524288,
                              "Original Hash Buckets": 524288,
                              "Hash Batches": 1,
                              "Original Hash Batches": 1,
                              "Peak Memory Usage": 19136,
                              "Plans": [
                                {
                                  "Node Type": "Seq Scan",
                                  "Parent Relationship": "Outer",
                                  "Parallel Aware": true,
                                  "Relation Name": "title",
                                  "Alias": "t",
                                  "Startup Cost": 0.0,
                                  "Total Cost": 45479.1,
                                  "Plan Rows": 66446,
                                  "Plan Width": 4,
                                  "Actual Startup Time": 0.051,
                                  "Actual Total Time": 110.556,
                                  "Actual Rows": 95653,
                                  "Actual Loops": 4,
                                  "Filter": "((kind_id < 7) AND (production_year < 1990))",
                                  "Rows Removed by Filter": 536425
                                }
                              ]
                            }
                          ]
                        }
                      ]
                    }
                  ]
                }
              ]
            }
          ]
        }
      ]
    },
    "Planning Time": 1.415,
    "Triggers": [],
    "Execution Time": 962.362
  }
]