[
  {
    "Plan": {
      "Node Type": "Aggregate",
      "Strategy": "Plain",
      "Partial Mode": "Finalize",
      "Parallel Aware": false,
      "Startup Cost": 31705.48,
      "Total Cost": 31705.49,
      "Plan Rows": 1,
      "Plan Width": 8,
      "Actual Startup Time": 108.87,
      "Actual Total Time": 116.696,
      "Actual Rows": 1,
      "Actual Loops": 1,
      "Plans": [
        {
          "Node Type": "Gather",
          "Parent Relationship": "Outer",
          "Parallel Aware": false,
          "Startup Cost": 31705.16,
          "Total Cost": 31705.47,
          "Plan Rows": 3,
          "Plan Width": 8,
          "Actual Startup Time": 108.675,
          "Actual Total Time": 116.689,
          "Actual Rows": 4,
          "Actual Loops": 1,
          "Workers Planned": 3,
          "Workers Launched": 3,
          "Single Copy": false,
          "Plans": [
            {
              "Node Type": "Aggregate",
              "Strategy": "Plain",
              "Partial Mode": "Partial",
              "Parent Relationship": "Outer",
              "Parallel Aware": false,
              "Startup Cost": 30705.16,
              "Total Cost": 30705.17,
              "Plan Rows": 1,
              "Plan Width": 8,
              "Actual Startup Time": 100.357,
              "Actual Total Time": 100.358,
              "Actual Rows": 1,
              "Actual Loops": 4,
              "Plans": [
                {
                  "Node Type": "Seq Scan",
                  "Parent Relationship": "Outer",
                  "Parallel Aware": true,
                  "Relation Name": "movie_companies",
                  "Alias": "mc",
                  "Startup Cost": 0.0,
                  "Total Cost": 29310.68,
                  "Plan Rows": 557792,
                  "Plan Width": 0,
                  "Actual Startup Time": 1.835,
                  "Actual Total Time": 81.958,
                  "Actual Rows": 433626,
                  "Actual Loops": 4,
                  "Filter": "(company_id > 2561)",
                  "Rows Removed by Filter": 218657
                }
              ]
            }
          ]
        }
      ]
    },
    "Planning Time": 0.157,
    "Triggers": [],
    "Execution Time": 116.745
  }
]