[
  {
    "Plan": {
      "Node Type": "Aggregate",
      "Strategy": "Plain",
      "Partial Mode": "Finalize",
      "Parallel Aware": false,
      "Startup Cost": 32249.38,
      "Total Cost": 32249.39,
      "Plan Rows": 1,
      "Plan Width": 8,
      "Actual Startup Time": 135.774,
      "Actual Total Time": 143.853,
      "Actual Rows": 1,
      "Actual Loops": 1,
      "Plans": [
        {
          "Node Type": "Gather",
          "Parent Relationship": "Outer",
          "Parallel Aware": false,
          "Startup Cost": 32249.07,
          "Total Cost": 32249.38,
          "Plan Rows": 3,
          "Plan Width": 8,
          "Actual Startup Time": 135.632,
          "Actual Total Time": 143.842,
          "Actual Rows": 4,
          "Actual Loops": 1,
          "Workers Planned": 3,
          "Workers Launched": 3,
          "Single Copy": false,
          "Plans": [
            {
              "Node Type": "Aggregate",
              "Strategy": "Plain",
              "Partial Mode": "Partial",
              "Parent Relationship": "Outer",
              "Parallel Aware": false,
              "Startup Cost": 31249.07,
              "Total Cost": 31249.08,
              "Plan Rows": 1,
              "Plan Width": 8,
              "Actual Startup Time": 128.229,
              "Actual Total Time": 128.23,
              "Actual Rows": 1,
              "Actual Loops": 4,
              "Plans": [
                {
                  "Node Type": "Seq Scan",
                  "Parent Relationship": "Outer",
                  "Parallel Aware": true,
                  "Relation Name": "movie_companies",
                  "Alias": "mc",
                  "Startup Cost": 0.0,
                  "Total Cost": 29310.68,
                  "Plan Rows": 775354,
                  "Plan Width": 0,
                  "Actual Startup Time": 0.046,
                  "Actual Total Time": 95.904,
                  "Actual Rows": 602337,
                  "Actual Loops": 4,
                  "Filter": "(company_id < 113497)",
                  "Rows Removed by Filter": 49946
                }
              ]
            }
          ]
        }
      ]
    },
    "Planning Time": 0.146,
    "Triggers": [],
    "Execution Time": 143.896
  }
]