[
  {
    "Plan": {
      "Node Type": "Aggregate",
      "Strategy": "Plain",
      "Partial Mode": "Finalize",
      "Parallel Aware": false,
      "Startup Cost": 46700.09,
      "Total Cost": 46700.1,
      "Plan Rows": 1,
      "Plan Width": 8,
      "Actual Startup Time": 88.977,
      "Actual Total Time": 101.233,
      "Actual Rows": 1,
      "Actual Loops": 1,
      "Plans": [
        {
          "Node Type": "Gather",
          "Parent Relationship": "Outer",
          "Parallel Aware": false,
          "Startup Cost": 46699.67,
          "Total Cost": 46700.08,
          "Plan Rows": 4,
          "Plan Width": 8,
          "Actual Startup Time": 88.607,
          "Actual Total Time": 101.224,
          "Actual Rows": 5,
          "Actual Loops": 1,
          "Workers Planned": 4,
          "Workers Launched": 4,
          "Single Copy": false,
          "Plans": [
            {
              "Node Type": "Aggregate",
              "Strategy": "Plain",
              "Partial Mode": "Partial",
              "Parent Relationship": "Outer",
              "Parallel Aware": false,
              "Startup Cost": 45699.67,
              "Total Cost": 45699.68,
              "Plan Rows": 1,
              "Plan Width": 8,
              "Actual Startup Time": 83.532,
              "Actual Total Time": 83.533,
              "Actual Rows": 1,
              "Actual Loops": 5,
              "Plans": [
                {
                  "Node Type": "Seq Scan",
                  "Parent Relationship": "Outer",
                  "Parallel Aware": true,
                  "Relation Name": "title",
                  "Alias": "t",
                  "Startup Cost": 0.0,
                  "Total Cost": 45479.59,
                  "Plan Rows": 88033,
                  "Plan Width": 0,
                  "Actual Startup Time": 0.057,
                  "Actual Total Time": 80.588,
                  "Actual Rows": 60418,
                  "Actual Loops": 5,
                  "Filter": "((kind_id < 7) AND (production_year > 2006))",
                  "Rows Removed by Filter": 445245
                }
              ]
            }
          ]
        }
      ]
    },
    "Planning Time": 0.115,
    "Triggers": [],
    "Execution Time": 101.269
  }
]