[
  {
    "Plan": {
      "Node Type": "Aggregate",
      "Strategy": "Plain",
      "Partial Mode": "Finalize",
      "Parallel Aware": false,
      "Startup Cost": 46702.82,
      "Total Cost": 46702.83,
      "Plan Rows": 1,
      "Plan Width": 8,
      "Actual Startup Time": 103.028,
      "Actual Total Time": 115.444,
      "Actual Rows": 1,
      "Actual Loops": 1,
      "Plans": [
        {
          "Node Type": "Gather",
          "Parent Relationship": "Outer",
          "Parallel Aware": false,
          "Startup Cost": 46702.4,
          "Total Cost": 46702.81,
          "Plan Rows": 4,
          "Plan Width": 8,
          "Actual Startup Time": 102.901,
          "Actual Total Time": 115.435,
          "Actual Rows": 5,
          "Actual Loops": 1,
          "Workers Planned": 4,
          "Workers Launched": 4,
          "Single Copy": false,
          "Plans": [
            {
              "Node Type": "Aggregate",
              "Strategy": "Plain",
              "Partial Mode": "Partial",
              "Parent Relationship": "Outer",
              "Parallel Aware": false,
              "Startup Cost": 45702.4,
              "Total Cost": 45702.41,
              "Plan Rows": 1,
              "Plan Width": 8,
              "Actual Startup Time": 95.638,
              "Actual Total Time": 95.64,
              "Actual Rows": 1,
              "Actual Loops": 5,
              "Plans": [
                {
                  "Node Type": "Seq Scan",
                  "Parent Relationship": "Outer",
                  "Parallel Aware": true,
                  "Relation Name": "title",
                  "Alias": "t",
                  "Startup Cost": 0.0,
                  "Total Cost": 45479.1,
                  "Plan Rows": 89319,
                  "Plan Width": 0,
                  "Actual Startup Time": 0.075,
                  "Actual Total Time": 91.874,
                  "Actual Rows": 60418,
                  "Actual Loops": 5,
                  "Filter": "((kind_id < 7) AND (production_year > 2006))",
                  "Rows Removed by Filter": 445245
                }
              ]
            }
          ]
        }
      ]
    },
    "Planning Time": 0.18,
    "Triggers": [],
    "Execution Time": 115.514
  }
]