[
  {
    "Plan": {
      "Node Type": "Aggregate",
      "Strategy": "Plain",
      "Partial Mode": "Finalize",
      "Parallel Aware": false,
      "Startup Cost": 344827.11,
      "Total Cost": 344827.12,
      "Plan Rows": 1,
      "Plan Width": 8,
      "Actual Startup Time": 568.921,
      "Actual Total Time": 614.083,
      "Actual Rows": 1,
      "Actual Loops": 1,
      "Plans": [
        {
          "Node Type": "Gather",
          "Parent Relationship": "Outer",
          "Parallel Aware": false,
          "Startup Cost": 344826.48,
          "Total Cost": 344827.09,
          "Plan Rows": 6,
          "Plan Width": 8,
          "Actual Startup Time": 568.8,
          "Actual Total Time": 614.066,
          "Actual Rows": 7,
          "Actual Loops": 1,
          "Workers Planned": 6,
          "Workers Launched": 6,
          "Single Copy": false,
          "Plans": [
            {
              "Node Type": "Aggregate",
              "Strategy": "Plain",
              "Partial Mode": "Partial",
              "Parent Relationship": "Outer",
              "Parallel Aware": false,
              "Startup Cost": 343826.48,
              "Total Cost": 343826.49,
              "Plan Rows": 1,
              "Plan Width": 8,
              "Actual Startup Time": 561.332,
              "Actual Total Time": 561.334,
              "Actual Rows": 1,
              "Actual Loops": 7,
              "Plans": [
                {
                  "Node Type": "Index Scan",
                  "Parent Relationship": "Outer",
                  "Parallel Aware": true,
                  "Scan Direction": "Forward",
                  "Index Name": "role_id_cast_info",
                  "Relation Name": "cast_info",
                  "Alias": "ci",
                  "Startup Cost": 0.56,
                  "Total Cost": 341155.22,
                  "Plan Rows": 1068506,
                  "Plan Width": 0,
                  "Actual Startup Time": 0.136,
                  "Actual Total Time": 461.688,
                  "Actual Rows": 1810098,
                  "Actual Loops": 7,
                  "Index Cond": "(role_id = 1)",
                  "Rows Removed by Index Recheck": 0,
                  "Filter": "(person_id < 1840099)",
                  "Rows Removed by Filter": 0
                }
              ]
            }
          ]
        }
      ]
    },
    "Planning Time": 0.094,
    "Triggers": [],
    "Execution Time": 614.125
  }
]