[
  {
    "Plan": {
      "Node Type": "Aggregate",
      "Strategy": "Plain",
      "Partial Mode": "Finalize",
      "Parallel Aware": false,
      "Startup Cost": 90205.65,
      "Total Cost": 90205.66,
      "Plan Rows": 1,
      "Plan Width": 8,
      "Actual Startup Time": 247.482,
      "Actual Total Time": 266.601,
      "Actual Rows": 1,
      "Actual Loops": 1,
      "Plans": [
        {
          "Node Type": "Gather",
          "Parent Relationship": "Outer",
          "Parallel Aware": false,
          "Startup Cost": 90205.33,
          "Total Cost": 90205.64,
          "Plan Rows": 3,
          "Plan Width": 8,
          "Actual Startup Time": 247.155,
          "Actual Total Time": 266.593,
          "Actual Rows": 4,
          "Actual Loops": 1,
          "Workers Planned": 3,
          "Workers Launched": 3,
          "Single Copy": false,
          "Plans": [
            {
              "Node Type": "Aggregate",
              "Strategy": "Plain",
              "Partial Mode": "Partial",
              "Parent Relationship": "Outer",
              "Parallel Aware": false,
              "Startup Cost": 89205.33,
              "Total Cost": 89205.34,
              "Plan Rows": 1,
              "Plan Width": 8,
              "Actual Startup Time": 238.543,
              "Actual Total Time": 238.546,
              "Actual Rows": 1,
              "Actual Loops": 4,
              "Plans": [
                {
                  "Node Type": "Hash Join",
                  "Parent Relationship": "Outer",
                  "Parallel Aware": true,
                  "Join Type": "Inner",
                  "Startup Cost": 45629.34,
                  "Total Cost": 89189.67,
                  "Plan Rows": 6264,
                  "Plan Width": 0,
                  "Actual Startup Time": 109.415,
                  "Actual Total Time": 238.151,
                  "Actual Rows": 5397,
                  "Actual Loops": 4,
                  "Inner Unique": true,
                  "Hash Cond": "(mk.movie_id = t.id)",
                  "Plans": [
                    {
                      "Node Type": "Seq Scan",
                      "Parent Relationship": "Outer",
                      "Parallel Aware": true,
                      "Relation Name": "movie_keyword",
                      "Alias": "mk",
                      "Startup Cost": 0.0,
                      "Total Cost": 42695.65,
                      "Plan Rows": 329403,
                      "Plan Width": 4,
                      "Actual Startup Time": 1.456,
                      "Actual Total Time": 105.236,
                      "Actual Rows": 253864,
                      "Actual Loops": 4,
                      "Filter": "(keyword_id > 17785)",
                      "Rows Removed by Filter": 877118
                    },
                    {
                      "Node Type": "Hash",
                      "Parent Relationship": "Inner",
                      "Parallel Aware": true,
                      "Startup Cost": 45479.1,
                      "Total Cost": 45479.1,
                      "Plan Rows": 12019,
                      "Plan Width": 4,
                      "Actual Startup Time": 105.885,
                      "Actual Total Time": 105.886,
                      "Actual Rows": 10691,
                      "Actual Loops": 4,
                      "Hash Buckets": 65536,
                      "Original Hash Buckets": 65536,
                      "Hash Batches": 1,
                      "Original Hash Batches": 1,
                      "Peak Memory Usage": 2240,
                      "Plans": [
                        {
                          "Node Type": "Seq Scan",
                          "Parent Relationship": "Outer",
                          "Parallel Aware": true,
                          "Relation Name": "title",
                          "Alias": "t",
                          "Startup Cost": 0.0,
                          "Total Cost": 45479.1,
                          "Plan Rows": 12019,
                          "Plan Width": 4,
                          "Actual Startup Time": 0.175,
                          "Actual Total Time": 101.418,
                          "Actual Rows": 10691,
                          "Actual Loops": 4,
                          "Filter": "((kind_id < 3) AND (production_year = 2011))",
                          "Rows Removed by Filter": 621387
                        }
                      ]
                    }
                  ]
                }
              ]
            }
          ]
        }
      ]
    },
    "Planning Time": 0.664,
    "Triggers": [],
    "Execution Time": 266.671
  }
]