[
  {
    "Plan": {
      "Node Type": "Aggregate",
      "Strategy": "Plain",
      "Partial Mode": "Finalize",
      "Parallel Aware": false,
      "Startup Cost": 46554.68,
      "Total Cost": 46554.69,
      "Plan Rows": 1,
      "Plan Width": 8,
      "Actual Startup Time": 94.504,
      "Actual Total Time": 105.644,
      "Actual Rows": 1,
      "Actual Loops": 1,
      "Plans": [
        {
          "Node Type": "Gather",
          "Parent Relationship": "Outer",
          "Parallel Aware": false,
          "Startup Cost": 46554.26,
          "Total Cost": 46554.67,
          "Plan Rows": 4,
          "Plan Width": 8,
          "Actual Startup Time": 94.33,
          "Actual Total Time": 105.635,
          "Actual Rows": 5,
          "Actual Loops": 1,
          "Workers Planned": 4,
          "Workers Launched": 4,
          "Single Copy": false,
          "Plans": [
            {
              "Node Type": "Aggregate",
              "Strategy": "Plain",
              "Partial Mode": "Partial",
              "Parent Relationship": "Outer",
              "Parallel Aware": false,
              "Startup Cost": 45554.26,
              "Total Cost": 45554.27,
              "Plan Rows": 1,
              "Plan Width": 8,
              "Actual Startup Time": 86.496,
              "Actual Total Time": 86.497,
              "Actual Rows": 1,
              "Actual Loops": 5,
              "Plans": [
                {
                  "Node Type": "Seq Scan",
                  "Parent Relationship": "Outer",
                  "Parallel Aware": true,
                  "Relation Name": "title",
                  "Alias": "t",
                  "Startup Cost": 0.0,
                  "Total Cost": 45479.1,
                  "Plan Rows": 30065,
                  "Plan Width": 0,
                  "Actual Startup Time": 0.137,
                  "Actual Total Time": 84.207,
                  "Actual Rows": 49126,
                  "Actual Loops": 5,
                  "Filter": "((kind_id < 4) AND (production_year < 1970))",
                  "Rows Removed by Filter": 456537
                }
              ]
            }
          ]
        }
      ]
    },
    "Planning Time": 0.247,
    "Triggers": [],
    "Execution Time": 105.751
  }
]