{
    "Plan": {
        "Node Type": "Aggregate",
        "Strategy": "Plain",
        "Partial Mode": "Finalize",
        "Parallel Aware": false,
        "Startup Cost": 397168.36,
        "Total Cost": 397168.37,
        "Plan Rows": 1,
        "Plan Width": 8,
        "Actual Startup Time": 986.165,
        "Actual Total Time": 1034.215,
        "Actual Rows": 1,
        "Actual Loops": 1,
        "Output": [
            "count(*)"
        ],
        "Plans": [
            {
                "Node Type": "Gather",
                "Parent Relationship": "Outer",
                "Parallel Aware": false,
                "Startup Cost": 397167.74,
                "Total Cost": 397168.35,
                "Plan Rows": 6,
                "Plan Width": 8,
                "Actual Startup Time": 980.899,
                "Actual Total Time": 1034.202,
                "Actual Rows": 7,
                "Actual Loops": 1,
                "Output": [
                    "(PARTIAL count(*))"
                ],
                "Workers Planned": 6,
                "Workers Launched": 6,
                "Single Copy": false,
                "Plans": [
                    {
                        "Node Type": "Aggregate",
                        "Strategy": "Plain",
                        "Partial Mode": "Partial",
                        "Parent Relationship": "Outer",
                        "Parallel Aware": false,
                        "Startup Cost": 396167.74,
                        "Total Cost": 396167.75,
                        "Plan Rows": 1,
                        "Plan Width": 8,
                        "Actual Startup Time": 970.359,
                        "Actual Total Time": 970.362,
                        "Actual Rows": 1,
                        "Actual Loops": 7,
                        "Output": [
                            "PARTIAL count(*)"
                        ],
                        "Workers": [
                            {
                                "Worker Number": 0,
                                "Actual Startup Time": 968.008,
                                "Actual Total Time": 968.011,
                                "Actual Rows": 1,
                                "Actual Loops": 1
                            },
                            {
                                "Worker Number": 1,
                                "Actual Startup Time": 968.768,
                                "Actual Total Time": 968.771,
                                "Actual Rows": 1,
                                "Actual Loops": 1
                            },
                            {
                                "Worker Number": 2,
                                "Actual Startup Time": 968.439,
                                "Actual Total Time": 968.442,
                                "Actual Rows": 1,
                                "Actual Loops": 1
                            },
                            {
                                "Worker Number": 3,
                                "Actual Startup Time": 968.973,
                                "Actual Total Time": 968.976,
                                "Actual Rows": 1,
                                "Actual Loops": 1
                            },
                            {
                                "Worker Number": 4,
                                "Actual Startup Time": 969.126,
                                "Actual Total Time": 969.129,
                                "Actual Rows": 1,
                                "Actual Loops": 1
                            },
                            {
                                "Worker Number": 5,
                                "Actual Startup Time": 969.151,
                                "Actual Total Time": 969.154,
                                "Actual Rows": 1,
                                "Actual Loops": 1
                            }
                        ],
                        "Plans": [
                            {
                                "Node Type": "Hash Join",
                                "Parent Relationship": "Outer",
                                "Parallel Aware": true,
                                "Join Type": "Inner",
                                "Startup Cost": 47500.88,
                                "Total Cost": 395119.86,
                                "Plan Rows": 419151,
                                "Plan Width": 0,
                                "Actual Startup Time": 377.486,
                                "Actual Total Time": 960.133,
                                "Actual Rows": 186631,
                                "Actual Loops": 7,
                                "Inner Unique": true,
                                "Hash Cond": "(ci.movie_id = t.id)",
                                "Workers": [
                                    {
                                        "Worker Number": 0,
                                        "Actual Startup Time": 377.229,
                                        "Actual Total Time": 957.201,
                                        "Actual Rows": 150631,
                                        "Actual Loops": 1
                                    },
                                    {
                                        "Worker Number": 1,
                                        "Actual Startup Time": 382.705,
                                        "Actual Total Time": 957.979,
                                        "Actual Rows": 149360,
                                        "Actual Loops": 1
                                    },
                                    {
                                        "Worker Number": 2,
                                        "Actual Startup Time": 370.442,
                                        "Actual Total Time": 958.759,
                                        "Actual Rows": 209755,
                                        "Actual Loops": 1
                                    },
                                    {
                                        "Worker Number": 3,
                                        "Actual Startup Time": 369.564,
                                        "Actual Total Time": 959.337,
                                        "Actual Rows": 210233,
                                        "Actual Loops": 1
                                    },
                                    {
                                        "Worker Number": 4,
                                        "Actual Startup Time": 376.265,
                                        "Actual Total Time": 959.477,
                                        "Actual Rows": 201789,
                                        "Actual Loops": 1
                                    },
                                    {
                                        "Worker Number": 5,
                                        "Actual Startup Time": 370.574,
                                        "Actual Total Time": 959.683,
                                        "Actual Rows": 207797,
                                        "Actual Loops": 1
                                    }
                                ],
                                "Plans": [
                                    {
                                        "Node Type": "Seq Scan",
                                        "Parent Relationship": "Outer",
                                        "Parallel Aware": true,
                                        "Relation Name": "cast_info",
                                        "Schema": "public",
                                        "Alias": "ci",
                                        "Startup Cost": 0.0,
                                        "Total Cost": 343318.94,
                                        "Plan Rows": 1638106,
                                        "Plan Width": 4,
                                        "Actual Startup Time": 242.632,
                                        "Actual Total Time": 654.579,
                                        "Actual Rows": 604353,
                                        "Actual Loops": 7,
                                        "Output": [
                                            "ci.id",
                                            "ci.person_id",
                                            "ci.movie_id",
                                            "ci.person_role_id",
                                            "ci.note",
                                            "ci.nr_order",
                                            "ci.role_id"
                                        ],
                                        "Filter": "((ci.person_id < 1492142) AND (ci.role_id > 1))",
                                        "Rows Removed by Filter": 4573410,
                                        "Workers": [
                                            {
                                                "Worker Number": 0,
                                                "Actual Startup Time": 242.975,
                                                "Actual Total Time": 664.165,
                                                "Actual Rows": 490842,
                                                "Actual Loops": 1
                                            },
                                            {
                                                "Worker Number": 1,
                                                "Actual Startup Time": 253.677,
                                                "Actual Total Time": 661.518,
                                                "Actual Rows": 489760,
                                                "Actual Loops": 1
                                            },
                                            {
                                                "Worker Number": 2,
                                                "Actual Startup Time": 240.856,
                                                "Actual Total Time": 653.252,
                                                "Actual Rows": 675298,
                                                "Actual Loops": 1
                                            },
                                            {
                                                "Worker Number": 3,
                                                "Actual Startup Time": 239.827,
                                                "Actual Total Time": 650.49,
                                                "Actual Rows": 680284,
                                                "Actual Loops": 1
                                            },
                                            {
                                                "Worker Number": 4,
                                                "Actual Startup Time": 240.083,
                                                "Actual Total Time": 654.414,
                                                "Actual Rows": 650615,
                                                "Actual Loops": 1
                                            },
                                            {
                                                "Worker Number": 5,
                                                "Actual Startup Time": 239.619,
                                                "Actual Total Time": 653.838,
                                                "Actual Rows": 664398,
                                                "Actual Loops": 1
                                            }
                                        ]
                                    },
                                    {
                                        "Node Type": "Hash",
                                        "Parent Relationship": "Inner",
                                        "Parallel Aware": true,
                                        "Startup Cost": 45479.21,
                                        "Total Cost": 45479.21,
                                        "Plan Rows": 161734,
                                        "Plan Width": 4,
                                        "Actual Startup Time": 127.779,
                                        "Actual Total Time": 127.78,
                                        "Actual Rows": 91346,
                                        "Actual Loops": 7,
                                        "Output": [
                                            "t.id"
                                        ],
                                        "Hash Buckets": 1048576,
                                        "Original Hash Buckets": 1048576,
                                        "Hash Batches": 1,
                                        "Original Hash Batches": 1,
                                        "Peak Memory Usage": 33312,
                                        "Workers": [
                                            {
                                                "Worker Number": 0,
                                                "Actual Startup Time": 128.142,
                                                "Actual Total Time": 128.142,
                                                "Actual Rows": 74559,
                                                "Actual Loops": 1
                                            },
                                            {
                                                "Worker Number": 1,
                                                "Actual Startup Time": 128.4,
                                                "Actual Total Time": 128.401,
                                                "Actual Rows": 71713,
                                                "Actual Loops": 1
                                            },
                                            {
                                                "Worker Number": 2,
                                                "Actual Startup Time": 128.57,
                                                "Actual Total Time": 128.572,
                                                "Actual Rows": 101353,
                                                "Actual Loops": 1
                                            },
                                            {
                                                "Worker Number": 3,
                                                "Actual Startup Time": 129.188,
                                                "Actual Total Time": 129.189,
                                                "Actual Rows": 104690,
                                                "Actual Loops": 1
                                            },
                                            {
                                                "Worker Number": 4,
                                                "Actual Startup Time": 129.371,
                                                "Actual Total Time": 129.372,
                                                "Actual Rows": 99886,
                                                "Actual Loops": 1
                                            },
                                            {
                                                "Worker Number": 5,
                                                "Actual Startup Time": 129.357,
                                                "Actual Total Time": 129.358,
                                                "Actual Rows": 100794,
                                                "Actual Loops": 1
                                            }
                                        ],
                                        "Plans": [
                                            {
                                                "Node Type": "Seq Scan",
                                                "Parent Relationship": "Outer",
                                                "Parallel Aware": true,
                                                "Relation Name": "title",
                                                "Schema": "public",
                                                "Alias": "t",
                                                "Startup Cost": 0.0,
                                                "Total Cost": 45479.21,
                                                "Plan Rows": 161734,
                                                "Plan Width": 4,
                                                "Actual Startup Time": 47.848,
                                                "Actual Total Time": 86.894,
                                                "Actual Rows": 91346,
                                                "Actual Loops": 7,
                                                "Output": [
                                                    "t.id"
                                                ],
                                                "Filter": "((t.production_year > 1906) AND (t.kind_id = 1))",
                                                "Rows Removed by Filter": 269842,
                                                "Workers": [
                                                    {
                                                        "Worker Number": 0,
                                                        "Actual Startup Time": 54.684,
                                                        "Actual Total Time": 88.231,
                                                        "Actual Rows": 74559,
                                                        "Actual Loops": 1
                                                    },
                                                    {
                                                        "Worker Number": 1,
                                                        "Actual Startup Time": 6.391,
                                                        "Actual Total Time": 87.77,
                                                        "Actual Rows": 71713,
                                                        "Actual Loops": 1
                                                    },
                                                    {
                                                        "Worker Number": 2,
                                                        "Actual Startup Time": 54.864,
                                                        "Actual Total Time": 87.092,
                                                        "Actual Rows": 101353,
                                                        "Actual Loops": 1
                                                    },
                                                    {
                                                        "Worker Number": 3,
                                                        "Actual Startup Time": 54.862,
                                                        "Actual Total Time": 86.465,
                                                        "Actual Rows": 104690,
                                                        "Actual Loops": 1
                                                    },
                                                    {
                                                        "Worker Number": 4,
                                                        "Actual Startup Time": 54.664,
                                                        "Actual Total Time": 87.376,
                                                        "Actual Rows": 99886,
                                                        "Actual Loops": 1
                                                    },
                                                    {
                                                        "Worker Number": 5,
                                                        "Actual Startup Time": 54.633,
                                                        "Actual Total Time": 87.138,
                                                        "Actual Rows": 100794,
                                                        "Actual Loops": 1
                                                    }
                                                ]
                                            }
                                        ]
                                    }
                                ]
                            }
                        ]
                    }
                ]
            }
        ]
    },
    "Planning Time": 0.736,
    "Triggers": [],
    "Execution Time": 1034.3
}