[
  {
    "Plan": {
      "Node Type": "Aggregate",
      "Strategy": "Plain",
      "Partial Mode": "Finalize",
      "Parallel Aware": false,
      "Startup Cost": 80398.18,
      "Total Cost": 80398.19,
      "Plan Rows": 1,
      "Plan Width": 8,
      "Actual Startup Time": 282.552,
      "Actual Total Time": 298.9,
      "Actual Rows": 1,
      "Actual Loops": 1,
      "Plans": [
        {
          "Node Type": "Gather",
          "Parent Relationship": "Outer",
          "Parallel Aware": false,
          "Startup Cost": 80397.86,
          "Total Cost": 80398.17,
          "Plan Rows": 3,
          "Plan Width": 8,
          "Actual Startup Time": 278.617,
          "Actual Total Time": 298.89,
          "Actual Rows": 4,
          "Actual Loops": 1,
          "Workers Planned": 3,
          "Workers Launched": 3,
          "Single Copy": false,
          "Plans": [
            {
              "Node Type": "Aggregate",
              "Strategy": "Plain",
              "Partial Mode": "Partial",
              "Parent Relationship": "Outer",
              "Parallel Aware": false,
              "Startup Cost": 79397.86,
              "Total Cost": 79397.87,
              "Plan Rows": 1,
              "Plan Width": 8,
              "Actual Startup Time": 272.938,
              "Actual Total Time": 272.941,
              "Actual Rows": 1,
              "Actual Loops": 4,
              "Plans": [
                {
                  "Node Type": "Hash Join",
                  "Parent Relationship": "Outer",
                  "Parallel Aware": true,
                  "Join Type": "Inner",
                  "Startup Cost": 47423.17,
                  "Total Cost": 79230.95,
                  "Plan Rows": 66763,
                  "Plan Width": 0,
                  "Actual Startup Time": 203.86,
                  "Actual Total Time": 271.952,
                  "Actual Rows": 18802,
                  "Actual Loops": 4,
                  "Inner Unique": true,
                  "Hash Cond": "(mc.movie_id = t.id)",
                  "Plans": [
                    {
                      "Node Type": "Seq Scan",
                      "Parent Relationship": "Outer",
                      "Parallel Aware": true,
                      "Relation Name": "movie_companies",
                      "Alias": "mc",
                      "Startup Cost": 0.0,
                      "Total Cost": 31414.82,
                      "Plan Rows": 149700,
                      "Plan Width": 4,
                      "Actual Startup Time": 9.534,
                      "Actual Total Time": 62.617,
                      "Actual Rows": 36394,
                      "Actual Loops": 4,
                      "Filter": "((company_id > 18949) AND (company_type_id = 1))",
                      "Rows Removed by Filter": 615888
                    },
                    {
                      "Node Type": "Hash",
                      "Parent Relationship": "Inner",
                      "Parallel Aware": true,
                      "Startup Cost": 43899.32,
                      "Total Cost": 43899.32,
                      "Plan Rows": 281908,
                      "Plan Width": 4,
                      "Actual Startup Time": 190.231,
                      "Actual Total Time": 190.232,
                      "Actual Rows": 283339,
                      "Actual Loops": 4,
                      "Hash Buckets": 2097152,
                      "Original Hash Buckets": 2097152,
                      "Hash Batches": 1,
                      "Original Hash Batches": 1,
                      "Peak Memory Usage": 60800,
                      "Plans": [
                        {
                          "Node Type": "Seq Scan",
                          "Parent Relationship": "Outer",
                          "Parallel Aware": true,
                          "Relation Name": "title",
                          "Alias": "t",
                          "Startup Cost": 0.0,
                          "Total Cost": 43899.32,
                          "Plan Rows": 281908,
                          "Plan Width": 4,
                          "Actual Startup Time": 0.027,
                          "Actual Total Time": 97.601,
                          "Actual Rows": 283339,
                          "Actual Loops": 4,
                          "Filter": "(production_year < 2002)",
                          "Rows Removed by Filter": 348739
                        }
                      ]
                    }
                  ]
                }
              ]
            }
          ]
        }
      ]
    },
    "Planning Time": 0.464,
    "Triggers": [],
    "Execution Time": 298.942
  }
]