[
  {
    "Plan": {
      "Node Type": "Aggregate",
      "Strategy": "Plain",
      "Partial Mode": "Finalize",
      "Parallel Aware": false,
      "Startup Cost": 46700.66,
      "Total Cost": 46700.67,
      "Plan Rows": 1,
      "Plan Width": 8,
      "Actual Startup Time": 94.045,
      "Actual Total Time": 105.549,
      "Actual Rows": 1,
      "Actual Loops": 1,
      "Plans": [
        {
          "Node Type": "Gather",
          "Parent Relationship": "Outer",
          "Parallel Aware": false,
          "Startup Cost": 46700.24,
          "Total Cost": 46700.65,
          "Plan Rows": 4,
          "Plan Width": 8,
          "Actual Startup Time": 93.859,
          "Actual Total Time": 105.534,
          "Actual Rows": 5,
          "Actual Loops": 1,
          "Workers Planned": 4,
          "Workers Launched": 4,
          "Single Copy": false,
          "Plans": [
            {
              "Node Type": "Aggregate",
              "Strategy": "Plain",
              "Partial Mode": "Partial",
              "Parent Relationship": "Outer",
              "Parallel Aware": false,
              "Startup Cost": 45700.24,
              "Total Cost": 45700.25,
              "Plan Rows": 1,
              "Plan Width": 8,
              "Actual Startup Time": 88.874,
              "Actual Total Time": 88.875,
              "Actual Rows": 1,
              "Actual Loops": 5,
              "Plans": [
                {
                  "Node Type": "Seq Scan",
                  "Parent Relationship": "Outer",
                  "Parallel Aware": true,
                  "Relation Name": "title",
                  "Alias": "t",
                  "Startup Cost": 0.0,
                  "Total Cost": 45479.59,
                  "Plan Rows": 88262,
                  "Plan Width": 0,
                  "Actual Startup Time": 0.032,
                  "Actual Total Time": 86.051,
                  "Actual Rows": 45735,
                  "Actual Loops": 5,
                  "Filter": "((kind_id > 1) AND (production_year < 1979))",
                  "Rows Removed by Filter": 459927
                }
              ]
            }
          ]
        }
      ]
    },
    "Planning Time": 0.093,
    "Triggers": [],
    "Execution Time": 105.584
  }
]