{
  "Plan": {
    "Node Type": "Aggregate",
    "Strategy": "Plain",
    "Partial Mode": "Finalize",
    "Parallel Aware": false,
    "Startup Cost": 164200.98,
    "Total Cost": 164200.99,
    "Plan Rows": 1,
    "Plan Width": 8,
    "Actual Startup Time": 1029.28,
    "Actual Total Time": 1048.188,
    "Actual Rows": 1,
    "Actual Loops": 1,
    "Plans": [
      {
        "Node Type": "Gather",
        "Parent Relationship": "Outer",
        "Parallel Aware": false,
        "Startup Cost": 164200.86,
        "Total Cost": 164200.97,
        "Plan Rows": 1,
        "Plan Width": 8,
        "Actual Startup Time": 1027.393,
        "Actual Total Time": 1048.179,
        "Actual Rows": 2,
        "Actual Loops": 1,
        "Workers Planned": 1,
        "Workers Launched": 1,
        "Single Copy": false,
        "Plans": [
          {
            "Node Type": "Aggregate",
            "Strategy": "Plain",
            "Partial Mode": "Partial",
            "Parent Relationship": "Outer",
            "Parallel Aware": false,
            "Startup Cost": 163200.86,
            "Total Cost": 163200.87,
            "Plan Rows": 1,
            "Plan Width": 8,
            "Actual Startup Time": 1021.262,
            "Actual Total Time": 1021.451,
            "Actual Rows": 1,
            "Actual Loops": 2,
            "Plans": [
              {
                "Node Type": "Hash Join",
                "Parent Relationship": "Outer",
                "Parallel Aware": true,
                "Join Type": "Inner",
                "Startup Cost": 93031.53,
                "Total Cost": 162425.92,
                "Plan Rows": 309977,
                "Plan Width": 0,
                "Actual Startup Time": 572.163,
                "Actual Total Time": 971.298,
                "Actual Rows": 1240292,
                "Actual Loops": 2,
                "Inner Unique": false,
                "Hash Cond": "(mk.movie_id = t.id)",
                "Plans": [
                  {
                    "Node Type": "Seq Scan",
                    "Parent Relationship": "Outer",
                    "Parallel Aware": true,
                    "Relation Name": "movie_keyword",
                    "Alias": "mk",
                    "Startup Cost": 0.0,
                    "Total Cost": 57718.19,
                    "Plan Rows": 2627413,
                    "Plan Width": 4,
                    "Actual Startup Time": 0.015,
                    "Actual Total Time": 214.313,
                    "Actual Rows": 2234596,
                    "Actual Loops": 2,
                    "Filter": "(keyword_id > 53)",
                    "Rows Removed by Filter": 27368
                  },
                  {
                    "Node Type": "Hash",
                    "Parent Relationship": "Inner",
                    "Parallel Aware": true,
                    "Startup Cost": 90838.27,
                    "Total Cost": 90838.27,
                    "Plan Rows": 175461,
                    "Plan Width": 8,
                    "Actual Startup Time": 491.3,
                    "Actual Total Time": 491.488,
                    "Actual Rows": 149748,
                    "Actual Loops": 2,
                    "Hash Buckets": 524288,
                    "Original Hash Buckets": 524288,
                    "Hash Batches": 1,
                    "Original Hash Batches": 1,
                    "Peak Memory Usage": 15840,
                    "Plans": [
                      {
                        "Node Type": "Hash Join",
                        "Parent Relationship": "Outer",
                        "Parallel Aware": true,
                        "Join Type": "Inner",
                        "Startup Cost": 29640.64,
                        "Total Cost": 90838.27,
                        "Plan Rows": 175461,
                        "Plan Width": 8,
                        "Actual Startup Time": 279.478,
                        "Actual Total Time": 453.456,
                        "Actual Rows": 149748,
                        "Actual Loops": 2,
                        "Inner Unique": false,
                        "Hash Cond": "(t.id = mc.movie_id)",
                        "Plans": [
                          {
                            "Node Type": "Seq Scan",
                            "Parent Relationship": "Outer",
                            "Parallel Aware": true,
                            "Relation Name": "title",
                            "Alias": "t",
                            "Startup Cost": 0.0,
                            "Total Cost": 50870.31,
                            "Plan Rows": 1487231,
                            "Plan Width": 4,
                            "Actual Startup Time": 0.01,
                            "Actual Total Time": 126.604,
                            "Actual Rows": 1264156,
                            "Actual Loops": 2
                          },
                          {
                            "Node Type": "Hash",
                            "Parent Relationship": "Inner",
                            "Parallel Aware": true,
                            "Startup Cost": 27447.38,
                            "Total Cost": 27447.38,
                            "Plan Rows": 175461,
                            "Plan Width": 4,
                            "Actual Startup Time": 93.768,
                            "Actual Total Time": 93.77,
                            "Actual Rows": 149748,
                            "Actual Loops": 2,
                            "Hash Buckets": 524288,
                            "Original Hash Buckets": 524288,
                            "Hash Batches": 1,
                            "Original Hash Batches": 1,
                            "Peak Memory Usage": 15840,
                            "Plans": [
                              {
                                "Node Type": "Bitmap Heap Scan",
                                "Parent Relationship": "Outer",
                                "Parallel Aware": true,
                                "Relation Name": "movie_companies",
                                "Alias": "mc",
                                "Startup Cost": 6464.12,
                                "Total Cost": 27447.38,
                                "Plan Rows": 175461,
                                "Plan Width": 4,
                                "Actual Startup Time": 22.214,
                                "Actual Total Time": 57.635,
                                "Actual Rows": 149748,
                                "Actual Loops": 2,
                                "Recheck Cond": "(company_id > 94407)",
                                "Rows Removed by Index Recheck": 0,
                                "Exact Heap Blocks": 3094,
                                "Lossy Heap Blocks": 0,
                                "Plans": [
                                  {
                                    "Node Type": "Bitmap Index Scan",
                                    "Parent Relationship": "Outer",
                                    "Parallel Aware": false,
                                    "Index Name": "company_id_movie_companies",
                                    "Startup Cost": 0.0,
                                    "Total Cost": 6389.55,
                                    "Plan Rows": 298283,
                                    "Plan Width": 0,
                                    "Actual Startup Time": 21.39,
                                    "Actual Total Time": 21.39,
                                    "Actual Rows": 299497,
                                    "Actual Loops": 1,
                                    "Index Cond": "(company_id > 94407)"
                                  }
                                ]
                              }
                            ]
                          }
                        ]
                      }
                    ]
                  }
                ]
              }
            ]
          }
        ]
      }
    ]
  },
  "Planning Time": 1.045,
  "Triggers": [],
  "Execution Time": 1048.283
}