[
  {
    "Plan": {
      "Node Type": "Aggregate",
      "Strategy": "Plain",
      "Partial Mode": "Finalize",
      "Parallel Aware": false,
      "Startup Cost": 44963.01,
      "Total Cost": 44963.02,
      "Plan Rows": 1,
      "Plan Width": 8,
      "Actual Startup Time": 146.246,
      "Actual Total Time": 156.988,
      "Actual Rows": 1,
      "Actual Loops": 1,
      "Plans": [
        {
          "Node Type": "Gather",
          "Parent Relationship": "Outer",
          "Parallel Aware": false,
          "Startup Cost": 44962.69,
          "Total Cost": 44963.0,
          "Plan Rows": 3,
          "Plan Width": 8,
          "Actual Startup Time": 146.128,
          "Actual Total Time": 156.978,
          "Actual Rows": 4,
          "Actual Loops": 1,
          "Workers Planned": 3,
          "Workers Launched": 3,
          "Single Copy": false,
          "Plans": [
            {
              "Node Type": "Aggregate",
              "Strategy": "Plain",
              "Partial Mode": "Partial",
              "Parent Relationship": "Outer",
              "Parallel Aware": false,
              "Startup Cost": 43962.69,
              "Total Cost": 43962.7,
              "Plan Rows": 1,
              "Plan Width": 8,
              "Actual Startup Time": 142.552,
              "Actual Total Time": 142.554,
              "Actual Rows": 1,
              "Actual Loops": 4,
              "Plans": [
                {
                  "Node Type": "Seq Scan",
                  "Parent Relationship": "Outer",
                  "Parallel Aware": true,
                  "Relation Name": "movie_keyword",
                  "Alias": "mk",
                  "Startup Cost": 0.0,
                  "Total Cost": 42695.65,
                  "Plan Rows": 506815,
                  "Plan Width": 0,
                  "Actual Startup Time": 0.739,
                  "Actual Total Time": 121.226,
                  "Actual Rows": 390777,
                  "Actual Loops": 4,
                  "Filter": "(keyword_id > 10038)",
                  "Rows Removed by Filter": 740206
                }
              ]
            }
          ]
        }
      ]
    },
    "Planning Time": 0.096,
    "Triggers": [],
    "Execution Time": 157.018
  }
]