[
  {
    "Plan": {
      "Node Type": "Aggregate",
      "Strategy": "Plain",
      "Partial Mode": "Finalize",
      "Parallel Aware": false,
      "Startup Cost": 453538.5,
      "Total Cost": 453538.51,
      "Plan Rows": 1,
      "Plan Width": 8,
      "Actual Startup Time": 1239.692,
      "Actual Total Time": 1312.522,
      "Actual Rows": 1,
      "Actual Loops": 1,
      "Plans": [
        {
          "Node Type": "Gather",
          "Parent Relationship": "Outer",
          "Parallel Aware": false,
          "Startup Cost": 453537.87,
          "Total Cost": 453538.48,
          "Plan Rows": 6,
          "Plan Width": 8,
          "Actual Startup Time": 1234.125,
          "Actual Total Time": 1312.504,
          "Actual Rows": 7,
          "Actual Loops": 1,
          "Workers Planned": 6,
          "Workers Launched": 6,
          "Single Copy": false,
          "Plans": [
            {
              "Node Type": "Aggregate",
              "Strategy": "Plain",
              "Partial Mode": "Partial",
              "Parent Relationship": "Outer",
              "Parallel Aware": false,
              "Startup Cost": 452537.87,
              "Total Cost": 452537.88,
              "Plan Rows": 1,
              "Plan Width": 8,
              "Actual Startup Time": 1223.093,
              "Actual Total Time": 1223.202,
              "Actual Rows": 1,
              "Actual Loops": 7,
              "Plans": [
                {
                  "Node Type": "Hash Join",
                  "Parent Relationship": "Outer",
                  "Parallel Aware": true,
                  "Join Type": "Inner",
                  "Startup Cost": 95978.87,
                  "Total Cost": 450781.74,
                  "Plan Rows": 702453,
                  "Plan Width": 0,
                  "Actual Startup Time": 487.129,
                  "Actual Total Time": 1202.961,
                  "Actual Rows": 488863,
                  "Actual Loops": 7,
                  "Inner Unique": false,
                  "Hash Cond": "(ci.movie_id = t.id)",
                  "Plans": [
                    {
                      "Node Type": "Seq Scan",
                      "Parent Relationship": "Outer",
                      "Parallel Aware": true,
                      "Relation Name": "cast_info",
                      "Alias": "ci",
                      "Startup Cost": 0.0,
                      "Total Cost": 343257.03,
                      "Plan Rows": 2474632,
                      "Plan Width": 4,
                      "Actual Startup Time": 191.094,
                      "Actual Total Time": 616.909,
                      "Actual Rows": 1856026,
                      "Actual Loops": 7,
                      "Filter": "((person_id > 1740234) AND (role_id < 8))",
                      "Rows Removed by Filter": 3321737
                    },
                    {
                      "Node Type": "Hash",
                      "Parent Relationship": "Inner",
                      "Parallel Aware": true,
                      "Startup Cost": 93084.98,
                      "Total Cost": 93084.98,
                      "Plan Rows": 231511,
                      "Plan Width": 8,
                      "Actual Startup Time": 292.565,
                      "Actual Total Time": 292.673,
                      "Actual Rows": 59833,
                      "Actual Loops": 7,
                      "Hash Buckets": 1048576,
                      "Original Hash Buckets": 1048576,
                      "Hash Batches": 1,
                      "Original Hash Batches": 1,
                      "Peak Memory Usage": 24672,
                      "Plans": [
                        {
                          "Node Type": "Hash Join",
                          "Parent Relationship": "Outer",
                          "Parallel Aware": true,
                          "Join Type": "Inner",
                          "Startup Cost": 49041.5,
                          "Total Cost": 93084.98,
                          "Plan Rows": 231511,
                          "Plan Width": 8,
                          "Actual Startup Time": 165.312,
                          "Actual Total Time": 266.046,
                          "Actual Rows": 59833,
                          "Actual Loops": 7,
                          "Inner Unique": true,
                          "Hash Cond": "(mk.movie_id = t.id)",
                          "Plans": [
                            {
                              "Node Type": "Seq Scan",
                              "Parent Relationship": "Outer",
                              "Parallel Aware": true,
                              "Relation Name": "movie_keyword",
                              "Alias": "mk",
                              "Startup Cost": 0.0,
                              "Total Cost": 42695.65,
                              "Plan Rows": 513460,
                              "Plan Width": 4,
                              "Actual Startup Time": 0.025,
                              "Actual Total Time": 62.562,
                              "Actual Rows": 229456,
                              "Actual Loops": 7,
                              "Filter": "(keyword_id < 2488)",
                              "Rows Removed by Filter": 416820
                            },
                            {
                              "Node Type": "Hash",
                              "Parent Relationship": "Inner",
                              "Parallel Aware": true,
                              "Startup Cost": 45479.1,
                              "Total Cost": 45479.1,
                              "Plan Rows": 284992,
                              "Plan Width": 4,
                              "Actual Startup Time": 162.493,
                              "Actual Total Time": 162.495,
                              "Actual Rows": 156512,
                              "Actual Loops": 7,
                              "Hash Buckets": 2097152,
                              "Original Hash Buckets": 2097152,
                              "Hash Batches": 1,
                              "Original Hash Batches": 1,
                              "Peak Memory Usage": 59392,
                              "Plans": [
                                {
                                  "Node Type": "Seq Scan",
                                  "Parent Relationship": "Outer",
                                  "Parallel Aware": true,
                                  "Relation Name": "title",
                                  "Alias": "t",
                                  "Startup Cost": 0.0,
                                  "Total Cost": 45479.1,
                                  "Plan Rows": 284992,
                                  "Plan Width": 4,
                                  "Actual Startup Time": 0.046,
                                  "Actual Total Time": 77.951,
                                  "Actual Rows": 156512,
                                  "Actual Loops": 7,
                                  "Filter": "((kind_id > 1) AND (production_year < 2007))",
                                  "Rows Removed by Filter": 204676
                                }
                              ]
                            }
                          ]
                        }
                      ]
                    }
                  ]
                }
              ]
            }
          ]
        }
      ]
    },
    "Planning Time": 1.385,
    "Triggers": [],
    "Execution Time": 1312.631
  }
]