[
  {
    "Plan": {
      "Node Type": "Aggregate",
      "Strategy": "Plain",
      "Partial Mode": "Finalize",
      "Parallel Aware": false,
      "Startup Cost": 130488.67,
      "Total Cost": 130488.68,
      "Plan Rows": 1,
      "Plan Width": 8,
      "Actual Startup Time": 1102.403,
      "Actual Total Time": 1125.504,
      "Actual Rows": 1,
      "Actual Loops": 1,
      "Plans": [
        {
          "Node Type": "Gather",
          "Parent Relationship": "Outer",
          "Parallel Aware": false,
          "Startup Cost": 130488.36,
          "Total Cost": 130488.67,
          "Plan Rows": 3,
          "Plan Width": 8,
          "Actual Startup Time": 1096.22,
          "Actual Total Time": 1125.494,
          "Actual Rows": 4,
          "Actual Loops": 1,
          "Workers Planned": 3,
          "Workers Launched": 3,
          "Single Copy": false,
          "Plans": [
            {
              "Node Type": "Aggregate",
              "Strategy": "Plain",
              "Partial Mode": "Partial",
              "Parent Relationship": "Outer",
              "Parallel Aware": false,
              "Startup Cost": 129488.36,
              "Total Cost": 129488.37,
              "Plan Rows": 1,
              "Plan Width": 8,
              "Actual Startup Time": 1086.158,
              "Actual Total Time": 1086.164,
              "Actual Rows": 1,
              "Actual Loops": 4,
              "Plans": [
                {
                  "Node Type": "Hash Join",
                  "Parent Relationship": "Outer",
                  "Parallel Aware": true,
                  "Join Type": "Inner",
                  "Startup Cost": 80881.26,
                  "Total Cost": 128763.58,
                  "Plan Rows": 289912,
                  "Plan Width": 0,
                  "Actual Startup Time": 523.369,
                  "Actual Total Time": 963.391,
                  "Actual Rows": 2175375,
                  "Actual Loops": 4,
                  "Inner Unique": false,
                  "Hash Cond": "(mk.movie_id = t.id)",
                  "Plans": [
                    {
                      "Node Type": "Seq Scan",
                      "Parent Relationship": "Outer",
                      "Parallel Aware": true,
                      "Relation Name": "movie_keyword",
                      "Alias": "mk",
                      "Startup Cost": 0.0,
                      "Total Cost": 42695.65,
                      "Plan Rows": 1133724,
                      "Plan Width": 4,
                      "Actual Startup Time": 0.09,
                      "Actual Total Time": 139.57,
                      "Actual Rows": 877918,
                      "Actual Loops": 4,
                      "Filter": "(keyword_id > 980)",
                      "Rows Removed by Filter": 253064
                    },
                    {
                      "Node Type": "Hash",
                      "Parent Relationship": "Inner",
                      "Parallel Aware": true,
                      "Startup Cost": 78274.29,
                      "Total Cost": 78274.29,
                      "Plan Rows": 208557,
                      "Plan Width": 8,
                      "Actual Startup Time": 518.123,
                      "Actual Total Time": 518.128,
                      "Actual Rows": 123694,
                      "Actual Loops": 4,
                      "Hash Buckets": 1048576,
                      "Original Hash Buckets": 1048576,
                      "Hash Batches": 1,
                      "Original Hash Batches": 1,
                      "Peak Memory Usage": 27584,
                      "Plans": [
                        {
                          "Node Type": "Hash Join",
                          "Parent Relationship": "Outer",
                          "Parallel Aware": true,
                          "Join Type": "Inner",
                          "Startup Cost": 47876.03,
                          "Total Cost": 78274.29,
                          "Plan Rows": 208557,
                          "Plan Width": 8,
                          "Actual Startup Time": 282.422,
                          "Actual Total Time": 468.307,
                          "Actual Rows": 123694,
                          "Actual Loops": 4,
                          "Inner Unique": true,
                          "Hash Cond": "(mc.movie_id = t.id)",
                          "Plans": [
                            {
                              "Node Type": "Seq Scan",
                              "Parent Relationship": "Outer",
                              "Parallel Aware": true,
                              "Relation Name": "movie_companies",
                              "Alias": "mc",
                              "Startup Cost": 0.0,
                              "Total Cost": 29310.68,
                              "Plan Rows": 414318,
                              "Plan Width": 4,
                              "Actual Startup Time": 0.024,
                              "Actual Total Time": 86.975,
                              "Actual Rows": 318562,
                              "Actual Loops": 4,
                              "Filter": "(company_type_id < 2)",
                              "Rows Removed by Filter": 333721
                            },
                            {
                              "Node Type": "Hash",
                              "Parent Relationship": "Inner",
                              "Parallel Aware": true,
                              "Startup Cost": 43898.92,
                              "Total Cost": 43898.92,
                              "Plan Rows": 318169,
                              "Plan Width": 4,
                              "Actual Startup Time": 277.553,
                              "Actual Total Time": 277.554,
                              "Actual Rows": 315074,
                              "Actual Loops": 4,
                              "Hash Buckets": 2097152,
                              "Original Hash Buckets": 2097152,
                              "Hash Batches": 1,
                              "Original Hash Batches": 1,
                              "Peak Memory Usage": 65760,
                              "Plans": [
                                {
                                  "Node Type": "Seq Scan",
                                  "Parent Relationship": "Outer",
                                  "Parallel Aware": true,
                                  "Relation Name": "title",
                                  "Alias": "t",
                                  "Startup Cost": 0.0,
                                  "Total Cost": 43898.92,
                                  "Plan Rows": 318169,
                                  "Plan Width": 4,
                                  "Actual Startup Time": 0.04,
                                  "Actual Total Time": 130.789,
                                  "Actual Rows": 315074,
                                  "Actual Loops": 4,
                                  "Filter": "(production_year > 2002)",
                                  "Rows Removed by Filter": 317004
                                }
                              ]
                            }
                          ]
                        }
                      ]
                    }
                  ]
                }
              ]
            }
          ]
        }
      ]
    },
    "Planning Time": 1.484,
    "Triggers": [],
    "Execution Time": 1125.591
  }
]