[
  {
    "Plan": {
      "Node Type": "Aggregate",
      "Strategy": "Plain",
      "Partial Mode": "Finalize",
      "Parallel Aware": false,
      "Startup Cost": 337449.57,
      "Total Cost": 337449.58,
      "Plan Rows": 1,
      "Plan Width": 8,
      "Actual Startup Time": 840.118,
      "Actual Total Time": 888.716,
      "Actual Rows": 1,
      "Actual Loops": 1,
      "Plans": [
        {
          "Node Type": "Gather",
          "Parent Relationship": "Outer",
          "Parallel Aware": false,
          "Startup Cost": 337448.94,
          "Total Cost": 337449.55,
          "Plan Rows": 6,
          "Plan Width": 8,
          "Actual Startup Time": 839.923,
          "Actual Total Time": 888.703,
          "Actual Rows": 7,
          "Actual Loops": 1,
          "Workers Planned": 6,
          "Workers Launched": 6,
          "Single Copy": false,
          "Plans": [
            {
              "Node Type": "Aggregate",
              "Strategy": "Plain",
              "Partial Mode": "Partial",
              "Parent Relationship": "Outer",
              "Parallel Aware": false,
              "Startup Cost": 336448.94,
              "Total Cost": 336448.95,
              "Plan Rows": 1,
              "Plan Width": 8,
              "Actual Startup Time": 830.364,
              "Actual Total Time": 830.365,
              "Actual Rows": 1,
              "Actual Loops": 7,
              "Plans": [
                {
                  "Node Type": "Seq Scan",
                  "Parent Relationship": "Outer",
                  "Parallel Aware": true,
                  "Relation Name": "cast_info",
                  "Alias": "ci",
                  "Startup Cost": 0.0,
                  "Total Cost": 328211.39,
                  "Plan Rows": 3295021,
                  "Plan Width": 0,
                  "Actual Startup Time": 0.069,
                  "Actual Total Time": 670.797,
                  "Actual Rows": 2858417,
                  "Actual Loops": 7,
                  "Filter": "(person_id < 2009647)",
                  "Rows Removed by Filter": 2319346
                }
              ]
            }
          ]
        }
      ]
    },
    "Planning Time": 0.163,
    "Triggers": [],
    "Execution Time": 888.78
  }
]