[
  {
    "Plan": {
      "Node Type": "Aggregate",
      "Strategy": "Plain",
      "Partial Mode": "Finalize",
      "Parallel Aware": false,
      "Startup Cost": 112515.63,
      "Total Cost": 112515.64,
      "Plan Rows": 1,
      "Plan Width": 8,
      "Actual Startup Time": 648.446,
      "Actual Total Time": 669.076,
      "Actual Rows": 1,
      "Actual Loops": 1,
      "Plans": [
        {
          "Node Type": "Gather",
          "Parent Relationship": "Outer",
          "Parallel Aware": false,
          "Startup Cost": 112515.31,
          "Total Cost": 112515.62,
          "Plan Rows": 3,
          "Plan Width": 8,
          "Actual Startup Time": 640.217,
          "Actual Total Time": 669.065,
          "Actual Rows": 4,
          "Actual Loops": 1,
          "Workers Planned": 3,
          "Workers Launched": 3,
          "Single Copy": false,
          "Plans": [
            {
              "Node Type": "Aggregate",
              "Strategy": "Plain",
              "Partial Mode": "Partial",
              "Parent Relationship": "Outer",
              "Parallel Aware": false,
              "Startup Cost": 111515.31,
              "Total Cost": 111515.32,
              "Plan Rows": 1,
              "Plan Width": 8,
              "Actual Startup Time": 626.568,
              "Actual Total Time": 626.574,
              "Actual Rows": 1,
              "Actual Loops": 4,
              "Plans": [
                {
                  "Node Type": "Hash Join",
                  "Parent Relationship": "Outer",
                  "Parallel Aware": true,
                  "Join Type": "Inner",
                  "Startup Cost": 80767.23,
                  "Total Cost": 111347.07,
                  "Plan Rows": 67298,
                  "Plan Width": 0,
                  "Actual Startup Time": 467.91,
                  "Actual Total Time": 608.069,
                  "Actual Rows": 456051,
                  "Actual Loops": 4,
                  "Inner Unique": false,
                  "Hash Cond": "(mc.movie_id = t.id)",
                  "Plans": [
                    {
                      "Node Type": "Seq Scan",
                      "Parent Relationship": "Outer",
                      "Parallel Aware": true,
                      "Relation Name": "movie_companies",
                      "Alias": "mc",
                      "Startup Cost": 0.0,
                      "Total Cost": 27206.55,
                      "Plan Rows": 841655,
                      "Plan Width": 4,
                      "Actual Startup Time": 0.012,
                      "Actual Total Time": 55.843,
                      "Actual Rows": 652282,
                      "Actual Loops": 4
                    },
                    {
                      "Node Type": "Hash",
                      "Parent Relationship": "Inner",
                      "Parallel Aware": true,
                      "Startup Cost": 79952.03,
                      "Total Cost": 79952.03,
                      "Plan Rows": 65216,
                      "Plan Width": 8,
                      "Actual Startup Time": 444.125,
                      "Actual Total Time": 444.129,
                      "Actual Rows": 51270,
                      "Actual Loops": 4,
                      "Hash Buckets": 262144,
                      "Original Hash Buckets": 262144,
                      "Hash Batches": 1,
                      "Original Hash Batches": 1,
                      "Peak Memory Usage": 10144,
                      "Plans": [
                        {
                          "Node Type": "Hash Join",
                          "Parent Relationship": "Outer",
                          "Parallel Aware": true,
                          "Join Type": "Inner",
                          "Startup Cost": 54511.63,
                          "Total Cost": 79952.03,
                          "Plan Rows": 65216,
                          "Plan Width": 8,
                          "Actual Startup Time": 366.338,
                          "Actual Total Time": 424.494,
                          "Actual Rows": 51270,
                          "Actual Loops": 4,
                          "Inner Unique": true,
                          "Hash Cond": "(mk.movie_id = t.id)",
                          "Plans": [
                            {
                              "Node Type": "Bitmap Heap Scan",
                              "Parent Relationship": "Outer",
                              "Parallel Aware": true,
                              "Relation Name": "movie_keyword",
                              "Alias": "mk",
                              "Startup Cost": 4291.25,
                              "Total Cost": 29560.45,
                              "Plan Rows": 65216,
                              "Plan Width": 4,
                              "Actual Startup Time": 15.772,
                              "Actual Total Time": 52.668,
                              "Actual Rows": 51270,
                              "Actual Loops": 4,
                              "Recheck Cond": "(keyword_id > 67469)",
                              "Rows Removed by Index Recheck": 0,
                              "Exact Heap Blocks": 5708,
                              "Lossy Heap Blocks": 0,
                              "Plans": [
                                {
                                  "Node Type": "Bitmap Index Scan",
                                  "Parent Relationship": "Outer",
                                  "Parallel Aware": false,
                                  "Index Name": "keyword_id_movie_keyword",
                                  "Startup Cost": 0.0,
                                  "Total Cost": 4240.71,
                                  "Plan Rows": 202170,
                                  "Plan Width": 0,
                                  "Actual Startup Time": 12.8,
                                  "Actual Total Time": 12.801,
                                  "Actual Rows": 205080,
                                  "Actual Loops": 1,
                                  "Index Cond": "(keyword_id > 67469)"
                                }
                              ]
                            },
                            {
                              "Node Type": "Hash",
                              "Parent Relationship": "Inner",
                              "Parallel Aware": true,
                              "Startup Cost": 42319.06,
                              "Total Cost": 42319.06,
                              "Plan Rows": 632106,
                              "Plan Width": 4,
                              "Actual Startup Time": 343.229,
                              "Actual Total Time": 343.23,
                              "Actual Rows": 632078,
                              "Actual Loops": 4,
                              "Hash Buckets": 4194304,
                              "Original Hash Buckets": 4194304,
                              "Hash Batches": 1,
                              "Original Hash Batches": 1,
                              "Peak Memory Usage": 131744,
                              "Plans": [
                                {
                                  "Node Type": "Seq Scan",
                                  "Parent Relationship": "Outer",
                                  "Parallel Aware": true,
                                  "Relation Name": "title",
                                  "Alias": "t",
                                  "Startup Cost": 0.0,
                                  "Total Cost": 42319.06,
                                  "Plan Rows": 632106,
                                  "Plan Width": 4,
                                  "Actual Startup Time": 0.05,
                                  "Actual Total Time": 98.517,
                                  "Actual Rows": 632078,
                                  "Actual Loops": 4
                                }
                              ]
                            }
                          ]
                        }
                      ]
                    }
                  ]
                }
              ]
            }
          ]
        }
      ]
    },
    "Planning Time": 0.525,
    "Triggers": [],
    "Execution Time": 669.13
  }
]