{
  "Plan": {
    "Node Type": "Aggregate",
    "Strategy": "Plain",
    "Partial Mode": "Finalize",
    "Parallel Aware": false,
    "Startup Cost": 145199.58,
    "Total Cost": 145199.59,
    "Plan Rows": 1,
    "Plan Width": 8,
    "Actual Startup Time": 583.064,
    "Actual Total Time": 591.447,
    "Actual Rows": 1,
    "Actual Loops": 1,
    "Plans": [
      {
        "Node Type": "Gather",
        "Parent Relationship": "Outer",
        "Parallel Aware": false,
        "Startup Cost": 145199.47,
        "Total Cost": 145199.58,
        "Plan Rows": 1,
        "Plan Width": 8,
        "Actual Startup Time": 583.057,
        "Actual Total Time": 591.442,
        "Actual Rows": 2,
        "Actual Loops": 1,
        "Workers Planned": 1,
        "Workers Launched": 1,
        "Single Copy": false,
        "Plans": [
          {
            "Node Type": "Aggregate",
            "Strategy": "Plain",
            "Partial Mode": "Partial",
            "Parent Relationship": "Outer",
            "Parallel Aware": false,
            "Startup Cost": 144199.47,
            "Total Cost": 144199.48,
            "Plan Rows": 1,
            "Plan Width": 8,
            "Actual Startup Time": 574.603,
            "Actual Total Time": 574.605,
            "Actual Rows": 1,
            "Actual Loops": 2,
            "Plans": [
              {
                "Node Type": "Nested Loop",
                "Parent Relationship": "Outer",
                "Parallel Aware": false,
                "Join Type": "Inner",
                "Startup Cost": 120941.66,
                "Total Cost": 144135.61,
                "Plan Rows": 25545,
                "Plan Width": 0,
                "Actual Startup Time": 320.675,
                "Actual Total Time": 566.012,
                "Actual Rows": 201210,
                "Actual Loops": 2,
                "Inner Unique": false,
                "Join Filter": "(t.id = mc.movie_id)",
                "Rows Removed by Join Filter": 0,
                "Plans": [
                  {
                    "Node Type": "Merge Join",
                    "Parent Relationship": "Outer",
                    "Parallel Aware": false,
                    "Join Type": "Inner",
                    "Startup Cost": 120941.23,
                    "Total Cost": 123697.43,
                    "Plan Rows": 24754,
                    "Plan Width": 8,
                    "Actual Startup Time": 320.58,
                    "Actual Total Time": 412.682,
                    "Actual Rows": 54574,
                    "Actual Loops": 2,
                    "Inner Unique": true,
                    "Merge Cond": "(mi_idx.movie_id = t.id)",
                    "Plans": [
                      {
                        "Node Type": "Sort",
                        "Parent Relationship": "Outer",
                        "Parallel Aware": false,
                        "Startup Cost": 42553.25,
                        "Total Cost": 43231.16,
                        "Plan Rows": 271164,
                        "Plan Width": 4,
                        "Actual Startup Time": 115.169,
                        "Actual Total Time": 126.374,
                        "Actual Rows": 230092,
                        "Actual Loops": 2,
                        "Sort Key": [
                          "mi_idx.movie_id"
                        ],
                        "Sort Method": "quicksort",
                        "Sort Space Used": 25317,
                        "Sort Space Type": "Memory",
                        "Workers": [
                          {
                            "Worker Number": 0,
                            "Sort Method": "quicksort",
                            "Sort Space Used": 14687,
                            "Sort Space Type": "Memory"
                          }
                        ],
                        "Plans": [
                          {
                            "Node Type": "Seq Scan",
                            "Parent Relationship": "Outer",
                            "Parallel Aware": true,
                            "Relation Name": "movie_info_idx",
                            "Alias": "mi_idx",
                            "Startup Cost": 0.0,
                            "Total Cost": 18082.32,
                            "Plan Rows": 271164,
                            "Plan Width": 4,
                            "Actual Startup Time": 0.036,
                            "Actual Total Time": 67.287,
                            "Actual Rows": 230092,
                            "Actual Loops": 2,
                            "Filter": "(info_type_id > 100)",
                            "Rows Removed by Filter": 459925
                          }
                        ]
                      },
                      {
                        "Node Type": "Sort",
                        "Parent Relationship": "Inner",
                        "Parallel Aware": false,
                        "Startup Cost": 78387.96,
                        "Total Cost": 78964.98,
                        "Plan Rows": 230806,
                        "Plan Width": 4,
                        "Actual Startup Time": 198.151,
                        "Actual Total Time": 241.978,
                        "Actual Rows": 352455,
                        "Actual Loops": 2,
                        "Sort Key": [
                          "t.id"
                        ],
                        "Sort Method": "quicksort",
                        "Sort Space Used": 28839,
                        "Sort Space Type": "Memory",
                        "Workers": [
                          {
                            "Worker Number": 0,
                            "Sort Method": "quicksort",
                            "Sort Space Used": 28839,
                            "Sort Space Type": "Memory"
                          }
                        ],
                        "Plans": [
                          {
                            "Node Type": "Bitmap Heap Scan",
                            "Parent Relationship": "Outer",
                            "Parallel Aware": false,
                            "Relation Name": "title",
                            "Alias": "t",
                            "Startup Cost": 11880.55,
                            "Total Cost": 57827.39,
                            "Plan Rows": 230806,
                            "Plan Width": 4,
                            "Actual Startup Time": 22.338,
                            "Actual Total Time": 113.822,
                            "Actual Rows": 353075,
                            "Actual Loops": 2,
                            "Recheck Cond": "(kind_id = 1)",
                            "Rows Removed by Index Recheck": 0,
                            "Filter": "(production_year < 1997)",
                            "Rows Removed by Filter": 309750,
                            "Exact Heap Blocks": 12863,
                            "Lossy Heap Blocks": 0,
                            "Plans": [
                              {
                                "Node Type": "Bitmap Index Scan",
                                "Parent Relationship": "Outer",
                                "Parallel Aware": false,
                                "Index Name": "kind_id_title",
                                "Startup Cost": 0.0,
                                "Total Cost": 11822.85,
                                "Plan Rows": 663256,
                                "Plan Width": 0,
                                "Actual Startup Time": 20.665,
                                "Actual Total Time": 20.665,
                                "Actual Rows": 662825,
                                "Actual Loops": 2,
                                "Index Cond": "(kind_id = 1)"
                              }
                            ]
                          }
                        ]
                      }
                    ]
                  },
                  {
                    "Node Type": "Index Only Scan",
                    "Parent Relationship": "Inner",
                    "Parallel Aware": false,
                    "Scan Direction": "Forward",
                    "Index Name": "movie_id_movie_companies",
                    "Relation Name": "movie_companies",
                    "Alias": "mc",
                    "Startup Cost": 0.43,
                    "Total Cost": 0.76,
                    "Plan Rows": 5,
                    "Plan Width": 4,
                    "Actual Startup Time": 0.002,
                    "Actual Total Time": 0.002,
                    "Actual Rows": 4,
                    "Actual Loops": 109147,
                    "Index Cond": "(movie_id = mi_idx.movie_id)",
                    "Rows Removed by Index Recheck": 0,
                    "Heap Fetches": 402421
                  }
                ]
              }
            ]
          }
        ]
      }
    ]
  },
  "Planning Time": 0.526,
  "Triggers": [],
  "Execution Time": 591.518
}