[
  {
    "Plan": {
      "Node Type": "Aggregate",
      "Strategy": "Plain",
      "Partial Mode": "Simple",
      "Parallel Aware": false,
      "Startup Cost": 7532.93,
      "Total Cost": 7532.94,
      "Plan Rows": 1,
      "Plan Width": 64,
      "Actual Startup Time": 433.336,
      "Actual Total Time": 433.341,
      "Actual Rows": 1,
      "Actual Loops": 1,
      "Plans": [
        {
          "Node Type": "Nested Loop",
          "Parent Relationship": "Outer",
          "Parallel Aware": false,
          "Join Type": "Inner",
          "Startup Cost": 12.11,
          "Total Cost": 7532.92,
          "Plan Rows": 1,
          "Plan Width": 23,
          "Actual Startup Time": 5.099,
          "Actual Total Time": 433.288,
          "Actual Rows": 79,
          "Actual Loops": 1,
          "Inner Unique": true,
          "Join Filter": "(mi.info_type_id = it1.id)",
          "Rows Removed by Join Filter": 1399,
          "Plans": [
            {
              "Node Type": "Nested Loop",
              "Parent Relationship": "Outer",
              "Parallel Aware": false,
              "Join Type": "Inner",
              "Startup Cost": 12.11,
              "Total Cost": 7530.5,
              "Plan Rows": 1,
              "Plan Width": 27,
              "Actual Startup Time": 3.342,
              "Actual Total Time": 421.07,
              "Actual Rows": 1478,
              "Actual Loops": 1,
              "Inner Unique": false,
              "Join Filter": "(t.id = mi.movie_id)",
              "Rows Removed by Join Filter": 0,
              "Plans": [
                {
                  "Node Type": "Nested Loop",
                  "Parent Relationship": "Outer",
                  "Parallel Aware": false,
                  "Join Type": "Inner",
                  "Startup Cost": 11.68,
                  "Total Cost": 7528.68,
                  "Plan Rows": 1,
                  "Plan Width": 35,
                  "Actual Startup Time": 3.094,
                  "Actual Total Time": 343.161,
                  "Actual Rows": 1632,
                  "Actual Loops": 1,
                  "Inner Unique": true,
                  "Join Filter": "(t.kind_id = kt.id)",
                  "Rows Removed by Join Filter": 20594,
                  "Plans": [
                    {
                      "Node Type": "Nested Loop",
                      "Parent Relationship": "Outer",
                      "Parallel Aware": false,
                      "Join Type": "Inner",
                      "Startup Cost": 11.68,
                      "Total Cost": 7527.53,
                      "Plan Rows": 2,
                      "Plan Width": 39,
                      "Actual Startup Time": 3.067,
                      "Actual Total Time": 338.399,
                      "Actual Rows": 11390,
                      "Actual Loops": 1,
                      "Inner Unique": true,
                      "Plans": [
                        {
                          "Node Type": "Nested Loop",
                          "Parent Relationship": "Outer",
                          "Parallel Aware": false,
                          "Join Type": "Inner",
                          "Startup Cost": 11.25,
                          "Total Cost": 7526.06,
                          "Plan Rows": 3,
                          "Plan Width": 14,
                          "Actual Startup Time": 2.983,
                          "Actual Total Time": 229.118,
                          "Actual Rows": 15107,
                          "Actual Loops": 1,
                          "Inner Unique": false,
                          "Join Filter": "(mi_idx.info_type_id = it2.id)",
                          "Rows Removed by Join Filter": 36481,
                          "Plans": [
                            {
                              "Node Type": "Seq Scan",
                              "Parent Relationship": "Outer",
                              "Parallel Aware": false,
                              "Relation Name": "info_type",
                              "Alias": "it2",
                              "Startup Cost": 0.0,
                              "Total Cost": 2.41,
                              "Plan Rows": 1,
                              "Plan Width": 4,
                              "Actual Startup Time": 0.042,
                              "Actual Total Time": 0.044,
                              "Actual Rows": 1,
                              "Actual Loops": 1,
                              "Filter": "((info)::text = 'rating'::text)",
                              "Rows Removed by Filter": 112
                            },
                            {
                              "Node Type": "Nested Loop",
                              "Parent Relationship": "Inner",
                              "Parallel Aware": false,
                              "Join Type": "Inner",
                              "Startup Cost": 11.25,
                              "Total Cost": 7519.37,
                              "Plan Rows": 342,
                              "Plan Width": 18,
                              "Actual Startup Time": 2.937,
                              "Actual Total Time": 224.729,
                              "Actual Rows": 51588,
                              "Actual Loops": 1,
                              "Inner Unique": false,
                              "Plans": [
                                {
                                  "Node Type": "Nested Loop",
                                  "Parent Relationship": "Outer",
                                  "Parallel Aware": false,
                                  "Join Type": "Inner",
                                  "Startup Cost": 10.82,
                                  "Total Cost": 7447.81,
                                  "Plan Rows": 135,
                                  "Plan Width": 4,
                                  "Actual Startup Time": 2.855,
                                  "Actual Total Time": 97.269,
                                  "Actual Rows": 29115,
                                  "Actual Loops": 1,
                                  "Inner Unique": false,
                                  "Plans": [
                                    {
                                      "Node Type": "Seq Scan",
                                      "Parent Relationship": "Outer",
                                      "Parallel Aware": false,
                                      "Relation Name": "keyword",
                                      "Alias": "k",
                                      "Startup Cost": 0.0,
                                      "Total Cost": 2961.55,
                                      "Plan Rows": 4,
                                      "Plan Width": 4,
                                      "Actual Startup Time": 0.605,
                                      "Actual Total Time": 16.714,
                                      "Actual Rows": 4,
                                      "Actual Loops": 1,
                                      "Filter": "((keyword IS NOT NULL) AND (keyword = ANY ('{marvel-comics,death,tv-special,number-in-title}'::text[])))",
                                      "Rows Removed by Filter": 134166
                                    },
                                    {
                                      "Node Type": "Bitmap Heap Scan",
                                      "Parent Relationship": "Inner",
                                      "Parallel Aware": false,
                                      "Relation Name": "movie_keyword",
                                      "Alias": "mk",
                                      "Startup Cost": 10.82,
                                      "Total Cost": 1118.49,
                                      "Plan Rows": 308,
                                      "Plan Width": 8,
                                      "Actual Startup Time": 1.378,
                                      "Actual Total Time": 19.234,
                                      "Actual Rows": 7279,
                                      "Actual Loops": 4,
                                      "Recheck Cond": "(keyword_id = k.id)",
                                      "Rows Removed by Index Recheck": 0,
                                      "Exact Heap Blocks": 16019,
                                      "Lossy Heap Blocks": 0,
                                      "Plans": [
                                        {
                                          "Node Type": "Bitmap Index Scan",
                                          "Parent Relationship": "Outer",
                                          "Parallel Aware": false,
                                          "Index Name": "keyword_id_movie_keyword",
                                          "Startup Cost": 0.0,
                                          "Total Cost": 10.74,
                                          "Plan Rows": 308,
                                          "Plan Width": 0,
                                          "Actual Startup Time": 0.921,
                                          "Actual Total Time": 0.922,
                                          "Actual Rows": 7279,
                                          "Actual Loops": 4,
                                          "Index Cond": "(keyword_id = k.id)"
                                        }
                                      ]
                                    }
                                  ]
                                },
                                {
                                  "Node Type": "Index Scan",
                                  "Parent Relationship": "Inner",
                                  "Parallel Aware": false,
                                  "Scan Direction": "Forward",
                                  "Index Name": "movie_id_movie_info_idx",
                                  "Relation Name": "movie_info_idx",
                                  "Alias": "mi_idx",
                                  "Startup Cost": 0.43,
                                  "Total Cost": 0.5,
                                  "Plan Rows": 3,
                                  "Plan Width": 14,
                                  "Actual Startup Time": 0.003,
                                  "Actual Total Time": 0.004,
                                  "Actual Rows": 2,
                                  "Actual Loops": 29115,
                                  "Index Cond": "(movie_id = mk.movie_id)",
                                  "Rows Removed by Index Recheck": 0,
                                  "Filter": "(info < '7'::text)",
                                  "Rows Removed by Filter": 0
                                }
                              ]
                            }
                          ]
                        },
                        {
                          "Node Type": "Index Scan",
                          "Parent Relationship": "Inner",
                          "Parallel Aware": false,
                          "Scan Direction": "Forward",
                          "Index Name": "title_pkey",
                          "Relation Name": "title",
                          "Alias": "t",
                          "Startup Cost": 0.43,
                          "Total Cost": 0.49,
                          "Plan Rows": 1,
                          "Plan Width": 25,
                          "Actual Startup Time": 0.007,
                          "Actual Total Time": 0.007,
                          "Actual Rows": 1,
                          "Actual Loops": 15107,
                          "Index Cond": "(id = mk.movie_id)",
                          "Rows Removed by Index Recheck": 0,
                          "Filter": "(production_year > 1983)",
                          "Rows Removed by Filter": 0
                        }
                      ]
                    },
                    {
                      "Node Type": "Materialize",
                      "Parent Relationship": "Inner",
                      "Parallel Aware": false,
                      "Startup Cost": 0.0,
                      "Total Cost": 1.1,
                      "Plan Rows": 2,
                      "Plan Width": 4,
                      "Actual Startup Time": 0.0,
                      "Actual Total Time": 0.0,
                      "Actual Rows": 2,
                      "Actual Loops": 11390,
                      "Plans": [
                        {
                          "Node Type": "Seq Scan",
                          "Parent Relationship": "Outer",
                          "Parallel Aware": false,
                          "Relation Name": "kind_type",
                          "Alias": "kt",
                          "Startup Cost": 0.0,
                          "Total Cost": 1.09,
                          "Plan Rows": 2,
                          "Plan Width": 4,
                          "Actual Startup Time": 0.023,
                          "Actual Total Time": 0.025,
                          "Actual Rows": 2,
                          "Actual Loops": 1,
                          "Filter": "((kind)::text = ANY ('{\"video movie\",\"tv series\"}'::text[]))",
                          "Rows Removed by Filter": 5
                        }
                      ]
                    }
                  ]
                },
                {
                  "Node Type": "Index Scan",
                  "Parent Relationship": "Inner",
                  "Parallel Aware": false,
                  "Scan Direction": "Forward",
                  "Index Name": "movie_id_movie_info",
                  "Relation Name": "movie_info",
                  "Alias": "mi",
                  "Startup Cost": 0.43,
                  "Total Cost": 1.8,
                  "Plan Rows": 2,
                  "Plan Width": 8,
                  "Actual Startup Time": 0.025,
                  "Actual Total Time": 0.047,
                  "Actual Rows": 1,
                  "Actual Loops": 1632,
                  "Index Cond": "(movie_id = mk.movie_id)",
                  "Rows Removed by Index Recheck": 0,
                  "Filter": "(info = ANY ('{English,Norway,American,Germany,America,Norwegian,Danish,Bulgaria,German,Portugal}'::text[]))",
                  "Rows Removed by Filter": 14
                }
              ]
            },
            {
              "Node Type": "Seq Scan",
              "Parent Relationship": "Inner",
              "Parallel Aware": false,
              "Relation Name": "info_type",
              "Alias": "it1",
              "Startup Cost": 0.0,
              "Total Cost": 2.41,
              "Plan Rows": 1,
              "Plan Width": 4,
              "Actual Startup Time": 0.003,
              "Actual Total Time": 0.007,
              "Actual Rows": 1,
              "Actual Loops": 1478,
              "Filter": "((info)::text = 'countries'::text)",
              "Rows Removed by Filter": 106
            }
          ]
        }
      ]
    },
    "Planning Time": 4.758,
    "Triggers": [],
    "Execution Time": 433.549
  }
]