{
  "Plan": {
    "Node Type": "Aggregate",
    "Strategy": "Plain",
    "Partial Mode": "Finalize",
    "Parallel Aware": false,
    "Startup Cost": 1027166.58,
    "Total Cost": 1027166.59,
    "Plan Rows": 1,
    "Plan Width": 8,
    "Actual Startup Time": 7222.543,
    "Actual Total Time": 7303.648,
    "Actual Rows": 1,
    "Actual Loops": 1,
    "Plans": [
      {
        "Node Type": "Gather",
        "Parent Relationship": "Outer",
        "Parallel Aware": false,
        "Startup Cost": 1027166.46,
        "Total Cost": 1027166.57,
        "Plan Rows": 1,
        "Plan Width": 8,
        "Actual Startup Time": 7207.999,
        "Actual Total Time": 7303.637,
        "Actual Rows": 2,
        "Actual Loops": 1,
        "Workers Planned": 1,
        "Workers Launched": 1,
        "Single Copy": false,
        "Plans": [
          {
            "Node Type": "Aggregate",
            "Strategy": "Plain",
            "Partial Mode": "Partial",
            "Parent Relationship": "Outer",
            "Parallel Aware": false,
            "Startup Cost": 1026166.46,
            "Total Cost": 1026166.47,
            "Plan Rows": 1,
            "Plan Width": 8,
            "Actual Startup Time": 7189.713,
            "Actual Total Time": 7191.216,
            "Actual Rows": 1,
            "Actual Loops": 2,
            "Plans": [
              {
                "Node Type": "Hash Join",
                "Parent Relationship": "Outer",
                "Parallel Aware": true,
                "Join Type": "Inner",
                "Startup Cost": 629425.52,
                "Total Cost": 998396.51,
                "Plan Rows": 11107980,
                "Plan Width": 0,
                "Actual Startup Time": 4139.373,
                "Actual Total Time": 6851.166,
                "Actual Rows": 8543722,
                "Actual Loops": 2,
                "Inner Unique": false,
                "Hash Cond": "(mi.movie_id = t.id)",
                "Plans": [
                  {
                    "Node Type": "Seq Scan",
                    "Parent Relationship": "Outer",
                    "Parallel Aware": true,
                    "Relation Name": "movie_info",
                    "Alias": "mi",
                    "Startup Cost": 0.0,
                    "Total Cost": 270696.42,
                    "Plan Rows": 5269362,
                    "Plan Width": 4,
                    "Actual Startup Time": 35.918,
                    "Actual Total Time": 748.694,
                    "Actual Rows": 4475378,
                    "Actual Loops": 2,
                    "Filter": "(info_type_id > 6)",
                    "Rows Removed by Filter": 2942482
                  },
                  {
                    "Node Type": "Hash",
                    "Parent Relationship": "Inner",
                    "Parallel Aware": true,
                    "Startup Cost": 590236.4,
                    "Total Cost": 590236.4,
                    "Plan Rows": 3135130,
                    "Plan Width": 8,
                    "Actual Startup Time": 4069.674,
                    "Actual Total Time": 4071.175,
                    "Actual Rows": 2575968,
                    "Actual Loops": 2,
                    "Hash Buckets": 8388608,
                    "Original Hash Buckets": 8388608,
                    "Hash Batches": 1,
                    "Original Hash Batches": 1,
                    "Peak Memory Usage": 267104,
                    "Plans": [
                      {
                        "Node Type": "Hash Join",
                        "Parent Relationship": "Outer",
                        "Parallel Aware": true,
                        "Join Type": "Inner",
                        "Startup Cost": 259540.75,
                        "Total Cost": 590236.4,
                        "Plan Rows": 3135130,
                        "Plan Width": 8,
                        "Actual Startup Time": 848.578,
                        "Actual Total Time": 3196.828,
                        "Actual Rows": 2575968,
                        "Actual Loops": 2,
                        "Inner Unique": true,
                        "Hash Cond": "(ci.movie_id = t.id)",
                        "Plans": [
                          {
                            "Node Type": "Bitmap Heap Scan",
                            "Parent Relationship": "Outer",
                            "Parallel Aware": true,
                            "Relation Name": "cast_info",
                            "Alias": "ci",
                            "Startup Cost": 193651.88,
                            "Total Cost": 510808.82,
                            "Plan Rows": 5157595,
                            "Plan Width": 4,
                            "Actual Startup Time": 486.513,
                            "Actual Total Time": 985.705,
                            "Actual Rows": 4347815,
                            "Actual Loops": 2,
                            "Recheck Cond": "(person_id > 2820479)",
                            "Rows Removed by Index Recheck": 0,
                            "Exact Heap Blocks": 50735,
                            "Lossy Heap Blocks": 0,
                            "Plans": [
                              {
                                "Node Type": "Bitmap Index Scan",
                                "Parent Relationship": "Outer",
                                "Parallel Aware": false,
                                "Index Name": "person_id_cast_info",
                                "Startup Cost": 0.0,
                                "Total Cost": 191459.9,
                                "Plan Rows": 8767912,
                                "Plan Width": 0,
                                "Actual Startup Time": 469.314,
                                "Actual Total Time": 469.314,
                                "Actual Rows": 8695630,
                                "Actual Loops": 1,
                                "Index Cond": "(person_id > 2820479)"
                              }
                            ]
                          },
                          {
                            "Node Type": "Hash",
                            "Parent Relationship": "Inner",
                            "Parallel Aware": true,
                            "Startup Cost": 54588.39,
                            "Total Cost": 54588.39,
                            "Plan Rows": 904038,
                            "Plan Width": 4,
                            "Actual Startup Time": 356.426,
                            "Actual Total Time": 356.427,
                            "Actual Rows": 771632,
                            "Actual Loops": 2,
                            "Hash Buckets": 2097152,
                            "Original Hash Buckets": 2097152,
                            "Hash Batches": 1,
                            "Original Hash Batches": 1,
                            "Peak Memory Usage": 76768,
                            "Plans": [
                              {
                                "Node Type": "Seq Scan",
                                "Parent Relationship": "Outer",
                                "Parallel Aware": true,
                                "Relation Name": "title",
                                "Alias": "t",
                                "Startup Cost": 0.0,
                                "Total Cost": 54588.39,
                                "Plan Rows": 904038,
                                "Plan Width": 4,
                                "Actual Startup Time": 0.03,
                                "Actual Total Time": 162.038,
                                "Actual Rows": 771632,
                                "Actual Loops": 2,
                                "Filter": "(kind_id = 7)",
                                "Rows Removed by Filter": 492524
                              }
                            ]
                          }
                        ]
                      }
                    ]
                  }
                ]
              }
            ]
          }
        ]
      }
    ]
  },
  "Planning Time": 1.012,
  "Triggers": [],
  "Execution Time": 7303.761
}