[
  {
    "Plan": {
      "Node Type": "Aggregate",
      "Strategy": "Plain",
      "Partial Mode": "Finalize",
      "Parallel Aware": false,
      "Startup Cost": 134029.37,
      "Total Cost": 134029.38,
      "Plan Rows": 1,
      "Plan Width": 8,
      "Actual Startup Time": 975.367,
      "Actual Total Time": 996.33,
      "Actual Rows": 1,
      "Actual Loops": 1,
      "Plans": [
        {
          "Node Type": "Gather",
          "Parent Relationship": "Outer",
          "Parallel Aware": false,
          "Startup Cost": 134029.05,
          "Total Cost": 134029.36,
          "Plan Rows": 3,
          "Plan Width": 8,
          "Actual Startup Time": 965.042,
          "Actual Total Time": 996.32,
          "Actual Rows": 4,
          "Actual Loops": 1,
          "Workers Planned": 3,
          "Workers Launched": 3,
          "Single Copy": false,
          "Plans": [
            {
              "Node Type": "Aggregate",
              "Strategy": "Plain",
              "Partial Mode": "Partial",
              "Parent Relationship": "Outer",
              "Parallel Aware": false,
              "Startup Cost": 133029.05,
              "Total Cost": 133029.06,
              "Plan Rows": 1,
              "Plan Width": 8,
              "Actual Startup Time": 952.821,
              "Actual Total Time": 953.417,
              "Actual Rows": 1,
              "Actual Loops": 4,
              "Plans": [
                {
                  "Node Type": "Hash Join",
                  "Parent Relationship": "Outer",
                  "Parallel Aware": true,
                  "Join Type": "Inner",
                  "Startup Cost": 85987.06,
                  "Total Cost": 132212.29,
                  "Plan Rows": 326706,
                  "Plan Width": 0,
                  "Actual Startup Time": 646.531,
                  "Actual Total Time": 910.577,
                  "Actual Rows": 1013616,
                  "Actual Loops": 4,
                  "Inner Unique": false,
                  "Hash Cond": "(mk.movie_id = t.id)",
                  "Plans": [
                    {
                      "Node Type": "Seq Scan",
                      "Parent Relationship": "Outer",
                      "Parallel Aware": true,
                      "Relation Name": "movie_keyword",
                      "Alias": "mk",
                      "Startup Cost": 0.0,
                      "Total Cost": 42695.65,
                      "Plan Rows": 723414,
                      "Plan Width": 4,
                      "Actual Startup Time": 0.314,
                      "Actual Total Time": 112.488,
                      "Actual Rows": 560748,
                      "Actual Loops": 4,
                      "Filter": "(keyword_id > 4834)",
                      "Rows Removed by Filter": 570235
                    },
                    {
                      "Node Type": "Hash",
                      "Parent Relationship": "Inner",
                      "Parallel Aware": true,
                      "Startup Cost": 82418.86,
                      "Total Cost": 82418.86,
                      "Plan Rows": 285456,
                      "Plan Width": 8,
                      "Actual Startup Time": 638.499,
                      "Actual Total Time": 639.094,
                      "Actual Rows": 313851,
                      "Actual Loops": 4,
                      "Hash Buckets": 2097152,
                      "Original Hash Buckets": 2097152,
                      "Hash Batches": 1,
                      "Original Hash Batches": 1,
                      "Peak Memory Usage": 65536,
                      "Plans": [
                        {
                          "Node Type": "Hash Join",
                          "Parent Relationship": "Outer",
                          "Parallel Aware": true,
                          "Join Type": "Inner",
                          "Startup Cost": 36018.94,
                          "Total Cost": 82418.86,
                          "Plan Rows": 285456,
                          "Plan Width": 8,
                          "Actual Startup Time": 201.679,
                          "Actual Total Time": 526.311,
                          "Actual Rows": 313851,
                          "Actual Loops": 4,
                          "Inner Unique": false,
                          "Hash Cond": "(t.id = mc.movie_id)",
                          "Plans": [
                            {
                              "Node Type": "Seq Scan",
                              "Parent Relationship": "Outer",
                              "Parallel Aware": true,
                              "Relation Name": "title",
                              "Alias": "t",
                              "Startup Cost": 0.0,
                              "Total Cost": 42318.73,
                              "Plan Rows": 632073,
                              "Plan Width": 4,
                              "Actual Startup Time": 0.018,
                              "Actual Total Time": 82.6,
                              "Actual Rows": 632078,
                              "Actual Loops": 4
                            },
                            {
                              "Node Type": "Hash",
                              "Parent Relationship": "Inner",
                              "Parallel Aware": true,
                              "Startup Cost": 31414.82,
                              "Total Cost": 31414.82,
                              "Plan Rows": 368330,
                              "Plan Width": 4,
                              "Actual Startup Time": 197.988,
                              "Actual Total Time": 197.99,
                              "Actual Rows": 313851,
                              "Actual Loops": 4,
                              "Hash Buckets": 2097152,
                              "Original Hash Buckets": 2097152,
                              "Hash Batches": 1,
                              "Original Hash Batches": 1,
                              "Peak Memory Usage": 65568,
                              "Plans": [
                                {
                                  "Node Type": "Seq Scan",
                                  "Parent Relationship": "Outer",
                                  "Parallel Aware": true,
                                  "Relation Name": "movie_companies",
                                  "Alias": "mc",
                                  "Startup Cost": 0.0,
                                  "Total Cost": 31414.82,
                                  "Plan Rows": 368330,
                                  "Plan Width": 4,
                                  "Actual Startup Time": 46.95,
                                  "Actual Total Time": 97.695,
                                  "Actual Rows": 313851,
                                  "Actual Loops": 4,
                                  "Filter": "((company_id > 178) AND (company_type_id > 1))",
                                  "Rows Removed by Filter": 338431
                                }
                              ]
                            }
                          ]
                        }
                      ]
                    }
                  ]
                }
              ]
            }
          ]
        }
      ]
    },
    "Planning Time": 1.393,
    "Triggers": [],
    "Execution Time": 996.413
  }
]