[
  {
    "Plan": {
      "Node Type": "Aggregate",
      "Strategy": "Plain",
      "Partial Mode": "Finalize",
      "Parallel Aware": false,
      "Startup Cost": 136308.91,
      "Total Cost": 136308.92,
      "Plan Rows": 1,
      "Plan Width": 8,
      "Actual Startup Time": 931.737,
      "Actual Total Time": 955.578,
      "Actual Rows": 1,
      "Actual Loops": 1,
      "Plans": [
        {
          "Node Type": "Gather",
          "Parent Relationship": "Outer",
          "Parallel Aware": false,
          "Startup Cost": 136308.6,
          "Total Cost": 136308.91,
          "Plan Rows": 3,
          "Plan Width": 8,
          "Actual Startup Time": 911.091,
          "Actual Total Time": 955.568,
          "Actual Rows": 4,
          "Actual Loops": 1,
          "Workers Planned": 3,
          "Workers Launched": 3,
          "Single Copy": false,
          "Plans": [
            {
              "Node Type": "Aggregate",
              "Strategy": "Plain",
              "Partial Mode": "Partial",
              "Parent Relationship": "Outer",
              "Parallel Aware": false,
              "Startup Cost": 135308.6,
              "Total Cost": 135308.61,
              "Plan Rows": 1,
              "Plan Width": 8,
              "Actual Startup Time": 901.638,
              "Actual Total Time": 901.647,
              "Actual Rows": 1,
              "Actual Loops": 4,
              "Plans": [
                {
                  "Node Type": "Hash Join",
                  "Parent Relationship": "Outer",
                  "Parallel Aware": true,
                  "Join Type": "Inner",
                  "Startup Cost": 85710.66,
                  "Total Cost": 134298.13,
                  "Plan Rows": 404188,
                  "Plan Width": 0,
                  "Actual Startup Time": 586.205,
                  "Actual Total Time": 870.183,
                  "Actual Rows": 625842,
                  "Actual Loops": 4,
                  "Inner Unique": false,
                  "Hash Cond": "(mk.movie_id = t.id)",
                  "Plans": [
                    {
                      "Node Type": "Seq Scan",
                      "Parent Relationship": "Outer",
                      "Parallel Aware": true,
                      "Relation Name": "movie_keyword",
                      "Alias": "mk",
                      "Startup Cost": 0.0,
                      "Total Cost": 42695.65,
                      "Plan Rows": 1223462,
                      "Plan Width": 4,
                      "Actual Startup Time": 0.068,
                      "Actual Total Time": 131.937,
                      "Actual Rows": 948526,
                      "Actual Loops": 4,
                      "Filter": "(keyword_id > 648)",
                      "Rows Removed by Filter": 182457
                    },
                    {
                      "Node Type": "Hash",
                      "Parent Relationship": "Inner",
                      "Parallel Aware": true,
                      "Startup Cost": 82342.51,
                      "Total Cost": 82342.51,
                      "Plan Rows": 269452,
                      "Plan Width": 8,
                      "Actual Startup Time": 581.168,
                      "Actual Total Time": 581.175,
                      "Actual Rows": 132671,
                      "Actual Loops": 4,
                      "Hash Buckets": 1048576,
                      "Original Hash Buckets": 1048576,
                      "Hash Batches": 1,
                      "Original Hash Batches": 1,
                      "Peak Memory Usage": 29024,
                      "Plans": [
                        {
                          "Node Type": "Hash Join",
                          "Parent Relationship": "Outer",
                          "Parallel Aware": true,
                          "Join Type": "Inner",
                          "Startup Cost": 50220.38,
                          "Total Cost": 82342.51,
                          "Plan Rows": 269452,
                          "Plan Width": 8,
                          "Actual Startup Time": 414.258,
                          "Actual Total Time": 528.086,
                          "Actual Rows": 132671,
                          "Actual Loops": 4,
                          "Inner Unique": true,
                          "Hash Cond": "(mc.movie_id = t.id)",
                          "Plans": [
                            {
                              "Node Type": "Seq Scan",
                              "Parent Relationship": "Outer",
                              "Parallel Aware": true,
                              "Relation Name": "movie_companies",
                              "Alias": "mc",
                              "Startup Cost": 0.0,
                              "Total Cost": 31414.82,
                              "Plan Rows": 269452,
                              "Plan Width": 4,
                              "Actual Startup Time": 34.004,
                              "Actual Total Time": 73.532,
                              "Actual Rows": 132671,
                              "Actual Loops": 4,
                              "Filter": "((company_id < 17931) AND (company_type_id > 1))",
                              "Rows Removed by Filter": 519611
                            },
                            {
                              "Node Type": "Hash",
                              "Parent Relationship": "Inner",
                              "Parallel Aware": true,
                              "Startup Cost": 42319.06,
                              "Total Cost": 42319.06,
                              "Plan Rows": 632106,
                              "Plan Width": 4,
                              "Actual Startup Time": 372.194,
                              "Actual Total Time": 372.195,
                              "Actual Rows": 632078,
                              "Actual Loops": 4,
                              "Hash Buckets": 4194304,
                              "Original Hash Buckets": 4194304,
                              "Hash Batches": 1,
                              "Original Hash Batches": 1,
                              "Peak Memory Usage": 131776,
                              "Plans": [
                                {
                                  "Node Type": "Seq Scan",
                                  "Parent Relationship": "Outer",
                                  "Parallel Aware": true,
                                  "Relation Name": "title",
                                  "Alias": "t",
                                  "Startup Cost": 0.0,
                                  "Total Cost": 42319.06,
                                  "Plan Rows": 632106,
                                  "Plan Width": 4,
                                  "Actual Startup Time": 0.06,
                                  "Actual Total Time": 105.152,
                                  "Actual Rows": 632078,
                                  "Actual Loops": 4
                                }
                              ]
                            }
                          ]
                        }
                      ]
                    }
                  ]
                }
              ]
            }
          ]
        }
      ]
    },
    "Planning Time": 1.003,
    "Triggers": [],
    "Execution Time": 955.647
  }
]