[
  {
    "Plan": {
      "Node Type": "Aggregate",
      "Strategy": "Plain",
      "Partial Mode": "Finalize",
      "Parallel Aware": false,
      "Startup Cost": 217685.34,
      "Total Cost": 217685.35,
      "Plan Rows": 1,
      "Plan Width": 8,
      "Actual Startup Time": 120.121,
      "Actual Total Time": 135.012,
      "Actual Rows": 1,
      "Actual Loops": 1,
      "Plans": [
        {
          "Node Type": "Gather",
          "Parent Relationship": "Outer",
          "Parallel Aware": false,
          "Startup Cost": 217684.92,
          "Total Cost": 217685.33,
          "Plan Rows": 4,
          "Plan Width": 8,
          "Actual Startup Time": 119.98,
          "Actual Total Time": 135.002,
          "Actual Rows": 5,
          "Actual Loops": 1,
          "Workers Planned": 4,
          "Workers Launched": 4,
          "Single Copy": false,
          "Plans": [
            {
              "Node Type": "Aggregate",
              "Strategy": "Plain",
              "Partial Mode": "Partial",
              "Parent Relationship": "Outer",
              "Parallel Aware": false,
              "Startup Cost": 216684.92,
              "Total Cost": 216684.93,
              "Plan Rows": 1,
              "Plan Width": 8,
              "Actual Startup Time": 110.403,
              "Actual Total Time": 110.405,
              "Actual Rows": 1,
              "Actual Loops": 5,
              "Plans": [
                {
                  "Node Type": "Nested Loop",
                  "Parent Relationship": "Outer",
                  "Parallel Aware": false,
                  "Join Type": "Inner",
                  "Startup Cost": 0.43,
                  "Total Cost": 216657.84,
                  "Plan Rows": 10830,
                  "Plan Width": 0,
                  "Actual Startup Time": 0.272,
                  "Actual Total Time": 109.784,
                  "Actual Rows": 5112,
                  "Actual Loops": 5,
                  "Inner Unique": false,
                  "Plans": [
                    {
                      "Node Type": "Seq Scan",
                      "Parent Relationship": "Outer",
                      "Parallel Aware": true,
                      "Relation Name": "title",
                      "Alias": "t",
                      "Startup Cost": 0.0,
                      "Total Cost": 45479.1,
                      "Plan Rows": 2152,
                      "Plan Width": 4,
                      "Actual Startup Time": 0.087,
                      "Actual Total Time": 81.663,
                      "Actual Rows": 1676,
                      "Actual Loops": 5,
                      "Filter": "((kind_id = 7) AND (production_year = 1979))",
                      "Rows Removed by Filter": 503987
                    },
                    {
                      "Node Type": "Index Scan",
                      "Parent Relationship": "Inner",
                      "Parallel Aware": false,
                      "Scan Direction": "Forward",
                      "Index Name": "movie_id_movie_info",
                      "Relation Name": "movie_info",
                      "Alias": "mi",
                      "Startup Cost": 0.43,
                      "Total Cost": 79.18,
                      "Plan Rows": 36,
                      "Plan Width": 4,
                      "Actual Startup Time": 0.009,
                      "Actual Total Time": 0.016,
                      "Actual Rows": 3,
                      "Actual Loops": 8378,
                      "Index Cond": "(movie_id = t.id)",
                      "Rows Removed by Index Recheck": 0,
                      "Filter": "(info_type_id > 2)",
                      "Rows Removed by Filter": 0
                    }
                  ]
                }
              ]
            }
          ]
        }
      ]
    },
    "Planning Time": 0.608,
    "Triggers": [],
    "Execution Time": 135.081
  }
]