{
  "Plan": {
    "Node Type": "Aggregate",
    "Strategy": "Plain",
    "Partial Mode": "Finalize",
    "Parallel Aware": false,
    "Startup Cost": 194822.63,
    "Total Cost": 194822.64,
    "Plan Rows": 1,
    "Plan Width": 8,
    "Actual Startup Time": 2263.515,
    "Actual Total Time": 2287.249,
    "Actual Rows": 1,
    "Actual Loops": 1,
    "Plans": [
      {
        "Node Type": "Gather",
        "Parent Relationship": "Outer",
        "Parallel Aware": false,
        "Startup Cost": 194822.52,
        "Total Cost": 194822.63,
        "Plan Rows": 1,
        "Plan Width": 8,
        "Actual Startup Time": 2257.667,
        "Actual Total Time": 2287.24,
        "Actual Rows": 2,
        "Actual Loops": 1,
        "Workers Planned": 1,
        "Workers Launched": 1,
        "Single Copy": false,
        "Plans": [
          {
            "Node Type": "Aggregate",
            "Strategy": "Plain",
            "Partial Mode": "Partial",
            "Parent Relationship": "Outer",
            "Parallel Aware": false,
            "Startup Cost": 193822.52,
            "Total Cost": 193822.53,
            "Plan Rows": 1,
            "Plan Width": 8,
            "Actual Startup Time": 2250.043,
            "Actual Total Time": 2250.595,
            "Actual Rows": 1,
            "Actual Loops": 2,
            "Plans": [
              {
                "Node Type": "Hash Join",
                "Parent Relationship": "Outer",
                "Parallel Aware": true,
                "Join Type": "Inner",
                "Startup Cost": 120540.85,
                "Total Cost": 190902.01,
                "Plan Rows": 1168204,
                "Plan Width": 0,
                "Actual Startup Time": 1146.711,
                "Actual Total Time": 1952.889,
                "Actual Rows": 7245167,
                "Actual Loops": 2,
                "Inner Unique": false,
                "Hash Cond": "(mk.movie_id = t.id)",
                "Plans": [
                  {
                    "Node Type": "Seq Scan",
                    "Parent Relationship": "Outer",
                    "Parallel Aware": true,
                    "Relation Name": "movie_keyword",
                    "Alias": "mk",
                    "Startup Cost": 0.0,
                    "Total Cost": 57718.19,
                    "Plan Rows": 1538982,
                    "Plan Width": 4,
                    "Actual Startup Time": 0.26,
                    "Actual Total Time": 180.986,
                    "Actual Rows": 1305481,
                    "Actual Loops": 2,
                    "Filter": "(keyword_id > 3289)",
                    "Rows Removed by Filter": 956484
                  },
                  {
                    "Node Type": "Hash",
                    "Parent Relationship": "Inner",
                    "Parallel Aware": true,
                    "Startup Cost": 106429.33,
                    "Total Cost": 106429.33,
                    "Plan Rows": 1128921,
                    "Plan Width": 8,
                    "Actual Startup Time": 1131.56,
                    "Actual Total Time": 1132.11,
                    "Actual Rows": 812965,
                    "Actual Loops": 2,
                    "Hash Buckets": 2097152,
                    "Original Hash Buckets": 2097152,
                    "Hash Batches": 1,
                    "Original Hash Batches": 1,
                    "Peak Memory Usage": 80000,
                    "Plans": [
                      {
                        "Node Type": "Hash Join",
                        "Parent Relationship": "Outer",
                        "Parallel Aware": true,
                        "Join Type": "Inner",
                        "Startup Cost": 68262.7,
                        "Total Cost": 106429.33,
                        "Plan Rows": 1128921,
                        "Plan Width": 8,
                        "Actual Startup Time": 420.7,
                        "Actual Total Time": 924.567,
                        "Actual Rows": 812965,
                        "Actual Loops": 2,
                        "Inner Unique": true,
                        "Hash Cond": "(mc.movie_id = t.id)",
                        "Plans": [
                          {
                            "Node Type": "Seq Scan",
                            "Parent Relationship": "Outer",
                            "Parallel Aware": true,
                            "Relation Name": "movie_companies",
                            "Alias": "mc",
                            "Startup Cost": 0.0,
                            "Total Cost": 34137.82,
                            "Plan Rows": 1534782,
                            "Plan Width": 4,
                            "Actual Startup Time": 0.013,
                            "Actual Total Time": 99.758,
                            "Actual Rows": 1304564,
                            "Actual Loops": 2
                          },
                          {
                            "Node Type": "Hash",
                            "Parent Relationship": "Inner",
                            "Parallel Aware": true,
                            "Startup Cost": 54588.39,
                            "Total Cost": 54588.39,
                            "Plan Rows": 1093945,
                            "Plan Width": 4,
                            "Actual Startup Time": 413.125,
                            "Actual Total Time": 413.126,
                            "Actual Rows": 926404,
                            "Actual Loops": 2,
                            "Hash Buckets": 2097152,
                            "Original Hash Buckets": 2097152,
                            "Hash Batches": 1,
                            "Original Hash Batches": 1,
                            "Peak Memory Usage": 88896,
                            "Plans": [
                              {
                                "Node Type": "Seq Scan",
                                "Parent Relationship": "Outer",
                                "Parallel Aware": true,
                                "Relation Name": "title",
                                "Alias": "t",
                                "Startup Cost": 0.0,
                                "Total Cost": 54588.39,
                                "Plan Rows": 1093945,
                                "Plan Width": 4,
                                "Actual Startup Time": 0.029,
                                "Actual Total Time": 175.304,
                                "Actual Rows": 926404,
                                "Actual Loops": 2,
                                "Filter": "(production_year > 1985)",
                                "Rows Removed by Filter": 337752
                              }
                            ]
                          }
                        ]
                      }
                    ]
                  }
                ]
              }
            ]
          }
        ]
      }
    ]
  },
  "Planning Time": 0.874,
  "Triggers": [],
  "Execution Time": 2287.329
}