[
  {
    "Plan": {
      "Node Type": "Aggregate",
      "Strategy": "Plain",
      "Partial Mode": "Finalize",
      "Parallel Aware": false,
      "Startup Cost": 81365.45,
      "Total Cost": 81365.46,
      "Plan Rows": 1,
      "Plan Width": 8,
      "Actual Startup Time": 234.511,
      "Actual Total Time": 264.806,
      "Actual Rows": 1,
      "Actual Loops": 1,
      "Plans": [
        {
          "Node Type": "Gather",
          "Parent Relationship": "Outer",
          "Parallel Aware": false,
          "Startup Cost": 81365.13,
          "Total Cost": 81365.44,
          "Plan Rows": 3,
          "Plan Width": 8,
          "Actual Startup Time": 234.217,
          "Actual Total Time": 264.795,
          "Actual Rows": 4,
          "Actual Loops": 1,
          "Workers Planned": 3,
          "Workers Launched": 3,
          "Single Copy": false,
          "Plans": [
            {
              "Node Type": "Aggregate",
              "Strategy": "Plain",
              "Partial Mode": "Partial",
              "Parent Relationship": "Outer",
              "Parallel Aware": false,
              "Startup Cost": 80365.13,
              "Total Cost": 80365.14,
              "Plan Rows": 1,
              "Plan Width": 8,
              "Actual Startup Time": 225.005,
              "Actual Total Time": 225.008,
              "Actual Rows": 1,
              "Actual Loops": 4,
              "Plans": [
                {
                  "Node Type": "Nested Loop",
                  "Parent Relationship": "Outer",
                  "Parallel Aware": false,
                  "Join Type": "Inner",
                  "Startup Cost": 1344.65,
                  "Total Cost": 80363.62,
                  "Plan Rows": 606,
                  "Plan Width": 0,
                  "Actual Startup Time": 162.835,
                  "Actual Total Time": 224.922,
                  "Actual Rows": 1103,
                  "Actual Loops": 4,
                  "Inner Unique": false,
                  "Plans": [
                    {
                      "Node Type": "Nested Loop",
                      "Parent Relationship": "Outer",
                      "Parallel Aware": false,
                      "Join Type": "Inner",
                      "Startup Cost": 1344.22,
                      "Total Cost": 64252.74,
                      "Plan Rows": 9902,
                      "Plan Width": 8,
                      "Actual Startup Time": 2.144,
                      "Actual Total Time": 80.597,
                      "Actual Rows": 13874,
                      "Actual Loops": 4,
                      "Inner Unique": true,
                      "Plans": [
                        {
                          "Node Type": "Bitmap Heap Scan",
                          "Parent Relationship": "Outer",
                          "Parallel Aware": true,
                          "Relation Name": "movie_companies",
                          "Alias": "mc",
                          "Startup Cost": 1343.79,
                          "Total Cost": 20435.52,
                          "Plan Rows": 9902,
                          "Plan Width": 4,
                          "Actual Startup Time": 1.954,
                          "Actual Total Time": 11.605,
                          "Actual Rows": 13874,
                          "Actual Loops": 4,
                          "Recheck Cond": "(company_id = 6)",
                          "Rows Removed by Index Recheck": 0,
                          "Filter": "(company_type_id < 2)",
                          "Rows Removed by Filter": 1644,
                          "Exact Heap Blocks": 2005,
                          "Lossy Heap Blocks": 0,
                          "Plans": [
                            {
                              "Node Type": "Bitmap Index Scan",
                              "Parent Relationship": "Outer",
                              "Parallel Aware": false,
                              "Index Name": "company_id_movie_companies",
                              "Startup Cost": 0.0,
                              "Total Cost": 1336.12,
                              "Plan Rows": 62358,
                              "Plan Width": 0,
                              "Actual Startup Time": 5.89,
                              "Actual Total Time": 5.891,
                              "Actual Rows": 62075,
                              "Actual Loops": 1,
                              "Index Cond": "(company_id = 6)"
                            }
                          ]
                        },
                        {
                          "Node Type": "Index Only Scan",
                          "Parent Relationship": "Inner",
                          "Parallel Aware": false,
                          "Scan Direction": "Forward",
                          "Index Name": "title_pkey",
                          "Relation Name": "title",
                          "Alias": "t",
                          "Startup Cost": 0.43,
                          "Total Cost": 4.43,
                          "Plan Rows": 1,
                          "Plan Width": 4,
                          "Actual Startup Time": 0.005,
                          "Actual Total Time": 0.005,
                          "Actual Rows": 1,
                          "Actual Loops": 55497,
                          "Index Cond": "(id = mc.movie_id)",
                          "Rows Removed by Index Recheck": 0,
                          "Heap Fetches": 55497
                        }
                      ]
                    },
                    {
                      "Node Type": "Index Scan",
                      "Parent Relationship": "Inner",
                      "Parallel Aware": false,
                      "Scan Direction": "Forward",
                      "Index Name": "movie_id_movie_info",
                      "Relation Name": "movie_info",
                      "Alias": "mi",
                      "Startup Cost": 0.43,
                      "Total Cost": 1.62,
                      "Plan Rows": 1,
                      "Plan Width": 4,
                      "Actual Startup Time": 0.01,
                      "Actual Total Time": 0.01,
                      "Actual Rows": 0,
                      "Actual Loops": 55497,
                      "Index Cond": "(movie_id = t.id)",
                      "Rows Removed by Index Recheck": 0,
                      "Filter": "(info_type_id = 107)",
                      "Rows Removed by Filter": 11
                    }
                  ]
                }
              ]
            }
          ]
        }
      ]
    },
    "Planning Time": 0.919,
    "Triggers": [],
    "Execution Time": 264.899
  }
]