[
  {
    "Plan": {
      "Node Type": "Aggregate",
      "Strategy": "Plain",
      "Partial Mode": "Finalize",
      "Parallel Aware": false,
      "Startup Cost": 32281.78,
      "Total Cost": 32281.79,
      "Plan Rows": 1,
      "Plan Width": 8,
      "Actual Startup Time": 122.556,
      "Actual Total Time": 130.622,
      "Actual Rows": 1,
      "Actual Loops": 1,
      "Plans": [
        {
          "Node Type": "Gather",
          "Parent Relationship": "Outer",
          "Parallel Aware": false,
          "Startup Cost": 32281.46,
          "Total Cost": 32281.77,
          "Plan Rows": 3,
          "Plan Width": 8,
          "Actual Startup Time": 122.422,
          "Actual Total Time": 130.613,
          "Actual Rows": 4,
          "Actual Loops": 1,
          "Workers Planned": 3,
          "Workers Launched": 3,
          "Single Copy": false,
          "Plans": [
            {
              "Node Type": "Aggregate",
              "Strategy": "Plain",
              "Partial Mode": "Partial",
              "Parent Relationship": "Outer",
              "Parallel Aware": false,
              "Startup Cost": 31281.46,
              "Total Cost": 31281.47,
              "Plan Rows": 1,
              "Plan Width": 8,
              "Actual Startup Time": 114.462,
              "Actual Total Time": 114.463,
              "Actual Rows": 1,
              "Actual Loops": 4,
              "Plans": [
                {
                  "Node Type": "Seq Scan",
                  "Parent Relationship": "Outer",
                  "Parallel Aware": true,
                  "Relation Name": "movie_companies",
                  "Alias": "mc",
                  "Startup Cost": 0.0,
                  "Total Cost": 29310.68,
                  "Plan Rows": 788313,
                  "Plan Width": 0,
                  "Actual Startup Time": 0.043,
                  "Actual Total Time": 84.575,
                  "Actual Rows": 611973,
                  "Actual Loops": 4,
                  "Filter": "(company_id < 127274)",
                  "Rows Removed by Filter": 40310
                }
              ]
            }
          ]
        }
      ]
    },
    "Planning Time": 0.161,
    "Triggers": [],
    "Execution Time": 130.755
  }
]