{
  "Plan": {
    "Node Type": "Aggregate",
    "Strategy": "Plain",
    "Partial Mode": "Finalize",
    "Parallel Aware": false,
    "Startup Cost": 816724.14,
    "Total Cost": 816724.15,
    "Plan Rows": 1,
    "Plan Width": 8,
    "Actual Startup Time": 14453.05,
    "Actual Total Time": 14530.765,
    "Actual Rows": 1,
    "Actual Loops": 1,
    "Plans": [
      {
        "Node Type": "Gather",
        "Parent Relationship": "Outer",
        "Parallel Aware": false,
        "Startup Cost": 816724.02,
        "Total Cost": 816724.13,
        "Plan Rows": 1,
        "Plan Width": 8,
        "Actual Startup Time": 14442.232,
        "Actual Total Time": 14530.754,
        "Actual Rows": 2,
        "Actual Loops": 1,
        "Workers Planned": 1,
        "Workers Launched": 1,
        "Single Copy": false,
        "Plans": [
          {
            "Node Type": "Aggregate",
            "Strategy": "Plain",
            "Partial Mode": "Partial",
            "Parent Relationship": "Outer",
            "Parallel Aware": false,
            "Startup Cost": 815724.02,
            "Total Cost": 815724.03,
            "Plan Rows": 1,
            "Plan Width": 8,
            "Actual Startup Time": 14435.839,
            "Actual Total Time": 14438.99,
            "Actual Rows": 1,
            "Actual Loops": 2,
            "Plans": [
              {
                "Node Type": "Hash Join",
                "Parent Relationship": "Outer",
                "Parallel Aware": true,
                "Join Type": "Inner",
                "Startup Cost": 137902.0,
                "Total Cost": 790375.03,
                "Plan Rows": 10139596,
                "Plan Width": 0,
                "Actual Startup Time": 1133.239,
                "Actual Total Time": 11738.987,
                "Actual Rows": 70589246,
                "Actual Loops": 2,
                "Inner Unique": false,
                "Hash Cond": "(ci.movie_id = t.id)",
                "Plans": [
                  {
                    "Node Type": "Seq Scan",
                    "Parent Relationship": "Outer",
                    "Parallel Aware": true,
                    "Relation Name": "cast_info",
                    "Alias": "ci",
                    "Startup Cost": 0.0,
                    "Total Cost": 519069.44,
                    "Plan Rows": 19669034,
                    "Plan Width": 4,
                    "Actual Startup Time": 0.017,
                    "Actual Total Time": 1684.964,
                    "Actual Rows": 16787873,
                    "Actual Loops": 2,
                    "Filter": "(person_id < 3548282)",
                    "Rows Removed by Filter": 1334299
                  },
                  {
                    "Node Type": "Hash",
                    "Parent Relationship": "Inner",
                    "Parallel Aware": true,
                    "Startup Cost": 128318.45,
                    "Total Cost": 128318.45,
                    "Plan Rows": 766684,
                    "Plan Width": 8,
                    "Actual Startup Time": 1118.813,
                    "Actual Total Time": 1121.962,
                    "Actual Rows": 1697534,
                    "Actual Loops": 2,
                    "Hash Buckets": 4194304,
                    "Original Hash Buckets": 2097152,
                    "Hash Batches": 1,
                    "Original Hash Batches": 1,
                    "Peak Memory Usage": 181984,
                    "Plans": [
                      {
                        "Node Type": "Hash Join",
                        "Parent Relationship": "Outer",
                        "Parallel Aware": true,
                        "Join Type": "Inner",
                        "Startup Cost": 63844.83,
                        "Total Cost": 128318.45,
                        "Plan Rows": 766684,
                        "Plan Width": 8,
                        "Actual Startup Time": 244.429,
                        "Actual Total Time": 779.914,
                        "Actual Rows": 1697534,
                        "Actual Loops": 2,
                        "Inner Unique": true,
                        "Hash Cond": "(mk.movie_id = t.id)",
                        "Plans": [
                          {
                            "Node Type": "Seq Scan",
                            "Parent Relationship": "Outer",
                            "Parallel Aware": true,
                            "Relation Name": "movie_keyword",
                            "Alias": "mk",
                            "Startup Cost": 0.0,
                            "Total Cost": 57718.19,
                            "Plan Rows": 2573491,
                            "Plan Width": 4,
                            "Actual Startup Time": 0.019,
                            "Actual Total Time": 217.623,
                            "Actual Rows": 2180084,
                            "Actual Loops": 2,
                            "Filter": "(keyword_id > 117)",
                            "Rows Removed by Filter": 81880
                          },
                          {
                            "Node Type": "Hash",
                            "Parent Relationship": "Inner",
                            "Parallel Aware": true,
                            "Startup Cost": 58306.47,
                            "Total Cost": 58306.47,
                            "Plan Rows": 443069,
                            "Plan Width": 4,
                            "Actual Startup Time": 240.418,
                            "Actual Total Time": 240.418,
                            "Actual Rows": 396972,
                            "Actual Loops": 2,
                            "Hash Buckets": 1048576,
                            "Original Hash Buckets": 1048576,
                            "Hash Batches": 1,
                            "Original Hash Batches": 1,
                            "Peak Memory Usage": 39264,
                            "Plans": [
                              {
                                "Node Type": "Seq Scan",
                                "Parent Relationship": "Outer",
                                "Parallel Aware": true,
                                "Relation Name": "title",
                                "Alias": "t",
                                "Startup Cost": 0.0,
                                "Total Cost": 58306.47,
                                "Plan Rows": 443069,
                                "Plan Width": 4,
                                "Actual Startup Time": 0.031,
                                "Actual Total Time": 149.891,
                                "Actual Rows": 396972,
                                "Actual Loops": 2,
                                "Filter": "((kind_id < 7) AND (production_year < 2010))",
                                "Rows Removed by Filter": 867184
                              }
                            ]
                          }
                        ]
                      }
                    ]
                  }
                ]
              }
            ]
          }
        ]
      }
    ]
  },
  "Planning Time": 0.998,
  "Triggers": [],
  "Execution Time": 14530.857
}