[
  {
    "Plan": {
      "Node Type": "Aggregate",
      "Strategy": "Plain",
      "Partial Mode": "Finalize",
      "Parallel Aware": false,
      "Startup Cost": 44320.08,
      "Total Cost": 44320.09,
      "Plan Rows": 1,
      "Plan Width": 8,
      "Actual Startup Time": 120.392,
      "Actual Total Time": 128.199,
      "Actual Rows": 1,
      "Actual Loops": 1,
      "Plans": [
        {
          "Node Type": "Gather",
          "Parent Relationship": "Outer",
          "Parallel Aware": false,
          "Startup Cost": 44319.76,
          "Total Cost": 44320.07,
          "Plan Rows": 3,
          "Plan Width": 8,
          "Actual Startup Time": 120.272,
          "Actual Total Time": 128.191,
          "Actual Rows": 4,
          "Actual Loops": 1,
          "Workers Planned": 3,
          "Workers Launched": 3,
          "Single Copy": false,
          "Plans": [
            {
              "Node Type": "Aggregate",
              "Strategy": "Plain",
              "Partial Mode": "Partial",
              "Parent Relationship": "Outer",
              "Parallel Aware": false,
              "Startup Cost": 43319.76,
              "Total Cost": 43319.77,
              "Plan Rows": 1,
              "Plan Width": 8,
              "Actual Startup Time": 113.842,
              "Actual Total Time": 113.843,
              "Actual Rows": 1,
              "Actual Loops": 4,
              "Plans": [
                {
                  "Node Type": "Seq Scan",
                  "Parent Relationship": "Outer",
                  "Parallel Aware": true,
                  "Relation Name": "movie_keyword",
                  "Alias": "mk",
                  "Startup Cost": 0.0,
                  "Total Cost": 42695.65,
                  "Plan Rows": 249643,
                  "Plan Width": 0,
                  "Actual Startup Time": 4.997,
                  "Actual Total Time": 103.379,
                  "Actual Rows": 191060,
                  "Actual Loops": 4,
                  "Filter": "(keyword_id > 24494)",
                  "Rows Removed by Filter": 939922
                }
              ]
            }
          ]
        }
      ]
    },
    "Planning Time": 0.205,
    "Triggers": [],
    "Execution Time": 128.252
  }
]