[
  {
    "Plan": {
      "Node Type": "Aggregate",
      "Strategy": "Plain",
      "Partial Mode": "Finalize",
      "Parallel Aware": false,
      "Startup Cost": 45554.29,
      "Total Cost": 45554.3,
      "Plan Rows": 1,
      "Plan Width": 8,
      "Actual Startup Time": 156.68,
      "Actual Total Time": 165.837,
      "Actual Rows": 1,
      "Actual Loops": 1,
      "Plans": [
        {
          "Node Type": "Gather",
          "Parent Relationship": "Outer",
          "Parallel Aware": false,
          "Startup Cost": 45553.97,
          "Total Cost": 45554.28,
          "Plan Rows": 3,
          "Plan Width": 8,
          "Actual Startup Time": 156.528,
          "Actual Total Time": 165.823,
          "Actual Rows": 4,
          "Actual Loops": 1,
          "Workers Planned": 3,
          "Workers Launched": 3,
          "Single Copy": false,
          "Plans": [
            {
              "Node Type": "Aggregate",
              "Strategy": "Plain",
              "Partial Mode": "Partial",
              "Parent Relationship": "Outer",
              "Parallel Aware": false,
              "Startup Cost": 44553.97,
              "Total Cost": 44553.98,
              "Plan Rows": 1,
              "Plan Width": 8,
              "Actual Startup Time": 150.731,
              "Actual Total Time": 150.733,
              "Actual Rows": 1,
              "Actual Loops": 4,
              "Plans": [
                {
                  "Node Type": "Seq Scan",
                  "Parent Relationship": "Outer",
                  "Parallel Aware": true,
                  "Relation Name": "movie_keyword",
                  "Alias": "mk",
                  "Startup Cost": 0.0,
                  "Total Cost": 42695.65,
                  "Plan Rows": 743326,
                  "Plan Width": 0,
                  "Actual Startup Time": 0.772,
                  "Actual Total Time": 121.845,
                  "Actual Rows": 571308,
                  "Actual Loops": 4,
                  "Filter": "(keyword_id > 4608)",
                  "Rows Removed by Filter": 559674
                }
              ]
            }
          ]
        }
      ]
    },
    "Planning Time": 0.178,
    "Triggers": [],
    "Execution Time": 165.898
  }
]