[
  {
    "Plan": {
      "Node Type": "Aggregate",
      "Strategy": "Plain",
      "Partial Mode": "Finalize",
      "Parallel Aware": false,
      "Startup Cost": 51640.23,
      "Total Cost": 51640.24,
      "Plan Rows": 1,
      "Plan Width": 8,
      "Actual Startup Time": 100.558,
      "Actual Total Time": 114.417,
      "Actual Rows": 1,
      "Actual Loops": 1,
      "Plans": [
        {
          "Node Type": "Gather",
          "Parent Relationship": "Outer",
          "Parallel Aware": false,
          "Startup Cost": 51639.81,
          "Total Cost": 51640.22,
          "Plan Rows": 4,
          "Plan Width": 8,
          "Actual Startup Time": 100.407,
          "Actual Total Time": 114.409,
          "Actual Rows": 5,
          "Actual Loops": 1,
          "Workers Planned": 4,
          "Workers Launched": 4,
          "Single Copy": false,
          "Plans": [
            {
              "Node Type": "Aggregate",
              "Strategy": "Plain",
              "Partial Mode": "Partial",
              "Parent Relationship": "Outer",
              "Parallel Aware": false,
              "Startup Cost": 50639.81,
              "Total Cost": 50639.82,
              "Plan Rows": 1,
              "Plan Width": 8,
              "Actual Startup Time": 90.378,
              "Actual Total Time": 90.379,
              "Actual Rows": 1,
              "Actual Loops": 5,
              "Plans": [
                {
                  "Node Type": "Nested Loop",
                  "Parent Relationship": "Outer",
                  "Parallel Aware": false,
                  "Join Type": "Inner",
                  "Startup Cost": 0.43,
                  "Total Cost": 50638.83,
                  "Plan Rows": 394,
                  "Plan Width": 0,
                  "Actual Startup Time": 3.567,
                  "Actual Total Time": 90.303,
                  "Actual Rows": 797,
                  "Actual Loops": 5,
                  "Inner Unique": false,
                  "Plans": [
                    {
                      "Node Type": "Seq Scan",
                      "Parent Relationship": "Outer",
                      "Parallel Aware": true,
                      "Relation Name": "title",
                      "Alias": "t",
                      "Startup Cost": 0.0,
                      "Total Cost": 45479.1,
                      "Plan Rows": 722,
                      "Plan Width": 4,
                      "Actual Startup Time": 1.555,
                      "Actual Total Time": 83.652,
                      "Actual Rows": 668,
                      "Actual Loops": 5,
                      "Filter": "((kind_id < 3) AND (production_year = 1959))",
                      "Rows Removed by Filter": 504995
                    },
                    {
                      "Node Type": "Index Only Scan",
                      "Parent Relationship": "Inner",
                      "Parallel Aware": false,
                      "Scan Direction": "Forward",
                      "Index Name": "movie_id_movie_info_idx",
                      "Relation Name": "movie_info_idx",
                      "Alias": "mi_idx",
                      "Startup Cost": 0.43,
                      "Total Cost": 7.12,
                      "Plan Rows": 3,
                      "Plan Width": 4,
                      "Actual Startup Time": 0.009,
                      "Actual Total Time": 0.009,
                      "Actual Rows": 1,
                      "Actual Loops": 3338,
                      "Index Cond": "(movie_id = t.id)",
                      "Rows Removed by Index Recheck": 0,
                      "Heap Fetches": 3987
                    }
                  ]
                }
              ]
            }
          ]
        }
      ]
    },
    "Planning Time": 0.655,
    "Triggers": [],
    "Execution Time": 114.491
  }
]