[
  {
    "Plan": {
      "Node Type": "Aggregate",
      "Strategy": "Plain",
      "Partial Mode": "Finalize",
      "Parallel Aware": false,
      "Startup Cost": 46532.83,
      "Total Cost": 46532.84,
      "Plan Rows": 1,
      "Plan Width": 8,
      "Actual Startup Time": 183.582,
      "Actual Total Time": 192.018,
      "Actual Rows": 1,
      "Actual Loops": 1,
      "Plans": [
        {
          "Node Type": "Gather",
          "Parent Relationship": "Outer",
          "Parallel Aware": false,
          "Startup Cost": 46532.52,
          "Total Cost": 46532.83,
          "Plan Rows": 3,
          "Plan Width": 8,
          "Actual Startup Time": 183.438,
          "Actual Total Time": 192.009,
          "Actual Rows": 4,
          "Actual Loops": 1,
          "Workers Planned": 3,
          "Workers Launched": 3,
          "Single Copy": false,
          "Plans": [
            {
              "Node Type": "Aggregate",
              "Strategy": "Plain",
              "Partial Mode": "Partial",
              "Parent Relationship": "Outer",
              "Parallel Aware": false,
              "Startup Cost": 45532.52,
              "Total Cost": 45532.53,
              "Plan Rows": 1,
              "Plan Width": 8,
              "Actual Startup Time": 177.191,
              "Actual Total Time": 177.192,
              "Actual Rows": 1,
              "Actual Loops": 4,
              "Plans": [
                {
                  "Node Type": "Seq Scan",
                  "Parent Relationship": "Outer",
                  "Parallel Aware": true,
                  "Relation Name": "movie_keyword",
                  "Alias": "mk",
                  "Startup Cost": 0.0,
                  "Total Cost": 42695.65,
                  "Plan Rows": 1134745,
                  "Plan Width": 0,
                  "Actual Startup Time": 0.049,
                  "Actual Total Time": 132.919,
                  "Actual Rows": 879805,
                  "Actual Loops": 4,
                  "Filter": "(keyword_id < 18362)",
                  "Rows Removed by Filter": 251177
                }
              ]
            }
          ]
        }
      ]
    },
    "Planning Time": 0.12,
    "Triggers": [],
    "Execution Time": 192.057
  }
]