[
  {
    "Plan": {
      "Node Type": "Aggregate",
      "Strategy": "Plain",
      "Partial Mode": "Finalize",
      "Parallel Aware": false,
      "Startup Cost": 275367.1,
      "Total Cost": 275367.11,
      "Plan Rows": 1,
      "Plan Width": 8,
      "Actual Startup Time": 52.226,
      "Actual Total Time": 57.878,
      "Actual Rows": 1,
      "Actual Loops": 1,
      "Plans": [
        {
          "Node Type": "Gather",
          "Parent Relationship": "Outer",
          "Parallel Aware": false,
          "Startup Cost": 275366.58,
          "Total Cost": 275367.09,
          "Plan Rows": 5,
          "Plan Width": 8,
          "Actual Startup Time": 51.945,
          "Actual Total Time": 57.868,
          "Actual Rows": 6,
          "Actual Loops": 1,
          "Workers Planned": 5,
          "Workers Launched": 5,
          "Single Copy": false,
          "Plans": [
            {
              "Node Type": "Aggregate",
              "Strategy": "Plain",
              "Partial Mode": "Partial",
              "Parent Relationship": "Outer",
              "Parallel Aware": false,
              "Startup Cost": 274366.58,
              "Total Cost": 274366.59,
              "Plan Rows": 1,
              "Plan Width": 8,
              "Actual Startup Time": 42.824,
              "Actual Total Time": 42.825,
              "Actual Rows": 1,
              "Actual Loops": 6,
              "Plans": [
                {
                  "Node Type": "Bitmap Heap Scan",
                  "Parent Relationship": "Outer",
                  "Parallel Aware": true,
                  "Relation Name": "cast_info",
                  "Alias": "ci",
                  "Startup Cost": 8314.46,
                  "Total Cost": 274178.32,
                  "Plan Rows": 75301,
                  "Plan Width": 0,
                  "Actual Startup Time": 12.197,
                  "Actual Total Time": 38.107,
                  "Actual Rows": 56680,
                  "Actual Loops": 6,
                  "Recheck Cond": "(person_id > 3999518)",
                  "Rows Removed by Index Recheck": 0,
                  "Exact Heap Blocks": 2013,
                  "Lossy Heap Blocks": 0,
                  "Plans": [
                    {
                      "Node Type": "Bitmap Index Scan",
                      "Parent Relationship": "Outer",
                      "Parallel Aware": false,
                      "Index Name": "person_id_cast_info",
                      "Startup Cost": 0.0,
                      "Total Cost": 8220.34,
                      "Plan Rows": 376503,
                      "Plan Width": 0,
                      "Actual Startup Time": 19.64,
                      "Actual Total Time": 19.641,
                      "Actual Rows": 340080,
                      "Actual Loops": 1,
                      "Index Cond": "(person_id > 3999518)"
                    }
                  ]
                }
              ]
            }
          ]
        }
      ]
    },
    "Planning Time": 0.171,
    "Triggers": [],
    "Execution Time": 57.922
  }
]