[
    {
        "Bao": {
            "Bao prediction": "NaN",
            "Bao recommended hint": "(no hint)"
        }
    },
    {
        "Plan": {
            "Node Type": "Aggregate",
            "Strategy": "Plain",
            "Partial Mode": "Finalize",
            "Parallel Aware": false,
            "Startup Cost": 274806.58,
            "Total Cost": 274806.59,
            "Plan Rows": 1,
            "Plan Width": 8,
            "Actual Startup Time": 50.038,
            "Actual Total Time": 53.475,
            "Actual Rows": 1,
            "Actual Loops": 1,
            "Output": [
                "count(*)"
            ],
            "Plans": [
                {
                    "Node Type": "Gather",
                    "Parent Relationship": "Outer",
                    "Parallel Aware": false,
                    "Startup Cost": 274806.06,
                    "Total Cost": 274806.57,
                    "Plan Rows": 5,
                    "Plan Width": 8,
                    "Actual Startup Time": 49.818,
                    "Actual Total Time": 53.468,
                    "Actual Rows": 6,
                    "Actual Loops": 1,
                    "Output": [
                        "(PARTIAL count(*))"
                    ],
                    "Workers Planned": 5,
                    "Workers Launched": 5,
                    "Single Copy": false,
                    "Plans": [
                        {
                            "Node Type": "Aggregate",
                            "Strategy": "Plain",
                            "Partial Mode": "Partial",
                            "Parent Relationship": "Outer",
                            "Parallel Aware": false,
                            "Startup Cost": 273806.06,
                            "Total Cost": 273806.07,
                            "Plan Rows": 1,
                            "Plan Width": 8,
                            "Actual Startup Time": 39.606,
                            "Actual Total Time": 39.608,
                            "Actual Rows": 1,
                            "Actual Loops": 6,
                            "Output": [
                                "PARTIAL count(*)"
                            ],
                            "Workers": [
                                {
                                    "Worker Number": 0,
                                    "Actual Startup Time": 37.41,
                                    "Actual Total Time": 37.411,
                                    "Actual Rows": 1,
                                    "Actual Loops": 1
                                },
                                {
                                    "Worker Number": 1,
                                    "Actual Startup Time": 37.67,
                                    "Actual Total Time": 37.671,
                                    "Actual Rows": 1,
                                    "Actual Loops": 1
                                },
                                {
                                    "Worker Number": 2,
                                    "Actual Startup Time": 37.541,
                                    "Actual Total Time": 37.542,
                                    "Actual Rows": 1,
                                    "Actual Loops": 1
                                },
                                {
                                    "Worker Number": 3,
                                    "Actual Startup Time": 37.536,
                                    "Actual Total Time": 37.537,
                                    "Actual Rows": 1,
                                    "Actual Loops": 1
                                },
                                {
                                    "Worker Number": 4,
                                    "Actual Startup Time": 38.342,
                                    "Actual Total Time": 38.344,
                                    "Actual Rows": 1,
                                    "Actual Loops": 1
                                }
                            ],
                            "Plans": [
                                {
                                    "Node Type": "Bitmap Heap Scan",
                                    "Parent Relationship": "Outer",
                                    "Parallel Aware": true,
                                    "Relation Name": "cast_info",
                                    "Schema": "public",
                                    "Alias": "ci",
                                    "Startup Cost": 8677.84,
                                    "Total Cost": 273609.59,
                                    "Plan Rows": 78588,
                                    "Plan Width": 0,
                                    "Actual Startup Time": 10.272,
                                    "Actual Total Time": 33.557,
                                    "Actual Rows": 66688,
                                    "Actual Loops": 6,
                                    "Recheck Cond": "(ci.person_id < 45464)",
                                    "Rows Removed by Index Recheck": 0,
                                    "Exact Heap Blocks": 2067,
                                    "Lossy Heap Blocks": 0,
                                    "Workers": [
                                        {
                                            "Worker Number": 0,
                                            "Actual Startup Time": 8.361,
                                            "Actual Total Time": 31.51,
                                            "Actual Rows": 42099,
                                            "Actual Loops": 1
                                        },
                                        {
                                            "Worker Number": 1,
                                            "Actual Startup Time": 8.382,
                                            "Actual Total Time": 31.738,
                                            "Actual Rows": 42994,
                                            "Actual Loops": 1
                                        },
                                        {
                                            "Worker Number": 2,
                                            "Actual Startup Time": 8.29,
                                            "Actual Total Time": 31.736,
                                            "Actual Rows": 41897,
                                            "Actual Loops": 1
                                        },
                                        {
                                            "Worker Number": 3,
                                            "Actual Startup Time": 8.226,
                                            "Actual Total Time": 31.754,
                                            "Actual Rows": 41761,
                                            "Actual Loops": 1
                                        },
                                        {
                                            "Worker Number": 4,
                                            "Actual Startup Time": 8.893,
                                            "Actual Total Time": 32.855,
                                            "Actual Rows": 39189,
                                            "Actual Loops": 1
                                        }
                                    ],
                                    "Plans": [
                                        {
                                            "Node Type": "Bitmap Index Scan",
                                            "Parent Relationship": "Outer",
                                            "Parallel Aware": false,
                                            "Index Name": "person_id_cast_info",
                                            "Startup Cost": 0.0,
                                            "Total Cost": 8579.61,
                                            "Plan Rows": 392939,
                                            "Plan Width": 0,
                                            "Actual Startup Time": 18.713,
                                            "Actual Total Time": 18.713,
                                            "Actual Rows": 400128,
                                            "Actual Loops": 1,
                                            "Index Cond": "(ci.person_id < 45464)"
                                        }
                                    ]
                                }
                            ]
                        }
                    ]
                }
            ]
        },
        "Planning Time": 214.755,
        "Triggers": [],
        "Execution Time": 53.574
    }
]