[
  {
    "Plan": {
      "Node Type": "Aggregate",
      "Strategy": "Plain",
      "Partial Mode": "Finalize",
      "Parallel Aware": false,
      "Startup Cost": 112832.84,
      "Total Cost": 112832.85,
      "Plan Rows": 1,
      "Plan Width": 8,
      "Actual Startup Time": 884.917,
      "Actual Total Time": 908.539,
      "Actual Rows": 1,
      "Actual Loops": 1,
      "Plans": [
        {
          "Node Type": "Gather",
          "Parent Relationship": "Outer",
          "Parallel Aware": false,
          "Startup Cost": 112832.63,
          "Total Cost": 112832.84,
          "Plan Rows": 2,
          "Plan Width": 8,
          "Actual Startup Time": 875.49,
          "Actual Total Time": 908.528,
          "Actual Rows": 3,
          "Actual Loops": 1,
          "Workers Planned": 2,
          "Workers Launched": 2,
          "Single Copy": false,
          "Plans": [
            {
              "Node Type": "Aggregate",
              "Strategy": "Plain",
              "Partial Mode": "Partial",
              "Parent Relationship": "Outer",
              "Parallel Aware": false,
              "Startup Cost": 111832.63,
              "Total Cost": 111832.64,
              "Plan Rows": 1,
              "Plan Width": 8,
              "Actual Startup Time": 867.954,
              "Actual Total Time": 867.977,
              "Actual Rows": 1,
              "Actual Loops": 3,
              "Plans": [
                {
                  "Node Type": "Hash Join",
                  "Parent Relationship": "Outer",
                  "Parallel Aware": true,
                  "Join Type": "Inner",
                  "Startup Cost": 95107.94,
                  "Total Cost": 111446.99,
                  "Plan Rows": 154256,
                  "Plan Width": 0,
                  "Actual Startup Time": 720.712,
                  "Actual Total Time": 849.145,
                  "Actual Rows": 467731,
                  "Actual Loops": 3,
                  "Inner Unique": false,
                  "Hash Cond": "(mi_idx.movie_id = t.id)",
                  "Plans": [
                    {
                      "Node Type": "Seq Scan",
                      "Parent Relationship": "Outer",
                      "Parallel Aware": true,
                      "Relation Name": "movie_info_idx",
                      "Alias": "mi_idx",
                      "Startup Cost": 0.0,
                      "Total Cost": 13685.15,
                      "Plan Rows": 575015,
                      "Plan Width": 4,
                      "Actual Startup Time": 0.039,
                      "Actual Total Time": 35.074,
                      "Actual Rows": 460012,
                      "Actual Loops": 3
                    },
                    {
                      "Node Type": "Hash",
                      "Parent Relationship": "Inner",
                      "Parallel Aware": true,
                      "Startup Cost": 92372.91,
                      "Total Cost": 92372.91,
                      "Plan Rows": 218802,
                      "Plan Width": 8,
                      "Actual Startup Time": 714.071,
                      "Actual Total Time": 714.091,
                      "Actual Rows": 227218,
                      "Actual Loops": 3,
                      "Hash Buckets": 1048576,
                      "Original Hash Buckets": 1048576,
                      "Hash Batches": 1,
                      "Original Hash Batches": 1,
                      "Peak Memory Usage": 34912,
                      "Plans": [
                        {
                          "Node Type": "Hash Join",
                          "Parent Relationship": "Outer",
                          "Parallel Aware": true,
                          "Join Type": "Inner",
                          "Startup Cost": 64609.53,
                          "Total Cost": 92372.91,
                          "Plan Rows": 218802,
                          "Plan Width": 8,
                          "Actual Startup Time": 482.586,
                          "Actual Total Time": 638.33,
                          "Actual Rows": 227218,
                          "Actual Loops": 3,
                          "Inner Unique": true,
                          "Hash Cond": "(mk.movie_id = t.id)",
                          "Plans": [
                            {
                              "Node Type": "Bitmap Heap Scan",
                              "Parent Relationship": "Outer",
                              "Parallel Aware": true,
                              "Relation Name": "movie_keyword",
                              "Alias": "mk",
                              "Startup Cost": 14389.15,
                              "Total Cost": 41578.17,
                              "Plan Rows": 218802,
                              "Plan Width": 4,
                              "Actual Startup Time": 44.005,
                              "Actual Total Time": 114.507,
                              "Actual Rows": 227218,
                              "Actual Loops": 3,
                              "Recheck Cond": "(keyword_id < 562)",
                              "Rows Removed by Index Recheck": 0,
                              "Exact Heap Blocks": 8633,
                              "Lossy Heap Blocks": 0,
                              "Plans": [
                                {
                                  "Node Type": "Bitmap Index Scan",
                                  "Parent Relationship": "Outer",
                                  "Parallel Aware": false,
                                  "Index Name": "keyword_id_movie_keyword",
                                  "Startup Cost": 0.0,
                                  "Total Cost": 14219.58,
                                  "Plan Rows": 678286,
                                  "Plan Width": 0,
                                  "Actual Startup Time": 40.53,
                                  "Actual Total Time": 40.53,
                                  "Actual Rows": 681653,
                                  "Actual Loops": 1,
                                  "Index Cond": "(keyword_id < 562)"
                                }
                              ]
                            },
                            {
                              "Node Type": "Hash",
                              "Parent Relationship": "Inner",
                              "Parallel Aware": true,
                              "Startup Cost": 42319.06,
                              "Total Cost": 42319.06,
                              "Plan Rows": 632106,
                              "Plan Width": 4,
                              "Actual Startup Time": 427.533,
                              "Actual Total Time": 427.535,
                              "Actual Rows": 842771,
                              "Actual Loops": 3,
                              "Hash Buckets": 4194304,
                              "Original Hash Buckets": 4194304,
                              "Hash Batches": 1,
                              "Original Hash Batches": 1,
                              "Peak Memory Usage": 131712,
                              "Plans": [
                                {
                                  "Node Type": "Seq Scan",
                                  "Parent Relationship": "Outer",
                                  "Parallel Aware": true,
                                  "Relation Name": "title",
                                  "Alias": "t",
                                  "Startup Cost": 0.0,
                                  "Total Cost": 42319.06,
                                  "Plan Rows": 632106,
                                  "Plan Width": 4,
                                  "Actual Startup Time": 0.06,
                                  "Actual Total Time": 117.051,
                                  "Actual Rows": 842771,
                                  "Actual Loops": 3
                                }
                              ]
                            }
                          ]
                        }
                      ]
                    }
                  ]
                }
              ]
            }
          ]
        }
      ]
    },
    "Planning Time": 1.359,
    "Triggers": [],
    "Execution Time": 908.65
  }
]