[
  {
    "Plan": {
      "Node Type": "Aggregate",
      "Strategy": "Plain",
      "Partial Mode": "Finalize",
      "Parallel Aware": false,
      "Startup Cost": 45692.31,
      "Total Cost": 45692.32,
      "Plan Rows": 1,
      "Plan Width": 8,
      "Actual Startup Time": 150.455,
      "Actual Total Time": 160.001,
      "Actual Rows": 1,
      "Actual Loops": 1,
      "Plans": [
        {
          "Node Type": "Gather",
          "Parent Relationship": "Outer",
          "Parallel Aware": false,
          "Startup Cost": 45691.99,
          "Total Cost": 45692.3,
          "Plan Rows": 3,
          "Plan Width": 8,
          "Actual Startup Time": 150.365,
          "Actual Total Time": 159.993,
          "Actual Rows": 4,
          "Actual Loops": 1,
          "Workers Planned": 3,
          "Workers Launched": 3,
          "Single Copy": false,
          "Plans": [
            {
              "Node Type": "Aggregate",
              "Strategy": "Plain",
              "Partial Mode": "Partial",
              "Parent Relationship": "Outer",
              "Parallel Aware": false,
              "Startup Cost": 44691.99,
              "Total Cost": 44692.0,
              "Plan Rows": 1,
              "Plan Width": 8,
              "Actual Startup Time": 143.998,
              "Actual Total Time": 143.999,
              "Actual Rows": 1,
              "Actual Loops": 4,
              "Plans": [
                {
                  "Node Type": "Seq Scan",
                  "Parent Relationship": "Outer",
                  "Parallel Aware": true,
                  "Relation Name": "movie_keyword",
                  "Alias": "mk",
                  "Startup Cost": 0.0,
                  "Total Cost": 42695.65,
                  "Plan Rows": 798535,
                  "Plan Width": 0,
                  "Actual Startup Time": 0.584,
                  "Actual Total Time": 115.685,
                  "Actual Rows": 620090,
                  "Actual Loops": 4,
                  "Filter": "(keyword_id > 3650)",
                  "Rows Removed by Filter": 510892
                }
              ]
            }
          ]
        }
      ]
    },
    "Planning Time": 0.179,
    "Triggers": [],
    "Execution Time": 160.055
  }
]