[
    {
        "Bao": {
            "Bao prediction": "NaN",
            "Bao recommended hint": "(no hint)"
        }
    },
    {
        "Plan": {
            "Node Type": "Aggregate",
            "Strategy": "Plain",
            "Partial Mode": "Finalize",
            "Parallel Aware": false,
            "Startup Cost": 274177.32,
            "Total Cost": 274177.33,
            "Plan Rows": 1,
            "Plan Width": 8,
            "Actual Startup Time": 93.667,
            "Actual Total Time": 98.433,
            "Actual Rows": 1,
            "Actual Loops": 1,
            "Output": [
                "count(*)"
            ],
            "Plans": [
                {
                    "Node Type": "Gather",
                    "Parent Relationship": "Outer",
                    "Parallel Aware": false,
                    "Startup Cost": 274176.69,
                    "Total Cost": 274177.3,
                    "Plan Rows": 6,
                    "Plan Width": 8,
                    "Actual Startup Time": 93.4,
                    "Actual Total Time": 98.427,
                    "Actual Rows": 7,
                    "Actual Loops": 1,
                    "Output": [
                        "(PARTIAL count(*))"
                    ],
                    "Workers Planned": 6,
                    "Workers Launched": 6,
                    "Single Copy": false,
                    "Plans": [
                        {
                            "Node Type": "Aggregate",
                            "Strategy": "Plain",
                            "Partial Mode": "Partial",
                            "Parent Relationship": "Outer",
                            "Parallel Aware": false,
                            "Startup Cost": 273176.69,
                            "Total Cost": 273176.7,
                            "Plan Rows": 1,
                            "Plan Width": 8,
                            "Actual Startup Time": 83.25,
                            "Actual Total Time": 83.251,
                            "Actual Rows": 1,
                            "Actual Loops": 7,
                            "Output": [
                                "PARTIAL count(*)"
                            ],
                            "Workers": [
                                {
                                    "Worker Number": 0,
                                    "Actual Startup Time": 80.801,
                                    "Actual Total Time": 80.802,
                                    "Actual Rows": 1,
                                    "Actual Loops": 1
                                },
                                {
                                    "Worker Number": 1,
                                    "Actual Startup Time": 81.031,
                                    "Actual Total Time": 81.032,
                                    "Actual Rows": 1,
                                    "Actual Loops": 1
                                },
                                {
                                    "Worker Number": 2,
                                    "Actual Startup Time": 81.48,
                                    "Actual Total Time": 81.481,
                                    "Actual Rows": 1,
                                    "Actual Loops": 1
                                },
                                {
                                    "Worker Number": 3,
                                    "Actual Startup Time": 81.79,
                                    "Actual Total Time": 81.792,
                                    "Actual Rows": 1,
                                    "Actual Loops": 1
                                },
                                {
                                    "Worker Number": 4,
                                    "Actual Startup Time": 81.937,
                                    "Actual Total Time": 81.939,
                                    "Actual Rows": 1,
                                    "Actual Loops": 1
                                },
                                {
                                    "Worker Number": 5,
                                    "Actual Startup Time": 82.676,
                                    "Actual Total Time": 82.678,
                                    "Actual Rows": 1,
                                    "Actual Loops": 1
                                }
                            ],
                            "Plans": [
                                {
                                    "Node Type": "Bitmap Heap Scan",
                                    "Parent Relationship": "Outer",
                                    "Parallel Aware": true,
                                    "Relation Name": "cast_info",
                                    "Schema": "public",
                                    "Alias": "ci",
                                    "Startup Cost": 18405.52,
                                    "Total Cost": 272829.33,
                                    "Plan Rows": 138945,
                                    "Plan Width": 0,
                                    "Actual Startup Time": 24.75,
                                    "Actual Total Time": 74.139,
                                    "Actual Rows": 130234,
                                    "Actual Loops": 7,
                                    "Recheck Cond": "(ci.person_id > 3886984)",
                                    "Rows Removed by Index Recheck": 0,
                                    "Exact Heap Blocks": 4215,
                                    "Lossy Heap Blocks": 0,
                                    "Workers": [
                                        {
                                            "Worker Number": 0,
                                            "Actual Startup Time": 22.188,
                                            "Actual Total Time": 71.89,
                                            "Actual Rows": 98742,
                                            "Actual Loops": 1
                                        },
                                        {
                                            "Worker Number": 1,
                                            "Actual Startup Time": 22.824,
                                            "Actual Total Time": 72.134,
                                            "Actual Rows": 99131,
                                            "Actual Loops": 1
                                        },
                                        {
                                            "Worker Number": 2,
                                            "Actual Startup Time": 23.396,
                                            "Actual Total Time": 72.883,
                                            "Actual Rows": 92784,
                                            "Actual Loops": 1
                                        },
                                        {
                                            "Worker Number": 3,
                                            "Actual Startup Time": 23.61,
                                            "Actual Total Time": 73.135,
                                            "Actual Rows": 116198,
                                            "Actual Loops": 1
                                        },
                                        {
                                            "Worker Number": 4,
                                            "Actual Startup Time": 23.232,
                                            "Actual Total Time": 73.317,
                                            "Actual Rows": 115701,
                                            "Actual Loops": 1
                                        },
                                        {
                                            "Worker Number": 5,
                                            "Actual Startup Time": 23.996,
                                            "Actual Total Time": 73.744,
                                            "Actual Rows": 98697,
                                            "Actual Loops": 1
                                        }
                                    ],
                                    "Plans": [
                                        {
                                            "Node Type": "Bitmap Index Scan",
                                            "Parent Relationship": "Outer",
                                            "Parallel Aware": false,
                                            "Index Name": "person_id_cast_info",
                                            "Startup Cost": 0.0,
                                            "Total Cost": 18197.1,
                                            "Plan Rows": 833671,
                                            "Plan Width": 0,
                                            "Actual Startup Time": 32.109,
                                            "Actual Total Time": 32.11,
                                            "Actual Rows": 911641,
                                            "Actual Loops": 1,
                                            "Index Cond": "(ci.person_id > 3886984)"
                                        }
                                    ]
                                }
                            ]
                        }
                    ]
                }
            ]
        },
        "Planning Time": 197.0,
        "Triggers": [],
        "Execution Time": 98.485
    }
]