{
  "Plan": {
    "Node Type": "Aggregate",
    "Strategy": "Plain",
    "Partial Mode": "Finalize",
    "Parallel Aware": false,
    "Startup Cost": 45429.27,
    "Total Cost": 45429.28,
    "Plan Rows": 1,
    "Plan Width": 8,
    "Actual Startup Time": 125.681,
    "Actual Total Time": 149.376,
    "Actual Rows": 1,
    "Actual Loops": 1,
    "Plans": [
      {
        "Node Type": "Gather",
        "Parent Relationship": "Outer",
        "Parallel Aware": false,
        "Startup Cost": 45429.16,
        "Total Cost": 45429.27,
        "Plan Rows": 1,
        "Plan Width": 8,
        "Actual Startup Time": 125.476,
        "Actual Total Time": 149.367,
        "Actual Rows": 2,
        "Actual Loops": 1,
        "Workers Planned": 1,
        "Workers Launched": 1,
        "Single Copy": false,
        "Plans": [
          {
            "Node Type": "Aggregate",
            "Strategy": "Plain",
            "Partial Mode": "Partial",
            "Parent Relationship": "Outer",
            "Parallel Aware": false,
            "Startup Cost": 44429.16,
            "Total Cost": 44429.17,
            "Plan Rows": 1,
            "Plan Width": 8,
            "Actual Startup Time": 119.42,
            "Actual Total Time": 119.422,
            "Actual Rows": 1,
            "Actual Loops": 2,
            "Plans": [
              {
                "Node Type": "Nested Loop",
                "Parent Relationship": "Outer",
                "Parallel Aware": false,
                "Join Type": "Inner",
                "Startup Cost": 125.71,
                "Total Cost": 44379.88,
                "Plan Rows": 19709,
                "Plan Width": 0,
                "Actual Startup Time": 2.771,
                "Actual Total Time": 113.605,
                "Actual Rows": 103232,
                "Actual Loops": 2,
                "Inner Unique": false,
                "Plans": [
                  {
                    "Node Type": "Nested Loop",
                    "Parent Relationship": "Outer",
                    "Parallel Aware": false,
                    "Join Type": "Inner",
                    "Startup Cost": 125.27,
                    "Total Cost": 37867.0,
                    "Plan Rows": 3371,
                    "Plan Width": 8,
                    "Actual Startup Time": 2.652,
                    "Actual Total Time": 22.469,
                    "Actual Rows": 1947,
                    "Actual Loops": 2,
                    "Inner Unique": true,
                    "Plans": [
                      {
                        "Node Type": "Bitmap Heap Scan",
                        "Parent Relationship": "Outer",
                        "Parallel Aware": true,
                        "Relation Name": "movie_keyword",
                        "Alias": "mk",
                        "Startup Cost": 124.84,
                        "Total Cost": 13638.06,
                        "Plan Rows": 3371,
                        "Plan Width": 4,
                        "Actual Startup Time": 2.519,
                        "Actual Total Time": 8.611,
                        "Actual Rows": 1947,
                        "Actual Loops": 2,
                        "Recheck Cond": "(keyword_id = 1725)",
                        "Rows Removed by Index Recheck": 0,
                        "Exact Heap Blocks": 2494,
                        "Lossy Heap Blocks": 0,
                        "Plans": [
                          {
                            "Node Type": "Bitmap Index Scan",
                            "Parent Relationship": "Outer",
                            "Parallel Aware": false,
                            "Index Name": "keyword_id_movie_keyword",
                            "Startup Cost": 0.0,
                            "Total Cost": 123.41,
                            "Plan Rows": 5730,
                            "Plan Width": 0,
                            "Actual Startup Time": 3.262,
                            "Actual Total Time": 3.263,
                            "Actual Rows": 3894,
                            "Actual Loops": 1,
                            "Index Cond": "(keyword_id = 1725)"
                          }
                        ]
                      },
                      {
                        "Node Type": "Index Only Scan",
                        "Parent Relationship": "Inner",
                        "Parallel Aware": false,
                        "Scan Direction": "Forward",
                        "Index Name": "title_pkey",
                        "Relation Name": "title",
                        "Alias": "t",
                        "Startup Cost": 0.43,
                        "Total Cost": 7.19,
                        "Plan Rows": 1,
                        "Plan Width": 4,
                        "Actual Startup Time": 0.007,
                        "Actual Total Time": 0.007,
                        "Actual Rows": 1,
                        "Actual Loops": 3894,
                        "Index Cond": "(id = mk.movie_id)",
                        "Rows Removed by Index Recheck": 0,
                        "Heap Fetches": 3894
                      }
                    ]
                  },
                  {
                    "Node Type": "Index Only Scan",
                    "Parent Relationship": "Inner",
                    "Parallel Aware": false,
                    "Scan Direction": "Forward",
                    "Index Name": "movie_id_movie_info",
                    "Relation Name": "movie_info",
                    "Alias": "mi",
                    "Startup Cost": 0.43,
                    "Total Cost": 1.51,
                    "Plan Rows": 42,
                    "Plan Width": 4,
                    "Actual Startup Time": 0.009,
                    "Actual Total Time": 0.042,
                    "Actual Rows": 53,
                    "Actual Loops": 3894,
                    "Index Cond": "(movie_id = t.id)",
                    "Rows Removed by Index Recheck": 0,
                    "Heap Fetches": 206464
                  }
                ]
              }
            ]
          }
        ]
      }
    ]
  },
  "Planning Time": 0.969,
  "Triggers": [],
  "Execution Time": 149.473
}