[
  {
    "Plan": {
      "Node Type": "Aggregate",
      "Strategy": "Plain",
      "Partial Mode": "Finalize",
      "Parallel Aware": false,
      "Startup Cost": 272908.84,
      "Total Cost": 272908.85,
      "Plan Rows": 1,
      "Plan Width": 8,
      "Actual Startup Time": 92.154,
      "Actual Total Time": 96.966,
      "Actual Rows": 1,
      "Actual Loops": 1,
      "Plans": [
        {
          "Node Type": "Gather",
          "Parent Relationship": "Outer",
          "Parallel Aware": false,
          "Startup Cost": 272908.21,
          "Total Cost": 272908.82,
          "Plan Rows": 6,
          "Plan Width": 8,
          "Actual Startup Time": 91.799,
          "Actual Total Time": 96.96,
          "Actual Rows": 7,
          "Actual Loops": 1,
          "Workers Planned": 6,
          "Workers Launched": 6,
          "Single Copy": false,
          "Plans": [
            {
              "Node Type": "Aggregate",
              "Strategy": "Plain",
              "Partial Mode": "Partial",
              "Parent Relationship": "Outer",
              "Parallel Aware": false,
              "Startup Cost": 271908.21,
              "Total Cost": 271908.22,
              "Plan Rows": 1,
              "Plan Width": 8,
              "Actual Startup Time": 80.995,
              "Actual Total Time": 80.997,
              "Actual Rows": 1,
              "Actual Loops": 7,
              "Plans": [
                {
                  "Node Type": "Bitmap Heap Scan",
                  "Parent Relationship": "Outer",
                  "Parallel Aware": true,
                  "Relation Name": "cast_info",
                  "Alias": "ci",
                  "Startup Cost": 17069.9,
                  "Total Cost": 271696.29,
                  "Plan Rows": 84769,
                  "Plan Width": 0,
                  "Actual Startup Time": 65.672,
                  "Actual Total Time": 79.236,
                  "Actual Rows": 27883,
                  "Actual Loops": 7,
                  "Recheck Cond": "(person_id < 80048)",
                  "Rows Removed by Index Recheck": 0,
                  "Filter": "(role_id > 1)",
                  "Rows Removed by Filter": 79719,
                  "Exact Heap Blocks": 3054,
                  "Lossy Heap Blocks": 0,
                  "Plans": [
                    {
                      "Node Type": "Bitmap Index Scan",
                      "Parent Relationship": "Outer",
                      "Parallel Aware": false,
                      "Index Name": "person_id_cast_info",
                      "Startup Cost": 0.0,
                      "Total Cost": 16942.74,
                      "Plan Rows": 775757,
                      "Plan Width": 0,
                      "Actual Startup Time": 46.76,
                      "Actual Total Time": 46.76,
                      "Actual Rows": 753218,
                      "Actual Loops": 1,
                      "Index Cond": "(person_id < 80048)"
                    }
                  ]
                }
              ]
            }
          ]
        }
      ]
    },
    "Planning Time": 0.2,
    "Triggers": [],
    "Execution Time": 97.037
  }
]