[
  {
    "Plan": {
      "Node Type": "Aggregate",
      "Strategy": "Plain",
      "Partial Mode": "Finalize",
      "Parallel Aware": false,
      "Startup Cost": 47568.17,
      "Total Cost": 47568.18,
      "Plan Rows": 1,
      "Plan Width": 8,
      "Actual Startup Time": 104.286,
      "Actual Total Time": 113.428,
      "Actual Rows": 1,
      "Actual Loops": 1,
      "Plans": [
        {
          "Node Type": "Gather",
          "Parent Relationship": "Outer",
          "Parallel Aware": false,
          "Startup Cost": 47567.75,
          "Total Cost": 47568.16,
          "Plan Rows": 4,
          "Plan Width": 8,
          "Actual Startup Time": 104.113,
          "Actual Total Time": 113.418,
          "Actual Rows": 5,
          "Actual Loops": 1,
          "Workers Planned": 4,
          "Workers Launched": 4,
          "Single Copy": false,
          "Plans": [
            {
              "Node Type": "Aggregate",
              "Strategy": "Plain",
              "Partial Mode": "Partial",
              "Parent Relationship": "Outer",
              "Parallel Aware": false,
              "Startup Cost": 46567.75,
              "Total Cost": 46567.76,
              "Plan Rows": 1,
              "Plan Width": 8,
              "Actual Startup Time": 97.895,
              "Actual Total Time": 97.896,
              "Actual Rows": 1,
              "Actual Loops": 5,
              "Plans": [
                {
                  "Node Type": "Seq Scan",
                  "Parent Relationship": "Outer",
                  "Parallel Aware": true,
                  "Relation Name": "title",
                  "Alias": "t",
                  "Startup Cost": 0.0,
                  "Total Cost": 45479.59,
                  "Plan Rows": 435266,
                  "Plan Width": 0,
                  "Actual Startup Time": 0.037,
                  "Actual Total Time": 81.256,
                  "Actual Rows": 359981,
                  "Actual Loops": 5,
                  "Filter": "((kind_id > 1) AND (production_year > 1926))",
                  "Rows Removed by Filter": 145682
                }
              ]
            }
          ]
        }
      ]
    },
    "Planning Time": 0.076,
    "Triggers": [],
    "Execution Time": 113.455
  }
]