{
  "Plan": {
    "Node Type": "Aggregate",
    "Strategy": "Plain",
    "Partial Mode": "Finalize",
    "Parallel Aware": false,
    "Startup Cost": 290221.99,
    "Total Cost": 290222.0,
    "Plan Rows": 1,
    "Plan Width": 8,
    "Actual Startup Time": 1536.832,
    "Actual Total Time": 1563.968,
    "Actual Rows": 1,
    "Actual Loops": 1,
    "Plans": [
      {
        "Node Type": "Gather",
        "Parent Relationship": "Outer",
        "Parallel Aware": false,
        "Startup Cost": 290221.88,
        "Total Cost": 290221.99,
        "Plan Rows": 1,
        "Plan Width": 8,
        "Actual Startup Time": 1532.829,
        "Actual Total Time": 1563.959,
        "Actual Rows": 2,
        "Actual Loops": 1,
        "Workers Planned": 1,
        "Workers Launched": 1,
        "Single Copy": false,
        "Plans": [
          {
            "Node Type": "Aggregate",
            "Strategy": "Plain",
            "Partial Mode": "Partial",
            "Parent Relationship": "Outer",
            "Parallel Aware": false,
            "Startup Cost": 289221.88,
            "Total Cost": 289221.89,
            "Plan Rows": 1,
            "Plan Width": 8,
            "Actual Startup Time": 1524.526,
            "Actual Total Time": 1524.832,
            "Actual Rows": 1,
            "Actual Loops": 2,
            "Plans": [
              {
                "Node Type": "Hash Join",
                "Parent Relationship": "Outer",
                "Parallel Aware": true,
                "Join Type": "Inner",
                "Startup Cost": 135636.28,
                "Total Cost": 286398.63,
                "Plan Rows": 1129298,
                "Plan Width": 0,
                "Actual Startup Time": 724.918,
                "Actual Total Time": 1472.792,
                "Actual Rows": 1298138,
                "Actual Loops": 2,
                "Inner Unique": false,
                "Hash Cond": "(ci.movie_id = t.id)",
                "Plans": [
                  {
                    "Node Type": "Index Scan",
                    "Parent Relationship": "Outer",
                    "Parallel Aware": true,
                    "Scan Direction": "Forward",
                    "Index Name": "role_id_cast_info",
                    "Relation Name": "cast_info",
                    "Alias": "ci",
                    "Startup Cost": 0.56,
                    "Total Cost": 134450.3,
                    "Plan Rows": 2578582,
                    "Plan Width": 4,
                    "Actual Startup Time": 0.059,
                    "Actual Total Time": 289.781,
                    "Actual Rows": 2161509,
                    "Actual Loops": 2,
                    "Index Cond": "(role_id = 10)",
                    "Rows Removed by Index Recheck": 0
                  },
                  {
                    "Node Type": "Hash",
                    "Parent Relationship": "Inner",
                    "Parallel Aware": true,
                    "Startup Cost": 127493.99,
                    "Total Cost": 127493.99,
                    "Plan Rows": 651338,
                    "Plan Width": 8,
                    "Actual Startup Time": 710.202,
                    "Actual Total Time": 710.506,
                    "Actual Rows": 294150,
                    "Actual Loops": 2,
                    "Hash Buckets": 2097152,
                    "Original Hash Buckets": 2097152,
                    "Hash Batches": 1,
                    "Original Hash Batches": 1,
                    "Peak Memory Usage": 39424,
                    "Plans": [
                      {
                        "Node Type": "Hash Join",
                        "Parent Relationship": "Outer",
                        "Parallel Aware": true,
                        "Join Type": "Inner",
                        "Startup Cost": 65090.52,
                        "Total Cost": 127493.99,
                        "Plan Rows": 651338,
                        "Plan Width": 8,
                        "Actual Startup Time": 282.385,
                        "Actual Total Time": 646.035,
                        "Actual Rows": 294150,
                        "Actual Loops": 2,
                        "Inner Unique": true,
                        "Hash Cond": "(mk.movie_id = t.id)",
                        "Plans": [
                          {
                            "Node Type": "Seq Scan",
                            "Parent Relationship": "Outer",
                            "Parallel Aware": true,
                            "Relation Name": "movie_keyword",
                            "Alias": "mk",
                            "Startup Cost": 0.0,
                            "Total Cost": 57718.19,
                            "Plan Rows": 1784866,
                            "Plan Width": 4,
                            "Actual Startup Time": 0.017,
                            "Actual Total Time": 193.682,
                            "Actual Rows": 1511714,
                            "Actual Loops": 2,
                            "Filter": "(keyword_id < 10833)",
                            "Rows Removed by Filter": 750252
                          },
                          {
                            "Node Type": "Hash",
                            "Parent Relationship": "Inner",
                            "Parallel Aware": true,
                            "Startup Cost": 58306.47,
                            "Total Cost": 58306.47,
                            "Plan Rows": 542724,
                            "Plan Width": 4,
                            "Actual Startup Time": 278.328,
                            "Actual Total Time": 278.329,
                            "Actual Rows": 426089,
                            "Actual Loops": 2,
                            "Hash Buckets": 1048576,
                            "Original Hash Buckets": 1048576,
                            "Hash Batches": 1,
                            "Original Hash Batches": 1,
                            "Peak Memory Usage": 41536,
                            "Plans": [
                              {
                                "Node Type": "Seq Scan",
                                "Parent Relationship": "Outer",
                                "Parallel Aware": true,
                                "Relation Name": "title",
                                "Alias": "t",
                                "Startup Cost": 0.0,
                                "Total Cost": 58306.47,
                                "Plan Rows": 542724,
                                "Plan Width": 4,
                                "Actual Startup Time": 0.028,
                                "Actual Total Time": 164.969,
                                "Actual Rows": 426089,
                                "Actual Loops": 2,
                                "Filter": "((kind_id > 1) AND (production_year < 2004))",
                                "Rows Removed by Filter": 838067
                              }
                            ]
                          }
                        ]
                      }
                    ]
                  }
                ]
              }
            ]
          }
        ]
      }
    ]
  },
  "Planning Time": 1.063,
  "Triggers": [],
  "Execution Time": 1564.063
}