{
  "Plan": {
    "Node Type": "Aggregate",
    "Strategy": "Plain",
    "Partial Mode": "Finalize",
    "Parallel Aware": false,
    "Startup Cost": 99317.96,
    "Total Cost": 99317.97,
    "Plan Rows": 1,
    "Plan Width": 8,
    "Actual Startup Time": 524.874,
    "Actual Total Time": 540.748,
    "Actual Rows": 1,
    "Actual Loops": 1,
    "Plans": [
      {
        "Node Type": "Gather",
        "Parent Relationship": "Outer",
        "Parallel Aware": false,
        "Startup Cost": 99317.85,
        "Total Cost": 99317.96,
        "Plan Rows": 1,
        "Plan Width": 8,
        "Actual Startup Time": 523.599,
        "Actual Total Time": 540.737,
        "Actual Rows": 2,
        "Actual Loops": 1,
        "Workers Planned": 1,
        "Workers Launched": 1,
        "Single Copy": false,
        "Plans": [
          {
            "Node Type": "Aggregate",
            "Strategy": "Plain",
            "Partial Mode": "Partial",
            "Parent Relationship": "Outer",
            "Parallel Aware": false,
            "Startup Cost": 98317.85,
            "Total Cost": 98317.86,
            "Plan Rows": 1,
            "Plan Width": 8,
            "Actual Startup Time": 517.796,
            "Actual Total Time": 517.799,
            "Actual Rows": 1,
            "Actual Loops": 2,
            "Plans": [
              {
                "Node Type": "Hash Join",
                "Parent Relationship": "Outer",
                "Parallel Aware": true,
                "Join Type": "Inner",
                "Startup Cost": 35840.96,
                "Total Cost": 97628.49,
                "Plan Rows": 275744,
                "Plan Width": 0,
                "Actual Startup Time": 146.383,
                "Actual Total Time": 508.29,
                "Actual Rows": 233140,
                "Actual Loops": 2,
                "Inner Unique": false,
                "Hash Cond": "(t.id = mc.movie_id)",
                "Plans": [
                  {
                    "Node Type": "Seq Scan",
                    "Parent Relationship": "Outer",
                    "Parallel Aware": true,
                    "Relation Name": "title",
                    "Alias": "t",
                    "Startup Cost": 0.0,
                    "Total Cost": 50870.31,
                    "Plan Rows": 1487231,
                    "Plan Width": 4,
                    "Actual Startup Time": 0.011,
                    "Actual Total Time": 115.9,
                    "Actual Rows": 1264156,
                    "Actual Loops": 2
                  },
                  {
                    "Node Type": "Hash",
                    "Parent Relationship": "Inner",
                    "Parallel Aware": true,
                    "Startup Cost": 32394.16,
                    "Total Cost": 32394.16,
                    "Plan Rows": 275744,
                    "Plan Width": 4,
                    "Actual Startup Time": 140.97,
                    "Actual Total Time": 140.971,
                    "Actual Rows": 233140,
                    "Actual Loops": 2,
                    "Hash Buckets": 524288,
                    "Original Hash Buckets": 524288,
                    "Hash Batches": 1,
                    "Original Hash Batches": 1,
                    "Peak Memory Usage": 22368,
                    "Plans": [
                      {
                        "Node Type": "Bitmap Heap Scan",
                        "Parent Relationship": "Outer",
                        "Parallel Aware": true,
                        "Relation Name": "movie_companies",
                        "Alias": "mc",
                        "Startup Cost": 10157.36,
                        "Total Cost": 32394.16,
                        "Plan Rows": 275744,
                        "Plan Width": 4,
                        "Actual Startup Time": 34.145,
                        "Actual Total Time": 94.0,
                        "Actual Rows": 233140,
                        "Actual Loops": 2,
                        "Recheck Cond": "(company_id < 401)",
                        "Rows Removed by Index Recheck": 0,
                        "Exact Heap Blocks": 11210,
                        "Lossy Heap Blocks": 0,
                        "Plans": [
                          {
                            "Node Type": "Bitmap Index Scan",
                            "Parent Relationship": "Outer",
                            "Parallel Aware": false,
                            "Index Name": "company_id_movie_companies",
                            "Startup Cost": 0.0,
                            "Total Cost": 10040.17,
                            "Plan Rows": 468765,
                            "Plan Width": 0,
                            "Actual Startup Time": 31.676,
                            "Actual Total Time": 31.676,
                            "Actual Rows": 466280,
                            "Actual Loops": 1,
                            "Index Cond": "(company_id < 401)"
                          }
                        ]
                      }
                    ]
                  }
                ]
              }
            ]
          }
        ]
      }
    ]
  },
  "Planning Time": 0.626,
  "Triggers": [],
  "Execution Time": 540.838
}