[
    {
        "Bao": {
            "Bao prediction": 1062.656,
            "Bao recommended hint": "(no hint)"
        }
    },
    {
        "Plan": {
            "Node Type": "Aggregate",
            "Strategy": "Plain",
            "Partial Mode": "Finalize",
            "Parallel Aware": false,
            "Startup Cost": 135903.95,
            "Total Cost": 135903.96,
            "Plan Rows": 1,
            "Plan Width": 8,
            "Actual Startup Time": 862.535,
            "Actual Total Time": 887.392,
            "Actual Rows": 1,
            "Actual Loops": 1,
            "Output": [
                "count(*)"
            ],
            "Plans": [
                {
                    "Node Type": "Gather",
                    "Parent Relationship": "Outer",
                    "Parallel Aware": false,
                    "Startup Cost": 135903.53,
                    "Total Cost": 135903.94,
                    "Plan Rows": 4,
                    "Plan Width": 8,
                    "Actual Startup Time": 843.122,
                    "Actual Total Time": 887.382,
                    "Actual Rows": 5,
                    "Actual Loops": 1,
                    "Output": [
                        "(PARTIAL count(*))"
                    ],
                    "Workers Planned": 4,
                    "Workers Launched": 4,
                    "Single Copy": false,
                    "Plans": [
                        {
                            "Node Type": "Aggregate",
                            "Strategy": "Plain",
                            "Partial Mode": "Partial",
                            "Parent Relationship": "Outer",
                            "Parallel Aware": false,
                            "Startup Cost": 134903.53,
                            "Total Cost": 134903.54,
                            "Plan Rows": 1,
                            "Plan Width": 8,
                            "Actual Startup Time": 827.925,
                            "Actual Total Time": 827.93,
                            "Actual Rows": 1,
                            "Actual Loops": 5,
                            "Output": [
                                "PARTIAL count(*)"
                            ],
                            "Workers": [
                                {
                                    "Worker Number": 0,
                                    "Actual Startup Time": 824.308,
                                    "Actual Total Time": 824.313,
                                    "Actual Rows": 1,
                                    "Actual Loops": 1
                                },
                                {
                                    "Worker Number": 1,
                                    "Actual Startup Time": 824.412,
                                    "Actual Total Time": 824.416,
                                    "Actual Rows": 1,
                                    "Actual Loops": 1
                                },
                                {
                                    "Worker Number": 2,
                                    "Actual Startup Time": 824.306,
                                    "Actual Total Time": 824.311,
                                    "Actual Rows": 1,
                                    "Actual Loops": 1
                                },
                                {
                                    "Worker Number": 3,
                                    "Actual Startup Time": 824.472,
                                    "Actual Total Time": 824.477,
                                    "Actual Rows": 1,
                                    "Actual Loops": 1
                                }
                            ],
                            "Plans": [
                                {
                                    "Node Type": "Hash Join",
                                    "Parent Relationship": "Outer",
                                    "Parallel Aware": true,
                                    "Join Type": "Inner",
                                    "Startup Cost": 87486.4,
                                    "Total Cost": 134417.03,
                                    "Plan Rows": 194598,
                                    "Plan Width": 0,
                                    "Actual Startup Time": 604.679,
                                    "Actual Total Time": 815.433,
                                    "Actual Rows": 193511,
                                    "Actual Loops": 5,
                                    "Inner Unique": false,
                                    "Hash Cond": "(ci.movie_id = t.id)",
                                    "Workers": [
                                        {
                                            "Worker Number": 0,
                                            "Actual Startup Time": 601.274,
                                            "Actual Total Time": 811.589,
                                            "Actual Rows": 194880,
                                            "Actual Loops": 1
                                        },
                                        {
                                            "Worker Number": 1,
                                            "Actual Startup Time": 601.429,
                                            "Actual Total Time": 811.922,
                                            "Actual Rows": 192758,
                                            "Actual Loops": 1
                                        },
                                        {
                                            "Worker Number": 2,
                                            "Actual Startup Time": 601.306,
                                            "Actual Total Time": 812.139,
                                            "Actual Rows": 186833,
                                            "Actual Loops": 1
                                        },
                                        {
                                            "Worker Number": 3,
                                            "Actual Startup Time": 601.451,
                                            "Actual Total Time": 812.181,
                                            "Actual Rows": 189015,
                                            "Actual Loops": 1
                                        }
                                    ],
                                    "Plans": [
                                        {
                                            "Node Type": "Index Scan",
                                            "Parent Relationship": "Outer",
                                            "Parallel Aware": true,
                                            "Scan Direction": "Forward",
                                            "Index Name": "role_id_cast_info",
                                            "Relation Name": "cast_info",
                                            "Schema": "public",
                                            "Alias": "ci",
                                            "Startup Cost": 0.56,
                                            "Total Cost": 44764.99,
                                            "Plan Rows": 410260,
                                            "Plan Width": 4,
                                            "Actual Startup Time": 0.161,
                                            "Actual Total Time": 72.958,
                                            "Actual Rows": 340709,
                                            "Actual Loops": 5,
                                            "Output": [
                                                "ci.id",
                                                "ci.person_id",
                                                "ci.movie_id",
                                                "ci.person_role_id",
                                                "ci.note",
                                                "ci.nr_order",
                                                "ci.role_id"
                                            ],
                                            "Index Cond": "(ci.role_id = 8)",
                                            "Rows Removed by Index Recheck": 0,
                                            "Workers": [
                                                {
                                                    "Worker Number": 0,
                                                    "Actual Startup Time": 0.11,
                                                    "Actual Total Time": 73.524,
                                                    "Actual Rows": 335400,
                                                    "Actual Loops": 1
                                                },
                                                {
                                                    "Worker Number": 1,
                                                    "Actual Startup Time": 0.257,
                                                    "Actual Total Time": 74.003,
                                                    "Actual Rows": 337740,
                                                    "Actual Loops": 1
                                                },
                                                {
                                                    "Worker Number": 2,
                                                    "Actual Startup Time": 0.06,
                                                    "Actual Total Time": 74.189,
                                                    "Actual Rows": 339323,
                                                    "Actual Loops": 1
                                                },
                                                {
                                                    "Worker Number": 3,
                                                    "Actual Startup Time": 0.184,
                                                    "Actual Total Time": 74.125,
                                                    "Actual Rows": 335400,
                                                    "Actual Loops": 1
                                                }
                                            ]
                                        },
                                        {
                                            "Node Type": "Hash",
                                            "Parent Relationship": "Inner",
                                            "Parallel Aware": true,
                                            "Startup Cost": 82650.12,
                                            "Total Cost": 82650.12,
                                            "Plan Rows": 386857,
                                            "Plan Width": 8,
                                            "Actual Startup Time": 598.248,
                                            "Actual Total Time": 598.252,
                                            "Actual Rows": 214950,
                                            "Actual Loops": 5,
                                            "Output": [
                                                "t.id",
                                                "mc.movie_id"
                                            ],
                                            "Hash Buckets": 2097152,
                                            "Original Hash Buckets": 2097152,
                                            "Hash Batches": 1,
                                            "Original Hash Batches": 1,
                                            "Peak Memory Usage": 58464,
                                            "Workers": [
                                                {
                                                    "Worker Number": 0,
                                                    "Actual Startup Time": 600.75,
                                                    "Actual Total Time": 600.754,
                                                    "Actual Rows": 212634,
                                                    "Actual Loops": 1
                                                },
                                                {
                                                    "Worker Number": 1,
                                                    "Actual Startup Time": 600.717,
                                                    "Actual Total Time": 600.72,
                                                    "Actual Rows": 213303,
                                                    "Actual Loops": 1
                                                },
                                                {
                                                    "Worker Number": 2,
                                                    "Actual Startup Time": 600.628,
                                                    "Actual Total Time": 600.632,
                                                    "Actual Rows": 212862,
                                                    "Actual Loops": 1
                                                },
                                                {
                                                    "Worker Number": 3,
                                                    "Actual Startup Time": 600.857,
                                                    "Actual Total Time": 600.861,
                                                    "Actual Rows": 211015,
                                                    "Actual Loops": 1
                                                }
                                            ],
                                            "Plans": [
                                                {
                                                    "Node Type": "Hash Join",
                                                    "Parent Relationship": "Outer",
                                                    "Parallel Aware": true,
                                                    "Join Type": "Inner",
                                                    "Startup Cost": 50219.81,
                                                    "Total Cost": 82650.12,
                                                    "Plan Rows": 386857,
                                                    "Plan Width": 8,
                                                    "Actual Startup Time": 363.533,
                                                    "Actual Total Time": 507.348,
                                                    "Actual Rows": 214950,
                                                    "Actual Loops": 5,
                                                    "Output": [
                                                        "t.id",
                                                        "mc.movie_id"
                                                    ],
                                                    "Inner Unique": true,
                                                    "Hash Cond": "(mc.movie_id = t.id)",
                                                    "Workers": [
                                                        {
                                                            "Worker Number": 0,
                                                            "Actual Startup Time": 363.504,
                                                            "Actual Total Time": 507.122,
                                                            "Actual Rows": 212634,
                                                            "Actual Loops": 1
                                                        },
                                                        {
                                                            "Worker Number": 1,
                                                            "Actual Startup Time": 363.513,
                                                            "Actual Total Time": 507.202,
                                                            "Actual Rows": 213303,
                                                            "Actual Loops": 1
                                                        },
                                                        {
                                                            "Worker Number": 2,
                                                            "Actual Startup Time": 363.506,
                                                            "Actual Total Time": 508.618,
                                                            "Actual Rows": 212862,
                                                            "Actual Loops": 1
                                                        },
                                                        {
                                                            "Worker Number": 3,
                                                            "Actual Startup Time": 363.502,
                                                            "Actual Total Time": 506.897,
                                                            "Actual Rows": 211015,
                                                            "Actual Loops": 1
                                                        }
                                                    ],
                                                    "Plans": [
                                                        {
                                                            "Node Type": "Seq Scan",
                                                            "Parent Relationship": "Outer",
                                                            "Parallel Aware": true,
                                                            "Relation Name": "movie_companies",
                                                            "Schema": "public",
                                                            "Alias": "mc",
                                                            "Startup Cost": 0.0,
                                                            "Total Cost": 31414.82,
                                                            "Plan Rows": 386857,
                                                            "Plan Width": 4,
                                                            "Actual Startup Time": 31.332,
                                                            "Actual Total Time": 77.415,
                                                            "Actual Rows": 214950,
                                                            "Actual Loops": 5,
                                                            "Output": [
                                                                "mc.id",
                                                                "mc.movie_id",
                                                                "mc.company_id",
                                                                "mc.company_type_id",
                                                                "mc.note"
                                                            ],
                                                            "Filter": "((mc.company_id < 99373) AND (mc.company_type_id > 1))",
                                                            "Rows Removed by Filter": 306876,
                                                            "Workers": [
                                                                {
                                                                    "Worker Number": 0,
                                                                    "Actual Startup Time": 31.312,
                                                                    "Actual Total Time": 78.062,
                                                                    "Actual Rows": 212634,
                                                                    "Actual Loops": 1
                                                                },
                                                                {
                                                                    "Worker Number": 1,
                                                                    "Actual Startup Time": 31.35,
                                                                    "Actual Total Time": 78.189,
                                                                    "Actual Rows": 213303,
                                                                    "Actual Loops": 1
                                                                },
                                                                {
                                                                    "Worker Number": 2,
                                                                    "Actual Startup Time": 31.344,
                                                                    "Actual Total Time": 78.135,
                                                                    "Actual Rows": 212862,
                                                                    "Actual Loops": 1
                                                                },
                                                                {
                                                                    "Worker Number": 3,
                                                                    "Actual Startup Time": 31.325,
                                                                    "Actual Total Time": 77.833,
                                                                    "Actual Rows": 211015,
                                                                    "Actual Loops": 1
                                                                }
                                                            ]
                                                        },
                                                        {
                                                            "Node Type": "Hash",
                                                            "Parent Relationship": "Inner",
                                                            "Parallel Aware": true,
                                                            "Startup Cost": 42318.81,
                                                            "Total Cost": 42318.81,
                                                            "Plan Rows": 632080,
                                                            "Plan Width": 4,
                                                            "Actual Startup Time": 325.718,
                                                            "Actual Total Time": 325.72,
                                                            "Actual Rows": 505662,
                                                            "Actual Loops": 5,
                                                            "Output": [
                                                                "t.id"
                                                            ],
                                                            "Hash Buckets": 4194304,
                                                            "Original Hash Buckets": 4194304,
                                                            "Hash Batches": 1,
                                                            "Original Hash Batches": 1,
                                                            "Peak Memory Usage": 131744,
                                                            "Workers": [
                                                                {
                                                                    "Worker Number": 0,
                                                                    "Actual Startup Time": 332.09,
                                                                    "Actual Total Time": 332.091,
                                                                    "Actual Rows": 482422,
                                                                    "Actual Loops": 1
                                                                },
                                                                {
                                                                    "Worker Number": 1,
                                                                    "Actual Startup Time": 332.108,
                                                                    "Actual Total Time": 332.109,
                                                                    "Actual Rows": 487161,
                                                                    "Actual Loops": 1
                                                                },
                                                                {
                                                                    "Worker Number": 2,
                                                                    "Actual Startup Time": 332.079,
                                                                    "Actual Total Time": 332.081,
                                                                    "Actual Rows": 484986,
                                                                    "Actual Loops": 1
                                                                },
                                                                {
                                                                    "Worker Number": 3,
                                                                    "Actual Startup Time": 332.046,
                                                                    "Actual Total Time": 332.047,
                                                                    "Actual Rows": 484446,
                                                                    "Actual Loops": 1
                                                                }
                                                            ],
                                                            "Plans": [
                                                                {
                                                                    "Node Type": "Seq Scan",
                                                                    "Parent Relationship": "Outer",
                                                                    "Parallel Aware": true,
                                                                    "Relation Name": "title",
                                                                    "Schema": "public",
                                                                    "Alias": "t",
                                                                    "Startup Cost": 0.0,
                                                                    "Total Cost": 42318.81,
                                                                    "Plan Rows": 632080,
                                                                    "Plan Width": 4,
                                                                    "Actual Startup Time": 0.042,
                                                                    "Actual Total Time": 95.936,
                                                                    "Actual Rows": 505662,
                                                                    "Actual Loops": 5,
                                                                    "Output": [
                                                                        "t.id"
                                                                    ],
                                                                    "Workers": [
                                                                        {
                                                                            "Worker Number": 0,
                                                                            "Actual Startup Time": 0.047,
                                                                            "Actual Total Time": 98.528,
                                                                            "Actual Rows": 482422,
                                                                            "Actual Loops": 1
                                                                        },
                                                                        {
                                                                            "Worker Number": 1,
                                                                            "Actual Startup Time": 0.048,
                                                                            "Actual Total Time": 98.993,
                                                                            "Actual Rows": 487161,
                                                                            "Actual Loops": 1
                                                                        },
                                                                        {
                                                                            "Worker Number": 2,
                                                                            "Actual Startup Time": 0.046,
                                                                            "Actual Total Time": 98.741,
                                                                            "Actual Rows": 484986,
                                                                            "Actual Loops": 1
                                                                        },
                                                                        {
                                                                            "Worker Number": 3,
                                                                            "Actual Startup Time": 0.057,
                                                                            "Actual Total Time": 98.762,
                                                                            "Actual Rows": 484446,
                                                                            "Actual Loops": 1
                                                                        }
                                                                    ]
                                                                }
                                                            ]
                                                        }
                                                    ]
                                                }
                                            ]
                                        }
                                    ]
                                }
                            ]
                        }
                    ]
                }
            ]
        },
        "Planning Time": 2141.631,
        "Triggers": [],
        "Execution Time": 887.589
    }
]