[
    {
        "Bao": {
            "Bao prediction": "NaN",
            "Bao recommended hint": "(no hint)"
        }
    },
    {
        "Plan": {
            "Node Type": "Aggregate",
            "Strategy": "Plain",
            "Partial Mode": "Finalize",
            "Parallel Aware": false,
            "Startup Cost": 32632.34,
            "Total Cost": 32632.35,
            "Plan Rows": 1,
            "Plan Width": 8,
            "Actual Startup Time": 88.527,
            "Actual Total Time": 93.439,
            "Actual Rows": 1,
            "Actual Loops": 1,
            "Output": [
                "count(*)"
            ],
            "Plans": [
                {
                    "Node Type": "Gather",
                    "Parent Relationship": "Outer",
                    "Parallel Aware": false,
                    "Startup Cost": 32632.02,
                    "Total Cost": 32632.33,
                    "Plan Rows": 3,
                    "Plan Width": 8,
                    "Actual Startup Time": 88.466,
                    "Actual Total Time": 93.432,
                    "Actual Rows": 4,
                    "Actual Loops": 1,
                    "Output": [
                        "(PARTIAL count(*))"
                    ],
                    "Workers Planned": 3,
                    "Workers Launched": 3,
                    "Single Copy": false,
                    "Plans": [
                        {
                            "Node Type": "Aggregate",
                            "Strategy": "Plain",
                            "Partial Mode": "Partial",
                            "Parent Relationship": "Outer",
                            "Parallel Aware": false,
                            "Startup Cost": 31632.02,
                            "Total Cost": 31632.03,
                            "Plan Rows": 1,
                            "Plan Width": 8,
                            "Actual Startup Time": 80.531,
                            "Actual Total Time": 80.533,
                            "Actual Rows": 1,
                            "Actual Loops": 4,
                            "Output": [
                                "PARTIAL count(*)"
                            ],
                            "Workers": [
                                {
                                    "Worker Number": 0,
                                    "Actual Startup Time": 78.032,
                                    "Actual Total Time": 78.033,
                                    "Actual Rows": 1,
                                    "Actual Loops": 1
                                },
                                {
                                    "Worker Number": 1,
                                    "Actual Startup Time": 78.022,
                                    "Actual Total Time": 78.023,
                                    "Actual Rows": 1,
                                    "Actual Loops": 1
                                },
                                {
                                    "Worker Number": 2,
                                    "Actual Startup Time": 77.884,
                                    "Actual Total Time": 77.885,
                                    "Actual Rows": 1,
                                    "Actual Loops": 1
                                }
                            ],
                            "Plans": [
                                {
                                    "Node Type": "Seq Scan",
                                    "Parent Relationship": "Outer",
                                    "Parallel Aware": true,
                                    "Relation Name": "movie_companies",
                                    "Schema": "public",
                                    "Alias": "mc",
                                    "Startup Cost": 0.0,
                                    "Total Cost": 31414.82,
                                    "Plan Rows": 86882,
                                    "Plan Width": 0,
                                    "Actual Startup Time": 41.998,
                                    "Actual Total Time": 74.593,
                                    "Actual Rows": 132172,
                                    "Actual Loops": 4,
                                    "Output": [
                                        "id",
                                        "movie_id",
                                        "company_id",
                                        "company_type_id",
                                        "note"
                                    ],
                                    "Filter": "((mc.company_id > 72818) AND (mc.company_type_id = 2))",
                                    "Rows Removed by Filter": 520111,
                                    "Workers": [
                                        {
                                            "Worker Number": 0,
                                            "Actual Startup Time": 39.499,
                                            "Actual Total Time": 72.195,
                                            "Actual Rows": 86780,
                                            "Actual Loops": 1
                                        },
                                        {
                                            "Worker Number": 1,
                                            "Actual Startup Time": 39.49,
                                            "Actual Total Time": 72.205,
                                            "Actual Rows": 140516,
                                            "Actual Loops": 1
                                        },
                                        {
                                            "Worker Number": 2,
                                            "Actual Startup Time": 39.356,
                                            "Actual Total Time": 72.318,
                                            "Actual Rows": 132826,
                                            "Actual Loops": 1
                                        }
                                    ]
                                }
                            ]
                        }
                    ]
                }
            ]
        },
        "Planning Time": 204.805,
        "Triggers": [],
        "Execution Time": 93.489
    }
]