[
  {
    "Plan": {
      "Node Type": "Aggregate",
      "Strategy": "Plain",
      "Partial Mode": "Finalize",
      "Parallel Aware": false,
      "Startup Cost": 426788.78,
      "Total Cost": 426788.79,
      "Plan Rows": 1,
      "Plan Width": 8,
      "Actual Startup Time": 2081.131,
      "Actual Total Time": 2150.378,
      "Actual Rows": 1,
      "Actual Loops": 1,
      "Plans": [
        {
          "Node Type": "Gather",
          "Parent Relationship": "Outer",
          "Parallel Aware": false,
          "Startup Cost": 426788.15,
          "Total Cost": 426788.76,
          "Plan Rows": 6,
          "Plan Width": 8,
          "Actual Startup Time": 2075.088,
          "Actual Total Time": 2150.367,
          "Actual Rows": 7,
          "Actual Loops": 1,
          "Workers Planned": 6,
          "Workers Launched": 6,
          "Single Copy": false,
          "Plans": [
            {
              "Node Type": "Aggregate",
              "Strategy": "Plain",
              "Partial Mode": "Partial",
              "Parent Relationship": "Outer",
              "Parallel Aware": false,
              "Startup Cost": 425788.15,
              "Total Cost": 425788.16,
              "Plan Rows": 1,
              "Plan Width": 8,
              "Actual Startup Time": 2062.753,
              "Actual Total Time": 2062.758,
              "Actual Rows": 1,
              "Actual Loops": 7,
              "Plans": [
                {
                  "Node Type": "Hash Join",
                  "Parent Relationship": "Outer",
                  "Parallel Aware": true,
                  "Join Type": "Inner",
                  "Startup Cost": 82169.04,
                  "Total Cost": 421833.36,
                  "Plan Rows": 1581916,
                  "Plan Width": 0,
                  "Actual Startup Time": 287.017,
                  "Actual Total Time": 1984.704,
                  "Actual Rows": 1518710,
                  "Actual Loops": 7,
                  "Inner Unique": false,
                  "Hash Cond": "(ci.movie_id = t.id)",
                  "Plans": [
                    {
                      "Node Type": "Seq Scan",
                      "Parent Relationship": "Outer",
                      "Parallel Aware": true,
                      "Relation Name": "cast_info",
                      "Alias": "ci",
                      "Startup Cost": 0.0,
                      "Total Cost": 313067.02,
                      "Plan Rows": 6038002,
                      "Plan Width": 4,
                      "Actual Startup Time": 0.034,
                      "Actual Total Time": 577.417,
                      "Actual Rows": 5177763,
                      "Actual Loops": 7
                    },
                    {
                      "Node Type": "Hash",
                      "Parent Relationship": "Inner",
                      "Parallel Aware": true,
                      "Startup Cost": 80099.06,
                      "Total Cost": 80099.06,
                      "Plan Rows": 165599,
                      "Plan Width": 8,
                      "Actual Startup Time": 283.4,
                      "Actual Total Time": 283.404,
                      "Actual Rows": 60788,
                      "Actual Loops": 7,
                      "Hash Buckets": 1048576,
                      "Original Hash Buckets": 1048576,
                      "Hash Batches": 1,
                      "Original Hash Batches": 1,
                      "Peak Memory Usage": 25024,
                      "Plans": [
                        {
                          "Node Type": "Hash Join",
                          "Parent Relationship": "Outer",
                          "Parallel Aware": true,
                          "Join Type": "Inner",
                          "Startup Cost": 34085.77,
                          "Total Cost": 80099.06,
                          "Plan Rows": 165599,
                          "Plan Width": 8,
                          "Actual Startup Time": 101.883,
                          "Actual Total Time": 250.481,
                          "Actual Rows": 60788,
                          "Actual Loops": 7,
                          "Inner Unique": false,
                          "Hash Cond": "(t.id = mc.movie_id)",
                          "Plans": [
                            {
                              "Node Type": "Seq Scan",
                              "Parent Relationship": "Outer",
                              "Parallel Aware": true,
                              "Relation Name": "title",
                              "Alias": "t",
                              "Startup Cost": 0.0,
                              "Total Cost": 42318.73,
                              "Plan Rows": 632073,
                              "Plan Width": 4,
                              "Actual Startup Time": 0.017,
                              "Actual Total Time": 58.433,
                              "Actual Rows": 361187,
                              "Actual Loops": 7
                            },
                            {
                              "Node Type": "Hash",
                              "Parent Relationship": "Inner",
                              "Parallel Aware": true,
                              "Startup Cost": 31414.82,
                              "Total Cost": 31414.82,
                              "Plan Rows": 213676,
                              "Plan Width": 4,
                              "Actual Startup Time": 100.17,
                              "Actual Total Time": 100.17,
                              "Actual Rows": 60788,
                              "Actual Loops": 7,
                              "Hash Buckets": 1048576,
                              "Original Hash Buckets": 1048576,
                              "Hash Batches": 1,
                              "Original Hash Batches": 1,
                              "Peak Memory Usage": 24992,
                              "Plans": [
                                {
                                  "Node Type": "Seq Scan",
                                  "Parent Relationship": "Outer",
                                  "Parallel Aware": true,
                                  "Relation Name": "movie_companies",
                                  "Alias": "mc",
                                  "Startup Cost": 0.0,
                                  "Total Cost": 31414.82,
                                  "Plan Rows": 213676,
                                  "Plan Width": 4,
                                  "Actual Startup Time": 43.06,
                                  "Actual Total Time": 67.257,
                                  "Actual Rows": 60788,
                                  "Actual Loops": 7,
                                  "Filter": "((company_id < 11286) AND (company_type_id = 2))",
                                  "Rows Removed by Filter": 311944
                                }
                              ]
                            }
                          ]
                        }
                      ]
                    }
                  ]
                }
              ]
            }
          ]
        }
      ]
    },
    "Planning Time": 1.361,
    "Triggers": [],
    "Execution Time": 2150.482
  }
]