{
    "Plan": {
        "Node Type": "Aggregate",
        "Strategy": "Plain",
        "Partial Mode": "Finalize",
        "Parallel Aware": false,
        "Startup Cost": 318127.13,
        "Total Cost": 318127.14,
        "Plan Rows": 1,
        "Plan Width": 8,
        "Actual Startup Time": 3417.728,
        "Actual Total Time": 3459.756,
        "Actual Rows": 1,
        "Actual Loops": 1,
        "Output": [
            "count(*)"
        ],
        "Plans": [
            {
                "Node Type": "Gather",
                "Parent Relationship": "Outer",
                "Parallel Aware": false,
                "Startup Cost": 318126.61,
                "Total Cost": 318127.12,
                "Plan Rows": 5,
                "Plan Width": 8,
                "Actual Startup Time": 3394.489,
                "Actual Total Time": 3459.744,
                "Actual Rows": 6,
                "Actual Loops": 1,
                "Output": [
                    "(PARTIAL count(*))"
                ],
                "Workers Planned": 5,
                "Workers Launched": 5,
                "Single Copy": false,
                "Plans": [
                    {
                        "Node Type": "Aggregate",
                        "Strategy": "Plain",
                        "Partial Mode": "Partial",
                        "Parent Relationship": "Outer",
                        "Parallel Aware": false,
                        "Startup Cost": 317126.61,
                        "Total Cost": 317126.62,
                        "Plan Rows": 1,
                        "Plan Width": 8,
                        "Actual Startup Time": 3374.916,
                        "Actual Total Time": 3375.405,
                        "Actual Rows": 1,
                        "Actual Loops": 6,
                        "Output": [
                            "PARTIAL count(*)"
                        ],
                        "Workers": [
                            {
                                "Worker Number": 0,
                                "Actual Startup Time": 3370.541,
                                "Actual Total Time": 3370.547,
                                "Actual Rows": 1,
                                "Actual Loops": 1
                            },
                            {
                                "Worker Number": 1,
                                "Actual Startup Time": 3370.612,
                                "Actual Total Time": 3370.618,
                                "Actual Rows": 1,
                                "Actual Loops": 1
                            },
                            {
                                "Worker Number": 2,
                                "Actual Startup Time": 3370.535,
                                "Actual Total Time": 3370.541,
                                "Actual Rows": 1,
                                "Actual Loops": 1
                            },
                            {
                                "Worker Number": 3,
                                "Actual Startup Time": 3373.624,
                                "Actual Total Time": 3373.629,
                                "Actual Rows": 1,
                                "Actual Loops": 1
                            },
                            {
                                "Worker Number": 4,
                                "Actual Startup Time": 3370.584,
                                "Actual Total Time": 3370.589,
                                "Actual Rows": 1,
                                "Actual Loops": 1
                            }
                        ],
                        "Plans": [
                            {
                                "Node Type": "Hash Join",
                                "Parent Relationship": "Outer",
                                "Parallel Aware": true,
                                "Join Type": "Inner",
                                "Startup Cost": 106076.84,
                                "Total Cost": 313834.32,
                                "Plan Rows": 1316914,
                                "Plan Width": 0,
                                "Actual Startup Time": 686.162,
                                "Actual Total Time": 2586.082,
                                "Actual Rows": 17898523,
                                "Actual Loops": 6,
                                "Inner Unique": false,
                                "Hash Cond": "(mi.movie_id = t.id)",
                                "Workers": [
                                    {
                                        "Worker Number": 0,
                                        "Actual Startup Time": 682.341,
                                        "Actual Total Time": 2590.879,
                                        "Actual Rows": 19348703,
                                        "Actual Loops": 1
                                    },
                                    {
                                        "Worker Number": 1,
                                        "Actual Startup Time": 682.302,
                                        "Actual Total Time": 2583.875,
                                        "Actual Rows": 16618093,
                                        "Actual Loops": 1
                                    },
                                    {
                                        "Worker Number": 2,
                                        "Actual Startup Time": 682.265,
                                        "Actual Total Time": 2581.259,
                                        "Actual Rows": 16720711,
                                        "Actual Loops": 1
                                    },
                                    {
                                        "Worker Number": 3,
                                        "Actual Startup Time": 682.381,
                                        "Actual Total Time": 2585.85,
                                        "Actual Rows": 16943807,
                                        "Actual Loops": 1
                                    },
                                    {
                                        "Worker Number": 4,
                                        "Actual Startup Time": 682.301,
                                        "Actual Total Time": 2581.935,
                                        "Actual Rows": 17281439,
                                        "Actual Loops": 1
                                    }
                                ],
                                "Plans": [
                                    {
                                        "Node Type": "Seq Scan",
                                        "Parent Relationship": "Outer",
                                        "Parallel Aware": true,
                                        "Relation Name": "movie_info",
                                        "Schema": "public",
                                        "Alias": "mi",
                                        "Startup Cost": 0.0,
                                        "Total Cost": 198880.74,
                                        "Plan Rows": 1234303,
                                        "Plan Width": 4,
                                        "Actual Startup Time": 18.899,
                                        "Actual Total Time": 343.191,
                                        "Actual Rows": 1037249,
                                        "Actual Loops": 6,
                                        "Output": [
                                            "mi.id",
                                            "mi.movie_id",
                                            "mi.info_type_id",
                                            "mi.info",
                                            "mi.note"
                                        ],
                                        "Filter": "(mi.info_type_id > 8)",
                                        "Rows Removed by Filter": 1435371,
                                        "Workers": [
                                            {
                                                "Worker Number": 0,
                                                "Actual Startup Time": 18.897,
                                                "Actual Total Time": 357.605,
                                                "Actual Rows": 1146721,
                                                "Actual Loops": 1
                                            },
                                            {
                                                "Worker Number": 1,
                                                "Actual Startup Time": 18.912,
                                                "Actual Total Time": 349.992,
                                                "Actual Rows": 928220,
                                                "Actual Loops": 1
                                            },
                                            {
                                                "Worker Number": 2,
                                                "Actual Startup Time": 18.901,
                                                "Actual Total Time": 354.874,
                                                "Actual Rows": 924714,
                                                "Actual Loops": 1
                                            },
                                            {
                                                "Worker Number": 3,
                                                "Actual Startup Time": 18.852,
                                                "Actual Total Time": 351.414,
                                                "Actual Rows": 940052,
                                                "Actual Loops": 1
                                            },
                                            {
                                                "Worker Number": 4,
                                                "Actual Startup Time": 18.915,
                                                "Actual Total Time": 352.762,
                                                "Actual Rows": 962164,
                                                "Actual Loops": 1
                                            }
                                        ]
                                    },
                                    {
                                        "Node Type": "Hash",
                                        "Parent Relationship": "Inner",
                                        "Parallel Aware": true,
                                        "Startup Cost": 95199.66,
                                        "Total Cost": 95199.66,
                                        "Plan Rows": 870174,
                                        "Plan Width": 8,
                                        "Actual Startup Time": 659.407,
                                        "Actual Total Time": 659.894,
                                        "Actual Rows": 449210,
                                        "Actual Loops": 6,
                                        "Output": [
                                            "t.id",
                                            "mk.movie_id"
                                        ],
                                        "Hash Buckets": 4194304,
                                        "Original Hash Buckets": 4194304,
                                        "Hash Batches": 1,
                                        "Original Hash Batches": 1,
                                        "Peak Memory Usage": 138272,
                                        "Workers": [
                                            {
                                                "Worker Number": 0,
                                                "Actual Startup Time": 662.431,
                                                "Actual Total Time": 662.436,
                                                "Actual Rows": 541030,
                                                "Actual Loops": 1
                                            },
                                            {
                                                "Worker Number": 1,
                                                "Actual Startup Time": 662.422,
                                                "Actual Total Time": 662.427,
                                                "Actual Rows": 378609,
                                                "Actual Loops": 1
                                            },
                                            {
                                                "Worker Number": 2,
                                                "Actual Startup Time": 662.415,
                                                "Actual Total Time": 662.418,
                                                "Actual Rows": 378951,
                                                "Actual Loops": 1
                                            },
                                            {
                                                "Worker Number": 3,
                                                "Actual Startup Time": 662.322,
                                                "Actual Total Time": 662.326,
                                                "Actual Rows": 378661,
                                                "Actual Loops": 1
                                            },
                                            {
                                                "Worker Number": 4,
                                                "Actual Startup Time": 662.499,
                                                "Actual Total Time": 662.503,
                                                "Actual Rows": 379242,
                                                "Actual Loops": 1
                                            }
                                        ],
                                        "Plans": [
                                            {
                                                "Node Type": "Hash Join",
                                                "Parent Relationship": "Outer",
                                                "Parallel Aware": true,
                                                "Join Type": "Inner",
                                                "Startup Cost": 50219.81,
                                                "Total Cost": 95199.66,
                                                "Plan Rows": 870174,
                                                "Plan Width": 8,
                                                "Actual Startup Time": 294.274,
                                                "Actual Total Time": 516.759,
                                                "Actual Rows": 449210,
                                                "Actual Loops": 6,
                                                "Output": [
                                                    "t.id",
                                                    "mk.movie_id"
                                                ],
                                                "Inner Unique": true,
                                                "Hash Cond": "(mk.movie_id = t.id)",
                                                "Workers": [
                                                    {
                                                        "Worker Number": 0,
                                                        "Actual Startup Time": 294.264,
                                                        "Actual Total Time": 516.953,
                                                        "Actual Rows": 541030,
                                                        "Actual Loops": 1
                                                    },
                                                    {
                                                        "Worker Number": 1,
                                                        "Actual Startup Time": 294.264,
                                                        "Actual Total Time": 516.855,
                                                        "Actual Rows": 378609,
                                                        "Actual Loops": 1
                                                    },
                                                    {
                                                        "Worker Number": 2,
                                                        "Actual Startup Time": 294.258,
                                                        "Actual Total Time": 517.246,
                                                        "Actual Rows": 378951,
                                                        "Actual Loops": 1
                                                    },
                                                    {
                                                        "Worker Number": 3,
                                                        "Actual Startup Time": 294.267,
                                                        "Actual Total Time": 520.067,
                                                        "Actual Rows": 378661,
                                                        "Actual Loops": 1
                                                    },
                                                    {
                                                        "Worker Number": 4,
                                                        "Actual Startup Time": 294.224,
                                                        "Actual Total Time": 516.791,
                                                        "Actual Rows": 379242,
                                                        "Actual Loops": 1
                                                    }
                                                ],
                                                "Plans": [
                                                    {
                                                        "Node Type": "Seq Scan",
                                                        "Parent Relationship": "Outer",
                                                        "Parallel Aware": true,
                                                        "Relation Name": "movie_keyword",
                                                        "Schema": "public",
                                                        "Alias": "mk",
                                                        "Startup Cost": 0.0,
                                                        "Total Cost": 42695.65,
                                                        "Plan Rows": 870174,
                                                        "Plan Width": 4,
                                                        "Actual Startup Time": 0.131,
                                                        "Actual Total Time": 112.641,
                                                        "Actual Rows": 449210,
                                                        "Actual Loops": 6,
                                                        "Output": [
                                                            "mk.id",
                                                            "mk.movie_id",
                                                            "mk.keyword_id"
                                                        ],
                                                        "Filter": "(mk.keyword_id > 3007)",
                                                        "Rows Removed by Filter": 304778,
                                                        "Workers": [
                                                            {
                                                                "Worker Number": 0,
                                                                "Actual Startup Time": 0.088,
                                                                "Actual Total Time": 115.234,
                                                                "Actual Rows": 541030,
                                                                "Actual Loops": 1
                                                            },
                                                            {
                                                                "Worker Number": 1,
                                                                "Actual Startup Time": 0.21,
                                                                "Actual Total Time": 115.51,
                                                                "Actual Rows": 378609,
                                                                "Actual Loops": 1
                                                            },
                                                            {
                                                                "Worker Number": 2,
                                                                "Actual Startup Time": 0.058,
                                                                "Actual Total Time": 115.408,
                                                                "Actual Rows": 378951,
                                                                "Actual Loops": 1
                                                            },
                                                            {
                                                                "Worker Number": 3,
                                                                "Actual Startup Time": 0.061,
                                                                "Actual Total Time": 115.97,
                                                                "Actual Rows": 378661,
                                                                "Actual Loops": 1
                                                            },
                                                            {
                                                                "Worker Number": 4,
                                                                "Actual Startup Time": 0.137,
                                                                "Actual Total Time": 116.456,
                                                                "Actual Rows": 379242,
                                                                "Actual Loops": 1
                                                            }
                                                        ]
                                                    },
                                                    {
                                                        "Node Type": "Hash",
                                                        "Parent Relationship": "Inner",
                                                        "Parallel Aware": true,
                                                        "Startup Cost": 42318.81,
                                                        "Total Cost": 42318.81,
                                                        "Plan Rows": 632080,
                                                        "Plan Width": 4,
                                                        "Actual Startup Time": 290.217,
                                                        "Actual Total Time": 290.218,
                                                        "Actual Rows": 421385,
                                                        "Actual Loops": 6,
                                                        "Output": [
                                                            "t.id"
                                                        ],
                                                        "Hash Buckets": 4194304,
                                                        "Original Hash Buckets": 4194304,
                                                        "Hash Batches": 1,
                                                        "Original Hash Batches": 1,
                                                        "Peak Memory Usage": 131776,
                                                        "Workers": [
                                                            {
                                                                "Worker Number": 0,
                                                                "Actual Startup Time": 293.907,
                                                                "Actual Total Time": 293.908,
                                                                "Actual Rows": 464245,
                                                                "Actual Loops": 1
                                                            },
                                                            {
                                                                "Worker Number": 1,
                                                                "Actual Startup Time": 293.938,
                                                                "Actual Total Time": 293.939,
                                                                "Actual Rows": 356965,
                                                                "Actual Loops": 1
                                                            },
                                                            {
                                                                "Worker Number": 2,
                                                                "Actual Startup Time": 293.903,
                                                                "Actual Total Time": 293.904,
                                                                "Actual Rows": 358122,
                                                                "Actual Loops": 1
                                                            },
                                                            {
                                                                "Worker Number": 3,
                                                                "Actual Startup Time": 293.91,
                                                                "Actual Total Time": 293.911,
                                                                "Actual Rows": 356928,
                                                                "Actual Loops": 1
                                                            },
                                                            {
                                                                "Worker Number": 4,
                                                                "Actual Startup Time": 293.836,
                                                                "Actual Total Time": 293.838,
                                                                "Actual Rows": 359318,
                                                                "Actual Loops": 1
                                                            }
                                                        ],
                                                        "Plans": [
                                                            {
                                                                "Node Type": "Seq Scan",
                                                                "Parent Relationship": "Outer",
                                                                "Parallel Aware": true,
                                                                "Relation Name": "title",
                                                                "Schema": "public",
                                                                "Alias": "t",
                                                                "Startup Cost": 0.0,
                                                                "Total Cost": 42318.81,
                                                                "Plan Rows": 632080,
                                                                "Plan Width": 4,
                                                                "Actual Startup Time": 0.061,
                                                                "Actual Total Time": 88.03,
                                                                "Actual Rows": 421385,
                                                                "Actual Loops": 6,
                                                                "Output": [
                                                                    "t.id"
                                                                ],
                                                                "Workers": [
                                                                    {
                                                                        "Worker Number": 0,
                                                                        "Actual Startup Time": 0.072,
                                                                        "Actual Total Time": 88.078,
                                                                        "Actual Rows": 464245,
                                                                        "Actual Loops": 1
                                                                    },
                                                                    {
                                                                        "Worker Number": 1,
                                                                        "Actual Startup Time": 0.072,
                                                                        "Actual Total Time": 92.439,
                                                                        "Actual Rows": 356965,
                                                                        "Actual Loops": 1
                                                                    },
                                                                    {
                                                                        "Worker Number": 2,
                                                                        "Actual Startup Time": 0.065,
                                                                        "Actual Total Time": 92.062,
                                                                        "Actual Rows": 358122,
                                                                        "Actual Loops": 1
                                                                    },
                                                                    {
                                                                        "Worker Number": 3,
                                                                        "Actual Startup Time": 0.073,
                                                                        "Actual Total Time": 92.278,
                                                                        "Actual Rows": 356928,
                                                                        "Actual Loops": 1
                                                                    },
                                                                    {
                                                                        "Worker Number": 4,
                                                                        "Actual Startup Time": 0.069,
                                                                        "Actual Total Time": 92.888,
                                                                        "Actual Rows": 359318,
                                                                        "Actual Loops": 1
                                                                    }
                                                                ]
                                                            }
                                                        ]
                                                    }
                                                ]
                                            }
                                        ]
                                    }
                                ]
                            }
                        ]
                    }
                ]
            }
        ]
    },
    "Planning Time": 1.543,
    "Triggers": [],
    "Execution Time": 3459.842
}