{
  "Plan": {
    "Node Type": "Aggregate",
    "Strategy": "Plain",
    "Partial Mode": "Finalize",
    "Parallel Aware": false,
    "Startup Cost": 121570.69,
    "Total Cost": 121570.7,
    "Plan Rows": 1,
    "Plan Width": 8,
    "Actual Startup Time": 544.335,
    "Actual Total Time": 563.341,
    "Actual Rows": 1,
    "Actual Loops": 1,
    "Plans": [
      {
        "Node Type": "Gather",
        "Parent Relationship": "Outer",
        "Parallel Aware": false,
        "Startup Cost": 121570.58,
        "Total Cost": 121570.69,
        "Plan Rows": 1,
        "Plan Width": 8,
        "Actual Startup Time": 543.423,
        "Actual Total Time": 563.334,
        "Actual Rows": 2,
        "Actual Loops": 1,
        "Workers Planned": 1,
        "Workers Launched": 1,
        "Single Copy": false,
        "Plans": [
          {
            "Node Type": "Aggregate",
            "Strategy": "Plain",
            "Partial Mode": "Partial",
            "Parent Relationship": "Outer",
            "Parallel Aware": false,
            "Startup Cost": 120570.58,
            "Total Cost": 120570.59,
            "Plan Rows": 1,
            "Plan Width": 8,
            "Actual Startup Time": 537.657,
            "Actual Total Time": 537.661,
            "Actual Rows": 1,
            "Actual Loops": 2,
            "Plans": [
              {
                "Node Type": "Hash Join",
                "Parent Relationship": "Outer",
                "Parallel Aware": true,
                "Join Type": "Inner",
                "Startup Cost": 58970.26,
                "Total Cost": 120442.9,
                "Plan Rows": 51069,
                "Plan Width": 0,
                "Actual Startup Time": 185.708,
                "Actual Total Time": 528.592,
                "Actual Rows": 182234,
                "Actual Loops": 2,
                "Inner Unique": true,
                "Hash Cond": "(mk.movie_id = t.id)",
                "Plans": [
                  {
                    "Node Type": "Seq Scan",
                    "Parent Relationship": "Outer",
                    "Parallel Aware": true,
                    "Relation Name": "movie_keyword",
                    "Alias": "mk",
                    "Startup Cost": 0.0,
                    "Total Cost": 57718.19,
                    "Plan Rows": 1430265,
                    "Plan Width": 4,
                    "Actual Startup Time": 0.017,
                    "Actual Total Time": 218.442,
                    "Actual Rows": 1217060,
                    "Actual Loops": 2,
                    "Filter": "(keyword_id < 5772)",
                    "Rows Removed by Filter": 1044904
                  },
                  {
                    "Node Type": "Hash",
                    "Parent Relationship": "Inner",
                    "Parallel Aware": true,
                    "Startup Cost": 58306.47,
                    "Total Cost": 58306.47,
                    "Plan Rows": 53103,
                    "Plan Width": 4,
                    "Actual Startup Time": 182.929,
                    "Actual Total Time": 182.93,
                    "Actual Rows": 97486,
                    "Actual Loops": 2,
                    "Hash Buckets": 262144,
                    "Original Hash Buckets": 131072,
                    "Hash Batches": 1,
                    "Original Hash Batches": 1,
                    "Peak Memory Usage": 10752,
                    "Plans": [
                      {
                        "Node Type": "Seq Scan",
                        "Parent Relationship": "Outer",
                        "Parallel Aware": true,
                        "Relation Name": "title",
                        "Alias": "t",
                        "Startup Cost": 0.0,
                        "Total Cost": 58306.47,
                        "Plan Rows": 53103,
                        "Plan Width": 4,
                        "Actual Startup Time": 0.313,
                        "Actual Total Time": 157.152,
                        "Actual Rows": 97486,
                        "Actual Loops": 2,
                        "Filter": "((kind_id < 7) AND (production_year < 1960))",
                        "Rows Removed by Filter": 1166670
                      }
                    ]
                  }
                ]
              }
            ]
          }
        ]
      }
    ]
  },
  "Planning Time": 0.435,
  "Triggers": [],
  "Execution Time": 563.41
}