[
  {
    "Plan": {
      "Node Type": "Aggregate",
      "Strategy": "Plain",
      "Partial Mode": "Simple",
      "Parallel Aware": false,
      "Startup Cost": 38431.6,
      "Total Cost": 38431.61,
      "Plan Rows": 1,
      "Plan Width": 64,
      "Actual Startup Time": 1124.051,
      "Actual Total Time": 1256.525,
      "Actual Rows": 1,
      "Actual Loops": 1,
      "Plans": [
        {
          "Node Type": "Gather",
          "Parent Relationship": "Outer",
          "Parallel Aware": false,
          "Startup Cost": 5774.43,
          "Total Cost": 38431.59,
          "Plan Rows": 1,
          "Plan Width": 33,
          "Actual Startup Time": 151.696,
          "Actual Total Time": 1256.47,
          "Actual Rows": 62,
          "Actual Loops": 1,
          "Workers Planned": 3,
          "Workers Launched": 3,
          "Single Copy": false,
          "Plans": [
            {
              "Node Type": "Nested Loop",
              "Parent Relationship": "Outer",
              "Parallel Aware": false,
              "Join Type": "Inner",
              "Startup Cost": 4774.43,
              "Total Cost": 37431.49,
              "Plan Rows": 1,
              "Plan Width": 33,
              "Actual Startup Time": 479.057,
              "Actual Total Time": 1113.941,
              "Actual Rows": 16,
              "Actual Loops": 4,
              "Inner Unique": true,
              "Plans": [
                {
                  "Node Type": "Nested Loop",
                  "Parent Relationship": "Outer",
                  "Parallel Aware": false,
                  "Join Type": "Inner",
                  "Startup Cost": 4774.0,
                  "Total Cost": 37429.19,
                  "Plan Rows": 3,
                  "Plan Width": 41,
                  "Actual Startup Time": 34.456,
                  "Actual Total Time": 1101.213,
                  "Actual Rows": 4345,
                  "Actual Loops": 4,
                  "Inner Unique": false,
                  "Plans": [
                    {
                      "Node Type": "Hash Join",
                      "Parent Relationship": "Outer",
                      "Parallel Aware": false,
                      "Join Type": "Inner",
                      "Startup Cost": 4773.58,
                      "Total Cost": 37428.02,
                      "Plan Rows": 1,
                      "Plan Width": 21,
                      "Actual Startup Time": 34.342,
                      "Actual Total Time": 1089.384,
                      "Actual Rows": 1860,
                      "Actual Loops": 4,
                      "Inner Unique": true,
                      "Hash Cond": "(ci.role_id = rt.id)",
                      "Plans": [
                        {
                          "Node Type": "Nested Loop",
                          "Parent Relationship": "Outer",
                          "Parallel Aware": false,
                          "Join Type": "Inner",
                          "Startup Cost": 4772.41,
                          "Total Cost": 37426.81,
                          "Plan Rows": 15,
                          "Plan Width": 25,
                          "Actual Startup Time": 33.849,
                          "Actual Total Time": 1087.874,
                          "Actual Rows": 4900,
                          "Actual Loops": 4,
                          "Inner Unique": false,
                          "Plans": [
                            {
                              "Node Type": "Nested Loop",
                              "Parent Relationship": "Outer",
                              "Parallel Aware": false,
                              "Join Type": "Inner",
                              "Startup Cost": 4771.85,
                              "Total Cost": 37114.37,
                              "Plan Rows": 161,
                              "Plan Width": 25,
                              "Actual Startup Time": 20.102,
                              "Actual Total Time": 240.519,
                              "Actual Rows": 12082,
                              "Actual Loops": 4,
                              "Inner Unique": true,
                              "Plans": [
                                {
                                  "Node Type": "Hash Join",
                                  "Parent Relationship": "Outer",
                                  "Parallel Aware": true,
                                  "Join Type": "Inner",
                                  "Startup Cost": 4771.42,
                                  "Total Cost": 36201.26,
                                  "Plan Rows": 161,
                                  "Plan Width": 4,
                                  "Actual Startup Time": 19.973,
                                  "Actual Total Time": 146.608,
                                  "Actual Rows": 12082,
                                  "Actual Loops": 4,
                                  "Inner Unique": true,
                                  "Hash Cond": "(mc.company_id = cn.id)",
                                  "Plans": [
                                    {
                                      "Node Type": "Seq Scan",
                                      "Parent Relationship": "Outer",
                                      "Parallel Aware": true,
                                      "Relation Name": "movie_companies",
                                      "Alias": "mc",
                                      "Startup Cost": 0.0,
                                      "Total Cost": 31414.82,
                                      "Plan Rows": 5724,
                                      "Plan Width": 8,
                                      "Actual Startup Time": 0.11,
                                      "Actual Total Time": 119.534,
                                      "Actual Rows": 12224,
                                      "Actual Loops": 4,
                                      "Filter": "((note ~~ '%(Japan)%'::text) AND (note !~~ '%(USA)%'::text))",
                                      "Rows Removed by Filter": 640058
                                    },
                                    {
                                      "Node Type": "Hash",
                                      "Parent Relationship": "Inner",
                                      "Parallel Aware": true,
                                      "Startup Cost": 4722.92,
                                      "Total Cost": 4722.92,
                                      "Plan Rows": 3880,
                                      "Plan Width": 4,
                                      "Actual Startup Time": 19.314,
                                      "Actual Total Time": 19.315,
                                      "Actual Rows": 1688,
                                      "Actual Loops": 4,
                                      "Hash Buckets": 8192,
                                      "Original Hash Buckets": 8192,
                                      "Hash Batches": 1,
                                      "Original Hash Batches": 1,
                                      "Peak Memory Usage": 416,
                                      "Plans": [
                                        {
                                          "Node Type": "Seq Scan",
                                          "Parent Relationship": "Outer",
                                          "Parallel Aware": true,
                                          "Relation Name": "company_name",
                                          "Alias": "cn",
                                          "Startup Cost": 0.0,
                                          "Total Cost": 4722.92,
                                          "Plan Rows": 3880,
                                          "Plan Width": 4,
                                          "Actual Startup Time": 0.067,
                                          "Actual Total Time": 18.084,
                                          "Actual Rows": 1688,
                                          "Actual Loops": 4,
                                          "Filter": "((country_code)::text = '[jp]'::text)",
                                          "Rows Removed by Filter": 57061
                                        }
                                      ]
                                    }
                                  ]
                                },
                                {
                                  "Node Type": "Index Scan",
                                  "Parent Relationship": "Inner",
                                  "Parallel Aware": false,
                                  "Scan Direction": "Forward",
                                  "Index Name": "title_pkey",
                                  "Relation Name": "title",
                                  "Alias": "t",
                                  "Startup Cost": 0.43,
                                  "Total Cost": 5.67,
                                  "Plan Rows": 1,
                                  "Plan Width": 21,
                                  "Actual Startup Time": 0.007,
                                  "Actual Total Time": 0.007,
                                  "Actual Rows": 1,
                                  "Actual Loops": 48328,
                                  "Index Cond": "(id = mc.movie_id)",
                                  "Rows Removed by Index Recheck": 0
                                }
                              ]
                            },
                            {
                              "Node Type": "Index Scan",
                              "Parent Relationship": "Inner",
                              "Parallel Aware": false,
                              "Scan Direction": "Forward",
                              "Index Name": "movie_id_cast_info",
                              "Relation Name": "cast_info",
                              "Alias": "ci",
                              "Startup Cost": 0.56,
                              "Total Cost": 1.93,
                              "Plan Rows": 1,
                              "Plan Width": 12,
                              "Actual Startup Time": 0.067,
                              "Actual Total Time": 0.07,
                              "Actual Rows": 0,
                              "Actual Loops": 48328,
                              "Index Cond": "(movie_id = t.id)",
                              "Rows Removed by Index Recheck": 0,
                              "Filter": "(note = '(voice: English version)'::text)",
                              "Rows Removed by Filter": 32
                            }
                          ]
                        },
                        {
                          "Node Type": "Hash",
                          "Parent Relationship": "Inner",
                          "Parallel Aware": false,
                          "Startup Cost": 1.15,
                          "Total Cost": 1.15,
                          "Plan Rows": 1,
                          "Plan Width": 4,
                          "Actual Startup Time": 0.068,
                          "Actual Total Time": 0.069,
                          "Actual Rows": 1,
                          "Actual Loops": 4,
                          "Hash Buckets": 1024,
                          "Original Hash Buckets": 1024,
                          "Hash Batches": 1,
                          "Original Hash Batches": 1,
                          "Peak Memory Usage": 9,
                          "Plans": [
                            {
                              "Node Type": "Seq Scan",
                              "Parent Relationship": "Outer",
                              "Parallel Aware": false,
                              "Relation Name": "role_type",
                              "Alias": "rt",
                              "Startup Cost": 0.0,
                              "Total Cost": 1.15,
                              "Plan Rows": 1,
                              "Plan Width": 4,
                              "Actual Startup Time": 0.045,
                              "Actual Total Time": 0.049,
                              "Actual Rows": 1,
                              "Actual Loops": 4,
                              "Filter": "((role)::text = 'actress'::text)",
                              "Rows Removed by Filter": 11
                            }
                          ]
                        }
                      ]
                    },
                    {
                      "Node Type": "Index Scan",
                      "Parent Relationship": "Inner",
                      "Parallel Aware": false,
                      "Scan Direction": "Forward",
                      "Index Name": "person_id_aka_name",
                      "Relation Name": "aka_name",
                      "Alias": "an1",
                      "Startup Cost": 0.42,
                      "Total Cost": 1.15,
                      "Plan Rows": 2,
                      "Plan Width": 20,
                      "Actual Startup Time": 0.005,
                      "Actual Total Time": 0.006,
                      "Actual Rows": 2,
                      "Actual Loops": 7438,
                      "Index Cond": "(person_id = ci.person_id)",
                      "Rows Removed by Index Recheck": 0
                    }
                  ]
                },
                {
                  "Node Type": "Index Scan",
                  "Parent Relationship": "Inner",
                  "Parallel Aware": false,
                  "Scan Direction": "Forward",
                  "Index Name": "name_pkey",
                  "Relation Name": "name",
                  "Alias": "n1",
                  "Startup Cost": 0.43,
                  "Total Cost": 0.77,
                  "Plan Rows": 1,
                  "Plan Width": 4,
                  "Actual Startup Time": 0.003,
                  "Actual Total Time": 0.003,
                  "Actual Rows": 0,
                  "Actual Loops": 17379,
                  "Index Cond": "(id = an1.person_id)",
                  "Rows Removed by Index Recheck": 0,
                  "Filter": "((name ~~ '%Yo%'::text) AND (name !~~ '%Yu%'::text))",
                  "Rows Removed by Filter": 1
                }
              ]
            }
          ]
        }
      ]
    },
    "Planning Time": 12.167,
    "Triggers": [],
    "Execution Time": 1257.126
  }
]