[
  {
    "Plan": {
      "Node Type": "Aggregate",
      "Strategy": "Plain",
      "Partial Mode": "Simple",
      "Parallel Aware": false,
      "Startup Cost": 39987.49,
      "Total Cost": 39987.5,
      "Plan Rows": 1,
      "Plan Width": 8,
      "Actual Startup Time": 58.091,
      "Actual Total Time": 58.093,
      "Actual Rows": 1,
      "Actual Loops": 1,
      "Plans": [
        {
          "Node Type": "Bitmap Heap Scan",
          "Parent Relationship": "Outer",
          "Parallel Aware": false,
          "Relation Name": "title",
          "Alias": "t",
          "Startup Cost": 2167.34,
          "Total Cost": 39987.07,
          "Plan Rows": 168,
          "Plan Width": 0,
          "Actual Startup Time": 27.087,
          "Actual Total Time": 58.08,
          "Actual Rows": 12,
          "Actual Loops": 1,
          "Recheck Cond": "(kind_id = 4)",
          "Rows Removed by Index Recheck": 0,
          "Filter": "(production_year > 2013)",
          "Rows Removed by Filter": 118222,
          "Exact Heap Blocks": 12711,
          "Lossy Heap Blocks": 0,
          "Plans": [
            {
              "Node Type": "Bitmap Index Scan",
              "Parent Relationship": "Outer",
              "Parallel Aware": false,
              "Index Name": "kind_id_title",
              "Startup Cost": 0.0,
              "Total Cost": 2167.3,
              "Plan Rows": 121449,
              "Plan Width": 0,
              "Actual Startup Time": 15.509,
              "Actual Total Time": 15.51,
              "Actual Rows": 118234,
              "Actual Loops": 1,
              "Index Cond": "(kind_id = 4)"
            }
          ]
        }
      ]
    },
    "Planning Time": 0.15,
    "Triggers": [],
    "Execution Time": 58.147
  }
]