{
  "Plan": {
    "Node Type": "Aggregate",
    "Strategy": "Plain",
    "Partial Mode": "Finalize",
    "Parallel Aware": false,
    "Startup Cost": 97099.16,
    "Total Cost": 97099.17,
    "Plan Rows": 1,
    "Plan Width": 8,
    "Actual Startup Time": 281.43,
    "Actual Total Time": 292.839,
    "Actual Rows": 1,
    "Actual Loops": 1,
    "Plans": [
      {
        "Node Type": "Gather",
        "Parent Relationship": "Outer",
        "Parallel Aware": false,
        "Startup Cost": 97099.05,
        "Total Cost": 97099.16,
        "Plan Rows": 1,
        "Plan Width": 8,
        "Actual Startup Time": 280.849,
        "Actual Total Time": 292.83,
        "Actual Rows": 2,
        "Actual Loops": 1,
        "Workers Planned": 1,
        "Workers Launched": 1,
        "Single Copy": false,
        "Plans": [
          {
            "Node Type": "Aggregate",
            "Strategy": "Plain",
            "Partial Mode": "Partial",
            "Parent Relationship": "Outer",
            "Parallel Aware": false,
            "Startup Cost": 96099.05,
            "Total Cost": 96099.06,
            "Plan Rows": 1,
            "Plan Width": 8,
            "Actual Startup Time": 277.549,
            "Actual Total Time": 277.554,
            "Actual Rows": 1,
            "Actual Loops": 2,
            "Plans": [
              {
                "Node Type": "Hash Join",
                "Parent Relationship": "Outer",
                "Parallel Aware": true,
                "Join Type": "Inner",
                "Startup Cost": 61950.28,
                "Total Cost": 96041.91,
                "Plan Rows": 22854,
                "Plan Width": 0,
                "Actual Startup Time": 131.085,
                "Actual Total Time": 276.589,
                "Actual Rows": 14838,
                "Actual Loops": 2,
                "Inner Unique": true,
                "Hash Cond": "(mk.movie_id = t.id)",
                "Plans": [
                  {
                    "Node Type": "Bitmap Heap Scan",
                    "Parent Relationship": "Outer",
                    "Parallel Aware": true,
                    "Relation Name": "movie_keyword",
                    "Alias": "mk",
                    "Startup Cost": 22979.53,
                    "Total Cost": 55398.51,
                    "Plan Rows": 637199,
                    "Plan Width": 4,
                    "Actual Startup Time": 69.111,
                    "Actual Total Time": 161.07,
                    "Actual Rows": 542257,
                    "Actual Loops": 2,
                    "Recheck Cond": "(keyword_id > 16302)",
                    "Rows Removed by Index Recheck": 0,
                    "Exact Heap Blocks": 11676,
                    "Lossy Heap Blocks": 0,
                    "Plans": [
                      {
                        "Node Type": "Bitmap Index Scan",
                        "Parent Relationship": "Outer",
                        "Parallel Aware": false,
                        "Index Name": "keyword_id_movie_keyword",
                        "Startup Cost": 0.0,
                        "Total Cost": 22708.72,
                        "Plan Rows": 1083238,
                        "Plan Width": 0,
                        "Actual Startup Time": 65.473,
                        "Actual Total Time": 65.474,
                        "Actual Rows": 1084514,
                        "Actual Loops": 1,
                        "Index Cond": "(keyword_id > 16302)"
                      }
                    ]
                  },
                  {
                    "Node Type": "Hash",
                    "Parent Relationship": "Inner",
                    "Parallel Aware": true,
                    "Startup Cost": 38303.98,
                    "Total Cost": 38303.98,
                    "Plan Rows": 53342,
                    "Plan Width": 4,
                    "Actual Startup Time": 61.096,
                    "Actual Total Time": 61.097,
                    "Actual Rows": 45426,
                    "Actual Loops": 2,
                    "Hash Buckets": 131072,
                    "Original Hash Buckets": 131072,
                    "Hash Batches": 1,
                    "Original Hash Batches": 1,
                    "Peak Memory Usage": 4608,
                    "Plans": [
                      {
                        "Node Type": "Bitmap Heap Scan",
                        "Parent Relationship": "Outer",
                        "Parallel Aware": true,
                        "Relation Name": "title",
                        "Alias": "t",
                        "Startup Cost": 1639.21,
                        "Total Cost": 38303.98,
                        "Plan Rows": 53342,
                        "Plan Width": 4,
                        "Actual Startup Time": 11.637,
                        "Actual Total Time": 51.747,
                        "Actual Rows": 45426,
                        "Actual Loops": 2,
                        "Recheck Cond": "(kind_id = 2)",
                        "Rows Removed by Index Recheck": 0,
                        "Exact Heap Blocks": 19299,
                        "Lossy Heap Blocks": 0,
                        "Plans": [
                          {
                            "Node Type": "Bitmap Index Scan",
                            "Parent Relationship": "Outer",
                            "Parallel Aware": false,
                            "Index Name": "kind_id_title",
                            "Startup Cost": 0.0,
                            "Total Cost": 1616.54,
                            "Plan Rows": 90681,
                            "Plan Width": 0,
                            "Actual Startup Time": 9.473,
                            "Actual Total Time": 9.473,
                            "Actual Rows": 90852,
                            "Actual Loops": 1,
                            "Index Cond": "(kind_id = 2)"
                          }
                        ]
                      }
                    ]
                  }
                ]
              }
            ]
          }
        ]
      }
    ]
  },
  "Planning Time": 0.226,
  "Triggers": [],
  "Execution Time": 292.896
}