[
  {
    "Plan": {
      "Node Type": "Aggregate",
      "Strategy": "Plain",
      "Partial Mode": "Finalize",
      "Parallel Aware": false,
      "Startup Cost": 334649.75,
      "Total Cost": 334649.76,
      "Plan Rows": 1,
      "Plan Width": 8,
      "Actual Startup Time": 745.22,
      "Actual Total Time": 805.232,
      "Actual Rows": 1,
      "Actual Loops": 1,
      "Plans": [
        {
          "Node Type": "Gather",
          "Parent Relationship": "Outer",
          "Parallel Aware": false,
          "Startup Cost": 334649.12,
          "Total Cost": 334649.73,
          "Plan Rows": 6,
          "Plan Width": 8,
          "Actual Startup Time": 745.148,
          "Actual Total Time": 805.223,
          "Actual Rows": 7,
          "Actual Loops": 1,
          "Workers Planned": 6,
          "Workers Launched": 6,
          "Single Copy": false,
          "Plans": [
            {
              "Node Type": "Aggregate",
              "Strategy": "Plain",
              "Partial Mode": "Partial",
              "Parent Relationship": "Outer",
              "Parallel Aware": false,
              "Startup Cost": 333649.12,
              "Total Cost": 333649.13,
              "Plan Rows": 1,
              "Plan Width": 8,
              "Actual Startup Time": 734.924,
              "Actual Total Time": 734.925,
              "Actual Rows": 1,
              "Actual Loops": 7,
              "Plans": [
                {
                  "Node Type": "Seq Scan",
                  "Parent Relationship": "Outer",
                  "Parallel Aware": true,
                  "Relation Name": "cast_info",
                  "Alias": "ci",
                  "Startup Cost": 0.0,
                  "Total Cost": 328162.03,
                  "Plan Rows": 2194839,
                  "Plan Width": 0,
                  "Actual Startup Time": 0.049,
                  "Actual Total Time": 638.111,
                  "Actual Rows": 1881121,
                  "Actual Loops": 7,
                  "Filter": "(person_id < 1300213)",
                  "Rows Removed by Filter": 3296643
                }
              ]
            }
          ]
        }
      ]
    },
    "Planning Time": 0.183,
    "Triggers": [],
    "Execution Time": 805.3
  }
]