{
  "Plan": {
    "Node Type": "Aggregate",
    "Strategy": "Plain",
    "Partial Mode": "Finalize",
    "Parallel Aware": false,
    "Startup Cost": 128976.7,
    "Total Cost": 128976.71,
    "Plan Rows": 1,
    "Plan Width": 8,
    "Actual Startup Time": 1035.208,
    "Actual Total Time": 1056.834,
    "Actual Rows": 1,
    "Actual Loops": 1,
    "Plans": [
      {
        "Node Type": "Gather",
        "Parent Relationship": "Outer",
        "Parallel Aware": false,
        "Startup Cost": 128976.59,
        "Total Cost": 128976.7,
        "Plan Rows": 1,
        "Plan Width": 8,
        "Actual Startup Time": 1026.935,
        "Actual Total Time": 1056.825,
        "Actual Rows": 2,
        "Actual Loops": 1,
        "Workers Planned": 1,
        "Workers Launched": 1,
        "Single Copy": false,
        "Plans": [
          {
            "Node Type": "Aggregate",
            "Strategy": "Plain",
            "Partial Mode": "Partial",
            "Parent Relationship": "Outer",
            "Parallel Aware": false,
            "Startup Cost": 127976.59,
            "Total Cost": 127976.6,
            "Plan Rows": 1,
            "Plan Width": 8,
            "Actual Startup Time": 1015.623,
            "Actual Total Time": 1015.627,
            "Actual Rows": 1,
            "Actual Loops": 2,
            "Plans": [
              {
                "Node Type": "Hash Join",
                "Parent Relationship": "Outer",
                "Parallel Aware": true,
                "Join Type": "Inner",
                "Startup Cost": 92340.18,
                "Total Cost": 126390.43,
                "Plan Rows": 634463,
                "Plan Width": 0,
                "Actual Startup Time": 723.446,
                "Actual Total Time": 985.548,
                "Actual Rows": 540002,
                "Actual Loops": 2,
                "Inner Unique": true,
                "Hash Cond": "(mk.movie_id = t.id)",
                "Plans": [
                  {
                    "Node Type": "Bitmap Heap Scan",
                    "Parent Relationship": "Outer",
                    "Parallel Aware": true,
                    "Relation Name": "movie_keyword",
                    "Alias": "mk",
                    "Startup Cost": 22879.48,
                    "Total Cost": 55264.27,
                    "Plan Rows": 634463,
                    "Plan Width": 4,
                    "Actual Startup Time": 114.39,
                    "Actual Total Time": 230.77,
                    "Actual Rows": 540002,
                    "Actual Loops": 2,
                    "Recheck Cond": "(keyword_id > 16388)",
                    "Rows Removed by Index Recheck": 0,
                    "Exact Heap Blocks": 14445,
                    "Lossy Heap Blocks": 0,
                    "Plans": [
                      {
                        "Node Type": "Bitmap Index Scan",
                        "Parent Relationship": "Outer",
                        "Parallel Aware": false,
                        "Index Name": "keyword_id_movie_keyword",
                        "Startup Cost": 0.0,
                        "Total Cost": 22609.83,
                        "Plan Rows": 1078587,
                        "Plan Width": 0,
                        "Actual Startup Time": 108.602,
                        "Actual Total Time": 108.603,
                        "Actual Rows": 1080005,
                        "Actual Loops": 1,
                        "Index Cond": "(keyword_id > 16388)"
                      }
                    ]
                  },
                  {
                    "Node Type": "Hash",
                    "Parent Relationship": "Inner",
                    "Parallel Aware": true,
                    "Startup Cost": 50870.31,
                    "Total Cost": 50870.31,
                    "Plan Rows": 1487231,
                    "Plan Width": 4,
                    "Actual Startup Time": 587.606,
                    "Actual Total Time": 587.607,
                    "Actual Rows": 1264156,
                    "Actual Loops": 2,
                    "Hash Buckets": 4194304,
                    "Original Hash Buckets": 4194304,
                    "Hash Batches": 1,
                    "Original Hash Batches": 1,
                    "Peak Memory Usage": 131712,
                    "Plans": [
                      {
                        "Node Type": "Seq Scan",
                        "Parent Relationship": "Outer",
                        "Parallel Aware": true,
                        "Relation Name": "title",
                        "Alias": "t",
                        "Startup Cost": 0.0,
                        "Total Cost": 50870.31,
                        "Plan Rows": 1487231,
                        "Plan Width": 4,
                        "Actual Startup Time": 0.02,
                        "Actual Total Time": 176.924,
                        "Actual Rows": 1264156,
                        "Actual Loops": 2
                      }
                    ]
                  }
                ]
              }
            ]
          }
        ]
      }
    ]
  },
  "Planning Time": 0.652,
  "Triggers": [],
  "Execution Time": 1056.922
}