{
  "Plan": {
    "Node Type": "Aggregate",
    "Strategy": "Plain",
    "Partial Mode": "Finalize",
    "Parallel Aware": false,
    "Startup Cost": 109645.58,
    "Total Cost": 109645.59,
    "Plan Rows": 1,
    "Plan Width": 8,
    "Actual Startup Time": 773.74,
    "Actual Total Time": 789.401,
    "Actual Rows": 1,
    "Actual Loops": 1,
    "Plans": [
      {
        "Node Type": "Gather",
        "Parent Relationship": "Outer",
        "Parallel Aware": false,
        "Startup Cost": 109645.46,
        "Total Cost": 109645.57,
        "Plan Rows": 1,
        "Plan Width": 8,
        "Actual Startup Time": 769.794,
        "Actual Total Time": 789.391,
        "Actual Rows": 2,
        "Actual Loops": 1,
        "Workers Planned": 1,
        "Workers Launched": 1,
        "Single Copy": false,
        "Plans": [
          {
            "Node Type": "Aggregate",
            "Strategy": "Plain",
            "Partial Mode": "Partial",
            "Parent Relationship": "Outer",
            "Parallel Aware": false,
            "Startup Cost": 108645.46,
            "Total Cost": 108645.47,
            "Plan Rows": 1,
            "Plan Width": 8,
            "Actual Startup Time": 764.638,
            "Actual Total Time": 765.179,
            "Actual Rows": 1,
            "Actual Loops": 2,
            "Plans": [
              {
                "Node Type": "Hash Join",
                "Parent Relationship": "Outer",
                "Parallel Aware": true,
                "Join Type": "Inner",
                "Startup Cost": 65807.03,
                "Total Cost": 107295.37,
                "Plan Rows": 540036,
                "Plan Width": 0,
                "Actual Startup Time": 369.39,
                "Actual Total Time": 757.018,
                "Actual Rows": 161396,
                "Actual Loops": 2,
                "Inner Unique": true,
                "Hash Cond": "(mc.movie_id = t.id)",
                "Plans": [
                  {
                    "Node Type": "Seq Scan",
                    "Parent Relationship": "Outer",
                    "Parallel Aware": true,
                    "Relation Name": "movie_companies",
                    "Alias": "mc",
                    "Startup Cost": 0.0,
                    "Total Cost": 37974.77,
                    "Plan Rows": 1338499,
                    "Plan Width": 4,
                    "Actual Startup Time": 0.07,
                    "Actual Total Time": 144.379,
                    "Actual Rows": 1140058,
                    "Actual Loops": 2,
                    "Filter": "(company_id > 160)",
                    "Rows Removed by Filter": 164506
                  },
                  {
                    "Node Type": "Hash",
                    "Parent Relationship": "Inner",
                    "Parallel Aware": true,
                    "Startup Cost": 58306.47,
                    "Total Cost": 58306.47,
                    "Plan Rows": 600045,
                    "Plan Width": 4,
                    "Actual Startup Time": 360.171,
                    "Actual Total Time": 360.172,
                    "Actual Rows": 558990,
                    "Actual Loops": 2,
                    "Hash Buckets": 2097152,
                    "Original Hash Buckets": 1048576,
                    "Hash Batches": 1,
                    "Original Hash Batches": 1,
                    "Peak Memory Usage": 68320,
                    "Plans": [
                      {
                        "Node Type": "Seq Scan",
                        "Parent Relationship": "Outer",
                        "Parallel Aware": true,
                        "Relation Name": "title",
                        "Alias": "t",
                        "Startup Cost": 0.0,
                        "Total Cost": 58306.47,
                        "Plan Rows": 600045,
                        "Plan Width": 4,
                        "Actual Startup Time": 0.037,
                        "Actual Total Time": 184.444,
                        "Actual Rows": 558990,
                        "Actual Loops": 2,
                        "Filter": "((production_year > 1993) AND (kind_id = 7))",
                        "Rows Removed by Filter": 705166
                      }
                    ]
                  }
                ]
              }
            ]
          }
        ]
      }
    ]
  },
  "Planning Time": 0.584,
  "Triggers": [],
  "Execution Time": 789.467
}