{
  "Plan": {
    "Node Type": "Aggregate",
    "Strategy": "Plain",
    "Partial Mode": "Finalize",
    "Parallel Aware": false,
    "Startup Cost": 129654.96,
    "Total Cost": 129654.97,
    "Plan Rows": 1,
    "Plan Width": 8,
    "Actual Startup Time": 812.299,
    "Actual Total Time": 829.675,
    "Actual Rows": 1,
    "Actual Loops": 1,
    "Plans": [
      {
        "Node Type": "Gather",
        "Parent Relationship": "Outer",
        "Parallel Aware": false,
        "Startup Cost": 129654.84,
        "Total Cost": 129654.95,
        "Plan Rows": 1,
        "Plan Width": 8,
        "Actual Startup Time": 809.56,
        "Actual Total Time": 829.644,
        "Actual Rows": 2,
        "Actual Loops": 1,
        "Workers Planned": 1,
        "Workers Launched": 1,
        "Single Copy": false,
        "Plans": [
          {
            "Node Type": "Aggregate",
            "Strategy": "Plain",
            "Partial Mode": "Partial",
            "Parent Relationship": "Outer",
            "Parallel Aware": false,
            "Startup Cost": 128654.84,
            "Total Cost": 128654.85,
            "Plan Rows": 1,
            "Plan Width": 8,
            "Actual Startup Time": 801.239,
            "Actual Total Time": 801.242,
            "Actual Rows": 1,
            "Actual Loops": 2,
            "Plans": [
              {
                "Node Type": "Hash Join",
                "Parent Relationship": "Outer",
                "Parallel Aware": true,
                "Join Type": "Inner",
                "Startup Cost": 67362.99,
                "Total Cost": 125413.84,
                "Plan Rows": 1296403,
                "Plan Width": 0,
                "Actual Startup Time": 362.861,
                "Actual Total Time": 775.622,
                "Actual Rows": 612940,
                "Actual Loops": 2,
                "Inner Unique": true,
                "Hash Cond": "(mk.movie_id = t.id)",
                "Plans": [
                  {
                    "Node Type": "Seq Scan",
                    "Parent Relationship": "Outer",
                    "Parallel Aware": true,
                    "Relation Name": "movie_keyword",
                    "Alias": "mk",
                    "Startup Cost": 0.0,
                    "Total Cost": 51065.35,
                    "Plan Rows": 2661135,
                    "Plan Width": 4,
                    "Actual Startup Time": 0.013,
                    "Actual Total Time": 159.405,
                    "Actual Rows": 2261965,
                    "Actual Loops": 2
                  },
                  {
                    "Node Type": "Hash",
                    "Parent Relationship": "Inner",
                    "Parallel Aware": true,
                    "Startup Cost": 58306.47,
                    "Total Cost": 58306.47,
                    "Plan Rows": 724522,
                    "Plan Width": 4,
                    "Actual Startup Time": 347.781,
                    "Actual Total Time": 347.782,
                    "Actual Rows": 598687,
                    "Actual Loops": 2,
                    "Hash Buckets": 2097152,
                    "Original Hash Buckets": 2097152,
                    "Hash Batches": 1,
                    "Original Hash Batches": 1,
                    "Peak Memory Usage": 63264,
                    "Plans": [
                      {
                        "Node Type": "Seq Scan",
                        "Parent Relationship": "Outer",
                        "Parallel Aware": true,
                        "Relation Name": "title",
                        "Alias": "t",
                        "Startup Cost": 0.0,
                        "Total Cost": 58306.47,
                        "Plan Rows": 724522,
                        "Plan Width": 4,
                        "Actual Startup Time": 0.031,
                        "Actual Total Time": 175.736,
                        "Actual Rows": 598687,
                        "Actual Loops": 2,
                        "Filter": "((kind_id > 1) AND (production_year < 2008))",
                        "Rows Removed by Filter": 665469
                      }
                    ]
                  }
                ]
              }
            ]
          }
        ]
      }
    ]
  },
  "Planning Time": 0.645,
  "Triggers": [],
  "Execution Time": 829.738
}