[
  {
    "Plan": {
      "Node Type": "Aggregate",
      "Strategy": "Plain",
      "Partial Mode": "Finalize",
      "Parallel Aware": false,
      "Startup Cost": 46702.04,
      "Total Cost": 46702.05,
      "Plan Rows": 1,
      "Plan Width": 8,
      "Actual Startup Time": 184.9,
      "Actual Total Time": 196.134,
      "Actual Rows": 1,
      "Actual Loops": 1,
      "Plans": [
        {
          "Node Type": "Gather",
          "Parent Relationship": "Outer",
          "Parallel Aware": false,
          "Startup Cost": 46701.72,
          "Total Cost": 46702.03,
          "Plan Rows": 3,
          "Plan Width": 8,
          "Actual Startup Time": 184.659,
          "Actual Total Time": 196.126,
          "Actual Rows": 4,
          "Actual Loops": 1,
          "Workers Planned": 3,
          "Workers Launched": 3,
          "Single Copy": false,
          "Plans": [
            {
              "Node Type": "Aggregate",
              "Strategy": "Plain",
              "Partial Mode": "Partial",
              "Parent Relationship": "Outer",
              "Parallel Aware": false,
              "Startup Cost": 45701.72,
              "Total Cost": 45701.73,
              "Plan Rows": 1,
              "Plan Width": 8,
              "Actual Startup Time": 176.672,
              "Actual Total Time": 176.674,
              "Actual Rows": 1,
              "Actual Loops": 4,
              "Plans": [
                {
                  "Node Type": "Seq Scan",
                  "Parent Relationship": "Outer",
                  "Parallel Aware": true,
                  "Relation Name": "movie_keyword",
                  "Alias": "mk",
                  "Startup Cost": 0.0,
                  "Total Cost": 42695.65,
                  "Plan Rows": 1202427,
                  "Plan Width": 0,
                  "Actual Startup Time": 0.051,
                  "Actual Total Time": 131.439,
                  "Actual Rows": 932843,
                  "Actual Loops": 4,
                  "Filter": "(keyword_id < 23581)",
                  "Rows Removed by Filter": 198140
                }
              ]
            }
          ]
        }
      ]
    },
    "Planning Time": 0.185,
    "Triggers": [],
    "Execution Time": 196.186
  }
]