[
  {
    "Plan": {
      "Node Type": "Aggregate",
      "Strategy": "Plain",
      "Partial Mode": "Finalize",
      "Parallel Aware": false,
      "Startup Cost": 16716.23,
      "Total Cost": 16716.24,
      "Plan Rows": 1,
      "Plan Width": 8,
      "Actual Startup Time": 33.16,
      "Actual Total Time": 36.348,
      "Actual Rows": 1,
      "Actual Loops": 1,
      "Plans": [
        {
          "Node Type": "Gather",
          "Parent Relationship": "Outer",
          "Parallel Aware": false,
          "Startup Cost": 16716.01,
          "Total Cost": 16716.22,
          "Plan Rows": 2,
          "Plan Width": 8,
          "Actual Startup Time": 32.928,
          "Actual Total Time": 36.341,
          "Actual Rows": 3,
          "Actual Loops": 1,
          "Workers Planned": 2,
          "Workers Launched": 2,
          "Single Copy": false,
          "Plans": [
            {
              "Node Type": "Aggregate",
              "Strategy": "Plain",
              "Partial Mode": "Partial",
              "Parent Relationship": "Outer",
              "Parallel Aware": false,
              "Startup Cost": 15716.01,
              "Total Cost": 15716.02,
              "Plan Rows": 1,
              "Plan Width": 8,
              "Actual Startup Time": 24.995,
              "Actual Total Time": 24.997,
              "Actual Rows": 1,
              "Actual Loops": 3,
              "Plans": [
                {
                  "Node Type": "Nested Loop",
                  "Parent Relationship": "Outer",
                  "Parallel Aware": false,
                  "Join Type": "Inner",
                  "Startup Cost": 79.81,
                  "Total Cost": 15715.2,
                  "Plan Rows": 325,
                  "Plan Width": 0,
                  "Actual Startup Time": 1.272,
                  "Actual Total Time": 24.75,
                  "Actual Rows": 1571,
                  "Actual Loops": 3,
                  "Inner Unique": false,
                  "Plans": [
                    {
                      "Node Type": "Nested Loop",
                      "Parent Relationship": "Outer",
                      "Parallel Aware": false,
                      "Join Type": "Inner",
                      "Startup Cost": 79.38,
                      "Total Cost": 14626.55,
                      "Plan Rows": 714,
                      "Plan Width": 8,
                      "Actual Startup Time": 1.08,
                      "Actual Total Time": 15.261,
                      "Actual Rows": 1183,
                      "Actual Loops": 3,
                      "Inner Unique": true,
                      "Plans": [
                        {
                          "Node Type": "Bitmap Heap Scan",
                          "Parent Relationship": "Outer",
                          "Parallel Aware": true,
                          "Relation Name": "movie_companies",
                          "Alias": "mc",
                          "Startup Cost": 78.95,
                          "Total Cost": 8906.81,
                          "Plan Rows": 714,
                          "Plan Width": 4,
                          "Actual Startup Time": 0.92,
                          "Actual Total Time": 2.591,
                          "Actual Rows": 1183,
                          "Actual Loops": 3,
                          "Recheck Cond": "(company_id = 46)",
                          "Rows Removed by Index Recheck": 0,
                          "Filter": "(company_type_id < 2)",
                          "Rows Removed by Filter": 6,
                          "Exact Heap Blocks": 331,
                          "Lossy Heap Blocks": 0,
                          "Plans": [
                            {
                              "Node Type": "Bitmap Index Scan",
                              "Parent Relationship": "Outer",
                              "Parallel Aware": false,
                              "Index Name": "company_id_movie_companies",
                              "Startup Cost": 0.0,
                              "Total Cost": 78.52,
                              "Plan Rows": 3479,
                              "Plan Width": 0,
                              "Actual Startup Time": 2.292,
                              "Actual Total Time": 2.293,
                              "Actual Rows": 3567,
                              "Actual Loops": 1,
                              "Index Cond": "(company_id = 46)"
                            }
                          ]
                        },
                        {
                          "Node Type": "Index Only Scan",
                          "Parent Relationship": "Inner",
                          "Parallel Aware": false,
                          "Scan Direction": "Forward",
                          "Index Name": "title_pkey",
                          "Relation Name": "title",
                          "Alias": "t",
                          "Startup Cost": 0.43,
                          "Total Cost": 8.01,
                          "Plan Rows": 1,
                          "Plan Width": 4,
                          "Actual Startup Time": 0.01,
                          "Actual Total Time": 0.01,
                          "Actual Rows": 1,
                          "Actual Loops": 3549,
                          "Index Cond": "(id = mc.movie_id)",
                          "Rows Removed by Index Recheck": 0,
                          "Heap Fetches": 3549
                        }
                      ]
                    },
                    {
                      "Node Type": "Index Scan",
                      "Parent Relationship": "Inner",
                      "Parallel Aware": false,
                      "Scan Direction": "Forward",
                      "Index Name": "movie_id_movie_keyword",
                      "Relation Name": "movie_keyword",
                      "Alias": "mk",
                      "Startup Cost": 0.43,
                      "Total Cost": 1.4,
                      "Plan Rows": 12,
                      "Plan Width": 4,
                      "Actual Startup Time": 0.006,
                      "Actual Total Time": 0.007,
                      "Actual Rows": 1,
                      "Actual Loops": 3549,
                      "Index Cond": "(movie_id = t.id)",
                      "Rows Removed by Index Recheck": 0,
                      "Filter": "(keyword_id < 1382)",
                      "Rows Removed by Filter": 4
                    }
                  ]
                }
              ]
            }
          ]
        }
      ]
    },
    "Planning Time": 1.47,
    "Triggers": [],
    "Execution Time": 36.441
  }
]