[
  {
    "Plan": {
      "Node Type": "Aggregate",
      "Strategy": "Plain",
      "Partial Mode": "Finalize",
      "Parallel Aware": false,
      "Startup Cost": 46844.76,
      "Total Cost": 46844.77,
      "Plan Rows": 1,
      "Plan Width": 8,
      "Actual Startup Time": 173.122,
      "Actual Total Time": 182.9,
      "Actual Rows": 1,
      "Actual Loops": 1,
      "Plans": [
        {
          "Node Type": "Gather",
          "Parent Relationship": "Outer",
          "Parallel Aware": false,
          "Startup Cost": 46844.44,
          "Total Cost": 46844.75,
          "Plan Rows": 3,
          "Plan Width": 8,
          "Actual Startup Time": 172.913,
          "Actual Total Time": 182.891,
          "Actual Rows": 4,
          "Actual Loops": 1,
          "Workers Planned": 3,
          "Workers Launched": 3,
          "Single Copy": false,
          "Plans": [
            {
              "Node Type": "Aggregate",
              "Strategy": "Plain",
              "Partial Mode": "Partial",
              "Parent Relationship": "Outer",
              "Parallel Aware": false,
              "Startup Cost": 45844.44,
              "Total Cost": 45844.45,
              "Plan Rows": 1,
              "Plan Width": 8,
              "Actual Startup Time": 165.853,
              "Actual Total Time": 165.855,
              "Actual Rows": 1,
              "Actual Loops": 4,
              "Plans": [
                {
                  "Node Type": "Seq Scan",
                  "Parent Relationship": "Outer",
                  "Parallel Aware": true,
                  "Relation Name": "movie_keyword",
                  "Alias": "mk",
                  "Startup Cost": 0.0,
                  "Total Cost": 42695.65,
                  "Plan Rows": 1259514,
                  "Plan Width": 0,
                  "Actual Startup Time": 0.102,
                  "Actual Total Time": 123.305,
                  "Actual Rows": 973596,
                  "Actual Loops": 4,
                  "Filter": "(keyword_id > 490)",
                  "Rows Removed by Filter": 157387
                }
              ]
            }
          ]
        }
      ]
    },
    "Planning Time": 0.184,
    "Triggers": [],
    "Execution Time": 182.958
  }
]