[
    {
        "Bao": {
            "Bao prediction": "NaN",
            "Bao recommended hint": "(no hint)"
        }
    },
    {
        "Plan": {
            "Node Type": "Aggregate",
            "Strategy": "Plain",
            "Partial Mode": "Finalize",
            "Parallel Aware": false,
            "Startup Cost": 32994.36,
            "Total Cost": 32994.37,
            "Plan Rows": 1,
            "Plan Width": 8,
            "Actual Startup Time": 85.546,
            "Actual Total Time": 90.879,
            "Actual Rows": 1,
            "Actual Loops": 1,
            "Output": [
                "count(*)"
            ],
            "Plans": [
                {
                    "Node Type": "Gather",
                    "Parent Relationship": "Outer",
                    "Parallel Aware": false,
                    "Startup Cost": 32994.05,
                    "Total Cost": 32994.36,
                    "Plan Rows": 3,
                    "Plan Width": 8,
                    "Actual Startup Time": 85.204,
                    "Actual Total Time": 90.871,
                    "Actual Rows": 4,
                    "Actual Loops": 1,
                    "Output": [
                        "(PARTIAL count(*))"
                    ],
                    "Workers Planned": 3,
                    "Workers Launched": 3,
                    "Single Copy": false,
                    "Plans": [
                        {
                            "Node Type": "Aggregate",
                            "Strategy": "Plain",
                            "Partial Mode": "Partial",
                            "Parent Relationship": "Outer",
                            "Parallel Aware": false,
                            "Startup Cost": 31994.05,
                            "Total Cost": 31994.06,
                            "Plan Rows": 1,
                            "Plan Width": 8,
                            "Actual Startup Time": 76.426,
                            "Actual Total Time": 76.427,
                            "Actual Rows": 1,
                            "Actual Loops": 4,
                            "Output": [
                                "PARTIAL count(*)"
                            ],
                            "Workers": [
                                {
                                    "Worker Number": 0,
                                    "Actual Startup Time": 73.307,
                                    "Actual Total Time": 73.308,
                                    "Actual Rows": 1,
                                    "Actual Loops": 1
                                },
                                {
                                    "Worker Number": 1,
                                    "Actual Startup Time": 73.734,
                                    "Actual Total Time": 73.735,
                                    "Actual Rows": 1,
                                    "Actual Loops": 1
                                },
                                {
                                    "Worker Number": 2,
                                    "Actual Startup Time": 74.121,
                                    "Actual Total Time": 74.122,
                                    "Actual Rows": 1,
                                    "Actual Loops": 1
                                }
                            ],
                            "Plans": [
                                {
                                    "Node Type": "Bitmap Heap Scan",
                                    "Parent Relationship": "Outer",
                                    "Parallel Aware": true,
                                    "Relation Name": "movie_keyword",
                                    "Schema": "public",
                                    "Alias": "mk",
                                    "Startup Cost": 6139.55,
                                    "Total Cost": 31760.63,
                                    "Plan Rows": 93366,
                                    "Plan Width": 0,
                                    "Actual Startup Time": 14.343,
                                    "Actual Total Time": 71.973,
                                    "Actual Rows": 71547,
                                    "Actual Loops": 4,
                                    "Recheck Cond": "(mk.keyword_id > 55828)",
                                    "Rows Removed by Index Recheck": 0,
                                    "Exact Heap Blocks": 11214,
                                    "Lossy Heap Blocks": 0,
                                    "Workers": [
                                        {
                                            "Worker Number": 0,
                                            "Actual Startup Time": 11.27,
                                            "Actual Total Time": 69.646,
                                            "Actual Rows": 46963,
                                            "Actual Loops": 1
                                        },
                                        {
                                            "Worker Number": 1,
                                            "Actual Startup Time": 11.855,
                                            "Actual Total Time": 69.625,
                                            "Actual Rows": 40941,
                                            "Actual Loops": 1
                                        },
                                        {
                                            "Worker Number": 2,
                                            "Actual Startup Time": 12.041,
                                            "Actual Total Time": 70.206,
                                            "Actual Rows": 50720,
                                            "Actual Loops": 1
                                        }
                                    ],
                                    "Plans": [
                                        {
                                            "Node Type": "Bitmap Index Scan",
                                            "Parent Relationship": "Outer",
                                            "Parallel Aware": false,
                                            "Index Name": "keyword_id_movie_keyword",
                                            "Startup Cost": 0.0,
                                            "Total Cost": 6067.19,
                                            "Plan Rows": 289435,
                                            "Plan Width": 0,
                                            "Actual Startup Time": 19.04,
                                            "Actual Total Time": 19.041,
                                            "Actual Rows": 286188,
                                            "Actual Loops": 1,
                                            "Index Cond": "(mk.keyword_id > 55828)"
                                        }
                                    ]
                                }
                            ]
                        }
                    ]
                }
            ]
        },
        "Planning Time": 197.05,
        "Triggers": [],
        "Execution Time": 90.982
    }
]