[
  {
    "Plan": {
      "Node Type": "Aggregate",
      "Strategy": "Plain",
      "Partial Mode": "Simple",
      "Parallel Aware": false,
      "Startup Cost": 4938.89,
      "Total Cost": 4938.9,
      "Plan Rows": 1,
      "Plan Width": 64,
      "Actual Startup Time": 29.671,
      "Actual Total Time": 29.676,
      "Actual Rows": 1,
      "Actual Loops": 1,
      "Plans": [
        {
          "Node Type": "Nested Loop",
          "Parent Relationship": "Outer",
          "Parallel Aware": false,
          "Join Type": "Inner",
          "Startup Cost": 12.11,
          "Total Cost": 4938.89,
          "Plan Rows": 1,
          "Plan Width": 23,
          "Actual Startup Time": 3.302,
          "Actual Total Time": 29.666,
          "Actual Rows": 1,
          "Actual Loops": 1,
          "Inner Unique": true,
          "Join Filter": "(t.kind_id = kt.id)",
          "Rows Removed by Join Filter": 0,
          "Plans": [
            {
              "Node Type": "Nested Loop",
              "Parent Relationship": "Outer",
              "Parallel Aware": false,
              "Join Type": "Inner",
              "Startup Cost": 12.11,
              "Total Cost": 4937.79,
              "Plan Rows": 1,
              "Plan Width": 27,
              "Actual Startup Time": 3.267,
              "Actual Total Time": 29.629,
              "Actual Rows": 1,
              "Actual Loops": 1,
              "Inner Unique": true,
              "Join Filter": "(mi_idx.info_type_id = it2.id)",
              "Rows Removed by Join Filter": 0,
              "Plans": [
                {
                  "Node Type": "Nested Loop",
                  "Parent Relationship": "Outer",
                  "Parallel Aware": false,
                  "Join Type": "Inner",
                  "Startup Cost": 12.11,
                  "Total Cost": 4935.36,
                  "Plan Rows": 1,
                  "Plan Width": 31,
                  "Actual Startup Time": 3.242,
                  "Actual Total Time": 29.604,
                  "Actual Rows": 1,
                  "Actual Loops": 1,
                  "Inner Unique": false,
                  "Join Filter": "(t.id = mi_idx.movie_id)",
                  "Rows Removed by Join Filter": 0,
                  "Plans": [
                    {
                      "Node Type": "Nested Loop",
                      "Parent Relationship": "Outer",
                      "Parallel Aware": false,
                      "Join Type": "Inner",
                      "Startup Cost": 11.68,
                      "Total Cost": 4934.85,
                      "Plan Rows": 1,
                      "Plan Width": 33,
                      "Actual Startup Time": 3.126,
                      "Actual Total Time": 29.486,
                      "Actual Rows": 1,
                      "Actual Loops": 1,
                      "Inner Unique": true,
                      "Join Filter": "(mi.info_type_id = it1.id)",
                      "Rows Removed by Join Filter": 1,
                      "Plans": [
                        {
                          "Node Type": "Nested Loop",
                          "Parent Relationship": "Outer",
                          "Parallel Aware": false,
                          "Join Type": "Inner",
                          "Startup Cost": 11.68,
                          "Total Cost": 4932.43,
                          "Plan Rows": 1,
                          "Plan Width": 37,
                          "Actual Startup Time": 3.086,
                          "Actual Total Time": 29.425,
                          "Actual Rows": 2,
                          "Actual Loops": 1,
                          "Inner Unique": false,
                          "Join Filter": "(t.id = mi.movie_id)",
                          "Rows Removed by Join Filter": 0,
                          "Plans": [
                            {
                              "Node Type": "Nested Loop",
                              "Parent Relationship": "Outer",
                              "Parallel Aware": false,
                              "Join Type": "Inner",
                              "Startup Cost": 11.25,
                              "Total Cost": 4930.57,
                              "Plan Rows": 1,
                              "Plan Width": 29,
                              "Actual Startup Time": 2.432,
                              "Actual Total Time": 28.748,
                              "Actual Rows": 1,
                              "Actual Loops": 1,
                              "Inner Unique": true,
                              "Plans": [
                                {
                                  "Node Type": "Nested Loop",
                                  "Parent Relationship": "Outer",
                                  "Parallel Aware": false,
                                  "Join Type": "Inner",
                                  "Startup Cost": 10.82,
                                  "Total Cost": 4897.25,
                                  "Plan Rows": 67,
                                  "Plan Width": 4,
                                  "Actual Startup Time": 2.288,
                                  "Actual Total Time": 25.118,
                                  "Actual Rows": 52,
                                  "Actual Loops": 1,
                                  "Inner Unique": false,
                                  "Plans": [
                                    {
                                      "Node Type": "Seq Scan",
                                      "Parent Relationship": "Outer",
                                      "Parallel Aware": false,
                                      "Relation Name": "keyword",
                                      "Alias": "k",
                                      "Startup Cost": 0.0,
                                      "Total Cost": 2626.12,
                                      "Plan Rows": 2,
                                      "Plan Width": 4,
                                      "Actual Startup Time": 1.114,
                                      "Actual Total Time": 22.396,
                                      "Actual Rows": 1,
                                      "Actual Loops": 1,
                                      "Filter": "(keyword = ANY ('{murder-in-title,concierge}'::text[]))",
                                      "Rows Removed by Filter": 134169
                                    },
                                    {
                                      "Node Type": "Bitmap Heap Scan",
                                      "Parent Relationship": "Inner",
                                      "Parallel Aware": false,
                                      "Relation Name": "movie_keyword",
                                      "Alias": "mk",
                                      "Startup Cost": 10.82,
                                      "Total Cost": 1132.48,
                                      "Plan Rows": 308,
                                      "Plan Width": 8,
                                      "Actual Startup Time": 1.166,
                                      "Actual Total Time": 2.681,
                                      "Actual Rows": 52,
                                      "Actual Loops": 1,
                                      "Recheck Cond": "(keyword_id = k.id)",
                                      "Rows Removed by Index Recheck": 0,
                                      "Exact Heap Blocks": 50,
                                      "Lossy Heap Blocks": 0,
                                      "Plans": [
                                        {
                                          "Node Type": "Bitmap Index Scan",
                                          "Parent Relationship": "Outer",
                                          "Parallel Aware": false,
                                          "Index Name": "keyword_id_movie_keyword",
                                          "Startup Cost": 0.0,
                                          "Total Cost": 10.74,
                                          "Plan Rows": 308,
                                          "Plan Width": 0,
                                          "Actual Startup Time": 1.103,
                                          "Actual Total Time": 1.104,
                                          "Actual Rows": 52,
                                          "Actual Loops": 1,
                                          "Index Cond": "(keyword_id = k.id)"
                                        }
                                      ]
                                    }
                                  ]
                                },
                                {
                                  "Node Type": "Index Scan",
                                  "Parent Relationship": "Inner",
                                  "Parallel Aware": false,
                                  "Scan Direction": "Forward",
                                  "Index Name": "title_pkey",
                                  "Relation Name": "title",
                                  "Alias": "t",
                                  "Startup Cost": 0.43,
                                  "Total Cost": 0.5,
                                  "Plan Rows": 1,
                                  "Plan Width": 25,
                                  "Actual Startup Time": 0.068,
                                  "Actual Total Time": 0.068,
                                  "Actual Rows": 0,
                                  "Actual Loops": 52,
                                  "Index Cond": "(id = mk.movie_id)",
                                  "Rows Removed by Index Recheck": 0,
                                  "Filter": "((production_year > 2008) AND ((title ~~ '%murder%'::text) OR (title ~~ '%Murder%'::text) OR (title ~~ '%Mord%'::text)))",
                                  "Rows Removed by Filter": 1
                                }
                              ]
                            },
                            {
                              "Node Type": "Index Scan",
                              "Parent Relationship": "Inner",
                              "Parallel Aware": false,
                              "Scan Direction": "Forward",
                              "Index Name": "movie_id_movie_info",
                              "Relation Name": "movie_info",
                              "Alias": "mi",
                              "Startup Cost": 0.43,
                              "Total Cost": 1.8,
                              "Plan Rows": 5,
                              "Plan Width": 8,
                              "Actual Startup Time": 0.65,
                              "Actual Total Time": 0.671,
                              "Actual Rows": 2,
                              "Actual Loops": 1,
                              "Index Cond": "(movie_id = mk.movie_id)",
                              "Rows Removed by Index Recheck": 0,
                              "Filter": "(info = ANY ('{English,Bulgaria,Denish,Norwegian,Denmark,USA,German,Sweden,America,USA}'::text[]))",
                              "Rows Removed by Filter": 53
                            }
                          ]
                        },
                        {
                          "Node Type": "Seq Scan",
                          "Parent Relationship": "Inner",
                          "Parallel Aware": false,
                          "Relation Name": "info_type",
                          "Alias": "it1",
                          "Startup Cost": 0.0,
                          "Total Cost": 2.41,
                          "Plan Rows": 1,
                          "Plan Width": 4,
                          "Actual Startup Time": 0.022,
                          "Actual Total Time": 0.027,
                          "Actual Rows": 1,
                          "Actual Loops": 2,
                          "Filter": "((info)::text = 'countries'::text)",
                          "Rows Removed by Filter": 60
                        }
                      ]
                    },
                    {
                      "Node Type": "Index Scan",
                      "Parent Relationship": "Inner",
                      "Parallel Aware": false,
                      "Scan Direction": "Forward",
                      "Index Name": "movie_id_movie_info_idx",
                      "Relation Name": "movie_info_idx",
                      "Alias": "mi_idx",
                      "Startup Cost": 0.43,
                      "Total Cost": 0.5,
                      "Plan Rows": 1,
                      "Plan Width": 14,
                      "Actual Startup Time": 0.112,
                      "Actual Total Time": 0.114,
                      "Actual Rows": 1,
                      "Actual Loops": 1,
                      "Index Cond": "(movie_id = mk.movie_id)",
                      "Rows Removed by Index Recheck": 0,
                      "Filter": "(info > '6'::text)",
                      "Rows Removed by Filter": 2
                    }
                  ]
                },
                {
                  "Node Type": "Seq Scan",
                  "Parent Relationship": "Inner",
                  "Parallel Aware": false,
                  "Relation Name": "info_type",
                  "Alias": "it2",
                  "Startup Cost": 0.0,
                  "Total Cost": 2.41,
                  "Plan Rows": 1,
                  "Plan Width": 4,
                  "Actual Startup Time": 0.023,
                  "Actual Total Time": 0.023,
                  "Actual Rows": 1,
                  "Actual Loops": 1,
                  "Filter": "((info)::text = 'rating'::text)",
                  "Rows Removed by Filter": 100
                }
              ]
            },
            {
              "Node Type": "Seq Scan",
              "Parent Relationship": "Inner",
              "Parallel Aware": false,
              "Relation Name": "kind_type",
              "Alias": "kt",
              "Startup Cost": 0.0,
              "Total Cost": 1.09,
              "Plan Rows": 1,
              "Plan Width": 4,
              "Actual Startup Time": 0.033,
              "Actual Total Time": 0.034,
              "Actual Rows": 1,
              "Actual Loops": 1,
              "Filter": "((kind)::text = 'episode'::text)",
              "Rows Removed by Filter": 6
            }
          ]
        }
      ]
    },
    "Planning Time": 10.767,
    "Triggers": [],
    "Execution Time": 30.089
  }
]