[
  {
    "Plan": {
      "Node Type": "Aggregate",
      "Strategy": "Plain",
      "Partial Mode": "Finalize",
      "Parallel Aware": false,
      "Startup Cost": 339667.3,
      "Total Cost": 339667.31,
      "Plan Rows": 1,
      "Plan Width": 8,
      "Actual Startup Time": 397.117,
      "Actual Total Time": 454.83,
      "Actual Rows": 1,
      "Actual Loops": 1,
      "Plans": [
        {
          "Node Type": "Gather",
          "Parent Relationship": "Outer",
          "Parallel Aware": false,
          "Startup Cost": 339666.88,
          "Total Cost": 339667.29,
          "Plan Rows": 4,
          "Plan Width": 8,
          "Actual Startup Time": 397.0,
          "Actual Total Time": 454.819,
          "Actual Rows": 5,
          "Actual Loops": 1,
          "Workers Planned": 4,
          "Workers Launched": 4,
          "Single Copy": false,
          "Plans": [
            {
              "Node Type": "Aggregate",
              "Strategy": "Plain",
              "Partial Mode": "Partial",
              "Parent Relationship": "Outer",
              "Parallel Aware": false,
              "Startup Cost": 338666.88,
              "Total Cost": 338666.89,
              "Plan Rows": 1,
              "Plan Width": 8,
              "Actual Startup Time": 387.263,
              "Actual Total Time": 387.264,
              "Actual Rows": 1,
              "Actual Loops": 5,
              "Plans": [
                {
                  "Node Type": "Nested Loop",
                  "Parent Relationship": "Outer",
                  "Parallel Aware": false,
                  "Join Type": "Inner",
                  "Startup Cost": 0.56,
                  "Total Cost": 338387.2,
                  "Plan Rows": 111870,
                  "Plan Width": 0,
                  "Actual Startup Time": 0.361,
                  "Actual Total Time": 378.013,
                  "Actual Rows": 98022,
                  "Actual Loops": 5,
                  "Inner Unique": false,
                  "Plans": [
                    {
                      "Node Type": "Seq Scan",
                      "Parent Relationship": "Outer",
                      "Parallel Aware": true,
                      "Relation Name": "title",
                      "Alias": "t",
                      "Startup Cost": 0.0,
                      "Total Cost": 45479.1,
                      "Plan Rows": 7807,
                      "Plan Width": 4,
                      "Actual Startup Time": 0.041,
                      "Actual Total Time": 75.014,
                      "Actual Rows": 7498,
                      "Actual Loops": 5,
                      "Filter": "((kind_id > 2) AND (production_year = 1998))",
                      "Rows Removed by Filter": 498164
                    },
                    {
                      "Node Type": "Index Only Scan",
                      "Parent Relationship": "Inner",
                      "Parallel Aware": false,
                      "Scan Direction": "Forward",
                      "Index Name": "movie_id_cast_info",
                      "Relation Name": "cast_info",
                      "Alias": "ci",
                      "Startup Cost": 0.56,
                      "Total Cost": 37.15,
                      "Plan Rows": 37,
                      "Plan Width": 4,
                      "Actual Startup Time": 0.01,
                      "Actual Total Time": 0.038,
                      "Actual Rows": 13,
                      "Actual Loops": 37490,
                      "Index Cond": "(movie_id = t.id)",
                      "Rows Removed by Index Recheck": 0,
                      "Heap Fetches": 490108
                    }
                  ]
                }
              ]
            }
          ]
        }
      ]
    },
    "Planning Time": 0.582,
    "Triggers": [],
    "Execution Time": 455.0
  }
]