[
  {
    "Plan": {
      "Node Type": "Aggregate",
      "Strategy": "Plain",
      "Partial Mode": "Finalize",
      "Parallel Aware": false,
      "Startup Cost": 46780.9,
      "Total Cost": 46780.91,
      "Plan Rows": 1,
      "Plan Width": 8,
      "Actual Startup Time": 209.266,
      "Actual Total Time": 221.03,
      "Actual Rows": 1,
      "Actual Loops": 1,
      "Plans": [
        {
          "Node Type": "Gather",
          "Parent Relationship": "Outer",
          "Parallel Aware": false,
          "Startup Cost": 46780.59,
          "Total Cost": 46780.9,
          "Plan Rows": 3,
          "Plan Width": 8,
          "Actual Startup Time": 209.169,
          "Actual Total Time": 221.017,
          "Actual Rows": 4,
          "Actual Loops": 1,
          "Workers Planned": 3,
          "Workers Launched": 3,
          "Single Copy": false,
          "Plans": [
            {
              "Node Type": "Aggregate",
              "Strategy": "Plain",
              "Partial Mode": "Partial",
              "Parent Relationship": "Outer",
              "Parallel Aware": false,
              "Startup Cost": 45780.59,
              "Total Cost": 45780.6,
              "Plan Rows": 1,
              "Plan Width": 8,
              "Actual Startup Time": 200.288,
              "Actual Total Time": 200.289,
              "Actual Rows": 1,
              "Actual Loops": 4,
              "Plans": [
                {
                  "Node Type": "Seq Scan",
                  "Parent Relationship": "Outer",
                  "Parallel Aware": true,
                  "Relation Name": "movie_keyword",
                  "Alias": "mk",
                  "Startup Cost": 0.0,
                  "Total Cost": 42695.65,
                  "Plan Rows": 1233973,
                  "Plan Width": 0,
                  "Actual Startup Time": 0.122,
                  "Actual Total Time": 148.226,
                  "Actual Rows": 953653,
                  "Actual Loops": 4,
                  "Filter": "(keyword_id > 599)",
                  "Rows Removed by Filter": 177330
                }
              ]
            }
          ]
        }
      ]
    },
    "Planning Time": 0.186,
    "Triggers": [],
    "Execution Time": 221.099
  }
]