[
    {
        "Bao": {
            "Bao prediction": "NaN",
            "Bao recommended hint": "(no hint)"
        }
    },
    {
        "Plan": {
            "Node Type": "Aggregate",
            "Strategy": "Plain",
            "Partial Mode": "Finalize",
            "Parallel Aware": false,
            "Startup Cost": 32818.25,
            "Total Cost": 32818.26,
            "Plan Rows": 1,
            "Plan Width": 8,
            "Actual Startup Time": 97.759,
            "Actual Total Time": 103.282,
            "Actual Rows": 1,
            "Actual Loops": 1,
            "Output": [
                "count(*)"
            ],
            "Plans": [
                {
                    "Node Type": "Gather",
                    "Parent Relationship": "Outer",
                    "Parallel Aware": false,
                    "Startup Cost": 32817.94,
                    "Total Cost": 32818.25,
                    "Plan Rows": 3,
                    "Plan Width": 8,
                    "Actual Startup Time": 97.665,
                    "Actual Total Time": 103.275,
                    "Actual Rows": 4,
                    "Actual Loops": 1,
                    "Output": [
                        "(PARTIAL count(*))"
                    ],
                    "Workers Planned": 3,
                    "Workers Launched": 3,
                    "Single Copy": false,
                    "Plans": [
                        {
                            "Node Type": "Aggregate",
                            "Strategy": "Plain",
                            "Partial Mode": "Partial",
                            "Parent Relationship": "Outer",
                            "Parallel Aware": false,
                            "Startup Cost": 31817.94,
                            "Total Cost": 31817.95,
                            "Plan Rows": 1,
                            "Plan Width": 8,
                            "Actual Startup Time": 88.943,
                            "Actual Total Time": 88.944,
                            "Actual Rows": 1,
                            "Actual Loops": 4,
                            "Output": [
                                "PARTIAL count(*)"
                            ],
                            "Workers": [
                                {
                                    "Worker Number": 0,
                                    "Actual Startup Time": 85.751,
                                    "Actual Total Time": 85.752,
                                    "Actual Rows": 1,
                                    "Actual Loops": 1
                                },
                                {
                                    "Worker Number": 1,
                                    "Actual Startup Time": 86.375,
                                    "Actual Total Time": 86.376,
                                    "Actual Rows": 1,
                                    "Actual Loops": 1
                                },
                                {
                                    "Worker Number": 2,
                                    "Actual Startup Time": 86.669,
                                    "Actual Total Time": 86.67,
                                    "Actual Rows": 1,
                                    "Actual Loops": 1
                                }
                            ],
                            "Plans": [
                                {
                                    "Node Type": "Seq Scan",
                                    "Parent Relationship": "Outer",
                                    "Parallel Aware": true,
                                    "Relation Name": "movie_companies",
                                    "Schema": "public",
                                    "Alias": "mc",
                                    "Startup Cost": 0.0,
                                    "Total Cost": 31414.82,
                                    "Plan Rows": 161247,
                                    "Plan Width": 0,
                                    "Actual Startup Time": 46.951,
                                    "Actual Total Time": 80.477,
                                    "Actual Rows": 203032,
                                    "Actual Loops": 4,
                                    "Output": [
                                        "id",
                                        "movie_id",
                                        "company_id",
                                        "company_type_id",
                                        "note"
                                    ],
                                    "Filter": "((mc.company_id > 17290) AND (mc.company_type_id = 2))",
                                    "Rows Removed by Filter": 449250,
                                    "Workers": [
                                        {
                                            "Worker Number": 0,
                                            "Actual Startup Time": 43.764,
                                            "Actual Total Time": 77.636,
                                            "Actual Rows": 175946,
                                            "Actual Loops": 1
                                        },
                                        {
                                            "Worker Number": 1,
                                            "Actual Startup Time": 44.38,
                                            "Actual Total Time": 78.251,
                                            "Actual Rows": 199032,
                                            "Actual Loops": 1
                                        },
                                        {
                                            "Worker Number": 2,
                                            "Actual Startup Time": 44.682,
                                            "Actual Total Time": 78.464,
                                            "Actual Rows": 201483,
                                            "Actual Loops": 1
                                        }
                                    ]
                                }
                            ]
                        }
                    ]
                }
            ]
        },
        "Planning Time": 205.772,
        "Triggers": [],
        "Execution Time": 103.377
    }
]