[
  {
    "Plan": {
      "Node Type": "Aggregate",
      "Strategy": "Plain",
      "Partial Mode": "Finalize",
      "Parallel Aware": false,
      "Startup Cost": 193549.04,
      "Total Cost": 193549.05,
      "Plan Rows": 1,
      "Plan Width": 8,
      "Actual Startup Time": 127.939,
      "Actual Total Time": 147.828,
      "Actual Rows": 1,
      "Actual Loops": 1,
      "Plans": [
        {
          "Node Type": "Gather",
          "Parent Relationship": "Outer",
          "Parallel Aware": false,
          "Startup Cost": 193548.62,
          "Total Cost": 193549.03,
          "Plan Rows": 4,
          "Plan Width": 8,
          "Actual Startup Time": 127.835,
          "Actual Total Time": 147.821,
          "Actual Rows": 5,
          "Actual Loops": 1,
          "Workers Planned": 4,
          "Workers Launched": 4,
          "Single Copy": false,
          "Plans": [
            {
              "Node Type": "Aggregate",
              "Strategy": "Plain",
              "Partial Mode": "Partial",
              "Parent Relationship": "Outer",
              "Parallel Aware": false,
              "Startup Cost": 192548.62,
              "Total Cost": 192548.63,
              "Plan Rows": 1,
              "Plan Width": 8,
              "Actual Startup Time": 118.227,
              "Actual Total Time": 118.228,
              "Actual Rows": 1,
              "Actual Loops": 5,
              "Plans": [
                {
                  "Node Type": "Nested Loop",
                  "Parent Relationship": "Outer",
                  "Parallel Aware": false,
                  "Join Type": "Inner",
                  "Startup Cost": 0.43,
                  "Total Cost": 192529.9,
                  "Plan Rows": 7486,
                  "Plan Width": 0,
                  "Actual Startup Time": 1.273,
                  "Actual Total Time": 117.4,
                  "Actual Rows": 10706,
                  "Actual Loops": 5,
                  "Inner Unique": false,
                  "Plans": [
                    {
                      "Node Type": "Seq Scan",
                      "Parent Relationship": "Outer",
                      "Parallel Aware": true,
                      "Relation Name": "title",
                      "Alias": "t",
                      "Startup Cost": 0.0,
                      "Total Cost": 45479.1,
                      "Plan Rows": 1487,
                      "Plan Width": 4,
                      "Actual Startup Time": 1.057,
                      "Actual Total Time": 77.19,
                      "Actual Rows": 1176,
                      "Actual Loops": 5,
                      "Filter": "((kind_id < 7) AND (production_year = 1973))",
                      "Rows Removed by Filter": 504487
                    },
                    {
                      "Node Type": "Index Scan",
                      "Parent Relationship": "Inner",
                      "Parallel Aware": false,
                      "Scan Direction": "Forward",
                      "Index Name": "movie_id_movie_info",
                      "Relation Name": "movie_info",
                      "Alias": "mi",
                      "Startup Cost": 0.43,
                      "Total Cost": 98.53,
                      "Plan Rows": 36,
                      "Plan Width": 4,
                      "Actual Startup Time": 0.011,
                      "Actual Total Time": 0.033,
                      "Actual Rows": 9,
                      "Actual Loops": 5878,
                      "Index Cond": "(movie_id = t.id)",
                      "Rows Removed by Index Recheck": 0,
                      "Filter": "(info_type_id > 2)",
                      "Rows Removed by Filter": 2
                    }
                  ]
                }
              ]
            }
          ]
        }
      ]
    },
    "Planning Time": 0.613,
    "Triggers": [],
    "Execution Time": 147.907
  }
]