[
  {
    "Plan": {
      "Node Type": "Aggregate",
      "Strategy": "Plain",
      "Partial Mode": "Finalize",
      "Parallel Aware": false,
      "Startup Cost": 45608.67,
      "Total Cost": 45608.68,
      "Plan Rows": 1,
      "Plan Width": 8,
      "Actual Startup Time": 170.201,
      "Actual Total Time": 180.602,
      "Actual Rows": 1,
      "Actual Loops": 1,
      "Plans": [
        {
          "Node Type": "Gather",
          "Parent Relationship": "Outer",
          "Parallel Aware": false,
          "Startup Cost": 45608.35,
          "Total Cost": 45608.66,
          "Plan Rows": 3,
          "Plan Width": 8,
          "Actual Startup Time": 170.079,
          "Actual Total Time": 180.593,
          "Actual Rows": 4,
          "Actual Loops": 1,
          "Workers Planned": 3,
          "Workers Launched": 3,
          "Single Copy": false,
          "Plans": [
            {
              "Node Type": "Aggregate",
              "Strategy": "Plain",
              "Partial Mode": "Partial",
              "Parent Relationship": "Outer",
              "Parallel Aware": false,
              "Startup Cost": 44608.35,
              "Total Cost": 44608.36,
              "Plan Rows": 1,
              "Plan Width": 8,
              "Actual Startup Time": 163.287,
              "Actual Total Time": 163.288,
              "Actual Rows": 1,
              "Actual Loops": 4,
              "Plans": [
                {
                  "Node Type": "Seq Scan",
                  "Parent Relationship": "Outer",
                  "Parallel Aware": true,
                  "Relation Name": "movie_keyword",
                  "Alias": "mk",
                  "Startup Cost": 0.0,
                  "Total Cost": 42695.65,
                  "Plan Rows": 765079,
                  "Plan Width": 0,
                  "Actual Startup Time": 0.056,
                  "Actual Total Time": 131.115,
                  "Actual Rows": 593052,
                  "Actual Loops": 4,
                  "Filter": "(keyword_id < 5381)",
                  "Rows Removed by Filter": 537931
                }
              ]
            }
          ]
        }
      ]
    },
    "Planning Time": 0.178,
    "Triggers": [],
    "Execution Time": 180.656
  }
]