{
  "Plan": {
    "Node Type": "Aggregate",
    "Strategy": "Plain",
    "Partial Mode": "Finalize",
    "Parallel Aware": false,
    "Startup Cost": 126528.48,
    "Total Cost": 126528.49,
    "Plan Rows": 1,
    "Plan Width": 8,
    "Actual Startup Time": 592.999,
    "Actual Total Time": 610.609,
    "Actual Rows": 1,
    "Actual Loops": 1,
    "Plans": [
      {
        "Node Type": "Gather",
        "Parent Relationship": "Outer",
        "Parallel Aware": false,
        "Startup Cost": 126528.37,
        "Total Cost": 126528.48,
        "Plan Rows": 1,
        "Plan Width": 8,
        "Actual Startup Time": 591.402,
        "Actual Total Time": 610.602,
        "Actual Rows": 2,
        "Actual Loops": 1,
        "Workers Planned": 1,
        "Workers Launched": 1,
        "Single Copy": false,
        "Plans": [
          {
            "Node Type": "Aggregate",
            "Strategy": "Plain",
            "Partial Mode": "Partial",
            "Parent Relationship": "Outer",
            "Parallel Aware": false,
            "Startup Cost": 125528.37,
            "Total Cost": 125528.38,
            "Plan Rows": 1,
            "Plan Width": 8,
            "Actual Startup Time": 585.611,
            "Actual Total Time": 585.614,
            "Actual Rows": 1,
            "Actual Loops": 2,
            "Plans": [
              {
                "Node Type": "Hash Join",
                "Parent Relationship": "Outer",
                "Parallel Aware": true,
                "Join Type": "Inner",
                "Startup Cost": 65067.82,
                "Total Cost": 124822.84,
                "Plan Rows": 282209,
                "Plan Width": 0,
                "Actual Startup Time": 270.977,
                "Actual Total Time": 564.077,
                "Actual Rows": 562002,
                "Actual Loops": 2,
                "Inner Unique": true,
                "Hash Cond": "(mk.movie_id = t.id)",
                "Plans": [
                  {
                    "Node Type": "Seq Scan",
                    "Parent Relationship": "Outer",
                    "Parallel Aware": true,
                    "Relation Name": "movie_keyword",
                    "Alias": "mk",
                    "Startup Cost": 0.0,
                    "Total Cost": 57718.19,
                    "Plan Rows": 775937,
                    "Plan Width": 4,
                    "Actual Startup Time": 0.015,
                    "Actual Total Time": 163.236,
                    "Actual Rows": 665468,
                    "Actual Loops": 2,
                    "Filter": "(keyword_id < 1740)",
                    "Rows Removed by Filter": 1596498
                  },
                  {
                    "Node Type": "Hash",
                    "Parent Relationship": "Inner",
                    "Parallel Aware": true,
                    "Startup Cost": 58306.47,
                    "Total Cost": 58306.47,
                    "Plan Rows": 540908,
                    "Plan Width": 4,
                    "Actual Startup Time": 261.715,
                    "Actual Total Time": 261.716,
                    "Actual Rows": 431233,
                    "Actual Loops": 2,
                    "Hash Buckets": 1048576,
                    "Original Hash Buckets": 1048576,
                    "Hash Batches": 1,
                    "Original Hash Batches": 1,
                    "Peak Memory Usage": 41952,
                    "Plans": [
                      {
                        "Node Type": "Seq Scan",
                        "Parent Relationship": "Outer",
                        "Parallel Aware": true,
                        "Relation Name": "title",
                        "Alias": "t",
                        "Startup Cost": 0.0,
                        "Total Cost": 58306.47,
                        "Plan Rows": 540908,
                        "Plan Width": 4,
                        "Actual Startup Time": 0.033,
                        "Actual Total Time": 158.633,
                        "Actual Rows": 431233,
                        "Actual Loops": 2,
                        "Filter": "((kind_id < 7) AND (production_year > 1929))",
                        "Rows Removed by Filter": 832923
                      }
                    ]
                  }
                ]
              }
            ]
          }
        ]
      }
    ]
  },
  "Planning Time": 0.676,
  "Triggers": [],
  "Execution Time": 610.677
}