[
  {
    "Plan": {
      "Node Type": "Aggregate",
      "Strategy": "Plain",
      "Partial Mode": "Finalize",
      "Parallel Aware": false,
      "Startup Cost": 32930.37,
      "Total Cost": 32930.38,
      "Plan Rows": 1,
      "Plan Width": 8,
      "Actual Startup Time": 100.763,
      "Actual Total Time": 106.642,
      "Actual Rows": 1,
      "Actual Loops": 1,
      "Plans": [
        {
          "Node Type": "Gather",
          "Parent Relationship": "Outer",
          "Parallel Aware": false,
          "Startup Cost": 32930.05,
          "Total Cost": 32930.36,
          "Plan Rows": 3,
          "Plan Width": 8,
          "Actual Startup Time": 100.639,
          "Actual Total Time": 106.633,
          "Actual Rows": 4,
          "Actual Loops": 1,
          "Workers Planned": 3,
          "Workers Launched": 3,
          "Single Copy": false,
          "Plans": [
            {
              "Node Type": "Aggregate",
              "Strategy": "Plain",
              "Partial Mode": "Partial",
              "Parent Relationship": "Outer",
              "Parallel Aware": false,
              "Startup Cost": 31930.05,
              "Total Cost": 31930.06,
              "Plan Rows": 1,
              "Plan Width": 8,
              "Actual Startup Time": 94.076,
              "Actual Total Time": 94.078,
              "Actual Rows": 1,
              "Actual Loops": 4,
              "Plans": [
                {
                  "Node Type": "Seq Scan",
                  "Parent Relationship": "Outer",
                  "Parallel Aware": true,
                  "Relation Name": "movie_companies",
                  "Alias": "mc",
                  "Startup Cost": 0.0,
                  "Total Cost": 31414.82,
                  "Plan Rows": 206094,
                  "Plan Width": 0,
                  "Actual Startup Time": 0.03,
                  "Actual Total Time": 80.219,
                  "Actual Rows": 222021,
                  "Actual Loops": 4,
                  "Filter": "((company_id < 11373) AND (company_type_id = 1))",
                  "Rows Removed by Filter": 430262
                }
              ]
            }
          ]
        }
      ]
    },
    "Planning Time": 0.121,
    "Triggers": [],
    "Execution Time": 106.676
  }
]