[
    {
        "Bao": {
            "Bao prediction": 476.729,
            "Bao recommended hint": "(no hint)"
        }
    },
    {
        "Plan": {
            "Node Type": "Aggregate",
            "Strategy": "Plain",
            "Partial Mode": "Finalize",
            "Parallel Aware": false,
            "Startup Cost": 31525.33,
            "Total Cost": 31525.34,
            "Plan Rows": 1,
            "Plan Width": 8,
            "Actual Startup Time": 123.272,
            "Actual Total Time": 130.799,
            "Actual Rows": 1,
            "Actual Loops": 1,
            "Output": [
                "count(*)"
            ],
            "Plans": [
                {
                    "Node Type": "Gather",
                    "Parent Relationship": "Outer",
                    "Parallel Aware": false,
                    "Startup Cost": 31525.01,
                    "Total Cost": 31525.32,
                    "Plan Rows": 3,
                    "Plan Width": 8,
                    "Actual Startup Time": 123.185,
                    "Actual Total Time": 130.792,
                    "Actual Rows": 4,
                    "Actual Loops": 1,
                    "Output": [
                        "(PARTIAL count(*))"
                    ],
                    "Workers Planned": 3,
                    "Workers Launched": 3,
                    "Single Copy": false,
                    "Plans": [
                        {
                            "Node Type": "Aggregate",
                            "Strategy": "Plain",
                            "Partial Mode": "Partial",
                            "Parent Relationship": "Outer",
                            "Parallel Aware": false,
                            "Startup Cost": 30525.01,
                            "Total Cost": 30525.02,
                            "Plan Rows": 1,
                            "Plan Width": 8,
                            "Actual Startup Time": 115.338,
                            "Actual Total Time": 115.339,
                            "Actual Rows": 1,
                            "Actual Loops": 4,
                            "Output": [
                                "PARTIAL count(*)"
                            ],
                            "Workers": [
                                {
                                    "Worker Number": 0,
                                    "Actual Startup Time": 112.825,
                                    "Actual Total Time": 112.826,
                                    "Actual Rows": 1,
                                    "Actual Loops": 1
                                },
                                {
                                    "Worker Number": 1,
                                    "Actual Startup Time": 112.85,
                                    "Actual Total Time": 112.851,
                                    "Actual Rows": 1,
                                    "Actual Loops": 1
                                },
                                {
                                    "Worker Number": 2,
                                    "Actual Startup Time": 113.07,
                                    "Actual Total Time": 113.071,
                                    "Actual Rows": 1,
                                    "Actual Loops": 1
                                }
                            ],
                            "Plans": [
                                {
                                    "Node Type": "Seq Scan",
                                    "Parent Relationship": "Outer",
                                    "Parallel Aware": true,
                                    "Relation Name": "movie_companies",
                                    "Schema": "public",
                                    "Alias": "mc",
                                    "Startup Cost": 0.0,
                                    "Total Cost": 29310.68,
                                    "Plan Rows": 485731,
                                    "Plan Width": 0,
                                    "Actual Startup Time": 12.376,
                                    "Actual Total Time": 93.623,
                                    "Actual Rows": 376632,
                                    "Actual Loops": 4,
                                    "Output": [
                                        "id",
                                        "movie_id",
                                        "company_id",
                                        "company_type_id",
                                        "note"
                                    ],
                                    "Filter": "(mc.company_id > 7563)",
                                    "Rows Removed by Filter": 275650,
                                    "Workers": [
                                        {
                                            "Worker Number": 0,
                                            "Actual Startup Time": 9.836,
                                            "Actual Total Time": 91.486,
                                            "Actual Rows": 308960,
                                            "Actual Loops": 1
                                        },
                                        {
                                            "Worker Number": 1,
                                            "Actual Startup Time": 9.923,
                                            "Actual Total Time": 91.608,
                                            "Actual Rows": 309901,
                                            "Actual Loops": 1
                                        },
                                        {
                                            "Worker Number": 2,
                                            "Actual Startup Time": 10.117,
                                            "Actual Total Time": 91.706,
                                            "Actual Rows": 312599,
                                            "Actual Loops": 1
                                        }
                                    ]
                                }
                            ]
                        }
                    ]
                }
            ]
        },
        "Planning Time": 635.248,
        "Triggers": [],
        "Execution Time": 130.875
    }
]