[
    {
        "Bao": {
            "Bao prediction": "NaN",
            "Bao recommended hint": "(no hint)"
        }
    },
    {
        "Plan": {
            "Node Type": "Aggregate",
            "Strategy": "Plain",
            "Partial Mode": "Finalize",
            "Parallel Aware": false,
            "Startup Cost": 30355.59,
            "Total Cost": 30355.6,
            "Plan Rows": 1,
            "Plan Width": 8,
            "Actual Startup Time": 77.52,
            "Actual Total Time": 82.067,
            "Actual Rows": 1,
            "Actual Loops": 1,
            "Output": [
                "count(*)"
            ],
            "Plans": [
                {
                    "Node Type": "Gather",
                    "Parent Relationship": "Outer",
                    "Parallel Aware": false,
                    "Startup Cost": 30355.28,
                    "Total Cost": 30355.59,
                    "Plan Rows": 3,
                    "Plan Width": 8,
                    "Actual Startup Time": 77.24,
                    "Actual Total Time": 82.058,
                    "Actual Rows": 4,
                    "Actual Loops": 1,
                    "Output": [
                        "(PARTIAL count(*))"
                    ],
                    "Workers Planned": 3,
                    "Workers Launched": 3,
                    "Single Copy": false,
                    "Plans": [
                        {
                            "Node Type": "Aggregate",
                            "Strategy": "Plain",
                            "Partial Mode": "Partial",
                            "Parent Relationship": "Outer",
                            "Parallel Aware": false,
                            "Startup Cost": 29355.28,
                            "Total Cost": 29355.29,
                            "Plan Rows": 1,
                            "Plan Width": 8,
                            "Actual Startup Time": 68.666,
                            "Actual Total Time": 68.667,
                            "Actual Rows": 1,
                            "Actual Loops": 4,
                            "Output": [
                                "PARTIAL count(*)"
                            ],
                            "Workers": [
                                {
                                    "Worker Number": 0,
                                    "Actual Startup Time": 65.786,
                                    "Actual Total Time": 65.787,
                                    "Actual Rows": 1,
                                    "Actual Loops": 1
                                },
                                {
                                    "Worker Number": 1,
                                    "Actual Startup Time": 65.958,
                                    "Actual Total Time": 65.959,
                                    "Actual Rows": 1,
                                    "Actual Loops": 1
                                },
                                {
                                    "Worker Number": 2,
                                    "Actual Startup Time": 66.107,
                                    "Actual Total Time": 66.108,
                                    "Actual Rows": 1,
                                    "Actual Loops": 1
                                }
                            ],
                            "Plans": [
                                {
                                    "Node Type": "Bitmap Heap Scan",
                                    "Parent Relationship": "Outer",
                                    "Parallel Aware": true,
                                    "Relation Name": "movie_companies",
                                    "Schema": "public",
                                    "Alias": "mc",
                                    "Startup Cost": 8500.08,
                                    "Total Cost": 29199.3,
                                    "Plan Rows": 62389,
                                    "Plan Width": 0,
                                    "Actual Startup Time": 13.119,
                                    "Actual Total Time": 63.143,
                                    "Actual Rows": 74684,
                                    "Actual Loops": 4,
                                    "Recheck Cond": "(mc.company_id < 239)",
                                    "Rows Removed by Index Recheck": 0,
                                    "Filter": "(mc.company_type_id < 2)",
                                    "Rows Removed by Filter": 23216,
                                    "Exact Heap Blocks": 9749,
                                    "Lossy Heap Blocks": 0,
                                    "Workers": [
                                        {
                                            "Worker Number": 0,
                                            "Actual Startup Time": 10.271,
                                            "Actual Total Time": 60.783,
                                            "Actual Rows": 40188,
                                            "Actual Loops": 1
                                        },
                                        {
                                            "Worker Number": 1,
                                            "Actual Startup Time": 10.428,
                                            "Actual Total Time": 60.957,
                                            "Actual Rows": 41415,
                                            "Actual Loops": 1
                                        },
                                        {
                                            "Worker Number": 2,
                                            "Actual Startup Time": 10.809,
                                            "Actual Total Time": 61.354,
                                            "Actual Rows": 35717,
                                            "Actual Loops": 1
                                        }
                                    ],
                                    "Plans": [
                                        {
                                            "Node Type": "Bitmap Index Scan",
                                            "Parent Relationship": "Outer",
                                            "Parallel Aware": false,
                                            "Index Name": "company_id_movie_companies",
                                            "Startup Cost": 0.0,
                                            "Total Cost": 8451.73,
                                            "Plan Rows": 394573,
                                            "Plan Width": 0,
                                            "Actual Startup Time": 18.295,
                                            "Actual Total Time": 18.295,
                                            "Actual Rows": 391600,
                                            "Actual Loops": 1,
                                            "Index Cond": "(mc.company_id < 239)"
                                        }
                                    ]
                                }
                            ]
                        }
                    ]
                }
            ]
        },
        "Planning Time": 195.66,
        "Triggers": [],
        "Execution Time": 82.166
    }
]