{
  "Plan": {
    "Node Type": "Aggregate",
    "Strategy": "Plain",
    "Partial Mode": "Finalize",
    "Parallel Aware": false,
    "Startup Cost": 341963.96,
    "Total Cost": 341963.97,
    "Plan Rows": 1,
    "Plan Width": 8,
    "Actual Startup Time": 2050.44,
    "Actual Total Time": 2100.06,
    "Actual Rows": 1,
    "Actual Loops": 1,
    "Plans": [
      {
        "Node Type": "Gather",
        "Parent Relationship": "Outer",
        "Parallel Aware": false,
        "Startup Cost": 341963.84,
        "Total Cost": 341963.95,
        "Plan Rows": 1,
        "Plan Width": 8,
        "Actual Startup Time": 2048.926,
        "Actual Total Time": 2100.052,
        "Actual Rows": 2,
        "Actual Loops": 1,
        "Workers Planned": 1,
        "Workers Launched": 1,
        "Single Copy": false,
        "Plans": [
          {
            "Node Type": "Aggregate",
            "Strategy": "Plain",
            "Partial Mode": "Partial",
            "Parent Relationship": "Outer",
            "Parallel Aware": false,
            "Startup Cost": 340963.84,
            "Total Cost": 340963.85,
            "Plan Rows": 1,
            "Plan Width": 8,
            "Actual Startup Time": 2043.71,
            "Actual Total Time": 2043.713,
            "Actual Rows": 1,
            "Actual Loops": 2,
            "Plans": [
              {
                "Node Type": "Hash Join",
                "Parent Relationship": "Outer",
                "Parallel Aware": true,
                "Join Type": "Inner",
                "Startup Cost": 63318.73,
                "Total Cost": 335102.22,
                "Plan Rows": 2344650,
                "Plan Width": 0,
                "Actual Startup Time": 244.55,
                "Actual Total Time": 2002.977,
                "Actual Rows": 1027836,
                "Actual Loops": 2,
                "Inner Unique": true,
                "Hash Cond": "(mi.movie_id = t.id)",
                "Plans": [
                  {
                    "Node Type": "Seq Scan",
                    "Parent Relationship": "Outer",
                    "Parallel Aware": true,
                    "Relation Name": "movie_info",
                    "Alias": "mi",
                    "Startup Cost": 0.0,
                    "Total Cost": 248955.74,
                    "Plan Rows": 8696274,
                    "Plan Width": 4,
                    "Actual Startup Time": 0.01,
                    "Actual Total Time": 609.605,
                    "Actual Rows": 7417860,
                    "Actual Loops": 2
                  },
                  {
                    "Node Type": "Hash",
                    "Parent Relationship": "Inner",
                    "Parallel Aware": true,
                    "Startup Cost": 58306.47,
                    "Total Cost": 58306.47,
                    "Plan Rows": 400981,
                    "Plan Width": 4,
                    "Actual Startup Time": 234.801,
                    "Actual Total Time": 234.802,
                    "Actual Rows": 298248,
                    "Actual Loops": 2,
                    "Hash Buckets": 1048576,
                    "Original Hash Buckets": 1048576,
                    "Hash Batches": 1,
                    "Original Hash Batches": 1,
                    "Peak Memory Usage": 31552,
                    "Plans": [
                      {
                        "Node Type": "Seq Scan",
                        "Parent Relationship": "Outer",
                        "Parallel Aware": true,
                        "Relation Name": "title",
                        "Alias": "t",
                        "Startup Cost": 0.0,
                        "Total Cost": 58306.47,
                        "Plan Rows": 400981,
                        "Plan Width": 4,
                        "Actual Startup Time": 0.031,
                        "Actual Total Time": 155.211,
                        "Actual Rows": 298248,
                        "Actual Loops": 2,
                        "Filter": "((production_year < 2002) AND (kind_id = 7))",
                        "Rows Removed by Filter": 965908
                      }
                    ]
                  }
                ]
              }
            ]
          }
        ]
      }
    ]
  },
  "Planning Time": 0.638,
  "Triggers": [],
  "Execution Time": 2100.14
}