[
  {
    "Plan": {
      "Node Type": "Aggregate",
      "Strategy": "Plain",
      "Partial Mode": "Finalize",
      "Parallel Aware": false,
      "Startup Cost": 351130.14,
      "Total Cost": 351130.15,
      "Plan Rows": 1,
      "Plan Width": 8,
      "Actual Startup Time": 726.792,
      "Actual Total Time": 784.033,
      "Actual Rows": 1,
      "Actual Loops": 1,
      "Plans": [
        {
          "Node Type": "Gather",
          "Parent Relationship": "Outer",
          "Parallel Aware": false,
          "Startup Cost": 351129.51,
          "Total Cost": 351130.12,
          "Plan Rows": 6,
          "Plan Width": 8,
          "Actual Startup Time": 726.633,
          "Actual Total Time": 784.023,
          "Actual Rows": 7,
          "Actual Loops": 1,
          "Workers Planned": 6,
          "Workers Launched": 6,
          "Single Copy": false,
          "Plans": [
            {
              "Node Type": "Aggregate",
              "Strategy": "Plain",
              "Partial Mode": "Partial",
              "Parent Relationship": "Outer",
              "Parallel Aware": false,
              "Startup Cost": 350129.51,
              "Total Cost": 350129.52,
              "Plan Rows": 1,
              "Plan Width": 8,
              "Actual Startup Time": 717.81,
              "Actual Total Time": 717.811,
              "Actual Rows": 1,
              "Actual Loops": 7,
              "Plans": [
                {
                  "Node Type": "Seq Scan",
                  "Parent Relationship": "Outer",
                  "Parallel Aware": true,
                  "Relation Name": "cast_info",
                  "Alias": "ci",
                  "Startup Cost": 0.0,
                  "Total Cost": 343257.03,
                  "Plan Rows": 2748994,
                  "Plan Width": 0,
                  "Actual Startup Time": 230.959,
                  "Actual Total Time": 627.212,
                  "Actual Rows": 2334475,
                  "Actual Loops": 7,
                  "Filter": "((person_id > 1970698) AND (role_id < 11))",
                  "Rows Removed by Filter": 2843289
                }
              ]
            }
          ]
        }
      ]
    },
    "Planning Time": 0.223,
    "Triggers": [],
    "Execution Time": 784.108
  }
]