[
  {
    "Plan": {
      "Node Type": "Aggregate",
      "Strategy": "Plain",
      "Partial Mode": "Finalize",
      "Parallel Aware": false,
      "Startup Cost": 45728.04,
      "Total Cost": 45728.05,
      "Plan Rows": 1,
      "Plan Width": 8,
      "Actual Startup Time": 163.906,
      "Actual Total Time": 174.466,
      "Actual Rows": 1,
      "Actual Loops": 1,
      "Plans": [
        {
          "Node Type": "Gather",
          "Parent Relationship": "Outer",
          "Parallel Aware": false,
          "Startup Cost": 45727.72,
          "Total Cost": 45728.03,
          "Plan Rows": 3,
          "Plan Width": 8,
          "Actual Startup Time": 163.791,
          "Actual Total Time": 174.457,
          "Actual Rows": 4,
          "Actual Loops": 1,
          "Workers Planned": 3,
          "Workers Launched": 3,
          "Single Copy": false,
          "Plans": [
            {
              "Node Type": "Aggregate",
              "Strategy": "Plain",
              "Partial Mode": "Partial",
              "Parent Relationship": "Outer",
              "Parallel Aware": false,
              "Startup Cost": 44727.72,
              "Total Cost": 44727.73,
              "Plan Rows": 1,
              "Plan Width": 8,
              "Actual Startup Time": 159.942,
              "Actual Total Time": 159.943,
              "Actual Rows": 1,
              "Actual Loops": 4,
              "Plans": [
                {
                  "Node Type": "Seq Scan",
                  "Parent Relationship": "Outer",
                  "Parallel Aware": true,
                  "Relation Name": "movie_keyword",
                  "Alias": "mk",
                  "Startup Cost": 0.0,
                  "Total Cost": 42695.65,
                  "Plan Rows": 812827,
                  "Plan Width": 0,
                  "Actual Startup Time": 0.03,
                  "Actual Total Time": 127.21,
                  "Actual Rows": 633381,
                  "Actual Loops": 4,
                  "Filter": "(keyword_id < 6308)",
                  "Rows Removed by Filter": 497602
                }
              ]
            }
          ]
        }
      ]
    },
    "Planning Time": 0.121,
    "Triggers": [],
    "Execution Time": 174.501
  }
]