[
    {
        "Bao": {
            "Bao prediction": "NaN",
            "Bao recommended hint": "(no hint)"
        }
    },
    {
        "Plan": {
            "Node Type": "Aggregate",
            "Strategy": "Plain",
            "Partial Mode": "Finalize",
            "Parallel Aware": false,
            "Startup Cost": 224110.77,
            "Total Cost": 224110.78,
            "Plan Rows": 1,
            "Plan Width": 8,
            "Actual Startup Time": 399.006,
            "Actual Total Time": 418.122,
            "Actual Rows": 1,
            "Actual Loops": 1,
            "Output": [
                "count(*)"
            ],
            "Plans": [
                {
                    "Node Type": "Gather",
                    "Parent Relationship": "Outer",
                    "Parallel Aware": false,
                    "Startup Cost": 224110.25,
                    "Total Cost": 224110.76,
                    "Plan Rows": 5,
                    "Plan Width": 8,
                    "Actual Startup Time": 375.249,
                    "Actual Total Time": 418.111,
                    "Actual Rows": 6,
                    "Actual Loops": 1,
                    "Output": [
                        "(PARTIAL count(*))"
                    ],
                    "Workers Planned": 5,
                    "Workers Launched": 5,
                    "Single Copy": false,
                    "Plans": [
                        {
                            "Node Type": "Aggregate",
                            "Strategy": "Plain",
                            "Partial Mode": "Partial",
                            "Parent Relationship": "Outer",
                            "Parallel Aware": false,
                            "Startup Cost": 223110.25,
                            "Total Cost": 223110.26,
                            "Plan Rows": 1,
                            "Plan Width": 8,
                            "Actual Startup Time": 363.99,
                            "Actual Total Time": 363.993,
                            "Actual Rows": 1,
                            "Actual Loops": 6,
                            "Output": [
                                "PARTIAL count(*)"
                            ],
                            "Workers": [
                                {
                                    "Worker Number": 0,
                                    "Actual Startup Time": 361.368,
                                    "Actual Total Time": 361.371,
                                    "Actual Rows": 1,
                                    "Actual Loops": 1
                                },
                                {
                                    "Worker Number": 1,
                                    "Actual Startup Time": 361.367,
                                    "Actual Total Time": 361.37,
                                    "Actual Rows": 1,
                                    "Actual Loops": 1
                                },
                                {
                                    "Worker Number": 2,
                                    "Actual Startup Time": 362.974,
                                    "Actual Total Time": 362.977,
                                    "Actual Rows": 1,
                                    "Actual Loops": 1
                                },
                                {
                                    "Worker Number": 3,
                                    "Actual Startup Time": 361.673,
                                    "Actual Total Time": 361.677,
                                    "Actual Rows": 1,
                                    "Actual Loops": 1
                                },
                                {
                                    "Worker Number": 4,
                                    "Actual Startup Time": 361.876,
                                    "Actual Total Time": 361.88,
                                    "Actual Rows": 1,
                                    "Actual Loops": 1
                                }
                            ],
                            "Plans": [
                                {
                                    "Node Type": "Hash Join",
                                    "Parent Relationship": "Outer",
                                    "Parallel Aware": true,
                                    "Join Type": "Inner",
                                    "Startup Cost": 59344.34,
                                    "Total Cost": 222912.49,
                                    "Plan Rows": 79104,
                                    "Plan Width": 0,
                                    "Actual Startup Time": 298.058,
                                    "Actual Total Time": 357.947,
                                    "Actual Rows": 73669,
                                    "Actual Loops": 6,
                                    "Inner Unique": true,
                                    "Hash Cond": "(mi.movie_id = t.id)",
                                    "Workers": [
                                        {
                                            "Worker Number": 0,
                                            "Actual Startup Time": 295.491,
                                            "Actual Total Time": 355.359,
                                            "Actual Rows": 82185,
                                            "Actual Loops": 1
                                        },
                                        {
                                            "Worker Number": 1,
                                            "Actual Startup Time": 295.693,
                                            "Actual Total Time": 355.285,
                                            "Actual Rows": 70119,
                                            "Actual Loops": 1
                                        },
                                        {
                                            "Worker Number": 2,
                                            "Actual Startup Time": 295.938,
                                            "Actual Total Time": 356.891,
                                            "Actual Rows": 70204,
                                            "Actual Loops": 1
                                        },
                                        {
                                            "Worker Number": 3,
                                            "Actual Startup Time": 296.067,
                                            "Actual Total Time": 355.506,
                                            "Actual Rows": 74163,
                                            "Actual Loops": 1
                                        },
                                        {
                                            "Worker Number": 4,
                                            "Actual Startup Time": 296.166,
                                            "Actual Total Time": 355.754,
                                            "Actual Rows": 68231,
                                            "Actual Loops": 1
                                        }
                                    ],
                                    "Plans": [
                                        {
                                            "Node Type": "Bitmap Heap Scan",
                                            "Parent Relationship": "Outer",
                                            "Parallel Aware": true,
                                            "Relation Name": "movie_info",
                                            "Schema": "public",
                                            "Alias": "mi",
                                            "Startup Cost": 9443.95,
                                            "Total Cost": 172738.72,
                                            "Plan Rows": 104142,
                                            "Plan Width": 4,
                                            "Actual Startup Time": 31.743,
                                            "Actual Total Time": 52.969,
                                            "Actual Rows": 90561,
                                            "Actual Loops": 6,
                                            "Output": [
                                                "mi.id",
                                                "mi.movie_id",
                                                "mi.info_type_id",
                                                "mi.info",
                                                "mi.note"
                                            ],
                                            "Recheck Cond": "(mi.info_type_id > 98)",
                                            "Rows Removed by Index Recheck": 0,
                                            "Exact Heap Blocks": 1069,
                                            "Lossy Heap Blocks": 0,
                                            "Workers": [
                                                {
                                                    "Worker Number": 0,
                                                    "Actual Startup Time": 31.635,
                                                    "Actual Total Time": 53.461,
                                                    "Actual Rows": 98436,
                                                    "Actual Loops": 1
                                                },
                                                {
                                                    "Worker Number": 1,
                                                    "Actual Startup Time": 31.759,
                                                    "Actual Total Time": 53.477,
                                                    "Actual Rows": 87508,
                                                    "Actual Loops": 1
                                                },
                                                {
                                                    "Worker Number": 2,
                                                    "Actual Startup Time": 31.727,
                                                    "Actual Total Time": 53.203,
                                                    "Actual Rows": 86667,
                                                    "Actual Loops": 1
                                                },
                                                {
                                                    "Worker Number": 3,
                                                    "Actual Startup Time": 31.77,
                                                    "Actual Total Time": 53.537,
                                                    "Actual Rows": 90944,
                                                    "Actual Loops": 1
                                                },
                                                {
                                                    "Worker Number": 4,
                                                    "Actual Startup Time": 31.792,
                                                    "Actual Total Time": 53.276,
                                                    "Actual Rows": 84352,
                                                    "Actual Loops": 1
                                                }
                                            ],
                                            "Plans": [
                                                {
                                                    "Node Type": "Bitmap Index Scan",
                                                    "Parent Relationship": "Outer",
                                                    "Parallel Aware": false,
                                                    "Index Name": "info_type_id_movie_info",
                                                    "Startup Cost": 0.0,
                                                    "Total Cost": 9313.77,
                                                    "Plan Rows": 520711,
                                                    "Plan Width": 0,
                                                    "Actual Startup Time": 30.358,
                                                    "Actual Total Time": 30.359,
                                                    "Actual Rows": 543367,
                                                    "Actual Loops": 1,
                                                    "Index Cond": "(mi.info_type_id > 98)",
                                                    "Workers": [
                                                        {
                                                            "Worker Number": 0,
                                                            "Actual Startup Time": 30.358,
                                                            "Actual Total Time": 30.359,
                                                            "Actual Rows": 543367,
                                                            "Actual Loops": 1
                                                        }
                                                    ]
                                                }
                                            ]
                                        },
                                        {
                                            "Node Type": "Hash",
                                            "Parent Relationship": "Inner",
                                            "Parallel Aware": true,
                                            "Startup Cost": 43899.01,
                                            "Total Cost": 43899.01,
                                            "Plan Rows": 480111,
                                            "Plan Width": 4,
                                            "Actual Startup Time": 262.022,
                                            "Actual Total Time": 262.023,
                                            "Actual Rows": 320475,
                                            "Actual Loops": 6,
                                            "Output": [
                                                "t.id"
                                            ],
                                            "Hash Buckets": 2097152,
                                            "Original Hash Buckets": 2097152,
                                            "Hash Batches": 1,
                                            "Original Hash Batches": 1,
                                            "Peak Memory Usage": 91776,
                                            "Workers": [
                                                {
                                                    "Worker Number": 0,
                                                    "Actual Startup Time": 263.272,
                                                    "Actual Total Time": 263.273,
                                                    "Actual Rows": 291237,
                                                    "Actual Loops": 1
                                                },
                                                {
                                                    "Worker Number": 1,
                                                    "Actual Startup Time": 263.509,
                                                    "Actual Total Time": 263.51,
                                                    "Actual Rows": 312612,
                                                    "Actual Loops": 1
                                                },
                                                {
                                                    "Worker Number": 2,
                                                    "Actual Startup Time": 263.637,
                                                    "Actual Total Time": 263.638,
                                                    "Actual Rows": 310871,
                                                    "Actual Loops": 1
                                                },
                                                {
                                                    "Worker Number": 3,
                                                    "Actual Startup Time": 263.659,
                                                    "Actual Total Time": 263.66,
                                                    "Actual Rows": 311963,
                                                    "Actual Loops": 1
                                                },
                                                {
                                                    "Worker Number": 4,
                                                    "Actual Startup Time": 263.855,
                                                    "Actual Total Time": 263.856,
                                                    "Actual Rows": 291244,
                                                    "Actual Loops": 1
                                                }
                                            ],
                                            "Plans": [
                                                {
                                                    "Node Type": "Seq Scan",
                                                    "Parent Relationship": "Outer",
                                                    "Parallel Aware": true,
                                                    "Relation Name": "title",
                                                    "Schema": "public",
                                                    "Alias": "t",
                                                    "Startup Cost": 0.0,
                                                    "Total Cost": 43899.01,
                                                    "Plan Rows": 480111,
                                                    "Plan Width": 4,
                                                    "Actual Startup Time": 0.04,
                                                    "Actual Total Time": 107.139,
                                                    "Actual Rows": 320475,
                                                    "Actual Loops": 6,
                                                    "Output": [
                                                        "t.id"
                                                    ],
                                                    "Filter": "(t.production_year < 2010)",
                                                    "Rows Removed by Filter": 100910,
                                                    "Workers": [
                                                        {
                                                            "Worker Number": 0,
                                                            "Actual Startup Time": 0.035,
                                                            "Actual Total Time": 107.557,
                                                            "Actual Rows": 291237,
                                                            "Actual Loops": 1
                                                        },
                                                        {
                                                            "Worker Number": 1,
                                                            "Actual Startup Time": 0.057,
                                                            "Actual Total Time": 110.723,
                                                            "Actual Rows": 312612,
                                                            "Actual Loops": 1
                                                        },
                                                        {
                                                            "Worker Number": 2,
                                                            "Actual Startup Time": 0.052,
                                                            "Actual Total Time": 110.569,
                                                            "Actual Rows": 310871,
                                                            "Actual Loops": 1
                                                        },
                                                        {
                                                            "Worker Number": 3,
                                                            "Actual Startup Time": 0.054,
                                                            "Actual Total Time": 110.816,
                                                            "Actual Rows": 311963,
                                                            "Actual Loops": 1
                                                        },
                                                        {
                                                            "Worker Number": 4,
                                                            "Actual Startup Time": 0.028,
                                                            "Actual Total Time": 107.118,
                                                            "Actual Rows": 291244,
                                                            "Actual Loops": 1
                                                        }
                                                    ]
                                                }
                                            ]
                                        }
                                    ]
                                }
                            ]
                        }
                    ]
                }
            ]
        },
        "Planning Time": 294.65,
        "Triggers": [],
        "Execution Time": 418.211
    }
]