[
  {
    "Plan": {
      "Node Type": "Aggregate",
      "Strategy": "Plain",
      "Partial Mode": "Simple",
      "Parallel Aware": false,
      "Startup Cost": 125432.08,
      "Total Cost": 125432.09,
      "Plan Rows": 1,
      "Plan Width": 32,
      "Actual Startup Time": 612.705,
      "Actual Total Time": 649.329,
      "Actual Rows": 1,
      "Actual Loops": 1,
      "Plans": [
        {
          "Node Type": "Gather",
          "Parent Relationship": "Outer",
          "Parallel Aware": false,
          "Startup Cost": 80742.98,
          "Total Cost": 125432.07,
          "Plan Rows": 4,
          "Plan Width": 17,
          "Actual Startup Time": 449.106,
          "Actual Total Time": 648.912,
          "Actual Rows": 2445,
          "Actual Loops": 1,
          "Workers Planned": 4,
          "Workers Launched": 4,
          "Single Copy": false,
          "Plans": [
            {
              "Node Type": "Hash Join",
              "Parent Relationship": "Outer",
              "Parallel Aware": true,
              "Join Type": "Inner",
              "Startup Cost": 79742.98,
              "Total Cost": 124431.67,
              "Plan Rows": 1,
              "Plan Width": 17,
              "Actual Startup Time": 443.104,
              "Actual Total Time": 601.678,
              "Actual Rows": 489,
              "Actual Loops": 5,
              "Inner Unique": false,
              "Hash Cond": "(t.id = mc.movie_id)",
              "Plans": [
                {
                  "Node Type": "Seq Scan",
                  "Parent Relationship": "Outer",
                  "Parallel Aware": true,
                  "Relation Name": "title",
                  "Alias": "t",
                  "Startup Cost": 0.0,
                  "Total Cost": 42318.49,
                  "Plan Rows": 632049,
                  "Plan Width": 21,
                  "Actual Startup Time": 0.026,
                  "Actual Total Time": 91.316,
                  "Actual Rows": 505662,
                  "Actual Loops": 5
                },
                {
                  "Node Type": "Hash",
                  "Parent Relationship": "Inner",
                  "Parallel Aware": true,
                  "Startup Cost": 79742.97,
                  "Total Cost": 79742.97,
                  "Plan Rows": 1,
                  "Plan Width": 8,
                  "Actual Startup Time": 437.592,
                  "Actual Total Time": 437.601,
                  "Actual Rows": 489,
                  "Actual Loops": 5,
                  "Hash Buckets": 1024,
                  "Original Hash Buckets": 1024,
                  "Hash Batches": 1,
                  "Original Hash Batches": 1,
                  "Peak Memory Usage": 168,
                  "Plans": [
                    {
                      "Node Type": "Hash Join",
                      "Parent Relationship": "Outer",
                      "Parallel Aware": true,
                      "Join Type": "Inner",
                      "Startup Cost": 50262.64,
                      "Total Cost": 79742.97,
                      "Plan Rows": 1,
                      "Plan Width": 8,
                      "Actual Startup Time": 297.344,
                      "Actual Total Time": 436.723,
                      "Actual Rows": 489,
                      "Actual Loops": 5,
                      "Inner Unique": false,
                      "Hash Cond": "(mc.movie_id = mk.movie_id)",
                      "Plans": [
                        {
                          "Node Type": "Hash Join",
                          "Parent Relationship": "Outer",
                          "Parallel Aware": true,
                          "Join Type": "Inner",
                          "Startup Cost": 4758.17,
                          "Total Cost": 34174.1,
                          "Plan Rows": 17170,
                          "Plan Width": 4,
                          "Actual Startup Time": 13.205,
                          "Actual Total Time": 151.057,
                          "Actual Rows": 8374,
                          "Actual Loops": 5,
                          "Inner Unique": true,
                          "Hash Cond": "(mc.company_id = cn.id)",
                          "Plans": [
                            {
                              "Node Type": "Seq Scan",
                              "Parent Relationship": "Outer",
                              "Parallel Aware": true,
                              "Relation Name": "movie_companies",
                              "Alias": "mc",
                              "Startup Cost": 0.0,
                              "Total Cost": 27206.55,
                              "Plan Rows": 841655,
                              "Plan Width": 8,
                              "Actual Startup Time": 0.02,
                              "Actual Total Time": 76.075,
                              "Actual Rows": 521826,
                              "Actual Loops": 5
                            },
                            {
                              "Node Type": "Hash",
                              "Parent Relationship": "Inner",
                              "Parallel Aware": true,
                              "Startup Cost": 4722.92,
                              "Total Cost": 4722.92,
                              "Plan Rows": 2820,
                              "Plan Width": 4,
                              "Actual Startup Time": 13.018,
                              "Actual Total Time": 13.019,
                              "Actual Rows": 947,
                              "Actual Loops": 5,
                              "Hash Buckets": 8192,
                              "Original Hash Buckets": 8192,
                              "Hash Batches": 1,
                              "Original Hash Batches": 1,
                              "Peak Memory Usage": 384,
                              "Plans": [
                                {
                                  "Node Type": "Seq Scan",
                                  "Parent Relationship": "Outer",
                                  "Parallel Aware": true,
                                  "Relation Name": "company_name",
                                  "Alias": "cn",
                                  "Startup Cost": 0.0,
                                  "Total Cost": 4722.92,
                                  "Plan Rows": 2820,
                                  "Plan Width": 4,
                                  "Actual Startup Time": 0.041,
                                  "Actual Total Time": 12.338,
                                  "Actual Rows": 947,
                                  "Actual Loops": 5,
                                  "Filter": "((country_code)::text = '[au]'::text)",
                                  "Rows Removed by Filter": 46053
                                }
                              ]
                            }
                          ]
                        },
                        {
                          "Node Type": "Hash",
                          "Parent Relationship": "Inner",
                          "Parallel Aware": true,
                          "Startup Cost": 45504.33,
                          "Total Cost": 45504.33,
                          "Plan Rows": 11,
                          "Plan Width": 4,
                          "Actual Startup Time": 282.733,
                          "Actual Total Time": 282.737,
                          "Actual Rows": 8368,
                          "Actual Loops": 5,
                          "Hash Buckets": 65536,
                          "Original Hash Buckets": 1024,
                          "Hash Batches": 1,
                          "Original Hash Batches": 1,
                          "Peak Memory Usage": 2744,
                          "Plans": [
                            {
                              "Node Type": "Hash Join",
                              "Parent Relationship": "Outer",
                              "Parallel Aware": false,
                              "Join Type": "Inner",
                              "Startup Cost": 2626.14,
                              "Total Cost": 45504.33,
                              "Plan Rows": 11,
                              "Plan Width": 4,
                              "Actual Startup Time": 28.055,
                              "Actual Total Time": 240.739,
                              "Actual Rows": 8368,
                              "Actual Loops": 5,
                              "Inner Unique": true,
                              "Hash Cond": "(mk.keyword_id = k.id)",
                              "Plans": [
                                {
                                  "Node Type": "Seq Scan",
                                  "Parent Relationship": "Outer",
                                  "Parallel Aware": true,
                                  "Relation Name": "movie_keyword",
                                  "Alias": "mk",
                                  "Startup Cost": 0.0,
                                  "Total Cost": 39047.32,
                                  "Plan Rows": 1459332,
                                  "Plan Width": 8,
                                  "Actual Startup Time": 0.073,
                                  "Actual Total Time": 126.956,
                                  "Actual Rows": 904786,
                                  "Actual Loops": 5
                                },
                                {
                                  "Node Type": "Hash",
                                  "Parent Relationship": "Inner",
                                  "Parallel Aware": false,
                                  "Startup Cost": 2626.12,
                                  "Total Cost": 2626.12,
                                  "Plan Rows": 1,
                                  "Plan Width": 4,
                                  "Actual Startup Time": 27.832,
                                  "Actual Total Time": 27.833,
                                  "Actual Rows": 1,
                                  "Actual Loops": 5,
                                  "Hash Buckets": 1024,
                                  "Original Hash Buckets": 1024,
                                  "Hash Batches": 1,
                                  "Original Hash Batches": 1,
                                  "Peak Memory Usage": 9,
                                  "Plans": [
                                    {
                                      "Node Type": "Seq Scan",
                                      "Parent Relationship": "Outer",
                                      "Parallel Aware": false,
                                      "Relation Name": "keyword",
                                      "Alias": "k",
                                      "Startup Cost": 0.0,
                                      "Total Cost": 2626.12,
                                      "Plan Rows": 1,
                                      "Plan Width": 4,
                                      "Actual Startup Time": 2.195,
                                      "Actual Total Time": 27.811,
                                      "Actual Rows": 1,
                                      "Actual Loops": 5,
                                      "Filter": "(keyword = 'character-name-in-title'::text)",
                                      "Rows Removed by Filter": 134169
                                    }
                                  ]
                                }
                              ]
                            }
                          ]
                        }
                      ]
                    }
                  ]
                }
              ]
            }
          ]
        }
      ]
    },
    "Planning Time": 5.218,
    "Triggers": [],
    "Execution Time": 649.726
  }
]