{
  "Plan": {
    "Node Type": "Aggregate",
    "Strategy": "Plain",
    "Partial Mode": "Finalize",
    "Parallel Aware": false,
    "Startup Cost": 87908.1,
    "Total Cost": 87908.11,
    "Plan Rows": 1,
    "Plan Width": 8,
    "Actual Startup Time": 282.285,
    "Actual Total Time": 294.325,
    "Actual Rows": 1,
    "Actual Loops": 1,
    "Plans": [
      {
        "Node Type": "Gather",
        "Parent Relationship": "Outer",
        "Parallel Aware": false,
        "Startup Cost": 87907.99,
        "Total Cost": 87908.1,
        "Plan Rows": 1,
        "Plan Width": 8,
        "Actual Startup Time": 281.51,
        "Actual Total Time": 294.315,
        "Actual Rows": 2,
        "Actual Loops": 1,
        "Workers Planned": 1,
        "Workers Launched": 1,
        "Single Copy": false,
        "Plans": [
          {
            "Node Type": "Aggregate",
            "Strategy": "Plain",
            "Partial Mode": "Partial",
            "Parent Relationship": "Outer",
            "Parallel Aware": false,
            "Startup Cost": 86907.99,
            "Total Cost": 86908.0,
            "Plan Rows": 1,
            "Plan Width": 8,
            "Actual Startup Time": 275.726,
            "Actual Total Time": 275.731,
            "Actual Rows": 1,
            "Actual Loops": 2,
            "Plans": [
              {
                "Node Type": "Hash Join",
                "Parent Relationship": "Outer",
                "Parallel Aware": true,
                "Join Type": "Inner",
                "Startup Cost": 26951.27,
                "Total Cost": 86855.66,
                "Plan Rows": 20934,
                "Plan Width": 0,
                "Actual Startup Time": 166.259,
                "Actual Total Time": 273.203,
                "Actual Rows": 46437,
                "Actual Loops": 2,
                "Inner Unique": false,
                "Hash Cond": "(t.id = mc.movie_id)",
                "Plans": [
                  {
                    "Node Type": "Seq Scan",
                    "Parent Relationship": "Outer",
                    "Parallel Aware": true,
                    "Relation Name": "title",
                    "Alias": "t",
                    "Startup Cost": 0.0,
                    "Total Cost": 58306.47,
                    "Plan Rows": 235965,
                    "Plan Width": 4,
                    "Actual Startup Time": 0.022,
                    "Actual Total Time": 141.956,
                    "Actual Rows": 167996,
                    "Actual Loops": 2,
                    "Filter": "((kind_id < 7) AND (production_year > 2005))",
                    "Rows Removed by Filter": 1096160
                  },
                  {
                    "Node Type": "Hash",
                    "Parent Relationship": "Inner",
                    "Parallel Aware": true,
                    "Startup Cost": 25302.0,
                    "Total Cost": 25302.0,
                    "Plan Rows": 131941,
                    "Plan Width": 4,
                    "Actual Startup Time": 76.464,
                    "Actual Total Time": 76.466,
                    "Actual Rows": 110772,
                    "Actual Loops": 2,
                    "Hash Buckets": 262144,
                    "Original Hash Buckets": 262144,
                    "Hash Batches": 1,
                    "Original Hash Batches": 1,
                    "Peak Memory Usage": 10720,
                    "Plans": [
                      {
                        "Node Type": "Bitmap Heap Scan",
                        "Parent Relationship": "Outer",
                        "Parallel Aware": true,
                        "Relation Name": "movie_companies",
                        "Alias": "mc",
                        "Startup Cost": 4862.75,
                        "Total Cost": 25302.0,
                        "Plan Rows": 131941,
                        "Plan Width": 4,
                        "Actual Startup Time": 19.732,
                        "Actual Total Time": 51.107,
                        "Actual Rows": 110772,
                        "Actual Loops": 2,
                        "Recheck Cond": "(company_id > 107546)",
                        "Rows Removed by Index Recheck": 0,
                        "Exact Heap Blocks": 3339,
                        "Lossy Heap Blocks": 0,
                        "Plans": [
                          {
                            "Node Type": "Bitmap Index Scan",
                            "Parent Relationship": "Outer",
                            "Parallel Aware": false,
                            "Index Name": "company_id_movie_companies",
                            "Startup Cost": 0.0,
                            "Total Cost": 4806.67,
                            "Plan Rows": 224299,
                            "Plan Width": 0,
                            "Actual Startup Time": 20.815,
                            "Actual Total Time": 20.815,
                            "Actual Rows": 221543,
                            "Actual Loops": 1,
                            "Index Cond": "(company_id > 107546)"
                          }
                        ]
                      }
                    ]
                  }
                ]
              }
            ]
          }
        ]
      }
    ]
  },
  "Planning Time": 0.661,
  "Triggers": [],
  "Execution Time": 294.437
}