{
  "Plan": {
    "Node Type": "Aggregate",
    "Strategy": "Plain",
    "Partial Mode": "Simple",
    "Parallel Aware": false,
    "Startup Cost": 1941.19,
    "Total Cost": 1941.2,
    "Plan Rows": 1,
    "Plan Width": 8,
    "Actual Startup Time": 1.306,
    "Actual Total Time": 1.309,
    "Actual Rows": 1,
    "Actual Loops": 1,
    "Plans": [
      {
        "Node Type": "Nested Loop",
        "Parent Relationship": "Outer",
        "Parallel Aware": false,
        "Join Type": "Inner",
        "Startup Cost": 1.42,
        "Total Cost": 1941.13,
        "Plan Rows": 27,
        "Plan Width": 0,
        "Actual Startup Time": 0.294,
        "Actual Total Time": 1.3,
        "Actual Rows": 3,
        "Actual Loops": 1,
        "Inner Unique": false,
        "Plans": [
          {
            "Node Type": "Nested Loop",
            "Parent Relationship": "Outer",
            "Parallel Aware": false,
            "Join Type": "Inner",
            "Startup Cost": 0.99,
            "Total Cost": 1913.37,
            "Plan Rows": 50,
            "Plan Width": 8,
            "Actual Startup Time": 0.272,
            "Actual Total Time": 1.273,
            "Actual Rows": 1,
            "Actual Loops": 1,
            "Inner Unique": true,
            "Plans": [
              {
                "Node Type": "Index Scan",
                "Parent Relationship": "Outer",
                "Parallel Aware": false,
                "Scan Direction": "Forward",
                "Index Name": "person_id_cast_info",
                "Relation Name": "cast_info",
                "Alias": "ci",
                "Startup Cost": 0.56,
                "Total Cost": 1059.67,
                "Plan Rows": 101,
                "Plan Width": 4,
                "Actual Startup Time": 0.222,
                "Actual Total Time": 1.223,
                "Actual Rows": 2,
                "Actual Loops": 1,
                "Index Cond": "(person_id = 2536314)",
                "Rows Removed by Index Recheck": 0,
                "Filter": "(role_id = 2)",
                "Rows Removed by Filter": 1922
              },
              {
                "Node Type": "Index Scan",
                "Parent Relationship": "Inner",
                "Parallel Aware": false,
                "Scan Direction": "Forward",
                "Index Name": "title_pkey",
                "Relation Name": "title",
                "Alias": "t",
                "Startup Cost": 0.43,
                "Total Cost": 8.45,
                "Plan Rows": 1,
                "Plan Width": 4,
                "Actual Startup Time": 0.02,
                "Actual Total Time": 0.02,
                "Actual Rows": 0,
                "Actual Loops": 2,
                "Index Cond": "(id = ci.movie_id)",
                "Rows Removed by Index Recheck": 0,
                "Filter": "((kind_id > 2) AND (production_year < 2009))",
                "Rows Removed by Filter": 0
              }
            ]
          },
          {
            "Node Type": "Index Only Scan",
            "Parent Relationship": "Inner",
            "Parallel Aware": false,
            "Scan Direction": "Forward",
            "Index Name": "movie_id_movie_info_idx",
            "Relation Name": "movie_info_idx",
            "Alias": "mi_idx",
            "Startup Cost": 0.43,
            "Total Cost": 0.53,
            "Plan Rows": 3,
            "Plan Width": 4,
            "Actual Startup Time": 0.02,
            "Actual Total Time": 0.023,
            "Actual Rows": 3,
            "Actual Loops": 1,
            "Index Cond": "(movie_id = t.id)",
            "Rows Removed by Index Recheck": 0,
            "Heap Fetches": 3
          }
        ]
      }
    ]
  },
  "Planning Time": 0.903,
  "Triggers": [],
  "Execution Time": 1.384
}