[
  {
    "Plan": {
      "Node Type": "Aggregate",
      "Strategy": "Plain",
      "Partial Mode": "Finalize",
      "Parallel Aware": false,
      "Startup Cost": 327818.33,
      "Total Cost": 327818.34,
      "Plan Rows": 1,
      "Plan Width": 8,
      "Actual Startup Time": 477.069,
      "Actual Total Time": 518.15,
      "Actual Rows": 1,
      "Actual Loops": 1,
      "Plans": [
        {
          "Node Type": "Gather",
          "Parent Relationship": "Outer",
          "Parallel Aware": false,
          "Startup Cost": 327817.71,
          "Total Cost": 327818.32,
          "Plan Rows": 6,
          "Plan Width": 8,
          "Actual Startup Time": 476.937,
          "Actual Total Time": 518.134,
          "Actual Rows": 7,
          "Actual Loops": 1,
          "Workers Planned": 6,
          "Workers Launched": 6,
          "Single Copy": false,
          "Plans": [
            {
              "Node Type": "Aggregate",
              "Strategy": "Plain",
              "Partial Mode": "Partial",
              "Parent Relationship": "Outer",
              "Parallel Aware": false,
              "Startup Cost": 326817.71,
              "Total Cost": 326817.72,
              "Plan Rows": 1,
              "Plan Width": 8,
              "Actual Startup Time": 468.835,
              "Actual Total Time": 468.838,
              "Actual Rows": 1,
              "Actual Loops": 7,
              "Plans": [
                {
                  "Node Type": "Index Scan",
                  "Parent Relationship": "Outer",
                  "Parallel Aware": true,
                  "Scan Direction": "Forward",
                  "Index Name": "role_id_cast_info",
                  "Relation Name": "cast_info",
                  "Alias": "ci",
                  "Startup Cost": 0.56,
                  "Total Cost": 325153.08,
                  "Plan Rows": 665850,
                  "Plan Width": 0,
                  "Actual Startup Time": 0.179,
                  "Actual Total Time": 409.049,
                  "Actual Rows": 1137392,
                  "Actual Loops": 7,
                  "Index Cond": "(role_id > 3)",
                  "Rows Removed by Index Recheck": 0,
                  "Filter": "(person_id > 2508084)",
                  "Rows Removed by Filter": 593128
                }
              ]
            }
          ]
        }
      ]
    },
    "Planning Time": 0.114,
    "Triggers": [],
    "Execution Time": 518.197
  }
]