[
  {
    "Plan": {
      "Node Type": "Aggregate",
      "Strategy": "Plain",
      "Partial Mode": "Finalize",
      "Parallel Aware": false,
      "Startup Cost": 269535.32,
      "Total Cost": 269535.33,
      "Plan Rows": 1,
      "Plan Width": 8,
      "Actual Startup Time": 1032.21,
      "Actual Total Time": 1075.774,
      "Actual Rows": 1,
      "Actual Loops": 1,
      "Plans": [
        {
          "Node Type": "Gather",
          "Parent Relationship": "Outer",
          "Parallel Aware": false,
          "Startup Cost": 269534.8,
          "Total Cost": 269535.31,
          "Plan Rows": 5,
          "Plan Width": 8,
          "Actual Startup Time": 1026.694,
          "Actual Total Time": 1075.762,
          "Actual Rows": 6,
          "Actual Loops": 1,
          "Workers Planned": 5,
          "Workers Launched": 5,
          "Single Copy": false,
          "Plans": [
            {
              "Node Type": "Aggregate",
              "Strategy": "Plain",
              "Partial Mode": "Partial",
              "Parent Relationship": "Outer",
              "Parallel Aware": false,
              "Startup Cost": 268534.8,
              "Total Cost": 268534.81,
              "Plan Rows": 1,
              "Plan Width": 8,
              "Actual Startup Time": 1018.876,
              "Actual Total Time": 1018.882,
              "Actual Rows": 1,
              "Actual Loops": 6,
              "Plans": [
                {
                  "Node Type": "Hash Join",
                  "Parent Relationship": "Outer",
                  "Parallel Aware": true,
                  "Join Type": "Inner",
                  "Startup Cost": 63611.67,
                  "Total Cost": 267746.04,
                  "Plan Rows": 315504,
                  "Plan Width": 0,
                  "Actual Startup Time": 210.21,
                  "Actual Total Time": 951.784,
                  "Actual Rows": 1460498,
                  "Actual Loops": 6,
                  "Inner Unique": false,
                  "Hash Cond": "(mi.movie_id = t.id)",
                  "Plans": [
                    {
                      "Node Type": "Seq Scan",
                      "Parent Relationship": "Outer",
                      "Parallel Aware": true,
                      "Relation Name": "movie_info",
                      "Alias": "mi",
                      "Startup Cost": 0.0,
                      "Total Cost": 191685.19,
                      "Plan Rows": 2969219,
                      "Plan Width": 4,
                      "Actual Startup Time": 0.036,
                      "Actual Total Time": 311.512,
                      "Actual Rows": 2472620,
                      "Actual Loops": 6
                    },
                    {
                      "Node Type": "Hash",
                      "Parent Relationship": "Inner",
                      "Parallel Aware": true,
                      "Startup Cost": 62212.37,
                      "Total Cost": 62212.37,
                      "Plan Rows": 111944,
                      "Plan Width": 8,
                      "Actual Startup Time": 196.968,
                      "Actual Total Time": 196.973,
                      "Actual Rows": 64413,
                      "Actual Loops": 6,
                      "Hash Buckets": 524288,
                      "Original Hash Buckets": 524288,
                      "Hash Batches": 1,
                      "Original Hash Batches": 1,
                      "Peak Memory Usage": 19328,
                      "Plans": [
                        {
                          "Node Type": "Hash Join",
                          "Parent Relationship": "Outer",
                          "Parallel Aware": true,
                          "Join Type": "Inner",
                          "Startup Cost": 47017.81,
                          "Total Cost": 62212.37,
                          "Plan Rows": 111944,
                          "Plan Width": 8,
                          "Actual Startup Time": 133.764,
                          "Actual Total Time": 175.618,
                          "Actual Rows": 64413,
                          "Actual Loops": 6,
                          "Inner Unique": true,
                          "Hash Cond": "(mi_idx.movie_id = t.id)",
                          "Plans": [
                            {
                              "Node Type": "Seq Scan",
                              "Parent Relationship": "Outer",
                              "Parallel Aware": true,
                              "Relation Name": "movie_info_idx",
                              "Alias": "mi_idx",
                              "Startup Cost": 0.0,
                              "Total Cost": 13685.15,
                              "Plan Rows": 575015,
                              "Plan Width": 4,
                              "Actual Startup Time": 0.012,
                              "Actual Total Time": 25.348,
                              "Actual Rows": 230006,
                              "Actual Loops": 6
                            },
                            {
                              "Node Type": "Hash",
                              "Parent Relationship": "Inner",
                              "Parallel Aware": true,
                              "Startup Cost": 45479.59,
                              "Total Cost": 45479.59,
                              "Plan Rows": 123058,
                              "Plan Width": 4,
                              "Actual Startup Time": 109.785,
                              "Actual Total Time": 109.787,
                              "Actual Rows": 60777,
                              "Actual Loops": 6,
                              "Hash Buckets": 524288,
                              "Original Hash Buckets": 524288,
                              "Hash Batches": 1,
                              "Original Hash Batches": 1,
                              "Peak Memory Usage": 18464,
                              "Plans": [
                                {
                                  "Node Type": "Seq Scan",
                                  "Parent Relationship": "Outer",
                                  "Parallel Aware": true,
                                  "Relation Name": "title",
                                  "Alias": "t",
                                  "Startup Cost": 0.0,
                                  "Total Cost": 45479.59,
                                  "Plan Rows": 123058,
                                  "Plan Width": 4,
                                  "Actual Startup Time": 41.304,
                                  "Actual Total Time": 83.736,
                                  "Actual Rows": 60777,
                                  "Actual Loops": 6,
                                  "Filter": "((production_year > 1984) AND (kind_id = 1))",
                                  "Rows Removed by Filter": 360608
                                }
                              ]
                            }
                          ]
                        }
                      ]
                    }
                  ]
                }
              ]
            }
          ]
        }
      ]
    },
    "Planning Time": 0.51,
    "Triggers": [],
    "Execution Time": 1075.832
  }
]