[
  {
    "Plan": {
      "Node Type": "Aggregate",
      "Strategy": "Plain",
      "Partial Mode": "Finalize",
      "Parallel Aware": false,
      "Startup Cost": 30486.25,
      "Total Cost": 30486.26,
      "Plan Rows": 1,
      "Plan Width": 8,
      "Actual Startup Time": 87.991,
      "Actual Total Time": 95.234,
      "Actual Rows": 1,
      "Actual Loops": 1,
      "Plans": [
        {
          "Node Type": "Gather",
          "Parent Relationship": "Outer",
          "Parallel Aware": false,
          "Startup Cost": 30485.93,
          "Total Cost": 30486.24,
          "Plan Rows": 3,
          "Plan Width": 8,
          "Actual Startup Time": 87.679,
          "Actual Total Time": 95.221,
          "Actual Rows": 4,
          "Actual Loops": 1,
          "Workers Planned": 3,
          "Workers Launched": 3,
          "Single Copy": false,
          "Plans": [
            {
              "Node Type": "Aggregate",
              "Strategy": "Plain",
              "Partial Mode": "Partial",
              "Parent Relationship": "Outer",
              "Parallel Aware": false,
              "Startup Cost": 29485.93,
              "Total Cost": 29485.94,
              "Plan Rows": 1,
              "Plan Width": 8,
              "Actual Startup Time": 80.342,
              "Actual Total Time": 80.344,
              "Actual Rows": 1,
              "Actual Loops": 4,
              "Plans": [
                {
                  "Node Type": "Bitmap Heap Scan",
                  "Parent Relationship": "Outer",
                  "Parallel Aware": true,
                  "Relation Name": "movie_keyword",
                  "Alias": "mk",
                  "Startup Cost": 4097.34,
                  "Total Cost": 29330.16,
                  "Plan Rows": 62306,
                  "Plan Width": 0,
                  "Actual Startup Time": 24.986,
                  "Actual Total Time": 77.083,
                  "Actual Rows": 49371,
                  "Actual Loops": 4,
                  "Recheck Cond": "(keyword_id > 69275)",
                  "Rows Removed by Index Recheck": 0,
                  "Exact Heap Blocks": 10511,
                  "Lossy Heap Blocks": 0,
                  "Plans": [
                    {
                      "Node Type": "Bitmap Index Scan",
                      "Parent Relationship": "Outer",
                      "Parallel Aware": false,
                      "Index Name": "keyword_id_movie_keyword",
                      "Startup Cost": 0.0,
                      "Total Cost": 4049.05,
                      "Plan Rows": 193149,
                      "Plan Width": 0,
                      "Actual Startup Time": 27.31,
                      "Actual Total Time": 27.31,
                      "Actual Rows": 197483,
                      "Actual Loops": 1,
                      "Index Cond": "(keyword_id > 69275)"
                    }
                  ]
                }
              ]
            }
          ]
        }
      ]
    },
    "Planning Time": 0.165,
    "Triggers": [],
    "Execution Time": 95.302
  }
]