[
  {
    "Plan": {
      "Node Type": "Aggregate",
      "Strategy": "Plain",
      "Partial Mode": "Finalize",
      "Parallel Aware": false,
      "Startup Cost": 294040.9,
      "Total Cost": 294040.91,
      "Plan Rows": 1,
      "Plan Width": 8,
      "Actual Startup Time": 1359.86,
      "Actual Total Time": 1408.687,
      "Actual Rows": 1,
      "Actual Loops": 1,
      "Plans": [
        {
          "Node Type": "Gather",
          "Parent Relationship": "Outer",
          "Parallel Aware": false,
          "Startup Cost": 294040.38,
          "Total Cost": 294040.89,
          "Plan Rows": 5,
          "Plan Width": 8,
          "Actual Startup Time": 1351.255,
          "Actual Total Time": 1408.674,
          "Actual Rows": 6,
          "Actual Loops": 1,
          "Workers Planned": 5,
          "Workers Launched": 5,
          "Single Copy": false,
          "Plans": [
            {
              "Node Type": "Aggregate",
              "Strategy": "Plain",
              "Partial Mode": "Partial",
              "Parent Relationship": "Outer",
              "Parallel Aware": false,
              "Startup Cost": 293040.38,
              "Total Cost": 293040.39,
              "Plan Rows": 1,
              "Plan Width": 8,
              "Actual Startup Time": 1340.569,
              "Actual Total Time": 1340.711,
              "Actual Rows": 1,
              "Actual Loops": 6,
              "Plans": [
                {
                  "Node Type": "Hash Join",
                  "Parent Relationship": "Outer",
                  "Parallel Aware": true,
                  "Join Type": "Inner",
                  "Startup Cost": 84677.37,
                  "Total Cost": 290182.91,
                  "Plan Rows": 1142986,
                  "Plan Width": 0,
                  "Actual Startup Time": 349.335,
                  "Actual Total Time": 1269.572,
                  "Actual Rows": 1556626,
                  "Actual Loops": 6,
                  "Inner Unique": false,
                  "Hash Cond": "(mi.movie_id = t.id)",
                  "Plans": [
                    {
                      "Node Type": "Seq Scan",
                      "Parent Relationship": "Outer",
                      "Parallel Aware": true,
                      "Relation Name": "movie_info",
                      "Alias": "mi",
                      "Startup Cost": 0.0,
                      "Total Cost": 191560.33,
                      "Plan Rows": 2956733,
                      "Plan Width": 4,
                      "Actual Startup Time": 0.019,
                      "Actual Total Time": 311.117,
                      "Actual Rows": 2472620,
                      "Actual Loops": 6
                    },
                    {
                      "Node Type": "Hash",
                      "Parent Relationship": "Inner",
                      "Parallel Aware": true,
                      "Startup Cost": 81623.1,
                      "Total Cost": 81623.1,
                      "Plan Rows": 244341,
                      "Plan Width": 8,
                      "Actual Startup Time": 344.631,
                      "Actual Total Time": 344.771,
                      "Actual Rows": 111616,
                      "Actual Loops": 6,
                      "Hash Buckets": 1048576,
                      "Original Hash Buckets": 1048576,
                      "Hash Batches": 1,
                      "Original Hash Batches": 1,
                      "Peak Memory Usage": 34496,
                      "Plans": [
                        {
                          "Node Type": "Hash Join",
                          "Parent Relationship": "Outer",
                          "Parallel Aware": true,
                          "Join Type": "Inner",
                          "Startup Cost": 35355.81,
                          "Total Cost": 81623.1,
                          "Plan Rows": 244341,
                          "Plan Width": 8,
                          "Actual Startup Time": 116.161,
                          "Actual Total Time": 298.861,
                          "Actual Rows": 111616,
                          "Actual Loops": 6,
                          "Inner Unique": false,
                          "Hash Cond": "(t.id = mc.movie_id)",
                          "Plans": [
                            {
                              "Node Type": "Seq Scan",
                              "Parent Relationship": "Outer",
                              "Parallel Aware": true,
                              "Relation Name": "title",
                              "Alias": "t",
                              "Startup Cost": 0.0,
                              "Total Cost": 42318.73,
                              "Plan Rows": 632073,
                              "Plan Width": 4,
                              "Actual Startup Time": 0.013,
                              "Actual Total Time": 61.168,
                              "Actual Rows": 421385,
                              "Actual Loops": 6
                            },
                            {
                              "Node Type": "Hash",
                              "Parent Relationship": "Inner",
                              "Parallel Aware": true,
                              "Startup Cost": 31414.82,
                              "Total Cost": 31414.82,
                              "Plan Rows": 315279,
                              "Plan Width": 4,
                              "Actual Startup Time": 114.481,
                              "Actual Total Time": 114.482,
                              "Actual Rows": 111616,
                              "Actual Loops": 6,
                              "Hash Buckets": 1048576,
                              "Original Hash Buckets": 1048576,
                              "Hash Batches": 1,
                              "Original Hash Batches": 1,
                              "Peak Memory Usage": 34464,
                              "Plans": [
                                {
                                  "Node Type": "Seq Scan",
                                  "Parent Relationship": "Outer",
                                  "Parallel Aware": true,
                                  "Relation Name": "movie_companies",
                                  "Alias": "mc",
                                  "Startup Cost": 0.0,
                                  "Total Cost": 31414.82,
                                  "Plan Rows": 315279,
                                  "Plan Width": 4,
                                  "Actual Startup Time": 41.927,
                                  "Actual Total Time": 69.512,
                                  "Actual Rows": 111616,
                                  "Actual Loops": 6,
                                  "Filter": "((company_id < 45707) AND (company_type_id > 1))",
                                  "Rows Removed by Filter": 323239
                                }
                              ]
                            }
                          ]
                        }
                      ]
                    }
                  ]
                }
              ]
            }
          ]
        }
      ]
    },
    "Planning Time": 1.486,
    "Triggers": [],
    "Execution Time": 1408.781
  }
]