[
  {
    "Plan": {
      "Node Type": "Aggregate",
      "Strategy": "Plain",
      "Partial Mode": "Finalize",
      "Parallel Aware": false,
      "Startup Cost": 46380.23,
      "Total Cost": 46380.24,
      "Plan Rows": 1,
      "Plan Width": 8,
      "Actual Startup Time": 157.791,
      "Actual Total Time": 167.398,
      "Actual Rows": 1,
      "Actual Loops": 1,
      "Plans": [
        {
          "Node Type": "Gather",
          "Parent Relationship": "Outer",
          "Parallel Aware": false,
          "Startup Cost": 46379.91,
          "Total Cost": 46380.22,
          "Plan Rows": 3,
          "Plan Width": 8,
          "Actual Startup Time": 157.565,
          "Actual Total Time": 167.388,
          "Actual Rows": 4,
          "Actual Loops": 1,
          "Workers Planned": 3,
          "Workers Launched": 3,
          "Single Copy": false,
          "Plans": [
            {
              "Node Type": "Aggregate",
              "Strategy": "Plain",
              "Partial Mode": "Partial",
              "Parent Relationship": "Outer",
              "Parallel Aware": false,
              "Startup Cost": 45379.91,
              "Total Cost": 45379.92,
              "Plan Rows": 1,
              "Plan Width": 8,
              "Actual Startup Time": 151.997,
              "Actual Total Time": 151.999,
              "Actual Rows": 1,
              "Actual Loops": 4,
              "Plans": [
                {
                  "Node Type": "Seq Scan",
                  "Parent Relationship": "Outer",
                  "Parallel Aware": true,
                  "Relation Name": "movie_keyword",
                  "Alias": "mk",
                  "Startup Cost": 0.0,
                  "Total Cost": 42695.65,
                  "Plan Rows": 1073702,
                  "Plan Width": 0,
                  "Actual Startup Time": 0.04,
                  "Actual Total Time": 116.925,
                  "Actual Rows": 831173,
                  "Actual Loops": 4,
                  "Filter": "(keyword_id < 15351)",
                  "Rows Removed by Filter": 299809
                }
              ]
            }
          ]
        }
      ]
    },
    "Planning Time": 0.185,
    "Triggers": [],
    "Execution Time": 167.451
  }
]