{
  "Plan": {
    "Node Type": "Aggregate",
    "Strategy": "Plain",
    "Partial Mode": "Finalize",
    "Parallel Aware": false,
    "Startup Cost": 129382.55,
    "Total Cost": 129382.56,
    "Plan Rows": 1,
    "Plan Width": 8,
    "Actual Startup Time": 715.474,
    "Actual Total Time": 732.737,
    "Actual Rows": 1,
    "Actual Loops": 1,
    "Plans": [
      {
        "Node Type": "Gather",
        "Parent Relationship": "Outer",
        "Parallel Aware": false,
        "Startup Cost": 129382.44,
        "Total Cost": 129382.55,
        "Plan Rows": 1,
        "Plan Width": 8,
        "Actual Startup Time": 713.726,
        "Actual Total Time": 732.73,
        "Actual Rows": 2,
        "Actual Loops": 1,
        "Workers Planned": 1,
        "Workers Launched": 1,
        "Single Copy": false,
        "Plans": [
          {
            "Node Type": "Aggregate",
            "Strategy": "Plain",
            "Partial Mode": "Partial",
            "Parent Relationship": "Outer",
            "Parallel Aware": false,
            "Startup Cost": 128382.44,
            "Total Cost": 128382.45,
            "Plan Rows": 1,
            "Plan Width": 8,
            "Actual Startup Time": 707.811,
            "Actual Total Time": 707.814,
            "Actual Rows": 1,
            "Actual Loops": 2,
            "Plans": [
              {
                "Node Type": "Hash Join",
                "Parent Relationship": "Outer",
                "Parallel Aware": true,
                "Join Type": "Inner",
                "Startup Cost": 64726.58,
                "Total Cost": 126912.88,
                "Plan Rows": 587824,
                "Plan Width": 0,
                "Actual Startup Time": 272.8,
                "Actual Total Time": 662.649,
                "Actual Rows": 1179172,
                "Actual Loops": 2,
                "Inner Unique": true,
                "Hash Cond": "(mk.movie_id = t.id)",
                "Plans": [
                  {
                    "Node Type": "Seq Scan",
                    "Parent Relationship": "Outer",
                    "Parallel Aware": true,
                    "Relation Name": "movie_keyword",
                    "Alias": "mk",
                    "Startup Cost": 0.0,
                    "Total Cost": 57718.19,
                    "Plan Rows": 1702131,
                    "Plan Width": 4,
                    "Actual Startup Time": 0.22,
                    "Actual Total Time": 186.688,
                    "Actual Rows": 1439172,
                    "Actual Loops": 2,
                    "Filter": "(keyword_id > 2497)",
                    "Rows Removed by Filter": 822793
                  },
                  {
                    "Node Type": "Hash",
                    "Parent Relationship": "Inner",
                    "Parallel Aware": true,
                    "Startup Cost": 58306.47,
                    "Total Cost": 58306.47,
                    "Plan Rows": 513609,
                    "Plan Width": 4,
                    "Actual Startup Time": 263.248,
                    "Actual Total Time": 263.249,
                    "Actual Rows": 448394,
                    "Actual Loops": 2,
                    "Hash Buckets": 1048576,
                    "Original Hash Buckets": 1048576,
                    "Hash Batches": 1,
                    "Original Hash Batches": 1,
                    "Peak Memory Usage": 43328,
                    "Plans": [
                      {
                        "Node Type": "Seq Scan",
                        "Parent Relationship": "Outer",
                        "Parallel Aware": true,
                        "Relation Name": "title",
                        "Alias": "t",
                        "Startup Cost": 0.0,
                        "Total Cost": 58306.47,
                        "Plan Rows": 513609,
                        "Plan Width": 4,
                        "Actual Startup Time": 0.038,
                        "Actual Total Time": 157.71,
                        "Actual Rows": 448394,
                        "Actual Loops": 2,
                        "Filter": "((kind_id < 7) AND (production_year < 2012))",
                        "Rows Removed by Filter": 815762
                      }
                    ]
                  }
                ]
              }
            ]
          }
        ]
      }
    ]
  },
  "Planning Time": 0.677,
  "Triggers": [],
  "Execution Time": 732.804
}