[
    {
        "Bao": {
            "Bao prediction": "NaN",
            "Bao recommended hint": "(no hint)"
        }
    },
    {
        "Plan": {
            "Node Type": "Aggregate",
            "Strategy": "Plain",
            "Partial Mode": "Finalize",
            "Parallel Aware": false,
            "Startup Cost": 32760.42,
            "Total Cost": 32760.43,
            "Plan Rows": 1,
            "Plan Width": 8,
            "Actual Startup Time": 89.498,
            "Actual Total Time": 95.353,
            "Actual Rows": 1,
            "Actual Loops": 1,
            "Output": [
                "count(*)"
            ],
            "Plans": [
                {
                    "Node Type": "Gather",
                    "Parent Relationship": "Outer",
                    "Parallel Aware": false,
                    "Startup Cost": 32760.1,
                    "Total Cost": 32760.41,
                    "Plan Rows": 3,
                    "Plan Width": 8,
                    "Actual Startup Time": 89.4,
                    "Actual Total Time": 95.347,
                    "Actual Rows": 4,
                    "Actual Loops": 1,
                    "Output": [
                        "(PARTIAL count(*))"
                    ],
                    "Workers Planned": 3,
                    "Workers Launched": 3,
                    "Single Copy": false,
                    "Plans": [
                        {
                            "Node Type": "Aggregate",
                            "Strategy": "Plain",
                            "Partial Mode": "Partial",
                            "Parent Relationship": "Outer",
                            "Parallel Aware": false,
                            "Startup Cost": 31760.1,
                            "Total Cost": 31760.11,
                            "Plan Rows": 1,
                            "Plan Width": 8,
                            "Actual Startup Time": 81.152,
                            "Actual Total Time": 81.153,
                            "Actual Rows": 1,
                            "Actual Loops": 4,
                            "Output": [
                                "PARTIAL count(*)"
                            ],
                            "Workers": [
                                {
                                    "Worker Number": 0,
                                    "Actual Startup Time": 78.207,
                                    "Actual Total Time": 78.207,
                                    "Actual Rows": 1,
                                    "Actual Loops": 1
                                },
                                {
                                    "Worker Number": 1,
                                    "Actual Startup Time": 78.573,
                                    "Actual Total Time": 78.574,
                                    "Actual Rows": 1,
                                    "Actual Loops": 1
                                },
                                {
                                    "Worker Number": 2,
                                    "Actual Startup Time": 78.913,
                                    "Actual Total Time": 78.914,
                                    "Actual Rows": 1,
                                    "Actual Loops": 1
                                }
                            ],
                            "Plans": [
                                {
                                    "Node Type": "Seq Scan",
                                    "Parent Relationship": "Outer",
                                    "Parallel Aware": true,
                                    "Relation Name": "movie_companies",
                                    "Schema": "public",
                                    "Alias": "mc",
                                    "Startup Cost": 0.0,
                                    "Total Cost": 31414.82,
                                    "Plan Rows": 138113,
                                    "Plan Width": 0,
                                    "Actual Startup Time": 48.226,
                                    "Actual Total Time": 78.299,
                                    "Actual Rows": 61248,
                                    "Actual Loops": 4,
                                    "Output": [
                                        "id",
                                        "movie_id",
                                        "company_id",
                                        "company_type_id",
                                        "note"
                                    ],
                                    "Filter": "((mc.company_id < 2174) AND (mc.company_type_id = 2))",
                                    "Rows Removed by Filter": 591034,
                                    "Workers": [
                                        {
                                            "Worker Number": 0,
                                            "Actual Startup Time": 45.271,
                                            "Actual Total Time": 75.477,
                                            "Actual Rows": 46044,
                                            "Actual Loops": 1
                                        },
                                        {
                                            "Worker Number": 1,
                                            "Actual Startup Time": 45.653,
                                            "Actual Total Time": 75.721,
                                            "Actual Rows": 53643,
                                            "Actual Loops": 1
                                        },
                                        {
                                            "Worker Number": 2,
                                            "Actual Startup Time": 45.991,
                                            "Actual Total Time": 76.16,
                                            "Actual Rows": 65137,
                                            "Actual Loops": 1
                                        }
                                    ]
                                }
                            ]
                        }
                    ]
                }
            ]
        },
        "Planning Time": 234.01,
        "Triggers": [],
        "Execution Time": 95.435
    }
]