{
  "Plan": {
    "Node Type": "Aggregate",
    "Strategy": "Plain",
    "Partial Mode": "Finalize",
    "Parallel Aware": false,
    "Startup Cost": 301445.96,
    "Total Cost": 301445.97,
    "Plan Rows": 1,
    "Plan Width": 8,
    "Actual Startup Time": 1105.864,
    "Actual Total Time": 1125.063,
    "Actual Rows": 1,
    "Actual Loops": 1,
    "Plans": [
      {
        "Node Type": "Gather",
        "Parent Relationship": "Outer",
        "Parallel Aware": false,
        "Startup Cost": 301445.85,
        "Total Cost": 301445.96,
        "Plan Rows": 1,
        "Plan Width": 8,
        "Actual Startup Time": 1100.795,
        "Actual Total Time": 1125.054,
        "Actual Rows": 2,
        "Actual Loops": 1,
        "Workers Planned": 1,
        "Workers Launched": 1,
        "Single Copy": false,
        "Plans": [
          {
            "Node Type": "Aggregate",
            "Strategy": "Plain",
            "Partial Mode": "Partial",
            "Parent Relationship": "Outer",
            "Parallel Aware": false,
            "Startup Cost": 300445.85,
            "Total Cost": 300445.86,
            "Plan Rows": 1,
            "Plan Width": 8,
            "Actual Startup Time": 1087.734,
            "Actual Total Time": 1087.741,
            "Actual Rows": 1,
            "Actual Loops": 2,
            "Plans": [
              {
                "Node Type": "Hash Join",
                "Parent Relationship": "Outer",
                "Parallel Aware": true,
                "Join Type": "Inner",
                "Startup Cost": 238144.73,
                "Total Cost": 300071.1,
                "Plan Rows": 149899,
                "Plan Width": 0,
                "Actual Startup Time": 573.2,
                "Actual Total Time": 1014.125,
                "Actual Rows": 1884475,
                "Actual Loops": 2,
                "Inner Unique": false,
                "Hash Cond": "(mk.movie_id = t.id)",
                "Plans": [
                  {
                    "Node Type": "Seq Scan",
                    "Parent Relationship": "Outer",
                    "Parallel Aware": true,
                    "Relation Name": "movie_keyword",
                    "Alias": "mk",
                    "Startup Cost": 0.0,
                    "Total Cost": 51065.35,
                    "Plan Rows": 2661135,
                    "Plan Width": 4,
                    "Actual Startup Time": 0.016,
                    "Actual Total Time": 150.446,
                    "Actual Rows": 2261965,
                    "Actual Loops": 2
                  },
                  {
                    "Node Type": "Hash",
                    "Parent Relationship": "Inner",
                    "Parallel Aware": true,
                    "Startup Cost": 237097.55,
                    "Total Cost": 237097.55,
                    "Plan Rows": 83774,
                    "Plan Width": 8,
                    "Actual Startup Time": 569.721,
                    "Actual Total Time": 569.726,
                    "Actual Rows": 70032,
                    "Actual Loops": 2,
                    "Hash Buckets": 262144,
                    "Original Hash Buckets": 262144,
                    "Hash Batches": 1,
                    "Original Hash Batches": 1,
                    "Peak Memory Usage": 7584,
                    "Plans": [
                      {
                        "Node Type": "Hash Join",
                        "Parent Relationship": "Outer",
                        "Parallel Aware": true,
                        "Join Type": "Inner",
                        "Startup Cost": 72044.86,
                        "Total Cost": 237097.55,
                        "Plan Rows": 83774,
                        "Plan Width": 8,
                        "Actual Startup Time": 521.098,
                        "Actual Total Time": 556.401,
                        "Actual Rows": 70032,
                        "Actual Loops": 2,
                        "Inner Unique": true,
                        "Hash Cond": "(mi.movie_id = t.id)",
                        "Plans": [
                          {
                            "Node Type": "Bitmap Heap Scan",
                            "Parent Relationship": "Outer",
                            "Parallel Aware": true,
                            "Relation Name": "movie_info",
                            "Alias": "mi",
                            "Startup Cost": 2584.16,
                            "Total Cost": 167416.95,
                            "Plan Rows": 83774,
                            "Plan Width": 4,
                            "Actual Startup Time": 7.556,
                            "Actual Total Time": 15.785,
                            "Actual Rows": 70032,
                            "Actual Loops": 2,
                            "Recheck Cond": "(info_type_id = 9)",
                            "Rows Removed by Index Recheck": 0,
                            "Exact Heap Blocks": 867,
                            "Lossy Heap Blocks": 0,
                            "Plans": [
                              {
                                "Node Type": "Bitmap Index Scan",
                                "Parent Relationship": "Outer",
                                "Parallel Aware": false,
                                "Index Name": "info_type_id_movie_info",
                                "Startup Cost": 0.0,
                                "Total Cost": 2548.55,
                                "Plan Rows": 142416,
                                "Plan Width": 0,
                                "Actual Startup Time": 7.332,
                                "Actual Total Time": 7.332,
                                "Actual Rows": 140065,
                                "Actual Loops": 1,
                                "Index Cond": "(info_type_id = 9)"
                              }
                            ]
                          },
                          {
                            "Node Type": "Hash",
                            "Parent Relationship": "Inner",
                            "Parallel Aware": true,
                            "Startup Cost": 50870.31,
                            "Total Cost": 50870.31,
                            "Plan Rows": 1487231,
                            "Plan Width": 4,
                            "Actual Startup Time": 495.351,
                            "Actual Total Time": 495.352,
                            "Actual Rows": 1264156,
                            "Actual Loops": 2,
                            "Hash Buckets": 4194304,
                            "Original Hash Buckets": 4194304,
                            "Hash Batches": 1,
                            "Original Hash Batches": 1,
                            "Peak Memory Usage": 131712,
                            "Plans": [
                              {
                                "Node Type": "Seq Scan",
                                "Parent Relationship": "Outer",
                                "Parallel Aware": true,
                                "Relation Name": "title",
                                "Alias": "t",
                                "Startup Cost": 0.0,
                                "Total Cost": 50870.31,
                                "Plan Rows": 1487231,
                                "Plan Width": 4,
                                "Actual Startup Time": 0.027,
                                "Actual Total Time": 151.352,
                                "Actual Rows": 1264156,
                                "Actual Loops": 2
                              }
                            ]
                          }
                        ]
                      }
                    ]
                  }
                ]
              }
            ]
          }
        ]
      }
    ]
  },
  "Planning Time": 1.026,
  "Triggers": [],
  "Execution Time": 1125.161
}