[
  {
    "Plan": {
      "Node Type": "Aggregate",
      "Strategy": "Plain",
      "Partial Mode": "Finalize",
      "Parallel Aware": false,
      "Startup Cost": 348035.16,
      "Total Cost": 348035.17,
      "Plan Rows": 1,
      "Plan Width": 8,
      "Actual Startup Time": 864.299,
      "Actual Total Time": 909.387,
      "Actual Rows": 1,
      "Actual Loops": 1,
      "Plans": [
        {
          "Node Type": "Gather",
          "Parent Relationship": "Outer",
          "Parallel Aware": false,
          "Startup Cost": 348034.53,
          "Total Cost": 348035.14,
          "Plan Rows": 6,
          "Plan Width": 8,
          "Actual Startup Time": 864.117,
          "Actual Total Time": 909.371,
          "Actual Rows": 7,
          "Actual Loops": 1,
          "Workers Planned": 6,
          "Workers Launched": 6,
          "Single Copy": false,
          "Plans": [
            {
              "Node Type": "Aggregate",
              "Strategy": "Plain",
              "Partial Mode": "Partial",
              "Parent Relationship": "Outer",
              "Parallel Aware": false,
              "Startup Cost": 347034.53,
              "Total Cost": 347034.54,
              "Plan Rows": 1,
              "Plan Width": 8,
              "Actual Startup Time": 856.16,
              "Actual Total Time": 856.162,
              "Actual Rows": 1,
              "Actual Loops": 7,
              "Plans": [
                {
                  "Node Type": "Seq Scan",
                  "Parent Relationship": "Outer",
                  "Parallel Aware": true,
                  "Relation Name": "cast_info",
                  "Alias": "ci",
                  "Startup Cost": 0.0,
                  "Total Cost": 343316.27,
                  "Plan Rows": 1487304,
                  "Plan Width": 0,
                  "Actual Startup Time": 0.049,
                  "Actual Total Time": 766.642,
                  "Actual Rows": 1542821,
                  "Actual Loops": 7,
                  "Filter": "((person_id < 1332216) AND (role_id < 4))",
                  "Rows Removed by Filter": 3634943
                }
              ]
            }
          ]
        }
      ]
    },
    "Planning Time": 0.238,
    "Triggers": [],
    "Execution Time": 909.467
  }
]