[
  {
    "Plan": {
      "Node Type": "Aggregate",
      "Strategy": "Plain",
      "Partial Mode": "Finalize",
      "Parallel Aware": false,
      "Startup Cost": 347970.09,
      "Total Cost": 347970.1,
      "Plan Rows": 1,
      "Plan Width": 8,
      "Actual Startup Time": 692.235,
      "Actual Total Time": 750.005,
      "Actual Rows": 1,
      "Actual Loops": 1,
      "Plans": [
        {
          "Node Type": "Gather",
          "Parent Relationship": "Outer",
          "Parallel Aware": false,
          "Startup Cost": 347969.47,
          "Total Cost": 347970.08,
          "Plan Rows": 6,
          "Plan Width": 8,
          "Actual Startup Time": 692.122,
          "Actual Total Time": 749.994,
          "Actual Rows": 7,
          "Actual Loops": 1,
          "Workers Planned": 6,
          "Workers Launched": 6,
          "Single Copy": false,
          "Plans": [
            {
              "Node Type": "Aggregate",
              "Strategy": "Plain",
              "Partial Mode": "Partial",
              "Parent Relationship": "Outer",
              "Parallel Aware": false,
              "Startup Cost": 346969.47,
              "Total Cost": 346969.48,
              "Plan Rows": 1,
              "Plan Width": 8,
              "Actual Startup Time": 682.434,
              "Actual Total Time": 682.435,
              "Actual Rows": 1,
              "Actual Loops": 7,
              "Plans": [
                {
                  "Node Type": "Seq Scan",
                  "Parent Relationship": "Outer",
                  "Parallel Aware": true,
                  "Relation Name": "cast_info",
                  "Alias": "ci",
                  "Startup Cost": 0.0,
                  "Total Cost": 343257.03,
                  "Plan Rows": 1484975,
                  "Plan Width": 0,
                  "Actual Startup Time": 0.05,
                  "Actual Total Time": 615.281,
                  "Actual Rows": 1542821,
                  "Actual Loops": 7,
                  "Filter": "((person_id < 1332216) AND (role_id < 4))",
                  "Rows Removed by Filter": 3634943
                }
              ]
            }
          ]
        }
      ]
    },
    "Planning Time": 0.233,
    "Triggers": [],
    "Execution Time": 750.081
  }
]