[
  {
    "Plan": {
      "Node Type": "Aggregate",
      "Strategy": "Plain",
      "Partial Mode": "Finalize",
      "Parallel Aware": false,
      "Startup Cost": 84215.43,
      "Total Cost": 84215.44,
      "Plan Rows": 1,
      "Plan Width": 8,
      "Actual Startup Time": 403.602,
      "Actual Total Time": 416.199,
      "Actual Rows": 1,
      "Actual Loops": 1,
      "Plans": [
        {
          "Node Type": "Gather",
          "Parent Relationship": "Outer",
          "Parallel Aware": false,
          "Startup Cost": 84215.11,
          "Total Cost": 84215.42,
          "Plan Rows": 3,
          "Plan Width": 8,
          "Actual Startup Time": 398.719,
          "Actual Total Time": 416.184,
          "Actual Rows": 4,
          "Actual Loops": 1,
          "Workers Planned": 3,
          "Workers Launched": 3,
          "Single Copy": false,
          "Plans": [
            {
              "Node Type": "Aggregate",
              "Strategy": "Plain",
              "Partial Mode": "Partial",
              "Parent Relationship": "Outer",
              "Parallel Aware": false,
              "Startup Cost": 83215.11,
              "Total Cost": 83215.12,
              "Plan Rows": 1,
              "Plan Width": 8,
              "Actual Startup Time": 390.879,
              "Actual Total Time": 390.883,
              "Actual Rows": 1,
              "Actual Loops": 4,
              "Plans": [
                {
                  "Node Type": "Hash Join",
                  "Parent Relationship": "Outer",
                  "Parallel Aware": true,
                  "Join Type": "Inner",
                  "Startup Cost": 50289.61,
                  "Total Cost": 82660.7,
                  "Plan Rows": 221767,
                  "Plan Width": 0,
                  "Actual Startup Time": 260.238,
                  "Actual Total Time": 387.537,
                  "Actual Rows": 80652,
                  "Actual Loops": 4,
                  "Inner Unique": true,
                  "Hash Cond": "(mc.movie_id = t.id)",
                  "Plans": [
                    {
                      "Node Type": "Seq Scan",
                      "Parent Relationship": "Outer",
                      "Parallel Aware": true,
                      "Relation Name": "movie_companies",
                      "Alias": "mc",
                      "Startup Cost": 0.0,
                      "Total Cost": 31414.82,
                      "Plan Rows": 364292,
                      "Plan Width": 4,
                      "Actual Startup Time": 0.034,
                      "Actual Total Time": 63.101,
                      "Actual Rows": 262466,
                      "Actual Loops": 4,
                      "Filter": "((company_id > 159) AND (company_type_id < 2))",
                      "Rows Removed by Filter": 389817
                    },
                    {
                      "Node Type": "Hash",
                      "Parent Relationship": "Inner",
                      "Parallel Aware": true,
                      "Startup Cost": 45479.59,
                      "Total Cost": 45479.59,
                      "Plan Rows": 384802,
                      "Plan Width": 4,
                      "Actual Startup Time": 255.129,
                      "Actual Total Time": 255.13,
                      "Actual Rows": 409634,
                      "Actual Loops": 4,
                      "Hash Buckets": 2097152,
                      "Original Hash Buckets": 2097152,
                      "Hash Batches": 1,
                      "Original Hash Batches": 1,
                      "Peak Memory Usage": 80544,
                      "Plans": [
                        {
                          "Node Type": "Seq Scan",
                          "Parent Relationship": "Outer",
                          "Parallel Aware": true,
                          "Relation Name": "title",
                          "Alias": "t",
                          "Startup Cost": 0.0,
                          "Total Cost": 45479.59,
                          "Plan Rows": 384802,
                          "Plan Width": 4,
                          "Actual Startup Time": 0.043,
                          "Actual Total Time": 106.873,
                          "Actual Rows": 409634,
                          "Actual Loops": 4,
                          "Filter": "((kind_id > 2) AND (production_year > 1962))",
                          "Rows Removed by Filter": 222444
                        }
                      ]
                    }
                  ]
                }
              ]
            }
          ]
        }
      ]
    },
    "Planning Time": 0.509,
    "Triggers": [],
    "Execution Time": 416.251
  }
]