[
  {
    "Plan": {
      "Node Type": "Aggregate",
      "Strategy": "Plain",
      "Partial Mode": "Finalize",
      "Parallel Aware": false,
      "Startup Cost": 338642.45,
      "Total Cost": 338642.46,
      "Plan Rows": 1,
      "Plan Width": 8,
      "Actual Startup Time": 853.747,
      "Actual Total Time": 902.248,
      "Actual Rows": 1,
      "Actual Loops": 1,
      "Plans": [
        {
          "Node Type": "Gather",
          "Parent Relationship": "Outer",
          "Parallel Aware": false,
          "Startup Cost": 338641.82,
          "Total Cost": 338642.43,
          "Plan Rows": 6,
          "Plan Width": 8,
          "Actual Startup Time": 853.627,
          "Actual Total Time": 902.22,
          "Actual Rows": 7,
          "Actual Loops": 1,
          "Workers Planned": 6,
          "Workers Launched": 6,
          "Single Copy": false,
          "Plans": [
            {
              "Node Type": "Aggregate",
              "Strategy": "Plain",
              "Partial Mode": "Partial",
              "Parent Relationship": "Outer",
              "Parallel Aware": false,
              "Startup Cost": 337641.82,
              "Total Cost": 337641.83,
              "Plan Rows": 1,
              "Plan Width": 8,
              "Actual Startup Time": 844.939,
              "Actual Total Time": 844.94,
              "Actual Rows": 1,
              "Actual Loops": 7,
              "Plans": [
                {
                  "Node Type": "Seq Scan",
                  "Parent Relationship": "Outer",
                  "Parallel Aware": true,
                  "Relation Name": "cast_info",
                  "Alias": "ci",
                  "Startup Cost": 0.0,
                  "Total Cost": 328211.39,
                  "Plan Rows": 3772173,
                  "Plan Width": 0,
                  "Actual Startup Time": 173.392,
                  "Actual Total Time": 671.142,
                  "Actual Rows": 3210452,
                  "Actual Loops": 7,
                  "Filter": "(person_id > 1356224)",
                  "Rows Removed by Filter": 1967311
                }
              ]
            }
          ]
        }
      ]
    },
    "Planning Time": 0.103,
    "Triggers": [],
    "Execution Time": 902.293
  }
]