[
    {
        "Bao": {
            "Bao prediction": "NaN",
            "Bao recommended hint": "(no hint)"
        }
    },
    {
        "Plan": {
            "Node Type": "Aggregate",
            "Strategy": "Plain",
            "Partial Mode": "Finalize",
            "Parallel Aware": false,
            "Startup Cost": 346912.14,
            "Total Cost": 346912.15,
            "Plan Rows": 1,
            "Plan Width": 8,
            "Actual Startup Time": 563.749,
            "Actual Total Time": 586.03,
            "Actual Rows": 1,
            "Actual Loops": 1,
            "Output": [
                "count(*)"
            ],
            "Plans": [
                {
                    "Node Type": "Gather",
                    "Parent Relationship": "Outer",
                    "Parallel Aware": false,
                    "Startup Cost": 346911.52,
                    "Total Cost": 346912.12,
                    "Plan Rows": 6,
                    "Plan Width": 8,
                    "Actual Startup Time": 563.642,
                    "Actual Total Time": 586.023,
                    "Actual Rows": 7,
                    "Actual Loops": 1,
                    "Output": [
                        "(PARTIAL count(*))"
                    ],
                    "Workers Planned": 6,
                    "Workers Launched": 6,
                    "Single Copy": false,
                    "Plans": [
                        {
                            "Node Type": "Aggregate",
                            "Strategy": "Plain",
                            "Partial Mode": "Partial",
                            "Parent Relationship": "Outer",
                            "Parallel Aware": false,
                            "Startup Cost": 345911.52,
                            "Total Cost": 345911.53,
                            "Plan Rows": 1,
                            "Plan Width": 8,
                            "Actual Startup Time": 554.054,
                            "Actual Total Time": 554.055,
                            "Actual Rows": 1,
                            "Actual Loops": 7,
                            "Output": [
                                "PARTIAL count(*)"
                            ],
                            "Workers": [
                                {
                                    "Worker Number": 0,
                                    "Actual Startup Time": 551.753,
                                    "Actual Total Time": 551.753,
                                    "Actual Rows": 1,
                                    "Actual Loops": 1
                                },
                                {
                                    "Worker Number": 1,
                                    "Actual Startup Time": 551.75,
                                    "Actual Total Time": 551.752,
                                    "Actual Rows": 1,
                                    "Actual Loops": 1
                                },
                                {
                                    "Worker Number": 2,
                                    "Actual Startup Time": 552.547,
                                    "Actual Total Time": 552.548,
                                    "Actual Rows": 1,
                                    "Actual Loops": 1
                                },
                                {
                                    "Worker Number": 3,
                                    "Actual Startup Time": 552.677,
                                    "Actual Total Time": 552.678,
                                    "Actual Rows": 1,
                                    "Actual Loops": 1
                                },
                                {
                                    "Worker Number": 4,
                                    "Actual Startup Time": 553.147,
                                    "Actual Total Time": 553.148,
                                    "Actual Rows": 1,
                                    "Actual Loops": 1
                                },
                                {
                                    "Worker Number": 5,
                                    "Actual Startup Time": 553.233,
                                    "Actual Total Time": 553.234,
                                    "Actual Rows": 1,
                                    "Actual Loops": 1
                                }
                            ],
                            "Plans": [
                                {
                                    "Node Type": "Seq Scan",
                                    "Parent Relationship": "Outer",
                                    "Parallel Aware": true,
                                    "Relation Name": "cast_info",
                                    "Schema": "public",
                                    "Alias": "ci",
                                    "Startup Cost": 0.0,
                                    "Total Cost": 343318.94,
                                    "Plan Rows": 1037030,
                                    "Plan Width": 0,
                                    "Actual Startup Time": 331.602,
                                    "Actual Total Time": 530.408,
                                    "Actual Rows": 577075,
                                    "Actual Loops": 7,
                                    "Output": [
                                        "id",
                                        "person_id",
                                        "movie_id",
                                        "person_role_id",
                                        "note",
                                        "nr_order",
                                        "role_id"
                                    ],
                                    "Filter": "((ci.person_id > 2958916) AND (ci.role_id < 10))",
                                    "Rows Removed by Filter": 4600688,
                                    "Workers": [
                                        {
                                            "Worker Number": 0,
                                            "Actual Startup Time": 329.304,
                                            "Actual Total Time": 528.621,
                                            "Actual Rows": 557731,
                                            "Actual Loops": 1
                                        },
                                        {
                                            "Worker Number": 1,
                                            "Actual Startup Time": 329.293,
                                            "Actual Total Time": 528.797,
                                            "Actual Rows": 550375,
                                            "Actual Loops": 1
                                        },
                                        {
                                            "Worker Number": 2,
                                            "Actual Startup Time": 330.1,
                                            "Actual Total Time": 529.772,
                                            "Actual Rows": 553809,
                                            "Actual Loops": 1
                                        },
                                        {
                                            "Worker Number": 3,
                                            "Actual Startup Time": 330.229,
                                            "Actual Total Time": 529.556,
                                            "Actual Rows": 554962,
                                            "Actual Loops": 1
                                        },
                                        {
                                            "Worker Number": 4,
                                            "Actual Startup Time": 330.692,
                                            "Actual Total Time": 530.135,
                                            "Actual Rows": 554590,
                                            "Actual Loops": 1
                                        },
                                        {
                                            "Worker Number": 5,
                                            "Actual Startup Time": 330.786,
                                            "Actual Total Time": 529.925,
                                            "Actual Rows": 562627,
                                            "Actual Loops": 1
                                        }
                                    ]
                                }
                            ]
                        }
                    ]
                }
            ]
        },
        "Planning Time": 201.367,
        "Triggers": [],
        "Execution Time": 586.078
    }
]