[
  {
    "Plan": {
      "Node Type": "Aggregate",
      "Strategy": "Plain",
      "Partial Mode": "Finalize",
      "Parallel Aware": false,
      "Startup Cost": 33365.4,
      "Total Cost": 33365.41,
      "Plan Rows": 1,
      "Plan Width": 8,
      "Actual Startup Time": 100.886,
      "Actual Total Time": 108.931,
      "Actual Rows": 1,
      "Actual Loops": 1,
      "Plans": [
        {
          "Node Type": "Gather",
          "Parent Relationship": "Outer",
          "Parallel Aware": false,
          "Startup Cost": 33365.09,
          "Total Cost": 33365.4,
          "Plan Rows": 3,
          "Plan Width": 8,
          "Actual Startup Time": 100.8,
          "Actual Total Time": 108.922,
          "Actual Rows": 4,
          "Actual Loops": 1,
          "Workers Planned": 3,
          "Workers Launched": 3,
          "Single Copy": false,
          "Plans": [
            {
              "Node Type": "Aggregate",
              "Strategy": "Plain",
              "Partial Mode": "Partial",
              "Parent Relationship": "Outer",
              "Parallel Aware": false,
              "Startup Cost": 32365.09,
              "Total Cost": 32365.1,
              "Plan Rows": 1,
              "Plan Width": 8,
              "Actual Startup Time": 94.189,
              "Actual Total Time": 94.19,
              "Actual Rows": 1,
              "Actual Loops": 4,
              "Plans": [
                {
                  "Node Type": "Seq Scan",
                  "Parent Relationship": "Outer",
                  "Parallel Aware": true,
                  "Relation Name": "movie_companies",
                  "Alias": "mc",
                  "Startup Cost": 0.0,
                  "Total Cost": 31414.82,
                  "Plan Rows": 380107,
                  "Plan Width": 0,
                  "Actual Startup Time": 48.375,
                  "Actual Total Time": 83.927,
                  "Actual Rows": 262650,
                  "Actual Loops": 4,
                  "Filter": "((company_id < 95349) AND (company_type_id = 2))",
                  "Rows Removed by Filter": 389632
                }
              ]
            }
          ]
        }
      ]
    },
    "Planning Time": 0.22,
    "Triggers": [],
    "Execution Time": 108.989
  }
]