{
  "Plan": {
    "Node Type": "Aggregate",
    "Strategy": "Plain",
    "Partial Mode": "Finalize",
    "Parallel Aware": false,
    "Startup Cost": 50535.48,
    "Total Cost": 50535.49,
    "Plan Rows": 1,
    "Plan Width": 8,
    "Actual Startup Time": 44.157,
    "Actual Total Time": 50.325,
    "Actual Rows": 1,
    "Actual Loops": 1,
    "Plans": [
      {
        "Node Type": "Gather",
        "Parent Relationship": "Outer",
        "Parallel Aware": false,
        "Startup Cost": 50535.37,
        "Total Cost": 50535.48,
        "Plan Rows": 1,
        "Plan Width": 8,
        "Actual Startup Time": 44.04,
        "Actual Total Time": 50.318,
        "Actual Rows": 2,
        "Actual Loops": 1,
        "Workers Planned": 1,
        "Workers Launched": 1,
        "Single Copy": false,
        "Plans": [
          {
            "Node Type": "Aggregate",
            "Strategy": "Plain",
            "Partial Mode": "Partial",
            "Parent Relationship": "Outer",
            "Parallel Aware": false,
            "Startup Cost": 49535.37,
            "Total Cost": 49535.38,
            "Plan Rows": 1,
            "Plan Width": 8,
            "Actual Startup Time": 38.141,
            "Actual Total Time": 38.143,
            "Actual Rows": 1,
            "Actual Loops": 2,
            "Plans": [
              {
                "Node Type": "Nested Loop",
                "Parent Relationship": "Outer",
                "Parallel Aware": false,
                "Join Type": "Inner",
                "Startup Cost": 175.97,
                "Total Cost": 49534.52,
                "Plan Rows": 341,
                "Plan Width": 0,
                "Actual Startup Time": 11.47,
                "Actual Total Time": 38.132,
                "Actual Rows": 8,
                "Actual Loops": 2,
                "Inner Unique": true,
                "Plans": [
                  {
                    "Node Type": "Bitmap Heap Scan",
                    "Parent Relationship": "Outer",
                    "Parallel Aware": true,
                    "Relation Name": "movie_keyword",
                    "Alias": "mk",
                    "Startup Cost": 175.54,
                    "Total Cost": 16969.6,
                    "Plan Rows": 4790,
                    "Plan Width": 4,
                    "Actual Startup Time": 2.159,
                    "Actual Total Time": 7.066,
                    "Actual Rows": 3936,
                    "Actual Loops": 2,
                    "Recheck Cond": "(keyword_id = 3)",
                    "Rows Removed by Index Recheck": 0,
                    "Exact Heap Blocks": 1582,
                    "Lossy Heap Blocks": 0,
                    "Plans": [
                      {
                        "Node Type": "Bitmap Index Scan",
                        "Parent Relationship": "Outer",
                        "Parallel Aware": false,
                        "Index Name": "keyword_id_movie_keyword",
                        "Startup Cost": 0.0,
                        "Total Cost": 173.5,
                        "Plan Rows": 8143,
                        "Plan Width": 0,
                        "Actual Startup Time": 3.225,
                        "Actual Total Time": 3.225,
                        "Actual Rows": 7873,
                        "Actual Loops": 1,
                        "Index Cond": "(keyword_id = 3)"
                      }
                    ]
                  },
                  {
                    "Node Type": "Index Scan",
                    "Parent Relationship": "Inner",
                    "Parallel Aware": false,
                    "Scan Direction": "Forward",
                    "Index Name": "title_pkey",
                    "Relation Name": "title",
                    "Alias": "t",
                    "Startup Cost": 0.43,
                    "Total Cost": 6.8,
                    "Plan Rows": 1,
                    "Plan Width": 4,
                    "Actual Startup Time": 0.007,
                    "Actual Total Time": 0.007,
                    "Actual Rows": 0,
                    "Actual Loops": 7873,
                    "Index Cond": "(id = mk.movie_id)",
                    "Rows Removed by Index Recheck": 0,
                    "Filter": "(production_year < 1954)",
                    "Rows Removed by Filter": 1
                  }
                ]
              }
            ]
          }
        ]
      }
    ]
  },
  "Planning Time": 0.462,
  "Triggers": [],
  "Execution Time": 50.411
}