[
  {
    "Plan": {
      "Node Type": "Aggregate",
      "Strategy": "Plain",
      "Partial Mode": "Finalize",
      "Parallel Aware": false,
      "Startup Cost": 66778.53,
      "Total Cost": 66778.54,
      "Plan Rows": 1,
      "Plan Width": 8,
      "Actual Startup Time": 202.798,
      "Actual Total Time": 217.712,
      "Actual Rows": 1,
      "Actual Loops": 1,
      "Plans": [
        {
          "Node Type": "Gather",
          "Parent Relationship": "Outer",
          "Parallel Aware": false,
          "Startup Cost": 66778.21,
          "Total Cost": 66778.52,
          "Plan Rows": 3,
          "Plan Width": 8,
          "Actual Startup Time": 201.42,
          "Actual Total Time": 217.703,
          "Actual Rows": 4,
          "Actual Loops": 1,
          "Workers Planned": 3,
          "Workers Launched": 3,
          "Single Copy": false,
          "Plans": [
            {
              "Node Type": "Aggregate",
              "Strategy": "Plain",
              "Partial Mode": "Partial",
              "Parent Relationship": "Outer",
              "Parallel Aware": false,
              "Startup Cost": 65778.21,
              "Total Cost": 65778.22,
              "Plan Rows": 1,
              "Plan Width": 8,
              "Actual Startup Time": 194.482,
              "Actual Total Time": 194.488,
              "Actual Rows": 1,
              "Actual Loops": 4,
              "Plans": [
                {
                  "Node Type": "Nested Loop",
                  "Parent Relationship": "Outer",
                  "Parallel Aware": false,
                  "Join Type": "Inner",
                  "Startup Cost": 19248.73,
                  "Total Cost": 65774.66,
                  "Plan Rows": 1419,
                  "Plan Width": 0,
                  "Actual Startup Time": 90.701,
                  "Actual Total Time": 193.531,
                  "Actual Rows": 9721,
                  "Actual Loops": 4,
                  "Inner Unique": true,
                  "Plans": [
                    {
                      "Node Type": "Hash Join",
                      "Parent Relationship": "Outer",
                      "Parallel Aware": true,
                      "Join Type": "Inner",
                      "Startup Cost": 19248.3,
                      "Total Cost": 44230.37,
                      "Plan Rows": 25722,
                      "Plan Width": 8,
                      "Actual Startup Time": 90.579,
                      "Actual Total Time": 128.379,
                      "Actual Rows": 12904,
                      "Actual Loops": 4,
                      "Inner Unique": false,
                      "Hash Cond": "(mk.movie_id = mi_idx.movie_id)",
                      "Plans": [
                        {
                          "Node Type": "Bitmap Heap Scan",
                          "Parent Relationship": "Outer",
                          "Parallel Aware": true,
                          "Relation Name": "movie_keyword",
                          "Alias": "mk",
                          "Startup Cost": 1706.72,
                          "Total Cost": 26484.49,
                          "Plan Rows": 25902,
                          "Plan Width": 4,
                          "Actual Startup Time": 10.146,
                          "Actual Total Time": 36.327,
                          "Actual Rows": 20383,
                          "Actual Loops": 4,
                          "Recheck Cond": "(keyword_id < 71)",
                          "Rows Removed by Index Recheck": 0,
                          "Exact Heap Blocks": 7589,
                          "Lossy Heap Blocks": 0,
                          "Plans": [
                            {
                              "Node Type": "Bitmap Index Scan",
                              "Parent Relationship": "Outer",
                              "Parallel Aware": false,
                              "Index Name": "keyword_id_movie_keyword",
                              "Startup Cost": 0.0,
                              "Total Cost": 1686.64,
                              "Plan Rows": 80295,
                              "Plan Width": 0,
                              "Actual Startup Time": 6.989,
                              "Actual Total Time": 6.99,
                              "Actual Rows": 81533,
                              "Actual Loops": 1,
                              "Index Cond": "(keyword_id < 71)"
                            }
                          ]
                        },
                        {
                          "Node Type": "Hash",
                          "Parent Relationship": "Inner",
                          "Parallel Aware": true,
                          "Startup Cost": 15122.68,
                          "Total Cost": 15122.68,
                          "Plan Rows": 193512,
                          "Plan Width": 4,
                          "Actual Startup Time": 77.774,
                          "Actual Total Time": 77.775,
                          "Actual Rows": 114981,
                          "Actual Loops": 4,
                          "Hash Buckets": 524288,
                          "Original Hash Buckets": 524288,
                          "Hash Batches": 1,
                          "Original Hash Batches": 1,
                          "Peak Memory Usage": 22144,
                          "Plans": [
                            {
                              "Node Type": "Seq Scan",
                              "Parent Relationship": "Outer",
                              "Parallel Aware": true,
                              "Relation Name": "movie_info_idx",
                              "Alias": "mi_idx",
                              "Startup Cost": 0.0,
                              "Total Cost": 15122.68,
                              "Plan Rows": 193512,
                              "Plan Width": 4,
                              "Actual Startup Time": 0.045,
                              "Actual Total Time": 39.448,
                              "Actual Rows": 114981,
                              "Actual Loops": 4,
                              "Filter": "(info_type_id = 100)",
                              "Rows Removed by Filter": 230028
                            }
                          ]
                        }
                      ]
                    },
                    {
                      "Node Type": "Index Scan",
                      "Parent Relationship": "Inner",
                      "Parallel Aware": false,
                      "Scan Direction": "Forward",
                      "Index Name": "title_pkey",
                      "Relation Name": "title",
                      "Alias": "t",
                      "Startup Cost": 0.43,
                      "Total Cost": 0.84,
                      "Plan Rows": 1,
                      "Plan Width": 4,
                      "Actual Startup Time": 0.005,
                      "Actual Total Time": 0.005,
                      "Actual Rows": 1,
                      "Actual Loops": 51616,
                      "Index Cond": "(id = mi_idx.movie_id)",
                      "Rows Removed by Index Recheck": 0,
                      "Filter": "(kind_id < 3)",
                      "Rows Removed by Filter": 0
                    }
                  ]
                }
              ]
            }
          ]
        }
      ]
    },
    "Planning Time": 1.196,
    "Triggers": [],
    "Execution Time": 217.808
  }
]