[
  {
    "Plan": {
      "Node Type": "Aggregate",
      "Strategy": "Plain",
      "Partial Mode": "Finalize",
      "Parallel Aware": false,
      "Startup Cost": 54131.93,
      "Total Cost": 54131.94,
      "Plan Rows": 1,
      "Plan Width": 8,
      "Actual Startup Time": 95.153,
      "Actual Total Time": 102.95,
      "Actual Rows": 1,
      "Actual Loops": 1,
      "Plans": [
        {
          "Node Type": "Gather",
          "Parent Relationship": "Outer",
          "Parallel Aware": false,
          "Startup Cost": 54131.51,
          "Total Cost": 54131.92,
          "Plan Rows": 4,
          "Plan Width": 8,
          "Actual Startup Time": 95.072,
          "Actual Total Time": 102.943,
          "Actual Rows": 5,
          "Actual Loops": 1,
          "Workers Planned": 4,
          "Workers Launched": 4,
          "Single Copy": false,
          "Plans": [
            {
              "Node Type": "Aggregate",
              "Strategy": "Plain",
              "Partial Mode": "Partial",
              "Parent Relationship": "Outer",
              "Parallel Aware": false,
              "Startup Cost": 53131.51,
              "Total Cost": 53131.52,
              "Plan Rows": 1,
              "Plan Width": 8,
              "Actual Startup Time": 86.079,
              "Actual Total Time": 86.08,
              "Actual Rows": 1,
              "Actual Loops": 5,
              "Plans": [
                {
                  "Node Type": "Nested Loop",
                  "Parent Relationship": "Outer",
                  "Parallel Aware": false,
                  "Join Type": "Inner",
                  "Startup Cost": 0.43,
                  "Total Cost": 53127.43,
                  "Plan Rows": 1634,
                  "Plan Width": 0,
                  "Actual Startup Time": 58.01,
                  "Actual Total Time": 86.027,
                  "Actual Rows": 711,
                  "Actual Loops": 5,
                  "Inner Unique": false,
                  "Plans": [
                    {
                      "Node Type": "Seq Scan",
                      "Parent Relationship": "Outer",
                      "Parallel Aware": true,
                      "Relation Name": "title",
                      "Alias": "t",
                      "Startup Cost": 0.0,
                      "Total Cost": 43899.01,
                      "Plan Rows": 1011,
                      "Plan Width": 4,
                      "Actual Startup Time": 57.672,
                      "Actual Total Time": 78.678,
                      "Actual Rows": 756,
                      "Actual Loops": 5,
                      "Filter": "(production_year = 1918)",
                      "Rows Removed by Filter": 504906
                    },
                    {
                      "Node Type": "Index Scan",
                      "Parent Relationship": "Inner",
                      "Parallel Aware": false,
                      "Scan Direction": "Forward",
                      "Index Name": "movie_id_movie_keyword",
                      "Relation Name": "movie_keyword",
                      "Alias": "mk",
                      "Startup Cost": 0.43,
                      "Total Cost": 8.72,
                      "Plan Rows": 41,
                      "Plan Width": 4,
                      "Actual Startup Time": 0.009,
                      "Actual Total Time": 0.009,
                      "Actual Rows": 1,
                      "Actual Loops": 3781,
                      "Index Cond": "(movie_id = t.id)",
                      "Rows Removed by Index Recheck": 0,
                      "Filter": "(keyword_id > 335)",
                      "Rows Removed by Filter": 0
                    }
                  ]
                }
              ]
            }
          ]
        }
      ]
    },
    "Planning Time": 0.594,
    "Triggers": [],
    "Execution Time": 103.016
  }
]