{
  "Plan": {
    "Node Type": "Aggregate",
    "Strategy": "Plain",
    "Partial Mode": "Finalize",
    "Parallel Aware": false,
    "Startup Cost": 88926.87,
    "Total Cost": 88926.88,
    "Plan Rows": 1,
    "Plan Width": 8,
    "Actual Startup Time": 456.852,
    "Actual Total Time": 468.841,
    "Actual Rows": 1,
    "Actual Loops": 1,
    "Plans": [
      {
        "Node Type": "Gather",
        "Parent Relationship": "Outer",
        "Parallel Aware": false,
        "Startup Cost": 88926.76,
        "Total Cost": 88926.87,
        "Plan Rows": 1,
        "Plan Width": 8,
        "Actual Startup Time": 455.981,
        "Actual Total Time": 468.833,
        "Actual Rows": 2,
        "Actual Loops": 1,
        "Workers Planned": 1,
        "Workers Launched": 1,
        "Single Copy": false,
        "Plans": [
          {
            "Node Type": "Aggregate",
            "Strategy": "Plain",
            "Partial Mode": "Partial",
            "Parent Relationship": "Outer",
            "Parallel Aware": false,
            "Startup Cost": 87926.76,
            "Total Cost": 87926.77,
            "Plan Rows": 1,
            "Plan Width": 8,
            "Actual Startup Time": 449.898,
            "Actual Total Time": 449.903,
            "Actual Rows": 1,
            "Actual Loops": 2,
            "Plans": [
              {
                "Node Type": "Hash Join",
                "Parent Relationship": "Outer",
                "Parallel Aware": true,
                "Join Type": "Inner",
                "Startup Cost": 26690.57,
                "Total Cost": 87607.43,
                "Plan Rows": 127731,
                "Plan Width": 0,
                "Actual Startup Time": 303.484,
                "Actual Total Time": 444.541,
                "Actual Rows": 106874,
                "Actual Loops": 2,
                "Inner Unique": false,
                "Hash Cond": "(t.id = mc.movie_id)",
                "Plans": [
                  {
                    "Node Type": "Seq Scan",
                    "Parent Relationship": "Outer",
                    "Parallel Aware": true,
                    "Relation Name": "title",
                    "Alias": "t",
                    "Startup Cost": 0.0,
                    "Total Cost": 50870.31,
                    "Plan Rows": 1487231,
                    "Plan Width": 4,
                    "Actual Startup Time": 0.011,
                    "Actual Total Time": 133.684,
                    "Actual Rows": 1264156,
                    "Actual Loops": 2
                  },
                  {
                    "Node Type": "Hash",
                    "Parent Relationship": "Inner",
                    "Parallel Aware": true,
                    "Startup Cost": 25093.93,
                    "Total Cost": 25093.93,
                    "Plan Rows": 127731,
                    "Plan Width": 4,
                    "Actual Startup Time": 76.473,
                    "Actual Total Time": 76.475,
                    "Actual Rows": 106874,
                    "Actual Loops": 2,
                    "Hash Buckets": 262144,
                    "Original Hash Buckets": 262144,
                    "Hash Batches": 1,
                    "Original Hash Batches": 1,
                    "Peak Memory Usage": 10432,
                    "Plans": [
                      {
                        "Node Type": "Bitmap Heap Scan",
                        "Parent Relationship": "Outer",
                        "Parallel Aware": true,
                        "Relation Name": "movie_companies",
                        "Alias": "mc",
                        "Startup Cost": 4707.29,
                        "Total Cost": 25093.93,
                        "Plan Rows": 127731,
                        "Plan Width": 4,
                        "Actual Startup Time": 19.48,
                        "Actual Total Time": 50.877,
                        "Actual Rows": 106874,
                        "Actual Loops": 2,
                        "Recheck Cond": "(company_id > 109629)",
                        "Rows Removed by Index Recheck": 0,
                        "Exact Heap Blocks": 3241,
                        "Lossy Heap Blocks": 0,
                        "Plans": [
                          {
                            "Node Type": "Bitmap Index Scan",
                            "Parent Relationship": "Outer",
                            "Parallel Aware": false,
                            "Index Name": "company_id_movie_companies",
                            "Startup Cost": 0.0,
                            "Total Cost": 4653.0,
                            "Plan Rows": 217143,
                            "Plan Width": 0,
                            "Actual Startup Time": 20.796,
                            "Actual Total Time": 20.796,
                            "Actual Rows": 213748,
                            "Actual Loops": 1,
                            "Index Cond": "(company_id > 109629)"
                          }
                        ]
                      }
                    ]
                  }
                ]
              }
            ]
          }
        ]
      }
    ]
  },
  "Planning Time": 0.579,
  "Triggers": [],
  "Execution Time": 468.928
}