[
  {
    "Plan": {
      "Node Type": "Aggregate",
      "Strategy": "Plain",
      "Partial Mode": "Finalize",
      "Parallel Aware": false,
      "Startup Cost": 138408.81,
      "Total Cost": 138408.82,
      "Plan Rows": 1,
      "Plan Width": 8,
      "Actual Startup Time": 1303.881,
      "Actual Total Time": 1371.717,
      "Actual Rows": 1,
      "Actual Loops": 1,
      "Plans": [
        {
          "Node Type": "Gather",
          "Parent Relationship": "Outer",
          "Parallel Aware": false,
          "Startup Cost": 138408.49,
          "Total Cost": 138408.8,
          "Plan Rows": 3,
          "Plan Width": 8,
          "Actual Startup Time": 1292.955,
          "Actual Total Time": 1371.706,
          "Actual Rows": 4,
          "Actual Loops": 1,
          "Workers Planned": 3,
          "Workers Launched": 3,
          "Single Copy": false,
          "Plans": [
            {
              "Node Type": "Aggregate",
              "Strategy": "Plain",
              "Partial Mode": "Partial",
              "Parent Relationship": "Outer",
              "Parallel Aware": false,
              "Startup Cost": 137408.49,
              "Total Cost": 137408.5,
              "Plan Rows": 1,
              "Plan Width": 8,
              "Actual Startup Time": 1275.08,
              "Actual Total Time": 1275.085,
              "Actual Rows": 1,
              "Actual Loops": 4,
              "Plans": [
                {
                  "Node Type": "Nested Loop",
                  "Parent Relationship": "Outer",
                  "Parallel Aware": false,
                  "Join Type": "Inner",
                  "Startup Cost": 52499.3,
                  "Total Cost": 137204.81,
                  "Plan Rows": 81470,
                  "Plan Width": 0,
                  "Actual Startup Time": 353.06,
                  "Actual Total Time": 1267.061,
                  "Actual Rows": 128193,
                  "Actual Loops": 4,
                  "Inner Unique": false,
                  "Plans": [
                    {
                      "Node Type": "Hash Join",
                      "Parent Relationship": "Outer",
                      "Parallel Aware": true,
                      "Join Type": "Inner",
                      "Startup Cost": 52498.73,
                      "Total Cost": 71801.14,
                      "Plan Rows": 33878,
                      "Plan Width": 8,
                      "Actual Startup Time": 352.383,
                      "Actual Total Time": 381.666,
                      "Actual Rows": 26014,
                      "Actual Loops": 4,
                      "Inner Unique": true,
                      "Hash Cond": "(mc.movie_id = t.id)",
                      "Plans": [
                        {
                          "Node Type": "Bitmap Heap Scan",
                          "Parent Relationship": "Outer",
                          "Parallel Aware": true,
                          "Relation Name": "movie_companies",
                          "Alias": "mc",
                          "Startup Cost": 2278.35,
                          "Total Cost": 21491.83,
                          "Plan Rows": 33878,
                          "Plan Width": 4,
                          "Actual Startup Time": 6.134,
                          "Actual Total Time": 14.764,
                          "Actual Rows": 26014,
                          "Actual Loops": 4,
                          "Recheck Cond": "(company_id > 155176)",
                          "Rows Removed by Index Recheck": 0,
                          "Exact Heap Blocks": 1054,
                          "Lossy Heap Blocks": 0,
                          "Plans": [
                            {
                              "Node Type": "Bitmap Index Scan",
                              "Parent Relationship": "Outer",
                              "Parallel Aware": false,
                              "Index Name": "company_id_movie_companies",
                              "Startup Cost": 0.0,
                              "Total Cost": 2252.09,
                              "Plan Rows": 105022,
                              "Plan Width": 0,
                              "Actual Startup Time": 5.647,
                              "Actual Total Time": 5.648,
                              "Actual Rows": 104058,
                              "Actual Loops": 1,
                              "Index Cond": "(company_id > 155176)"
                            }
                          ]
                        },
                        {
                          "Node Type": "Hash",
                          "Parent Relationship": "Inner",
                          "Parallel Aware": true,
                          "Startup Cost": 42319.06,
                          "Total Cost": 42319.06,
                          "Plan Rows": 632106,
                          "Plan Width": 4,
                          "Actual Startup Time": 334.881,
                          "Actual Total Time": 334.882,
                          "Actual Rows": 632078,
                          "Actual Loops": 4,
                          "Hash Buckets": 4194304,
                          "Original Hash Buckets": 4194304,
                          "Hash Batches": 1,
                          "Original Hash Batches": 1,
                          "Peak Memory Usage": 131744,
                          "Plans": [
                            {
                              "Node Type": "Seq Scan",
                              "Parent Relationship": "Outer",
                              "Parallel Aware": true,
                              "Relation Name": "title",
                              "Alias": "t",
                              "Startup Cost": 0.0,
                              "Total Cost": 42319.06,
                              "Plan Rows": 632106,
                              "Plan Width": 4,
                              "Actual Startup Time": 0.047,
                              "Actual Total Time": 98.048,
                              "Actual Rows": 632078,
                              "Actual Loops": 4
                            }
                          ]
                        }
                      ]
                    },
                    {
                      "Node Type": "Index Scan",
                      "Parent Relationship": "Inner",
                      "Parallel Aware": false,
                      "Scan Direction": "Forward",
                      "Index Name": "movie_id_cast_info",
                      "Relation Name": "cast_info",
                      "Alias": "ci",
                      "Startup Cost": 0.56,
                      "Total Cost": 1.87,
                      "Plan Rows": 6,
                      "Plan Width": 4,
                      "Actual Startup Time": 0.025,
                      "Actual Total Time": 0.033,
                      "Actual Rows": 5,
                      "Actual Loops": 104058,
                      "Index Cond": "(movie_id = t.id)",
                      "Rows Removed by Index Recheck": 0,
                      "Filter": "(person_id > 3045536)",
                      "Rows Removed by Filter": 21
                    }
                  ]
                }
              ]
            }
          ]
        }
      ]
    },
    "Planning Time": 1.15,
    "Triggers": [],
    "Execution Time": 1371.883
  }
]