[
  {
    "Plan": {
      "Node Type": "Aggregate",
      "Strategy": "Plain",
      "Partial Mode": "Finalize",
      "Parallel Aware": false,
      "Startup Cost": 420141.81,
      "Total Cost": 420141.82,
      "Plan Rows": 1,
      "Plan Width": 8,
      "Actual Startup Time": 3167.213,
      "Actual Total Time": 3226.929,
      "Actual Rows": 1,
      "Actual Loops": 1,
      "Plans": [
        {
          "Node Type": "Gather",
          "Parent Relationship": "Outer",
          "Parallel Aware": false,
          "Startup Cost": 420141.19,
          "Total Cost": 420141.8,
          "Plan Rows": 6,
          "Plan Width": 8,
          "Actual Startup Time": 3143.362,
          "Actual Total Time": 3226.899,
          "Actual Rows": 7,
          "Actual Loops": 1,
          "Workers Planned": 6,
          "Workers Launched": 6,
          "Single Copy": false,
          "Plans": [
            {
              "Node Type": "Aggregate",
              "Strategy": "Plain",
              "Partial Mode": "Partial",
              "Parent Relationship": "Outer",
              "Parallel Aware": false,
              "Startup Cost": 419141.19,
              "Total Cost": 419141.2,
              "Plan Rows": 1,
              "Plan Width": 8,
              "Actual Startup Time": 3119.681,
              "Actual Total Time": 3119.686,
              "Actual Rows": 1,
              "Actual Loops": 7,
              "Plans": [
                {
                  "Node Type": "Hash Join",
                  "Parent Relationship": "Outer",
                  "Parallel Aware": true,
                  "Join Type": "Inner",
                  "Startup Cost": 51297.33,
                  "Total Cost": 407579.41,
                  "Plan Rows": 4624712,
                  "Plan Width": 0,
                  "Actual Startup Time": 325.824,
                  "Actual Total Time": 2934.308,
                  "Actual Rows": 4104220,
                  "Actual Loops": 7,
                  "Inner Unique": true,
                  "Hash Cond": "(ci.movie_id = t.id)",
                  "Plans": [
                    {
                      "Node Type": "Seq Scan",
                      "Parent Relationship": "Outer",
                      "Parallel Aware": true,
                      "Relation Name": "cast_info",
                      "Alias": "ci",
                      "Startup Cost": 0.0,
                      "Total Cost": 343316.27,
                      "Plan Rows": 4939346,
                      "Plan Width": 4,
                      "Actual Startup Time": 33.217,
                      "Actual Total Time": 777.993,
                      "Actual Rows": 4196504,
                      "Actual Loops": 7,
                      "Filter": "((person_id > 226677) AND (role_id < 10))",
                      "Rows Removed by Filter": 981259
                    },
                    {
                      "Node Type": "Hash",
                      "Parent Relationship": "Inner",
                      "Parallel Aware": true,
                      "Startup Cost": 43899.32,
                      "Total Cost": 43899.32,
                      "Plan Rows": 591841,
                      "Plan Width": 4,
                      "Actual Startup Time": 284.772,
                      "Actual Total Time": 284.774,
                      "Actual Rows": 338135,
                      "Actual Loops": 7,
                      "Hash Buckets": 4194304,
                      "Original Hash Buckets": 4194304,
                      "Hash Batches": 1,
                      "Original Hash Batches": 1,
                      "Peak Memory Usage": 125472,
                      "Plans": [
                        {
                          "Node Type": "Seq Scan",
                          "Parent Relationship": "Outer",
                          "Parallel Aware": true,
                          "Relation Name": "title",
                          "Alias": "t",
                          "Startup Cost": 0.0,
                          "Total Cost": 43899.32,
                          "Plan Rows": 591841,
                          "Plan Width": 4,
                          "Actual Startup Time": 0.062,
                          "Actual Total Time": 91.353,
                          "Actual Rows": 338135,
                          "Actual Loops": 7,
                          "Filter": "(production_year > 1920)",
                          "Rows Removed by Filter": 23052
                        }
                      ]
                    }
                  ]
                }
              ]
            }
          ]
        }
      ]
    },
    "Planning Time": 0.656,
    "Triggers": [],
    "Execution Time": 3227.022
  }
]