[
    {
        "Bao": {
            "Bao prediction": "NaN",
            "Bao recommended hint": "(no hint)"
        }
    },
    {
        "Plan": {
            "Node Type": "Aggregate",
            "Strategy": "Plain",
            "Partial Mode": "Finalize",
            "Parallel Aware": false,
            "Startup Cost": 36236.21,
            "Total Cost": 36236.22,
            "Plan Rows": 1,
            "Plan Width": 8,
            "Actual Startup Time": 101.594,
            "Actual Total Time": 108.386,
            "Actual Rows": 1,
            "Actual Loops": 1,
            "Output": [
                "count(*)"
            ],
            "Plans": [
                {
                    "Node Type": "Gather",
                    "Parent Relationship": "Outer",
                    "Parallel Aware": false,
                    "Startup Cost": 36235.89,
                    "Total Cost": 36236.2,
                    "Plan Rows": 3,
                    "Plan Width": 8,
                    "Actual Startup Time": 101.335,
                    "Actual Total Time": 108.378,
                    "Actual Rows": 4,
                    "Actual Loops": 1,
                    "Output": [
                        "(PARTIAL count(*))"
                    ],
                    "Workers Planned": 3,
                    "Workers Launched": 3,
                    "Single Copy": false,
                    "Plans": [
                        {
                            "Node Type": "Aggregate",
                            "Strategy": "Plain",
                            "Partial Mode": "Partial",
                            "Parent Relationship": "Outer",
                            "Parallel Aware": false,
                            "Startup Cost": 35235.89,
                            "Total Cost": 35235.9,
                            "Plan Rows": 1,
                            "Plan Width": 8,
                            "Actual Startup Time": 92.931,
                            "Actual Total Time": 92.932,
                            "Actual Rows": 1,
                            "Actual Loops": 4,
                            "Output": [
                                "PARTIAL count(*)"
                            ],
                            "Workers": [
                                {
                                    "Worker Number": 0,
                                    "Actual Startup Time": 89.75,
                                    "Actual Total Time": 89.752,
                                    "Actual Rows": 1,
                                    "Actual Loops": 1
                                },
                                {
                                    "Worker Number": 1,
                                    "Actual Startup Time": 90.276,
                                    "Actual Total Time": 90.278,
                                    "Actual Rows": 1,
                                    "Actual Loops": 1
                                },
                                {
                                    "Worker Number": 2,
                                    "Actual Startup Time": 90.641,
                                    "Actual Total Time": 90.642,
                                    "Actual Rows": 1,
                                    "Actual Loops": 1
                                }
                            ],
                            "Plans": [
                                {
                                    "Node Type": "Bitmap Heap Scan",
                                    "Parent Relationship": "Outer",
                                    "Parallel Aware": true,
                                    "Relation Name": "movie_keyword",
                                    "Schema": "public",
                                    "Alias": "mk",
                                    "Startup Cost": 8779.54,
                                    "Total Cost": 34902.17,
                                    "Plan Rows": 133490,
                                    "Plan Width": 0,
                                    "Actual Startup Time": 24.118,
                                    "Actual Total Time": 87.096,
                                    "Actual Rows": 101426,
                                    "Actual Loops": 4,
                                    "Recheck Cond": "(mk.keyword_id > 42770)",
                                    "Rows Removed by Index Recheck": 0,
                                    "Exact Heap Blocks": 10868,
                                    "Lossy Heap Blocks": 0,
                                    "Workers": [
                                        {
                                            "Worker Number": 0,
                                            "Actual Startup Time": 21.089,
                                            "Actual Total Time": 84.939,
                                            "Actual Rows": 63579,
                                            "Actual Loops": 1
                                        },
                                        {
                                            "Worker Number": 1,
                                            "Actual Startup Time": 21.536,
                                            "Actual Total Time": 85.054,
                                            "Actual Rows": 73178,
                                            "Actual Loops": 1
                                        },
                                        {
                                            "Worker Number": 2,
                                            "Actual Startup Time": 21.838,
                                            "Actual Total Time": 85.32,
                                            "Actual Rows": 74041,
                                            "Actual Loops": 1
                                        }
                                    ],
                                    "Plans": [
                                        {
                                            "Node Type": "Bitmap Index Scan",
                                            "Parent Relationship": "Outer",
                                            "Parallel Aware": false,
                                            "Index Name": "keyword_id_movie_keyword",
                                            "Startup Cost": 0.0,
                                            "Total Cost": 8676.08,
                                            "Plan Rows": 413820,
                                            "Plan Width": 0,
                                            "Actual Startup Time": 28.742,
                                            "Actual Total Time": 28.743,
                                            "Actual Rows": 405706,
                                            "Actual Loops": 1,
                                            "Index Cond": "(mk.keyword_id > 42770)"
                                        }
                                    ]
                                }
                            ]
                        }
                    ]
                }
            ]
        },
        "Planning Time": 180.232,
        "Triggers": [],
        "Execution Time": 108.437
    }
]