{
  "Plan": {
    "Node Type": "Aggregate",
    "Strategy": "Plain",
    "Partial Mode": "Finalize",
    "Parallel Aware": false,
    "Startup Cost": 50821.46,
    "Total Cost": 50821.47,
    "Plan Rows": 1,
    "Plan Width": 8,
    "Actual Startup Time": 68.453,
    "Actual Total Time": 78.384,
    "Actual Rows": 1,
    "Actual Loops": 1,
    "Plans": [
      {
        "Node Type": "Gather",
        "Parent Relationship": "Outer",
        "Parallel Aware": false,
        "Startup Cost": 50821.35,
        "Total Cost": 50821.46,
        "Plan Rows": 1,
        "Plan Width": 8,
        "Actual Startup Time": 68.221,
        "Actual Total Time": 78.377,
        "Actual Rows": 2,
        "Actual Loops": 1,
        "Workers Planned": 1,
        "Workers Launched": 1,
        "Single Copy": false,
        "Plans": [
          {
            "Node Type": "Aggregate",
            "Strategy": "Plain",
            "Partial Mode": "Partial",
            "Parent Relationship": "Outer",
            "Parallel Aware": false,
            "Startup Cost": 49821.35,
            "Total Cost": 49821.36,
            "Plan Rows": 1,
            "Plan Width": 8,
            "Actual Startup Time": 61.914,
            "Actual Total Time": 61.915,
            "Actual Rows": 1,
            "Actual Loops": 2,
            "Plans": [
              {
                "Node Type": "Nested Loop",
                "Parent Relationship": "Outer",
                "Parallel Aware": false,
                "Join Type": "Inner",
                "Startup Cost": 164.9,
                "Total Cost": 49819.31,
                "Plan Rows": 814,
                "Plan Width": 0,
                "Actual Startup Time": 4.269,
                "Actual Total Time": 61.545,
                "Actual Rows": 2540,
                "Actual Loops": 2,
                "Inner Unique": false,
                "Plans": [
                  {
                    "Node Type": "Nested Loop",
                    "Parent Relationship": "Outer",
                    "Parallel Aware": false,
                    "Join Type": "Inner",
                    "Startup Cost": 164.47,
                    "Total Cost": 47467.17,
                    "Plan Rows": 4524,
                    "Plan Width": 8,
                    "Actual Startup Time": 4.087,
                    "Actual Total Time": 39.875,
                    "Actual Rows": 3836,
                    "Actual Loops": 2,
                    "Inner Unique": true,
                    "Plans": [
                      {
                        "Node Type": "Bitmap Heap Scan",
                        "Parent Relationship": "Outer",
                        "Parallel Aware": true,
                        "Relation Name": "movie_keyword",
                        "Alias": "mk",
                        "Startup Cost": 164.04,
                        "Total Cost": 16410.49,
                        "Plan Rows": 4524,
                        "Plan Width": 4,
                        "Actual Startup Time": 3.91,
                        "Actual Total Time": 14.466,
                        "Actual Rows": 3836,
                        "Actual Loops": 2,
                        "Recheck Cond": "(keyword_id = 7078)",
                        "Rows Removed by Index Recheck": 0,
                        "Exact Heap Blocks": 4335,
                        "Lossy Heap Blocks": 0,
                        "Plans": [
                          {
                            "Node Type": "Bitmap Index Scan",
                            "Parent Relationship": "Outer",
                            "Parallel Aware": false,
                            "Index Name": "keyword_id_movie_keyword",
                            "Startup Cost": 0.0,
                            "Total Cost": 162.12,
                            "Plan Rows": 7691,
                            "Plan Width": 0,
                            "Actual Startup Time": 4.923,
                            "Actual Total Time": 4.923,
                            "Actual Rows": 7673,
                            "Actual Loops": 1,
                            "Index Cond": "(keyword_id = 7078)"
                          }
                        ]
                      },
                      {
                        "Node Type": "Index Only Scan",
                        "Parent Relationship": "Inner",
                        "Parallel Aware": false,
                        "Scan Direction": "Forward",
                        "Index Name": "title_pkey",
                        "Relation Name": "title",
                        "Alias": "t",
                        "Startup Cost": 0.43,
                        "Total Cost": 6.86,
                        "Plan Rows": 1,
                        "Plan Width": 4,
                        "Actual Startup Time": 0.006,
                        "Actual Total Time": 0.006,
                        "Actual Rows": 1,
                        "Actual Loops": 7673,
                        "Index Cond": "(id = mk.movie_id)",
                        "Rows Removed by Index Recheck": 0,
                        "Heap Fetches": 7673
                      }
                    ]
                  },
                  {
                    "Node Type": "Index Scan",
                    "Parent Relationship": "Inner",
                    "Parallel Aware": false,
                    "Scan Direction": "Forward",
                    "Index Name": "movie_id_movie_info_idx",
                    "Relation Name": "movie_info_idx",
                    "Alias": "mi_idx",
                    "Startup Cost": 0.43,
                    "Total Cost": 0.51,
                    "Plan Rows": 1,
                    "Plan Width": 4,
                    "Actual Startup Time": 0.005,
                    "Actual Total Time": 0.005,
                    "Actual Rows": 1,
                    "Actual Loops": 7673,
                    "Index Cond": "(movie_id = t.id)",
                    "Rows Removed by Index Recheck": 0,
                    "Filter": "(info_type_id = 99)",
                    "Rows Removed by Filter": 1
                  }
                ]
              }
            ]
          }
        ]
      }
    ]
  },
  "Planning Time": 0.826,
  "Triggers": [],
  "Execution Time": 78.505
}