{
    "Plan": {
        "Node Type": "Aggregate",
        "Strategy": "Plain",
        "Partial Mode": "Simple",
        "Parallel Aware": false,
        "Startup Cost": 50003105004.43,
        "Total Cost": 50003105004.44,
        "Plan Rows": 1,
        "Plan Width": 96,
        "Actual Startup Time": 7146.606,
        "Actual Total Time": 7173.723,
        "Actual Rows": 1,
        "Actual Loops": 1,
        "Output": [
            "min(chn.name)",
            "min(n.name)",
            "min(t.title)"
        ],
        "Plans": [
            {
                "Node Type": "Nested Loop",
                "Parent Relationship": "Outer",
                "Parallel Aware": false,
                "Join Type": "Inner",
                "Startup Cost": 50003102026.79,
                "Total Cost": 50003105004.42,
                "Plan Rows": 1,
                "Plan Width": 48,
                "Actual Startup Time": 7132.366,
                "Actual Total Time": 7173.709,
                "Actual Rows": 5,
                "Actual Loops": 1,
                "Output": [
                    "chn.name",
                    "n.name",
                    "t.title"
                ],
                "Inner Unique": true,
                "Plans": [
                    {
                        "Node Type": "Nested Loop",
                        "Parent Relationship": "Outer",
                        "Parallel Aware": false,
                        "Join Type": "Inner",
                        "Startup Cost": 40003102026.65,
                        "Total Cost": 40003104996.25,
                        "Plan Rows": 1,
                        "Plan Width": 52,
                        "Actual Startup Time": 7132.353,
                        "Actual Total Time": 7173.679,
                        "Actual Rows": 5,
                        "Actual Loops": 1,
                        "Output": [
                            "ci.role_id",
                            "chn.name",
                            "n.name",
                            "t.title"
                        ],
                        "Inner Unique": true,
                        "Plans": [
                            {
                                "Node Type": "Hash Join",
                                "Parent Relationship": "Outer",
                                "Parallel Aware": false,
                                "Join Type": "Inner",
                                "Startup Cost": 30003102026.5,
                                "Total Cost": 30003104988.07,
                                "Plan Rows": 1,
                                "Plan Width": 56,
                                "Actual Startup Time": 7132.326,
                                "Actual Total Time": 7173.632,
                                "Actual Rows": 5,
                                "Actual Loops": 1,
                                "Output": [
                                    "ci.role_id",
                                    "chn.name",
                                    "mi.info_type_id",
                                    "n.name",
                                    "t.title"
                                ],
                                "Inner Unique": false,
                                "Hash Cond": "(k.id = mk.keyword_id)",
                                "Plans": [
                                    {
                                        "Node Type": "Seq Scan",
                                        "Parent Relationship": "Outer",
                                        "Parallel Aware": false,
                                        "Relation Name": "keyword",
                                        "Schema": "public",
                                        "Alias": "k",
                                        "Startup Cost": 0.0,
                                        "Total Cost": 2961.55,
                                        "Plan Rows": 4,
                                        "Plan Width": 4,
                                        "Actual Startup Time": 0.091,
                                        "Actual Total Time": 15.322,
                                        "Actual Rows": 3,
                                        "Actual Loops": 1,
                                        "Output": [
                                            "k.id",
                                            "k.keyword",
                                            "k.phonetic_code"
                                        ],
                                        "Filter": "(k.keyword = ANY ('{based-on-comic,based-on-comic,fight,female-martial-artist}'::text[]))",
                                        "Rows Removed by Filter": 134167
                                    },
                                    {
                                        "Node Type": "Hash",
                                        "Parent Relationship": "Inner",
                                        "Parallel Aware": false,
                                        "Startup Cost": 30003102026.48,
                                        "Total Cost": 30003102026.48,
                                        "Plan Rows": 1,
                                        "Plan Width": 60,
                                        "Actual Startup Time": 7131.178,
                                        "Actual Total Time": 7158.29,
                                        "Actual Rows": 175,
                                        "Actual Loops": 1,
                                        "Output": [
                                            "ci.role_id",
                                            "chn.name",
                                            "mi.info_type_id",
                                            "mk.keyword_id",
                                            "n.name",
                                            "t.title"
                                        ],
                                        "Hash Buckets": 1024,
                                        "Original Hash Buckets": 1024,
                                        "Hash Batches": 1,
                                        "Original Hash Batches": 1,
                                        "Peak Memory Usage": 24,
                                        "Plans": [
                                            {
                                                "Node Type": "Hash Join",
                                                "Parent Relationship": "Outer",
                                                "Parallel Aware": false,
                                                "Join Type": "Inner",
                                                "Startup Cost": 30003026862.59,
                                                "Total Cost": 30003102026.48,
                                                "Plan Rows": 1,
                                                "Plan Width": 60,
                                                "Actual Startup Time": 7045.113,
                                                "Actual Total Time": 7158.249,
                                                "Actual Rows": 175,
                                                "Actual Loops": 1,
                                                "Output": [
                                                    "ci.role_id",
                                                    "chn.name",
                                                    "mi.info_type_id",
                                                    "mk.keyword_id",
                                                    "n.name",
                                                    "t.title"
                                                ],
                                                "Inner Unique": false,
                                                "Hash Cond": "(n.id = ci.person_id)",
                                                "Plans": [
                                                    {
                                                        "Node Type": "Gather",
                                                        "Parent Relationship": "Outer",
                                                        "Parallel Aware": false,
                                                        "Startup Cost": 1000.0,
                                                        "Total Cost": 76022.11,
                                                        "Plan Rows": 37808,
                                                        "Plan Width": 19,
                                                        "Actual Startup Time": 105.5,
                                                        "Actual Total Time": 224.375,
                                                        "Actual Rows": 50011,
                                                        "Actual Loops": 1,
                                                        "Output": [
                                                            "n.name",
                                                            "n.id"
                                                        ],
                                                        "Workers Planned": 4,
                                                        "Workers Launched": 4,
                                                        "Single Copy": false,
                                                        "Plans": [
                                                            {
                                                                "Node Type": "Seq Scan",
                                                                "Parent Relationship": "Outer",
                                                                "Parallel Aware": true,
                                                                "Relation Name": "name",
                                                                "Schema": "public",
                                                                "Alias": "n",
                                                                "Startup Cost": 0.0,
                                                                "Total Cost": 71241.31,
                                                                "Plan Rows": 9452,
                                                                "Plan Width": 19,
                                                                "Actual Startup Time": 96.392,
                                                                "Actual Total Time": 208.593,
                                                                "Actual Rows": 10002,
                                                                "Actual Loops": 5,
                                                                "Output": [
                                                                    "n.name",
                                                                    "n.id"
                                                                ],
                                                                "Filter": "((n.name ~~ '%An%'::text) AND ((n.gender)::text = 'f'::text))",
                                                                "Rows Removed by Filter": 823496,
                                                                "Workers": [
                                                                    {
                                                                        "Worker Number": 0,
                                                                        "Actual Startup Time": 93.375,
                                                                        "Actual Total Time": 206.872,
                                                                        "Actual Rows": 8041,
                                                                        "Actual Loops": 1
                                                                    },
                                                                    {
                                                                        "Worker Number": 1,
                                                                        "Actual Startup Time": 94.322,
                                                                        "Actual Total Time": 208.936,
                                                                        "Actual Rows": 9714,
                                                                        "Actual Loops": 1
                                                                    },
                                                                    {
                                                                        "Worker Number": 2,
                                                                        "Actual Startup Time": 94.321,
                                                                        "Actual Total Time": 208.824,
                                                                        "Actual Rows": 8277,
                                                                        "Actual Loops": 1
                                                                    },
                                                                    {
                                                                        "Worker Number": 3,
                                                                        "Actual Startup Time": 94.819,
                                                                        "Actual Total Time": 208.219,
                                                                        "Actual Rows": 7627,
                                                                        "Actual Loops": 1
                                                                    }
                                                                ]
                                                            }
                                                        ]
                                                    },
                                                    {
                                                        "Node Type": "Hash",
                                                        "Parent Relationship": "Inner",
                                                        "Parallel Aware": false,
                                                        "Startup Cost": 30003025862.57,
                                                        "Total Cost": 30003025862.57,
                                                        "Plan Rows": 1,
                                                        "Plan Width": 53,
                                                        "Actual Startup Time": 6907.681,
                                                        "Actual Total Time": 6929.943,
                                                        "Actual Rows": 1925,
                                                        "Actual Loops": 1,
                                                        "Output": [
                                                            "an.person_id",
                                                            "ci.person_id",
                                                            "ci.role_id",
                                                            "chn.name",
                                                            "mi.info_type_id",
                                                            "mk.keyword_id",
                                                            "t.title"
                                                        ],
                                                        "Hash Buckets": 2048,
                                                        "Original Hash Buckets": 1024,
                                                        "Hash Batches": 1,
                                                        "Original Hash Batches": 1,
                                                        "Peak Memory Usage": 173,
                                                        "Plans": [
                                                            {
                                                                "Node Type": "Merge Join",
                                                                "Parent Relationship": "Outer",
                                                                "Parallel Aware": false,
                                                                "Join Type": "Inner",
                                                                "Startup Cost": 30003003242.89,
                                                                "Total Cost": 30003025862.57,
                                                                "Plan Rows": 1,
                                                                "Plan Width": 53,
                                                                "Actual Startup Time": 6907.03,
                                                                "Actual Total Time": 6929.62,
                                                                "Actual Rows": 1925,
                                                                "Actual Loops": 1,
                                                                "Output": [
                                                                    "an.person_id",
                                                                    "ci.person_id",
                                                                    "ci.role_id",
                                                                    "chn.name",
                                                                    "mi.info_type_id",
                                                                    "mk.keyword_id",
                                                                    "t.title"
                                                                ],
                                                                "Inner Unique": false,
                                                                "Merge Cond": "(mk.movie_id = t.id)",
                                                                "Plans": [
                                                                    {
                                                                        "Node Type": "Sort",
                                                                        "Parent Relationship": "Outer",
                                                                        "Parallel Aware": false,
                                                                        "Startup Cost": 569794.43,
                                                                        "Total Cost": 581104.25,
                                                                        "Plan Rows": 4523930,
                                                                        "Plan Width": 8,
                                                                        "Actual Startup Time": 1643.782,
                                                                        "Actual Total Time": 1730.903,
                                                                        "Actual Rows": 2394125,
                                                                        "Actual Loops": 1,
                                                                        "Output": [
                                                                            "mk.movie_id",
                                                                            "mk.keyword_id"
                                                                        ],
                                                                        "Sort Key": [
                                                                            "mk.movie_id"
                                                                        ],
                                                                        "Sort Method": "quicksort",
                                                                        "Sort Space Used": 408668,
                                                                        "Sort Space Type": "Memory",
                                                                        "Plans": [
                                                                            {
                                                                                "Node Type": "Seq Scan",
                                                                                "Parent Relationship": "Outer",
                                                                                "Parallel Aware": false,
                                                                                "Relation Name": "movie_keyword",
                                                                                "Schema": "public",
                                                                                "Alias": "mk",
                                                                                "Startup Cost": 0.0,
                                                                                "Total Cost": 69693.3,
                                                                                "Plan Rows": 4523930,
                                                                                "Plan Width": 8,
                                                                                "Actual Startup Time": 0.019,
                                                                                "Actual Total Time": 600.015,
                                                                                "Actual Rows": 4523930,
                                                                                "Actual Loops": 1,
                                                                                "Output": [
                                                                                    "mk.movie_id",
                                                                                    "mk.keyword_id"
                                                                                ]
                                                                            }
                                                                        ]
                                                                    },
                                                                    {
                                                                        "Node Type": "Materialize",
                                                                        "Parent Relationship": "Inner",
                                                                        "Parallel Aware": false,
                                                                        "Startup Cost": 30002433448.46,
                                                                        "Total Cost": 30002433448.47,
                                                                        "Plan Rows": 1,
                                                                        "Plan Width": 65,
                                                                        "Actual Startup Time": 5063.595,
                                                                        "Actual Total Time": 5085.938,
                                                                        "Actual Rows": 1891,
                                                                        "Actual Loops": 1,
                                                                        "Output": [
                                                                            "an.person_id",
                                                                            "ci.movie_id",
                                                                            "ci.person_id",
                                                                            "ci.role_id",
                                                                            "chn.name",
                                                                            "mc.movie_id",
                                                                            "mi.movie_id",
                                                                            "mi.info_type_id",
                                                                            "t.title",
                                                                            "t.id"
                                                                        ],
                                                                        "Plans": [
                                                                            {
                                                                                "Node Type": "Sort",
                                                                                "Parent Relationship": "Outer",
                                                                                "Parallel Aware": false,
                                                                                "Startup Cost": 30002433448.46,
                                                                                "Total Cost": 30002433448.47,
                                                                                "Plan Rows": 1,
                                                                                "Plan Width": 65,
                                                                                "Actual Startup Time": 5063.586,
                                                                                "Actual Total Time": 5085.848,
                                                                                "Actual Rows": 55,
                                                                                "Actual Loops": 1,
                                                                                "Output": [
                                                                                    "an.person_id",
                                                                                    "ci.movie_id",
                                                                                    "ci.person_id",
                                                                                    "ci.role_id",
                                                                                    "chn.name",
                                                                                    "mc.movie_id",
                                                                                    "mi.movie_id",
                                                                                    "mi.info_type_id",
                                                                                    "t.title",
                                                                                    "t.id"
                                                                                ],
                                                                                "Sort Key": [
                                                                                    "ci.movie_id"
                                                                                ],
                                                                                "Sort Method": "quicksort",
                                                                                "Sort Space Used": 32,
                                                                                "Sort Space Type": "Memory",
                                                                                "Plans": [
                                                                                    {
                                                                                        "Node Type": "Gather",
                                                                                        "Parent Relationship": "Outer",
                                                                                        "Parallel Aware": false,
                                                                                        "Startup Cost": 30002296882.26,
                                                                                        "Total Cost": 30002433448.45,
                                                                                        "Plan Rows": 1,
                                                                                        "Plan Width": 65,
                                                                                        "Actual Startup Time": 5063.529,
                                                                                        "Actual Total Time": 5085.807,
                                                                                        "Actual Rows": 55,
                                                                                        "Actual Loops": 1,
                                                                                        "Output": [
                                                                                            "an.person_id",
                                                                                            "ci.movie_id",
                                                                                            "ci.person_id",
                                                                                            "ci.role_id",
                                                                                            "chn.name",
                                                                                            "mc.movie_id",
                                                                                            "mi.movie_id",
                                                                                            "mi.info_type_id",
                                                                                            "t.title",
                                                                                            "t.id"
                                                                                        ],
                                                                                        "Workers Planned": 3,
                                                                                        "Workers Launched": 3,
                                                                                        "Single Copy": false,
                                                                                        "Plans": [
                                                                                            {
                                                                                                "Node Type": "Hash Join",
                                                                                                "Parent Relationship": "Outer",
                                                                                                "Parallel Aware": true,
                                                                                                "Join Type": "Inner",
                                                                                                "Startup Cost": 30002295882.26,
                                                                                                "Total Cost": 30002432448.35,
                                                                                                "Plan Rows": 1,
                                                                                                "Plan Width": 65,
                                                                                                "Actual Startup Time": 4475.427,
                                                                                                "Actual Total Time": 4806.579,
                                                                                                "Actual Rows": 14,
                                                                                                "Actual Loops": 4,
                                                                                                "Output": [
                                                                                                    "an.person_id",
                                                                                                    "ci.movie_id",
                                                                                                    "ci.person_id",
                                                                                                    "ci.role_id",
                                                                                                    "chn.name",
                                                                                                    "mc.movie_id",
                                                                                                    "mi.movie_id",
                                                                                                    "mi.info_type_id",
                                                                                                    "t.title",
                                                                                                    "t.id"
                                                                                                ],
                                                                                                "Inner Unique": false,
                                                                                                "Hash Cond": "(mc.company_id = cn.id)",
                                                                                                "Workers": [
                                                                                                    {
                                                                                                        "Worker Number": 0,
                                                                                                        "Actual Startup Time": 4666.01,
                                                                                                        "Actual Total Time": 4666.024,
                                                                                                        "Actual Rows": 0,
                                                                                                        "Actual Loops": 1
                                                                                                    },
                                                                                                    {
                                                                                                        "Worker Number": 1,
                                                                                                        "Actual Startup Time": 3506.484,
                                                                                                        "Actual Total Time": 4831.035,
                                                                                                        "Actual Rows": 55,
                                                                                                        "Actual Loops": 1
                                                                                                    },
                                                                                                    {
                                                                                                        "Worker Number": 2,
                                                                                                        "Actual Startup Time": 4666.221,
                                                                                                        "Actual Total Time": 4666.242,
                                                                                                        "Actual Rows": 0,
                                                                                                        "Actual Loops": 1
                                                                                                    }
                                                                                                ],
                                                                                                "Plans": [
                                                                                                    {
                                                                                                        "Node Type": "Merge Join",
                                                                                                        "Parent Relationship": "Outer",
                                                                                                        "Parallel Aware": false,
                                                                                                        "Join Type": "Inner",
                                                                                                        "Startup Cost": 30002290813.75,
                                                                                                        "Total Cost": 30002427379.72,
                                                                                                        "Plan Rows": 28,
                                                                                                        "Plan Width": 69,
                                                                                                        "Actual Startup Time": 3497.128,
                                                                                                        "Actual Total Time": 4794.098,
                                                                                                        "Actual Rows": 1852,
                                                                                                        "Actual Loops": 4,
                                                                                                        "Output": [
                                                                                                            "an.person_id",
                                                                                                            "ci.movie_id",
                                                                                                            "ci.person_id",
                                                                                                            "ci.role_id",
                                                                                                            "chn.name",
                                                                                                            "mc.movie_id",
                                                                                                            "mc.company_id",
                                                                                                            "mi.movie_id",
                                                                                                            "mi.info_type_id",
                                                                                                            "t.title",
                                                                                                            "t.id"
                                                                                                        ],
                                                                                                        "Inner Unique": true,
                                                                                                        "Merge Cond": "(ci.person_role_id = chn.id)",
                                                                                                        "Workers": [
                                                                                                            {
                                                                                                                "Worker Number": 0,
                                                                                                                "Actual Startup Time": 3497.373,
                                                                                                                "Actual Total Time": 4657.126,
                                                                                                                "Actual Rows": 2071,
                                                                                                                "Actual Loops": 1
                                                                                                            },
                                                                                                            {
                                                                                                                "Worker Number": 1,
                                                                                                                "Actual Startup Time": 3497.037,
                                                                                                                "Actual Total Time": 4821.44,
                                                                                                                "Actual Rows": 1518,
                                                                                                                "Actual Loops": 1
                                                                                                            },
                                                                                                            {
                                                                                                                "Worker Number": 2,
                                                                                                                "Actual Startup Time": 3497.025,
                                                                                                                "Actual Total Time": 4657.123,
                                                                                                                "Actual Rows": 2290,
                                                                                                                "Actual Loops": 1
                                                                                                            }
                                                                                                        ],
                                                                                                        "Plans": [
                                                                                                            {
                                                                                                                "Node Type": "Sort",
                                                                                                                "Parent Relationship": "Outer",
                                                                                                                "Parallel Aware": false,
                                                                                                                "Startup Cost": 30002290813.31,
                                                                                                                "Total Cost": 30002290813.38,
                                                                                                                "Plan Rows": 28,
                                                                                                                "Plan Width": 57,
                                                                                                                "Actual Startup Time": 3489.946,
                                                                                                                "Actual Total Time": 3490.167,
                                                                                                                "Actual Rows": 1852,
                                                                                                                "Actual Loops": 4,
                                                                                                                "Output": [
                                                                                                                    "an.person_id",
                                                                                                                    "ci.movie_id",
                                                                                                                    "ci.person_id",
                                                                                                                    "ci.role_id",
                                                                                                                    "ci.person_role_id",
                                                                                                                    "mc.movie_id",
                                                                                                                    "mc.company_id",
                                                                                                                    "mi.movie_id",
                                                                                                                    "mi.info_type_id",
                                                                                                                    "t.title",
                                                                                                                    "t.id"
                                                                                                                ],
                                                                                                                "Sort Key": [
                                                                                                                    "ci.person_role_id"
                                                                                                                ],
                                                                                                                "Sort Method": "quicksort",
                                                                                                                "Sort Space Used": 265,
                                                                                                                "Sort Space Type": "Memory",
                                                                                                                "Workers": [
                                                                                                                    {
                                                                                                                        "Worker Number": 0,
                                                                                                                        "Actual Startup Time": 3491.485,
                                                                                                                        "Actual Total Time": 3491.72,
                                                                                                                        "Actual Rows": 2071,
                                                                                                                        "Actual Loops": 1
                                                                                                                    },
                                                                                                                    {
                                                                                                                        "Worker Number": 1,
                                                                                                                        "Actual Startup Time": 3489.393,
                                                                                                                        "Actual Total Time": 3489.579,
                                                                                                                        "Actual Rows": 1518,
                                                                                                                        "Actual Loops": 1
                                                                                                                    },
                                                                                                                    {
                                                                                                                        "Worker Number": 2,
                                                                                                                        "Actual Startup Time": 3489.492,
                                                                                                                        "Actual Total Time": 3489.754,
                                                                                                                        "Actual Rows": 2291,
                                                                                                                        "Actual Loops": 1
                                                                                                                    }
                                                                                                                ],
                                                                                                                "Plans": [
                                                                                                                    {
                                                                                                                        "Node Type": "Hash Join",
                                                                                                                        "Parent Relationship": "Outer",
                                                                                                                        "Parallel Aware": true,
                                                                                                                        "Join Type": "Inner",
                                                                                                                        "Startup Cost": 30002131143.86,
                                                                                                                        "Total Cost": 30002290812.64,
                                                                                                                        "Plan Rows": 28,
                                                                                                                        "Plan Width": 57,
                                                                                                                        "Actual Startup Time": 2895.95,
                                                                                                                        "Actual Total Time": 3489.272,
                                                                                                                        "Actual Rows": 1857,
                                                                                                                        "Actual Loops": 4,
                                                                                                                        "Output": [
                                                                                                                            "an.person_id",
                                                                                                                            "ci.movie_id",
                                                                                                                            "ci.person_id",
                                                                                                                            "ci.role_id",
                                                                                                                            "ci.person_role_id",
                                                                                                                            "mc.movie_id",
                                                                                                                            "mc.company_id",
                                                                                                                            "mi.movie_id",
                                                                                                                            "mi.info_type_id",
                                                                                                                            "t.title",
                                                                                                                            "t.id"
                                                                                                                        ],
                                                                                                                        "Inner Unique": false,
                                                                                                                        "Hash Cond": "(t.id = mi.movie_id)",
                                                                                                                        "Workers": [
                                                                                                                            {
                                                                                                                                "Worker Number": 0,
                                                                                                                                "Actual Startup Time": 2825.511,
                                                                                                                                "Actual Total Time": 3490.636,
                                                                                                                                "Actual Rows": 2071,
                                                                                                                                "Actual Loops": 1
                                                                                                                            },
                                                                                                                            {
                                                                                                                                "Worker Number": 1,
                                                                                                                                "Actual Startup Time": 2841.384,
                                                                                                                                "Actual Total Time": 3488.78,
                                                                                                                                "Actual Rows": 1518,
                                                                                                                                "Actual Loops": 1
                                                                                                                            },
                                                                                                                            {
                                                                                                                                "Worker Number": 2,
                                                                                                                                "Actual Startup Time": 2869.882,
                                                                                                                                "Actual Total Time": 3488.637,
                                                                                                                                "Actual Rows": 2297,
                                                                                                                                "Actual Loops": 1
                                                                                                                            }
                                                                                                                        ],
                                                                                                                        "Plans": [
                                                                                                                            {
                                                                                                                                "Node Type": "Hash Join",
                                                                                                                                "Parent Relationship": "Outer",
                                                                                                                                "Parallel Aware": true,
                                                                                                                                "Join Type": "Inner",
                                                                                                                                "Startup Cost": 30001220231.71,
                                                                                                                                "Total Cost": 30001379840.85,
                                                                                                                                "Plan Rows": 44,
                                                                                                                                "Plan Width": 49,
                                                                                                                                "Actual Startup Time": 1734.546,
                                                                                                                                "Actual Total Time": 2327.454,
                                                                                                                                "Actual Rows": 670,
                                                                                                                                "Actual Loops": 4,
                                                                                                                                "Output": [
                                                                                                                                    "an.person_id",
                                                                                                                                    "ci.movie_id",
                                                                                                                                    "ci.person_id",
                                                                                                                                    "ci.role_id",
                                                                                                                                    "ci.person_role_id",
                                                                                                                                    "mc.movie_id",
                                                                                                                                    "mc.company_id",
                                                                                                                                    "t.title",
                                                                                                                                    "t.id"
                                                                                                                                ],
                                                                                                                                "Inner Unique": false,
                                                                                                                                "Hash Cond": "(mc.movie_id = t.id)",
                                                                                                                                "Workers": [
                                                                                                                                    {
                                                                                                                                        "Worker Number": 0,
                                                                                                                                        "Actual Startup Time": 1664.14,
                                                                                                                                        "Actual Total Time": 2328.411,
                                                                                                                                        "Actual Rows": 741,
                                                                                                                                        "Actual Loops": 1
                                                                                                                                    },
                                                                                                                                    {
                                                                                                                                        "Worker Number": 1,
                                                                                                                                        "Actual Startup Time": 1679.987,
                                                                                                                                        "Actual Total Time": 2327.132,
                                                                                                                                        "Actual Rows": 568,
                                                                                                                                        "Actual Loops": 1
                                                                                                                                    },
                                                                                                                                    {
                                                                                                                                        "Worker Number": 2,
                                                                                                                                        "Actual Startup Time": 1708.516,
                                                                                                                                        "Actual Total Time": 2326.932,
                                                                                                                                        "Actual Rows": 777,
                                                                                                                                        "Actual Loops": 1
                                                                                                                                    }
                                                                                                                                ],
                                                                                                                                "Plans": [
                                                                                                                                    {
                                                                                                                                        "Node Type": "Hash Join",
                                                                                                                                        "Parent Relationship": "Outer",
                                                                                                                                        "Parallel Aware": true,
                                                                                                                                        "Join Type": "Inner",
                                                                                                                                        "Startup Cost": 20001174752.3,
                                                                                                                                        "Total Cost": 20001327586.96,
                                                                                                                                        "Plan Rows": 1806500,
                                                                                                                                        "Plan Width": 28,
                                                                                                                                        "Actual Startup Time": 1437.512,
                                                                                                                                        "Actual Total Time": 2186.74,
                                                                                                                                        "Actual Rows": 894739,
                                                                                                                                        "Actual Loops": 4,
                                                                                                                                        "Output": [
                                                                                                                                            "an.person_id",
                                                                                                                                            "ci.movie_id",
                                                                                                                                            "ci.person_id",
                                                                                                                                            "ci.role_id",
                                                                                                                                            "ci.person_role_id",
                                                                                                                                            "mc.movie_id",
                                                                                                                                            "mc.company_id"
                                                                                                                                        ],
                                                                                                                                        "Inner Unique": false,
                                                                                                                                        "Hash Cond": "(mc.movie_id = ci.movie_id)",
                                                                                                                                        "Workers": [
                                                                                                                                            {
                                                                                                                                                "Worker Number": 0,
                                                                                                                                                "Actual Startup Time": 1437.549,
                                                                                                                                                "Actual Total Time": 2184.268,
                                                                                                                                                "Actual Rows": 963285,
                                                                                                                                                "Actual Loops": 1
                                                                                                                                            },
                                                                                                                                            {
                                                                                                                                                "Worker Number": 1,
                                                                                                                                                "Actual Startup Time": 1437.361,
                                                                                                                                                "Actual Total Time": 2195.262,
                                                                                                                                                "Actual Rows": 700823,
                                                                                                                                                "Actual Loops": 1
                                                                                                                                            },
                                                                                                                                            {
                                                                                                                                                "Worker Number": 2,
                                                                                                                                                "Actual Startup Time": 1437.895,
                                                                                                                                                "Actual Total Time": 2186.466,
                                                                                                                                                "Actual Rows": 884734,
                                                                                                                                                "Actual Loops": 1
                                                                                                                                            }
                                                                                                                                        ],
                                                                                                                                        "Plans": [
                                                                                                                                            {
                                                                                                                                                "Node Type": "Index Scan",
                                                                                                                                                "Parent Relationship": "Outer",
                                                                                                                                                "Parallel Aware": true,
                                                                                                                                                "Scan Direction": "Forward",
                                                                                                                                                "Index Name": "company_id_movie_companies",
                                                                                                                                                "Relation Name": "movie_companies",
                                                                                                                                                "Schema": "public",
                                                                                                                                                "Alias": "mc",
                                                                                                                                                "Startup Cost": 10000000000.43,
                                                                                                                                                "Total Cost": 10000113341.46,
                                                                                                                                                "Plan Rows": 841655,
                                                                                                                                                "Plan Width": 8,
                                                                                                                                                "Actual Startup Time": 0.087,
                                                                                                                                                "Actual Total Time": 380.295,
                                                                                                                                                "Actual Rows": 652282,
                                                                                                                                                "Actual Loops": 4,
                                                                                                                                                "Output": [
                                                                                                                                                    "mc.id",
                                                                                                                                                    "mc.movie_id",
                                                                                                                                                    "mc.company_id",
                                                                                                                                                    "mc.company_type_id",
                                                                                                                                                    "mc.note"
                                                                                                                                                ],
                                                                                                                                                "Workers": [
                                                                                                                                                    {
                                                                                                                                                        "Worker Number": 0,
                                                                                                                                                        "Actual Startup Time": 0.06,
                                                                                                                                                        "Actual Total Time": 371.232,
                                                                                                                                                        "Actual Rows": 620645,
                                                                                                                                                        "Actual Loops": 1
                                                                                                                                                    },
                                                                                                                                                    {
                                                                                                                                                        "Worker Number": 1,
                                                                                                                                                        "Actual Startup Time": 0.116,
                                                                                                                                                        "Actual Total Time": 408.249,
                                                                                                                                                        "Actual Rows": 664522,
                                                                                                                                                        "Actual Loops": 1
                                                                                                                                                    },
                                                                                                                                                    {
                                                                                                                                                        "Worker Number": 2,
                                                                                                                                                        "Actual Startup Time": 0.141,
                                                                                                                                                        "Actual Total Time": 383.38,
                                                                                                                                                        "Actual Rows": 648493,
                                                                                                                                                        "Actual Loops": 1
                                                                                                                                                    }
                                                                                                                                                ]
                                                                                                                                            },
                                                                                                                                            {
                                                                                                                                                "Node Type": "Hash",
                                                                                                                                                "Parent Relationship": "Inner",
                                                                                                                                                "Parallel Aware": true,
                                                                                                                                                "Startup Cost": 10001166584.68,
                                                                                                                                                "Total Cost": 10001166584.68,
                                                                                                                                                "Plan Rows": 653375,
                                                                                                                                                "Plan Width": 20,
                                                                                                                                                "Actual Startup Time": 1434.189,
                                                                                                                                                "Actual Total Time": 1434.196,
                                                                                                                                                "Actual Rows": 451651,
                                                                                                                                                "Actual Loops": 4,
                                                                                                                                                "Output": [
                                                                                                                                                    "an.person_id",
                                                                                                                                                    "ci.movie_id",
                                                                                                                                                    "ci.person_id",
                                                                                                                                                    "ci.role_id",
                                                                                                                                                    "ci.person_role_id"
                                                                                                                                                ],
                                                                                                                                                "Hash Buckets": 2097152,
                                                                                                                                                "Original Hash Buckets": 2097152,
                                                                                                                                                "Hash Batches": 1,
                                                                                                                                                "Original Hash Batches": 1,
                                                                                                                                                "Peak Memory Usage": 114816,
                                                                                                                                                "Workers": [
                                                                                                                                                    {
                                                                                                                                                        "Worker Number": 0,
                                                                                                                                                        "Actual Startup Time": 1437.135,
                                                                                                                                                        "Actual Total Time": 1437.139,
                                                                                                                                                        "Actual Rows": 438230,
                                                                                                                                                        "Actual Loops": 1
                                                                                                                                                    },
                                                                                                                                                    {
                                                                                                                                                        "Worker Number": 1,
                                                                                                                                                        "Actual Startup Time": 1437.152,
                                                                                                                                                        "Actual Total Time": 1437.156,
                                                                                                                                                        "Actual Rows": 467351,
                                                                                                                                                        "Actual Loops": 1
                                                                                                                                                    },
                                                                                                                                                    {
                                                                                                                                                        "Worker Number": 2,
                                                                                                                                                        "Actual Startup Time": 1437.135,
                                                                                                                                                        "Actual Total Time": 1437.146,
                                                                                                                                                        "Actual Rows": 434617,
                                                                                                                                                        "Actual Loops": 1
                                                                                                                                                    }
                                                                                                                                                ],
                                                                                                                                                "Plans": [
                                                                                                                                                    {
                                                                                                                                                        "Node Type": "Hash Join",
                                                                                                                                                        "Parent Relationship": "Outer",
                                                                                                                                                        "Parallel Aware": true,
                                                                                                                                                        "Join Type": "Inner",
                                                                                                                                                        "Startup Cost": 10000345071.15,
                                                                                                                                                        "Total Cost": 10001166584.68,
                                                                                                                                                        "Plan Rows": 653375,
                                                                                                                                                        "Plan Width": 20,
                                                                                                                                                        "Actual Startup Time": 1171.13,
                                                                                                                                                        "Actual Total Time": 1292.57,
                                                                                                                                                        "Actual Rows": 451651,
                                                                                                                                                        "Actual Loops": 4,
                                                                                                                                                        "Output": [
                                                                                                                                                            "an.person_id",
                                                                                                                                                            "ci.movie_id",
                                                                                                                                                            "ci.person_id",
                                                                                                                                                            "ci.role_id",
                                                                                                                                                            "ci.person_role_id"
                                                                                                                                                        ],
                                                                                                                                                        "Inner Unique": false,
                                                                                                                                                        "Hash Cond": "(an.person_id = ci.person_id)",
                                                                                                                                                        "Workers": [
                                                                                                                                                            {
                                                                                                                                                                "Worker Number": 0,
                                                                                                                                                                "Actual Startup Time": 1171.038,
                                                                                                                                                                "Actual Total Time": 1294.701,
                                                                                                                                                                "Actual Rows": 438230,
                                                                                                                                                                "Actual Loops": 1
                                                                                                                                                            },
                                                                                                                                                            {
                                                                                                                                                                "Worker Number": 1,
                                                                                                                                                                "Actual Startup Time": 1171.091,
                                                                                                                                                                "Actual Total Time": 1289.387,
                                                                                                                                                                "Actual Rows": 467351,
                                                                                                                                                                "Actual Loops": 1
                                                                                                                                                            },
                                                                                                                                                            {
                                                                                                                                                                "Worker Number": 2,
                                                                                                                                                                "Actual Startup Time": 1171.18,
                                                                                                                                                                "Actual Total Time": 1294.739,
                                                                                                                                                                "Actual Rows": 434617,
                                                                                                                                                                "Actual Loops": 1
                                                                                                                                                            }
                                                                                                                                                        ],
                                                                                                                                                        "Plans": [
                                                                                                                                                            {
                                                                                                                                                                "Node Type": "Seq Scan",
                                                                                                                                                                "Parent Relationship": "Outer",
                                                                                                                                                                "Parallel Aware": true,
                                                                                                                                                                "Relation Name": "aka_name",
                                                                                                                                                                "Schema": "public",
                                                                                                                                                                "Alias": "an",
                                                                                                                                                                "Startup Cost": 0.0,
                                                                                                                                                                "Total Cost": 14303.56,
                                                                                                                                                                "Plan Rows": 290756,
                                                                                                                                                                "Plan Width": 4,
                                                                                                                                                                "Actual Startup Time": 0.009,
                                                                                                                                                                "Actual Total Time": 26.23,
                                                                                                                                                                "Actual Rows": 225336,
                                                                                                                                                                "Actual Loops": 4,
                                                                                                                                                                "Output": [
                                                                                                                                                                    "an.id",
                                                                                                                                                                    "an.person_id",
                                                                                                                                                                    "an.name",
                                                                                                                                                                    "an.imdb_index",
                                                                                                                                                                    "an.name_pcode_cf",
                                                                                                                                                                    "an.name_pcode_nf",
                                                                                                                                                                    "an.surname_pcode",
                                                                                                                                                                    "an.md5sum"
                                                                                                                                                                ],
                                                                                                                                                                "Workers": [
                                                                                                                                                                    {
                                                                                                                                                                        "Worker Number": 0,
                                                                                                                                                                        "Actual Startup Time": 0.007,
                                                                                                                                                                        "Actual Total Time": 28.451,
                                                                                                                                                                        "Actual Rows": 232058,
                                                                                                                                                                        "Actual Loops": 1
                                                                                                                                                                    },
                                                                                                                                                                    {
                                                                                                                                                                        "Worker Number": 1,
                                                                                                                                                                        "Actual Startup Time": 0.007,
                                                                                                                                                                        "Actual Total Time": 25.214,
                                                                                                                                                                        "Actual Rows": 201295,
                                                                                                                                                                        "Actual Loops": 1
                                                                                                                                                                    },
                                                                                                                                                                    {
                                                                                                                                                                        "Worker Number": 2,
                                                                                                                                                                        "Actual Startup Time": 0.015,
                                                                                                                                                                        "Actual Total Time": 28.235,
                                                                                                                                                                        "Actual Rows": 231402,
                                                                                                                                                                        "Actual Loops": 1
                                                                                                                                                                    }
                                                                                                                                                                ]
                                                                                                                                                            },
                                                                                                                                                            {
                                                                                                                                                                "Node Type": "Hash",
                                                                                                                                                                "Parent Relationship": "Inner",
                                                                                                                                                                "Parallel Aware": true,
                                                                                                                                                                "Startup Cost": 10000343318.94,
                                                                                                                                                                "Total Cost": 10000343318.94,
                                                                                                                                                                "Plan Rows": 140177,
                                                                                                                                                                "Plan Width": 16,
                                                                                                                                                                "Actual Startup Time": 1169.555,
                                                                                                                                                                "Actual Total Time": 1169.556,
                                                                                                                                                                "Actual Rows": 216869,
                                                                                                                                                                "Actual Loops": 4,
                                                                                                                                                                "Output": [
                                                                                                                                                                    "ci.movie_id",
                                                                                                                                                                    "ci.person_id",
                                                                                                                                                                    "ci.role_id",
                                                                                                                                                                    "ci.person_role_id"
                                                                                                                                                                ],
                                                                                                                                                                "Hash Buckets": 1048576,
                                                                                                                                                                "Original Hash Buckets": 1048576,
                                                                                                                                                                "Hash Batches": 1,
                                                                                                                                                                "Original Hash Batches": 1,
                                                                                                                                                                "Peak Memory Usage": 48960,
                                                                                                                                                                "Workers": [
                                                                                                                                                                    {
                                                                                                                                                                        "Worker Number": 0,
                                                                                                                                                                        "Actual Startup Time": 1170.905,
                                                                                                                                                                        "Actual Total Time": 1170.906,
                                                                                                                                                                        "Actual Rows": 173107,
                                                                                                                                                                        "Actual Loops": 1
                                                                                                                                                                    },
                                                                                                                                                                    {
                                                                                                                                                                        "Worker Number": 1,
                                                                                                                                                                        "Actual Startup Time": 1171.026,
                                                                                                                                                                        "Actual Total Time": 1171.028,
                                                                                                                                                                        "Actual Rows": 181501,
                                                                                                                                                                        "Actual Loops": 1
                                                                                                                                                                    },
                                                                                                                                                                    {
                                                                                                                                                                        "Worker Number": 2,
                                                                                                                                                                        "Actual Startup Time": 1170.948,
                                                                                                                                                                        "Actual Total Time": 1170.949,
                                                                                                                                                                        "Actual Rows": 217805,
                                                                                                                                                                        "Actual Loops": 1
                                                                                                                                                                    }
                                                                                                                                                                ],
                                                                                                                                                                "Plans": [
                                                                                                                                                                    {
                                                                                                                                                                        "Node Type": "Seq Scan",
                                                                                                                                                                        "Parent Relationship": "Outer",
                                                                                                                                                                        "Parallel Aware": true,
                                                                                                                                                                        "Relation Name": "cast_info",
                                                                                                                                                                        "Schema": "public",
                                                                                                                                                                        "Alias": "ci",
                                                                                                                                                                        "Startup Cost": 10000000000.0,
                                                                                                                                                                        "Total Cost": 10000343318.94,
                                                                                                                                                                        "Plan Rows": 140177,
                                                                                                                                                                        "Plan Width": 16,
                                                                                                                                                                        "Actual Startup Time": 0.048,
                                                                                                                                                                        "Actual Total Time": 1089.203,
                                                                                                                                                                        "Actual Rows": 216869,
                                                                                                                                                                        "Actual Loops": 4,
                                                                                                                                                                        "Output": [
                                                                                                                                                                            "ci.movie_id",
                                                                                                                                                                            "ci.person_id",
                                                                                                                                                                            "ci.role_id",
                                                                                                                                                                            "ci.person_role_id"
                                                                                                                                                                        ],
                                                                                                                                                                        "Filter": "(ci.note = ANY ('{(voice),\"(voice: Japanese version)\",\"(voice) (uncredited)\",\"(voice: English version)\"}'::text[]))",
                                                                                                                                                                        "Rows Removed by Filter": 8844217,
                                                                                                                                                                        "Workers": [
                                                                                                                                                                            {
                                                                                                                                                                                "Worker Number": 0,
                                                                                                                                                                                "Actual Startup Time": 0.046,
                                                                                                                                                                                "Actual Total Time": 1087.843,
                                                                                                                                                                                "Actual Rows": 173107,
                                                                                                                                                                                "Actual Loops": 1
                                                                                                                                                                            },
                                                                                                                                                                            {
                                                                                                                                                                                "Worker Number": 1,
                                                                                                                                                                                "Actual Startup Time": 0.086,
                                                                                                                                                                                "Actual Total Time": 1090.692,
                                                                                                                                                                                "Actual Rows": 181501,
                                                                                                                                                                                "Actual Loops": 1
                                                                                                                                                                            },
                                                                                                                                                                            {
                                                                                                                                                                                "Worker Number": 2,
                                                                                                                                                                                "Actual Startup Time": 0.04,
                                                                                                                                                                                "Actual Total Time": 1090.129,
                                                                                                                                                                                "Actual Rows": 217805,
                                                                                                                                                                                "Actual Loops": 1
                                                                                                                                                                            }
                                                                                                                                                                        ]
                                                                                                                                                                    }
                                                                                                                                                                ]
                                                                                                                                                            }
                                                                                                                                                        ]
                                                                                                                                                    }
                                                                                                                                                ]
                                                                                                                                            }
                                                                                                                                        ]
                                                                                                                                    },
                                                                                                                                    {
                                                                                                                                        "Node Type": "Hash",
                                                                                                                                        "Parent Relationship": "Inner",
                                                                                                                                        "Parallel Aware": true,
                                                                                                                                        "Startup Cost": 10000045479.21,
                                                                                                                                        "Total Cost": 10000045479.21,
                                                                                                                                        "Plan Rows": 16,
                                                                                                                                        "Plan Width": 21,
                                                                                                                                        "Actual Startup Time": 96.129,
                                                                                                                                        "Actual Total Time": 96.13,
                                                                                                                                        "Actual Rows": 2,
                                                                                                                                        "Actual Loops": 4,
                                                                                                                                        "Output": [
                                                                                                                                            "t.title",
                                                                                                                                            "t.id"
                                                                                                                                        ],
                                                                                                                                        "Hash Buckets": 1024,
                                                                                                                                        "Original Hash Buckets": 1024,
                                                                                                                                        "Hash Batches": 1,
                                                                                                                                        "Original Hash Batches": 1,
                                                                                                                                        "Peak Memory Usage": 104,
                                                                                                                                        "Workers": [
                                                                                                                                            {
                                                                                                                                                "Worker Number": 0,
                                                                                                                                                "Actual Startup Time": 96.102,
                                                                                                                                                "Actual Total Time": 96.103,
                                                                                                                                                "Actual Rows": 3,
                                                                                                                                                "Actual Loops": 1
                                                                                                                                            },
                                                                                                                                            {
                                                                                                                                                "Worker Number": 1,
                                                                                                                                                "Actual Startup Time": 96.129,
                                                                                                                                                "Actual Total Time": 96.129,
                                                                                                                                                "Actual Rows": 2,
                                                                                                                                                "Actual Loops": 1
                                                                                                                                            },
                                                                                                                                            {
                                                                                                                                                "Worker Number": 2,
                                                                                                                                                "Actual Startup Time": 96.155,
                                                                                                                                                "Actual Total Time": 96.156,
                                                                                                                                                "Actual Rows": 0,
                                                                                                                                                "Actual Loops": 1
                                                                                                                                            }
                                                                                                                                        ],
                                                                                                                                        "Plans": [
                                                                                                                                            {
                                                                                                                                                "Node Type": "Seq Scan",
                                                                                                                                                "Parent Relationship": "Outer",
                                                                                                                                                "Parallel Aware": true,
                                                                                                                                                "Relation Name": "title",
                                                                                                                                                "Schema": "public",
                                                                                                                                                "Alias": "t",
                                                                                                                                                "Startup Cost": 10000000000.0,
                                                                                                                                                "Total Cost": 10000045479.21,
                                                                                                                                                "Plan Rows": 16,
                                                                                                                                                "Plan Width": 21,
                                                                                                                                                "Actual Startup Time": 55.065,
                                                                                                                                                "Actual Total Time": 96.033,
                                                                                                                                                "Actual Rows": 2,
                                                                                                                                                "Actual Loops": 4,
                                                                                                                                                "Output": [
                                                                                                                                                    "t.title",
                                                                                                                                                    "t.id"
                                                                                                                                                ],
                                                                                                                                                "Filter": "((t.title ~~ 'Kung Fu Panda%'::text) AND (t.production_year > 2008))",
                                                                                                                                                "Rows Removed by Filter": 632076,
                                                                                                                                                "Workers": [
                                                                                                                                                    {
                                                                                                                                                        "Worker Number": 0,
                                                                                                                                                        "Actual Startup Time": 22.151,
                                                                                                                                                        "Actual Total Time": 96.011,
                                                                                                                                                        "Actual Rows": 3,
                                                                                                                                                        "Actual Loops": 1
                                                                                                                                                    },
                                                                                                                                                    {
                                                                                                                                                        "Worker Number": 1,
                                                                                                                                                        "Actual Startup Time": 76.404,
                                                                                                                                                        "Actual Total Time": 96.023,
                                                                                                                                                        "Actual Rows": 2,
                                                                                                                                                        "Actual Loops": 1
                                                                                                                                                    },
                                                                                                                                                    {
                                                                                                                                                        "Worker Number": 2,
                                                                                                                                                        "Actual Startup Time": 96.061,
                                                                                                                                                        "Actual Total Time": 96.062,
                                                                                                                                                        "Actual Rows": 0,
                                                                                                                                                        "Actual Loops": 1
                                                                                                                                                    }
                                                                                                                                                ]
                                                                                                                                            }
                                                                                                                                        ]
                                                                                                                                    }
                                                                                                                                ]
                                                                                                                            },
                                                                                                                            {
                                                                                                                                "Node Type": "Hash",
                                                                                                                                "Parent Relationship": "Inner",
                                                                                                                                "Parallel Aware": true,
                                                                                                                                "Startup Cost": 910145.77,
                                                                                                                                "Total Cost": 910145.77,
                                                                                                                                "Plan Rows": 61311,
                                                                                                                                "Plan Width": 8,
                                                                                                                                "Actual Startup Time": 1160.594,
                                                                                                                                "Actual Total Time": 1160.595,
                                                                                                                                "Actual Rows": 75312,
                                                                                                                                "Actual Loops": 4,
                                                                                                                                "Output": [
                                                                                                                                    "mi.movie_id",
                                                                                                                                    "mi.info_type_id"
                                                                                                                                ],
                                                                                                                                "Hash Buckets": 524288,
                                                                                                                                "Original Hash Buckets": 524288,
                                                                                                                                "Hash Batches": 1,
                                                                                                                                "Original Hash Batches": 1,
                                                                                                                                "Peak Memory Usage": 15936,
                                                                                                                                "Workers": [
                                                                                                                                    {
                                                                                                                                        "Worker Number": 0,
                                                                                                                                        "Actual Startup Time": 1161.297,
                                                                                                                                        "Actual Total Time": 1161.297,
                                                                                                                                        "Actual Rows": 65321,
                                                                                                                                        "Actual Loops": 1
                                                                                                                                    },
                                                                                                                                    {
                                                                                                                                        "Worker Number": 1,
                                                                                                                                        "Actual Startup Time": 1161.302,
                                                                                                                                        "Actual Total Time": 1161.303,
                                                                                                                                        "Actual Rows": 65037,
                                                                                                                                        "Actual Loops": 1
                                                                                                                                    },
                                                                                                                                    {
                                                                                                                                        "Worker Number": 2,
                                                                                                                                        "Actual Startup Time": 1161.324,
                                                                                                                                        "Actual Total Time": 1161.324,
                                                                                                                                        "Actual Rows": 66751,
                                                                                                                                        "Actual Loops": 1
                                                                                                                                    }
                                                                                                                                ],
                                                                                                                                "Plans": [
                                                                                                                                    {
                                                                                                                                        "Node Type": "Index Scan",
                                                                                                                                        "Parent Relationship": "Outer",
                                                                                                                                        "Parallel Aware": true,
                                                                                                                                        "Scan Direction": "Forward",
                                                                                                                                        "Index Name": "info_type_id_movie_info",
                                                                                                                                        "Relation Name": "movie_info",
                                                                                                                                        "Schema": "public",
                                                                                                                                        "Alias": "mi",
                                                                                                                                        "Startup Cost": 0.43,
                                                                                                                                        "Total Cost": 910145.77,
                                                                                                                                        "Plan Rows": 61311,
                                                                                                                                        "Plan Width": 8,
                                                                                                                                        "Actual Startup Time": 350.559,
                                                                                                                                        "Actual Total Time": 1130.506,
                                                                                                                                        "Actual Rows": 75312,
                                                                                                                                        "Actual Loops": 4,
                                                                                                                                        "Output": [
                                                                                                                                            "mi.movie_id",
                                                                                                                                            "mi.info_type_id"
                                                                                                                                        ],
                                                                                                                                        "Filter": "((mi.info IS NOT NULL) AND ((mi.info ~~ 'Japan:%201%'::text) OR (mi.info ~~ 'USA:%201%'::text)))",
                                                                                                                                        "Rows Removed by Filter": 3633618,
                                                                                                                                        "Workers": [
                                                                                                                                            {
                                                                                                                                                "Worker Number": 0,
                                                                                                                                                "Actual Startup Time": 676.729,
                                                                                                                                                "Actual Total Time": 1131.819,
                                                                                                                                                "Actual Rows": 65321,
                                                                                                                                                "Actual Loops": 1
                                                                                                                                            },
                                                                                                                                            {
                                                                                                                                                "Worker Number": 1,
                                                                                                                                                "Actual Startup Time": 26.009,
                                                                                                                                                "Actual Total Time": 1131.998,
                                                                                                                                                "Actual Rows": 65037,
                                                                                                                                                "Actual Loops": 1
                                                                                                                                            },
                                                                                                                                            {
                                                                                                                                                "Worker Number": 2,
                                                                                                                                                "Actual Startup Time": 676.712,
                                                                                                                                                "Actual Total Time": 1130.979,
                                                                                                                                                "Actual Rows": 66751,
                                                                                                                                                "Actual Loops": 1
                                                                                                                                            }
                                                                                                                                        ]
                                                                                                                                    }
                                                                                                                                ]
                                                                                                                            }
                                                                                                                        ]
                                                                                                                    }
                                                                                                                ]
                                                                                                            },
                                                                                                            {
                                                                                                                "Node Type": "Index Scan",
                                                                                                                "Parent Relationship": "Inner",
                                                                                                                "Parallel Aware": false,
                                                                                                                "Scan Direction": "Forward",
                                                                                                                "Index Name": "char_name_pkey",
                                                                                                                "Relation Name": "char_name",
                                                                                                                "Schema": "public",
                                                                                                                "Alias": "chn",
                                                                                                                "Startup Cost": 0.43,
                                                                                                                "Total Cost": 128715.63,
                                                                                                                "Plan Rows": 3140227,
                                                                                                                "Plan Width": 20,
                                                                                                                "Actual Startup Time": 0.03,
                                                                                                                "Actual Total Time": 1160.929,
                                                                                                                "Actual Rows": 2446044,
                                                                                                                "Actual Loops": 4,
                                                                                                                "Output": [
                                                                                                                    "chn.id",
                                                                                                                    "chn.name",
                                                                                                                    "chn.imdb_index",
                                                                                                                    "chn.imdb_id",
                                                                                                                    "chn.name_pcode_nf",
                                                                                                                    "chn.surname_pcode",
                                                                                                                    "chn.md5sum"
                                                                                                                ],
                                                                                                                "Workers": [
                                                                                                                    {
                                                                                                                        "Worker Number": 0,
                                                                                                                        "Actual Startup Time": 0.029,
                                                                                                                        "Actual Total Time": 1038.558,
                                                                                                                        "Actual Rows": 2184244,
                                                                                                                        "Actual Loops": 1
                                                                                                                    },
                                                                                                                    {
                                                                                                                        "Worker Number": 1,
                                                                                                                        "Actual Startup Time": 0.045,
                                                                                                                        "Actual Total Time": 1189.232,
                                                                                                                        "Actual Rows": 2473787,
                                                                                                                        "Actual Loops": 1
                                                                                                                    },
                                                                                                                    {
                                                                                                                        "Worker Number": 2,
                                                                                                                        "Actual Startup Time": 0.028,
                                                                                                                        "Actual Total Time": 1041.261,
                                                                                                                        "Actual Rows": 2184244,
                                                                                                                        "Actual Loops": 1
                                                                                                                    }
                                                                                                                ]
                                                                                                            }
                                                                                                        ]
                                                                                                    },
                                                                                                    {
                                                                                                        "Node Type": "Hash",
                                                                                                        "Parent Relationship": "Inner",
                                                                                                        "Parallel Aware": true,
                                                                                                        "Startup Cost": 5068.5,
                                                                                                        "Total Cost": 5068.5,
                                                                                                        "Plan Rows": 1,
                                                                                                        "Plan Width": 4,
                                                                                                        "Actual Startup Time": 11.464,
                                                                                                        "Actual Total Time": 11.464,
                                                                                                        "Actual Rows": 0,
                                                                                                        "Actual Loops": 4,
                                                                                                        "Output": [
                                                                                                            "cn.id"
                                                                                                        ],
                                                                                                        "Hash Buckets": 1024,
                                                                                                        "Original Hash Buckets": 1024,
                                                                                                        "Hash Batches": 1,
                                                                                                        "Original Hash Batches": 1,
                                                                                                        "Peak Memory Usage": 40,
                                                                                                        "Workers": [
                                                                                                            {
                                                                                                                "Worker Number": 0,
                                                                                                                "Actual Startup Time": 8.111,
                                                                                                                "Actual Total Time": 8.111,
                                                                                                                "Actual Rows": 0,
                                                                                                                "Actual Loops": 1
                                                                                                            },
                                                                                                            {
                                                                                                                "Worker Number": 1,
                                                                                                                "Actual Startup Time": 8.345,
                                                                                                                "Actual Total Time": 8.346,
                                                                                                                "Actual Rows": 0,
                                                                                                                "Actual Loops": 1
                                                                                                            },
                                                                                                            {
                                                                                                                "Worker Number": 2,
                                                                                                                "Actual Startup Time": 8.354,
                                                                                                                "Actual Total Time": 8.355,
                                                                                                                "Actual Rows": 0,
                                                                                                                "Actual Loops": 1
                                                                                                            }
                                                                                                        ],
                                                                                                        "Plans": [
                                                                                                            {
                                                                                                                "Node Type": "Seq Scan",
                                                                                                                "Parent Relationship": "Outer",
                                                                                                                "Parallel Aware": true,
                                                                                                                "Relation Name": "company_name",
                                                                                                                "Schema": "public",
                                                                                                                "Alias": "cn",
                                                                                                                "Startup Cost": 0.0,
                                                                                                                "Total Cost": 5068.5,
                                                                                                                "Plan Rows": 1,
                                                                                                                "Plan Width": 4,
                                                                                                                "Actual Startup Time": 7.199,
                                                                                                                "Actual Total Time": 11.33,
                                                                                                                "Actual Rows": 0,
                                                                                                                "Actual Loops": 4,
                                                                                                                "Output": [
                                                                                                                    "cn.id"
                                                                                                                ],
                                                                                                                "Filter": "(((cn.country_code)::text = '[us]'::text) AND (cn.name = 'NBC Universal Television'::text))",
                                                                                                                "Rows Removed by Filter": 58749,
                                                                                                                "Workers": [
                                                                                                                    {
                                                                                                                        "Worker Number": 0,
                                                                                                                        "Actual Startup Time": 8.018,
                                                                                                                        "Actual Total Time": 8.018,
                                                                                                                        "Actual Rows": 0,
                                                                                                                        "Actual Loops": 1
                                                                                                                    },
                                                                                                                    {
                                                                                                                        "Worker Number": 1,
                                                                                                                        "Actual Startup Time": 8.229,
                                                                                                                        "Actual Total Time": 8.229,
                                                                                                                        "Actual Rows": 0,
                                                                                                                        "Actual Loops": 1
                                                                                                                    },
                                                                                                                    {
                                                                                                                        "Worker Number": 2,
                                                                                                                        "Actual Startup Time": 8.23,
                                                                                                                        "Actual Total Time": 8.23,
                                                                                                                        "Actual Rows": 0,
                                                                                                                        "Actual Loops": 1
                                                                                                                    }
                                                                                                                ]
                                                                                                            }
                                                                                                        ]
                                                                                                    }
                                                                                                ]
                                                                                            }
                                                                                        ]
                                                                                    }
                                                                                ]
                                                                            }
                                                                        ]
                                                                    }
                                                                ]
                                                            }
                                                        ]
                                                    }
                                                ]
                                            }
                                        ]
                                    }
                                ]
                            },
                            {
                                "Node Type": "Bitmap Heap Scan",
                                "Parent Relationship": "Inner",
                                "Parallel Aware": false,
                                "Relation Name": "info_type",
                                "Schema": "public",
                                "Alias": "it",
                                "Startup Cost": 0.15,
                                "Total Cost": 4.17,
                                "Plan Rows": 1,
                                "Plan Width": 4,
                                "Actual Startup Time": 0.005,
                                "Actual Total Time": 0.005,
                                "Actual Rows": 1,
                                "Actual Loops": 5,
                                "Output": [
                                    "it.id",
                                    "it.info"
                                ],
                                "Recheck Cond": "(it.id = mi.info_type_id)",
                                "Rows Removed by Index Recheck": 0,
                                "Filter": "((it.info)::text = 'release dates'::text)",
                                "Rows Removed by Filter": 0,
                                "Exact Heap Blocks": 5,
                                "Lossy Heap Blocks": 0,
                                "Plans": [
                                    {
                                        "Node Type": "Bitmap Index Scan",
                                        "Parent Relationship": "Outer",
                                        "Parallel Aware": false,
                                        "Index Name": "info_type_pkey",
                                        "Startup Cost": 0.0,
                                        "Total Cost": 0.15,
                                        "Plan Rows": 1,
                                        "Plan Width": 0,
                                        "Actual Startup Time": 0.003,
                                        "Actual Total Time": 0.003,
                                        "Actual Rows": 1,
                                        "Actual Loops": 5,
                                        "Index Cond": "(it.id = mi.info_type_id)"
                                    }
                                ]
                            }
                        ]
                    },
                    {
                        "Node Type": "Bitmap Heap Scan",
                        "Parent Relationship": "Inner",
                        "Parallel Aware": false,
                        "Relation Name": "role_type",
                        "Schema": "public",
                        "Alias": "rt",
                        "Startup Cost": 0.14,
                        "Total Cost": 4.16,
                        "Plan Rows": 1,
                        "Plan Width": 4,
                        "Actual Startup Time": 0.003,
                        "Actual Total Time": 0.003,
                        "Actual Rows": 1,
                        "Actual Loops": 5,
                        "Output": [
                            "rt.id",
                            "rt.role"
                        ],
                        "Recheck Cond": "(rt.id = ci.role_id)",
                        "Rows Removed by Index Recheck": 0,
                        "Filter": "((rt.role)::text = 'actress'::text)",
                        "Rows Removed by Filter": 0,
                        "Exact Heap Blocks": 5,
                        "Lossy Heap Blocks": 0,
                        "Plans": [
                            {
                                "Node Type": "Bitmap Index Scan",
                                "Parent Relationship": "Outer",
                                "Parallel Aware": false,
                                "Index Name": "role_type_pkey",
                                "Startup Cost": 0.0,
                                "Total Cost": 0.14,
                                "Plan Rows": 1,
                                "Plan Width": 0,
                                "Actual Startup Time": 0.002,
                                "Actual Total Time": 0.002,
                                "Actual Rows": 1,
                                "Actual Loops": 5,
                                "Index Cond": "(rt.id = ci.role_id)"
                            }
                        ]
                    }
                ]
            }
        ]
    },
    "Planning Time": 46.48,
    "Triggers": [],
    "Execution Time": 7184.002
}