{
  "Plan": {
    "Node Type": "Aggregate",
    "Strategy": "Plain",
    "Partial Mode": "Simple",
    "Parallel Aware": false,
    "Startup Cost": 182521.61,
    "Total Cost": 182521.62,
    "Plan Rows": 1,
    "Plan Width": 96,
    "Actual Startup Time": 496.739,
    "Actual Total Time": 540.473,
    "Actual Rows": 1,
    "Actual Loops": 1,
    "Plans": [
      {
        "Node Type": "Gather",
        "Parent Relationship": "Outer",
        "Parallel Aware": false,
        "Startup Cost": 1002.14,
        "Total Cost": 182521.6,
        "Plan Rows": 1,
        "Plan Width": 66,
        "Actual Startup Time": 2.065,
        "Actual Total Time": 540.315,
        "Actual Rows": 410,
        "Actual Loops": 1,
        "Workers Planned": 1,
        "Workers Launched": 1,
        "Single Copy": false,
        "Plans": [
          {
            "Node Type": "Nested Loop",
            "Parent Relationship": "Outer",
            "Parallel Aware": false,
            "Join Type": "Inner",
            "Startup Cost": 2.14,
            "Total Cost": 181521.5,
            "Plan Rows": 1,
            "Plan Width": 66,
            "Actual Startup Time": 5.264,
            "Actual Total Time": 488.893,
            "Actual Rows": 205,
            "Actual Loops": 2,
            "Inner Unique": true,
            "Plans": [
              {
                "Node Type": "Nested Loop",
                "Parent Relationship": "Outer",
                "Parallel Aware": false,
                "Join Type": "Inner",
                "Startup Cost": 2.0,
                "Total Cost": 181520.83,
                "Plan Rows": 4,
                "Plan Width": 70,
                "Actual Startup Time": 5.005,
                "Actual Total Time": 443.813,
                "Actual Rows": 41204,
                "Actual Loops": 2,
                "Inner Unique": false,
                "Plans": [
                  {
                    "Node Type": "Nested Loop",
                    "Parent Relationship": "Outer",
                    "Parallel Aware": false,
                    "Join Type": "Inner",
                    "Startup Cost": 1.56,
                    "Total Cost": 181518.88,
                    "Plan Rows": 1,
                    "Plan Width": 35,
                    "Actual Startup Time": 4.904,
                    "Actual Total Time": 392.685,
                    "Actual Rows": 1718,
                    "Actual Loops": 2,
                    "Inner Unique": true,
                    "Plans": [
                      {
                        "Node Type": "Nested Loop",
                        "Parent Relationship": "Outer",
                        "Parallel Aware": false,
                        "Join Type": "Inner",
                        "Startup Cost": 1.14,
                        "Total Cost": 181518.35,
                        "Plan Rows": 1,
                        "Plan Width": 14,
                        "Actual Startup Time": 4.808,
                        "Actual Total Time": 380.358,
                        "Actual Rows": 1718,
                        "Actual Loops": 2,
                        "Inner Unique": true,
                        "Plans": [
                          {
                            "Node Type": "Nested Loop",
                            "Parent Relationship": "Outer",
                            "Parallel Aware": false,
                            "Join Type": "Inner",
                            "Startup Cost": 0.99,
                            "Total Cost": 181505.5,
                            "Plan Rows": 79,
                            "Plan Width": 18,
                            "Actual Startup Time": 4.745,
                            "Actual Total Time": 374.429,
                            "Actual Rows": 5155,
                            "Actual Loops": 2,
                            "Inner Unique": false,
                            "Plans": [
                              {
                                "Node Type": "Nested Loop",
                                "Parent Relationship": "Outer",
                                "Parallel Aware": false,
                                "Join Type": "Inner",
                                "Startup Cost": 0.56,
                                "Total Cost": 181476.06,
                                "Plan Rows": 55,
                                "Plan Width": 4,
                                "Actual Startup Time": 4.618,
                                "Actual Total Time": 358.836,
                                "Actual Rows": 3360,
                                "Actual Loops": 2,
                                "Inner Unique": false,
                                "Plans": [
                                  {
                                    "Node Type": "Seq Scan",
                                    "Parent Relationship": "Outer",
                                    "Parallel Aware": true,
                                    "Relation Name": "name",
                                    "Alias": "n",
                                    "Startup Cost": 0.0,
                                    "Total Cost": 92383.97,
                                    "Plan Rows": 103,
                                    "Plan Width": 4,
                                    "Actual Startup Time": 0.42,
                                    "Actual Total Time": 299.675,
                                    "Actual Rows": 4531,
                                    "Actual Loops": 2,
                                    "Filter": "((name ~~ '%Tim%'::text) AND ((gender)::text = 'm'::text))",
                                    "Rows Removed by Filter": 2079214
                                  },
                                  {
                                    "Node Type": "Index Scan",
                                    "Parent Relationship": "Inner",
                                    "Parallel Aware": false,
                                    "Scan Direction": "Forward",
                                    "Index Name": "person_id_cast_info",
                                    "Relation Name": "cast_info",
                                    "Alias": "ci",
                                    "Startup Cost": 0.56,
                                    "Total Cost": 864.66,
                                    "Plan Rows": 31,
                                    "Plan Width": 8,
                                    "Actual Startup Time": 0.012,
                                    "Actual Total Time": 0.013,
                                    "Actual Rows": 1,
                                    "Actual Loops": 9062,
                                    "Index Cond": "(person_id = n.id)",
                                    "Rows Removed by Index Recheck": 0,
                                    "Filter": "(note = ANY ('{(producer),\"(executive producer)\"}'::text[]))",
                                    "Rows Removed by Filter": 10
                                  }
                                ]
                              },
                              {
                                "Node Type": "Index Scan",
                                "Parent Relationship": "Inner",
                                "Parallel Aware": false,
                                "Scan Direction": "Forward",
                                "Index Name": "movie_id_movie_info_idx",
                                "Relation Name": "movie_info_idx",
                                "Alias": "mi_idx",
                                "Startup Cost": 0.43,
                                "Total Cost": 0.51,
                                "Plan Rows": 3,
                                "Plan Width": 14,
                                "Actual Startup Time": 0.004,
                                "Actual Total Time": 0.004,
                                "Actual Rows": 2,
                                "Actual Loops": 6719,
                                "Index Cond": "(movie_id = ci.movie_id)",
                                "Rows Removed by Index Recheck": 0
                              }
                            ]
                          },
                          {
                            "Node Type": "Index Scan",
                            "Parent Relationship": "Inner",
                            "Parallel Aware": false,
                            "Scan Direction": "Forward",
                            "Index Name": "info_type_pkey",
                            "Relation Name": "info_type",
                            "Alias": "it2",
                            "Startup Cost": 0.14,
                            "Total Cost": 0.16,
                            "Plan Rows": 1,
                            "Plan Width": 4,
                            "Actual Startup Time": 0.001,
                            "Actual Total Time": 0.001,
                            "Actual Rows": 0,
                            "Actual Loops": 10310,
                            "Index Cond": "(id = mi_idx.info_type_id)",
                            "Rows Removed by Index Recheck": 0,
                            "Filter": "((info)::text = 'votes'::text)",
                            "Rows Removed by Filter": 1
                          }
                        ]
                      },
                      {
                        "Node Type": "Index Scan",
                        "Parent Relationship": "Inner",
                        "Parallel Aware": false,
                        "Scan Direction": "Forward",
                        "Index Name": "title_pkey",
                        "Relation Name": "title",
                        "Alias": "t",
                        "Startup Cost": 0.43,
                        "Total Cost": 0.53,
                        "Plan Rows": 1,
                        "Plan Width": 21,
                        "Actual Startup Time": 0.007,
                        "Actual Total Time": 0.007,
                        "Actual Rows": 1,
                        "Actual Loops": 3435,
                        "Index Cond": "(id = ci.movie_id)",
                        "Rows Removed by Index Recheck": 0
                      }
                    ]
                  },
                  {
                    "Node Type": "Index Scan",
                    "Parent Relationship": "Inner",
                    "Parallel Aware": false,
                    "Scan Direction": "Forward",
                    "Index Name": "movie_id_movie_info",
                    "Relation Name": "movie_info",
                    "Alias": "mi",
                    "Startup Cost": 0.43,
                    "Total Cost": 1.54,
                    "Plan Rows": 41,
                    "Plan Width": 51,
                    "Actual Startup Time": 0.007,
                    "Actual Total Time": 0.026,
                    "Actual Rows": 24,
                    "Actual Loops": 3435,
                    "Index Cond": "(movie_id = ci.movie_id)",
                    "Rows Removed by Index Recheck": 0
                  }
                ]
              },
              {
                "Node Type": "Index Scan",
                "Parent Relationship": "Inner",
                "Parallel Aware": false,
                "Scan Direction": "Forward",
                "Index Name": "info_type_pkey",
                "Relation Name": "info_type",
                "Alias": "it1",
                "Startup Cost": 0.14,
                "Total Cost": 0.16,
                "Plan Rows": 1,
                "Plan Width": 4,
                "Actual Startup Time": 0.001,
                "Actual Total Time": 0.001,
                "Actual Rows": 0,
                "Actual Loops": 82408,
                "Index Cond": "(id = mi.info_type_id)",
                "Rows Removed by Index Recheck": 0,
                "Filter": "((info)::text = 'budget'::text)",
                "Rows Removed by Filter": 1
              }
            ]
          }
        ]
      }
    ]
  },
  "Planning Time": 1.424,
  "Triggers": [],
  "Execution Time": 540.612
}