[
  {
    "Plan": {
      "Node Type": "Aggregate",
      "Strategy": "Plain",
      "Partial Mode": "Finalize",
      "Parallel Aware": false,
      "Startup Cost": 463018.08,
      "Total Cost": 463018.09,
      "Plan Rows": 1,
      "Plan Width": 8,
      "Actual Startup Time": 1620.676,
      "Actual Total Time": 1683.875,
      "Actual Rows": 1,
      "Actual Loops": 1,
      "Plans": [
        {
          "Node Type": "Gather",
          "Parent Relationship": "Outer",
          "Parallel Aware": false,
          "Startup Cost": 463017.46,
          "Total Cost": 463018.07,
          "Plan Rows": 6,
          "Plan Width": 8,
          "Actual Startup Time": 1610.016,
          "Actual Total Time": 1683.849,
          "Actual Rows": 7,
          "Actual Loops": 1,
          "Workers Planned": 6,
          "Workers Launched": 6,
          "Single Copy": false,
          "Plans": [
            {
              "Node Type": "Aggregate",
              "Strategy": "Plain",
              "Partial Mode": "Partial",
              "Parent Relationship": "Outer",
              "Parallel Aware": false,
              "Startup Cost": 462017.46,
              "Total Cost": 462017.47,
              "Plan Rows": 1,
              "Plan Width": 8,
              "Actual Startup Time": 1599.606,
              "Actual Total Time": 1599.896,
              "Actual Rows": 1,
              "Actual Loops": 7,
              "Plans": [
                {
                  "Node Type": "Hash Join",
                  "Parent Relationship": "Outer",
                  "Parallel Aware": true,
                  "Join Type": "Inner",
                  "Startup Cost": 101137.48,
                  "Total Cost": 458286.72,
                  "Plan Rows": 1492295,
                  "Plan Width": 0,
                  "Actual Startup Time": 649.998,
                  "Actual Total Time": 1562.033,
                  "Actual Rows": 616967,
                  "Actual Loops": 7,
                  "Inner Unique": false,
                  "Hash Cond": "(ci.movie_id = t.id)",
                  "Plans": [
                    {
                      "Node Type": "Seq Scan",
                      "Parent Relationship": "Outer",
                      "Parallel Aware": true,
                      "Relation Name": "cast_info",
                      "Alias": "ci",
                      "Startup Cost": 0.0,
                      "Total Cost": 343316.27,
                      "Plan Rows": 2405098,
                      "Plan Width": 4,
                      "Actual Startup Time": 239.709,
                      "Actual Total Time": 793.124,
                      "Actual Rows": 1736772,
                      "Actual Loops": 7,
                      "Filter": "((person_id > 1674218) AND (role_id < 5))",
                      "Rows Removed by Filter": 3440992
                    },
                    {
                      "Node Type": "Hash",
                      "Parent Relationship": "Inner",
                      "Parallel Aware": true,
                      "Startup Cost": 94811.62,
                      "Total Cost": 94811.62,
                      "Plan Rows": 506069,
                      "Plan Width": 8,
                      "Actual Startup Time": 406.713,
                      "Actual Total Time": 407.001,
                      "Actual Rows": 58265,
                      "Actual Loops": 7,
                      "Hash Buckets": 2097152,
                      "Original Hash Buckets": 2097152,
                      "Hash Batches": 1,
                      "Original Hash Batches": 1,
                      "Peak Memory Usage": 32448,
                      "Plans": [
                        {
                          "Node Type": "Hash Join",
                          "Parent Relationship": "Outer",
                          "Parallel Aware": true,
                          "Join Type": "Inner",
                          "Startup Cost": 49514.72,
                          "Total Cost": 94811.62,
                          "Plan Rows": 506069,
                          "Plan Width": 8,
                          "Actual Startup Time": 217.335,
                          "Actual Total Time": 377.338,
                          "Actual Rows": 58265,
                          "Actual Loops": 7,
                          "Inner Unique": true,
                          "Hash Cond": "(mk.movie_id = t.id)",
                          "Plans": [
                            {
                              "Node Type": "Seq Scan",
                              "Parent Relationship": "Outer",
                              "Parallel Aware": true,
                              "Relation Name": "movie_keyword",
                              "Alias": "mk",
                              "Startup Cost": 0.0,
                              "Total Cost": 42695.65,
                              "Plan Rows": 990950,
                              "Plan Width": 4,
                              "Actual Startup Time": 0.129,
                              "Actual Total Time": 92.152,
                              "Actual Rows": 439090,
                              "Actual Loops": 7,
                              "Filter": "(keyword_id > 2039)",
                              "Rows Removed by Filter": 207186
                            },
                            {
                              "Node Type": "Hash",
                              "Parent Relationship": "Inner",
                              "Parallel Aware": true,
                              "Startup Cost": 45479.59,
                              "Total Cost": 45479.59,
                              "Plan Rows": 322811,
                              "Plan Width": 4,
                              "Actual Startup Time": 214.374,
                              "Actual Total Time": 214.376,
                              "Actual Rows": 195163,
                              "Actual Loops": 7,
                              "Hash Buckets": 2097152,
                              "Original Hash Buckets": 2097152,
                              "Hash Batches": 1,
                              "Original Hash Batches": 1,
                              "Peak Memory Usage": 69952,
                              "Plans": [
                                {
                                  "Node Type": "Seq Scan",
                                  "Parent Relationship": "Outer",
                                  "Parallel Aware": true,
                                  "Relation Name": "title",
                                  "Alias": "t",
                                  "Startup Cost": 0.0,
                                  "Total Cost": 45479.59,
                                  "Plan Rows": 322811,
                                  "Plan Width": 4,
                                  "Actual Startup Time": 0.069,
                                  "Actual Total Time": 97.924,
                                  "Actual Rows": 195163,
                                  "Actual Loops": 7,
                                  "Filter": "((production_year > 1968) AND (kind_id = 7))",
                                  "Rows Removed by Filter": 166024
                                }
                              ]
                            }
                          ]
                        }
                      ]
                    }
                  ]
                }
              ]
            }
          ]
        }
      ]
    },
    "Planning Time": 0.503,
    "Triggers": [],
    "Execution Time": 1683.939
  }
]