{
  "Plan": {
    "Node Type": "Aggregate",
    "Strategy": "Plain",
    "Partial Mode": "Finalize",
    "Parallel Aware": false,
    "Startup Cost": 120303.41,
    "Total Cost": 120303.42,
    "Plan Rows": 1,
    "Plan Width": 8,
    "Actual Startup Time": 636.462,
    "Actual Total Time": 653.485,
    "Actual Rows": 1,
    "Actual Loops": 1,
    "Plans": [
      {
        "Node Type": "Gather",
        "Parent Relationship": "Outer",
        "Parallel Aware": false,
        "Startup Cost": 120303.3,
        "Total Cost": 120303.41,
        "Plan Rows": 1,
        "Plan Width": 8,
        "Actual Startup Time": 635.5,
        "Actual Total Time": 653.478,
        "Actual Rows": 2,
        "Actual Loops": 1,
        "Workers Planned": 1,
        "Workers Launched": 1,
        "Single Copy": false,
        "Plans": [
          {
            "Node Type": "Aggregate",
            "Strategy": "Plain",
            "Partial Mode": "Partial",
            "Parent Relationship": "Outer",
            "Parallel Aware": false,
            "Startup Cost": 119303.3,
            "Total Cost": 119303.31,
            "Plan Rows": 1,
            "Plan Width": 8,
            "Actual Startup Time": 632.525,
            "Actual Total Time": 632.528,
            "Actual Rows": 1,
            "Actual Loops": 2,
            "Plans": [
              {
                "Node Type": "Hash Join",
                "Parent Relationship": "Outer",
                "Parallel Aware": true,
                "Join Type": "Inner",
                "Startup Cost": 60476.04,
                "Total Cost": 118526.89,
                "Plan Rows": 310565,
                "Plan Width": 0,
                "Actual Startup Time": 192.192,
                "Actual Total Time": 599.713,
                "Actual Rows": 849728,
                "Actual Loops": 2,
                "Inner Unique": true,
                "Hash Cond": "(mk.movie_id = t.id)",
                "Plans": [
                  {
                    "Node Type": "Seq Scan",
                    "Parent Relationship": "Outer",
                    "Parallel Aware": true,
                    "Relation Name": "movie_keyword",
                    "Alias": "mk",
                    "Startup Cost": 0.0,
                    "Total Cost": 51065.35,
                    "Plan Rows": 2661135,
                    "Plan Width": 4,
                    "Actual Startup Time": 0.017,
                    "Actual Total Time": 157.587,
                    "Actual Rows": 2261965,
                    "Actual Loops": 2
                  },
                  {
                    "Node Type": "Hash",
                    "Parent Relationship": "Inner",
                    "Parallel Aware": true,
                    "Startup Cost": 58306.47,
                    "Total Cost": 58306.47,
                    "Plan Rows": 173566,
                    "Plan Width": 4,
                    "Actual Startup Time": 188.598,
                    "Actual Total Time": 188.599,
                    "Actual Rows": 205845,
                    "Actual Loops": 2,
                    "Hash Buckets": 524288,
                    "Original Hash Buckets": 524288,
                    "Hash Batches": 1,
                    "Original Hash Batches": 1,
                    "Peak Memory Usage": 20224,
                    "Plans": [
                      {
                        "Node Type": "Seq Scan",
                        "Parent Relationship": "Outer",
                        "Parallel Aware": true,
                        "Relation Name": "title",
                        "Alias": "t",
                        "Startup Cost": 0.0,
                        "Total Cost": 58306.47,
                        "Plan Rows": 173566,
                        "Plan Width": 4,
                        "Actual Startup Time": 0.028,
                        "Actual Total Time": 141.985,
                        "Actual Rows": 205845,
                        "Actual Loops": 2,
                        "Filter": "((kind_id < 7) AND (production_year < 1993))",
                        "Rows Removed by Filter": 1058311
                      }
                    ]
                  }
                ]
              }
            ]
          }
        ]
      }
    ]
  },
  "Planning Time": 0.371,
  "Triggers": [],
  "Execution Time": 653.535
}