[
  {
    "Plan": {
      "Node Type": "Aggregate",
      "Strategy": "Plain",
      "Partial Mode": "Finalize",
      "Parallel Aware": false,
      "Startup Cost": 335327.01,
      "Total Cost": 335327.02,
      "Plan Rows": 1,
      "Plan Width": 8,
      "Actual Startup Time": 757.203,
      "Actual Total Time": 804.489,
      "Actual Rows": 1,
      "Actual Loops": 1,
      "Plans": [
        {
          "Node Type": "Gather",
          "Parent Relationship": "Outer",
          "Parallel Aware": false,
          "Startup Cost": 335326.39,
          "Total Cost": 335327.0,
          "Plan Rows": 6,
          "Plan Width": 8,
          "Actual Startup Time": 757.014,
          "Actual Total Time": 804.469,
          "Actual Rows": 7,
          "Actual Loops": 1,
          "Workers Planned": 6,
          "Workers Launched": 6,
          "Single Copy": false,
          "Plans": [
            {
              "Node Type": "Aggregate",
              "Strategy": "Plain",
              "Partial Mode": "Partial",
              "Parent Relationship": "Outer",
              "Parallel Aware": false,
              "Startup Cost": 334326.39,
              "Total Cost": 334326.4,
              "Plan Rows": 1,
              "Plan Width": 8,
              "Actual Startup Time": 750.812,
              "Actual Total Time": 750.814,
              "Actual Rows": 1,
              "Actual Loops": 7,
              "Plans": [
                {
                  "Node Type": "Seq Scan",
                  "Parent Relationship": "Outer",
                  "Parallel Aware": true,
                  "Relation Name": "cast_info",
                  "Alias": "ci",
                  "Startup Cost": 0.0,
                  "Total Cost": 328211.39,
                  "Plan Rows": 2445998,
                  "Plan Width": 0,
                  "Actual Startup Time": 0.038,
                  "Actual Total Time": 639.279,
                  "Actual Rows": 2115365,
                  "Actual Loops": 7,
                  "Filter": "(person_id < 1460447)",
                  "Rows Removed by Filter": 3062398
                }
              ]
            }
          ]
        }
      ]
    },
    "Planning Time": 0.239,
    "Triggers": [],
    "Execution Time": 804.56
  }
]