{
  "Plan": {
    "Node Type": "Aggregate",
    "Strategy": "Plain",
    "Partial Mode": "Finalize",
    "Parallel Aware": false,
    "Startup Cost": 82331.32,
    "Total Cost": 82331.33,
    "Plan Rows": 1,
    "Plan Width": 8,
    "Actual Startup Time": 183.477,
    "Actual Total Time": 199.555,
    "Actual Rows": 1,
    "Actual Loops": 1,
    "Plans": [
      {
        "Node Type": "Gather",
        "Parent Relationship": "Outer",
        "Parallel Aware": false,
        "Startup Cost": 82331.21,
        "Total Cost": 82331.32,
        "Plan Rows": 1,
        "Plan Width": 8,
        "Actual Startup Time": 183.225,
        "Actual Total Time": 199.548,
        "Actual Rows": 2,
        "Actual Loops": 1,
        "Workers Planned": 1,
        "Workers Launched": 1,
        "Single Copy": false,
        "Plans": [
          {
            "Node Type": "Aggregate",
            "Strategy": "Plain",
            "Partial Mode": "Partial",
            "Parent Relationship": "Outer",
            "Parallel Aware": false,
            "Startup Cost": 81331.21,
            "Total Cost": 81331.22,
            "Plan Rows": 1,
            "Plan Width": 8,
            "Actual Startup Time": 177.139,
            "Actual Total Time": 177.143,
            "Actual Rows": 1,
            "Actual Loops": 2,
            "Plans": [
              {
                "Node Type": "Nested Loop",
                "Parent Relationship": "Outer",
                "Parallel Aware": false,
                "Join Type": "Inner",
                "Startup Cost": 58568.8,
                "Total Cost": 81325.88,
                "Plan Rows": 2132,
                "Plan Width": 0,
                "Actual Startup Time": 143.004,
                "Actual Total Time": 176.861,
                "Actual Rows": 4413,
                "Actual Loops": 2,
                "Inner Unique": false,
                "Join Filter": "(t.id = mi.movie_id)",
                "Rows Removed by Join Filter": 0,
                "Plans": [
                  {
                    "Node Type": "Hash Join",
                    "Parent Relationship": "Outer",
                    "Parallel Aware": true,
                    "Join Type": "Inner",
                    "Startup Cost": 58568.36,
                    "Total Cost": 78965.25,
                    "Plan Rows": 365,
                    "Plan Width": 8,
                    "Actual Startup Time": 142.931,
                    "Actual Total Time": 165.531,
                    "Actual Rows": 278,
                    "Actual Loops": 2,
                    "Inner Unique": true,
                    "Hash Cond": "(mc.movie_id = t.id)",
                    "Plans": [
                      {
                        "Node Type": "Bitmap Heap Scan",
                        "Parent Relationship": "Outer",
                        "Parallel Aware": true,
                        "Relation Name": "movie_companies",
                        "Alias": "mc",
                        "Startup Cost": 3916.15,
                        "Total Cost": 24034.16,
                        "Plan Rows": 106241,
                        "Plan Width": 4,
                        "Actual Startup Time": 9.428,
                        "Actual Total Time": 23.839,
                        "Actual Rows": 88220,
                        "Actual Loops": 2,
                        "Recheck Cond": "(company_id > 121556)",
                        "Rows Removed by Index Recheck": 0,
                        "Exact Heap Blocks": 2817,
                        "Lossy Heap Blocks": 0,
                        "Plans": [
                          {
                            "Node Type": "Bitmap Index Scan",
                            "Parent Relationship": "Outer",
                            "Parallel Aware": false,
                            "Index Name": "company_id_movie_companies",
                            "Startup Cost": 0.0,
                            "Total Cost": 3871.0,
                            "Plan Rows": 180609,
                            "Plan Width": 0,
                            "Actual Startup Time": 8.789,
                            "Actual Total Time": 8.789,
                            "Actual Rows": 176441,
                            "Actual Loops": 1,
                            "Index Cond": "(company_id > 121556)"
                          }
                        ]
                      },
                      {
                        "Node Type": "Hash",
                        "Parent Relationship": "Inner",
                        "Parallel Aware": true,
                        "Startup Cost": 54588.39,
                        "Total Cost": 54588.39,
                        "Plan Rows": 5106,
                        "Plan Width": 4,
                        "Actual Startup Time": 132.362,
                        "Actual Total Time": 132.362,
                        "Actual Rows": 4314,
                        "Actual Loops": 2,
                        "Hash Buckets": 16384,
                        "Original Hash Buckets": 16384,
                        "Hash Batches": 1,
                        "Original Hash Batches": 1,
                        "Peak Memory Usage": 512,
                        "Plans": [
                          {
                            "Node Type": "Seq Scan",
                            "Parent Relationship": "Outer",
                            "Parallel Aware": true,
                            "Relation Name": "title",
                            "Alias": "t",
                            "Startup Cost": 0.0,
                            "Total Cost": 54588.39,
                            "Plan Rows": 5106,
                            "Plan Width": 4,
                            "Actual Startup Time": 0.06,
                            "Actual Total Time": 130.568,
                            "Actual Rows": 4314,
                            "Actual Loops": 2,
                            "Filter": "(production_year = 1956)",
                            "Rows Removed by Filter": 1259842
                          }
                        ]
                      }
                    ]
                  },
                  {
                    "Node Type": "Index Only Scan",
                    "Parent Relationship": "Inner",
                    "Parallel Aware": false,
                    "Scan Direction": "Forward",
                    "Index Name": "movie_id_movie_info",
                    "Relation Name": "movie_info",
                    "Alias": "mi",
                    "Startup Cost": 0.43,
                    "Total Cost": 5.94,
                    "Plan Rows": 42,
                    "Plan Width": 4,
                    "Actual Startup Time": 0.013,
                    "Actual Total Time": 0.039,
                    "Actual Rows": 16,
                    "Actual Loops": 556,
                    "Index Cond": "(movie_id = mc.movie_id)",
                    "Rows Removed by Index Recheck": 0,
                    "Heap Fetches": 8826
                  }
                ]
              }
            ]
          }
        ]
      }
    ]
  },
  "Planning Time": 0.935,
  "Triggers": [],
  "Execution Time": 199.655
}