[
  {
    "Plan": {
      "Node Type": "Aggregate",
      "Strategy": "Plain",
      "Partial Mode": "Finalize",
      "Parallel Aware": false,
      "Startup Cost": 31764.68,
      "Total Cost": 31764.69,
      "Plan Rows": 1,
      "Plan Width": 8,
      "Actual Startup Time": 130.204,
      "Actual Total Time": 136.56,
      "Actual Rows": 1,
      "Actual Loops": 1,
      "Plans": [
        {
          "Node Type": "Gather",
          "Parent Relationship": "Outer",
          "Parallel Aware": false,
          "Startup Cost": 31764.36,
          "Total Cost": 31764.67,
          "Plan Rows": 3,
          "Plan Width": 8,
          "Actual Startup Time": 130.043,
          "Actual Total Time": 136.552,
          "Actual Rows": 4,
          "Actual Loops": 1,
          "Workers Planned": 3,
          "Workers Launched": 3,
          "Single Copy": false,
          "Plans": [
            {
              "Node Type": "Aggregate",
              "Strategy": "Plain",
              "Partial Mode": "Partial",
              "Parent Relationship": "Outer",
              "Parallel Aware": false,
              "Startup Cost": 30764.36,
              "Total Cost": 30764.37,
              "Plan Rows": 1,
              "Plan Width": 8,
              "Actual Startup Time": 122.143,
              "Actual Total Time": 122.144,
              "Actual Rows": 1,
              "Actual Loops": 4,
              "Plans": [
                {
                  "Node Type": "Seq Scan",
                  "Parent Relationship": "Outer",
                  "Parallel Aware": true,
                  "Relation Name": "movie_companies",
                  "Alias": "mc",
                  "Startup Cost": 0.0,
                  "Total Cost": 29310.68,
                  "Plan Rows": 581471,
                  "Plan Width": 0,
                  "Actual Startup Time": 0.521,
                  "Actual Total Time": 95.501,
                  "Actual Rows": 450982,
                  "Actual Loops": 4,
                  "Filter": "(company_id > 1820)",
                  "Rows Removed by Filter": 201300
                }
              ]
            }
          ]
        }
      ]
    },
    "Planning Time": 0.102,
    "Triggers": [],
    "Execution Time": 136.595
  }
]