[
  {
    "Plan": {
      "Node Type": "Aggregate",
      "Strategy": "Plain",
      "Partial Mode": "Finalize",
      "Parallel Aware": false,
      "Startup Cost": 31759.27,
      "Total Cost": 31759.28,
      "Plan Rows": 1,
      "Plan Width": 8,
      "Actual Startup Time": 130.634,
      "Actual Total Time": 139.201,
      "Actual Rows": 1,
      "Actual Loops": 1,
      "Plans": [
        {
          "Node Type": "Gather",
          "Parent Relationship": "Outer",
          "Parallel Aware": false,
          "Startup Cost": 31758.95,
          "Total Cost": 31759.26,
          "Plan Rows": 3,
          "Plan Width": 8,
          "Actual Startup Time": 130.53,
          "Actual Total Time": 139.19,
          "Actual Rows": 4,
          "Actual Loops": 1,
          "Workers Planned": 3,
          "Workers Launched": 3,
          "Single Copy": false,
          "Plans": [
            {
              "Node Type": "Aggregate",
              "Strategy": "Plain",
              "Partial Mode": "Partial",
              "Parent Relationship": "Outer",
              "Parallel Aware": false,
              "Startup Cost": 30758.95,
              "Total Cost": 30758.96,
              "Plan Rows": 1,
              "Plan Width": 8,
              "Actual Startup Time": 123.945,
              "Actual Total Time": 123.946,
              "Actual Rows": 1,
              "Actual Loops": 4,
              "Plans": [
                {
                  "Node Type": "Seq Scan",
                  "Parent Relationship": "Outer",
                  "Parallel Aware": true,
                  "Relation Name": "movie_companies",
                  "Alias": "mc",
                  "Startup Cost": 0.0,
                  "Total Cost": 29310.68,
                  "Plan Rows": 579308,
                  "Plan Width": 0,
                  "Actual Startup Time": 0.983,
                  "Actual Total Time": 97.897,
                  "Actual Rows": 450982,
                  "Actual Loops": 4,
                  "Filter": "(company_id > 1820)",
                  "Rows Removed by Filter": 201300
                }
              ]
            }
          ]
        }
      ]
    },
    "Planning Time": 0.158,
    "Triggers": [],
    "Execution Time": 139.25
  }
]