{
  "Plan": {
    "Node Type": "Aggregate",
    "Strategy": "Plain",
    "Partial Mode": "Finalize",
    "Parallel Aware": false,
    "Startup Cost": 147726.55,
    "Total Cost": 147726.56,
    "Plan Rows": 1,
    "Plan Width": 8,
    "Actual Startup Time": 754.255,
    "Actual Total Time": 770.105,
    "Actual Rows": 1,
    "Actual Loops": 1,
    "Plans": [
      {
        "Node Type": "Gather",
        "Parent Relationship": "Outer",
        "Parallel Aware": false,
        "Startup Cost": 147726.43,
        "Total Cost": 147726.54,
        "Plan Rows": 1,
        "Plan Width": 8,
        "Actual Startup Time": 753.144,
        "Actual Total Time": 770.098,
        "Actual Rows": 2,
        "Actual Loops": 1,
        "Workers Planned": 1,
        "Workers Launched": 1,
        "Single Copy": false,
        "Plans": [
          {
            "Node Type": "Aggregate",
            "Strategy": "Plain",
            "Partial Mode": "Partial",
            "Parent Relationship": "Outer",
            "Parallel Aware": false,
            "Startup Cost": 146726.43,
            "Total Cost": 146726.44,
            "Plan Rows": 1,
            "Plan Width": 8,
            "Actual Startup Time": 746.747,
            "Actual Total Time": 746.753,
            "Actual Rows": 1,
            "Actual Loops": 2,
            "Plans": [
              {
                "Node Type": "Hash Join",
                "Parent Relationship": "Outer",
                "Parallel Aware": true,
                "Join Type": "Inner",
                "Startup Cost": 84998.17,
                "Total Cost": 146522.54,
                "Plan Rows": 81559,
                "Plan Width": 0,
                "Actual Startup Time": 469.138,
                "Actual Total Time": 722.467,
                "Actual Rows": 602346,
                "Actual Loops": 2,
                "Inner Unique": false,
                "Hash Cond": "(mk.movie_id = t.id)",
                "Plans": [
                  {
                    "Node Type": "Seq Scan",
                    "Parent Relationship": "Outer",
                    "Parallel Aware": true,
                    "Relation Name": "movie_keyword",
                    "Alias": "mk",
                    "Startup Cost": 0.0,
                    "Total Cost": 51065.35,
                    "Plan Rows": 2661135,
                    "Plan Width": 4,
                    "Actual Startup Time": 0.015,
                    "Actual Total Time": 148.277,
                    "Actual Rows": 2261965,
                    "Actual Loops": 2
                  },
                  {
                    "Node Type": "Hash",
                    "Parent Relationship": "Inner",
                    "Parallel Aware": true,
                    "Startup Cost": 84428.41,
                    "Total Cost": 84428.41,
                    "Plan Rows": 45581,
                    "Plan Width": 8,
                    "Actual Startup Time": 361.311,
                    "Actual Total Time": 361.316,
                    "Actual Rows": 74656,
                    "Actual Loops": 2,
                    "Hash Buckets": 262144,
                    "Original Hash Buckets": 131072,
                    "Hash Batches": 1,
                    "Original Hash Batches": 1,
                    "Peak Memory Usage": 8928,
                    "Plans": [
                      {
                        "Node Type": "Hash Join",
                        "Parent Relationship": "Outer",
                        "Parallel Aware": true,
                        "Join Type": "Inner",
                        "Startup Cost": 23994.78,
                        "Total Cost": 84428.41,
                        "Plan Rows": 45581,
                        "Plan Width": 8,
                        "Actual Startup Time": 233.69,
                        "Actual Total Time": 342.338,
                        "Actual Rows": 74656,
                        "Actual Loops": 2,
                        "Inner Unique": false,
                        "Hash Cond": "(t.id = mc.movie_id)",
                        "Plans": [
                          {
                            "Node Type": "Seq Scan",
                            "Parent Relationship": "Outer",
                            "Parallel Aware": true,
                            "Relation Name": "title",
                            "Alias": "t",
                            "Startup Cost": 0.0,
                            "Total Cost": 50870.31,
                            "Plan Rows": 1487231,
                            "Plan Width": 4,
                            "Actual Startup Time": 0.009,
                            "Actual Total Time": 116.144,
                            "Actual Rows": 1264156,
                            "Actual Loops": 2
                          },
                          {
                            "Node Type": "Hash",
                            "Parent Relationship": "Inner",
                            "Parallel Aware": true,
                            "Startup Cost": 23425.02,
                            "Total Cost": 23425.02,
                            "Plan Rows": 45581,
                            "Plan Width": 4,
                            "Actual Startup Time": 61.092,
                            "Actual Total Time": 61.093,
                            "Actual Rows": 74656,
                            "Actual Loops": 2,
                            "Hash Buckets": 262144,
                            "Original Hash Buckets": 131072,
                            "Hash Batches": 1,
                            "Original Hash Batches": 1,
                            "Peak Memory Usage": 8928,
                            "Plans": [
                              {
                                "Node Type": "Bitmap Heap Scan",
                                "Parent Relationship": "Outer",
                                "Parallel Aware": true,
                                "Relation Name": "movie_companies",
                                "Alias": "mc",
                                "Startup Cost": 3288.41,
                                "Total Cost": 23425.02,
                                "Plan Rows": 45581,
                                "Plan Width": 4,
                                "Actual Startup Time": 13.61,
                                "Actual Total Time": 40.983,
                                "Actual Rows": 74656,
                                "Actual Loops": 2,
                                "Recheck Cond": "(company_id > 132394)",
                                "Rows Removed by Index Recheck": 0,
                                "Filter": "(company_type_id > 1)",
                                "Rows Removed by Filter": 0,
                                "Exact Heap Blocks": 2905,
                                "Lossy Heap Blocks": 0,
                                "Plans": [
                                  {
                                    "Node Type": "Bitmap Index Scan",
                                    "Parent Relationship": "Outer",
                                    "Parallel Aware": false,
                                    "Index Name": "company_id_movie_companies",
                                    "Startup Cost": 0.0,
                                    "Total Cost": 3269.04,
                                    "Plan Rows": 152615,
                                    "Plan Width": 0,
                                    "Actual Startup Time": 15.045,
                                    "Actual Total Time": 15.046,
                                    "Actual Rows": 149311,
                                    "Actual Loops": 1,
                                    "Index Cond": "(company_id > 132394)"
                                  }
                                ]
                              }
                            ]
                          }
                        ]
                      }
                    ]
                  }
                ]
              }
            ]
          }
        ]
      }
    ]
  },
  "Planning Time": 1.068,
  "Triggers": [],
  "Execution Time": 770.233
}