[
  {
    "Plan": {
      "Node Type": "Aggregate",
      "Strategy": "Plain",
      "Partial Mode": "Finalize",
      "Parallel Aware": false,
      "Startup Cost": 31613.8,
      "Total Cost": 31613.81,
      "Plan Rows": 1,
      "Plan Width": 8,
      "Actual Startup Time": 105.048,
      "Actual Total Time": 112.393,
      "Actual Rows": 1,
      "Actual Loops": 1,
      "Plans": [
        {
          "Node Type": "Gather",
          "Parent Relationship": "Outer",
          "Parallel Aware": false,
          "Startup Cost": 31613.48,
          "Total Cost": 31613.79,
          "Plan Rows": 3,
          "Plan Width": 8,
          "Actual Startup Time": 104.965,
          "Actual Total Time": 112.382,
          "Actual Rows": 4,
          "Actual Loops": 1,
          "Workers Planned": 3,
          "Workers Launched": 3,
          "Single Copy": false,
          "Plans": [
            {
              "Node Type": "Aggregate",
              "Strategy": "Plain",
              "Partial Mode": "Partial",
              "Parent Relationship": "Outer",
              "Parallel Aware": false,
              "Startup Cost": 30613.48,
              "Total Cost": 30613.49,
              "Plan Rows": 1,
              "Plan Width": 8,
              "Actual Startup Time": 96.444,
              "Actual Total Time": 96.445,
              "Actual Rows": 1,
              "Actual Loops": 4,
              "Plans": [
                {
                  "Node Type": "Seq Scan",
                  "Parent Relationship": "Outer",
                  "Parallel Aware": true,
                  "Relation Name": "movie_companies",
                  "Alias": "mc",
                  "Startup Cost": 0.0,
                  "Total Cost": 29310.68,
                  "Plan Rows": 521119,
                  "Plan Width": 0,
                  "Actual Startup Time": 1.539,
                  "Actual Total Time": 78.287,
                  "Actual Rows": 402148,
                  "Actual Loops": 4,
                  "Filter": "(company_id > 4631)",
                  "Rows Removed by Filter": 250134
                }
              ]
            }
          ]
        }
      ]
    },
    "Planning Time": 0.089,
    "Triggers": [],
    "Execution Time": 112.421
  }
]