[
  {
    "Plan": {
      "Node Type": "Aggregate",
      "Strategy": "Plain",
      "Partial Mode": "Finalize",
      "Parallel Aware": false,
      "Startup Cost": 31608.58,
      "Total Cost": 31608.59,
      "Plan Rows": 1,
      "Plan Width": 8,
      "Actual Startup Time": 95.341,
      "Actual Total Time": 103.301,
      "Actual Rows": 1,
      "Actual Loops": 1,
      "Plans": [
        {
          "Node Type": "Gather",
          "Parent Relationship": "Outer",
          "Parallel Aware": false,
          "Startup Cost": 31608.27,
          "Total Cost": 31608.58,
          "Plan Rows": 3,
          "Plan Width": 8,
          "Actual Startup Time": 95.235,
          "Actual Total Time": 103.291,
          "Actual Rows": 4,
          "Actual Loops": 1,
          "Workers Planned": 3,
          "Workers Launched": 3,
          "Single Copy": false,
          "Plans": [
            {
              "Node Type": "Aggregate",
              "Strategy": "Plain",
              "Partial Mode": "Partial",
              "Parent Relationship": "Outer",
              "Parallel Aware": false,
              "Startup Cost": 30608.27,
              "Total Cost": 30608.28,
              "Plan Rows": 1,
              "Plan Width": 8,
              "Actual Startup Time": 90.708,
              "Actual Total Time": 90.709,
              "Actual Rows": 1,
              "Actual Loops": 4,
              "Plans": [
                {
                  "Node Type": "Seq Scan",
                  "Parent Relationship": "Outer",
                  "Parallel Aware": true,
                  "Relation Name": "movie_companies",
                  "Alias": "mc",
                  "Startup Cost": 0.0,
                  "Total Cost": 29310.68,
                  "Plan Rows": 519034,
                  "Plan Width": 0,
                  "Actual Startup Time": 3.568,
                  "Actual Total Time": 73.983,
                  "Actual Rows": 402148,
                  "Actual Loops": 4,
                  "Filter": "(company_id > 4631)",
                  "Rows Removed by Filter": 250134
                }
              ]
            }
          ]
        }
      ]
    },
    "Planning Time": 0.15,
    "Triggers": [],
    "Execution Time": 103.342
  }
]