[
  {
    "Plan": {
      "Node Type": "Aggregate",
      "Strategy": "Plain",
      "Partial Mode": "Finalize",
      "Parallel Aware": false,
      "Startup Cost": 44526.84,
      "Total Cost": 44526.85,
      "Plan Rows": 1,
      "Plan Width": 8,
      "Actual Startup Time": 132.146,
      "Actual Total Time": 141.54,
      "Actual Rows": 1,
      "Actual Loops": 1,
      "Plans": [
        {
          "Node Type": "Gather",
          "Parent Relationship": "Outer",
          "Parallel Aware": false,
          "Startup Cost": 44526.52,
          "Total Cost": 44526.83,
          "Plan Rows": 3,
          "Plan Width": 8,
          "Actual Startup Time": 131.866,
          "Actual Total Time": 141.525,
          "Actual Rows": 4,
          "Actual Loops": 1,
          "Workers Planned": 3,
          "Workers Launched": 3,
          "Single Copy": false,
          "Plans": [
            {
              "Node Type": "Aggregate",
              "Strategy": "Plain",
              "Partial Mode": "Partial",
              "Parent Relationship": "Outer",
              "Parallel Aware": false,
              "Startup Cost": 43526.52,
              "Total Cost": 43526.53,
              "Plan Rows": 1,
              "Plan Width": 8,
              "Actual Startup Time": 124.613,
              "Actual Total Time": 124.615,
              "Actual Rows": 1,
              "Actual Loops": 4,
              "Plans": [
                {
                  "Node Type": "Seq Scan",
                  "Parent Relationship": "Outer",
                  "Parallel Aware": true,
                  "Relation Name": "movie_keyword",
                  "Alias": "mk",
                  "Startup Cost": 0.0,
                  "Total Cost": 42695.65,
                  "Plan Rows": 332347,
                  "Plan Width": 0,
                  "Actual Startup Time": 2.799,
                  "Actual Total Time": 110.642,
                  "Actual Rows": 256508,
                  "Actual Loops": 4,
                  "Filter": "(keyword_id > 17438)",
                  "Rows Removed by Filter": 874475
                }
              ]
            }
          ]
        }
      ]
    },
    "Planning Time": 0.173,
    "Triggers": [],
    "Execution Time": 141.598
  }
]