{
  "Plan": {
    "Node Type": "Aggregate",
    "Strategy": "Plain",
    "Partial Mode": "Finalize",
    "Parallel Aware": false,
    "Startup Cost": 83445.99,
    "Total Cost": 83446.0,
    "Plan Rows": 1,
    "Plan Width": 8,
    "Actual Startup Time": 157.454,
    "Actual Total Time": 168.334,
    "Actual Rows": 1,
    "Actual Loops": 1,
    "Plans": [
      {
        "Node Type": "Gather",
        "Parent Relationship": "Outer",
        "Parallel Aware": false,
        "Startup Cost": 83445.87,
        "Total Cost": 83445.98,
        "Plan Rows": 1,
        "Plan Width": 8,
        "Actual Startup Time": 155.573,
        "Actual Total Time": 168.324,
        "Actual Rows": 2,
        "Actual Loops": 1,
        "Workers Planned": 1,
        "Workers Launched": 1,
        "Single Copy": false,
        "Plans": [
          {
            "Node Type": "Aggregate",
            "Strategy": "Plain",
            "Partial Mode": "Partial",
            "Parent Relationship": "Outer",
            "Parallel Aware": false,
            "Startup Cost": 82445.87,
            "Total Cost": 82445.88,
            "Plan Rows": 1,
            "Plan Width": 8,
            "Actual Startup Time": 149.958,
            "Actual Total Time": 149.964,
            "Actual Rows": 1,
            "Actual Loops": 2,
            "Plans": [
              {
                "Node Type": "Nested Loop",
                "Parent Relationship": "Outer",
                "Parallel Aware": false,
                "Join Type": "Inner",
                "Startup Cost": 55656.04,
                "Total Cost": 82443.95,
                "Plan Rows": 768,
                "Plan Width": 0,
                "Actual Startup Time": 127.958,
                "Actual Total Time": 149.869,
                "Actual Rows": 1450,
                "Actual Loops": 2,
                "Inner Unique": false,
                "Plans": [
                  {
                    "Node Type": "Hash Join",
                    "Parent Relationship": "Outer",
                    "Parallel Aware": true,
                    "Join Type": "Inner",
                    "Startup Cost": 55655.61,
                    "Total Cost": 81157.75,
                    "Plan Rows": 1408,
                    "Plan Width": 8,
                    "Actual Startup Time": 127.85,
                    "Actual Total Time": 145.725,
                    "Actual Rows": 668,
                    "Actual Loops": 2,
                    "Inner Unique": true,
                    "Hash Cond": "(mk.movie_id = t.id)",
                    "Plans": [
                      {
                        "Node Type": "Bitmap Heap Scan",
                        "Parent Relationship": "Outer",
                        "Parallel Aware": true,
                        "Relation Name": "movie_keyword",
                        "Alias": "mk",
                        "Startup Cost": 914.13,
                        "Total Cost": 26349.79,
                        "Plan Rows": 25328,
                        "Plan Width": 4,
                        "Actual Startup Time": 6.01,
                        "Actual Total Time": 26.8,
                        "Actual Rows": 19446,
                        "Actual Loops": 2,
                        "Recheck Cond": "(keyword_id < 47)",
                        "Rows Removed by Index Recheck": 0,
                        "Exact Heap Blocks": 10634,
                        "Lossy Heap Blocks": 0,
                        "Plans": [
                          {
                            "Node Type": "Bitmap Index Scan",
                            "Parent Relationship": "Outer",
                            "Parallel Aware": false,
                            "Index Name": "keyword_id_movie_keyword",
                            "Startup Cost": 0.0,
                            "Total Cost": 903.37,
                            "Plan Rows": 43058,
                            "Plan Width": 0,
                            "Actual Startup Time": 3.935,
                            "Actual Total Time": 3.936,
                            "Actual Rows": 38892,
                            "Actual Loops": 1,
                            "Index Cond": "(keyword_id < 47)"
                          }
                        ]
                      },
                      {
                        "Node Type": "Hash",
                        "Parent Relationship": "Inner",
                        "Parallel Aware": true,
                        "Startup Cost": 53708.24,
                        "Total Cost": 53708.24,
                        "Plan Rows": 82659,
                        "Plan Width": 4,
                        "Actual Startup Time": 111.24,
                        "Actual Total Time": 111.241,
                        "Actual Rows": 66091,
                        "Actual Loops": 2,
                        "Hash Buckets": 262144,
                        "Original Hash Buckets": 262144,
                        "Hash Batches": 1,
                        "Original Hash Batches": 1,
                        "Peak Memory Usage": 7264,
                        "Plans": [
                          {
                            "Node Type": "Bitmap Heap Scan",
                            "Parent Relationship": "Outer",
                            "Parallel Aware": true,
                            "Relation Name": "title",
                            "Alias": "t",
                            "Startup Cost": 11857.98,
                            "Total Cost": 53708.24,
                            "Plan Rows": 82659,
                            "Plan Width": 4,
                            "Actual Startup Time": 36.437,
                            "Actual Total Time": 96.31,
                            "Actual Rows": 66091,
                            "Actual Loops": 2,
                            "Recheck Cond": "(kind_id = 1)",
                            "Rows Removed by Index Recheck": 0,
                            "Filter": "(production_year > 2009)",
                            "Rows Removed by Filter": 265322,
                            "Exact Heap Blocks": 8808,
                            "Lossy Heap Blocks": 0,
                            "Plans": [
                              {
                                "Node Type": "Bitmap Index Scan",
                                "Parent Relationship": "Outer",
                                "Parallel Aware": false,
                                "Index Name": "kind_id_title",
                                "Startup Cost": 0.0,
                                "Total Cost": 11822.85,
                                "Plan Rows": 663256,
                                "Plan Width": 0,
                                "Actual Startup Time": 37.07,
                                "Actual Total Time": 37.07,
                                "Actual Rows": 662825,
                                "Actual Loops": 1,
                                "Index Cond": "(kind_id = 1)"
                              }
                            ]
                          }
                        ]
                      }
                    ]
                  },
                  {
                    "Node Type": "Index Only Scan",
                    "Parent Relationship": "Inner",
                    "Parallel Aware": false,
                    "Scan Direction": "Forward",
                    "Index Name": "movie_id_movie_info_idx",
                    "Relation Name": "movie_info_idx",
                    "Alias": "mi_idx",
                    "Startup Cost": 0.43,
                    "Total Cost": 0.88,
                    "Plan Rows": 3,
                    "Plan Width": 4,
                    "Actual Startup Time": 0.005,
                    "Actual Total Time": 0.006,
                    "Actual Rows": 2,
                    "Actual Loops": 1336,
                    "Index Cond": "(movie_id = t.id)",
                    "Rows Removed by Index Recheck": 0,
                    "Heap Fetches": 2899
                  }
                ]
              }
            ]
          }
        ]
      }
    ]
  },
  "Planning Time": 1.118,
  "Triggers": [],
  "Execution Time": 168.446
}