[
  {
    "Plan": {
      "Node Type": "Aggregate",
      "Strategy": "Plain",
      "Partial Mode": "Finalize",
      "Parallel Aware": false,
      "Startup Cost": 234094.94,
      "Total Cost": 234094.95,
      "Plan Rows": 1,
      "Plan Width": 8,
      "Actual Startup Time": 152.006,
      "Actual Total Time": 177.432,
      "Actual Rows": 1,
      "Actual Loops": 1,
      "Plans": [
        {
          "Node Type": "Gather",
          "Parent Relationship": "Outer",
          "Parallel Aware": false,
          "Startup Cost": 234094.52,
          "Total Cost": 234094.93,
          "Plan Rows": 4,
          "Plan Width": 8,
          "Actual Startup Time": 151.746,
          "Actual Total Time": 177.42,
          "Actual Rows": 5,
          "Actual Loops": 1,
          "Workers Planned": 4,
          "Workers Launched": 4,
          "Single Copy": false,
          "Plans": [
            {
              "Node Type": "Aggregate",
              "Strategy": "Plain",
              "Partial Mode": "Partial",
              "Parent Relationship": "Outer",
              "Parallel Aware": false,
              "Startup Cost": 233094.52,
              "Total Cost": 233094.53,
              "Plan Rows": 1,
              "Plan Width": 8,
              "Actual Startup Time": 145.087,
              "Actual Total Time": 145.089,
              "Actual Rows": 1,
              "Actual Loops": 5,
              "Plans": [
                {
                  "Node Type": "Nested Loop",
                  "Parent Relationship": "Outer",
                  "Parallel Aware": false,
                  "Join Type": "Inner",
                  "Startup Cost": 0.56,
                  "Total Cost": 233024.77,
                  "Plan Rows": 27901,
                  "Plan Width": 0,
                  "Actual Startup Time": 0.268,
                  "Actual Total Time": 143.522,
                  "Actual Rows": 15699,
                  "Actual Loops": 5,
                  "Inner Unique": false,
                  "Plans": [
                    {
                      "Node Type": "Seq Scan",
                      "Parent Relationship": "Outer",
                      "Parallel Aware": true,
                      "Relation Name": "title",
                      "Alias": "t",
                      "Startup Cost": 0.0,
                      "Total Cost": 45479.59,
                      "Plan Rows": 1946,
                      "Plan Width": 4,
                      "Actual Startup Time": 0.086,
                      "Actual Total Time": 71.971,
                      "Actual Rows": 1511,
                      "Actual Loops": 5,
                      "Filter": "((kind_id > 1) AND (production_year = 1959))",
                      "Rows Removed by Filter": 504151
                    },
                    {
                      "Node Type": "Index Only Scan",
                      "Parent Relationship": "Inner",
                      "Parallel Aware": false,
                      "Scan Direction": "Forward",
                      "Index Name": "movie_id_cast_info",
                      "Relation Name": "cast_info",
                      "Alias": "ci",
                      "Startup Cost": 0.56,
                      "Total Cost": 96.02,
                      "Plan Rows": 35,
                      "Plan Width": 4,
                      "Actual Startup Time": 0.012,
                      "Actual Total Time": 0.046,
                      "Actual Rows": 10,
                      "Actual Loops": 7556,
                      "Index Cond": "(movie_id = t.id)",
                      "Rows Removed by Index Recheck": 0,
                      "Heap Fetches": 78496
                    }
                  ]
                }
              ]
            }
          ]
        }
      ]
    },
    "Planning Time": 0.311,
    "Triggers": [],
    "Execution Time": 177.477
  }
]