{
    "Plan": {
        "Node Type": "Aggregate",
        "Strategy": "Plain",
        "Partial Mode": "Simple",
        "Parallel Aware": false,
        "Startup Cost": 10000154298.73,
        "Total Cost": 10000154298.74,
        "Plan Rows": 1,
        "Plan Width": 8,
        "Actual Startup Time": 2220.759,
        "Actual Total Time": 2220.764,
        "Actual Rows": 1,
        "Actual Loops": 1,
        "Output": [
            "count(*)"
        ],
        "Plans": [
            {
                "Node Type": "Hash Join",
                "Parent Relationship": "Outer",
                "Parallel Aware": false,
                "Join Type": "Inner",
                "Startup Cost": 10000021191.32,
                "Total Cost": 10000154170.15,
                "Plan Rows": 51434,
                "Plan Width": 0,
                "Actual Startup Time": 1426.429,
                "Actual Total Time": 2215.158,
                "Actual Rows": 53084,
                "Actual Loops": 1,
                "Inner Unique": false,
                "Hash Cond": "(t.id = mc.movie_id)",
                "Plans": [
                    {
                        "Node Type": "Index Scan",
                        "Parent Relationship": "Outer",
                        "Parallel Aware": false,
                        "Scan Direction": "Forward",
                        "Index Name": "title_pkey",
                        "Relation Name": "title",
                        "Schema": "public",
                        "Alias": "t",
                        "Startup Cost": 10000000000.43,
                        "Total Cost": 10000110342.1,
                        "Plan Rows": 2528322,
                        "Plan Width": 4,
                        "Actual Startup Time": 0.036,
                        "Actual Total Time": 1717.663,
                        "Actual Rows": 2528312,
                        "Actual Loops": 1,
                        "Output": [
                            "t.id",
                            "t.title",
                            "t.imdb_index",
                            "t.kind_id",
                            "t.production_year",
                            "t.imdb_id",
                            "t.phonetic_code",
                            "t.episode_of_id",
                            "t.season_nr",
                            "t.episode_nr",
                            "t.series_years",
                            "t.md5sum"
                        ]
                    },
                    {
                        "Node Type": "Hash",
                        "Parent Relationship": "Inner",
                        "Parallel Aware": false,
                        "Startup Cost": 20547.97,
                        "Total Cost": 20547.97,
                        "Plan Rows": 51434,
                        "Plan Width": 4,
                        "Actual Startup Time": 44.01,
                        "Actual Total Time": 44.013,
                        "Actual Rows": 53084,
                        "Actual Loops": 1,
                        "Output": [
                            "mc.movie_id"
                        ],
                        "Hash Buckets": 65536,
                        "Original Hash Buckets": 65536,
                        "Hash Batches": 1,
                        "Original Hash Batches": 1,
                        "Peak Memory Usage": 2379,
                        "Plans": [
                            {
                                "Node Type": "Bitmap Heap Scan",
                                "Parent Relationship": "Outer",
                                "Parallel Aware": false,
                                "Relation Name": "movie_companies",
                                "Schema": "public",
                                "Alias": "mc",
                                "Startup Cost": 1115.04,
                                "Total Cost": 20547.97,
                                "Plan Rows": 51434,
                                "Plan Width": 4,
                                "Actual Startup Time": 8.629,
                                "Actual Total Time": 33.348,
                                "Actual Rows": 53084,
                                "Actual Loops": 1,
                                "Output": [
                                    "mc.movie_id"
                                ],
                                "Recheck Cond": "(mc.company_id > 189050)",
                                "Rows Removed by Index Recheck": 0,
                                "Exact Heap Blocks": 1957,
                                "Lossy Heap Blocks": 0,
                                "Plans": [
                                    {
                                        "Node Type": "Bitmap Index Scan",
                                        "Parent Relationship": "Outer",
                                        "Parallel Aware": false,
                                        "Index Name": "company_id_movie_companies",
                                        "Startup Cost": 0.0,
                                        "Total Cost": 1102.19,
                                        "Plan Rows": 51434,
                                        "Plan Width": 0,
                                        "Actual Startup Time": 8.126,
                                        "Actual Total Time": 8.126,
                                        "Actual Rows": 53084,
                                        "Actual Loops": 1,
                                        "Index Cond": "(mc.company_id > 189050)"
                                    }
                                ]
                            }
                        ]
                    }
                ]
            }
        ]
    },
    "Planning Time": 2.314,
    "Triggers": [],
    "Execution Time": 2221.187
}