[
  {
    "Plan": {
      "Node Type": "Aggregate",
      "Strategy": "Plain",
      "Partial Mode": "Finalize",
      "Parallel Aware": false,
      "Startup Cost": 46855.88,
      "Total Cost": 46855.89,
      "Plan Rows": 1,
      "Plan Width": 8,
      "Actual Startup Time": 78.537,
      "Actual Total Time": 86.207,
      "Actual Rows": 1,
      "Actual Loops": 1,
      "Plans": [
        {
          "Node Type": "Gather",
          "Parent Relationship": "Outer",
          "Parallel Aware": false,
          "Startup Cost": 46855.46,
          "Total Cost": 46855.87,
          "Plan Rows": 4,
          "Plan Width": 8,
          "Actual Startup Time": 78.436,
          "Actual Total Time": 86.201,
          "Actual Rows": 5,
          "Actual Loops": 1,
          "Workers Planned": 4,
          "Workers Launched": 4,
          "Single Copy": false,
          "Plans": [
            {
              "Node Type": "Aggregate",
              "Strategy": "Plain",
              "Partial Mode": "Partial",
              "Parent Relationship": "Outer",
              "Parallel Aware": false,
              "Startup Cost": 45855.46,
              "Total Cost": 45855.47,
              "Plan Rows": 1,
              "Plan Width": 8,
              "Actual Startup Time": 74.16,
              "Actual Total Time": 74.161,
              "Actual Rows": 1,
              "Actual Loops": 5,
              "Plans": [
                {
                  "Node Type": "Seq Scan",
                  "Parent Relationship": "Outer",
                  "Parallel Aware": true,
                  "Relation Name": "title",
                  "Alias": "t",
                  "Startup Cost": 0.0,
                  "Total Cost": 45479.21,
                  "Plan Rows": 150499,
                  "Plan Width": 0,
                  "Actual Startup Time": 0.027,
                  "Actual Total Time": 69.414,
                  "Actual Rows": 101481,
                  "Actual Loops": 5,
                  "Filter": "((kind_id < 7) AND (production_year > 1997))",
                  "Rows Removed by Filter": 404181
                }
              ]
            }
          ]
        }
      ]
    },
    "Planning Time": 0.084,
    "Triggers": [],
    "Execution Time": 86.238
  }
]