{
  "Plan": {
    "Node Type": "Aggregate",
    "Strategy": "Plain",
    "Partial Mode": "Finalize",
    "Parallel Aware": false,
    "Startup Cost": 140832.3,
    "Total Cost": 140832.31,
    "Plan Rows": 1,
    "Plan Width": 8,
    "Actual Startup Time": 613.69,
    "Actual Total Time": 655.435,
    "Actual Rows": 1,
    "Actual Loops": 1,
    "Plans": [
      {
        "Node Type": "Gather",
        "Parent Relationship": "Outer",
        "Parallel Aware": false,
        "Startup Cost": 140832.19,
        "Total Cost": 140832.3,
        "Plan Rows": 1,
        "Plan Width": 8,
        "Actual Startup Time": 613.398,
        "Actual Total Time": 655.427,
        "Actual Rows": 2,
        "Actual Loops": 1,
        "Workers Planned": 1,
        "Workers Launched": 1,
        "Single Copy": false,
        "Plans": [
          {
            "Node Type": "Aggregate",
            "Strategy": "Plain",
            "Partial Mode": "Partial",
            "Parent Relationship": "Outer",
            "Parallel Aware": false,
            "Startup Cost": 139832.19,
            "Total Cost": 139832.2,
            "Plan Rows": 1,
            "Plan Width": 8,
            "Actual Startup Time": 607.281,
            "Actual Total Time": 607.285,
            "Actual Rows": 1,
            "Actual Loops": 2,
            "Plans": [
              {
                "Node Type": "Nested Loop",
                "Parent Relationship": "Outer",
                "Parallel Aware": false,
                "Join Type": "Inner",
                "Startup Cost": 58771.03,
                "Total Cost": 139771.77,
                "Plan Rows": 24168,
                "Plan Width": 0,
                "Actual Startup Time": 153.963,
                "Actual Total Time": 601.366,
                "Actual Rows": 122346,
                "Actual Loops": 2,
                "Inner Unique": false,
                "Join Filter": "(t.id = mi.movie_id)",
                "Rows Removed by Join Filter": 0,
                "Plans": [
                  {
                    "Node Type": "Hash Join",
                    "Parent Relationship": "Outer",
                    "Parallel Aware": true,
                    "Join Type": "Inner",
                    "Startup Cost": 58770.59,
                    "Total Cost": 98899.64,
                    "Plan Rows": 20489,
                    "Plan Width": 8,
                    "Actual Startup Time": 153.879,
                    "Actual Total Time": 326.943,
                    "Actual Rows": 23696,
                    "Actual Loops": 2,
                    "Inner Unique": true,
                    "Hash Cond": "(mc.movie_id = t.id)",
                    "Plans": [
                      {
                        "Node Type": "Seq Scan",
                        "Parent Relationship": "Outer",
                        "Parallel Aware": true,
                        "Relation Name": "movie_companies",
                        "Alias": "mc",
                        "Startup Cost": 0.0,
                        "Total Cost": 37974.77,
                        "Plan Rows": 820676,
                        "Plan Width": 4,
                        "Actual Startup Time": 13.764,
                        "Actual Total Time": 108.65,
                        "Actual Rows": 702237,
                        "Actual Loops": 2,
                        "Filter": "(company_id > 11096)",
                        "Rows Removed by Filter": 602328
                      },
                      {
                        "Node Type": "Hash",
                        "Parent Relationship": "Inner",
                        "Parallel Aware": true,
                        "Startup Cost": 58306.47,
                        "Total Cost": 58306.47,
                        "Plan Rows": 37130,
                        "Plan Width": 4,
                        "Actual Startup Time": 138.736,
                        "Actual Total Time": 138.737,
                        "Actual Rows": 26952,
                        "Actual Loops": 2,
                        "Hash Buckets": 65536,
                        "Original Hash Buckets": 65536,
                        "Hash Batches": 1,
                        "Original Hash Batches": 1,
                        "Peak Memory Usage": 2656,
                        "Plans": [
                          {
                            "Node Type": "Seq Scan",
                            "Parent Relationship": "Outer",
                            "Parallel Aware": true,
                            "Relation Name": "title",
                            "Alias": "t",
                            "Startup Cost": 0.0,
                            "Total Cost": 58306.47,
                            "Plan Rows": 37130,
                            "Plan Width": 4,
                            "Actual Startup Time": 0.057,
                            "Actual Total Time": 132.013,
                            "Actual Rows": 26952,
                            "Actual Loops": 2,
                            "Filter": "((kind_id < 7) AND (production_year = 2012))",
                            "Rows Removed by Filter": 1237204
                          }
                        ]
                      }
                    ]
                  },
                  {
                    "Node Type": "Index Scan",
                    "Parent Relationship": "Inner",
                    "Parallel Aware": false,
                    "Scan Direction": "Forward",
                    "Index Name": "movie_id_movie_info",
                    "Relation Name": "movie_info",
                    "Alias": "mi",
                    "Startup Cost": 0.43,
                    "Total Cost": 1.89,
                    "Plan Rows": 8,
                    "Plan Width": 4,
                    "Actual Startup Time": 0.006,
                    "Actual Total Time": 0.011,
                    "Actual Rows": 5,
                    "Actual Loops": 47393,
                    "Index Cond": "(movie_id = mc.movie_id)",
                    "Rows Removed by Index Recheck": 0,
                    "Filter": "(info_type_id = 16)",
                    "Rows Removed by Filter": 17
                  }
                ]
              }
            ]
          }
        ]
      }
    ]
  },
  "Planning Time": 0.999,
  "Triggers": [],
  "Execution Time": 655.531
}