{
  "Plan": {
    "Node Type": "Aggregate",
    "Strategy": "Plain",
    "Partial Mode": "Simple",
    "Parallel Aware": false,
    "Startup Cost": 3079.54,
    "Total Cost": 3079.55,
    "Plan Rows": 1,
    "Plan Width": 8,
    "Actual Startup Time": 0.762,
    "Actual Total Time": 0.764,
    "Actual Rows": 1,
    "Actual Loops": 1,
    "Plans": [
      {
        "Node Type": "Nested Loop",
        "Parent Relationship": "Outer",
        "Parallel Aware": false,
        "Join Type": "Inner",
        "Startup Cost": 1.43,
        "Total Cost": 3079.5,
        "Plan Rows": 19,
        "Plan Width": 0,
        "Actual Startup Time": 0.177,
        "Actual Total Time": 0.755,
        "Actual Rows": 7,
        "Actual Loops": 1,
        "Inner Unique": false,
        "Plans": [
          {
            "Node Type": "Nested Loop",
            "Parent Relationship": "Outer",
            "Parallel Aware": false,
            "Join Type": "Inner",
            "Startup Cost": 0.99,
            "Total Cost": 2953.48,
            "Plan Rows": 37,
            "Plan Width": 8,
            "Actual Startup Time": 0.149,
            "Actual Total Time": 0.384,
            "Actual Rows": 5,
            "Actual Loops": 1,
            "Inner Unique": true,
            "Plans": [
              {
                "Node Type": "Index Scan",
                "Parent Relationship": "Outer",
                "Parallel Aware": false,
                "Scan Direction": "Forward",
                "Index Name": "person_id_cast_info",
                "Relation Name": "cast_info",
                "Alias": "ci",
                "Startup Cost": 0.56,
                "Total Cost": 1059.67,
                "Plan Rows": 225,
                "Plan Width": 4,
                "Actual Startup Time": 0.102,
                "Actual Total Time": 0.115,
                "Actual Rows": 16,
                "Actual Loops": 1,
                "Index Cond": "(person_id = 3699973)",
                "Rows Removed by Index Recheck": 0,
                "Filter": "(role_id > 2)",
                "Rows Removed by Filter": 0
              },
              {
                "Node Type": "Index Scan",
                "Parent Relationship": "Inner",
                "Parallel Aware": false,
                "Scan Direction": "Forward",
                "Index Name": "title_pkey",
                "Relation Name": "title",
                "Alias": "t",
                "Startup Cost": 0.43,
                "Total Cost": 8.42,
                "Plan Rows": 1,
                "Plan Width": 4,
                "Actual Startup Time": 0.016,
                "Actual Total Time": 0.016,
                "Actual Rows": 0,
                "Actual Loops": 16,
                "Index Cond": "(id = ci.movie_id)",
                "Rows Removed by Index Recheck": 0,
                "Filter": "((production_year > 1996) AND (kind_id = 1))",
                "Rows Removed by Filter": 1
              }
            ]
          },
          {
            "Node Type": "Index Scan",
            "Parent Relationship": "Inner",
            "Parallel Aware": false,
            "Scan Direction": "Forward",
            "Index Name": "movie_id_movie_info",
            "Relation Name": "movie_info",
            "Alias": "mi",
            "Startup Cost": 0.43,
            "Total Cost": 3.37,
            "Plan Rows": 4,
            "Plan Width": 4,
            "Actual Startup Time": 0.018,
            "Actual Total Time": 0.072,
            "Actual Rows": 1,
            "Actual Loops": 5,
            "Index Cond": "(movie_id = t.id)",
            "Rows Removed by Index Recheck": 0,
            "Filter": "(info_type_id = 4)",
            "Rows Removed by Filter": 49
          }
        ]
      }
    ]
  },
  "Planning Time": 1.09,
  "Triggers": [],
  "Execution Time": 0.838
}