[
  {
    "Plan": {
      "Node Type": "Aggregate",
      "Strategy": "Plain",
      "Partial Mode": "Finalize",
      "Parallel Aware": false,
      "Startup Cost": 340149.97,
      "Total Cost": 340149.98,
      "Plan Rows": 1,
      "Plan Width": 8,
      "Actual Startup Time": 894.987,
      "Actual Total Time": 966.123,
      "Actual Rows": 1,
      "Actual Loops": 1,
      "Plans": [
        {
          "Node Type": "Gather",
          "Parent Relationship": "Outer",
          "Parallel Aware": false,
          "Startup Cost": 340149.35,
          "Total Cost": 340149.96,
          "Plan Rows": 6,
          "Plan Width": 8,
          "Actual Startup Time": 894.83,
          "Actual Total Time": 966.113,
          "Actual Rows": 7,
          "Actual Loops": 1,
          "Workers Planned": 6,
          "Workers Launched": 6,
          "Single Copy": false,
          "Plans": [
            {
              "Node Type": "Aggregate",
              "Strategy": "Plain",
              "Partial Mode": "Partial",
              "Parent Relationship": "Outer",
              "Parallel Aware": false,
              "Startup Cost": 339149.35,
              "Total Cost": 339149.36,
              "Plan Rows": 1,
              "Plan Width": 8,
              "Actual Startup Time": 886.064,
              "Actual Total Time": 886.065,
              "Actual Rows": 1,
              "Actual Loops": 7,
              "Plans": [
                {
                  "Node Type": "Seq Scan",
                  "Parent Relationship": "Outer",
                  "Parallel Aware": true,
                  "Relation Name": "cast_info",
                  "Alias": "ci",
                  "Startup Cost": 0.0,
                  "Total Cost": 328162.03,
                  "Plan Rows": 4394928,
                  "Plan Width": 0,
                  "Actual Startup Time": 126.812,
                  "Actual Total Time": 697.673,
                  "Actual Rows": 3760066,
                  "Actual Loops": 7,
                  "Filter": "(person_id > 977108)",
                  "Rows Removed by Filter": 1417697
                }
              ]
            }
          ]
        }
      ]
    },
    "Planning Time": 0.201,
    "Triggers": [],
    "Execution Time": 966.196
  }
]