[
    {
        "Bao": {
            "Bao prediction": "NaN",
            "Bao recommended hint": "(no hint)"
        }
    },
    {
        "Plan": {
            "Node Type": "Aggregate",
            "Strategy": "Plain",
            "Partial Mode": "Finalize",
            "Parallel Aware": false,
            "Startup Cost": 157916.19,
            "Total Cost": 157916.2,
            "Plan Rows": 1,
            "Plan Width": 8,
            "Actual Startup Time": 393.378,
            "Actual Total Time": 413.395,
            "Actual Rows": 1,
            "Actual Loops": 1,
            "Output": [
                "count(*)"
            ],
            "Plans": [
                {
                    "Node Type": "Gather",
                    "Parent Relationship": "Outer",
                    "Parallel Aware": false,
                    "Startup Cost": 157915.66,
                    "Total Cost": 157916.17,
                    "Plan Rows": 5,
                    "Plan Width": 8,
                    "Actual Startup Time": 393.188,
                    "Actual Total Time": 413.377,
                    "Actual Rows": 6,
                    "Actual Loops": 1,
                    "Output": [
                        "(PARTIAL count(*))"
                    ],
                    "Workers Planned": 5,
                    "Workers Launched": 5,
                    "Single Copy": false,
                    "Plans": [
                        {
                            "Node Type": "Aggregate",
                            "Strategy": "Plain",
                            "Partial Mode": "Partial",
                            "Parent Relationship": "Outer",
                            "Parallel Aware": false,
                            "Startup Cost": 156915.66,
                            "Total Cost": 156915.67,
                            "Plan Rows": 1,
                            "Plan Width": 8,
                            "Actual Startup Time": 382.559,
                            "Actual Total Time": 382.562,
                            "Actual Rows": 1,
                            "Actual Loops": 6,
                            "Output": [
                                "PARTIAL count(*)"
                            ],
                            "Workers": [
                                {
                                    "Worker Number": 0,
                                    "Actual Startup Time": 380.386,
                                    "Actual Total Time": 380.389,
                                    "Actual Rows": 1,
                                    "Actual Loops": 1
                                },
                                {
                                    "Worker Number": 1,
                                    "Actual Startup Time": 380.467,
                                    "Actual Total Time": 380.469,
                                    "Actual Rows": 1,
                                    "Actual Loops": 1
                                },
                                {
                                    "Worker Number": 2,
                                    "Actual Startup Time": 380.619,
                                    "Actual Total Time": 380.622,
                                    "Actual Rows": 1,
                                    "Actual Loops": 1
                                },
                                {
                                    "Worker Number": 3,
                                    "Actual Startup Time": 380.583,
                                    "Actual Total Time": 380.586,
                                    "Actual Rows": 1,
                                    "Actual Loops": 1
                                },
                                {
                                    "Worker Number": 4,
                                    "Actual Startup Time": 380.915,
                                    "Actual Total Time": 380.916,
                                    "Actual Rows": 1,
                                    "Actual Loops": 1
                                }
                            ],
                            "Plans": [
                                {
                                    "Node Type": "Index Scan",
                                    "Parent Relationship": "Outer",
                                    "Parallel Aware": true,
                                    "Scan Direction": "Forward",
                                    "Index Name": "role_id_cast_info",
                                    "Relation Name": "cast_info",
                                    "Schema": "public",
                                    "Alias": "ci",
                                    "Startup Cost": 0.56,
                                    "Total Cost": 154655.9,
                                    "Plan Rows": 903903,
                                    "Plan Width": 0,
                                    "Actual Startup Time": 0.177,
                                    "Actual Total Time": 320.004,
                                    "Actual Rows": 884901,
                                    "Actual Loops": 6,
                                    "Output": [
                                        "id",
                                        "person_id",
                                        "movie_id",
                                        "person_role_id",
                                        "note",
                                        "nr_order",
                                        "role_id"
                                    ],
                                    "Index Cond": "(ci.role_id > 8)",
                                    "Rows Removed by Index Recheck": 0,
                                    "Filter": "(ci.person_id > 733274)",
                                    "Rows Removed by Filter": 70548,
                                    "Workers": [
                                        {
                                            "Worker Number": 0,
                                            "Actual Startup Time": 0.256,
                                            "Actual Total Time": 319.205,
                                            "Actual Rows": 855298,
                                            "Actual Loops": 1
                                        },
                                        {
                                            "Worker Number": 1,
                                            "Actual Startup Time": 0.174,
                                            "Actual Total Time": 318.666,
                                            "Actual Rows": 866551,
                                            "Actual Loops": 1
                                        },
                                        {
                                            "Worker Number": 2,
                                            "Actual Startup Time": 0.16,
                                            "Actual Total Time": 318.979,
                                            "Actual Rows": 866580,
                                            "Actual Loops": 1
                                        },
                                        {
                                            "Worker Number": 3,
                                            "Actual Startup Time": 0.285,
                                            "Actual Total Time": 318.73,
                                            "Actual Rows": 868624,
                                            "Actual Loops": 1
                                        },
                                        {
                                            "Worker Number": 4,
                                            "Actual Startup Time": 0.114,
                                            "Actual Total Time": 319.331,
                                            "Actual Rows": 869650,
                                            "Actual Loops": 1
                                        }
                                    ]
                                }
                            ]
                        }
                    ]
                }
            ]
        },
        "Planning Time": 304.025,
        "Triggers": [],
        "Execution Time": 413.536
    }
]