{
  "Plan": {
    "Node Type": "Aggregate",
    "Strategy": "Plain",
    "Partial Mode": "Finalize",
    "Parallel Aware": false,
    "Startup Cost": 128892.15,
    "Total Cost": 128892.16,
    "Plan Rows": 1,
    "Plan Width": 8,
    "Actual Startup Time": 857.197,
    "Actual Total Time": 877.514,
    "Actual Rows": 1,
    "Actual Loops": 1,
    "Plans": [
      {
        "Node Type": "Gather",
        "Parent Relationship": "Outer",
        "Parallel Aware": false,
        "Startup Cost": 128892.03,
        "Total Cost": 128892.14,
        "Plan Rows": 1,
        "Plan Width": 8,
        "Actual Startup Time": 854.007,
        "Actual Total Time": 877.507,
        "Actual Rows": 2,
        "Actual Loops": 1,
        "Workers Planned": 1,
        "Workers Launched": 1,
        "Single Copy": false,
        "Plans": [
          {
            "Node Type": "Aggregate",
            "Strategy": "Plain",
            "Partial Mode": "Partial",
            "Parent Relationship": "Outer",
            "Parallel Aware": false,
            "Startup Cost": 127892.03,
            "Total Cost": 127892.04,
            "Plan Rows": 1,
            "Plan Width": 8,
            "Actual Startup Time": 841.377,
            "Actual Total Time": 841.381,
            "Actual Rows": 1,
            "Actual Loops": 2,
            "Plans": [
              {
                "Node Type": "Hash Join",
                "Parent Relationship": "Outer",
                "Parallel Aware": true,
                "Join Type": "Inner",
                "Startup Cost": 92283.41,
                "Total Cost": 126309.82,
                "Plan Rows": 632886,
                "Plan Width": 0,
                "Actual Startup Time": 579.563,
                "Actual Total Time": 818.304,
                "Actual Rows": 543900,
                "Actual Loops": 2,
                "Inner Unique": true,
                "Hash Cond": "(mk.movie_id = t.id)",
                "Plans": [
                  {
                    "Node Type": "Bitmap Heap Scan",
                    "Parent Relationship": "Outer",
                    "Parallel Aware": true,
                    "Relation Name": "movie_keyword",
                    "Alias": "mk",
                    "Startup Cost": 22822.71,
                    "Total Cost": 55187.79,
                    "Plan Rows": 632886,
                    "Plan Width": 4,
                    "Actual Startup Time": 61.818,
                    "Actual Total Time": 163.524,
                    "Actual Rows": 543900,
                    "Actual Loops": 2,
                    "Recheck Cond": "(keyword_id < 1113)",
                    "Rows Removed by Index Recheck": 0,
                    "Exact Heap Blocks": 13413,
                    "Lossy Heap Blocks": 0,
                    "Plans": [
                      {
                        "Node Type": "Bitmap Index Scan",
                        "Parent Relationship": "Outer",
                        "Parallel Aware": false,
                        "Index Name": "keyword_id_movie_keyword",
                        "Startup Cost": 0.0,
                        "Total Cost": 22553.73,
                        "Plan Rows": 1075907,
                        "Plan Width": 0,
                        "Actual Startup Time": 58.141,
                        "Actual Total Time": 58.141,
                        "Actual Rows": 1087799,
                        "Actual Loops": 1,
                        "Index Cond": "(keyword_id < 1113)"
                      }
                    ]
                  },
                  {
                    "Node Type": "Hash",
                    "Parent Relationship": "Inner",
                    "Parallel Aware": true,
                    "Startup Cost": 50870.31,
                    "Total Cost": 50870.31,
                    "Plan Rows": 1487231,
                    "Plan Width": 4,
                    "Actual Startup Time": 495.883,
                    "Actual Total Time": 495.883,
                    "Actual Rows": 1264156,
                    "Actual Loops": 2,
                    "Hash Buckets": 4194304,
                    "Original Hash Buckets": 4194304,
                    "Hash Batches": 1,
                    "Original Hash Batches": 1,
                    "Peak Memory Usage": 131680,
                    "Plans": [
                      {
                        "Node Type": "Seq Scan",
                        "Parent Relationship": "Outer",
                        "Parallel Aware": true,
                        "Relation Name": "title",
                        "Alias": "t",
                        "Startup Cost": 0.0,
                        "Total Cost": 50870.31,
                        "Plan Rows": 1487231,
                        "Plan Width": 4,
                        "Actual Startup Time": 0.039,
                        "Actual Total Time": 148.685,
                        "Actual Rows": 1264156,
                        "Actual Loops": 2
                      }
                    ]
                  }
                ]
              }
            ]
          }
        ]
      }
    ]
  },
  "Planning Time": 0.667,
  "Triggers": [],
  "Execution Time": 877.605
}