[
  {
    "Plan": {
      "Node Type": "Aggregate",
      "Strategy": "Plain",
      "Partial Mode": "Finalize",
      "Parallel Aware": false,
      "Startup Cost": 32231.77,
      "Total Cost": 32231.78,
      "Plan Rows": 1,
      "Plan Width": 8,
      "Actual Startup Time": 112.406,
      "Actual Total Time": 120.639,
      "Actual Rows": 1,
      "Actual Loops": 1,
      "Plans": [
        {
          "Node Type": "Gather",
          "Parent Relationship": "Outer",
          "Parallel Aware": false,
          "Startup Cost": 32231.45,
          "Total Cost": 32231.76,
          "Plan Rows": 3,
          "Plan Width": 8,
          "Actual Startup Time": 112.197,
          "Actual Total Time": 120.63,
          "Actual Rows": 4,
          "Actual Loops": 1,
          "Workers Planned": 3,
          "Workers Launched": 3,
          "Single Copy": false,
          "Plans": [
            {
              "Node Type": "Aggregate",
              "Strategy": "Plain",
              "Partial Mode": "Partial",
              "Parent Relationship": "Outer",
              "Parallel Aware": false,
              "Startup Cost": 31231.45,
              "Total Cost": 31231.46,
              "Plan Rows": 1,
              "Plan Width": 8,
              "Actual Startup Time": 106.859,
              "Actual Total Time": 106.86,
              "Actual Rows": 1,
              "Actual Loops": 4,
              "Plans": [
                {
                  "Node Type": "Seq Scan",
                  "Parent Relationship": "Outer",
                  "Parallel Aware": true,
                  "Relation Name": "movie_companies",
                  "Alias": "mc",
                  "Startup Cost": 0.0,
                  "Total Cost": 29310.68,
                  "Plan Rows": 768307,
                  "Plan Width": 0,
                  "Actual Startup Time": 0.033,
                  "Actual Total Time": 80.063,
                  "Actual Rows": 596110,
                  "Actual Loops": 4,
                  "Filter": "(company_id < 106755)",
                  "Rows Removed by Filter": 56172
                }
              ]
            }
          ]
        }
      ]
    },
    "Planning Time": 0.123,
    "Triggers": [],
    "Execution Time": 120.681
  }
]