[
    {
        "Bao": {
            "Bao prediction": "NaN",
            "Bao recommended hint": "(no hint)"
        }
    },
    {
        "Plan": {
            "Node Type": "Aggregate",
            "Strategy": "Plain",
            "Partial Mode": "Finalize",
            "Parallel Aware": false,
            "Startup Cost": 314921.54,
            "Total Cost": 314921.55,
            "Plan Rows": 1,
            "Plan Width": 8,
            "Actual Startup Time": 259.942,
            "Actual Total Time": 267.156,
            "Actual Rows": 1,
            "Actual Loops": 1,
            "Output": [
                "count(*)"
            ],
            "Plans": [
                {
                    "Node Type": "Gather",
                    "Parent Relationship": "Outer",
                    "Parallel Aware": false,
                    "Startup Cost": 314920.91,
                    "Total Cost": 314921.52,
                    "Plan Rows": 6,
                    "Plan Width": 8,
                    "Actual Startup Time": 259.28,
                    "Actual Total Time": 267.147,
                    "Actual Rows": 7,
                    "Actual Loops": 1,
                    "Output": [
                        "(PARTIAL count(*))"
                    ],
                    "Workers Planned": 6,
                    "Workers Launched": 6,
                    "Single Copy": false,
                    "Plans": [
                        {
                            "Node Type": "Aggregate",
                            "Strategy": "Plain",
                            "Partial Mode": "Partial",
                            "Parent Relationship": "Outer",
                            "Parallel Aware": false,
                            "Startup Cost": 313920.91,
                            "Total Cost": 313920.92,
                            "Plan Rows": 1,
                            "Plan Width": 8,
                            "Actual Startup Time": 248.563,
                            "Actual Total Time": 248.565,
                            "Actual Rows": 1,
                            "Actual Loops": 7,
                            "Output": [
                                "PARTIAL count(*)"
                            ],
                            "Workers": [
                                {
                                    "Worker Number": 0,
                                    "Actual Startup Time": 245.986,
                                    "Actual Total Time": 245.987,
                                    "Actual Rows": 1,
                                    "Actual Loops": 1
                                },
                                {
                                    "Worker Number": 1,
                                    "Actual Startup Time": 246.098,
                                    "Actual Total Time": 246.099,
                                    "Actual Rows": 1,
                                    "Actual Loops": 1
                                },
                                {
                                    "Worker Number": 2,
                                    "Actual Startup Time": 246.926,
                                    "Actual Total Time": 246.928,
                                    "Actual Rows": 1,
                                    "Actual Loops": 1
                                },
                                {
                                    "Worker Number": 3,
                                    "Actual Startup Time": 247.151,
                                    "Actual Total Time": 247.152,
                                    "Actual Rows": 1,
                                    "Actual Loops": 1
                                },
                                {
                                    "Worker Number": 4,
                                    "Actual Startup Time": 247.315,
                                    "Actual Total Time": 247.317,
                                    "Actual Rows": 1,
                                    "Actual Loops": 1
                                },
                                {
                                    "Worker Number": 5,
                                    "Actual Startup Time": 247.743,
                                    "Actual Total Time": 247.745,
                                    "Actual Rows": 1,
                                    "Actual Loops": 1
                                }
                            ],
                            "Plans": [
                                {
                                    "Node Type": "Bitmap Heap Scan",
                                    "Parent Relationship": "Outer",
                                    "Parallel Aware": true,
                                    "Relation Name": "cast_info",
                                    "Schema": "public",
                                    "Alias": "ci",
                                    "Startup Cost": 54459.56,
                                    "Total Cost": 313344.22,
                                    "Plan Rows": 230677,
                                    "Plan Width": 0,
                                    "Actual Startup Time": 118.602,
                                    "Actual Total Time": 230.422,
                                    "Actual Rows": 254477,
                                    "Actual Loops": 7,
                                    "Recheck Cond": "(ci.person_id < 241040)",
                                    "Rows Removed by Index Recheck": 0,
                                    "Filter": "(ci.role_id < 3)",
                                    "Rows Removed by Filter": 100496,
                                    "Exact Heap Blocks": 5101,
                                    "Lossy Heap Blocks": 0,
                                    "Workers": [
                                        {
                                            "Worker Number": 0,
                                            "Actual Startup Time": 115.943,
                                            "Actual Total Time": 228.085,
                                            "Actual Rows": 226158,
                                            "Actual Loops": 1
                                        },
                                        {
                                            "Worker Number": 1,
                                            "Actual Startup Time": 116.375,
                                            "Actual Total Time": 228.387,
                                            "Actual Rows": 225076,
                                            "Actual Loops": 1
                                        },
                                        {
                                            "Worker Number": 2,
                                            "Actual Startup Time": 117.407,
                                            "Actual Total Time": 228.949,
                                            "Actual Rows": 225426,
                                            "Actual Loops": 1
                                        },
                                        {
                                            "Worker Number": 3,
                                            "Actual Startup Time": 117.086,
                                            "Actual Total Time": 229.247,
                                            "Actual Rows": 326336,
                                            "Actual Loops": 1
                                        },
                                        {
                                            "Worker Number": 4,
                                            "Actual Startup Time": 117.225,
                                            "Actual Total Time": 229.524,
                                            "Actual Rows": 222651,
                                            "Actual Loops": 1
                                        },
                                        {
                                            "Worker Number": 5,
                                            "Actual Startup Time": 117.941,
                                            "Actual Total Time": 229.787,
                                            "Actual Rows": 228267,
                                            "Actual Loops": 1
                                        }
                                    ],
                                    "Plans": [
                                        {
                                            "Node Type": "Bitmap Index Scan",
                                            "Parent Relationship": "Outer",
                                            "Parallel Aware": false,
                                            "Index Name": "person_id_cast_info",
                                            "Startup Cost": 0.0,
                                            "Total Cost": 54113.54,
                                            "Plan Rows": 2479064,
                                            "Plan Width": 0,
                                            "Actual Startup Time": 122.174,
                                            "Actual Total Time": 122.175,
                                            "Actual Rows": 2484810,
                                            "Actual Loops": 1,
                                            "Index Cond": "(ci.person_id < 241040)"
                                        }
                                    ]
                                }
                            ]
                        }
                    ]
                }
            ]
        },
        "Planning Time": 306.05,
        "Triggers": [],
        "Execution Time": 267.263
    }
]