[
  {
    "Plan": {
      "Node Type": "Aggregate",
      "Strategy": "Plain",
      "Partial Mode": "Finalize",
      "Parallel Aware": false,
      "Startup Cost": 46851.13,
      "Total Cost": 46851.14,
      "Plan Rows": 1,
      "Plan Width": 8,
      "Actual Startup Time": 161.828,
      "Actual Total Time": 170.915,
      "Actual Rows": 1,
      "Actual Loops": 1,
      "Plans": [
        {
          "Node Type": "Gather",
          "Parent Relationship": "Outer",
          "Parallel Aware": false,
          "Startup Cost": 46850.82,
          "Total Cost": 46851.13,
          "Plan Rows": 3,
          "Plan Width": 8,
          "Actual Startup Time": 161.72,
          "Actual Total Time": 170.906,
          "Actual Rows": 4,
          "Actual Loops": 1,
          "Workers Planned": 3,
          "Workers Launched": 3,
          "Single Copy": false,
          "Plans": [
            {
              "Node Type": "Aggregate",
              "Strategy": "Plain",
              "Partial Mode": "Partial",
              "Parent Relationship": "Outer",
              "Parallel Aware": false,
              "Startup Cost": 45850.82,
              "Total Cost": 45850.83,
              "Plan Rows": 1,
              "Plan Width": 8,
              "Actual Startup Time": 155.91,
              "Actual Total Time": 155.911,
              "Actual Rows": 1,
              "Actual Loops": 4,
              "Plans": [
                {
                  "Node Type": "Seq Scan",
                  "Parent Relationship": "Outer",
                  "Parallel Aware": true,
                  "Relation Name": "movie_keyword",
                  "Alias": "mk",
                  "Startup Cost": 0.0,
                  "Total Cost": 42695.65,
                  "Plan Rows": 1262065,
                  "Plan Width": 0,
                  "Actual Startup Time": 0.044,
                  "Actual Total Time": 116.143,
                  "Actual Rows": 981242,
                  "Actual Loops": 4,
                  "Filter": "(keyword_id < 30667)",
                  "Rows Removed by Filter": 149740
                }
              ]
            }
          ]
        }
      ]
    },
    "Planning Time": 0.093,
    "Triggers": [],
    "Execution Time": 170.947
  }
]