[
  {
    "Plan": {
      "Node Type": "Aggregate",
      "Strategy": "Plain",
      "Partial Mode": "Finalize",
      "Parallel Aware": false,
      "Startup Cost": 100777.41,
      "Total Cost": 100777.42,
      "Plan Rows": 1,
      "Plan Width": 8,
      "Actual Startup Time": 872.542,
      "Actual Total Time": 888.65,
      "Actual Rows": 1,
      "Actual Loops": 1,
      "Plans": [
        {
          "Node Type": "Gather",
          "Parent Relationship": "Outer",
          "Parallel Aware": false,
          "Startup Cost": 100777.19,
          "Total Cost": 100777.4,
          "Plan Rows": 2,
          "Plan Width": 8,
          "Actual Startup Time": 865.831,
          "Actual Total Time": 888.643,
          "Actual Rows": 3,
          "Actual Loops": 1,
          "Workers Planned": 2,
          "Workers Launched": 2,
          "Single Copy": false,
          "Plans": [
            {
              "Node Type": "Aggregate",
              "Strategy": "Plain",
              "Partial Mode": "Partial",
              "Parent Relationship": "Outer",
              "Parallel Aware": false,
              "Startup Cost": 99777.19,
              "Total Cost": 99777.2,
              "Plan Rows": 1,
              "Plan Width": 8,
              "Actual Startup Time": 858.166,
              "Actual Total Time": 858.876,
              "Actual Rows": 1,
              "Actual Loops": 3,
              "Plans": [
                {
                  "Node Type": "Hash Join",
                  "Parent Relationship": "Outer",
                  "Parallel Aware": true,
                  "Join Type": "Inner",
                  "Startup Cost": 82792.94,
                  "Total Cost": 99205.79,
                  "Plan Rows": 228559,
                  "Plan Width": 0,
                  "Actual Startup Time": 689.432,
                  "Actual Total Time": 840.104,
                  "Actual Rows": 483289,
                  "Actual Loops": 3,
                  "Inner Unique": false,
                  "Hash Cond": "(mi_idx.movie_id = t.id)",
                  "Plans": [
                    {
                      "Node Type": "Seq Scan",
                      "Parent Relationship": "Outer",
                      "Parallel Aware": true,
                      "Relation Name": "movie_info_idx",
                      "Alias": "mi_idx",
                      "Startup Cost": 0.0,
                      "Total Cost": 13685.15,
                      "Plan Rows": 575015,
                      "Plan Width": 4,
                      "Actual Startup Time": 0.045,
                      "Actual Total Time": 34.907,
                      "Actual Rows": 460012,
                      "Actual Loops": 3
                    },
                    {
                      "Node Type": "Hash",
                      "Parent Relationship": "Inner",
                      "Parallel Aware": true,
                      "Startup Cost": 79652.47,
                      "Total Cost": 79652.47,
                      "Plan Rows": 251238,
                      "Plan Width": 8,
                      "Actual Startup Time": 682.496,
                      "Actual Total Time": 683.205,
                      "Actual Rows": 338650,
                      "Actual Loops": 3,
                      "Hash Buckets": 1048576,
                      "Original Hash Buckets": 1048576,
                      "Hash Batches": 1,
                      "Original Hash Batches": 1,
                      "Peak Memory Usage": 47968,
                      "Plans": [
                        {
                          "Node Type": "Hash Join",
                          "Parent Relationship": "Outer",
                          "Parallel Aware": true,
                          "Join Type": "Inner",
                          "Startup Cost": 33362.92,
                          "Total Cost": 79652.47,
                          "Plan Rows": 251238,
                          "Plan Width": 8,
                          "Actual Startup Time": 197.148,
                          "Actual Total Time": 581.921,
                          "Actual Rows": 338650,
                          "Actual Loops": 3,
                          "Inner Unique": false,
                          "Hash Cond": "(t.id = mc.movie_id)",
                          "Plans": [
                            {
                              "Node Type": "Seq Scan",
                              "Parent Relationship": "Outer",
                              "Parallel Aware": true,
                              "Relation Name": "title",
                              "Alias": "t",
                              "Startup Cost": 0.0,
                              "Total Cost": 42318.73,
                              "Plan Rows": 632073,
                              "Plan Width": 4,
                              "Actual Startup Time": 0.015,
                              "Actual Total Time": 93.451,
                              "Actual Rows": 842771,
                              "Actual Loops": 3
                            },
                            {
                              "Node Type": "Hash",
                              "Parent Relationship": "Inner",
                              "Parallel Aware": true,
                              "Startup Cost": 29310.68,
                              "Total Cost": 29310.68,
                              "Plan Rows": 324179,
                              "Plan Width": 4,
                              "Actual Startup Time": 193.459,
                              "Actual Total Time": 193.46,
                              "Actual Rows": 338650,
                              "Actual Loops": 3,
                              "Hash Buckets": 1048576,
                              "Original Hash Buckets": 1048576,
                              "Hash Batches": 1,
                              "Original Hash Batches": 1,
                              "Peak Memory Usage": 47968,
                              "Plans": [
                                {
                                  "Node Type": "Seq Scan",
                                  "Parent Relationship": "Outer",
                                  "Parallel Aware": true,
                                  "Relation Name": "movie_companies",
                                  "Alias": "mc",
                                  "Startup Cost": 0.0,
                                  "Total Cost": 29310.68,
                                  "Plan Rows": 324179,
                                  "Plan Width": 4,
                                  "Actual Startup Time": 23.528,
                                  "Actual Total Time": 100.488,
                                  "Actual Rows": 338650,
                                  "Actual Loops": 3,
                                  "Filter": "(company_id > 16138)",
                                  "Rows Removed by Filter": 531060
                                }
                              ]
                            }
                          ]
                        }
                      ]
                    }
                  ]
                }
              ]
            }
          ]
        }
      ]
    },
    "Planning Time": 1.297,
    "Triggers": [],
    "Execution Time": 888.74
  }
]