{
  "Plan": {
    "Node Type": "Aggregate",
    "Strategy": "Plain",
    "Partial Mode": "Finalize",
    "Parallel Aware": false,
    "Startup Cost": 121609.25,
    "Total Cost": 121609.26,
    "Plan Rows": 1,
    "Plan Width": 8,
    "Actual Startup Time": 668.34,
    "Actual Total Time": 685.095,
    "Actual Rows": 1,
    "Actual Loops": 1,
    "Plans": [
      {
        "Node Type": "Gather",
        "Parent Relationship": "Outer",
        "Parallel Aware": false,
        "Startup Cost": 121609.14,
        "Total Cost": 121609.25,
        "Plan Rows": 1,
        "Plan Width": 8,
        "Actual Startup Time": 667.164,
        "Actual Total Time": 685.084,
        "Actual Rows": 2,
        "Actual Loops": 1,
        "Workers Planned": 1,
        "Workers Launched": 1,
        "Single Copy": false,
        "Plans": [
          {
            "Node Type": "Aggregate",
            "Strategy": "Plain",
            "Partial Mode": "Partial",
            "Parent Relationship": "Outer",
            "Parallel Aware": false,
            "Startup Cost": 120609.14,
            "Total Cost": 120609.15,
            "Plan Rows": 1,
            "Plan Width": 8,
            "Actual Startup Time": 661.441,
            "Actual Total Time": 661.445,
            "Actual Rows": 1,
            "Actual Loops": 2,
            "Plans": [
              {
                "Node Type": "Hash Join",
                "Parent Relationship": "Outer",
                "Parallel Aware": true,
                "Join Type": "Inner",
                "Startup Cost": 61437.73,
                "Total Cost": 119488.57,
                "Plan Rows": 448227,
                "Plan Width": 0,
                "Actual Startup Time": 231.274,
                "Actual Total Time": 657.61,
                "Actual Rows": 78324,
                "Actual Loops": 2,
                "Inner Unique": true,
                "Hash Cond": "(mk.movie_id = t.id)",
                "Plans": [
                  {
                    "Node Type": "Seq Scan",
                    "Parent Relationship": "Outer",
                    "Parallel Aware": true,
                    "Relation Name": "movie_keyword",
                    "Alias": "mk",
                    "Startup Cost": 0.0,
                    "Total Cost": 51065.35,
                    "Plan Rows": 2661135,
                    "Plan Width": 4,
                    "Actual Startup Time": 0.016,
                    "Actual Total Time": 193.954,
                    "Actual Rows": 2261965,
                    "Actual Loops": 2
                  },
                  {
                    "Node Type": "Hash",
                    "Parent Relationship": "Inner",
                    "Parallel Aware": true,
                    "Startup Cost": 58306.47,
                    "Total Cost": 58306.47,
                    "Plan Rows": 250501,
                    "Plan Width": 4,
                    "Actual Startup Time": 225.235,
                    "Actual Total Time": 225.237,
                    "Actual Rows": 157584,
                    "Actual Loops": 2,
                    "Hash Buckets": 524288,
                    "Original Hash Buckets": 524288,
                    "Hash Batches": 1,
                    "Original Hash Batches": 1,
                    "Peak Memory Usage": 16448,
                    "Plans": [
                      {
                        "Node Type": "Seq Scan",
                        "Parent Relationship": "Outer",
                        "Parallel Aware": true,
                        "Relation Name": "title",
                        "Alias": "t",
                        "Startup Cost": 0.0,
                        "Total Cost": 58306.47,
                        "Plan Rows": 250501,
                        "Plan Width": 4,
                        "Actual Startup Time": 0.032,
                        "Actual Total Time": 171.112,
                        "Actual Rows": 157584,
                        "Actual Loops": 2,
                        "Filter": "((production_year < 1991) AND (kind_id = 7))",
                        "Rows Removed by Filter": 1106572
                      }
                    ]
                  }
                ]
              }
            ]
          }
        ]
      }
    ]
  },
  "Planning Time": 0.672,
  "Triggers": [],
  "Execution Time": 685.165
}