{
  "Plan": {
    "Node Type": "Aggregate",
    "Strategy": "Plain",
    "Partial Mode": "Finalize",
    "Parallel Aware": false,
    "Startup Cost": 584251.49,
    "Total Cost": 584251.5,
    "Plan Rows": 1,
    "Plan Width": 8,
    "Actual Startup Time": 2224.567,
    "Actual Total Time": 2263.571,
    "Actual Rows": 1,
    "Actual Loops": 1,
    "Plans": [
      {
        "Node Type": "Gather",
        "Parent Relationship": "Outer",
        "Parallel Aware": false,
        "Startup Cost": 584251.38,
        "Total Cost": 584251.49,
        "Plan Rows": 1,
        "Plan Width": 8,
        "Actual Startup Time": 2215.13,
        "Actual Total Time": 2263.563,
        "Actual Rows": 2,
        "Actual Loops": 1,
        "Workers Planned": 1,
        "Workers Launched": 1,
        "Single Copy": false,
        "Plans": [
          {
            "Node Type": "Aggregate",
            "Strategy": "Plain",
            "Partial Mode": "Partial",
            "Parent Relationship": "Outer",
            "Parallel Aware": false,
            "Startup Cost": 583251.38,
            "Total Cost": 583251.39,
            "Plan Rows": 1,
            "Plan Width": 8,
            "Actual Startup Time": 2197.481,
            "Actual Total Time": 2199.298,
            "Actual Rows": 1,
            "Actual Loops": 2,
            "Plans": [
              {
                "Node Type": "Hash Join",
                "Parent Relationship": "Outer",
                "Parallel Aware": true,
                "Join Type": "Inner",
                "Startup Cost": 545608.83,
                "Total Cost": 581106.63,
                "Plan Rows": 857901,
                "Plan Width": 0,
                "Actual Startup Time": 2002.246,
                "Actual Total Time": 2176.598,
                "Actual Rows": 501598,
                "Actual Loops": 2,
                "Inner Unique": false,
                "Hash Cond": "(mk.movie_id = t.id)",
                "Plans": [
                  {
                    "Node Type": "Bitmap Heap Scan",
                    "Parent Relationship": "Outer",
                    "Parallel Aware": true,
                    "Relation Name": "movie_keyword",
                    "Alias": "mk",
                    "Startup Cost": 10815.17,
                    "Total Cost": 39017.49,
                    "Plan Rows": 299866,
                    "Plan Width": 4,
                    "Actual Startup Time": 30.348,
                    "Actual Total Time": 94.581,
                    "Actual Rows": 260439,
                    "Actual Loops": 2,
                    "Recheck Cond": "(keyword_id < 382)",
                    "Rows Removed by Index Recheck": 0,
                    "Exact Heap Blocks": 11710,
                    "Lossy Heap Blocks": 0,
                    "Plans": [
                      {
                        "Node Type": "Bitmap Index Scan",
                        "Parent Relationship": "Outer",
                        "Parallel Aware": false,
                        "Index Name": "keyword_id_movie_keyword",
                        "Startup Cost": 0.0,
                        "Total Cost": 10687.72,
                        "Plan Rows": 509772,
                        "Plan Width": 0,
                        "Actual Startup Time": 26.822,
                        "Actual Total Time": 26.823,
                        "Actual Rows": 520878,
                        "Actual Loops": 1,
                        "Index Cond": "(keyword_id < 382)"
                      }
                    ]
                  },
                  {
                    "Node Type": "Hash",
                    "Parent Relationship": "Inner",
                    "Parallel Aware": true,
                    "Startup Cost": 481607.51,
                    "Total Cost": 481607.51,
                    "Plan Rows": 4254892,
                    "Plan Width": 8,
                    "Actual Startup Time": 1939.449,
                    "Actual Total Time": 1941.263,
                    "Actual Rows": 869982,
                    "Actual Loops": 2,
                    "Hash Buckets": 8388608,
                    "Original Hash Buckets": 8388608,
                    "Hash Batches": 1,
                    "Original Hash Batches": 1,
                    "Peak Memory Usage": 133664,
                    "Plans": [
                      {
                        "Node Type": "Hash Join",
                        "Parent Relationship": "Outer",
                        "Parallel Aware": true,
                        "Join Type": "Inner",
                        "Startup Cost": 69461.26,
                        "Total Cost": 481607.51,
                        "Plan Rows": 4254892,
                        "Plan Width": 8,
                        "Actual Startup Time": 1122.565,
                        "Actual Total Time": 1661.47,
                        "Actual Rows": 869982,
                        "Actual Loops": 2,
                        "Inner Unique": true,
                        "Hash Cond": "(ci.movie_id = t.id)",
                        "Plans": [
                          {
                            "Node Type": "Index Scan",
                            "Parent Relationship": "Outer",
                            "Parallel Aware": true,
                            "Scan Direction": "Forward",
                            "Index Name": "role_id_cast_info",
                            "Relation Name": "cast_info",
                            "Alias": "ci",
                            "Startup Cost": 0.56,
                            "Total Cost": 400977.7,
                            "Plan Rows": 4254892,
                            "Plan Width": 4,
                            "Actual Startup Time": 625.251,
                            "Actual Total Time": 776.087,
                            "Actual Rows": 869982,
                            "Actual Loops": 2,
                            "Index Cond": "(role_id = 1)",
                            "Rows Removed by Index Recheck": 0,
                            "Filter": "(person_id > 1496278)",
                            "Rows Removed by Filter": 5465362
                          },
                          {
                            "Node Type": "Hash",
                            "Parent Relationship": "Inner",
                            "Parallel Aware": true,
                            "Startup Cost": 50870.31,
                            "Total Cost": 50870.31,
                            "Plan Rows": 1487231,
                            "Plan Width": 4,
                            "Actual Startup Time": 485.881,
                            "Actual Total Time": 485.882,
                            "Actual Rows": 1264156,
                            "Actual Loops": 2,
                            "Hash Buckets": 4194304,
                            "Original Hash Buckets": 4194304,
                            "Hash Batches": 1,
                            "Original Hash Batches": 1,
                            "Peak Memory Usage": 131712,
                            "Plans": [
                              {
                                "Node Type": "Seq Scan",
                                "Parent Relationship": "Outer",
                                "Parallel Aware": true,
                                "Relation Name": "title",
                                "Alias": "t",
                                "Startup Cost": 0.0,
                                "Total Cost": 50870.31,
                                "Plan Rows": 1487231,
                                "Plan Width": 4,
                                "Actual Startup Time": 0.032,
                                "Actual Total Time": 145.102,
                                "Actual Rows": 1264156,
                                "Actual Loops": 2
                              }
                            ]
                          }
                        ]
                      }
                    ]
                  }
                ]
              }
            ]
          }
        ]
      }
    ]
  },
  "Planning Time": 1.058,
  "Triggers": [],
  "Execution Time": 2263.681
}