[
  {
    "Plan": {
      "Node Type": "Aggregate",
      "Strategy": "Plain",
      "Partial Mode": "Finalize",
      "Parallel Aware": false,
      "Startup Cost": 178955.74,
      "Total Cost": 178955.75,
      "Plan Rows": 1,
      "Plan Width": 8,
      "Actual Startup Time": 195.859,
      "Actual Total Time": 219.929,
      "Actual Rows": 1,
      "Actual Loops": 1,
      "Plans": [
        {
          "Node Type": "Gather",
          "Parent Relationship": "Outer",
          "Parallel Aware": false,
          "Startup Cost": 178955.32,
          "Total Cost": 178955.73,
          "Plan Rows": 4,
          "Plan Width": 8,
          "Actual Startup Time": 195.566,
          "Actual Total Time": 219.919,
          "Actual Rows": 5,
          "Actual Loops": 1,
          "Workers Planned": 4,
          "Workers Launched": 4,
          "Single Copy": false,
          "Plans": [
            {
              "Node Type": "Aggregate",
              "Strategy": "Plain",
              "Partial Mode": "Partial",
              "Parent Relationship": "Outer",
              "Parallel Aware": false,
              "Startup Cost": 177955.32,
              "Total Cost": 177955.33,
              "Plan Rows": 1,
              "Plan Width": 8,
              "Actual Startup Time": 189.638,
              "Actual Total Time": 189.64,
              "Actual Rows": 1,
              "Actual Loops": 5,
              "Plans": [
                {
                  "Node Type": "Nested Loop",
                  "Parent Relationship": "Outer",
                  "Parallel Aware": false,
                  "Join Type": "Inner",
                  "Startup Cost": 1105.03,
                  "Total Cost": 177916.07,
                  "Plan Rows": 15703,
                  "Plan Width": 0,
                  "Actual Startup Time": 2.528,
                  "Actual Total Time": 184.82,
                  "Actual Rows": 70527,
                  "Actual Loops": 5,
                  "Inner Unique": false,
                  "Plans": [
                    {
                      "Node Type": "Nested Loop",
                      "Parent Relationship": "Outer",
                      "Parallel Aware": false,
                      "Join Type": "Inner",
                      "Startup Cost": 1104.6,
                      "Total Cost": 168598.9,
                      "Plan Rows": 15217,
                      "Plan Width": 8,
                      "Actual Startup Time": 2.406,
                      "Actual Total Time": 86.706,
                      "Actual Rows": 12226,
                      "Actual Loops": 5,
                      "Inner Unique": true,
                      "Plans": [
                        {
                          "Node Type": "Bitmap Heap Scan",
                          "Parent Relationship": "Outer",
                          "Parallel Aware": true,
                          "Relation Name": "movie_info",
                          "Alias": "mi",
                          "Startup Cost": 1104.17,
                          "Total Cost": 119802.98,
                          "Plan Rows": 15217,
                          "Plan Width": 4,
                          "Actual Startup Time": 2.244,
                          "Actual Total Time": 10.155,
                          "Actual Rows": 12226,
                          "Actual Loops": 5,
                          "Recheck Cond": "(info_type_id = 103)",
                          "Rows Removed by Index Recheck": 0,
                          "Exact Heap Blocks": 1659,
                          "Lossy Heap Blocks": 0,
                          "Plans": [
                            {
                              "Node Type": "Bitmap Index Scan",
                              "Parent Relationship": "Outer",
                              "Parallel Aware": false,
                              "Index Name": "info_type_id_movie_info",
                              "Startup Cost": 0.0,
                              "Total Cost": 1088.95,
                              "Plan Rows": 60869,
                              "Plan Width": 0,
                              "Actual Startup Time": 5.097,
                              "Actual Total Time": 5.097,
                              "Actual Rows": 61128,
                              "Actual Loops": 1,
                              "Index Cond": "(info_type_id = 103)"
                            }
                          ]
                        },
                        {
                          "Node Type": "Index Only Scan",
                          "Parent Relationship": "Inner",
                          "Parallel Aware": false,
                          "Scan Direction": "Forward",
                          "Index Name": "title_pkey",
                          "Relation Name": "title",
                          "Alias": "t",
                          "Startup Cost": 0.43,
                          "Total Cost": 3.21,
                          "Plan Rows": 1,
                          "Plan Width": 4,
                          "Actual Startup Time": 0.006,
                          "Actual Total Time": 0.006,
                          "Actual Rows": 1,
                          "Actual Loops": 61128,
                          "Index Cond": "(id = mi.movie_id)",
                          "Rows Removed by Index Recheck": 0,
                          "Heap Fetches": 61128
                        }
                      ]
                    },
                    {
                      "Node Type": "Index Only Scan",
                      "Parent Relationship": "Inner",
                      "Parallel Aware": false,
                      "Scan Direction": "Forward",
                      "Index Name": "movie_id_movie_companies",
                      "Relation Name": "movie_companies",
                      "Alias": "mc",
                      "Startup Cost": 0.43,
                      "Total Cost": 0.56,
                      "Plan Rows": 5,
                      "Plan Width": 4,
                      "Actual Startup Time": 0.005,
                      "Actual Total Time": 0.007,
                      "Actual Rows": 6,
                      "Actual Loops": 61128,
                      "Index Cond": "(movie_id = t.id)",
                      "Rows Removed by Index Recheck": 0,
                      "Heap Fetches": 352634
                    }
                  ]
                }
              ]
            }
          ]
        }
      ]
    },
    "Planning Time": 0.845,
    "Triggers": [],
    "Execution Time": 219.984
  }
]