[
  {
    "Plan": {
      "Node Type": "Aggregate",
      "Strategy": "Plain",
      "Partial Mode": "Finalize",
      "Parallel Aware": false,
      "Startup Cost": 91980.84,
      "Total Cost": 91980.85,
      "Plan Rows": 1,
      "Plan Width": 8,
      "Actual Startup Time": 311.166,
      "Actual Total Time": 328.141,
      "Actual Rows": 1,
      "Actual Loops": 1,
      "Plans": [
        {
          "Node Type": "Gather",
          "Parent Relationship": "Outer",
          "Parallel Aware": false,
          "Startup Cost": 91980.52,
          "Total Cost": 91980.83,
          "Plan Rows": 3,
          "Plan Width": 8,
          "Actual Startup Time": 309.035,
          "Actual Total Time": 328.13,
          "Actual Rows": 4,
          "Actual Loops": 1,
          "Workers Planned": 3,
          "Workers Launched": 3,
          "Single Copy": false,
          "Plans": [
            {
              "Node Type": "Aggregate",
              "Strategy": "Plain",
              "Partial Mode": "Partial",
              "Parent Relationship": "Outer",
              "Parallel Aware": false,
              "Startup Cost": 90980.52,
              "Total Cost": 90980.53,
              "Plan Rows": 1,
              "Plan Width": 8,
              "Actual Startup Time": 300.252,
              "Actual Total Time": 300.255,
              "Actual Rows": 1,
              "Actual Loops": 4,
              "Plans": [
                {
                  "Node Type": "Hash Join",
                  "Parent Relationship": "Outer",
                  "Parallel Aware": true,
                  "Join Type": "Inner",
                  "Startup Cost": 47238.91,
                  "Total Cost": 90797.47,
                  "Plan Rows": 73219,
                  "Plan Width": 0,
                  "Actual Startup Time": 162.576,
                  "Actual Total Time": 299.616,
                  "Actual Rows": 12364,
                  "Actual Loops": 4,
                  "Inner Unique": true,
                  "Hash Cond": "(mk.movie_id = t.id)",
                  "Plans": [
                    {
                      "Node Type": "Seq Scan",
                      "Parent Relationship": "Outer",
                      "Parallel Aware": true,
                      "Relation Name": "movie_keyword",
                      "Alias": "mk",
                      "Startup Cost": 0.0,
                      "Total Cost": 42695.65,
                      "Plan Rows": 328727,
                      "Plan Width": 4,
                      "Actual Startup Time": 0.027,
                      "Actual Total Time": 97.784,
                      "Actual Rows": 256039,
                      "Actual Loops": 4,
                      "Filter": "(keyword_id < 1002)",
                      "Rows Removed by Filter": 874944
                    },
                    {
                      "Node Type": "Hash",
                      "Parent Relationship": "Inner",
                      "Parallel Aware": true,
                      "Startup Cost": 45479.1,
                      "Total Cost": 45479.1,
                      "Plan Rows": 140785,
                      "Plan Width": 4,
                      "Actual Startup Time": 157.137,
                      "Actual Total Time": 157.138,
                      "Actual Rows": 115050,
                      "Actual Loops": 4,
                      "Hash Buckets": 1048576,
                      "Original Hash Buckets": 1048576,
                      "Hash Batches": 1,
                      "Original Hash Batches": 1,
                      "Peak Memory Usage": 26240,
                      "Plans": [
                        {
                          "Node Type": "Seq Scan",
                          "Parent Relationship": "Outer",
                          "Parallel Aware": true,
                          "Relation Name": "title",
                          "Alias": "t",
                          "Startup Cost": 0.0,
                          "Total Cost": 45479.1,
                          "Plan Rows": 140785,
                          "Plan Width": 4,
                          "Actual Startup Time": 0.046,
                          "Actual Total Time": 106.88,
                          "Actual Rows": 115050,
                          "Actual Loops": 4,
                          "Filter": "((kind_id > 4) AND (production_year < 1998))",
                          "Rows Removed by Filter": 517028
                        }
                      ]
                    }
                  ]
                }
              ]
            }
          ]
        }
      ]
    },
    "Planning Time": 0.613,
    "Triggers": [],
    "Execution Time": 328.209
  }
]