{
  "Plan": {
    "Node Type": "Aggregate",
    "Strategy": "Plain",
    "Partial Mode": "Finalize",
    "Parallel Aware": false,
    "Startup Cost": 120884.24,
    "Total Cost": 120884.25,
    "Plan Rows": 1,
    "Plan Width": 8,
    "Actual Startup Time": 497.115,
    "Actual Total Time": 511.496,
    "Actual Rows": 1,
    "Actual Loops": 1,
    "Plans": [
      {
        "Node Type": "Gather",
        "Parent Relationship": "Outer",
        "Parallel Aware": false,
        "Startup Cost": 120884.12,
        "Total Cost": 120884.23,
        "Plan Rows": 1,
        "Plan Width": 8,
        "Actual Startup Time": 496.6,
        "Actual Total Time": 511.49,
        "Actual Rows": 2,
        "Actual Loops": 1,
        "Workers Planned": 1,
        "Workers Launched": 1,
        "Single Copy": false,
        "Plans": [
          {
            "Node Type": "Aggregate",
            "Strategy": "Plain",
            "Partial Mode": "Partial",
            "Parent Relationship": "Outer",
            "Parallel Aware": false,
            "Startup Cost": 119884.12,
            "Total Cost": 119884.13,
            "Plan Rows": 1,
            "Plan Width": 8,
            "Actual Startup Time": 491.015,
            "Actual Total Time": 491.018,
            "Actual Rows": 1,
            "Actual Loops": 2,
            "Plans": [
              {
                "Node Type": "Hash Join",
                "Parent Relationship": "Outer",
                "Parallel Aware": true,
                "Join Type": "Inner",
                "Startup Cost": 56278.44,
                "Total Cost": 119415.0,
                "Plan Rows": 187651,
                "Plan Width": 0,
                "Actual Startup Time": 165.112,
                "Actual Total Time": 488.617,
                "Actual Rows": 56482,
                "Actual Loops": 2,
                "Inner Unique": true,
                "Hash Cond": "(mk.movie_id = t.id)",
                "Plans": [
                  {
                    "Node Type": "Seq Scan",
                    "Parent Relationship": "Outer",
                    "Parallel Aware": true,
                    "Relation Name": "movie_keyword",
                    "Alias": "mk",
                    "Startup Cost": 0.0,
                    "Total Cost": 57718.19,
                    "Plan Rows": 2064135,
                    "Plan Width": 4,
                    "Actual Startup Time": 0.014,
                    "Actual Total Time": 190.813,
                    "Actual Rows": 1756556,
                    "Actual Loops": 2,
                    "Filter": "(keyword_id < 18032)",
                    "Rows Removed by Filter": 505409
                  },
                  {
                    "Node Type": "Hash",
                    "Parent Relationship": "Inner",
                    "Parallel Aware": true,
                    "Startup Cost": 54588.39,
                    "Total Cost": 54588.39,
                    "Plan Rows": 135204,
                    "Plan Width": 4,
                    "Actual Startup Time": 161.5,
                    "Actual Total Time": 161.501,
                    "Actual Rows": 115824,
                    "Actual Loops": 2,
                    "Hash Buckets": 262144,
                    "Original Hash Buckets": 262144,
                    "Hash Batches": 1,
                    "Original Hash Batches": 1,
                    "Peak Memory Usage": 11136,
                    "Plans": [
                      {
                        "Node Type": "Seq Scan",
                        "Parent Relationship": "Outer",
                        "Parallel Aware": true,
                        "Relation Name": "title",
                        "Alias": "t",
                        "Startup Cost": 0.0,
                        "Total Cost": 54588.39,
                        "Plan Rows": 135204,
                        "Plan Width": 4,
                        "Actual Startup Time": 0.029,
                        "Actual Total Time": 133.238,
                        "Actual Rows": 115824,
                        "Actual Loops": 2,
                        "Filter": "(production_year > 2011)",
                        "Rows Removed by Filter": 1148332
                      }
                    ]
                  }
                ]
              }
            ]
          }
        ]
      }
    ]
  },
  "Planning Time": 0.431,
  "Triggers": [],
  "Execution Time": 511.563
}