{
  "Plan": {
    "Node Type": "Aggregate",
    "Strategy": "Plain",
    "Partial Mode": "Finalize",
    "Parallel Aware": false,
    "Startup Cost": 412102.96,
    "Total Cost": 412102.97,
    "Plan Rows": 1,
    "Plan Width": 8,
    "Actual Startup Time": 4504.392,
    "Actual Total Time": 4542.9,
    "Actual Rows": 1,
    "Actual Loops": 1,
    "Plans": [
      {
        "Node Type": "Gather",
        "Parent Relationship": "Outer",
        "Parallel Aware": false,
        "Startup Cost": 412102.85,
        "Total Cost": 412102.96,
        "Plan Rows": 1,
        "Plan Width": 8,
        "Actual Startup Time": 4502.3,
        "Actual Total Time": 4542.889,
        "Actual Rows": 2,
        "Actual Loops": 1,
        "Workers Planned": 1,
        "Workers Launched": 1,
        "Single Copy": false,
        "Plans": [
          {
            "Node Type": "Aggregate",
            "Strategy": "Plain",
            "Partial Mode": "Partial",
            "Parent Relationship": "Outer",
            "Parallel Aware": false,
            "Startup Cost": 411102.85,
            "Total Cost": 411102.86,
            "Plan Rows": 1,
            "Plan Width": 8,
            "Actual Startup Time": 4496.403,
            "Actual Total Time": 4496.412,
            "Actual Rows": 1,
            "Actual Loops": 2,
            "Plans": [
              {
                "Node Type": "Hash Join",
                "Parent Relationship": "Outer",
                "Parallel Aware": true,
                "Join Type": "Inner",
                "Startup Cost": 123300.77,
                "Total Cost": 409486.99,
                "Plan Rows": 646342,
                "Plan Width": 0,
                "Actual Startup Time": 633.199,
                "Actual Total Time": 3379.218,
                "Actual Rows": 24025906,
                "Actual Loops": 2,
                "Inner Unique": false,
                "Hash Cond": "(mi.movie_id = t.id)",
                "Plans": [
                  {
                    "Node Type": "Seq Scan",
                    "Parent Relationship": "Outer",
                    "Parallel Aware": true,
                    "Relation Name": "movie_info",
                    "Alias": "mi",
                    "Startup Cost": 0.0,
                    "Total Cost": 270696.42,
                    "Plan Rows": 3116745,
                    "Plan Width": 4,
                    "Actual Startup Time": 32.598,
                    "Actual Total Time": 653.966,
                    "Actual Rows": 2635284,
                    "Actual Loops": 2,
                    "Filter": "(info_type_id > 15)",
                    "Rows Removed by Filter": 4782576
                  },
                  {
                    "Node Type": "Hash",
                    "Parent Relationship": "Inner",
                    "Parallel Aware": true,
                    "Startup Cost": 119445.54,
                    "Total Cost": 119445.54,
                    "Plan Rows": 308418,
                    "Plan Width": 8,
                    "Actual Startup Time": 561.026,
                    "Actual Total Time": 561.032,
                    "Actual Rows": 457011,
                    "Actual Loops": 2,
                    "Hash Buckets": 1048576,
                    "Original Hash Buckets": 1048576,
                    "Hash Batches": 1,
                    "Original Hash Batches": 1,
                    "Peak Memory Usage": 43968,
                    "Plans": [
                      {
                        "Node Type": "Hash Join",
                        "Parent Relationship": "Outer",
                        "Parallel Aware": true,
                        "Join Type": "Inner",
                        "Startup Cost": 56890.76,
                        "Total Cost": 119445.54,
                        "Plan Rows": 308418,
                        "Plan Width": 8,
                        "Actual Startup Time": 185.203,
                        "Actual Total Time": 479.573,
                        "Actual Rows": 457011,
                        "Actual Loops": 2,
                        "Inner Unique": true,
                        "Hash Cond": "(mk.movie_id = t.id)",
                        "Plans": [
                          {
                            "Node Type": "Seq Scan",
                            "Parent Relationship": "Outer",
                            "Parallel Aware": true,
                            "Relation Name": "movie_keyword",
                            "Alias": "mk",
                            "Startup Cost": 0.0,
                            "Total Cost": 57718.19,
                            "Plan Rows": 1842507,
                            "Plan Width": 4,
                            "Actual Startup Time": 0.018,
                            "Actual Total Time": 192.123,
                            "Actual Rows": 1563954,
                            "Actual Loops": 2,
                            "Filter": "(keyword_id < 12002)",
                            "Rows Removed by Filter": 698011
                          },
                          {
                            "Node Type": "Hash",
                            "Parent Relationship": "Inner",
                            "Parallel Aware": true,
                            "Startup Cost": 53778.91,
                            "Total Cost": 53778.91,
                            "Plan Rows": 248948,
                            "Plan Width": 4,
                            "Actual Startup Time": 125.364,
                            "Actual Total Time": 125.366,
                            "Actual Rows": 154549,
                            "Actual Loops": 2,
                            "Hash Buckets": 524288,
                            "Original Hash Buckets": 524288,
                            "Hash Batches": 1,
                            "Original Hash Batches": 1,
                            "Peak Memory Usage": 16224,
                            "Plans": [
                              {
                                "Node Type": "Bitmap Heap Scan",
                                "Parent Relationship": "Outer",
                                "Parallel Aware": true,
                                "Relation Name": "title",
                                "Alias": "t",
                                "Startup Cost": 11928.65,
                                "Total Cost": 53778.91,
                                "Plan Rows": 248948,
                                "Plan Width": 4,
                                "Actual Startup Time": 27.779,
                                "Actual Total Time": 90.959,
                                "Actual Rows": 154549,
                                "Actual Loops": 2,
                                "Recheck Cond": "(kind_id = 1)",
                                "Rows Removed by Index Recheck": 0,
                                "Filter": "(production_year > 1995)",
                                "Rows Removed by Filter": 176864,
                                "Exact Heap Blocks": 8236,
                                "Lossy Heap Blocks": 0,
                                "Plans": [
                                  {
                                    "Node Type": "Bitmap Index Scan",
                                    "Parent Relationship": "Outer",
                                    "Parallel Aware": false,
                                    "Index Name": "kind_id_title",
                                    "Startup Cost": 0.0,
                                    "Total Cost": 11822.85,
                                    "Plan Rows": 663256,
                                    "Plan Width": 0,
                                    "Actual Startup Time": 25.872,
                                    "Actual Total Time": 25.872,
                                    "Actual Rows": 662825,
                                    "Actual Loops": 1,
                                    "Index Cond": "(kind_id = 1)"
                                  }
                                ]
                              }
                            ]
                          }
                        ]
                      }
                    ]
                  }
                ]
              }
            ]
          }
        ]
      }
    ]
  },
  "Planning Time": 1.075,
  "Triggers": [],
  "Execution Time": 4543.016
}