[
    {
        "Bao": {
            "Bao prediction": "NaN",
            "Bao recommended hint": "(no hint)"
        }
    },
    {
        "Plan": {
            "Node Type": "Aggregate",
            "Strategy": "Plain",
            "Partial Mode": "Finalize",
            "Parallel Aware": false,
            "Startup Cost": 89554.72,
            "Total Cost": 89554.73,
            "Plan Rows": 1,
            "Plan Width": 8,
            "Actual Startup Time": 240.021,
            "Actual Total Time": 253.565,
            "Actual Rows": 1,
            "Actual Loops": 1,
            "Output": [
                "count(*)"
            ],
            "Plans": [
                {
                    "Node Type": "Gather",
                    "Parent Relationship": "Outer",
                    "Parallel Aware": false,
                    "Startup Cost": 89554.4,
                    "Total Cost": 89554.71,
                    "Plan Rows": 3,
                    "Plan Width": 8,
                    "Actual Startup Time": 239.283,
                    "Actual Total Time": 253.558,
                    "Actual Rows": 4,
                    "Actual Loops": 1,
                    "Output": [
                        "(PARTIAL count(*))"
                    ],
                    "Workers Planned": 3,
                    "Workers Launched": 3,
                    "Single Copy": false,
                    "Plans": [
                        {
                            "Node Type": "Aggregate",
                            "Strategy": "Plain",
                            "Partial Mode": "Partial",
                            "Parent Relationship": "Outer",
                            "Parallel Aware": false,
                            "Startup Cost": 88554.4,
                            "Total Cost": 88554.41,
                            "Plan Rows": 1,
                            "Plan Width": 8,
                            "Actual Startup Time": 230.644,
                            "Actual Total Time": 230.648,
                            "Actual Rows": 1,
                            "Actual Loops": 4,
                            "Output": [
                                "PARTIAL count(*)"
                            ],
                            "Workers": [
                                {
                                    "Worker Number": 0,
                                    "Actual Startup Time": 227.373,
                                    "Actual Total Time": 227.377,
                                    "Actual Rows": 1,
                                    "Actual Loops": 1
                                },
                                {
                                    "Worker Number": 1,
                                    "Actual Startup Time": 227.941,
                                    "Actual Total Time": 227.944,
                                    "Actual Rows": 1,
                                    "Actual Loops": 1
                                },
                                {
                                    "Worker Number": 2,
                                    "Actual Startup Time": 228.277,
                                    "Actual Total Time": 228.28,
                                    "Actual Rows": 1,
                                    "Actual Loops": 1
                                }
                            ],
                            "Plans": [
                                {
                                    "Node Type": "Hash Join",
                                    "Parent Relationship": "Outer",
                                    "Parallel Aware": true,
                                    "Join Type": "Inner",
                                    "Startup Cost": 60691.77,
                                    "Total Cost": 88514.58,
                                    "Plan Rows": 15927,
                                    "Plan Width": 0,
                                    "Actual Startup Time": 138.161,
                                    "Actual Total Time": 230.474,
                                    "Actual Rows": 1756,
                                    "Actual Loops": 4,
                                    "Inner Unique": true,
                                    "Hash Cond": "(mk.movie_id = t.id)",
                                    "Workers": [
                                        {
                                            "Worker Number": 0,
                                            "Actual Startup Time": 135.768,
                                            "Actual Total Time": 227.193,
                                            "Actual Rows": 1347,
                                            "Actual Loops": 1
                                        },
                                        {
                                            "Worker Number": 1,
                                            "Actual Startup Time": 135.794,
                                            "Actual Total Time": 227.767,
                                            "Actual Rows": 1185,
                                            "Actual Loops": 1
                                        },
                                        {
                                            "Worker Number": 2,
                                            "Actual Startup Time": 135.551,
                                            "Actual Total Time": 228.1,
                                            "Actual Rows": 1266,
                                            "Actual Loops": 1
                                        }
                                    ],
                                    "Plans": [
                                        {
                                            "Node Type": "Bitmap Heap Scan",
                                            "Parent Relationship": "Outer",
                                            "Parallel Aware": true,
                                            "Relation Name": "movie_keyword",
                                            "Schema": "public",
                                            "Alias": "mk",
                                            "Startup Cost": 14647.56,
                                            "Total Cost": 41885.7,
                                            "Plan Rows": 222732,
                                            "Plan Width": 4,
                                            "Actual Startup Time": 40.461,
                                            "Actual Total Time": 108.286,
                                            "Actual Rows": 174028,
                                            "Actual Loops": 4,
                                            "Output": [
                                                "mk.id",
                                                "mk.movie_id",
                                                "mk.keyword_id"
                                            ],
                                            "Recheck Cond": "(mk.keyword_id < 580)",
                                            "Rows Removed by Index Recheck": 0,
                                            "Exact Heap Blocks": 9088,
                                            "Lossy Heap Blocks": 0,
                                            "Workers": [
                                                {
                                                    "Worker Number": 0,
                                                    "Actual Startup Time": 40.58,
                                                    "Actual Total Time": 109.873,
                                                    "Actual Rows": 111472,
                                                    "Actual Loops": 1
                                                },
                                                {
                                                    "Worker Number": 1,
                                                    "Actual Startup Time": 40.524,
                                                    "Actual Total Time": 109.652,
                                                    "Actual Rows": 162833,
                                                    "Actual Loops": 1
                                                },
                                                {
                                                    "Worker Number": 2,
                                                    "Actual Startup Time": 40.49,
                                                    "Actual Total Time": 109.473,
                                                    "Actual Rows": 164305,
                                                    "Actual Loops": 1
                                                }
                                            ],
                                            "Plans": [
                                                {
                                                    "Node Type": "Bitmap Index Scan",
                                                    "Parent Relationship": "Outer",
                                                    "Parallel Aware": false,
                                                    "Index Name": "keyword_id_movie_keyword",
                                                    "Startup Cost": 0.0,
                                                    "Total Cost": 14474.94,
                                                    "Plan Rows": 690468,
                                                    "Plan Width": 0,
                                                    "Actual Startup Time": 36.738,
                                                    "Actual Total Time": 36.738,
                                                    "Actual Rows": 696113,
                                                    "Actual Loops": 1,
                                                    "Index Cond": "(mk.keyword_id < 580)"
                                                }
                                            ]
                                        },
                                        {
                                            "Node Type": "Hash",
                                            "Parent Relationship": "Inner",
                                            "Parallel Aware": true,
                                            "Startup Cost": 45479.21,
                                            "Total Cost": 45479.21,
                                            "Plan Rows": 45200,
                                            "Plan Width": 4,
                                            "Actual Startup Time": 95.44,
                                            "Actual Total Time": 95.441,
                                            "Actual Rows": 19773,
                                            "Actual Loops": 4,
                                            "Output": [
                                                "t.id"
                                            ],
                                            "Hash Buckets": 262144,
                                            "Original Hash Buckets": 262144,
                                            "Hash Batches": 1,
                                            "Original Hash Batches": 1,
                                            "Peak Memory Usage": 5216,
                                            "Workers": [
                                                {
                                                    "Worker Number": 0,
                                                    "Actual Startup Time": 92.928,
                                                    "Actual Total Time": 92.929,
                                                    "Actual Rows": 11819,
                                                    "Actual Loops": 1
                                                },
                                                {
                                                    "Worker Number": 1,
                                                    "Actual Startup Time": 93.757,
                                                    "Actual Total Time": 93.758,
                                                    "Actual Rows": 16514,
                                                    "Actual Loops": 1
                                                },
                                                {
                                                    "Worker Number": 2,
                                                    "Actual Startup Time": 94.078,
                                                    "Actual Total Time": 94.078,
                                                    "Actual Rows": 16693,
                                                    "Actual Loops": 1
                                                }
                                            ],
                                            "Plans": [
                                                {
                                                    "Node Type": "Seq Scan",
                                                    "Parent Relationship": "Outer",
                                                    "Parallel Aware": true,
                                                    "Relation Name": "title",
                                                    "Schema": "public",
                                                    "Alias": "t",
                                                    "Startup Cost": 0.0,
                                                    "Total Cost": 45479.21,
                                                    "Plan Rows": 45200,
                                                    "Plan Width": 4,
                                                    "Actual Startup Time": 0.045,
                                                    "Actual Total Time": 87.848,
                                                    "Actual Rows": 19773,
                                                    "Actual Loops": 4,
                                                    "Output": [
                                                        "t.id"
                                                    ],
                                                    "Filter": "((t.production_year < 1965) AND (t.kind_id = 7))",
                                                    "Rows Removed by Filter": 612305,
                                                    "Workers": [
                                                        {
                                                            "Worker Number": 0,
                                                            "Actual Startup Time": 0.059,
                                                            "Actual Total Time": 85.766,
                                                            "Actual Rows": 11819,
                                                            "Actual Loops": 1
                                                        },
                                                        {
                                                            "Worker Number": 1,
                                                            "Actual Startup Time": 0.047,
                                                            "Actual Total Time": 86.4,
                                                            "Actual Rows": 16514,
                                                            "Actual Loops": 1
                                                        },
                                                        {
                                                            "Worker Number": 2,
                                                            "Actual Startup Time": 0.062,
                                                            "Actual Total Time": 86.664,
                                                            "Actual Rows": 16693,
                                                            "Actual Loops": 1
                                                        }
                                                    ]
                                                }
                                            ]
                                        }
                                    ]
                                }
                            ]
                        }
                    ]
                }
            ]
        },
        "Planning Time": 186.064,
        "Triggers": [],
        "Execution Time": 253.634
    }
]