[
  {
    "Plan": {
      "Node Type": "Aggregate",
      "Strategy": "Plain",
      "Partial Mode": "Finalize",
      "Parallel Aware": false,
      "Startup Cost": 46099.05,
      "Total Cost": 46099.06,
      "Plan Rows": 1,
      "Plan Width": 8,
      "Actual Startup Time": 179.946,
      "Actual Total Time": 191.483,
      "Actual Rows": 1,
      "Actual Loops": 1,
      "Plans": [
        {
          "Node Type": "Gather",
          "Parent Relationship": "Outer",
          "Parallel Aware": false,
          "Startup Cost": 46098.73,
          "Total Cost": 46099.04,
          "Plan Rows": 3,
          "Plan Width": 8,
          "Actual Startup Time": 179.832,
          "Actual Total Time": 191.471,
          "Actual Rows": 4,
          "Actual Loops": 1,
          "Workers Planned": 3,
          "Workers Launched": 3,
          "Single Copy": false,
          "Plans": [
            {
              "Node Type": "Aggregate",
              "Strategy": "Plain",
              "Partial Mode": "Partial",
              "Parent Relationship": "Outer",
              "Parallel Aware": false,
              "Startup Cost": 45098.73,
              "Total Cost": 45098.74,
              "Plan Rows": 1,
              "Plan Width": 8,
              "Actual Startup Time": 174.376,
              "Actual Total Time": 174.378,
              "Actual Rows": 1,
              "Actual Loops": 4,
              "Plans": [
                {
                  "Node Type": "Seq Scan",
                  "Parent Relationship": "Outer",
                  "Parallel Aware": true,
                  "Relation Name": "movie_keyword",
                  "Alias": "mk",
                  "Startup Cost": 0.0,
                  "Total Cost": 42695.65,
                  "Plan Rows": 961231,
                  "Plan Width": 0,
                  "Actual Startup Time": 0.051,
                  "Actual Total Time": 135.335,
                  "Actual Rows": 747463,
                  "Actual Loops": 4,
                  "Filter": "(keyword_id < 10407)",
                  "Rows Removed by Filter": 383520
                }
              ]
            }
          ]
        }
      ]
    },
    "Planning Time": 0.19,
    "Triggers": [],
    "Execution Time": 191.539
  }
]