[
  {
    "Plan": {
      "Node Type": "Aggregate",
      "Strategy": "Plain",
      "Partial Mode": "Finalize",
      "Parallel Aware": false,
      "Startup Cost": 355248.86,
      "Total Cost": 355248.87,
      "Plan Rows": 1,
      "Plan Width": 8,
      "Actual Startup Time": 953.922,
      "Actual Total Time": 1007.568,
      "Actual Rows": 1,
      "Actual Loops": 1,
      "Plans": [
        {
          "Node Type": "Gather",
          "Parent Relationship": "Outer",
          "Parallel Aware": false,
          "Startup Cost": 355248.23,
          "Total Cost": 355248.84,
          "Plan Rows": 6,
          "Plan Width": 8,
          "Actual Startup Time": 953.607,
          "Actual Total Time": 1007.537,
          "Actual Rows": 7,
          "Actual Loops": 1,
          "Workers Planned": 6,
          "Workers Launched": 6,
          "Single Copy": false,
          "Plans": [
            {
              "Node Type": "Aggregate",
              "Strategy": "Plain",
              "Partial Mode": "Partial",
              "Parent Relationship": "Outer",
              "Parallel Aware": false,
              "Startup Cost": 354248.23,
              "Total Cost": 354248.24,
              "Plan Rows": 1,
              "Plan Width": 8,
              "Actual Startup Time": 943.708,
              "Actual Total Time": 943.709,
              "Actual Rows": 1,
              "Actual Loops": 7,
              "Plans": [
                {
                  "Node Type": "Seq Scan",
                  "Parent Relationship": "Outer",
                  "Parallel Aware": true,
                  "Relation Name": "cast_info",
                  "Alias": "ci",
                  "Startup Cost": 0.0,
                  "Total Cost": 343316.27,
                  "Plan Rows": 4372785,
                  "Plan Width": 0,
                  "Actual Startup Time": 91.531,
                  "Actual Total Time": 759.989,
                  "Actual Rows": 3650838,
                  "Actual Loops": 7,
                  "Filter": "((person_id > 610029) AND (role_id < 10))",
                  "Rows Removed by Filter": 1526925
                }
              ]
            }
          ]
        }
      ]
    },
    "Planning Time": 0.157,
    "Triggers": [],
    "Execution Time": 1007.618
  }
]