[
  {
    "Plan": {
      "Node Type": "Aggregate",
      "Strategy": "Plain",
      "Partial Mode": "Finalize",
      "Parallel Aware": false,
      "Startup Cost": 206949.43,
      "Total Cost": 206949.44,
      "Plan Rows": 1,
      "Plan Width": 8,
      "Actual Startup Time": 492.65,
      "Actual Total Time": 538.163,
      "Actual Rows": 1,
      "Actual Loops": 1,
      "Plans": [
        {
          "Node Type": "Gather",
          "Parent Relationship": "Outer",
          "Parallel Aware": false,
          "Startup Cost": 206948.91,
          "Total Cost": 206949.42,
          "Plan Rows": 5,
          "Plan Width": 8,
          "Actual Startup Time": 490.038,
          "Actual Total Time": 538.149,
          "Actual Rows": 6,
          "Actual Loops": 1,
          "Workers Planned": 5,
          "Workers Launched": 5,
          "Single Copy": false,
          "Plans": [
            {
              "Node Type": "Aggregate",
              "Strategy": "Plain",
              "Partial Mode": "Partial",
              "Parent Relationship": "Outer",
              "Parallel Aware": false,
              "Startup Cost": 205948.91,
              "Total Cost": 205948.92,
              "Plan Rows": 1,
              "Plan Width": 8,
              "Actual Startup Time": 480.639,
              "Actual Total Time": 480.64,
              "Actual Rows": 1,
              "Actual Loops": 6,
              "Plans": [
                {
                  "Node Type": "Seq Scan",
                  "Parent Relationship": "Outer",
                  "Parallel Aware": true,
                  "Relation Name": "movie_info",
                  "Alias": "mi",
                  "Startup Cost": 0.0,
                  "Total Cost": 199108.24,
                  "Plan Rows": 2736267,
                  "Plan Width": 0,
                  "Actual Startup Time": 0.069,
                  "Actual Total Time": 377.23,
                  "Actual Rows": 2280235,
                  "Actual Loops": 6,
                  "Filter": "(info_type_id < 51)",
                  "Rows Removed by Filter": 192385
                }
              ]
            }
          ]
        }
      ]
    },
    "Planning Time": 0.217,
    "Triggers": [],
    "Execution Time": 538.221
  }
]