[
  {
    "Plan": {
      "Node Type": "Aggregate",
      "Strategy": "Plain",
      "Partial Mode": "Finalize",
      "Parallel Aware": false,
      "Startup Cost": 126996.83,
      "Total Cost": 126996.84,
      "Plan Rows": 1,
      "Plan Width": 8,
      "Actual Startup Time": 577.824,
      "Actual Total Time": 598.444,
      "Actual Rows": 1,
      "Actual Loops": 1,
      "Plans": [
        {
          "Node Type": "Gather",
          "Parent Relationship": "Outer",
          "Parallel Aware": false,
          "Startup Cost": 126996.51,
          "Total Cost": 126996.82,
          "Plan Rows": 3,
          "Plan Width": 8,
          "Actual Startup Time": 570.58,
          "Actual Total Time": 598.432,
          "Actual Rows": 4,
          "Actual Loops": 1,
          "Workers Planned": 3,
          "Workers Launched": 3,
          "Single Copy": false,
          "Plans": [
            {
              "Node Type": "Aggregate",
              "Strategy": "Plain",
              "Partial Mode": "Partial",
              "Parent Relationship": "Outer",
              "Parallel Aware": false,
              "Startup Cost": 125996.51,
              "Total Cost": 125996.52,
              "Plan Rows": 1,
              "Plan Width": 8,
              "Actual Startup Time": 561.789,
              "Actual Total Time": 562.147,
              "Actual Rows": 1,
              "Actual Loops": 4,
              "Plans": [
                {
                  "Node Type": "Hash Join",
                  "Parent Relationship": "Outer",
                  "Parallel Aware": true,
                  "Join Type": "Inner",
                  "Startup Cost": 81603.45,
                  "Total Cost": 125859.59,
                  "Plan Rows": 54767,
                  "Plan Width": 0,
                  "Actual Startup Time": 404.845,
                  "Actual Total Time": 544.963,
                  "Actual Rows": 403193,
                  "Actual Loops": 4,
                  "Inner Unique": false,
                  "Hash Cond": "(mk.movie_id = t.id)",
                  "Plans": [
                    {
                      "Node Type": "Seq Scan",
                      "Parent Relationship": "Outer",
                      "Parallel Aware": true,
                      "Relation Name": "movie_keyword",
                      "Alias": "mk",
                      "Startup Cost": 0.0,
                      "Total Cost": 42695.65,
                      "Plan Rows": 369018,
                      "Plan Width": 4,
                      "Actual Startup Time": 0.033,
                      "Actual Total Time": 92.415,
                      "Actual Rows": 288682,
                      "Actual Loops": 4,
                      "Filter": "(keyword_id < 1348)",
                      "Rows Removed by Filter": 842300
                    },
                    {
                      "Node Type": "Hash",
                      "Parent Relationship": "Inner",
                      "Parallel Aware": true,
                      "Startup Cost": 80090.42,
                      "Total Cost": 80090.42,
                      "Plan Rows": 121043,
                      "Plan Width": 8,
                      "Actual Startup Time": 381.568,
                      "Actual Total Time": 381.925,
                      "Actual Rows": 86508,
                      "Actual Loops": 4,
                      "Hash Buckets": 524288,
                      "Original Hash Buckets": 524288,
                      "Hash Batches": 1,
                      "Original Hash Batches": 1,
                      "Peak Memory Usage": 17696,
                      "Plans": [
                        {
                          "Node Type": "Hash Join",
                          "Parent Relationship": "Outer",
                          "Parallel Aware": true,
                          "Join Type": "Inner",
                          "Startup Cost": 48074.37,
                          "Total Cost": 80090.42,
                          "Plan Rows": 121043,
                          "Plan Width": 8,
                          "Actual Startup Time": 257.416,
                          "Actual Total Time": 356.264,
                          "Actual Rows": 86508,
                          "Actual Loops": 4,
                          "Inner Unique": true,
                          "Hash Cond": "(mc.movie_id = t.id)",
                          "Plans": [
                            {
                              "Node Type": "Seq Scan",
                              "Parent Relationship": "Outer",
                              "Parallel Aware": true,
                              "Relation Name": "movie_companies",
                              "Alias": "mc",
                              "Startup Cost": 0.0,
                              "Total Cost": 31414.82,
                              "Plan Rows": 229041,
                              "Plan Width": 4,
                              "Actual Startup Time": 7.355,
                              "Actual Total Time": 64.383,
                              "Actual Rows": 122988,
                              "Actual Loops": 4,
                              "Filter": "((company_id > 9581) AND (company_type_id < 2))",
                              "Rows Removed by Filter": 529294
                            },
                            {
                              "Node Type": "Hash",
                              "Parent Relationship": "Inner",
                              "Parallel Aware": true,
                              "Startup Cost": 43898.92,
                              "Total Cost": 43898.92,
                              "Plan Rows": 334036,
                              "Plan Width": 4,
                              "Actual Startup Time": 244.393,
                              "Actual Total Time": 244.394,
                              "Actual Rows": 337073,
                              "Actual Loops": 4,
                              "Hash Buckets": 2097152,
                              "Original Hash Buckets": 2097152,
                              "Hash Batches": 1,
                              "Original Hash Batches": 1,
                              "Peak Memory Usage": 69248,
                              "Plans": [
                                {
                                  "Node Type": "Seq Scan",
                                  "Parent Relationship": "Outer",
                                  "Parallel Aware": true,
                                  "Relation Name": "title",
                                  "Alias": "t",
                                  "Startup Cost": 0.0,
                                  "Total Cost": 43898.92,
                                  "Plan Rows": 334036,
                                  "Plan Width": 4,
                                  "Actual Startup Time": 0.047,
                                  "Actual Total Time": 107.581,
                                  "Actual Rows": 337073,
                                  "Actual Loops": 4,
                                  "Filter": "(production_year < 2005)",
                                  "Rows Removed by Filter": 295005
                                }
                              ]
                            }
                          ]
                        }
                      ]
                    }
                  ]
                }
              ]
            }
          ]
        }
      ]
    },
    "Planning Time": 1.52,
    "Triggers": [],
    "Execution Time": 598.53
  }
]