{
  "Plan": {
    "Node Type": "Aggregate",
    "Strategy": "Plain",
    "Partial Mode": "Finalize",
    "Parallel Aware": false,
    "Startup Cost": 635485.63,
    "Total Cost": 635485.64,
    "Plan Rows": 1,
    "Plan Width": 8,
    "Actual Startup Time": 1637.381,
    "Actual Total Time": 1667.283,
    "Actual Rows": 1,
    "Actual Loops": 1,
    "Plans": [
      {
        "Node Type": "Gather",
        "Parent Relationship": "Outer",
        "Parallel Aware": false,
        "Startup Cost": 635485.52,
        "Total Cost": 635485.63,
        "Plan Rows": 1,
        "Plan Width": 8,
        "Actual Startup Time": 1636.139,
        "Actual Total Time": 1667.276,
        "Actual Rows": 2,
        "Actual Loops": 1,
        "Workers Planned": 1,
        "Workers Launched": 1,
        "Single Copy": false,
        "Plans": [
          {
            "Node Type": "Aggregate",
            "Strategy": "Plain",
            "Partial Mode": "Partial",
            "Parent Relationship": "Outer",
            "Parallel Aware": false,
            "Startup Cost": 634485.52,
            "Total Cost": 634485.53,
            "Plan Rows": 1,
            "Plan Width": 8,
            "Actual Startup Time": 1629.854,
            "Actual Total Time": 1629.857,
            "Actual Rows": 1,
            "Actual Loops": 2,
            "Plans": [
              {
                "Node Type": "Hash Join",
                "Parent Relationship": "Outer",
                "Parallel Aware": true,
                "Join Type": "Inner",
                "Startup Cost": 281571.69,
                "Total Cost": 631220.34,
                "Plan Rows": 1306069,
                "Plan Width": 0,
                "Actual Startup Time": 1012.17,
                "Actual Total Time": 1608.659,
                "Actual Rows": 500430,
                "Actual Loops": 2,
                "Inner Unique": true,
                "Hash Cond": "(ci.movie_id = t.id)",
                "Plans": [
                  {
                    "Node Type": "Bitmap Heap Scan",
                    "Parent Relationship": "Outer",
                    "Parallel Aware": true,
                    "Relation Name": "cast_info",
                    "Alias": "ci",
                    "Startup Cost": 216878.81,
                    "Total Cost": 556547.52,
                    "Plan Rows": 3801874,
                    "Plan Width": 4,
                    "Actual Startup Time": 758.78,
                    "Actual Total Time": 990.748,
                    "Actual Rows": 1391582,
                    "Actual Loops": 2,
                    "Recheck Cond": "(person_id < 977106)",
                    "Rows Removed by Index Recheck": 0,
                    "Filter": "(role_id > 1)",
                    "Rows Removed by Filter": 3570120,
                    "Exact Heap Blocks": 55565,
                    "Lossy Heap Blocks": 0,
                    "Plans": [
                      {
                        "Node Type": "Bitmap Index Scan",
                        "Parent Relationship": "Outer",
                        "Parallel Aware": false,
                        "Index Name": "person_id_cast_info",
                        "Startup Cost": 0.0,
                        "Total Cost": 215263.02,
                        "Plan Rows": 9857927,
                        "Plan Width": 0,
                        "Actual Startup Time": 417.069,
                        "Actual Total Time": 417.069,
                        "Actual Rows": 9923406,
                        "Actual Loops": 1,
                        "Index Cond": "(person_id < 977106)"
                      }
                    ]
                  },
                  {
                    "Node Type": "Hash",
                    "Parent Relationship": "Inner",
                    "Parallel Aware": true,
                    "Startup Cost": 58306.47,
                    "Total Cost": 58306.47,
                    "Plan Rows": 510913,
                    "Plan Width": 4,
                    "Actual Startup Time": 244.487,
                    "Actual Total Time": 244.488,
                    "Actual Rows": 389342,
                    "Actual Loops": 2,
                    "Hash Buckets": 1048576,
                    "Original Hash Buckets": 1048576,
                    "Hash Batches": 1,
                    "Original Hash Batches": 1,
                    "Peak Memory Usage": 38688,
                    "Plans": [
                      {
                        "Node Type": "Seq Scan",
                        "Parent Relationship": "Outer",
                        "Parallel Aware": true,
                        "Relation Name": "title",
                        "Alias": "t",
                        "Startup Cost": 0.0,
                        "Total Cost": 58306.47,
                        "Plan Rows": 510913,
                        "Plan Width": 4,
                        "Actual Startup Time": 0.055,
                        "Actual Total Time": 151.226,
                        "Actual Rows": 389342,
                        "Actual Loops": 2,
                        "Filter": "((kind_id < 7) AND (production_year > 1960))",
                        "Rows Removed by Filter": 874814
                      }
                    ]
                  }
                ]
              }
            ]
          }
        ]
      }
    ]
  },
  "Planning Time": 0.737,
  "Triggers": [],
  "Execution Time": 1667.383
}