[
  {
    "Plan": {
      "Node Type": "Aggregate",
      "Strategy": "Plain",
      "Partial Mode": "Finalize",
      "Parallel Aware": false,
      "Startup Cost": 44858.85,
      "Total Cost": 44858.86,
      "Plan Rows": 1,
      "Plan Width": 8,
      "Actual Startup Time": 123.625,
      "Actual Total Time": 130.97,
      "Actual Rows": 1,
      "Actual Loops": 1,
      "Plans": [
        {
          "Node Type": "Gather",
          "Parent Relationship": "Outer",
          "Parallel Aware": false,
          "Startup Cost": 44858.53,
          "Total Cost": 44858.84,
          "Plan Rows": 3,
          "Plan Width": 8,
          "Actual Startup Time": 123.515,
          "Actual Total Time": 130.961,
          "Actual Rows": 4,
          "Actual Loops": 1,
          "Workers Planned": 3,
          "Workers Launched": 3,
          "Single Copy": false,
          "Plans": [
            {
              "Node Type": "Aggregate",
              "Strategy": "Plain",
              "Partial Mode": "Partial",
              "Parent Relationship": "Outer",
              "Parallel Aware": false,
              "Startup Cost": 43858.53,
              "Total Cost": 43858.54,
              "Plan Rows": 1,
              "Plan Width": 8,
              "Actual Startup Time": 118.681,
              "Actual Total Time": 118.682,
              "Actual Rows": 1,
              "Actual Loops": 4,
              "Plans": [
                {
                  "Node Type": "Seq Scan",
                  "Parent Relationship": "Outer",
                  "Parallel Aware": true,
                  "Relation Name": "movie_keyword",
                  "Alias": "mk",
                  "Startup Cost": 0.0,
                  "Total Cost": 42695.65,
                  "Plan Rows": 465150,
                  "Plan Width": 0,
                  "Actual Startup Time": 1.263,
                  "Actual Total Time": 101.862,
                  "Actual Rows": 362453,
                  "Actual Loops": 4,
                  "Filter": "(keyword_id > 11528)",
                  "Rows Removed by Filter": 768530
                }
              ]
            }
          ]
        }
      ]
    },
    "Planning Time": 0.147,
    "Triggers": [],
    "Execution Time": 131.013
  }
]