[
  {
    "Plan": {
      "Node Type": "Aggregate",
      "Strategy": "Plain",
      "Partial Mode": "Finalize",
      "Parallel Aware": false,
      "Startup Cost": 30888.34,
      "Total Cost": 30888.35,
      "Plan Rows": 1,
      "Plan Width": 8,
      "Actual Startup Time": 94.864,
      "Actual Total Time": 102.623,
      "Actual Rows": 1,
      "Actual Loops": 1,
      "Plans": [
        {
          "Node Type": "Gather",
          "Parent Relationship": "Outer",
          "Parallel Aware": false,
          "Startup Cost": 30888.02,
          "Total Cost": 30888.33,
          "Plan Rows": 3,
          "Plan Width": 8,
          "Actual Startup Time": 94.742,
          "Actual Total Time": 102.614,
          "Actual Rows": 4,
          "Actual Loops": 1,
          "Workers Planned": 3,
          "Workers Launched": 3,
          "Single Copy": false,
          "Plans": [
            {
              "Node Type": "Aggregate",
              "Strategy": "Plain",
              "Partial Mode": "Partial",
              "Parent Relationship": "Outer",
              "Parallel Aware": false,
              "Startup Cost": 29888.02,
              "Total Cost": 29888.03,
              "Plan Rows": 1,
              "Plan Width": 8,
              "Actual Startup Time": 86.099,
              "Actual Total Time": 86.1,
              "Actual Rows": 1,
              "Actual Loops": 4,
              "Plans": [
                {
                  "Node Type": "Seq Scan",
                  "Parent Relationship": "Outer",
                  "Parallel Aware": true,
                  "Relation Name": "movie_companies",
                  "Alias": "mc",
                  "Startup Cost": 0.0,
                  "Total Cost": 29310.68,
                  "Plan Rows": 230936,
                  "Plan Width": 0,
                  "Actual Startup Time": 32.114,
                  "Actual Total Time": 78.483,
                  "Actual Rows": 182702,
                  "Actual Loops": 4,
                  "Filter": "(company_id > 40487)",
                  "Rows Removed by Filter": 469580
                }
              ]
            }
          ]
        }
      ]
    },
    "Planning Time": 0.205,
    "Triggers": [],
    "Execution Time": 102.675
  }
]