[
  {
    "Plan": {
      "Node Type": "Aggregate",
      "Strategy": "Plain",
      "Partial Mode": "Finalize",
      "Parallel Aware": false,
      "Startup Cost": 438494.88,
      "Total Cost": 438494.89,
      "Plan Rows": 1,
      "Plan Width": 8,
      "Actual Startup Time": 3550.625,
      "Actual Total Time": 3633.273,
      "Actual Rows": 1,
      "Actual Loops": 1,
      "Plans": [
        {
          "Node Type": "Gather",
          "Parent Relationship": "Outer",
          "Parallel Aware": false,
          "Startup Cost": 438494.35,
          "Total Cost": 438494.86,
          "Plan Rows": 5,
          "Plan Width": 8,
          "Actual Startup Time": 3545.333,
          "Actual Total Time": 3633.262,
          "Actual Rows": 6,
          "Actual Loops": 1,
          "Workers Planned": 5,
          "Workers Launched": 5,
          "Single Copy": false,
          "Plans": [
            {
              "Node Type": "Aggregate",
              "Strategy": "Plain",
              "Partial Mode": "Partial",
              "Parent Relationship": "Outer",
              "Parallel Aware": false,
              "Startup Cost": 437494.35,
              "Total Cost": 437494.36,
              "Plan Rows": 1,
              "Plan Width": 8,
              "Actual Startup Time": 3534.798,
              "Actual Total Time": 3534.801,
              "Actual Rows": 1,
              "Actual Loops": 6,
              "Plans": [
                {
                  "Node Type": "Nested Loop",
                  "Parent Relationship": "Outer",
                  "Parallel Aware": false,
                  "Join Type": "Inner",
                  "Startup Cost": 70342.77,
                  "Total Cost": 434965.85,
                  "Plan Rows": 1011403,
                  "Plan Width": 0,
                  "Actual Startup Time": 197.816,
                  "Actual Total Time": 3332.836,
                  "Actual Rows": 3871251,
                  "Actual Loops": 6,
                  "Inner Unique": false,
                  "Join Filter": "(t.id = ci.movie_id)",
                  "Rows Removed by Join Filter": 0,
                  "Plans": [
                    {
                      "Node Type": "Hash Join",
                      "Parent Relationship": "Outer",
                      "Parallel Aware": true,
                      "Join Type": "Inner",
                      "Startup Cost": 70342.2,
                      "Total Cost": 236404.77,
                      "Plan Rows": 70584,
                      "Plan Width": 8,
                      "Actual Startup Time": 197.68,
                      "Actual Total Time": 290.379,
                      "Actual Rows": 165455,
                      "Actual Loops": 6,
                      "Inner Unique": true,
                      "Hash Cond": "(mi.movie_id = t.id)",
                      "Plans": [
                        {
                          "Node Type": "Bitmap Heap Scan",
                          "Parent Relationship": "Outer",
                          "Parallel Aware": true,
                          "Relation Name": "movie_info",
                          "Alias": "mi",
                          "Startup Cost": 24370.61,
                          "Total Cost": 189726.89,
                          "Plan Rows": 269063,
                          "Plan Width": 4,
                          "Actual Startup Time": 44.295,
                          "Actual Total Time": 82.819,
                          "Actual Rows": 233650,
                          "Actual Loops": 6,
                          "Recheck Cond": "(info_type_id = 7)",
                          "Rows Removed by Index Recheck": 0,
                          "Exact Heap Blocks": 1971,
                          "Lossy Heap Blocks": 0,
                          "Plans": [
                            {
                              "Node Type": "Bitmap Index Scan",
                              "Parent Relationship": "Outer",
                              "Parallel Aware": false,
                              "Index Name": "info_type_id_movie_info",
                              "Startup Cost": 0.0,
                              "Total Cost": 24034.28,
                              "Plan Rows": 1345313,
                              "Plan Width": 0,
                              "Actual Startup Time": 42.631,
                              "Actual Total Time": 42.631,
                              "Actual Rows": 1401902,
                              "Actual Loops": 1,
                              "Index Cond": "(info_type_id = 7)"
                            }
                          ]
                        },
                        {
                          "Node Type": "Hash",
                          "Parent Relationship": "Inner",
                          "Parallel Aware": true,
                          "Startup Cost": 43898.92,
                          "Total Cost": 43898.92,
                          "Plan Rows": 165814,
                          "Plan Width": 4,
                          "Actual Startup Time": 121.851,
                          "Actual Total Time": 121.852,
                          "Actual Rows": 110471,
                          "Actual Loops": 6,
                          "Hash Buckets": 1048576,
                          "Original Hash Buckets": 1048576,
                          "Hash Batches": 1,
                          "Original Hash Batches": 1,
                          "Peak Memory Usage": 34208,
                          "Plans": [
                            {
                              "Node Type": "Seq Scan",
                              "Parent Relationship": "Outer",
                              "Parallel Aware": true,
                              "Relation Name": "title",
                              "Alias": "t",
                              "Startup Cost": 0.0,
                              "Total Cost": 43898.92,
                              "Plan Rows": 165814,
                              "Plan Width": 4,
                              "Actual Startup Time": 42.362,
                              "Actual Total Time": 81.707,
                              "Actual Rows": 110471,
                              "Actual Loops": 6,
                              "Filter": "(kind_id = 1)",
                              "Rows Removed by Filter": 310914
                            }
                          ]
                        }
                      ]
                    },
                    {
                      "Node Type": "Index Only Scan",
                      "Parent Relationship": "Inner",
                      "Parallel Aware": false,
                      "Scan Direction": "Forward",
                      "Index Name": "movie_id_cast_info",
                      "Relation Name": "cast_info",
                      "Alias": "ci",
                      "Startup Cost": 0.56,
                      "Total Cost": 2.35,
                      "Plan Rows": 37,
                      "Plan Width": 4,
                      "Actual Startup Time": 0.003,
                      "Actual Total Time": 0.016,
                      "Actual Rows": 23,
                      "Actual Loops": 992730,
                      "Index Cond": "(movie_id = mi.movie_id)",
                      "Rows Removed by Index Recheck": 0,
                      "Heap Fetches": 23227504
                    }
                  ]
                }
              ]
            }
          ]
        }
      ]
    },
    "Planning Time": 1.347,
    "Triggers": [],
    "Execution Time": 3633.41
  }
]