{
  "Plan": {
    "Node Type": "Aggregate",
    "Strategy": "Plain",
    "Partial Mode": "Finalize",
    "Parallel Aware": false,
    "Startup Cost": 97997.31,
    "Total Cost": 97997.32,
    "Plan Rows": 1,
    "Plan Width": 8,
    "Actual Startup Time": 364.541,
    "Actual Total Time": 387.763,
    "Actual Rows": 1,
    "Actual Loops": 1,
    "Plans": [
      {
        "Node Type": "Gather",
        "Parent Relationship": "Outer",
        "Parallel Aware": false,
        "Startup Cost": 97997.19,
        "Total Cost": 97997.3,
        "Plan Rows": 1,
        "Plan Width": 8,
        "Actual Startup Time": 364.265,
        "Actual Total Time": 387.755,
        "Actual Rows": 2,
        "Actual Loops": 1,
        "Workers Planned": 1,
        "Workers Launched": 1,
        "Single Copy": false,
        "Plans": [
          {
            "Node Type": "Aggregate",
            "Strategy": "Plain",
            "Partial Mode": "Partial",
            "Parent Relationship": "Outer",
            "Parallel Aware": false,
            "Startup Cost": 96997.19,
            "Total Cost": 96997.2,
            "Plan Rows": 1,
            "Plan Width": 8,
            "Actual Startup Time": 357.859,
            "Actual Total Time": 357.866,
            "Actual Rows": 1,
            "Actual Loops": 2,
            "Plans": [
              {
                "Node Type": "Nested Loop",
                "Parent Relationship": "Outer",
                "Parallel Aware": false,
                "Join Type": "Inner",
                "Startup Cost": 20109.21,
                "Total Cost": 96886.52,
                "Plan Rows": 44268,
                "Plan Width": 0,
                "Actual Startup Time": 33.072,
                "Actual Total Time": 353.535,
                "Actual Rows": 86522,
                "Actual Loops": 2,
                "Inner Unique": false,
                "Plans": [
                  {
                    "Node Type": "Hash Join",
                    "Parent Relationship": "Outer",
                    "Parallel Aware": true,
                    "Join Type": "Inner",
                    "Startup Cost": 20108.78,
                    "Total Cost": 81006.5,
                    "Plan Rows": 7571,
                    "Plan Width": 8,
                    "Actual Startup Time": 32.985,
                    "Actual Total Time": 273.557,
                    "Actual Rows": 3111,
                    "Actual Loops": 2,
                    "Inner Unique": false,
                    "Hash Cond": "(t.id = mc.movie_id)",
                    "Plans": [
                      {
                        "Node Type": "Seq Scan",
                        "Parent Relationship": "Outer",
                        "Parallel Aware": true,
                        "Relation Name": "title",
                        "Alias": "t",
                        "Startup Cost": 0.0,
                        "Total Cost": 54588.39,
                        "Plan Rows": 1002368,
                        "Plan Width": 4,
                        "Actual Startup Time": 0.012,
                        "Actual Total Time": 155.878,
                        "Actual Rows": 850158,
                        "Actual Loops": 2,
                        "Filter": "(production_year > 1992)",
                        "Rows Removed by Filter": 413998
                      },
                      {
                        "Node Type": "Hash",
                        "Parent Relationship": "Inner",
                        "Parallel Aware": true,
                        "Startup Cost": 19968.38,
                        "Total Cost": 19968.38,
                        "Plan Rows": 11232,
                        "Plan Width": 4,
                        "Actual Startup Time": 31.766,
                        "Actual Total Time": 31.77,
                        "Actual Rows": 17758,
                        "Actual Loops": 2,
                        "Hash Buckets": 65536,
                        "Original Hash Buckets": 32768,
                        "Hash Batches": 1,
                        "Original Hash Batches": 1,
                        "Peak Memory Usage": 2208,
                        "Plans": [
                          {
                            "Node Type": "Bitmap Heap Scan",
                            "Parent Relationship": "Outer",
                            "Parallel Aware": true,
                            "Relation Name": "movie_companies",
                            "Alias": "mc",
                            "Startup Cost": 836.12,
                            "Total Cost": 19968.38,
                            "Plan Rows": 11232,
                            "Plan Width": 4,
                            "Actual Startup Time": 4.479,
                            "Actual Total Time": 22.056,
                            "Actual Rows": 17758,
                            "Actual Loops": 2,
                            "Recheck Cond": "(company_id = 160)",
                            "Rows Removed by Index Recheck": 0,
                            "Filter": "(company_type_id < 2)",
                            "Rows Removed by Filter": 310,
                            "Exact Heap Blocks": 3376,
                            "Lossy Heap Blocks": 0,
                            "Plans": [
                              {
                                "Node Type": "Bitmap Index Scan",
                                "Parent Relationship": "Outer",
                                "Parallel Aware": false,
                                "Index Name": "company_id_movie_companies",
                                "Startup Cost": 0.0,
                                "Total Cost": 831.35,
                                "Plan Rows": 38789,
                                "Plan Width": 0,
                                "Actual Startup Time": 6.747,
                                "Actual Total Time": 6.747,
                                "Actual Rows": 36136,
                                "Actual Loops": 1,
                                "Index Cond": "(company_id = 160)"
                              }
                            ]
                          }
                        ]
                      }
                    ]
                  },
                  {
                    "Node Type": "Index Only Scan",
                    "Parent Relationship": "Inner",
                    "Parallel Aware": false,
                    "Scan Direction": "Forward",
                    "Index Name": "movie_id_movie_info",
                    "Relation Name": "movie_info",
                    "Alias": "mi",
                    "Startup Cost": 0.43,
                    "Total Cost": 1.68,
                    "Plan Rows": 42,
                    "Plan Width": 4,
                    "Actual Startup Time": 0.007,
                    "Actual Total Time": 0.023,
                    "Actual Rows": 28,
                    "Actual Loops": 6222,
                    "Index Cond": "(movie_id = t.id)",
                    "Rows Removed by Index Recheck": 0,
                    "Heap Fetches": 173043
                  }
                ]
              }
            ]
          }
        ]
      }
    ]
  },
  "Planning Time": 1.088,
  "Triggers": [],
  "Execution Time": 387.871
}