[
  {
    "Plan": {
      "Node Type": "Aggregate",
      "Strategy": "Plain",
      "Partial Mode": "Finalize",
      "Parallel Aware": false,
      "Startup Cost": 32721.98,
      "Total Cost": 32721.99,
      "Plan Rows": 1,
      "Plan Width": 8,
      "Actual Startup Time": 105.346,
      "Actual Total Time": 115.22,
      "Actual Rows": 1,
      "Actual Loops": 1,
      "Plans": [
        {
          "Node Type": "Gather",
          "Parent Relationship": "Outer",
          "Parallel Aware": false,
          "Startup Cost": 32721.66,
          "Total Cost": 32721.97,
          "Plan Rows": 3,
          "Plan Width": 8,
          "Actual Startup Time": 105.121,
          "Actual Total Time": 115.209,
          "Actual Rows": 4,
          "Actual Loops": 1,
          "Workers Planned": 3,
          "Workers Launched": 3,
          "Single Copy": false,
          "Plans": [
            {
              "Node Type": "Aggregate",
              "Strategy": "Plain",
              "Partial Mode": "Partial",
              "Parent Relationship": "Outer",
              "Parallel Aware": false,
              "Startup Cost": 31721.66,
              "Total Cost": 31721.67,
              "Plan Rows": 1,
              "Plan Width": 8,
              "Actual Startup Time": 97.381,
              "Actual Total Time": 97.382,
              "Actual Rows": 1,
              "Actual Loops": 4,
              "Plans": [
                {
                  "Node Type": "Seq Scan",
                  "Parent Relationship": "Outer",
                  "Parallel Aware": true,
                  "Relation Name": "movie_companies",
                  "Alias": "mc",
                  "Startup Cost": 0.0,
                  "Total Cost": 31414.82,
                  "Plan Rows": 122737,
                  "Plan Width": 0,
                  "Actual Startup Time": 43.965,
                  "Actual Total Time": 87.671,
                  "Actual Rows": 172777,
                  "Actual Loops": 4,
                  "Filter": "((company_id > 39007) AND (company_type_id = 2))",
                  "Rows Removed by Filter": 479506
                }
              ]
            }
          ]
        }
      ]
    },
    "Planning Time": 0.093,
    "Triggers": [],
    "Execution Time": 115.248
  }
]