[
  {
    "Plan": {
      "Node Type": "Aggregate",
      "Strategy": "Plain",
      "Partial Mode": "Finalize",
      "Parallel Aware": false,
      "Startup Cost": 32686.49,
      "Total Cost": 32686.5,
      "Plan Rows": 1,
      "Plan Width": 8,
      "Actual Startup Time": 85.152,
      "Actual Total Time": 93.481,
      "Actual Rows": 1,
      "Actual Loops": 1,
      "Plans": [
        {
          "Node Type": "Gather",
          "Parent Relationship": "Outer",
          "Parallel Aware": false,
          "Startup Cost": 32686.17,
          "Total Cost": 32686.48,
          "Plan Rows": 3,
          "Plan Width": 8,
          "Actual Startup Time": 85.03,
          "Actual Total Time": 93.471,
          "Actual Rows": 4,
          "Actual Loops": 1,
          "Workers Planned": 3,
          "Workers Launched": 3,
          "Single Copy": false,
          "Plans": [
            {
              "Node Type": "Aggregate",
              "Strategy": "Plain",
              "Partial Mode": "Partial",
              "Parent Relationship": "Outer",
              "Parallel Aware": false,
              "Startup Cost": 31686.17,
              "Total Cost": 31686.18,
              "Plan Rows": 1,
              "Plan Width": 8,
              "Actual Startup Time": 78.32,
              "Actual Total Time": 78.322,
              "Actual Rows": 1,
              "Actual Loops": 4,
              "Plans": [
                {
                  "Node Type": "Seq Scan",
                  "Parent Relationship": "Outer",
                  "Parallel Aware": true,
                  "Relation Name": "movie_companies",
                  "Alias": "mc",
                  "Startup Cost": 0.0,
                  "Total Cost": 31414.82,
                  "Plan Rows": 108540,
                  "Plan Width": 0,
                  "Actual Startup Time": 48.8,
                  "Actual Total Time": 76.388,
                  "Actual Rows": 46481,
                  "Actual Loops": 4,
                  "Filter": "((company_id < 944) AND (company_type_id > 1))",
                  "Rows Removed by Filter": 605801
                }
              ]
            }
          ]
        }
      ]
    },
    "Planning Time": 0.223,
    "Triggers": [],
    "Execution Time": 93.56
  }
]