[
  {
    "Plan": {
      "Node Type": "Aggregate",
      "Strategy": "Plain",
      "Partial Mode": "Finalize",
      "Parallel Aware": false,
      "Startup Cost": 33403.33,
      "Total Cost": 33403.34,
      "Plan Rows": 1,
      "Plan Width": 8,
      "Actual Startup Time": 106.298,
      "Actual Total Time": 115.058,
      "Actual Rows": 1,
      "Actual Loops": 1,
      "Plans": [
        {
          "Node Type": "Gather",
          "Parent Relationship": "Outer",
          "Parallel Aware": false,
          "Startup Cost": 33403.01,
          "Total Cost": 33403.32,
          "Plan Rows": 3,
          "Plan Width": 8,
          "Actual Startup Time": 106.176,
          "Actual Total Time": 115.048,
          "Actual Rows": 4,
          "Actual Loops": 1,
          "Workers Planned": 3,
          "Workers Launched": 3,
          "Single Copy": false,
          "Plans": [
            {
              "Node Type": "Aggregate",
              "Strategy": "Plain",
              "Partial Mode": "Partial",
              "Parent Relationship": "Outer",
              "Parallel Aware": false,
              "Startup Cost": 32403.01,
              "Total Cost": 32403.02,
              "Plan Rows": 1,
              "Plan Width": 8,
              "Actual Startup Time": 99.293,
              "Actual Total Time": 99.294,
              "Actual Rows": 1,
              "Actual Loops": 4,
              "Plans": [
                {
                  "Node Type": "Seq Scan",
                  "Parent Relationship": "Outer",
                  "Parallel Aware": true,
                  "Relation Name": "movie_companies",
                  "Alias": "mc",
                  "Startup Cost": 0.0,
                  "Total Cost": 31414.82,
                  "Plan Rows": 395277,
                  "Plan Width": 0,
                  "Actual Startup Time": 46.605,
                  "Actual Total Time": 86.942,
                  "Actual Rows": 281740,
                  "Actual Loops": 4,
                  "Filter": "((company_id < 111117) AND (company_type_id = 2))",
                  "Rows Removed by Filter": 370542
                }
              ]
            }
          ]
        }
      ]
    },
    "Planning Time": 0.212,
    "Triggers": [],
    "Execution Time": 115.113
  }
]