{
  "Plan": {
    "Node Type": "Aggregate",
    "Strategy": "Plain",
    "Partial Mode": "Finalize",
    "Parallel Aware": false,
    "Startup Cost": 343722.13,
    "Total Cost": 343722.14,
    "Plan Rows": 1,
    "Plan Width": 8,
    "Actual Startup Time": 1725.785,
    "Actual Total Time": 1776.151,
    "Actual Rows": 1,
    "Actual Loops": 1,
    "Plans": [
      {
        "Node Type": "Gather",
        "Parent Relationship": "Outer",
        "Parallel Aware": false,
        "Startup Cost": 343722.02,
        "Total Cost": 343722.13,
        "Plan Rows": 1,
        "Plan Width": 8,
        "Actual Startup Time": 1724.101,
        "Actual Total Time": 1776.142,
        "Actual Rows": 2,
        "Actual Loops": 1,
        "Workers Planned": 1,
        "Workers Launched": 1,
        "Single Copy": false,
        "Plans": [
          {
            "Node Type": "Aggregate",
            "Strategy": "Plain",
            "Partial Mode": "Partial",
            "Parent Relationship": "Outer",
            "Parallel Aware": false,
            "Startup Cost": 342722.02,
            "Total Cost": 342722.03,
            "Plan Rows": 1,
            "Plan Width": 8,
            "Actual Startup Time": 1718.414,
            "Actual Total Time": 1718.417,
            "Actual Rows": 1,
            "Actual Loops": 2,
            "Plans": [
              {
                "Node Type": "Hash Join",
                "Parent Relationship": "Outer",
                "Parallel Aware": true,
                "Join Type": "Inner",
                "Startup Cost": 61539.86,
                "Total Cost": 341231.93,
                "Plan Rows": 596036,
                "Plan Width": 0,
                "Actual Startup Time": 263.144,
                "Actual Total Time": 1658.245,
                "Actual Rows": 1278032,
                "Actual Loops": 2,
                "Inner Unique": true,
                "Hash Cond": "(mi.movie_id = t.id)",
                "Plans": [
                  {
                    "Node Type": "Seq Scan",
                    "Parent Relationship": "Outer",
                    "Parallel Aware": true,
                    "Relation Name": "movie_info",
                    "Alias": "mi",
                    "Startup Cost": 0.0,
                    "Total Cost": 270696.42,
                    "Plan Rows": 3426912,
                    "Plan Width": 4,
                    "Actual Startup Time": 0.013,
                    "Actual Total Time": 751.398,
                    "Actual Rows": 2942482,
                    "Actual Loops": 2,
                    "Filter": "(info_type_id < 7)",
                    "Rows Removed by Filter": 4475378
                  },
                  {
                    "Node Type": "Hash",
                    "Parent Relationship": "Inner",
                    "Parallel Aware": true,
                    "Startup Cost": 58306.47,
                    "Total Cost": 58306.47,
                    "Plan Rows": 258671,
                    "Plan Width": 4,
                    "Actual Startup Time": 255.803,
                    "Actual Total Time": 255.804,
                    "Actual Rows": 268430,
                    "Actual Loops": 2,
                    "Hash Buckets": 1048576,
                    "Original Hash Buckets": 524288,
                    "Hash Batches": 1,
                    "Original Hash Batches": 1,
                    "Peak Memory Usage": 33344,
                    "Plans": [
                      {
                        "Node Type": "Seq Scan",
                        "Parent Relationship": "Outer",
                        "Parallel Aware": true,
                        "Relation Name": "title",
                        "Alias": "t",
                        "Startup Cost": 0.0,
                        "Total Cost": 58306.47,
                        "Plan Rows": 258671,
                        "Plan Width": 4,
                        "Actual Startup Time": 0.069,
                        "Actual Total Time": 172.987,
                        "Actual Rows": 268430,
                        "Actual Loops": 2,
                        "Filter": "((kind_id < 7) AND (production_year < 2002))",
                        "Rows Removed by Filter": 995726
                      }
                    ]
                  }
                ]
              }
            ]
          }
        ]
      }
    ]
  },
  "Planning Time": 0.455,
  "Triggers": [],
  "Execution Time": 1776.234
}