[
    {
        "Bao": {
            "Bao prediction": "NaN",
            "Bao recommended hint": "(no hint)"
        }
    },
    {
        "Plan": {
            "Node Type": "Aggregate",
            "Strategy": "Plain",
            "Partial Mode": "Finalize",
            "Parallel Aware": false,
            "Startup Cost": 50752.21,
            "Total Cost": 50752.22,
            "Plan Rows": 1,
            "Plan Width": 8,
            "Actual Startup Time": 49.516,
            "Actual Total Time": 54.949,
            "Actual Rows": 1,
            "Actual Loops": 1,
            "Output": [
                "count(*)"
            ],
            "Plans": [
                {
                    "Node Type": "Gather",
                    "Parent Relationship": "Outer",
                    "Parallel Aware": false,
                    "Startup Cost": 50751.79,
                    "Total Cost": 50752.2,
                    "Plan Rows": 4,
                    "Plan Width": 8,
                    "Actual Startup Time": 49.165,
                    "Actual Total Time": 54.943,
                    "Actual Rows": 5,
                    "Actual Loops": 1,
                    "Output": [
                        "(PARTIAL count(*))"
                    ],
                    "Workers Planned": 4,
                    "Workers Launched": 4,
                    "Single Copy": false,
                    "Plans": [
                        {
                            "Node Type": "Aggregate",
                            "Strategy": "Plain",
                            "Partial Mode": "Partial",
                            "Parent Relationship": "Outer",
                            "Parallel Aware": false,
                            "Startup Cost": 49751.79,
                            "Total Cost": 49751.8,
                            "Plan Rows": 1,
                            "Plan Width": 8,
                            "Actual Startup Time": 39.582,
                            "Actual Total Time": 39.583,
                            "Actual Rows": 1,
                            "Actual Loops": 5,
                            "Output": [
                                "PARTIAL count(*)"
                            ],
                            "Workers": [
                                {
                                    "Worker Number": 0,
                                    "Actual Startup Time": 37.116,
                                    "Actual Total Time": 37.117,
                                    "Actual Rows": 1,
                                    "Actual Loops": 1
                                },
                                {
                                    "Worker Number": 1,
                                    "Actual Startup Time": 37.156,
                                    "Actual Total Time": 37.157,
                                    "Actual Rows": 1,
                                    "Actual Loops": 1
                                },
                                {
                                    "Worker Number": 2,
                                    "Actual Startup Time": 37.132,
                                    "Actual Total Time": 37.133,
                                    "Actual Rows": 1,
                                    "Actual Loops": 1
                                },
                                {
                                    "Worker Number": 3,
                                    "Actual Startup Time": 37.71,
                                    "Actual Total Time": 37.711,
                                    "Actual Rows": 1,
                                    "Actual Loops": 1
                                }
                            ],
                            "Plans": [
                                {
                                    "Node Type": "Nested Loop",
                                    "Parent Relationship": "Outer",
                                    "Parallel Aware": false,
                                    "Join Type": "Inner",
                                    "Startup Cost": 2107.72,
                                    "Total Cost": 49750.04,
                                    "Plan Rows": 700,
                                    "Plan Width": 0,
                                    "Actual Startup Time": 2.692,
                                    "Actual Total Time": 39.401,
                                    "Actual Rows": 1238,
                                    "Actual Loops": 5,
                                    "Inner Unique": false,
                                    "Workers": [
                                        {
                                            "Worker Number": 0,
                                            "Actual Startup Time": 0.742,
                                            "Actual Total Time": 36.951,
                                            "Actual Rows": 668,
                                            "Actual Loops": 1
                                        },
                                        {
                                            "Worker Number": 1,
                                            "Actual Startup Time": 1.105,
                                            "Actual Total Time": 36.99,
                                            "Actual Rows": 591,
                                            "Actual Loops": 1
                                        },
                                        {
                                            "Worker Number": 2,
                                            "Actual Startup Time": 0.684,
                                            "Actual Total Time": 36.955,
                                            "Actual Rows": 733,
                                            "Actual Loops": 1
                                        },
                                        {
                                            "Worker Number": 3,
                                            "Actual Startup Time": 1.637,
                                            "Actual Total Time": 37.563,
                                            "Actual Rows": 578,
                                            "Actual Loops": 1
                                        }
                                    ],
                                    "Plans": [
                                        {
                                            "Node Type": "Bitmap Heap Scan",
                                            "Parent Relationship": "Outer",
                                            "Parallel Aware": true,
                                            "Relation Name": "title",
                                            "Schema": "public",
                                            "Alias": "t",
                                            "Startup Cost": 2107.29,
                                            "Total Cost": 38548.37,
                                            "Plan Rows": 678,
                                            "Plan Width": 4,
                                            "Actual Startup Time": 2.179,
                                            "Actual Total Time": 26.446,
                                            "Actual Rows": 819,
                                            "Actual Loops": 5,
                                            "Output": [
                                                "t.id",
                                                "t.title",
                                                "t.imdb_index",
                                                "t.kind_id",
                                                "t.production_year",
                                                "t.imdb_id",
                                                "t.phonetic_code",
                                                "t.episode_of_id",
                                                "t.season_nr",
                                                "t.episode_nr",
                                                "t.series_years",
                                                "t.md5sum"
                                            ],
                                            "Recheck Cond": "(t.kind_id = 4)",
                                            "Rows Removed by Index Recheck": 0,
                                            "Filter": "(t.production_year = 2001)",
                                            "Rows Removed by Filter": 22828,
                                            "Exact Heap Blocks": 7484,
                                            "Lossy Heap Blocks": 0,
                                            "Workers": [
                                                {
                                                    "Worker Number": 0,
                                                    "Actual Startup Time": 0.476,
                                                    "Actual Total Time": 23.996,
                                                    "Actual Rows": 409,
                                                    "Actual Loops": 1
                                                },
                                                {
                                                    "Worker Number": 1,
                                                    "Actual Startup Time": 0.634,
                                                    "Actual Total Time": 23.412,
                                                    "Actual Rows": 409,
                                                    "Actual Loops": 1
                                                },
                                                {
                                                    "Worker Number": 2,
                                                    "Actual Startup Time": 0.179,
                                                    "Actual Total Time": 22.913,
                                                    "Actual Rows": 455,
                                                    "Actual Loops": 1
                                                },
                                                {
                                                    "Worker Number": 3,
                                                    "Actual Startup Time": 0.37,
                                                    "Actual Total Time": 24.392,
                                                    "Actual Rows": 401,
                                                    "Actual Loops": 1
                                                }
                                            ],
                                            "Plans": [
                                                {
                                                    "Node Type": "Bitmap Index Scan",
                                                    "Parent Relationship": "Outer",
                                                    "Parallel Aware": false,
                                                    "Index Name": "kind_id_title",
                                                    "Startup Cost": 0.0,
                                                    "Total Cost": 2106.61,
                                                    "Plan Rows": 118157,
                                                    "Plan Width": 0,
                                                    "Actual Startup Time": 7.067,
                                                    "Actual Total Time": 7.067,
                                                    "Actual Rows": 118234,
                                                    "Actual Loops": 1,
                                                    "Index Cond": "(t.kind_id = 4)"
                                                }
                                            ]
                                        },
                                        {
                                            "Node Type": "Index Only Scan",
                                            "Parent Relationship": "Inner",
                                            "Parallel Aware": false,
                                            "Scan Direction": "Forward",
                                            "Index Name": "movie_id_movie_companies",
                                            "Relation Name": "movie_companies",
                                            "Schema": "public",
                                            "Alias": "mc",
                                            "Startup Cost": 0.43,
                                            "Total Cost": 16.47,
                                            "Plan Rows": 5,
                                            "Plan Width": 4,
                                            "Actual Startup Time": 0.013,
                                            "Actual Total Time": 0.015,
                                            "Actual Rows": 2,
                                            "Actual Loops": 4094,
                                            "Output": [
                                                "mc.movie_id"
                                            ],
                                            "Index Cond": "(mc.movie_id = t.id)",
                                            "Rows Removed by Index Recheck": 0,
                                            "Heap Fetches": 6191,
                                            "Workers": [
                                                {
                                                    "Worker Number": 0,
                                                    "Actual Startup Time": 0.025,
                                                    "Actual Total Time": 0.03,
                                                    "Actual Rows": 2,
                                                    "Actual Loops": 409
                                                },
                                                {
                                                    "Worker Number": 1,
                                                    "Actual Startup Time": 0.027,
                                                    "Actual Total Time": 0.032,
                                                    "Actual Rows": 1,
                                                    "Actual Loops": 409
                                                },
                                                {
                                                    "Worker Number": 2,
                                                    "Actual Startup Time": 0.025,
                                                    "Actual Total Time": 0.029,
                                                    "Actual Rows": 2,
                                                    "Actual Loops": 455
                                                },
                                                {
                                                    "Worker Number": 3,
                                                    "Actual Startup Time": 0.026,
                                                    "Actual Total Time": 0.031,
                                                    "Actual Rows": 1,
                                                    "Actual Loops": 401
                                                }
                                            ]
                                        }
                                    ]
                                }
                            ]
                        }
                    ]
                }
            ]
        },
        "Planning Time": 180.796,
        "Triggers": [],
        "Execution Time": 55.029
    }
]