[
  {
    "Plan": {
      "Node Type": "Aggregate",
      "Strategy": "Plain",
      "Partial Mode": "Finalize",
      "Parallel Aware": false,
      "Startup Cost": 123771.68,
      "Total Cost": 123771.69,
      "Plan Rows": 1,
      "Plan Width": 8,
      "Actual Startup Time": 617.594,
      "Actual Total Time": 639.777,
      "Actual Rows": 1,
      "Actual Loops": 1,
      "Plans": [
        {
          "Node Type": "Gather",
          "Parent Relationship": "Outer",
          "Parallel Aware": false,
          "Startup Cost": 123771.36,
          "Total Cost": 123771.67,
          "Plan Rows": 3,
          "Plan Width": 8,
          "Actual Startup Time": 610.01,
          "Actual Total Time": 639.762,
          "Actual Rows": 4,
          "Actual Loops": 1,
          "Workers Planned": 3,
          "Workers Launched": 3,
          "Single Copy": false,
          "Plans": [
            {
              "Node Type": "Aggregate",
              "Strategy": "Plain",
              "Partial Mode": "Partial",
              "Parent Relationship": "Outer",
              "Parallel Aware": false,
              "Startup Cost": 122771.36,
              "Total Cost": 122771.37,
              "Plan Rows": 1,
              "Plan Width": 8,
              "Actual Startup Time": 600.264,
              "Actual Total Time": 600.271,
              "Actual Rows": 1,
              "Actual Loops": 4,
              "Plans": [
                {
                  "Node Type": "Hash Join",
                  "Parent Relationship": "Outer",
                  "Parallel Aware": true,
                  "Join Type": "Inner",
                  "Startup Cost": 77976.68,
                  "Total Cost": 122651.35,
                  "Plan Rows": 48004,
                  "Plan Width": 0,
                  "Actual Startup Time": 368.831,
                  "Actual Total Time": 596.027,
                  "Actual Rows": 73996,
                  "Actual Loops": 4,
                  "Inner Unique": false,
                  "Hash Cond": "(mk.movie_id = t.id)",
                  "Plans": [
                    {
                      "Node Type": "Seq Scan",
                      "Parent Relationship": "Outer",
                      "Parallel Aware": true,
                      "Relation Name": "movie_keyword",
                      "Alias": "mk",
                      "Startup Cost": 0.0,
                      "Total Cost": 39047.32,
                      "Plan Rows": 1459332,
                      "Plan Width": 4,
                      "Actual Startup Time": 0.029,
                      "Actual Total Time": 111.137,
                      "Actual Rows": 1130982,
                      "Actual Loops": 4
                    },
                    {
                      "Node Type": "Hash",
                      "Parent Relationship": "Inner",
                      "Parallel Aware": true,
                      "Startup Cost": 77641.32,
                      "Total Cost": 77641.32,
                      "Plan Rows": 26829,
                      "Plan Width": 8,
                      "Actual Startup Time": 367.971,
                      "Actual Total Time": 367.976,
                      "Actual Rows": 23562,
                      "Actual Loops": 4,
                      "Hash Buckets": 131072,
                      "Original Hash Buckets": 131072,
                      "Hash Batches": 1,
                      "Original Hash Batches": 1,
                      "Peak Memory Usage": 4768,
                      "Plans": [
                        {
                          "Node Type": "Hash Join",
                          "Parent Relationship": "Outer",
                          "Parallel Aware": true,
                          "Join Type": "Inner",
                          "Startup Cost": 56962.86,
                          "Total Cost": 77641.32,
                          "Plan Rows": 26829,
                          "Plan Width": 8,
                          "Actual Startup Time": 289.821,
                          "Actual Total Time": 360.196,
                          "Actual Rows": 23562,
                          "Actual Loops": 4,
                          "Inner Unique": true,
                          "Hash Cond": "(mc.movie_id = t.id)",
                          "Plans": [
                            {
                              "Node Type": "Bitmap Heap Scan",
                              "Parent Relationship": "Outer",
                              "Parallel Aware": true,
                              "Relation Name": "movie_companies",
                              "Alias": "mc",
                              "Startup Cost": 7744.78,
                              "Total Cost": 28274.4,
                              "Plan Rows": 56704,
                              "Plan Width": 4,
                              "Actual Startup Time": 15.733,
                              "Actual Total Time": 57.696,
                              "Actual Rows": 69026,
                              "Actual Loops": 4,
                              "Recheck Cond": "(company_id < 172)",
                              "Rows Removed by Index Recheck": 0,
                              "Filter": "(company_type_id < 2)",
                              "Rows Removed by Filter": 19708,
                              "Exact Heap Blocks": 7827,
                              "Lossy Heap Blocks": 0,
                              "Plans": [
                                {
                                  "Node Type": "Bitmap Index Scan",
                                  "Parent Relationship": "Outer",
                                  "Parallel Aware": false,
                                  "Index Name": "company_id_movie_companies",
                                  "Startup Cost": 0.0,
                                  "Total Cost": 7700.84,
                                  "Plan Rows": 359521,
                                  "Plan Width": 0,
                                  "Actual Startup Time": 13.108,
                                  "Actual Total Time": 13.108,
                                  "Actual Rows": 354933,
                                  "Actual Loops": 1,
                                  "Index Cond": "(company_id < 172)"
                                }
                              ]
                            },
                            {
                              "Node Type": "Hash",
                              "Parent Relationship": "Inner",
                              "Parallel Aware": true,
                              "Startup Cost": 45479.59,
                              "Total Cost": 45479.59,
                              "Plan Rows": 299079,
                              "Plan Width": 4,
                              "Actual Startup Time": 268.229,
                              "Actual Total Time": 268.23,
                              "Actual Rows": 328155,
                              "Actual Loops": 4,
                              "Hash Buckets": 2097152,
                              "Original Hash Buckets": 2097152,
                              "Hash Batches": 1,
                              "Original Hash Batches": 1,
                              "Peak Memory Usage": 67808,
                              "Plans": [
                                {
                                  "Node Type": "Seq Scan",
                                  "Parent Relationship": "Outer",
                                  "Parallel Aware": true,
                                  "Relation Name": "title",
                                  "Alias": "t",
                                  "Startup Cost": 0.0,
                                  "Total Cost": 45479.59,
                                  "Plan Rows": 299079,
                                  "Plan Width": 4,
                                  "Actual Startup Time": 0.027,
                                  "Actual Total Time": 131.418,
                                  "Actual Rows": 328155,
                                  "Actual Loops": 4,
                                  "Filter": "((kind_id > 3) AND (production_year > 1988))",
                                  "Rows Removed by Filter": 303923
                                }
                              ]
                            }
                          ]
                        }
                      ]
                    }
                  ]
                }
              ]
            }
          ]
        }
      ]
    },
    "Planning Time": 0.847,
    "Triggers": [],
    "Execution Time": 639.865
  }
]