[
  {
    "Plan": {
      "Node Type": "Aggregate",
      "Strategy": "Plain",
      "Partial Mode": "Finalize",
      "Parallel Aware": false,
      "Startup Cost": 246347.75,
      "Total Cost": 246347.76,
      "Plan Rows": 1,
      "Plan Width": 8,
      "Actual Startup Time": 597.148,
      "Actual Total Time": 643.043,
      "Actual Rows": 1,
      "Actual Loops": 1,
      "Plans": [
        {
          "Node Type": "Gather",
          "Parent Relationship": "Outer",
          "Parallel Aware": false,
          "Startup Cost": 246347.23,
          "Total Cost": 246347.74,
          "Plan Rows": 5,
          "Plan Width": 8,
          "Actual Startup Time": 596.962,
          "Actual Total Time": 643.027,
          "Actual Rows": 6,
          "Actual Loops": 1,
          "Workers Planned": 5,
          "Workers Launched": 5,
          "Single Copy": false,
          "Plans": [
            {
              "Node Type": "Aggregate",
              "Strategy": "Plain",
              "Partial Mode": "Partial",
              "Parent Relationship": "Outer",
              "Parallel Aware": false,
              "Startup Cost": 245347.23,
              "Total Cost": 245347.24,
              "Plan Rows": 1,
              "Plan Width": 8,
              "Actual Startup Time": 587.056,
              "Actual Total Time": 587.059,
              "Actual Rows": 1,
              "Actual Loops": 6,
              "Plans": [
                {
                  "Node Type": "Hash Join",
                  "Parent Relationship": "Outer",
                  "Parallel Aware": true,
                  "Join Type": "Inner",
                  "Startup Cost": 45761.37,
                  "Total Cost": 245083.14,
                  "Plan Rows": 105637,
                  "Plan Width": 0,
                  "Actual Startup Time": 257.103,
                  "Actual Total Time": 587.047,
                  "Actual Rows": 8,
                  "Actual Loops": 6,
                  "Inner Unique": true,
                  "Hash Cond": "(mi.movie_id = t.id)",
                  "Plans": [
                    {
                      "Node Type": "Seq Scan",
                      "Parent Relationship": "Outer",
                      "Parallel Aware": true,
                      "Relation Name": "movie_info",
                      "Alias": "mi",
                      "Startup Cost": 0.0,
                      "Total Cost": 191560.33,
                      "Plan Rows": 2956733,
                      "Plan Width": 4,
                      "Actual Startup Time": 0.03,
                      "Actual Total Time": 305.723,
                      "Actual Rows": 2472620,
                      "Actual Loops": 6
                    },
                    {
                      "Node Type": "Hash",
                      "Parent Relationship": "Inner",
                      "Parallel Aware": true,
                      "Startup Cost": 45479.1,
                      "Total Cost": 45479.1,
                      "Plan Rows": 22582,
                      "Plan Width": 4,
                      "Actual Startup Time": 77.874,
                      "Actual Total Time": 77.875,
                      "Actual Rows": 8,
                      "Actual Loops": 6,
                      "Hash Buckets": 131072,
                      "Original Hash Buckets": 131072,
                      "Hash Batches": 1,
                      "Original Hash Batches": 1,
                      "Peak Memory Usage": 1216,
                      "Plans": [
                        {
                          "Node Type": "Seq Scan",
                          "Parent Relationship": "Outer",
                          "Parallel Aware": true,
                          "Relation Name": "title",
                          "Alias": "t",
                          "Startup Cost": 0.0,
                          "Total Cost": 45479.1,
                          "Plan Rows": 22582,
                          "Plan Width": 4,
                          "Actual Startup Time": 23.084,
                          "Actual Total Time": 77.715,
                          "Actual Rows": 8,
                          "Actual Loops": 6,
                          "Filter": "((production_year < 1944) AND (kind_id = 7))",
                          "Rows Removed by Filter": 421378
                        }
                      ]
                    }
                  ]
                }
              ]
            }
          ]
        }
      ]
    },
    "Planning Time": 0.669,
    "Triggers": [],
    "Execution Time": 643.128
  }
]