{
  "Plan": {
    "Node Type": "Aggregate",
    "Strategy": "Plain",
    "Partial Mode": "Simple",
    "Parallel Aware": false,
    "Startup Cost": 987447.59,
    "Total Cost": 987447.6,
    "Plan Rows": 1,
    "Plan Width": 128,
    "Actual Startup Time": 4295.474,
    "Actual Total Time": 4398.93,
    "Actual Rows": 1,
    "Actual Loops": 1,
    "Plans": [
      {
        "Node Type": "Gather",
        "Parent Relationship": "Outer",
        "Parallel Aware": false,
        "Startup Cost": 986951.79,
        "Total Cost": 987447.58,
        "Plan Rows": 1,
        "Plan Width": 81,
        "Actual Startup Time": 4058.587,
        "Actual Total Time": 4398.649,
        "Actual Rows": 838,
        "Actual Loops": 1,
        "Workers Planned": 1,
        "Workers Launched": 1,
        "Single Copy": false,
        "Plans": [
          {
            "Node Type": "Nested Loop",
            "Parent Relationship": "Outer",
            "Parallel Aware": false,
            "Join Type": "Inner",
            "Startup Cost": 985951.79,
            "Total Cost": 986447.48,
            "Plan Rows": 1,
            "Plan Width": 81,
            "Actual Startup Time": 4048.072,
            "Actual Total Time": 4263.025,
            "Actual Rows": 419,
            "Actual Loops": 2,
            "Inner Unique": true,
            "Plans": [
              {
                "Node Type": "Nested Loop",
                "Parent Relationship": "Outer",
                "Parallel Aware": false,
                "Join Type": "Inner",
                "Startup Cost": 985951.64,
                "Total Cost": 986447.3,
                "Plan Rows": 1,
                "Plan Width": 85,
                "Actual Startup Time": 4047.256,
                "Actual Total Time": 4261.838,
                "Actual Rows": 1274,
                "Actual Loops": 2,
                "Inner Unique": true,
                "Plans": [
                  {
                    "Node Type": "Nested Loop",
                    "Parent Relationship": "Outer",
                    "Parallel Aware": false,
                    "Join Type": "Inner",
                    "Startup Cost": 985951.21,
                    "Total Cost": 986446.62,
                    "Plan Rows": 1,
                    "Plan Width": 74,
                    "Actual Startup Time": 4046.017,
                    "Actual Total Time": 4256.965,
                    "Actual Rows": 1795,
                    "Actual Loops": 2,
                    "Inner Unique": false,
                    "Plans": [
                      {
                        "Node Type": "Nested Loop",
                        "Parent Relationship": "Outer",
                        "Parallel Aware": false,
                        "Join Type": "Inner",
                        "Startup Cost": 985950.65,
                        "Total Cost": 986444.89,
                        "Plan Rows": 1,
                        "Plan Width": 90,
                        "Actual Startup Time": 4045.237,
                        "Actual Total Time": 4080.222,
                        "Actual Rows": 2288,
                        "Actual Loops": 2,
                        "Inner Unique": true,
                        "Plans": [
                          {
                            "Node Type": "Hash Join",
                            "Parent Relationship": "Outer",
                            "Parallel Aware": false,
                            "Join Type": "Inner",
                            "Startup Cost": 985950.51,
                            "Total Cost": 986444.71,
                            "Plan Rows": 1,
                            "Plan Width": 94,
                            "Actual Startup Time": 4045.206,
                            "Actual Total Time": 4077.724,
                            "Actual Rows": 2288,
                            "Actual Loops": 2,
                            "Inner Unique": true,
                            "Hash Cond": "(mk.keyword_id = k.id)",
                            "Plans": [
                              {
                                "Node Type": "Merge Join",
                                "Parent Relationship": "Outer",
                                "Parallel Aware": false,
                                "Join Type": "Inner",
                                "Startup Cost": 982485.73,
                                "Total Cost": 982940.17,
                                "Plan Rows": 15148,
                                "Plan Width": 98,
                                "Actual Startup Time": 4006.391,
                                "Actual Total Time": 4031.796,
                                "Actual Rows": 132964,
                                "Actual Loops": 2,
                                "Inner Unique": true,
                                "Merge Cond": "(cc.status_id = cct2.id)",
                                "Plans": [
                                  {
                                    "Node Type": "Sort",
                                    "Parent Relationship": "Outer",
                                    "Parallel Aware": false,
                                    "Startup Cost": 982484.67,
                                    "Total Cost": 982636.15,
                                    "Plan Rows": 60591,
                                    "Plan Width": 102,
                                    "Actual Startup Time": 3987.114,
                                    "Actual Total Time": 4001.0,
                                    "Actual Rows": 340675,
                                    "Actual Loops": 2,
                                    "Sort Key": [
                                      "cc.status_id"
                                    ],
                                    "Sort Method": "quicksort",
                                    "Sort Space Used": 63360,
                                    "Sort Space Type": "Memory",
                                    "Workers": [
                                      {
                                        "Worker Number": 0,
                                        "Sort Method": "quicksort",
                                        "Sort Space Used": 57095,
                                        "Sort Space Type": "Memory"
                                      }
                                    ],
                                    "Plans": [
                                      {
                                        "Node Type": "Nested Loop",
                                        "Parent Relationship": "Outer",
                                        "Parallel Aware": false,
                                        "Join Type": "Inner",
                                        "Startup Cost": 559066.32,
                                        "Total Cost": 977671.68,
                                        "Plan Rows": 60591,
                                        "Plan Width": 102,
                                        "Actual Startup Time": 3527.096,
                                        "Actual Total Time": 3890.559,
                                        "Actual Rows": 340675,
                                        "Actual Loops": 2,
                                        "Inner Unique": false,
                                        "Plans": [
                                          {
                                            "Node Type": "Hash Join",
                                            "Parent Relationship": "Outer",
                                            "Parallel Aware": false,
                                            "Join Type": "Inner",
                                            "Startup Cost": 559065.89,
                                            "Total Cost": 919669.96,
                                            "Plan Rows": 111001,
                                            "Plan Width": 88,
                                            "Actual Startup Time": 3527.045,
                                            "Actual Total Time": 3664.804,
                                            "Actual Rows": 112610,
                                            "Actual Loops": 2,
                                            "Inner Unique": false,
                                            "Hash Cond": "(mi.movie_id = mk.movie_id)",
                                            "Plans": [
                                              {
                                                "Node Type": "Seq Scan",
                                                "Parent Relationship": "Outer",
                                                "Parallel Aware": true,
                                                "Relation Name": "movie_info",
                                                "Alias": "mi",
                                                "Startup Cost": 0.0,
                                                "Total Cost": 271102.71,
                                                "Plan Rows": 173994,
                                                "Plan Width": 51,
                                                "Actual Startup Time": 471.396,
                                                "Actual Total Time": 771.145,
                                                "Actual Rows": 139267,
                                                "Actual Loops": 2,
                                                "Filter": "(info = ANY ('{Drama,Crime}'::text[]))",
                                                "Rows Removed by Filter": 7278593
                                              },
                                              {
                                                "Node Type": "Hash",
                                                "Parent Relationship": "Inner",
                                                "Parallel Aware": false,
                                                "Startup Cost": 538904.8,
                                                "Total Cost": 538904.8,
                                                "Plan Rows": 1612887,
                                                "Plan Width": 37,
                                                "Actual Startup Time": 2843.062,
                                                "Actual Total Time": 2843.073,
                                                "Actual Rows": 334072,
                                                "Actual Loops": 2,
                                                "Hash Buckets": 2097152,
                                                "Original Hash Buckets": 2097152,
                                                "Hash Batches": 1,
                                                "Original Hash Batches": 1,
                                                "Peak Memory Usage": 39148,
                                                "Plans": [
                                                  {
                                                    "Node Type": "Hash Join",
                                                    "Parent Relationship": "Outer",
                                                    "Parallel Aware": false,
                                                    "Join Type": "Inner",
                                                    "Startup Cost": 84097.83,
                                                    "Total Cost": 538904.8,
                                                    "Plan Rows": 1612887,
                                                    "Plan Width": 37,
                                                    "Actual Startup Time": 665.719,
                                                    "Actual Total Time": 2775.088,
                                                    "Actual Rows": 334072,
                                                    "Actual Loops": 2,
                                                    "Inner Unique": true,
                                                    "Hash Cond": "(mk.movie_id = t.id)",
                                                    "Plans": [
                                                      {
                                                        "Node Type": "Nested Loop",
                                                        "Parent Relationship": "Outer",
                                                        "Parallel Aware": false,
                                                        "Join Type": "Inner",
                                                        "Startup Cost": 1.94,
                                                        "Total Cost": 446697.6,
                                                        "Plan Rows": 3090021,
                                                        "Plan Width": 16,
                                                        "Actual Startup Time": 0.177,
                                                        "Actual Total Time": 1973.877,
                                                        "Actual Rows": 1436647,
                                                        "Actual Loops": 2,
                                                        "Inner Unique": true,
                                                        "Join Filter": "(cc.subject_id = cct1.id)",
                                                        "Rows Removed by Join Filter": 1469440,
                                                        "Plans": [
                                                          {
                                                            "Node Type": "Merge Join",
                                                            "Parent Relationship": "Outer",
                                                            "Parallel Aware": false,
                                                            "Join Type": "Inner",
                                                            "Startup Cost": 1.94,
                                                            "Total Cost": 276745.38,
                                                            "Plan Rows": 6180042,
                                                            "Plan Width": 20,
                                                            "Actual Startup Time": 0.141,
                                                            "Actual Total Time": 1535.406,
                                                            "Actual Rows": 2171367,
                                                            "Actual Loops": 2,
                                                            "Inner Unique": false,
                                                            "Merge Cond": "(cc.movie_id = mk.movie_id)",
                                                            "Plans": [
                                                              {
                                                                "Node Type": "Index Scan",
                                                                "Parent Relationship": "Outer",
                                                                "Parallel Aware": false,
                                                                "Scan Direction": "Forward",
                                                                "Index Name": "movie_id_complete_cast",
                                                                "Relation Name": "complete_cast",
                                                                "Alias": "cc",
                                                                "Startup Cost": 0.42,
                                                                "Total Cost": 6646.43,
                                                                "Plan Rows": 135086,
                                                                "Plan Width": 12,
                                                                "Actual Startup Time": 0.033,
                                                                "Actual Total Time": 36.987,
                                                                "Actual Rows": 132440,
                                                                "Actual Loops": 2
                                                              },
                                                              {
                                                                "Node Type": "Materialize",
                                                                "Parent Relationship": "Inner",
                                                                "Parallel Aware": false,
                                                                "Startup Cost": 0.43,
                                                                "Total Cost": 188467.73,
                                                                "Plan Rows": 4523930,
                                                                "Plan Width": 8,
                                                                "Actual Startup Time": 0.025,
                                                                "Actual Total Time": 1014.77,
                                                                "Actual Rows": 5218744,
                                                                "Actual Loops": 2,
                                                                "Plans": [
                                                                  {
                                                                    "Node Type": "Index Scan",
                                                                    "Parent Relationship": "Outer",
                                                                    "Parallel Aware": false,
                                                                    "Scan Direction": "Forward",
                                                                    "Index Name": "movie_id_movie_keyword",
                                                                    "Relation Name": "movie_keyword",
                                                                    "Alias": "mk",
                                                                    "Startup Cost": 0.43,
                                                                    "Total Cost": 177157.9,
                                                                    "Plan Rows": 4523930,
                                                                    "Plan Width": 8,
                                                                    "Actual Startup Time": 0.02,
                                                                    "Actual Total Time": 579.648,
                                                                    "Actual Rows": 4523930,
                                                                    "Actual Loops": 2
                                                                  }
                                                                ]
                                                              }
                                                            ]
                                                          },
                                                          {
                                                            "Node Type": "Materialize",
                                                            "Parent Relationship": "Inner",
                                                            "Parallel Aware": false,
                                                            "Startup Cost": 0.0,
                                                            "Total Cost": 1.06,
                                                            "Plan Rows": 2,
                                                            "Plan Width": 4,
                                                            "Actual Startup Time": 0.0,
                                                            "Actual Total Time": 0.0,
                                                            "Actual Rows": 1,
                                                            "Actual Loops": 4342734,
                                                            "Plans": [
                                                              {
                                                                "Node Type": "Seq Scan",
                                                                "Parent Relationship": "Outer",
                                                                "Parallel Aware": false,
                                                                "Relation Name": "comp_cast_type",
                                                                "Alias": "cct1",
                                                                "Startup Cost": 0.0,
                                                                "Total Cost": 1.05,
                                                                "Plan Rows": 2,
                                                                "Plan Width": 4,
                                                                "Actual Startup Time": 0.026,
                                                                "Actual Total Time": 0.03,
                                                                "Actual Rows": 2,
                                                                "Actual Loops": 2,
                                                                "Filter": "((kind)::text = ANY ('{complete+verified,cast}'::text[]))",
                                                                "Rows Removed by Filter": 2
                                                              }
                                                            ]
                                                          }
                                                        ]
                                                      },
                                                      {
                                                        "Node Type": "Hash",
                                                        "Parent Relationship": "Inner",
                                                        "Parallel Aware": false,
                                                        "Startup Cost": 67600.46,
                                                        "Total Cost": 67600.46,
                                                        "Plan Rows": 1319634,
                                                        "Plan Width": 21,
                                                        "Actual Startup Time": 659.326,
                                                        "Actual Total Time": 659.328,
                                                        "Actual Rows": 1322863,
                                                        "Actual Loops": 2,
                                                        "Hash Buckets": 2097152,
                                                        "Original Hash Buckets": 2097152,
                                                        "Hash Batches": 1,
                                                        "Original Hash Batches": 1,
                                                        "Peak Memory Usage": 87263,
                                                        "Plans": [
                                                          {
                                                            "Node Type": "Seq Scan",
                                                            "Parent Relationship": "Outer",
                                                            "Parallel Aware": false,
                                                            "Relation Name": "title",
                                                            "Alias": "t",
                                                            "Startup Cost": 0.0,
                                                            "Total Cost": 67600.46,
                                                            "Plan Rows": 1319634,
                                                            "Plan Width": 21,
                                                            "Actual Startup Time": 0.018,
                                                            "Actual Total Time": 304.038,
                                                            "Actual Rows": 1322863,
                                                            "Actual Loops": 2,
                                                            "Filter": "(production_year > 2001)",
                                                            "Rows Removed by Filter": 1205449
                                                          }
                                                        ]
                                                      }
                                                    ]
                                                  }
                                                ]
                                              }
                                            ]
                                          },
                                          {
                                            "Node Type": "Index Scan",
                                            "Parent Relationship": "Inner",
                                            "Parallel Aware": false,
                                            "Scan Direction": "Forward",
                                            "Index Name": "movie_id_movie_info_idx",
                                            "Relation Name": "movie_info_idx",
                                            "Alias": "mi_idx",
                                            "Startup Cost": 0.43,
                                            "Total Cost": 0.49,
                                            "Plan Rows": 3,
                                            "Plan Width": 14,
                                            "Actual Startup Time": 0.001,
                                            "Actual Total Time": 0.002,
                                            "Actual Rows": 3,
                                            "Actual Loops": 225221,
                                            "Index Cond": "(movie_id = mk.movie_id)",
                                            "Rows Removed by Index Recheck": 0
                                          }
                                        ]
                                      }
                                    ]
                                  },
                                  {
                                    "Node Type": "Sort",
                                    "Parent Relationship": "Inner",
                                    "Parallel Aware": false,
                                    "Startup Cost": 1.06,
                                    "Total Cost": 1.06,
                                    "Plan Rows": 1,
                                    "Plan Width": 4,
                                    "Actual Startup Time": 0.034,
                                    "Actual Total Time": 0.035,
                                    "Actual Rows": 1,
                                    "Actual Loops": 2,
                                    "Sort Key": [
                                      "cct2.id"
                                    ],
                                    "Sort Method": "quicksort",
                                    "Sort Space Used": 25,
                                    "Sort Space Type": "Memory",
                                    "Workers": [
                                      {
                                        "Worker Number": 0,
                                        "Sort Method": "quicksort",
                                        "Sort Space Used": 25,
                                        "Sort Space Type": "Memory"
                                      }
                                    ],
                                    "Plans": [
                                      {
                                        "Node Type": "Seq Scan",
                                        "Parent Relationship": "Outer",
                                        "Parallel Aware": false,
                                        "Relation Name": "comp_cast_type",
                                        "Alias": "cct2",
                                        "Startup Cost": 0.0,
                                        "Total Cost": 1.05,
                                        "Plan Rows": 1,
                                        "Plan Width": 4,
                                        "Actual Startup Time": 0.019,
                                        "Actual Total Time": 0.019,
                                        "Actual Rows": 1,
                                        "Actual Loops": 2,
                                        "Filter": "((kind)::text = 'complete+verified'::text)",
                                        "Rows Removed by Filter": 3
                                      }
                                    ]
                                  }
                                ]
                              },
                              {
                                "Node Type": "Hash",
                                "Parent Relationship": "Inner",
                                "Parallel Aware": false,
                                "Startup Cost": 3464.69,
                                "Total Cost": 3464.69,
                                "Plan Rows": 7,
                                "Plan Width": 4,
                                "Actual Startup Time": 38.485,
                                "Actual Total Time": 38.485,
                                "Actual Rows": 7,
                                "Actual Loops": 2,
                                "Hash Buckets": 1024,
                                "Original Hash Buckets": 1024,
                                "Hash Batches": 1,
                                "Original Hash Batches": 1,
                                "Peak Memory Usage": 9,
                                "Plans": [
                                  {
                                    "Node Type": "Seq Scan",
                                    "Parent Relationship": "Outer",
                                    "Parallel Aware": false,
                                    "Relation Name": "keyword",
                                    "Alias": "k",
                                    "Startup Cost": 0.0,
                                    "Total Cost": 3464.69,
                                    "Plan Rows": 7,
                                    "Plan Width": 4,
                                    "Actual Startup Time": 2.647,
                                    "Actual Total Time": 38.459,
                                    "Actual Rows": 7,
                                    "Actual Loops": 2,
                                    "Filter": "(keyword = ANY ('{murder,violence,blood,gore,death,female-nudity,hospital}'::text[]))",
                                    "Rows Removed by Filter": 134163
                                  }
                                ]
                              }
                            ]
                          },
                          {
                            "Node Type": "Index Scan",
                            "Parent Relationship": "Inner",
                            "Parallel Aware": false,
                            "Scan Direction": "Forward",
                            "Index Name": "info_type_pkey",
                            "Relation Name": "info_type",
                            "Alias": "it1",
                            "Startup Cost": 0.14,
                            "Total Cost": 0.16,
                            "Plan Rows": 1,
                            "Plan Width": 4,
                            "Actual Startup Time": 0.001,
                            "Actual Total Time": 0.001,
                            "Actual Rows": 1,
                            "Actual Loops": 4575,
                            "Index Cond": "(id = mi.info_type_id)",
                            "Rows Removed by Index Recheck": 0,
                            "Filter": "((info)::text = 'genres'::text)",
                            "Rows Removed by Filter": 0
                          }
                        ]
                      },
                      {
                        "Node Type": "Index Scan",
                        "Parent Relationship": "Inner",
                        "Parallel Aware": false,
                        "Scan Direction": "Forward",
                        "Index Name": "movie_id_cast_info",
                        "Relation Name": "cast_info",
                        "Alias": "ci",
                        "Startup Cost": 0.56,
                        "Total Cost": 1.71,
                        "Plan Rows": 1,
                        "Plan Width": 8,
                        "Actual Startup Time": 0.056,
                        "Actual Total Time": 0.077,
                        "Actual Rows": 1,
                        "Actual Loops": 4575,
                        "Index Cond": "(movie_id = mk.movie_id)",
                        "Rows Removed by Index Recheck": 0,
                        "Filter": "(note = ANY ('{(writer),\"(head writer)\",\"(written by)\",(story),\"(story editor)\"}'::text[]))",
                        "Rows Removed by Filter": 146
                      }
                    ]
                  },
                  {
                    "Node Type": "Index Scan",
                    "Parent Relationship": "Inner",
                    "Parallel Aware": false,
                    "Scan Direction": "Forward",
                    "Index Name": "name_pkey",
                    "Relation Name": "name",
                    "Alias": "n",
                    "Startup Cost": 0.43,
                    "Total Cost": 0.69,
                    "Plan Rows": 1,
                    "Plan Width": 19,
                    "Actual Startup Time": 0.002,
                    "Actual Total Time": 0.002,
                    "Actual Rows": 1,
                    "Actual Loops": 3590,
                    "Index Cond": "(id = ci.person_id)",
                    "Rows Removed by Index Recheck": 0,
                    "Filter": "((gender)::text = 'm'::text)",
                    "Rows Removed by Filter": 0
                  }
                ]
              },
              {
                "Node Type": "Index Scan",
                "Parent Relationship": "Inner",
                "Parallel Aware": false,
                "Scan Direction": "Forward",
                "Index Name": "info_type_pkey",
                "Relation Name": "info_type",
                "Alias": "it2",
                "Startup Cost": 0.14,
                "Total Cost": 0.16,
                "Plan Rows": 1,
                "Plan Width": 4,
                "Actual Startup Time": 0.001,
                "Actual Total Time": 0.001,
                "Actual Rows": 0,
                "Actual Loops": 2549,
                "Index Cond": "(id = mi_idx.info_type_id)",
                "Rows Removed by Index Recheck": 0,
                "Filter": "((info)::text = 'votes'::text)",
                "Rows Removed by Filter": 1
              }
            ]
          }
        ]
      }
    ]
  },
  "Planning Time": 3.763,
  "Triggers": [],
  "Execution Time": 4400.536
}