[
  {
    "Plan": {
      "Node Type": "Aggregate",
      "Strategy": "Plain",
      "Partial Mode": "Finalize",
      "Parallel Aware": false,
      "Startup Cost": 376981.74,
      "Total Cost": 376981.75,
      "Plan Rows": 1,
      "Plan Width": 8,
      "Actual Startup Time": 1358.94,
      "Actual Total Time": 1426.919,
      "Actual Rows": 1,
      "Actual Loops": 1,
      "Plans": [
        {
          "Node Type": "Gather",
          "Parent Relationship": "Outer",
          "Parallel Aware": false,
          "Startup Cost": 376981.12,
          "Total Cost": 376981.73,
          "Plan Rows": 6,
          "Plan Width": 8,
          "Actual Startup Time": 1357.794,
          "Actual Total Time": 1426.907,
          "Actual Rows": 7,
          "Actual Loops": 1,
          "Workers Planned": 6,
          "Workers Launched": 6,
          "Single Copy": false,
          "Plans": [
            {
              "Node Type": "Aggregate",
              "Strategy": "Plain",
              "Partial Mode": "Partial",
              "Parent Relationship": "Outer",
              "Parallel Aware": false,
              "Startup Cost": 375981.12,
              "Total Cost": 375981.13,
              "Plan Rows": 1,
              "Plan Width": 8,
              "Actual Startup Time": 1347.326,
              "Actual Total Time": 1347.329,
              "Actual Rows": 1,
              "Actual Loops": 7,
              "Plans": [
                {
                  "Node Type": "Hash Join",
                  "Parent Relationship": "Outer",
                  "Parallel Aware": true,
                  "Join Type": "Inner",
                  "Startup Cost": 46023.75,
                  "Total Cost": 374940.55,
                  "Plan Rows": 416228,
                  "Plan Width": 0,
                  "Actual Startup Time": 83.506,
                  "Actual Total Time": 1327.8,
                  "Actual Rows": 388229,
                  "Actual Loops": 7,
                  "Inner Unique": true,
                  "Hash Cond": "(ci.movie_id = t.id)",
                  "Plans": [
                    {
                      "Node Type": "Seq Scan",
                      "Parent Relationship": "Outer",
                      "Parallel Aware": true,
                      "Relation Name": "cast_info",
                      "Alias": "ci",
                      "Startup Cost": 0.0,
                      "Total Cost": 313067.02,
                      "Plan Rows": 6038002,
                      "Plan Width": 4,
                      "Actual Startup Time": 0.02,
                      "Actual Total Time": 518.413,
                      "Actual Rows": 5177763,
                      "Actual Loops": 7
                    },
                    {
                      "Node Type": "Hash",
                      "Parent Relationship": "Inner",
                      "Parallel Aware": true,
                      "Startup Cost": 45479.1,
                      "Total Cost": 45479.1,
                      "Plan Rows": 43572,
                      "Plan Width": 4,
                      "Actual Startup Time": 81.518,
                      "Actual Total Time": 81.519,
                      "Actual Rows": 22898,
                      "Actual Loops": 7,
                      "Hash Buckets": 262144,
                      "Original Hash Buckets": 262144,
                      "Hash Batches": 1,
                      "Original Hash Batches": 1,
                      "Peak Memory Usage": 8416,
                      "Plans": [
                        {
                          "Node Type": "Seq Scan",
                          "Parent Relationship": "Outer",
                          "Parallel Aware": true,
                          "Relation Name": "title",
                          "Alias": "t",
                          "Startup Cost": 0.0,
                          "Total Cost": 45479.1,
                          "Plan Rows": 43572,
                          "Plan Width": 4,
                          "Actual Startup Time": 41.169,
                          "Actual Total Time": 73.102,
                          "Actual Rows": 22898,
                          "Actual Loops": 7,
                          "Filter": "((production_year > 2008) AND (kind_id = 1))",
                          "Rows Removed by Filter": 338289
                        }
                      ]
                    }
                  ]
                }
              ]
            }
          ]
        }
      ]
    },
    "Planning Time": 0.609,
    "Triggers": [],
    "Execution Time": 1427.006
  }
]