[
  {
    "Plan": {
      "Node Type": "Aggregate",
      "Strategy": "Plain",
      "Partial Mode": "Finalize",
      "Parallel Aware": false,
      "Startup Cost": 160127.18,
      "Total Cost": 160127.19,
      "Plan Rows": 1,
      "Plan Width": 8,
      "Actual Startup Time": 1264.608,
      "Actual Total Time": 1295.931,
      "Actual Rows": 1,
      "Actual Loops": 1,
      "Plans": [
        {
          "Node Type": "Gather",
          "Parent Relationship": "Outer",
          "Parallel Aware": false,
          "Startup Cost": 160126.86,
          "Total Cost": 160127.17,
          "Plan Rows": 3,
          "Plan Width": 8,
          "Actual Startup Time": 1247.244,
          "Actual Total Time": 1295.923,
          "Actual Rows": 4,
          "Actual Loops": 1,
          "Workers Planned": 3,
          "Workers Launched": 3,
          "Single Copy": false,
          "Plans": [
            {
              "Node Type": "Aggregate",
              "Strategy": "Plain",
              "Partial Mode": "Partial",
              "Parent Relationship": "Outer",
              "Parallel Aware": false,
              "Startup Cost": 159126.86,
              "Total Cost": 159126.87,
              "Plan Rows": 1,
              "Plan Width": 8,
              "Actual Startup Time": 1238.542,
              "Actual Total Time": 1238.549,
              "Actual Rows": 1,
              "Actual Loops": 4,
              "Plans": [
                {
                  "Node Type": "Hash Join",
                  "Parent Relationship": "Outer",
                  "Parallel Aware": true,
                  "Join Type": "Inner",
                  "Startup Cost": 126899.33,
                  "Total Cost": 158090.87,
                  "Plan Rows": 414395,
                  "Plan Width": 0,
                  "Actual Startup Time": 915.531,
                  "Actual Total Time": 1212.384,
                  "Actual Rows": 560234,
                  "Actual Loops": 4,
                  "Inner Unique": false,
                  "Hash Cond": "(mc.movie_id = t.id)",
                  "Plans": [
                    {
                      "Node Type": "Seq Scan",
                      "Parent Relationship": "Outer",
                      "Parallel Aware": true,
                      "Relation Name": "movie_companies",
                      "Alias": "mc",
                      "Startup Cost": 0.0,
                      "Total Cost": 27206.55,
                      "Plan Rows": 841655,
                      "Plan Width": 4,
                      "Actual Startup Time": 0.012,
                      "Actual Total Time": 64.51,
                      "Actual Rows": 652282,
                      "Actual Loops": 4
                    },
                    {
                      "Node Type": "Hash",
                      "Parent Relationship": "Inner",
                      "Parallel Aware": true,
                      "Startup Cost": 123787.1,
                      "Total Cost": 123787.1,
                      "Plan Rows": 248978,
                      "Plan Width": 8,
                      "Actual Startup Time": 911.058,
                      "Actual Total Time": 911.063,
                      "Actual Rows": 364110,
                      "Actual Loops": 4,
                      "Hash Buckets": 2097152,
                      "Original Hash Buckets": 2097152,
                      "Hash Batches": 1,
                      "Original Hash Batches": 1,
                      "Peak Memory Usage": 73376,
                      "Plans": [
                        {
                          "Node Type": "Hash Join",
                          "Parent Relationship": "Outer",
                          "Parallel Aware": true,
                          "Join Type": "Inner",
                          "Startup Cost": 50220.95,
                          "Total Cost": 123787.1,
                          "Plan Rows": 248978,
                          "Plan Width": 8,
                          "Actual Startup Time": 380.076,
                          "Actual Total Time": 750.436,
                          "Actual Rows": 364110,
                          "Actual Loops": 4,
                          "Inner Unique": true,
                          "Hash Cond": "(ci.movie_id = t.id)",
                          "Plans": [
                            {
                              "Node Type": "Index Scan",
                              "Parent Relationship": "Outer",
                              "Parallel Aware": true,
                              "Scan Direction": "Forward",
                              "Index Name": "role_id_cast_info",
                              "Relation Name": "cast_info",
                              "Alias": "ci",
                              "Startup Cost": 0.56,
                              "Total Cost": 72913.16,
                              "Plan Rows": 248978,
                              "Plan Width": 4,
                              "Actual Startup Time": 0.343,
                              "Actual Total Time": 154.106,
                              "Actual Rows": 364110,
                              "Actual Loops": 4,
                              "Index Cond": "(role_id = 4)",
                              "Rows Removed by Index Recheck": 0,
                              "Filter": "(person_id > 1960841)",
                              "Rows Removed by Filter": 318126
                            },
                            {
                              "Node Type": "Hash",
                              "Parent Relationship": "Inner",
                              "Parallel Aware": true,
                              "Startup Cost": 42319.06,
                              "Total Cost": 42319.06,
                              "Plan Rows": 632106,
                              "Plan Width": 4,
                              "Actual Startup Time": 372.896,
                              "Actual Total Time": 372.898,
                              "Actual Rows": 632078,
                              "Actual Loops": 4,
                              "Hash Buckets": 4194304,
                              "Original Hash Buckets": 4194304,
                              "Hash Batches": 1,
                              "Original Hash Batches": 1,
                              "Peak Memory Usage": 131744,
                              "Plans": [
                                {
                                  "Node Type": "Seq Scan",
                                  "Parent Relationship": "Outer",
                                  "Parallel Aware": true,
                                  "Relation Name": "title",
                                  "Alias": "t",
                                  "Startup Cost": 0.0,
                                  "Total Cost": 42319.06,
                                  "Plan Rows": 632106,
                                  "Plan Width": 4,
                                  "Actual Startup Time": 0.048,
                                  "Actual Total Time": 108.416,
                                  "Actual Rows": 632078,
                                  "Actual Loops": 4
                                }
                              ]
                            }
                          ]
                        }
                      ]
                    }
                  ]
                }
              ]
            }
          ]
        }
      ]
    },
    "Planning Time": 0.431,
    "Triggers": [],
    "Execution Time": 1295.976
  }
]