{
  "Plan": {
    "Node Type": "Aggregate",
    "Strategy": "Plain",
    "Partial Mode": "Finalize",
    "Parallel Aware": false,
    "Startup Cost": 102793.38,
    "Total Cost": 102793.39,
    "Plan Rows": 1,
    "Plan Width": 8,
    "Actual Startup Time": 359.75,
    "Actual Total Time": 384.662,
    "Actual Rows": 1,
    "Actual Loops": 1,
    "Plans": [
      {
        "Node Type": "Gather",
        "Parent Relationship": "Outer",
        "Parallel Aware": false,
        "Startup Cost": 102793.27,
        "Total Cost": 102793.38,
        "Plan Rows": 1,
        "Plan Width": 8,
        "Actual Startup Time": 359.55,
        "Actual Total Time": 384.655,
        "Actual Rows": 2,
        "Actual Loops": 1,
        "Workers Planned": 1,
        "Workers Launched": 1,
        "Single Copy": false,
        "Plans": [
          {
            "Node Type": "Aggregate",
            "Strategy": "Plain",
            "Partial Mode": "Partial",
            "Parent Relationship": "Outer",
            "Parallel Aware": false,
            "Startup Cost": 101793.27,
            "Total Cost": 101793.28,
            "Plan Rows": 1,
            "Plan Width": 8,
            "Actual Startup Time": 353.204,
            "Actual Total Time": 353.208,
            "Actual Rows": 1,
            "Actual Loops": 2,
            "Plans": [
              {
                "Node Type": "Nested Loop",
                "Parent Relationship": "Outer",
                "Parallel Aware": false,
                "Join Type": "Inner",
                "Startup Cost": 58354.04,
                "Total Cost": 101790.91,
                "Plan Rows": 941,
                "Plan Width": 0,
                "Actual Startup Time": 147.153,
                "Actual Total Time": 352.881,
                "Actual Rows": 5764,
                "Actual Loops": 2,
                "Inner Unique": false,
                "Join Filter": "(t.id = mi.movie_id)",
                "Rows Removed by Join Filter": 0,
                "Plans": [
                  {
                    "Node Type": "Hash Join",
                    "Parent Relationship": "Outer",
                    "Parallel Aware": true,
                    "Join Type": "Inner",
                    "Startup Cost": 58353.61,
                    "Total Cost": 98157.99,
                    "Plan Rows": 1768,
                    "Plan Width": 8,
                    "Actual Startup Time": 146.652,
                    "Actual Total Time": 296.942,
                    "Actual Rows": 2453,
                    "Actual Loops": 2,
                    "Inner Unique": true,
                    "Hash Cond": "(mc.movie_id = t.id)",
                    "Plans": [
                      {
                        "Node Type": "Seq Scan",
                        "Parent Relationship": "Outer",
                        "Parallel Aware": true,
                        "Relation Name": "movie_companies",
                        "Alias": "mc",
                        "Startup Cost": 0.0,
                        "Total Cost": 37974.77,
                        "Plan Rows": 696994,
                        "Plan Width": 4,
                        "Actual Startup Time": 0.015,
                        "Actual Total Time": 107.818,
                        "Actual Rows": 591988,
                        "Actual Loops": 2,
                        "Filter": "(company_id < 10321)",
                        "Rows Removed by Filter": 712576
                      },
                      {
                        "Node Type": "Hash",
                        "Parent Relationship": "Inner",
                        "Parallel Aware": true,
                        "Startup Cost": 58306.47,
                        "Total Cost": 58306.47,
                        "Plan Rows": 3771,
                        "Plan Width": 4,
                        "Actual Startup Time": 145.086,
                        "Actual Total Time": 145.087,
                        "Actual Rows": 3045,
                        "Actual Loops": 2,
                        "Hash Buckets": 8192,
                        "Original Hash Buckets": 8192,
                        "Hash Batches": 1,
                        "Original Hash Batches": 1,
                        "Peak Memory Usage": 352,
                        "Plans": [
                          {
                            "Node Type": "Seq Scan",
                            "Parent Relationship": "Outer",
                            "Parallel Aware": true,
                            "Relation Name": "title",
                            "Alias": "t",
                            "Startup Cost": 0.0,
                            "Total Cost": 58306.47,
                            "Plan Rows": 3771,
                            "Plan Width": 4,
                            "Actual Startup Time": 0.52,
                            "Actual Total Time": 143.763,
                            "Actual Rows": 3045,
                            "Actual Loops": 2,
                            "Filter": "((kind_id < 7) AND (production_year = 1968))",
                            "Rows Removed by Filter": 1261111
                          }
                        ]
                      }
                    ]
                  },
                  {
                    "Node Type": "Index Scan",
                    "Parent Relationship": "Inner",
                    "Parallel Aware": false,
                    "Scan Direction": "Forward",
                    "Index Name": "movie_id_movie_info",
                    "Relation Name": "movie_info",
                    "Alias": "mi",
                    "Startup Cost": 0.43,
                    "Total Cost": 2.0,
                    "Plan Rows": 4,
                    "Plan Width": 4,
                    "Actual Startup Time": 0.014,
                    "Actual Total Time": 0.022,
                    "Actual Rows": 2,
                    "Actual Loops": 4906,
                    "Index Cond": "(movie_id = mc.movie_id)",
                    "Rows Removed by Index Recheck": 0,
                    "Filter": "(info_type_id = 7)",
                    "Rows Removed by Filter": 37
                  }
                ]
              }
            ]
          }
        ]
      }
    ]
  },
  "Planning Time": 0.966,
  "Triggers": [],
  "Execution Time": 384.749
}