[
  {
    "Plan": {
      "Node Type": "Aggregate",
      "Strategy": "Plain",
      "Partial Mode": "Finalize",
      "Parallel Aware": false,
      "Startup Cost": 46504.45,
      "Total Cost": 46504.46,
      "Plan Rows": 1,
      "Plan Width": 8,
      "Actual Startup Time": 89.11,
      "Actual Total Time": 99.993,
      "Actual Rows": 1,
      "Actual Loops": 1,
      "Plans": [
        {
          "Node Type": "Gather",
          "Parent Relationship": "Outer",
          "Parallel Aware": false,
          "Startup Cost": 46504.03,
          "Total Cost": 46504.44,
          "Plan Rows": 4,
          "Plan Width": 8,
          "Actual Startup Time": 88.763,
          "Actual Total Time": 99.986,
          "Actual Rows": 5,
          "Actual Loops": 1,
          "Workers Planned": 4,
          "Workers Launched": 4,
          "Single Copy": false,
          "Plans": [
            {
              "Node Type": "Aggregate",
              "Strategy": "Plain",
              "Partial Mode": "Partial",
              "Parent Relationship": "Outer",
              "Parallel Aware": false,
              "Startup Cost": 45504.03,
              "Total Cost": 45504.04,
              "Plan Rows": 1,
              "Plan Width": 8,
              "Actual Startup Time": 81.574,
              "Actual Total Time": 81.576,
              "Actual Rows": 1,
              "Actual Loops": 5,
              "Plans": [
                {
                  "Node Type": "Seq Scan",
                  "Parent Relationship": "Outer",
                  "Parallel Aware": true,
                  "Relation Name": "title",
                  "Alias": "t",
                  "Startup Cost": 0.0,
                  "Total Cost": 45479.59,
                  "Plan Rows": 9777,
                  "Plan Width": 0,
                  "Actual Startup Time": 0.07,
                  "Actual Total Time": 80.782,
                  "Actual Rows": 8597,
                  "Actual Loops": 5,
                  "Filter": "((kind_id > 1) AND (production_year = 1999))",
                  "Rows Removed by Filter": 497065
                }
              ]
            }
          ]
        }
      ]
    },
    "Planning Time": 0.082,
    "Triggers": [],
    "Execution Time": 100.021
  }
]