[
  {
    "Plan": {
      "Node Type": "Aggregate",
      "Strategy": "Plain",
      "Partial Mode": "Finalize",
      "Parallel Aware": false,
      "Startup Cost": 40283.22,
      "Total Cost": 40283.23,
      "Plan Rows": 1,
      "Plan Width": 8,
      "Actual Startup Time": 59.807,
      "Actual Total Time": 66.989,
      "Actual Rows": 1,
      "Actual Loops": 1,
      "Plans": [
        {
          "Node Type": "Gather",
          "Parent Relationship": "Outer",
          "Parallel Aware": false,
          "Startup Cost": 40282.8,
          "Total Cost": 40283.21,
          "Plan Rows": 4,
          "Plan Width": 8,
          "Actual Startup Time": 59.406,
          "Actual Total Time": 66.984,
          "Actual Rows": 5,
          "Actual Loops": 1,
          "Workers Planned": 4,
          "Workers Launched": 4,
          "Single Copy": false,
          "Plans": [
            {
              "Node Type": "Aggregate",
              "Strategy": "Plain",
              "Partial Mode": "Partial",
              "Parent Relationship": "Outer",
              "Parallel Aware": false,
              "Startup Cost": 39282.8,
              "Total Cost": 39282.81,
              "Plan Rows": 1,
              "Plan Width": 8,
              "Actual Startup Time": 53.485,
              "Actual Total Time": 53.486,
              "Actual Rows": 1,
              "Actual Loops": 5,
              "Plans": [
                {
                  "Node Type": "Nested Loop",
                  "Parent Relationship": "Outer",
                  "Parallel Aware": false,
                  "Join Type": "Inner",
                  "Startup Cost": 1698.01,
                  "Total Cost": 39282.42,
                  "Plan Rows": 152,
                  "Plan Width": 0,
                  "Actual Startup Time": 14.579,
                  "Actual Total Time": 53.458,
                  "Actual Rows": 190,
                  "Actual Loops": 5,
                  "Inner Unique": false,
                  "Plans": [
                    {
                      "Node Type": "Bitmap Heap Scan",
                      "Parent Relationship": "Outer",
                      "Parallel Aware": true,
                      "Relation Name": "title",
                      "Alias": "t",
                      "Startup Cost": 1697.57,
                      "Total Cost": 38052.08,
                      "Plan Rows": 127,
                      "Plan Width": 4,
                      "Actual Startup Time": 14.281,
                      "Actual Total Time": 51.52,
                      "Actual Rows": 125,
                      "Actual Loops": 5,
                      "Recheck Cond": "(kind_id = 2)",
                      "Rows Removed by Index Recheck": 0,
                      "Filter": "(production_year = 1973)",
                      "Rows Removed by Filter": 18045,
                      "Exact Heap Blocks": 12684,
                      "Lossy Heap Blocks": 0,
                      "Plans": [
                        {
                          "Node Type": "Bitmap Index Scan",
                          "Parent Relationship": "Outer",
                          "Parallel Aware": false,
                          "Index Name": "kind_id_title",
                          "Startup Cost": 0.0,
                          "Total Cost": 1697.45,
                          "Plan Rows": 95069,
                          "Plan Width": 0,
                          "Actual Startup Time": 10.595,
                          "Actual Total Time": 10.595,
                          "Actual Rows": 90852,
                          "Actual Loops": 1,
                          "Index Cond": "(kind_id = 2)"
                        }
                      ]
                    },
                    {
                      "Node Type": "Index Scan",
                      "Parent Relationship": "Inner",
                      "Parallel Aware": false,
                      "Scan Direction": "Forward",
                      "Index Name": "movie_id_movie_keyword",
                      "Relation Name": "movie_keyword",
                      "Alias": "mk",
                      "Startup Cost": 0.43,
                      "Total Cost": 9.38,
                      "Plan Rows": 31,
                      "Plan Width": 4,
                      "Actual Startup Time": 0.014,
                      "Actual Total Time": 0.015,
                      "Actual Rows": 2,
                      "Actual Loops": 627,
                      "Index Cond": "(movie_id = t.id)",
                      "Rows Removed by Index Recheck": 0,
                      "Filter": "(keyword_id < 11172)",
                      "Rows Removed by Filter": 0
                    }
                  ]
                }
              ]
            }
          ]
        }
      ]
    },
    "Planning Time": 0.348,
    "Triggers": [],
    "Execution Time": 67.038
  }
]