[
  {
    "Plan": {
      "Node Type": "Aggregate",
      "Strategy": "Plain",
      "Partial Mode": "Finalize",
      "Parallel Aware": false,
      "Startup Cost": 96677.0,
      "Total Cost": 96677.01,
      "Plan Rows": 1,
      "Plan Width": 8,
      "Actual Startup Time": 670.504,
      "Actual Total Time": 687.472,
      "Actual Rows": 1,
      "Actual Loops": 1,
      "Plans": [
        {
          "Node Type": "Gather",
          "Parent Relationship": "Outer",
          "Parallel Aware": false,
          "Startup Cost": 96676.79,
          "Total Cost": 96677.0,
          "Plan Rows": 2,
          "Plan Width": 8,
          "Actual Startup Time": 666.3,
          "Actual Total Time": 687.462,
          "Actual Rows": 3,
          "Actual Loops": 1,
          "Workers Planned": 2,
          "Workers Launched": 2,
          "Single Copy": false,
          "Plans": [
            {
              "Node Type": "Aggregate",
              "Strategy": "Plain",
              "Partial Mode": "Partial",
              "Parent Relationship": "Outer",
              "Parallel Aware": false,
              "Startup Cost": 95676.79,
              "Total Cost": 95676.8,
              "Plan Rows": 1,
              "Plan Width": 8,
              "Actual Startup Time": 658.599,
              "Actual Total Time": 658.734,
              "Actual Rows": 1,
              "Actual Loops": 3,
              "Plans": [
                {
                  "Node Type": "Hash Join",
                  "Parent Relationship": "Outer",
                  "Parallel Aware": true,
                  "Join Type": "Inner",
                  "Startup Cost": 79700.39,
                  "Total Cost": 95609.89,
                  "Plan Rows": 26759,
                  "Plan Width": 0,
                  "Actual Startup Time": 566.09,
                  "Actual Total Time": 654.49,
                  "Actual Rows": 103472,
                  "Actual Loops": 3,
                  "Inner Unique": false,
                  "Hash Cond": "(mi_idx.movie_id = t.id)",
                  "Plans": [
                    {
                      "Node Type": "Seq Scan",
                      "Parent Relationship": "Outer",
                      "Parallel Aware": true,
                      "Relation Name": "movie_info_idx",
                      "Alias": "mi_idx",
                      "Startup Cost": 0.0,
                      "Total Cost": 15122.68,
                      "Plan Rows": 191978,
                      "Plan Width": 4,
                      "Actual Startup Time": 0.025,
                      "Actual Total Time": 36.013,
                      "Actual Rows": 153308,
                      "Actual Loops": 3,
                      "Filter": "(info_type_id = 101)",
                      "Rows Removed by Filter": 306703
                    },
                    {
                      "Node Type": "Hash",
                      "Parent Relationship": "Inner",
                      "Parallel Aware": true,
                      "Startup Cost": 78599.12,
                      "Total Cost": 78599.12,
                      "Plan Rows": 88102,
                      "Plan Width": 8,
                      "Actual Startup Time": 561.537,
                      "Actual Total Time": 561.671,
                      "Actual Rows": 224244,
                      "Actual Loops": 3,
                      "Hash Buckets": 1048576,
                      "Original Hash Buckets": 524288,
                      "Hash Batches": 1,
                      "Original Hash Batches": 1,
                      "Peak Memory Usage": 38624,
                      "Plans": [
                        {
                          "Node Type": "Hash Join",
                          "Parent Relationship": "Outer",
                          "Parallel Aware": true,
                          "Join Type": "Inner",
                          "Startup Cost": 32835.82,
                          "Total Cost": 78599.12,
                          "Plan Rows": 88102,
                          "Plan Width": 8,
                          "Actual Startup Time": 165.701,
                          "Actual Total Time": 492.029,
                          "Actual Rows": 224244,
                          "Actual Loops": 3,
                          "Inner Unique": false,
                          "Hash Cond": "(t.id = mc.movie_id)",
                          "Plans": [
                            {
                              "Node Type": "Seq Scan",
                              "Parent Relationship": "Outer",
                              "Parallel Aware": true,
                              "Relation Name": "title",
                              "Alias": "t",
                              "Startup Cost": 0.0,
                              "Total Cost": 42318.73,
                              "Plan Rows": 632073,
                              "Plan Width": 4,
                              "Actual Startup Time": 0.008,
                              "Actual Total Time": 89.598,
                              "Actual Rows": 842771,
                              "Actual Loops": 3
                            },
                            {
                              "Node Type": "Hash",
                              "Parent Relationship": "Inner",
                              "Parallel Aware": true,
                              "Startup Cost": 31414.82,
                              "Total Cost": 31414.82,
                              "Plan Rows": 113680,
                              "Plan Width": 4,
                              "Actual Startup Time": 163.065,
                              "Actual Total Time": 163.067,
                              "Actual Rows": 224244,
                              "Actual Loops": 3,
                              "Hash Buckets": 1048576,
                              "Original Hash Buckets": 524288,
                              "Hash Batches": 1,
                              "Original Hash Batches": 1,
                              "Peak Memory Usage": 38656,
                              "Plans": [
                                {
                                  "Node Type": "Seq Scan",
                                  "Parent Relationship": "Outer",
                                  "Parallel Aware": true,
                                  "Relation Name": "movie_companies",
                                  "Alias": "mc",
                                  "Startup Cost": 0.0,
                                  "Total Cost": 31414.82,
                                  "Plan Rows": 113680,
                                  "Plan Width": 4,
                                  "Actual Startup Time": 55.645,
                                  "Actual Total Time": 101.184,
                                  "Actual Rows": 224244,
                                  "Actual Loops": 3,
                                  "Filter": "((company_id > 43941) AND (company_type_id = 2))",
                                  "Rows Removed by Filter": 645465
                                }
                              ]
                            }
                          ]
                        }
                      ]
                    }
                  ]
                }
              ]
            }
          ]
        }
      ]
    },
    "Planning Time": 1.558,
    "Triggers": [],
    "Execution Time": 687.563
  }
]