[
  {
    "Plan": {
      "Node Type": "Aggregate",
      "Strategy": "Plain",
      "Partial Mode": "Finalize",
      "Parallel Aware": false,
      "Startup Cost": 40021.11,
      "Total Cost": 40021.12,
      "Plan Rows": 1,
      "Plan Width": 8,
      "Actual Startup Time": 123.395,
      "Actual Total Time": 132.254,
      "Actual Rows": 1,
      "Actual Loops": 1,
      "Plans": [
        {
          "Node Type": "Gather",
          "Parent Relationship": "Outer",
          "Parallel Aware": false,
          "Startup Cost": 40020.79,
          "Total Cost": 40021.1,
          "Plan Rows": 3,
          "Plan Width": 8,
          "Actual Startup Time": 123.168,
          "Actual Total Time": 132.245,
          "Actual Rows": 4,
          "Actual Loops": 1,
          "Workers Planned": 3,
          "Workers Launched": 3,
          "Single Copy": false,
          "Plans": [
            {
              "Node Type": "Aggregate",
              "Strategy": "Plain",
              "Partial Mode": "Partial",
              "Parent Relationship": "Outer",
              "Parallel Aware": false,
              "Startup Cost": 39020.79,
              "Total Cost": 39020.8,
              "Plan Rows": 1,
              "Plan Width": 8,
              "Actual Startup Time": 117.958,
              "Actual Total Time": 117.96,
              "Actual Rows": 1,
              "Actual Loops": 4,
              "Plans": [
                {
                  "Node Type": "Bitmap Heap Scan",
                  "Parent Relationship": "Outer",
                  "Parallel Aware": true,
                  "Relation Name": "movie_keyword",
                  "Alias": "mk",
                  "Startup Cost": 11861.47,
                  "Total Cost": 38569.9,
                  "Plan Rows": 180355,
                  "Plan Width": 0,
                  "Actual Startup Time": 37.257,
                  "Actual Total Time": 110.386,
                  "Actual Rows": 139576,
                  "Actual Loops": 4,
                  "Recheck Cond": "(keyword_id > 32935)",
                  "Rows Removed by Index Recheck": 0,
                  "Exact Heap Blocks": 9273,
                  "Lossy Heap Blocks": 0,
                  "Plans": [
                    {
                      "Node Type": "Bitmap Index Scan",
                      "Parent Relationship": "Outer",
                      "Parallel Aware": false,
                      "Index Name": "keyword_id_movie_keyword",
                      "Startup Cost": 0.0,
                      "Total Cost": 11721.69,
                      "Plan Rows": 559101,
                      "Plan Width": 0,
                      "Actual Startup Time": 38.548,
                      "Actual Total Time": 38.549,
                      "Actual Rows": 558302,
                      "Actual Loops": 1,
                      "Index Cond": "(keyword_id > 32935)"
                    }
                  ]
                }
              ]
            }
          ]
        }
      ]
    },
    "Planning Time": 0.062,
    "Triggers": [],
    "Execution Time": 132.288
  }
]