{
  "Plan": {
    "Node Type": "Aggregate",
    "Strategy": "Plain",
    "Partial Mode": "Simple",
    "Parallel Aware": false,
    "Startup Cost": 1262.27,
    "Total Cost": 1262.28,
    "Plan Rows": 1,
    "Plan Width": 8,
    "Actual Startup Time": 2.117,
    "Actual Total Time": 2.12,
    "Actual Rows": 1,
    "Actual Loops": 1,
    "Plans": [
      {
        "Node Type": "Nested Loop",
        "Parent Relationship": "Outer",
        "Parallel Aware": false,
        "Join Type": "Inner",
        "Startup Cost": 1.42,
        "Total Cost": 1261.9,
        "Plan Rows": 150,
        "Plan Width": 0,
        "Actual Startup Time": 0.32,
        "Actual Total Time": 2.087,
        "Actual Rows": 114,
        "Actual Loops": 1,
        "Inner Unique": false,
        "Plans": [
          {
            "Node Type": "Nested Loop",
            "Parent Relationship": "Outer",
            "Parallel Aware": false,
            "Join Type": "Inner",
            "Startup Cost": 0.86,
            "Total Cost": 1143.92,
            "Plan Rows": 40,
            "Plan Width": 8,
            "Actual Startup Time": 0.146,
            "Actual Total Time": 0.443,
            "Actual Rows": 12,
            "Actual Loops": 1,
            "Inner Unique": true,
            "Plans": [
              {
                "Node Type": "Index Scan",
                "Parent Relationship": "Outer",
                "Parallel Aware": false,
                "Scan Direction": "Forward",
                "Index Name": "company_id_movie_companies",
                "Relation Name": "movie_companies",
                "Alias": "mc",
                "Startup Cost": 0.43,
                "Total Cost": 273.57,
                "Plan Rows": 103,
                "Plan Width": 4,
                "Actual Startup Time": 0.117,
                "Actual Total Time": 0.156,
                "Actual Rows": 12,
                "Actual Loops": 1,
                "Index Cond": "(company_id = 3210)",
                "Rows Removed by Index Recheck": 0
              },
              {
                "Node Type": "Index Scan",
                "Parent Relationship": "Inner",
                "Parallel Aware": false,
                "Scan Direction": "Forward",
                "Index Name": "title_pkey",
                "Relation Name": "title",
                "Alias": "t",
                "Startup Cost": 0.43,
                "Total Cost": 8.45,
                "Plan Rows": 1,
                "Plan Width": 4,
                "Actual Startup Time": 0.022,
                "Actual Total Time": 0.022,
                "Actual Rows": 1,
                "Actual Loops": 12,
                "Index Cond": "(id = mc.movie_id)",
                "Rows Removed by Index Recheck": 0,
                "Filter": "(kind_id < 7)",
                "Rows Removed by Filter": 0
              }
            ]
          },
          {
            "Node Type": "Index Scan",
            "Parent Relationship": "Inner",
            "Parallel Aware": false,
            "Scan Direction": "Forward",
            "Index Name": "movie_id_cast_info",
            "Relation Name": "cast_info",
            "Alias": "ci",
            "Startup Cost": 0.56,
            "Total Cost": 2.85,
            "Plan Rows": 10,
            "Plan Width": 4,
            "Actual Startup Time": 0.099,
            "Actual Total Time": 0.133,
            "Actual Rows": 10,
            "Actual Loops": 12,
            "Index Cond": "(movie_id = t.id)",
            "Rows Removed by Index Recheck": 0,
            "Filter": "(role_id > 4)",
            "Rows Removed by Filter": 16
          }
        ]
      }
    ]
  },
  "Planning Time": 1.116,
  "Triggers": [],
  "Execution Time": 2.198
}