[
  {
    "Plan": {
      "Node Type": "Aggregate",
      "Strategy": "Plain",
      "Partial Mode": "Finalize",
      "Parallel Aware": false,
      "Startup Cost": 272274.2,
      "Total Cost": 272274.21,
      "Plan Rows": 1,
      "Plan Width": 8,
      "Actual Startup Time": 914.042,
      "Actual Total Time": 962.366,
      "Actual Rows": 1,
      "Actual Loops": 1,
      "Plans": [
        {
          "Node Type": "Gather",
          "Parent Relationship": "Outer",
          "Parallel Aware": false,
          "Startup Cost": 272273.67,
          "Total Cost": 272274.18,
          "Plan Rows": 5,
          "Plan Width": 8,
          "Actual Startup Time": 910.091,
          "Actual Total Time": 962.356,
          "Actual Rows": 6,
          "Actual Loops": 1,
          "Workers Planned": 5,
          "Workers Launched": 5,
          "Single Copy": false,
          "Plans": [
            {
              "Node Type": "Aggregate",
              "Strategy": "Plain",
              "Partial Mode": "Partial",
              "Parent Relationship": "Outer",
              "Parallel Aware": false,
              "Startup Cost": 271273.67,
              "Total Cost": 271273.68,
              "Plan Rows": 1,
              "Plan Width": 8,
              "Actual Startup Time": 901.665,
              "Actual Total Time": 901.824,
              "Actual Rows": 1,
              "Actual Loops": 6,
              "Plans": [
                {
                  "Node Type": "Hash Join",
                  "Parent Relationship": "Outer",
                  "Parallel Aware": true,
                  "Join Type": "Inner",
                  "Startup Cost": 64073.85,
                  "Total Cost": 270476.17,
                  "Plan Rows": 319002,
                  "Plan Width": 0,
                  "Actual Startup Time": 275.873,
                  "Actual Total Time": 877.747,
                  "Actual Rows": 607966,
                  "Actual Loops": 6,
                  "Inner Unique": false,
                  "Hash Cond": "(mi.movie_id = t.id)",
                  "Plans": [
                    {
                      "Node Type": "Seq Scan",
                      "Parent Relationship": "Outer",
                      "Parallel Aware": true,
                      "Relation Name": "movie_info",
                      "Alias": "mi",
                      "Startup Cost": 0.0,
                      "Total Cost": 198952.16,
                      "Plan Rows": 1774040,
                      "Plan Width": 4,
                      "Actual Startup Time": 0.031,
                      "Actual Total Time": 322.647,
                      "Actual Rows": 1494449,
                      "Actual Loops": 6,
                      "Filter": "(info_type_id < 15)",
                      "Rows Removed by Filter": 978171
                    },
                    {
                      "Node Type": "Hash",
                      "Parent Relationship": "Inner",
                      "Parallel Aware": true,
                      "Startup Cost": 62653.12,
                      "Total Cost": 62653.12,
                      "Plan Rows": 113658,
                      "Plan Width": 8,
                      "Actual Startup Time": 272.216,
                      "Actual Total Time": 272.374,
                      "Actual Rows": 76654,
                      "Actual Loops": 6,
                      "Hash Buckets": 524288,
                      "Original Hash Buckets": 524288,
                      "Hash Batches": 1,
                      "Original Hash Batches": 1,
                      "Peak Memory Usage": 22176,
                      "Plans": [
                        {
                          "Node Type": "Hash Join",
                          "Parent Relationship": "Outer",
                          "Parallel Aware": true,
                          "Join Type": "Inner",
                          "Startup Cost": 17490.54,
                          "Total Cost": 62653.12,
                          "Plan Rows": 113658,
                          "Plan Width": 8,
                          "Actual Startup Time": 77.992,
                          "Actual Total Time": 242.197,
                          "Actual Rows": 76654,
                          "Actual Loops": 6,
                          "Inner Unique": false,
                          "Hash Cond": "(t.id = mi_idx.movie_id)",
                          "Plans": [
                            {
                              "Node Type": "Seq Scan",
                              "Parent Relationship": "Outer",
                              "Parallel Aware": true,
                              "Relation Name": "title",
                              "Alias": "t",
                              "Startup Cost": 0.0,
                              "Total Cost": 42318.73,
                              "Plan Rows": 632073,
                              "Plan Width": 4,
                              "Actual Startup Time": 0.009,
                              "Actual Total Time": 58.531,
                              "Actual Rows": 421385,
                              "Actual Loops": 6
                            },
                            {
                              "Node Type": "Hash",
                              "Parent Relationship": "Inner",
                              "Parallel Aware": true,
                              "Startup Cost": 15122.68,
                              "Total Cost": 15122.68,
                              "Plan Rows": 189429,
                              "Plan Width": 4,
                              "Actual Startup Time": 76.671,
                              "Actual Total Time": 76.672,
                              "Actual Rows": 76654,
                              "Actual Loops": 6,
                              "Hash Buckets": 524288,
                              "Original Hash Buckets": 524288,
                              "Hash Batches": 1,
                              "Original Hash Batches": 1,
                              "Peak Memory Usage": 22176,
                              "Plans": [
                                {
                                  "Node Type": "Seq Scan",
                                  "Parent Relationship": "Outer",
                                  "Parallel Aware": true,
                                  "Relation Name": "movie_info_idx",
                                  "Alias": "mi_idx",
                                  "Startup Cost": 0.0,
                                  "Total Cost": 15122.68,
                                  "Plan Rows": 189429,
                                  "Plan Width": 4,
                                  "Actual Startup Time": 0.075,
                                  "Actual Total Time": 36.31,
                                  "Actual Rows": 76654,
                                  "Actual Loops": 6,
                                  "Filter": "(info_type_id = 99)",
                                  "Rows Removed by Filter": 153352
                                }
                              ]
                            }
                          ]
                        }
                      ]
                    }
                  ]
                }
              ]
            }
          ]
        }
      ]
    },
    "Planning Time": 1.329,
    "Triggers": [],
    "Execution Time": 962.461
  }
]