[
  {
    "Plan": {
      "Node Type": "Aggregate",
      "Strategy": "Plain",
      "Partial Mode": "Finalize",
      "Parallel Aware": false,
      "Startup Cost": 32223.98,
      "Total Cost": 32223.99,
      "Plan Rows": 1,
      "Plan Width": 8,
      "Actual Startup Time": 117.175,
      "Actual Total Time": 125.019,
      "Actual Rows": 1,
      "Actual Loops": 1,
      "Plans": [
        {
          "Node Type": "Gather",
          "Parent Relationship": "Outer",
          "Parallel Aware": false,
          "Startup Cost": 32223.66,
          "Total Cost": 32223.97,
          "Plan Rows": 3,
          "Plan Width": 8,
          "Actual Startup Time": 117.062,
          "Actual Total Time": 125.008,
          "Actual Rows": 4,
          "Actual Loops": 1,
          "Workers Planned": 3,
          "Workers Launched": 3,
          "Single Copy": false,
          "Plans": [
            {
              "Node Type": "Aggregate",
              "Strategy": "Plain",
              "Partial Mode": "Partial",
              "Parent Relationship": "Outer",
              "Parallel Aware": false,
              "Startup Cost": 31223.66,
              "Total Cost": 31223.67,
              "Plan Rows": 1,
              "Plan Width": 8,
              "Actual Startup Time": 110.715,
              "Actual Total Time": 110.716,
              "Actual Rows": 1,
              "Actual Loops": 4,
              "Plans": [
                {
                  "Node Type": "Seq Scan",
                  "Parent Relationship": "Outer",
                  "Parallel Aware": true,
                  "Relation Name": "movie_companies",
                  "Alias": "mc",
                  "Startup Cost": 0.0,
                  "Total Cost": 29310.68,
                  "Plan Rows": 765191,
                  "Plan Width": 0,
                  "Actual Startup Time": 0.036,
                  "Actual Total Time": 82.92,
                  "Actual Rows": 593559,
                  "Actual Loops": 4,
                  "Filter": "(company_id < 104187)",
                  "Rows Removed by Filter": 58724
                }
              ]
            }
          ]
        }
      ]
    },
    "Planning Time": 0.203,
    "Triggers": [],
    "Execution Time": 125.079
  }
]