{
  "Plan": {
    "Node Type": "Aggregate",
    "Strategy": "Plain",
    "Partial Mode": "Finalize",
    "Parallel Aware": false,
    "Startup Cost": 128594.24,
    "Total Cost": 128594.25,
    "Plan Rows": 1,
    "Plan Width": 8,
    "Actual Startup Time": 994.997,
    "Actual Total Time": 1015.78,
    "Actual Rows": 1,
    "Actual Loops": 1,
    "Plans": [
      {
        "Node Type": "Gather",
        "Parent Relationship": "Outer",
        "Parallel Aware": false,
        "Startup Cost": 128594.13,
        "Total Cost": 128594.24,
        "Plan Rows": 1,
        "Plan Width": 8,
        "Actual Startup Time": 987.227,
        "Actual Total Time": 1015.766,
        "Actual Rows": 2,
        "Actual Loops": 1,
        "Workers Planned": 1,
        "Workers Launched": 1,
        "Single Copy": false,
        "Plans": [
          {
            "Node Type": "Aggregate",
            "Strategy": "Plain",
            "Partial Mode": "Partial",
            "Parent Relationship": "Outer",
            "Parallel Aware": false,
            "Startup Cost": 127594.13,
            "Total Cost": 127594.14,
            "Plan Rows": 1,
            "Plan Width": 8,
            "Actual Startup Time": 975.584,
            "Actual Total Time": 975.591,
            "Actual Rows": 1,
            "Actual Loops": 2,
            "Plans": [
              {
                "Node Type": "Nested Loop",
                "Parent Relationship": "Outer",
                "Parallel Aware": false,
                "Join Type": "Inner",
                "Startup Cost": 71306.56,
                "Total Cost": 127554.29,
                "Plan Rows": 15937,
                "Plan Width": 0,
                "Actual Startup Time": 676.14,
                "Actual Total Time": 965.435,
                "Actual Rows": 179261,
                "Actual Loops": 2,
                "Inner Unique": false,
                "Plans": [
                  {
                    "Node Type": "Hash Join",
                    "Parent Relationship": "Outer",
                    "Parallel Aware": true,
                    "Join Type": "Inner",
                    "Startup Cost": 71306.13,
                    "Total Cost": 96532.75,
                    "Plan Rows": 51082,
                    "Plan Width": 8,
                    "Actual Startup Time": 676.063,
                    "Actual Total Time": 737.353,
                    "Actual Rows": 42600,
                    "Actual Loops": 2,
                    "Inner Unique": true,
                    "Hash Cond": "(mk.movie_id = t.id)",
                    "Plans": [
                      {
                        "Node Type": "Bitmap Heap Scan",
                        "Parent Relationship": "Outer",
                        "Parallel Aware": true,
                        "Relation Name": "movie_keyword",
                        "Alias": "mk",
                        "Startup Cost": 1845.43,
                        "Total Cost": 26937.96,
                        "Plan Rows": 51082,
                        "Plan Width": 4,
                        "Actual Startup Time": 8.05,
                        "Actual Total Time": 48.339,
                        "Actual Rows": 42600,
                        "Actual Loops": 2,
                        "Recheck Cond": "(keyword_id > 86299)",
                        "Rows Removed by Index Recheck": 0,
                        "Exact Heap Blocks": 10546,
                        "Lossy Heap Blocks": 0,
                        "Plans": [
                          {
                            "Node Type": "Bitmap Index Scan",
                            "Parent Relationship": "Outer",
                            "Parallel Aware": false,
                            "Index Name": "keyword_id_movie_keyword",
                            "Startup Cost": 0.0,
                            "Total Cost": 1823.72,
                            "Plan Rows": 86839,
                            "Plan Width": 0,
                            "Actual Startup Time": 5.73,
                            "Actual Total Time": 5.731,
                            "Actual Rows": 85201,
                            "Actual Loops": 1,
                            "Index Cond": "(keyword_id > 86299)"
                          }
                        ]
                      },
                      {
                        "Node Type": "Hash",
                        "Parent Relationship": "Inner",
                        "Parallel Aware": true,
                        "Startup Cost": 50870.31,
                        "Total Cost": 50870.31,
                        "Plan Rows": 1487231,
                        "Plan Width": 4,
                        "Actual Startup Time": 646.244,
                        "Actual Total Time": 646.246,
                        "Actual Rows": 1264156,
                        "Actual Loops": 2,
                        "Hash Buckets": 4194304,
                        "Original Hash Buckets": 4194304,
                        "Hash Batches": 1,
                        "Original Hash Batches": 1,
                        "Peak Memory Usage": 131712,
                        "Plans": [
                          {
                            "Node Type": "Seq Scan",
                            "Parent Relationship": "Outer",
                            "Parallel Aware": true,
                            "Relation Name": "title",
                            "Alias": "t",
                            "Startup Cost": 0.0,
                            "Total Cost": 50870.31,
                            "Plan Rows": 1487231,
                            "Plan Width": 4,
                            "Actual Startup Time": 0.026,
                            "Actual Total Time": 192.294,
                            "Actual Rows": 1264156,
                            "Actual Loops": 2
                          }
                        ]
                      }
                    ]
                  },
                  {
                    "Node Type": "Index Scan",
                    "Parent Relationship": "Inner",
                    "Parallel Aware": false,
                    "Scan Direction": "Forward",
                    "Index Name": "movie_id_movie_companies",
                    "Relation Name": "movie_companies",
                    "Alias": "mc",
                    "Startup Cost": 0.43,
                    "Total Cost": 0.59,
                    "Plan Rows": 2,
                    "Plan Width": 4,
                    "Actual Startup Time": 0.003,
                    "Actual Total Time": 0.005,
                    "Actual Rows": 4,
                    "Actual Loops": 85201,
                    "Index Cond": "(movie_id = t.id)",
                    "Rows Removed by Index Recheck": 0,
                    "Filter": "((company_id > 4808) AND (company_type_id < 2))",
                    "Rows Removed by Filter": 6
                  }
                ]
              }
            ]
          }
        ]
      }
    ]
  },
  "Planning Time": 1.207,
  "Triggers": [],
  "Execution Time": 1015.894
}