[
  {
    "Plan": {
      "Node Type": "Aggregate",
      "Strategy": "Plain",
      "Partial Mode": "Finalize",
      "Parallel Aware": false,
      "Startup Cost": 84136.4,
      "Total Cost": 84136.41,
      "Plan Rows": 1,
      "Plan Width": 8,
      "Actual Startup Time": 507.125,
      "Actual Total Time": 523.984,
      "Actual Rows": 1,
      "Actual Loops": 1,
      "Plans": [
        {
          "Node Type": "Gather",
          "Parent Relationship": "Outer",
          "Parallel Aware": false,
          "Startup Cost": 84136.09,
          "Total Cost": 84136.4,
          "Plan Rows": 3,
          "Plan Width": 8,
          "Actual Startup Time": 494.011,
          "Actual Total Time": 523.975,
          "Actual Rows": 4,
          "Actual Loops": 1,
          "Workers Planned": 3,
          "Workers Launched": 3,
          "Single Copy": false,
          "Plans": [
            {
              "Node Type": "Aggregate",
              "Strategy": "Plain",
              "Partial Mode": "Partial",
              "Parent Relationship": "Outer",
              "Parallel Aware": false,
              "Startup Cost": 83136.09,
              "Total Cost": 83136.1,
              "Plan Rows": 1,
              "Plan Width": 8,
              "Actual Startup Time": 484.052,
              "Actual Total Time": 484.056,
              "Actual Rows": 1,
              "Actual Loops": 4,
              "Plans": [
                {
                  "Node Type": "Hash Join",
                  "Parent Relationship": "Outer",
                  "Parallel Aware": true,
                  "Join Type": "Inner",
                  "Startup Cost": 50682.69,
                  "Total Cost": 82735.79,
                  "Plan Rows": 160120,
                  "Plan Width": 0,
                  "Actual Startup Time": 349.92,
                  "Actual Total Time": 479.269,
                  "Actual Rows": 93632,
                  "Actual Loops": 4,
                  "Inner Unique": true,
                  "Hash Cond": "(mc.movie_id = t.id)",
                  "Plans": [
                    {
                      "Node Type": "Seq Scan",
                      "Parent Relationship": "Outer",
                      "Parallel Aware": true,
                      "Relation Name": "movie_companies",
                      "Alias": "mc",
                      "Startup Cost": 0.0,
                      "Total Cost": 31414.82,
                      "Plan Rows": 243155,
                      "Plan Width": 4,
                      "Actual Startup Time": 35.274,
                      "Actual Total Time": 76.996,
                      "Actual Rows": 240740,
                      "Actual Loops": 4,
                      "Filter": "((company_id > 8681) AND (company_type_id > 1))",
                      "Rows Removed by Filter": 411542
                    },
                    {
                      "Node Type": "Hash",
                      "Parent Relationship": "Inner",
                      "Parallel Aware": true,
                      "Startup Cost": 45479.59,
                      "Total Cost": 45479.59,
                      "Plan Rows": 416248,
                      "Plan Width": 4,
                      "Actual Startup Time": 308.883,
                      "Actual Total Time": 308.884,
                      "Actual Rows": 442102,
                      "Actual Loops": 4,
                      "Hash Buckets": 2097152,
                      "Original Hash Buckets": 2097152,
                      "Hash Batches": 1,
                      "Original Hash Batches": 1,
                      "Peak Memory Usage": 85600,
                      "Plans": [
                        {
                          "Node Type": "Seq Scan",
                          "Parent Relationship": "Outer",
                          "Parallel Aware": true,
                          "Relation Name": "title",
                          "Alias": "t",
                          "Startup Cost": 0.0,
                          "Total Cost": 45479.59,
                          "Plan Rows": 416248,
                          "Plan Width": 4,
                          "Actual Startup Time": 0.046,
                          "Actual Total Time": 127.514,
                          "Actual Rows": 442102,
                          "Actual Loops": 4,
                          "Filter": "((kind_id > 1) AND (production_year > 1956))",
                          "Rows Removed by Filter": 189976
                        }
                      ]
                    }
                  ]
                }
              ]
            }
          ]
        }
      ]
    },
    "Planning Time": 0.506,
    "Triggers": [],
    "Execution Time": 524.029
  }
]