[
  {
    "Plan": {
      "Node Type": "Aggregate",
      "Strategy": "Plain",
      "Partial Mode": "Finalize",
      "Parallel Aware": false,
      "Startup Cost": 109681.78,
      "Total Cost": 109681.79,
      "Plan Rows": 1,
      "Plan Width": 8,
      "Actual Startup Time": 455.765,
      "Actual Total Time": 475.315,
      "Actual Rows": 1,
      "Actual Loops": 1,
      "Plans": [
        {
          "Node Type": "Gather",
          "Parent Relationship": "Outer",
          "Parallel Aware": false,
          "Startup Cost": 109681.47,
          "Total Cost": 109681.78,
          "Plan Rows": 3,
          "Plan Width": 8,
          "Actual Startup Time": 450.078,
          "Actual Total Time": 475.305,
          "Actual Rows": 4,
          "Actual Loops": 1,
          "Workers Planned": 3,
          "Workers Launched": 3,
          "Single Copy": false,
          "Plans": [
            {
              "Node Type": "Aggregate",
              "Strategy": "Plain",
              "Partial Mode": "Partial",
              "Parent Relationship": "Outer",
              "Parallel Aware": false,
              "Startup Cost": 108681.47,
              "Total Cost": 108681.48,
              "Plan Rows": 1,
              "Plan Width": 8,
              "Actual Startup Time": 443.991,
              "Actual Total Time": 444.219,
              "Actual Rows": 1,
              "Actual Loops": 4,
              "Plans": [
                {
                  "Node Type": "Hash Join",
                  "Parent Relationship": "Outer",
                  "Parallel Aware": true,
                  "Join Type": "Inner",
                  "Startup Cost": 64690.44,
                  "Total Cost": 108632.58,
                  "Plan Rows": 19555,
                  "Plan Width": 0,
                  "Actual Startup Time": 320.292,
                  "Actual Total Time": 443.084,
                  "Actual Rows": 22132,
                  "Actual Loops": 4,
                  "Inner Unique": false,
                  "Hash Cond": "(mk.movie_id = t.id)",
                  "Plans": [
                    {
                      "Node Type": "Seq Scan",
                      "Parent Relationship": "Outer",
                      "Parallel Aware": true,
                      "Relation Name": "movie_keyword",
                      "Alias": "mk",
                      "Startup Cost": 0.0,
                      "Total Cost": 42695.65,
                      "Plan Rows": 310669,
                      "Plan Width": 4,
                      "Actual Startup Time": 1.499,
                      "Actual Total Time": 96.678,
                      "Actual Rows": 241688,
                      "Actual Loops": 4,
                      "Filter": "(keyword_id > 19724)",
                      "Rows Removed by Filter": 889295
                    },
                    {
                      "Node Type": "Hash",
                      "Parent Relationship": "Inner",
                      "Parallel Aware": true,
                      "Startup Cost": 63861.55,
                      "Total Cost": 63861.55,
                      "Plan Rows": 66311,
                      "Plan Width": 8,
                      "Actual Startup Time": 316.49,
                      "Actual Total Time": 316.716,
                      "Actual Rows": 27050,
                      "Actual Loops": 4,
                      "Hash Buckets": 262144,
                      "Original Hash Buckets": 262144,
                      "Hash Batches": 1,
                      "Original Hash Batches": 1,
                      "Peak Memory Usage": 6336,
                      "Plans": [
                        {
                          "Node Type": "Hash Join",
                          "Parent Relationship": "Outer",
                          "Parallel Aware": true,
                          "Join Type": "Inner",
                          "Startup Cost": 48240.76,
                          "Total Cost": 63861.55,
                          "Plan Rows": 66311,
                          "Plan Width": 8,
                          "Actual Startup Time": 224.626,
                          "Actual Total Time": 307.051,
                          "Actual Rows": 27050,
                          "Actual Loops": 4,
                          "Inner Unique": true,
                          "Hash Cond": "(mi_idx.movie_id = t.id)",
                          "Plans": [
                            {
                              "Node Type": "Seq Scan",
                              "Parent Relationship": "Outer",
                              "Parallel Aware": true,
                              "Relation Name": "movie_info_idx",
                              "Alias": "mi_idx",
                              "Startup Cost": 0.0,
                              "Total Cost": 15122.68,
                              "Plan Rows": 189755,
                              "Plan Width": 4,
                              "Actual Startup Time": 0.013,
                              "Actual Total Time": 35.994,
                              "Actual Rows": 114981,
                              "Actual Loops": 4,
                              "Filter": "(info_type_id = 99)",
                              "Rows Removed by Filter": 230028
                            },
                            {
                              "Node Type": "Hash",
                              "Parent Relationship": "Inner",
                              "Parallel Aware": true,
                              "Startup Cost": 45479.59,
                              "Total Cost": 45479.59,
                              "Plan Rows": 220894,
                              "Plan Width": 4,
                              "Actual Startup Time": 220.732,
                              "Actual Total Time": 220.734,
                              "Actual Rows": 236932,
                              "Actual Loops": 4,
                              "Hash Buckets": 1048576,
                              "Original Hash Buckets": 1048576,
                              "Hash Batches": 1,
                              "Original Hash Batches": 1,
                              "Peak Memory Usage": 45344,
                              "Plans": [
                                {
                                  "Node Type": "Seq Scan",
                                  "Parent Relationship": "Outer",
                                  "Parallel Aware": true,
                                  "Relation Name": "title",
                                  "Alias": "t",
                                  "Startup Cost": 0.0,
                                  "Total Cost": 45479.59,
                                  "Plan Rows": 220894,
                                  "Plan Width": 4,
                                  "Actual Startup Time": 0.05,
                                  "Actual Total Time": 117.022,
                                  "Actual Rows": 236932,
                                  "Actual Loops": 4,
                                  "Filter": "((kind_id > 1) AND (production_year > 2003))",
                                  "Rows Removed by Filter": 395146
                                }
                              ]
                            }
                          ]
                        }
                      ]
                    }
                  ]
                }
              ]
            }
          ]
        }
      ]
    },
    "Planning Time": 1.279,
    "Triggers": [],
    "Execution Time": 475.394
  }
]