[
  {
    "Plan": {
      "Node Type": "Aggregate",
      "Strategy": "Plain",
      "Partial Mode": "Finalize",
      "Parallel Aware": false,
      "Startup Cost": 109712.85,
      "Total Cost": 109712.86,
      "Plan Rows": 1,
      "Plan Width": 8,
      "Actual Startup Time": 418.552,
      "Actual Total Time": 438.398,
      "Actual Rows": 1,
      "Actual Loops": 1,
      "Plans": [
        {
          "Node Type": "Gather",
          "Parent Relationship": "Outer",
          "Parallel Aware": false,
          "Startup Cost": 109712.53,
          "Total Cost": 109712.84,
          "Plan Rows": 3,
          "Plan Width": 8,
          "Actual Startup Time": 412.976,
          "Actual Total Time": 438.39,
          "Actual Rows": 4,
          "Actual Loops": 1,
          "Workers Planned": 3,
          "Workers Launched": 3,
          "Single Copy": false,
          "Plans": [
            {
              "Node Type": "Aggregate",
              "Strategy": "Plain",
              "Partial Mode": "Partial",
              "Parent Relationship": "Outer",
              "Parallel Aware": false,
              "Startup Cost": 108712.53,
              "Total Cost": 108712.54,
              "Plan Rows": 1,
              "Plan Width": 8,
              "Actual Startup Time": 400.497,
              "Actual Total Time": 400.503,
              "Actual Rows": 1,
              "Actual Loops": 4,
              "Plans": [
                {
                  "Node Type": "Hash Join",
                  "Parent Relationship": "Outer",
                  "Parallel Aware": true,
                  "Join Type": "Inner",
                  "Startup Cost": 64711.51,
                  "Total Cost": 108663.05,
                  "Plan Rows": 19794,
                  "Plan Width": 0,
                  "Actual Startup Time": 280.735,
                  "Actual Total Time": 399.413,
                  "Actual Rows": 22132,
                  "Actual Loops": 4,
                  "Inner Unique": false,
                  "Hash Cond": "(mk.movie_id = t.id)",
                  "Plans": [
                    {
                      "Node Type": "Seq Scan",
                      "Parent Relationship": "Outer",
                      "Parallel Aware": true,
                      "Relation Name": "movie_keyword",
                      "Alias": "mk",
                      "Startup Cost": 0.0,
                      "Total Cost": 42695.65,
                      "Plan Rows": 312909,
                      "Plan Width": 4,
                      "Actual Startup Time": 1.52,
                      "Actual Total Time": 94.499,
                      "Actual Rows": 241688,
                      "Actual Loops": 4,
                      "Filter": "(keyword_id > 19724)",
                      "Rows Removed by Filter": 889295
                    },
                    {
                      "Node Type": "Hash",
                      "Parent Relationship": "Inner",
                      "Parallel Aware": true,
                      "Startup Cost": 63878.51,
                      "Total Cost": 63878.51,
                      "Plan Rows": 66640,
                      "Plan Width": 8,
                      "Actual Startup Time": 276.536,
                      "Actual Total Time": 276.54,
                      "Actual Rows": 27050,
                      "Actual Loops": 4,
                      "Hash Buckets": 262144,
                      "Original Hash Buckets": 262144,
                      "Hash Batches": 1,
                      "Original Hash Batches": 1,
                      "Peak Memory Usage": 6336,
                      "Plans": [
                        {
                          "Node Type": "Hash Join",
                          "Parent Relationship": "Outer",
                          "Parallel Aware": true,
                          "Join Type": "Inner",
                          "Startup Cost": 48258.57,
                          "Total Cost": 63878.51,
                          "Plan Rows": 66640,
                          "Plan Width": 8,
                          "Actual Startup Time": 195.425,
                          "Actual Total Time": 268.496,
                          "Actual Rows": 27050,
                          "Actual Loops": 4,
                          "Inner Unique": true,
                          "Hash Cond": "(mi_idx.movie_id = t.id)",
                          "Plans": [
                            {
                              "Node Type": "Seq Scan",
                              "Parent Relationship": "Outer",
                              "Parallel Aware": true,
                              "Relation Name": "movie_info_idx",
                              "Alias": "mi_idx",
                              "Startup Cost": 0.0,
                              "Total Cost": 15122.68,
                              "Plan Rows": 189429,
                              "Plan Width": 4,
                              "Actual Startup Time": 0.035,
                              "Actual Total Time": 31.423,
                              "Actual Rows": 114981,
                              "Actual Loops": 4,
                              "Filter": "(info_type_id = 99)",
                              "Rows Removed by Filter": 230028
                            },
                            {
                              "Node Type": "Hash",
                              "Parent Relationship": "Inner",
                              "Parallel Aware": true,
                              "Startup Cost": 45479.1,
                              "Total Cost": 45479.1,
                              "Plan Rows": 222358,
                              "Plan Width": 4,
                              "Actual Startup Time": 191.539,
                              "Actual Total Time": 191.54,
                              "Actual Rows": 236932,
                              "Actual Loops": 4,
                              "Hash Buckets": 1048576,
                              "Original Hash Buckets": 1048576,
                              "Hash Batches": 1,
                              "Original Hash Batches": 1,
                              "Peak Memory Usage": 45376,
                              "Plans": [
                                {
                                  "Node Type": "Seq Scan",
                                  "Parent Relationship": "Outer",
                                  "Parallel Aware": true,
                                  "Relation Name": "title",
                                  "Alias": "t",
                                  "Startup Cost": 0.0,
                                  "Total Cost": 45479.1,
                                  "Plan Rows": 222358,
                                  "Plan Width": 4,
                                  "Actual Startup Time": 0.037,
                                  "Actual Total Time": 109.257,
                                  "Actual Rows": 236932,
                                  "Actual Loops": 4,
                                  "Filter": "((kind_id > 1) AND (production_year > 2003))",
                                  "Rows Removed by Filter": 395146
                                }
                              ]
                            }
                          ]
                        }
                      ]
                    }
                  ]
                }
              ]
            }
          ]
        }
      ]
    },
    "Planning Time": 1.358,
    "Triggers": [],
    "Execution Time": 438.479
  }
]