[
  {
    "Plan": {
      "Node Type": "Aggregate",
      "Strategy": "Plain",
      "Partial Mode": "Finalize",
      "Parallel Aware": false,
      "Startup Cost": 36778.08,
      "Total Cost": 36778.09,
      "Plan Rows": 1,
      "Plan Width": 8,
      "Actual Startup Time": 143.499,
      "Actual Total Time": 151.911,
      "Actual Rows": 1,
      "Actual Loops": 1,
      "Plans": [
        {
          "Node Type": "Gather",
          "Parent Relationship": "Outer",
          "Parallel Aware": false,
          "Startup Cost": 36777.76,
          "Total Cost": 36778.07,
          "Plan Rows": 3,
          "Plan Width": 8,
          "Actual Startup Time": 143.181,
          "Actual Total Time": 151.9,
          "Actual Rows": 4,
          "Actual Loops": 1,
          "Workers Planned": 3,
          "Workers Launched": 3,
          "Single Copy": false,
          "Plans": [
            {
              "Node Type": "Aggregate",
              "Strategy": "Plain",
              "Partial Mode": "Partial",
              "Parent Relationship": "Outer",
              "Parallel Aware": false,
              "Startup Cost": 35777.76,
              "Total Cost": 35777.77,
              "Plan Rows": 1,
              "Plan Width": 8,
              "Actual Startup Time": 136.967,
              "Actual Total Time": 136.969,
              "Actual Rows": 1,
              "Actual Loops": 4,
              "Plans": [
                {
                  "Node Type": "Bitmap Heap Scan",
                  "Parent Relationship": "Outer",
                  "Parallel Aware": true,
                  "Relation Name": "movie_keyword",
                  "Alias": "mk",
                  "Startup Cost": 9220.75,
                  "Total Cost": 35427.26,
                  "Plan Rows": 140201,
                  "Plan Width": 0,
                  "Actual Startup Time": 54.007,
                  "Actual Total Time": 129.402,
                  "Actual Rows": 106054,
                  "Actual Loops": 4,
                  "Recheck Cond": "(keyword_id > 41199)",
                  "Rows Removed by Index Recheck": 0,
                  "Exact Heap Blocks": 8107,
                  "Lossy Heap Blocks": 0,
                  "Plans": [
                    {
                      "Node Type": "Bitmap Index Scan",
                      "Parent Relationship": "Outer",
                      "Parallel Aware": false,
                      "Index Name": "keyword_id_movie_keyword",
                      "Startup Cost": 0.0,
                      "Total Cost": 9112.1,
                      "Plan Rows": 434622,
                      "Plan Width": 0,
                      "Actual Startup Time": 53.904,
                      "Actual Total Time": 53.905,
                      "Actual Rows": 424218,
                      "Actual Loops": 1,
                      "Index Cond": "(keyword_id > 41199)"
                    }
                  ]
                }
              ]
            }
          ]
        }
      ]
    },
    "Planning Time": 0.187,
    "Triggers": [],
    "Execution Time": 151.991
  }
]