{
  "Plan": {
    "Node Type": "Aggregate",
    "Strategy": "Plain",
    "Partial Mode": "Finalize",
    "Parallel Aware": false,
    "Startup Cost": 75044.12,
    "Total Cost": 75044.13,
    "Plan Rows": 1,
    "Plan Width": 68,
    "Actual Startup Time": 162.124,
    "Actual Total Time": 184.507,
    "Actual Rows": 1,
    "Actual Loops": 1,
    "Plans": [
      {
        "Node Type": "Gather",
        "Parent Relationship": "Outer",
        "Parallel Aware": false,
        "Startup Cost": 75043.68,
        "Total Cost": 75044.09,
        "Plan Rows": 4,
        "Plan Width": 68,
        "Actual Startup Time": 161.902,
        "Actual Total Time": 184.491,
        "Actual Rows": 5,
        "Actual Loops": 1,
        "Workers Planned": 4,
        "Workers Launched": 4,
        "Single Copy": false,
        "Plans": [
          {
            "Node Type": "Aggregate",
            "Strategy": "Plain",
            "Partial Mode": "Partial",
            "Parent Relationship": "Outer",
            "Parallel Aware": false,
            "Startup Cost": 74043.68,
            "Total Cost": 74043.69,
            "Plan Rows": 1,
            "Plan Width": 68,
            "Actual Startup Time": 150.021,
            "Actual Total Time": 150.031,
            "Actual Rows": 1,
            "Actual Loops": 5,
            "Plans": [
              {
                "Node Type": "Hash Join",
                "Parent Relationship": "Outer",
                "Parallel Aware": false,
                "Join Type": "Inner",
                "Startup Cost": 29695.03,
                "Total Cost": 74043.67,
                "Plan Rows": 2,
                "Plan Width": 45,
                "Actual Startup Time": 144.086,
                "Actual Total Time": 150.02,
                "Actual Rows": 0,
                "Actual Loops": 5,
                "Inner Unique": false,
                "Hash Cond": "(t.id = mc.movie_id)",
                "Plans": [
                  {
                    "Node Type": "Seq Scan",
                    "Parent Relationship": "Outer",
                    "Parallel Aware": true,
                    "Relation Name": "title",
                    "Alias": "t",
                    "Startup Cost": 0.0,
                    "Total Cost": 43899.59,
                    "Plan Rows": 119740,
                    "Plan Width": 25,
                    "Actual Startup Time": 0.068,
                    "Actual Total Time": 116.947,
                    "Actual Rows": 95920,
                    "Actual Loops": 5,
                    "Filter": "(production_year < 1978)",
                    "Rows Removed by Filter": 409742
                  },
                  {
                    "Node Type": "Hash",
                    "Parent Relationship": "Inner",
                    "Parallel Aware": false,
                    "Startup Cost": 29694.38,
                    "Total Cost": 29694.38,
                    "Plan Rows": 52,
                    "Plan Width": 32,
                    "Actual Startup Time": 23.677,
                    "Actual Total Time": 23.686,
                    "Actual Rows": 23,
                    "Actual Loops": 5,
                    "Hash Buckets": 1024,
                    "Original Hash Buckets": 1024,
                    "Hash Batches": 1,
                    "Original Hash Batches": 1,
                    "Peak Memory Usage": 10,
                    "Plans": [
                      {
                        "Node Type": "Hash Join",
                        "Parent Relationship": "Outer",
                        "Parallel Aware": false,
                        "Join Type": "Inner",
                        "Startup Cost": 6243.74,
                        "Total Cost": 29694.38,
                        "Plan Rows": 52,
                        "Plan Width": 32,
                        "Actual Startup Time": 1.894,
                        "Actual Total Time": 23.64,
                        "Actual Rows": 23,
                        "Actual Loops": 5,
                        "Inner Unique": true,
                        "Hash Cond": "(mc.company_type_id = ct.id)",
                        "Plans": [
                          {
                            "Node Type": "Nested Loop",
                            "Parent Relationship": "Outer",
                            "Parallel Aware": false,
                            "Join Type": "Inner",
                            "Startup Cost": 6242.68,
                            "Total Cost": 29692.19,
                            "Plan Rows": 209,
                            "Plan Width": 36,
                            "Actual Startup Time": 1.73,
                            "Actual Total Time": 23.455,
                            "Actual Rows": 23,
                            "Actual Loops": 5,
                            "Inner Unique": false,
                            "Plans": [
                              {
                                "Node Type": "Nested Loop",
                                "Parent Relationship": "Outer",
                                "Parallel Aware": false,
                                "Join Type": "Inner",
                                "Startup Cost": 6242.25,
                                "Total Cost": 21942.36,
                                "Plan Rows": 12213,
                                "Plan Width": 4,
                                "Actual Startup Time": 0.389,
                                "Actual Total Time": 0.605,
                                "Actual Rows": 250,
                                "Actual Loops": 5,
                                "Inner Unique": false,
                                "Plans": [
                                  {
                                    "Node Type": "Seq Scan",
                                    "Parent Relationship": "Outer",
                                    "Parallel Aware": false,
                                    "Relation Name": "info_type",
                                    "Alias": "it",
                                    "Startup Cost": 0.0,
                                    "Total Cost": 2.41,
                                    "Plan Rows": 1,
                                    "Plan Width": 4,
                                    "Actual Startup Time": 0.07,
                                    "Actual Total Time": 0.072,
                                    "Actual Rows": 1,
                                    "Actual Loops": 5,
                                    "Filter": "((info)::text = 'top 250 rank'::text)",
                                    "Rows Removed by Filter": 112
                                  },
                                  {
                                    "Node Type": "Bitmap Heap Scan",
                                    "Parent Relationship": "Inner",
                                    "Parallel Aware": false,
                                    "Relation Name": "movie_info_idx",
                                    "Alias": "mi_idx",
                                    "Startup Cost": 6242.25,
                                    "Total Cost": 18489.86,
                                    "Plan Rows": 345009,
                                    "Plan Width": 8,
                                    "Actual Startup Time": 0.301,
                                    "Actual Total Time": 0.421,
                                    "Actual Rows": 250,
                                    "Actual Loops": 5,
                                    "Recheck Cond": "(info_type_id = it.id)",
                                    "Rows Removed by Index Recheck": 0,
                                    "Exact Heap Blocks": 2,
                                    "Lossy Heap Blocks": 0,
                                    "Plans": [
                                      {
                                        "Node Type": "Bitmap Index Scan",
                                        "Parent Relationship": "Outer",
                                        "Parallel Aware": false,
                                        "Index Name": "info_type_id_movie_info_idx",
                                        "Startup Cost": 0.0,
                                        "Total Cost": 6155.99,
                                        "Plan Rows": 345009,
                                        "Plan Width": 0,
                                        "Actual Startup Time": 0.228,
                                        "Actual Total Time": 0.229,
                                        "Actual Rows": 250,
                                        "Actual Loops": 5,
                                        "Index Cond": "(info_type_id = it.id)"
                                      }
                                    ]
                                  }
                                ]
                              },
                              {
                                "Node Type": "Index Scan",
                                "Parent Relationship": "Inner",
                                "Parallel Aware": false,
                                "Scan Direction": "Forward",
                                "Index Name": "movie_id_movie_companies",
                                "Relation Name": "movie_companies",
                                "Alias": "mc",
                                "Startup Cost": 0.43,
                                "Total Cost": 0.62,
                                "Plan Rows": 1,
                                "Plan Width": 32,
                                "Actual Startup Time": 0.09,
                                "Actual Total Time": 0.09,
                                "Actual Rows": 0,
                                "Actual Loops": 1250,
                                "Index Cond": "(movie_id = mi_idx.movie_id)",
                                "Rows Removed by Index Recheck": 0,
                                "Filter": "((note !~~ '%(as Metro-Goldwyn-Mayer Pictures)%'::text) AND (note ~~ '%(co-production)%'::text))",
                                "Rows Removed by Filter": 33
                              }
                            ]
                          },
                          {
                            "Node Type": "Hash",
                            "Parent Relationship": "Inner",
                            "Parallel Aware": false,
                            "Startup Cost": 1.05,
                            "Total Cost": 1.05,
                            "Plan Rows": 1,
                            "Plan Width": 4,
                            "Actual Startup Time": 0.112,
                            "Actual Total Time": 0.112,
                            "Actual Rows": 1,
                            "Actual Loops": 5,
                            "Hash Buckets": 1024,
                            "Original Hash Buckets": 1024,
                            "Hash Batches": 1,
                            "Original Hash Batches": 1,
                            "Peak Memory Usage": 9,
                            "Plans": [
                              {
                                "Node Type": "Seq Scan",
                                "Parent Relationship": "Outer",
                                "Parallel Aware": false,
                                "Relation Name": "company_type",
                                "Alias": "ct",
                                "Startup Cost": 0.0,
                                "Total Cost": 1.05,
                                "Plan Rows": 1,
                                "Plan Width": 4,
                                "Actual Startup Time": 0.085,
                                "Actual Total Time": 0.088,
                                "Actual Rows": 1,
                                "Actual Loops": 5,
                                "Filter": "((kind)::text = 'production companies'::text)",
                                "Rows Removed by Filter": 3
                              }
                            ]
                          }
                        ]
                      }
                    ]
                  }
                ]
              }
            ]
          }
        ]
      }
    ]
  },
  "Planning Time": 7.258,
  "Triggers": [],
  "Execution Time": 185.125
}