{
  "Plan": {
    "Node Type": "Aggregate",
    "Strategy": "Plain",
    "Partial Mode": "Finalize",
    "Parallel Aware": false,
    "Startup Cost": 91482.88,
    "Total Cost": 91482.89,
    "Plan Rows": 1,
    "Plan Width": 8,
    "Actual Startup Time": 232.92,
    "Actual Total Time": 248.641,
    "Actual Rows": 1,
    "Actual Loops": 1,
    "Plans": [
      {
        "Node Type": "Gather",
        "Parent Relationship": "Outer",
        "Parallel Aware": false,
        "Startup Cost": 91482.77,
        "Total Cost": 91482.88,
        "Plan Rows": 1,
        "Plan Width": 8,
        "Actual Startup Time": 232.532,
        "Actual Total Time": 248.634,
        "Actual Rows": 2,
        "Actual Loops": 1,
        "Workers Planned": 1,
        "Workers Launched": 1,
        "Single Copy": false,
        "Plans": [
          {
            "Node Type": "Aggregate",
            "Strategy": "Plain",
            "Partial Mode": "Partial",
            "Parent Relationship": "Outer",
            "Parallel Aware": false,
            "Startup Cost": 90482.77,
            "Total Cost": 90482.78,
            "Plan Rows": 1,
            "Plan Width": 8,
            "Actual Startup Time": 228.165,
            "Actual Total Time": 228.169,
            "Actual Rows": 1,
            "Actual Loops": 2,
            "Plans": [
              {
                "Node Type": "Hash Join",
                "Parent Relationship": "Outer",
                "Parallel Aware": true,
                "Join Type": "Inner",
                "Startup Cost": 67694.54,
                "Total Cost": 90476.01,
                "Plan Rows": 2704,
                "Plan Width": 0,
                "Actual Startup Time": 159.646,
                "Actual Total Time": 228.014,
                "Actual Rows": 1803,
                "Actual Loops": 2,
                "Inner Unique": true,
                "Hash Cond": "(mc.movie_id = t.id)",
                "Plans": [
                  {
                    "Node Type": "Bitmap Heap Scan",
                    "Parent Relationship": "Outer",
                    "Parallel Aware": true,
                    "Relation Name": "movie_companies",
                    "Alias": "mc",
                    "Startup Cost": 8971.34,
                    "Total Cost": 31436.22,
                    "Plan Rows": 120601,
                    "Plan Width": 4,
                    "Actual Startup Time": 20.178,
                    "Actual Total Time": 69.547,
                    "Actual Rows": 158515,
                    "Actual Loops": 2,
                    "Recheck Cond": "(company_id < 284)",
                    "Rows Removed by Index Recheck": 0,
                    "Filter": "(company_type_id < 2)",
                    "Rows Removed by Filter": 48547,
                    "Exact Heap Blocks": 11475,
                    "Lossy Heap Blocks": 0,
                    "Plans": [
                      {
                        "Node Type": "Bitmap Index Scan",
                        "Parent Relationship": "Outer",
                        "Parallel Aware": false,
                        "Index Name": "company_id_movie_companies",
                        "Startup Cost": 0.0,
                        "Total Cost": 8920.08,
                        "Plan Rows": 416487,
                        "Plan Width": 0,
                        "Actual Startup Time": 17.437,
                        "Actual Total Time": 17.438,
                        "Actual Rows": 414124,
                        "Actual Loops": 1,
                        "Index Cond": "(company_id < 284)"
                      }
                    ]
                  },
                  {
                    "Node Type": "Hash",
                    "Parent Relationship": "Inner",
                    "Parallel Aware": true,
                    "Startup Cost": 58306.47,
                    "Total Cost": 58306.47,
                    "Plan Rows": 33339,
                    "Plan Width": 4,
                    "Actual Startup Time": 138.482,
                    "Actual Total Time": 138.483,
                    "Actual Rows": 24538,
                    "Actual Loops": 2,
                    "Hash Buckets": 65536,
                    "Original Hash Buckets": 65536,
                    "Hash Batches": 1,
                    "Original Hash Batches": 1,
                    "Peak Memory Usage": 2464,
                    "Plans": [
                      {
                        "Node Type": "Seq Scan",
                        "Parent Relationship": "Outer",
                        "Parallel Aware": true,
                        "Relation Name": "title",
                        "Alias": "t",
                        "Startup Cost": 0.0,
                        "Total Cost": 58306.47,
                        "Plan Rows": 33339,
                        "Plan Width": 4,
                        "Actual Startup Time": 0.102,
                        "Actual Total Time": 132.462,
                        "Actual Rows": 24538,
                        "Actual Loops": 2,
                        "Filter": "((kind_id < 7) AND (production_year = 2010))",
                        "Rows Removed by Filter": 1239618
                      }
                    ]
                  }
                ]
              }
            ]
          }
        ]
      }
    ]
  },
  "Planning Time": 0.365,
  "Triggers": [],
  "Execution Time": 248.713
}