[
  {
    "Plan": {
      "Node Type": "Aggregate",
      "Strategy": "Plain",
      "Partial Mode": "Finalize",
      "Parallel Aware": false,
      "Startup Cost": 337514.27,
      "Total Cost": 337514.28,
      "Plan Rows": 1,
      "Plan Width": 8,
      "Actual Startup Time": 745.823,
      "Actual Total Time": 789.606,
      "Actual Rows": 1,
      "Actual Loops": 1,
      "Plans": [
        {
          "Node Type": "Gather",
          "Parent Relationship": "Outer",
          "Parallel Aware": false,
          "Startup Cost": 337513.65,
          "Total Cost": 337514.26,
          "Plan Rows": 6,
          "Plan Width": 8,
          "Actual Startup Time": 745.667,
          "Actual Total Time": 789.593,
          "Actual Rows": 7,
          "Actual Loops": 1,
          "Workers Planned": 6,
          "Workers Launched": 6,
          "Single Copy": false,
          "Plans": [
            {
              "Node Type": "Aggregate",
              "Strategy": "Plain",
              "Partial Mode": "Partial",
              "Parent Relationship": "Outer",
              "Parallel Aware": false,
              "Startup Cost": 336513.65,
              "Total Cost": 336513.66,
              "Plan Rows": 1,
              "Plan Width": 8,
              "Actual Startup Time": 737.59,
              "Actual Total Time": 737.591,
              "Actual Rows": 1,
              "Actual Loops": 7,
              "Plans": [
                {
                  "Node Type": "Seq Scan",
                  "Parent Relationship": "Outer",
                  "Parallel Aware": true,
                  "Relation Name": "cast_info",
                  "Alias": "ci",
                  "Startup Cost": 0.0,
                  "Total Cost": 328211.39,
                  "Plan Rows": 3320902,
                  "Plan Width": 0,
                  "Actual Startup Time": 0.05,
                  "Actual Total Time": 595.382,
                  "Actual Rows": 2881318,
                  "Actual Loops": 7,
                  "Filter": "(person_id < 2026329)",
                  "Rows Removed by Filter": 2296445
                }
              ]
            }
          ]
        }
      ]
    },
    "Planning Time": 0.085,
    "Triggers": [],
    "Execution Time": 789.648
  }
]