[
  {
    "Plan": {
      "Node Type": "Aggregate",
      "Strategy": "Plain",
      "Partial Mode": "Finalize",
      "Parallel Aware": false,
      "Startup Cost": 387049.22,
      "Total Cost": 387049.23,
      "Plan Rows": 1,
      "Plan Width": 8,
      "Actual Startup Time": 2754.412,
      "Actual Total Time": 2814.083,
      "Actual Rows": 1,
      "Actual Loops": 1,
      "Plans": [
        {
          "Node Type": "Gather",
          "Parent Relationship": "Outer",
          "Parallel Aware": false,
          "Startup Cost": 387048.59,
          "Total Cost": 387049.2,
          "Plan Rows": 6,
          "Plan Width": 8,
          "Actual Startup Time": 2743.387,
          "Actual Total Time": 2814.072,
          "Actual Rows": 7,
          "Actual Loops": 1,
          "Workers Planned": 6,
          "Workers Launched": 6,
          "Single Copy": false,
          "Plans": [
            {
              "Node Type": "Aggregate",
              "Strategy": "Plain",
              "Partial Mode": "Partial",
              "Parent Relationship": "Outer",
              "Parallel Aware": false,
              "Startup Cost": 386048.59,
              "Total Cost": 386048.6,
              "Plan Rows": 1,
              "Plan Width": 8,
              "Actual Startup Time": 2732.024,
              "Actual Total Time": 2732.027,
              "Actual Rows": 1,
              "Actual Loops": 7,
              "Plans": [
                {
                  "Node Type": "Hash Join",
                  "Parent Relationship": "Outer",
                  "Parallel Aware": true,
                  "Join Type": "Inner",
                  "Startup Cost": 49464.34,
                  "Total Cost": 378430.99,
                  "Plan Rows": 3047040,
                  "Plan Width": 0,
                  "Actual Startup Time": 196.592,
                  "Actual Total Time": 2595.963,
                  "Actual Rows": 2431382,
                  "Actual Loops": 7,
                  "Inner Unique": true,
                  "Hash Cond": "(ci.movie_id = t.id)",
                  "Plans": [
                    {
                      "Node Type": "Seq Scan",
                      "Parent Relationship": "Outer",
                      "Parallel Aware": true,
                      "Relation Name": "cast_info",
                      "Alias": "ci",
                      "Startup Cost": 0.0,
                      "Total Cost": 313106.51,
                      "Plan Rows": 6041951,
                      "Plan Width": 4,
                      "Actual Startup Time": 0.043,
                      "Actual Total Time": 627.644,
                      "Actual Rows": 5177763,
                      "Actual Loops": 7
                    },
                    {
                      "Node Type": "Hash",
                      "Parent Relationship": "Inner",
                      "Parallel Aware": true,
                      "Startup Cost": 45479.59,
                      "Total Cost": 45479.59,
                      "Plan Rows": 318780,
                      "Plan Width": 4,
                      "Actual Startup Time": 192.974,
                      "Actual Total Time": 192.975,
                      "Actual Rows": 176685,
                      "Actual Loops": 7,
                      "Hash Buckets": 2097152,
                      "Original Hash Buckets": 2097152,
                      "Hash Batches": 1,
                      "Original Hash Batches": 1,
                      "Peak Memory Usage": 64896,
                      "Plans": [
                        {
                          "Node Type": "Seq Scan",
                          "Parent Relationship": "Outer",
                          "Parallel Aware": true,
                          "Relation Name": "title",
                          "Alias": "t",
                          "Startup Cost": 0.0,
                          "Total Cost": 45479.59,
                          "Plan Rows": 318780,
                          "Plan Width": 4,
                          "Actual Startup Time": 0.045,
                          "Actual Total Time": 95.486,
                          "Actual Rows": 176685,
                          "Actual Loops": 7,
                          "Filter": "((kind_id > 3) AND (production_year < 2010))",
                          "Rows Removed by Filter": 184502
                        }
                      ]
                    }
                  ]
                }
              ]
            }
          ]
        }
      ]
    },
    "Planning Time": 0.433,
    "Triggers": [],
    "Execution Time": 2814.147
  }
]