[
  {
    "Plan": {
      "Node Type": "Aggregate",
      "Strategy": "Plain",
      "Partial Mode": "Finalize",
      "Parallel Aware": false,
      "Startup Cost": 72729.74,
      "Total Cost": 72729.75,
      "Plan Rows": 1,
      "Plan Width": 128,
      "Actual Startup Time": 700.187,
      "Actual Total Time": 719.64,
      "Actual Rows": 1,
      "Actual Loops": 1,
      "Plans": [
        {
          "Node Type": "Gather",
          "Parent Relationship": "Outer",
          "Parallel Aware": false,
          "Startup Cost": 72729.29,
          "Total Cost": 72729.7,
          "Plan Rows": 4,
          "Plan Width": 128,
          "Actual Startup Time": 262.112,
          "Actual Total Time": 719.607,
          "Actual Rows": 5,
          "Actual Loops": 1,
          "Workers Planned": 4,
          "Workers Launched": 4,
          "Single Copy": false,
          "Plans": [
            {
              "Node Type": "Aggregate",
              "Strategy": "Plain",
              "Partial Mode": "Partial",
              "Parent Relationship": "Outer",
              "Parallel Aware": false,
              "Startup Cost": 71729.29,
              "Total Cost": 71729.3,
              "Plan Rows": 1,
              "Plan Width": 128,
              "Actual Startup Time": 337.894,
              "Actual Total Time": 337.91,
              "Actual Rows": 1,
              "Actual Loops": 5,
              "Plans": [
                {
                  "Node Type": "Nested Loop",
                  "Parent Relationship": "Outer",
                  "Parallel Aware": false,
                  "Join Type": "Inner",
                  "Startup Cost": 12.35,
                  "Total Cost": 71729.25,
                  "Plan Rows": 4,
                  "Plan Width": 64,
                  "Actual Startup Time": 108.016,
                  "Actual Total Time": 335.073,
                  "Actual Rows": 6674,
                  "Actual Loops": 5,
                  "Inner Unique": true,
                  "Plans": [
                    {
                      "Node Type": "Nested Loop",
                      "Parent Relationship": "Outer",
                      "Parallel Aware": false,
                      "Join Type": "Inner",
                      "Startup Cost": 11.9,
                      "Total Cost": 71711.41,
                      "Plan Rows": 4,
                      "Plan Width": 55,
                      "Actual Startup Time": 107.962,
                      "Actual Total Time": 298.785,
                      "Actual Rows": 6674,
                      "Actual Loops": 5,
                      "Inner Unique": true,
                      "Plans": [
                        {
                          "Node Type": "Nested Loop",
                          "Parent Relationship": "Outer",
                          "Parallel Aware": false,
                          "Join Type": "Inner",
                          "Startup Cost": 11.47,
                          "Total Cost": 71666.97,
                          "Plan Rows": 10,
                          "Plan Width": 59,
                          "Actual Startup Time": 107.849,
                          "Actual Total Time": 240.778,
                          "Actual Rows": 10404,
                          "Actual Loops": 5,
                          "Inner Unique": false,
                          "Plans": [
                            {
                              "Node Type": "Nested Loop",
                              "Parent Relationship": "Outer",
                              "Parallel Aware": false,
                              "Join Type": "Inner",
                              "Startup Cost": 10.99,
                              "Total Cost": 71648.6,
                              "Plan Rows": 4,
                              "Plan Width": 51,
                              "Actual Startup Time": 106.696,
                              "Actual Total Time": 217.437,
                              "Actual Rows": 2735,
                              "Actual Loops": 5,
                              "Inner Unique": true,
                              "Plans": [
                                {
                                  "Node Type": "Hash Join",
                                  "Parent Relationship": "Outer",
                                  "Parallel Aware": false,
                                  "Join Type": "Inner",
                                  "Startup Cost": 10.54,
                                  "Total Cost": 71630.75,
                                  "Plan Rows": 4,
                                  "Plan Width": 39,
                                  "Actual Startup Time": 104.994,
                                  "Actual Total Time": 200.737,
                                  "Actual Rows": 2756,
                                  "Actual Loops": 5,
                                  "Inner Unique": true,
                                  "Hash Cond": "(ci.role_id = rt.id)",
                                  "Plans": [
                                    {
                                      "Node Type": "Nested Loop",
                                      "Parent Relationship": "Outer",
                                      "Parallel Aware": false,
                                      "Join Type": "Inner",
                                      "Startup Cost": 9.38,
                                      "Total Cost": 71629.41,
                                      "Plan Rows": 47,
                                      "Plan Width": 43,
                                      "Actual Startup Time": 100.58,
                                      "Actual Total Time": 199.417,
                                      "Actual Rows": 2808,
                                      "Actual Loops": 5,
                                      "Inner Unique": false,
                                      "Join Filter": "(n.id = ci.person_id)",
                                      "Rows Removed by Join Filter": 0,
                                      "Plans": [
                                        {
                                          "Node Type": "Nested Loop",
                                          "Parent Relationship": "Outer",
                                          "Parallel Aware": false,
                                          "Join Type": "Inner",
                                          "Startup Cost": 4.4,
                                          "Total Cost": 71536.84,
                                          "Plan Rows": 5,
                                          "Plan Width": 39,
                                          "Actual Startup Time": 89.587,
                                          "Actual Total Time": 192.96,
                                          "Actual Rows": 203,
                                          "Actual Loops": 5,
                                          "Inner Unique": false,
                                          "Plans": [
                                            {
                                              "Node Type": "Seq Scan",
                                              "Parent Relationship": "Outer",
                                              "Parallel Aware": true,
                                              "Relation Name": "name",
                                              "Alias": "n",
                                              "Startup Cost": 0.0,
                                              "Total Cost": 71240.1,
                                              "Plan Rows": 24,
                                              "Plan Width": 19,
                                              "Actual Startup Time": 88.215,
                                              "Actual Total Time": 185.541,
                                              "Actual Rows": 986,
                                              "Actual Loops": 5,
                                              "Filter": "((name ~~ '%Sm%'::text) AND ((gender)::text = 'f'::text))",
                                              "Rows Removed by Filter": 832512
                                            },
                                            {
                                              "Node Type": "Bitmap Heap Scan",
                                              "Parent Relationship": "Inner",
                                              "Parallel Aware": false,
                                              "Relation Name": "aka_name",
                                              "Alias": "an",
                                              "Startup Cost": 4.4,
                                              "Total Cost": 12.34,
                                              "Plan Rows": 2,
                                              "Plan Width": 20,
                                              "Actual Startup Time": 0.006,
                                              "Actual Total Time": 0.006,
                                              "Actual Rows": 0,
                                              "Actual Loops": 4931,
                                              "Recheck Cond": "(person_id = n.id)",
                                              "Rows Removed by Index Recheck": 0,
                                              "Exact Heap Blocks": 79,
                                              "Lossy Heap Blocks": 0,
                                              "Plans": [
                                                {
                                                  "Node Type": "Bitmap Index Scan",
                                                  "Parent Relationship": "Outer",
                                                  "Parallel Aware": false,
                                                  "Index Name": "person_id_aka_name",
                                                  "Startup Cost": 0.0,
                                                  "Total Cost": 4.4,
                                                  "Plan Rows": 2,
                                                  "Plan Width": 0,
                                                  "Actual Startup Time": 0.004,
                                                  "Actual Total Time": 0.004,
                                                  "Actual Rows": 0,
                                                  "Actual Loops": 4931,
                                                  "Index Cond": "(person_id = n.id)"
                                                }
                                              ]
                                            }
                                          ]
                                        },
                                        {
                                          "Node Type": "Bitmap Heap Scan",
                                          "Parent Relationship": "Inner",
                                          "Parallel Aware": false,
                                          "Relation Name": "cast_info",
                                          "Alias": "ci",
                                          "Startup Cost": 4.98,
                                          "Total Cost": 17.9,
                                          "Plan Rows": 49,
                                          "Plan Width": 16,
                                          "Actual Startup Time": 0.019,
                                          "Actual Total Time": 0.027,
                                          "Actual Rows": 14,
                                          "Actual Loops": 1017,
                                          "Recheck Cond": "(person_id = an.person_id)",
                                          "Rows Removed by Index Recheck": 0,
                                          "Filter": "(note = ANY ('{(voice),(writer),(producer),(uncredited)}'::text[]))",
                                          "Rows Removed by Filter": 42,
                                          "Exact Heap Blocks": 200,
                                          "Lossy Heap Blocks": 0,
                                          "Plans": [
                                            {
                                              "Node Type": "Bitmap Index Scan",
                                              "Parent Relationship": "Outer",
                                              "Parallel Aware": false,
                                              "Index Name": "person_id_cast_info",
                                              "Startup Cost": 0.0,
                                              "Total Cost": 4.97,
                                              "Plan Rows": 510,
                                              "Plan Width": 0,
                                              "Actual Startup Time": 0.01,
                                              "Actual Total Time": 0.01,
                                              "Actual Rows": 56,
                                              "Actual Loops": 1017,
                                              "Index Cond": "(person_id = an.person_id)"
                                            }
                                          ]
                                        }
                                      ]
                                    },
                                    {
                                      "Node Type": "Hash",
                                      "Parent Relationship": "Inner",
                                      "Parallel Aware": false,
                                      "Startup Cost": 1.15,
                                      "Total Cost": 1.15,
                                      "Plan Rows": 1,
                                      "Plan Width": 4,
                                      "Actual Startup Time": 0.106,
                                      "Actual Total Time": 0.108,
                                      "Actual Rows": 1,
                                      "Actual Loops": 5,
                                      "Hash Buckets": 1024,
                                      "Original Hash Buckets": 1024,
                                      "Hash Batches": 1,
                                      "Original Hash Batches": 1,
                                      "Peak Memory Usage": 9,
                                      "Plans": [
                                        {
                                          "Node Type": "Seq Scan",
                                          "Parent Relationship": "Outer",
                                          "Parallel Aware": false,
                                          "Relation Name": "role_type",
                                          "Alias": "rt",
                                          "Startup Cost": 0.0,
                                          "Total Cost": 1.15,
                                          "Plan Rows": 1,
                                          "Plan Width": 4,
                                          "Actual Startup Time": 0.071,
                                          "Actual Total Time": 0.076,
                                          "Actual Rows": 1,
                                          "Actual Loops": 5,
                                          "Filter": "((role)::text = 'actress'::text)",
                                          "Rows Removed by Filter": 11
                                        }
                                      ]
                                    }
                                  ]
                                },
                                {
                                  "Node Type": "Bitmap Heap Scan",
                                  "Parent Relationship": "Inner",
                                  "Parallel Aware": false,
                                  "Relation Name": "char_name",
                                  "Alias": "chn",
                                  "Startup Cost": 0.45,
                                  "Total Cost": 4.46,
                                  "Plan Rows": 1,
                                  "Plan Width": 20,
                                  "Actual Startup Time": 0.004,
                                  "Actual Total Time": 0.004,
                                  "Actual Rows": 1,
                                  "Actual Loops": 13780,
                                  "Recheck Cond": "(id = ci.person_role_id)",
                                  "Rows Removed by Index Recheck": 0,
                                  "Exact Heap Blocks": 806,
                                  "Lossy Heap Blocks": 0,
                                  "Plans": [
                                    {
                                      "Node Type": "Bitmap Index Scan",
                                      "Parent Relationship": "Outer",
                                      "Parallel Aware": false,
                                      "Index Name": "char_name_pkey",
                                      "Startup Cost": 0.0,
                                      "Total Cost": 0.45,
                                      "Plan Rows": 1,
                                      "Plan Width": 0,
                                      "Actual Startup Time": 0.003,
                                      "Actual Total Time": 0.003,
                                      "Actual Rows": 1,
                                      "Actual Loops": 13780,
                                      "Index Cond": "(id = ci.person_role_id)"
                                    }
                                  ]
                                }
                              ]
                            },
                            {
                              "Node Type": "Bitmap Heap Scan",
                              "Parent Relationship": "Inner",
                              "Parallel Aware": false,
                              "Relation Name": "movie_companies",
                              "Alias": "mc",
                              "Startup Cost": 0.48,
                              "Total Cost": 4.54,
                              "Plan Rows": 5,
                              "Plan Width": 8,
                              "Actual Startup Time": 0.005,
                              "Actual Total Time": 0.006,
                              "Actual Rows": 4,
                              "Actual Loops": 13675,
                              "Recheck Cond": "(movie_id = ci.movie_id)",
                              "Rows Removed by Index Recheck": 0,
                              "Exact Heap Blocks": 913,
                              "Lossy Heap Blocks": 0,
                              "Plans": [
                                {
                                  "Node Type": "Bitmap Index Scan",
                                  "Parent Relationship": "Outer",
                                  "Parallel Aware": false,
                                  "Index Name": "movie_id_movie_companies",
                                  "Startup Cost": 0.0,
                                  "Total Cost": 0.48,
                                  "Plan Rows": 5,
                                  "Plan Width": 0,
                                  "Actual Startup Time": 0.003,
                                  "Actual Total Time": 0.003,
                                  "Actual Rows": 4,
                                  "Actual Loops": 13675,
                                  "Index Cond": "(movie_id = ci.movie_id)"
                                }
                              ]
                            }
                          ]
                        },
                        {
                          "Node Type": "Bitmap Heap Scan",
                          "Parent Relationship": "Inner",
                          "Parallel Aware": false,
                          "Relation Name": "company_name",
                          "Alias": "cn",
                          "Startup Cost": 0.43,
                          "Total Cost": 4.44,
                          "Plan Rows": 1,
                          "Plan Width": 4,
                          "Actual Startup Time": 0.004,
                          "Actual Total Time": 0.004,
                          "Actual Rows": 1,
                          "Actual Loops": 52019,
                          "Recheck Cond": "(id = mc.company_id)",
                          "Rows Removed by Index Recheck": 0,
                          "Filter": "((country_code)::text = '[us]'::text)",
                          "Rows Removed by Filter": 0,
                          "Exact Heap Blocks": 2848,
                          "Lossy Heap Blocks": 0,
                          "Plans": [
                            {
                              "Node Type": "Bitmap Index Scan",
                              "Parent Relationship": "Outer",
                              "Parallel Aware": false,
                              "Index Name": "company_name_pkey",
                              "Startup Cost": 0.0,
                              "Total Cost": 0.43,
                              "Plan Rows": 1,
                              "Plan Width": 0,
                              "Actual Startup Time": 0.002,
                              "Actual Total Time": 0.002,
                              "Actual Rows": 1,
                              "Actual Loops": 52019,
                              "Index Cond": "(id = mc.company_id)"
                            }
                          ]
                        }
                      ]
                    },
                    {
                      "Node Type": "Bitmap Heap Scan",
                      "Parent Relationship": "Inner",
                      "Parallel Aware": false,
                      "Relation Name": "title",
                      "Alias": "t",
                      "Startup Cost": 0.45,
                      "Total Cost": 4.46,
                      "Plan Rows": 1,
                      "Plan Width": 21,
                      "Actual Startup Time": 0.003,
                      "Actual Total Time": 0.003,
                      "Actual Rows": 1,
                      "Actual Loops": 33371,
                      "Recheck Cond": "(id = ci.movie_id)",
                      "Rows Removed by Index Recheck": 0,
                      "Exact Heap Blocks": 2162,
                      "Lossy Heap Blocks": 0,
                      "Plans": [
                        {
                          "Node Type": "Bitmap Index Scan",
                          "Parent Relationship": "Outer",
                          "Parallel Aware": false,
                          "Index Name": "title_pkey",
                          "Startup Cost": 0.0,
                          "Total Cost": 0.45,
                          "Plan Rows": 1,
                          "Plan Width": 0,
                          "Actual Startup Time": 0.002,
                          "Actual Total Time": 0.002,
                          "Actual Rows": 1,
                          "Actual Loops": 33371,
                          "Index Cond": "(id = ci.movie_id)"
                        }
                      ]
                    }
                  ]
                }
              ]
            }
          ]
        }
      ]
    },
    "Planning Time": 12.836,
    "Triggers": [],
    "Execution Time": 720.259
  }
]