[
  {
    "Plan": {
      "Node Type": "Aggregate",
      "Strategy": "Plain",
      "Partial Mode": "Finalize",
      "Parallel Aware": false,
      "Startup Cost": 46901.98,
      "Total Cost": 46901.99,
      "Plan Rows": 1,
      "Plan Width": 8,
      "Actual Startup Time": 114.547,
      "Actual Total Time": 128.077,
      "Actual Rows": 1,
      "Actual Loops": 1,
      "Plans": [
        {
          "Node Type": "Gather",
          "Parent Relationship": "Outer",
          "Parallel Aware": false,
          "Startup Cost": 46901.56,
          "Total Cost": 46901.97,
          "Plan Rows": 4,
          "Plan Width": 8,
          "Actual Startup Time": 114.407,
          "Actual Total Time": 128.067,
          "Actual Rows": 5,
          "Actual Loops": 1,
          "Workers Planned": 4,
          "Workers Launched": 4,
          "Single Copy": false,
          "Plans": [
            {
              "Node Type": "Aggregate",
              "Strategy": "Plain",
              "Partial Mode": "Partial",
              "Parent Relationship": "Outer",
              "Parallel Aware": false,
              "Startup Cost": 45901.56,
              "Total Cost": 45901.57,
              "Plan Rows": 1,
              "Plan Width": 8,
              "Actual Startup Time": 105.281,
              "Actual Total Time": 105.282,
              "Actual Rows": 1,
              "Actual Loops": 5,
              "Plans": [
                {
                  "Node Type": "Seq Scan",
                  "Parent Relationship": "Outer",
                  "Parallel Aware": true,
                  "Relation Name": "title",
                  "Alias": "t",
                  "Startup Cost": 0.0,
                  "Total Cost": 45479.1,
                  "Plan Rows": 168983,
                  "Plan Width": 0,
                  "Actual Startup Time": 0.047,
                  "Actual Total Time": 97.571,
                  "Actual Rows": 113542,
                  "Actual Loops": 5,
                  "Filter": "((kind_id > 2) AND (production_year < 1999))",
                  "Rows Removed by Filter": 392120
                }
              ]
            }
          ]
        }
      ]
    },
    "Planning Time": 0.167,
    "Triggers": [],
    "Execution Time": 128.147
  }
]