[
  {
    "Plan": {
      "Node Type": "Aggregate",
      "Strategy": "Plain",
      "Partial Mode": "Finalize",
      "Parallel Aware": false,
      "Startup Cost": 239062.27,
      "Total Cost": 239062.28,
      "Plan Rows": 1,
      "Plan Width": 8,
      "Actual Startup Time": 234.789,
      "Actual Total Time": 270.345,
      "Actual Rows": 1,
      "Actual Loops": 1,
      "Plans": [
        {
          "Node Type": "Gather",
          "Parent Relationship": "Outer",
          "Parallel Aware": false,
          "Startup Cost": 239061.85,
          "Total Cost": 239062.26,
          "Plan Rows": 4,
          "Plan Width": 8,
          "Actual Startup Time": 234.512,
          "Actual Total Time": 270.328,
          "Actual Rows": 5,
          "Actual Loops": 1,
          "Workers Planned": 4,
          "Workers Launched": 4,
          "Single Copy": false,
          "Plans": [
            {
              "Node Type": "Aggregate",
              "Strategy": "Plain",
              "Partial Mode": "Partial",
              "Parent Relationship": "Outer",
              "Parallel Aware": false,
              "Startup Cost": 238061.85,
              "Total Cost": 238061.86,
              "Plan Rows": 1,
              "Plan Width": 8,
              "Actual Startup Time": 228.422,
              "Actual Total Time": 228.424,
              "Actual Rows": 1,
              "Actual Loops": 5,
              "Plans": [
                {
                  "Node Type": "Nested Loop",
                  "Parent Relationship": "Outer",
                  "Parallel Aware": false,
                  "Join Type": "Inner",
                  "Startup Cost": 0.43,
                  "Total Cost": 237987.35,
                  "Plan Rows": 29798,
                  "Plan Width": 0,
                  "Actual Startup Time": 0.297,
                  "Actual Total Time": 225.813,
                  "Actual Rows": 28610,
                  "Actual Loops": 5,
                  "Inner Unique": false,
                  "Plans": [
                    {
                      "Node Type": "Seq Scan",
                      "Parent Relationship": "Outer",
                      "Parallel Aware": true,
                      "Relation Name": "title",
                      "Alias": "t",
                      "Startup Cost": 0.0,
                      "Total Cost": 45479.59,
                      "Plan Rows": 6756,
                      "Plan Width": 4,
                      "Actual Startup Time": 0.145,
                      "Actual Total Time": 88.87,
                      "Actual Rows": 5417,
                      "Actual Loops": 5,
                      "Filter": "((kind_id < 7) AND (production_year > 2012))",
                      "Rows Removed by Filter": 500245
                    },
                    {
                      "Node Type": "Index Scan",
                      "Parent Relationship": "Inner",
                      "Parallel Aware": false,
                      "Scan Direction": "Forward",
                      "Index Name": "movie_id_movie_info",
                      "Relation Name": "movie_info",
                      "Alias": "mi",
                      "Startup Cost": 0.43,
                      "Total Cost": 28.18,
                      "Plan Rows": 31,
                      "Plan Width": 4,
                      "Actual Startup Time": 0.01,
                      "Actual Total Time": 0.024,
                      "Actual Rows": 5,
                      "Actual Loops": 27085,
                      "Index Cond": "(movie_id = t.id)",
                      "Rows Removed by Index Recheck": 0,
                      "Filter": "(info_type_id > 3)",
                      "Rows Removed by Filter": 3
                    }
                  ]
                }
              ]
            }
          ]
        }
      ]
    },
    "Planning Time": 0.749,
    "Triggers": [],
    "Execution Time": 270.43
  }
]