[
  {
    "Plan": {
      "Node Type": "Aggregate",
      "Strategy": "Plain",
      "Partial Mode": "Finalize",
      "Parallel Aware": false,
      "Startup Cost": 349020.1,
      "Total Cost": 349020.11,
      "Plan Rows": 1,
      "Plan Width": 8,
      "Actual Startup Time": 771.907,
      "Actual Total Time": 817.244,
      "Actual Rows": 1,
      "Actual Loops": 1,
      "Plans": [
        {
          "Node Type": "Gather",
          "Parent Relationship": "Outer",
          "Parallel Aware": false,
          "Startup Cost": 349019.47,
          "Total Cost": 349020.08,
          "Plan Rows": 6,
          "Plan Width": 8,
          "Actual Startup Time": 771.71,
          "Actual Total Time": 817.229,
          "Actual Rows": 7,
          "Actual Loops": 1,
          "Workers Planned": 6,
          "Workers Launched": 6,
          "Single Copy": false,
          "Plans": [
            {
              "Node Type": "Aggregate",
              "Strategy": "Plain",
              "Partial Mode": "Partial",
              "Parent Relationship": "Outer",
              "Parallel Aware": false,
              "Startup Cost": 348019.47,
              "Total Cost": 348019.48,
              "Plan Rows": 1,
              "Plan Width": 8,
              "Actual Startup Time": 763.974,
              "Actual Total Time": 763.975,
              "Actual Rows": 1,
              "Actual Loops": 7,
              "Plans": [
                {
                  "Node Type": "Seq Scan",
                  "Parent Relationship": "Outer",
                  "Parallel Aware": true,
                  "Relation Name": "cast_info",
                  "Alias": "ci",
                  "Startup Cost": 0.0,
                  "Total Cost": 343316.27,
                  "Plan Rows": 1881280,
                  "Plan Width": 0,
                  "Actual Startup Time": 231.117,
                  "Actual Total Time": 650.892,
                  "Actual Rows": 2453920,
                  "Actual Loops": 7,
                  "Filter": "((person_id > 1904022) AND (role_id > 1))",
                  "Rows Removed by Filter": 2723843
                }
              ]
            }
          ]
        }
      ]
    },
    "Planning Time": 0.126,
    "Triggers": [],
    "Execution Time": 817.286
  }
]