[
  {
    "Plan": {
      "Node Type": "Aggregate",
      "Strategy": "Plain",
      "Partial Mode": "Finalize",
      "Parallel Aware": false,
      "Startup Cost": 348965.32,
      "Total Cost": 348965.33,
      "Plan Rows": 1,
      "Plan Width": 8,
      "Actual Startup Time": 817.205,
      "Actual Total Time": 873.519,
      "Actual Rows": 1,
      "Actual Loops": 1,
      "Plans": [
        {
          "Node Type": "Gather",
          "Parent Relationship": "Outer",
          "Parallel Aware": false,
          "Startup Cost": 348964.69,
          "Total Cost": 348965.3,
          "Plan Rows": 6,
          "Plan Width": 8,
          "Actual Startup Time": 817.046,
          "Actual Total Time": 873.509,
          "Actual Rows": 7,
          "Actual Loops": 1,
          "Workers Planned": 6,
          "Workers Launched": 6,
          "Single Copy": false,
          "Plans": [
            {
              "Node Type": "Aggregate",
              "Strategy": "Plain",
              "Partial Mode": "Partial",
              "Parent Relationship": "Outer",
              "Parallel Aware": false,
              "Startup Cost": 347964.69,
              "Total Cost": 347964.7,
              "Plan Rows": 1,
              "Plan Width": 8,
              "Actual Startup Time": 806.933,
              "Actual Total Time": 806.934,
              "Actual Rows": 1,
              "Actual Loops": 7,
              "Plans": [
                {
                  "Node Type": "Seq Scan",
                  "Parent Relationship": "Outer",
                  "Parallel Aware": true,
                  "Relation Name": "cast_info",
                  "Alias": "ci",
                  "Startup Cost": 0.0,
                  "Total Cost": 343257.03,
                  "Plan Rows": 1883065,
                  "Plan Width": 0,
                  "Actual Startup Time": 245.252,
                  "Actual Total Time": 697.717,
                  "Actual Rows": 2453920,
                  "Actual Loops": 7,
                  "Filter": "((person_id > 1904022) AND (role_id > 1))",
                  "Rows Removed by Filter": 2723843
                }
              ]
            }
          ]
        }
      ]
    },
    "Planning Time": 0.219,
    "Triggers": [],
    "Execution Time": 873.588
  }
]