{
  "Plan": {
    "Node Type": "Aggregate",
    "Strategy": "Plain",
    "Partial Mode": "Finalize",
    "Parallel Aware": false,
    "Startup Cost": 102455.79,
    "Total Cost": 102455.8,
    "Plan Rows": 1,
    "Plan Width": 8,
    "Actual Startup Time": 343.425,
    "Actual Total Time": 360.823,
    "Actual Rows": 1,
    "Actual Loops": 1,
    "Plans": [
      {
        "Node Type": "Gather",
        "Parent Relationship": "Outer",
        "Parallel Aware": false,
        "Startup Cost": 102455.67,
        "Total Cost": 102455.78,
        "Plan Rows": 1,
        "Plan Width": 8,
        "Actual Startup Time": 343.249,
        "Actual Total Time": 360.816,
        "Actual Rows": 2,
        "Actual Loops": 1,
        "Workers Planned": 1,
        "Workers Launched": 1,
        "Single Copy": false,
        "Plans": [
          {
            "Node Type": "Aggregate",
            "Strategy": "Plain",
            "Partial Mode": "Partial",
            "Parent Relationship": "Outer",
            "Parallel Aware": false,
            "Startup Cost": 101455.67,
            "Total Cost": 101455.68,
            "Plan Rows": 1,
            "Plan Width": 8,
            "Actual Startup Time": 337.435,
            "Actual Total Time": 337.438,
            "Actual Rows": 1,
            "Actual Loops": 2,
            "Plans": [
              {
                "Node Type": "Hash Join",
                "Parent Relationship": "Outer",
                "Parallel Aware": true,
                "Join Type": "Inner",
                "Startup Cost": 58370.01,
                "Total Cost": 101450.8,
                "Plan Rows": 1949,
                "Plan Width": 0,
                "Actual Startup Time": 159.212,
                "Actual Total Time": 337.317,
                "Actual Rows": 1704,
                "Actual Loops": 2,
                "Inner Unique": true,
                "Hash Cond": "(mc.movie_id = t.id)",
                "Plans": [
                  {
                    "Node Type": "Index Scan",
                    "Parent Relationship": "Outer",
                    "Parallel Aware": true,
                    "Scan Direction": "Forward",
                    "Index Name": "company_type_id_movie_companies",
                    "Relation Name": "movie_companies",
                    "Alias": "mc",
                    "Startup Cost": 0.43,
                    "Total Cost": 41574.35,
                    "Plan Rows": 574044,
                    "Plan Width": 4,
                    "Actual Startup Time": 0.049,
                    "Actual Total Time": 128.023,
                    "Actual Rows": 629186,
                    "Actual Loops": 2,
                    "Index Cond": "(company_type_id = 1)",
                    "Rows Removed by Index Recheck": 0,
                    "Filter": "(company_id < 57432)",
                    "Rows Removed by Filter": 7938
                  },
                  {
                    "Node Type": "Hash",
                    "Parent Relationship": "Inner",
                    "Parallel Aware": true,
                    "Startup Cost": 58306.47,
                    "Total Cost": 58306.47,
                    "Plan Rows": 5049,
                    "Plan Width": 4,
                    "Actual Startup Time": 156.596,
                    "Actual Total Time": 156.597,
                    "Actual Rows": 4015,
                    "Actual Loops": 2,
                    "Hash Buckets": 16384,
                    "Original Hash Buckets": 16384,
                    "Hash Batches": 1,
                    "Original Hash Batches": 1,
                    "Peak Memory Usage": 480,
                    "Plans": [
                      {
                        "Node Type": "Seq Scan",
                        "Parent Relationship": "Outer",
                        "Parallel Aware": true,
                        "Relation Name": "title",
                        "Alias": "t",
                        "Startup Cost": 0.0,
                        "Total Cost": 58306.47,
                        "Plan Rows": 5049,
                        "Plan Width": 4,
                        "Actual Startup Time": 0.242,
                        "Actual Total Time": 154.702,
                        "Actual Rows": 4015,
                        "Actual Loops": 2,
                        "Filter": "((kind_id > 3) AND (production_year = 1975))",
                        "Rows Removed by Filter": 1260141
                      }
                    ]
                  }
                ]
              }
            ]
          }
        ]
      }
    ]
  },
  "Planning Time": 0.515,
  "Triggers": [],
  "Execution Time": 360.899
}