{
  "Plan": {
    "Node Type": "Aggregate",
    "Strategy": "Plain",
    "Partial Mode": "Finalize",
    "Parallel Aware": false,
    "Startup Cost": 726189.92,
    "Total Cost": 726189.93,
    "Plan Rows": 1,
    "Plan Width": 8,
    "Actual Startup Time": 7788.432,
    "Actual Total Time": 7862.41,
    "Actual Rows": 1,
    "Actual Loops": 1,
    "Plans": [
      {
        "Node Type": "Gather",
        "Parent Relationship": "Outer",
        "Parallel Aware": false,
        "Startup Cost": 726189.81,
        "Total Cost": 726189.92,
        "Plan Rows": 1,
        "Plan Width": 8,
        "Actual Startup Time": 7782.96,
        "Actual Total Time": 7862.395,
        "Actual Rows": 2,
        "Actual Loops": 1,
        "Workers Planned": 1,
        "Workers Launched": 1,
        "Single Copy": false,
        "Plans": [
          {
            "Node Type": "Aggregate",
            "Strategy": "Plain",
            "Partial Mode": "Partial",
            "Parent Relationship": "Outer",
            "Parallel Aware": false,
            "Startup Cost": 725189.81,
            "Total Cost": 725189.82,
            "Plan Rows": 1,
            "Plan Width": 8,
            "Actual Startup Time": 7777.291,
            "Actual Total Time": 7777.888,
            "Actual Rows": 1,
            "Actual Loops": 2,
            "Plans": [
              {
                "Node Type": "Hash Join",
                "Parent Relationship": "Outer",
                "Parallel Aware": true,
                "Join Type": "Inner",
                "Startup Cost": 128151.71,
                "Total Cost": 709880.75,
                "Plan Rows": 6123625,
                "Plan Width": 0,
                "Actual Startup Time": 1001.029,
                "Actual Total Time": 6986.372,
                "Actual Rows": 17905057,
                "Actual Loops": 2,
                "Inner Unique": false,
                "Hash Cond": "(ci.movie_id = t.id)",
                "Plans": [
                  {
                    "Node Type": "Seq Scan",
                    "Parent Relationship": "Outer",
                    "Parallel Aware": true,
                    "Relation Name": "cast_info",
                    "Alias": "ci",
                    "Startup Cost": 0.0,
                    "Total Cost": 465792.95,
                    "Plan Rows": 21310595,
                    "Plan Width": 4,
                    "Actual Startup Time": 0.019,
                    "Actual Total Time": 1575.296,
                    "Actual Rows": 18122172,
                    "Actual Loops": 2
                  },
                  {
                    "Node Type": "Hash",
                    "Parent Relationship": "Inner",
                    "Parallel Aware": true,
                    "Startup Cost": 122809.74,
                    "Total Cost": 122809.74,
                    "Plan Rows": 427358,
                    "Plan Width": 8,
                    "Actual Startup Time": 991.341,
                    "Actual Total Time": 991.937,
                    "Actual Rows": 319708,
                    "Actual Loops": 2,
                    "Hash Buckets": 1048576,
                    "Original Hash Buckets": 1048576,
                    "Hash Batches": 1,
                    "Original Hash Batches": 1,
                    "Peak Memory Usage": 33248,
                    "Plans": [
                      {
                        "Node Type": "Hash Join",
                        "Parent Relationship": "Outer",
                        "Parallel Aware": true,
                        "Join Type": "Inner",
                        "Startup Cost": 89377.46,
                        "Total Cost": 122809.74,
                        "Plan Rows": 427358,
                        "Plan Width": 8,
                        "Actual Startup Time": 638.46,
                        "Actual Total Time": 903.146,
                        "Actual Rows": 319708,
                        "Actual Loops": 2,
                        "Inner Unique": true,
                        "Hash Cond": "(mk.movie_id = t.id)",
                        "Plans": [
                          {
                            "Node Type": "Bitmap Heap Scan",
                            "Parent Relationship": "Outer",
                            "Parallel Aware": true,
                            "Relation Name": "movie_keyword",
                            "Alias": "mk",
                            "Startup Cost": 21405.17,
                            "Total Cost": 53279.23,
                            "Plan Rows": 593605,
                            "Plan Width": 4,
                            "Actual Startup Time": 63.868,
                            "Actual Total Time": 190.052,
                            "Actual Rows": 503854,
                            "Actual Loops": 2,
                            "Recheck Cond": "(keyword_id > 18242)",
                            "Rows Removed by Index Recheck": 0,
                            "Exact Heap Blocks": 14675,
                            "Lossy Heap Blocks": 0,
                            "Plans": [
                              {
                                "Node Type": "Bitmap Index Scan",
                                "Parent Relationship": "Outer",
                                "Parallel Aware": false,
                                "Index Name": "keyword_id_movie_keyword",
                                "Startup Cost": 0.0,
                                "Total Cost": 21152.89,
                                "Plan Rows": 1009128,
                                "Plan Width": 0,
                                "Actual Startup Time": 59.826,
                                "Actual Total Time": 59.826,
                                "Actual Rows": 1007707,
                                "Actual Loops": 1,
                                "Index Cond": "(keyword_id > 18242)"
                              }
                            ]
                          },
                          {
                            "Node Type": "Hash",
                            "Parent Relationship": "Inner",
                            "Parallel Aware": true,
                            "Startup Cost": 54588.39,
                            "Total Cost": 54588.39,
                            "Plan Rows": 1070712,
                            "Plan Width": 4,
                            "Actual Startup Time": 563.965,
                            "Actual Total Time": 563.966,
                            "Actual Rows": 906622,
                            "Actual Loops": 2,
                            "Hash Buckets": 2097152,
                            "Original Hash Buckets": 2097152,
                            "Hash Batches": 1,
                            "Original Hash Batches": 1,
                            "Peak Memory Usage": 87328,
                            "Plans": [
                              {
                                "Node Type": "Seq Scan",
                                "Parent Relationship": "Outer",
                                "Parallel Aware": true,
                                "Relation Name": "title",
                                "Alias": "t",
                                "Startup Cost": 0.0,
                                "Total Cost": 54588.39,
                                "Plan Rows": 1070712,
                                "Plan Width": 4,
                                "Actual Startup Time": 0.044,
                                "Actual Total Time": 225.553,
                                "Actual Rows": 906622,
                                "Actual Loops": 2,
                                "Filter": "(production_year > 1987)",
                                "Rows Removed by Filter": 357534
                              }
                            ]
                          }
                        ]
                      }
                    ]
                  }
                ]
              }
            ]
          }
        ]
      }
    ]
  },
  "Planning Time": 1.192,
  "Triggers": [],
  "Execution Time": 7862.551
}