[
  {
    "Plan": {
      "Node Type": "Aggregate",
      "Strategy": "Plain",
      "Partial Mode": "Finalize",
      "Parallel Aware": false,
      "Startup Cost": 79277.64,
      "Total Cost": 79277.65,
      "Plan Rows": 1,
      "Plan Width": 8,
      "Actual Startup Time": 426.767,
      "Actual Total Time": 439.496,
      "Actual Rows": 1,
      "Actual Loops": 1,
      "Plans": [
        {
          "Node Type": "Gather",
          "Parent Relationship": "Outer",
          "Parallel Aware": false,
          "Startup Cost": 79277.32,
          "Total Cost": 79277.63,
          "Plan Rows": 3,
          "Plan Width": 8,
          "Actual Startup Time": 423.89,
          "Actual Total Time": 439.486,
          "Actual Rows": 4,
          "Actual Loops": 1,
          "Workers Planned": 3,
          "Workers Launched": 3,
          "Single Copy": false,
          "Plans": [
            {
              "Node Type": "Aggregate",
              "Strategy": "Plain",
              "Partial Mode": "Partial",
              "Parent Relationship": "Outer",
              "Parallel Aware": false,
              "Startup Cost": 78277.32,
              "Total Cost": 78277.33,
              "Plan Rows": 1,
              "Plan Width": 8,
              "Actual Startup Time": 415.108,
              "Actual Total Time": 415.111,
              "Actual Rows": 1,
              "Actual Loops": 4,
              "Plans": [
                {
                  "Node Type": "Hash Join",
                  "Parent Relationship": "Outer",
                  "Parallel Aware": true,
                  "Join Type": "Inner",
                  "Startup Cost": 47235.75,
                  "Total Cost": 77974.86,
                  "Plan Rows": 120986,
                  "Plan Width": 0,
                  "Actual Startup Time": 197.464,
                  "Actual Total Time": 402.662,
                  "Actual Rows": 214961,
                  "Actual Loops": 4,
                  "Inner Unique": true,
                  "Hash Cond": "(mc.movie_id = t.id)",
                  "Plans": [
                    {
                      "Node Type": "Seq Scan",
                      "Parent Relationship": "Outer",
                      "Parallel Aware": true,
                      "Relation Name": "movie_companies",
                      "Alias": "mc",
                      "Startup Cost": 0.0,
                      "Total Cost": 29310.68,
                      "Plan Rows": 544163,
                      "Plan Width": 4,
                      "Actual Startup Time": 0.024,
                      "Actual Total Time": 87.189,
                      "Actual Rows": 419020,
                      "Actual Loops": 4,
                      "Filter": "(company_id < 19352)",
                      "Rows Removed by Filter": 233262
                    },
                    {
                      "Node Type": "Hash",
                      "Parent Relationship": "Inner",
                      "Parallel Aware": true,
                      "Startup Cost": 45479.1,
                      "Total Cost": 45479.1,
                      "Plan Rows": 140532,
                      "Plan Width": 4,
                      "Actual Startup Time": 192.139,
                      "Actual Total Time": 192.139,
                      "Actual Rows": 160446,
                      "Actual Loops": 4,
                      "Hash Buckets": 1048576,
                      "Original Hash Buckets": 1048576,
                      "Hash Batches": 1,
                      "Original Hash Batches": 1,
                      "Peak Memory Usage": 33376,
                      "Plans": [
                        {
                          "Node Type": "Seq Scan",
                          "Parent Relationship": "Outer",
                          "Parallel Aware": true,
                          "Relation Name": "title",
                          "Alias": "t",
                          "Startup Cost": 0.0,
                          "Total Cost": 45479.1,
                          "Plan Rows": 140532,
                          "Plan Width": 4,
                          "Actual Startup Time": 0.049,
                          "Actual Total Time": 123.166,
                          "Actual Rows": 160446,
                          "Actual Loops": 4,
                          "Filter": "((kind_id < 7) AND (production_year < 2006))",
                          "Rows Removed by Filter": 471632
                        }
                      ]
                    }
                  ]
                }
              ]
            }
          ]
        }
      ]
    },
    "Planning Time": 0.735,
    "Triggers": [],
    "Execution Time": 439.569
  }
]