[
  {
    "Plan": {
      "Node Type": "Aggregate",
      "Strategy": "Plain",
      "Partial Mode": "Finalize",
      "Parallel Aware": false,
      "Startup Cost": 38256.24,
      "Total Cost": 38256.25,
      "Plan Rows": 1,
      "Plan Width": 8,
      "Actual Startup Time": 143.963,
      "Actual Total Time": 152.223,
      "Actual Rows": 1,
      "Actual Loops": 1,
      "Plans": [
        {
          "Node Type": "Gather",
          "Parent Relationship": "Outer",
          "Parallel Aware": false,
          "Startup Cost": 38255.92,
          "Total Cost": 38256.23,
          "Plan Rows": 3,
          "Plan Width": 8,
          "Actual Startup Time": 143.73,
          "Actual Total Time": 152.213,
          "Actual Rows": 4,
          "Actual Loops": 1,
          "Workers Planned": 3,
          "Workers Launched": 3,
          "Single Copy": false,
          "Plans": [
            {
              "Node Type": "Aggregate",
              "Strategy": "Plain",
              "Partial Mode": "Partial",
              "Parent Relationship": "Outer",
              "Parallel Aware": false,
              "Startup Cost": 37255.92,
              "Total Cost": 37255.93,
              "Plan Rows": 1,
              "Plan Width": 8,
              "Actual Startup Time": 136.605,
              "Actual Total Time": 136.606,
              "Actual Rows": 1,
              "Actual Loops": 4,
              "Plans": [
                {
                  "Node Type": "Bitmap Heap Scan",
                  "Parent Relationship": "Outer",
                  "Parallel Aware": true,
                  "Relation Name": "movie_keyword",
                  "Alias": "mk",
                  "Startup Cost": 10424.41,
                  "Total Cost": 36859.67,
                  "Plan Rows": 158501,
                  "Plan Width": 0,
                  "Actual Startup Time": 53.372,
                  "Actual Total Time": 128.827,
                  "Actual Rows": 119549,
                  "Actual Loops": 4,
                  "Recheck Cond": "(keyword_id > 37377)",
                  "Rows Removed by Index Recheck": 0,
                  "Exact Heap Blocks": 7977,
                  "Lossy Heap Blocks": 0,
                  "Plans": [
                    {
                      "Node Type": "Bitmap Index Scan",
                      "Parent Relationship": "Outer",
                      "Parallel Aware": false,
                      "Index Name": "keyword_id_movie_keyword",
                      "Startup Cost": 0.0,
                      "Total Cost": 10301.57,
                      "Plan Rows": 491352,
                      "Plan Width": 0,
                      "Actual Startup Time": 54.113,
                      "Actual Total Time": 54.113,
                      "Actual Rows": 478196,
                      "Actual Loops": 1,
                      "Index Cond": "(keyword_id > 37377)"
                    }
                  ]
                }
              ]
            }
          ]
        }
      ]
    },
    "Planning Time": 0.192,
    "Triggers": [],
    "Execution Time": 152.306
  }
]