{
  "Plan": {
    "Node Type": "Aggregate",
    "Strategy": "Plain",
    "Partial Mode": "Finalize",
    "Parallel Aware": false,
    "Startup Cost": 1024944.08,
    "Total Cost": 1024944.09,
    "Plan Rows": 1,
    "Plan Width": 8,
    "Actual Startup Time": 6573.0,
    "Actual Total Time": 6679.943,
    "Actual Rows": 1,
    "Actual Loops": 1,
    "Plans": [
      {
        "Node Type": "Gather",
        "Parent Relationship": "Outer",
        "Parallel Aware": false,
        "Startup Cost": 1024943.96,
        "Total Cost": 1024944.07,
        "Plan Rows": 1,
        "Plan Width": 8,
        "Actual Startup Time": 6566.07,
        "Actual Total Time": 6679.932,
        "Actual Rows": 2,
        "Actual Loops": 1,
        "Workers Planned": 1,
        "Workers Launched": 1,
        "Single Copy": false,
        "Plans": [
          {
            "Node Type": "Aggregate",
            "Strategy": "Plain",
            "Partial Mode": "Partial",
            "Parent Relationship": "Outer",
            "Parallel Aware": false,
            "Startup Cost": 1023943.96,
            "Total Cost": 1023943.97,
            "Plan Rows": 1,
            "Plan Width": 8,
            "Actual Startup Time": 6560.202,
            "Actual Total Time": 6560.52,
            "Actual Rows": 1,
            "Actual Loops": 2,
            "Plans": [
              {
                "Node Type": "Hash Join",
                "Parent Relationship": "Outer",
                "Parallel Aware": true,
                "Join Type": "Inner",
                "Startup Cost": 595787.71,
                "Total Cost": 1007656.2,
                "Plan Rows": 6515104,
                "Plan Width": 0,
                "Actual Startup Time": 4119.317,
                "Actual Total Time": 6457.814,
                "Actual Rows": 2634671,
                "Actual Loops": 2,
                "Inner Unique": false,
                "Hash Cond": "(mi.movie_id = t.id)",
                "Plans": [
                  {
                    "Node Type": "Seq Scan",
                    "Parent Relationship": "Outer",
                    "Parallel Aware": true,
                    "Relation Name": "movie_info",
                    "Alias": "mi",
                    "Startup Cost": 0.0,
                    "Total Cost": 270696.42,
                    "Plan Rows": 8227834,
                    "Plan Width": 4,
                    "Actual Startup Time": 0.018,
                    "Actual Total Time": 756.375,
                    "Actual Rows": 7016790,
                    "Actual Loops": 2,
                    "Filter": "(info_type_id > 1)",
                    "Rows Removed by Filter": 401070
                  },
                  {
                    "Node Type": "Hash",
                    "Parent Relationship": "Inner",
                    "Parallel Aware": true,
                    "Startup Cost": 581067.15,
                    "Total Cost": 581067.15,
                    "Plan Rows": 1177645,
                    "Plan Width": 8,
                    "Actual Startup Time": 4105.334,
                    "Actual Total Time": 4105.651,
                    "Actual Rows": 1084658,
                    "Actual Loops": 2,
                    "Hash Buckets": 4194304,
                    "Original Hash Buckets": 2097152,
                    "Hash Batches": 1,
                    "Original Hash Batches": 1,
                    "Peak Memory Usage": 134048,
                    "Plans": [
                      {
                        "Node Type": "Hash Join",
                        "Parent Relationship": "Outer",
                        "Parallel Aware": true,
                        "Join Type": "Inner",
                        "Startup Cost": 59333.79,
                        "Total Cost": 581067.15,
                        "Plan Rows": 1177645,
                        "Plan Width": 8,
                        "Actual Startup Time": 152.87,
                        "Actual Total Time": 3733.346,
                        "Actual Rows": 1084658,
                        "Actual Loops": 2,
                        "Inner Unique": true,
                        "Hash Cond": "(ci.movie_id = t.id)",
                        "Plans": [
                          {
                            "Node Type": "Seq Scan",
                            "Parent Relationship": "Outer",
                            "Parallel Aware": true,
                            "Relation Name": "cast_info",
                            "Alias": "ci",
                            "Startup Cost": 0.0,
                            "Total Cost": 465792.95,
                            "Plan Rows": 21310595,
                            "Plan Width": 4,
                            "Actual Startup Time": 0.013,
                            "Actual Total Time": 1329.529,
                            "Actual Rows": 18122172,
                            "Actual Loops": 2
                          },
                          {
                            "Node Type": "Hash",
                            "Parent Relationship": "Inner",
                            "Parallel Aware": true,
                            "Startup Cost": 58306.47,
                            "Total Cost": 58306.47,
                            "Plan Rows": 82186,
                            "Plan Width": 4,
                            "Actual Startup Time": 151.751,
                            "Actual Total Time": 151.752,
                            "Actual Rows": 75330,
                            "Actual Loops": 2,
                            "Hash Buckets": 262144,
                            "Original Hash Buckets": 262144,
                            "Hash Batches": 1,
                            "Original Hash Batches": 1,
                            "Peak Memory Usage": 7968,
                            "Plans": [
                              {
                                "Node Type": "Seq Scan",
                                "Parent Relationship": "Outer",
                                "Parallel Aware": true,
                                "Relation Name": "title",
                                "Alias": "t",
                                "Startup Cost": 0.0,
                                "Total Cost": 58306.47,
                                "Plan Rows": 82186,
                                "Plan Width": 4,
                                "Actual Startup Time": 0.028,
                                "Actual Total Time": 132.28,
                                "Actual Rows": 75330,
                                "Actual Loops": 2,
                                "Filter": "((production_year > 2011) AND (kind_id = 7))",
                                "Rows Removed by Filter": 1188826
                              }
                            ]
                          }
                        ]
                      }
                    ]
                  }
                ]
              }
            ]
          }
        ]
      }
    ]
  },
  "Planning Time": 0.583,
  "Triggers": [],
  "Execution Time": 6680.018
}