[
  {
    "Plan": {
      "Node Type": "Aggregate",
      "Strategy": "Plain",
      "Partial Mode": "Finalize",
      "Parallel Aware": false,
      "Startup Cost": 128562.81,
      "Total Cost": 128562.82,
      "Plan Rows": 1,
      "Plan Width": 8,
      "Actual Startup Time": 856.986,
      "Actual Total Time": 875.732,
      "Actual Rows": 1,
      "Actual Loops": 1,
      "Plans": [
        {
          "Node Type": "Gather",
          "Parent Relationship": "Outer",
          "Parallel Aware": false,
          "Startup Cost": 128562.5,
          "Total Cost": 128562.81,
          "Plan Rows": 3,
          "Plan Width": 8,
          "Actual Startup Time": 849.252,
          "Actual Total Time": 875.725,
          "Actual Rows": 4,
          "Actual Loops": 1,
          "Workers Planned": 3,
          "Workers Launched": 3,
          "Single Copy": false,
          "Plans": [
            {
              "Node Type": "Aggregate",
              "Strategy": "Plain",
              "Partial Mode": "Partial",
              "Parent Relationship": "Outer",
              "Parallel Aware": false,
              "Startup Cost": 127562.5,
              "Total Cost": 127562.51,
              "Plan Rows": 1,
              "Plan Width": 8,
              "Actual Startup Time": 839.493,
              "Actual Total Time": 839.498,
              "Actual Rows": 1,
              "Actual Loops": 4,
              "Plans": [
                {
                  "Node Type": "Hash Join",
                  "Parent Relationship": "Outer",
                  "Parallel Aware": true,
                  "Join Type": "Inner",
                  "Startup Cost": 80847.42,
                  "Total Cost": 126464.87,
                  "Plan Rows": 439051,
                  "Plan Width": 0,
                  "Actual Startup Time": 490.909,
                  "Actual Total Time": 785.956,
                  "Actual Rows": 1365392,
                  "Actual Loops": 4,
                  "Inner Unique": false,
                  "Hash Cond": "(mk.movie_id = t.id)",
                  "Plans": [
                    {
                      "Node Type": "Seq Scan",
                      "Parent Relationship": "Outer",
                      "Parallel Aware": true,
                      "Relation Name": "movie_keyword",
                      "Alias": "mk",
                      "Startup Cost": 0.0,
                      "Total Cost": 39047.32,
                      "Plan Rows": 1459332,
                      "Plan Width": 4,
                      "Actual Startup Time": 0.03,
                      "Actual Total Time": 86.998,
                      "Actual Rows": 1130982,
                      "Actual Loops": 4
                    },
                    {
                      "Node Type": "Hash",
                      "Parent Relationship": "Inner",
                      "Parallel Aware": true,
                      "Startup Cost": 78470.37,
                      "Total Cost": 78470.37,
                      "Plan Rows": 190164,
                      "Plan Width": 8,
                      "Actual Startup Time": 485.728,
                      "Actual Total Time": 485.732,
                      "Actual Rows": 193820,
                      "Actual Loops": 4,
                      "Hash Buckets": 1048576,
                      "Original Hash Buckets": 1048576,
                      "Hash Batches": 1,
                      "Original Hash Batches": 1,
                      "Peak Memory Usage": 38592,
                      "Plans": [
                        {
                          "Node Type": "Hash Join",
                          "Parent Relationship": "Outer",
                          "Parallel Aware": true,
                          "Join Type": "Inner",
                          "Startup Cost": 32377.84,
                          "Total Cost": 78470.37,
                          "Plan Rows": 190164,
                          "Plan Width": 8,
                          "Actual Startup Time": 148.508,
                          "Actual Total Time": 416.888,
                          "Actual Rows": 193820,
                          "Actual Loops": 4,
                          "Inner Unique": false,
                          "Hash Cond": "(t.id = mc.movie_id)",
                          "Plans": [
                            {
                              "Node Type": "Seq Scan",
                              "Parent Relationship": "Outer",
                              "Parallel Aware": true,
                              "Relation Name": "title",
                              "Alias": "t",
                              "Startup Cost": 0.0,
                              "Total Cost": 42318.73,
                              "Plan Rows": 632073,
                              "Plan Width": 4,
                              "Actual Startup Time": 0.013,
                              "Actual Total Time": 77.343,
                              "Actual Rows": 632078,
                              "Actual Loops": 4
                            },
                            {
                              "Node Type": "Hash",
                              "Parent Relationship": "Inner",
                              "Parallel Aware": true,
                              "Startup Cost": 29310.68,
                              "Total Cost": 29310.68,
                              "Plan Rows": 245373,
                              "Plan Width": 4,
                              "Actual Startup Time": 145.825,
                              "Actual Total Time": 145.826,
                              "Actual Rows": 193820,
                              "Actual Loops": 4,
                              "Hash Buckets": 1048576,
                              "Original Hash Buckets": 1048576,
                              "Hash Batches": 1,
                              "Original Hash Batches": 1,
                              "Peak Memory Usage": 38592,
                              "Plans": [
                                {
                                  "Node Type": "Seq Scan",
                                  "Parent Relationship": "Outer",
                                  "Parallel Aware": true,
                                  "Relation Name": "movie_companies",
                                  "Alias": "mc",
                                  "Startup Cost": 0.0,
                                  "Total Cost": 29310.68,
                                  "Plan Rows": 245373,
                                  "Plan Width": 4,
                                  "Actual Startup Time": 25.682,
                                  "Actual Total Time": 81.638,
                                  "Actual Rows": 193820,
                                  "Actual Loops": 4,
                                  "Filter": "(company_id > 33239)",
                                  "Rows Removed by Filter": 458462
                                }
                              ]
                            }
                          ]
                        }
                      ]
                    }
                  ]
                }
              ]
            }
          ]
        }
      ]
    },
    "Planning Time": 1.435,
    "Triggers": [],
    "Execution Time": 875.839
  }
]