[
  {
    "Plan": {
      "Node Type": "Aggregate",
      "Strategy": "Plain",
      "Partial Mode": "Finalize",
      "Parallel Aware": false,
      "Startup Cost": 65213.8,
      "Total Cost": 65213.81,
      "Plan Rows": 1,
      "Plan Width": 8,
      "Actual Startup Time": 391.902,
      "Actual Total Time": 403.676,
      "Actual Rows": 1,
      "Actual Loops": 1,
      "Plans": [
        {
          "Node Type": "Gather",
          "Parent Relationship": "Outer",
          "Parallel Aware": false,
          "Startup Cost": 65213.58,
          "Total Cost": 65213.79,
          "Plan Rows": 2,
          "Plan Width": 8,
          "Actual Startup Time": 387.628,
          "Actual Total Time": 403.669,
          "Actual Rows": 3,
          "Actual Loops": 1,
          "Workers Planned": 2,
          "Workers Launched": 2,
          "Single Copy": false,
          "Plans": [
            {
              "Node Type": "Aggregate",
              "Strategy": "Plain",
              "Partial Mode": "Partial",
              "Parent Relationship": "Outer",
              "Parallel Aware": false,
              "Startup Cost": 64213.58,
              "Total Cost": 64213.59,
              "Plan Rows": 1,
              "Plan Width": 8,
              "Actual Startup Time": 382.438,
              "Actual Total Time": 382.441,
              "Actual Rows": 1,
              "Actual Loops": 3,
              "Plans": [
                {
                  "Node Type": "Hash Join",
                  "Parent Relationship": "Outer",
                  "Parallel Aware": true,
                  "Join Type": "Inner",
                  "Startup Cost": 48474.1,
                  "Total Cost": 63668.66,
                  "Plan Rows": 217970,
                  "Plan Width": 0,
                  "Actual Startup Time": 272.233,
                  "Actual Total Time": 378.197,
                  "Actual Rows": 89234,
                  "Actual Loops": 3,
                  "Inner Unique": true,
                  "Hash Cond": "(mi_idx.movie_id = t.id)",
                  "Plans": [
                    {
                      "Node Type": "Seq Scan",
                      "Parent Relationship": "Outer",
                      "Parallel Aware": true,
                      "Relation Name": "movie_info_idx",
                      "Alias": "mi_idx",
                      "Startup Cost": 0.0,
                      "Total Cost": 13685.15,
                      "Plan Rows": 575015,
                      "Plan Width": 4,
                      "Actual Startup Time": 0.048,
                      "Actual Total Time": 36.179,
                      "Actual Rows": 460012,
                      "Actual Loops": 3
                    },
                    {
                      "Node Type": "Hash",
                      "Parent Relationship": "Inner",
                      "Parallel Aware": true,
                      "Startup Cost": 45479.1,
                      "Total Cost": 45479.1,
                      "Plan Rows": 239600,
                      "Plan Width": 4,
                      "Actual Startup Time": 266.724,
                      "Actual Total Time": 266.725,
                      "Actual Rows": 350064,
                      "Actual Loops": 3,
                      "Hash Buckets": 2097152,
                      "Original Hash Buckets": 1048576,
                      "Hash Batches": 1,
                      "Original Hash Batches": 1,
                      "Peak Memory Usage": 65728,
                      "Plans": [
                        {
                          "Node Type": "Seq Scan",
                          "Parent Relationship": "Outer",
                          "Parallel Aware": true,
                          "Relation Name": "title",
                          "Alias": "t",
                          "Startup Cost": 0.0,
                          "Total Cost": 45479.1,
                          "Plan Rows": 239600,
                          "Plan Width": 4,
                          "Actual Startup Time": 0.025,
                          "Actual Total Time": 118.636,
                          "Actual Rows": 350064,
                          "Actual Loops": 3,
                          "Filter": "((production_year > 1996) AND (kind_id = 7))",
                          "Rows Removed by Filter": 492707
                        }
                      ]
                    }
                  ]
                }
              ]
            }
          ]
        }
      ]
    },
    "Planning Time": 0.359,
    "Triggers": [],
    "Execution Time": 403.722
  }
]