[
    {
        "Bao": {
            "Bao prediction": "NaN",
            "Bao recommended hint": "(no hint)"
        }
    },
    {
        "Plan": {
            "Node Type": "Aggregate",
            "Strategy": "Plain",
            "Partial Mode": "Finalize",
            "Parallel Aware": false,
            "Startup Cost": 98402.39,
            "Total Cost": 98402.4,
            "Plan Rows": 1,
            "Plan Width": 8,
            "Actual Startup Time": 319.463,
            "Actual Total Time": 334.281,
            "Actual Rows": 1,
            "Actual Loops": 1,
            "Output": [
                "count(*)"
            ],
            "Plans": [
                {
                    "Node Type": "Gather",
                    "Parent Relationship": "Outer",
                    "Parallel Aware": false,
                    "Startup Cost": 98402.07,
                    "Total Cost": 98402.38,
                    "Plan Rows": 3,
                    "Plan Width": 8,
                    "Actual Startup Time": 318.312,
                    "Actual Total Time": 334.271,
                    "Actual Rows": 4,
                    "Actual Loops": 1,
                    "Output": [
                        "(PARTIAL count(*))"
                    ],
                    "Workers Planned": 3,
                    "Workers Launched": 3,
                    "Single Copy": false,
                    "Plans": [
                        {
                            "Node Type": "Aggregate",
                            "Strategy": "Plain",
                            "Partial Mode": "Partial",
                            "Parent Relationship": "Outer",
                            "Parallel Aware": false,
                            "Startup Cost": 97402.07,
                            "Total Cost": 97402.08,
                            "Plan Rows": 1,
                            "Plan Width": 8,
                            "Actual Startup Time": 308.953,
                            "Actual Total Time": 308.957,
                            "Actual Rows": 1,
                            "Actual Loops": 4,
                            "Output": [
                                "PARTIAL count(*)"
                            ],
                            "Workers": [
                                {
                                    "Worker Number": 0,
                                    "Actual Startup Time": 305.758,
                                    "Actual Total Time": 305.76,
                                    "Actual Rows": 1,
                                    "Actual Loops": 1
                                },
                                {
                                    "Worker Number": 1,
                                    "Actual Startup Time": 306.068,
                                    "Actual Total Time": 306.071,
                                    "Actual Rows": 1,
                                    "Actual Loops": 1
                                },
                                {
                                    "Worker Number": 2,
                                    "Actual Startup Time": 306.357,
                                    "Actual Total Time": 306.36,
                                    "Actual Rows": 1,
                                    "Actual Loops": 1
                                }
                            ],
                            "Plans": [
                                {
                                    "Node Type": "Nested Loop",
                                    "Parent Relationship": "Outer",
                                    "Parallel Aware": false,
                                    "Join Type": "Inner",
                                    "Startup Cost": 58242.01,
                                    "Total Cost": 97362.68,
                                    "Plan Rows": 15754,
                                    "Plan Width": 0,
                                    "Actual Startup Time": 144.496,
                                    "Actual Total Time": 303.039,
                                    "Actual Rows": 124827,
                                    "Actual Loops": 4,
                                    "Inner Unique": false,
                                    "Join Filter": "(t.id = mc.movie_id)",
                                    "Rows Removed by Join Filter": 0,
                                    "Workers": [
                                        {
                                            "Worker Number": 0,
                                            "Actual Startup Time": 141.181,
                                            "Actual Total Time": 299.874,
                                            "Actual Rows": 116192,
                                            "Actual Loops": 1
                                        },
                                        {
                                            "Worker Number": 1,
                                            "Actual Startup Time": 141.841,
                                            "Actual Total Time": 300.723,
                                            "Actual Rows": 109283,
                                            "Actual Loops": 1
                                        },
                                        {
                                            "Worker Number": 2,
                                            "Actual Startup Time": 141.954,
                                            "Actual Total Time": 300.435,
                                            "Actual Rows": 117331,
                                            "Actual Loops": 1
                                        }
                                    ],
                                    "Plans": [
                                        {
                                            "Node Type": "Hash Join",
                                            "Parent Relationship": "Outer",
                                            "Parallel Aware": true,
                                            "Join Type": "Inner",
                                            "Startup Cost": 58241.58,
                                            "Total Cost": 85479.94,
                                            "Plan Rows": 15265,
                                            "Plan Width": 8,
                                            "Actual Startup Time": 144.404,
                                            "Actual Total Time": 214.664,
                                            "Actual Rows": 13370,
                                            "Actual Loops": 4,
                                            "Output": [
                                                "t.id",
                                                "mk.movie_id"
                                            ],
                                            "Inner Unique": true,
                                            "Hash Cond": "(mk.movie_id = t.id)",
                                            "Workers": [
                                                {
                                                    "Worker Number": 0,
                                                    "Actual Startup Time": 141.071,
                                                    "Actual Total Time": 209.62,
                                                    "Actual Rows": 12427,
                                                    "Actual Loops": 1
                                                },
                                                {
                                                    "Worker Number": 1,
                                                    "Actual Startup Time": 141.721,
                                                    "Actual Total Time": 211.4,
                                                    "Actual Rows": 11627,
                                                    "Actual Loops": 1
                                                },
                                                {
                                                    "Worker Number": 2,
                                                    "Actual Startup Time": 141.853,
                                                    "Actual Total Time": 210.091,
                                                    "Actual Rows": 12058,
                                                    "Actual Loops": 1
                                                }
                                            ],
                                            "Plans": [
                                                {
                                                    "Node Type": "Bitmap Heap Scan",
                                                    "Parent Relationship": "Outer",
                                                    "Parallel Aware": true,
                                                    "Relation Name": "movie_keyword",
                                                    "Schema": "public",
                                                    "Alias": "mk",
                                                    "Startup Cost": 12107.19,
                                                    "Total Cost": 38862.31,
                                                    "Plan Rows": 184090,
                                                    "Plan Width": 4,
                                                    "Actual Startup Time": 37.001,
                                                    "Actual Total Time": 83.851,
                                                    "Actual Rows": 141482,
                                                    "Actual Loops": 4,
                                                    "Output": [
                                                        "mk.id",
                                                        "mk.movie_id",
                                                        "mk.keyword_id"
                                                    ],
                                                    "Recheck Cond": "(mk.keyword_id > 32469)",
                                                    "Rows Removed by Index Recheck": 0,
                                                    "Exact Heap Blocks": 8165,
                                                    "Lossy Heap Blocks": 0,
                                                    "Workers": [
                                                        {
                                                            "Worker Number": 0,
                                                            "Actual Startup Time": 37.021,
                                                            "Actual Total Time": 83.346,
                                                            "Actual Rows": 125248,
                                                            "Actual Loops": 1
                                                        },
                                                        {
                                                            "Worker Number": 1,
                                                            "Actual Startup Time": 37.142,
                                                            "Actual Total Time": 85.362,
                                                            "Actual Rows": 118172,
                                                            "Actual Loops": 1
                                                        },
                                                        {
                                                            "Worker Number": 2,
                                                            "Actual Startup Time": 37.018,
                                                            "Actual Total Time": 83.479,
                                                            "Actual Rows": 124862,
                                                            "Actual Loops": 1
                                                        }
                                                    ],
                                                    "Plans": [
                                                        {
                                                            "Node Type": "Bitmap Index Scan",
                                                            "Parent Relationship": "Outer",
                                                            "Parallel Aware": false,
                                                            "Index Name": "keyword_id_movie_keyword",
                                                            "Startup Cost": 0.0,
                                                            "Total Cost": 11964.52,
                                                            "Plan Rows": 570678,
                                                            "Plan Width": 0,
                                                            "Actual Startup Time": 33.463,
                                                            "Actual Total Time": 33.464,
                                                            "Actual Rows": 565930,
                                                            "Actual Loops": 1,
                                                            "Index Cond": "(mk.keyword_id > 32469)"
                                                        }
                                                    ]
                                                },
                                                {
                                                    "Node Type": "Hash",
                                                    "Parent Relationship": "Inner",
                                                    "Parallel Aware": true,
                                                    "Startup Cost": 45479.21,
                                                    "Total Cost": 45479.21,
                                                    "Plan Rows": 52415,
                                                    "Plan Width": 4,
                                                    "Actual Startup Time": 105.098,
                                                    "Actual Total Time": 105.099,
                                                    "Actual Rows": 45959,
                                                    "Actual Loops": 4,
                                                    "Output": [
                                                        "t.id"
                                                    ],
                                                    "Hash Buckets": 262144,
                                                    "Original Hash Buckets": 262144,
                                                    "Hash Batches": 1,
                                                    "Original Hash Batches": 1,
                                                    "Peak Memory Usage": 9280,
                                                    "Workers": [
                                                        {
                                                            "Worker Number": 0,
                                                            "Actual Startup Time": 103.399,
                                                            "Actual Total Time": 103.399,
                                                            "Actual Rows": 43218,
                                                            "Actual Loops": 1
                                                        },
                                                        {
                                                            "Worker Number": 1,
                                                            "Actual Startup Time": 103.862,
                                                            "Actual Total Time": 103.862,
                                                            "Actual Rows": 38988,
                                                            "Actual Loops": 1
                                                        },
                                                        {
                                                            "Worker Number": 2,
                                                            "Actual Startup Time": 104.144,
                                                            "Actual Total Time": 104.144,
                                                            "Actual Rows": 43704,
                                                            "Actual Loops": 1
                                                        }
                                                    ],
                                                    "Plans": [
                                                        {
                                                            "Node Type": "Seq Scan",
                                                            "Parent Relationship": "Outer",
                                                            "Parallel Aware": true,
                                                            "Relation Name": "title",
                                                            "Schema": "public",
                                                            "Alias": "t",
                                                            "Startup Cost": 0.0,
                                                            "Total Cost": 45479.21,
                                                            "Plan Rows": 52415,
                                                            "Plan Width": 4,
                                                            "Actual Startup Time": 0.068,
                                                            "Actual Total Time": 90.297,
                                                            "Actual Rows": 45959,
                                                            "Actual Loops": 4,
                                                            "Output": [
                                                                "t.id"
                                                            ],
                                                            "Filter": "((t.kind_id < 7) AND (t.production_year > 2009))",
                                                            "Rows Removed by Filter": 586119,
                                                            "Workers": [
                                                                {
                                                                    "Worker Number": 0,
                                                                    "Actual Startup Time": 0.102,
                                                                    "Actual Total Time": 89.046,
                                                                    "Actual Rows": 43218,
                                                                    "Actual Loops": 1
                                                                },
                                                                {
                                                                    "Worker Number": 1,
                                                                    "Actual Startup Time": 0.049,
                                                                    "Actual Total Time": 89.129,
                                                                    "Actual Rows": 38988,
                                                                    "Actual Loops": 1
                                                                },
                                                                {
                                                                    "Worker Number": 2,
                                                                    "Actual Startup Time": 0.059,
                                                                    "Actual Total Time": 89.798,
                                                                    "Actual Rows": 43704,
                                                                    "Actual Loops": 1
                                                                }
                                                            ]
                                                        }
                                                    ]
                                                }
                                            ]
                                        },
                                        {
                                            "Node Type": "Index Only Scan",
                                            "Parent Relationship": "Inner",
                                            "Parallel Aware": false,
                                            "Scan Direction": "Forward",
                                            "Index Name": "movie_id_movie_companies",
                                            "Relation Name": "movie_companies",
                                            "Schema": "public",
                                            "Alias": "mc",
                                            "Startup Cost": 0.43,
                                            "Total Cost": 0.72,
                                            "Plan Rows": 5,
                                            "Plan Width": 4,
                                            "Actual Startup Time": 0.004,
                                            "Actual Total Time": 0.006,
                                            "Actual Rows": 9,
                                            "Actual Loops": 53480,
                                            "Output": [
                                                "mc.movie_id"
                                            ],
                                            "Index Cond": "(mc.movie_id = mk.movie_id)",
                                            "Rows Removed by Index Recheck": 0,
                                            "Heap Fetches": 499307,
                                            "Workers": [
                                                {
                                                    "Worker Number": 0,
                                                    "Actual Startup Time": 0.004,
                                                    "Actual Total Time": 0.006,
                                                    "Actual Rows": 9,
                                                    "Actual Loops": 12427
                                                },
                                                {
                                                    "Worker Number": 1,
                                                    "Actual Startup Time": 0.004,
                                                    "Actual Total Time": 0.007,
                                                    "Actual Rows": 9,
                                                    "Actual Loops": 11627
                                                },
                                                {
                                                    "Worker Number": 2,
                                                    "Actual Startup Time": 0.004,
                                                    "Actual Total Time": 0.006,
                                                    "Actual Rows": 10,
                                                    "Actual Loops": 12058
                                                }
                                            ]
                                        }
                                    ]
                                }
                            ]
                        }
                    ]
                }
            ]
        },
        "Planning Time": 245.358,
        "Triggers": [],
        "Execution Time": 334.418
    }
]