[
    {
        "Bao": {
            "Bao prediction": "NaN",
            "Bao recommended hint": "(no hint)"
        }
    },
    {
        "Plan": {
            "Node Type": "Aggregate",
            "Strategy": "Plain",
            "Partial Mode": "Finalize",
            "Parallel Aware": false,
            "Startup Cost": 336057.17,
            "Total Cost": 336057.18,
            "Plan Rows": 1,
            "Plan Width": 8,
            "Actual Startup Time": 698.045,
            "Actual Total Time": 728.917,
            "Actual Rows": 1,
            "Actual Loops": 1,
            "Output": [
                "count(*)"
            ],
            "Plans": [
                {
                    "Node Type": "Gather",
                    "Parent Relationship": "Outer",
                    "Parallel Aware": false,
                    "Startup Cost": 336056.55,
                    "Total Cost": 336057.16,
                    "Plan Rows": 6,
                    "Plan Width": 8,
                    "Actual Startup Time": 697.966,
                    "Actual Total Time": 728.909,
                    "Actual Rows": 7,
                    "Actual Loops": 1,
                    "Output": [
                        "(PARTIAL count(*))"
                    ],
                    "Workers Planned": 6,
                    "Workers Launched": 6,
                    "Single Copy": false,
                    "Plans": [
                        {
                            "Node Type": "Aggregate",
                            "Strategy": "Plain",
                            "Partial Mode": "Partial",
                            "Parent Relationship": "Outer",
                            "Parallel Aware": false,
                            "Startup Cost": 335056.55,
                            "Total Cost": 335056.56,
                            "Plan Rows": 1,
                            "Plan Width": 8,
                            "Actual Startup Time": 688.558,
                            "Actual Total Time": 688.56,
                            "Actual Rows": 1,
                            "Actual Loops": 7,
                            "Output": [
                                "PARTIAL count(*)"
                            ],
                            "Workers": [
                                {
                                    "Worker Number": 0,
                                    "Actual Startup Time": 686.331,
                                    "Actual Total Time": 686.332,
                                    "Actual Rows": 1,
                                    "Actual Loops": 1
                                },
                                {
                                    "Worker Number": 1,
                                    "Actual Startup Time": 686.575,
                                    "Actual Total Time": 686.576,
                                    "Actual Rows": 1,
                                    "Actual Loops": 1
                                },
                                {
                                    "Worker Number": 2,
                                    "Actual Startup Time": 686.622,
                                    "Actual Total Time": 686.623,
                                    "Actual Rows": 1,
                                    "Actual Loops": 1
                                },
                                {
                                    "Worker Number": 3,
                                    "Actual Startup Time": 687.296,
                                    "Actual Total Time": 687.297,
                                    "Actual Rows": 1,
                                    "Actual Loops": 1
                                },
                                {
                                    "Worker Number": 4,
                                    "Actual Startup Time": 687.602,
                                    "Actual Total Time": 687.603,
                                    "Actual Rows": 1,
                                    "Actual Loops": 1
                                },
                                {
                                    "Worker Number": 5,
                                    "Actual Startup Time": 687.911,
                                    "Actual Total Time": 687.912,
                                    "Actual Rows": 1,
                                    "Actual Loops": 1
                                }
                            ],
                            "Plans": [
                                {
                                    "Node Type": "Seq Scan",
                                    "Parent Relationship": "Outer",
                                    "Parallel Aware": true,
                                    "Relation Name": "cast_info",
                                    "Schema": "public",
                                    "Alias": "ci",
                                    "Startup Cost": 0.0,
                                    "Total Cost": 328213.62,
                                    "Plan Rows": 2737172,
                                    "Plan Width": 0,
                                    "Actual Startup Time": 209.462,
                                    "Actual Total Time": 571.196,
                                    "Actual Rows": 2355607,
                                    "Actual Loops": 7,
                                    "Output": [
                                        "id",
                                        "person_id",
                                        "movie_id",
                                        "person_role_id",
                                        "note",
                                        "nr_order",
                                        "role_id"
                                    ],
                                    "Filter": "(ci.person_id > 1980711)",
                                    "Rows Removed by Filter": 2822156,
                                    "Workers": [
                                        {
                                            "Worker Number": 0,
                                            "Actual Startup Time": 207.247,
                                            "Actual Total Time": 569.343,
                                            "Actual Rows": 1768793,
                                            "Actual Loops": 1
                                        },
                                        {
                                            "Worker Number": 1,
                                            "Actual Startup Time": 207.487,
                                            "Actual Total Time": 571.089,
                                            "Actual Rows": 2697482,
                                            "Actual Loops": 1
                                        },
                                        {
                                            "Worker Number": 2,
                                            "Actual Startup Time": 207.53,
                                            "Actual Total Time": 577.967,
                                            "Actual Rows": 2678232,
                                            "Actual Loops": 1
                                        },
                                        {
                                            "Worker Number": 3,
                                            "Actual Startup Time": 208.197,
                                            "Actual Total Time": 570.436,
                                            "Actual Rows": 1769307,
                                            "Actual Loops": 1
                                        },
                                        {
                                            "Worker Number": 4,
                                            "Actual Startup Time": 208.504,
                                            "Actual Total Time": 572.074,
                                            "Actual Rows": 2697499,
                                            "Actual Loops": 1
                                        },
                                        {
                                            "Worker Number": 5,
                                            "Actual Startup Time": 208.804,
                                            "Actual Total Time": 572.268,
                                            "Actual Rows": 2694580,
                                            "Actual Loops": 1
                                        }
                                    ]
                                }
                            ]
                        }
                    ]
                }
            ]
        },
        "Planning Time": 310.92,
        "Triggers": [],
        "Execution Time": 728.967
    }
]