[
  {
    "Plan": {
      "Node Type": "Aggregate",
      "Strategy": "Plain",
      "Partial Mode": "Finalize",
      "Parallel Aware": false,
      "Startup Cost": 39705.44,
      "Total Cost": 39705.45,
      "Plan Rows": 1,
      "Plan Width": 8,
      "Actual Startup Time": 40.351,
      "Actual Total Time": 45.421,
      "Actual Rows": 1,
      "Actual Loops": 1,
      "Plans": [
        {
          "Node Type": "Gather",
          "Parent Relationship": "Outer",
          "Parallel Aware": false,
          "Startup Cost": 39705.02,
          "Total Cost": 39705.43,
          "Plan Rows": 4,
          "Plan Width": 8,
          "Actual Startup Time": 40.125,
          "Actual Total Time": 45.415,
          "Actual Rows": 5,
          "Actual Loops": 1,
          "Workers Planned": 4,
          "Workers Launched": 4,
          "Single Copy": false,
          "Plans": [
            {
              "Node Type": "Aggregate",
              "Strategy": "Plain",
              "Partial Mode": "Partial",
              "Parent Relationship": "Outer",
              "Parallel Aware": false,
              "Startup Cost": 38705.02,
              "Total Cost": 38705.03,
              "Plan Rows": 1,
              "Plan Width": 8,
              "Actual Startup Time": 33.094,
              "Actual Total Time": 33.095,
              "Actual Rows": 1,
              "Actual Loops": 5,
              "Plans": [
                {
                  "Node Type": "Bitmap Heap Scan",
                  "Parent Relationship": "Outer",
                  "Parallel Aware": true,
                  "Relation Name": "title",
                  "Alias": "t",
                  "Startup Cost": 2191.38,
                  "Total Cost": 38644.81,
                  "Plan Rows": 24083,
                  "Plan Width": 0,
                  "Actual Startup Time": 3.093,
                  "Actual Total Time": 31.507,
                  "Actual Rows": 23573,
                  "Actual Loops": 5,
                  "Recheck Cond": "(kind_id = 4)",
                  "Rows Removed by Index Recheck": 0,
                  "Filter": "(production_year > 1976)",
                  "Rows Removed by Filter": 73,
                  "Exact Heap Blocks": 6249,
                  "Lossy Heap Blocks": 0,
                  "Plans": [
                    {
                      "Node Type": "Bitmap Index Scan",
                      "Parent Relationship": "Outer",
                      "Parallel Aware": false,
                      "Index Name": "kind_id_title",
                      "Startup Cost": 0.0,
                      "Total Cost": 2167.3,
                      "Plan Rows": 121449,
                      "Plan Width": 0,
                      "Actual Startup Time": 6.108,
                      "Actual Total Time": 6.108,
                      "Actual Rows": 118234,
                      "Actual Loops": 1,
                      "Index Cond": "(kind_id = 4)"
                    }
                  ]
                }
              ]
            }
          ]
        }
      ]
    },
    "Planning Time": 0.186,
    "Triggers": [],
    "Execution Time": 45.496
  }
]