[
  {
    "Plan": {
      "Node Type": "Aggregate",
      "Strategy": "Plain",
      "Partial Mode": "Simple",
      "Parallel Aware": false,
      "Startup Cost": 3299.97,
      "Total Cost": 3299.98,
      "Plan Rows": 1,
      "Plan Width": 8,
      "Actual Startup Time": 87.922,
      "Actual Total Time": 87.924,
      "Actual Rows": 1,
      "Actual Loops": 1,
      "Plans": [
        {
          "Node Type": "Nested Loop",
          "Parent Relationship": "Outer",
          "Parallel Aware": false,
          "Join Type": "Inner",
          "Startup Cost": 7.35,
          "Total Cost": 3298.49,
          "Plan Rows": 591,
          "Plan Width": 0,
          "Actual Startup Time": 1.91,
          "Actual Total Time": 86.712,
          "Actual Rows": 18128,
          "Actual Loops": 1,
          "Inner Unique": false,
          "Plans": [
            {
              "Node Type": "Nested Loop",
              "Parent Relationship": "Outer",
              "Parallel Aware": false,
              "Join Type": "Inner",
              "Startup Cost": 6.78,
              "Total Cost": 3006.58,
              "Plan Rows": 97,
              "Plan Width": 8,
              "Actual Startup Time": 1.882,
              "Actual Total Time": 10.427,
              "Actual Rows": 825,
              "Actual Loops": 1,
              "Inner Unique": true,
              "Plans": [
                {
                  "Node Type": "Bitmap Heap Scan",
                  "Parent Relationship": "Outer",
                  "Parallel Aware": false,
                  "Relation Name": "movie_keyword",
                  "Alias": "mk",
                  "Startup Cost": 6.35,
                  "Total Cost": 922.98,
                  "Plan Rows": 248,
                  "Plan Width": 4,
                  "Actual Startup Time": 1.821,
                  "Actual Total Time": 4.019,
                  "Actual Rows": 913,
                  "Actual Loops": 1,
                  "Recheck Cond": "(keyword_id = 2516)",
                  "Rows Removed by Index Recheck": 0,
                  "Exact Heap Blocks": 868,
                  "Lossy Heap Blocks": 0,
                  "Plans": [
                    {
                      "Node Type": "Bitmap Index Scan",
                      "Parent Relationship": "Outer",
                      "Parallel Aware": false,
                      "Index Name": "keyword_id_movie_keyword",
                      "Startup Cost": 0.0,
                      "Total Cost": 6.29,
                      "Plan Rows": 248,
                      "Plan Width": 0,
                      "Actual Startup Time": 1.505,
                      "Actual Total Time": 1.505,
                      "Actual Rows": 913,
                      "Actual Loops": 1,
                      "Index Cond": "(keyword_id = 2516)"
                    }
                  ]
                },
                {
                  "Node Type": "Index Scan",
                  "Parent Relationship": "Inner",
                  "Parallel Aware": false,
                  "Scan Direction": "Forward",
                  "Index Name": "title_pkey",
                  "Relation Name": "title",
                  "Alias": "t",
                  "Startup Cost": 0.43,
                  "Total Cost": 8.4,
                  "Plan Rows": 1,
                  "Plan Width": 4,
                  "Actual Startup Time": 0.006,
                  "Actual Total Time": 0.006,
                  "Actual Rows": 1,
                  "Actual Loops": 913,
                  "Index Cond": "(id = mk.movie_id)",
                  "Rows Removed by Index Recheck": 0,
                  "Filter": "(kind_id < 7)",
                  "Rows Removed by Filter": 0
                }
              ]
            },
            {
              "Node Type": "Index Scan",
              "Parent Relationship": "Inner",
              "Parallel Aware": false,
              "Scan Direction": "Forward",
              "Index Name": "movie_id_cast_info",
              "Relation Name": "cast_info",
              "Alias": "ci",
              "Startup Cost": 0.56,
              "Total Cost": 2.85,
              "Plan Rows": 16,
              "Plan Width": 4,
              "Actual Startup Time": 0.044,
              "Actual Total Time": 0.09,
              "Actual Rows": 22,
              "Actual Loops": 825,
              "Index Cond": "(movie_id = t.id)",
              "Rows Removed by Index Recheck": 0,
              "Filter": "(person_id > 2108916)",
              "Rows Removed by Filter": 30
            }
          ]
        }
      ]
    },
    "Planning Time": 1.392,
    "Triggers": [],
    "Execution Time": 88.014
  }
]