[
  {
    "Plan": {
      "Node Type": "Aggregate",
      "Strategy": "Plain",
      "Partial Mode": "Finalize",
      "Parallel Aware": false,
      "Startup Cost": 229029.51,
      "Total Cost": 229029.52,
      "Plan Rows": 1,
      "Plan Width": 8,
      "Actual Startup Time": 154.309,
      "Actual Total Time": 179.159,
      "Actual Rows": 1,
      "Actual Loops": 1,
      "Plans": [
        {
          "Node Type": "Gather",
          "Parent Relationship": "Outer",
          "Parallel Aware": false,
          "Startup Cost": 229029.09,
          "Total Cost": 229029.5,
          "Plan Rows": 4,
          "Plan Width": 8,
          "Actual Startup Time": 153.975,
          "Actual Total Time": 179.15,
          "Actual Rows": 5,
          "Actual Loops": 1,
          "Workers Planned": 4,
          "Workers Launched": 4,
          "Single Copy": false,
          "Plans": [
            {
              "Node Type": "Aggregate",
              "Strategy": "Plain",
              "Partial Mode": "Partial",
              "Parent Relationship": "Outer",
              "Parallel Aware": false,
              "Startup Cost": 228029.09,
              "Total Cost": 228029.1,
              "Plan Rows": 1,
              "Plan Width": 8,
              "Actual Startup Time": 146.323,
              "Actual Total Time": 146.325,
              "Actual Rows": 1,
              "Actual Loops": 5,
              "Plans": [
                {
                  "Node Type": "Nested Loop",
                  "Parent Relationship": "Outer",
                  "Parallel Aware": false,
                  "Join Type": "Inner",
                  "Startup Cost": 0.43,
                  "Total Cost": 227999.73,
                  "Plan Rows": 11747,
                  "Plan Width": 0,
                  "Actual Startup Time": 0.528,
                  "Actual Total Time": 145.408,
                  "Actual Rows": 9436,
                  "Actual Loops": 5,
                  "Inner Unique": false,
                  "Plans": [
                    {
                      "Node Type": "Seq Scan",
                      "Parent Relationship": "Outer",
                      "Parallel Aware": true,
                      "Relation Name": "title",
                      "Alias": "t",
                      "Startup Cost": 0.0,
                      "Total Cost": 43899.32,
                      "Plan Rows": 4972,
                      "Plan Width": 4,
                      "Actual Startup Time": 0.118,
                      "Actual Total Time": 69.13,
                      "Actual Rows": 3888,
                      "Actual Loops": 5,
                      "Filter": "(production_year = 1986)",
                      "Rows Removed by Filter": 501774
                    },
                    {
                      "Node Type": "Index Scan",
                      "Parent Relationship": "Inner",
                      "Parallel Aware": false,
                      "Scan Direction": "Forward",
                      "Index Name": "movie_id_movie_info",
                      "Relation Name": "movie_info",
                      "Alias": "mi",
                      "Startup Cost": 0.43,
                      "Total Cost": 36.86,
                      "Plan Rows": 17,
                      "Plan Width": 4,
                      "Actual Startup Time": 0.009,
                      "Actual Total Time": 0.019,
                      "Actual Rows": 2,
                      "Actual Loops": 19440,
                      "Index Cond": "(movie_id = t.id)",
                      "Rows Removed by Index Recheck": 0,
                      "Filter": "(info_type_id < 7)",
                      "Rows Removed by Filter": 4
                    }
                  ]
                }
              ]
            }
          ]
        }
      ]
    },
    "Planning Time": 0.237,
    "Triggers": [],
    "Execution Time": 179.197
  }
]