{
  "Plan": {
    "Node Type": "Aggregate",
    "Strategy": "Plain",
    "Partial Mode": "Finalize",
    "Parallel Aware": false,
    "Startup Cost": 108825.49,
    "Total Cost": 108825.5,
    "Plan Rows": 1,
    "Plan Width": 8,
    "Actual Startup Time": 612.126,
    "Actual Total Time": 627.819,
    "Actual Rows": 1,
    "Actual Loops": 1,
    "Plans": [
      {
        "Node Type": "Gather",
        "Parent Relationship": "Outer",
        "Parallel Aware": false,
        "Startup Cost": 108825.37,
        "Total Cost": 108825.48,
        "Plan Rows": 1,
        "Plan Width": 8,
        "Actual Startup Time": 609.901,
        "Actual Total Time": 627.813,
        "Actual Rows": 2,
        "Actual Loops": 1,
        "Workers Planned": 1,
        "Workers Launched": 1,
        "Single Copy": false,
        "Plans": [
          {
            "Node Type": "Aggregate",
            "Strategy": "Plain",
            "Partial Mode": "Partial",
            "Parent Relationship": "Outer",
            "Parallel Aware": false,
            "Startup Cost": 107825.37,
            "Total Cost": 107825.38,
            "Plan Rows": 1,
            "Plan Width": 8,
            "Actual Startup Time": 601.66,
            "Actual Total Time": 601.663,
            "Actual Rows": 1,
            "Actual Loops": 2,
            "Plans": [
              {
                "Node Type": "Hash Join",
                "Parent Relationship": "Outer",
                "Parallel Aware": true,
                "Join Type": "Inner",
                "Startup Cost": 66316.47,
                "Total Cost": 106797.1,
                "Plan Rows": 411311,
                "Plan Width": 0,
                "Actual Startup Time": 318.255,
                "Actual Total Time": 593.915,
                "Actual Rows": 192452,
                "Actual Loops": 2,
                "Inner Unique": true,
                "Hash Cond": "(mc.movie_id = t.id)",
                "Plans": [
                  {
                    "Node Type": "Seq Scan",
                    "Parent Relationship": "Outer",
                    "Parallel Aware": true,
                    "Relation Name": "movie_companies",
                    "Alias": "mc",
                    "Startup Cost": 0.0,
                    "Total Cost": 37974.77,
                    "Plan Rows": 954612,
                    "Plan Width": 4,
                    "Actual Startup Time": 0.016,
                    "Actual Total Time": 114.593,
                    "Actual Rows": 805156,
                    "Actual Loops": 2,
                    "Filter": "(company_id < 16734)",
                    "Rows Removed by Filter": 499408
                  },
                  {
                    "Node Type": "Hash",
                    "Parent Relationship": "Inner",
                    "Parallel Aware": true,
                    "Startup Cost": 58306.47,
                    "Total Cost": 58306.47,
                    "Plan Rows": 640800,
                    "Plan Width": 4,
                    "Actual Startup Time": 303.065,
                    "Actual Total Time": 303.066,
                    "Actual Rows": 522111,
                    "Actual Loops": 2,
                    "Hash Buckets": 2097152,
                    "Original Hash Buckets": 2097152,
                    "Hash Batches": 1,
                    "Original Hash Batches": 1,
                    "Peak Memory Usage": 57248,
                    "Plans": [
                      {
                        "Node Type": "Seq Scan",
                        "Parent Relationship": "Outer",
                        "Parallel Aware": true,
                        "Relation Name": "title",
                        "Alias": "t",
                        "Startup Cost": 0.0,
                        "Total Cost": 58306.47,
                        "Plan Rows": 640800,
                        "Plan Width": 4,
                        "Actual Startup Time": 0.029,
                        "Actual Total Time": 163.23,
                        "Actual Rows": 522111,
                        "Actual Loops": 2,
                        "Filter": "((production_year < 2009) AND (kind_id = 7))",
                        "Rows Removed by Filter": 742045
                      }
                    ]
                  }
                ]
              }
            ]
          }
        ]
      }
    ]
  },
  "Planning Time": 0.731,
  "Triggers": [],
  "Execution Time": 627.888
}