{
  "Plan": {
    "Node Type": "Aggregate",
    "Strategy": "Plain",
    "Partial Mode": "Finalize",
    "Parallel Aware": false,
    "Startup Cost": 55357.47,
    "Total Cost": 55357.48,
    "Plan Rows": 1,
    "Plan Width": 8,
    "Actual Startup Time": 106.321,
    "Actual Total Time": 113.459,
    "Actual Rows": 1,
    "Actual Loops": 1,
    "Plans": [
      {
        "Node Type": "Gather",
        "Parent Relationship": "Outer",
        "Parallel Aware": false,
        "Startup Cost": 55357.36,
        "Total Cost": 55357.47,
        "Plan Rows": 1,
        "Plan Width": 8,
        "Actual Startup Time": 106.064,
        "Actual Total Time": 113.452,
        "Actual Rows": 2,
        "Actual Loops": 1,
        "Workers Planned": 1,
        "Workers Launched": 1,
        "Single Copy": false,
        "Plans": [
          {
            "Node Type": "Aggregate",
            "Strategy": "Plain",
            "Partial Mode": "Partial",
            "Parent Relationship": "Outer",
            "Parallel Aware": false,
            "Startup Cost": 54357.36,
            "Total Cost": 54357.37,
            "Plan Rows": 1,
            "Plan Width": 8,
            "Actual Startup Time": 100.079,
            "Actual Total Time": 100.081,
            "Actual Rows": 1,
            "Actual Loops": 2,
            "Plans": [
              {
                "Node Type": "Nested Loop",
                "Parent Relationship": "Outer",
                "Parallel Aware": false,
                "Join Type": "Inner",
                "Startup Cost": 11823.29,
                "Total Cost": 54357.32,
                "Plan Rows": 16,
                "Plan Width": 0,
                "Actual Startup Time": 39.036,
                "Actual Total Time": 99.999,
                "Actual Rows": 740,
                "Actual Loops": 2,
                "Inner Unique": false,
                "Plans": [
                  {
                    "Node Type": "Bitmap Heap Scan",
                    "Parent Relationship": "Outer",
                    "Parallel Aware": true,
                    "Relation Name": "title",
                    "Alias": "t",
                    "Startup Cost": 11822.85,
                    "Total Cost": 53673.11,
                    "Plan Rows": 4,
                    "Plan Width": 4,
                    "Actual Startup Time": 38.872,
                    "Actual Total Time": 92.224,
                    "Actual Rows": 214,
                    "Actual Loops": 2,
                    "Recheck Cond": "(kind_id = 1)",
                    "Rows Removed by Index Recheck": 0,
                    "Filter": "(production_year > 2014)",
                    "Rows Removed by Filter": 331198,
                    "Exact Heap Blocks": 9756,
                    "Lossy Heap Blocks": 0,
                    "Plans": [
                      {
                        "Node Type": "Bitmap Index Scan",
                        "Parent Relationship": "Outer",
                        "Parallel Aware": false,
                        "Index Name": "kind_id_title",
                        "Startup Cost": 0.0,
                        "Total Cost": 11822.85,
                        "Plan Rows": 663256,
                        "Plan Width": 0,
                        "Actual Startup Time": 41.531,
                        "Actual Total Time": 41.531,
                        "Actual Rows": 662825,
                        "Actual Loops": 1,
                        "Index Cond": "(kind_id = 1)"
                      }
                    ]
                  },
                  {
                    "Node Type": "Index Scan",
                    "Parent Relationship": "Inner",
                    "Parallel Aware": false,
                    "Scan Direction": "Forward",
                    "Index Name": "movie_id_movie_info",
                    "Relation Name": "movie_info",
                    "Alias": "mi",
                    "Startup Cost": 0.43,
                    "Total Cost": 170.77,
                    "Plan Rows": 28,
                    "Plan Width": 4,
                    "Actual Startup Time": 0.02,
                    "Actual Total Time": 0.035,
                    "Actual Rows": 3,
                    "Actual Loops": 428,
                    "Index Cond": "(movie_id = t.id)",
                    "Rows Removed by Index Recheck": 0,
                    "Filter": "(info_type_id > 4)",
                    "Rows Removed by Filter": 3
                  }
                ]
              }
            ]
          }
        ]
      }
    ]
  },
  "Planning Time": 0.475,
  "Triggers": [],
  "Execution Time": 113.549
}