{
  "Plan": {
    "Node Type": "Aggregate",
    "Strategy": "Plain",
    "Partial Mode": "Finalize",
    "Parallel Aware": false,
    "Startup Cost": 165347.24,
    "Total Cost": 165347.25,
    "Plan Rows": 1,
    "Plan Width": 8,
    "Actual Startup Time": 751.072,
    "Actual Total Time": 772.608,
    "Actual Rows": 1,
    "Actual Loops": 1,
    "Plans": [
      {
        "Node Type": "Gather",
        "Parent Relationship": "Outer",
        "Parallel Aware": false,
        "Startup Cost": 165347.13,
        "Total Cost": 165347.24,
        "Plan Rows": 1,
        "Plan Width": 8,
        "Actual Startup Time": 749.749,
        "Actual Total Time": 772.601,
        "Actual Rows": 2,
        "Actual Loops": 1,
        "Workers Planned": 1,
        "Workers Launched": 1,
        "Single Copy": false,
        "Plans": [
          {
            "Node Type": "Aggregate",
            "Strategy": "Plain",
            "Partial Mode": "Partial",
            "Parent Relationship": "Outer",
            "Parallel Aware": false,
            "Startup Cost": 164347.13,
            "Total Cost": 164347.14,
            "Plan Rows": 1,
            "Plan Width": 8,
            "Actual Startup Time": 742.99,
            "Actual Total Time": 742.996,
            "Actual Rows": 1,
            "Actual Loops": 2,
            "Plans": [
              {
                "Node Type": "Hash Join",
                "Parent Relationship": "Outer",
                "Parallel Aware": true,
                "Join Type": "Inner",
                "Startup Cost": 95883.04,
                "Total Cost": 163989.85,
                "Plan Rows": 142909,
                "Plan Width": 0,
                "Actual Startup Time": 393.208,
                "Actual Total Time": 738.255,
                "Actual Rows": 121252,
                "Actual Loops": 2,
                "Inner Unique": false,
                "Hash Cond": "(mk.movie_id = t.id)",
                "Plans": [
                  {
                    "Node Type": "Seq Scan",
                    "Parent Relationship": "Outer",
                    "Parallel Aware": true,
                    "Relation Name": "movie_keyword",
                    "Alias": "mk",
                    "Startup Cost": 0.0,
                    "Total Cost": 57718.19,
                    "Plan Rows": 2546128,
                    "Plan Width": 4,
                    "Actual Startup Time": 0.014,
                    "Actual Total Time": 199.825,
                    "Actual Rows": 2157812,
                    "Actual Loops": 2,
                    "Filter": "(keyword_id > 137)",
                    "Rows Removed by Filter": 104152
                  },
                  {
                    "Node Type": "Hash",
                    "Parent Relationship": "Inner",
                    "Parallel Aware": true,
                    "Startup Cost": 94839.61,
                    "Total Cost": 94839.61,
                    "Plan Rows": 83475,
                    "Plan Width": 8,
                    "Actual Startup Time": 389.671,
                    "Actual Total Time": 389.675,
                    "Actual Rows": 85780,
                    "Actual Loops": 2,
                    "Hash Buckets": 262144,
                    "Original Hash Buckets": 262144,
                    "Hash Batches": 1,
                    "Original Hash Batches": 1,
                    "Peak Memory Usage": 8768,
                    "Plans": [
                      {
                        "Node Type": "Hash Join",
                        "Parent Relationship": "Outer",
                        "Parallel Aware": true,
                        "Join Type": "Inner",
                        "Startup Cost": 32556.54,
                        "Total Cost": 94839.61,
                        "Plan Rows": 83475,
                        "Plan Width": 8,
                        "Actual Startup Time": 130.103,
                        "Actual Total Time": 369.182,
                        "Actual Rows": 85780,
                        "Actual Loops": 2,
                        "Inner Unique": false,
                        "Hash Cond": "(t.id = mc.movie_id)",
                        "Plans": [
                          {
                            "Node Type": "Seq Scan",
                            "Parent Relationship": "Outer",
                            "Parallel Aware": true,
                            "Relation Name": "title",
                            "Alias": "t",
                            "Startup Cost": 0.0,
                            "Total Cost": 58306.47,
                            "Plan Rows": 557691,
                            "Plan Width": 4,
                            "Actual Startup Time": 0.014,
                            "Actual Total Time": 144.313,
                            "Actual Rows": 436511,
                            "Actual Loops": 2,
                            "Filter": "((kind_id > 3) AND (production_year < 2006))",
                            "Rows Removed by Filter": 827645
                          },
                          {
                            "Node Type": "Hash",
                            "Parent Relationship": "Inner",
                            "Parallel Aware": true,
                            "Startup Cost": 29773.93,
                            "Total Cost": 29773.93,
                            "Plan Rows": 222609,
                            "Plan Width": 4,
                            "Actual Startup Time": 126.257,
                            "Actual Total Time": 126.258,
                            "Actual Rows": 187954,
                            "Actual Loops": 2,
                            "Hash Buckets": 524288,
                            "Original Hash Buckets": 524288,
                            "Hash Batches": 1,
                            "Original Hash Batches": 1,
                            "Peak Memory Usage": 18848,
                            "Plans": [
                              {
                                "Node Type": "Bitmap Heap Scan",
                                "Parent Relationship": "Outer",
                                "Parallel Aware": true,
                                "Relation Name": "movie_companies",
                                "Alias": "mc",
                                "Startup Cost": 8201.31,
                                "Total Cost": 29773.93,
                                "Plan Rows": 222609,
                                "Plan Width": 4,
                                "Actual Startup Time": 29.938,
                                "Actual Total Time": 87.712,
                                "Actual Rows": 187954,
                                "Actual Loops": 2,
                                "Recheck Cond": "(company_id < 222)",
                                "Rows Removed by Index Recheck": 0,
                                "Exact Heap Blocks": 11312,
                                "Lossy Heap Blocks": 0,
                                "Plans": [
                                  {
                                    "Node Type": "Bitmap Index Scan",
                                    "Parent Relationship": "Outer",
                                    "Parallel Aware": false,
                                    "Index Name": "company_id_movie_companies",
                                    "Startup Cost": 0.0,
                                    "Total Cost": 8106.7,
                                    "Plan Rows": 378436,
                                    "Plan Width": 0,
                                    "Actual Startup Time": 27.206,
                                    "Actual Total Time": 27.206,
                                    "Actual Rows": 375909,
                                    "Actual Loops": 1,
                                    "Index Cond": "(company_id < 222)"
                                  }
                                ]
                              }
                            ]
                          }
                        ]
                      }
                    ]
                  }
                ]
              }
            ]
          }
        ]
      }
    ]
  },
  "Planning Time": 0.993,
  "Triggers": [],
  "Execution Time": 772.734
}