[
  {
    "Plan": {
      "Node Type": "Aggregate",
      "Strategy": "Plain",
      "Partial Mode": "Finalize",
      "Parallel Aware": false,
      "Startup Cost": 62234.9,
      "Total Cost": 62234.91,
      "Plan Rows": 1,
      "Plan Width": 8,
      "Actual Startup Time": 205.972,
      "Actual Total Time": 219.543,
      "Actual Rows": 1,
      "Actual Loops": 1,
      "Plans": [
        {
          "Node Type": "Gather",
          "Parent Relationship": "Outer",
          "Parallel Aware": false,
          "Startup Cost": 62234.68,
          "Total Cost": 62234.89,
          "Plan Rows": 2,
          "Plan Width": 8,
          "Actual Startup Time": 204.83,
          "Actual Total Time": 219.536,
          "Actual Rows": 3,
          "Actual Loops": 1,
          "Workers Planned": 2,
          "Workers Launched": 2,
          "Single Copy": false,
          "Plans": [
            {
              "Node Type": "Aggregate",
              "Strategy": "Plain",
              "Partial Mode": "Partial",
              "Parent Relationship": "Outer",
              "Parallel Aware": false,
              "Startup Cost": 61234.68,
              "Total Cost": 61234.69,
              "Plan Rows": 1,
              "Plan Width": 8,
              "Actual Startup Time": 199.639,
              "Actual Total Time": 199.643,
              "Actual Rows": 1,
              "Actual Loops": 3,
              "Plans": [
                {
                  "Node Type": "Hash Join",
                  "Parent Relationship": "Outer",
                  "Parallel Aware": true,
                  "Join Type": "Inner",
                  "Startup Cost": 45597.14,
                  "Total Cost": 61227.49,
                  "Plan Rows": 2878,
                  "Plan Width": 0,
                  "Actual Startup Time": 156.22,
                  "Actual Total Time": 199.143,
                  "Actual Rows": 8221,
                  "Actual Loops": 3,
                  "Inner Unique": true,
                  "Hash Cond": "(mi_idx.movie_id = t.id)",
                  "Plans": [
                    {
                      "Node Type": "Seq Scan",
                      "Parent Relationship": "Outer",
                      "Parallel Aware": true,
                      "Relation Name": "movie_info_idx",
                      "Alias": "mi_idx",
                      "Startup Cost": 0.0,
                      "Total Cost": 15122.68,
                      "Plan Rows": 193397,
                      "Plan Width": 4,
                      "Actual Startup Time": 0.013,
                      "Actual Total Time": 45.53,
                      "Actual Rows": 153395,
                      "Actual Loops": 3,
                      "Filter": "(info_type_id > 100)",
                      "Rows Removed by Filter": 306617
                    },
                    {
                      "Node Type": "Hash",
                      "Parent Relationship": "Inner",
                      "Parallel Aware": true,
                      "Startup Cost": 45479.59,
                      "Total Cost": 45479.59,
                      "Plan Rows": 9404,
                      "Plan Width": 4,
                      "Actual Startup Time": 129.605,
                      "Actual Total Time": 129.606,
                      "Actual Rows": 51573,
                      "Actual Loops": 3,
                      "Hash Buckets": 262144,
                      "Original Hash Buckets": 65536,
                      "Hash Batches": 1,
                      "Original Hash Batches": 1,
                      "Peak Memory Usage": 9696,
                      "Plans": [
                        {
                          "Node Type": "Seq Scan",
                          "Parent Relationship": "Outer",
                          "Parallel Aware": true,
                          "Relation Name": "title",
                          "Alias": "t",
                          "Startup Cost": 0.0,
                          "Total Cost": 45479.59,
                          "Plan Rows": 9404,
                          "Plan Width": 4,
                          "Actual Startup Time": 61.937,
                          "Actual Total Time": 111.096,
                          "Actual Rows": 51573,
                          "Actual Loops": 3,
                          "Filter": "((production_year < 1947) AND (kind_id = 1))",
                          "Rows Removed by Filter": 791198
                        }
                      ]
                    }
                  ]
                }
              ]
            }
          ]
        }
      ]
    },
    "Planning Time": 0.26,
    "Triggers": [],
    "Execution Time": 219.584
  }
]