[
  {
    "Plan": {
      "Node Type": "Aggregate",
      "Strategy": "Plain",
      "Partial Mode": "Finalize",
      "Parallel Aware": false,
      "Startup Cost": 62238.66,
      "Total Cost": 62238.67,
      "Plan Rows": 1,
      "Plan Width": 8,
      "Actual Startup Time": 186.437,
      "Actual Total Time": 199.392,
      "Actual Rows": 1,
      "Actual Loops": 1,
      "Plans": [
        {
          "Node Type": "Gather",
          "Parent Relationship": "Outer",
          "Parallel Aware": false,
          "Startup Cost": 62238.44,
          "Total Cost": 62238.65,
          "Plan Rows": 2,
          "Plan Width": 8,
          "Actual Startup Time": 185.714,
          "Actual Total Time": 199.384,
          "Actual Rows": 3,
          "Actual Loops": 1,
          "Workers Planned": 2,
          "Workers Launched": 2,
          "Single Copy": false,
          "Plans": [
            {
              "Node Type": "Aggregate",
              "Strategy": "Plain",
              "Partial Mode": "Partial",
              "Parent Relationship": "Outer",
              "Parallel Aware": false,
              "Startup Cost": 61238.44,
              "Total Cost": 61238.45,
              "Plan Rows": 1,
              "Plan Width": 8,
              "Actual Startup Time": 178.231,
              "Actual Total Time": 178.234,
              "Actual Rows": 1,
              "Actual Loops": 3,
              "Plans": [
                {
                  "Node Type": "Hash Join",
                  "Parent Relationship": "Outer",
                  "Parallel Aware": true,
                  "Join Type": "Inner",
                  "Startup Cost": 45603.97,
                  "Total Cost": 61230.85,
                  "Plan Rows": 3036,
                  "Plan Width": 0,
                  "Actual Startup Time": 144.365,
                  "Actual Total Time": 177.868,
                  "Actual Rows": 8221,
                  "Actual Loops": 3,
                  "Inner Unique": true,
                  "Hash Cond": "(mi_idx.movie_id = t.id)",
                  "Plans": [
                    {
                      "Node Type": "Seq Scan",
                      "Parent Relationship": "Outer",
                      "Parallel Aware": true,
                      "Relation Name": "movie_info_idx",
                      "Alias": "mi_idx",
                      "Startup Cost": 0.0,
                      "Total Cost": 15122.68,
                      "Plan Rows": 192074,
                      "Plan Width": 4,
                      "Actual Startup Time": 0.022,
                      "Actual Total Time": 34.567,
                      "Actual Rows": 153395,
                      "Actual Loops": 3,
                      "Filter": "(info_type_id > 100)",
                      "Rows Removed by Filter": 306617
                    },
                    {
                      "Node Type": "Hash",
                      "Parent Relationship": "Inner",
                      "Parallel Aware": true,
                      "Startup Cost": 45479.1,
                      "Total Cost": 45479.1,
                      "Plan Rows": 9990,
                      "Plan Width": 4,
                      "Actual Startup Time": 121.753,
                      "Actual Total Time": 121.754,
                      "Actual Rows": 51573,
                      "Actual Loops": 3,
                      "Hash Buckets": 262144,
                      "Original Hash Buckets": 65536,
                      "Hash Batches": 1,
                      "Original Hash Batches": 1,
                      "Peak Memory Usage": 9696,
                      "Plans": [
                        {
                          "Node Type": "Seq Scan",
                          "Parent Relationship": "Outer",
                          "Parallel Aware": true,
                          "Relation Name": "title",
                          "Alias": "t",
                          "Startup Cost": 0.0,
                          "Total Cost": 45479.1,
                          "Plan Rows": 9990,
                          "Plan Width": 4,
                          "Actual Startup Time": 65.569,
                          "Actual Total Time": 106.298,
                          "Actual Rows": 51573,
                          "Actual Loops": 3,
                          "Filter": "((production_year < 1947) AND (kind_id = 1))",
                          "Rows Removed by Filter": 791198
                        }
                      ]
                    }
                  ]
                }
              ]
            }
          ]
        }
      ]
    },
    "Planning Time": 0.576,
    "Triggers": [],
    "Execution Time": 199.457
  }
]