{
  "Plan": {
    "Node Type": "Aggregate",
    "Strategy": "Plain",
    "Partial Mode": "Finalize",
    "Parallel Aware": false,
    "Startup Cost": 168174.85,
    "Total Cost": 168174.86,
    "Plan Rows": 1,
    "Plan Width": 8,
    "Actual Startup Time": 2733.877,
    "Actual Total Time": 2821.868,
    "Actual Rows": 1,
    "Actual Loops": 1,
    "Plans": [
      {
        "Node Type": "Gather",
        "Parent Relationship": "Outer",
        "Parallel Aware": false,
        "Startup Cost": 168174.74,
        "Total Cost": 168174.85,
        "Plan Rows": 1,
        "Plan Width": 8,
        "Actual Startup Time": 2732.12,
        "Actual Total Time": 2821.86,
        "Actual Rows": 2,
        "Actual Loops": 1,
        "Workers Planned": 1,
        "Workers Launched": 1,
        "Single Copy": false,
        "Plans": [
          {
            "Node Type": "Aggregate",
            "Strategy": "Plain",
            "Partial Mode": "Partial",
            "Parent Relationship": "Outer",
            "Parallel Aware": false,
            "Startup Cost": 167174.74,
            "Total Cost": 167174.75,
            "Plan Rows": 1,
            "Plan Width": 8,
            "Actual Startup Time": 2725.243,
            "Actual Total Time": 2725.246,
            "Actual Rows": 1,
            "Actual Loops": 2,
            "Plans": [
              {
                "Node Type": "Nested Loop",
                "Parent Relationship": "Outer",
                "Parallel Aware": false,
                "Join Type": "Inner",
                "Startup Cost": 64171.38,
                "Total Cost": 166774.48,
                "Plan Rows": 160105,
                "Plan Width": 0,
                "Actual Startup Time": 323.582,
                "Actual Total Time": 2669.557,
                "Actual Rows": 947158,
                "Actual Loops": 2,
                "Inner Unique": false,
                "Plans": [
                  {
                    "Node Type": "Hash Join",
                    "Parent Relationship": "Outer",
                    "Parallel Aware": true,
                    "Join Type": "Inner",
                    "Startup Cost": 64170.81,
                    "Total Cost": 89584.63,
                    "Plan Rows": 24885,
                    "Plan Width": 8,
                    "Actual Startup Time": 323.511,
                    "Actual Total Time": 414.264,
                    "Actual Rows": 51491,
                    "Actual Loops": 2,
                    "Inner Unique": true,
                    "Hash Cond": "(mk.movie_id = t.id)",
                    "Plans": [
                      {
                        "Node Type": "Bitmap Heap Scan",
                        "Parent Relationship": "Outer",
                        "Parallel Aware": true,
                        "Relation Name": "movie_keyword",
                        "Alias": "mk",
                        "Startup Cost": 2292.51,
                        "Total Cost": 27539.75,
                        "Plan Rows": 63459,
                        "Plan Width": 4,
                        "Actual Startup Time": 10.62,
                        "Actual Total Time": 57.175,
                        "Actual Rows": 60960,
                        "Actual Loops": 2,
                        "Recheck Cond": "(keyword_id < 117)",
                        "Rows Removed by Index Recheck": 0,
                        "Exact Heap Blocks": 13982,
                        "Lossy Heap Blocks": 0,
                        "Plans": [
                          {
                            "Node Type": "Bitmap Index Scan",
                            "Parent Relationship": "Outer",
                            "Parallel Aware": false,
                            "Index Name": "keyword_id_movie_keyword",
                            "Startup Cost": 0.0,
                            "Total Cost": 2265.54,
                            "Plan Rows": 107881,
                            "Plan Width": 0,
                            "Actual Startup Time": 7.183,
                            "Actual Total Time": 7.184,
                            "Actual Rows": 121921,
                            "Actual Loops": 1,
                            "Index Cond": "(keyword_id < 117)"
                          }
                        ]
                      },
                      {
                        "Node Type": "Hash",
                        "Parent Relationship": "Inner",
                        "Parallel Aware": true,
                        "Startup Cost": 54588.39,
                        "Total Cost": 54588.39,
                        "Plan Rows": 583193,
                        "Plan Width": 4,
                        "Actual Startup Time": 303.55,
                        "Actual Total Time": 303.55,
                        "Actual Rows": 492524,
                        "Actual Loops": 2,
                        "Hash Buckets": 1048576,
                        "Original Hash Buckets": 1048576,
                        "Hash Batches": 1,
                        "Original Hash Batches": 1,
                        "Peak Memory Usage": 46784,
                        "Plans": [
                          {
                            "Node Type": "Seq Scan",
                            "Parent Relationship": "Outer",
                            "Parallel Aware": true,
                            "Relation Name": "title",
                            "Alias": "t",
                            "Startup Cost": 0.0,
                            "Total Cost": 54588.39,
                            "Plan Rows": 583193,
                            "Plan Width": 4,
                            "Actual Startup Time": 0.035,
                            "Actual Total Time": 173.298,
                            "Actual Rows": 492524,
                            "Actual Loops": 2,
                            "Filter": "(kind_id < 7)",
                            "Rows Removed by Filter": 771632
                          }
                        ]
                      }
                    ]
                  },
                  {
                    "Node Type": "Index Scan",
                    "Parent Relationship": "Inner",
                    "Parallel Aware": false,
                    "Scan Direction": "Forward",
                    "Index Name": "movie_id_cast_info",
                    "Relation Name": "cast_info",
                    "Alias": "ci",
                    "Startup Cost": 0.56,
                    "Total Cost": 2.94,
                    "Plan Rows": 16,
                    "Plan Width": 4,
                    "Actual Startup Time": 0.026,
                    "Actual Total Time": 0.042,
                    "Actual Rows": 18,
                    "Actual Loops": 102982,
                    "Index Cond": "(movie_id = t.id)",
                    "Rows Removed by Index Recheck": 0,
                    "Filter": "((person_id < 4013528) AND (role_id > 2))",
                    "Rows Removed by Filter": 24
                  }
                ]
              }
            ]
          }
        ]
      }
    ]
  },
  "Planning Time": 1.061,
  "Triggers": [],
  "Execution Time": 2821.995
}