{
  "Plan": {
    "Node Type": "Aggregate",
    "Strategy": "Plain",
    "Partial Mode": "Finalize",
    "Parallel Aware": false,
    "Startup Cost": 41216.21,
    "Total Cost": 41216.22,
    "Plan Rows": 1,
    "Plan Width": 8,
    "Actual Startup Time": 22.119,
    "Actual Total Time": 25.197,
    "Actual Rows": 1,
    "Actual Loops": 1,
    "Plans": [
      {
        "Node Type": "Gather",
        "Parent Relationship": "Outer",
        "Parallel Aware": false,
        "Startup Cost": 41216.1,
        "Total Cost": 41216.21,
        "Plan Rows": 1,
        "Plan Width": 8,
        "Actual Startup Time": 21.913,
        "Actual Total Time": 25.189,
        "Actual Rows": 2,
        "Actual Loops": 1,
        "Workers Planned": 1,
        "Workers Launched": 1,
        "Single Copy": false,
        "Plans": [
          {
            "Node Type": "Aggregate",
            "Strategy": "Plain",
            "Partial Mode": "Partial",
            "Parent Relationship": "Outer",
            "Parallel Aware": false,
            "Startup Cost": 40216.1,
            "Total Cost": 40216.11,
            "Plan Rows": 1,
            "Plan Width": 8,
            "Actual Startup Time": 15.783,
            "Actual Total Time": 15.786,
            "Actual Rows": 1,
            "Actual Loops": 2,
            "Plans": [
              {
                "Node Type": "Nested Loop",
                "Parent Relationship": "Outer",
                "Parallel Aware": false,
                "Join Type": "Inner",
                "Startup Cost": 120.54,
                "Total Cost": 40203.48,
                "Plan Rows": 5046,
                "Plan Width": 0,
                "Actual Startup Time": 5.056,
                "Actual Total Time": 15.737,
                "Actual Rows": 379,
                "Actual Loops": 2,
                "Inner Unique": false,
                "Plans": [
                  {
                    "Node Type": "Nested Loop",
                    "Parent Relationship": "Outer",
                    "Parallel Aware": false,
                    "Join Type": "Inner",
                    "Startup Cost": 120.11,
                    "Total Cost": 37079.63,
                    "Plan Rows": 1287,
                    "Plan Width": 8,
                    "Actual Startup Time": 4.945,
                    "Actual Total Time": 14.455,
                    "Actual Rows": 14,
                    "Actual Loops": 2,
                    "Inner Unique": true,
                    "Plans": [
                      {
                        "Node Type": "Bitmap Heap Scan",
                        "Parent Relationship": "Outer",
                        "Parallel Aware": true,
                        "Relation Name": "movie_keyword",
                        "Alias": "mk",
                        "Startup Cost": 119.68,
                        "Total Cost": 13395.71,
                        "Plan Rows": 3282,
                        "Plan Width": 4,
                        "Actual Startup Time": 0.694,
                        "Actual Total Time": 1.789,
                        "Actual Rows": 2180,
                        "Actual Loops": 2,
                        "Recheck Cond": "(keyword_id = 29032)",
                        "Rows Removed by Index Recheck": 0,
                        "Exact Heap Blocks": 153,
                        "Lossy Heap Blocks": 0,
                        "Plans": [
                          {
                            "Node Type": "Bitmap Index Scan",
                            "Parent Relationship": "Outer",
                            "Parallel Aware": false,
                            "Index Name": "keyword_id_movie_keyword",
                            "Startup Cost": 0.0,
                            "Total Cost": 118.28,
                            "Plan Rows": 5580,
                            "Plan Width": 0,
                            "Actual Startup Time": 1.199,
                            "Actual Total Time": 1.2,
                            "Actual Rows": 4361,
                            "Actual Loops": 1,
                            "Index Cond": "(keyword_id = 29032)"
                          }
                        ]
                      },
                      {
                        "Node Type": "Index Scan",
                        "Parent Relationship": "Inner",
                        "Parallel Aware": false,
                        "Scan Direction": "Forward",
                        "Index Name": "title_pkey",
                        "Relation Name": "title",
                        "Alias": "t",
                        "Startup Cost": 0.43,
                        "Total Cost": 7.22,
                        "Plan Rows": 1,
                        "Plan Width": 4,
                        "Actual Startup Time": 0.005,
                        "Actual Total Time": 0.005,
                        "Actual Rows": 0,
                        "Actual Loops": 4361,
                        "Index Cond": "(id = mk.movie_id)",
                        "Rows Removed by Index Recheck": 0,
                        "Filter": "(kind_id < 7)",
                        "Rows Removed by Filter": 1
                      }
                    ]
                  },
                  {
                    "Node Type": "Index Scan",
                    "Parent Relationship": "Inner",
                    "Parallel Aware": false,
                    "Scan Direction": "Forward",
                    "Index Name": "movie_id_movie_info",
                    "Relation Name": "movie_info",
                    "Alias": "mi",
                    "Startup Cost": 0.43,
                    "Total Cost": 2.15,
                    "Plan Rows": 28,
                    "Plan Width": 4,
                    "Actual Startup Time": 0.028,
                    "Actual Total Time": 0.089,
                    "Actual Rows": 28,
                    "Actual Loops": 27,
                    "Index Cond": "(movie_id = t.id)",
                    "Rows Removed by Index Recheck": 0,
                    "Filter": "(info_type_id > 4)",
                    "Rows Removed by Filter": 6
                  }
                ]
              }
            ]
          }
        ]
      }
    ]
  },
  "Planning Time": 0.657,
  "Triggers": [],
  "Execution Time": 25.264
}