{
  "Plan": {
    "Node Type": "Aggregate",
    "Strategy": "Plain",
    "Partial Mode": "Finalize",
    "Parallel Aware": false,
    "Startup Cost": 832206.85,
    "Total Cost": 832206.86,
    "Plan Rows": 1,
    "Plan Width": 8,
    "Actual Startup Time": 6981.686,
    "Actual Total Time": 7029.434,
    "Actual Rows": 1,
    "Actual Loops": 1,
    "Plans": [
      {
        "Node Type": "Gather",
        "Parent Relationship": "Outer",
        "Parallel Aware": false,
        "Startup Cost": 832206.74,
        "Total Cost": 832206.85,
        "Plan Rows": 1,
        "Plan Width": 8,
        "Actual Startup Time": 6969.287,
        "Actual Total Time": 7029.426,
        "Actual Rows": 2,
        "Actual Loops": 1,
        "Workers Planned": 1,
        "Workers Launched": 1,
        "Single Copy": false,
        "Plans": [
          {
            "Node Type": "Aggregate",
            "Strategy": "Plain",
            "Partial Mode": "Partial",
            "Parent Relationship": "Outer",
            "Parallel Aware": false,
            "Startup Cost": 831206.74,
            "Total Cost": 831206.75,
            "Plan Rows": 1,
            "Plan Width": 8,
            "Actual Startup Time": 6962.881,
            "Actual Total Time": 6962.887,
            "Actual Rows": 1,
            "Actual Loops": 2,
            "Plans": [
              {
                "Node Type": "Merge Join",
                "Parent Relationship": "Outer",
                "Parallel Aware": false,
                "Join Type": "Inner",
                "Startup Cost": 671169.16,
                "Total Cost": 827964.16,
                "Plan Rows": 1297032,
                "Plan Width": 0,
                "Actual Startup Time": 4405.095,
                "Actual Total Time": 6489.932,
                "Actual Rows": 12585376,
                "Actual Loops": 2,
                "Inner Unique": false,
                "Merge Cond": "(mc.movie_id = t.id)",
                "Plans": [
                  {
                    "Node Type": "Index Only Scan",
                    "Parent Relationship": "Outer",
                    "Parallel Aware": true,
                    "Scan Direction": "Forward",
                    "Index Name": "movie_id_movie_companies",
                    "Relation Name": "movie_companies",
                    "Alias": "mc",
                    "Startup Cost": 0.43,
                    "Total Cost": 129315.97,
                    "Plan Rows": 1534782,
                    "Plan Width": 4,
                    "Actual Startup Time": 0.093,
                    "Actual Total Time": 333.116,
                    "Actual Rows": 1304564,
                    "Actual Loops": 2,
                    "Heap Fetches": 2609129
                  },
                  {
                    "Node Type": "Sort",
                    "Parent Relationship": "Inner",
                    "Parallel Aware": false,
                    "Startup Cost": 671168.52,
                    "Total Cost": 676510.12,
                    "Plan Rows": 2136640,
                    "Plan Width": 8,
                    "Actual Startup Time": 4404.957,
                    "Actual Total Time": 4928.351,
                    "Actual Rows": 14286983,
                    "Actual Loops": 2,
                    "Sort Key": [
                      "mi.movie_id"
                    ],
                    "Sort Method": "quicksort",
                    "Sort Space Used": 239529,
                    "Sort Space Type": "Memory",
                    "Workers": [
                      {
                        "Worker Number": 0,
                        "Sort Method": "quicksort",
                        "Sort Space Used": 239529,
                        "Sort Space Type": "Memory"
                      }
                    ],
                    "Plans": [
                      {
                        "Node Type": "Hash Join",
                        "Parent Relationship": "Outer",
                        "Parallel Aware": false,
                        "Join Type": "Inner",
                        "Startup Cost": 76230.42,
                        "Total Cost": 446533.81,
                        "Plan Rows": 2136640,
                        "Plan Width": 8,
                        "Actual Startup Time": 482.781,
                        "Actual Total Time": 3704.416,
                        "Actual Rows": 3012783,
                        "Actual Loops": 2,
                        "Inner Unique": true,
                        "Hash Cond": "(mi.movie_id = t.id)",
                        "Plans": [
                          {
                            "Node Type": "Seq Scan",
                            "Parent Relationship": "Outer",
                            "Parallel Aware": false,
                            "Relation Name": "movie_info",
                            "Alias": "mi",
                            "Startup Cost": 0.0,
                            "Total Cost": 346788.81,
                            "Plan Rows": 8957915,
                            "Plan Width": 4,
                            "Actual Startup Time": 91.778,
                            "Actual Total Time": 1543.227,
                            "Actual Rows": 8950757,
                            "Actual Loops": 2,
                            "Filter": "(info_type_id > 6)",
                            "Rows Removed by Filter": 5884963
                          },
                          {
                            "Node Type": "Hash",
                            "Parent Relationship": "Inner",
                            "Parallel Aware": false,
                            "Startup Cost": 68692.32,
                            "Total Cost": 68692.32,
                            "Plan Rows": 603048,
                            "Plan Width": 4,
                            "Actual Startup Time": 388.2,
                            "Actual Total Time": 388.202,
                            "Actual Rows": 507407,
                            "Actual Loops": 2,
                            "Hash Buckets": 1048576,
                            "Original Hash Buckets": 1048576,
                            "Hash Batches": 1,
                            "Original Hash Batches": 1,
                            "Peak Memory Usage": 26031,
                            "Plans": [
                              {
                                "Node Type": "Bitmap Heap Scan",
                                "Parent Relationship": "Outer",
                                "Parallel Aware": false,
                                "Relation Name": "title",
                                "Alias": "t",
                                "Startup Cost": 17822.9,
                                "Total Cost": 68692.32,
                                "Plan Rows": 603048,
                                "Plan Width": 4,
                                "Actual Startup Time": 48.154,
                                "Actual Total Time": 250.92,
                                "Actual Rows": 507407,
                                "Actual Loops": 2,
                                "Recheck Cond": "(kind_id < 7)",
                                "Rows Removed by Index Recheck": 0,
                                "Filter": "(production_year > 1997)",
                                "Rows Removed by Filter": 477641,
                                "Exact Heap Blocks": 35472,
                                "Lossy Heap Blocks": 0,
                                "Plans": [
                                  {
                                    "Node Type": "Bitmap Index Scan",
                                    "Parent Relationship": "Outer",
                                    "Parallel Aware": false,
                                    "Index Name": "kind_id_title",
                                    "Startup Cost": 0.0,
                                    "Total Cost": 17672.14,
                                    "Plan Rows": 991428,
                                    "Plan Width": 0,
                                    "Actual Startup Time": 41.859,
                                    "Actual Total Time": 41.86,
                                    "Actual Rows": 985048,
                                    "Actual Loops": 2,
                                    "Index Cond": "(kind_id < 7)"
                                  }
                                ]
                              }
                            ]
                          }
                        ]
                      }
                    ]
                  }
                ]
              }
            ]
          }
        ]
      }
    ]
  },
  "Planning Time": 1.069,
  "Triggers": [],
  "Execution Time": 7055.463
}