[
  {
    "Plan": {
      "Node Type": "Aggregate",
      "Strategy": "Plain",
      "Partial Mode": "Finalize",
      "Parallel Aware": false,
      "Startup Cost": 45397.4,
      "Total Cost": 45397.41,
      "Plan Rows": 1,
      "Plan Width": 8,
      "Actual Startup Time": 137.64,
      "Actual Total Time": 147.518,
      "Actual Rows": 1,
      "Actual Loops": 1,
      "Plans": [
        {
          "Node Type": "Gather",
          "Parent Relationship": "Outer",
          "Parallel Aware": false,
          "Startup Cost": 45397.08,
          "Total Cost": 45397.39,
          "Plan Rows": 3,
          "Plan Width": 8,
          "Actual Startup Time": 137.503,
          "Actual Total Time": 147.508,
          "Actual Rows": 4,
          "Actual Loops": 1,
          "Workers Planned": 3,
          "Workers Launched": 3,
          "Single Copy": false,
          "Plans": [
            {
              "Node Type": "Aggregate",
              "Strategy": "Plain",
              "Partial Mode": "Partial",
              "Parent Relationship": "Outer",
              "Parallel Aware": false,
              "Startup Cost": 44397.08,
              "Total Cost": 44397.09,
              "Plan Rows": 1,
              "Plan Width": 8,
              "Actual Startup Time": 134.115,
              "Actual Total Time": 134.117,
              "Actual Rows": 1,
              "Actual Loops": 4,
              "Plans": [
                {
                  "Node Type": "Seq Scan",
                  "Parent Relationship": "Outer",
                  "Parallel Aware": true,
                  "Relation Name": "movie_keyword",
                  "Alias": "mk",
                  "Startup Cost": 0.0,
                  "Total Cost": 42695.65,
                  "Plan Rows": 680570,
                  "Plan Width": 0,
                  "Actual Startup Time": 0.022,
                  "Actual Total Time": 111.464,
                  "Actual Rows": 529718,
                  "Actual Loops": 4,
                  "Filter": "(keyword_id < 3877)",
                  "Rows Removed by Filter": 601265
                }
              ]
            }
          ]
        }
      ]
    },
    "Planning Time": 0.09,
    "Triggers": [],
    "Execution Time": 147.55
  }
]