[
  {
    "Plan": {
      "Node Type": "Aggregate",
      "Strategy": "Plain",
      "Partial Mode": "Finalize",
      "Parallel Aware": false,
      "Startup Cost": 356085.97,
      "Total Cost": 356085.98,
      "Plan Rows": 1,
      "Plan Width": 8,
      "Actual Startup Time": 479.463,
      "Actual Total Time": 548.962,
      "Actual Rows": 1,
      "Actual Loops": 1,
      "Plans": [
        {
          "Node Type": "Gather",
          "Parent Relationship": "Outer",
          "Parallel Aware": false,
          "Startup Cost": 356085.55,
          "Total Cost": 356085.96,
          "Plan Rows": 4,
          "Plan Width": 8,
          "Actual Startup Time": 479.301,
          "Actual Total Time": 548.944,
          "Actual Rows": 5,
          "Actual Loops": 1,
          "Workers Planned": 4,
          "Workers Launched": 4,
          "Single Copy": false,
          "Plans": [
            {
              "Node Type": "Aggregate",
              "Strategy": "Plain",
              "Partial Mode": "Partial",
              "Parent Relationship": "Outer",
              "Parallel Aware": false,
              "Startup Cost": 355085.55,
              "Total Cost": 355085.56,
              "Plan Rows": 1,
              "Plan Width": 8,
              "Actual Startup Time": 471.21,
              "Actual Total Time": 471.212,
              "Actual Rows": 1,
              "Actual Loops": 5,
              "Plans": [
                {
                  "Node Type": "Nested Loop",
                  "Parent Relationship": "Outer",
                  "Parallel Aware": false,
                  "Join Type": "Inner",
                  "Startup Cost": 0.56,
                  "Total Cost": 354809.07,
                  "Plan Rows": 110594,
                  "Plan Width": 0,
                  "Actual Startup Time": 0.25,
                  "Actual Total Time": 462.848,
                  "Actual Rows": 98176,
                  "Actual Loops": 5,
                  "Inner Unique": false,
                  "Plans": [
                    {
                      "Node Type": "Seq Scan",
                      "Parent Relationship": "Outer",
                      "Parallel Aware": true,
                      "Relation Name": "title",
                      "Alias": "t",
                      "Startup Cost": 0.0,
                      "Total Cost": 45479.59,
                      "Plan Rows": 11581,
                      "Plan Width": 4,
                      "Actual Startup Time": 0.042,
                      "Actual Total Time": 77.456,
                      "Actual Rows": 10114,
                      "Actual Loops": 5,
                      "Filter": "((kind_id > 3) AND (production_year = 2003))",
                      "Rows Removed by Filter": 495549
                    },
                    {
                      "Node Type": "Index Scan",
                      "Parent Relationship": "Inner",
                      "Parallel Aware": false,
                      "Scan Direction": "Forward",
                      "Index Name": "movie_id_cast_info",
                      "Relation Name": "cast_info",
                      "Alias": "ci",
                      "Startup Cost": 0.56,
                      "Total Cost": 26.48,
                      "Plan Rows": 23,
                      "Plan Width": 4,
                      "Actual Startup Time": 0.009,
                      "Actual Total Time": 0.037,
                      "Actual Rows": 10,
                      "Actual Loops": 50569,
                      "Index Cond": "(movie_id = t.id)",
                      "Rows Removed by Index Recheck": 0,
                      "Filter": "(role_id < 4)",
                      "Rows Removed by Filter": 4
                    }
                  ]
                }
              ]
            }
          ]
        }
      ]
    },
    "Planning Time": 0.45,
    "Triggers": [],
    "Execution Time": 549.04
  }
]