[
    {
        "Bao": {
            "Bao prediction": "NaN",
            "Bao recommended hint": "(no hint)"
        }
    },
    {
        "Plan": {
            "Node Type": "Aggregate",
            "Strategy": "Plain",
            "Partial Mode": "Finalize",
            "Parallel Aware": false,
            "Startup Cost": 33221.26,
            "Total Cost": 33221.27,
            "Plan Rows": 1,
            "Plan Width": 8,
            "Actual Startup Time": 94.619,
            "Actual Total Time": 100.49,
            "Actual Rows": 1,
            "Actual Loops": 1,
            "Output": [
                "count(*)"
            ],
            "Plans": [
                {
                    "Node Type": "Gather",
                    "Parent Relationship": "Outer",
                    "Parallel Aware": false,
                    "Startup Cost": 33220.94,
                    "Total Cost": 33221.25,
                    "Plan Rows": 3,
                    "Plan Width": 8,
                    "Actual Startup Time": 94.533,
                    "Actual Total Time": 100.484,
                    "Actual Rows": 4,
                    "Actual Loops": 1,
                    "Output": [
                        "(PARTIAL count(*))"
                    ],
                    "Workers Planned": 3,
                    "Workers Launched": 3,
                    "Single Copy": false,
                    "Plans": [
                        {
                            "Node Type": "Aggregate",
                            "Strategy": "Plain",
                            "Partial Mode": "Partial",
                            "Parent Relationship": "Outer",
                            "Parallel Aware": false,
                            "Startup Cost": 32220.94,
                            "Total Cost": 32220.95,
                            "Plan Rows": 1,
                            "Plan Width": 8,
                            "Actual Startup Time": 86.586,
                            "Actual Total Time": 86.588,
                            "Actual Rows": 1,
                            "Actual Loops": 4,
                            "Output": [
                                "PARTIAL count(*)"
                            ],
                            "Workers": [
                                {
                                    "Worker Number": 0,
                                    "Actual Startup Time": 83.498,
                                    "Actual Total Time": 83.499,
                                    "Actual Rows": 1,
                                    "Actual Loops": 1
                                },
                                {
                                    "Worker Number": 1,
                                    "Actual Startup Time": 84.073,
                                    "Actual Total Time": 84.074,
                                    "Actual Rows": 1,
                                    "Actual Loops": 1
                                },
                                {
                                    "Worker Number": 2,
                                    "Actual Startup Time": 84.477,
                                    "Actual Total Time": 84.478,
                                    "Actual Rows": 1,
                                    "Actual Loops": 1
                                }
                            ],
                            "Plans": [
                                {
                                    "Node Type": "Seq Scan",
                                    "Parent Relationship": "Outer",
                                    "Parallel Aware": true,
                                    "Relation Name": "movie_companies",
                                    "Schema": "public",
                                    "Alias": "mc",
                                    "Startup Cost": 0.0,
                                    "Total Cost": 31414.82,
                                    "Plan Rows": 322450,
                                    "Plan Width": 0,
                                    "Actual Startup Time": 40.522,
                                    "Actual Total Time": 75.075,
                                    "Actual Rows": 288164,
                                    "Actual Loops": 4,
                                    "Output": [
                                        "id",
                                        "movie_id",
                                        "company_id",
                                        "company_type_id",
                                        "note"
                                    ],
                                    "Filter": "((mc.company_id > 864) AND (mc.company_type_id > 1))",
                                    "Rows Removed by Filter": 364118,
                                    "Workers": [
                                        {
                                            "Worker Number": 0,
                                            "Actual Startup Time": 37.439,
                                            "Actual Total Time": 72.408,
                                            "Actual Rows": 271379,
                                            "Actual Loops": 1
                                        },
                                        {
                                            "Worker Number": 1,
                                            "Actual Startup Time": 38.012,
                                            "Actual Total Time": 72.897,
                                            "Actual Rows": 274993,
                                            "Actual Loops": 1
                                        },
                                        {
                                            "Worker Number": 2,
                                            "Actual Startup Time": 38.41,
                                            "Actual Total Time": 73.296,
                                            "Actual Rows": 277107,
                                            "Actual Loops": 1
                                        }
                                    ]
                                }
                            ]
                        }
                    ]
                }
            ]
        },
        "Planning Time": 177.391,
        "Triggers": [],
        "Execution Time": 100.528
    }
]