[
    {
        "Bao": {
            "Bao prediction": 267.477,
            "Bao recommended hint": "(no hint)"
        }
    },
    {
        "Plan": {
            "Node Type": "Aggregate",
            "Strategy": "Plain",
            "Partial Mode": "Simple",
            "Parallel Aware": false,
            "Startup Cost": 3788.98,
            "Total Cost": 3788.99,
            "Plan Rows": 1,
            "Plan Width": 96,
            "Actual Startup Time": 227.206,
            "Actual Total Time": 227.216,
            "Actual Rows": 1,
            "Actual Loops": 1,
            "Output": [
                "min(chn.name)",
                "min(n.name)",
                "min(t.title)"
            ],
            "Plans": [
                {
                    "Node Type": "Nested Loop",
                    "Parent Relationship": "Outer",
                    "Parallel Aware": false,
                    "Join Type": "Inner",
                    "Startup Cost": 15.49,
                    "Total Cost": 3788.97,
                    "Plan Rows": 1,
                    "Plan Width": 48,
                    "Actual Startup Time": 97.478,
                    "Actual Total Time": 226.487,
                    "Actual Rows": 3780,
                    "Actual Loops": 1,
                    "Output": [
                        "chn.name",
                        "n.name",
                        "t.title"
                    ],
                    "Inner Unique": true,
                    "Plans": [
                        {
                            "Node Type": "Nested Loop",
                            "Parent Relationship": "Outer",
                            "Parallel Aware": false,
                            "Join Type": "Inner",
                            "Startup Cost": 15.06,
                            "Total Cost": 3788.3,
                            "Plan Rows": 1,
                            "Plan Width": 36,
                            "Actual Startup Time": 97.435,
                            "Actual Total Time": 221.926,
                            "Actual Rows": 3870,
                            "Actual Loops": 1,
                            "Output": [
                                "ci.person_role_id",
                                "n.name",
                                "t.title"
                            ],
                            "Inner Unique": false,
                            "Join Filter": "(n.id = an.person_id)",
                            "Rows Removed by Join Filter": 0,
                            "Plans": [
                                {
                                    "Node Type": "Nested Loop",
                                    "Parent Relationship": "Outer",
                                    "Parallel Aware": false,
                                    "Join Type": "Inner",
                                    "Startup Cost": 14.63,
                                    "Total Cost": 3787.8,
                                    "Plan Rows": 1,
                                    "Plan Width": 48,
                                    "Actual Startup Time": 97.397,
                                    "Actual Total Time": 219.444,
                                    "Actual Rows": 1230,
                                    "Actual Loops": 1,
                                    "Output": [
                                        "ci.person_id",
                                        "ci.person_role_id",
                                        "n.name",
                                        "n.id",
                                        "pi.person_id",
                                        "t.title"
                                    ],
                                    "Inner Unique": true,
                                    "Plans": [
                                        {
                                            "Node Type": "Nested Loop",
                                            "Parent Relationship": "Outer",
                                            "Parallel Aware": false,
                                            "Join Type": "Inner",
                                            "Startup Cost": 14.49,
                                            "Total Cost": 3787.61,
                                            "Plan Rows": 1,
                                            "Plan Width": 52,
                                            "Actual Startup Time": 97.38,
                                            "Actual Total Time": 218.428,
                                            "Actual Rows": 1230,
                                            "Actual Loops": 1,
                                            "Output": [
                                                "ci.person_id",
                                                "ci.person_role_id",
                                                "mi.info_type_id",
                                                "n.name",
                                                "n.id",
                                                "pi.person_id",
                                                "t.title"
                                            ],
                                            "Inner Unique": false,
                                            "Join Filter": "(t.id = mi.movie_id)",
                                            "Rows Removed by Join Filter": 0,
                                            "Plans": [
                                                {
                                                    "Node Type": "Nested Loop",
                                                    "Parent Relationship": "Outer",
                                                    "Parallel Aware": false,
                                                    "Join Type": "Inner",
                                                    "Startup Cost": 14.06,
                                                    "Total Cost": 3786.05,
                                                    "Plan Rows": 1,
                                                    "Plan Width": 68,
                                                    "Actual Startup Time": 49.599,
                                                    "Actual Total Time": 196.601,
                                                    "Actual Rows": 426,
                                                    "Actual Loops": 1,
                                                    "Output": [
                                                        "cc.movie_id",
                                                        "ci.movie_id",
                                                        "ci.person_id",
                                                        "ci.person_role_id",
                                                        "mc.movie_id",
                                                        "mk.movie_id",
                                                        "n.name",
                                                        "n.id",
                                                        "pi.person_id",
                                                        "t.title",
                                                        "t.id"
                                                    ],
                                                    "Inner Unique": true,
                                                    "Plans": [
                                                        {
                                                            "Node Type": "Nested Loop",
                                                            "Parent Relationship": "Outer",
                                                            "Parallel Aware": false,
                                                            "Join Type": "Inner",
                                                            "Startup Cost": 13.92,
                                                            "Total Cost": 3785.88,
                                                            "Plan Rows": 1,
                                                            "Plan Width": 72,
                                                            "Actual Startup Time": 49.582,
                                                            "Actual Total Time": 196.212,
                                                            "Actual Rows": 426,
                                                            "Actual Loops": 1,
                                                            "Output": [
                                                                "cc.movie_id",
                                                                "ci.movie_id",
                                                                "ci.person_id",
                                                                "ci.role_id",
                                                                "ci.person_role_id",
                                                                "mc.movie_id",
                                                                "mk.movie_id",
                                                                "n.name",
                                                                "n.id",
                                                                "pi.person_id",
                                                                "t.title",
                                                                "t.id"
                                                            ],
                                                            "Inner Unique": true,
                                                            "Join Filter": "(ci.person_id = n.id)",
                                                            "Rows Removed by Join Filter": 0,
                                                            "Plans": [
                                                                {
                                                                    "Node Type": "Nested Loop",
                                                                    "Parent Relationship": "Outer",
                                                                    "Parallel Aware": false,
                                                                    "Join Type": "Inner",
                                                                    "Startup Cost": 13.49,
                                                                    "Total Cost": 3785.32,
                                                                    "Plan Rows": 1,
                                                                    "Plan Width": 53,
                                                                    "Actual Startup Time": 4.826,
                                                                    "Actual Total Time": 137.095,
                                                                    "Actual Rows": 38083,
                                                                    "Actual Loops": 1,
                                                                    "Output": [
                                                                        "cc.movie_id",
                                                                        "ci.movie_id",
                                                                        "ci.person_id",
                                                                        "ci.role_id",
                                                                        "ci.person_role_id",
                                                                        "mc.movie_id",
                                                                        "mk.movie_id",
                                                                        "pi.person_id",
                                                                        "t.title",
                                                                        "t.id"
                                                                    ],
                                                                    "Inner Unique": false,
                                                                    "Join Filter": "(pi.info_type_id = it3.id)",
                                                                    "Rows Removed by Join Filter": 95716,
                                                                    "Plans": [
                                                                        {
                                                                            "Node Type": "Seq Scan",
                                                                            "Parent Relationship": "Outer",
                                                                            "Parallel Aware": false,
                                                                            "Relation Name": "info_type",
                                                                            "Schema": "public",
                                                                            "Alias": "it3",
                                                                            "Startup Cost": 0.0,
                                                                            "Total Cost": 2.41,
                                                                            "Plan Rows": 1,
                                                                            "Plan Width": 4,
                                                                            "Actual Startup Time": 0.031,
                                                                            "Actual Total Time": 0.037,
                                                                            "Actual Rows": 1,
                                                                            "Actual Loops": 1,
                                                                            "Output": [
                                                                                "it3.id",
                                                                                "it3.info"
                                                                            ],
                                                                            "Filter": "((it3.info)::text = 'trivia'::text)",
                                                                            "Rows Removed by Filter": 112
                                                                        },
                                                                        {
                                                                            "Node Type": "Nested Loop",
                                                                            "Parent Relationship": "Inner",
                                                                            "Parallel Aware": false,
                                                                            "Join Type": "Inner",
                                                                            "Startup Cost": 13.49,
                                                                            "Total Cost": 3782.77,
                                                                            "Plan Rows": 11,
                                                                            "Plan Width": 57,
                                                                            "Actual Startup Time": 4.782,
                                                                            "Actual Total Time": 128.423,
                                                                            "Actual Rows": 133799,
                                                                            "Actual Loops": 1,
                                                                            "Output": [
                                                                                "cc.movie_id",
                                                                                "ci.movie_id",
                                                                                "ci.person_id",
                                                                                "ci.role_id",
                                                                                "ci.person_role_id",
                                                                                "mc.movie_id",
                                                                                "mk.movie_id",
                                                                                "pi.person_id",
                                                                                "pi.info_type_id",
                                                                                "t.title",
                                                                                "t.id"
                                                                            ],
                                                                            "Inner Unique": false,
                                                                            "Plans": [
                                                                                {
                                                                                    "Node Type": "Nested Loop",
                                                                                    "Parent Relationship": "Outer",
                                                                                    "Parallel Aware": false,
                                                                                    "Join Type": "Inner",
                                                                                    "Startup Cost": 13.06,
                                                                                    "Total Cost": 3781.34,
                                                                                    "Plan Rows": 1,
                                                                                    "Plan Width": 49,
                                                                                    "Actual Startup Time": 4.646,
                                                                                    "Actual Total Time": 73.615,
                                                                                    "Actual Rows": 3483,
                                                                                    "Actual Loops": 1,
                                                                                    "Output": [
                                                                                        "cc.movie_id",
                                                                                        "ci.movie_id",
                                                                                        "ci.person_id",
                                                                                        "ci.role_id",
                                                                                        "ci.person_role_id",
                                                                                        "mc.movie_id",
                                                                                        "mk.movie_id",
                                                                                        "t.title",
                                                                                        "t.id"
                                                                                    ],
                                                                                    "Inner Unique": true,
                                                                                    "Plans": [
                                                                                        {
                                                                                            "Node Type": "Nested Loop",
                                                                                            "Parent Relationship": "Outer",
                                                                                            "Parallel Aware": false,
                                                                                            "Join Type": "Inner",
                                                                                            "Startup Cost": 12.64,
                                                                                            "Total Cost": 3780.89,
                                                                                            "Plan Rows": 1,
                                                                                            "Plan Width": 53,
                                                                                            "Actual Startup Time": 4.575,
                                                                                            "Actual Total Time": 45.973,
                                                                                            "Actual Rows": 16397,
                                                                                            "Actual Loops": 1,
                                                                                            "Output": [
                                                                                                "cc.movie_id",
                                                                                                "ci.movie_id",
                                                                                                "ci.person_id",
                                                                                                "ci.role_id",
                                                                                                "ci.person_role_id",
                                                                                                "mc.movie_id",
                                                                                                "mc.company_id",
                                                                                                "mk.movie_id",
                                                                                                "t.title",
                                                                                                "t.id"
                                                                                            ],
                                                                                            "Inner Unique": false,
                                                                                            "Join Filter": "(t.id = mc.movie_id)",
                                                                                            "Rows Removed by Join Filter": 0,
                                                                                            "Plans": [
                                                                                                {
                                                                                                    "Node Type": "Nested Loop",
                                                                                                    "Parent Relationship": "Outer",
                                                                                                    "Parallel Aware": false,
                                                                                                    "Join Type": "Inner",
                                                                                                    "Startup Cost": 12.21,
                                                                                                    "Total Cost": 3780.29,
                                                                                                    "Plan Rows": 1,
                                                                                                    "Plan Width": 45,
                                                                                                    "Actual Startup Time": 4.474,
                                                                                                    "Actual Total Time": 38.766,
                                                                                                    "Actual Rows": 659,
                                                                                                    "Actual Loops": 1,
                                                                                                    "Output": [
                                                                                                        "cc.movie_id",
                                                                                                        "ci.movie_id",
                                                                                                        "ci.person_id",
                                                                                                        "ci.role_id",
                                                                                                        "ci.person_role_id",
                                                                                                        "mk.movie_id",
                                                                                                        "t.title",
                                                                                                        "t.id"
                                                                                                    ],
                                                                                                    "Inner Unique": false,
                                                                                                    "Join Filter": "(t.id = ci.movie_id)",
                                                                                                    "Rows Removed by Join Filter": 0,
                                                                                                    "Plans": [
                                                                                                        {
                                                                                                            "Node Type": "Nested Loop",
                                                                                                            "Parent Relationship": "Outer",
                                                                                                            "Parallel Aware": false,
                                                                                                            "Join Type": "Inner",
                                                                                                            "Startup Cost": 11.65,
                                                                                                            "Total Cost": 3778.59,
                                                                                                            "Plan Rows": 1,
                                                                                                            "Plan Width": 29,
                                                                                                            "Actual Startup Time": 4.329,
                                                                                                            "Actual Total Time": 18.575,
                                                                                                            "Actual Rows": 21,
                                                                                                            "Actual Loops": 1,
                                                                                                            "Output": [
                                                                                                                "cc.movie_id",
                                                                                                                "mk.movie_id",
                                                                                                                "t.title",
                                                                                                                "t.id"
                                                                                                            ],
                                                                                                            "Inner Unique": true,
                                                                                                            "Plans": [
                                                                                                                {
                                                                                                                    "Node Type": "Nested Loop",
                                                                                                                    "Parent Relationship": "Outer",
                                                                                                                    "Parallel Aware": false,
                                                                                                                    "Join Type": "Inner",
                                                                                                                    "Startup Cost": 11.22,
                                                                                                                    "Total Cost": 3777.11,
                                                                                                                    "Plan Rows": 3,
                                                                                                                    "Plan Width": 8,
                                                                                                                    "Actual Startup Time": 4.225,
                                                                                                                    "Actual Total Time": 17.958,
                                                                                                                    "Actual Rows": 23,
                                                                                                                    "Actual Loops": 1,
                                                                                                                    "Output": [
                                                                                                                        "cc.movie_id",
                                                                                                                        "mk.movie_id"
                                                                                                                    ],
                                                                                                                    "Inner Unique": false,
                                                                                                                    "Join Filter": "(cc.status_id = cct2.id)",
                                                                                                                    "Rows Removed by Join Filter": 51,
                                                                                                                    "Plans": [
                                                                                                                        {
                                                                                                                            "Node Type": "Seq Scan",
                                                                                                                            "Parent Relationship": "Outer",
                                                                                                                            "Parallel Aware": false,
                                                                                                                            "Relation Name": "comp_cast_type",
                                                                                                                            "Schema": "public",
                                                                                                                            "Alias": "cct2",
                                                                                                                            "Startup Cost": 0.0,
                                                                                                                            "Total Cost": 1.05,
                                                                                                                            "Plan Rows": 1,
                                                                                                                            "Plan Width": 4,
                                                                                                                            "Actual Startup Time": 0.012,
                                                                                                                            "Actual Total Time": 0.012,
                                                                                                                            "Actual Rows": 1,
                                                                                                                            "Actual Loops": 1,
                                                                                                                            "Output": [
                                                                                                                                "cct2.id",
                                                                                                                                "cct2.kind"
                                                                                                                            ],
                                                                                                                            "Filter": "((cct2.kind)::text = 'complete+verified'::text)",
                                                                                                                            "Rows Removed by Filter": 3
                                                                                                                        },
                                                                                                                        {
                                                                                                                            "Node Type": "Nested Loop",
                                                                                                                            "Parent Relationship": "Inner",
                                                                                                                            "Parallel Aware": false,
                                                                                                                            "Join Type": "Inner",
                                                                                                                            "Startup Cost": 11.22,
                                                                                                                            "Total Cost": 3775.91,
                                                                                                                            "Plan Rows": 12,
                                                                                                                            "Plan Width": 12,
                                                                                                                            "Actual Startup Time": 1.445,
                                                                                                                            "Actual Total Time": 17.928,
                                                                                                                            "Actual Rows": 74,
                                                                                                                            "Actual Loops": 1,
                                                                                                                            "Output": [
                                                                                                                                "cc.movie_id",
                                                                                                                                "cc.status_id",
                                                                                                                                "mk.movie_id"
                                                                                                                            ],
                                                                                                                            "Inner Unique": false,
                                                                                                                            "Join Filter": "(cc.subject_id = cct1.id)",
                                                                                                                            "Rows Removed by Join Filter": 16,
                                                                                                                            "Plans": [
                                                                                                                                {
                                                                                                                                    "Node Type": "Seq Scan",
                                                                                                                                    "Parent Relationship": "Outer",
                                                                                                                                    "Parallel Aware": false,
                                                                                                                                    "Relation Name": "comp_cast_type",
                                                                                                                                    "Schema": "public",
                                                                                                                                    "Alias": "cct1",
                                                                                                                                    "Startup Cost": 0.0,
                                                                                                                                    "Total Cost": 1.05,
                                                                                                                                    "Plan Rows": 1,
                                                                                                                                    "Plan Width": 4,
                                                                                                                                    "Actual Startup Time": 0.014,
                                                                                                                                    "Actual Total Time": 0.016,
                                                                                                                                    "Actual Rows": 1,
                                                                                                                                    "Actual Loops": 1,
                                                                                                                                    "Output": [
                                                                                                                                        "cct1.id",
                                                                                                                                        "cct1.kind"
                                                                                                                                    ],
                                                                                                                                    "Filter": "((cct1.kind)::text = 'cast'::text)",
                                                                                                                                    "Rows Removed by Filter": 3
                                                                                                                                },
                                                                                                                                {
                                                                                                                                    "Node Type": "Nested Loop",
                                                                                                                                    "Parent Relationship": "Inner",
                                                                                                                                    "Parallel Aware": false,
                                                                                                                                    "Join Type": "Inner",
                                                                                                                                    "Startup Cost": 11.22,
                                                                                                                                    "Total Cost": 3774.28,
                                                                                                                                    "Plan Rows": 46,
                                                                                                                                    "Plan Width": 16,
                                                                                                                                    "Actual Startup Time": 1.427,
                                                                                                                                    "Actual Total Time": 17.885,
                                                                                                                                    "Actual Rows": 90,
                                                                                                                                    "Actual Loops": 1,
                                                                                                                                    "Output": [
                                                                                                                                        "cc.movie_id",
                                                                                                                                        "cc.subject_id",
                                                                                                                                        "cc.status_id",
                                                                                                                                        "mk.movie_id"
                                                                                                                                    ],
                                                                                                                                    "Inner Unique": false,
                                                                                                                                    "Plans": [
                                                                                                                                        {
                                                                                                                                            "Node Type": "Nested Loop",
                                                                                                                                            "Parent Relationship": "Outer",
                                                                                                                                            "Parallel Aware": false,
                                                                                                                                            "Join Type": "Inner",
                                                                                                                                            "Startup Cost": 10.8,
                                                                                                                                            "Total Cost": 3758.1,
                                                                                                                                            "Plan Rows": 34,
                                                                                                                                            "Plan Width": 4,
                                                                                                                                            "Actual Startup Time": 0.539,
                                                                                                                                            "Actual Total Time": 13.06,
                                                                                                                                            "Actual Rows": 414,
                                                                                                                                            "Actual Loops": 1,
                                                                                                                                            "Output": [
                                                                                                                                                "mk.movie_id"
                                                                                                                                            ],
                                                                                                                                            "Inner Unique": false,
                                                                                                                                            "Plans": [
                                                                                                                                                {
                                                                                                                                                    "Node Type": "Seq Scan",
                                                                                                                                                    "Parent Relationship": "Outer",
                                                                                                                                                    "Parallel Aware": false,
                                                                                                                                                    "Relation Name": "keyword",
                                                                                                                                                    "Schema": "public",
                                                                                                                                                    "Alias": "k",
                                                                                                                                                    "Startup Cost": 0.0,
                                                                                                                                                    "Total Cost": 2626.12,
                                                                                                                                                    "Plan Rows": 1,
                                                                                                                                                    "Plan Width": 4,
                                                                                                                                                    "Actual Startup Time": 0.121,
                                                                                                                                                    "Actual Total Time": 8.992,
                                                                                                                                                    "Actual Rows": 1,
                                                                                                                                                    "Actual Loops": 1,
                                                                                                                                                    "Output": [
                                                                                                                                                        "k.id",
                                                                                                                                                        "k.keyword",
                                                                                                                                                        "k.phonetic_code"
                                                                                                                                                    ],
                                                                                                                                                    "Filter": "(k.keyword = 'computer-animation'::text)",
                                                                                                                                                    "Rows Removed by Filter": 134169
                                                                                                                                                },
                                                                                                                                                {
                                                                                                                                                    "Node Type": "Bitmap Heap Scan",
                                                                                                                                                    "Parent Relationship": "Inner",
                                                                                                                                                    "Parallel Aware": false,
                                                                                                                                                    "Relation Name": "movie_keyword",
                                                                                                                                                    "Schema": "public",
                                                                                                                                                    "Alias": "mk",
                                                                                                                                                    "Startup Cost": 10.8,
                                                                                                                                                    "Total Cost": 1128.92,
                                                                                                                                                    "Plan Rows": 305,
                                                                                                                                                    "Plan Width": 8,
                                                                                                                                                    "Actual Startup Time": 0.408,
                                                                                                                                                    "Actual Total Time": 3.929,
                                                                                                                                                    "Actual Rows": 414,
                                                                                                                                                    "Actual Loops": 1,
                                                                                                                                                    "Output": [
                                                                                                                                                        "mk.id",
                                                                                                                                                        "mk.movie_id",
                                                                                                                                                        "mk.keyword_id"
                                                                                                                                                    ],
                                                                                                                                                    "Recheck Cond": "(mk.keyword_id = k.id)",
                                                                                                                                                    "Rows Removed by Index Recheck": 0,
                                                                                                                                                    "Exact Heap Blocks": 358,
                                                                                                                                                    "Lossy Heap Blocks": 0,
                                                                                                                                                    "Plans": [
                                                                                                                                                        {
                                                                                                                                                            "Node Type": "Bitmap Index Scan",
                                                                                                                                                            "Parent Relationship": "Outer",
                                                                                                                                                            "Parallel Aware": false,
                                                                                                                                                            "Index Name": "keyword_id_movie_keyword",
                                                                                                                                                            "Startup Cost": 0.0,
                                                                                                                                                            "Total Cost": 10.72,
                                                                                                                                                            "Plan Rows": 305,
                                                                                                                                                            "Plan Width": 0,
                                                                                                                                                            "Actual Startup Time": 0.286,
                                                                                                                                                            "Actual Total Time": 0.287,
                                                                                                                                                            "Actual Rows": 414,
                                                                                                                                                            "Actual Loops": 1,
                                                                                                                                                            "Index Cond": "(mk.keyword_id = k.id)"
                                                                                                                                                        }
                                                                                                                                                    ]
                                                                                                                                                }
                                                                                                                                            ]
                                                                                                                                        },
                                                                                                                                        {
                                                                                                                                            "Node Type": "Index Scan",
                                                                                                                                            "Parent Relationship": "Inner",
                                                                                                                                            "Parallel Aware": false,
                                                                                                                                            "Scan Direction": "Forward",
                                                                                                                                            "Index Name": "movie_id_complete_cast",
                                                                                                                                            "Relation Name": "complete_cast",
                                                                                                                                            "Schema": "public",
                                                                                                                                            "Alias": "cc",
                                                                                                                                            "Startup Cost": 0.42,
                                                                                                                                            "Total Cost": 0.46,
                                                                                                                                            "Plan Rows": 2,
                                                                                                                                            "Plan Width": 12,
                                                                                                                                            "Actual Startup Time": 0.01,
                                                                                                                                            "Actual Total Time": 0.011,
                                                                                                                                            "Actual Rows": 0,
                                                                                                                                            "Actual Loops": 414,
                                                                                                                                            "Output": [
                                                                                                                                                "cc.id",
                                                                                                                                                "cc.movie_id",
                                                                                                                                                "cc.subject_id",
                                                                                                                                                "cc.status_id"
                                                                                                                                            ],
                                                                                                                                            "Index Cond": "(cc.movie_id = mk.movie_id)",
                                                                                                                                            "Rows Removed by Index Recheck": 0
                                                                                                                                        }
                                                                                                                                    ]
                                                                                                                                }
                                                                                                                            ]
                                                                                                                        }
                                                                                                                    ]
                                                                                                                },
                                                                                                                {
                                                                                                                    "Node Type": "Index Scan",
                                                                                                                    "Parent Relationship": "Inner",
                                                                                                                    "Parallel Aware": false,
                                                                                                                    "Scan Direction": "Forward",
                                                                                                                    "Index Name": "title_pkey",
                                                                                                                    "Relation Name": "title",
                                                                                                                    "Schema": "public",
                                                                                                                    "Alias": "t",
                                                                                                                    "Startup Cost": 0.43,
                                                                                                                    "Total Cost": 0.49,
                                                                                                                    "Plan Rows": 1,
                                                                                                                    "Plan Width": 21,
                                                                                                                    "Actual Startup Time": 0.025,
                                                                                                                    "Actual Total Time": 0.025,
                                                                                                                    "Actual Rows": 1,
                                                                                                                    "Actual Loops": 23,
                                                                                                                    "Output": [
                                                                                                                        "t.id",
                                                                                                                        "t.title",
                                                                                                                        "t.imdb_index",
                                                                                                                        "t.kind_id",
                                                                                                                        "t.production_year",
                                                                                                                        "t.imdb_id",
                                                                                                                        "t.phonetic_code",
                                                                                                                        "t.episode_of_id",
                                                                                                                        "t.season_nr",
                                                                                                                        "t.episode_nr",
                                                                                                                        "t.series_years",
                                                                                                                        "t.md5sum"
                                                                                                                    ],
                                                                                                                    "Index Cond": "(t.id = mk.movie_id)",
                                                                                                                    "Rows Removed by Index Recheck": 0,
                                                                                                                    "Filter": "((t.production_year >= 1998) AND (t.production_year <= 2010))",
                                                                                                                    "Rows Removed by Filter": 0
                                                                                                                }
                                                                                                            ]
                                                                                                        },
                                                                                                        {
                                                                                                            "Node Type": "Index Scan",
                                                                                                            "Parent Relationship": "Inner",
                                                                                                            "Parallel Aware": false,
                                                                                                            "Scan Direction": "Forward",
                                                                                                            "Index Name": "movie_id_cast_info",
                                                                                                            "Relation Name": "cast_info",
                                                                                                            "Schema": "public",
                                                                                                            "Alias": "ci",
                                                                                                            "Startup Cost": 0.56,
                                                                                                            "Total Cost": 1.69,
                                                                                                            "Plan Rows": 1,
                                                                                                            "Plan Width": 16,
                                                                                                            "Actual Startup Time": 0.111,
                                                                                                            "Actual Total Time": 0.95,
                                                                                                            "Actual Rows": 31,
                                                                                                            "Actual Loops": 21,
                                                                                                            "Output": [
                                                                                                                "ci.id",
                                                                                                                "ci.person_id",
                                                                                                                "ci.movie_id",
                                                                                                                "ci.person_role_id",
                                                                                                                "ci.note",
                                                                                                                "ci.nr_order",
                                                                                                                "ci.role_id"
                                                                                                            ],
                                                                                                            "Index Cond": "(ci.movie_id = mk.movie_id)",
                                                                                                            "Rows Removed by Index Recheck": 0,
                                                                                                            "Filter": "(ci.note = ANY ('{(voice),\"(voice: Japanese version)\",\"(voice) (uncredited)\",\"(voice: English version)\"}'::text[]))",
                                                                                                            "Rows Removed by Filter": 123
                                                                                                        }
                                                                                                    ]
                                                                                                },
                                                                                                {
                                                                                                    "Node Type": "Index Scan",
                                                                                                    "Parent Relationship": "Inner",
                                                                                                    "Parallel Aware": false,
                                                                                                    "Scan Direction": "Forward",
                                                                                                    "Index Name": "movie_id_movie_companies",
                                                                                                    "Relation Name": "movie_companies",
                                                                                                    "Schema": "public",
                                                                                                    "Alias": "mc",
                                                                                                    "Startup Cost": 0.43,
                                                                                                    "Total Cost": 0.54,
                                                                                                    "Plan Rows": 5,
                                                                                                    "Plan Width": 8,
                                                                                                    "Actual Startup Time": 0.003,
                                                                                                    "Actual Total Time": 0.007,
                                                                                                    "Actual Rows": 25,
                                                                                                    "Actual Loops": 659,
                                                                                                    "Output": [
                                                                                                        "mc.id",
                                                                                                        "mc.movie_id",
                                                                                                        "mc.company_id",
                                                                                                        "mc.company_type_id",
                                                                                                        "mc.note"
                                                                                                    ],
                                                                                                    "Index Cond": "(mc.movie_id = mk.movie_id)",
                                                                                                    "Rows Removed by Index Recheck": 0
                                                                                                }
                                                                                            ]
                                                                                        },
                                                                                        {
                                                                                            "Node Type": "Index Scan",
                                                                                            "Parent Relationship": "Inner",
                                                                                            "Parallel Aware": false,
                                                                                            "Scan Direction": "Forward",
                                                                                            "Index Name": "company_name_pkey",
                                                                                            "Relation Name": "company_name",
                                                                                            "Schema": "public",
                                                                                            "Alias": "cn",
                                                                                            "Startup Cost": 0.42,
                                                                                            "Total Cost": 0.45,
                                                                                            "Plan Rows": 1,
                                                                                            "Plan Width": 4,
                                                                                            "Actual Startup Time": 0.001,
                                                                                            "Actual Total Time": 0.001,
                                                                                            "Actual Rows": 0,
                                                                                            "Actual Loops": 16397,
                                                                                            "Output": [
                                                                                                "cn.id",
                                                                                                "cn.name",
                                                                                                "cn.country_code",
                                                                                                "cn.imdb_id",
                                                                                                "cn.name_pcode_nf",
                                                                                                "cn.name_pcode_sf",
                                                                                                "cn.md5sum"
                                                                                            ],
                                                                                            "Index Cond": "(cn.id = mc.company_id)",
                                                                                            "Rows Removed by Index Recheck": 0,
                                                                                            "Filter": "((cn.country_code)::text = '[us]'::text)",
                                                                                            "Rows Removed by Filter": 1
                                                                                        }
                                                                                    ]
                                                                                },
                                                                                {
                                                                                    "Node Type": "Index Scan",
                                                                                    "Parent Relationship": "Inner",
                                                                                    "Parallel Aware": false,
                                                                                    "Scan Direction": "Forward",
                                                                                    "Index Name": "person_id_person_info",
                                                                                    "Relation Name": "person_info",
                                                                                    "Schema": "public",
                                                                                    "Alias": "pi",
                                                                                    "Startup Cost": 0.43,
                                                                                    "Total Cost": 1.18,
                                                                                    "Plan Rows": 25,
                                                                                    "Plan Width": 8,
                                                                                    "Actual Startup Time": 0.006,
                                                                                    "Actual Total Time": 0.011,
                                                                                    "Actual Rows": 38,
                                                                                    "Actual Loops": 3483,
                                                                                    "Output": [
                                                                                        "pi.id",
                                                                                        "pi.person_id",
                                                                                        "pi.info_type_id",
                                                                                        "pi.info",
                                                                                        "pi.note"
                                                                                    ],
                                                                                    "Index Cond": "(pi.person_id = ci.person_id)",
                                                                                    "Rows Removed by Index Recheck": 0
                                                                                }
                                                                            ]
                                                                        }
                                                                    ]
                                                                },
                                                                {
                                                                    "Node Type": "Index Scan",
                                                                    "Parent Relationship": "Inner",
                                                                    "Parallel Aware": false,
                                                                    "Scan Direction": "Forward",
                                                                    "Index Name": "name_pkey",
                                                                    "Relation Name": "name",
                                                                    "Schema": "public",
                                                                    "Alias": "n",
                                                                    "Startup Cost": 0.43,
                                                                    "Total Cost": 0.55,
                                                                    "Plan Rows": 1,
                                                                    "Plan Width": 19,
                                                                    "Actual Startup Time": 0.001,
                                                                    "Actual Total Time": 0.001,
                                                                    "Actual Rows": 0,
                                                                    "Actual Loops": 38083,
                                                                    "Output": [
                                                                        "n.id",
                                                                        "n.name",
                                                                        "n.imdb_index",
                                                                        "n.imdb_id",
                                                                        "n.gender",
                                                                        "n.name_pcode_cf",
                                                                        "n.name_pcode_nf",
                                                                        "n.surname_pcode",
                                                                        "n.md5sum"
                                                                    ],
                                                                    "Index Cond": "(n.id = pi.person_id)",
                                                                    "Rows Removed by Index Recheck": 0,
                                                                    "Filter": "((n.name ~~ '%Wi%'::text) AND ((n.gender)::text = 'f'::text))",
                                                                    "Rows Removed by Filter": 1
                                                                }
                                                            ]
                                                        },
                                                        {
                                                            "Node Type": "Index Scan",
                                                            "Parent Relationship": "Inner",
                                                            "Parallel Aware": false,
                                                            "Scan Direction": "Forward",
                                                            "Index Name": "role_type_pkey",
                                                            "Relation Name": "role_type",
                                                            "Schema": "public",
                                                            "Alias": "rt",
                                                            "Startup Cost": 0.14,
                                                            "Total Cost": 0.16,
                                                            "Plan Rows": 1,
                                                            "Plan Width": 4,
                                                            "Actual Startup Time": 0.001,
                                                            "Actual Total Time": 0.001,
                                                            "Actual Rows": 1,
                                                            "Actual Loops": 426,
                                                            "Output": [
                                                                "rt.id",
                                                                "rt.role"
                                                            ],
                                                            "Index Cond": "(rt.id = ci.role_id)",
                                                            "Rows Removed by Index Recheck": 0,
                                                            "Filter": "((rt.role)::text = 'actress'::text)",
                                                            "Rows Removed by Filter": 0
                                                        }
                                                    ]
                                                },
                                                {
                                                    "Node Type": "Index Scan",
                                                    "Parent Relationship": "Inner",
                                                    "Parallel Aware": false,
                                                    "Scan Direction": "Forward",
                                                    "Index Name": "movie_id_movie_info",
                                                    "Relation Name": "movie_info",
                                                    "Schema": "public",
                                                    "Alias": "mi",
                                                    "Startup Cost": 0.43,
                                                    "Total Cost": 1.55,
                                                    "Plan Rows": 1,
                                                    "Plan Width": 8,
                                                    "Actual Startup Time": 0.019,
                                                    "Actual Total Time": 0.051,
                                                    "Actual Rows": 3,
                                                    "Actual Loops": 426,
                                                    "Output": [
                                                        "mi.id",
                                                        "mi.movie_id",
                                                        "mi.info_type_id",
                                                        "mi.info",
                                                        "mi.note"
                                                    ],
                                                    "Index Cond": "(mi.movie_id = mk.movie_id)",
                                                    "Rows Removed by Index Recheck": 0,
                                                    "Filter": "((mi.info IS NOT NULL) AND ((mi.info ~~ 'Japan:%200%'::text) OR (mi.info ~~ 'USA:%200%'::text)))",
                                                    "Rows Removed by Filter": 288
                                                }
                                            ]
                                        },
                                        {
                                            "Node Type": "Index Scan",
                                            "Parent Relationship": "Inner",
                                            "Parallel Aware": false,
                                            "Scan Direction": "Forward",
                                            "Index Name": "info_type_pkey",
                                            "Relation Name": "info_type",
                                            "Schema": "public",
                                            "Alias": "it",
                                            "Startup Cost": 0.14,
                                            "Total Cost": 0.16,
                                            "Plan Rows": 1,
                                            "Plan Width": 4,
                                            "Actual Startup Time": 0.001,
                                            "Actual Total Time": 0.001,
                                            "Actual Rows": 1,
                                            "Actual Loops": 1230,
                                            "Output": [
                                                "it.id",
                                                "it.info"
                                            ],
                                            "Index Cond": "(it.id = mi.info_type_id)",
                                            "Rows Removed by Index Recheck": 0,
                                            "Filter": "((it.info)::text = 'release dates'::text)",
                                            "Rows Removed by Filter": 0
                                        }
                                    ]
                                },
                                {
                                    "Node Type": "Index Only Scan",
                                    "Parent Relationship": "Inner",
                                    "Parallel Aware": false,
                                    "Scan Direction": "Forward",
                                    "Index Name": "person_id_aka_name",
                                    "Relation Name": "aka_name",
                                    "Schema": "public",
                                    "Alias": "an",
                                    "Startup Cost": 0.42,
                                    "Total Cost": 0.48,
                                    "Plan Rows": 2,
                                    "Plan Width": 4,
                                    "Actual Startup Time": 0.001,
                                    "Actual Total Time": 0.002,
                                    "Actual Rows": 3,
                                    "Actual Loops": 1230,
                                    "Output": [
                                        "an.person_id"
                                    ],
                                    "Index Cond": "(an.person_id = pi.person_id)",
                                    "Rows Removed by Index Recheck": 0,
                                    "Heap Fetches": 3870
                                }
                            ]
                        },
                        {
                            "Node Type": "Index Scan",
                            "Parent Relationship": "Inner",
                            "Parallel Aware": false,
                            "Scan Direction": "Forward",
                            "Index Name": "char_name_pkey",
                            "Relation Name": "char_name",
                            "Schema": "public",
                            "Alias": "chn",
                            "Startup Cost": 0.43,
                            "Total Cost": 0.67,
                            "Plan Rows": 1,
                            "Plan Width": 20,
                            "Actual Startup Time": 0.001,
                            "Actual Total Time": 0.001,
                            "Actual Rows": 1,
                            "Actual Loops": 3870,
                            "Output": [
                                "chn.id",
                                "chn.name",
                                "chn.imdb_index",
                                "chn.imdb_id",
                                "chn.name_pcode_nf",
                                "chn.surname_pcode",
                                "chn.md5sum"
                            ],
                            "Index Cond": "(chn.id = ci.person_role_id)",
                            "Rows Removed by Index Recheck": 0
                        }
                    ]
                }
            ]
        },
        "Planning Time": 14338.622,
        "Triggers": [],
        "Execution Time": 228.245
    }
]