[
  {
    "Plan": {
      "Node Type": "Aggregate",
      "Strategy": "Plain",
      "Partial Mode": "Finalize",
      "Parallel Aware": false,
      "Startup Cost": 306616.12,
      "Total Cost": 306616.13,
      "Plan Rows": 1,
      "Plan Width": 8,
      "Actual Startup Time": 2946.304,
      "Actual Total Time": 3030.444,
      "Actual Rows": 1,
      "Actual Loops": 1,
      "Plans": [
        {
          "Node Type": "Gather",
          "Parent Relationship": "Outer",
          "Parallel Aware": false,
          "Startup Cost": 306615.7,
          "Total Cost": 306616.11,
          "Plan Rows": 4,
          "Plan Width": 8,
          "Actual Startup Time": 2944.422,
          "Actual Total Time": 3030.433,
          "Actual Rows": 5,
          "Actual Loops": 1,
          "Workers Planned": 4,
          "Workers Launched": 4,
          "Single Copy": false,
          "Plans": [
            {
              "Node Type": "Aggregate",
              "Strategy": "Plain",
              "Partial Mode": "Partial",
              "Parent Relationship": "Outer",
              "Parallel Aware": false,
              "Startup Cost": 305615.7,
              "Total Cost": 305615.71,
              "Plan Rows": 1,
              "Plan Width": 8,
              "Actual Startup Time": 2936.202,
              "Actual Total Time": 2936.204,
              "Actual Rows": 1,
              "Actual Loops": 5,
              "Plans": [
                {
                  "Node Type": "Nested Loop",
                  "Parent Relationship": "Outer",
                  "Parallel Aware": false,
                  "Join Type": "Inner",
                  "Startup Cost": 2.97,
                  "Total Cost": 304008.01,
                  "Plan Rows": 643078,
                  "Plan Width": 0,
                  "Actual Startup Time": 2.653,
                  "Actual Total Time": 2838.028,
                  "Actual Rows": 2141864,
                  "Actual Loops": 5,
                  "Inner Unique": false,
                  "Join Filter": "(t.id = ci.movie_id)",
                  "Rows Removed by Join Filter": 0,
                  "Plans": [
                    {
                      "Node Type": "Merge Join",
                      "Parent Relationship": "Outer",
                      "Parallel Aware": false,
                      "Join Type": "Inner",
                      "Startup Cost": 2.4,
                      "Total Cost": 154581.37,
                      "Plan Rows": 44879,
                      "Plan Width": 8,
                      "Actual Startup Time": 2.451,
                      "Actual Total Time": 692.266,
                      "Actual Rows": 80484,
                      "Actual Loops": 5,
                      "Inner Unique": false,
                      "Merge Cond": "(t.id = mi_idx.movie_id)",
                      "Plans": [
                        {
                          "Node Type": "Index Scan",
                          "Parent Relationship": "Outer",
                          "Parallel Aware": true,
                          "Scan Direction": "Forward",
                          "Index Name": "title_pkey",
                          "Relation Name": "title",
                          "Alias": "t",
                          "Startup Cost": 0.43,
                          "Total Cost": 94538.14,
                          "Plan Rows": 122614,
                          "Plan Width": 4,
                          "Actual Startup Time": 0.865,
                          "Actual Total Time": 385.597,
                          "Actual Rows": 116112,
                          "Actual Loops": 5,
                          "Filter": "((kind_id < 7) AND (production_year < 2004))",
                          "Rows Removed by Filter": 389083
                        },
                        {
                          "Node Type": "Index Scan",
                          "Parent Relationship": "Inner",
                          "Parallel Aware": false,
                          "Scan Direction": "Forward",
                          "Index Name": "movie_id_movie_info_idx",
                          "Relation Name": "movie_info_idx",
                          "Alias": "mi_idx",
                          "Startup Cost": 0.43,
                          "Total Cost": 57070.31,
                          "Plan Rows": 925405,
                          "Plan Width": 4,
                          "Actual Startup Time": 0.132,
                          "Actual Total Time": 245.789,
                          "Actual Rows": 920110,
                          "Actual Loops": 5,
                          "Filter": "(info_type_id > 99)",
                          "Rows Removed by Filter": 459925
                        }
                      ]
                    },
                    {
                      "Node Type": "Index Only Scan",
                      "Parent Relationship": "Inner",
                      "Parallel Aware": false,
                      "Scan Direction": "Forward",
                      "Index Name": "movie_id_cast_info",
                      "Relation Name": "cast_info",
                      "Alias": "ci",
                      "Startup Cost": 0.56,
                      "Total Cost": 2.87,
                      "Plan Rows": 37,
                      "Plan Width": 4,
                      "Actual Startup Time": 0.004,
                      "Actual Total Time": 0.024,
                      "Actual Rows": 27,
                      "Actual Loops": 402421,
                      "Index Cond": "(movie_id = mi_idx.movie_id)",
                      "Rows Removed by Index Recheck": 0,
                      "Heap Fetches": 10709319
                    }
                  ]
                }
              ]
            }
          ]
        }
      ]
    },
    "Planning Time": 1.396,
    "Triggers": [],
    "Execution Time": 3030.574
  }
]