[
  {
    "Plan": {
      "Node Type": "Aggregate",
      "Strategy": "Plain",
      "Partial Mode": "Finalize",
      "Parallel Aware": false,
      "Startup Cost": 262188.89,
      "Total Cost": 262188.9,
      "Plan Rows": 1,
      "Plan Width": 8,
      "Actual Startup Time": 523.442,
      "Actual Total Time": 575.012,
      "Actual Rows": 1,
      "Actual Loops": 1,
      "Plans": [
        {
          "Node Type": "Gather",
          "Parent Relationship": "Outer",
          "Parallel Aware": false,
          "Startup Cost": 262188.26,
          "Total Cost": 262188.87,
          "Plan Rows": 6,
          "Plan Width": 8,
          "Actual Startup Time": 523.273,
          "Actual Total Time": 575.001,
          "Actual Rows": 7,
          "Actual Loops": 1,
          "Workers Planned": 6,
          "Workers Launched": 6,
          "Single Copy": false,
          "Plans": [
            {
              "Node Type": "Aggregate",
              "Strategy": "Plain",
              "Partial Mode": "Partial",
              "Parent Relationship": "Outer",
              "Parallel Aware": false,
              "Startup Cost": 261188.26,
              "Total Cost": 261188.27,
              "Plan Rows": 1,
              "Plan Width": 8,
              "Actual Startup Time": 514.779,
              "Actual Total Time": 514.782,
              "Actual Rows": 1,
              "Actual Loops": 7,
              "Plans": [
                {
                  "Node Type": "Nested Loop",
                  "Parent Relationship": "Outer",
                  "Parallel Aware": false,
                  "Join Type": "Inner",
                  "Startup Cost": 1.43,
                  "Total Cost": 261087.64,
                  "Plan Rows": 40250,
                  "Plan Width": 0,
                  "Actual Startup Time": 0.941,
                  "Actual Total Time": 506.407,
                  "Actual Rows": 108484,
                  "Actual Loops": 7,
                  "Inner Unique": false,
                  "Plans": [
                    {
                      "Node Type": "Nested Loop",
                      "Parent Relationship": "Outer",
                      "Parallel Aware": false,
                      "Join Type": "Inner",
                      "Startup Cost": 0.99,
                      "Total Cost": 244367.68,
                      "Plan Rows": 6855,
                      "Plan Width": 8,
                      "Actual Startup Time": 0.729,
                      "Actual Total Time": 332.907,
                      "Actual Rows": 3450,
                      "Actual Loops": 7,
                      "Inner Unique": true,
                      "Plans": [
                        {
                          "Node Type": "Index Scan",
                          "Parent Relationship": "Outer",
                          "Parallel Aware": true,
                          "Scan Direction": "Forward",
                          "Index Name": "role_id_cast_info",
                          "Relation Name": "cast_info",
                          "Alias": "ci",
                          "Startup Cost": 0.56,
                          "Total Cost": 206461.54,
                          "Plan Rows": 17569,
                          "Plan Width": 4,
                          "Actual Startup Time": 0.262,
                          "Actual Total Time": 264.021,
                          "Actual Rows": 7575,
                          "Actual Loops": 7,
                          "Index Cond": "(role_id > 6)",
                          "Rows Removed by Index Recheck": 0,
                          "Filter": "(person_id < 57396)",
                          "Rows Removed by Filter": 1094231
                        },
                        {
                          "Node Type": "Index Scan",
                          "Parent Relationship": "Inner",
                          "Parallel Aware": false,
                          "Scan Direction": "Forward",
                          "Index Name": "title_pkey",
                          "Relation Name": "title",
                          "Alias": "t",
                          "Startup Cost": 0.43,
                          "Total Cost": 2.16,
                          "Plan Rows": 1,
                          "Plan Width": 4,
                          "Actual Startup Time": 0.009,
                          "Actual Total Time": 0.009,
                          "Actual Rows": 0,
                          "Actual Loops": 53025,
                          "Index Cond": "(id = ci.movie_id)",
                          "Rows Removed by Index Recheck": 0,
                          "Filter": "(kind_id < 7)",
                          "Rows Removed by Filter": 1
                        }
                      ]
                    },
                    {
                      "Node Type": "Index Only Scan",
                      "Parent Relationship": "Inner",
                      "Parallel Aware": false,
                      "Scan Direction": "Forward",
                      "Index Name": "movie_id_movie_info",
                      "Relation Name": "movie_info",
                      "Alias": "mi",
                      "Startup Cost": 0.43,
                      "Total Cost": 2.03,
                      "Plan Rows": 41,
                      "Plan Width": 4,
                      "Actual Startup Time": 0.015,
                      "Actual Total Time": 0.046,
                      "Actual Rows": 31,
                      "Actual Loops": 24147,
                      "Index Cond": "(movie_id = t.id)",
                      "Rows Removed by Index Recheck": 0,
                      "Heap Fetches": 759389
                    }
                  ]
                }
              ]
            }
          ]
        }
      ]
    },
    "Planning Time": 0.626,
    "Triggers": [],
    "Execution Time": 575.085
  }
]