[
  {
    "Plan": {
      "Node Type": "Aggregate",
      "Strategy": "Plain",
      "Partial Mode": "Finalize",
      "Parallel Aware": false,
      "Startup Cost": 33061.04,
      "Total Cost": 33061.05,
      "Plan Rows": 1,
      "Plan Width": 8,
      "Actual Startup Time": 103.905,
      "Actual Total Time": 111.515,
      "Actual Rows": 1,
      "Actual Loops": 1,
      "Plans": [
        {
          "Node Type": "Gather",
          "Parent Relationship": "Outer",
          "Parallel Aware": false,
          "Startup Cost": 33060.72,
          "Total Cost": 33061.03,
          "Plan Rows": 3,
          "Plan Width": 8,
          "Actual Startup Time": 103.768,
          "Actual Total Time": 111.505,
          "Actual Rows": 4,
          "Actual Loops": 1,
          "Workers Planned": 3,
          "Workers Launched": 3,
          "Single Copy": false,
          "Plans": [
            {
              "Node Type": "Aggregate",
              "Strategy": "Plain",
              "Partial Mode": "Partial",
              "Parent Relationship": "Outer",
              "Parallel Aware": false,
              "Startup Cost": 32060.72,
              "Total Cost": 32060.73,
              "Plan Rows": 1,
              "Plan Width": 8,
              "Actual Startup Time": 96.126,
              "Actual Total Time": 96.127,
              "Actual Rows": 1,
              "Actual Loops": 4,
              "Plans": [
                {
                  "Node Type": "Seq Scan",
                  "Parent Relationship": "Outer",
                  "Parallel Aware": true,
                  "Relation Name": "movie_companies",
                  "Alias": "mc",
                  "Startup Cost": 0.0,
                  "Total Cost": 31414.82,
                  "Plan Rows": 258362,
                  "Plan Width": 0,
                  "Actual Startup Time": 0.046,
                  "Actual Total Time": 80.403,
                  "Actual Rows": 273801,
                  "Actual Loops": 4,
                  "Filter": "((company_id < 16875) AND (company_type_id = 1))",
                  "Rows Removed by Filter": 378481
                }
              ]
            }
          ]
        }
      ]
    },
    "Planning Time": 0.22,
    "Triggers": [],
    "Execution Time": 111.572
  }
]