[
  {
    "Plan": {
      "Node Type": "Aggregate",
      "Strategy": "Plain",
      "Partial Mode": "Finalize",
      "Parallel Aware": false,
      "Startup Cost": 206371.51,
      "Total Cost": 206371.52,
      "Plan Rows": 1,
      "Plan Width": 8,
      "Actual Startup Time": 471.558,
      "Actual Total Time": 509.075,
      "Actual Rows": 1,
      "Actual Loops": 1,
      "Plans": [
        {
          "Node Type": "Gather",
          "Parent Relationship": "Outer",
          "Parallel Aware": false,
          "Startup Cost": 206370.98,
          "Total Cost": 206371.49,
          "Plan Rows": 5,
          "Plan Width": 8,
          "Actual Startup Time": 471.407,
          "Actual Total Time": 509.064,
          "Actual Rows": 6,
          "Actual Loops": 1,
          "Workers Planned": 5,
          "Workers Launched": 5,
          "Single Copy": false,
          "Plans": [
            {
              "Node Type": "Aggregate",
              "Strategy": "Plain",
              "Partial Mode": "Partial",
              "Parent Relationship": "Outer",
              "Parallel Aware": false,
              "Startup Cost": 205370.98,
              "Total Cost": 205370.99,
              "Plan Rows": 1,
              "Plan Width": 8,
              "Actual Startup Time": 462.198,
              "Actual Total Time": 462.199,
              "Actual Rows": 1,
              "Actual Loops": 6,
              "Plans": [
                {
                  "Node Type": "Seq Scan",
                  "Parent Relationship": "Outer",
                  "Parallel Aware": true,
                  "Relation Name": "movie_info",
                  "Alias": "mi",
                  "Startup Cost": 0.0,
                  "Total Cost": 198952.16,
                  "Plan Rows": 2567528,
                  "Plan Width": 0,
                  "Actual Startup Time": 0.061,
                  "Actual Total Time": 366.888,
                  "Actual Rows": 2161681,
                  "Actual Loops": 6,
                  "Filter": "(info_type_id < 18)",
                  "Rows Removed by Filter": 310939
                }
              ]
            }
          ]
        }
      ]
    },
    "Planning Time": 0.179,
    "Triggers": [],
    "Execution Time": 509.151
  }
]