[
  {
    "Plan": {
      "Node Type": "Aggregate",
      "Strategy": "Plain",
      "Partial Mode": "Finalize",
      "Parallel Aware": false,
      "Startup Cost": 392898.01,
      "Total Cost": 392898.02,
      "Plan Rows": 1,
      "Plan Width": 8,
      "Actual Startup Time": 1683.643,
      "Actual Total Time": 1735.63,
      "Actual Rows": 1,
      "Actual Loops": 1,
      "Plans": [
        {
          "Node Type": "Gather",
          "Parent Relationship": "Outer",
          "Parallel Aware": false,
          "Startup Cost": 392897.38,
          "Total Cost": 392897.99,
          "Plan Rows": 6,
          "Plan Width": 8,
          "Actual Startup Time": 1680.61,
          "Actual Total Time": 1735.621,
          "Actual Rows": 7,
          "Actual Loops": 1,
          "Workers Planned": 6,
          "Workers Launched": 6,
          "Single Copy": false,
          "Plans": [
            {
              "Node Type": "Aggregate",
              "Strategy": "Plain",
              "Partial Mode": "Partial",
              "Parent Relationship": "Outer",
              "Parallel Aware": false,
              "Startup Cost": 391897.38,
              "Total Cost": 391897.39,
              "Plan Rows": 1,
              "Plan Width": 8,
              "Actual Startup Time": 1673.498,
              "Actual Total Time": 1673.501,
              "Actual Rows": 1,
              "Actual Loops": 7,
              "Plans": [
                {
                  "Node Type": "Hash Join",
                  "Parent Relationship": "Outer",
                  "Parallel Aware": true,
                  "Join Type": "Inner",
                  "Startup Cost": 46969.01,
                  "Total Cost": 389353.02,
                  "Plan Rows": 1017745,
                  "Plan Width": 0,
                  "Actual Startup Time": 142.296,
                  "Actual Total Time": 1624.938,
                  "Actual Rows": 1065057,
                  "Actual Loops": 7,
                  "Inner Unique": true,
                  "Hash Cond": "(ci.movie_id = t.id)",
                  "Plans": [
                    {
                      "Node Type": "Seq Scan",
                      "Parent Relationship": "Outer",
                      "Parallel Aware": true,
                      "Relation Name": "cast_info",
                      "Alias": "ci",
                      "Startup Cost": 0.0,
                      "Total Cost": 328211.39,
                      "Plan Rows": 5399084,
                      "Plan Width": 4,
                      "Actual Startup Time": 41.35,
                      "Actual Total Time": 614.723,
                      "Actual Rows": 4604794,
                      "Actual Loops": 7,
                      "Filter": "(person_id > 384690)",
                      "Rows Removed by Filter": 572969
                    },
                    {
                      "Node Type": "Hash",
                      "Parent Relationship": "Inner",
                      "Parallel Aware": true,
                      "Startup Cost": 45479.59,
                      "Total Cost": 45479.59,
                      "Plan Rows": 119154,
                      "Plan Width": 4,
                      "Actual Startup Time": 98.792,
                      "Actual Total Time": 98.793,
                      "Actual Rows": 74047,
                      "Actual Loops": 7,
                      "Hash Buckets": 524288,
                      "Original Hash Buckets": 524288,
                      "Hash Batches": 1,
                      "Original Hash Batches": 1,
                      "Peak Memory Usage": 24480,
                      "Plans": [
                        {
                          "Node Type": "Seq Scan",
                          "Parent Relationship": "Outer",
                          "Parallel Aware": true,
                          "Relation Name": "title",
                          "Alias": "t",
                          "Startup Cost": 0.0,
                          "Total Cost": 45479.59,
                          "Plan Rows": 119154,
                          "Plan Width": 4,
                          "Actual Startup Time": 0.034,
                          "Actual Total Time": 69.132,
                          "Actual Rows": 74047,
                          "Actual Loops": 7,
                          "Filter": "((production_year > 2007) AND (kind_id = 7))",
                          "Rows Removed by Filter": 287141
                        }
                      ]
                    }
                  ]
                }
              ]
            }
          ]
        }
      ]
    },
    "Planning Time": 0.392,
    "Triggers": [],
    "Execution Time": 1735.69
  }
]