[
  {
    "Plan": {
      "Node Type": "Aggregate",
      "Strategy": "Plain",
      "Partial Mode": "Finalize",
      "Parallel Aware": false,
      "Startup Cost": 46556.55,
      "Total Cost": 46556.56,
      "Plan Rows": 1,
      "Plan Width": 8,
      "Actual Startup Time": 167.143,
      "Actual Total Time": 177.074,
      "Actual Rows": 1,
      "Actual Loops": 1,
      "Plans": [
        {
          "Node Type": "Gather",
          "Parent Relationship": "Outer",
          "Parallel Aware": false,
          "Startup Cost": 46556.23,
          "Total Cost": 46556.54,
          "Plan Rows": 3,
          "Plan Width": 8,
          "Actual Startup Time": 167.045,
          "Actual Total Time": 177.066,
          "Actual Rows": 4,
          "Actual Loops": 1,
          "Workers Planned": 3,
          "Workers Launched": 3,
          "Single Copy": false,
          "Plans": [
            {
              "Node Type": "Aggregate",
              "Strategy": "Plain",
              "Partial Mode": "Partial",
              "Parent Relationship": "Outer",
              "Parallel Aware": false,
              "Startup Cost": 45556.23,
              "Total Cost": 45556.24,
              "Plan Rows": 1,
              "Plan Width": 8,
              "Actual Startup Time": 159.571,
              "Actual Total Time": 159.571,
              "Actual Rows": 1,
              "Actual Loops": 4,
              "Plans": [
                {
                  "Node Type": "Seq Scan",
                  "Parent Relationship": "Outer",
                  "Parallel Aware": true,
                  "Relation Name": "movie_keyword",
                  "Alias": "mk",
                  "Startup Cost": 0.0,
                  "Total Cost": 42695.65,
                  "Plan Rows": 1144232,
                  "Plan Width": 0,
                  "Actual Startup Time": 0.055,
                  "Actual Total Time": 120.605,
                  "Actual Rows": 888260,
                  "Actual Loops": 4,
                  "Filter": "(keyword_id < 19476)",
                  "Rows Removed by Filter": 242722
                }
              ]
            }
          ]
        }
      ]
    },
    "Planning Time": 0.176,
    "Triggers": [],
    "Execution Time": 177.128
  }
]