[
    {
        "Bao": {
            "Bao prediction": "NaN",
            "Bao recommended hint": "(no hint)"
        }
    },
    {
        "Plan": {
            "Node Type": "Aggregate",
            "Strategy": "Plain",
            "Partial Mode": "Finalize",
            "Parallel Aware": false,
            "Startup Cost": 39093.29,
            "Total Cost": 39093.3,
            "Plan Rows": 1,
            "Plan Width": 8,
            "Actual Startup Time": 111.697,
            "Actual Total Time": 119.09,
            "Actual Rows": 1,
            "Actual Loops": 1,
            "Output": [
                "count(*)"
            ],
            "Plans": [
                {
                    "Node Type": "Gather",
                    "Parent Relationship": "Outer",
                    "Parallel Aware": false,
                    "Startup Cost": 39092.97,
                    "Total Cost": 39093.28,
                    "Plan Rows": 3,
                    "Plan Width": 8,
                    "Actual Startup Time": 111.449,
                    "Actual Total Time": 119.079,
                    "Actual Rows": 4,
                    "Actual Loops": 1,
                    "Output": [
                        "(PARTIAL count(*))"
                    ],
                    "Workers Planned": 3,
                    "Workers Launched": 3,
                    "Single Copy": false,
                    "Plans": [
                        {
                            "Node Type": "Aggregate",
                            "Strategy": "Plain",
                            "Partial Mode": "Partial",
                            "Parent Relationship": "Outer",
                            "Parallel Aware": false,
                            "Startup Cost": 38092.97,
                            "Total Cost": 38092.98,
                            "Plan Rows": 1,
                            "Plan Width": 8,
                            "Actual Startup Time": 102.478,
                            "Actual Total Time": 102.48,
                            "Actual Rows": 1,
                            "Actual Loops": 4,
                            "Output": [
                                "PARTIAL count(*)"
                            ],
                            "Workers": [
                                {
                                    "Worker Number": 0,
                                    "Actual Startup Time": 99.398,
                                    "Actual Total Time": 99.4,
                                    "Actual Rows": 1,
                                    "Actual Loops": 1
                                },
                                {
                                    "Worker Number": 1,
                                    "Actual Startup Time": 99.626,
                                    "Actual Total Time": 99.628,
                                    "Actual Rows": 1,
                                    "Actual Loops": 1
                                },
                                {
                                    "Worker Number": 2,
                                    "Actual Startup Time": 99.891,
                                    "Actual Total Time": 99.893,
                                    "Actual Rows": 1,
                                    "Actual Loops": 1
                                }
                            ],
                            "Plans": [
                                {
                                    "Node Type": "Bitmap Heap Scan",
                                    "Parent Relationship": "Outer",
                                    "Parallel Aware": true,
                                    "Relation Name": "movie_keyword",
                                    "Schema": "public",
                                    "Alias": "mk",
                                    "Startup Cost": 11105.77,
                                    "Total Cost": 37670.77,
                                    "Plan Rows": 168880,
                                    "Plan Width": 0,
                                    "Actual Startup Time": 23.716,
                                    "Actual Total Time": 95.11,
                                    "Actual Rows": 129560,
                                    "Actual Loops": 4,
                                    "Recheck Cond": "(mk.keyword_id < 381)",
                                    "Rows Removed by Index Recheck": 0,
                                    "Exact Heap Blocks": 10380,
                                    "Lossy Heap Blocks": 0,
                                    "Workers": [
                                        {
                                            "Worker Number": 0,
                                            "Actual Startup Time": 20.675,
                                            "Actual Total Time": 92.709,
                                            "Actual Rows": 100595,
                                            "Actual Loops": 1
                                        },
                                        {
                                            "Worker Number": 1,
                                            "Actual Startup Time": 21.061,
                                            "Actual Total Time": 93.347,
                                            "Actual Rows": 95057,
                                            "Actual Loops": 1
                                        },
                                        {
                                            "Worker Number": 2,
                                            "Actual Startup Time": 21.162,
                                            "Actual Total Time": 93.153,
                                            "Actual Rows": 99418,
                                            "Actual Loops": 1
                                        }
                                    ],
                                    "Plans": [
                                        {
                                            "Node Type": "Bitmap Index Scan",
                                            "Parent Relationship": "Outer",
                                            "Parallel Aware": false,
                                            "Index Name": "keyword_id_movie_keyword",
                                            "Startup Cost": 0.0,
                                            "Total Cost": 10974.89,
                                            "Plan Rows": 523528,
                                            "Plan Width": 0,
                                            "Actual Startup Time": 28.489,
                                            "Actual Total Time": 28.49,
                                            "Actual Rows": 518241,
                                            "Actual Loops": 1,
                                            "Index Cond": "(mk.keyword_id < 381)"
                                        }
                                    ]
                                }
                            ]
                        }
                    ]
                }
            ]
        },
        "Planning Time": 180.183,
        "Triggers": [],
        "Execution Time": 119.207
    }
]