{
    "Plan": {
        "Node Type": "Aggregate",
        "Strategy": "Plain",
        "Partial Mode": "Finalize",
        "Parallel Aware": false,
        "Startup Cost": 247325.72,
        "Total Cost": 247325.73,
        "Plan Rows": 1,
        "Plan Width": 8,
        "Actual Startup Time": 493.82,
        "Actual Total Time": 535.408,
        "Actual Rows": 1,
        "Actual Loops": 1,
        "Output": [
            "count(*)"
        ],
        "Plans": [
            {
                "Node Type": "Gather",
                "Parent Relationship": "Outer",
                "Parallel Aware": false,
                "Startup Cost": 247325.19,
                "Total Cost": 247325.7,
                "Plan Rows": 5,
                "Plan Width": 8,
                "Actual Startup Time": 493.1,
                "Actual Total Time": 535.397,
                "Actual Rows": 6,
                "Actual Loops": 1,
                "Output": [
                    "(PARTIAL count(*))"
                ],
                "Workers Planned": 5,
                "Workers Launched": 5,
                "Single Copy": false,
                "Plans": [
                    {
                        "Node Type": "Aggregate",
                        "Strategy": "Plain",
                        "Partial Mode": "Partial",
                        "Parent Relationship": "Outer",
                        "Parallel Aware": false,
                        "Startup Cost": 246325.19,
                        "Total Cost": 246325.2,
                        "Plan Rows": 1,
                        "Plan Width": 8,
                        "Actual Startup Time": 482.805,
                        "Actual Total Time": 482.808,
                        "Actual Rows": 1,
                        "Actual Loops": 6,
                        "Output": [
                            "PARTIAL count(*)"
                        ],
                        "Workers": [
                            {
                                "Worker Number": 0,
                                "Actual Startup Time": 480.034,
                                "Actual Total Time": 480.038,
                                "Actual Rows": 1,
                                "Actual Loops": 1
                            },
                            {
                                "Worker Number": 1,
                                "Actual Startup Time": 480.927,
                                "Actual Total Time": 480.93,
                                "Actual Rows": 1,
                                "Actual Loops": 1
                            },
                            {
                                "Worker Number": 2,
                                "Actual Startup Time": 481.078,
                                "Actual Total Time": 481.081,
                                "Actual Rows": 1,
                                "Actual Loops": 1
                            },
                            {
                                "Worker Number": 3,
                                "Actual Startup Time": 480.987,
                                "Actual Total Time": 480.99,
                                "Actual Rows": 1,
                                "Actual Loops": 1
                            },
                            {
                                "Worker Number": 4,
                                "Actual Startup Time": 481.6,
                                "Actual Total Time": 481.602,
                                "Actual Rows": 1,
                                "Actual Loops": 1
                            }
                        ],
                        "Plans": [
                            {
                                "Node Type": "Hash Join",
                                "Parent Relationship": "Outer",
                                "Parallel Aware": true,
                                "Join Type": "Inner",
                                "Startup Cost": 45806.42,
                                "Total Cost": 246263.04,
                                "Plan Rows": 24862,
                                "Plan Width": 0,
                                "Actual Startup Time": 257.057,
                                "Actual Total Time": 481.867,
                                "Actual Rows": 16144,
                                "Actual Loops": 6,
                                "Inner Unique": true,
                                "Hash Cond": "(mi.movie_id = t.id)",
                                "Workers": [
                                    {
                                        "Worker Number": 0,
                                        "Actual Startup Time": 254.323,
                                        "Actual Total Time": 479.062,
                                        "Actual Rows": 8411,
                                        "Actual Loops": 1
                                    },
                                    {
                                        "Worker Number": 1,
                                        "Actual Startup Time": 255.083,
                                        "Actual Total Time": 479.931,
                                        "Actual Rows": 12443,
                                        "Actual Loops": 1
                                    },
                                    {
                                        "Worker Number": 2,
                                        "Actual Startup Time": 255.349,
                                        "Actual Total Time": 480.18,
                                        "Actual Rows": 18857,
                                        "Actual Loops": 1
                                    },
                                    {
                                        "Worker Number": 3,
                                        "Actual Startup Time": 255.237,
                                        "Actual Total Time": 480.117,
                                        "Actual Rows": 15316,
                                        "Actual Loops": 1
                                    },
                                    {
                                        "Worker Number": 4,
                                        "Actual Startup Time": 255.865,
                                        "Actual Total Time": 480.692,
                                        "Actual Rows": 19112,
                                        "Actual Loops": 1
                                    }
                                ],
                                "Plans": [
                                    {
                                        "Node Type": "Seq Scan",
                                        "Parent Relationship": "Outer",
                                        "Parallel Aware": true,
                                        "Relation Name": "movie_info",
                                        "Schema": "public",
                                        "Alias": "mi",
                                        "Startup Cost": 0.0,
                                        "Total Cost": 198880.74,
                                        "Plan Rows": 600336,
                                        "Plan Width": 4,
                                        "Actual Startup Time": 78.793,
                                        "Actual Total Time": 319.071,
                                        "Actual Rows": 506120,
                                        "Actual Loops": 6,
                                        "Output": [
                                            "mi.id",
                                            "mi.movie_id",
                                            "mi.info_type_id",
                                            "mi.info",
                                            "mi.note"
                                        ],
                                        "Filter": "(mi.info_type_id = 16)",
                                        "Rows Removed by Filter": 1966500,
                                        "Workers": [
                                            {
                                                "Worker Number": 0,
                                                "Actual Startup Time": 78.805,
                                                "Actual Total Time": 322.298,
                                                "Actual Rows": 330800,
                                                "Actual Loops": 1
                                            },
                                            {
                                                "Worker Number": 1,
                                                "Actual Startup Time": 78.813,
                                                "Actual Total Time": 320.042,
                                                "Actual Rows": 387555,
                                                "Actual Loops": 1
                                            },
                                            {
                                                "Worker Number": 2,
                                                "Actual Startup Time": 78.692,
                                                "Actual Total Time": 317.909,
                                                "Actual Rows": 609503,
                                                "Actual Loops": 1
                                            },
                                            {
                                                "Worker Number": 3,
                                                "Actual Startup Time": 78.818,
                                                "Actual Total Time": 319.191,
                                                "Actual Rows": 537708,
                                                "Actual Loops": 1
                                            },
                                            {
                                                "Worker Number": 4,
                                                "Actual Startup Time": 78.825,
                                                "Actual Total Time": 318.592,
                                                "Actual Rows": 615563,
                                                "Actual Loops": 1
                                            }
                                        ]
                                    },
                                    {
                                        "Node Type": "Hash",
                                        "Parent Relationship": "Inner",
                                        "Parallel Aware": true,
                                        "Startup Cost": 45479.21,
                                        "Total Cost": 45479.21,
                                        "Plan Rows": 26177,
                                        "Plan Width": 4,
                                        "Actual Startup Time": 90.82,
                                        "Actual Total Time": 90.821,
                                        "Actual Rows": 19653,
                                        "Actual Loops": 6,
                                        "Output": [
                                            "t.id"
                                        ],
                                        "Hash Buckets": 131072,
                                        "Original Hash Buckets": 131072,
                                        "Hash Batches": 1,
                                        "Original Hash Batches": 1,
                                        "Peak Memory Usage": 5728,
                                        "Workers": [
                                            {
                                                "Worker Number": 0,
                                                "Actual Startup Time": 89.049,
                                                "Actual Total Time": 89.05,
                                                "Actual Rows": 15201,
                                                "Actual Loops": 1
                                            },
                                            {
                                                "Worker Number": 1,
                                                "Actual Startup Time": 89.757,
                                                "Actual Total Time": 89.758,
                                                "Actual Rows": 15487,
                                                "Actual Loops": 1
                                            },
                                            {
                                                "Worker Number": 2,
                                                "Actual Startup Time": 90.127,
                                                "Actual Total Time": 90.128,
                                                "Actual Rows": 22921,
                                                "Actual Loops": 1
                                            },
                                            {
                                                "Worker Number": 3,
                                                "Actual Startup Time": 89.92,
                                                "Actual Total Time": 89.921,
                                                "Actual Rows": 20931,
                                                "Actual Loops": 1
                                            },
                                            {
                                                "Worker Number": 4,
                                                "Actual Startup Time": 90.663,
                                                "Actual Total Time": 90.664,
                                                "Actual Rows": 23420,
                                                "Actual Loops": 1
                                            }
                                        ],
                                        "Plans": [
                                            {
                                                "Node Type": "Seq Scan",
                                                "Parent Relationship": "Outer",
                                                "Parallel Aware": true,
                                                "Relation Name": "title",
                                                "Schema": "public",
                                                "Alias": "t",
                                                "Startup Cost": 0.0,
                                                "Total Cost": 45479.21,
                                                "Plan Rows": 26177,
                                                "Plan Width": 4,
                                                "Actual Startup Time": 53.851,
                                                "Actual Total Time": 83.017,
                                                "Actual Rows": 19653,
                                                "Actual Loops": 6,
                                                "Output": [
                                                    "t.id"
                                                ],
                                                "Filter": "((t.production_year > 1956) AND (t.kind_id = 4))",
                                                "Rows Removed by Filter": 401732,
                                                "Workers": [
                                                    {
                                                        "Worker Number": 0,
                                                        "Actual Startup Time": 51.45,
                                                        "Actual Total Time": 81.876,
                                                        "Actual Rows": 15201,
                                                        "Actual Loops": 1
                                                    },
                                                    {
                                                        "Worker Number": 1,
                                                        "Actual Startup Time": 53.65,
                                                        "Actual Total Time": 82.041,
                                                        "Actual Rows": 15487,
                                                        "Actual Loops": 1
                                                    },
                                                    {
                                                        "Worker Number": 2,
                                                        "Actual Startup Time": 52.085,
                                                        "Actual Total Time": 82.348,
                                                        "Actual Rows": 22921,
                                                        "Actual Loops": 1
                                                    },
                                                    {
                                                        "Worker Number": 3,
                                                        "Actual Startup Time": 51.604,
                                                        "Actual Total Time": 82.206,
                                                        "Actual Rows": 20931,
                                                        "Actual Loops": 1
                                                    },
                                                    {
                                                        "Worker Number": 4,
                                                        "Actual Startup Time": 52.22,
                                                        "Actual Total Time": 82.555,
                                                        "Actual Rows": 23420,
                                                        "Actual Loops": 1
                                                    }
                                                ]
                                            }
                                        ]
                                    }
                                ]
                            }
                        ]
                    }
                ]
            }
        ]
    },
    "Planning Time": 0.804,
    "Triggers": [],
    "Execution Time": 535.491
}