[
  {
    "Plan": {
      "Node Type": "Aggregate",
      "Strategy": "Plain",
      "Partial Mode": "Finalize",
      "Parallel Aware": false,
      "Startup Cost": 633468.47,
      "Total Cost": 633468.48,
      "Plan Rows": 1,
      "Plan Width": 8,
      "Actual Startup Time": 5171.637,
      "Actual Total Time": 5231.474,
      "Actual Rows": 1,
      "Actual Loops": 1,
      "Plans": [
        {
          "Node Type": "Gather",
          "Parent Relationship": "Outer",
          "Parallel Aware": false,
          "Startup Cost": 633467.84,
          "Total Cost": 633468.45,
          "Plan Rows": 6,
          "Plan Width": 8,
          "Actual Startup Time": 5125.861,
          "Actual Total Time": 5231.459,
          "Actual Rows": 7,
          "Actual Loops": 1,
          "Workers Planned": 6,
          "Workers Launched": 6,
          "Single Copy": false,
          "Plans": [
            {
              "Node Type": "Aggregate",
              "Strategy": "Plain",
              "Partial Mode": "Partial",
              "Parent Relationship": "Outer",
              "Parallel Aware": false,
              "Startup Cost": 632467.84,
              "Total Cost": 632467.85,
              "Plan Rows": 1,
              "Plan Width": 8,
              "Actual Startup Time": 5097.608,
              "Actual Total Time": 5098.635,
              "Actual Rows": 1,
              "Actual Loops": 7,
              "Plans": [
                {
                  "Node Type": "Hash Join",
                  "Parent Relationship": "Outer",
                  "Parallel Aware": true,
                  "Join Type": "Inner",
                  "Startup Cost": 272200.5,
                  "Total Cost": 620847.64,
                  "Plan Rows": 4648080,
                  "Plan Width": 0,
                  "Actual Startup Time": 1607.221,
                  "Actual Total Time": 4377.99,
                  "Actual Rows": 15361333,
                  "Actual Loops": 7,
                  "Inner Unique": false,
                  "Hash Cond": "(ci.movie_id = t.id)",
                  "Plans": [
                    {
                      "Node Type": "Index Scan",
                      "Parent Relationship": "Outer",
                      "Parallel Aware": true,
                      "Scan Direction": "Forward",
                      "Index Name": "role_id_cast_info",
                      "Relation Name": "cast_info",
                      "Alias": "ci",
                      "Startup Cost": 0.56,
                      "Total Cost": 331632.96,
                      "Plan Rows": 1543718,
                      "Plan Width": 4,
                      "Actual Startup Time": 0.28,
                      "Actual Total Time": 381.038,
                      "Actual Rows": 1463836,
                      "Actual Loops": 7,
                      "Index Cond": "(role_id > 3)",
                      "Rows Removed by Index Recheck": 0,
                      "Filter": "(person_id > 903488)",
                      "Rows Removed by Filter": 266685
                    },
                    {
                      "Node Type": "Hash",
                      "Parent Relationship": "Inner",
                      "Parallel Aware": true,
                      "Startup Cost": 253168.43,
                      "Total Cost": 253168.43,
                      "Plan Rows": 1522520,
                      "Plan Width": 8,
                      "Actual Startup Time": 1596.362,
                      "Actual Total Time": 1597.387,
                      "Actual Rows": 1078408,
                      "Actual Loops": 7,
                      "Hash Buckets": 8388608,
                      "Original Hash Buckets": 8388608,
                      "Hash Batches": 1,
                      "Original Hash Batches": 1,
                      "Peak Memory Usage": 360960,
                      "Plans": [
                        {
                          "Node Type": "Hash Join",
                          "Parent Relationship": "Outer",
                          "Parallel Aware": true,
                          "Join Type": "Inner",
                          "Startup Cost": 50219.64,
                          "Total Cost": 253168.43,
                          "Plan Rows": 1522520,
                          "Plan Width": 8,
                          "Actual Startup Time": 275.189,
                          "Actual Total Time": 1038.714,
                          "Actual Rows": 1078408,
                          "Actual Loops": 7,
                          "Inner Unique": true,
                          "Hash Cond": "(mi.movie_id = t.id)",
                          "Plans": [
                            {
                              "Node Type": "Seq Scan",
                              "Parent Relationship": "Outer",
                              "Parallel Aware": true,
                              "Relation Name": "movie_info",
                              "Alias": "mi",
                              "Startup Cost": 0.0,
                              "Total Cost": 198952.16,
                              "Plan Rows": 1522520,
                              "Plan Width": 4,
                              "Actual Startup Time": 15.936,
                              "Actual Total Time": 350.534,
                              "Actual Rows": 1078408,
                              "Actual Loops": 7,
                              "Filter": "(info_type_id > 7)",
                              "Rows Removed by Filter": 1040981
                            },
                            {
                              "Node Type": "Hash",
                              "Parent Relationship": "Inner",
                              "Parallel Aware": true,
                              "Startup Cost": 42318.73,
                              "Total Cost": 42318.73,
                              "Plan Rows": 632073,
                              "Plan Width": 4,
                              "Actual Startup Time": 254.897,
                              "Actual Total Time": 254.898,
                              "Actual Rows": 361187,
                              "Actual Loops": 7,
                              "Hash Buckets": 4194304,
                              "Original Hash Buckets": 4194304,
                              "Hash Batches": 1,
                              "Original Hash Batches": 1,
                              "Peak Memory Usage": 131776,
                              "Plans": [
                                {
                                  "Node Type": "Seq Scan",
                                  "Parent Relationship": "Outer",
                                  "Parallel Aware": true,
                                  "Relation Name": "title",
                                  "Alias": "t",
                                  "Startup Cost": 0.0,
                                  "Total Cost": 42318.73,
                                  "Plan Rows": 632073,
                                  "Plan Width": 4,
                                  "Actual Startup Time": 0.051,
                                  "Actual Total Time": 78.134,
                                  "Actual Rows": 361187,
                                  "Actual Loops": 7
                                }
                              ]
                            }
                          ]
                        }
                      ]
                    }
                  ]
                }
              ]
            }
          ]
        }
      ]
    },
    "Planning Time": 1.382,
    "Triggers": [],
    "Execution Time": 5231.569
  }
]