{
  "Plan": {
    "Node Type": "Aggregate",
    "Strategy": "Plain",
    "Partial Mode": "Finalize",
    "Parallel Aware": false,
    "Startup Cost": 163588.04,
    "Total Cost": 163588.05,
    "Plan Rows": 1,
    "Plan Width": 8,
    "Actual Startup Time": 1049.165,
    "Actual Total Time": 1066.951,
    "Actual Rows": 1,
    "Actual Loops": 1,
    "Plans": [
      {
        "Node Type": "Gather",
        "Parent Relationship": "Outer",
        "Parallel Aware": false,
        "Startup Cost": 163587.93,
        "Total Cost": 163588.04,
        "Plan Rows": 1,
        "Plan Width": 8,
        "Actual Startup Time": 1045.133,
        "Actual Total Time": 1066.94,
        "Actual Rows": 2,
        "Actual Loops": 1,
        "Workers Planned": 1,
        "Workers Launched": 1,
        "Single Copy": false,
        "Plans": [
          {
            "Node Type": "Aggregate",
            "Strategy": "Plain",
            "Partial Mode": "Partial",
            "Parent Relationship": "Outer",
            "Parallel Aware": false,
            "Startup Cost": 162587.93,
            "Total Cost": 162587.94,
            "Plan Rows": 1,
            "Plan Width": 8,
            "Actual Startup Time": 1037.869,
            "Actual Total Time": 1038.796,
            "Actual Rows": 1,
            "Actual Loops": 2,
            "Plans": [
              {
                "Node Type": "Hash Join",
                "Parent Relationship": "Outer",
                "Parallel Aware": true,
                "Join Type": "Inner",
                "Startup Cost": 139589.98,
                "Total Cost": 161424.5,
                "Plan Rows": 465370,
                "Plan Width": 0,
                "Actual Startup Time": 838.748,
                "Actual Total Time": 1022.681,
                "Actual Rows": 312918,
                "Actual Loops": 2,
                "Inner Unique": false,
                "Hash Cond": "(mi_idx.movie_id = t.id)",
                "Plans": [
                  {
                    "Node Type": "Seq Scan",
                    "Parent Relationship": "Outer",
                    "Parallel Aware": true,
                    "Relation Name": "movie_info_idx",
                    "Alias": "mi_idx",
                    "Startup Cost": 0.0,
                    "Total Cost": 16052.85,
                    "Plan Rows": 811785,
                    "Plan Width": 4,
                    "Actual Startup Time": 0.03,
                    "Actual Total Time": 64.509,
                    "Actual Rows": 690018,
                    "Actual Loops": 2
                  },
                  {
                    "Node Type": "Hash",
                    "Parent Relationship": "Inner",
                    "Parallel Aware": true,
                    "Startup Cost": 128932.72,
                    "Total Cost": 128932.72,
                    "Plan Rows": 852581,
                    "Plan Width": 8,
                    "Actual Startup Time": 824.723,
                    "Actual Total Time": 825.648,
                    "Actual Rows": 184378,
                    "Actual Loops": 2,
                    "Hash Buckets": 2097152,
                    "Original Hash Buckets": 2097152,
                    "Hash Batches": 1,
                    "Original Hash Batches": 1,
                    "Peak Memory Usage": 30848,
                    "Plans": [
                      {
                        "Node Type": "Hash Join",
                        "Parent Relationship": "Outer",
                        "Parallel Aware": true,
                        "Join Type": "Inner",
                        "Startup Cost": 64981.11,
                        "Total Cost": 128932.72,
                        "Plan Rows": 852581,
                        "Plan Width": 8,
                        "Actual Startup Time": 309.405,
                        "Actual Total Time": 778.82,
                        "Actual Rows": 184378,
                        "Actual Loops": 2,
                        "Inner Unique": true,
                        "Hash Cond": "(mk.movie_id = t.id)",
                        "Plans": [
                          {
                            "Node Type": "Seq Scan",
                            "Parent Relationship": "Outer",
                            "Parallel Aware": true,
                            "Relation Name": "movie_keyword",
                            "Alias": "mk",
                            "Startup Cost": 0.0,
                            "Total Cost": 57718.19,
                            "Plan Rows": 2374634,
                            "Plan Width": 4,
                            "Actual Startup Time": 0.016,
                            "Actual Total Time": 239.774,
                            "Actual Rows": 2025072,
                            "Actual Loops": 2,
                            "Filter": "(keyword_id < 37644)",
                            "Rows Removed by Filter": 236893
                          },
                          {
                            "Node Type": "Hash",
                            "Parent Relationship": "Inner",
                            "Parallel Aware": true,
                            "Startup Cost": 58306.47,
                            "Total Cost": 58306.47,
                            "Plan Rows": 533971,
                            "Plan Width": 4,
                            "Actual Startup Time": 305.495,
                            "Actual Total Time": 305.496,
                            "Actual Rows": 496036,
                            "Actual Loops": 2,
                            "Hash Buckets": 1048576,
                            "Original Hash Buckets": 1048576,
                            "Hash Batches": 1,
                            "Original Hash Batches": 1,
                            "Peak Memory Usage": 47040,
                            "Plans": [
                              {
                                "Node Type": "Seq Scan",
                                "Parent Relationship": "Outer",
                                "Parallel Aware": true,
                                "Relation Name": "title",
                                "Alias": "t",
                                "Startup Cost": 0.0,
                                "Total Cost": 58306.47,
                                "Plan Rows": 533971,
                                "Plan Width": 4,
                                "Actual Startup Time": 0.028,
                                "Actual Total Time": 179.095,
                                "Actual Rows": 496036,
                                "Actual Loops": 2,
                                "Filter": "((production_year > 1998) AND (kind_id = 7))",
                                "Rows Removed by Filter": 768120
                              }
                            ]
                          }
                        ]
                      }
                    ]
                  }
                ]
              }
            ]
          }
        ]
      }
    ]
  },
  "Planning Time": 0.96,
  "Triggers": [],
  "Execution Time": 1067.04
}