{
    "Plan": {
        "Node Type": "Aggregate",
        "Strategy": "Plain",
        "Partial Mode": "Finalize",
        "Parallel Aware": false,
        "Startup Cost": 282489.56,
        "Total Cost": 282489.57,
        "Plan Rows": 1,
        "Plan Width": 8,
        "Actual Startup Time": 631.268,
        "Actual Total Time": 678.746,
        "Actual Rows": 1,
        "Actual Loops": 1,
        "Output": [
            "count(*)"
        ],
        "Plans": [
            {
                "Node Type": "Gather",
                "Parent Relationship": "Outer",
                "Parallel Aware": false,
                "Startup Cost": 282489.14,
                "Total Cost": 282489.55,
                "Plan Rows": 4,
                "Plan Width": 8,
                "Actual Startup Time": 627.481,
                "Actual Total Time": 678.736,
                "Actual Rows": 5,
                "Actual Loops": 1,
                "Output": [
                    "(PARTIAL count(*))"
                ],
                "Workers Planned": 4,
                "Workers Launched": 4,
                "Single Copy": false,
                "Plans": [
                    {
                        "Node Type": "Aggregate",
                        "Strategy": "Plain",
                        "Partial Mode": "Partial",
                        "Parent Relationship": "Outer",
                        "Parallel Aware": false,
                        "Startup Cost": 281489.14,
                        "Total Cost": 281489.15,
                        "Plan Rows": 1,
                        "Plan Width": 8,
                        "Actual Startup Time": 617.473,
                        "Actual Total Time": 617.581,
                        "Actual Rows": 1,
                        "Actual Loops": 5,
                        "Output": [
                            "PARTIAL count(*)"
                        ],
                        "Workers": [
                            {
                                "Worker Number": 0,
                                "Actual Startup Time": 614.515,
                                "Actual Total Time": 614.522,
                                "Actual Rows": 1,
                                "Actual Loops": 1
                            },
                            {
                                "Worker Number": 1,
                                "Actual Startup Time": 615.471,
                                "Actual Total Time": 615.476,
                                "Actual Rows": 1,
                                "Actual Loops": 1
                            },
                            {
                                "Worker Number": 2,
                                "Actual Startup Time": 615.108,
                                "Actual Total Time": 615.114,
                                "Actual Rows": 1,
                                "Actual Loops": 1
                            },
                            {
                                "Worker Number": 3,
                                "Actual Startup Time": 615.643,
                                "Actual Total Time": 615.649,
                                "Actual Rows": 1,
                                "Actual Loops": 1
                            }
                        ],
                        "Plans": [
                            {
                                "Node Type": "Hash Join",
                                "Parent Relationship": "Outer",
                                "Parallel Aware": true,
                                "Join Type": "Inner",
                                "Startup Cost": 236328.78,
                                "Total Cost": 281398.14,
                                "Plan Rows": 36400,
                                "Plan Width": 0,
                                "Actual Startup Time": 470.738,
                                "Actual Total Time": 614.56,
                                "Actual Rows": 68548,
                                "Actual Loops": 5,
                                "Inner Unique": false,
                                "Hash Cond": "(t.id = mc.movie_id)",
                                "Workers": [
                                    {
                                        "Worker Number": 0,
                                        "Actual Startup Time": 467.859,
                                        "Actual Total Time": 611.657,
                                        "Actual Rows": 62260,
                                        "Actual Loops": 1
                                    },
                                    {
                                        "Worker Number": 1,
                                        "Actual Startup Time": 468.45,
                                        "Actual Total Time": 612.339,
                                        "Actual Rows": 69492,
                                        "Actual Loops": 1
                                    },
                                    {
                                        "Worker Number": 2,
                                        "Actual Startup Time": 468.477,
                                        "Actual Total Time": 612.371,
                                        "Actual Rows": 59722,
                                        "Actual Loops": 1
                                    },
                                    {
                                        "Worker Number": 3,
                                        "Actual Startup Time": 468.94,
                                        "Actual Total Time": 612.568,
                                        "Actual Rows": 67981,
                                        "Actual Loops": 1
                                    }
                                ],
                                "Plans": [
                                    {
                                        "Node Type": "Seq Scan",
                                        "Parent Relationship": "Outer",
                                        "Parallel Aware": true,
                                        "Relation Name": "title",
                                        "Schema": "public",
                                        "Alias": "t",
                                        "Startup Cost": 0.0,
                                        "Total Cost": 42318.81,
                                        "Plan Rows": 632080,
                                        "Plan Width": 4,
                                        "Actual Startup Time": 0.027,
                                        "Actual Total Time": 62.607,
                                        "Actual Rows": 505662,
                                        "Actual Loops": 5,
                                        "Output": [
                                            "t.id",
                                            "t.title",
                                            "t.imdb_index",
                                            "t.kind_id",
                                            "t.production_year",
                                            "t.imdb_id",
                                            "t.phonetic_code",
                                            "t.episode_of_id",
                                            "t.season_nr",
                                            "t.episode_nr",
                                            "t.series_years",
                                            "t.md5sum"
                                        ],
                                        "Workers": [
                                            {
                                                "Worker Number": 0,
                                                "Actual Startup Time": 0.028,
                                                "Actual Total Time": 63.486,
                                                "Actual Rows": 440665,
                                                "Actual Loops": 1
                                            },
                                            {
                                                "Worker Number": 1,
                                                "Actual Startup Time": 0.029,
                                                "Actual Total Time": 65.563,
                                                "Actual Rows": 501831,
                                                "Actual Loops": 1
                                            },
                                            {
                                                "Worker Number": 2,
                                                "Actual Startup Time": 0.033,
                                                "Actual Total Time": 63.764,
                                                "Actual Rows": 444232,
                                                "Actual Loops": 1
                                            },
                                            {
                                                "Worker Number": 3,
                                                "Actual Startup Time": 0.034,
                                                "Actual Total Time": 65.738,
                                                "Actual Rows": 502817,
                                                "Actual Loops": 1
                                            }
                                        ]
                                    },
                                    {
                                        "Node Type": "Hash",
                                        "Parent Relationship": "Inner",
                                        "Parallel Aware": true,
                                        "Startup Cost": 234427.46,
                                        "Total Cost": 234427.46,
                                        "Plan Rows": 152105,
                                        "Plan Width": 8,
                                        "Actual Startup Time": 466.492,
                                        "Actual Total Time": 466.598,
                                        "Actual Rows": 68548,
                                        "Actual Loops": 5,
                                        "Output": [
                                            "mc.movie_id",
                                            "mi.movie_id"
                                        ],
                                        "Hash Buckets": 1048576,
                                        "Original Hash Buckets": 1048576,
                                        "Hash Batches": 1,
                                        "Original Hash Batches": 1,
                                        "Peak Memory Usage": 21664,
                                        "Workers": [
                                            {
                                                "Worker Number": 0,
                                                "Actual Startup Time": 467.22,
                                                "Actual Total Time": 467.224,
                                                "Actual Rows": 63463,
                                                "Actual Loops": 1
                                            },
                                            {
                                                "Worker Number": 1,
                                                "Actual Startup Time": 467.589,
                                                "Actual Total Time": 467.592,
                                                "Actual Rows": 69765,
                                                "Actual Loops": 1
                                            },
                                            {
                                                "Worker Number": 2,
                                                "Actual Startup Time": 467.854,
                                                "Actual Total Time": 467.858,
                                                "Actual Rows": 63729,
                                                "Actual Loops": 1
                                            },
                                            {
                                                "Worker Number": 3,
                                                "Actual Startup Time": 468.294,
                                                "Actual Total Time": 468.298,
                                                "Actual Rows": 69111,
                                                "Actual Loops": 1
                                            }
                                        ],
                                        "Plans": [
                                            {
                                                "Node Type": "Hash Join",
                                                "Parent Relationship": "Outer",
                                                "Parallel Aware": true,
                                                "Join Type": "Inner",
                                                "Startup Cost": 34588.33,
                                                "Total Cost": 234427.46,
                                                "Plan Rows": 152105,
                                                "Plan Width": 8,
                                                "Actual Startup Time": 337.498,
                                                "Actual Total Time": 445.059,
                                                "Actual Rows": 68548,
                                                "Actual Loops": 5,
                                                "Output": [
                                                    "mc.movie_id",
                                                    "mi.movie_id"
                                                ],
                                                "Inner Unique": false,
                                                "Hash Cond": "(mi.movie_id = mc.movie_id)",
                                                "Workers": [
                                                    {
                                                        "Worker Number": 0,
                                                        "Actual Startup Time": 337.469,
                                                        "Actual Total Time": 444.948,
                                                        "Actual Rows": 63463,
                                                        "Actual Loops": 1
                                                    },
                                                    {
                                                        "Worker Number": 1,
                                                        "Actual Startup Time": 337.503,
                                                        "Actual Total Time": 445.106,
                                                        "Actual Rows": 69765,
                                                        "Actual Loops": 1
                                                    },
                                                    {
                                                        "Worker Number": 2,
                                                        "Actual Startup Time": 337.474,
                                                        "Actual Total Time": 444.869,
                                                        "Actual Rows": 63729,
                                                        "Actual Loops": 1
                                                    },
                                                    {
                                                        "Worker Number": 3,
                                                        "Actual Startup Time": 337.442,
                                                        "Actual Total Time": 445.104,
                                                        "Actual Rows": 69111,
                                                        "Actual Loops": 1
                                                    }
                                                ],
                                                "Plans": [
                                                    {
                                                        "Node Type": "Seq Scan",
                                                        "Parent Relationship": "Outer",
                                                        "Parallel Aware": true,
                                                        "Relation Name": "movie_info",
                                                        "Schema": "public",
                                                        "Alias": "mi",
                                                        "Startup Cost": 0.0,
                                                        "Total Cost": 198880.74,
                                                        "Plan Rows": 93547,
                                                        "Plan Width": 4,
                                                        "Actual Startup Time": 221.863,
                                                        "Actual Total Time": 306.395,
                                                        "Actual Rows": 97311,
                                                        "Actual Loops": 5,
                                                        "Output": [
                                                            "mi.id",
                                                            "mi.movie_id",
                                                            "mi.info_type_id",
                                                            "mi.info",
                                                            "mi.note"
                                                        ],
                                                        "Filter": "(mi.info_type_id = 5)",
                                                        "Rows Removed by Filter": 2869833,
                                                        "Workers": [
                                                            {
                                                                "Worker Number": 0,
                                                                "Actual Startup Time": 221.877,
                                                                "Actual Total Time": 306.758,
                                                                "Actual Rows": 90318,
                                                                "Actual Loops": 1
                                                            },
                                                            {
                                                                "Worker Number": 1,
                                                                "Actual Startup Time": 221.87,
                                                                "Actual Total Time": 306.657,
                                                                "Actual Rows": 99215,
                                                                "Actual Loops": 1
                                                            },
                                                            {
                                                                "Worker Number": 2,
                                                                "Actual Startup Time": 221.866,
                                                                "Actual Total Time": 306.714,
                                                                "Actual Rows": 90040,
                                                                "Actual Loops": 1
                                                            },
                                                            {
                                                                "Worker Number": 3,
                                                                "Actual Startup Time": 221.868,
                                                                "Actual Total Time": 306.852,
                                                                "Actual Rows": 100703,
                                                                "Actual Loops": 1
                                                            }
                                                        ]
                                                    },
                                                    {
                                                        "Node Type": "Hash",
                                                        "Parent Relationship": "Inner",
                                                        "Parallel Aware": true,
                                                        "Startup Cost": 31414.82,
                                                        "Total Cost": 31414.82,
                                                        "Plan Rows": 253881,
                                                        "Plan Width": 4,
                                                        "Actual Startup Time": 113.307,
                                                        "Actual Total Time": 113.308,
                                                        "Actual Rows": 99002,
                                                        "Actual Loops": 5,
                                                        "Output": [
                                                            "mc.movie_id"
                                                        ],
                                                        "Hash Buckets": 1048576,
                                                        "Original Hash Buckets": 1048576,
                                                        "Hash Batches": 1,
                                                        "Original Hash Batches": 1,
                                                        "Peak Memory Usage": 27648,
                                                        "Workers": [
                                                            {
                                                                "Worker Number": 0,
                                                                "Actual Startup Time": 115.507,
                                                                "Actual Total Time": 115.509,
                                                                "Actual Rows": 90369,
                                                                "Actual Loops": 1
                                                            },
                                                            {
                                                                "Worker Number": 1,
                                                                "Actual Startup Time": 115.495,
                                                                "Actual Total Time": 115.496,
                                                                "Actual Rows": 97956,
                                                                "Actual Loops": 1
                                                            },
                                                            {
                                                                "Worker Number": 2,
                                                                "Actual Startup Time": 115.464,
                                                                "Actual Total Time": 115.465,
                                                                "Actual Rows": 92723,
                                                                "Actual Loops": 1
                                                            },
                                                            {
                                                                "Worker Number": 3,
                                                                "Actual Startup Time": 115.465,
                                                                "Actual Total Time": 115.466,
                                                                "Actual Rows": 99960,
                                                                "Actual Loops": 1
                                                            }
                                                        ],
                                                        "Plans": [
                                                            {
                                                                "Node Type": "Seq Scan",
                                                                "Parent Relationship": "Outer",
                                                                "Parallel Aware": true,
                                                                "Relation Name": "movie_companies",
                                                                "Schema": "public",
                                                                "Alias": "mc",
                                                                "Startup Cost": 0.0,
                                                                "Total Cost": 31414.82,
                                                                "Plan Rows": 253881,
                                                                "Plan Width": 4,
                                                                "Actual Startup Time": 45.378,
                                                                "Actual Total Time": 73.19,
                                                                "Actual Rows": 99002,
                                                                "Actual Loops": 5,
                                                                "Output": [
                                                                    "mc.movie_id"
                                                                ],
                                                                "Filter": "((mc.company_id < 14540) AND (mc.company_type_id > 1))",
                                                                "Rows Removed by Filter": 422824,
                                                                "Workers": [
                                                                    {
                                                                        "Worker Number": 0,
                                                                        "Actual Startup Time": 45.358,
                                                                        "Actual Total Time": 73.045,
                                                                        "Actual Rows": 90369,
                                                                        "Actual Loops": 1
                                                                    },
                                                                    {
                                                                        "Worker Number": 1,
                                                                        "Actual Startup Time": 45.383,
                                                                        "Actual Total Time": 73.875,
                                                                        "Actual Rows": 97956,
                                                                        "Actual Loops": 1
                                                                    },
                                                                    {
                                                                        "Worker Number": 2,
                                                                        "Actual Startup Time": 45.352,
                                                                        "Actual Total Time": 73.101,
                                                                        "Actual Rows": 92723,
                                                                        "Actual Loops": 1
                                                                    },
                                                                    {
                                                                        "Worker Number": 3,
                                                                        "Actual Startup Time": 45.369,
                                                                        "Actual Total Time": 74.079,
                                                                        "Actual Rows": 99960,
                                                                        "Actual Loops": 1
                                                                    }
                                                                ]
                                                            }
                                                        ]
                                                    }
                                                ]
                                            }
                                        ]
                                    }
                                ]
                            }
                        ]
                    }
                ]
            }
        ]
    },
    "Planning Time": 1.589,
    "Triggers": [],
    "Execution Time": 678.84
}