[
  {
    "Plan": {
      "Node Type": "Aggregate",
      "Strategy": "Plain",
      "Partial Mode": "Finalize",
      "Parallel Aware": false,
      "Startup Cost": 47149.05,
      "Total Cost": 47149.06,
      "Plan Rows": 1,
      "Plan Width": 8,
      "Actual Startup Time": 187.677,
      "Actual Total Time": 198.839,
      "Actual Rows": 1,
      "Actual Loops": 1,
      "Plans": [
        {
          "Node Type": "Gather",
          "Parent Relationship": "Outer",
          "Parallel Aware": false,
          "Startup Cost": 47148.73,
          "Total Cost": 47149.04,
          "Plan Rows": 3,
          "Plan Width": 8,
          "Actual Startup Time": 187.528,
          "Actual Total Time": 198.826,
          "Actual Rows": 4,
          "Actual Loops": 1,
          "Workers Planned": 3,
          "Workers Launched": 3,
          "Single Copy": false,
          "Plans": [
            {
              "Node Type": "Aggregate",
              "Strategy": "Plain",
              "Partial Mode": "Partial",
              "Parent Relationship": "Outer",
              "Parallel Aware": false,
              "Startup Cost": 46148.73,
              "Total Cost": 46148.74,
              "Plan Rows": 1,
              "Plan Width": 8,
              "Actual Startup Time": 180.292,
              "Actual Total Time": 180.293,
              "Actual Rows": 1,
              "Actual Loops": 4,
              "Plans": [
                {
                  "Node Type": "Seq Scan",
                  "Parent Relationship": "Outer",
                  "Parallel Aware": true,
                  "Relation Name": "movie_keyword",
                  "Alias": "mk",
                  "Startup Cost": 0.0,
                  "Total Cost": 42695.65,
                  "Plan Rows": 1381231,
                  "Plan Width": 0,
                  "Actual Startup Time": 0.051,
                  "Actual Total Time": 128.309,
                  "Actual Rows": 1069698,
                  "Actual Loops": 4,
                  "Filter": "(keyword_id < 61147)",
                  "Rows Removed by Filter": 61285
                }
              ]
            }
          ]
        }
      ]
    },
    "Planning Time": 0.132,
    "Triggers": [],
    "Execution Time": 198.88
  }
]