[
  {
    "Plan": {
      "Node Type": "Aggregate",
      "Strategy": "Plain",
      "Partial Mode": "Finalize",
      "Parallel Aware": false,
      "Startup Cost": 190454.75,
      "Total Cost": 190454.76,
      "Plan Rows": 1,
      "Plan Width": 8,
      "Actual Startup Time": 2105.419,
      "Actual Total Time": 2199.235,
      "Actual Rows": 1,
      "Actual Loops": 1,
      "Plans": [
        {
          "Node Type": "Gather",
          "Parent Relationship": "Outer",
          "Parallel Aware": false,
          "Startup Cost": 190454.43,
          "Total Cost": 190454.74,
          "Plan Rows": 3,
          "Plan Width": 8,
          "Actual Startup Time": 2094.582,
          "Actual Total Time": 2199.223,
          "Actual Rows": 4,
          "Actual Loops": 1,
          "Workers Planned": 3,
          "Workers Launched": 3,
          "Single Copy": false,
          "Plans": [
            {
              "Node Type": "Aggregate",
              "Strategy": "Plain",
              "Partial Mode": "Partial",
              "Parent Relationship": "Outer",
              "Parallel Aware": false,
              "Startup Cost": 189454.43,
              "Total Cost": 189454.44,
              "Plan Rows": 1,
              "Plan Width": 8,
              "Actual Startup Time": 2076.465,
              "Actual Total Time": 2076.469,
              "Actual Rows": 1,
              "Actual Loops": 4,
              "Plans": [
                {
                  "Node Type": "Nested Loop",
                  "Parent Relationship": "Outer",
                  "Parallel Aware": false,
                  "Join Type": "Inner",
                  "Startup Cost": 53698.93,
                  "Total Cost": 188366.47,
                  "Plan Rows": 435184,
                  "Plan Width": 0,
                  "Actual Startup Time": 369.538,
                  "Actual Total Time": 2019.829,
                  "Actual Rows": 1186436,
                  "Actual Loops": 4,
                  "Inner Unique": false,
                  "Plans": [
                    {
                      "Node Type": "Hash Join",
                      "Parent Relationship": "Outer",
                      "Parallel Aware": true,
                      "Join Type": "Inner",
                      "Startup Cost": 53698.37,
                      "Total Cost": 78951.61,
                      "Plan Rows": 52843,
                      "Plan Width": 8,
                      "Actual Startup Time": 369.152,
                      "Actual Total Time": 424.919,
                      "Actual Rows": 40263,
                      "Actual Loops": 4,
                      "Inner Unique": true,
                      "Hash Cond": "(mk.movie_id = t.id)",
                      "Plans": [
                        {
                          "Node Type": "Bitmap Heap Scan",
                          "Parent Relationship": "Outer",
                          "Parallel Aware": true,
                          "Relation Name": "movie_keyword",
                          "Alias": "mk",
                          "Startup Cost": 3477.98,
                          "Total Cost": 28592.52,
                          "Plan Rows": 52843,
                          "Plan Width": 4,
                          "Actual Startup Time": 12.688,
                          "Actual Total Time": 42.486,
                          "Actual Rows": 40263,
                          "Actual Loops": 4,
                          "Recheck Cond": "(keyword_id > 72755)",
                          "Rows Removed by Index Recheck": 0,
                          "Exact Heap Blocks": 5459,
                          "Lossy Heap Blocks": 0,
                          "Plans": [
                            {
                              "Node Type": "Bitmap Index Scan",
                              "Parent Relationship": "Outer",
                              "Parallel Aware": false,
                              "Index Name": "keyword_id_movie_keyword",
                              "Startup Cost": 0.0,
                              "Total Cost": 3437.03,
                              "Plan Rows": 163813,
                              "Plan Width": 0,
                              "Actual Startup Time": 9.749,
                              "Actual Total Time": 9.749,
                              "Actual Rows": 161053,
                              "Actual Loops": 1,
                              "Index Cond": "(keyword_id > 72755)"
                            }
                          ]
                        },
                        {
                          "Node Type": "Hash",
                          "Parent Relationship": "Inner",
                          "Parallel Aware": true,
                          "Startup Cost": 42319.06,
                          "Total Cost": 42319.06,
                          "Plan Rows": 632106,
                          "Plan Width": 4,
                          "Actual Startup Time": 344.854,
                          "Actual Total Time": 344.855,
                          "Actual Rows": 632078,
                          "Actual Loops": 4,
                          "Hash Buckets": 4194304,
                          "Original Hash Buckets": 4194304,
                          "Hash Batches": 1,
                          "Original Hash Batches": 1,
                          "Peak Memory Usage": 131776,
                          "Plans": [
                            {
                              "Node Type": "Seq Scan",
                              "Parent Relationship": "Outer",
                              "Parallel Aware": true,
                              "Relation Name": "title",
                              "Alias": "t",
                              "Startup Cost": 0.0,
                              "Total Cost": 42319.06,
                              "Plan Rows": 632106,
                              "Plan Width": 4,
                              "Actual Startup Time": 0.046,
                              "Actual Total Time": 99.855,
                              "Actual Rows": 632078,
                              "Actual Loops": 4
                            }
                          ]
                        }
                      ]
                    },
                    {
                      "Node Type": "Index Scan",
                      "Parent Relationship": "Inner",
                      "Parallel Aware": false,
                      "Scan Direction": "Forward",
                      "Index Name": "movie_id_cast_info",
                      "Relation Name": "cast_info",
                      "Alias": "ci",
                      "Startup Cost": 0.56,
                      "Total Cost": 1.87,
                      "Plan Rows": 20,
                      "Plan Width": 4,
                      "Actual Startup Time": 0.015,
                      "Actual Total Time": 0.037,
                      "Actual Rows": 29,
                      "Actual Loops": 161053,
                      "Index Cond": "(movie_id = t.id)",
                      "Rows Removed by Index Recheck": 0,
                      "Filter": "(person_id > 1536525)",
                      "Rows Removed by Filter": 24
                    }
                  ]
                }
              ]
            }
          ]
        }
      ]
    },
    "Planning Time": 1.357,
    "Triggers": [],
    "Execution Time": 2199.376
  }
]