[
  {
    "Plan": {
      "Node Type": "Aggregate",
      "Strategy": "Plain",
      "Partial Mode": "Finalize",
      "Parallel Aware": false,
      "Startup Cost": 355249.42,
      "Total Cost": 355249.43,
      "Plan Rows": 1,
      "Plan Width": 8,
      "Actual Startup Time": 910.493,
      "Actual Total Time": 970.736,
      "Actual Rows": 1,
      "Actual Loops": 1,
      "Plans": [
        {
          "Node Type": "Gather",
          "Parent Relationship": "Outer",
          "Parallel Aware": false,
          "Startup Cost": 355248.79,
          "Total Cost": 355249.4,
          "Plan Rows": 6,
          "Plan Width": 8,
          "Actual Startup Time": 910.326,
          "Actual Total Time": 970.723,
          "Actual Rows": 7,
          "Actual Loops": 1,
          "Workers Planned": 6,
          "Workers Launched": 6,
          "Single Copy": false,
          "Plans": [
            {
              "Node Type": "Aggregate",
              "Strategy": "Plain",
              "Partial Mode": "Partial",
              "Parent Relationship": "Outer",
              "Parallel Aware": false,
              "Startup Cost": 354248.79,
              "Total Cost": 354248.8,
              "Plan Rows": 1,
              "Plan Width": 8,
              "Actual Startup Time": 899.734,
              "Actual Total Time": 899.735,
              "Actual Rows": 1,
              "Actual Loops": 7,
              "Plans": [
                {
                  "Node Type": "Seq Scan",
                  "Parent Relationship": "Outer",
                  "Parallel Aware": true,
                  "Relation Name": "cast_info",
                  "Alias": "ci",
                  "Startup Cost": 0.0,
                  "Total Cost": 343257.03,
                  "Plan Rows": 4396706,
                  "Plan Width": 0,
                  "Actual Startup Time": 44.796,
                  "Actual Total Time": 737.026,
                  "Actual Rows": 3730756,
                  "Actual Loops": 7,
                  "Filter": "((person_id > 258439) AND (role_id < 7))",
                  "Rows Removed by Filter": 1447008
                }
              ]
            }
          ]
        }
      ]
    },
    "Planning Time": 0.227,
    "Triggers": [],
    "Execution Time": 970.809
  }
]