[
  {
    "Plan": {
      "Node Type": "Aggregate",
      "Strategy": "Plain",
      "Partial Mode": "Finalize",
      "Parallel Aware": false,
      "Startup Cost": 347353.86,
      "Total Cost": 347353.87,
      "Plan Rows": 1,
      "Plan Width": 8,
      "Actual Startup Time": 578.331,
      "Actual Total Time": 615.666,
      "Actual Rows": 1,
      "Actual Loops": 1,
      "Plans": [
        {
          "Node Type": "Gather",
          "Parent Relationship": "Outer",
          "Parallel Aware": false,
          "Startup Cost": 347353.23,
          "Total Cost": 347353.84,
          "Plan Rows": 6,
          "Plan Width": 8,
          "Actual Startup Time": 578.17,
          "Actual Total Time": 615.649,
          "Actual Rows": 7,
          "Actual Loops": 1,
          "Workers Planned": 6,
          "Workers Launched": 6,
          "Single Copy": false,
          "Plans": [
            {
              "Node Type": "Aggregate",
              "Strategy": "Plain",
              "Partial Mode": "Partial",
              "Parent Relationship": "Outer",
              "Parallel Aware": false,
              "Startup Cost": 346353.23,
              "Total Cost": 346353.24,
              "Plan Rows": 1,
              "Plan Width": 8,
              "Actual Startup Time": 571.47,
              "Actual Total Time": 571.471,
              "Actual Rows": 1,
              "Actual Loops": 7,
              "Plans": [
                {
                  "Node Type": "Index Scan",
                  "Parent Relationship": "Outer",
                  "Parallel Aware": true,
                  "Scan Direction": "Forward",
                  "Index Name": "role_id_cast_info",
                  "Relation Name": "cast_info",
                  "Alias": "ci",
                  "Startup Cost": 0.56,
                  "Total Cost": 341155.22,
                  "Plan Rows": 2079205,
                  "Plan Width": 0,
                  "Actual Startup Time": 0.099,
                  "Actual Total Time": 466.823,
                  "Actual Rows": 1810098,
                  "Actual Loops": 7,
                  "Index Cond": "(role_id = 1)",
                  "Rows Removed by Index Recheck": 0,
                  "Filter": "(person_id < 3947929)",
                  "Rows Removed by Filter": 0
                }
              ]
            }
          ]
        }
      ]
    },
    "Planning Time": 0.37,
    "Triggers": [],
    "Execution Time": 615.739
  }
]