[
  {
    "Plan": {
      "Node Type": "Aggregate",
      "Strategy": "Plain",
      "Partial Mode": "Finalize",
      "Parallel Aware": false,
      "Startup Cost": 345042.52,
      "Total Cost": 345042.53,
      "Plan Rows": 1,
      "Plan Width": 8,
      "Actual Startup Time": 575.212,
      "Actual Total Time": 597.085,
      "Actual Rows": 1,
      "Actual Loops": 1,
      "Plans": [
        {
          "Node Type": "Gather",
          "Parent Relationship": "Outer",
          "Parallel Aware": false,
          "Startup Cost": 345041.9,
          "Total Cost": 345042.51,
          "Plan Rows": 6,
          "Plan Width": 8,
          "Actual Startup Time": 575.144,
          "Actual Total Time": 597.079,
          "Actual Rows": 7,
          "Actual Loops": 1,
          "Workers Planned": 6,
          "Workers Launched": 6,
          "Single Copy": false,
          "Plans": [
            {
              "Node Type": "Aggregate",
              "Strategy": "Plain",
              "Partial Mode": "Partial",
              "Parent Relationship": "Outer",
              "Parallel Aware": false,
              "Startup Cost": 344041.9,
              "Total Cost": 344041.91,
              "Plan Rows": 1,
              "Plan Width": 8,
              "Actual Startup Time": 569.138,
              "Actual Total Time": 569.139,
              "Actual Rows": 1,
              "Actual Loops": 7,
              "Plans": [
                {
                  "Node Type": "Seq Scan",
                  "Parent Relationship": "Outer",
                  "Parallel Aware": true,
                  "Relation Name": "cast_info",
                  "Alias": "ci",
                  "Startup Cost": 0.0,
                  "Total Cost": 343318.94,
                  "Plan Rows": 289183,
                  "Plan Width": 0,
                  "Actual Startup Time": 412.521,
                  "Actual Total Time": 544.886,
                  "Actual Rows": 562075,
                  "Actual Loops": 7,
                  "Filter": "((person_id > 3339317) AND (role_id > 2))",
                  "Rows Removed by Filter": 4615688
                }
              ]
            }
          ]
        }
      ]
    },
    "Planning Time": 0.084,
    "Triggers": [],
    "Execution Time": 597.11
  }
]