[
  {
    "Plan": {
      "Node Type": "Aggregate",
      "Strategy": "Plain",
      "Partial Mode": "Finalize",
      "Parallel Aware": false,
      "Startup Cost": 45728.27,
      "Total Cost": 45728.28,
      "Plan Rows": 1,
      "Plan Width": 8,
      "Actual Startup Time": 149.65,
      "Actual Total Time": 159.224,
      "Actual Rows": 1,
      "Actual Loops": 1,
      "Plans": [
        {
          "Node Type": "Gather",
          "Parent Relationship": "Outer",
          "Parallel Aware": false,
          "Startup Cost": 45727.95,
          "Total Cost": 45728.26,
          "Plan Rows": 3,
          "Plan Width": 8,
          "Actual Startup Time": 149.516,
          "Actual Total Time": 159.215,
          "Actual Rows": 4,
          "Actual Loops": 1,
          "Workers Planned": 3,
          "Workers Launched": 3,
          "Single Copy": false,
          "Plans": [
            {
              "Node Type": "Aggregate",
              "Strategy": "Plain",
              "Partial Mode": "Partial",
              "Parent Relationship": "Outer",
              "Parallel Aware": false,
              "Startup Cost": 44727.95,
              "Total Cost": 44727.96,
              "Plan Rows": 1,
              "Plan Width": 8,
              "Actual Startup Time": 143.352,
              "Actual Total Time": 143.354,
              "Actual Rows": 1,
              "Actual Loops": 4,
              "Plans": [
                {
                  "Node Type": "Seq Scan",
                  "Parent Relationship": "Outer",
                  "Parallel Aware": true,
                  "Relation Name": "movie_keyword",
                  "Alias": "mk",
                  "Startup Cost": 0.0,
                  "Total Cost": 42695.65,
                  "Plan Rows": 812920,
                  "Plan Width": 0,
                  "Actual Startup Time": 0.056,
                  "Actual Total Time": 115.462,
                  "Actual Rows": 630846,
                  "Actual Loops": 4,
                  "Filter": "(keyword_id < 6254)",
                  "Rows Removed by Filter": 500137
                }
              ]
            }
          ]
        }
      ]
    },
    "Planning Time": 0.181,
    "Triggers": [],
    "Execution Time": 159.278
  }
]