[
  {
    "Plan": {
      "Node Type": "Aggregate",
      "Strategy": "Plain",
      "Partial Mode": "Finalize",
      "Parallel Aware": false,
      "Startup Cost": 454149.14,
      "Total Cost": 454149.15,
      "Plan Rows": 1,
      "Plan Width": 8,
      "Actual Startup Time": 3031.22,
      "Actual Total Time": 3085.047,
      "Actual Rows": 1,
      "Actual Loops": 1,
      "Plans": [
        {
          "Node Type": "Gather",
          "Parent Relationship": "Outer",
          "Parallel Aware": false,
          "Startup Cost": 454148.52,
          "Total Cost": 454149.13,
          "Plan Rows": 6,
          "Plan Width": 8,
          "Actual Startup Time": 3024.746,
          "Actual Total Time": 3085.019,
          "Actual Rows": 7,
          "Actual Loops": 1,
          "Workers Planned": 6,
          "Workers Launched": 6,
          "Single Copy": false,
          "Plans": [
            {
              "Node Type": "Aggregate",
              "Strategy": "Plain",
              "Partial Mode": "Partial",
              "Parent Relationship": "Outer",
              "Parallel Aware": false,
              "Startup Cost": 453148.52,
              "Total Cost": 453148.53,
              "Plan Rows": 1,
              "Plan Width": 8,
              "Actual Startup Time": 3012.593,
              "Actual Total Time": 3012.657,
              "Actual Rows": 1,
              "Actual Loops": 7,
              "Plans": [
                {
                  "Node Type": "Hash Join",
                  "Parent Relationship": "Outer",
                  "Parallel Aware": true,
                  "Join Type": "Inner",
                  "Startup Cost": 97855.44,
                  "Total Cost": 447943.3,
                  "Plan Rows": 2082087,
                  "Plan Width": 0,
                  "Actual Startup Time": 706.019,
                  "Actual Total Time": 2747.55,
                  "Actual Rows": 4702346,
                  "Actual Loops": 7,
                  "Inner Unique": false,
                  "Hash Cond": "(ci.movie_id = t.id)",
                  "Plans": [
                    {
                      "Node Type": "Seq Scan",
                      "Parent Relationship": "Outer",
                      "Parallel Aware": true,
                      "Relation Name": "cast_info",
                      "Alias": "ci",
                      "Startup Cost": 0.0,
                      "Total Cost": 328211.39,
                      "Plan Rows": 4042684,
                      "Plan Width": 4,
                      "Actual Startup Time": 195.373,
                      "Actual Total Time": 880.613,
                      "Actual Rows": 3446095,
                      "Actual Loops": 7,
                      "Filter": "(person_id > 1193475)",
                      "Rows Removed by Filter": 1731668
                    },
                    {
                      "Node Type": "Hash",
                      "Parent Relationship": "Inner",
                      "Parallel Aware": true,
                      "Startup Cost": 92604.63,
                      "Total Cost": 92604.63,
                      "Plan Rows": 420065,
                      "Plan Width": 8,
                      "Actual Startup Time": 506.506,
                      "Actual Total Time": 506.569,
                      "Actual Rows": 116800,
                      "Actual Loops": 7,
                      "Hash Buckets": 2097152,
                      "Original Hash Buckets": 2097152,
                      "Hash Batches": 1,
                      "Original Hash Batches": 1,
                      "Peak Memory Usage": 48448,
                      "Plans": [
                        {
                          "Node Type": "Hash Join",
                          "Parent Relationship": "Outer",
                          "Parallel Aware": true,
                          "Join Type": "Inner",
                          "Startup Cost": 46341.67,
                          "Total Cost": 92604.63,
                          "Plan Rows": 420065,
                          "Plan Width": 8,
                          "Actual Startup Time": 209.23,
                          "Actual Total Time": 437.549,
                          "Actual Rows": 116800,
                          "Actual Loops": 7,
                          "Inner Unique": true,
                          "Hash Cond": "(mk.movie_id = t.id)",
                          "Plans": [
                            {
                              "Node Type": "Seq Scan",
                              "Parent Relationship": "Outer",
                              "Parallel Aware": true,
                              "Relation Name": "movie_keyword",
                              "Alias": "mk",
                              "Startup Cost": 0.0,
                              "Total Cost": 42695.65,
                              "Plan Rows": 1358969,
                              "Plan Width": 4,
                              "Actual Startup Time": 0.068,
                              "Actual Total Time": 117.773,
                              "Actual Rows": 601542,
                              "Actual Loops": 7,
                              "Filter": "(keyword_id < 52141)",
                              "Rows Removed by Filter": 44734
                            },
                            {
                              "Node Type": "Hash",
                              "Parent Relationship": "Inner",
                              "Parallel Aware": true,
                              "Startup Cost": 43899.32,
                              "Total Cost": 43899.32,
                              "Plan Rows": 195388,
                              "Plan Width": 4,
                              "Actual Startup Time": 207.515,
                              "Actual Total Time": 207.516,
                              "Actual Rows": 112132,
                              "Actual Loops": 7,
                              "Hash Buckets": 1048576,
                              "Original Hash Buckets": 1048576,
                              "Hash Batches": 1,
                              "Original Hash Batches": 1,
                              "Peak Memory Usage": 39040,
                              "Plans": [
                                {
                                  "Node Type": "Seq Scan",
                                  "Parent Relationship": "Outer",
                                  "Parallel Aware": true,
                                  "Relation Name": "title",
                                  "Alias": "t",
                                  "Startup Cost": 0.0,
                                  "Total Cost": 43899.32,
                                  "Plan Rows": 195388,
                                  "Plan Width": 4,
                                  "Actual Startup Time": 0.061,
                                  "Actual Total Time": 117.549,
                                  "Actual Rows": 112132,
                                  "Actual Loops": 7,
                                  "Filter": "(production_year > 2007)",
                                  "Rows Removed by Filter": 249055
                                }
                              ]
                            }
                          ]
                        }
                      ]
                    }
                  ]
                }
              ]
            }
          ]
        }
      ]
    },
    "Planning Time": 1.157,
    "Triggers": [],
    "Execution Time": 3085.124
  }
]