[
    {
        "Bao": {
            "Bao prediction": "NaN",
            "Bao recommended hint": "(no hint)"
        }
    },
    {
        "Plan": {
            "Node Type": "Aggregate",
            "Strategy": "Plain",
            "Partial Mode": "Simple",
            "Parallel Aware": false,
            "Startup Cost": 11366.56,
            "Total Cost": 11366.57,
            "Plan Rows": 1,
            "Plan Width": 8,
            "Actual Startup Time": 4.226,
            "Actual Total Time": 4.228,
            "Actual Rows": 1,
            "Actual Loops": 1,
            "Output": [
                "count(*)"
            ],
            "Plans": [
                {
                    "Node Type": "Bitmap Heap Scan",
                    "Parent Relationship": "Outer",
                    "Parallel Aware": false,
                    "Relation Name": "movie_companies",
                    "Schema": "public",
                    "Alias": "mc",
                    "Startup Cost": 110.22,
                    "Total Cost": 11360.48,
                    "Plan Rows": 2430,
                    "Plan Width": 0,
                    "Actual Startup Time": 0.542,
                    "Actual Total Time": 4.052,
                    "Actual Rows": 2290,
                    "Actual Loops": 1,
                    "Recheck Cond": "(mc.company_id = 69)",
                    "Rows Removed by Index Recheck": 0,
                    "Filter": "(mc.company_type_id = 1)",
                    "Rows Removed by Filter": 1989,
                    "Exact Heap Blocks": 1764,
                    "Lossy Heap Blocks": 0,
                    "Plans": [
                        {
                            "Node Type": "Bitmap Index Scan",
                            "Parent Relationship": "Outer",
                            "Parallel Aware": false,
                            "Index Name": "company_id_movie_companies",
                            "Startup Cost": 0.0,
                            "Total Cost": 109.61,
                            "Plan Rows": 4957,
                            "Plan Width": 0,
                            "Actual Startup Time": 0.322,
                            "Actual Total Time": 0.322,
                            "Actual Rows": 4279,
                            "Actual Loops": 1,
                            "Index Cond": "(mc.company_id = 69)"
                        }
                    ]
                }
            ]
        },
        "Planning Time": 190.216,
        "Triggers": [],
        "Execution Time": 4.28
    }
]