[
    {
        "Bao": {
            "Bao prediction": "NaN",
            "Bao recommended hint": "(no hint)"
        }
    },
    {
        "Plan": {
            "Node Type": "Aggregate",
            "Strategy": "Plain",
            "Partial Mode": "Simple",
            "Parallel Aware": false,
            "Startup Cost": 14827.6,
            "Total Cost": 14827.61,
            "Plan Rows": 1,
            "Plan Width": 8,
            "Actual Startup Time": 9.251,
            "Actual Total Time": 9.252,
            "Actual Rows": 1,
            "Actual Loops": 1,
            "Output": [
                "count(*)"
            ],
            "Plans": [
                {
                    "Node Type": "Bitmap Heap Scan",
                    "Parent Relationship": "Outer",
                    "Parallel Aware": false,
                    "Relation Name": "movie_keyword",
                    "Schema": "public",
                    "Alias": "mk",
                    "Startup Cost": 138.68,
                    "Total Cost": 14811.39,
                    "Plan Rows": 6484,
                    "Plan Width": 0,
                    "Actual Startup Time": 1.479,
                    "Actual Total Time": 8.876,
                    "Actual Rows": 6525,
                    "Actual Loops": 1,
                    "Recheck Cond": "(mk.keyword_id = 70)",
                    "Rows Removed by Index Recheck": 0,
                    "Exact Heap Blocks": 5169,
                    "Lossy Heap Blocks": 0,
                    "Plans": [
                        {
                            "Node Type": "Bitmap Index Scan",
                            "Parent Relationship": "Outer",
                            "Parallel Aware": false,
                            "Index Name": "keyword_id_movie_keyword",
                            "Startup Cost": 0.0,
                            "Total Cost": 137.06,
                            "Plan Rows": 6484,
                            "Plan Width": 0,
                            "Actual Startup Time": 0.738,
                            "Actual Total Time": 0.739,
                            "Actual Rows": 6525,
                            "Actual Loops": 1,
                            "Index Cond": "(mk.keyword_id = 70)"
                        }
                    ]
                }
            ]
        },
        "Planning Time": 189.971,
        "Triggers": [],
        "Execution Time": 9.292
    }
]