[
  {
    "Plan": {
      "Node Type": "Aggregate",
      "Strategy": "Plain",
      "Partial Mode": "Finalize",
      "Parallel Aware": false,
      "Startup Cost": 266176.07,
      "Total Cost": 266176.08,
      "Plan Rows": 1,
      "Plan Width": 8,
      "Actual Startup Time": 619.844,
      "Actual Total Time": 634.719,
      "Actual Rows": 1,
      "Actual Loops": 1,
      "Plans": [
        {
          "Node Type": "Gather",
          "Parent Relationship": "Outer",
          "Parallel Aware": false,
          "Startup Cost": 266175.75,
          "Total Cost": 266176.06,
          "Plan Rows": 3,
          "Plan Width": 8,
          "Actual Startup Time": 619.115,
          "Actual Total Time": 634.711,
          "Actual Rows": 4,
          "Actual Loops": 1,
          "Workers Planned": 3,
          "Workers Launched": 3,
          "Single Copy": false,
          "Plans": [
            {
              "Node Type": "Aggregate",
              "Strategy": "Plain",
              "Partial Mode": "Partial",
              "Parent Relationship": "Outer",
              "Parallel Aware": false,
              "Startup Cost": 265175.75,
              "Total Cost": 265175.76,
              "Plan Rows": 1,
              "Plan Width": 8,
              "Actual Startup Time": 610.086,
              "Actual Total Time": 610.091,
              "Actual Rows": 1,
              "Actual Loops": 4,
              "Plans": [
                {
                  "Node Type": "Hash Join",
                  "Parent Relationship": "Outer",
                  "Parallel Aware": true,
                  "Join Type": "Inner",
                  "Startup Cost": 217182.36,
                  "Total Cost": 264984.44,
                  "Plan Rows": 76525,
                  "Plan Width": 0,
                  "Actual Startup Time": 131.006,
                  "Actual Total Time": 492.158,
                  "Actual Rows": 3048259,
                  "Actual Loops": 4,
                  "Inner Unique": false,
                  "Hash Cond": "(mk.movie_id = t.id)",
                  "Plans": [
                    {
                      "Node Type": "Seq Scan",
                      "Parent Relationship": "Outer",
                      "Parallel Aware": true,
                      "Relation Name": "movie_keyword",
                      "Alias": "mk",
                      "Startup Cost": 0.0,
                      "Total Cost": 42695.65,
                      "Plan Rows": 1320899,
                      "Plan Width": 4,
                      "Actual Startup Time": 0.02,
                      "Actual Total Time": 103.462,
                      "Actual Rows": 1024793,
                      "Actual Loops": 4,
                      "Filter": "(keyword_id < 41166)",
                      "Rows Removed by Filter": 106190
                    },
                    {
                      "Node Type": "Hash",
                      "Parent Relationship": "Inner",
                      "Parallel Aware": true,
                      "Startup Cost": 216816.16,
                      "Total Cost": 216816.16,
                      "Plan Rows": 29296,
                      "Plan Width": 8,
                      "Actual Startup Time": 127.779,
                      "Actual Total Time": 127.782,
                      "Actual Rows": 36872,
                      "Actual Loops": 4,
                      "Hash Buckets": 262144,
                      "Original Hash Buckets": 262144,
                      "Hash Batches": 1,
                      "Original Hash Batches": 1,
                      "Peak Memory Usage": 7904,
                      "Plans": [
                        {
                          "Node Type": "Nested Loop",
                          "Parent Relationship": "Outer",
                          "Parallel Aware": false,
                          "Join Type": "Inner",
                          "Startup Cost": 2648.09,
                          "Total Cost": 216816.16,
                          "Plan Rows": 29296,
                          "Plan Width": 8,
                          "Actual Startup Time": 9.36,
                          "Actual Total Time": 117.648,
                          "Actual Rows": 36872,
                          "Actual Loops": 4,
                          "Inner Unique": true,
                          "Plans": [
                            {
                              "Node Type": "Bitmap Heap Scan",
                              "Parent Relationship": "Outer",
                              "Parallel Aware": true,
                              "Relation Name": "movie_info",
                              "Alias": "mi",
                              "Startup Cost": 2647.66,
                              "Total Cost": 167705.65,
                              "Plan Rows": 29296,
                              "Plan Width": 4,
                              "Actual Startup Time": 9.121,
                              "Actual Total Time": 19.626,
                              "Actual Rows": 36872,
                              "Actual Loops": 4,
                              "Recheck Cond": "(info_type_id = 107)",
                              "Rows Removed by Index Recheck": 0,
                              "Exact Heap Blocks": 1685,
                              "Lossy Heap Blocks": 0,
                              "Plans": [
                                {
                                  "Node Type": "Bitmap Index Scan",
                                  "Parent Relationship": "Outer",
                                  "Parallel Aware": false,
                                  "Index Name": "info_type_id_movie_info",
                                  "Startup Cost": 0.0,
                                  "Total Cost": 2611.04,
                                  "Plan Rows": 146481,
                                  "Plan Width": 0,
                                  "Actual Startup Time": 11.895,
                                  "Actual Total Time": 11.895,
                                  "Actual Rows": 147487,
                                  "Actual Loops": 1,
                                  "Index Cond": "(info_type_id = 107)"
                                }
                              ]
                            },
                            {
                              "Node Type": "Index Only Scan",
                              "Parent Relationship": "Inner",
                              "Parallel Aware": false,
                              "Scan Direction": "Forward",
                              "Index Name": "title_pkey",
                              "Relation Name": "title",
                              "Alias": "t",
                              "Startup Cost": 0.43,
                              "Total Cost": 1.68,
                              "Plan Rows": 1,
                              "Plan Width": 4,
                              "Actual Startup Time": 0.002,
                              "Actual Total Time": 0.002,
                              "Actual Rows": 1,
                              "Actual Loops": 147487,
                              "Index Cond": "(id = mi.movie_id)",
                              "Rows Removed by Index Recheck": 0,
                              "Heap Fetches": 147487
                            }
                          ]
                        }
                      ]
                    }
                  ]
                }
              ]
            }
          ]
        }
      ]
    },
    "Planning Time": 0.954,
    "Triggers": [],
    "Execution Time": 634.814
  }
]