[
  {
    "Plan": {
      "Node Type": "Aggregate",
      "Strategy": "Plain",
      "Partial Mode": "Finalize",
      "Parallel Aware": false,
      "Startup Cost": 31325.43,
      "Total Cost": 31325.44,
      "Plan Rows": 1,
      "Plan Width": 8,
      "Actual Startup Time": 103.602,
      "Actual Total Time": 111.358,
      "Actual Rows": 1,
      "Actual Loops": 1,
      "Plans": [
        {
          "Node Type": "Gather",
          "Parent Relationship": "Outer",
          "Parallel Aware": false,
          "Startup Cost": 31325.11,
          "Total Cost": 31325.42,
          "Plan Rows": 3,
          "Plan Width": 8,
          "Actual Startup Time": 103.49,
          "Actual Total Time": 111.349,
          "Actual Rows": 4,
          "Actual Loops": 1,
          "Workers Planned": 3,
          "Workers Launched": 3,
          "Single Copy": false,
          "Plans": [
            {
              "Node Type": "Aggregate",
              "Strategy": "Plain",
              "Partial Mode": "Partial",
              "Parent Relationship": "Outer",
              "Parallel Aware": false,
              "Startup Cost": 30325.11,
              "Total Cost": 30325.12,
              "Plan Rows": 1,
              "Plan Width": 8,
              "Actual Startup Time": 95.591,
              "Actual Total Time": 95.592,
              "Actual Rows": 1,
              "Actual Loops": 4,
              "Plans": [
                {
                  "Node Type": "Seq Scan",
                  "Parent Relationship": "Outer",
                  "Parallel Aware": true,
                  "Relation Name": "movie_companies",
                  "Alias": "mc",
                  "Startup Cost": 0.0,
                  "Total Cost": 29310.68,
                  "Plan Rows": 405773,
                  "Plan Width": 0,
                  "Actual Startup Time": 23.069,
                  "Actual Total Time": 81.944,
                  "Actual Rows": 315891,
                  "Actual Loops": 4,
                  "Filter": "(company_id > 11531)",
                  "Rows Removed by Filter": 336391
                }
              ]
            }
          ]
        }
      ]
    },
    "Planning Time": 0.199,
    "Triggers": [],
    "Execution Time": 111.419
  }
]