[
  {
    "Plan": {
      "Node Type": "Aggregate",
      "Strategy": "Plain",
      "Partial Mode": "Finalize",
      "Parallel Aware": false,
      "Startup Cost": 331134.87,
      "Total Cost": 331134.88,
      "Plan Rows": 1,
      "Plan Width": 8,
      "Actual Startup Time": 495.286,
      "Actual Total Time": 516.657,
      "Actual Rows": 1,
      "Actual Loops": 1,
      "Plans": [
        {
          "Node Type": "Gather",
          "Parent Relationship": "Outer",
          "Parallel Aware": false,
          "Startup Cost": 331134.25,
          "Total Cost": 331134.86,
          "Plan Rows": 6,
          "Plan Width": 8,
          "Actual Startup Time": 495.135,
          "Actual Total Time": 516.649,
          "Actual Rows": 7,
          "Actual Loops": 1,
          "Workers Planned": 6,
          "Workers Launched": 6,
          "Single Copy": false,
          "Plans": [
            {
              "Node Type": "Aggregate",
              "Strategy": "Plain",
              "Partial Mode": "Partial",
              "Parent Relationship": "Outer",
              "Parallel Aware": false,
              "Startup Cost": 330134.25,
              "Total Cost": 330134.26,
              "Plan Rows": 1,
              "Plan Width": 8,
              "Actual Startup Time": 484.654,
              "Actual Total Time": 484.656,
              "Actual Rows": 1,
              "Actual Loops": 7,
              "Plans": [
                {
                  "Node Type": "Index Scan",
                  "Parent Relationship": "Outer",
                  "Parallel Aware": true,
                  "Scan Direction": "Forward",
                  "Index Name": "role_id_cast_info",
                  "Relation Name": "cast_info",
                  "Alias": "ci",
                  "Startup Cost": 0.56,
                  "Total Cost": 325153.08,
                  "Plan Rows": 1992466,
                  "Plan Width": 0,
                  "Actual Startup Time": 0.247,
                  "Actual Total Time": 394.5,
                  "Actual Rows": 1672163,
                  "Actual Loops": 7,
                  "Index Cond": "(role_id > 3)",
                  "Rows Removed by Index Recheck": 0,
                  "Filter": "(person_id < 3985151)",
                  "Rows Removed by Filter": 58358
                }
              ]
            }
          ]
        }
      ]
    },
    "Planning Time": 0.128,
    "Triggers": [],
    "Execution Time": 516.689
  }
]