[
    {
        "Bao": {
            "Bao prediction": "NaN",
            "Bao recommended hint": "(no hint)"
        }
    },
    {
        "Plan": {
            "Node Type": "Aggregate",
            "Strategy": "Plain",
            "Partial Mode": "Simple",
            "Parallel Aware": false,
            "Startup Cost": 8053.6,
            "Total Cost": 8053.61,
            "Plan Rows": 1,
            "Plan Width": 8,
            "Actual Startup Time": 6.016,
            "Actual Total Time": 6.018,
            "Actual Rows": 1,
            "Actual Loops": 1,
            "Output": [
                "count(*)"
            ],
            "Plans": [
                {
                    "Node Type": "Index Only Scan",
                    "Parent Relationship": "Outer",
                    "Parallel Aware": false,
                    "Scan Direction": "Forward",
                    "Index Name": "company_id_movie_companies",
                    "Relation Name": "movie_companies",
                    "Schema": "public",
                    "Alias": "mc",
                    "Startup Cost": 0.43,
                    "Total Cost": 8045.34,
                    "Plan Rows": 3305,
                    "Plan Width": 0,
                    "Actual Startup Time": 0.146,
                    "Actual Total Time": 5.485,
                    "Actual Rows": 2910,
                    "Actual Loops": 1,
                    "Output": [
                        "company_id"
                    ],
                    "Index Cond": "(mc.company_id = 28339)",
                    "Rows Removed by Index Recheck": 0,
                    "Heap Fetches": 2910
                }
            ]
        },
        "Planning Time": 227.654,
        "Triggers": [],
        "Execution Time": 6.102
    }
]