[
  {
    "Plan": {
      "Node Type": "Aggregate",
      "Strategy": "Plain",
      "Partial Mode": "Finalize",
      "Parallel Aware": false,
      "Startup Cost": 528481.96,
      "Total Cost": 528481.97,
      "Plan Rows": 1,
      "Plan Width": 8,
      "Actual Startup Time": 3853.346,
      "Actual Total Time": 3974.528,
      "Actual Rows": 1,
      "Actual Loops": 1,
      "Plans": [
        {
          "Node Type": "Gather",
          "Parent Relationship": "Outer",
          "Parallel Aware": false,
          "Startup Cost": 528481.44,
          "Total Cost": 528481.95,
          "Plan Rows": 5,
          "Plan Width": 8,
          "Actual Startup Time": 3846.239,
          "Actual Total Time": 3974.515,
          "Actual Rows": 6,
          "Actual Loops": 1,
          "Workers Planned": 5,
          "Workers Launched": 5,
          "Single Copy": false,
          "Plans": [
            {
              "Node Type": "Aggregate",
              "Strategy": "Plain",
              "Partial Mode": "Partial",
              "Parent Relationship": "Outer",
              "Parallel Aware": false,
              "Startup Cost": 527481.44,
              "Total Cost": 527481.45,
              "Plan Rows": 1,
              "Plan Width": 8,
              "Actual Startup Time": 3838.252,
              "Actual Total Time": 3838.262,
              "Actual Rows": 1,
              "Actual Loops": 6,
              "Plans": [
                {
                  "Node Type": "Nested Loop",
                  "Parent Relationship": "Outer",
                  "Parallel Aware": false,
                  "Join Type": "Inner",
                  "Startup Cost": 46342.24,
                  "Total Cost": 523433.84,
                  "Plan Rows": 1619039,
                  "Plan Width": 0,
                  "Actual Startup Time": 150.692,
                  "Actual Total Time": 3664.529,
                  "Actual Rows": 3813074,
                  "Actual Loops": 6,
                  "Inner Unique": false,
                  "Join Filter": "(t.id = ci.movie_id)",
                  "Rows Removed by Join Filter": 0,
                  "Plans": [
                    {
                      "Node Type": "Hash Join",
                      "Parent Relationship": "Outer",
                      "Parallel Aware": true,
                      "Join Type": "Inner",
                      "Startup Cost": 46341.67,
                      "Total Cost": 246408.87,
                      "Plan Rows": 112922,
                      "Plan Width": 8,
                      "Actual Startup Time": 150.579,
                      "Actual Total Time": 553.947,
                      "Actual Rows": 81272,
                      "Actual Loops": 6,
                      "Inner Unique": true,
                      "Hash Cond": "(mi.movie_id = t.id)",
                      "Plans": [
                        {
                          "Node Type": "Seq Scan",
                          "Parent Relationship": "Outer",
                          "Parallel Aware": true,
                          "Relation Name": "movie_info",
                          "Alias": "mi",
                          "Startup Cost": 0.0,
                          "Total Cost": 199108.24,
                          "Plan Rows": 365318,
                          "Plan Width": 4,
                          "Actual Startup Time": 16.633,
                          "Actual Total Time": 318.228,
                          "Actual Rows": 310939,
                          "Actual Loops": 6,
                          "Filter": "(info_type_id > 17)",
                          "Rows Removed by Filter": 2161681
                        },
                        {
                          "Node Type": "Hash",
                          "Parent Relationship": "Inner",
                          "Parallel Aware": true,
                          "Startup Cost": 43899.32,
                          "Total Cost": 43899.32,
                          "Plan Rows": 195388,
                          "Plan Width": 4,
                          "Actual Startup Time": 131.956,
                          "Actual Total Time": 131.961,
                          "Actual Rows": 130821,
                          "Actual Loops": 6,
                          "Hash Buckets": 1048576,
                          "Original Hash Buckets": 1048576,
                          "Hash Batches": 1,
                          "Original Hash Batches": 1,
                          "Peak Memory Usage": 38944,
                          "Plans": [
                            {
                              "Node Type": "Seq Scan",
                              "Parent Relationship": "Outer",
                              "Parallel Aware": true,
                              "Relation Name": "title",
                              "Alias": "t",
                              "Startup Cost": 0.0,
                              "Total Cost": 43899.32,
                              "Plan Rows": 195388,
                              "Plan Width": 4,
                              "Actual Startup Time": 0.037,
                              "Actual Total Time": 78.034,
                              "Actual Rows": 130821,
                              "Actual Loops": 6,
                              "Filter": "(production_year > 2007)",
                              "Rows Removed by Filter": 290564
                            }
                          ]
                        }
                      ]
                    },
                    {
                      "Node Type": "Index Only Scan",
                      "Parent Relationship": "Inner",
                      "Parallel Aware": false,
                      "Scan Direction": "Forward",
                      "Index Name": "movie_id_cast_info",
                      "Relation Name": "cast_info",
                      "Alias": "ci",
                      "Startup Cost": 0.56,
                      "Total Cost": 2.02,
                      "Plan Rows": 35,
                      "Plan Width": 4,
                      "Actual Startup Time": 0.005,
                      "Actual Total Time": 0.034,
                      "Actual Rows": 47,
                      "Actual Loops": 487631,
                      "Index Cond": "(movie_id = mi.movie_id)",
                      "Rows Removed by Index Recheck": 0,
                      "Heap Fetches": 22878443
                    }
                  ]
                }
              ]
            }
          ]
        }
      ]
    },
    "Planning Time": 0.445,
    "Triggers": [],
    "Execution Time": 3974.603
  }
]