{
    "Plan": {
        "Node Type": "Aggregate",
        "Strategy": "Plain",
        "Partial Mode": "Finalize",
        "Parallel Aware": false,
        "Startup Cost": 318453.88,
        "Total Cost": 318453.89,
        "Plan Rows": 1,
        "Plan Width": 8,
        "Actual Startup Time": 3154.036,
        "Actual Total Time": 3194.302,
        "Actual Rows": 1,
        "Actual Loops": 1,
        "Output": [
            "count(*)"
        ],
        "Plans": [
            {
                "Node Type": "Gather",
                "Parent Relationship": "Outer",
                "Parallel Aware": false,
                "Startup Cost": 318453.35,
                "Total Cost": 318453.86,
                "Plan Rows": 5,
                "Plan Width": 8,
                "Actual Startup Time": 3133.075,
                "Actual Total Time": 3194.289,
                "Actual Rows": 6,
                "Actual Loops": 1,
                "Output": [
                    "(PARTIAL count(*))"
                ],
                "Workers Planned": 5,
                "Workers Launched": 5,
                "Single Copy": false,
                "Plans": [
                    {
                        "Node Type": "Aggregate",
                        "Strategy": "Plain",
                        "Partial Mode": "Partial",
                        "Parent Relationship": "Outer",
                        "Parallel Aware": false,
                        "Startup Cost": 317453.35,
                        "Total Cost": 317453.36,
                        "Plan Rows": 1,
                        "Plan Width": 8,
                        "Actual Startup Time": 3111.299,
                        "Actual Total Time": 3111.994,
                        "Actual Rows": 1,
                        "Actual Loops": 6,
                        "Output": [
                            "PARTIAL count(*)"
                        ],
                        "Workers": [
                            {
                                "Worker Number": 0,
                                "Actual Startup Time": 3106.558,
                                "Actual Total Time": 3106.562,
                                "Actual Rows": 1,
                                "Actual Loops": 1
                            },
                            {
                                "Worker Number": 1,
                                "Actual Startup Time": 3106.555,
                                "Actual Total Time": 3106.561,
                                "Actual Rows": 1,
                                "Actual Loops": 1
                            },
                            {
                                "Worker Number": 2,
                                "Actual Startup Time": 3106.524,
                                "Actual Total Time": 3106.53,
                                "Actual Rows": 1,
                                "Actual Loops": 1
                            },
                            {
                                "Worker Number": 3,
                                "Actual Startup Time": 3109.268,
                                "Actual Total Time": 3109.273,
                                "Actual Rows": 1,
                                "Actual Loops": 1
                            },
                            {
                                "Worker Number": 4,
                                "Actual Startup Time": 3106.716,
                                "Actual Total Time": 3106.722,
                                "Actual Rows": 1,
                                "Actual Loops": 1
                            }
                        ],
                        "Plans": [
                            {
                                "Node Type": "Hash Join",
                                "Parent Relationship": "Outer",
                                "Parallel Aware": true,
                                "Join Type": "Inner",
                                "Startup Cost": 90156.38,
                                "Total Cost": 309863.28,
                                "Plan Rows": 3036031,
                                "Plan Width": 0,
                                "Actual Startup Time": 718.191,
                                "Actual Total Time": 2636.986,
                                "Actual Rows": 11059532,
                                "Actual Loops": 6,
                                "Inner Unique": false,
                                "Hash Cond": "(mi.movie_id = t.id)",
                                "Workers": [
                                    {
                                        "Worker Number": 0,
                                        "Actual Startup Time": 714.158,
                                        "Actual Total Time": 2628.747,
                                        "Actual Rows": 9787827,
                                        "Actual Loops": 1
                                    },
                                    {
                                        "Worker Number": 1,
                                        "Actual Startup Time": 713.188,
                                        "Actual Total Time": 2646.675,
                                        "Actual Rows": 11491448,
                                        "Actual Loops": 1
                                    },
                                    {
                                        "Worker Number": 2,
                                        "Actual Startup Time": 714.398,
                                        "Actual Total Time": 2644.588,
                                        "Actual Rows": 11534573,
                                        "Actual Loops": 1
                                    },
                                    {
                                        "Worker Number": 3,
                                        "Actual Startup Time": 712.796,
                                        "Actual Total Time": 2641.336,
                                        "Actual Rows": 12302455,
                                        "Actual Loops": 1
                                    },
                                    {
                                        "Worker Number": 4,
                                        "Actual Startup Time": 714.561,
                                        "Actual Total Time": 2623.862,
                                        "Actual Rows": 8694353,
                                        "Actual Loops": 1
                                    }
                                ],
                                "Plans": [
                                    {
                                        "Node Type": "Seq Scan",
                                        "Parent Relationship": "Outer",
                                        "Parallel Aware": true,
                                        "Relation Name": "movie_info",
                                        "Schema": "public",
                                        "Alias": "mi",
                                        "Startup Cost": 0.0,
                                        "Total Cost": 198880.74,
                                        "Plan Rows": 2942002,
                                        "Plan Width": 4,
                                        "Actual Startup Time": 0.033,
                                        "Actual Total Time": 374.942,
                                        "Actual Rows": 2464242,
                                        "Actual Loops": 6,
                                        "Output": [
                                            "mi.id",
                                            "mi.movie_id",
                                            "mi.info_type_id",
                                            "mi.info",
                                            "mi.note"
                                        ],
                                        "Filter": "(mi.info_type_id < 108)",
                                        "Rows Removed by Filter": 8378,
                                        "Workers": [
                                            {
                                                "Worker Number": 0,
                                                "Actual Startup Time": 0.038,
                                                "Actual Total Time": 396.093,
                                                "Actual Rows": 2119513,
                                                "Actual Loops": 1
                                            },
                                            {
                                                "Worker Number": 1,
                                                "Actual Startup Time": 0.039,
                                                "Actual Total Time": 385.485,
                                                "Actual Rows": 2534882,
                                                "Actual Loops": 1
                                            },
                                            {
                                                "Worker Number": 2,
                                                "Actual Startup Time": 0.037,
                                                "Actual Total Time": 384.267,
                                                "Actual Rows": 2531448,
                                                "Actual Loops": 1
                                            },
                                            {
                                                "Worker Number": 3,
                                                "Actual Startup Time": 0.033,
                                                "Actual Total Time": 390.092,
                                                "Actual Rows": 2720757,
                                                "Actual Loops": 1
                                            },
                                            {
                                                "Worker Number": 4,
                                                "Actual Startup Time": 0.039,
                                                "Actual Total Time": 395.476,
                                                "Actual Rows": 2045097,
                                                "Actual Loops": 1
                                            }
                                        ]
                                    },
                                    {
                                        "Node Type": "Hash",
                                        "Parent Relationship": "Inner",
                                        "Parallel Aware": true,
                                        "Startup Cost": 79635.69,
                                        "Total Cost": 79635.69,
                                        "Plan Rows": 841655,
                                        "Plan Width": 8,
                                        "Actual Startup Time": 708.742,
                                        "Actual Total Time": 709.435,
                                        "Actual Rows": 434855,
                                        "Actual Loops": 6,
                                        "Output": [
                                            "t.id",
                                            "mc.movie_id"
                                        ],
                                        "Hash Buckets": 4194304,
                                        "Original Hash Buckets": 4194304,
                                        "Hash Batches": 1,
                                        "Original Hash Batches": 1,
                                        "Peak Memory Usage": 134912,
                                        "Workers": [
                                            {
                                                "Worker Number": 0,
                                                "Actual Startup Time": 711.693,
                                                "Actual Total Time": 711.696,
                                                "Actual Rows": 347330,
                                                "Actual Loops": 1
                                            },
                                            {
                                                "Worker Number": 1,
                                                "Actual Startup Time": 711.819,
                                                "Actual Total Time": 711.823,
                                                "Actual Rows": 456142,
                                                "Actual Loops": 1
                                            },
                                            {
                                                "Worker Number": 2,
                                                "Actual Startup Time": 711.838,
                                                "Actual Total Time": 711.842,
                                                "Actual Rows": 460852,
                                                "Actual Loops": 1
                                            },
                                            {
                                                "Worker Number": 3,
                                                "Actual Startup Time": 711.959,
                                                "Actual Total Time": 711.963,
                                                "Actual Rows": 485287,
                                                "Actual Loops": 1
                                            },
                                            {
                                                "Worker Number": 4,
                                                "Actual Startup Time": 712.102,
                                                "Actual Total Time": 712.107,
                                                "Actual Rows": 350095,
                                                "Actual Loops": 1
                                            }
                                        ],
                                        "Plans": [
                                            {
                                                "Node Type": "Hash Join",
                                                "Parent Relationship": "Outer",
                                                "Parallel Aware": true,
                                                "Join Type": "Inner",
                                                "Startup Cost": 50219.81,
                                                "Total Cost": 79635.69,
                                                "Plan Rows": 841655,
                                                "Plan Width": 8,
                                                "Actual Startup Time": 294.181,
                                                "Actual Total Time": 527.964,
                                                "Actual Rows": 434855,
                                                "Actual Loops": 6,
                                                "Output": [
                                                    "t.id",
                                                    "mc.movie_id"
                                                ],
                                                "Inner Unique": true,
                                                "Hash Cond": "(mc.movie_id = t.id)",
                                                "Workers": [
                                                    {
                                                        "Worker Number": 0,
                                                        "Actual Startup Time": 294.085,
                                                        "Actual Total Time": 529.628,
                                                        "Actual Rows": 347330,
                                                        "Actual Loops": 1
                                                    },
                                                    {
                                                        "Worker Number": 1,
                                                        "Actual Startup Time": 294.208,
                                                        "Actual Total Time": 528.017,
                                                        "Actual Rows": 456142,
                                                        "Actual Loops": 1
                                                    },
                                                    {
                                                        "Worker Number": 2,
                                                        "Actual Startup Time": 294.214,
                                                        "Actual Total Time": 527.46,
                                                        "Actual Rows": 460852,
                                                        "Actual Loops": 1
                                                    },
                                                    {
                                                        "Worker Number": 3,
                                                        "Actual Startup Time": 294.139,
                                                        "Actual Total Time": 526.513,
                                                        "Actual Rows": 485287,
                                                        "Actual Loops": 1
                                                    },
                                                    {
                                                        "Worker Number": 4,
                                                        "Actual Startup Time": 294.233,
                                                        "Actual Total Time": 527.39,
                                                        "Actual Rows": 350095,
                                                        "Actual Loops": 1
                                                    }
                                                ],
                                                "Plans": [
                                                    {
                                                        "Node Type": "Seq Scan",
                                                        "Parent Relationship": "Outer",
                                                        "Parallel Aware": true,
                                                        "Relation Name": "movie_companies",
                                                        "Schema": "public",
                                                        "Alias": "mc",
                                                        "Startup Cost": 0.0,
                                                        "Total Cost": 27206.55,
                                                        "Plan Rows": 841655,
                                                        "Plan Width": 4,
                                                        "Actual Startup Time": 0.025,
                                                        "Actual Total Time": 49.114,
                                                        "Actual Rows": 434855,
                                                        "Actual Loops": 6,
                                                        "Output": [
                                                            "mc.id",
                                                            "mc.movie_id",
                                                            "mc.company_id",
                                                            "mc.company_type_id",
                                                            "mc.note"
                                                        ],
                                                        "Workers": [
                                                            {
                                                                "Worker Number": 0,
                                                                "Actual Startup Time": 0.028,
                                                                "Actual Total Time": 53.856,
                                                                "Actual Rows": 347330,
                                                                "Actual Loops": 1
                                                            },
                                                            {
                                                                "Worker Number": 1,
                                                                "Actual Startup Time": 0.028,
                                                                "Actual Total Time": 48.63,
                                                                "Actual Rows": 456142,
                                                                "Actual Loops": 1
                                                            },
                                                            {
                                                                "Worker Number": 2,
                                                                "Actual Startup Time": 0.023,
                                                                "Actual Total Time": 48.91,
                                                                "Actual Rows": 460852,
                                                                "Actual Loops": 1
                                                            },
                                                            {
                                                                "Worker Number": 3,
                                                                "Actual Startup Time": 0.026,
                                                                "Actual Total Time": 49.578,
                                                                "Actual Rows": 485287,
                                                                "Actual Loops": 1
                                                            },
                                                            {
                                                                "Worker Number": 4,
                                                                "Actual Startup Time": 0.037,
                                                                "Actual Total Time": 54.064,
                                                                "Actual Rows": 350095,
                                                                "Actual Loops": 1
                                                            }
                                                        ]
                                                    },
                                                    {
                                                        "Node Type": "Hash",
                                                        "Parent Relationship": "Inner",
                                                        "Parallel Aware": true,
                                                        "Startup Cost": 42318.81,
                                                        "Total Cost": 42318.81,
                                                        "Plan Rows": 632080,
                                                        "Plan Width": 4,
                                                        "Actual Startup Time": 289.867,
                                                        "Actual Total Time": 289.868,
                                                        "Actual Rows": 421385,
                                                        "Actual Loops": 6,
                                                        "Output": [
                                                            "t.id"
                                                        ],
                                                        "Hash Buckets": 4194304,
                                                        "Original Hash Buckets": 4194304,
                                                        "Hash Batches": 1,
                                                        "Original Hash Batches": 1,
                                                        "Peak Memory Usage": 131776,
                                                        "Workers": [
                                                            {
                                                                "Worker Number": 0,
                                                                "Actual Startup Time": 293.974,
                                                                "Actual Total Time": 293.975,
                                                                "Actual Rows": 330008,
                                                                "Actual Loops": 1
                                                            },
                                                            {
                                                                "Worker Number": 1,
                                                                "Actual Startup Time": 293.936,
                                                                "Actual Total Time": 293.937,
                                                                "Actual Rows": 421904,
                                                                "Actual Loops": 1
                                                            },
                                                            {
                                                                "Worker Number": 2,
                                                                "Actual Startup Time": 293.934,
                                                                "Actual Total Time": 293.935,
                                                                "Actual Rows": 427373,
                                                                "Actual Loops": 1
                                                            },
                                                            {
                                                                "Worker Number": 3,
                                                                "Actual Startup Time": 293.886,
                                                                "Actual Total Time": 293.887,
                                                                "Actual Rows": 437483,
                                                                "Actual Loops": 1
                                                            },
                                                            {
                                                                "Worker Number": 4,
                                                                "Actual Startup Time": 293.924,
                                                                "Actual Total Time": 293.925,
                                                                "Actual Rows": 332126,
                                                                "Actual Loops": 1
                                                            }
                                                        ],
                                                        "Plans": [
                                                            {
                                                                "Node Type": "Seq Scan",
                                                                "Parent Relationship": "Outer",
                                                                "Parallel Aware": true,
                                                                "Relation Name": "title",
                                                                "Schema": "public",
                                                                "Alias": "t",
                                                                "Startup Cost": 0.0,
                                                                "Total Cost": 42318.81,
                                                                "Plan Rows": 632080,
                                                                "Plan Width": 4,
                                                                "Actual Startup Time": 0.06,
                                                                "Actual Total Time": 81.839,
                                                                "Actual Rows": 421385,
                                                                "Actual Loops": 6,
                                                                "Output": [
                                                                    "t.id"
                                                                ],
                                                                "Workers": [
                                                                    {
                                                                        "Worker Number": 0,
                                                                        "Actual Startup Time": 0.073,
                                                                        "Actual Total Time": 87.548,
                                                                        "Actual Rows": 330008,
                                                                        "Actual Loops": 1
                                                                    },
                                                                    {
                                                                        "Worker Number": 1,
                                                                        "Actual Startup Time": 0.071,
                                                                        "Actual Total Time": 83.03,
                                                                        "Actual Rows": 421904,
                                                                        "Actual Loops": 1
                                                                    },
                                                                    {
                                                                        "Worker Number": 2,
                                                                        "Actual Startup Time": 0.062,
                                                                        "Actual Total Time": 83.721,
                                                                        "Actual Rows": 427373,
                                                                        "Actual Loops": 1
                                                                    },
                                                                    {
                                                                        "Worker Number": 3,
                                                                        "Actual Startup Time": 0.063,
                                                                        "Actual Total Time": 82.994,
                                                                        "Actual Rows": 437483,
                                                                        "Actual Loops": 1
                                                                    },
                                                                    {
                                                                        "Worker Number": 4,
                                                                        "Actual Startup Time": 0.071,
                                                                        "Actual Total Time": 88.227,
                                                                        "Actual Rows": 332126,
                                                                        "Actual Loops": 1
                                                                    }
                                                                ]
                                                            }
                                                        ]
                                                    }
                                                ]
                                            }
                                        ]
                                    }
                                ]
                            }
                        ]
                    }
                ]
            }
        ]
    },
    "Planning Time": 1.656,
    "Triggers": [],
    "Execution Time": 3194.409
}