[
  {
    "Plan": {
      "Node Type": "Aggregate",
      "Strategy": "Plain",
      "Partial Mode": "Finalize",
      "Parallel Aware": false,
      "Startup Cost": 46482.43,
      "Total Cost": 46482.44,
      "Plan Rows": 1,
      "Plan Width": 8,
      "Actual Startup Time": 84.163,
      "Actual Total Time": 95.922,
      "Actual Rows": 1,
      "Actual Loops": 1,
      "Plans": [
        {
          "Node Type": "Gather",
          "Parent Relationship": "Outer",
          "Parallel Aware": false,
          "Startup Cost": 46482.01,
          "Total Cost": 46482.42,
          "Plan Rows": 4,
          "Plan Width": 8,
          "Actual Startup Time": 83.988,
          "Actual Total Time": 95.914,
          "Actual Rows": 5,
          "Actual Loops": 1,
          "Workers Planned": 4,
          "Workers Launched": 4,
          "Single Copy": false,
          "Plans": [
            {
              "Node Type": "Aggregate",
              "Strategy": "Plain",
              "Partial Mode": "Partial",
              "Parent Relationship": "Outer",
              "Parallel Aware": false,
              "Startup Cost": 45482.01,
              "Total Cost": 45482.02,
              "Plan Rows": 1,
              "Plan Width": 8,
              "Actual Startup Time": 77.753,
              "Actual Total Time": 77.754,
              "Actual Rows": 1,
              "Actual Loops": 5,
              "Plans": [
                {
                  "Node Type": "Seq Scan",
                  "Parent Relationship": "Outer",
                  "Parallel Aware": true,
                  "Relation Name": "title",
                  "Alias": "t",
                  "Startup Cost": 0.0,
                  "Total Cost": 45479.59,
                  "Plan Rows": 968,
                  "Plan Width": 0,
                  "Actual Startup Time": 49.682,
                  "Actual Total Time": 77.649,
                  "Actual Rows": 911,
                  "Actual Loops": 5,
                  "Filter": "((kind_id = 1) AND (production_year = 1968))",
                  "Rows Removed by Filter": 504751
                }
              ]
            }
          ]
        }
      ]
    },
    "Planning Time": 0.089,
    "Triggers": [],
    "Execution Time": 95.951
  }
]