[
  {
    "Plan": {
      "Node Type": "Aggregate",
      "Strategy": "Plain",
      "Partial Mode": "Finalize",
      "Parallel Aware": false,
      "Startup Cost": 91258.9,
      "Total Cost": 91258.91,
      "Plan Rows": 1,
      "Plan Width": 8,
      "Actual Startup Time": 316.034,
      "Actual Total Time": 336.356,
      "Actual Rows": 1,
      "Actual Loops": 1,
      "Plans": [
        {
          "Node Type": "Gather",
          "Parent Relationship": "Outer",
          "Parallel Aware": false,
          "Startup Cost": 91258.58,
          "Total Cost": 91258.89,
          "Plan Rows": 3,
          "Plan Width": 8,
          "Actual Startup Time": 312.965,
          "Actual Total Time": 336.34,
          "Actual Rows": 4,
          "Actual Loops": 1,
          "Workers Planned": 3,
          "Workers Launched": 3,
          "Single Copy": false,
          "Plans": [
            {
              "Node Type": "Aggregate",
              "Strategy": "Plain",
              "Partial Mode": "Partial",
              "Parent Relationship": "Outer",
              "Parallel Aware": false,
              "Startup Cost": 90258.58,
              "Total Cost": 90258.59,
              "Plan Rows": 1,
              "Plan Width": 8,
              "Actual Startup Time": 304.992,
              "Actual Total Time": 304.996,
              "Actual Rows": 1,
              "Actual Loops": 4,
              "Plans": [
                {
                  "Node Type": "Hash Join",
                  "Parent Relationship": "Outer",
                  "Parallel Aware": true,
                  "Join Type": "Inner",
                  "Startup Cost": 46826.95,
                  "Total Cost": 90155.75,
                  "Plan Rows": 41130,
                  "Plan Width": 0,
                  "Actual Startup Time": 162.909,
                  "Actual Total Time": 300.146,
                  "Actual Rows": 95047,
                  "Actual Loops": 4,
                  "Inner Unique": true,
                  "Hash Cond": "(mk.movie_id = t.id)",
                  "Plans": [
                    {
                      "Node Type": "Seq Scan",
                      "Parent Relationship": "Outer",
                      "Parallel Aware": true,
                      "Relation Name": "movie_keyword",
                      "Alias": "mk",
                      "Startup Cost": 0.0,
                      "Total Cost": 42695.65,
                      "Plan Rows": 241201,
                      "Plan Width": 4,
                      "Actual Startup Time": 2.278,
                      "Actual Total Time": 100.076,
                      "Actual Rows": 186084,
                      "Actual Loops": 4,
                      "Filter": "(keyword_id > 25211)",
                      "Rows Removed by Filter": 944898
                    },
                    {
                      "Node Type": "Hash",
                      "Parent Relationship": "Inner",
                      "Parallel Aware": true,
                      "Startup Cost": 45479.59,
                      "Total Cost": 45479.59,
                      "Plan Rows": 107789,
                      "Plan Width": 4,
                      "Actual Startup Time": 156.975,
                      "Actual Total Time": 156.976,
                      "Actual Rows": 124191,
                      "Actual Loops": 4,
                      "Hash Buckets": 524288,
                      "Original Hash Buckets": 524288,
                      "Hash Batches": 1,
                      "Original Hash Batches": 1,
                      "Peak Memory Usage": 23584,
                      "Plans": [
                        {
                          "Node Type": "Seq Scan",
                          "Parent Relationship": "Outer",
                          "Parallel Aware": true,
                          "Relation Name": "title",
                          "Alias": "t",
                          "Startup Cost": 0.0,
                          "Total Cost": 45479.59,
                          "Plan Rows": 107789,
                          "Plan Width": 4,
                          "Actual Startup Time": 0.062,
                          "Actual Total Time": 110.596,
                          "Actual Rows": 124191,
                          "Actual Loops": 4,
                          "Filter": "((kind_id < 3) AND (production_year < 2006))",
                          "Rows Removed by Filter": 507887
                        }
                      ]
                    }
                  ]
                }
              ]
            }
          ]
        }
      ]
    },
    "Planning Time": 0.72,
    "Triggers": [],
    "Execution Time": 336.429
  }
]