{
    "Plan": {
        "Node Type": "Aggregate",
        "Strategy": "Plain",
        "Partial Mode": "Finalize",
        "Parallel Aware": false,
        "Startup Cost": 409248.95,
        "Total Cost": 409248.96,
        "Plan Rows": 1,
        "Plan Width": 8,
        "Actual Startup Time": 1544.163,
        "Actual Total Time": 1592.543,
        "Actual Rows": 1,
        "Actual Loops": 1,
        "Output": [
            "count(*)"
        ],
        "Plans": [
            {
                "Node Type": "Gather",
                "Parent Relationship": "Outer",
                "Parallel Aware": false,
                "Startup Cost": 409248.33,
                "Total Cost": 409248.94,
                "Plan Rows": 6,
                "Plan Width": 8,
                "Actual Startup Time": 1533.259,
                "Actual Total Time": 1592.531,
                "Actual Rows": 7,
                "Actual Loops": 1,
                "Output": [
                    "(PARTIAL count(*))"
                ],
                "Workers Planned": 6,
                "Workers Launched": 6,
                "Single Copy": false,
                "Plans": [
                    {
                        "Node Type": "Aggregate",
                        "Strategy": "Plain",
                        "Partial Mode": "Partial",
                        "Parent Relationship": "Outer",
                        "Parallel Aware": false,
                        "Startup Cost": 408248.33,
                        "Total Cost": 408248.34,
                        "Plan Rows": 1,
                        "Plan Width": 8,
                        "Actual Startup Time": 1522.275,
                        "Actual Total Time": 1522.476,
                        "Actual Rows": 1,
                        "Actual Loops": 7,
                        "Output": [
                            "PARTIAL count(*)"
                        ],
                        "Workers": [
                            {
                                "Worker Number": 0,
                                "Actual Startup Time": 1519.85,
                                "Actual Total Time": 1519.857,
                                "Actual Rows": 1,
                                "Actual Loops": 1
                            },
                            {
                                "Worker Number": 1,
                                "Actual Startup Time": 1521.839,
                                "Actual Total Time": 1521.844,
                                "Actual Rows": 1,
                                "Actual Loops": 1
                            },
                            {
                                "Worker Number": 2,
                                "Actual Startup Time": 1520.56,
                                "Actual Total Time": 1520.565,
                                "Actual Rows": 1,
                                "Actual Loops": 1
                            },
                            {
                                "Worker Number": 3,
                                "Actual Startup Time": 1520.565,
                                "Actual Total Time": 1520.587,
                                "Actual Rows": 1,
                                "Actual Loops": 1
                            },
                            {
                                "Worker Number": 4,
                                "Actual Startup Time": 1520.277,
                                "Actual Total Time": 1520.283,
                                "Actual Rows": 1,
                                "Actual Loops": 1
                            },
                            {
                                "Worker Number": 5,
                                "Actual Startup Time": 1520.687,
                                "Actual Total Time": 1520.692,
                                "Actual Rows": 1,
                                "Actual Loops": 1
                            }
                        ],
                        "Plans": [
                            {
                                "Node Type": "Hash Join",
                                "Parent Relationship": "Outer",
                                "Parallel Aware": true,
                                "Join Type": "Inner",
                                "Startup Cost": 69191.7,
                                "Total Cost": 406643.89,
                                "Plan Rows": 641774,
                                "Plan Width": 0,
                                "Actual Startup Time": 585.589,
                                "Actual Total Time": 1466.129,
                                "Actual Rows": 1264532,
                                "Actual Loops": 7,
                                "Inner Unique": false,
                                "Hash Cond": "(ci.movie_id = t.id)",
                                "Workers": [
                                    {
                                        "Worker Number": 0,
                                        "Actual Startup Time": 583.344,
                                        "Actual Total Time": 1470.164,
                                        "Actual Rows": 1279614,
                                        "Actual Loops": 1
                                    },
                                    {
                                        "Worker Number": 1,
                                        "Actual Startup Time": 584.097,
                                        "Actual Total Time": 1459.853,
                                        "Actual Rows": 987393,
                                        "Actual Loops": 1
                                    },
                                    {
                                        "Worker Number": 2,
                                        "Actual Startup Time": 584.023,
                                        "Actual Total Time": 1465.769,
                                        "Actual Rows": 1403863,
                                        "Actual Loops": 1
                                    },
                                    {
                                        "Worker Number": 3,
                                        "Actual Startup Time": 584.063,
                                        "Actual Total Time": 1458.108,
                                        "Actual Rows": 973184,
                                        "Actual Loops": 1
                                    },
                                    {
                                        "Worker Number": 4,
                                        "Actual Startup Time": 583.781,
                                        "Actual Total Time": 1469.812,
                                        "Actual Rows": 1289440,
                                        "Actual Loops": 1
                                    },
                                    {
                                        "Worker Number": 5,
                                        "Actual Startup Time": 584.154,
                                        "Actual Total Time": 1466.157,
                                        "Actual Rows": 1398007,
                                        "Actual Loops": 1
                                    }
                                ],
                                "Plans": [
                                    {
                                        "Node Type": "Seq Scan",
                                        "Parent Relationship": "Outer",
                                        "Parallel Aware": true,
                                        "Relation Name": "cast_info",
                                        "Schema": "public",
                                        "Alias": "ci",
                                        "Startup Cost": 0.0,
                                        "Total Cost": 328213.62,
                                        "Plan Rows": 2035769,
                                        "Plan Width": 4,
                                        "Actual Startup Time": 249.628,
                                        "Actual Total Time": 560.36,
                                        "Actual Rows": 1771756,
                                        "Actual Loops": 7,
                                        "Output": [
                                            "ci.id",
                                            "ci.person_id",
                                            "ci.movie_id",
                                            "ci.person_role_id",
                                            "ci.note",
                                            "ci.nr_order",
                                            "ci.role_id"
                                        ],
                                        "Filter": "(ci.person_id > 2444575)",
                                        "Rows Removed by Filter": 3406007,
                                        "Workers": [
                                            {
                                                "Worker Number": 0,
                                                "Actual Startup Time": 249.622,
                                                "Actual Total Time": 556.777,
                                                "Actual Rows": 1783043,
                                                "Actual Loops": 1
                                            },
                                            {
                                                "Worker Number": 1,
                                                "Actual Startup Time": 249.622,
                                                "Actual Total Time": 579.962,
                                                "Actual Rows": 1382879,
                                                "Actual Loops": 1
                                            },
                                            {
                                                "Worker Number": 2,
                                                "Actual Startup Time": 249.642,
                                                "Actual Total Time": 563.438,
                                                "Actual Rows": 1970833,
                                                "Actual Loops": 1
                                            },
                                            {
                                                "Worker Number": 3,
                                                "Actual Startup Time": 249.633,
                                                "Actual Total Time": 578.931,
                                                "Actual Rows": 1364456,
                                                "Actual Loops": 1
                                            },
                                            {
                                                "Worker Number": 4,
                                                "Actual Startup Time": 249.627,
                                                "Actual Total Time": 557.559,
                                                "Actual Rows": 1787371,
                                                "Actual Loops": 1
                                            },
                                            {
                                                "Worker Number": 5,
                                                "Actual Startup Time": 249.624,
                                                "Actual Total Time": 563.946,
                                                "Actual Rows": 1964495,
                                                "Actual Loops": 1
                                            }
                                        ]
                                    },
                                    {
                                        "Node Type": "Hash",
                                        "Parent Relationship": "Inner",
                                        "Parallel Aware": true,
                                        "Startup Cost": 66700.91,
                                        "Total Cost": 66700.91,
                                        "Plan Rows": 199263,
                                        "Plan Width": 8,
                                        "Actual Startup Time": 332.658,
                                        "Actual Total Time": 332.857,
                                        "Actual Rows": 117420,
                                        "Actual Loops": 7,
                                        "Output": [
                                            "t.id",
                                            "mi_idx.movie_id"
                                        ],
                                        "Hash Buckets": 1048576,
                                        "Original Hash Buckets": 1048576,
                                        "Hash Batches": 1,
                                        "Original Hash Batches": 1,
                                        "Peak Memory Usage": 40448,
                                        "Workers": [
                                            {
                                                "Worker Number": 0,
                                                "Actual Startup Time": 333.021,
                                                "Actual Total Time": 333.026,
                                                "Actual Rows": 115033,
                                                "Actual Loops": 1
                                            },
                                            {
                                                "Worker Number": 1,
                                                "Actual Startup Time": 333.744,
                                                "Actual Total Time": 333.748,
                                                "Actual Rows": 94275,
                                                "Actual Loops": 1
                                            },
                                            {
                                                "Worker Number": 2,
                                                "Actual Startup Time": 333.631,
                                                "Actual Total Time": 333.634,
                                                "Actual Rows": 129719,
                                                "Actual Loops": 1
                                            },
                                            {
                                                "Worker Number": 3,
                                                "Actual Startup Time": 333.722,
                                                "Actual Total Time": 333.741,
                                                "Actual Rows": 93724,
                                                "Actual Loops": 1
                                            },
                                            {
                                                "Worker Number": 4,
                                                "Actual Startup Time": 333.505,
                                                "Actual Total Time": 333.509,
                                                "Actual Rows": 115971,
                                                "Actual Loops": 1
                                            },
                                            {
                                                "Worker Number": 5,
                                                "Actual Startup Time": 333.87,
                                                "Actual Total Time": 333.874,
                                                "Actual Rows": 129135,
                                                "Actual Loops": 1
                                            }
                                        ],
                                        "Plans": [
                                            {
                                                "Node Type": "Hash Join",
                                                "Parent Relationship": "Outer",
                                                "Parallel Aware": true,
                                                "Join Type": "Inner",
                                                "Startup Cost": 19920.93,
                                                "Total Cost": 66700.91,
                                                "Plan Rows": 199263,
                                                "Plan Width": 8,
                                                "Actual Startup Time": 103.686,
                                                "Actual Total Time": 285.243,
                                                "Actual Rows": 117420,
                                                "Actual Loops": 7,
                                                "Output": [
                                                    "t.id",
                                                    "mi_idx.movie_id"
                                                ],
                                                "Inner Unique": false,
                                                "Hash Cond": "(t.id = mi_idx.movie_id)",
                                                "Workers": [
                                                    {
                                                        "Worker Number": 0,
                                                        "Actual Startup Time": 103.701,
                                                        "Actual Total Time": 285.612,
                                                        "Actual Rows": 115033,
                                                        "Actual Loops": 1
                                                    },
                                                    {
                                                        "Worker Number": 1,
                                                        "Actual Startup Time": 103.698,
                                                        "Actual Total Time": 284.371,
                                                        "Actual Rows": 94275,
                                                        "Actual Loops": 1
                                                    },
                                                    {
                                                        "Worker Number": 2,
                                                        "Actual Startup Time": 103.678,
                                                        "Actual Total Time": 285.41,
                                                        "Actual Rows": 129719,
                                                        "Actual Loops": 1
                                                    },
                                                    {
                                                        "Worker Number": 3,
                                                        "Actual Startup Time": 103.687,
                                                        "Actual Total Time": 284.939,
                                                        "Actual Rows": 93724,
                                                        "Actual Loops": 1
                                                    },
                                                    {
                                                        "Worker Number": 4,
                                                        "Actual Startup Time": 103.602,
                                                        "Actual Total Time": 286.72,
                                                        "Actual Rows": 115971,
                                                        "Actual Loops": 1
                                                    },
                                                    {
                                                        "Worker Number": 5,
                                                        "Actual Startup Time": 103.688,
                                                        "Actual Total Time": 284.46,
                                                        "Actual Rows": 129135,
                                                        "Actual Loops": 1
                                                    }
                                                ],
                                                "Plans": [
                                                    {
                                                        "Node Type": "Seq Scan",
                                                        "Parent Relationship": "Outer",
                                                        "Parallel Aware": true,
                                                        "Relation Name": "title",
                                                        "Schema": "public",
                                                        "Alias": "t",
                                                        "Startup Cost": 0.0,
                                                        "Total Cost": 43899.01,
                                                        "Plan Rows": 546857,
                                                        "Plan Width": 4,
                                                        "Actual Startup Time": 0.029,
                                                        "Actual Total Time": 70.226,
                                                        "Actual Rows": 313232,
                                                        "Actual Loops": 7,
                                                        "Output": [
                                                            "t.id",
                                                            "t.title",
                                                            "t.imdb_index",
                                                            "t.kind_id",
                                                            "t.production_year",
                                                            "t.imdb_id",
                                                            "t.phonetic_code",
                                                            "t.episode_of_id",
                                                            "t.season_nr",
                                                            "t.episode_nr",
                                                            "t.series_years",
                                                            "t.md5sum"
                                                        ],
                                                        "Filter": "(t.production_year > 1961)",
                                                        "Rows Removed by Filter": 47955,
                                                        "Workers": [
                                                            {
                                                                "Worker Number": 0,
                                                                "Actual Startup Time": 0.031,
                                                                "Actual Total Time": 68.719,
                                                                "Actual Rows": 303320,
                                                                "Actual Loops": 1
                                                            },
                                                            {
                                                                "Worker Number": 1,
                                                                "Actual Startup Time": 0.033,
                                                                "Actual Total Time": 77.048,
                                                                "Actual Rows": 250573,
                                                                "Actual Loops": 1
                                                            },
                                                            {
                                                                "Worker Number": 2,
                                                                "Actual Startup Time": 0.025,
                                                                "Actual Total Time": 71.283,
                                                                "Actual Rows": 346574,
                                                                "Actual Loops": 1
                                                            },
                                                            {
                                                                "Worker Number": 3,
                                                                "Actual Startup Time": 0.035,
                                                                "Actual Total Time": 77.135,
                                                                "Actual Rows": 250030,
                                                                "Actual Loops": 1
                                                            },
                                                            {
                                                                "Worker Number": 4,
                                                                "Actual Startup Time": 0.034,
                                                                "Actual Total Time": 69.709,
                                                                "Actual Rows": 307554,
                                                                "Actual Loops": 1
                                                            },
                                                            {
                                                                "Worker Number": 5,
                                                                "Actual Startup Time": 0.036,
                                                                "Actual Total Time": 71.417,
                                                                "Actual Rows": 344435,
                                                                "Actual Loops": 1
                                                            }
                                                        ]
                                                    },
                                                    {
                                                        "Node Type": "Hash",
                                                        "Parent Relationship": "Inner",
                                                        "Parallel Aware": true,
                                                        "Startup Cost": 15122.68,
                                                        "Total Cost": 15122.68,
                                                        "Plan Rows": 383860,
                                                        "Plan Width": 4,
                                                        "Actual Startup Time": 102.018,
                                                        "Actual Total Time": 102.02,
                                                        "Actual Rows": 131444,
                                                        "Actual Loops": 7,
                                                        "Output": [
                                                            "mi_idx.movie_id"
                                                        ],
                                                        "Hash Buckets": 1048576,
                                                        "Original Hash Buckets": 1048576,
                                                        "Hash Batches": 1,
                                                        "Original Hash Batches": 1,
                                                        "Peak Memory Usage": 44320,
                                                        "Workers": [
                                                            {
                                                                "Worker Number": 0,
                                                                "Actual Startup Time": 103.505,
                                                                "Actual Total Time": 103.507,
                                                                "Actual Rows": 121970,
                                                                "Actual Loops": 1
                                                            },
                                                            {
                                                                "Worker Number": 1,
                                                                "Actual Startup Time": 103.479,
                                                                "Actual Total Time": 103.481,
                                                                "Actual Rows": 102731,
                                                                "Actual Loops": 1
                                                            },
                                                            {
                                                                "Worker Number": 2,
                                                                "Actual Startup Time": 103.525,
                                                                "Actual Total Time": 103.526,
                                                                "Actual Rows": 129737,
                                                                "Actual Loops": 1
                                                            },
                                                            {
                                                                "Worker Number": 3,
                                                                "Actual Startup Time": 103.495,
                                                                "Actual Total Time": 103.496,
                                                                "Actual Rows": 102329,
                                                                "Actual Loops": 1
                                                            },
                                                            {
                                                                "Worker Number": 4,
                                                                "Actual Startup Time": 103.415,
                                                                "Actual Total Time": 103.416,
                                                                "Actual Rows": 115367,
                                                                "Actual Loops": 1
                                                            },
                                                            {
                                                                "Worker Number": 5,
                                                                "Actual Startup Time": 103.544,
                                                                "Actual Total Time": 103.546,
                                                                "Actual Rows": 129175,
                                                                "Actual Loops": 1
                                                            }
                                                        ],
                                                        "Plans": [
                                                            {
                                                                "Node Type": "Seq Scan",
                                                                "Parent Relationship": "Outer",
                                                                "Parallel Aware": true,
                                                                "Relation Name": "movie_info_idx",
                                                                "Schema": "public",
                                                                "Alias": "mi_idx",
                                                                "Startup Cost": 0.0,
                                                                "Total Cost": 15122.68,
                                                                "Plan Rows": 383860,
                                                                "Plan Width": 4,
                                                                "Actual Startup Time": 0.042,
                                                                "Actual Total Time": 39.506,
                                                                "Actual Rows": 131444,
                                                                "Actual Loops": 7,
                                                                "Output": [
                                                                    "mi_idx.movie_id"
                                                                ],
                                                                "Filter": "(mi_idx.info_type_id > 99)",
                                                                "Rows Removed by Filter": 65704,
                                                                "Workers": [
                                                                    {
                                                                        "Worker Number": 0,
                                                                        "Actual Startup Time": 0.044,
                                                                        "Actual Total Time": 39.277,
                                                                        "Actual Rows": 121970,
                                                                        "Actual Loops": 1
                                                                    },
                                                                    {
                                                                        "Worker Number": 1,
                                                                        "Actual Startup Time": 0.06,
                                                                        "Actual Total Time": 40.84,
                                                                        "Actual Rows": 102731,
                                                                        "Actual Loops": 1
                                                                    },
                                                                    {
                                                                        "Worker Number": 2,
                                                                        "Actual Startup Time": 0.039,
                                                                        "Actual Total Time": 40.945,
                                                                        "Actual Rows": 129737,
                                                                        "Actual Loops": 1
                                                                    },
                                                                    {
                                                                        "Worker Number": 3,
                                                                        "Actual Startup Time": 0.038,
                                                                        "Actual Total Time": 40.476,
                                                                        "Actual Rows": 102329,
                                                                        "Actual Loops": 1
                                                                    },
                                                                    {
                                                                        "Worker Number": 4,
                                                                        "Actual Startup Time": 0.056,
                                                                        "Actual Total Time": 39.138,
                                                                        "Actual Rows": 115367,
                                                                        "Actual Loops": 1
                                                                    },
                                                                    {
                                                                        "Worker Number": 5,
                                                                        "Actual Startup Time": 0.038,
                                                                        "Actual Total Time": 40.444,
                                                                        "Actual Rows": 129175,
                                                                        "Actual Loops": 1
                                                                    }
                                                                ]
                                                            }
                                                        ]
                                                    }
                                                ]
                                            }
                                        ]
                                    }
                                ]
                            }
                        ]
                    }
                ]
            }
        ]
    },
    "Planning Time": 1.531,
    "Triggers": [],
    "Execution Time": 1592.64
}