{
  "Plan": {
    "Node Type": "Aggregate",
    "Strategy": "Plain",
    "Partial Mode": "Finalize",
    "Parallel Aware": false,
    "Startup Cost": 135057.92,
    "Total Cost": 135057.93,
    "Plan Rows": 1,
    "Plan Width": 8,
    "Actual Startup Time": 898.05,
    "Actual Total Time": 915.647,
    "Actual Rows": 1,
    "Actual Loops": 1,
    "Plans": [
      {
        "Node Type": "Gather",
        "Parent Relationship": "Outer",
        "Parallel Aware": false,
        "Startup Cost": 135057.8,
        "Total Cost": 135057.91,
        "Plan Rows": 1,
        "Plan Width": 8,
        "Actual Startup Time": 895.024,
        "Actual Total Time": 915.64,
        "Actual Rows": 2,
        "Actual Loops": 1,
        "Workers Planned": 1,
        "Workers Launched": 1,
        "Single Copy": false,
        "Plans": [
          {
            "Node Type": "Aggregate",
            "Strategy": "Plain",
            "Partial Mode": "Partial",
            "Parent Relationship": "Outer",
            "Parallel Aware": false,
            "Startup Cost": 134057.8,
            "Total Cost": 134057.81,
            "Plan Rows": 1,
            "Plan Width": 8,
            "Actual Startup Time": 886.586,
            "Actual Total Time": 886.589,
            "Actual Rows": 1,
            "Actual Loops": 2,
            "Plans": [
              {
                "Node Type": "Hash Join",
                "Parent Relationship": "Outer",
                "Parallel Aware": true,
                "Join Type": "Inner",
                "Startup Cost": 69134.54,
                "Total Cost": 131487.06,
                "Plan Rows": 1028298,
                "Plan Width": 0,
                "Actual Startup Time": 468.512,
                "Actual Total Time": 869.63,
                "Actual Rows": 348749,
                "Actual Loops": 2,
                "Inner Unique": true,
                "Hash Cond": "(mk.movie_id = t.id)",
                "Plans": [
                  {
                    "Node Type": "Seq Scan",
                    "Parent Relationship": "Outer",
                    "Parallel Aware": true,
                    "Relation Name": "movie_keyword",
                    "Alias": "mk",
                    "Startup Cost": 0.0,
                    "Total Cost": 57718.19,
                    "Plan Rows": 1765453,
                    "Plan Width": 4,
                    "Actual Startup Time": 0.015,
                    "Actual Total Time": 211.599,
                    "Actual Rows": 1496895,
                    "Actual Loops": 2,
                    "Filter": "(keyword_id < 10474)",
                    "Rows Removed by Filter": 765070
                  },
                  {
                    "Node Type": "Hash",
                    "Parent Relationship": "Inner",
                    "Parallel Aware": true,
                    "Startup Cost": 58306.47,
                    "Total Cost": 58306.47,
                    "Plan Rows": 866246,
                    "Plan Width": 4,
                    "Actual Startup Time": 453.185,
                    "Actual Total Time": 453.186,
                    "Actual Rows": 725636,
                    "Actual Loops": 2,
                    "Hash Buckets": 2097152,
                    "Original Hash Buckets": 2097152,
                    "Hash Batches": 1,
                    "Original Hash Batches": 1,
                    "Peak Memory Usage": 73184,
                    "Plans": [
                      {
                        "Node Type": "Seq Scan",
                        "Parent Relationship": "Outer",
                        "Parallel Aware": true,
                        "Relation Name": "title",
                        "Alias": "t",
                        "Startup Cost": 0.0,
                        "Total Cost": 58306.47,
                        "Plan Rows": 866246,
                        "Plan Width": 4,
                        "Actual Startup Time": 0.039,
                        "Actual Total Time": 203.109,
                        "Actual Rows": 725636,
                        "Actual Loops": 2,
                        "Filter": "((kind_id > 3) AND (production_year < 2012))",
                        "Rows Removed by Filter": 538520
                      }
                    ]
                  }
                ]
              }
            ]
          }
        ]
      }
    ]
  },
  "Planning Time": 0.745,
  "Triggers": [],
  "Execution Time": 915.715
}