[
  {
    "Plan": {
      "Node Type": "Aggregate",
      "Strategy": "Plain",
      "Partial Mode": "Finalize",
      "Parallel Aware": false,
      "Startup Cost": 78815.39,
      "Total Cost": 78815.4,
      "Plan Rows": 1,
      "Plan Width": 8,
      "Actual Startup Time": 61.797,
      "Actual Total Time": 67.387,
      "Actual Rows": 1,
      "Actual Loops": 1,
      "Plans": [
        {
          "Node Type": "Gather",
          "Parent Relationship": "Outer",
          "Parallel Aware": false,
          "Startup Cost": 78814.97,
          "Total Cost": 78815.38,
          "Plan Rows": 4,
          "Plan Width": 8,
          "Actual Startup Time": 61.501,
          "Actual Total Time": 67.38,
          "Actual Rows": 5,
          "Actual Loops": 1,
          "Workers Planned": 4,
          "Workers Launched": 4,
          "Single Copy": false,
          "Plans": [
            {
              "Node Type": "Aggregate",
              "Strategy": "Plain",
              "Partial Mode": "Partial",
              "Parent Relationship": "Outer",
              "Parallel Aware": false,
              "Startup Cost": 77814.97,
              "Total Cost": 77814.98,
              "Plan Rows": 1,
              "Plan Width": 8,
              "Actual Startup Time": 51.329,
              "Actual Total Time": 51.33,
              "Actual Rows": 1,
              "Actual Loops": 5,
              "Plans": [
                {
                  "Node Type": "Nested Loop",
                  "Parent Relationship": "Outer",
                  "Parallel Aware": false,
                  "Join Type": "Inner",
                  "Startup Cost": 2187.23,
                  "Total Cost": 77810.94,
                  "Plan Rows": 1612,
                  "Plan Width": 0,
                  "Actual Startup Time": 33.787,
                  "Actual Total Time": 51.322,
                  "Actual Rows": 8,
                  "Actual Loops": 5,
                  "Inner Unique": false,
                  "Plans": [
                    {
                      "Node Type": "Bitmap Heap Scan",
                      "Parent Relationship": "Outer",
                      "Parallel Aware": true,
                      "Relation Name": "title",
                      "Alias": "t",
                      "Startup Cost": 2186.8,
                      "Total Cost": 38643.05,
                      "Plan Rows": 5860,
                      "Plan Width": 4,
                      "Actual Startup Time": 21.505,
                      "Actual Total Time": 50.577,
                      "Actual Rows": 19,
                      "Actual Loops": 5,
                      "Recheck Cond": "(kind_id = 4)",
                      "Rows Removed by Index Recheck": 0,
                      "Filter": "(production_year < 1979)",
                      "Rows Removed by Filter": 23628,
                      "Exact Heap Blocks": 6864,
                      "Lossy Heap Blocks": 0,
                      "Plans": [
                        {
                          "Node Type": "Bitmap Index Scan",
                          "Parent Relationship": "Outer",
                          "Parallel Aware": false,
                          "Index Name": "kind_id_title",
                          "Startup Cost": 0.0,
                          "Total Cost": 2180.94,
                          "Plan Rows": 122201,
                          "Plan Width": 0,
                          "Actual Startup Time": 18.853,
                          "Actual Total Time": 18.854,
                          "Actual Rows": 118234,
                          "Actual Loops": 1,
                          "Index Cond": "(kind_id = 4)"
                        }
                      ]
                    },
                    {
                      "Node Type": "Index Scan",
                      "Parent Relationship": "Inner",
                      "Parallel Aware": false,
                      "Scan Direction": "Forward",
                      "Index Name": "movie_id_movie_keyword",
                      "Relation Name": "movie_keyword",
                      "Alias": "mk",
                      "Startup Cost": 0.43,
                      "Total Cost": 6.61,
                      "Plan Rows": 7,
                      "Plan Width": 4,
                      "Actual Startup Time": 0.037,
                      "Actual Total Time": 0.037,
                      "Actual Rows": 0,
                      "Actual Loops": 96,
                      "Index Cond": "(movie_id = t.id)",
                      "Rows Removed by Index Recheck": 0,
                      "Filter": "(keyword_id > 27505)",
                      "Rows Removed by Filter": 2
                    }
                  ]
                }
              ]
            }
          ]
        }
      ]
    },
    "Planning Time": 0.891,
    "Triggers": [],
    "Execution Time": 67.495
  }
]