[
    {
        "Bao": {
            "Bao prediction": "NaN",
            "Bao recommended hint": "(no hint)"
        }
    },
    {
        "Plan": {
            "Node Type": "Aggregate",
            "Strategy": "Plain",
            "Partial Mode": "Finalize",
            "Parallel Aware": false,
            "Startup Cost": 93318.88,
            "Total Cost": 93318.89,
            "Plan Rows": 1,
            "Plan Width": 8,
            "Actual Startup Time": 277.979,
            "Actual Total Time": 303.043,
            "Actual Rows": 1,
            "Actual Loops": 1,
            "Output": [
                "count(*)"
            ],
            "Plans": [
                {
                    "Node Type": "Gather",
                    "Parent Relationship": "Outer",
                    "Parallel Aware": false,
                    "Startup Cost": 93318.56,
                    "Total Cost": 93318.87,
                    "Plan Rows": 3,
                    "Plan Width": 8,
                    "Actual Startup Time": 277.536,
                    "Actual Total Time": 303.033,
                    "Actual Rows": 4,
                    "Actual Loops": 1,
                    "Output": [
                        "(PARTIAL count(*))"
                    ],
                    "Workers Planned": 3,
                    "Workers Launched": 3,
                    "Single Copy": false,
                    "Plans": [
                        {
                            "Node Type": "Aggregate",
                            "Strategy": "Plain",
                            "Partial Mode": "Partial",
                            "Parent Relationship": "Outer",
                            "Parallel Aware": false,
                            "Startup Cost": 92318.56,
                            "Total Cost": 92318.57,
                            "Plan Rows": 1,
                            "Plan Width": 8,
                            "Actual Startup Time": 268.586,
                            "Actual Total Time": 268.589,
                            "Actual Rows": 1,
                            "Actual Loops": 4,
                            "Output": [
                                "PARTIAL count(*)"
                            ],
                            "Workers": [
                                {
                                    "Worker Number": 0,
                                    "Actual Startup Time": 265.627,
                                    "Actual Total Time": 265.63,
                                    "Actual Rows": 1,
                                    "Actual Loops": 1
                                },
                                {
                                    "Worker Number": 1,
                                    "Actual Startup Time": 265.783,
                                    "Actual Total Time": 265.786,
                                    "Actual Rows": 1,
                                    "Actual Loops": 1
                                },
                                {
                                    "Worker Number": 2,
                                    "Actual Startup Time": 265.937,
                                    "Actual Total Time": 265.94,
                                    "Actual Rows": 1,
                                    "Actual Loops": 1
                                }
                            ],
                            "Plans": [
                                {
                                    "Node Type": "Nested Loop",
                                    "Parent Relationship": "Outer",
                                    "Parallel Aware": false,
                                    "Join Type": "Inner",
                                    "Startup Cost": 57170.83,
                                    "Total Cost": 92289.36,
                                    "Plan Rows": 11680,
                                    "Plan Width": 0,
                                    "Actual Startup Time": 131.786,
                                    "Actual Total Time": 267.328,
                                    "Actual Rows": 17589,
                                    "Actual Loops": 4,
                                    "Inner Unique": false,
                                    "Join Filter": "(t.id = ci.movie_id)",
                                    "Rows Removed by Join Filter": 0,
                                    "Workers": [
                                        {
                                            "Worker Number": 0,
                                            "Actual Startup Time": 129.32,
                                            "Actual Total Time": 264.389,
                                            "Actual Rows": 14757,
                                            "Actual Loops": 1
                                        },
                                        {
                                            "Worker Number": 1,
                                            "Actual Startup Time": 129.255,
                                            "Actual Total Time": 264.473,
                                            "Actual Rows": 14953,
                                            "Actual Loops": 1
                                        },
                                        {
                                            "Worker Number": 2,
                                            "Actual Startup Time": 128.266,
                                            "Actual Total Time": 264.672,
                                            "Actual Rows": 16577,
                                            "Actual Loops": 1
                                        }
                                    ],
                                    "Plans": [
                                        {
                                            "Node Type": "Hash Join",
                                            "Parent Relationship": "Outer",
                                            "Parallel Aware": true,
                                            "Join Type": "Inner",
                                            "Startup Cost": 57170.27,
                                            "Total Cost": 84293.61,
                                            "Plan Rows": 1844,
                                            "Plan Width": 8,
                                            "Actual Startup Time": 131.632,
                                            "Actual Total Time": 196.097,
                                            "Actual Rows": 1123,
                                            "Actual Loops": 4,
                                            "Output": [
                                                "t.id",
                                                "mk.movie_id"
                                            ],
                                            "Inner Unique": true,
                                            "Hash Cond": "(mk.movie_id = t.id)",
                                            "Workers": [
                                                {
                                                    "Worker Number": 0,
                                                    "Actual Startup Time": 129.106,
                                                    "Actual Total Time": 189.558,
                                                    "Actual Rows": 888,
                                                    "Actual Loops": 1
                                                },
                                                {
                                                    "Worker Number": 1,
                                                    "Actual Startup Time": 128.986,
                                                    "Actual Total Time": 186.296,
                                                    "Actual Rows": 873,
                                                    "Actual Loops": 1
                                                },
                                                {
                                                    "Worker Number": 2,
                                                    "Actual Startup Time": 128.186,
                                                    "Actual Total Time": 183.87,
                                                    "Actual Rows": 1030,
                                                    "Actual Loops": 1
                                                }
                                            ],
                                            "Plans": [
                                                {
                                                    "Node Type": "Bitmap Heap Scan",
                                                    "Parent Relationship": "Outer",
                                                    "Parallel Aware": true,
                                                    "Relation Name": "movie_keyword",
                                                    "Schema": "public",
                                                    "Alias": "mk",
                                                    "Startup Cost": 11608.5,
                                                    "Total Cost": 38268.56,
                                                    "Plan Rows": 176485,
                                                    "Plan Width": 4,
                                                    "Actual Startup Time": 43.497,
                                                    "Actual Total Time": 90.205,
                                                    "Actual Rows": 136876,
                                                    "Actual Loops": 4,
                                                    "Output": [
                                                        "mk.id",
                                                        "mk.movie_id",
                                                        "mk.keyword_id"
                                                    ],
                                                    "Recheck Cond": "(mk.keyword_id < 394)",
                                                    "Rows Removed by Index Recheck": 0,
                                                    "Exact Heap Blocks": 9166,
                                                    "Lossy Heap Blocks": 0,
                                                    "Workers": [
                                                        {
                                                            "Worker Number": 0,
                                                            "Actual Startup Time": 43.642,
                                                            "Actual Total Time": 88.756,
                                                            "Actual Rows": 109344,
                                                            "Actual Loops": 1
                                                        },
                                                        {
                                                            "Worker Number": 1,
                                                            "Actual Startup Time": 43.557,
                                                            "Actual Total Time": 85.951,
                                                            "Actual Rows": 104498,
                                                            "Actual Loops": 1
                                                        },
                                                        {
                                                            "Worker Number": 2,
                                                            "Actual Startup Time": 43.268,
                                                            "Actual Total Time": 84.104,
                                                            "Actual Rows": 129344,
                                                            "Actual Loops": 1
                                                        }
                                                    ],
                                                    "Plans": [
                                                        {
                                                            "Node Type": "Bitmap Index Scan",
                                                            "Parent Relationship": "Outer",
                                                            "Parallel Aware": false,
                                                            "Index Name": "keyword_id_movie_keyword",
                                                            "Startup Cost": 0.0,
                                                            "Total Cost": 11471.72,
                                                            "Plan Rows": 547105,
                                                            "Plan Width": 0,
                                                            "Actual Startup Time": 39.768,
                                                            "Actual Total Time": 39.768,
                                                            "Actual Rows": 547506,
                                                            "Actual Loops": 1,
                                                            "Index Cond": "(mk.keyword_id < 394)",
                                                            "Workers": [
                                                                {
                                                                    "Worker Number": 2,
                                                                    "Actual Startup Time": 39.768,
                                                                    "Actual Total Time": 39.768,
                                                                    "Actual Rows": 547506,
                                                                    "Actual Loops": 1
                                                                }
                                                            ]
                                                        }
                                                    ]
                                                },
                                                {
                                                    "Node Type": "Hash",
                                                    "Parent Relationship": "Inner",
                                                    "Parallel Aware": true,
                                                    "Startup Cost": 45479.21,
                                                    "Total Cost": 45479.21,
                                                    "Plan Rows": 6605,
                                                    "Plan Width": 4,
                                                    "Actual Startup Time": 87.083,
                                                    "Actual Total Time": 87.084,
                                                    "Actual Rows": 6771,
                                                    "Actual Loops": 4,
                                                    "Output": [
                                                        "t.id"
                                                    ],
                                                    "Hash Buckets": 32768,
                                                    "Original Hash Buckets": 32768,
                                                    "Hash Batches": 1,
                                                    "Original Hash Batches": 1,
                                                    "Peak Memory Usage": 1408,
                                                    "Workers": [
                                                        {
                                                            "Worker Number": 0,
                                                            "Actual Startup Time": 84.23,
                                                            "Actual Total Time": 84.23,
                                                            "Actual Rows": 5910,
                                                            "Actual Loops": 1
                                                        },
                                                        {
                                                            "Worker Number": 1,
                                                            "Actual Startup Time": 84.33,
                                                            "Actual Total Time": 84.33,
                                                            "Actual Rows": 6024,
                                                            "Actual Loops": 1
                                                        },
                                                        {
                                                            "Worker Number": 2,
                                                            "Actual Startup Time": 84.496,
                                                            "Actual Total Time": 84.497,
                                                            "Actual Rows": 6040,
                                                            "Actual Loops": 1
                                                        }
                                                    ],
                                                    "Plans": [
                                                        {
                                                            "Node Type": "Seq Scan",
                                                            "Parent Relationship": "Outer",
                                                            "Parallel Aware": true,
                                                            "Relation Name": "title",
                                                            "Schema": "public",
                                                            "Alias": "t",
                                                            "Startup Cost": 0.0,
                                                            "Total Cost": 45479.21,
                                                            "Plan Rows": 6605,
                                                            "Plan Width": 4,
                                                            "Actual Startup Time": 0.347,
                                                            "Actual Total Time": 84.496,
                                                            "Actual Rows": 6771,
                                                            "Actual Loops": 4,
                                                            "Output": [
                                                                "t.id"
                                                            ],
                                                            "Filter": "((t.kind_id < 7) AND (t.production_year > 2012))",
                                                            "Rows Removed by Filter": 625307,
                                                            "Workers": [
                                                                {
                                                                    "Worker Number": 0,
                                                                    "Actual Startup Time": 0.345,
                                                                    "Actual Total Time": 81.437,
                                                                    "Actual Rows": 5910,
                                                                    "Actual Loops": 1
                                                                },
                                                                {
                                                                    "Worker Number": 1,
                                                                    "Actual Startup Time": 0.876,
                                                                    "Actual Total Time": 81.841,
                                                                    "Actual Rows": 6024,
                                                                    "Actual Loops": 1
                                                                },
                                                                {
                                                                    "Worker Number": 2,
                                                                    "Actual Startup Time": 0.07,
                                                                    "Actual Total Time": 81.989,
                                                                    "Actual Rows": 6040,
                                                                    "Actual Loops": 1
                                                                }
                                                            ]
                                                        }
                                                    ]
                                                }
                                            ]
                                        },
                                        {
                                            "Node Type": "Index Scan",
                                            "Parent Relationship": "Inner",
                                            "Parallel Aware": false,
                                            "Scan Direction": "Forward",
                                            "Index Name": "movie_id_cast_info",
                                            "Relation Name": "cast_info",
                                            "Schema": "public",
                                            "Alias": "ci",
                                            "Startup Cost": 0.56,
                                            "Total Cost": 4.12,
                                            "Plan Rows": 17,
                                            "Plan Width": 4,
                                            "Actual Startup Time": 0.038,
                                            "Actual Total Time": 0.061,
                                            "Actual Rows": 16,
                                            "Actual Loops": 4491,
                                            "Output": [
                                                "ci.id",
                                                "ci.person_id",
                                                "ci.movie_id",
                                                "ci.person_role_id",
                                                "ci.note",
                                                "ci.nr_order",
                                                "ci.role_id"
                                            ],
                                            "Index Cond": "(ci.movie_id = mk.movie_id)",
                                            "Rows Removed by Index Recheck": 0,
                                            "Filter": "(ci.role_id > 2)",
                                            "Rows Removed by Filter": 18,
                                            "Workers": [
                                                {
                                                    "Worker Number": 0,
                                                    "Actual Startup Time": 0.05,
                                                    "Actual Total Time": 0.082,
                                                    "Actual Rows": 17,
                                                    "Actual Loops": 888
                                                },
                                                {
                                                    "Worker Number": 1,
                                                    "Actual Startup Time": 0.053,
                                                    "Actual Total Time": 0.087,
                                                    "Actual Rows": 17,
                                                    "Actual Loops": 873
                                                },
                                                {
                                                    "Worker Number": 2,
                                                    "Actual Startup Time": 0.047,
                                                    "Actual Total Time": 0.076,
                                                    "Actual Rows": 16,
                                                    "Actual Loops": 1030
                                                }
                                            ]
                                        }
                                    ]
                                }
                            ]
                        }
                    ]
                }
            ]
        },
        "Planning Time": 195.681,
        "Triggers": [],
        "Execution Time": 303.192
    }
]