[
  {
    "Plan": {
      "Node Type": "Aggregate",
      "Strategy": "Plain",
      "Partial Mode": "Finalize",
      "Parallel Aware": false,
      "Startup Cost": 46580.57,
      "Total Cost": 46580.58,
      "Plan Rows": 1,
      "Plan Width": 8,
      "Actual Startup Time": 98.378,
      "Actual Total Time": 111.441,
      "Actual Rows": 1,
      "Actual Loops": 1,
      "Plans": [
        {
          "Node Type": "Gather",
          "Parent Relationship": "Outer",
          "Parallel Aware": false,
          "Startup Cost": 46580.15,
          "Total Cost": 46580.56,
          "Plan Rows": 4,
          "Plan Width": 8,
          "Actual Startup Time": 98.237,
          "Actual Total Time": 111.433,
          "Actual Rows": 5,
          "Actual Loops": 1,
          "Workers Planned": 4,
          "Workers Launched": 4,
          "Single Copy": false,
          "Plans": [
            {
              "Node Type": "Aggregate",
              "Strategy": "Plain",
              "Partial Mode": "Partial",
              "Parent Relationship": "Outer",
              "Parallel Aware": false,
              "Startup Cost": 45580.15,
              "Total Cost": 45580.16,
              "Plan Rows": 1,
              "Plan Width": 8,
              "Actual Startup Time": 88.917,
              "Actual Total Time": 88.918,
              "Actual Rows": 1,
              "Actual Loops": 5,
              "Plans": [
                {
                  "Node Type": "Seq Scan",
                  "Parent Relationship": "Outer",
                  "Parallel Aware": true,
                  "Relation Name": "title",
                  "Alias": "t",
                  "Startup Cost": 0.0,
                  "Total Cost": 45479.1,
                  "Plan Rows": 40419,
                  "Plan Width": 0,
                  "Actual Startup Time": 0.152,
                  "Actual Total Time": 86.376,
                  "Actual Rows": 53983,
                  "Actual Loops": 5,
                  "Filter": "((kind_id < 7) AND (production_year < 1974))",
                  "Rows Removed by Filter": 451679
                }
              ]
            }
          ]
        }
      ]
    },
    "Planning Time": 0.164,
    "Triggers": [],
    "Execution Time": 111.496
  }
]