[
  {
    "Plan": {
      "Node Type": "Aggregate",
      "Strategy": "Plain",
      "Partial Mode": "Finalize",
      "Parallel Aware": false,
      "Startup Cost": 342148.45,
      "Total Cost": 342148.46,
      "Plan Rows": 1,
      "Plan Width": 8,
      "Actual Startup Time": 800.367,
      "Actual Total Time": 858.721,
      "Actual Rows": 1,
      "Actual Loops": 1,
      "Plans": [
        {
          "Node Type": "Gather",
          "Parent Relationship": "Outer",
          "Parallel Aware": false,
          "Startup Cost": 342147.83,
          "Total Cost": 342148.44,
          "Plan Rows": 6,
          "Plan Width": 8,
          "Actual Startup Time": 800.222,
          "Actual Total Time": 858.711,
          "Actual Rows": 7,
          "Actual Loops": 1,
          "Workers Planned": 6,
          "Workers Launched": 6,
          "Single Copy": false,
          "Plans": [
            {
              "Node Type": "Aggregate",
              "Strategy": "Plain",
              "Partial Mode": "Partial",
              "Parent Relationship": "Outer",
              "Parallel Aware": false,
              "Startup Cost": 341147.83,
              "Total Cost": 341147.84,
              "Plan Rows": 1,
              "Plan Width": 8,
              "Actual Startup Time": 792.579,
              "Actual Total Time": 792.58,
              "Actual Rows": 1,
              "Actual Loops": 7,
              "Plans": [
                {
                  "Node Type": "Seq Scan",
                  "Parent Relationship": "Outer",
                  "Parallel Aware": true,
                  "Relation Name": "cast_info",
                  "Alias": "ci",
                  "Startup Cost": 0.0,
                  "Total Cost": 328162.03,
                  "Plan Rows": 5194321,
                  "Plan Width": 0,
                  "Actual Startup Time": 0.041,
                  "Actual Total Time": 612.91,
                  "Actual Rows": 4478428,
                  "Actual Loops": 7,
                  "Filter": "(person_id < 3184084)",
                  "Rows Removed by Filter": 699336
                }
              ]
            }
          ]
        }
      ]
    },
    "Planning Time": 0.164,
    "Triggers": [],
    "Execution Time": 858.785
  }
]