[
    {
        "Bao": {
            "Bao prediction": 659.879,
            "Bao recommended hint": "(no hint)"
        }
    },
    {
        "Plan": {
            "Node Type": "Aggregate",
            "Strategy": "Plain",
            "Partial Mode": "Finalize",
            "Parallel Aware": false,
            "Startup Cost": 29291.09,
            "Total Cost": 29291.1,
            "Plan Rows": 1,
            "Plan Width": 8,
            "Actual Startup Time": 82.807,
            "Actual Total Time": 86.747,
            "Actual Rows": 1,
            "Actual Loops": 1,
            "Output": [
                "count(*)"
            ],
            "Plans": [
                {
                    "Node Type": "Gather",
                    "Parent Relationship": "Outer",
                    "Parallel Aware": false,
                    "Startup Cost": 29290.78,
                    "Total Cost": 29291.09,
                    "Plan Rows": 3,
                    "Plan Width": 8,
                    "Actual Startup Time": 82.594,
                    "Actual Total Time": 86.739,
                    "Actual Rows": 4,
                    "Actual Loops": 1,
                    "Output": [
                        "(PARTIAL count(*))"
                    ],
                    "Workers Planned": 3,
                    "Workers Launched": 3,
                    "Single Copy": false,
                    "Plans": [
                        {
                            "Node Type": "Aggregate",
                            "Strategy": "Plain",
                            "Partial Mode": "Partial",
                            "Parent Relationship": "Outer",
                            "Parallel Aware": false,
                            "Startup Cost": 28290.78,
                            "Total Cost": 28290.79,
                            "Plan Rows": 1,
                            "Plan Width": 8,
                            "Actual Startup Time": 74.21,
                            "Actual Total Time": 74.211,
                            "Actual Rows": 1,
                            "Actual Loops": 4,
                            "Output": [
                                "PARTIAL count(*)"
                            ],
                            "Workers": [
                                {
                                    "Worker Number": 0,
                                    "Actual Startup Time": 71.581,
                                    "Actual Total Time": 71.582,
                                    "Actual Rows": 1,
                                    "Actual Loops": 1
                                },
                                {
                                    "Worker Number": 1,
                                    "Actual Startup Time": 71.747,
                                    "Actual Total Time": 71.748,
                                    "Actual Rows": 1,
                                    "Actual Loops": 1
                                },
                                {
                                    "Worker Number": 2,
                                    "Actual Startup Time": 71.5,
                                    "Actual Total Time": 71.501,
                                    "Actual Rows": 1,
                                    "Actual Loops": 1
                                }
                            ],
                            "Plans": [
                                {
                                    "Node Type": "Bitmap Heap Scan",
                                    "Parent Relationship": "Outer",
                                    "Parallel Aware": true,
                                    "Relation Name": "movie_companies",
                                    "Schema": "public",
                                    "Alias": "mc",
                                    "Startup Cost": 7766.37,
                                    "Total Cost": 28001.71,
                                    "Plan Rows": 115627,
                                    "Plan Width": 0,
                                    "Actual Startup Time": 34.763,
                                    "Actual Total Time": 67.901,
                                    "Actual Rows": 90966,
                                    "Actual Loops": 4,
                                    "Recheck Cond": "(mc.company_id > 86300)",
                                    "Rows Removed by Index Recheck": 0,
                                    "Exact Heap Blocks": 3250,
                                    "Lossy Heap Blocks": 0,
                                    "Workers": [
                                        {
                                            "Worker Number": 0,
                                            "Actual Startup Time": 32.224,
                                            "Actual Total Time": 65.664,
                                            "Actual Rows": 54230,
                                            "Actual Loops": 1
                                        },
                                        {
                                            "Worker Number": 1,
                                            "Actual Startup Time": 32.325,
                                            "Actual Total Time": 66.059,
                                            "Actual Rows": 54656,
                                            "Actual Loops": 1
                                        },
                                        {
                                            "Worker Number": 2,
                                            "Actual Startup Time": 32.21,
                                            "Actual Total Time": 65.819,
                                            "Actual Rows": 52032,
                                            "Actual Loops": 1
                                        }
                                    ],
                                    "Plans": [
                                        {
                                            "Node Type": "Bitmap Index Scan",
                                            "Parent Relationship": "Outer",
                                            "Parallel Aware": false,
                                            "Index Name": "company_id_movie_companies",
                                            "Startup Cost": 0.0,
                                            "Total Cost": 7676.76,
                                            "Plan Rows": 358444,
                                            "Plan Width": 0,
                                            "Actual Startup Time": 41.302,
                                            "Actual Total Time": 41.303,
                                            "Actual Rows": 363862,
                                            "Actual Loops": 1,
                                            "Index Cond": "(mc.company_id > 86300)"
                                        }
                                    ]
                                }
                            ]
                        }
                    ]
                }
            ]
        },
        "Planning Time": 441.036,
        "Triggers": [],
        "Execution Time": 86.878
    }
]