[
  {
    "Plan": {
      "Node Type": "Aggregate",
      "Strategy": "Plain",
      "Partial Mode": "Finalize",
      "Parallel Aware": false,
      "Startup Cost": 44970.33,
      "Total Cost": 44970.34,
      "Plan Rows": 1,
      "Plan Width": 8,
      "Actual Startup Time": 81.38,
      "Actual Total Time": 93.155,
      "Actual Rows": 1,
      "Actual Loops": 1,
      "Plans": [
        {
          "Node Type": "Gather",
          "Parent Relationship": "Outer",
          "Parallel Aware": false,
          "Startup Cost": 44969.91,
          "Total Cost": 44970.32,
          "Plan Rows": 4,
          "Plan Width": 8,
          "Actual Startup Time": 81.241,
          "Actual Total Time": 93.148,
          "Actual Rows": 5,
          "Actual Loops": 1,
          "Workers Planned": 4,
          "Workers Launched": 4,
          "Single Copy": false,
          "Plans": [
            {
              "Node Type": "Aggregate",
              "Strategy": "Plain",
              "Partial Mode": "Partial",
              "Parent Relationship": "Outer",
              "Parallel Aware": false,
              "Startup Cost": 43969.91,
              "Total Cost": 43969.92,
              "Plan Rows": 1,
              "Plan Width": 8,
              "Actual Startup Time": 74.822,
              "Actual Total Time": 74.823,
              "Actual Rows": 1,
              "Actual Loops": 5,
              "Plans": [
                {
                  "Node Type": "Seq Scan",
                  "Parent Relationship": "Outer",
                  "Parallel Aware": true,
                  "Relation Name": "title",
                  "Alias": "t",
                  "Startup Cost": 0.0,
                  "Total Cost": 43899.32,
                  "Plan Rows": 28234,
                  "Plan Width": 0,
                  "Actual Startup Time": 34.436,
                  "Actual Total Time": 73.651,
                  "Actual Rows": 24586,
                  "Actual Loops": 5,
                  "Filter": "(production_year < 1933)",
                  "Rows Removed by Filter": 481076
                }
              ]
            }
          ]
        }
      ]
    },
    "Planning Time": 0.088,
    "Triggers": [],
    "Execution Time": 93.184
  }
]