[
  {
    "Plan": {
      "Node Type": "Aggregate",
      "Strategy": "Plain",
      "Partial Mode": "Finalize",
      "Parallel Aware": false,
      "Startup Cost": 20907.12,
      "Total Cost": 20907.13,
      "Plan Rows": 1,
      "Plan Width": 8,
      "Actual Startup Time": 34.812,
      "Actual Total Time": 39.985,
      "Actual Rows": 1,
      "Actual Loops": 1,
      "Plans": [
        {
          "Node Type": "Gather",
          "Parent Relationship": "Outer",
          "Parallel Aware": false,
          "Startup Cost": 20907.01,
          "Total Cost": 20907.12,
          "Plan Rows": 1,
          "Plan Width": 8,
          "Actual Startup Time": 34.673,
          "Actual Total Time": 39.978,
          "Actual Rows": 2,
          "Actual Loops": 1,
          "Workers Planned": 1,
          "Workers Launched": 1,
          "Single Copy": false,
          "Plans": [
            {
              "Node Type": "Aggregate",
              "Strategy": "Plain",
              "Partial Mode": "Partial",
              "Parent Relationship": "Outer",
              "Parallel Aware": false,
              "Startup Cost": 19907.01,
              "Total Cost": 19907.02,
              "Plan Rows": 1,
              "Plan Width": 8,
              "Actual Startup Time": 28.183,
              "Actual Total Time": 28.185,
              "Actual Rows": 1,
              "Actual Loops": 2,
              "Plans": [
                {
                  "Node Type": "Nested Loop",
                  "Parent Relationship": "Outer",
                  "Parallel Aware": false,
                  "Join Type": "Inner",
                  "Startup Cost": 55.49,
                  "Total Cost": 19900.83,
                  "Plan Rows": 2471,
                  "Plan Width": 0,
                  "Actual Startup Time": 1.879,
                  "Actual Total Time": 27.636,
                  "Actual Rows": 4590,
                  "Actual Loops": 2,
                  "Inner Unique": false,
                  "Plans": [
                    {
                      "Node Type": "Nested Loop",
                      "Parent Relationship": "Outer",
                      "Parallel Aware": false,
                      "Join Type": "Inner",
                      "Startup Cost": 55.06,
                      "Total Cost": 17494.81,
                      "Plan Rows": 1381,
                      "Plan Width": 8,
                      "Actual Startup Time": 1.74,
                      "Actual Total Time": 16.41,
                      "Actual Rows": 1260,
                      "Actual Loops": 2,
                      "Inner Unique": true,
                      "Plans": [
                        {
                          "Node Type": "Bitmap Heap Scan",
                          "Parent Relationship": "Outer",
                          "Parallel Aware": true,
                          "Relation Name": "movie_companies",
                          "Alias": "mc",
                          "Startup Cost": 54.63,
                          "Total Cost": 6638.12,
                          "Plan Rows": 1381,
                          "Plan Width": 4,
                          "Actual Startup Time": 1.58,
                          "Actual Total Time": 4.2,
                          "Actual Rows": 1260,
                          "Actual Loops": 2,
                          "Recheck Cond": "(company_id = 115)",
                          "Rows Removed by Index Recheck": 0,
                          "Exact Heap Blocks": 839,
                          "Lossy Heap Blocks": 0,
                          "Plans": [
                            {
                              "Node Type": "Bitmap Index Scan",
                              "Parent Relationship": "Outer",
                              "Parallel Aware": false,
                              "Index Name": "company_id_movie_companies",
                              "Startup Cost": 0.0,
                              "Total Cost": 54.04,
                              "Plan Rows": 2348,
                              "Plan Width": 0,
                              "Actual Startup Time": 2.536,
                              "Actual Total Time": 2.536,
                              "Actual Rows": 2519,
                              "Actual Loops": 1,
                              "Index Cond": "(company_id = 115)"
                            }
                          ]
                        },
                        {
                          "Node Type": "Index Only Scan",
                          "Parent Relationship": "Inner",
                          "Parallel Aware": false,
                          "Scan Direction": "Forward",
                          "Index Name": "title_pkey",
                          "Relation Name": "title",
                          "Alias": "t",
                          "Startup Cost": 0.43,
                          "Total Cost": 7.86,
                          "Plan Rows": 1,
                          "Plan Width": 4,
                          "Actual Startup Time": 0.009,
                          "Actual Total Time": 0.009,
                          "Actual Rows": 1,
                          "Actual Loops": 2519,
                          "Index Cond": "(id = mc.movie_id)",
                          "Rows Removed by Index Recheck": 0,
                          "Heap Fetches": 2519
                        }
                      ]
                    },
                    {
                      "Node Type": "Index Only Scan",
                      "Parent Relationship": "Inner",
                      "Parallel Aware": false,
                      "Scan Direction": "Forward",
                      "Index Name": "movie_id_movie_keyword",
                      "Relation Name": "movie_keyword",
                      "Alias": "mk",
                      "Startup Cost": 0.43,
                      "Total Cost": 1.29,
                      "Plan Rows": 45,
                      "Plan Width": 4,
                      "Actual Startup Time": 0.006,
                      "Actual Total Time": 0.008,
                      "Actual Rows": 4,
                      "Actual Loops": 2519,
                      "Index Cond": "(movie_id = t.id)",
                      "Rows Removed by Index Recheck": 0,
                      "Heap Fetches": 9181
                    }
                  ]
                }
              ]
            }
          ]
        }
      ]
    },
    "Planning Time": 1.338,
    "Triggers": [],
    "Execution Time": 40.079
  }
]