[
  {
    "Plan": {
      "Node Type": "Aggregate",
      "Strategy": "Plain",
      "Partial Mode": "Finalize",
      "Parallel Aware": false,
      "Startup Cost": 640077.18,
      "Total Cost": 640077.19,
      "Plan Rows": 1,
      "Plan Width": 8,
      "Actual Startup Time": 5621.108,
      "Actual Total Time": 5707.538,
      "Actual Rows": 1,
      "Actual Loops": 1,
      "Plans": [
        {
          "Node Type": "Gather",
          "Parent Relationship": "Outer",
          "Parallel Aware": false,
          "Startup Cost": 640076.56,
          "Total Cost": 640077.17,
          "Plan Rows": 6,
          "Plan Width": 8,
          "Actual Startup Time": 5606.73,
          "Actual Total Time": 5707.524,
          "Actual Rows": 7,
          "Actual Loops": 1,
          "Workers Planned": 6,
          "Workers Launched": 6,
          "Single Copy": false,
          "Plans": [
            {
              "Node Type": "Aggregate",
              "Strategy": "Plain",
              "Partial Mode": "Partial",
              "Parent Relationship": "Outer",
              "Parallel Aware": false,
              "Startup Cost": 639076.56,
              "Total Cost": 639076.57,
              "Plan Rows": 1,
              "Plan Width": 8,
              "Actual Startup Time": 5585.639,
              "Actual Total Time": 5585.903,
              "Actual Rows": 1,
              "Actual Loops": 7,
              "Plans": [
                {
                  "Node Type": "Hash Join",
                  "Parent Relationship": "Outer",
                  "Parallel Aware": true,
                  "Join Type": "Inner",
                  "Startup Cost": 257766.26,
                  "Total Cost": 627589.92,
                  "Plan Rows": 4594656,
                  "Plan Width": 0,
                  "Actual Startup Time": 1070.995,
                  "Actual Total Time": 5076.268,
                  "Actual Rows": 11820552,
                  "Actual Loops": 7,
                  "Inner Unique": false,
                  "Hash Cond": "(ci.movie_id = t.id)",
                  "Plans": [
                    {
                      "Node Type": "Seq Scan",
                      "Parent Relationship": "Outer",
                      "Parallel Aware": true,
                      "Relation Name": "cast_info",
                      "Alias": "ci",
                      "Startup Cost": 0.0,
                      "Total Cost": 343257.03,
                      "Plan Rows": 4633953,
                      "Plan Width": 4,
                      "Actual Startup Time": 10.07,
                      "Actual Total Time": 722.762,
                      "Actual Rows": 3972996,
                      "Actual Loops": 7,
                      "Filter": "((person_id > 84135) AND (role_id < 7))",
                      "Rows Removed by Filter": 1204768
                    },
                    {
                      "Node Type": "Hash",
                      "Parent Relationship": "Inner",
                      "Parallel Aware": true,
                      "Startup Cost": 251499.14,
                      "Total Cost": 251499.14,
                      "Plan Rows": 501370,
                      "Plan Width": 8,
                      "Actual Startup Time": 1053.83,
                      "Actual Total Time": 1054.092,
                      "Actual Rows": 593905,
                      "Actual Loops": 7,
                      "Hash Buckets": 4194304,
                      "Original Hash Buckets": 4194304,
                      "Hash Batches": 1,
                      "Original Hash Batches": 1,
                      "Peak Memory Usage": 195520,
                      "Plans": [
                        {
                          "Node Type": "Hash Join",
                          "Parent Relationship": "Outer",
                          "Parallel Aware": true,
                          "Join Type": "Inner",
                          "Startup Cost": 47567.24,
                          "Total Cost": 251499.14,
                          "Plan Rows": 501370,
                          "Plan Width": 8,
                          "Actual Startup Time": 129.843,
                          "Actual Total Time": 800.497,
                          "Actual Rows": 593905,
                          "Actual Loops": 7,
                          "Inner Unique": true,
                          "Hash Cond": "(mi.movie_id = t.id)",
                          "Plans": [
                            {
                              "Node Type": "Seq Scan",
                              "Parent Relationship": "Outer",
                              "Parallel Aware": true,
                              "Relation Name": "movie_info",
                              "Alias": "mi",
                              "Startup Cost": 0.0,
                              "Total Cost": 198952.16,
                              "Plan Rows": 1897040,
                              "Plan Width": 4,
                              "Actual Startup Time": 0.03,
                              "Actual Total Time": 339.147,
                              "Actual Rows": 1366450,
                              "Actual Loops": 7,
                              "Filter": "(info_type_id < 16)",
                              "Rows Removed by Filter": 752938
                            },
                            {
                              "Node Type": "Hash",
                              "Parent Relationship": "Inner",
                              "Parallel Aware": true,
                              "Startup Cost": 45479.1,
                              "Total Cost": 45479.1,
                              "Plan Rows": 167051,
                              "Plan Width": 4,
                              "Actual Startup Time": 127.309,
                              "Actual Total Time": 127.31,
                              "Actual Rows": 80870,
                              "Actual Loops": 7,
                              "Hash Buckets": 1048576,
                              "Original Hash Buckets": 1048576,
                              "Hash Batches": 1,
                              "Original Hash Batches": 1,
                              "Peak Memory Usage": 30464,
                              "Plans": [
                                {
                                  "Node Type": "Seq Scan",
                                  "Parent Relationship": "Outer",
                                  "Parallel Aware": true,
                                  "Relation Name": "title",
                                  "Alias": "t",
                                  "Startup Cost": 0.0,
                                  "Total Cost": 45479.1,
                                  "Plan Rows": 167051,
                                  "Plan Width": 4,
                                  "Actual Startup Time": 0.056,
                                  "Actual Total Time": 83.962,
                                  "Actual Rows": 80870,
                                  "Actual Loops": 7,
                                  "Filter": "((kind_id < 7) AND (production_year > 1992))",
                                  "Rows Removed by Filter": 280318
                                }
                              ]
                            }
                          ]
                        }
                      ]
                    }
                  ]
                }
              ]
            }
          ]
        }
      ]
    },
    "Planning Time": 1.46,
    "Triggers": [],
    "Execution Time": 5707.645
  }
]