[
  {
    "Plan": {
      "Node Type": "Aggregate",
      "Strategy": "Plain",
      "Partial Mode": "Finalize",
      "Parallel Aware": false,
      "Startup Cost": 330788.61,
      "Total Cost": 330788.62,
      "Plan Rows": 1,
      "Plan Width": 8,
      "Actual Startup Time": 592.782,
      "Actual Total Time": 641.494,
      "Actual Rows": 1,
      "Actual Loops": 1,
      "Plans": [
        {
          "Node Type": "Gather",
          "Parent Relationship": "Outer",
          "Parallel Aware": false,
          "Startup Cost": 330787.98,
          "Total Cost": 330788.59,
          "Plan Rows": 6,
          "Plan Width": 8,
          "Actual Startup Time": 592.562,
          "Actual Total Time": 641.482,
          "Actual Rows": 7,
          "Actual Loops": 1,
          "Workers Planned": 6,
          "Workers Launched": 6,
          "Single Copy": false,
          "Plans": [
            {
              "Node Type": "Aggregate",
              "Strategy": "Plain",
              "Partial Mode": "Partial",
              "Parent Relationship": "Outer",
              "Parallel Aware": false,
              "Startup Cost": 329787.98,
              "Total Cost": 329787.99,
              "Plan Rows": 1,
              "Plan Width": 8,
              "Actual Startup Time": 581.92,
              "Actual Total Time": 581.922,
              "Actual Rows": 1,
              "Actual Loops": 7,
              "Plans": [
                {
                  "Node Type": "Seq Scan",
                  "Parent Relationship": "Outer",
                  "Parallel Aware": true,
                  "Relation Name": "cast_info",
                  "Alias": "ci",
                  "Startup Cost": 0.0,
                  "Total Cost": 328211.39,
                  "Plan Rows": 630636,
                  "Plan Width": 0,
                  "Actual Startup Time": 429.056,
                  "Actual Total Time": 556.689,
                  "Actual Rows": 537731,
                  "Actual Loops": 7,
                  "Filter": "(person_id > 3374058)",
                  "Rows Removed by Filter": 4640032
                }
              ]
            }
          ]
        }
      ]
    },
    "Planning Time": 0.179,
    "Triggers": [],
    "Execution Time": 641.563
  }
]