[
    {
        "Bao": {
            "Bao prediction": "NaN",
            "Bao recommended hint": "(no hint)"
        }
    },
    {
        "Plan": {
            "Node Type": "Aggregate",
            "Strategy": "Plain",
            "Partial Mode": "Finalize",
            "Parallel Aware": false,
            "Startup Cost": 24795.72,
            "Total Cost": 24795.73,
            "Plan Rows": 1,
            "Plan Width": 8,
            "Actual Startup Time": 38.114,
            "Actual Total Time": 41.563,
            "Actual Rows": 1,
            "Actual Loops": 1,
            "Output": [
                "count(*)"
            ],
            "Plans": [
                {
                    "Node Type": "Gather",
                    "Parent Relationship": "Outer",
                    "Parallel Aware": false,
                    "Startup Cost": 24795.4,
                    "Total Cost": 24795.71,
                    "Plan Rows": 3,
                    "Plan Width": 8,
                    "Actual Startup Time": 37.989,
                    "Actual Total Time": 41.556,
                    "Actual Rows": 4,
                    "Actual Loops": 1,
                    "Output": [
                        "(PARTIAL count(*))"
                    ],
                    "Workers Planned": 3,
                    "Workers Launched": 3,
                    "Single Copy": false,
                    "Plans": [
                        {
                            "Node Type": "Aggregate",
                            "Strategy": "Plain",
                            "Partial Mode": "Partial",
                            "Parent Relationship": "Outer",
                            "Parallel Aware": false,
                            "Startup Cost": 23795.4,
                            "Total Cost": 23795.41,
                            "Plan Rows": 1,
                            "Plan Width": 8,
                            "Actual Startup Time": 29.143,
                            "Actual Total Time": 29.144,
                            "Actual Rows": 1,
                            "Actual Loops": 4,
                            "Output": [
                                "PARTIAL count(*)"
                            ],
                            "Workers": [
                                {
                                    "Worker Number": 0,
                                    "Actual Startup Time": 26.066,
                                    "Actual Total Time": 26.068,
                                    "Actual Rows": 1,
                                    "Actual Loops": 1
                                },
                                {
                                    "Worker Number": 1,
                                    "Actual Startup Time": 26.327,
                                    "Actual Total Time": 26.328,
                                    "Actual Rows": 1,
                                    "Actual Loops": 1
                                },
                                {
                                    "Worker Number": 2,
                                    "Actual Startup Time": 26.425,
                                    "Actual Total Time": 26.427,
                                    "Actual Rows": 1,
                                    "Actual Loops": 1
                                }
                            ],
                            "Plans": [
                                {
                                    "Node Type": "Bitmap Heap Scan",
                                    "Parent Relationship": "Outer",
                                    "Parallel Aware": true,
                                    "Relation Name": "movie_companies",
                                    "Schema": "public",
                                    "Alias": "mc",
                                    "Startup Cost": 4091.77,
                                    "Total Cost": 23643.13,
                                    "Plan Rows": 60909,
                                    "Plan Width": 0,
                                    "Actual Startup Time": 2.791,
                                    "Actual Total Time": 25.804,
                                    "Actual Rows": 47915,
                                    "Actual Loops": 4,
                                    "Recheck Cond": "(mc.company_id > 116146)",
                                    "Rows Removed by Index Recheck": 0,
                                    "Exact Heap Blocks": 2607,
                                    "Lossy Heap Blocks": 0,
                                    "Workers": [
                                        {
                                            "Worker Number": 0,
                                            "Actual Startup Time": 0.175,
                                            "Actual Total Time": 23.325,
                                            "Actual Rows": 22924,
                                            "Actual Loops": 1
                                        },
                                        {
                                            "Worker Number": 1,
                                            "Actual Startup Time": 0.309,
                                            "Actual Total Time": 23.484,
                                            "Actual Rows": 27824,
                                            "Actual Loops": 1
                                        },
                                        {
                                            "Worker Number": 2,
                                            "Actual Startup Time": 0.17,
                                            "Actual Total Time": 23.513,
                                            "Actual Rows": 24989,
                                            "Actual Loops": 1
                                        }
                                    ],
                                    "Plans": [
                                        {
                                            "Node Type": "Bitmap Index Scan",
                                            "Parent Relationship": "Outer",
                                            "Parallel Aware": false,
                                            "Index Name": "company_id_movie_companies",
                                            "Startup Cost": 0.0,
                                            "Total Cost": 4044.57,
                                            "Plan Rows": 188818,
                                            "Plan Width": 0,
                                            "Actual Startup Time": 9.732,
                                            "Actual Total Time": 9.733,
                                            "Actual Rows": 191659,
                                            "Actual Loops": 1,
                                            "Index Cond": "(mc.company_id > 116146)"
                                        }
                                    ]
                                }
                            ]
                        }
                    ]
                }
            ]
        },
        "Planning Time": 174.902,
        "Triggers": [],
        "Execution Time": 41.61
    }
]