{
  "Plan": {
    "Node Type": "Aggregate",
    "Strategy": "Plain",
    "Partial Mode": "Finalize",
    "Parallel Aware": false,
    "Startup Cost": 333028.45,
    "Total Cost": 333028.46,
    "Plan Rows": 1,
    "Plan Width": 8,
    "Actual Startup Time": 1791.384,
    "Actual Total Time": 1840.339,
    "Actual Rows": 1,
    "Actual Loops": 1,
    "Plans": [
      {
        "Node Type": "Gather",
        "Parent Relationship": "Outer",
        "Parallel Aware": false,
        "Startup Cost": 333028.34,
        "Total Cost": 333028.45,
        "Plan Rows": 1,
        "Plan Width": 8,
        "Actual Startup Time": 1790.631,
        "Actual Total Time": 1840.332,
        "Actual Rows": 2,
        "Actual Loops": 1,
        "Workers Planned": 1,
        "Workers Launched": 1,
        "Single Copy": false,
        "Plans": [
          {
            "Node Type": "Aggregate",
            "Strategy": "Plain",
            "Partial Mode": "Partial",
            "Parent Relationship": "Outer",
            "Parallel Aware": false,
            "Startup Cost": 332028.34,
            "Total Cost": 332028.35,
            "Plan Rows": 1,
            "Plan Width": 8,
            "Actual Startup Time": 1784.81,
            "Actual Total Time": 1784.814,
            "Actual Rows": 1,
            "Actual Loops": 2,
            "Plans": [
              {
                "Node Type": "Hash Join",
                "Parent Relationship": "Outer",
                "Parallel Aware": true,
                "Join Type": "Inner",
                "Startup Cost": 59199.96,
                "Total Cost": 330983.44,
                "Plan Rows": 417958,
                "Plan Width": 0,
                "Actual Startup Time": 172.684,
                "Actual Total Time": 1731.363,
                "Actual Rows": 1330392,
                "Actual Loops": 2,
                "Inner Unique": true,
                "Hash Cond": "(mi.movie_id = t.id)",
                "Plans": [
                  {
                    "Node Type": "Seq Scan",
                    "Parent Relationship": "Outer",
                    "Parallel Aware": true,
                    "Relation Name": "movie_info",
                    "Alias": "mi",
                    "Startup Cost": 0.0,
                    "Total Cost": 248955.74,
                    "Plan Rows": 8696274,
                    "Plan Width": 4,
                    "Actual Startup Time": 0.009,
                    "Actual Total Time": 606.549,
                    "Actual Rows": 7417860,
                    "Actual Loops": 2
                  },
                  {
                    "Node Type": "Hash",
                    "Parent Relationship": "Inner",
                    "Parallel Aware": true,
                    "Startup Cost": 58306.47,
                    "Total Cost": 58306.47,
                    "Plan Rows": 71479,
                    "Plan Width": 4,
                    "Actual Startup Time": 169.703,
                    "Actual Total Time": 169.704,
                    "Actual Rows": 113954,
                    "Actual Loops": 2,
                    "Hash Buckets": 262144,
                    "Original Hash Buckets": 131072,
                    "Hash Batches": 1,
                    "Original Hash Batches": 1,
                    "Peak Memory Usage": 12000,
                    "Plans": [
                      {
                        "Node Type": "Seq Scan",
                        "Parent Relationship": "Outer",
                        "Parallel Aware": true,
                        "Relation Name": "title",
                        "Alias": "t",
                        "Startup Cost": 0.0,
                        "Total Cost": 58306.47,
                        "Plan Rows": 71479,
                        "Plan Width": 4,
                        "Actual Startup Time": 0.172,
                        "Actual Total Time": 143.301,
                        "Actual Rows": 113954,
                        "Actual Loops": 2,
                        "Filter": "((kind_id < 7) AND (production_year < 1967))",
                        "Rows Removed by Filter": 1150202
                      }
                    ]
                  }
                ]
              }
            ]
          }
        ]
      }
    ]
  },
  "Planning Time": 0.541,
  "Triggers": [],
  "Execution Time": 1840.413
}