[
  {
    "Plan": {
      "Node Type": "Aggregate",
      "Strategy": "Plain",
      "Partial Mode": "Finalize",
      "Parallel Aware": false,
      "Startup Cost": 38574.65,
      "Total Cost": 38574.66,
      "Plan Rows": 1,
      "Plan Width": 8,
      "Actual Startup Time": 144.369,
      "Actual Total Time": 152.491,
      "Actual Rows": 1,
      "Actual Loops": 1,
      "Plans": [
        {
          "Node Type": "Gather",
          "Parent Relationship": "Outer",
          "Parallel Aware": false,
          "Startup Cost": 38574.33,
          "Total Cost": 38574.64,
          "Plan Rows": 3,
          "Plan Width": 8,
          "Actual Startup Time": 144.048,
          "Actual Total Time": 152.481,
          "Actual Rows": 4,
          "Actual Loops": 1,
          "Workers Planned": 3,
          "Workers Launched": 3,
          "Single Copy": false,
          "Plans": [
            {
              "Node Type": "Aggregate",
              "Strategy": "Plain",
              "Partial Mode": "Partial",
              "Parent Relationship": "Outer",
              "Parallel Aware": false,
              "Startup Cost": 37574.33,
              "Total Cost": 37574.34,
              "Plan Rows": 1,
              "Plan Width": 8,
              "Actual Startup Time": 135.411,
              "Actual Total Time": 135.413,
              "Actual Rows": 1,
              "Actual Loops": 4,
              "Plans": [
                {
                  "Node Type": "Bitmap Heap Scan",
                  "Parent Relationship": "Outer",
                  "Parallel Aware": true,
                  "Relation Name": "movie_keyword",
                  "Alias": "mk",
                  "Startup Cost": 10683.47,
                  "Total Cost": 37168.19,
                  "Plan Rows": 162457,
                  "Plan Width": 0,
                  "Actual Startup Time": 50.95,
                  "Actual Total Time": 127.047,
                  "Actual Rows": 122800,
                  "Actual Loops": 4,
                  "Recheck Cond": "(keyword_id > 36657)",
                  "Rows Removed by Index Recheck": 0,
                  "Exact Heap Blocks": 8054,
                  "Lossy Heap Blocks": 0,
                  "Plans": [
                    {
                      "Node Type": "Bitmap Index Scan",
                      "Parent Relationship": "Outer",
                      "Parallel Aware": false,
                      "Index Name": "keyword_id_movie_keyword",
                      "Startup Cost": 0.0,
                      "Total Cost": 10557.57,
                      "Plan Rows": 503618,
                      "Plan Width": 0,
                      "Actual Startup Time": 53.338,
                      "Actual Total Time": 53.339,
                      "Actual Rows": 491198,
                      "Actual Loops": 1,
                      "Index Cond": "(keyword_id > 36657)"
                    }
                  ]
                }
              ]
            }
          ]
        }
      ]
    },
    "Planning Time": 0.161,
    "Triggers": [],
    "Execution Time": 152.562
  }
]