[
  {
    "Plan": {
      "Node Type": "Aggregate",
      "Strategy": "Plain",
      "Partial Mode": "Finalize",
      "Parallel Aware": false,
      "Startup Cost": 40902.47,
      "Total Cost": 40902.48,
      "Plan Rows": 1,
      "Plan Width": 8,
      "Actual Startup Time": 62.15,
      "Actual Total Time": 68.665,
      "Actual Rows": 1,
      "Actual Loops": 1,
      "Plans": [
        {
          "Node Type": "Gather",
          "Parent Relationship": "Outer",
          "Parallel Aware": false,
          "Startup Cost": 40902.05,
          "Total Cost": 40902.46,
          "Plan Rows": 4,
          "Plan Width": 8,
          "Actual Startup Time": 61.871,
          "Actual Total Time": 68.65,
          "Actual Rows": 5,
          "Actual Loops": 1,
          "Workers Planned": 4,
          "Workers Launched": 4,
          "Single Copy": false,
          "Plans": [
            {
              "Node Type": "Aggregate",
              "Strategy": "Plain",
              "Partial Mode": "Partial",
              "Parent Relationship": "Outer",
              "Parallel Aware": false,
              "Startup Cost": 39902.05,
              "Total Cost": 39902.06,
              "Plan Rows": 1,
              "Plan Width": 8,
              "Actual Startup Time": 53.954,
              "Actual Total Time": 53.956,
              "Actual Rows": 1,
              "Actual Loops": 5,
              "Plans": [
                {
                  "Node Type": "Nested Loop",
                  "Parent Relationship": "Outer",
                  "Parallel Aware": false,
                  "Join Type": "Inner",
                  "Startup Cost": 1824.19,
                  "Total Cost": 39901.8,
                  "Plan Rows": 100,
                  "Plan Width": 0,
                  "Actual Startup Time": 17.366,
                  "Actual Total Time": 53.846,
                  "Actual Rows": 653,
                  "Actual Loops": 5,
                  "Inner Unique": false,
                  "Join Filter": "(t.id = mi.movie_id)",
                  "Rows Removed by Join Filter": 0,
                  "Plans": [
                    {
                      "Node Type": "Nested Loop",
                      "Parent Relationship": "Outer",
                      "Parallel Aware": false,
                      "Join Type": "Inner",
                      "Startup Cost": 1823.75,
                      "Total Cost": 39781.85,
                      "Plan Rows": 35,
                      "Plan Width": 8,
                      "Actual Startup Time": 17.161,
                      "Actual Total Time": 45.851,
                      "Actual Rows": 91,
                      "Actual Loops": 5,
                      "Inner Unique": false,
                      "Plans": [
                        {
                          "Node Type": "Bitmap Heap Scan",
                          "Parent Relationship": "Outer",
                          "Parallel Aware": true,
                          "Relation Name": "title",
                          "Alias": "t",
                          "Startup Cost": 1823.33,
                          "Total Cost": 38204.68,
                          "Plan Rows": 195,
                          "Plan Width": 4,
                          "Actual Startup Time": 15.361,
                          "Actual Total Time": 41.93,
                          "Actual Rows": 250,
                          "Actual Loops": 5,
                          "Recheck Cond": "(kind_id = 3)",
                          "Rows Removed by Index Recheck": 0,
                          "Filter": "(production_year = 1985)",
                          "Rows Removed by Filter": 19858,
                          "Exact Heap Blocks": 7814,
                          "Lossy Heap Blocks": 0,
                          "Plans": [
                            {
                              "Node Type": "Bitmap Index Scan",
                              "Parent Relationship": "Outer",
                              "Parallel Aware": false,
                              "Index Name": "kind_id_title",
                              "Startup Cost": 0.0,
                              "Total Cost": 1823.13,
                              "Plan Rows": 102227,
                              "Plan Width": 0,
                              "Actual Startup Time": 16.989,
                              "Actual Total Time": 16.989,
                              "Actual Rows": 100537,
                              "Actual Loops": 1,
                              "Index Cond": "(kind_id = 3)"
                            }
                          ]
                        },
                        {
                          "Node Type": "Index Scan",
                          "Parent Relationship": "Inner",
                          "Parallel Aware": false,
                          "Scan Direction": "Forward",
                          "Index Name": "movie_id_movie_info_idx",
                          "Relation Name": "movie_info_idx",
                          "Alias": "mi_idx",
                          "Startup Cost": 0.43,
                          "Total Cost": 8.08,
                          "Plan Rows": 1,
                          "Plan Width": 4,
                          "Actual Startup Time": 0.014,
                          "Actual Total Time": 0.015,
                          "Actual Rows": 0,
                          "Actual Loops": 1248,
                          "Index Cond": "(movie_id = t.id)",
                          "Rows Removed by Index Recheck": 0,
                          "Filter": "(info_type_id < 100)",
                          "Rows Removed by Filter": 1
                        }
                      ]
                    },
                    {
                      "Node Type": "Index Scan",
                      "Parent Relationship": "Inner",
                      "Parallel Aware": false,
                      "Scan Direction": "Forward",
                      "Index Name": "movie_id_movie_info",
                      "Relation Name": "movie_info",
                      "Alias": "mi",
                      "Startup Cost": 0.43,
                      "Total Cost": 3.18,
                      "Plan Rows": 20,
                      "Plan Width": 4,
                      "Actual Startup Time": 0.029,
                      "Actual Total Time": 0.086,
                      "Actual Rows": 7,
                      "Actual Loops": 455,
                      "Index Cond": "(movie_id = mi_idx.movie_id)",
                      "Rows Removed by Index Recheck": 0,
                      "Filter": "(info_type_id < 8)",
                      "Rows Removed by Filter": 5
                    }
                  ]
                }
              ]
            }
          ]
        }
      ]
    },
    "Planning Time": 1.423,
    "Triggers": [],
    "Execution Time": 68.814
  }
]