[
  {
    "Plan": {
      "Node Type": "Aggregate",
      "Strategy": "Plain",
      "Partial Mode": "Finalize",
      "Parallel Aware": false,
      "Startup Cost": 220148.6,
      "Total Cost": 220148.61,
      "Plan Rows": 1,
      "Plan Width": 8,
      "Actual Startup Time": 992.221,
      "Actual Total Time": 1050.482,
      "Actual Rows": 1,
      "Actual Loops": 1,
      "Plans": [
        {
          "Node Type": "Gather",
          "Parent Relationship": "Outer",
          "Parallel Aware": false,
          "Startup Cost": 220148.18,
          "Total Cost": 220148.59,
          "Plan Rows": 4,
          "Plan Width": 8,
          "Actual Startup Time": 989.525,
          "Actual Total Time": 1050.473,
          "Actual Rows": 5,
          "Actual Loops": 1,
          "Workers Planned": 4,
          "Workers Launched": 4,
          "Single Copy": false,
          "Plans": [
            {
              "Node Type": "Aggregate",
              "Strategy": "Plain",
              "Partial Mode": "Partial",
              "Parent Relationship": "Outer",
              "Parallel Aware": false,
              "Startup Cost": 219148.18,
              "Total Cost": 219148.19,
              "Plan Rows": 1,
              "Plan Width": 8,
              "Actual Startup Time": 979.322,
              "Actual Total Time": 979.326,
              "Actual Rows": 1,
              "Actual Loops": 5,
              "Plans": [
                {
                  "Node Type": "Nested Loop",
                  "Parent Relationship": "Outer",
                  "Parallel Aware": false,
                  "Join Type": "Inner",
                  "Startup Cost": 27556.83,
                  "Total Cost": 218239.63,
                  "Plan Rows": 363418,
                  "Plan Width": 0,
                  "Actual Startup Time": 95.423,
                  "Actual Total Time": 944.449,
                  "Actual Rows": 762603,
                  "Actual Loops": 5,
                  "Inner Unique": false,
                  "Plans": [
                    {
                      "Node Type": "Hash Join",
                      "Parent Relationship": "Outer",
                      "Parallel Aware": true,
                      "Join Type": "Inner",
                      "Startup Cost": 27556.4,
                      "Total Cost": 73273.22,
                      "Plan Rows": 73698,
                      "Plan Width": 8,
                      "Actual Startup Time": 95.353,
                      "Actual Total Time": 290.038,
                      "Actual Rows": 58575,
                      "Actual Loops": 5,
                      "Inner Unique": false,
                      "Hash Cond": "(t.id = mc.movie_id)",
                      "Plans": [
                        {
                          "Node Type": "Seq Scan",
                          "Parent Relationship": "Outer",
                          "Parallel Aware": true,
                          "Relation Name": "title",
                          "Alias": "t",
                          "Startup Cost": 0.0,
                          "Total Cost": 42318.73,
                          "Plan Rows": 632073,
                          "Plan Width": 4,
                          "Actual Startup Time": 0.01,
                          "Actual Total Time": 60.321,
                          "Actual Rows": 505662,
                          "Actual Loops": 5
                        },
                        {
                          "Node Type": "Hash",
                          "Parent Relationship": "Inner",
                          "Parallel Aware": true,
                          "Startup Cost": 26367.72,
                          "Total Cost": 26367.72,
                          "Plan Rows": 95094,
                          "Plan Width": 4,
                          "Actual Startup Time": 92.598,
                          "Actual Total Time": 92.599,
                          "Actual Rows": 58575,
                          "Actual Loops": 5,
                          "Hash Buckets": 524288,
                          "Original Hash Buckets": 524288,
                          "Hash Batches": 1,
                          "Original Hash Batches": 1,
                          "Peak Memory Usage": 15648,
                          "Plans": [
                            {
                              "Node Type": "Bitmap Heap Scan",
                              "Parent Relationship": "Outer",
                              "Parallel Aware": true,
                              "Relation Name": "movie_companies",
                              "Alias": "mc",
                              "Startup Cost": 6389.05,
                              "Total Cost": 26367.72,
                              "Plan Rows": 95094,
                              "Plan Width": 4,
                              "Actual Startup Time": 27.849,
                              "Actual Total Time": 70.279,
                              "Actual Rows": 58575,
                              "Actual Loops": 5,
                              "Recheck Cond": "(company_id < 160)",
                              "Rows Removed by Index Recheck": 0,
                              "Exact Heap Blocks": 7109,
                              "Lossy Heap Blocks": 0,
                              "Plans": [
                                {
                                  "Node Type": "Bitmap Index Scan",
                                  "Parent Relationship": "Outer",
                                  "Parallel Aware": false,
                                  "Index Name": "company_id_movie_companies",
                                  "Startup Cost": 0.0,
                                  "Total Cost": 6315.35,
                                  "Plan Rows": 294790,
                                  "Plan Width": 0,
                                  "Actual Startup Time": 24.686,
                                  "Actual Total Time": 24.687,
                                  "Actual Rows": 292877,
                                  "Actual Loops": 1,
                                  "Index Cond": "(company_id < 160)"
                                }
                              ]
                            }
                          ]
                        }
                      ]
                    },
                    {
                      "Node Type": "Index Scan",
                      "Parent Relationship": "Inner",
                      "Parallel Aware": false,
                      "Scan Direction": "Forward",
                      "Index Name": "movie_id_movie_info",
                      "Relation Name": "movie_info",
                      "Alias": "mi",
                      "Startup Cost": 0.43,
                      "Total Cost": 1.62,
                      "Plan Rows": 35,
                      "Plan Width": 4,
                      "Actual Startup Time": 0.003,
                      "Actual Total Time": 0.01,
                      "Actual Rows": 13,
                      "Actual Loops": 292877,
                      "Index Cond": "(movie_id = t.id)",
                      "Rows Removed by Index Recheck": 0,
                      "Filter": "(info_type_id < 17)",
                      "Rows Removed by Filter": 5
                    }
                  ]
                }
              ]
            }
          ]
        }
      ]
    },
    "Planning Time": 1.399,
    "Triggers": [],
    "Execution Time": 1050.609
  }
]