{
  "Plan": {
    "Node Type": "Aggregate",
    "Strategy": "Plain",
    "Partial Mode": "Finalize",
    "Parallel Aware": false,
    "Startup Cost": 85197.12,
    "Total Cost": 85197.13,
    "Plan Rows": 1,
    "Plan Width": 8,
    "Actual Startup Time": 391.557,
    "Actual Total Time": 402.724,
    "Actual Rows": 1,
    "Actual Loops": 1,
    "Plans": [
      {
        "Node Type": "Gather",
        "Parent Relationship": "Outer",
        "Parallel Aware": false,
        "Startup Cost": 85197.01,
        "Total Cost": 85197.12,
        "Plan Rows": 1,
        "Plan Width": 8,
        "Actual Startup Time": 391.102,
        "Actual Total Time": 402.714,
        "Actual Rows": 2,
        "Actual Loops": 1,
        "Workers Planned": 1,
        "Workers Launched": 1,
        "Single Copy": false,
        "Plans": [
          {
            "Node Type": "Aggregate",
            "Strategy": "Plain",
            "Partial Mode": "Partial",
            "Parent Relationship": "Outer",
            "Parallel Aware": false,
            "Startup Cost": 84197.01,
            "Total Cost": 84197.02,
            "Plan Rows": 1,
            "Plan Width": 8,
            "Actual Startup Time": 387.252,
            "Actual Total Time": 387.256,
            "Actual Rows": 1,
            "Actual Loops": 2,
            "Plans": [
              {
                "Node Type": "Hash Join",
                "Parent Relationship": "Outer",
                "Parallel Aware": true,
                "Join Type": "Inner",
                "Startup Cost": 23406.2,
                "Total Cost": 84010.52,
                "Plan Rows": 74598,
                "Plan Width": 0,
                "Actual Startup Time": 263.882,
                "Actual Total Time": 384.026,
                "Actual Rows": 61151,
                "Actual Loops": 2,
                "Inner Unique": false,
                "Hash Cond": "(t.id = mc.movie_id)",
                "Plans": [
                  {
                    "Node Type": "Seq Scan",
                    "Parent Relationship": "Outer",
                    "Parallel Aware": true,
                    "Relation Name": "title",
                    "Alias": "t",
                    "Startup Cost": 0.0,
                    "Total Cost": 50870.31,
                    "Plan Rows": 1487231,
                    "Plan Width": 4,
                    "Actual Startup Time": 0.009,
                    "Actual Total Time": 132.298,
                    "Actual Rows": 1264156,
                    "Actual Loops": 2
                  },
                  {
                    "Node Type": "Hash",
                    "Parent Relationship": "Inner",
                    "Parallel Aware": true,
                    "Startup Cost": 22473.72,
                    "Total Cost": 22473.72,
                    "Plan Rows": 74598,
                    "Plan Width": 4,
                    "Actual Startup Time": 53.878,
                    "Actual Total Time": 53.88,
                    "Actual Rows": 61151,
                    "Actual Loops": 2,
                    "Hash Buckets": 131072,
                    "Original Hash Buckets": 131072,
                    "Hash Batches": 1,
                    "Original Hash Batches": 1,
                    "Peak Memory Usage": 5824,
                    "Plans": [
                      {
                        "Node Type": "Bitmap Heap Scan",
                        "Parent Relationship": "Outer",
                        "Parallel Aware": true,
                        "Relation Name": "movie_companies",
                        "Alias": "mc",
                        "Startup Cost": 2751.25,
                        "Total Cost": 22473.72,
                        "Plan Rows": 74598,
                        "Plan Width": 4,
                        "Actual Startup Time": 10.785,
                        "Actual Total Time": 35.575,
                        "Actual Rows": 61151,
                        "Actual Loops": 2,
                        "Recheck Cond": "(company_id > 145097)",
                        "Rows Removed by Index Recheck": 0,
                        "Exact Heap Blocks": 2418,
                        "Lossy Heap Blocks": 0,
                        "Plans": [
                          {
                            "Node Type": "Bitmap Index Scan",
                            "Parent Relationship": "Outer",
                            "Parallel Aware": false,
                            "Index Name": "company_id_movie_companies",
                            "Startup Cost": 0.0,
                            "Total Cost": 2719.55,
                            "Plan Rows": 126816,
                            "Plan Width": 0,
                            "Actual Startup Time": 12.489,
                            "Actual Total Time": 12.489,
                            "Actual Rows": 122302,
                            "Actual Loops": 1,
                            "Index Cond": "(company_id > 145097)"
                          }
                        ]
                      }
                    ]
                  }
                ]
              }
            ]
          }
        ]
      }
    ]
  },
  "Planning Time": 0.388,
  "Triggers": [],
  "Execution Time": 402.818
}