[
  {
    "Plan": {
      "Node Type": "Aggregate",
      "Strategy": "Plain",
      "Partial Mode": "Finalize",
      "Parallel Aware": false,
      "Startup Cost": 81260.26,
      "Total Cost": 81260.27,
      "Plan Rows": 1,
      "Plan Width": 8,
      "Actual Startup Time": 317.86,
      "Actual Total Time": 332.767,
      "Actual Rows": 1,
      "Actual Loops": 1,
      "Plans": [
        {
          "Node Type": "Gather",
          "Parent Relationship": "Outer",
          "Parallel Aware": false,
          "Startup Cost": 81259.95,
          "Total Cost": 81260.26,
          "Plan Rows": 3,
          "Plan Width": 8,
          "Actual Startup Time": 315.454,
          "Actual Total Time": 332.76,
          "Actual Rows": 4,
          "Actual Loops": 1,
          "Workers Planned": 3,
          "Workers Launched": 3,
          "Single Copy": false,
          "Plans": [
            {
              "Node Type": "Aggregate",
              "Strategy": "Plain",
              "Partial Mode": "Partial",
              "Parent Relationship": "Outer",
              "Parallel Aware": false,
              "Startup Cost": 80259.95,
              "Total Cost": 80259.96,
              "Plan Rows": 1,
              "Plan Width": 8,
              "Actual Startup Time": 306.051,
              "Actual Total Time": 306.054,
              "Actual Rows": 1,
              "Actual Loops": 4,
              "Plans": [
                {
                  "Node Type": "Hash Join",
                  "Parent Relationship": "Outer",
                  "Parallel Aware": true,
                  "Join Type": "Inner",
                  "Startup Cost": 48010.05,
                  "Total Cost": 80064.73,
                  "Plan Rows": 78085,
                  "Plan Width": 0,
                  "Actual Startup Time": 200.354,
                  "Actual Total Time": 299.641,
                  "Actual Rows": 162894,
                  "Actual Loops": 4,
                  "Inner Unique": true,
                  "Hash Cond": "(mc.movie_id = t.id)",
                  "Plans": [
                    {
                      "Node Type": "Seq Scan",
                      "Parent Relationship": "Outer",
                      "Parallel Aware": true,
                      "Relation Name": "movie_companies",
                      "Alias": "mc",
                      "Startup Cost": 0.0,
                      "Total Cost": 31414.82,
                      "Plan Rows": 243759,
                      "Plan Width": 4,
                      "Actual Startup Time": 29.628,
                      "Actual Total Time": 64.138,
                      "Actual Rows": 243653,
                      "Actual Loops": 4,
                      "Filter": "((company_id > 7851) AND (company_type_id > 1))",
                      "Rows Removed by Filter": 408629
                    },
                    {
                      "Node Type": "Hash",
                      "Parent Relationship": "Inner",
                      "Parallel Aware": true,
                      "Startup Cost": 45479.1,
                      "Total Cost": 45479.1,
                      "Plan Rows": 202476,
                      "Plan Width": 4,
                      "Actual Startup Time": 165.724,
                      "Actual Total Time": 165.725,
                      "Actual Rows": 210754,
                      "Actual Loops": 4,
                      "Hash Buckets": 1048576,
                      "Original Hash Buckets": 1048576,
                      "Hash Batches": 1,
                      "Original Hash Batches": 1,
                      "Peak Memory Usage": 41248,
                      "Plans": [
                        {
                          "Node Type": "Seq Scan",
                          "Parent Relationship": "Outer",
                          "Parallel Aware": true,
                          "Relation Name": "title",
                          "Alias": "t",
                          "Startup Cost": 0.0,
                          "Total Cost": 45479.1,
                          "Plan Rows": 202476,
                          "Plan Width": 4,
                          "Actual Startup Time": 0.046,
                          "Actual Total Time": 101.421,
                          "Actual Rows": 210754,
                          "Actual Loops": 4,
                          "Filter": "((kind_id < 7) AND (production_year < 2011))",
                          "Rows Removed by Filter": 421324
                        }
                      ]
                    }
                  ]
                }
              ]
            }
          ]
        }
      ]
    },
    "Planning Time": 0.649,
    "Triggers": [],
    "Execution Time": 332.838
  }
]