[
    {
        "Bao": {
            "Bao prediction": "NaN",
            "Bao recommended hint": "(no hint)"
        }
    },
    {
        "Plan": {
            "Node Type": "Aggregate",
            "Strategy": "Plain",
            "Partial Mode": "Finalize",
            "Parallel Aware": false,
            "Startup Cost": 338651.8,
            "Total Cost": 338651.81,
            "Plan Rows": 1,
            "Plan Width": 8,
            "Actual Startup Time": 801.972,
            "Actual Total Time": 832.766,
            "Actual Rows": 1,
            "Actual Loops": 1,
            "Output": [
                "count(*)"
            ],
            "Plans": [
                {
                    "Node Type": "Gather",
                    "Parent Relationship": "Outer",
                    "Parallel Aware": false,
                    "Startup Cost": 338651.18,
                    "Total Cost": 338651.79,
                    "Plan Rows": 6,
                    "Plan Width": 8,
                    "Actual Startup Time": 801.866,
                    "Actual Total Time": 832.755,
                    "Actual Rows": 7,
                    "Actual Loops": 1,
                    "Output": [
                        "(PARTIAL count(*))"
                    ],
                    "Workers Planned": 6,
                    "Workers Launched": 6,
                    "Single Copy": false,
                    "Plans": [
                        {
                            "Node Type": "Aggregate",
                            "Strategy": "Plain",
                            "Partial Mode": "Partial",
                            "Parent Relationship": "Outer",
                            "Parallel Aware": false,
                            "Startup Cost": 337651.18,
                            "Total Cost": 337651.19,
                            "Plan Rows": 1,
                            "Plan Width": 8,
                            "Actual Startup Time": 791.746,
                            "Actual Total Time": 791.747,
                            "Actual Rows": 1,
                            "Actual Loops": 7,
                            "Output": [
                                "PARTIAL count(*)"
                            ],
                            "Workers": [
                                {
                                    "Worker Number": 0,
                                    "Actual Startup Time": 789.366,
                                    "Actual Total Time": 789.368,
                                    "Actual Rows": 1,
                                    "Actual Loops": 1
                                },
                                {
                                    "Worker Number": 1,
                                    "Actual Startup Time": 789.522,
                                    "Actual Total Time": 789.524,
                                    "Actual Rows": 1,
                                    "Actual Loops": 1
                                },
                                {
                                    "Worker Number": 2,
                                    "Actual Startup Time": 789.899,
                                    "Actual Total Time": 789.901,
                                    "Actual Rows": 1,
                                    "Actual Loops": 1
                                },
                                {
                                    "Worker Number": 3,
                                    "Actual Startup Time": 790.388,
                                    "Actual Total Time": 790.39,
                                    "Actual Rows": 1,
                                    "Actual Loops": 1
                                },
                                {
                                    "Worker Number": 4,
                                    "Actual Startup Time": 790.756,
                                    "Actual Total Time": 790.757,
                                    "Actual Rows": 1,
                                    "Actual Loops": 1
                                },
                                {
                                    "Worker Number": 5,
                                    "Actual Startup Time": 791.182,
                                    "Actual Total Time": 791.183,
                                    "Actual Rows": 1,
                                    "Actual Loops": 1
                                }
                            ],
                            "Plans": [
                                {
                                    "Node Type": "Seq Scan",
                                    "Parent Relationship": "Outer",
                                    "Parallel Aware": true,
                                    "Relation Name": "cast_info",
                                    "Schema": "public",
                                    "Alias": "ci",
                                    "Startup Cost": 0.0,
                                    "Total Cost": 328213.62,
                                    "Plan Rows": 3775025,
                                    "Plan Width": 0,
                                    "Actual Startup Time": 155.192,
                                    "Actual Total Time": 627.783,
                                    "Actual Rows": 3235126,
                                    "Actual Loops": 7,
                                    "Output": [
                                        "id",
                                        "person_id",
                                        "movie_id",
                                        "person_role_id",
                                        "note",
                                        "nr_order",
                                        "role_id"
                                    ],
                                    "Filter": "(ci.person_id > 1338905)",
                                    "Rows Removed by Filter": 1942637,
                                    "Workers": [
                                        {
                                            "Worker Number": 0,
                                            "Actual Startup Time": 152.815,
                                            "Actual Total Time": 627.249,
                                            "Actual Rows": 2462750,
                                            "Actual Loops": 1
                                        },
                                        {
                                            "Worker Number": 1,
                                            "Actual Startup Time": 152.949,
                                            "Actual Total Time": 628.654,
                                            "Actual Rows": 2438825,
                                            "Actual Loops": 1
                                        },
                                        {
                                            "Worker Number": 2,
                                            "Actual Startup Time": 153.357,
                                            "Actual Total Time": 628.319,
                                            "Actual Rows": 2451767,
                                            "Actual Loops": 1
                                        },
                                        {
                                            "Worker Number": 3,
                                            "Actual Startup Time": 153.842,
                                            "Actual Total Time": 628.838,
                                            "Actual Rows": 2456619,
                                            "Actual Loops": 1
                                        },
                                        {
                                            "Worker Number": 4,
                                            "Actual Startup Time": 154.198,
                                            "Actual Total Time": 632.284,
                                            "Actual Rows": 3921670,
                                            "Actual Loops": 1
                                        },
                                        {
                                            "Worker Number": 5,
                                            "Actual Startup Time": 154.634,
                                            "Actual Total Time": 632.487,
                                            "Actual Rows": 3922549,
                                            "Actual Loops": 1
                                        }
                                    ]
                                }
                            ]
                        }
                    ]
                }
            ]
        },
        "Planning Time": 193.839,
        "Triggers": [],
        "Execution Time": 832.856
    }
]