[
  {
    "Plan": {
      "Node Type": "Aggregate",
      "Strategy": "Plain",
      "Partial Mode": "Simple",
      "Parallel Aware": false,
      "Startup Cost": 524466.79,
      "Total Cost": 524466.8,
      "Plan Rows": 1,
      "Plan Width": 64,
      "Actual Startup Time": 4179.426,
      "Actual Total Time": 4287.716,
      "Actual Rows": 1,
      "Actual Loops": 1,
      "Plans": [
        {
          "Node Type": "Gather",
          "Parent Relationship": "Outer",
          "Parallel Aware": false,
          "Startup Cost": 479777.79,
          "Total Cost": 524466.78,
          "Plan Rows": 3,
          "Plan Width": 15,
          "Actual Startup Time": 4057.58,
          "Actual Total Time": 4286.564,
          "Actual Rows": 9426,
          "Actual Loops": 1,
          "Workers Planned": 4,
          "Workers Launched": 4,
          "Single Copy": false,
          "Plans": [
            {
              "Node Type": "Hash Join",
              "Parent Relationship": "Outer",
              "Parallel Aware": true,
              "Join Type": "Inner",
              "Startup Cost": 478777.79,
              "Total Cost": 523466.48,
              "Plan Rows": 1,
              "Plan Width": 15,
              "Actual Startup Time": 4046.288,
              "Actual Total Time": 4165.294,
              "Actual Rows": 1885,
              "Actual Loops": 5,
              "Inner Unique": false,
              "Hash Cond": "(t.id = ci.movie_id)",
              "Plans": [
                {
                  "Node Type": "Seq Scan",
                  "Parent Relationship": "Outer",
                  "Parallel Aware": true,
                  "Relation Name": "title",
                  "Alias": "t",
                  "Startup Cost": 0.0,
                  "Total Cost": 42318.49,
                  "Plan Rows": 632049,
                  "Plan Width": 4,
                  "Actual Startup Time": 0.022,
                  "Actual Total Time": 74.848,
                  "Actual Rows": 505662,
                  "Actual Loops": 5
                },
                {
                  "Node Type": "Hash",
                  "Parent Relationship": "Inner",
                  "Parallel Aware": true,
                  "Startup Cost": 478777.78,
                  "Total Cost": 478777.78,
                  "Plan Rows": 1,
                  "Plan Width": 27,
                  "Actual Startup Time": 4041.535,
                  "Actual Total Time": 4041.552,
                  "Actual Rows": 1885,
                  "Actual Loops": 5,
                  "Hash Buckets": 16384,
                  "Original Hash Buckets": 1024,
                  "Hash Batches": 1,
                  "Original Hash Batches": 1,
                  "Peak Memory Usage": 920,
                  "Plans": [
                    {
                      "Node Type": "Hash Join",
                      "Parent Relationship": "Outer",
                      "Parallel Aware": true,
                      "Join Type": "Inner",
                      "Startup Cost": 148944.14,
                      "Total Cost": 478777.78,
                      "Plan Rows": 1,
                      "Plan Width": 27,
                      "Actual Startup Time": 1133.667,
                      "Actual Total Time": 2169.031,
                      "Actual Rows": 1885,
                      "Actual Loops": 5,
                      "Inner Unique": false,
                      "Hash Cond": "(ci.movie_id = mk.movie_id)",
                      "Plans": [
                        {
                          "Node Type": "Hash Join",
                          "Parent Relationship": "Outer",
                          "Parallel Aware": true,
                          "Join Type": "Inner",
                          "Startup Cost": 69161.75,
                          "Total Cost": 398080.5,
                          "Plan Rows": 243966,
                          "Plan Width": 19,
                          "Actual Startup Time": 725.301,
                          "Actual Total Time": 1729.625,
                          "Actual Rows": 304270,
                          "Actual Loops": 5,
                          "Inner Unique": true,
                          "Hash Cond": "(ci.person_id = n.id)",
                          "Plans": [
                            {
                              "Node Type": "Seq Scan",
                              "Parent Relationship": "Outer",
                              "Parallel Aware": true,
                              "Relation Name": "cast_info",
                              "Alias": "ci",
                              "Startup Cost": 0.0,
                              "Total Cost": 313068.58,
                              "Plan Rows": 6038158,
                              "Plan Width": 8,
                              "Actual Startup Time": 0.021,
                              "Actual Total Time": 811.246,
                              "Actual Rows": 7248869,
                              "Actual Loops": 5
                            },
                            {
                              "Node Type": "Hash",
                              "Parent Relationship": "Inner",
                              "Parallel Aware": true,
                              "Startup Cost": 68635.58,
                              "Total Cost": 68635.58,
                              "Plan Rows": 42093,
                              "Plan Width": 19,
                              "Actual Startup Time": 180.943,
                              "Actual Total Time": 180.944,
                              "Actual Rows": 33116,
                              "Actual Loops": 5,
                              "Hash Buckets": 262144,
                              "Original Hash Buckets": 262144,
                              "Hash Batches": 1,
                              "Original Hash Batches": 1,
                              "Peak Memory Usage": 11072,
                              "Plans": [
                                {
                                  "Node Type": "Seq Scan",
                                  "Parent Relationship": "Outer",
                                  "Parallel Aware": true,
                                  "Relation Name": "name",
                                  "Alias": "n",
                                  "Startup Cost": 0.0,
                                  "Total Cost": 68635.58,
                                  "Plan Rows": 42093,
                                  "Plan Width": 19,
                                  "Actual Startup Time": 61.894,
                                  "Actual Total Time": 162.961,
                                  "Actual Rows": 33116,
                                  "Actual Loops": 5,
                                  "Filter": "(name ~~ 'W%'::text)",
                                  "Rows Removed by Filter": 800382
                                }
                              ]
                            }
                          ]
                        },
                        {
                          "Node Type": "Hash",
                          "Parent Relationship": "Inner",
                          "Parallel Aware": true,
                          "Startup Cost": 79782.37,
                          "Total Cost": 79782.37,
                          "Plan Rows": 2,
                          "Plan Width": 8,
                          "Actual Startup Time": 408.024,
                          "Actual Total Time": 408.034,
                          "Actual Rows": 897,
                          "Actual Loops": 5,
                          "Hash Buckets": 8192,
                          "Original Hash Buckets": 1024,
                          "Hash Batches": 1,
                          "Original Hash Batches": 1,
                          "Peak Memory Usage": 408,
                          "Plans": [
                            {
                              "Node Type": "Hash Join",
                              "Parent Relationship": "Outer",
                              "Parallel Aware": true,
                              "Join Type": "Inner",
                              "Startup Cost": 50276.57,
                              "Total Cost": 79782.37,
                              "Plan Rows": 2,
                              "Plan Width": 8,
                              "Actual Startup Time": 262.45,
                              "Actual Total Time": 382.502,
                              "Actual Rows": 897,
                              "Actual Loops": 5,
                              "Inner Unique": false,
                              "Hash Cond": "(mc.movie_id = mk.movie_id)",
                              "Plans": [
                                {
                                  "Node Type": "Hash Join",
                                  "Parent Relationship": "Outer",
                                  "Parallel Aware": true,
                                  "Join Type": "Inner",
                                  "Startup Cost": 4772.11,
                                  "Total Cost": 34188.04,
                                  "Plan Rows": 23961,
                                  "Plan Width": 4,
                                  "Actual Startup Time": 11.704,
                                  "Actual Total Time": 127.477,
                                  "Actual Rows": 20999,
                                  "Actual Loops": 5,
                                  "Inner Unique": true,
                                  "Hash Cond": "(mc.company_id = cn.id)",
                                  "Plans": [
                                    {
                                      "Node Type": "Seq Scan",
                                      "Parent Relationship": "Outer",
                                      "Parallel Aware": true,
                                      "Relation Name": "movie_companies",
                                      "Alias": "mc",
                                      "Startup Cost": 0.0,
                                      "Total Cost": 27206.55,
                                      "Plan Rows": 841655,
                                      "Plan Width": 8,
                                      "Actual Startup Time": 0.016,
                                      "Actual Total Time": 64.222,
                                      "Actual Rows": 521826,
                                      "Actual Loops": 5
                                    },
                                    {
                                      "Node Type": "Hash",
                                      "Parent Relationship": "Inner",
                                      "Parallel Aware": true,
                                      "Startup Cost": 4722.92,
                                      "Total Cost": 4722.92,
                                      "Plan Rows": 3935,
                                      "Plan Width": 4,
                                      "Actual Startup Time": 11.563,
                                      "Actual Total Time": 11.564,
                                      "Actual Rows": 1350,
                                      "Actual Loops": 5,
                                      "Hash Buckets": 8192,
                                      "Original Hash Buckets": 8192,
                                      "Hash Batches": 1,
                                      "Original Hash Batches": 1,
                                      "Peak Memory Usage": 384,
                                      "Plans": [
                                        {
                                          "Node Type": "Seq Scan",
                                          "Parent Relationship": "Outer",
                                          "Parallel Aware": true,
                                          "Relation Name": "company_name",
                                          "Alias": "cn",
                                          "Startup Cost": 0.0,
                                          "Total Cost": 4722.92,
                                          "Plan Rows": 3935,
                                          "Plan Width": 4,
                                          "Actual Startup Time": 0.033,
                                          "Actual Total Time": 10.886,
                                          "Actual Rows": 1350,
                                          "Actual Loops": 5,
                                          "Filter": "((country_code)::text = '[jp]'::text)",
                                          "Rows Removed by Filter": 45649
                                        }
                                      ]
                                    }
                                  ]
                                },
                                {
                                  "Node Type": "Hash",
                                  "Parent Relationship": "Inner",
                                  "Parallel Aware": true,
                                  "Startup Cost": 45504.33,
                                  "Total Cost": 45504.33,
                                  "Plan Rows": 11,
                                  "Plan Width": 4,
                                  "Actual Startup Time": 250.103,
                                  "Actual Total Time": 250.107,
                                  "Actual Rows": 8368,
                                  "Actual Loops": 5,
                                  "Hash Buckets": 65536,
                                  "Original Hash Buckets": 1024,
                                  "Hash Batches": 1,
                                  "Original Hash Batches": 1,
                                  "Peak Memory Usage": 2744,
                                  "Plans": [
                                    {
                                      "Node Type": "Hash Join",
                                      "Parent Relationship": "Outer",
                                      "Parallel Aware": false,
                                      "Join Type": "Inner",
                                      "Startup Cost": 2626.14,
                                      "Total Cost": 45504.33,
                                      "Plan Rows": 11,
                                      "Plan Width": 4,
                                      "Actual Startup Time": 28.333,
                                      "Actual Total Time": 204.357,
                                      "Actual Rows": 8368,
                                      "Actual Loops": 5,
                                      "Inner Unique": true,
                                      "Hash Cond": "(mk.keyword_id = k.id)",
                                      "Plans": [
                                        {
                                          "Node Type": "Seq Scan",
                                          "Parent Relationship": "Outer",
                                          "Parallel Aware": true,
                                          "Relation Name": "movie_keyword",
                                          "Alias": "mk",
                                          "Startup Cost": 0.0,
                                          "Total Cost": 39047.32,
                                          "Plan Rows": 1459332,
                                          "Plan Width": 8,
                                          "Actual Startup Time": 0.068,
                                          "Actual Total Time": 106.387,
                                          "Actual Rows": 904786,
                                          "Actual Loops": 5
                                        },
                                        {
                                          "Node Type": "Hash",
                                          "Parent Relationship": "Inner",
                                          "Parallel Aware": false,
                                          "Startup Cost": 2626.12,
                                          "Total Cost": 2626.12,
                                          "Plan Rows": 1,
                                          "Plan Width": 4,
                                          "Actual Startup Time": 28.161,
                                          "Actual Total Time": 28.162,
                                          "Actual Rows": 1,
                                          "Actual Loops": 5,
                                          "Hash Buckets": 1024,
                                          "Original Hash Buckets": 1024,
                                          "Hash Batches": 1,
                                          "Original Hash Batches": 1,
                                          "Peak Memory Usage": 9,
                                          "Plans": [
                                            {
                                              "Node Type": "Seq Scan",
                                              "Parent Relationship": "Outer",
                                              "Parallel Aware": false,
                                              "Relation Name": "keyword",
                                              "Alias": "k",
                                              "Startup Cost": 0.0,
                                              "Total Cost": 2626.12,
                                              "Plan Rows": 1,
                                              "Plan Width": 4,
                                              "Actual Startup Time": 2.481,
                                              "Actual Total Time": 28.131,
                                              "Actual Rows": 1,
                                              "Actual Loops": 5,
                                              "Filter": "(keyword = 'character-name-in-title'::text)",
                                              "Rows Removed by Filter": 134169
                                            }
                                          ]
                                        }
                                      ]
                                    }
                                  ]
                                }
                              ]
                            }
                          ]
                        }
                      ]
                    }
                  ]
                }
              ]
            }
          ]
        }
      ]
    },
    "Planning Time": 12.915,
    "Triggers": [],
    "Execution Time": 4288.227
  }
]