[
  {
    "Plan": {
      "Node Type": "Aggregate",
      "Strategy": "Plain",
      "Partial Mode": "Finalize",
      "Parallel Aware": false,
      "Startup Cost": 35801.14,
      "Total Cost": 35801.15,
      "Plan Rows": 1,
      "Plan Width": 8,
      "Actual Startup Time": 38.671,
      "Actual Total Time": 42.987,
      "Actual Rows": 1,
      "Actual Loops": 1,
      "Plans": [
        {
          "Node Type": "Gather",
          "Parent Relationship": "Outer",
          "Parallel Aware": false,
          "Startup Cost": 35800.92,
          "Total Cost": 35801.13,
          "Plan Rows": 2,
          "Plan Width": 8,
          "Actual Startup Time": 38.556,
          "Actual Total Time": 42.98,
          "Actual Rows": 3,
          "Actual Loops": 1,
          "Workers Planned": 2,
          "Workers Launched": 2,
          "Single Copy": false,
          "Plans": [
            {
              "Node Type": "Aggregate",
              "Strategy": "Plain",
              "Partial Mode": "Partial",
              "Parent Relationship": "Outer",
              "Parallel Aware": false,
              "Startup Cost": 34800.92,
              "Total Cost": 34800.93,
              "Plan Rows": 1,
              "Plan Width": 8,
              "Actual Startup Time": 30.367,
              "Actual Total Time": 30.369,
              "Actual Rows": 1,
              "Actual Loops": 3,
              "Plans": [
                {
                  "Node Type": "Nested Loop",
                  "Parent Relationship": "Outer",
                  "Parallel Aware": false,
                  "Join Type": "Inner",
                  "Startup Cost": 246.86,
                  "Total Cost": 34800.25,
                  "Plan Rows": 271,
                  "Plan Width": 0,
                  "Actual Startup Time": 5.37,
                  "Actual Total Time": 30.295,
                  "Actual Rows": 625,
                  "Actual Loops": 3,
                  "Inner Unique": false,
                  "Plans": [
                    {
                      "Node Type": "Nested Loop",
                      "Parent Relationship": "Outer",
                      "Parallel Aware": false,
                      "Join Type": "Inner",
                      "Startup Cost": 246.43,
                      "Total Cost": 34377.04,
                      "Plan Rows": 151,
                      "Plan Width": 8,
                      "Actual Startup Time": 5.127,
                      "Actual Total Time": 28.893,
                      "Actual Rows": 132,
                      "Actual Loops": 3,
                      "Inner Unique": true,
                      "Plans": [
                        {
                          "Node Type": "Bitmap Heap Scan",
                          "Parent Relationship": "Outer",
                          "Parallel Aware": true,
                          "Relation Name": "movie_companies",
                          "Alias": "mc",
                          "Startup Cost": 246.0,
                          "Total Cost": 17299.77,
                          "Plan Rows": 2373,
                          "Plan Width": 4,
                          "Actual Startup Time": 2.112,
                          "Actual Total Time": 4.638,
                          "Actual Rows": 2752,
                          "Actual Loops": 3,
                          "Recheck Cond": "(company_id = 11)",
                          "Rows Removed by Index Recheck": 0,
                          "Filter": "(company_type_id = 2)",
                          "Rows Removed by Filter": 804,
                          "Exact Heap Blocks": 1045,
                          "Lossy Heap Blocks": 0,
                          "Plans": [
                            {
                              "Node Type": "Bitmap Index Scan",
                              "Parent Relationship": "Outer",
                              "Parallel Aware": false,
                              "Index Name": "company_id_movie_companies",
                              "Startup Cost": 0.0,
                              "Total Cost": 244.57,
                              "Plan Rows": 11219,
                              "Plan Width": 0,
                              "Actual Startup Time": 3.294,
                              "Actual Total Time": 3.294,
                              "Actual Rows": 10667,
                              "Actual Loops": 1,
                              "Index Cond": "(company_id = 11)"
                            }
                          ]
                        },
                        {
                          "Node Type": "Index Scan",
                          "Parent Relationship": "Inner",
                          "Parallel Aware": false,
                          "Scan Direction": "Forward",
                          "Index Name": "title_pkey",
                          "Relation Name": "title",
                          "Alias": "t",
                          "Startup Cost": 0.43,
                          "Total Cost": 7.2,
                          "Plan Rows": 1,
                          "Plan Width": 4,
                          "Actual Startup Time": 0.008,
                          "Actual Total Time": 0.008,
                          "Actual Rows": 0,
                          "Actual Loops": 8256,
                          "Index Cond": "(id = mc.movie_id)",
                          "Rows Removed by Index Recheck": 0,
                          "Filter": "(production_year = 2011)",
                          "Rows Removed by Filter": 1
                        }
                      ]
                    },
                    {
                      "Node Type": "Index Only Scan",
                      "Parent Relationship": "Inner",
                      "Parallel Aware": false,
                      "Scan Direction": "Forward",
                      "Index Name": "movie_id_movie_keyword",
                      "Relation Name": "movie_keyword",
                      "Alias": "mk",
                      "Startup Cost": 0.43,
                      "Total Cost": 2.35,
                      "Plan Rows": 45,
                      "Plan Width": 4,
                      "Actual Startup Time": 0.008,
                      "Actual Total Time": 0.009,
                      "Actual Rows": 5,
                      "Actual Loops": 395,
                      "Index Cond": "(movie_id = t.id)",
                      "Rows Removed by Index Recheck": 0,
                      "Heap Fetches": 1874
                    }
                  ]
                }
              ]
            }
          ]
        }
      ]
    },
    "Planning Time": 1.435,
    "Triggers": [],
    "Execution Time": 43.085
  }
]