[
  {
    "Plan": {
      "Node Type": "Aggregate",
      "Strategy": "Plain",
      "Partial Mode": "Finalize",
      "Parallel Aware": false,
      "Startup Cost": 453489.43,
      "Total Cost": 453489.44,
      "Plan Rows": 1,
      "Plan Width": 8,
      "Actual Startup Time": 3839.758,
      "Actual Total Time": 3913.14,
      "Actual Rows": 1,
      "Actual Loops": 1,
      "Plans": [
        {
          "Node Type": "Gather",
          "Parent Relationship": "Outer",
          "Parallel Aware": false,
          "Startup Cost": 453489.11,
          "Total Cost": 453489.42,
          "Plan Rows": 3,
          "Plan Width": 8,
          "Actual Startup Time": 3817.164,
          "Actual Total Time": 3913.131,
          "Actual Rows": 4,
          "Actual Loops": 1,
          "Workers Planned": 3,
          "Workers Launched": 3,
          "Single Copy": false,
          "Plans": [
            {
              "Node Type": "Aggregate",
              "Strategy": "Plain",
              "Partial Mode": "Partial",
              "Parent Relationship": "Outer",
              "Parallel Aware": false,
              "Startup Cost": 452489.11,
              "Total Cost": 452489.12,
              "Plan Rows": 1,
              "Plan Width": 8,
              "Actual Startup Time": 3784.605,
              "Actual Total Time": 3784.611,
              "Actual Rows": 1,
              "Actual Loops": 4,
              "Plans": [
                {
                  "Node Type": "Hash Join",
                  "Parent Relationship": "Outer",
                  "Parallel Aware": true,
                  "Join Type": "Inner",
                  "Startup Cost": 393302.63,
                  "Total Cost": 445342.13,
                  "Plan Rows": 2858793,
                  "Plan Width": 0,
                  "Actual Startup Time": 2425.347,
                  "Actual Total Time": 3400.228,
                  "Actual Rows": 9634853,
                  "Actual Loops": 4,
                  "Inner Unique": false,
                  "Hash Cond": "(mk.movie_id = t.id)",
                  "Plans": [
                    {
                      "Node Type": "Seq Scan",
                      "Parent Relationship": "Outer",
                      "Parallel Aware": true,
                      "Relation Name": "movie_keyword",
                      "Alias": "mk",
                      "Startup Cost": 0.0,
                      "Total Cost": 42695.65,
                      "Plan Rows": 1221117,
                      "Plan Width": 4,
                      "Actual Startup Time": 0.056,
                      "Actual Total Time": 112.773,
                      "Actual Rows": 942512,
                      "Actual Loops": 4,
                      "Filter": "(keyword_id > 683)",
                      "Rows Removed by Filter": 188470
                    },
                    {
                      "Node Type": "Hash",
                      "Parent Relationship": "Inner",
                      "Parallel Aware": true,
                      "Startup Cost": 380971.26,
                      "Total Cost": 380971.26,
                      "Plan Rows": 986510,
                      "Plan Width": 8,
                      "Actual Startup Time": 2407.59,
                      "Actual Total Time": 2407.594,
                      "Actual Rows": 1431136,
                      "Actual Loops": 4,
                      "Hash Buckets": 8388608,
                      "Original Hash Buckets": 8388608,
                      "Hash Batches": 1,
                      "Original Hash Batches": 1,
                      "Peak Memory Usage": 289536,
                      "Plans": [
                        {
                          "Node Type": "Hash Join",
                          "Parent Relationship": "Outer",
                          "Parallel Aware": true,
                          "Join Type": "Inner",
                          "Startup Cost": 50219.64,
                          "Total Cost": 380971.26,
                          "Plan Rows": 986510,
                          "Plan Width": 8,
                          "Actual Startup Time": 812.698,
                          "Actual Total Time": 1830.823,
                          "Actual Rows": 1431136,
                          "Actual Loops": 4,
                          "Inner Unique": true,
                          "Hash Cond": "(ci.movie_id = t.id)",
                          "Plans": [
                            {
                              "Node Type": "Seq Scan",
                              "Parent Relationship": "Outer",
                              "Parallel Aware": true,
                              "Relation Name": "cast_info",
                              "Alias": "ci",
                              "Startup Cost": 0.0,
                              "Total Cost": 328162.03,
                              "Plan Rows": 986510,
                              "Plan Width": 4,
                              "Actual Startup Time": 473.244,
                              "Actual Total Time": 771.447,
                              "Actual Rows": 1431136,
                              "Actual Loops": 4,
                              "Filter": "(person_id > 3074929)",
                              "Rows Removed by Filter": 7629950
                            },
                            {
                              "Node Type": "Hash",
                              "Parent Relationship": "Inner",
                              "Parallel Aware": true,
                              "Startup Cost": 42318.73,
                              "Total Cost": 42318.73,
                              "Plan Rows": 632073,
                              "Plan Width": 4,
                              "Actual Startup Time": 333.653,
                              "Actual Total Time": 333.654,
                              "Actual Rows": 632078,
                              "Actual Loops": 4,
                              "Hash Buckets": 4194304,
                              "Original Hash Buckets": 4194304,
                              "Hash Batches": 1,
                              "Original Hash Batches": 1,
                              "Peak Memory Usage": 131712,
                              "Plans": [
                                {
                                  "Node Type": "Seq Scan",
                                  "Parent Relationship": "Outer",
                                  "Parallel Aware": true,
                                  "Relation Name": "title",
                                  "Alias": "t",
                                  "Startup Cost": 0.0,
                                  "Total Cost": 42318.73,
                                  "Plan Rows": 632073,
                                  "Plan Width": 4,
                                  "Actual Startup Time": 0.054,
                                  "Actual Total Time": 95.733,
                                  "Actual Rows": 632078,
                                  "Actual Loops": 4
                                }
                              ]
                            }
                          ]
                        }
                      ]
                    }
                  ]
                }
              ]
            }
          ]
        }
      ]
    },
    "Planning Time": 1.333,
    "Triggers": [],
    "Execution Time": 3913.232
  }
]