[
  {
    "Plan": {
      "Node Type": "Aggregate",
      "Strategy": "Plain",
      "Partial Mode": "Finalize",
      "Parallel Aware": false,
      "Startup Cost": 38855.26,
      "Total Cost": 38855.27,
      "Plan Rows": 1,
      "Plan Width": 8,
      "Actual Startup Time": 48.705,
      "Actual Total Time": 55.044,
      "Actual Rows": 1,
      "Actual Loops": 1,
      "Plans": [
        {
          "Node Type": "Gather",
          "Parent Relationship": "Outer",
          "Parallel Aware": false,
          "Startup Cost": 38855.05,
          "Total Cost": 38855.26,
          "Plan Rows": 2,
          "Plan Width": 8,
          "Actual Startup Time": 48.585,
          "Actual Total Time": 55.038,
          "Actual Rows": 3,
          "Actual Loops": 1,
          "Workers Planned": 2,
          "Workers Launched": 2,
          "Single Copy": false,
          "Plans": [
            {
              "Node Type": "Aggregate",
              "Strategy": "Plain",
              "Partial Mode": "Partial",
              "Parent Relationship": "Outer",
              "Parallel Aware": false,
              "Startup Cost": 37855.05,
              "Total Cost": 37855.06,
              "Plan Rows": 1,
              "Plan Width": 8,
              "Actual Startup Time": 40.749,
              "Actual Total Time": 40.75,
              "Actual Rows": 1,
              "Actual Loops": 3,
              "Plans": [
                {
                  "Node Type": "Nested Loop",
                  "Parent Relationship": "Outer",
                  "Parallel Aware": false,
                  "Join Type": "Inner",
                  "Startup Cost": 163.3,
                  "Total Cost": 37847.19,
                  "Plan Rows": 3142,
                  "Plan Width": 0,
                  "Actual Startup Time": 3.676,
                  "Actual Total Time": 40.317,
                  "Actual Rows": 2568,
                  "Actual Loops": 3,
                  "Inner Unique": true,
                  "Plans": [
                    {
                      "Node Type": "Bitmap Heap Scan",
                      "Parent Relationship": "Outer",
                      "Parallel Aware": true,
                      "Relation Name": "movie_keyword",
                      "Alias": "mk",
                      "Startup Cost": 162.87,
                      "Total Cost": 16204.0,
                      "Plan Rows": 3142,
                      "Plan Width": 4,
                      "Actual Startup Time": 3.474,
                      "Actual Total Time": 14.466,
                      "Actual Rows": 2568,
                      "Actual Loops": 3,
                      "Recheck Cond": "(keyword_id = 797)",
                      "Rows Removed by Index Recheck": 0,
                      "Exact Heap Blocks": 4130,
                      "Lossy Heap Blocks": 0,
                      "Plans": [
                        {
                          "Node Type": "Bitmap Index Scan",
                          "Parent Relationship": "Outer",
                          "Parallel Aware": false,
                          "Index Name": "keyword_id_movie_keyword",
                          "Startup Cost": 0.0,
                          "Total Cost": 160.98,
                          "Plan Rows": 7540,
                          "Plan Width": 0,
                          "Actual Startup Time": 6.915,
                          "Actual Total Time": 6.915,
                          "Actual Rows": 7704,
                          "Actual Loops": 1,
                          "Index Cond": "(keyword_id = 797)"
                        }
                      ]
                    },
                    {
                      "Node Type": "Index Only Scan",
                      "Parent Relationship": "Inner",
                      "Parallel Aware": false,
                      "Scan Direction": "Forward",
                      "Index Name": "title_pkey",
                      "Relation Name": "title",
                      "Alias": "t",
                      "Startup Cost": 0.43,
                      "Total Cost": 6.89,
                      "Plan Rows": 1,
                      "Plan Width": 4,
                      "Actual Startup Time": 0.009,
                      "Actual Total Time": 0.009,
                      "Actual Rows": 1,
                      "Actual Loops": 7704,
                      "Index Cond": "(id = mk.movie_id)",
                      "Rows Removed by Index Recheck": 0,
                      "Heap Fetches": 7704
                    }
                  ]
                }
              ]
            }
          ]
        }
      ]
    },
    "Planning Time": 0.603,
    "Triggers": [],
    "Execution Time": 55.129
  }
]