[
  {
    "Plan": {
      "Node Type": "Aggregate",
      "Strategy": "Plain",
      "Partial Mode": "Finalize",
      "Parallel Aware": false,
      "Startup Cost": 27321.15,
      "Total Cost": 27321.16,
      "Plan Rows": 1,
      "Plan Width": 8,
      "Actual Startup Time": 45.911,
      "Actual Total Time": 49.89,
      "Actual Rows": 1,
      "Actual Loops": 1,
      "Plans": [
        {
          "Node Type": "Gather",
          "Parent Relationship": "Outer",
          "Parallel Aware": false,
          "Startup Cost": 27320.83,
          "Total Cost": 27321.14,
          "Plan Rows": 3,
          "Plan Width": 8,
          "Actual Startup Time": 45.744,
          "Actual Total Time": 49.883,
          "Actual Rows": 4,
          "Actual Loops": 1,
          "Workers Planned": 3,
          "Workers Launched": 3,
          "Single Copy": false,
          "Plans": [
            {
              "Node Type": "Aggregate",
              "Strategy": "Plain",
              "Partial Mode": "Partial",
              "Parent Relationship": "Outer",
              "Parallel Aware": false,
              "Startup Cost": 26320.83,
              "Total Cost": 26320.84,
              "Plan Rows": 1,
              "Plan Width": 8,
              "Actual Startup Time": 38.165,
              "Actual Total Time": 38.166,
              "Actual Rows": 1,
              "Actual Loops": 4,
              "Plans": [
                {
                  "Node Type": "Bitmap Heap Scan",
                  "Parent Relationship": "Outer",
                  "Parallel Aware": true,
                  "Relation Name": "movie_companies",
                  "Alias": "mc",
                  "Startup Cost": 6055.54,
                  "Total Cost": 26205.04,
                  "Plan Rows": 46319,
                  "Plan Width": 0,
                  "Actual Startup Time": 5.238,
                  "Actual Total Time": 33.781,
                  "Actual Rows": 69340,
                  "Actual Loops": 4,
                  "Recheck Cond": "(company_id > 96316)",
                  "Rows Removed by Index Recheck": 0,
                  "Filter": "(company_type_id > 1)",
                  "Rows Removed by Filter": 0,
                  "Exact Heap Blocks": 2331,
                  "Lossy Heap Blocks": 0,
                  "Plans": [
                    {
                      "Node Type": "Bitmap Index Scan",
                      "Parent Relationship": "Outer",
                      "Parallel Aware": false,
                      "Index Name": "company_id_movie_companies",
                      "Startup Cost": 0.0,
                      "Total Cost": 6019.65,
                      "Plan Rows": 280962,
                      "Plan Width": 0,
                      "Actual Startup Time": 11.764,
                      "Actual Total Time": 11.765,
                      "Actual Rows": 277358,
                      "Actual Loops": 1,
                      "Index Cond": "(company_id > 96316)"
                    }
                  ]
                }
              ]
            }
          ]
        }
      ]
    },
    "Planning Time": 0.098,
    "Triggers": [],
    "Execution Time": 49.935
  }
]