[
    {
        "Bao": {
            "Bao prediction": 1929.486,
            "Bao recommended hint": "SET enable_nestloop TO off; "
        }
    },
    {
        "Plan": {
            "Node Type": "Aggregate",
            "Strategy": "Plain",
            "Partial Mode": "Finalize",
            "Parallel Aware": false,
            "Startup Cost": 500609.13,
            "Total Cost": 500609.14,
            "Plan Rows": 1,
            "Plan Width": 96,
            "Actual Startup Time": 3041.391,
            "Actual Total Time": 3178.319,
            "Actual Rows": 1,
            "Actual Loops": 1,
            "Output": [
                "min(k.keyword)",
                "min(n.name)",
                "min(t.title)"
            ],
            "Plans": [
                {
                    "Node Type": "Gather",
                    "Parent Relationship": "Outer",
                    "Parallel Aware": false,
                    "Startup Cost": 500608.69,
                    "Total Cost": 500609.1,
                    "Plan Rows": 4,
                    "Plan Width": 96,
                    "Actual Startup Time": 3037.202,
                    "Actual Total Time": 3178.304,
                    "Actual Rows": 5,
                    "Actual Loops": 1,
                    "Output": [
                        "(PARTIAL min(k.keyword))",
                        "(PARTIAL min(n.name))",
                        "(PARTIAL min(t.title))"
                    ],
                    "Workers Planned": 4,
                    "Workers Launched": 4,
                    "Single Copy": false,
                    "Plans": [
                        {
                            "Node Type": "Aggregate",
                            "Strategy": "Plain",
                            "Partial Mode": "Partial",
                            "Parent Relationship": "Outer",
                            "Parallel Aware": false,
                            "Startup Cost": 499608.69,
                            "Total Cost": 499608.7,
                            "Plan Rows": 1,
                            "Plan Width": 96,
                            "Actual Startup Time": 3024.506,
                            "Actual Total Time": 3024.519,
                            "Actual Rows": 1,
                            "Actual Loops": 5,
                            "Output": [
                                "PARTIAL min(k.keyword)",
                                "PARTIAL min(n.name)",
                                "PARTIAL min(t.title)"
                            ],
                            "Workers": [
                                {
                                    "Worker Number": 0,
                                    "Actual Startup Time": 3021.399,
                                    "Actual Total Time": 3021.412,
                                    "Actual Rows": 1,
                                    "Actual Loops": 1
                                },
                                {
                                    "Worker Number": 1,
                                    "Actual Startup Time": 3021.614,
                                    "Actual Total Time": 3021.627,
                                    "Actual Rows": 1,
                                    "Actual Loops": 1
                                },
                                {
                                    "Worker Number": 2,
                                    "Actual Startup Time": 3021.403,
                                    "Actual Total Time": 3021.415,
                                    "Actual Rows": 1,
                                    "Actual Loops": 1
                                },
                                {
                                    "Worker Number": 3,
                                    "Actual Startup Time": 3022.724,
                                    "Actual Total Time": 3022.735,
                                    "Actual Rows": 1,
                                    "Actual Loops": 1
                                }
                            ],
                            "Plans": [
                                {
                                    "Node Type": "Hash Join",
                                    "Parent Relationship": "Outer",
                                    "Parallel Aware": true,
                                    "Join Type": "Inner",
                                    "Startup Cost": 428355.43,
                                    "Total Cost": 499598.99,
                                    "Plan Rows": 1293,
                                    "Plan Width": 48,
                                    "Actual Startup Time": 2671.91,
                                    "Actual Total Time": 3008.36,
                                    "Actual Rows": 115275,
                                    "Actual Loops": 5,
                                    "Output": [
                                        "k.keyword",
                                        "n.name",
                                        "t.title"
                                    ],
                                    "Inner Unique": false,
                                    "Hash Cond": "(n.id = ci.person_id)",
                                    "Workers": [
                                        {
                                            "Worker Number": 0,
                                            "Actual Startup Time": 2669.06,
                                            "Actual Total Time": 3007.095,
                                            "Actual Rows": 126281,
                                            "Actual Loops": 1
                                        },
                                        {
                                            "Worker Number": 1,
                                            "Actual Startup Time": 2669.384,
                                            "Actual Total Time": 3003.492,
                                            "Actual Rows": 93209,
                                            "Actual Loops": 1
                                        },
                                        {
                                            "Worker Number": 2,
                                            "Actual Startup Time": 2669.144,
                                            "Actual Total Time": 3006.778,
                                            "Actual Rows": 127400,
                                            "Actual Loops": 1
                                        },
                                        {
                                            "Worker Number": 3,
                                            "Actual Startup Time": 2670.452,
                                            "Actual Total Time": 3006.911,
                                            "Actual Rows": 135826,
                                            "Actual Loops": 1
                                        }
                                    ],
                                    "Plans": [
                                        {
                                            "Node Type": "Seq Scan",
                                            "Parent Relationship": "Outer",
                                            "Parallel Aware": true,
                                            "Relation Name": "name",
                                            "Schema": "public",
                                            "Alias": "n",
                                            "Startup Cost": 0.0,
                                            "Total Cost": 66031.94,
                                            "Plan Rows": 1041894,
                                            "Plan Width": 19,
                                            "Actual Startup Time": 0.031,
                                            "Actual Total Time": 121.903,
                                            "Actual Rows": 833498,
                                            "Actual Loops": 5,
                                            "Output": [
                                                "n.id",
                                                "n.name",
                                                "n.imdb_index",
                                                "n.imdb_id",
                                                "n.gender",
                                                "n.name_pcode_cf",
                                                "n.name_pcode_nf",
                                                "n.surname_pcode",
                                                "n.md5sum"
                                            ],
                                            "Workers": [
                                                {
                                                    "Worker Number": 0,
                                                    "Actual Startup Time": 0.031,
                                                    "Actual Total Time": 118.744,
                                                    "Actual Rows": 918319,
                                                    "Actual Loops": 1
                                                },
                                                {
                                                    "Worker Number": 1,
                                                    "Actual Startup Time": 0.03,
                                                    "Actual Total Time": 127.686,
                                                    "Actual Rows": 687747,
                                                    "Actual Loops": 1
                                                },
                                                {
                                                    "Worker Number": 2,
                                                    "Actual Startup Time": 0.031,
                                                    "Actual Total Time": 118.358,
                                                    "Actual Rows": 907668,
                                                    "Actual Loops": 1
                                                },
                                                {
                                                    "Worker Number": 3,
                                                    "Actual Startup Time": 0.035,
                                                    "Actual Total Time": 117.575,
                                                    "Actual Rows": 969003,
                                                    "Actual Loops": 1
                                                }
                                            ]
                                        },
                                        {
                                            "Node Type": "Hash",
                                            "Parent Relationship": "Inner",
                                            "Parallel Aware": true,
                                            "Startup Cost": 428344.66,
                                            "Total Cost": 428344.66,
                                            "Plan Rows": 862,
                                            "Plan Width": 37,
                                            "Actual Startup Time": 2670.452,
                                            "Actual Total Time": 2670.463,
                                            "Actual Rows": 115275,
                                            "Actual Loops": 5,
                                            "Output": [
                                                "ci.person_id",
                                                "k.keyword",
                                                "t.title"
                                            ],
                                            "Hash Buckets": 1048576,
                                            "Original Hash Buckets": 8192,
                                            "Hash Batches": 1,
                                            "Original Hash Batches": 1,
                                            "Peak Memory Usage": 57024,
                                            "Workers": [
                                                {
                                                    "Worker Number": 0,
                                                    "Actual Startup Time": 2668.362,
                                                    "Actual Total Time": 2668.374,
                                                    "Actual Rows": 129378,
                                                    "Actual Loops": 1
                                                },
                                                {
                                                    "Worker Number": 1,
                                                    "Actual Startup Time": 2668.495,
                                                    "Actual Total Time": 2668.505,
                                                    "Actual Rows": 107745,
                                                    "Actual Loops": 1
                                                },
                                                {
                                                    "Worker Number": 2,
                                                    "Actual Startup Time": 2668.253,
                                                    "Actual Total Time": 2668.263,
                                                    "Actual Rows": 121349,
                                                    "Actual Loops": 1
                                                },
                                                {
                                                    "Worker Number": 3,
                                                    "Actual Startup Time": 2669.483,
                                                    "Actual Total Time": 2669.493,
                                                    "Actual Rows": 111876,
                                                    "Actual Loops": 1
                                                }
                                            ],
                                            "Plans": [
                                                {
                                                    "Node Type": "Hash Join",
                                                    "Parent Relationship": "Outer",
                                                    "Parallel Aware": true,
                                                    "Join Type": "Inner",
                                                    "Startup Cost": 92579.95,
                                                    "Total Cost": 428344.66,
                                                    "Plan Rows": 862,
                                                    "Plan Width": 37,
                                                    "Actual Startup Time": 484.898,
                                                    "Actual Total Time": 2531.775,
                                                    "Actual Rows": 115275,
                                                    "Actual Loops": 5,
                                                    "Output": [
                                                        "ci.person_id",
                                                        "k.keyword",
                                                        "t.title"
                                                    ],
                                                    "Inner Unique": false,
                                                    "Hash Cond": "(ci.movie_id = t.id)",
                                                    "Workers": [
                                                        {
                                                            "Worker Number": 0,
                                                            "Actual Startup Time": 482.72,
                                                            "Actual Total Time": 2535.288,
                                                            "Actual Rows": 129378,
                                                            "Actual Loops": 1
                                                        },
                                                        {
                                                            "Worker Number": 1,
                                                            "Actual Startup Time": 482.95,
                                                            "Actual Total Time": 2532.544,
                                                            "Actual Rows": 107745,
                                                            "Actual Loops": 1
                                                        },
                                                        {
                                                            "Worker Number": 2,
                                                            "Actual Startup Time": 482.644,
                                                            "Actual Total Time": 2528.263,
                                                            "Actual Rows": 121349,
                                                            "Actual Loops": 1
                                                        },
                                                        {
                                                            "Worker Number": 3,
                                                            "Actual Startup Time": 484.115,
                                                            "Actual Total Time": 2531.845,
                                                            "Actual Rows": 111876,
                                                            "Actual Loops": 1
                                                        }
                                                    ],
                                                    "Plans": [
                                                        {
                                                            "Node Type": "Seq Scan",
                                                            "Parent Relationship": "Outer",
                                                            "Parallel Aware": true,
                                                            "Relation Name": "cast_info",
                                                            "Schema": "public",
                                                            "Alias": "ci",
                                                            "Startup Cost": 0.0,
                                                            "Total Cost": 313106.51,
                                                            "Plan Rows": 6041951,
                                                            "Plan Width": 8,
                                                            "Actual Startup Time": 0.015,
                                                            "Actual Total Time": 918.661,
                                                            "Actual Rows": 7248869,
                                                            "Actual Loops": 5,
                                                            "Output": [
                                                                "ci.id",
                                                                "ci.person_id",
                                                                "ci.movie_id",
                                                                "ci.person_role_id",
                                                                "ci.note",
                                                                "ci.nr_order",
                                                                "ci.role_id"
                                                            ],
                                                            "Workers": [
                                                                {
                                                                    "Worker Number": 0,
                                                                    "Actual Startup Time": 0.009,
                                                                    "Actual Total Time": 920.721,
                                                                    "Actual Rows": 8131209,
                                                                    "Actual Loops": 1
                                                                },
                                                                {
                                                                    "Worker Number": 1,
                                                                    "Actual Startup Time": 0.019,
                                                                    "Actual Total Time": 914.643,
                                                                    "Actual Rows": 6886666,
                                                                    "Actual Loops": 1
                                                                },
                                                                {
                                                                    "Worker Number": 2,
                                                                    "Actual Startup Time": 0.011,
                                                                    "Actual Total Time": 915.218,
                                                                    "Actual Rows": 7321705,
                                                                    "Actual Loops": 1
                                                                },
                                                                {
                                                                    "Worker Number": 3,
                                                                    "Actual Startup Time": 0.014,
                                                                    "Actual Total Time": 913.695,
                                                                    "Actual Rows": 7072299,
                                                                    "Actual Loops": 1
                                                                }
                                                            ]
                                                        },
                                                        {
                                                            "Node Type": "Hash",
                                                            "Parent Relationship": "Inner",
                                                            "Parallel Aware": true,
                                                            "Startup Cost": 92579.48,
                                                            "Total Cost": 92579.48,
                                                            "Plan Rows": 37,
                                                            "Plan Width": 41,
                                                            "Actual Startup Time": 484.647,
                                                            "Actual Total Time": 484.655,
                                                            "Actual Rows": 2649,
                                                            "Actual Loops": 5,
                                                            "Output": [
                                                                "k.keyword",
                                                                "mk.movie_id",
                                                                "t.title",
                                                                "t.id"
                                                            ],
                                                            "Hash Buckets": 16384,
                                                            "Original Hash Buckets": 1024,
                                                            "Hash Batches": 1,
                                                            "Original Hash Batches": 1,
                                                            "Peak Memory Usage": 1336,
                                                            "Workers": [
                                                                {
                                                                    "Worker Number": 0,
                                                                    "Actual Startup Time": 482.455,
                                                                    "Actual Total Time": 482.464,
                                                                    "Actual Rows": 2316,
                                                                    "Actual Loops": 1
                                                                },
                                                                {
                                                                    "Worker Number": 1,
                                                                    "Actual Startup Time": 482.726,
                                                                    "Actual Total Time": 482.733,
                                                                    "Actual Rows": 2757,
                                                                    "Actual Loops": 1
                                                                },
                                                                {
                                                                    "Worker Number": 2,
                                                                    "Actual Startup Time": 482.442,
                                                                    "Actual Total Time": 482.449,
                                                                    "Actual Rows": 2752,
                                                                    "Actual Loops": 1
                                                                },
                                                                {
                                                                    "Worker Number": 3,
                                                                    "Actual Startup Time": 483.722,
                                                                    "Actual Total Time": 483.73,
                                                                    "Actual Rows": 3146,
                                                                    "Actual Loops": 1
                                                                }
                                                            ],
                                                            "Plans": [
                                                                {
                                                                    "Node Type": "Hash Join",
                                                                    "Parent Relationship": "Outer",
                                                                    "Parallel Aware": true,
                                                                    "Join Type": "Inner",
                                                                    "Startup Cost": 46511.78,
                                                                    "Total Cost": 92579.48,
                                                                    "Plan Rows": 37,
                                                                    "Plan Width": 41,
                                                                    "Actual Startup Time": 303.923,
                                                                    "Actual Total Time": 466.414,
                                                                    "Actual Rows": 2649,
                                                                    "Actual Loops": 5,
                                                                    "Output": [
                                                                        "k.keyword",
                                                                        "mk.movie_id",
                                                                        "t.title",
                                                                        "t.id"
                                                                    ],
                                                                    "Inner Unique": false,
                                                                    "Hash Cond": "(t.id = mk.movie_id)",
                                                                    "Workers": [
                                                                        {
                                                                            "Worker Number": 0,
                                                                            "Actual Startup Time": 300.939,
                                                                            "Actual Total Time": 459.856,
                                                                            "Actual Rows": 2316,
                                                                            "Actual Loops": 1
                                                                        },
                                                                        {
                                                                            "Worker Number": 1,
                                                                            "Actual Startup Time": 302.297,
                                                                            "Actual Total Time": 468.64,
                                                                            "Actual Rows": 2757,
                                                                            "Actual Loops": 1
                                                                        },
                                                                        {
                                                                            "Worker Number": 2,
                                                                            "Actual Startup Time": 301.568,
                                                                            "Actual Total Time": 464.896,
                                                                            "Actual Rows": 2752,
                                                                            "Actual Loops": 1
                                                                        },
                                                                        {
                                                                            "Worker Number": 3,
                                                                            "Actual Startup Time": 306.089,
                                                                            "Actual Total Time": 470.009,
                                                                            "Actual Rows": 3146,
                                                                            "Actual Loops": 1
                                                                        }
                                                                    ],
                                                                    "Plans": [
                                                                        {
                                                                            "Node Type": "Seq Scan",
                                                                            "Parent Relationship": "Outer",
                                                                            "Parallel Aware": true,
                                                                            "Relation Name": "title",
                                                                            "Schema": "public",
                                                                            "Alias": "t",
                                                                            "Startup Cost": 0.0,
                                                                            "Total Cost": 43899.32,
                                                                            "Plan Rows": 346922,
                                                                            "Plan Width": 21,
                                                                            "Actual Startup Time": 0.034,
                                                                            "Actual Total Time": 116.201,
                                                                            "Actual Rows": 276291,
                                                                            "Actual Loops": 5,
                                                                            "Output": [
                                                                                "t.id",
                                                                                "t.title",
                                                                                "t.imdb_index",
                                                                                "t.kind_id",
                                                                                "t.production_year",
                                                                                "t.imdb_id",
                                                                                "t.phonetic_code",
                                                                                "t.episode_of_id",
                                                                                "t.season_nr",
                                                                                "t.episode_nr",
                                                                                "t.series_years",
                                                                                "t.md5sum"
                                                                            ],
                                                                            "Filter": "(t.production_year > 2000)",
                                                                            "Rows Removed by Filter": 229372,
                                                                            "Workers": [
                                                                                {
                                                                                    "Worker Number": 0,
                                                                                    "Actual Startup Time": 0.039,
                                                                                    "Actual Total Time": 113.611,
                                                                                    "Actual Rows": 267600,
                                                                                    "Actual Loops": 1
                                                                                },
                                                                                {
                                                                                    "Worker Number": 1,
                                                                                    "Actual Startup Time": 0.036,
                                                                                    "Actual Total Time": 119.119,
                                                                                    "Actual Rows": 283235,
                                                                                    "Actual Loops": 1
                                                                                },
                                                                                {
                                                                                    "Worker Number": 2,
                                                                                    "Actual Startup Time": 0.036,
                                                                                    "Actual Total Time": 117.17,
                                                                                    "Actual Rows": 277076,
                                                                                    "Actual Loops": 1
                                                                                },
                                                                                {
                                                                                    "Worker Number": 3,
                                                                                    "Actual Startup Time": 0.038,
                                                                                    "Actual Total Time": 118.85,
                                                                                    "Actual Rows": 287673,
                                                                                    "Actual Loops": 1
                                                                                }
                                                                            ]
                                                                        },
                                                                        {
                                                                            "Node Type": "Hash",
                                                                            "Parent Relationship": "Inner",
                                                                            "Parallel Aware": true,
                                                                            "Startup Cost": 46510.69,
                                                                            "Total Cost": 46510.69,
                                                                            "Plan Rows": 87,
                                                                            "Plan Width": 20,
                                                                            "Actual Startup Time": 301.404,
                                                                            "Actual Total Time": 301.408,
                                                                            "Actual Rows": 7035,
                                                                            "Actual Loops": 5,
                                                                            "Output": [
                                                                                "k.keyword",
                                                                                "mk.movie_id"
                                                                            ],
                                                                            "Hash Buckets": 65536,
                                                                            "Original Hash Buckets": 1024,
                                                                            "Hash Batches": 1,
                                                                            "Original Hash Batches": 1,
                                                                            "Peak Memory Usage": 2968,
                                                                            "Workers": [
                                                                                {
                                                                                    "Worker Number": 0,
                                                                                    "Actual Startup Time": 299.279,
                                                                                    "Actual Total Time": 299.284,
                                                                                    "Actual Rows": 8381,
                                                                                    "Actual Loops": 1
                                                                                },
                                                                                {
                                                                                    "Worker Number": 1,
                                                                                    "Actual Startup Time": 299.478,
                                                                                    "Actual Total Time": 299.482,
                                                                                    "Actual Rows": 7382,
                                                                                    "Actual Loops": 1
                                                                                },
                                                                                {
                                                                                    "Worker Number": 2,
                                                                                    "Actual Startup Time": 299.203,
                                                                                    "Actual Total Time": 299.207,
                                                                                    "Actual Rows": 6161,
                                                                                    "Actual Loops": 1
                                                                                },
                                                                                {
                                                                                    "Worker Number": 3,
                                                                                    "Actual Startup Time": 300.546,
                                                                                    "Actual Total Time": 300.551,
                                                                                    "Actual Rows": 7718,
                                                                                    "Actual Loops": 1
                                                                                }
                                                                            ],
                                                                            "Plans": [
                                                                                {
                                                                                    "Node Type": "Hash Join",
                                                                                    "Parent Relationship": "Outer",
                                                                                    "Parallel Aware": false,
                                                                                    "Join Type": "Inner",
                                                                                    "Startup Cost": 3632.5,
                                                                                    "Total Cost": 46510.69,
                                                                                    "Plan Rows": 87,
                                                                                    "Plan Width": 20,
                                                                                    "Actual Startup Time": 44.38,
                                                                                    "Actual Total Time": 249.256,
                                                                                    "Actual Rows": 7035,
                                                                                    "Actual Loops": 5,
                                                                                    "Output": [
                                                                                        "k.keyword",
                                                                                        "mk.movie_id"
                                                                                    ],
                                                                                    "Inner Unique": true,
                                                                                    "Hash Cond": "(mk.keyword_id = k.id)",
                                                                                    "Workers": [
                                                                                        {
                                                                                            "Worker Number": 0,
                                                                                            "Actual Startup Time": 43.407,
                                                                                            "Actual Total Time": 267.769,
                                                                                            "Actual Rows": 8381,
                                                                                            "Actual Loops": 1
                                                                                        },
                                                                                        {
                                                                                            "Worker Number": 1,
                                                                                            "Actual Startup Time": 43.228,
                                                                                            "Actual Total Time": 252.512,
                                                                                            "Actual Rows": 7382,
                                                                                            "Actual Loops": 1
                                                                                        },
                                                                                        {
                                                                                            "Worker Number": 2,
                                                                                            "Actual Startup Time": 42.918,
                                                                                            "Actual Total Time": 229.339,
                                                                                            "Actual Rows": 6161,
                                                                                            "Actual Loops": 1
                                                                                        },
                                                                                        {
                                                                                            "Worker Number": 3,
                                                                                            "Actual Startup Time": 42.7,
                                                                                            "Actual Total Time": 259.949,
                                                                                            "Actual Rows": 7718,
                                                                                            "Actual Loops": 1
                                                                                        }
                                                                                    ],
                                                                                    "Plans": [
                                                                                        {
                                                                                            "Node Type": "Seq Scan",
                                                                                            "Parent Relationship": "Outer",
                                                                                            "Parallel Aware": true,
                                                                                            "Relation Name": "movie_keyword",
                                                                                            "Schema": "public",
                                                                                            "Alias": "mk",
                                                                                            "Startup Cost": 0.0,
                                                                                            "Total Cost": 39047.32,
                                                                                            "Plan Rows": 1459332,
                                                                                            "Plan Width": 8,
                                                                                            "Actual Startup Time": 0.063,
                                                                                            "Actual Total Time": 112.372,
                                                                                            "Actual Rows": 904786,
                                                                                            "Actual Loops": 5,
                                                                                            "Output": [
                                                                                                "mk.id",
                                                                                                "mk.movie_id",
                                                                                                "mk.keyword_id"
                                                                                            ],
                                                                                            "Workers": [
                                                                                                {
                                                                                                    "Worker Number": 0,
                                                                                                    "Actual Startup Time": 0.095,
                                                                                                    "Actual Total Time": 122.706,
                                                                                                    "Actual Rows": 1033350,
                                                                                                    "Actual Loops": 1
                                                                                                },
                                                                                                {
                                                                                                    "Worker Number": 1,
                                                                                                    "Actual Startup Time": 0.056,
                                                                                                    "Actual Total Time": 114.403,
                                                                                                    "Actual Rows": 944980,
                                                                                                    "Actual Loops": 1
                                                                                                },
                                                                                                {
                                                                                                    "Worker Number": 2,
                                                                                                    "Actual Startup Time": 0.061,
                                                                                                    "Actual Total Time": 102.699,
                                                                                                    "Actual Rows": 800865,
                                                                                                    "Actual Loops": 1
                                                                                                },
                                                                                                {
                                                                                                    "Worker Number": 3,
                                                                                                    "Actual Startup Time": 0.085,
                                                                                                    "Actual Total Time": 119.037,
                                                                                                    "Actual Rows": 975505,
                                                                                                    "Actual Loops": 1
                                                                                                }
                                                                                            ]
                                                                                        },
                                                                                        {
                                                                                            "Node Type": "Hash",
                                                                                            "Parent Relationship": "Inner",
                                                                                            "Parallel Aware": false,
                                                                                            "Startup Cost": 3632.4,
                                                                                            "Total Cost": 3632.4,
                                                                                            "Plan Rows": 8,
                                                                                            "Plan Width": 20,
                                                                                            "Actual Startup Time": 44.087,
                                                                                            "Actual Total Time": 44.088,
                                                                                            "Actual Rows": 6,
                                                                                            "Actual Loops": 5,
                                                                                            "Output": [
                                                                                                "k.keyword",
                                                                                                "k.id"
                                                                                            ],
                                                                                            "Hash Buckets": 1024,
                                                                                            "Original Hash Buckets": 1024,
                                                                                            "Hash Batches": 1,
                                                                                            "Original Hash Batches": 1,
                                                                                            "Peak Memory Usage": 9,
                                                                                            "Workers": [
                                                                                                {
                                                                                                    "Worker Number": 0,
                                                                                                    "Actual Startup Time": 42.758,
                                                                                                    "Actual Total Time": 42.759,
                                                                                                    "Actual Rows": 6,
                                                                                                    "Actual Loops": 1
                                                                                                },
                                                                                                {
                                                                                                    "Worker Number": 1,
                                                                                                    "Actual Startup Time": 43.097,
                                                                                                    "Actual Total Time": 43.098,
                                                                                                    "Actual Rows": 6,
                                                                                                    "Actual Loops": 1
                                                                                                },
                                                                                                {
                                                                                                    "Worker Number": 2,
                                                                                                    "Actual Startup Time": 42.8,
                                                                                                    "Actual Total Time": 42.801,
                                                                                                    "Actual Rows": 6,
                                                                                                    "Actual Loops": 1
                                                                                                },
                                                                                                {
                                                                                                    "Worker Number": 3,
                                                                                                    "Actual Startup Time": 42.446,
                                                                                                    "Actual Total Time": 42.448,
                                                                                                    "Actual Rows": 6,
                                                                                                    "Actual Loops": 1
                                                                                                }
                                                                                            ],
                                                                                            "Plans": [
                                                                                                {
                                                                                                    "Node Type": "Seq Scan",
                                                                                                    "Parent Relationship": "Outer",
                                                                                                    "Parallel Aware": false,
                                                                                                    "Relation Name": "keyword",
                                                                                                    "Schema": "public",
                                                                                                    "Alias": "k",
                                                                                                    "Startup Cost": 0.0,
                                                                                                    "Total Cost": 3632.4,
                                                                                                    "Plan Rows": 8,
                                                                                                    "Plan Width": 20,
                                                                                                    "Actual Startup Time": 0.699,
                                                                                                    "Actual Total Time": 44.055,
                                                                                                    "Actual Rows": 6,
                                                                                                    "Actual Loops": 5,
                                                                                                    "Output": [
                                                                                                        "k.keyword",
                                                                                                        "k.id"
                                                                                                    ],
                                                                                                    "Filter": "(k.keyword = ANY ('{sequel,murder-in-title,second-part,hand-to-hand-combat,marvel-cinematic-universe,female-nudity,claw,second-part}'::text[]))",
                                                                                                    "Rows Removed by Filter": 134164,
                                                                                                    "Workers": [
                                                                                                        {
                                                                                                            "Worker Number": 0,
                                                                                                            "Actual Startup Time": 0.597,
                                                                                                            "Actual Total Time": 42.732,
                                                                                                            "Actual Rows": 6,
                                                                                                            "Actual Loops": 1
                                                                                                        },
                                                                                                        {
                                                                                                            "Worker Number": 1,
                                                                                                            "Actual Startup Time": 0.671,
                                                                                                            "Actual Total Time": 43.066,
                                                                                                            "Actual Rows": 6,
                                                                                                            "Actual Loops": 1
                                                                                                        },
                                                                                                        {
                                                                                                            "Worker Number": 2,
                                                                                                            "Actual Startup Time": 0.612,
                                                                                                            "Actual Total Time": 42.773,
                                                                                                            "Actual Rows": 6,
                                                                                                            "Actual Loops": 1
                                                                                                        },
                                                                                                        {
                                                                                                            "Worker Number": 3,
                                                                                                            "Actual Startup Time": 0.803,
                                                                                                            "Actual Total Time": 42.413,
                                                                                                            "Actual Rows": 6,
                                                                                                            "Actual Loops": 1
                                                                                                        }
                                                                                                    ]
                                                                                                }
                                                                                            ]
                                                                                        }
                                                                                    ]
                                                                                }
                                                                            ]
                                                                        }
                                                                    ]
                                                                }
                                                            ]
                                                        }
                                                    ]
                                                }
                                            ]
                                        }
                                    ]
                                }
                            ]
                        }
                    ]
                }
            ]
        },
        "Planning Time": 1844.241,
        "Triggers": [],
        "Execution Time": 3179.142
    }
]