[
  {
    "Plan": {
      "Node Type": "Aggregate",
      "Strategy": "Plain",
      "Partial Mode": "Finalize",
      "Parallel Aware": false,
      "Startup Cost": 60597.38,
      "Total Cost": 60597.39,
      "Plan Rows": 1,
      "Plan Width": 8,
      "Actual Startup Time": 236.353,
      "Actual Total Time": 252.433,
      "Actual Rows": 1,
      "Actual Loops": 1,
      "Plans": [
        {
          "Node Type": "Gather",
          "Parent Relationship": "Outer",
          "Parallel Aware": false,
          "Startup Cost": 60597.16,
          "Total Cost": 60597.37,
          "Plan Rows": 2,
          "Plan Width": 8,
          "Actual Startup Time": 235.185,
          "Actual Total Time": 252.421,
          "Actual Rows": 3,
          "Actual Loops": 1,
          "Workers Planned": 2,
          "Workers Launched": 2,
          "Single Copy": false,
          "Plans": [
            {
              "Node Type": "Aggregate",
              "Strategy": "Plain",
              "Partial Mode": "Partial",
              "Parent Relationship": "Outer",
              "Parallel Aware": false,
              "Startup Cost": 59597.16,
              "Total Cost": 59597.17,
              "Plan Rows": 1,
              "Plan Width": 8,
              "Actual Startup Time": 230.814,
              "Actual Total Time": 230.818,
              "Actual Rows": 1,
              "Actual Loops": 3,
              "Plans": [
                {
                  "Node Type": "Hash Join",
                  "Parent Relationship": "Outer",
                  "Parallel Aware": true,
                  "Join Type": "Inner",
                  "Startup Cost": 44325.13,
                  "Total Cost": 59519.69,
                  "Plan Rows": 30988,
                  "Plan Width": 0,
                  "Actual Startup Time": 148.049,
                  "Actual Total Time": 229.736,
                  "Actual Rows": 20268,
                  "Actual Loops": 3,
                  "Inner Unique": true,
                  "Hash Cond": "(mi_idx.movie_id = t.id)",
                  "Plans": [
                    {
                      "Node Type": "Seq Scan",
                      "Parent Relationship": "Outer",
                      "Parallel Aware": true,
                      "Relation Name": "movie_info_idx",
                      "Alias": "mi_idx",
                      "Startup Cost": 0.0,
                      "Total Cost": 13685.15,
                      "Plan Rows": 575015,
                      "Plan Width": 4,
                      "Actual Startup Time": 0.01,
                      "Actual Total Time": 42.293,
                      "Actual Rows": 460012,
                      "Actual Loops": 3
                    },
                    {
                      "Node Type": "Hash",
                      "Parent Relationship": "Inner",
                      "Parallel Aware": true,
                      "Startup Cost": 43899.32,
                      "Total Cost": 43899.32,
                      "Plan Rows": 34065,
                      "Plan Width": 4,
                      "Actual Startup Time": 132.115,
                      "Actual Total Time": 132.116,
                      "Actual Rows": 48513,
                      "Actual Loops": 3,
                      "Hash Buckets": 262144,
                      "Original Hash Buckets": 262144,
                      "Hash Batches": 1,
                      "Original Hash Batches": 1,
                      "Peak Memory Usage": 7776,
                      "Plans": [
                        {
                          "Node Type": "Seq Scan",
                          "Parent Relationship": "Outer",
                          "Parallel Aware": true,
                          "Relation Name": "title",
                          "Alias": "t",
                          "Startup Cost": 0.0,
                          "Total Cost": 43899.32,
                          "Plan Rows": 34065,
                          "Plan Width": 4,
                          "Actual Startup Time": 7.31,
                          "Actual Total Time": 116.095,
                          "Actual Rows": 48513,
                          "Actual Loops": 3,
                          "Filter": "(production_year < 1942)",
                          "Rows Removed by Filter": 794258
                        }
                      ]
                    }
                  ]
                }
              ]
            }
          ]
        }
      ]
    },
    "Planning Time": 0.495,
    "Triggers": [],
    "Execution Time": 252.497
  }
]