[
  {
    "Plan": {
      "Node Type": "Aggregate",
      "Strategy": "Plain",
      "Partial Mode": "Finalize",
      "Parallel Aware": false,
      "Startup Cost": 60621.93,
      "Total Cost": 60621.94,
      "Plan Rows": 1,
      "Plan Width": 8,
      "Actual Startup Time": 232.953,
      "Actual Total Time": 247.0,
      "Actual Rows": 1,
      "Actual Loops": 1,
      "Plans": [
        {
          "Node Type": "Gather",
          "Parent Relationship": "Outer",
          "Parallel Aware": false,
          "Startup Cost": 60621.72,
          "Total Cost": 60621.93,
          "Plan Rows": 2,
          "Plan Width": 8,
          "Actual Startup Time": 232.186,
          "Actual Total Time": 246.991,
          "Actual Rows": 3,
          "Actual Loops": 1,
          "Workers Planned": 2,
          "Workers Launched": 2,
          "Single Copy": false,
          "Plans": [
            {
              "Node Type": "Aggregate",
              "Strategy": "Plain",
              "Partial Mode": "Partial",
              "Parent Relationship": "Outer",
              "Parallel Aware": false,
              "Startup Cost": 59621.72,
              "Total Cost": 59621.73,
              "Plan Rows": 1,
              "Plan Width": 8,
              "Actual Startup Time": 224.448,
              "Actual Total Time": 224.451,
              "Actual Rows": 1,
              "Actual Loops": 3,
              "Plans": [
                {
                  "Node Type": "Hash Join",
                  "Parent Relationship": "Outer",
                  "Parallel Aware": true,
                  "Join Type": "Inner",
                  "Startup Cost": 44345.84,
                  "Total Cost": 59540.4,
                  "Plan Rows": 32527,
                  "Plan Width": 0,
                  "Actual Startup Time": 146.607,
                  "Actual Total Time": 223.437,
                  "Actual Rows": 20268,
                  "Actual Loops": 3,
                  "Inner Unique": true,
                  "Hash Cond": "(mi_idx.movie_id = t.id)",
                  "Plans": [
                    {
                      "Node Type": "Seq Scan",
                      "Parent Relationship": "Outer",
                      "Parallel Aware": true,
                      "Relation Name": "movie_info_idx",
                      "Alias": "mi_idx",
                      "Startup Cost": 0.0,
                      "Total Cost": 13685.15,
                      "Plan Rows": 575015,
                      "Plan Width": 4,
                      "Actual Startup Time": 0.026,
                      "Actual Total Time": 39.406,
                      "Actual Rows": 460012,
                      "Actual Loops": 3
                    },
                    {
                      "Node Type": "Hash",
                      "Parent Relationship": "Inner",
                      "Parallel Aware": true,
                      "Startup Cost": 43898.92,
                      "Total Cost": 43898.92,
                      "Plan Rows": 35754,
                      "Plan Width": 4,
                      "Actual Startup Time": 130.844,
                      "Actual Total Time": 130.845,
                      "Actual Rows": 48513,
                      "Actual Loops": 3,
                      "Hash Buckets": 262144,
                      "Original Hash Buckets": 262144,
                      "Hash Batches": 1,
                      "Original Hash Batches": 1,
                      "Peak Memory Usage": 7808,
                      "Plans": [
                        {
                          "Node Type": "Seq Scan",
                          "Parent Relationship": "Outer",
                          "Parallel Aware": true,
                          "Relation Name": "title",
                          "Alias": "t",
                          "Startup Cost": 0.0,
                          "Total Cost": 43898.92,
                          "Plan Rows": 35754,
                          "Plan Width": 4,
                          "Actual Startup Time": 7.903,
                          "Actual Total Time": 116.384,
                          "Actual Rows": 48513,
                          "Actual Loops": 3,
                          "Filter": "(production_year < 1942)",
                          "Rows Removed by Filter": 794258
                        }
                      ]
                    }
                  ]
                }
              ]
            }
          ]
        }
      ]
    },
    "Planning Time": 0.534,
    "Triggers": [],
    "Execution Time": 247.066
  }
]