[
  {
    "Plan": {
      "Node Type": "Aggregate",
      "Strategy": "Plain",
      "Partial Mode": "Finalize",
      "Parallel Aware": false,
      "Startup Cost": 10319.74,
      "Total Cost": 10319.75,
      "Plan Rows": 1,
      "Plan Width": 8,
      "Actual Startup Time": 45.596,
      "Actual Total Time": 48.434,
      "Actual Rows": 1,
      "Actual Loops": 1,
      "Plans": [
        {
          "Node Type": "Gather",
          "Parent Relationship": "Outer",
          "Parallel Aware": false,
          "Startup Cost": 10319.43,
          "Total Cost": 10319.74,
          "Plan Rows": 3,
          "Plan Width": 8,
          "Actual Startup Time": 45.43,
          "Actual Total Time": 48.422,
          "Actual Rows": 4,
          "Actual Loops": 1,
          "Workers Planned": 3,
          "Workers Launched": 3,
          "Single Copy": false,
          "Plans": [
            {
              "Node Type": "Aggregate",
              "Strategy": "Plain",
              "Partial Mode": "Partial",
              "Parent Relationship": "Outer",
              "Parallel Aware": false,
              "Startup Cost": 9319.43,
              "Total Cost": 9319.44,
              "Plan Rows": 1,
              "Plan Width": 8,
              "Actual Startup Time": 36.749,
              "Actual Total Time": 36.751,
              "Actual Rows": 1,
              "Actual Loops": 4,
              "Plans": [
                {
                  "Node Type": "Index Scan",
                  "Parent Relationship": "Outer",
                  "Parallel Aware": true,
                  "Scan Direction": "Forward",
                  "Index Name": "role_id_cast_info",
                  "Relation Name": "cast_info",
                  "Alias": "ci",
                  "Startup Cost": 0.56,
                  "Total Cost": 9091.72,
                  "Plan Rows": 91081,
                  "Plan Width": 0,
                  "Actual Startup Time": 0.273,
                  "Actual Total Time": 29.87,
                  "Actual Rows": 75427,
                  "Actual Loops": 4,
                  "Index Cond": "(role_id > 10)",
                  "Rows Removed by Index Recheck": 0,
                  "Filter": "(person_id > 378294)",
                  "Rows Removed by Filter": 3602
                }
              ]
            }
          ]
        }
      ]
    },
    "Planning Time": 0.137,
    "Triggers": [],
    "Execution Time": 48.498
  }
]