[
  {
    "Plan": {
      "Node Type": "Aggregate",
      "Strategy": "Plain",
      "Partial Mode": "Finalize",
      "Parallel Aware": false,
      "Startup Cost": 46985.95,
      "Total Cost": 46985.96,
      "Plan Rows": 1,
      "Plan Width": 8,
      "Actual Startup Time": 103.894,
      "Actual Total Time": 116.711,
      "Actual Rows": 1,
      "Actual Loops": 1,
      "Plans": [
        {
          "Node Type": "Gather",
          "Parent Relationship": "Outer",
          "Parallel Aware": false,
          "Startup Cost": 46985.53,
          "Total Cost": 46985.94,
          "Plan Rows": 4,
          "Plan Width": 8,
          "Actual Startup Time": 103.651,
          "Actual Total Time": 116.704,
          "Actual Rows": 5,
          "Actual Loops": 1,
          "Workers Planned": 4,
          "Workers Launched": 4,
          "Single Copy": false,
          "Plans": [
            {
              "Node Type": "Aggregate",
              "Strategy": "Plain",
              "Partial Mode": "Partial",
              "Parent Relationship": "Outer",
              "Parallel Aware": false,
              "Startup Cost": 45985.53,
              "Total Cost": 45985.54,
              "Plan Rows": 1,
              "Plan Width": 8,
              "Actual Startup Time": 95.195,
              "Actual Total Time": 95.196,
              "Actual Rows": 1,
              "Actual Loops": 5,
              "Plans": [
                {
                  "Node Type": "Seq Scan",
                  "Parent Relationship": "Outer",
                  "Parallel Aware": true,
                  "Relation Name": "title",
                  "Alias": "t",
                  "Startup Cost": 0.0,
                  "Total Cost": 45479.1,
                  "Plan Rows": 202572,
                  "Plan Width": 0,
                  "Actual Startup Time": 0.046,
                  "Actual Total Time": 88.164,
                  "Actual Rows": 155982,
                  "Actual Loops": 5,
                  "Filter": "((kind_id < 4) AND (production_year > 1915))",
                  "Rows Removed by Filter": 349681
                }
              ]
            }
          ]
        }
      ]
    },
    "Planning Time": 0.182,
    "Triggers": [],
    "Execution Time": 116.771
  }
]