[
  {
    "Plan": {
      "Node Type": "Aggregate",
      "Strategy": "Plain",
      "Partial Mode": "Finalize",
      "Parallel Aware": false,
      "Startup Cost": 78900.66,
      "Total Cost": 78900.67,
      "Plan Rows": 1,
      "Plan Width": 8,
      "Actual Startup Time": 196.083,
      "Actual Total Time": 213.294,
      "Actual Rows": 1,
      "Actual Loops": 1,
      "Plans": [
        {
          "Node Type": "Gather",
          "Parent Relationship": "Outer",
          "Parallel Aware": false,
          "Startup Cost": 78900.34,
          "Total Cost": 78900.65,
          "Plan Rows": 3,
          "Plan Width": 8,
          "Actual Startup Time": 195.514,
          "Actual Total Time": 213.284,
          "Actual Rows": 4,
          "Actual Loops": 1,
          "Workers Planned": 3,
          "Workers Launched": 3,
          "Single Copy": false,
          "Plans": [
            {
              "Node Type": "Aggregate",
              "Strategy": "Plain",
              "Partial Mode": "Partial",
              "Parent Relationship": "Outer",
              "Parallel Aware": false,
              "Startup Cost": 77900.34,
              "Total Cost": 77900.35,
              "Plan Rows": 1,
              "Plan Width": 8,
              "Actual Startup Time": 187.051,
              "Actual Total Time": 187.054,
              "Actual Rows": 1,
              "Actual Loops": 4,
              "Plans": [
                {
                  "Node Type": "Hash Join",
                  "Parent Relationship": "Outer",
                  "Parallel Aware": true,
                  "Join Type": "Inner",
                  "Startup Cost": 45760.76,
                  "Total Cost": 77876.55,
                  "Plan Rows": 9519,
                  "Plan Width": 0,
                  "Actual Startup Time": 106.212,
                  "Actual Total Time": 186.706,
                  "Actual Rows": 6733,
                  "Actual Loops": 4,
                  "Inner Unique": true,
                  "Hash Cond": "(mc.movie_id = t.id)",
                  "Plans": [
                    {
                      "Node Type": "Seq Scan",
                      "Parent Relationship": "Outer",
                      "Parallel Aware": true,
                      "Relation Name": "movie_companies",
                      "Alias": "mc",
                      "Startup Cost": 0.0,
                      "Total Cost": 31414.82,
                      "Plan Rows": 267035,
                      "Plan Width": 4,
                      "Actual Startup Time": 1.276,
                      "Actual Total Time": 63.648,
                      "Actual Rows": 154199,
                      "Actual Loops": 4,
                      "Filter": "((company_id > 3278) AND (company_type_id < 2))",
                      "Rows Removed by Filter": 498083
                    },
                    {
                      "Node Type": "Hash",
                      "Parent Relationship": "Inner",
                      "Parallel Aware": true,
                      "Startup Cost": 45479.1,
                      "Total Cost": 45479.1,
                      "Plan Rows": 22533,
                      "Plan Width": 4,
                      "Actual Startup Time": 102.959,
                      "Actual Total Time": 102.96,
                      "Actual Rows": 20248,
                      "Actual Loops": 4,
                      "Hash Buckets": 131072,
                      "Original Hash Buckets": 131072,
                      "Hash Batches": 1,
                      "Original Hash Batches": 1,
                      "Peak Memory Usage": 4256,
                      "Plans": [
                        {
                          "Node Type": "Seq Scan",
                          "Parent Relationship": "Outer",
                          "Parallel Aware": true,
                          "Relation Name": "title",
                          "Alias": "t",
                          "Startup Cost": 0.0,
                          "Total Cost": 45479.1,
                          "Plan Rows": 22533,
                          "Plan Width": 4,
                          "Actual Startup Time": 0.075,
                          "Actual Total Time": 95.777,
                          "Actual Rows": 20248,
                          "Actual Loops": 4,
                          "Filter": "((kind_id < 7) AND (production_year > 2011))",
                          "Rows Removed by Filter": 611830
                        }
                      ]
                    }
                  ]
                }
              ]
            }
          ]
        }
      ]
    },
    "Planning Time": 0.681,
    "Triggers": [],
    "Execution Time": 213.368
  }
]