[
  {
    "Plan": {
      "Node Type": "Aggregate",
      "Strategy": "Plain",
      "Partial Mode": "Simple",
      "Parallel Aware": false,
      "Startup Cost": 16349.03,
      "Total Cost": 16349.04,
      "Plan Rows": 1,
      "Plan Width": 128,
      "Actual Startup Time": 907.264,
      "Actual Total Time": 907.273,
      "Actual Rows": 1,
      "Actual Loops": 1,
      "Plans": [
        {
          "Node Type": "Nested Loop",
          "Parent Relationship": "Outer",
          "Parallel Aware": false,
          "Join Type": "Inner",
          "Startup Cost": 13.98,
          "Total Cost": 16349.02,
          "Plan Rows": 1,
          "Plan Width": 54,
          "Actual Startup Time": 22.97,
          "Actual Total Time": 906.742,
          "Actual Rows": 1045,
          "Actual Loops": 1,
          "Inner Unique": true,
          "Join Filter": "(t.kind_id = kt.id)",
          "Rows Removed by Join Filter": 124,
          "Plans": [
            {
              "Node Type": "Nested Loop",
              "Parent Relationship": "Outer",
              "Parallel Aware": false,
              "Join Type": "Inner",
              "Startup Cost": 13.98,
              "Total Cost": 16347.92,
              "Plan Rows": 1,
              "Plan Width": 58,
              "Actual Startup Time": 22.957,
              "Actual Total Time": 903.362,
              "Actual Rows": 1169,
              "Actual Loops": 1,
              "Inner Unique": true,
              "Plans": [
                {
                  "Node Type": "Nested Loop",
                  "Parent Relationship": "Outer",
                  "Parallel Aware": false,
                  "Join Type": "Inner",
                  "Startup Cost": 13.53,
                  "Total Cost": 16343.46,
                  "Plan Rows": 1,
                  "Plan Width": 53,
                  "Actual Startup Time": 15.632,
                  "Actual Total Time": 884.862,
                  "Actual Rows": 2517,
                  "Actual Loops": 1,
                  "Inner Unique": true,
                  "Plans": [
                    {
                      "Node Type": "Nested Loop",
                      "Parent Relationship": "Outer",
                      "Parallel Aware": false,
                      "Join Type": "Inner",
                      "Startup Cost": 13.09,
                      "Total Cost": 16339.01,
                      "Plan Rows": 1,
                      "Plan Width": 42,
                      "Actual Startup Time": 15.554,
                      "Actual Total Time": 848.704,
                      "Actual Rows": 2517,
                      "Actual Loops": 1,
                      "Inner Unique": true,
                      "Plans": [
                        {
                          "Node Type": "Nested Loop",
                          "Parent Relationship": "Outer",
                          "Parallel Aware": false,
                          "Join Type": "Inner",
                          "Startup Cost": 12.65,
                          "Total Cost": 16334.55,
                          "Plan Rows": 1,
                          "Plan Width": 30,
                          "Actual Startup Time": 2.224,
                          "Actual Total Time": 495.958,
                          "Actual Rows": 67119,
                          "Actual Loops": 1,
                          "Inner Unique": false,
                          "Plans": [
                            {
                              "Node Type": "Nested Loop",
                              "Parent Relationship": "Outer",
                              "Parallel Aware": false,
                              "Join Type": "Inner",
                              "Startup Cost": 11.71,
                              "Total Cost": 16328.85,
                              "Plan Rows": 1,
                              "Plan Width": 18,
                              "Actual Startup Time": 2.13,
                              "Actual Total Time": 203.57,
                              "Actual Rows": 744,
                              "Actual Loops": 1,
                              "Inner Unique": true,
                              "Join Filter": "(cc.status_id = cct2.id)",
                              "Rows Removed by Join Filter": 386,
                              "Plans": [
                                {
                                  "Node Type": "Nested Loop",
                                  "Parent Relationship": "Outer",
                                  "Parallel Aware": false,
                                  "Join Type": "Inner",
                                  "Startup Cost": 11.71,
                                  "Total Cost": 16327.78,
                                  "Plan Rows": 1,
                                  "Plan Width": 22,
                                  "Actual Startup Time": 2.123,
                                  "Actual Total Time": 201.116,
                                  "Actual Rows": 744,
                                  "Actual Loops": 1,
                                  "Inner Unique": false,
                                  "Join Filter": "(cc.subject_id = cct1.id)",
                                  "Rows Removed by Join Filter": 432,
                                  "Plans": [
                                    {
                                      "Node Type": "Seq Scan",
                                      "Parent Relationship": "Outer",
                                      "Parallel Aware": false,
                                      "Relation Name": "comp_cast_type",
                                      "Alias": "cct1",
                                      "Startup Cost": 0.0,
                                      "Total Cost": 1.05,
                                      "Plan Rows": 1,
                                      "Plan Width": 4,
                                      "Actual Startup Time": 0.02,
                                      "Actual Total Time": 0.023,
                                      "Actual Rows": 1,
                                      "Actual Loops": 1,
                                      "Filter": "((kind)::text = 'cast'::text)",
                                      "Rows Removed by Filter": 3
                                    },
                                    {
                                      "Node Type": "Nested Loop",
                                      "Parent Relationship": "Inner",
                                      "Parallel Aware": false,
                                      "Join Type": "Inner",
                                      "Startup Cost": 11.71,
                                      "Total Cost": 16326.71,
                                      "Plan Rows": 2,
                                      "Plan Width": 26,
                                      "Actual Startup Time": 2.1,
                                      "Actual Total Time": 200.875,
                                      "Actual Rows": 1176,
                                      "Actual Loops": 1,
                                      "Inner Unique": false,
                                      "Plans": [
                                        {
                                          "Node Type": "Nested Loop",
                                          "Parent Relationship": "Outer",
                                          "Parallel Aware": false,
                                          "Join Type": "Inner",
                                          "Startup Cost": 11.28,
                                          "Total Cost": 16322.23,
                                          "Plan Rows": 1,
                                          "Plan Width": 14,
                                          "Actual Startup Time": 1.058,
                                          "Actual Total Time": 183.697,
                                          "Actual Rows": 2295,
                                          "Actual Loops": 1,
                                          "Inner Unique": false,
                                          "Join Filter": "(mi_idx.info_type_id = it2.id)",
                                          "Rows Removed by Join Filter": 1218,
                                          "Plans": [
                                            {
                                              "Node Type": "Seq Scan",
                                              "Parent Relationship": "Outer",
                                              "Parallel Aware": false,
                                              "Relation Name": "info_type",
                                              "Alias": "it2",
                                              "Startup Cost": 0.0,
                                              "Total Cost": 2.41,
                                              "Plan Rows": 1,
                                              "Plan Width": 4,
                                              "Actual Startup Time": 0.04,
                                              "Actual Total Time": 0.043,
                                              "Actual Rows": 1,
                                              "Actual Loops": 1,
                                              "Filter": "((info)::text = 'rating'::text)",
                                              "Rows Removed by Filter": 112
                                            },
                                            {
                                              "Node Type": "Nested Loop",
                                              "Parent Relationship": "Inner",
                                              "Parallel Aware": false,
                                              "Join Type": "Inner",
                                              "Startup Cost": 11.28,
                                              "Total Cost": 16318.03,
                                              "Plan Rows": 143,
                                              "Plan Width": 18,
                                              "Actual Startup Time": 1.017,
                                              "Actual Total Time": 183.11,
                                              "Actual Rows": 3513,
                                              "Actual Loops": 1,
                                              "Inner Unique": false,
                                              "Plans": [
                                                {
                                                  "Node Type": "Nested Loop",
                                                  "Parent Relationship": "Outer",
                                                  "Parallel Aware": false,
                                                  "Join Type": "Inner",
                                                  "Startup Cost": 10.82,
                                                  "Total Cost": 14797.9,
                                                  "Plan Rows": 337,
                                                  "Plan Width": 4,
                                                  "Actual Startup Time": 0.71,
                                                  "Actual Total Time": 78.921,
                                                  "Actual Rows": 11743,
                                                  "Actual Loops": 1,
                                                  "Inner Unique": false,
                                                  "Plans": [
                                                    {
                                                      "Node Type": "Seq Scan",
                                                      "Parent Relationship": "Outer",
                                                      "Parallel Aware": false,
                                                      "Relation Name": "keyword",
                                                      "Alias": "k",
                                                      "Startup Cost": 0.0,
                                                      "Total Cost": 3967.82,
                                                      "Plan Rows": 10,
                                                      "Plan Width": 4,
                                                      "Actual Startup Time": 0.159,
                                                      "Actual Total Time": 26.027,
                                                      "Actual Rows": 6,
                                                      "Actual Loops": 1,
                                                      "Filter": "(keyword = ANY ('{superhero,superhero,fight,laser,second-part,based-on-comic,based-on-comic,superhero,based-on-comic,web}'::text[]))",
                                                      "Rows Removed by Filter": 134164
                                                    },
                                                    {
                                                      "Node Type": "Bitmap Heap Scan",
                                                      "Parent Relationship": "Inner",
                                                      "Parallel Aware": false,
                                                      "Relation Name": "movie_keyword",
                                                      "Alias": "mk",
                                                      "Startup Cost": 10.82,
                                                      "Total Cost": 1079.93,
                                                      "Plan Rows": 308,
                                                      "Plan Width": 8,
                                                      "Actual Startup Time": 0.423,
                                                      "Actual Total Time": 8.465,
                                                      "Actual Rows": 1957,
                                                      "Actual Loops": 6,
                                                      "Recheck Cond": "(keyword_id = k.id)",
                                                      "Rows Removed by Index Recheck": 0,
                                                      "Exact Heap Blocks": 9342,
                                                      "Lossy Heap Blocks": 0,
                                                      "Plans": [
                                                        {
                                                          "Node Type": "Bitmap Index Scan",
                                                          "Parent Relationship": "Outer",
                                                          "Parallel Aware": false,
                                                          "Index Name": "keyword_id_movie_keyword",
                                                          "Startup Cost": 0.0,
                                                          "Total Cost": 10.74,
                                                          "Plan Rows": 308,
                                                          "Plan Width": 0,
                                                          "Actual Startup Time": 0.265,
                                                          "Actual Total Time": 0.266,
                                                          "Actual Rows": 1957,
                                                          "Actual Loops": 6,
                                                          "Index Cond": "(keyword_id = k.id)"
                                                        }
                                                      ]
                                                    }
                                                  ]
                                                },
                                                {
                                                  "Node Type": "Bitmap Heap Scan",
                                                  "Parent Relationship": "Inner",
                                                  "Parallel Aware": false,
                                                  "Relation Name": "movie_info_idx",
                                                  "Alias": "mi_idx",
                                                  "Startup Cost": 0.46,
                                                  "Total Cost": 4.5,
                                                  "Plan Rows": 1,
                                                  "Plan Width": 14,
                                                  "Actual Startup Time": 0.007,
                                                  "Actual Total Time": 0.007,
                                                  "Actual Rows": 0,
                                                  "Actual Loops": 11743,
                                                  "Recheck Cond": "(movie_id = mk.movie_id)",
                                                  "Rows Removed by Index Recheck": 0,
                                                  "Filter": "(info > '7.0'::text)",
                                                  "Rows Removed by Filter": 2,
                                                  "Exact Heap Blocks": 9329,
                                                  "Lossy Heap Blocks": 0,
                                                  "Plans": [
                                                    {
                                                      "Node Type": "Bitmap Index Scan",
                                                      "Parent Relationship": "Outer",
                                                      "Parallel Aware": false,
                                                      "Index Name": "movie_id_movie_info_idx",
                                                      "Startup Cost": 0.0,
                                                      "Total Cost": 0.46,
                                                      "Plan Rows": 3,
                                                      "Plan Width": 0,
                                                      "Actual Startup Time": 0.005,
                                                      "Actual Total Time": 0.005,
                                                      "Actual Rows": 2,
                                                      "Actual Loops": 11743,
                                                      "Index Cond": "(movie_id = mk.movie_id)"
                                                    }
                                                  ]
                                                }
                                              ]
                                            }
                                          ]
                                        },
                                        {
                                          "Node Type": "Bitmap Heap Scan",
                                          "Parent Relationship": "Inner",
                                          "Parallel Aware": false,
                                          "Relation Name": "complete_cast",
                                          "Alias": "cc",
                                          "Startup Cost": 0.44,
                                          "Total Cost": 4.46,
                                          "Plan Rows": 2,
                                          "Plan Width": 12,
                                          "Actual Startup Time": 0.005,
                                          "Actual Total Time": 0.006,
                                          "Actual Rows": 1,
                                          "Actual Loops": 2295,
                                          "Recheck Cond": "(movie_id = mk.movie_id)",
                                          "Rows Removed by Index Recheck": 0,
                                          "Exact Heap Blocks": 1176,
                                          "Lossy Heap Blocks": 0,
                                          "Plans": [
                                            {
                                              "Node Type": "Bitmap Index Scan",
                                              "Parent Relationship": "Outer",
                                              "Parallel Aware": false,
                                              "Index Name": "movie_id_complete_cast",
                                              "Startup Cost": 0.0,
                                              "Total Cost": 0.44,
                                              "Plan Rows": 2,
                                              "Plan Width": 0,
                                              "Actual Startup Time": 0.003,
                                              "Actual Total Time": 0.003,
                                              "Actual Rows": 1,
                                              "Actual Loops": 2295,
                                              "Index Cond": "(movie_id = mk.movie_id)"
                                            }
                                          ]
                                        }
                                      ]
                                    }
                                  ]
                                },
                                {
                                  "Node Type": "Seq Scan",
                                  "Parent Relationship": "Inner",
                                  "Parallel Aware": false,
                                  "Relation Name": "comp_cast_type",
                                  "Alias": "cct2",
                                  "Startup Cost": 0.0,
                                  "Total Cost": 1.05,
                                  "Plan Rows": 1,
                                  "Plan Width": 4,
                                  "Actual Startup Time": 0.001,
                                  "Actual Total Time": 0.001,
                                  "Actual Rows": 2,
                                  "Actual Loops": 744,
                                  "Filter": "((kind)::text ~~ '%complete%'::text)",
                                  "Rows Removed by Filter": 2
                                }
                              ]
                            },
                            {
                              "Node Type": "Bitmap Heap Scan",
                              "Parent Relationship": "Inner",
                              "Parallel Aware": false,
                              "Relation Name": "cast_info",
                              "Alias": "ci",
                              "Startup Cost": 0.94,
                              "Total Cost": 5.37,
                              "Plan Rows": 34,
                              "Plan Width": 12,
                              "Actual Startup Time": 0.027,
                              "Actual Total Time": 0.372,
                              "Actual Rows": 90,
                              "Actual Loops": 744,
                              "Recheck Cond": "(movie_id = mk.movie_id)",
                              "Rows Removed by Index Recheck": 0,
                              "Exact Heap Blocks": 64861,
                              "Lossy Heap Blocks": 0,
                              "Plans": [
                                {
                                  "Node Type": "Bitmap Index Scan",
                                  "Parent Relationship": "Outer",
                                  "Parallel Aware": false,
                                  "Index Name": "movie_id_cast_info",
                                  "Startup Cost": 0.0,
                                  "Total Cost": 0.94,
                                  "Plan Rows": 34,
                                  "Plan Width": 0,
                                  "Actual Startup Time": 0.016,
                                  "Actual Total Time": 0.016,
                                  "Actual Rows": 90,
                                  "Actual Loops": 744,
                                  "Index Cond": "(movie_id = mk.movie_id)"
                                }
                              ]
                            }
                          ]
                        },
                        {
                          "Node Type": "Bitmap Heap Scan",
                          "Parent Relationship": "Inner",
                          "Parallel Aware": false,
                          "Relation Name": "char_name",
                          "Alias": "chn",
                          "Startup Cost": 0.44,
                          "Total Cost": 4.46,
                          "Plan Rows": 1,
                          "Plan Width": 20,
                          "Actual Startup Time": 0.004,
                          "Actual Total Time": 0.004,
                          "Actual Rows": 0,
                          "Actual Loops": 67119,
                          "Recheck Cond": "(id = ci.person_role_id)",
                          "Rows Removed by Index Recheck": 0,
                          "Filter": "((name IS NOT NULL) AND ((name ~~ '%man%'::text) OR (name ~~ '%Man%'::text)))",
                          "Rows Removed by Filter": 0,
                          "Exact Heap Blocks": 31187,
                          "Lossy Heap Blocks": 0,
                          "Plans": [
                            {
                              "Node Type": "Bitmap Index Scan",
                              "Parent Relationship": "Outer",
                              "Parallel Aware": false,
                              "Index Name": "char_name_pkey",
                              "Startup Cost": 0.0,
                              "Total Cost": 0.44,
                              "Plan Rows": 1,
                              "Plan Width": 0,
                              "Actual Startup Time": 0.002,
                              "Actual Total Time": 0.002,
                              "Actual Rows": 0,
                              "Actual Loops": 67119,
                              "Index Cond": "(id = ci.person_role_id)"
                            }
                          ]
                        }
                      ]
                    },
                    {
                      "Node Type": "Bitmap Heap Scan",
                      "Parent Relationship": "Inner",
                      "Parallel Aware": false,
                      "Relation Name": "name",
                      "Alias": "n",
                      "Startup Cost": 0.44,
                      "Total Cost": 4.45,
                      "Plan Rows": 1,
                      "Plan Width": 19,
                      "Actual Startup Time": 0.012,
                      "Actual Total Time": 0.012,
                      "Actual Rows": 1,
                      "Actual Loops": 2517,
                      "Recheck Cond": "(id = ci.person_id)",
                      "Rows Removed by Index Recheck": 0,
                      "Exact Heap Blocks": 2517,
                      "Lossy Heap Blocks": 0,
                      "Plans": [
                        {
                          "Node Type": "Bitmap Index Scan",
                          "Parent Relationship": "Outer",
                          "Parallel Aware": false,
                          "Index Name": "name_pkey",
                          "Startup Cost": 0.0,
                          "Total Cost": 0.44,
                          "Plan Rows": 1,
                          "Plan Width": 0,
                          "Actual Startup Time": 0.007,
                          "Actual Total Time": 0.007,
                          "Actual Rows": 1,
                          "Actual Loops": 2517,
                          "Index Cond": "(id = ci.person_id)"
                        }
                      ]
                    }
                  ]
                },
                {
                  "Node Type": "Bitmap Heap Scan",
                  "Parent Relationship": "Inner",
                  "Parallel Aware": false,
                  "Relation Name": "title",
                  "Alias": "t",
                  "Startup Cost": 0.45,
                  "Total Cost": 4.46,
                  "Plan Rows": 1,
                  "Plan Width": 25,
                  "Actual Startup Time": 0.005,
                  "Actual Total Time": 0.005,
                  "Actual Rows": 0,
                  "Actual Loops": 2517,
                  "Recheck Cond": "(id = mk.movie_id)",
                  "Rows Removed by Index Recheck": 0,
                  "Filter": "(production_year > 1997)",
                  "Rows Removed by Filter": 1,
                  "Exact Heap Blocks": 2517,
                  "Lossy Heap Blocks": 0,
                  "Plans": [
                    {
                      "Node Type": "Bitmap Index Scan",
                      "Parent Relationship": "Outer",
                      "Parallel Aware": false,
                      "Index Name": "title_pkey",
                      "Startup Cost": 0.0,
                      "Total Cost": 0.45,
                      "Plan Rows": 1,
                      "Plan Width": 0,
                      "Actual Startup Time": 0.003,
                      "Actual Total Time": 0.003,
                      "Actual Rows": 1,
                      "Actual Loops": 2517,
                      "Index Cond": "(id = mk.movie_id)"
                    }
                  ]
                }
              ]
            },
            {
              "Node Type": "Seq Scan",
              "Parent Relationship": "Inner",
              "Parallel Aware": false,
              "Relation Name": "kind_type",
              "Alias": "kt",
              "Startup Cost": 0.0,
              "Total Cost": 1.09,
              "Plan Rows": 1,
              "Plan Width": 4,
              "Actual Startup Time": 0.001,
              "Actual Total Time": 0.001,
              "Actual Rows": 1,
              "Actual Loops": 1169,
              "Filter": "((kind)::text = 'movie'::text)",
              "Rows Removed by Filter": 1
            }
          ]
        }
      ]
    },
    "Planning Time": 54.926,
    "Triggers": [],
    "Execution Time": 907.661
  }
]