[
  {
    "Plan": {
      "Node Type": "Aggregate",
      "Strategy": "Plain",
      "Partial Mode": "Finalize",
      "Parallel Aware": false,
      "Startup Cost": 171154.93,
      "Total Cost": 171154.94,
      "Plan Rows": 1,
      "Plan Width": 8,
      "Actual Startup Time": 517.262,
      "Actual Total Time": 539.658,
      "Actual Rows": 1,
      "Actual Loops": 1,
      "Plans": [
        {
          "Node Type": "Gather",
          "Parent Relationship": "Outer",
          "Parallel Aware": false,
          "Startup Cost": 171154.41,
          "Total Cost": 171154.92,
          "Plan Rows": 5,
          "Plan Width": 8,
          "Actual Startup Time": 501.855,
          "Actual Total Time": 539.643,
          "Actual Rows": 6,
          "Actual Loops": 1,
          "Workers Planned": 5,
          "Workers Launched": 5,
          "Single Copy": false,
          "Plans": [
            {
              "Node Type": "Aggregate",
              "Strategy": "Plain",
              "Partial Mode": "Partial",
              "Parent Relationship": "Outer",
              "Parallel Aware": false,
              "Startup Cost": 170154.41,
              "Total Cost": 170154.42,
              "Plan Rows": 1,
              "Plan Width": 8,
              "Actual Startup Time": 479.465,
              "Actual Total Time": 479.469,
              "Actual Rows": 1,
              "Actual Loops": 6,
              "Plans": [
                {
                  "Node Type": "Hash Join",
                  "Parent Relationship": "Outer",
                  "Parallel Aware": true,
                  "Join Type": "Inner",
                  "Startup Cost": 51389.01,
                  "Total Cost": 169822.85,
                  "Plan Rows": 132623,
                  "Plan Width": 0,
                  "Actual Startup Time": 304.158,
                  "Actual Total Time": 477.424,
                  "Actual Rows": 39045,
                  "Actual Loops": 6,
                  "Inner Unique": true,
                  "Hash Cond": "(ci.movie_id = t.id)",
                  "Plans": [
                    {
                      "Node Type": "Index Scan",
                      "Parent Relationship": "Outer",
                      "Parallel Aware": true,
                      "Scan Direction": "Forward",
                      "Index Name": "role_id_cast_info",
                      "Relation Name": "cast_info",
                      "Alias": "ci",
                      "Startup Cost": 0.56,
                      "Total Cost": 118067.1,
                      "Plan Rows": 139923,
                      "Plan Width": 4,
                      "Actual Startup Time": 0.238,
                      "Actual Total Time": 143.235,
                      "Actual Rows": 39494,
                      "Actual Loops": 6,
                      "Index Cond": "(role_id = 10)",
                      "Rows Removed by Index Recheck": 0,
                      "Filter": "(person_id < 585747)",
                      "Rows Removed by Filter": 681008
                    },
                    {
                      "Node Type": "Hash",
                      "Parent Relationship": "Inner",
                      "Parallel Aware": true,
                      "Startup Cost": 43899.32,
                      "Total Cost": 43899.32,
                      "Plan Rows": 599130,
                      "Plan Width": 4,
                      "Actual Startup Time": 295.927,
                      "Actual Total Time": 295.929,
                      "Actual Rows": 399395,
                      "Actual Loops": 6,
                      "Hash Buckets": 4194304,
                      "Original Hash Buckets": 4194304,
                      "Hash Batches": 1,
                      "Original Hash Batches": 1,
                      "Peak Memory Usage": 126656,
                      "Plans": [
                        {
                          "Node Type": "Seq Scan",
                          "Parent Relationship": "Outer",
                          "Parallel Aware": true,
                          "Relation Name": "title",
                          "Alias": "t",
                          "Startup Cost": 0.0,
                          "Total Cost": 43899.32,
                          "Plan Rows": 599130,
                          "Plan Width": 4,
                          "Actual Startup Time": 0.05,
                          "Actual Total Time": 96.882,
                          "Actual Rows": 399395,
                          "Actual Loops": 6,
                          "Filter": "(production_year > 1914)",
                          "Rows Removed by Filter": 21990
                        }
                      ]
                    }
                  ]
                }
              ]
            }
          ]
        }
      ]
    },
    "Planning Time": 0.664,
    "Triggers": [],
    "Execution Time": 539.746
  }
]