[
  {
    "Plan": {
      "Node Type": "Aggregate",
      "Strategy": "Plain",
      "Partial Mode": "Finalize",
      "Parallel Aware": false,
      "Startup Cost": 96957.67,
      "Total Cost": 96957.68,
      "Plan Rows": 1,
      "Plan Width": 8,
      "Actual Startup Time": 517.303,
      "Actual Total Time": 533.793,
      "Actual Rows": 1,
      "Actual Loops": 1,
      "Plans": [
        {
          "Node Type": "Gather",
          "Parent Relationship": "Outer",
          "Parallel Aware": false,
          "Startup Cost": 96957.36,
          "Total Cost": 96957.67,
          "Plan Rows": 3,
          "Plan Width": 8,
          "Actual Startup Time": 511.237,
          "Actual Total Time": 533.783,
          "Actual Rows": 4,
          "Actual Loops": 1,
          "Workers Planned": 3,
          "Workers Launched": 3,
          "Single Copy": false,
          "Plans": [
            {
              "Node Type": "Aggregate",
              "Strategy": "Plain",
              "Partial Mode": "Partial",
              "Parent Relationship": "Outer",
              "Parallel Aware": false,
              "Startup Cost": 95957.36,
              "Total Cost": 95957.37,
              "Plan Rows": 1,
              "Plan Width": 8,
              "Actual Startup Time": 502.995,
              "Actual Total Time": 502.998,
              "Actual Rows": 1,
              "Actual Loops": 4,
              "Plans": [
                {
                  "Node Type": "Hash Join",
                  "Parent Relationship": "Outer",
                  "Parallel Aware": true,
                  "Join Type": "Inner",
                  "Startup Cost": 49177.93,
                  "Total Cost": 94369.39,
                  "Plan Rows": 635186,
                  "Plan Width": 0,
                  "Actual Startup Time": 272.736,
                  "Actual Total Time": 486.41,
                  "Actual Rows": 414702,
                  "Actual Loops": 4,
                  "Inner Unique": true,
                  "Hash Cond": "(mk.movie_id = t.id)",
                  "Plans": [
                    {
                      "Node Type": "Seq Scan",
                      "Parent Relationship": "Outer",
                      "Parallel Aware": true,
                      "Relation Name": "movie_keyword",
                      "Alias": "mk",
                      "Startup Cost": 0.0,
                      "Total Cost": 42695.65,
                      "Plan Rows": 950782,
                      "Plan Width": 4,
                      "Actual Startup Time": 0.03,
                      "Actual Total Time": 103.715,
                      "Actual Rows": 738013,
                      "Actual Loops": 4,
                      "Filter": "(keyword_id < 9980)",
                      "Rows Removed by Filter": 392970
                    },
                    {
                      "Node Type": "Hash",
                      "Parent Relationship": "Inner",
                      "Parallel Aware": true,
                      "Startup Cost": 43899.32,
                      "Total Cost": 43899.32,
                      "Plan Rows": 422289,
                      "Plan Width": 4,
                      "Actual Startup Time": 266.625,
                      "Actual Total Time": 266.626,
                      "Actual Rows": 418385,
                      "Actual Loops": 4,
                      "Hash Buckets": 2097152,
                      "Original Hash Buckets": 2097152,
                      "Hash Batches": 1,
                      "Original Hash Batches": 1,
                      "Peak Memory Usage": 81920,
                      "Plans": [
                        {
                          "Node Type": "Seq Scan",
                          "Parent Relationship": "Outer",
                          "Parallel Aware": true,
                          "Relation Name": "title",
                          "Alias": "t",
                          "Startup Cost": 0.0,
                          "Total Cost": 43899.32,
                          "Plan Rows": 422289,
                          "Plan Width": 4,
                          "Actual Startup Time": 0.034,
                          "Actual Total Time": 109.145,
                          "Actual Rows": 418385,
                          "Actual Loops": 4,
                          "Filter": "(production_year > 1993)",
                          "Rows Removed by Filter": 213693
                        }
                      ]
                    }
                  ]
                }
              ]
            }
          ]
        }
      ]
    },
    "Planning Time": 0.371,
    "Triggers": [],
    "Execution Time": 533.839
  }
]