[
  {
    "Plan": {
      "Node Type": "Aggregate",
      "Strategy": "Plain",
      "Partial Mode": "Finalize",
      "Parallel Aware": false,
      "Startup Cost": 346584.83,
      "Total Cost": 346584.84,
      "Plan Rows": 1,
      "Plan Width": 8,
      "Actual Startup Time": 670.318,
      "Actual Total Time": 728.204,
      "Actual Rows": 1,
      "Actual Loops": 1,
      "Plans": [
        {
          "Node Type": "Gather",
          "Parent Relationship": "Outer",
          "Parallel Aware": false,
          "Startup Cost": 346584.2,
          "Total Cost": 346584.81,
          "Plan Rows": 6,
          "Plan Width": 8,
          "Actual Startup Time": 670.093,
          "Actual Total Time": 728.189,
          "Actual Rows": 7,
          "Actual Loops": 1,
          "Workers Planned": 6,
          "Workers Launched": 6,
          "Single Copy": false,
          "Plans": [
            {
              "Node Type": "Aggregate",
              "Strategy": "Plain",
              "Partial Mode": "Partial",
              "Parent Relationship": "Outer",
              "Parallel Aware": false,
              "Startup Cost": 345584.2,
              "Total Cost": 345584.21,
              "Plan Rows": 1,
              "Plan Width": 8,
              "Actual Startup Time": 662.749,
              "Actual Total Time": 662.751,
              "Actual Rows": 1,
              "Actual Loops": 7,
              "Plans": [
                {
                  "Node Type": "Seq Scan",
                  "Parent Relationship": "Outer",
                  "Parallel Aware": true,
                  "Relation Name": "cast_info",
                  "Alias": "ci",
                  "Startup Cost": 0.0,
                  "Total Cost": 343316.27,
                  "Plan Rows": 907172,
                  "Plan Width": 0,
                  "Actual Startup Time": 349.135,
                  "Actual Total Time": 639.117,
                  "Actual Rows": 491462,
                  "Actual Loops": 7,
                  "Filter": "((person_id < 1224891) AND (role_id > 2))",
                  "Rows Removed by Filter": 4686301
                }
              ]
            }
          ]
        }
      ]
    },
    "Planning Time": 0.152,
    "Triggers": [],
    "Execution Time": 728.263
  }
]