[
  {
    "Plan": {
      "Node Type": "Aggregate",
      "Strategy": "Plain",
      "Partial Mode": "Finalize",
      "Parallel Aware": false,
      "Startup Cost": 44805.36,
      "Total Cost": 44805.37,
      "Plan Rows": 1,
      "Plan Width": 8,
      "Actual Startup Time": 124.211,
      "Actual Total Time": 131.47,
      "Actual Rows": 1,
      "Actual Loops": 1,
      "Plans": [
        {
          "Node Type": "Gather",
          "Parent Relationship": "Outer",
          "Parallel Aware": false,
          "Startup Cost": 44805.04,
          "Total Cost": 44805.35,
          "Plan Rows": 3,
          "Plan Width": 8,
          "Actual Startup Time": 123.887,
          "Actual Total Time": 131.462,
          "Actual Rows": 4,
          "Actual Loops": 1,
          "Workers Planned": 3,
          "Workers Launched": 3,
          "Single Copy": false,
          "Plans": [
            {
              "Node Type": "Aggregate",
              "Strategy": "Plain",
              "Partial Mode": "Partial",
              "Parent Relationship": "Outer",
              "Parallel Aware": false,
              "Startup Cost": 43805.04,
              "Total Cost": 43805.05,
              "Plan Rows": 1,
              "Plan Width": 8,
              "Actual Startup Time": 118.694,
              "Actual Total Time": 118.695,
              "Actual Rows": 1,
              "Actual Loops": 4,
              "Plans": [
                {
                  "Node Type": "Seq Scan",
                  "Parent Relationship": "Outer",
                  "Parallel Aware": true,
                  "Relation Name": "movie_keyword",
                  "Alias": "mk",
                  "Startup Cost": 0.0,
                  "Total Cost": 42695.65,
                  "Plan Rows": 443755,
                  "Plan Width": 0,
                  "Actual Startup Time": 1.377,
                  "Actual Total Time": 102.288,
                  "Actual Rows": 345606,
                  "Actual Loops": 4,
                  "Filter": "(keyword_id > 12080)",
                  "Rows Removed by Filter": 785376
                }
              ]
            }
          ]
        }
      ]
    },
    "Planning Time": 0.125,
    "Triggers": [],
    "Execution Time": 131.517
  }
]