[
  {
    "Plan": {
      "Node Type": "Aggregate",
      "Strategy": "Plain",
      "Partial Mode": "Finalize",
      "Parallel Aware": false,
      "Startup Cost": 219008.57,
      "Total Cost": 219008.58,
      "Plan Rows": 1,
      "Plan Width": 8,
      "Actual Startup Time": 666.198,
      "Actual Total Time": 716.787,
      "Actual Rows": 1,
      "Actual Loops": 1,
      "Plans": [
        {
          "Node Type": "Gather",
          "Parent Relationship": "Outer",
          "Parallel Aware": false,
          "Startup Cost": 219008.26,
          "Total Cost": 219008.57,
          "Plan Rows": 3,
          "Plan Width": 8,
          "Actual Startup Time": 665.606,
          "Actual Total Time": 716.775,
          "Actual Rows": 4,
          "Actual Loops": 1,
          "Workers Planned": 3,
          "Workers Launched": 3,
          "Single Copy": false,
          "Plans": [
            {
              "Node Type": "Aggregate",
              "Strategy": "Plain",
              "Partial Mode": "Partial",
              "Parent Relationship": "Outer",
              "Parallel Aware": false,
              "Startup Cost": 218008.26,
              "Total Cost": 218008.27,
              "Plan Rows": 1,
              "Plan Width": 8,
              "Actual Startup Time": 656.062,
              "Actual Total Time": 656.066,
              "Actual Rows": 1,
              "Actual Loops": 4,
              "Plans": [
                {
                  "Node Type": "Nested Loop",
                  "Parent Relationship": "Outer",
                  "Parallel Aware": false,
                  "Join Type": "Inner",
                  "Startup Cost": 46127.33,
                  "Total Cost": 217622.24,
                  "Plan Rows": 154407,
                  "Plan Width": 0,
                  "Actual Startup Time": 107.971,
                  "Actual Total Time": 653.78,
                  "Actual Rows": 32770,
                  "Actual Loops": 4,
                  "Inner Unique": false,
                  "Join Filter": "(t.id = ci.movie_id)",
                  "Rows Removed by Join Filter": 0,
                  "Plans": [
                    {
                      "Node Type": "Hash Join",
                      "Parent Relationship": "Outer",
                      "Parallel Aware": true,
                      "Join Type": "Inner",
                      "Startup Cost": 46126.76,
                      "Total Cost": 75542.65,
                      "Plan Rows": 68993,
                      "Plan Width": 8,
                      "Actual Startup Time": 107.329,
                      "Actual Total Time": 246.649,
                      "Actual Rows": 34337,
                      "Actual Loops": 4,
                      "Inner Unique": true,
                      "Hash Cond": "(mc.movie_id = t.id)",
                      "Plans": [
                        {
                          "Node Type": "Seq Scan",
                          "Parent Relationship": "Outer",
                          "Parallel Aware": true,
                          "Relation Name": "movie_companies",
                          "Alias": "mc",
                          "Startup Cost": 0.0,
                          "Total Cost": 27206.55,
                          "Plan Rows": 841655,
                          "Plan Width": 4,
                          "Actual Startup Time": 0.018,
                          "Actual Total Time": 54.372,
                          "Actual Rows": 652282,
                          "Actual Loops": 4
                        },
                        {
                          "Node Type": "Hash",
                          "Parent Relationship": "Inner",
                          "Parallel Aware": true,
                          "Startup Cost": 45479.1,
                          "Total Cost": 45479.1,
                          "Plan Rows": 51813,
                          "Plan Width": 4,
                          "Actual Startup Time": 104.689,
                          "Actual Total Time": 104.69,
                          "Actual Rows": 28075,
                          "Actual Loops": 4,
                          "Hash Buckets": 262144,
                          "Original Hash Buckets": 262144,
                          "Hash Batches": 1,
                          "Original Hash Batches": 1,
                          "Peak Memory Usage": 6528,
                          "Plans": [
                            {
                              "Node Type": "Seq Scan",
                              "Parent Relationship": "Outer",
                              "Parallel Aware": true,
                              "Relation Name": "title",
                              "Alias": "t",
                              "Startup Cost": 0.0,
                              "Total Cost": 45479.1,
                              "Plan Rows": 51813,
                              "Plan Width": 4,
                              "Actual Startup Time": 0.042,
                              "Actual Total Time": 93.416,
                              "Actual Rows": 28075,
                              "Actual Loops": 4,
                              "Filter": "((production_year < 1969) AND (kind_id = 7))",
                              "Rows Removed by Filter": 604003
                            }
                          ]
                        }
                      ]
                    },
                    {
                      "Node Type": "Index Scan",
                      "Parent Relationship": "Inner",
                      "Parallel Aware": false,
                      "Scan Direction": "Forward",
                      "Index Name": "movie_id_cast_info",
                      "Relation Name": "cast_info",
                      "Alias": "ci",
                      "Startup Cost": 0.56,
                      "Total Cost": 1.98,
                      "Plan Rows": 6,
                      "Plan Width": 4,
                      "Actual Startup Time": 0.011,
                      "Actual Total Time": 0.012,
                      "Actual Rows": 1,
                      "Actual Loops": 137349,
                      "Index Cond": "(movie_id = mc.movie_id)",
                      "Rows Removed by Index Recheck": 0,
                      "Filter": "((person_id < 2197513) AND (role_id > 4))",
                      "Rows Removed by Filter": 13
                    }
                  ]
                }
              ]
            }
          ]
        }
      ]
    },
    "Planning Time": 1.552,
    "Triggers": [],
    "Execution Time": 716.893
  }
]