{
  "Plan": {
    "Node Type": "Aggregate",
    "Strategy": "Plain",
    "Partial Mode": "Finalize",
    "Parallel Aware": false,
    "Startup Cost": 326127.58,
    "Total Cost": 326127.59,
    "Plan Rows": 1,
    "Plan Width": 8,
    "Actual Startup Time": 754.293,
    "Actual Total Time": 774.929,
    "Actual Rows": 1,
    "Actual Loops": 1,
    "Plans": [
      {
        "Node Type": "Gather",
        "Parent Relationship": "Outer",
        "Parallel Aware": false,
        "Startup Cost": 326127.47,
        "Total Cost": 326127.58,
        "Plan Rows": 1,
        "Plan Width": 8,
        "Actual Startup Time": 751.728,
        "Actual Total Time": 774.922,
        "Actual Rows": 2,
        "Actual Loops": 1,
        "Workers Planned": 1,
        "Workers Launched": 1,
        "Single Copy": false,
        "Plans": [
          {
            "Node Type": "Aggregate",
            "Strategy": "Plain",
            "Partial Mode": "Partial",
            "Parent Relationship": "Outer",
            "Parallel Aware": false,
            "Startup Cost": 325127.47,
            "Total Cost": 325127.48,
            "Plan Rows": 1,
            "Plan Width": 8,
            "Actual Startup Time": 745.455,
            "Actual Total Time": 745.461,
            "Actual Rows": 1,
            "Actual Loops": 2,
            "Plans": [
              {
                "Node Type": "Hash Join",
                "Parent Relationship": "Outer",
                "Parallel Aware": true,
                "Join Type": "Inner",
                "Startup Cost": 149948.59,
                "Total Cost": 324839.1,
                "Plan Rows": 115348,
                "Plan Width": 0,
                "Actual Startup Time": 597.461,
                "Actual Total Time": 740.998,
                "Actual Rows": 95998,
                "Actual Loops": 2,
                "Inner Unique": false,
                "Hash Cond": "(mi.movie_id = t.id)",
                "Plans": [
                  {
                    "Node Type": "Bitmap Heap Scan",
                    "Parent Relationship": "Outer",
                    "Parallel Aware": true,
                    "Relation Name": "movie_info",
                    "Alias": "mi",
                    "Startup Cost": 23159.21,
                    "Total Cost": 194551.43,
                    "Plan Rows": 751938,
                    "Plan Width": 4,
                    "Actual Startup Time": 66.849,
                    "Actual Total Time": 126.594,
                    "Actual Rows": 649494,
                    "Actual Loops": 2,
                    "Recheck Cond": "(info_type_id = 4)",
                    "Rows Removed by Index Recheck": 0,
                    "Exact Heap Blocks": 4079,
                    "Lossy Heap Blocks": 0,
                    "Plans": [
                      {
                        "Node Type": "Bitmap Index Scan",
                        "Parent Relationship": "Outer",
                        "Parallel Aware": false,
                        "Index Name": "info_type_id_movie_info",
                        "Startup Cost": 0.0,
                        "Total Cost": 22839.64,
                        "Plan Rows": 1278294,
                        "Plan Width": 0,
                        "Actual Startup Time": 65.577,
                        "Actual Total Time": 65.578,
                        "Actual Rows": 1298989,
                        "Actual Loops": 1,
                        "Index Cond": "(info_type_id = 4)"
                      }
                    ]
                  },
                  {
                    "Node Type": "Hash",
                    "Parent Relationship": "Inner",
                    "Parallel Aware": true,
                    "Startup Cost": 123937.58,
                    "Total Cost": 123937.58,
                    "Plan Rows": 228144,
                    "Plan Width": 8,
                    "Actual Startup Time": 523.352,
                    "Actual Total Time": 523.356,
                    "Actual Rows": 103158,
                    "Actual Loops": 2,
                    "Hash Buckets": 524288,
                    "Original Hash Buckets": 524288,
                    "Hash Batches": 1,
                    "Original Hash Batches": 1,
                    "Peak Memory Usage": 12192,
                    "Plans": [
                      {
                        "Node Type": "Hash Join",
                        "Parent Relationship": "Outer",
                        "Parallel Aware": true,
                        "Join Type": "Inner",
                        "Startup Cost": 64389.01,
                        "Total Cost": 123937.58,
                        "Plan Rows": 228144,
                        "Plan Width": 8,
                        "Actual Startup Time": 262.143,
                        "Actual Total Time": 501.648,
                        "Actual Rows": 103158,
                        "Actual Loops": 2,
                        "Inner Unique": true,
                        "Hash Cond": "(mk.movie_id = t.id)",
                        "Plans": [
                          {
                            "Node Type": "Seq Scan",
                            "Parent Relationship": "Outer",
                            "Parallel Aware": true,
                            "Relation Name": "movie_keyword",
                            "Alias": "mk",
                            "Startup Cost": 0.0,
                            "Total Cost": 57718.19,
                            "Plan Rows": 697288,
                            "Plan Width": 4,
                            "Actual Startup Time": 1.73,
                            "Actual Total Time": 161.803,
                            "Actual Rows": 594506,
                            "Actual Loops": 2,
                            "Filter": "(keyword_id > 15565)",
                            "Rows Removed by Filter": 1667458
                          },
                          {
                            "Node Type": "Hash",
                            "Parent Relationship": "Inner",
                            "Parallel Aware": true,
                            "Startup Cost": 58306.47,
                            "Total Cost": 58306.47,
                            "Plan Rows": 486603,
                            "Plan Width": 4,
                            "Actual Startup Time": 254.113,
                            "Actual Total Time": 254.114,
                            "Actual Rows": 371160,
                            "Actual Loops": 2,
                            "Hash Buckets": 1048576,
                            "Original Hash Buckets": 1048576,
                            "Hash Batches": 1,
                            "Original Hash Batches": 1,
                            "Peak Memory Usage": 37248,
                            "Plans": [
                              {
                                "Node Type": "Seq Scan",
                                "Parent Relationship": "Outer",
                                "Parallel Aware": true,
                                "Relation Name": "title",
                                "Alias": "t",
                                "Startup Cost": 0.0,
                                "Total Cost": 58306.47,
                                "Plan Rows": 486603,
                                "Plan Width": 4,
                                "Actual Startup Time": 0.038,
                                "Actual Total Time": 157.885,
                                "Actual Rows": 371160,
                                "Actual Loops": 2,
                                "Filter": "((kind_id > 1) AND (production_year < 2002))",
                                "Rows Removed by Filter": 892996
                              }
                            ]
                          }
                        ]
                      }
                    ]
                  }
                ]
              }
            ]
          }
        ]
      }
    ]
  },
  "Planning Time": 1.011,
  "Triggers": [],
  "Execution Time": 775.03
}