[
    {
        "Bao": {
            "Bao prediction": 609.033,
            "Bao recommended hint": "(no hint)"
        }
    },
    {
        "Plan": {
            "Node Type": "Aggregate",
            "Strategy": "Plain",
            "Partial Mode": "Simple",
            "Parallel Aware": false,
            "Startup Cost": 21688.82,
            "Total Cost": 21688.83,
            "Plan Rows": 1,
            "Plan Width": 8,
            "Actual Startup Time": 43.032,
            "Actual Total Time": 43.034,
            "Actual Rows": 1,
            "Actual Loops": 1,
            "Output": [
                "count(*)"
            ],
            "Plans": [
                {
                    "Node Type": "Bitmap Heap Scan",
                    "Parent Relationship": "Outer",
                    "Parallel Aware": false,
                    "Relation Name": "movie_companies",
                    "Schema": "public",
                    "Alias": "mc",
                    "Startup Cost": 1713.07,
                    "Total Cost": 21491.19,
                    "Plan Rows": 79050,
                    "Plan Width": 0,
                    "Actual Startup Time": 11.73,
                    "Actual Total Time": 35.442,
                    "Actual Rows": 81057,
                    "Actual Loops": 1,
                    "Recheck Cond": "(mc.company_id > 169378)",
                    "Rows Removed by Index Recheck": 0,
                    "Exact Heap Blocks": 2754,
                    "Lossy Heap Blocks": 0,
                    "Plans": [
                        {
                            "Node Type": "Bitmap Index Scan",
                            "Parent Relationship": "Outer",
                            "Parallel Aware": false,
                            "Index Name": "company_id_movie_companies",
                            "Startup Cost": 0.0,
                            "Total Cost": 1693.31,
                            "Plan Rows": 79050,
                            "Plan Width": 0,
                            "Actual Startup Time": 10.585,
                            "Actual Total Time": 10.586,
                            "Actual Rows": 81057,
                            "Actual Loops": 1,
                            "Index Cond": "(mc.company_id > 169378)"
                        }
                    ]
                }
            ]
        },
        "Planning Time": 383.749,
        "Triggers": [],
        "Execution Time": 43.114
    }
]