[
  {
    "Plan": {
      "Node Type": "Aggregate",
      "Strategy": "Plain",
      "Partial Mode": "Finalize",
      "Parallel Aware": false,
      "Startup Cost": 31808.15,
      "Total Cost": 31808.16,
      "Plan Rows": 1,
      "Plan Width": 8,
      "Actual Startup Time": 109.896,
      "Actual Total Time": 117.188,
      "Actual Rows": 1,
      "Actual Loops": 1,
      "Plans": [
        {
          "Node Type": "Gather",
          "Parent Relationship": "Outer",
          "Parallel Aware": false,
          "Startup Cost": 31807.83,
          "Total Cost": 31808.14,
          "Plan Rows": 3,
          "Plan Width": 8,
          "Actual Startup Time": 109.685,
          "Actual Total Time": 117.18,
          "Actual Rows": 4,
          "Actual Loops": 1,
          "Workers Planned": 3,
          "Workers Launched": 3,
          "Single Copy": false,
          "Plans": [
            {
              "Node Type": "Aggregate",
              "Strategy": "Plain",
              "Partial Mode": "Partial",
              "Parent Relationship": "Outer",
              "Parallel Aware": false,
              "Startup Cost": 30807.83,
              "Total Cost": 30807.84,
              "Plan Rows": 1,
              "Plan Width": 8,
              "Actual Startup Time": 102.37,
              "Actual Total Time": 102.371,
              "Actual Rows": 1,
              "Actual Loops": 4,
              "Plans": [
                {
                  "Node Type": "Seq Scan",
                  "Parent Relationship": "Outer",
                  "Parallel Aware": true,
                  "Relation Name": "movie_companies",
                  "Alias": "mc",
                  "Startup Cost": 0.0,
                  "Total Cost": 29310.68,
                  "Plan Rows": 598860,
                  "Plan Width": 0,
                  "Actual Startup Time": 0.041,
                  "Actual Total Time": 79.954,
                  "Actual Rows": 460533,
                  "Actual Loops": 4,
                  "Filter": "(company_id < 34391)",
                  "Rows Removed by Filter": 191750
                }
              ]
            }
          ]
        }
      ]
    },
    "Planning Time": 0.092,
    "Triggers": [],
    "Execution Time": 117.221
  }
]