{
  "Plan": {
    "Node Type": "Aggregate",
    "Strategy": "Plain",
    "Partial Mode": "Finalize",
    "Parallel Aware": false,
    "Startup Cost": 341589.9,
    "Total Cost": 341589.91,
    "Plan Rows": 1,
    "Plan Width": 8,
    "Actual Startup Time": 1702.709,
    "Actual Total Time": 1746.797,
    "Actual Rows": 1,
    "Actual Loops": 1,
    "Plans": [
      {
        "Node Type": "Gather",
        "Parent Relationship": "Outer",
        "Parallel Aware": false,
        "Startup Cost": 341589.78,
        "Total Cost": 341589.89,
        "Plan Rows": 1,
        "Plan Width": 8,
        "Actual Startup Time": 1700.982,
        "Actual Total Time": 1746.785,
        "Actual Rows": 2,
        "Actual Loops": 1,
        "Workers Planned": 1,
        "Workers Launched": 1,
        "Single Copy": false,
        "Plans": [
          {
            "Node Type": "Aggregate",
            "Strategy": "Plain",
            "Partial Mode": "Partial",
            "Parent Relationship": "Outer",
            "Parallel Aware": false,
            "Startup Cost": 340589.78,
            "Total Cost": 340589.79,
            "Plan Rows": 1,
            "Plan Width": 8,
            "Actual Startup Time": 1693.895,
            "Actual Total Time": 1693.9,
            "Actual Rows": 1,
            "Actual Loops": 2,
            "Plans": [
              {
                "Node Type": "Hash Join",
                "Parent Relationship": "Outer",
                "Parallel Aware": true,
                "Join Type": "Inner",
                "Startup Cost": 58068.58,
                "Total Cost": 338475.16,
                "Plan Rows": 845850,
                "Plan Width": 0,
                "Actual Startup Time": 279.051,
                "Actual Total Time": 1628.942,
                "Actual Rows": 1289672,
                "Actual Loops": 2,
                "Inner Unique": true,
                "Hash Cond": "(mi.movie_id = t.id)",
                "Plans": [
                  {
                    "Node Type": "Seq Scan",
                    "Parent Relationship": "Outer",
                    "Parallel Aware": true,
                    "Relation Name": "movie_info",
                    "Alias": "mi",
                    "Startup Cost": 0.0,
                    "Total Cost": 270696.42,
                    "Plan Rows": 3699105,
                    "Plan Width": 4,
                    "Actual Startup Time": 42.078,
                    "Actual Total Time": 811.036,
                    "Actual Rows": 3111747,
                    "Actual Loops": 2,
                    "Filter": "(info_type_id > 8)",
                    "Rows Removed by Filter": 4306113
                  },
                  {
                    "Node Type": "Hash",
                    "Parent Relationship": "Inner",
                    "Parallel Aware": true,
                    "Startup Cost": 53817.64,
                    "Total Cost": 53817.64,
                    "Plan Rows": 340075,
                    "Plan Width": 4,
                    "Actual Startup Time": 189.014,
                    "Actual Total Time": 189.015,
                    "Actual Rows": 230352,
                    "Actual Loops": 2,
                    "Hash Buckets": 1048576,
                    "Original Hash Buckets": 1048576,
                    "Hash Batches": 1,
                    "Original Hash Batches": 1,
                    "Peak Memory Usage": 26240,
                    "Plans": [
                      {
                        "Node Type": "Bitmap Heap Scan",
                        "Parent Relationship": "Outer",
                        "Parallel Aware": true,
                        "Relation Name": "title",
                        "Alias": "t",
                        "Startup Cost": 11967.38,
                        "Total Cost": 53817.64,
                        "Plan Rows": 340075,
                        "Plan Width": 4,
                        "Actual Startup Time": 35.617,
                        "Actual Total Time": 117.113,
                        "Actual Rows": 230352,
                        "Actual Loops": 2,
                        "Recheck Cond": "(kind_id = 1)",
                        "Rows Removed by Index Recheck": 0,
                        "Filter": "(production_year > 1961)",
                        "Rows Removed by Filter": 101061,
                        "Exact Heap Blocks": 6474,
                        "Lossy Heap Blocks": 0,
                        "Plans": [
                          {
                            "Node Type": "Bitmap Index Scan",
                            "Parent Relationship": "Outer",
                            "Parallel Aware": false,
                            "Index Name": "kind_id_title",
                            "Startup Cost": 0.0,
                            "Total Cost": 11822.85,
                            "Plan Rows": 663256,
                            "Plan Width": 0,
                            "Actual Startup Time": 32.698,
                            "Actual Total Time": 32.699,
                            "Actual Rows": 662825,
                            "Actual Loops": 1,
                            "Index Cond": "(kind_id = 1)"
                          }
                        ]
                      }
                    ]
                  }
                ]
              }
            ]
          }
        ]
      }
    ]
  },
  "Planning Time": 0.615,
  "Triggers": [],
  "Execution Time": 1746.896
}