[
  {
    "Plan": {
      "Node Type": "Aggregate",
      "Strategy": "Plain",
      "Partial Mode": "Finalize",
      "Parallel Aware": false,
      "Startup Cost": 340117.66,
      "Total Cost": 340117.67,
      "Plan Rows": 1,
      "Plan Width": 8,
      "Actual Startup Time": 720.977,
      "Actual Total Time": 742.142,
      "Actual Rows": 1,
      "Actual Loops": 1,
      "Plans": [
        {
          "Node Type": "Gather",
          "Parent Relationship": "Outer",
          "Parallel Aware": false,
          "Startup Cost": 340117.04,
          "Total Cost": 340117.65,
          "Plan Rows": 6,
          "Plan Width": 8,
          "Actual Startup Time": 720.885,
          "Actual Total Time": 742.135,
          "Actual Rows": 7,
          "Actual Loops": 1,
          "Workers Planned": 6,
          "Workers Launched": 6,
          "Single Copy": false,
          "Plans": [
            {
              "Node Type": "Aggregate",
              "Strategy": "Plain",
              "Partial Mode": "Partial",
              "Parent Relationship": "Outer",
              "Parallel Aware": false,
              "Startup Cost": 339117.04,
              "Total Cost": 339117.05,
              "Plan Rows": 1,
              "Plan Width": 8,
              "Actual Startup Time": 712.816,
              "Actual Total Time": 712.817,
              "Actual Rows": 1,
              "Actual Loops": 7,
              "Plans": [
                {
                  "Node Type": "Seq Scan",
                  "Parent Relationship": "Outer",
                  "Parallel Aware": true,
                  "Relation Name": "cast_info",
                  "Alias": "ci",
                  "Startup Cost": 0.0,
                  "Total Cost": 328213.62,
                  "Plan Rows": 4361368,
                  "Plan Width": 0,
                  "Actual Startup Time": 106.241,
                  "Actual Total Time": 558.679,
                  "Actual Rows": 3738687,
                  "Actual Loops": 7,
                  "Filter": "(person_id > 990359)",
                  "Rows Removed by Filter": 1439077
                }
              ]
            }
          ]
        }
      ]
    },
    "Planning Time": 0.058,
    "Triggers": [],
    "Execution Time": 742.168
  }
]