[
  {
    "Plan": {
      "Node Type": "Aggregate",
      "Strategy": "Plain",
      "Partial Mode": "Finalize",
      "Parallel Aware": false,
      "Startup Cost": 340087.48,
      "Total Cost": 340087.49,
      "Plan Rows": 1,
      "Plan Width": 8,
      "Actual Startup Time": 755.792,
      "Actual Total Time": 811.7,
      "Actual Rows": 1,
      "Actual Loops": 1,
      "Plans": [
        {
          "Node Type": "Gather",
          "Parent Relationship": "Outer",
          "Parallel Aware": false,
          "Startup Cost": 340086.85,
          "Total Cost": 340087.46,
          "Plan Rows": 6,
          "Plan Width": 8,
          "Actual Startup Time": 755.675,
          "Actual Total Time": 811.691,
          "Actual Rows": 7,
          "Actual Loops": 1,
          "Workers Planned": 6,
          "Workers Launched": 6,
          "Single Copy": false,
          "Plans": [
            {
              "Node Type": "Aggregate",
              "Strategy": "Plain",
              "Partial Mode": "Partial",
              "Parent Relationship": "Outer",
              "Parallel Aware": false,
              "Startup Cost": 339086.85,
              "Total Cost": 339086.86,
              "Plan Rows": 1,
              "Plan Width": 8,
              "Actual Startup Time": 747.611,
              "Actual Total Time": 747.612,
              "Actual Rows": 1,
              "Actual Loops": 7,
              "Plans": [
                {
                  "Node Type": "Seq Scan",
                  "Parent Relationship": "Outer",
                  "Parallel Aware": true,
                  "Relation Name": "cast_info",
                  "Alias": "ci",
                  "Startup Cost": 0.0,
                  "Total Cost": 328162.03,
                  "Plan Rows": 4369931,
                  "Plan Width": 0,
                  "Actual Startup Time": 110.259,
                  "Actual Total Time": 593.708,
                  "Actual Rows": 3738687,
                  "Actual Loops": 7,
                  "Filter": "(person_id > 990359)",
                  "Rows Removed by Filter": 1439077
                }
              ]
            }
          ]
        }
      ]
    },
    "Planning Time": 0.127,
    "Triggers": [],
    "Execution Time": 811.755
  }
]