[
  {
    "Plan": {
      "Node Type": "Aggregate",
      "Strategy": "Plain",
      "Partial Mode": "Finalize",
      "Parallel Aware": false,
      "Startup Cost": 32870.8,
      "Total Cost": 32870.81,
      "Plan Rows": 1,
      "Plan Width": 8,
      "Actual Startup Time": 96.594,
      "Actual Total Time": 104.919,
      "Actual Rows": 1,
      "Actual Loops": 1,
      "Plans": [
        {
          "Node Type": "Gather",
          "Parent Relationship": "Outer",
          "Parallel Aware": false,
          "Startup Cost": 32870.48,
          "Total Cost": 32870.79,
          "Plan Rows": 3,
          "Plan Width": 8,
          "Actual Startup Time": 96.467,
          "Actual Total Time": 104.907,
          "Actual Rows": 4,
          "Actual Loops": 1,
          "Workers Planned": 3,
          "Workers Launched": 3,
          "Single Copy": false,
          "Plans": [
            {
              "Node Type": "Aggregate",
              "Strategy": "Plain",
              "Partial Mode": "Partial",
              "Parent Relationship": "Outer",
              "Parallel Aware": false,
              "Startup Cost": 31870.48,
              "Total Cost": 31870.49,
              "Plan Rows": 1,
              "Plan Width": 8,
              "Actual Startup Time": 87.777,
              "Actual Total Time": 87.779,
              "Actual Rows": 1,
              "Actual Loops": 4,
              "Plans": [
                {
                  "Node Type": "Seq Scan",
                  "Parent Relationship": "Outer",
                  "Parallel Aware": true,
                  "Relation Name": "movie_companies",
                  "Alias": "mc",
                  "Startup Cost": 0.0,
                  "Total Cost": 31414.82,
                  "Plan Rows": 182264,
                  "Plan Width": 0,
                  "Actual Startup Time": 50.876,
                  "Actual Total Time": 83.566,
                  "Actual Rows": 88890,
                  "Actual Loops": 4,
                  "Filter": "((company_id < 7848) AND (company_type_id > 1))",
                  "Rows Removed by Filter": 563392
                }
              ]
            }
          ]
        }
      ]
    },
    "Planning Time": 0.273,
    "Triggers": [],
    "Execution Time": 104.989
  }
]