{
  "Plan": {
    "Node Type": "Aggregate",
    "Strategy": "Plain",
    "Partial Mode": "Finalize",
    "Parallel Aware": false,
    "Startup Cost": 157107.04,
    "Total Cost": 157107.05,
    "Plan Rows": 1,
    "Plan Width": 8,
    "Actual Startup Time": 843.226,
    "Actual Total Time": 865.004,
    "Actual Rows": 1,
    "Actual Loops": 1,
    "Plans": [
      {
        "Node Type": "Gather",
        "Parent Relationship": "Outer",
        "Parallel Aware": false,
        "Startup Cost": 157106.93,
        "Total Cost": 157107.04,
        "Plan Rows": 1,
        "Plan Width": 8,
        "Actual Startup Time": 841.392,
        "Actual Total Time": 864.997,
        "Actual Rows": 2,
        "Actual Loops": 1,
        "Workers Planned": 1,
        "Workers Launched": 1,
        "Single Copy": false,
        "Plans": [
          {
            "Node Type": "Aggregate",
            "Strategy": "Plain",
            "Partial Mode": "Partial",
            "Parent Relationship": "Outer",
            "Parallel Aware": false,
            "Startup Cost": 156106.93,
            "Total Cost": 156106.94,
            "Plan Rows": 1,
            "Plan Width": 8,
            "Actual Startup Time": 834.827,
            "Actual Total Time": 834.832,
            "Actual Rows": 1,
            "Actual Loops": 2,
            "Plans": [
              {
                "Node Type": "Hash Join",
                "Parent Relationship": "Outer",
                "Parallel Aware": true,
                "Join Type": "Inner",
                "Startup Cost": 92867.32,
                "Total Cost": 155766.47,
                "Plan Rows": 136181,
                "Plan Width": 0,
                "Actual Startup Time": 510.069,
                "Actual Total Time": 817.752,
                "Actual Rows": 451497,
                "Actual Loops": 2,
                "Inner Unique": false,
                "Hash Cond": "(mk.movie_id = t.id)",
                "Plans": [
                  {
                    "Node Type": "Seq Scan",
                    "Parent Relationship": "Outer",
                    "Parallel Aware": true,
                    "Relation Name": "movie_keyword",
                    "Alias": "mk",
                    "Startup Cost": 0.0,
                    "Total Cost": 57718.19,
                    "Plan Rows": 1167971,
                    "Plan Width": 4,
                    "Actual Startup Time": 0.013,
                    "Actual Total Time": 178.644,
                    "Actual Rows": 997984,
                    "Actual Loops": 2,
                    "Filter": "(keyword_id < 3529)",
                    "Rows Removed by Filter": 1263981
                  },
                  {
                    "Node Type": "Hash",
                    "Parent Relationship": "Inner",
                    "Parallel Aware": true,
                    "Startup Cost": 90699.75,
                    "Total Cost": 90699.75,
                    "Plan Rows": 173406,
                    "Plan Width": 8,
                    "Actual Startup Time": 504.55,
                    "Actual Total Time": 504.554,
                    "Actual Rows": 146438,
                    "Actual Loops": 2,
                    "Hash Buckets": 524288,
                    "Original Hash Buckets": 524288,
                    "Hash Batches": 1,
                    "Original Hash Batches": 1,
                    "Peak Memory Usage": 15584,
                    "Plans": [
                      {
                        "Node Type": "Hash Join",
                        "Parent Relationship": "Outer",
                        "Parallel Aware": true,
                        "Join Type": "Inner",
                        "Startup Cost": 29514.2,
                        "Total Cost": 90699.75,
                        "Plan Rows": 173406,
                        "Plan Width": 8,
                        "Actual Startup Time": 118.529,
                        "Actual Total Time": 466.235,
                        "Actual Rows": 146438,
                        "Actual Loops": 2,
                        "Inner Unique": false,
                        "Hash Cond": "(t.id = mc.movie_id)",
                        "Plans": [
                          {
                            "Node Type": "Seq Scan",
                            "Parent Relationship": "Outer",
                            "Parallel Aware": true,
                            "Relation Name": "title",
                            "Alias": "t",
                            "Startup Cost": 0.0,
                            "Total Cost": 50870.31,
                            "Plan Rows": 1487231,
                            "Plan Width": 4,
                            "Actual Startup Time": 0.01,
                            "Actual Total Time": 121.569,
                            "Actual Rows": 1264156,
                            "Actual Loops": 2
                          },
                          {
                            "Node Type": "Hash",
                            "Parent Relationship": "Inner",
                            "Parallel Aware": true,
                            "Startup Cost": 27346.63,
                            "Total Cost": 27346.63,
                            "Plan Rows": 173406,
                            "Plan Width": 4,
                            "Actual Startup Time": 114.832,
                            "Actual Total Time": 114.834,
                            "Actual Rows": 146438,
                            "Actual Loops": 2,
                            "Hash Buckets": 524288,
                            "Original Hash Buckets": 524288,
                            "Hash Batches": 1,
                            "Original Hash Batches": 1,
                            "Peak Memory Usage": 15584,
                            "Plans": [
                              {
                                "Node Type": "Bitmap Heap Scan",
                                "Parent Relationship": "Outer",
                                "Parallel Aware": true,
                                "Relation Name": "movie_companies",
                                "Alias": "mc",
                                "Startup Cost": 6389.05,
                                "Total Cost": 27346.63,
                                "Plan Rows": 173406,
                                "Plan Width": 4,
                                "Actual Startup Time": 25.306,
                                "Actual Total Time": 76.691,
                                "Actual Rows": 146438,
                                "Actual Loops": 2,
                                "Recheck Cond": "(company_id < 160)",
                                "Rows Removed by Index Recheck": 0,
                                "Exact Heap Blocks": 11459,
                                "Lossy Heap Blocks": 0,
                                "Plans": [
                                  {
                                    "Node Type": "Bitmap Index Scan",
                                    "Parent Relationship": "Outer",
                                    "Parallel Aware": false,
                                    "Index Name": "company_id_movie_companies",
                                    "Startup Cost": 0.0,
                                    "Total Cost": 6315.35,
                                    "Plan Rows": 294790,
                                    "Plan Width": 0,
                                    "Actual Startup Time": 21.952,
                                    "Actual Total Time": 21.952,
                                    "Actual Rows": 292877,
                                    "Actual Loops": 1,
                                    "Index Cond": "(company_id < 160)"
                                  }
                                ]
                              }
                            ]
                          }
                        ]
                      }
                    ]
                  }
                ]
              }
            ]
          }
        ]
      }
    ]
  },
  "Planning Time": 1.097,
  "Triggers": [],
  "Execution Time": 865.11
}