[
  {
    "Plan": {
      "Node Type": "Aggregate",
      "Strategy": "Plain",
      "Partial Mode": "Finalize",
      "Parallel Aware": false,
      "Startup Cost": 302465.27,
      "Total Cost": 302465.28,
      "Plan Rows": 1,
      "Plan Width": 8,
      "Actual Startup Time": 2847.711,
      "Actual Total Time": 2923.212,
      "Actual Rows": 1,
      "Actual Loops": 1,
      "Plans": [
        {
          "Node Type": "Gather",
          "Parent Relationship": "Outer",
          "Parallel Aware": false,
          "Startup Cost": 302464.95,
          "Total Cost": 302465.26,
          "Plan Rows": 3,
          "Plan Width": 8,
          "Actual Startup Time": 2846.194,
          "Actual Total Time": 2923.2,
          "Actual Rows": 4,
          "Actual Loops": 1,
          "Workers Planned": 3,
          "Workers Launched": 3,
          "Single Copy": false,
          "Plans": [
            {
              "Node Type": "Aggregate",
              "Strategy": "Plain",
              "Partial Mode": "Partial",
              "Parent Relationship": "Outer",
              "Parallel Aware": false,
              "Startup Cost": 301464.95,
              "Total Cost": 301464.96,
              "Plan Rows": 1,
              "Plan Width": 8,
              "Actual Startup Time": 2838.121,
              "Actual Total Time": 2838.125,
              "Actual Rows": 1,
              "Actual Loops": 4,
              "Plans": [
                {
                  "Node Type": "Nested Loop",
                  "Parent Relationship": "Outer",
                  "Parallel Aware": false,
                  "Join Type": "Inner",
                  "Startup Cost": 44815.56,
                  "Total Cost": 298108.27,
                  "Plan Rows": 1342672,
                  "Plan Width": 0,
                  "Actual Startup Time": 137.651,
                  "Actual Total Time": 2648.87,
                  "Actual Rows": 3961262,
                  "Actual Loops": 4,
                  "Inner Unique": false,
                  "Join Filter": "(t.id = ci.movie_id)",
                  "Rows Removed by Join Filter": 0,
                  "Plans": [
                    {
                      "Node Type": "Hash Join",
                      "Parent Relationship": "Outer",
                      "Parallel Aware": true,
                      "Join Type": "Inner",
                      "Startup Cost": 44815.0,
                      "Total Cost": 89631.85,
                      "Plan Rows": 93646,
                      "Plan Width": 8,
                      "Actual Startup Time": 137.527,
                      "Actual Total Time": 331.821,
                      "Actual Rows": 119364,
                      "Actual Loops": 4,
                      "Inner Unique": true,
                      "Hash Cond": "(mk.movie_id = t.id)",
                      "Plans": [
                        {
                          "Node Type": "Seq Scan",
                          "Parent Relationship": "Outer",
                          "Parallel Aware": true,
                          "Relation Name": "movie_keyword",
                          "Alias": "mk",
                          "Startup Cost": 0.0,
                          "Total Cost": 42695.65,
                          "Plan Rows": 808076,
                          "Plan Width": 4,
                          "Actual Startup Time": 0.248,
                          "Actual Total Time": 110.614,
                          "Actual Rows": 625704,
                          "Actual Loops": 4,
                          "Filter": "(keyword_id > 3617)",
                          "Rows Removed by Filter": 505279
                        },
                        {
                          "Node Type": "Hash",
                          "Parent Relationship": "Inner",
                          "Parallel Aware": true,
                          "Startup Cost": 43899.32,
                          "Total Cost": 43899.32,
                          "Plan Rows": 73254,
                          "Plan Width": 4,
                          "Actual Startup Time": 134.027,
                          "Actual Total Time": 134.028,
                          "Actual Rows": 77384,
                          "Actual Loops": 4,
                          "Hash Buckets": 524288,
                          "Original Hash Buckets": 524288,
                          "Hash Batches": 1,
                          "Original Hash Batches": 1,
                          "Peak Memory Usage": 16256,
                          "Plans": [
                            {
                              "Node Type": "Seq Scan",
                              "Parent Relationship": "Outer",
                              "Parallel Aware": true,
                              "Relation Name": "title",
                              "Alias": "t",
                              "Startup Cost": 0.0,
                              "Total Cost": 43899.32,
                              "Plan Rows": 73254,
                              "Plan Width": 4,
                              "Actual Startup Time": 0.043,
                              "Actual Total Time": 103.625,
                              "Actual Rows": 77384,
                              "Actual Loops": 4,
                              "Filter": "(production_year < 1966)",
                              "Rows Removed by Filter": 554694
                            }
                          ]
                        }
                      ]
                    },
                    {
                      "Node Type": "Index Only Scan",
                      "Parent Relationship": "Inner",
                      "Parallel Aware": false,
                      "Scan Direction": "Forward",
                      "Index Name": "movie_id_cast_info",
                      "Relation Name": "cast_info",
                      "Alias": "ci",
                      "Startup Cost": 0.56,
                      "Total Cost": 1.79,
                      "Plan Rows": 35,
                      "Plan Width": 4,
                      "Actual Startup Time": 0.003,
                      "Actual Total Time": 0.016,
                      "Actual Rows": 33,
                      "Actual Loops": 477455,
                      "Index Cond": "(movie_id = mk.movie_id)",
                      "Rows Removed by Index Recheck": 0,
                      "Heap Fetches": 15845047
                    }
                  ]
                }
              ]
            }
          ]
        }
      ]
    },
    "Planning Time": 1.254,
    "Triggers": [],
    "Execution Time": 2923.317
  }
]