[
  {
    "Plan": {
      "Node Type": "Aggregate",
      "Strategy": "Plain",
      "Partial Mode": "Finalize",
      "Parallel Aware": false,
      "Startup Cost": 333751.34,
      "Total Cost": 333751.35,
      "Plan Rows": 1,
      "Plan Width": 8,
      "Actual Startup Time": 414.594,
      "Actual Total Time": 435.352,
      "Actual Rows": 1,
      "Actual Loops": 1,
      "Plans": [
        {
          "Node Type": "Gather",
          "Parent Relationship": "Outer",
          "Parallel Aware": false,
          "Startup Cost": 333750.71,
          "Total Cost": 333751.32,
          "Plan Rows": 6,
          "Plan Width": 8,
          "Actual Startup Time": 414.472,
          "Actual Total Time": 435.345,
          "Actual Rows": 7,
          "Actual Loops": 1,
          "Workers Planned": 6,
          "Workers Launched": 6,
          "Single Copy": false,
          "Plans": [
            {
              "Node Type": "Aggregate",
              "Strategy": "Plain",
              "Partial Mode": "Partial",
              "Parent Relationship": "Outer",
              "Parallel Aware": false,
              "Startup Cost": 332750.71,
              "Total Cost": 332750.72,
              "Plan Rows": 1,
              "Plan Width": 8,
              "Actual Startup Time": 403.765,
              "Actual Total Time": 403.766,
              "Actual Rows": 1,
              "Actual Loops": 7,
              "Plans": [
                {
                  "Node Type": "Index Scan",
                  "Parent Relationship": "Outer",
                  "Parallel Aware": true,
                  "Scan Direction": "Forward",
                  "Index Name": "role_id_cast_info",
                  "Relation Name": "cast_info",
                  "Alias": "ci",
                  "Startup Cost": 0.56,
                  "Total Cost": 331632.96,
                  "Plan Rows": 447100,
                  "Plan Width": 0,
                  "Actual Startup Time": 0.289,
                  "Actual Total Time": 360.528,
                  "Actual Rows": 961540,
                  "Actual Loops": 7,
                  "Index Cond": "(role_id > 3)",
                  "Rows Removed by Index Recheck": 0,
                  "Filter": "(person_id > 2897224)",
                  "Rows Removed by Filter": 768981
                }
              ]
            }
          ]
        }
      ]
    },
    "Planning Time": 0.198,
    "Triggers": [],
    "Execution Time": 435.41
  }
]