[
    {
        "Bao": {
            "Bao prediction": "NaN",
            "Bao recommended hint": "(no hint)"
        }
    },
    {
        "Plan": {
            "Node Type": "Aggregate",
            "Strategy": "Plain",
            "Partial Mode": "Simple",
            "Parallel Aware": false,
            "Startup Cost": 39885.31,
            "Total Cost": 39885.32,
            "Plan Rows": 1,
            "Plan Width": 8,
            "Actual Startup Time": 36.426,
            "Actual Total Time": 36.428,
            "Actual Rows": 1,
            "Actual Loops": 1,
            "Output": [
                "count(*)"
            ],
            "Plans": [
                {
                    "Node Type": "Bitmap Heap Scan",
                    "Parent Relationship": "Outer",
                    "Parallel Aware": false,
                    "Relation Name": "title",
                    "Schema": "public",
                    "Alias": "t",
                    "Startup Cost": 2107.37,
                    "Total Cost": 39877.72,
                    "Plan Rows": 3037,
                    "Plan Width": 0,
                    "Actual Startup Time": 8.821,
                    "Actual Total Time": 36.357,
                    "Actual Rows": 1136,
                    "Actual Loops": 1,
                    "Recheck Cond": "(t.kind_id = 4)",
                    "Rows Removed by Index Recheck": 0,
                    "Filter": "(t.production_year = 2013)",
                    "Rows Removed by Filter": 117098,
                    "Exact Heap Blocks": 12711,
                    "Lossy Heap Blocks": 0,
                    "Plans": [
                        {
                            "Node Type": "Bitmap Index Scan",
                            "Parent Relationship": "Outer",
                            "Parallel Aware": false,
                            "Index Name": "kind_id_title",
                            "Startup Cost": 0.0,
                            "Total Cost": 2106.61,
                            "Plan Rows": 118157,
                            "Plan Width": 0,
                            "Actual Startup Time": 6.806,
                            "Actual Total Time": 6.807,
                            "Actual Rows": 118234,
                            "Actual Loops": 1,
                            "Index Cond": "(t.kind_id = 4)"
                        }
                    ]
                }
            ]
        },
        "Planning Time": 193.781,
        "Triggers": [],
        "Execution Time": 36.475
    }
]