{
    "Plan": {
        "Node Type": "Aggregate",
        "Strategy": "Plain",
        "Partial Mode": "Finalize",
        "Parallel Aware": false,
        "Startup Cost": 245097.34,
        "Total Cost": 245097.35,
        "Plan Rows": 1,
        "Plan Width": 8,
        "Actual Startup Time": 499.636,
        "Actual Total Time": 541.979,
        "Actual Rows": 1,
        "Actual Loops": 1,
        "Output": [
            "count(*)"
        ],
        "Plans": [
            {
                "Node Type": "Gather",
                "Parent Relationship": "Outer",
                "Parallel Aware": false,
                "Startup Cost": 245096.82,
                "Total Cost": 245097.33,
                "Plan Rows": 5,
                "Plan Width": 8,
                "Actual Startup Time": 494.919,
                "Actual Total Time": 541.968,
                "Actual Rows": 6,
                "Actual Loops": 1,
                "Output": [
                    "(PARTIAL count(*))"
                ],
                "Workers Planned": 5,
                "Workers Launched": 5,
                "Single Copy": false,
                "Plans": [
                    {
                        "Node Type": "Aggregate",
                        "Strategy": "Plain",
                        "Partial Mode": "Partial",
                        "Parent Relationship": "Outer",
                        "Parallel Aware": false,
                        "Startup Cost": 244096.82,
                        "Total Cost": 244096.83,
                        "Plan Rows": 1,
                        "Plan Width": 8,
                        "Actual Startup Time": 484.773,
                        "Actual Total Time": 484.776,
                        "Actual Rows": 1,
                        "Actual Loops": 6,
                        "Output": [
                            "PARTIAL count(*)"
                        ],
                        "Workers": [
                            {
                                "Worker Number": 0,
                                "Actual Startup Time": 482.2,
                                "Actual Total Time": 482.202,
                                "Actual Rows": 1,
                                "Actual Loops": 1
                            },
                            {
                                "Worker Number": 1,
                                "Actual Startup Time": 482.538,
                                "Actual Total Time": 482.541,
                                "Actual Rows": 1,
                                "Actual Loops": 1
                            },
                            {
                                "Worker Number": 2,
                                "Actual Startup Time": 482.543,
                                "Actual Total Time": 482.547,
                                "Actual Rows": 1,
                                "Actual Loops": 1
                            },
                            {
                                "Worker Number": 3,
                                "Actual Startup Time": 483.68,
                                "Actual Total Time": 483.683,
                                "Actual Rows": 1,
                                "Actual Loops": 1
                            },
                            {
                                "Worker Number": 4,
                                "Actual Startup Time": 483.589,
                                "Actual Total Time": 483.592,
                                "Actual Rows": 1,
                                "Actual Loops": 1
                            }
                        ],
                        "Plans": [
                            {
                                "Node Type": "Hash Join",
                                "Parent Relationship": "Outer",
                                "Parallel Aware": true,
                                "Join Type": "Inner",
                                "Startup Cost": 44918.03,
                                "Total Cost": 244064.21,
                                "Plan Rows": 13042,
                                "Plan Width": 0,
                                "Actual Startup Time": 172.12,
                                "Actual Total Time": 482.635,
                                "Actual Rows": 39633,
                                "Actual Loops": 6,
                                "Inner Unique": true,
                                "Hash Cond": "(mi.movie_id = t.id)",
                                "Workers": [
                                    {
                                        "Worker Number": 0,
                                        "Actual Startup Time": 169.497,
                                        "Actual Total Time": 480.026,
                                        "Actual Rows": 34253,
                                        "Actual Loops": 1
                                    },
                                    {
                                        "Worker Number": 1,
                                        "Actual Startup Time": 170.022,
                                        "Actual Total Time": 480.522,
                                        "Actual Rows": 31715,
                                        "Actual Loops": 1
                                    },
                                    {
                                        "Worker Number": 2,
                                        "Actual Startup Time": 170.163,
                                        "Actual Total Time": 480.77,
                                        "Actual Rows": 45545,
                                        "Actual Loops": 1
                                    },
                                    {
                                        "Worker Number": 3,
                                        "Actual Startup Time": 170.778,
                                        "Actual Total Time": 481.398,
                                        "Actual Rows": 34812,
                                        "Actual Loops": 1
                                    },
                                    {
                                        "Worker Number": 4,
                                        "Actual Startup Time": 170.877,
                                        "Actual Total Time": 481.43,
                                        "Actual Rows": 34004,
                                        "Actual Loops": 1
                                    }
                                ],
                                "Plans": [
                                    {
                                        "Node Type": "Seq Scan",
                                        "Parent Relationship": "Outer",
                                        "Parallel Aware": true,
                                        "Relation Name": "movie_info",
                                        "Schema": "public",
                                        "Alias": "mi",
                                        "Startup Cost": 0.0,
                                        "Total Cost": 198880.74,
                                        "Plan Rows": 101122,
                                        "Plan Width": 4,
                                        "Actual Startup Time": 48.437,
                                        "Actual Total Time": 335.406,
                                        "Actual Rows": 79074,
                                        "Actual Loops": 6,
                                        "Output": [
                                            "mi.id",
                                            "mi.movie_id",
                                            "mi.info_type_id",
                                            "mi.info",
                                            "mi.note"
                                        ],
                                        "Filter": "(mi.info_type_id = 6)",
                                        "Rows Removed by Filter": 2393546,
                                        "Workers": [
                                            {
                                                "Worker Number": 0,
                                                "Actual Startup Time": 48.404,
                                                "Actual Total Time": 336.163,
                                                "Actual Rows": 69039,
                                                "Actual Loops": 1
                                            },
                                            {
                                                "Worker Number": 1,
                                                "Actual Startup Time": 48.385,
                                                "Actual Total Time": 335.426,
                                                "Actual Rows": 64011,
                                                "Actual Loops": 1
                                            },
                                            {
                                                "Worker Number": 2,
                                                "Actual Startup Time": 48.402,
                                                "Actual Total Time": 334.313,
                                                "Actual Rows": 90008,
                                                "Actual Loops": 1
                                            },
                                            {
                                                "Worker Number": 3,
                                                "Actual Startup Time": 48.393,
                                                "Actual Total Time": 336.078,
                                                "Actual Rows": 68024,
                                                "Actual Loops": 1
                                            },
                                            {
                                                "Worker Number": 4,
                                                "Actual Startup Time": 48.497,
                                                "Actual Total Time": 336.215,
                                                "Actual Rows": 69497,
                                                "Actual Loops": 1
                                            }
                                        ]
                                    },
                                    {
                                        "Node Type": "Hash",
                                        "Parent Relationship": "Inner",
                                        "Parallel Aware": true,
                                        "Startup Cost": 43899.01,
                                        "Total Cost": 43899.01,
                                        "Plan Rows": 81522,
                                        "Plan Width": 4,
                                        "Actual Startup Time": 120.864,
                                        "Actual Total Time": 120.865,
                                        "Actual Rows": 53874,
                                        "Actual Loops": 6,
                                        "Output": [
                                            "t.id"
                                        ],
                                        "Hash Buckets": 524288,
                                        "Original Hash Buckets": 524288,
                                        "Hash Batches": 1,
                                        "Original Hash Batches": 1,
                                        "Peak Memory Usage": 16800,
                                        "Workers": [
                                            {
                                                "Worker Number": 0,
                                                "Actual Startup Time": 120.258,
                                                "Actual Total Time": 120.259,
                                                "Actual Rows": 45140,
                                                "Actual Loops": 1
                                            },
                                            {
                                                "Worker Number": 1,
                                                "Actual Startup Time": 120.498,
                                                "Actual Total Time": 120.499,
                                                "Actual Rows": 43691,
                                                "Actual Loops": 1
                                            },
                                            {
                                                "Worker Number": 2,
                                                "Actual Startup Time": 120.494,
                                                "Actual Total Time": 120.495,
                                                "Actual Rows": 58802,
                                                "Actual Loops": 1
                                            },
                                            {
                                                "Worker Number": 3,
                                                "Actual Startup Time": 121.373,
                                                "Actual Total Time": 121.374,
                                                "Actual Rows": 44893,
                                                "Actual Loops": 1
                                            },
                                            {
                                                "Worker Number": 4,
                                                "Actual Startup Time": 121.711,
                                                "Actual Total Time": 121.712,
                                                "Actual Rows": 46506,
                                                "Actual Loops": 1
                                            }
                                        ],
                                        "Plans": [
                                            {
                                                "Node Type": "Seq Scan",
                                                "Parent Relationship": "Outer",
                                                "Parallel Aware": true,
                                                "Relation Name": "title",
                                                "Schema": "public",
                                                "Alias": "t",
                                                "Startup Cost": 0.0,
                                                "Total Cost": 43899.01,
                                                "Plan Rows": 81522,
                                                "Plan Width": 4,
                                                "Actual Startup Time": 0.067,
                                                "Actual Total Time": 83.965,
                                                "Actual Rows": 53874,
                                                "Actual Loops": 6,
                                                "Output": [
                                                    "t.id"
                                                ],
                                                "Filter": "(t.production_year < 1967)",
                                                "Rows Removed by Filter": 367511,
                                                "Workers": [
                                                    {
                                                        "Worker Number": 0,
                                                        "Actual Startup Time": 0.062,
                                                        "Actual Total Time": 84.802,
                                                        "Actual Rows": 45140,
                                                        "Actual Loops": 1
                                                    },
                                                    {
                                                        "Worker Number": 1,
                                                        "Actual Startup Time": 0.074,
                                                        "Actual Total Time": 84.523,
                                                        "Actual Rows": 43691,
                                                        "Actual Loops": 1
                                                    },
                                                    {
                                                        "Worker Number": 2,
                                                        "Actual Startup Time": 0.071,
                                                        "Actual Total Time": 82.824,
                                                        "Actual Rows": 58802,
                                                        "Actual Loops": 1
                                                    },
                                                    {
                                                        "Worker Number": 3,
                                                        "Actual Startup Time": 0.08,
                                                        "Actual Total Time": 85.102,
                                                        "Actual Rows": 44893,
                                                        "Actual Loops": 1
                                                    },
                                                    {
                                                        "Worker Number": 4,
                                                        "Actual Startup Time": 0.095,
                                                        "Actual Total Time": 86.343,
                                                        "Actual Rows": 46506,
                                                        "Actual Loops": 1
                                                    }
                                                ]
                                            }
                                        ]
                                    }
                                ]
                            }
                        ]
                    }
                ]
            }
        ]
    },
    "Planning Time": 0.653,
    "Triggers": [],
    "Execution Time": 542.056
}