[
    {
        "Bao": {
            "Bao prediction": "NaN",
            "Bao recommended hint": "(no hint)"
        }
    },
    {
        "Plan": {
            "Node Type": "Aggregate",
            "Strategy": "Plain",
            "Partial Mode": "Finalize",
            "Parallel Aware": false,
            "Startup Cost": 350435.43,
            "Total Cost": 350435.44,
            "Plan Rows": 1,
            "Plan Width": 8,
            "Actual Startup Time": 890.776,
            "Actual Total Time": 923.504,
            "Actual Rows": 1,
            "Actual Loops": 1,
            "Output": [
                "count(*)"
            ],
            "Plans": [
                {
                    "Node Type": "Gather",
                    "Parent Relationship": "Outer",
                    "Parallel Aware": false,
                    "Startup Cost": 350434.8,
                    "Total Cost": 350435.41,
                    "Plan Rows": 6,
                    "Plan Width": 8,
                    "Actual Startup Time": 890.64,
                    "Actual Total Time": 923.493,
                    "Actual Rows": 7,
                    "Actual Loops": 1,
                    "Output": [
                        "(PARTIAL count(*))"
                    ],
                    "Workers Planned": 6,
                    "Workers Launched": 6,
                    "Single Copy": false,
                    "Plans": [
                        {
                            "Node Type": "Aggregate",
                            "Strategy": "Plain",
                            "Partial Mode": "Partial",
                            "Parent Relationship": "Outer",
                            "Parallel Aware": false,
                            "Startup Cost": 349434.8,
                            "Total Cost": 349434.82,
                            "Plan Rows": 1,
                            "Plan Width": 8,
                            "Actual Startup Time": 880.834,
                            "Actual Total Time": 880.835,
                            "Actual Rows": 1,
                            "Actual Loops": 7,
                            "Output": [
                                "PARTIAL count(*)"
                            ],
                            "Workers": [
                                {
                                    "Worker Number": 0,
                                    "Actual Startup Time": 878.571,
                                    "Actual Total Time": 878.572,
                                    "Actual Rows": 1,
                                    "Actual Loops": 1
                                },
                                {
                                    "Worker Number": 1,
                                    "Actual Startup Time": 878.69,
                                    "Actual Total Time": 878.691,
                                    "Actual Rows": 1,
                                    "Actual Loops": 1
                                },
                                {
                                    "Worker Number": 2,
                                    "Actual Startup Time": 879.119,
                                    "Actual Total Time": 879.12,
                                    "Actual Rows": 1,
                                    "Actual Loops": 1
                                },
                                {
                                    "Worker Number": 3,
                                    "Actual Startup Time": 879.16,
                                    "Actual Total Time": 879.161,
                                    "Actual Rows": 1,
                                    "Actual Loops": 1
                                },
                                {
                                    "Worker Number": 4,
                                    "Actual Startup Time": 879.854,
                                    "Actual Total Time": 879.855,
                                    "Actual Rows": 1,
                                    "Actual Loops": 1
                                },
                                {
                                    "Worker Number": 5,
                                    "Actual Startup Time": 880.235,
                                    "Actual Total Time": 880.235,
                                    "Actual Rows": 1,
                                    "Actual Loops": 1
                                }
                            ],
                            "Plans": [
                                {
                                    "Node Type": "Seq Scan",
                                    "Parent Relationship": "Outer",
                                    "Parallel Aware": true,
                                    "Relation Name": "cast_info",
                                    "Schema": "public",
                                    "Alias": "ci",
                                    "Startup Cost": 0.0,
                                    "Total Cost": 343318.94,
                                    "Plan Rows": 2446346,
                                    "Plan Width": 0,
                                    "Actual Startup Time": 384.752,
                                    "Actual Total Time": 758.943,
                                    "Actual Rows": 2179953,
                                    "Actual Loops": 7,
                                    "Output": [
                                        "id",
                                        "person_id",
                                        "movie_id",
                                        "person_role_id",
                                        "note",
                                        "nr_order",
                                        "role_id"
                                    ],
                                    "Filter": "((ci.person_id > 298091) AND (ci.role_id > 2))",
                                    "Rows Removed by Filter": 2997810,
                                    "Workers": [
                                        {
                                            "Worker Number": 0,
                                            "Actual Startup Time": 382.491,
                                            "Actual Total Time": 758.937,
                                            "Actual Rows": 1806123,
                                            "Actual Loops": 1
                                        },
                                        {
                                            "Worker Number": 1,
                                            "Actual Startup Time": 382.613,
                                            "Actual Total Time": 759.22,
                                            "Actual Rows": 1805058,
                                            "Actual Loops": 1
                                        },
                                        {
                                            "Worker Number": 2,
                                            "Actual Startup Time": 383.016,
                                            "Actual Total Time": 759.498,
                                            "Actual Rows": 1806257,
                                            "Actual Loops": 1
                                        },
                                        {
                                            "Worker Number": 3,
                                            "Actual Startup Time": 383.08,
                                            "Actual Total Time": 759.966,
                                            "Actual Rows": 1800588,
                                            "Actual Loops": 1
                                        },
                                        {
                                            "Worker Number": 4,
                                            "Actual Startup Time": 383.774,
                                            "Actual Total Time": 760.952,
                                            "Actual Rows": 2922114,
                                            "Actual Loops": 1
                                        },
                                        {
                                            "Worker Number": 5,
                                            "Actual Startup Time": 384.163,
                                            "Actual Total Time": 762.239,
                                            "Actual Rows": 2902577,
                                            "Actual Loops": 1
                                        }
                                    ]
                                }
                            ]
                        }
                    ]
                }
            ]
        },
        "Planning Time": 288.67,
        "Triggers": [],
        "Execution Time": 923.568
    }
]