[
  {
    "Plan": {
      "Node Type": "Aggregate",
      "Strategy": "Plain",
      "Partial Mode": "Finalize",
      "Parallel Aware": false,
      "Startup Cost": 78135.92,
      "Total Cost": 78135.93,
      "Plan Rows": 1,
      "Plan Width": 8,
      "Actual Startup Time": 288.091,
      "Actual Total Time": 305.892,
      "Actual Rows": 1,
      "Actual Loops": 1,
      "Plans": [
        {
          "Node Type": "Gather",
          "Parent Relationship": "Outer",
          "Parallel Aware": false,
          "Startup Cost": 78135.61,
          "Total Cost": 78135.92,
          "Plan Rows": 3,
          "Plan Width": 8,
          "Actual Startup Time": 286.641,
          "Actual Total Time": 305.881,
          "Actual Rows": 4,
          "Actual Loops": 1,
          "Workers Planned": 3,
          "Workers Launched": 3,
          "Single Copy": false,
          "Plans": [
            {
              "Node Type": "Aggregate",
              "Strategy": "Plain",
              "Partial Mode": "Partial",
              "Parent Relationship": "Outer",
              "Parallel Aware": false,
              "Startup Cost": 77135.61,
              "Total Cost": 77135.62,
              "Plan Rows": 1,
              "Plan Width": 8,
              "Actual Startup Time": 281.185,
              "Actual Total Time": 281.188,
              "Actual Rows": 1,
              "Actual Loops": 4,
              "Plans": [
                {
                  "Node Type": "Hash Join",
                  "Parent Relationship": "Outer",
                  "Parallel Aware": true,
                  "Join Type": "Inner",
                  "Startup Cost": 46449.12,
                  "Total Cost": 76991.65,
                  "Plan Rows": 57583,
                  "Plan Width": 0,
                  "Actual Startup Time": 171.92,
                  "Actual Total Time": 276.882,
                  "Actual Rows": 104104,
                  "Actual Loops": 4,
                  "Inner Unique": true,
                  "Hash Cond": "(mc.movie_id = t.id)",
                  "Plans": [
                    {
                      "Node Type": "Seq Scan",
                      "Parent Relationship": "Outer",
                      "Parallel Aware": true,
                      "Relation Name": "movie_companies",
                      "Alias": "mc",
                      "Startup Cost": 0.0,
                      "Total Cost": 29310.68,
                      "Plan Rows": 469274,
                      "Plan Width": 4,
                      "Actual Startup Time": 0.029,
                      "Actual Total Time": 71.036,
                      "Actual Rows": 366048,
                      "Actual Loops": 4,
                      "Filter": "(company_id < 13203)",
                      "Rows Removed by Filter": 286234
                    },
                    {
                      "Node Type": "Hash",
                      "Parent Relationship": "Inner",
                      "Parallel Aware": true,
                      "Startup Cost": 45479.59,
                      "Total Cost": 45479.59,
                      "Plan Rows": 77563,
                      "Plan Width": 4,
                      "Actual Startup Time": 139.506,
                      "Actual Total Time": 139.507,
                      "Actual Rows": 100185,
                      "Actual Loops": 4,
                      "Hash Buckets": 524288,
                      "Original Hash Buckets": 524288,
                      "Hash Batches": 1,
                      "Original Hash Batches": 1,
                      "Peak Memory Usage": 19840,
                      "Plans": [
                        {
                          "Node Type": "Seq Scan",
                          "Parent Relationship": "Outer",
                          "Parallel Aware": true,
                          "Relation Name": "title",
                          "Alias": "t",
                          "Startup Cost": 0.0,
                          "Total Cost": 45479.59,
                          "Plan Rows": 77563,
                          "Plan Width": 4,
                          "Actual Startup Time": 61.238,
                          "Actual Total Time": 103.423,
                          "Actual Rows": 100185,
                          "Actual Loops": 4,
                          "Filter": "((production_year < 2003) AND (kind_id = 1))",
                          "Rows Removed by Filter": 531893
                        }
                      ]
                    }
                  ]
                }
              ]
            }
          ]
        }
      ]
    },
    "Planning Time": 0.767,
    "Triggers": [],
    "Execution Time": 305.964
  }
]