[
  {
    "Plan": {
      "Node Type": "Aggregate",
      "Strategy": "Plain",
      "Partial Mode": "Finalize",
      "Parallel Aware": false,
      "Startup Cost": 620748.2,
      "Total Cost": 620748.21,
      "Plan Rows": 1,
      "Plan Width": 8,
      "Actual Startup Time": 9239.246,
      "Actual Total Time": 9320.588,
      "Actual Rows": 1,
      "Actual Loops": 1,
      "Plans": [
        {
          "Node Type": "Gather",
          "Parent Relationship": "Outer",
          "Parallel Aware": false,
          "Startup Cost": 620747.57,
          "Total Cost": 620748.18,
          "Plan Rows": 6,
          "Plan Width": 8,
          "Actual Startup Time": 9190.388,
          "Actual Total Time": 9320.572,
          "Actual Rows": 7,
          "Actual Loops": 1,
          "Workers Planned": 6,
          "Workers Launched": 6,
          "Single Copy": false,
          "Plans": [
            {
              "Node Type": "Aggregate",
              "Strategy": "Plain",
              "Partial Mode": "Partial",
              "Parent Relationship": "Outer",
              "Parallel Aware": false,
              "Startup Cost": 619747.57,
              "Total Cost": 619747.58,
              "Plan Rows": 1,
              "Plan Width": 8,
              "Actual Startup Time": 9173.036,
              "Actual Total Time": 9173.441,
              "Actual Rows": 1,
              "Actual Loops": 7,
              "Plans": [
                {
                  "Node Type": "Hash Join",
                  "Parent Relationship": "Outer",
                  "Parallel Aware": true,
                  "Join Type": "Inner",
                  "Startup Cost": 253542.77,
                  "Total Cost": 602835.92,
                  "Plan Rows": 6764662,
                  "Plan Width": 0,
                  "Actual Startup Time": 1332.383,
                  "Actual Total Time": 7682.916,
                  "Actual Rows": 33615381,
                  "Actual Loops": 7,
                  "Inner Unique": false,
                  "Hash Cond": "(ci.movie_id = t.id)",
                  "Plans": [
                    {
                      "Node Type": "Seq Scan",
                      "Parent Relationship": "Outer",
                      "Parallel Aware": true,
                      "Relation Name": "cast_info",
                      "Alias": "ci",
                      "Startup Cost": 0.0,
                      "Total Cost": 313106.51,
                      "Plan Rows": 6041951,
                      "Plan Width": 4,
                      "Actual Startup Time": 0.033,
                      "Actual Total Time": 571.163,
                      "Actual Rows": 5177763,
                      "Actual Loops": 7
                    },
                    {
                      "Node Type": "Hash",
                      "Parent Relationship": "Inner",
                      "Parallel Aware": true,
                      "Startup Cost": 246465.62,
                      "Total Cost": 246465.62,
                      "Plan Rows": 566172,
                      "Plan Width": 8,
                      "Actual Startup Time": 1326.541,
                      "Actual Total Time": 1326.945,
                      "Actual Rows": 670632,
                      "Actual Loops": 7,
                      "Hash Buckets": 8388608,
                      "Original Hash Buckets": 4194304,
                      "Hash Batches": 1,
                      "Original Hash Batches": 1,
                      "Peak Memory Usage": 282080,
                      "Plans": [
                        {
                          "Node Type": "Hash Join",
                          "Parent Relationship": "Outer",
                          "Parallel Aware": true,
                          "Join Type": "Inner",
                          "Startup Cost": 46986.21,
                          "Total Cost": 246465.62,
                          "Plan Rows": 566172,
                          "Plan Width": 8,
                          "Actual Startup Time": 122.481,
                          "Actual Total Time": 872.032,
                          "Actual Rows": 670632,
                          "Actual Loops": 7,
                          "Inner Unique": true,
                          "Hash Cond": "(mi.movie_id = t.id)",
                          "Plans": [
                            {
                              "Node Type": "Seq Scan",
                              "Parent Relationship": "Outer",
                              "Parallel Aware": true,
                              "Relation Name": "movie_info",
                              "Alias": "mi",
                              "Startup Cost": 0.0,
                              "Total Cost": 191685.19,
                              "Plan Rows": 2969219,
                              "Plan Width": 4,
                              "Actual Startup Time": 0.032,
                              "Actual Total Time": 306.033,
                              "Actual Rows": 2119389,
                              "Actual Loops": 7
                            },
                            {
                              "Node Type": "Hash",
                              "Parent Relationship": "Inner",
                              "Parallel Aware": true,
                              "Startup Cost": 45479.59,
                              "Total Cost": 45479.59,
                              "Plan Rows": 120530,
                              "Plan Width": 4,
                              "Actual Startup Time": 110.52,
                              "Actual Total Time": 110.521,
                              "Actual Rows": 50747,
                              "Actual Loops": 7,
                              "Hash Buckets": 524288,
                              "Original Hash Buckets": 524288,
                              "Hash Batches": 1,
                              "Original Hash Batches": 1,
                              "Peak Memory Usage": 18112,
                              "Plans": [
                                {
                                  "Node Type": "Seq Scan",
                                  "Parent Relationship": "Outer",
                                  "Parallel Aware": true,
                                  "Relation Name": "title",
                                  "Alias": "t",
                                  "Startup Cost": 0.0,
                                  "Total Cost": 45479.59,
                                  "Plan Rows": 120530,
                                  "Plan Width": 4,
                                  "Actual Startup Time": 45.972,
                                  "Actual Total Time": 84.384,
                                  "Actual Rows": 50747,
                                  "Actual Loops": 7,
                                  "Filter": "((production_year > 1986) AND (kind_id = 1))",
                                  "Rows Removed by Filter": 310441
                                }
                              ]
                            }
                          ]
                        }
                      ]
                    }
                  ]
                }
              ]
            }
          ]
        }
      ]
    },
    "Planning Time": 0.871,
    "Triggers": [],
    "Execution Time": 9320.65
  }
]