[
  {
    "Plan": {
      "Node Type": "Aggregate",
      "Strategy": "Plain",
      "Partial Mode": "Finalize",
      "Parallel Aware": false,
      "Startup Cost": 345973.67,
      "Total Cost": 345973.68,
      "Plan Rows": 1,
      "Plan Width": 8,
      "Actual Startup Time": 628.614,
      "Actual Total Time": 676.776,
      "Actual Rows": 1,
      "Actual Loops": 1,
      "Plans": [
        {
          "Node Type": "Gather",
          "Parent Relationship": "Outer",
          "Parallel Aware": false,
          "Startup Cost": 345973.05,
          "Total Cost": 345973.66,
          "Plan Rows": 6,
          "Plan Width": 8,
          "Actual Startup Time": 628.441,
          "Actual Total Time": 676.759,
          "Actual Rows": 7,
          "Actual Loops": 1,
          "Workers Planned": 6,
          "Workers Launched": 6,
          "Single Copy": false,
          "Plans": [
            {
              "Node Type": "Aggregate",
              "Strategy": "Plain",
              "Partial Mode": "Partial",
              "Parent Relationship": "Outer",
              "Parallel Aware": false,
              "Startup Cost": 344973.05,
              "Total Cost": 344973.06,
              "Plan Rows": 1,
              "Plan Width": 8,
              "Actual Startup Time": 621.271,
              "Actual Total Time": 621.272,
              "Actual Rows": 1,
              "Actual Loops": 7,
              "Plans": [
                {
                  "Node Type": "Seq Scan",
                  "Parent Relationship": "Outer",
                  "Parallel Aware": true,
                  "Relation Name": "cast_info",
                  "Alias": "ci",
                  "Startup Cost": 0.0,
                  "Total Cost": 343316.27,
                  "Plan Rows": 662710,
                  "Plan Width": 0,
                  "Actual Startup Time": 371.624,
                  "Actual Total Time": 582.216,
                  "Actual Rows": 867830,
                  "Actual Loops": 7,
                  "Filter": "((person_id > 3041680) AND (role_id > 1))",
                  "Rows Removed by Filter": 4309933
                }
              ]
            }
          ]
        }
      ]
    },
    "Planning Time": 0.088,
    "Triggers": [],
    "Execution Time": 676.818
  }
]