[
  {
    "Plan": {
      "Node Type": "Aggregate",
      "Strategy": "Plain",
      "Partial Mode": "Finalize",
      "Parallel Aware": false,
      "Startup Cost": 334005.95,
      "Total Cost": 334005.96,
      "Plan Rows": 1,
      "Plan Width": 8,
      "Actual Startup Time": 610.483,
      "Actual Total Time": 666.531,
      "Actual Rows": 1,
      "Actual Loops": 1,
      "Plans": [
        {
          "Node Type": "Gather",
          "Parent Relationship": "Outer",
          "Parallel Aware": false,
          "Startup Cost": 334005.32,
          "Total Cost": 334005.93,
          "Plan Rows": 6,
          "Plan Width": 8,
          "Actual Startup Time": 610.371,
          "Actual Total Time": 666.52,
          "Actual Rows": 7,
          "Actual Loops": 1,
          "Workers Planned": 6,
          "Workers Launched": 6,
          "Single Copy": false,
          "Plans": [
            {
              "Node Type": "Aggregate",
              "Strategy": "Plain",
              "Partial Mode": "Partial",
              "Parent Relationship": "Outer",
              "Parallel Aware": false,
              "Startup Cost": 333005.32,
              "Total Cost": 333005.33,
              "Plan Rows": 1,
              "Plan Width": 8,
              "Actual Startup Time": 601.738,
              "Actual Total Time": 601.739,
              "Actual Rows": 1,
              "Actual Loops": 7,
              "Plans": [
                {
                  "Node Type": "Seq Scan",
                  "Parent Relationship": "Outer",
                  "Parallel Aware": true,
                  "Relation Name": "cast_info",
                  "Alias": "ci",
                  "Startup Cost": 0.0,
                  "Total Cost": 328162.03,
                  "Plan Rows": 1937318,
                  "Plan Width": 0,
                  "Actual Startup Time": 263.246,
                  "Actual Total Time": 537.186,
                  "Actual Rows": 1651690,
                  "Actual Loops": 7,
                  "Filter": "(person_id > 2539858)",
                  "Rows Removed by Filter": 3526074
                }
              ]
            }
          ]
        }
      ]
    },
    "Planning Time": 0.177,
    "Triggers": [],
    "Execution Time": 666.597
  }
]