[
  {
    "Plan": {
      "Node Type": "Aggregate",
      "Strategy": "Plain",
      "Partial Mode": "Finalize",
      "Parallel Aware": false,
      "Startup Cost": 31782.56,
      "Total Cost": 31782.57,
      "Plan Rows": 1,
      "Plan Width": 8,
      "Actual Startup Time": 133.456,
      "Actual Total Time": 144.784,
      "Actual Rows": 1,
      "Actual Loops": 1,
      "Plans": [
        {
          "Node Type": "Gather",
          "Parent Relationship": "Outer",
          "Parallel Aware": false,
          "Startup Cost": 31782.25,
          "Total Cost": 31782.56,
          "Plan Rows": 3,
          "Plan Width": 8,
          "Actual Startup Time": 133.339,
          "Actual Total Time": 144.774,
          "Actual Rows": 4,
          "Actual Loops": 1,
          "Workers Planned": 3,
          "Workers Launched": 3,
          "Single Copy": false,
          "Plans": [
            {
              "Node Type": "Aggregate",
              "Strategy": "Plain",
              "Partial Mode": "Partial",
              "Parent Relationship": "Outer",
              "Parallel Aware": false,
              "Startup Cost": 30782.25,
              "Total Cost": 30782.26,
              "Plan Rows": 1,
              "Plan Width": 8,
              "Actual Startup Time": 126.593,
              "Actual Total Time": 126.594,
              "Actual Rows": 1,
              "Actual Loops": 4,
              "Plans": [
                {
                  "Node Type": "Seq Scan",
                  "Parent Relationship": "Outer",
                  "Parallel Aware": true,
                  "Relation Name": "movie_companies",
                  "Alias": "mc",
                  "Startup Cost": 0.0,
                  "Total Cost": 29310.68,
                  "Plan Rows": 588626,
                  "Plan Width": 0,
                  "Actual Startup Time": 0.055,
                  "Actual Total Time": 98.077,
                  "Actual Rows": 452685,
                  "Actual Loops": 4,
                  "Filter": "(company_id < 30629)",
                  "Rows Removed by Filter": 199597
                }
              ]
            }
          ]
        }
      ]
    },
    "Planning Time": 0.187,
    "Triggers": [],
    "Execution Time": 145.709
  }
]