[
    {
        "Bao": {
            "Bao prediction": "NaN",
            "Bao recommended hint": "(no hint)"
        }
    },
    {
        "Plan": {
            "Node Type": "Aggregate",
            "Strategy": "Plain",
            "Partial Mode": "Simple",
            "Parallel Aware": false,
            "Startup Cost": 21264.48,
            "Total Cost": 21264.49,
            "Plan Rows": 1,
            "Plan Width": 8,
            "Actual Startup Time": 29.694,
            "Actual Total Time": 29.697,
            "Actual Rows": 1,
            "Actual Loops": 1,
            "Output": [
                "count(*)"
            ],
            "Plans": [
                {
                    "Node Type": "Bitmap Heap Scan",
                    "Parent Relationship": "Outer",
                    "Parallel Aware": false,
                    "Relation Name": "movie_companies",
                    "Schema": "public",
                    "Alias": "mc",
                    "Startup Cost": 1410.9,
                    "Total Cost": 21181.18,
                    "Plan Rows": 33319,
                    "Plan Width": 0,
                    "Actual Startup Time": 26.269,
                    "Actual Total Time": 29.144,
                    "Actual Rows": 8290,
                    "Actual Loops": 1,
                    "Recheck Cond": "(mc.company_id < 11)",
                    "Rows Removed by Index Recheck": 0,
                    "Filter": "(mc.company_type_id = 2)",
                    "Rows Removed by Filter": 61638,
                    "Exact Heap Blocks": 6512,
                    "Lossy Heap Blocks": 0,
                    "Plans": [
                        {
                            "Node Type": "Bitmap Index Scan",
                            "Parent Relationship": "Outer",
                            "Parallel Aware": false,
                            "Index Name": "company_id_movie_companies",
                            "Startup Cost": 0.0,
                            "Total Cost": 1402.57,
                            "Plan Rows": 65352,
                            "Plan Width": 0,
                            "Actual Startup Time": 5.426,
                            "Actual Total Time": 5.427,
                            "Actual Rows": 69928,
                            "Actual Loops": 1,
                            "Index Cond": "(mc.company_id < 11)"
                        }
                    ]
                }
            ]
        },
        "Planning Time": 279.426,
        "Triggers": [],
        "Execution Time": 29.756
    }
]