{
  "Plan": {
    "Node Type": "Aggregate",
    "Strategy": "Plain",
    "Partial Mode": "Finalize",
    "Parallel Aware": false,
    "Startup Cost": 76014.06,
    "Total Cost": 76014.07,
    "Plan Rows": 1,
    "Plan Width": 8,
    "Actual Startup Time": 555.472,
    "Actual Total Time": 629.446,
    "Actual Rows": 1,
    "Actual Loops": 1,
    "Plans": [
      {
        "Node Type": "Gather",
        "Parent Relationship": "Outer",
        "Parallel Aware": false,
        "Startup Cost": 76013.95,
        "Total Cost": 76014.06,
        "Plan Rows": 1,
        "Plan Width": 8,
        "Actual Startup Time": 555.221,
        "Actual Total Time": 629.439,
        "Actual Rows": 2,
        "Actual Loops": 1,
        "Workers Planned": 1,
        "Workers Launched": 1,
        "Single Copy": false,
        "Plans": [
          {
            "Node Type": "Aggregate",
            "Strategy": "Plain",
            "Partial Mode": "Partial",
            "Parent Relationship": "Outer",
            "Parallel Aware": false,
            "Startup Cost": 75013.95,
            "Total Cost": 75013.96,
            "Plan Rows": 1,
            "Plan Width": 8,
            "Actual Startup Time": 548.955,
            "Actual Total Time": 548.957,
            "Actual Rows": 1,
            "Actual Loops": 2,
            "Plans": [
              {
                "Node Type": "Nested Loop",
                "Parent Relationship": "Outer",
                "Parallel Aware": false,
                "Join Type": "Inner",
                "Startup Cost": 233.57,
                "Total Cost": 74832.25,
                "Plan Rows": 72682,
                "Plan Width": 0,
                "Actual Startup Time": 7.062,
                "Actual Total Time": 538.574,
                "Actual Rows": 199217,
                "Actual Loops": 2,
                "Inner Unique": false,
                "Plans": [
                  {
                    "Node Type": "Nested Loop",
                    "Parent Relationship": "Outer",
                    "Parallel Aware": false,
                    "Join Type": "Inner",
                    "Startup Cost": 233.0,
                    "Total Cost": 60779.24,
                    "Plan Rows": 6386,
                    "Plan Width": 8,
                    "Actual Startup Time": 6.849,
                    "Actual Total Time": 52.975,
                    "Actual Rows": 5400,
                    "Actual Loops": 2,
                    "Inner Unique": true,
                    "Plans": [
                      {
                        "Node Type": "Bitmap Heap Scan",
                        "Parent Relationship": "Outer",
                        "Parallel Aware": true,
                        "Relation Name": "movie_keyword",
                        "Alias": "mk",
                        "Startup Cost": 232.57,
                        "Total Cost": 19785.49,
                        "Plan Rows": 6386,
                        "Plan Width": 4,
                        "Actual Startup Time": 6.712,
                        "Actual Total Time": 20.322,
                        "Actual Rows": 5400,
                        "Actual Loops": 2,
                        "Recheck Cond": "(keyword_id = 347)",
                        "Rows Removed by Index Recheck": 0,
                        "Exact Heap Blocks": 4948,
                        "Lossy Heap Blocks": 0,
                        "Plans": [
                          {
                            "Node Type": "Bitmap Index Scan",
                            "Parent Relationship": "Outer",
                            "Parallel Aware": false,
                            "Index Name": "keyword_id_movie_keyword",
                            "Startup Cost": 0.0,
                            "Total Cost": 229.86,
                            "Plan Rows": 10857,
                            "Plan Width": 0,
                            "Actual Startup Time": 7.615,
                            "Actual Total Time": 7.615,
                            "Actual Rows": 10799,
                            "Actual Loops": 1,
                            "Index Cond": "(keyword_id = 347)"
                          }
                        ]
                      },
                      {
                        "Node Type": "Index Only Scan",
                        "Parent Relationship": "Inner",
                        "Parallel Aware": false,
                        "Scan Direction": "Forward",
                        "Index Name": "title_pkey",
                        "Relation Name": "title",
                        "Alias": "t",
                        "Startup Cost": 0.43,
                        "Total Cost": 6.42,
                        "Plan Rows": 1,
                        "Plan Width": 4,
                        "Actual Startup Time": 0.006,
                        "Actual Total Time": 0.006,
                        "Actual Rows": 1,
                        "Actual Loops": 10799,
                        "Index Cond": "(id = mk.movie_id)",
                        "Rows Removed by Index Recheck": 0,
                        "Heap Fetches": 10799
                      }
                    ]
                  },
                  {
                    "Node Type": "Index Scan",
                    "Parent Relationship": "Inner",
                    "Parallel Aware": false,
                    "Scan Direction": "Forward",
                    "Index Name": "movie_id_cast_info",
                    "Relation Name": "cast_info",
                    "Alias": "ci",
                    "Startup Cost": 0.56,
                    "Total Cost": 1.91,
                    "Plan Rows": 29,
                    "Plan Width": 4,
                    "Actual Startup Time": 0.01,
                    "Actual Total Time": 0.087,
                    "Actual Rows": 37,
                    "Actual Loops": 10799,
                    "Index Cond": "(movie_id = t.id)",
                    "Rows Removed by Index Recheck": 0,
                    "Filter": "(role_id < 8)",
                    "Rows Removed by Filter": 17
                  }
                ]
              }
            ]
          }
        ]
      }
    ]
  },
  "Planning Time": 0.963,
  "Triggers": [],
  "Execution Time": 629.566
}