[
  {
    "Plan": {
      "Node Type": "Aggregate",
      "Strategy": "Plain",
      "Partial Mode": "Finalize",
      "Parallel Aware": false,
      "Startup Cost": 39641.76,
      "Total Cost": 39641.77,
      "Plan Rows": 1,
      "Plan Width": 8,
      "Actual Startup Time": 143.205,
      "Actual Total Time": 151.031,
      "Actual Rows": 1,
      "Actual Loops": 1,
      "Plans": [
        {
          "Node Type": "Gather",
          "Parent Relationship": "Outer",
          "Parallel Aware": false,
          "Startup Cost": 39641.44,
          "Total Cost": 39641.75,
          "Plan Rows": 3,
          "Plan Width": 8,
          "Actual Startup Time": 142.885,
          "Actual Total Time": 151.012,
          "Actual Rows": 4,
          "Actual Loops": 1,
          "Workers Planned": 3,
          "Workers Launched": 3,
          "Single Copy": false,
          "Plans": [
            {
              "Node Type": "Aggregate",
              "Strategy": "Plain",
              "Partial Mode": "Partial",
              "Parent Relationship": "Outer",
              "Parallel Aware": false,
              "Startup Cost": 38641.44,
              "Total Cost": 38641.45,
              "Plan Rows": 1,
              "Plan Width": 8,
              "Actual Startup Time": 133.231,
              "Actual Total Time": 133.234,
              "Actual Rows": 1,
              "Actual Loops": 4,
              "Plans": [
                {
                  "Node Type": "Bitmap Heap Scan",
                  "Parent Relationship": "Outer",
                  "Parallel Aware": true,
                  "Relation Name": "movie_keyword",
                  "Alias": "mk",
                  "Startup Cost": 11552.59,
                  "Total Cost": 38202.3,
                  "Plan Rows": 175657,
                  "Plan Width": 0,
                  "Actual Startup Time": 47.305,
                  "Actual Total Time": 125.143,
                  "Actual Rows": 136116,
                  "Actual Loops": 4,
                  "Recheck Cond": "(keyword_id > 33753)",
                  "Rows Removed by Index Recheck": 0,
                  "Exact Heap Blocks": 10701,
                  "Lossy Heap Blocks": 0,
                  "Plans": [
                    {
                      "Node Type": "Bitmap Index Scan",
                      "Parent Relationship": "Outer",
                      "Parallel Aware": false,
                      "Index Name": "keyword_id_movie_keyword",
                      "Startup Cost": 0.0,
                      "Total Cost": 11416.45,
                      "Plan Rows": 544536,
                      "Plan Width": 0,
                      "Actual Startup Time": 52.624,
                      "Actual Total Time": 52.624,
                      "Actual Rows": 544464,
                      "Actual Loops": 1,
                      "Index Cond": "(keyword_id > 33753)"
                    }
                  ]
                }
              ]
            }
          ]
        }
      ]
    },
    "Planning Time": 0.153,
    "Triggers": [],
    "Execution Time": 151.11
  }
]