{
  "Plan": {
    "Node Type": "Aggregate",
    "Strategy": "Plain",
    "Partial Mode": "Finalize",
    "Parallel Aware": false,
    "Startup Cost": 92002.52,
    "Total Cost": 92002.53,
    "Plan Rows": 1,
    "Plan Width": 8,
    "Actual Startup Time": 451.717,
    "Actual Total Time": 465.788,
    "Actual Rows": 1,
    "Actual Loops": 1,
    "Plans": [
      {
        "Node Type": "Gather",
        "Parent Relationship": "Outer",
        "Parallel Aware": false,
        "Startup Cost": 92002.4,
        "Total Cost": 92002.51,
        "Plan Rows": 1,
        "Plan Width": 8,
        "Actual Startup Time": 448.31,
        "Actual Total Time": 465.781,
        "Actual Rows": 2,
        "Actual Loops": 1,
        "Workers Planned": 1,
        "Workers Launched": 1,
        "Single Copy": false,
        "Plans": [
          {
            "Node Type": "Aggregate",
            "Strategy": "Plain",
            "Partial Mode": "Partial",
            "Parent Relationship": "Outer",
            "Parallel Aware": false,
            "Startup Cost": 91002.4,
            "Total Cost": 91002.41,
            "Plan Rows": 1,
            "Plan Width": 8,
            "Actual Startup Time": 441.396,
            "Actual Total Time": 441.4,
            "Actual Rows": 1,
            "Actual Loops": 2,
            "Plans": [
              {
                "Node Type": "Hash Join",
                "Parent Relationship": "Outer",
                "Parallel Aware": true,
                "Join Type": "Inner",
                "Startup Cost": 65282.11,
                "Total Cost": 90970.64,
                "Plan Rows": 12704,
                "Plan Width": 0,
                "Actual Startup Time": 407.942,
                "Actual Total Time": 440.361,
                "Actual Rows": 17678,
                "Actual Loops": 2,
                "Inner Unique": true,
                "Hash Cond": "(mk.movie_id = t.id)",
                "Plans": [
                  {
                    "Node Type": "Bitmap Heap Scan",
                    "Parent Relationship": "Outer",
                    "Parallel Aware": true,
                    "Relation Name": "movie_keyword",
                    "Alias": "mk",
                    "Startup Cost": 869.14,
                    "Total Cost": 26494.58,
                    "Plan Rows": 24039,
                    "Plan Width": 4,
                    "Actual Startup Time": 4.028,
                    "Actual Total Time": 23.483,
                    "Actual Rows": 20920,
                    "Actual Loops": 2,
                    "Recheck Cond": "(keyword_id = 117)",
                    "Rows Removed by Index Recheck": 0,
                    "Exact Heap Blocks": 9063,
                    "Lossy Heap Blocks": 0,
                    "Plans": [
                      {
                        "Node Type": "Bitmap Index Scan",
                        "Parent Relationship": "Outer",
                        "Parallel Aware": false,
                        "Index Name": "keyword_id_movie_keyword",
                        "Startup Cost": 0.0,
                        "Total Cost": 858.93,
                        "Plan Rows": 40866,
                        "Plan Width": 0,
                        "Actual Startup Time": 2.418,
                        "Actual Total Time": 2.418,
                        "Actual Rows": 41840,
                        "Actual Loops": 1,
                        "Index Cond": "(keyword_id = 117)"
                      }
                    ]
                  },
                  {
                    "Node Type": "Hash",
                    "Parent Relationship": "Inner",
                    "Parallel Aware": true,
                    "Startup Cost": 54588.39,
                    "Total Cost": 54588.39,
                    "Plan Rows": 785966,
                    "Plan Width": 4,
                    "Actual Startup Time": 391.402,
                    "Actual Total Time": 391.403,
                    "Actual Rows": 674146,
                    "Actual Loops": 2,
                    "Hash Buckets": 2097152,
                    "Original Hash Buckets": 2097152,
                    "Hash Batches": 1,
                    "Original Hash Batches": 1,
                    "Peak Memory Usage": 69184,
                    "Plans": [
                      {
                        "Node Type": "Seq Scan",
                        "Parent Relationship": "Outer",
                        "Parallel Aware": true,
                        "Relation Name": "title",
                        "Alias": "t",
                        "Startup Cost": 0.0,
                        "Total Cost": 54588.39,
                        "Plan Rows": 785966,
                        "Plan Width": 4,
                        "Actual Startup Time": 0.028,
                        "Actual Total Time": 187.6,
                        "Actual Rows": 674146,
                        "Actual Loops": 2,
                        "Filter": "(production_year < 2005)",
                        "Rows Removed by Filter": 590010
                      }
                    ]
                  }
                ]
              }
            ]
          }
        ]
      }
    ]
  },
  "Planning Time": 0.521,
  "Triggers": [],
  "Execution Time": 465.864
}