[
    {
        "Bao": {
            "Bao prediction": "NaN",
            "Bao recommended hint": "(no hint)"
        }
    },
    {
        "Plan": {
            "Node Type": "Aggregate",
            "Strategy": "Plain",
            "Partial Mode": "Finalize",
            "Parallel Aware": false,
            "Startup Cost": 449895.57,
            "Total Cost": 449895.58,
            "Plan Rows": 1,
            "Plan Width": 8,
            "Actual Startup Time": 3142.936,
            "Actual Total Time": 3179.694,
            "Actual Rows": 1,
            "Actual Loops": 1,
            "Output": [
                "count(*)"
            ],
            "Plans": [
                {
                    "Node Type": "Gather",
                    "Parent Relationship": "Outer",
                    "Parallel Aware": false,
                    "Startup Cost": 449894.95,
                    "Total Cost": 449895.56,
                    "Plan Rows": 6,
                    "Plan Width": 8,
                    "Actual Startup Time": 3112.153,
                    "Actual Total Time": 3179.682,
                    "Actual Rows": 7,
                    "Actual Loops": 1,
                    "Output": [
                        "(PARTIAL count(*))"
                    ],
                    "Workers Planned": 6,
                    "Workers Launched": 6,
                    "Single Copy": false,
                    "Plans": [
                        {
                            "Node Type": "Aggregate",
                            "Strategy": "Plain",
                            "Partial Mode": "Partial",
                            "Parent Relationship": "Outer",
                            "Parallel Aware": false,
                            "Startup Cost": 448894.95,
                            "Total Cost": 448894.96,
                            "Plan Rows": 1,
                            "Plan Width": 8,
                            "Actual Startup Time": 3100.129,
                            "Actual Total Time": 3100.572,
                            "Actual Rows": 1,
                            "Actual Loops": 7,
                            "Output": [
                                "PARTIAL count(*)"
                            ],
                            "Workers": [
                                {
                                    "Worker Number": 0,
                                    "Actual Startup Time": 3097.916,
                                    "Actual Total Time": 3097.921,
                                    "Actual Rows": 1,
                                    "Actual Loops": 1
                                },
                                {
                                    "Worker Number": 1,
                                    "Actual Startup Time": 3097.791,
                                    "Actual Total Time": 3097.797,
                                    "Actual Rows": 1,
                                    "Actual Loops": 1
                                },
                                {
                                    "Worker Number": 2,
                                    "Actual Startup Time": 3098.074,
                                    "Actual Total Time": 3098.079,
                                    "Actual Rows": 1,
                                    "Actual Loops": 1
                                },
                                {
                                    "Worker Number": 3,
                                    "Actual Startup Time": 3098.08,
                                    "Actual Total Time": 3098.084,
                                    "Actual Rows": 1,
                                    "Actual Loops": 1
                                },
                                {
                                    "Worker Number": 4,
                                    "Actual Startup Time": 3098.111,
                                    "Actual Total Time": 3098.114,
                                    "Actual Rows": 1,
                                    "Actual Loops": 1
                                },
                                {
                                    "Worker Number": 5,
                                    "Actual Startup Time": 3099.279,
                                    "Actual Total Time": 3099.285,
                                    "Actual Rows": 1,
                                    "Actual Loops": 1
                                }
                            ],
                            "Plans": [
                                {
                                    "Node Type": "Hash Join",
                                    "Parent Relationship": "Outer",
                                    "Parallel Aware": true,
                                    "Join Type": "Inner",
                                    "Startup Cost": 98228.39,
                                    "Total Cost": 442389.19,
                                    "Plan Rows": 2602301,
                                    "Plan Width": 0,
                                    "Actual Startup Time": 466.939,
                                    "Actual Total Time": 2746.279,
                                    "Actual Rows": 7324503,
                                    "Actual Loops": 7,
                                    "Inner Unique": false,
                                    "Hash Cond": "(ci.movie_id = t.id)",
                                    "Workers": [
                                        {
                                            "Worker Number": 0,
                                            "Actual Startup Time": 464.887,
                                            "Actual Total Time": 2729.217,
                                            "Actual Rows": 6676927,
                                            "Actual Loops": 1
                                        },
                                        {
                                            "Worker Number": 1,
                                            "Actual Startup Time": 464.759,
                                            "Actual Total Time": 2753.308,
                                            "Actual Rows": 6414241,
                                            "Actual Loops": 1
                                        },
                                        {
                                            "Worker Number": 2,
                                            "Actual Startup Time": 465.109,
                                            "Actual Total Time": 2732.23,
                                            "Actual Rows": 6852486,
                                            "Actual Loops": 1
                                        },
                                        {
                                            "Worker Number": 3,
                                            "Actual Startup Time": 465.054,
                                            "Actual Total Time": 2753.582,
                                            "Actual Rows": 8327881,
                                            "Actual Loops": 1
                                        },
                                        {
                                            "Worker Number": 4,
                                            "Actual Startup Time": 465.03,
                                            "Actual Total Time": 2754.374,
                                            "Actual Rows": 8350777,
                                            "Actual Loops": 1
                                        },
                                        {
                                            "Worker Number": 5,
                                            "Actual Startup Time": 465.107,
                                            "Actual Total Time": 2775.681,
                                            "Actual Rows": 7822387,
                                            "Actual Loops": 1
                                        }
                                    ],
                                    "Plans": [
                                        {
                                            "Node Type": "Seq Scan",
                                            "Parent Relationship": "Outer",
                                            "Parallel Aware": true,
                                            "Relation Name": "cast_info",
                                            "Schema": "public",
                                            "Alias": "ci",
                                            "Startup Cost": 0.0,
                                            "Total Cost": 313108.29,
                                            "Plan Rows": 6042129,
                                            "Plan Width": 4,
                                            "Actual Startup Time": 0.026,
                                            "Actual Total Time": 529.537,
                                            "Actual Rows": 5177763,
                                            "Actual Loops": 7,
                                            "Output": [
                                                "ci.id",
                                                "ci.person_id",
                                                "ci.movie_id",
                                                "ci.person_role_id",
                                                "ci.note",
                                                "ci.nr_order",
                                                "ci.role_id"
                                            ],
                                            "Workers": [
                                                {
                                                    "Worker Number": 0,
                                                    "Actual Startup Time": 0.027,
                                                    "Actual Total Time": 555.775,
                                                    "Actual Rows": 4661192,
                                                    "Actual Loops": 1
                                                },
                                                {
                                                    "Worker Number": 1,
                                                    "Actual Startup Time": 0.035,
                                                    "Actual Total Time": 539.821,
                                                    "Actual Rows": 4532123,
                                                    "Actual Loops": 1
                                                },
                                                {
                                                    "Worker Number": 2,
                                                    "Actual Startup Time": 0.033,
                                                    "Actual Total Time": 550.601,
                                                    "Actual Rows": 4808905,
                                                    "Actual Loops": 1
                                                },
                                                {
                                                    "Worker Number": 3,
                                                    "Actual Startup Time": 0.024,
                                                    "Actual Total Time": 531.129,
                                                    "Actual Rows": 5972391,
                                                    "Actual Loops": 1
                                                },
                                                {
                                                    "Worker Number": 4,
                                                    "Actual Startup Time": 0.028,
                                                    "Actual Total Time": 537.371,
                                                    "Actual Rows": 6058053,
                                                    "Actual Loops": 1
                                                },
                                                {
                                                    "Worker Number": 5,
                                                    "Actual Startup Time": 0.026,
                                                    "Actual Total Time": 503.855,
                                                    "Actual Rows": 5561321,
                                                    "Actual Loops": 1
                                                }
                                            ]
                                        },
                                        {
                                            "Node Type": "Hash",
                                            "Parent Relationship": "Inner",
                                            "Parallel Aware": true,
                                            "Startup Cost": 93837.54,
                                            "Total Cost": 93837.54,
                                            "Plan Rows": 351268,
                                            "Plan Width": 8,
                                            "Actual Startup Time": 462.857,
                                            "Actual Total Time": 463.299,
                                            "Actual Rows": 152028,
                                            "Actual Loops": 7,
                                            "Output": [
                                                "t.id",
                                                "mk.movie_id"
                                            ],
                                            "Hash Buckets": 2097152,
                                            "Original Hash Buckets": 2097152,
                                            "Hash Batches": 1,
                                            "Original Hash Batches": 1,
                                            "Peak Memory Usage": 58112,
                                            "Workers": [
                                                {
                                                    "Worker Number": 0,
                                                    "Actual Startup Time": 464.175,
                                                    "Actual Total Time": 464.178,
                                                    "Actual Rows": 128362,
                                                    "Actual Loops": 1
                                                },
                                                {
                                                    "Worker Number": 1,
                                                    "Actual Startup Time": 463.91,
                                                    "Actual Total Time": 463.914,
                                                    "Actual Rows": 119657,
                                                    "Actual Loops": 1
                                                },
                                                {
                                                    "Worker Number": 2,
                                                    "Actual Startup Time": 464.151,
                                                    "Actual Total Time": 464.154,
                                                    "Actual Rows": 128487,
                                                    "Actual Loops": 1
                                                },
                                                {
                                                    "Worker Number": 3,
                                                    "Actual Startup Time": 464.209,
                                                    "Actual Total Time": 464.212,
                                                    "Actual Rows": 198040,
                                                    "Actual Loops": 1
                                                },
                                                {
                                                    "Worker Number": 4,
                                                    "Actual Startup Time": 464.195,
                                                    "Actual Total Time": 464.198,
                                                    "Actual Rows": 197661,
                                                    "Actual Loops": 1
                                                },
                                                {
                                                    "Worker Number": 5,
                                                    "Actual Startup Time": 464.202,
                                                    "Actual Total Time": 464.205,
                                                    "Actual Rows": 143133,
                                                    "Actual Loops": 1
                                                }
                                            ],
                                            "Plans": [
                                                {
                                                    "Node Type": "Hash Join",
                                                    "Parent Relationship": "Outer",
                                                    "Parallel Aware": true,
                                                    "Join Type": "Inner",
                                                    "Startup Cost": 50219.81,
                                                    "Total Cost": 93837.54,
                                                    "Plan Rows": 351268,
                                                    "Plan Width": 8,
                                                    "Actual Startup Time": 279.388,
                                                    "Actual Total Time": 398.413,
                                                    "Actual Rows": 152028,
                                                    "Actual Loops": 7,
                                                    "Output": [
                                                        "t.id",
                                                        "mk.movie_id"
                                                    ],
                                                    "Inner Unique": true,
                                                    "Hash Cond": "(mk.movie_id = t.id)",
                                                    "Workers": [
                                                        {
                                                            "Worker Number": 0,
                                                            "Actual Startup Time": 279.435,
                                                            "Actual Total Time": 398.373,
                                                            "Actual Rows": 128362,
                                                            "Actual Loops": 1
                                                        },
                                                        {
                                                            "Worker Number": 1,
                                                            "Actual Startup Time": 279.259,
                                                            "Actual Total Time": 398.168,
                                                            "Actual Rows": 119657,
                                                            "Actual Loops": 1
                                                        },
                                                        {
                                                            "Worker Number": 2,
                                                            "Actual Startup Time": 279.42,
                                                            "Actual Total Time": 400.019,
                                                            "Actual Rows": 128487,
                                                            "Actual Loops": 1
                                                        },
                                                        {
                                                            "Worker Number": 3,
                                                            "Actual Startup Time": 279.351,
                                                            "Actual Total Time": 397.488,
                                                            "Actual Rows": 198040,
                                                            "Actual Loops": 1
                                                        },
                                                        {
                                                            "Worker Number": 4,
                                                            "Actual Startup Time": 279.344,
                                                            "Actual Total Time": 397.413,
                                                            "Actual Rows": 197661,
                                                            "Actual Loops": 1
                                                        },
                                                        {
                                                            "Worker Number": 5,
                                                            "Actual Startup Time": 279.312,
                                                            "Actual Total Time": 397.721,
                                                            "Actual Rows": 143133,
                                                            "Actual Loops": 1
                                                        }
                                                    ],
                                                    "Plans": [
                                                        {
                                                            "Node Type": "Seq Scan",
                                                            "Parent Relationship": "Outer",
                                                            "Parallel Aware": true,
                                                            "Relation Name": "movie_keyword",
                                                            "Schema": "public",
                                                            "Alias": "mk",
                                                            "Startup Cost": 0.0,
                                                            "Total Cost": 42695.65,
                                                            "Plan Rows": 351268,
                                                            "Plan Width": 4,
                                                            "Actual Startup Time": 0.926,
                                                            "Actual Total Time": 72.243,
                                                            "Actual Rows": 152028,
                                                            "Actual Loops": 7,
                                                            "Output": [
                                                                "mk.id",
                                                                "mk.movie_id",
                                                                "mk.keyword_id"
                                                            ],
                                                            "Filter": "(mk.keyword_id > 16501)",
                                                            "Rows Removed by Filter": 494248,
                                                            "Workers": [
                                                                {
                                                                    "Worker Number": 0,
                                                                    "Actual Startup Time": 0.941,
                                                                    "Actual Total Time": 74.403,
                                                                    "Actual Rows": 128362,
                                                                    "Actual Loops": 1
                                                                },
                                                                {
                                                                    "Worker Number": 1,
                                                                    "Actual Startup Time": 0.889,
                                                                    "Actual Total Time": 72.95,
                                                                    "Actual Rows": 119657,
                                                                    "Actual Loops": 1
                                                                },
                                                                {
                                                                    "Worker Number": 2,
                                                                    "Actual Startup Time": 0.958,
                                                                    "Actual Total Time": 74.007,
                                                                    "Actual Rows": 128487,
                                                                    "Actual Loops": 1
                                                                },
                                                                {
                                                                    "Worker Number": 3,
                                                                    "Actual Startup Time": 0.95,
                                                                    "Actual Total Time": 72.227,
                                                                    "Actual Rows": 198040,
                                                                    "Actual Loops": 1
                                                                },
                                                                {
                                                                    "Worker Number": 4,
                                                                    "Actual Startup Time": 0.883,
                                                                    "Actual Total Time": 72.477,
                                                                    "Actual Rows": 197661,
                                                                    "Actual Loops": 1
                                                                },
                                                                {
                                                                    "Worker Number": 5,
                                                                    "Actual Startup Time": 0.934,
                                                                    "Actual Total Time": 72.433,
                                                                    "Actual Rows": 143133,
                                                                    "Actual Loops": 1
                                                                }
                                                            ]
                                                        },
                                                        {
                                                            "Node Type": "Hash",
                                                            "Parent Relationship": "Inner",
                                                            "Parallel Aware": true,
                                                            "Startup Cost": 42318.81,
                                                            "Total Cost": 42318.81,
                                                            "Plan Rows": 632080,
                                                            "Plan Width": 4,
                                                            "Actual Startup Time": 273.415,
                                                            "Actual Total Time": 273.416,
                                                            "Actual Rows": 361187,
                                                            "Actual Loops": 7,
                                                            "Output": [
                                                                "t.id"
                                                            ],
                                                            "Hash Buckets": 4194304,
                                                            "Original Hash Buckets": 4194304,
                                                            "Hash Batches": 1,
                                                            "Original Hash Batches": 1,
                                                            "Peak Memory Usage": 131808,
                                                            "Workers": [
                                                                {
                                                                    "Worker Number": 0,
                                                                    "Actual Startup Time": 278.364,
                                                                    "Actual Total Time": 278.365,
                                                                    "Actual Rows": 317106,
                                                                    "Actual Loops": 1
                                                                },
                                                                {
                                                                    "Worker Number": 1,
                                                                    "Actual Startup Time": 278.046,
                                                                    "Actual Total Time": 278.047,
                                                                    "Actual Rows": 277849,
                                                                    "Actual Loops": 1
                                                                },
                                                                {
                                                                    "Worker Number": 2,
                                                                    "Actual Startup Time": 278.366,
                                                                    "Actual Total Time": 278.367,
                                                                    "Actual Rows": 319032,
                                                                    "Actual Loops": 1
                                                                },
                                                                {
                                                                    "Worker Number": 3,
                                                                    "Actual Startup Time": 278.278,
                                                                    "Actual Total Time": 278.279,
                                                                    "Actual Rows": 433056,
                                                                    "Actual Loops": 1
                                                                },
                                                                {
                                                                    "Worker Number": 4,
                                                                    "Actual Startup Time": 278.186,
                                                                    "Actual Total Time": 278.187,
                                                                    "Actual Rows": 439678,
                                                                    "Actual Loops": 1
                                                                },
                                                                {
                                                                    "Worker Number": 5,
                                                                    "Actual Startup Time": 278.26,
                                                                    "Actual Total Time": 278.262,
                                                                    "Actual Rows": 320892,
                                                                    "Actual Loops": 1
                                                                }
                                                            ],
                                                            "Plans": [
                                                                {
                                                                    "Node Type": "Seq Scan",
                                                                    "Parent Relationship": "Outer",
                                                                    "Parallel Aware": true,
                                                                    "Relation Name": "title",
                                                                    "Schema": "public",
                                                                    "Alias": "t",
                                                                    "Startup Cost": 0.0,
                                                                    "Total Cost": 42318.81,
                                                                    "Plan Rows": 632080,
                                                                    "Plan Width": 4,
                                                                    "Actual Startup Time": 0.045,
                                                                    "Actual Total Time": 76.792,
                                                                    "Actual Rows": 361187,
                                                                    "Actual Loops": 7,
                                                                    "Output": [
                                                                        "t.id"
                                                                    ],
                                                                    "Workers": [
                                                                        {
                                                                            "Worker Number": 0,
                                                                            "Actual Startup Time": 0.049,
                                                                            "Actual Total Time": 82.138,
                                                                            "Actual Rows": 317106,
                                                                            "Actual Loops": 1
                                                                        },
                                                                        {
                                                                            "Worker Number": 1,
                                                                            "Actual Startup Time": 0.072,
                                                                            "Actual Total Time": 76.553,
                                                                            "Actual Rows": 277849,
                                                                            "Actual Loops": 1
                                                                        },
                                                                        {
                                                                            "Worker Number": 2,
                                                                            "Actual Startup Time": 0.048,
                                                                            "Actual Total Time": 81.595,
                                                                            "Actual Rows": 319032,
                                                                            "Actual Loops": 1
                                                                        },
                                                                        {
                                                                            "Worker Number": 3,
                                                                            "Actual Startup Time": 0.046,
                                                                            "Actual Total Time": 75.298,
                                                                            "Actual Rows": 433056,
                                                                            "Actual Loops": 1
                                                                        },
                                                                        {
                                                                            "Worker Number": 4,
                                                                            "Actual Startup Time": 0.061,
                                                                            "Actual Total Time": 75.811,
                                                                            "Actual Rows": 439678,
                                                                            "Actual Loops": 1
                                                                        },
                                                                        {
                                                                            "Worker Number": 5,
                                                                            "Actual Startup Time": 0.028,
                                                                            "Actual Total Time": 82.057,
                                                                            "Actual Rows": 320892,
                                                                            "Actual Loops": 1
                                                                        }
                                                                    ]
                                                                }
                                                            ]
                                                        }
                                                    ]
                                                }
                                            ]
                                        }
                                    ]
                                }
                            ]
                        }
                    ]
                }
            ]
        },
        "Planning Time": 316.4,
        "Triggers": [],
        "Execution Time": 3179.776
    }
]