{
    "Plan": {
        "Node Type": "Aggregate",
        "Strategy": "Plain",
        "Partial Mode": "Simple",
        "Parallel Aware": false,
        "Startup Cost": 50000484800.86,
        "Total Cost": 50000484800.87,
        "Plan Rows": 1,
        "Plan Width": 64,
        "Actual Startup Time": 5943.746,
        "Actual Total Time": 6098.581,
        "Actual Rows": 1,
        "Actual Loops": 1,
        "Output": [
            "min(n.name)",
            "min(t.title)"
        ],
        "Plans": [
            {
                "Node Type": "Nested Loop",
                "Parent Relationship": "Outer",
                "Parallel Aware": false,
                "Join Type": "Inner",
                "Startup Cost": 50000484784.56,
                "Total Cost": 50000484800.85,
                "Plan Rows": 1,
                "Plan Width": 32,
                "Actual Startup Time": 5943.657,
                "Actual Total Time": 6098.565,
                "Actual Rows": 26,
                "Actual Loops": 1,
                "Output": [
                    "n.name",
                    "t.title"
                ],
                "Inner Unique": false,
                "Join Filter": "(n.id = an.person_id)",
                "Rows Removed by Join Filter": 0,
                "Plans": [
                    {
                        "Node Type": "Hash Join",
                        "Parent Relationship": "Outer",
                        "Parallel Aware": false,
                        "Join Type": "Inner",
                        "Startup Cost": 40000484784.12,
                        "Total Cost": 40000484796.36,
                        "Plan Rows": 1,
                        "Plan Width": 40,
                        "Actual Startup Time": 5943.564,
                        "Actual Total Time": 6098.407,
                        "Actual Rows": 13,
                        "Actual Loops": 1,
                        "Output": [
                            "ci.person_id",
                            "n.name",
                            "n.id",
                            "t.title"
                        ],
                        "Inner Unique": false,
                        "Hash Cond": "(ci.person_role_id = chn.id)",
                        "Plans": [
                            {
                                "Node Type": "Hash Join",
                                "Parent Relationship": "Outer",
                                "Parallel Aware": false,
                                "Join Type": "Inner",
                                "Startup Cost": 40000377681.01,
                                "Total Cost": 40000377693.23,
                                "Plan Rows": 1,
                                "Plan Width": 44,
                                "Actual Startup Time": 4847.496,
                                "Actual Total Time": 5002.331,
                                "Actual Rows": 13,
                                "Actual Loops": 1,
                                "Output": [
                                    "ci.person_id",
                                    "ci.person_role_id",
                                    "n.name",
                                    "n.id",
                                    "t.title"
                                ],
                                "Inner Unique": false,
                                "Hash Cond": "(rt.id = ci.role_id)",
                                "Plans": [
                                    {
                                        "Node Type": "Index Scan",
                                        "Parent Relationship": "Outer",
                                        "Parallel Aware": false,
                                        "Scan Direction": "Forward",
                                        "Index Name": "role_type_pkey",
                                        "Relation Name": "role_type",
                                        "Schema": "public",
                                        "Alias": "rt",
                                        "Startup Cost": 0.14,
                                        "Total Cost": 12.35,
                                        "Plan Rows": 1,
                                        "Plan Width": 4,
                                        "Actual Startup Time": 0.016,
                                        "Actual Total Time": 0.022,
                                        "Actual Rows": 1,
                                        "Actual Loops": 1,
                                        "Output": [
                                            "rt.id",
                                            "rt.role"
                                        ],
                                        "Filter": "((rt.role)::text = 'actress'::text)",
                                        "Rows Removed by Filter": 11
                                    },
                                    {
                                        "Node Type": "Hash",
                                        "Parent Relationship": "Inner",
                                        "Parallel Aware": false,
                                        "Startup Cost": 40000377680.86,
                                        "Total Cost": 40000377680.86,
                                        "Plan Rows": 1,
                                        "Plan Width": 48,
                                        "Actual Startup Time": 4847.452,
                                        "Actual Total Time": 5002.277,
                                        "Actual Rows": 13,
                                        "Actual Loops": 1,
                                        "Output": [
                                            "ci.person_id",
                                            "ci.role_id",
                                            "ci.person_role_id",
                                            "n.name",
                                            "n.id",
                                            "t.title"
                                        ],
                                        "Hash Buckets": 1024,
                                        "Original Hash Buckets": 1024,
                                        "Hash Batches": 1,
                                        "Original Hash Batches": 1,
                                        "Peak Memory Usage": 10,
                                        "Plans": [
                                            {
                                                "Node Type": "Gather",
                                                "Parent Relationship": "Outer",
                                                "Parallel Aware": false,
                                                "Startup Cost": 40000142125.48,
                                                "Total Cost": 40000377680.86,
                                                "Plan Rows": 1,
                                                "Plan Width": 48,
                                                "Actual Startup Time": 939.174,
                                                "Actual Total Time": 5002.261,
                                                "Actual Rows": 13,
                                                "Actual Loops": 1,
                                                "Output": [
                                                    "ci.person_id",
                                                    "ci.role_id",
                                                    "ci.person_role_id",
                                                    "n.name",
                                                    "n.id",
                                                    "t.title"
                                                ],
                                                "Workers Planned": 5,
                                                "Workers Launched": 5,
                                                "Single Copy": false,
                                                "Plans": [
                                                    {
                                                        "Node Type": "Hash Join",
                                                        "Parent Relationship": "Outer",
                                                        "Parallel Aware": true,
                                                        "Join Type": "Inner",
                                                        "Startup Cost": 40000141125.48,
                                                        "Total Cost": 40000376680.76,
                                                        "Plan Rows": 1,
                                                        "Plan Width": 48,
                                                        "Actual Startup Time": 2879.375,
                                                        "Actual Total Time": 4829.403,
                                                        "Actual Rows": 2,
                                                        "Actual Loops": 6,
                                                        "Output": [
                                                            "ci.person_id",
                                                            "ci.role_id",
                                                            "ci.person_role_id",
                                                            "n.name",
                                                            "n.id",
                                                            "t.title"
                                                        ],
                                                        "Inner Unique": false,
                                                        "Hash Cond": "(mi.movie_id = t.id)",
                                                        "Workers": [
                                                            {
                                                                "Worker Number": 0,
                                                                "Actual Startup Time": 931.683,
                                                                "Actual Total Time": 4826.871,
                                                                "Actual Rows": 7,
                                                                "Actual Loops": 1
                                                            },
                                                            {
                                                                "Worker Number": 1,
                                                                "Actual Startup Time": 4827.406,
                                                                "Actual Total Time": 4827.419,
                                                                "Actual Rows": 0,
                                                                "Actual Loops": 1
                                                            },
                                                            {
                                                                "Worker Number": 2,
                                                                "Actual Startup Time": 4827.622,
                                                                "Actual Total Time": 4827.633,
                                                                "Actual Rows": 0,
                                                                "Actual Loops": 1
                                                            },
                                                            {
                                                                "Worker Number": 3,
                                                                "Actual Startup Time": 921.938,
                                                                "Actual Total Time": 4823.427,
                                                                "Actual Rows": 4,
                                                                "Actual Loops": 1
                                                            },
                                                            {
                                                                "Worker Number": 4,
                                                                "Actual Startup Time": 4828.945,
                                                                "Actual Total Time": 4828.96,
                                                                "Actual Rows": 0,
                                                                "Actual Loops": 1
                                                            }
                                                        ],
                                                        "Plans": [
                                                            {
                                                                "Node Type": "Nested Loop",
                                                                "Parent Relationship": "Outer",
                                                                "Parallel Aware": false,
                                                                "Join Type": "Inner",
                                                                "Startup Cost": 20000000002.59,
                                                                "Total Cost": 20000235557.86,
                                                                "Plan Rows": 1,
                                                                "Plan Width": 39,
                                                                "Actual Startup Time": 2193.894,
                                                                "Actual Total Time": 4143.721,
                                                                "Actual Rows": 2,
                                                                "Actual Loops": 6,
                                                                "Output": [
                                                                    "ci.movie_id",
                                                                    "ci.person_id",
                                                                    "ci.role_id",
                                                                    "ci.person_role_id",
                                                                    "mi.movie_id",
                                                                    "n.name",
                                                                    "n.id"
                                                                ],
                                                                "Inner Unique": true,
                                                                "Workers": [
                                                                    {
                                                                        "Worker Number": 0,
                                                                        "Actual Startup Time": 248.456,
                                                                        "Actual Total Time": 4143.618,
                                                                        "Actual Rows": 7,
                                                                        "Actual Loops": 1
                                                                    },
                                                                    {
                                                                        "Worker Number": 1,
                                                                        "Actual Startup Time": 4143.788,
                                                                        "Actual Total Time": 4143.794,
                                                                        "Actual Rows": 0,
                                                                        "Actual Loops": 1
                                                                    },
                                                                    {
                                                                        "Worker Number": 2,
                                                                        "Actual Startup Time": 4143.765,
                                                                        "Actual Total Time": 4143.769,
                                                                        "Actual Rows": 0,
                                                                        "Actual Loops": 1
                                                                    },
                                                                    {
                                                                        "Worker Number": 3,
                                                                        "Actual Startup Time": 242.192,
                                                                        "Actual Total Time": 4143.667,
                                                                        "Actual Rows": 4,
                                                                        "Actual Loops": 1
                                                                    },
                                                                    {
                                                                        "Worker Number": 4,
                                                                        "Actual Startup Time": 4143.695,
                                                                        "Actual Total Time": 4143.702,
                                                                        "Actual Rows": 0,
                                                                        "Actual Loops": 1
                                                                    }
                                                                ],
                                                                "Plans": [
                                                                    {
                                                                        "Node Type": "Nested Loop",
                                                                        "Parent Relationship": "Outer",
                                                                        "Parallel Aware": false,
                                                                        "Join Type": "Inner",
                                                                        "Startup Cost": 10000000002.13,
                                                                        "Total Cost": 10000226622.27,
                                                                        "Plan Rows": 1994,
                                                                        "Plan Width": 20,
                                                                        "Actual Startup Time": 120.587,
                                                                        "Actual Total Time": 3278.545,
                                                                        "Actual Rows": 123602,
                                                                        "Actual Loops": 6,
                                                                        "Output": [
                                                                            "ci.movie_id",
                                                                            "ci.person_id",
                                                                            "ci.role_id",
                                                                            "ci.person_role_id",
                                                                            "mi.movie_id"
                                                                        ],
                                                                        "Inner Unique": false,
                                                                        "Workers": [
                                                                            {
                                                                                "Worker Number": 0,
                                                                                "Actual Startup Time": 120.517,
                                                                                "Actual Total Time": 3294.706,
                                                                                "Actual Rows": 116286,
                                                                                "Actual Loops": 1
                                                                            },
                                                                            {
                                                                                "Worker Number": 1,
                                                                                "Actual Startup Time": 120.786,
                                                                                "Actual Total Time": 3274.005,
                                                                                "Actual Rows": 107182,
                                                                                "Actual Loops": 1
                                                                            },
                                                                            {
                                                                                "Worker Number": 2,
                                                                                "Actual Startup Time": 120.693,
                                                                                "Actual Total Time": 3251.938,
                                                                                "Actual Rows": 118046,
                                                                                "Actual Loops": 1
                                                                            },
                                                                            {
                                                                                "Worker Number": 3,
                                                                                "Actual Startup Time": 120.457,
                                                                                "Actual Total Time": 3299.583,
                                                                                "Actual Rows": 137434,
                                                                                "Actual Loops": 1
                                                                            },
                                                                            {
                                                                                "Worker Number": 4,
                                                                                "Actual Startup Time": 120.658,
                                                                                "Actual Total Time": 3319.736,
                                                                                "Actual Rows": 110457,
                                                                                "Actual Loops": 1
                                                                            }
                                                                        ],
                                                                        "Plans": [
                                                                            {
                                                                                "Node Type": "Nested Loop",
                                                                                "Parent Relationship": "Outer",
                                                                                "Parallel Aware": false,
                                                                                "Join Type": "Inner",
                                                                                "Startup Cost": 0.14,
                                                                                "Total Cost": 221201.1,
                                                                                "Plan Rows": 813,
                                                                                "Plan Width": 4,
                                                                                "Actual Startup Time": 120.297,
                                                                                "Actual Total Time": 564.561,
                                                                                "Actual Rows": 75173,
                                                                                "Actual Loops": 6,
                                                                                "Output": [
                                                                                    "mi.movie_id"
                                                                                ],
                                                                                "Inner Unique": true,
                                                                                "Workers": [
                                                                                    {
                                                                                        "Worker Number": 0,
                                                                                        "Actual Startup Time": 120.233,
                                                                                        "Actual Total Time": 565.113,
                                                                                        "Actual Rows": 72348,
                                                                                        "Actual Loops": 1
                                                                                    },
                                                                                    {
                                                                                        "Worker Number": 1,
                                                                                        "Actual Startup Time": 120.362,
                                                                                        "Actual Total Time": 568.777,
                                                                                        "Actual Rows": 64920,
                                                                                        "Actual Loops": 1
                                                                                    },
                                                                                    {
                                                                                        "Worker Number": 2,
                                                                                        "Actual Startup Time": 120.319,
                                                                                        "Actual Total Time": 558.7,
                                                                                        "Actual Rows": 67756,
                                                                                        "Actual Loops": 1
                                                                                    },
                                                                                    {
                                                                                        "Worker Number": 3,
                                                                                        "Actual Startup Time": 120.251,
                                                                                        "Actual Total Time": 566.788,
                                                                                        "Actual Rows": 85926,
                                                                                        "Actual Loops": 1
                                                                                    },
                                                                                    {
                                                                                        "Worker Number": 4,
                                                                                        "Actual Startup Time": 120.28,
                                                                                        "Actual Total Time": 555.945,
                                                                                        "Actual Rows": 67177,
                                                                                        "Actual Loops": 1
                                                                                    }
                                                                                ],
                                                                                "Plans": [
                                                                                    {
                                                                                        "Node Type": "Seq Scan",
                                                                                        "Parent Relationship": "Outer",
                                                                                        "Parallel Aware": true,
                                                                                        "Relation Name": "movie_info",
                                                                                        "Schema": "public",
                                                                                        "Alias": "mi",
                                                                                        "Startup Cost": 0.0,
                                                                                        "Total Cost": 206258.29,
                                                                                        "Plan Rows": 91891,
                                                                                        "Plan Width": 8,
                                                                                        "Actual Startup Time": 51.843,
                                                                                        "Actual Total Time": 432.325,
                                                                                        "Actual Rows": 75184,
                                                                                        "Actual Loops": 6,
                                                                                        "Output": [
                                                                                            "mi.id",
                                                                                            "mi.movie_id",
                                                                                            "mi.info_type_id",
                                                                                            "mi.info",
                                                                                            "mi.note"
                                                                                        ],
                                                                                        "Filter": "((mi.info IS NOT NULL) AND ((mi.info ~~ 'Japan:%200%'::text) OR (mi.info ~~ 'USA:%200%'::text)))",
                                                                                        "Rows Removed by Filter": 2397436,
                                                                                        "Workers": [
                                                                                            {
                                                                                                "Worker Number": 0,
                                                                                                "Actual Startup Time": 53.824,
                                                                                                "Actual Total Time": 433.242,
                                                                                                "Actual Rows": 72359,
                                                                                                "Actual Loops": 1
                                                                                            },
                                                                                            {
                                                                                                "Worker Number": 1,
                                                                                                "Actual Startup Time": 51.389,
                                                                                                "Actual Total Time": 435.448,
                                                                                                "Actual Rows": 64930,
                                                                                                "Actual Loops": 1
                                                                                            },
                                                                                            {
                                                                                                "Worker Number": 2,
                                                                                                "Actual Startup Time": 52.178,
                                                                                                "Actual Total Time": 431.167,
                                                                                                "Actual Rows": 67766,
                                                                                                "Actual Loops": 1
                                                                                            },
                                                                                            {
                                                                                                "Worker Number": 3,
                                                                                                "Actual Startup Time": 52.445,
                                                                                                "Actual Total Time": 436.065,
                                                                                                "Actual Rows": 85939,
                                                                                                "Actual Loops": 1
                                                                                            },
                                                                                            {
                                                                                                "Worker Number": 4,
                                                                                                "Actual Startup Time": 49.497,
                                                                                                "Actual Total Time": 427.389,
                                                                                                "Actual Rows": 67182,
                                                                                                "Actual Loops": 1
                                                                                            }
                                                                                        ]
                                                                                    },
                                                                                    {
                                                                                        "Node Type": "Index Scan",
                                                                                        "Parent Relationship": "Inner",
                                                                                        "Parallel Aware": false,
                                                                                        "Scan Direction": "Forward",
                                                                                        "Index Name": "info_type_pkey",
                                                                                        "Relation Name": "info_type",
                                                                                        "Schema": "public",
                                                                                        "Alias": "it",
                                                                                        "Startup Cost": 0.14,
                                                                                        "Total Cost": 0.16,
                                                                                        "Plan Rows": 1,
                                                                                        "Plan Width": 4,
                                                                                        "Actual Startup Time": 0.001,
                                                                                        "Actual Total Time": 0.001,
                                                                                        "Actual Rows": 1,
                                                                                        "Actual Loops": 451104,
                                                                                        "Output": [
                                                                                            "it.id",
                                                                                            "it.info"
                                                                                        ],
                                                                                        "Index Cond": "(it.id = mi.info_type_id)",
                                                                                        "Rows Removed by Index Recheck": 0,
                                                                                        "Filter": "((it.info)::text = 'release dates'::text)",
                                                                                        "Rows Removed by Filter": 0,
                                                                                        "Workers": [
                                                                                            {
                                                                                                "Worker Number": 0,
                                                                                                "Actual Startup Time": 0.001,
                                                                                                "Actual Total Time": 0.001,
                                                                                                "Actual Rows": 1,
                                                                                                "Actual Loops": 72359
                                                                                            },
                                                                                            {
                                                                                                "Worker Number": 1,
                                                                                                "Actual Startup Time": 0.001,
                                                                                                "Actual Total Time": 0.001,
                                                                                                "Actual Rows": 1,
                                                                                                "Actual Loops": 64930
                                                                                            },
                                                                                            {
                                                                                                "Worker Number": 2,
                                                                                                "Actual Startup Time": 0.001,
                                                                                                "Actual Total Time": 0.001,
                                                                                                "Actual Rows": 1,
                                                                                                "Actual Loops": 67766
                                                                                            },
                                                                                            {
                                                                                                "Worker Number": 3,
                                                                                                "Actual Startup Time": 0.001,
                                                                                                "Actual Total Time": 0.001,
                                                                                                "Actual Rows": 1,
                                                                                                "Actual Loops": 85939
                                                                                            },
                                                                                            {
                                                                                                "Worker Number": 4,
                                                                                                "Actual Startup Time": 0.001,
                                                                                                "Actual Total Time": 0.001,
                                                                                                "Actual Rows": 1,
                                                                                                "Actual Loops": 67182
                                                                                            }
                                                                                        ]
                                                                                    }
                                                                                ]
                                                                            },
                                                                            {
                                                                                "Node Type": "Bitmap Heap Scan",
                                                                                "Parent Relationship": "Inner",
                                                                                "Parallel Aware": false,
                                                                                "Relation Name": "cast_info",
                                                                                "Schema": "public",
                                                                                "Alias": "ci",
                                                                                "Startup Cost": 1.98,
                                                                                "Total Cost": 6.65,
                                                                                "Plan Rows": 2,
                                                                                "Plan Width": 16,
                                                                                "Actual Startup Time": 0.022,
                                                                                "Actual Total Time": 0.034,
                                                                                "Actual Rows": 2,
                                                                                "Actual Loops": 451039,
                                                                                "Output": [
                                                                                    "ci.id",
                                                                                    "ci.person_id",
                                                                                    "ci.movie_id",
                                                                                    "ci.person_role_id",
                                                                                    "ci.note",
                                                                                    "ci.nr_order",
                                                                                    "ci.role_id"
                                                                                ],
                                                                                "Recheck Cond": "(ci.movie_id = mi.movie_id)",
                                                                                "Rows Removed by Index Recheck": 0,
                                                                                "Filter": "(ci.note = ANY ('{(writer),\"(executive producer)\",(uncredited),\"(as Anya)\"}'::text[]))",
                                                                                "Rows Removed by Filter": 20,
                                                                                "Exact Heap Blocks": 1912127,
                                                                                "Lossy Heap Blocks": 0,
                                                                                "Workers": [
                                                                                    {
                                                                                        "Worker Number": 0,
                                                                                        "Actual Startup Time": 0.023,
                                                                                        "Actual Total Time": 0.035,
                                                                                        "Actual Rows": 2,
                                                                                        "Actual Loops": 72348
                                                                                    },
                                                                                    {
                                                                                        "Worker Number": 1,
                                                                                        "Actual Startup Time": 0.025,
                                                                                        "Actual Total Time": 0.039,
                                                                                        "Actual Rows": 2,
                                                                                        "Actual Loops": 64920
                                                                                    },
                                                                                    {
                                                                                        "Worker Number": 2,
                                                                                        "Actual Startup Time": 0.024,
                                                                                        "Actual Total Time": 0.037,
                                                                                        "Actual Rows": 2,
                                                                                        "Actual Loops": 67756
                                                                                    },
                                                                                    {
                                                                                        "Worker Number": 3,
                                                                                        "Actual Startup Time": 0.02,
                                                                                        "Actual Total Time": 0.03,
                                                                                        "Actual Rows": 2,
                                                                                        "Actual Loops": 85926
                                                                                    },
                                                                                    {
                                                                                        "Worker Number": 4,
                                                                                        "Actual Startup Time": 0.025,
                                                                                        "Actual Total Time": 0.039,
                                                                                        "Actual Rows": 2,
                                                                                        "Actual Loops": 67177
                                                                                    }
                                                                                ],
                                                                                "Plans": [
                                                                                    {
                                                                                        "Node Type": "Bitmap Index Scan",
                                                                                        "Parent Relationship": "Outer",
                                                                                        "Parallel Aware": false,
                                                                                        "Index Name": "movie_id_cast_info",
                                                                                        "Startup Cost": 0.0,
                                                                                        "Total Cost": 1.98,
                                                                                        "Plan Rows": 38,
                                                                                        "Plan Width": 0,
                                                                                        "Actual Startup Time": 0.007,
                                                                                        "Actual Total Time": 0.007,
                                                                                        "Actual Rows": 22,
                                                                                        "Actual Loops": 451039,
                                                                                        "Index Cond": "(ci.movie_id = mi.movie_id)",
                                                                                        "Workers": [
                                                                                            {
                                                                                                "Worker Number": 0,
                                                                                                "Actual Startup Time": 0.007,
                                                                                                "Actual Total Time": 0.007,
                                                                                                "Actual Rows": 22,
                                                                                                "Actual Loops": 72348
                                                                                            },
                                                                                            {
                                                                                                "Worker Number": 1,
                                                                                                "Actual Startup Time": 0.008,
                                                                                                "Actual Total Time": 0.008,
                                                                                                "Actual Rows": 22,
                                                                                                "Actual Loops": 64920
                                                                                            },
                                                                                            {
                                                                                                "Worker Number": 2,
                                                                                                "Actual Startup Time": 0.007,
                                                                                                "Actual Total Time": 0.007,
                                                                                                "Actual Rows": 23,
                                                                                                "Actual Loops": 67756
                                                                                            },
                                                                                            {
                                                                                                "Worker Number": 3,
                                                                                                "Actual Startup Time": 0.006,
                                                                                                "Actual Total Time": 0.006,
                                                                                                "Actual Rows": 21,
                                                                                                "Actual Loops": 85926
                                                                                            },
                                                                                            {
                                                                                                "Worker Number": 4,
                                                                                                "Actual Startup Time": 0.007,
                                                                                                "Actual Total Time": 0.007,
                                                                                                "Actual Rows": 23,
                                                                                                "Actual Loops": 67177
                                                                                            }
                                                                                        ]
                                                                                    }
                                                                                ]
                                                                            }
                                                                        ]
                                                                    },
                                                                    {
                                                                        "Node Type": "Bitmap Heap Scan",
                                                                        "Parent Relationship": "Inner",
                                                                        "Parallel Aware": false,
                                                                        "Relation Name": "name",
                                                                        "Schema": "public",
                                                                        "Alias": "n",
                                                                        "Startup Cost": 0.46,
                                                                        "Total Cost": 4.48,
                                                                        "Plan Rows": 1,
                                                                        "Plan Width": 19,
                                                                        "Actual Startup Time": 0.005,
                                                                        "Actual Total Time": 0.005,
                                                                        "Actual Rows": 0,
                                                                        "Actual Loops": 741613,
                                                                        "Output": [
                                                                            "n.id",
                                                                            "n.name",
                                                                            "n.imdb_index",
                                                                            "n.imdb_id",
                                                                            "n.gender",
                                                                            "n.name_pcode_cf",
                                                                            "n.name_pcode_nf",
                                                                            "n.surname_pcode",
                                                                            "n.md5sum"
                                                                        ],
                                                                        "Recheck Cond": "(n.id = ci.person_id)",
                                                                        "Rows Removed by Index Recheck": 0,
                                                                        "Filter": "((n.name ~~ '%Kop,%'::text) AND ((n.gender)::text = 'f'::text))",
                                                                        "Rows Removed by Filter": 1,
                                                                        "Exact Heap Blocks": 152208,
                                                                        "Lossy Heap Blocks": 0,
                                                                        "Workers": [
                                                                            {
                                                                                "Worker Number": 0,
                                                                                "Actual Startup Time": 0.005,
                                                                                "Actual Total Time": 0.005,
                                                                                "Actual Rows": 0,
                                                                                "Actual Loops": 116286
                                                                            },
                                                                            {
                                                                                "Worker Number": 1,
                                                                                "Actual Startup Time": 0.006,
                                                                                "Actual Total Time": 0.006,
                                                                                "Actual Rows": 0,
                                                                                "Actual Loops": 107182
                                                                            },
                                                                            {
                                                                                "Worker Number": 2,
                                                                                "Actual Startup Time": 0.005,
                                                                                "Actual Total Time": 0.005,
                                                                                "Actual Rows": 0,
                                                                                "Actual Loops": 118046
                                                                            },
                                                                            {
                                                                                "Worker Number": 3,
                                                                                "Actual Startup Time": 0.004,
                                                                                "Actual Total Time": 0.004,
                                                                                "Actual Rows": 0,
                                                                                "Actual Loops": 137434
                                                                            },
                                                                            {
                                                                                "Worker Number": 4,
                                                                                "Actual Startup Time": 0.006,
                                                                                "Actual Total Time": 0.006,
                                                                                "Actual Rows": 0,
                                                                                "Actual Loops": 110457
                                                                            }
                                                                        ],
                                                                        "Plans": [
                                                                            {
                                                                                "Node Type": "Bitmap Index Scan",
                                                                                "Parent Relationship": "Outer",
                                                                                "Parallel Aware": false,
                                                                                "Index Name": "name_pkey",
                                                                                "Startup Cost": 0.0,
                                                                                "Total Cost": 0.46,
                                                                                "Plan Rows": 1,
                                                                                "Plan Width": 0,
                                                                                "Actual Startup Time": 0.003,
                                                                                "Actual Total Time": 0.003,
                                                                                "Actual Rows": 1,
                                                                                "Actual Loops": 741613,
                                                                                "Index Cond": "(n.id = ci.person_id)",
                                                                                "Workers": [
                                                                                    {
                                                                                        "Worker Number": 0,
                                                                                        "Actual Startup Time": 0.003,
                                                                                        "Actual Total Time": 0.003,
                                                                                        "Actual Rows": 1,
                                                                                        "Actual Loops": 116286
                                                                                    },
                                                                                    {
                                                                                        "Worker Number": 1,
                                                                                        "Actual Startup Time": 0.004,
                                                                                        "Actual Total Time": 0.004,
                                                                                        "Actual Rows": 1,
                                                                                        "Actual Loops": 107182
                                                                                    },
                                                                                    {
                                                                                        "Worker Number": 2,
                                                                                        "Actual Startup Time": 0.003,
                                                                                        "Actual Total Time": 0.003,
                                                                                        "Actual Rows": 1,
                                                                                        "Actual Loops": 118046
                                                                                    },
                                                                                    {
                                                                                        "Worker Number": 3,
                                                                                        "Actual Startup Time": 0.003,
                                                                                        "Actual Total Time": 0.003,
                                                                                        "Actual Rows": 1,
                                                                                        "Actual Loops": 137434
                                                                                    },
                                                                                    {
                                                                                        "Worker Number": 4,
                                                                                        "Actual Startup Time": 0.003,
                                                                                        "Actual Total Time": 0.003,
                                                                                        "Actual Rows": 1,
                                                                                        "Actual Loops": 110457
                                                                                    }
                                                                                ]
                                                                            }
                                                                        ]
                                                                    }
                                                                ]
                                                            },
                                                            {
                                                                "Node Type": "Hash",
                                                                "Parent Relationship": "Inner",
                                                                "Parallel Aware": true,
                                                                "Startup Cost": 20000140971.87,
                                                                "Total Cost": 20000140971.87,
                                                                "Plan Rows": 12082,
                                                                "Plan Width": 25,
                                                                "Actual Startup Time": 684.624,
                                                                "Actual Total Time": 684.819,
                                                                "Actual Rows": 22463,
                                                                "Actual Loops": 6,
                                                                "Output": [
                                                                    "mc.movie_id",
                                                                    "t.title",
                                                                    "t.id"
                                                                ],
                                                                "Hash Buckets": 262144,
                                                                "Original Hash Buckets": 65536,
                                                                "Hash Batches": 1,
                                                                "Original Hash Batches": 1,
                                                                "Peak Memory Usage": 12064,
                                                                "Workers": [
                                                                    {
                                                                        "Worker Number": 0,
                                                                        "Actual Startup Time": 682.35,
                                                                        "Actual Total Time": 682.355,
                                                                        "Actual Rows": 19369,
                                                                        "Actual Loops": 1
                                                                    },
                                                                    {
                                                                        "Worker Number": 1,
                                                                        "Actual Startup Time": 683.125,
                                                                        "Actual Total Time": 683.132,
                                                                        "Actual Rows": 19835,
                                                                        "Actual Loops": 1
                                                                    },
                                                                    {
                                                                        "Worker Number": 2,
                                                                        "Actual Startup Time": 683.242,
                                                                        "Actual Total Time": 683.247,
                                                                        "Actual Rows": 19646,
                                                                        "Actual Loops": 1
                                                                    },
                                                                    {
                                                                        "Worker Number": 3,
                                                                        "Actual Startup Time": 679.036,
                                                                        "Actual Total Time": 679.042,
                                                                        "Actual Rows": 27083,
                                                                        "Actual Loops": 1
                                                                    },
                                                                    {
                                                                        "Worker Number": 4,
                                                                        "Actual Startup Time": 683.595,
                                                                        "Actual Total Time": 683.603,
                                                                        "Actual Rows": 16593,
                                                                        "Actual Loops": 1
                                                                    }
                                                                ],
                                                                "Plans": [
                                                                    {
                                                                        "Node Type": "Hash Join",
                                                                        "Parent Relationship": "Outer",
                                                                        "Parallel Aware": true,
                                                                        "Join Type": "Inner",
                                                                        "Startup Cost": 20000109220.56,
                                                                        "Total Cost": 20000140971.87,
                                                                        "Plan Rows": 12082,
                                                                        "Plan Width": 25,
                                                                        "Actual Startup Time": 515.687,
                                                                        "Actual Total Time": 663.042,
                                                                        "Actual Rows": 22463,
                                                                        "Actual Loops": 6,
                                                                        "Output": [
                                                                            "mc.movie_id",
                                                                            "t.title",
                                                                            "t.id"
                                                                        ],
                                                                        "Inner Unique": true,
                                                                        "Hash Cond": "(mc.company_id = cn.id)",
                                                                        "Workers": [
                                                                            {
                                                                                "Worker Number": 0,
                                                                                "Actual Startup Time": 513.502,
                                                                                "Actual Total Time": 662.684,
                                                                                "Actual Rows": 19369,
                                                                                "Actual Loops": 1
                                                                            },
                                                                            {
                                                                                "Worker Number": 1,
                                                                                "Actual Startup Time": 514.044,
                                                                                "Actual Total Time": 662.181,
                                                                                "Actual Rows": 19835,
                                                                                "Actual Loops": 1
                                                                            },
                                                                            {
                                                                                "Worker Number": 2,
                                                                                "Actual Startup Time": 514.163,
                                                                                "Actual Total Time": 659.814,
                                                                                "Actual Rows": 19646,
                                                                                "Actual Loops": 1
                                                                            },
                                                                            {
                                                                                "Worker Number": 3,
                                                                                "Actual Startup Time": 510.201,
                                                                                "Actual Total Time": 657.634,
                                                                                "Actual Rows": 27083,
                                                                                "Actual Loops": 1
                                                                            },
                                                                            {
                                                                                "Worker Number": 4,
                                                                                "Actual Startup Time": 514.666,
                                                                                "Actual Total Time": 660.863,
                                                                                "Actual Rows": 16593,
                                                                                "Actual Loops": 1
                                                                            }
                                                                        ],
                                                                        "Plans": [
                                                                            {
                                                                                "Node Type": "Hash Join",
                                                                                "Parent Relationship": "Outer",
                                                                                "Parallel Aware": true,
                                                                                "Join Type": "Inner",
                                                                                "Startup Cost": 20000097355.8,
                                                                                "Total Cost": 20000129018.7,
                                                                                "Plan Rows": 33680,
                                                                                "Plan Width": 29,
                                                                                "Actual Startup Time": 466.165,
                                                                                "Actual Total Time": 605.869,
                                                                                "Actual Rows": 25765,
                                                                                "Actual Loops": 6,
                                                                                "Output": [
                                                                                    "mc.movie_id",
                                                                                    "mc.company_id",
                                                                                    "t.title",
                                                                                    "t.id"
                                                                                ],
                                                                                "Inner Unique": true,
                                                                                "Hash Cond": "(mc.movie_id = t.id)",
                                                                                "Workers": [
                                                                                    {
                                                                                        "Worker Number": 0,
                                                                                        "Actual Startup Time": 466.159,
                                                                                        "Actual Total Time": 607.578,
                                                                                        "Actual Rows": 22286,
                                                                                        "Actual Loops": 1
                                                                                    },
                                                                                    {
                                                                                        "Worker Number": 1,
                                                                                        "Actual Startup Time": 466.15,
                                                                                        "Actual Total Time": 606.642,
                                                                                        "Actual Rows": 22663,
                                                                                        "Actual Loops": 1
                                                                                    },
                                                                                    {
                                                                                        "Worker Number": 2,
                                                                                        "Actual Startup Time": 466.095,
                                                                                        "Actual Total Time": 604.176,
                                                                                        "Actual Rows": 22333,
                                                                                        "Actual Loops": 1
                                                                                    },
                                                                                    {
                                                                                        "Worker Number": 3,
                                                                                        "Actual Startup Time": 466.221,
                                                                                        "Actual Total Time": 606.301,
                                                                                        "Actual Rows": 31004,
                                                                                        "Actual Loops": 1
                                                                                    },
                                                                                    {
                                                                                        "Worker Number": 4,
                                                                                        "Actual Startup Time": 466.178,
                                                                                        "Actual Total Time": 605.102,
                                                                                        "Actual Rows": 19241,
                                                                                        "Actual Loops": 1
                                                                                    }
                                                                                ],
                                                                                "Plans": [
                                                                                    {
                                                                                        "Node Type": "Seq Scan",
                                                                                        "Parent Relationship": "Outer",
                                                                                        "Parallel Aware": true,
                                                                                        "Relation Name": "movie_companies",
                                                                                        "Schema": "public",
                                                                                        "Alias": "mc",
                                                                                        "Startup Cost": 10000000000.0,
                                                                                        "Total Cost": 10000031414.82,
                                                                                        "Plan Rows": 94507,
                                                                                        "Plan Width": 8,
                                                                                        "Actual Startup Time": 0.054,
                                                                                        "Actual Total Time": 102.895,
                                                                                        "Actual Rows": 98499,
                                                                                        "Actual Loops": 6,
                                                                                        "Output": [
                                                                                            "mc.id",
                                                                                            "mc.movie_id",
                                                                                            "mc.company_id",
                                                                                            "mc.company_type_id",
                                                                                            "mc.note"
                                                                                        ],
                                                                                        "Filter": "((mc.note IS NOT NULL) AND ((mc.note ~~ '%(USA)%'::text) OR (mc.note ~~ '%(worldwide)%'::text)))",
                                                                                        "Rows Removed by Filter": 336356,
                                                                                        "Workers": [
                                                                                            {
                                                                                                "Worker Number": 0,
                                                                                                "Actual Startup Time": 0.059,
                                                                                                "Actual Total Time": 105.812,
                                                                                                "Actual Rows": 84914,
                                                                                                "Actual Loops": 1
                                                                                            },
                                                                                            {
                                                                                                "Worker Number": 1,
                                                                                                "Actual Startup Time": 0.065,
                                                                                                "Actual Total Time": 105.787,
                                                                                                "Actual Rows": 85444,
                                                                                                "Actual Loops": 1
                                                                                            },
                                                                                            {
                                                                                                "Worker Number": 2,
                                                                                                "Actual Startup Time": 0.049,
                                                                                                "Actual Total Time": 103.916,
                                                                                                "Actual Rows": 83419,
                                                                                                "Actual Loops": 1
                                                                                            },
                                                                                            {
                                                                                                "Worker Number": 3,
                                                                                                "Actual Startup Time": 0.044,
                                                                                                "Actual Total Time": 103.132,
                                                                                                "Actual Rows": 120858,
                                                                                                "Actual Loops": 1
                                                                                            },
                                                                                            {
                                                                                                "Worker Number": 4,
                                                                                                "Actual Startup Time": 0.072,
                                                                                                "Actual Total Time": 101.693,
                                                                                                "Actual Rows": 75806,
                                                                                                "Actual Loops": 1
                                                                                            }
                                                                                        ]
                                                                                    },
                                                                                    {
                                                                                        "Node Type": "Hash",
                                                                                        "Parent Relationship": "Inner",
                                                                                        "Parallel Aware": true,
                                                                                        "Startup Cost": 10000094540.09,
                                                                                        "Total Cost": 10000094540.09,
                                                                                        "Plan Rows": 225257,
                                                                                        "Plan Width": 21,
                                                                                        "Actual Startup Time": 463.087,
                                                                                        "Actual Total Time": 463.088,
                                                                                        "Actual Rows": 150183,
                                                                                        "Actual Loops": 6,
                                                                                        "Output": [
                                                                                            "t.title",
                                                                                            "t.id"
                                                                                        ],
                                                                                        "Hash Buckets": 1048576,
                                                                                        "Original Hash Buckets": 1048576,
                                                                                        "Hash Batches": 1,
                                                                                        "Original Hash Batches": 1,
                                                                                        "Peak Memory Usage": 58528,
                                                                                        "Workers": [
                                                                                            {
                                                                                                "Worker Number": 0,
                                                                                                "Actual Startup Time": 465.727,
                                                                                                "Actual Total Time": 465.728,
                                                                                                "Actual Rows": 136493,
                                                                                                "Actual Loops": 1
                                                                                            },
                                                                                            {
                                                                                                "Worker Number": 1,
                                                                                                "Actual Startup Time": 465.934,
                                                                                                "Actual Total Time": 465.936,
                                                                                                "Actual Rows": 140681,
                                                                                                "Actual Loops": 1
                                                                                            },
                                                                                            {
                                                                                                "Worker Number": 2,
                                                                                                "Actual Startup Time": 465.982,
                                                                                                "Actual Total Time": 465.983,
                                                                                                "Actual Rows": 136617,
                                                                                                "Actual Loops": 1
                                                                                            },
                                                                                            {
                                                                                                "Worker Number": 3,
                                                                                                "Actual Startup Time": 465.812,
                                                                                                "Actual Total Time": 465.814,
                                                                                                "Actual Rows": 179538,
                                                                                                "Actual Loops": 1
                                                                                            },
                                                                                            {
                                                                                                "Worker Number": 4,
                                                                                                "Actual Startup Time": 465.92,
                                                                                                "Actual Total Time": 465.922,
                                                                                                "Actual Rows": 108921,
                                                                                                "Actual Loops": 1
                                                                                            }
                                                                                        ],
                                                                                        "Plans": [
                                                                                            {
                                                                                                "Node Type": "Index Scan",
                                                                                                "Parent Relationship": "Outer",
                                                                                                "Parallel Aware": true,
                                                                                                "Scan Direction": "Forward",
                                                                                                "Index Name": "title_pkey",
                                                                                                "Relation Name": "title",
                                                                                                "Schema": "public",
                                                                                                "Alias": "t",
                                                                                                "Startup Cost": 10000000000.43,
                                                                                                "Total Cost": 10000094540.09,
                                                                                                "Plan Rows": 225257,
                                                                                                "Plan Width": 21,
                                                                                                "Actual Startup Time": 0.126,
                                                                                                "Actual Total Time": 326.452,
                                                                                                "Actual Rows": 150183,
                                                                                                "Actual Loops": 6,
                                                                                                "Output": [
                                                                                                    "t.title",
                                                                                                    "t.id"
                                                                                                ],
                                                                                                "Filter": "((t.production_year >= 2000) AND (t.production_year <= 2009))",
                                                                                                "Rows Removed by Filter": 271202,
                                                                                                "Workers": [
                                                                                                    {
                                                                                                        "Worker Number": 0,
                                                                                                        "Actual Startup Time": 0.069,
                                                                                                        "Actual Total Time": 325.839,
                                                                                                        "Actual Rows": 136493,
                                                                                                        "Actual Loops": 1
                                                                                                    },
                                                                                                    {
                                                                                                        "Worker Number": 1,
                                                                                                        "Actual Startup Time": 0.133,
                                                                                                        "Actual Total Time": 324.199,
                                                                                                        "Actual Rows": 140681,
                                                                                                        "Actual Loops": 1
                                                                                                    },
                                                                                                    {
                                                                                                        "Worker Number": 2,
                                                                                                        "Actual Startup Time": 0.162,
                                                                                                        "Actual Total Time": 325.939,
                                                                                                        "Actual Rows": 136617,
                                                                                                        "Actual Loops": 1
                                                                                                    },
                                                                                                    {
                                                                                                        "Worker Number": 3,
                                                                                                        "Actual Startup Time": 0.201,
                                                                                                        "Actual Total Time": 324.881,
                                                                                                        "Actual Rows": 179538,
                                                                                                        "Actual Loops": 1
                                                                                                    },
                                                                                                    {
                                                                                                        "Worker Number": 4,
                                                                                                        "Actual Startup Time": 0.166,
                                                                                                        "Actual Total Time": 334.593,
                                                                                                        "Actual Rows": 108921,
                                                                                                        "Actual Loops": 1
                                                                                                    }
                                                                                                ]
                                                                                            }
                                                                                        ]
                                                                                    }
                                                                                ]
                                                                            },
                                                                            {
                                                                                "Node Type": "Hash",
                                                                                "Parent Relationship": "Inner",
                                                                                "Parallel Aware": true,
                                                                                "Startup Cost": 11244.9,
                                                                                "Total Cost": 11244.9,
                                                                                "Plan Rows": 49589,
                                                                                "Plan Width": 4,
                                                                                "Actual Startup Time": 49.274,
                                                                                "Actual Total Time": 49.275,
                                                                                "Actual Rows": 14140,
                                                                                "Actual Loops": 6,
                                                                                "Output": [
                                                                                    "cn.id"
                                                                                ],
                                                                                "Hash Buckets": 131072,
                                                                                "Original Hash Buckets": 131072,
                                                                                "Hash Batches": 1,
                                                                                "Original Hash Batches": 1,
                                                                                "Peak Memory Usage": 4448,
                                                                                "Workers": [
                                                                                    {
                                                                                        "Worker Number": 0,
                                                                                        "Actual Startup Time": 47.032,
                                                                                        "Actual Total Time": 47.033,
                                                                                        "Actual Rows": 9863,
                                                                                        "Actual Loops": 1
                                                                                    },
                                                                                    {
                                                                                        "Worker Number": 1,
                                                                                        "Actual Startup Time": 47.796,
                                                                                        "Actual Total Time": 47.797,
                                                                                        "Actual Rows": 10896,
                                                                                        "Actual Loops": 1
                                                                                    },
                                                                                    {
                                                                                        "Worker Number": 2,
                                                                                        "Actual Startup Time": 47.964,
                                                                                        "Actual Total Time": 47.964,
                                                                                        "Actual Rows": 11307,
                                                                                        "Actual Loops": 1
                                                                                    },
                                                                                    {
                                                                                        "Worker Number": 3,
                                                                                        "Actual Startup Time": 43.907,
                                                                                        "Actual Total Time": 43.908,
                                                                                        "Actual Rows": 12621,
                                                                                        "Actual Loops": 1
                                                                                    },
                                                                                    {
                                                                                        "Worker Number": 4,
                                                                                        "Actual Startup Time": 48.355,
                                                                                        "Actual Total Time": 48.356,
                                                                                        "Actual Rows": 8595,
                                                                                        "Actual Loops": 1
                                                                                    }
                                                                                ],
                                                                                "Plans": [
                                                                                    {
                                                                                        "Node Type": "Index Scan",
                                                                                        "Parent Relationship": "Outer",
                                                                                        "Parallel Aware": true,
                                                                                        "Scan Direction": "Forward",
                                                                                        "Index Name": "company_name_pkey",
                                                                                        "Relation Name": "company_name",
                                                                                        "Schema": "public",
                                                                                        "Alias": "cn",
                                                                                        "Startup Cost": 0.42,
                                                                                        "Total Cost": 11244.9,
                                                                                        "Plan Rows": 49589,
                                                                                        "Plan Width": 4,
                                                                                        "Actual Startup Time": 0.251,
                                                                                        "Actual Total Time": 40.191,
                                                                                        "Actual Rows": 14140,
                                                                                        "Actual Loops": 6,
                                                                                        "Output": [
                                                                                            "cn.id"
                                                                                        ],
                                                                                        "Filter": "((cn.country_code)::text = '[us]'::text)",
                                                                                        "Rows Removed by Filter": 25026,
                                                                                        "Workers": [
                                                                                            {
                                                                                                "Worker Number": 0,
                                                                                                "Actual Startup Time": 0.166,
                                                                                                "Actual Total Time": 35.722,
                                                                                                "Actual Rows": 9863,
                                                                                                "Actual Loops": 1
                                                                                            },
                                                                                            {
                                                                                                "Worker Number": 1,
                                                                                                "Actual Startup Time": 0.127,
                                                                                                "Actual Total Time": 39.906,
                                                                                                "Actual Rows": 10896,
                                                                                                "Actual Loops": 1
                                                                                            },
                                                                                            {
                                                                                                "Worker Number": 2,
                                                                                                "Actual Startup Time": 0.184,
                                                                                                "Actual Total Time": 40.388,
                                                                                                "Actual Rows": 11307,
                                                                                                "Actual Loops": 1
                                                                                            },
                                                                                            {
                                                                                                "Worker Number": 3,
                                                                                                "Actual Startup Time": 0.183,
                                                                                                "Actual Total Time": 36.286,
                                                                                                "Actual Rows": 12621,
                                                                                                "Actual Loops": 1
                                                                                            },
                                                                                            {
                                                                                                "Worker Number": 4,
                                                                                                "Actual Startup Time": 0.83,
                                                                                                "Actual Total Time": 41.128,
                                                                                                "Actual Rows": 8595,
                                                                                                "Actual Loops": 1
                                                                                            }
                                                                                        ]
                                                                                    }
                                                                                ]
                                                                            }
                                                                        ]
                                                                    }
                                                                ]
                                                            }
                                                        ]
                                                    }
                                                ]
                                            }
                                        ]
                                    }
                                ]
                            },
                            {
                                "Node Type": "Hash",
                                "Parent Relationship": "Inner",
                                "Parallel Aware": false,
                                "Startup Cost": 67850.27,
                                "Total Cost": 67850.27,
                                "Plan Rows": 3140227,
                                "Plan Width": 4,
                                "Actual Startup Time": 1090.358,
                                "Actual Total Time": 1090.359,
                                "Actual Rows": 3140339,
                                "Actual Loops": 1,
                                "Output": [
                                    "chn.id"
                                ],
                                "Hash Buckets": 4194304,
                                "Original Hash Buckets": 4194304,
                                "Hash Batches": 1,
                                "Original Hash Batches": 1,
                                "Peak Memory Usage": 143171,
                                "Plans": [
                                    {
                                        "Node Type": "Seq Scan",
                                        "Parent Relationship": "Outer",
                                        "Parallel Aware": false,
                                        "Relation Name": "char_name",
                                        "Schema": "public",
                                        "Alias": "chn",
                                        "Startup Cost": 0.0,
                                        "Total Cost": 67850.27,
                                        "Plan Rows": 3140227,
                                        "Plan Width": 4,
                                        "Actual Startup Time": 0.034,
                                        "Actual Total Time": 445.999,
                                        "Actual Rows": 3140339,
                                        "Actual Loops": 1,
                                        "Output": [
                                            "chn.id"
                                        ]
                                    }
                                ]
                            }
                        ]
                    },
                    {
                        "Node Type": "Bitmap Heap Scan",
                        "Parent Relationship": "Inner",
                        "Parallel Aware": false,
                        "Relation Name": "aka_name",
                        "Schema": "public",
                        "Alias": "an",
                        "Startup Cost": 0.45,
                        "Total Cost": 4.47,
                        "Plan Rows": 2,
                        "Plan Width": 4,
                        "Actual Startup Time": 0.009,
                        "Actual Total Time": 0.009,
                        "Actual Rows": 2,
                        "Actual Loops": 13,
                        "Output": [
                            "an.id",
                            "an.person_id",
                            "an.name",
                            "an.imdb_index",
                            "an.name_pcode_cf",
                            "an.name_pcode_nf",
                            "an.surname_pcode",
                            "an.md5sum"
                        ],
                        "Recheck Cond": "(an.person_id = ci.person_id)",
                        "Rows Removed by Index Recheck": 0,
                        "Exact Heap Blocks": 13,
                        "Lossy Heap Blocks": 0,
                        "Plans": [
                            {
                                "Node Type": "Bitmap Index Scan",
                                "Parent Relationship": "Outer",
                                "Parallel Aware": false,
                                "Index Name": "person_id_aka_name",
                                "Startup Cost": 0.0,
                                "Total Cost": 0.45,
                                "Plan Rows": 2,
                                "Plan Width": 0,
                                "Actual Startup Time": 0.006,
                                "Actual Total Time": 0.007,
                                "Actual Rows": 2,
                                "Actual Loops": 13,
                                "Index Cond": "(an.person_id = ci.person_id)"
                            }
                        ]
                    }
                ]
            }
        ]
    },
    "Planning Time": 22.381,
    "Triggers": [],
    "Execution Time": 6100.334
}