{
  "Plan": {
    "Node Type": "Aggregate",
    "Strategy": "Plain",
    "Partial Mode": "Finalize",
    "Parallel Aware": false,
    "Startup Cost": 124235.96,
    "Total Cost": 124235.97,
    "Plan Rows": 1,
    "Plan Width": 8,
    "Actual Startup Time": 485.157,
    "Actual Total Time": 502.034,
    "Actual Rows": 1,
    "Actual Loops": 1,
    "Plans": [
      {
        "Node Type": "Gather",
        "Parent Relationship": "Outer",
        "Parallel Aware": false,
        "Startup Cost": 124235.85,
        "Total Cost": 124235.96,
        "Plan Rows": 1,
        "Plan Width": 8,
        "Actual Startup Time": 483.925,
        "Actual Total Time": 502.027,
        "Actual Rows": 2,
        "Actual Loops": 1,
        "Workers Planned": 1,
        "Workers Launched": 1,
        "Single Copy": false,
        "Plans": [
          {
            "Node Type": "Aggregate",
            "Strategy": "Plain",
            "Partial Mode": "Partial",
            "Parent Relationship": "Outer",
            "Parallel Aware": false,
            "Startup Cost": 123235.85,
            "Total Cost": 123235.86,
            "Plan Rows": 1,
            "Plan Width": 8,
            "Actual Startup Time": 478.268,
            "Actual Total Time": 478.271,
            "Actual Rows": 1,
            "Actual Loops": 2,
            "Plans": [
              {
                "Node Type": "Hash Join",
                "Parent Relationship": "Outer",
                "Parallel Aware": true,
                "Join Type": "Inner",
                "Startup Cost": 62528.27,
                "Total Cost": 122704.27,
                "Plan Rows": 212632,
                "Plan Width": 0,
                "Actual Startup Time": 222.54,
                "Actual Total Time": 474.997,
                "Actual Rows": 79729,
                "Actual Loops": 2,
                "Inner Unique": true,
                "Hash Cond": "(mk.movie_id = t.id)",
                "Plans": [
                  {
                    "Node Type": "Seq Scan",
                    "Parent Relationship": "Outer",
                    "Parallel Aware": true,
                    "Relation Name": "movie_keyword",
                    "Alias": "mk",
                    "Startup Cost": 0.0,
                    "Total Cost": 57718.19,
                    "Plan Rows": 936309,
                    "Plan Width": 4,
                    "Actual Startup Time": 0.011,
                    "Actual Total Time": 165.859,
                    "Actual Rows": 803094,
                    "Actual Loops": 2,
                    "Filter": "(keyword_id < 2488)",
                    "Rows Removed by Filter": 1458870
                  },
                  {
                    "Node Type": "Hash",
                    "Parent Relationship": "Inner",
                    "Parallel Aware": true,
                    "Startup Cost": 58306.47,
                    "Total Cost": 58306.47,
                    "Plan Rows": 337744,
                    "Plan Width": 4,
                    "Actual Startup Time": 213.213,
                    "Actual Total Time": 213.215,
                    "Actual Rows": 223194,
                    "Actual Loops": 2,
                    "Hash Buckets": 1048576,
                    "Original Hash Buckets": 1048576,
                    "Hash Batches": 1,
                    "Original Hash Batches": 1,
                    "Peak Memory Usage": 25664,
                    "Plans": [
                      {
                        "Node Type": "Seq Scan",
                        "Parent Relationship": "Outer",
                        "Parallel Aware": true,
                        "Relation Name": "title",
                        "Alias": "t",
                        "Startup Cost": 0.0,
                        "Total Cost": 58306.47,
                        "Plan Rows": 337744,
                        "Plan Width": 4,
                        "Actual Startup Time": 0.036,
                        "Actual Total Time": 150.074,
                        "Actual Rows": 223194,
                        "Actual Loops": 2,
                        "Filter": "((kind_id > 1) AND (production_year < 1994))",
                        "Rows Removed by Filter": 1040962
                      }
                    ]
                  }
                ]
              }
            ]
          }
        ]
      }
    ]
  },
  "Planning Time": 0.611,
  "Triggers": [],
  "Execution Time": 502.102
}