{
    "Plan": {
        "Node Type": "Aggregate",
        "Strategy": "Plain",
        "Partial Mode": "Finalize",
        "Parallel Aware": false,
        "Startup Cost": 77035.08,
        "Total Cost": 77035.09,
        "Plan Rows": 1,
        "Plan Width": 8,
        "Actual Startup Time": 201.017,
        "Actual Total Time": 217.124,
        "Actual Rows": 1,
        "Actual Loops": 1,
        "Output": [
            "count(*)"
        ],
        "Plans": [
            {
                "Node Type": "Gather",
                "Parent Relationship": "Outer",
                "Parallel Aware": false,
                "Startup Cost": 77034.76,
                "Total Cost": 77035.07,
                "Plan Rows": 3,
                "Plan Width": 8,
                "Actual Startup Time": 200.726,
                "Actual Total Time": 217.114,
                "Actual Rows": 4,
                "Actual Loops": 1,
                "Output": [
                    "(PARTIAL count(*))"
                ],
                "Workers Planned": 3,
                "Workers Launched": 3,
                "Single Copy": false,
                "Plans": [
                    {
                        "Node Type": "Aggregate",
                        "Strategy": "Plain",
                        "Partial Mode": "Partial",
                        "Parent Relationship": "Outer",
                        "Parallel Aware": false,
                        "Startup Cost": 76034.76,
                        "Total Cost": 76034.77,
                        "Plan Rows": 1,
                        "Plan Width": 8,
                        "Actual Startup Time": 192.395,
                        "Actual Total Time": 192.398,
                        "Actual Rows": 1,
                        "Actual Loops": 4,
                        "Output": [
                            "PARTIAL count(*)"
                        ],
                        "Workers": [
                            {
                                "Worker Number": 0,
                                "Actual Startup Time": 188.75,
                                "Actual Total Time": 188.753,
                                "Actual Rows": 1,
                                "Actual Loops": 1
                            },
                            {
                                "Worker Number": 1,
                                "Actual Startup Time": 190.344,
                                "Actual Total Time": 190.347,
                                "Actual Rows": 1,
                                "Actual Loops": 1
                            },
                            {
                                "Worker Number": 2,
                                "Actual Startup Time": 190.517,
                                "Actual Total Time": 190.519,
                                "Actual Rows": 1,
                                "Actual Loops": 1
                            }
                        ],
                        "Plans": [
                            {
                                "Node Type": "Hash Join",
                                "Parent Relationship": "Outer",
                                "Parallel Aware": true,
                                "Join Type": "Inner",
                                "Startup Cost": 45561.23,
                                "Total Cost": 76023.38,
                                "Plan Rows": 4554,
                                "Plan Width": 0,
                                "Actual Startup Time": 98.477,
                                "Actual Total Time": 192.057,
                                "Actual Rows": 5066,
                                "Actual Loops": 4,
                                "Inner Unique": true,
                                "Hash Cond": "(mc.movie_id = t.id)",
                                "Workers": [
                                    {
                                        "Worker Number": 0,
                                        "Actual Startup Time": 94.862,
                                        "Actual Total Time": 188.4,
                                        "Actual Rows": 4688,
                                        "Actual Loops": 1
                                    },
                                    {
                                        "Worker Number": 1,
                                        "Actual Startup Time": 96.44,
                                        "Actual Total Time": 189.986,
                                        "Actual Rows": 4997,
                                        "Actual Loops": 1
                                    },
                                    {
                                        "Worker Number": 2,
                                        "Actual Startup Time": 96.65,
                                        "Actual Total Time": 190.162,
                                        "Actual Rows": 4833,
                                        "Actual Loops": 1
                                    }
                                ],
                                "Plans": [
                                    {
                                        "Node Type": "Seq Scan",
                                        "Parent Relationship": "Outer",
                                        "Parallel Aware": true,
                                        "Relation Name": "movie_companies",
                                        "Schema": "public",
                                        "Alias": "mc",
                                        "Startup Cost": 0.0,
                                        "Total Cost": 29310.68,
                                        "Plan Rows": 438652,
                                        "Plan Width": 4,
                                        "Actual Startup Time": 0.021,
                                        "Actual Total Time": 64.306,
                                        "Actual Rows": 338348,
                                        "Actual Loops": 4,
                                        "Output": [
                                            "mc.id",
                                            "mc.movie_id",
                                            "mc.company_id",
                                            "mc.company_type_id",
                                            "mc.note"
                                        ],
                                        "Filter": "(mc.company_id < 11623)",
                                        "Rows Removed by Filter": 313934,
                                        "Workers": [
                                            {
                                                "Worker Number": 0,
                                                "Actual Startup Time": 0.028,
                                                "Actual Total Time": 64.954,
                                                "Actual Rows": 315253,
                                                "Actual Loops": 1
                                            },
                                            {
                                                "Worker Number": 1,
                                                "Actual Startup Time": 0.024,
                                                "Actual Total Time": 64.139,
                                                "Actual Rows": 328856,
                                                "Actual Loops": 1
                                            },
                                            {
                                                "Worker Number": 2,
                                                "Actual Startup Time": 0.022,
                                                "Actual Total Time": 64.16,
                                                "Actual Rows": 326812,
                                                "Actual Loops": 1
                                            }
                                        ]
                                    },
                                    {
                                        "Node Type": "Hash",
                                        "Parent Relationship": "Inner",
                                        "Parallel Aware": true,
                                        "Startup Cost": 45479.21,
                                        "Total Cost": 45479.21,
                                        "Plan Rows": 6562,
                                        "Plan Width": 4,
                                        "Actual Startup Time": 97.08,
                                        "Actual Total Time": 97.081,
                                        "Actual Rows": 5158,
                                        "Actual Loops": 4,
                                        "Output": [
                                            "t.id"
                                        ],
                                        "Hash Buckets": 32768,
                                        "Original Hash Buckets": 32768,
                                        "Hash Batches": 1,
                                        "Original Hash Batches": 1,
                                        "Peak Memory Usage": 1120,
                                        "Workers": [
                                            {
                                                "Worker Number": 0,
                                                "Actual Startup Time": 94.039,
                                                "Actual Total Time": 94.039,
                                                "Actual Rows": 4582,
                                                "Actual Loops": 1
                                            },
                                            {
                                                "Worker Number": 1,
                                                "Actual Startup Time": 95.646,
                                                "Actual Total Time": 95.647,
                                                "Actual Rows": 4907,
                                                "Actual Loops": 1
                                            },
                                            {
                                                "Worker Number": 2,
                                                "Actual Startup Time": 95.797,
                                                "Actual Total Time": 95.797,
                                                "Actual Rows": 4927,
                                                "Actual Loops": 1
                                            }
                                        ],
                                        "Plans": [
                                            {
                                                "Node Type": "Seq Scan",
                                                "Parent Relationship": "Outer",
                                                "Parallel Aware": true,
                                                "Relation Name": "title",
                                                "Schema": "public",
                                                "Alias": "t",
                                                "Startup Cost": 0.0,
                                                "Total Cost": 45479.21,
                                                "Plan Rows": 6562,
                                                "Plan Width": 4,
                                                "Actual Startup Time": 0.373,
                                                "Actual Total Time": 94.748,
                                                "Actual Rows": 5158,
                                                "Actual Loops": 4,
                                                "Output": [
                                                    "t.id"
                                                ],
                                                "Filter": "((t.kind_id < 7) AND (t.production_year = 2002))",
                                                "Rows Removed by Filter": 626920,
                                                "Workers": [
                                                    {
                                                        "Worker Number": 0,
                                                        "Actual Startup Time": 0.522,
                                                        "Actual Total Time": 91.807,
                                                        "Actual Rows": 4582,
                                                        "Actual Loops": 1
                                                    },
                                                    {
                                                        "Worker Number": 1,
                                                        "Actual Startup Time": 0.194,
                                                        "Actual Total Time": 93.325,
                                                        "Actual Rows": 4907,
                                                        "Actual Loops": 1
                                                    },
                                                    {
                                                        "Worker Number": 2,
                                                        "Actual Startup Time": 0.602,
                                                        "Actual Total Time": 93.47,
                                                        "Actual Rows": 4927,
                                                        "Actual Loops": 1
                                                    }
                                                ]
                                            }
                                        ]
                                    }
                                ]
                            }
                        ]
                    }
                ]
            }
        ]
    },
    "Planning Time": 0.767,
    "Triggers": [],
    "Execution Time": 217.208
}