{
    "Plan": {
        "Node Type": "Aggregate",
        "Strategy": "Plain",
        "Partial Mode": "Simple",
        "Parallel Aware": false,
        "Startup Cost": 40000283553.49,
        "Total Cost": 40000283553.5,
        "Plan Rows": 1,
        "Plan Width": 8,
        "Actual Startup Time": 1273.531,
        "Actual Total Time": 1273.537,
        "Actual Rows": 1,
        "Actual Loops": 1,
        "Output": [
            "count(*)"
        ],
        "Plans": [
            {
                "Node Type": "Hash Join",
                "Parent Relationship": "Outer",
                "Parallel Aware": false,
                "Join Type": "Inner",
                "Startup Cost": 40000032815.05,
                "Total Cost": 40000283553.27,
                "Plan Rows": 87,
                "Plan Width": 0,
                "Actual Startup Time": 132.373,
                "Actual Total Time": 1272.363,
                "Actual Rows": 12177,
                "Actual Loops": 1,
                "Inner Unique": true,
                "Hash Cond": "(mk.keyword_id = k.id)",
                "Plans": [
                    {
                        "Node Type": "Nested Loop",
                        "Parent Relationship": "Outer",
                        "Parallel Aware": false,
                        "Join Type": "Inner",
                        "Startup Cost": 30000027455.18,
                        "Total Cost": 30000278170.7,
                        "Plan Rows": 8653,
                        "Plan Width": 4,
                        "Actual Startup Time": 47.843,
                        "Actual Total Time": 1149.839,
                        "Actual Rows": 573002,
                        "Actual Loops": 1,
                        "Output": [
                            "mk.keyword_id"
                        ],
                        "Inner Unique": false,
                        "Join Filter": "(mi.movie_id = mk.movie_id)",
                        "Rows Removed by Join Filter": 0,
                        "Plans": [
                            {
                                "Node Type": "Nested Loop",
                                "Parent Relationship": "Outer",
                                "Parallel Aware": false,
                                "Join Type": "Inner",
                                "Startup Cost": 20000027454.36,
                                "Total Cost": 20000249287.5,
                                "Plan Rows": 4836,
                                "Plan Width": 8,
                                "Actual Startup Time": 47.81,
                                "Actual Total Time": 777.302,
                                "Actual Rows": 46769,
                                "Actual Loops": 1,
                                "Output": [
                                    "t.id",
                                    "mi.movie_id"
                                ],
                                "Inner Unique": false,
                                "Plans": [
                                    {
                                        "Node Type": "Bitmap Heap Scan",
                                        "Parent Relationship": "Outer",
                                        "Parallel Aware": false,
                                        "Relation Name": "info_type",
                                        "Schema": "public",
                                        "Alias": "it",
                                        "Startup Cost": 4.15,
                                        "Total Cost": 8.16,
                                        "Plan Rows": 1,
                                        "Plan Width": 4,
                                        "Actual Startup Time": 0.011,
                                        "Actual Total Time": 0.013,
                                        "Actual Rows": 1,
                                        "Actual Loops": 1,
                                        "Output": [
                                            "it.id",
                                            "it.info"
                                        ],
                                        "Recheck Cond": "(it.id = 3)",
                                        "Rows Removed by Index Recheck": 0,
                                        "Exact Heap Blocks": 1,
                                        "Lossy Heap Blocks": 0,
                                        "Plans": [
                                            {
                                                "Node Type": "Bitmap Index Scan",
                                                "Parent Relationship": "Outer",
                                                "Parallel Aware": false,
                                                "Index Name": "info_type_pkey",
                                                "Startup Cost": 0.0,
                                                "Total Cost": 4.15,
                                                "Plan Rows": 1,
                                                "Plan Width": 0,
                                                "Actual Startup Time": 0.003,
                                                "Actual Total Time": 0.004,
                                                "Actual Rows": 1,
                                                "Actual Loops": 1,
                                                "Index Cond": "(it.id = 3)"
                                            }
                                        ]
                                    },
                                    {
                                        "Node Type": "Nested Loop",
                                        "Parent Relationship": "Inner",
                                        "Parallel Aware": false,
                                        "Join Type": "Inner",
                                        "Startup Cost": 10000027450.21,
                                        "Total Cost": 10000249230.98,
                                        "Plan Rows": 4836,
                                        "Plan Width": 12,
                                        "Actual Startup Time": 47.791,
                                        "Actual Total Time": 771.482,
                                        "Actual Rows": 46769,
                                        "Actual Loops": 1,
                                        "Output": [
                                            "t.id",
                                            "mi.info_type_id",
                                            "mi.movie_id"
                                        ],
                                        "Inner Unique": true,
                                        "Plans": [
                                            {
                                                "Node Type": "Bitmap Heap Scan",
                                                "Parent Relationship": "Outer",
                                                "Parallel Aware": false,
                                                "Relation Name": "movie_info",
                                                "Schema": "public",
                                                "Alias": "mi",
                                                "Startup Cost": 27446.62,
                                                "Total Cost": 212457.57,
                                                "Plan Rows": 4836,
                                                "Plan Width": 8,
                                                "Actual Startup Time": 47.742,
                                                "Actual Total Time": 453.448,
                                                "Actual Rows": 46769,
                                                "Actual Loops": 1,
                                                "Output": [
                                                    "mi.id",
                                                    "mi.movie_id",
                                                    "mi.info_type_id",
                                                    "mi.info",
                                                    "mi.note"
                                                ],
                                                "Recheck Cond": "(mi.info_type_id = 3)",
                                                "Rows Removed by Index Recheck": 0,
                                                "Filter": "(mi.info ~~* '%action%'::text)",
                                                "Rows Removed by Filter": 1487140,
                                                "Exact Heap Blocks": 9770,
                                                "Lossy Heap Blocks": 0,
                                                "Plans": [
                                                    {
                                                        "Node Type": "Bitmap Index Scan",
                                                        "Parent Relationship": "Outer",
                                                        "Parallel Aware": false,
                                                        "Index Name": "info_type_id_movie_info",
                                                        "Startup Cost": 0.0,
                                                        "Total Cost": 27445.41,
                                                        "Plan Rows": 1534530,
                                                        "Plan Width": 0,
                                                        "Actual Startup Time": 46.524,
                                                        "Actual Total Time": 46.525,
                                                        "Actual Rows": 1533909,
                                                        "Actual Loops": 1,
                                                        "Index Cond": "(mi.info_type_id = 3)"
                                                    }
                                                ]
                                            },
                                            {
                                                "Node Type": "Bitmap Heap Scan",
                                                "Parent Relationship": "Inner",
                                                "Parallel Aware": false,
                                                "Relation Name": "title",
                                                "Schema": "public",
                                                "Alias": "t",
                                                "Startup Cost": 3.59,
                                                "Total Cost": 7.6,
                                                "Plan Rows": 1,
                                                "Plan Width": 4,
                                                "Actual Startup Time": 0.005,
                                                "Actual Total Time": 0.005,
                                                "Actual Rows": 1,
                                                "Actual Loops": 46769,
                                                "Output": [
                                                    "t.id",
                                                    "t.title",
                                                    "t.imdb_index",
                                                    "t.kind_id",
                                                    "t.production_year",
                                                    "t.imdb_id",
                                                    "t.phonetic_code",
                                                    "t.episode_of_id",
                                                    "t.season_nr",
                                                    "t.episode_nr",
                                                    "t.series_years",
                                                    "t.md5sum"
                                                ],
                                                "Recheck Cond": "(t.id = mi.movie_id)",
                                                "Rows Removed by Index Recheck": 0,
                                                "Exact Heap Blocks": 46769,
                                                "Lossy Heap Blocks": 0,
                                                "Plans": [
                                                    {
                                                        "Node Type": "Bitmap Index Scan",
                                                        "Parent Relationship": "Outer",
                                                        "Parallel Aware": false,
                                                        "Index Name": "title_pkey",
                                                        "Startup Cost": 0.0,
                                                        "Total Cost": 3.59,
                                                        "Plan Rows": 1,
                                                        "Plan Width": 0,
                                                        "Actual Startup Time": 0.002,
                                                        "Actual Total Time": 0.002,
                                                        "Actual Rows": 1,
                                                        "Actual Loops": 46769,
                                                        "Index Cond": "(t.id = mi.movie_id)"
                                                    }
                                                ]
                                            }
                                        ]
                                    }
                                ]
                            },
                            {
                                "Node Type": "Bitmap Heap Scan",
                                "Parent Relationship": "Inner",
                                "Parallel Aware": false,
                                "Relation Name": "movie_keyword",
                                "Schema": "public",
                                "Alias": "mk",
                                "Startup Cost": 0.82,
                                "Total Cost": 5.4,
                                "Plan Rows": 46,
                                "Plan Width": 8,
                                "Actual Startup Time": 0.004,
                                "Actual Total Time": 0.005,
                                "Actual Rows": 12,
                                "Actual Loops": 46769,
                                "Output": [
                                    "mk.id",
                                    "mk.movie_id",
                                    "mk.keyword_id"
                                ],
                                "Recheck Cond": "(mk.movie_id = t.id)",
                                "Rows Removed by Index Recheck": 0,
                                "Exact Heap Blocks": 27260,
                                "Lossy Heap Blocks": 0,
                                "Plans": [
                                    {
                                        "Node Type": "Bitmap Index Scan",
                                        "Parent Relationship": "Outer",
                                        "Parallel Aware": false,
                                        "Index Name": "movie_id_movie_keyword",
                                        "Startup Cost": 0.0,
                                        "Total Cost": 0.81,
                                        "Plan Rows": 46,
                                        "Plan Width": 0,
                                        "Actual Startup Time": 0.003,
                                        "Actual Total Time": 0.003,
                                        "Actual Rows": 12,
                                        "Actual Loops": 46769,
                                        "Index Cond": "(mk.movie_id = t.id)"
                                    }
                                ]
                            }
                        ]
                    },
                    {
                        "Node Type": "Hash",
                        "Parent Relationship": "Inner",
                        "Parallel Aware": false,
                        "Startup Cost": 10000005342.92,
                        "Total Cost": 10000005342.92,
                        "Plan Rows": 1355,
                        "Plan Width": 4,
                        "Actual Startup Time": 83.785,
                        "Actual Total Time": 83.786,
                        "Actual Rows": 387,
                        "Actual Loops": 1,
                        "Output": [
                            "k.id"
                        ],
                        "Hash Buckets": 2048,
                        "Original Hash Buckets": 2048,
                        "Hash Batches": 1,
                        "Original Hash Batches": 1,
                        "Peak Memory Usage": 30,
                        "Plans": [
                            {
                                "Node Type": "Index Scan",
                                "Parent Relationship": "Outer",
                                "Parallel Aware": false,
                                "Scan Direction": "Forward",
                                "Index Name": "keyword_pkey",
                                "Relation Name": "keyword",
                                "Schema": "public",
                                "Alias": "k",
                                "Startup Cost": 10000000000.42,
                                "Total Cost": 10000005342.92,
                                "Plan Rows": 1355,
                                "Plan Width": 4,
                                "Actual Startup Time": 2.045,
                                "Actual Total Time": 83.614,
                                "Actual Rows": 387,
                                "Actual Loops": 1,
                                "Output": [
                                    "k.id"
                                ],
                                "Filter": "(k.keyword ~~* '%fight%'::text)",
                                "Rows Removed by Filter": 133783
                            }
                        ]
                    }
                ]
            }
        ]
    },
    "Planning Time": 4.973,
    "Triggers": [],
    "Execution Time": 1274.136
}