[
    {
        "Bao": {
            "Bao prediction": "NaN",
            "Bao recommended hint": "(no hint)"
        }
    },
    {
        "Plan": {
            "Node Type": "Aggregate",
            "Strategy": "Plain",
            "Partial Mode": "Simple",
            "Parallel Aware": false,
            "Startup Cost": 20627.24,
            "Total Cost": 20627.25,
            "Plan Rows": 1,
            "Plan Width": 8,
            "Actual Startup Time": 10.255,
            "Actual Total Time": 10.256,
            "Actual Rows": 1,
            "Actual Loops": 1,
            "Output": [
                "count(*)"
            ],
            "Plans": [
                {
                    "Node Type": "Bitmap Heap Scan",
                    "Parent Relationship": "Outer",
                    "Parallel Aware": false,
                    "Relation Name": "movie_companies",
                    "Schema": "public",
                    "Alias": "mc",
                    "Startup Cost": 677.66,
                    "Total Cost": 20549.42,
                    "Plan Rows": 31127,
                    "Plan Width": 0,
                    "Actual Startup Time": 1.634,
                    "Actual Total Time": 8.517,
                    "Actual Rows": 32748,
                    "Actual Loops": 1,
                    "Recheck Cond": "(mc.company_id > 205409)",
                    "Rows Removed by Index Recheck": 0,
                    "Exact Heap Blocks": 1316,
                    "Lossy Heap Blocks": 0,
                    "Plans": [
                        {
                            "Node Type": "Bitmap Index Scan",
                            "Parent Relationship": "Outer",
                            "Parallel Aware": false,
                            "Index Name": "company_id_movie_companies",
                            "Startup Cost": 0.0,
                            "Total Cost": 669.88,
                            "Plan Rows": 31127,
                            "Plan Width": 0,
                            "Actual Startup Time": 1.466,
                            "Actual Total Time": 1.466,
                            "Actual Rows": 32748,
                            "Actual Loops": 1,
                            "Index Cond": "(mc.company_id > 205409)"
                        }
                    ]
                }
            ]
        },
        "Planning Time": 186.56,
        "Triggers": [],
        "Execution Time": 10.298
    }
]