{
  "Plan": {
    "Node Type": "Aggregate",
    "Strategy": "Plain",
    "Partial Mode": "Finalize",
    "Parallel Aware": false,
    "Startup Cost": 336519.69,
    "Total Cost": 336519.7,
    "Plan Rows": 1,
    "Plan Width": 8,
    "Actual Startup Time": 2285.631,
    "Actual Total Time": 2330.473,
    "Actual Rows": 1,
    "Actual Loops": 1,
    "Plans": [
      {
        "Node Type": "Gather",
        "Parent Relationship": "Outer",
        "Parallel Aware": false,
        "Startup Cost": 336519.58,
        "Total Cost": 336519.69,
        "Plan Rows": 1,
        "Plan Width": 8,
        "Actual Startup Time": 2284.284,
        "Actual Total Time": 2330.465,
        "Actual Rows": 2,
        "Actual Loops": 1,
        "Workers Planned": 1,
        "Workers Launched": 1,
        "Single Copy": false,
        "Plans": [
          {
            "Node Type": "Aggregate",
            "Strategy": "Plain",
            "Partial Mode": "Partial",
            "Parent Relationship": "Outer",
            "Parallel Aware": false,
            "Startup Cost": 335519.58,
            "Total Cost": 335519.59,
            "Plan Rows": 1,
            "Plan Width": 8,
            "Actual Startup Time": 2278.164,
            "Actual Total Time": 2278.168,
            "Actual Rows": 1,
            "Actual Loops": 2,
            "Plans": [
              {
                "Node Type": "Hash Join",
                "Parent Relationship": "Outer",
                "Parallel Aware": true,
                "Join Type": "Inner",
                "Startup Cost": 58395.28,
                "Total Cost": 330178.77,
                "Plan Rows": 2136322,
                "Plan Width": 0,
                "Actual Startup Time": 203.284,
                "Actual Total Time": 2130.792,
                "Actual Rows": 3634767,
                "Actual Loops": 2,
                "Inner Unique": true,
                "Hash Cond": "(mi.movie_id = t.id)",
                "Plans": [
                  {
                    "Node Type": "Seq Scan",
                    "Parent Relationship": "Outer",
                    "Parallel Aware": true,
                    "Relation Name": "movie_info",
                    "Alias": "mi",
                    "Startup Cost": 0.0,
                    "Total Cost": 248955.74,
                    "Plan Rows": 8696274,
                    "Plan Width": 4,
                    "Actual Startup Time": 0.01,
                    "Actual Total Time": 625.273,
                    "Actual Rows": 7417860,
                    "Actual Loops": 2
                  },
                  {
                    "Node Type": "Hash",
                    "Parent Relationship": "Inner",
                    "Parallel Aware": true,
                    "Startup Cost": 53828.38,
                    "Total Cost": 53828.38,
                    "Plan Rows": 365352,
                    "Plan Width": 4,
                    "Actual Startup Time": 167.27,
                    "Actual Total Time": 167.272,
                    "Actual Rows": 281707,
                    "Actual Loops": 2,
                    "Hash Buckets": 1048576,
                    "Original Hash Buckets": 1048576,
                    "Hash Batches": 1,
                    "Original Hash Batches": 1,
                    "Peak Memory Usage": 30272,
                    "Plans": [
                      {
                        "Node Type": "Bitmap Heap Scan",
                        "Parent Relationship": "Outer",
                        "Parallel Aware": true,
                        "Relation Name": "title",
                        "Alias": "t",
                        "Startup Cost": 11978.12,
                        "Total Cost": 53828.38,
                        "Plan Rows": 365352,
                        "Plan Width": 4,
                        "Actual Startup Time": 31.575,
                        "Actual Total Time": 101.285,
                        "Actual Rows": 281707,
                        "Actual Loops": 2,
                        "Recheck Cond": "(kind_id = 1)",
                        "Rows Removed by Index Recheck": 0,
                        "Filter": "(production_year > 1921)",
                        "Rows Removed by Filter": 49706,
                        "Exact Heap Blocks": 7899,
                        "Lossy Heap Blocks": 0,
                        "Plans": [
                          {
                            "Node Type": "Bitmap Index Scan",
                            "Parent Relationship": "Outer",
                            "Parallel Aware": false,
                            "Index Name": "kind_id_title",
                            "Startup Cost": 0.0,
                            "Total Cost": 11822.85,
                            "Plan Rows": 663256,
                            "Plan Width": 0,
                            "Actual Startup Time": 29.71,
                            "Actual Total Time": 29.71,
                            "Actual Rows": 662825,
                            "Actual Loops": 1,
                            "Index Cond": "(kind_id = 1)"
                          }
                        ]
                      }
                    ]
                  }
                ]
              }
            ]
          }
        ]
      }
    ]
  },
  "Planning Time": 0.737,
  "Triggers": [],
  "Execution Time": 2330.577
}