[
  {
    "Plan": {
      "Node Type": "Aggregate",
      "Strategy": "Plain",
      "Partial Mode": "Finalize",
      "Parallel Aware": false,
      "Startup Cost": 343811.1,
      "Total Cost": 343811.11,
      "Plan Rows": 1,
      "Plan Width": 8,
      "Actual Startup Time": 856.202,
      "Actual Total Time": 911.81,
      "Actual Rows": 1,
      "Actual Loops": 1,
      "Plans": [
        {
          "Node Type": "Gather",
          "Parent Relationship": "Outer",
          "Parallel Aware": false,
          "Startup Cost": 343810.47,
          "Total Cost": 343811.08,
          "Plan Rows": 6,
          "Plan Width": 8,
          "Actual Startup Time": 856.1,
          "Actual Total Time": 911.801,
          "Actual Rows": 7,
          "Actual Loops": 1,
          "Workers Planned": 6,
          "Workers Launched": 6,
          "Single Copy": false,
          "Plans": [
            {
              "Node Type": "Aggregate",
              "Strategy": "Plain",
              "Partial Mode": "Partial",
              "Parent Relationship": "Outer",
              "Parallel Aware": false,
              "Startup Cost": 342810.47,
              "Total Cost": 342810.48,
              "Plan Rows": 1,
              "Plan Width": 8,
              "Actual Startup Time": 849.087,
              "Actual Total Time": 849.089,
              "Actual Rows": 1,
              "Actual Loops": 7,
              "Plans": [
                {
                  "Node Type": "Seq Scan",
                  "Parent Relationship": "Outer",
                  "Parallel Aware": true,
                  "Relation Name": "cast_info",
                  "Alias": "ci",
                  "Startup Cost": 0.0,
                  "Total Cost": 328162.03,
                  "Plan Rows": 5859378,
                  "Plan Width": 0,
                  "Actual Startup Time": 21.11,
                  "Actual Total Time": 644.859,
                  "Actual Rows": 5023805,
                  "Actual Loops": 7,
                  "Filter": "(person_id > 110090)",
                  "Rows Removed by Filter": 153958
                }
              ]
            }
          ]
        }
      ]
    },
    "Planning Time": 0.166,
    "Triggers": [],
    "Execution Time": 911.873
  }
]