[
  {
    "Plan": {
      "Node Type": "Aggregate",
      "Strategy": "Plain",
      "Partial Mode": "Finalize",
      "Parallel Aware": false,
      "Startup Cost": 237824.46,
      "Total Cost": 237824.47,
      "Plan Rows": 1,
      "Plan Width": 8,
      "Actual Startup Time": 155.53,
      "Actual Total Time": 183.871,
      "Actual Rows": 1,
      "Actual Loops": 1,
      "Plans": [
        {
          "Node Type": "Gather",
          "Parent Relationship": "Outer",
          "Parallel Aware": false,
          "Startup Cost": 237824.04,
          "Total Cost": 237824.45,
          "Plan Rows": 4,
          "Plan Width": 8,
          "Actual Startup Time": 155.321,
          "Actual Total Time": 183.854,
          "Actual Rows": 5,
          "Actual Loops": 1,
          "Workers Planned": 4,
          "Workers Launched": 4,
          "Single Copy": false,
          "Plans": [
            {
              "Node Type": "Aggregate",
              "Strategy": "Plain",
              "Partial Mode": "Partial",
              "Parent Relationship": "Outer",
              "Parallel Aware": false,
              "Startup Cost": 236824.04,
              "Total Cost": 236824.05,
              "Plan Rows": 1,
              "Plan Width": 8,
              "Actual Startup Time": 149.365,
              "Actual Total Time": 149.367,
              "Actual Rows": 1,
              "Actual Loops": 5,
              "Plans": [
                {
                  "Node Type": "Nested Loop",
                  "Parent Relationship": "Outer",
                  "Parallel Aware": false,
                  "Join Type": "Inner",
                  "Startup Cost": 0.56,
                  "Total Cost": 236763.52,
                  "Plan Rows": 24210,
                  "Plan Width": 0,
                  "Actual Startup Time": 0.238,
                  "Actual Total Time": 147.81,
                  "Actual Rows": 17256,
                  "Actual Loops": 5,
                  "Inner Unique": false,
                  "Plans": [
                    {
                      "Node Type": "Seq Scan",
                      "Parent Relationship": "Outer",
                      "Parallel Aware": true,
                      "Relation Name": "title",
                      "Alias": "t",
                      "Startup Cost": 0.0,
                      "Total Cost": 45479.59,
                      "Plan Rows": 2004,
                      "Plan Width": 4,
                      "Actual Startup Time": 0.124,
                      "Actual Total Time": 72.549,
                      "Actual Rows": 1698,
                      "Actual Loops": 5,
                      "Filter": "((kind_id = 7) AND (production_year = 1969))",
                      "Rows Removed by Filter": 503965
                    },
                    {
                      "Node Type": "Index Scan",
                      "Parent Relationship": "Inner",
                      "Parallel Aware": false,
                      "Scan Direction": "Forward",
                      "Index Name": "movie_id_cast_info",
                      "Relation Name": "cast_info",
                      "Alias": "ci",
                      "Startup Cost": 0.56,
                      "Total Cost": 95.16,
                      "Plan Rows": 29,
                      "Plan Width": 4,
                      "Actual Startup Time": 0.01,
                      "Actual Total Time": 0.043,
                      "Actual Rows": 10,
                      "Actual Loops": 8488,
                      "Index Cond": "(movie_id = t.id)",
                      "Rows Removed by Index Recheck": 0,
                      "Filter": "(role_id < 9)",
                      "Rows Removed by Filter": 1
                    }
                  ]
                }
              ]
            }
          ]
        }
      ]
    },
    "Planning Time": 0.64,
    "Triggers": [],
    "Execution Time": 183.96
  }
]