[
  {
    "Plan": {
      "Node Type": "Aggregate",
      "Strategy": "Plain",
      "Partial Mode": "Finalize",
      "Parallel Aware": false,
      "Startup Cost": 392124.46,
      "Total Cost": 392124.47,
      "Plan Rows": 1,
      "Plan Width": 8,
      "Actual Startup Time": 1355.146,
      "Actual Total Time": 1379.202,
      "Actual Rows": 1,
      "Actual Loops": 1,
      "Plans": [
        {
          "Node Type": "Gather",
          "Parent Relationship": "Outer",
          "Parallel Aware": false,
          "Startup Cost": 392123.84,
          "Total Cost": 392124.45,
          "Plan Rows": 6,
          "Plan Width": 8,
          "Actual Startup Time": 1346.292,
          "Actual Total Time": 1379.19,
          "Actual Rows": 7,
          "Actual Loops": 1,
          "Workers Planned": 6,
          "Workers Launched": 6,
          "Single Copy": false,
          "Plans": [
            {
              "Node Type": "Aggregate",
              "Strategy": "Plain",
              "Partial Mode": "Partial",
              "Parent Relationship": "Outer",
              "Parallel Aware": false,
              "Startup Cost": 391123.84,
              "Total Cost": 391123.85,
              "Plan Rows": 1,
              "Plan Width": 8,
              "Actual Startup Time": 1324.952,
              "Actual Total Time": 1324.955,
              "Actual Rows": 1,
              "Actual Loops": 7,
              "Plans": [
                {
                  "Node Type": "Hash Join",
                  "Parent Relationship": "Outer",
                  "Parallel Aware": true,
                  "Join Type": "Inner",
                  "Startup Cost": 50646.66,
                  "Total Cost": 387156.76,
                  "Plan Rows": 1586831,
                  "Plan Width": 0,
                  "Actual Startup Time": 233.578,
                  "Actual Total Time": 1263.144,
                  "Actual Rows": 1481523,
                  "Actual Loops": 7,
                  "Inner Unique": true,
                  "Hash Cond": "(ci.movie_id = t.id)",
                  "Plans": [
                    {
                      "Node Type": "Index Scan",
                      "Parent Relationship": "Outer",
                      "Parallel Aware": true,
                      "Scan Direction": "Forward",
                      "Index Name": "role_id_cast_info",
                      "Relation Name": "cast_info",
                      "Alias": "ci",
                      "Startup Cost": 0.56,
                      "Total Cost": 331632.96,
                      "Plan Rows": 1858171,
                      "Plan Width": 4,
                      "Actual Startup Time": 0.14,
                      "Actual Total Time": 349.836,
                      "Actual Rows": 1625882,
                      "Actual Loops": 7,
                      "Index Cond": "(role_id > 3)",
                      "Rows Removed by Index Recheck": 0,
                      "Filter": "(person_id > 346567)",
                      "Rows Removed by Filter": 104639
                    },
                    {
                      "Node Type": "Hash",
                      "Parent Relationship": "Inner",
                      "Parallel Aware": true,
                      "Startup Cost": 43898.92,
                      "Total Cost": 43898.92,
                      "Plan Rows": 539774,
                      "Plan Width": 4,
                      "Actual Startup Time": 226.879,
                      "Actual Total Time": 226.88,
                      "Actual Rows": 306669,
                      "Actual Loops": 7,
                      "Hash Buckets": 4194304,
                      "Original Hash Buckets": 4194304,
                      "Hash Batches": 1,
                      "Original Hash Batches": 1,
                      "Peak Memory Usage": 116864,
                      "Plans": [
                        {
                          "Node Type": "Seq Scan",
                          "Parent Relationship": "Outer",
                          "Parallel Aware": true,
                          "Relation Name": "title",
                          "Alias": "t",
                          "Startup Cost": 0.0,
                          "Total Cost": 43898.92,
                          "Plan Rows": 539774,
                          "Plan Width": 4,
                          "Actual Startup Time": 0.04,
                          "Actual Total Time": 79.236,
                          "Actual Rows": 306669,
                          "Actual Loops": 7,
                          "Filter": "(production_year > 1965)",
                          "Rows Removed by Filter": 54518
                        }
                      ]
                    }
                  ]
                }
              ]
            }
          ]
        }
      ]
    },
    "Planning Time": 0.626,
    "Triggers": [],
    "Execution Time": 1379.287
  }
]