[
  {
    "Plan": {
      "Node Type": "Aggregate",
      "Strategy": "Plain",
      "Partial Mode": "Finalize",
      "Parallel Aware": false,
      "Startup Cost": 34567.56,
      "Total Cost": 34567.57,
      "Plan Rows": 1,
      "Plan Width": 8,
      "Actual Startup Time": 27.718,
      "Actual Total Time": 32.586,
      "Actual Rows": 1,
      "Actual Loops": 1,
      "Plans": [
        {
          "Node Type": "Gather",
          "Parent Relationship": "Outer",
          "Parallel Aware": false,
          "Startup Cost": 34567.35,
          "Total Cost": 34567.56,
          "Plan Rows": 2,
          "Plan Width": 8,
          "Actual Startup Time": 27.346,
          "Actual Total Time": 32.58,
          "Actual Rows": 3,
          "Actual Loops": 1,
          "Workers Planned": 2,
          "Workers Launched": 2,
          "Single Copy": false,
          "Plans": [
            {
              "Node Type": "Aggregate",
              "Strategy": "Plain",
              "Partial Mode": "Partial",
              "Parent Relationship": "Outer",
              "Parallel Aware": false,
              "Startup Cost": 33567.35,
              "Total Cost": 33567.36,
              "Plan Rows": 1,
              "Plan Width": 8,
              "Actual Startup Time": 21.897,
              "Actual Total Time": 21.899,
              "Actual Rows": 1,
              "Actual Loops": 3,
              "Plans": [
                {
                  "Node Type": "Nested Loop",
                  "Parent Relationship": "Outer",
                  "Parallel Aware": false,
                  "Join Type": "Inner",
                  "Startup Cost": 156.56,
                  "Total Cost": 33565.99,
                  "Plan Rows": 545,
                  "Plan Width": 0,
                  "Actual Startup Time": 0.622,
                  "Actual Total Time": 21.634,
                  "Actual Rows": 1808,
                  "Actual Loops": 3,
                  "Inner Unique": true,
                  "Join Filter": "(mc.movie_id = t.id)",
                  "Rows Removed by Join Filter": 0,
                  "Plans": [
                    {
                      "Node Type": "Nested Loop",
                      "Parent Relationship": "Outer",
                      "Parallel Aware": false,
                      "Join Type": "Inner",
                      "Startup Cost": 156.13,
                      "Total Cost": 31265.87,
                      "Plan Rows": 2713,
                      "Plan Width": 8,
                      "Actual Startup Time": 0.488,
                      "Actual Total Time": 10.429,
                      "Actual Rows": 1808,
                      "Actual Loops": 3,
                      "Inner Unique": false,
                      "Plans": [
                        {
                          "Node Type": "Bitmap Heap Scan",
                          "Parent Relationship": "Outer",
                          "Parallel Aware": true,
                          "Relation Name": "movie_companies",
                          "Alias": "mc",
                          "Startup Cost": 155.7,
                          "Total Cost": 14014.07,
                          "Plan Rows": 2972,
                          "Plan Width": 4,
                          "Actual Startup Time": 0.372,
                          "Actual Total Time": 1.929,
                          "Actual Rows": 2745,
                          "Actual Loops": 3,
                          "Recheck Cond": "(company_id = 424)",
                          "Rows Removed by Index Recheck": 0,
                          "Exact Heap Blocks": 808,
                          "Lossy Heap Blocks": 0,
                          "Plans": [
                            {
                              "Node Type": "Bitmap Index Scan",
                              "Parent Relationship": "Outer",
                              "Parallel Aware": false,
                              "Index Name": "company_id_movie_companies",
                              "Startup Cost": 0.0,
                              "Total Cost": 153.92,
                              "Plan Rows": 7132,
                              "Plan Width": 0,
                              "Actual Startup Time": 0.793,
                              "Actual Total Time": 0.794,
                              "Actual Rows": 8235,
                              "Actual Loops": 1,
                              "Index Cond": "(company_id = 424)"
                            }
                          ]
                        },
                        {
                          "Node Type": "Index Scan",
                          "Parent Relationship": "Inner",
                          "Parallel Aware": false,
                          "Scan Direction": "Forward",
                          "Index Name": "movie_id_movie_info_idx",
                          "Relation Name": "movie_info_idx",
                          "Alias": "mi_idx",
                          "Startup Cost": 0.43,
                          "Total Cost": 5.79,
                          "Plan Rows": 1,
                          "Plan Width": 4,
                          "Actual Startup Time": 0.003,
                          "Actual Total Time": 0.003,
                          "Actual Rows": 1,
                          "Actual Loops": 8235,
                          "Index Cond": "(movie_id = mc.movie_id)",
                          "Rows Removed by Index Recheck": 0,
                          "Filter": "(info_type_id > 100)",
                          "Rows Removed by Filter": 1
                        }
                      ]
                    },
                    {
                      "Node Type": "Index Only Scan",
                      "Parent Relationship": "Inner",
                      "Parallel Aware": false,
                      "Scan Direction": "Forward",
                      "Index Name": "title_pkey",
                      "Relation Name": "title",
                      "Alias": "t",
                      "Startup Cost": 0.43,
                      "Total Cost": 0.84,
                      "Plan Rows": 1,
                      "Plan Width": 4,
                      "Actual Startup Time": 0.006,
                      "Actual Total Time": 0.006,
                      "Actual Rows": 1,
                      "Actual Loops": 5424,
                      "Index Cond": "(id = mi_idx.movie_id)",
                      "Rows Removed by Index Recheck": 0,
                      "Heap Fetches": 5424
                    }
                  ]
                }
              ]
            }
          ]
        }
      ]
    },
    "Planning Time": 0.549,
    "Triggers": [],
    "Execution Time": 32.627
  }
]