[
    {
        "Bao": {
            "Bao prediction": "NaN",
            "Bao recommended hint": "(no hint)"
        }
    },
    {
        "Plan": {
            "Node Type": "Aggregate",
            "Strategy": "Plain",
            "Partial Mode": "Finalize",
            "Parallel Aware": false,
            "Startup Cost": 47135.83,
            "Total Cost": 47135.84,
            "Plan Rows": 1,
            "Plan Width": 8,
            "Actual Startup Time": 206.6,
            "Actual Total Time": 213.431,
            "Actual Rows": 1,
            "Actual Loops": 1,
            "Output": [
                "count(*)"
            ],
            "Plans": [
                {
                    "Node Type": "Gather",
                    "Parent Relationship": "Outer",
                    "Parallel Aware": false,
                    "Startup Cost": 47135.51,
                    "Total Cost": 47135.82,
                    "Plan Rows": 3,
                    "Plan Width": 8,
                    "Actual Startup Time": 206.522,
                    "Actual Total Time": 213.421,
                    "Actual Rows": 4,
                    "Actual Loops": 1,
                    "Output": [
                        "(PARTIAL count(*))"
                    ],
                    "Workers Planned": 3,
                    "Workers Launched": 3,
                    "Single Copy": false,
                    "Plans": [
                        {
                            "Node Type": "Aggregate",
                            "Strategy": "Plain",
                            "Partial Mode": "Partial",
                            "Parent Relationship": "Outer",
                            "Parallel Aware": false,
                            "Startup Cost": 46135.51,
                            "Total Cost": 46135.52,
                            "Plan Rows": 1,
                            "Plan Width": 8,
                            "Actual Startup Time": 197.43,
                            "Actual Total Time": 197.432,
                            "Actual Rows": 1,
                            "Actual Loops": 4,
                            "Output": [
                                "PARTIAL count(*)"
                            ],
                            "Workers": [
                                {
                                    "Worker Number": 0,
                                    "Actual Startup Time": 194.196,
                                    "Actual Total Time": 194.197,
                                    "Actual Rows": 1,
                                    "Actual Loops": 1
                                },
                                {
                                    "Worker Number": 1,
                                    "Actual Startup Time": 194.784,
                                    "Actual Total Time": 194.785,
                                    "Actual Rows": 1,
                                    "Actual Loops": 1
                                },
                                {
                                    "Worker Number": 2,
                                    "Actual Startup Time": 194.975,
                                    "Actual Total Time": 194.976,
                                    "Actual Rows": 1,
                                    "Actual Loops": 1
                                }
                            ],
                            "Plans": [
                                {
                                    "Node Type": "Seq Scan",
                                    "Parent Relationship": "Outer",
                                    "Parallel Aware": true,
                                    "Relation Name": "movie_keyword",
                                    "Schema": "public",
                                    "Alias": "mk",
                                    "Startup Cost": 0.0,
                                    "Total Cost": 42695.65,
                                    "Plan Rows": 1375943,
                                    "Plan Width": 0,
                                    "Actual Startup Time": 0.058,
                                    "Actual Total Time": 139.138,
                                    "Actual Rows": 1067492,
                                    "Actual Loops": 4,
                                    "Output": [
                                        "id",
                                        "movie_id",
                                        "keyword_id"
                                    ],
                                    "Filter": "(mk.keyword_id < 59984)",
                                    "Rows Removed by Filter": 63490,
                                    "Workers": [
                                        {
                                            "Worker Number": 0,
                                            "Actual Startup Time": 0.065,
                                            "Actual Total Time": 138.341,
                                            "Actual Rows": 1206834,
                                            "Actual Loops": 1
                                        },
                                        {
                                            "Worker Number": 1,
                                            "Actual Startup Time": 0.064,
                                            "Actual Total Time": 138.336,
                                            "Actual Rows": 1219001,
                                            "Actual Loops": 1
                                        },
                                        {
                                            "Worker Number": 2,
                                            "Actual Startup Time": 0.066,
                                            "Actual Total Time": 138.228,
                                            "Actual Rows": 797037,
                                            "Actual Loops": 1
                                        }
                                    ]
                                }
                            ]
                        }
                    ]
                }
            ]
        },
        "Planning Time": 285.355,
        "Triggers": [],
        "Execution Time": 213.535
    }
]