[
  {
    "Plan": {
      "Node Type": "Aggregate",
      "Strategy": "Plain",
      "Partial Mode": "Finalize",
      "Parallel Aware": false,
      "Startup Cost": 357838.74,
      "Total Cost": 357838.75,
      "Plan Rows": 1,
      "Plan Width": 8,
      "Actual Startup Time": 581.93,
      "Actual Total Time": 605.44,
      "Actual Rows": 1,
      "Actual Loops": 1,
      "Plans": [
        {
          "Node Type": "Gather",
          "Parent Relationship": "Outer",
          "Parallel Aware": false,
          "Startup Cost": 357838.12,
          "Total Cost": 357838.73,
          "Plan Rows": 6,
          "Plan Width": 8,
          "Actual Startup Time": 567.266,
          "Actual Total Time": 605.427,
          "Actual Rows": 7,
          "Actual Loops": 1,
          "Workers Planned": 6,
          "Workers Launched": 6,
          "Single Copy": false,
          "Plans": [
            {
              "Node Type": "Aggregate",
              "Strategy": "Plain",
              "Partial Mode": "Partial",
              "Parent Relationship": "Outer",
              "Parallel Aware": false,
              "Startup Cost": 356838.12,
              "Total Cost": 356838.13,
              "Plan Rows": 1,
              "Plan Width": 8,
              "Actual Startup Time": 555.853,
              "Actual Total Time": 555.86,
              "Actual Rows": 1,
              "Actual Loops": 7,
              "Plans": [
                {
                  "Node Type": "Hash Join",
                  "Parent Relationship": "Outer",
                  "Parallel Aware": true,
                  "Join Type": "Inner",
                  "Startup Cost": 98133.16,
                  "Total Cost": 356345.49,
                  "Plan Rows": 197052,
                  "Plan Width": 0,
                  "Actual Startup Time": 323.21,
                  "Actual Total Time": 545.356,
                  "Actual Rows": 180513,
                  "Actual Loops": 7,
                  "Inner Unique": true,
                  "Hash Cond": "(ci.movie_id = t.id)",
                  "Plans": [
                    {
                      "Node Type": "Bitmap Heap Scan",
                      "Parent Relationship": "Outer",
                      "Parallel Aware": true,
                      "Relation Name": "cast_info",
                      "Alias": "ci",
                      "Startup Cost": 48391.53,
                      "Total Cost": 305644.92,
                      "Plan Rows": 365311,
                      "Plan Width": 4,
                      "Actual Startup Time": 126.055,
                      "Actual Total Time": 201.012,
                      "Actual Rows": 322688,
                      "Actual Loops": 7,
                      "Recheck Cond": "(person_id < 219975)",
                      "Rows Removed by Index Recheck": 0,
                      "Exact Heap Blocks": 4883,
                      "Lossy Heap Blocks": 0,
                      "Plans": [
                        {
                          "Node Type": "Bitmap Index Scan",
                          "Parent Relationship": "Outer",
                          "Parallel Aware": false,
                          "Index Name": "person_id_cast_info",
                          "Startup Cost": 0.0,
                          "Total Cost": 47843.57,
                          "Plan Rows": 2191867,
                          "Plan Width": 0,
                          "Actual Startup Time": 120.041,
                          "Actual Total Time": 120.042,
                          "Actual Rows": 2258815,
                          "Actual Loops": 1,
                          "Index Cond": "(person_id < 219975)"
                        }
                      ]
                    },
                    {
                      "Node Type": "Hash",
                      "Parent Relationship": "Inner",
                      "Parallel Aware": true,
                      "Startup Cost": 45479.59,
                      "Total Cost": 45479.59,
                      "Plan Rows": 340963,
                      "Plan Width": 4,
                      "Actual Startup Time": 193.606,
                      "Actual Total Time": 193.607,
                      "Actual Rows": 205528,
                      "Actual Loops": 7,
                      "Hash Buckets": 2097152,
                      "Original Hash Buckets": 2097152,
                      "Hash Batches": 1,
                      "Original Hash Batches": 1,
                      "Peak Memory Usage": 72736,
                      "Plans": [
                        {
                          "Node Type": "Seq Scan",
                          "Parent Relationship": "Outer",
                          "Parallel Aware": true,
                          "Relation Name": "title",
                          "Alias": "t",
                          "Startup Cost": 0.0,
                          "Total Cost": 45479.59,
                          "Plan Rows": 340963,
                          "Plan Width": 4,
                          "Actual Startup Time": 0.045,
                          "Actual Total Time": 89.796,
                          "Actual Rows": 205528,
                          "Actual Loops": 7,
                          "Filter": "((production_year > 1958) AND (kind_id = 7))",
                          "Rows Removed by Filter": 155660
                        }
                      ]
                    }
                  ]
                }
              ]
            }
          ]
        }
      ]
    },
    "Planning Time": 0.278,
    "Triggers": [],
    "Execution Time": 605.492
  }
]