[
  {
    "Plan": {
      "Node Type": "Aggregate",
      "Strategy": "Plain",
      "Partial Mode": "Finalize",
      "Parallel Aware": false,
      "Startup Cost": 205419.32,
      "Total Cost": 205419.33,
      "Plan Rows": 1,
      "Plan Width": 8,
      "Actual Startup Time": 315.045,
      "Actual Total Time": 335.942,
      "Actual Rows": 1,
      "Actual Loops": 1,
      "Plans": [
        {
          "Node Type": "Gather",
          "Parent Relationship": "Outer",
          "Parallel Aware": false,
          "Startup Cost": 205418.69,
          "Total Cost": 205419.3,
          "Plan Rows": 6,
          "Plan Width": 8,
          "Actual Startup Time": 314.897,
          "Actual Total Time": 335.926,
          "Actual Rows": 7,
          "Actual Loops": 1,
          "Workers Planned": 6,
          "Workers Launched": 6,
          "Single Copy": false,
          "Plans": [
            {
              "Node Type": "Aggregate",
              "Strategy": "Plain",
              "Partial Mode": "Partial",
              "Parent Relationship": "Outer",
              "Parallel Aware": false,
              "Startup Cost": 204418.69,
              "Total Cost": 204418.7,
              "Plan Rows": 1,
              "Plan Width": 8,
              "Actual Startup Time": 306.547,
              "Actual Total Time": 306.549,
              "Actual Rows": 1,
              "Actual Loops": 7,
              "Plans": [
                {
                  "Node Type": "Index Scan",
                  "Parent Relationship": "Outer",
                  "Parallel Aware": true,
                  "Scan Direction": "Forward",
                  "Index Name": "role_id_cast_info",
                  "Relation Name": "cast_info",
                  "Alias": "ci",
                  "Startup Cost": 0.56,
                  "Total Cost": 201884.69,
                  "Plan Rows": 1013600,
                  "Plan Width": 0,
                  "Actual Startup Time": 0.129,
                  "Actual Total Time": 252.481,
                  "Actual Rows": 1064373,
                  "Actual Loops": 7,
                  "Index Cond": "(role_id = 2)",
                  "Rows Removed by Index Recheck": 0,
                  "Filter": "(person_id > 680624)",
                  "Rows Removed by Filter": 194
                }
              ]
            }
          ]
        }
      ]
    },
    "Planning Time": 0.11,
    "Triggers": [],
    "Execution Time": 335.995
  }
]