[
  {
    "Plan": {
      "Node Type": "Aggregate",
      "Strategy": "Plain",
      "Partial Mode": "Finalize",
      "Parallel Aware": false,
      "Startup Cost": 337690.3,
      "Total Cost": 337690.31,
      "Plan Rows": 1,
      "Plan Width": 8,
      "Actual Startup Time": 731.914,
      "Actual Total Time": 776.848,
      "Actual Rows": 1,
      "Actual Loops": 1,
      "Plans": [
        {
          "Node Type": "Gather",
          "Parent Relationship": "Outer",
          "Parallel Aware": false,
          "Startup Cost": 337689.68,
          "Total Cost": 337690.29,
          "Plan Rows": 6,
          "Plan Width": 8,
          "Actual Startup Time": 731.707,
          "Actual Total Time": 776.837,
          "Actual Rows": 7,
          "Actual Loops": 1,
          "Workers Planned": 6,
          "Workers Launched": 6,
          "Single Copy": false,
          "Plans": [
            {
              "Node Type": "Aggregate",
              "Strategy": "Plain",
              "Partial Mode": "Partial",
              "Parent Relationship": "Outer",
              "Parallel Aware": false,
              "Startup Cost": 336689.68,
              "Total Cost": 336689.69,
              "Plan Rows": 1,
              "Plan Width": 8,
              "Actual Startup Time": 723.05,
              "Actual Total Time": 723.052,
              "Actual Rows": 1,
              "Actual Loops": 7,
              "Plans": [
                {
                  "Node Type": "Seq Scan",
                  "Parent Relationship": "Outer",
                  "Parallel Aware": true,
                  "Relation Name": "cast_info",
                  "Alias": "ci",
                  "Startup Cost": 0.0,
                  "Total Cost": 328211.39,
                  "Plan Rows": 3391314,
                  "Plan Width": 0,
                  "Actual Startup Time": 0.055,
                  "Actual Total Time": 585.798,
                  "Actual Rows": 2950035,
                  "Actual Loops": 7,
                  "Filter": "(person_id < 2078843)",
                  "Rows Removed by Filter": 2227729
                }
              ]
            }
          ]
        }
      ]
    },
    "Planning Time": 0.204,
    "Triggers": [],
    "Execution Time": 776.917
  }
]