[
    {
        "Bao": {
            "Bao prediction": 476.945,
            "Bao recommended hint": "SET enable_mergejoin TO off; SET enable_indexscan TO off; "
        }
    },
    {
        "Plan": {
            "Node Type": "Aggregate",
            "Strategy": "Plain",
            "Partial Mode": "Finalize",
            "Parallel Aware": false,
            "Startup Cost": 347974.78,
            "Total Cost": 347974.79,
            "Plan Rows": 1,
            "Plan Width": 8,
            "Actual Startup Time": 869.203,
            "Actual Total Time": 903.098,
            "Actual Rows": 1,
            "Actual Loops": 1,
            "Output": [
                "count(*)"
            ],
            "Plans": [
                {
                    "Node Type": "Gather",
                    "Parent Relationship": "Outer",
                    "Parallel Aware": false,
                    "Startup Cost": 347974.16,
                    "Total Cost": 347974.77,
                    "Plan Rows": 6,
                    "Plan Width": 8,
                    "Actual Startup Time": 869.121,
                    "Actual Total Time": 903.09,
                    "Actual Rows": 7,
                    "Actual Loops": 1,
                    "Output": [
                        "(PARTIAL count(*))"
                    ],
                    "Workers Planned": 6,
                    "Workers Launched": 6,
                    "Single Copy": false,
                    "Plans": [
                        {
                            "Node Type": "Aggregate",
                            "Strategy": "Plain",
                            "Partial Mode": "Partial",
                            "Parent Relationship": "Outer",
                            "Parallel Aware": false,
                            "Startup Cost": 346974.16,
                            "Total Cost": 346974.17,
                            "Plan Rows": 1,
                            "Plan Width": 8,
                            "Actual Startup Time": 859.572,
                            "Actual Total Time": 859.573,
                            "Actual Rows": 1,
                            "Actual Loops": 7,
                            "Output": [
                                "PARTIAL count(*)"
                            ],
                            "Workers": [
                                {
                                    "Worker Number": 0,
                                    "Actual Startup Time": 857.687,
                                    "Actual Total Time": 857.688,
                                    "Actual Rows": 1,
                                    "Actual Loops": 1
                                },
                                {
                                    "Worker Number": 1,
                                    "Actual Startup Time": 857.604,
                                    "Actual Total Time": 857.605,
                                    "Actual Rows": 1,
                                    "Actual Loops": 1
                                },
                                {
                                    "Worker Number": 2,
                                    "Actual Startup Time": 857.564,
                                    "Actual Total Time": 857.565,
                                    "Actual Rows": 1,
                                    "Actual Loops": 1
                                },
                                {
                                    "Worker Number": 3,
                                    "Actual Startup Time": 858.399,
                                    "Actual Total Time": 858.4,
                                    "Actual Rows": 1,
                                    "Actual Loops": 1
                                },
                                {
                                    "Worker Number": 4,
                                    "Actual Startup Time": 858.417,
                                    "Actual Total Time": 858.418,
                                    "Actual Rows": 1,
                                    "Actual Loops": 1
                                },
                                {
                                    "Worker Number": 5,
                                    "Actual Startup Time": 859.049,
                                    "Actual Total Time": 859.05,
                                    "Actual Rows": 1,
                                    "Actual Loops": 1
                                }
                            ],
                            "Plans": [
                                {
                                    "Node Type": "Seq Scan",
                                    "Parent Relationship": "Outer",
                                    "Parallel Aware": true,
                                    "Relation Name": "cast_info",
                                    "Schema": "public",
                                    "Alias": "ci",
                                    "Startup Cost": 0.0,
                                    "Total Cost": 343318.94,
                                    "Plan Rows": 1462087,
                                    "Plan Width": 0,
                                    "Actual Startup Time": 182.503,
                                    "Actual Total Time": 817.733,
                                    "Actual Rows": 639139,
                                    "Actual Loops": 7,
                                    "Output": [
                                        "id",
                                        "person_id",
                                        "movie_id",
                                        "person_role_id",
                                        "note",
                                        "nr_order",
                                        "role_id"
                                    ],
                                    "Filter": "((ci.person_id > 1117582) AND (ci.role_id = 1))",
                                    "Rows Removed by Filter": 4538625,
                                    "Workers": [
                                        {
                                            "Worker Number": 0,
                                            "Actual Startup Time": 180.641,
                                            "Actual Total Time": 816.606,
                                            "Actual Rows": 624159,
                                            "Actual Loops": 1
                                        },
                                        {
                                            "Worker Number": 1,
                                            "Actual Startup Time": 180.535,
                                            "Actual Total Time": 816.685,
                                            "Actual Rows": 620446,
                                            "Actual Loops": 1
                                        },
                                        {
                                            "Worker Number": 2,
                                            "Actual Startup Time": 180.485,
                                            "Actual Total Time": 816.708,
                                            "Actual Rows": 619900,
                                            "Actual Loops": 1
                                        },
                                        {
                                            "Worker Number": 3,
                                            "Actual Startup Time": 181.346,
                                            "Actual Total Time": 817.231,
                                            "Actual Rows": 624894,
                                            "Actual Loops": 1
                                        },
                                        {
                                            "Worker Number": 4,
                                            "Actual Startup Time": 181.337,
                                            "Actual Total Time": 817.501,
                                            "Actual Rows": 621768,
                                            "Actual Loops": 1
                                        },
                                        {
                                            "Worker Number": 5,
                                            "Actual Startup Time": 181.984,
                                            "Actual Total Time": 817.839,
                                            "Actual Rows": 625141,
                                            "Actual Loops": 1
                                        }
                                    ]
                                }
                            ]
                        }
                    ]
                }
            ]
        },
        "Planning Time": 363.511,
        "Triggers": [],
        "Execution Time": 903.184
    }
]