[
  {
    "Plan": {
      "Node Type": "Aggregate",
      "Strategy": "Plain",
      "Partial Mode": "Finalize",
      "Parallel Aware": false,
      "Startup Cost": 352007.38,
      "Total Cost": 352007.39,
      "Plan Rows": 1,
      "Plan Width": 8,
      "Actual Startup Time": 863.167,
      "Actual Total Time": 910.545,
      "Actual Rows": 1,
      "Actual Loops": 1,
      "Plans": [
        {
          "Node Type": "Gather",
          "Parent Relationship": "Outer",
          "Parallel Aware": false,
          "Startup Cost": 352006.75,
          "Total Cost": 352007.36,
          "Plan Rows": 6,
          "Plan Width": 8,
          "Actual Startup Time": 862.974,
          "Actual Total Time": 910.53,
          "Actual Rows": 7,
          "Actual Loops": 1,
          "Workers Planned": 6,
          "Workers Launched": 6,
          "Single Copy": false,
          "Plans": [
            {
              "Node Type": "Aggregate",
              "Strategy": "Plain",
              "Partial Mode": "Partial",
              "Parent Relationship": "Outer",
              "Parallel Aware": false,
              "Startup Cost": 351006.75,
              "Total Cost": 351006.76,
              "Plan Rows": 1,
              "Plan Width": 8,
              "Actual Startup Time": 854.227,
              "Actual Total Time": 854.228,
              "Actual Rows": 1,
              "Actual Loops": 7,
              "Plans": [
                {
                  "Node Type": "Seq Scan",
                  "Parent Relationship": "Outer",
                  "Parallel Aware": true,
                  "Relation Name": "cast_info",
                  "Alias": "ci",
                  "Startup Cost": 0.0,
                  "Total Cost": 343316.27,
                  "Plan Rows": 3076192,
                  "Plan Width": 0,
                  "Actual Startup Time": 221.748,
                  "Actual Total Time": 728.332,
                  "Actual Rows": 2434629,
                  "Actual Loops": 7,
                  "Filter": "((person_id > 1499327) AND (role_id < 10))",
                  "Rows Removed by Filter": 2743135
                }
              ]
            }
          ]
        }
      ]
    },
    "Planning Time": 0.268,
    "Triggers": [],
    "Execution Time": 910.623
  }
]