[
  {
    "Plan": {
      "Node Type": "Aggregate",
      "Strategy": "Plain",
      "Partial Mode": "Finalize",
      "Parallel Aware": false,
      "Startup Cost": 352426.95,
      "Total Cost": 352426.96,
      "Plan Rows": 1,
      "Plan Width": 8,
      "Actual Startup Time": 740.703,
      "Actual Total Time": 799.679,
      "Actual Rows": 1,
      "Actual Loops": 1,
      "Plans": [
        {
          "Node Type": "Gather",
          "Parent Relationship": "Outer",
          "Parallel Aware": false,
          "Startup Cost": 352426.32,
          "Total Cost": 352426.93,
          "Plan Rows": 6,
          "Plan Width": 8,
          "Actual Startup Time": 740.333,
          "Actual Total Time": 799.669,
          "Actual Rows": 7,
          "Actual Loops": 1,
          "Workers Planned": 6,
          "Workers Launched": 6,
          "Single Copy": false,
          "Plans": [
            {
              "Node Type": "Aggregate",
              "Strategy": "Plain",
              "Partial Mode": "Partial",
              "Parent Relationship": "Outer",
              "Parallel Aware": false,
              "Startup Cost": 351426.32,
              "Total Cost": 351426.33,
              "Plan Rows": 1,
              "Plan Width": 8,
              "Actual Startup Time": 731.276,
              "Actual Total Time": 731.277,
              "Actual Rows": 1,
              "Actual Loops": 7,
              "Plans": [
                {
                  "Node Type": "Seq Scan",
                  "Parent Relationship": "Outer",
                  "Parallel Aware": true,
                  "Relation Name": "cast_info",
                  "Alias": "ci",
                  "Startup Cost": 0.0,
                  "Total Cost": 343257.03,
                  "Plan Rows": 3267718,
                  "Plan Width": 0,
                  "Actual Startup Time": 214.543,
                  "Actual Total Time": 635.906,
                  "Actual Rows": 2487480,
                  "Actual Loops": 7,
                  "Filter": "((person_id < 3034531) AND (role_id > 1))",
                  "Rows Removed by Filter": 2690283
                }
              ]
            }
          ]
        }
      ]
    },
    "Planning Time": 0.197,
    "Triggers": [],
    "Execution Time": 799.744
  }
]