[
  {
    "Plan": {
      "Node Type": "Aggregate",
      "Strategy": "Plain",
      "Partial Mode": "Finalize",
      "Parallel Aware": false,
      "Startup Cost": 85851.94,
      "Total Cost": 85851.95,
      "Plan Rows": 1,
      "Plan Width": 8,
      "Actual Startup Time": 126.922,
      "Actual Total Time": 145.407,
      "Actual Rows": 1,
      "Actual Loops": 1,
      "Plans": [
        {
          "Node Type": "Gather",
          "Parent Relationship": "Outer",
          "Parallel Aware": false,
          "Startup Cost": 85851.52,
          "Total Cost": 85851.93,
          "Plan Rows": 4,
          "Plan Width": 8,
          "Actual Startup Time": 126.803,
          "Actual Total Time": 145.398,
          "Actual Rows": 5,
          "Actual Loops": 1,
          "Workers Planned": 4,
          "Workers Launched": 4,
          "Single Copy": false,
          "Plans": [
            {
              "Node Type": "Aggregate",
              "Strategy": "Plain",
              "Partial Mode": "Partial",
              "Parent Relationship": "Outer",
              "Parallel Aware": false,
              "Startup Cost": 84851.52,
              "Total Cost": 84851.53,
              "Plan Rows": 1,
              "Plan Width": 8,
              "Actual Startup Time": 118.303,
              "Actual Total Time": 118.304,
              "Actual Rows": 1,
              "Actual Loops": 5,
              "Plans": [
                {
                  "Node Type": "Nested Loop",
                  "Parent Relationship": "Outer",
                  "Parallel Aware": false,
                  "Join Type": "Inner",
                  "Startup Cost": 0.43,
                  "Total Cost": 84847.72,
                  "Plan Rows": 1519,
                  "Plan Width": 0,
                  "Actual Startup Time": 61.507,
                  "Actual Total Time": 117.5,
                  "Actual Rows": 10315,
                  "Actual Loops": 5,
                  "Inner Unique": false,
                  "Plans": [
                    {
                      "Node Type": "Seq Scan",
                      "Parent Relationship": "Outer",
                      "Parallel Aware": true,
                      "Relation Name": "title",
                      "Alias": "t",
                      "Startup Cost": 0.0,
                      "Total Cost": 45479.1,
                      "Plan Rows": 260,
                      "Plan Width": 4,
                      "Actual Startup Time": 61.405,
                      "Actual Total Time": 86.029,
                      "Actual Rows": 919,
                      "Actual Loops": 5,
                      "Filter": "((kind_id = 1) AND (production_year = 1910))",
                      "Rows Removed by Filter": 504743
                    },
                    {
                      "Node Type": "Index Only Scan",
                      "Parent Relationship": "Inner",
                      "Parallel Aware": false,
                      "Scan Direction": "Forward",
                      "Index Name": "movie_id_movie_info",
                      "Relation Name": "movie_info",
                      "Alias": "mi",
                      "Startup Cost": 0.43,
                      "Total Cost": 151.0,
                      "Plan Rows": 42,
                      "Plan Width": 4,
                      "Actual Startup Time": 0.013,
                      "Actual Total Time": 0.033,
                      "Actual Rows": 11,
                      "Actual Loops": 4597,
                      "Index Cond": "(movie_id = t.id)",
                      "Rows Removed by Index Recheck": 0,
                      "Heap Fetches": 51577
                    }
                  ]
                }
              ]
            }
          ]
        }
      ]
    },
    "Planning Time": 0.616,
    "Triggers": [],
    "Execution Time": 145.483
  }
]