[
    {
        "Bao": {
            "Bao prediction": "NaN",
            "Bao recommended hint": "(no hint)"
        }
    },
    {
        "Plan": {
            "Node Type": "Aggregate",
            "Strategy": "Plain",
            "Partial Mode": "Finalize",
            "Parallel Aware": false,
            "Startup Cost": 55833.07,
            "Total Cost": 55833.08,
            "Plan Rows": 1,
            "Plan Width": 8,
            "Actual Startup Time": 123.957,
            "Actual Total Time": 131.983,
            "Actual Rows": 1,
            "Actual Loops": 1,
            "Output": [
                "count(*)"
            ],
            "Plans": [
                {
                    "Node Type": "Gather",
                    "Parent Relationship": "Outer",
                    "Parallel Aware": false,
                    "Startup Cost": 55832.75,
                    "Total Cost": 55833.06,
                    "Plan Rows": 3,
                    "Plan Width": 8,
                    "Actual Startup Time": 123.751,
                    "Actual Total Time": 131.973,
                    "Actual Rows": 4,
                    "Actual Loops": 1,
                    "Output": [
                        "(PARTIAL count(*))"
                    ],
                    "Workers Planned": 3,
                    "Workers Launched": 3,
                    "Single Copy": false,
                    "Plans": [
                        {
                            "Node Type": "Aggregate",
                            "Strategy": "Plain",
                            "Partial Mode": "Partial",
                            "Parent Relationship": "Outer",
                            "Parallel Aware": false,
                            "Startup Cost": 54832.75,
                            "Total Cost": 54832.76,
                            "Plan Rows": 1,
                            "Plan Width": 8,
                            "Actual Startup Time": 115.043,
                            "Actual Total Time": 115.046,
                            "Actual Rows": 1,
                            "Actual Loops": 4,
                            "Output": [
                                "PARTIAL count(*)"
                            ],
                            "Workers": [
                                {
                                    "Worker Number": 0,
                                    "Actual Startup Time": 112.004,
                                    "Actual Total Time": 112.007,
                                    "Actual Rows": 1,
                                    "Actual Loops": 1
                                },
                                {
                                    "Worker Number": 1,
                                    "Actual Startup Time": 112.316,
                                    "Actual Total Time": 112.319,
                                    "Actual Rows": 1,
                                    "Actual Loops": 1
                                },
                                {
                                    "Worker Number": 2,
                                    "Actual Startup Time": 112.433,
                                    "Actual Total Time": 112.436,
                                    "Actual Rows": 1,
                                    "Actual Loops": 1
                                }
                            ],
                            "Plans": [
                                {
                                    "Node Type": "Nested Loop",
                                    "Parent Relationship": "Outer",
                                    "Parallel Aware": false,
                                    "Join Type": "Inner",
                                    "Startup Cost": 45503.52,
                                    "Total Cost": 54832.09,
                                    "Plan Rows": 262,
                                    "Plan Width": 0,
                                    "Actual Startup Time": 92.112,
                                    "Actual Total Time": 115.026,
                                    "Actual Rows": 165,
                                    "Actual Loops": 4,
                                    "Inner Unique": false,
                                    "Join Filter": "(t.id = mk.movie_id)",
                                    "Rows Removed by Join Filter": 0,
                                    "Workers": [
                                        {
                                            "Worker Number": 0,
                                            "Actual Startup Time": 89.103,
                                            "Actual Total Time": 111.972,
                                            "Actual Rows": 362,
                                            "Actual Loops": 1
                                        },
                                        {
                                            "Worker Number": 1,
                                            "Actual Startup Time": 89.283,
                                            "Actual Total Time": 112.304,
                                            "Actual Rows": 66,
                                            "Actual Loops": 1
                                        },
                                        {
                                            "Worker Number": 2,
                                            "Actual Startup Time": 88.181,
                                            "Actual Total Time": 112.42,
                                            "Actual Rows": 96,
                                            "Actual Loops": 1
                                        }
                                    ],
                                    "Plans": [
                                        {
                                            "Node Type": "Hash Join",
                                            "Parent Relationship": "Outer",
                                            "Parallel Aware": true,
                                            "Join Type": "Inner",
                                            "Startup Cost": 45503.09,
                                            "Total Cost": 54356.34,
                                            "Plan Rows": 162,
                                            "Plan Width": 8,
                                            "Actual Startup Time": 90.875,
                                            "Actual Total Time": 113.576,
                                            "Actual Rows": 348,
                                            "Actual Loops": 4,
                                            "Output": [
                                                "t.id",
                                                "ci.movie_id"
                                            ],
                                            "Inner Unique": true,
                                            "Hash Cond": "(ci.movie_id = t.id)",
                                            "Workers": [
                                                {
                                                    "Worker Number": 0,
                                                    "Actual Startup Time": 87.583,
                                                    "Actual Total Time": 110.187,
                                                    "Actual Rows": 264,
                                                    "Actual Loops": 1
                                                },
                                                {
                                                    "Worker Number": 1,
                                                    "Actual Startup Time": 88.651,
                                                    "Actual Total Time": 110.787,
                                                    "Actual Rows": 227,
                                                    "Actual Loops": 1
                                                },
                                                {
                                                    "Worker Number": 2,
                                                    "Actual Startup Time": 87.96,
                                                    "Actual Total Time": 110.695,
                                                    "Actual Rows": 493,
                                                    "Actual Loops": 1
                                                }
                                            ],
                                            "Plans": [
                                                {
                                                    "Node Type": "Index Scan",
                                                    "Parent Relationship": "Outer",
                                                    "Parallel Aware": true,
                                                    "Scan Direction": "Forward",
                                                    "Index Name": "role_id_cast_info",
                                                    "Relation Name": "cast_info",
                                                    "Schema": "public",
                                                    "Alias": "ci",
                                                    "Startup Cost": 0.56,
                                                    "Total Cost": 8709.54,
                                                    "Plan Rows": 54963,
                                                    "Plan Width": 4,
                                                    "Actual Startup Time": 0.041,
                                                    "Actual Total Time": 16.309,
                                                    "Actual Rows": 63406,
                                                    "Actual Loops": 4,
                                                    "Output": [
                                                        "ci.id",
                                                        "ci.person_id",
                                                        "ci.movie_id",
                                                        "ci.person_role_id",
                                                        "ci.note",
                                                        "ci.nr_order",
                                                        "ci.role_id"
                                                    ],
                                                    "Index Cond": "(ci.role_id > 10)",
                                                    "Rows Removed by Index Recheck": 0,
                                                    "Filter": "(ci.person_id > 1552262)",
                                                    "Rows Removed by Filter": 15623,
                                                    "Workers": [
                                                        {
                                                            "Worker Number": 0,
                                                            "Actual Startup Time": 0.047,
                                                            "Actual Total Time": 16.234,
                                                            "Actual Rows": 45965,
                                                            "Actual Loops": 1
                                                        },
                                                        {
                                                            "Worker Number": 1,
                                                            "Actual Startup Time": 0.05,
                                                            "Actual Total Time": 16.287,
                                                            "Actual Rows": 47408,
                                                            "Actual Loops": 1
                                                        },
                                                        {
                                                            "Worker Number": 2,
                                                            "Actual Startup Time": 0.038,
                                                            "Actual Total Time": 16.314,
                                                            "Actual Rows": 72280,
                                                            "Actual Loops": 1
                                                        }
                                                    ]
                                                },
                                                {
                                                    "Node Type": "Hash",
                                                    "Parent Relationship": "Inner",
                                                    "Parallel Aware": true,
                                                    "Startup Cost": 45479.21,
                                                    "Total Cost": 45479.21,
                                                    "Plan Rows": 1865,
                                                    "Plan Width": 4,
                                                    "Actual Startup Time": 89.572,
                                                    "Actual Total Time": 89.573,
                                                    "Actual Rows": 1952,
                                                    "Actual Loops": 4,
                                                    "Output": [
                                                        "t.id"
                                                    ],
                                                    "Hash Buckets": 8192,
                                                    "Original Hash Buckets": 8192,
                                                    "Hash Batches": 1,
                                                    "Original Hash Batches": 1,
                                                    "Peak Memory Usage": 448,
                                                    "Workers": [
                                                        {
                                                            "Worker Number": 0,
                                                            "Actual Startup Time": 86.489,
                                                            "Actual Total Time": 86.489,
                                                            "Actual Rows": 1143,
                                                            "Actual Loops": 1
                                                        },
                                                        {
                                                            "Worker Number": 1,
                                                            "Actual Startup Time": 86.857,
                                                            "Actual Total Time": 86.858,
                                                            "Actual Rows": 1225,
                                                            "Actual Loops": 1
                                                        },
                                                        {
                                                            "Worker Number": 2,
                                                            "Actual Startup Time": 86.962,
                                                            "Actual Total Time": 86.963,
                                                            "Actual Rows": 1701,
                                                            "Actual Loops": 1
                                                        }
                                                    ],
                                                    "Plans": [
                                                        {
                                                            "Node Type": "Seq Scan",
                                                            "Parent Relationship": "Outer",
                                                            "Parallel Aware": true,
                                                            "Relation Name": "title",
                                                            "Schema": "public",
                                                            "Alias": "t",
                                                            "Startup Cost": 0.0,
                                                            "Total Cost": 45479.21,
                                                            "Plan Rows": 1865,
                                                            "Plan Width": 4,
                                                            "Actual Startup Time": 0.141,
                                                            "Actual Total Time": 88.438,
                                                            "Actual Rows": 1952,
                                                            "Actual Loops": 4,
                                                            "Output": [
                                                                "t.id"
                                                            ],
                                                            "Filter": "((t.kind_id = 7) AND (t.production_year = 1981))",
                                                            "Rows Removed by Filter": 630126,
                                                            "Workers": [
                                                                {
                                                                    "Worker Number": 0,
                                                                    "Actual Startup Time": 0.252,
                                                                    "Actual Total Time": 85.394,
                                                                    "Actual Rows": 1143,
                                                                    "Actual Loops": 1
                                                                },
                                                                {
                                                                    "Worker Number": 1,
                                                                    "Actual Startup Time": 0.064,
                                                                    "Actual Total Time": 85.708,
                                                                    "Actual Rows": 1225,
                                                                    "Actual Loops": 1
                                                                },
                                                                {
                                                                    "Worker Number": 2,
                                                                    "Actual Startup Time": 0.225,
                                                                    "Actual Total Time": 85.839,
                                                                    "Actual Rows": 1701,
                                                                    "Actual Loops": 1
                                                                }
                                                            ]
                                                        }
                                                    ]
                                                }
                                            ]
                                        },
                                        {
                                            "Node Type": "Index Scan",
                                            "Parent Relationship": "Inner",
                                            "Parallel Aware": false,
                                            "Scan Direction": "Forward",
                                            "Index Name": "movie_id_movie_keyword",
                                            "Relation Name": "movie_keyword",
                                            "Schema": "public",
                                            "Alias": "mk",
                                            "Startup Cost": 0.43,
                                            "Total Cost": 2.42,
                                            "Plan Rows": 41,
                                            "Plan Width": 4,
                                            "Actual Startup Time": 0.004,
                                            "Actual Total Time": 0.004,
                                            "Actual Rows": 0,
                                            "Actual Loops": 1393,
                                            "Output": [
                                                "mk.id",
                                                "mk.movie_id",
                                                "mk.keyword_id"
                                            ],
                                            "Index Cond": "(mk.movie_id = ci.movie_id)",
                                            "Rows Removed by Index Recheck": 0,
                                            "Filter": "(mk.keyword_id < 41049)",
                                            "Rows Removed by Filter": 0,
                                            "Workers": [
                                                {
                                                    "Worker Number": 0,
                                                    "Actual Startup Time": 0.006,
                                                    "Actual Total Time": 0.006,
                                                    "Actual Rows": 1,
                                                    "Actual Loops": 264
                                                },
                                                {
                                                    "Worker Number": 1,
                                                    "Actual Startup Time": 0.006,
                                                    "Actual Total Time": 0.006,
                                                    "Actual Rows": 0,
                                                    "Actual Loops": 227
                                                },
                                                {
                                                    "Worker Number": 2,
                                                    "Actual Startup Time": 0.003,
                                                    "Actual Total Time": 0.003,
                                                    "Actual Rows": 0,
                                                    "Actual Loops": 493
                                                }
                                            ]
                                        }
                                    ]
                                }
                            ]
                        }
                    ]
                }
            ]
        },
        "Planning Time": 189.453,
        "Triggers": [],
        "Execution Time": 132.05
    }
]