[
  {
    "Plan": {
      "Node Type": "Aggregate",
      "Strategy": "Plain",
      "Partial Mode": "Finalize",
      "Parallel Aware": false,
      "Startup Cost": 31188.44,
      "Total Cost": 31188.45,
      "Plan Rows": 1,
      "Plan Width": 8,
      "Actual Startup Time": 116.633,
      "Actual Total Time": 126.313,
      "Actual Rows": 1,
      "Actual Loops": 1,
      "Plans": [
        {
          "Node Type": "Gather",
          "Parent Relationship": "Outer",
          "Parallel Aware": false,
          "Startup Cost": 31188.12,
          "Total Cost": 31188.43,
          "Plan Rows": 3,
          "Plan Width": 8,
          "Actual Startup Time": 116.384,
          "Actual Total Time": 126.306,
          "Actual Rows": 4,
          "Actual Loops": 1,
          "Workers Planned": 3,
          "Workers Launched": 3,
          "Single Copy": false,
          "Plans": [
            {
              "Node Type": "Aggregate",
              "Strategy": "Plain",
              "Partial Mode": "Partial",
              "Parent Relationship": "Outer",
              "Parallel Aware": false,
              "Startup Cost": 30188.12,
              "Total Cost": 30188.13,
              "Plan Rows": 1,
              "Plan Width": 8,
              "Actual Startup Time": 109.589,
              "Actual Total Time": 109.591,
              "Actual Rows": 1,
              "Actual Loops": 4,
              "Plans": [
                {
                  "Node Type": "Seq Scan",
                  "Parent Relationship": "Outer",
                  "Parallel Aware": true,
                  "Relation Name": "movie_companies",
                  "Alias": "mc",
                  "Startup Cost": 0.0,
                  "Total Cost": 29310.68,
                  "Plan Rows": 350975,
                  "Plan Width": 0,
                  "Actual Startup Time": 20.669,
                  "Actual Total Time": 93.413,
                  "Actual Rows": 270694,
                  "Actual Loops": 4,
                  "Filter": "(company_id > 14328)",
                  "Rows Removed by Filter": 381588
                }
              ]
            }
          ]
        }
      ]
    },
    "Planning Time": 0.159,
    "Triggers": [],
    "Execution Time": 126.358
  }
]