[
  {
    "Plan": {
      "Node Type": "Aggregate",
      "Strategy": "Plain",
      "Partial Mode": "Simple",
      "Parallel Aware": false,
      "Startup Cost": 80707.22,
      "Total Cost": 80707.23,
      "Plan Rows": 1,
      "Plan Width": 64,
      "Actual Startup Time": 1759.354,
      "Actual Total Time": 1881.955,
      "Actual Rows": 1,
      "Actual Loops": 1,
      "Plans": [
        {
          "Node Type": "Nested Loop",
          "Parent Relationship": "Outer",
          "Parallel Aware": false,
          "Join Type": "Inner",
          "Startup Cost": 5746.79,
          "Total Cost": 80707.22,
          "Plan Rows": 1,
          "Plan Width": 33,
          "Actual Startup Time": 35.777,
          "Actual Total Time": 1881.944,
          "Actual Rows": 1,
          "Actual Loops": 1,
          "Inner Unique": true,
          "Plans": [
            {
              "Node Type": "Nested Loop",
              "Parent Relationship": "Outer",
              "Parallel Aware": false,
              "Join Type": "Inner",
              "Startup Cost": 5746.34,
              "Total Cost": 80702.75,
              "Plan Rows": 1,
              "Plan Width": 24,
              "Actual Startup Time": 35.753,
              "Actual Total Time": 1881.89,
              "Actual Rows": 3,
              "Actual Loops": 1,
              "Inner Unique": true,
              "Join Filter": "(mc.company_type_id = ct.id)",
              "Rows Removed by Join Filter": 0,
              "Plans": [
                {
                  "Node Type": "Nested Loop",
                  "Parent Relationship": "Outer",
                  "Parallel Aware": false,
                  "Join Type": "Inner",
                  "Startup Cost": 5746.34,
                  "Total Cost": 80701.66,
                  "Plan Rows": 1,
                  "Plan Width": 28,
                  "Actual Startup Time": 35.747,
                  "Actual Total Time": 1881.872,
                  "Actual Rows": 3,
                  "Actual Loops": 1,
                  "Inner Unique": true,
                  "Plans": [
                    {
                      "Node Type": "Gather",
                      "Parent Relationship": "Outer",
                      "Parallel Aware": false,
                      "Startup Cost": 5741.98,
                      "Total Cost": 80693.29,
                      "Plan Rows": 1,
                      "Plan Width": 16,
                      "Actual Startup Time": 35.694,
                      "Actual Total Time": 1881.762,
                      "Actual Rows": 3,
                      "Actual Loops": 1,
                      "Workers Planned": 3,
                      "Workers Launched": 3,
                      "Single Copy": false,
                      "Plans": [
                        {
                          "Node Type": "Hash Join",
                          "Parent Relationship": "Outer",
                          "Parallel Aware": false,
                          "Join Type": "Inner",
                          "Startup Cost": 4741.98,
                          "Total Cost": 79693.19,
                          "Plan Rows": 1,
                          "Plan Width": 16,
                          "Actual Startup Time": 1040.123,
                          "Actual Total Time": 1747.809,
                          "Actual Rows": 1,
                          "Actual Loops": 4,
                          "Inner Unique": true,
                          "Hash Cond": "(ci.role_id = rt.id)",
                          "Plans": [
                            {
                              "Node Type": "Nested Loop",
                              "Parent Relationship": "Outer",
                              "Parallel Aware": false,
                              "Join Type": "Inner",
                              "Startup Cost": 4740.81,
                              "Total Cost": 79692.02,
                              "Plan Rows": 4,
                              "Plan Width": 20,
                              "Actual Startup Time": 1039.595,
                              "Actual Total Time": 1747.278,
                              "Actual Rows": 1,
                              "Actual Loops": 4,
                              "Inner Unique": false,
                              "Plans": [
                                {
                                  "Node Type": "Hash Join",
                                  "Parent Relationship": "Outer",
                                  "Parallel Aware": true,
                                  "Join Type": "Inner",
                                  "Startup Cost": 4739.79,
                                  "Total Cost": 34155.73,
                                  "Plan Rows": 8220,
                                  "Plan Width": 8,
                                  "Actual Startup Time": 23.644,
                                  "Actual Total Time": 199.272,
                                  "Actual Rows": 14102,
                                  "Actual Loops": 4,
                                  "Inner Unique": true,
                                  "Hash Cond": "(mc.company_id = cn.id)",
                                  "Plans": [
                                    {
                                      "Node Type": "Seq Scan",
                                      "Parent Relationship": "Outer",
                                      "Parallel Aware": true,
                                      "Relation Name": "movie_companies",
                                      "Alias": "mc",
                                      "Startup Cost": 0.0,
                                      "Total Cost": 27206.55,
                                      "Plan Rows": 841655,
                                      "Plan Width": 12,
                                      "Actual Startup Time": 0.02,
                                      "Actual Total Time": 90.645,
                                      "Actual Rows": 652282,
                                      "Actual Loops": 4
                                    },
                                    {
                                      "Node Type": "Hash",
                                      "Parent Relationship": "Inner",
                                      "Parallel Aware": true,
                                      "Startup Cost": 4722.92,
                                      "Total Cost": 4722.92,
                                      "Plan Rows": 1350,
                                      "Plan Width": 4,
                                      "Actual Startup Time": 23.11,
                                      "Actual Total Time": 23.111,
                                      "Actual Rows": 585,
                                      "Actual Loops": 4,
                                      "Hash Buckets": 4096,
                                      "Original Hash Buckets": 4096,
                                      "Hash Batches": 1,
                                      "Original Hash Batches": 1,
                                      "Peak Memory Usage": 192,
                                      "Plans": [
                                        {
                                          "Node Type": "Seq Scan",
                                          "Parent Relationship": "Outer",
                                          "Parallel Aware": true,
                                          "Relation Name": "company_name",
                                          "Alias": "cn",
                                          "Startup Cost": 0.0,
                                          "Total Cost": 4722.92,
                                          "Plan Rows": 1350,
                                          "Plan Width": 4,
                                          "Actual Startup Time": 0.071,
                                          "Actual Total Time": 22.462,
                                          "Actual Rows": 585,
                                          "Actual Loops": 4,
                                          "Filter": "((country_code)::text = '[nl]'::text)",
                                          "Rows Removed by Filter": 58164
                                        }
                                      ]
                                    }
                                  ]
                                },
                                {
                                  "Node Type": "Bitmap Heap Scan",
                                  "Parent Relationship": "Inner",
                                  "Parallel Aware": false,
                                  "Relation Name": "cast_info",
                                  "Alias": "ci",
                                  "Startup Cost": 1.02,
                                  "Total Cost": 5.53,
                                  "Plan Rows": 1,
                                  "Plan Width": 12,
                                  "Actual Startup Time": 0.107,
                                  "Actual Total Time": 0.107,
                                  "Actual Rows": 0,
                                  "Actual Loops": 56410,
                                  "Recheck Cond": "(movie_id = mc.movie_id)",
                                  "Rows Removed by Index Recheck": 0,
                                  "Filter": "(note ~~ '%Rylan)%'::text)",
                                  "Rows Removed by Filter": 61,
                                  "Exact Heap Blocks": 1116418,
                                  "Lossy Heap Blocks": 0,
                                  "Plans": [
                                    {
                                      "Node Type": "Bitmap Index Scan",
                                      "Parent Relationship": "Outer",
                                      "Parallel Aware": false,
                                      "Index Name": "movie_id_cast_info",
                                      "Startup Cost": 0.0,
                                      "Total Cost": 1.02,
                                      "Plan Rows": 34,
                                      "Plan Width": 0,
                                      "Actual Startup Time": 0.011,
                                      "Actual Total Time": 0.011,
                                      "Actual Rows": 61,
                                      "Actual Loops": 56410,
                                      "Index Cond": "(movie_id = mc.movie_id)"
                                    }
                                  ]
                                }
                              ]
                            },
                            {
                              "Node Type": "Hash",
                              "Parent Relationship": "Inner",
                              "Parallel Aware": false,
                              "Startup Cost": 1.15,
                              "Total Cost": 1.15,
                              "Plan Rows": 1,
                              "Plan Width": 4,
                              "Actual Startup Time": 0.104,
                              "Actual Total Time": 0.105,
                              "Actual Rows": 1,
                              "Actual Loops": 4,
                              "Hash Buckets": 1024,
                              "Original Hash Buckets": 1024,
                              "Hash Batches": 1,
                              "Original Hash Batches": 1,
                              "Peak Memory Usage": 9,
                              "Plans": [
                                {
                                  "Node Type": "Seq Scan",
                                  "Parent Relationship": "Outer",
                                  "Parallel Aware": false,
                                  "Relation Name": "role_type",
                                  "Alias": "rt",
                                  "Startup Cost": 0.0,
                                  "Total Cost": 1.15,
                                  "Plan Rows": 1,
                                  "Plan Width": 4,
                                  "Actual Startup Time": 0.066,
                                  "Actual Total Time": 0.071,
                                  "Actual Rows": 1,
                                  "Actual Loops": 4,
                                  "Filter": "((role)::text = 'actress'::text)",
                                  "Rows Removed by Filter": 11
                                }
                              ]
                            }
                          ]
                        }
                      ]
                    },
                    {
                      "Node Type": "Bitmap Heap Scan",
                      "Parent Relationship": "Inner",
                      "Parallel Aware": false,
                      "Relation Name": "char_name",
                      "Alias": "chn",
                      "Startup Cost": 4.36,
                      "Total Cost": 8.37,
                      "Plan Rows": 1,
                      "Plan Width": 20,
                      "Actual Startup Time": 0.03,
                      "Actual Total Time": 0.031,
                      "Actual Rows": 1,
                      "Actual Loops": 3,
                      "Recheck Cond": "(id = ci.person_role_id)",
                      "Rows Removed by Index Recheck": 0,
                      "Exact Heap Blocks": 3,
                      "Lossy Heap Blocks": 0,
                      "Plans": [
                        {
                          "Node Type": "Bitmap Index Scan",
                          "Parent Relationship": "Outer",
                          "Parallel Aware": false,
                          "Index Name": "char_name_pkey",
                          "Startup Cost": 0.0,
                          "Total Cost": 4.36,
                          "Plan Rows": 1,
                          "Plan Width": 0,
                          "Actual Startup Time": 0.017,
                          "Actual Total Time": 0.017,
                          "Actual Rows": 1,
                          "Actual Loops": 3,
                          "Index Cond": "(id = ci.person_role_id)"
                        }
                      ]
                    }
                  ]
                },
                {
                  "Node Type": "Seq Scan",
                  "Parent Relationship": "Inner",
                  "Parallel Aware": false,
                  "Relation Name": "company_type",
                  "Alias": "ct",
                  "Startup Cost": 0.0,
                  "Total Cost": 1.04,
                  "Plan Rows": 4,
                  "Plan Width": 4,
                  "Actual Startup Time": 0.002,
                  "Actual Total Time": 0.003,
                  "Actual Rows": 1,
                  "Actual Loops": 3
                }
              ]
            },
            {
              "Node Type": "Bitmap Heap Scan",
              "Parent Relationship": "Inner",
              "Parallel Aware": false,
              "Relation Name": "title",
              "Alias": "t",
              "Startup Cost": 0.45,
              "Total Cost": 4.47,
              "Plan Rows": 1,
              "Plan Width": 21,
              "Actual Startup Time": 0.013,
              "Actual Total Time": 0.014,
              "Actual Rows": 0,
              "Actual Loops": 3,
              "Recheck Cond": "(id = mc.movie_id)",
              "Rows Removed by Index Recheck": 0,
              "Filter": "(production_year > 2009)",
              "Rows Removed by Filter": 1,
              "Exact Heap Blocks": 3,
              "Lossy Heap Blocks": 0,
              "Plans": [
                {
                  "Node Type": "Bitmap Index Scan",
                  "Parent Relationship": "Outer",
                  "Parallel Aware": false,
                  "Index Name": "title_pkey",
                  "Startup Cost": 0.0,
                  "Total Cost": 0.45,
                  "Plan Rows": 1,
                  "Plan Width": 0,
                  "Actual Startup Time": 0.007,
                  "Actual Total Time": 0.007,
                  "Actual Rows": 1,
                  "Actual Loops": 3,
                  "Index Cond": "(id = mc.movie_id)"
                }
              ]
            }
          ]
        }
      ]
    },
    "Planning Time": 11.529,
    "Triggers": [],
    "Execution Time": 1882.471
  }
]