[
  {
    "Plan": {
      "Node Type": "Aggregate",
      "Strategy": "Plain",
      "Partial Mode": "Finalize",
      "Parallel Aware": false,
      "Startup Cost": 284931.47,
      "Total Cost": 284931.48,
      "Plan Rows": 1,
      "Plan Width": 8,
      "Actual Startup Time": 1034.921,
      "Actual Total Time": 1104.266,
      "Actual Rows": 1,
      "Actual Loops": 1,
      "Plans": [
        {
          "Node Type": "Gather",
          "Parent Relationship": "Outer",
          "Parallel Aware": false,
          "Startup Cost": 284931.15,
          "Total Cost": 284931.46,
          "Plan Rows": 3,
          "Plan Width": 8,
          "Actual Startup Time": 1030.687,
          "Actual Total Time": 1104.256,
          "Actual Rows": 4,
          "Actual Loops": 1,
          "Workers Planned": 3,
          "Workers Launched": 3,
          "Single Copy": false,
          "Plans": [
            {
              "Node Type": "Aggregate",
              "Strategy": "Plain",
              "Partial Mode": "Partial",
              "Parent Relationship": "Outer",
              "Parallel Aware": false,
              "Startup Cost": 283931.15,
              "Total Cost": 283931.16,
              "Plan Rows": 1,
              "Plan Width": 8,
              "Actual Startup Time": 1021.324,
              "Actual Total Time": 1021.328,
              "Actual Rows": 1,
              "Actual Loops": 4,
              "Plans": [
                {
                  "Node Type": "Nested Loop",
                  "Parent Relationship": "Outer",
                  "Parallel Aware": false,
                  "Join Type": "Inner",
                  "Startup Cost": 48837.16,
                  "Total Cost": 283724.03,
                  "Plan Rows": 82847,
                  "Plan Width": 0,
                  "Actual Startup Time": 264.229,
                  "Actual Total Time": 1017.316,
                  "Actual Rows": 48982,
                  "Actual Loops": 4,
                  "Inner Unique": false,
                  "Plans": [
                    {
                      "Node Type": "Hash Join",
                      "Parent Relationship": "Outer",
                      "Parallel Aware": true,
                      "Join Type": "Inner",
                      "Startup Cost": 48836.6,
                      "Total Cost": 78613.13,
                      "Plan Rows": 75400,
                      "Plan Width": 8,
                      "Actual Startup Time": 263.83,
                      "Actual Total Time": 353.825,
                      "Actual Rows": 21608,
                      "Actual Loops": 4,
                      "Inner Unique": true,
                      "Hash Cond": "(mc.movie_id = t.id)",
                      "Plans": [
                        {
                          "Node Type": "Seq Scan",
                          "Parent Relationship": "Outer",
                          "Parallel Aware": true,
                          "Relation Name": "movie_companies",
                          "Alias": "mc",
                          "Startup Cost": 0.0,
                          "Total Cost": 29310.68,
                          "Plan Rows": 177467,
                          "Plan Width": 4,
                          "Actual Startup Time": 31.724,
                          "Actual Total Time": 68.401,
                          "Actual Rows": 136430,
                          "Actual Loops": 4,
                          "Filter": "(company_id > 71988)",
                          "Rows Removed by Filter": 515852
                        },
                        {
                          "Node Type": "Hash",
                          "Parent Relationship": "Inner",
                          "Parallel Aware": true,
                          "Startup Cost": 45479.59,
                          "Total Cost": 45479.59,
                          "Plan Rows": 268561,
                          "Plan Width": 4,
                          "Actual Startup Time": 225.596,
                          "Actual Total Time": 225.597,
                          "Actual Rows": 290818,
                          "Actual Loops": 4,
                          "Hash Buckets": 2097152,
                          "Original Hash Buckets": 2097152,
                          "Hash Batches": 1,
                          "Original Hash Batches": 1,
                          "Peak Memory Usage": 61952,
                          "Plans": [
                            {
                              "Node Type": "Seq Scan",
                              "Parent Relationship": "Outer",
                              "Parallel Aware": true,
                              "Relation Name": "title",
                              "Alias": "t",
                              "Startup Cost": 0.0,
                              "Total Cost": 45479.59,
                              "Plan Rows": 268561,
                              "Plan Width": 4,
                              "Actual Startup Time": 0.043,
                              "Actual Total Time": 109.55,
                              "Actual Rows": 290818,
                              "Actual Loops": 4,
                              "Filter": "((production_year > 1990) AND (kind_id = 7))",
                              "Rows Removed by Filter": 341260
                            }
                          ]
                        }
                      ]
                    },
                    {
                      "Node Type": "Index Scan",
                      "Parent Relationship": "Inner",
                      "Parallel Aware": false,
                      "Scan Direction": "Forward",
                      "Index Name": "movie_id_cast_info",
                      "Relation Name": "cast_info",
                      "Alias": "ci",
                      "Startup Cost": 0.56,
                      "Total Cost": 2.69,
                      "Plan Rows": 3,
                      "Plan Width": 4,
                      "Actual Startup Time": 0.009,
                      "Actual Total Time": 0.03,
                      "Actual Rows": 2,
                      "Actual Loops": 86431,
                      "Index Cond": "(movie_id = t.id)",
                      "Rows Removed by Index Recheck": 0,
                      "Filter": "(person_id < 278249)",
                      "Rows Removed by Filter": 32
                    }
                  ]
                }
              ]
            }
          ]
        }
      ]
    },
    "Planning Time": 0.807,
    "Triggers": [],
    "Execution Time": 1104.34
  }
]