[
  {
    "Plan": {
      "Node Type": "Aggregate",
      "Strategy": "Plain",
      "Partial Mode": "Finalize",
      "Parallel Aware": false,
      "Startup Cost": 236324.57,
      "Total Cost": 236324.58,
      "Plan Rows": 1,
      "Plan Width": 8,
      "Actual Startup Time": 1002.992,
      "Actual Total Time": 1076.934,
      "Actual Rows": 1,
      "Actual Loops": 1,
      "Plans": [
        {
          "Node Type": "Gather",
          "Parent Relationship": "Outer",
          "Parallel Aware": false,
          "Startup Cost": 236324.15,
          "Total Cost": 236324.56,
          "Plan Rows": 4,
          "Plan Width": 8,
          "Actual Startup Time": 998.228,
          "Actual Total Time": 1076.907,
          "Actual Rows": 5,
          "Actual Loops": 1,
          "Workers Planned": 4,
          "Workers Launched": 4,
          "Single Copy": false,
          "Plans": [
            {
              "Node Type": "Aggregate",
              "Strategy": "Plain",
              "Partial Mode": "Partial",
              "Parent Relationship": "Outer",
              "Parallel Aware": false,
              "Startup Cost": 235324.15,
              "Total Cost": 235324.16,
              "Plan Rows": 1,
              "Plan Width": 8,
              "Actual Startup Time": 987.738,
              "Actual Total Time": 987.743,
              "Actual Rows": 1,
              "Actual Loops": 5,
              "Plans": [
                {
                  "Node Type": "Nested Loop",
                  "Parent Relationship": "Outer",
                  "Parallel Aware": false,
                  "Join Type": "Inner",
                  "Startup Cost": 31472.9,
                  "Total Cost": 235166.33,
                  "Plan Rows": 63129,
                  "Plan Width": 0,
                  "Actual Startup Time": 121.947,
                  "Actual Total Time": 984.229,
                  "Actual Rows": 39185,
                  "Actual Loops": 5,
                  "Inner Unique": false,
                  "Plans": [
                    {
                      "Node Type": "Hash Join",
                      "Parent Relationship": "Outer",
                      "Parallel Aware": true,
                      "Join Type": "Inner",
                      "Startup Cost": 31472.33,
                      "Total Cost": 78468.15,
                      "Plan Rows": 56580,
                      "Plan Width": 8,
                      "Actual Startup Time": 121.712,
                      "Actual Total Time": 294.262,
                      "Actual Rows": 17286,
                      "Actual Loops": 5,
                      "Inner Unique": false,
                      "Hash Cond": "(t.id = mc.movie_id)",
                      "Plans": [
                        {
                          "Node Type": "Seq Scan",
                          "Parent Relationship": "Outer",
                          "Parallel Aware": true,
                          "Relation Name": "title",
                          "Alias": "t",
                          "Startup Cost": 0.0,
                          "Total Cost": 45479.1,
                          "Plan Rows": 266840,
                          "Plan Width": 4,
                          "Actual Startup Time": 0.013,
                          "Actual Total Time": 84.981,
                          "Actual Rows": 232655,
                          "Actual Loops": 5,
                          "Filter": "((production_year > 1990) AND (kind_id = 7))",
                          "Rows Removed by Filter": 273008
                        },
                        {
                          "Node Type": "Hash",
                          "Parent Relationship": "Inner",
                          "Parallel Aware": true,
                          "Startup Cost": 29310.68,
                          "Total Cost": 29310.68,
                          "Plan Rows": 172932,
                          "Plan Width": 4,
                          "Actual Startup Time": 117.502,
                          "Actual Total Time": 117.503,
                          "Actual Rows": 109144,
                          "Actual Loops": 5,
                          "Hash Buckets": 1048576,
                          "Original Hash Buckets": 1048576,
                          "Hash Batches": 1,
                          "Original Hash Batches": 1,
                          "Peak Memory Usage": 29632,
                          "Plans": [
                            {
                              "Node Type": "Seq Scan",
                              "Parent Relationship": "Outer",
                              "Parallel Aware": true,
                              "Relation Name": "movie_companies",
                              "Alias": "mc",
                              "Startup Cost": 0.0,
                              "Total Cost": 29310.68,
                              "Plan Rows": 172932,
                              "Plan Width": 4,
                              "Actual Startup Time": 44.843,
                              "Actual Total Time": 76.106,
                              "Actual Rows": 109144,
                              "Actual Loops": 5,
                              "Filter": "(company_id > 71988)",
                              "Rows Removed by Filter": 412682
                            }
                          ]
                        }
                      ]
                    },
                    {
                      "Node Type": "Index Scan",
                      "Parent Relationship": "Inner",
                      "Parallel Aware": false,
                      "Scan Direction": "Forward",
                      "Index Name": "movie_id_cast_info",
                      "Relation Name": "cast_info",
                      "Alias": "ci",
                      "Startup Cost": 0.56,
                      "Total Cost": 2.74,
                      "Plan Rows": 3,
                      "Plan Width": 4,
                      "Actual Startup Time": 0.012,
                      "Actual Total Time": 0.039,
                      "Actual Rows": 2,
                      "Actual Loops": 86431,
                      "Index Cond": "(movie_id = t.id)",
                      "Rows Removed by Index Recheck": 0,
                      "Filter": "(person_id < 278249)",
                      "Rows Removed by Filter": 32
                    }
                  ]
                }
              ]
            }
          ]
        }
      ]
    },
    "Planning Time": 1.543,
    "Triggers": [],
    "Execution Time": 1077.05
  }
]