[
  {
    "Plan": {
      "Node Type": "Aggregate",
      "Strategy": "Plain",
      "Partial Mode": "Finalize",
      "Parallel Aware": false,
      "Startup Cost": 394403.17,
      "Total Cost": 394403.18,
      "Plan Rows": 1,
      "Plan Width": 8,
      "Actual Startup Time": 1039.847,
      "Actual Total Time": 1090.055,
      "Actual Rows": 1,
      "Actual Loops": 1,
      "Plans": [
        {
          "Node Type": "Gather",
          "Parent Relationship": "Outer",
          "Parallel Aware": false,
          "Startup Cost": 394402.55,
          "Total Cost": 394403.16,
          "Plan Rows": 6,
          "Plan Width": 8,
          "Actual Startup Time": 1038.677,
          "Actual Total Time": 1090.027,
          "Actual Rows": 7,
          "Actual Loops": 1,
          "Workers Planned": 6,
          "Workers Launched": 6,
          "Single Copy": false,
          "Plans": [
            {
              "Node Type": "Aggregate",
              "Strategy": "Plain",
              "Partial Mode": "Partial",
              "Parent Relationship": "Outer",
              "Parallel Aware": false,
              "Startup Cost": 393402.55,
              "Total Cost": 393402.56,
              "Plan Rows": 1,
              "Plan Width": 8,
              "Actual Startup Time": 1031.493,
              "Actual Total Time": 1031.497,
              "Actual Rows": 1,
              "Actual Loops": 7,
              "Plans": [
                {
                  "Node Type": "Hash Join",
                  "Parent Relationship": "Outer",
                  "Parallel Aware": true,
                  "Join Type": "Inner",
                  "Startup Cost": 45759.21,
                  "Total Cost": 393261.46,
                  "Plan Rows": 56434,
                  "Plan Width": 0,
                  "Actual Startup Time": 440.609,
                  "Actual Total Time": 1026.761,
                  "Actual Rows": 73170,
                  "Actual Loops": 7,
                  "Inner Unique": true,
                  "Hash Cond": "(ci.movie_id = t.id)",
                  "Plans": [
                    {
                      "Node Type": "Seq Scan",
                      "Parent Relationship": "Outer",
                      "Parallel Aware": true,
                      "Relation Name": "cast_info",
                      "Alias": "ci",
                      "Startup Cost": 0.0,
                      "Total Cost": 343316.27,
                      "Plan Rows": 1594656,
                      "Plan Width": 4,
                      "Actual Startup Time": 359.152,
                      "Actual Total Time": 708.127,
                      "Actual Rows": 1715180,
                      "Actual Loops": 7,
                      "Filter": "((person_id > 1454526) AND (role_id > 2))",
                      "Rows Removed by Filter": 3462583
                    },
                    {
                      "Node Type": "Hash",
                      "Parent Relationship": "Inner",
                      "Parallel Aware": true,
                      "Startup Cost": 45479.59,
                      "Total Cost": 45479.59,
                      "Plan Rows": 22370,
                      "Plan Width": 4,
                      "Actual Startup Time": 80.516,
                      "Actual Total Time": 80.517,
                      "Actual Rows": 11570,
                      "Actual Loops": 7,
                      "Hash Buckets": 131072,
                      "Original Hash Buckets": 131072,
                      "Hash Batches": 1,
                      "Original Hash Batches": 1,
                      "Peak Memory Usage": 4320,
                      "Plans": [
                        {
                          "Node Type": "Seq Scan",
                          "Parent Relationship": "Outer",
                          "Parallel Aware": true,
                          "Relation Name": "title",
                          "Alias": "t",
                          "Startup Cost": 0.0,
                          "Total Cost": 45479.59,
                          "Plan Rows": 22370,
                          "Plan Width": 4,
                          "Actual Startup Time": 0.088,
                          "Actual Total Time": 74.815,
                          "Actual Rows": 11570,
                          "Actual Loops": 7,
                          "Filter": "((kind_id < 7) AND (production_year > 2011))",
                          "Rows Removed by Filter": 349617
                        }
                      ]
                    }
                  ]
                }
              ]
            }
          ]
        }
      ]
    },
    "Planning Time": 0.291,
    "Triggers": [],
    "Execution Time": 1090.121
  }
]