[
  {
    "Plan": {
      "Node Type": "Aggregate",
      "Strategy": "Plain",
      "Partial Mode": "Finalize",
      "Parallel Aware": false,
      "Startup Cost": 46419.4,
      "Total Cost": 46419.41,
      "Plan Rows": 1,
      "Plan Width": 8,
      "Actual Startup Time": 129.367,
      "Actual Total Time": 143.962,
      "Actual Rows": 1,
      "Actual Loops": 1,
      "Plans": [
        {
          "Node Type": "Gather",
          "Parent Relationship": "Outer",
          "Parallel Aware": false,
          "Startup Cost": 46418.98,
          "Total Cost": 46419.39,
          "Plan Rows": 4,
          "Plan Width": 8,
          "Actual Startup Time": 129.224,
          "Actual Total Time": 143.953,
          "Actual Rows": 5,
          "Actual Loops": 1,
          "Workers Planned": 4,
          "Workers Launched": 4,
          "Single Copy": false,
          "Plans": [
            {
              "Node Type": "Aggregate",
              "Strategy": "Plain",
              "Partial Mode": "Partial",
              "Parent Relationship": "Outer",
              "Parallel Aware": false,
              "Startup Cost": 45418.98,
              "Total Cost": 45418.99,
              "Plan Rows": 1,
              "Plan Width": 8,
              "Actual Startup Time": 121.515,
              "Actual Total Time": 121.516,
              "Actual Rows": 1,
              "Actual Loops": 5,
              "Plans": [
                {
                  "Node Type": "Seq Scan",
                  "Parent Relationship": "Outer",
                  "Parallel Aware": true,
                  "Relation Name": "title",
                  "Alias": "t",
                  "Startup Cost": 0.0,
                  "Total Cost": 43898.92,
                  "Plan Rows": 608027,
                  "Plan Width": 0,
                  "Actual Startup Time": 0.034,
                  "Actual Total Time": 97.082,
                  "Actual Rows": 485423,
                  "Actual Loops": 5,
                  "Filter": "(production_year > 1910)",
                  "Rows Removed by Filter": 20240
                }
              ]
            }
          ]
        }
      ]
    },
    "Planning Time": 0.147,
    "Triggers": [],
    "Execution Time": 144.021
  }
]