{
  "Plan": {
    "Node Type": "Aggregate",
    "Strategy": "Plain",
    "Partial Mode": "Finalize",
    "Parallel Aware": false,
    "Startup Cost": 86207.79,
    "Total Cost": 86207.8,
    "Plan Rows": 1,
    "Plan Width": 8,
    "Actual Startup Time": 627.793,
    "Actual Total Time": 683.464,
    "Actual Rows": 1,
    "Actual Loops": 1,
    "Plans": [
      {
        "Node Type": "Gather",
        "Parent Relationship": "Outer",
        "Parallel Aware": false,
        "Startup Cost": 86207.67,
        "Total Cost": 86207.78,
        "Plan Rows": 1,
        "Plan Width": 8,
        "Actual Startup Time": 627.497,
        "Actual Total Time": 683.454,
        "Actual Rows": 2,
        "Actual Loops": 1,
        "Workers Planned": 1,
        "Workers Launched": 1,
        "Single Copy": false,
        "Plans": [
          {
            "Node Type": "Aggregate",
            "Strategy": "Plain",
            "Partial Mode": "Partial",
            "Parent Relationship": "Outer",
            "Parallel Aware": false,
            "Startup Cost": 85207.67,
            "Total Cost": 85207.68,
            "Plan Rows": 1,
            "Plan Width": 8,
            "Actual Startup Time": 621.3,
            "Actual Total Time": 621.304,
            "Actual Rows": 1,
            "Actual Loops": 2,
            "Plans": [
              {
                "Node Type": "Nested Loop",
                "Parent Relationship": "Outer",
                "Parallel Aware": false,
                "Join Type": "Inner",
                "Startup Cost": 38806.13,
                "Total Cost": 85012.86,
                "Plan Rows": 77925,
                "Plan Width": 0,
                "Actual Startup Time": 86.064,
                "Actual Total Time": 608.249,
                "Actual Rows": 197535,
                "Actual Loops": 2,
                "Inner Unique": false,
                "Join Filter": "(t.id = ci.movie_id)",
                "Rows Removed by Join Filter": 0,
                "Plans": [
                  {
                    "Node Type": "Hash Join",
                    "Parent Relationship": "Outer",
                    "Parallel Aware": true,
                    "Join Type": "Inner",
                    "Startup Cost": 38805.57,
                    "Total Cost": 57589.89,
                    "Plan Rows": 5438,
                    "Plan Width": 8,
                    "Actual Startup Time": 85.997,
                    "Actual Total Time": 195.051,
                    "Actual Rows": 12016,
                    "Actual Loops": 2,
                    "Inner Unique": true,
                    "Hash Cond": "(mi_idx.movie_id = t.id)",
                    "Plans": [
                      {
                        "Node Type": "Seq Scan",
                        "Parent Relationship": "Outer",
                        "Parallel Aware": true,
                        "Relation Name": "movie_info_idx",
                        "Alias": "mi_idx",
                        "Startup Cost": 0.0,
                        "Total Cost": 18082.32,
                        "Plan Rows": 267429,
                        "Plan Width": 4,
                        "Actual Startup Time": 0.019,
                        "Actual Total Time": 63.08,
                        "Actual Rows": 229962,
                        "Actual Loops": 2,
                        "Filter": "(info_type_id = 99)",
                        "Rows Removed by Filter": 460055
                      },
                      {
                        "Node Type": "Hash",
                        "Parent Relationship": "Inner",
                        "Parallel Aware": true,
                        "Startup Cost": 38427.52,
                        "Total Cost": 38427.52,
                        "Plan Rows": 30244,
                        "Plan Width": 4,
                        "Actual Startup Time": 84.657,
                        "Actual Total Time": 84.658,
                        "Actual Rows": 28368,
                        "Actual Loops": 2,
                        "Hash Buckets": 65536,
                        "Original Hash Buckets": 65536,
                        "Hash Batches": 1,
                        "Original Hash Batches": 1,
                        "Peak Memory Usage": 2752,
                        "Plans": [
                          {
                            "Node Type": "Bitmap Heap Scan",
                            "Parent Relationship": "Outer",
                            "Parallel Aware": true,
                            "Relation Name": "title",
                            "Alias": "t",
                            "Startup Cost": 1629.39,
                            "Total Cost": 38427.52,
                            "Plan Rows": 30244,
                            "Plan Width": 4,
                            "Actual Startup Time": 21.363,
                            "Actual Total Time": 75.663,
                            "Actual Rows": 28368,
                            "Actual Loops": 2,
                            "Recheck Cond": "(kind_id = 2)",
                            "Rows Removed by Index Recheck": 0,
                            "Filter": "(production_year < 2006)",
                            "Rows Removed by Filter": 17058,
                            "Exact Heap Blocks": 17020,
                            "Lossy Heap Blocks": 0,
                            "Plans": [
                              {
                                "Node Type": "Bitmap Index Scan",
                                "Parent Relationship": "Outer",
                                "Parallel Aware": false,
                                "Index Name": "kind_id_title",
                                "Startup Cost": 0.0,
                                "Total Cost": 1616.54,
                                "Plan Rows": 90681,
                                "Plan Width": 0,
                                "Actual Startup Time": 18.575,
                                "Actual Total Time": 18.575,
                                "Actual Rows": 90852,
                                "Actual Loops": 1,
                                "Index Cond": "(kind_id = 2)"
                              }
                            ]
                          }
                        ]
                      }
                    ]
                  },
                  {
                    "Node Type": "Index Only Scan",
                    "Parent Relationship": "Inner",
                    "Parallel Aware": false,
                    "Scan Direction": "Forward",
                    "Index Name": "movie_id_cast_info",
                    "Relation Name": "cast_info",
                    "Alias": "ci",
                    "Startup Cost": 0.56,
                    "Total Cost": 4.58,
                    "Plan Rows": 37,
                    "Plan Width": 4,
                    "Actual Startup Time": 0.006,
                    "Actual Total Time": 0.032,
                    "Actual Rows": 16,
                    "Actual Loops": 24031,
                    "Index Cond": "(movie_id = mi_idx.movie_id)",
                    "Rows Removed by Index Recheck": 0,
                    "Heap Fetches": 395070
                  }
                ]
              }
            ]
          }
        ]
      }
    ]
  },
  "Planning Time": 1.087,
  "Triggers": [],
  "Execution Time": 683.586
}