{
  "Plan": {
    "Node Type": "Aggregate",
    "Strategy": "Plain",
    "Partial Mode": "Finalize",
    "Parallel Aware": false,
    "Startup Cost": 354803.67,
    "Total Cost": 354803.68,
    "Plan Rows": 1,
    "Plan Width": 8,
    "Actual Startup Time": 1652.801,
    "Actual Total Time": 1694.99,
    "Actual Rows": 1,
    "Actual Loops": 1,
    "Plans": [
      {
        "Node Type": "Gather",
        "Parent Relationship": "Outer",
        "Parallel Aware": false,
        "Startup Cost": 354803.56,
        "Total Cost": 354803.67,
        "Plan Rows": 1,
        "Plan Width": 8,
        "Actual Startup Time": 1652.189,
        "Actual Total Time": 1694.981,
        "Actual Rows": 2,
        "Actual Loops": 1,
        "Workers Planned": 1,
        "Workers Launched": 1,
        "Single Copy": false,
        "Plans": [
          {
            "Node Type": "Aggregate",
            "Strategy": "Plain",
            "Partial Mode": "Partial",
            "Parent Relationship": "Outer",
            "Parallel Aware": false,
            "Startup Cost": 353803.56,
            "Total Cost": 353803.57,
            "Plan Rows": 1,
            "Plan Width": 8,
            "Actual Startup Time": 1646.569,
            "Actual Total Time": 1646.573,
            "Actual Rows": 1,
            "Actual Loops": 2,
            "Plans": [
              {
                "Node Type": "Hash Join",
                "Parent Relationship": "Outer",
                "Parallel Aware": true,
                "Join Type": "Inner",
                "Startup Cost": 60065.86,
                "Total Cost": 351898.49,
                "Plan Rows": 762028,
                "Plan Width": 0,
                "Actual Startup Time": 177.174,
                "Actual Total Time": 1632.833,
                "Actual Rows": 324820,
                "Actual Loops": 2,
                "Inner Unique": true,
                "Hash Cond": "(mi.movie_id = t.id)",
                "Plans": [
                  {
                    "Node Type": "Seq Scan",
                    "Parent Relationship": "Outer",
                    "Parallel Aware": true,
                    "Relation Name": "movie_info",
                    "Alias": "mi",
                    "Startup Cost": 0.0,
                    "Total Cost": 270696.42,
                    "Plan Rows": 8051879,
                    "Plan Width": 4,
                    "Actual Startup Time": 0.011,
                    "Actual Total Time": 808.701,
                    "Actual Rows": 6897920,
                    "Actual Loops": 2,
                    "Filter": "(info_type_id < 81)",
                    "Rows Removed by Filter": 519940
                  },
                  {
                    "Node Type": "Hash",
                    "Parent Relationship": "Inner",
                    "Parallel Aware": true,
                    "Startup Cost": 58306.47,
                    "Total Cost": 58306.47,
                    "Plan Rows": 140751,
                    "Plan Width": 4,
                    "Actual Startup Time": 171.897,
                    "Actual Total Time": 171.898,
                    "Actual Rows": 61350,
                    "Actual Loops": 2,
                    "Hash Buckets": 262144,
                    "Original Hash Buckets": 262144,
                    "Hash Batches": 1,
                    "Original Hash Batches": 1,
                    "Peak Memory Usage": 6880,
                    "Plans": [
                      {
                        "Node Type": "Seq Scan",
                        "Parent Relationship": "Outer",
                        "Parallel Aware": true,
                        "Relation Name": "title",
                        "Alias": "t",
                        "Startup Cost": 0.0,
                        "Total Cost": 58306.47,
                        "Plan Rows": 140751,
                        "Plan Width": 4,
                        "Actual Startup Time": 0.039,
                        "Actual Total Time": 150.632,
                        "Actual Rows": 61350,
                        "Actual Loops": 2,
                        "Filter": "((kind_id > 2) AND (production_year < 1969))",
                        "Rows Removed by Filter": 1202806
                      }
                    ]
                  }
                ]
              }
            ]
          }
        ]
      }
    ]
  },
  "Planning Time": 0.454,
  "Triggers": [],
  "Execution Time": 1695.07
}