[
  {
    "Plan": {
      "Node Type": "Aggregate",
      "Strategy": "Plain",
      "Partial Mode": "Finalize",
      "Parallel Aware": false,
      "Startup Cost": 10482.88,
      "Total Cost": 10482.89,
      "Plan Rows": 1,
      "Plan Width": 8,
      "Actual Startup Time": 43.315,
      "Actual Total Time": 45.94,
      "Actual Rows": 1,
      "Actual Loops": 1,
      "Plans": [
        {
          "Node Type": "Gather",
          "Parent Relationship": "Outer",
          "Parallel Aware": false,
          "Startup Cost": 10482.56,
          "Total Cost": 10482.87,
          "Plan Rows": 3,
          "Plan Width": 8,
          "Actual Startup Time": 43.073,
          "Actual Total Time": 45.932,
          "Actual Rows": 4,
          "Actual Loops": 1,
          "Workers Planned": 3,
          "Workers Launched": 3,
          "Single Copy": false,
          "Plans": [
            {
              "Node Type": "Aggregate",
              "Strategy": "Plain",
              "Partial Mode": "Partial",
              "Parent Relationship": "Outer",
              "Parallel Aware": false,
              "Startup Cost": 9482.56,
              "Total Cost": 9482.57,
              "Plan Rows": 1,
              "Plan Width": 8,
              "Actual Startup Time": 34.2,
              "Actual Total Time": 34.201,
              "Actual Rows": 1,
              "Actual Loops": 4,
              "Plans": [
                {
                  "Node Type": "Index Scan",
                  "Parent Relationship": "Outer",
                  "Parallel Aware": true,
                  "Scan Direction": "Forward",
                  "Index Name": "role_id_cast_info",
                  "Relation Name": "cast_info",
                  "Alias": "ci",
                  "Startup Cost": 0.56,
                  "Total Cost": 9367.76,
                  "Plan Rows": 45920,
                  "Plan Width": 0,
                  "Actual Startup Time": 0.219,
                  "Actual Total Time": 28.427,
                  "Actual Rows": 60417,
                  "Actual Loops": 4,
                  "Index Cond": "(role_id = 7)",
                  "Rows Removed by Index Recheck": 0,
                  "Filter": "(person_id > 2049392)",
                  "Rows Removed by Filter": 8684
                }
              ]
            }
          ]
        }
      ]
    },
    "Planning Time": 0.215,
    "Triggers": [],
    "Execution Time": 46.0
  }
]