{
    "Plan": {
        "Node Type": "Aggregate",
        "Strategy": "Plain",
        "Partial Mode": "Simple",
        "Parallel Aware": false,
        "Startup Cost": 140000825092.4,
        "Total Cost": 140000825092.41,
        "Plan Rows": 1,
        "Plan Width": 96,
        "Actual Startup Time": 7631.468,
        "Actual Total Time": 7631.477,
        "Actual Rows": 1,
        "Actual Loops": 1,
        "Output": [
            "min(cn.name)",
            "min(mi_idx.info)",
            "min(t.title)"
        ],
        "Plans": [
            {
                "Node Type": "Nested Loop",
                "Parent Relationship": "Outer",
                "Parallel Aware": false,
                "Join Type": "Inner",
                "Startup Cost": 140000000005.75,
                "Total Cost": 140000825092.39,
                "Plan Rows": 1,
                "Plan Width": 41,
                "Actual Startup Time": 248.694,
                "Actual Total Time": 7629.292,
                "Actual Rows": 5899,
                "Actual Loops": 1,
                "Output": [
                    "cn.name",
                    "mi_idx.info",
                    "t.title"
                ],
                "Inner Unique": true,
                "Plans": [
                    {
                        "Node Type": "Nested Loop",
                        "Parent Relationship": "Outer",
                        "Parallel Aware": false,
                        "Join Type": "Inner",
                        "Startup Cost": 130000000005.62,
                        "Total Cost": 130000825086.23,
                        "Plan Rows": 1,
                        "Plan Width": 45,
                        "Actual Startup Time": 248.686,
                        "Actual Total Time": 7598.897,
                        "Actual Rows": 8363,
                        "Actual Loops": 1,
                        "Output": [
                            "cc.status_id",
                            "cn.name",
                            "mi_idx.info",
                            "t.title"
                        ],
                        "Inner Unique": true,
                        "Plans": [
                            {
                                "Node Type": "Nested Loop",
                                "Parent Relationship": "Outer",
                                "Parallel Aware": false,
                                "Join Type": "Inner",
                                "Startup Cost": 120000000005.19,
                                "Total Cost": 120000825066.84,
                                "Plan Rows": 4,
                                "Plan Width": 49,
                                "Actual Startup Time": 227.377,
                                "Actual Total Time": 2722.703,
                                "Actual Rows": 1110422,
                                "Actual Loops": 1,
                                "Output": [
                                    "cc.status_id",
                                    "cn.name",
                                    "mi_idx.info",
                                    "mk.keyword_id",
                                    "t.title"
                                ],
                                "Inner Unique": false,
                                "Plans": [
                                    {
                                        "Node Type": "Nested Loop",
                                        "Parent Relationship": "Outer",
                                        "Parallel Aware": false,
                                        "Join Type": "Inner",
                                        "Startup Cost": 110000000004.35,
                                        "Total Cost": 110000825060.96,
                                        "Plan Rows": 1,
                                        "Plan Width": 65,
                                        "Actual Startup Time": 227.316,
                                        "Actual Total Time": 2320.193,
                                        "Actual Rows": 12304,
                                        "Actual Loops": 1,
                                        "Output": [
                                            "cc.movie_id",
                                            "cc.status_id",
                                            "mc.movie_id",
                                            "cn.name",
                                            "mi.movie_id",
                                            "mi_idx.info",
                                            "mi_idx.movie_id",
                                            "t.title",
                                            "t.id"
                                        ],
                                        "Inner Unique": true,
                                        "Plans": [
                                            {
                                                "Node Type": "Nested Loop",
                                                "Parent Relationship": "Outer",
                                                "Parallel Aware": false,
                                                "Join Type": "Inner",
                                                "Startup Cost": 100000000004.21,
                                                "Total Cost": 100000825055.21,
                                                "Plan Rows": 1,
                                                "Plan Width": 69,
                                                "Actual Startup Time": 227.301,
                                                "Actual Total Time": 2277.783,
                                                "Actual Rows": 12304,
                                                "Actual Loops": 1,
                                                "Output": [
                                                    "cc.movie_id",
                                                    "cc.status_id",
                                                    "mc.movie_id",
                                                    "mc.company_type_id",
                                                    "cn.name",
                                                    "mi.movie_id",
                                                    "mi_idx.info",
                                                    "mi_idx.movie_id",
                                                    "t.title",
                                                    "t.id"
                                                ],
                                                "Inner Unique": true,
                                                "Plans": [
                                                    {
                                                        "Node Type": "Nested Loop",
                                                        "Parent Relationship": "Outer",
                                                        "Parallel Aware": false,
                                                        "Join Type": "Inner",
                                                        "Startup Cost": 90000000004.06,
                                                        "Total Cost": 90000824922.07,
                                                        "Plan Rows": 31,
                                                        "Plan Width": 73,
                                                        "Actual Startup Time": 227.285,
                                                        "Actual Total Time": 2142.175,
                                                        "Actual Rows": 37553,
                                                        "Actual Loops": 1,
                                                        "Output": [
                                                            "cc.movie_id",
                                                            "cc.status_id",
                                                            "mc.movie_id",
                                                            "mc.company_type_id",
                                                            "cn.name",
                                                            "mi.movie_id",
                                                            "mi_idx.info",
                                                            "mi_idx.movie_id",
                                                            "mi_idx.info_type_id",
                                                            "t.title",
                                                            "t.id"
                                                        ],
                                                        "Inner Unique": false,
                                                        "Plans": [
                                                            {
                                                                "Node Type": "Nested Loop",
                                                                "Parent Relationship": "Outer",
                                                                "Parallel Aware": false,
                                                                "Join Type": "Inner",
                                                                "Startup Cost": 80000000003.59,
                                                                "Total Cost": 80000824872.11,
                                                                "Plan Rows": 11,
                                                                "Plan Width": 60,
                                                                "Actual Startup Time": 227.226,
                                                                "Actual Total Time": 2054.328,
                                                                "Actual Rows": 13291,
                                                                "Actual Loops": 1,
                                                                "Output": [
                                                                    "cc.movie_id",
                                                                    "cc.status_id",
                                                                    "mc.movie_id",
                                                                    "mc.company_type_id",
                                                                    "cn.name",
                                                                    "mi.movie_id",
                                                                    "t.title",
                                                                    "t.id"
                                                                ],
                                                                "Inner Unique": true,
                                                                "Plans": [
                                                                    {
                                                                        "Node Type": "Nested Loop",
                                                                        "Parent Relationship": "Outer",
                                                                        "Parallel Aware": false,
                                                                        "Join Type": "Inner",
                                                                        "Startup Cost": 70000000003.44,
                                                                        "Total Cost": 70000819498.81,
                                                                        "Plan Rows": 1290,
                                                                        "Plan Width": 64,
                                                                        "Actual Startup Time": 227.214,
                                                                        "Actual Total Time": 1990.604,
                                                                        "Actual Rows": 15765,
                                                                        "Actual Loops": 1,
                                                                        "Output": [
                                                                            "cc.movie_id",
                                                                            "cc.status_id",
                                                                            "mc.movie_id",
                                                                            "mc.company_type_id",
                                                                            "cn.name",
                                                                            "mi.movie_id",
                                                                            "mi.info_type_id",
                                                                            "t.title",
                                                                            "t.id"
                                                                        ],
                                                                        "Inner Unique": false,
                                                                        "Plans": [
                                                                            {
                                                                                "Node Type": "Nested Loop",
                                                                                "Parent Relationship": "Outer",
                                                                                "Parallel Aware": false,
                                                                                "Join Type": "Inner",
                                                                                "Startup Cost": 60000000002.58,
                                                                                "Total Cost": 60000813593.49,
                                                                                "Plan Rows": 1008,
                                                                                "Plan Width": 56,
                                                                                "Actual Startup Time": 226.846,
                                                                                "Actual Total Time": 1223.832,
                                                                                "Actual Rows": 14876,
                                                                                "Actual Loops": 1,
                                                                                "Output": [
                                                                                    "cc.movie_id",
                                                                                    "cc.status_id",
                                                                                    "mc.movie_id",
                                                                                    "mc.company_type_id",
                                                                                    "cn.name",
                                                                                    "t.title",
                                                                                    "t.id"
                                                                                ],
                                                                                "Inner Unique": true,
                                                                                "Plans": [
                                                                                    {
                                                                                        "Node Type": "Nested Loop",
                                                                                        "Parent Relationship": "Outer",
                                                                                        "Parallel Aware": false,
                                                                                        "Join Type": "Inner",
                                                                                        "Startup Cost": 50000000002.13,
                                                                                        "Total Cost": 50000805205.44,
                                                                                        "Plan Rows": 1878,
                                                                                        "Plan Width": 41,
                                                                                        "Actual Startup Time": 226.797,
                                                                                        "Actual Total Time": 1135.75,
                                                                                        "Actual Rows": 15354,
                                                                                        "Actual Loops": 1,
                                                                                        "Output": [
                                                                                            "cc.movie_id",
                                                                                            "cc.status_id",
                                                                                            "mc.movie_id",
                                                                                            "mc.company_type_id",
                                                                                            "mc.company_id",
                                                                                            "t.title",
                                                                                            "t.id"
                                                                                        ],
                                                                                        "Inner Unique": true,
                                                                                        "Plans": [
                                                                                            {
                                                                                                "Node Type": "Nested Loop",
                                                                                                "Parent Relationship": "Outer",
                                                                                                "Parallel Aware": false,
                                                                                                "Join Type": "Inner",
                                                                                                "Startup Cost": 40000000001.99,
                                                                                                "Total Cost": 40000779139.23,
                                                                                                "Plan Rows": 6574,
                                                                                                "Plan Width": 45,
                                                                                                "Actual Startup Time": 226.741,
                                                                                                "Actual Total Time": 1072.394,
                                                                                                "Actual Rows": 16494,
                                                                                                "Actual Loops": 1,
                                                                                                "Output": [
                                                                                                    "cc.movie_id",
                                                                                                    "cc.status_id",
                                                                                                    "mc.movie_id",
                                                                                                    "mc.company_type_id",
                                                                                                    "mc.company_id",
                                                                                                    "t.title",
                                                                                                    "t.kind_id",
                                                                                                    "t.id"
                                                                                                ],
                                                                                                "Inner Unique": true,
                                                                                                "Plans": [
                                                                                                    {
                                                                                                        "Node Type": "Nested Loop",
                                                                                                        "Parent Relationship": "Outer",
                                                                                                        "Parallel Aware": false,
                                                                                                        "Join Type": "Inner",
                                                                                                        "Startup Cost": 30000000001.31,
                                                                                                        "Total Cost": 30000730380.35,
                                                                                                        "Plan Rows": 10386,
                                                                                                        "Plan Width": 20,
                                                                                                        "Actual Startup Time": 226.68,
                                                                                                        "Actual Total Time": 890.871,
                                                                                                        "Actual Rows": 29391,
                                                                                                        "Actual Loops": 1,
                                                                                                        "Output": [
                                                                                                            "cc.movie_id",
                                                                                                            "cc.status_id",
                                                                                                            "mc.movie_id",
                                                                                                            "mc.company_type_id",
                                                                                                            "mc.company_id"
                                                                                                        ],
                                                                                                        "Inner Unique": false,
                                                                                                        "Plans": [
                                                                                                            {
                                                                                                                "Node Type": "Nested Loop",
                                                                                                                "Parent Relationship": "Outer",
                                                                                                                "Parallel Aware": false,
                                                                                                                "Join Type": "Inner",
                                                                                                                "Startup Cost": 20000000000.56,
                                                                                                                "Total Cost": 20000566682.59,
                                                                                                                "Plan Rows": 33772,
                                                                                                                "Plan Width": 8,
                                                                                                                "Actual Startup Time": 226.444,
                                                                                                                "Actual Total Time": 486.942,
                                                                                                                "Actual Rows": 49145,
                                                                                                                "Actual Loops": 1,
                                                                                                                "Output": [
                                                                                                                    "cc.movie_id",
                                                                                                                    "cc.status_id"
                                                                                                                ],
                                                                                                                "Inner Unique": true,
                                                                                                                "Plans": [
                                                                                                                    {
                                                                                                                        "Node Type": "Index Scan",
                                                                                                                        "Parent Relationship": "Outer",
                                                                                                                        "Parallel Aware": false,
                                                                                                                        "Scan Direction": "Forward",
                                                                                                                        "Index Name": "status_id_complete_cast",
                                                                                                                        "Relation Name": "complete_cast",
                                                                                                                        "Schema": "public",
                                                                                                                        "Alias": "cc",
                                                                                                                        "Startup Cost": 10000000000.42,
                                                                                                                        "Total Cost": 10000005358.48,
                                                                                                                        "Plan Rows": 135086,
                                                                                                                        "Plan Width": 12,
                                                                                                                        "Actual Startup Time": 0.05,
                                                                                                                        "Actual Total Time": 39.352,
                                                                                                                        "Actual Rows": 135086,
                                                                                                                        "Actual Loops": 1,
                                                                                                                        "Output": [
                                                                                                                            "cc.id",
                                                                                                                            "cc.movie_id",
                                                                                                                            "cc.subject_id",
                                                                                                                            "cc.status_id"
                                                                                                                        ]
                                                                                                                    },
                                                                                                                    {
                                                                                                                        "Node Type": "Bitmap Heap Scan",
                                                                                                                        "Parent Relationship": "Inner",
                                                                                                                        "Parallel Aware": false,
                                                                                                                        "Relation Name": "comp_cast_type",
                                                                                                                        "Schema": "public",
                                                                                                                        "Alias": "cct1",
                                                                                                                        "Startup Cost": 0.14,
                                                                                                                        "Total Cost": 4.15,
                                                                                                                        "Plan Rows": 1,
                                                                                                                        "Plan Width": 4,
                                                                                                                        "Actual Startup Time": 0.002,
                                                                                                                        "Actual Total Time": 0.002,
                                                                                                                        "Actual Rows": 0,
                                                                                                                        "Actual Loops": 135086,
                                                                                                                        "Output": [
                                                                                                                            "cct1.id",
                                                                                                                            "cct1.kind"
                                                                                                                        ],
                                                                                                                        "Recheck Cond": "(cct1.id = cc.subject_id)",
                                                                                                                        "Rows Removed by Index Recheck": 0,
                                                                                                                        "Filter": "((cct1.kind)::text = 'crew'::text)",
                                                                                                                        "Rows Removed by Filter": 1,
                                                                                                                        "Exact Heap Blocks": 135086,
                                                                                                                        "Lossy Heap Blocks": 0,
                                                                                                                        "Plans": [
                                                                                                                            {
                                                                                                                                "Node Type": "Bitmap Index Scan",
                                                                                                                                "Parent Relationship": "Outer",
                                                                                                                                "Parallel Aware": false,
                                                                                                                                "Index Name": "comp_cast_type_pkey",
                                                                                                                                "Startup Cost": 0.0,
                                                                                                                                "Total Cost": 0.14,
                                                                                                                                "Plan Rows": 1,
                                                                                                                                "Plan Width": 0,
                                                                                                                                "Actual Startup Time": 0.001,
                                                                                                                                "Actual Total Time": 0.001,
                                                                                                                                "Actual Rows": 1,
                                                                                                                                "Actual Loops": 135086,
                                                                                                                                "Index Cond": "(cct1.id = cc.subject_id)"
                                                                                                                            }
                                                                                                                        ]
                                                                                                                    }
                                                                                                                ]
                                                                                                            },
                                                                                                            {
                                                                                                                "Node Type": "Bitmap Heap Scan",
                                                                                                                "Parent Relationship": "Inner",
                                                                                                                "Parallel Aware": false,
                                                                                                                "Relation Name": "movie_companies",
                                                                                                                "Schema": "public",
                                                                                                                "Alias": "mc",
                                                                                                                "Startup Cost": 0.75,
                                                                                                                "Total Cost": 4.84,
                                                                                                                "Plan Rows": 1,
                                                                                                                "Plan Width": 12,
                                                                                                                "Actual Startup Time": 0.006,
                                                                                                                "Actual Total Time": 0.007,
                                                                                                                "Actual Rows": 1,
                                                                                                                "Actual Loops": 49145,
                                                                                                                "Output": [
                                                                                                                    "mc.id",
                                                                                                                    "mc.movie_id",
                                                                                                                    "mc.company_id",
                                                                                                                    "mc.company_type_id",
                                                                                                                    "mc.note"
                                                                                                                ],
                                                                                                                "Recheck Cond": "(mc.movie_id = cc.movie_id)",
                                                                                                                "Rows Removed by Index Recheck": 0,
                                                                                                                "Filter": "((mc.note !~~ '%(USA)%'::text) AND (mc.note ~~ '%(200%)%'::text))",
                                                                                                                "Rows Removed by Filter": 4,
                                                                                                                "Exact Heap Blocks": 71393,
                                                                                                                "Lossy Heap Blocks": 0,
                                                                                                                "Plans": [
                                                                                                                    {
                                                                                                                        "Node Type": "Bitmap Index Scan",
                                                                                                                        "Parent Relationship": "Outer",
                                                                                                                        "Parallel Aware": false,
                                                                                                                        "Index Name": "movie_id_movie_companies",
                                                                                                                        "Startup Cost": 0.0,
                                                                                                                        "Total Cost": 0.75,
                                                                                                                        "Plan Rows": 5,
                                                                                                                        "Plan Width": 0,
                                                                                                                        "Actual Startup Time": 0.003,
                                                                                                                        "Actual Total Time": 0.003,
                                                                                                                        "Actual Rows": 4,
                                                                                                                        "Actual Loops": 49145,
                                                                                                                        "Index Cond": "(mc.movie_id = cc.movie_id)"
                                                                                                                    }
                                                                                                                ]
                                                                                                            }
                                                                                                        ]
                                                                                                    },
                                                                                                    {
                                                                                                        "Node Type": "Bitmap Heap Scan",
                                                                                                        "Parent Relationship": "Inner",
                                                                                                        "Parallel Aware": false,
                                                                                                        "Relation Name": "title",
                                                                                                        "Schema": "public",
                                                                                                        "Alias": "t",
                                                                                                        "Startup Cost": 0.68,
                                                                                                        "Total Cost": 4.69,
                                                                                                        "Plan Rows": 1,
                                                                                                        "Plan Width": 25,
                                                                                                        "Actual Startup Time": 0.004,
                                                                                                        "Actual Total Time": 0.004,
                                                                                                        "Actual Rows": 1,
                                                                                                        "Actual Loops": 29391,
                                                                                                        "Output": [
                                                                                                            "t.id",
                                                                                                            "t.title",
                                                                                                            "t.imdb_index",
                                                                                                            "t.kind_id",
                                                                                                            "t.production_year",
                                                                                                            "t.imdb_id",
                                                                                                            "t.phonetic_code",
                                                                                                            "t.episode_of_id",
                                                                                                            "t.season_nr",
                                                                                                            "t.episode_nr",
                                                                                                            "t.series_years",
                                                                                                            "t.md5sum"
                                                                                                        ],
                                                                                                        "Recheck Cond": "(t.id = mc.movie_id)",
                                                                                                        "Rows Removed by Index Recheck": 0,
                                                                                                        "Filter": "(t.production_year > 1995)",
                                                                                                        "Rows Removed by Filter": 0,
                                                                                                        "Exact Heap Blocks": 29391,
                                                                                                        "Lossy Heap Blocks": 0,
                                                                                                        "Plans": [
                                                                                                            {
                                                                                                                "Node Type": "Bitmap Index Scan",
                                                                                                                "Parent Relationship": "Outer",
                                                                                                                "Parallel Aware": false,
                                                                                                                "Index Name": "title_pkey",
                                                                                                                "Startup Cost": 0.0,
                                                                                                                "Total Cost": 0.68,
                                                                                                                "Plan Rows": 1,
                                                                                                                "Plan Width": 0,
                                                                                                                "Actual Startup Time": 0.003,
                                                                                                                "Actual Total Time": 0.003,
                                                                                                                "Actual Rows": 1,
                                                                                                                "Actual Loops": 29391,
                                                                                                                "Index Cond": "(t.id = mc.movie_id)"
                                                                                                            }
                                                                                                        ]
                                                                                                    }
                                                                                                ]
                                                                                            },
                                                                                            {
                                                                                                "Node Type": "Bitmap Heap Scan",
                                                                                                "Parent Relationship": "Inner",
                                                                                                "Parallel Aware": false,
                                                                                                "Relation Name": "kind_type",
                                                                                                "Schema": "public",
                                                                                                "Alias": "kt",
                                                                                                "Startup Cost": 0.14,
                                                                                                "Total Cost": 4.16,
                                                                                                "Plan Rows": 1,
                                                                                                "Plan Width": 4,
                                                                                                "Actual Startup Time": 0.002,
                                                                                                "Actual Total Time": 0.002,
                                                                                                "Actual Rows": 1,
                                                                                                "Actual Loops": 16494,
                                                                                                "Output": [
                                                                                                    "kt.id",
                                                                                                    "kt.kind"
                                                                                                ],
                                                                                                "Recheck Cond": "(kt.id = t.kind_id)",
                                                                                                "Rows Removed by Index Recheck": 0,
                                                                                                "Filter": "((kt.kind)::text = ANY ('{movie,episode}'::text[]))",
                                                                                                "Rows Removed by Filter": 0,
                                                                                                "Exact Heap Blocks": 16494,
                                                                                                "Lossy Heap Blocks": 0,
                                                                                                "Plans": [
                                                                                                    {
                                                                                                        "Node Type": "Bitmap Index Scan",
                                                                                                        "Parent Relationship": "Outer",
                                                                                                        "Parallel Aware": false,
                                                                                                        "Index Name": "kind_type_pkey",
                                                                                                        "Startup Cost": 0.0,
                                                                                                        "Total Cost": 0.14,
                                                                                                        "Plan Rows": 1,
                                                                                                        "Plan Width": 0,
                                                                                                        "Actual Startup Time": 0.001,
                                                                                                        "Actual Total Time": 0.001,
                                                                                                        "Actual Rows": 1,
                                                                                                        "Actual Loops": 16494,
                                                                                                        "Index Cond": "(kt.id = t.kind_id)"
                                                                                                    }
                                                                                                ]
                                                                                            }
                                                                                        ]
                                                                                    },
                                                                                    {
                                                                                        "Node Type": "Bitmap Heap Scan",
                                                                                        "Parent Relationship": "Inner",
                                                                                        "Parallel Aware": false,
                                                                                        "Relation Name": "company_name",
                                                                                        "Schema": "public",
                                                                                        "Alias": "cn",
                                                                                        "Startup Cost": 0.45,
                                                                                        "Total Cost": 4.47,
                                                                                        "Plan Rows": 1,
                                                                                        "Plan Width": 23,
                                                                                        "Actual Startup Time": 0.004,
                                                                                        "Actual Total Time": 0.004,
                                                                                        "Actual Rows": 1,
                                                                                        "Actual Loops": 15354,
                                                                                        "Output": [
                                                                                            "cn.id",
                                                                                            "cn.name",
                                                                                            "cn.country_code",
                                                                                            "cn.imdb_id",
                                                                                            "cn.name_pcode_nf",
                                                                                            "cn.name_pcode_sf",
                                                                                            "cn.md5sum"
                                                                                        ],
                                                                                        "Recheck Cond": "(cn.id = mc.company_id)",
                                                                                        "Rows Removed by Index Recheck": 0,
                                                                                        "Filter": "((cn.country_code)::text <> '[us]'::text)",
                                                                                        "Rows Removed by Filter": 0,
                                                                                        "Exact Heap Blocks": 15354,
                                                                                        "Lossy Heap Blocks": 0,
                                                                                        "Plans": [
                                                                                            {
                                                                                                "Node Type": "Bitmap Index Scan",
                                                                                                "Parent Relationship": "Outer",
                                                                                                "Parallel Aware": false,
                                                                                                "Index Name": "company_name_pkey",
                                                                                                "Startup Cost": 0.0,
                                                                                                "Total Cost": 0.45,
                                                                                                "Plan Rows": 1,
                                                                                                "Plan Width": 0,
                                                                                                "Actual Startup Time": 0.002,
                                                                                                "Actual Total Time": 0.002,
                                                                                                "Actual Rows": 1,
                                                                                                "Actual Loops": 15354,
                                                                                                "Index Cond": "(cn.id = mc.company_id)"
                                                                                            }
                                                                                        ]
                                                                                    }
                                                                                ]
                                                                            },
                                                                            {
                                                                                "Node Type": "Bitmap Heap Scan",
                                                                                "Parent Relationship": "Inner",
                                                                                "Parallel Aware": false,
                                                                                "Relation Name": "movie_info",
                                                                                "Schema": "public",
                                                                                "Alias": "mi",
                                                                                "Startup Cost": 0.86,
                                                                                "Total Cost": 5.84,
                                                                                "Plan Rows": 2,
                                                                                "Plan Width": 8,
                                                                                "Actual Startup Time": 0.046,
                                                                                "Actual Total Time": 0.05,
                                                                                "Actual Rows": 1,
                                                                                "Actual Loops": 14876,
                                                                                "Output": [
                                                                                    "mi.id",
                                                                                    "mi.movie_id",
                                                                                    "mi.info_type_id",
                                                                                    "mi.info",
                                                                                    "mi.note"
                                                                                ],
                                                                                "Recheck Cond": "(mi.movie_id = t.id)",
                                                                                "Rows Removed by Index Recheck": 0,
                                                                                "Filter": "(mi.info = ANY ('{Bulgaria,Danish,Norwegian,Swedish,Germany,Denish,USA,Norway,Denmark,American}'::text[]))",
                                                                                "Rows Removed by Filter": 147,
                                                                                "Exact Heap Blocks": 262568,
                                                                                "Lossy Heap Blocks": 0,
                                                                                "Plans": [
                                                                                    {
                                                                                        "Node Type": "Bitmap Index Scan",
                                                                                        "Parent Relationship": "Outer",
                                                                                        "Parallel Aware": false,
                                                                                        "Index Name": "movie_id_movie_info",
                                                                                        "Startup Cost": 0.0,
                                                                                        "Total Cost": 0.86,
                                                                                        "Plan Rows": 39,
                                                                                        "Plan Width": 0,
                                                                                        "Actual Startup Time": 0.007,
                                                                                        "Actual Total Time": 0.007,
                                                                                        "Actual Rows": 148,
                                                                                        "Actual Loops": 14876,
                                                                                        "Index Cond": "(mi.movie_id = t.id)"
                                                                                    }
                                                                                ]
                                                                            }
                                                                        ]
                                                                    },
                                                                    {
                                                                        "Node Type": "Bitmap Heap Scan",
                                                                        "Parent Relationship": "Inner",
                                                                        "Parallel Aware": false,
                                                                        "Relation Name": "info_type",
                                                                        "Schema": "public",
                                                                        "Alias": "it1",
                                                                        "Startup Cost": 0.15,
                                                                        "Total Cost": 4.17,
                                                                        "Plan Rows": 1,
                                                                        "Plan Width": 4,
                                                                        "Actual Startup Time": 0.002,
                                                                        "Actual Total Time": 0.002,
                                                                        "Actual Rows": 1,
                                                                        "Actual Loops": 15765,
                                                                        "Output": [
                                                                            "it1.id",
                                                                            "it1.info"
                                                                        ],
                                                                        "Recheck Cond": "(it1.id = mi.info_type_id)",
                                                                        "Rows Removed by Index Recheck": 0,
                                                                        "Filter": "((it1.info)::text = 'countries'::text)",
                                                                        "Rows Removed by Filter": 0,
                                                                        "Exact Heap Blocks": 15765,
                                                                        "Lossy Heap Blocks": 0,
                                                                        "Plans": [
                                                                            {
                                                                                "Node Type": "Bitmap Index Scan",
                                                                                "Parent Relationship": "Outer",
                                                                                "Parallel Aware": false,
                                                                                "Index Name": "info_type_pkey",
                                                                                "Startup Cost": 0.0,
                                                                                "Total Cost": 0.15,
                                                                                "Plan Rows": 1,
                                                                                "Plan Width": 0,
                                                                                "Actual Startup Time": 0.001,
                                                                                "Actual Total Time": 0.001,
                                                                                "Actual Rows": 1,
                                                                                "Actual Loops": 15765,
                                                                                "Index Cond": "(it1.id = mi.info_type_id)"
                                                                            }
                                                                        ]
                                                                    }
                                                                ]
                                                            },
                                                            {
                                                                "Node Type": "Bitmap Heap Scan",
                                                                "Parent Relationship": "Inner",
                                                                "Parallel Aware": false,
                                                                "Relation Name": "movie_info_idx",
                                                                "Schema": "public",
                                                                "Alias": "mi_idx",
                                                                "Startup Cost": 0.47,
                                                                "Total Cost": 4.51,
                                                                "Plan Rows": 3,
                                                                "Plan Width": 13,
                                                                "Actual Startup Time": 0.004,
                                                                "Actual Total Time": 0.005,
                                                                "Actual Rows": 3,
                                                                "Actual Loops": 13291,
                                                                "Output": [
                                                                    "mi_idx.id",
                                                                    "mi_idx.movie_id",
                                                                    "mi_idx.info_type_id",
                                                                    "mi_idx.info",
                                                                    "mi_idx.note"
                                                                ],
                                                                "Recheck Cond": "(mi_idx.movie_id = t.id)",
                                                                "Rows Removed by Index Recheck": 0,
                                                                "Filter": "(mi_idx.info < '8.5'::text)",
                                                                "Rows Removed by Filter": 0,
                                                                "Exact Heap Blocks": 13698,
                                                                "Lossy Heap Blocks": 0,
                                                                "Plans": [
                                                                    {
                                                                        "Node Type": "Bitmap Index Scan",
                                                                        "Parent Relationship": "Outer",
                                                                        "Parallel Aware": false,
                                                                        "Index Name": "movie_id_movie_info_idx",
                                                                        "Startup Cost": 0.0,
                                                                        "Total Cost": 0.47,
                                                                        "Plan Rows": 3,
                                                                        "Plan Width": 0,
                                                                        "Actual Startup Time": 0.003,
                                                                        "Actual Total Time": 0.003,
                                                                        "Actual Rows": 3,
                                                                        "Actual Loops": 13291,
                                                                        "Index Cond": "(mi_idx.movie_id = t.id)"
                                                                    }
                                                                ]
                                                            }
                                                        ]
                                                    },
                                                    {
                                                        "Node Type": "Bitmap Heap Scan",
                                                        "Parent Relationship": "Inner",
                                                        "Parallel Aware": false,
                                                        "Relation Name": "info_type",
                                                        "Schema": "public",
                                                        "Alias": "it2",
                                                        "Startup Cost": 0.15,
                                                        "Total Cost": 4.17,
                                                        "Plan Rows": 1,
                                                        "Plan Width": 4,
                                                        "Actual Startup Time": 0.002,
                                                        "Actual Total Time": 0.002,
                                                        "Actual Rows": 0,
                                                        "Actual Loops": 37553,
                                                        "Output": [
                                                            "it2.id",
                                                            "it2.info"
                                                        ],
                                                        "Recheck Cond": "(it2.id = mi_idx.info_type_id)",
                                                        "Rows Removed by Index Recheck": 0,
                                                        "Filter": "((it2.info)::text = 'rating'::text)",
                                                        "Rows Removed by Filter": 1,
                                                        "Exact Heap Blocks": 37553,
                                                        "Lossy Heap Blocks": 0,
                                                        "Plans": [
                                                            {
                                                                "Node Type": "Bitmap Index Scan",
                                                                "Parent Relationship": "Outer",
                                                                "Parallel Aware": false,
                                                                "Index Name": "info_type_pkey",
                                                                "Startup Cost": 0.0,
                                                                "Total Cost": 0.15,
                                                                "Plan Rows": 1,
                                                                "Plan Width": 0,
                                                                "Actual Startup Time": 0.001,
                                                                "Actual Total Time": 0.001,
                                                                "Actual Rows": 1,
                                                                "Actual Loops": 37553,
                                                                "Index Cond": "(it2.id = mi_idx.info_type_id)"
                                                            }
                                                        ]
                                                    }
                                                ]
                                            },
                                            {
                                                "Node Type": "Bitmap Heap Scan",
                                                "Parent Relationship": "Inner",
                                                "Parallel Aware": false,
                                                "Relation Name": "company_type",
                                                "Schema": "public",
                                                "Alias": "ct",
                                                "Startup Cost": 0.14,
                                                "Total Cost": 4.15,
                                                "Plan Rows": 1,
                                                "Plan Width": 4,
                                                "Actual Startup Time": 0.002,
                                                "Actual Total Time": 0.002,
                                                "Actual Rows": 1,
                                                "Actual Loops": 12304,
                                                "Output": [
                                                    "ct.id",
                                                    "ct.kind"
                                                ],
                                                "Recheck Cond": "(ct.id = mc.company_type_id)",
                                                "Rows Removed by Index Recheck": 0,
                                                "Exact Heap Blocks": 12304,
                                                "Lossy Heap Blocks": 0,
                                                "Plans": [
                                                    {
                                                        "Node Type": "Bitmap Index Scan",
                                                        "Parent Relationship": "Outer",
                                                        "Parallel Aware": false,
                                                        "Index Name": "company_type_pkey",
                                                        "Startup Cost": 0.0,
                                                        "Total Cost": 0.14,
                                                        "Plan Rows": 1,
                                                        "Plan Width": 0,
                                                        "Actual Startup Time": 0.001,
                                                        "Actual Total Time": 0.001,
                                                        "Actual Rows": 1,
                                                        "Actual Loops": 12304,
                                                        "Index Cond": "(ct.id = mc.company_type_id)"
                                                    }
                                                ]
                                            }
                                        ]
                                    },
                                    {
                                        "Node Type": "Bitmap Heap Scan",
                                        "Parent Relationship": "Inner",
                                        "Parallel Aware": false,
                                        "Relation Name": "movie_keyword",
                                        "Schema": "public",
                                        "Alias": "mk",
                                        "Startup Cost": 0.84,
                                        "Total Cost": 5.42,
                                        "Plan Rows": 46,
                                        "Plan Width": 8,
                                        "Actual Startup Time": 0.008,
                                        "Actual Total Time": 0.018,
                                        "Actual Rows": 90,
                                        "Actual Loops": 12304,
                                        "Output": [
                                            "mk.id",
                                            "mk.movie_id",
                                            "mk.keyword_id"
                                        ],
                                        "Recheck Cond": "(mk.movie_id = t.id)",
                                        "Rows Removed by Index Recheck": 0,
                                        "Exact Heap Blocks": 16487,
                                        "Lossy Heap Blocks": 0,
                                        "Plans": [
                                            {
                                                "Node Type": "Bitmap Index Scan",
                                                "Parent Relationship": "Outer",
                                                "Parallel Aware": false,
                                                "Index Name": "movie_id_movie_keyword",
                                                "Startup Cost": 0.0,
                                                "Total Cost": 0.83,
                                                "Plan Rows": 46,
                                                "Plan Width": 0,
                                                "Actual Startup Time": 0.005,
                                                "Actual Total Time": 0.005,
                                                "Actual Rows": 90,
                                                "Actual Loops": 12304,
                                                "Index Cond": "(mk.movie_id = t.id)"
                                            }
                                        ]
                                    }
                                ]
                            },
                            {
                                "Node Type": "Bitmap Heap Scan",
                                "Parent Relationship": "Inner",
                                "Parallel Aware": false,
                                "Relation Name": "keyword",
                                "Schema": "public",
                                "Alias": "k",
                                "Startup Cost": 0.43,
                                "Total Cost": 4.45,
                                "Plan Rows": 1,
                                "Plan Width": 4,
                                "Actual Startup Time": 0.003,
                                "Actual Total Time": 0.003,
                                "Actual Rows": 0,
                                "Actual Loops": 1110422,
                                "Output": [
                                    "k.id",
                                    "k.keyword",
                                    "k.phonetic_code"
                                ],
                                "Recheck Cond": "(k.id = mk.keyword_id)",
                                "Rows Removed by Index Recheck": 0,
                                "Filter": "(k.keyword = ANY ('{murder,murder-in-title,blood,violence}'::text[]))",
                                "Rows Removed by Filter": 1,
                                "Exact Heap Blocks": 1110422,
                                "Lossy Heap Blocks": 0,
                                "Plans": [
                                    {
                                        "Node Type": "Bitmap Index Scan",
                                        "Parent Relationship": "Outer",
                                        "Parallel Aware": false,
                                        "Index Name": "keyword_pkey",
                                        "Startup Cost": 0.0,
                                        "Total Cost": 0.43,
                                        "Plan Rows": 1,
                                        "Plan Width": 0,
                                        "Actual Startup Time": 0.002,
                                        "Actual Total Time": 0.002,
                                        "Actual Rows": 1,
                                        "Actual Loops": 1110422,
                                        "Index Cond": "(k.id = mk.keyword_id)"
                                    }
                                ]
                            }
                        ]
                    },
                    {
                        "Node Type": "Bitmap Heap Scan",
                        "Parent Relationship": "Inner",
                        "Parallel Aware": false,
                        "Relation Name": "comp_cast_type",
                        "Schema": "public",
                        "Alias": "cct2",
                        "Startup Cost": 0.14,
                        "Total Cost": 4.15,
                        "Plan Rows": 1,
                        "Plan Width": 4,
                        "Actual Startup Time": 0.002,
                        "Actual Total Time": 0.002,
                        "Actual Rows": 1,
                        "Actual Loops": 8363,
                        "Output": [
                            "cct2.id",
                            "cct2.kind"
                        ],
                        "Recheck Cond": "(cct2.id = cc.status_id)",
                        "Rows Removed by Index Recheck": 0,
                        "Filter": "((cct2.kind)::text <> 'complete+verified'::text)",
                        "Rows Removed by Filter": 0,
                        "Exact Heap Blocks": 8363,
                        "Lossy Heap Blocks": 0,
                        "Plans": [
                            {
                                "Node Type": "Bitmap Index Scan",
                                "Parent Relationship": "Outer",
                                "Parallel Aware": false,
                                "Index Name": "comp_cast_type_pkey",
                                "Startup Cost": 0.0,
                                "Total Cost": 0.14,
                                "Plan Rows": 1,
                                "Plan Width": 0,
                                "Actual Startup Time": 0.001,
                                "Actual Total Time": 0.001,
                                "Actual Rows": 1,
                                "Actual Loops": 8363,
                                "Index Cond": "(cct2.id = cc.status_id)"
                            }
                        ]
                    }
                ]
            }
        ]
    },
    "Planning Time": 179.027,
    "Triggers": [],
    "Execution Time": 7631.945
}