[
  {
    "Plan": {
      "Node Type": "Aggregate",
      "Strategy": "Plain",
      "Partial Mode": "Finalize",
      "Parallel Aware": false,
      "Startup Cost": 31285.82,
      "Total Cost": 31285.83,
      "Plan Rows": 1,
      "Plan Width": 8,
      "Actual Startup Time": 103.301,
      "Actual Total Time": 111.403,
      "Actual Rows": 1,
      "Actual Loops": 1,
      "Plans": [
        {
          "Node Type": "Gather",
          "Parent Relationship": "Outer",
          "Parallel Aware": false,
          "Startup Cost": 31285.51,
          "Total Cost": 31285.82,
          "Plan Rows": 3,
          "Plan Width": 8,
          "Actual Startup Time": 103.17,
          "Actual Total Time": 111.395,
          "Actual Rows": 4,
          "Actual Loops": 1,
          "Workers Planned": 3,
          "Workers Launched": 3,
          "Single Copy": false,
          "Plans": [
            {
              "Node Type": "Aggregate",
              "Strategy": "Plain",
              "Partial Mode": "Partial",
              "Parent Relationship": "Outer",
              "Parallel Aware": false,
              "Startup Cost": 30285.51,
              "Total Cost": 30285.52,
              "Plan Rows": 1,
              "Plan Width": 8,
              "Actual Startup Time": 94.596,
              "Actual Total Time": 94.597,
              "Actual Rows": 1,
              "Actual Loops": 4,
              "Plans": [
                {
                  "Node Type": "Seq Scan",
                  "Parent Relationship": "Outer",
                  "Parallel Aware": true,
                  "Relation Name": "movie_companies",
                  "Alias": "mc",
                  "Startup Cost": 0.0,
                  "Total Cost": 29310.68,
                  "Plan Rows": 389930,
                  "Plan Width": 0,
                  "Actual Startup Time": 0.046,
                  "Actual Total Time": 77.091,
                  "Actual Rows": 300410,
                  "Actual Loops": 4,
                  "Filter": "(company_id < 10973)",
                  "Rows Removed by Filter": 351872
                }
              ]
            }
          ]
        }
      ]
    },
    "Planning Time": 0.166,
    "Triggers": [],
    "Execution Time": 111.454
  }
]