{
  "Plan": {
    "Node Type": "Aggregate",
    "Strategy": "Plain",
    "Partial Mode": "Finalize",
    "Parallel Aware": false,
    "Startup Cost": 158125.13,
    "Total Cost": 158125.14,
    "Plan Rows": 1,
    "Plan Width": 8,
    "Actual Startup Time": 1221.146,
    "Actual Total Time": 1237.672,
    "Actual Rows": 1,
    "Actual Loops": 1,
    "Plans": [
      {
        "Node Type": "Gather",
        "Parent Relationship": "Outer",
        "Parallel Aware": false,
        "Startup Cost": 158125.02,
        "Total Cost": 158125.13,
        "Plan Rows": 1,
        "Plan Width": 8,
        "Actual Startup Time": 1217.065,
        "Actual Total Time": 1237.664,
        "Actual Rows": 2,
        "Actual Loops": 1,
        "Workers Planned": 1,
        "Workers Launched": 1,
        "Single Copy": false,
        "Plans": [
          {
            "Node Type": "Aggregate",
            "Strategy": "Plain",
            "Partial Mode": "Partial",
            "Parent Relationship": "Outer",
            "Parallel Aware": false,
            "Startup Cost": 157125.02,
            "Total Cost": 157125.03,
            "Plan Rows": 1,
            "Plan Width": 8,
            "Actual Startup Time": 1210.297,
            "Actual Total Time": 1210.303,
            "Actual Rows": 1,
            "Actual Loops": 2,
            "Plans": [
              {
                "Node Type": "Hash Join",
                "Parent Relationship": "Outer",
                "Parallel Aware": true,
                "Join Type": "Inner",
                "Startup Cost": 126810.8,
                "Total Cost": 156833.34,
                "Plan Rows": 116672,
                "Plan Width": 0,
                "Actual Startup Time": 1023.473,
                "Actual Total Time": 1190.135,
                "Actual Rows": 510624,
                "Actual Loops": 2,
                "Inner Unique": false,
                "Hash Cond": "(mk.movie_id = t.id)",
                "Plans": [
                  {
                    "Node Type": "Bitmap Heap Scan",
                    "Parent Relationship": "Outer",
                    "Parallel Aware": true,
                    "Relation Name": "movie_keyword",
                    "Alias": "mk",
                    "Startup Cost": 10834.79,
                    "Total Cost": 39044.35,
                    "Plan Rows": 300445,
                    "Plan Width": 4,
                    "Actual Startup Time": 35.322,
                    "Actual Total Time": 109.664,
                    "Actual Rows": 248753,
                    "Actual Loops": 2,
                    "Recheck Cond": "(keyword_id > 36238)",
                    "Rows Removed by Index Recheck": 0,
                    "Exact Heap Blocks": 12922,
                    "Lossy Heap Blocks": 0,
                    "Plans": [
                      {
                        "Node Type": "Bitmap Index Scan",
                        "Parent Relationship": "Outer",
                        "Parallel Aware": false,
                        "Index Name": "keyword_id_movie_keyword",
                        "Startup Cost": 0.0,
                        "Total Cost": 10707.1,
                        "Plan Rows": 510756,
                        "Plan Width": 0,
                        "Actual Startup Time": 31.952,
                        "Actual Total Time": 31.952,
                        "Actual Rows": 497506,
                        "Actual Loops": 1,
                        "Index Cond": "(keyword_id > 36238)"
                      }
                    ]
                  },
                  {
                    "Node Type": "Hash",
                    "Parent Relationship": "Inner",
                    "Parallel Aware": true,
                    "Startup Cost": 108756.78,
                    "Total Cost": 108756.78,
                    "Plan Rows": 577538,
                    "Plan Width": 8,
                    "Actual Startup Time": 978.898,
                    "Actual Total Time": 978.902,
                    "Actual Rows": 497345,
                    "Actual Loops": 2,
                    "Hash Buckets": 1048576,
                    "Original Hash Buckets": 1048576,
                    "Hash Batches": 1,
                    "Original Hash Batches": 1,
                    "Peak Memory Usage": 47136,
                    "Plans": [
                      {
                        "Node Type": "Hash Join",
                        "Parent Relationship": "Outer",
                        "Parallel Aware": true,
                        "Join Type": "Inner",
                        "Startup Cost": 45194.0,
                        "Total Cost": 108756.78,
                        "Plan Rows": 577538,
                        "Plan Width": 8,
                        "Actual Startup Time": 266.381,
                        "Actual Total Time": 840.793,
                        "Actual Rows": 497345,
                        "Actual Loops": 2,
                        "Inner Unique": false,
                        "Hash Cond": "(t.id = mc.movie_id)",
                        "Plans": [
                          {
                            "Node Type": "Seq Scan",
                            "Parent Relationship": "Outer",
                            "Parallel Aware": true,
                            "Relation Name": "title",
                            "Alias": "t",
                            "Startup Cost": 0.0,
                            "Total Cost": 50870.31,
                            "Plan Rows": 1487231,
                            "Plan Width": 4,
                            "Actual Startup Time": 0.013,
                            "Actual Total Time": 128.729,
                            "Actual Rows": 1264156,
                            "Actual Loops": 2
                          },
                          {
                            "Node Type": "Hash",
                            "Parent Relationship": "Inner",
                            "Parallel Aware": true,
                            "Startup Cost": 37974.77,
                            "Total Cost": 37974.77,
                            "Plan Rows": 577538,
                            "Plan Width": 4,
                            "Actual Startup Time": 260.709,
                            "Actual Total Time": 260.71,
                            "Actual Rows": 497345,
                            "Actual Loops": 2,
                            "Hash Buckets": 1048576,
                            "Original Hash Buckets": 1048576,
                            "Hash Batches": 1,
                            "Original Hash Batches": 1,
                            "Peak Memory Usage": 47136,
                            "Plans": [
                              {
                                "Node Type": "Seq Scan",
                                "Parent Relationship": "Outer",
                                "Parallel Aware": true,
                                "Relation Name": "movie_companies",
                                "Alias": "mc",
                                "Startup Cost": 0.0,
                                "Total Cost": 37974.77,
                                "Plan Rows": 577538,
                                "Plan Width": 4,
                                "Actual Startup Time": 25.198,
                                "Actual Total Time": 131.881,
                                "Actual Rows": 497345,
                                "Actual Loops": 2,
                                "Filter": "(company_id > 16882)",
                                "Rows Removed by Filter": 807220
                              }
                            ]
                          }
                        ]
                      }
                    ]
                  }
                ]
              }
            ]
          }
        ]
      }
    ]
  },
  "Planning Time": 1.078,
  "Triggers": [],
  "Execution Time": 1237.775
}