[
  {
    "Plan": {
      "Node Type": "Aggregate",
      "Strategy": "Plain",
      "Partial Mode": "Finalize",
      "Parallel Aware": false,
      "Startup Cost": 354012.77,
      "Total Cost": 354012.78,
      "Plan Rows": 1,
      "Plan Width": 8,
      "Actual Startup Time": 2526.446,
      "Actual Total Time": 2613.727,
      "Actual Rows": 1,
      "Actual Loops": 1,
      "Plans": [
        {
          "Node Type": "Gather",
          "Parent Relationship": "Outer",
          "Parallel Aware": false,
          "Startup Cost": 354012.35,
          "Total Cost": 354012.76,
          "Plan Rows": 4,
          "Plan Width": 8,
          "Actual Startup Time": 2525.446,
          "Actual Total Time": 2613.716,
          "Actual Rows": 5,
          "Actual Loops": 1,
          "Workers Planned": 4,
          "Workers Launched": 4,
          "Single Copy": false,
          "Plans": [
            {
              "Node Type": "Aggregate",
              "Strategy": "Plain",
              "Partial Mode": "Partial",
              "Parent Relationship": "Outer",
              "Parallel Aware": false,
              "Startup Cost": 353012.35,
              "Total Cost": 353012.36,
              "Plan Rows": 1,
              "Plan Width": 8,
              "Actual Startup Time": 2517.141,
              "Actual Total Time": 2517.143,
              "Actual Rows": 1,
              "Actual Loops": 5,
              "Plans": [
                {
                  "Node Type": "Nested Loop",
                  "Parent Relationship": "Outer",
                  "Parallel Aware": false,
                  "Join Type": "Inner",
                  "Startup Cost": 3.36,
                  "Total Cost": 352173.85,
                  "Plan Rows": 335401,
                  "Plan Width": 0,
                  "Actual Startup Time": 10.229,
                  "Actual Total Time": 2490.233,
                  "Actual Rows": 378639,
                  "Actual Loops": 5,
                  "Inner Unique": false,
                  "Join Filter": "(t.id = ci.movie_id)",
                  "Rows Removed by Join Filter": 0,
                  "Plans": [
                    {
                      "Node Type": "Merge Join",
                      "Parent Relationship": "Outer",
                      "Parallel Aware": false,
                      "Join Type": "Inner",
                      "Startup Cost": 2.8,
                      "Total Cost": 151082.77,
                      "Plan Rows": 78798,
                      "Plan Width": 8,
                      "Actual Startup Time": 7.378,
                      "Actual Total Time": 869.484,
                      "Actual Rows": 75134,
                      "Actual Loops": 5,
                      "Inner Unique": false,
                      "Merge Cond": "(t.id = mi_idx.movie_id)",
                      "Plans": [
                        {
                          "Node Type": "Index Scan",
                          "Parent Relationship": "Outer",
                          "Parallel Aware": true,
                          "Scan Direction": "Forward",
                          "Index Name": "title_pkey",
                          "Relation Name": "title",
                          "Alias": "t",
                          "Startup Cost": 0.43,
                          "Total Cost": 92957.95,
                          "Plan Rows": 144361,
                          "Plan Width": 4,
                          "Actual Startup Time": 2.602,
                          "Actual Total Time": 407.228,
                          "Actual Rows": 116910,
                          "Actual Loops": 5,
                          "Filter": "(production_year < 1985)",
                          "Rows Removed by Filter": 388292
                        },
                        {
                          "Node Type": "Index Only Scan",
                          "Parent Relationship": "Inner",
                          "Parallel Aware": false,
                          "Scan Direction": "Forward",
                          "Index Name": "movie_id_movie_info_idx",
                          "Relation Name": "movie_info_idx",
                          "Alias": "mi_idx",
                          "Startup Cost": 0.43,
                          "Total Cost": 53620.22,
                          "Plan Rows": 1380035,
                          "Plan Width": 4,
                          "Actual Startup Time": 0.185,
                          "Actual Total Time": 353.111,
                          "Actual Rows": 1380035,
                          "Actual Loops": 5,
                          "Heap Fetches": 6900175
                        }
                      ]
                    },
                    {
                      "Node Type": "Index Scan",
                      "Parent Relationship": "Inner",
                      "Parallel Aware": false,
                      "Scan Direction": "Forward",
                      "Index Name": "movie_id_cast_info",
                      "Relation Name": "cast_info",
                      "Alias": "ci",
                      "Startup Cost": 0.56,
                      "Total Cost": 2.41,
                      "Plan Rows": 11,
                      "Plan Width": 4,
                      "Actual Startup Time": 0.015,
                      "Actual Total Time": 0.021,
                      "Actual Rows": 5,
                      "Actual Loops": 375670,
                      "Index Cond": "(movie_id = mi_idx.movie_id)",
                      "Rows Removed by Index Recheck": 0,
                      "Filter": "(person_id > 2644468)",
                      "Rows Removed by Filter": 20
                    }
                  ]
                }
              ]
            }
          ]
        }
      ]
    },
    "Planning Time": 1.263,
    "Triggers": [],
    "Execution Time": 2613.842
  }
]