[
  {
    "Plan": {
      "Node Type": "Aggregate",
      "Strategy": "Plain",
      "Partial Mode": "Finalize",
      "Parallel Aware": false,
      "Startup Cost": 33073.71,
      "Total Cost": 33073.72,
      "Plan Rows": 1,
      "Plan Width": 8,
      "Actual Startup Time": 108.89,
      "Actual Total Time": 114.603,
      "Actual Rows": 1,
      "Actual Loops": 1,
      "Plans": [
        {
          "Node Type": "Gather",
          "Parent Relationship": "Outer",
          "Parallel Aware": false,
          "Startup Cost": 33073.39,
          "Total Cost": 33073.7,
          "Plan Rows": 3,
          "Plan Width": 8,
          "Actual Startup Time": 108.761,
          "Actual Total Time": 114.592,
          "Actual Rows": 4,
          "Actual Loops": 1,
          "Workers Planned": 3,
          "Workers Launched": 3,
          "Single Copy": false,
          "Plans": [
            {
              "Node Type": "Aggregate",
              "Strategy": "Plain",
              "Partial Mode": "Partial",
              "Parent Relationship": "Outer",
              "Parallel Aware": false,
              "Startup Cost": 32073.39,
              "Total Cost": 32073.4,
              "Plan Rows": 1,
              "Plan Width": 8,
              "Actual Startup Time": 100.362,
              "Actual Total Time": 100.363,
              "Actual Rows": 1,
              "Actual Loops": 4,
              "Plans": [
                {
                  "Node Type": "Seq Scan",
                  "Parent Relationship": "Outer",
                  "Parallel Aware": true,
                  "Relation Name": "movie_companies",
                  "Alias": "mc",
                  "Startup Cost": 0.0,
                  "Total Cost": 31414.82,
                  "Plan Rows": 263429,
                  "Plan Width": 0,
                  "Actual Startup Time": 0.051,
                  "Actual Total Time": 83.686,
                  "Actual Rows": 278981,
                  "Actual Loops": 4,
                  "Filter": "((company_id < 18045) AND (company_type_id = 1))",
                  "Rows Removed by Filter": 373301
                }
              ]
            }
          ]
        }
      ]
    },
    "Planning Time": 0.231,
    "Triggers": [],
    "Execution Time": 114.666
  }
]