[
  {
    "Plan": {
      "Node Type": "Aggregate",
      "Strategy": "Plain",
      "Partial Mode": "Finalize",
      "Parallel Aware": false,
      "Startup Cost": 44909.56,
      "Total Cost": 44909.57,
      "Plan Rows": 1,
      "Plan Width": 8,
      "Actual Startup Time": 90.163,
      "Actual Total Time": 100.674,
      "Actual Rows": 1,
      "Actual Loops": 1,
      "Plans": [
        {
          "Node Type": "Gather",
          "Parent Relationship": "Outer",
          "Parallel Aware": false,
          "Startup Cost": 44909.14,
          "Total Cost": 44909.55,
          "Plan Rows": 4,
          "Plan Width": 8,
          "Actual Startup Time": 90.018,
          "Actual Total Time": 100.664,
          "Actual Rows": 5,
          "Actual Loops": 1,
          "Workers Planned": 4,
          "Workers Launched": 4,
          "Single Copy": false,
          "Plans": [
            {
              "Node Type": "Aggregate",
              "Strategy": "Plain",
              "Partial Mode": "Partial",
              "Parent Relationship": "Outer",
              "Parallel Aware": false,
              "Startup Cost": 43909.14,
              "Total Cost": 43909.15,
              "Plan Rows": 1,
              "Plan Width": 8,
              "Actual Startup Time": 83.06,
              "Actual Total Time": 83.061,
              "Actual Rows": 1,
              "Actual Loops": 5,
              "Plans": [
                {
                  "Node Type": "Seq Scan",
                  "Parent Relationship": "Outer",
                  "Parallel Aware": true,
                  "Relation Name": "title",
                  "Alias": "t",
                  "Startup Cost": 0.0,
                  "Total Cost": 43898.92,
                  "Plan Rows": 4088,
                  "Plan Width": 0,
                  "Actual Startup Time": 0.119,
                  "Actual Total Time": 82.708,
                  "Actual Rows": 2847,
                  "Actual Loops": 5,
                  "Filter": "(production_year = 1968)",
                  "Rows Removed by Filter": 502815
                }
              ]
            }
          ]
        }
      ]
    },
    "Planning Time": 0.131,
    "Triggers": [],
    "Execution Time": 100.726
  }
]