[
  {
    "Plan": {
      "Node Type": "Aggregate",
      "Strategy": "Plain",
      "Partial Mode": "Finalize",
      "Parallel Aware": false,
      "Startup Cost": 347118.82,
      "Total Cost": 347118.83,
      "Plan Rows": 1,
      "Plan Width": 8,
      "Actual Startup Time": 463.162,
      "Actual Total Time": 482.665,
      "Actual Rows": 1,
      "Actual Loops": 1,
      "Plans": [
        {
          "Node Type": "Gather",
          "Parent Relationship": "Outer",
          "Parallel Aware": false,
          "Startup Cost": 347118.2,
          "Total Cost": 347118.81,
          "Plan Rows": 6,
          "Plan Width": 8,
          "Actual Startup Time": 463.094,
          "Actual Total Time": 482.647,
          "Actual Rows": 7,
          "Actual Loops": 1,
          "Workers Planned": 6,
          "Workers Launched": 6,
          "Single Copy": false,
          "Plans": [
            {
              "Node Type": "Aggregate",
              "Strategy": "Plain",
              "Partial Mode": "Partial",
              "Parent Relationship": "Outer",
              "Parallel Aware": false,
              "Startup Cost": 346118.2,
              "Total Cost": 346118.21,
              "Plan Rows": 1,
              "Plan Width": 8,
              "Actual Startup Time": 456.882,
              "Actual Total Time": 456.882,
              "Actual Rows": 1,
              "Actual Loops": 7,
              "Plans": [
                {
                  "Node Type": "Index Scan",
                  "Parent Relationship": "Outer",
                  "Parallel Aware": true,
                  "Scan Direction": "Forward",
                  "Index Name": "role_id_cast_info",
                  "Relation Name": "cast_info",
                  "Alias": "ci",
                  "Startup Cost": 0.56,
                  "Total Cost": 342814.42,
                  "Plan Rows": 1321510,
                  "Plan Width": 0,
                  "Actual Startup Time": 345.641,
                  "Actual Total Time": 435.214,
                  "Actual Rows": 394808,
                  "Actual Loops": 7,
                  "Index Cond": "(role_id = 1)",
                  "Rows Removed by Index Recheck": 0,
                  "Filter": "(person_id > 1350388)",
                  "Rows Removed by Filter": 1415290
                }
              ]
            }
          ]
        }
      ]
    },
    "Planning Time": 0.093,
    "Triggers": [],
    "Execution Time": 482.699
  }
]