[
  {
    "Plan": {
      "Node Type": "Aggregate",
      "Strategy": "Plain",
      "Partial Mode": "Finalize",
      "Parallel Aware": false,
      "Startup Cost": 120065.63,
      "Total Cost": 120065.64,
      "Plan Rows": 1,
      "Plan Width": 8,
      "Actual Startup Time": 809.776,
      "Actual Total Time": 832.604,
      "Actual Rows": 1,
      "Actual Loops": 1,
      "Plans": [
        {
          "Node Type": "Gather",
          "Parent Relationship": "Outer",
          "Parallel Aware": false,
          "Startup Cost": 120065.31,
          "Total Cost": 120065.62,
          "Plan Rows": 3,
          "Plan Width": 8,
          "Actual Startup Time": 789.319,
          "Actual Total Time": 832.594,
          "Actual Rows": 4,
          "Actual Loops": 1,
          "Workers Planned": 3,
          "Workers Launched": 3,
          "Single Copy": false,
          "Plans": [
            {
              "Node Type": "Aggregate",
              "Strategy": "Plain",
              "Partial Mode": "Partial",
              "Parent Relationship": "Outer",
              "Parallel Aware": false,
              "Startup Cost": 119065.31,
              "Total Cost": 119065.32,
              "Plan Rows": 1,
              "Plan Width": 8,
              "Actual Startup Time": 779.557,
              "Actual Total Time": 779.564,
              "Actual Rows": 1,
              "Actual Loops": 4,
              "Plans": [
                {
                  "Node Type": "Hash Join",
                  "Parent Relationship": "Outer",
                  "Parallel Aware": true,
                  "Join Type": "Inner",
                  "Startup Cost": 87867.81,
                  "Total Cost": 118700.85,
                  "Plan Rows": 145787,
                  "Plan Width": 0,
                  "Actual Startup Time": 533.39,
                  "Actual Total Time": 740.153,
                  "Actual Rows": 883989,
                  "Actual Loops": 4,
                  "Inner Unique": false,
                  "Hash Cond": "(mc.movie_id = t.id)",
                  "Plans": [
                    {
                      "Node Type": "Seq Scan",
                      "Parent Relationship": "Outer",
                      "Parallel Aware": true,
                      "Relation Name": "movie_companies",
                      "Alias": "mc",
                      "Startup Cost": 0.0,
                      "Total Cost": 27206.55,
                      "Plan Rows": 841655,
                      "Plan Width": 4,
                      "Actual Startup Time": 0.015,
                      "Actual Total Time": 60.342,
                      "Actual Rows": 652282,
                      "Actual Loops": 4
                    },
                    {
                      "Node Type": "Hash",
                      "Parent Relationship": "Inner",
                      "Parallel Aware": true,
                      "Startup Cost": 86101.84,
                      "Total Cost": 86101.84,
                      "Plan Rows": 141278,
                      "Plan Width": 8,
                      "Actual Startup Time": 520.435,
                      "Actual Total Time": 520.44,
                      "Actual Rows": 108219,
                      "Actual Loops": 4,
                      "Hash Buckets": 524288,
                      "Original Hash Buckets": 524288,
                      "Hash Batches": 1,
                      "Original Hash Batches": 1,
                      "Peak Memory Usage": 21120,
                      "Plans": [
                        {
                          "Node Type": "Hash Join",
                          "Parent Relationship": "Outer",
                          "Parallel Aware": true,
                          "Join Type": "Inner",
                          "Startup Cost": 59511.01,
                          "Total Cost": 86101.84,
                          "Plan Rows": 141278,
                          "Plan Width": 8,
                          "Actual Startup Time": 397.038,
                          "Actual Total Time": 488.078,
                          "Actual Rows": 108219,
                          "Actual Loops": 4,
                          "Inner Unique": true,
                          "Hash Cond": "(mk.movie_id = t.id)",
                          "Plans": [
                            {
                              "Node Type": "Bitmap Heap Scan",
                              "Parent Relationship": "Outer",
                              "Parallel Aware": true,
                              "Relation Name": "movie_keyword",
                              "Alias": "mk",
                              "Startup Cost": 9290.63,
                              "Total Cost": 35510.6,
                              "Plan Rows": 141278,
                              "Plan Width": 4,
                              "Actual Startup Time": 28.428,
                              "Actual Total Time": 80.205,
                              "Actual Rows": 108219,
                              "Actual Loops": 4,
                              "Recheck Cond": "(keyword_id > 40488)",
                              "Rows Removed by Index Recheck": 0,
                              "Exact Heap Blocks": 6648,
                              "Lossy Heap Blocks": 0,
                              "Plans": [
                                {
                                  "Node Type": "Bitmap Index Scan",
                                  "Parent Relationship": "Outer",
                                  "Parallel Aware": false,
                                  "Index Name": "keyword_id_movie_keyword",
                                  "Startup Cost": 0.0,
                                  "Total Cost": 9181.14,
                                  "Plan Rows": 437961,
                                  "Plan Width": 0,
                                  "Actual Startup Time": 25.192,
                                  "Actual Total Time": 25.192,
                                  "Actual Rows": 432876,
                                  "Actual Loops": 1,
                                  "Index Cond": "(keyword_id > 40488)"
                                }
                              ]
                            },
                            {
                              "Node Type": "Hash",
                              "Parent Relationship": "Inner",
                              "Parallel Aware": true,
                              "Startup Cost": 42319.06,
                              "Total Cost": 42319.06,
                              "Plan Rows": 632106,
                              "Plan Width": 4,
                              "Actual Startup Time": 360.619,
                              "Actual Total Time": 360.621,
                              "Actual Rows": 632078,
                              "Actual Loops": 4,
                              "Hash Buckets": 4194304,
                              "Original Hash Buckets": 4194304,
                              "Hash Batches": 1,
                              "Original Hash Batches": 1,
                              "Peak Memory Usage": 131744,
                              "Plans": [
                                {
                                  "Node Type": "Seq Scan",
                                  "Parent Relationship": "Outer",
                                  "Parallel Aware": true,
                                  "Relation Name": "title",
                                  "Alias": "t",
                                  "Startup Cost": 0.0,
                                  "Total Cost": 42319.06,
                                  "Plan Rows": 632106,
                                  "Plan Width": 4,
                                  "Actual Startup Time": 0.033,
                                  "Actual Total Time": 105.554,
                                  "Actual Rows": 632078,
                                  "Actual Loops": 4
                                }
                              ]
                            }
                          ]
                        }
                      ]
                    }
                  ]
                }
              ]
            }
          ]
        }
      ]
    },
    "Planning Time": 0.871,
    "Triggers": [],
    "Execution Time": 832.683
  }
]