[
  {
    "Plan": {
      "Node Type": "Aggregate",
      "Strategy": "Plain",
      "Partial Mode": "Finalize",
      "Parallel Aware": false,
      "Startup Cost": 385787.83,
      "Total Cost": 385787.84,
      "Plan Rows": 1,
      "Plan Width": 8,
      "Actual Startup Time": 1552.882,
      "Actual Total Time": 1598.374,
      "Actual Rows": 1,
      "Actual Loops": 1,
      "Plans": [
        {
          "Node Type": "Gather",
          "Parent Relationship": "Outer",
          "Parallel Aware": false,
          "Startup Cost": 385787.2,
          "Total Cost": 385787.81,
          "Plan Rows": 6,
          "Plan Width": 8,
          "Actual Startup Time": 1538.529,
          "Actual Total Time": 1598.36,
          "Actual Rows": 7,
          "Actual Loops": 1,
          "Workers Planned": 6,
          "Workers Launched": 6,
          "Single Copy": false,
          "Plans": [
            {
              "Node Type": "Aggregate",
              "Strategy": "Plain",
              "Partial Mode": "Partial",
              "Parent Relationship": "Outer",
              "Parallel Aware": false,
              "Startup Cost": 384787.2,
              "Total Cost": 384787.21,
              "Plan Rows": 1,
              "Plan Width": 8,
              "Actual Startup Time": 1515.458,
              "Actual Total Time": 1515.461,
              "Actual Rows": 1,
              "Actual Loops": 7,
              "Plans": [
                {
                  "Node Type": "Hash Join",
                  "Parent Relationship": "Outer",
                  "Parallel Aware": true,
                  "Join Type": "Inner",
                  "Startup Cost": 51123.04,
                  "Total Cost": 380825.69,
                  "Plan Rows": 1584605,
                  "Plan Width": 0,
                  "Actual Startup Time": 270.499,
                  "Actual Total Time": 1441.015,
                  "Actual Rows": 1510129,
                  "Actual Loops": 7,
                  "Inner Unique": true,
                  "Hash Cond": "(ci.movie_id = t.id)",
                  "Plans": [
                    {
                      "Node Type": "Index Scan",
                      "Parent Relationship": "Outer",
                      "Parallel Aware": true,
                      "Scan Direction": "Forward",
                      "Index Name": "role_id_cast_info",
                      "Relation Name": "cast_info",
                      "Alias": "ci",
                      "Startup Cost": 0.56,
                      "Total Cost": 325153.08,
                      "Plan Rows": 1733381,
                      "Plan Width": 4,
                      "Actual Startup Time": 0.315,
                      "Actual Total Time": 415.413,
                      "Actual Rows": 1578453,
                      "Actual Loops": 7,
                      "Index Cond": "(role_id > 3)",
                      "Rows Removed by Index Recheck": 0,
                      "Filter": "(person_id > 509636)",
                      "Rows Removed by Filter": 152068
                    },
                    {
                      "Node Type": "Hash",
                      "Parent Relationship": "Inner",
                      "Parallel Aware": true,
                      "Startup Cost": 43899.32,
                      "Total Cost": 43899.32,
                      "Plan Rows": 577852,
                      "Plan Width": 4,
                      "Actual Startup Time": 263.267,
                      "Actual Total Time": 263.269,
                      "Actual Rows": 328716,
                      "Actual Loops": 7,
                      "Hash Buckets": 4194304,
                      "Original Hash Buckets": 4194304,
                      "Hash Batches": 1,
                      "Original Hash Batches": 1,
                      "Peak Memory Usage": 122880,
                      "Plans": [
                        {
                          "Node Type": "Seq Scan",
                          "Parent Relationship": "Outer",
                          "Parallel Aware": true,
                          "Relation Name": "title",
                          "Alias": "t",
                          "Startup Cost": 0.0,
                          "Total Cost": 43899.32,
                          "Plan Rows": 577852,
                          "Plan Width": 4,
                          "Actual Startup Time": 0.054,
                          "Actual Total Time": 89.099,
                          "Actual Rows": 328716,
                          "Actual Loops": 7,
                          "Filter": "(production_year > 1946)",
                          "Rows Removed by Filter": 32471
                        }
                      ]
                    }
                  ]
                }
              ]
            }
          ]
        }
      ]
    },
    "Planning Time": 0.536,
    "Triggers": [],
    "Execution Time": 1598.447
  }
]