{
    "Plan": {
        "Node Type": "Aggregate",
        "Strategy": "Plain",
        "Partial Mode": "Finalize",
        "Parallel Aware": false,
        "Startup Cost": 80082.41,
        "Total Cost": 80082.42,
        "Plan Rows": 1,
        "Plan Width": 8,
        "Actual Startup Time": 221.319,
        "Actual Total Time": 236.37,
        "Actual Rows": 1,
        "Actual Loops": 1,
        "Output": [
            "count(*)"
        ],
        "Plans": [
            {
                "Node Type": "Gather",
                "Parent Relationship": "Outer",
                "Parallel Aware": false,
                "Startup Cost": 80082.09,
                "Total Cost": 80082.4,
                "Plan Rows": 3,
                "Plan Width": 8,
                "Actual Startup Time": 219.129,
                "Actual Total Time": 236.361,
                "Actual Rows": 4,
                "Actual Loops": 1,
                "Output": [
                    "(PARTIAL count(*))"
                ],
                "Workers Planned": 3,
                "Workers Launched": 3,
                "Single Copy": false,
                "Plans": [
                    {
                        "Node Type": "Aggregate",
                        "Strategy": "Plain",
                        "Partial Mode": "Partial",
                        "Parent Relationship": "Outer",
                        "Parallel Aware": false,
                        "Startup Cost": 79082.09,
                        "Total Cost": 79082.1,
                        "Plan Rows": 1,
                        "Plan Width": 8,
                        "Actual Startup Time": 209.796,
                        "Actual Total Time": 209.8,
                        "Actual Rows": 1,
                        "Actual Loops": 4,
                        "Output": [
                            "PARTIAL count(*)"
                        ],
                        "Workers": [
                            {
                                "Worker Number": 0,
                                "Actual Startup Time": 208.151,
                                "Actual Total Time": 208.154,
                                "Actual Rows": 1,
                                "Actual Loops": 1
                            },
                            {
                                "Worker Number": 1,
                                "Actual Startup Time": 207.15,
                                "Actual Total Time": 207.154,
                                "Actual Rows": 1,
                                "Actual Loops": 1
                            },
                            {
                                "Worker Number": 2,
                                "Actual Startup Time": 206.981,
                                "Actual Total Time": 206.983,
                                "Actual Rows": 1,
                                "Actual Loops": 1
                            }
                        ],
                        "Plans": [
                            {
                                "Node Type": "Hash Join",
                                "Parent Relationship": "Outer",
                                "Parallel Aware": true,
                                "Join Type": "Inner",
                                "Startup Cost": 47054.32,
                                "Total Cost": 78984.28,
                                "Plan Rows": 39123,
                                "Plan Width": 0,
                                "Actual Startup Time": 137.425,
                                "Actual Total Time": 208.249,
                                "Actual Rows": 38038,
                                "Actual Loops": 4,
                                "Inner Unique": true,
                                "Hash Cond": "(mc.movie_id = t.id)",
                                "Workers": [
                                    {
                                        "Worker Number": 0,
                                        "Actual Startup Time": 135.606,
                                        "Actual Total Time": 206.621,
                                        "Actual Rows": 37220,
                                        "Actual Loops": 1
                                    },
                                    {
                                        "Worker Number": 1,
                                        "Actual Startup Time": 134.84,
                                        "Actual Total Time": 205.783,
                                        "Actual Rows": 33134,
                                        "Actual Loops": 1
                                    },
                                    {
                                        "Worker Number": 2,
                                        "Actual Startup Time": 134.676,
                                        "Actual Total Time": 205.435,
                                        "Actual Rows": 37691,
                                        "Actual Loops": 1
                                    }
                                ],
                                "Plans": [
                                    {
                                        "Node Type": "Seq Scan",
                                        "Parent Relationship": "Outer",
                                        "Parallel Aware": true,
                                        "Relation Name": "movie_companies",
                                        "Schema": "public",
                                        "Alias": "mc",
                                        "Startup Cost": 0.0,
                                        "Total Cost": 31414.82,
                                        "Plan Rows": 196245,
                                        "Plan Width": 4,
                                        "Actual Startup Time": 8.77,
                                        "Actual Total Time": 57.524,
                                        "Actual Rows": 88270,
                                        "Actual Loops": 4,
                                        "Output": [
                                            "mc.id",
                                            "mc.movie_id",
                                            "mc.company_id",
                                            "mc.company_type_id",
                                            "mc.note"
                                        ],
                                        "Filter": "((mc.company_id > 11713) AND (mc.company_type_id = 1))",
                                        "Rows Removed by Filter": 564012,
                                        "Workers": [
                                            {
                                                "Worker Number": 0,
                                                "Actual Startup Time": 8.766,
                                                "Actual Total Time": 58.197,
                                                "Actual Rows": 87331,
                                                "Actual Loops": 1
                                            },
                                            {
                                                "Worker Number": 1,
                                                "Actual Startup Time": 8.777,
                                                "Actual Total Time": 57.373,
                                                "Actual Rows": 75716,
                                                "Actual Loops": 1
                                            },
                                            {
                                                "Worker Number": 2,
                                                "Actual Startup Time": 8.779,
                                                "Actual Total Time": 58.141,
                                                "Actual Rows": 87303,
                                                "Actual Loops": 1
                                            }
                                        ]
                                    },
                                    {
                                        "Node Type": "Hash",
                                        "Parent Relationship": "Inner",
                                        "Parallel Aware": true,
                                        "Startup Cost": 45479.21,
                                        "Total Cost": 45479.21,
                                        "Plan Rows": 126009,
                                        "Plan Width": 4,
                                        "Actual Startup Time": 125.434,
                                        "Actual Total Time": 125.435,
                                        "Actual Rows": 93408,
                                        "Actual Loops": 4,
                                        "Output": [
                                            "t.id"
                                        ],
                                        "Hash Buckets": 524288,
                                        "Original Hash Buckets": 524288,
                                        "Hash Batches": 1,
                                        "Original Hash Batches": 1,
                                        "Peak Memory Usage": 18784,
                                        "Workers": [
                                            {
                                                "Worker Number": 0,
                                                "Actual Startup Time": 126.183,
                                                "Actual Total Time": 126.184,
                                                "Actual Rows": 92668,
                                                "Actual Loops": 1
                                            },
                                            {
                                                "Worker Number": 1,
                                                "Actual Startup Time": 125.451,
                                                "Actual Total Time": 125.452,
                                                "Actual Rows": 79523,
                                                "Actual Loops": 1
                                            },
                                            {
                                                "Worker Number": 2,
                                                "Actual Startup Time": 125.333,
                                                "Actual Total Time": 125.334,
                                                "Actual Rows": 92122,
                                                "Actual Loops": 1
                                            }
                                        ],
                                        "Plans": [
                                            {
                                                "Node Type": "Seq Scan",
                                                "Parent Relationship": "Outer",
                                                "Parallel Aware": true,
                                                "Relation Name": "title",
                                                "Schema": "public",
                                                "Alias": "t",
                                                "Startup Cost": 0.0,
                                                "Total Cost": 45479.21,
                                                "Plan Rows": 126009,
                                                "Plan Width": 4,
                                                "Actual Startup Time": 44.967,
                                                "Actual Total Time": 96.701,
                                                "Actual Rows": 93408,
                                                "Actual Loops": 4,
                                                "Output": [
                                                    "t.id"
                                                ],
                                                "Filter": "((t.kind_id < 2) AND (t.production_year > 1982))",
                                                "Rows Removed by Filter": 538670,
                                                "Workers": [
                                                    {
                                                        "Worker Number": 0,
                                                        "Actual Startup Time": 8.214,
                                                        "Actual Total Time": 97.825,
                                                        "Actual Rows": 92668,
                                                        "Actual Loops": 1
                                                    },
                                                    {
                                                        "Worker Number": 1,
                                                        "Actual Startup Time": 57.128,
                                                        "Actual Total Time": 96.024,
                                                        "Actual Rows": 79523,
                                                        "Actual Loops": 1
                                                    },
                                                    {
                                                        "Worker Number": 2,
                                                        "Actual Startup Time": 57.217,
                                                        "Actual Total Time": 97.958,
                                                        "Actual Rows": 92122,
                                                        "Actual Loops": 1
                                                    }
                                                ]
                                            }
                                        ]
                                    }
                                ]
                            }
                        ]
                    }
                ]
            }
        ]
    },
    "Planning Time": 0.755,
    "Triggers": [],
    "Execution Time": 236.443
}