[
  {
    "Plan": {
      "Node Type": "Aggregate",
      "Strategy": "Plain",
      "Partial Mode": "Finalize",
      "Parallel Aware": false,
      "Startup Cost": 33056.04,
      "Total Cost": 33056.05,
      "Plan Rows": 1,
      "Plan Width": 8,
      "Actual Startup Time": 100.424,
      "Actual Total Time": 108.356,
      "Actual Rows": 1,
      "Actual Loops": 1,
      "Plans": [
        {
          "Node Type": "Gather",
          "Parent Relationship": "Outer",
          "Parallel Aware": false,
          "Startup Cost": 33055.72,
          "Total Cost": 33056.03,
          "Plan Rows": 3,
          "Plan Width": 8,
          "Actual Startup Time": 100.324,
          "Actual Total Time": 108.349,
          "Actual Rows": 4,
          "Actual Loops": 1,
          "Workers Planned": 3,
          "Workers Launched": 3,
          "Single Copy": false,
          "Plans": [
            {
              "Node Type": "Aggregate",
              "Strategy": "Plain",
              "Partial Mode": "Partial",
              "Parent Relationship": "Outer",
              "Parallel Aware": false,
              "Startup Cost": 32055.72,
              "Total Cost": 32055.73,
              "Plan Rows": 1,
              "Plan Width": 8,
              "Actual Startup Time": 93.39,
              "Actual Total Time": 93.392,
              "Actual Rows": 1,
              "Actual Loops": 4,
              "Plans": [
                {
                  "Node Type": "Seq Scan",
                  "Parent Relationship": "Outer",
                  "Parallel Aware": true,
                  "Relation Name": "movie_companies",
                  "Alias": "mc",
                  "Startup Cost": 0.0,
                  "Total Cost": 31414.82,
                  "Plan Rows": 256362,
                  "Plan Width": 0,
                  "Actual Startup Time": 48.889,
                  "Actual Total Time": 83.601,
                  "Actual Rows": 253912,
                  "Actual Loops": 4,
                  "Filter": "((company_id > 6012) AND (company_type_id = 2))",
                  "Rows Removed by Filter": 398370
                }
              ]
            }
          ]
        }
      ]
    },
    "Planning Time": 0.221,
    "Triggers": [],
    "Execution Time": 108.42
  }
]