[
  {
    "Plan": {
      "Node Type": "Aggregate",
      "Strategy": "Plain",
      "Partial Mode": "Finalize",
      "Parallel Aware": false,
      "Startup Cost": 134553.4,
      "Total Cost": 134553.41,
      "Plan Rows": 1,
      "Plan Width": 8,
      "Actual Startup Time": 1334.278,
      "Actual Total Time": 1439.902,
      "Actual Rows": 1,
      "Actual Loops": 1,
      "Plans": [
        {
          "Node Type": "Gather",
          "Parent Relationship": "Outer",
          "Parallel Aware": false,
          "Startup Cost": 134553.08,
          "Total Cost": 134553.39,
          "Plan Rows": 3,
          "Plan Width": 8,
          "Actual Startup Time": 1333.246,
          "Actual Total Time": 1439.889,
          "Actual Rows": 4,
          "Actual Loops": 1,
          "Workers Planned": 3,
          "Workers Launched": 3,
          "Single Copy": false,
          "Plans": [
            {
              "Node Type": "Aggregate",
              "Strategy": "Plain",
              "Partial Mode": "Partial",
              "Parent Relationship": "Outer",
              "Parallel Aware": false,
              "Startup Cost": 133553.08,
              "Total Cost": 133553.09,
              "Plan Rows": 1,
              "Plan Width": 8,
              "Actual Startup Time": 1325.675,
              "Actual Total Time": 1325.68,
              "Actual Rows": 1,
              "Actual Loops": 4,
              "Plans": [
                {
                  "Node Type": "Nested Loop",
                  "Parent Relationship": "Outer",
                  "Parallel Aware": false,
                  "Join Type": "Inner",
                  "Startup Cost": 38966.95,
                  "Total Cost": 132607.3,
                  "Plan Rows": 378311,
                  "Plan Width": 0,
                  "Actual Startup Time": 87.376,
                  "Actual Total Time": 1282.934,
                  "Actual Rows": 616049,
                  "Actual Loops": 4,
                  "Inner Unique": false,
                  "Join Filter": "(t.id = ci.movie_id)",
                  "Rows Removed by Join Filter": 0,
                  "Plans": [
                    {
                      "Node Type": "Hash Join",
                      "Parent Relationship": "Outer",
                      "Parallel Aware": true,
                      "Join Type": "Inner",
                      "Startup Cost": 38966.39,
                      "Total Cost": 69986.97,
                      "Plan Rows": 26386,
                      "Plan Width": 8,
                      "Actual Startup Time": 87.223,
                      "Actual Total Time": 267.782,
                      "Actual Rows": 37995,
                      "Actual Loops": 4,
                      "Inner Unique": true,
                      "Hash Cond": "(mc.movie_id = t.id)",
                      "Plans": [
                        {
                          "Node Type": "Seq Scan",
                          "Parent Relationship": "Outer",
                          "Parallel Aware": true,
                          "Relation Name": "movie_companies",
                          "Alias": "mc",
                          "Startup Cost": 0.0,
                          "Total Cost": 29310.68,
                          "Plan Rows": 651391,
                          "Plan Width": 4,
                          "Actual Startup Time": 0.212,
                          "Actual Total Time": 95.701,
                          "Actual Rows": 506524,
                          "Actual Loops": 4,
                          "Filter": "(company_id > 656)",
                          "Rows Removed by Filter": 145758
                        },
                        {
                          "Node Type": "Hash",
                          "Parent Relationship": "Inner",
                          "Parallel Aware": true,
                          "Startup Cost": 38646.34,
                          "Total Cost": 38646.34,
                          "Plan Rows": 25604,
                          "Plan Width": 4,
                          "Actual Startup Time": 63.77,
                          "Actual Total Time": 63.772,
                          "Actual Rows": 29478,
                          "Actual Loops": 4,
                          "Hash Buckets": 131072,
                          "Original Hash Buckets": 131072,
                          "Hash Batches": 1,
                          "Original Hash Batches": 1,
                          "Peak Memory Usage": 5696,
                          "Plans": [
                            {
                              "Node Type": "Bitmap Heap Scan",
                              "Parent Relationship": "Outer",
                              "Parallel Aware": true,
                              "Relation Name": "title",
                              "Alias": "t",
                              "Startup Cost": 2192.9,
                              "Total Cost": 38646.34,
                              "Plan Rows": 25604,
                              "Plan Width": 4,
                              "Actual Startup Time": 13.33,
                              "Actual Total Time": 51.008,
                              "Actual Rows": 29478,
                              "Actual Loops": 4,
                              "Recheck Cond": "(kind_id = 4)",
                              "Rows Removed by Index Recheck": 0,
                              "Filter": "(production_year > 1967)",
                              "Rows Removed by Filter": 80,
                              "Exact Heap Blocks": 6218,
                              "Lossy Heap Blocks": 0,
                              "Plans": [
                                {
                                  "Node Type": "Bitmap Index Scan",
                                  "Parent Relationship": "Outer",
                                  "Parallel Aware": false,
                                  "Index Name": "kind_id_title",
                                  "Startup Cost": 0.0,
                                  "Total Cost": 2167.3,
                                  "Plan Rows": 121449,
                                  "Plan Width": 0,
                                  "Actual Startup Time": 13.449,
                                  "Actual Total Time": 13.449,
                                  "Actual Rows": 118234,
                                  "Actual Loops": 1,
                                  "Index Cond": "(kind_id = 4)"
                                }
                              ]
                            }
                          ]
                        }
                      ]
                    },
                    {
                      "Node Type": "Index Only Scan",
                      "Parent Relationship": "Inner",
                      "Parallel Aware": false,
                      "Scan Direction": "Forward",
                      "Index Name": "movie_id_cast_info",
                      "Relation Name": "cast_info",
                      "Alias": "ci",
                      "Startup Cost": 0.56,
                      "Total Cost": 1.94,
                      "Plan Rows": 35,
                      "Plan Width": 4,
                      "Actual Startup Time": 0.005,
                      "Actual Total Time": 0.024,
                      "Actual Rows": 16,
                      "Actual Loops": 151979,
                      "Index Cond": "(movie_id = mc.movie_id)",
                      "Rows Removed by Index Recheck": 0,
                      "Heap Fetches": 2464196
                    }
                  ]
                }
              ]
            }
          ]
        }
      ]
    },
    "Planning Time": 1.239,
    "Triggers": [],
    "Execution Time": 1440.014
  }
]