[
  {
    "Plan": {
      "Node Type": "Aggregate",
      "Strategy": "Plain",
      "Partial Mode": "Finalize",
      "Parallel Aware": false,
      "Startup Cost": 348782.72,
      "Total Cost": 348782.73,
      "Plan Rows": 1,
      "Plan Width": 8,
      "Actual Startup Time": 802.169,
      "Actual Total Time": 846.618,
      "Actual Rows": 1,
      "Actual Loops": 1,
      "Plans": [
        {
          "Node Type": "Gather",
          "Parent Relationship": "Outer",
          "Parallel Aware": false,
          "Startup Cost": 348782.09,
          "Total Cost": 348782.7,
          "Plan Rows": 6,
          "Plan Width": 8,
          "Actual Startup Time": 801.963,
          "Actual Total Time": 846.604,
          "Actual Rows": 7,
          "Actual Loops": 1,
          "Workers Planned": 6,
          "Workers Launched": 6,
          "Single Copy": false,
          "Plans": [
            {
              "Node Type": "Aggregate",
              "Strategy": "Plain",
              "Partial Mode": "Partial",
              "Parent Relationship": "Outer",
              "Parallel Aware": false,
              "Startup Cost": 347782.09,
              "Total Cost": 347782.1,
              "Plan Rows": 1,
              "Plan Width": 8,
              "Actual Startup Time": 791.916,
              "Actual Total Time": 791.918,
              "Actual Rows": 1,
              "Actual Loops": 7,
              "Plans": [
                {
                  "Node Type": "Seq Scan",
                  "Parent Relationship": "Outer",
                  "Parallel Aware": true,
                  "Relation Name": "cast_info",
                  "Alias": "ci",
                  "Startup Cost": 0.0,
                  "Total Cost": 343316.27,
                  "Plan Rows": 1786328,
                  "Plan Width": 0,
                  "Actual Startup Time": 363.96,
                  "Actual Total Time": 698.523,
                  "Actual Rows": 1821325,
                  "Actual Loops": 7,
                  "Filter": "((person_id > 1196010) AND (role_id > 2))",
                  "Rows Removed by Filter": 3356438
                }
              ]
            }
          ]
        }
      ]
    },
    "Planning Time": 0.22,
    "Triggers": [],
    "Execution Time": 846.711
  }
]