[
  {
    "Plan": {
      "Node Type": "Aggregate",
      "Strategy": "Plain",
      "Partial Mode": "Finalize",
      "Parallel Aware": false,
      "Startup Cost": 305660.96,
      "Total Cost": 305660.97,
      "Plan Rows": 1,
      "Plan Width": 8,
      "Actual Startup Time": 1915.095,
      "Actual Total Time": 1960.55,
      "Actual Rows": 1,
      "Actual Loops": 1,
      "Plans": [
        {
          "Node Type": "Gather",
          "Parent Relationship": "Outer",
          "Parallel Aware": false,
          "Startup Cost": 305660.44,
          "Total Cost": 305660.95,
          "Plan Rows": 5,
          "Plan Width": 8,
          "Actual Startup Time": 1909.473,
          "Actual Total Time": 1960.539,
          "Actual Rows": 6,
          "Actual Loops": 1,
          "Workers Planned": 5,
          "Workers Launched": 5,
          "Single Copy": false,
          "Plans": [
            {
              "Node Type": "Aggregate",
              "Strategy": "Plain",
              "Partial Mode": "Partial",
              "Parent Relationship": "Outer",
              "Parallel Aware": false,
              "Startup Cost": 304660.44,
              "Total Cost": 304660.45,
              "Plan Rows": 1,
              "Plan Width": 8,
              "Actual Startup Time": 1899.137,
              "Actual Total Time": 1899.221,
              "Actual Rows": 1,
              "Actual Loops": 6,
              "Plans": [
                {
                  "Node Type": "Hash Join",
                  "Parent Relationship": "Outer",
                  "Parallel Aware": true,
                  "Join Type": "Inner",
                  "Startup Cost": 92928.24,
                  "Total Cost": 303611.88,
                  "Plan Rows": 419423,
                  "Plan Width": 0,
                  "Actual Startup Time": 317.114,
                  "Actual Total Time": 1568.641,
                  "Actual Rows": 6846778,
                  "Actual Loops": 6,
                  "Inner Unique": false,
                  "Hash Cond": "(mi.movie_id = t.id)",
                  "Plans": [
                    {
                      "Node Type": "Seq Scan",
                      "Parent Relationship": "Outer",
                      "Parallel Aware": true,
                      "Relation Name": "movie_info",
                      "Alias": "mi",
                      "Startup Cost": 0.0,
                      "Total Cost": 198952.16,
                      "Plan Rows": 2767601,
                      "Plan Width": 4,
                      "Actual Startup Time": 0.037,
                      "Actual Total Time": 385.548,
                      "Actual Rows": 2323363,
                      "Actual Loops": 6,
                      "Filter": "(info_type_id < 96)",
                      "Rows Removed by Filter": 149257
                    },
                    {
                      "Node Type": "Hash",
                      "Parent Relationship": "Inner",
                      "Parallel Aware": true,
                      "Startup Cost": 91383.25,
                      "Total Cost": 91383.25,
                      "Plan Rows": 123599,
                      "Plan Width": 8,
                      "Actual Startup Time": 313.877,
                      "Actual Total Time": 313.959,
                      "Actual Rows": 109498,
                      "Actual Loops": 6,
                      "Hash Buckets": 1048576,
                      "Original Hash Buckets": 524288,
                      "Hash Batches": 1,
                      "Original Hash Batches": 1,
                      "Peak Memory Usage": 38080,
                      "Plans": [
                        {
                          "Node Type": "Hash Join",
                          "Parent Relationship": "Outer",
                          "Parallel Aware": true,
                          "Join Type": "Inner",
                          "Startup Cost": 46982.46,
                          "Total Cost": 91383.25,
                          "Plan Rows": 123599,
                          "Plan Width": 8,
                          "Actual Startup Time": 123.013,
                          "Actual Total Time": 265.729,
                          "Actual Rows": 109498,
                          "Actual Loops": 6,
                          "Inner Unique": true,
                          "Hash Cond": "(mk.movie_id = t.id)",
                          "Plans": [
                            {
                              "Node Type": "Seq Scan",
                              "Parent Relationship": "Outer",
                              "Parallel Aware": true,
                              "Relation Name": "movie_keyword",
                              "Alias": "mk",
                              "Startup Cost": 0.0,
                              "Total Cost": 42695.65,
                              "Plan Rows": 649575,
                              "Plan Width": 4,
                              "Actual Startup Time": 0.034,
                              "Actual Total Time": 89.295,
                              "Actual Rows": 336421,
                              "Actual Loops": 6,
                              "Filter": "(keyword_id < 3617)",
                              "Rows Removed by Filter": 417568
                            },
                            {
                              "Node Type": "Hash",
                              "Parent Relationship": "Inner",
                              "Parallel Aware": true,
                              "Startup Cost": 45479.1,
                              "Total Cost": 45479.1,
                              "Plan Rows": 120269,
                              "Plan Width": 4,
                              "Actual Startup Time": 121.573,
                              "Actual Total Time": 121.574,
                              "Actual Rows": 61406,
                              "Actual Loops": 6,
                              "Hash Buckets": 524288,
                              "Original Hash Buckets": 524288,
                              "Hash Batches": 1,
                              "Original Hash Batches": 1,
                              "Peak Memory Usage": 18624,
                              "Plans": [
                                {
                                  "Node Type": "Seq Scan",
                                  "Parent Relationship": "Outer",
                                  "Parallel Aware": true,
                                  "Relation Name": "title",
                                  "Alias": "t",
                                  "Startup Cost": 0.0,
                                  "Total Cost": 45479.1,
                                  "Plan Rows": 120269,
                                  "Plan Width": 4,
                                  "Actual Startup Time": 0.066,
                                  "Actual Total Time": 88.019,
                                  "Actual Rows": 61406,
                                  "Actual Loops": 6,
                                  "Filter": "((kind_id < 3) AND (production_year > 1995))",
                                  "Rows Removed by Filter": 359979
                                }
                              ]
                            }
                          ]
                        }
                      ]
                    }
                  ]
                }
              ]
            }
          ]
        }
      ]
    },
    "Planning Time": 1.454,
    "Triggers": [],
    "Execution Time": 1960.643
  }
]