{
  "Plan": {
    "Node Type": "Aggregate",
    "Strategy": "Plain",
    "Partial Mode": "Finalize",
    "Parallel Aware": false,
    "Startup Cost": 651772.33,
    "Total Cost": 651772.34,
    "Plan Rows": 1,
    "Plan Width": 8,
    "Actual Startup Time": 2247.884,
    "Actual Total Time": 2284.527,
    "Actual Rows": 1,
    "Actual Loops": 1,
    "Plans": [
      {
        "Node Type": "Gather",
        "Parent Relationship": "Outer",
        "Parallel Aware": false,
        "Startup Cost": 651772.22,
        "Total Cost": 651772.33,
        "Plan Rows": 1,
        "Plan Width": 8,
        "Actual Startup Time": 2241.244,
        "Actual Total Time": 2284.518,
        "Actual Rows": 2,
        "Actual Loops": 1,
        "Workers Planned": 1,
        "Workers Launched": 1,
        "Single Copy": false,
        "Plans": [
          {
            "Node Type": "Aggregate",
            "Strategy": "Plain",
            "Partial Mode": "Partial",
            "Parent Relationship": "Outer",
            "Parallel Aware": false,
            "Startup Cost": 650772.22,
            "Total Cost": 650772.23,
            "Plan Rows": 1,
            "Plan Width": 8,
            "Actual Startup Time": 2229.469,
            "Actual Total Time": 2229.473,
            "Actual Rows": 1,
            "Actual Loops": 2,
            "Plans": [
              {
                "Node Type": "Hash Join",
                "Parent Relationship": "Outer",
                "Parallel Aware": true,
                "Join Type": "Inner",
                "Startup Cost": 289880.85,
                "Total Cost": 641112.37,
                "Plan Rows": 3863938,
                "Plan Width": 0,
                "Actual Startup Time": 1334.275,
                "Actual Total Time": 2170.893,
                "Actual Rows": 1411962,
                "Actual Loops": 2,
                "Inner Unique": true,
                "Hash Cond": "(ci.movie_id = t.id)",
                "Plans": [
                  {
                    "Node Type": "Bitmap Heap Scan",
                    "Parent Relationship": "Outer",
                    "Parallel Aware": true,
                    "Relation Name": "cast_info",
                    "Alias": "ci",
                    "Startup Cost": 220420.15,
                    "Total Cost": 561508.81,
                    "Plan Rows": 3863938,
                    "Plan Width": 4,
                    "Actual Startup Time": 801.359,
                    "Actual Total Time": 1041.548,
                    "Actual Rows": 1411962,
                    "Actual Loops": 2,
                    "Recheck Cond": "(person_id < 991389)",
                    "Rows Removed by Index Recheck": 0,
                    "Filter": "(role_id > 1)",
                    "Rows Removed by Filter": 3630096,
                    "Exact Heap Blocks": 57857,
                    "Lossy Heap Blocks": 0,
                    "Plans": [
                      {
                        "Node Type": "Bitmap Index Scan",
                        "Parent Relationship": "Outer",
                        "Parallel Aware": false,
                        "Index Name": "person_id_cast_info",
                        "Startup Cost": 0.0,
                        "Total Cost": 218777.98,
                        "Plan Rows": 10018855,
                        "Plan Width": 0,
                        "Actual Startup Time": 438.179,
                        "Actual Total Time": 438.18,
                        "Actual Rows": 10084115,
                        "Actual Loops": 1,
                        "Index Cond": "(person_id < 991389)"
                      }
                    ]
                  },
                  {
                    "Node Type": "Hash",
                    "Parent Relationship": "Inner",
                    "Parallel Aware": true,
                    "Startup Cost": 50870.31,
                    "Total Cost": 50870.31,
                    "Plan Rows": 1487231,
                    "Plan Width": 4,
                    "Actual Startup Time": 511.392,
                    "Actual Total Time": 511.392,
                    "Actual Rows": 1264156,
                    "Actual Loops": 2,
                    "Hash Buckets": 4194304,
                    "Original Hash Buckets": 4194304,
                    "Hash Batches": 1,
                    "Original Hash Batches": 1,
                    "Peak Memory Usage": 131712,
                    "Plans": [
                      {
                        "Node Type": "Seq Scan",
                        "Parent Relationship": "Outer",
                        "Parallel Aware": true,
                        "Relation Name": "title",
                        "Alias": "t",
                        "Startup Cost": 0.0,
                        "Total Cost": 50870.31,
                        "Plan Rows": 1487231,
                        "Plan Width": 4,
                        "Actual Startup Time": 0.025,
                        "Actual Total Time": 152.414,
                        "Actual Rows": 1264156,
                        "Actual Loops": 2
                      }
                    ]
                  }
                ]
              }
            ]
          }
        ]
      }
    ]
  },
  "Planning Time": 0.679,
  "Triggers": [],
  "Execution Time": 2284.623
}