{
  "Plan": {
    "Node Type": "Aggregate",
    "Strategy": "Plain",
    "Partial Mode": "Finalize",
    "Parallel Aware": false,
    "Startup Cost": 990337.85,
    "Total Cost": 990337.86,
    "Plan Rows": 1,
    "Plan Width": 8,
    "Actual Startup Time": 20266.922,
    "Actual Total Time": 20561.794,
    "Actual Rows": 1,
    "Actual Loops": 1,
    "Plans": [
      {
        "Node Type": "Gather",
        "Parent Relationship": "Outer",
        "Parallel Aware": false,
        "Startup Cost": 990337.74,
        "Total Cost": 990337.85,
        "Plan Rows": 1,
        "Plan Width": 8,
        "Actual Startup Time": 20203.421,
        "Actual Total Time": 20561.779,
        "Actual Rows": 2,
        "Actual Loops": 1,
        "Workers Planned": 1,
        "Workers Launched": 1,
        "Single Copy": false,
        "Plans": [
          {
            "Node Type": "Aggregate",
            "Strategy": "Plain",
            "Partial Mode": "Partial",
            "Parent Relationship": "Outer",
            "Parallel Aware": false,
            "Startup Cost": 989337.74,
            "Total Cost": 989337.75,
            "Plan Rows": 1,
            "Plan Width": 8,
            "Actual Startup Time": 20135.414,
            "Actual Total Time": 20144.158,
            "Actual Rows": 1,
            "Actual Loops": 2,
            "Plans": [
              {
                "Node Type": "Hash Join",
                "Parent Relationship": "Outer",
                "Parallel Aware": true,
                "Join Type": "Inner",
                "Startup Cost": 877178.02,
                "Total Cost": 969866.83,
                "Plan Rows": 7788364,
                "Plan Width": 0,
                "Actual Startup Time": 17113.859,
                "Actual Total Time": 19372.08,
                "Actual Rows": 19574020,
                "Actual Loops": 2,
                "Inner Unique": false,
                "Hash Cond": "(mk.movie_id = t.id)",
                "Plans": [
                  {
                    "Node Type": "Bitmap Heap Scan",
                    "Parent Relationship": "Outer",
                    "Parallel Aware": true,
                    "Relation Name": "movie_keyword",
                    "Alias": "mk",
                    "Startup Cost": 19601.53,
                    "Total Cost": 50849.75,
                    "Plan Rows": 543537,
                    "Plan Width": 4,
                    "Actual Startup Time": 46.057,
                    "Actual Total Time": 142.878,
                    "Actual Rows": 467178,
                    "Actual Loops": 2,
                    "Recheck Cond": "(keyword_id < 875)",
                    "Rows Removed by Index Recheck": 0,
                    "Exact Heap Blocks": 12433,
                    "Lossy Heap Blocks": 0,
                    "Plans": [
                      {
                        "Node Type": "Bitmap Index Scan",
                        "Parent Relationship": "Outer",
                        "Parallel Aware": false,
                        "Index Name": "keyword_id_movie_keyword",
                        "Startup Cost": 0.0,
                        "Total Cost": 19370.53,
                        "Plan Rows": 924013,
                        "Plan Width": 0,
                        "Actual Startup Time": 42.47,
                        "Actual Total Time": 42.472,
                        "Actual Rows": 934355,
                        "Actual Loops": 1,
                        "Index Cond": "(keyword_id < 875)"
                      }
                    ]
                  },
                  {
                    "Node Type": "Hash",
                    "Parent Relationship": "Inner",
                    "Parallel Aware": true,
                    "Startup Cost": 591194.05,
                    "Total Cost": 591194.05,
                    "Plan Rows": 21310595,
                    "Plan Width": 8,
                    "Actual Startup Time": 16880.028,
                    "Actual Total Time": 16888.767,
                    "Actual Rows": 18122172,
                    "Actual Loops": 2,
                    "Hash Buckets": 67108864,
                    "Original Hash Buckets": 67108864,
                    "Hash Batches": 1,
                    "Original Hash Batches": 1,
                    "Peak Memory Usage": 1942208,
                    "Plans": [
                      {
                        "Node Type": "Hash Join",
                        "Parent Relationship": "Outer",
                        "Parallel Aware": true,
                        "Join Type": "Inner",
                        "Startup Cost": 69460.7,
                        "Total Cost": 591194.05,
                        "Plan Rows": 21310595,
                        "Plan Width": 8,
                        "Actual Startup Time": 500.885,
                        "Actual Total Time": 10223.367,
                        "Actual Rows": 18122172,
                        "Actual Loops": 2,
                        "Inner Unique": true,
                        "Hash Cond": "(ci.movie_id = t.id)",
                        "Plans": [
                          {
                            "Node Type": "Seq Scan",
                            "Parent Relationship": "Outer",
                            "Parallel Aware": true,
                            "Relation Name": "cast_info",
                            "Alias": "ci",
                            "Startup Cost": 0.0,
                            "Total Cost": 465792.95,
                            "Plan Rows": 21310595,
                            "Plan Width": 4,
                            "Actual Startup Time": 0.013,
                            "Actual Total Time": 1460.811,
                            "Actual Rows": 18122172,
                            "Actual Loops": 2
                          },
                          {
                            "Node Type": "Hash",
                            "Parent Relationship": "Inner",
                            "Parallel Aware": true,
                            "Startup Cost": 50870.31,
                            "Total Cost": 50870.31,
                            "Plan Rows": 1487231,
                            "Plan Width": 4,
                            "Actual Startup Time": 489.576,
                            "Actual Total Time": 489.579,
                            "Actual Rows": 1264156,
                            "Actual Loops": 2,
                            "Hash Buckets": 4194304,
                            "Original Hash Buckets": 4194304,
                            "Hash Batches": 1,
                            "Original Hash Batches": 1,
                            "Peak Memory Usage": 131712,
                            "Plans": [
                              {
                                "Node Type": "Seq Scan",
                                "Parent Relationship": "Outer",
                                "Parallel Aware": true,
                                "Relation Name": "title",
                                "Alias": "t",
                                "Startup Cost": 0.0,
                                "Total Cost": 50870.31,
                                "Plan Rows": 1487231,
                                "Plan Width": 4,
                                "Actual Startup Time": 0.049,
                                "Actual Total Time": 154.401,
                                "Actual Rows": 1264156,
                                "Actual Loops": 2
                              }
                            ]
                          }
                        ]
                      }
                    ]
                  }
                ]
              }
            ]
          }
        ]
      }
    ]
  },
  "Planning Time": 1.003,
  "Triggers": [],
  "Execution Time": 20561.922
}