{
    "Plan": {
        "Node Type": "Aggregate",
        "Strategy": "Plain",
        "Partial Mode": "Simple",
        "Parallel Aware": false,
        "Startup Cost": 30005930865.38,
        "Total Cost": 30005930865.39,
        "Plan Rows": 1,
        "Plan Width": 96,
        "Actual Startup Time": 103491.282,
        "Actual Total Time": 103491.305,
        "Actual Rows": 1,
        "Actual Loops": 1,
        "Output": [
            "min(k.keyword)",
            "min(n.name)",
            "min(t.title)"
        ],
        "Plans": [
            {
                "Node Type": "Nested Loop",
                "Parent Relationship": "Outer",
                "Parallel Aware": false,
                "Join Type": "Inner",
                "Startup Cost": 30005864212.7,
                "Total Cost": 30005930837.63,
                "Plan Rows": 3700,
                "Plan Width": 48,
                "Actual Startup Time": 87775.59,
                "Actual Total Time": 103236.509,
                "Actual Rows": 653572,
                "Actual Loops": 1,
                "Output": [
                    "k.keyword",
                    "n.name",
                    "t.title"
                ],
                "Inner Unique": true,
                "Plans": [
                    {
                        "Node Type": "Merge Join",
                        "Parent Relationship": "Outer",
                        "Parallel Aware": false,
                        "Join Type": "Inner",
                        "Startup Cost": 20005864212.25,
                        "Total Cost": 20005884611.29,
                        "Plan Rows": 10363,
                        "Plan Width": 39,
                        "Actual Startup Time": 87775.504,
                        "Actual Total Time": 90593.623,
                        "Actual Rows": 2178756,
                        "Actual Loops": 1,
                        "Output": [
                            "ci.movie_id",
                            "mk.movie_id",
                            "k.keyword",
                            "n.name"
                        ],
                        "Inner Unique": false,
                        "Merge Cond": "(n.id = ci.person_id)",
                        "Plans": [
                            {
                                "Node Type": "Sort",
                                "Parent Relationship": "Outer",
                                "Parallel Aware": false,
                                "Startup Cost": 555526.5,
                                "Total Cost": 565945.37,
                                "Plan Rows": 4167549,
                                "Plan Width": 19,
                                "Actual Startup Time": 1998.922,
                                "Actual Total Time": 2752.419,
                                "Actual Rows": 4061913,
                                "Actual Loops": 1,
                                "Output": [
                                    "n.name",
                                    "n.id"
                                ],
                                "Sort Key": [
                                    "n.id"
                                ],
                                "Sort Method": "quicksort",
                                "Sort Space Used": 405945,
                                "Sort Space Type": "Memory",
                                "Plans": [
                                    {
                                        "Node Type": "Seq Scan",
                                        "Parent Relationship": "Outer",
                                        "Parallel Aware": false,
                                        "Relation Name": "name",
                                        "Schema": "public",
                                        "Alias": "n",
                                        "Startup Cost": 0.0,
                                        "Total Cost": 97288.49,
                                        "Plan Rows": 4167549,
                                        "Plan Width": 19,
                                        "Actual Startup Time": 0.06,
                                        "Actual Total Time": 952.674,
                                        "Actual Rows": 4167491,
                                        "Actual Loops": 1,
                                        "Output": [
                                            "n.name",
                                            "n.id"
                                        ]
                                    }
                                ]
                            },
                            {
                                "Node Type": "Sort",
                                "Parent Relationship": "Inner",
                                "Parallel Aware": false,
                                "Startup Cost": 20005308683.67,
                                "Total Cost": 20005308709.57,
                                "Plan Rows": 10363,
                                "Plan Width": 28,
                                "Actual Startup Time": 85776.55,
                                "Actual Total Time": 86746.215,
                                "Actual Rows": 2178756,
                                "Actual Loops": 1,
                                "Output": [
                                    "ci.movie_id",
                                    "ci.person_id",
                                    "mk.movie_id",
                                    "k.keyword"
                                ],
                                "Sort Key": [
                                    "ci.person_id"
                                ],
                                "Sort Method": "quicksort",
                                "Sort Space Used": 268520,
                                "Sort Space Type": "Memory",
                                "Plans": [
                                    {
                                        "Node Type": "Hash Join",
                                        "Parent Relationship": "Outer",
                                        "Parallel Aware": false,
                                        "Join Type": "Inner",
                                        "Startup Cost": 20005274653.36,
                                        "Total Cost": 20005307992.5,
                                        "Plan Rows": 10363,
                                        "Plan Width": 28,
                                        "Actual Startup Time": 77499.205,
                                        "Actual Total Time": 85141.112,
                                        "Actual Rows": 2178756,
                                        "Actual Loops": 1,
                                        "Output": [
                                            "ci.movie_id",
                                            "ci.person_id",
                                            "mk.movie_id",
                                            "k.keyword"
                                        ],
                                        "Inner Unique": false,
                                        "Hash Cond": "(k.id = mk.keyword_id)",
                                        "Plans": [
                                            {
                                                "Node Type": "Seq Scan",
                                                "Parent Relationship": "Outer",
                                                "Parallel Aware": false,
                                                "Relation Name": "keyword",
                                                "Schema": "public",
                                                "Alias": "k",
                                                "Startup Cost": 0.0,
                                                "Total Cost": 3632.4,
                                                "Plan Rows": 8,
                                                "Plan Width": 20,
                                                "Actual Startup Time": 0.4,
                                                "Actual Total Time": 21.705,
                                                "Actual Rows": 8,
                                                "Actual Loops": 1,
                                                "Output": [
                                                    "k.id",
                                                    "k.keyword",
                                                    "k.phonetic_code"
                                                ],
                                                "Filter": "(k.keyword = ANY ('{hospital,fight,blood,violence,marvel-cinematic-universe,revenge,superhero,second-part}'::text[]))",
                                                "Rows Removed by Filter": 134162
                                            },
                                            {
                                                "Node Type": "Hash",
                                                "Parent Relationship": "Inner",
                                                "Parallel Aware": false,
                                                "Startup Cost": 20003102214.97,
                                                "Total Cost": 20003102214.97,
                                                "Plan Rows": 173795071,
                                                "Plan Width": 16,
                                                "Actual Startup Time": 77237.15,
                                                "Actual Total Time": 77237.161,
                                                "Actual Rows": 215765477,
                                                "Actual Loops": 1,
                                                "Output": [
                                                    "ci.movie_id",
                                                    "ci.person_id",
                                                    "mk.keyword_id",
                                                    "mk.movie_id"
                                                ],
                                                "Hash Buckets": 67108864,
                                                "Original Hash Buckets": 67108864,
                                                "Hash Batches": 4,
                                                "Original Hash Batches": 4,
                                                "Peak Memory Usage": 2974980,
                                                "Plans": [
                                                    {
                                                        "Node Type": "Hash Join",
                                                        "Parent Relationship": "Outer",
                                                        "Parallel Aware": false,
                                                        "Join Type": "Inner",
                                                        "Startup Cost": 20001068374.46,
                                                        "Total Cost": 20003102214.97,
                                                        "Plan Rows": 173795071,
                                                        "Plan Width": 16,
                                                        "Actual Startup Time": 14678.66,
                                                        "Actual Total Time": 39954.23,
                                                        "Actual Rows": 215765477,
                                                        "Actual Loops": 1,
                                                        "Output": [
                                                            "ci.movie_id",
                                                            "ci.person_id",
                                                            "mk.keyword_id",
                                                            "mk.movie_id"
                                                        ],
                                                        "Inner Unique": false,
                                                        "Hash Cond": "(mk.movie_id = ci.movie_id)",
                                                        "Plans": [
                                                            {
                                                                "Node Type": "Seq Scan",
                                                                "Parent Relationship": "Outer",
                                                                "Parallel Aware": false,
                                                                "Relation Name": "movie_keyword",
                                                                "Schema": "public",
                                                                "Alias": "mk",
                                                                "Startup Cost": 10000000000.0,
                                                                "Total Cost": 10000069693.3,
                                                                "Plan Rows": 4523930,
                                                                "Plan Width": 8,
                                                                "Actual Startup Time": 0.02,
                                                                "Actual Total Time": 532.503,
                                                                "Actual Rows": 4523930,
                                                                "Actual Loops": 1,
                                                                "Output": [
                                                                    "mk.id",
                                                                    "mk.movie_id",
                                                                    "mk.keyword_id"
                                                                ]
                                                            },
                                                            {
                                                                "Node Type": "Hash",
                                                                "Parent Relationship": "Inner",
                                                                "Parallel Aware": false,
                                                                "Startup Cost": 10000615214.76,
                                                                "Total Cost": 10000615214.76,
                                                                "Plan Rows": 36252776,
                                                                "Plan Width": 8,
                                                                "Actual Startup Time": 14383.283,
                                                                "Actual Total Time": 14383.291,
                                                                "Actual Rows": 36244344,
                                                                "Actual Loops": 1,
                                                                "Output": [
                                                                    "ci.movie_id",
                                                                    "ci.person_id"
                                                                ],
                                                                "Hash Buckets": 67108864,
                                                                "Original Hash Buckets": 67108864,
                                                                "Hash Batches": 1,
                                                                "Original Hash Batches": 1,
                                                                "Peak Memory Usage": 1940083,
                                                                "Plans": [
                                                                    {
                                                                        "Node Type": "Seq Scan",
                                                                        "Parent Relationship": "Outer",
                                                                        "Parallel Aware": false,
                                                                        "Relation Name": "cast_info",
                                                                        "Schema": "public",
                                                                        "Alias": "ci",
                                                                        "Startup Cost": 10000000000.0,
                                                                        "Total Cost": 10000615214.76,
                                                                        "Plan Rows": 36252776,
                                                                        "Plan Width": 8,
                                                                        "Actual Startup Time": 0.021,
                                                                        "Actual Total Time": 3457.226,
                                                                        "Actual Rows": 36244344,
                                                                        "Actual Loops": 1,
                                                                        "Output": [
                                                                            "ci.movie_id",
                                                                            "ci.person_id"
                                                                        ]
                                                                    }
                                                                ]
                                                            }
                                                        ]
                                                    }
                                                ]
                                            }
                                        ]
                                    }
                                ]
                            }
                        ]
                    },
                    {
                        "Node Type": "Bitmap Heap Scan",
                        "Parent Relationship": "Inner",
                        "Parallel Aware": false,
                        "Relation Name": "title",
                        "Schema": "public",
                        "Alias": "t",
                        "Startup Cost": 0.45,
                        "Total Cost": 4.46,
                        "Plan Rows": 1,
                        "Plan Width": 21,
                        "Actual Startup Time": 0.004,
                        "Actual Total Time": 0.004,
                        "Actual Rows": 0,
                        "Actual Loops": 2178756,
                        "Output": [
                            "t.id",
                            "t.title",
                            "t.imdb_index",
                            "t.kind_id",
                            "t.production_year",
                            "t.imdb_id",
                            "t.phonetic_code",
                            "t.episode_of_id",
                            "t.season_nr",
                            "t.episode_nr",
                            "t.series_years",
                            "t.md5sum"
                        ],
                        "Recheck Cond": "(t.id = mk.movie_id)",
                        "Rows Removed by Index Recheck": 0,
                        "Filter": "(t.production_year > 2006)",
                        "Rows Removed by Filter": 1,
                        "Exact Heap Blocks": 2178756,
                        "Lossy Heap Blocks": 0,
                        "Plans": [
                            {
                                "Node Type": "Bitmap Index Scan",
                                "Parent Relationship": "Outer",
                                "Parallel Aware": false,
                                "Index Name": "title_pkey",
                                "Startup Cost": 0.0,
                                "Total Cost": 0.45,
                                "Plan Rows": 1,
                                "Plan Width": 0,
                                "Actual Startup Time": 0.003,
                                "Actual Total Time": 0.003,
                                "Actual Rows": 1,
                                "Actual Loops": 2178756,
                                "Index Cond": "(t.id = mk.movie_id)"
                            }
                        ]
                    }
                ]
            }
        ]
    },
    "Planning Time": 1.791,
    "Triggers": [],
    "Execution Time": 103561.698
}