[
    {
        "Bao": {
            "Bao prediction": "NaN",
            "Bao recommended hint": "(no hint)"
        }
    },
    {
        "Plan": {
            "Node Type": "Aggregate",
            "Strategy": "Plain",
            "Partial Mode": "Finalize",
            "Parallel Aware": false,
            "Startup Cost": 40216.32,
            "Total Cost": 40216.33,
            "Plan Rows": 1,
            "Plan Width": 8,
            "Actual Startup Time": 164.842,
            "Actual Total Time": 172.186,
            "Actual Rows": 1,
            "Actual Loops": 1,
            "Output": [
                "count(*)"
            ],
            "Plans": [
                {
                    "Node Type": "Gather",
                    "Parent Relationship": "Outer",
                    "Parallel Aware": false,
                    "Startup Cost": 40216.0,
                    "Total Cost": 40216.31,
                    "Plan Rows": 3,
                    "Plan Width": 8,
                    "Actual Startup Time": 164.458,
                    "Actual Total Time": 172.172,
                    "Actual Rows": 4,
                    "Actual Loops": 1,
                    "Output": [
                        "(PARTIAL count(*))"
                    ],
                    "Workers Planned": 3,
                    "Workers Launched": 3,
                    "Single Copy": false,
                    "Plans": [
                        {
                            "Node Type": "Aggregate",
                            "Strategy": "Plain",
                            "Partial Mode": "Partial",
                            "Parent Relationship": "Outer",
                            "Parallel Aware": false,
                            "Startup Cost": 39216.0,
                            "Total Cost": 39216.01,
                            "Plan Rows": 1,
                            "Plan Width": 8,
                            "Actual Startup Time": 154.475,
                            "Actual Total Time": 154.477,
                            "Actual Rows": 1,
                            "Actual Loops": 4,
                            "Output": [
                                "PARTIAL count(*)"
                            ],
                            "Workers": [
                                {
                                    "Worker Number": 0,
                                    "Actual Startup Time": 151.195,
                                    "Actual Total Time": 151.197,
                                    "Actual Rows": 1,
                                    "Actual Loops": 1
                                },
                                {
                                    "Worker Number": 1,
                                    "Actual Startup Time": 151.755,
                                    "Actual Total Time": 151.758,
                                    "Actual Rows": 1,
                                    "Actual Loops": 1
                                },
                                {
                                    "Worker Number": 2,
                                    "Actual Startup Time": 151.196,
                                    "Actual Total Time": 151.198,
                                    "Actual Rows": 1,
                                    "Actual Loops": 1
                                }
                            ],
                            "Plans": [
                                {
                                    "Node Type": "Bitmap Heap Scan",
                                    "Parent Relationship": "Outer",
                                    "Parallel Aware": true,
                                    "Relation Name": "movie_keyword",
                                    "Schema": "public",
                                    "Alias": "mk",
                                    "Startup Cost": 12020.08,
                                    "Total Cost": 38759.01,
                                    "Plan Rows": 182795,
                                    "Plan Width": 0,
                                    "Actual Startup Time": 51.485,
                                    "Actual Total Time": 144.426,
                                    "Actual Rows": 142328,
                                    "Actual Loops": 4,
                                    "Recheck Cond": "(mk.keyword_id < 403)",
                                    "Rows Removed by Index Recheck": 0,
                                    "Exact Heap Blocks": 8809,
                                    "Lossy Heap Blocks": 0,
                                    "Workers": [
                                        {
                                            "Worker Number": 0,
                                            "Actual Startup Time": 48.528,
                                            "Actual Total Time": 141.765,
                                            "Actual Rows": 110802,
                                            "Actual Loops": 1
                                        },
                                        {
                                            "Worker Number": 1,
                                            "Actual Startup Time": 48.796,
                                            "Actual Total Time": 143.266,
                                            "Actual Rows": 102355,
                                            "Actual Loops": 1
                                        },
                                        {
                                            "Worker Number": 2,
                                            "Actual Startup Time": 48.297,
                                            "Actual Total Time": 142.375,
                                            "Actual Rows": 151670,
                                            "Actual Loops": 1
                                        }
                                    ],
                                    "Plans": [
                                        {
                                            "Node Type": "Bitmap Index Scan",
                                            "Parent Relationship": "Outer",
                                            "Parallel Aware": false,
                                            "Index Name": "keyword_id_movie_keyword",
                                            "Startup Cost": 0.0,
                                            "Total Cost": 11878.41,
                                            "Plan Rows": 566664,
                                            "Plan Width": 0,
                                            "Actual Startup Time": 54.588,
                                            "Actual Total Time": 54.588,
                                            "Actual Rows": 569310,
                                            "Actual Loops": 1,
                                            "Index Cond": "(mk.keyword_id < 403)"
                                        }
                                    ]
                                }
                            ]
                        }
                    ]
                }
            ]
        },
        "Planning Time": 320.747,
        "Triggers": [],
        "Execution Time": 172.326
    }
]