{
  "Plan": {
    "Node Type": "Aggregate",
    "Strategy": "Plain",
    "Partial Mode": "Finalize",
    "Parallel Aware": false,
    "Startup Cost": 126518.48,
    "Total Cost": 126518.49,
    "Plan Rows": 1,
    "Plan Width": 8,
    "Actual Startup Time": 750.224,
    "Actual Total Time": 763.685,
    "Actual Rows": 1,
    "Actual Loops": 1,
    "Plans": [
      {
        "Node Type": "Gather",
        "Parent Relationship": "Outer",
        "Parallel Aware": false,
        "Startup Cost": 126518.36,
        "Total Cost": 126518.47,
        "Plan Rows": 1,
        "Plan Width": 8,
        "Actual Startup Time": 748.69,
        "Actual Total Time": 763.678,
        "Actual Rows": 2,
        "Actual Loops": 1,
        "Workers Planned": 1,
        "Workers Launched": 1,
        "Single Copy": false,
        "Plans": [
          {
            "Node Type": "Aggregate",
            "Strategy": "Plain",
            "Partial Mode": "Partial",
            "Parent Relationship": "Outer",
            "Parallel Aware": false,
            "Startup Cost": 125518.36,
            "Total Cost": 125518.37,
            "Plan Rows": 1,
            "Plan Width": 8,
            "Actual Startup Time": 744.195,
            "Actual Total Time": 744.199,
            "Actual Rows": 1,
            "Actual Loops": 2,
            "Plans": [
              {
                "Node Type": "Hash Join",
                "Parent Relationship": "Outer",
                "Parallel Aware": true,
                "Join Type": "Inner",
                "Startup Cost": 65053.13,
                "Total Cost": 123103.97,
                "Plan Rows": 965756,
                "Plan Width": 0,
                "Actual Startup Time": 323.998,
                "Actual Total Time": 729.976,
                "Actual Rows": 361768,
                "Actual Loops": 2,
                "Inner Unique": true,
                "Hash Cond": "(mk.movie_id = t.id)",
                "Plans": [
                  {
                    "Node Type": "Seq Scan",
                    "Parent Relationship": "Outer",
                    "Parallel Aware": true,
                    "Relation Name": "movie_keyword",
                    "Alias": "mk",
                    "Startup Cost": 0.0,
                    "Total Cost": 51065.35,
                    "Plan Rows": 2661135,
                    "Plan Width": 4,
                    "Actual Startup Time": 0.013,
                    "Actual Total Time": 158.932,
                    "Actual Rows": 2261965,
                    "Actual Loops": 2
                  },
                  {
                    "Node Type": "Hash",
                    "Parent Relationship": "Inner",
                    "Parallel Aware": true,
                    "Startup Cost": 58306.47,
                    "Total Cost": 58306.47,
                    "Plan Rows": 539733,
                    "Plan Width": 4,
                    "Actual Startup Time": 316.477,
                    "Actual Total Time": 316.478,
                    "Actual Rows": 507183,
                    "Actual Loops": 2,
                    "Hash Buckets": 1048576,
                    "Original Hash Buckets": 1048576,
                    "Hash Batches": 1,
                    "Original Hash Batches": 1,
                    "Peak Memory Usage": 47904,
                    "Plans": [
                      {
                        "Node Type": "Seq Scan",
                        "Parent Relationship": "Outer",
                        "Parallel Aware": true,
                        "Relation Name": "title",
                        "Alias": "t",
                        "Startup Cost": 0.0,
                        "Total Cost": 58306.47,
                        "Plan Rows": 539733,
                        "Plan Width": 4,
                        "Actual Startup Time": 0.023,
                        "Actual Total Time": 167.572,
                        "Actual Rows": 507183,
                        "Actual Loops": 2,
                        "Filter": "((kind_id > 3) AND (production_year > 2000))",
                        "Rows Removed by Filter": 756973
                      }
                    ]
                  }
                ]
              }
            ]
          }
        ]
      }
    ]
  },
  "Planning Time": 0.444,
  "Triggers": [],
  "Execution Time": 763.744
}