[
  {
    "Plan": {
      "Node Type": "Aggregate",
      "Strategy": "Plain",
      "Partial Mode": "Finalize",
      "Parallel Aware": false,
      "Startup Cost": 39643.46,
      "Total Cost": 39643.47,
      "Plan Rows": 1,
      "Plan Width": 8,
      "Actual Startup Time": 48.722,
      "Actual Total Time": 54.915,
      "Actual Rows": 1,
      "Actual Loops": 1,
      "Plans": [
        {
          "Node Type": "Gather",
          "Parent Relationship": "Outer",
          "Parallel Aware": false,
          "Startup Cost": 39643.04,
          "Total Cost": 39643.45,
          "Plan Rows": 4,
          "Plan Width": 8,
          "Actual Startup Time": 48.458,
          "Actual Total Time": 54.9,
          "Actual Rows": 5,
          "Actual Loops": 1,
          "Workers Planned": 4,
          "Workers Launched": 4,
          "Single Copy": false,
          "Plans": [
            {
              "Node Type": "Aggregate",
              "Strategy": "Plain",
              "Partial Mode": "Partial",
              "Parent Relationship": "Outer",
              "Parallel Aware": false,
              "Startup Cost": 38643.04,
              "Total Cost": 38643.05,
              "Plan Rows": 1,
              "Plan Width": 8,
              "Actual Startup Time": 44.646,
              "Actual Total Time": 44.649,
              "Actual Rows": 1,
              "Actual Loops": 5,
              "Plans": [
                {
                  "Node Type": "Bitmap Heap Scan",
                  "Parent Relationship": "Outer",
                  "Parallel Aware": true,
                  "Relation Name": "title",
                  "Alias": "t",
                  "Startup Cost": 2173.67,
                  "Total Cost": 38627.1,
                  "Plan Rows": 6373,
                  "Plan Width": 0,
                  "Actual Startup Time": 14.499,
                  "Actual Total Time": 44.112,
                  "Actual Rows": 4216,
                  "Actual Loops": 5,
                  "Recheck Cond": "(kind_id = 4)",
                  "Rows Removed by Index Recheck": 0,
                  "Filter": "(production_year > 2009)",
                  "Rows Removed by Filter": 19430,
                  "Exact Heap Blocks": 5219,
                  "Lossy Heap Blocks": 0,
                  "Plans": [
                    {
                      "Node Type": "Bitmap Index Scan",
                      "Parent Relationship": "Outer",
                      "Parallel Aware": false,
                      "Index Name": "kind_id_title",
                      "Startup Cost": 0.0,
                      "Total Cost": 2167.3,
                      "Plan Rows": 121449,
                      "Plan Width": 0,
                      "Actual Startup Time": 13.868,
                      "Actual Total Time": 13.869,
                      "Actual Rows": 118234,
                      "Actual Loops": 1,
                      "Index Cond": "(kind_id = 4)"
                    }
                  ]
                }
              ]
            }
          ]
        }
      ]
    },
    "Planning Time": 0.12,
    "Triggers": [],
    "Execution Time": 54.967
  }
]