{
  "Plan": {
    "Node Type": "Aggregate",
    "Strategy": "Plain",
    "Partial Mode": "Finalize",
    "Parallel Aware": false,
    "Startup Cost": 269611.83,
    "Total Cost": 269611.84,
    "Plan Rows": 1,
    "Plan Width": 8,
    "Actual Startup Time": 872.817,
    "Actual Total Time": 896.223,
    "Actual Rows": 1,
    "Actual Loops": 1,
    "Plans": [
      {
        "Node Type": "Gather",
        "Parent Relationship": "Outer",
        "Parallel Aware": false,
        "Startup Cost": 269611.72,
        "Total Cost": 269611.83,
        "Plan Rows": 1,
        "Plan Width": 8,
        "Actual Startup Time": 867.129,
        "Actual Total Time": 896.216,
        "Actual Rows": 2,
        "Actual Loops": 1,
        "Workers Planned": 1,
        "Workers Launched": 1,
        "Single Copy": false,
        "Plans": [
          {
            "Node Type": "Aggregate",
            "Strategy": "Plain",
            "Partial Mode": "Partial",
            "Parent Relationship": "Outer",
            "Parallel Aware": false,
            "Startup Cost": 268611.72,
            "Total Cost": 268611.73,
            "Plan Rows": 1,
            "Plan Width": 8,
            "Actual Startup Time": 860.573,
            "Actual Total Time": 860.579,
            "Actual Rows": 1,
            "Actual Loops": 2,
            "Plans": [
              {
                "Node Type": "Hash Join",
                "Parent Relationship": "Outer",
                "Parallel Aware": true,
                "Join Type": "Inner",
                "Startup Cost": 248202.97,
                "Total Cost": 268220.51,
                "Plan Rows": 156484,
                "Plan Width": 0,
                "Actual Startup Time": 684.958,
                "Actual Total Time": 837.856,
                "Actual Rows": 571782,
                "Actual Loops": 2,
                "Inner Unique": false,
                "Hash Cond": "(mi_idx.movie_id = t.id)",
                "Plans": [
                  {
                    "Node Type": "Seq Scan",
                    "Parent Relationship": "Outer",
                    "Parallel Aware": true,
                    "Relation Name": "movie_info_idx",
                    "Alias": "mi_idx",
                    "Startup Cost": 0.0,
                    "Total Cost": 16052.85,
                    "Plan Rows": 811785,
                    "Plan Width": 4,
                    "Actual Startup Time": 0.027,
                    "Actual Total Time": 47.503,
                    "Actual Rows": 690018,
                    "Actual Loops": 2
                  },
                  {
                    "Node Type": "Hash",
                    "Parent Relationship": "Inner",
                    "Parallel Aware": true,
                    "Startup Cost": 244619.38,
                    "Total Cost": 244619.38,
                    "Plan Rows": 286687,
                    "Plan Width": 8,
                    "Actual Startup Time": 679.12,
                    "Actual Total Time": 679.125,
                    "Actual Rows": 232818,
                    "Actual Loops": 2,
                    "Hash Buckets": 524288,
                    "Original Hash Buckets": 524288,
                    "Hash Batches": 1,
                    "Original Hash Batches": 1,
                    "Peak Memory Usage": 22368,
                    "Plans": [
                      {
                        "Node Type": "Hash Join",
                        "Parent Relationship": "Outer",
                        "Parallel Aware": true,
                        "Join Type": "Inner",
                        "Startup Cost": 78290.24,
                        "Total Cost": 244619.38,
                        "Plan Rows": 286687,
                        "Plan Width": 8,
                        "Actual Startup Time": 544.91,
                        "Actual Total Time": 635.432,
                        "Actual Rows": 232818,
                        "Actual Loops": 2,
                        "Inner Unique": true,
                        "Hash Cond": "(mi.movie_id = t.id)",
                        "Plans": [
                          {
                            "Node Type": "Bitmap Heap Scan",
                            "Parent Relationship": "Outer",
                            "Parallel Aware": true,
                            "Relation Name": "movie_info",
                            "Alias": "mi",
                            "Startup Cost": 8829.54,
                            "Total Cost": 174406.13,
                            "Plan Rows": 286687,
                            "Plan Width": 4,
                            "Actual Startup Time": 13.78,
                            "Actual Total Time": 39.736,
                            "Actual Rows": 232818,
                            "Actual Loops": 2,
                            "Recheck Cond": "(info_type_id > 103)",
                            "Rows Removed by Index Recheck": 0,
                            "Exact Heap Blocks": 3100,
                            "Lossy Heap Blocks": 0,
                            "Plans": [
                              {
                                "Node Type": "Bitmap Index Scan",
                                "Parent Relationship": "Outer",
                                "Parallel Aware": false,
                                "Index Name": "info_type_id_movie_info",
                                "Startup Cost": 0.0,
                                "Total Cost": 8707.69,
                                "Plan Rows": 487368,
                                "Plan Width": 0,
                                "Actual Startup Time": 12.991,
                                "Actual Total Time": 12.991,
                                "Actual Rows": 465636,
                                "Actual Loops": 1,
                                "Index Cond": "(info_type_id > 103)"
                              }
                            ]
                          },
                          {
                            "Node Type": "Hash",
                            "Parent Relationship": "Inner",
                            "Parallel Aware": true,
                            "Startup Cost": 50870.31,
                            "Total Cost": 50870.31,
                            "Plan Rows": 1487231,
                            "Plan Width": 4,
                            "Actual Startup Time": 512.62,
                            "Actual Total Time": 512.621,
                            "Actual Rows": 1264156,
                            "Actual Loops": 2,
                            "Hash Buckets": 4194304,
                            "Original Hash Buckets": 4194304,
                            "Hash Batches": 1,
                            "Original Hash Batches": 1,
                            "Peak Memory Usage": 131680,
                            "Plans": [
                              {
                                "Node Type": "Seq Scan",
                                "Parent Relationship": "Outer",
                                "Parallel Aware": true,
                                "Relation Name": "title",
                                "Alias": "t",
                                "Startup Cost": 0.0,
                                "Total Cost": 50870.31,
                                "Plan Rows": 1487231,
                                "Plan Width": 4,
                                "Actual Startup Time": 0.031,
                                "Actual Total Time": 151.662,
                                "Actual Rows": 1264156,
                                "Actual Loops": 2
                              }
                            ]
                          }
                        ]
                      }
                    ]
                  }
                ]
              }
            ]
          }
        ]
      }
    ]
  },
  "Planning Time": 0.808,
  "Triggers": [],
  "Execution Time": 896.32
}