[
    {
        "Bao": {
            "Bao prediction": "NaN",
            "Bao recommended hint": "(no hint)"
        }
    },
    {
        "Plan": {
            "Node Type": "Aggregate",
            "Strategy": "Plain",
            "Partial Mode": "Finalize",
            "Parallel Aware": false,
            "Startup Cost": 33014.73,
            "Total Cost": 33014.74,
            "Plan Rows": 1,
            "Plan Width": 8,
            "Actual Startup Time": 94.326,
            "Actual Total Time": 99.381,
            "Actual Rows": 1,
            "Actual Loops": 1,
            "Output": [
                "count(*)"
            ],
            "Plans": [
                {
                    "Node Type": "Gather",
                    "Parent Relationship": "Outer",
                    "Parallel Aware": false,
                    "Startup Cost": 33014.42,
                    "Total Cost": 33014.73,
                    "Plan Rows": 3,
                    "Plan Width": 8,
                    "Actual Startup Time": 94.26,
                    "Actual Total Time": 99.373,
                    "Actual Rows": 4,
                    "Actual Loops": 1,
                    "Output": [
                        "(PARTIAL count(*))"
                    ],
                    "Workers Planned": 3,
                    "Workers Launched": 3,
                    "Single Copy": false,
                    "Plans": [
                        {
                            "Node Type": "Aggregate",
                            "Strategy": "Plain",
                            "Partial Mode": "Partial",
                            "Parent Relationship": "Outer",
                            "Parallel Aware": false,
                            "Startup Cost": 32014.42,
                            "Total Cost": 32014.43,
                            "Plan Rows": 1,
                            "Plan Width": 8,
                            "Actual Startup Time": 86.458,
                            "Actual Total Time": 86.459,
                            "Actual Rows": 1,
                            "Actual Loops": 4,
                            "Output": [
                                "PARTIAL count(*)"
                            ],
                            "Workers": [
                                {
                                    "Worker Number": 0,
                                    "Actual Startup Time": 83.648,
                                    "Actual Total Time": 83.649,
                                    "Actual Rows": 1,
                                    "Actual Loops": 1
                                },
                                {
                                    "Worker Number": 1,
                                    "Actual Startup Time": 83.941,
                                    "Actual Total Time": 83.942,
                                    "Actual Rows": 1,
                                    "Actual Loops": 1
                                },
                                {
                                    "Worker Number": 2,
                                    "Actual Startup Time": 84.263,
                                    "Actual Total Time": 84.264,
                                    "Actual Rows": 1,
                                    "Actual Loops": 1
                                }
                            ],
                            "Plans": [
                                {
                                    "Node Type": "Seq Scan",
                                    "Parent Relationship": "Outer",
                                    "Parallel Aware": true,
                                    "Relation Name": "movie_companies",
                                    "Schema": "public",
                                    "Alias": "mc",
                                    "Startup Cost": 0.0,
                                    "Total Cost": 31414.82,
                                    "Plan Rows": 239839,
                                    "Plan Width": 0,
                                    "Actual Startup Time": 43.394,
                                    "Actual Total Time": 76.744,
                                    "Actual Rows": 240209,
                                    "Actual Loops": 4,
                                    "Output": [
                                        "id",
                                        "movie_id",
                                        "company_id",
                                        "company_type_id",
                                        "note"
                                    ],
                                    "Filter": "((mc.company_id > 8929) AND (mc.company_type_id = 2))",
                                    "Rows Removed by Filter": 412073,
                                    "Workers": [
                                        {
                                            "Worker Number": 0,
                                            "Actual Startup Time": 40.588,
                                            "Actual Total Time": 74.222,
                                            "Actual Rows": 230694,
                                            "Actual Loops": 1
                                        },
                                        {
                                            "Worker Number": 1,
                                            "Actual Startup Time": 40.887,
                                            "Actual Total Time": 74.57,
                                            "Actual Rows": 230908,
                                            "Actual Loops": 1
                                        },
                                        {
                                            "Worker Number": 2,
                                            "Actual Startup Time": 41.195,
                                            "Actual Total Time": 74.76,
                                            "Actual Rows": 226278,
                                            "Actual Loops": 1
                                        }
                                    ]
                                }
                            ]
                        }
                    ]
                }
            ]
        },
        "Planning Time": 209.206,
        "Triggers": [],
        "Execution Time": 99.427
    }
]