[
    {
        "Bao": {
            "Bao prediction": "NaN",
            "Bao recommended hint": "(no hint)"
        }
    },
    {
        "Plan": {
            "Node Type": "Aggregate",
            "Strategy": "Plain",
            "Partial Mode": "Finalize",
            "Parallel Aware": false,
            "Startup Cost": 238979.22,
            "Total Cost": 238979.23,
            "Plan Rows": 1,
            "Plan Width": 8,
            "Actual Startup Time": 275.818,
            "Actual Total Time": 283.439,
            "Actual Rows": 1,
            "Actual Loops": 1,
            "Output": [
                "count(*)"
            ],
            "Plans": [
                {
                    "Node Type": "Gather",
                    "Parent Relationship": "Outer",
                    "Parallel Aware": false,
                    "Startup Cost": 238978.7,
                    "Total Cost": 238979.21,
                    "Plan Rows": 5,
                    "Plan Width": 8,
                    "Actual Startup Time": 270.387,
                    "Actual Total Time": 283.43,
                    "Actual Rows": 6,
                    "Actual Loops": 1,
                    "Output": [
                        "(PARTIAL count(*))"
                    ],
                    "Workers Planned": 5,
                    "Workers Launched": 5,
                    "Single Copy": false,
                    "Plans": [
                        {
                            "Node Type": "Aggregate",
                            "Strategy": "Plain",
                            "Partial Mode": "Partial",
                            "Parent Relationship": "Outer",
                            "Parallel Aware": false,
                            "Startup Cost": 237978.7,
                            "Total Cost": 237978.71,
                            "Plan Rows": 1,
                            "Plan Width": 8,
                            "Actual Startup Time": 260.02,
                            "Actual Total Time": 260.023,
                            "Actual Rows": 1,
                            "Actual Loops": 6,
                            "Output": [
                                "PARTIAL count(*)"
                            ],
                            "Workers": [
                                {
                                    "Worker Number": 0,
                                    "Actual Startup Time": 257.423,
                                    "Actual Total Time": 257.426,
                                    "Actual Rows": 1,
                                    "Actual Loops": 1
                                },
                                {
                                    "Worker Number": 1,
                                    "Actual Startup Time": 257.782,
                                    "Actual Total Time": 257.786,
                                    "Actual Rows": 1,
                                    "Actual Loops": 1
                                },
                                {
                                    "Worker Number": 2,
                                    "Actual Startup Time": 258.009,
                                    "Actual Total Time": 258.012,
                                    "Actual Rows": 1,
                                    "Actual Loops": 1
                                },
                                {
                                    "Worker Number": 3,
                                    "Actual Startup Time": 258.007,
                                    "Actual Total Time": 258.01,
                                    "Actual Rows": 1,
                                    "Actual Loops": 1
                                },
                                {
                                    "Worker Number": 4,
                                    "Actual Startup Time": 259.37,
                                    "Actual Total Time": 259.374,
                                    "Actual Rows": 1,
                                    "Actual Loops": 1
                                }
                            ],
                            "Plans": [
                                {
                                    "Node Type": "Hash Join",
                                    "Parent Relationship": "Outer",
                                    "Parallel Aware": true,
                                    "Join Type": "Inner",
                                    "Startup Cost": 71811.56,
                                    "Total Cost": 237763.61,
                                    "Plan Rows": 86033,
                                    "Plan Width": 0,
                                    "Actual Startup Time": 165.675,
                                    "Actual Total Time": 256.495,
                                    "Actual Rows": 56922,
                                    "Actual Loops": 6,
                                    "Inner Unique": true,
                                    "Hash Cond": "(mi.movie_id = t.id)",
                                    "Workers": [
                                        {
                                            "Worker Number": 0,
                                            "Actual Startup Time": 163.115,
                                            "Actual Total Time": 253.695,
                                            "Actual Rows": 57944,
                                            "Actual Loops": 1
                                        },
                                        {
                                            "Worker Number": 1,
                                            "Actual Startup Time": 163.742,
                                            "Actual Total Time": 254.383,
                                            "Actual Rows": 51924,
                                            "Actual Loops": 1
                                        },
                                        {
                                            "Worker Number": 2,
                                            "Actual Startup Time": 163.68,
                                            "Actual Total Time": 254.349,
                                            "Actual Rows": 57032,
                                            "Actual Loops": 1
                                        },
                                        {
                                            "Worker Number": 3,
                                            "Actual Startup Time": 163.838,
                                            "Actual Total Time": 254.386,
                                            "Actual Rows": 56714,
                                            "Actual Loops": 1
                                        },
                                        {
                                            "Worker Number": 4,
                                            "Actual Startup Time": 164.721,
                                            "Actual Total Time": 255.693,
                                            "Actual Rows": 42620,
                                            "Actual Loops": 1
                                        }
                                    ],
                                    "Plans": [
                                        {
                                            "Node Type": "Bitmap Heap Scan",
                                            "Parent Relationship": "Outer",
                                            "Parallel Aware": true,
                                            "Relation Name": "movie_info",
                                            "Schema": "public",
                                            "Alias": "mi",
                                            "Startup Cost": 23735.46,
                                            "Total Cost": 189000.4,
                                            "Plan Rows": 261755,
                                            "Plan Width": 4,
                                            "Actual Startup Time": 39.234,
                                            "Actual Total Time": 68.41,
                                            "Actual Rows": 214821,
                                            "Actual Loops": 6,
                                            "Output": [
                                                "mi.id",
                                                "mi.movie_id",
                                                "mi.info_type_id",
                                                "mi.info",
                                                "mi.note"
                                            ],
                                            "Recheck Cond": "(mi.info_type_id = 2)",
                                            "Rows Removed by Index Recheck": 0,
                                            "Exact Heap Blocks": 1760,
                                            "Lossy Heap Blocks": 0,
                                            "Workers": [
                                                {
                                                    "Worker Number": 0,
                                                    "Actual Startup Time": 39.134,
                                                    "Actual Total Time": 68.619,
                                                    "Actual Rows": 222007,
                                                    "Actual Loops": 1
                                                },
                                                {
                                                    "Worker Number": 1,
                                                    "Actual Startup Time": 39.284,
                                                    "Actual Total Time": 68.687,
                                                    "Actual Rows": 201552,
                                                    "Actual Loops": 1
                                                },
                                                {
                                                    "Worker Number": 2,
                                                    "Actual Startup Time": 39.135,
                                                    "Actual Total Time": 68.831,
                                                    "Actual Rows": 223197,
                                                    "Actual Loops": 1
                                                },
                                                {
                                                    "Worker Number": 3,
                                                    "Actual Startup Time": 39.266,
                                                    "Actual Total Time": 68.796,
                                                    "Actual Rows": 222385,
                                                    "Actual Loops": 1
                                                },
                                                {
                                                    "Worker Number": 4,
                                                    "Actual Startup Time": 39.478,
                                                    "Actual Total Time": 70.591,
                                                    "Actual Rows": 155131,
                                                    "Actual Loops": 1
                                                }
                                            ],
                                            "Plans": [
                                                {
                                                    "Node Type": "Bitmap Index Scan",
                                                    "Parent Relationship": "Outer",
                                                    "Parallel Aware": false,
                                                    "Index Name": "info_type_id_movie_info",
                                                    "Startup Cost": 0.0,
                                                    "Total Cost": 23408.26,
                                                    "Plan Rows": 1308777,
                                                    "Plan Width": 0,
                                                    "Actual Startup Time": 37.897,
                                                    "Actual Total Time": 37.898,
                                                    "Actual Rows": 1288928,
                                                    "Actual Loops": 1,
                                                    "Index Cond": "(mi.info_type_id = 2)"
                                                }
                                            ]
                                        },
                                        {
                                            "Node Type": "Hash",
                                            "Parent Relationship": "Inner",
                                            "Parallel Aware": true,
                                            "Startup Cost": 45479.21,
                                            "Total Cost": 45479.21,
                                            "Plan Rows": 207752,
                                            "Plan Width": 4,
                                            "Actual Startup Time": 124.244,
                                            "Actual Total Time": 124.245,
                                            "Actual Rows": 123720,
                                            "Actual Loops": 6,
                                            "Output": [
                                                "t.id"
                                            ],
                                            "Hash Buckets": 1048576,
                                            "Original Hash Buckets": 1048576,
                                            "Hash Batches": 1,
                                            "Original Hash Batches": 1,
                                            "Peak Memory Usage": 37376,
                                            "Workers": [
                                                {
                                                    "Worker Number": 0,
                                                    "Actual Startup Time": 123.37,
                                                    "Actual Total Time": 123.371,
                                                    "Actual Rows": 119473,
                                                    "Actual Loops": 1
                                                },
                                                {
                                                    "Worker Number": 1,
                                                    "Actual Startup Time": 123.715,
                                                    "Actual Total Time": 123.716,
                                                    "Actual Rows": 108158,
                                                    "Actual Loops": 1
                                                },
                                                {
                                                    "Worker Number": 2,
                                                    "Actual Startup Time": 123.992,
                                                    "Actual Total Time": 123.992,
                                                    "Actual Rows": 120573,
                                                    "Actual Loops": 1
                                                },
                                                {
                                                    "Worker Number": 3,
                                                    "Actual Startup Time": 123.985,
                                                    "Actual Total Time": 123.985,
                                                    "Actual Rows": 118144,
                                                    "Actual Loops": 1
                                                },
                                                {
                                                    "Worker Number": 4,
                                                    "Actual Startup Time": 124.654,
                                                    "Actual Total Time": 124.655,
                                                    "Actual Rows": 84489,
                                                    "Actual Loops": 1
                                                }
                                            ],
                                            "Plans": [
                                                {
                                                    "Node Type": "Seq Scan",
                                                    "Parent Relationship": "Outer",
                                                    "Parallel Aware": true,
                                                    "Relation Name": "title",
                                                    "Schema": "public",
                                                    "Alias": "t",
                                                    "Startup Cost": 0.0,
                                                    "Total Cost": 45479.21,
                                                    "Plan Rows": 207752,
                                                    "Plan Width": 4,
                                                    "Actual Startup Time": 0.04,
                                                    "Actual Total Time": 75.549,
                                                    "Actual Rows": 123720,
                                                    "Actual Loops": 6,
                                                    "Output": [
                                                        "t.id"
                                                    ],
                                                    "Filter": "((t.kind_id > 1) AND (t.production_year < 2002))",
                                                    "Rows Removed by Filter": 297666,
                                                    "Workers": [
                                                        {
                                                            "Worker Number": 0,
                                                            "Actual Startup Time": 0.046,
                                                            "Actual Total Time": 76.787,
                                                            "Actual Rows": 119473,
                                                            "Actual Loops": 1
                                                        },
                                                        {
                                                            "Worker Number": 1,
                                                            "Actual Startup Time": 0.052,
                                                            "Actual Total Time": 75.317,
                                                            "Actual Rows": 108158,
                                                            "Actual Loops": 1
                                                        },
                                                        {
                                                            "Worker Number": 2,
                                                            "Actual Startup Time": 0.054,
                                                            "Actual Total Time": 76.776,
                                                            "Actual Rows": 120573,
                                                            "Actual Loops": 1
                                                        },
                                                        {
                                                            "Worker Number": 3,
                                                            "Actual Startup Time": 0.039,
                                                            "Actual Total Time": 76.564,
                                                            "Actual Rows": 118144,
                                                            "Actual Loops": 1
                                                        },
                                                        {
                                                            "Worker Number": 4,
                                                            "Actual Startup Time": 0.04,
                                                            "Actual Total Time": 77.95,
                                                            "Actual Rows": 84489,
                                                            "Actual Loops": 1
                                                        }
                                                    ]
                                                }
                                            ]
                                        }
                                    ]
                                }
                            ]
                        }
                    ]
                }
            ]
        },
        "Planning Time": 189.121,
        "Triggers": [],
        "Execution Time": 283.555
    }
]