[
  {
    "Plan": {
      "Node Type": "Aggregate",
      "Strategy": "Plain",
      "Partial Mode": "Simple",
      "Parallel Aware": false,
      "Startup Cost": 769618.31,
      "Total Cost": 769618.32,
      "Plan Rows": 1,
      "Plan Width": 64,
      "Actual Startup Time": 2260.256,
      "Actual Total Time": 2437.02,
      "Actual Rows": 1,
      "Actual Loops": 1,
      "Plans": [
        {
          "Node Type": "Gather",
          "Parent Relationship": "Outer",
          "Parallel Aware": false,
          "Startup Cost": 722960.45,
          "Total Cost": 769618.31,
          "Plan Rows": 1,
          "Plan Width": 32,
          "Actual Startup Time": 2153.611,
          "Actual Total Time": 2436.777,
          "Actual Rows": 1480,
          "Actual Loops": 1,
          "Workers Planned": 4,
          "Workers Launched": 4,
          "Single Copy": false,
          "Plans": [
            {
              "Node Type": "Hash Join",
              "Parent Relationship": "Outer",
              "Parallel Aware": true,
              "Join Type": "Inner",
              "Startup Cost": 721960.45,
              "Total Cost": 768618.21,
              "Plan Rows": 1,
              "Plan Width": 32,
              "Actual Startup Time": 2141.984,
              "Actual Total Time": 2248.218,
              "Actual Rows": 296,
              "Actual Loops": 5,
              "Inner Unique": false,
              "Hash Cond": "(t.id = mi.movie_id)",
              "Plans": [
                {
                  "Node Type": "Seq Scan",
                  "Parent Relationship": "Outer",
                  "Parallel Aware": true,
                  "Relation Name": "title",
                  "Alias": "t",
                  "Startup Cost": 0.0,
                  "Total Cost": 45478.74,
                  "Plan Rows": 314404,
                  "Plan Width": 21,
                  "Actual Startup Time": 0.023,
                  "Actual Total Time": 87.598,
                  "Actual Rows": 250676,
                  "Actual Loops": 5,
                  "Filter": "((production_year >= 1999) AND (production_year <= 2011))",
                  "Rows Removed by Filter": 254986
                },
                {
                  "Node Type": "Hash",
                  "Parent Relationship": "Inner",
                  "Parallel Aware": true,
                  "Startup Cost": 721960.43,
                  "Total Cost": 721960.43,
                  "Plan Rows": 1,
                  "Plan Width": 27,
                  "Actual Startup Time": 2140.787,
                  "Actual Total Time": 2140.816,
                  "Actual Rows": 296,
                  "Actual Loops": 5,
                  "Hash Buckets": 2048,
                  "Original Hash Buckets": 1024,
                  "Hash Batches": 1,
                  "Original Hash Batches": 1,
                  "Peak Memory Usage": 184,
                  "Plans": [
                    {
                      "Node Type": "Hash Join",
                      "Parent Relationship": "Outer",
                      "Parallel Aware": true,
                      "Join Type": "Inner",
                      "Startup Cost": 717049.49,
                      "Total Cost": 721960.43,
                      "Plan Rows": 1,
                      "Plan Width": 27,
                      "Actual Startup Time": 2134.357,
                      "Actual Total Time": 2138.68,
                      "Actual Rows": 296,
                      "Actual Loops": 5,
                      "Inner Unique": false,
                      "Hash Cond": "(cn.id = mc.company_id)",
                      "Plans": [
                        {
                          "Node Type": "Seq Scan",
                          "Parent Relationship": "Outer",
                          "Parallel Aware": true,
                          "Relation Name": "company_name",
                          "Alias": "cn",
                          "Startup Cost": 0.0,
                          "Total Cost": 4722.92,
                          "Plan Rows": 50137,
                          "Plan Width": 4,
                          "Actual Startup Time": 0.019,
                          "Actual Total Time": 7.8,
                          "Actual Rows": 16969,
                          "Actual Loops": 5,
                          "Filter": "((country_code)::text = '[us]'::text)",
                          "Rows Removed by Filter": 30031
                        },
                        {
                          "Node Type": "Hash",
                          "Parent Relationship": "Inner",
                          "Parallel Aware": true,
                          "Startup Cost": 717049.48,
                          "Total Cost": 717049.48,
                          "Plan Rows": 1,
                          "Plan Width": 31,
                          "Actual Startup Time": 2129.388,
                          "Actual Total Time": 2129.414,
                          "Actual Rows": 296,
                          "Actual Loops": 5,
                          "Hash Buckets": 1024,
                          "Original Hash Buckets": 1024,
                          "Hash Batches": 1,
                          "Original Hash Batches": 1,
                          "Peak Memory Usage": 168,
                          "Plans": [
                            {
                              "Node Type": "Hash Join",
                              "Parent Relationship": "Outer",
                              "Parallel Aware": true,
                              "Join Type": "Inner",
                              "Startup Cost": 685279.68,
                              "Total Cost": 717049.48,
                              "Plan Rows": 1,
                              "Plan Width": 31,
                              "Actual Startup Time": 2019.271,
                              "Actual Total Time": 2129.191,
                              "Actual Rows": 296,
                              "Actual Loops": 5,
                              "Inner Unique": false,
                              "Hash Cond": "(mc.movie_id = mi.movie_id)",
                              "Plans": [
                                {
                                  "Node Type": "Seq Scan",
                                  "Parent Relationship": "Outer",
                                  "Parallel Aware": true,
                                  "Relation Name": "movie_companies",
                                  "Alias": "mc",
                                  "Startup Cost": 0.0,
                                  "Total Cost": 31414.82,
                                  "Plan Rows": 94659,
                                  "Plan Width": 8,
                                  "Actual Startup Time": 0.044,
                                  "Actual Total Time": 100.734,
                                  "Actual Rows": 118199,
                                  "Actual Loops": 5,
                                  "Filter": "((note IS NOT NULL) AND ((note ~~ '%(USA)%'::text) OR (note ~~ '%(worldwide)%'::text)))",
                                  "Rows Removed by Filter": 403627
                                },
                                {
                                  "Node Type": "Hash",
                                  "Parent Relationship": "Inner",
                                  "Parallel Aware": true,
                                  "Startup Cost": 685279.67,
                                  "Total Cost": 685279.67,
                                  "Plan Rows": 1,
                                  "Plan Width": 23,
                                  "Actual Startup Time": 2017.178,
                                  "Actual Total Time": 2017.201,
                                  "Actual Rows": 414,
                                  "Actual Loops": 5,
                                  "Hash Buckets": 2048,
                                  "Original Hash Buckets": 1024,
                                  "Hash Batches": 1,
                                  "Original Hash Batches": 1,
                                  "Peak Memory Usage": 248,
                                  "Plans": [
                                    {
                                      "Node Type": "Hash Join",
                                      "Parent Relationship": "Outer",
                                      "Parallel Aware": true,
                                      "Join Type": "Inner",
                                      "Startup Cost": 638008.4,
                                      "Total Cost": 685279.67,
                                      "Plan Rows": 1,
                                      "Plan Width": 23,
                                      "Actual Startup Time": 1952.561,
                                      "Actual Total Time": 2008.612,
                                      "Actual Rows": 414,
                                      "Actual Loops": 5,
                                      "Inner Unique": false,
                                      "Hash Cond": "(chn.id = ci.person_role_id)",
                                      "Plans": [
                                        {
                                          "Node Type": "Seq Scan",
                                          "Parent Relationship": "Outer",
                                          "Parallel Aware": true,
                                          "Relation Name": "char_name",
                                          "Alias": "chn",
                                          "Startup Cost": 0.0,
                                          "Total Cost": 44325.46,
                                          "Plan Rows": 785546,
                                          "Plan Width": 4,
                                          "Actual Startup Time": 0.02,
                                          "Actual Total Time": 89.087,
                                          "Actual Rows": 628068,
                                          "Actual Loops": 5
                                        },
                                        {
                                          "Node Type": "Hash",
                                          "Parent Relationship": "Inner",
                                          "Parallel Aware": true,
                                          "Startup Cost": 638008.39,
                                          "Total Cost": 638008.39,
                                          "Plan Rows": 1,
                                          "Plan Width": 27,
                                          "Actual Startup Time": 1870.513,
                                          "Actual Total Time": 1870.532,
                                          "Actual Rows": 414,
                                          "Actual Loops": 5,
                                          "Hash Buckets": 2048,
                                          "Original Hash Buckets": 1024,
                                          "Hash Batches": 1,
                                          "Original Hash Batches": 1,
                                          "Peak Memory Usage": 152,
                                          "Plans": [
                                            {
                                              "Node Type": "Hash Join",
                                              "Parent Relationship": "Outer",
                                              "Parallel Aware": true,
                                              "Join Type": "Inner",
                                              "Startup Cost": 622614.49,
                                              "Total Cost": 638008.39,
                                              "Plan Rows": 1,
                                              "Plan Width": 27,
                                              "Actual Startup Time": 1860.296,
                                              "Actual Total Time": 1868.297,
                                              "Actual Rows": 414,
                                              "Actual Loops": 5,
                                              "Inner Unique": false,
                                              "Hash Cond": "(an.person_id = n.id)",
                                              "Plans": [
                                                {
                                                  "Node Type": "Seq Scan",
                                                  "Parent Relationship": "Outer",
                                                  "Parallel Aware": true,
                                                  "Relation Name": "aka_name",
                                                  "Alias": "an",
                                                  "Startup Cost": 0.0,
                                                  "Total Cost": 14303.56,
                                                  "Plan Rows": 290756,
                                                  "Plan Width": 4,
                                                  "Actual Startup Time": 0.029,
                                                  "Actual Total Time": 29.456,
                                                  "Actual Rows": 180269,
                                                  "Actual Loops": 5
                                                },
                                                {
                                                  "Node Type": "Hash",
                                                  "Parent Relationship": "Inner",
                                                  "Parallel Aware": true,
                                                  "Startup Cost": 622614.47,
                                                  "Total Cost": 622614.47,
                                                  "Plan Rows": 1,
                                                  "Plan Width": 35,
                                                  "Actual Startup Time": 1822.941,
                                                  "Actual Total Time": 1822.957,
                                                  "Actual Rows": 206,
                                                  "Actual Loops": 5,
                                                  "Hash Buckets": 1024,
                                                  "Original Hash Buckets": 1024,
                                                  "Hash Batches": 1,
                                                  "Original Hash Batches": 1,
                                                  "Peak Memory Usage": 168,
                                                  "Plans": [
                                                    {
                                                      "Node Type": "Hash Join",
                                                      "Parent Relationship": "Outer",
                                                      "Parallel Aware": true,
                                                      "Join Type": "Inner",
                                                      "Startup Cost": 415719.67,
                                                      "Total Cost": 622614.47,
                                                      "Plan Rows": 1,
                                                      "Plan Width": 35,
                                                      "Actual Startup Time": 1372.299,
                                                      "Actual Total Time": 1822.8,
                                                      "Actual Rows": 206,
                                                      "Actual Loops": 5,
                                                      "Inner Unique": false,
                                                      "Hash Cond": "(mi.movie_id = ci.movie_id)",
                                                      "Plans": [
                                                        {
                                                          "Node Type": "Hash Join",
                                                          "Parent Relationship": "Outer",
                                                          "Parallel Aware": false,
                                                          "Join Type": "Inner",
                                                          "Startup Cost": 2.43,
                                                          "Total Cost": 206892.59,
                                                          "Plan Rows": 1236,
                                                          "Plan Width": 4,
                                                          "Actual Startup Time": 155.674,
                                                          "Actual Total Time": 601.902,
                                                          "Actual Rows": 90208,
                                                          "Actual Loops": 5,
                                                          "Inner Unique": true,
                                                          "Hash Cond": "(mi.info_type_id = it.id)",
                                                          "Plans": [
                                                            {
                                                              "Node Type": "Seq Scan",
                                                              "Parent Relationship": "Outer",
                                                              "Parallel Aware": true,
                                                              "Relation Name": "movie_info",
                                                              "Alias": "mi",
                                                              "Startup Cost": 0.0,
                                                              "Total Cost": 206509.76,
                                                              "Plan Rows": 139676,
                                                              "Plan Width": 8,
                                                              "Actual Startup Time": 68.128,
                                                              "Actual Total Time": 586.338,
                                                              "Actual Rows": 90221,
                                                              "Actual Loops": 5,
                                                              "Filter": "((info IS NOT NULL) AND ((info ~~ 'Japan:%200%'::text) OR (info ~~ 'USA:%200%'::text)))",
                                                              "Rows Removed by Filter": 2876923
                                                            },
                                                            {
                                                              "Node Type": "Hash",
                                                              "Parent Relationship": "Inner",
                                                              "Parallel Aware": false,
                                                              "Startup Cost": 2.41,
                                                              "Total Cost": 2.41,
                                                              "Plan Rows": 1,
                                                              "Plan Width": 4,
                                                              "Actual Startup Time": 0.049,
                                                              "Actual Total Time": 0.05,
                                                              "Actual Rows": 1,
                                                              "Actual Loops": 5,
                                                              "Hash Buckets": 1024,
                                                              "Original Hash Buckets": 1024,
                                                              "Hash Batches": 1,
                                                              "Original Hash Batches": 1,
                                                              "Peak Memory Usage": 9,
                                                              "Plans": [
                                                                {
                                                                  "Node Type": "Seq Scan",
                                                                  "Parent Relationship": "Outer",
                                                                  "Parallel Aware": false,
                                                                  "Relation Name": "info_type",
                                                                  "Alias": "it",
                                                                  "Startup Cost": 0.0,
                                                                  "Total Cost": 2.41,
                                                                  "Plan Rows": 1,
                                                                  "Plan Width": 4,
                                                                  "Actual Startup Time": 0.036,
                                                                  "Actual Total Time": 0.043,
                                                                  "Actual Rows": 1,
                                                                  "Actual Loops": 5,
                                                                  "Filter": "((info)::text = 'release dates'::text)",
                                                                  "Rows Removed by Filter": 112
                                                                }
                                                              ]
                                                            }
                                                          ]
                                                        },
                                                        {
                                                          "Node Type": "Hash",
                                                          "Parent Relationship": "Inner",
                                                          "Parallel Aware": true,
                                                          "Startup Cost": 415717.23,
                                                          "Total Cost": 415717.23,
                                                          "Plan Rows": 1,
                                                          "Plan Width": 31,
                                                          "Actual Startup Time": 1210.861,
                                                          "Actual Total Time": 1210.871,
                                                          "Actual Rows": 200,
                                                          "Actual Loops": 5,
                                                          "Hash Buckets": 1024,
                                                          "Original Hash Buckets": 1024,
                                                          "Hash Batches": 1,
                                                          "Original Hash Batches": 1,
                                                          "Peak Memory Usage": 168,
                                                          "Plans": [
                                                            {
                                                              "Node Type": "Hash Join",
                                                              "Parent Relationship": "Outer",
                                                              "Parallel Aware": false,
                                                              "Join Type": "Inner",
                                                              "Startup Cost": 71241.56,
                                                              "Total Cost": 415717.23,
                                                              "Plan Rows": 1,
                                                              "Plan Width": 31,
                                                              "Actual Startup Time": 527.476,
                                                              "Actual Total Time": 1210.659,
                                                              "Actual Rows": 200,
                                                              "Actual Loops": 5,
                                                              "Inner Unique": true,
                                                              "Hash Cond": "(ci.role_id = rt.id)",
                                                              "Plans": [
                                                                {
                                                                  "Node Type": "Hash Join",
                                                                  "Parent Relationship": "Outer",
                                                                  "Parallel Aware": true,
                                                                  "Join Type": "Inner",
                                                                  "Startup Cost": 71240.4,
                                                                  "Total Cost": 415716.03,
                                                                  "Plan Rows": 10,
                                                                  "Plan Width": 35,
                                                                  "Actual Startup Time": 527.326,
                                                                  "Actual Total Time": 1210.477,
                                                                  "Actual Rows": 203,
                                                                  "Actual Loops": 5,
                                                                  "Inner Unique": true,
                                                                  "Hash Cond": "(ci.person_id = n.id)",
                                                                  "Plans": [
                                                                    {
                                                                      "Node Type": "Seq Scan",
                                                                      "Parent Relationship": "Outer",
                                                                      "Parallel Aware": true,
                                                                      "Relation Name": "cast_info",
                                                                      "Alias": "ci",
                                                                      "Startup Cost": 0.0,
                                                                      "Total Cost": 343259.37,
                                                                      "Plan Rows": 463336,
                                                                      "Plan Width": 16,
                                                                      "Actual Startup Time": 0.027,
                                                                      "Actual Total Time": 997.864,
                                                                      "Actual Rows": 552322,
                                                                      "Actual Loops": 5,
                                                                      "Filter": "(note = ANY ('{(uncredited),(producer),(writer),\"(as Terri Colombino)\"}'::text[]))",
                                                                      "Rows Removed by Filter": 6696547
                                                                    },
                                                                    {
                                                                      "Node Type": "Hash",
                                                                      "Parent Relationship": "Inner",
                                                                      "Parallel Aware": true,
                                                                      "Startup Cost": 71240.1,
                                                                      "Total Cost": 71240.1,
                                                                      "Plan Rows": 24,
                                                                      "Plan Width": 19,
                                                                      "Actual Startup Time": 173.571,
                                                                      "Actual Total Time": 173.573,
                                                                      "Actual Rows": 7,
                                                                      "Actual Loops": 5,
                                                                      "Hash Buckets": 1024,
                                                                      "Original Hash Buckets": 1024,
                                                                      "Hash Batches": 1,
                                                                      "Original Hash Batches": 1,
                                                                      "Peak Memory Usage": 168,
                                                                      "Plans": [
                                                                        {
                                                                          "Node Type": "Seq Scan",
                                                                          "Parent Relationship": "Outer",
                                                                          "Parallel Aware": true,
                                                                          "Relation Name": "name",
                                                                          "Alias": "n",
                                                                          "Startup Cost": 0.0,
                                                                          "Total Cost": 71240.1,
                                                                          "Plan Rows": 24,
                                                                          "Plan Width": 19,
                                                                          "Actual Startup Time": 87.043,
                                                                          "Actual Total Time": 173.486,
                                                                          "Actual Rows": 7,
                                                                          "Actual Loops": 5,
                                                                          "Filter": "((name ~~ '%Conn,%'::text) AND ((gender)::text = 'f'::text))",
                                                                          "Rows Removed by Filter": 833491
                                                                        }
                                                                      ]
                                                                    }
                                                                  ]
                                                                },
                                                                {
                                                                  "Node Type": "Hash",
                                                                  "Parent Relationship": "Inner",
                                                                  "Parallel Aware": false,
                                                                  "Startup Cost": 1.15,
                                                                  "Total Cost": 1.15,
                                                                  "Plan Rows": 1,
                                                                  "Plan Width": 4,
                                                                  "Actual Startup Time": 0.103,
                                                                  "Actual Total Time": 0.105,
                                                                  "Actual Rows": 1,
                                                                  "Actual Loops": 5,
                                                                  "Hash Buckets": 1024,
                                                                  "Original Hash Buckets": 1024,
                                                                  "Hash Batches": 1,
                                                                  "Original Hash Batches": 1,
                                                                  "Peak Memory Usage": 9,
                                                                  "Plans": [
                                                                    {
                                                                      "Node Type": "Seq Scan",
                                                                      "Parent Relationship": "Outer",
                                                                      "Parallel Aware": false,
                                                                      "Relation Name": "role_type",
                                                                      "Alias": "rt",
                                                                      "Startup Cost": 0.0,
                                                                      "Total Cost": 1.15,
                                                                      "Plan Rows": 1,
                                                                      "Plan Width": 4,
                                                                      "Actual Startup Time": 0.076,
                                                                      "Actual Total Time": 0.08,
                                                                      "Actual Rows": 1,
                                                                      "Actual Loops": 5,
                                                                      "Filter": "((role)::text = 'actress'::text)",
                                                                      "Rows Removed by Filter": 11
                                                                    }
                                                                  ]
                                                                }
                                                              ]
                                                            }
                                                          ]
                                                        }
                                                      ]
                                                    }
                                                  ]
                                                }
                                              ]
                                            }
                                          ]
                                        }
                                      ]
                                    }
                                  ]
                                }
                              ]
                            }
                          ]
                        }
                      ]
                    }
                  ]
                }
              ]
            }
          ]
        }
      ]
    },
    "Planning Time": 38.48,
    "Triggers": [],
    "Execution Time": 2437.515
  }
]