[
  {
    "Plan": {
      "Node Type": "Aggregate",
      "Strategy": "Plain",
      "Partial Mode": "Finalize",
      "Parallel Aware": false,
      "Startup Cost": 31186.4,
      "Total Cost": 31186.41,
      "Plan Rows": 1,
      "Plan Width": 8,
      "Actual Startup Time": 103.071,
      "Actual Total Time": 110.786,
      "Actual Rows": 1,
      "Actual Loops": 1,
      "Plans": [
        {
          "Node Type": "Gather",
          "Parent Relationship": "Outer",
          "Parallel Aware": false,
          "Startup Cost": 31186.08,
          "Total Cost": 31186.39,
          "Plan Rows": 3,
          "Plan Width": 8,
          "Actual Startup Time": 102.936,
          "Actual Total Time": 110.778,
          "Actual Rows": 4,
          "Actual Loops": 1,
          "Workers Planned": 3,
          "Workers Launched": 3,
          "Single Copy": false,
          "Plans": [
            {
              "Node Type": "Aggregate",
              "Strategy": "Plain",
              "Partial Mode": "Partial",
              "Parent Relationship": "Outer",
              "Parallel Aware": false,
              "Startup Cost": 30186.08,
              "Total Cost": 30186.09,
              "Plan Rows": 1,
              "Plan Width": 8,
              "Actual Startup Time": 94.225,
              "Actual Total Time": 94.226,
              "Actual Rows": 1,
              "Actual Loops": 4,
              "Plans": [
                {
                  "Node Type": "Seq Scan",
                  "Parent Relationship": "Outer",
                  "Parallel Aware": true,
                  "Relation Name": "movie_companies",
                  "Alias": "mc",
                  "Startup Cost": 0.0,
                  "Total Cost": 29310.68,
                  "Plan Rows": 350161,
                  "Plan Width": 0,
                  "Actual Startup Time": 24.42,
                  "Actual Total Time": 82.622,
                  "Actual Rows": 273100,
                  "Actual Loops": 4,
                  "Filter": "(company_id > 14183)",
                  "Rows Removed by Filter": 379182
                }
              ]
            }
          ]
        }
      ]
    },
    "Planning Time": 0.195,
    "Triggers": [],
    "Execution Time": 110.846
  }
]