{
  "Plan": {
    "Node Type": "Aggregate",
    "Strategy": "Plain",
    "Partial Mode": "Finalize",
    "Parallel Aware": false,
    "Startup Cost": 108026.97,
    "Total Cost": 108026.98,
    "Plan Rows": 1,
    "Plan Width": 8,
    "Actual Startup Time": 535.634,
    "Actual Total Time": 548.511,
    "Actual Rows": 1,
    "Actual Loops": 1,
    "Plans": [
      {
        "Node Type": "Gather",
        "Parent Relationship": "Outer",
        "Parallel Aware": false,
        "Startup Cost": 108026.85,
        "Total Cost": 108026.96,
        "Plan Rows": 1,
        "Plan Width": 8,
        "Actual Startup Time": 534.067,
        "Actual Total Time": 548.504,
        "Actual Rows": 2,
        "Actual Loops": 1,
        "Workers Planned": 1,
        "Workers Launched": 1,
        "Single Copy": false,
        "Plans": [
          {
            "Node Type": "Aggregate",
            "Strategy": "Plain",
            "Partial Mode": "Partial",
            "Parent Relationship": "Outer",
            "Parallel Aware": false,
            "Startup Cost": 107026.85,
            "Total Cost": 107026.86,
            "Plan Rows": 1,
            "Plan Width": 8,
            "Actual Startup Time": 528.04,
            "Actual Total Time": 528.044,
            "Actual Rows": 1,
            "Actual Loops": 2,
            "Plans": [
              {
                "Node Type": "Hash Join",
                "Parent Relationship": "Outer",
                "Parallel Aware": true,
                "Join Type": "Inner",
                "Startup Cost": 63995.26,
                "Total Cost": 106697.92,
                "Plan Rows": 131572,
                "Plan Width": 0,
                "Actual Startup Time": 299.485,
                "Actual Total Time": 524.992,
                "Actual Rows": 71832,
                "Actual Loops": 2,
                "Inner Unique": true,
                "Hash Cond": "(mc.movie_id = t.id)",
                "Plans": [
                  {
                    "Node Type": "Index Scan",
                    "Parent Relationship": "Outer",
                    "Parallel Aware": true,
                    "Scan Direction": "Forward",
                    "Index Name": "company_type_id_movie_companies",
                    "Relation Name": "movie_companies",
                    "Alias": "mc",
                    "Startup Cost": 0.43,
                    "Total Cost": 41574.35,
                    "Plan Rows": 429996,
                    "Plan Width": 4,
                    "Actual Startup Time": 0.126,
                    "Actual Total Time": 113.827,
                    "Actual Rows": 503751,
                    "Actual Loops": 2,
                    "Index Cond": "(company_type_id < 2)",
                    "Rows Removed by Index Recheck": 0,
                    "Filter": "(company_id < 13580)",
                    "Rows Removed by Filter": 133372
                  },
                  {
                    "Node Type": "Hash",
                    "Parent Relationship": "Inner",
                    "Parallel Aware": true,
                    "Startup Cost": 58306.47,
                    "Total Cost": 58306.47,
                    "Plan Rows": 455069,
                    "Plan Width": 4,
                    "Actual Startup Time": 290.315,
                    "Actual Total Time": 290.317,
                    "Actual Rows": 420005,
                    "Actual Loops": 2,
                    "Hash Buckets": 1048576,
                    "Original Hash Buckets": 1048576,
                    "Hash Batches": 1,
                    "Original Hash Batches": 1,
                    "Peak Memory Usage": 41088,
                    "Plans": [
                      {
                        "Node Type": "Seq Scan",
                        "Parent Relationship": "Outer",
                        "Parallel Aware": true,
                        "Relation Name": "title",
                        "Alias": "t",
                        "Startup Cost": 0.0,
                        "Total Cost": 58306.47,
                        "Plan Rows": 455069,
                        "Plan Width": 4,
                        "Actual Startup Time": 0.028,
                        "Actual Total Time": 164.594,
                        "Actual Rows": 420005,
                        "Actual Loops": 2,
                        "Filter": "((production_year > 2002) AND (kind_id = 7))",
                        "Rows Removed by Filter": 844151
                      }
                    ]
                  }
                ]
              }
            ]
          }
        ]
      }
    ]
  },
  "Planning Time": 0.707,
  "Triggers": [],
  "Execution Time": 548.587
}