{
  "Plan": {
    "Node Type": "Aggregate",
    "Strategy": "Plain",
    "Partial Mode": "Finalize",
    "Parallel Aware": false,
    "Startup Cost": 369055.02,
    "Total Cost": 369055.03,
    "Plan Rows": 1,
    "Plan Width": 8,
    "Actual Startup Time": 771.994,
    "Actual Total Time": 796.286,
    "Actual Rows": 1,
    "Actual Loops": 1,
    "Plans": [
      {
        "Node Type": "Gather",
        "Parent Relationship": "Outer",
        "Parallel Aware": false,
        "Startup Cost": 369054.9,
        "Total Cost": 369055.01,
        "Plan Rows": 1,
        "Plan Width": 8,
        "Actual Startup Time": 769.754,
        "Actual Total Time": 796.277,
        "Actual Rows": 2,
        "Actual Loops": 1,
        "Workers Planned": 1,
        "Workers Launched": 1,
        "Single Copy": false,
        "Plans": [
          {
            "Node Type": "Aggregate",
            "Strategy": "Plain",
            "Partial Mode": "Partial",
            "Parent Relationship": "Outer",
            "Parallel Aware": false,
            "Startup Cost": 368054.9,
            "Total Cost": 368054.91,
            "Plan Rows": 1,
            "Plan Width": 8,
            "Actual Startup Time": 760.916,
            "Actual Total Time": 760.921,
            "Actual Rows": 1,
            "Actual Loops": 2,
            "Plans": [
              {
                "Node Type": "Nested Loop",
                "Parent Relationship": "Outer",
                "Parallel Aware": false,
                "Join Type": "Inner",
                "Startup Cost": 73207.13,
                "Total Cost": 366251.82,
                "Plan Rows": 721232,
                "Plan Width": 0,
                "Actual Startup Time": 435.611,
                "Actual Total Time": 750.288,
                "Actual Rows": 232944,
                "Actual Loops": 2,
                "Inner Unique": false,
                "Plans": [
                  {
                    "Node Type": "Hash Join",
                    "Parent Relationship": "Outer",
                    "Parallel Aware": true,
                    "Join Type": "Inner",
                    "Startup Cost": 73206.69,
                    "Total Cost": 100729.77,
                    "Plan Rows": 123345,
                    "Plan Width": 8,
                    "Actual Startup Time": 435.457,
                    "Actual Total Time": 561.288,
                    "Actual Rows": 26090,
                    "Actual Loops": 2,
                    "Inner Unique": true,
                    "Hash Cond": "(mk.movie_id = t.id)",
                    "Plans": [
                      {
                        "Node Type": "Bitmap Heap Scan",
                        "Parent Relationship": "Outer",
                        "Parallel Aware": true,
                        "Relation Name": "movie_keyword",
                        "Alias": "mk",
                        "Startup Cost": 7317.83,
                        "Total Cost": 34308.25,
                        "Plan Rows": 202914,
                        "Plan Width": 4,
                        "Actual Startup Time": 21.194,
                        "Actual Total Time": 91.338,
                        "Actual Rows": 181846,
                        "Actual Loops": 2,
                        "Recheck Cond": "(keyword_id < 335)",
                        "Rows Removed by Index Recheck": 0,
                        "Exact Heap Blocks": 13633,
                        "Lossy Heap Blocks": 0,
                        "Plans": [
                          {
                            "Node Type": "Bitmap Index Scan",
                            "Parent Relationship": "Outer",
                            "Parallel Aware": false,
                            "Index Name": "keyword_id_movie_keyword",
                            "Startup Cost": 0.0,
                            "Total Cost": 7231.59,
                            "Plan Rows": 344954,
                            "Plan Width": 0,
                            "Actual Startup Time": 17.59,
                            "Actual Total Time": 17.59,
                            "Actual Rows": 363692,
                            "Actual Loops": 1,
                            "Index Cond": "(keyword_id < 335)"
                          }
                        ]
                      },
                      {
                        "Node Type": "Hash",
                        "Parent Relationship": "Inner",
                        "Parallel Aware": true,
                        "Startup Cost": 54588.39,
                        "Total Cost": 54588.39,
                        "Plan Rows": 904038,
                        "Plan Width": 4,
                        "Actual Startup Time": 399.351,
                        "Actual Total Time": 399.352,
                        "Actual Rows": 771632,
                        "Actual Loops": 2,
                        "Hash Buckets": 2097152,
                        "Original Hash Buckets": 2097152,
                        "Hash Batches": 1,
                        "Original Hash Batches": 1,
                        "Peak Memory Usage": 76768,
                        "Plans": [
                          {
                            "Node Type": "Seq Scan",
                            "Parent Relationship": "Outer",
                            "Parallel Aware": true,
                            "Relation Name": "title",
                            "Alias": "t",
                            "Startup Cost": 0.0,
                            "Total Cost": 54588.39,
                            "Plan Rows": 904038,
                            "Plan Width": 4,
                            "Actual Startup Time": 0.032,
                            "Actual Total Time": 165.639,
                            "Actual Rows": 771632,
                            "Actual Loops": 2,
                            "Filter": "(kind_id = 7)",
                            "Rows Removed by Filter": 492524
                          }
                        ]
                      }
                    ]
                  },
                  {
                    "Node Type": "Index Only Scan",
                    "Parent Relationship": "Inner",
                    "Parallel Aware": false,
                    "Scan Direction": "Forward",
                    "Index Name": "movie_id_movie_info",
                    "Relation Name": "movie_info",
                    "Alias": "mi",
                    "Startup Cost": 0.43,
                    "Total Cost": 1.73,
                    "Plan Rows": 42,
                    "Plan Width": 4,
                    "Actual Startup Time": 0.003,
                    "Actual Total Time": 0.006,
                    "Actual Rows": 9,
                    "Actual Loops": 52179,
                    "Index Cond": "(movie_id = t.id)",
                    "Rows Removed by Index Recheck": 0,
                    "Heap Fetches": 465887
                  }
                ]
              }
            ]
          }
        ]
      }
    ]
  },
  "Planning Time": 0.957,
  "Triggers": [],
  "Execution Time": 796.389
}