[
  {
    "Plan": {
      "Node Type": "Aggregate",
      "Strategy": "Plain",
      "Partial Mode": "Finalize",
      "Parallel Aware": false,
      "Startup Cost": 33382.08,
      "Total Cost": 33382.09,
      "Plan Rows": 1,
      "Plan Width": 8,
      "Actual Startup Time": 115.866,
      "Actual Total Time": 124.117,
      "Actual Rows": 1,
      "Actual Loops": 1,
      "Plans": [
        {
          "Node Type": "Gather",
          "Parent Relationship": "Outer",
          "Parallel Aware": false,
          "Startup Cost": 33381.76,
          "Total Cost": 33382.07,
          "Plan Rows": 3,
          "Plan Width": 8,
          "Actual Startup Time": 115.739,
          "Actual Total Time": 124.11,
          "Actual Rows": 4,
          "Actual Loops": 1,
          "Workers Planned": 3,
          "Workers Launched": 3,
          "Single Copy": false,
          "Plans": [
            {
              "Node Type": "Aggregate",
              "Strategy": "Plain",
              "Partial Mode": "Partial",
              "Parent Relationship": "Outer",
              "Parallel Aware": false,
              "Startup Cost": 32381.76,
              "Total Cost": 32381.77,
              "Plan Rows": 1,
              "Plan Width": 8,
              "Actual Startup Time": 109.073,
              "Actual Total Time": 109.074,
              "Actual Rows": 1,
              "Actual Loops": 4,
              "Plans": [
                {
                  "Node Type": "Seq Scan",
                  "Parent Relationship": "Outer",
                  "Parallel Aware": true,
                  "Relation Name": "movie_companies",
                  "Alias": "mc",
                  "Startup Cost": 0.0,
                  "Total Cost": 31414.82,
                  "Plan Rows": 386776,
                  "Plan Width": 0,
                  "Actual Startup Time": 50.184,
                  "Actual Total Time": 94.794,
                  "Actual Rows": 272476,
                  "Actual Loops": 4,
                  "Filter": "((company_id < 102006) AND (company_type_id > 1))",
                  "Rows Removed by Filter": 379806
                }
              ]
            }
          ]
        }
      ]
    },
    "Planning Time": 0.138,
    "Triggers": [],
    "Execution Time": 124.157
  }
]