[
  {
    "Plan": {
      "Node Type": "Aggregate",
      "Strategy": "Plain",
      "Partial Mode": "Finalize",
      "Parallel Aware": false,
      "Startup Cost": 93431.91,
      "Total Cost": 93431.92,
      "Plan Rows": 1,
      "Plan Width": 8,
      "Actual Startup Time": 291.692,
      "Actual Total Time": 299.516,
      "Actual Rows": 1,
      "Actual Loops": 1,
      "Plans": [
        {
          "Node Type": "Gather",
          "Parent Relationship": "Outer",
          "Parallel Aware": false,
          "Startup Cost": 93431.59,
          "Total Cost": 93431.9,
          "Plan Rows": 3,
          "Plan Width": 8,
          "Actual Startup Time": 289.529,
          "Actual Total Time": 299.508,
          "Actual Rows": 4,
          "Actual Loops": 1,
          "Workers Planned": 3,
          "Workers Launched": 3,
          "Single Copy": false,
          "Plans": [
            {
              "Node Type": "Aggregate",
              "Strategy": "Plain",
              "Partial Mode": "Partial",
              "Parent Relationship": "Outer",
              "Parallel Aware": false,
              "Startup Cost": 92431.59,
              "Total Cost": 92431.6,
              "Plan Rows": 1,
              "Plan Width": 8,
              "Actual Startup Time": 285.568,
              "Actual Total Time": 285.571,
              "Actual Rows": 1,
              "Actual Loops": 4,
              "Plans": [
                {
                  "Node Type": "Hash Join",
                  "Parent Relationship": "Outer",
                  "Parallel Aware": true,
                  "Join Type": "Inner",
                  "Startup Cost": 46573.81,
                  "Total Cost": 92063.01,
                  "Plan Rows": 147435,
                  "Plan Width": 0,
                  "Actual Startup Time": 118.263,
                  "Actual Total Time": 283.944,
                  "Actual Rows": 34683,
                  "Actual Loops": 4,
                  "Inner Unique": true,
                  "Hash Cond": "(mk.movie_id = t.id)",
                  "Plans": [
                    {
                      "Node Type": "Seq Scan",
                      "Parent Relationship": "Outer",
                      "Parallel Aware": true,
                      "Relation Name": "movie_keyword",
                      "Alias": "mk",
                      "Startup Cost": 0.0,
                      "Total Cost": 42695.65,
                      "Plan Rows": 1064208,
                      "Plan Width": 4,
                      "Actual Startup Time": 0.071,
                      "Actual Total Time": 101.124,
                      "Actual Rows": 825662,
                      "Actual Loops": 4,
                      "Filter": "(keyword_id > 1535)",
                      "Rows Removed by Filter": 305320
                    },
                    {
                      "Node Type": "Hash",
                      "Parent Relationship": "Inner",
                      "Parallel Aware": true,
                      "Startup Cost": 45479.21,
                      "Total Cost": 45479.21,
                      "Plan Rows": 87568,
                      "Plan Width": 4,
                      "Actual Startup Time": 115.525,
                      "Actual Total Time": 115.526,
                      "Actual Rows": 93000,
                      "Actual Loops": 4,
                      "Hash Buckets": 524288,
                      "Original Hash Buckets": 524288,
                      "Hash Batches": 1,
                      "Original Hash Batches": 1,
                      "Peak Memory Usage": 18720,
                      "Plans": [
                        {
                          "Node Type": "Seq Scan",
                          "Parent Relationship": "Outer",
                          "Parallel Aware": true,
                          "Relation Name": "title",
                          "Alias": "t",
                          "Startup Cost": 0.0,
                          "Total Cost": 45479.21,
                          "Plan Rows": 87568,
                          "Plan Width": 4,
                          "Actual Startup Time": 0.022,
                          "Actual Total Time": 84.875,
                          "Actual Rows": 93000,
                          "Actual Loops": 4,
                          "Filter": "((kind_id > 3) AND (production_year > 2009))",
                          "Rows Removed by Filter": 539078
                        }
                      ]
                    }
                  ]
                }
              ]
            }
          ]
        }
      ]
    },
    "Planning Time": 0.299,
    "Triggers": [],
    "Execution Time": 299.581
  }
]