[
  {
    "Plan": {
      "Node Type": "Aggregate",
      "Strategy": "Plain",
      "Partial Mode": "Finalize",
      "Parallel Aware": false,
      "Startup Cost": 310852.43,
      "Total Cost": 310852.44,
      "Plan Rows": 1,
      "Plan Width": 8,
      "Actual Startup Time": 3227.238,
      "Actual Total Time": 3306.357,
      "Actual Rows": 1,
      "Actual Loops": 1,
      "Plans": [
        {
          "Node Type": "Gather",
          "Parent Relationship": "Outer",
          "Parallel Aware": false,
          "Startup Cost": 310852.11,
          "Total Cost": 310852.42,
          "Plan Rows": 3,
          "Plan Width": 8,
          "Actual Startup Time": 3225.615,
          "Actual Total Time": 3306.348,
          "Actual Rows": 4,
          "Actual Loops": 1,
          "Workers Planned": 3,
          "Workers Launched": 3,
          "Single Copy": false,
          "Plans": [
            {
              "Node Type": "Aggregate",
              "Strategy": "Plain",
              "Partial Mode": "Partial",
              "Parent Relationship": "Outer",
              "Parallel Aware": false,
              "Startup Cost": 309852.11,
              "Total Cost": 309852.12,
              "Plan Rows": 1,
              "Plan Width": 8,
              "Actual Startup Time": 3215.964,
              "Actual Total Time": 3215.967,
              "Actual Rows": 1,
              "Actual Loops": 4,
              "Plans": [
                {
                  "Node Type": "Nested Loop",
                  "Parent Relationship": "Outer",
                  "Parallel Aware": false,
                  "Join Type": "Inner",
                  "Startup Cost": 47364.19,
                  "Total Cost": 308862.66,
                  "Plan Rows": 395779,
                  "Plan Width": 0,
                  "Actual Startup Time": 189.989,
                  "Actual Total Time": 3154.288,
                  "Actual Rows": 1220436,
                  "Actual Loops": 4,
                  "Inner Unique": false,
                  "Join Filter": "(t.id = ci.movie_id)",
                  "Rows Removed by Join Filter": 0,
                  "Plans": [
                    {
                      "Node Type": "Hash Join",
                      "Parent Relationship": "Outer",
                      "Parallel Aware": true,
                      "Join Type": "Inner",
                      "Startup Cost": 47363.62,
                      "Total Cost": 79614.18,
                      "Plan Rows": 75939,
                      "Plan Width": 8,
                      "Actual Startup Time": 189.895,
                      "Actual Total Time": 344.467,
                      "Actual Rows": 109282,
                      "Actual Loops": 4,
                      "Inner Unique": true,
                      "Hash Cond": "(mc.movie_id = t.id)",
                      "Plans": [
                        {
                          "Node Type": "Seq Scan",
                          "Parent Relationship": "Outer",
                          "Parallel Aware": true,
                          "Relation Name": "movie_companies",
                          "Alias": "mc",
                          "Startup Cost": 0.0,
                          "Total Cost": 31414.82,
                          "Plan Rows": 318375,
                          "Plan Width": 4,
                          "Actual Startup Time": 31.629,
                          "Actual Total Time": 75.382,
                          "Actual Rows": 287150,
                          "Actual Loops": 4,
                          "Filter": "((company_id > 964) AND (company_type_id = 2))",
                          "Rows Removed by Filter": 365132
                        },
                        {
                          "Node Type": "Hash",
                          "Parent Relationship": "Inner",
                          "Parallel Aware": true,
                          "Startup Cost": 45479.1,
                          "Total Cost": 45479.1,
                          "Plan Rows": 150762,
                          "Plan Width": 4,
                          "Actual Startup Time": 153.321,
                          "Actual Total Time": 153.322,
                          "Actual Rows": 126852,
                          "Actual Loops": 4,
                          "Hash Buckets": 1048576,
                          "Original Hash Buckets": 1048576,
                          "Hash Batches": 1,
                          "Original Hash Batches": 1,
                          "Peak Memory Usage": 28128,
                          "Plans": [
                            {
                              "Node Type": "Seq Scan",
                              "Parent Relationship": "Outer",
                              "Parallel Aware": true,
                              "Relation Name": "title",
                              "Alias": "t",
                              "Startup Cost": 0.0,
                              "Total Cost": 45479.1,
                              "Plan Rows": 150762,
                              "Plan Width": 4,
                              "Actual Startup Time": 0.037,
                              "Actual Total Time": 104.377,
                              "Actual Rows": 126852,
                              "Actual Loops": 4,
                              "Filter": "((kind_id < 7) AND (production_year > 1997))",
                              "Rows Removed by Filter": 505226
                            }
                          ]
                        }
                      ]
                    },
                    {
                      "Node Type": "Index Scan",
                      "Parent Relationship": "Inner",
                      "Parallel Aware": false,
                      "Scan Direction": "Forward",
                      "Index Name": "movie_id_cast_info",
                      "Relation Name": "cast_info",
                      "Alias": "ci",
                      "Startup Cost": 0.56,
                      "Total Cost": 2.86,
                      "Plan Rows": 13,
                      "Plan Width": 4,
                      "Actual Startup Time": 0.013,
                      "Actual Total Time": 0.024,
                      "Actual Rows": 11,
                      "Actual Loops": 437127,
                      "Index Cond": "(movie_id = mc.movie_id)",
                      "Rows Removed by Index Recheck": 0,
                      "Filter": "(person_id > 2361890)",
                      "Rows Removed by Filter": 16
                    }
                  ]
                }
              ]
            }
          ]
        }
      ]
    },
    "Planning Time": 1.527,
    "Triggers": [],
    "Execution Time": 3306.465
  }
]