{
  "Plan": {
    "Node Type": "Aggregate",
    "Strategy": "Plain",
    "Partial Mode": "Finalize",
    "Parallel Aware": false,
    "Startup Cost": 634328.6,
    "Total Cost": 634328.61,
    "Plan Rows": 1,
    "Plan Width": 8,
    "Actual Startup Time": 4687.301,
    "Actual Total Time": 4738.806,
    "Actual Rows": 1,
    "Actual Loops": 1,
    "Plans": [
      {
        "Node Type": "Gather",
        "Parent Relationship": "Outer",
        "Parallel Aware": false,
        "Startup Cost": 634328.49,
        "Total Cost": 634328.6,
        "Plan Rows": 1,
        "Plan Width": 8,
        "Actual Startup Time": 4686.274,
        "Actual Total Time": 4738.799,
        "Actual Rows": 2,
        "Actual Loops": 1,
        "Workers Planned": 1,
        "Workers Launched": 1,
        "Single Copy": false,
        "Plans": [
          {
            "Node Type": "Aggregate",
            "Strategy": "Plain",
            "Partial Mode": "Partial",
            "Parent Relationship": "Outer",
            "Parallel Aware": false,
            "Startup Cost": 633328.49,
            "Total Cost": 633328.5,
            "Plan Rows": 1,
            "Plan Width": 8,
            "Actual Startup Time": 4680.67,
            "Actual Total Time": 4680.674,
            "Actual Rows": 1,
            "Actual Loops": 2,
            "Plans": [
              {
                "Node Type": "Hash Join",
                "Parent Relationship": "Outer",
                "Parallel Aware": true,
                "Join Type": "Inner",
                "Startup Cost": 62852.49,
                "Total Cost": 623617.86,
                "Plan Rows": 3884252,
                "Plan Width": 0,
                "Actual Startup Time": 247.08,
                "Actual Total Time": 4538.897,
                "Actual Rows": 3059090,
                "Actual Loops": 2,
                "Inner Unique": true,
                "Hash Cond": "(ci.movie_id = t.id)",
                "Plans": [
                  {
                    "Node Type": "Seq Scan",
                    "Parent Relationship": "Outer",
                    "Parallel Aware": true,
                    "Relation Name": "cast_info",
                    "Alias": "ci",
                    "Startup Cost": 0.0,
                    "Total Cost": 519069.44,
                    "Plan Rows": 15884136,
                    "Plan Width": 4,
                    "Actual Startup Time": 0.016,
                    "Actual Total Time": 1633.257,
                    "Actual Rows": 13549920,
                    "Actual Loops": 2,
                    "Filter": "(person_id < 2784547)",
                    "Rows Removed by Filter": 4572252
                  },
                  {
                    "Node Type": "Hash",
                    "Parent Relationship": "Inner",
                    "Parallel Aware": true,
                    "Startup Cost": 58306.47,
                    "Total Cost": 58306.47,
                    "Plan Rows": 363682,
                    "Plan Width": 4,
                    "Actual Startup Time": 240.014,
                    "Actual Total Time": 240.015,
                    "Actual Rows": 260188,
                    "Actual Loops": 2,
                    "Hash Buckets": 1048576,
                    "Original Hash Buckets": 1048576,
                    "Hash Batches": 1,
                    "Original Hash Batches": 1,
                    "Peak Memory Usage": 28608,
                    "Plans": [
                      {
                        "Node Type": "Seq Scan",
                        "Parent Relationship": "Outer",
                        "Parallel Aware": true,
                        "Relation Name": "title",
                        "Alias": "t",
                        "Startup Cost": 0.0,
                        "Total Cost": 58306.47,
                        "Plan Rows": 363682,
                        "Plan Width": 4,
                        "Actual Startup Time": 0.036,
                        "Actual Total Time": 165.421,
                        "Actual Rows": 260188,
                        "Actual Loops": 2,
                        "Filter": "((kind_id < 7) AND (production_year > 1996))",
                        "Rows Removed by Filter": 1003968
                      }
                    ]
                  }
                ]
              }
            ]
          }
        ]
      }
    ]
  },
  "Planning Time": 0.436,
  "Triggers": [],
  "Execution Time": 4738.864
}