[
  {
    "Plan": {
      "Node Type": "Aggregate",
      "Strategy": "Plain",
      "Partial Mode": "Finalize",
      "Parallel Aware": false,
      "Startup Cost": 46696.59,
      "Total Cost": 46696.6,
      "Plan Rows": 1,
      "Plan Width": 8,
      "Actual Startup Time": 171.024,
      "Actual Total Time": 180.431,
      "Actual Rows": 1,
      "Actual Loops": 1,
      "Plans": [
        {
          "Node Type": "Gather",
          "Parent Relationship": "Outer",
          "Parallel Aware": false,
          "Startup Cost": 46696.27,
          "Total Cost": 46696.58,
          "Plan Rows": 3,
          "Plan Width": 8,
          "Actual Startup Time": 170.919,
          "Actual Total Time": 180.423,
          "Actual Rows": 4,
          "Actual Loops": 1,
          "Workers Planned": 3,
          "Workers Launched": 3,
          "Single Copy": false,
          "Plans": [
            {
              "Node Type": "Aggregate",
              "Strategy": "Plain",
              "Partial Mode": "Partial",
              "Parent Relationship": "Outer",
              "Parallel Aware": false,
              "Startup Cost": 45696.27,
              "Total Cost": 45696.28,
              "Plan Rows": 1,
              "Plan Width": 8,
              "Actual Startup Time": 162.602,
              "Actual Total Time": 162.603,
              "Actual Rows": 1,
              "Actual Loops": 4,
              "Plans": [
                {
                  "Node Type": "Seq Scan",
                  "Parent Relationship": "Outer",
                  "Parallel Aware": true,
                  "Relation Name": "movie_keyword",
                  "Alias": "mk",
                  "Startup Cost": 0.0,
                  "Total Cost": 42695.65,
                  "Plan Rows": 1200246,
                  "Plan Width": 0,
                  "Actual Startup Time": 0.061,
                  "Actual Total Time": 121.418,
                  "Actual Rows": 932689,
                  "Actual Loops": 4,
                  "Filter": "(keyword_id < 23542)",
                  "Rows Removed by Filter": 198294
                }
              ]
            }
          ]
        }
      ]
    },
    "Planning Time": 0.167,
    "Triggers": [],
    "Execution Time": 180.484
  }
]