[
  {
    "Plan": {
      "Node Type": "Aggregate",
      "Strategy": "Plain",
      "Partial Mode": "Finalize",
      "Parallel Aware": false,
      "Startup Cost": 327806.09,
      "Total Cost": 327806.1,
      "Plan Rows": 1,
      "Plan Width": 8,
      "Actual Startup Time": 282.174,
      "Actual Total Time": 292.212,
      "Actual Rows": 1,
      "Actual Loops": 1,
      "Plans": [
        {
          "Node Type": "Gather",
          "Parent Relationship": "Outer",
          "Parallel Aware": false,
          "Startup Cost": 327805.47,
          "Total Cost": 327806.08,
          "Plan Rows": 6,
          "Plan Width": 8,
          "Actual Startup Time": 281.301,
          "Actual Total Time": 292.205,
          "Actual Rows": 7,
          "Actual Loops": 1,
          "Workers Planned": 6,
          "Workers Launched": 6,
          "Single Copy": false,
          "Plans": [
            {
              "Node Type": "Aggregate",
              "Strategy": "Plain",
              "Partial Mode": "Partial",
              "Parent Relationship": "Outer",
              "Parallel Aware": false,
              "Startup Cost": 326805.47,
              "Total Cost": 326805.48,
              "Plan Rows": 1,
              "Plan Width": 8,
              "Actual Startup Time": 270.167,
              "Actual Total Time": 270.169,
              "Actual Rows": 1,
              "Actual Loops": 7,
              "Plans": [
                {
                  "Node Type": "Bitmap Heap Scan",
                  "Parent Relationship": "Outer",
                  "Parallel Aware": true,
                  "Relation Name": "cast_info",
                  "Alias": "ci",
                  "Startup Cost": 65821.61,
                  "Total Cost": 325988.16,
                  "Plan Rows": 326923,
                  "Plan Width": 0,
                  "Actual Startup Time": 224.108,
                  "Actual Total Time": 264.82,
                  "Actual Rows": 122056,
                  "Actual Loops": 7,
                  "Recheck Cond": "(person_id < 296142)",
                  "Rows Removed by Index Recheck": 0,
                  "Filter": "(role_id > 1)",
                  "Rows Removed by Filter": 313897,
                  "Exact Heap Blocks": 7109,
                  "Lossy Heap Blocks": 0,
                  "Plans": [
                    {
                      "Node Type": "Bitmap Index Scan",
                      "Parent Relationship": "Outer",
                      "Parallel Aware": false,
                      "Index Name": "person_id_cast_info",
                      "Startup Cost": 0.0,
                      "Total Cost": 65331.22,
                      "Plan Rows": 2991821,
                      "Plan Width": 0,
                      "Actual Startup Time": 161.346,
                      "Actual Total Time": 161.346,
                      "Actual Rows": 3051669,
                      "Actual Loops": 1,
                      "Index Cond": "(person_id < 296142)"
                    }
                  ]
                }
              ]
            }
          ]
        }
      ]
    },
    "Planning Time": 0.214,
    "Triggers": [],
    "Execution Time": 292.288
  }
]