{
  "Plan": {
    "Node Type": "Aggregate",
    "Strategy": "Plain",
    "Partial Mode": "Finalize",
    "Parallel Aware": false,
    "Startup Cost": 77828.07,
    "Total Cost": 77828.08,
    "Plan Rows": 1,
    "Plan Width": 8,
    "Actual Startup Time": 289.47,
    "Actual Total Time": 306.912,
    "Actual Rows": 1,
    "Actual Loops": 1,
    "Plans": [
      {
        "Node Type": "Gather",
        "Parent Relationship": "Outer",
        "Parallel Aware": false,
        "Startup Cost": 77827.95,
        "Total Cost": 77828.06,
        "Plan Rows": 1,
        "Plan Width": 8,
        "Actual Startup Time": 289.287,
        "Actual Total Time": 306.905,
        "Actual Rows": 2,
        "Actual Loops": 1,
        "Workers Planned": 1,
        "Workers Launched": 1,
        "Single Copy": false,
        "Plans": [
          {
            "Node Type": "Aggregate",
            "Strategy": "Plain",
            "Partial Mode": "Partial",
            "Parent Relationship": "Outer",
            "Parallel Aware": false,
            "Startup Cost": 76827.95,
            "Total Cost": 76827.96,
            "Plan Rows": 1,
            "Plan Width": 8,
            "Actual Startup Time": 283.148,
            "Actual Total Time": 283.152,
            "Actual Rows": 1,
            "Actual Loops": 2,
            "Plans": [
              {
                "Node Type": "Nested Loop",
                "Parent Relationship": "Outer",
                "Parallel Aware": false,
                "Join Type": "Inner",
                "Startup Cost": 54723.91,
                "Total Cost": 76812.73,
                "Plan Rows": 6088,
                "Plan Width": 0,
                "Actual Startup Time": 147.05,
                "Actual Total Time": 282.232,
                "Actual Rows": 16715,
                "Actual Loops": 2,
                "Inner Unique": false,
                "Join Filter": "(t.id = mc.movie_id)",
                "Rows Removed by Join Filter": 0,
                "Plans": [
                  {
                    "Node Type": "Hash Join",
                    "Parent Relationship": "Outer",
                    "Parallel Aware": true,
                    "Join Type": "Inner",
                    "Startup Cost": 54723.48,
                    "Total Cost": 72907.27,
                    "Plan Rows": 5899,
                    "Plan Width": 8,
                    "Actual Startup Time": 146.983,
                    "Actual Total Time": 257.079,
                    "Actual Rows": 6061,
                    "Actual Loops": 2,
                    "Inner Unique": true,
                    "Hash Cond": "(mi_idx.movie_id = t.id)",
                    "Plans": [
                      {
                        "Node Type": "Seq Scan",
                        "Parent Relationship": "Outer",
                        "Parallel Aware": true,
                        "Relation Name": "movie_info_idx",
                        "Alias": "mi_idx",
                        "Startup Cost": 0.0,
                        "Total Cost": 16052.85,
                        "Plan Rows": 811785,
                        "Plan Width": 4,
                        "Actual Startup Time": 0.018,
                        "Actual Total Time": 54.982,
                        "Actual Rows": 690018,
                        "Actual Loops": 2
                      },
                      {
                        "Node Type": "Hash",
                        "Parent Relationship": "Inner",
                        "Parallel Aware": true,
                        "Startup Cost": 54588.39,
                        "Total Cost": 54588.39,
                        "Plan Rows": 10807,
                        "Plan Width": 4,
                        "Actual Startup Time": 145.066,
                        "Actual Total Time": 145.067,
                        "Actual Rows": 7744,
                        "Actual Loops": 2,
                        "Hash Buckets": 32768,
                        "Original Hash Buckets": 32768,
                        "Hash Batches": 1,
                        "Original Hash Batches": 1,
                        "Peak Memory Usage": 896,
                        "Plans": [
                          {
                            "Node Type": "Seq Scan",
                            "Parent Relationship": "Outer",
                            "Parallel Aware": true,
                            "Relation Name": "title",
                            "Alias": "t",
                            "Startup Cost": 0.0,
                            "Total Cost": 54588.39,
                            "Plan Rows": 10807,
                            "Plan Width": 4,
                            "Actual Startup Time": 0.064,
                            "Actual Total Time": 141.91,
                            "Actual Rows": 7744,
                            "Actual Loops": 2,
                            "Filter": "(production_year = 1983)",
                            "Rows Removed by Filter": 1256412
                          }
                        ]
                      }
                    ]
                  },
                  {
                    "Node Type": "Index Only Scan",
                    "Parent Relationship": "Inner",
                    "Parallel Aware": false,
                    "Scan Direction": "Forward",
                    "Index Name": "movie_id_movie_companies",
                    "Relation Name": "movie_companies",
                    "Alias": "mc",
                    "Startup Cost": 0.43,
                    "Total Cost": 0.6,
                    "Plan Rows": 5,
                    "Plan Width": 4,
                    "Actual Startup Time": 0.003,
                    "Actual Total Time": 0.004,
                    "Actual Rows": 3,
                    "Actual Loops": 12122,
                    "Index Cond": "(movie_id = mi_idx.movie_id)",
                    "Rows Removed by Index Recheck": 0,
                    "Heap Fetches": 33430
                  }
                ]
              }
            ]
          }
        ]
      }
    ]
  },
  "Planning Time": 0.948,
  "Triggers": [],
  "Execution Time": 306.994
}