{
  "Plan": {
    "Node Type": "Aggregate",
    "Strategy": "Plain",
    "Partial Mode": "Finalize",
    "Parallel Aware": false,
    "Startup Cost": 78382.22,
    "Total Cost": 78382.23,
    "Plan Rows": 1,
    "Plan Width": 8,
    "Actual Startup Time": 282.643,
    "Actual Total Time": 292.28,
    "Actual Rows": 1,
    "Actual Loops": 1,
    "Plans": [
      {
        "Node Type": "Gather",
        "Parent Relationship": "Outer",
        "Parallel Aware": false,
        "Startup Cost": 78382.11,
        "Total Cost": 78382.22,
        "Plan Rows": 1,
        "Plan Width": 8,
        "Actual Startup Time": 282.276,
        "Actual Total Time": 292.271,
        "Actual Rows": 2,
        "Actual Loops": 1,
        "Workers Planned": 1,
        "Workers Launched": 1,
        "Single Copy": false,
        "Plans": [
          {
            "Node Type": "Aggregate",
            "Strategy": "Plain",
            "Partial Mode": "Partial",
            "Parent Relationship": "Outer",
            "Parallel Aware": false,
            "Startup Cost": 77382.11,
            "Total Cost": 77382.12,
            "Plan Rows": 1,
            "Plan Width": 8,
            "Actual Startup Time": 276.169,
            "Actual Total Time": 276.173,
            "Actual Rows": 1,
            "Actual Loops": 2,
            "Plans": [
              {
                "Node Type": "Hash Join",
                "Parent Relationship": "Outer",
                "Parallel Aware": true,
                "Join Type": "Inner",
                "Startup Cost": 39133.56,
                "Total Cost": 77300.19,
                "Plan Rows": 32769,
                "Plan Width": 0,
                "Actual Startup Time": 94.037,
                "Actual Total Time": 274.188,
                "Actual Rows": 45921,
                "Actual Loops": 2,
                "Inner Unique": true,
                "Hash Cond": "(mc.movie_id = t.id)",
                "Plans": [
                  {
                    "Node Type": "Seq Scan",
                    "Parent Relationship": "Outer",
                    "Parallel Aware": true,
                    "Relation Name": "movie_companies",
                    "Alias": "mc",
                    "Startup Cost": 0.0,
                    "Total Cost": 34137.82,
                    "Plan Rows": 1534782,
                    "Plan Width": 4,
                    "Actual Startup Time": 0.014,
                    "Actual Total Time": 95.623,
                    "Actual Rows": 1304564,
                    "Actual Loops": 2
                  },
                  {
                    "Node Type": "Hash",
                    "Parent Relationship": "Inner",
                    "Parallel Aware": true,
                    "Startup Cost": 38736.63,
                    "Total Cost": 38736.63,
                    "Plan Rows": 31754,
                    "Plan Width": 4,
                    "Actual Startup Time": 57.229,
                    "Actual Total Time": 57.23,
                    "Actual Rows": 20442,
                    "Actual Loops": 2,
                    "Hash Buckets": 65536,
                    "Original Hash Buckets": 65536,
                    "Hash Batches": 1,
                    "Original Hash Batches": 1,
                    "Peak Memory Usage": 2144,
                    "Plans": [
                      {
                        "Node Type": "Bitmap Heap Scan",
                        "Parent Relationship": "Outer",
                        "Parallel Aware": true,
                        "Relation Name": "title",
                        "Alias": "t",
                        "Startup Cost": 1836.63,
                        "Total Cost": 38736.63,
                        "Plan Rows": 31754,
                        "Plan Width": 4,
                        "Actual Startup Time": 15.754,
                        "Actual Total Time": 51.678,
                        "Actual Rows": 20442,
                        "Actual Loops": 2,
                        "Recheck Cond": "(kind_id = 3)",
                        "Rows Removed by Index Recheck": 0,
                        "Filter": "(production_year > 2001)",
                        "Rows Removed by Filter": 29826,
                        "Exact Heap Blocks": 10800,
                        "Lossy Heap Blocks": 0,
                        "Plans": [
                          {
                            "Node Type": "Bitmap Index Scan",
                            "Parent Relationship": "Outer",
                            "Parallel Aware": false,
                            "Index Name": "kind_id_title",
                            "Startup Cost": 0.0,
                            "Total Cost": 1823.13,
                            "Plan Rows": 102227,
                            "Plan Width": 0,
                            "Actual Startup Time": 16.096,
                            "Actual Total Time": 16.096,
                            "Actual Rows": 100537,
                            "Actual Loops": 1,
                            "Index Cond": "(kind_id = 3)"
                          }
                        ]
                      }
                    ]
                  }
                ]
              }
            ]
          }
        ]
      }
    ]
  },
  "Planning Time": 0.674,
  "Triggers": [],
  "Execution Time": 292.369
}