[
  {
    "Plan": {
      "Node Type": "Aggregate",
      "Strategy": "Plain",
      "Partial Mode": "Finalize",
      "Parallel Aware": false,
      "Startup Cost": 206605.33,
      "Total Cost": 206605.34,
      "Plan Rows": 1,
      "Plan Width": 8,
      "Actual Startup Time": 399.454,
      "Actual Total Time": 431.992,
      "Actual Rows": 1,
      "Actual Loops": 1,
      "Plans": [
        {
          "Node Type": "Gather",
          "Parent Relationship": "Outer",
          "Parallel Aware": false,
          "Startup Cost": 206605.01,
          "Total Cost": 206605.32,
          "Plan Rows": 3,
          "Plan Width": 8,
          "Actual Startup Time": 396.099,
          "Actual Total Time": 431.977,
          "Actual Rows": 4,
          "Actual Loops": 1,
          "Workers Planned": 3,
          "Workers Launched": 3,
          "Single Copy": false,
          "Plans": [
            {
              "Node Type": "Aggregate",
              "Strategy": "Plain",
              "Partial Mode": "Partial",
              "Parent Relationship": "Outer",
              "Parallel Aware": false,
              "Startup Cost": 205605.01,
              "Total Cost": 205605.02,
              "Plan Rows": 1,
              "Plan Width": 8,
              "Actual Startup Time": 387.841,
              "Actual Total Time": 387.847,
              "Actual Rows": 1,
              "Actual Loops": 4,
              "Plans": [
                {
                  "Node Type": "Nested Loop",
                  "Parent Relationship": "Outer",
                  "Parallel Aware": false,
                  "Join Type": "Inner",
                  "Startup Cost": 47457.95,
                  "Total Cost": 204975.23,
                  "Plan Rows": 251912,
                  "Plan Width": 0,
                  "Actual Startup Time": 216.524,
                  "Actual Total Time": 384.937,
                  "Actual Rows": 33876,
                  "Actual Loops": 4,
                  "Inner Unique": false,
                  "Plans": [
                    {
                      "Node Type": "Hash Join",
                      "Parent Relationship": "Outer",
                      "Parallel Aware": true,
                      "Join Type": "Inner",
                      "Startup Cost": 47457.51,
                      "Total Cost": 79322.22,
                      "Plan Rows": 42903,
                      "Plan Width": 8,
                      "Actual Startup Time": 216.397,
                      "Actual Total Time": 302.236,
                      "Actual Rows": 3507,
                      "Actual Loops": 4,
                      "Inner Unique": true,
                      "Hash Cond": "(mc.movie_id = t.id)",
                      "Plans": [
                        {
                          "Node Type": "Seq Scan",
                          "Parent Relationship": "Outer",
                          "Parallel Aware": true,
                          "Relation Name": "movie_companies",
                          "Alias": "mc",
                          "Startup Cost": 0.0,
                          "Total Cost": 31414.82,
                          "Plan Rows": 171387,
                          "Plan Width": 4,
                          "Actual Startup Time": 12.101,
                          "Actual Total Time": 76.093,
                          "Actual Rows": 59291,
                          "Actual Loops": 4,
                          "Filter": "((company_id > 14348) AND (company_type_id < 2))",
                          "Rows Removed by Filter": 592992
                        },
                        {
                          "Node Type": "Hash",
                          "Parent Relationship": "Inner",
                          "Parallel Aware": true,
                          "Startup Cost": 45479.59,
                          "Total Cost": 45479.59,
                          "Plan Rows": 158234,
                          "Plan Width": 4,
                          "Actual Startup Time": 199.867,
                          "Actual Total Time": 199.868,
                          "Actual Rows": 168625,
                          "Actual Loops": 4,
                          "Hash Buckets": 1048576,
                          "Original Hash Buckets": 1048576,
                          "Hash Batches": 1,
                          "Original Hash Batches": 1,
                          "Peak Memory Usage": 34624,
                          "Plans": [
                            {
                              "Node Type": "Seq Scan",
                              "Parent Relationship": "Outer",
                              "Parallel Aware": true,
                              "Relation Name": "title",
                              "Alias": "t",
                              "Startup Cost": 0.0,
                              "Total Cost": 45479.59,
                              "Plan Rows": 158234,
                              "Plan Width": 4,
                              "Actual Startup Time": 0.052,
                              "Actual Total Time": 122.467,
                              "Actual Rows": 168625,
                              "Actual Loops": 4,
                              "Filter": "((kind_id > 2) AND (production_year > 2006))",
                              "Rows Removed by Filter": 463453
                            }
                          ]
                        }
                      ]
                    },
                    {
                      "Node Type": "Index Only Scan",
                      "Parent Relationship": "Inner",
                      "Parallel Aware": false,
                      "Scan Direction": "Forward",
                      "Index Name": "movie_id_movie_info",
                      "Relation Name": "movie_info",
                      "Alias": "mi",
                      "Startup Cost": 0.43,
                      "Total Cost": 2.52,
                      "Plan Rows": 41,
                      "Plan Width": 4,
                      "Actual Startup Time": 0.008,
                      "Actual Total Time": 0.022,
                      "Actual Rows": 10,
                      "Actual Loops": 14029,
                      "Index Cond": "(movie_id = t.id)",
                      "Rows Removed by Index Recheck": 0,
                      "Heap Fetches": 135504
                    }
                  ]
                }
              ]
            }
          ]
        }
      ]
    },
    "Planning Time": 0.91,
    "Triggers": [],
    "Execution Time": 432.088
  }
]