[
  {
    "Plan": {
      "Node Type": "Aggregate",
      "Strategy": "Plain",
      "Partial Mode": "Finalize",
      "Parallel Aware": false,
      "Startup Cost": 78635.23,
      "Total Cost": 78635.24,
      "Plan Rows": 1,
      "Plan Width": 8,
      "Actual Startup Time": 267.822,
      "Actual Total Time": 282.216,
      "Actual Rows": 1,
      "Actual Loops": 1,
      "Plans": [
        {
          "Node Type": "Gather",
          "Parent Relationship": "Outer",
          "Parallel Aware": false,
          "Startup Cost": 78634.91,
          "Total Cost": 78635.22,
          "Plan Rows": 3,
          "Plan Width": 8,
          "Actual Startup Time": 264.051,
          "Actual Total Time": 282.206,
          "Actual Rows": 4,
          "Actual Loops": 1,
          "Workers Planned": 3,
          "Workers Launched": 3,
          "Single Copy": false,
          "Plans": [
            {
              "Node Type": "Aggregate",
              "Strategy": "Plain",
              "Partial Mode": "Partial",
              "Parent Relationship": "Outer",
              "Parallel Aware": false,
              "Startup Cost": 77634.91,
              "Total Cost": 77634.92,
              "Plan Rows": 1,
              "Plan Width": 8,
              "Actual Startup Time": 257.736,
              "Actual Total Time": 257.74,
              "Actual Rows": 1,
              "Actual Loops": 4,
              "Plans": [
                {
                  "Node Type": "Hash Join",
                  "Parent Relationship": "Outer",
                  "Parallel Aware": true,
                  "Join Type": "Inner",
                  "Startup Cost": 47627.37,
                  "Total Cost": 77491.61,
                  "Plan Rows": 57322,
                  "Plan Width": 0,
                  "Actual Startup Time": 156.898,
                  "Actual Total Time": 255.806,
                  "Actual Rows": 43670,
                  "Actual Loops": 4,
                  "Inner Unique": true,
                  "Hash Cond": "(mc.movie_id = t.id)",
                  "Plans": [
                    {
                      "Node Type": "Seq Scan",
                      "Parent Relationship": "Outer",
                      "Parallel Aware": true,
                      "Relation Name": "movie_companies",
                      "Alias": "mc",
                      "Startup Cost": 0.0,
                      "Total Cost": 29310.68,
                      "Plan Rows": 210878,
                      "Plan Width": 4,
                      "Actual Startup Time": 0.008,
                      "Actual Total Time": 58.356,
                      "Actual Rows": 161684,
                      "Actual Loops": 4,
                      "Filter": "(company_id < 868)",
                      "Rows Removed by Filter": 490598
                    },
                    {
                      "Node Type": "Hash",
                      "Parent Relationship": "Inner",
                      "Parallel Aware": true,
                      "Startup Cost": 45479.59,
                      "Total Cost": 45479.59,
                      "Plan Rows": 171823,
                      "Plan Width": 4,
                      "Actual Startup Time": 152.382,
                      "Actual Total Time": 152.383,
                      "Actual Rows": 146440,
                      "Actual Loops": 4,
                      "Hash Buckets": 1048576,
                      "Original Hash Buckets": 1048576,
                      "Hash Batches": 1,
                      "Original Hash Batches": 1,
                      "Peak Memory Usage": 31168,
                      "Plans": [
                        {
                          "Node Type": "Seq Scan",
                          "Parent Relationship": "Outer",
                          "Parallel Aware": true,
                          "Relation Name": "title",
                          "Alias": "t",
                          "Startup Cost": 0.0,
                          "Total Cost": 45479.59,
                          "Plan Rows": 171823,
                          "Plan Width": 4,
                          "Actual Startup Time": 0.027,
                          "Actual Total Time": 97.347,
                          "Actual Rows": 146440,
                          "Actual Loops": 4,
                          "Filter": "((kind_id < 7) AND (production_year > 1990))",
                          "Rows Removed by Filter": 485638
                        }
                      ]
                    }
                  ]
                }
              ]
            }
          ]
        }
      ]
    },
    "Planning Time": 0.511,
    "Triggers": [],
    "Execution Time": 282.268
  }
]