{
  "Plan": {
    "Node Type": "Aggregate",
    "Strategy": "Plain",
    "Partial Mode": "Finalize",
    "Parallel Aware": false,
    "Startup Cost": 168681.5,
    "Total Cost": 168681.51,
    "Plan Rows": 1,
    "Plan Width": 64,
    "Actual Startup Time": 1574.566,
    "Actual Total Time": 1649.438,
    "Actual Rows": 1,
    "Actual Loops": 1,
    "Plans": [
      {
        "Node Type": "Gather",
        "Parent Relationship": "Outer",
        "Parallel Aware": false,
        "Startup Cost": 168681.39,
        "Total Cost": 168681.5,
        "Plan Rows": 1,
        "Plan Width": 64,
        "Actual Startup Time": 1370.44,
        "Actual Total Time": 1649.398,
        "Actual Rows": 2,
        "Actual Loops": 1,
        "Workers Planned": 1,
        "Workers Launched": 1,
        "Single Copy": false,
        "Plans": [
          {
            "Node Type": "Aggregate",
            "Strategy": "Plain",
            "Partial Mode": "Partial",
            "Parent Relationship": "Outer",
            "Parallel Aware": false,
            "Startup Cost": 167681.39,
            "Total Cost": 167681.4,
            "Plan Rows": 1,
            "Plan Width": 64,
            "Actual Startup Time": 1462.496,
            "Actual Total Time": 1462.547,
            "Actual Rows": 1,
            "Actual Loops": 2,
            "Plans": [
              {
                "Node Type": "Nested Loop",
                "Parent Relationship": "Outer",
                "Parallel Aware": false,
                "Join Type": "Inner",
                "Startup Cost": 132644.41,
                "Total Cost": 167608.79,
                "Plan Rows": 14519,
                "Plan Width": 33,
                "Actual Startup Time": 862.772,
                "Actual Total Time": 1461.516,
                "Actual Rows": 4846,
                "Actual Loops": 2,
                "Inner Unique": true,
                "Plans": [
                  {
                    "Node Type": "Hash Join",
                    "Parent Relationship": "Outer",
                    "Parallel Aware": false,
                    "Join Type": "Inner",
                    "Startup Cost": 132643.98,
                    "Total Cost": 160081.35,
                    "Plan Rows": 14519,
                    "Plan Width": 21,
                    "Actual Startup Time": 862.471,
                    "Actual Total Time": 1421.493,
                    "Actual Rows": 29504,
                    "Actual Loops": 2,
                    "Inner Unique": true,
                    "Hash Cond": "(mc.company_type_id = ct.id)",
                    "Plans": [
                      {
                        "Node Type": "Hash Join",
                        "Parent Relationship": "Outer",
                        "Parallel Aware": false,
                        "Join Type": "Inner",
                        "Startup Cost": 132642.89,
                        "Total Cost": 160001.77,
                        "Plan Rows": 14519,
                        "Plan Width": 25,
                        "Actual Startup Time": 862.169,
                        "Actual Total Time": 1416.05,
                        "Actual Rows": 29504,
                        "Actual Loops": 2,
                        "Inner Unique": true,
                        "Hash Cond": "(ci.role_id = rt.id)",
                        "Plans": [
                          {
                            "Node Type": "Nested Loop",
                            "Parent Relationship": "Outer",
                            "Parallel Aware": false,
                            "Join Type": "Inner",
                            "Startup Cost": 132641.62,
                            "Total Cost": 159948.92,
                            "Plan Rows": 14519,
                            "Plan Width": 29,
                            "Actual Startup Time": 862.078,
                            "Actual Total Time": 1410.184,
                            "Actual Rows": 29504,
                            "Actual Loops": 2,
                            "Inner Unique": false,
                            "Join Filter": "(t.id = ci.movie_id)",
                            "Rows Removed by Join Filter": 0,
                            "Plans": [
                              {
                                "Node Type": "Merge Join",
                                "Parent Relationship": "Outer",
                                "Parallel Aware": false,
                                "Join Type": "Inner",
                                "Startup Cost": 132641.05,
                                "Total Cost": 134434.39,
                                "Plan Rows": 13649,
                                "Plan Width": 29,
                                "Actual Startup Time": 861.908,
                                "Actual Total Time": 921.417,
                                "Actual Rows": 9708,
                                "Actual Loops": 2,
                                "Inner Unique": true,
                                "Merge Cond": "(mc.company_id = cn.id)",
                                "Plans": [
                                  {
                                    "Node Type": "Sort",
                                    "Parent Relationship": "Outer",
                                    "Parallel Aware": false,
                                    "Startup Cost": 126045.68,
                                    "Total Cost": 126849.18,
                                    "Plan Rows": 321400,
                                    "Plan Width": 33,
                                    "Actual Startup Time": 836.577,
                                    "Actual Total Time": 868.384,
                                    "Actual Rows": 204612,
                                    "Actual Loops": 2,
                                    "Sort Key": [
                                      "mc.company_id"
                                    ],
                                    "Sort Method": "quicksort",
                                    "Sort Space Used": 23266,
                                    "Sort Space Type": "Memory",
                                    "Workers": [
                                      {
                                        "Worker Number": 0,
                                        "Sort Method": "quicksort",
                                        "Sort Space Used": 24392,
                                        "Sort Space Type": "Memory"
                                      }
                                    ],
                                    "Plans": [
                                      {
                                        "Node Type": "Hash Join",
                                        "Parent Relationship": "Outer",
                                        "Parallel Aware": true,
                                        "Join Type": "Inner",
                                        "Startup Cost": 58480.57,
                                        "Total Cost": 96647.2,
                                        "Plan Rows": 321400,
                                        "Plan Width": 33,
                                        "Actual Startup Time": 325.988,
                                        "Actual Total Time": 763.961,
                                        "Actual Rows": 204626,
                                        "Actual Loops": 2,
                                        "Inner Unique": true,
                                        "Hash Cond": "(mc.movie_id = t.id)",
                                        "Plans": [
                                          {
                                            "Node Type": "Seq Scan",
                                            "Parent Relationship": "Outer",
                                            "Parallel Aware": true,
                                            "Relation Name": "movie_companies",
                                            "Alias": "mc",
                                            "Startup Cost": 0.0,
                                            "Total Cost": 34137.82,
                                            "Plan Rows": 1534782,
                                            "Plan Width": 12,
                                            "Actual Startup Time": 0.016,
                                            "Actual Total Time": 118.264,
                                            "Actual Rows": 1304564,
                                            "Actual Loops": 2
                                          },
                                          {
                                            "Node Type": "Hash",
                                            "Parent Relationship": "Inner",
                                            "Parallel Aware": true,
                                            "Startup Cost": 54587.68,
                                            "Total Cost": 54587.68,
                                            "Plan Rows": 311431,
                                            "Plan Width": 21,
                                            "Actual Startup Time": 315.758,
                                            "Actual Total Time": 315.76,
                                            "Actual Rows": 266684,
                                            "Actual Loops": 2,
                                            "Hash Buckets": 1048576,
                                            "Original Hash Buckets": 1048576,
                                            "Hash Batches": 1,
                                            "Original Hash Batches": 1,
                                            "Peak Memory Usage": 38336,
                                            "Plans": [
                                              {
                                                "Node Type": "Seq Scan",
                                                "Parent Relationship": "Outer",
                                                "Parallel Aware": true,
                                                "Relation Name": "title",
                                                "Alias": "t",
                                                "Startup Cost": 0.0,
                                                "Total Cost": 54587.68,
                                                "Plan Rows": 311431,
                                                "Plan Width": 21,
                                                "Actual Startup Time": 0.043,
                                                "Actual Total Time": 187.006,
                                                "Actual Rows": 266684,
                                                "Actual Loops": 2,
                                                "Filter": "(production_year > 2009)",
                                                "Rows Removed by Filter": 997472
                                              }
                                            ]
                                          }
                                        ]
                                      }
                                    ]
                                  },
                                  {
                                    "Node Type": "Sort",
                                    "Parent Relationship": "Inner",
                                    "Parallel Aware": false,
                                    "Startup Cost": 6595.38,
                                    "Total Cost": 6620.33,
                                    "Plan Rows": 9980,
                                    "Plan Width": 4,
                                    "Actual Startup Time": 25.049,
                                    "Actual Total Time": 26.901,
                                    "Actual Rows": 9811,
                                    "Actual Loops": 2,
                                    "Sort Key": [
                                      "cn.id"
                                    ],
                                    "Sort Method": "quicksort",
                                    "Sort Space Used": 844,
                                    "Sort Space Type": "Memory",
                                    "Workers": [
                                      {
                                        "Worker Number": 0,
                                        "Sort Method": "quicksort",
                                        "Sort Space Used": 844,
                                        "Sort Space Type": "Memory"
                                      }
                                    ],
                                    "Plans": [
                                      {
                                        "Node Type": "Seq Scan",
                                        "Parent Relationship": "Outer",
                                        "Parallel Aware": false,
                                        "Relation Name": "company_name",
                                        "Alias": "cn",
                                        "Startup Cost": 0.0,
                                        "Total Cost": 5932.46,
                                        "Plan Rows": 9980,
                                        "Plan Width": 4,
                                        "Actual Startup Time": 0.045,
                                        "Actual Total Time": 22.88,
                                        "Actual Rows": 9811,
                                        "Actual Loops": 2,
                                        "Filter": "((country_code)::text = '[ca]'::text)",
                                        "Rows Removed by Filter": 225186
                                      }
                                    ]
                                  }
                                ]
                              },
                              {
                                "Node Type": "Index Scan",
                                "Parent Relationship": "Inner",
                                "Parallel Aware": false,
                                "Scan Direction": "Forward",
                                "Index Name": "movie_id_cast_info",
                                "Relation Name": "cast_info",
                                "Alias": "ci",
                                "Startup Cost": 0.56,
                                "Total Cost": 1.83,
                                "Plan Rows": 3,
                                "Plan Width": 12,
                                "Actual Startup Time": 0.025,
                                "Actual Total Time": 0.05,
                                "Actual Rows": 3,
                                "Actual Loops": 19416,
                                "Index Cond": "(movie_id = mc.movie_id)",
                                "Rows Removed by Index Recheck": 0,
                                "Filter": "(note ~~ '%(as%'::text)",
                                "Rows Removed by Filter": 32
                              }
                            ]
                          },
                          {
                            "Node Type": "Hash",
                            "Parent Relationship": "Inner",
                            "Parallel Aware": false,
                            "Startup Cost": 1.12,
                            "Total Cost": 1.12,
                            "Plan Rows": 12,
                            "Plan Width": 4,
                            "Actual Startup Time": 0.053,
                            "Actual Total Time": 0.053,
                            "Actual Rows": 12,
                            "Actual Loops": 2,
                            "Hash Buckets": 1024,
                            "Original Hash Buckets": 1024,
                            "Hash Batches": 1,
                            "Original Hash Batches": 1,
                            "Peak Memory Usage": 9,
                            "Plans": [
                              {
                                "Node Type": "Seq Scan",
                                "Parent Relationship": "Outer",
                                "Parallel Aware": false,
                                "Relation Name": "role_type",
                                "Alias": "rt",
                                "Startup Cost": 0.0,
                                "Total Cost": 1.12,
                                "Plan Rows": 12,
                                "Plan Width": 4,
                                "Actual Startup Time": 0.029,
                                "Actual Total Time": 0.033,
                                "Actual Rows": 12,
                                "Actual Loops": 2
                              }
                            ]
                          }
                        ]
                      },
                      {
                        "Node Type": "Hash",
                        "Parent Relationship": "Inner",
                        "Parallel Aware": false,
                        "Startup Cost": 1.04,
                        "Total Cost": 1.04,
                        "Plan Rows": 4,
                        "Plan Width": 4,
                        "Actual Startup Time": 0.088,
                        "Actual Total Time": 0.088,
                        "Actual Rows": 4,
                        "Actual Loops": 2,
                        "Hash Buckets": 1024,
                        "Original Hash Buckets": 1024,
                        "Hash Batches": 1,
                        "Original Hash Batches": 1,
                        "Peak Memory Usage": 9,
                        "Plans": [
                          {
                            "Node Type": "Seq Scan",
                            "Parent Relationship": "Outer",
                            "Parallel Aware": false,
                            "Relation Name": "company_type",
                            "Alias": "ct",
                            "Startup Cost": 0.0,
                            "Total Cost": 1.04,
                            "Plan Rows": 4,
                            "Plan Width": 4,
                            "Actual Startup Time": 0.059,
                            "Actual Total Time": 0.063,
                            "Actual Rows": 4,
                            "Actual Loops": 2
                          }
                        ]
                      }
                    ]
                  },
                  {
                    "Node Type": "Index Scan",
                    "Parent Relationship": "Inner",
                    "Parallel Aware": false,
                    "Scan Direction": "Forward",
                    "Index Name": "char_name_pkey",
                    "Relation Name": "char_name",
                    "Alias": "chn",
                    "Startup Cost": 0.43,
                    "Total Cost": 0.52,
                    "Plan Rows": 1,
                    "Plan Width": 20,
                    "Actual Startup Time": 0.001,
                    "Actual Total Time": 0.001,
                    "Actual Rows": 0,
                    "Actual Loops": 59009,
                    "Index Cond": "(id = ci.person_role_id)",
                    "Rows Removed by Index Recheck": 0
                  }
                ]
              }
            ]
          }
        ]
      }
    ]
  },
  "Planning Time": 2.272,
  "Triggers": [],
  "Execution Time": 1649.699
}