[
  {
    "Plan": {
      "Node Type": "Aggregate",
      "Strategy": "Plain",
      "Partial Mode": "Finalize",
      "Parallel Aware": false,
      "Startup Cost": 401323.5,
      "Total Cost": 401323.51,
      "Plan Rows": 1,
      "Plan Width": 8,
      "Actual Startup Time": 1652.427,
      "Actual Total Time": 1746.221,
      "Actual Rows": 1,
      "Actual Loops": 1,
      "Plans": [
        {
          "Node Type": "Gather",
          "Parent Relationship": "Outer",
          "Parallel Aware": false,
          "Startup Cost": 401322.98,
          "Total Cost": 401323.49,
          "Plan Rows": 5,
          "Plan Width": 8,
          "Actual Startup Time": 1642.022,
          "Actual Total Time": 1746.206,
          "Actual Rows": 6,
          "Actual Loops": 1,
          "Workers Planned": 5,
          "Workers Launched": 5,
          "Single Copy": false,
          "Plans": [
            {
              "Node Type": "Aggregate",
              "Strategy": "Plain",
              "Partial Mode": "Partial",
              "Parent Relationship": "Outer",
              "Parallel Aware": false,
              "Startup Cost": 400322.98,
              "Total Cost": 400322.99,
              "Plan Rows": 1,
              "Plan Width": 8,
              "Actual Startup Time": 1626.729,
              "Actual Total Time": 1626.734,
              "Actual Rows": 1,
              "Actual Loops": 6,
              "Plans": [
                {
                  "Node Type": "Nested Loop",
                  "Parent Relationship": "Outer",
                  "Parallel Aware": false,
                  "Join Type": "Inner",
                  "Startup Cost": 59013.17,
                  "Total Cost": 397832.83,
                  "Plan Rows": 996062,
                  "Plan Width": 0,
                  "Actual Startup Time": 249.794,
                  "Actual Total Time": 1533.649,
                  "Actual Rows": 1673662,
                  "Actual Loops": 6,
                  "Inner Unique": false,
                  "Plans": [
                    {
                      "Node Type": "Hash Join",
                      "Parent Relationship": "Outer",
                      "Parallel Aware": true,
                      "Join Type": "Inner",
                      "Startup Cost": 59012.61,
                      "Total Cost": 222728.63,
                      "Plan Rows": 69472,
                      "Plan Width": 8,
                      "Actual Startup Time": 249.627,
                      "Actual Total Time": 315.822,
                      "Actual Rows": 38989,
                      "Actual Loops": 6,
                      "Inner Unique": true,
                      "Hash Cond": "(mi.movie_id = t.id)",
                      "Plans": [
                        {
                          "Node Type": "Bitmap Heap Scan",
                          "Parent Relationship": "Outer",
                          "Parallel Aware": true,
                          "Relation Name": "movie_info",
                          "Alias": "mi",
                          "Startup Cost": 10294.8,
                          "Total Cost": 173711.78,
                          "Plan Rows": 113919,
                          "Plan Width": 4,
                          "Actual Startup Time": 35.89,
                          "Actual Total Time": 71.552,
                          "Actual Rows": 99743,
                          "Actual Loops": 6,
                          "Recheck Cond": "(info_type_id = 15)",
                          "Rows Removed by Index Recheck": 0,
                          "Exact Heap Blocks": 5180,
                          "Lossy Heap Blocks": 0,
                          "Plans": [
                            {
                              "Node Type": "Bitmap Index Scan",
                              "Parent Relationship": "Outer",
                              "Parallel Aware": false,
                              "Index Name": "info_type_id_movie_info",
                              "Startup Cost": 0.0,
                              "Total Cost": 10152.4,
                              "Plan Rows": 569595,
                              "Plan Width": 0,
                              "Actual Startup Time": 30.772,
                              "Actual Total Time": 30.773,
                              "Actual Rows": 598457,
                              "Actual Loops": 1,
                              "Index Cond": "(info_type_id = 15)"
                            }
                          ]
                        },
                        {
                          "Node Type": "Hash",
                          "Parent Relationship": "Inner",
                          "Parallel Aware": true,
                          "Startup Cost": 43899.32,
                          "Total Cost": 43899.32,
                          "Plan Rows": 385479,
                          "Plan Width": 4,
                          "Actual Startup Time": 208.143,
                          "Actual Total Time": 208.144,
                          "Actual Rows": 257211,
                          "Actual Loops": 6,
                          "Hash Buckets": 2097152,
                          "Original Hash Buckets": 2097152,
                          "Hash Batches": 1,
                          "Original Hash Batches": 1,
                          "Peak Memory Usage": 76832,
                          "Plans": [
                            {
                              "Node Type": "Seq Scan",
                              "Parent Relationship": "Outer",
                              "Parallel Aware": true,
                              "Relation Name": "title",
                              "Alias": "t",
                              "Startup Cost": 0.0,
                              "Total Cost": 43899.32,
                              "Plan Rows": 385479,
                              "Plan Width": 4,
                              "Actual Startup Time": 0.058,
                              "Actual Total Time": 87.984,
                              "Actual Rows": 257211,
                              "Actual Loops": 6,
                              "Filter": "(kind_id = 7)",
                              "Rows Removed by Filter": 164175
                            }
                          ]
                        }
                      ]
                    },
                    {
                      "Node Type": "Index Only Scan",
                      "Parent Relationship": "Inner",
                      "Parallel Aware": false,
                      "Scan Direction": "Forward",
                      "Index Name": "movie_id_cast_info",
                      "Relation Name": "cast_info",
                      "Alias": "ci",
                      "Startup Cost": 0.56,
                      "Total Cost": 2.17,
                      "Plan Rows": 35,
                      "Plan Width": 4,
                      "Actual Startup Time": 0.004,
                      "Actual Total Time": 0.027,
                      "Actual Rows": 43,
                      "Actual Loops": 233932,
                      "Index Cond": "(movie_id = t.id)",
                      "Rows Removed by Index Recheck": 0,
                      "Heap Fetches": 10041974
                    }
                  ]
                }
              ]
            }
          ]
        }
      ]
    },
    "Planning Time": 1.362,
    "Triggers": [],
    "Execution Time": 1746.361
  }
]