[
  {
    "Plan": {
      "Node Type": "Aggregate",
      "Strategy": "Plain",
      "Partial Mode": "Finalize",
      "Parallel Aware": false,
      "Startup Cost": 134812.82,
      "Total Cost": 134812.83,
      "Plan Rows": 1,
      "Plan Width": 8,
      "Actual Startup Time": 845.01,
      "Actual Total Time": 865.652,
      "Actual Rows": 1,
      "Actual Loops": 1,
      "Plans": [
        {
          "Node Type": "Gather",
          "Parent Relationship": "Outer",
          "Parallel Aware": false,
          "Startup Cost": 134812.5,
          "Total Cost": 134812.81,
          "Plan Rows": 3,
          "Plan Width": 8,
          "Actual Startup Time": 833.44,
          "Actual Total Time": 865.645,
          "Actual Rows": 4,
          "Actual Loops": 1,
          "Workers Planned": 3,
          "Workers Launched": 3,
          "Single Copy": false,
          "Plans": [
            {
              "Node Type": "Aggregate",
              "Strategy": "Plain",
              "Partial Mode": "Partial",
              "Parent Relationship": "Outer",
              "Parallel Aware": false,
              "Startup Cost": 133812.5,
              "Total Cost": 133812.51,
              "Plan Rows": 1,
              "Plan Width": 8,
              "Actual Startup Time": 828.1,
              "Actual Total Time": 828.105,
              "Actual Rows": 1,
              "Actual Loops": 4,
              "Plans": [
                {
                  "Node Type": "Hash Join",
                  "Parent Relationship": "Outer",
                  "Parallel Aware": true,
                  "Join Type": "Inner",
                  "Startup Cost": 86200.45,
                  "Total Cost": 132462.37,
                  "Plan Rows": 540052,
                  "Plan Width": 0,
                  "Actual Startup Time": 540.722,
                  "Actual Total Time": 791.227,
                  "Actual Rows": 925518,
                  "Actual Loops": 4,
                  "Inner Unique": false,
                  "Hash Cond": "(mk.movie_id = t.id)",
                  "Plans": [
                    {
                      "Node Type": "Seq Scan",
                      "Parent Relationship": "Outer",
                      "Parallel Aware": true,
                      "Relation Name": "movie_keyword",
                      "Alias": "mk",
                      "Startup Cost": 0.0,
                      "Total Cost": 39047.32,
                      "Plan Rows": 1459332,
                      "Plan Width": 4,
                      "Actual Startup Time": 0.041,
                      "Actual Total Time": 83.685,
                      "Actual Rows": 1130982,
                      "Actual Loops": 4
                    },
                    {
                      "Node Type": "Hash",
                      "Parent Relationship": "Inner",
                      "Parallel Aware": true,
                      "Startup Cost": 82427.52,
                      "Total Cost": 82427.52,
                      "Plan Rows": 301835,
                      "Plan Width": 8,
                      "Actual Startup Time": 537.689,
                      "Actual Total Time": 537.693,
                      "Actual Rows": 156246,
                      "Actual Loops": 4,
                      "Hash Buckets": 1048576,
                      "Original Hash Buckets": 1048576,
                      "Hash Batches": 1,
                      "Original Hash Batches": 1,
                      "Peak Memory Usage": 32672,
                      "Plans": [
                        {
                          "Node Type": "Hash Join",
                          "Parent Relationship": "Outer",
                          "Parallel Aware": true,
                          "Join Type": "Inner",
                          "Startup Cost": 50220.38,
                          "Total Cost": 82427.52,
                          "Plan Rows": 301835,
                          "Plan Width": 8,
                          "Actual Startup Time": 371.618,
                          "Actual Total Time": 477.585,
                          "Actual Rows": 156246,
                          "Actual Loops": 4,
                          "Inner Unique": true,
                          "Hash Cond": "(mc.movie_id = t.id)",
                          "Plans": [
                            {
                              "Node Type": "Seq Scan",
                              "Parent Relationship": "Outer",
                              "Parallel Aware": true,
                              "Relation Name": "movie_companies",
                              "Alias": "mc",
                              "Startup Cost": 0.0,
                              "Total Cost": 31414.82,
                              "Plan Rows": 301835,
                              "Plan Width": 4,
                              "Actual Startup Time": 30.162,
                              "Actual Total Time": 64.576,
                              "Actual Rows": 156246,
                              "Actual Loops": 4,
                              "Filter": "((company_id < 34029) AND (company_type_id = 2))",
                              "Rows Removed by Filter": 496036
                            },
                            {
                              "Node Type": "Hash",
                              "Parent Relationship": "Inner",
                              "Parallel Aware": true,
                              "Startup Cost": 42319.06,
                              "Total Cost": 42319.06,
                              "Plan Rows": 632106,
                              "Plan Width": 4,
                              "Actual Startup Time": 334.561,
                              "Actual Total Time": 334.562,
                              "Actual Rows": 632078,
                              "Actual Loops": 4,
                              "Hash Buckets": 4194304,
                              "Original Hash Buckets": 4194304,
                              "Hash Batches": 1,
                              "Original Hash Batches": 1,
                              "Peak Memory Usage": 131744,
                              "Plans": [
                                {
                                  "Node Type": "Seq Scan",
                                  "Parent Relationship": "Outer",
                                  "Parallel Aware": true,
                                  "Relation Name": "title",
                                  "Alias": "t",
                                  "Startup Cost": 0.0,
                                  "Total Cost": 42319.06,
                                  "Plan Rows": 632106,
                                  "Plan Width": 4,
                                  "Actual Startup Time": 0.036,
                                  "Actual Total Time": 95.924,
                                  "Actual Rows": 632078,
                                  "Actual Loops": 4
                                }
                              ]
                            }
                          ]
                        }
                      ]
                    }
                  ]
                }
              ]
            }
          ]
        }
      ]
    },
    "Planning Time": 0.512,
    "Triggers": [],
    "Execution Time": 865.691
  }
]