{
  "Plan": {
    "Node Type": "Aggregate",
    "Strategy": "Plain",
    "Partial Mode": "Finalize",
    "Parallel Aware": false,
    "Startup Cost": 110064.31,
    "Total Cost": 110064.32,
    "Plan Rows": 1,
    "Plan Width": 8,
    "Actual Startup Time": 692.355,
    "Actual Total Time": 707.997,
    "Actual Rows": 1,
    "Actual Loops": 1,
    "Plans": [
      {
        "Node Type": "Gather",
        "Parent Relationship": "Outer",
        "Parallel Aware": false,
        "Startup Cost": 110064.2,
        "Total Cost": 110064.31,
        "Plan Rows": 1,
        "Plan Width": 8,
        "Actual Startup Time": 690.418,
        "Actual Total Time": 707.989,
        "Actual Rows": 2,
        "Actual Loops": 1,
        "Workers Planned": 1,
        "Workers Launched": 1,
        "Single Copy": false,
        "Plans": [
          {
            "Node Type": "Aggregate",
            "Strategy": "Plain",
            "Partial Mode": "Partial",
            "Parent Relationship": "Outer",
            "Parallel Aware": false,
            "Startup Cost": 109064.2,
            "Total Cost": 109064.21,
            "Plan Rows": 1,
            "Plan Width": 8,
            "Actual Startup Time": 684.59,
            "Actual Total Time": 684.594,
            "Actual Rows": 1,
            "Actual Loops": 2,
            "Plans": [
              {
                "Node Type": "Hash Join",
                "Parent Relationship": "Outer",
                "Parallel Aware": true,
                "Join Type": "Inner",
                "Startup Cost": 46053.93,
                "Total Cost": 108215.76,
                "Plan Rows": 339376,
                "Plan Width": 0,
                "Actual Startup Time": 231.198,
                "Actual Total Time": 667.422,
                "Actual Rows": 432570,
                "Actual Loops": 2,
                "Inner Unique": false,
                "Hash Cond": "(t.id = mc.movie_id)",
                "Plans": [
                  {
                    "Node Type": "Seq Scan",
                    "Parent Relationship": "Outer",
                    "Parallel Aware": true,
                    "Relation Name": "title",
                    "Alias": "t",
                    "Startup Cost": 0.0,
                    "Total Cost": 50870.31,
                    "Plan Rows": 1487231,
                    "Plan Width": 4,
                    "Actual Startup Time": 0.01,
                    "Actual Total Time": 116.057,
                    "Actual Rows": 1264156,
                    "Actual Loops": 2
                  },
                  {
                    "Node Type": "Hash",
                    "Parent Relationship": "Inner",
                    "Parallel Aware": true,
                    "Startup Cost": 41811.73,
                    "Total Cost": 41811.73,
                    "Plan Rows": 339376,
                    "Plan Width": 4,
                    "Actual Startup Time": 221.851,
                    "Actual Total Time": 221.852,
                    "Actual Rows": 432570,
                    "Actual Loops": 2,
                    "Hash Buckets": 1048576,
                    "Original Hash Buckets": 1048576,
                    "Hash Batches": 1,
                    "Original Hash Batches": 1,
                    "Peak Memory Usage": 42080,
                    "Plans": [
                      {
                        "Node Type": "Seq Scan",
                        "Parent Relationship": "Outer",
                        "Parallel Aware": true,
                        "Relation Name": "movie_companies",
                        "Alias": "mc",
                        "Startup Cost": 0.0,
                        "Total Cost": 41811.73,
                        "Plan Rows": 339376,
                        "Plan Width": 4,
                        "Actual Startup Time": 65.37,
                        "Actual Total Time": 134.807,
                        "Actual Rows": 432570,
                        "Actual Loops": 2,
                        "Filter": "((company_id > 13351) AND (company_type_id > 1))",
                        "Rows Removed by Filter": 871994
                      }
                    ]
                  }
                ]
              }
            ]
          }
        ]
      }
    ]
  },
  "Planning Time": 0.729,
  "Triggers": [],
  "Execution Time": 708.066
}