[
  {
    "Plan": {
      "Node Type": "Aggregate",
      "Strategy": "Plain",
      "Partial Mode": "Finalize",
      "Parallel Aware": false,
      "Startup Cost": 314142.15,
      "Total Cost": 314142.16,
      "Plan Rows": 1,
      "Plan Width": 8,
      "Actual Startup Time": 203.89,
      "Actual Total Time": 217.012,
      "Actual Rows": 1,
      "Actual Loops": 1,
      "Plans": [
        {
          "Node Type": "Gather",
          "Parent Relationship": "Outer",
          "Parallel Aware": false,
          "Startup Cost": 314141.53,
          "Total Cost": 314142.14,
          "Plan Rows": 6,
          "Plan Width": 8,
          "Actual Startup Time": 199.132,
          "Actual Total Time": 217.001,
          "Actual Rows": 7,
          "Actual Loops": 1,
          "Workers Planned": 6,
          "Workers Launched": 6,
          "Single Copy": false,
          "Plans": [
            {
              "Node Type": "Aggregate",
              "Strategy": "Plain",
              "Partial Mode": "Partial",
              "Parent Relationship": "Outer",
              "Parallel Aware": false,
              "Startup Cost": 313141.53,
              "Total Cost": 313141.54,
              "Plan Rows": 1,
              "Plan Width": 8,
              "Actual Startup Time": 190.75,
              "Actual Total Time": 190.754,
              "Actual Rows": 1,
              "Actual Loops": 7,
              "Plans": [
                {
                  "Node Type": "Hash Join",
                  "Parent Relationship": "Outer",
                  "Parallel Aware": true,
                  "Join Type": "Inner",
                  "Startup Cost": 59004.16,
                  "Total Cost": 313108.73,
                  "Plan Rows": 13117,
                  "Plan Width": 0,
                  "Actual Startup Time": 138.776,
                  "Actual Total Time": 189.642,
                  "Actual Rows": 17231,
                  "Actual Loops": 7,
                  "Inner Unique": true,
                  "Hash Cond": "(ci.movie_id = t.id)",
                  "Plans": [
                    {
                      "Node Type": "Bitmap Heap Scan",
                      "Parent Relationship": "Outer",
                      "Parallel Aware": true,
                      "Relation Name": "cast_info",
                      "Alias": "ci",
                      "Startup Cost": 12418.72,
                      "Total Cost": 266277.27,
                      "Plan Rows": 93724,
                      "Plan Width": 4,
                      "Actual Startup Time": 22.561,
                      "Actual Total Time": 45.286,
                      "Actual Rows": 83908,
                      "Actual Loops": 7,
                      "Recheck Cond": "(person_id < 63818)",
                      "Rows Removed by Index Recheck": 0,
                      "Exact Heap Blocks": 1461,
                      "Lossy Heap Blocks": 0,
                      "Plans": [
                        {
                          "Node Type": "Bitmap Index Scan",
                          "Parent Relationship": "Outer",
                          "Parallel Aware": false,
                          "Index Name": "person_id_cast_info",
                          "Startup Cost": 0.0,
                          "Total Cost": 12278.14,
                          "Plan Rows": 562343,
                          "Plan Width": 0,
                          "Actual Startup Time": 21.668,
                          "Actual Total Time": 21.669,
                          "Actual Rows": 587359,
                          "Actual Loops": 1,
                          "Index Cond": "(person_id < 63818)"
                        }
                      ]
                    },
                    {
                      "Node Type": "Hash",
                      "Parent Relationship": "Inner",
                      "Parallel Aware": true,
                      "Startup Cost": 45479.59,
                      "Total Cost": 45479.59,
                      "Plan Rows": 88468,
                      "Plan Width": 4,
                      "Actual Startup Time": 114.468,
                      "Actual Total Time": 114.469,
                      "Actual Rows": 67196,
                      "Actual Loops": 7,
                      "Hash Buckets": 524288,
                      "Original Hash Buckets": 524288,
                      "Hash Batches": 1,
                      "Original Hash Batches": 1,
                      "Peak Memory Usage": 22592,
                      "Plans": [
                        {
                          "Node Type": "Seq Scan",
                          "Parent Relationship": "Outer",
                          "Parallel Aware": true,
                          "Relation Name": "title",
                          "Alias": "t",
                          "Startup Cost": 0.0,
                          "Total Cost": 45479.59,
                          "Plan Rows": 88468,
                          "Plan Width": 4,
                          "Actual Startup Time": 0.063,
                          "Actual Total Time": 81.788,
                          "Actual Rows": 67196,
                          "Actual Loops": 7,
                          "Filter": "((kind_id < 7) AND (production_year < 1998))",
                          "Rows Removed by Filter": 293992
                        }
                      ]
                    }
                  ]
                }
              ]
            }
          ]
        }
      ]
    },
    "Planning Time": 0.524,
    "Triggers": [],
    "Execution Time": 217.057
  }
]