[
    {
        "Bao": {
            "Bao prediction": "NaN",
            "Bao recommended hint": "(no hint)"
        }
    },
    {
        "Plan": {
            "Node Type": "Aggregate",
            "Strategy": "Plain",
            "Partial Mode": "Simple",
            "Parallel Aware": false,
            "Startup Cost": 27247.5,
            "Total Cost": 27247.51,
            "Plan Rows": 1,
            "Plan Width": 8,
            "Actual Startup Time": 44.813,
            "Actual Total Time": 44.814,
            "Actual Rows": 1,
            "Actual Loops": 1,
            "Output": [
                "count(*)"
            ],
            "Plans": [
                {
                    "Node Type": "Bitmap Heap Scan",
                    "Parent Relationship": "Outer",
                    "Parallel Aware": false,
                    "Relation Name": "movie_keyword",
                    "Schema": "public",
                    "Alias": "mk",
                    "Startup Cost": 1637.63,
                    "Total Cost": 27054.86,
                    "Plan Rows": 77058,
                    "Plan Width": 0,
                    "Actual Startup Time": 12.991,
                    "Actual Total Time": 40.967,
                    "Actual Rows": 72496,
                    "Actual Loops": 1,
                    "Recheck Cond": "(mk.keyword_id = 335)",
                    "Rows Removed by Index Recheck": 0,
                    "Exact Heap Blocks": 15492,
                    "Lossy Heap Blocks": 0,
                    "Plans": [
                        {
                            "Node Type": "Bitmap Index Scan",
                            "Parent Relationship": "Outer",
                            "Parallel Aware": false,
                            "Index Name": "keyword_id_movie_keyword",
                            "Startup Cost": 0.0,
                            "Total Cost": 1618.37,
                            "Plan Rows": 77058,
                            "Plan Width": 0,
                            "Actual Startup Time": 8.905,
                            "Actual Total Time": 8.905,
                            "Actual Rows": 72496,
                            "Actual Loops": 1,
                            "Index Cond": "(mk.keyword_id = 335)"
                        }
                    ]
                }
            ]
        },
        "Planning Time": 216.135,
        "Triggers": [],
        "Execution Time": 44.959
    }
]