[
  {
    "Plan": {
      "Node Type": "Aggregate",
      "Strategy": "Plain",
      "Partial Mode": "Finalize",
      "Parallel Aware": false,
      "Startup Cost": 445323.09,
      "Total Cost": 445323.1,
      "Plan Rows": 1,
      "Plan Width": 8,
      "Actual Startup Time": 1902.058,
      "Actual Total Time": 1973.983,
      "Actual Rows": 1,
      "Actual Loops": 1,
      "Plans": [
        {
          "Node Type": "Gather",
          "Parent Relationship": "Outer",
          "Parallel Aware": false,
          "Startup Cost": 445322.46,
          "Total Cost": 445323.07,
          "Plan Rows": 6,
          "Plan Width": 8,
          "Actual Startup Time": 1876.061,
          "Actual Total Time": 1973.97,
          "Actual Rows": 7,
          "Actual Loops": 1,
          "Workers Planned": 6,
          "Workers Launched": 6,
          "Single Copy": false,
          "Plans": [
            {
              "Node Type": "Aggregate",
              "Strategy": "Plain",
              "Partial Mode": "Partial",
              "Parent Relationship": "Outer",
              "Parallel Aware": false,
              "Startup Cost": 444322.46,
              "Total Cost": 444322.47,
              "Plan Rows": 1,
              "Plan Width": 8,
              "Actual Startup Time": 1864.626,
              "Actual Total Time": 1864.941,
              "Actual Rows": 1,
              "Actual Loops": 7,
              "Plans": [
                {
                  "Node Type": "Hash Join",
                  "Parent Relationship": "Outer",
                  "Parallel Aware": true,
                  "Join Type": "Inner",
                  "Startup Cost": 86637.69,
                  "Total Cost": 441923.46,
                  "Plan Rows": 959601,
                  "Plan Width": 0,
                  "Actual Startup Time": 871.276,
                  "Actual Total Time": 1795.301,
                  "Actual Rows": 1432084,
                  "Actual Loops": 7,
                  "Inner Unique": false,
                  "Hash Cond": "(ci.movie_id = t.id)",
                  "Plans": [
                    {
                      "Node Type": "Seq Scan",
                      "Parent Relationship": "Outer",
                      "Parallel Aware": true,
                      "Relation Name": "cast_info",
                      "Alias": "ci",
                      "Startup Cost": 0.0,
                      "Total Cost": 343316.27,
                      "Plan Rows": 2366403,
                      "Plan Width": 4,
                      "Actual Startup Time": 353.398,
                      "Actual Total Time": 714.152,
                      "Actual Rows": 1717741,
                      "Actual Loops": 7,
                      "Filter": "((person_id < 3306296) AND (role_id > 2))",
                      "Rows Removed by Filter": 3460022
                    },
                    {
                      "Node Type": "Hash",
                      "Parent Relationship": "Inner",
                      "Parallel Aware": true,
                      "Startup Cost": 82503.4,
                      "Total Cost": 82503.4,
                      "Plan Rows": 330743,
                      "Plan Width": 8,
                      "Actual Startup Time": 514.328,
                      "Actual Total Time": 514.64,
                      "Actual Rows": 167078,
                      "Actual Loops": 7,
                      "Hash Buckets": 2097152,
                      "Original Hash Buckets": 1048576,
                      "Hash Batches": 1,
                      "Original Hash Batches": 1,
                      "Peak Memory Usage": 70432,
                      "Plans": [
                        {
                          "Node Type": "Hash Join",
                          "Parent Relationship": "Outer",
                          "Parallel Aware": true,
                          "Join Type": "Inner",
                          "Startup Cost": 50220.38,
                          "Total Cost": 82503.4,
                          "Plan Rows": 330743,
                          "Plan Width": 8,
                          "Actual Startup Time": 301.157,
                          "Actual Total Time": 400.114,
                          "Actual Rows": 167078,
                          "Actual Loops": 7,
                          "Inner Unique": true,
                          "Hash Cond": "(mc.movie_id = t.id)",
                          "Plans": [
                            {
                              "Node Type": "Seq Scan",
                              "Parent Relationship": "Outer",
                              "Parallel Aware": true,
                              "Relation Name": "movie_companies",
                              "Alias": "mc",
                              "Startup Cost": 0.0,
                              "Total Cost": 31414.82,
                              "Plan Rows": 330743,
                              "Plan Width": 4,
                              "Actual Startup Time": 25.827,
                              "Actual Total Time": 54.864,
                              "Actual Rows": 167078,
                              "Actual Loops": 7,
                              "Filter": "((company_id > 686) AND (company_type_id > 1))",
                              "Rows Removed by Filter": 205655
                            },
                            {
                              "Node Type": "Hash",
                              "Parent Relationship": "Inner",
                              "Parallel Aware": true,
                              "Startup Cost": 42319.06,
                              "Total Cost": 42319.06,
                              "Plan Rows": 632106,
                              "Plan Width": 4,
                              "Actual Startup Time": 270.786,
                              "Actual Total Time": 270.787,
                              "Actual Rows": 361187,
                              "Actual Loops": 7,
                              "Hash Buckets": 4194304,
                              "Original Hash Buckets": 4194304,
                              "Hash Batches": 1,
                              "Original Hash Batches": 1,
                              "Peak Memory Usage": 131776,
                              "Plans": [
                                {
                                  "Node Type": "Seq Scan",
                                  "Parent Relationship": "Outer",
                                  "Parallel Aware": true,
                                  "Relation Name": "title",
                                  "Alias": "t",
                                  "Startup Cost": 0.0,
                                  "Total Cost": 42319.06,
                                  "Plan Rows": 632106,
                                  "Plan Width": 4,
                                  "Actual Startup Time": 0.057,
                                  "Actual Total Time": 82.222,
                                  "Actual Rows": 361187,
                                  "Actual Loops": 7
                                }
                              ]
                            }
                          ]
                        }
                      ]
                    }
                  ]
                }
              ]
            }
          ]
        }
      ]
    },
    "Planning Time": 1.465,
    "Triggers": [],
    "Execution Time": 1974.088
  }
]