[
  {
    "Plan": {
      "Node Type": "Aggregate",
      "Strategy": "Plain",
      "Partial Mode": "Finalize",
      "Parallel Aware": false,
      "Startup Cost": 47190.81,
      "Total Cost": 47190.82,
      "Plan Rows": 1,
      "Plan Width": 8,
      "Actual Startup Time": 105.948,
      "Actual Total Time": 118.949,
      "Actual Rows": 1,
      "Actual Loops": 1,
      "Plans": [
        {
          "Node Type": "Gather",
          "Parent Relationship": "Outer",
          "Parallel Aware": false,
          "Startup Cost": 47190.39,
          "Total Cost": 47190.8,
          "Plan Rows": 4,
          "Plan Width": 8,
          "Actual Startup Time": 105.77,
          "Actual Total Time": 118.94,
          "Actual Rows": 5,
          "Actual Loops": 1,
          "Workers Planned": 4,
          "Workers Launched": 4,
          "Single Copy": false,
          "Plans": [
            {
              "Node Type": "Aggregate",
              "Strategy": "Plain",
              "Partial Mode": "Partial",
              "Parent Relationship": "Outer",
              "Parallel Aware": false,
              "Startup Cost": 46190.39,
              "Total Cost": 46190.4,
              "Plan Rows": 1,
              "Plan Width": 8,
              "Actual Startup Time": 100.368,
              "Actual Total Time": 100.37,
              "Actual Rows": 1,
              "Actual Loops": 5,
              "Plans": [
                {
                  "Node Type": "Seq Scan",
                  "Parent Relationship": "Outer",
                  "Parallel Aware": true,
                  "Relation Name": "title",
                  "Alias": "t",
                  "Startup Cost": 0.0,
                  "Total Cost": 45479.59,
                  "Plan Rows": 284322,
                  "Plan Width": 0,
                  "Actual Startup Time": 0.03,
                  "Actual Total Time": 88.154,
                  "Actual Rows": 247728,
                  "Actual Loops": 5,
                  "Filter": "((kind_id > 2) AND (production_year > 1995))",
                  "Rows Removed by Filter": 257935
                }
              ]
            }
          ]
        }
      ]
    },
    "Planning Time": 0.105,
    "Triggers": [],
    "Execution Time": 118.996
  }
]