[
    {
        "Bao": {
            "Bao prediction": 679.416,
            "Bao recommended hint": "(no hint)"
        }
    },
    {
        "Plan": {
            "Node Type": "Aggregate",
            "Strategy": "Plain",
            "Partial Mode": "Finalize",
            "Parallel Aware": false,
            "Startup Cost": 370791.38,
            "Total Cost": 370791.39,
            "Plan Rows": 1,
            "Plan Width": 8,
            "Actual Startup Time": 845.008,
            "Actual Total Time": 871.006,
            "Actual Rows": 1,
            "Actual Loops": 1,
            "Output": [
                "count(*)"
            ],
            "Plans": [
                {
                    "Node Type": "Gather",
                    "Parent Relationship": "Outer",
                    "Parallel Aware": false,
                    "Startup Cost": 370790.75,
                    "Total Cost": 370791.36,
                    "Plan Rows": 6,
                    "Plan Width": 8,
                    "Actual Startup Time": 815.159,
                    "Actual Total Time": 870.993,
                    "Actual Rows": 7,
                    "Actual Loops": 1,
                    "Output": [
                        "(PARTIAL count(*))"
                    ],
                    "Workers Planned": 6,
                    "Workers Launched": 6,
                    "Single Copy": false,
                    "Plans": [
                        {
                            "Node Type": "Aggregate",
                            "Strategy": "Plain",
                            "Partial Mode": "Partial",
                            "Parent Relationship": "Outer",
                            "Parallel Aware": false,
                            "Startup Cost": 369790.75,
                            "Total Cost": 369790.76,
                            "Plan Rows": 1,
                            "Plan Width": 8,
                            "Actual Startup Time": 793.096,
                            "Actual Total Time": 793.099,
                            "Actual Rows": 1,
                            "Actual Loops": 7,
                            "Output": [
                                "PARTIAL count(*)"
                            ],
                            "Workers": [
                                {
                                    "Worker Number": 0,
                                    "Actual Startup Time": 789.197,
                                    "Actual Total Time": 789.201,
                                    "Actual Rows": 1,
                                    "Actual Loops": 1
                                },
                                {
                                    "Worker Number": 1,
                                    "Actual Startup Time": 791.002,
                                    "Actual Total Time": 791.005,
                                    "Actual Rows": 1,
                                    "Actual Loops": 1
                                },
                                {
                                    "Worker Number": 2,
                                    "Actual Startup Time": 789.207,
                                    "Actual Total Time": 789.211,
                                    "Actual Rows": 1,
                                    "Actual Loops": 1
                                },
                                {
                                    "Worker Number": 3,
                                    "Actual Startup Time": 789.193,
                                    "Actual Total Time": 789.197,
                                    "Actual Rows": 1,
                                    "Actual Loops": 1
                                },
                                {
                                    "Worker Number": 4,
                                    "Actual Startup Time": 789.372,
                                    "Actual Total Time": 789.375,
                                    "Actual Rows": 1,
                                    "Actual Loops": 1
                                },
                                {
                                    "Worker Number": 5,
                                    "Actual Startup Time": 789.418,
                                    "Actual Total Time": 789.421,
                                    "Actual Rows": 1,
                                    "Actual Loops": 1
                                }
                            ],
                            "Plans": [
                                {
                                    "Node Type": "Hash Join",
                                    "Parent Relationship": "Outer",
                                    "Parallel Aware": true,
                                    "Join Type": "Inner",
                                    "Startup Cost": 109249.7,
                                    "Total Cost": 368676.7,
                                    "Plan Rows": 445620,
                                    "Plan Width": 0,
                                    "Actual Startup Time": 469.221,
                                    "Actual Total Time": 765.121,
                                    "Actual Rows": 390009,
                                    "Actual Loops": 7,
                                    "Inner Unique": true,
                                    "Hash Cond": "(ci.movie_id = t.id)",
                                    "Workers": [
                                        {
                                            "Worker Number": 0,
                                            "Actual Startup Time": 465.483,
                                            "Actual Total Time": 761.221,
                                            "Actual Rows": 380421,
                                            "Actual Loops": 1
                                        },
                                        {
                                            "Worker Number": 1,
                                            "Actual Startup Time": 465.727,
                                            "Actual Total Time": 762.803,
                                            "Actual Rows": 386632,
                                            "Actual Loops": 1
                                        },
                                        {
                                            "Worker Number": 2,
                                            "Actual Startup Time": 465.668,
                                            "Actual Total Time": 761.05,
                                            "Actual Rows": 384109,
                                            "Actual Loops": 1
                                        },
                                        {
                                            "Worker Number": 3,
                                            "Actual Startup Time": 465.346,
                                            "Actual Total Time": 760.76,
                                            "Actual Rows": 400496,
                                            "Actual Loops": 1
                                        },
                                        {
                                            "Worker Number": 4,
                                            "Actual Startup Time": 465.707,
                                            "Actual Total Time": 761.483,
                                            "Actual Rows": 380593,
                                            "Actual Loops": 1
                                        },
                                        {
                                            "Worker Number": 5,
                                            "Actual Startup Time": 465.729,
                                            "Actual Total Time": 761.244,
                                            "Actual Rows": 384997,
                                            "Actual Loops": 1
                                        }
                                    ],
                                    "Plans": [
                                        {
                                            "Node Type": "Bitmap Heap Scan",
                                            "Parent Relationship": "Outer",
                                            "Parallel Aware": true,
                                            "Relation Name": "cast_info",
                                            "Schema": "public",
                                            "Alias": "ci",
                                            "Startup Cost": 59029.89,
                                            "Total Cost": 317287.15,
                                            "Plan Rows": 445620,
                                            "Plan Width": 4,
                                            "Actual Startup Time": 188.74,
                                            "Actual Total Time": 272.9,
                                            "Actual Rows": 390009,
                                            "Actual Loops": 7,
                                            "Output": [
                                                "ci.id",
                                                "ci.person_id",
                                                "ci.movie_id",
                                                "ci.person_role_id",
                                                "ci.note",
                                                "ci.nr_order",
                                                "ci.role_id"
                                            ],
                                            "Recheck Cond": "(ci.person_id < 261730)",
                                            "Rows Removed by Index Recheck": 0,
                                            "Exact Heap Blocks": 4464,
                                            "Lossy Heap Blocks": 0,
                                            "Workers": [
                                                {
                                                    "Worker Number": 0,
                                                    "Actual Startup Time": 188.579,
                                                    "Actual Total Time": 274.682,
                                                    "Actual Rows": 380421,
                                                    "Actual Loops": 1
                                                },
                                                {
                                                    "Worker Number": 1,
                                                    "Actual Startup Time": 188.887,
                                                    "Actual Total Time": 274.124,
                                                    "Actual Rows": 386632,
                                                    "Actual Loops": 1
                                                },
                                                {
                                                    "Worker Number": 2,
                                                    "Actual Startup Time": 188.706,
                                                    "Actual Total Time": 274.783,
                                                    "Actual Rows": 384109,
                                                    "Actual Loops": 1
                                                },
                                                {
                                                    "Worker Number": 3,
                                                    "Actual Startup Time": 188.657,
                                                    "Actual Total Time": 273.548,
                                                    "Actual Rows": 400496,
                                                    "Actual Loops": 1
                                                },
                                                {
                                                    "Worker Number": 4,
                                                    "Actual Startup Time": 188.845,
                                                    "Actual Total Time": 275.27,
                                                    "Actual Rows": 380593,
                                                    "Actual Loops": 1
                                                },
                                                {
                                                    "Worker Number": 5,
                                                    "Actual Startup Time": 188.656,
                                                    "Actual Total Time": 273.607,
                                                    "Actual Rows": 384997,
                                                    "Actual Loops": 1
                                                }
                                            ],
                                            "Plans": [
                                                {
                                                    "Node Type": "Bitmap Index Scan",
                                                    "Parent Relationship": "Outer",
                                                    "Parallel Aware": false,
                                                    "Index Name": "person_id_cast_info",
                                                    "Startup Cost": 0.0,
                                                    "Total Cost": 58361.46,
                                                    "Plan Rows": 2673720,
                                                    "Plan Width": 0,
                                                    "Actual Startup Time": 181.343,
                                                    "Actual Total Time": 181.343,
                                                    "Actual Rows": 2730062,
                                                    "Actual Loops": 1,
                                                    "Index Cond": "(ci.person_id < 261730)",
                                                    "Workers": [
                                                        {
                                                            "Worker Number": 3,
                                                            "Actual Startup Time": 181.343,
                                                            "Actual Total Time": 181.343,
                                                            "Actual Rows": 2730062,
                                                            "Actual Loops": 1
                                                        }
                                                    ]
                                                }
                                            ]
                                        },
                                        {
                                            "Node Type": "Hash",
                                            "Parent Relationship": "Inner",
                                            "Parallel Aware": true,
                                            "Startup Cost": 42318.81,
                                            "Total Cost": 42318.81,
                                            "Plan Rows": 632080,
                                            "Plan Width": 4,
                                            "Actual Startup Time": 273.422,
                                            "Actual Total Time": 273.423,
                                            "Actual Rows": 361187,
                                            "Actual Loops": 7,
                                            "Output": [
                                                "t.id"
                                            ],
                                            "Hash Buckets": 4194304,
                                            "Original Hash Buckets": 4194304,
                                            "Hash Batches": 1,
                                            "Original Hash Batches": 1,
                                            "Peak Memory Usage": 131808,
                                            "Workers": [
                                                {
                                                    "Worker Number": 0,
                                                    "Actual Startup Time": 276.279,
                                                    "Actual Total Time": 276.28,
                                                    "Actual Rows": 348558,
                                                    "Actual Loops": 1
                                                },
                                                {
                                                    "Worker Number": 1,
                                                    "Actual Startup Time": 276.214,
                                                    "Actual Total Time": 276.215,
                                                    "Actual Rows": 341653,
                                                    "Actual Loops": 1
                                                },
                                                {
                                                    "Worker Number": 2,
                                                    "Actual Startup Time": 276.355,
                                                    "Actual Total Time": 276.356,
                                                    "Actual Rows": 351286,
                                                    "Actual Loops": 1
                                                },
                                                {
                                                    "Worker Number": 3,
                                                    "Actual Startup Time": 276.277,
                                                    "Actual Total Time": 276.278,
                                                    "Actual Rows": 346142,
                                                    "Actual Loops": 1
                                                },
                                                {
                                                    "Worker Number": 4,
                                                    "Actual Startup Time": 276.406,
                                                    "Actual Total Time": 276.407,
                                                    "Actual Rows": 344734,
                                                    "Actual Loops": 1
                                                },
                                                {
                                                    "Worker Number": 5,
                                                    "Actual Startup Time": 276.475,
                                                    "Actual Total Time": 276.477,
                                                    "Actual Rows": 340272,
                                                    "Actual Loops": 1
                                                }
                                            ],
                                            "Plans": [
                                                {
                                                    "Node Type": "Seq Scan",
                                                    "Parent Relationship": "Outer",
                                                    "Parallel Aware": true,
                                                    "Relation Name": "title",
                                                    "Schema": "public",
                                                    "Alias": "t",
                                                    "Startup Cost": 0.0,
                                                    "Total Cost": 42318.81,
                                                    "Plan Rows": 632080,
                                                    "Plan Width": 4,
                                                    "Actual Startup Time": 0.047,
                                                    "Actual Total Time": 83.514,
                                                    "Actual Rows": 361187,
                                                    "Actual Loops": 7,
                                                    "Output": [
                                                        "t.id"
                                                    ],
                                                    "Workers": [
                                                        {
                                                            "Worker Number": 0,
                                                            "Actual Startup Time": 0.068,
                                                            "Actual Total Time": 86.015,
                                                            "Actual Rows": 348558,
                                                            "Actual Loops": 1
                                                        },
                                                        {
                                                            "Worker Number": 1,
                                                            "Actual Startup Time": 0.06,
                                                            "Actual Total Time": 84.794,
                                                            "Actual Rows": 341653,
                                                            "Actual Loops": 1
                                                        },
                                                        {
                                                            "Worker Number": 2,
                                                            "Actual Startup Time": 0.077,
                                                            "Actual Total Time": 87.483,
                                                            "Actual Rows": 351286,
                                                            "Actual Loops": 1
                                                        },
                                                        {
                                                            "Worker Number": 3,
                                                            "Actual Startup Time": 0.043,
                                                            "Actual Total Time": 85.047,
                                                            "Actual Rows": 346142,
                                                            "Actual Loops": 1
                                                        },
                                                        {
                                                            "Worker Number": 4,
                                                            "Actual Startup Time": 0.04,
                                                            "Actual Total Time": 86.835,
                                                            "Actual Rows": 344734,
                                                            "Actual Loops": 1
                                                        },
                                                        {
                                                            "Worker Number": 5,
                                                            "Actual Startup Time": 0.033,
                                                            "Actual Total Time": 84.842,
                                                            "Actual Rows": 340272,
                                                            "Actual Loops": 1
                                                        }
                                                    ]
                                                }
                                            ]
                                        }
                                    ]
                                }
                            ]
                        }
                    ]
                }
            ]
        },
        "Planning Time": 583.014,
        "Triggers": [],
        "Execution Time": 871.128
    }
]