[
  {
    "Plan": {
      "Node Type": "Aggregate",
      "Strategy": "Plain",
      "Partial Mode": "Finalize",
      "Parallel Aware": false,
      "Startup Cost": 185669.17,
      "Total Cost": 185669.18,
      "Plan Rows": 1,
      "Plan Width": 8,
      "Actual Startup Time": 168.795,
      "Actual Total Time": 179.374,
      "Actual Rows": 1,
      "Actual Loops": 1,
      "Plans": [
        {
          "Node Type": "Gather",
          "Parent Relationship": "Outer",
          "Parallel Aware": false,
          "Startup Cost": 185668.64,
          "Total Cost": 185669.15,
          "Plan Rows": 5,
          "Plan Width": 8,
          "Actual Startup Time": 167.949,
          "Actual Total Time": 179.365,
          "Actual Rows": 6,
          "Actual Loops": 1,
          "Workers Planned": 5,
          "Workers Launched": 5,
          "Single Copy": false,
          "Plans": [
            {
              "Node Type": "Aggregate",
              "Strategy": "Plain",
              "Partial Mode": "Partial",
              "Parent Relationship": "Outer",
              "Parallel Aware": false,
              "Startup Cost": 184668.64,
              "Total Cost": 184668.65,
              "Plan Rows": 1,
              "Plan Width": 8,
              "Actual Startup Time": 160.633,
              "Actual Total Time": 160.635,
              "Actual Rows": 1,
              "Actual Loops": 6,
              "Plans": [
                {
                  "Node Type": "Bitmap Heap Scan",
                  "Parent Relationship": "Outer",
                  "Parallel Aware": true,
                  "Relation Name": "movie_info",
                  "Alias": "mi",
                  "Startup Cost": 19454.28,
                  "Total Cost": 184131.75,
                  "Plan Rows": 214757,
                  "Plan Width": 0,
                  "Actual Startup Time": 74.865,
                  "Actual Total Time": 149.829,
                  "Actual Rows": 169932,
                  "Actual Loops": 6,
                  "Recheck Cond": "(info_type_id > 85)",
                  "Rows Removed by Index Recheck": 0,
                  "Exact Heap Blocks": 10900,
                  "Lossy Heap Blocks": 0,
                  "Plans": [
                    {
                      "Node Type": "Bitmap Index Scan",
                      "Parent Relationship": "Outer",
                      "Parallel Aware": false,
                      "Index Name": "info_type_id_movie_info",
                      "Startup Cost": 0.0,
                      "Total Cost": 19185.84,
                      "Plan Rows": 1073787,
                      "Plan Width": 0,
                      "Actual Startup Time": 75.332,
                      "Actual Total Time": 75.333,
                      "Actual Rows": 1019595,
                      "Actual Loops": 1,
                      "Index Cond": "(info_type_id > 85)"
                    }
                  ]
                }
              ]
            }
          ]
        }
      ]
    },
    "Planning Time": 0.184,
    "Triggers": [],
    "Execution Time": 179.451
  }
]