{
  "Plan": {
    "Node Type": "Aggregate",
    "Strategy": "Plain",
    "Partial Mode": "Finalize",
    "Parallel Aware": false,
    "Startup Cost": 300268.31,
    "Total Cost": 300268.32,
    "Plan Rows": 1,
    "Plan Width": 8,
    "Actual Startup Time": 631.935,
    "Actual Total Time": 652.986,
    "Actual Rows": 1,
    "Actual Loops": 1,
    "Plans": [
      {
        "Node Type": "Gather",
        "Parent Relationship": "Outer",
        "Parallel Aware": false,
        "Startup Cost": 300268.2,
        "Total Cost": 300268.31,
        "Plan Rows": 1,
        "Plan Width": 8,
        "Actual Startup Time": 631.679,
        "Actual Total Time": 652.975,
        "Actual Rows": 2,
        "Actual Loops": 1,
        "Workers Planned": 1,
        "Workers Launched": 1,
        "Single Copy": false,
        "Plans": [
          {
            "Node Type": "Aggregate",
            "Strategy": "Plain",
            "Partial Mode": "Partial",
            "Parent Relationship": "Outer",
            "Parallel Aware": false,
            "Startup Cost": 299268.2,
            "Total Cost": 299268.21,
            "Plan Rows": 1,
            "Plan Width": 8,
            "Actual Startup Time": 625.755,
            "Actual Total Time": 625.76,
            "Actual Rows": 1,
            "Actual Loops": 2,
            "Plans": [
              {
                "Node Type": "Nested Loop",
                "Parent Relationship": "Outer",
                "Parallel Aware": false,
                "Join Type": "Inner",
                "Startup Cost": 58771.59,
                "Total Cost": 299263.79,
                "Plan Rows": 1765,
                "Plan Width": 0,
                "Actual Startup Time": 409.901,
                "Actual Total Time": 625.752,
                "Actual Rows": 1,
                "Actual Loops": 2,
                "Inner Unique": false,
                "Join Filter": "(t.id = mi_idx.movie_id)",
                "Rows Removed by Join Filter": 0,
                "Plans": [
                  {
                    "Node Type": "Hash Join",
                    "Parent Relationship": "Outer",
                    "Parallel Aware": true,
                    "Join Type": "Inner",
                    "Startup Cost": 58771.16,
                    "Total Cost": 295960.3,
                    "Plan Rows": 4821,
                    "Plan Width": 8,
                    "Actual Startup Time": 169.104,
                    "Actual Total Time": 625.662,
                    "Actual Rows": 2,
                    "Actual Loops": 2,
                    "Inner Unique": true,
                    "Hash Cond": "(ci.movie_id = t.id)",
                    "Plans": [
                      {
                        "Node Type": "Index Scan",
                        "Parent Relationship": "Outer",
                        "Parallel Aware": true,
                        "Scan Direction": "Forward",
                        "Index Name": "role_id_cast_info",
                        "Relation Name": "cast_info",
                        "Alias": "ci",
                        "Startup Cost": 0.56,
                        "Total Cost": 236682.84,
                        "Plan Rows": 193095,
                        "Plan Width": 4,
                        "Actual Startup Time": 0.683,
                        "Actual Total Time": 468.834,
                        "Actual Rows": 102,
                        "Actual Loops": 2,
                        "Index Cond": "(role_id = 2)",
                        "Rows Removed by Index Recheck": 0,
                        "Filter": "(person_id < 164654)",
                        "Rows Removed by Filter": 3725884
                      },
                      {
                        "Node Type": "Hash",
                        "Parent Relationship": "Inner",
                        "Parallel Aware": true,
                        "Startup Cost": 58306.47,
                        "Total Cost": 58306.47,
                        "Plan Rows": 37130,
                        "Plan Width": 4,
                        "Actual Startup Time": 155.618,
                        "Actual Total Time": 155.619,
                        "Actual Rows": 26952,
                        "Actual Loops": 2,
                        "Hash Buckets": 65536,
                        "Original Hash Buckets": 65536,
                        "Hash Batches": 1,
                        "Original Hash Batches": 1,
                        "Peak Memory Usage": 2656,
                        "Plans": [
                          {
                            "Node Type": "Seq Scan",
                            "Parent Relationship": "Outer",
                            "Parallel Aware": true,
                            "Relation Name": "title",
                            "Alias": "t",
                            "Startup Cost": 0.0,
                            "Total Cost": 58306.47,
                            "Plan Rows": 37130,
                            "Plan Width": 4,
                            "Actual Startup Time": 0.133,
                            "Actual Total Time": 146.431,
                            "Actual Rows": 26952,
                            "Actual Loops": 2,
                            "Filter": "((kind_id < 7) AND (production_year = 2012))",
                            "Rows Removed by Filter": 1237204
                          }
                        ]
                      }
                    ]
                  },
                  {
                    "Node Type": "Index Scan",
                    "Parent Relationship": "Inner",
                    "Parallel Aware": false,
                    "Scan Direction": "Forward",
                    "Index Name": "movie_id_movie_info_idx",
                    "Relation Name": "movie_info_idx",
                    "Alias": "mi_idx",
                    "Startup Cost": 0.43,
                    "Total Cost": 0.66,
                    "Plan Rows": 2,
                    "Plan Width": 4,
                    "Actual Startup Time": 0.039,
                    "Actual Total Time": 0.04,
                    "Actual Rows": 0,
                    "Actual Loops": 4,
                    "Index Cond": "(movie_id = ci.movie_id)",
                    "Rows Removed by Index Recheck": 0,
                    "Filter": "(info_type_id > 99)",
                    "Rows Removed by Filter": 0
                  }
                ]
              }
            ]
          }
        ]
      }
    ]
  },
  "Planning Time": 0.934,
  "Triggers": [],
  "Execution Time": 653.087
}