{
  "Plan": {
    "Node Type": "Aggregate",
    "Strategy": "Plain",
    "Partial Mode": "Finalize",
    "Parallel Aware": false,
    "Startup Cost": 138579.26,
    "Total Cost": 138579.27,
    "Plan Rows": 1,
    "Plan Width": 8,
    "Actual Startup Time": 985.495,
    "Actual Total Time": 1012.609,
    "Actual Rows": 1,
    "Actual Loops": 1,
    "Plans": [
      {
        "Node Type": "Gather",
        "Parent Relationship": "Outer",
        "Parallel Aware": false,
        "Startup Cost": 138579.15,
        "Total Cost": 138579.26,
        "Plan Rows": 1,
        "Plan Width": 8,
        "Actual Startup Time": 979.089,
        "Actual Total Time": 1012.602,
        "Actual Rows": 2,
        "Actual Loops": 1,
        "Workers Planned": 1,
        "Workers Launched": 1,
        "Single Copy": false,
        "Plans": [
          {
            "Node Type": "Aggregate",
            "Strategy": "Plain",
            "Partial Mode": "Partial",
            "Parent Relationship": "Outer",
            "Parallel Aware": false,
            "Startup Cost": 137579.15,
            "Total Cost": 137579.16,
            "Plan Rows": 1,
            "Plan Width": 8,
            "Actual Startup Time": 972.46,
            "Actual Total Time": 972.466,
            "Actual Rows": 1,
            "Actual Loops": 2,
            "Plans": [
              {
                "Node Type": "Hash Join",
                "Parent Relationship": "Outer",
                "Parallel Aware": true,
                "Join Type": "Inner",
                "Startup Cost": 116835.38,
                "Total Cost": 137088.02,
                "Plan Rows": 196451,
                "Plan Width": 0,
                "Actual Startup Time": 785.364,
                "Actual Total Time": 944.808,
                "Actual Rows": 703430,
                "Actual Loops": 2,
                "Inner Unique": false,
                "Hash Cond": "(mi_idx.movie_id = t.id)",
                "Plans": [
                  {
                    "Node Type": "Seq Scan",
                    "Parent Relationship": "Outer",
                    "Parallel Aware": true,
                    "Relation Name": "movie_info_idx",
                    "Alias": "mi_idx",
                    "Startup Cost": 0.0,
                    "Total Cost": 16052.85,
                    "Plan Rows": 811785,
                    "Plan Width": 4,
                    "Actual Startup Time": 0.022,
                    "Actual Total Time": 46.941,
                    "Actual Rows": 690018,
                    "Actual Loops": 2
                  },
                  {
                    "Node Type": "Hash",
                    "Parent Relationship": "Inner",
                    "Parallel Aware": true,
                    "Startup Cost": 112336.53,
                    "Total Cost": 112336.53,
                    "Plan Rows": 359908,
                    "Plan Width": 8,
                    "Actual Startup Time": 766.451,
                    "Actual Total Time": 766.455,
                    "Actual Rows": 300102,
                    "Actual Loops": 2,
                    "Hash Buckets": 1048576,
                    "Original Hash Buckets": 1048576,
                    "Hash Batches": 1,
                    "Original Hash Batches": 1,
                    "Peak Memory Usage": 31712,
                    "Plans": [
                      {
                        "Node Type": "Hash Join",
                        "Parent Relationship": "Outer",
                        "Parallel Aware": true,
                        "Join Type": "Inner",
                        "Startup Cost": 82438.92,
                        "Total Cost": 112336.53,
                        "Plan Rows": 359908,
                        "Plan Width": 8,
                        "Actual Startup Time": 548.429,
                        "Actual Total Time": 697.502,
                        "Actual Rows": 300102,
                        "Actual Loops": 2,
                        "Inner Unique": true,
                        "Hash Cond": "(mk.movie_id = t.id)",
                        "Plans": [
                          {
                            "Node Type": "Bitmap Heap Scan",
                            "Parent Relationship": "Outer",
                            "Parallel Aware": true,
                            "Relation Name": "movie_keyword",
                            "Alias": "mk",
                            "Startup Cost": 12978.22,
                            "Total Cost": 41931.08,
                            "Plan Rows": 359908,
                            "Plan Width": 4,
                            "Actual Startup Time": 33.27,
                            "Actual Total Time": 104.343,
                            "Actual Rows": 300102,
                            "Actual Loops": 2,
                            "Recheck Cond": "(keyword_id > 30639)",
                            "Rows Removed by Index Recheck": 0,
                            "Exact Heap Blocks": 12975,
                            "Lossy Heap Blocks": 0,
                            "Plans": [
                              {
                                "Node Type": "Bitmap Index Scan",
                                "Parent Relationship": "Outer",
                                "Parallel Aware": false,
                                "Index Name": "keyword_id_movie_keyword",
                                "Startup Cost": 0.0,
                                "Total Cost": 12825.26,
                                "Plan Rows": 611844,
                                "Plan Width": 0,
                                "Actual Startup Time": 29.878,
                                "Actual Total Time": 29.878,
                                "Actual Rows": 600204,
                                "Actual Loops": 1,
                                "Index Cond": "(keyword_id > 30639)"
                              }
                            ]
                          },
                          {
                            "Node Type": "Hash",
                            "Parent Relationship": "Inner",
                            "Parallel Aware": true,
                            "Startup Cost": 50870.31,
                            "Total Cost": 50870.31,
                            "Plan Rows": 1487231,
                            "Plan Width": 4,
                            "Actual Startup Time": 499.184,
                            "Actual Total Time": 499.185,
                            "Actual Rows": 1264156,
                            "Actual Loops": 2,
                            "Hash Buckets": 4194304,
                            "Original Hash Buckets": 4194304,
                            "Hash Batches": 1,
                            "Original Hash Batches": 1,
                            "Peak Memory Usage": 131712,
                            "Plans": [
                              {
                                "Node Type": "Seq Scan",
                                "Parent Relationship": "Outer",
                                "Parallel Aware": true,
                                "Relation Name": "title",
                                "Alias": "t",
                                "Startup Cost": 0.0,
                                "Total Cost": 50870.31,
                                "Plan Rows": 1487231,
                                "Plan Width": 4,
                                "Actual Startup Time": 0.033,
                                "Actual Total Time": 150.319,
                                "Actual Rows": 1264156,
                                "Actual Loops": 2
                              }
                            ]
                          }
                        ]
                      }
                    ]
                  }
                ]
              }
            ]
          }
        ]
      }
    ]
  },
  "Planning Time": 1.01,
  "Triggers": [],
  "Execution Time": 1012.712
}