[
  {
    "Plan": {
      "Node Type": "Aggregate",
      "Strategy": "Plain",
      "Partial Mode": "Finalize",
      "Parallel Aware": false,
      "Startup Cost": 30880.29,
      "Total Cost": 30880.3,
      "Plan Rows": 1,
      "Plan Width": 8,
      "Actual Startup Time": 105.301,
      "Actual Total Time": 112.489,
      "Actual Rows": 1,
      "Actual Loops": 1,
      "Plans": [
        {
          "Node Type": "Gather",
          "Parent Relationship": "Outer",
          "Parallel Aware": false,
          "Startup Cost": 30879.98,
          "Total Cost": 30880.29,
          "Plan Rows": 3,
          "Plan Width": 8,
          "Actual Startup Time": 105.008,
          "Actual Total Time": 112.481,
          "Actual Rows": 4,
          "Actual Loops": 1,
          "Workers Planned": 3,
          "Workers Launched": 3,
          "Single Copy": false,
          "Plans": [
            {
              "Node Type": "Aggregate",
              "Strategy": "Plain",
              "Partial Mode": "Partial",
              "Parent Relationship": "Outer",
              "Parallel Aware": false,
              "Startup Cost": 29879.98,
              "Total Cost": 29879.99,
              "Plan Rows": 1,
              "Plan Width": 8,
              "Actual Startup Time": 96.792,
              "Actual Total Time": 96.793,
              "Actual Rows": 1,
              "Actual Loops": 4,
              "Plans": [
                {
                  "Node Type": "Bitmap Heap Scan",
                  "Parent Relationship": "Outer",
                  "Parallel Aware": true,
                  "Relation Name": "movie_companies",
                  "Alias": "mc",
                  "Startup Cost": 8921.58,
                  "Total Cost": 29715.56,
                  "Plan Rows": 65766,
                  "Plan Width": 0,
                  "Actual Startup Time": 37.823,
                  "Actual Total Time": 91.307,
                  "Actual Rows": 78962,
                  "Actual Loops": 4,
                  "Recheck Cond": "(company_id < 272)",
                  "Rows Removed by Index Recheck": 0,
                  "Filter": "(company_type_id < 2)",
                  "Rows Removed by Filter": 24129,
                  "Exact Heap Blocks": 8829,
                  "Lossy Heap Blocks": 0,
                  "Plans": [
                    {
                      "Node Type": "Bitmap Index Scan",
                      "Parent Relationship": "Outer",
                      "Parallel Aware": false,
                      "Index Name": "company_id_movie_companies",
                      "Startup Cost": 0.0,
                      "Total Cost": 8870.61,
                      "Plan Rows": 414157,
                      "Plan Width": 0,
                      "Actual Startup Time": 41.718,
                      "Actual Total Time": 41.718,
                      "Actual Rows": 412364,
                      "Actual Loops": 1,
                      "Index Cond": "(company_id < 272)"
                    }
                  ]
                }
              ]
            }
          ]
        }
      ]
    },
    "Planning Time": 0.207,
    "Triggers": [],
    "Execution Time": 112.562
  }
]