[
  {
    "Plan": {
      "Node Type": "Aggregate",
      "Strategy": "Plain",
      "Partial Mode": "Finalize",
      "Parallel Aware": false,
      "Startup Cost": 47137.98,
      "Total Cost": 47137.99,
      "Plan Rows": 1,
      "Plan Width": 8,
      "Actual Startup Time": 176.354,
      "Actual Total Time": 186.79,
      "Actual Rows": 1,
      "Actual Loops": 1,
      "Plans": [
        {
          "Node Type": "Gather",
          "Parent Relationship": "Outer",
          "Parallel Aware": false,
          "Startup Cost": 47137.67,
          "Total Cost": 47137.98,
          "Plan Rows": 3,
          "Plan Width": 8,
          "Actual Startup Time": 176.241,
          "Actual Total Time": 186.78,
          "Actual Rows": 4,
          "Actual Loops": 1,
          "Workers Planned": 3,
          "Workers Launched": 3,
          "Single Copy": false,
          "Plans": [
            {
              "Node Type": "Aggregate",
              "Strategy": "Plain",
              "Partial Mode": "Partial",
              "Parent Relationship": "Outer",
              "Parallel Aware": false,
              "Startup Cost": 46137.67,
              "Total Cost": 46137.68,
              "Plan Rows": 1,
              "Plan Width": 8,
              "Actual Startup Time": 171.426,
              "Actual Total Time": 171.428,
              "Actual Rows": 1,
              "Actual Loops": 4,
              "Plans": [
                {
                  "Node Type": "Seq Scan",
                  "Parent Relationship": "Outer",
                  "Parallel Aware": true,
                  "Relation Name": "movie_keyword",
                  "Alias": "mk",
                  "Startup Cost": 0.0,
                  "Total Cost": 42695.65,
                  "Plan Rows": 1376805,
                  "Plan Width": 0,
                  "Actual Startup Time": 0.032,
                  "Actual Total Time": 123.355,
                  "Actual Rows": 1066197,
                  "Actual Loops": 4,
                  "Filter": "(keyword_id < 59429)",
                  "Rows Removed by Filter": 64786
                }
              ]
            }
          ]
        }
      ]
    },
    "Planning Time": 0.184,
    "Triggers": [],
    "Execution Time": 186.822
  }
]