[
  {
    "Plan": {
      "Node Type": "Aggregate",
      "Strategy": "Plain",
      "Partial Mode": "Finalize",
      "Parallel Aware": false,
      "Startup Cost": 31780.76,
      "Total Cost": 31780.77,
      "Plan Rows": 1,
      "Plan Width": 8,
      "Actual Startup Time": 122.095,
      "Actual Total Time": 128.361,
      "Actual Rows": 1,
      "Actual Loops": 1,
      "Plans": [
        {
          "Node Type": "Gather",
          "Parent Relationship": "Outer",
          "Parallel Aware": false,
          "Startup Cost": 31780.45,
          "Total Cost": 31780.76,
          "Plan Rows": 3,
          "Plan Width": 8,
          "Actual Startup Time": 122.011,
          "Actual Total Time": 128.352,
          "Actual Rows": 4,
          "Actual Loops": 1,
          "Workers Planned": 3,
          "Workers Launched": 3,
          "Single Copy": false,
          "Plans": [
            {
              "Node Type": "Aggregate",
              "Strategy": "Plain",
              "Partial Mode": "Partial",
              "Parent Relationship": "Outer",
              "Parallel Aware": false,
              "Startup Cost": 30780.45,
              "Total Cost": 30780.46,
              "Plan Rows": 1,
              "Plan Width": 8,
              "Actual Startup Time": 113.644,
              "Actual Total Time": 113.645,
              "Actual Rows": 1,
              "Actual Loops": 4,
              "Plans": [
                {
                  "Node Type": "Seq Scan",
                  "Parent Relationship": "Outer",
                  "Parallel Aware": true,
                  "Relation Name": "movie_companies",
                  "Alias": "mc",
                  "Startup Cost": 0.0,
                  "Total Cost": 29310.68,
                  "Plan Rows": 587906,
                  "Plan Width": 0,
                  "Actual Startup Time": 1.103,
                  "Actual Total Time": 89.573,
                  "Actual Rows": 459026,
                  "Actual Loops": 4,
                  "Filter": "(company_id > 1671)",
                  "Rows Removed by Filter": 193256
                }
              ]
            }
          ]
        }
      ]
    },
    "Planning Time": 0.166,
    "Triggers": [],
    "Execution Time": 128.421
  }
]