[
  {
    "Plan": {
      "Node Type": "Aggregate",
      "Strategy": "Plain",
      "Partial Mode": "Finalize",
      "Parallel Aware": false,
      "Startup Cost": 38455.87,
      "Total Cost": 38455.88,
      "Plan Rows": 1,
      "Plan Width": 8,
      "Actual Startup Time": 44.318,
      "Actual Total Time": 50.245,
      "Actual Rows": 1,
      "Actual Loops": 1,
      "Plans": [
        {
          "Node Type": "Gather",
          "Parent Relationship": "Outer",
          "Parallel Aware": false,
          "Startup Cost": 38455.55,
          "Total Cost": 38455.86,
          "Plan Rows": 3,
          "Plan Width": 8,
          "Actual Startup Time": 44.119,
          "Actual Total Time": 50.237,
          "Actual Rows": 4,
          "Actual Loops": 1,
          "Workers Planned": 3,
          "Workers Launched": 3,
          "Single Copy": false,
          "Plans": [
            {
              "Node Type": "Aggregate",
              "Strategy": "Plain",
              "Partial Mode": "Partial",
              "Parent Relationship": "Outer",
              "Parallel Aware": false,
              "Startup Cost": 37455.55,
              "Total Cost": 37455.56,
              "Plan Rows": 1,
              "Plan Width": 8,
              "Actual Startup Time": 34.757,
              "Actual Total Time": 34.758,
              "Actual Rows": 1,
              "Actual Loops": 4,
              "Plans": [
                {
                  "Node Type": "Nested Loop",
                  "Parent Relationship": "Outer",
                  "Parallel Aware": false,
                  "Join Type": "Inner",
                  "Startup Cost": 235.62,
                  "Total Cost": 37453.04,
                  "Plan Rows": 1003,
                  "Plan Width": 0,
                  "Actual Startup Time": 6.358,
                  "Actual Total Time": 34.544,
                  "Actual Rows": 1426,
                  "Actual Loops": 4,
                  "Inner Unique": false,
                  "Plans": [
                    {
                      "Node Type": "Bitmap Heap Scan",
                      "Parent Relationship": "Outer",
                      "Parallel Aware": true,
                      "Relation Name": "title",
                      "Alias": "t",
                      "Startup Cost": 235.2,
                      "Total Cost": 26051.52,
                      "Plan Rows": 1838,
                      "Plan Width": 4,
                      "Actual Startup Time": 5.827,
                      "Actual Total Time": 22.889,
                      "Actual Rows": 896,
                      "Actual Loops": 4,
                      "Recheck Cond": "(kind_id = 6)",
                      "Rows Removed by Index Recheck": 0,
                      "Filter": "(production_year > 2004)",
                      "Rows Removed by Filter": 2254,
                      "Exact Heap Blocks": 5313,
                      "Lossy Heap Blocks": 0,
                      "Plans": [
                        {
                          "Node Type": "Bitmap Index Scan",
                          "Parent Relationship": "Outer",
                          "Parallel Aware": false,
                          "Index Name": "kind_id_title",
                          "Startup Cost": 0.0,
                          "Total Cost": 233.77,
                          "Plan Rows": 12979,
                          "Plan Width": 0,
                          "Actual Startup Time": 9.855,
                          "Actual Total Time": 9.855,
                          "Actual Rows": 12600,
                          "Actual Loops": 1,
                          "Index Cond": "(kind_id = 6)"
                        }
                      ]
                    },
                    {
                      "Node Type": "Index Only Scan",
                      "Parent Relationship": "Inner",
                      "Parallel Aware": false,
                      "Scan Direction": "Forward",
                      "Index Name": "movie_id_movie_info_idx",
                      "Relation Name": "movie_info_idx",
                      "Alias": "mi_idx",
                      "Startup Cost": 0.43,
                      "Total Cost": 6.17,
                      "Plan Rows": 3,
                      "Plan Width": 4,
                      "Actual Startup Time": 0.011,
                      "Actual Total Time": 0.012,
                      "Actual Rows": 2,
                      "Actual Loops": 3582,
                      "Index Cond": "(movie_id = t.id)",
                      "Rows Removed by Index Recheck": 0,
                      "Heap Fetches": 5706
                    }
                  ]
                }
              ]
            }
          ]
        }
      ]
    },
    "Planning Time": 0.62,
    "Triggers": [],
    "Execution Time": 50.347
  }
]