[
  {
    "Plan": {
      "Node Type": "Aggregate",
      "Strategy": "Plain",
      "Partial Mode": "Finalize",
      "Parallel Aware": false,
      "Startup Cost": 45359.12,
      "Total Cost": 45359.13,
      "Plan Rows": 1,
      "Plan Width": 8,
      "Actual Startup Time": 142.692,
      "Actual Total Time": 152.194,
      "Actual Rows": 1,
      "Actual Loops": 1,
      "Plans": [
        {
          "Node Type": "Gather",
          "Parent Relationship": "Outer",
          "Parallel Aware": false,
          "Startup Cost": 45358.8,
          "Total Cost": 45359.11,
          "Plan Rows": 3,
          "Plan Width": 8,
          "Actual Startup Time": 142.562,
          "Actual Total Time": 152.185,
          "Actual Rows": 4,
          "Actual Loops": 1,
          "Workers Planned": 3,
          "Workers Launched": 3,
          "Single Copy": false,
          "Plans": [
            {
              "Node Type": "Aggregate",
              "Strategy": "Plain",
              "Partial Mode": "Partial",
              "Parent Relationship": "Outer",
              "Parallel Aware": false,
              "Startup Cost": 44358.8,
              "Total Cost": 44358.81,
              "Plan Rows": 1,
              "Plan Width": 8,
              "Actual Startup Time": 135.87,
              "Actual Total Time": 135.871,
              "Actual Rows": 1,
              "Actual Loops": 4,
              "Plans": [
                {
                  "Node Type": "Seq Scan",
                  "Parent Relationship": "Outer",
                  "Parallel Aware": true,
                  "Relation Name": "movie_keyword",
                  "Alias": "mk",
                  "Startup Cost": 0.0,
                  "Total Cost": 42695.65,
                  "Plan Rows": 665258,
                  "Plan Width": 0,
                  "Actual Startup Time": 0.048,
                  "Actual Total Time": 111.907,
                  "Actual Rows": 514683,
                  "Actual Loops": 4,
                  "Filter": "(keyword_id < 3661)",
                  "Rows Removed by Filter": 616299
                }
              ]
            }
          ]
        }
      ]
    },
    "Planning Time": 0.181,
    "Triggers": [],
    "Execution Time": 152.257
  }
]