[
  {
    "Plan": {
      "Node Type": "Aggregate",
      "Strategy": "Plain",
      "Partial Mode": "Finalize",
      "Parallel Aware": false,
      "Startup Cost": 313358.67,
      "Total Cost": 313358.68,
      "Plan Rows": 1,
      "Plan Width": 8,
      "Actual Startup Time": 999.018,
      "Actual Total Time": 1044.819,
      "Actual Rows": 1,
      "Actual Loops": 1,
      "Plans": [
        {
          "Node Type": "Gather",
          "Parent Relationship": "Outer",
          "Parallel Aware": false,
          "Startup Cost": 313358.15,
          "Total Cost": 313358.66,
          "Plan Rows": 5,
          "Plan Width": 8,
          "Actual Startup Time": 989.515,
          "Actual Total Time": 1044.807,
          "Actual Rows": 6,
          "Actual Loops": 1,
          "Workers Planned": 5,
          "Workers Launched": 5,
          "Single Copy": false,
          "Plans": [
            {
              "Node Type": "Aggregate",
              "Strategy": "Plain",
              "Partial Mode": "Partial",
              "Parent Relationship": "Outer",
              "Parallel Aware": false,
              "Startup Cost": 312358.15,
              "Total Cost": 312358.16,
              "Plan Rows": 1,
              "Plan Width": 8,
              "Actual Startup Time": 975.432,
              "Actual Total Time": 975.661,
              "Actual Rows": 1,
              "Actual Loops": 6,
              "Plans": [
                {
                  "Node Type": "Hash Join",
                  "Parent Relationship": "Outer",
                  "Parallel Aware": true,
                  "Join Type": "Inner",
                  "Startup Cost": 100132.38,
                  "Total Cost": 308176.34,
                  "Plan Rows": 1672723,
                  "Plan Width": 0,
                  "Actual Startup Time": 331.427,
                  "Actual Total Time": 951.055,
                  "Actual Rows": 623427,
                  "Actual Loops": 6,
                  "Inner Unique": false,
                  "Hash Cond": "(mi.movie_id = t.id)",
                  "Plans": [
                    {
                      "Node Type": "Seq Scan",
                      "Parent Relationship": "Outer",
                      "Parallel Aware": true,
                      "Relation Name": "movie_info",
                      "Alias": "mi",
                      "Startup Cost": 0.0,
                      "Total Cost": 191560.33,
                      "Plan Rows": 2956733,
                      "Plan Width": 4,
                      "Actual Startup Time": 0.032,
                      "Actual Total Time": 277.825,
                      "Actual Rows": 2472620,
                      "Actual Loops": 6
                    },
                    {
                      "Node Type": "Hash",
                      "Parent Relationship": "Inner",
                      "Parallel Aware": true,
                      "Startup Cost": 94364.88,
                      "Total Cost": 94364.88,
                      "Plan Rows": 461400,
                      "Plan Width": 8,
                      "Actual Startup Time": 325.685,
                      "Actual Total Time": 325.913,
                      "Actual Rows": 61281,
                      "Actual Loops": 6,
                      "Hash Buckets": 2097152,
                      "Original Hash Buckets": 2097152,
                      "Hash Batches": 1,
                      "Original Hash Batches": 1,
                      "Peak Memory Usage": 30880,
                      "Plans": [
                        {
                          "Node Type": "Hash Join",
                          "Parent Relationship": "Outer",
                          "Parallel Aware": true,
                          "Join Type": "Inner",
                          "Startup Cost": 48474.1,
                          "Total Cost": 94364.88,
                          "Plan Rows": 461400,
                          "Plan Width": 8,
                          "Actual Startup Time": 156.914,
                          "Actual Total Time": 299.14,
                          "Actual Rows": 61281,
                          "Actual Loops": 6,
                          "Inner Unique": true,
                          "Hash Cond": "(mk.movie_id = t.id)",
                          "Plans": [
                            {
                              "Node Type": "Seq Scan",
                              "Parent Relationship": "Outer",
                              "Parallel Aware": true,
                              "Relation Name": "movie_keyword",
                              "Alias": "mk",
                              "Startup Cost": 0.0,
                              "Total Cost": 42695.65,
                              "Plan Rows": 1217192,
                              "Plan Width": 4,
                              "Actual Startup Time": 0.043,
                              "Actual Total Time": 78.32,
                              "Actual Rows": 627476,
                              "Actual Loops": 6,
                              "Filter": "(keyword_id > 707)",
                              "Rows Removed by Filter": 126512
                            },
                            {
                              "Node Type": "Hash",
                              "Parent Relationship": "Inner",
                              "Parallel Aware": true,
                              "Startup Cost": 45479.1,
                              "Total Cost": 45479.1,
                              "Plan Rows": 239600,
                              "Plan Width": 4,
                              "Actual Startup Time": 155.498,
                              "Actual Total Time": 155.499,
                              "Actual Rows": 175032,
                              "Actual Loops": 6,
                              "Hash Buckets": 1048576,
                              "Original Hash Buckets": 1048576,
                              "Hash Batches": 1,
                              "Original Hash Batches": 1,
                              "Peak Memory Usage": 49344,
                              "Plans": [
                                {
                                  "Node Type": "Seq Scan",
                                  "Parent Relationship": "Outer",
                                  "Parallel Aware": true,
                                  "Relation Name": "title",
                                  "Alias": "t",
                                  "Startup Cost": 0.0,
                                  "Total Cost": 45479.1,
                                  "Plan Rows": 239600,
                                  "Plan Width": 4,
                                  "Actual Startup Time": 0.043,
                                  "Actual Total Time": 82.265,
                                  "Actual Rows": 175032,
                                  "Actual Loops": 6,
                                  "Filter": "((production_year > 1996) AND (kind_id = 7))",
                                  "Rows Removed by Filter": 246353
                                }
                              ]
                            }
                          ]
                        }
                      ]
                    }
                  ]
                }
              ]
            }
          ]
        }
      ]
    },
    "Planning Time": 1.372,
    "Triggers": [],
    "Execution Time": 1044.911
  }
]