{
  "Plan": {
    "Node Type": "Aggregate",
    "Strategy": "Plain",
    "Partial Mode": "Finalize",
    "Parallel Aware": false,
    "Startup Cost": 111991.88,
    "Total Cost": 111991.89,
    "Plan Rows": 1,
    "Plan Width": 8,
    "Actual Startup Time": 752.616,
    "Actual Total Time": 768.776,
    "Actual Rows": 1,
    "Actual Loops": 1,
    "Plans": [
      {
        "Node Type": "Gather",
        "Parent Relationship": "Outer",
        "Parallel Aware": false,
        "Startup Cost": 111991.77,
        "Total Cost": 111991.88,
        "Plan Rows": 1,
        "Plan Width": 8,
        "Actual Startup Time": 750.575,
        "Actual Total Time": 768.769,
        "Actual Rows": 2,
        "Actual Loops": 1,
        "Workers Planned": 1,
        "Workers Launched": 1,
        "Single Copy": false,
        "Plans": [
          {
            "Node Type": "Aggregate",
            "Strategy": "Plain",
            "Partial Mode": "Partial",
            "Parent Relationship": "Outer",
            "Parallel Aware": false,
            "Startup Cost": 110991.77,
            "Total Cost": 110991.78,
            "Plan Rows": 1,
            "Plan Width": 8,
            "Actual Startup Time": 744.688,
            "Actual Total Time": 744.692,
            "Actual Rows": 1,
            "Actual Loops": 2,
            "Plans": [
              {
                "Node Type": "Hash Join",
                "Parent Relationship": "Outer",
                "Parallel Aware": true,
                "Join Type": "Inner",
                "Startup Cost": 47207.75,
                "Total Cost": 109912.57,
                "Plan Rows": 431682,
                "Plan Width": 0,
                "Actual Startup Time": 241.947,
                "Actual Total Time": 725.646,
                "Actual Rows": 478362,
                "Actual Loops": 2,
                "Inner Unique": false,
                "Hash Cond": "(t.id = mc.movie_id)",
                "Plans": [
                  {
                    "Node Type": "Seq Scan",
                    "Parent Relationship": "Outer",
                    "Parallel Aware": true,
                    "Relation Name": "title",
                    "Alias": "t",
                    "Startup Cost": 0.0,
                    "Total Cost": 50870.31,
                    "Plan Rows": 1487231,
                    "Plan Width": 4,
                    "Actual Startup Time": 0.009,
                    "Actual Total Time": 119.273,
                    "Actual Rows": 1264156,
                    "Actual Loops": 2
                  },
                  {
                    "Node Type": "Hash",
                    "Parent Relationship": "Inner",
                    "Parallel Aware": true,
                    "Startup Cost": 41811.73,
                    "Total Cost": 41811.73,
                    "Plan Rows": 431682,
                    "Plan Width": 4,
                    "Actual Startup Time": 232.929,
                    "Actual Total Time": 232.93,
                    "Actual Rows": 478362,
                    "Actual Loops": 2,
                    "Hash Buckets": 1048576,
                    "Original Hash Buckets": 1048576,
                    "Hash Batches": 1,
                    "Original Hash Batches": 1,
                    "Peak Memory Usage": 45632,
                    "Plans": [
                      {
                        "Node Type": "Seq Scan",
                        "Parent Relationship": "Outer",
                        "Parallel Aware": true,
                        "Relation Name": "movie_companies",
                        "Alias": "mc",
                        "Startup Cost": 0.0,
                        "Total Cost": 41811.73,
                        "Plan Rows": 431682,
                        "Plan Width": 4,
                        "Actual Startup Time": 65.179,
                        "Actual Total Time": 135.73,
                        "Actual Rows": 478362,
                        "Actual Loops": 2,
                        "Filter": "((company_id > 9460) AND (company_type_id > 1))",
                        "Rows Removed by Filter": 826203
                      }
                    ]
                  }
                ]
              }
            ]
          }
        ]
      }
    ]
  },
  "Planning Time": 0.702,
  "Triggers": [],
  "Execution Time": 768.843
}