[
  {
    "Plan": {
      "Node Type": "Aggregate",
      "Strategy": "Plain",
      "Partial Mode": "Simple",
      "Parallel Aware": false,
      "Startup Cost": 593250.66,
      "Total Cost": 593250.67,
      "Plan Rows": 1,
      "Plan Width": 96,
      "Actual Startup Time": 3893.329,
      "Actual Total Time": 3893.654,
      "Actual Rows": 1,
      "Actual Loops": 1,
      "Plans": [
        {
          "Node Type": "Merge Join",
          "Parent Relationship": "Outer",
          "Parallel Aware": false,
          "Join Type": "Inner",
          "Startup Cost": 580464.87,
          "Total Cost": 593250.65,
          "Plan Rows": 1,
          "Plan Width": 42,
          "Actual Startup Time": 3861.68,
          "Actual Total Time": 3893.631,
          "Actual Rows": 31,
          "Actual Loops": 1,
          "Inner Unique": false,
          "Merge Cond": "(cn.id = mc.company_id)",
          "Plans": [
            {
              "Node Type": "Index Scan",
              "Parent Relationship": "Outer",
              "Parallel Aware": false,
              "Scan Direction": "Forward",
              "Index Name": "company_name_pkey",
              "Relation Name": "company_name",
              "Alias": "cn",
              "Startup Cost": 0.42,
              "Total Cost": 12474.79,
              "Plan Rows": 126217,
              "Plan Width": 23,
              "Actual Startup Time": 0.066,
              "Actual Total Time": 37.65,
              "Actual Rows": 29841,
              "Actual Loops": 1,
              "Filter": "((country_code)::text <> '[us]'::text)",
              "Rows Removed by Filter": 22348
            },
            {
              "Node Type": "Sort",
              "Parent Relationship": "Inner",
              "Parallel Aware": false,
              "Startup Cost": 580464.45,
              "Total Cost": 580464.46,
              "Plan Rows": 1,
              "Plan Width": 27,
              "Actual Startup Time": 3853.941,
              "Actual Total Time": 3854.275,
              "Actual Rows": 39,
              "Actual Loops": 1,
              "Sort Key": [
                "mc.company_id"
              ],
              "Sort Method": "quicksort",
              "Sort Space Used": 27,
              "Sort Space Type": "Memory",
              "Plans": [
                {
                  "Node Type": "Merge Join",
                  "Parent Relationship": "Outer",
                  "Parallel Aware": false,
                  "Join Type": "Inner",
                  "Startup Cost": 580464.4,
                  "Total Cost": 580464.44,
                  "Plan Rows": 1,
                  "Plan Width": 27,
                  "Actual Startup Time": 3853.889,
                  "Actual Total Time": 3854.219,
                  "Actual Rows": 39,
                  "Actual Loops": 1,
                  "Inner Unique": true,
                  "Merge Cond": "(mc.company_type_id = ct.id)",
                  "Plans": [
                    {
                      "Node Type": "Sort",
                      "Parent Relationship": "Outer",
                      "Parallel Aware": false,
                      "Startup Cost": 580463.32,
                      "Total Cost": 580463.33,
                      "Plan Rows": 1,
                      "Plan Width": 31,
                      "Actual Startup Time": 3853.832,
                      "Actual Total Time": 3854.155,
                      "Actual Rows": 39,
                      "Actual Loops": 1,
                      "Sort Key": [
                        "mc.company_type_id"
                      ],
                      "Sort Method": "quicksort",
                      "Sort Space Used": 28,
                      "Sort Space Type": "Memory",
                      "Plans": [
                        {
                          "Node Type": "Merge Join",
                          "Parent Relationship": "Outer",
                          "Parallel Aware": false,
                          "Join Type": "Inner",
                          "Startup Cost": 580386.77,
                          "Total Cost": 580463.31,
                          "Plan Rows": 1,
                          "Plan Width": 31,
                          "Actual Startup Time": 3809.685,
                          "Actual Total Time": 3854.122,
                          "Actual Rows": 39,
                          "Actual Loops": 1,
                          "Inner Unique": false,
                          "Merge Cond": "(mi.movie_id = t.id)",
                          "Plans": [
                            {
                              "Node Type": "Merge Join",
                              "Parent Relationship": "Outer",
                              "Parallel Aware": false,
                              "Join Type": "Inner",
                              "Startup Cost": 449462.53,
                              "Total Cost": 449493.2,
                              "Plan Rows": 1,
                              "Plan Width": 18,
                              "Actual Startup Time": 2658.315,
                              "Actual Total Time": 2736.951,
                              "Actual Rows": 16083,
                              "Actual Loops": 1,
                              "Inner Unique": false,
                              "Merge Cond": "(mi.movie_id = mk.movie_id)",
                              "Plans": [
                                {
                                  "Node Type": "Sort",
                                  "Parent Relationship": "Outer",
                                  "Parallel Aware": false,
                                  "Startup Cost": 221058.72,
                                  "Total Cost": 221074.05,
                                  "Plan Rows": 6132,
                                  "Plan Width": 4,
                                  "Actual Startup Time": 996.064,
                                  "Actual Total Time": 1026.106,
                                  "Actual Rows": 588713,
                                  "Actual Loops": 1,
                                  "Sort Key": [
                                    "mi.movie_id"
                                  ],
                                  "Sort Method": "quicksort",
                                  "Sort Space Used": 52175,
                                  "Sort Space Type": "Memory",
                                  "Plans": [
                                    {
                                      "Node Type": "Gather",
                                      "Parent Relationship": "Outer",
                                      "Parallel Aware": false,
                                      "Startup Cost": 219354.52,
                                      "Total Cost": 220672.96,
                                      "Plan Rows": 6132,
                                      "Plan Width": 4,
                                      "Actual Startup Time": 809.584,
                                      "Actual Total Time": 879.891,
                                      "Actual Rows": 588764,
                                      "Actual Loops": 1,
                                      "Workers Planned": 5,
                                      "Workers Launched": 5,
                                      "Single Copy": false,
                                      "Plans": [
                                        {
                                          "Node Type": "Merge Join",
                                          "Parent Relationship": "Outer",
                                          "Parallel Aware": false,
                                          "Join Type": "Inner",
                                          "Startup Cost": 218354.52,
                                          "Total Cost": 219059.76,
                                          "Plan Rows": 1226,
                                          "Plan Width": 4,
                                          "Actual Startup Time": 797.656,
                                          "Actual Total Time": 820.733,
                                          "Actual Rows": 98127,
                                          "Actual Loops": 6,
                                          "Inner Unique": true,
                                          "Merge Cond": "(mi.info_type_id = it1.id)",
                                          "Plans": [
                                            {
                                              "Node Type": "Sort",
                                              "Parent Relationship": "Outer",
                                              "Parallel Aware": false,
                                              "Startup Cost": 218352.1,
                                              "Total Cost": 218698.58,
                                              "Plan Rows": 138593,
                                              "Plan Width": 8,
                                              "Actual Startup Time": 796.159,
                                              "Actual Total Time": 802.479,
                                              "Actual Rows": 109039,
                                              "Actual Loops": 6,
                                              "Sort Key": [
                                                "mi.info_type_id"
                                              ],
                                              "Sort Method": "quicksort",
                                              "Sort Space Used": 13475,
                                              "Sort Space Type": "Memory",
                                              "Workers": [
                                                {
                                                  "Worker Number": 0,
                                                  "Sort Method": "quicksort",
                                                  "Sort Space Used": 7879,
                                                  "Sort Space Type": "Memory"
                                                },
                                                {
                                                  "Worker Number": 1,
                                                  "Sort Method": "quicksort",
                                                  "Sort Space Used": 7888,
                                                  "Sort Space Type": "Memory"
                                                },
                                                {
                                                  "Worker Number": 2,
                                                  "Sort Method": "quicksort",
                                                  "Sort Space Used": 7921,
                                                  "Sort Space Type": "Memory"
                                                },
                                                {
                                                  "Worker Number": 3,
                                                  "Sort Method": "quicksort",
                                                  "Sort Space Used": 7876,
                                                  "Sort Space Type": "Memory"
                                                },
                                                {
                                                  "Worker Number": 4,
                                                  "Sort Method": "quicksort",
                                                  "Sort Space Used": 7843,
                                                  "Sort Space Type": "Memory"
                                                }
                                              ],
                                              "Plans": [
                                                {
                                                  "Node Type": "Seq Scan",
                                                  "Parent Relationship": "Outer",
                                                  "Parallel Aware": true,
                                                  "Relation Name": "movie_info",
                                                  "Alias": "mi",
                                                  "Startup Cost": 0.0,
                                                  "Total Cost": 206515.92,
                                                  "Plan Rows": 138593,
                                                  "Plan Width": 8,
                                                  "Actual Startup Time": 0.332,
                                                  "Actual Total Time": 769.443,
                                                  "Actual Rows": 111556,
                                                  "Actual Loops": 6,
                                                  "Filter": "(info = ANY ('{Germany,German,USA,American}'::text[]))",
                                                  "Rows Removed by Filter": 2361064
                                                }
                                              ]
                                            },
                                            {
                                              "Node Type": "Sort",
                                              "Parent Relationship": "Inner",
                                              "Parallel Aware": false,
                                              "Startup Cost": 2.42,
                                              "Total Cost": 2.43,
                                              "Plan Rows": 1,
                                              "Plan Width": 4,
                                              "Actual Startup Time": 0.174,
                                              "Actual Total Time": 0.176,
                                              "Actual Rows": 1,
                                              "Actual Loops": 6,
                                              "Sort Key": [
                                                "it1.id"
                                              ],
                                              "Sort Method": "quicksort",
                                              "Sort Space Used": 25,
                                              "Sort Space Type": "Memory",
                                              "Workers": [
                                                {
                                                  "Worker Number": 0,
                                                  "Sort Method": "quicksort",
                                                  "Sort Space Used": 25,
                                                  "Sort Space Type": "Memory"
                                                },
                                                {
                                                  "Worker Number": 1,
                                                  "Sort Method": "quicksort",
                                                  "Sort Space Used": 25,
                                                  "Sort Space Type": "Memory"
                                                },
                                                {
                                                  "Worker Number": 2,
                                                  "Sort Method": "quicksort",
                                                  "Sort Space Used": 25,
                                                  "Sort Space Type": "Memory"
                                                },
                                                {
                                                  "Worker Number": 3,
                                                  "Sort Method": "quicksort",
                                                  "Sort Space Used": 25,
                                                  "Sort Space Type": "Memory"
                                                },
                                                {
                                                  "Worker Number": 4,
                                                  "Sort Method": "quicksort",
                                                  "Sort Space Used": 25,
                                                  "Sort Space Type": "Memory"
                                                }
                                              ],
                                              "Plans": [
                                                {
                                                  "Node Type": "Seq Scan",
                                                  "Parent Relationship": "Outer",
                                                  "Parallel Aware": false,
                                                  "Relation Name": "info_type",
                                                  "Alias": "it1",
                                                  "Startup Cost": 0.0,
                                                  "Total Cost": 2.41,
                                                  "Plan Rows": 1,
                                                  "Plan Width": 4,
                                                  "Actual Startup Time": 0.143,
                                                  "Actual Total Time": 0.15,
                                                  "Actual Rows": 1,
                                                  "Actual Loops": 6,
                                                  "Filter": "((info)::text = 'countries'::text)",
                                                  "Rows Removed by Filter": 112
                                                }
                                              ]
                                            }
                                          ]
                                        }
                                      ]
                                    }
                                  ]
                                },
                                {
                                  "Node Type": "Sort",
                                  "Parent Relationship": "Inner",
                                  "Parallel Aware": false,
                                  "Startup Cost": 228403.8,
                                  "Total Cost": 228403.81,
                                  "Plan Rows": 3,
                                  "Plan Width": 14,
                                  "Actual Startup Time": 1662.144,
                                  "Actual Total Time": 1665.44,
                                  "Actual Rows": 25395,
                                  "Actual Loops": 1,
                                  "Sort Key": [
                                    "mi_idx.movie_id"
                                  ],
                                  "Sort Method": "quicksort",
                                  "Sort Space Used": 1931,
                                  "Sort Space Type": "Memory",
                                  "Plans": [
                                    {
                                      "Node Type": "Gather",
                                      "Parent Relationship": "Outer",
                                      "Parallel Aware": false,
                                      "Startup Cost": 228244.53,
                                      "Total Cost": 228403.78,
                                      "Plan Rows": 3,
                                      "Plan Width": 14,
                                      "Actual Startup Time": 1592.87,
                                      "Actual Total Time": 1654.964,
                                      "Actual Rows": 24800,
                                      "Actual Loops": 1,
                                      "Workers Planned": 3,
                                      "Workers Launched": 3,
                                      "Single Copy": false,
                                      "Plans": [
                                        {
                                          "Node Type": "Merge Join",
                                          "Parent Relationship": "Outer",
                                          "Parallel Aware": false,
                                          "Join Type": "Inner",
                                          "Startup Cost": 227244.53,
                                          "Total Cost": 227403.48,
                                          "Plan Rows": 1,
                                          "Plan Width": 14,
                                          "Actual Startup Time": 1551.427,
                                          "Actual Total Time": 1592.748,
                                          "Actual Rows": 6200,
                                          "Actual Loops": 4,
                                          "Inner Unique": true,
                                          "Merge Cond": "(mk.keyword_id = k.id)",
                                          "Plans": [
                                            {
                                              "Node Type": "Sort",
                                              "Parent Relationship": "Outer",
                                              "Parallel Aware": false,
                                              "Startup Cost": 224282.51,
                                              "Total Cost": 224362.18,
                                              "Plan Rows": 31870,
                                              "Plan Width": 18,
                                              "Actual Startup Time": 1515.644,
                                              "Actual Total Time": 1545.476,
                                              "Actual Rows": 120264,
                                              "Actual Loops": 4,
                                              "Sort Key": [
                                                "mk.keyword_id"
                                              ],
                                              "Sort Method": "quicksort",
                                              "Sort Space Used": 68928,
                                              "Sort Space Type": "Memory",
                                              "Workers": [
                                                {
                                                  "Worker Number": 0,
                                                  "Sort Method": "quicksort",
                                                  "Sort Space Used": 35637,
                                                  "Sort Space Type": "Memory"
                                                },
                                                {
                                                  "Worker Number": 1,
                                                  "Sort Method": "quicksort",
                                                  "Sort Space Used": 34084,
                                                  "Sort Space Type": "Memory"
                                                },
                                                {
                                                  "Worker Number": 2,
                                                  "Sort Method": "quicksort",
                                                  "Sort Space Used": 34190,
                                                  "Sort Space Type": "Memory"
                                                }
                                              ],
                                              "Plans": [
                                                {
                                                  "Node Type": "Merge Join",
                                                  "Parent Relationship": "Outer",
                                                  "Parallel Aware": false,
                                                  "Join Type": "Inner",
                                                  "Startup Cost": 71301.39,
                                                  "Total Cost": 221898.65,
                                                  "Plan Rows": 31870,
                                                  "Plan Width": 18,
                                                  "Actual Startup Time": 649.368,
                                                  "Actual Total Time": 1278.674,
                                                  "Actual Rows": 594104,
                                                  "Actual Loops": 4,
                                                  "Inner Unique": false,
                                                  "Merge Cond": "(mk.movie_id = mi_idx.movie_id)",
                                                  "Plans": [
                                                    {
                                                      "Node Type": "Index Scan",
                                                      "Parent Relationship": "Outer",
                                                      "Parallel Aware": true,
                                                      "Scan Direction": "Forward",
                                                      "Index Name": "movie_id_movie_keyword",
                                                      "Relation Name": "movie_keyword",
                                                      "Alias": "mk",
                                                      "Startup Cost": 0.43,
                                                      "Total Cost": 146510.84,
                                                      "Plan Rows": 1459332,
                                                      "Plan Width": 8,
                                                      "Actual Startup Time": 0.101,
                                                      "Actual Total Time": 348.833,
                                                      "Actual Rows": 1130981,
                                                      "Actual Loops": 4
                                                    },
                                                    {
                                                      "Node Type": "Sort",
                                                      "Parent Relationship": "Inner",
                                                      "Parallel Aware": false,
                                                      "Startup Cost": 71300.94,
                                                      "Total Cost": 71326.84,
                                                      "Plan Rows": 10359,
                                                      "Plan Width": 10,
                                                      "Actual Startup Time": 649.213,
                                                      "Actual Total Time": 699.291,
                                                      "Actual Rows": 875541,
                                                      "Actual Loops": 4,
                                                      "Sort Key": [
                                                        "mi_idx.movie_id"
                                                      ],
                                                      "Sort Method": "quicksort",
                                                      "Sort Space Used": 27481,
                                                      "Sort Space Type": "Memory",
                                                      "Workers": [
                                                        {
                                                          "Worker Number": 0,
                                                          "Sort Method": "quicksort",
                                                          "Sort Space Used": 27481,
                                                          "Sort Space Type": "Memory"
                                                        },
                                                        {
                                                          "Worker Number": 1,
                                                          "Sort Method": "quicksort",
                                                          "Sort Space Used": 27481,
                                                          "Sort Space Type": "Memory"
                                                        },
                                                        {
                                                          "Worker Number": 2,
                                                          "Sort Method": "quicksort",
                                                          "Sort Space Used": 27481,
                                                          "Sort Space Type": "Memory"
                                                        }
                                                      ],
                                                      "Plans": [
                                                        {
                                                          "Node Type": "Merge Join",
                                                          "Parent Relationship": "Outer",
                                                          "Parallel Aware": false,
                                                          "Join Type": "Inner",
                                                          "Startup Cost": 2.86,
                                                          "Total Cost": 70610.07,
                                                          "Plan Rows": 10359,
                                                          "Plan Width": 10,
                                                          "Actual Startup Time": 368.554,
                                                          "Actual Total Time": 540.957,
                                                          "Actual Rows": 324117,
                                                          "Actual Loops": 4,
                                                          "Inner Unique": true,
                                                          "Merge Cond": "(mi_idx.info_type_id = it2.id)",
                                                          "Plans": [
                                                            {
                                                              "Node Type": "Index Scan",
                                                              "Parent Relationship": "Outer",
                                                              "Parallel Aware": false,
                                                              "Scan Direction": "Forward",
                                                              "Index Name": "info_type_id_movie_info_idx",
                                                              "Relation Name": "movie_info_idx",
                                                              "Alias": "mi_idx",
                                                              "Startup Cost": 0.43,
                                                              "Total Cost": 67577.66,
                                                              "Plan Rows": 1170555,
                                                              "Plan Width": 14,
                                                              "Actual Startup Time": 0.173,
                                                              "Actual Total Time": 434.495,
                                                              "Actual Rows": 1172735,
                                                              "Actual Loops": 4,
                                                              "Filter": "(info < '7.0'::text)",
                                                              "Rows Removed by Filter": 207041
                                                            },
                                                            {
                                                              "Node Type": "Sort",
                                                              "Parent Relationship": "Inner",
                                                              "Parallel Aware": false,
                                                              "Startup Cost": 2.42,
                                                              "Total Cost": 2.43,
                                                              "Plan Rows": 1,
                                                              "Plan Width": 4,
                                                              "Actual Startup Time": 0.1,
                                                              "Actual Total Time": 0.102,
                                                              "Actual Rows": 1,
                                                              "Actual Loops": 4,
                                                              "Sort Key": [
                                                                "it2.id"
                                                              ],
                                                              "Sort Method": "quicksort",
                                                              "Sort Space Used": 25,
                                                              "Sort Space Type": "Memory",
                                                              "Workers": [
                                                                {
                                                                  "Worker Number": 0,
                                                                  "Sort Method": "quicksort",
                                                                  "Sort Space Used": 25,
                                                                  "Sort Space Type": "Memory"
                                                                },
                                                                {
                                                                  "Worker Number": 1,
                                                                  "Sort Method": "quicksort",
                                                                  "Sort Space Used": 25,
                                                                  "Sort Space Type": "Memory"
                                                                },
                                                                {
                                                                  "Worker Number": 2,
                                                                  "Sort Method": "quicksort",
                                                                  "Sort Space Used": 25,
                                                                  "Sort Space Type": "Memory"
                                                                }
                                                              ],
                                                              "Plans": [
                                                                {
                                                                  "Node Type": "Seq Scan",
                                                                  "Parent Relationship": "Outer",
                                                                  "Parallel Aware": false,
                                                                  "Relation Name": "info_type",
                                                                  "Alias": "it2",
                                                                  "Startup Cost": 0.0,
                                                                  "Total Cost": 2.41,
                                                                  "Plan Rows": 1,
                                                                  "Plan Width": 4,
                                                                  "Actual Startup Time": 0.059,
                                                                  "Actual Total Time": 0.062,
                                                                  "Actual Rows": 1,
                                                                  "Actual Loops": 4,
                                                                  "Filter": "((info)::text = 'rating'::text)",
                                                                  "Rows Removed by Filter": 112
                                                                }
                                                              ]
                                                            }
                                                          ]
                                                        }
                                                      ]
                                                    }
                                                  ]
                                                }
                                              ]
                                            },
                                            {
                                              "Node Type": "Sort",
                                              "Parent Relationship": "Inner",
                                              "Parallel Aware": false,
                                              "Startup Cost": 2961.59,
                                              "Total Cost": 2961.6,
                                              "Plan Rows": 4,
                                              "Plan Width": 4,
                                              "Actual Startup Time": 27.097,
                                              "Actual Total Time": 27.1,
                                              "Actual Rows": 3,
                                              "Actual Loops": 4,
                                              "Sort Key": [
                                                "k.id"
                                              ],
                                              "Sort Method": "quicksort",
                                              "Sort Space Used": 25,
                                              "Sort Space Type": "Memory",
                                              "Workers": [
                                                {
                                                  "Worker Number": 0,
                                                  "Sort Method": "quicksort",
                                                  "Sort Space Used": 25,
                                                  "Sort Space Type": "Memory"
                                                },
                                                {
                                                  "Worker Number": 1,
                                                  "Sort Method": "quicksort",
                                                  "Sort Space Used": 25,
                                                  "Sort Space Type": "Memory"
                                                },
                                                {
                                                  "Worker Number": 2,
                                                  "Sort Method": "quicksort",
                                                  "Sort Space Used": 25,
                                                  "Sort Space Type": "Memory"
                                                }
                                              ],
                                              "Plans": [
                                                {
                                                  "Node Type": "Seq Scan",
                                                  "Parent Relationship": "Outer",
                                                  "Parallel Aware": false,
                                                  "Relation Name": "keyword",
                                                  "Alias": "k",
                                                  "Startup Cost": 0.0,
                                                  "Total Cost": 2961.55,
                                                  "Plan Rows": 4,
                                                  "Plan Width": 4,
                                                  "Actual Startup Time": 1.315,
                                                  "Actual Total Time": 27.069,
                                                  "Actual Rows": 3,
                                                  "Actual Loops": 4,
                                                  "Filter": "(keyword = ANY ('{murder,murder-in-title,blood,violence}'::text[]))",
                                                  "Rows Removed by Filter": 134167
                                                }
                                              ]
                                            }
                                          ]
                                        }
                                      ]
                                    }
                                  ]
                                }
                              ]
                            },
                            {
                              "Node Type": "Sort",
                              "Parent Relationship": "Inner",
                              "Parallel Aware": false,
                              "Startup Cost": 130924.24,
                              "Total Cost": 130947.19,
                              "Plan Rows": 9181,
                              "Plan Width": 33,
                              "Actual Startup Time": 1115.887,
                              "Actual Total Time": 1116.169,
                              "Actual Rows": 1443,
                              "Actual Loops": 1,
                              "Sort Key": [
                                "t.id"
                              ],
                              "Sort Method": "quicksort",
                              "Sort Space Used": 165,
                              "Sort Space Type": "Memory",
                              "Plans": [
                                {
                                  "Node Type": "Gather",
                                  "Parent Relationship": "Outer",
                                  "Parallel Aware": false,
                                  "Startup Cost": 129338.7,
                                  "Total Cost": 130319.92,
                                  "Plan Rows": 9181,
                                  "Plan Width": 33,
                                  "Actual Startup Time": 828.561,
                                  "Actual Total Time": 1115.288,
                                  "Actual Rows": 1425,
                                  "Actual Loops": 1,
                                  "Workers Planned": 4,
                                  "Workers Launched": 4,
                                  "Single Copy": false,
                                  "Plans": [
                                    {
                                      "Node Type": "Merge Join",
                                      "Parent Relationship": "Outer",
                                      "Parallel Aware": false,
                                      "Join Type": "Inner",
                                      "Startup Cost": 128338.7,
                                      "Total Cost": 128401.82,
                                      "Plan Rows": 2295,
                                      "Plan Width": 33,
                                      "Actual Startup Time": 1034.154,
                                      "Actual Total Time": 1034.257,
                                      "Actual Rows": 285,
                                      "Actual Loops": 5,
                                      "Inner Unique": true,
                                      "Merge Cond": "(t.kind_id = kt.id)",
                                      "Plans": [
                                        {
                                          "Node Type": "Sort",
                                          "Parent Relationship": "Outer",
                                          "Parallel Aware": false,
                                          "Startup Cost": 128337.6,
                                          "Total Cost": 128357.68,
                                          "Plan Rows": 8033,
                                          "Plan Width": 37,
                                          "Actual Startup Time": 1034.043,
                                          "Actual Total Time": 1034.071,
                                          "Actual Rows": 362,
                                          "Actual Loops": 5,
                                          "Sort Key": [
                                            "t.kind_id"
                                          ],
                                          "Sort Method": "quicksort",
                                          "Sort Space Used": 66,
                                          "Sort Space Type": "Memory",
                                          "Workers": [
                                            {
                                              "Worker Number": 0,
                                              "Sort Method": "quicksort",
                                              "Sort Space Used": 50,
                                              "Sort Space Type": "Memory"
                                            },
                                            {
                                              "Worker Number": 1,
                                              "Sort Method": "quicksort",
                                              "Sort Space Used": 54,
                                              "Sort Space Type": "Memory"
                                            },
                                            {
                                              "Worker Number": 2,
                                              "Sort Method": "quicksort",
                                              "Sort Space Used": 52,
                                              "Sort Space Type": "Memory"
                                            },
                                            {
                                              "Worker Number": 3,
                                              "Sort Method": "quicksort",
                                              "Sort Space Used": 52,
                                              "Sort Space Type": "Memory"
                                            }
                                          ],
                                          "Plans": [
                                            {
                                              "Node Type": "Merge Join",
                                              "Parent Relationship": "Outer",
                                              "Parallel Aware": false,
                                              "Join Type": "Inner",
                                              "Startup Cost": 126307.66,
                                              "Total Cost": 127816.59,
                                              "Plan Rows": 8033,
                                              "Plan Width": 37,
                                              "Actual Startup Time": 970.57,
                                              "Actual Total Time": 1033.806,
                                              "Actual Rows": 362,
                                              "Actual Loops": 5,
                                              "Inner Unique": false,
                                              "Merge Cond": "(t.id = mc.movie_id)",
                                              "Plans": [
                                                {
                                                  "Node Type": "Sort",
                                                  "Parent Relationship": "Outer",
                                                  "Parallel Aware": false,
                                                  "Startup Cost": 55129.75,
                                                  "Total Cost": 55459.86,
                                                  "Plan Rows": 132046,
                                                  "Plan Width": 25,
                                                  "Actual Startup Time": 221.353,
                                                  "Actual Total Time": 234.265,
                                                  "Actual Rows": 106631,
                                                  "Actual Loops": 5,
                                                  "Sort Key": [
                                                    "t.id"
                                                  ],
                                                  "Sort Method": "quicksort",
                                                  "Sort Space Used": 17378,
                                                  "Sort Space Type": "Memory",
                                                  "Workers": [
                                                    {
                                                      "Worker Number": 0,
                                                      "Sort Method": "quicksort",
                                                      "Sort Space Used": 10086,
                                                      "Sort Space Type": "Memory"
                                                    },
                                                    {
                                                      "Worker Number": 1,
                                                      "Sort Method": "quicksort",
                                                      "Sort Space Used": 10514,
                                                      "Sort Space Type": "Memory"
                                                    },
                                                    {
                                                      "Worker Number": 2,
                                                      "Sort Method": "quicksort",
                                                      "Sort Space Used": 10573,
                                                      "Sort Space Type": "Memory"
                                                    },
                                                    {
                                                      "Worker Number": 3,
                                                      "Sort Method": "quicksort",
                                                      "Sort Space Used": 10589,
                                                      "Sort Space Type": "Memory"
                                                    }
                                                  ],
                                                  "Plans": [
                                                    {
                                                      "Node Type": "Seq Scan",
                                                      "Parent Relationship": "Outer",
                                                      "Parallel Aware": true,
                                                      "Relation Name": "title",
                                                      "Alias": "t",
                                                      "Startup Cost": 0.0,
                                                      "Total Cost": 43898.79,
                                                      "Plan Rows": 132046,
                                                      "Plan Width": 25,
                                                      "Actual Startup Time": 0.068,
                                                      "Actual Total Time": 165.165,
                                                      "Actual Rows": 106674,
                                                      "Actual Loops": 5,
                                                      "Filter": "(production_year > 2009)",
                                                      "Rows Removed by Filter": 398989
                                                    }
                                                  ]
                                                },
                                                {
                                                  "Node Type": "Sort",
                                                  "Parent Relationship": "Inner",
                                                  "Parallel Aware": false,
                                                  "Startup Cost": 71177.9,
                                                  "Total Cost": 71562.42,
                                                  "Plan Rows": 153806,
                                                  "Plan Width": 12,
                                                  "Actual Startup Time": 748.364,
                                                  "Actual Total Time": 764.696,
                                                  "Actual Rows": 303271,
                                                  "Actual Loops": 5,
                                                  "Sort Key": [
                                                    "mc.movie_id"
                                                  ],
                                                  "Sort Method": "quicksort",
                                                  "Sort Space Used": 26504,
                                                  "Sort Space Type": "Memory",
                                                  "Workers": [
                                                    {
                                                      "Worker Number": 0,
                                                      "Sort Method": "quicksort",
                                                      "Sort Space Used": 26504,
                                                      "Sort Space Type": "Memory"
                                                    },
                                                    {
                                                      "Worker Number": 1,
                                                      "Sort Method": "quicksort",
                                                      "Sort Space Used": 26504,
                                                      "Sort Space Type": "Memory"
                                                    },
                                                    {
                                                      "Worker Number": 2,
                                                      "Sort Method": "quicksort",
                                                      "Sort Space Used": 26504,
                                                      "Sort Space Type": "Memory"
                                                    },
                                                    {
                                                      "Worker Number": 3,
                                                      "Sort Method": "quicksort",
                                                      "Sort Space Used": 26504,
                                                      "Sort Space Type": "Memory"
                                                    }
                                                  ],
                                                  "Plans": [
                                                    {
                                                      "Node Type": "Seq Scan",
                                                      "Parent Relationship": "Outer",
                                                      "Parallel Aware": false,
                                                      "Relation Name": "movie_companies",
                                                      "Alias": "mc",
                                                      "Startup Cost": 0.0,
                                                      "Total Cost": 57926.93,
                                                      "Plan Rows": 153806,
                                                      "Plan Width": 12,
                                                      "Actual Startup Time": 0.06,
                                                      "Actual Total Time": 647.431,
                                                      "Actual Rows": 303271,
                                                      "Actual Loops": 5,
                                                      "Filter": "((note !~~ '%(USA)%'::text) AND (note ~~ '%(200%)%'::text))",
                                                      "Rows Removed by Filter": 2305858
                                                    }
                                                  ]
                                                }
                                              ]
                                            }
                                          ]
                                        },
                                        {
                                          "Node Type": "Sort",
                                          "Parent Relationship": "Inner",
                                          "Parallel Aware": false,
                                          "Startup Cost": 1.1,
                                          "Total Cost": 1.1,
                                          "Plan Rows": 2,
                                          "Plan Width": 4,
                                          "Actual Startup Time": 0.105,
                                          "Actual Total Time": 0.106,
                                          "Actual Rows": 2,
                                          "Actual Loops": 5,
                                          "Sort Key": [
                                            "kt.id"
                                          ],
                                          "Sort Method": "quicksort",
                                          "Sort Space Used": 25,
                                          "Sort Space Type": "Memory",
                                          "Workers": [
                                            {
                                              "Worker Number": 0,
                                              "Sort Method": "quicksort",
                                              "Sort Space Used": 25,
                                              "Sort Space Type": "Memory"
                                            },
                                            {
                                              "Worker Number": 1,
                                              "Sort Method": "quicksort",
                                              "Sort Space Used": 25,
                                              "Sort Space Type": "Memory"
                                            },
                                            {
                                              "Worker Number": 2,
                                              "Sort Method": "quicksort",
                                              "Sort Space Used": 25,
                                              "Sort Space Type": "Memory"
                                            },
                                            {
                                              "Worker Number": 3,
                                              "Sort Method": "quicksort",
                                              "Sort Space Used": 25,
                                              "Sort Space Type": "Memory"
                                            }
                                          ],
                                          "Plans": [
                                            {
                                              "Node Type": "Seq Scan",
                                              "Parent Relationship": "Outer",
                                              "Parallel Aware": false,
                                              "Relation Name": "kind_type",
                                              "Alias": "kt",
                                              "Startup Cost": 0.0,
                                              "Total Cost": 1.09,
                                              "Plan Rows": 2,
                                              "Plan Width": 4,
                                              "Actual Startup Time": 0.086,
                                              "Actual Total Time": 0.089,
                                              "Actual Rows": 2,
                                              "Actual Loops": 5,
                                              "Filter": "((kind)::text = ANY ('{movie,episode}'::text[]))",
                                              "Rows Removed by Filter": 5
                                            }
                                          ]
                                        }
                                      ]
                                    }
                                  ]
                                }
                              ]
                            }
                          ]
                        }
                      ]
                    },
                    {
                      "Node Type": "Sort",
                      "Parent Relationship": "Inner",
                      "Parallel Aware": false,
                      "Startup Cost": 1.08,
                      "Total Cost": 1.09,
                      "Plan Rows": 4,
                      "Plan Width": 4,
                      "Actual Startup Time": 0.051,
                      "Actual Total Time": 0.052,
                      "Actual Rows": 1,
                      "Actual Loops": 1,
                      "Sort Key": [
                        "ct.id"
                      ],
                      "Sort Method": "quicksort",
                      "Sort Space Used": 25,
                      "Sort Space Type": "Memory",
                      "Plans": [
                        {
                          "Node Type": "Seq Scan",
                          "Parent Relationship": "Outer",
                          "Parallel Aware": false,
                          "Relation Name": "company_type",
                          "Alias": "ct",
                          "Startup Cost": 0.0,
                          "Total Cost": 1.04,
                          "Plan Rows": 4,
                          "Plan Width": 4,
                          "Actual Startup Time": 0.025,
                          "Actual Total Time": 0.026,
                          "Actual Rows": 4,
                          "Actual Loops": 1
                        }
                      ]
                    }
                  ]
                }
              ]
            }
          ]
        }
      ]
    },
    "Planning Time": 48.554,
    "Triggers": [],
    "Execution Time": 3909.541
  }
]