[
  {
    "Plan": {
      "Node Type": "Aggregate",
      "Strategy": "Plain",
      "Partial Mode": "Finalize",
      "Parallel Aware": false,
      "Startup Cost": 33281.98,
      "Total Cost": 33281.99,
      "Plan Rows": 1,
      "Plan Width": 8,
      "Actual Startup Time": 92.546,
      "Actual Total Time": 100.559,
      "Actual Rows": 1,
      "Actual Loops": 1,
      "Plans": [
        {
          "Node Type": "Gather",
          "Parent Relationship": "Outer",
          "Parallel Aware": false,
          "Startup Cost": 33281.67,
          "Total Cost": 33281.98,
          "Plan Rows": 3,
          "Plan Width": 8,
          "Actual Startup Time": 92.436,
          "Actual Total Time": 100.55,
          "Actual Rows": 4,
          "Actual Loops": 1,
          "Workers Planned": 3,
          "Workers Launched": 3,
          "Single Copy": false,
          "Plans": [
            {
              "Node Type": "Aggregate",
              "Strategy": "Plain",
              "Partial Mode": "Partial",
              "Parent Relationship": "Outer",
              "Parallel Aware": false,
              "Startup Cost": 32281.67,
              "Total Cost": 32281.68,
              "Plan Rows": 1,
              "Plan Width": 8,
              "Actual Startup Time": 88.396,
              "Actual Total Time": 88.396,
              "Actual Rows": 1,
              "Actual Loops": 4,
              "Plans": [
                {
                  "Node Type": "Seq Scan",
                  "Parent Relationship": "Outer",
                  "Parallel Aware": true,
                  "Relation Name": "movie_companies",
                  "Alias": "mc",
                  "Startup Cost": 0.0,
                  "Total Cost": 31414.82,
                  "Plan Rows": 346739,
                  "Plan Width": 0,
                  "Actual Startup Time": 40.841,
                  "Actual Total Time": 76.243,
                  "Actual Rows": 299886,
                  "Actual Loops": 4,
                  "Filter": "((company_id > 439) AND (company_type_id > 1))",
                  "Rows Removed by Filter": 352396
                }
              ]
            }
          ]
        }
      ]
    },
    "Planning Time": 0.214,
    "Triggers": [],
    "Execution Time": 100.615
  }
]