{
  "Plan": {
    "Node Type": "Aggregate",
    "Strategy": "Plain",
    "Partial Mode": "Finalize",
    "Parallel Aware": false,
    "Startup Cost": 129850.89,
    "Total Cost": 129850.9,
    "Plan Rows": 1,
    "Plan Width": 8,
    "Actual Startup Time": 948.279,
    "Actual Total Time": 972.976,
    "Actual Rows": 1,
    "Actual Loops": 1,
    "Plans": [
      {
        "Node Type": "Gather",
        "Parent Relationship": "Outer",
        "Parallel Aware": false,
        "Startup Cost": 129850.77,
        "Total Cost": 129850.88,
        "Plan Rows": 1,
        "Plan Width": 8,
        "Actual Startup Time": 940.029,
        "Actual Total Time": 972.966,
        "Actual Rows": 2,
        "Actual Loops": 1,
        "Workers Planned": 1,
        "Workers Launched": 1,
        "Single Copy": false,
        "Plans": [
          {
            "Node Type": "Aggregate",
            "Strategy": "Plain",
            "Partial Mode": "Partial",
            "Parent Relationship": "Outer",
            "Parallel Aware": false,
            "Startup Cost": 128850.77,
            "Total Cost": 128850.78,
            "Plan Rows": 1,
            "Plan Width": 8,
            "Actual Startup Time": 928.357,
            "Actual Total Time": 928.361,
            "Actual Rows": 1,
            "Actual Loops": 2,
            "Plans": [
              {
                "Node Type": "Hash Join",
                "Parent Relationship": "Outer",
                "Parallel Aware": true,
                "Join Type": "Inner",
                "Startup Cost": 94006.03,
                "Total Cost": 127412.09,
                "Plan Rows": 575472,
                "Plan Width": 0,
                "Actual Startup Time": 675.462,
                "Actual Total Time": 903.196,
                "Actual Rows": 499940,
                "Actual Loops": 2,
                "Inner Unique": true,
                "Hash Cond": "(mk.movie_id = t.id)",
                "Plans": [
                  {
                    "Node Type": "Bitmap Heap Scan",
                    "Parent Relationship": "Outer",
                    "Parallel Aware": true,
                    "Relation Name": "movie_keyword",
                    "Alias": "mk",
                    "Startup Cost": 21342.34,
                    "Total Cost": 53194.74,
                    "Plan Rows": 591872,
                    "Plan Width": 4,
                    "Actual Startup Time": 57.607,
                    "Actual Total Time": 159.555,
                    "Actual Rows": 502549,
                    "Actual Loops": 2,
                    "Recheck Cond": "(keyword_id > 18354)",
                    "Rows Removed by Index Recheck": 0,
                    "Exact Heap Blocks": 15520,
                    "Lossy Heap Blocks": 0,
                    "Plans": [
                      {
                        "Node Type": "Bitmap Index Scan",
                        "Parent Relationship": "Outer",
                        "Parallel Aware": false,
                        "Index Name": "keyword_id_movie_keyword",
                        "Startup Cost": 0.0,
                        "Total Cost": 21090.8,
                        "Plan Rows": 1006182,
                        "Plan Width": 0,
                        "Actual Startup Time": 53.98,
                        "Actual Total Time": 53.981,
                        "Actual Rows": 1005098,
                        "Actual Loops": 1,
                        "Index Cond": "(keyword_id > 18354)"
                      }
                    ]
                  },
                  {
                    "Node Type": "Hash",
                    "Parent Relationship": "Inner",
                    "Parallel Aware": true,
                    "Startup Cost": 54588.39,
                    "Total Cost": 54588.39,
                    "Plan Rows": 1446024,
                    "Plan Width": 4,
                    "Actual Startup Time": 596.413,
                    "Actual Total Time": 596.414,
                    "Actual Rows": 1228109,
                    "Actual Loops": 2,
                    "Hash Buckets": 4194304,
                    "Original Hash Buckets": 4194304,
                    "Hash Batches": 1,
                    "Original Hash Batches": 1,
                    "Peak Memory Usage": 128864,
                    "Plans": [
                      {
                        "Node Type": "Seq Scan",
                        "Parent Relationship": "Outer",
                        "Parallel Aware": true,
                        "Relation Name": "title",
                        "Alias": "t",
                        "Startup Cost": 0.0,
                        "Total Cost": 54588.39,
                        "Plan Rows": 1446024,
                        "Plan Width": 4,
                        "Actual Startup Time": 0.031,
                        "Actual Total Time": 216.462,
                        "Actual Rows": 1228109,
                        "Actual Loops": 2,
                        "Filter": "(production_year > 0)",
                        "Rows Removed by Filter": 36047
                      }
                    ]
                  }
                ]
              }
            ]
          }
        ]
      }
    ]
  },
  "Planning Time": 0.452,
  "Triggers": [],
  "Execution Time": 973.077
}