[
    {
        "Bao": {
            "Bao prediction": "NaN",
            "Bao recommended hint": "(no hint)"
        }
    },
    {
        "Plan": {
            "Node Type": "Aggregate",
            "Strategy": "Plain",
            "Partial Mode": "Simple",
            "Parallel Aware": false,
            "Startup Cost": 15515.73,
            "Total Cost": 15515.74,
            "Plan Rows": 1,
            "Plan Width": 8,
            "Actual Startup Time": 8.504,
            "Actual Total Time": 8.506,
            "Actual Rows": 1,
            "Actual Loops": 1,
            "Output": [
                "count(*)"
            ],
            "Plans": [
                {
                    "Node Type": "Bitmap Heap Scan",
                    "Parent Relationship": "Outer",
                    "Parallel Aware": false,
                    "Relation Name": "movie_companies",
                    "Schema": "public",
                    "Alias": "mc",
                    "Startup Cost": 186.06,
                    "Total Cost": 15505.18,
                    "Plan Rows": 4220,
                    "Plan Width": 0,
                    "Actual Startup Time": 1.666,
                    "Actual Total Time": 8.325,
                    "Actual Rows": 2462,
                    "Actual Loops": 1,
                    "Recheck Cond": "(mc.company_id = 7851)",
                    "Rows Removed by Index Recheck": 0,
                    "Filter": "(mc.company_type_id < 2)",
                    "Rows Removed by Filter": 4689,
                    "Exact Heap Blocks": 4114,
                    "Lossy Heap Blocks": 0,
                    "Plans": [
                        {
                            "Node Type": "Bitmap Index Scan",
                            "Parent Relationship": "Outer",
                            "Parallel Aware": false,
                            "Index Name": "company_id_movie_companies",
                            "Startup Cost": 0.0,
                            "Total Cost": 185.0,
                            "Plan Rows": 8610,
                            "Plan Width": 0,
                            "Actual Startup Time": 0.947,
                            "Actual Total Time": 0.947,
                            "Actual Rows": 7151,
                            "Actual Loops": 1,
                            "Index Cond": "(mc.company_id = 7851)"
                        }
                    ]
                }
            ]
        },
        "Planning Time": 269.662,
        "Triggers": [],
        "Execution Time": 8.553
    }
]