[
  {
    "Plan": {
      "Node Type": "Aggregate",
      "Strategy": "Plain",
      "Partial Mode": "Finalize",
      "Parallel Aware": false,
      "Startup Cost": 346495.48,
      "Total Cost": 346495.49,
      "Plan Rows": 1,
      "Plan Width": 8,
      "Actual Startup Time": 417.586,
      "Actual Total Time": 483.362,
      "Actual Rows": 1,
      "Actual Loops": 1,
      "Plans": [
        {
          "Node Type": "Gather",
          "Parent Relationship": "Outer",
          "Parallel Aware": false,
          "Startup Cost": 346495.06,
          "Total Cost": 346495.47,
          "Plan Rows": 4,
          "Plan Width": 8,
          "Actual Startup Time": 417.407,
          "Actual Total Time": 483.353,
          "Actual Rows": 5,
          "Actual Loops": 1,
          "Workers Planned": 4,
          "Workers Launched": 4,
          "Single Copy": false,
          "Plans": [
            {
              "Node Type": "Aggregate",
              "Strategy": "Plain",
              "Partial Mode": "Partial",
              "Parent Relationship": "Outer",
              "Parallel Aware": false,
              "Startup Cost": 345495.06,
              "Total Cost": 345495.07,
              "Plan Rows": 1,
              "Plan Width": 8,
              "Actual Startup Time": 409.651,
              "Actual Total Time": 409.655,
              "Actual Rows": 1,
              "Actual Loops": 5,
              "Plans": [
                {
                  "Node Type": "Nested Loop",
                  "Parent Relationship": "Outer",
                  "Parallel Aware": false,
                  "Join Type": "Inner",
                  "Startup Cost": 0.56,
                  "Total Cost": 345159.76,
                  "Plan Rows": 134118,
                  "Plan Width": 0,
                  "Actual Startup Time": 0.278,
                  "Actual Total Time": 399.934,
                  "Actual Rows": 103227,
                  "Actual Loops": 5,
                  "Inner Unique": false,
                  "Plans": [
                    {
                      "Node Type": "Seq Scan",
                      "Parent Relationship": "Outer",
                      "Parallel Aware": true,
                      "Relation Name": "title",
                      "Alias": "t",
                      "Startup Cost": 0.0,
                      "Total Cost": 45479.59,
                      "Plan Rows": 9354,
                      "Plan Width": 4,
                      "Actual Startup Time": 0.037,
                      "Actual Total Time": 85.014,
                      "Actual Rows": 7940,
                      "Actual Loops": 5,
                      "Filter": "((kind_id = 7) AND (production_year = 2001))",
                      "Rows Removed by Filter": 497723
                    },
                    {
                      "Node Type": "Index Only Scan",
                      "Parent Relationship": "Inner",
                      "Parallel Aware": false,
                      "Scan Direction": "Forward",
                      "Index Name": "movie_id_cast_info",
                      "Relation Name": "cast_info",
                      "Alias": "ci",
                      "Startup Cost": 0.56,
                      "Total Cost": 31.69,
                      "Plan Rows": 35,
                      "Plan Width": 4,
                      "Actual Startup Time": 0.009,
                      "Actual Total Time": 0.038,
                      "Actual Rows": 13,
                      "Actual Loops": 39698,
                      "Index Cond": "(movie_id = t.id)",
                      "Rows Removed by Index Recheck": 0,
                      "Heap Fetches": 516134
                    }
                  ]
                }
              ]
            }
          ]
        }
      ]
    },
    "Planning Time": 0.253,
    "Triggers": [],
    "Execution Time": 483.421
  }
]