[
  {
    "Plan": {
      "Node Type": "Aggregate",
      "Strategy": "Plain",
      "Partial Mode": "Finalize",
      "Parallel Aware": false,
      "Startup Cost": 250251.49,
      "Total Cost": 250251.5,
      "Plan Rows": 1,
      "Plan Width": 8,
      "Actual Startup Time": 313.79,
      "Actual Total Time": 343.067,
      "Actual Rows": 1,
      "Actual Loops": 1,
      "Plans": [
        {
          "Node Type": "Gather",
          "Parent Relationship": "Outer",
          "Parallel Aware": false,
          "Startup Cost": 250250.87,
          "Total Cost": 250251.48,
          "Plan Rows": 6,
          "Plan Width": 8,
          "Actual Startup Time": 313.318,
          "Actual Total Time": 343.053,
          "Actual Rows": 7,
          "Actual Loops": 1,
          "Workers Planned": 6,
          "Workers Launched": 6,
          "Single Copy": false,
          "Plans": [
            {
              "Node Type": "Aggregate",
              "Strategy": "Plain",
              "Partial Mode": "Partial",
              "Parent Relationship": "Outer",
              "Parallel Aware": false,
              "Startup Cost": 249250.87,
              "Total Cost": 249250.88,
              "Plan Rows": 1,
              "Plan Width": 8,
              "Actual Startup Time": 305.183,
              "Actual Total Time": 305.187,
              "Actual Rows": 1,
              "Actual Loops": 7,
              "Plans": [
                {
                  "Node Type": "Hash Join",
                  "Parent Relationship": "Outer",
                  "Parallel Aware": true,
                  "Join Type": "Inner",
                  "Startup Cost": 45877.59,
                  "Total Cost": 249182.79,
                  "Plan Rows": 27231,
                  "Plan Width": 0,
                  "Actual Startup Time": 286.238,
                  "Actual Total Time": 305.177,
                  "Actual Rows": 0,
                  "Actual Loops": 7,
                  "Inner Unique": true,
                  "Hash Cond": "(ci.movie_id = t.id)",
                  "Plans": [
                    {
                      "Node Type": "Index Scan",
                      "Parent Relationship": "Outer",
                      "Parallel Aware": true,
                      "Scan Direction": "Forward",
                      "Index Name": "role_id_cast_info",
                      "Relation Name": "cast_info",
                      "Alias": "ci",
                      "Startup Cost": 0.56,
                      "Total Cost": 201884.69,
                      "Plan Rows": 541363,
                      "Plan Width": 4,
                      "Actual Startup Time": 5.499,
                      "Actual Total Time": 227.619,
                      "Actual Rows": 395,
                      "Actual Loops": 7,
                      "Index Cond": "(role_id = 2)",
                      "Rows Removed by Index Recheck": 0,
                      "Filter": "(person_id < 1564719)",
                      "Rows Removed by Filter": 1064173
                    },
                    {
                      "Node Type": "Hash",
                      "Parent Relationship": "Inner",
                      "Parallel Aware": true,
                      "Startup Cost": 45479.59,
                      "Total Cost": 45479.59,
                      "Plan Rows": 31795,
                      "Plan Width": 4,
                      "Actual Startup Time": 76.59,
                      "Actual Total Time": 76.591,
                      "Actual Rows": 4808,
                      "Actual Loops": 7,
                      "Hash Buckets": 131072,
                      "Original Hash Buckets": 131072,
                      "Hash Batches": 1,
                      "Original Hash Batches": 1,
                      "Peak Memory Usage": 2432,
                      "Plans": [
                        {
                          "Node Type": "Seq Scan",
                          "Parent Relationship": "Outer",
                          "Parallel Aware": true,
                          "Relation Name": "title",
                          "Alias": "t",
                          "Startup Cost": 0.0,
                          "Total Cost": 45479.59,
                          "Plan Rows": 31795,
                          "Plan Width": 4,
                          "Actual Startup Time": 0.043,
                          "Actual Total Time": 73.661,
                          "Actual Rows": 4808,
                          "Actual Loops": 7,
                          "Filter": "((production_year < 1958) AND (kind_id = 7))",
                          "Rows Removed by Filter": 356380
                        }
                      ]
                    }
                  ]
                }
              ]
            }
          ]
        }
      ]
    },
    "Planning Time": 0.297,
    "Triggers": [],
    "Execution Time": 343.118
  }
]