[
  {
    "Plan": {
      "Node Type": "Aggregate",
      "Strategy": "Plain",
      "Partial Mode": "Finalize",
      "Parallel Aware": false,
      "Startup Cost": 246234.66,
      "Total Cost": 246234.67,
      "Plan Rows": 1,
      "Plan Width": 8,
      "Actual Startup Time": 301.486,
      "Actual Total Time": 322.784,
      "Actual Rows": 1,
      "Actual Loops": 1,
      "Plans": [
        {
          "Node Type": "Gather",
          "Parent Relationship": "Outer",
          "Parallel Aware": false,
          "Startup Cost": 246234.04,
          "Total Cost": 246234.65,
          "Plan Rows": 6,
          "Plan Width": 8,
          "Actual Startup Time": 301.144,
          "Actual Total Time": 322.776,
          "Actual Rows": 7,
          "Actual Loops": 1,
          "Workers Planned": 6,
          "Workers Launched": 6,
          "Single Copy": false,
          "Plans": [
            {
              "Node Type": "Aggregate",
              "Strategy": "Plain",
              "Partial Mode": "Partial",
              "Parent Relationship": "Outer",
              "Parallel Aware": false,
              "Startup Cost": 245234.04,
              "Total Cost": 245234.05,
              "Plan Rows": 1,
              "Plan Width": 8,
              "Actual Startup Time": 290.616,
              "Actual Total Time": 290.622,
              "Actual Rows": 1,
              "Actual Loops": 7,
              "Plans": [
                {
                  "Node Type": "Hash Join",
                  "Parent Relationship": "Outer",
                  "Parallel Aware": true,
                  "Join Type": "Inner",
                  "Startup Cost": 45879.09,
                  "Total Cost": 245166.15,
                  "Plan Rows": 27153,
                  "Plan Width": 0,
                  "Actual Startup Time": 272.578,
                  "Actual Total Time": 290.615,
                  "Actual Rows": 0,
                  "Actual Loops": 7,
                  "Inner Unique": true,
                  "Hash Cond": "(ci.movie_id = t.id)",
                  "Plans": [
                    {
                      "Node Type": "Index Scan",
                      "Parent Relationship": "Outer",
                      "Parallel Aware": true,
                      "Scan Direction": "Forward",
                      "Index Name": "role_id_cast_info",
                      "Relation Name": "cast_info",
                      "Alias": "ci",
                      "Startup Cost": 0.56,
                      "Total Cost": 197877.72,
                      "Plan Rows": 537107,
                      "Plan Width": 4,
                      "Actual Startup Time": 5.984,
                      "Actual Total Time": 213.413,
                      "Actual Rows": 395,
                      "Actual Loops": 7,
                      "Index Cond": "(role_id = 2)",
                      "Rows Removed by Index Recheck": 0,
                      "Filter": "(person_id < 1564719)",
                      "Rows Removed by Filter": 1064173
                    },
                    {
                      "Node Type": "Hash",
                      "Parent Relationship": "Inner",
                      "Parallel Aware": true,
                      "Startup Cost": 45479.1,
                      "Total Cost": 45479.1,
                      "Plan Rows": 31954,
                      "Plan Width": 4,
                      "Actual Startup Time": 75.52,
                      "Actual Total Time": 75.522,
                      "Actual Rows": 4808,
                      "Actual Loops": 7,
                      "Hash Buckets": 131072,
                      "Original Hash Buckets": 131072,
                      "Hash Batches": 1,
                      "Original Hash Batches": 1,
                      "Peak Memory Usage": 2400,
                      "Plans": [
                        {
                          "Node Type": "Seq Scan",
                          "Parent Relationship": "Outer",
                          "Parallel Aware": true,
                          "Relation Name": "title",
                          "Alias": "t",
                          "Startup Cost": 0.0,
                          "Total Cost": 45479.1,
                          "Plan Rows": 31954,
                          "Plan Width": 4,
                          "Actual Startup Time": 0.094,
                          "Actual Total Time": 72.494,
                          "Actual Rows": 4808,
                          "Actual Loops": 7,
                          "Filter": "((production_year < 1958) AND (kind_id = 7))",
                          "Rows Removed by Filter": 356380
                        }
                      ]
                    }
                  ]
                }
              ]
            }
          ]
        }
      ]
    },
    "Planning Time": 0.647,
    "Triggers": [],
    "Execution Time": 322.863
  }
]