[
  {
    "Plan": {
      "Node Type": "Aggregate",
      "Strategy": "Plain",
      "Partial Mode": "Simple",
      "Parallel Aware": false,
      "Startup Cost": 273.96,
      "Total Cost": 273.97,
      "Plan Rows": 1,
      "Plan Width": 8,
      "Actual Startup Time": 0.546,
      "Actual Total Time": 0.547,
      "Actual Rows": 1,
      "Actual Loops": 1,
      "Plans": [
        {
          "Node Type": "Index Scan",
          "Parent Relationship": "Outer",
          "Parallel Aware": false,
          "Scan Direction": "Forward",
          "Index Name": "company_id_movie_companies",
          "Relation Name": "movie_companies",
          "Alias": "mc",
          "Startup Cost": 0.43,
          "Total Cost": 273.83,
          "Plan Rows": 52,
          "Plan Width": 0,
          "Actual Startup Time": 0.201,
          "Actual Total Time": 0.524,
          "Actual Rows": 161,
          "Actual Loops": 1,
          "Index Cond": "(company_id = 4609)",
          "Rows Removed by Index Recheck": 0,
          "Filter": "(company_type_id = 2)",
          "Rows Removed by Filter": 21
        }
      ]
    },
    "Planning Time": 0.206,
    "Triggers": [],
    "Execution Time": 0.594
  }
]