{
    "Plan": {
        "Node Type": "Aggregate",
        "Strategy": "Plain",
        "Partial Mode": "Simple",
        "Parallel Aware": false,
        "Startup Cost": 30021450582.48,
        "Total Cost": 30021450582.49,
        "Plan Rows": 1,
        "Plan Width": 96,
        "Actual Startup Time": 47108.285,
        "Actual Total Time": 47205.159,
        "Actual Rows": 1,
        "Actual Loops": 1,
        "Output": [
            "min(k.keyword)",
            "min(n.name)",
            "min(t.title)"
        ],
        "Plans": [
            {
                "Node Type": "Nested Loop",
                "Parent Relationship": "Outer",
                "Parallel Aware": false,
                "Join Type": "Inner",
                "Startup Cost": 30021450526.01,
                "Total Cost": 30021450582.47,
                "Plan Rows": 1,
                "Plan Width": 48,
                "Actual Startup Time": 44550.794,
                "Actual Total Time": 47201.839,
                "Actual Rows": 3576,
                "Actual Loops": 1,
                "Output": [
                    "k.keyword",
                    "n.name",
                    "t.title"
                ],
                "Inner Unique": true,
                "Join Filter": "(mk.movie_id = t.id)",
                "Rows Removed by Join Filter": 0,
                "Plans": [
                    {
                        "Node Type": "Gather",
                        "Parent Relationship": "Outer",
                        "Parallel Aware": false,
                        "Startup Cost": 20021450525.58,
                        "Total Cost": 20021450578.01,
                        "Plan Rows": 1,
                        "Plan Width": 39,
                        "Actual Startup Time": 44550.741,
                        "Actual Total Time": 47090.901,
                        "Actual Rows": 6504,
                        "Actual Loops": 1,
                        "Output": [
                            "ci.movie_id",
                            "mk.movie_id",
                            "k.keyword",
                            "n.name"
                        ],
                        "Workers Planned": 4,
                        "Workers Launched": 4,
                        "Single Copy": false,
                        "Plans": [
                            {
                                "Node Type": "Merge Join",
                                "Parent Relationship": "Outer",
                                "Parallel Aware": false,
                                "Join Type": "Inner",
                                "Startup Cost": 20021449525.58,
                                "Total Cost": 20021449577.91,
                                "Plan Rows": 1,
                                "Plan Width": 39,
                                "Actual Startup Time": 45556.307,
                                "Actual Total Time": 46065.287,
                                "Actual Rows": 1301,
                                "Actual Loops": 5,
                                "Output": [
                                    "ci.movie_id",
                                    "mk.movie_id",
                                    "k.keyword",
                                    "n.name"
                                ],
                                "Inner Unique": false,
                                "Merge Cond": "(n.id = ci.person_id)",
                                "Workers": [
                                    {
                                        "Worker Number": 0,
                                        "Actual Startup Time": 46170.652,
                                        "Actual Total Time": 46706.373,
                                        "Actual Rows": 1010,
                                        "Actual Loops": 1
                                    },
                                    {
                                        "Worker Number": 1,
                                        "Actual Startup Time": 46030.525,
                                        "Actual Total Time": 46402.423,
                                        "Actual Rows": 1201,
                                        "Actual Loops": 1
                                    },
                                    {
                                        "Worker Number": 2,
                                        "Actual Startup Time": 44568.181,
                                        "Actual Total Time": 45075.825,
                                        "Actual Rows": 1534,
                                        "Actual Loops": 1
                                    },
                                    {
                                        "Worker Number": 3,
                                        "Actual Startup Time": 46462.538,
                                        "Actual Total Time": 46941.428,
                                        "Actual Rows": 1628,
                                        "Actual Loops": 1
                                    }
                                ],
                                "Plans": [
                                    {
                                        "Node Type": "Sort",
                                        "Parent Relationship": "Outer",
                                        "Parallel Aware": false,
                                        "Startup Cost": 68640.07,
                                        "Total Cost": 68640.33,
                                        "Plan Rows": 104,
                                        "Plan Width": 19,
                                        "Actual Startup Time": 241.684,
                                        "Actual Total Time": 241.99,
                                        "Actual Rows": 2094,
                                        "Actual Loops": 5,
                                        "Output": [
                                            "n.name",
                                            "n.id"
                                        ],
                                        "Sort Key": [
                                            "n.id"
                                        ],
                                        "Sort Method": "quicksort",
                                        "Sort Space Used": 265,
                                        "Sort Space Type": "Memory",
                                        "Workers": [
                                            {
                                                "Worker Number": 0,
                                                "Actual Startup Time": 237.804,
                                                "Actual Total Time": 238.074,
                                                "Actual Rows": 1716,
                                                "Actual Loops": 1
                                            },
                                            {
                                                "Worker Number": 1,
                                                "Actual Startup Time": 239.548,
                                                "Actual Total Time": 239.84,
                                                "Actual Rows": 2226,
                                                "Actual Loops": 1
                                            },
                                            {
                                                "Worker Number": 2,
                                                "Actual Startup Time": 239.507,
                                                "Actual Total Time": 239.769,
                                                "Actual Rows": 2206,
                                                "Actual Loops": 1
                                            },
                                            {
                                                "Worker Number": 3,
                                                "Actual Startup Time": 239.621,
                                                "Actual Total Time": 239.915,
                                                "Actual Rows": 2215,
                                                "Actual Loops": 1
                                            }
                                        ],
                                        "Plans": [
                                            {
                                                "Node Type": "Seq Scan",
                                                "Parent Relationship": "Outer",
                                                "Parallel Aware": true,
                                                "Relation Name": "name",
                                                "Schema": "public",
                                                "Alias": "n",
                                                "Startup Cost": 0.0,
                                                "Total Cost": 68636.59,
                                                "Plan Rows": 104,
                                                "Plan Width": 19,
                                                "Actual Startup Time": 12.28,
                                                "Actual Total Time": 240.577,
                                                "Actual Rows": 2142,
                                                "Actual Loops": 5,
                                                "Output": [
                                                    "n.name",
                                                    "n.id"
                                                ],
                                                "Filter": "(n.name ~~ '%Williams,%'::text)",
                                                "Rows Removed by Filter": 831357,
                                                "Workers": [
                                                    {
                                                        "Worker Number": 0,
                                                        "Actual Startup Time": 23.959,
                                                        "Actual Total Time": 236.72,
                                                        "Actual Rows": 1786,
                                                        "Actual Loops": 1
                                                    },
                                                    {
                                                        "Worker Number": 1,
                                                        "Actual Startup Time": 6.884,
                                                        "Actual Total Time": 238.378,
                                                        "Actual Rows": 2277,
                                                        "Actual Loops": 1
                                                    },
                                                    {
                                                        "Worker Number": 2,
                                                        "Actual Startup Time": 20.066,
                                                        "Actual Total Time": 238.373,
                                                        "Actual Rows": 2245,
                                                        "Actual Loops": 1
                                                    },
                                                    {
                                                        "Worker Number": 3,
                                                        "Actual Startup Time": 10.244,
                                                        "Actual Total Time": 238.482,
                                                        "Actual Rows": 2247,
                                                        "Actual Loops": 1
                                                    }
                                                ]
                                            }
                                        ]
                                    },
                                    {
                                        "Node Type": "Sort",
                                        "Parent Relationship": "Inner",
                                        "Parallel Aware": false,
                                        "Startup Cost": 20021380885.5,
                                        "Total Cost": 20021380911.41,
                                        "Plan Rows": 10363,
                                        "Plan Width": 28,
                                        "Actual Startup Time": 45187.045,
                                        "Actual Total Time": 45641.174,
                                        "Actual Rows": 2204215,
                                        "Actual Loops": 5,
                                        "Output": [
                                            "ci.movie_id",
                                            "ci.person_id",
                                            "mk.movie_id",
                                            "k.keyword"
                                        ],
                                        "Sort Key": [
                                            "ci.person_id"
                                        ],
                                        "Sort Method": "quicksort",
                                        "Sort Space Used": 270465,
                                        "Sort Space Type": "Memory",
                                        "Workers": [
                                            {
                                                "Worker Number": 0,
                                                "Actual Startup Time": 45802.089,
                                                "Actual Total Time": 46280.259,
                                                "Actual Rows": 2204215,
                                                "Actual Loops": 1
                                            },
                                            {
                                                "Worker Number": 1,
                                                "Actual Startup Time": 45607.637,
                                                "Actual Total Time": 45996.272,
                                                "Actual Rows": 2204215,
                                                "Actual Loops": 1
                                            },
                                            {
                                                "Worker Number": 2,
                                                "Actual Startup Time": 44257.326,
                                                "Actual Total Time": 44659.219,
                                                "Actual Rows": 2204215,
                                                "Actual Loops": 1
                                            },
                                            {
                                                "Worker Number": 3,
                                                "Actual Startup Time": 46035.586,
                                                "Actual Total Time": 46513.57,
                                                "Actual Rows": 2204215,
                                                "Actual Loops": 1
                                            }
                                        ],
                                        "Plans": [
                                            {
                                                "Node Type": "Hash Join",
                                                "Parent Relationship": "Outer",
                                                "Parallel Aware": false,
                                                "Join Type": "Inner",
                                                "Startup Cost": 20001068375.32,
                                                "Total Cost": 20021380194.33,
                                                "Plan Rows": 10363,
                                                "Plan Width": 28,
                                                "Actual Startup Time": 17545.335,
                                                "Actual Total Time": 44491.307,
                                                "Actual Rows": 2204215,
                                                "Actual Loops": 5,
                                                "Output": [
                                                    "ci.movie_id",
                                                    "ci.person_id",
                                                    "mk.movie_id",
                                                    "k.keyword"
                                                ],
                                                "Inner Unique": false,
                                                "Hash Cond": "(mk.movie_id = ci.movie_id)",
                                                "Workers": [
                                                    {
                                                        "Worker Number": 0,
                                                        "Actual Startup Time": 18774.064,
                                                        "Actual Total Time": 45073.636,
                                                        "Actual Rows": 2204215,
                                                        "Actual Loops": 1
                                                    },
                                                    {
                                                        "Worker Number": 1,
                                                        "Actual Startup Time": 17165.419,
                                                        "Actual Total Time": 44901.583,
                                                        "Actual Rows": 2204215,
                                                        "Actual Loops": 1
                                                    },
                                                    {
                                                        "Worker Number": 2,
                                                        "Actual Startup Time": 16462.997,
                                                        "Actual Total Time": 43545.639,
                                                        "Actual Rows": 2204215,
                                                        "Actual Loops": 1
                                                    },
                                                    {
                                                        "Worker Number": 3,
                                                        "Actual Startup Time": 18630.99,
                                                        "Actual Total Time": 45309.142,
                                                        "Actual Rows": 2204215,
                                                        "Actual Loops": 1
                                                    }
                                                ],
                                                "Plans": [
                                                    {
                                                        "Node Type": "Nested Loop",
                                                        "Parent Relationship": "Outer",
                                                        "Parallel Aware": false,
                                                        "Join Type": "Inner",
                                                        "Startup Cost": 20000000000.86,
                                                        "Total Cost": 20020311702.64,
                                                        "Plan Rows": 270,
                                                        "Plan Width": 20,
                                                        "Actual Startup Time": 1.097,
                                                        "Actual Total Time": 26048.278,
                                                        "Actual Rows": 44649,
                                                        "Actual Loops": 5,
                                                        "Output": [
                                                            "k.keyword",
                                                            "mk.movie_id"
                                                        ],
                                                        "Inner Unique": true,
                                                        "Workers": [
                                                            {
                                                                "Worker Number": 0,
                                                                "Actual Startup Time": 1.143,
                                                                "Actual Total Time": 25361.758,
                                                                "Actual Rows": 44649,
                                                                "Actual Loops": 1
                                                            },
                                                            {
                                                                "Worker Number": 1,
                                                                "Actual Startup Time": 1.099,
                                                                "Actual Total Time": 26896.0,
                                                                "Actual Rows": 44649,
                                                                "Actual Loops": 1
                                                            },
                                                            {
                                                                "Worker Number": 2,
                                                                "Actual Startup Time": 1.087,
                                                                "Actual Total Time": 26264.611,
                                                                "Actual Rows": 44649,
                                                                "Actual Loops": 1
                                                            },
                                                            {
                                                                "Worker Number": 3,
                                                                "Actual Startup Time": 1.148,
                                                                "Actual Total Time": 25738.854,
                                                                "Actual Rows": 44649,
                                                                "Actual Loops": 1
                                                            }
                                                        ],
                                                        "Plans": [
                                                            {
                                                                "Node Type": "Index Scan",
                                                                "Parent Relationship": "Outer",
                                                                "Parallel Aware": false,
                                                                "Scan Direction": "Forward",
                                                                "Index Name": "movie_id_movie_keyword",
                                                                "Relation Name": "movie_keyword",
                                                                "Schema": "public",
                                                                "Alias": "mk",
                                                                "Startup Cost": 10000000000.43,
                                                                "Total Cost": 10000177177.46,
                                                                "Plan Rows": 4523930,
                                                                "Plan Width": 8,
                                                                "Actual Startup Time": 0.061,
                                                                "Actual Total Time": 1283.348,
                                                                "Actual Rows": 4523930,
                                                                "Actual Loops": 5,
                                                                "Output": [
                                                                    "mk.id",
                                                                    "mk.movie_id",
                                                                    "mk.keyword_id"
                                                                ],
                                                                "Workers": [
                                                                    {
                                                                        "Worker Number": 0,
                                                                        "Actual Startup Time": 0.069,
                                                                        "Actual Total Time": 1347.098,
                                                                        "Actual Rows": 4523930,
                                                                        "Actual Loops": 1
                                                                    },
                                                                    {
                                                                        "Worker Number": 1,
                                                                        "Actual Startup Time": 0.066,
                                                                        "Actual Total Time": 1251.398,
                                                                        "Actual Rows": 4523930,
                                                                        "Actual Loops": 1
                                                                    },
                                                                    {
                                                                        "Worker Number": 2,
                                                                        "Actual Startup Time": 0.07,
                                                                        "Actual Total Time": 1283.722,
                                                                        "Actual Rows": 4523930,
                                                                        "Actual Loops": 1
                                                                    },
                                                                    {
                                                                        "Worker Number": 3,
                                                                        "Actual Startup Time": 0.071,
                                                                        "Actual Total Time": 1310.869,
                                                                        "Actual Rows": 4523930,
                                                                        "Actual Loops": 1
                                                                    }
                                                                ]
                                                            },
                                                            {
                                                                "Node Type": "Bitmap Heap Scan",
                                                                "Parent Relationship": "Inner",
                                                                "Parallel Aware": false,
                                                                "Relation Name": "keyword",
                                                                "Schema": "public",
                                                                "Alias": "k",
                                                                "Startup Cost": 0.43,
                                                                "Total Cost": 4.45,
                                                                "Plan Rows": 1,
                                                                "Plan Width": 20,
                                                                "Actual Startup Time": 0.004,
                                                                "Actual Total Time": 0.004,
                                                                "Actual Rows": 0,
                                                                "Actual Loops": 22619650,
                                                                "Output": [
                                                                    "k.id",
                                                                    "k.keyword",
                                                                    "k.phonetic_code"
                                                                ],
                                                                "Recheck Cond": "(k.id = mk.keyword_id)",
                                                                "Rows Removed by Index Recheck": 0,
                                                                "Filter": "(k.keyword = ANY ('{violence,based-on-comic,murder,web,fight,revenge,marvel-comics,marvel-cinematic-universe}'::text[]))",
                                                                "Rows Removed by Filter": 1,
                                                                "Exact Heap Blocks": 4523930,
                                                                "Lossy Heap Blocks": 0,
                                                                "Workers": [
                                                                    {
                                                                        "Worker Number": 0,
                                                                        "Actual Startup Time": 0.004,
                                                                        "Actual Total Time": 0.004,
                                                                        "Actual Rows": 0,
                                                                        "Actual Loops": 4523930
                                                                    },
                                                                    {
                                                                        "Worker Number": 1,
                                                                        "Actual Startup Time": 0.004,
                                                                        "Actual Total Time": 0.004,
                                                                        "Actual Rows": 0,
                                                                        "Actual Loops": 4523930
                                                                    },
                                                                    {
                                                                        "Worker Number": 2,
                                                                        "Actual Startup Time": 0.004,
                                                                        "Actual Total Time": 0.004,
                                                                        "Actual Rows": 0,
                                                                        "Actual Loops": 4523930
                                                                    },
                                                                    {
                                                                        "Worker Number": 3,
                                                                        "Actual Startup Time": 0.004,
                                                                        "Actual Total Time": 0.004,
                                                                        "Actual Rows": 0,
                                                                        "Actual Loops": 4523930
                                                                    }
                                                                ],
                                                                "Plans": [
                                                                    {
                                                                        "Node Type": "Bitmap Index Scan",
                                                                        "Parent Relationship": "Outer",
                                                                        "Parallel Aware": false,
                                                                        "Index Name": "keyword_pkey",
                                                                        "Startup Cost": 0.0,
                                                                        "Total Cost": 0.43,
                                                                        "Plan Rows": 1,
                                                                        "Plan Width": 0,
                                                                        "Actual Startup Time": 0.003,
                                                                        "Actual Total Time": 0.003,
                                                                        "Actual Rows": 1,
                                                                        "Actual Loops": 22619650,
                                                                        "Index Cond": "(k.id = mk.keyword_id)",
                                                                        "Workers": [
                                                                            {
                                                                                "Worker Number": 0,
                                                                                "Actual Startup Time": 0.002,
                                                                                "Actual Total Time": 0.002,
                                                                                "Actual Rows": 1,
                                                                                "Actual Loops": 4523930
                                                                            },
                                                                            {
                                                                                "Worker Number": 1,
                                                                                "Actual Startup Time": 0.003,
                                                                                "Actual Total Time": 0.003,
                                                                                "Actual Rows": 1,
                                                                                "Actual Loops": 4523930
                                                                            },
                                                                            {
                                                                                "Worker Number": 2,
                                                                                "Actual Startup Time": 0.003,
                                                                                "Actual Total Time": 0.003,
                                                                                "Actual Rows": 1,
                                                                                "Actual Loops": 4523930
                                                                            },
                                                                            {
                                                                                "Worker Number": 3,
                                                                                "Actual Startup Time": 0.002,
                                                                                "Actual Total Time": 0.002,
                                                                                "Actual Rows": 1,
                                                                                "Actual Loops": 4523930
                                                                            }
                                                                        ]
                                                                    }
                                                                ]
                                                            }
                                                        ]
                                                    },
                                                    {
                                                        "Node Type": "Hash",
                                                        "Parent Relationship": "Inner",
                                                        "Parallel Aware": false,
                                                        "Startup Cost": 615214.76,
                                                        "Total Cost": 615214.76,
                                                        "Plan Rows": 36252776,
                                                        "Plan Width": 8,
                                                        "Actual Startup Time": 17159.234,
                                                        "Actual Total Time": 17159.236,
                                                        "Actual Rows": 36244344,
                                                        "Actual Loops": 5,
                                                        "Output": [
                                                            "ci.movie_id",
                                                            "ci.person_id"
                                                        ],
                                                        "Hash Buckets": 67108864,
                                                        "Original Hash Buckets": 67108864,
                                                        "Hash Batches": 1,
                                                        "Original Hash Batches": 1,
                                                        "Peak Memory Usage": 1940083,
                                                        "Workers": [
                                                            {
                                                                "Worker Number": 0,
                                                                "Actual Startup Time": 18319.503,
                                                                "Actual Total Time": 18319.504,
                                                                "Actual Rows": 36244344,
                                                                "Actual Loops": 1
                                                            },
                                                            {
                                                                "Worker Number": 1,
                                                                "Actual Startup Time": 16721.458,
                                                                "Actual Total Time": 16721.459,
                                                                "Actual Rows": 36244344,
                                                                "Actual Loops": 1
                                                            },
                                                            {
                                                                "Worker Number": 2,
                                                                "Actual Startup Time": 16026.136,
                                                                "Actual Total Time": 16026.137,
                                                                "Actual Rows": 36244344,
                                                                "Actual Loops": 1
                                                            },
                                                            {
                                                                "Worker Number": 3,
                                                                "Actual Startup Time": 18181.416,
                                                                "Actual Total Time": 18181.417,
                                                                "Actual Rows": 36244344,
                                                                "Actual Loops": 1
                                                            }
                                                        ],
                                                        "Plans": [
                                                            {
                                                                "Node Type": "Seq Scan",
                                                                "Parent Relationship": "Outer",
                                                                "Parallel Aware": false,
                                                                "Relation Name": "cast_info",
                                                                "Schema": "public",
                                                                "Alias": "ci",
                                                                "Startup Cost": 0.0,
                                                                "Total Cost": 615214.76,
                                                                "Plan Rows": 36252776,
                                                                "Plan Width": 8,
                                                                "Actual Startup Time": 0.067,
                                                                "Actual Total Time": 4000.23,
                                                                "Actual Rows": 36244344,
                                                                "Actual Loops": 5,
                                                                "Output": [
                                                                    "ci.movie_id",
                                                                    "ci.person_id"
                                                                ],
                                                                "Workers": [
                                                                    {
                                                                        "Worker Number": 0,
                                                                        "Actual Startup Time": 0.069,
                                                                        "Actual Total Time": 4031.906,
                                                                        "Actual Rows": 36244344,
                                                                        "Actual Loops": 1
                                                                    },
                                                                    {
                                                                        "Worker Number": 1,
                                                                        "Actual Startup Time": 0.074,
                                                                        "Actual Total Time": 4088.292,
                                                                        "Actual Rows": 36244344,
                                                                        "Actual Loops": 1
                                                                    },
                                                                    {
                                                                        "Worker Number": 2,
                                                                        "Actual Startup Time": 0.077,
                                                                        "Actual Total Time": 4115.326,
                                                                        "Actual Rows": 36244344,
                                                                        "Actual Loops": 1
                                                                    },
                                                                    {
                                                                        "Worker Number": 3,
                                                                        "Actual Startup Time": 0.081,
                                                                        "Actual Total Time": 3996.818,
                                                                        "Actual Rows": 36244344,
                                                                        "Actual Loops": 1
                                                                    }
                                                                ]
                                                            }
                                                        ]
                                                    }
                                                ]
                                            }
                                        ]
                                    }
                                ]
                            }
                        ]
                    },
                    {
                        "Node Type": "Bitmap Heap Scan",
                        "Parent Relationship": "Inner",
                        "Parallel Aware": false,
                        "Relation Name": "title",
                        "Schema": "public",
                        "Alias": "t",
                        "Startup Cost": 0.44,
                        "Total Cost": 4.45,
                        "Plan Rows": 1,
                        "Plan Width": 21,
                        "Actual Startup Time": 0.012,
                        "Actual Total Time": 0.012,
                        "Actual Rows": 1,
                        "Actual Loops": 6504,
                        "Output": [
                            "t.id",
                            "t.title",
                            "t.imdb_index",
                            "t.kind_id",
                            "t.production_year",
                            "t.imdb_id",
                            "t.phonetic_code",
                            "t.episode_of_id",
                            "t.season_nr",
                            "t.episode_nr",
                            "t.series_years",
                            "t.md5sum"
                        ],
                        "Recheck Cond": "(t.id = ci.movie_id)",
                        "Rows Removed by Index Recheck": 0,
                        "Filter": "(t.production_year > 1996)",
                        "Rows Removed by Filter": 0,
                        "Exact Heap Blocks": 6504,
                        "Lossy Heap Blocks": 0,
                        "Plans": [
                            {
                                "Node Type": "Bitmap Index Scan",
                                "Parent Relationship": "Outer",
                                "Parallel Aware": false,
                                "Index Name": "title_pkey",
                                "Startup Cost": 0.0,
                                "Total Cost": 0.44,
                                "Plan Rows": 1,
                                "Plan Width": 0,
                                "Actual Startup Time": 0.008,
                                "Actual Total Time": 0.008,
                                "Actual Rows": 1,
                                "Actual Loops": 6504,
                                "Index Cond": "(t.id = ci.movie_id)"
                            }
                        ]
                    }
                ]
            }
        ]
    },
    "Planning Time": 2.087,
    "Triggers": [],
    "Execution Time": 47232.231
}