[
  {
    "Plan": {
      "Node Type": "Aggregate",
      "Strategy": "Plain",
      "Partial Mode": "Finalize",
      "Parallel Aware": false,
      "Startup Cost": 78838.76,
      "Total Cost": 78838.77,
      "Plan Rows": 1,
      "Plan Width": 8,
      "Actual Startup Time": 222.735,
      "Actual Total Time": 239.403,
      "Actual Rows": 1,
      "Actual Loops": 1,
      "Plans": [
        {
          "Node Type": "Gather",
          "Parent Relationship": "Outer",
          "Parallel Aware": false,
          "Startup Cost": 78838.44,
          "Total Cost": 78838.75,
          "Plan Rows": 3,
          "Plan Width": 8,
          "Actual Startup Time": 221.382,
          "Actual Total Time": 239.393,
          "Actual Rows": 4,
          "Actual Loops": 1,
          "Workers Planned": 3,
          "Workers Launched": 3,
          "Single Copy": false,
          "Plans": [
            {
              "Node Type": "Aggregate",
              "Strategy": "Plain",
              "Partial Mode": "Partial",
              "Parent Relationship": "Outer",
              "Parallel Aware": false,
              "Startup Cost": 77838.44,
              "Total Cost": 77838.45,
              "Plan Rows": 1,
              "Plan Width": 8,
              "Actual Startup Time": 212.702,
              "Actual Total Time": 212.705,
              "Actual Rows": 1,
              "Actual Loops": 4,
              "Plans": [
                {
                  "Node Type": "Hash Join",
                  "Parent Relationship": "Outer",
                  "Parallel Aware": true,
                  "Join Type": "Inner",
                  "Startup Cost": 45693.44,
                  "Total Cost": 77820.05,
                  "Plan Rows": 7356,
                  "Plan Width": 0,
                  "Actual Startup Time": 153.293,
                  "Actual Total Time": 211.721,
                  "Actual Rows": 20669,
                  "Actual Loops": 4,
                  "Inner Unique": true,
                  "Hash Cond": "(mc.movie_id = t.id)",
                  "Plans": [
                    {
                      "Node Type": "Seq Scan",
                      "Parent Relationship": "Outer",
                      "Parallel Aware": true,
                      "Relation Name": "movie_companies",
                      "Alias": "mc",
                      "Startup Cost": 0.0,
                      "Total Cost": 31414.82,
                      "Plan Rows": 271160,
                      "Plan Width": 4,
                      "Actual Startup Time": 32.127,
                      "Actual Total Time": 66.308,
                      "Actual Rows": 132631,
                      "Actual Loops": 4,
                      "Filter": "((company_id < 17915) AND (company_type_id > 1))",
                      "Rows Removed by Filter": 519651
                    },
                    {
                      "Node Type": "Hash",
                      "Parent Relationship": "Inner",
                      "Parallel Aware": true,
                      "Startup Cost": 45479.1,
                      "Total Cost": 45479.1,
                      "Plan Rows": 17147,
                      "Plan Width": 4,
                      "Actual Startup Time": 118.707,
                      "Actual Total Time": 118.708,
                      "Actual Rows": 42681,
                      "Actual Loops": 4,
                      "Hash Buckets": 262144,
                      "Original Hash Buckets": 131072,
                      "Hash Batches": 1,
                      "Original Hash Batches": 1,
                      "Peak Memory Usage": 9824,
                      "Plans": [
                        {
                          "Node Type": "Seq Scan",
                          "Parent Relationship": "Outer",
                          "Parallel Aware": true,
                          "Relation Name": "title",
                          "Alias": "t",
                          "Startup Cost": 0.0,
                          "Total Cost": 45479.1,
                          "Plan Rows": 17147,
                          "Plan Width": 4,
                          "Actual Startup Time": 0.547,
                          "Actual Total Time": 100.29,
                          "Actual Rows": 42681,
                          "Actual Loops": 4,
                          "Filter": "((kind_id < 7) AND (production_year < 1953))",
                          "Rows Removed by Filter": 589397
                        }
                      ]
                    }
                  ]
                }
              ]
            }
          ]
        }
      ]
    },
    "Planning Time": 0.674,
    "Triggers": [],
    "Execution Time": 239.47
  }
]