{
    "Plan": {
        "Node Type": "Aggregate",
        "Strategy": "Plain",
        "Partial Mode": "Finalize",
        "Parallel Aware": false,
        "Startup Cost": 67257.67,
        "Total Cost": 67257.68,
        "Plan Rows": 1,
        "Plan Width": 8,
        "Actual Startup Time": 114.346,
        "Actual Total Time": 134.249,
        "Actual Rows": 1,
        "Actual Loops": 1,
        "Output": [
            "count(*)"
        ],
        "Plans": [
            {
                "Node Type": "Gather",
                "Parent Relationship": "Outer",
                "Parallel Aware": false,
                "Startup Cost": 67257.25,
                "Total Cost": 67257.66,
                "Plan Rows": 4,
                "Plan Width": 8,
                "Actual Startup Time": 114.176,
                "Actual Total Time": 134.24,
                "Actual Rows": 5,
                "Actual Loops": 1,
                "Output": [
                    "(PARTIAL count(*))"
                ],
                "Workers Planned": 4,
                "Workers Launched": 4,
                "Single Copy": false,
                "Plans": [
                    {
                        "Node Type": "Aggregate",
                        "Strategy": "Plain",
                        "Partial Mode": "Partial",
                        "Parent Relationship": "Outer",
                        "Parallel Aware": false,
                        "Startup Cost": 66257.25,
                        "Total Cost": 66257.26,
                        "Plan Rows": 1,
                        "Plan Width": 8,
                        "Actual Startup Time": 104.119,
                        "Actual Total Time": 104.121,
                        "Actual Rows": 1,
                        "Actual Loops": 5,
                        "Output": [
                            "PARTIAL count(*)"
                        ],
                        "Workers": [
                            {
                                "Worker Number": 0,
                                "Actual Startup Time": 101.47,
                                "Actual Total Time": 101.472,
                                "Actual Rows": 1,
                                "Actual Loops": 1
                            },
                            {
                                "Worker Number": 1,
                                "Actual Startup Time": 101.574,
                                "Actual Total Time": 101.575,
                                "Actual Rows": 1,
                                "Actual Loops": 1
                            },
                            {
                                "Worker Number": 2,
                                "Actual Startup Time": 101.803,
                                "Actual Total Time": 101.805,
                                "Actual Rows": 1,
                                "Actual Loops": 1
                            },
                            {
                                "Worker Number": 3,
                                "Actual Startup Time": 102.336,
                                "Actual Total Time": 102.337,
                                "Actual Rows": 1,
                                "Actual Loops": 1
                            }
                        ],
                        "Plans": [
                            {
                                "Node Type": "Nested Loop",
                                "Parent Relationship": "Outer",
                                "Parallel Aware": false,
                                "Join Type": "Inner",
                                "Startup Cost": 0.43,
                                "Total Cost": 66255.23,
                                "Plan Rows": 811,
                                "Plan Width": 0,
                                "Actual Startup Time": 58.038,
                                "Actual Total Time": 103.658,
                                "Actual Rows": 4387,
                                "Actual Loops": 5,
                                "Inner Unique": false,
                                "Workers": [
                                    {
                                        "Worker Number": 0,
                                        "Actual Startup Time": 56.305,
                                        "Actual Total Time": 101.008,
                                        "Actual Rows": 3730,
                                        "Actual Loops": 1
                                    },
                                    {
                                        "Worker Number": 1,
                                        "Actual Startup Time": 51.663,
                                        "Actual Total Time": 101.137,
                                        "Actual Rows": 3605,
                                        "Actual Loops": 1
                                    },
                                    {
                                        "Worker Number": 2,
                                        "Actual Startup Time": 56.69,
                                        "Actual Total Time": 101.328,
                                        "Actual Rows": 3927,
                                        "Actual Loops": 1
                                    },
                                    {
                                        "Worker Number": 3,
                                        "Actual Startup Time": 57.388,
                                        "Actual Total Time": 101.795,
                                        "Actual Rows": 2694,
                                        "Actual Loops": 1
                                    }
                                ],
                                "Plans": [
                                    {
                                        "Node Type": "Seq Scan",
                                        "Parent Relationship": "Outer",
                                        "Parallel Aware": true,
                                        "Relation Name": "title",
                                        "Schema": "public",
                                        "Alias": "t",
                                        "Startup Cost": 0.0,
                                        "Total Cost": 45479.21,
                                        "Plan Rows": 139,
                                        "Plan Width": 4,
                                        "Actual Startup Time": 57.917,
                                        "Actual Total Time": 81.236,
                                        "Actual Rows": 643,
                                        "Actual Loops": 5,
                                        "Output": [
                                            "t.id",
                                            "t.title",
                                            "t.imdb_index",
                                            "t.kind_id",
                                            "t.production_year",
                                            "t.imdb_id",
                                            "t.phonetic_code",
                                            "t.episode_of_id",
                                            "t.season_nr",
                                            "t.episode_nr",
                                            "t.series_years",
                                            "t.md5sum"
                                        ],
                                        "Filter": "((t.production_year > 2013) AND (t.kind_id = 1))",
                                        "Rows Removed by Filter": 505019,
                                        "Workers": [
                                            {
                                                "Worker Number": 0,
                                                "Actual Startup Time": 56.189,
                                                "Actual Total Time": 76.922,
                                                "Actual Rows": 543,
                                                "Actual Loops": 1
                                            },
                                            {
                                                "Worker Number": 1,
                                                "Actual Startup Time": 51.495,
                                                "Actual Total Time": 77.769,
                                                "Actual Rows": 543,
                                                "Actual Loops": 1
                                            },
                                            {
                                                "Worker Number": 2,
                                                "Actual Startup Time": 56.557,
                                                "Actual Total Time": 76.415,
                                                "Actual Rows": 558,
                                                "Actual Loops": 1
                                            },
                                            {
                                                "Worker Number": 3,
                                                "Actual Startup Time": 57.228,
                                                "Actual Total Time": 77.637,
                                                "Actual Rows": 383,
                                                "Actual Loops": 1
                                            }
                                        ]
                                    },
                                    {
                                        "Node Type": "Index Only Scan",
                                        "Parent Relationship": "Inner",
                                        "Parallel Aware": false,
                                        "Scan Direction": "Forward",
                                        "Index Name": "movie_id_movie_info",
                                        "Relation Name": "movie_info",
                                        "Schema": "public",
                                        "Alias": "mi",
                                        "Startup Cost": 0.43,
                                        "Total Cost": 149.08,
                                        "Plan Rows": 39,
                                        "Plan Width": 4,
                                        "Actual Startup Time": 0.015,
                                        "Actual Total Time": 0.034,
                                        "Actual Rows": 7,
                                        "Actual Loops": 3217,
                                        "Output": [
                                            "mi.movie_id"
                                        ],
                                        "Index Cond": "(mi.movie_id = t.id)",
                                        "Rows Removed by Index Recheck": 0,
                                        "Heap Fetches": 21934,
                                        "Workers": [
                                            {
                                                "Worker Number": 0,
                                                "Actual Startup Time": 0.018,
                                                "Actual Total Time": 0.043,
                                                "Actual Rows": 7,
                                                "Actual Loops": 543
                                            },
                                            {
                                                "Worker Number": 1,
                                                "Actual Startup Time": 0.018,
                                                "Actual Total Time": 0.042,
                                                "Actual Rows": 7,
                                                "Actual Loops": 543
                                            },
                                            {
                                                "Worker Number": 2,
                                                "Actual Startup Time": 0.018,
                                                "Actual Total Time": 0.043,
                                                "Actual Rows": 7,
                                                "Actual Loops": 558
                                            },
                                            {
                                                "Worker Number": 3,
                                                "Actual Startup Time": 0.026,
                                                "Actual Total Time": 0.061,
                                                "Actual Rows": 7,
                                                "Actual Loops": 383
                                            }
                                        ]
                                    }
                                ]
                            }
                        ]
                    }
                ]
            }
        ]
    },
    "Planning Time": 0.664,
    "Triggers": [],
    "Execution Time": 134.339
}