[
  {
    "Plan": {
      "Node Type": "Aggregate",
      "Strategy": "Plain",
      "Partial Mode": "Finalize",
      "Parallel Aware": false,
      "Startup Cost": 78980.33,
      "Total Cost": 78980.34,
      "Plan Rows": 1,
      "Plan Width": 8,
      "Actual Startup Time": 424.266,
      "Actual Total Time": 441.844,
      "Actual Rows": 1,
      "Actual Loops": 1,
      "Plans": [
        {
          "Node Type": "Gather",
          "Parent Relationship": "Outer",
          "Parallel Aware": false,
          "Startup Cost": 78980.01,
          "Total Cost": 78980.32,
          "Plan Rows": 3,
          "Plan Width": 8,
          "Actual Startup Time": 415.565,
          "Actual Total Time": 441.836,
          "Actual Rows": 4,
          "Actual Loops": 1,
          "Workers Planned": 3,
          "Workers Launched": 3,
          "Single Copy": false,
          "Plans": [
            {
              "Node Type": "Aggregate",
              "Strategy": "Plain",
              "Partial Mode": "Partial",
              "Parent Relationship": "Outer",
              "Parallel Aware": false,
              "Startup Cost": 77980.01,
              "Total Cost": 77980.02,
              "Plan Rows": 1,
              "Plan Width": 8,
              "Actual Startup Time": 396.303,
              "Actual Total Time": 396.307,
              "Actual Rows": 1,
              "Actual Loops": 4,
              "Plans": [
                {
                  "Node Type": "Hash Join",
                  "Parent Relationship": "Outer",
                  "Parallel Aware": true,
                  "Join Type": "Inner",
                  "Startup Cost": 52827.81,
                  "Total Cost": 77880.97,
                  "Plan Rows": 39614,
                  "Plan Width": 0,
                  "Actual Startup Time": 352.144,
                  "Actual Total Time": 394.823,
                  "Actual Rows": 29944,
                  "Actual Loops": 4,
                  "Inner Unique": true,
                  "Hash Cond": "(mk.movie_id = t.id)",
                  "Plans": [
                    {
                      "Node Type": "Bitmap Heap Scan",
                      "Parent Relationship": "Outer",
                      "Parallel Aware": true,
                      "Relation Name": "movie_keyword",
                      "Alias": "mk",
                      "Startup Cost": 2608.16,
                      "Total Cost": 27557.34,
                      "Plan Rows": 39614,
                      "Plan Width": 4,
                      "Actual Startup Time": 9.601,
                      "Actual Total Time": 39.928,
                      "Actual Rows": 29944,
                      "Actual Loops": 4,
                      "Recheck Cond": "(keyword_id > 78080)",
                      "Rows Removed by Index Recheck": 0,
                      "Exact Heap Blocks": 6790,
                      "Lossy Heap Blocks": 0,
                      "Plans": [
                        {
                          "Node Type": "Bitmap Index Scan",
                          "Parent Relationship": "Outer",
                          "Parallel Aware": false,
                          "Index Name": "keyword_id_movie_keyword",
                          "Startup Cost": 0.0,
                          "Total Cost": 2577.46,
                          "Plan Rows": 122804,
                          "Plan Width": 0,
                          "Actual Startup Time": 6.907,
                          "Actual Total Time": 6.907,
                          "Actual Rows": 119775,
                          "Actual Loops": 1,
                          "Index Cond": "(keyword_id > 78080)"
                        }
                      ]
                    },
                    {
                      "Node Type": "Hash",
                      "Parent Relationship": "Inner",
                      "Parallel Aware": true,
                      "Startup Cost": 42318.73,
                      "Total Cost": 42318.73,
                      "Plan Rows": 632073,
                      "Plan Width": 4,
                      "Actual Startup Time": 330.908,
                      "Actual Total Time": 330.909,
                      "Actual Rows": 632078,
                      "Actual Loops": 4,
                      "Hash Buckets": 4194304,
                      "Original Hash Buckets": 4194304,
                      "Hash Batches": 1,
                      "Original Hash Batches": 1,
                      "Peak Memory Usage": 131776,
                      "Plans": [
                        {
                          "Node Type": "Seq Scan",
                          "Parent Relationship": "Outer",
                          "Parallel Aware": true,
                          "Relation Name": "title",
                          "Alias": "t",
                          "Startup Cost": 0.0,
                          "Total Cost": 42318.73,
                          "Plan Rows": 632073,
                          "Plan Width": 4,
                          "Actual Startup Time": 0.037,
                          "Actual Total Time": 95.637,
                          "Actual Rows": 632078,
                          "Actual Loops": 4
                        }
                      ]
                    }
                  ]
                }
              ]
            }
          ]
        }
      ]
    },
    "Planning Time": 0.578,
    "Triggers": [],
    "Execution Time": 441.929
  }
]