{
  "Plan": {
    "Node Type": "Aggregate",
    "Strategy": "Plain",
    "Partial Mode": "Finalize",
    "Parallel Aware": false,
    "Startup Cost": 193083.42,
    "Total Cost": 193083.43,
    "Plan Rows": 1,
    "Plan Width": 8,
    "Actual Startup Time": 734.981,
    "Actual Total Time": 735.052,
    "Actual Rows": 1,
    "Actual Loops": 1,
    "Plans": [
      {
        "Node Type": "Gather",
        "Parent Relationship": "Outer",
        "Parallel Aware": false,
        "Startup Cost": 193083.31,
        "Total Cost": 193083.42,
        "Plan Rows": 1,
        "Plan Width": 8,
        "Actual Startup Time": 734.971,
        "Actual Total Time": 735.046,
        "Actual Rows": 2,
        "Actual Loops": 1,
        "Workers Planned": 1,
        "Workers Launched": 1,
        "Single Copy": false,
        "Plans": [
          {
            "Node Type": "Aggregate",
            "Strategy": "Plain",
            "Partial Mode": "Partial",
            "Parent Relationship": "Outer",
            "Parallel Aware": false,
            "Startup Cost": 192083.31,
            "Total Cost": 192083.32,
            "Plan Rows": 1,
            "Plan Width": 8,
            "Actual Startup Time": 708.5,
            "Actual Total Time": 708.503,
            "Actual Rows": 1,
            "Actual Loops": 2,
            "Plans": [
              {
                "Node Type": "Nested Loop",
                "Parent Relationship": "Outer",
                "Parallel Aware": false,
                "Join Type": "Inner",
                "Startup Cost": 160226.18,
                "Total Cost": 192018.02,
                "Plan Rows": 26115,
                "Plan Width": 0,
                "Actual Startup Time": 432.454,
                "Actual Total Time": 703.385,
                "Actual Rows": 120044,
                "Actual Loops": 2,
                "Inner Unique": false,
                "Plans": [
                  {
                    "Node Type": "Merge Join",
                    "Parent Relationship": "Outer",
                    "Parallel Aware": false,
                    "Join Type": "Inner",
                    "Startup Cost": 160225.75,
                    "Total Cost": 164401.01,
                    "Plan Rows": 47843,
                    "Plan Width": 8,
                    "Actual Startup Time": 432.389,
                    "Actual Total Time": 551.016,
                    "Actual Rows": 89972,
                    "Actual Loops": 2,
                    "Inner Unique": false,
                    "Merge Cond": "(t.id = mc.movie_id)",
                    "Plans": [
                      {
                        "Node Type": "Sort",
                        "Parent Relationship": "Outer",
                        "Parallel Aware": false,
                        "Startup Cost": 101510.86,
                        "Total Cost": 102750.88,
                        "Plan Rows": 496009,
                        "Plan Width": 4,
                        "Actual Startup Time": 255.046,
                        "Actual Total Time": 299.966,
                        "Actual Rows": 424212,
                        "Actual Loops": 2,
                        "Sort Key": [
                          "t.id"
                        ],
                        "Sort Method": "quicksort",
                        "Sort Space Used": 34977,
                        "Sort Space Type": "Memory",
                        "Workers": [
                          {
                            "Worker Number": 0,
                            "Sort Method": "quicksort",
                            "Sort Space Used": 29403,
                            "Sort Space Type": "Memory"
                          }
                        ],
                        "Plans": [
                          {
                            "Node Type": "Seq Scan",
                            "Parent Relationship": "Outer",
                            "Parallel Aware": true,
                            "Relation Name": "title",
                            "Alias": "t",
                            "Startup Cost": 0.0,
                            "Total Cost": 54588.39,
                            "Plan Rows": 496009,
                            "Plan Width": 4,
                            "Actual Startup Time": 0.053,
                            "Actual Total Time": 156.37,
                            "Actual Rows": 424570,
                            "Actual Loops": 2,
                            "Filter": "(production_year < 1996)",
                            "Rows Removed by Filter": 839586
                          }
                        ]
                      },
                      {
                        "Node Type": "Sort",
                        "Parent Relationship": "Inner",
                        "Parallel Aware": false,
                        "Startup Cost": 58714.84,
                        "Total Cost": 59324.51,
                        "Plan Rows": 243868,
                        "Plan Width": 4,
                        "Actual Startup Time": 177.321,
                        "Actual Total Time": 193.145,
                        "Actual Rows": 360878,
                        "Actual Loops": 2,
                        "Sort Key": [
                          "mc.movie_id"
                        ],
                        "Sort Method": "quicksort",
                        "Sort Space Used": 29205,
                        "Sort Space Type": "Memory",
                        "Workers": [
                          {
                            "Worker Number": 0,
                            "Sort Method": "quicksort",
                            "Sort Space Used": 29205,
                            "Sort Space Type": "Memory"
                          }
                        ],
                        "Plans": [
                          {
                            "Node Type": "Bitmap Heap Scan",
                            "Parent Relationship": "Outer",
                            "Parallel Aware": false,
                            "Relation Name": "movie_companies",
                            "Alias": "mc",
                            "Startup Cost": 10672.88,
                            "Total Cost": 36893.85,
                            "Plan Rows": 243868,
                            "Plan Width": 4,
                            "Actual Startup Time": 22.1,
                            "Actual Total Time": 105.901,
                            "Actual Rows": 360878,
                            "Actual Loops": 2,
                            "Recheck Cond": "(company_id < 436)",
                            "Rows Removed by Index Recheck": 0,
                            "Filter": "(company_type_id = 1)",
                            "Rows Removed by Filter": 132016,
                            "Exact Heap Blocks": 18307,
                            "Lossy Heap Blocks": 0,
                            "Plans": [
                              {
                                "Node Type": "Bitmap Index Scan",
                                "Parent Relationship": "Outer",
                                "Parallel Aware": false,
                                "Index Name": "company_id_movie_companies",
                                "Startup Cost": 0.0,
                                "Total Cost": 10611.92,
                                "Plan Rows": 495398,
                                "Plan Width": 0,
                                "Actual Startup Time": 19.798,
                                "Actual Total Time": 19.798,
                                "Actual Rows": 492894,
                                "Actual Loops": 2,
                                "Index Cond": "(company_id < 436)"
                              }
                            ]
                          }
                        ]
                      }
                    ]
                  },
                  {
                    "Node Type": "Index Only Scan",
                    "Parent Relationship": "Inner",
                    "Parallel Aware": false,
                    "Scan Direction": "Forward",
                    "Index Name": "movie_id_movie_info_idx",
                    "Relation Name": "movie_info_idx",
                    "Alias": "mi_idx",
                    "Startup Cost": 0.43,
                    "Total Cost": 0.55,
                    "Plan Rows": 3,
                    "Plan Width": 4,
                    "Actual Startup Time": 0.001,
                    "Actual Total Time": 0.001,
                    "Actual Rows": 1,
                    "Actual Loops": 179943,
                    "Index Cond": "(movie_id = t.id)",
                    "Rows Removed by Index Recheck": 0,
                    "Heap Fetches": 240087
                  }
                ]
              }
            ]
          }
        ]
      }
    ]
  },
  "Planning Time": 1.113,
  "Triggers": [],
  "Execution Time": 737.842
}