[
  {
    "Plan": {
      "Node Type": "Aggregate",
      "Strategy": "Plain",
      "Partial Mode": "Finalize",
      "Parallel Aware": false,
      "Startup Cost": 98476.19,
      "Total Cost": 98476.2,
      "Plan Rows": 1,
      "Plan Width": 8,
      "Actual Startup Time": 342.797,
      "Actual Total Time": 362.004,
      "Actual Rows": 1,
      "Actual Loops": 1,
      "Plans": [
        {
          "Node Type": "Gather",
          "Parent Relationship": "Outer",
          "Parallel Aware": false,
          "Startup Cost": 98475.88,
          "Total Cost": 98476.19,
          "Plan Rows": 3,
          "Plan Width": 8,
          "Actual Startup Time": 341.042,
          "Actual Total Time": 361.995,
          "Actual Rows": 4,
          "Actual Loops": 1,
          "Workers Planned": 3,
          "Workers Launched": 3,
          "Single Copy": false,
          "Plans": [
            {
              "Node Type": "Aggregate",
              "Strategy": "Plain",
              "Partial Mode": "Partial",
              "Parent Relationship": "Outer",
              "Parallel Aware": false,
              "Startup Cost": 97475.88,
              "Total Cost": 97475.89,
              "Plan Rows": 1,
              "Plan Width": 8,
              "Actual Startup Time": 333.376,
              "Actual Total Time": 333.38,
              "Actual Rows": 1,
              "Actual Loops": 4,
              "Plans": [
                {
                  "Node Type": "Nested Loop",
                  "Parent Relationship": "Outer",
                  "Parallel Aware": false,
                  "Join Type": "Inner",
                  "Startup Cost": 50215.07,
                  "Total Cost": 97417.84,
                  "Plan Rows": 23214,
                  "Plan Width": 0,
                  "Actual Startup Time": 174.448,
                  "Actual Total Time": 327.473,
                  "Actual Rows": 109308,
                  "Actual Loops": 4,
                  "Inner Unique": false,
                  "Plans": [
                    {
                      "Node Type": "Hash Join",
                      "Parent Relationship": "Outer",
                      "Parallel Aware": true,
                      "Join Type": "Inner",
                      "Startup Cost": 50214.63,
                      "Total Cost": 70111.1,
                      "Plan Rows": 12974,
                      "Plan Width": 8,
                      "Actual Startup Time": 174.326,
                      "Actual Total Time": 229.016,
                      "Actual Rows": 21125,
                      "Actual Loops": 4,
                      "Inner Unique": true,
                      "Hash Cond": "(mc.movie_id = t.id)",
                      "Plans": [
                        {
                          "Node Type": "Bitmap Heap Scan",
                          "Parent Relationship": "Outer",
                          "Parallel Aware": true,
                          "Relation Name": "movie_companies",
                          "Alias": "mc",
                          "Startup Cost": 4913.98,
                          "Total Cost": 24618.41,
                          "Plan Rows": 73155,
                          "Plan Width": 4,
                          "Actual Startup Time": 17.297,
                          "Actual Total Time": 45.492,
                          "Actual Rows": 55588,
                          "Actual Loops": 4,
                          "Recheck Cond": "(company_id < 78)",
                          "Rows Removed by Index Recheck": 0,
                          "Exact Heap Blocks": 4560,
                          "Lossy Heap Blocks": 0,
                          "Plans": [
                            {
                              "Node Type": "Bitmap Index Scan",
                              "Parent Relationship": "Outer",
                              "Parallel Aware": false,
                              "Index Name": "company_id_movie_companies",
                              "Startup Cost": 0.0,
                              "Total Cost": 4857.28,
                              "Plan Rows": 226780,
                              "Plan Width": 0,
                              "Actual Startup Time": 13.265,
                              "Actual Total Time": 13.266,
                              "Actual Rows": 222351,
                              "Actual Loops": 1,
                              "Index Cond": "(company_id < 78)"
                            }
                          ]
                        },
                        {
                          "Node Type": "Hash",
                          "Parent Relationship": "Inner",
                          "Parallel Aware": true,
                          "Startup Cost": 43899.32,
                          "Total Cost": 43899.32,
                          "Plan Rows": 112107,
                          "Plan Width": 4,
                          "Actual Startup Time": 154.561,
                          "Actual Total Time": 154.562,
                          "Actual Rows": 116391,
                          "Actual Loops": 4,
                          "Hash Buckets": 524288,
                          "Original Hash Buckets": 524288,
                          "Hash Batches": 1,
                          "Original Hash Batches": 1,
                          "Peak Memory Usage": 22368,
                          "Plans": [
                            {
                              "Node Type": "Seq Scan",
                              "Parent Relationship": "Outer",
                              "Parallel Aware": true,
                              "Relation Name": "title",
                              "Alias": "t",
                              "Startup Cost": 0.0,
                              "Total Cost": 43899.32,
                              "Plan Rows": 112107,
                              "Plan Width": 4,
                              "Actual Startup Time": 0.045,
                              "Actual Total Time": 108.892,
                              "Actual Rows": 116391,
                              "Actual Loops": 4,
                              "Filter": "(production_year < 1977)",
                              "Rows Removed by Filter": 515687
                            }
                          ]
                        }
                      ]
                    },
                    {
                      "Node Type": "Index Only Scan",
                      "Parent Relationship": "Inner",
                      "Parallel Aware": false,
                      "Scan Direction": "Forward",
                      "Index Name": "movie_id_movie_keyword",
                      "Relation Name": "movie_keyword",
                      "Alias": "mk",
                      "Startup Cost": 0.43,
                      "Total Cost": 1.64,
                      "Plan Rows": 46,
                      "Plan Width": 4,
                      "Actual Startup Time": 0.003,
                      "Actual Total Time": 0.004,
                      "Actual Rows": 5,
                      "Actual Loops": 84500,
                      "Index Cond": "(movie_id = t.id)",
                      "Rows Removed by Index Recheck": 0,
                      "Heap Fetches": 437234
                    }
                  ]
                }
              ]
            }
          ]
        }
      ]
    },
    "Planning Time": 1.069,
    "Triggers": [],
    "Execution Time": 362.082
  }
]