[
  {
    "Plan": {
      "Node Type": "Aggregate",
      "Strategy": "Plain",
      "Partial Mode": "Finalize",
      "Parallel Aware": false,
      "Startup Cost": 91692.13,
      "Total Cost": 91692.14,
      "Plan Rows": 1,
      "Plan Width": 8,
      "Actual Startup Time": 270.217,
      "Actual Total Time": 289.987,
      "Actual Rows": 1,
      "Actual Loops": 1,
      "Plans": [
        {
          "Node Type": "Gather",
          "Parent Relationship": "Outer",
          "Parallel Aware": false,
          "Startup Cost": 91691.71,
          "Total Cost": 91692.12,
          "Plan Rows": 4,
          "Plan Width": 8,
          "Actual Startup Time": 267.488,
          "Actual Total Time": 289.979,
          "Actual Rows": 5,
          "Actual Loops": 1,
          "Workers Planned": 4,
          "Workers Launched": 4,
          "Single Copy": false,
          "Plans": [
            {
              "Node Type": "Aggregate",
              "Strategy": "Plain",
              "Partial Mode": "Partial",
              "Parent Relationship": "Outer",
              "Parallel Aware": false,
              "Startup Cost": 90691.71,
              "Total Cost": 90691.72,
              "Plan Rows": 1,
              "Plan Width": 8,
              "Actual Startup Time": 257.493,
              "Actual Total Time": 257.496,
              "Actual Rows": 1,
              "Actual Loops": 5,
              "Plans": [
                {
                  "Node Type": "Nested Loop",
                  "Parent Relationship": "Outer",
                  "Parallel Aware": false,
                  "Join Type": "Inner",
                  "Startup Cost": 25404.14,
                  "Total Cost": 90646.9,
                  "Plan Rows": 17922,
                  "Plan Width": 0,
                  "Actual Startup Time": 85.185,
                  "Actual Total Time": 253.327,
                  "Actual Rows": 87447,
                  "Actual Loops": 5,
                  "Inner Unique": false,
                  "Plans": [
                    {
                      "Node Type": "Hash Join",
                      "Parent Relationship": "Outer",
                      "Parallel Aware": true,
                      "Join Type": "Inner",
                      "Startup Cost": 25403.71,
                      "Total Cost": 69904.25,
                      "Plan Rows": 10016,
                      "Plan Width": 8,
                      "Actual Startup Time": 85.019,
                      "Actual Total Time": 180.262,
                      "Actual Rows": 16900,
                      "Actual Loops": 5,
                      "Inner Unique": false,
                      "Hash Cond": "(t.id = mc.movie_id)",
                      "Plans": [
                        {
                          "Node Type": "Seq Scan",
                          "Parent Relationship": "Outer",
                          "Parallel Aware": true,
                          "Relation Name": "title",
                          "Alias": "t",
                          "Startup Cost": 0.0,
                          "Total Cost": 43898.92,
                          "Plan Rows": 113862,
                          "Plan Width": 4,
                          "Actual Startup Time": 0.014,
                          "Actual Total Time": 68.265,
                          "Actual Rows": 93113,
                          "Actual Loops": 5,
                          "Filter": "(production_year < 1977)",
                          "Rows Removed by Filter": 412550
                        },
                        {
                          "Node Type": "Hash",
                          "Parent Relationship": "Inner",
                          "Parallel Aware": true,
                          "Startup Cost": 24506.9,
                          "Total Cost": 24506.9,
                          "Plan Rows": 71745,
                          "Plan Width": 4,
                          "Actual Startup Time": 83.177,
                          "Actual Total Time": 83.178,
                          "Actual Rows": 44470,
                          "Actual Loops": 5,
                          "Hash Buckets": 262144,
                          "Original Hash Buckets": 262144,
                          "Hash Batches": 1,
                          "Original Hash Batches": 1,
                          "Peak Memory Usage": 10848,
                          "Plans": [
                            {
                              "Node Type": "Bitmap Heap Scan",
                              "Parent Relationship": "Outer",
                              "Parallel Aware": true,
                              "Relation Name": "movie_companies",
                              "Alias": "mc",
                              "Startup Cost": 4820.09,
                              "Total Cost": 24506.9,
                              "Plan Rows": 71745,
                              "Plan Width": 4,
                              "Actual Startup Time": 26.341,
                              "Actual Total Time": 65.513,
                              "Actual Rows": 44470,
                              "Actual Loops": 5,
                              "Recheck Cond": "(company_id < 78)",
                              "Rows Removed by Index Recheck": 0,
                              "Exact Heap Blocks": 7627,
                              "Lossy Heap Blocks": 0,
                              "Plans": [
                                {
                                  "Node Type": "Bitmap Index Scan",
                                  "Parent Relationship": "Outer",
                                  "Parallel Aware": false,
                                  "Index Name": "company_id_movie_companies",
                                  "Startup Cost": 0.0,
                                  "Total Cost": 4764.49,
                                  "Plan Rows": 222408,
                                  "Plan Width": 0,
                                  "Actual Startup Time": 25.986,
                                  "Actual Total Time": 25.986,
                                  "Actual Rows": 222351,
                                  "Actual Loops": 1,
                                  "Index Cond": "(company_id < 78)"
                                }
                              ]
                            }
                          ]
                        }
                      ]
                    },
                    {
                      "Node Type": "Index Only Scan",
                      "Parent Relationship": "Inner",
                      "Parallel Aware": false,
                      "Scan Direction": "Forward",
                      "Index Name": "movie_id_movie_keyword",
                      "Relation Name": "movie_keyword",
                      "Alias": "mk",
                      "Startup Cost": 0.43,
                      "Total Cost": 1.62,
                      "Plan Rows": 45,
                      "Plan Width": 4,
                      "Actual Startup Time": 0.003,
                      "Actual Total Time": 0.004,
                      "Actual Rows": 5,
                      "Actual Loops": 84500,
                      "Index Cond": "(movie_id = t.id)",
                      "Rows Removed by Index Recheck": 0,
                      "Heap Fetches": 437234
                    }
                  ]
                }
              ]
            }
          ]
        }
      ]
    },
    "Planning Time": 1.456,
    "Triggers": [],
    "Execution Time": 290.112
  }
]