{
  "Plan": {
    "Node Type": "Aggregate",
    "Strategy": "Plain",
    "Partial Mode": "Finalize",
    "Parallel Aware": false,
    "Startup Cost": 156829.9,
    "Total Cost": 156829.91,
    "Plan Rows": 1,
    "Plan Width": 8,
    "Actual Startup Time": 63.977,
    "Actual Total Time": 72.76,
    "Actual Rows": 1,
    "Actual Loops": 1,
    "Plans": [
      {
        "Node Type": "Gather",
        "Parent Relationship": "Outer",
        "Parallel Aware": false,
        "Startup Cost": 156829.79,
        "Total Cost": 156829.9,
        "Plan Rows": 1,
        "Plan Width": 8,
        "Actual Startup Time": 63.864,
        "Actual Total Time": 72.755,
        "Actual Rows": 2,
        "Actual Loops": 1,
        "Workers Planned": 1,
        "Workers Launched": 1,
        "Single Copy": false,
        "Plans": [
          {
            "Node Type": "Aggregate",
            "Strategy": "Plain",
            "Partial Mode": "Partial",
            "Parent Relationship": "Outer",
            "Parallel Aware": false,
            "Startup Cost": 155829.79,
            "Total Cost": 155829.8,
            "Plan Rows": 1,
            "Plan Width": 8,
            "Actual Startup Time": 61.139,
            "Actual Total Time": 61.141,
            "Actual Rows": 1,
            "Actual Loops": 2,
            "Plans": [
              {
                "Node Type": "Nested Loop",
                "Parent Relationship": "Outer",
                "Parallel Aware": false,
                "Join Type": "Inner",
                "Startup Cost": 545.83,
                "Total Cost": 155785.58,
                "Plan Rows": 17682,
                "Plan Width": 0,
                "Actual Startup Time": 1.906,
                "Actual Total Time": 60.136,
                "Actual Rows": 15090,
                "Actual Loops": 2,
                "Inner Unique": true,
                "Plans": [
                  {
                    "Node Type": "Bitmap Heap Scan",
                    "Parent Relationship": "Outer",
                    "Parallel Aware": true,
                    "Relation Name": "movie_info",
                    "Alias": "mi",
                    "Startup Cost": 545.4,
                    "Total Cost": 76791.95,
                    "Plan Rows": 17682,
                    "Plan Width": 4,
                    "Actual Startup Time": 1.81,
                    "Actual Total Time": 8.995,
                    "Actual Rows": 15090,
                    "Actual Loops": 2,
                    "Recheck Cond": "(info_type_id = 110)",
                    "Rows Removed by Index Recheck": 0,
                    "Exact Heap Blocks": 2285,
                    "Lossy Heap Blocks": 0,
                    "Plans": [
                      {
                        "Node Type": "Bitmap Index Scan",
                        "Parent Relationship": "Outer",
                        "Parallel Aware": false,
                        "Index Name": "info_type_id_movie_info",
                        "Startup Cost": 0.0,
                        "Total Cost": 537.88,
                        "Plan Rows": 30060,
                        "Plan Width": 0,
                        "Actual Startup Time": 2.703,
                        "Actual Total Time": 2.704,
                        "Actual Rows": 30180,
                        "Actual Loops": 1,
                        "Index Cond": "(info_type_id = 110)"
                      }
                    ]
                  },
                  {
                    "Node Type": "Index Only Scan",
                    "Parent Relationship": "Inner",
                    "Parallel Aware": false,
                    "Scan Direction": "Forward",
                    "Index Name": "title_pkey",
                    "Relation Name": "title",
                    "Alias": "t",
                    "Startup Cost": 0.43,
                    "Total Cost": 4.47,
                    "Plan Rows": 1,
                    "Plan Width": 4,
                    "Actual Startup Time": 0.003,
                    "Actual Total Time": 0.003,
                    "Actual Rows": 1,
                    "Actual Loops": 30180,
                    "Index Cond": "(id = mi.movie_id)",
                    "Rows Removed by Index Recheck": 0,
                    "Heap Fetches": 30180
                  }
                ]
              }
            ]
          }
        ]
      }
    ]
  },
  "Planning Time": 0.318,
  "Triggers": [],
  "Execution Time": 72.805
}