[
  {
    "Plan": {
      "Node Type": "Aggregate",
      "Strategy": "Plain",
      "Partial Mode": "Finalize",
      "Parallel Aware": false,
      "Startup Cost": 32210.08,
      "Total Cost": 32210.09,
      "Plan Rows": 1,
      "Plan Width": 8,
      "Actual Startup Time": 88.188,
      "Actual Total Time": 93.003,
      "Actual Rows": 1,
      "Actual Loops": 1,
      "Plans": [
        {
          "Node Type": "Gather",
          "Parent Relationship": "Outer",
          "Parallel Aware": false,
          "Startup Cost": 32209.76,
          "Total Cost": 32210.07,
          "Plan Rows": 3,
          "Plan Width": 8,
          "Actual Startup Time": 87.991,
          "Actual Total Time": 92.996,
          "Actual Rows": 4,
          "Actual Loops": 1,
          "Workers Planned": 3,
          "Workers Launched": 3,
          "Single Copy": false,
          "Plans": [
            {
              "Node Type": "Aggregate",
              "Strategy": "Plain",
              "Partial Mode": "Partial",
              "Parent Relationship": "Outer",
              "Parallel Aware": false,
              "Startup Cost": 31209.76,
              "Total Cost": 31209.77,
              "Plan Rows": 1,
              "Plan Width": 8,
              "Actual Startup Time": 82.969,
              "Actual Total Time": 82.971,
              "Actual Rows": 1,
              "Actual Loops": 4,
              "Plans": [
                {
                  "Node Type": "Bitmap Heap Scan",
                  "Parent Relationship": "Outer",
                  "Parallel Aware": true,
                  "Relation Name": "movie_companies",
                  "Alias": "mc",
                  "Startup Cost": 9992.25,
                  "Total Cost": 31026.85,
                  "Plan Rows": 73164,
                  "Plan Width": 0,
                  "Actual Startup Time": 25.622,
                  "Actual Total Time": 77.437,
                  "Actual Rows": 85920,
                  "Actual Loops": 4,
                  "Recheck Cond": "(company_id < 390)",
                  "Rows Removed by Index Recheck": 0,
                  "Filter": "(company_type_id < 2)",
                  "Rows Removed by Filter": 28196,
                  "Exact Heap Blocks": 7438,
                  "Lossy Heap Blocks": 0,
                  "Plans": [
                    {
                      "Node Type": "Bitmap Index Scan",
                      "Parent Relationship": "Outer",
                      "Parallel Aware": false,
                      "Index Name": "company_id_movie_companies",
                      "Startup Cost": 0.0,
                      "Total Cost": 9935.55,
                      "Plan Rows": 463883,
                      "Plan Width": 0,
                      "Actual Startup Time": 27.497,
                      "Actual Total Time": 27.498,
                      "Actual Rows": 456466,
                      "Actual Loops": 1,
                      "Index Cond": "(company_id < 390)"
                    }
                  ]
                }
              ]
            }
          ]
        }
      ]
    },
    "Planning Time": 0.132,
    "Triggers": [],
    "Execution Time": 93.051
  }
]