[
  {
    "Plan": {
      "Node Type": "Aggregate",
      "Strategy": "Plain",
      "Partial Mode": "Finalize",
      "Parallel Aware": false,
      "Startup Cost": 32165.89,
      "Total Cost": 32165.9,
      "Plan Rows": 1,
      "Plan Width": 8,
      "Actual Startup Time": 112.029,
      "Actual Total Time": 117.037,
      "Actual Rows": 1,
      "Actual Loops": 1,
      "Plans": [
        {
          "Node Type": "Gather",
          "Parent Relationship": "Outer",
          "Parallel Aware": false,
          "Startup Cost": 32165.57,
          "Total Cost": 32165.88,
          "Plan Rows": 3,
          "Plan Width": 8,
          "Actual Startup Time": 111.769,
          "Actual Total Time": 117.028,
          "Actual Rows": 4,
          "Actual Loops": 1,
          "Workers Planned": 3,
          "Workers Launched": 3,
          "Single Copy": false,
          "Plans": [
            {
              "Node Type": "Aggregate",
              "Strategy": "Plain",
              "Partial Mode": "Partial",
              "Parent Relationship": "Outer",
              "Parallel Aware": false,
              "Startup Cost": 31165.57,
              "Total Cost": 31165.58,
              "Plan Rows": 1,
              "Plan Width": 8,
              "Actual Startup Time": 103.098,
              "Actual Total Time": 103.1,
              "Actual Rows": 1,
              "Actual Loops": 4,
              "Plans": [
                {
                  "Node Type": "Bitmap Heap Scan",
                  "Parent Relationship": "Outer",
                  "Parallel Aware": true,
                  "Relation Name": "movie_companies",
                  "Alias": "mc",
                  "Startup Cost": 9955.7,
                  "Total Cost": 30982.09,
                  "Plan Rows": 73393,
                  "Plan Width": 0,
                  "Actual Startup Time": 37.314,
                  "Actual Total Time": 96.992,
                  "Actual Rows": 85920,
                  "Actual Loops": 4,
                  "Recheck Cond": "(company_id < 390)",
                  "Rows Removed by Index Recheck": 0,
                  "Filter": "(company_type_id < 2)",
                  "Rows Removed by Filter": 28196,
                  "Exact Heap Blocks": 8840,
                  "Lossy Heap Blocks": 0,
                  "Plans": [
                    {
                      "Node Type": "Bitmap Index Scan",
                      "Parent Relationship": "Outer",
                      "Parallel Aware": false,
                      "Index Name": "company_id_movie_companies",
                      "Startup Cost": 0.0,
                      "Total Cost": 9898.83,
                      "Plan Rows": 462186,
                      "Plan Width": 0,
                      "Actual Startup Time": 41.577,
                      "Actual Total Time": 41.578,
                      "Actual Rows": 456466,
                      "Actual Loops": 1,
                      "Index Cond": "(company_id < 390)"
                    }
                  ]
                }
              ]
            }
          ]
        }
      ]
    },
    "Planning Time": 0.248,
    "Triggers": [],
    "Execution Time": 117.118
  }
]