[
  {
    "Plan": {
      "Node Type": "Aggregate",
      "Strategy": "Plain",
      "Partial Mode": "Finalize",
      "Parallel Aware": false,
      "Startup Cost": 83228.81,
      "Total Cost": 83228.82,
      "Plan Rows": 1,
      "Plan Width": 8,
      "Actual Startup Time": 219.954,
      "Actual Total Time": 230.198,
      "Actual Rows": 1,
      "Actual Loops": 1,
      "Plans": [
        {
          "Node Type": "Gather",
          "Parent Relationship": "Outer",
          "Parallel Aware": false,
          "Startup Cost": 83228.49,
          "Total Cost": 83228.8,
          "Plan Rows": 3,
          "Plan Width": 8,
          "Actual Startup Time": 219.538,
          "Actual Total Time": 230.187,
          "Actual Rows": 4,
          "Actual Loops": 1,
          "Workers Planned": 3,
          "Workers Launched": 3,
          "Single Copy": false,
          "Plans": [
            {
              "Node Type": "Aggregate",
              "Strategy": "Plain",
              "Partial Mode": "Partial",
              "Parent Relationship": "Outer",
              "Parallel Aware": false,
              "Startup Cost": 82228.49,
              "Total Cost": 82228.5,
              "Plan Rows": 1,
              "Plan Width": 8,
              "Actual Startup Time": 210.247,
              "Actual Total Time": 210.251,
              "Actual Rows": 1,
              "Actual Loops": 4,
              "Plans": [
                {
                  "Node Type": "Hash Join",
                  "Parent Relationship": "Outer",
                  "Parallel Aware": true,
                  "Join Type": "Inner",
                  "Startup Cost": 38424.64,
                  "Total Cost": 82201.91,
                  "Plan Rows": 10631,
                  "Plan Width": 0,
                  "Actual Startup Time": 86.139,
                  "Actual Total Time": 209.589,
                  "Actual Rows": 9389,
                  "Actual Loops": 4,
                  "Inner Unique": true,
                  "Hash Cond": "(mk.movie_id = t.id)",
                  "Plans": [
                    {
                      "Node Type": "Seq Scan",
                      "Parent Relationship": "Outer",
                      "Parallel Aware": true,
                      "Relation Name": "movie_keyword",
                      "Alias": "mk",
                      "Startup Cost": 0.0,
                      "Total Cost": 42695.65,
                      "Plan Rows": 412045,
                      "Plan Width": 4,
                      "Actual Startup Time": 1.213,
                      "Actual Total Time": 117.695,
                      "Actual Rows": 320306,
                      "Actual Loops": 4,
                      "Filter": "(keyword_id > 13791)",
                      "Rows Removed by Filter": 810677
                    },
                    {
                      "Node Type": "Hash",
                      "Parent Relationship": "Inner",
                      "Parallel Aware": true,
                      "Startup Cost": 38220.79,
                      "Total Cost": 38220.79,
                      "Plan Rows": 16308,
                      "Plan Width": 4,
                      "Actual Startup Time": 55.92,
                      "Actual Total Time": 55.922,
                      "Actual Rows": 13860,
                      "Actual Loops": 4,
                      "Hash Buckets": 65536,
                      "Original Hash Buckets": 65536,
                      "Hash Batches": 1,
                      "Original Hash Batches": 1,
                      "Peak Memory Usage": 2784,
                      "Plans": [
                        {
                          "Node Type": "Bitmap Heap Scan",
                          "Parent Relationship": "Outer",
                          "Parallel Aware": true,
                          "Relation Name": "title",
                          "Alias": "t",
                          "Startup Cost": 1839.44,
                          "Total Cost": 38220.79,
                          "Plan Rows": 16308,
                          "Plan Width": 4,
                          "Actual Startup Time": 14.406,
                          "Actual Total Time": 49.458,
                          "Actual Rows": 13860,
                          "Actual Loops": 4,
                          "Recheck Cond": "(kind_id = 3)",
                          "Rows Removed by Index Recheck": 0,
                          "Filter": "(production_year > 1995)",
                          "Rows Removed by Filter": 11275,
                          "Exact Heap Blocks": 6765,
                          "Lossy Heap Blocks": 0,
                          "Plans": [
                            {
                              "Node Type": "Bitmap Index Scan",
                              "Parent Relationship": "Outer",
                              "Parallel Aware": false,
                              "Index Name": "kind_id_title",
                              "Startup Cost": 0.0,
                              "Total Cost": 1823.13,
                              "Plan Rows": 102227,
                              "Plan Width": 0,
                              "Actual Startup Time": 15.351,
                              "Actual Total Time": 15.352,
                              "Actual Rows": 100537,
                              "Actual Loops": 1,
                              "Index Cond": "(kind_id = 3)"
                            }
                          ]
                        }
                      ]
                    }
                  ]
                }
              ]
            }
          ]
        }
      ]
    },
    "Planning Time": 0.621,
    "Triggers": [],
    "Execution Time": 230.287
  }
]