[
  {
    "Plan": {
      "Node Type": "Aggregate",
      "Strategy": "Plain",
      "Partial Mode": "Finalize",
      "Parallel Aware": false,
      "Startup Cost": 92170.74,
      "Total Cost": 92170.75,
      "Plan Rows": 1,
      "Plan Width": 8,
      "Actual Startup Time": 234.75,
      "Actual Total Time": 243.001,
      "Actual Rows": 1,
      "Actual Loops": 1,
      "Plans": [
        {
          "Node Type": "Gather",
          "Parent Relationship": "Outer",
          "Parallel Aware": false,
          "Startup Cost": 92170.42,
          "Total Cost": 92170.73,
          "Plan Rows": 3,
          "Plan Width": 8,
          "Actual Startup Time": 234.209,
          "Actual Total Time": 242.995,
          "Actual Rows": 4,
          "Actual Loops": 1,
          "Workers Planned": 3,
          "Workers Launched": 3,
          "Single Copy": false,
          "Plans": [
            {
              "Node Type": "Aggregate",
              "Strategy": "Plain",
              "Partial Mode": "Partial",
              "Parent Relationship": "Outer",
              "Parallel Aware": false,
              "Startup Cost": 91170.42,
              "Total Cost": 91170.43,
              "Plan Rows": 1,
              "Plan Width": 8,
              "Actual Startup Time": 231.352,
              "Actual Total Time": 231.355,
              "Actual Rows": 1,
              "Actual Loops": 4,
              "Plans": [
                {
                  "Node Type": "Hash Join",
                  "Parent Relationship": "Outer",
                  "Parallel Aware": true,
                  "Join Type": "Inner",
                  "Startup Cost": 45803.56,
                  "Total Cost": 91069.91,
                  "Plan Rows": 40202,
                  "Plan Width": 0,
                  "Actual Startup Time": 108.592,
                  "Actual Total Time": 230.039,
                  "Actual Rows": 28256,
                  "Actual Loops": 4,
                  "Inner Unique": true,
                  "Hash Cond": "(mk.movie_id = t.id)",
                  "Plans": [
                    {
                      "Node Type": "Seq Scan",
                      "Parent Relationship": "Outer",
                      "Parallel Aware": true,
                      "Relation Name": "movie_keyword",
                      "Alias": "mk",
                      "Startup Cost": 0.0,
                      "Total Cost": 42695.65,
                      "Plan Rows": 979315,
                      "Plan Width": 4,
                      "Actual Startup Time": 0.101,
                      "Actual Total Time": 98.656,
                      "Actual Rows": 759026,
                      "Actual Loops": 4,
                      "Filter": "(keyword_id > 2128)",
                      "Rows Removed by Filter": 371956
                    },
                    {
                      "Node Type": "Hash",
                      "Parent Relationship": "Inner",
                      "Parallel Aware": true,
                      "Startup Cost": 45479.21,
                      "Total Cost": 45479.21,
                      "Plan Rows": 25948,
                      "Plan Width": 4,
                      "Actual Startup Time": 79.192,
                      "Actual Total Time": 79.192,
                      "Actual Rows": 24748,
                      "Actual Loops": 4,
                      "Hash Buckets": 131072,
                      "Original Hash Buckets": 131072,
                      "Hash Batches": 1,
                      "Original Hash Batches": 1,
                      "Peak Memory Usage": 4960,
                      "Plans": [
                        {
                          "Node Type": "Seq Scan",
                          "Parent Relationship": "Outer",
                          "Parallel Aware": true,
                          "Relation Name": "title",
                          "Alias": "t",
                          "Startup Cost": 0.0,
                          "Total Cost": 45479.21,
                          "Plan Rows": 25948,
                          "Plan Width": 4,
                          "Actual Startup Time": 31.088,
                          "Actual Total Time": 71.913,
                          "Actual Rows": 24748,
                          "Actual Loops": 4,
                          "Filter": "((production_year > 2010) AND (kind_id = 1))",
                          "Rows Removed by Filter": 607330
                        }
                      ]
                    }
                  ]
                }
              ]
            }
          ]
        }
      ]
    },
    "Planning Time": 0.23,
    "Triggers": [],
    "Execution Time": 243.034
  }
]