{
  "Plan": {
    "Node Type": "Aggregate",
    "Strategy": "Plain",
    "Partial Mode": "Finalize",
    "Parallel Aware": false,
    "Startup Cost": 108836.57,
    "Total Cost": 108836.58,
    "Plan Rows": 1,
    "Plan Width": 8,
    "Actual Startup Time": 675.286,
    "Actual Total Time": 687.487,
    "Actual Rows": 1,
    "Actual Loops": 1,
    "Plans": [
      {
        "Node Type": "Gather",
        "Parent Relationship": "Outer",
        "Parallel Aware": false,
        "Startup Cost": 108836.46,
        "Total Cost": 108836.57,
        "Plan Rows": 1,
        "Plan Width": 8,
        "Actual Startup Time": 673.934,
        "Actual Total Time": 687.481,
        "Actual Rows": 2,
        "Actual Loops": 1,
        "Workers Planned": 1,
        "Workers Launched": 1,
        "Single Copy": false,
        "Plans": [
          {
            "Node Type": "Aggregate",
            "Strategy": "Plain",
            "Partial Mode": "Partial",
            "Parent Relationship": "Outer",
            "Parallel Aware": false,
            "Startup Cost": 107836.46,
            "Total Cost": 107836.47,
            "Plan Rows": 1,
            "Plan Width": 8,
            "Actual Startup Time": 671.306,
            "Actual Total Time": 671.31,
            "Actual Rows": 1,
            "Actual Loops": 2,
            "Plans": [
              {
                "Node Type": "Hash Join",
                "Parent Relationship": "Outer",
                "Parallel Aware": true,
                "Join Type": "Inner",
                "Startup Cost": 43778.82,
                "Total Cost": 106675.65,
                "Plan Rows": 464324,
                "Plan Width": 0,
                "Actual Startup Time": 202.376,
                "Actual Total Time": 653.583,
                "Actual Rows": 401864,
                "Actual Loops": 2,
                "Inner Unique": false,
                "Hash Cond": "(t.id = mc.movie_id)",
                "Plans": [
                  {
                    "Node Type": "Seq Scan",
                    "Parent Relationship": "Outer",
                    "Parallel Aware": true,
                    "Relation Name": "title",
                    "Alias": "t",
                    "Startup Cost": 0.0,
                    "Total Cost": 50870.31,
                    "Plan Rows": 1487231,
                    "Plan Width": 4,
                    "Actual Startup Time": 0.01,
                    "Actual Total Time": 112.965,
                    "Actual Rows": 1264156,
                    "Actual Loops": 2
                  },
                  {
                    "Node Type": "Hash",
                    "Parent Relationship": "Inner",
                    "Parallel Aware": true,
                    "Startup Cost": 37974.77,
                    "Total Cost": 37974.77,
                    "Plan Rows": 464324,
                    "Plan Width": 4,
                    "Actual Startup Time": 197.483,
                    "Actual Total Time": 197.484,
                    "Actual Rows": 401864,
                    "Actual Loops": 2,
                    "Hash Buckets": 1048576,
                    "Original Hash Buckets": 1048576,
                    "Hash Batches": 1,
                    "Original Hash Batches": 1,
                    "Peak Memory Usage": 39648,
                    "Plans": [
                      {
                        "Node Type": "Seq Scan",
                        "Parent Relationship": "Outer",
                        "Parallel Aware": true,
                        "Relation Name": "movie_companies",
                        "Alias": "mc",
                        "Startup Cost": 0.0,
                        "Total Cost": 37974.77,
                        "Plan Rows": 464324,
                        "Plan Width": 4,
                        "Actual Startup Time": 25.497,
                        "Actual Total Time": 114.063,
                        "Actual Rows": 401864,
                        "Actual Loops": 2,
                        "Filter": "(company_id > 30014)",
                        "Rows Removed by Filter": 902700
                      }
                    ]
                  }
                ]
              }
            ]
          }
        ]
      }
    ]
  },
  "Planning Time": 0.331,
  "Triggers": [],
  "Execution Time": 687.525
}