[
  {
    "Plan": {
      "Node Type": "Aggregate",
      "Strategy": "Plain",
      "Partial Mode": "Finalize",
      "Parallel Aware": false,
      "Startup Cost": 50804.39,
      "Total Cost": 50804.4,
      "Plan Rows": 1,
      "Plan Width": 8,
      "Actual Startup Time": 75.516,
      "Actual Total Time": 83.967,
      "Actual Rows": 1,
      "Actual Loops": 1,
      "Plans": [
        {
          "Node Type": "Gather",
          "Parent Relationship": "Outer",
          "Parallel Aware": false,
          "Startup Cost": 50803.97,
          "Total Cost": 50804.38,
          "Plan Rows": 4,
          "Plan Width": 8,
          "Actual Startup Time": 75.139,
          "Actual Total Time": 83.96,
          "Actual Rows": 5,
          "Actual Loops": 1,
          "Workers Planned": 4,
          "Workers Launched": 4,
          "Single Copy": false,
          "Plans": [
            {
              "Node Type": "Aggregate",
              "Strategy": "Plain",
              "Partial Mode": "Partial",
              "Parent Relationship": "Outer",
              "Parallel Aware": false,
              "Startup Cost": 49803.97,
              "Total Cost": 49803.98,
              "Plan Rows": 1,
              "Plan Width": 8,
              "Actual Startup Time": 70.527,
              "Actual Total Time": 70.528,
              "Actual Rows": 1,
              "Actual Loops": 5,
              "Plans": [
                {
                  "Node Type": "Nested Loop",
                  "Parent Relationship": "Outer",
                  "Parallel Aware": false,
                  "Join Type": "Inner",
                  "Startup Cost": 1700.02,
                  "Total Cost": 49801.04,
                  "Plan Rows": 1170,
                  "Plan Width": 0,
                  "Actual Startup Time": 26.341,
                  "Actual Total Time": 70.456,
                  "Actual Rows": 559,
                  "Actual Loops": 5,
                  "Inner Unique": false,
                  "Plans": [
                    {
                      "Node Type": "Bitmap Heap Scan",
                      "Parent Relationship": "Outer",
                      "Parallel Aware": true,
                      "Relation Name": "title",
                      "Alias": "t",
                      "Startup Cost": 1699.59,
                      "Total Cost": 38054.1,
                      "Plan Rows": 2144,
                      "Plan Width": 4,
                      "Actual Startup Time": 25.997,
                      "Actual Total Time": 64.767,
                      "Actual Rows": 622,
                      "Actual Loops": 5,
                      "Recheck Cond": "(kind_id = 2)",
                      "Rows Removed by Index Recheck": 0,
                      "Filter": "(production_year < 1960)",
                      "Rows Removed by Filter": 17548,
                      "Exact Heap Blocks": 12824,
                      "Lossy Heap Blocks": 0,
                      "Plans": [
                        {
                          "Node Type": "Bitmap Index Scan",
                          "Parent Relationship": "Outer",
                          "Parallel Aware": false,
                          "Index Name": "kind_id_title",
                          "Startup Cost": 0.0,
                          "Total Cost": 1697.45,
                          "Plan Rows": 95069,
                          "Plan Width": 0,
                          "Actual Startup Time": 21.415,
                          "Actual Total Time": 21.415,
                          "Actual Rows": 90852,
                          "Actual Loops": 1,
                          "Index Cond": "(kind_id = 2)"
                        }
                      ]
                    },
                    {
                      "Node Type": "Index Only Scan",
                      "Parent Relationship": "Inner",
                      "Parallel Aware": false,
                      "Scan Direction": "Forward",
                      "Index Name": "movie_id_movie_info_idx",
                      "Relation Name": "movie_info_idx",
                      "Alias": "mi_idx",
                      "Startup Cost": 0.43,
                      "Total Cost": 5.45,
                      "Plan Rows": 3,
                      "Plan Width": 4,
                      "Actual Startup Time": 0.008,
                      "Actual Total Time": 0.008,
                      "Actual Rows": 1,
                      "Actual Loops": 3111,
                      "Index Cond": "(movie_id = t.id)",
                      "Rows Removed by Index Recheck": 0,
                      "Heap Fetches": 2796
                    }
                  ]
                }
              ]
            }
          ]
        }
      ]
    },
    "Planning Time": 0.628,
    "Triggers": [],
    "Execution Time": 84.071
  }
]