{
  "Plan": {
    "Node Type": "Aggregate",
    "Strategy": "Plain",
    "Partial Mode": "Finalize",
    "Parallel Aware": false,
    "Startup Cost": 560503.58,
    "Total Cost": 560503.59,
    "Plan Rows": 1,
    "Plan Width": 8,
    "Actual Startup Time": 4186.904,
    "Actual Total Time": 4228.642,
    "Actual Rows": 1,
    "Actual Loops": 1,
    "Plans": [
      {
        "Node Type": "Gather",
        "Parent Relationship": "Outer",
        "Parallel Aware": false,
        "Startup Cost": 560503.47,
        "Total Cost": 560503.58,
        "Plan Rows": 1,
        "Plan Width": 8,
        "Actual Startup Time": 4178.059,
        "Actual Total Time": 4228.632,
        "Actual Rows": 2,
        "Actual Loops": 1,
        "Workers Planned": 1,
        "Workers Launched": 1,
        "Single Copy": false,
        "Plans": [
          {
            "Node Type": "Aggregate",
            "Strategy": "Plain",
            "Partial Mode": "Partial",
            "Parent Relationship": "Outer",
            "Parallel Aware": false,
            "Startup Cost": 559503.47,
            "Total Cost": 559503.48,
            "Plan Rows": 1,
            "Plan Width": 8,
            "Actual Startup Time": 4166.201,
            "Actual Total Time": 4167.449,
            "Actual Rows": 1,
            "Actual Loops": 2,
            "Plans": [
              {
                "Node Type": "Hash Join",
                "Parent Relationship": "Outer",
                "Parallel Aware": true,
                "Join Type": "Inner",
                "Startup Cost": 515379.09,
                "Total Cost": 557207.75,
                "Plan Rows": 918289,
                "Plan Width": 0,
                "Actual Startup Time": 3264.072,
                "Actual Total Time": 3919.374,
                "Actual Rows": 5848135,
                "Actual Loops": 2,
                "Inner Unique": false,
                "Hash Cond": "(mk.movie_id = t.id)",
                "Plans": [
                  {
                    "Node Type": "Bitmap Heap Scan",
                    "Parent Relationship": "Outer",
                    "Parallel Aware": true,
                    "Relation Name": "movie_keyword",
                    "Alias": "mk",
                    "Startup Cost": 23025.43,
                    "Total Cost": 55461.4,
                    "Plan Rows": 638558,
                    "Plan Width": 4,
                    "Actual Startup Time": 67.348,
                    "Actual Total Time": 159.261,
                    "Actual Rows": 544118,
                    "Actual Loops": 2,
                    "Recheck Cond": "(keyword_id > 16264)",
                    "Rows Removed by Index Recheck": 0,
                    "Exact Heap Blocks": 12615,
                    "Lossy Heap Blocks": 0,
                    "Plans": [
                      {
                        "Node Type": "Bitmap Index Scan",
                        "Parent Relationship": "Outer",
                        "Parallel Aware": false,
                        "Index Name": "keyword_id_movie_keyword",
                        "Startup Cost": 0.0,
                        "Total Cost": 22754.04,
                        "Plan Rows": 1085548,
                        "Plan Width": 0,
                        "Actual Startup Time": 63.756,
                        "Actual Total Time": 63.756,
                        "Actual Rows": 1088237,
                        "Actual Loops": 1,
                        "Index Cond": "(keyword_id > 16264)"
                      }
                    ]
                  },
                  {
                    "Node Type": "Hash",
                    "Parent Relationship": "Inner",
                    "Parallel Aware": true,
                    "Startup Cost": 465619.42,
                    "Total Cost": 465619.42,
                    "Plan Rows": 2138739,
                    "Plan Width": 8,
                    "Actual Startup Time": 3174.322,
                    "Actual Total Time": 3175.568,
                    "Actual Rows": 1752324,
                    "Actual Loops": 2,
                    "Hash Buckets": 4194304,
                    "Original Hash Buckets": 4194304,
                    "Hash Batches": 1,
                    "Original Hash Batches": 1,
                    "Peak Memory Usage": 169920,
                    "Plans": [
                      {
                        "Node Type": "Hash Join",
                        "Parent Relationship": "Outer",
                        "Parallel Aware": true,
                        "Join Type": "Inner",
                        "Startup Cost": 63724.92,
                        "Total Cost": 465619.42,
                        "Plan Rows": 2138739,
                        "Plan Width": 8,
                        "Actual Startup Time": 226.418,
                        "Actual Total Time": 2646.559,
                        "Actual Rows": 1752324,
                        "Actual Loops": 2,
                        "Inner Unique": true,
                        "Hash Cond": "(ci.movie_id = t.id)",
                        "Plans": [
                          {
                            "Node Type": "Index Scan",
                            "Parent Relationship": "Outer",
                            "Parallel Aware": true,
                            "Scan Direction": "Forward",
                            "Index Name": "role_id_cast_info",
                            "Relation Name": "cast_info",
                            "Alias": "ci",
                            "Startup Cost": 0.56,
                            "Total Cost": 382631.05,
                            "Plan Rows": 7338659,
                            "Plan Width": 4,
                            "Actual Startup Time": 0.047,
                            "Actual Total Time": 837.141,
                            "Actual Rows": 6335344,
                            "Actual Loops": 2,
                            "Index Cond": "(role_id = 1)",
                            "Rows Removed by Index Recheck": 0
                          },
                          {
                            "Node Type": "Hash",
                            "Parent Relationship": "Inner",
                            "Parallel Aware": true,
                            "Startup Cost": 58306.47,
                            "Total Cost": 58306.47,
                            "Plan Rows": 433431,
                            "Plan Width": 4,
                            "Actual Startup Time": 223.391,
                            "Actual Total Time": 223.392,
                            "Actual Rows": 317955,
                            "Actual Loops": 2,
                            "Hash Buckets": 1048576,
                            "Original Hash Buckets": 1048576,
                            "Hash Batches": 1,
                            "Original Hash Batches": 1,
                            "Peak Memory Usage": 33088,
                            "Plans": [
                              {
                                "Node Type": "Seq Scan",
                                "Parent Relationship": "Outer",
                                "Parallel Aware": true,
                                "Relation Name": "title",
                                "Alias": "t",
                                "Startup Cost": 0.0,
                                "Total Cost": 58306.47,
                                "Plan Rows": 433431,
                                "Plan Width": 4,
                                "Actual Startup Time": 0.031,
                                "Actual Total Time": 146.438,
                                "Actual Rows": 317955,
                                "Actual Loops": 2,
                                "Filter": "((kind_id < 7) AND (production_year > 1984))",
                                "Rows Removed by Filter": 946201
                              }
                            ]
                          }
                        ]
                      }
                    ]
                  }
                ]
              }
            ]
          }
        ]
      }
    ]
  },
  "Planning Time": 1.081,
  "Triggers": [],
  "Execution Time": 4228.752
}