{
  "Plan": {
    "Node Type": "Aggregate",
    "Strategy": "Plain",
    "Partial Mode": "Finalize",
    "Parallel Aware": false,
    "Startup Cost": 479613.5,
    "Total Cost": 479613.51,
    "Plan Rows": 1,
    "Plan Width": 8,
    "Actual Startup Time": 1473.157,
    "Actual Total Time": 1497.474,
    "Actual Rows": 1,
    "Actual Loops": 1,
    "Plans": [
      {
        "Node Type": "Gather",
        "Parent Relationship": "Outer",
        "Parallel Aware": false,
        "Startup Cost": 479613.39,
        "Total Cost": 479613.5,
        "Plan Rows": 1,
        "Plan Width": 8,
        "Actual Startup Time": 1469.783,
        "Actual Total Time": 1497.465,
        "Actual Rows": 2,
        "Actual Loops": 1,
        "Workers Planned": 1,
        "Workers Launched": 1,
        "Single Copy": false,
        "Plans": [
          {
            "Node Type": "Aggregate",
            "Strategy": "Plain",
            "Partial Mode": "Partial",
            "Parent Relationship": "Outer",
            "Parallel Aware": false,
            "Startup Cost": 478613.39,
            "Total Cost": 478613.4,
            "Plan Rows": 1,
            "Plan Width": 8,
            "Actual Startup Time": 1461.467,
            "Actual Total Time": 1461.472,
            "Actual Rows": 1,
            "Actual Loops": 2,
            "Plans": [
              {
                "Node Type": "Hash Join",
                "Parent Relationship": "Outer",
                "Parallel Aware": true,
                "Join Type": "Inner",
                "Startup Cost": 209526.65,
                "Total Cost": 478005.84,
                "Plan Rows": 243019,
                "Plan Width": 0,
                "Actual Startup Time": 1350.656,
                "Actual Total Time": 1452.072,
                "Actual Rows": 218402,
                "Actual Loops": 2,
                "Inner Unique": false,
                "Hash Cond": "(ci.movie_id = t.id)",
                "Plans": [
                  {
                    "Node Type": "Bitmap Heap Scan",
                    "Parent Relationship": "Outer",
                    "Parallel Aware": true,
                    "Relation Name": "cast_info",
                    "Alias": "ci",
                    "Startup Cost": 30770.82,
                    "Total Cost": 295797.84,
                    "Plan Rows": 539369,
                    "Plan Width": 4,
                    "Actual Startup Time": 104.471,
                    "Actual Total Time": 138.659,
                    "Actual Rows": 201986,
                    "Actual Loops": 2,
                    "Recheck Cond": "(person_id < 144456)",
                    "Rows Removed by Index Recheck": 0,
                    "Filter": "(role_id > 1)",
                    "Rows Removed by Filter": 516317,
                    "Exact Heap Blocks": 8891,
                    "Lossy Heap Blocks": 0,
                    "Plans": [
                      {
                        "Node Type": "Bitmap Index Scan",
                        "Parent Relationship": "Outer",
                        "Parallel Aware": false,
                        "Index Name": "person_id_cast_info",
                        "Startup Cost": 0.0,
                        "Total Cost": 30541.58,
                        "Plan Rows": 1398536,
                        "Plan Width": 0,
                        "Actual Startup Time": 45.952,
                        "Actual Total Time": 45.953,
                        "Actual Rows": 1436605,
                        "Actual Loops": 1,
                        "Index Cond": "(person_id < 144456)"
                      }
                    ]
                  },
                  {
                    "Node Type": "Hash",
                    "Parent Relationship": "Inner",
                    "Parallel Aware": true,
                    "Startup Cost": 170379.7,
                    "Total Cost": 170379.7,
                    "Plan Rows": 670091,
                    "Plan Width": 8,
                    "Actual Startup Time": 1231.515,
                    "Actual Total Time": 1231.516,
                    "Actual Rows": 576200,
                    "Actual Loops": 2,
                    "Hash Buckets": 2097152,
                    "Original Hash Buckets": 2097152,
                    "Hash Batches": 1,
                    "Original Hash Batches": 1,
                    "Peak Memory Usage": 61504,
                    "Plans": [
                      {
                        "Node Type": "Merge Join",
                        "Parent Relationship": "Outer",
                        "Parallel Aware": false,
                        "Join Type": "Inner",
                        "Startup Cost": 3.03,
                        "Total Cost": 170379.7,
                        "Plan Rows": 670091,
                        "Plan Width": 8,
                        "Actual Startup Time": 0.374,
                        "Actual Total Time": 1094.25,
                        "Actual Rows": 576200,
                        "Actual Loops": 2,
                        "Inner Unique": false,
                        "Merge Cond": "(t.id = mi_idx.movie_id)",
                        "Plans": [
                          {
                            "Node Type": "Index Scan",
                            "Parent Relationship": "Outer",
                            "Parallel Aware": true,
                            "Scan Direction": "Forward",
                            "Index Name": "title_pkey",
                            "Relation Name": "title",
                            "Alias": "t",
                            "Startup Cost": 0.43,
                            "Total Cost": 103647.43,
                            "Plan Rows": 1227641,
                            "Plan Width": 4,
                            "Actual Startup Time": 0.073,
                            "Actual Total Time": 675.883,
                            "Actual Rows": 1036947,
                            "Actual Loops": 2,
                            "Filter": "(production_year > 1970)",
                            "Rows Removed by Filter": 226005
                          },
                          {
                            "Node Type": "Index Only Scan",
                            "Parent Relationship": "Inner",
                            "Parallel Aware": false,
                            "Scan Direction": "Forward",
                            "Index Name": "movie_id_movie_info_idx",
                            "Relation Name": "movie_info_idx",
                            "Alias": "mi_idx",
                            "Startup Cost": 0.43,
                            "Total Cost": 53620.22,
                            "Plan Rows": 1380035,
                            "Plan Width": 4,
                            "Actual Startup Time": 0.167,
                            "Actual Total Time": 259.648,
                            "Actual Rows": 1380035,
                            "Actual Loops": 2,
                            "Heap Fetches": 2760070
                          }
                        ]
                      }
                    ]
                  }
                ]
              }
            ]
          }
        ]
      }
    ]
  },
  "Planning Time": 0.89,
  "Triggers": [],
  "Execution Time": 1497.587
}