[
  {
    "Plan": {
      "Node Type": "Aggregate",
      "Strategy": "Plain",
      "Partial Mode": "Simple",
      "Parallel Aware": false,
      "Startup Cost": 761.5,
      "Total Cost": 761.51,
      "Plan Rows": 1,
      "Plan Width": 8,
      "Actual Startup Time": 3.726,
      "Actual Total Time": 3.727,
      "Actual Rows": 1,
      "Actual Loops": 1,
      "Plans": [
        {
          "Node Type": "Nested Loop",
          "Parent Relationship": "Outer",
          "Parallel Aware": false,
          "Join Type": "Inner",
          "Startup Cost": 1.42,
          "Total Cost": 760.68,
          "Plan Rows": 330,
          "Plan Width": 0,
          "Actual Startup Time": 0.102,
          "Actual Total Time": 3.613,
          "Actual Rows": 2090,
          "Actual Loops": 1,
          "Inner Unique": false,
          "Plans": [
            {
              "Node Type": "Nested Loop",
              "Parent Relationship": "Outer",
              "Parallel Aware": false,
              "Join Type": "Inner",
              "Startup Cost": 0.86,
              "Total Cost": 695.91,
              "Plan Rows": 23,
              "Plan Width": 8,
              "Actual Startup Time": 0.089,
              "Actual Total Time": 0.74,
              "Actual Rows": 94,
              "Actual Loops": 1,
              "Inner Unique": true,
              "Plans": [
                {
                  "Node Type": "Index Scan",
                  "Parent Relationship": "Outer",
                  "Parallel Aware": false,
                  "Scan Direction": "Forward",
                  "Index Name": "company_id_movie_companies",
                  "Relation Name": "movie_companies",
                  "Alias": "mc",
                  "Startup Cost": 0.43,
                  "Total Cost": 273.41,
                  "Plan Rows": 50,
                  "Plan Width": 4,
                  "Actual Startup Time": 0.08,
                  "Actual Total Time": 0.199,
                  "Actual Rows": 94,
                  "Actual Loops": 1,
                  "Index Cond": "(company_id = 1104)",
                  "Rows Removed by Index Recheck": 0,
                  "Filter": "(company_type_id = 1)",
                  "Rows Removed by Filter": 10
                },
                {
                  "Node Type": "Index Scan",
                  "Parent Relationship": "Inner",
                  "Parallel Aware": false,
                  "Scan Direction": "Forward",
                  "Index Name": "title_pkey",
                  "Relation Name": "title",
                  "Alias": "t",
                  "Startup Cost": 0.43,
                  "Total Cost": 8.45,
                  "Plan Rows": 1,
                  "Plan Width": 4,
                  "Actual Startup Time": 0.005,
                  "Actual Total Time": 0.005,
                  "Actual Rows": 1,
                  "Actual Loops": 94,
                  "Index Cond": "(id = mc.movie_id)",
                  "Rows Removed by Index Recheck": 0,
                  "Filter": "(production_year < 2003)",
                  "Rows Removed by Filter": 0
                }
              ]
            },
            {
              "Node Type": "Index Only Scan",
              "Parent Relationship": "Inner",
              "Parallel Aware": false,
              "Scan Direction": "Forward",
              "Index Name": "movie_id_cast_info",
              "Relation Name": "cast_info",
              "Alias": "ci",
              "Startup Cost": 0.56,
              "Total Cost": 2.47,
              "Plan Rows": 35,
              "Plan Width": 4,
              "Actual Startup Time": 0.008,
              "Actual Total Time": 0.029,
              "Actual Rows": 22,
              "Actual Loops": 94,
              "Index Cond": "(movie_id = t.id)",
              "Rows Removed by Index Recheck": 0,
              "Heap Fetches": 2090
            }
          ]
        }
      ]
    },
    "Planning Time": 0.453,
    "Triggers": [],
    "Execution Time": 3.753
  }
]