[
    {
        "Bao": {
            "Bao prediction": "NaN",
            "Bao recommended hint": "(no hint)"
        }
    },
    {
        "Plan": {
            "Node Type": "Aggregate",
            "Strategy": "Plain",
            "Partial Mode": "Finalize",
            "Parallel Aware": false,
            "Startup Cost": 357872.99,
            "Total Cost": 357873.0,
            "Plan Rows": 1,
            "Plan Width": 8,
            "Actual Startup Time": 1684.768,
            "Actual Total Time": 1745.345,
            "Actual Rows": 1,
            "Actual Loops": 1,
            "Output": [
                "count(*)"
            ],
            "Plans": [
                {
                    "Node Type": "Gather",
                    "Parent Relationship": "Outer",
                    "Parallel Aware": false,
                    "Startup Cost": 357872.47,
                    "Total Cost": 357872.98,
                    "Plan Rows": 5,
                    "Plan Width": 8,
                    "Actual Startup Time": 1684.11,
                    "Actual Total Time": 1745.319,
                    "Actual Rows": 6,
                    "Actual Loops": 1,
                    "Output": [
                        "(PARTIAL count(*))"
                    ],
                    "Workers Planned": 5,
                    "Workers Launched": 5,
                    "Single Copy": false,
                    "Plans": [
                        {
                            "Node Type": "Aggregate",
                            "Strategy": "Plain",
                            "Partial Mode": "Partial",
                            "Parent Relationship": "Outer",
                            "Parallel Aware": false,
                            "Startup Cost": 356872.47,
                            "Total Cost": 356872.48,
                            "Plan Rows": 1,
                            "Plan Width": 8,
                            "Actual Startup Time": 1673.838,
                            "Actual Total Time": 1673.842,
                            "Actual Rows": 1,
                            "Actual Loops": 6,
                            "Output": [
                                "PARTIAL count(*)"
                            ],
                            "Workers": [
                                {
                                    "Worker Number": 0,
                                    "Actual Startup Time": 1671.535,
                                    "Actual Total Time": 1671.539,
                                    "Actual Rows": 1,
                                    "Actual Loops": 1
                                },
                                {
                                    "Worker Number": 1,
                                    "Actual Startup Time": 1671.94,
                                    "Actual Total Time": 1671.943,
                                    "Actual Rows": 1,
                                    "Actual Loops": 1
                                },
                                {
                                    "Worker Number": 2,
                                    "Actual Startup Time": 1671.629,
                                    "Actual Total Time": 1671.633,
                                    "Actual Rows": 1,
                                    "Actual Loops": 1
                                },
                                {
                                    "Worker Number": 3,
                                    "Actual Startup Time": 1671.455,
                                    "Actual Total Time": 1671.458,
                                    "Actual Rows": 1,
                                    "Actual Loops": 1
                                },
                                {
                                    "Worker Number": 4,
                                    "Actual Startup Time": 1672.803,
                                    "Actual Total Time": 1672.806,
                                    "Actual Rows": 1,
                                    "Actual Loops": 1
                                }
                            ],
                            "Plans": [
                                {
                                    "Node Type": "Nested Loop",
                                    "Parent Relationship": "Outer",
                                    "Parallel Aware": false,
                                    "Join Type": "Inner",
                                    "Startup Cost": 45686.07,
                                    "Total Cost": 356650.63,
                                    "Plan Rows": 88736,
                                    "Plan Width": 0,
                                    "Actual Startup Time": 101.566,
                                    "Actual Total Time": 1668.449,
                                    "Actual Rows": 55454,
                                    "Actual Loops": 6,
                                    "Inner Unique": false,
                                    "Join Filter": "(t.id = ci.movie_id)",
                                    "Rows Removed by Join Filter": 0,
                                    "Workers": [
                                        {
                                            "Worker Number": 0,
                                            "Actual Startup Time": 99.153,
                                            "Actual Total Time": 1665.994,
                                            "Actual Rows": 55967,
                                            "Actual Loops": 1
                                        },
                                        {
                                            "Worker Number": 1,
                                            "Actual Startup Time": 100.781,
                                            "Actual Total Time": 1666.927,
                                            "Actual Rows": 51911,
                                            "Actual Loops": 1
                                        },
                                        {
                                            "Worker Number": 2,
                                            "Actual Startup Time": 99.008,
                                            "Actual Total Time": 1666.226,
                                            "Actual Rows": 52168,
                                            "Actual Loops": 1
                                        },
                                        {
                                            "Worker Number": 3,
                                            "Actual Startup Time": 99.26,
                                            "Actual Total Time": 1666.119,
                                            "Actual Rows": 51215,
                                            "Actual Loops": 1
                                        },
                                        {
                                            "Worker Number": 4,
                                            "Actual Startup Time": 100.631,
                                            "Actual Total Time": 1667.349,
                                            "Actual Rows": 54690,
                                            "Actual Loops": 1
                                        }
                                    ],
                                    "Plans": [
                                        {
                                            "Node Type": "Hash Join",
                                            "Parent Relationship": "Outer",
                                            "Parallel Aware": true,
                                            "Join Type": "Inner",
                                            "Startup Cost": 45685.51,
                                            "Total Cost": 251229.46,
                                            "Plan Rows": 66276,
                                            "Plan Width": 8,
                                            "Actual Startup Time": 100.644,
                                            "Actual Total Time": 852.155,
                                            "Actual Rows": 25949,
                                            "Actual Loops": 6,
                                            "Output": [
                                                "t.id",
                                                "mi.movie_id"
                                            ],
                                            "Inner Unique": true,
                                            "Hash Cond": "(mi.movie_id = t.id)",
                                            "Workers": [
                                                {
                                                    "Worker Number": 0,
                                                    "Actual Startup Time": 98.623,
                                                    "Actual Total Time": 832.717,
                                                    "Actual Rows": 25625,
                                                    "Actual Loops": 1
                                                },
                                                {
                                                    "Worker Number": 1,
                                                    "Actual Startup Time": 98.539,
                                                    "Actual Total Time": 850.138,
                                                    "Actual Rows": 26508,
                                                    "Actual Loops": 1
                                                },
                                                {
                                                    "Worker Number": 2,
                                                    "Actual Startup Time": 98.358,
                                                    "Actual Total Time": 839.1,
                                                    "Actual Rows": 22696,
                                                    "Actual Loops": 1
                                                },
                                                {
                                                    "Worker Number": 3,
                                                    "Actual Startup Time": 98.352,
                                                    "Actual Total Time": 840.212,
                                                    "Actual Rows": 23672,
                                                    "Actual Loops": 1
                                                },
                                                {
                                                    "Worker Number": 4,
                                                    "Actual Startup Time": 99.603,
                                                    "Actual Total Time": 853.66,
                                                    "Actual Rows": 23475,
                                                    "Actual Loops": 1
                                                }
                                            ],
                                            "Plans": [
                                                {
                                                    "Node Type": "Seq Scan",
                                                    "Parent Relationship": "Outer",
                                                    "Parallel Aware": true,
                                                    "Relation Name": "movie_info",
                                                    "Schema": "public",
                                                    "Alias": "mi",
                                                    "Startup Cost": 0.0,
                                                    "Total Cost": 198880.74,
                                                    "Plan Rows": 2538363,
                                                    "Plan Width": 4,
                                                    "Actual Startup Time": 0.032,
                                                    "Actual Total Time": 448.475,
                                                    "Actual Rows": 2124109,
                                                    "Actual Loops": 6,
                                                    "Output": [
                                                        "mi.id",
                                                        "mi.movie_id",
                                                        "mi.info_type_id",
                                                        "mi.info",
                                                        "mi.note"
                                                    ],
                                                    "Filter": "(mi.info_type_id > 2)",
                                                    "Rows Removed by Filter": 348511,
                                                    "Workers": [
                                                        {
                                                            "Worker Number": 0,
                                                            "Actual Startup Time": 0.04,
                                                            "Actual Total Time": 444.024,
                                                            "Actual Rows": 2129690,
                                                            "Actual Loops": 1
                                                        },
                                                        {
                                                            "Worker Number": 1,
                                                            "Actual Startup Time": 0.035,
                                                            "Actual Total Time": 450.63,
                                                            "Actual Rows": 2204361,
                                                            "Actual Loops": 1
                                                        },
                                                        {
                                                            "Worker Number": 2,
                                                            "Actual Startup Time": 0.04,
                                                            "Actual Total Time": 449.128,
                                                            "Actual Rows": 1899592,
                                                            "Actual Loops": 1
                                                        },
                                                        {
                                                            "Worker Number": 3,
                                                            "Actual Startup Time": 0.032,
                                                            "Actual Total Time": 446.246,
                                                            "Actual Rows": 1887550,
                                                            "Actual Loops": 1
                                                        },
                                                        {
                                                            "Worker Number": 4,
                                                            "Actual Startup Time": 0.036,
                                                            "Actual Total Time": 454.488,
                                                            "Actual Rows": 1976371,
                                                            "Actual Loops": 1
                                                        }
                                                    ]
                                                },
                                                {
                                                    "Node Type": "Hash",
                                                    "Parent Relationship": "Inner",
                                                    "Parallel Aware": true,
                                                    "Startup Cost": 45479.21,
                                                    "Total Cost": 45479.21,
                                                    "Plan Rows": 16504,
                                                    "Plan Width": 4,
                                                    "Actual Startup Time": 99.022,
                                                    "Actual Total Time": 99.023,
                                                    "Actual Rows": 12421,
                                                    "Actual Loops": 6,
                                                    "Output": [
                                                        "t.id"
                                                    ],
                                                    "Hash Buckets": 131072,
                                                    "Original Hash Buckets": 131072,
                                                    "Hash Batches": 1,
                                                    "Original Hash Batches": 1,
                                                    "Peak Memory Usage": 4032,
                                                    "Workers": [
                                                        {
                                                            "Worker Number": 0,
                                                            "Actual Startup Time": 97.118,
                                                            "Actual Total Time": 97.119,
                                                            "Actual Rows": 9941,
                                                            "Actual Loops": 1
                                                        },
                                                        {
                                                            "Worker Number": 1,
                                                            "Actual Startup Time": 97.211,
                                                            "Actual Total Time": 97.212,
                                                            "Actual Rows": 10113,
                                                            "Actual Loops": 1
                                                        },
                                                        {
                                                            "Worker Number": 2,
                                                            "Actual Startup Time": 96.852,
                                                            "Actual Total Time": 96.854,
                                                            "Actual Rows": 9555,
                                                            "Actual Loops": 1
                                                        },
                                                        {
                                                            "Worker Number": 3,
                                                            "Actual Startup Time": 96.876,
                                                            "Actual Total Time": 96.877,
                                                            "Actual Rows": 9576,
                                                            "Actual Loops": 1
                                                        },
                                                        {
                                                            "Worker Number": 4,
                                                            "Actual Startup Time": 98.244,
                                                            "Actual Total Time": 98.245,
                                                            "Actual Rows": 10227,
                                                            "Actual Loops": 1
                                                        }
                                                    ],
                                                    "Plans": [
                                                        {
                                                            "Node Type": "Seq Scan",
                                                            "Parent Relationship": "Outer",
                                                            "Parallel Aware": true,
                                                            "Relation Name": "title",
                                                            "Schema": "public",
                                                            "Alias": "t",
                                                            "Startup Cost": 0.0,
                                                            "Total Cost": 45479.21,
                                                            "Plan Rows": 16504,
                                                            "Plan Width": 4,
                                                            "Actual Startup Time": 0.056,
                                                            "Actual Total Time": 92.182,
                                                            "Actual Rows": 12421,
                                                            "Actual Loops": 6,
                                                            "Output": [
                                                                "t.id"
                                                            ],
                                                            "Filter": "((t.kind_id = 7) AND (t.production_year = 2006))",
                                                            "Rows Removed by Filter": 408965,
                                                            "Workers": [
                                                                {
                                                                    "Worker Number": 0,
                                                                    "Actual Startup Time": 0.05,
                                                                    "Actual Total Time": 91.162,
                                                                    "Actual Rows": 9941,
                                                                    "Actual Loops": 1
                                                                },
                                                                {
                                                                    "Worker Number": 1,
                                                                    "Actual Startup Time": 0.055,
                                                                    "Actual Total Time": 91.11,
                                                                    "Actual Rows": 10113,
                                                                    "Actual Loops": 1
                                                                },
                                                                {
                                                                    "Worker Number": 2,
                                                                    "Actual Startup Time": 0.064,
                                                                    "Actual Total Time": 89.917,
                                                                    "Actual Rows": 9555,
                                                                    "Actual Loops": 1
                                                                },
                                                                {
                                                                    "Worker Number": 3,
                                                                    "Actual Startup Time": 0.06,
                                                                    "Actual Total Time": 89.713,
                                                                    "Actual Rows": 9576,
                                                                    "Actual Loops": 1
                                                                },
                                                                {
                                                                    "Worker Number": 4,
                                                                    "Actual Startup Time": 0.091,
                                                                    "Actual Total Time": 91.61,
                                                                    "Actual Rows": 10227,
                                                                    "Actual Loops": 1
                                                                }
                                                            ]
                                                        }
                                                    ]
                                                }
                                            ]
                                        },
                                        {
                                            "Node Type": "Index Scan",
                                            "Parent Relationship": "Inner",
                                            "Parallel Aware": false,
                                            "Scan Direction": "Forward",
                                            "Index Name": "movie_id_cast_info",
                                            "Relation Name": "cast_info",
                                            "Schema": "public",
                                            "Alias": "ci",
                                            "Startup Cost": 0.56,
                                            "Total Cost": 1.54,
                                            "Plan Rows": 4,
                                            "Plan Width": 4,
                                            "Actual Startup Time": 0.021,
                                            "Actual Total Time": 0.031,
                                            "Actual Rows": 2,
                                            "Actual Loops": 155692,
                                            "Output": [
                                                "ci.id",
                                                "ci.person_id",
                                                "ci.movie_id",
                                                "ci.person_role_id",
                                                "ci.note",
                                                "ci.nr_order",
                                                "ci.role_id"
                                            ],
                                            "Index Cond": "(ci.movie_id = mi.movie_id)",
                                            "Rows Removed by Index Recheck": 0,
                                            "Filter": "((ci.person_id < 767610) AND (ci.role_id > 2))",
                                            "Rows Removed by Filter": 25,
                                            "Workers": [
                                                {
                                                    "Worker Number": 0,
                                                    "Actual Startup Time": 0.022,
                                                    "Actual Total Time": 0.032,
                                                    "Actual Rows": 2,
                                                    "Actual Loops": 25625
                                                },
                                                {
                                                    "Worker Number": 1,
                                                    "Actual Startup Time": 0.021,
                                                    "Actual Total Time": 0.03,
                                                    "Actual Rows": 2,
                                                    "Actual Loops": 26508
                                                },
                                                {
                                                    "Worker Number": 2,
                                                    "Actual Startup Time": 0.024,
                                                    "Actual Total Time": 0.036,
                                                    "Actual Rows": 2,
                                                    "Actual Loops": 22696
                                                },
                                                {
                                                    "Worker Number": 3,
                                                    "Actual Startup Time": 0.023,
                                                    "Actual Total Time": 0.034,
                                                    "Actual Rows": 2,
                                                    "Actual Loops": 23672
                                                },
                                                {
                                                    "Worker Number": 4,
                                                    "Actual Startup Time": 0.023,
                                                    "Actual Total Time": 0.034,
                                                    "Actual Rows": 2,
                                                    "Actual Loops": 23475
                                                }
                                            ]
                                        }
                                    ]
                                }
                            ]
                        }
                    ]
                }
            ]
        },
        "Planning Time": 315.13,
        "Triggers": [],
        "Execution Time": 1745.465
    }
]