{
  "Plan": {
    "Node Type": "Aggregate",
    "Strategy": "Plain",
    "Partial Mode": "Finalize",
    "Parallel Aware": false,
    "Startup Cost": 690324.62,
    "Total Cost": 690324.63,
    "Plan Rows": 1,
    "Plan Width": 8,
    "Actual Startup Time": 3564.258,
    "Actual Total Time": 3631.569,
    "Actual Rows": 1,
    "Actual Loops": 1,
    "Plans": [
      {
        "Node Type": "Gather",
        "Parent Relationship": "Outer",
        "Parallel Aware": false,
        "Startup Cost": 690324.51,
        "Total Cost": 690324.62,
        "Plan Rows": 1,
        "Plan Width": 8,
        "Actual Startup Time": 3562.4,
        "Actual Total Time": 3631.558,
        "Actual Rows": 2,
        "Actual Loops": 1,
        "Workers Planned": 1,
        "Workers Launched": 1,
        "Single Copy": false,
        "Plans": [
          {
            "Node Type": "Aggregate",
            "Strategy": "Plain",
            "Partial Mode": "Partial",
            "Parent Relationship": "Outer",
            "Parallel Aware": false,
            "Startup Cost": 689324.51,
            "Total Cost": 689324.52,
            "Plan Rows": 1,
            "Plan Width": 8,
            "Actual Startup Time": 3556.113,
            "Actual Total Time": 3556.119,
            "Actual Rows": 1,
            "Actual Loops": 2,
            "Plans": [
              {
                "Node Type": "Hash Join",
                "Parent Relationship": "Outer",
                "Parallel Aware": true,
                "Join Type": "Inner",
                "Startup Cost": 612999.46,
                "Total Cost": 688364.59,
                "Plan Rows": 383966,
                "Plan Width": 0,
                "Actual Startup Time": 3140.478,
                "Actual Total Time": 3502.629,
                "Actual Rows": 1295037,
                "Actual Loops": 2,
                "Inner Unique": false,
                "Hash Cond": "(mk.movie_id = t.id)",
                "Plans": [
                  {
                    "Node Type": "Seq Scan",
                    "Parent Relationship": "Outer",
                    "Parallel Aware": true,
                    "Relation Name": "movie_keyword",
                    "Alias": "mk",
                    "Startup Cost": 0.0,
                    "Total Cost": 57718.19,
                    "Plan Rows": 1758664,
                    "Plan Width": 4,
                    "Actual Startup Time": 0.036,
                    "Actual Total Time": 197.83,
                    "Actual Rows": 1492978,
                    "Actual Loops": 2,
                    "Filter": "(keyword_id < 10327)",
                    "Rows Removed by Filter": 768986
                  },
                  {
                    "Node Type": "Hash",
                    "Parent Relationship": "Inner",
                    "Parallel Aware": true,
                    "Startup Cost": 608940.65,
                    "Total Cost": 608940.65,
                    "Plan Rows": 324705,
                    "Plan Width": 8,
                    "Actual Startup Time": 3063.768,
                    "Actual Total Time": 3063.772,
                    "Actual Rows": 342159,
                    "Actual Loops": 2,
                    "Hash Buckets": 1048576,
                    "Original Hash Buckets": 1048576,
                    "Hash Batches": 1,
                    "Original Hash Batches": 1,
                    "Peak Memory Usage": 35008,
                    "Plans": [
                      {
                        "Node Type": "Hash Join",
                        "Parent Relationship": "Outer",
                        "Parallel Aware": true,
                        "Join Type": "Inner",
                        "Startup Cost": 54131.55,
                        "Total Cost": 608940.65,
                        "Plan Rows": 324705,
                        "Plan Width": 8,
                        "Actual Startup Time": 413.052,
                        "Actual Total Time": 2956.21,
                        "Actual Rows": 342159,
                        "Actual Loops": 2,
                        "Inner Unique": true,
                        "Hash Cond": "(ci.movie_id = t.id)",
                        "Plans": [
                          {
                            "Node Type": "Seq Scan",
                            "Parent Relationship": "Outer",
                            "Parallel Aware": true,
                            "Relation Name": "cast_info",
                            "Alias": "ci",
                            "Startup Cost": 0.0,
                            "Total Cost": 519069.44,
                            "Plan Rows": 13615089,
                            "Plan Width": 4,
                            "Actual Startup Time": 305.819,
                            "Actual Total Time": 1539.64,
                            "Actual Rows": 11581974,
                            "Actual Loops": 2,
                            "Filter": "(person_id > 1291852)",
                            "Rows Removed by Filter": 6540198
                          },
                          {
                            "Node Type": "Hash",
                            "Parent Relationship": "Inner",
                            "Parallel Aware": true,
                            "Startup Cost": 53688.18,
                            "Total Cost": 53688.18,
                            "Plan Rows": 35469,
                            "Plan Width": 4,
                            "Actual Startup Time": 106.844,
                            "Actual Total Time": 106.846,
                            "Actual Rows": 30790,
                            "Actual Loops": 2,
                            "Hash Buckets": 65536,
                            "Original Hash Buckets": 65536,
                            "Hash Batches": 1,
                            "Original Hash Batches": 1,
                            "Peak Memory Usage": 2944,
                            "Plans": [
                              {
                                "Node Type": "Bitmap Heap Scan",
                                "Parent Relationship": "Outer",
                                "Parallel Aware": true,
                                "Relation Name": "title",
                                "Alias": "t",
                                "Startup Cost": 11837.92,
                                "Total Cost": 53688.18,
                                "Plan Rows": 35469,
                                "Plan Width": 4,
                                "Actual Startup Time": 38.418,
                                "Actual Total Time": 99.88,
                                "Actual Rows": 30790,
                                "Actual Loops": 2,
                                "Recheck Cond": "(kind_id = 1)",
                                "Rows Removed by Index Recheck": 0,
                                "Filter": "(production_year > 2011)",
                                "Rows Removed by Filter": 300622,
                                "Exact Heap Blocks": 9027,
                                "Lossy Heap Blocks": 0,
                                "Plans": [
                                  {
                                    "Node Type": "Bitmap Index Scan",
                                    "Parent Relationship": "Outer",
                                    "Parallel Aware": false,
                                    "Index Name": "kind_id_title",
                                    "Startup Cost": 0.0,
                                    "Total Cost": 11822.85,
                                    "Plan Rows": 663256,
                                    "Plan Width": 0,
                                    "Actual Startup Time": 36.211,
                                    "Actual Total Time": 36.211,
                                    "Actual Rows": 662825,
                                    "Actual Loops": 1,
                                    "Index Cond": "(kind_id = 1)"
                                  }
                                ]
                              }
                            ]
                          }
                        ]
                      }
                    ]
                  }
                ]
              }
            ]
          }
        ]
      }
    ]
  },
  "Planning Time": 0.944,
  "Triggers": [],
  "Execution Time": 3631.687
}