[
  {
    "Plan": {
      "Node Type": "Aggregate",
      "Strategy": "Plain",
      "Partial Mode": "Finalize",
      "Parallel Aware": false,
      "Startup Cost": 343126.16,
      "Total Cost": 343126.17,
      "Plan Rows": 1,
      "Plan Width": 8,
      "Actual Startup Time": 970.586,
      "Actual Total Time": 1018.903,
      "Actual Rows": 1,
      "Actual Loops": 1,
      "Plans": [
        {
          "Node Type": "Gather",
          "Parent Relationship": "Outer",
          "Parallel Aware": false,
          "Startup Cost": 343125.53,
          "Total Cost": 343126.14,
          "Plan Rows": 6,
          "Plan Width": 8,
          "Actual Startup Time": 970.374,
          "Actual Total Time": 1018.889,
          "Actual Rows": 7,
          "Actual Loops": 1,
          "Workers Planned": 6,
          "Workers Launched": 6,
          "Single Copy": false,
          "Plans": [
            {
              "Node Type": "Aggregate",
              "Strategy": "Plain",
              "Partial Mode": "Partial",
              "Parent Relationship": "Outer",
              "Parallel Aware": false,
              "Startup Cost": 342125.53,
              "Total Cost": 342125.54,
              "Plan Rows": 1,
              "Plan Width": 8,
              "Actual Startup Time": 964.201,
              "Actual Total Time": 964.203,
              "Actual Rows": 1,
              "Actual Loops": 7,
              "Plans": [
                {
                  "Node Type": "Seq Scan",
                  "Parent Relationship": "Outer",
                  "Parallel Aware": true,
                  "Relation Name": "cast_info",
                  "Alias": "ci",
                  "Startup Cost": 0.0,
                  "Total Cost": 328211.39,
                  "Plan Rows": 5565656,
                  "Plan Width": 0,
                  "Actual Startup Time": 0.039,
                  "Actual Total Time": 707.486,
                  "Actual Rows": 4782817,
                  "Actual Loops": 7,
                  "Filter": "(person_id < 3535479)",
                  "Rows Removed by Filter": 394947
                }
              ]
            }
          ]
        }
      ]
    },
    "Planning Time": 0.19,
    "Triggers": [],
    "Execution Time": 1018.972
  }
]