[
    {
        "Bao": {
            "Bao prediction": "NaN",
            "Bao recommended hint": "(no hint)"
        }
    },
    {
        "Plan": {
            "Node Type": "Aggregate",
            "Strategy": "Plain",
            "Partial Mode": "Finalize",
            "Parallel Aware": false,
            "Startup Cost": 335295.31,
            "Total Cost": 335295.32,
            "Plan Rows": 1,
            "Plan Width": 8,
            "Actual Startup Time": 763.796,
            "Actual Total Time": 794.047,
            "Actual Rows": 1,
            "Actual Loops": 1,
            "Output": [
                "count(*)"
            ],
            "Plans": [
                {
                    "Node Type": "Gather",
                    "Parent Relationship": "Outer",
                    "Parallel Aware": false,
                    "Startup Cost": 335294.69,
                    "Total Cost": 335295.3,
                    "Plan Rows": 6,
                    "Plan Width": 8,
                    "Actual Startup Time": 763.685,
                    "Actual Total Time": 794.037,
                    "Actual Rows": 7,
                    "Actual Loops": 1,
                    "Output": [
                        "(PARTIAL count(*))"
                    ],
                    "Workers Planned": 6,
                    "Workers Launched": 6,
                    "Single Copy": false,
                    "Plans": [
                        {
                            "Node Type": "Aggregate",
                            "Strategy": "Plain",
                            "Partial Mode": "Partial",
                            "Parent Relationship": "Outer",
                            "Parallel Aware": false,
                            "Startup Cost": 334294.69,
                            "Total Cost": 334294.7,
                            "Plan Rows": 1,
                            "Plan Width": 8,
                            "Actual Startup Time": 753.344,
                            "Actual Total Time": 753.345,
                            "Actual Rows": 1,
                            "Actual Loops": 7,
                            "Output": [
                                "PARTIAL count(*)"
                            ],
                            "Workers": [
                                {
                                    "Worker Number": 0,
                                    "Actual Startup Time": 750.567,
                                    "Actual Total Time": 750.568,
                                    "Actual Rows": 1,
                                    "Actual Loops": 1
                                },
                                {
                                    "Worker Number": 1,
                                    "Actual Startup Time": 751.083,
                                    "Actual Total Time": 751.084,
                                    "Actual Rows": 1,
                                    "Actual Loops": 1
                                },
                                {
                                    "Worker Number": 2,
                                    "Actual Startup Time": 751.733,
                                    "Actual Total Time": 751.735,
                                    "Actual Rows": 1,
                                    "Actual Loops": 1
                                },
                                {
                                    "Worker Number": 3,
                                    "Actual Startup Time": 752.231,
                                    "Actual Total Time": 752.232,
                                    "Actual Rows": 1,
                                    "Actual Loops": 1
                                },
                                {
                                    "Worker Number": 4,
                                    "Actual Startup Time": 752.253,
                                    "Actual Total Time": 752.255,
                                    "Actual Rows": 1,
                                    "Actual Loops": 1
                                },
                                {
                                    "Worker Number": 5,
                                    "Actual Startup Time": 752.734,
                                    "Actual Total Time": 752.735,
                                    "Actual Rows": 1,
                                    "Actual Loops": 1
                                }
                            ],
                            "Plans": [
                                {
                                    "Node Type": "Seq Scan",
                                    "Parent Relationship": "Outer",
                                    "Parallel Aware": true,
                                    "Relation Name": "cast_info",
                                    "Schema": "public",
                                    "Alias": "ci",
                                    "Startup Cost": 0.0,
                                    "Total Cost": 328213.62,
                                    "Plan Rows": 2432428,
                                    "Plan Width": 0,
                                    "Actual Startup Time": 257.906,
                                    "Actual Total Time": 634.993,
                                    "Actual Rows": 2099132,
                                    "Actual Loops": 7,
                                    "Output": [
                                        "id",
                                        "person_id",
                                        "movie_id",
                                        "person_role_id",
                                        "note",
                                        "nr_order",
                                        "role_id"
                                    ],
                                    "Filter": "(ci.person_id > 2185838)",
                                    "Rows Removed by Filter": 3078631,
                                    "Workers": [
                                        {
                                            "Worker Number": 0,
                                            "Actual Startup Time": 255.139,
                                            "Actual Total Time": 638.684,
                                            "Actual Rows": 1692614,
                                            "Actual Loops": 1
                                        },
                                        {
                                            "Worker Number": 1,
                                            "Actual Startup Time": 255.626,
                                            "Actual Total Time": 639.037,
                                            "Actual Rows": 1696454,
                                            "Actual Loops": 1
                                        },
                                        {
                                            "Worker Number": 2,
                                            "Actual Startup Time": 256.316,
                                            "Actual Total Time": 635.987,
                                            "Actual Rows": 1743652,
                                            "Actual Loops": 1
                                        },
                                        {
                                            "Worker Number": 3,
                                            "Actual Startup Time": 256.781,
                                            "Actual Total Time": 635.742,
                                            "Actual Rows": 2786764,
                                            "Actual Loops": 1
                                        },
                                        {
                                            "Worker Number": 4,
                                            "Actual Startup Time": 256.839,
                                            "Actual Total Time": 636.624,
                                            "Actual Rows": 1747596,
                                            "Actual Loops": 1
                                        },
                                        {
                                            "Worker Number": 5,
                                            "Actual Startup Time": 257.271,
                                            "Actual Total Time": 636.706,
                                            "Actual Rows": 2765909,
                                            "Actual Loops": 1
                                        }
                                    ]
                                }
                            ]
                        }
                    ]
                }
            ]
        },
        "Planning Time": 328.305,
        "Triggers": [],
        "Execution Time": 794.134
    }
]