[
    {
        "Bao": {
            "Bao prediction": "NaN",
            "Bao recommended hint": "(no hint)"
        }
    },
    {
        "Plan": {
            "Node Type": "Aggregate",
            "Strategy": "Plain",
            "Partial Mode": "Finalize",
            "Parallel Aware": false,
            "Startup Cost": 32746.44,
            "Total Cost": 32746.45,
            "Plan Rows": 1,
            "Plan Width": 8,
            "Actual Startup Time": 82.648,
            "Actual Total Time": 88.101,
            "Actual Rows": 1,
            "Actual Loops": 1,
            "Output": [
                "count(*)"
            ],
            "Plans": [
                {
                    "Node Type": "Gather",
                    "Parent Relationship": "Outer",
                    "Parallel Aware": false,
                    "Startup Cost": 32746.12,
                    "Total Cost": 32746.43,
                    "Plan Rows": 3,
                    "Plan Width": 8,
                    "Actual Startup Time": 82.544,
                    "Actual Total Time": 88.094,
                    "Actual Rows": 4,
                    "Actual Loops": 1,
                    "Output": [
                        "(PARTIAL count(*))"
                    ],
                    "Workers Planned": 3,
                    "Workers Launched": 3,
                    "Single Copy": false,
                    "Plans": [
                        {
                            "Node Type": "Aggregate",
                            "Strategy": "Plain",
                            "Partial Mode": "Partial",
                            "Parent Relationship": "Outer",
                            "Parallel Aware": false,
                            "Startup Cost": 31746.12,
                            "Total Cost": 31746.13,
                            "Plan Rows": 1,
                            "Plan Width": 8,
                            "Actual Startup Time": 74.384,
                            "Actual Total Time": 74.385,
                            "Actual Rows": 1,
                            "Actual Loops": 4,
                            "Output": [
                                "PARTIAL count(*)"
                            ],
                            "Workers": [
                                {
                                    "Worker Number": 0,
                                    "Actual Startup Time": 71.483,
                                    "Actual Total Time": 71.485,
                                    "Actual Rows": 1,
                                    "Actual Loops": 1
                                },
                                {
                                    "Worker Number": 1,
                                    "Actual Startup Time": 71.487,
                                    "Actual Total Time": 71.488,
                                    "Actual Rows": 1,
                                    "Actual Loops": 1
                                },
                                {
                                    "Worker Number": 2,
                                    "Actual Startup Time": 72.27,
                                    "Actual Total Time": 72.272,
                                    "Actual Rows": 1,
                                    "Actual Loops": 1
                                }
                            ],
                            "Plans": [
                                {
                                    "Node Type": "Seq Scan",
                                    "Parent Relationship": "Outer",
                                    "Parallel Aware": true,
                                    "Relation Name": "movie_companies",
                                    "Schema": "public",
                                    "Alias": "mc",
                                    "Startup Cost": 0.0,
                                    "Total Cost": 31414.82,
                                    "Plan Rows": 132521,
                                    "Plan Width": 0,
                                    "Actual Startup Time": 17.289,
                                    "Actual Total Time": 73.004,
                                    "Actual Rows": 22472,
                                    "Actual Loops": 4,
                                    "Output": [
                                        "id",
                                        "movie_id",
                                        "company_id",
                                        "company_type_id",
                                        "note"
                                    ],
                                    "Filter": "((mc.company_id > 26142) AND (mc.company_type_id = 1))",
                                    "Rows Removed by Filter": 629810,
                                    "Workers": [
                                        {
                                            "Worker Number": 0,
                                            "Actual Startup Time": 14.387,
                                            "Actual Total Time": 70.157,
                                            "Actual Rows": 19306,
                                            "Actual Loops": 1
                                        },
                                        {
                                            "Worker Number": 1,
                                            "Actual Startup Time": 14.402,
                                            "Actual Total Time": 70.158,
                                            "Actual Rows": 15700,
                                            "Actual Loops": 1
                                        },
                                        {
                                            "Worker Number": 2,
                                            "Actual Startup Time": 15.174,
                                            "Actual Total Time": 70.963,
                                            "Actual Rows": 15921,
                                            "Actual Loops": 1
                                        }
                                    ]
                                }
                            ]
                        }
                    ]
                }
            ]
        },
        "Planning Time": 184.996,
        "Triggers": [],
        "Execution Time": 88.14
    }
]