{
  "Plan": {
    "Node Type": "Aggregate",
    "Strategy": "Plain",
    "Partial Mode": "Finalize",
    "Parallel Aware": false,
    "Startup Cost": 566863.64,
    "Total Cost": 566863.65,
    "Plan Rows": 1,
    "Plan Width": 8,
    "Actual Startup Time": 1364.138,
    "Actual Total Time": 1392.684,
    "Actual Rows": 1,
    "Actual Loops": 1,
    "Plans": [
      {
        "Node Type": "Gather",
        "Parent Relationship": "Outer",
        "Parallel Aware": false,
        "Startup Cost": 566863.52,
        "Total Cost": 566863.63,
        "Plan Rows": 1,
        "Plan Width": 8,
        "Actual Startup Time": 1363.673,
        "Actual Total Time": 1392.672,
        "Actual Rows": 2,
        "Actual Loops": 1,
        "Workers Planned": 1,
        "Workers Launched": 1,
        "Single Copy": false,
        "Plans": [
          {
            "Node Type": "Aggregate",
            "Strategy": "Plain",
            "Partial Mode": "Partial",
            "Parent Relationship": "Outer",
            "Parallel Aware": false,
            "Startup Cost": 565863.52,
            "Total Cost": 565863.53,
            "Plan Rows": 1,
            "Plan Width": 8,
            "Actual Startup Time": 1357.19,
            "Actual Total Time": 1357.197,
            "Actual Rows": 1,
            "Actual Loops": 2,
            "Plans": [
              {
                "Node Type": "Nested Loop",
                "Parent Relationship": "Outer",
                "Parallel Aware": false,
                "Join Type": "Inner",
                "Startup Cost": 219298.25,
                "Total Cost": 565631.21,
                "Plan Rows": 92924,
                "Plan Width": 0,
                "Actual Startup Time": 538.261,
                "Actual Total Time": 1353.936,
                "Actual Rows": 65550,
                "Actual Loops": 2,
                "Inner Unique": false,
                "Join Filter": "(t.id = mi.movie_id)",
                "Rows Removed by Join Filter": 0,
                "Plans": [
                  {
                    "Node Type": "Hash Join",
                    "Parent Relationship": "Outer",
                    "Parallel Aware": true,
                    "Join Type": "Inner",
                    "Startup Cost": 219297.82,
                    "Total Cost": 536808.06,
                    "Plan Rows": 15892,
                    "Plan Width": 8,
                    "Actual Startup Time": 538.117,
                    "Actual Total Time": 1268.643,
                    "Actual Rows": 12516,
                    "Actual Loops": 2,
                    "Inner Unique": true,
                    "Hash Cond": "(ci.movie_id = t.id)",
                    "Plans": [
                      {
                        "Node Type": "Bitmap Heap Scan",
                        "Parent Relationship": "Outer",
                        "Parallel Aware": true,
                        "Relation Name": "cast_info",
                        "Alias": "ci",
                        "Startup Cost": 160922.41,
                        "Total Cost": 467182.33,
                        "Plan Rows": 4285833,
                        "Plan Width": 4,
                        "Actual Startup Time": 388.178,
                        "Actual Total Time": 811.326,
                        "Actual Rows": 3742178,
                        "Actual Loops": 2,
                        "Recheck Cond": "(person_id < 724801)",
                        "Rows Removed by Index Recheck": 0,
                        "Exact Heap Blocks": 41950,
                        "Lossy Heap Blocks": 0,
                        "Plans": [
                          {
                            "Node Type": "Bitmap Index Scan",
                            "Parent Relationship": "Outer",
                            "Parallel Aware": false,
                            "Index Name": "person_id_cast_info",
                            "Startup Cost": 0.0,
                            "Total Cost": 159100.93,
                            "Plan Rows": 7285916,
                            "Plan Width": 0,
                            "Actual Startup Time": 374.319,
                            "Actual Total Time": 374.321,
                            "Actual Rows": 7484357,
                            "Actual Loops": 1,
                            "Index Cond": "(person_id < 724801)"
                          }
                        ]
                      },
                      {
                        "Node Type": "Hash",
                        "Parent Relationship": "Inner",
                        "Parallel Aware": true,
                        "Startup Cost": 58306.47,
                        "Total Cost": 58306.47,
                        "Plan Rows": 5515,
                        "Plan Width": 4,
                        "Actual Startup Time": 148.263,
                        "Actual Total Time": 148.264,
                        "Actual Rows": 4134,
                        "Actual Loops": 2,
                        "Hash Buckets": 16384,
                        "Original Hash Buckets": 16384,
                        "Hash Batches": 1,
                        "Original Hash Batches": 1,
                        "Peak Memory Usage": 480,
                        "Plans": [
                          {
                            "Node Type": "Seq Scan",
                            "Parent Relationship": "Outer",
                            "Parallel Aware": true,
                            "Relation Name": "title",
                            "Alias": "t",
                            "Startup Cost": 0.0,
                            "Total Cost": 58306.47,
                            "Plan Rows": 5515,
                            "Plan Width": 4,
                            "Actual Startup Time": 0.058,
                            "Actual Total Time": 146.323,
                            "Actual Rows": 4134,
                            "Actual Loops": 2,
                            "Filter": "((kind_id = 7) AND (production_year = 1971))",
                            "Rows Removed by Filter": 1260022
                          }
                        ]
                      }
                    ]
                  },
                  {
                    "Node Type": "Index Only Scan",
                    "Parent Relationship": "Inner",
                    "Parallel Aware": false,
                    "Scan Direction": "Forward",
                    "Index Name": "movie_id_movie_info",
                    "Relation Name": "movie_info",
                    "Alias": "mi",
                    "Startup Cost": 0.43,
                    "Total Cost": 1.29,
                    "Plan Rows": 42,
                    "Plan Width": 4,
                    "Actual Startup Time": 0.003,
                    "Actual Total Time": 0.006,
                    "Actual Rows": 5,
                    "Actual Loops": 25031,
                    "Index Cond": "(movie_id = ci.movie_id)",
                    "Rows Removed by Index Recheck": 0,
                    "Heap Fetches": 131099
                  }
                ]
              }
            ]
          }
        ]
      }
    ]
  },
  "Planning Time": 0.995,
  "Triggers": [],
  "Execution Time": 1392.807
}