{
  "Plan": {
    "Node Type": "Aggregate",
    "Strategy": "Plain",
    "Partial Mode": "Finalize",
    "Parallel Aware": false,
    "Startup Cost": 622251.44,
    "Total Cost": 622251.45,
    "Plan Rows": 1,
    "Plan Width": 8,
    "Actual Startup Time": 3359.131,
    "Actual Total Time": 3426.516,
    "Actual Rows": 1,
    "Actual Loops": 1,
    "Plans": [
      {
        "Node Type": "Gather",
        "Parent Relationship": "Outer",
        "Parallel Aware": false,
        "Startup Cost": 622251.33,
        "Total Cost": 622251.44,
        "Plan Rows": 1,
        "Plan Width": 8,
        "Actual Startup Time": 3358.334,
        "Actual Total Time": 3426.507,
        "Actual Rows": 2,
        "Actual Loops": 1,
        "Workers Planned": 1,
        "Workers Launched": 1,
        "Single Copy": false,
        "Plans": [
          {
            "Node Type": "Aggregate",
            "Strategy": "Plain",
            "Partial Mode": "Partial",
            "Parent Relationship": "Outer",
            "Parallel Aware": false,
            "Startup Cost": 621251.33,
            "Total Cost": 621251.34,
            "Plan Rows": 1,
            "Plan Width": 8,
            "Actual Startup Time": 3352.631,
            "Actual Total Time": 3352.635,
            "Actual Rows": 1,
            "Actual Loops": 2,
            "Plans": [
              {
                "Node Type": "Hash Join",
                "Parent Relationship": "Outer",
                "Parallel Aware": true,
                "Join Type": "Inner",
                "Startup Cost": 60807.07,
                "Total Cost": 616552.91,
                "Plan Rows": 1879367,
                "Plan Width": 0,
                "Actual Startup Time": 661.502,
                "Actual Total Time": 3321.515,
                "Actual Rows": 743127,
                "Actual Loops": 2,
                "Inner Unique": true,
                "Hash Cond": "(ci.movie_id = t.id)",
                "Plans": [
                  {
                    "Node Type": "Seq Scan",
                    "Parent Relationship": "Outer",
                    "Parallel Aware": true,
                    "Relation Name": "cast_info",
                    "Alias": "ci",
                    "Startup Cost": 0.0,
                    "Total Cost": 519069.44,
                    "Plan Rows": 13971936,
                    "Plan Width": 4,
                    "Actual Startup Time": 484.208,
                    "Actual Total Time": 1721.23,
                    "Actual Rows": 11786828,
                    "Actual Loops": 2,
                    "Filter": "(role_id > 1)",
                    "Rows Removed by Filter": 6335344
                  },
                  {
                    "Node Type": "Hash",
                    "Parent Relationship": "Inner",
                    "Parallel Aware": true,
                    "Startup Cost": 58306.47,
                    "Total Cost": 58306.47,
                    "Plan Rows": 200048,
                    "Plan Width": 4,
                    "Actual Startup Time": 171.472,
                    "Actual Total Time": 171.472,
                    "Actual Rows": 116955,
                    "Actual Loops": 2,
                    "Hash Buckets": 524288,
                    "Original Hash Buckets": 524288,
                    "Hash Batches": 1,
                    "Original Hash Batches": 1,
                    "Peak Memory Usage": 13280,
                    "Plans": [
                      {
                        "Node Type": "Seq Scan",
                        "Parent Relationship": "Outer",
                        "Parallel Aware": true,
                        "Relation Name": "title",
                        "Alias": "t",
                        "Startup Cost": 0.0,
                        "Total Cost": 58306.47,
                        "Plan Rows": 200048,
                        "Plan Width": 4,
                        "Actual Startup Time": 0.03,
                        "Actual Total Time": 140.909,
                        "Actual Rows": 116955,
                        "Actual Loops": 2,
                        "Filter": "((production_year < 1984) AND (kind_id = 7))",
                        "Rows Removed by Filter": 1147201
                      }
                    ]
                  }
                ]
              }
            ]
          }
        ]
      }
    ]
  },
  "Planning Time": 0.473,
  "Triggers": [],
  "Execution Time": 3426.605
}