[
  {
    "Plan": {
      "Node Type": "Aggregate",
      "Strategy": "Plain",
      "Partial Mode": "Finalize",
      "Parallel Aware": false,
      "Startup Cost": 54963.61,
      "Total Cost": 54963.62,
      "Plan Rows": 1,
      "Plan Width": 8,
      "Actual Startup Time": 85.115,
      "Actual Total Time": 98.076,
      "Actual Rows": 1,
      "Actual Loops": 1,
      "Plans": [
        {
          "Node Type": "Gather",
          "Parent Relationship": "Outer",
          "Parallel Aware": false,
          "Startup Cost": 54963.19,
          "Total Cost": 54963.6,
          "Plan Rows": 4,
          "Plan Width": 8,
          "Actual Startup Time": 84.946,
          "Actual Total Time": 98.063,
          "Actual Rows": 5,
          "Actual Loops": 1,
          "Workers Planned": 4,
          "Workers Launched": 4,
          "Single Copy": false,
          "Plans": [
            {
              "Node Type": "Aggregate",
              "Strategy": "Plain",
              "Partial Mode": "Partial",
              "Parent Relationship": "Outer",
              "Parallel Aware": false,
              "Startup Cost": 53963.19,
              "Total Cost": 53963.2,
              "Plan Rows": 1,
              "Plan Width": 8,
              "Actual Startup Time": 80.053,
              "Actual Total Time": 80.054,
              "Actual Rows": 1,
              "Actual Loops": 5,
              "Plans": [
                {
                  "Node Type": "Nested Loop",
                  "Parent Relationship": "Outer",
                  "Parallel Aware": false,
                  "Join Type": "Inner",
                  "Startup Cost": 0.43,
                  "Total Cost": 53961.35,
                  "Plan Rows": 736,
                  "Plan Width": 0,
                  "Actual Startup Time": 1.112,
                  "Actual Total Time": 79.917,
                  "Actual Rows": 1574,
                  "Actual Loops": 5,
                  "Inner Unique": false,
                  "Plans": [
                    {
                      "Node Type": "Seq Scan",
                      "Parent Relationship": "Outer",
                      "Parallel Aware": true,
                      "Relation Name": "title",
                      "Alias": "t",
                      "Startup Cost": 0.0,
                      "Total Cost": 45479.59,
                      "Plan Rows": 1348,
                      "Plan Width": 4,
                      "Actual Startup Time": 0.687,
                      "Actual Total Time": 69.313,
                      "Actual Rows": 1330,
                      "Actual Loops": 5,
                      "Filter": "((kind_id < 7) AND (production_year = 1981))",
                      "Rows Removed by Filter": 504332
                    },
                    {
                      "Node Type": "Index Only Scan",
                      "Parent Relationship": "Inner",
                      "Parallel Aware": false,
                      "Scan Direction": "Forward",
                      "Index Name": "movie_id_movie_info_idx",
                      "Relation Name": "movie_info_idx",
                      "Alias": "mi_idx",
                      "Startup Cost": 0.43,
                      "Total Cost": 6.26,
                      "Plan Rows": 3,
                      "Plan Width": 4,
                      "Actual Startup Time": 0.007,
                      "Actual Total Time": 0.007,
                      "Actual Rows": 1,
                      "Actual Loops": 6650,
                      "Index Cond": "(movie_id = t.id)",
                      "Rows Removed by Index Recheck": 0,
                      "Heap Fetches": 7871
                    }
                  ]
                }
              ]
            }
          ]
        }
      ]
    },
    "Planning Time": 0.37,
    "Triggers": [],
    "Execution Time": 98.113
  }
]