[
  {
    "Plan": {
      "Node Type": "Aggregate",
      "Strategy": "Plain",
      "Partial Mode": "Finalize",
      "Parallel Aware": false,
      "Startup Cost": 44990.25,
      "Total Cost": 44990.26,
      "Plan Rows": 1,
      "Plan Width": 8,
      "Actual Startup Time": 57.951,
      "Actual Total Time": 64.911,
      "Actual Rows": 1,
      "Actual Loops": 1,
      "Plans": [
        {
          "Node Type": "Gather",
          "Parent Relationship": "Outer",
          "Parallel Aware": false,
          "Startup Cost": 44990.03,
          "Total Cost": 44990.24,
          "Plan Rows": 2,
          "Plan Width": 8,
          "Actual Startup Time": 57.81,
          "Actual Total Time": 64.903,
          "Actual Rows": 3,
          "Actual Loops": 1,
          "Workers Planned": 2,
          "Workers Launched": 2,
          "Single Copy": false,
          "Plans": [
            {
              "Node Type": "Aggregate",
              "Strategy": "Plain",
              "Partial Mode": "Partial",
              "Parent Relationship": "Outer",
              "Parallel Aware": false,
              "Startup Cost": 43990.03,
              "Total Cost": 43990.04,
              "Plan Rows": 1,
              "Plan Width": 8,
              "Actual Startup Time": 49.376,
              "Actual Total Time": 49.378,
              "Actual Rows": 1,
              "Actual Loops": 3,
              "Plans": [
                {
                  "Node Type": "Nested Loop",
                  "Parent Relationship": "Outer",
                  "Parallel Aware": false,
                  "Join Type": "Inner",
                  "Startup Cost": 189.07,
                  "Total Cost": 43985.06,
                  "Plan Rows": 1989,
                  "Plan Width": 0,
                  "Actual Startup Time": 2.744,
                  "Actual Total Time": 48.934,
                  "Actual Rows": 3433,
                  "Actual Loops": 3,
                  "Inner Unique": true,
                  "Plans": [
                    {
                      "Node Type": "Nested Loop",
                      "Parent Relationship": "Outer",
                      "Parallel Aware": false,
                      "Join Type": "Inner",
                      "Startup Cost": 188.64,
                      "Total Cost": 37483.3,
                      "Plan Rows": 11250,
                      "Plan Width": 8,
                      "Actual Startup Time": 2.581,
                      "Actual Total Time": 30.356,
                      "Actual Rows": 3433,
                      "Actual Loops": 3,
                      "Inner Unique": false,
                      "Plans": [
                        {
                          "Node Type": "Bitmap Heap Scan",
                          "Parent Relationship": "Outer",
                          "Parallel Aware": true,
                          "Relation Name": "movie_keyword",
                          "Alias": "mk",
                          "Startup Cost": 188.21,
                          "Total Cost": 17652.02,
                          "Plan Rows": 3644,
                          "Plan Width": 4,
                          "Actual Startup Time": 2.329,
                          "Actual Total Time": 11.235,
                          "Actual Rows": 2167,
                          "Actual Loops": 3,
                          "Recheck Cond": "(keyword_id = 355)",
                          "Rows Removed by Index Recheck": 0,
                          "Exact Heap Blocks": 2781,
                          "Lossy Heap Blocks": 0,
                          "Plans": [
                            {
                              "Node Type": "Bitmap Index Scan",
                              "Parent Relationship": "Outer",
                              "Parallel Aware": false,
                              "Index Name": "keyword_id_movie_keyword",
                              "Startup Cost": 0.0,
                              "Total Cost": 186.03,
                              "Plan Rows": 8746,
                              "Plan Width": 0,
                              "Actual Startup Time": 4.53,
                              "Actual Total Time": 4.53,
                              "Actual Rows": 6501,
                              "Actual Loops": 1,
                              "Index Cond": "(keyword_id = 355)"
                            }
                          ]
                        },
                        {
                          "Node Type": "Index Only Scan",
                          "Parent Relationship": "Inner",
                          "Parallel Aware": false,
                          "Scan Direction": "Forward",
                          "Index Name": "movie_id_movie_info_idx",
                          "Relation Name": "movie_info_idx",
                          "Alias": "mi_idx",
                          "Startup Cost": 0.43,
                          "Total Cost": 5.41,
                          "Plan Rows": 3,
                          "Plan Width": 4,
                          "Actual Startup Time": 0.008,
                          "Actual Total Time": 0.008,
                          "Actual Rows": 2,
                          "Actual Loops": 6501,
                          "Index Cond": "(movie_id = mk.movie_id)",
                          "Rows Removed by Index Recheck": 0,
                          "Heap Fetches": 10300
                        }
                      ]
                    },
                    {
                      "Node Type": "Index Only Scan",
                      "Parent Relationship": "Inner",
                      "Parallel Aware": false,
                      "Scan Direction": "Forward",
                      "Index Name": "title_pkey",
                      "Relation Name": "title",
                      "Alias": "t",
                      "Startup Cost": 0.43,
                      "Total Cost": 0.58,
                      "Plan Rows": 1,
                      "Plan Width": 4,
                      "Actual Startup Time": 0.005,
                      "Actual Total Time": 0.005,
                      "Actual Rows": 1,
                      "Actual Loops": 10300,
                      "Index Cond": "(id = mi_idx.movie_id)",
                      "Rows Removed by Index Recheck": 0,
                      "Heap Fetches": 10300
                    }
                  ]
                }
              ]
            }
          ]
        }
      ]
    },
    "Planning Time": 1.329,
    "Triggers": [],
    "Execution Time": 65.015
  }
]