[
  {
    "Plan": {
      "Node Type": "Aggregate",
      "Strategy": "Plain",
      "Partial Mode": "Finalize",
      "Parallel Aware": false,
      "Startup Cost": 346280.33,
      "Total Cost": 346280.34,
      "Plan Rows": 1,
      "Plan Width": 8,
      "Actual Startup Time": 702.082,
      "Actual Total Time": 748.783,
      "Actual Rows": 1,
      "Actual Loops": 1,
      "Plans": [
        {
          "Node Type": "Gather",
          "Parent Relationship": "Outer",
          "Parallel Aware": false,
          "Startup Cost": 346279.7,
          "Total Cost": 346280.31,
          "Plan Rows": 6,
          "Plan Width": 8,
          "Actual Startup Time": 701.899,
          "Actual Total Time": 748.769,
          "Actual Rows": 7,
          "Actual Loops": 1,
          "Workers Planned": 6,
          "Workers Launched": 6,
          "Single Copy": false,
          "Plans": [
            {
              "Node Type": "Aggregate",
              "Strategy": "Plain",
              "Partial Mode": "Partial",
              "Parent Relationship": "Outer",
              "Parallel Aware": false,
              "Startup Cost": 345279.7,
              "Total Cost": 345279.71,
              "Plan Rows": 1,
              "Plan Width": 8,
              "Actual Startup Time": 694.908,
              "Actual Total Time": 694.909,
              "Actual Rows": 1,
              "Actual Loops": 7,
              "Plans": [
                {
                  "Node Type": "Seq Scan",
                  "Parent Relationship": "Outer",
                  "Parallel Aware": true,
                  "Relation Name": "cast_info",
                  "Alias": "ci",
                  "Startup Cost": 0.0,
                  "Total Cost": 343316.27,
                  "Plan Rows": 785373,
                  "Plan Width": 0,
                  "Actual Startup Time": 397.214,
                  "Actual Total Time": 644.18,
                  "Actual Rows": 1023619,
                  "Actual Loops": 7,
                  "Filter": "((person_id > 2951232) AND (role_id > 1))",
                  "Rows Removed by Filter": 4154144
                }
              ]
            }
          ]
        }
      ]
    },
    "Planning Time": 0.084,
    "Triggers": [],
    "Execution Time": 748.822
  }
]