[
  {
    "Plan": {
      "Node Type": "Aggregate",
      "Strategy": "Plain",
      "Partial Mode": "Finalize",
      "Parallel Aware": false,
      "Startup Cost": 107837.55,
      "Total Cost": 107837.56,
      "Plan Rows": 1,
      "Plan Width": 8,
      "Actual Startup Time": 393.426,
      "Actual Total Time": 412.636,
      "Actual Rows": 1,
      "Actual Loops": 1,
      "Plans": [
        {
          "Node Type": "Gather",
          "Parent Relationship": "Outer",
          "Parallel Aware": false,
          "Startup Cost": 107837.34,
          "Total Cost": 107837.55,
          "Plan Rows": 2,
          "Plan Width": 8,
          "Actual Startup Time": 392.029,
          "Actual Total Time": 412.623,
          "Actual Rows": 3,
          "Actual Loops": 1,
          "Workers Planned": 2,
          "Workers Launched": 2,
          "Single Copy": false,
          "Plans": [
            {
              "Node Type": "Aggregate",
              "Strategy": "Plain",
              "Partial Mode": "Partial",
              "Parent Relationship": "Outer",
              "Parallel Aware": false,
              "Startup Cost": 106837.34,
              "Total Cost": 106837.35,
              "Plan Rows": 1,
              "Plan Width": 8,
              "Actual Startup Time": 383.646,
              "Actual Total Time": 383.743,
              "Actual Rows": 1,
              "Actual Loops": 3,
              "Plans": [
                {
                  "Node Type": "Hash Join",
                  "Parent Relationship": "Outer",
                  "Parallel Aware": true,
                  "Join Type": "Inner",
                  "Startup Cost": 90808.59,
                  "Total Cost": 106755.56,
                  "Plan Rows": 32712,
                  "Plan Width": 0,
                  "Actual Startup Time": 314.879,
                  "Actual Total Time": 383.019,
                  "Actual Rows": 18252,
                  "Actual Loops": 3,
                  "Inner Unique": false,
                  "Hash Cond": "(mi_idx.movie_id = t.id)",
                  "Plans": [
                    {
                      "Node Type": "Seq Scan",
                      "Parent Relationship": "Outer",
                      "Parallel Aware": true,
                      "Relation Name": "movie_info_idx",
                      "Alias": "mi_idx",
                      "Startup Cost": 0.0,
                      "Total Cost": 13685.15,
                      "Plan Rows": 575015,
                      "Plan Width": 4,
                      "Actual Startup Time": 0.03,
                      "Actual Total Time": 35.311,
                      "Actual Rows": 460012,
                      "Actual Loops": 3
                    },
                    {
                      "Node Type": "Hash",
                      "Parent Relationship": "Inner",
                      "Parallel Aware": true,
                      "Startup Cost": 90228.62,
                      "Total Cost": 90228.62,
                      "Plan Rows": 46397,
                      "Plan Width": 8,
                      "Actual Startup Time": 308.434,
                      "Actual Total Time": 308.528,
                      "Actual Rows": 11777,
                      "Actual Loops": 3,
                      "Hash Buckets": 262144,
                      "Original Hash Buckets": 262144,
                      "Hash Batches": 1,
                      "Original Hash Batches": 1,
                      "Peak Memory Usage": 3488,
                      "Plans": [
                        {
                          "Node Type": "Hash Join",
                          "Parent Relationship": "Outer",
                          "Parallel Aware": true,
                          "Join Type": "Inner",
                          "Startup Cost": 46809.89,
                          "Total Cost": 90228.62,
                          "Plan Rows": 46397,
                          "Plan Width": 8,
                          "Actual Startup Time": 162.523,
                          "Actual Total Time": 305.474,
                          "Actual Rows": 11777,
                          "Actual Loops": 3,
                          "Inner Unique": true,
                          "Hash Cond": "(mk.movie_id = t.id)",
                          "Plans": [
                            {
                              "Node Type": "Seq Scan",
                              "Parent Relationship": "Outer",
                              "Parallel Aware": true,
                              "Relation Name": "movie_keyword",
                              "Alias": "mk",
                              "Startup Cost": 0.0,
                              "Total Cost": 42695.65,
                              "Plan Rows": 275461,
                              "Plan Width": 4,
                              "Actual Startup Time": 2.071,
                              "Actual Total Time": 110.911,
                              "Actual Rows": 282231,
                              "Actual Loops": 3,
                              "Filter": "(keyword_id > 21694)",
                              "Rows Removed by Filter": 1225745
                            },
                            {
                              "Node Type": "Hash",
                              "Parent Relationship": "Inner",
                              "Parallel Aware": true,
                              "Startup Cost": 45479.1,
                              "Total Cost": 45479.1,
                              "Plan Rows": 106463,
                              "Plan Width": 4,
                              "Actual Startup Time": 157.7,
                              "Actual Total Time": 157.702,
                              "Actual Rows": 105056,
                              "Actual Loops": 3,
                              "Hash Buckets": 524288,
                              "Original Hash Buckets": 524288,
                              "Hash Batches": 1,
                              "Original Hash Batches": 1,
                              "Peak Memory Usage": 16480,
                              "Plans": [
                                {
                                  "Node Type": "Seq Scan",
                                  "Parent Relationship": "Outer",
                                  "Parallel Aware": true,
                                  "Relation Name": "title",
                                  "Alias": "t",
                                  "Startup Cost": 0.0,
                                  "Total Cost": 45479.1,
                                  "Plan Rows": 106463,
                                  "Plan Width": 4,
                                  "Actual Startup Time": 0.042,
                                  "Actual Total Time": 121.385,
                                  "Actual Rows": 105056,
                                  "Actual Loops": 3,
                                  "Filter": "((production_year < 1991) AND (kind_id = 7))",
                                  "Rows Removed by Filter": 737715
                                }
                              ]
                            }
                          ]
                        }
                      ]
                    }
                  ]
                }
              ]
            }
          ]
        }
      ]
    },
    "Planning Time": 1.338,
    "Triggers": [],
    "Execution Time": 412.716
  }
]