[
  {
    "Plan": {
      "Node Type": "Aggregate",
      "Strategy": "Plain",
      "Partial Mode": "Finalize",
      "Parallel Aware": false,
      "Startup Cost": 80003.11,
      "Total Cost": 80003.12,
      "Plan Rows": 1,
      "Plan Width": 8,
      "Actual Startup Time": 512.247,
      "Actual Total Time": 529.323,
      "Actual Rows": 1,
      "Actual Loops": 1,
      "Plans": [
        {
          "Node Type": "Gather",
          "Parent Relationship": "Outer",
          "Parallel Aware": false,
          "Startup Cost": 80002.79,
          "Total Cost": 80003.1,
          "Plan Rows": 3,
          "Plan Width": 8,
          "Actual Startup Time": 501.373,
          "Actual Total Time": 529.31,
          "Actual Rows": 4,
          "Actual Loops": 1,
          "Workers Planned": 3,
          "Workers Launched": 3,
          "Single Copy": false,
          "Plans": [
            {
              "Node Type": "Aggregate",
              "Strategy": "Plain",
              "Partial Mode": "Partial",
              "Parent Relationship": "Outer",
              "Parallel Aware": false,
              "Startup Cost": 79002.79,
              "Total Cost": 79002.8,
              "Plan Rows": 1,
              "Plan Width": 8,
              "Actual Startup Time": 482.993,
              "Actual Total Time": 482.997,
              "Actual Rows": 1,
              "Actual Loops": 4,
              "Plans": [
                {
                  "Node Type": "Hash Join",
                  "Parent Relationship": "Outer",
                  "Parallel Aware": true,
                  "Join Type": "Inner",
                  "Startup Cost": 58137.71,
                  "Total Cost": 78857.9,
                  "Plan Rows": 57957,
                  "Plan Width": 0,
                  "Actual Startup Time": 397.943,
                  "Actual Total Time": 479.349,
                  "Actual Rows": 69902,
                  "Actual Loops": 4,
                  "Inner Unique": true,
                  "Hash Cond": "(mc.movie_id = t.id)",
                  "Plans": [
                    {
                      "Node Type": "Bitmap Heap Scan",
                      "Parent Relationship": "Outer",
                      "Parallel Aware": true,
                      "Relation Name": "movie_companies",
                      "Alias": "mc",
                      "Startup Cost": 7917.33,
                      "Total Cost": 28485.38,
                      "Plan Rows": 57957,
                      "Plan Width": 4,
                      "Actual Startup Time": 24.581,
                      "Actual Total Time": 63.668,
                      "Actual Rows": 69902,
                      "Actual Loops": 4,
                      "Recheck Cond": "(company_id < 184)",
                      "Rows Removed by Index Recheck": 0,
                      "Filter": "(company_type_id < 2)",
                      "Rows Removed by Filter": 20555,
                      "Exact Heap Blocks": 6854,
                      "Lossy Heap Blocks": 0,
                      "Plans": [
                        {
                          "Node Type": "Bitmap Index Scan",
                          "Parent Relationship": "Outer",
                          "Parallel Aware": false,
                          "Index Name": "company_id_movie_companies",
                          "Startup Cost": 0.0,
                          "Total Cost": 7872.41,
                          "Plan Rows": 367464,
                          "Plan Width": 0,
                          "Actual Startup Time": 21.9,
                          "Actual Total Time": 21.901,
                          "Actual Rows": 361826,
                          "Actual Loops": 1,
                          "Index Cond": "(company_id < 184)"
                        }
                      ]
                    },
                    {
                      "Node Type": "Hash",
                      "Parent Relationship": "Inner",
                      "Parallel Aware": true,
                      "Startup Cost": 42319.06,
                      "Total Cost": 42319.06,
                      "Plan Rows": 632106,
                      "Plan Width": 4,
                      "Actual Startup Time": 362.238,
                      "Actual Total Time": 362.239,
                      "Actual Rows": 632078,
                      "Actual Loops": 4,
                      "Hash Buckets": 4194304,
                      "Original Hash Buckets": 4194304,
                      "Hash Batches": 1,
                      "Original Hash Batches": 1,
                      "Peak Memory Usage": 131744,
                      "Plans": [
                        {
                          "Node Type": "Seq Scan",
                          "Parent Relationship": "Outer",
                          "Parallel Aware": true,
                          "Relation Name": "title",
                          "Alias": "t",
                          "Startup Cost": 0.0,
                          "Total Cost": 42319.06,
                          "Plan Rows": 632106,
                          "Plan Width": 4,
                          "Actual Startup Time": 0.048,
                          "Actual Total Time": 108.199,
                          "Actual Rows": 632078,
                          "Actual Loops": 4
                        }
                      ]
                    }
                  ]
                }
              ]
            }
          ]
        }
      ]
    },
    "Planning Time": 0.579,
    "Triggers": [],
    "Execution Time": 529.434
  }
]