[
  {
    "Plan": {
      "Node Type": "Aggregate",
      "Strategy": "Plain",
      "Partial Mode": "Finalize",
      "Parallel Aware": false,
      "Startup Cost": 343370.31,
      "Total Cost": 343370.32,
      "Plan Rows": 1,
      "Plan Width": 8,
      "Actual Startup Time": 832.611,
      "Actual Total Time": 890.636,
      "Actual Rows": 1,
      "Actual Loops": 1,
      "Plans": [
        {
          "Node Type": "Gather",
          "Parent Relationship": "Outer",
          "Parallel Aware": false,
          "Startup Cost": 343369.68,
          "Total Cost": 343370.29,
          "Plan Rows": 6,
          "Plan Width": 8,
          "Actual Startup Time": 832.49,
          "Actual Total Time": 890.626,
          "Actual Rows": 7,
          "Actual Loops": 1,
          "Workers Planned": 6,
          "Workers Launched": 6,
          "Single Copy": false,
          "Plans": [
            {
              "Node Type": "Aggregate",
              "Strategy": "Plain",
              "Partial Mode": "Partial",
              "Parent Relationship": "Outer",
              "Parallel Aware": false,
              "Startup Cost": 342369.68,
              "Total Cost": 342369.69,
              "Plan Rows": 1,
              "Plan Width": 8,
              "Actual Startup Time": 824.842,
              "Actual Total Time": 824.843,
              "Actual Rows": 1,
              "Actual Loops": 7,
              "Plans": [
                {
                  "Node Type": "Seq Scan",
                  "Parent Relationship": "Outer",
                  "Parallel Aware": true,
                  "Relation Name": "cast_info",
                  "Alias": "ci",
                  "Startup Cost": 0.0,
                  "Total Cost": 328162.03,
                  "Plan Rows": 5683063,
                  "Plan Width": 0,
                  "Actual Startup Time": 30.955,
                  "Actual Total Time": 626.757,
                  "Actual Rows": 4874220,
                  "Actual Loops": 7,
                  "Filter": "(person_id > 208485)",
                  "Rows Removed by Filter": 303543
                }
              ]
            }
          ]
        }
      ]
    },
    "Planning Time": 0.192,
    "Triggers": [],
    "Execution Time": 890.709
  }
]