[
    {
        "Bao": {
            "Bao prediction": 429.372,
            "Bao recommended hint": "SET enable_mergejoin TO off; "
        }
    },
    {
        "Plan": {
            "Node Type": "Aggregate",
            "Strategy": "Plain",
            "Partial Mode": "Simple",
            "Parallel Aware": false,
            "Startup Cost": 8832.43,
            "Total Cost": 8832.44,
            "Plan Rows": 1,
            "Plan Width": 8,
            "Actual Startup Time": 3.067,
            "Actual Total Time": 3.069,
            "Actual Rows": 1,
            "Actual Loops": 1,
            "Output": [
                "count(*)"
            ],
            "Plans": [
                {
                    "Node Type": "Index Scan",
                    "Parent Relationship": "Outer",
                    "Parallel Aware": false,
                    "Scan Direction": "Forward",
                    "Index Name": "company_id_movie_companies",
                    "Relation Name": "movie_companies",
                    "Schema": "public",
                    "Alias": "mc",
                    "Startup Cost": 0.43,
                    "Total Cost": 8827.77,
                    "Plan Rows": 1862,
                    "Plan Width": 0,
                    "Actual Startup Time": 2.123,
                    "Actual Total Time": 2.929,
                    "Actual Rows": 738,
                    "Actual Loops": 1,
                    "Output": [
                        "id",
                        "movie_id",
                        "company_id",
                        "company_type_id",
                        "note"
                    ],
                    "Index Cond": "(mc.company_id = 137)",
                    "Rows Removed by Index Recheck": 0,
                    "Filter": "(mc.company_type_id = 2)",
                    "Rows Removed by Filter": 2434
                }
            ]
        },
        "Planning Time": 547.938,
        "Triggers": [],
        "Execution Time": 3.145
    }
]