{
  "Plan": {
    "Node Type": "Aggregate",
    "Strategy": "Plain",
    "Partial Mode": "Finalize",
    "Parallel Aware": false,
    "Startup Cost": 176904.72,
    "Total Cost": 176904.73,
    "Plan Rows": 1,
    "Plan Width": 8,
    "Actual Startup Time": 292.912,
    "Actual Total Time": 305.184,
    "Actual Rows": 1,
    "Actual Loops": 1,
    "Plans": [
      {
        "Node Type": "Gather",
        "Parent Relationship": "Outer",
        "Parallel Aware": false,
        "Startup Cost": 176904.61,
        "Total Cost": 176904.72,
        "Plan Rows": 1,
        "Plan Width": 8,
        "Actual Startup Time": 291.029,
        "Actual Total Time": 305.169,
        "Actual Rows": 2,
        "Actual Loops": 1,
        "Workers Planned": 1,
        "Workers Launched": 1,
        "Single Copy": false,
        "Plans": [
          {
            "Node Type": "Aggregate",
            "Strategy": "Plain",
            "Partial Mode": "Partial",
            "Parent Relationship": "Outer",
            "Parallel Aware": false,
            "Startup Cost": 175904.61,
            "Total Cost": 175904.62,
            "Plan Rows": 1,
            "Plan Width": 8,
            "Actual Startup Time": 284.817,
            "Actual Total Time": 284.825,
            "Actual Rows": 1,
            "Actual Loops": 2,
            "Plans": [
              {
                "Node Type": "Nested Loop",
                "Parent Relationship": "Outer",
                "Parallel Aware": false,
                "Join Type": "Inner",
                "Startup Cost": 63987.65,
                "Total Cost": 175887.67,
                "Plan Rows": 6774,
                "Plan Width": 0,
                "Actual Startup Time": 271.885,
                "Actual Total Time": 284.814,
                "Actual Rows": 18,
                "Actual Loops": 2,
                "Inner Unique": false,
                "Plans": [
                  {
                    "Node Type": "Hash Join",
                    "Parent Relationship": "Outer",
                    "Parallel Aware": true,
                    "Join Type": "Inner",
                    "Startup Cost": 63987.22,
                    "Total Cost": 170211.22,
                    "Plan Rows": 7526,
                    "Plan Width": 8,
                    "Actual Startup Time": 271.821,
                    "Actual Total Time": 284.638,
                    "Actual Rows": 4,
                    "Actual Loops": 2,
                    "Inner Unique": true,
                    "Hash Cond": "(mi.movie_id = t.id)",
                    "Plans": [
                      {
                        "Node Type": "Bitmap Heap Scan",
                        "Parent Relationship": "Outer",
                        "Parallel Aware": true,
                        "Relation Name": "movie_info",
                        "Alias": "mi",
                        "Startup Cost": 902.17,
                        "Total Cost": 107049.31,
                        "Plan Rows": 29278,
                        "Plan Width": 4,
                        "Actual Startup Time": 4.437,
                        "Actual Total Time": 14.771,
                        "Actual Rows": 25134,
                        "Actual Loops": 2,
                        "Recheck Cond": "(info_type_id > 107)",
                        "Rows Removed by Index Recheck": 0,
                        "Exact Heap Blocks": 2628,
                        "Lossy Heap Blocks": 0,
                        "Plans": [
                          {
                            "Node Type": "Bitmap Index Scan",
                            "Parent Relationship": "Outer",
                            "Parallel Aware": false,
                            "Index Name": "info_type_id_movie_info",
                            "Startup Cost": 0.0,
                            "Total Cost": 889.72,
                            "Plan Rows": 49772,
                            "Plan Width": 0,
                            "Actual Startup Time": 3.674,
                            "Actual Total Time": 3.675,
                            "Actual Rows": 50267,
                            "Actual Loops": 1,
                            "Index Cond": "(info_type_id > 107)"
                          }
                        ]
                      },
                      {
                        "Node Type": "Hash",
                        "Parent Relationship": "Inner",
                        "Parallel Aware": true,
                        "Startup Cost": 58306.47,
                        "Total Cost": 58306.47,
                        "Plan Rows": 382287,
                        "Plan Width": 4,
                        "Actual Startup Time": 254.211,
                        "Actual Total Time": 254.212,
                        "Actual Rows": 278398,
                        "Actual Loops": 2,
                        "Hash Buckets": 1048576,
                        "Original Hash Buckets": 1048576,
                        "Hash Batches": 1,
                        "Original Hash Batches": 1,
                        "Peak Memory Usage": 30016,
                        "Plans": [
                          {
                            "Node Type": "Seq Scan",
                            "Parent Relationship": "Outer",
                            "Parallel Aware": true,
                            "Relation Name": "title",
                            "Alias": "t",
                            "Startup Cost": 0.0,
                            "Total Cost": 58306.47,
                            "Plan Rows": 382287,
                            "Plan Width": 4,
                            "Actual Startup Time": 0.031,
                            "Actual Total Time": 162.271,
                            "Actual Rows": 278398,
                            "Actual Loops": 2,
                            "Filter": "((production_year < 2001) AND (kind_id = 7))",
                            "Rows Removed by Filter": 985758
                          }
                        ]
                      }
                    ]
                  },
                  {
                    "Node Type": "Index Scan",
                    "Parent Relationship": "Inner",
                    "Parallel Aware": false,
                    "Scan Direction": "Forward",
                    "Index Name": "movie_id_movie_companies",
                    "Relation Name": "movie_companies",
                    "Alias": "mc",
                    "Startup Cost": 0.43,
                    "Total Cost": 0.7,
                    "Plan Rows": 5,
                    "Plan Width": 4,
                    "Actual Startup Time": 0.036,
                    "Actual Total Time": 0.045,
                    "Actual Rows": 5,
                    "Actual Loops": 7,
                    "Index Cond": "(movie_id = t.id)",
                    "Rows Removed by Index Recheck": 0,
                    "Filter": "(company_id > 160)",
                    "Rows Removed by Filter": 1
                  }
                ]
              }
            ]
          }
        ]
      }
    ]
  },
  "Planning Time": 1.141,
  "Triggers": [],
  "Execution Time": 305.319
}