[
  {
    "Plan": {
      "Node Type": "Aggregate",
      "Strategy": "Plain",
      "Partial Mode": "Finalize",
      "Parallel Aware": false,
      "Startup Cost": 168748.93,
      "Total Cost": 168748.94,
      "Plan Rows": 1,
      "Plan Width": 8,
      "Actual Startup Time": 1189.395,
      "Actual Total Time": 1231.748,
      "Actual Rows": 1,
      "Actual Loops": 1,
      "Plans": [
        {
          "Node Type": "Gather",
          "Parent Relationship": "Outer",
          "Parallel Aware": false,
          "Startup Cost": 168748.61,
          "Total Cost": 168748.92,
          "Plan Rows": 3,
          "Plan Width": 8,
          "Actual Startup Time": 1180.615,
          "Actual Total Time": 1231.738,
          "Actual Rows": 4,
          "Actual Loops": 1,
          "Workers Planned": 3,
          "Workers Launched": 3,
          "Single Copy": false,
          "Plans": [
            {
              "Node Type": "Aggregate",
              "Strategy": "Plain",
              "Partial Mode": "Partial",
              "Parent Relationship": "Outer",
              "Parallel Aware": false,
              "Startup Cost": 167748.61,
              "Total Cost": 167748.62,
              "Plan Rows": 1,
              "Plan Width": 8,
              "Actual Startup Time": 1162.271,
              "Actual Total Time": 1162.275,
              "Actual Rows": 1,
              "Actual Loops": 4,
              "Plans": [
                {
                  "Node Type": "Nested Loop",
                  "Parent Relationship": "Outer",
                  "Parallel Aware": false,
                  "Join Type": "Inner",
                  "Startup Cost": 53660.11,
                  "Total Cost": 167594.49,
                  "Plan Rows": 61648,
                  "Plan Width": 0,
                  "Actual Startup Time": 368.658,
                  "Actual Total Time": 1143.652,
                  "Actual Rows": 415550,
                  "Actual Loops": 4,
                  "Inner Unique": false,
                  "Plans": [
                    {
                      "Node Type": "Hash Join",
                      "Parent Relationship": "Outer",
                      "Parallel Aware": true,
                      "Join Type": "Inner",
                      "Startup Cost": 53659.68,
                      "Total Cost": 78904.14,
                      "Plan Rows": 52262,
                      "Plan Width": 8,
                      "Actual Startup Time": 368.497,
                      "Actual Total Time": 418.462,
                      "Actual Rows": 38822,
                      "Actual Loops": 4,
                      "Inner Unique": true,
                      "Hash Cond": "(mk.movie_id = t.id)",
                      "Plans": [
                        {
                          "Node Type": "Bitmap Heap Scan",
                          "Parent Relationship": "Outer",
                          "Parallel Aware": true,
                          "Relation Name": "movie_keyword",
                          "Alias": "mk",
                          "Startup Cost": 3440.03,
                          "Total Cost": 28547.31,
                          "Plan Rows": 52262,
                          "Plan Width": 4,
                          "Actual Startup Time": 14.207,
                          "Actual Total Time": 42.744,
                          "Actual Rows": 38822,
                          "Actual Loops": 4,
                          "Recheck Cond": "(keyword_id > 73287)",
                          "Rows Removed by Index Recheck": 0,
                          "Exact Heap Blocks": 5633,
                          "Lossy Heap Blocks": 0,
                          "Plans": [
                            {
                              "Node Type": "Bitmap Index Scan",
                              "Parent Relationship": "Outer",
                              "Parallel Aware": false,
                              "Index Name": "keyword_id_movie_keyword",
                              "Startup Cost": 0.0,
                              "Total Cost": 3399.53,
                              "Plan Rows": 162013,
                              "Plan Width": 0,
                              "Actual Startup Time": 11.325,
                              "Actual Total Time": 11.325,
                              "Actual Rows": 155289,
                              "Actual Loops": 1,
                              "Index Cond": "(keyword_id > 73287)"
                            }
                          ]
                        },
                        {
                          "Node Type": "Hash",
                          "Parent Relationship": "Inner",
                          "Parallel Aware": true,
                          "Startup Cost": 42318.73,
                          "Total Cost": 42318.73,
                          "Plan Rows": 632073,
                          "Plan Width": 4,
                          "Actual Startup Time": 343.263,
                          "Actual Total Time": 343.263,
                          "Actual Rows": 632078,
                          "Actual Loops": 4,
                          "Hash Buckets": 4194304,
                          "Original Hash Buckets": 4194304,
                          "Hash Batches": 1,
                          "Original Hash Batches": 1,
                          "Peak Memory Usage": 131744,
                          "Plans": [
                            {
                              "Node Type": "Seq Scan",
                              "Parent Relationship": "Outer",
                              "Parallel Aware": true,
                              "Relation Name": "title",
                              "Alias": "t",
                              "Startup Cost": 0.0,
                              "Total Cost": 42318.73,
                              "Plan Rows": 632073,
                              "Plan Width": 4,
                              "Actual Startup Time": 0.038,
                              "Actual Total Time": 96.981,
                              "Actual Rows": 632078,
                              "Actual Loops": 4
                            }
                          ]
                        }
                      ]
                    },
                    {
                      "Node Type": "Index Scan",
                      "Parent Relationship": "Inner",
                      "Parallel Aware": false,
                      "Scan Direction": "Forward",
                      "Index Name": "movie_id_movie_info",
                      "Relation Name": "movie_info",
                      "Alias": "mi",
                      "Startup Cost": 0.43,
                      "Total Cost": 1.62,
                      "Plan Rows": 8,
                      "Plan Width": 4,
                      "Actual Startup Time": 0.007,
                      "Actual Total Time": 0.018,
                      "Actual Rows": 11,
                      "Actual Loops": 155289,
                      "Index Cond": "(movie_id = t.id)",
                      "Rows Removed by Index Recheck": 0,
                      "Filter": "(info_type_id = 16)",
                      "Rows Removed by Filter": 55
                    }
                  ]
                }
              ]
            }
          ]
        }
      ]
    },
    "Planning Time": 1.354,
    "Triggers": [],
    "Execution Time": 1231.858
  }
]