[
    {
        "Bao": {
            "Bao prediction": 641.178,
            "Bao recommended hint": "(no hint)"
        }
    },
    {
        "Plan": {
            "Node Type": "Aggregate",
            "Strategy": "Plain",
            "Partial Mode": "Finalize",
            "Parallel Aware": false,
            "Startup Cost": 24564.59,
            "Total Cost": 24564.6,
            "Plan Rows": 1,
            "Plan Width": 8,
            "Actual Startup Time": 60.377,
            "Actual Total Time": 64.075,
            "Actual Rows": 1,
            "Actual Loops": 1,
            "Output": [
                "count(*)"
            ],
            "Plans": [
                {
                    "Node Type": "Gather",
                    "Parent Relationship": "Outer",
                    "Parallel Aware": false,
                    "Startup Cost": 24564.27,
                    "Total Cost": 24564.58,
                    "Plan Rows": 3,
                    "Plan Width": 8,
                    "Actual Startup Time": 60.214,
                    "Actual Total Time": 64.067,
                    "Actual Rows": 4,
                    "Actual Loops": 1,
                    "Output": [
                        "(PARTIAL count(*))"
                    ],
                    "Workers Planned": 3,
                    "Workers Launched": 3,
                    "Single Copy": false,
                    "Plans": [
                        {
                            "Node Type": "Aggregate",
                            "Strategy": "Plain",
                            "Partial Mode": "Partial",
                            "Parent Relationship": "Outer",
                            "Parallel Aware": false,
                            "Startup Cost": 23564.27,
                            "Total Cost": 23564.28,
                            "Plan Rows": 1,
                            "Plan Width": 8,
                            "Actual Startup Time": 52.07,
                            "Actual Total Time": 52.071,
                            "Actual Rows": 1,
                            "Actual Loops": 4,
                            "Output": [
                                "PARTIAL count(*)"
                            ],
                            "Workers": [
                                {
                                    "Worker Number": 0,
                                    "Actual Startup Time": 49.156,
                                    "Actual Total Time": 49.157,
                                    "Actual Rows": 1,
                                    "Actual Loops": 1
                                },
                                {
                                    "Worker Number": 1,
                                    "Actual Startup Time": 49.583,
                                    "Actual Total Time": 49.584,
                                    "Actual Rows": 1,
                                    "Actual Loops": 1
                                },
                                {
                                    "Worker Number": 2,
                                    "Actual Startup Time": 49.9,
                                    "Actual Total Time": 49.901,
                                    "Actual Rows": 1,
                                    "Actual Loops": 1
                                }
                            ],
                            "Plans": [
                                {
                                    "Node Type": "Bitmap Heap Scan",
                                    "Parent Relationship": "Outer",
                                    "Parallel Aware": true,
                                    "Relation Name": "movie_companies",
                                    "Schema": "public",
                                    "Alias": "mc",
                                    "Startup Cost": 3839.11,
                                    "Total Cost": 23491.03,
                                    "Plan Rows": 29296,
                                    "Plan Width": 0,
                                    "Actual Startup Time": 16.95,
                                    "Actual Total Time": 47.578,
                                    "Actual Rows": 45294,
                                    "Actual Loops": 4,
                                    "Recheck Cond": "(mc.company_id > 119880)",
                                    "Rows Removed by Index Recheck": 0,
                                    "Filter": "(mc.company_type_id > 1)",
                                    "Rows Removed by Filter": 0,
                                    "Exact Heap Blocks": 2074,
                                    "Lossy Heap Blocks": 0,
                                    "Workers": [
                                        {
                                            "Worker Number": 0,
                                            "Actual Startup Time": 14.259,
                                            "Actual Total Time": 45.234,
                                            "Actual Rows": 28139,
                                            "Actual Loops": 1
                                        },
                                        {
                                            "Worker Number": 1,
                                            "Actual Startup Time": 14.474,
                                            "Actual Total Time": 45.572,
                                            "Actual Rows": 32403,
                                            "Actual Loops": 1
                                        },
                                        {
                                            "Worker Number": 2,
                                            "Actual Startup Time": 14.781,
                                            "Actual Total Time": 45.903,
                                            "Actual Rows": 32068,
                                            "Actual Loops": 1
                                        }
                                    ],
                                    "Plans": [
                                        {
                                            "Node Type": "Bitmap Index Scan",
                                            "Parent Relationship": "Outer",
                                            "Parallel Aware": false,
                                            "Index Name": "company_id_movie_companies",
                                            "Startup Cost": 0.0,
                                            "Total Cost": 3816.4,
                                            "Plan Rows": 178130,
                                            "Plan Width": 0,
                                            "Actual Startup Time": 23.103,
                                            "Actual Total Time": 23.103,
                                            "Actual Rows": 181176,
                                            "Actual Loops": 1,
                                            "Index Cond": "(mc.company_id > 119880)"
                                        }
                                    ]
                                }
                            ]
                        }
                    ]
                }
            ]
        },
        "Planning Time": 582.641,
        "Triggers": [],
        "Execution Time": 64.179
    }
]