[
  {
    "Plan": {
      "Node Type": "Aggregate",
      "Strategy": "Plain",
      "Partial Mode": "Finalize",
      "Parallel Aware": false,
      "Startup Cost": 33441.62,
      "Total Cost": 33441.63,
      "Plan Rows": 1,
      "Plan Width": 8,
      "Actual Startup Time": 85.837,
      "Actual Total Time": 92.75,
      "Actual Rows": 1,
      "Actual Loops": 1,
      "Plans": [
        {
          "Node Type": "Gather",
          "Parent Relationship": "Outer",
          "Parallel Aware": false,
          "Startup Cost": 33441.31,
          "Total Cost": 33441.62,
          "Plan Rows": 3,
          "Plan Width": 8,
          "Actual Startup Time": 85.732,
          "Actual Total Time": 92.743,
          "Actual Rows": 4,
          "Actual Loops": 1,
          "Workers Planned": 3,
          "Workers Launched": 3,
          "Single Copy": false,
          "Plans": [
            {
              "Node Type": "Aggregate",
              "Strategy": "Plain",
              "Partial Mode": "Partial",
              "Parent Relationship": "Outer",
              "Parallel Aware": false,
              "Startup Cost": 32441.31,
              "Total Cost": 32441.32,
              "Plan Rows": 1,
              "Plan Width": 8,
              "Actual Startup Time": 82.382,
              "Actual Total Time": 82.383,
              "Actual Rows": 1,
              "Actual Loops": 4,
              "Plans": [
                {
                  "Node Type": "Seq Scan",
                  "Parent Relationship": "Outer",
                  "Parallel Aware": true,
                  "Relation Name": "movie_companies",
                  "Alias": "mc",
                  "Startup Cost": 0.0,
                  "Total Cost": 31414.82,
                  "Plan Rows": 410595,
                  "Plan Width": 0,
                  "Actual Startup Time": 34.732,
                  "Actual Total Time": 69.969,
                  "Actual Rows": 304629,
                  "Actual Loops": 4,
                  "Filter": "((company_id < 148357) AND (company_type_id > 1))",
                  "Rows Removed by Filter": 347653
                }
              ]
            }
          ]
        }
      ]
    },
    "Planning Time": 0.12,
    "Triggers": [],
    "Execution Time": 92.783
  }
]