[
  {
    "Plan": {
      "Node Type": "Aggregate",
      "Strategy": "Plain",
      "Partial Mode": "Finalize",
      "Parallel Aware": false,
      "Startup Cost": 329472.37,
      "Total Cost": 329472.38,
      "Plan Rows": 1,
      "Plan Width": 8,
      "Actual Startup Time": 589.899,
      "Actual Total Time": 624.466,
      "Actual Rows": 1,
      "Actual Loops": 1,
      "Plans": [
        {
          "Node Type": "Gather",
          "Parent Relationship": "Outer",
          "Parallel Aware": false,
          "Startup Cost": 329471.74,
          "Total Cost": 329472.35,
          "Plan Rows": 6,
          "Plan Width": 8,
          "Actual Startup Time": 589.703,
          "Actual Total Time": 624.452,
          "Actual Rows": 7,
          "Actual Loops": 1,
          "Workers Planned": 6,
          "Workers Launched": 6,
          "Single Copy": false,
          "Plans": [
            {
              "Node Type": "Aggregate",
              "Strategy": "Plain",
              "Partial Mode": "Partial",
              "Parent Relationship": "Outer",
              "Parallel Aware": false,
              "Startup Cost": 328471.74,
              "Total Cost": 328471.76,
              "Plan Rows": 1,
              "Plan Width": 8,
              "Actual Startup Time": 582.781,
              "Actual Total Time": 582.782,
              "Actual Rows": 1,
              "Actual Loops": 7,
              "Plans": [
                {
                  "Node Type": "Index Scan",
                  "Parent Relationship": "Outer",
                  "Parallel Aware": true,
                  "Scan Direction": "Forward",
                  "Index Name": "role_id_cast_info",
                  "Relation Name": "cast_info",
                  "Alias": "ci",
                  "Startup Cost": 0.56,
                  "Total Cost": 325153.08,
                  "Plan Rows": 1327465,
                  "Plan Width": 0,
                  "Actual Startup Time": 0.121,
                  "Actual Total Time": 494.902,
                  "Actual Rows": 1371223,
                  "Actual Loops": 7,
                  "Index Cond": "(role_id > 3)",
                  "Rows Removed by Index Recheck": 0,
                  "Filter": "(person_id > 1234325)",
                  "Rows Removed by Filter": 359298
                }
              ]
            }
          ]
        }
      ]
    },
    "Planning Time": 0.162,
    "Triggers": [],
    "Execution Time": 624.526
  }
]