[
  {
    "Plan": {
      "Node Type": "Aggregate",
      "Strategy": "Plain",
      "Partial Mode": "Finalize",
      "Parallel Aware": false,
      "Startup Cost": 80529.58,
      "Total Cost": 80529.59,
      "Plan Rows": 1,
      "Plan Width": 8,
      "Actual Startup Time": 237.491,
      "Actual Total Time": 247.336,
      "Actual Rows": 1,
      "Actual Loops": 1,
      "Plans": [
        {
          "Node Type": "Gather",
          "Parent Relationship": "Outer",
          "Parallel Aware": false,
          "Startup Cost": 80529.27,
          "Total Cost": 80529.58,
          "Plan Rows": 3,
          "Plan Width": 8,
          "Actual Startup Time": 231.464,
          "Actual Total Time": 247.328,
          "Actual Rows": 4,
          "Actual Loops": 1,
          "Workers Planned": 3,
          "Workers Launched": 3,
          "Single Copy": false,
          "Plans": [
            {
              "Node Type": "Aggregate",
              "Strategy": "Plain",
              "Partial Mode": "Partial",
              "Parent Relationship": "Outer",
              "Parallel Aware": false,
              "Startup Cost": 79529.27,
              "Total Cost": 79529.28,
              "Plan Rows": 1,
              "Plan Width": 8,
              "Actual Startup Time": 218.459,
              "Actual Total Time": 218.463,
              "Actual Rows": 1,
              "Actual Loops": 4,
              "Plans": [
                {
                  "Node Type": "Nested Loop",
                  "Parent Relationship": "Outer",
                  "Parallel Aware": false,
                  "Join Type": "Inner",
                  "Startup Cost": 21179.55,
                  "Total Cost": 79528.9,
                  "Plan Rows": 145,
                  "Plan Width": 0,
                  "Actual Startup Time": 187.563,
                  "Actual Total Time": 218.383,
                  "Actual Rows": 892,
                  "Actual Loops": 4,
                  "Inner Unique": true,
                  "Join Filter": "(mi.movie_id = t.id)",
                  "Rows Removed by Join Filter": 0,
                  "Plans": [
                    {
                      "Node Type": "Hash Join",
                      "Parent Relationship": "Outer",
                      "Parallel Aware": true,
                      "Join Type": "Inner",
                      "Startup Cost": 21179.12,
                      "Total Cost": 70072.19,
                      "Plan Rows": 15949,
                      "Plan Width": 8,
                      "Actual Startup Time": 161.417,
                      "Actual Total Time": 175.02,
                      "Actual Rows": 13732,
                      "Actual Loops": 4,
                      "Inner Unique": false,
                      "Hash Cond": "(mi.movie_id = mi_idx.movie_id)",
                      "Plans": [
                        {
                          "Node Type": "Bitmap Heap Scan",
                          "Parent Relationship": "Outer",
                          "Parallel Aware": true,
                          "Relation Name": "movie_info",
                          "Alias": "mi",
                          "Startup Cost": 306.29,
                          "Total Cost": 49112.64,
                          "Plan Rows": 5405,
                          "Plan Width": 4,
                          "Actual Startup Time": 2.216,
                          "Actual Total Time": 9.288,
                          "Actual Rows": 4554,
                          "Actual Loops": 4,
                          "Recheck Cond": "(info_type_id = 108)",
                          "Rows Removed by Index Recheck": 0,
                          "Exact Heap Blocks": 1641,
                          "Lossy Heap Blocks": 0,
                          "Plans": [
                            {
                              "Node Type": "Bitmap Index Scan",
                              "Parent Relationship": "Outer",
                              "Parallel Aware": false,
                              "Index Name": "info_type_id_movie_info",
                              "Startup Cost": 0.0,
                              "Total Cost": 302.1,
                              "Plan Rows": 16755,
                              "Plan Width": 0,
                              "Actual Startup Time": 1.577,
                              "Actual Total Time": 1.578,
                              "Actual Rows": 18214,
                              "Actual Loops": 1,
                              "Index Cond": "(info_type_id = 108)"
                            }
                          ]
                        },
                        {
                          "Node Type": "Hash",
                          "Parent Relationship": "Inner",
                          "Parallel Aware": true,
                          "Startup Cost": 13685.15,
                          "Total Cost": 13685.15,
                          "Plan Rows": 575015,
                          "Plan Width": 4,
                          "Actual Startup Time": 151.662,
                          "Actual Total Time": 151.663,
                          "Actual Rows": 345009,
                          "Actual Loops": 4,
                          "Hash Buckets": 2097152,
                          "Original Hash Buckets": 2097152,
                          "Hash Batches": 1,
                          "Original Hash Batches": 1,
                          "Peak Memory Usage": 70432,
                          "Plans": [
                            {
                              "Node Type": "Seq Scan",
                              "Parent Relationship": "Outer",
                              "Parallel Aware": true,
                              "Relation Name": "movie_info_idx",
                              "Alias": "mi_idx",
                              "Startup Cost": 0.0,
                              "Total Cost": 13685.15,
                              "Plan Rows": 575015,
                              "Plan Width": 4,
                              "Actual Startup Time": 0.062,
                              "Actual Total Time": 48.594,
                              "Actual Rows": 345009,
                              "Actual Loops": 4
                            }
                          ]
                        }
                      ]
                    },
                    {
                      "Node Type": "Index Scan",
                      "Parent Relationship": "Inner",
                      "Parallel Aware": false,
                      "Scan Direction": "Forward",
                      "Index Name": "title_pkey",
                      "Relation Name": "title",
                      "Alias": "t",
                      "Startup Cost": 0.43,
                      "Total Cost": 0.58,
                      "Plan Rows": 1,
                      "Plan Width": 4,
                      "Actual Startup Time": 0.003,
                      "Actual Total Time": 0.003,
                      "Actual Rows": 0,
                      "Actual Loops": 54926,
                      "Index Cond": "(id = mi_idx.movie_id)",
                      "Rows Removed by Index Recheck": 0,
                      "Filter": "(production_year = 2007)",
                      "Rows Removed by Filter": 1
                    }
                  ]
                }
              ]
            }
          ]
        }
      ]
    },
    "Planning Time": 1.454,
    "Triggers": [],
    "Execution Time": 247.444
  }
]