{
    "Plan": {
        "Node Type": "Aggregate",
        "Strategy": "Plain",
        "Partial Mode": "Finalize",
        "Parallel Aware": false,
        "Startup Cost": 346598.07,
        "Total Cost": 346598.08,
        "Plan Rows": 1,
        "Plan Width": 8,
        "Actual Startup Time": 859.32,
        "Actual Total Time": 926.558,
        "Actual Rows": 1,
        "Actual Loops": 1,
        "Output": [
            "count(*)"
        ],
        "Plans": [
            {
                "Node Type": "Gather",
                "Parent Relationship": "Outer",
                "Parallel Aware": false,
                "Startup Cost": 346597.45,
                "Total Cost": 346598.06,
                "Plan Rows": 6,
                "Plan Width": 8,
                "Actual Startup Time": 859.197,
                "Actual Total Time": 926.547,
                "Actual Rows": 7,
                "Actual Loops": 1,
                "Output": [
                    "(PARTIAL count(*))"
                ],
                "Workers Planned": 6,
                "Workers Launched": 6,
                "Single Copy": false,
                "Plans": [
                    {
                        "Node Type": "Aggregate",
                        "Strategy": "Plain",
                        "Partial Mode": "Partial",
                        "Parent Relationship": "Outer",
                        "Parallel Aware": false,
                        "Startup Cost": 345597.45,
                        "Total Cost": 345597.46,
                        "Plan Rows": 1,
                        "Plan Width": 8,
                        "Actual Startup Time": 849.94,
                        "Actual Total Time": 849.941,
                        "Actual Rows": 1,
                        "Actual Loops": 7,
                        "Output": [
                            "PARTIAL count(*)"
                        ],
                        "Workers": [
                            {
                                "Worker Number": 0,
                                "Actual Startup Time": 846.291,
                                "Actual Total Time": 846.292,
                                "Actual Rows": 1,
                                "Actual Loops": 1
                            },
                            {
                                "Worker Number": 1,
                                "Actual Startup Time": 846.789,
                                "Actual Total Time": 846.791,
                                "Actual Rows": 1,
                                "Actual Loops": 1
                            },
                            {
                                "Worker Number": 2,
                                "Actual Startup Time": 847.056,
                                "Actual Total Time": 847.058,
                                "Actual Rows": 1,
                                "Actual Loops": 1
                            },
                            {
                                "Worker Number": 3,
                                "Actual Startup Time": 851.05,
                                "Actual Total Time": 851.05,
                                "Actual Rows": 1,
                                "Actual Loops": 1
                            },
                            {
                                "Worker Number": 4,
                                "Actual Startup Time": 848.26,
                                "Actual Total Time": 848.261,
                                "Actual Rows": 1,
                                "Actual Loops": 1
                            },
                            {
                                "Worker Number": 5,
                                "Actual Startup Time": 851.726,
                                "Actual Total Time": 851.728,
                                "Actual Rows": 1,
                                "Actual Loops": 1
                            }
                        ],
                        "Plans": [
                            {
                                "Node Type": "Seq Scan",
                                "Parent Relationship": "Outer",
                                "Parallel Aware": true,
                                "Relation Name": "cast_info",
                                "Schema": "public",
                                "Alias": "ci",
                                "Startup Cost": 0.0,
                                "Total Cost": 343318.94,
                                "Plan Rows": 911403,
                                "Plan Width": 0,
                                "Actual Startup Time": 295.443,
                                "Actual Total Time": 827.94,
                                "Actual Rows": 342273,
                                "Actual Loops": 7,
                                "Output": [
                                    "id",
                                    "person_id",
                                    "movie_id",
                                    "person_role_id",
                                    "note",
                                    "nr_order",
                                    "role_id"
                                ],
                                "Filter": "((ci.person_id < 845392) AND (ci.role_id > 1))",
                                "Rows Removed by Filter": 4835490,
                                "Workers": [
                                    {
                                        "Worker Number": 0,
                                        "Actual Startup Time": 292.911,
                                        "Actual Total Time": 824.062,
                                        "Actual Rows": 346739,
                                        "Actual Loops": 1
                                    },
                                    {
                                        "Worker Number": 1,
                                        "Actual Startup Time": 291.737,
                                        "Actual Total Time": 825.281,
                                        "Actual Rows": 335360,
                                        "Actual Loops": 1
                                    },
                                    {
                                        "Worker Number": 2,
                                        "Actual Startup Time": 293.753,
                                        "Actual Total Time": 825.428,
                                        "Actual Rows": 336817,
                                        "Actual Loops": 1
                                    },
                                    {
                                        "Worker Number": 3,
                                        "Actual Startup Time": 295.828,
                                        "Actual Total Time": 829.038,
                                        "Actual Rows": 343517,
                                        "Actual Loops": 1
                                    },
                                    {
                                        "Worker Number": 4,
                                        "Actual Startup Time": 294.106,
                                        "Actual Total Time": 825.916,
                                        "Actual Rows": 347881,
                                        "Actual Loops": 1
                                    },
                                    {
                                        "Worker Number": 5,
                                        "Actual Startup Time": 296.227,
                                        "Actual Total Time": 829.612,
                                        "Actual Rows": 345851,
                                        "Actual Loops": 1
                                    }
                                ]
                            }
                        ]
                    }
                ]
            }
        ]
    },
    "Planning Time": 1.312,
    "Triggers": [],
    "Execution Time": 926.843
}