[
  {
    "Plan": {
      "Node Type": "Aggregate",
      "Strategy": "Plain",
      "Partial Mode": "Finalize",
      "Parallel Aware": false,
      "Startup Cost": 97396.78,
      "Total Cost": 97396.79,
      "Plan Rows": 1,
      "Plan Width": 8,
      "Actual Startup Time": 582.821,
      "Actual Total Time": 599.37,
      "Actual Rows": 1,
      "Actual Loops": 1,
      "Plans": [
        {
          "Node Type": "Gather",
          "Parent Relationship": "Outer",
          "Parallel Aware": false,
          "Startup Cost": 97396.46,
          "Total Cost": 97396.77,
          "Plan Rows": 3,
          "Plan Width": 8,
          "Actual Startup Time": 574.685,
          "Actual Total Time": 599.363,
          "Actual Rows": 4,
          "Actual Loops": 1,
          "Workers Planned": 3,
          "Workers Launched": 3,
          "Single Copy": false,
          "Plans": [
            {
              "Node Type": "Aggregate",
              "Strategy": "Plain",
              "Partial Mode": "Partial",
              "Parent Relationship": "Outer",
              "Parallel Aware": false,
              "Startup Cost": 96396.46,
              "Total Cost": 96396.47,
              "Plan Rows": 1,
              "Plan Width": 8,
              "Actual Startup Time": 553.757,
              "Actual Total Time": 553.762,
              "Actual Rows": 1,
              "Actual Loops": 4,
              "Plans": [
                {
                  "Node Type": "Hash Join",
                  "Parent Relationship": "Outer",
                  "Parallel Aware": true,
                  "Join Type": "Inner",
                  "Startup Cost": 51462.71,
                  "Total Cost": 95329.13,
                  "Plan Rows": 426932,
                  "Plan Width": 0,
                  "Actual Startup Time": 371.613,
                  "Actual Total Time": 539.847,
                  "Actual Rows": 343006,
                  "Actual Loops": 4,
                  "Inner Unique": true,
                  "Hash Cond": "(mk.movie_id = t.id)",
                  "Plans": [
                    {
                      "Node Type": "Seq Scan",
                      "Parent Relationship": "Outer",
                      "Parallel Aware": true,
                      "Relation Name": "movie_keyword",
                      "Alias": "mk",
                      "Startup Cost": 0.0,
                      "Total Cost": 42695.65,
                      "Plan Rows": 446007,
                      "Plan Width": 4,
                      "Actual Startup Time": 0.827,
                      "Actual Total Time": 92.187,
                      "Actual Rows": 345606,
                      "Actual Loops": 4,
                      "Filter": "(keyword_id > 12080)",
                      "Rows Removed by Filter": 785376
                    },
                    {
                      "Node Type": "Hash",
                      "Parent Relationship": "Inner",
                      "Parallel Aware": true,
                      "Startup Cost": 43899.32,
                      "Total Cost": 43899.32,
                      "Plan Rows": 605071,
                      "Plan Width": 4,
                      "Actual Startup Time": 358.794,
                      "Actual Total Time": 358.796,
                      "Actual Rows": 605292,
                      "Actual Loops": 4,
                      "Hash Buckets": 4194304,
                      "Original Hash Buckets": 4194304,
                      "Hash Batches": 1,
                      "Original Hash Batches": 1,
                      "Peak Memory Usage": 127552,
                      "Plans": [
                        {
                          "Node Type": "Seq Scan",
                          "Parent Relationship": "Outer",
                          "Parallel Aware": true,
                          "Relation Name": "title",
                          "Alias": "t",
                          "Startup Cost": 0.0,
                          "Total Cost": 43899.32,
                          "Plan Rows": 605071,
                          "Plan Width": 4,
                          "Actual Startup Time": 0.048,
                          "Actual Total Time": 115.799,
                          "Actual Rows": 605292,
                          "Actual Loops": 4,
                          "Filter": "(production_year > 1911)",
                          "Rows Removed by Filter": 26786
                        }
                      ]
                    }
                  ]
                }
              ]
            }
          ]
        }
      ]
    },
    "Planning Time": 0.632,
    "Triggers": [],
    "Execution Time": 599.439
  }
]