[
  {
    "Plan": {
      "Node Type": "Aggregate",
      "Strategy": "Plain",
      "Partial Mode": "Simple",
      "Parallel Aware": false,
      "Startup Cost": 21165.5,
      "Total Cost": 21165.51,
      "Plan Rows": 1,
      "Plan Width": 8,
      "Actual Startup Time": 3.047,
      "Actual Total Time": 3.048,
      "Actual Rows": 1,
      "Actual Loops": 1,
      "Plans": [
        {
          "Node Type": "Index Scan",
          "Parent Relationship": "Outer",
          "Parallel Aware": false,
          "Scan Direction": "Forward",
          "Index Name": "person_id_cast_info",
          "Relation Name": "cast_info",
          "Alias": "ci",
          "Startup Cost": 0.56,
          "Total Cost": 21148.26,
          "Plan Rows": 6897,
          "Plan Width": 0,
          "Actual Startup Time": 0.031,
          "Actual Total Time": 2.803,
          "Actual Rows": 2529,
          "Actual Loops": 1,
          "Index Cond": "(person_id < 1297)",
          "Rows Removed by Index Recheck": 0,
          "Filter": "(role_id > 1)",
          "Rows Removed by Filter": 6259
        }
      ]
    },
    "Planning Time": 0.161,
    "Triggers": [],
    "Execution Time": 3.076
  }
]