[
  {
    "Plan": {
      "Node Type": "Aggregate",
      "Strategy": "Plain",
      "Partial Mode": "Finalize",
      "Parallel Aware": false,
      "Startup Cost": 81008.67,
      "Total Cost": 81008.68,
      "Plan Rows": 1,
      "Plan Width": 8,
      "Actual Startup Time": 271.971,
      "Actual Total Time": 288.248,
      "Actual Rows": 1,
      "Actual Loops": 1,
      "Plans": [
        {
          "Node Type": "Gather",
          "Parent Relationship": "Outer",
          "Parallel Aware": false,
          "Startup Cost": 81008.36,
          "Total Cost": 81008.67,
          "Plan Rows": 3,
          "Plan Width": 8,
          "Actual Startup Time": 270.15,
          "Actual Total Time": 288.24,
          "Actual Rows": 4,
          "Actual Loops": 1,
          "Workers Planned": 3,
          "Workers Launched": 3,
          "Single Copy": false,
          "Plans": [
            {
              "Node Type": "Aggregate",
              "Strategy": "Plain",
              "Partial Mode": "Partial",
              "Parent Relationship": "Outer",
              "Parallel Aware": false,
              "Startup Cost": 80008.36,
              "Total Cost": 80008.37,
              "Plan Rows": 1,
              "Plan Width": 8,
              "Actual Startup Time": 262.489,
              "Actual Total Time": 262.492,
              "Actual Rows": 1,
              "Actual Loops": 4,
              "Plans": [
                {
                  "Node Type": "Hash Join",
                  "Parent Relationship": "Outer",
                  "Parallel Aware": true,
                  "Join Type": "Inner",
                  "Startup Cost": 47355.49,
                  "Total Cost": 79780.04,
                  "Plan Rows": 91325,
                  "Plan Width": 0,
                  "Actual Startup Time": 166.78,
                  "Actual Total Time": 257.677,
                  "Actual Rows": 117918,
                  "Actual Loops": 4,
                  "Inner Unique": true,
                  "Hash Cond": "(mc.movie_id = t.id)",
                  "Plans": [
                    {
                      "Node Type": "Seq Scan",
                      "Parent Relationship": "Outer",
                      "Parallel Aware": true,
                      "Relation Name": "movie_companies",
                      "Alias": "mc",
                      "Startup Cost": 0.0,
                      "Total Cost": 31414.82,
                      "Plan Rows": 384663,
                      "Plan Width": 4,
                      "Actual Startup Time": 0.009,
                      "Actual Total Time": 66.213,
                      "Actual Rows": 318562,
                      "Actual Loops": 4,
                      "Filter": "((company_id < 125415) AND (company_type_id < 2))",
                      "Rows Removed by Filter": 333721
                    },
                    {
                      "Node Type": "Hash",
                      "Parent Relationship": "Inner",
                      "Parallel Aware": true,
                      "Startup Cost": 45479.59,
                      "Total Cost": 45479.59,
                      "Plan Rows": 150072,
                      "Plan Width": 4,
                      "Actual Startup Time": 134.586,
                      "Actual Total Time": 134.587,
                      "Actual Rows": 123121,
                      "Actual Loops": 4,
                      "Hash Buckets": 1048576,
                      "Original Hash Buckets": 1048576,
                      "Hash Batches": 1,
                      "Original Hash Batches": 1,
                      "Peak Memory Usage": 27520,
                      "Plans": [
                        {
                          "Node Type": "Seq Scan",
                          "Parent Relationship": "Outer",
                          "Parallel Aware": true,
                          "Relation Name": "title",
                          "Alias": "t",
                          "Startup Cost": 0.0,
                          "Total Cost": 45479.59,
                          "Plan Rows": 150072,
                          "Plan Width": 4,
                          "Actual Startup Time": 42.246,
                          "Actual Total Time": 95.77,
                          "Actual Rows": 123121,
                          "Actual Loops": 4,
                          "Filter": "((production_year > 1950) AND (kind_id = 1))",
                          "Rows Removed by Filter": 508957
                        }
                      ]
                    }
                  ]
                }
              ]
            }
          ]
        }
      ]
    },
    "Planning Time": 0.359,
    "Triggers": [],
    "Execution Time": 288.287
  }
]