[
  {
    "Plan": {
      "Node Type": "Aggregate",
      "Strategy": "Plain",
      "Partial Mode": "Finalize",
      "Parallel Aware": false,
      "Startup Cost": 81020.81,
      "Total Cost": 81020.82,
      "Plan Rows": 1,
      "Plan Width": 8,
      "Actual Startup Time": 310.904,
      "Actual Total Time": 326.216,
      "Actual Rows": 1,
      "Actual Loops": 1,
      "Plans": [
        {
          "Node Type": "Gather",
          "Parent Relationship": "Outer",
          "Parallel Aware": false,
          "Startup Cost": 81020.49,
          "Total Cost": 81020.8,
          "Plan Rows": 3,
          "Plan Width": 8,
          "Actual Startup Time": 308.482,
          "Actual Total Time": 326.209,
          "Actual Rows": 4,
          "Actual Loops": 1,
          "Workers Planned": 3,
          "Workers Launched": 3,
          "Single Copy": false,
          "Plans": [
            {
              "Node Type": "Aggregate",
              "Strategy": "Plain",
              "Partial Mode": "Partial",
              "Parent Relationship": "Outer",
              "Parallel Aware": false,
              "Startup Cost": 80020.49,
              "Total Cost": 80020.5,
              "Plan Rows": 1,
              "Plan Width": 8,
              "Actual Startup Time": 299.738,
              "Actual Total Time": 299.742,
              "Actual Rows": 1,
              "Actual Loops": 4,
              "Plans": [
                {
                  "Node Type": "Hash Join",
                  "Parent Relationship": "Outer",
                  "Parallel Aware": true,
                  "Join Type": "Inner",
                  "Startup Cost": 47358.75,
                  "Total Cost": 79790.16,
                  "Plan Rows": 92133,
                  "Plan Width": 0,
                  "Actual Startup Time": 193.858,
                  "Actual Total Time": 294.56,
                  "Actual Rows": 117918,
                  "Actual Loops": 4,
                  "Inner Unique": true,
                  "Hash Cond": "(mc.movie_id = t.id)",
                  "Plans": [
                    {
                      "Node Type": "Seq Scan",
                      "Parent Relationship": "Outer",
                      "Parallel Aware": true,
                      "Relation Name": "movie_companies",
                      "Alias": "mc",
                      "Startup Cost": 0.0,
                      "Total Cost": 31414.82,
                      "Plan Rows": 387272,
                      "Plan Width": 4,
                      "Actual Startup Time": 0.023,
                      "Actual Total Time": 73.689,
                      "Actual Rows": 318562,
                      "Actual Loops": 4,
                      "Filter": "((company_id < 125415) AND (company_type_id < 2))",
                      "Rows Removed by Filter": 333721
                    },
                    {
                      "Node Type": "Hash",
                      "Parent Relationship": "Inner",
                      "Parallel Aware": true,
                      "Startup Cost": 45479.1,
                      "Total Cost": 45479.1,
                      "Plan Rows": 150372,
                      "Plan Width": 4,
                      "Actual Startup Time": 156.198,
                      "Actual Total Time": 156.199,
                      "Actual Rows": 123121,
                      "Actual Loops": 4,
                      "Hash Buckets": 1048576,
                      "Original Hash Buckets": 1048576,
                      "Hash Batches": 1,
                      "Original Hash Batches": 1,
                      "Peak Memory Usage": 27488,
                      "Plans": [
                        {
                          "Node Type": "Seq Scan",
                          "Parent Relationship": "Outer",
                          "Parallel Aware": true,
                          "Relation Name": "title",
                          "Alias": "t",
                          "Startup Cost": 0.0,
                          "Total Cost": 45479.1,
                          "Plan Rows": 150372,
                          "Plan Width": 4,
                          "Actual Startup Time": 50.98,
                          "Actual Total Time": 110.816,
                          "Actual Rows": 123121,
                          "Actual Loops": 4,
                          "Filter": "((production_year > 1950) AND (kind_id = 1))",
                          "Rows Removed by Filter": 508957
                        }
                      ]
                    }
                  ]
                }
              ]
            }
          ]
        }
      ]
    },
    "Planning Time": 0.72,
    "Triggers": [],
    "Execution Time": 326.294
  }
]