{
  "Plan": {
    "Node Type": "Aggregate",
    "Strategy": "Plain",
    "Partial Mode": "Finalize",
    "Parallel Aware": false,
    "Startup Cost": 442890.54,
    "Total Cost": 442890.55,
    "Plan Rows": 1,
    "Plan Width": 8,
    "Actual Startup Time": 5162.8,
    "Actual Total Time": 5252.67,
    "Actual Rows": 1,
    "Actual Loops": 1,
    "Plans": [
      {
        "Node Type": "Gather",
        "Parent Relationship": "Outer",
        "Parallel Aware": false,
        "Startup Cost": 442890.43,
        "Total Cost": 442890.54,
        "Plan Rows": 1,
        "Plan Width": 8,
        "Actual Startup Time": 5159.979,
        "Actual Total Time": 5252.661,
        "Actual Rows": 2,
        "Actual Loops": 1,
        "Workers Planned": 1,
        "Workers Launched": 1,
        "Single Copy": false,
        "Plans": [
          {
            "Node Type": "Aggregate",
            "Strategy": "Plain",
            "Partial Mode": "Partial",
            "Parent Relationship": "Outer",
            "Parallel Aware": false,
            "Startup Cost": 441890.43,
            "Total Cost": 441890.44,
            "Plan Rows": 1,
            "Plan Width": 8,
            "Actual Startup Time": 5146.077,
            "Actual Total Time": 5146.081,
            "Actual Rows": 1,
            "Actual Loops": 2,
            "Plans": [
              {
                "Node Type": "Nested Loop",
                "Parent Relationship": "Outer",
                "Parallel Aware": false,
                "Join Type": "Inner",
                "Startup Cost": 75260.39,
                "Total Cost": 440349.17,
                "Plan Rows": 616502,
                "Plan Width": 0,
                "Actual Startup Time": 652.859,
                "Actual Total Time": 5083.889,
                "Actual Rows": 1280159,
                "Actual Loops": 2,
                "Inner Unique": false,
                "Plans": [
                  {
                    "Node Type": "Hash Join",
                    "Parent Relationship": "Outer",
                    "Parallel Aware": true,
                    "Join Type": "Inner",
                    "Startup Cost": 75259.83,
                    "Total Cost": 102146.11,
                    "Plan Rows": 160812,
                    "Plan Width": 8,
                    "Actual Startup Time": 652.746,
                    "Actual Total Time": 782.418,
                    "Actual Rows": 134492,
                    "Actual Loops": 2,
                    "Inner Unique": true,
                    "Hash Cond": "(mk.movie_id = t.id)",
                    "Plans": [
                      {
                        "Node Type": "Bitmap Heap Scan",
                        "Parent Relationship": "Outer",
                        "Parallel Aware": true,
                        "Relation Name": "movie_keyword",
                        "Alias": "mk",
                        "Startup Cost": 5799.13,
                        "Total Cost": 32263.27,
                        "Plan Rows": 160812,
                        "Plan Width": 4,
                        "Actual Startup Time": 19.544,
                        "Actual Total Time": 83.154,
                        "Actual Rows": 134492,
                        "Actual Loops": 2,
                        "Recheck Cond": "(keyword_id > 58418)",
                        "Rows Removed by Index Recheck": 0,
                        "Exact Heap Blocks": 11735,
                        "Lossy Heap Blocks": 0,
                        "Plans": [
                          {
                            "Node Type": "Bitmap Index Scan",
                            "Parent Relationship": "Outer",
                            "Parallel Aware": false,
                            "Index Name": "keyword_id_movie_keyword",
                            "Startup Cost": 0.0,
                            "Total Cost": 5730.78,
                            "Plan Rows": 273380,
                            "Plan Width": 0,
                            "Actual Startup Time": 16.396,
                            "Actual Total Time": 16.397,
                            "Actual Rows": 268984,
                            "Actual Loops": 1,
                            "Index Cond": "(keyword_id > 58418)"
                          }
                        ]
                      },
                      {
                        "Node Type": "Hash",
                        "Parent Relationship": "Inner",
                        "Parallel Aware": true,
                        "Startup Cost": 50870.31,
                        "Total Cost": 50870.31,
                        "Plan Rows": 1487231,
                        "Plan Width": 4,
                        "Actual Startup Time": 610.953,
                        "Actual Total Time": 610.954,
                        "Actual Rows": 1264156,
                        "Actual Loops": 2,
                        "Hash Buckets": 4194304,
                        "Original Hash Buckets": 4194304,
                        "Hash Batches": 1,
                        "Original Hash Batches": 1,
                        "Peak Memory Usage": 131712,
                        "Plans": [
                          {
                            "Node Type": "Seq Scan",
                            "Parent Relationship": "Outer",
                            "Parallel Aware": true,
                            "Relation Name": "title",
                            "Alias": "t",
                            "Startup Cost": 0.0,
                            "Total Cost": 50870.31,
                            "Plan Rows": 1487231,
                            "Plan Width": 4,
                            "Actual Startup Time": 0.038,
                            "Actual Total Time": 184.957,
                            "Actual Rows": 1264156,
                            "Actual Loops": 2
                          }
                        ]
                      }
                    ]
                  },
                  {
                    "Node Type": "Index Scan",
                    "Parent Relationship": "Inner",
                    "Parallel Aware": false,
                    "Scan Direction": "Forward",
                    "Index Name": "movie_id_cast_info",
                    "Relation Name": "cast_info",
                    "Alias": "ci",
                    "Startup Cost": 0.56,
                    "Total Cost": 2.0,
                    "Plan Rows": 10,
                    "Plan Width": 4,
                    "Actual Startup Time": 0.009,
                    "Actual Total Time": 0.031,
                    "Actual Rows": 10,
                    "Actual Loops": 268984,
                    "Index Cond": "(movie_id = t.id)",
                    "Rows Removed by Index Recheck": 0,
                    "Filter": "((person_id > 805347) AND (role_id < 2))",
                    "Rows Removed by Filter": 40
                  }
                ]
              }
            ]
          }
        ]
      }
    ]
  },
  "Planning Time": 0.986,
  "Triggers": [],
  "Execution Time": 5252.82
}