{
  "Plan": {
    "Node Type": "Aggregate",
    "Strategy": "Plain",
    "Partial Mode": "Finalize",
    "Parallel Aware": false,
    "Startup Cost": 374098.38,
    "Total Cost": 374098.39,
    "Plan Rows": 1,
    "Plan Width": 8,
    "Actual Startup Time": 1100.12,
    "Actual Total Time": 1121.854,
    "Actual Rows": 1,
    "Actual Loops": 1,
    "Plans": [
      {
        "Node Type": "Gather",
        "Parent Relationship": "Outer",
        "Parallel Aware": false,
        "Startup Cost": 374098.27,
        "Total Cost": 374098.38,
        "Plan Rows": 1,
        "Plan Width": 8,
        "Actual Startup Time": 1095.677,
        "Actual Total Time": 1121.847,
        "Actual Rows": 2,
        "Actual Loops": 1,
        "Workers Planned": 1,
        "Workers Launched": 1,
        "Single Copy": false,
        "Plans": [
          {
            "Node Type": "Aggregate",
            "Strategy": "Plain",
            "Partial Mode": "Partial",
            "Parent Relationship": "Outer",
            "Parallel Aware": false,
            "Startup Cost": 373098.27,
            "Total Cost": 373098.28,
            "Plan Rows": 1,
            "Plan Width": 8,
            "Actual Startup Time": 1089.287,
            "Actual Total Time": 1089.293,
            "Actual Rows": 1,
            "Actual Loops": 2,
            "Plans": [
              {
                "Node Type": "Hash Join",
                "Parent Relationship": "Outer",
                "Parallel Aware": true,
                "Join Type": "Inner",
                "Startup Cost": 351911.84,
                "Total Cost": 372475.12,
                "Plan Rows": 249260,
                "Plan Width": 0,
                "Actual Startup Time": 886.68,
                "Actual Total Time": 1066.939,
                "Actual Rows": 554622,
                "Actual Loops": 2,
                "Inner Unique": false,
                "Hash Cond": "(mi_idx.movie_id = t.id)",
                "Plans": [
                  {
                    "Node Type": "Seq Scan",
                    "Parent Relationship": "Outer",
                    "Parallel Aware": true,
                    "Relation Name": "movie_info_idx",
                    "Alias": "mi_idx",
                    "Startup Cost": 0.0,
                    "Total Cost": 16052.85,
                    "Plan Rows": 811785,
                    "Plan Width": 4,
                    "Actual Startup Time": 0.015,
                    "Actual Total Time": 46.957,
                    "Actual Rows": 690018,
                    "Actual Loops": 2
                  },
                  {
                    "Node Type": "Hash",
                    "Parent Relationship": "Inner",
                    "Parallel Aware": true,
                    "Startup Cost": 346203.64,
                    "Total Cost": 346203.64,
                    "Plan Rows": 456656,
                    "Plan Width": 8,
                    "Actual Startup Time": 877.429,
                    "Actual Total Time": 877.434,
                    "Actual Rows": 372603,
                    "Actual Loops": 2,
                    "Hash Buckets": 1048576,
                    "Original Hash Buckets": 1048576,
                    "Hash Batches": 1,
                    "Original Hash Batches": 1,
                    "Peak Memory Usage": 37376,
                    "Plans": [
                      {
                        "Node Type": "Hash Join",
                        "Parent Relationship": "Outer",
                        "Parallel Aware": true,
                        "Join Type": "Inner",
                        "Startup Cost": 86609.71,
                        "Total Cost": 346203.64,
                        "Plan Rows": 456656,
                        "Plan Width": 8,
                        "Actual Startup Time": 554.474,
                        "Actual Total Time": 782.28,
                        "Actual Rows": 372603,
                        "Actual Loops": 2,
                        "Inner Unique": true,
                        "Hash Cond": "(ci.movie_id = t.id)",
                        "Plans": [
                          {
                            "Node Type": "Bitmap Heap Scan",
                            "Parent Relationship": "Outer",
                            "Parallel Aware": true,
                            "Relation Name": "cast_info",
                            "Alias": "ci",
                            "Startup Cost": 17149.01,
                            "Total Cost": 275544.22,
                            "Plan Rows": 456656,
                            "Plan Width": 4,
                            "Actual Startup Time": 43.108,
                            "Actual Total Time": 89.811,
                            "Actual Rows": 372603,
                            "Actual Loops": 2,
                            "Recheck Cond": "(person_id > 3919155)",
                            "Rows Removed by Index Recheck": 0,
                            "Exact Heap Blocks": 5195,
                            "Lossy Heap Blocks": 0,
                            "Plans": [
                              {
                                "Node Type": "Bitmap Index Scan",
                                "Parent Relationship": "Outer",
                                "Parallel Aware": false,
                                "Index Name": "person_id_cast_info",
                                "Startup Cost": 0.0,
                                "Total Cost": 16954.93,
                                "Plan Rows": 776316,
                                "Plan Width": 0,
                                "Actual Startup Time": 41.603,
                                "Actual Total Time": 41.603,
                                "Actual Rows": 745206,
                                "Actual Loops": 1,
                                "Index Cond": "(person_id > 3919155)"
                              }
                            ]
                          },
                          {
                            "Node Type": "Hash",
                            "Parent Relationship": "Inner",
                            "Parallel Aware": true,
                            "Startup Cost": 50870.31,
                            "Total Cost": 50870.31,
                            "Plan Rows": 1487231,
                            "Plan Width": 4,
                            "Actual Startup Time": 495.037,
                            "Actual Total Time": 495.038,
                            "Actual Rows": 1264156,
                            "Actual Loops": 2,
                            "Hash Buckets": 4194304,
                            "Original Hash Buckets": 4194304,
                            "Hash Batches": 1,
                            "Original Hash Batches": 1,
                            "Peak Memory Usage": 131712,
                            "Plans": [
                              {
                                "Node Type": "Seq Scan",
                                "Parent Relationship": "Outer",
                                "Parallel Aware": true,
                                "Relation Name": "title",
                                "Alias": "t",
                                "Startup Cost": 0.0,
                                "Total Cost": 50870.31,
                                "Plan Rows": 1487231,
                                "Plan Width": 4,
                                "Actual Startup Time": 0.036,
                                "Actual Total Time": 145.153,
                                "Actual Rows": 1264156,
                                "Actual Loops": 2
                              }
                            ]
                          }
                        ]
                      }
                    ]
                  }
                ]
              }
            ]
          }
        ]
      }
    ]
  },
  "Planning Time": 0.947,
  "Triggers": [],
  "Execution Time": 1121.951
}