[
  {
    "Plan": {
      "Node Type": "Aggregate",
      "Strategy": "Plain",
      "Partial Mode": "Finalize",
      "Parallel Aware": false,
      "Startup Cost": 29418.01,
      "Total Cost": 29418.02,
      "Plan Rows": 1,
      "Plan Width": 8,
      "Actual Startup Time": 73.138,
      "Actual Total Time": 77.433,
      "Actual Rows": 1,
      "Actual Loops": 1,
      "Plans": [
        {
          "Node Type": "Gather",
          "Parent Relationship": "Outer",
          "Parallel Aware": false,
          "Startup Cost": 29417.69,
          "Total Cost": 29418.0,
          "Plan Rows": 3,
          "Plan Width": 8,
          "Actual Startup Time": 72.977,
          "Actual Total Time": 77.426,
          "Actual Rows": 4,
          "Actual Loops": 1,
          "Workers Planned": 3,
          "Workers Launched": 3,
          "Single Copy": false,
          "Plans": [
            {
              "Node Type": "Aggregate",
              "Strategy": "Plain",
              "Partial Mode": "Partial",
              "Parent Relationship": "Outer",
              "Parallel Aware": false,
              "Startup Cost": 28417.69,
              "Total Cost": 28417.7,
              "Plan Rows": 1,
              "Plan Width": 8,
              "Actual Startup Time": 67.678,
              "Actual Total Time": 67.679,
              "Actual Rows": 1,
              "Actual Loops": 4,
              "Plans": [
                {
                  "Node Type": "Bitmap Heap Scan",
                  "Parent Relationship": "Outer",
                  "Parallel Aware": true,
                  "Relation Name": "movie_companies",
                  "Alias": "mc",
                  "Startup Cost": 7870.64,
                  "Total Cost": 28124.85,
                  "Plan Rows": 117137,
                  "Plan Width": 0,
                  "Actual Startup Time": 26.706,
                  "Actual Total Time": 61.428,
                  "Actual Rows": 90966,
                  "Actual Loops": 4,
                  "Recheck Cond": "(company_id > 86300)",
                  "Rows Removed by Index Recheck": 0,
                  "Exact Heap Blocks": 3246,
                  "Lossy Heap Blocks": 0,
                  "Plans": [
                    {
                      "Node Type": "Bitmap Index Scan",
                      "Parent Relationship": "Outer",
                      "Parallel Aware": false,
                      "Index Name": "company_id_movie_companies",
                      "Startup Cost": 0.0,
                      "Total Cost": 7779.86,
                      "Plan Rows": 363124,
                      "Plan Width": 0,
                      "Actual Startup Time": 30.568,
                      "Actual Total Time": 30.569,
                      "Actual Rows": 363862,
                      "Actual Loops": 1,
                      "Index Cond": "(company_id > 86300)"
                    }
                  ]
                }
              ]
            }
          ]
        }
      ]
    },
    "Planning Time": 0.128,
    "Triggers": [],
    "Execution Time": 77.502
  }
]