{
  "Plan": {
    "Node Type": "Aggregate",
    "Strategy": "Plain",
    "Partial Mode": "Finalize",
    "Parallel Aware": false,
    "Startup Cost": 106748.01,
    "Total Cost": 106748.02,
    "Plan Rows": 1,
    "Plan Width": 8,
    "Actual Startup Time": 342.68,
    "Actual Total Time": 358.238,
    "Actual Rows": 1,
    "Actual Loops": 1,
    "Plans": [
      {
        "Node Type": "Gather",
        "Parent Relationship": "Outer",
        "Parallel Aware": false,
        "Startup Cost": 106747.89,
        "Total Cost": 106748.0,
        "Plan Rows": 1,
        "Plan Width": 8,
        "Actual Startup Time": 342.177,
        "Actual Total Time": 358.231,
        "Actual Rows": 2,
        "Actual Loops": 1,
        "Workers Planned": 1,
        "Workers Launched": 1,
        "Single Copy": false,
        "Plans": [
          {
            "Node Type": "Aggregate",
            "Strategy": "Plain",
            "Partial Mode": "Partial",
            "Parent Relationship": "Outer",
            "Parallel Aware": false,
            "Startup Cost": 105747.89,
            "Total Cost": 105747.9,
            "Plan Rows": 1,
            "Plan Width": 8,
            "Actual Startup Time": 335.927,
            "Actual Total Time": 335.933,
            "Actual Rows": 1,
            "Actual Loops": 2,
            "Plans": [
              {
                "Node Type": "Hash Join",
                "Parent Relationship": "Outer",
                "Parallel Aware": true,
                "Join Type": "Inner",
                "Startup Cost": 84269.08,
                "Total Cost": 105747.65,
                "Plan Rows": 99,
                "Plan Width": 0,
                "Actual Startup Time": 332.874,
                "Actual Total Time": 335.919,
                "Actual Rows": 16,
                "Actual Loops": 2,
                "Inner Unique": false,
                "Hash Cond": "(mi.movie_id = t.id)",
                "Plans": [
                  {
                    "Node Type": "Bitmap Heap Scan",
                    "Parent Relationship": "Outer",
                    "Parallel Aware": true,
                    "Relation Name": "movie_info",
                    "Alias": "mi",
                    "Startup Cost": 118.08,
                    "Total Cost": 21581.94,
                    "Plan Rows": 3768,
                    "Plan Width": 4,
                    "Actual Startup Time": 0.506,
                    "Actual Total Time": 2.933,
                    "Actual Rows": 3241,
                    "Actual Loops": 2,
                    "Recheck Cond": "(info_type_id = 54)",
                    "Rows Removed by Index Recheck": 0,
                    "Exact Heap Blocks": 1007,
                    "Lossy Heap Blocks": 0,
                    "Plans": [
                      {
                        "Node Type": "Bitmap Index Scan",
                        "Parent Relationship": "Outer",
                        "Parallel Aware": false,
                        "Index Name": "info_type_id_movie_info",
                        "Startup Cost": 0.0,
                        "Total Cost": 116.48,
                        "Plan Rows": 6406,
                        "Plan Width": 0,
                        "Actual Startup Time": 0.383,
                        "Actual Total Time": 0.383,
                        "Actual Rows": 6482,
                        "Actual Loops": 1,
                        "Index Cond": "(info_type_id = 54)"
                      }
                    ]
                  },
                  {
                    "Node Type": "Hash",
                    "Parent Relationship": "Inner",
                    "Parallel Aware": true,
                    "Startup Cost": 83661.39,
                    "Total Cost": 83661.39,
                    "Plan Rows": 39169,
                    "Plan Width": 8,
                    "Actual Startup Time": 329.941,
                    "Actual Total Time": 329.945,
                    "Actual Rows": 11770,
                    "Actual Loops": 2,
                    "Hash Buckets": 131072,
                    "Original Hash Buckets": 131072,
                    "Hash Batches": 1,
                    "Original Hash Batches": 1,
                    "Peak Memory Usage": 1984,
                    "Plans": [
                      {
                        "Node Type": "Hash Join",
                        "Parent Relationship": "Outer",
                        "Parallel Aware": true,
                        "Join Type": "Inner",
                        "Startup Cost": 23265.47,
                        "Total Cost": 83661.39,
                        "Plan Rows": 39169,
                        "Plan Width": 8,
                        "Actual Startup Time": 48.882,
                        "Actual Total Time": 325.311,
                        "Actual Rows": 11770,
                        "Actual Loops": 2,
                        "Inner Unique": false,
                        "Hash Cond": "(t.id = mc.movie_id)",
                        "Plans": [
                          {
                            "Node Type": "Seq Scan",
                            "Parent Relationship": "Outer",
                            "Parallel Aware": true,
                            "Relation Name": "title",
                            "Alias": "t",
                            "Startup Cost": 0.0,
                            "Total Cost": 50870.31,
                            "Plan Rows": 1487231,
                            "Plan Width": 4,
                            "Actual Startup Time": 0.011,
                            "Actual Total Time": 141.658,
                            "Actual Rows": 1264156,
                            "Actual Loops": 2
                          },
                          {
                            "Node Type": "Hash",
                            "Parent Relationship": "Inner",
                            "Parallel Aware": true,
                            "Startup Cost": 22775.86,
                            "Total Cost": 22775.86,
                            "Plan Rows": 39169,
                            "Plan Width": 4,
                            "Actual Startup Time": 47.684,
                            "Actual Total Time": 47.686,
                            "Actual Rows": 11770,
                            "Actual Loops": 2,
                            "Hash Buckets": 131072,
                            "Original Hash Buckets": 131072,
                            "Hash Batches": 1,
                            "Original Hash Batches": 1,
                            "Peak Memory Usage": 1984,
                            "Plans": [
                              {
                                "Node Type": "Bitmap Heap Scan",
                                "Parent Relationship": "Outer",
                                "Parallel Aware": true,
                                "Relation Name": "movie_companies",
                                "Alias": "mc",
                                "Startup Cost": 2828.68,
                                "Total Cost": 22775.86,
                                "Plan Rows": 39169,
                                "Plan Width": 4,
                                "Actual Startup Time": 39.731,
                                "Actual Total Time": 45.451,
                                "Actual Rows": 11770,
                                "Actual Loops": 2,
                                "Recheck Cond": "(company_id < 27)",
                                "Rows Removed by Index Recheck": 0,
                                "Filter": "(company_type_id = 2)",
                                "Rows Removed by Filter": 55633,
                                "Exact Heap Blocks": 9263,
                                "Lossy Heap Blocks": 0,
                                "Plans": [
                                  {
                                    "Node Type": "Bitmap Index Scan",
                                    "Parent Relationship": "Outer",
                                    "Parallel Aware": false,
                                    "Index Name": "company_id_movie_companies",
                                    "Startup Cost": 0.0,
                                    "Total Cost": 2812.03,
                                    "Plan Rows": 131147,
                                    "Plan Width": 0,
                                    "Actual Startup Time": 16.932,
                                    "Actual Total Time": 16.932,
                                    "Actual Rows": 134807,
                                    "Actual Loops": 1,
                                    "Index Cond": "(company_id < 27)"
                                  }
                                ]
                              }
                            ]
                          }
                        ]
                      }
                    ]
                  }
                ]
              }
            ]
          }
        ]
      }
    ]
  },
  "Planning Time": 1.08,
  "Triggers": [],
  "Execution Time": 358.355
}