{
  "Plan": {
    "Node Type": "Aggregate",
    "Strategy": "Plain",
    "Partial Mode": "Finalize",
    "Parallel Aware": false,
    "Startup Cost": 128209.65,
    "Total Cost": 128209.66,
    "Plan Rows": 1,
    "Plan Width": 8,
    "Actual Startup Time": 730.569,
    "Actual Total Time": 744.106,
    "Actual Rows": 1,
    "Actual Loops": 1,
    "Plans": [
      {
        "Node Type": "Gather",
        "Parent Relationship": "Outer",
        "Parallel Aware": false,
        "Startup Cost": 128209.53,
        "Total Cost": 128209.64,
        "Plan Rows": 1,
        "Plan Width": 8,
        "Actual Startup Time": 728.254,
        "Actual Total Time": 744.099,
        "Actual Rows": 2,
        "Actual Loops": 1,
        "Workers Planned": 1,
        "Workers Launched": 1,
        "Single Copy": false,
        "Plans": [
          {
            "Node Type": "Aggregate",
            "Strategy": "Plain",
            "Partial Mode": "Partial",
            "Parent Relationship": "Outer",
            "Parallel Aware": false,
            "Startup Cost": 127209.53,
            "Total Cost": 127209.54,
            "Plan Rows": 1,
            "Plan Width": 8,
            "Actual Startup Time": 719.913,
            "Actual Total Time": 719.917,
            "Actual Rows": 1,
            "Actual Loops": 2,
            "Plans": [
              {
                "Node Type": "Hash Join",
                "Parent Relationship": "Outer",
                "Parallel Aware": true,
                "Join Type": "Inner",
                "Startup Cost": 91591.16,
                "Total Cost": 126038.69,
                "Plan Rows": 468338,
                "Plan Width": 0,
                "Actual Startup Time": 473.502,
                "Actual Total Time": 699.268,
                "Actual Rows": 484150,
                "Actual Loops": 2,
                "Inner Unique": true,
                "Hash Cond": "(mk.movie_id = t.id)",
                "Plans": [
                  {
                    "Node Type": "Bitmap Heap Scan",
                    "Parent Relationship": "Outer",
                    "Parallel Aware": true,
                    "Relation Name": "movie_keyword",
                    "Alias": "mk",
                    "Startup Cost": 23825.54,
                    "Total Cost": 56538.66,
                    "Plan Rows": 660729,
                    "Plan Width": 4,
                    "Actual Startup Time": 63.385,
                    "Actual Total Time": 154.972,
                    "Actual Rows": 566388,
                    "Actual Loops": 2,
                    "Recheck Cond": "(keyword_id < 1247)",
                    "Rows Removed by Index Recheck": 0,
                    "Exact Heap Blocks": 13186,
                    "Lossy Heap Blocks": 0,
                    "Plans": [
                      {
                        "Node Type": "Bitmap Index Scan",
                        "Parent Relationship": "Outer",
                        "Parallel Aware": false,
                        "Index Name": "keyword_id_movie_keyword",
                        "Startup Cost": 0.0,
                        "Total Cost": 23544.73,
                        "Plan Rows": 1123240,
                        "Plan Width": 0,
                        "Actual Startup Time": 59.709,
                        "Actual Total Time": 59.71,
                        "Actual Rows": 1132777,
                        "Actual Loops": 1,
                        "Index Cond": "(keyword_id < 1247)"
                      }
                    ]
                  },
                  {
                    "Node Type": "Hash",
                    "Parent Relationship": "Inner",
                    "Parallel Aware": true,
                    "Startup Cost": 54588.39,
                    "Total Cost": 54588.39,
                    "Plan Rows": 1054178,
                    "Plan Width": 4,
                    "Actual Startup Time": 395.429,
                    "Actual Total Time": 395.43,
                    "Actual Rows": 897076,
                    "Actual Loops": 2,
                    "Hash Buckets": 2097152,
                    "Original Hash Buckets": 2097152,
                    "Hash Batches": 1,
                    "Original Hash Batches": 1,
                    "Peak Memory Usage": 86592,
                    "Plans": [
                      {
                        "Node Type": "Seq Scan",
                        "Parent Relationship": "Outer",
                        "Parallel Aware": true,
                        "Relation Name": "title",
                        "Alias": "t",
                        "Startup Cost": 0.0,
                        "Total Cost": 54588.39,
                        "Plan Rows": 1054178,
                        "Plan Width": 4,
                        "Actual Startup Time": 0.027,
                        "Actual Total Time": 167.461,
                        "Actual Rows": 897076,
                        "Actual Loops": 2,
                        "Filter": "(production_year < 2009)",
                        "Rows Removed by Filter": 367080
                      }
                    ]
                  }
                ]
              }
            ]
          }
        ]
      }
    ]
  },
  "Planning Time": 0.694,
  "Triggers": [],
  "Execution Time": 744.243
}