[
  {
    "Plan": {
      "Node Type": "Aggregate",
      "Strategy": "Plain",
      "Partial Mode": "Finalize",
      "Parallel Aware": false,
      "Startup Cost": 113287.16,
      "Total Cost": 113287.17,
      "Plan Rows": 1,
      "Plan Width": 8,
      "Actual Startup Time": 73.477,
      "Actual Total Time": 81.593,
      "Actual Rows": 1,
      "Actual Loops": 1,
      "Plans": [
        {
          "Node Type": "Gather",
          "Parent Relationship": "Outer",
          "Parallel Aware": false,
          "Startup Cost": 113286.74,
          "Total Cost": 113287.15,
          "Plan Rows": 4,
          "Plan Width": 8,
          "Actual Startup Time": 73.262,
          "Actual Total Time": 81.586,
          "Actual Rows": 5,
          "Actual Loops": 1,
          "Workers Planned": 4,
          "Workers Launched": 4,
          "Single Copy": false,
          "Plans": [
            {
              "Node Type": "Aggregate",
              "Strategy": "Plain",
              "Partial Mode": "Partial",
              "Parent Relationship": "Outer",
              "Parallel Aware": false,
              "Startup Cost": 112286.74,
              "Total Cost": 112286.75,
              "Plan Rows": 1,
              "Plan Width": 8,
              "Actual Startup Time": 63.531,
              "Actual Total Time": 63.532,
              "Actual Rows": 1,
              "Actual Loops": 5,
              "Plans": [
                {
                  "Node Type": "Nested Loop",
                  "Parent Relationship": "Outer",
                  "Parallel Aware": false,
                  "Join Type": "Inner",
                  "Startup Cost": 1824.12,
                  "Total Cost": 112278.67,
                  "Plan Rows": 3228,
                  "Plan Width": 0,
                  "Actual Startup Time": 15.808,
                  "Actual Total Time": 62.931,
                  "Actual Rows": 4107,
                  "Actual Loops": 5,
                  "Inner Unique": false,
                  "Plans": [
                    {
                      "Node Type": "Bitmap Heap Scan",
                      "Parent Relationship": "Outer",
                      "Parallel Aware": true,
                      "Relation Name": "title",
                      "Alias": "t",
                      "Startup Cost": 1823.68,
                      "Total Cost": 38205.04,
                      "Plan Rows": 552,
                      "Plan Width": 4,
                      "Actual Startup Time": 15.565,
                      "Actual Total Time": 37.72,
                      "Actual Rows": 487,
                      "Actual Loops": 5,
                      "Recheck Cond": "(kind_id = 3)",
                      "Rows Removed by Index Recheck": 0,
                      "Filter": "(production_year = 1999)",
                      "Rows Removed by Filter": 19620,
                      "Exact Heap Blocks": 7118,
                      "Lossy Heap Blocks": 0,
                      "Plans": [
                        {
                          "Node Type": "Bitmap Index Scan",
                          "Parent Relationship": "Outer",
                          "Parallel Aware": false,
                          "Index Name": "kind_id_title",
                          "Startup Cost": 0.0,
                          "Total Cost": 1823.13,
                          "Plan Rows": 102227,
                          "Plan Width": 0,
                          "Actual Startup Time": 18.756,
                          "Actual Total Time": 18.756,
                          "Actual Rows": 100537,
                          "Actual Loops": 1,
                          "Index Cond": "(kind_id = 3)"
                        }
                      ]
                    },
                    {
                      "Node Type": "Index Only Scan",
                      "Parent Relationship": "Inner",
                      "Parallel Aware": false,
                      "Scan Direction": "Forward",
                      "Index Name": "movie_id_movie_info",
                      "Relation Name": "movie_info",
                      "Alias": "mi",
                      "Startup Cost": 0.43,
                      "Total Cost": 133.77,
                      "Plan Rows": 42,
                      "Plan Width": 4,
                      "Actual Startup Time": 0.019,
                      "Actual Total Time": 0.05,
                      "Actual Rows": 8,
                      "Actual Loops": 2436,
                      "Index Cond": "(movie_id = t.id)",
                      "Rows Removed by Index Recheck": 0,
                      "Heap Fetches": 20533
                    }
                  ]
                }
              ]
            }
          ]
        }
      ]
    },
    "Planning Time": 0.61,
    "Triggers": [],
    "Execution Time": 81.681
  }
]