[
  {
    "Plan": {
      "Node Type": "Aggregate",
      "Strategy": "Plain",
      "Partial Mode": "Finalize",
      "Parallel Aware": false,
      "Startup Cost": 339498.0,
      "Total Cost": 339498.01,
      "Plan Rows": 1,
      "Plan Width": 8,
      "Actual Startup Time": 945.732,
      "Actual Total Time": 994.141,
      "Actual Rows": 1,
      "Actual Loops": 1,
      "Plans": [
        {
          "Node Type": "Gather",
          "Parent Relationship": "Outer",
          "Parallel Aware": false,
          "Startup Cost": 339497.38,
          "Total Cost": 339497.99,
          "Plan Rows": 6,
          "Plan Width": 8,
          "Actual Startup Time": 945.53,
          "Actual Total Time": 994.126,
          "Actual Rows": 7,
          "Actual Loops": 1,
          "Workers Planned": 6,
          "Workers Launched": 6,
          "Single Copy": false,
          "Plans": [
            {
              "Node Type": "Aggregate",
              "Strategy": "Plain",
              "Partial Mode": "Partial",
              "Parent Relationship": "Outer",
              "Parallel Aware": false,
              "Startup Cost": 338497.38,
              "Total Cost": 338497.39,
              "Plan Rows": 1,
              "Plan Width": 8,
              "Actual Startup Time": 938.572,
              "Actual Total Time": 938.573,
              "Actual Rows": 1,
              "Actual Loops": 7,
              "Plans": [
                {
                  "Node Type": "Seq Scan",
                  "Parent Relationship": "Outer",
                  "Parallel Aware": true,
                  "Relation Name": "cast_info",
                  "Alias": "ci",
                  "Startup Cost": 0.0,
                  "Total Cost": 328211.39,
                  "Plan Rows": 4114395,
                  "Plan Width": 0,
                  "Actual Startup Time": 154.613,
                  "Actual Total Time": 730.292,
                  "Actual Rows": 3512864,
                  "Actual Loops": 7,
                  "Filter": "(person_id > 1145868)",
                  "Rows Removed by Filter": 1664900
                }
              ]
            }
          ]
        }
      ]
    },
    "Planning Time": 0.107,
    "Triggers": [],
    "Execution Time": 994.189
  }
]