[
  {
    "Plan": {
      "Node Type": "Aggregate",
      "Strategy": "Plain",
      "Partial Mode": "Finalize",
      "Parallel Aware": false,
      "Startup Cost": 347368.21,
      "Total Cost": 347368.22,
      "Plan Rows": 1,
      "Plan Width": 8,
      "Actual Startup Time": 587.66,
      "Actual Total Time": 618.905,
      "Actual Rows": 1,
      "Actual Loops": 1,
      "Plans": [
        {
          "Node Type": "Gather",
          "Parent Relationship": "Outer",
          "Parallel Aware": false,
          "Startup Cost": 347367.58,
          "Total Cost": 347368.19,
          "Plan Rows": 6,
          "Plan Width": 8,
          "Actual Startup Time": 587.455,
          "Actual Total Time": 618.892,
          "Actual Rows": 7,
          "Actual Loops": 1,
          "Workers Planned": 6,
          "Workers Launched": 6,
          "Single Copy": false,
          "Plans": [
            {
              "Node Type": "Aggregate",
              "Strategy": "Plain",
              "Partial Mode": "Partial",
              "Parent Relationship": "Outer",
              "Parallel Aware": false,
              "Startup Cost": 346367.58,
              "Total Cost": 346367.59,
              "Plan Rows": 1,
              "Plan Width": 8,
              "Actual Startup Time": 578.647,
              "Actual Total Time": 578.648,
              "Actual Rows": 1,
              "Actual Loops": 7,
              "Plans": [
                {
                  "Node Type": "Index Scan",
                  "Parent Relationship": "Outer",
                  "Parallel Aware": true,
                  "Scan Direction": "Forward",
                  "Index Name": "role_id_cast_info",
                  "Relation Name": "cast_info",
                  "Alias": "ci",
                  "Startup Cost": 0.56,
                  "Total Cost": 341155.22,
                  "Plan Rows": 2084946,
                  "Plan Width": 0,
                  "Actual Startup Time": 25.776,
                  "Actual Total Time": 477.566,
                  "Actual Rows": 1748911,
                  "Actual Loops": 7,
                  "Index Cond": "(role_id = 1)",
                  "Rows Removed by Index Recheck": 0,
                  "Filter": "(person_id > 62277)",
                  "Rows Removed by Filter": 61187
                }
              ]
            }
          ]
        }
      ]
    },
    "Planning Time": 0.154,
    "Triggers": [],
    "Execution Time": 618.954
  }
]