[
  {
    "Plan": {
      "Node Type": "Aggregate",
      "Strategy": "Plain",
      "Partial Mode": "Finalize",
      "Parallel Aware": false,
      "Startup Cost": 45854.66,
      "Total Cost": 45854.67,
      "Plan Rows": 1,
      "Plan Width": 8,
      "Actual Startup Time": 156.391,
      "Actual Total Time": 166.784,
      "Actual Rows": 1,
      "Actual Loops": 1,
      "Plans": [
        {
          "Node Type": "Gather",
          "Parent Relationship": "Outer",
          "Parallel Aware": false,
          "Startup Cost": 45854.34,
          "Total Cost": 45854.65,
          "Plan Rows": 3,
          "Plan Width": 8,
          "Actual Startup Time": 156.29,
          "Actual Total Time": 166.772,
          "Actual Rows": 4,
          "Actual Loops": 1,
          "Workers Planned": 3,
          "Workers Launched": 3,
          "Single Copy": false,
          "Plans": [
            {
              "Node Type": "Aggregate",
              "Strategy": "Plain",
              "Partial Mode": "Partial",
              "Parent Relationship": "Outer",
              "Parallel Aware": false,
              "Startup Cost": 44854.34,
              "Total Cost": 44854.35,
              "Plan Rows": 1,
              "Plan Width": 8,
              "Actual Startup Time": 151.392,
              "Actual Total Time": 151.393,
              "Actual Rows": 1,
              "Actual Loops": 4,
              "Plans": [
                {
                  "Node Type": "Seq Scan",
                  "Parent Relationship": "Outer",
                  "Parallel Aware": true,
                  "Relation Name": "movie_keyword",
                  "Alias": "mk",
                  "Startup Cost": 0.0,
                  "Total Cost": 42695.65,
                  "Plan Rows": 863474,
                  "Plan Width": 0,
                  "Actual Startup Time": 0.208,
                  "Actual Total Time": 119.107,
                  "Actual Rows": 668632,
                  "Actual Loops": 4,
                  "Filter": "(keyword_id > 3074)",
                  "Rows Removed by Filter": 462350
                }
              ]
            }
          ]
        }
      ]
    },
    "Planning Time": 0.105,
    "Triggers": [],
    "Execution Time": 166.818
  }
]