[
  {
    "Plan": {
      "Node Type": "Aggregate",
      "Strategy": "Plain",
      "Partial Mode": "Finalize",
      "Parallel Aware": false,
      "Startup Cost": 45858.34,
      "Total Cost": 45858.35,
      "Plan Rows": 1,
      "Plan Width": 8,
      "Actual Startup Time": 167.541,
      "Actual Total Time": 177.663,
      "Actual Rows": 1,
      "Actual Loops": 1,
      "Plans": [
        {
          "Node Type": "Gather",
          "Parent Relationship": "Outer",
          "Parallel Aware": false,
          "Startup Cost": 45858.02,
          "Total Cost": 45858.33,
          "Plan Rows": 3,
          "Plan Width": 8,
          "Actual Startup Time": 167.422,
          "Actual Total Time": 177.653,
          "Actual Rows": 4,
          "Actual Loops": 1,
          "Workers Planned": 3,
          "Workers Launched": 3,
          "Single Copy": false,
          "Plans": [
            {
              "Node Type": "Aggregate",
              "Strategy": "Plain",
              "Partial Mode": "Partial",
              "Parent Relationship": "Outer",
              "Parallel Aware": false,
              "Startup Cost": 44858.02,
              "Total Cost": 44858.03,
              "Plan Rows": 1,
              "Plan Width": 8,
              "Actual Startup Time": 161.188,
              "Actual Total Time": 161.189,
              "Actual Rows": 1,
              "Actual Loops": 4,
              "Plans": [
                {
                  "Node Type": "Seq Scan",
                  "Parent Relationship": "Outer",
                  "Parallel Aware": true,
                  "Relation Name": "movie_keyword",
                  "Alias": "mk",
                  "Startup Cost": 0.0,
                  "Total Cost": 42695.65,
                  "Plan Rows": 864948,
                  "Plan Width": 0,
                  "Actual Startup Time": 0.4,
                  "Actual Total Time": 127.88,
                  "Actual Rows": 668632,
                  "Actual Loops": 4,
                  "Filter": "(keyword_id > 3074)",
                  "Rows Removed by Filter": 462350
                }
              ]
            }
          ]
        }
      ]
    },
    "Planning Time": 0.148,
    "Triggers": [],
    "Execution Time": 177.717
  }
]