[
  {
    "Plan": {
      "Node Type": "Aggregate",
      "Strategy": "Plain",
      "Partial Mode": "Finalize",
      "Parallel Aware": false,
      "Startup Cost": 260730.89,
      "Total Cost": 260730.9,
      "Plan Rows": 1,
      "Plan Width": 8,
      "Actual Startup Time": 656.012,
      "Actual Total Time": 681.756,
      "Actual Rows": 1,
      "Actual Loops": 1,
      "Plans": [
        {
          "Node Type": "Gather",
          "Parent Relationship": "Outer",
          "Parallel Aware": false,
          "Startup Cost": 260730.26,
          "Total Cost": 260730.87,
          "Plan Rows": 6,
          "Plan Width": 8,
          "Actual Startup Time": 646.712,
          "Actual Total Time": 681.743,
          "Actual Rows": 7,
          "Actual Loops": 1,
          "Workers Planned": 6,
          "Workers Launched": 6,
          "Single Copy": false,
          "Plans": [
            {
              "Node Type": "Aggregate",
              "Strategy": "Plain",
              "Partial Mode": "Partial",
              "Parent Relationship": "Outer",
              "Parallel Aware": false,
              "Startup Cost": 259730.26,
              "Total Cost": 259730.27,
              "Plan Rows": 1,
              "Plan Width": 8,
              "Actual Startup Time": 635.094,
              "Actual Total Time": 635.098,
              "Actual Rows": 1,
              "Actual Loops": 7,
              "Plans": [
                {
                  "Node Type": "Hash Join",
                  "Parent Relationship": "Outer",
                  "Parallel Aware": true,
                  "Join Type": "Inner",
                  "Startup Cost": 46997.69,
                  "Total Cost": 258726.27,
                  "Plan Rows": 401598,
                  "Plan Width": 0,
                  "Actual Startup Time": 165.851,
                  "Actual Total Time": 622.703,
                  "Actual Rows": 199403,
                  "Actual Loops": 7,
                  "Inner Unique": true,
                  "Hash Cond": "(ci.movie_id = t.id)",
                  "Plans": [
                    {
                      "Node Type": "Index Scan",
                      "Parent Relationship": "Outer",
                      "Parallel Aware": true,
                      "Scan Direction": "Forward",
                      "Index Name": "role_id_cast_info",
                      "Relation Name": "cast_info",
                      "Alias": "ci",
                      "Startup Cost": 0.56,
                      "Total Cost": 209040.78,
                      "Plan Rows": 1024136,
                      "Plan Width": 4,
                      "Actual Startup Time": 0.442,
                      "Actual Total Time": 263.337,
                      "Actual Rows": 446336,
                      "Actual Loops": 7,
                      "Index Cond": "(role_id > 6)",
                      "Rows Removed by Index Recheck": 0,
                      "Filter": "(person_id < 2919953)",
                      "Rows Removed by Filter": 655470
                    },
                    {
                      "Node Type": "Hash",
                      "Parent Relationship": "Inner",
                      "Parallel Aware": true,
                      "Startup Cost": 43898.92,
                      "Total Cost": 43898.92,
                      "Plan Rows": 247857,
                      "Plan Width": 4,
                      "Actual Startup Time": 162.075,
                      "Actual Total Time": 162.077,
                      "Actual Rows": 140721,
                      "Actual Loops": 7,
                      "Hash Buckets": 1048576,
                      "Original Hash Buckets": 1048576,
                      "Hash Batches": 1,
                      "Original Hash Batches": 1,
                      "Peak Memory Usage": 46816,
                      "Plans": [
                        {
                          "Node Type": "Seq Scan",
                          "Parent Relationship": "Outer",
                          "Parallel Aware": true,
                          "Relation Name": "title",
                          "Alias": "t",
                          "Startup Cost": 0.0,
                          "Total Cost": 43898.92,
                          "Plan Rows": 247857,
                          "Plan Width": 4,
                          "Actual Startup Time": 0.047,
                          "Actual Total Time": 90.681,
                          "Actual Rows": 140721,
                          "Actual Loops": 7,
                          "Filter": "(kind_id < 7)",
                          "Rows Removed by Filter": 220466
                        }
                      ]
                    }
                  ]
                }
              ]
            }
          ]
        }
      ]
    },
    "Planning Time": 0.624,
    "Triggers": [],
    "Execution Time": 681.837
  }
]