[
    {
        "Bao": {
            "Bao prediction": "NaN",
            "Bao recommended hint": "(no hint)"
        }
    },
    {
        "Plan": {
            "Node Type": "Aggregate",
            "Strategy": "Plain",
            "Partial Mode": "Finalize",
            "Parallel Aware": false,
            "Startup Cost": 269868.02,
            "Total Cost": 269868.03,
            "Plan Rows": 1,
            "Plan Width": 8,
            "Actual Startup Time": 513.74,
            "Actual Total Time": 528.06,
            "Actual Rows": 1,
            "Actual Loops": 1,
            "Output": [
                "count(*)"
            ],
            "Plans": [
                {
                    "Node Type": "Gather",
                    "Parent Relationship": "Outer",
                    "Parallel Aware": false,
                    "Startup Cost": 269867.7,
                    "Total Cost": 269868.01,
                    "Plan Rows": 3,
                    "Plan Width": 8,
                    "Actual Startup Time": 509.353,
                    "Actual Total Time": 528.051,
                    "Actual Rows": 4,
                    "Actual Loops": 1,
                    "Output": [
                        "(PARTIAL count(*))"
                    ],
                    "Workers Planned": 3,
                    "Workers Launched": 3,
                    "Single Copy": false,
                    "Plans": [
                        {
                            "Node Type": "Aggregate",
                            "Strategy": "Plain",
                            "Partial Mode": "Partial",
                            "Parent Relationship": "Outer",
                            "Parallel Aware": false,
                            "Startup Cost": 268867.7,
                            "Total Cost": 268867.71,
                            "Plan Rows": 1,
                            "Plan Width": 8,
                            "Actual Startup Time": 500.788,
                            "Actual Total Time": 500.793,
                            "Actual Rows": 1,
                            "Actual Loops": 4,
                            "Output": [
                                "PARTIAL count(*)"
                            ],
                            "Workers": [
                                {
                                    "Worker Number": 0,
                                    "Actual Startup Time": 498.006,
                                    "Actual Total Time": 498.011,
                                    "Actual Rows": 1,
                                    "Actual Loops": 1
                                },
                                {
                                    "Worker Number": 1,
                                    "Actual Startup Time": 497.992,
                                    "Actual Total Time": 497.998,
                                    "Actual Rows": 1,
                                    "Actual Loops": 1
                                },
                                {
                                    "Worker Number": 2,
                                    "Actual Startup Time": 498.116,
                                    "Actual Total Time": 498.121,
                                    "Actual Rows": 1,
                                    "Actual Loops": 1
                                }
                            ],
                            "Plans": [
                                {
                                    "Node Type": "Hash Join",
                                    "Parent Relationship": "Outer",
                                    "Parallel Aware": true,
                                    "Join Type": "Inner",
                                    "Startup Cost": 223764.3,
                                    "Total Cost": 268543.49,
                                    "Plan Rows": 129685,
                                    "Plan Width": 0,
                                    "Actual Startup Time": 296.426,
                                    "Actual Total Time": 490.825,
                                    "Actual Rows": 223967,
                                    "Actual Loops": 4,
                                    "Inner Unique": false,
                                    "Hash Cond": "(mk.movie_id = t.id)",
                                    "Workers": [
                                        {
                                            "Worker Number": 0,
                                            "Actual Startup Time": 293.698,
                                            "Actual Total Time": 488.166,
                                            "Actual Rows": 241061,
                                            "Actual Loops": 1
                                        },
                                        {
                                            "Worker Number": 1,
                                            "Actual Startup Time": 293.725,
                                            "Actual Total Time": 487.676,
                                            "Actual Rows": 153204,
                                            "Actual Loops": 1
                                        },
                                        {
                                            "Worker Number": 2,
                                            "Actual Startup Time": 293.692,
                                            "Actual Total Time": 488.057,
                                            "Actual Rows": 245965,
                                            "Actual Loops": 1
                                        }
                                    ],
                                    "Plans": [
                                        {
                                            "Node Type": "Seq Scan",
                                            "Parent Relationship": "Outer",
                                            "Parallel Aware": true,
                                            "Relation Name": "movie_keyword",
                                            "Schema": "public",
                                            "Alias": "mk",
                                            "Startup Cost": 0.0,
                                            "Total Cost": 39047.32,
                                            "Plan Rows": 1459332,
                                            "Plan Width": 4,
                                            "Actual Startup Time": 0.017,
                                            "Actual Total Time": 87.843,
                                            "Actual Rows": 1130982,
                                            "Actual Loops": 4,
                                            "Output": [
                                                "mk.id",
                                                "mk.movie_id",
                                                "mk.keyword_id"
                                            ],
                                            "Workers": [
                                                {
                                                    "Worker Number": 0,
                                                    "Actual Startup Time": 0.019,
                                                    "Actual Total Time": 89.397,
                                                    "Actual Rows": 1238575,
                                                    "Actual Loops": 1
                                                },
                                                {
                                                    "Worker Number": 1,
                                                    "Actual Startup Time": 0.021,
                                                    "Actual Total Time": 89.92,
                                                    "Actual Rows": 770895,
                                                    "Actual Loops": 1
                                                },
                                                {
                                                    "Worker Number": 2,
                                                    "Actual Startup Time": 0.017,
                                                    "Actual Total Time": 89.217,
                                                    "Actual Rows": 1236170,
                                                    "Actual Loops": 1
                                                }
                                            ]
                                        },
                                        {
                                            "Node Type": "Hash",
                                            "Parent Relationship": "Inner",
                                            "Parallel Aware": true,
                                            "Startup Cost": 223202.6,
                                            "Total Cost": 223202.6,
                                            "Plan Rows": 44936,
                                            "Plan Width": 8,
                                            "Actual Startup Time": 295.372,
                                            "Actual Total Time": 295.376,
                                            "Actual Rows": 41662,
                                            "Actual Loops": 4,
                                            "Output": [
                                                "t.id",
                                                "mi.movie_id"
                                            ],
                                            "Hash Buckets": 262144,
                                            "Original Hash Buckets": 262144,
                                            "Hash Batches": 1,
                                            "Original Hash Batches": 1,
                                            "Peak Memory Usage": 8640,
                                            "Workers": [
                                                {
                                                    "Worker Number": 0,
                                                    "Actual Startup Time": 293.004,
                                                    "Actual Total Time": 293.007,
                                                    "Actual Rows": 38186,
                                                    "Actual Loops": 1
                                                },
                                                {
                                                    "Worker Number": 1,
                                                    "Actual Startup Time": 293.008,
                                                    "Actual Total Time": 293.012,
                                                    "Actual Rows": 45075,
                                                    "Actual Loops": 1
                                                },
                                                {
                                                    "Worker Number": 2,
                                                    "Actual Startup Time": 293.248,
                                                    "Actual Total Time": 293.251,
                                                    "Actual Rows": 38807,
                                                    "Actual Loops": 1
                                                }
                                            ],
                                            "Plans": [
                                                {
                                                    "Node Type": "Hash Join",
                                                    "Parent Relationship": "Outer",
                                                    "Parallel Aware": true,
                                                    "Join Type": "Inner",
                                                    "Startup Cost": 59381.09,
                                                    "Total Cost": 223202.6,
                                                    "Plan Rows": 44936,
                                                    "Plan Width": 8,
                                                    "Actual Startup Time": 207.678,
                                                    "Actual Total Time": 282.079,
                                                    "Actual Rows": 41662,
                                                    "Actual Loops": 4,
                                                    "Output": [
                                                        "t.id",
                                                        "mi.movie_id"
                                                    ],
                                                    "Inner Unique": true,
                                                    "Hash Cond": "(mi.movie_id = t.id)",
                                                    "Workers": [
                                                        {
                                                            "Worker Number": 0,
                                                            "Actual Startup Time": 205.311,
                                                            "Actual Total Time": 280.146,
                                                            "Actual Rows": 38186,
                                                            "Actual Loops": 1
                                                        },
                                                        {
                                                            "Worker Number": 1,
                                                            "Actual Startup Time": 204.97,
                                                            "Actual Total Time": 279.924,
                                                            "Actual Rows": 45075,
                                                            "Actual Loops": 1
                                                        },
                                                        {
                                                            "Worker Number": 2,
                                                            "Actual Startup Time": 205.876,
                                                            "Actual Total Time": 280.035,
                                                            "Actual Rows": 38807,
                                                            "Actual Loops": 1
                                                        }
                                                    ],
                                                    "Plans": [
                                                        {
                                                            "Node Type": "Bitmap Heap Scan",
                                                            "Parent Relationship": "Outer",
                                                            "Parallel Aware": true,
                                                            "Relation Name": "movie_info",
                                                            "Schema": "public",
                                                            "Alias": "mi",
                                                            "Startup Cost": 10965.05,
                                                            "Total Cost": 174469.22,
                                                            "Plan Rows": 120893,
                                                            "Plan Width": 4,
                                                            "Actual Startup Time": 48.34,
                                                            "Actual Total Time": 89.458,
                                                            "Actual Rows": 149614,
                                                            "Actual Loops": 4,
                                                            "Output": [
                                                                "mi.id",
                                                                "mi.movie_id",
                                                                "mi.info_type_id",
                                                                "mi.info",
                                                                "mi.note"
                                                            ],
                                                            "Recheck Cond": "(mi.info_type_id = 15)",
                                                            "Rows Removed by Index Recheck": 0,
                                                            "Exact Heap Blocks": 6280,
                                                            "Lossy Heap Blocks": 0,
                                                            "Workers": [
                                                                {
                                                                    "Worker Number": 0,
                                                                    "Actual Startup Time": 48.377,
                                                                    "Actual Total Time": 90.684,
                                                                    "Actual Rows": 146278,
                                                                    "Actual Loops": 1
                                                                },
                                                                {
                                                                    "Worker Number": 1,
                                                                    "Actual Startup Time": 48.169,
                                                                    "Actual Total Time": 91.329,
                                                                    "Actual Rows": 127645,
                                                                    "Actual Loops": 1
                                                                },
                                                                {
                                                                    "Worker Number": 2,
                                                                    "Actual Startup Time": 48.358,
                                                                    "Actual Total Time": 90.929,
                                                                    "Actual Rows": 146737,
                                                                    "Actual Loops": 1
                                                                }
                                                            ],
                                                            "Plans": [
                                                                {
                                                                    "Node Type": "Bitmap Index Scan",
                                                                    "Parent Relationship": "Outer",
                                                                    "Parallel Aware": false,
                                                                    "Index Name": "info_type_id_movie_info",
                                                                    "Startup Cost": 0.0,
                                                                    "Total Cost": 10813.94,
                                                                    "Plan Rows": 604467,
                                                                    "Plan Width": 0,
                                                                    "Actual Startup Time": 43.125,
                                                                    "Actual Total Time": 43.125,
                                                                    "Actual Rows": 598457,
                                                                    "Actual Loops": 1,
                                                                    "Index Cond": "(mi.info_type_id = 15)",
                                                                    "Workers": [
                                                                        {
                                                                            "Worker Number": 1,
                                                                            "Actual Startup Time": 43.125,
                                                                            "Actual Total Time": 43.125,
                                                                            "Actual Rows": 598457,
                                                                            "Actual Loops": 1
                                                                        }
                                                                    ]
                                                                }
                                                            ]
                                                        },
                                                        {
                                                            "Node Type": "Hash",
                                                            "Parent Relationship": "Inner",
                                                            "Parallel Aware": true,
                                                            "Startup Cost": 45479.21,
                                                            "Total Cost": 45479.21,
                                                            "Plan Rows": 234946,
                                                            "Plan Width": 4,
                                                            "Actual Startup Time": 157.133,
                                                            "Actual Total Time": 157.134,
                                                            "Actual Rows": 219009,
                                                            "Actual Loops": 4,
                                                            "Output": [
                                                                "t.id"
                                                            ],
                                                            "Hash Buckets": 1048576,
                                                            "Original Hash Buckets": 1048576,
                                                            "Hash Batches": 1,
                                                            "Original Hash Batches": 1,
                                                            "Peak Memory Usage": 42528,
                                                            "Workers": [
                                                                {
                                                                    "Worker Number": 0,
                                                                    "Actual Startup Time": 156.838,
                                                                    "Actual Total Time": 156.839,
                                                                    "Actual Rows": 218903,
                                                                    "Actual Loops": 1
                                                                },
                                                                {
                                                                    "Worker Number": 1,
                                                                    "Actual Startup Time": 156.696,
                                                                    "Actual Total Time": 156.698,
                                                                    "Actual Rows": 149556,
                                                                    "Actual Loops": 1
                                                                },
                                                                {
                                                                    "Worker Number": 2,
                                                                    "Actual Startup Time": 156.94,
                                                                    "Actual Total Time": 156.941,
                                                                    "Actual Rows": 220340,
                                                                    "Actual Loops": 1
                                                                }
                                                            ],
                                                            "Plans": [
                                                                {
                                                                    "Node Type": "Seq Scan",
                                                                    "Parent Relationship": "Outer",
                                                                    "Parallel Aware": true,
                                                                    "Relation Name": "title",
                                                                    "Schema": "public",
                                                                    "Alias": "t",
                                                                    "Startup Cost": 0.0,
                                                                    "Total Cost": 45479.21,
                                                                    "Plan Rows": 234946,
                                                                    "Plan Width": 4,
                                                                    "Actual Startup Time": 0.044,
                                                                    "Actual Total Time": 93.374,
                                                                    "Actual Rows": 219009,
                                                                    "Actual Loops": 4,
                                                                    "Output": [
                                                                        "t.id"
                                                                    ],
                                                                    "Filter": "((t.production_year < 2007) AND (t.kind_id = 7))",
                                                                    "Rows Removed by Filter": 413069,
                                                                    "Workers": [
                                                                        {
                                                                            "Worker Number": 0,
                                                                            "Actual Startup Time": 0.049,
                                                                            "Actual Total Time": 93.387,
                                                                            "Actual Rows": 218903,
                                                                            "Actual Loops": 1
                                                                        },
                                                                        {
                                                                            "Worker Number": 1,
                                                                            "Actual Startup Time": 0.068,
                                                                            "Actual Total Time": 96.185,
                                                                            "Actual Rows": 149556,
                                                                            "Actual Loops": 1
                                                                        },
                                                                        {
                                                                            "Worker Number": 2,
                                                                            "Actual Startup Time": 0.047,
                                                                            "Actual Total Time": 94.231,
                                                                            "Actual Rows": 220340,
                                                                            "Actual Loops": 1
                                                                        }
                                                                    ]
                                                                }
                                                            ]
                                                        }
                                                    ]
                                                }
                                            ]
                                        }
                                    ]
                                }
                            ]
                        }
                    ]
                }
            ]
        },
        "Planning Time": 194.451,
        "Triggers": [],
        "Execution Time": 528.211
    }
]