{
  "Plan": {
    "Node Type": "Aggregate",
    "Strategy": "Plain",
    "Partial Mode": "Finalize",
    "Parallel Aware": false,
    "Startup Cost": 344594.3,
    "Total Cost": 344594.31,
    "Plan Rows": 1,
    "Plan Width": 8,
    "Actual Startup Time": 1633.775,
    "Actual Total Time": 1676.65,
    "Actual Rows": 1,
    "Actual Loops": 1,
    "Plans": [
      {
        "Node Type": "Gather",
        "Parent Relationship": "Outer",
        "Parallel Aware": false,
        "Startup Cost": 344594.18,
        "Total Cost": 344594.29,
        "Plan Rows": 1,
        "Plan Width": 8,
        "Actual Startup Time": 1632.468,
        "Actual Total Time": 1676.64,
        "Actual Rows": 2,
        "Actual Loops": 1,
        "Workers Planned": 1,
        "Workers Launched": 1,
        "Single Copy": false,
        "Plans": [
          {
            "Node Type": "Aggregate",
            "Strategy": "Plain",
            "Partial Mode": "Partial",
            "Parent Relationship": "Outer",
            "Parallel Aware": false,
            "Startup Cost": 343594.18,
            "Total Cost": 343594.19,
            "Plan Rows": 1,
            "Plan Width": 8,
            "Actual Startup Time": 1626.444,
            "Actual Total Time": 1626.449,
            "Actual Rows": 1,
            "Actual Loops": 2,
            "Plans": [
              {
                "Node Type": "Hash Join",
                "Parent Relationship": "Outer",
                "Parallel Aware": true,
                "Join Type": "Inner",
                "Startup Cost": 60522.46,
                "Total Cost": 340709.14,
                "Plan Rows": 1154018,
                "Plan Width": 0,
                "Actual Startup Time": 329.963,
                "Actual Total Time": 1584.472,
                "Actual Rows": 1068544,
                "Actual Loops": 2,
                "Inner Unique": true,
                "Hash Cond": "(mi.movie_id = t.id)",
                "Plans": [
                  {
                    "Node Type": "Seq Scan",
                    "Parent Relationship": "Outer",
                    "Parallel Aware": true,
                    "Relation Name": "movie_info",
                    "Alias": "mi",
                    "Startup Cost": 0.0,
                    "Total Cost": 270696.42,
                    "Plan Rows": 3615331,
                    "Plan Width": 4,
                    "Actual Startup Time": 34.566,
                    "Actual Total Time": 678.484,
                    "Actual Rows": 3041714,
                    "Actual Loops": 2,
                    "Filter": "(info_type_id > 9)",
                    "Rows Removed by Filter": 4376146
                  },
                  {
                    "Node Type": "Hash",
                    "Parent Relationship": "Inner",
                    "Parallel Aware": true,
                    "Startup Cost": 54588.39,
                    "Total Cost": 54588.39,
                    "Plan Rows": 474726,
                    "Plan Width": 4,
                    "Actual Startup Time": 286.187,
                    "Actual Total Time": 286.188,
                    "Actual Rows": 406352,
                    "Actual Loops": 2,
                    "Hash Buckets": 1048576,
                    "Original Hash Buckets": 1048576,
                    "Hash Batches": 1,
                    "Original Hash Batches": 1,
                    "Peak Memory Usage": 40000,
                    "Plans": [
                      {
                        "Node Type": "Seq Scan",
                        "Parent Relationship": "Outer",
                        "Parallel Aware": true,
                        "Relation Name": "title",
                        "Alias": "t",
                        "Startup Cost": 0.0,
                        "Total Cost": 54588.39,
                        "Plan Rows": 474726,
                        "Plan Width": 4,
                        "Actual Startup Time": 0.039,
                        "Actual Total Time": 160.435,
                        "Actual Rows": 406352,
                        "Actual Loops": 2,
                        "Filter": "(production_year < 1995)",
                        "Rows Removed by Filter": 857804
                      }
                    ]
                  }
                ]
              }
            ]
          }
        ]
      }
    ]
  },
  "Planning Time": 0.629,
  "Triggers": [],
  "Execution Time": 1676.725
}