{
  "Plan": {
    "Node Type": "Aggregate",
    "Strategy": "Plain",
    "Partial Mode": "Finalize",
    "Parallel Aware": false,
    "Startup Cost": 467433.11,
    "Total Cost": 467433.12,
    "Plan Rows": 1,
    "Plan Width": 8,
    "Actual Startup Time": 1823.527,
    "Actual Total Time": 1844.462,
    "Actual Rows": 1,
    "Actual Loops": 1,
    "Plans": [
      {
        "Node Type": "Gather",
        "Parent Relationship": "Outer",
        "Parallel Aware": false,
        "Startup Cost": 467433.0,
        "Total Cost": 467433.11,
        "Plan Rows": 1,
        "Plan Width": 8,
        "Actual Startup Time": 1819.53,
        "Actual Total Time": 1844.452,
        "Actual Rows": 2,
        "Actual Loops": 1,
        "Workers Planned": 1,
        "Workers Launched": 1,
        "Single Copy": false,
        "Plans": [
          {
            "Node Type": "Aggregate",
            "Strategy": "Plain",
            "Partial Mode": "Partial",
            "Parent Relationship": "Outer",
            "Parallel Aware": false,
            "Startup Cost": 466433.0,
            "Total Cost": 466433.01,
            "Plan Rows": 1,
            "Plan Width": 8,
            "Actual Startup Time": 1813.558,
            "Actual Total Time": 1814.412,
            "Actual Rows": 1,
            "Actual Loops": 2,
            "Plans": [
              {
                "Node Type": "Hash Join",
                "Parent Relationship": "Outer",
                "Parallel Aware": true,
                "Join Type": "Inner",
                "Startup Cost": 176753.87,
                "Total Cost": 465501.42,
                "Plan Rows": 372631,
                "Plan Width": 0,
                "Actual Startup Time": 876.548,
                "Actual Total Time": 1714.505,
                "Actual Rows": 2384874,
                "Actual Loops": 2,
                "Inner Unique": false,
                "Hash Cond": "(ci.movie_id = t.id)",
                "Plans": [
                  {
                    "Node Type": "Bitmap Heap Scan",
                    "Parent Relationship": "Outer",
                    "Parallel Aware": true,
                    "Relation Name": "cast_info",
                    "Alias": "ci",
                    "Startup Cost": 78260.18,
                    "Total Cost": 356999.94,
                    "Plan Rows": 2084221,
                    "Plan Width": 4,
                    "Actual Startup Time": 146.042,
                    "Actual Total Time": 370.13,
                    "Actual Rows": 1690778,
                    "Actual Loops": 2,
                    "Recheck Cond": "(person_id > 3441007)",
                    "Rows Removed by Index Recheck": 0,
                    "Exact Heap Blocks": 27323,
                    "Lossy Heap Blocks": 0,
                    "Plans": [
                      {
                        "Node Type": "Bitmap Index Scan",
                        "Parent Relationship": "Outer",
                        "Parallel Aware": false,
                        "Index Name": "person_id_cast_info",
                        "Startup Cost": 0.0,
                        "Total Cost": 77374.39,
                        "Plan Rows": 3543176,
                        "Plan Width": 0,
                        "Actual Startup Time": 137.715,
                        "Actual Total Time": 137.715,
                        "Actual Rows": 3381556,
                        "Actual Loops": 1,
                        "Index Cond": "(person_id > 3441007)"
                      }
                    ]
                  },
                  {
                    "Node Type": "Hash",
                    "Parent Relationship": "Inner",
                    "Parallel Aware": true,
                    "Startup Cost": 95169.98,
                    "Total Cost": 95169.98,
                    "Plan Rows": 265897,
                    "Plan Width": 8,
                    "Actual Startup Time": 724.549,
                    "Actual Total Time": 725.4,
                    "Actual Rows": 512754,
                    "Actual Loops": 2,
                    "Hash Buckets": 1048576,
                    "Original Hash Buckets": 524288,
                    "Hash Batches": 1,
                    "Original Hash Batches": 1,
                    "Peak Memory Usage": 52416,
                    "Plans": [
                      {
                        "Node Type": "Hash Join",
                        "Parent Relationship": "Outer",
                        "Parallel Aware": true,
                        "Join Type": "Inner",
                        "Startup Cost": 57003.35,
                        "Total Cost": 95169.98,
                        "Plan Rows": 265897,
                        "Plan Width": 8,
                        "Actual Startup Time": 238.355,
                        "Actual Total Time": 584.385,
                        "Actual Rows": 512754,
                        "Actual Loops": 2,
                        "Inner Unique": true,
                        "Hash Cond": "(mc.movie_id = t.id)",
                        "Plans": [
                          {
                            "Node Type": "Seq Scan",
                            "Parent Relationship": "Outer",
                            "Parallel Aware": true,
                            "Relation Name": "movie_companies",
                            "Alias": "mc",
                            "Startup Cost": 0.0,
                            "Total Cost": 34137.82,
                            "Plan Rows": 1534782,
                            "Plan Width": 4,
                            "Actual Startup Time": 0.014,
                            "Actual Total Time": 112.23,
                            "Actual Rows": 1304564,
                            "Actual Loops": 2
                          },
                          {
                            "Node Type": "Hash",
                            "Parent Relationship": "Inner",
                            "Parallel Aware": true,
                            "Startup Cost": 53782.61,
                            "Total Cost": 53782.61,
                            "Plan Rows": 257659,
                            "Plan Width": 4,
                            "Actual Startup Time": 172.698,
                            "Actual Total Time": 172.7,
                            "Actual Rows": 236959,
                            "Actual Loops": 2,
                            "Hash Buckets": 524288,
                            "Original Hash Buckets": 524288,
                            "Hash Batches": 1,
                            "Original Hash Batches": 1,
                            "Peak Memory Usage": 22656,
                            "Plans": [
                              {
                                "Node Type": "Bitmap Heap Scan",
                                "Parent Relationship": "Outer",
                                "Parallel Aware": true,
                                "Relation Name": "title",
                                "Alias": "t",
                                "Startup Cost": 11932.35,
                                "Total Cost": 53782.61,
                                "Plan Rows": 257659,
                                "Plan Width": 4,
                                "Actual Startup Time": 30.475,
                                "Actual Total Time": 103.854,
                                "Actual Rows": 236959,
                                "Actual Loops": 2,
                                "Recheck Cond": "(kind_id = 1)",
                                "Rows Removed by Index Recheck": 0,
                                "Filter": "(production_year < 2008)",
                                "Rows Removed by Filter": 94454,
                                "Exact Heap Blocks": 8014,
                                "Lossy Heap Blocks": 0,
                                "Plans": [
                                  {
                                    "Node Type": "Bitmap Index Scan",
                                    "Parent Relationship": "Outer",
                                    "Parallel Aware": false,
                                    "Index Name": "kind_id_title",
                                    "Startup Cost": 0.0,
                                    "Total Cost": 11822.85,
                                    "Plan Rows": 663256,
                                    "Plan Width": 0,
                                    "Actual Startup Time": 28.582,
                                    "Actual Total Time": 28.582,
                                    "Actual Rows": 662825,
                                    "Actual Loops": 1,
                                    "Index Cond": "(kind_id = 1)"
                                  }
                                ]
                              }
                            ]
                          }
                        ]
                      }
                    ]
                  }
                ]
              }
            ]
          }
        ]
      }
    ]
  },
  "Planning Time": 1.164,
  "Triggers": [],
  "Execution Time": 1844.583
}