[
  {
    "Plan": {
      "Node Type": "Aggregate",
      "Strategy": "Plain",
      "Partial Mode": "Finalize",
      "Parallel Aware": false,
      "Startup Cost": 64040.47,
      "Total Cost": 64040.48,
      "Plan Rows": 1,
      "Plan Width": 8,
      "Actual Startup Time": 308.566,
      "Actual Total Time": 321.736,
      "Actual Rows": 1,
      "Actual Loops": 1,
      "Plans": [
        {
          "Node Type": "Gather",
          "Parent Relationship": "Outer",
          "Parallel Aware": false,
          "Startup Cost": 64040.25,
          "Total Cost": 64040.46,
          "Plan Rows": 2,
          "Plan Width": 8,
          "Actual Startup Time": 306.966,
          "Actual Total Time": 321.729,
          "Actual Rows": 3,
          "Actual Loops": 1,
          "Workers Planned": 2,
          "Workers Launched": 2,
          "Single Copy": false,
          "Plans": [
            {
              "Node Type": "Aggregate",
              "Strategy": "Plain",
              "Partial Mode": "Partial",
              "Parent Relationship": "Outer",
              "Parallel Aware": false,
              "Startup Cost": 63040.25,
              "Total Cost": 63040.26,
              "Plan Rows": 1,
              "Plan Width": 8,
              "Actual Startup Time": 299.614,
              "Actual Total Time": 299.616,
              "Actual Rows": 1,
              "Actual Loops": 3,
              "Plans": [
                {
                  "Node Type": "Hash Join",
                  "Parent Relationship": "Outer",
                  "Parallel Aware": true,
                  "Join Type": "Inner",
                  "Startup Cost": 47481.39,
                  "Total Cost": 62675.95,
                  "Plan Rows": 145723,
                  "Plan Width": 0,
                  "Actual Startup Time": 220.114,
                  "Actual Total Time": 290.988,
                  "Actual Rows": 207651,
                  "Actual Loops": 3,
                  "Inner Unique": true,
                  "Hash Cond": "(mi_idx.movie_id = t.id)",
                  "Plans": [
                    {
                      "Node Type": "Seq Scan",
                      "Parent Relationship": "Outer",
                      "Parallel Aware": true,
                      "Relation Name": "movie_info_idx",
                      "Alias": "mi_idx",
                      "Startup Cost": 0.0,
                      "Total Cost": 13685.15,
                      "Plan Rows": 575015,
                      "Plan Width": 4,
                      "Actual Startup Time": 0.021,
                      "Actual Total Time": 34.728,
                      "Actual Rows": 460012,
                      "Actual Loops": 3
                    },
                    {
                      "Node Type": "Hash",
                      "Parent Relationship": "Inner",
                      "Parallel Aware": true,
                      "Startup Cost": 45479.1,
                      "Total Cost": 45479.1,
                      "Plan Rows": 160183,
                      "Plan Width": 4,
                      "Actual Startup Time": 178.19,
                      "Actual Total Time": 178.19,
                      "Actual Rows": 213140,
                      "Actual Loops": 3,
                      "Hash Buckets": 1048576,
                      "Original Hash Buckets": 1048576,
                      "Hash Batches": 1,
                      "Original Hash Batches": 1,
                      "Peak Memory Usage": 33248,
                      "Plans": [
                        {
                          "Node Type": "Seq Scan",
                          "Parent Relationship": "Outer",
                          "Parallel Aware": true,
                          "Relation Name": "title",
                          "Alias": "t",
                          "Startup Cost": 0.0,
                          "Total Cost": 45479.1,
                          "Plan Rows": 160183,
                          "Plan Width": 4,
                          "Actual Startup Time": 50.827,
                          "Actual Total Time": 123.351,
                          "Actual Rows": 213140,
                          "Actual Loops": 3,
                          "Filter": "((production_year > 1906) AND (kind_id = 1))",
                          "Rows Removed by Filter": 629631
                        }
                      ]
                    }
                  ]
                }
              ]
            }
          ]
        }
      ]
    },
    "Planning Time": 0.523,
    "Triggers": [],
    "Execution Time": 321.807
  }
]