[
    {
        "Bao": {
            "Bao prediction": "NaN",
            "Bao recommended hint": "(no hint)"
        }
    },
    {
        "Plan": {
            "Node Type": "Aggregate",
            "Strategy": "Plain",
            "Partial Mode": "Finalize",
            "Parallel Aware": false,
            "Startup Cost": 505528.19,
            "Total Cost": 505528.2,
            "Plan Rows": 1,
            "Plan Width": 8,
            "Actual Startup Time": 6071.573,
            "Actual Total Time": 6135.488,
            "Actual Rows": 1,
            "Actual Loops": 1,
            "Output": [
                "count(*)"
            ],
            "Plans": [
                {
                    "Node Type": "Gather",
                    "Parent Relationship": "Outer",
                    "Parallel Aware": false,
                    "Startup Cost": 505527.56,
                    "Total Cost": 505528.17,
                    "Plan Rows": 6,
                    "Plan Width": 8,
                    "Actual Startup Time": 6024.158,
                    "Actual Total Time": 6135.474,
                    "Actual Rows": 7,
                    "Actual Loops": 1,
                    "Output": [
                        "(PARTIAL count(*))"
                    ],
                    "Workers Planned": 6,
                    "Workers Launched": 6,
                    "Single Copy": false,
                    "Plans": [
                        {
                            "Node Type": "Aggregate",
                            "Strategy": "Plain",
                            "Partial Mode": "Partial",
                            "Parent Relationship": "Outer",
                            "Parallel Aware": false,
                            "Startup Cost": 504527.56,
                            "Total Cost": 504527.57,
                            "Plan Rows": 1,
                            "Plan Width": 8,
                            "Actual Startup Time": 6010.465,
                            "Actual Total Time": 6011.999,
                            "Actual Rows": 1,
                            "Actual Loops": 7,
                            "Output": [
                                "PARTIAL count(*)"
                            ],
                            "Workers": [
                                {
                                    "Worker Number": 0,
                                    "Actual Startup Time": 6007.468,
                                    "Actual Total Time": 6007.473,
                                    "Actual Rows": 1,
                                    "Actual Loops": 1
                                },
                                {
                                    "Worker Number": 1,
                                    "Actual Startup Time": 6007.47,
                                    "Actual Total Time": 6007.475,
                                    "Actual Rows": 1,
                                    "Actual Loops": 1
                                },
                                {
                                    "Worker Number": 2,
                                    "Actual Startup Time": 6007.608,
                                    "Actual Total Time": 6007.613,
                                    "Actual Rows": 1,
                                    "Actual Loops": 1
                                },
                                {
                                    "Worker Number": 3,
                                    "Actual Startup Time": 6011.512,
                                    "Actual Total Time": 6011.517,
                                    "Actual Rows": 1,
                                    "Actual Loops": 1
                                },
                                {
                                    "Worker Number": 4,
                                    "Actual Startup Time": 6007.688,
                                    "Actual Total Time": 6007.694,
                                    "Actual Rows": 1,
                                    "Actual Loops": 1
                                },
                                {
                                    "Worker Number": 5,
                                    "Actual Startup Time": 6007.72,
                                    "Actual Total Time": 6007.725,
                                    "Actual Rows": 1,
                                    "Actual Loops": 1
                                }
                            ],
                            "Plans": [
                                {
                                    "Node Type": "Hash Join",
                                    "Parent Relationship": "Outer",
                                    "Parallel Aware": true,
                                    "Join Type": "Inner",
                                    "Startup Cost": 112851.11,
                                    "Total Cost": 480116.08,
                                    "Plan Rows": 9764594,
                                    "Plan Width": 0,
                                    "Actual Startup Time": 608.11,
                                    "Actual Total Time": 4774.875,
                                    "Actual Rows": 28423055,
                                    "Actual Loops": 7,
                                    "Inner Unique": false,
                                    "Hash Cond": "(ci.movie_id = t.id)",
                                    "Workers": [
                                        {
                                            "Worker Number": 0,
                                            "Actual Startup Time": 605.64,
                                            "Actual Total Time": 4784.243,
                                            "Actual Rows": 25681902,
                                            "Actual Loops": 1
                                        },
                                        {
                                            "Worker Number": 1,
                                            "Actual Startup Time": 605.685,
                                            "Actual Total Time": 4718.81,
                                            "Actual Rows": 21253608,
                                            "Actual Loops": 1
                                        },
                                        {
                                            "Worker Number": 2,
                                            "Actual Startup Time": 605.86,
                                            "Actual Total Time": 4776.603,
                                            "Actual Rows": 30275720,
                                            "Actual Loops": 1
                                        },
                                        {
                                            "Worker Number": 3,
                                            "Actual Startup Time": 605.9,
                                            "Actual Total Time": 4789.972,
                                            "Actual Rows": 30065436,
                                            "Actual Loops": 1
                                        },
                                        {
                                            "Worker Number": 4,
                                            "Actual Startup Time": 605.833,
                                            "Actual Total Time": 4778.087,
                                            "Actual Rows": 30289380,
                                            "Actual Loops": 1
                                        },
                                        {
                                            "Worker Number": 5,
                                            "Actual Startup Time": 605.847,
                                            "Actual Total Time": 4779.236,
                                            "Actual Rows": 30231039,
                                            "Actual Loops": 1
                                        }
                                    ],
                                    "Plans": [
                                        {
                                            "Node Type": "Seq Scan",
                                            "Parent Relationship": "Outer",
                                            "Parallel Aware": true,
                                            "Relation Name": "cast_info",
                                            "Schema": "public",
                                            "Alias": "ci",
                                            "Startup Cost": 0.0,
                                            "Total Cost": 313108.29,
                                            "Plan Rows": 6042129,
                                            "Plan Width": 4,
                                            "Actual Startup Time": 0.03,
                                            "Actual Total Time": 479.397,
                                            "Actual Rows": 5177763,
                                            "Actual Loops": 7,
                                            "Output": [
                                                "ci.id",
                                                "ci.person_id",
                                                "ci.movie_id",
                                                "ci.person_role_id",
                                                "ci.note",
                                                "ci.nr_order",
                                                "ci.role_id"
                                            ],
                                            "Workers": [
                                                {
                                                    "Worker Number": 0,
                                                    "Actual Startup Time": 0.04,
                                                    "Actual Total Time": 483.511,
                                                    "Actual Rows": 4642586,
                                                    "Actual Loops": 1
                                                },
                                                {
                                                    "Worker Number": 1,
                                                    "Actual Startup Time": 0.04,
                                                    "Actual Total Time": 495.919,
                                                    "Actual Rows": 3706554,
                                                    "Actual Loops": 1
                                                },
                                                {
                                                    "Worker Number": 2,
                                                    "Actual Startup Time": 0.03,
                                                    "Actual Total Time": 494.473,
                                                    "Actual Rows": 5573434,
                                                    "Actual Loops": 1
                                                },
                                                {
                                                    "Worker Number": 3,
                                                    "Actual Startup Time": 0.03,
                                                    "Actual Total Time": 489.49,
                                                    "Actual Rows": 5486696,
                                                    "Actual Loops": 1
                                                },
                                                {
                                                    "Worker Number": 4,
                                                    "Actual Startup Time": 0.028,
                                                    "Actual Total Time": 490.72,
                                                    "Actual Rows": 5526064,
                                                    "Actual Loops": 1
                                                },
                                                {
                                                    "Worker Number": 5,
                                                    "Actual Startup Time": 0.032,
                                                    "Actual Total Time": 495.265,
                                                    "Actual Rows": 5548357,
                                                    "Actual Loops": 1
                                                }
                                            ]
                                        },
                                        {
                                            "Node Type": "Hash",
                                            "Parent Relationship": "Inner",
                                            "Parallel Aware": true,
                                            "Startup Cost": 96375.37,
                                            "Total Cost": 96375.37,
                                            "Plan Rows": 1318059,
                                            "Plan Width": 8,
                                            "Actual Startup Time": 603.144,
                                            "Actual Total Time": 604.673,
                                            "Actual Rows": 583963,
                                            "Actual Loops": 7,
                                            "Output": [
                                                "t.id",
                                                "mk.movie_id"
                                            ],
                                            "Hash Buckets": 4194304,
                                            "Original Hash Buckets": 4194304,
                                            "Hash Batches": 1,
                                            "Original Hash Batches": 1,
                                            "Peak Memory Usage": 192800,
                                            "Workers": [
                                                {
                                                    "Worker Number": 0,
                                                    "Actual Startup Time": 604.603,
                                                    "Actual Total Time": 604.607,
                                                    "Actual Rows": 408274,
                                                    "Actual Loops": 1
                                                },
                                                {
                                                    "Worker Number": 1,
                                                    "Actual Startup Time": 604.582,
                                                    "Actual Total Time": 604.586,
                                                    "Actual Rows": 403746,
                                                    "Actual Loops": 1
                                                },
                                                {
                                                    "Worker Number": 2,
                                                    "Actual Startup Time": 604.905,
                                                    "Actual Total Time": 604.909,
                                                    "Actual Rows": 650718,
                                                    "Actual Loops": 1
                                                },
                                                {
                                                    "Worker Number": 3,
                                                    "Actual Startup Time": 604.896,
                                                    "Actual Total Time": 604.899,
                                                    "Actual Rows": 639438,
                                                    "Actual Loops": 1
                                                },
                                                {
                                                    "Worker Number": 4,
                                                    "Actual Startup Time": 605.017,
                                                    "Actual Total Time": 605.021,
                                                    "Actual Rows": 652719,
                                                    "Actual Loops": 1
                                                },
                                                {
                                                    "Worker Number": 5,
                                                    "Actual Startup Time": 604.904,
                                                    "Actual Total Time": 604.907,
                                                    "Actual Rows": 648070,
                                                    "Actual Loops": 1
                                                }
                                            ],
                                            "Plans": [
                                                {
                                                    "Node Type": "Hash Join",
                                                    "Parent Relationship": "Outer",
                                                    "Parallel Aware": true,
                                                    "Join Type": "Inner",
                                                    "Startup Cost": 50219.81,
                                                    "Total Cost": 96375.37,
                                                    "Plan Rows": 1318059,
                                                    "Plan Width": 8,
                                                    "Actual Startup Time": 241.441,
                                                    "Actual Total Time": 436.388,
                                                    "Actual Rows": 583963,
                                                    "Actual Loops": 7,
                                                    "Output": [
                                                        "t.id",
                                                        "mk.movie_id"
                                                    ],
                                                    "Inner Unique": true,
                                                    "Hash Cond": "(mk.movie_id = t.id)",
                                                    "Workers": [
                                                        {
                                                            "Worker Number": 0,
                                                            "Actual Startup Time": 241.433,
                                                            "Actual Total Time": 435.415,
                                                            "Actual Rows": 408274,
                                                            "Actual Loops": 1
                                                        },
                                                        {
                                                            "Worker Number": 1,
                                                            "Actual Startup Time": 241.45,
                                                            "Actual Total Time": 435.735,
                                                            "Actual Rows": 403746,
                                                            "Actual Loops": 1
                                                        },
                                                        {
                                                            "Worker Number": 2,
                                                            "Actual Startup Time": 241.426,
                                                            "Actual Total Time": 434.593,
                                                            "Actual Rows": 650718,
                                                            "Actual Loops": 1
                                                        },
                                                        {
                                                            "Worker Number": 3,
                                                            "Actual Startup Time": 241.411,
                                                            "Actual Total Time": 436.421,
                                                            "Actual Rows": 639438,
                                                            "Actual Loops": 1
                                                        },
                                                        {
                                                            "Worker Number": 4,
                                                            "Actual Startup Time": 241.42,
                                                            "Actual Total Time": 434.69,
                                                            "Actual Rows": 652719,
                                                            "Actual Loops": 1
                                                        },
                                                        {
                                                            "Worker Number": 5,
                                                            "Actual Startup Time": 241.413,
                                                            "Actual Total Time": 434.793,
                                                            "Actual Rows": 648070,
                                                            "Actual Loops": 1
                                                        }
                                                    ],
                                                    "Plans": [
                                                        {
                                                            "Node Type": "Seq Scan",
                                                            "Parent Relationship": "Outer",
                                                            "Parallel Aware": true,
                                                            "Relation Name": "movie_keyword",
                                                            "Schema": "public",
                                                            "Alias": "mk",
                                                            "Startup Cost": 0.0,
                                                            "Total Cost": 42695.65,
                                                            "Plan Rows": 1318059,
                                                            "Plan Width": 4,
                                                            "Actual Startup Time": 0.028,
                                                            "Actual Total Time": 79.709,
                                                            "Actual Rows": 583963,
                                                            "Actual Loops": 7,
                                                            "Output": [
                                                                "mk.id",
                                                                "mk.movie_id",
                                                                "mk.keyword_id"
                                                            ],
                                                            "Filter": "(mk.keyword_id > 335)",
                                                            "Rows Removed by Filter": 62313,
                                                            "Workers": [
                                                                {
                                                                    "Worker Number": 0,
                                                                    "Actual Startup Time": 0.025,
                                                                    "Actual Total Time": 82.089,
                                                                    "Actual Rows": 408274,
                                                                    "Actual Loops": 1
                                                                },
                                                                {
                                                                    "Worker Number": 1,
                                                                    "Actual Startup Time": 0.032,
                                                                    "Actual Total Time": 82.483,
                                                                    "Actual Rows": 403746,
                                                                    "Actual Loops": 1
                                                                },
                                                                {
                                                                    "Worker Number": 2,
                                                                    "Actual Startup Time": 0.026,
                                                                    "Actual Total Time": 80.374,
                                                                    "Actual Rows": 650718,
                                                                    "Actual Loops": 1
                                                                },
                                                                {
                                                                    "Worker Number": 3,
                                                                    "Actual Startup Time": 0.019,
                                                                    "Actual Total Time": 80.147,
                                                                    "Actual Rows": 639438,
                                                                    "Actual Loops": 1
                                                                },
                                                                {
                                                                    "Worker Number": 4,
                                                                    "Actual Startup Time": 0.041,
                                                                    "Actual Total Time": 80.323,
                                                                    "Actual Rows": 652719,
                                                                    "Actual Loops": 1
                                                                },
                                                                {
                                                                    "Worker Number": 5,
                                                                    "Actual Startup Time": 0.043,
                                                                    "Actual Total Time": 80.354,
                                                                    "Actual Rows": 648070,
                                                                    "Actual Loops": 1
                                                                }
                                                            ]
                                                        },
                                                        {
                                                            "Node Type": "Hash",
                                                            "Parent Relationship": "Inner",
                                                            "Parallel Aware": true,
                                                            "Startup Cost": 42318.81,
                                                            "Total Cost": 42318.81,
                                                            "Plan Rows": 632080,
                                                            "Plan Width": 4,
                                                            "Actual Startup Time": 237.873,
                                                            "Actual Total Time": 237.874,
                                                            "Actual Rows": 361187,
                                                            "Actual Loops": 7,
                                                            "Output": [
                                                                "t.id"
                                                            ],
                                                            "Hash Buckets": 4194304,
                                                            "Original Hash Buckets": 4194304,
                                                            "Hash Batches": 1,
                                                            "Original Hash Batches": 1,
                                                            "Peak Memory Usage": 131808,
                                                            "Workers": [
                                                                {
                                                                    "Worker Number": 0,
                                                                    "Actual Startup Time": 241.301,
                                                                    "Actual Total Time": 241.303,
                                                                    "Actual Rows": 252086,
                                                                    "Actual Loops": 1
                                                                },
                                                                {
                                                                    "Worker Number": 1,
                                                                    "Actual Startup Time": 241.191,
                                                                    "Actual Total Time": 241.192,
                                                                    "Actual Rows": 249259,
                                                                    "Actual Loops": 1
                                                                },
                                                                {
                                                                    "Worker Number": 2,
                                                                    "Actual Startup Time": 241.32,
                                                                    "Actual Total Time": 241.321,
                                                                    "Actual Rows": 381513,
                                                                    "Actual Loops": 1
                                                                },
                                                                {
                                                                    "Worker Number": 3,
                                                                    "Actual Startup Time": 241.297,
                                                                    "Actual Total Time": 241.299,
                                                                    "Actual Rows": 377293,
                                                                    "Actual Loops": 1
                                                                },
                                                                {
                                                                    "Worker Number": 4,
                                                                    "Actual Startup Time": 241.316,
                                                                    "Actual Total Time": 241.317,
                                                                    "Actual Rows": 373825,
                                                                    "Actual Loops": 1
                                                                },
                                                                {
                                                                    "Worker Number": 5,
                                                                    "Actual Startup Time": 241.304,
                                                                    "Actual Total Time": 241.306,
                                                                    "Actual Rows": 376364,
                                                                    "Actual Loops": 1
                                                                }
                                                            ],
                                                            "Plans": [
                                                                {
                                                                    "Node Type": "Seq Scan",
                                                                    "Parent Relationship": "Outer",
                                                                    "Parallel Aware": true,
                                                                    "Relation Name": "title",
                                                                    "Schema": "public",
                                                                    "Alias": "t",
                                                                    "Startup Cost": 0.0,
                                                                    "Total Cost": 42318.81,
                                                                    "Plan Rows": 632080,
                                                                    "Plan Width": 4,
                                                                    "Actual Startup Time": 0.043,
                                                                    "Actual Total Time": 66.661,
                                                                    "Actual Rows": 361187,
                                                                    "Actual Loops": 7,
                                                                    "Output": [
                                                                        "t.id"
                                                                    ],
                                                                    "Workers": [
                                                                        {
                                                                            "Worker Number": 0,
                                                                            "Actual Startup Time": 0.045,
                                                                            "Actual Total Time": 69.964,
                                                                            "Actual Rows": 252086,
                                                                            "Actual Loops": 1
                                                                        },
                                                                        {
                                                                            "Worker Number": 1,
                                                                            "Actual Startup Time": 0.05,
                                                                            "Actual Total Time": 69.661,
                                                                            "Actual Rows": 249259,
                                                                            "Actual Loops": 1
                                                                        },
                                                                        {
                                                                            "Worker Number": 2,
                                                                            "Actual Startup Time": 0.048,
                                                                            "Actual Total Time": 68.339,
                                                                            "Actual Rows": 381513,
                                                                            "Actual Loops": 1
                                                                        },
                                                                        {
                                                                            "Worker Number": 3,
                                                                            "Actual Startup Time": 0.029,
                                                                            "Actual Total Time": 67.98,
                                                                            "Actual Rows": 377293,
                                                                            "Actual Loops": 1
                                                                        },
                                                                        {
                                                                            "Worker Number": 4,
                                                                            "Actual Startup Time": 0.064,
                                                                            "Actual Total Time": 67.633,
                                                                            "Actual Rows": 373825,
                                                                            "Actual Loops": 1
                                                                        },
                                                                        {
                                                                            "Worker Number": 5,
                                                                            "Actual Startup Time": 0.053,
                                                                            "Actual Total Time": 68.342,
                                                                            "Actual Rows": 376364,
                                                                            "Actual Loops": 1
                                                                        }
                                                                    ]
                                                                }
                                                            ]
                                                        }
                                                    ]
                                                }
                                            ]
                                        }
                                    ]
                                }
                            ]
                        }
                    ]
                }
            ]
        },
        "Planning Time": 177.56,
        "Triggers": [],
        "Execution Time": 6135.549
    }
]