[
  {
    "Plan": {
      "Node Type": "Aggregate",
      "Strategy": "Plain",
      "Partial Mode": "Finalize",
      "Parallel Aware": false,
      "Startup Cost": 47245.8,
      "Total Cost": 47245.81,
      "Plan Rows": 1,
      "Plan Width": 8,
      "Actual Startup Time": 117.728,
      "Actual Total Time": 129.772,
      "Actual Rows": 1,
      "Actual Loops": 1,
      "Plans": [
        {
          "Node Type": "Gather",
          "Parent Relationship": "Outer",
          "Parallel Aware": false,
          "Startup Cost": 47245.38,
          "Total Cost": 47245.79,
          "Plan Rows": 4,
          "Plan Width": 8,
          "Actual Startup Time": 117.365,
          "Actual Total Time": 129.754,
          "Actual Rows": 5,
          "Actual Loops": 1,
          "Workers Planned": 4,
          "Workers Launched": 4,
          "Single Copy": false,
          "Plans": [
            {
              "Node Type": "Aggregate",
              "Strategy": "Plain",
              "Partial Mode": "Partial",
              "Parent Relationship": "Outer",
              "Parallel Aware": false,
              "Startup Cost": 46245.38,
              "Total Cost": 46245.39,
              "Plan Rows": 1,
              "Plan Width": 8,
              "Actual Startup Time": 111.257,
              "Actual Total Time": 111.258,
              "Actual Rows": 1,
              "Actual Loops": 5,
              "Plans": [
                {
                  "Node Type": "Seq Scan",
                  "Parent Relationship": "Outer",
                  "Parallel Aware": true,
                  "Relation Name": "title",
                  "Alias": "t",
                  "Startup Cost": 0.0,
                  "Total Cost": 45479.59,
                  "Plan Rows": 306319,
                  "Plan Width": 0,
                  "Actual Startup Time": 0.034,
                  "Actual Total Time": 96.941,
                  "Actual Rows": 260998,
                  "Actual Loops": 5,
                  "Filter": "((kind_id > 4) AND (production_year > 1977))",
                  "Rows Removed by Filter": 244664
                }
              ]
            }
          ]
        }
      ]
    },
    "Planning Time": 0.197,
    "Triggers": [],
    "Execution Time": 129.84
  }
]