[
  {
    "Bao": {
      "Bao prediction": 149.004,
      "Bao recommended hint": "SET enable_hashjoin TO off; SET enable_mergejoin TO off; "
    }
  },
  {
    "Plan": {
      "Node Type": "Aggregate",
      "Strategy": "Plain",
      "Partial Mode": "Simple",
      "Parallel Aware": false,
      "Startup Cost": 3815.32,
      "Total Cost": 3815.33,
      "Plan Rows": 1,
      "Plan Width": 96,
      "Actual Startup Time": 260.998,
      "Actual Total Time": 261.009,
      "Actual Rows": 1,
      "Actual Loops": 1,
      "Plans": [
        {
          "Node Type": "Nested Loop",
          "Parent Relationship": "Outer",
          "Parallel Aware": false,
          "Join Type": "Inner",
          "Startup Cost": 11.92,
          "Total Cost": 3815.24,
          "Plan Rows": 10,
          "Plan Width": 46,
          "Actual Startup Time": 13.195,
          "Actual Total Time": 258.833,
          "Actual Rows": 4388,
          "Actual Loops": 1,
          "Inner Unique": true,
          "Plans": [
            {
              "Node Type": "Nested Loop",
              "Parent Relationship": "Outer",
              "Parallel Aware": false,
              "Join Type": "Inner",
              "Startup Cost": 11.49,
              "Total Cost": 3770.52,
              "Plan Rows": 10,
              "Plan Width": 33,
              "Actual Startup Time": 13.107,
              "Actual Total Time": 182.866,
              "Actual Rows": 4388,
              "Actual Loops": 1,
              "Inner Unique": true,
              "Plans": [
                {
                  "Node Type": "Nested Loop",
                  "Parent Relationship": "Outer",
                  "Parallel Aware": false,
                  "Join Type": "Inner",
                  "Startup Cost": 11.06,
                  "Total Cost": 3765.65,
                  "Plan Rows": 10,
                  "Plan Width": 24,
                  "Actual Startup Time": 13.031,
                  "Actual Total Time": 162.909,
                  "Actual Rows": 4388,
                  "Actual Loops": 1,
                  "Inner Unique": true,
                  "Join Filter": "(ml.link_type_id = lt.id)",
                  "Rows Removed by Join Filter": 30206,
                  "Plans": [
                    {
                      "Node Type": "Nested Loop",
                      "Parent Relationship": "Outer",
                      "Parallel Aware": false,
                      "Join Type": "Inner",
                      "Startup Cost": 11.06,
                      "Total Cost": 3761.97,
                      "Plan Rows": 10,
                      "Plan Width": 16,
                      "Actual Startup Time": 12.999,
                      "Actual Total Time": 156.527,
                      "Actual Rows": 4388,
                      "Actual Loops": 1,
                      "Inner Unique": false,
                      "Plans": [
                        {
                          "Node Type": "Nested Loop",
                          "Parent Relationship": "Outer",
                          "Parallel Aware": false,
                          "Join Type": "Inner",
                          "Startup Cost": 10.77,
                          "Total Cost": 3747.51,
                          "Plan Rows": 34,
                          "Plan Width": 4,
                          "Actual Startup Time": 12.757,
                          "Actual Total Time": 102.432,
                          "Actual Rows": 41840,
                          "Actual Loops": 1,
                          "Inner Unique": false,
                          "Plans": [
                            {
                              "Node Type": "Seq Scan",
                              "Parent Relationship": "Outer",
                              "Parallel Aware": false,
                              "Relation Name": "keyword",
                              "Alias": "k",
                              "Startup Cost": 0.0,
                              "Total Cost": 2626.12,
                              "Plan Rows": 1,
                              "Plan Width": 4,
                              "Actual Startup Time": 1.36,
                              "Actual Total Time": 19.604,
                              "Actual Rows": 1,
                              "Actual Loops": 1,
                              "Filter": "(keyword = 'character-name-in-title'::text)",
                              "Rows Removed by Filter": 134169
                            },
                            {
                              "Node Type": "Bitmap Heap Scan",
                              "Parent Relationship": "Inner",
                              "Parallel Aware": false,
                              "Relation Name": "movie_keyword",
                              "Alias": "mk",
                              "Startup Cost": 10.77,
                              "Total Cost": 1118.36,
                              "Plan Rows": 302,
                              "Plan Width": 8,
                              "Actual Startup Time": 11.387,
                              "Actual Total Time": 76.56,
                              "Actual Rows": 41840,
                              "Actual Loops": 1,
                              "Recheck Cond": "(keyword_id = k.id)",
                              "Rows Removed by Index Recheck": 0,
                              "Exact Heap Blocks": 11541,
                              "Lossy Heap Blocks": 0,
                              "Plans": [
                                {
                                  "Node Type": "Bitmap Index Scan",
                                  "Parent Relationship": "Outer",
                                  "Parallel Aware": false,
                                  "Index Name": "keyword_id_movie_keyword",
                                  "Startup Cost": 0.0,
                                  "Total Cost": 10.7,
                                  "Plan Rows": 302,
                                  "Plan Width": 0,
                                  "Actual Startup Time": 9.295,
                                  "Actual Total Time": 9.295,
                                  "Actual Rows": 41840,
                                  "Actual Loops": 1,
                                  "Index Cond": "(keyword_id = k.id)"
                                }
                              ]
                            }
                          ]
                        },
                        {
                          "Node Type": "Index Scan",
                          "Parent Relationship": "Inner",
                          "Parallel Aware": false,
                          "Scan Direction": "Forward",
                          "Index Name": "movie_id_movie_link",
                          "Relation Name": "movie_link",
                          "Alias": "ml",
                          "Startup Cost": 0.29,
                          "Total Cost": 0.38,
                          "Plan Rows": 5,
                          "Plan Width": 12,
                          "Actual Startup Time": 0.001,
                          "Actual Total Time": 0.001,
                          "Actual Rows": 0,
                          "Actual Loops": 41840,
                          "Index Cond": "(movie_id = mk.movie_id)",
                          "Rows Removed by Index Recheck": 0
                        }
                      ]
                    },
                    {
                      "Node Type": "Materialize",
                      "Parent Relationship": "Inner",
                      "Parallel Aware": false,
                      "Startup Cost": 0.0,
                      "Total Cost": 1.27,
                      "Plan Rows": 18,
                      "Plan Width": 16,
                      "Actual Startup Time": 0.0,
                      "Actual Total Time": 0.0,
                      "Actual Rows": 8,
                      "Actual Loops": 4388,
                      "Plans": [
                        {
                          "Node Type": "Seq Scan",
                          "Parent Relationship": "Outer",
                          "Parallel Aware": false,
                          "Relation Name": "link_type",
                          "Alias": "lt",
                          "Startup Cost": 0.0,
                          "Total Cost": 1.18,
                          "Plan Rows": 18,
                          "Plan Width": 16,
                          "Actual Startup Time": 0.01,
                          "Actual Total Time": 0.015,
                          "Actual Rows": 17,
                          "Actual Loops": 1
                        }
                      ]
                    }
                  ]
                },
                {
                  "Node Type": "Index Scan",
                  "Parent Relationship": "Inner",
                  "Parallel Aware": false,
                  "Scan Direction": "Forward",
                  "Index Name": "title_pkey",
                  "Relation Name": "title",
                  "Alias": "t1",
                  "Startup Cost": 0.43,
                  "Total Cost": 0.49,
                  "Plan Rows": 1,
                  "Plan Width": 21,
                  "Actual Startup Time": 0.004,
                  "Actual Total Time": 0.004,
                  "Actual Rows": 1,
                  "Actual Loops": 4388,
                  "Index Cond": "(id = mk.movie_id)",
                  "Rows Removed by Index Recheck": 0
                }
              ]
            },
            {
              "Node Type": "Index Scan",
              "Parent Relationship": "Inner",
              "Parallel Aware": false,
              "Scan Direction": "Forward",
              "Index Name": "title_pkey",
              "Relation Name": "title",
              "Alias": "t2",
              "Startup Cost": 0.43,
              "Total Cost": 4.47,
              "Plan Rows": 1,
              "Plan Width": 21,
              "Actual Startup Time": 0.017,
              "Actual Total Time": 0.017,
              "Actual Rows": 1,
              "Actual Loops": 4388,
              "Index Cond": "(id = ml.linked_movie_id)",
              "Rows Removed by Index Recheck": 0
            }
          ]
        }
      ]
    },
    "Planning Time": 454.418,
    "Triggers": [],
    "Execution Time": 261.662
  }
]