[
    {
        "Bao": {
            "Bao prediction": "NaN",
            "Bao recommended hint": "(no hint)"
        }
    },
    {
        "Plan": {
            "Node Type": "Aggregate",
            "Strategy": "Plain",
            "Partial Mode": "Finalize",
            "Parallel Aware": false,
            "Startup Cost": 203402.97,
            "Total Cost": 203402.98,
            "Plan Rows": 1,
            "Plan Width": 8,
            "Actual Startup Time": 321.897,
            "Actual Total Time": 334.994,
            "Actual Rows": 1,
            "Actual Loops": 1,
            "Output": [
                "count(*)"
            ],
            "Plans": [
                {
                    "Node Type": "Gather",
                    "Parent Relationship": "Outer",
                    "Parallel Aware": false,
                    "Startup Cost": 203402.35,
                    "Total Cost": 203402.96,
                    "Plan Rows": 6,
                    "Plan Width": 8,
                    "Actual Startup Time": 321.883,
                    "Actual Total Time": 334.986,
                    "Actual Rows": 7,
                    "Actual Loops": 1,
                    "Output": [
                        "(PARTIAL count(*))"
                    ],
                    "Workers Planned": 6,
                    "Workers Launched": 6,
                    "Single Copy": false,
                    "Plans": [
                        {
                            "Node Type": "Aggregate",
                            "Strategy": "Plain",
                            "Partial Mode": "Partial",
                            "Parent Relationship": "Outer",
                            "Parallel Aware": false,
                            "Startup Cost": 202402.35,
                            "Total Cost": 202402.36,
                            "Plan Rows": 1,
                            "Plan Width": 8,
                            "Actual Startup Time": 310.092,
                            "Actual Total Time": 310.093,
                            "Actual Rows": 1,
                            "Actual Loops": 7,
                            "Output": [
                                "PARTIAL count(*)"
                            ],
                            "Workers": [
                                {
                                    "Worker Number": 0,
                                    "Actual Startup Time": 307.482,
                                    "Actual Total Time": 307.483,
                                    "Actual Rows": 1,
                                    "Actual Loops": 1
                                },
                                {
                                    "Worker Number": 1,
                                    "Actual Startup Time": 307.933,
                                    "Actual Total Time": 307.934,
                                    "Actual Rows": 1,
                                    "Actual Loops": 1
                                },
                                {
                                    "Worker Number": 2,
                                    "Actual Startup Time": 307.942,
                                    "Actual Total Time": 307.942,
                                    "Actual Rows": 1,
                                    "Actual Loops": 1
                                },
                                {
                                    "Worker Number": 3,
                                    "Actual Startup Time": 308.314,
                                    "Actual Total Time": 308.315,
                                    "Actual Rows": 1,
                                    "Actual Loops": 1
                                },
                                {
                                    "Worker Number": 4,
                                    "Actual Startup Time": 309.016,
                                    "Actual Total Time": 309.017,
                                    "Actual Rows": 1,
                                    "Actual Loops": 1
                                },
                                {
                                    "Worker Number": 5,
                                    "Actual Startup Time": 308.903,
                                    "Actual Total Time": 308.905,
                                    "Actual Rows": 1,
                                    "Actual Loops": 1
                                }
                            ],
                            "Plans": [
                                {
                                    "Node Type": "Index Scan",
                                    "Parent Relationship": "Outer",
                                    "Parallel Aware": true,
                                    "Scan Direction": "Forward",
                                    "Index Name": "role_id_cast_info",
                                    "Relation Name": "cast_info",
                                    "Schema": "public",
                                    "Alias": "ci",
                                    "Startup Cost": 0.56,
                                    "Total Cost": 200814.65,
                                    "Plan Rows": 635078,
                                    "Plan Width": 0,
                                    "Actual Startup Time": 7.733,
                                    "Actual Total Time": 257.408,
                                    "Actual Rows": 1052185,
                                    "Actual Loops": 7,
                                    "Output": [
                                        "id",
                                        "person_id",
                                        "movie_id",
                                        "person_role_id",
                                        "note",
                                        "nr_order",
                                        "role_id"
                                    ],
                                    "Index Cond": "(ci.role_id = 2)",
                                    "Rows Removed by Index Recheck": 0,
                                    "Filter": "(ci.person_id > 1750531)",
                                    "Rows Removed by Filter": 12382,
                                    "Workers": [
                                        {
                                            "Worker Number": 0,
                                            "Actual Startup Time": 5.039,
                                            "Actual Total Time": 254.221,
                                            "Actual Rows": 756328,
                                            "Actual Loops": 1
                                        },
                                        {
                                            "Worker Number": 1,
                                            "Actual Startup Time": 5.779,
                                            "Actual Total Time": 256.426,
                                            "Actual Rows": 1151699,
                                            "Actual Loops": 1
                                        },
                                        {
                                            "Worker Number": 2,
                                            "Actual Startup Time": 5.585,
                                            "Actual Total Time": 256.507,
                                            "Actual Rows": 1145273,
                                            "Actual Loops": 1
                                        },
                                        {
                                            "Worker Number": 3,
                                            "Actual Startup Time": 5.913,
                                            "Actual Total Time": 256.332,
                                            "Actual Rows": 1147380,
                                            "Actual Loops": 1
                                        },
                                        {
                                            "Worker Number": 4,
                                            "Actual Startup Time": 6.713,
                                            "Actual Total Time": 257.596,
                                            "Actual Rows": 1152578,
                                            "Actual Loops": 1
                                        },
                                        {
                                            "Worker Number": 5,
                                            "Actual Startup Time": 6.631,
                                            "Actual Total Time": 257.003,
                                            "Actual Rows": 1146648,
                                            "Actual Loops": 1
                                        }
                                    ]
                                }
                            ]
                        }
                    ]
                }
            ]
        },
        "Planning Time": 200.894,
        "Triggers": [],
        "Execution Time": 335.085
    }
]