{
  "Plan": {
    "Node Type": "Aggregate",
    "Strategy": "Plain",
    "Partial Mode": "Finalize",
    "Parallel Aware": false,
    "Startup Cost": 41831.27,
    "Total Cost": 41831.28,
    "Plan Rows": 1,
    "Plan Width": 8,
    "Actual Startup Time": 37.101,
    "Actual Total Time": 42.58,
    "Actual Rows": 1,
    "Actual Loops": 1,
    "Plans": [
      {
        "Node Type": "Gather",
        "Parent Relationship": "Outer",
        "Parallel Aware": false,
        "Startup Cost": 41831.15,
        "Total Cost": 41831.26,
        "Plan Rows": 1,
        "Plan Width": 8,
        "Actual Startup Time": 37.013,
        "Actual Total Time": 42.574,
        "Actual Rows": 2,
        "Actual Loops": 1,
        "Workers Planned": 1,
        "Workers Launched": 1,
        "Single Copy": false,
        "Plans": [
          {
            "Node Type": "Aggregate",
            "Strategy": "Plain",
            "Partial Mode": "Partial",
            "Parent Relationship": "Outer",
            "Parallel Aware": false,
            "Startup Cost": 40831.15,
            "Total Cost": 40831.16,
            "Plan Rows": 1,
            "Plan Width": 8,
            "Actual Startup Time": 31.658,
            "Actual Total Time": 31.659,
            "Actual Rows": 1,
            "Actual Loops": 2,
            "Plans": [
              {
                "Node Type": "Nested Loop",
                "Parent Relationship": "Outer",
                "Parallel Aware": false,
                "Join Type": "Inner",
                "Startup Cost": 144.09,
                "Total Cost": 40828.6,
                "Plan Rows": 1020,
                "Plan Width": 0,
                "Actual Startup Time": 24.879,
                "Actual Total Time": 31.649,
                "Actual Rows": 20,
                "Actual Loops": 2,
                "Inner Unique": true,
                "Plans": [
                  {
                    "Node Type": "Bitmap Heap Scan",
                    "Parent Relationship": "Outer",
                    "Parallel Aware": true,
                    "Relation Name": "movie_companies",
                    "Alias": "mc",
                    "Startup Cost": 143.66,
                    "Total Cost": 13454.67,
                    "Plan Rows": 3888,
                    "Plan Width": 4,
                    "Actual Startup Time": 2.271,
                    "Actual Total Time": 7.075,
                    "Actual Rows": 3034,
                    "Actual Loops": 2,
                    "Recheck Cond": "(company_id = 93)",
                    "Rows Removed by Index Recheck": 0,
                    "Exact Heap Blocks": 1899,
                    "Lossy Heap Blocks": 0,
                    "Plans": [
                      {
                        "Node Type": "Bitmap Index Scan",
                        "Parent Relationship": "Outer",
                        "Parallel Aware": false,
                        "Index Name": "company_id_movie_companies",
                        "Startup Cost": 0.0,
                        "Total Cost": 142.0,
                        "Plan Rows": 6610,
                        "Plan Width": 0,
                        "Actual Startup Time": 3.344,
                        "Actual Total Time": 3.344,
                        "Actual Rows": 6067,
                        "Actual Loops": 1,
                        "Index Cond": "(company_id = 93)"
                      }
                    ]
                  },
                  {
                    "Node Type": "Index Scan",
                    "Parent Relationship": "Inner",
                    "Parallel Aware": false,
                    "Scan Direction": "Forward",
                    "Index Name": "title_pkey",
                    "Relation Name": "title",
                    "Alias": "t",
                    "Startup Cost": 0.43,
                    "Total Cost": 7.04,
                    "Plan Rows": 1,
                    "Plan Width": 4,
                    "Actual Startup Time": 0.008,
                    "Actual Total Time": 0.008,
                    "Actual Rows": 0,
                    "Actual Loops": 6067,
                    "Index Cond": "(id = mc.movie_id)",
                    "Rows Removed by Index Recheck": 0,
                    "Filter": "(kind_id = 1)",
                    "Rows Removed by Filter": 1
                  }
                ]
              }
            ]
          }
        ]
      }
    ]
  },
  "Planning Time": 0.65,
  "Triggers": [],
  "Execution Time": 42.668
}