{
  "Plan": {
    "Node Type": "Aggregate",
    "Strategy": "Plain",
    "Partial Mode": "Finalize",
    "Parallel Aware": false,
    "Startup Cost": 377334.74,
    "Total Cost": 377334.75,
    "Plan Rows": 1,
    "Plan Width": 8,
    "Actual Startup Time": 619.059,
    "Actual Total Time": 639.073,
    "Actual Rows": 1,
    "Actual Loops": 1,
    "Plans": [
      {
        "Node Type": "Gather",
        "Parent Relationship": "Outer",
        "Parallel Aware": false,
        "Startup Cost": 377334.63,
        "Total Cost": 377334.74,
        "Plan Rows": 1,
        "Plan Width": 8,
        "Actual Startup Time": 617.59,
        "Actual Total Time": 639.066,
        "Actual Rows": 2,
        "Actual Loops": 1,
        "Workers Planned": 1,
        "Workers Launched": 1,
        "Single Copy": false,
        "Plans": [
          {
            "Node Type": "Aggregate",
            "Strategy": "Plain",
            "Partial Mode": "Partial",
            "Parent Relationship": "Outer",
            "Parallel Aware": false,
            "Startup Cost": 376334.63,
            "Total Cost": 376334.64,
            "Plan Rows": 1,
            "Plan Width": 8,
            "Actual Startup Time": 611.39,
            "Actual Total Time": 611.397,
            "Actual Rows": 1,
            "Actual Loops": 2,
            "Plans": [
              {
                "Node Type": "Hash Join",
                "Parent Relationship": "Outer",
                "Parallel Aware": true,
                "Join Type": "Inner",
                "Startup Cost": 357109.59,
                "Total Cost": 376292.92,
                "Plan Rows": 16686,
                "Plan Width": 0,
                "Actual Startup Time": 513.327,
                "Actual Total Time": 610.512,
                "Actual Rows": 15678,
                "Actual Loops": 2,
                "Inner Unique": false,
                "Hash Cond": "(mi_idx.movie_id = t.id)",
                "Plans": [
                  {
                    "Node Type": "Seq Scan",
                    "Parent Relationship": "Outer",
                    "Parallel Aware": true,
                    "Relation Name": "movie_info_idx",
                    "Alias": "mi_idx",
                    "Startup Cost": 0.0,
                    "Total Cost": 18082.32,
                    "Plan Rows": 267429,
                    "Plan Width": 4,
                    "Actual Startup Time": 0.026,
                    "Actual Total Time": 59.614,
                    "Actual Rows": 229962,
                    "Actual Loops": 2,
                    "Filter": "(info_type_id = 99)",
                    "Rows Removed by Filter": 460055
                  },
                  {
                    "Node Type": "Hash",
                    "Parent Relationship": "Inner",
                    "Parallel Aware": true,
                    "Startup Cost": 355949.65,
                    "Total Cost": 355949.65,
                    "Plan Rows": 92795,
                    "Plan Width": 8,
                    "Actual Startup Time": 511.004,
                    "Actual Total Time": 511.008,
                    "Actual Rows": 74184,
                    "Actual Loops": 2,
                    "Hash Buckets": 262144,
                    "Original Hash Buckets": 262144,
                    "Hash Batches": 1,
                    "Original Hash Batches": 1,
                    "Peak Memory Usage": 7872,
                    "Plans": [
                      {
                        "Node Type": "Hash Join",
                        "Parent Relationship": "Outer",
                        "Parallel Aware": true,
                        "Join Type": "Inner",
                        "Startup Cost": 90962.6,
                        "Total Cost": 355949.65,
                        "Plan Rows": 92795,
                        "Plan Width": 8,
                        "Actual Startup Time": 259.685,
                        "Actual Total Time": 490.679,
                        "Actual Rows": 74184,
                        "Actual Loops": 2,
                        "Inner Unique": true,
                        "Hash Cond": "(ci.movie_id = t.id)",
                        "Plans": [
                          {
                            "Node Type": "Bitmap Heap Scan",
                            "Parent Relationship": "Outer",
                            "Parallel Aware": true,
                            "Relation Name": "cast_info",
                            "Alias": "ci",
                            "Startup Cost": 30534.82,
                            "Total Cost": 293387.15,
                            "Plan Rows": 813226,
                            "Plan Width": 4,
                            "Actual Startup Time": 50.033,
                            "Actual Total Time": 137.846,
                            "Actual Rows": 710860,
                            "Actual Loops": 2,
                            "Recheck Cond": "(person_id < 142746)",
                            "Rows Removed by Index Recheck": 0,
                            "Exact Heap Blocks": 9597,
                            "Lossy Heap Blocks": 0,
                            "Plans": [
                              {
                                "Node Type": "Bitmap Index Scan",
                                "Parent Relationship": "Outer",
                                "Parallel Aware": false,
                                "Index Name": "person_id_cast_info",
                                "Startup Cost": 0.0,
                                "Total Cost": 30189.2,
                                "Plan Rows": 1382485,
                                "Plan Width": 0,
                                "Actual Startup Time": 47.657,
                                "Actual Total Time": 47.658,
                                "Actual Rows": 1421720,
                                "Actual Loops": 1,
                                "Index Cond": "(person_id < 142746)"
                              }
                            ]
                          },
                          {
                            "Node Type": "Hash",
                            "Parent Relationship": "Inner",
                            "Parallel Aware": true,
                            "Startup Cost": 58306.47,
                            "Total Cost": 58306.47,
                            "Plan Rows": 169705,
                            "Plan Width": 4,
                            "Actual Startup Time": 205.814,
                            "Actual Total Time": 205.815,
                            "Actual Rows": 146337,
                            "Actual Loops": 2,
                            "Hash Buckets": 524288,
                            "Original Hash Buckets": 524288,
                            "Hash Batches": 1,
                            "Original Hash Batches": 1,
                            "Peak Memory Usage": 15584,
                            "Plans": [
                              {
                                "Node Type": "Seq Scan",
                                "Parent Relationship": "Outer",
                                "Parallel Aware": true,
                                "Relation Name": "title",
                                "Alias": "t",
                                "Startup Cost": 0.0,
                                "Total Cost": 58306.47,
                                "Plan Rows": 169705,
                                "Plan Width": 4,
                                "Actual Startup Time": 0.026,
                                "Actual Total Time": 163.603,
                                "Actual Rows": 146337,
                                "Actual Loops": 2,
                                "Filter": "((kind_id > 1) AND (production_year > 2010))",
                                "Rows Removed by Filter": 1117819
                              }
                            ]
                          }
                        ]
                      }
                    ]
                  }
                ]
              }
            ]
          }
        ]
      }
    ]
  },
  "Planning Time": 0.589,
  "Triggers": [],
  "Execution Time": 639.169
}