[
  {
    "Plan": {
      "Node Type": "Aggregate",
      "Strategy": "Plain",
      "Partial Mode": "Finalize",
      "Parallel Aware": false,
      "Startup Cost": 528098.75,
      "Total Cost": 528098.76,
      "Plan Rows": 1,
      "Plan Width": 64,
      "Actual Startup Time": 3569.338,
      "Actual Total Time": 3693.98,
      "Actual Rows": 1,
      "Actual Loops": 1,
      "Plans": [
        {
          "Node Type": "Gather",
          "Parent Relationship": "Outer",
          "Parallel Aware": false,
          "Startup Cost": 528098.43,
          "Total Cost": 528098.74,
          "Plan Rows": 3,
          "Plan Width": 32,
          "Actual Startup Time": 3566.54,
          "Actual Total Time": 3693.959,
          "Actual Rows": 4,
          "Actual Loops": 1,
          "Workers Planned": 3,
          "Workers Launched": 3,
          "Single Copy": false,
          "Plans": [
            {
              "Node Type": "Aggregate",
              "Strategy": "Plain",
              "Partial Mode": "Partial",
              "Parent Relationship": "Outer",
              "Parallel Aware": false,
              "Startup Cost": 527098.43,
              "Total Cost": 527098.44,
              "Plan Rows": 1,
              "Plan Width": 32,
              "Actual Startup Time": 3555.637,
              "Actual Total Time": 3555.936,
              "Actual Rows": 1,
              "Actual Loops": 4,
              "Plans": [
                {
                  "Node Type": "Hash Join",
                  "Parent Relationship": "Outer",
                  "Parallel Aware": true,
                  "Join Type": "Inner",
                  "Startup Cost": 496735.16,
                  "Total Cost": 527098.24,
                  "Plan Rows": 75,
                  "Plan Width": 15,
                  "Actual Startup Time": 3349.547,
                  "Actual Total Time": 3544.632,
                  "Actual Rows": 175712,
                  "Actual Loops": 4,
                  "Inner Unique": true,
                  "Hash Cond": "(mc.company_id = cn.id)",
                  "Plans": [
                    {
                      "Node Type": "Hash Join",
                      "Parent Relationship": "Outer",
                      "Parallel Aware": true,
                      "Join Type": "Inner",
                      "Startup Cost": 490629.9,
                      "Total Cost": 520992.78,
                      "Plan Rows": 75,
                      "Plan Width": 19,
                      "Actual Startup Time": 3303.226,
                      "Actual Total Time": 3467.118,
                      "Actual Rows": 175712,
                      "Actual Loops": 4,
                      "Inner Unique": false,
                      "Hash Cond": "(mc.movie_id = ci.movie_id)",
                      "Plans": [
                        {
                          "Node Type": "Seq Scan",
                          "Parent Relationship": "Outer",
                          "Parallel Aware": true,
                          "Relation Name": "movie_companies",
                          "Alias": "mc",
                          "Startup Cost": 0.0,
                          "Total Cost": 27206.55,
                          "Plan Rows": 841655,
                          "Plan Width": 8,
                          "Actual Startup Time": 0.012,
                          "Actual Total Time": 65.968,
                          "Actual Rows": 652282,
                          "Actual Loops": 4
                        },
                        {
                          "Node Type": "Hash",
                          "Parent Relationship": "Inner",
                          "Parallel Aware": true,
                          "Startup Cost": 490629.7,
                          "Total Cost": 490629.7,
                          "Plan Rows": 16,
                          "Plan Width": 27,
                          "Actual Startup Time": 3302.827,
                          "Actual Total Time": 3303.123,
                          "Actual Rows": 23329,
                          "Actual Loops": 4,
                          "Hash Buckets": 131072,
                          "Original Hash Buckets": 1024,
                          "Hash Batches": 1,
                          "Original Hash Batches": 1,
                          "Peak Memory Usage": 7832,
                          "Plans": [
                            {
                              "Node Type": "Hash Join",
                              "Parent Relationship": "Outer",
                              "Parallel Aware": true,
                              "Join Type": "Inner",
                              "Startup Cost": 159881.18,
                              "Total Cost": 490629.7,
                              "Plan Rows": 16,
                              "Plan Width": 27,
                              "Actual Startup Time": 874.546,
                              "Actual Total Time": 3260.936,
                              "Actual Rows": 23329,
                              "Actual Loops": 4,
                              "Inner Unique": false,
                              "Hash Cond": "(ci.movie_id = t.id)",
                              "Plans": [
                                {
                                  "Node Type": "Hash Join",
                                  "Parent Relationship": "Outer",
                                  "Parallel Aware": true,
                                  "Join Type": "Inner",
                                  "Startup Cost": 69687.91,
                                  "Total Cost": 398606.67,
                                  "Plan Rows": 487932,
                                  "Plan Width": 19,
                                  "Actual Startup Time": 270.417,
                                  "Actual Total Time": 2535.673,
                                  "Actual Rows": 779508,
                                  "Actual Loops": 4,
                                  "Inner Unique": true,
                                  "Hash Cond": "(ci.person_id = n.id)",
                                  "Plans": [
                                    {
                                      "Node Type": "Seq Scan",
                                      "Parent Relationship": "Outer",
                                      "Parallel Aware": true,
                                      "Relation Name": "cast_info",
                                      "Alias": "ci",
                                      "Startup Cost": 0.0,
                                      "Total Cost": 313068.58,
                                      "Plan Rows": 6038158,
                                      "Plan Width": 8,
                                      "Actual Startup Time": 0.018,
                                      "Actual Total Time": 1142.356,
                                      "Actual Rows": 9061086,
                                      "Actual Loops": 4
                                    },
                                    {
                                      "Node Type": "Hash",
                                      "Parent Relationship": "Inner",
                                      "Parallel Aware": true,
                                      "Startup Cost": 68635.58,
                                      "Total Cost": 68635.58,
                                      "Plan Rows": 84186,
                                      "Plan Width": 19,
                                      "Actual Startup Time": 234.25,
                                      "Actual Total Time": 234.251,
                                      "Actual Rows": 85850,
                                      "Actual Loops": 4,
                                      "Hash Buckets": 524288,
                                      "Original Hash Buckets": 524288,
                                      "Hash Batches": 1,
                                      "Original Hash Batches": 1,
                                      "Peak Memory Usage": 22784,
                                      "Plans": [
                                        {
                                          "Node Type": "Seq Scan",
                                          "Parent Relationship": "Outer",
                                          "Parallel Aware": true,
                                          "Relation Name": "name",
                                          "Alias": "n",
                                          "Startup Cost": 0.0,
                                          "Total Cost": 68635.58,
                                          "Plan Rows": 84186,
                                          "Plan Width": 19,
                                          "Actual Startup Time": 3.176,
                                          "Actual Total Time": 184.969,
                                          "Actual Rows": 85850,
                                          "Actual Loops": 4,
                                          "Filter": "(name ~~ 'B%'::text)",
                                          "Rows Removed by Filter": 956023
                                        }
                                      ]
                                    }
                                  ]
                                },
                                {
                                  "Node Type": "Hash",
                                  "Parent Relationship": "Inner",
                                  "Parallel Aware": true,
                                  "Startup Cost": 90193.17,
                                  "Total Cost": 90193.17,
                                  "Plan Rows": 8,
                                  "Plan Width": 8,
                                  "Actual Startup Time": 603.962,
                                  "Actual Total Time": 603.971,
                                  "Actual Rows": 10460,
                                  "Actual Loops": 4,
                                  "Hash Buckets": 65536,
                                  "Original Hash Buckets": 1024,
                                  "Hash Batches": 1,
                                  "Original Hash Batches": 1,
                                  "Peak Memory Usage": 2712,
                                  "Plans": [
                                    {
                                      "Node Type": "Hash Join",
                                      "Parent Relationship": "Outer",
                                      "Parallel Aware": true,
                                      "Join Type": "Inner",
                                      "Startup Cost": 45504.47,
                                      "Total Cost": 90193.17,
                                      "Plan Rows": 8,
                                      "Plan Width": 8,
                                      "Actual Startup Time": 322.106,
                                      "Actual Total Time": 553.221,
                                      "Actual Rows": 10460,
                                      "Actual Loops": 4,
                                      "Inner Unique": false,
                                      "Hash Cond": "(t.id = mk.movie_id)",
                                      "Plans": [
                                        {
                                          "Node Type": "Seq Scan",
                                          "Parent Relationship": "Outer",
                                          "Parallel Aware": true,
                                          "Relation Name": "title",
                                          "Alias": "t",
                                          "Startup Cost": 0.0,
                                          "Total Cost": 42318.49,
                                          "Plan Rows": 632049,
                                          "Plan Width": 4,
                                          "Actual Startup Time": 0.023,
                                          "Actual Total Time": 124.578,
                                          "Actual Rows": 632078,
                                          "Actual Loops": 4
                                        },
                                        {
                                          "Node Type": "Hash",
                                          "Parent Relationship": "Inner",
                                          "Parallel Aware": true,
                                          "Startup Cost": 45504.33,
                                          "Total Cost": 45504.33,
                                          "Plan Rows": 11,
                                          "Plan Width": 4,
                                          "Actual Startup Time": 321.863,
                                          "Actual Total Time": 321.867,
                                          "Actual Rows": 10460,
                                          "Actual Loops": 4,
                                          "Hash Buckets": 65536,
                                          "Original Hash Buckets": 1024,
                                          "Hash Batches": 1,
                                          "Original Hash Batches": 1,
                                          "Peak Memory Usage": 2712,
                                          "Plans": [
                                            {
                                              "Node Type": "Hash Join",
                                              "Parent Relationship": "Outer",
                                              "Parallel Aware": false,
                                              "Join Type": "Inner",
                                              "Startup Cost": 2626.14,
                                              "Total Cost": 45504.33,
                                              "Plan Rows": 11,
                                              "Plan Width": 4,
                                              "Actual Startup Time": 18.848,
                                              "Actual Total Time": 277.775,
                                              "Actual Rows": 10460,
                                              "Actual Loops": 4,
                                              "Inner Unique": true,
                                              "Hash Cond": "(mk.keyword_id = k.id)",
                                              "Plans": [
                                                {
                                                  "Node Type": "Seq Scan",
                                                  "Parent Relationship": "Outer",
                                                  "Parallel Aware": true,
                                                  "Relation Name": "movie_keyword",
                                                  "Alias": "mk",
                                                  "Startup Cost": 0.0,
                                                  "Total Cost": 39047.32,
                                                  "Plan Rows": 1459332,
                                                  "Plan Width": 8,
                                                  "Actual Startup Time": 0.039,
                                                  "Actual Total Time": 152.252,
                                                  "Actual Rows": 1130982,
                                                  "Actual Loops": 4
                                                },
                                                {
                                                  "Node Type": "Hash",
                                                  "Parent Relationship": "Inner",
                                                  "Parallel Aware": false,
                                                  "Startup Cost": 2626.12,
                                                  "Total Cost": 2626.12,
                                                  "Plan Rows": 1,
                                                  "Plan Width": 4,
                                                  "Actual Startup Time": 18.741,
                                                  "Actual Total Time": 18.742,
                                                  "Actual Rows": 1,
                                                  "Actual Loops": 4,
                                                  "Hash Buckets": 1024,
                                                  "Original Hash Buckets": 1024,
                                                  "Hash Batches": 1,
                                                  "Original Hash Batches": 1,
                                                  "Peak Memory Usage": 9,
                                                  "Plans": [
                                                    {
                                                      "Node Type": "Seq Scan",
                                                      "Parent Relationship": "Outer",
                                                      "Parallel Aware": false,
                                                      "Relation Name": "keyword",
                                                      "Alias": "k",
                                                      "Startup Cost": 0.0,
                                                      "Total Cost": 2626.12,
                                                      "Plan Rows": 1,
                                                      "Plan Width": 4,
                                                      "Actual Startup Time": 1.005,
                                                      "Actual Total Time": 18.734,
                                                      "Actual Rows": 1,
                                                      "Actual Loops": 4,
                                                      "Filter": "(keyword = 'character-name-in-title'::text)",
                                                      "Rows Removed by Filter": 134169
                                                    }
                                                  ]
                                                }
                                              ]
                                            }
                                          ]
                                        }
                                      ]
                                    }
                                  ]
                                }
                              ]
                            }
                          ]
                        }
                      ]
                    },
                    {
                      "Node Type": "Hash",
                      "Parent Relationship": "Inner",
                      "Parallel Aware": true,
                      "Startup Cost": 4377.34,
                      "Total Cost": 4377.34,
                      "Plan Rows": 138234,
                      "Plan Width": 4,
                      "Actual Startup Time": 44.622,
                      "Actual Total Time": 44.623,
                      "Actual Rows": 58749,
                      "Actual Loops": 4,
                      "Hash Buckets": 262144,
                      "Original Hash Buckets": 262144,
                      "Hash Batches": 1,
                      "Original Hash Batches": 1,
                      "Peak Memory Usage": 11296,
                      "Plans": [
                        {
                          "Node Type": "Seq Scan",
                          "Parent Relationship": "Outer",
                          "Parallel Aware": true,
                          "Relation Name": "company_name",
                          "Alias": "cn",
                          "Startup Cost": 0.0,
                          "Total Cost": 4377.34,
                          "Plan Rows": 138234,
                          "Plan Width": 4,
                          "Actual Startup Time": 0.05,
                          "Actual Total Time": 21.817,
                          "Actual Rows": 58749,
                          "Actual Loops": 4
                        }
                      ]
                    }
                  ]
                }
              ]
            }
          ]
        }
      ]
    },
    "Planning Time": 7.531,
    "Triggers": [],
    "Execution Time": 3694.329
  }
]