[
  {
    "Plan": {
      "Node Type": "Aggregate",
      "Strategy": "Plain",
      "Partial Mode": "Finalize",
      "Parallel Aware": false,
      "Startup Cost": 29929.17,
      "Total Cost": 29929.18,
      "Plan Rows": 1,
      "Plan Width": 8,
      "Actual Startup Time": 49.853,
      "Actual Total Time": 57.032,
      "Actual Rows": 1,
      "Actual Loops": 1,
      "Plans": [
        {
          "Node Type": "Gather",
          "Parent Relationship": "Outer",
          "Parallel Aware": false,
          "Startup Cost": 29928.96,
          "Total Cost": 29929.17,
          "Plan Rows": 2,
          "Plan Width": 8,
          "Actual Startup Time": 49.677,
          "Actual Total Time": 57.025,
          "Actual Rows": 3,
          "Actual Loops": 1,
          "Workers Planned": 2,
          "Workers Launched": 2,
          "Single Copy": false,
          "Plans": [
            {
              "Node Type": "Aggregate",
              "Strategy": "Plain",
              "Partial Mode": "Partial",
              "Parent Relationship": "Outer",
              "Parallel Aware": false,
              "Startup Cost": 28928.96,
              "Total Cost": 28928.97,
              "Plan Rows": 1,
              "Plan Width": 8,
              "Actual Startup Time": 40.942,
              "Actual Total Time": 40.944,
              "Actual Rows": 1,
              "Actual Loops": 3,
              "Plans": [
                {
                  "Node Type": "Nested Loop",
                  "Parent Relationship": "Outer",
                  "Parallel Aware": false,
                  "Join Type": "Inner",
                  "Startup Cost": 172.96,
                  "Total Cost": 28928.95,
                  "Plan Rows": 5,
                  "Plan Width": 0,
                  "Actual Startup Time": 5.468,
                  "Actual Total Time": 40.921,
                  "Actual Rows": 45,
                  "Actual Loops": 3,
                  "Inner Unique": true,
                  "Join Filter": "(mc.movie_id = t.id)",
                  "Rows Removed by Join Filter": 0,
                  "Plans": [
                    {
                      "Node Type": "Nested Loop",
                      "Parent Relationship": "Outer",
                      "Parallel Aware": false,
                      "Join Type": "Inner",
                      "Startup Cost": 172.53,
                      "Total Cost": 28751.33,
                      "Plan Rows": 26,
                      "Plan Width": 8,
                      "Actual Startup Time": 5.336,
                      "Actual Total Time": 39.978,
                      "Actual Rows": 45,
                      "Actual Loops": 3,
                      "Inner Unique": false,
                      "Plans": [
                        {
                          "Node Type": "Bitmap Heap Scan",
                          "Parent Relationship": "Outer",
                          "Parallel Aware": true,
                          "Relation Name": "movie_companies",
                          "Alias": "mc",
                          "Startup Cost": 172.1,
                          "Total Cost": 14722.13,
                          "Plan Rows": 1605,
                          "Plan Width": 4,
                          "Actual Startup Time": 2.562,
                          "Actual Total Time": 12.297,
                          "Actual Rows": 1458,
                          "Actual Loops": 3,
                          "Recheck Cond": "(company_id = 159)",
                          "Rows Removed by Index Recheck": 0,
                          "Filter": "(company_type_id = 1)",
                          "Rows Removed by Filter": 1062,
                          "Exact Heap Blocks": 3208,
                          "Lossy Heap Blocks": 0,
                          "Plans": [
                            {
                              "Node Type": "Bitmap Index Scan",
                              "Parent Relationship": "Outer",
                              "Parallel Aware": false,
                              "Index Name": "company_id_movie_companies",
                              "Startup Cost": 0.0,
                              "Total Cost": 171.13,
                              "Plan Rows": 7827,
                              "Plan Width": 0,
                              "Actual Startup Time": 4.82,
                              "Actual Total Time": 4.821,
                              "Actual Rows": 7560,
                              "Actual Loops": 1,
                              "Index Cond": "(company_id = 159)"
                            }
                          ]
                        },
                        {
                          "Node Type": "Index Scan",
                          "Parent Relationship": "Inner",
                          "Parallel Aware": false,
                          "Scan Direction": "Forward",
                          "Index Name": "movie_id_movie_keyword",
                          "Relation Name": "movie_keyword",
                          "Alias": "mk",
                          "Startup Cost": 0.43,
                          "Total Cost": 8.73,
                          "Plan Rows": 1,
                          "Plan Width": 4,
                          "Actual Startup Time": 0.018,
                          "Actual Total Time": 0.018,
                          "Actual Rows": 0,
                          "Actual Loops": 4375,
                          "Index Cond": "(movie_id = mc.movie_id)",
                          "Rows Removed by Index Recheck": 0,
                          "Filter": "(keyword_id = 2879)",
                          "Rows Removed by Filter": 26
                        }
                      ]
                    },
                    {
                      "Node Type": "Index Only Scan",
                      "Parent Relationship": "Inner",
                      "Parallel Aware": false,
                      "Scan Direction": "Forward",
                      "Index Name": "title_pkey",
                      "Relation Name": "title",
                      "Alias": "t",
                      "Startup Cost": 0.43,
                      "Total Cost": 6.82,
                      "Plan Rows": 1,
                      "Plan Width": 4,
                      "Actual Startup Time": 0.02,
                      "Actual Total Time": 0.02,
                      "Actual Rows": 1,
                      "Actual Loops": 134,
                      "Index Cond": "(id = mk.movie_id)",
                      "Rows Removed by Index Recheck": 0,
                      "Heap Fetches": 134
                    }
                  ]
                }
              ]
            }
          ]
        }
      ]
    },
    "Planning Time": 1.458,
    "Triggers": [],
    "Execution Time": 57.137
  }
]