{
  "Plan": {
    "Node Type": "Aggregate",
    "Strategy": "Plain",
    "Partial Mode": "Finalize",
    "Parallel Aware": false,
    "Startup Cost": 242932.6,
    "Total Cost": 242932.61,
    "Plan Rows": 1,
    "Plan Width": 8,
    "Actual Startup Time": 475.318,
    "Actual Total Time": 488.118,
    "Actual Rows": 1,
    "Actual Loops": 1,
    "Plans": [
      {
        "Node Type": "Gather",
        "Parent Relationship": "Outer",
        "Parallel Aware": false,
        "Startup Cost": 242932.49,
        "Total Cost": 242932.6,
        "Plan Rows": 1,
        "Plan Width": 8,
        "Actual Startup Time": 473.262,
        "Actual Total Time": 488.111,
        "Actual Rows": 2,
        "Actual Loops": 1,
        "Workers Planned": 1,
        "Workers Launched": 1,
        "Single Copy": false,
        "Plans": [
          {
            "Node Type": "Aggregate",
            "Strategy": "Plain",
            "Partial Mode": "Partial",
            "Parent Relationship": "Outer",
            "Parallel Aware": false,
            "Startup Cost": 241932.49,
            "Total Cost": 241932.5,
            "Plan Rows": 1,
            "Plan Width": 8,
            "Actual Startup Time": 464.577,
            "Actual Total Time": 464.581,
            "Actual Rows": 1,
            "Actual Loops": 2,
            "Plans": [
              {
                "Node Type": "Hash Join",
                "Parent Relationship": "Outer",
                "Parallel Aware": true,
                "Join Type": "Inner",
                "Startup Cost": 69496.22,
                "Total Cost": 241754.52,
                "Plan Rows": 71187,
                "Plan Width": 0,
                "Actual Startup Time": 424.483,
                "Actual Total Time": 463.666,
                "Actual Rows": 18912,
                "Actual Loops": 2,
                "Inner Unique": true,
                "Hash Cond": "(mi.movie_id = t.id)",
                "Plans": [
                  {
                    "Node Type": "Bitmap Heap Scan",
                    "Parent Relationship": "Outer",
                    "Parallel Aware": true,
                    "Relation Name": "movie_info",
                    "Alias": "mi",
                    "Startup Cost": 3607.36,
                    "Total Cost": 175558.24,
                    "Plan Rows": 117110,
                    "Plan Width": 4,
                    "Actual Startup Time": 10.98,
                    "Actual Total Time": 29.523,
                    "Actual Rows": 90056,
                    "Actual Loops": 2,
                    "Recheck Cond": "(info_type_id = 13)",
                    "Rows Removed by Index Recheck": 0,
                    "Exact Heap Blocks": 3224,
                    "Lossy Heap Blocks": 0,
                    "Plans": [
                      {
                        "Node Type": "Bitmap Index Scan",
                        "Parent Relationship": "Outer",
                        "Parallel Aware": false,
                        "Index Name": "info_type_id_movie_info",
                        "Startup Cost": 0.0,
                        "Total Cost": 3557.59,
                        "Plan Rows": 199087,
                        "Plan Width": 0,
                        "Actual Startup Time": 10.105,
                        "Actual Total Time": 10.106,
                        "Actual Rows": 180112,
                        "Actual Loops": 1,
                        "Index Cond": "(info_type_id = 13)"
                      }
                    ]
                  },
                  {
                    "Node Type": "Hash",
                    "Parent Relationship": "Inner",
                    "Parallel Aware": true,
                    "Startup Cost": 54588.39,
                    "Total Cost": 54588.39,
                    "Plan Rows": 904038,
                    "Plan Width": 4,
                    "Actual Startup Time": 398.889,
                    "Actual Total Time": 398.89,
                    "Actual Rows": 771632,
                    "Actual Loops": 2,
                    "Hash Buckets": 2097152,
                    "Original Hash Buckets": 2097152,
                    "Hash Batches": 1,
                    "Original Hash Batches": 1,
                    "Peak Memory Usage": 76800,
                    "Plans": [
                      {
                        "Node Type": "Seq Scan",
                        "Parent Relationship": "Outer",
                        "Parallel Aware": true,
                        "Relation Name": "title",
                        "Alias": "t",
                        "Startup Cost": 0.0,
                        "Total Cost": 54588.39,
                        "Plan Rows": 904038,
                        "Plan Width": 4,
                        "Actual Startup Time": 0.033,
                        "Actual Total Time": 163.471,
                        "Actual Rows": 771632,
                        "Actual Loops": 2,
                        "Filter": "(kind_id = 7)",
                        "Rows Removed by Filter": 492524
                      }
                    ]
                  }
                ]
              }
            ]
          }
        ]
      }
    ]
  },
  "Planning Time": 0.624,
  "Triggers": [],
  "Execution Time": 488.261
}