{
    "Plan": {
        "Node Type": "Aggregate",
        "Strategy": "Plain",
        "Partial Mode": "Finalize",
        "Parallel Aware": false,
        "Startup Cost": 271496.63,
        "Total Cost": 271496.64,
        "Plan Rows": 1,
        "Plan Width": 8,
        "Actual Startup Time": 825.348,
        "Actual Total Time": 864.148,
        "Actual Rows": 1,
        "Actual Loops": 1,
        "Output": [
            "count(*)"
        ],
        "Plans": [
            {
                "Node Type": "Gather",
                "Parent Relationship": "Outer",
                "Parallel Aware": false,
                "Startup Cost": 271496.11,
                "Total Cost": 271496.62,
                "Plan Rows": 5,
                "Plan Width": 8,
                "Actual Startup Time": 813.639,
                "Actual Total Time": 864.135,
                "Actual Rows": 6,
                "Actual Loops": 1,
                "Output": [
                    "(PARTIAL count(*))"
                ],
                "Workers Planned": 5,
                "Workers Launched": 5,
                "Single Copy": false,
                "Plans": [
                    {
                        "Node Type": "Aggregate",
                        "Strategy": "Plain",
                        "Partial Mode": "Partial",
                        "Parent Relationship": "Outer",
                        "Parallel Aware": false,
                        "Startup Cost": 270496.11,
                        "Total Cost": 270496.12,
                        "Plan Rows": 1,
                        "Plan Width": 8,
                        "Actual Startup Time": 803.022,
                        "Actual Total Time": 803.293,
                        "Actual Rows": 1,
                        "Actual Loops": 6,
                        "Output": [
                            "PARTIAL count(*)"
                        ],
                        "Workers": [
                            {
                                "Worker Number": 0,
                                "Actual Startup Time": 800.86,
                                "Actual Total Time": 800.866,
                                "Actual Rows": 1,
                                "Actual Loops": 1
                            },
                            {
                                "Worker Number": 1,
                                "Actual Startup Time": 800.718,
                                "Actual Total Time": 800.723,
                                "Actual Rows": 1,
                                "Actual Loops": 1
                            },
                            {
                                "Worker Number": 2,
                                "Actual Startup Time": 800.733,
                                "Actual Total Time": 800.739,
                                "Actual Rows": 1,
                                "Actual Loops": 1
                            },
                            {
                                "Worker Number": 3,
                                "Actual Startup Time": 802.271,
                                "Actual Total Time": 802.277,
                                "Actual Rows": 1,
                                "Actual Loops": 1
                            },
                            {
                                "Worker Number": 4,
                                "Actual Startup Time": 800.849,
                                "Actual Total Time": 800.854,
                                "Actual Rows": 1,
                                "Actual Loops": 1
                            }
                        ],
                        "Plans": [
                            {
                                "Node Type": "Hash Join",
                                "Parent Relationship": "Outer",
                                "Parallel Aware": true,
                                "Join Type": "Inner",
                                "Startup Cost": 68402.56,
                                "Total Cost": 270135.53,
                                "Plan Rows": 144232,
                                "Plan Width": 0,
                                "Actual Startup Time": 442.993,
                                "Actual Total Time": 791.207,
                                "Actual Rows": 272296,
                                "Actual Loops": 6,
                                "Inner Unique": false,
                                "Hash Cond": "(mi.movie_id = t.id)",
                                "Workers": [
                                    {
                                        "Worker Number": 0,
                                        "Actual Startup Time": 441.104,
                                        "Actual Total Time": 788.993,
                                        "Actual Rows": 309902,
                                        "Actual Loops": 1
                                    },
                                    {
                                        "Worker Number": 1,
                                        "Actual Startup Time": 440.909,
                                        "Actual Total Time": 788.785,
                                        "Actual Rows": 310426,
                                        "Actual Loops": 1
                                    },
                                    {
                                        "Worker Number": 2,
                                        "Actual Startup Time": 440.926,
                                        "Actual Total Time": 788.053,
                                        "Actual Rows": 202238,
                                        "Actual Loops": 1
                                    },
                                    {
                                        "Worker Number": 3,
                                        "Actual Startup Time": 441.042,
                                        "Actual Total Time": 790.414,
                                        "Actual Rows": 188200,
                                        "Actual Loops": 1
                                    },
                                    {
                                        "Worker Number": 4,
                                        "Actual Startup Time": 441.076,
                                        "Actual Total Time": 789.948,
                                        "Actual Rows": 278574,
                                        "Actual Loops": 1
                                    }
                                ],
                                "Plans": [
                                    {
                                        "Node Type": "Seq Scan",
                                        "Parent Relationship": "Outer",
                                        "Parallel Aware": true,
                                        "Relation Name": "movie_info",
                                        "Schema": "public",
                                        "Alias": "mi",
                                        "Startup Cost": 0.0,
                                        "Total Cost": 198880.74,
                                        "Plan Rows": 600336,
                                        "Plan Width": 4,
                                        "Actual Startup Time": 73.425,
                                        "Actual Total Time": 309.43,
                                        "Actual Rows": 506120,
                                        "Actual Loops": 6,
                                        "Output": [
                                            "mi.id",
                                            "mi.movie_id",
                                            "mi.info_type_id",
                                            "mi.info",
                                            "mi.note"
                                        ],
                                        "Filter": "(mi.info_type_id = 16)",
                                        "Rows Removed by Filter": 1966500,
                                        "Workers": [
                                            {
                                                "Worker Number": 0,
                                                "Actual Startup Time": 73.43,
                                                "Actual Total Time": 310.115,
                                                "Actual Rows": 577846,
                                                "Actual Loops": 1
                                            },
                                            {
                                                "Worker Number": 1,
                                                "Actual Startup Time": 73.422,
                                                "Actual Total Time": 309.801,
                                                "Actual Rows": 572682,
                                                "Actual Loops": 1
                                            },
                                            {
                                                "Worker Number": 2,
                                                "Actual Startup Time": 73.431,
                                                "Actual Total Time": 315.278,
                                                "Actual Rows": 385159,
                                                "Actual Loops": 1
                                            },
                                            {
                                                "Worker Number": 3,
                                                "Actual Startup Time": 73.42,
                                                "Actual Total Time": 312.775,
                                                "Actual Rows": 350662,
                                                "Actual Loops": 1
                                            },
                                            {
                                                "Worker Number": 4,
                                                "Actual Startup Time": 73.416,
                                                "Actual Total Time": 307.592,
                                                "Actual Rows": 502760,
                                                "Actual Loops": 1
                                            }
                                        ]
                                    },
                                    {
                                        "Node Type": "Hash",
                                        "Parent Relationship": "Inner",
                                        "Parallel Aware": true,
                                        "Startup Cost": 65238.83,
                                        "Total Cost": 65238.83,
                                        "Plan Rows": 253098,
                                        "Plan Width": 8,
                                        "Actual Startup Time": 365.749,
                                        "Actual Total Time": 366.018,
                                        "Actual Rows": 118720,
                                        "Actual Loops": 6,
                                        "Output": [
                                            "t.id",
                                            "mi_idx.movie_id"
                                        ],
                                        "Hash Buckets": 1048576,
                                        "Original Hash Buckets": 1048576,
                                        "Hash Batches": 1,
                                        "Original Hash Batches": 1,
                                        "Peak Memory Usage": 36160,
                                        "Workers": [
                                            {
                                                "Worker Number": 0,
                                                "Actual Startup Time": 366.952,
                                                "Actual Total Time": 366.956,
                                                "Actual Rows": 137575,
                                                "Actual Loops": 1
                                            },
                                            {
                                                "Worker Number": 1,
                                                "Actual Startup Time": 366.826,
                                                "Actual Total Time": 366.831,
                                                "Actual Rows": 133827,
                                                "Actual Loops": 1
                                            },
                                            {
                                                "Worker Number": 2,
                                                "Actual Startup Time": 366.861,
                                                "Actual Total Time": 366.865,
                                                "Actual Rows": 96296,
                                                "Actual Loops": 1
                                            },
                                            {
                                                "Worker Number": 3,
                                                "Actual Startup Time": 366.831,
                                                "Actual Total Time": 366.836,
                                                "Actual Rows": 78053,
                                                "Actual Loops": 1
                                            },
                                            {
                                                "Worker Number": 4,
                                                "Actual Startup Time": 366.937,
                                                "Actual Total Time": 366.941,
                                                "Actual Rows": 123677,
                                                "Actual Loops": 1
                                            }
                                        ],
                                        "Plans": [
                                            {
                                                "Node Type": "Hash Join",
                                                "Parent Relationship": "Outer",
                                                "Parallel Aware": true,
                                                "Join Type": "Inner",
                                                "Startup Cost": 49108.52,
                                                "Total Cost": 65238.83,
                                                "Plan Rows": 253098,
                                                "Plan Width": 8,
                                                "Actual Startup Time": 234.084,
                                                "Actual Total Time": 316.402,
                                                "Actual Rows": 118720,
                                                "Actual Loops": 6,
                                                "Output": [
                                                    "t.id",
                                                    "mi_idx.movie_id"
                                                ],
                                                "Inner Unique": true,
                                                "Hash Cond": "(mi_idx.movie_id = t.id)",
                                                "Workers": [
                                                    {
                                                        "Worker Number": 0,
                                                        "Actual Startup Time": 234.094,
                                                        "Actual Total Time": 315.657,
                                                        "Actual Rows": 137575,
                                                        "Actual Loops": 1
                                                    },
                                                    {
                                                        "Worker Number": 1,
                                                        "Actual Startup Time": 234.101,
                                                        "Actual Total Time": 315.649,
                                                        "Actual Rows": 133827,
                                                        "Actual Loops": 1
                                                    },
                                                    {
                                                        "Worker Number": 2,
                                                        "Actual Startup Time": 234.14,
                                                        "Actual Total Time": 316.524,
                                                        "Actual Rows": 96296,
                                                        "Actual Loops": 1
                                                    },
                                                    {
                                                        "Worker Number": 3,
                                                        "Actual Startup Time": 233.984,
                                                        "Actual Total Time": 317.71,
                                                        "Actual Rows": 78053,
                                                        "Actual Loops": 1
                                                    },
                                                    {
                                                        "Worker Number": 4,
                                                        "Actual Startup Time": 233.966,
                                                        "Actual Total Time": 315.892,
                                                        "Actual Rows": 123677,
                                                        "Actual Loops": 1
                                                    }
                                                ],
                                                "Plans": [
                                                    {
                                                        "Node Type": "Seq Scan",
                                                        "Parent Relationship": "Outer",
                                                        "Parallel Aware": true,
                                                        "Relation Name": "movie_info_idx",
                                                        "Schema": "public",
                                                        "Alias": "mi_idx",
                                                        "Startup Cost": 0.0,
                                                        "Total Cost": 15122.68,
                                                        "Plan Rows": 383860,
                                                        "Plan Width": 4,
                                                        "Actual Startup Time": 0.017,
                                                        "Actual Total Time": 30.352,
                                                        "Actual Rows": 153308,
                                                        "Actual Loops": 6,
                                                        "Output": [
                                                            "mi_idx.id",
                                                            "mi_idx.movie_id",
                                                            "mi_idx.info_type_id",
                                                            "mi_idx.info",
                                                            "mi_idx.note"
                                                        ],
                                                        "Filter": "(mi_idx.info_type_id < 101)",
                                                        "Rows Removed by Filter": 76698,
                                                        "Workers": [
                                                            {
                                                                "Worker Number": 0,
                                                                "Actual Startup Time": 0.015,
                                                                "Actual Total Time": 29.982,
                                                                "Actual Rows": 176596,
                                                                "Actual Loops": 1
                                                            },
                                                            {
                                                                "Worker Number": 1,
                                                                "Actual Startup Time": 0.015,
                                                                "Actual Total Time": 30.121,
                                                                "Actual Rows": 172536,
                                                                "Actual Loops": 1
                                                            },
                                                            {
                                                                "Worker Number": 2,
                                                                "Actual Startup Time": 0.028,
                                                                "Actual Total Time": 32.741,
                                                                "Actual Rows": 124297,
                                                                "Actual Loops": 1
                                                            },
                                                            {
                                                                "Worker Number": 3,
                                                                "Actual Startup Time": 0.013,
                                                                "Actual Total Time": 32.794,
                                                                "Actual Rows": 100651,
                                                                "Actual Loops": 1
                                                            },
                                                            {
                                                                "Worker Number": 4,
                                                                "Actual Startup Time": 0.017,
                                                                "Actual Total Time": 29.391,
                                                                "Actual Rows": 160818,
                                                                "Actual Loops": 1
                                                            }
                                                        ]
                                                    },
                                                    {
                                                        "Node Type": "Hash",
                                                        "Parent Relationship": "Inner",
                                                        "Parallel Aware": true,
                                                        "Startup Cost": 43899.01,
                                                        "Total Cost": 43899.01,
                                                        "Plan Rows": 416761,
                                                        "Plan Width": 4,
                                                        "Actual Startup Time": 230.834,
                                                        "Actual Total Time": 230.835,
                                                        "Actual Rows": 278549,
                                                        "Actual Loops": 6,
                                                        "Output": [
                                                            "t.id"
                                                        ],
                                                        "Hash Buckets": 2097152,
                                                        "Original Hash Buckets": 2097152,
                                                        "Hash Batches": 1,
                                                        "Original Hash Batches": 1,
                                                        "Peak Memory Usage": 81824,
                                                        "Workers": [
                                                            {
                                                                "Worker Number": 0,
                                                                "Actual Startup Time": 233.828,
                                                                "Actual Total Time": 233.83,
                                                                "Actual Rows": 294023,
                                                                "Actual Loops": 1
                                                            },
                                                            {
                                                                "Worker Number": 1,
                                                                "Actual Startup Time": 233.832,
                                                                "Actual Total Time": 233.833,
                                                                "Actual Rows": 290342,
                                                                "Actual Loops": 1
                                                            },
                                                            {
                                                                "Worker Number": 2,
                                                                "Actual Startup Time": 233.833,
                                                                "Actual Total Time": 233.834,
                                                                "Actual Rows": 218870,
                                                                "Actual Loops": 1
                                                            },
                                                            {
                                                                "Worker Number": 3,
                                                                "Actual Startup Time": 233.893,
                                                                "Actual Total Time": 233.894,
                                                                "Actual Rows": 199781,
                                                                "Actual Loops": 1
                                                            },
                                                            {
                                                                "Worker Number": 4,
                                                                "Actual Startup Time": 233.821,
                                                                "Actual Total Time": 233.823,
                                                                "Actual Rows": 265841,
                                                                "Actual Loops": 1
                                                            }
                                                        ],
                                                        "Plans": [
                                                            {
                                                                "Node Type": "Seq Scan",
                                                                "Parent Relationship": "Outer",
                                                                "Parallel Aware": true,
                                                                "Relation Name": "title",
                                                                "Schema": "public",
                                                                "Alias": "t",
                                                                "Startup Cost": 0.0,
                                                                "Total Cost": 43899.01,
                                                                "Plan Rows": 416761,
                                                                "Plan Width": 4,
                                                                "Actual Startup Time": 0.065,
                                                                "Actual Total Time": 90.565,
                                                                "Actual Rows": 278549,
                                                                "Actual Loops": 6,
                                                                "Output": [
                                                                    "t.id"
                                                                ],
                                                                "Filter": "(t.production_year < 2008)",
                                                                "Rows Removed by Filter": 142837,
                                                                "Workers": [
                                                                    {
                                                                        "Worker Number": 0,
                                                                        "Actual Startup Time": 0.078,
                                                                        "Actual Total Time": 93.128,
                                                                        "Actual Rows": 294023,
                                                                        "Actual Loops": 1
                                                                    },
                                                                    {
                                                                        "Worker Number": 1,
                                                                        "Actual Startup Time": 0.077,
                                                                        "Actual Total Time": 92.815,
                                                                        "Actual Rows": 290342,
                                                                        "Actual Loops": 1
                                                                    },
                                                                    {
                                                                        "Worker Number": 2,
                                                                        "Actual Startup Time": 0.076,
                                                                        "Actual Total Time": 95.982,
                                                                        "Actual Rows": 218870,
                                                                        "Actual Loops": 1
                                                                    },
                                                                    {
                                                                        "Worker Number": 3,
                                                                        "Actual Startup Time": 0.069,
                                                                        "Actual Total Time": 93.243,
                                                                        "Actual Rows": 199781,
                                                                        "Actual Loops": 1
                                                                    },
                                                                    {
                                                                        "Worker Number": 4,
                                                                        "Actual Startup Time": 0.074,
                                                                        "Actual Total Time": 89.248,
                                                                        "Actual Rows": 265841,
                                                                        "Actual Loops": 1
                                                                    }
                                                                ]
                                                            }
                                                        ]
                                                    }
                                                ]
                                            }
                                        ]
                                    }
                                ]
                            }
                        ]
                    }
                ]
            }
        ]
    },
    "Planning Time": 1.516,
    "Triggers": [],
    "Execution Time": 864.24
}