{
  "Plan": {
    "Node Type": "Aggregate",
    "Strategy": "Plain",
    "Partial Mode": "Finalize",
    "Parallel Aware": false,
    "Startup Cost": 448761.67,
    "Total Cost": 448761.68,
    "Plan Rows": 1,
    "Plan Width": 8,
    "Actual Startup Time": 1929.979,
    "Actual Total Time": 1950.753,
    "Actual Rows": 1,
    "Actual Loops": 1,
    "Plans": [
      {
        "Node Type": "Gather",
        "Parent Relationship": "Outer",
        "Parallel Aware": false,
        "Startup Cost": 448761.56,
        "Total Cost": 448761.67,
        "Plan Rows": 1,
        "Plan Width": 8,
        "Actual Startup Time": 1927.709,
        "Actual Total Time": 1950.747,
        "Actual Rows": 2,
        "Actual Loops": 1,
        "Workers Planned": 1,
        "Workers Launched": 1,
        "Single Copy": false,
        "Plans": [
          {
            "Node Type": "Aggregate",
            "Strategy": "Plain",
            "Partial Mode": "Partial",
            "Parent Relationship": "Outer",
            "Parallel Aware": false,
            "Startup Cost": 447761.56,
            "Total Cost": 447761.57,
            "Plan Rows": 1,
            "Plan Width": 8,
            "Actual Startup Time": 1921.074,
            "Actual Total Time": 1921.077,
            "Actual Rows": 1,
            "Actual Loops": 2,
            "Plans": [
              {
                "Node Type": "Nested Loop",
                "Parent Relationship": "Outer",
                "Parallel Aware": false,
                "Join Type": "Inner",
                "Startup Cost": 220811.95,
                "Total Cost": 447289.4,
                "Plan Rows": 188864,
                "Plan Width": 0,
                "Actual Startup Time": 221.05,
                "Actual Total Time": 1887.071,
                "Actual Rows": 639383,
                "Actual Loops": 2,
                "Inner Unique": false,
                "Plans": [
                  {
                    "Node Type": "Merge Join",
                    "Parent Relationship": "Outer",
                    "Parallel Aware": false,
                    "Join Type": "Inner",
                    "Startup Cost": 220811.52,
                    "Total Cost": 331017.52,
                    "Plan Rows": 183013,
                    "Plan Width": 8,
                    "Actual Startup Time": 220.99,
                    "Actual Total Time": 1235.758,
                    "Actual Rows": 210112,
                    "Actual Loops": 2,
                    "Inner Unique": false,
                    "Merge Cond": "(t.id = mi.movie_id)",
                    "Plans": [
                      {
                        "Node Type": "Index Scan",
                        "Parent Relationship": "Outer",
                        "Parallel Aware": true,
                        "Scan Direction": "Forward",
                        "Index Name": "title_pkey",
                        "Relation Name": "title",
                        "Alias": "t",
                        "Startup Cost": 0.43,
                        "Total Cost": 103647.43,
                        "Plan Rows": 982180,
                        "Plan Width": 4,
                        "Actual Startup Time": 0.071,
                        "Actual Total Time": 859.692,
                        "Actual Rows": 835172,
                        "Actual Loops": 2,
                        "Filter": "(production_year < 2008)",
                        "Rows Removed by Filter": 427794
                      },
                      {
                        "Node Type": "Sort",
                        "Parent Relationship": "Inner",
                        "Parallel Aware": false,
                        "Startup Cost": 220808.92,
                        "Total Cost": 221986.69,
                        "Plan Rows": 471106,
                        "Plan Width": 4,
                        "Actual Startup Time": 220.665,
                        "Actual Total Time": 257.733,
                        "Actual Rows": 474443,
                        "Actual Loops": 2,
                        "Sort Key": [
                          "mi.movie_id"
                        ],
                        "Sort Method": "quicksort",
                        "Sort Space Used": 34528,
                        "Sort Space Type": "Memory",
                        "Workers": [
                          {
                            "Worker Number": 0,
                            "Sort Method": "quicksort",
                            "Sort Space Used": 34528,
                            "Sort Space Type": "Memory"
                          }
                        ],
                        "Plans": [
                          {
                            "Node Type": "Bitmap Heap Scan",
                            "Parent Relationship": "Outer",
                            "Parallel Aware": false,
                            "Relation Name": "movie_info",
                            "Alias": "mi",
                            "Startup Cost": 8535.51,
                            "Total Cost": 176417.33,
                            "Plan Rows": 471106,
                            "Plan Width": 4,
                            "Actual Startup Time": 33.562,
                            "Actual Total Time": 97.649,
                            "Actual Rows": 474443,
                            "Actual Loops": 2,
                            "Recheck Cond": "(info_type_id = 6)",
                            "Rows Removed by Index Recheck": 0,
                            "Exact Heap Blocks": 3203,
                            "Lossy Heap Blocks": 0,
                            "Plans": [
                              {
                                "Node Type": "Bitmap Index Scan",
                                "Parent Relationship": "Outer",
                                "Parallel Aware": false,
                                "Index Name": "info_type_id_movie_info",
                                "Startup Cost": 0.0,
                                "Total Cost": 8417.73,
                                "Plan Rows": 471106,
                                "Plan Width": 0,
                                "Actual Startup Time": 33.038,
                                "Actual Total Time": 33.038,
                                "Actual Rows": 474443,
                                "Actual Loops": 2,
                                "Index Cond": "(info_type_id = 6)"
                              }
                            ]
                          }
                        ]
                      }
                    ]
                  },
                  {
                    "Node Type": "Index Only Scan",
                    "Parent Relationship": "Inner",
                    "Parallel Aware": false,
                    "Scan Direction": "Forward",
                    "Index Name": "movie_id_movie_companies",
                    "Relation Name": "movie_companies",
                    "Alias": "mc",
                    "Startup Cost": 0.43,
                    "Total Cost": 0.59,
                    "Plan Rows": 5,
                    "Plan Width": 4,
                    "Actual Startup Time": 0.002,
                    "Actual Total Time": 0.003,
                    "Actual Rows": 3,
                    "Actual Loops": 420224,
                    "Index Cond": "(movie_id = t.id)",
                    "Rows Removed by Index Recheck": 0,
                    "Heap Fetches": 1278766
                  }
                ]
              }
            ]
          }
        ]
      }
    ]
  },
  "Planning Time": 1.101,
  "Triggers": [],
  "Execution Time": 1954.929
}