[
    {
        "Bao": {
            "Bao prediction": "NaN",
            "Bao recommended hint": "(no hint)"
        }
    },
    {
        "Plan": {
            "Node Type": "Aggregate",
            "Strategy": "Plain",
            "Partial Mode": "Finalize",
            "Parallel Aware": false,
            "Startup Cost": 298954.48,
            "Total Cost": 298954.49,
            "Plan Rows": 1,
            "Plan Width": 8,
            "Actual Startup Time": 913.199,
            "Actual Total Time": 934.467,
            "Actual Rows": 1,
            "Actual Loops": 1,
            "Output": [
                "count(*)"
            ],
            "Plans": [
                {
                    "Node Type": "Gather",
                    "Parent Relationship": "Outer",
                    "Parallel Aware": false,
                    "Startup Cost": 298953.96,
                    "Total Cost": 298954.47,
                    "Plan Rows": 5,
                    "Plan Width": 8,
                    "Actual Startup Time": 904.985,
                    "Actual Total Time": 934.457,
                    "Actual Rows": 6,
                    "Actual Loops": 1,
                    "Output": [
                        "(PARTIAL count(*))"
                    ],
                    "Workers Planned": 5,
                    "Workers Launched": 5,
                    "Single Copy": false,
                    "Plans": [
                        {
                            "Node Type": "Aggregate",
                            "Strategy": "Plain",
                            "Partial Mode": "Partial",
                            "Parent Relationship": "Outer",
                            "Parallel Aware": false,
                            "Startup Cost": 297953.96,
                            "Total Cost": 297953.97,
                            "Plan Rows": 1,
                            "Plan Width": 8,
                            "Actual Startup Time": 894.405,
                            "Actual Total Time": 894.411,
                            "Actual Rows": 1,
                            "Actual Loops": 6,
                            "Output": [
                                "PARTIAL count(*)"
                            ],
                            "Workers": [
                                {
                                    "Worker Number": 0,
                                    "Actual Startup Time": 891.999,
                                    "Actual Total Time": 892.003,
                                    "Actual Rows": 1,
                                    "Actual Loops": 1
                                },
                                {
                                    "Worker Number": 1,
                                    "Actual Startup Time": 892.369,
                                    "Actual Total Time": 892.373,
                                    "Actual Rows": 1,
                                    "Actual Loops": 1
                                },
                                {
                                    "Worker Number": 2,
                                    "Actual Startup Time": 892.472,
                                    "Actual Total Time": 892.477,
                                    "Actual Rows": 1,
                                    "Actual Loops": 1
                                },
                                {
                                    "Worker Number": 3,
                                    "Actual Startup Time": 892.596,
                                    "Actual Total Time": 892.601,
                                    "Actual Rows": 1,
                                    "Actual Loops": 1
                                },
                                {
                                    "Worker Number": 4,
                                    "Actual Startup Time": 892.817,
                                    "Actual Total Time": 892.82,
                                    "Actual Rows": 1,
                                    "Actual Loops": 1
                                }
                            ],
                            "Plans": [
                                {
                                    "Node Type": "Hash Join",
                                    "Parent Relationship": "Outer",
                                    "Parallel Aware": true,
                                    "Join Type": "Inner",
                                    "Startup Cost": 92619.18,
                                    "Total Cost": 296746.59,
                                    "Plan Rows": 482947,
                                    "Plan Width": 0,
                                    "Actual Startup Time": 354.601,
                                    "Actual Total Time": 886.129,
                                    "Actual Rows": 175862,
                                    "Actual Loops": 6,
                                    "Inner Unique": false,
                                    "Hash Cond": "(mi.movie_id = t.id)",
                                    "Workers": [
                                        {
                                            "Worker Number": 0,
                                            "Actual Startup Time": 352.163,
                                            "Actual Total Time": 884.169,
                                            "Actual Rows": 174994,
                                            "Actual Loops": 1
                                        },
                                        {
                                            "Worker Number": 1,
                                            "Actual Startup Time": 352.511,
                                            "Actual Total Time": 884.45,
                                            "Actual Rows": 176743,
                                            "Actual Loops": 1
                                        },
                                        {
                                            "Worker Number": 2,
                                            "Actual Startup Time": 352.819,
                                            "Actual Total Time": 884.49,
                                            "Actual Rows": 177974,
                                            "Actual Loops": 1
                                        },
                                        {
                                            "Worker Number": 3,
                                            "Actual Startup Time": 352.876,
                                            "Actual Total Time": 884.634,
                                            "Actual Rows": 189732,
                                            "Actual Loops": 1
                                        },
                                        {
                                            "Worker Number": 4,
                                            "Actual Startup Time": 352.988,
                                            "Actual Total Time": 884.833,
                                            "Actual Rows": 178790,
                                            "Actual Loops": 1
                                        }
                                    ],
                                    "Plans": [
                                        {
                                            "Node Type": "Seq Scan",
                                            "Parent Relationship": "Outer",
                                            "Parallel Aware": true,
                                            "Relation Name": "movie_info",
                                            "Schema": "public",
                                            "Alias": "mi",
                                            "Startup Cost": 0.0,
                                            "Total Cost": 191503.19,
                                            "Plan Rows": 2951019,
                                            "Plan Width": 4,
                                            "Actual Startup Time": 0.022,
                                            "Actual Total Time": 276.231,
                                            "Actual Rows": 2472620,
                                            "Actual Loops": 6,
                                            "Output": [
                                                "mi.id",
                                                "mi.movie_id",
                                                "mi.info_type_id",
                                                "mi.info",
                                                "mi.note"
                                            ],
                                            "Workers": [
                                                {
                                                    "Worker Number": 0,
                                                    "Actual Startup Time": 0.024,
                                                    "Actual Total Time": 280.285,
                                                    "Actual Rows": 2512081,
                                                    "Actual Loops": 1
                                                },
                                                {
                                                    "Worker Number": 1,
                                                    "Actual Startup Time": 0.023,
                                                    "Actual Total Time": 281.534,
                                                    "Actual Rows": 2535053,
                                                    "Actual Loops": 1
                                                },
                                                {
                                                    "Worker Number": 2,
                                                    "Actual Startup Time": 0.022,
                                                    "Actual Total Time": 281.181,
                                                    "Actual Rows": 2523722,
                                                    "Actual Loops": 1
                                                },
                                                {
                                                    "Worker Number": 3,
                                                    "Actual Startup Time": 0.026,
                                                    "Actual Total Time": 289.524,
                                                    "Actual Rows": 2559074,
                                                    "Actual Loops": 1
                                                },
                                                {
                                                    "Worker Number": 4,
                                                    "Actual Startup Time": 0.026,
                                                    "Actual Total Time": 279.506,
                                                    "Actual Rows": 2498138,
                                                    "Actual Loops": 1
                                                }
                                            ]
                                        },
                                        {
                                            "Node Type": "Hash",
                                            "Parent Relationship": "Inner",
                                            "Parallel Aware": true,
                                            "Startup Cost": 90950.74,
                                            "Total Cost": 90950.74,
                                            "Plan Rows": 133475,
                                            "Plan Width": 8,
                                            "Actual Startup Time": 351.868,
                                            "Actual Total Time": 351.872,
                                            "Actual Rows": 17961,
                                            "Actual Loops": 6,
                                            "Output": [
                                                "t.id",
                                                "mk.movie_id"
                                            ],
                                            "Hash Buckets": 524288,
                                            "Original Hash Buckets": 524288,
                                            "Hash Batches": 1,
                                            "Original Hash Batches": 1,
                                            "Peak Memory Usage": 8416,
                                            "Workers": [
                                                {
                                                    "Worker Number": 0,
                                                    "Actual Startup Time": 351.28,
                                                    "Actual Total Time": 351.283,
                                                    "Actual Rows": 12788,
                                                    "Actual Loops": 1
                                                },
                                                {
                                                    "Worker Number": 1,
                                                    "Actual Startup Time": 351.782,
                                                    "Actual Total Time": 351.786,
                                                    "Actual Rows": 13164,
                                                    "Actual Loops": 1
                                                },
                                                {
                                                    "Worker Number": 2,
                                                    "Actual Startup Time": 351.886,
                                                    "Actual Total Time": 351.89,
                                                    "Actual Rows": 39744,
                                                    "Actual Loops": 1
                                                },
                                                {
                                                    "Worker Number": 3,
                                                    "Actual Startup Time": 351.993,
                                                    "Actual Total Time": 351.996,
                                                    "Actual Rows": 13106,
                                                    "Actual Loops": 1
                                                },
                                                {
                                                    "Worker Number": 4,
                                                    "Actual Startup Time": 352.212,
                                                    "Actual Total Time": 352.215,
                                                    "Actual Rows": 13019,
                                                    "Actual Loops": 1
                                                }
                                            ],
                                            "Plans": [
                                                {
                                                    "Node Type": "Hash Join",
                                                    "Parent Relationship": "Outer",
                                                    "Parallel Aware": true,
                                                    "Join Type": "Inner",
                                                    "Startup Cost": 63166.85,
                                                    "Total Cost": 90950.74,
                                                    "Plan Rows": 133475,
                                                    "Plan Width": 8,
                                                    "Actual Startup Time": 257.715,
                                                    "Actual Total Time": 343.414,
                                                    "Actual Rows": 17961,
                                                    "Actual Loops": 6,
                                                    "Output": [
                                                        "t.id",
                                                        "mk.movie_id"
                                                    ],
                                                    "Inner Unique": true,
                                                    "Hash Cond": "(mk.movie_id = t.id)",
                                                    "Workers": [
                                                        {
                                                            "Worker Number": 0,
                                                            "Actual Startup Time": 257.433,
                                                            "Actual Total Time": 343.57,
                                                            "Actual Rows": 12788,
                                                            "Actual Loops": 1
                                                        },
                                                        {
                                                            "Worker Number": 1,
                                                            "Actual Startup Time": 257.679,
                                                            "Actual Total Time": 343.308,
                                                            "Actual Rows": 13164,
                                                            "Actual Loops": 1
                                                        },
                                                        {
                                                            "Worker Number": 2,
                                                            "Actual Startup Time": 257.469,
                                                            "Actual Total Time": 343.247,
                                                            "Actual Rows": 39744,
                                                            "Actual Loops": 1
                                                        },
                                                        {
                                                            "Worker Number": 3,
                                                            "Actual Startup Time": 257.887,
                                                            "Actual Total Time": 343.256,
                                                            "Actual Rows": 13106,
                                                            "Actual Loops": 1
                                                        },
                                                        {
                                                            "Worker Number": 4,
                                                            "Actual Startup Time": 257.939,
                                                            "Actual Total Time": 343.193,
                                                            "Actual Rows": 13019,
                                                            "Actual Loops": 1
                                                        }
                                                    ],
                                                    "Plans": [
                                                        {
                                                            "Node Type": "Bitmap Heap Scan",
                                                            "Parent Relationship": "Outer",
                                                            "Parallel Aware": true,
                                                            "Relation Name": "movie_keyword",
                                                            "Schema": "public",
                                                            "Alias": "mk",
                                                            "Startup Cost": 14477.73,
                                                            "Total Cost": 41683.71,
                                                            "Plan Rows": 220158,
                                                            "Plan Width": 4,
                                                            "Actual Startup Time": 54.84,
                                                            "Actual Total Time": 109.217,
                                                            "Actual Rows": 111250,
                                                            "Actual Loops": 6,
                                                            "Output": [
                                                                "mk.id",
                                                                "mk.movie_id",
                                                                "mk.keyword_id"
                                                            ],
                                                            "Recheck Cond": "(mk.keyword_id > 28077)",
                                                            "Rows Removed by Index Recheck": 0,
                                                            "Exact Heap Blocks": 3708,
                                                            "Lossy Heap Blocks": 0,
                                                            "Workers": [
                                                                {
                                                                    "Worker Number": 0,
                                                                    "Actual Startup Time": 54.983,
                                                                    "Actual Total Time": 109.833,
                                                                    "Actual Rows": 105773,
                                                                    "Actual Loops": 1
                                                                },
                                                                {
                                                                    "Worker Number": 1,
                                                                    "Actual Startup Time": 54.841,
                                                                    "Actual Total Time": 109.774,
                                                                    "Actual Rows": 106536,
                                                                    "Actual Loops": 1
                                                                },
                                                                {
                                                                    "Worker Number": 2,
                                                                    "Actual Startup Time": 54.718,
                                                                    "Actual Total Time": 110.601,
                                                                    "Actual Rows": 141479,
                                                                    "Actual Loops": 1
                                                                },
                                                                {
                                                                    "Worker Number": 3,
                                                                    "Actual Startup Time": 54.857,
                                                                    "Actual Total Time": 110.03,
                                                                    "Actual Rows": 105417,
                                                                    "Actual Loops": 1
                                                                },
                                                                {
                                                                    "Worker Number": 4,
                                                                    "Actual Startup Time": 54.89,
                                                                    "Actual Total Time": 109.53,
                                                                    "Actual Rows": 104346,
                                                                    "Actual Loops": 1
                                                                }
                                                            ],
                                                            "Plans": [
                                                                {
                                                                    "Node Type": "Bitmap Index Scan",
                                                                    "Parent Relationship": "Outer",
                                                                    "Parallel Aware": false,
                                                                    "Index Name": "keyword_id_movie_keyword",
                                                                    "Startup Cost": 0.0,
                                                                    "Total Cost": 14307.11,
                                                                    "Plan Rows": 682490,
                                                                    "Plan Width": 0,
                                                                    "Actual Startup Time": 51.262,
                                                                    "Actual Total Time": 51.262,
                                                                    "Actual Rows": 667499,
                                                                    "Actual Loops": 1,
                                                                    "Index Cond": "(mk.keyword_id > 28077)",
                                                                    "Workers": [
                                                                        {
                                                                            "Worker Number": 2,
                                                                            "Actual Startup Time": 51.262,
                                                                            "Actual Total Time": 51.262,
                                                                            "Actual Rows": 667499,
                                                                            "Actual Loops": 1
                                                                        }
                                                                    ]
                                                                }
                                                            ]
                                                        },
                                                        {
                                                            "Node Type": "Hash",
                                                            "Parent Relationship": "Inner",
                                                            "Parallel Aware": true,
                                                            "Startup Cost": 43899.01,
                                                            "Total Cost": 43899.01,
                                                            "Plan Rows": 383209,
                                                            "Plan Width": 4,
                                                            "Actual Startup Time": 198.921,
                                                            "Actual Total Time": 198.921,
                                                            "Actual Rows": 257211,
                                                            "Actual Loops": 6,
                                                            "Output": [
                                                                "t.id"
                                                            ],
                                                            "Hash Buckets": 2097152,
                                                            "Original Hash Buckets": 2097152,
                                                            "Hash Batches": 1,
                                                            "Original Hash Batches": 1,
                                                            "Peak Memory Usage": 76864,
                                                            "Workers": [
                                                                {
                                                                    "Worker Number": 0,
                                                                    "Actual Startup Time": 202.174,
                                                                    "Actual Total Time": 202.175,
                                                                    "Actual Rows": 251296,
                                                                    "Actual Loops": 1
                                                                },
                                                                {
                                                                    "Worker Number": 1,
                                                                    "Actual Startup Time": 202.555,
                                                                    "Actual Total Time": 202.556,
                                                                    "Actual Rows": 253439,
                                                                    "Actual Loops": 1
                                                                },
                                                                {
                                                                    "Worker Number": 2,
                                                                    "Actual Startup Time": 202.677,
                                                                    "Actual Total Time": 202.678,
                                                                    "Actual Rows": 251877,
                                                                    "Actual Loops": 1
                                                                },
                                                                {
                                                                    "Worker Number": 3,
                                                                    "Actual Startup Time": 202.739,
                                                                    "Actual Total Time": 202.74,
                                                                    "Actual Rows": 262069,
                                                                    "Actual Loops": 1
                                                                },
                                                                {
                                                                    "Worker Number": 4,
                                                                    "Actual Startup Time": 202.762,
                                                                    "Actual Total Time": 202.763,
                                                                    "Actual Rows": 253605,
                                                                    "Actual Loops": 1
                                                                }
                                                            ],
                                                            "Plans": [
                                                                {
                                                                    "Node Type": "Seq Scan",
                                                                    "Parent Relationship": "Outer",
                                                                    "Parallel Aware": true,
                                                                    "Relation Name": "title",
                                                                    "Schema": "public",
                                                                    "Alias": "t",
                                                                    "Startup Cost": 0.0,
                                                                    "Total Cost": 43899.01,
                                                                    "Plan Rows": 383209,
                                                                    "Plan Width": 4,
                                                                    "Actual Startup Time": 0.043,
                                                                    "Actual Total Time": 80.27,
                                                                    "Actual Rows": 257211,
                                                                    "Actual Loops": 6,
                                                                    "Output": [
                                                                        "t.id"
                                                                    ],
                                                                    "Filter": "(t.kind_id = 7)",
                                                                    "Rows Removed by Filter": 164175,
                                                                    "Workers": [
                                                                        {
                                                                            "Worker Number": 0,
                                                                            "Actual Startup Time": 0.057,
                                                                            "Actual Total Time": 81.405,
                                                                            "Actual Rows": 251296,
                                                                            "Actual Loops": 1
                                                                        },
                                                                        {
                                                                            "Worker Number": 1,
                                                                            "Actual Startup Time": 0.065,
                                                                            "Actual Total Time": 81.796,
                                                                            "Actual Rows": 253439,
                                                                            "Actual Loops": 1
                                                                        },
                                                                        {
                                                                            "Worker Number": 2,
                                                                            "Actual Startup Time": 0.039,
                                                                            "Actual Total Time": 81.515,
                                                                            "Actual Rows": 251877,
                                                                            "Actual Loops": 1
                                                                        },
                                                                        {
                                                                            "Worker Number": 3,
                                                                            "Actual Startup Time": 0.055,
                                                                            "Actual Total Time": 80.534,
                                                                            "Actual Rows": 262069,
                                                                            "Actual Loops": 1
                                                                        },
                                                                        {
                                                                            "Worker Number": 4,
                                                                            "Actual Startup Time": 0.028,
                                                                            "Actual Total Time": 81.812,
                                                                            "Actual Rows": 253605,
                                                                            "Actual Loops": 1
                                                                        }
                                                                    ]
                                                                }
                                                            ]
                                                        }
                                                    ]
                                                }
                                            ]
                                        }
                                    ]
                                }
                            ]
                        }
                    ]
                }
            ]
        },
        "Planning Time": 244.145,
        "Triggers": [],
        "Execution Time": 934.62
    }
]