[
  {
    "Plan": {
      "Node Type": "Aggregate",
      "Strategy": "Plain",
      "Partial Mode": "Finalize",
      "Parallel Aware": false,
      "Startup Cost": 332676.37,
      "Total Cost": 332676.38,
      "Plan Rows": 1,
      "Plan Width": 8,
      "Actual Startup Time": 657.247,
      "Actual Total Time": 717.125,
      "Actual Rows": 1,
      "Actual Loops": 1,
      "Plans": [
        {
          "Node Type": "Gather",
          "Parent Relationship": "Outer",
          "Parallel Aware": false,
          "Startup Cost": 332675.74,
          "Total Cost": 332676.35,
          "Plan Rows": 6,
          "Plan Width": 8,
          "Actual Startup Time": 657.095,
          "Actual Total Time": 717.112,
          "Actual Rows": 7,
          "Actual Loops": 1,
          "Workers Planned": 6,
          "Workers Launched": 6,
          "Single Copy": false,
          "Plans": [
            {
              "Node Type": "Aggregate",
              "Strategy": "Plain",
              "Partial Mode": "Partial",
              "Parent Relationship": "Outer",
              "Parallel Aware": false,
              "Startup Cost": 331675.74,
              "Total Cost": 331675.75,
              "Plan Rows": 1,
              "Plan Width": 8,
              "Actual Startup Time": 647.805,
              "Actual Total Time": 647.806,
              "Actual Rows": 1,
              "Actual Loops": 7,
              "Plans": [
                {
                  "Node Type": "Seq Scan",
                  "Parent Relationship": "Outer",
                  "Parallel Aware": true,
                  "Relation Name": "cast_info",
                  "Alias": "ci",
                  "Startup Cost": 0.0,
                  "Total Cost": 328162.03,
                  "Plan Rows": 1405487,
                  "Plan Width": 0,
                  "Actual Startup Time": 0.056,
                  "Actual Total Time": 586.132,
                  "Actual Rows": 1224376,
                  "Actual Loops": 7,
                  "Filter": "(person_id < 842334)",
                  "Rows Removed by Filter": 3953388
                }
              ]
            }
          ]
        }
      ]
    },
    "Planning Time": 0.206,
    "Triggers": [],
    "Execution Time": 717.2
  }
]