[
  {
    "Plan": {
      "Node Type": "Aggregate",
      "Strategy": "Plain",
      "Partial Mode": "Finalize",
      "Parallel Aware": false,
      "Startup Cost": 84029.07,
      "Total Cost": 84029.08,
      "Plan Rows": 1,
      "Plan Width": 8,
      "Actual Startup Time": 198.648,
      "Actual Total Time": 219.851,
      "Actual Rows": 1,
      "Actual Loops": 1,
      "Plans": [
        {
          "Node Type": "Gather",
          "Parent Relationship": "Outer",
          "Parallel Aware": false,
          "Startup Cost": 84028.75,
          "Total Cost": 84029.06,
          "Plan Rows": 3,
          "Plan Width": 8,
          "Actual Startup Time": 197.974,
          "Actual Total Time": 219.84,
          "Actual Rows": 4,
          "Actual Loops": 1,
          "Workers Planned": 3,
          "Workers Launched": 3,
          "Single Copy": false,
          "Plans": [
            {
              "Node Type": "Aggregate",
              "Strategy": "Plain",
              "Partial Mode": "Partial",
              "Parent Relationship": "Outer",
              "Parallel Aware": false,
              "Startup Cost": 83028.75,
              "Total Cost": 83028.76,
              "Plan Rows": 1,
              "Plan Width": 8,
              "Actual Startup Time": 188.328,
              "Actual Total Time": 188.335,
              "Actual Rows": 1,
              "Actual Loops": 4,
              "Plans": [
                {
                  "Node Type": "Nested Loop",
                  "Parent Relationship": "Outer",
                  "Parallel Aware": false,
                  "Join Type": "Inner",
                  "Startup Cost": 48076.47,
                  "Total Cost": 83023.05,
                  "Plan Rows": 2280,
                  "Plan Width": 0,
                  "Actual Startup Time": 122.992,
                  "Actual Total Time": 188.205,
                  "Actual Rows": 1104,
                  "Actual Loops": 4,
                  "Inner Unique": false,
                  "Join Filter": "(t.id = ci.movie_id)",
                  "Rows Removed by Join Filter": 0,
                  "Plans": [
                    {
                      "Node Type": "Hash Join",
                      "Parent Relationship": "Outer",
                      "Parallel Aware": true,
                      "Join Type": "Inner",
                      "Startup Cost": 48075.9,
                      "Total Cost": 73088.88,
                      "Plan Rows": 767,
                      "Plan Width": 8,
                      "Actual Startup Time": 122.683,
                      "Actual Total Time": 166.279,
                      "Actual Rows": 217,
                      "Actual Loops": 4,
                      "Inner Unique": true,
                      "Hash Cond": "(mk.movie_id = t.id)",
                      "Plans": [
                        {
                          "Node Type": "Bitmap Heap Scan",
                          "Parent Relationship": "Outer",
                          "Parallel Aware": true,
                          "Relation Name": "movie_keyword",
                          "Alias": "mk",
                          "Startup Cost": 2432.33,
                          "Total Cost": 27348.29,
                          "Plan Rows": 36957,
                          "Plan Width": 4,
                          "Actual Startup Time": 12.551,
                          "Actual Total Time": 49.003,
                          "Actual Rows": 29348,
                          "Actual Loops": 4,
                          "Recheck Cond": "(keyword_id < 115)",
                          "Rows Removed by Index Recheck": 0,
                          "Exact Heap Blocks": 7676,
                          "Lossy Heap Blocks": 0,
                          "Plans": [
                            {
                              "Node Type": "Bitmap Index Scan",
                              "Parent Relationship": "Outer",
                              "Parallel Aware": false,
                              "Index Name": "keyword_id_movie_keyword",
                              "Startup Cost": 0.0,
                              "Total Cost": 2403.68,
                              "Plan Rows": 114567,
                              "Plan Width": 0,
                              "Actual Startup Time": 9.15,
                              "Actual Total Time": 9.151,
                              "Actual Rows": 117394,
                              "Actual Loops": 1,
                              "Index Cond": "(keyword_id < 115)"
                            }
                          ]
                        },
                        {
                          "Node Type": "Hash",
                          "Parent Relationship": "Inner",
                          "Parallel Aware": true,
                          "Startup Cost": 45479.59,
                          "Total Cost": 45479.59,
                          "Plan Rows": 13119,
                          "Plan Width": 4,
                          "Actual Startup Time": 108.331,
                          "Actual Total Time": 108.333,
                          "Actual Rows": 14120,
                          "Actual Loops": 4,
                          "Hash Buckets": 65536,
                          "Original Hash Buckets": 65536,
                          "Hash Batches": 1,
                          "Original Hash Batches": 1,
                          "Peak Memory Usage": 2816,
                          "Plans": [
                            {
                              "Node Type": "Seq Scan",
                              "Parent Relationship": "Outer",
                              "Parallel Aware": true,
                              "Relation Name": "title",
                              "Alias": "t",
                              "Startup Cost": 0.0,
                              "Total Cost": 45479.59,
                              "Plan Rows": 13119,
                              "Plan Width": 4,
                              "Actual Startup Time": 0.059,
                              "Actual Total Time": 101.639,
                              "Actual Rows": 14120,
                              "Actual Loops": 4,
                              "Filter": "((kind_id = 7) AND (production_year = 2004))",
                              "Rows Removed by Filter": 617958
                            }
                          ]
                        }
                      ]
                    },
                    {
                      "Node Type": "Index Scan",
                      "Parent Relationship": "Inner",
                      "Parallel Aware": false,
                      "Scan Direction": "Forward",
                      "Index Name": "movie_id_cast_info",
                      "Relation Name": "cast_info",
                      "Alias": "ci",
                      "Startup Cost": 0.56,
                      "Total Cost": 12.86,
                      "Plan Rows": 7,
                      "Plan Width": 4,
                      "Actual Startup Time": 0.038,
                      "Actual Total Time": 0.1,
                      "Actual Rows": 5,
                      "Actual Loops": 869,
                      "Index Cond": "(movie_id = mk.movie_id)",
                      "Rows Removed by Index Recheck": 0,
                      "Filter": "(role_id = 2)",
                      "Rows Removed by Filter": 27
                    }
                  ]
                }
              ]
            }
          ]
        }
      ]
    },
    "Planning Time": 1.38,
    "Triggers": [],
    "Execution Time": 219.968
  }
]