[
  {
    "Plan": {
      "Node Type": "Aggregate",
      "Strategy": "Plain",
      "Partial Mode": "Finalize",
      "Parallel Aware": false,
      "Startup Cost": 83365.01,
      "Total Cost": 83365.02,
      "Plan Rows": 1,
      "Plan Width": 8,
      "Actual Startup Time": 175.751,
      "Actual Total Time": 197.052,
      "Actual Rows": 1,
      "Actual Loops": 1,
      "Plans": [
        {
          "Node Type": "Gather",
          "Parent Relationship": "Outer",
          "Parallel Aware": false,
          "Startup Cost": 83364.69,
          "Total Cost": 83365.0,
          "Plan Rows": 3,
          "Plan Width": 8,
          "Actual Startup Time": 175.278,
          "Actual Total Time": 197.045,
          "Actual Rows": 4,
          "Actual Loops": 1,
          "Workers Planned": 3,
          "Workers Launched": 3,
          "Single Copy": false,
          "Plans": [
            {
              "Node Type": "Aggregate",
              "Strategy": "Plain",
              "Partial Mode": "Partial",
              "Parent Relationship": "Outer",
              "Parallel Aware": false,
              "Startup Cost": 82364.69,
              "Total Cost": 82364.7,
              "Plan Rows": 1,
              "Plan Width": 8,
              "Actual Startup Time": 165.917,
              "Actual Total Time": 165.921,
              "Actual Rows": 1,
              "Actual Loops": 4,
              "Plans": [
                {
                  "Node Type": "Nested Loop",
                  "Parent Relationship": "Outer",
                  "Parallel Aware": false,
                  "Join Type": "Inner",
                  "Startup Cost": 47821.16,
                  "Total Cost": 82359.75,
                  "Plan Rows": 1978,
                  "Plan Width": 0,
                  "Actual Startup Time": 112.537,
                  "Actual Total Time": 165.82,
                  "Actual Rows": 1104,
                  "Actual Loops": 4,
                  "Inner Unique": false,
                  "Join Filter": "(t.id = ci.movie_id)",
                  "Rows Removed by Join Filter": 0,
                  "Plans": [
                    {
                      "Node Type": "Hash Join",
                      "Parent Relationship": "Outer",
                      "Parallel Aware": true,
                      "Join Type": "Inner",
                      "Startup Cost": 47820.59,
                      "Total Cost": 72775.02,
                      "Plan Rows": 679,
                      "Plan Width": 8,
                      "Actual Startup Time": 112.315,
                      "Actual Total Time": 148.384,
                      "Actual Rows": 217,
                      "Actual Loops": 4,
                      "Inner Unique": true,
                      "Hash Cond": "(mk.movie_id = t.id)",
                      "Plans": [
                        {
                          "Node Type": "Bitmap Heap Scan",
                          "Parent Relationship": "Outer",
                          "Parallel Aware": true,
                          "Relation Name": "movie_keyword",
                          "Alias": "mk",
                          "Startup Cost": 2179.32,
                          "Total Cost": 27046.89,
                          "Plan Rows": 33086,
                          "Plan Width": 4,
                          "Actual Startup Time": 12.104,
                          "Actual Total Time": 42.601,
                          "Actual Rows": 29348,
                          "Actual Loops": 4,
                          "Recheck Cond": "(keyword_id < 115)",
                          "Rows Removed by Index Recheck": 0,
                          "Exact Heap Blocks": 10633,
                          "Lossy Heap Blocks": 0,
                          "Plans": [
                            {
                              "Node Type": "Bitmap Index Scan",
                              "Parent Relationship": "Outer",
                              "Parallel Aware": false,
                              "Index Name": "keyword_id_movie_keyword",
                              "Startup Cost": 0.0,
                              "Total Cost": 2153.68,
                              "Plan Rows": 102566,
                              "Plan Width": 0,
                              "Actual Startup Time": 8.629,
                              "Actual Total Time": 8.629,
                              "Actual Rows": 117394,
                              "Actual Loops": 1,
                              "Index Cond": "(keyword_id < 115)"
                            }
                          ]
                        },
                        {
                          "Node Type": "Hash",
                          "Parent Relationship": "Inner",
                          "Parallel Aware": true,
                          "Startup Cost": 45479.1,
                          "Total Cost": 45479.1,
                          "Plan Rows": 12974,
                          "Plan Width": 4,
                          "Actual Startup Time": 98.275,
                          "Actual Total Time": 98.275,
                          "Actual Rows": 14120,
                          "Actual Loops": 4,
                          "Hash Buckets": 65536,
                          "Original Hash Buckets": 65536,
                          "Hash Batches": 1,
                          "Original Hash Batches": 1,
                          "Peak Memory Usage": 2816,
                          "Plans": [
                            {
                              "Node Type": "Seq Scan",
                              "Parent Relationship": "Outer",
                              "Parallel Aware": true,
                              "Relation Name": "title",
                              "Alias": "t",
                              "Startup Cost": 0.0,
                              "Total Cost": 45479.1,
                              "Plan Rows": 12974,
                              "Plan Width": 4,
                              "Actual Startup Time": 0.039,
                              "Actual Total Time": 92.003,
                              "Actual Rows": 14120,
                              "Actual Loops": 4,
                              "Filter": "((kind_id = 7) AND (production_year = 2004))",
                              "Rows Removed by Filter": 617958
                            }
                          ]
                        }
                      ]
                    },
                    {
                      "Node Type": "Index Scan",
                      "Parent Relationship": "Inner",
                      "Parallel Aware": false,
                      "Scan Direction": "Forward",
                      "Index Name": "movie_id_cast_info",
                      "Relation Name": "cast_info",
                      "Alias": "ci",
                      "Startup Cost": 0.56,
                      "Total Cost": 14.03,
                      "Plan Rows": 7,
                      "Plan Width": 4,
                      "Actual Startup Time": 0.034,
                      "Actual Total Time": 0.079,
                      "Actual Rows": 5,
                      "Actual Loops": 869,
                      "Index Cond": "(movie_id = mk.movie_id)",
                      "Rows Removed by Index Recheck": 0,
                      "Filter": "(role_id = 2)",
                      "Rows Removed by Filter": 27
                    }
                  ]
                }
              ]
            }
          ]
        }
      ]
    },
    "Planning Time": 1.299,
    "Triggers": [],
    "Execution Time": 197.162
  }
]