[
  {
    "Plan": {
      "Node Type": "Aggregate",
      "Strategy": "Plain",
      "Partial Mode": "Finalize",
      "Parallel Aware": false,
      "Startup Cost": 342430.65,
      "Total Cost": 342430.66,
      "Plan Rows": 1,
      "Plan Width": 8,
      "Actual Startup Time": 877.292,
      "Actual Total Time": 938.114,
      "Actual Rows": 1,
      "Actual Loops": 1,
      "Plans": [
        {
          "Node Type": "Gather",
          "Parent Relationship": "Outer",
          "Parallel Aware": false,
          "Startup Cost": 342430.03,
          "Total Cost": 342430.64,
          "Plan Rows": 6,
          "Plan Width": 8,
          "Actual Startup Time": 877.183,
          "Actual Total Time": 938.103,
          "Actual Rows": 7,
          "Actual Loops": 1,
          "Workers Planned": 6,
          "Workers Launched": 6,
          "Single Copy": false,
          "Plans": [
            {
              "Node Type": "Aggregate",
              "Strategy": "Plain",
              "Partial Mode": "Partial",
              "Parent Relationship": "Outer",
              "Parallel Aware": false,
              "Startup Cost": 341430.03,
              "Total Cost": 341430.04,
              "Plan Rows": 1,
              "Plan Width": 8,
              "Actual Startup Time": 867.815,
              "Actual Total Time": 867.816,
              "Actual Rows": 1,
              "Actual Loops": 7,
              "Plans": [
                {
                  "Node Type": "Seq Scan",
                  "Parent Relationship": "Outer",
                  "Parallel Aware": true,
                  "Relation Name": "cast_info",
                  "Alias": "ci",
                  "Startup Cost": 0.0,
                  "Total Cost": 328162.03,
                  "Plan Rows": 5307201,
                  "Plan Width": 0,
                  "Actual Startup Time": 0.047,
                  "Actual Total Time": 662.085,
                  "Actual Rows": 4579923,
                  "Actual Loops": 7,
                  "Filter": "(person_id < 3291453)",
                  "Rows Removed by Filter": 597841
                }
              ]
            }
          ]
        }
      ]
    },
    "Planning Time": 0.196,
    "Triggers": [],
    "Execution Time": 938.184
  }
]