[
  {
    "Plan": {
      "Node Type": "Aggregate",
      "Strategy": "Plain",
      "Partial Mode": "Finalize",
      "Parallel Aware": false,
      "Startup Cost": 25802.0,
      "Total Cost": 25802.01,
      "Plan Rows": 1,
      "Plan Width": 8,
      "Actual Startup Time": 103.473,
      "Actual Total Time": 113.668,
      "Actual Rows": 1,
      "Actual Loops": 1,
      "Plans": [
        {
          "Node Type": "Gather",
          "Parent Relationship": "Outer",
          "Parallel Aware": false,
          "Startup Cost": 25801.79,
          "Total Cost": 25802.0,
          "Plan Rows": 2,
          "Plan Width": 8,
          "Actual Startup Time": 103.314,
          "Actual Total Time": 113.661,
          "Actual Rows": 3,
          "Actual Loops": 1,
          "Workers Planned": 2,
          "Workers Launched": 2,
          "Single Copy": false,
          "Plans": [
            {
              "Node Type": "Aggregate",
              "Strategy": "Plain",
              "Partial Mode": "Partial",
              "Parent Relationship": "Outer",
              "Parallel Aware": false,
              "Startup Cost": 24801.79,
              "Total Cost": 24801.8,
              "Plan Rows": 1,
              "Plan Width": 8,
              "Actual Startup Time": 94.717,
              "Actual Total Time": 94.72,
              "Actual Rows": 1,
              "Actual Loops": 3,
              "Plans": [
                {
                  "Node Type": "Nested Loop",
                  "Parent Relationship": "Outer",
                  "Parallel Aware": false,
                  "Join Type": "Inner",
                  "Startup Cost": 64.03,
                  "Total Cost": 24798.76,
                  "Plan Rows": 1210,
                  "Plan Width": 0,
                  "Actual Startup Time": 1.833,
                  "Actual Total Time": 87.241,
                  "Actual Rows": 139761,
                  "Actual Loops": 3,
                  "Inner Unique": false,
                  "Plans": [
                    {
                      "Node Type": "Nested Loop",
                      "Parent Relationship": "Outer",
                      "Parallel Aware": false,
                      "Join Type": "Inner",
                      "Startup Cost": 63.6,
                      "Total Cost": 23215.97,
                      "Plan Rows": 879,
                      "Plan Width": 8,
                      "Actual Startup Time": 1.671,
                      "Actual Total Time": 22.791,
                      "Actual Rows": 2204,
                      "Actual Loops": 3,
                      "Inner Unique": true,
                      "Plans": [
                        {
                          "Node Type": "Bitmap Heap Scan",
                          "Parent Relationship": "Outer",
                          "Parallel Aware": true,
                          "Relation Name": "movie_info",
                          "Alias": "mi",
                          "Startup Cost": 63.17,
                          "Total Cost": 12250.29,
                          "Plan Rows": 1438,
                          "Plan Width": 4,
                          "Actual Startup Time": 1.492,
                          "Actual Total Time": 5.023,
                          "Actual Rows": 2205,
                          "Actual Loops": 3,
                          "Recheck Cond": "(info_type_id = 41)",
                          "Rows Removed by Index Recheck": 0,
                          "Exact Heap Blocks": 617,
                          "Lossy Heap Blocks": 0,
                          "Plans": [
                            {
                              "Node Type": "Bitmap Index Scan",
                              "Parent Relationship": "Outer",
                              "Parallel Aware": false,
                              "Index Name": "info_type_id_movie_info",
                              "Startup Cost": 0.0,
                              "Total Cost": 62.31,
                              "Plan Rows": 3450,
                              "Plan Width": 0,
                              "Actual Startup Time": 3.55,
                              "Actual Total Time": 3.551,
                              "Actual Rows": 6614,
                              "Actual Loops": 1,
                              "Index Cond": "(info_type_id = 41)"
                            }
                          ]
                        },
                        {
                          "Node Type": "Index Scan",
                          "Parent Relationship": "Inner",
                          "Parallel Aware": false,
                          "Scan Direction": "Forward",
                          "Index Name": "title_pkey",
                          "Relation Name": "title",
                          "Alias": "t",
                          "Startup Cost": 0.43,
                          "Total Cost": 7.63,
                          "Plan Rows": 1,
                          "Plan Width": 4,
                          "Actual Startup Time": 0.008,
                          "Actual Total Time": 0.008,
                          "Actual Rows": 1,
                          "Actual Loops": 6614,
                          "Index Cond": "(id = mi.movie_id)",
                          "Rows Removed by Index Recheck": 0,
                          "Filter": "(production_year < 2007)",
                          "Rows Removed by Filter": 0
                        }
                      ]
                    },
                    {
                      "Node Type": "Index Scan",
                      "Parent Relationship": "Inner",
                      "Parallel Aware": false,
                      "Scan Direction": "Forward",
                      "Index Name": "movie_id_movie_keyword",
                      "Relation Name": "movie_keyword",
                      "Alias": "mk",
                      "Startup Cost": 0.43,
                      "Total Cost": 1.45,
                      "Plan Rows": 35,
                      "Plan Width": 4,
                      "Actual Startup Time": 0.011,
                      "Actual Total Time": 0.024,
                      "Actual Rows": 63,
                      "Actual Loops": 6613,
                      "Index Cond": "(movie_id = t.id)",
                      "Rows Removed by Index Recheck": 0,
                      "Filter": "(keyword_id > 1044)",
                      "Rows Removed by Filter": 14
                    }
                  ]
                }
              ]
            }
          ]
        }
      ]
    },
    "Planning Time": 1.479,
    "Triggers": [],
    "Execution Time": 113.772
  }
]