[
  {
    "Plan": {
      "Node Type": "Aggregate",
      "Strategy": "Plain",
      "Partial Mode": "Finalize",
      "Parallel Aware": false,
      "Startup Cost": 125441.14,
      "Total Cost": 125441.15,
      "Plan Rows": 1,
      "Plan Width": 8,
      "Actual Startup Time": 787.872,
      "Actual Total Time": 816.388,
      "Actual Rows": 1,
      "Actual Loops": 1,
      "Plans": [
        {
          "Node Type": "Gather",
          "Parent Relationship": "Outer",
          "Parallel Aware": false,
          "Startup Cost": 125440.82,
          "Total Cost": 125441.13,
          "Plan Rows": 3,
          "Plan Width": 8,
          "Actual Startup Time": 763.656,
          "Actual Total Time": 816.377,
          "Actual Rows": 4,
          "Actual Loops": 1,
          "Workers Planned": 3,
          "Workers Launched": 3,
          "Single Copy": false,
          "Plans": [
            {
              "Node Type": "Aggregate",
              "Strategy": "Plain",
              "Partial Mode": "Partial",
              "Parent Relationship": "Outer",
              "Parallel Aware": false,
              "Startup Cost": 124440.82,
              "Total Cost": 124440.83,
              "Plan Rows": 1,
              "Plan Width": 8,
              "Actual Startup Time": 756.072,
              "Actual Total Time": 756.263,
              "Actual Rows": 1,
              "Actual Loops": 4,
              "Plans": [
                {
                  "Node Type": "Hash Join",
                  "Parent Relationship": "Outer",
                  "Parallel Aware": true,
                  "Join Type": "Inner",
                  "Startup Cost": 91492.1,
                  "Total Cost": 124271.97,
                  "Plan Rows": 67543,
                  "Plan Width": 0,
                  "Actual Startup Time": 547.803,
                  "Actual Total Time": 719.095,
                  "Actual Rows": 847715,
                  "Actual Loops": 4,
                  "Inner Unique": false,
                  "Hash Cond": "(mc.movie_id = t.id)",
                  "Plans": [
                    {
                      "Node Type": "Seq Scan",
                      "Parent Relationship": "Outer",
                      "Parallel Aware": true,
                      "Relation Name": "movie_companies",
                      "Alias": "mc",
                      "Startup Cost": 0.0,
                      "Total Cost": 31414.82,
                      "Plan Rows": 305912,
                      "Plan Width": 4,
                      "Actual Startup Time": 0.015,
                      "Actual Total Time": 72.734,
                      "Actual Rows": 312639,
                      "Actual Loops": 4,
                      "Filter": "((company_id < 51902) AND (company_type_id < 2))",
                      "Rows Removed by Filter": 339643
                    },
                    {
                      "Node Type": "Hash",
                      "Parent Relationship": "Inner",
                      "Parallel Aware": true,
                      "Startup Cost": 89241.06,
                      "Total Cost": 89241.06,
                      "Plan Rows": 180083,
                      "Plan Width": 8,
                      "Actual Startup Time": 535.292,
                      "Actual Total Time": 535.481,
                      "Actual Rows": 139210,
                      "Actual Loops": 4,
                      "Hash Buckets": 1048576,
                      "Original Hash Buckets": 1048576,
                      "Hash Batches": 1,
                      "Original Hash Batches": 1,
                      "Peak Memory Usage": 30048,
                      "Plans": [
                        {
                          "Node Type": "Hash Join",
                          "Parent Relationship": "Outer",
                          "Parallel Aware": true,
                          "Join Type": "Inner",
                          "Startup Cost": 62063.31,
                          "Total Cost": 89241.06,
                          "Plan Rows": 180083,
                          "Plan Width": 8,
                          "Actual Startup Time": 393.581,
                          "Actual Total Time": 493.574,
                          "Actual Rows": 139210,
                          "Actual Loops": 4,
                          "Inner Unique": true,
                          "Hash Cond": "(mk.movie_id = t.id)",
                          "Plans": [
                            {
                              "Node Type": "Bitmap Heap Scan",
                              "Parent Relationship": "Outer",
                              "Parallel Aware": true,
                              "Relation Name": "movie_keyword",
                              "Alias": "mk",
                              "Startup Cost": 11842.92,
                              "Total Cost": 38547.96,
                              "Plan Rows": 180083,
                              "Plan Width": 4,
                              "Actual Startup Time": 32.04,
                              "Actual Total Time": 86.631,
                              "Actual Rows": 139210,
                              "Actual Loops": 4,
                              "Recheck Cond": "(keyword_id > 32987)",
                              "Rows Removed by Index Recheck": 0,
                              "Exact Heap Blocks": 7703,
                              "Lossy Heap Blocks": 0,
                              "Plans": [
                                {
                                  "Node Type": "Bitmap Index Scan",
                                  "Parent Relationship": "Outer",
                                  "Parallel Aware": false,
                                  "Index Name": "keyword_id_movie_keyword",
                                  "Startup Cost": 0.0,
                                  "Total Cost": 11703.36,
                                  "Plan Rows": 558257,
                                  "Plan Width": 0,
                                  "Actual Startup Time": 28.543,
                                  "Actual Total Time": 28.544,
                                  "Actual Rows": 556839,
                                  "Actual Loops": 1,
                                  "Index Cond": "(keyword_id > 32987)"
                                }
                              ]
                            },
                            {
                              "Node Type": "Hash",
                              "Parent Relationship": "Inner",
                              "Parallel Aware": true,
                              "Startup Cost": 42319.06,
                              "Total Cost": 42319.06,
                              "Plan Rows": 632106,
                              "Plan Width": 4,
                              "Actual Startup Time": 353.477,
                              "Actual Total Time": 353.478,
                              "Actual Rows": 632078,
                              "Actual Loops": 4,
                              "Hash Buckets": 4194304,
                              "Original Hash Buckets": 4194304,
                              "Hash Batches": 1,
                              "Original Hash Batches": 1,
                              "Peak Memory Usage": 131744,
                              "Plans": [
                                {
                                  "Node Type": "Seq Scan",
                                  "Parent Relationship": "Outer",
                                  "Parallel Aware": true,
                                  "Relation Name": "title",
                                  "Alias": "t",
                                  "Startup Cost": 0.0,
                                  "Total Cost": 42319.06,
                                  "Plan Rows": 632106,
                                  "Plan Width": 4,
                                  "Actual Startup Time": 0.051,
                                  "Actual Total Time": 103.407,
                                  "Actual Rows": 632078,
                                  "Actual Loops": 4
                                }
                              ]
                            }
                          ]
                        }
                      ]
                    }
                  ]
                }
              ]
            }
          ]
        }
      ]
    },
    "Planning Time": 1.182,
    "Triggers": [],
    "Execution Time": 816.479
  }
]