{
  "Plan": {
    "Node Type": "Aggregate",
    "Strategy": "Plain",
    "Partial Mode": "Finalize",
    "Parallel Aware": false,
    "Startup Cost": 902585.43,
    "Total Cost": 902585.44,
    "Plan Rows": 1,
    "Plan Width": 8,
    "Actual Startup Time": 4676.453,
    "Actual Total Time": 4731.857,
    "Actual Rows": 1,
    "Actual Loops": 1,
    "Plans": [
      {
        "Node Type": "Gather",
        "Parent Relationship": "Outer",
        "Parallel Aware": false,
        "Startup Cost": 902585.32,
        "Total Cost": 902585.43,
        "Plan Rows": 1,
        "Plan Width": 8,
        "Actual Startup Time": 4672.811,
        "Actual Total Time": 4731.846,
        "Actual Rows": 2,
        "Actual Loops": 1,
        "Workers Planned": 1,
        "Workers Launched": 1,
        "Single Copy": false,
        "Plans": [
          {
            "Node Type": "Aggregate",
            "Strategy": "Plain",
            "Partial Mode": "Partial",
            "Parent Relationship": "Outer",
            "Parallel Aware": false,
            "Startup Cost": 901585.32,
            "Total Cost": 901585.33,
            "Plan Rows": 1,
            "Plan Width": 8,
            "Actual Startup Time": 4663.884,
            "Actual Total Time": 4664.044,
            "Actual Rows": 1,
            "Actual Loops": 2,
            "Plans": [
              {
                "Node Type": "Hash Join",
                "Parent Relationship": "Outer",
                "Parallel Aware": true,
                "Join Type": "Inner",
                "Startup Cost": 562779.4,
                "Total Cost": 887756.02,
                "Plan Rows": 5531719,
                "Plan Width": 0,
                "Actual Startup Time": 1959.364,
                "Actual Total Time": 4499.257,
                "Actual Rows": 3858756,
                "Actual Loops": 2,
                "Inner Unique": false,
                "Hash Cond": "(mi.movie_id = t.id)",
                "Plans": [
                  {
                    "Node Type": "Seq Scan",
                    "Parent Relationship": "Outer",
                    "Parallel Aware": true,
                    "Relation Name": "movie_info",
                    "Alias": "mi",
                    "Startup Cost": 0.0,
                    "Total Cost": 248955.74,
                    "Plan Rows": 8696274,
                    "Plan Width": 4,
                    "Actual Startup Time": 0.023,
                    "Actual Total Time": 648.815,
                    "Actual Rows": 7417860,
                    "Actual Loops": 2
                  },
                  {
                    "Node Type": "Hash",
                    "Parent Relationship": "Inner",
                    "Parallel Aware": true,
                    "Startup Cost": 550954.01,
                    "Total Cost": 550954.01,
                    "Plan Rows": 946031,
                    "Plan Width": 8,
                    "Actual Startup Time": 1944.43,
                    "Actual Total Time": 1944.589,
                    "Actual Rows": 656269,
                    "Actual Loops": 2,
                    "Hash Buckets": 2097152,
                    "Original Hash Buckets": 2097152,
                    "Hash Batches": 1,
                    "Original Hash Batches": 1,
                    "Peak Memory Usage": 67744,
                    "Plans": [
                      {
                        "Node Type": "Hash Join",
                        "Parent Relationship": "Outer",
                        "Parallel Aware": true,
                        "Join Type": "Inner",
                        "Startup Cost": 230488.09,
                        "Total Cost": 550954.01,
                        "Plan Rows": 946031,
                        "Plan Width": 8,
                        "Actual Startup Time": 583.579,
                        "Actual Total Time": 1745.073,
                        "Actual Rows": 656269,
                        "Actual Loops": 2,
                        "Inner Unique": true,
                        "Hash Cond": "(ci.movie_id = t.id)",
                        "Plans": [
                          {
                            "Node Type": "Bitmap Heap Scan",
                            "Parent Relationship": "Outer",
                            "Parallel Aware": true,
                            "Relation Name": "cast_info",
                            "Alias": "ci",
                            "Startup Cost": 168257.03,
                            "Total Cost": 476959.64,
                            "Plan Rows": 4481249,
                            "Plan Width": 4,
                            "Actual Startup Time": 364.16,
                            "Actual Total Time": 756.658,
                            "Actual Rows": 3900777,
                            "Actual Loops": 2,
                            "Recheck Cond": "(person_id < 759885)",
                            "Rows Removed by Index Recheck": 0,
                            "Exact Heap Blocks": 43495,
                            "Lossy Heap Blocks": 0,
                            "Plans": [
                              {
                                "Node Type": "Bitmap Index Scan",
                                "Parent Relationship": "Outer",
                                "Parallel Aware": false,
                                "Index Name": "person_id_cast_info",
                                "Startup Cost": 0.0,
                                "Total Cost": 166352.49,
                                "Plan Rows": 7618124,
                                "Plan Width": 0,
                                "Actual Startup Time": 349.886,
                                "Actual Total Time": 349.886,
                                "Actual Rows": 7801554,
                                "Actual Loops": 1,
                                "Index Cond": "(person_id < 759885)"
                              }
                            ]
                          },
                          {
                            "Node Type": "Hash",
                            "Parent Relationship": "Inner",
                            "Parallel Aware": true,
                            "Startup Cost": 58306.47,
                            "Total Cost": 58306.47,
                            "Plan Rows": 313968,
                            "Plan Width": 4,
                            "Actual Startup Time": 215.137,
                            "Actual Total Time": 215.138,
                            "Actual Rows": 199158,
                            "Actual Loops": 2,
                            "Hash Buckets": 1048576,
                            "Original Hash Buckets": 1048576,
                            "Hash Batches": 1,
                            "Original Hash Batches": 1,
                            "Peak Memory Usage": 23808,
                            "Plans": [
                              {
                                "Node Type": "Seq Scan",
                                "Parent Relationship": "Outer",
                                "Parallel Aware": true,
                                "Relation Name": "title",
                                "Alias": "t",
                                "Startup Cost": 0.0,
                                "Total Cost": 58306.47,
                                "Plan Rows": 313968,
                                "Plan Width": 4,
                                "Actual Startup Time": 0.028,
                                "Actual Total Time": 153.169,
                                "Actual Rows": 199158,
                                "Actual Loops": 2,
                                "Filter": "((kind_id > 3) AND (production_year < 1995))",
                                "Rows Removed by Filter": 1064998
                              }
                            ]
                          }
                        ]
                      }
                    ]
                  }
                ]
              }
            ]
          }
        ]
      }
    ]
  },
  "Planning Time": 0.993,
  "Triggers": [],
  "Execution Time": 4731.979
}