{
  "Plan": {
    "Node Type": "Aggregate",
    "Strategy": "Plain",
    "Partial Mode": "Finalize",
    "Parallel Aware": false,
    "Startup Cost": 133853.93,
    "Total Cost": 133853.94,
    "Plan Rows": 1,
    "Plan Width": 8,
    "Actual Startup Time": 895.596,
    "Actual Total Time": 912.048,
    "Actual Rows": 1,
    "Actual Loops": 1,
    "Plans": [
      {
        "Node Type": "Gather",
        "Parent Relationship": "Outer",
        "Parallel Aware": false,
        "Startup Cost": 133853.81,
        "Total Cost": 133853.92,
        "Plan Rows": 1,
        "Plan Width": 8,
        "Actual Startup Time": 892.903,
        "Actual Total Time": 912.037,
        "Actual Rows": 2,
        "Actual Loops": 1,
        "Workers Planned": 1,
        "Workers Launched": 1,
        "Single Copy": false,
        "Plans": [
          {
            "Node Type": "Aggregate",
            "Strategy": "Plain",
            "Partial Mode": "Partial",
            "Parent Relationship": "Outer",
            "Parallel Aware": false,
            "Startup Cost": 132853.81,
            "Total Cost": 132853.82,
            "Plan Rows": 1,
            "Plan Width": 8,
            "Actual Startup Time": 884.777,
            "Actual Total Time": 884.783,
            "Actual Rows": 1,
            "Actual Loops": 2,
            "Plans": [
              {
                "Node Type": "Hash Join",
                "Parent Relationship": "Outer",
                "Parallel Aware": true,
                "Join Type": "Inner",
                "Startup Cost": 69820.29,
                "Total Cost": 130524.07,
                "Plan Rows": 931896,
                "Plan Width": 0,
                "Actual Startup Time": 510.687,
                "Actual Total Time": 856.03,
                "Actual Rows": 742657,
                "Actual Loops": 2,
                "Inner Unique": true,
                "Hash Cond": "(mk.movie_id = t.id)",
                "Plans": [
                  {
                    "Node Type": "Seq Scan",
                    "Parent Relationship": "Outer",
                    "Parallel Aware": true,
                    "Relation Name": "movie_keyword",
                    "Alias": "mk",
                    "Startup Cost": 0.0,
                    "Total Cost": 57718.19,
                    "Plan Rows": 1137369,
                    "Plan Width": 4,
                    "Actual Startup Time": 0.618,
                    "Actual Total Time": 179.996,
                    "Actual Rows": 967714,
                    "Actual Loops": 2,
                    "Filter": "(keyword_id > 6848)",
                    "Rows Removed by Filter": 1294250
                  },
                  {
                    "Node Type": "Hash",
                    "Parent Relationship": "Inner",
                    "Parallel Aware": true,
                    "Startup Cost": 54588.39,
                    "Total Cost": 54588.39,
                    "Plan Rows": 1218552,
                    "Plan Width": 4,
                    "Actual Startup Time": 495.626,
                    "Actual Total Time": 495.628,
                    "Actual Rows": 1030173,
                    "Actual Loops": 2,
                    "Hash Buckets": 2097152,
                    "Original Hash Buckets": 2097152,
                    "Hash Batches": 1,
                    "Original Hash Batches": 1,
                    "Peak Memory Usage": 97024,
                    "Plans": [
                      {
                        "Node Type": "Seq Scan",
                        "Parent Relationship": "Outer",
                        "Parallel Aware": true,
                        "Relation Name": "title",
                        "Alias": "t",
                        "Startup Cost": 0.0,
                        "Total Cost": 54588.39,
                        "Plan Rows": 1218552,
                        "Plan Width": 4,
                        "Actual Startup Time": 0.029,
                        "Actual Total Time": 184.676,
                        "Actual Rows": 1030173,
                        "Actual Loops": 2,
                        "Filter": "(production_year > 1971)",
                        "Rows Removed by Filter": 233983
                      }
                    ]
                  }
                ]
              }
            ]
          }
        ]
      }
    ]
  },
  "Planning Time": 0.683,
  "Triggers": [],
  "Execution Time": 912.12
}