[
  {
    "Plan": {
      "Node Type": "Aggregate",
      "Strategy": "Plain",
      "Partial Mode": "Finalize",
      "Parallel Aware": false,
      "Startup Cost": 332583.7,
      "Total Cost": 332583.71,
      "Plan Rows": 1,
      "Plan Width": 8,
      "Actual Startup Time": 304.722,
      "Actual Total Time": 354.608,
      "Actual Rows": 1,
      "Actual Loops": 1,
      "Plans": [
        {
          "Node Type": "Gather",
          "Parent Relationship": "Outer",
          "Parallel Aware": false,
          "Startup Cost": 332583.28,
          "Total Cost": 332583.69,
          "Plan Rows": 4,
          "Plan Width": 8,
          "Actual Startup Time": 304.604,
          "Actual Total Time": 354.599,
          "Actual Rows": 5,
          "Actual Loops": 1,
          "Workers Planned": 4,
          "Workers Launched": 4,
          "Single Copy": false,
          "Plans": [
            {
              "Node Type": "Aggregate",
              "Strategy": "Plain",
              "Partial Mode": "Partial",
              "Parent Relationship": "Outer",
              "Parallel Aware": false,
              "Startup Cost": 331583.28,
              "Total Cost": 331583.29,
              "Plan Rows": 1,
              "Plan Width": 8,
              "Actual Startup Time": 294.382,
              "Actual Total Time": 294.383,
              "Actual Rows": 1,
              "Actual Loops": 5,
              "Plans": [
                {
                  "Node Type": "Nested Loop",
                  "Parent Relationship": "Outer",
                  "Parallel Aware": false,
                  "Join Type": "Inner",
                  "Startup Cost": 0.56,
                  "Total Cost": 331538.74,
                  "Plan Rows": 17816,
                  "Plan Width": 0,
                  "Actual Startup Time": 0.312,
                  "Actual Total Time": 292.837,
                  "Actual Rows": 16534,
                  "Actual Loops": 5,
                  "Inner Unique": false,
                  "Plans": [
                    {
                      "Node Type": "Seq Scan",
                      "Parent Relationship": "Outer",
                      "Parallel Aware": true,
                      "Relation Name": "title",
                      "Alias": "t",
                      "Startup Cost": 0.0,
                      "Total Cost": 45479.1,
                      "Plan Rows": 6668,
                      "Plan Width": 4,
                      "Actual Startup Time": 0.056,
                      "Actual Total Time": 65.987,
                      "Actual Rows": 6170,
                      "Actual Loops": 5,
                      "Filter": "((kind_id > 1) AND (production_year = 1995))",
                      "Rows Removed by Filter": 499492
                    },
                    {
                      "Node Type": "Index Scan",
                      "Parent Relationship": "Inner",
                      "Parallel Aware": false,
                      "Scan Direction": "Forward",
                      "Index Name": "movie_id_cast_info",
                      "Relation Name": "cast_info",
                      "Alias": "ci",
                      "Startup Cost": 0.56,
                      "Total Cost": 42.83,
                      "Plan Rows": 7,
                      "Plan Width": 4,
                      "Actual Startup Time": 0.011,
                      "Actual Total Time": 0.036,
                      "Actual Rows": 3,
                      "Actual Loops": 30850,
                      "Index Cond": "(movie_id = t.id)",
                      "Rows Removed by Index Recheck": 0,
                      "Filter": "(person_id < 671299)",
                      "Rows Removed by Filter": 10
                    }
                  ]
                }
              ]
            }
          ]
        }
      ]
    },
    "Planning Time": 0.652,
    "Triggers": [],
    "Execution Time": 354.701
  }
]