[
  {
    "Plan": {
      "Node Type": "Aggregate",
      "Strategy": "Plain",
      "Partial Mode": "Finalize",
      "Parallel Aware": false,
      "Startup Cost": 347867.62,
      "Total Cost": 347867.63,
      "Plan Rows": 1,
      "Plan Width": 8,
      "Actual Startup Time": 691.723,
      "Actual Total Time": 745.055,
      "Actual Rows": 1,
      "Actual Loops": 1,
      "Plans": [
        {
          "Node Type": "Gather",
          "Parent Relationship": "Outer",
          "Parallel Aware": false,
          "Startup Cost": 347866.99,
          "Total Cost": 347867.6,
          "Plan Rows": 6,
          "Plan Width": 8,
          "Actual Startup Time": 691.62,
          "Actual Total Time": 745.045,
          "Actual Rows": 7,
          "Actual Loops": 1,
          "Workers Planned": 6,
          "Workers Launched": 6,
          "Single Copy": false,
          "Plans": [
            {
              "Node Type": "Aggregate",
              "Strategy": "Plain",
              "Partial Mode": "Partial",
              "Parent Relationship": "Outer",
              "Parallel Aware": false,
              "Startup Cost": 346866.99,
              "Total Cost": 346867.01,
              "Plan Rows": 1,
              "Plan Width": 8,
              "Actual Startup Time": 683.87,
              "Actual Total Time": 683.871,
              "Actual Rows": 1,
              "Actual Loops": 7,
              "Plans": [
                {
                  "Node Type": "Seq Scan",
                  "Parent Relationship": "Outer",
                  "Parallel Aware": true,
                  "Relation Name": "cast_info",
                  "Alias": "ci",
                  "Startup Cost": 0.0,
                  "Total Cost": 343257.03,
                  "Plan Rows": 1443986,
                  "Plan Width": 0,
                  "Actual Startup Time": 319.348,
                  "Actual Total Time": 619.776,
                  "Actual Rows": 1619749,
                  "Actual Loops": 7,
                  "Filter": "((person_id > 1693707) AND (role_id > 2))",
                  "Rows Removed by Filter": 3558014
                }
              ]
            }
          ]
        }
      ]
    },
    "Planning Time": 0.183,
    "Triggers": [],
    "Execution Time": 745.122
  }
]