[
  {
    "Plan": {
      "Node Type": "Aggregate",
      "Strategy": "Plain",
      "Partial Mode": "Finalize",
      "Parallel Aware": false,
      "Startup Cost": 46985.71,
      "Total Cost": 46985.72,
      "Plan Rows": 1,
      "Plan Width": 8,
      "Actual Startup Time": 103.942,
      "Actual Total Time": 115.965,
      "Actual Rows": 1,
      "Actual Loops": 1,
      "Plans": [
        {
          "Node Type": "Gather",
          "Parent Relationship": "Outer",
          "Parallel Aware": false,
          "Startup Cost": 46985.29,
          "Total Cost": 46985.7,
          "Plan Rows": 4,
          "Plan Width": 8,
          "Actual Startup Time": 103.819,
          "Actual Total Time": 115.956,
          "Actual Rows": 5,
          "Actual Loops": 1,
          "Workers Planned": 4,
          "Workers Launched": 4,
          "Single Copy": false,
          "Plans": [
            {
              "Node Type": "Aggregate",
              "Strategy": "Plain",
              "Partial Mode": "Partial",
              "Parent Relationship": "Outer",
              "Parallel Aware": false,
              "Startup Cost": 45985.29,
              "Total Cost": 45985.3,
              "Plan Rows": 1,
              "Plan Width": 8,
              "Actual Startup Time": 95.879,
              "Actual Total Time": 95.88,
              "Actual Rows": 1,
              "Actual Loops": 5,
              "Plans": [
                {
                  "Node Type": "Seq Scan",
                  "Parent Relationship": "Outer",
                  "Parallel Aware": true,
                  "Relation Name": "title",
                  "Alias": "t",
                  "Startup Cost": 0.0,
                  "Total Cost": 45479.1,
                  "Plan Rows": 202476,
                  "Plan Width": 0,
                  "Actual Startup Time": 0.043,
                  "Actual Total Time": 88.543,
                  "Actual Rows": 168604,
                  "Actual Loops": 5,
                  "Filter": "((kind_id < 7) AND (production_year < 2011))",
                  "Rows Removed by Filter": 337059
                }
              ]
            }
          ]
        }
      ]
    },
    "Planning Time": 0.186,
    "Triggers": [],
    "Execution Time": 116.033
  }
]