{
  "Plan": {
    "Node Type": "Aggregate",
    "Strategy": "Plain",
    "Partial Mode": "Finalize",
    "Parallel Aware": false,
    "Startup Cost": 101466.97,
    "Total Cost": 101466.98,
    "Plan Rows": 1,
    "Plan Width": 8,
    "Actual Startup Time": 285.989,
    "Actual Total Time": 311.481,
    "Actual Rows": 1,
    "Actual Loops": 1,
    "Plans": [
      {
        "Node Type": "Gather",
        "Parent Relationship": "Outer",
        "Parallel Aware": false,
        "Startup Cost": 101466.86,
        "Total Cost": 101466.97,
        "Plan Rows": 1,
        "Plan Width": 8,
        "Actual Startup Time": 285.701,
        "Actual Total Time": 311.474,
        "Actual Rows": 2,
        "Actual Loops": 1,
        "Workers Planned": 1,
        "Workers Launched": 1,
        "Single Copy": false,
        "Plans": [
          {
            "Node Type": "Aggregate",
            "Strategy": "Plain",
            "Partial Mode": "Partial",
            "Parent Relationship": "Outer",
            "Parallel Aware": false,
            "Startup Cost": 100466.86,
            "Total Cost": 100466.87,
            "Plan Rows": 1,
            "Plan Width": 8,
            "Actual Startup Time": 279.609,
            "Actual Total Time": 279.614,
            "Actual Rows": 1,
            "Actual Loops": 2,
            "Plans": [
              {
                "Node Type": "Nested Loop",
                "Parent Relationship": "Outer",
                "Parallel Aware": false,
                "Join Type": "Inner",
                "Startup Cost": 55095.09,
                "Total Cost": 100358.1,
                "Plan Rows": 43504,
                "Plan Width": 0,
                "Actual Startup Time": 153.981,
                "Actual Total Time": 278.37,
                "Actual Rows": 21634,
                "Actual Loops": 2,
                "Inner Unique": false,
                "Join Filter": "(t.id = mi.movie_id)",
                "Rows Removed by Join Filter": 0,
                "Plans": [
                  {
                    "Node Type": "Hash Join",
                    "Parent Relationship": "Outer",
                    "Parallel Aware": true,
                    "Join Type": "Inner",
                    "Startup Cost": 55094.65,
                    "Total Cost": 73894.1,
                    "Plan Rows": 7440,
                    "Plan Width": 8,
                    "Actual Startup Time": 153.906,
                    "Actual Total Time": 232.714,
                    "Actual Rows": 2468,
                    "Actual Loops": 2,
                    "Inner Unique": true,
                    "Hash Cond": "(mi_idx.movie_id = t.id)",
                    "Plans": [
                      {
                        "Node Type": "Seq Scan",
                        "Parent Relationship": "Outer",
                        "Parallel Aware": true,
                        "Relation Name": "movie_info_idx",
                        "Alias": "mi_idx",
                        "Startup Cost": 0.0,
                        "Total Cost": 18082.32,
                        "Plan Rows": 273193,
                        "Plan Width": 4,
                        "Actual Startup Time": 0.025,
                        "Actual Total Time": 50.404,
                        "Actual Rows": 229962,
                        "Actual Loops": 2,
                        "Filter": "(info_type_id = 100)",
                        "Rows Removed by Filter": 460055
                      },
                      {
                        "Node Type": "Hash",
                        "Parent Relationship": "Inner",
                        "Parallel Aware": true,
                        "Startup Cost": 54588.39,
                        "Total Cost": 54588.39,
                        "Plan Rows": 40501,
                        "Plan Width": 4,
                        "Actual Startup Time": 151.298,
                        "Actual Total Time": 151.3,
                        "Actual Rows": 33671,
                        "Actual Loops": 2,
                        "Hash Buckets": 131072,
                        "Original Hash Buckets": 131072,
                        "Hash Batches": 1,
                        "Original Hash Batches": 1,
                        "Peak Memory Usage": 3712,
                        "Plans": [
                          {
                            "Node Type": "Seq Scan",
                            "Parent Relationship": "Outer",
                            "Parallel Aware": true,
                            "Relation Name": "title",
                            "Alias": "t",
                            "Startup Cost": 0.0,
                            "Total Cost": 54588.39,
                            "Plan Rows": 40501,
                            "Plan Width": 4,
                            "Actual Startup Time": 0.055,
                            "Actual Total Time": 139.386,
                            "Actual Rows": 33671,
                            "Actual Loops": 2,
                            "Filter": "(production_year > 2012)",
                            "Rows Removed by Filter": 1230485
                          }
                        ]
                      }
                    ]
                  },
                  {
                    "Node Type": "Index Only Scan",
                    "Parent Relationship": "Inner",
                    "Parallel Aware": false,
                    "Scan Direction": "Forward",
                    "Index Name": "movie_id_movie_info",
                    "Relation Name": "movie_info",
                    "Alias": "mi",
                    "Startup Cost": 0.43,
                    "Total Cost": 3.03,
                    "Plan Rows": 42,
                    "Plan Width": 4,
                    "Actual Startup Time": 0.006,
                    "Actual Total Time": 0.017,
                    "Actual Rows": 9,
                    "Actual Loops": 4937,
                    "Index Cond": "(movie_id = mi_idx.movie_id)",
                    "Rows Removed by Index Recheck": 0,
                    "Heap Fetches": 43268
                  }
                ]
              }
            ]
          }
        ]
      }
    ]
  },
  "Planning Time": 0.933,
  "Triggers": [],
  "Execution Time": 311.569
}