[
    {
        "Bao": {
            "Bao prediction": "NaN",
            "Bao recommended hint": "(no hint)"
        }
    },
    {
        "Plan": {
            "Node Type": "Aggregate",
            "Strategy": "Plain",
            "Partial Mode": "Finalize",
            "Parallel Aware": false,
            "Startup Cost": 90138.21,
            "Total Cost": 90138.22,
            "Plan Rows": 1,
            "Plan Width": 8,
            "Actual Startup Time": 201.0,
            "Actual Total Time": 211.442,
            "Actual Rows": 1,
            "Actual Loops": 1,
            "Output": [
                "count(*)"
            ],
            "Plans": [
                {
                    "Node Type": "Gather",
                    "Parent Relationship": "Outer",
                    "Parallel Aware": false,
                    "Startup Cost": 90137.89,
                    "Total Cost": 90138.2,
                    "Plan Rows": 3,
                    "Plan Width": 8,
                    "Actual Startup Time": 200.302,
                    "Actual Total Time": 211.434,
                    "Actual Rows": 4,
                    "Actual Loops": 1,
                    "Output": [
                        "(PARTIAL count(*))"
                    ],
                    "Workers Planned": 3,
                    "Workers Launched": 3,
                    "Single Copy": false,
                    "Plans": [
                        {
                            "Node Type": "Aggregate",
                            "Strategy": "Plain",
                            "Partial Mode": "Partial",
                            "Parent Relationship": "Outer",
                            "Parallel Aware": false,
                            "Startup Cost": 89137.89,
                            "Total Cost": 89137.9,
                            "Plan Rows": 1,
                            "Plan Width": 8,
                            "Actual Startup Time": 192.066,
                            "Actual Total Time": 192.069,
                            "Actual Rows": 1,
                            "Actual Loops": 4,
                            "Output": [
                                "PARTIAL count(*)"
                            ],
                            "Workers": [
                                {
                                    "Worker Number": 0,
                                    "Actual Startup Time": 189.164,
                                    "Actual Total Time": 189.166,
                                    "Actual Rows": 1,
                                    "Actual Loops": 1
                                },
                                {
                                    "Worker Number": 1,
                                    "Actual Startup Time": 189.402,
                                    "Actual Total Time": 189.405,
                                    "Actual Rows": 1,
                                    "Actual Loops": 1
                                },
                                {
                                    "Worker Number": 2,
                                    "Actual Startup Time": 189.694,
                                    "Actual Total Time": 189.698,
                                    "Actual Rows": 1,
                                    "Actual Loops": 1
                                }
                            ],
                            "Plans": [
                                {
                                    "Node Type": "Hash Join",
                                    "Parent Relationship": "Outer",
                                    "Parallel Aware": true,
                                    "Join Type": "Inner",
                                    "Startup Cost": 45803.56,
                                    "Total Cost": 89113.86,
                                    "Plan Rows": 9612,
                                    "Plan Width": 0,
                                    "Actual Startup Time": 110.906,
                                    "Actual Total Time": 191.61,
                                    "Actual Rows": 8160,
                                    "Actual Loops": 4,
                                    "Inner Unique": true,
                                    "Hash Cond": "(mk.movie_id = t.id)",
                                    "Workers": [
                                        {
                                            "Worker Number": 0,
                                            "Actual Startup Time": 108.055,
                                            "Actual Total Time": 188.689,
                                            "Actual Rows": 7851,
                                            "Actual Loops": 1
                                        },
                                        {
                                            "Worker Number": 1,
                                            "Actual Startup Time": 108.142,
                                            "Actual Total Time": 188.923,
                                            "Actual Rows": 7996,
                                            "Actual Loops": 1
                                        },
                                        {
                                            "Worker Number": 2,
                                            "Actual Startup Time": 108.597,
                                            "Actual Total Time": 189.209,
                                            "Actual Rows": 8219,
                                            "Actual Loops": 1
                                        }
                                    ],
                                    "Plans": [
                                        {
                                            "Node Type": "Seq Scan",
                                            "Parent Relationship": "Outer",
                                            "Parallel Aware": true,
                                            "Relation Name": "movie_keyword",
                                            "Schema": "public",
                                            "Alias": "mk",
                                            "Startup Cost": 0.0,
                                            "Total Cost": 42695.65,
                                            "Plan Rows": 234153,
                                            "Plan Width": 4,
                                            "Actual Startup Time": 1.88,
                                            "Actual Total Time": 81.158,
                                            "Actual Rows": 178523,
                                            "Actual Loops": 4,
                                            "Output": [
                                                "mk.id",
                                                "mk.movie_id",
                                                "mk.keyword_id"
                                            ],
                                            "Filter": "(mk.keyword_id > 26432)",
                                            "Rows Removed by Filter": 952459,
                                            "Workers": [
                                                {
                                                    "Worker Number": 0,
                                                    "Actual Startup Time": 1.846,
                                                    "Actual Total Time": 81.585,
                                                    "Actual Rows": 171033,
                                                    "Actual Loops": 1
                                                },
                                                {
                                                    "Worker Number": 1,
                                                    "Actual Startup Time": 1.897,
                                                    "Actual Total Time": 81.411,
                                                    "Actual Rows": 170810,
                                                    "Actual Loops": 1
                                                },
                                                {
                                                    "Worker Number": 2,
                                                    "Actual Startup Time": 1.911,
                                                    "Actual Total Time": 81.485,
                                                    "Actual Rows": 170726,
                                                    "Actual Loops": 1
                                                }
                                            ]
                                        },
                                        {
                                            "Node Type": "Hash",
                                            "Parent Relationship": "Inner",
                                            "Parallel Aware": true,
                                            "Startup Cost": 45479.21,
                                            "Total Cost": 45479.21,
                                            "Plan Rows": 25948,
                                            "Plan Width": 4,
                                            "Actual Startup Time": 91.31,
                                            "Actual Total Time": 91.311,
                                            "Actual Rows": 24748,
                                            "Actual Loops": 4,
                                            "Output": [
                                                "t.id"
                                            ],
                                            "Hash Buckets": 131072,
                                            "Original Hash Buckets": 131072,
                                            "Hash Batches": 1,
                                            "Original Hash Batches": 1,
                                            "Peak Memory Usage": 4960,
                                            "Workers": [
                                                {
                                                    "Worker Number": 0,
                                                    "Actual Startup Time": 88.577,
                                                    "Actual Total Time": 88.578,
                                                    "Actual Rows": 22727,
                                                    "Actual Loops": 1
                                                },
                                                {
                                                    "Worker Number": 1,
                                                    "Actual Startup Time": 88.738,
                                                    "Actual Total Time": 88.738,
                                                    "Actual Rows": 22677,
                                                    "Actual Loops": 1
                                                },
                                                {
                                                    "Worker Number": 2,
                                                    "Actual Startup Time": 89.092,
                                                    "Actual Total Time": 89.093,
                                                    "Actual Rows": 23075,
                                                    "Actual Loops": 1
                                                }
                                            ],
                                            "Plans": [
                                                {
                                                    "Node Type": "Seq Scan",
                                                    "Parent Relationship": "Outer",
                                                    "Parallel Aware": true,
                                                    "Relation Name": "title",
                                                    "Schema": "public",
                                                    "Alias": "t",
                                                    "Startup Cost": 0.0,
                                                    "Total Cost": 45479.21,
                                                    "Plan Rows": 25948,
                                                    "Plan Width": 4,
                                                    "Actual Startup Time": 37.666,
                                                    "Actual Total Time": 83.857,
                                                    "Actual Rows": 24748,
                                                    "Actual Loops": 4,
                                                    "Output": [
                                                        "t.id"
                                                    ],
                                                    "Filter": "((t.kind_id < 2) AND (t.production_year > 2010))",
                                                    "Rows Removed by Filter": 607330,
                                                    "Workers": [
                                                        {
                                                            "Worker Number": 0,
                                                            "Actual Startup Time": 47.215,
                                                            "Actual Total Time": 81.408,
                                                            "Actual Rows": 22727,
                                                            "Actual Loops": 1
                                                        },
                                                        {
                                                            "Worker Number": 1,
                                                            "Actual Startup Time": 47.546,
                                                            "Actual Total Time": 82.06,
                                                            "Actual Rows": 22677,
                                                            "Actual Loops": 1
                                                        },
                                                        {
                                                            "Worker Number": 2,
                                                            "Actual Startup Time": 47.868,
                                                            "Actual Total Time": 81.761,
                                                            "Actual Rows": 23075,
                                                            "Actual Loops": 1
                                                        }
                                                    ]
                                                }
                                            ]
                                        }
                                    ]
                                }
                            ]
                        }
                    ]
                }
            ]
        },
        "Planning Time": 211.922,
        "Triggers": [],
        "Execution Time": 211.497
    }
]