[
  {
    "Plan": {
      "Node Type": "Aggregate",
      "Strategy": "Plain",
      "Partial Mode": "Finalize",
      "Parallel Aware": false,
      "Startup Cost": 46095.6,
      "Total Cost": 46095.61,
      "Plan Rows": 1,
      "Plan Width": 8,
      "Actual Startup Time": 193.622,
      "Actual Total Time": 202.357,
      "Actual Rows": 1,
      "Actual Loops": 1,
      "Plans": [
        {
          "Node Type": "Gather",
          "Parent Relationship": "Outer",
          "Parallel Aware": false,
          "Startup Cost": 46095.28,
          "Total Cost": 46095.59,
          "Plan Rows": 3,
          "Plan Width": 8,
          "Actual Startup Time": 193.39,
          "Actual Total Time": 202.349,
          "Actual Rows": 4,
          "Actual Loops": 1,
          "Workers Planned": 3,
          "Workers Launched": 3,
          "Single Copy": false,
          "Plans": [
            {
              "Node Type": "Aggregate",
              "Strategy": "Plain",
              "Partial Mode": "Partial",
              "Parent Relationship": "Outer",
              "Parallel Aware": false,
              "Startup Cost": 45095.28,
              "Total Cost": 45095.29,
              "Plan Rows": 1,
              "Plan Width": 8,
              "Actual Startup Time": 184.956,
              "Actual Total Time": 184.957,
              "Actual Rows": 1,
              "Actual Loops": 4,
              "Plans": [
                {
                  "Node Type": "Seq Scan",
                  "Parent Relationship": "Outer",
                  "Parallel Aware": true,
                  "Relation Name": "movie_keyword",
                  "Alias": "mk",
                  "Startup Cost": 0.0,
                  "Total Cost": 42695.65,
                  "Plan Rows": 959850,
                  "Plan Width": 0,
                  "Actual Startup Time": 0.058,
                  "Actual Total Time": 141.743,
                  "Actual Rows": 747008,
                  "Actual Loops": 4,
                  "Filter": "(keyword_id < 10346)",
                  "Rows Removed by Filter": 383975
                }
              ]
            }
          ]
        }
      ]
    },
    "Planning Time": 0.181,
    "Triggers": [],
    "Execution Time": 202.41
  }
]