[
  {
    "Plan": {
      "Node Type": "Aggregate",
      "Strategy": "Plain",
      "Partial Mode": "Finalize",
      "Parallel Aware": false,
      "Startup Cost": 46108.25,
      "Total Cost": 46108.26,
      "Plan Rows": 1,
      "Plan Width": 8,
      "Actual Startup Time": 162.71,
      "Actual Total Time": 171.902,
      "Actual Rows": 1,
      "Actual Loops": 1,
      "Plans": [
        {
          "Node Type": "Gather",
          "Parent Relationship": "Outer",
          "Parallel Aware": false,
          "Startup Cost": 46107.93,
          "Total Cost": 46108.24,
          "Plan Rows": 3,
          "Plan Width": 8,
          "Actual Startup Time": 162.602,
          "Actual Total Time": 171.894,
          "Actual Rows": 4,
          "Actual Loops": 1,
          "Workers Planned": 3,
          "Workers Launched": 3,
          "Single Copy": false,
          "Plans": [
            {
              "Node Type": "Aggregate",
              "Strategy": "Plain",
              "Partial Mode": "Partial",
              "Parent Relationship": "Outer",
              "Parallel Aware": false,
              "Startup Cost": 45107.93,
              "Total Cost": 45107.94,
              "Plan Rows": 1,
              "Plan Width": 8,
              "Actual Startup Time": 154.357,
              "Actual Total Time": 154.358,
              "Actual Rows": 1,
              "Actual Loops": 4,
              "Plans": [
                {
                  "Node Type": "Seq Scan",
                  "Parent Relationship": "Outer",
                  "Parallel Aware": true,
                  "Relation Name": "movie_keyword",
                  "Alias": "mk",
                  "Startup Cost": 0.0,
                  "Total Cost": 42695.65,
                  "Plan Rows": 964910,
                  "Plan Width": 0,
                  "Actual Startup Time": 0.058,
                  "Actual Total Time": 120.672,
                  "Actual Rows": 747008,
                  "Actual Loops": 4,
                  "Filter": "(keyword_id < 10346)",
                  "Rows Removed by Filter": 383975
                }
              ]
            }
          ]
        }
      ]
    },
    "Planning Time": 0.243,
    "Triggers": [],
    "Execution Time": 171.96
  }
]