[
  {
    "Plan": {
      "Node Type": "Aggregate",
      "Strategy": "Plain",
      "Partial Mode": "Finalize",
      "Parallel Aware": false,
      "Startup Cost": 487910.63,
      "Total Cost": 487910.64,
      "Plan Rows": 1,
      "Plan Width": 8,
      "Actual Startup Time": 4036.269,
      "Actual Total Time": 4105.566,
      "Actual Rows": 1,
      "Actual Loops": 1,
      "Plans": [
        {
          "Node Type": "Gather",
          "Parent Relationship": "Outer",
          "Parallel Aware": false,
          "Startup Cost": 487910.0,
          "Total Cost": 487910.61,
          "Plan Rows": 6,
          "Plan Width": 8,
          "Actual Startup Time": 3992.151,
          "Actual Total Time": 4105.55,
          "Actual Rows": 7,
          "Actual Loops": 1,
          "Workers Planned": 6,
          "Workers Launched": 6,
          "Single Copy": false,
          "Plans": [
            {
              "Node Type": "Aggregate",
              "Strategy": "Plain",
              "Partial Mode": "Partial",
              "Parent Relationship": "Outer",
              "Parallel Aware": false,
              "Startup Cost": 486910.0,
              "Total Cost": 486910.01,
              "Plan Rows": 1,
              "Plan Width": 8,
              "Actual Startup Time": 3968.888,
              "Actual Total Time": 3969.929,
              "Actual Rows": 1,
              "Actual Loops": 7,
              "Plans": [
                {
                  "Node Type": "Hash Join",
                  "Parent Relationship": "Outer",
                  "Parallel Aware": true,
                  "Join Type": "Inner",
                  "Startup Cost": 110716.89,
                  "Total Cost": 477018.54,
                  "Plan Rows": 3956583,
                  "Plan Width": 0,
                  "Actual Startup Time": 905.292,
                  "Actual Total Time": 3366.461,
                  "Actual Rows": 13943612,
                  "Actual Loops": 7,
                  "Inner Unique": false,
                  "Hash Cond": "(ci.movie_id = t.id)",
                  "Plans": [
                    {
                      "Node Type": "Seq Scan",
                      "Parent Relationship": "Outer",
                      "Parallel Aware": true,
                      "Relation Name": "cast_info",
                      "Alias": "ci",
                      "Startup Cost": 0.0,
                      "Total Cost": 343257.03,
                      "Plan Rows": 2741717,
                      "Plan Width": 4,
                      "Actual Startup Time": 233.106,
                      "Actual Total Time": 733.526,
                      "Actual Rows": 2922016,
                      "Actual Loops": 7,
                      "Filter": "((person_id > 1094132) AND (role_id > 1))",
                      "Rows Removed by Filter": 2255748
                    },
                    {
                      "Node Type": "Hash",
                      "Parent Relationship": "Inner",
                      "Parallel Aware": true,
                      "Startup Cost": 96004.83,
                      "Total Cost": 96004.83,
                      "Plan Rows": 1176965,
                      "Plan Width": 8,
                      "Actual Startup Time": 664.789,
                      "Actual Total Time": 665.828,
                      "Actual Rows": 519360,
                      "Actual Loops": 7,
                      "Hash Buckets": 4194304,
                      "Original Hash Buckets": 4194304,
                      "Hash Batches": 1,
                      "Original Hash Batches": 1,
                      "Peak Memory Usage": 175136,
                      "Plans": [
                        {
                          "Node Type": "Hash Join",
                          "Parent Relationship": "Outer",
                          "Parallel Aware": true,
                          "Join Type": "Inner",
                          "Startup Cost": 50219.64,
                          "Total Cost": 96004.83,
                          "Plan Rows": 1176965,
                          "Plan Width": 8,
                          "Actual Startup Time": 281.247,
                          "Actual Total Time": 495.453,
                          "Actual Rows": 519360,
                          "Actual Loops": 7,
                          "Inner Unique": true,
                          "Hash Cond": "(mk.movie_id = t.id)",
                          "Plans": [
                            {
                              "Node Type": "Seq Scan",
                              "Parent Relationship": "Outer",
                              "Parallel Aware": true,
                              "Relation Name": "movie_keyword",
                              "Alias": "mk",
                              "Startup Cost": 0.0,
                              "Total Cost": 42695.65,
                              "Plan Rows": 1176965,
                              "Plan Width": 4,
                              "Actual Startup Time": 0.056,
                              "Actual Total Time": 92.57,
                              "Actual Rows": 519360,
                              "Actual Loops": 7,
                              "Filter": "(keyword_id > 840)",
                              "Rows Removed by Filter": 126916
                            },
                            {
                              "Node Type": "Hash",
                              "Parent Relationship": "Inner",
                              "Parallel Aware": true,
                              "Startup Cost": 42318.73,
                              "Total Cost": 42318.73,
                              "Plan Rows": 632073,
                              "Plan Width": 4,
                              "Actual Startup Time": 276.271,
                              "Actual Total Time": 276.272,
                              "Actual Rows": 361187,
                              "Actual Loops": 7,
                              "Hash Buckets": 4194304,
                              "Original Hash Buckets": 4194304,
                              "Hash Batches": 1,
                              "Original Hash Batches": 1,
                              "Peak Memory Usage": 131776,
                              "Plans": [
                                {
                                  "Node Type": "Seq Scan",
                                  "Parent Relationship": "Outer",
                                  "Parallel Aware": true,
                                  "Relation Name": "title",
                                  "Alias": "t",
                                  "Startup Cost": 0.0,
                                  "Total Cost": 42318.73,
                                  "Plan Rows": 632073,
                                  "Plan Width": 4,
                                  "Actual Startup Time": 0.054,
                                  "Actual Total Time": 79.194,
                                  "Actual Rows": 361187,
                                  "Actual Loops": 7
                                }
                              ]
                            }
                          ]
                        }
                      ]
                    }
                  ]
                }
              ]
            }
          ]
        }
      ]
    },
    "Planning Time": 1.347,
    "Triggers": [],
    "Execution Time": 4105.664
  }
]