[
  {
    "Plan": {
      "Node Type": "Aggregate",
      "Strategy": "Plain",
      "Partial Mode": "Finalize",
      "Parallel Aware": false,
      "Startup Cost": 87773.31,
      "Total Cost": 87773.32,
      "Plan Rows": 1,
      "Plan Width": 8,
      "Actual Startup Time": 274.261,
      "Actual Total Time": 281.947,
      "Actual Rows": 1,
      "Actual Loops": 1,
      "Plans": [
        {
          "Node Type": "Gather",
          "Parent Relationship": "Outer",
          "Parallel Aware": false,
          "Startup Cost": 87772.99,
          "Total Cost": 87773.3,
          "Plan Rows": 3,
          "Plan Width": 8,
          "Actual Startup Time": 271.43,
          "Actual Total Time": 281.94,
          "Actual Rows": 4,
          "Actual Loops": 1,
          "Workers Planned": 3,
          "Workers Launched": 3,
          "Single Copy": false,
          "Plans": [
            {
              "Node Type": "Aggregate",
              "Strategy": "Plain",
              "Partial Mode": "Partial",
              "Parent Relationship": "Outer",
              "Parallel Aware": false,
              "Startup Cost": 86772.99,
              "Total Cost": 86773.0,
              "Plan Rows": 1,
              "Plan Width": 8,
              "Actual Startup Time": 267.388,
              "Actual Total Time": 267.392,
              "Actual Rows": 1,
              "Actual Loops": 4,
              "Plans": [
                {
                  "Node Type": "Hash Join",
                  "Parent Relationship": "Outer",
                  "Parallel Aware": true,
                  "Join Type": "Inner",
                  "Startup Cost": 59487.82,
                  "Total Cost": 86645.53,
                  "Plan Rows": 50985,
                  "Plan Width": 0,
                  "Actual Startup Time": 186.415,
                  "Actual Total Time": 266.661,
                  "Actual Rows": 9300,
                  "Actual Loops": 4,
                  "Inner Unique": true,
                  "Hash Cond": "(mk.movie_id = t.id)",
                  "Plans": [
                    {
                      "Node Type": "Bitmap Heap Scan",
                      "Parent Relationship": "Outer",
                      "Parallel Aware": true,
                      "Relation Name": "movie_keyword",
                      "Alias": "mk",
                      "Startup Cost": 11755.1,
                      "Total Cost": 38443.57,
                      "Plan Rows": 178758,
                      "Plan Width": 4,
                      "Actual Startup Time": 32.527,
                      "Actual Total Time": 86.778,
                      "Actual Rows": 137764,
                      "Actual Loops": 4,
                      "Recheck Cond": "(keyword_id > 33465)",
                      "Rows Removed by Index Recheck": 0,
                      "Exact Heap Blocks": 7868,
                      "Lossy Heap Blocks": 0,
                      "Plans": [
                        {
                          "Node Type": "Bitmap Index Scan",
                          "Parent Relationship": "Outer",
                          "Parallel Aware": false,
                          "Index Name": "keyword_id_movie_keyword",
                          "Startup Cost": 0.0,
                          "Total Cost": 11616.56,
                          "Plan Rows": 554150,
                          "Plan Width": 0,
                          "Actual Startup Time": 29.048,
                          "Actual Total Time": 29.049,
                          "Actual Rows": 551055,
                          "Actual Loops": 1,
                          "Index Cond": "(keyword_id > 33465)"
                        }
                      ]
                    },
                    {
                      "Node Type": "Hash",
                      "Parent Relationship": "Inner",
                      "Parallel Aware": true,
                      "Startup Cost": 45479.21,
                      "Total Cost": 45479.21,
                      "Plan Rows": 180281,
                      "Plan Width": 4,
                      "Actual Startup Time": 150.728,
                      "Actual Total Time": 150.729,
                      "Actual Rows": 199040,
                      "Actual Loops": 4,
                      "Hash Buckets": 1048576,
                      "Original Hash Buckets": 1048576,
                      "Hash Batches": 1,
                      "Original Hash Batches": 1,
                      "Peak Memory Usage": 39392,
                      "Plans": [
                        {
                          "Node Type": "Seq Scan",
                          "Parent Relationship": "Outer",
                          "Parallel Aware": true,
                          "Relation Name": "title",
                          "Alias": "t",
                          "Startup Cost": 0.0,
                          "Total Cost": 45479.21,
                          "Plan Rows": 180281,
                          "Plan Width": 4,
                          "Actual Startup Time": 0.013,
                          "Actual Total Time": 87.039,
                          "Actual Rows": 199040,
                          "Actual Loops": 4,
                          "Filter": "((production_year > 2003) AND (kind_id = 7))",
                          "Rows Removed by Filter": 433038
                        }
                      ]
                    }
                  ]
                }
              ]
            }
          ]
        }
      ]
    },
    "Planning Time": 0.284,
    "Triggers": [],
    "Execution Time": 281.992
  }
]