{
  "Plan": {
    "Node Type": "Aggregate",
    "Strategy": "Plain",
    "Partial Mode": "Finalize",
    "Parallel Aware": false,
    "Startup Cost": 301571.59,
    "Total Cost": 301571.6,
    "Plan Rows": 1,
    "Plan Width": 8,
    "Actual Startup Time": 2575.639,
    "Actual Total Time": 2606.422,
    "Actual Rows": 1,
    "Actual Loops": 1,
    "Plans": [
      {
        "Node Type": "Gather",
        "Parent Relationship": "Outer",
        "Parallel Aware": false,
        "Startup Cost": 301571.48,
        "Total Cost": 301571.59,
        "Plan Rows": 1,
        "Plan Width": 8,
        "Actual Startup Time": 2567.355,
        "Actual Total Time": 2606.413,
        "Actual Rows": 2,
        "Actual Loops": 1,
        "Workers Planned": 1,
        "Workers Launched": 1,
        "Single Copy": false,
        "Plans": [
          {
            "Node Type": "Aggregate",
            "Strategy": "Plain",
            "Partial Mode": "Partial",
            "Parent Relationship": "Outer",
            "Parallel Aware": false,
            "Startup Cost": 300571.48,
            "Total Cost": 300571.49,
            "Plan Rows": 1,
            "Plan Width": 8,
            "Actual Startup Time": 2559.635,
            "Actual Total Time": 2562.813,
            "Actual Rows": 1,
            "Actual Loops": 2,
            "Plans": [
              {
                "Node Type": "Hash Join",
                "Parent Relationship": "Outer",
                "Parallel Aware": true,
                "Join Type": "Inner",
                "Startup Cost": 133514.12,
                "Total Cost": 297522.06,
                "Plan Rows": 1219770,
                "Plan Width": 0,
                "Actual Startup Time": 1038.941,
                "Actual Total Time": 2267.508,
                "Actual Rows": 7027908,
                "Actual Loops": 2,
                "Inner Unique": false,
                "Hash Cond": "(ci.movie_id = t.id)",
                "Plans": [
                  {
                    "Node Type": "Index Scan",
                    "Parent Relationship": "Outer",
                    "Parallel Aware": true,
                    "Scan Direction": "Forward",
                    "Index Name": "role_id_cast_info",
                    "Relation Name": "cast_info",
                    "Alias": "ci",
                    "Startup Cost": 0.56,
                    "Total Cost": 150483.06,
                    "Plan Rows": 1693418,
                    "Plan Width": 4,
                    "Actual Startup Time": 0.117,
                    "Actual Total Time": 362.867,
                    "Actual Rows": 2021192,
                    "Actual Loops": 2,
                    "Index Cond": "(role_id > 9)",
                    "Rows Removed by Index Recheck": 0,
                    "Filter": "(person_id > 1375666)",
                    "Rows Removed by Filter": 298376
                  },
                  {
                    "Node Type": "Hash",
                    "Parent Relationship": "Inner",
                    "Parallel Aware": true,
                    "Startup Cost": 120122.88,
                    "Total Cost": 120122.88,
                    "Plan Rows": 1071254,
                    "Plan Width": 8,
                    "Actual Startup Time": 1023.614,
                    "Actual Total Time": 1026.791,
                    "Actual Rows": 1210400,
                    "Actual Loops": 2,
                    "Hash Buckets": 4194304,
                    "Original Hash Buckets": 2097152,
                    "Hash Batches": 1,
                    "Original Hash Batches": 1,
                    "Peak Memory Usage": 143872,
                    "Plans": [
                      {
                        "Node Type": "Hash Join",
                        "Parent Relationship": "Outer",
                        "Parallel Aware": true,
                        "Join Type": "Inner",
                        "Startup Cost": 62072.04,
                        "Total Cost": 120122.88,
                        "Plan Rows": 1071254,
                        "Plan Width": 8,
                        "Actual Startup Time": 280.088,
                        "Actual Total Time": 770.134,
                        "Actual Rows": 1210400,
                        "Actual Loops": 2,
                        "Inner Unique": true,
                        "Hash Cond": "(mk.movie_id = t.id)",
                        "Plans": [
                          {
                            "Node Type": "Seq Scan",
                            "Parent Relationship": "Outer",
                            "Parallel Aware": true,
                            "Relation Name": "movie_keyword",
                            "Alias": "mk",
                            "Startup Cost": 0.0,
                            "Total Cost": 51065.35,
                            "Plan Rows": 2661135,
                            "Plan Width": 4,
                            "Actual Startup Time": 0.013,
                            "Actual Total Time": 165.34,
                            "Actual Rows": 2261965,
                            "Actual Loops": 2
                          },
                          {
                            "Node Type": "Hash",
                            "Parent Relationship": "Inner",
                            "Parallel Aware": true,
                            "Startup Cost": 54588.39,
                            "Total Cost": 54588.39,
                            "Plan Rows": 598692,
                            "Plan Width": 4,
                            "Actual Startup Time": 276.032,
                            "Actual Total Time": 276.033,
                            "Actual Rows": 510876,
                            "Actual Loops": 2,
                            "Hash Buckets": 1048576,
                            "Original Hash Buckets": 1048576,
                            "Hash Batches": 1,
                            "Original Hash Batches": 1,
                            "Peak Memory Usage": 48192,
                            "Plans": [
                              {
                                "Node Type": "Seq Scan",
                                "Parent Relationship": "Outer",
                                "Parallel Aware": true,
                                "Relation Name": "title",
                                "Alias": "t",
                                "Startup Cost": 0.0,
                                "Total Cost": 54588.39,
                                "Plan Rows": 598692,
                                "Plan Width": 4,
                                "Actual Startup Time": 0.03,
                                "Actual Total Time": 158.198,
                                "Actual Rows": 510876,
                                "Actual Loops": 2,
                                "Filter": "(production_year < 2000)",
                                "Rows Removed by Filter": 753280
                              }
                            ]
                          }
                        ]
                      }
                    ]
                  }
                ]
              }
            ]
          }
        ]
      }
    ]
  },
  "Planning Time": 0.997,
  "Triggers": [],
  "Execution Time": 2606.505
}