[
  {
    "Plan": {
      "Node Type": "Aggregate",
      "Strategy": "Plain",
      "Partial Mode": "Finalize",
      "Parallel Aware": false,
      "Startup Cost": 345475.72,
      "Total Cost": 345475.73,
      "Plan Rows": 1,
      "Plan Width": 8,
      "Actual Startup Time": 593.826,
      "Actual Total Time": 660.083,
      "Actual Rows": 1,
      "Actual Loops": 1,
      "Plans": [
        {
          "Node Type": "Gather",
          "Parent Relationship": "Outer",
          "Parallel Aware": false,
          "Startup Cost": 345475.1,
          "Total Cost": 345475.71,
          "Plan Rows": 6,
          "Plan Width": 8,
          "Actual Startup Time": 593.684,
          "Actual Total Time": 660.073,
          "Actual Rows": 7,
          "Actual Loops": 1,
          "Workers Planned": 6,
          "Workers Launched": 6,
          "Single Copy": false,
          "Plans": [
            {
              "Node Type": "Aggregate",
              "Strategy": "Plain",
              "Partial Mode": "Partial",
              "Parent Relationship": "Outer",
              "Parallel Aware": false,
              "Startup Cost": 344475.1,
              "Total Cost": 344475.11,
              "Plan Rows": 1,
              "Plan Width": 8,
              "Actual Startup Time": 583.344,
              "Actual Total Time": 583.345,
              "Actual Rows": 1,
              "Actual Loops": 7,
              "Plans": [
                {
                  "Node Type": "Seq Scan",
                  "Parent Relationship": "Outer",
                  "Parallel Aware": true,
                  "Relation Name": "cast_info",
                  "Alias": "ci",
                  "Startup Cost": 0.0,
                  "Total Cost": 343257.03,
                  "Plan Rows": 487228,
                  "Plan Width": 0,
                  "Actual Startup Time": 323.824,
                  "Actual Total Time": 572.326,
                  "Actual Rows": 266610,
                  "Actual Loops": 7,
                  "Filter": "((person_id < 643643) AND (role_id > 2))",
                  "Rows Removed by Filter": 4911154
                }
              ]
            }
          ]
        }
      ]
    },
    "Planning Time": 0.207,
    "Triggers": [],
    "Execution Time": 660.156
  }
]