[
  {
    "Plan": {
      "Node Type": "Aggregate",
      "Strategy": "Plain",
      "Partial Mode": "Finalize",
      "Parallel Aware": false,
      "Startup Cost": 80483.24,
      "Total Cost": 80483.25,
      "Plan Rows": 1,
      "Plan Width": 8,
      "Actual Startup Time": 471.924,
      "Actual Total Time": 487.352,
      "Actual Rows": 1,
      "Actual Loops": 1,
      "Plans": [
        {
          "Node Type": "Gather",
          "Parent Relationship": "Outer",
          "Parallel Aware": false,
          "Startup Cost": 80482.93,
          "Total Cost": 80483.24,
          "Plan Rows": 3,
          "Plan Width": 8,
          "Actual Startup Time": 466.188,
          "Actual Total Time": 487.336,
          "Actual Rows": 4,
          "Actual Loops": 1,
          "Workers Planned": 3,
          "Workers Launched": 3,
          "Single Copy": false,
          "Plans": [
            {
              "Node Type": "Aggregate",
              "Strategy": "Plain",
              "Partial Mode": "Partial",
              "Parent Relationship": "Outer",
              "Parallel Aware": false,
              "Startup Cost": 79482.93,
              "Total Cost": 79482.94,
              "Plan Rows": 1,
              "Plan Width": 8,
              "Actual Startup Time": 456.574,
              "Actual Total Time": 456.579,
              "Actual Rows": 1,
              "Actual Loops": 4,
              "Plans": [
                {
                  "Node Type": "Hash Join",
                  "Parent Relationship": "Outer",
                  "Parallel Aware": true,
                  "Join Type": "Inner",
                  "Startup Cost": 53727.98,
                  "Total Cost": 79367.06,
                  "Plan Rows": 46347,
                  "Plan Width": 0,
                  "Actual Startup Time": 376.783,
                  "Actual Total Time": 454.611,
                  "Actual Rows": 24220,
                  "Actual Loops": 4,
                  "Inner Unique": true,
                  "Hash Cond": "(mk.movie_id = t.id)",
                  "Plans": [
                    {
                      "Node Type": "Bitmap Heap Scan",
                      "Parent Relationship": "Outer",
                      "Parallel Aware": true,
                      "Relation Name": "movie_keyword",
                      "Alias": "mk",
                      "Startup Cost": 5154.85,
                      "Total Cost": 30588.26,
                      "Plan Rows": 78353,
                      "Plan Width": 4,
                      "Actual Startup Time": 43.038,
                      "Actual Total Time": 91.15,
                      "Actual Rows": 58972,
                      "Actual Loops": 4,
                      "Recheck Cond": "(keyword_id < 196)",
                      "Rows Removed by Index Recheck": 0,
                      "Exact Heap Blocks": 7517,
                      "Lossy Heap Blocks": 0,
                      "Plans": [
                        {
                          "Node Type": "Bitmap Index Scan",
                          "Parent Relationship": "Outer",
                          "Parallel Aware": false,
                          "Index Name": "keyword_id_movie_keyword",
                          "Startup Cost": 0.0,
                          "Total Cost": 5094.13,
                          "Plan Rows": 242893,
                          "Plan Width": 0,
                          "Actual Startup Time": 39.012,
                          "Actual Total Time": 39.013,
                          "Actual Rows": 235890,
                          "Actual Loops": 1,
                          "Index Cond": "(keyword_id < 196)"
                        }
                      ]
                    },
                    {
                      "Node Type": "Hash",
                      "Parent Relationship": "Inner",
                      "Parallel Aware": true,
                      "Startup Cost": 43899.32,
                      "Total Cost": 43899.32,
                      "Plan Rows": 373904,
                      "Plan Width": 4,
                      "Actual Startup Time": 328.575,
                      "Actual Total Time": 328.576,
                      "Actual Rows": 371258,
                      "Actual Loops": 4,
                      "Hash Buckets": 2097152,
                      "Original Hash Buckets": 2097152,
                      "Hash Batches": 1,
                      "Original Hash Batches": 1,
                      "Peak Memory Usage": 74528,
                      "Plans": [
                        {
                          "Node Type": "Seq Scan",
                          "Parent Relationship": "Outer",
                          "Parallel Aware": true,
                          "Relation Name": "title",
                          "Alias": "t",
                          "Startup Cost": 0.0,
                          "Total Cost": 43899.32,
                          "Plan Rows": 373904,
                          "Plan Width": 4,
                          "Actual Startup Time": 0.039,
                          "Actual Total Time": 125.185,
                          "Actual Rows": 371258,
                          "Actual Loops": 4,
                          "Filter": "(production_year > 1998)",
                          "Rows Removed by Filter": 260820
                        }
                      ]
                    }
                  ]
                }
              ]
            }
          ]
        }
      ]
    },
    "Planning Time": 0.259,
    "Triggers": [],
    "Execution Time": 487.4
  }
]