[
  {
    "Plan": {
      "Node Type": "Aggregate",
      "Strategy": "Plain",
      "Partial Mode": "Finalize",
      "Parallel Aware": false,
      "Startup Cost": 80112.84,
      "Total Cost": 80112.85,
      "Plan Rows": 1,
      "Plan Width": 8,
      "Actual Startup Time": 354.553,
      "Actual Total Time": 370.033,
      "Actual Rows": 1,
      "Actual Loops": 1,
      "Plans": [
        {
          "Node Type": "Gather",
          "Parent Relationship": "Outer",
          "Parallel Aware": false,
          "Startup Cost": 80112.52,
          "Total Cost": 80112.83,
          "Plan Rows": 3,
          "Plan Width": 8,
          "Actual Startup Time": 346.7,
          "Actual Total Time": 370.023,
          "Actual Rows": 4,
          "Actual Loops": 1,
          "Workers Planned": 3,
          "Workers Launched": 3,
          "Single Copy": false,
          "Plans": [
            {
              "Node Type": "Aggregate",
              "Strategy": "Plain",
              "Partial Mode": "Partial",
              "Parent Relationship": "Outer",
              "Parallel Aware": false,
              "Startup Cost": 79112.52,
              "Total Cost": 79112.53,
              "Plan Rows": 1,
              "Plan Width": 8,
              "Actual Startup Time": 334.567,
              "Actual Total Time": 334.571,
              "Actual Rows": 1,
              "Actual Loops": 4,
              "Plans": [
                {
                  "Node Type": "Hash Join",
                  "Parent Relationship": "Outer",
                  "Parallel Aware": true,
                  "Join Type": "Inner",
                  "Startup Cost": 53430.76,
                  "Total Cost": 79003.32,
                  "Plan Rows": 43681,
                  "Plan Width": 0,
                  "Actual Startup Time": 265.508,
                  "Actual Total Time": 333.108,
                  "Actual Rows": 24220,
                  "Actual Loops": 4,
                  "Inner Unique": true,
                  "Hash Cond": "(mk.movie_id = t.id)",
                  "Plans": [
                    {
                      "Node Type": "Bitmap Heap Scan",
                      "Parent Relationship": "Outer",
                      "Parallel Aware": true,
                      "Relation Name": "movie_keyword",
                      "Alias": "mk",
                      "Startup Cost": 4865.17,
                      "Total Cost": 30243.6,
                      "Plan Rows": 73954,
                      "Plan Width": 4,
                      "Actual Startup Time": 19.294,
                      "Actual Total Time": 61.425,
                      "Actual Rows": 58972,
                      "Actual Loops": 4,
                      "Recheck Cond": "(keyword_id < 196)",
                      "Rows Removed by Index Recheck": 0,
                      "Exact Heap Blocks": 8510,
                      "Lossy Heap Blocks": 0,
                      "Plans": [
                        {
                          "Node Type": "Bitmap Index Scan",
                          "Parent Relationship": "Outer",
                          "Parallel Aware": false,
                          "Index Name": "keyword_id_movie_keyword",
                          "Startup Cost": 0.0,
                          "Total Cost": 4807.86,
                          "Plan Rows": 229257,
                          "Plan Width": 0,
                          "Actual Startup Time": 15.648,
                          "Actual Total Time": 15.648,
                          "Actual Rows": 235890,
                          "Actual Loops": 1,
                          "Index Cond": "(keyword_id < 196)"
                        }
                      ]
                    },
                    {
                      "Node Type": "Hash",
                      "Parent Relationship": "Inner",
                      "Parallel Aware": true,
                      "Startup Cost": 43898.92,
                      "Total Cost": 43898.92,
                      "Plan Rows": 373334,
                      "Plan Width": 4,
                      "Actual Startup Time": 238.754,
                      "Actual Total Time": 238.755,
                      "Actual Rows": 371258,
                      "Actual Loops": 4,
                      "Hash Buckets": 2097152,
                      "Original Hash Buckets": 2097152,
                      "Hash Batches": 1,
                      "Original Hash Batches": 1,
                      "Peak Memory Usage": 74560,
                      "Plans": [
                        {
                          "Node Type": "Seq Scan",
                          "Parent Relationship": "Outer",
                          "Parallel Aware": true,
                          "Relation Name": "title",
                          "Alias": "t",
                          "Startup Cost": 0.0,
                          "Total Cost": 43898.92,
                          "Plan Rows": 373334,
                          "Plan Width": 4,
                          "Actual Startup Time": 0.04,
                          "Actual Total Time": 104.649,
                          "Actual Rows": 371258,
                          "Actual Loops": 4,
                          "Filter": "(production_year > 1998)",
                          "Rows Removed by Filter": 260820
                        }
                      ]
                    }
                  ]
                }
              ]
            }
          ]
        }
      ]
    },
    "Planning Time": 0.602,
    "Triggers": [],
    "Execution Time": 370.126
  }
]