{
  "Plan": {
    "Node Type": "Aggregate",
    "Strategy": "Plain",
    "Partial Mode": "Finalize",
    "Parallel Aware": false,
    "Startup Cost": 644925.02,
    "Total Cost": 644925.03,
    "Plan Rows": 1,
    "Plan Width": 8,
    "Actual Startup Time": 896.458,
    "Actual Total Time": 926.827,
    "Actual Rows": 1,
    "Actual Loops": 1,
    "Plans": [
      {
        "Node Type": "Gather",
        "Parent Relationship": "Outer",
        "Parallel Aware": false,
        "Startup Cost": 644924.91,
        "Total Cost": 644925.02,
        "Plan Rows": 1,
        "Plan Width": 8,
        "Actual Startup Time": 893.211,
        "Actual Total Time": 926.82,
        "Actual Rows": 2,
        "Actual Loops": 1,
        "Workers Planned": 1,
        "Workers Launched": 1,
        "Single Copy": false,
        "Plans": [
          {
            "Node Type": "Aggregate",
            "Strategy": "Plain",
            "Partial Mode": "Partial",
            "Parent Relationship": "Outer",
            "Parallel Aware": false,
            "Startup Cost": 643924.91,
            "Total Cost": 643924.92,
            "Plan Rows": 1,
            "Plan Width": 8,
            "Actual Startup Time": 886.303,
            "Actual Total Time": 886.308,
            "Actual Rows": 1,
            "Actual Loops": 2,
            "Plans": [
              {
                "Node Type": "Nested Loop",
                "Parent Relationship": "Outer",
                "Parallel Aware": false,
                "Join Type": "Inner",
                "Startup Cost": 84081.72,
                "Total Cost": 640381.79,
                "Plan Rows": 1417246,
                "Plan Width": 0,
                "Actual Startup Time": 423.503,
                "Actual Total Time": 862.046,
                "Actual Rows": 539936,
                "Actual Loops": 2,
                "Inner Unique": false,
                "Plans": [
                  {
                    "Node Type": "Hash Join",
                    "Parent Relationship": "Outer",
                    "Parallel Aware": true,
                    "Join Type": "Inner",
                    "Startup Cost": 84081.28,
                    "Total Cost": 114737.97,
                    "Plan Rows": 242376,
                    "Plan Width": 8,
                    "Actual Startup Time": 423.429,
                    "Actual Total Time": 561.132,
                    "Actual Rows": 54530,
                    "Actual Loops": 2,
                    "Inner Unique": true,
                    "Hash Cond": "(mk.movie_id = t.id)",
                    "Plans": [
                      {
                        "Node Type": "Bitmap Heap Scan",
                        "Parent Relationship": "Outer",
                        "Parallel Aware": true,
                        "Relation Name": "movie_keyword",
                        "Alias": "mk",
                        "Startup Cost": 14787.44,
                        "Total Cost": 44367.63,
                        "Plan Rows": 410095,
                        "Plan Width": 4,
                        "Actual Startup Time": 57.999,
                        "Actual Total Time": 131.112,
                        "Actual Rows": 343271,
                        "Actual Loops": 2,
                        "Recheck Cond": "(keyword_id > 27427)",
                        "Rows Removed by Index Recheck": 0,
                        "Exact Heap Blocks": 12907,
                        "Lossy Heap Blocks": 0,
                        "Plans": [
                          {
                            "Node Type": "Bitmap Index Scan",
                            "Parent Relationship": "Outer",
                            "Parallel Aware": false,
                            "Index Name": "keyword_id_movie_keyword",
                            "Startup Cost": 0.0,
                            "Total Cost": 14613.15,
                            "Plan Rows": 697162,
                            "Plan Width": 0,
                            "Actual Startup Time": 54.394,
                            "Actual Total Time": 54.395,
                            "Actual Rows": 686542,
                            "Actual Loops": 1,
                            "Index Cond": "(keyword_id > 27427)"
                          }
                        ]
                      },
                      {
                        "Node Type": "Hash",
                        "Parent Relationship": "Inner",
                        "Parallel Aware": true,
                        "Startup Cost": 58306.47,
                        "Total Cost": 58306.47,
                        "Plan Rows": 878990,
                        "Plan Width": 4,
                        "Actual Startup Time": 353.638,
                        "Actual Total Time": 353.639,
                        "Actual Rows": 739220,
                        "Actual Loops": 2,
                        "Hash Buckets": 2097152,
                        "Original Hash Buckets": 2097152,
                        "Hash Batches": 1,
                        "Original Hash Batches": 1,
                        "Peak Memory Usage": 74240,
                        "Plans": [
                          {
                            "Node Type": "Seq Scan",
                            "Parent Relationship": "Outer",
                            "Parallel Aware": true,
                            "Relation Name": "title",
                            "Alias": "t",
                            "Startup Cost": 0.0,
                            "Total Cost": 58306.47,
                            "Plan Rows": 878990,
                            "Plan Width": 4,
                            "Actual Startup Time": 0.045,
                            "Actual Total Time": 164.932,
                            "Actual Rows": 739220,
                            "Actual Loops": 2,
                            "Filter": "((production_year > 0) AND (kind_id = 7))",
                            "Rows Removed by Filter": 524936
                          }
                        ]
                      }
                    ]
                  },
                  {
                    "Node Type": "Index Only Scan",
                    "Parent Relationship": "Inner",
                    "Parallel Aware": false,
                    "Scan Direction": "Forward",
                    "Index Name": "movie_id_movie_info",
                    "Relation Name": "movie_info",
                    "Alias": "mi",
                    "Startup Cost": 0.43,
                    "Total Cost": 1.75,
                    "Plan Rows": 42,
                    "Plan Width": 4,
                    "Actual Startup Time": 0.002,
                    "Actual Total Time": 0.005,
                    "Actual Rows": 10,
                    "Actual Loops": 109061,
                    "Index Cond": "(movie_id = t.id)",
                    "Rows Removed by Index Recheck": 0,
                    "Heap Fetches": 1079873
                  }
                ]
              }
            ]
          }
        ]
      }
    ]
  },
  "Planning Time": 0.573,
  "Triggers": [],
  "Execution Time": 926.899
}