[
  {
    "Plan": {
      "Node Type": "Aggregate",
      "Strategy": "Plain",
      "Partial Mode": "Finalize",
      "Parallel Aware": false,
      "Startup Cost": 354197.55,
      "Total Cost": 354197.56,
      "Plan Rows": 1,
      "Plan Width": 8,
      "Actual Startup Time": 865.732,
      "Actual Total Time": 928.24,
      "Actual Rows": 1,
      "Actual Loops": 1,
      "Plans": [
        {
          "Node Type": "Gather",
          "Parent Relationship": "Outer",
          "Parallel Aware": false,
          "Startup Cost": 354196.93,
          "Total Cost": 354197.54,
          "Plan Rows": 6,
          "Plan Width": 8,
          "Actual Startup Time": 865.596,
          "Actual Total Time": 928.227,
          "Actual Rows": 7,
          "Actual Loops": 1,
          "Workers Planned": 6,
          "Workers Launched": 6,
          "Single Copy": false,
          "Plans": [
            {
              "Node Type": "Aggregate",
              "Strategy": "Plain",
              "Partial Mode": "Partial",
              "Parent Relationship": "Outer",
              "Parallel Aware": false,
              "Startup Cost": 353196.93,
              "Total Cost": 353196.94,
              "Plan Rows": 1,
              "Plan Width": 8,
              "Actual Startup Time": 856.043,
              "Actual Total Time": 856.044,
              "Actual Rows": 1,
              "Actual Loops": 7,
              "Plans": [
                {
                  "Node Type": "Seq Scan",
                  "Parent Relationship": "Outer",
                  "Parallel Aware": true,
                  "Relation Name": "cast_info",
                  "Alias": "ci",
                  "Startup Cost": 0.0,
                  "Total Cost": 343257.03,
                  "Plan Rows": 3975959,
                  "Plan Width": 0,
                  "Actual Startup Time": 1.299,
                  "Actual Total Time": 709.077,
                  "Actual Rows": 3442208,
                  "Actual Loops": 7,
                  "Filter": "((person_id > 5555) AND (role_id < 4))",
                  "Rows Removed by Filter": 1735555
                }
              ]
            }
          ]
        }
      ]
    },
    "Planning Time": 0.295,
    "Triggers": [],
    "Execution Time": 928.313
  }
]