[
  {
    "Plan": {
      "Node Type": "Aggregate",
      "Strategy": "Plain",
      "Partial Mode": "Finalize",
      "Parallel Aware": false,
      "Startup Cost": 33060.76,
      "Total Cost": 33060.77,
      "Plan Rows": 1,
      "Plan Width": 8,
      "Actual Startup Time": 97.378,
      "Actual Total Time": 107.705,
      "Actual Rows": 1,
      "Actual Loops": 1,
      "Plans": [
        {
          "Node Type": "Gather",
          "Parent Relationship": "Outer",
          "Parallel Aware": false,
          "Startup Cost": 33060.44,
          "Total Cost": 33060.75,
          "Plan Rows": 3,
          "Plan Width": 8,
          "Actual Startup Time": 97.238,
          "Actual Total Time": 107.696,
          "Actual Rows": 4,
          "Actual Loops": 1,
          "Workers Planned": 3,
          "Workers Launched": 3,
          "Single Copy": false,
          "Plans": [
            {
              "Node Type": "Aggregate",
              "Strategy": "Plain",
              "Partial Mode": "Partial",
              "Parent Relationship": "Outer",
              "Parallel Aware": false,
              "Startup Cost": 32060.44,
              "Total Cost": 32060.45,
              "Plan Rows": 1,
              "Plan Width": 8,
              "Actual Startup Time": 91.879,
              "Actual Total Time": 91.88,
              "Actual Rows": 1,
              "Actual Loops": 4,
              "Plans": [
                {
                  "Node Type": "Seq Scan",
                  "Parent Relationship": "Outer",
                  "Parallel Aware": true,
                  "Relation Name": "movie_companies",
                  "Alias": "mc",
                  "Startup Cost": 0.0,
                  "Total Cost": 31414.82,
                  "Plan Rows": 258250,
                  "Plan Width": 0,
                  "Actual Startup Time": 1.952,
                  "Actual Total Time": 83.327,
                  "Actual Rows": 147936,
                  "Actual Loops": 4,
                  "Filter": "((company_id > 4197) AND (company_type_id = 1))",
                  "Rows Removed by Filter": 504347
                }
              ]
            }
          ]
        }
      ]
    },
    "Planning Time": 0.22,
    "Triggers": [],
    "Execution Time": 107.762
  }
]