{
  "Plan": {
    "Node Type": "Aggregate",
    "Strategy": "Plain",
    "Partial Mode": "Finalize",
    "Parallel Aware": false,
    "Startup Cost": 126496.74,
    "Total Cost": 126496.75,
    "Plan Rows": 1,
    "Plan Width": 8,
    "Actual Startup Time": 685.081,
    "Actual Total Time": 702.206,
    "Actual Rows": 1,
    "Actual Loops": 1,
    "Plans": [
      {
        "Node Type": "Gather",
        "Parent Relationship": "Outer",
        "Parallel Aware": false,
        "Startup Cost": 126496.63,
        "Total Cost": 126496.74,
        "Plan Rows": 1,
        "Plan Width": 8,
        "Actual Startup Time": 683.566,
        "Actual Total Time": 702.199,
        "Actual Rows": 2,
        "Actual Loops": 1,
        "Workers Planned": 1,
        "Workers Launched": 1,
        "Single Copy": false,
        "Plans": [
          {
            "Node Type": "Aggregate",
            "Strategy": "Plain",
            "Partial Mode": "Partial",
            "Parent Relationship": "Outer",
            "Parallel Aware": false,
            "Startup Cost": 125496.63,
            "Total Cost": 125496.64,
            "Plan Rows": 1,
            "Plan Width": 8,
            "Actual Startup Time": 677.651,
            "Actual Total Time": 677.655,
            "Actual Rows": 1,
            "Actual Loops": 2,
            "Plans": [
              {
                "Node Type": "Hash Join",
                "Parent Relationship": "Outer",
                "Parallel Aware": true,
                "Join Type": "Inner",
                "Startup Cost": 59922.63,
                "Total Cost": 123810.61,
                "Plan Rows": 674409,
                "Plan Width": 0,
                "Actual Startup Time": 254.522,
                "Actual Total Time": 647.333,
                "Actual Rows": 798027,
                "Actual Loops": 2,
                "Inner Unique": true,
                "Hash Cond": "(mk.movie_id = t.id)",
                "Plans": [
                  {
                    "Node Type": "Seq Scan",
                    "Parent Relationship": "Outer",
                    "Parallel Aware": true,
                    "Relation Name": "movie_keyword",
                    "Alias": "mk",
                    "Startup Cost": 0.0,
                    "Total Cost": 57718.19,
                    "Plan Rows": 2350391,
                    "Plan Width": 4,
                    "Actual Startup Time": 0.027,
                    "Actual Total Time": 194.02,
                    "Actual Rows": 1991265,
                    "Actual Loops": 2,
                    "Filter": "(keyword_id > 382)",
                    "Rows Removed by Filter": 270700
                  },
                  {
                    "Node Type": "Hash",
                    "Parent Relationship": "Inner",
                    "Parallel Aware": true,
                    "Startup Cost": 54588.39,
                    "Total Cost": 54588.39,
                    "Plan Rows": 426739,
                    "Plan Width": 4,
                    "Actual Startup Time": 245.155,
                    "Actual Total Time": 245.157,
                    "Actual Rows": 365492,
                    "Actual Loops": 2,
                    "Hash Buckets": 1048576,
                    "Original Hash Buckets": 1048576,
                    "Hash Batches": 1,
                    "Original Hash Batches": 1,
                    "Peak Memory Usage": 36800,
                    "Plans": [
                      {
                        "Node Type": "Seq Scan",
                        "Parent Relationship": "Outer",
                        "Parallel Aware": true,
                        "Relation Name": "title",
                        "Alias": "t",
                        "Startup Cost": 0.0,
                        "Total Cost": 54588.39,
                        "Plan Rows": 426739,
                        "Plan Width": 4,
                        "Actual Startup Time": 0.031,
                        "Actual Total Time": 152.462,
                        "Actual Rows": 365492,
                        "Actual Loops": 2,
                        "Filter": "(production_year < 1992)",
                        "Rows Removed by Filter": 898664
                      }
                    ]
                  }
                ]
              }
            ]
          }
        ]
      }
    ]
  },
  "Planning Time": 0.443,
  "Triggers": [],
  "Execution Time": 702.275
}