{
  "Plan": {
    "Node Type": "Aggregate",
    "Strategy": "Plain",
    "Partial Mode": "Finalize",
    "Parallel Aware": false,
    "Startup Cost": 135451.5,
    "Total Cost": 135451.51,
    "Plan Rows": 1,
    "Plan Width": 8,
    "Actual Startup Time": 1089.455,
    "Actual Total Time": 1109.914,
    "Actual Rows": 1,
    "Actual Loops": 1,
    "Plans": [
      {
        "Node Type": "Gather",
        "Parent Relationship": "Outer",
        "Parallel Aware": false,
        "Startup Cost": 135451.39,
        "Total Cost": 135451.5,
        "Plan Rows": 1,
        "Plan Width": 8,
        "Actual Startup Time": 1081.167,
        "Actual Total Time": 1109.905,
        "Actual Rows": 2,
        "Actual Loops": 1,
        "Workers Planned": 1,
        "Workers Launched": 1,
        "Single Copy": false,
        "Plans": [
          {
            "Node Type": "Aggregate",
            "Strategy": "Plain",
            "Partial Mode": "Partial",
            "Parent Relationship": "Outer",
            "Parallel Aware": false,
            "Startup Cost": 134451.39,
            "Total Cost": 134451.4,
            "Plan Rows": 1,
            "Plan Width": 8,
            "Actual Startup Time": 1069.914,
            "Actual Total Time": 1069.917,
            "Actual Rows": 1,
            "Actual Loops": 2,
            "Plans": [
              {
                "Node Type": "Hash Join",
                "Parent Relationship": "Outer",
                "Parallel Aware": true,
                "Join Type": "Inner",
                "Startup Cost": 69460.7,
                "Total Cost": 130903.83,
                "Plan Rows": 1419022,
                "Plan Width": 0,
                "Actual Startup Time": 547.224,
                "Actual Total Time": 1012.501,
                "Actual Rows": 1207294,
                "Actual Loops": 2,
                "Inner Unique": true,
                "Hash Cond": "(mk.movie_id = t.id)",
                "Plans": [
                  {
                    "Node Type": "Seq Scan",
                    "Parent Relationship": "Outer",
                    "Parallel Aware": true,
                    "Relation Name": "movie_keyword",
                    "Alias": "mk",
                    "Startup Cost": 0.0,
                    "Total Cost": 57718.19,
                    "Plan Rows": 1419022,
                    "Plan Width": 4,
                    "Actual Startup Time": 0.03,
                    "Actual Total Time": 222.314,
                    "Actual Rows": 1207294,
                    "Actual Loops": 2,
                    "Filter": "(keyword_id < 5683)",
                    "Rows Removed by Filter": 1054671
                  },
                  {
                    "Node Type": "Hash",
                    "Parent Relationship": "Inner",
                    "Parallel Aware": true,
                    "Startup Cost": 50870.31,
                    "Total Cost": 50870.31,
                    "Plan Rows": 1487231,
                    "Plan Width": 4,
                    "Actual Startup Time": 525.6,
                    "Actual Total Time": 525.601,
                    "Actual Rows": 1264156,
                    "Actual Loops": 2,
                    "Hash Buckets": 4194304,
                    "Original Hash Buckets": 4194304,
                    "Hash Batches": 1,
                    "Original Hash Batches": 1,
                    "Peak Memory Usage": 131712,
                    "Plans": [
                      {
                        "Node Type": "Seq Scan",
                        "Parent Relationship": "Outer",
                        "Parallel Aware": true,
                        "Relation Name": "title",
                        "Alias": "t",
                        "Startup Cost": 0.0,
                        "Total Cost": 50870.31,
                        "Plan Rows": 1487231,
                        "Plan Width": 4,
                        "Actual Startup Time": 0.025,
                        "Actual Total Time": 163.974,
                        "Actual Rows": 1264156,
                        "Actual Loops": 2
                      }
                    ]
                  }
                ]
              }
            ]
          }
        ]
      }
    ]
  },
  "Planning Time": 0.7,
  "Triggers": [],
  "Execution Time": 1109.982
}