[
  {
    "Plan": {
      "Node Type": "Aggregate",
      "Strategy": "Plain",
      "Partial Mode": "Finalize",
      "Parallel Aware": false,
      "Startup Cost": 45894.32,
      "Total Cost": 45894.33,
      "Plan Rows": 1,
      "Plan Width": 8,
      "Actual Startup Time": 199.015,
      "Actual Total Time": 207.711,
      "Actual Rows": 1,
      "Actual Loops": 1,
      "Plans": [
        {
          "Node Type": "Gather",
          "Parent Relationship": "Outer",
          "Parallel Aware": false,
          "Startup Cost": 45894.01,
          "Total Cost": 45894.32,
          "Plan Rows": 3,
          "Plan Width": 8,
          "Actual Startup Time": 198.898,
          "Actual Total Time": 207.703,
          "Actual Rows": 4,
          "Actual Loops": 1,
          "Workers Planned": 3,
          "Workers Launched": 3,
          "Single Copy": false,
          "Plans": [
            {
              "Node Type": "Aggregate",
              "Strategy": "Plain",
              "Partial Mode": "Partial",
              "Parent Relationship": "Outer",
              "Parallel Aware": false,
              "Startup Cost": 44894.01,
              "Total Cost": 44894.02,
              "Plan Rows": 1,
              "Plan Width": 8,
              "Actual Startup Time": 190.736,
              "Actual Total Time": 190.737,
              "Actual Rows": 1,
              "Actual Loops": 4,
              "Plans": [
                {
                  "Node Type": "Seq Scan",
                  "Parent Relationship": "Outer",
                  "Parallel Aware": true,
                  "Relation Name": "movie_keyword",
                  "Alias": "mk",
                  "Startup Cost": 0.0,
                  "Total Cost": 42695.65,
                  "Plan Rows": 879341,
                  "Plan Width": 0,
                  "Actual Startup Time": 0.051,
                  "Actual Total Time": 148.738,
                  "Actual Rows": 685234,
                  "Actual Loops": 4,
                  "Filter": "(keyword_id < 7776)",
                  "Rows Removed by Filter": 445749
                }
              ]
            }
          ]
        }
      ]
    },
    "Planning Time": 0.083,
    "Triggers": [],
    "Execution Time": 207.74
  }
]