[
  {
    "Plan": {
      "Node Type": "Aggregate",
      "Strategy": "Plain",
      "Partial Mode": "Finalize",
      "Parallel Aware": false,
      "Startup Cost": 122374.35,
      "Total Cost": 122374.36,
      "Plan Rows": 1,
      "Plan Width": 8,
      "Actual Startup Time": 689.484,
      "Actual Total Time": 712.507,
      "Actual Rows": 1,
      "Actual Loops": 1,
      "Plans": [
        {
          "Node Type": "Gather",
          "Parent Relationship": "Outer",
          "Parallel Aware": false,
          "Startup Cost": 122374.03,
          "Total Cost": 122374.34,
          "Plan Rows": 3,
          "Plan Width": 8,
          "Actual Startup Time": 684.449,
          "Actual Total Time": 712.498,
          "Actual Rows": 4,
          "Actual Loops": 1,
          "Workers Planned": 3,
          "Workers Launched": 3,
          "Single Copy": false,
          "Plans": [
            {
              "Node Type": "Aggregate",
              "Strategy": "Plain",
              "Partial Mode": "Partial",
              "Parent Relationship": "Outer",
              "Parallel Aware": false,
              "Startup Cost": 121374.03,
              "Total Cost": 121374.04,
              "Plan Rows": 1,
              "Plan Width": 8,
              "Actual Startup Time": 674.881,
              "Actual Total Time": 674.887,
              "Actual Rows": 1,
              "Actual Loops": 4,
              "Plans": [
                {
                  "Node Type": "Hash Join",
                  "Parent Relationship": "Outer",
                  "Parallel Aware": true,
                  "Join Type": "Inner",
                  "Startup Cost": 90478.85,
                  "Total Cost": 121141.56,
                  "Plan Rows": 92987,
                  "Plan Width": 0,
                  "Actual Startup Time": 402.843,
                  "Actual Total Time": 637.331,
                  "Actual Rows": 695611,
                  "Actual Loops": 4,
                  "Inner Unique": false,
                  "Hash Cond": "(mc.movie_id = t.id)",
                  "Plans": [
                    {
                      "Node Type": "Seq Scan",
                      "Parent Relationship": "Outer",
                      "Parallel Aware": true,
                      "Relation Name": "movie_companies",
                      "Alias": "mc",
                      "Startup Cost": 0.0,
                      "Total Cost": 27206.55,
                      "Plan Rows": 841655,
                      "Plan Width": 4,
                      "Actual Startup Time": 0.025,
                      "Actual Total Time": 71.596,
                      "Actual Rows": 652282,
                      "Actual Loops": 4
                    },
                    {
                      "Node Type": "Hash",
                      "Parent Relationship": "Inner",
                      "Parallel Aware": true,
                      "Startup Cost": 89352.51,
                      "Total Cost": 89352.51,
                      "Plan Rows": 90107,
                      "Plan Width": 8,
                      "Actual Startup Time": 396.809,
                      "Actual Total Time": 396.814,
                      "Actual Rows": 98800,
                      "Actual Loops": 4,
                      "Hash Buckets": 524288,
                      "Original Hash Buckets": 524288,
                      "Hash Batches": 1,
                      "Original Hash Batches": 1,
                      "Peak Memory Usage": 19648,
                      "Plans": [
                        {
                          "Node Type": "Hash Join",
                          "Parent Relationship": "Outer",
                          "Parallel Aware": true,
                          "Join Type": "Inner",
                          "Startup Cost": 45458.87,
                          "Total Cost": 89352.51,
                          "Plan Rows": 90107,
                          "Plan Width": 8,
                          "Actual Startup Time": 176.525,
                          "Actual Total Time": 366.219,
                          "Actual Rows": 98800,
                          "Actual Loops": 4,
                          "Inner Unique": true,
                          "Hash Cond": "(mk.movie_id = t.id)",
                          "Plans": [
                            {
                              "Node Type": "Seq Scan",
                              "Parent Relationship": "Outer",
                              "Parallel Aware": true,
                              "Relation Name": "movie_keyword",
                              "Alias": "mk",
                              "Startup Cost": 0.0,
                              "Total Cost": 42695.65,
                              "Plan Rows": 456378,
                              "Plan Width": 4,
                              "Actual Startup Time": 0.946,
                              "Actual Total Time": 124.925,
                              "Actual Rows": 354402,
                              "Actual Loops": 4,
                              "Filter": "(keyword_id > 11769)",
                              "Rows Removed by Filter": 776580
                            },
                            {
                              "Node Type": "Hash",
                              "Parent Relationship": "Inner",
                              "Parallel Aware": true,
                              "Startup Cost": 43898.92,
                              "Total Cost": 43898.92,
                              "Plan Rows": 124796,
                              "Plan Width": 4,
                              "Actual Startup Time": 173.103,
                              "Actual Total Time": 173.104,
                              "Actual Rows": 127239,
                              "Actual Loops": 4,
                              "Hash Buckets": 524288,
                              "Original Hash Buckets": 524288,
                              "Hash Batches": 1,
                              "Original Hash Batches": 1,
                              "Peak Memory Usage": 24096,
                              "Plans": [
                                {
                                  "Node Type": "Seq Scan",
                                  "Parent Relationship": "Outer",
                                  "Parallel Aware": true,
                                  "Relation Name": "title",
                                  "Alias": "t",
                                  "Startup Cost": 0.0,
                                  "Total Cost": 43898.92,
                                  "Plan Rows": 124796,
                                  "Plan Width": 4,
                                  "Actual Startup Time": 0.049,
                                  "Actual Total Time": 118.331,
                                  "Actual Rows": 127239,
                                  "Actual Loops": 4,
                                  "Filter": "(production_year < 1980)",
                                  "Rows Removed by Filter": 504839
                                }
                              ]
                            }
                          ]
                        }
                      ]
                    }
                  ]
                }
              ]
            }
          ]
        }
      ]
    },
    "Planning Time": 1.441,
    "Triggers": [],
    "Execution Time": 712.59
  }
]