[
    {
        "Bao": {
            "Bao prediction": "NaN",
            "Bao recommended hint": "(no hint)"
        }
    },
    {
        "Plan": {
            "Node Type": "Aggregate",
            "Strategy": "Plain",
            "Partial Mode": "Finalize",
            "Parallel Aware": false,
            "Startup Cost": 184233.24,
            "Total Cost": 184233.25,
            "Plan Rows": 1,
            "Plan Width": 8,
            "Actual Startup Time": 143.549,
            "Actual Total Time": 151.198,
            "Actual Rows": 1,
            "Actual Loops": 1,
            "Output": [
                "count(*)"
            ],
            "Plans": [
                {
                    "Node Type": "Gather",
                    "Parent Relationship": "Outer",
                    "Parallel Aware": false,
                    "Startup Cost": 184232.72,
                    "Total Cost": 184233.23,
                    "Plan Rows": 5,
                    "Plan Width": 8,
                    "Actual Startup Time": 142.657,
                    "Actual Total Time": 151.19,
                    "Actual Rows": 6,
                    "Actual Loops": 1,
                    "Output": [
                        "(PARTIAL count(*))"
                    ],
                    "Workers Planned": 5,
                    "Workers Launched": 5,
                    "Single Copy": false,
                    "Plans": [
                        {
                            "Node Type": "Aggregate",
                            "Strategy": "Plain",
                            "Partial Mode": "Partial",
                            "Parent Relationship": "Outer",
                            "Parallel Aware": false,
                            "Startup Cost": 183232.72,
                            "Total Cost": 183232.73,
                            "Plan Rows": 1,
                            "Plan Width": 8,
                            "Actual Startup Time": 132.666,
                            "Actual Total Time": 132.668,
                            "Actual Rows": 1,
                            "Actual Loops": 6,
                            "Output": [
                                "PARTIAL count(*)"
                            ],
                            "Workers": [
                                {
                                    "Worker Number": 0,
                                    "Actual Startup Time": 130.272,
                                    "Actual Total Time": 130.274,
                                    "Actual Rows": 1,
                                    "Actual Loops": 1
                                },
                                {
                                    "Worker Number": 1,
                                    "Actual Startup Time": 130.208,
                                    "Actual Total Time": 130.211,
                                    "Actual Rows": 1,
                                    "Actual Loops": 1
                                },
                                {
                                    "Worker Number": 2,
                                    "Actual Startup Time": 130.869,
                                    "Actual Total Time": 130.871,
                                    "Actual Rows": 1,
                                    "Actual Loops": 1
                                },
                                {
                                    "Worker Number": 3,
                                    "Actual Startup Time": 130.959,
                                    "Actual Total Time": 130.96,
                                    "Actual Rows": 1,
                                    "Actual Loops": 1
                                },
                                {
                                    "Worker Number": 4,
                                    "Actual Startup Time": 131.442,
                                    "Actual Total Time": 131.445,
                                    "Actual Rows": 1,
                                    "Actual Loops": 1
                                }
                            ],
                            "Plans": [
                                {
                                    "Node Type": "Bitmap Heap Scan",
                                    "Parent Relationship": "Outer",
                                    "Parallel Aware": true,
                                    "Relation Name": "movie_info",
                                    "Schema": "public",
                                    "Alias": "mi",
                                    "Startup Cost": 18224.85,
                                    "Total Cost": 182730.24,
                                    "Plan Rows": 200991,
                                    "Plan Width": 0,
                                    "Actual Startup Time": 44.015,
                                    "Actual Total Time": 121.18,
                                    "Actual Rows": 166732,
                                    "Actual Loops": 6,
                                    "Recheck Cond": "(mi.info_type_id > 88)",
                                    "Rows Removed by Index Recheck": 0,
                                    "Exact Heap Blocks": 11009,
                                    "Lossy Heap Blocks": 0,
                                    "Workers": [
                                        {
                                            "Worker Number": 0,
                                            "Actual Startup Time": 41.674,
                                            "Actual Total Time": 119.155,
                                            "Actual Rows": 116808,
                                            "Actual Loops": 1
                                        },
                                        {
                                            "Worker Number": 1,
                                            "Actual Startup Time": 41.581,
                                            "Actual Total Time": 119.11,
                                            "Actual Rows": 115027,
                                            "Actual Loops": 1
                                        },
                                        {
                                            "Worker Number": 2,
                                            "Actual Startup Time": 42.527,
                                            "Actual Total Time": 120.306,
                                            "Actual Rows": 140975,
                                            "Actual Loops": 1
                                        },
                                        {
                                            "Worker Number": 3,
                                            "Actual Startup Time": 42.338,
                                            "Actual Total Time": 119.993,
                                            "Actual Rows": 143975,
                                            "Actual Loops": 1
                                        },
                                        {
                                            "Worker Number": 4,
                                            "Actual Startup Time": 42.727,
                                            "Actual Total Time": 120.714,
                                            "Actual Rows": 114862,
                                            "Actual Loops": 1
                                        }
                                    ],
                                    "Plans": [
                                        {
                                            "Node Type": "Bitmap Index Scan",
                                            "Parent Relationship": "Outer",
                                            "Parallel Aware": false,
                                            "Index Name": "info_type_id_movie_info",
                                            "Startup Cost": 0.0,
                                            "Total Cost": 17973.61,
                                            "Plan Rows": 1004957,
                                            "Plan Width": 0,
                                            "Actual Startup Time": 47.997,
                                            "Actual Total Time": 47.997,
                                            "Actual Rows": 1000392,
                                            "Actual Loops": 1,
                                            "Index Cond": "(mi.info_type_id > 88)"
                                        }
                                    ]
                                }
                            ]
                        }
                    ]
                }
            ]
        },
        "Planning Time": 202.085,
        "Triggers": [],
        "Execution Time": 151.259
    }
]