[
    {
        "Bao": {
            "Bao prediction": "NaN",
            "Bao recommended hint": "(no hint)"
        }
    },
    {
        "Plan": {
            "Node Type": "Aggregate",
            "Strategy": "Plain",
            "Partial Mode": "Finalize",
            "Parallel Aware": false,
            "Startup Cost": 33259.91,
            "Total Cost": 33259.92,
            "Plan Rows": 1,
            "Plan Width": 8,
            "Actual Startup Time": 96.25,
            "Actual Total Time": 101.409,
            "Actual Rows": 1,
            "Actual Loops": 1,
            "Output": [
                "count(*)"
            ],
            "Plans": [
                {
                    "Node Type": "Gather",
                    "Parent Relationship": "Outer",
                    "Parallel Aware": false,
                    "Startup Cost": 33259.59,
                    "Total Cost": 33259.9,
                    "Plan Rows": 3,
                    "Plan Width": 8,
                    "Actual Startup Time": 96.164,
                    "Actual Total Time": 101.403,
                    "Actual Rows": 4,
                    "Actual Loops": 1,
                    "Output": [
                        "(PARTIAL count(*))"
                    ],
                    "Workers Planned": 3,
                    "Workers Launched": 3,
                    "Single Copy": false,
                    "Plans": [
                        {
                            "Node Type": "Aggregate",
                            "Strategy": "Plain",
                            "Partial Mode": "Partial",
                            "Parent Relationship": "Outer",
                            "Parallel Aware": false,
                            "Startup Cost": 32259.59,
                            "Total Cost": 32259.6,
                            "Plan Rows": 1,
                            "Plan Width": 8,
                            "Actual Startup Time": 88.119,
                            "Actual Total Time": 88.119,
                            "Actual Rows": 1,
                            "Actual Loops": 4,
                            "Output": [
                                "PARTIAL count(*)"
                            ],
                            "Workers": [
                                {
                                    "Worker Number": 0,
                                    "Actual Startup Time": 84.891,
                                    "Actual Total Time": 84.892,
                                    "Actual Rows": 1,
                                    "Actual Loops": 1
                                },
                                {
                                    "Worker Number": 1,
                                    "Actual Startup Time": 85.767,
                                    "Actual Total Time": 85.768,
                                    "Actual Rows": 1,
                                    "Actual Loops": 1
                                },
                                {
                                    "Worker Number": 2,
                                    "Actual Startup Time": 85.954,
                                    "Actual Total Time": 85.955,
                                    "Actual Rows": 1,
                                    "Actual Loops": 1
                                }
                            ],
                            "Plans": [
                                {
                                    "Node Type": "Seq Scan",
                                    "Parent Relationship": "Outer",
                                    "Parallel Aware": true,
                                    "Relation Name": "movie_companies",
                                    "Schema": "public",
                                    "Alias": "mc",
                                    "Startup Cost": 0.0,
                                    "Total Cost": 31414.82,
                                    "Plan Rows": 337910,
                                    "Plan Width": 0,
                                    "Actual Startup Time": 44.172,
                                    "Actual Total Time": 79.323,
                                    "Actual Rows": 195394,
                                    "Actual Loops": 4,
                                    "Output": [
                                        "id",
                                        "movie_id",
                                        "company_id",
                                        "company_type_id",
                                        "note"
                                    ],
                                    "Filter": "((mc.company_id < 71792) AND (mc.company_type_id > 1))",
                                    "Rows Removed by Filter": 456888,
                                    "Workers": [
                                        {
                                            "Worker Number": 0,
                                            "Actual Startup Time": 40.935,
                                            "Actual Total Time": 76.498,
                                            "Actual Rows": 205861,
                                            "Actual Loops": 1
                                        },
                                        {
                                            "Worker Number": 1,
                                            "Actual Startup Time": 41.833,
                                            "Actual Total Time": 77.349,
                                            "Actual Rows": 207309,
                                            "Actual Loops": 1
                                        },
                                        {
                                            "Worker Number": 2,
                                            "Actual Startup Time": 42.002,
                                            "Actual Total Time": 77.4,
                                            "Actual Rows": 128524,
                                            "Actual Loops": 1
                                        }
                                    ]
                                }
                            ]
                        }
                    ]
                }
            ]
        },
        "Planning Time": 222.512,
        "Triggers": [],
        "Execution Time": 101.453
    }
]