[
  {
    "Plan": {
      "Node Type": "Aggregate",
      "Strategy": "Plain",
      "Partial Mode": "Finalize",
      "Parallel Aware": false,
      "Startup Cost": 243019.15,
      "Total Cost": 243019.16,
      "Plan Rows": 1,
      "Plan Width": 8,
      "Actual Startup Time": 436.4,
      "Actual Total Time": 481.441,
      "Actual Rows": 1,
      "Actual Loops": 1,
      "Plans": [
        {
          "Node Type": "Gather",
          "Parent Relationship": "Outer",
          "Parallel Aware": false,
          "Startup Cost": 243018.73,
          "Total Cost": 243019.14,
          "Plan Rows": 4,
          "Plan Width": 8,
          "Actual Startup Time": 436.045,
          "Actual Total Time": 481.432,
          "Actual Rows": 5,
          "Actual Loops": 1,
          "Workers Planned": 4,
          "Workers Launched": 4,
          "Single Copy": false,
          "Plans": [
            {
              "Node Type": "Aggregate",
              "Strategy": "Plain",
              "Partial Mode": "Partial",
              "Parent Relationship": "Outer",
              "Parallel Aware": false,
              "Startup Cost": 242018.73,
              "Total Cost": 242018.74,
              "Plan Rows": 1,
              "Plan Width": 8,
              "Actual Startup Time": 426.223,
              "Actual Total Time": 426.225,
              "Actual Rows": 1,
              "Actual Loops": 5,
              "Plans": [
                {
                  "Node Type": "Nested Loop",
                  "Parent Relationship": "Outer",
                  "Parallel Aware": false,
                  "Join Type": "Inner",
                  "Startup Cost": 1.0,
                  "Total Cost": 241511.19,
                  "Plan Rows": 203014,
                  "Plan Width": 0,
                  "Actual Startup Time": 0.498,
                  "Actual Total Time": 408.16,
                  "Actual Rows": 336074,
                  "Actual Loops": 5,
                  "Inner Unique": false,
                  "Join Filter": "(t.id = ci.movie_id)",
                  "Rows Removed by Join Filter": 0,
                  "Plans": [
                    {
                      "Node Type": "Nested Loop",
                      "Parent Relationship": "Outer",
                      "Parallel Aware": false,
                      "Join Type": "Inner",
                      "Startup Cost": 0.43,
                      "Total Cost": 216312.43,
                      "Plan Rows": 14168,
                      "Plan Width": 8,
                      "Actual Startup Time": 0.274,
                      "Actual Total Time": 117.972,
                      "Actual Rows": 16676,
                      "Actual Loops": 5,
                      "Inner Unique": false,
                      "Plans": [
                        {
                          "Node Type": "Seq Scan",
                          "Parent Relationship": "Outer",
                          "Parallel Aware": true,
                          "Relation Name": "title",
                          "Alias": "t",
                          "Startup Cost": 0.0,
                          "Total Cost": 43898.92,
                          "Plan Rows": 2423,
                          "Plan Width": 4,
                          "Actual Startup Time": 0.06,
                          "Actual Total Time": 61.002,
                          "Actual Rows": 2103,
                          "Actual Loops": 5,
                          "Filter": "(production_year = 1959)",
                          "Rows Removed by Filter": 503559
                        },
                        {
                          "Node Type": "Index Only Scan",
                          "Parent Relationship": "Inner",
                          "Parallel Aware": false,
                          "Scan Direction": "Forward",
                          "Index Name": "movie_id_movie_info",
                          "Relation Name": "movie_info",
                          "Alias": "mi",
                          "Startup Cost": 0.43,
                          "Total Cost": 70.74,
                          "Plan Rows": 42,
                          "Plan Width": 4,
                          "Actual Startup Time": 0.01,
                          "Actual Total Time": 0.026,
                          "Actual Rows": 8,
                          "Actual Loops": 10517,
                          "Index Cond": "(movie_id = t.id)",
                          "Rows Removed by Index Recheck": 0,
                          "Heap Fetches": 83380
                        }
                      ]
                    },
                    {
                      "Node Type": "Index Only Scan",
                      "Parent Relationship": "Inner",
                      "Parallel Aware": false,
                      "Scan Direction": "Forward",
                      "Index Name": "movie_id_cast_info",
                      "Relation Name": "cast_info",
                      "Alias": "ci",
                      "Startup Cost": 0.56,
                      "Total Cost": 1.32,
                      "Plan Rows": 37,
                      "Plan Width": 4,
                      "Actual Startup Time": 0.004,
                      "Actual Total Time": 0.015,
                      "Actual Rows": 20,
                      "Actual Loops": 83380,
                      "Index Cond": "(movie_id = mi.movie_id)",
                      "Rows Removed by Index Recheck": 0,
                      "Heap Fetches": 1680371
                    }
                  ]
                }
              ]
            }
          ]
        }
      ]
    },
    "Planning Time": 0.476,
    "Triggers": [],
    "Execution Time": 481.503
  }
]