{
    "Plan": {
        "Node Type": "Aggregate",
        "Strategy": "Plain",
        "Partial Mode": "Finalize",
        "Parallel Aware": false,
        "Startup Cost": 339978.59,
        "Total Cost": 339978.6,
        "Plan Rows": 1,
        "Plan Width": 8,
        "Actual Startup Time": 1168.865,
        "Actual Total Time": 1202.57,
        "Actual Rows": 1,
        "Actual Loops": 1,
        "Output": [
            "count(*)"
        ],
        "Plans": [
            {
                "Node Type": "Gather",
                "Parent Relationship": "Outer",
                "Parallel Aware": false,
                "Startup Cost": 339977.97,
                "Total Cost": 339978.58,
                "Plan Rows": 6,
                "Plan Width": 8,
                "Actual Startup Time": 1161.128,
                "Actual Total Time": 1202.555,
                "Actual Rows": 7,
                "Actual Loops": 1,
                "Output": [
                    "(PARTIAL count(*))"
                ],
                "Workers Planned": 6,
                "Workers Launched": 6,
                "Single Copy": false,
                "Plans": [
                    {
                        "Node Type": "Aggregate",
                        "Strategy": "Plain",
                        "Partial Mode": "Partial",
                        "Parent Relationship": "Outer",
                        "Parallel Aware": false,
                        "Startup Cost": 338977.97,
                        "Total Cost": 338977.98,
                        "Plan Rows": 1,
                        "Plan Width": 8,
                        "Actual Startup Time": 1148.969,
                        "Actual Total Time": 1149.212,
                        "Actual Rows": 1,
                        "Actual Loops": 7,
                        "Output": [
                            "PARTIAL count(*)"
                        ],
                        "Workers": [
                            {
                                "Worker Number": 0,
                                "Actual Startup Time": 1146.894,
                                "Actual Total Time": 1146.9,
                                "Actual Rows": 1,
                                "Actual Loops": 1
                            },
                            {
                                "Worker Number": 1,
                                "Actual Startup Time": 1146.834,
                                "Actual Total Time": 1146.839,
                                "Actual Rows": 1,
                                "Actual Loops": 1
                            },
                            {
                                "Worker Number": 2,
                                "Actual Startup Time": 1146.829,
                                "Actual Total Time": 1146.835,
                                "Actual Rows": 1,
                                "Actual Loops": 1
                            },
                            {
                                "Worker Number": 3,
                                "Actual Startup Time": 1146.829,
                                "Actual Total Time": 1146.835,
                                "Actual Rows": 1,
                                "Actual Loops": 1
                            },
                            {
                                "Worker Number": 4,
                                "Actual Startup Time": 1148.34,
                                "Actual Total Time": 1148.345,
                                "Actual Rows": 1,
                                "Actual Loops": 1
                            },
                            {
                                "Worker Number": 5,
                                "Actual Startup Time": 1147.016,
                                "Actual Total Time": 1147.021,
                                "Actual Rows": 1,
                                "Actual Loops": 1
                            }
                        ],
                        "Plans": [
                            {
                                "Node Type": "Hash Join",
                                "Parent Relationship": "Outer",
                                "Parallel Aware": true,
                                "Join Type": "Inner",
                                "Startup Cost": 82775.87,
                                "Total Cost": 338325.12,
                                "Plan Rows": 261141,
                                "Plan Width": 0,
                                "Actual Startup Time": 391.828,
                                "Actual Total Time": 1111.14,
                                "Actual Rows": 801317,
                                "Actual Loops": 7,
                                "Inner Unique": false,
                                "Hash Cond": "(ci.movie_id = t.id)",
                                "Workers": [
                                    {
                                        "Worker Number": 0,
                                        "Actual Startup Time": 389.795,
                                        "Actual Total Time": 1105.698,
                                        "Actual Rows": 576316,
                                        "Actual Loops": 1
                                    },
                                    {
                                        "Worker Number": 1,
                                        "Actual Startup Time": 389.758,
                                        "Actual Total Time": 1110.825,
                                        "Actual Rows": 789049,
                                        "Actual Loops": 1
                                    },
                                    {
                                        "Worker Number": 2,
                                        "Actual Startup Time": 389.868,
                                        "Actual Total Time": 1109.922,
                                        "Actual Rows": 812649,
                                        "Actual Loops": 1
                                    },
                                    {
                                        "Worker Number": 3,
                                        "Actual Startup Time": 389.835,
                                        "Actual Total Time": 1110.129,
                                        "Actual Rows": 809661,
                                        "Actual Loops": 1
                                    },
                                    {
                                        "Worker Number": 4,
                                        "Actual Startup Time": 390.246,
                                        "Actual Total Time": 1110.09,
                                        "Actual Rows": 869568,
                                        "Actual Loops": 1
                                    },
                                    {
                                        "Worker Number": 5,
                                        "Actual Startup Time": 390.191,
                                        "Actual Total Time": 1107.612,
                                        "Actual Rows": 856773,
                                        "Actual Loops": 1
                                    }
                                ],
                                "Plans": [
                                    {
                                        "Node Type": "Index Scan",
                                        "Parent Relationship": "Outer",
                                        "Parallel Aware": true,
                                        "Scan Direction": "Forward",
                                        "Index Name": "role_id_cast_info",
                                        "Relation Name": "cast_info",
                                        "Schema": "public",
                                        "Alias": "ci",
                                        "Startup Cost": 0.56,
                                        "Total Cost": 251544.36,
                                        "Plan Rows": 894028,
                                        "Plan Width": 4,
                                        "Actual Startup Time": 0.181,
                                        "Actual Total Time": 308.634,
                                        "Actual Rows": 1049426,
                                        "Actual Loops": 7,
                                        "Output": [
                                            "ci.id",
                                            "ci.person_id",
                                            "ci.movie_id",
                                            "ci.person_role_id",
                                            "ci.note",
                                            "ci.nr_order",
                                            "ci.role_id"
                                        ],
                                        "Index Cond": "(ci.role_id > 4)",
                                        "Rows Removed by Index Recheck": 0,
                                        "Filter": "(ci.person_id > 1521694)",
                                        "Rows Removed by Filter": 291246,
                                        "Workers": [
                                            {
                                                "Worker Number": 0,
                                                "Actual Startup Time": 0.085,
                                                "Actual Total Time": 324.372,
                                                "Actual Rows": 762437,
                                                "Actual Loops": 1
                                            },
                                            {
                                                "Worker Number": 1,
                                                "Actual Startup Time": 0.069,
                                                "Actual Total Time": 308.355,
                                                "Actual Rows": 1046762,
                                                "Actual Loops": 1
                                            },
                                            {
                                                "Worker Number": 2,
                                                "Actual Startup Time": 0.15,
                                                "Actual Total Time": 310.473,
                                                "Actual Rows": 1051831,
                                                "Actual Loops": 1
                                            },
                                            {
                                                "Worker Number": 3,
                                                "Actual Startup Time": 0.168,
                                                "Actual Total Time": 313.786,
                                                "Actual Rows": 1058923,
                                                "Actual Loops": 1
                                            },
                                            {
                                                "Worker Number": 4,
                                                "Actual Startup Time": 0.254,
                                                "Actual Total Time": 317.294,
                                                "Actual Rows": 1129382,
                                                "Actual Loops": 1
                                            },
                                            {
                                                "Worker Number": 5,
                                                "Actual Startup Time": 0.236,
                                                "Actual Total Time": 318.027,
                                                "Actual Rows": 1133682,
                                                "Actual Loops": 1
                                            }
                                        ]
                                    },
                                    {
                                        "Node Type": "Hash",
                                        "Parent Relationship": "Inner",
                                        "Parallel Aware": true,
                                        "Startup Cost": 80467.46,
                                        "Total Cost": 80467.46,
                                        "Plan Rows": 184628,
                                        "Plan Width": 8,
                                        "Actual Startup Time": 388.179,
                                        "Actual Total Time": 388.42,
                                        "Actual Rows": 136715,
                                        "Actual Loops": 7,
                                        "Output": [
                                            "t.id",
                                            "mc.movie_id"
                                        ],
                                        "Hash Buckets": 1048576,
                                        "Original Hash Buckets": 1048576,
                                        "Hash Batches": 1,
                                        "Original Hash Batches": 1,
                                        "Peak Memory Usage": 45760,
                                        "Workers": [
                                            {
                                                "Worker Number": 0,
                                                "Actual Startup Time": 388.952,
                                                "Actual Total Time": 388.956,
                                                "Actual Rows": 106608,
                                                "Actual Loops": 1
                                            },
                                            {
                                                "Worker Number": 1,
                                                "Actual Startup Time": 388.952,
                                                "Actual Total Time": 388.955,
                                                "Actual Rows": 135177,
                                                "Actual Loops": 1
                                            },
                                            {
                                                "Worker Number": 2,
                                                "Actual Startup Time": 388.998,
                                                "Actual Total Time": 389.002,
                                                "Actual Rows": 137174,
                                                "Actual Loops": 1
                                            },
                                            {
                                                "Worker Number": 3,
                                                "Actual Startup Time": 388.951,
                                                "Actual Total Time": 388.955,
                                                "Actual Rows": 137650,
                                                "Actual Loops": 1
                                            },
                                            {
                                                "Worker Number": 4,
                                                "Actual Startup Time": 389.294,
                                                "Actual Total Time": 389.297,
                                                "Actual Rows": 145590,
                                                "Actual Loops": 1
                                            },
                                            {
                                                "Worker Number": 5,
                                                "Actual Startup Time": 389.508,
                                                "Actual Total Time": 389.511,
                                                "Actual Rows": 145932,
                                                "Actual Loops": 1
                                            }
                                        ],
                                        "Plans": [
                                            {
                                                "Node Type": "Hash Join",
                                                "Parent Relationship": "Outer",
                                                "Parallel Aware": true,
                                                "Join Type": "Inner",
                                                "Startup Cost": 34392.68,
                                                "Total Cost": 80467.46,
                                                "Plan Rows": 184628,
                                                "Plan Width": 8,
                                                "Actual Startup Time": 126.192,
                                                "Actual Total Time": 326.518,
                                                "Actual Rows": 136715,
                                                "Actual Loops": 7,
                                                "Output": [
                                                    "t.id",
                                                    "mc.movie_id"
                                                ],
                                                "Inner Unique": false,
                                                "Hash Cond": "(t.id = mc.movie_id)",
                                                "Workers": [
                                                    {
                                                        "Worker Number": 0,
                                                        "Actual Startup Time": 126.173,
                                                        "Actual Total Time": 327.633,
                                                        "Actual Rows": 106608,
                                                        "Actual Loops": 1
                                                    },
                                                    {
                                                        "Worker Number": 1,
                                                        "Actual Startup Time": 126.176,
                                                        "Actual Total Time": 326.123,
                                                        "Actual Rows": 135177,
                                                        "Actual Loops": 1
                                                    },
                                                    {
                                                        "Worker Number": 2,
                                                        "Actual Startup Time": 126.209,
                                                        "Actual Total Time": 327.98,
                                                        "Actual Rows": 137174,
                                                        "Actual Loops": 1
                                                    },
                                                    {
                                                        "Worker Number": 3,
                                                        "Actual Startup Time": 126.184,
                                                        "Actual Total Time": 327.63,
                                                        "Actual Rows": 137650,
                                                        "Actual Loops": 1
                                                    },
                                                    {
                                                        "Worker Number": 4,
                                                        "Actual Startup Time": 126.223,
                                                        "Actual Total Time": 324.401,
                                                        "Actual Rows": 145590,
                                                        "Actual Loops": 1
                                                    },
                                                    {
                                                        "Worker Number": 5,
                                                        "Actual Startup Time": 126.131,
                                                        "Actual Total Time": 325.403,
                                                        "Actual Rows": 145932,
                                                        "Actual Loops": 1
                                                    }
                                                ],
                                                "Plans": [
                                                    {
                                                        "Node Type": "Seq Scan",
                                                        "Parent Relationship": "Outer",
                                                        "Parallel Aware": true,
                                                        "Relation Name": "title",
                                                        "Schema": "public",
                                                        "Alias": "t",
                                                        "Startup Cost": 0.0,
                                                        "Total Cost": 42318.81,
                                                        "Plan Rows": 632080,
                                                        "Plan Width": 4,
                                                        "Actual Startup Time": 0.025,
                                                        "Actual Total Time": 57.551,
                                                        "Actual Rows": 361187,
                                                        "Actual Loops": 7,
                                                        "Output": [
                                                            "t.id",
                                                            "t.title",
                                                            "t.imdb_index",
                                                            "t.kind_id",
                                                            "t.production_year",
                                                            "t.imdb_id",
                                                            "t.phonetic_code",
                                                            "t.episode_of_id",
                                                            "t.season_nr",
                                                            "t.episode_nr",
                                                            "t.series_years",
                                                            "t.md5sum"
                                                        ],
                                                        "Workers": [
                                                            {
                                                                "Worker Number": 0,
                                                                "Actual Startup Time": 0.034,
                                                                "Actual Total Time": 63.28,
                                                                "Actual Rows": 277580,
                                                                "Actual Loops": 1
                                                            },
                                                            {
                                                                "Worker Number": 1,
                                                                "Actual Startup Time": 0.027,
                                                                "Actual Total Time": 59.147,
                                                                "Actual Rows": 353798,
                                                                "Actual Loops": 1
                                                            },
                                                            {
                                                                "Worker Number": 2,
                                                                "Actual Startup Time": 0.021,
                                                                "Actual Total Time": 59.971,
                                                                "Actual Rows": 362406,
                                                                "Actual Loops": 1
                                                            },
                                                            {
                                                                "Worker Number": 3,
                                                                "Actual Startup Time": 0.027,
                                                                "Actual Total Time": 60.146,
                                                                "Actual Rows": 363393,
                                                                "Actual Loops": 1
                                                            },
                                                            {
                                                                "Worker Number": 4,
                                                                "Actual Startup Time": 0.028,
                                                                "Actual Total Time": 58.182,
                                                                "Actual Rows": 381669,
                                                                "Actual Loops": 1
                                                            },
                                                            {
                                                                "Worker Number": 5,
                                                                "Actual Startup Time": 0.033,
                                                                "Actual Total Time": 58.762,
                                                                "Actual Rows": 385502,
                                                                "Actual Loops": 1
                                                            }
                                                        ]
                                                    },
                                                    {
                                                        "Node Type": "Hash",
                                                        "Parent Relationship": "Inner",
                                                        "Parallel Aware": true,
                                                        "Startup Cost": 31414.82,
                                                        "Total Cost": 31414.82,
                                                        "Plan Rows": 238229,
                                                        "Plan Width": 4,
                                                        "Actual Startup Time": 124.491,
                                                        "Actual Total Time": 124.492,
                                                        "Actual Rows": 136715,
                                                        "Actual Loops": 7,
                                                        "Output": [
                                                            "mc.movie_id"
                                                        ],
                                                        "Hash Buckets": 1048576,
                                                        "Original Hash Buckets": 1048576,
                                                        "Hash Batches": 1,
                                                        "Original Hash Batches": 1,
                                                        "Peak Memory Usage": 45760,
                                                        "Workers": [
                                                            {
                                                                "Worker Number": 0,
                                                                "Actual Startup Time": 125.909,
                                                                "Actual Total Time": 125.91,
                                                                "Actual Rows": 97457,
                                                                "Actual Loops": 1
                                                            },
                                                            {
                                                                "Worker Number": 1,
                                                                "Actual Startup Time": 125.944,
                                                                "Actual Total Time": 125.945,
                                                                "Actual Rows": 145534,
                                                                "Actual Loops": 1
                                                            },
                                                            {
                                                                "Worker Number": 2,
                                                                "Actual Startup Time": 125.937,
                                                                "Actual Total Time": 125.938,
                                                                "Actual Rows": 143706,
                                                                "Actual Loops": 1
                                                            },
                                                            {
                                                                "Worker Number": 3,
                                                                "Actual Startup Time": 125.936,
                                                                "Actual Total Time": 125.937,
                                                                "Actual Rows": 144830,
                                                                "Actual Loops": 1
                                                            },
                                                            {
                                                                "Worker Number": 4,
                                                                "Actual Startup Time": 125.919,
                                                                "Actual Total Time": 125.92,
                                                                "Actual Rows": 135085,
                                                                "Actual Loops": 1
                                                            },
                                                            {
                                                                "Worker Number": 5,
                                                                "Actual Startup Time": 126.025,
                                                                "Actual Total Time": 126.025,
                                                                "Actual Rows": 134518,
                                                                "Actual Loops": 1
                                                            }
                                                        ],
                                                        "Plans": [
                                                            {
                                                                "Node Type": "Seq Scan",
                                                                "Parent Relationship": "Outer",
                                                                "Parallel Aware": true,
                                                                "Relation Name": "movie_companies",
                                                                "Schema": "public",
                                                                "Alias": "mc",
                                                                "Startup Cost": 0.0,
                                                                "Total Cost": 31414.82,
                                                                "Plan Rows": 238229,
                                                                "Plan Width": 4,
                                                                "Actual Startup Time": 40.101,
                                                                "Actual Total Time": 67.07,
                                                                "Actual Rows": 136715,
                                                                "Actual Loops": 7,
                                                                "Output": [
                                                                    "mc.movie_id"
                                                                ],
                                                                "Filter": "((mc.company_id > 9374) AND (mc.company_type_id = 2))",
                                                                "Rows Removed by Filter": 236017,
                                                                "Workers": [
                                                                    {
                                                                        "Worker Number": 0,
                                                                        "Actual Startup Time": 40.065,
                                                                        "Actual Total Time": 69.387,
                                                                        "Actual Rows": 97457,
                                                                        "Actual Loops": 1
                                                                    },
                                                                    {
                                                                        "Worker Number": 1,
                                                                        "Actual Startup Time": 40.152,
                                                                        "Actual Total Time": 67.807,
                                                                        "Actual Rows": 145534,
                                                                        "Actual Loops": 1
                                                                    },
                                                                    {
                                                                        "Worker Number": 2,
                                                                        "Actual Startup Time": 40.085,
                                                                        "Actual Total Time": 67.672,
                                                                        "Actual Rows": 143706,
                                                                        "Actual Loops": 1
                                                                    },
                                                                    {
                                                                        "Worker Number": 3,
                                                                        "Actual Startup Time": 40.15,
                                                                        "Actual Total Time": 67.771,
                                                                        "Actual Rows": 144830,
                                                                        "Actual Loops": 1
                                                                    },
                                                                    {
                                                                        "Worker Number": 4,
                                                                        "Actual Startup Time": 40.071,
                                                                        "Actual Total Time": 66.21,
                                                                        "Actual Rows": 135085,
                                                                        "Actual Loops": 1
                                                                    },
                                                                    {
                                                                        "Worker Number": 5,
                                                                        "Actual Startup Time": 40.064,
                                                                        "Actual Total Time": 66.284,
                                                                        "Actual Rows": 134518,
                                                                        "Actual Loops": 1
                                                                    }
                                                                ]
                                                            }
                                                        ]
                                                    }
                                                ]
                                            }
                                        ]
                                    }
                                ]
                            }
                        ]
                    }
                ]
            }
        ]
    },
    "Planning Time": 1.672,
    "Triggers": [],
    "Execution Time": 1202.685
}