{
  "Plan": {
    "Node Type": "Aggregate",
    "Strategy": "Plain",
    "Partial Mode": "Finalize",
    "Parallel Aware": false,
    "Startup Cost": 498620.37,
    "Total Cost": 498620.38,
    "Plan Rows": 1,
    "Plan Width": 8,
    "Actual Startup Time": 3160.033,
    "Actual Total Time": 3207.206,
    "Actual Rows": 1,
    "Actual Loops": 1,
    "Plans": [
      {
        "Node Type": "Gather",
        "Parent Relationship": "Outer",
        "Parallel Aware": false,
        "Startup Cost": 498620.25,
        "Total Cost": 498620.36,
        "Plan Rows": 1,
        "Plan Width": 8,
        "Actual Startup Time": 3148.156,
        "Actual Total Time": 3207.199,
        "Actual Rows": 2,
        "Actual Loops": 1,
        "Workers Planned": 1,
        "Workers Launched": 1,
        "Single Copy": false,
        "Plans": [
          {
            "Node Type": "Aggregate",
            "Strategy": "Plain",
            "Partial Mode": "Partial",
            "Parent Relationship": "Outer",
            "Parallel Aware": false,
            "Startup Cost": 497620.25,
            "Total Cost": 497620.26,
            "Plan Rows": 1,
            "Plan Width": 8,
            "Actual Startup Time": 3134.627,
            "Actual Total Time": 3134.633,
            "Actual Rows": 1,
            "Actual Loops": 2,
            "Plans": [
              {
                "Node Type": "Hash Join",
                "Parent Relationship": "Outer",
                "Parallel Aware": true,
                "Join Type": "Inner",
                "Startup Cost": 207881.67,
                "Total Cost": 492875.11,
                "Plan Rows": 1898059,
                "Plan Width": 0,
                "Actual Startup Time": 1479.887,
                "Actual Total Time": 2674.232,
                "Actual Rows": 11701902,
                "Actual Loops": 2,
                "Inner Unique": false,
                "Hash Cond": "(ci.movie_id = t.id)",
                "Plans": [
                  {
                    "Node Type": "Bitmap Heap Scan",
                    "Parent Relationship": "Outer",
                    "Parallel Aware": true,
                    "Relation Name": "cast_info",
                    "Alias": "ci",
                    "Startup Cost": 45361.01,
                    "Total Cost": 313149.0,
                    "Plan Rows": 1208079,
                    "Plan Width": 4,
                    "Actual Startup Time": 85.469,
                    "Actual Total Time": 203.765,
                    "Actual Rows": 987198,
                    "Actual Loops": 2,
                    "Recheck Cond": "(person_id > 3673818)",
                    "Rows Removed by Index Recheck": 0,
                    "Exact Heap Blocks": 14330,
                    "Lossy Heap Blocks": 0,
                    "Plans": [
                      {
                        "Node Type": "Bitmap Index Scan",
                        "Parent Relationship": "Outer",
                        "Parallel Aware": false,
                        "Index Name": "person_id_cast_info",
                        "Startup Cost": 0.0,
                        "Total Cost": 44847.58,
                        "Plan Rows": 2053735,
                        "Plan Width": 0,
                        "Actual Startup Time": 80.804,
                        "Actual Total Time": 80.805,
                        "Actual Rows": 1974396,
                        "Actual Loops": 1,
                        "Index Cond": "(person_id > 3673818)"
                      }
                    ]
                  },
                  {
                    "Node Type": "Hash",
                    "Parent Relationship": "Inner",
                    "Parallel Aware": true,
                    "Startup Cost": 133312.59,
                    "Total Cost": 133312.59,
                    "Plan Rows": 2336645,
                    "Plan Width": 8,
                    "Actual Startup Time": 1372.937,
                    "Actual Total Time": 1372.941,
                    "Actual Rows": 1978830,
                    "Actual Loops": 2,
                    "Hash Buckets": 4194304,
                    "Original Hash Buckets": 4194304,
                    "Hash Batches": 1,
                    "Original Hash Batches": 1,
                    "Peak Memory Usage": 187648,
                    "Plans": [
                      {
                        "Node Type": "Hash Join",
                        "Parent Relationship": "Outer",
                        "Parallel Aware": true,
                        "Join Type": "Inner",
                        "Startup Cost": 69460.7,
                        "Total Cost": 133312.59,
                        "Plan Rows": 2336645,
                        "Plan Width": 8,
                        "Actual Startup Time": 504.677,
                        "Actual Total Time": 1040.611,
                        "Actual Rows": 1978830,
                        "Actual Loops": 2,
                        "Inner Unique": true,
                        "Hash Cond": "(mk.movie_id = t.id)",
                        "Plans": [
                          {
                            "Node Type": "Seq Scan",
                            "Parent Relationship": "Outer",
                            "Parallel Aware": true,
                            "Relation Name": "movie_keyword",
                            "Alias": "mk",
                            "Startup Cost": 0.0,
                            "Total Cost": 57718.19,
                            "Plan Rows": 2336645,
                            "Plan Width": 4,
                            "Actual Startup Time": 0.043,
                            "Actual Total Time": 217.571,
                            "Actual Rows": 1978830,
                            "Actual Loops": 2,
                            "Filter": "(keyword_id > 398)",
                            "Rows Removed by Filter": 283135
                          },
                          {
                            "Node Type": "Hash",
                            "Parent Relationship": "Inner",
                            "Parallel Aware": true,
                            "Startup Cost": 50870.31,
                            "Total Cost": 50870.31,
                            "Plan Rows": 1487231,
                            "Plan Width": 4,
                            "Actual Startup Time": 492.336,
                            "Actual Total Time": 492.337,
                            "Actual Rows": 1264156,
                            "Actual Loops": 2,
                            "Hash Buckets": 4194304,
                            "Original Hash Buckets": 4194304,
                            "Hash Batches": 1,
                            "Original Hash Batches": 1,
                            "Peak Memory Usage": 131712,
                            "Plans": [
                              {
                                "Node Type": "Seq Scan",
                                "Parent Relationship": "Outer",
                                "Parallel Aware": true,
                                "Relation Name": "title",
                                "Alias": "t",
                                "Startup Cost": 0.0,
                                "Total Cost": 50870.31,
                                "Plan Rows": 1487231,
                                "Plan Width": 4,
                                "Actual Startup Time": 0.029,
                                "Actual Total Time": 151.427,
                                "Actual Rows": 1264156,
                                "Actual Loops": 2
                              }
                            ]
                          }
                        ]
                      }
                    ]
                  }
                ]
              }
            ]
          }
        ]
      }
    ]
  },
  "Planning Time": 1.109,
  "Triggers": [],
  "Execution Time": 3207.309
}