[
  {
    "Plan": {
      "Node Type": "Aggregate",
      "Strategy": "Plain",
      "Partial Mode": "Finalize",
      "Parallel Aware": false,
      "Startup Cost": 46125.44,
      "Total Cost": 46125.45,
      "Plan Rows": 1,
      "Plan Width": 8,
      "Actual Startup Time": 92.342,
      "Actual Total Time": 104.853,
      "Actual Rows": 1,
      "Actual Loops": 1,
      "Plans": [
        {
          "Node Type": "Gather",
          "Parent Relationship": "Outer",
          "Parallel Aware": false,
          "Startup Cost": 46125.02,
          "Total Cost": 46125.43,
          "Plan Rows": 4,
          "Plan Width": 8,
          "Actual Startup Time": 92.219,
          "Actual Total Time": 104.846,
          "Actual Rows": 5,
          "Actual Loops": 1,
          "Workers Planned": 4,
          "Workers Launched": 4,
          "Single Copy": false,
          "Plans": [
            {
              "Node Type": "Aggregate",
              "Strategy": "Plain",
              "Partial Mode": "Partial",
              "Parent Relationship": "Outer",
              "Parallel Aware": false,
              "Startup Cost": 45125.02,
              "Total Cost": 45125.03,
              "Plan Rows": 1,
              "Plan Width": 8,
              "Actual Startup Time": 82.394,
              "Actual Total Time": 82.395,
              "Actual Rows": 1,
              "Actual Loops": 5,
              "Plans": [
                {
                  "Node Type": "Nested Loop",
                  "Parent Relationship": "Outer",
                  "Parallel Aware": false,
                  "Join Type": "Inner",
                  "Startup Cost": 0.56,
                  "Total Cost": 45124.71,
                  "Plan Rows": 122,
                  "Plan Width": 0,
                  "Actual Startup Time": 58.759,
                  "Actual Total Time": 82.367,
                  "Actual Rows": 164,
                  "Actual Loops": 5,
                  "Inner Unique": false,
                  "Plans": [
                    {
                      "Node Type": "Seq Scan",
                      "Parent Relationship": "Outer",
                      "Parallel Aware": true,
                      "Relation Name": "title",
                      "Alias": "t",
                      "Startup Cost": 0.0,
                      "Total Cost": 43898.92,
                      "Plan Rows": 8,
                      "Plan Width": 4,
                      "Actual Startup Time": 58.662,
                      "Actual Total Time": 80.649,
                      "Actual Rows": 49,
                      "Actual Loops": 5,
                      "Filter": "(production_year < 1896)",
                      "Rows Removed by Filter": 505613
                    },
                    {
                      "Node Type": "Index Only Scan",
                      "Parent Relationship": "Inner",
                      "Parallel Aware": false,
                      "Scan Direction": "Forward",
                      "Index Name": "movie_id_cast_info",
                      "Relation Name": "cast_info",
                      "Alias": "ci",
                      "Startup Cost": 0.56,
                      "Total Cost": 152.85,
                      "Plan Rows": 37,
                      "Plan Width": 4,
                      "Actual Startup Time": 0.025,
                      "Actual Total Time": 0.034,
                      "Actual Rows": 3,
                      "Actual Loops": 245,
                      "Index Cond": "(movie_id = t.id)",
                      "Rows Removed by Index Recheck": 0,
                      "Heap Fetches": 820
                    }
                  ]
                }
              ]
            }
          ]
        }
      ]
    },
    "Planning Time": 0.564,
    "Triggers": [],
    "Execution Time": 104.925
  }
]