[
  {
    "Plan": {
      "Node Type": "Aggregate",
      "Strategy": "Plain",
      "Partial Mode": "Finalize",
      "Parallel Aware": false,
      "Startup Cost": 251117.68,
      "Total Cost": 251117.69,
      "Plan Rows": 1,
      "Plan Width": 8,
      "Actual Startup Time": 320.685,
      "Actual Total Time": 350.274,
      "Actual Rows": 1,
      "Actual Loops": 1,
      "Plans": [
        {
          "Node Type": "Gather",
          "Parent Relationship": "Outer",
          "Parallel Aware": false,
          "Startup Cost": 251117.05,
          "Total Cost": 251117.66,
          "Plan Rows": 6,
          "Plan Width": 8,
          "Actual Startup Time": 319.387,
          "Actual Total Time": 350.259,
          "Actual Rows": 7,
          "Actual Loops": 1,
          "Workers Planned": 6,
          "Workers Launched": 6,
          "Single Copy": false,
          "Plans": [
            {
              "Node Type": "Aggregate",
              "Strategy": "Plain",
              "Partial Mode": "Partial",
              "Parent Relationship": "Outer",
              "Parallel Aware": false,
              "Startup Cost": 250117.05,
              "Total Cost": 250117.06,
              "Plan Rows": 1,
              "Plan Width": 8,
              "Actual Startup Time": 311.425,
              "Actual Total Time": 311.43,
              "Actual Rows": 1,
              "Actual Loops": 7,
              "Plans": [
                {
                  "Node Type": "Hash Join",
                  "Parent Relationship": "Outer",
                  "Parallel Aware": true,
                  "Join Type": "Inner",
                  "Startup Cost": 46700.48,
                  "Total Cost": 249920.55,
                  "Plan Rows": 78602,
                  "Plan Width": 0,
                  "Actual Startup Time": 95.734,
                  "Actual Total Time": 311.404,
                  "Actual Rows": 60,
                  "Actual Loops": 7,
                  "Inner Unique": true,
                  "Hash Cond": "(ci.movie_id = t.id)",
                  "Plans": [
                    {
                      "Node Type": "Index Scan",
                      "Parent Relationship": "Outer",
                      "Parallel Aware": true,
                      "Scan Direction": "Forward",
                      "Index Name": "role_id_cast_info",
                      "Relation Name": "cast_info",
                      "Alias": "ci",
                      "Startup Cost": 0.56,
                      "Total Cost": 201884.69,
                      "Plan Rows": 508931,
                      "Plan Width": 4,
                      "Actual Startup Time": 3.511,
                      "Actual Total Time": 219.353,
                      "Actual Rows": 380,
                      "Actual Loops": 7,
                      "Index Cond": "(role_id = 2)",
                      "Rows Removed by Index Recheck": 0,
                      "Filter": "(person_id < 1465840)",
                      "Rows Removed by Filter": 1064188
                    },
                    {
                      "Node Type": "Hash",
                      "Parent Relationship": "Inner",
                      "Parallel Aware": true,
                      "Startup Cost": 45479.59,
                      "Total Cost": 45479.59,
                      "Plan Rows": 97626,
                      "Plan Width": 4,
                      "Actual Startup Time": 89.865,
                      "Actual Total Time": 89.867,
                      "Actual Rows": 41385,
                      "Actual Loops": 7,
                      "Hash Buckets": 524288,
                      "Original Hash Buckets": 524288,
                      "Hash Batches": 1,
                      "Original Hash Batches": 1,
                      "Peak Memory Usage": 15584,
                      "Plans": [
                        {
                          "Node Type": "Seq Scan",
                          "Parent Relationship": "Outer",
                          "Parallel Aware": true,
                          "Relation Name": "title",
                          "Alias": "t",
                          "Startup Cost": 0.0,
                          "Total Cost": 45479.59,
                          "Plan Rows": 97626,
                          "Plan Width": 4,
                          "Actual Startup Time": 35.108,
                          "Actual Total Time": 71.474,
                          "Actual Rows": 41385,
                          "Actual Loops": 7,
                          "Filter": "((production_year > 1998) AND (kind_id = 1))",
                          "Rows Removed by Filter": 319803
                        }
                      ]
                    }
                  ]
                }
              ]
            }
          ]
        }
      ]
    },
    "Planning Time": 0.45,
    "Triggers": [],
    "Execution Time": 350.312
  }
]