[
  {
    "Plan": {
      "Node Type": "Aggregate",
      "Strategy": "Plain",
      "Partial Mode": "Finalize",
      "Parallel Aware": false,
      "Startup Cost": 247099.29,
      "Total Cost": 247099.3,
      "Plan Rows": 1,
      "Plan Width": 8,
      "Actual Startup Time": 295.05,
      "Actual Total Time": 315.856,
      "Actual Rows": 1,
      "Actual Loops": 1,
      "Plans": [
        {
          "Node Type": "Gather",
          "Parent Relationship": "Outer",
          "Parallel Aware": false,
          "Startup Cost": 247098.66,
          "Total Cost": 247099.27,
          "Plan Rows": 6,
          "Plan Width": 8,
          "Actual Startup Time": 293.007,
          "Actual Total Time": 315.845,
          "Actual Rows": 7,
          "Actual Loops": 1,
          "Workers Planned": 6,
          "Workers Launched": 6,
          "Single Copy": false,
          "Plans": [
            {
              "Node Type": "Aggregate",
              "Strategy": "Plain",
              "Partial Mode": "Partial",
              "Parent Relationship": "Outer",
              "Parallel Aware": false,
              "Startup Cost": 246098.66,
              "Total Cost": 246098.67,
              "Plan Rows": 1,
              "Plan Width": 8,
              "Actual Startup Time": 282.026,
              "Actual Total Time": 282.03,
              "Actual Rows": 1,
              "Actual Loops": 7,
              "Plans": [
                {
                  "Node Type": "Hash Join",
                  "Parent Relationship": "Outer",
                  "Parallel Aware": true,
                  "Join Type": "Inner",
                  "Startup Cost": 46703.89,
                  "Total Cost": 245903.51,
                  "Plan Rows": 78062,
                  "Plan Width": 0,
                  "Actual Startup Time": 104.161,
                  "Actual Total Time": 282.01,
                  "Actual Rows": 60,
                  "Actual Loops": 7,
                  "Inner Unique": true,
                  "Hash Cond": "(ci.movie_id = t.id)",
                  "Plans": [
                    {
                      "Node Type": "Index Scan",
                      "Parent Relationship": "Outer",
                      "Parallel Aware": true,
                      "Scan Direction": "Forward",
                      "Index Name": "role_id_cast_info",
                      "Relation Name": "cast_info",
                      "Alias": "ci",
                      "Startup Cost": 0.56,
                      "Total Cost": 197877.72,
                      "Plan Rows": 503794,
                      "Plan Width": 4,
                      "Actual Startup Time": 2.868,
                      "Actual Total Time": 183.174,
                      "Actual Rows": 380,
                      "Actual Loops": 7,
                      "Index Cond": "(role_id = 2)",
                      "Rows Removed by Index Recheck": 0,
                      "Filter": "(person_id < 1465840)",
                      "Rows Removed by Filter": 1064188
                    },
                    {
                      "Node Type": "Hash",
                      "Parent Relationship": "Inner",
                      "Parallel Aware": true,
                      "Startup Cost": 45479.1,
                      "Total Cost": 45479.1,
                      "Plan Rows": 97938,
                      "Plan Width": 4,
                      "Actual Startup Time": 95.735,
                      "Actual Total Time": 95.736,
                      "Actual Rows": 41385,
                      "Actual Loops": 7,
                      "Hash Buckets": 524288,
                      "Original Hash Buckets": 524288,
                      "Hash Batches": 1,
                      "Original Hash Batches": 1,
                      "Peak Memory Usage": 15552,
                      "Plans": [
                        {
                          "Node Type": "Seq Scan",
                          "Parent Relationship": "Outer",
                          "Parallel Aware": true,
                          "Relation Name": "title",
                          "Alias": "t",
                          "Startup Cost": 0.0,
                          "Total Cost": 45479.1,
                          "Plan Rows": 97938,
                          "Plan Width": 4,
                          "Actual Startup Time": 43.969,
                          "Actual Total Time": 78.97,
                          "Actual Rows": 41385,
                          "Actual Loops": 7,
                          "Filter": "((production_year > 1998) AND (kind_id = 1))",
                          "Rows Removed by Filter": 319803
                        }
                      ]
                    }
                  ]
                }
              ]
            }
          ]
        }
      ]
    },
    "Planning Time": 0.716,
    "Triggers": [],
    "Execution Time": 315.941
  }
]