[
  {
    "Plan": {
      "Node Type": "Aggregate",
      "Strategy": "Plain",
      "Partial Mode": "Finalize",
      "Parallel Aware": false,
      "Startup Cost": 46175.02,
      "Total Cost": 46175.03,
      "Plan Rows": 1,
      "Plan Width": 8,
      "Actual Startup Time": 164.182,
      "Actual Total Time": 174.915,
      "Actual Rows": 1,
      "Actual Loops": 1,
      "Plans": [
        {
          "Node Type": "Gather",
          "Parent Relationship": "Outer",
          "Parallel Aware": false,
          "Startup Cost": 46174.7,
          "Total Cost": 46175.01,
          "Plan Rows": 3,
          "Plan Width": 8,
          "Actual Startup Time": 164.069,
          "Actual Total Time": 174.907,
          "Actual Rows": 4,
          "Actual Loops": 1,
          "Workers Planned": 3,
          "Workers Launched": 3,
          "Single Copy": false,
          "Plans": [
            {
              "Node Type": "Aggregate",
              "Strategy": "Plain",
              "Partial Mode": "Partial",
              "Parent Relationship": "Outer",
              "Parallel Aware": false,
              "Startup Cost": 45174.7,
              "Total Cost": 45174.71,
              "Plan Rows": 1,
              "Plan Width": 8,
              "Actual Startup Time": 157.877,
              "Actual Total Time": 157.878,
              "Actual Rows": 1,
              "Actual Loops": 4,
              "Plans": [
                {
                  "Node Type": "Seq Scan",
                  "Parent Relationship": "Outer",
                  "Parallel Aware": true,
                  "Relation Name": "movie_keyword",
                  "Alias": "mk",
                  "Startup Cost": 0.0,
                  "Total Cost": 42695.65,
                  "Plan Rows": 991620,
                  "Plan Width": 0,
                  "Actual Startup Time": 0.048,
                  "Actual Total Time": 122.959,
                  "Actual Rows": 766784,
                  "Actual Loops": 4,
                  "Filter": "(keyword_id < 11429)",
                  "Rows Removed by Filter": 364198
                }
              ]
            }
          ]
        }
      ]
    },
    "Planning Time": 0.114,
    "Triggers": [],
    "Execution Time": 174.952
  }
]