[
    {
        "Bao": {
            "Bao prediction": "NaN",
            "Bao recommended hint": "(no hint)"
        }
    },
    {
        "Plan": {
            "Node Type": "Aggregate",
            "Strategy": "Plain",
            "Partial Mode": "Finalize",
            "Parallel Aware": false,
            "Startup Cost": 69776.74,
            "Total Cost": 69776.75,
            "Plan Rows": 1,
            "Plan Width": 8,
            "Actual Startup Time": 97.557,
            "Actual Total Time": 108.129,
            "Actual Rows": 1,
            "Actual Loops": 1,
            "Output": [
                "count(*)"
            ],
            "Plans": [
                {
                    "Node Type": "Gather",
                    "Parent Relationship": "Outer",
                    "Parallel Aware": false,
                    "Startup Cost": 69776.42,
                    "Total Cost": 69776.73,
                    "Plan Rows": 3,
                    "Plan Width": 8,
                    "Actual Startup Time": 97.336,
                    "Actual Total Time": 108.121,
                    "Actual Rows": 4,
                    "Actual Loops": 1,
                    "Output": [
                        "(PARTIAL count(*))"
                    ],
                    "Workers Planned": 3,
                    "Workers Launched": 3,
                    "Single Copy": false,
                    "Plans": [
                        {
                            "Node Type": "Aggregate",
                            "Strategy": "Plain",
                            "Partial Mode": "Partial",
                            "Parent Relationship": "Outer",
                            "Parallel Aware": false,
                            "Startup Cost": 68776.42,
                            "Total Cost": 68776.43,
                            "Plan Rows": 1,
                            "Plan Width": 8,
                            "Actual Startup Time": 87.898,
                            "Actual Total Time": 87.9,
                            "Actual Rows": 1,
                            "Actual Loops": 4,
                            "Output": [
                                "PARTIAL count(*)"
                            ],
                            "Workers": [
                                {
                                    "Worker Number": 0,
                                    "Actual Startup Time": 84.485,
                                    "Actual Total Time": 84.487,
                                    "Actual Rows": 1,
                                    "Actual Loops": 1
                                },
                                {
                                    "Worker Number": 1,
                                    "Actual Startup Time": 85.037,
                                    "Actual Total Time": 85.039,
                                    "Actual Rows": 1,
                                    "Actual Loops": 1
                                },
                                {
                                    "Worker Number": 2,
                                    "Actual Startup Time": 85.23,
                                    "Actual Total Time": 85.232,
                                    "Actual Rows": 1,
                                    "Actual Loops": 1
                                }
                            ],
                            "Plans": [
                                {
                                    "Node Type": "Nested Loop",
                                    "Parent Relationship": "Outer",
                                    "Parallel Aware": false,
                                    "Join Type": "Inner",
                                    "Startup Cost": 1331.32,
                                    "Total Cost": 68775.85,
                                    "Plan Rows": 230,
                                    "Plan Width": 0,
                                    "Actual Startup Time": 10.306,
                                    "Actual Total Time": 87.849,
                                    "Actual Rows": 282,
                                    "Actual Loops": 4,
                                    "Inner Unique": false,
                                    "Workers": [
                                        {
                                            "Worker Number": 0,
                                            "Actual Startup Time": 12.343,
                                            "Actual Total Time": 84.439,
                                            "Actual Rows": 189,
                                            "Actual Loops": 1
                                        },
                                        {
                                            "Worker Number": 1,
                                            "Actual Startup Time": 9.724,
                                            "Actual Total Time": 85.0,
                                            "Actual Rows": 130,
                                            "Actual Loops": 1
                                        },
                                        {
                                            "Worker Number": 2,
                                            "Actual Startup Time": 11.872,
                                            "Actual Total Time": 85.187,
                                            "Actual Rows": 170,
                                            "Actual Loops": 1
                                        }
                                    ],
                                    "Plans": [
                                        {
                                            "Node Type": "Nested Loop",
                                            "Parent Relationship": "Outer",
                                            "Parallel Aware": false,
                                            "Join Type": "Inner",
                                            "Startup Cost": 1330.88,
                                            "Total Cost": 63915.85,
                                            "Plan Rows": 1245,
                                            "Plan Width": 8,
                                            "Actual Startup Time": 9.749,
                                            "Actual Total Time": 79.922,
                                            "Actual Rows": 478,
                                            "Actual Loops": 4,
                                            "Output": [
                                                "t.id",
                                                "mc.movie_id"
                                            ],
                                            "Inner Unique": true,
                                            "Workers": [
                                                {
                                                    "Worker Number": 0,
                                                    "Actual Startup Time": 11.673,
                                                    "Actual Total Time": 77.179,
                                                    "Actual Rows": 208,
                                                    "Actual Loops": 1
                                                },
                                                {
                                                    "Worker Number": 1,
                                                    "Actual Startup Time": 8.724,
                                                    "Actual Total Time": 77.332,
                                                    "Actual Rows": 249,
                                                    "Actual Loops": 1
                                                },
                                                {
                                                    "Worker Number": 2,
                                                    "Actual Startup Time": 11.367,
                                                    "Actual Total Time": 77.536,
                                                    "Actual Rows": 268,
                                                    "Actual Loops": 1
                                                }
                                            ],
                                            "Plans": [
                                                {
                                                    "Node Type": "Bitmap Heap Scan",
                                                    "Parent Relationship": "Outer",
                                                    "Parallel Aware": true,
                                                    "Relation Name": "movie_companies",
                                                    "Schema": "public",
                                                    "Alias": "mc",
                                                    "Startup Cost": 1330.45,
                                                    "Total Cost": 20418.82,
                                                    "Plan Rows": 9750,
                                                    "Plan Width": 4,
                                                    "Actual Startup Time": 1.892,
                                                    "Actual Total Time": 10.588,
                                                    "Actual Rows": 13874,
                                                    "Actual Loops": 4,
                                                    "Output": [
                                                        "mc.id",
                                                        "mc.movie_id",
                                                        "mc.company_id",
                                                        "mc.company_type_id",
                                                        "mc.note"
                                                    ],
                                                    "Recheck Cond": "(mc.company_id = 6)",
                                                    "Rows Removed by Index Recheck": 0,
                                                    "Filter": "(mc.company_type_id = 1)",
                                                    "Rows Removed by Filter": 1644,
                                                    "Exact Heap Blocks": 3020,
                                                    "Lossy Heap Blocks": 0,
                                                    "Workers": [
                                                        {
                                                            "Worker Number": 0,
                                                            "Actual Startup Time": 0.139,
                                                            "Actual Total Time": 8.564,
                                                            "Actual Rows": 9048,
                                                            "Actual Loops": 1
                                                        },
                                                        {
                                                            "Worker Number": 1,
                                                            "Actual Startup Time": 0.118,
                                                            "Actual Total Time": 8.267,
                                                            "Actual Rows": 8850,
                                                            "Actual Loops": 1
                                                        },
                                                        {
                                                            "Worker Number": 2,
                                                            "Actual Startup Time": 0.127,
                                                            "Actual Total Time": 8.321,
                                                            "Actual Rows": 8597,
                                                            "Actual Loops": 1
                                                        }
                                                    ],
                                                    "Plans": [
                                                        {
                                                            "Node Type": "Bitmap Index Scan",
                                                            "Parent Relationship": "Outer",
                                                            "Parallel Aware": false,
                                                            "Index Name": "company_id_movie_companies",
                                                            "Startup Cost": 0.0,
                                                            "Total Cost": 1322.89,
                                                            "Plan Rows": 61662,
                                                            "Plan Width": 0,
                                                            "Actual Startup Time": 5.643,
                                                            "Actual Total Time": 5.643,
                                                            "Actual Rows": 62075,
                                                            "Actual Loops": 1,
                                                            "Index Cond": "(mc.company_id = 6)"
                                                        }
                                                    ]
                                                },
                                                {
                                                    "Node Type": "Index Scan",
                                                    "Parent Relationship": "Inner",
                                                    "Parallel Aware": false,
                                                    "Scan Direction": "Forward",
                                                    "Index Name": "title_pkey",
                                                    "Relation Name": "title",
                                                    "Schema": "public",
                                                    "Alias": "t",
                                                    "Startup Cost": 0.43,
                                                    "Total Cost": 4.46,
                                                    "Plan Rows": 1,
                                                    "Plan Width": 4,
                                                    "Actual Startup Time": 0.005,
                                                    "Actual Total Time": 0.005,
                                                    "Actual Rows": 0,
                                                    "Actual Loops": 55497,
                                                    "Output": [
                                                        "t.id",
                                                        "t.title",
                                                        "t.imdb_index",
                                                        "t.kind_id",
                                                        "t.production_year",
                                                        "t.imdb_id",
                                                        "t.phonetic_code",
                                                        "t.episode_of_id",
                                                        "t.season_nr",
                                                        "t.episode_nr",
                                                        "t.series_years",
                                                        "t.md5sum"
                                                    ],
                                                    "Index Cond": "(t.id = mc.movie_id)",
                                                    "Rows Removed by Index Recheck": 0,
                                                    "Filter": "((t.production_year > 2009) AND (t.kind_id = 7))",
                                                    "Rows Removed by Filter": 1,
                                                    "Workers": [
                                                        {
                                                            "Worker Number": 0,
                                                            "Actual Startup Time": 0.007,
                                                            "Actual Total Time": 0.007,
                                                            "Actual Rows": 0,
                                                            "Actual Loops": 9048
                                                        },
                                                        {
                                                            "Worker Number": 1,
                                                            "Actual Startup Time": 0.007,
                                                            "Actual Total Time": 0.007,
                                                            "Actual Rows": 0,
                                                            "Actual Loops": 8850
                                                        },
                                                        {
                                                            "Worker Number": 2,
                                                            "Actual Startup Time": 0.008,
                                                            "Actual Total Time": 0.008,
                                                            "Actual Rows": 0,
                                                            "Actual Loops": 8597
                                                        }
                                                    ]
                                                }
                                            ]
                                        },
                                        {
                                            "Node Type": "Index Scan",
                                            "Parent Relationship": "Inner",
                                            "Parallel Aware": false,
                                            "Scan Direction": "Forward",
                                            "Index Name": "movie_id_movie_info",
                                            "Relation Name": "movie_info",
                                            "Schema": "public",
                                            "Alias": "mi",
                                            "Startup Cost": 0.43,
                                            "Total Cost": 3.89,
                                            "Plan Rows": 1,
                                            "Plan Width": 4,
                                            "Actual Startup Time": 0.015,
                                            "Actual Total Time": 0.016,
                                            "Actual Rows": 1,
                                            "Actual Loops": 1910,
                                            "Output": [
                                                "mi.id",
                                                "mi.movie_id",
                                                "mi.info_type_id",
                                                "mi.info",
                                                "mi.note"
                                            ],
                                            "Index Cond": "(mi.movie_id = t.id)",
                                            "Rows Removed by Index Recheck": 0,
                                            "Filter": "(mi.info_type_id = 5)",
                                            "Rows Removed by Filter": 14,
                                            "Workers": [
                                                {
                                                    "Worker Number": 0,
                                                    "Actual Startup Time": 0.031,
                                                    "Actual Total Time": 0.034,
                                                    "Actual Rows": 1,
                                                    "Actual Loops": 208
                                                },
                                                {
                                                    "Worker Number": 1,
                                                    "Actual Startup Time": 0.028,
                                                    "Actual Total Time": 0.03,
                                                    "Actual Rows": 1,
                                                    "Actual Loops": 249
                                                },
                                                {
                                                    "Worker Number": 2,
                                                    "Actual Startup Time": 0.026,
                                                    "Actual Total Time": 0.028,
                                                    "Actual Rows": 1,
                                                    "Actual Loops": 268
                                                }
                                            ]
                                        }
                                    ]
                                }
                            ]
                        }
                    ]
                }
            ]
        },
        "Planning Time": 209.344,
        "Triggers": [],
        "Execution Time": 108.223
    }
]