[
  {
    "Plan": {
      "Node Type": "Aggregate",
      "Strategy": "Plain",
      "Partial Mode": "Finalize",
      "Parallel Aware": false,
      "Startup Cost": 64858.61,
      "Total Cost": 64858.62,
      "Plan Rows": 1,
      "Plan Width": 8,
      "Actual Startup Time": 266.815,
      "Actual Total Time": 283.409,
      "Actual Rows": 1,
      "Actual Loops": 1,
      "Plans": [
        {
          "Node Type": "Gather",
          "Parent Relationship": "Outer",
          "Parallel Aware": false,
          "Startup Cost": 64858.19,
          "Total Cost": 64858.6,
          "Plan Rows": 4,
          "Plan Width": 8,
          "Actual Startup Time": 263.9,
          "Actual Total Time": 283.398,
          "Actual Rows": 5,
          "Actual Loops": 1,
          "Workers Planned": 4,
          "Workers Launched": 4,
          "Single Copy": false,
          "Plans": [
            {
              "Node Type": "Aggregate",
              "Strategy": "Plain",
              "Partial Mode": "Partial",
              "Parent Relationship": "Outer",
              "Parallel Aware": false,
              "Startup Cost": 63858.19,
              "Total Cost": 63858.2,
              "Plan Rows": 1,
              "Plan Width": 8,
              "Actual Startup Time": 257.611,
              "Actual Total Time": 257.615,
              "Actual Rows": 1,
              "Actual Loops": 5,
              "Plans": [
                {
                  "Node Type": "Hash Join",
                  "Parent Relationship": "Outer",
                  "Parallel Aware": true,
                  "Join Type": "Inner",
                  "Startup Cost": 17540.14,
                  "Total Cost": 63635.01,
                  "Plan Rows": 89270,
                  "Plan Width": 0,
                  "Actual Startup Time": 73.742,
                  "Actual Total Time": 254.196,
                  "Actual Rows": 70094,
                  "Actual Loops": 5,
                  "Inner Unique": false,
                  "Hash Cond": "(t.id = mi_idx.movie_id)",
                  "Plans": [
                    {
                      "Node Type": "Seq Scan",
                      "Parent Relationship": "Outer",
                      "Parallel Aware": true,
                      "Relation Name": "title",
                      "Alias": "t",
                      "Startup Cost": 0.0,
                      "Total Cost": 43899.32,
                      "Plan Rows": 486290,
                      "Plan Width": 4,
                      "Actual Startup Time": 0.018,
                      "Actual Total Time": 86.114,
                      "Actual Rows": 386497,
                      "Actual Loops": 5,
                      "Filter": "(production_year > 1980)",
                      "Rows Removed by Filter": 119166
                    },
                    {
                      "Node Type": "Hash",
                      "Parent Relationship": "Inner",
                      "Parallel Aware": true,
                      "Startup Cost": 15122.68,
                      "Total Cost": 15122.68,
                      "Plan Rows": 193397,
                      "Plan Width": 4,
                      "Actual Startup Time": 71.384,
                      "Actual Total Time": 71.385,
                      "Actual Rows": 92037,
                      "Actual Loops": 5,
                      "Hash Buckets": 524288,
                      "Original Hash Buckets": 524288,
                      "Hash Batches": 1,
                      "Original Hash Batches": 1,
                      "Peak Memory Usage": 22144,
                      "Plans": [
                        {
                          "Node Type": "Seq Scan",
                          "Parent Relationship": "Outer",
                          "Parallel Aware": true,
                          "Relation Name": "movie_info_idx",
                          "Alias": "mi_idx",
                          "Startup Cost": 0.0,
                          "Total Cost": 15122.68,
                          "Plan Rows": 193397,
                          "Plan Width": 4,
                          "Actual Startup Time": 0.04,
                          "Actual Total Time": 37.615,
                          "Actual Rows": 92037,
                          "Actual Loops": 5,
                          "Filter": "(info_type_id > 100)",
                          "Rows Removed by Filter": 183970
                        }
                      ]
                    }
                  ]
                }
              ]
            }
          ]
        }
      ]
    },
    "Planning Time": 0.329,
    "Triggers": [],
    "Execution Time": 283.468
  }
]