{
  "Plan": {
    "Node Type": "Aggregate",
    "Strategy": "Plain",
    "Partial Mode": "Finalize",
    "Parallel Aware": false,
    "Startup Cost": 87109.9,
    "Total Cost": 87109.91,
    "Plan Rows": 1,
    "Plan Width": 8,
    "Actual Startup Time": 283.402,
    "Actual Total Time": 302.29,
    "Actual Rows": 1,
    "Actual Loops": 1,
    "Plans": [
      {
        "Node Type": "Gather",
        "Parent Relationship": "Outer",
        "Parallel Aware": false,
        "Startup Cost": 87109.78,
        "Total Cost": 87109.89,
        "Plan Rows": 1,
        "Plan Width": 8,
        "Actual Startup Time": 282.696,
        "Actual Total Time": 302.281,
        "Actual Rows": 2,
        "Actual Loops": 1,
        "Workers Planned": 1,
        "Workers Launched": 1,
        "Single Copy": false,
        "Plans": [
          {
            "Node Type": "Aggregate",
            "Strategy": "Plain",
            "Partial Mode": "Partial",
            "Parent Relationship": "Outer",
            "Parallel Aware": false,
            "Startup Cost": 86109.78,
            "Total Cost": 86109.79,
            "Plan Rows": 1,
            "Plan Width": 8,
            "Actual Startup Time": 276.419,
            "Actual Total Time": 276.423,
            "Actual Rows": 1,
            "Actual Loops": 2,
            "Plans": [
              {
                "Node Type": "Hash Join",
                "Parent Relationship": "Outer",
                "Parallel Aware": true,
                "Join Type": "Inner",
                "Startup Cost": 63746.83,
                "Total Cost": 86092.19,
                "Plan Rows": 7036,
                "Plan Width": 0,
                "Actual Startup Time": 249.614,
                "Actual Total Time": 276.241,
                "Actual Rows": 2701,
                "Actual Loops": 2,
                "Inner Unique": true,
                "Hash Cond": "(mc.movie_id = t.id)",
                "Plans": [
                  {
                    "Node Type": "Bitmap Heap Scan",
                    "Parent Relationship": "Outer",
                    "Parallel Aware": true,
                    "Relation Name": "movie_companies",
                    "Alias": "mc",
                    "Startup Cost": 7974.85,
                    "Total Cost": 30030.09,
                    "Plan Rows": 110525,
                    "Plan Width": 4,
                    "Actual Startup Time": 66.275,
                    "Actual Total Time": 82.901,
                    "Actual Rows": 41958,
                    "Actual Loops": 2,
                    "Recheck Cond": "(company_id < 191)",
                    "Rows Removed by Index Recheck": 0,
                    "Filter": "(company_type_id = 2)",
                    "Rows Removed by Filter": 140741,
                    "Exact Heap Blocks": 12157,
                    "Lossy Heap Blocks": 0,
                    "Plans": [
                      {
                        "Node Type": "Bitmap Index Scan",
                        "Parent Relationship": "Outer",
                        "Parallel Aware": false,
                        "Index Name": "company_id_movie_companies",
                        "Startup Cost": 0.0,
                        "Total Cost": 7927.88,
                        "Plan Rows": 370060,
                        "Plan Width": 0,
                        "Actual Startup Time": 25.211,
                        "Actual Total Time": 25.212,
                        "Actual Rows": 365397,
                        "Actual Loops": 1,
                        "Index Cond": "(company_id < 191)"
                      }
                    ]
                  },
                  {
                    "Node Type": "Hash",
                    "Parent Relationship": "Inner",
                    "Parallel Aware": true,
                    "Startup Cost": 54588.39,
                    "Total Cost": 54588.39,
                    "Plan Rows": 94687,
                    "Plan Width": 4,
                    "Actual Startup Time": 179.815,
                    "Actual Total Time": 179.816,
                    "Actual Rows": 82154,
                    "Actual Loops": 2,
                    "Hash Buckets": 262144,
                    "Original Hash Buckets": 262144,
                    "Hash Batches": 1,
                    "Original Hash Batches": 1,
                    "Peak Memory Usage": 8480,
                    "Plans": [
                      {
                        "Node Type": "Seq Scan",
                        "Parent Relationship": "Outer",
                        "Parallel Aware": true,
                        "Relation Name": "title",
                        "Alias": "t",
                        "Startup Cost": 0.0,
                        "Total Cost": 54588.39,
                        "Plan Rows": 94687,
                        "Plan Width": 4,
                        "Actual Startup Time": 0.038,
                        "Actual Total Time": 154.887,
                        "Actual Rows": 82154,
                        "Actual Loops": 2,
                        "Filter": "(production_year = 2012)",
                        "Rows Removed by Filter": 1182002
                      }
                    ]
                  }
                ]
              }
            ]
          }
        ]
      }
    ]
  },
  "Planning Time": 0.49,
  "Triggers": [],
  "Execution Time": 302.388
}