[
  {
    "Plan": {
      "Node Type": "Aggregate",
      "Strategy": "Plain",
      "Partial Mode": "Finalize",
      "Parallel Aware": false,
      "Startup Cost": 82395.68,
      "Total Cost": 82395.69,
      "Plan Rows": 1,
      "Plan Width": 8,
      "Actual Startup Time": 194.666,
      "Actual Total Time": 217.068,
      "Actual Rows": 1,
      "Actual Loops": 1,
      "Plans": [
        {
          "Node Type": "Gather",
          "Parent Relationship": "Outer",
          "Parallel Aware": false,
          "Startup Cost": 82395.36,
          "Total Cost": 82395.67,
          "Plan Rows": 3,
          "Plan Width": 8,
          "Actual Startup Time": 194.305,
          "Actual Total Time": 217.06,
          "Actual Rows": 4,
          "Actual Loops": 1,
          "Workers Planned": 3,
          "Workers Launched": 3,
          "Single Copy": false,
          "Plans": [
            {
              "Node Type": "Aggregate",
              "Strategy": "Plain",
              "Partial Mode": "Partial",
              "Parent Relationship": "Outer",
              "Parallel Aware": false,
              "Startup Cost": 81395.36,
              "Total Cost": 81395.37,
              "Plan Rows": 1,
              "Plan Width": 8,
              "Actual Startup Time": 184.991,
              "Actual Total Time": 184.995,
              "Actual Rows": 1,
              "Actual Loops": 4,
              "Plans": [
                {
                  "Node Type": "Nested Loop",
                  "Parent Relationship": "Outer",
                  "Parallel Aware": false,
                  "Join Type": "Inner",
                  "Startup Cost": 49870.92,
                  "Total Cost": 81394.0,
                  "Plan Rows": 547,
                  "Plan Width": 0,
                  "Actual Startup Time": 127.008,
                  "Actual Total Time": 184.899,
                  "Actual Rows": 779,
                  "Actual Loops": 4,
                  "Inner Unique": false,
                  "Join Filter": "(t.id = mi.movie_id)",
                  "Rows Removed by Join Filter": 0,
                  "Plans": [
                    {
                      "Node Type": "Hash Join",
                      "Parent Relationship": "Outer",
                      "Parallel Aware": true,
                      "Join Type": "Inner",
                      "Startup Cost": 49870.49,
                      "Total Cost": 75303.3,
                      "Plan Rows": 1083,
                      "Plan Width": 8,
                      "Actual Startup Time": 126.927,
                      "Actual Total Time": 157.872,
                      "Actual Rows": 578,
                      "Actual Loops": 4,
                      "Inner Unique": true,
                      "Hash Cond": "(mk.movie_id = t.id)",
                      "Plans": [
                        {
                          "Node Type": "Bitmap Heap Scan",
                          "Parent Relationship": "Outer",
                          "Parallel Aware": true,
                          "Relation Name": "movie_keyword",
                          "Alias": "mk",
                          "Startup Cost": 4259.21,
                          "Total Cost": 29522.15,
                          "Plan Rows": 64715,
                          "Plan Width": 4,
                          "Actual Startup Time": 16.127,
                          "Actual Total Time": 51.17,
                          "Actual Rows": 53004,
                          "Actual Loops": 4,
                          "Recheck Cond": "(keyword_id < 141)",
                          "Rows Removed by Index Recheck": 0,
                          "Exact Heap Blocks": 10653,
                          "Lossy Heap Blocks": 0,
                          "Plans": [
                            {
                              "Node Type": "Bitmap Index Scan",
                              "Parent Relationship": "Outer",
                              "Parallel Aware": false,
                              "Index Name": "keyword_id_movie_keyword",
                              "Startup Cost": 0.0,
                              "Total Cost": 4209.06,
                              "Plan Rows": 200617,
                              "Plan Width": 0,
                              "Actual Startup Time": 12.535,
                              "Actual Total Time": 12.536,
                              "Actual Rows": 212018,
                              "Actual Loops": 1,
                              "Index Cond": "(keyword_id < 141)"
                            }
                          ]
                        },
                        {
                          "Node Type": "Hash",
                          "Parent Relationship": "Inner",
                          "Parallel Aware": true,
                          "Startup Cost": 45479.1,
                          "Total Cost": 45479.1,
                          "Plan Rows": 10574,
                          "Plan Width": 4,
                          "Actual Startup Time": 96.893,
                          "Actual Total Time": 96.894,
                          "Actual Rows": 9353,
                          "Actual Loops": 4,
                          "Hash Buckets": 65536,
                          "Original Hash Buckets": 65536,
                          "Hash Batches": 1,
                          "Original Hash Batches": 1,
                          "Peak Memory Usage": 2016,
                          "Plans": [
                            {
                              "Node Type": "Seq Scan",
                              "Parent Relationship": "Outer",
                              "Parallel Aware": true,
                              "Relation Name": "title",
                              "Alias": "t",
                              "Startup Cost": 0.0,
                              "Total Cost": 45479.1,
                              "Plan Rows": 10574,
                              "Plan Width": 4,
                              "Actual Startup Time": 60.054,
                              "Actual Total Time": 93.554,
                              "Actual Rows": 9353,
                              "Actual Loops": 4,
                              "Filter": "((kind_id = 1) AND (production_year = 2011))",
                              "Rows Removed by Filter": 622725
                            }
                          ]
                        }
                      ]
                    },
                    {
                      "Node Type": "Index Scan",
                      "Parent Relationship": "Inner",
                      "Parallel Aware": false,
                      "Scan Direction": "Forward",
                      "Index Name": "movie_id_movie_info",
                      "Relation Name": "movie_info",
                      "Alias": "mi",
                      "Startup Cost": 0.43,
                      "Total Cost": 5.57,
                      "Plan Rows": 4,
                      "Plan Width": 4,
                      "Actual Startup Time": 0.012,
                      "Actual Total Time": 0.046,
                      "Actual Rows": 1,
                      "Actual Loops": 2314,
                      "Index Cond": "(movie_id = mk.movie_id)",
                      "Rows Removed by Index Recheck": 0,
                      "Filter": "(info_type_id = 4)",
                      "Rows Removed by Filter": 60
                    }
                  ]
                }
              ]
            }
          ]
        }
      ]
    },
    "Planning Time": 1.327,
    "Triggers": [],
    "Execution Time": 217.173
  }
]