{
  "Plan": {
    "Node Type": "Aggregate",
    "Strategy": "Plain",
    "Partial Mode": "Finalize",
    "Parallel Aware": false,
    "Startup Cost": 90748.05,
    "Total Cost": 90748.06,
    "Plan Rows": 1,
    "Plan Width": 8,
    "Actual Startup Time": 400.021,
    "Actual Total Time": 415.011,
    "Actual Rows": 1,
    "Actual Loops": 1,
    "Plans": [
      {
        "Node Type": "Gather",
        "Parent Relationship": "Outer",
        "Parallel Aware": false,
        "Startup Cost": 90747.94,
        "Total Cost": 90748.05,
        "Plan Rows": 1,
        "Plan Width": 8,
        "Actual Startup Time": 399.571,
        "Actual Total Time": 415.001,
        "Actual Rows": 2,
        "Actual Loops": 1,
        "Workers Planned": 1,
        "Workers Launched": 1,
        "Single Copy": false,
        "Plans": [
          {
            "Node Type": "Aggregate",
            "Strategy": "Plain",
            "Partial Mode": "Partial",
            "Parent Relationship": "Outer",
            "Parallel Aware": false,
            "Startup Cost": 89747.94,
            "Total Cost": 89747.95,
            "Plan Rows": 1,
            "Plan Width": 8,
            "Actual Startup Time": 393.064,
            "Actual Total Time": 393.069,
            "Actual Rows": 1,
            "Actual Loops": 2,
            "Plans": [
              {
                "Node Type": "Hash Join",
                "Parent Relationship": "Outer",
                "Parallel Aware": true,
                "Join Type": "Inner",
                "Startup Cost": 28844.41,
                "Total Cost": 89527.83,
                "Plan Rows": 88044,
                "Plan Width": 0,
                "Actual Startup Time": 95.443,
                "Actual Total Time": 390.853,
                "Actual Rows": 34246,
                "Actual Loops": 2,
                "Inner Unique": false,
                "Hash Cond": "(t.id = mc.movie_id)",
                "Plans": [
                  {
                    "Node Type": "Seq Scan",
                    "Parent Relationship": "Outer",
                    "Parallel Aware": true,
                    "Relation Name": "title",
                    "Alias": "t",
                    "Startup Cost": 0.0,
                    "Total Cost": 50870.31,
                    "Plan Rows": 1487231,
                    "Plan Width": 4,
                    "Actual Startup Time": 0.012,
                    "Actual Total Time": 140.764,
                    "Actual Rows": 1264156,
                    "Actual Loops": 2
                  },
                  {
                    "Node Type": "Hash",
                    "Parent Relationship": "Inner",
                    "Parallel Aware": true,
                    "Startup Cost": 27743.86,
                    "Total Cost": 27743.86,
                    "Plan Rows": 88044,
                    "Plan Width": 4,
                    "Actual Startup Time": 92.462,
                    "Actual Total Time": 92.464,
                    "Actual Rows": 34246,
                    "Actual Loops": 2,
                    "Hash Buckets": 262144,
                    "Original Hash Buckets": 262144,
                    "Hash Batches": 1,
                    "Original Hash Batches": 1,
                    "Peak Memory Usage": 4768,
                    "Plans": [
                      {
                        "Node Type": "Bitmap Heap Scan",
                        "Parent Relationship": "Outer",
                        "Parallel Aware": true,
                        "Relation Name": "movie_companies",
                        "Alias": "mc",
                        "Startup Cost": 6352.77,
                        "Total Cost": 27743.86,
                        "Plan Rows": 88044,
                        "Plan Width": 4,
                        "Actual Startup Time": 64.674,
                        "Actual Total Time": 82.95,
                        "Actual Rows": 34246,
                        "Actual Loops": 2,
                        "Recheck Cond": "(company_id < 160)",
                        "Rows Removed by Index Recheck": 0,
                        "Filter": "(company_type_id > 1)",
                        "Rows Removed by Filter": 112192,
                        "Exact Heap Blocks": 13799,
                        "Lossy Heap Blocks": 0,
                        "Plans": [
                          {
                            "Node Type": "Bitmap Index Scan",
                            "Parent Relationship": "Outer",
                            "Parallel Aware": false,
                            "Index Name": "company_id_movie_companies",
                            "Startup Cost": 0.0,
                            "Total Cost": 6315.35,
                            "Plan Rows": 294790,
                            "Plan Width": 0,
                            "Actual Startup Time": 27.107,
                            "Actual Total Time": 27.107,
                            "Actual Rows": 292877,
                            "Actual Loops": 1,
                            "Index Cond": "(company_id < 160)"
                          }
                        ]
                      }
                    ]
                  }
                ]
              }
            ]
          }
        ]
      }
    ]
  },
  "Planning Time": 0.775,
  "Triggers": [],
  "Execution Time": 415.114
}