{
  "Plan": {
    "Node Type": "Aggregate",
    "Strategy": "Plain",
    "Partial Mode": "Finalize",
    "Parallel Aware": false,
    "Startup Cost": 354661.56,
    "Total Cost": 354661.57,
    "Plan Rows": 1,
    "Plan Width": 8,
    "Actual Startup Time": 118.877,
    "Actual Total Time": 136.963,
    "Actual Rows": 1,
    "Actual Loops": 1,
    "Plans": [
      {
        "Node Type": "Gather",
        "Parent Relationship": "Outer",
        "Parallel Aware": false,
        "Startup Cost": 354661.45,
        "Total Cost": 354661.56,
        "Plan Rows": 1,
        "Plan Width": 8,
        "Actual Startup Time": 118.636,
        "Actual Total Time": 136.955,
        "Actual Rows": 2,
        "Actual Loops": 1,
        "Workers Planned": 1,
        "Workers Launched": 1,
        "Single Copy": false,
        "Plans": [
          {
            "Node Type": "Aggregate",
            "Strategy": "Plain",
            "Partial Mode": "Partial",
            "Parent Relationship": "Outer",
            "Parallel Aware": false,
            "Startup Cost": 353661.45,
            "Total Cost": 353661.46,
            "Plan Rows": 1,
            "Plan Width": 8,
            "Actual Startup Time": 112.595,
            "Actual Total Time": 112.597,
            "Actual Rows": 1,
            "Actual Loops": 2,
            "Plans": [
              {
                "Node Type": "Nested Loop",
                "Parent Relationship": "Outer",
                "Parallel Aware": false,
                "Join Type": "Inner",
                "Startup Cost": 1618.26,
                "Total Cost": 353597.68,
                "Plan Rows": 25509,
                "Plan Width": 0,
                "Actual Startup Time": 23.988,
                "Actual Total Time": 111.787,
                "Actual Rows": 10548,
                "Actual Loops": 2,
                "Inner Unique": false,
                "Plans": [
                  {
                    "Node Type": "Bitmap Heap Scan",
                    "Parent Relationship": "Outer",
                    "Parallel Aware": true,
                    "Relation Name": "title",
                    "Alias": "t",
                    "Startup Cost": 1617.69,
                    "Total Cost": 38415.82,
                    "Plan Rows": 2715,
                    "Plan Width": 4,
                    "Actual Startup Time": 23.742,
                    "Actual Total Time": 55.206,
                    "Actual Rows": 2057,
                    "Actual Loops": 2,
                    "Recheck Cond": "(kind_id = 2)",
                    "Rows Removed by Index Recheck": 0,
                    "Filter": "(production_year = 2009)",
                    "Rows Removed by Filter": 43369,
                    "Exact Heap Blocks": 19278,
                    "Lossy Heap Blocks": 0,
                    "Plans": [
                      {
                        "Node Type": "Bitmap Index Scan",
                        "Parent Relationship": "Outer",
                        "Parallel Aware": false,
                        "Index Name": "kind_id_title",
                        "Startup Cost": 0.0,
                        "Total Cost": 1616.54,
                        "Plan Rows": 90681,
                        "Plan Width": 0,
                        "Actual Startup Time": 20.329,
                        "Actual Total Time": 20.33,
                        "Actual Rows": 90852,
                        "Actual Loops": 1,
                        "Index Cond": "(kind_id = 2)"
                      }
                    ]
                  },
                  {
                    "Node Type": "Index Scan",
                    "Parent Relationship": "Inner",
                    "Parallel Aware": false,
                    "Scan Direction": "Forward",
                    "Index Name": "movie_id_cast_info",
                    "Relation Name": "cast_info",
                    "Alias": "ci",
                    "Startup Cost": 0.56,
                    "Total Cost": 115.85,
                    "Plan Rows": 24,
                    "Plan Width": 4,
                    "Actual Startup Time": 0.015,
                    "Actual Total Time": 0.027,
                    "Actual Rows": 5,
                    "Actual Loops": 4114,
                    "Index Cond": "(movie_id = t.id)",
                    "Rows Removed by Index Recheck": 0,
                    "Filter": "(role_id > 1)",
                    "Rows Removed by Filter": 2
                  }
                ]
              }
            ]
          }
        ]
      }
    ]
  },
  "Planning Time": 0.519,
  "Triggers": [],
  "Execution Time": 137.058
}