[
  {
    "Plan": {
      "Node Type": "Aggregate",
      "Strategy": "Plain",
      "Partial Mode": "Finalize",
      "Parallel Aware": false,
      "Startup Cost": 31004.9,
      "Total Cost": 31004.91,
      "Plan Rows": 1,
      "Plan Width": 8,
      "Actual Startup Time": 90.814,
      "Actual Total Time": 96.627,
      "Actual Rows": 1,
      "Actual Loops": 1,
      "Plans": [
        {
          "Node Type": "Gather",
          "Parent Relationship": "Outer",
          "Parallel Aware": false,
          "Startup Cost": 31004.58,
          "Total Cost": 31004.89,
          "Plan Rows": 3,
          "Plan Width": 8,
          "Actual Startup Time": 90.713,
          "Actual Total Time": 96.62,
          "Actual Rows": 4,
          "Actual Loops": 1,
          "Workers Planned": 3,
          "Workers Launched": 3,
          "Single Copy": false,
          "Plans": [
            {
              "Node Type": "Aggregate",
              "Strategy": "Plain",
              "Partial Mode": "Partial",
              "Parent Relationship": "Outer",
              "Parallel Aware": false,
              "Startup Cost": 30004.58,
              "Total Cost": 30004.59,
              "Plan Rows": 1,
              "Plan Width": 8,
              "Actual Startup Time": 85.654,
              "Actual Total Time": 85.655,
              "Actual Rows": 1,
              "Actual Loops": 4,
              "Plans": [
                {
                  "Node Type": "Seq Scan",
                  "Parent Relationship": "Outer",
                  "Parallel Aware": true,
                  "Relation Name": "movie_companies",
                  "Alias": "mc",
                  "Startup Cost": 0.0,
                  "Total Cost": 29310.68,
                  "Plan Rows": 277561,
                  "Plan Width": 0,
                  "Actual Startup Time": 15.848,
                  "Actual Total Time": 74.658,
                  "Actual Rows": 212578,
                  "Actual Loops": 4,
                  "Filter": "(company_id > 25201)",
                  "Rows Removed by Filter": 439704
                }
              ]
            }
          ]
        }
      ]
    },
    "Planning Time": 0.074,
    "Triggers": [],
    "Execution Time": 96.661
  }
]