[
  {
    "Plan": {
      "Node Type": "Aggregate",
      "Strategy": "Plain",
      "Partial Mode": "Finalize",
      "Parallel Aware": false,
      "Startup Cost": 30812.49,
      "Total Cost": 30812.5,
      "Plan Rows": 1,
      "Plan Width": 8,
      "Actual Startup Time": 101.598,
      "Actual Total Time": 110.114,
      "Actual Rows": 1,
      "Actual Loops": 1,
      "Plans": [
        {
          "Node Type": "Gather",
          "Parent Relationship": "Outer",
          "Parallel Aware": false,
          "Startup Cost": 30812.17,
          "Total Cost": 30812.48,
          "Plan Rows": 3,
          "Plan Width": 8,
          "Actual Startup Time": 101.448,
          "Actual Total Time": 110.104,
          "Actual Rows": 4,
          "Actual Loops": 1,
          "Workers Planned": 3,
          "Workers Launched": 3,
          "Single Copy": false,
          "Plans": [
            {
              "Node Type": "Aggregate",
              "Strategy": "Plain",
              "Partial Mode": "Partial",
              "Parent Relationship": "Outer",
              "Parallel Aware": false,
              "Startup Cost": 29812.17,
              "Total Cost": 29812.18,
              "Plan Rows": 1,
              "Plan Width": 8,
              "Actual Startup Time": 95.173,
              "Actual Total Time": 95.174,
              "Actual Rows": 1,
              "Actual Loops": 4,
              "Plans": [
                {
                  "Node Type": "Seq Scan",
                  "Parent Relationship": "Outer",
                  "Parallel Aware": true,
                  "Relation Name": "movie_companies",
                  "Alias": "mc",
                  "Startup Cost": 0.0,
                  "Total Cost": 29310.68,
                  "Plan Rows": 200595,
                  "Plan Width": 0,
                  "Actual Startup Time": 0.041,
                  "Actual Total Time": 83.617,
                  "Actual Rows": 154604,
                  "Actual Loops": 4,
                  "Filter": "(company_id < 771)",
                  "Rows Removed by Filter": 497679
                }
              ]
            }
          ]
        }
      ]
    },
    "Planning Time": 0.194,
    "Triggers": [],
    "Execution Time": 110.172
  }
]