[
  {
    "Plan": {
      "Node Type": "Aggregate",
      "Strategy": "Plain",
      "Partial Mode": "Finalize",
      "Parallel Aware": false,
      "Startup Cost": 81958.93,
      "Total Cost": 81958.94,
      "Plan Rows": 1,
      "Plan Width": 8,
      "Actual Startup Time": 191.109,
      "Actual Total Time": 212.81,
      "Actual Rows": 1,
      "Actual Loops": 1,
      "Plans": [
        {
          "Node Type": "Gather",
          "Parent Relationship": "Outer",
          "Parallel Aware": false,
          "Startup Cost": 81958.61,
          "Total Cost": 81958.92,
          "Plan Rows": 3,
          "Plan Width": 8,
          "Actual Startup Time": 190.494,
          "Actual Total Time": 212.802,
          "Actual Rows": 4,
          "Actual Loops": 1,
          "Workers Planned": 3,
          "Workers Launched": 3,
          "Single Copy": false,
          "Plans": [
            {
              "Node Type": "Aggregate",
              "Strategy": "Plain",
              "Partial Mode": "Partial",
              "Parent Relationship": "Outer",
              "Parallel Aware": false,
              "Startup Cost": 80958.61,
              "Total Cost": 80958.62,
              "Plan Rows": 1,
              "Plan Width": 8,
              "Actual Startup Time": 182.711,
              "Actual Total Time": 182.717,
              "Actual Rows": 1,
              "Actual Loops": 4,
              "Plans": [
                {
                  "Node Type": "Nested Loop",
                  "Parent Relationship": "Outer",
                  "Parallel Aware": false,
                  "Join Type": "Inner",
                  "Startup Cost": 44997.26,
                  "Total Cost": 80917.4,
                  "Plan Rows": 16485,
                  "Plan Width": 0,
                  "Actual Startup Time": 75.533,
                  "Actual Total Time": 180.497,
                  "Actual Rows": 33768,
                  "Actual Loops": 4,
                  "Inner Unique": false,
                  "Join Filter": "(t.id = mi.movie_id)",
                  "Rows Removed by Join Filter": 0,
                  "Plans": [
                    {
                      "Node Type": "Hash Join",
                      "Parent Relationship": "Outer",
                      "Parallel Aware": true,
                      "Join Type": "Inner",
                      "Startup Cost": 44996.82,
                      "Total Cost": 65151.61,
                      "Plan Rows": 3297,
                      "Plan Width": 8,
                      "Actual Startup Time": 75.408,
                      "Actual Total Time": 102.67,
                      "Actual Rows": 4109,
                      "Actual Loops": 4,
                      "Inner Unique": true,
                      "Hash Cond": "(mc.movie_id = t.id)",
                      "Plans": [
                        {
                          "Node Type": "Bitmap Heap Scan",
                          "Parent Relationship": "Outer",
                          "Parallel Aware": true,
                          "Relation Name": "movie_companies",
                          "Alias": "mc",
                          "Startup Cost": 6064.31,
                          "Total Cost": 25982.23,
                          "Plan Rows": 90234,
                          "Plan Width": 4,
                          "Actual Startup Time": 11.829,
                          "Actual Total Time": 24.927,
                          "Actual Rows": 69088,
                          "Actual Loops": 4,
                          "Recheck Cond": "(company_id > 96463)",
                          "Rows Removed by Index Recheck": 0,
                          "Exact Heap Blocks": 1935,
                          "Lossy Heap Blocks": 0,
                          "Plans": [
                            {
                              "Node Type": "Bitmap Index Scan",
                              "Parent Relationship": "Outer",
                              "Parallel Aware": false,
                              "Index Name": "company_id_movie_companies",
                              "Startup Cost": 0.0,
                              "Total Cost": 5994.38,
                              "Plan Rows": 279726,
                              "Plan Width": 0,
                              "Actual Startup Time": 11.072,
                              "Actual Total Time": 11.073,
                              "Actual Rows": 276352,
                              "Actual Loops": 1,
                              "Index Cond": "(company_id > 96463)"
                            }
                          ]
                        },
                        {
                          "Node Type": "Hash",
                          "Parent Relationship": "Inner",
                          "Parallel Aware": true,
                          "Startup Cost": 38643.83,
                          "Total Cost": 38643.83,
                          "Plan Rows": 23095,
                          "Plan Width": 4,
                          "Actual Startup Time": 61.839,
                          "Actual Total Time": 61.841,
                          "Actual Rows": 24210,
                          "Actual Loops": 4,
                          "Hash Buckets": 131072,
                          "Original Hash Buckets": 131072,
                          "Hash Batches": 1,
                          "Original Hash Batches": 1,
                          "Peak Memory Usage": 4832,
                          "Plans": [
                            {
                              "Node Type": "Bitmap Heap Scan",
                              "Parent Relationship": "Outer",
                              "Parallel Aware": true,
                              "Relation Name": "title",
                              "Alias": "t",
                              "Startup Cost": 2190.39,
                              "Total Cost": 38643.83,
                              "Plan Rows": 23095,
                              "Plan Width": 4,
                              "Actual Startup Time": 15.795,
                              "Actual Total Time": 52.451,
                              "Actual Rows": 24210,
                              "Actual Loops": 4,
                              "Recheck Cond": "(kind_id = 4)",
                              "Rows Removed by Index Recheck": 0,
                              "Filter": "(production_year < 2010)",
                              "Rows Removed by Filter": 5349,
                              "Exact Heap Blocks": 6903,
                              "Lossy Heap Blocks": 0,
                              "Plans": [
                                {
                                  "Node Type": "Bitmap Index Scan",
                                  "Parent Relationship": "Outer",
                                  "Parallel Aware": false,
                                  "Index Name": "kind_id_title",
                                  "Startup Cost": 0.0,
                                  "Total Cost": 2167.3,
                                  "Plan Rows": 121449,
                                  "Plan Width": 0,
                                  "Actual Startup Time": 14.848,
                                  "Actual Total Time": 14.85,
                                  "Actual Rows": 118234,
                                  "Actual Loops": 1,
                                  "Index Cond": "(kind_id = 4)"
                                }
                              ]
                            }
                          ]
                        }
                      ]
                    },
                    {
                      "Node Type": "Index Scan",
                      "Parent Relationship": "Inner",
                      "Parallel Aware": false,
                      "Scan Direction": "Forward",
                      "Index Name": "movie_id_movie_info",
                      "Relation Name": "movie_info",
                      "Alias": "mi",
                      "Startup Cost": 0.43,
                      "Total Cost": 4.34,
                      "Plan Rows": 35,
                      "Plan Width": 4,
                      "Actual Startup Time": 0.006,
                      "Actual Total Time": 0.018,
                      "Actual Rows": 8,
                      "Actual Loops": 16437,
                      "Index Cond": "(movie_id = mc.movie_id)",
                      "Rows Removed by Index Recheck": 0,
                      "Filter": "(info_type_id < 17)",
                      "Rows Removed by Filter": 2
                    }
                  ]
                }
              ]
            }
          ]
        }
      ]
    },
    "Planning Time": 1.47,
    "Triggers": [],
    "Execution Time": 212.931
  }
]