[
  {
    "Plan": {
      "Node Type": "Aggregate",
      "Strategy": "Plain",
      "Partial Mode": "Finalize",
      "Parallel Aware": false,
      "Startup Cost": 33148.31,
      "Total Cost": 33148.32,
      "Plan Rows": 1,
      "Plan Width": 8,
      "Actual Startup Time": 91.779,
      "Actual Total Time": 99.481,
      "Actual Rows": 1,
      "Actual Loops": 1,
      "Plans": [
        {
          "Node Type": "Gather",
          "Parent Relationship": "Outer",
          "Parallel Aware": false,
          "Startup Cost": 33148.0,
          "Total Cost": 33148.31,
          "Plan Rows": 3,
          "Plan Width": 8,
          "Actual Startup Time": 91.688,
          "Actual Total Time": 99.473,
          "Actual Rows": 4,
          "Actual Loops": 1,
          "Workers Planned": 3,
          "Workers Launched": 3,
          "Single Copy": false,
          "Plans": [
            {
              "Node Type": "Aggregate",
              "Strategy": "Plain",
              "Partial Mode": "Partial",
              "Parent Relationship": "Outer",
              "Parallel Aware": false,
              "Startup Cost": 32148.0,
              "Total Cost": 32148.01,
              "Plan Rows": 1,
              "Plan Width": 8,
              "Actual Startup Time": 84.7,
              "Actual Total Time": 84.701,
              "Actual Rows": 1,
              "Actual Loops": 4,
              "Plans": [
                {
                  "Node Type": "Seq Scan",
                  "Parent Relationship": "Outer",
                  "Parallel Aware": true,
                  "Relation Name": "movie_companies",
                  "Alias": "mc",
                  "Startup Cost": 0.0,
                  "Total Cost": 31414.82,
                  "Plan Rows": 293271,
                  "Plan Width": 0,
                  "Actual Startup Time": 47.124,
                  "Actual Total Time": 78.843,
                  "Actual Rows": 146970,
                  "Actual Loops": 4,
                  "Filter": "((company_id < 27092) AND (company_type_id > 1))",
                  "Rows Removed by Filter": 505312
                }
              ]
            }
          ]
        }
      ]
    },
    "Planning Time": 0.214,
    "Triggers": [],
    "Execution Time": 99.538
  }
]