[
  {
    "Plan": {
      "Node Type": "Aggregate",
      "Strategy": "Plain",
      "Partial Mode": "Finalize",
      "Parallel Aware": false,
      "Startup Cost": 333425.96,
      "Total Cost": 333425.97,
      "Plan Rows": 1,
      "Plan Width": 8,
      "Actual Startup Time": 670.245,
      "Actual Total Time": 726.554,
      "Actual Rows": 1,
      "Actual Loops": 1,
      "Plans": [
        {
          "Node Type": "Gather",
          "Parent Relationship": "Outer",
          "Parallel Aware": false,
          "Startup Cost": 333425.34,
          "Total Cost": 333425.95,
          "Plan Rows": 6,
          "Plan Width": 8,
          "Actual Startup Time": 670.12,
          "Actual Total Time": 726.542,
          "Actual Rows": 7,
          "Actual Loops": 1,
          "Workers Planned": 6,
          "Workers Launched": 6,
          "Single Copy": false,
          "Plans": [
            {
              "Node Type": "Aggregate",
              "Strategy": "Plain",
              "Partial Mode": "Partial",
              "Parent Relationship": "Outer",
              "Parallel Aware": false,
              "Startup Cost": 332425.34,
              "Total Cost": 332425.35,
              "Plan Rows": 1,
              "Plan Width": 8,
              "Actual Startup Time": 660.65,
              "Actual Total Time": 660.651,
              "Actual Rows": 1,
              "Actual Loops": 7,
              "Plans": [
                {
                  "Node Type": "Seq Scan",
                  "Parent Relationship": "Outer",
                  "Parallel Aware": true,
                  "Relation Name": "cast_info",
                  "Alias": "ci",
                  "Startup Cost": 0.0,
                  "Total Cost": 328162.03,
                  "Plan Rows": 1705324,
                  "Plan Width": 0,
                  "Actual Startup Time": 312.714,
                  "Actual Total Time": 595.917,
                  "Actual Rows": 1449930,
                  "Actual Loops": 7,
                  "Filter": "(person_id > 2701255)",
                  "Rows Removed by Filter": 3727834
                }
              ]
            }
          ]
        }
      ]
    },
    "Planning Time": 0.206,
    "Triggers": [],
    "Execution Time": 726.635
  }
]