[
  {
    "Plan": {
      "Node Type": "Aggregate",
      "Strategy": "Plain",
      "Partial Mode": "Finalize",
      "Parallel Aware": false,
      "Startup Cost": 44678.92,
      "Total Cost": 44678.93,
      "Plan Rows": 1,
      "Plan Width": 8,
      "Actual Startup Time": 131.908,
      "Actual Total Time": 141.75,
      "Actual Rows": 1,
      "Actual Loops": 1,
      "Plans": [
        {
          "Node Type": "Gather",
          "Parent Relationship": "Outer",
          "Parallel Aware": false,
          "Startup Cost": 44678.6,
          "Total Cost": 44678.91,
          "Plan Rows": 3,
          "Plan Width": 8,
          "Actual Startup Time": 131.791,
          "Actual Total Time": 141.742,
          "Actual Rows": 4,
          "Actual Loops": 1,
          "Workers Planned": 3,
          "Workers Launched": 3,
          "Single Copy": false,
          "Plans": [
            {
              "Node Type": "Aggregate",
              "Strategy": "Plain",
              "Partial Mode": "Partial",
              "Parent Relationship": "Outer",
              "Parallel Aware": false,
              "Startup Cost": 43678.6,
              "Total Cost": 43678.61,
              "Plan Rows": 1,
              "Plan Width": 8,
              "Actual Startup Time": 123.273,
              "Actual Total Time": 123.274,
              "Actual Rows": 1,
              "Actual Loops": 4,
              "Plans": [
                {
                  "Node Type": "Seq Scan",
                  "Parent Relationship": "Outer",
                  "Parallel Aware": true,
                  "Relation Name": "movie_keyword",
                  "Alias": "mk",
                  "Startup Cost": 0.0,
                  "Total Cost": 42695.65,
                  "Plan Rows": 393178,
                  "Plan Width": 0,
                  "Actual Startup Time": 0.07,
                  "Actual Total Time": 108.014,
                  "Actual Rows": 307110,
                  "Actual Loops": 4,
                  "Filter": "(keyword_id < 1558)",
                  "Rows Removed by Filter": 823872
                }
              ]
            }
          ]
        }
      ]
    },
    "Planning Time": 0.151,
    "Triggers": [],
    "Execution Time": 141.799
  }
]