[
  {
    "Plan": {
      "Node Type": "Aggregate",
      "Strategy": "Plain",
      "Partial Mode": "Finalize",
      "Parallel Aware": false,
      "Startup Cost": 32680.82,
      "Total Cost": 32680.83,
      "Plan Rows": 1,
      "Plan Width": 8,
      "Actual Startup Time": 98.914,
      "Actual Total Time": 107.162,
      "Actual Rows": 1,
      "Actual Loops": 1,
      "Plans": [
        {
          "Node Type": "Gather",
          "Parent Relationship": "Outer",
          "Parallel Aware": false,
          "Startup Cost": 32680.51,
          "Total Cost": 32680.82,
          "Plan Rows": 3,
          "Plan Width": 8,
          "Actual Startup Time": 98.77,
          "Actual Total Time": 107.153,
          "Actual Rows": 4,
          "Actual Loops": 1,
          "Workers Planned": 3,
          "Workers Launched": 3,
          "Single Copy": false,
          "Plans": [
            {
              "Node Type": "Aggregate",
              "Strategy": "Plain",
              "Partial Mode": "Partial",
              "Parent Relationship": "Outer",
              "Parallel Aware": false,
              "Startup Cost": 31680.51,
              "Total Cost": 31680.52,
              "Plan Rows": 1,
              "Plan Width": 8,
              "Actual Startup Time": 91.796,
              "Actual Total Time": 91.797,
              "Actual Rows": 1,
              "Actual Loops": 4,
              "Plans": [
                {
                  "Node Type": "Seq Scan",
                  "Parent Relationship": "Outer",
                  "Parallel Aware": true,
                  "Relation Name": "movie_companies",
                  "Alias": "mc",
                  "Startup Cost": 0.0,
                  "Total Cost": 31414.82,
                  "Plan Rows": 106275,
                  "Plan Width": 0,
                  "Actual Startup Time": 0.051,
                  "Actual Total Time": 82.044,
                  "Actual Rows": 119617,
                  "Actual Loops": 4,
                  "Filter": "((company_id < 1043) AND (company_type_id < 2))",
                  "Rows Removed by Filter": 532665
                }
              ]
            }
          ]
        }
      ]
    },
    "Planning Time": 0.222,
    "Triggers": [],
    "Execution Time": 107.217
  }
]