[
  {
    "Plan": {
      "Node Type": "Aggregate",
      "Strategy": "Plain",
      "Partial Mode": "Finalize",
      "Parallel Aware": false,
      "Startup Cost": 32682.67,
      "Total Cost": 32682.68,
      "Plan Rows": 1,
      "Plan Width": 8,
      "Actual Startup Time": 84.66,
      "Actual Total Time": 89.989,
      "Actual Rows": 1,
      "Actual Loops": 1,
      "Plans": [
        {
          "Node Type": "Gather",
          "Parent Relationship": "Outer",
          "Parallel Aware": false,
          "Startup Cost": 32682.35,
          "Total Cost": 32682.66,
          "Plan Rows": 3,
          "Plan Width": 8,
          "Actual Startup Time": 84.444,
          "Actual Total Time": 89.981,
          "Actual Rows": 4,
          "Actual Loops": 1,
          "Workers Planned": 3,
          "Workers Launched": 3,
          "Single Copy": false,
          "Plans": [
            {
              "Node Type": "Aggregate",
              "Strategy": "Plain",
              "Partial Mode": "Partial",
              "Parent Relationship": "Outer",
              "Parallel Aware": false,
              "Startup Cost": 31682.35,
              "Total Cost": 31682.36,
              "Plan Rows": 1,
              "Plan Width": 8,
              "Actual Startup Time": 79.407,
              "Actual Total Time": 79.408,
              "Actual Rows": 1,
              "Actual Loops": 4,
              "Plans": [
                {
                  "Node Type": "Seq Scan",
                  "Parent Relationship": "Outer",
                  "Parallel Aware": true,
                  "Relation Name": "movie_companies",
                  "Alias": "mc",
                  "Startup Cost": 0.0,
                  "Total Cost": 31414.82,
                  "Plan Rows": 107012,
                  "Plan Width": 0,
                  "Actual Startup Time": 0.029,
                  "Actual Total Time": 70.828,
                  "Actual Rows": 119617,
                  "Actual Loops": 4,
                  "Filter": "((company_id < 1043) AND (company_type_id < 2))",
                  "Rows Removed by Filter": 532665
                }
              ]
            }
          ]
        }
      ]
    },
    "Planning Time": 0.225,
    "Triggers": [],
    "Execution Time": 90.043
  }
]