{
    "Plan": {
        "Node Type": "Aggregate",
        "Strategy": "Plain",
        "Partial Mode": "Simple",
        "Parallel Aware": false,
        "Startup Cost": 10000214348.2,
        "Total Cost": 10000214348.21,
        "Plan Rows": 1,
        "Plan Width": 8,
        "Actual Startup Time": 1943.556,
        "Actual Total Time": 1943.56,
        "Actual Rows": 1,
        "Actual Loops": 1,
        "Output": [
            "count(*)"
        ],
        "Plans": [
            {
                "Node Type": "Hash Join",
                "Parent Relationship": "Outer",
                "Parallel Aware": false,
                "Join Type": "Inner",
                "Startup Cost": 10000064917.7,
                "Total Cost": 10000212616.17,
                "Plan Rows": 692811,
                "Plan Width": 0,
                "Actual Startup Time": 934.525,
                "Actual Total Time": 1874.245,
                "Actual Rows": 1307690,
                "Actual Loops": 1,
                "Inner Unique": true,
                "Hash Cond": "(mc.movie_id = t.id)",
                "Plans": [
                    {
                        "Node Type": "Index Scan",
                        "Parent Relationship": "Outer",
                        "Parallel Aware": false,
                        "Scan Direction": "Forward",
                        "Index Name": "movie_id_movie_companies",
                        "Relation Name": "movie_companies",
                        "Schema": "public",
                        "Alias": "mc",
                        "Startup Cost": 10000000000.43,
                        "Total Cost": 10000140849.93,
                        "Plan Rows": 2609129,
                        "Plan Width": 4,
                        "Actual Startup Time": 0.039,
                        "Actual Total Time": 759.307,
                        "Actual Rows": 2609129,
                        "Actual Loops": 1,
                        "Output": [
                            "mc.id",
                            "mc.movie_id",
                            "mc.company_id",
                            "mc.company_type_id",
                            "mc.note"
                        ]
                    },
                    {
                        "Node Type": "Hash",
                        "Parent Relationship": "Inner",
                        "Parallel Aware": false,
                        "Startup Cost": 56525.35,
                        "Total Cost": 56525.35,
                        "Plan Rows": 671354,
                        "Plan Width": 4,
                        "Actual Startup Time": 427.045,
                        "Actual Total Time": 427.047,
                        "Actual Rows": 662825,
                        "Actual Loops": 1,
                        "Output": [
                            "t.id"
                        ],
                        "Hash Buckets": 1048576,
                        "Original Hash Buckets": 1048576,
                        "Hash Batches": 1,
                        "Original Hash Batches": 1,
                        "Peak Memory Usage": 31495,
                        "Plans": [
                            {
                                "Node Type": "Bitmap Heap Scan",
                                "Parent Relationship": "Outer",
                                "Parallel Aware": false,
                                "Relation Name": "title",
                                "Schema": "public",
                                "Alias": "t",
                                "Startup Cost": 12135.42,
                                "Total Cost": 56525.35,
                                "Plan Rows": 671354,
                                "Plan Width": 4,
                                "Actual Startup Time": 42.324,
                                "Actual Total Time": 229.998,
                                "Actual Rows": 662825,
                                "Actual Loops": 1,
                                "Output": [
                                    "t.id"
                                ],
                                "Recheck Cond": "(t.kind_id = 1)",
                                "Rows Removed by Index Recheck": 0,
                                "Exact Heap Blocks": 12863,
                                "Lossy Heap Blocks": 0,
                                "Plans": [
                                    {
                                        "Node Type": "Bitmap Index Scan",
                                        "Parent Relationship": "Outer",
                                        "Parallel Aware": false,
                                        "Index Name": "kind_id_title",
                                        "Startup Cost": 0.0,
                                        "Total Cost": 11967.58,
                                        "Plan Rows": 671354,
                                        "Plan Width": 0,
                                        "Actual Startup Time": 40.015,
                                        "Actual Total Time": 40.016,
                                        "Actual Rows": 662825,
                                        "Actual Loops": 1,
                                        "Index Cond": "(t.kind_id = 1)"
                                    }
                                ]
                            }
                        ]
                    }
                ]
            }
        ]
    },
    "Planning Time": 2.803,
    "Triggers": [],
    "Execution Time": 1944.739
}