{
  "Plan": {
    "Node Type": "Aggregate",
    "Strategy": "Plain",
    "Partial Mode": "Finalize",
    "Parallel Aware": false,
    "Startup Cost": 2564536.75,
    "Total Cost": 2564536.76,
    "Plan Rows": 1,
    "Plan Width": 8,
    "Actual Startup Time": 15703.4,
    "Actual Total Time": 15724.891,
    "Actual Rows": 1,
    "Actual Loops": 1,
    "Plans": [
      {
        "Node Type": "Gather",
        "Parent Relationship": "Outer",
        "Parallel Aware": false,
        "Startup Cost": 2564536.63,
        "Total Cost": 2564536.74,
        "Plan Rows": 1,
        "Plan Width": 8,
        "Actual Startup Time": 15703.389,
        "Actual Total Time": 15724.883,
        "Actual Rows": 2,
        "Actual Loops": 1,
        "Workers Planned": 1,
        "Workers Launched": 1,
        "Single Copy": false,
        "Plans": [
          {
            "Node Type": "Aggregate",
            "Strategy": "Plain",
            "Partial Mode": "Partial",
            "Parent Relationship": "Outer",
            "Parallel Aware": false,
            "Startup Cost": 2563536.63,
            "Total Cost": 2563536.64,
            "Plan Rows": 1,
            "Plan Width": 8,
            "Actual Startup Time": 15352.555,
            "Actual Total Time": 15352.562,
            "Actual Rows": 1,
            "Actual Loops": 2,
            "Plans": [
              {
                "Node Type": "Merge Join",
                "Parent Relationship": "Outer",
                "Parallel Aware": false,
                "Join Type": "Inner",
                "Startup Cost": 2364709.49,
                "Total Cost": 2544422.0,
                "Plan Rows": 7645854,
                "Plan Width": 0,
                "Actual Startup Time": 10609.591,
                "Actual Total Time": 14763.035,
                "Actual Rows": 15504443,
                "Actual Loops": 2,
                "Inner Unique": false,
                "Merge Cond": "(t.id = mc.movie_id)",
                "Plans": [
                  {
                    "Node Type": "Sort",
                    "Parent Relationship": "Outer",
                    "Parallel Aware": false,
                    "Startup Cost": 2161087.67,
                    "Total Cost": 2193633.61,
                    "Plan Rows": 13018374,
                    "Plan Width": 8,
                    "Actual Startup Time": 10061.268,
                    "Actual Total Time": 11480.061,
                    "Actual Rows": 11075224,
                    "Actual Loops": 2,
                    "Sort Key": [
                      "t.id"
                    ],
                    "Sort Method": "quicksort",
                    "Sort Space Used": 914295,
                    "Sort Space Type": "Memory",
                    "Workers": [
                      {
                        "Worker Number": 0,
                        "Sort Method": "quicksort",
                        "Sort Space Used": 910539,
                        "Sort Space Type": "Memory"
                      }
                    ],
                    "Plans": [
                      {
                        "Node Type": "Hash Join",
                        "Parent Relationship": "Outer",
                        "Parallel Aware": true,
                        "Join Type": "Inner",
                        "Startup Cost": 69460.7,
                        "Total Cost": 622703.43,
                        "Plan Rows": 13018374,
                        "Plan Width": 8,
                        "Actual Startup Time": 824.354,
                        "Actual Total Time": 6837.397,
                        "Actual Rows": 11076276,
                        "Actual Loops": 2,
                        "Inner Unique": true,
                        "Hash Cond": "(ci.movie_id = t.id)",
                        "Plans": [
                          {
                            "Node Type": "Seq Scan",
                            "Parent Relationship": "Outer",
                            "Parallel Aware": true,
                            "Relation Name": "cast_info",
                            "Alias": "ci",
                            "Startup Cost": 0.0,
                            "Total Cost": 519069.44,
                            "Plan Rows": 13018374,
                            "Plan Width": 4,
                            "Actual Startup Time": 311.296,
                            "Actual Total Time": 1601.84,
                            "Actual Rows": 11076276,
                            "Actual Loops": 2,
                            "Filter": "(person_id > 1388363)",
                            "Rows Removed by Filter": 7045896
                          },
                          {
                            "Node Type": "Hash",
                            "Parent Relationship": "Inner",
                            "Parallel Aware": true,
                            "Startup Cost": 50870.31,
                            "Total Cost": 50870.31,
                            "Plan Rows": 1487231,
                            "Plan Width": 4,
                            "Actual Startup Time": 490.939,
                            "Actual Total Time": 490.941,
                            "Actual Rows": 1264156,
                            "Actual Loops": 2,
                            "Hash Buckets": 4194304,
                            "Original Hash Buckets": 4194304,
                            "Hash Batches": 1,
                            "Original Hash Batches": 1,
                            "Peak Memory Usage": 131712,
                            "Plans": [
                              {
                                "Node Type": "Seq Scan",
                                "Parent Relationship": "Outer",
                                "Parallel Aware": true,
                                "Relation Name": "title",
                                "Alias": "t",
                                "Startup Cost": 0.0,
                                "Total Cost": 50870.31,
                                "Plan Rows": 1487231,
                                "Plan Width": 4,
                                "Actual Startup Time": 0.026,
                                "Actual Total Time": 150.966,
                                "Actual Rows": 1264156,
                                "Actual Loops": 2
                              }
                            ]
                          }
                        ]
                      }
                    ]
                  },
                  {
                    "Node Type": "Sort",
                    "Parent Relationship": "Inner",
                    "Parallel Aware": false,
                    "Startup Cost": 203620.5,
                    "Total Cost": 207332.75,
                    "Plan Rows": 1484898,
                    "Plan Width": 4,
                    "Actual Startup Time": 548.3,
                    "Actual Total Time": 1107.44,
                    "Actual Rows": 15679656,
                    "Actual Loops": 2,
                    "Sort Key": [
                      "mc.movie_id"
                    ],
                    "Sort Method": "quicksort",
                    "Sort Space Used": 118570,
                    "Sort Space Type": "Memory",
                    "Workers": [
                      {
                        "Worker Number": 0,
                        "Sort Method": "quicksort",
                        "Sort Space Used": 118570,
                        "Sort Space Type": "Memory"
                      }
                    ],
                    "Plans": [
                      {
                        "Node Type": "Seq Scan",
                        "Parent Relationship": "Outer",
                        "Parallel Aware": false,
                        "Relation Name": "movie_companies",
                        "Alias": "mc",
                        "Startup Cost": 0.0,
                        "Total Cost": 51404.11,
                        "Plan Rows": 1484898,
                        "Plan Width": 4,
                        "Actual Startup Time": 0.046,
                        "Actual Total Time": 234.129,
                        "Actual Rows": 1480905,
                        "Actual Loops": 2,
                        "Filter": "(company_id < 13579)",
                        "Rows Removed by Filter": 1128224
                      }
                    ]
                  }
                ]
              }
            ]
          }
        ]
      }
    ]
  },
  "Planning Time": 1.026,
  "Triggers": [],
  "Execution Time": 15774.428
}