[
  {
    "Plan": {
      "Node Type": "Aggregate",
      "Strategy": "Plain",
      "Partial Mode": "Finalize",
      "Parallel Aware": false,
      "Startup Cost": 341122.55,
      "Total Cost": 341122.56,
      "Plan Rows": 1,
      "Plan Width": 8,
      "Actual Startup Time": 1323.129,
      "Actual Total Time": 1393.461,
      "Actual Rows": 1,
      "Actual Loops": 1,
      "Plans": [
        {
          "Node Type": "Gather",
          "Parent Relationship": "Outer",
          "Parallel Aware": false,
          "Startup Cost": 341121.92,
          "Total Cost": 341122.53,
          "Plan Rows": 6,
          "Plan Width": 8,
          "Actual Startup Time": 1322.869,
          "Actual Total Time": 1393.432,
          "Actual Rows": 7,
          "Actual Loops": 1,
          "Workers Planned": 6,
          "Workers Launched": 6,
          "Single Copy": false,
          "Plans": [
            {
              "Node Type": "Aggregate",
              "Strategy": "Plain",
              "Partial Mode": "Partial",
              "Parent Relationship": "Outer",
              "Parallel Aware": false,
              "Startup Cost": 340121.92,
              "Total Cost": 340121.93,
              "Plan Rows": 1,
              "Plan Width": 8,
              "Actual Startup Time": 1313.766,
              "Actual Total Time": 1313.769,
              "Actual Rows": 1,
              "Actual Loops": 7,
              "Plans": [
                {
                  "Node Type": "Seq Scan",
                  "Parent Relationship": "Outer",
                  "Parallel Aware": true,
                  "Relation Name": "cast_info",
                  "Alias": "ci",
                  "Startup Cost": 0.0,
                  "Total Cost": 328211.39,
                  "Plan Rows": 4764212,
                  "Plan Width": 0,
                  "Actual Startup Time": 0.065,
                  "Actual Total Time": 1081.326,
                  "Actual Rows": 4089635,
                  "Actual Loops": 7,
                  "Filter": "(person_id < 2913177)",
                  "Rows Removed by Filter": 1088128
                }
              ]
            }
          ]
        }
      ]
    },
    "Planning Time": 0.116,
    "Triggers": [],
    "Execution Time": 1393.518
  }
]