[
  {
    "Plan": {
      "Node Type": "Aggregate",
      "Strategy": "Plain",
      "Partial Mode": "Finalize",
      "Parallel Aware": false,
      "Startup Cost": 334401.54,
      "Total Cost": 334401.55,
      "Plan Rows": 1,
      "Plan Width": 8,
      "Actual Startup Time": 612.398,
      "Actual Total Time": 639.991,
      "Actual Rows": 1,
      "Actual Loops": 1,
      "Plans": [
        {
          "Node Type": "Gather",
          "Parent Relationship": "Outer",
          "Parallel Aware": false,
          "Startup Cost": 334400.91,
          "Total Cost": 334401.52,
          "Plan Rows": 6,
          "Plan Width": 8,
          "Actual Startup Time": 612.307,
          "Actual Total Time": 639.985,
          "Actual Rows": 7,
          "Actual Loops": 1,
          "Workers Planned": 6,
          "Workers Launched": 6,
          "Single Copy": false,
          "Plans": [
            {
              "Node Type": "Aggregate",
              "Strategy": "Plain",
              "Partial Mode": "Partial",
              "Parent Relationship": "Outer",
              "Parallel Aware": false,
              "Startup Cost": 333400.91,
              "Total Cost": 333400.92,
              "Plan Rows": 1,
              "Plan Width": 8,
              "Actual Startup Time": 606.173,
              "Actual Total Time": 606.174,
              "Actual Rows": 1,
              "Actual Loops": 7,
              "Plans": [
                {
                  "Node Type": "Seq Scan",
                  "Parent Relationship": "Outer",
                  "Parallel Aware": true,
                  "Relation Name": "cast_info",
                  "Alias": "ci",
                  "Startup Cost": 0.0,
                  "Total Cost": 328213.62,
                  "Plan Rows": 2074919,
                  "Plan Width": 0,
                  "Actual Startup Time": 0.04,
                  "Actual Total Time": 524.926,
                  "Actual Rows": 1781263,
                  "Actual Loops": 7,
                  "Filter": "(person_id < 1229743)",
                  "Rows Removed by Filter": 3396501
                }
              ]
            }
          ]
        }
      ]
    },
    "Planning Time": 0.072,
    "Triggers": [],
    "Execution Time": 640.02
  }
]