[
  {
    "Plan": {
      "Node Type": "Aggregate",
      "Strategy": "Plain",
      "Partial Mode": "Finalize",
      "Parallel Aware": false,
      "Startup Cost": 72730.06,
      "Total Cost": 72730.07,
      "Plan Rows": 1,
      "Plan Width": 128,
      "Actual Startup Time": 264.664,
      "Actual Total Time": 291.239,
      "Actual Rows": 1,
      "Actual Loops": 1,
      "Plans": [
        {
          "Node Type": "Gather",
          "Parent Relationship": "Outer",
          "Parallel Aware": false,
          "Startup Cost": 72729.61,
          "Total Cost": 72730.02,
          "Plan Rows": 4,
          "Plan Width": 128,
          "Actual Startup Time": 264.471,
          "Actual Total Time": 291.225,
          "Actual Rows": 5,
          "Actual Loops": 1,
          "Workers Planned": 4,
          "Workers Launched": 4,
          "Single Copy": false,
          "Plans": [
            {
              "Node Type": "Aggregate",
              "Strategy": "Plain",
              "Partial Mode": "Partial",
              "Parent Relationship": "Outer",
              "Parallel Aware": false,
              "Startup Cost": 71729.61,
              "Total Cost": 71729.62,
              "Plan Rows": 1,
              "Plan Width": 128,
              "Actual Startup Time": 251.327,
              "Actual Total Time": 251.343,
              "Actual Rows": 1,
              "Actual Loops": 5,
              "Plans": [
                {
                  "Node Type": "Nested Loop",
                  "Parent Relationship": "Outer",
                  "Parallel Aware": false,
                  "Join Type": "Inner",
                  "Startup Cost": 12.35,
                  "Total Cost": 71729.57,
                  "Plan Rows": 4,
                  "Plan Width": 64,
                  "Actual Startup Time": 120.374,
                  "Actual Total Time": 251.005,
                  "Actual Rows": 522,
                  "Actual Loops": 5,
                  "Inner Unique": true,
                  "Plans": [
                    {
                      "Node Type": "Nested Loop",
                      "Parent Relationship": "Outer",
                      "Parallel Aware": false,
                      "Join Type": "Inner",
                      "Startup Cost": 11.9,
                      "Total Cost": 71711.73,
                      "Plan Rows": 4,
                      "Plan Width": 55,
                      "Actual Startup Time": 120.315,
                      "Actual Total Time": 246.02,
                      "Actual Rows": 522,
                      "Actual Loops": 5,
                      "Inner Unique": true,
                      "Plans": [
                        {
                          "Node Type": "Nested Loop",
                          "Parent Relationship": "Outer",
                          "Parallel Aware": false,
                          "Join Type": "Inner",
                          "Startup Cost": 11.47,
                          "Total Cost": 71667.29,
                          "Plan Rows": 10,
                          "Plan Width": 59,
                          "Actual Startup Time": 115.579,
                          "Actual Total Time": 232.879,
                          "Actual Rows": 1284,
                          "Actual Loops": 5,
                          "Inner Unique": false,
                          "Plans": [
                            {
                              "Node Type": "Nested Loop",
                              "Parent Relationship": "Outer",
                              "Parallel Aware": false,
                              "Join Type": "Inner",
                              "Startup Cost": 10.99,
                              "Total Cost": 71648.92,
                              "Plan Rows": 4,
                              "Plan Width": 51,
                              "Actual Startup Time": 114.343,
                              "Actual Total Time": 228.817,
                              "Actual Rows": 154,
                              "Actual Loops": 5,
                              "Inner Unique": true,
                              "Plans": [
                                {
                                  "Node Type": "Hash Join",
                                  "Parent Relationship": "Outer",
                                  "Parallel Aware": false,
                                  "Join Type": "Inner",
                                  "Startup Cost": 10.54,
                                  "Total Cost": 71631.07,
                                  "Plan Rows": 4,
                                  "Plan Width": 39,
                                  "Actual Startup Time": 113.085,
                                  "Actual Total Time": 225.884,
                                  "Actual Rows": 162,
                                  "Actual Loops": 5,
                                  "Inner Unique": true,
                                  "Hash Cond": "(ci.role_id = rt.id)",
                                  "Plans": [
                                    {
                                      "Node Type": "Nested Loop",
                                      "Parent Relationship": "Outer",
                                      "Parallel Aware": false,
                                      "Join Type": "Inner",
                                      "Startup Cost": 9.38,
                                      "Total Cost": 71629.73,
                                      "Plan Rows": 51,
                                      "Plan Width": 43,
                                      "Actual Startup Time": 110.308,
                                      "Actual Total Time": 225.266,
                                      "Actual Rows": 319,
                                      "Actual Loops": 5,
                                      "Inner Unique": false,
                                      "Join Filter": "(n.id = ci.person_id)",
                                      "Rows Removed by Join Filter": 0,
                                      "Plans": [
                                        {
                                          "Node Type": "Nested Loop",
                                          "Parent Relationship": "Outer",
                                          "Parallel Aware": false,
                                          "Join Type": "Inner",
                                          "Startup Cost": 4.4,
                                          "Total Cost": 71536.84,
                                          "Plan Rows": 5,
                                          "Plan Width": 39,
                                          "Actual Startup Time": 100.923,
                                          "Actual Total Time": 219.071,
                                          "Actual Rows": 203,
                                          "Actual Loops": 5,
                                          "Inner Unique": false,
                                          "Plans": [
                                            {
                                              "Node Type": "Seq Scan",
                                              "Parent Relationship": "Outer",
                                              "Parallel Aware": true,
                                              "Relation Name": "name",
                                              "Alias": "n",
                                              "Startup Cost": 0.0,
                                              "Total Cost": 71240.1,
                                              "Plan Rows": 24,
                                              "Plan Width": 19,
                                              "Actual Startup Time": 98.038,
                                              "Actual Total Time": 210.599,
                                              "Actual Rows": 986,
                                              "Actual Loops": 5,
                                              "Filter": "((name ~~ '%Sm%'::text) AND ((gender)::text = 'f'::text))",
                                              "Rows Removed by Filter": 832512
                                            },
                                            {
                                              "Node Type": "Bitmap Heap Scan",
                                              "Parent Relationship": "Inner",
                                              "Parallel Aware": false,
                                              "Relation Name": "aka_name",
                                              "Alias": "an",
                                              "Startup Cost": 4.4,
                                              "Total Cost": 12.34,
                                              "Plan Rows": 2,
                                              "Plan Width": 20,
                                              "Actual Startup Time": 0.006,
                                              "Actual Total Time": 0.006,
                                              "Actual Rows": 0,
                                              "Actual Loops": 4931,
                                              "Recheck Cond": "(person_id = n.id)",
                                              "Rows Removed by Index Recheck": 0,
                                              "Exact Heap Blocks": 99,
                                              "Lossy Heap Blocks": 0,
                                              "Plans": [
                                                {
                                                  "Node Type": "Bitmap Index Scan",
                                                  "Parent Relationship": "Outer",
                                                  "Parallel Aware": false,
                                                  "Index Name": "person_id_aka_name",
                                                  "Startup Cost": 0.0,
                                                  "Total Cost": 4.4,
                                                  "Plan Rows": 2,
                                                  "Plan Width": 0,
                                                  "Actual Startup Time": 0.005,
                                                  "Actual Total Time": 0.005,
                                                  "Actual Rows": 0,
                                                  "Actual Loops": 4931,
                                                  "Index Cond": "(person_id = n.id)"
                                                }
                                              ]
                                            }
                                          ]
                                        },
                                        {
                                          "Node Type": "Bitmap Heap Scan",
                                          "Parent Relationship": "Inner",
                                          "Parallel Aware": false,
                                          "Relation Name": "cast_info",
                                          "Alias": "ci",
                                          "Startup Cost": 4.98,
                                          "Total Cost": 17.9,
                                          "Plan Rows": 54,
                                          "Plan Width": 16,
                                          "Actual Startup Time": 0.021,
                                          "Actual Total Time": 0.028,
                                          "Actual Rows": 2,
                                          "Actual Loops": 1017,
                                          "Recheck Cond": "(person_id = an.person_id)",
                                          "Rows Removed by Index Recheck": 0,
                                          "Filter": "(note = ANY ('{\"(executive producer)\",(writer),(producer),(uncredited)}'::text[]))",
                                          "Rows Removed by Filter": 55,
                                          "Exact Heap Blocks": 399,
                                          "Lossy Heap Blocks": 0,
                                          "Plans": [
                                            {
                                              "Node Type": "Bitmap Index Scan",
                                              "Parent Relationship": "Outer",
                                              "Parallel Aware": false,
                                              "Index Name": "person_id_cast_info",
                                              "Startup Cost": 0.0,
                                              "Total Cost": 4.97,
                                              "Plan Rows": 510,
                                              "Plan Width": 0,
                                              "Actual Startup Time": 0.011,
                                              "Actual Total Time": 0.011,
                                              "Actual Rows": 56,
                                              "Actual Loops": 1017,
                                              "Index Cond": "(person_id = an.person_id)"
                                            }
                                          ]
                                        }
                                      ]
                                    },
                                    {
                                      "Node Type": "Hash",
                                      "Parent Relationship": "Inner",
                                      "Parallel Aware": false,
                                      "Startup Cost": 1.15,
                                      "Total Cost": 1.15,
                                      "Plan Rows": 1,
                                      "Plan Width": 4,
                                      "Actual Startup Time": 0.113,
                                      "Actual Total Time": 0.114,
                                      "Actual Rows": 1,
                                      "Actual Loops": 5,
                                      "Hash Buckets": 1024,
                                      "Original Hash Buckets": 1024,
                                      "Hash Batches": 1,
                                      "Original Hash Batches": 1,
                                      "Peak Memory Usage": 9,
                                      "Plans": [
                                        {
                                          "Node Type": "Seq Scan",
                                          "Parent Relationship": "Outer",
                                          "Parallel Aware": false,
                                          "Relation Name": "role_type",
                                          "Alias": "rt",
                                          "Startup Cost": 0.0,
                                          "Total Cost": 1.15,
                                          "Plan Rows": 1,
                                          "Plan Width": 4,
                                          "Actual Startup Time": 0.082,
                                          "Actual Total Time": 0.087,
                                          "Actual Rows": 1,
                                          "Actual Loops": 5,
                                          "Filter": "((role)::text = 'actress'::text)",
                                          "Rows Removed by Filter": 11
                                        }
                                      ]
                                    }
                                  ]
                                },
                                {
                                  "Node Type": "Bitmap Heap Scan",
                                  "Parent Relationship": "Inner",
                                  "Parallel Aware": false,
                                  "Relation Name": "char_name",
                                  "Alias": "chn",
                                  "Startup Cost": 0.45,
                                  "Total Cost": 4.46,
                                  "Plan Rows": 1,
                                  "Plan Width": 20,
                                  "Actual Startup Time": 0.015,
                                  "Actual Total Time": 0.015,
                                  "Actual Rows": 1,
                                  "Actual Loops": 808,
                                  "Recheck Cond": "(id = ci.person_role_id)",
                                  "Rows Removed by Index Recheck": 0,
                                  "Exact Heap Blocks": 169,
                                  "Lossy Heap Blocks": 0,
                                  "Plans": [
                                    {
                                      "Node Type": "Bitmap Index Scan",
                                      "Parent Relationship": "Outer",
                                      "Parallel Aware": false,
                                      "Index Name": "char_name_pkey",
                                      "Startup Cost": 0.0,
                                      "Total Cost": 0.45,
                                      "Plan Rows": 1,
                                      "Plan Width": 0,
                                      "Actual Startup Time": 0.009,
                                      "Actual Total Time": 0.009,
                                      "Actual Rows": 1,
                                      "Actual Loops": 808,
                                      "Index Cond": "(id = ci.person_role_id)"
                                    }
                                  ]
                                }
                              ]
                            },
                            {
                              "Node Type": "Bitmap Heap Scan",
                              "Parent Relationship": "Inner",
                              "Parallel Aware": false,
                              "Relation Name": "movie_companies",
                              "Alias": "mc",
                              "Startup Cost": 0.48,
                              "Total Cost": 4.54,
                              "Plan Rows": 5,
                              "Plan Width": 8,
                              "Actual Startup Time": 0.017,
                              "Actual Total Time": 0.022,
                              "Actual Rows": 8,
                              "Actual Loops": 768,
                              "Recheck Cond": "(movie_id = ci.movie_id)",
                              "Rows Removed by Index Recheck": 0,
                              "Exact Heap Blocks": 174,
                              "Lossy Heap Blocks": 0,
                              "Plans": [
                                {
                                  "Node Type": "Bitmap Index Scan",
                                  "Parent Relationship": "Outer",
                                  "Parallel Aware": false,
                                  "Index Name": "movie_id_movie_companies",
                                  "Startup Cost": 0.0,
                                  "Total Cost": 0.48,
                                  "Plan Rows": 5,
                                  "Plan Width": 0,
                                  "Actual Startup Time": 0.011,
                                  "Actual Total Time": 0.011,
                                  "Actual Rows": 8,
                                  "Actual Loops": 768,
                                  "Index Cond": "(movie_id = ci.movie_id)"
                                }
                              ]
                            }
                          ]
                        },
                        {
                          "Node Type": "Bitmap Heap Scan",
                          "Parent Relationship": "Inner",
                          "Parallel Aware": false,
                          "Relation Name": "company_name",
                          "Alias": "cn",
                          "Startup Cost": 0.43,
                          "Total Cost": 4.44,
                          "Plan Rows": 1,
                          "Plan Width": 4,
                          "Actual Startup Time": 0.008,
                          "Actual Total Time": 0.008,
                          "Actual Rows": 0,
                          "Actual Loops": 6419,
                          "Recheck Cond": "(id = mc.company_id)",
                          "Rows Removed by Index Recheck": 0,
                          "Filter": "((country_code)::text = '[us]'::text)",
                          "Rows Removed by Filter": 1,
                          "Exact Heap Blocks": 1009,
                          "Lossy Heap Blocks": 0,
                          "Plans": [
                            {
                              "Node Type": "Bitmap Index Scan",
                              "Parent Relationship": "Outer",
                              "Parallel Aware": false,
                              "Index Name": "company_name_pkey",
                              "Startup Cost": 0.0,
                              "Total Cost": 0.43,
                              "Plan Rows": 1,
                              "Plan Width": 0,
                              "Actual Startup Time": 0.004,
                              "Actual Total Time": 0.004,
                              "Actual Rows": 1,
                              "Actual Loops": 6419,
                              "Index Cond": "(id = mc.company_id)"
                            }
                          ]
                        }
                      ]
                    },
                    {
                      "Node Type": "Bitmap Heap Scan",
                      "Parent Relationship": "Inner",
                      "Parallel Aware": false,
                      "Relation Name": "title",
                      "Alias": "t",
                      "Startup Cost": 0.45,
                      "Total Cost": 4.46,
                      "Plan Rows": 1,
                      "Plan Width": 21,
                      "Actual Startup Time": 0.007,
                      "Actual Total Time": 0.007,
                      "Actual Rows": 1,
                      "Actual Loops": 2609,
                      "Recheck Cond": "(id = ci.movie_id)",
                      "Rows Removed by Index Recheck": 0,
                      "Exact Heap Blocks": 407,
                      "Lossy Heap Blocks": 0,
                      "Plans": [
                        {
                          "Node Type": "Bitmap Index Scan",
                          "Parent Relationship": "Outer",
                          "Parallel Aware": false,
                          "Index Name": "title_pkey",
                          "Startup Cost": 0.0,
                          "Total Cost": 0.45,
                          "Plan Rows": 1,
                          "Plan Width": 0,
                          "Actual Startup Time": 0.004,
                          "Actual Total Time": 0.004,
                          "Actual Rows": 1,
                          "Actual Loops": 2609,
                          "Index Cond": "(id = ci.movie_id)"
                        }
                      ]
                    }
                  ]
                }
              ]
            }
          ]
        }
      ]
    },
    "Planning Time": 12.595,
    "Triggers": [],
    "Execution Time": 291.799
  }
]