{
  "Plan": {
    "Node Type": "Aggregate",
    "Strategy": "Plain",
    "Partial Mode": "Finalize",
    "Parallel Aware": false,
    "Startup Cost": 327869.8,
    "Total Cost": 327869.81,
    "Plan Rows": 1,
    "Plan Width": 8,
    "Actual Startup Time": 1359.682,
    "Actual Total Time": 1398.94,
    "Actual Rows": 1,
    "Actual Loops": 1,
    "Plans": [
      {
        "Node Type": "Gather",
        "Parent Relationship": "Outer",
        "Parallel Aware": false,
        "Startup Cost": 327869.69,
        "Total Cost": 327869.8,
        "Plan Rows": 1,
        "Plan Width": 8,
        "Actual Startup Time": 1359.467,
        "Actual Total Time": 1398.931,
        "Actual Rows": 2,
        "Actual Loops": 1,
        "Workers Planned": 1,
        "Workers Launched": 1,
        "Single Copy": false,
        "Plans": [
          {
            "Node Type": "Aggregate",
            "Strategy": "Plain",
            "Partial Mode": "Partial",
            "Parent Relationship": "Outer",
            "Parallel Aware": false,
            "Startup Cost": 326869.69,
            "Total Cost": 326869.7,
            "Plan Rows": 1,
            "Plan Width": 8,
            "Actual Startup Time": 1353.939,
            "Actual Total Time": 1353.942,
            "Actual Rows": 1,
            "Actual Loops": 2,
            "Plans": [
              {
                "Node Type": "Hash Join",
                "Parent Relationship": "Outer",
                "Parallel Aware": true,
                "Join Type": "Inner",
                "Startup Cost": 54817.85,
                "Total Cost": 326601.34,
                "Plan Rows": 107339,
                "Plan Width": 0,
                "Actual Startup Time": 150.171,
                "Actual Total Time": 1345.996,
                "Actual Rows": 180831,
                "Actual Loops": 2,
                "Inner Unique": true,
                "Hash Cond": "(mi.movie_id = t.id)",
                "Plans": [
                  {
                    "Node Type": "Seq Scan",
                    "Parent Relationship": "Outer",
                    "Parallel Aware": true,
                    "Relation Name": "movie_info",
                    "Alias": "mi",
                    "Startup Cost": 0.0,
                    "Total Cost": 248955.74,
                    "Plan Rows": 8696274,
                    "Plan Width": 4,
                    "Actual Startup Time": 0.008,
                    "Actual Total Time": 580.055,
                    "Actual Rows": 7417860,
                    "Actual Loops": 2
                  },
                  {
                    "Node Type": "Hash",
                    "Parent Relationship": "Inner",
                    "Parallel Aware": true,
                    "Startup Cost": 54588.39,
                    "Total Cost": 54588.39,
                    "Plan Rows": 18357,
                    "Plan Width": 4,
                    "Actual Startup Time": 131.845,
                    "Actual Total Time": 131.846,
                    "Actual Rows": 17525,
                    "Actual Loops": 2,
                    "Hash Buckets": 65536,
                    "Original Hash Buckets": 32768,
                    "Hash Batches": 1,
                    "Original Hash Batches": 1,
                    "Peak Memory Usage": 2176,
                    "Plans": [
                      {
                        "Node Type": "Seq Scan",
                        "Parent Relationship": "Outer",
                        "Parallel Aware": true,
                        "Relation Name": "title",
                        "Alias": "t",
                        "Startup Cost": 0.0,
                        "Total Cost": 54588.39,
                        "Plan Rows": 18357,
                        "Plan Width": 4,
                        "Actual Startup Time": 69.315,
                        "Actual Total Time": 126.66,
                        "Actual Rows": 17525,
                        "Actual Loops": 2,
                        "Filter": "(production_year < 1912)",
                        "Rows Removed by Filter": 1246631
                      }
                    ]
                  }
                ]
              }
            ]
          }
        ]
      }
    ]
  },
  "Planning Time": 0.429,
  "Triggers": [],
  "Execution Time": 1399.013
}