[
    {
        "Bao": {
            "Bao prediction": "NaN",
            "Bao recommended hint": "(no hint)"
        }
    },
    {
        "Plan": {
            "Node Type": "Aggregate",
            "Strategy": "Plain",
            "Partial Mode": "Finalize",
            "Parallel Aware": false,
            "Startup Cost": 145076.24,
            "Total Cost": 145076.25,
            "Plan Rows": 1,
            "Plan Width": 8,
            "Actual Startup Time": 620.79,
            "Actual Total Time": 638.642,
            "Actual Rows": 1,
            "Actual Loops": 1,
            "Output": [
                "count(*)"
            ],
            "Plans": [
                {
                    "Node Type": "Gather",
                    "Parent Relationship": "Outer",
                    "Parallel Aware": false,
                    "Startup Cost": 145075.92,
                    "Total Cost": 145076.23,
                    "Plan Rows": 3,
                    "Plan Width": 8,
                    "Actual Startup Time": 618.749,
                    "Actual Total Time": 638.634,
                    "Actual Rows": 4,
                    "Actual Loops": 1,
                    "Output": [
                        "(PARTIAL count(*))"
                    ],
                    "Workers Planned": 3,
                    "Workers Launched": 3,
                    "Single Copy": false,
                    "Plans": [
                        {
                            "Node Type": "Aggregate",
                            "Strategy": "Plain",
                            "Partial Mode": "Partial",
                            "Parent Relationship": "Outer",
                            "Parallel Aware": false,
                            "Startup Cost": 144075.92,
                            "Total Cost": 144075.93,
                            "Plan Rows": 1,
                            "Plan Width": 8,
                            "Actual Startup Time": 610.356,
                            "Actual Total Time": 610.36,
                            "Actual Rows": 1,
                            "Actual Loops": 4,
                            "Output": [
                                "PARTIAL count(*)"
                            ],
                            "Workers": [
                                {
                                    "Worker Number": 0,
                                    "Actual Startup Time": 606.718,
                                    "Actual Total Time": 606.721,
                                    "Actual Rows": 1,
                                    "Actual Loops": 1
                                },
                                {
                                    "Worker Number": 1,
                                    "Actual Startup Time": 609.011,
                                    "Actual Total Time": 609.013,
                                    "Actual Rows": 1,
                                    "Actual Loops": 1
                                },
                                {
                                    "Worker Number": 2,
                                    "Actual Startup Time": 607.27,
                                    "Actual Total Time": 607.273,
                                    "Actual Rows": 1,
                                    "Actual Loops": 1
                                }
                            ],
                            "Plans": [
                                {
                                    "Node Type": "Nested Loop",
                                    "Parent Relationship": "Outer",
                                    "Parallel Aware": false,
                                    "Join Type": "Inner",
                                    "Startup Cost": 45682.99,
                                    "Total Cost": 143881.53,
                                    "Plan Rows": 77757,
                                    "Plan Width": 0,
                                    "Actual Startup Time": 90.861,
                                    "Actual Total Time": 578.168,
                                    "Actual Rows": 734412,
                                    "Actual Loops": 4,
                                    "Inner Unique": false,
                                    "Join Filter": "(t.id = mi.movie_id)",
                                    "Rows Removed by Join Filter": 0,
                                    "Workers": [
                                        {
                                            "Worker Number": 0,
                                            "Actual Startup Time": 87.596,
                                            "Actual Total Time": 578.267,
                                            "Actual Rows": 659973,
                                            "Actual Loops": 1
                                        },
                                        {
                                            "Worker Number": 1,
                                            "Actual Startup Time": 87.944,
                                            "Actual Total Time": 575.61,
                                            "Actual Rows": 805853,
                                            "Actual Loops": 1
                                        },
                                        {
                                            "Worker Number": 2,
                                            "Actual Startup Time": 88.548,
                                            "Actual Total Time": 578.956,
                                            "Actual Rows": 656805,
                                            "Actual Loops": 1
                                        }
                                    ],
                                    "Plans": [
                                        {
                                            "Node Type": "Hash Join",
                                            "Parent Relationship": "Outer",
                                            "Parallel Aware": true,
                                            "Join Type": "Inner",
                                            "Startup Cost": 45682.56,
                                            "Total Cost": 91627.17,
                                            "Plan Rows": 31855,
                                            "Plan Width": 8,
                                            "Actual Startup Time": 90.803,
                                            "Actual Total Time": 263.555,
                                            "Actual Rows": 16438,
                                            "Actual Loops": 4,
                                            "Output": [
                                                "t.id",
                                                "mk.movie_id"
                                            ],
                                            "Inner Unique": true,
                                            "Hash Cond": "(mk.movie_id = t.id)",
                                            "Workers": [
                                                {
                                                    "Worker Number": 0,
                                                    "Actual Startup Time": 87.521,
                                                    "Actual Total Time": 268.123,
                                                    "Actual Rows": 17701,
                                                    "Actual Loops": 1
                                                },
                                                {
                                                    "Worker Number": 1,
                                                    "Actual Startup Time": 87.878,
                                                    "Actual Total Time": 242.543,
                                                    "Actual Rows": 15087,
                                                    "Actual Loops": 1
                                                },
                                                {
                                                    "Worker Number": 2,
                                                    "Actual Startup Time": 88.48,
                                                    "Actual Total Time": 276.078,
                                                    "Actual Rows": 17739,
                                                    "Actual Loops": 1
                                                }
                                            ],
                                            "Plans": [
                                                {
                                                    "Node Type": "Seq Scan",
                                                    "Parent Relationship": "Outer",
                                                    "Parallel Aware": true,
                                                    "Relation Name": "movie_keyword",
                                                    "Schema": "public",
                                                    "Alias": "mk",
                                                    "Startup Cost": 0.0,
                                                    "Total Cost": 42695.65,
                                                    "Plan Rows": 1237700,
                                                    "Plan Width": 4,
                                                    "Actual Startup Time": 0.034,
                                                    "Actual Total Time": 106.47,
                                                    "Actual Rows": 957855,
                                                    "Actual Loops": 4,
                                                    "Output": [
                                                        "mk.id",
                                                        "mk.movie_id",
                                                        "mk.keyword_id"
                                                    ],
                                                    "Filter": "(mk.keyword_id > 571)",
                                                    "Rows Removed by Filter": 173128,
                                                    "Workers": [
                                                        {
                                                            "Worker Number": 0,
                                                            "Actual Startup Time": 0.022,
                                                            "Actual Total Time": 112.764,
                                                            "Actual Rows": 1025748,
                                                            "Actual Loops": 1
                                                        },
                                                        {
                                                            "Worker Number": 1,
                                                            "Actual Startup Time": 0.045,
                                                            "Actual Total Time": 93.515,
                                                            "Actual Rows": 855580,
                                                            "Actual Loops": 1
                                                        },
                                                        {
                                                            "Worker Number": 2,
                                                            "Actual Startup Time": 0.018,
                                                            "Actual Total Time": 116.643,
                                                            "Actual Rows": 1082528,
                                                            "Actual Loops": 1
                                                        }
                                                    ]
                                                },
                                                {
                                                    "Node Type": "Hash",
                                                    "Parent Relationship": "Inner",
                                                    "Parallel Aware": true,
                                                    "Startup Cost": 45479.21,
                                                    "Total Cost": 45479.21,
                                                    "Plan Rows": 16268,
                                                    "Plan Width": 4,
                                                    "Actual Startup Time": 90.109,
                                                    "Actual Total Time": 90.11,
                                                    "Actual Rows": 13476,
                                                    "Actual Loops": 4,
                                                    "Output": [
                                                        "t.id"
                                                    ],
                                                    "Hash Buckets": 65536,
                                                    "Original Hash Buckets": 65536,
                                                    "Hash Batches": 1,
                                                    "Original Hash Batches": 1,
                                                    "Peak Memory Usage": 2688,
                                                    "Workers": [
                                                        {
                                                            "Worker Number": 0,
                                                            "Actual Startup Time": 86.959,
                                                            "Actual Total Time": 86.96,
                                                            "Actual Rows": 12480,
                                                            "Actual Loops": 1
                                                        },
                                                        {
                                                            "Worker Number": 1,
                                                            "Actual Startup Time": 87.348,
                                                            "Actual Total Time": 87.349,
                                                            "Actual Rows": 11504,
                                                            "Actual Loops": 1
                                                        },
                                                        {
                                                            "Worker Number": 2,
                                                            "Actual Startup Time": 87.622,
                                                            "Actual Total Time": 87.623,
                                                            "Actual Rows": 12757,
                                                            "Actual Loops": 1
                                                        }
                                                    ],
                                                    "Plans": [
                                                        {
                                                            "Node Type": "Seq Scan",
                                                            "Parent Relationship": "Outer",
                                                            "Parallel Aware": true,
                                                            "Relation Name": "title",
                                                            "Schema": "public",
                                                            "Alias": "t",
                                                            "Startup Cost": 0.0,
                                                            "Total Cost": 45479.21,
                                                            "Plan Rows": 16268,
                                                            "Plan Width": 4,
                                                            "Actual Startup Time": 0.086,
                                                            "Actual Total Time": 85.544,
                                                            "Actual Rows": 13476,
                                                            "Actual Loops": 4,
                                                            "Output": [
                                                                "t.id"
                                                            ],
                                                            "Filter": "((t.kind_id < 7) AND (t.production_year = 2012))",
                                                            "Rows Removed by Filter": 618602,
                                                            "Workers": [
                                                                {
                                                                    "Worker Number": 0,
                                                                    "Actual Startup Time": 0.051,
                                                                    "Actual Total Time": 82.439,
                                                                    "Actual Rows": 12480,
                                                                    "Actual Loops": 1
                                                                },
                                                                {
                                                                    "Worker Number": 1,
                                                                    "Actual Startup Time": 0.207,
                                                                    "Actual Total Time": 82.437,
                                                                    "Actual Rows": 11504,
                                                                    "Actual Loops": 1
                                                                },
                                                                {
                                                                    "Worker Number": 2,
                                                                    "Actual Startup Time": 0.059,
                                                                    "Actual Total Time": 83.348,
                                                                    "Actual Rows": 12757,
                                                                    "Actual Loops": 1
                                                                }
                                                            ]
                                                        }
                                                    ]
                                                }
                                            ]
                                        },
                                        {
                                            "Node Type": "Index Scan",
                                            "Parent Relationship": "Inner",
                                            "Parallel Aware": false,
                                            "Scan Direction": "Forward",
                                            "Index Name": "movie_id_movie_info",
                                            "Relation Name": "movie_info",
                                            "Schema": "public",
                                            "Alias": "mi",
                                            "Startup Cost": 0.43,
                                            "Total Cost": 1.44,
                                            "Plan Rows": 16,
                                            "Plan Width": 4,
                                            "Actual Startup Time": 0.004,
                                            "Actual Total Time": 0.015,
                                            "Actual Rows": 45,
                                            "Actual Loops": 65753,
                                            "Output": [
                                                "mi.id",
                                                "mi.movie_id",
                                                "mi.info_type_id",
                                                "mi.info",
                                                "mi.note"
                                            ],
                                            "Index Cond": "(mi.movie_id = mk.movie_id)",
                                            "Rows Removed by Index Recheck": 0,
                                            "Filter": "(mi.info_type_id > 8)",
                                            "Rows Removed by Filter": 15,
                                            "Workers": [
                                                {
                                                    "Worker Number": 0,
                                                    "Actual Startup Time": 0.004,
                                                    "Actual Total Time": 0.014,
                                                    "Actual Rows": 37,
                                                    "Actual Loops": 17701
                                                },
                                                {
                                                    "Worker Number": 1,
                                                    "Actual Startup Time": 0.005,
                                                    "Actual Total Time": 0.018,
                                                    "Actual Rows": 53,
                                                    "Actual Loops": 15087
                                                },
                                                {
                                                    "Worker Number": 2,
                                                    "Actual Startup Time": 0.004,
                                                    "Actual Total Time": 0.014,
                                                    "Actual Rows": 37,
                                                    "Actual Loops": 17739
                                                }
                                            ]
                                        }
                                    ]
                                }
                            ]
                        }
                    ]
                }
            ]
        },
        "Planning Time": 186.582,
        "Triggers": [],
        "Execution Time": 638.723
    }
]