{
  "Plan": {
    "Node Type": "Aggregate",
    "Strategy": "Plain",
    "Partial Mode": "Finalize",
    "Parallel Aware": false,
    "Startup Cost": 228181.42,
    "Total Cost": 228181.43,
    "Plan Rows": 1,
    "Plan Width": 8,
    "Actual Startup Time": 431.749,
    "Actual Total Time": 449.602,
    "Actual Rows": 1,
    "Actual Loops": 1,
    "Plans": [
      {
        "Node Type": "Gather",
        "Parent Relationship": "Outer",
        "Parallel Aware": false,
        "Startup Cost": 228181.31,
        "Total Cost": 228181.42,
        "Plan Rows": 1,
        "Plan Width": 8,
        "Actual Startup Time": 429.409,
        "Actual Total Time": 449.595,
        "Actual Rows": 2,
        "Actual Loops": 1,
        "Workers Planned": 1,
        "Workers Launched": 1,
        "Single Copy": false,
        "Plans": [
          {
            "Node Type": "Aggregate",
            "Strategy": "Plain",
            "Partial Mode": "Partial",
            "Parent Relationship": "Outer",
            "Parallel Aware": false,
            "Startup Cost": 227181.31,
            "Total Cost": 227181.32,
            "Plan Rows": 1,
            "Plan Width": 8,
            "Actual Startup Time": 422.756,
            "Actual Total Time": 423.073,
            "Actual Rows": 1,
            "Actual Loops": 2,
            "Plans": [
              {
                "Node Type": "Hash Join",
                "Parent Relationship": "Outer",
                "Parallel Aware": true,
                "Join Type": "Inner",
                "Startup Cost": 99205.68,
                "Total Cost": 227176.3,
                "Plan Rows": 2004,
                "Plan Width": 0,
                "Actual Startup Time": 406.994,
                "Actual Total Time": 420.95,
                "Actual Rows": 52768,
                "Actual Loops": 2,
                "Inner Unique": false,
                "Hash Cond": "(mi.movie_id = t.id)",
                "Plans": [
                  {
                    "Node Type": "Bitmap Heap Scan",
                    "Parent Relationship": "Outer",
                    "Parallel Aware": true,
                    "Relation Name": "movie_info",
                    "Alias": "mi",
                    "Startup Cost": 1270.75,
                    "Total Cost": 129075.22,
                    "Plan Rows": 41162,
                    "Plan Width": 4,
                    "Actual Startup Time": 2.775,
                    "Actual Total Time": 8.771,
                    "Actual Rows": 34012,
                    "Actual Loops": 2,
                    "Recheck Cond": "(info_type_id = 94)",
                    "Rows Removed by Index Recheck": 0,
                    "Exact Heap Blocks": 1215,
                    "Lossy Heap Blocks": 0,
                    "Plans": [
                      {
                        "Node Type": "Bitmap Index Scan",
                        "Parent Relationship": "Outer",
                        "Parallel Aware": false,
                        "Index Name": "info_type_id_movie_info",
                        "Startup Cost": 0.0,
                        "Total Cost": 1253.25,
                        "Plan Rows": 69976,
                        "Plan Width": 0,
                        "Actual Startup Time": 2.531,
                        "Actual Total Time": 2.532,
                        "Actual Rows": 68025,
                        "Actual Loops": 1,
                        "Index Cond": "(info_type_id = 94)"
                      }
                    ]
                  },
                  {
                    "Node Type": "Hash",
                    "Parent Relationship": "Inner",
                    "Parallel Aware": true,
                    "Startup Cost": 97029.72,
                    "Total Cost": 97029.72,
                    "Plan Rows": 72417,
                    "Plan Width": 8,
                    "Actual Startup Time": 401.584,
                    "Actual Total Time": 401.899,
                    "Actual Rows": 89168,
                    "Actual Loops": 2,
                    "Hash Buckets": 262144,
                    "Original Hash Buckets": 131072,
                    "Hash Batches": 1,
                    "Original Hash Batches": 1,
                    "Peak Memory Usage": 10080,
                    "Plans": [
                      {
                        "Node Type": "Hash Join",
                        "Parent Relationship": "Outer",
                        "Parallel Aware": true,
                        "Join Type": "Inner",
                        "Startup Cost": 68895.39,
                        "Total Cost": 97029.72,
                        "Plan Rows": 72417,
                        "Plan Width": 8,
                        "Actual Startup Time": 281.689,
                        "Actual Total Time": 381.977,
                        "Actual Rows": 89168,
                        "Actual Loops": 2,
                        "Inner Unique": true,
                        "Hash Cond": "(mk.movie_id = t.id)",
                        "Plans": [
                          {
                            "Node Type": "Bitmap Heap Scan",
                            "Parent Relationship": "Outer",
                            "Parallel Aware": true,
                            "Relation Name": "movie_keyword",
                            "Alias": "mk",
                            "Startup Cost": 8774.27,
                            "Total Cost": 36269.85,
                            "Plan Rows": 243327,
                            "Plan Width": 4,
                            "Actual Startup Time": 26.795,
                            "Actual Total Time": 84.075,
                            "Actual Rows": 202014,
                            "Actual Loops": 2,
                            "Recheck Cond": "(keyword_id > 43039)",
                            "Rows Removed by Index Recheck": 0,
                            "Exact Heap Blocks": 11916,
                            "Lossy Heap Blocks": 0,
                            "Plans": [
                              {
                                "Node Type": "Bitmap Index Scan",
                                "Parent Relationship": "Outer",
                                "Parallel Aware": false,
                                "Index Name": "keyword_id_movie_keyword",
                                "Startup Cost": 0.0,
                                "Total Cost": 8670.85,
                                "Plan Rows": 413656,
                                "Plan Width": 0,
                                "Actual Startup Time": 23.386,
                                "Actual Total Time": 23.386,
                                "Actual Rows": 404027,
                                "Actual Loops": 1,
                                "Index Cond": "(keyword_id > 43039)"
                              }
                            ]
                          },
                          {
                            "Node Type": "Hash",
                            "Parent Relationship": "Inner",
                            "Parallel Aware": true,
                            "Startup Cost": 54588.39,
                            "Total Cost": 54588.39,
                            "Plan Rows": 442619,
                            "Plan Width": 4,
                            "Actual Startup Time": 247.265,
                            "Actual Total Time": 247.266,
                            "Actual Rows": 377951,
                            "Actual Loops": 2,
                            "Hash Buckets": 1048576,
                            "Original Hash Buckets": 1048576,
                            "Hash Batches": 1,
                            "Original Hash Batches": 1,
                            "Peak Memory Usage": 37792,
                            "Plans": [
                              {
                                "Node Type": "Seq Scan",
                                "Parent Relationship": "Outer",
                                "Parallel Aware": true,
                                "Relation Name": "title",
                                "Alias": "t",
                                "Startup Cost": 0.0,
                                "Total Cost": 54588.39,
                                "Plan Rows": 442619,
                                "Plan Width": 4,
                                "Actual Startup Time": 0.031,
                                "Actual Total Time": 152.817,
                                "Actual Rows": 377951,
                                "Actual Loops": 2,
                                "Filter": "(production_year < 1993)",
                                "Rows Removed by Filter": 886205
                              }
                            ]
                          }
                        ]
                      }
                    ]
                  }
                ]
              }
            ]
          }
        ]
      }
    ]
  },
  "Planning Time": 0.96,
  "Triggers": [],
  "Execution Time": 449.715
}