[
  {
    "Plan": {
      "Node Type": "Aggregate",
      "Strategy": "Plain",
      "Partial Mode": "Finalize",
      "Parallel Aware": false,
      "Startup Cost": 459665.89,
      "Total Cost": 459665.9,
      "Plan Rows": 1,
      "Plan Width": 8,
      "Actual Startup Time": 2693.243,
      "Actual Total Time": 2756.563,
      "Actual Rows": 1,
      "Actual Loops": 1,
      "Plans": [
        {
          "Node Type": "Gather",
          "Parent Relationship": "Outer",
          "Parallel Aware": false,
          "Startup Cost": 459665.26,
          "Total Cost": 459665.87,
          "Plan Rows": 6,
          "Plan Width": 8,
          "Actual Startup Time": 2681.954,
          "Actual Total Time": 2756.554,
          "Actual Rows": 7,
          "Actual Loops": 1,
          "Workers Planned": 6,
          "Workers Launched": 6,
          "Single Copy": false,
          "Plans": [
            {
              "Node Type": "Aggregate",
              "Strategy": "Plain",
              "Partial Mode": "Partial",
              "Parent Relationship": "Outer",
              "Parallel Aware": false,
              "Startup Cost": 458665.26,
              "Total Cost": 458665.27,
              "Plan Rows": 1,
              "Plan Width": 8,
              "Actual Startup Time": 2665.764,
              "Actual Total Time": 2665.77,
              "Actual Rows": 1,
              "Actual Loops": 7,
              "Plans": [
                {
                  "Node Type": "Hash Join",
                  "Parent Relationship": "Outer",
                  "Parallel Aware": true,
                  "Join Type": "Inner",
                  "Startup Cost": 99121.4,
                  "Total Cost": 452712.5,
                  "Plan Rows": 2381106,
                  "Plan Width": 0,
                  "Actual Startup Time": 513.793,
                  "Actual Total Time": 2389.829,
                  "Actual Rows": 6528477,
                  "Actual Loops": 7,
                  "Inner Unique": false,
                  "Hash Cond": "(ci.movie_id = t.id)",
                  "Plans": [
                    {
                      "Node Type": "Seq Scan",
                      "Parent Relationship": "Outer",
                      "Parallel Aware": true,
                      "Relation Name": "cast_info",
                      "Alias": "ci",
                      "Startup Cost": 0.0,
                      "Total Cost": 328162.03,
                      "Plan Rows": 4732824,
                      "Plan Width": 4,
                      "Actual Startup Time": 78.992,
                      "Actual Total Time": 610.078,
                      "Actual Rows": 4036285,
                      "Actual Loops": 7,
                      "Filter": "(person_id > 781248)",
                      "Rows Removed by Filter": 1141479
                    },
                    {
                      "Node Type": "Hash",
                      "Parent Relationship": "Inner",
                      "Parallel Aware": true,
                      "Startup Cost": 93992.39,
                      "Total Cost": 93992.39,
                      "Plan Rows": 410321,
                      "Plan Width": 8,
                      "Actual Startup Time": 430.054,
                      "Actual Total Time": 430.058,
                      "Actual Rows": 182468,
                      "Actual Loops": 7,
                      "Hash Buckets": 2097152,
                      "Original Hash Buckets": 2097152,
                      "Hash Batches": 1,
                      "Original Hash Batches": 1,
                      "Peak Memory Usage": 66464,
                      "Plans": [
                        {
                          "Node Type": "Hash Join",
                          "Parent Relationship": "Outer",
                          "Parallel Aware": true,
                          "Join Type": "Inner",
                          "Startup Cost": 50219.64,
                          "Total Cost": 93992.39,
                          "Plan Rows": 410321,
                          "Plan Width": 8,
                          "Actual Startup Time": 254.025,
                          "Actual Total Time": 367.523,
                          "Actual Rows": 182468,
                          "Actual Loops": 7,
                          "Inner Unique": true,
                          "Hash Cond": "(mk.movie_id = t.id)",
                          "Plans": [
                            {
                              "Node Type": "Seq Scan",
                              "Parent Relationship": "Outer",
                              "Parallel Aware": true,
                              "Relation Name": "movie_keyword",
                              "Alias": "mk",
                              "Startup Cost": 0.0,
                              "Total Cost": 42695.65,
                              "Plan Rows": 410321,
                              "Plan Width": 4,
                              "Actual Startup Time": 0.662,
                              "Actual Total Time": 65.908,
                              "Actual Rows": 182468,
                              "Actual Loops": 7,
                              "Filter": "(keyword_id > 13886)",
                              "Rows Removed by Filter": 463808
                            },
                            {
                              "Node Type": "Hash",
                              "Parent Relationship": "Inner",
                              "Parallel Aware": true,
                              "Startup Cost": 42318.73,
                              "Total Cost": 42318.73,
                              "Plan Rows": 632073,
                              "Plan Width": 4,
                              "Actual Startup Time": 249.413,
                              "Actual Total Time": 249.414,
                              "Actual Rows": 361187,
                              "Actual Loops": 7,
                              "Hash Buckets": 4194304,
                              "Original Hash Buckets": 4194304,
                              "Hash Batches": 1,
                              "Original Hash Batches": 1,
                              "Peak Memory Usage": 131776,
                              "Plans": [
                                {
                                  "Node Type": "Seq Scan",
                                  "Parent Relationship": "Outer",
                                  "Parallel Aware": true,
                                  "Relation Name": "title",
                                  "Alias": "t",
                                  "Startup Cost": 0.0,
                                  "Total Cost": 42318.73,
                                  "Plan Rows": 632073,
                                  "Plan Width": 4,
                                  "Actual Startup Time": 0.035,
                                  "Actual Total Time": 71.662,
                                  "Actual Rows": 361187,
                                  "Actual Loops": 7
                                }
                              ]
                            }
                          ]
                        }
                      ]
                    }
                  ]
                }
              ]
            }
          ]
        }
      ]
    },
    "Planning Time": 1.371,
    "Triggers": [],
    "Execution Time": 2756.662
  }
]