{
  "Plan": {
    "Node Type": "Aggregate",
    "Strategy": "Plain",
    "Partial Mode": "Finalize",
    "Parallel Aware": false,
    "Startup Cost": 170494.85,
    "Total Cost": 170494.86,
    "Plan Rows": 1,
    "Plan Width": 8,
    "Actual Startup Time": 759.576,
    "Actual Total Time": 776.347,
    "Actual Rows": 1,
    "Actual Loops": 1,
    "Plans": [
      {
        "Node Type": "Gather",
        "Parent Relationship": "Outer",
        "Parallel Aware": false,
        "Startup Cost": 170494.74,
        "Total Cost": 170494.85,
        "Plan Rows": 1,
        "Plan Width": 8,
        "Actual Startup Time": 758.118,
        "Actual Total Time": 776.337,
        "Actual Rows": 2,
        "Actual Loops": 1,
        "Workers Planned": 1,
        "Workers Launched": 1,
        "Single Copy": false,
        "Plans": [
          {
            "Node Type": "Aggregate",
            "Strategy": "Plain",
            "Partial Mode": "Partial",
            "Parent Relationship": "Outer",
            "Parallel Aware": false,
            "Startup Cost": 169494.74,
            "Total Cost": 169494.75,
            "Plan Rows": 1,
            "Plan Width": 8,
            "Actual Startup Time": 750.132,
            "Actual Total Time": 750.138,
            "Actual Rows": 1,
            "Actual Loops": 2,
            "Plans": [
              {
                "Node Type": "Hash Join",
                "Parent Relationship": "Outer",
                "Parallel Aware": true,
                "Join Type": "Inner",
                "Startup Cost": 106741.77,
                "Total Cost": 168985.23,
                "Plan Rows": 203804,
                "Plan Width": 0,
                "Actual Startup Time": 442.035,
                "Actual Total Time": 748.924,
                "Actual Rows": 30610,
                "Actual Loops": 2,
                "Inner Unique": false,
                "Hash Cond": "(mk.movie_id = t.id)",
                "Plans": [
                  {
                    "Node Type": "Seq Scan",
                    "Parent Relationship": "Outer",
                    "Parallel Aware": true,
                    "Relation Name": "movie_keyword",
                    "Alias": "mk",
                    "Startup Cost": 0.0,
                    "Total Cost": 51065.35,
                    "Plan Rows": 2661135,
                    "Plan Width": 4,
                    "Actual Startup Time": 0.019,
                    "Actual Total Time": 157.683,
                    "Actual Rows": 2261965,
                    "Actual Loops": 2
                  },
                  {
                    "Node Type": "Hash",
                    "Parent Relationship": "Inner",
                    "Parallel Aware": true,
                    "Startup Cost": 105318.02,
                    "Total Cost": 105318.02,
                    "Plan Rows": 113900,
                    "Plan Width": 8,
                    "Actual Startup Time": 435.017,
                    "Actual Total Time": 435.021,
                    "Actual Rows": 7988,
                    "Actual Loops": 2,
                    "Hash Buckets": 262144,
                    "Original Hash Buckets": 262144,
                    "Hash Batches": 1,
                    "Original Hash Batches": 1,
                    "Peak Memory Usage": 2720,
                    "Plans": [
                      {
                        "Node Type": "Hash Join",
                        "Parent Relationship": "Outer",
                        "Parallel Aware": true,
                        "Join Type": "Inner",
                        "Startup Cost": 62379.19,
                        "Total Cost": 105318.02,
                        "Plan Rows": 113900,
                        "Plan Width": 8,
                        "Actual Startup Time": 260.26,
                        "Actual Total Time": 432.514,
                        "Actual Rows": 7988,
                        "Actual Loops": 2,
                        "Inner Unique": true,
                        "Hash Cond": "(mc.movie_id = t.id)",
                        "Plans": [
                          {
                            "Node Type": "Index Scan",
                            "Parent Relationship": "Outer",
                            "Parallel Aware": true,
                            "Scan Direction": "Forward",
                            "Index Name": "company_type_id_movie_companies",
                            "Relation Name": "movie_companies",
                            "Alias": "mc",
                            "Startup Cost": 0.43,
                            "Total Cost": 41574.35,
                            "Plan Rows": 519965,
                            "Plan Width": 4,
                            "Actual Startup Time": 1.538,
                            "Actual Total Time": 104.82,
                            "Actual Rows": 350814,
                            "Actual Loops": 2,
                            "Index Cond": "(company_type_id = 1)",
                            "Rows Removed by Index Recheck": 0,
                            "Filter": "(company_id > 1822)",
                            "Rows Removed by Filter": 286308
                          },
                          {
                            "Node Type": "Hash",
                            "Parent Relationship": "Inner",
                            "Parallel Aware": true,
                            "Startup Cost": 58306.47,
                            "Total Cost": 58306.47,
                            "Plan Rows": 325783,
                            "Plan Width": 4,
                            "Actual Startup Time": 251.097,
                            "Actual Total Time": 251.098,
                            "Actual Rows": 301202,
                            "Actual Loops": 2,
                            "Hash Buckets": 1048576,
                            "Original Hash Buckets": 1048576,
                            "Hash Batches": 1,
                            "Original Hash Batches": 1,
                            "Peak Memory Usage": 31776,
                            "Plans": [
                              {
                                "Node Type": "Seq Scan",
                                "Parent Relationship": "Outer",
                                "Parallel Aware": true,
                                "Relation Name": "title",
                                "Alias": "t",
                                "Startup Cost": 0.0,
                                "Total Cost": 58306.47,
                                "Plan Rows": 325783,
                                "Plan Width": 4,
                                "Actual Startup Time": 0.044,
                                "Actual Total Time": 156.193,
                                "Actual Rows": 301202,
                                "Actual Loops": 2,
                                "Filter": "((production_year > 2006) AND (kind_id = 7))",
                                "Rows Removed by Filter": 962954
                              }
                            ]
                          }
                        ]
                      }
                    ]
                  }
                ]
              }
            ]
          }
        ]
      }
    ]
  },
  "Planning Time": 1.239,
  "Triggers": [],
  "Execution Time": 776.435
}