{
    "Plan": {
        "Node Type": "Aggregate",
        "Strategy": "Plain",
        "Partial Mode": "Simple",
        "Parallel Aware": false,
        "Startup Cost": 60003003846.8,
        "Total Cost": 60003003846.81,
        "Plan Rows": 1,
        "Plan Width": 96,
        "Actual Startup Time": 5233.613,
        "Actual Total Time": 5257.429,
        "Actual Rows": 1,
        "Actual Loops": 1,
        "Output": [
            "min(cn.name)",
            "min(mi_idx.info)",
            "min(t.title)"
        ],
        "Plans": [
            {
                "Node Type": "Hash Join",
                "Parent Relationship": "Outer",
                "Parallel Aware": false,
                "Join Type": "Inner",
                "Startup Cost": 60003003830.67,
                "Total Cost": 60003003846.8,
                "Plan Rows": 1,
                "Plan Width": 41,
                "Actual Startup Time": 5232.459,
                "Actual Total Time": 5257.386,
                "Actual Rows": 94,
                "Actual Loops": 1,
                "Output": [
                    "cn.name",
                    "mi_idx.info",
                    "t.title"
                ],
                "Inner Unique": false,
                "Hash Cond": "(mi.movie_id = t.id)",
                "Plans": [
                    {
                        "Node Type": "Nested Loop",
                        "Parent Relationship": "Outer",
                        "Parallel Aware": false,
                        "Join Type": "Inner",
                        "Startup Cost": 40002899093.22,
                        "Total Cost": 40002899109.34,
                        "Plan Rows": 1,
                        "Plan Width": 44,
                        "Actual Startup Time": 4042.473,
                        "Actual Total Time": 4067.328,
                        "Actual Rows": 158,
                        "Actual Loops": 1,
                        "Output": [
                            "cc.movie_id",
                            "mc.movie_id",
                            "cn.name",
                            "mi.movie_id",
                            "mi_idx.info",
                            "mi_idx.movie_id",
                            "mk.movie_id"
                        ],
                        "Inner Unique": true,
                        "Plans": [
                            {
                                "Node Type": "Hash Join",
                                "Parent Relationship": "Outer",
                                "Parallel Aware": false,
                                "Join Type": "Inner",
                                "Startup Cost": 30002899092.77,
                                "Total Cost": 30002899104.87,
                                "Plan Rows": 1,
                                "Plan Width": 29,
                                "Actual Startup Time": 4042.454,
                                "Actual Total Time": 4066.361,
                                "Actual Rows": 158,
                                "Actual Loops": 1,
                                "Output": [
                                    "cc.movie_id",
                                    "mc.movie_id",
                                    "mc.company_id",
                                    "mi.movie_id",
                                    "mi_idx.info",
                                    "mi_idx.movie_id",
                                    "mk.movie_id"
                                ],
                                "Inner Unique": false,
                                "Hash Cond": "(cc.status_id = cct2.id)",
                                "Plans": [
                                    {
                                        "Node Type": "Merge Join",
                                        "Parent Relationship": "Outer",
                                        "Parallel Aware": false,
                                        "Join Type": "Inner",
                                        "Startup Cost": 30002899091.68,
                                        "Total Cost": 30002899103.77,
                                        "Plan Rows": 1,
                                        "Plan Width": 33,
                                        "Actual Startup Time": 4042.393,
                                        "Actual Total Time": 4066.263,
                                        "Actual Rows": 193,
                                        "Actual Loops": 1,
                                        "Output": [
                                            "cc.movie_id",
                                            "cc.status_id",
                                            "mc.movie_id",
                                            "mc.company_id",
                                            "mi.movie_id",
                                            "mi_idx.info",
                                            "mi_idx.movie_id",
                                            "mk.movie_id"
                                        ],
                                        "Inner Unique": false,
                                        "Merge Cond": "(ct.id = mc.company_type_id)",
                                        "Plans": [
                                            {
                                                "Node Type": "Index Scan",
                                                "Parent Relationship": "Outer",
                                                "Parallel Aware": false,
                                                "Scan Direction": "Forward",
                                                "Index Name": "company_type_pkey",
                                                "Relation Name": "company_type",
                                                "Schema": "public",
                                                "Alias": "ct",
                                                "Startup Cost": 0.13,
                                                "Total Cost": 12.19,
                                                "Plan Rows": 4,
                                                "Plan Width": 4,
                                                "Actual Startup Time": 0.014,
                                                "Actual Total Time": 0.021,
                                                "Actual Rows": 2,
                                                "Actual Loops": 1,
                                                "Output": [
                                                    "ct.id",
                                                    "ct.kind"
                                                ]
                                            },
                                            {
                                                "Node Type": "Sort",
                                                "Parent Relationship": "Inner",
                                                "Parallel Aware": false,
                                                "Startup Cost": 30002899091.55,
                                                "Total Cost": 30002899091.56,
                                                "Plan Rows": 1,
                                                "Plan Width": 37,
                                                "Actual Startup Time": 4042.373,
                                                "Actual Total Time": 4066.195,
                                                "Actual Rows": 193,
                                                "Actual Loops": 1,
                                                "Output": [
                                                    "cc.movie_id",
                                                    "cc.status_id",
                                                    "mc.movie_id",
                                                    "mc.company_type_id",
                                                    "mc.company_id",
                                                    "mi.movie_id",
                                                    "mi_idx.info",
                                                    "mi_idx.movie_id",
                                                    "mk.movie_id"
                                                ],
                                                "Sort Key": [
                                                    "mc.company_type_id"
                                                ],
                                                "Sort Method": "quicksort",
                                                "Sort Space Used": 40,
                                                "Sort Space Type": "Memory",
                                                "Plans": [
                                                    {
                                                        "Node Type": "Nested Loop",
                                                        "Parent Relationship": "Outer",
                                                        "Parallel Aware": false,
                                                        "Join Type": "Inner",
                                                        "Startup Cost": 30002898875.32,
                                                        "Total Cost": 30002899091.54,
                                                        "Plan Rows": 1,
                                                        "Plan Width": 37,
                                                        "Actual Startup Time": 3887.734,
                                                        "Actual Total Time": 4066.069,
                                                        "Actual Rows": 193,
                                                        "Actual Loops": 1,
                                                        "Output": [
                                                            "cc.movie_id",
                                                            "cc.status_id",
                                                            "mc.movie_id",
                                                            "mc.company_type_id",
                                                            "mc.company_id",
                                                            "mi.movie_id",
                                                            "mi_idx.info",
                                                            "mi_idx.movie_id",
                                                            "mk.movie_id"
                                                        ],
                                                        "Inner Unique": true,
                                                        "Plans": [
                                                            {
                                                                "Node Type": "Hash Join",
                                                                "Parent Relationship": "Outer",
                                                                "Parallel Aware": false,
                                                                "Join Type": "Inner",
                                                                "Startup Cost": 20002898874.89,
                                                                "Total Cost": 20002898876.54,
                                                                "Plan Rows": 48,
                                                                "Plan Width": 41,
                                                                "Actual Startup Time": 3885.263,
                                                                "Actual Total Time": 3917.028,
                                                                "Actual Rows": 32048,
                                                                "Actual Loops": 1,
                                                                "Output": [
                                                                    "cc.movie_id",
                                                                    "cc.status_id",
                                                                    "mc.movie_id",
                                                                    "mc.company_type_id",
                                                                    "mc.company_id",
                                                                    "mi.movie_id",
                                                                    "mi_idx.info",
                                                                    "mi_idx.movie_id",
                                                                    "mk.movie_id",
                                                                    "mk.keyword_id"
                                                                ],
                                                                "Inner Unique": false,
                                                                "Hash Cond": "(cct1.id = cc.subject_id)",
                                                                "Plans": [
                                                                    {
                                                                        "Node Type": "Seq Scan",
                                                                        "Parent Relationship": "Outer",
                                                                        "Parallel Aware": false,
                                                                        "Relation Name": "comp_cast_type",
                                                                        "Schema": "public",
                                                                        "Alias": "cct1",
                                                                        "Startup Cost": 10000000000.0,
                                                                        "Total Cost": 10000000001.05,
                                                                        "Plan Rows": 1,
                                                                        "Plan Width": 4,
                                                                        "Actual Startup Time": 0.005,
                                                                        "Actual Total Time": 0.008,
                                                                        "Actual Rows": 1,
                                                                        "Actual Loops": 1,
                                                                        "Output": [
                                                                            "cct1.id",
                                                                            "cct1.kind"
                                                                        ],
                                                                        "Filter": "((cct1.kind)::text = 'crew'::text)",
                                                                        "Rows Removed by Filter": 3
                                                                    },
                                                                    {
                                                                        "Node Type": "Hash",
                                                                        "Parent Relationship": "Inner",
                                                                        "Parallel Aware": false,
                                                                        "Startup Cost": 10002898872.63,
                                                                        "Total Cost": 10002898872.63,
                                                                        "Plan Rows": 181,
                                                                        "Plan Width": 45,
                                                                        "Actual Startup Time": 3885.238,
                                                                        "Actual Total Time": 3909.033,
                                                                        "Actual Rows": 202291,
                                                                        "Actual Loops": 1,
                                                                        "Output": [
                                                                            "cc.movie_id",
                                                                            "cc.subject_id",
                                                                            "cc.status_id",
                                                                            "mc.movie_id",
                                                                            "mc.company_type_id",
                                                                            "mc.company_id",
                                                                            "mi.movie_id",
                                                                            "mi_idx.info",
                                                                            "mi_idx.movie_id",
                                                                            "mk.movie_id",
                                                                            "mk.keyword_id"
                                                                        ],
                                                                        "Hash Buckets": 262144,
                                                                        "Original Hash Buckets": 1024,
                                                                        "Hash Batches": 1,
                                                                        "Original Hash Batches": 1,
                                                                        "Peak Memory Usage": 17062,
                                                                        "Plans": [
                                                                            {
                                                                                "Node Type": "Hash Join",
                                                                                "Parent Relationship": "Outer",
                                                                                "Parallel Aware": false,
                                                                                "Join Type": "Inner",
                                                                                "Startup Cost": 10002898848.04,
                                                                                "Total Cost": 10002898872.63,
                                                                                "Plan Rows": 181,
                                                                                "Plan Width": 45,
                                                                                "Actual Startup Time": 3820.234,
                                                                                "Actual Total Time": 3870.089,
                                                                                "Actual Rows": 202291,
                                                                                "Actual Loops": 1,
                                                                                "Output": [
                                                                                    "cc.movie_id",
                                                                                    "cc.subject_id",
                                                                                    "cc.status_id",
                                                                                    "mc.movie_id",
                                                                                    "mc.company_type_id",
                                                                                    "mc.company_id",
                                                                                    "mi.movie_id",
                                                                                    "mi_idx.info",
                                                                                    "mi_idx.movie_id",
                                                                                    "mk.movie_id",
                                                                                    "mk.keyword_id"
                                                                                ],
                                                                                "Inner Unique": false,
                                                                                "Hash Cond": "(it2.id = mi_idx.info_type_id)",
                                                                                "Plans": [
                                                                                    {
                                                                                        "Node Type": "Index Scan",
                                                                                        "Parent Relationship": "Outer",
                                                                                        "Parallel Aware": false,
                                                                                        "Scan Direction": "Forward",
                                                                                        "Index Name": "info_type_pkey",
                                                                                        "Relation Name": "info_type",
                                                                                        "Schema": "public",
                                                                                        "Alias": "it2",
                                                                                        "Startup Cost": 0.14,
                                                                                        "Total Cost": 14.12,
                                                                                        "Plan Rows": 1,
                                                                                        "Plan Width": 4,
                                                                                        "Actual Startup Time": 0.036,
                                                                                        "Actual Total Time": 0.049,
                                                                                        "Actual Rows": 1,
                                                                                        "Actual Loops": 1,
                                                                                        "Output": [
                                                                                            "it2.id",
                                                                                            "it2.info"
                                                                                        ],
                                                                                        "Filter": "((it2.info)::text = 'rating'::text)",
                                                                                        "Rows Removed by Filter": 112
                                                                                    },
                                                                                    {
                                                                                        "Node Type": "Hash",
                                                                                        "Parent Relationship": "Inner",
                                                                                        "Parallel Aware": false,
                                                                                        "Startup Cost": 10002898586.52,
                                                                                        "Total Cost": 10002898586.52,
                                                                                        "Plan Rows": 20910,
                                                                                        "Plan Width": 49,
                                                                                        "Actual Startup Time": 3820.156,
                                                                                        "Actual Total Time": 3843.948,
                                                                                        "Actual Rows": 589226,
                                                                                        "Actual Loops": 1,
                                                                                        "Output": [
                                                                                            "cc.movie_id",
                                                                                            "cc.subject_id",
                                                                                            "cc.status_id",
                                                                                            "mc.movie_id",
                                                                                            "mc.company_type_id",
                                                                                            "mc.company_id",
                                                                                            "mi.movie_id",
                                                                                            "mi_idx.info",
                                                                                            "mi_idx.movie_id",
                                                                                            "mi_idx.info_type_id",
                                                                                            "mk.movie_id",
                                                                                            "mk.keyword_id"
                                                                                        ],
                                                                                        "Hash Buckets": 1048576,
                                                                                        "Original Hash Buckets": 32768,
                                                                                        "Hash Batches": 1,
                                                                                        "Original Hash Batches": 1,
                                                                                        "Peak Memory Usage": 56496,
                                                                                        "Plans": [
                                                                                            {
                                                                                                "Node Type": "Merge Join",
                                                                                                "Parent Relationship": "Outer",
                                                                                                "Parallel Aware": false,
                                                                                                "Join Type": "Inner",
                                                                                                "Startup Cost": 10002897135.01,
                                                                                                "Total Cost": 10002898586.52,
                                                                                                "Plan Rows": 20910,
                                                                                                "Plan Width": 49,
                                                                                                "Actual Startup Time": 3562.561,
                                                                                                "Actual Total Time": 3715.442,
                                                                                                "Actual Rows": 589226,
                                                                                                "Actual Loops": 1,
                                                                                                "Output": [
                                                                                                    "cc.movie_id",
                                                                                                    "cc.subject_id",
                                                                                                    "cc.status_id",
                                                                                                    "mc.movie_id",
                                                                                                    "mc.company_type_id",
                                                                                                    "mc.company_id",
                                                                                                    "mi.movie_id",
                                                                                                    "mi_idx.info",
                                                                                                    "mi_idx.movie_id",
                                                                                                    "mi_idx.info_type_id",
                                                                                                    "mk.movie_id",
                                                                                                    "mk.keyword_id"
                                                                                                ],
                                                                                                "Inner Unique": false,
                                                                                                "Merge Cond": "(mi.movie_id = mc.movie_id)",
                                                                                                "Plans": [
                                                                                                    {
                                                                                                        "Node Type": "Sort",
                                                                                                        "Parent Relationship": "Outer",
                                                                                                        "Parallel Aware": false,
                                                                                                        "Startup Cost": 2786469.52,
                                                                                                        "Total Cost": 2786688.53,
                                                                                                        "Plan Rows": 87605,
                                                                                                        "Plan Width": 37,
                                                                                                        "Actual Startup Time": 3028.672,
                                                                                                        "Actual Total Time": 3056.087,
                                                                                                        "Actual Rows": 98399,
                                                                                                        "Actual Loops": 1,
                                                                                                        "Output": [
                                                                                                            "cc.movie_id",
                                                                                                            "cc.subject_id",
                                                                                                            "cc.status_id",
                                                                                                            "mi.movie_id",
                                                                                                            "mi_idx.info",
                                                                                                            "mi_idx.movie_id",
                                                                                                            "mi_idx.info_type_id",
                                                                                                            "mk.movie_id",
                                                                                                            "mk.keyword_id"
                                                                                                        ],
                                                                                                        "Sort Key": [
                                                                                                            "cc.movie_id"
                                                                                                        ],
                                                                                                        "Sort Method": "quicksort",
                                                                                                        "Sort Space Used": 10760,
                                                                                                        "Sort Space Type": "Memory",
                                                                                                        "Plans": [
                                                                                                            {
                                                                                                                "Node Type": "Hash Join",
                                                                                                                "Parent Relationship": "Outer",
                                                                                                                "Parallel Aware": false,
                                                                                                                "Join Type": "Inner",
                                                                                                                "Startup Cost": 2369790.12,
                                                                                                                "Total Cost": 2779277.71,
                                                                                                                "Plan Rows": 87605,
                                                                                                                "Plan Width": 37,
                                                                                                                "Actual Startup Time": 2694.266,
                                                                                                                "Actual Total Time": 3036.43,
                                                                                                                "Actual Rows": 98399,
                                                                                                                "Actual Loops": 1,
                                                                                                                "Output": [
                                                                                                                    "cc.movie_id",
                                                                                                                    "cc.subject_id",
                                                                                                                    "cc.status_id",
                                                                                                                    "mi.movie_id",
                                                                                                                    "mi_idx.info",
                                                                                                                    "mi_idx.movie_id",
                                                                                                                    "mi_idx.info_type_id",
                                                                                                                    "mk.movie_id",
                                                                                                                    "mk.keyword_id"
                                                                                                                ],
                                                                                                                "Inner Unique": false,
                                                                                                                "Hash Cond": "(mi_idx.movie_id = mi.movie_id)",
                                                                                                                "Plans": [
                                                                                                                    {
                                                                                                                        "Node Type": "Index Scan",
                                                                                                                        "Parent Relationship": "Outer",
                                                                                                                        "Parallel Aware": false,
                                                                                                                        "Scan Direction": "Forward",
                                                                                                                        "Index Name": "movie_id_movie_info_idx",
                                                                                                                        "Relation Name": "movie_info_idx",
                                                                                                                        "Schema": "public",
                                                                                                                        "Alias": "mi_idx",
                                                                                                                        "Startup Cost": 0.43,
                                                                                                                        "Total Cost": 57080.9,
                                                                                                                        "Plan Rows": 1339166,
                                                                                                                        "Plan Width": 13,
                                                                                                                        "Actual Startup Time": 0.018,
                                                                                                                        "Actual Total Time": 233.53,
                                                                                                                        "Actual Rows": 1337634,
                                                                                                                        "Actual Loops": 1,
                                                                                                                        "Output": [
                                                                                                                            "mi_idx.id",
                                                                                                                            "mi_idx.movie_id",
                                                                                                                            "mi_idx.info_type_id",
                                                                                                                            "mi_idx.info",
                                                                                                                            "mi_idx.note"
                                                                                                                        ],
                                                                                                                        "Filter": "(mi_idx.info < '8.5'::text)",
                                                                                                                        "Rows Removed by Filter": 42401
                                                                                                                    },
                                                                                                                    {
                                                                                                                        "Node Type": "Hash",
                                                                                                                        "Parent Relationship": "Inner",
                                                                                                                        "Parallel Aware": false,
                                                                                                                        "Startup Cost": 2369390.78,
                                                                                                                        "Total Cost": 2369390.78,
                                                                                                                        "Plan Rows": 31913,
                                                                                                                        "Plan Width": 24,
                                                                                                                        "Actual Startup Time": 2690.375,
                                                                                                                        "Actual Total Time": 2714.162,
                                                                                                                        "Actual Rows": 37248,
                                                                                                                        "Actual Loops": 1,
                                                                                                                        "Output": [
                                                                                                                            "cc.movie_id",
                                                                                                                            "cc.subject_id",
                                                                                                                            "cc.status_id",
                                                                                                                            "mi.movie_id",
                                                                                                                            "mk.movie_id",
                                                                                                                            "mk.keyword_id"
                                                                                                                        ],
                                                                                                                        "Hash Buckets": 65536,
                                                                                                                        "Original Hash Buckets": 32768,
                                                                                                                        "Hash Batches": 1,
                                                                                                                        "Original Hash Batches": 1,
                                                                                                                        "Peak Memory Usage": 2549,
                                                                                                                        "Plans": [
                                                                                                                            {
                                                                                                                                "Node Type": "Nested Loop",
                                                                                                                                "Parent Relationship": "Outer",
                                                                                                                                "Parallel Aware": false,
                                                                                                                                "Join Type": "Inner",
                                                                                                                                "Startup Cost": 2313341.34,
                                                                                                                                "Total Cost": 2369390.78,
                                                                                                                                "Plan Rows": 31913,
                                                                                                                                "Plan Width": 24,
                                                                                                                                "Actual Startup Time": 2549.945,
                                                                                                                                "Actual Total Time": 2707.316,
                                                                                                                                "Actual Rows": 37248,
                                                                                                                                "Actual Loops": 1,
                                                                                                                                "Output": [
                                                                                                                                    "cc.movie_id",
                                                                                                                                    "cc.subject_id",
                                                                                                                                    "cc.status_id",
                                                                                                                                    "mi.movie_id",
                                                                                                                                    "mk.movie_id",
                                                                                                                                    "mk.keyword_id"
                                                                                                                                ],
                                                                                                                                "Inner Unique": false,
                                                                                                                                "Plans": [
                                                                                                                                    {
                                                                                                                                        "Node Type": "Hash Join",
                                                                                                                                        "Parent Relationship": "Outer",
                                                                                                                                        "Parallel Aware": false,
                                                                                                                                        "Join Type": "Inner",
                                                                                                                                        "Startup Cost": 2313340.92,
                                                                                                                                        "Total Cost": 2326758.42,
                                                                                                                                        "Plan Rows": 88689,
                                                                                                                                        "Plan Width": 12,
                                                                                                                                        "Actual Startup Time": 2549.853,
                                                                                                                                        "Actual Total Time": 2585.247,
                                                                                                                                        "Actual Rows": 108307,
                                                                                                                                        "Actual Loops": 1,
                                                                                                                                        "Output": [
                                                                                                                                            "mi.movie_id",
                                                                                                                                            "mk.movie_id",
                                                                                                                                            "mk.keyword_id"
                                                                                                                                        ],
                                                                                                                                        "Inner Unique": false,
                                                                                                                                        "Hash Cond": "(it1.id = mi.info_type_id)",
                                                                                                                                        "Plans": [
                                                                                                                                            {
                                                                                                                                                "Node Type": "Seq Scan",
                                                                                                                                                "Parent Relationship": "Outer",
                                                                                                                                                "Parallel Aware": false,
                                                                                                                                                "Relation Name": "info_type",
                                                                                                                                                "Schema": "public",
                                                                                                                                                "Alias": "it1",
                                                                                                                                                "Startup Cost": 0.0,
                                                                                                                                                "Total Cost": 2.41,
                                                                                                                                                "Plan Rows": 1,
                                                                                                                                                "Plan Width": 4,
                                                                                                                                                "Actual Startup Time": 0.008,
                                                                                                                                                "Actual Total Time": 0.018,
                                                                                                                                                "Actual Rows": 1,
                                                                                                                                                "Actual Loops": 1,
                                                                                                                                                "Output": [
                                                                                                                                                    "it1.id",
                                                                                                                                                    "it1.info"
                                                                                                                                                ],
                                                                                                                                                "Filter": "((it1.info)::text = 'countries'::text)",
                                                                                                                                                "Rows Removed by Filter": 112
                                                                                                                                            },
                                                                                                                                            {
                                                                                                                                                "Node Type": "Hash",
                                                                                                                                                "Parent Relationship": "Inner",
                                                                                                                                                "Parallel Aware": false,
                                                                                                                                                "Startup Cost": 2188059.55,
                                                                                                                                                "Total Cost": 2188059.55,
                                                                                                                                                "Plan Rows": 10022510,
                                                                                                                                                "Plan Width": 16,
                                                                                                                                                "Actual Startup Time": 2523.968,
                                                                                                                                                "Actual Total Time": 2547.749,
                                                                                                                                                "Actual Rows": 4187522,
                                                                                                                                                "Actual Loops": 1,
                                                                                                                                                "Output": [
                                                                                                                                                    "mi.movie_id",
                                                                                                                                                    "mi.info_type_id",
                                                                                                                                                    "mk.movie_id",
                                                                                                                                                    "mk.keyword_id"
                                                                                                                                                ],
                                                                                                                                                "Hash Buckets": 16777216,
                                                                                                                                                "Original Hash Buckets": 16777216,
                                                                                                                                                "Hash Batches": 1,
                                                                                                                                                "Original Hash Batches": 1,
                                                                                                                                                "Peak Memory Usage": 327363,
                                                                                                                                                "Plans": [
                                                                                                                                                    {
                                                                                                                                                        "Node Type": "Gather",
                                                                                                                                                        "Parent Relationship": "Outer",
                                                                                                                                                        "Parallel Aware": false,
                                                                                                                                                        "Startup Cost": 165773.57,
                                                                                                                                                        "Total Cost": 2188059.55,
                                                                                                                                                        "Plan Rows": 10022510,
                                                                                                                                                        "Plan Width": 16,
                                                                                                                                                        "Actual Startup Time": 870.492,
                                                                                                                                                        "Actual Total Time": 2152.964,
                                                                                                                                                        "Actual Rows": 4187522,
                                                                                                                                                        "Actual Loops": 1,
                                                                                                                                                        "Output": [
                                                                                                                                                            "mi.movie_id",
                                                                                                                                                            "mi.info_type_id",
                                                                                                                                                            "mk.movie_id",
                                                                                                                                                            "mk.keyword_id"
                                                                                                                                                        ],
                                                                                                                                                        "Workers Planned": 5,
                                                                                                                                                        "Workers Launched": 5,
                                                                                                                                                        "Single Copy": false,
                                                                                                                                                        "Plans": [
                                                                                                                                                            {
                                                                                                                                                                "Node Type": "Hash Join",
                                                                                                                                                                "Parent Relationship": "Outer",
                                                                                                                                                                "Parallel Aware": true,
                                                                                                                                                                "Join Type": "Inner",
                                                                                                                                                                "Startup Cost": 164773.57,
                                                                                                                                                                "Total Cost": 1184808.55,
                                                                                                                                                                "Plan Rows": 2004502,
                                                                                                                                                                "Plan Width": 16,
                                                                                                                                                                "Actual Startup Time": 848.705,
                                                                                                                                                                "Actual Total Time": 2000.539,
                                                                                                                                                                "Actual Rows": 697920,
                                                                                                                                                                "Actual Loops": 6,
                                                                                                                                                                "Output": [
                                                                                                                                                                    "mi.movie_id",
                                                                                                                                                                    "mi.info_type_id",
                                                                                                                                                                    "mk.movie_id",
                                                                                                                                                                    "mk.keyword_id"
                                                                                                                                                                ],
                                                                                                                                                                "Inner Unique": false,
                                                                                                                                                                "Hash Cond": "(mi.movie_id = mk.movie_id)",
                                                                                                                                                                "Workers": [
                                                                                                                                                                    {
                                                                                                                                                                        "Worker Number": 0,
                                                                                                                                                                        "Actual Startup Time": 844.543,
                                                                                                                                                                        "Actual Total Time": 2057.85,
                                                                                                                                                                        "Actual Rows": 834689,
                                                                                                                                                                        "Actual Loops": 1
                                                                                                                                                                    },
                                                                                                                                                                    {
                                                                                                                                                                        "Worker Number": 1,
                                                                                                                                                                        "Actual Startup Time": 844.382,
                                                                                                                                                                        "Actual Total Time": 2059.423,
                                                                                                                                                                        "Actual Rows": 832741,
                                                                                                                                                                        "Actual Loops": 1
                                                                                                                                                                    },
                                                                                                                                                                    {
                                                                                                                                                                        "Worker Number": 2,
                                                                                                                                                                        "Actual Startup Time": 844.287,
                                                                                                                                                                        "Actual Total Time": 2061.653,
                                                                                                                                                                        "Actual Rows": 843009,
                                                                                                                                                                        "Actual Loops": 1
                                                                                                                                                                    },
                                                                                                                                                                    {
                                                                                                                                                                        "Worker Number": 3,
                                                                                                                                                                        "Actual Startup Time": 844.701,
                                                                                                                                                                        "Actual Total Time": 2055.708,
                                                                                                                                                                        "Actual Rows": 838812,
                                                                                                                                                                        "Actual Loops": 1
                                                                                                                                                                    },
                                                                                                                                                                    {
                                                                                                                                                                        "Worker Number": 4,
                                                                                                                                                                        "Actual Startup Time": 844.362,
                                                                                                                                                                        "Actual Total Time": 2039.225,
                                                                                                                                                                        "Actual Rows": 764466,
                                                                                                                                                                        "Actual Loops": 1
                                                                                                                                                                    }
                                                                                                                                                                ],
                                                                                                                                                                "Plans": [
                                                                                                                                                                    {
                                                                                                                                                                        "Node Type": "Index Scan",
                                                                                                                                                                        "Parent Relationship": "Outer",
                                                                                                                                                                        "Parallel Aware": true,
                                                                                                                                                                        "Scan Direction": "Forward",
                                                                                                                                                                        "Index Name": "info_type_id_movie_info",
                                                                                                                                                                        "Relation Name": "movie_info",
                                                                                                                                                                        "Schema": "public",
                                                                                                                                                                        "Alias": "mi",
                                                                                                                                                                        "Startup Cost": 0.43,
                                                                                                                                                                        "Total Cost": 932278.41,
                                                                                                                                                                        "Plan Rows": 166324,
                                                                                                                                                                        "Plan Width": 8,
                                                                                                                                                                        "Actual Startup Time": 306.84,
                                                                                                                                                                        "Actual Total Time": 1289.909,
                                                                                                                                                                        "Actual Rows": 148240,
                                                                                                                                                                        "Actual Loops": 6,
                                                                                                                                                                        "Output": [
                                                                                                                                                                            "mi.id",
                                                                                                                                                                            "mi.movie_id",
                                                                                                                                                                            "mi.info_type_id",
                                                                                                                                                                            "mi.info",
                                                                                                                                                                            "mi.note"
                                                                                                                                                                        ],
                                                                                                                                                                        "Filter": "(mi.info = ANY ('{America,Danish,Bulgaria,English,Norwegian,American,Denmark,German,Sweden,Norway}'::text[]))",
                                                                                                                                                                        "Rows Removed by Filter": 2324380,
                                                                                                                                                                        "Workers": [
                                                                                                                                                                            {
                                                                                                                                                                                "Worker Number": 0,
                                                                                                                                                                                "Actual Startup Time": 306.819,
                                                                                                                                                                                "Actual Total Time": 1318.884,
                                                                                                                                                                                "Actual Rows": 177067,
                                                                                                                                                                                "Actual Loops": 1
                                                                                                                                                                            },
                                                                                                                                                                            {
                                                                                                                                                                                "Worker Number": 1,
                                                                                                                                                                                "Actual Startup Time": 306.923,
                                                                                                                                                                                "Actual Total Time": 1325.118,
                                                                                                                                                                                "Actual Rows": 174526,
                                                                                                                                                                                "Actual Loops": 1
                                                                                                                                                                            },
                                                                                                                                                                            {
                                                                                                                                                                                "Worker Number": 2,
                                                                                                                                                                                "Actual Startup Time": 306.799,
                                                                                                                                                                                "Actual Total Time": 1324.823,
                                                                                                                                                                                "Actual Rows": 184192,
                                                                                                                                                                                "Actual Loops": 1
                                                                                                                                                                            },
                                                                                                                                                                            {
                                                                                                                                                                                "Worker Number": 3,
                                                                                                                                                                                "Actual Startup Time": 306.792,
                                                                                                                                                                                "Actual Total Time": 1317.279,
                                                                                                                                                                                "Actual Rows": 175149,
                                                                                                                                                                                "Actual Loops": 1
                                                                                                                                                                            },
                                                                                                                                                                            {
                                                                                                                                                                                "Worker Number": 4,
                                                                                                                                                                                "Actual Startup Time": 306.91,
                                                                                                                                                                                "Actual Total Time": 1305.746,
                                                                                                                                                                                "Actual Rows": 160222,
                                                                                                                                                                                "Actual Loops": 1
                                                                                                                                                                            }
                                                                                                                                                                        ]
                                                                                                                                                                    },
                                                                                                                                                                    {
                                                                                                                                                                        "Node Type": "Hash",
                                                                                                                                                                        "Parent Relationship": "Inner",
                                                                                                                                                                        "Parallel Aware": true,
                                                                                                                                                                        "Startup Cost": 146531.48,
                                                                                                                                                                        "Total Cost": 146531.48,
                                                                                                                                                                        "Plan Rows": 1459332,
                                                                                                                                                                        "Plan Width": 8,
                                                                                                                                                                        "Actual Startup Time": 529.402,
                                                                                                                                                                        "Actual Total Time": 529.403,
                                                                                                                                                                        "Actual Rows": 753988,
                                                                                                                                                                        "Actual Loops": 6,
                                                                                                                                                                        "Output": [
                                                                                                                                                                            "mk.movie_id",
                                                                                                                                                                            "mk.keyword_id"
                                                                                                                                                                        ],
                                                                                                                                                                        "Hash Buckets": 8388608,
                                                                                                                                                                        "Original Hash Buckets": 8388608,
                                                                                                                                                                        "Hash Batches": 1,
                                                                                                                                                                        "Original Hash Batches": 1,
                                                                                                                                                                        "Peak Memory Usage": 242592,
                                                                                                                                                                        "Workers": [
                                                                                                                                                                            {
                                                                                                                                                                                "Worker Number": 0,
                                                                                                                                                                                "Actual Startup Time": 536.07,
                                                                                                                                                                                "Actual Total Time": 536.071,
                                                                                                                                                                                "Actual Rows": 696060,
                                                                                                                                                                                "Actual Loops": 1
                                                                                                                                                                            },
                                                                                                                                                                            {
                                                                                                                                                                                "Worker Number": 1,
                                                                                                                                                                                "Actual Startup Time": 536.081,
                                                                                                                                                                                "Actual Total Time": 536.081,
                                                                                                                                                                                "Actual Rows": 709922,
                                                                                                                                                                                "Actual Loops": 1
                                                                                                                                                                            },
                                                                                                                                                                            {
                                                                                                                                                                                "Worker Number": 2,
                                                                                                                                                                                "Actual Startup Time": 536.079,
                                                                                                                                                                                "Actual Total Time": 536.08,
                                                                                                                                                                                "Actual Rows": 696599,
                                                                                                                                                                                "Actual Loops": 1
                                                                                                                                                                            },
                                                                                                                                                                            {
                                                                                                                                                                                "Worker Number": 3,
                                                                                                                                                                                "Actual Startup Time": 536.174,
                                                                                                                                                                                "Actual Total Time": 536.175,
                                                                                                                                                                                "Actual Rows": 700354,
                                                                                                                                                                                "Actual Loops": 1
                                                                                                                                                                            },
                                                                                                                                                                            {
                                                                                                                                                                                "Worker Number": 4,
                                                                                                                                                                                "Actual Startup Time": 536.063,
                                                                                                                                                                                "Actual Total Time": 536.064,
                                                                                                                                                                                "Actual Rows": 703208,
                                                                                                                                                                                "Actual Loops": 1
                                                                                                                                                                            }
                                                                                                                                                                        ],
                                                                                                                                                                        "Plans": [
                                                                                                                                                                            {
                                                                                                                                                                                "Node Type": "Index Scan",
                                                                                                                                                                                "Parent Relationship": "Outer",
                                                                                                                                                                                "Parallel Aware": true,
                                                                                                                                                                                "Scan Direction": "Forward",
                                                                                                                                                                                "Index Name": "movie_id_movie_keyword",
                                                                                                                                                                                "Relation Name": "movie_keyword",
                                                                                                                                                                                "Schema": "public",
                                                                                                                                                                                "Alias": "mk",
                                                                                                                                                                                "Startup Cost": 0.43,
                                                                                                                                                                                "Total Cost": 146531.48,
                                                                                                                                                                                "Plan Rows": 1459332,
                                                                                                                                                                                "Plan Width": 8,
                                                                                                                                                                                "Actual Startup Time": 0.388,
                                                                                                                                                                                "Actual Total Time": 251.804,
                                                                                                                                                                                "Actual Rows": 753988,
                                                                                                                                                                                "Actual Loops": 6,
                                                                                                                                                                                "Output": [
                                                                                                                                                                                    "mk.movie_id",
                                                                                                                                                                                    "mk.keyword_id"
                                                                                                                                                                                ],
                                                                                                                                                                                "Workers": [
                                                                                                                                                                                    {
                                                                                                                                                                                        "Worker Number": 0,
                                                                                                                                                                                        "Actual Startup Time": 0.167,
                                                                                                                                                                                        "Actual Total Time": 251.086,
                                                                                                                                                                                        "Actual Rows": 696060,
                                                                                                                                                                                        "Actual Loops": 1
                                                                                                                                                                                    },
                                                                                                                                                                                    {
                                                                                                                                                                                        "Worker Number": 1,
                                                                                                                                                                                        "Actual Startup Time": 0.741,
                                                                                                                                                                                        "Actual Total Time": 252.495,
                                                                                                                                                                                        "Actual Rows": 709922,
                                                                                                                                                                                        "Actual Loops": 1
                                                                                                                                                                                    },
                                                                                                                                                                                    {
                                                                                                                                                                                        "Worker Number": 2,
                                                                                                                                                                                        "Actual Startup Time": 0.169,
                                                                                                                                                                                        "Actual Total Time": 252.286,
                                                                                                                                                                                        "Actual Rows": 696599,
                                                                                                                                                                                        "Actual Loops": 1
                                                                                                                                                                                    },
                                                                                                                                                                                    {
                                                                                                                                                                                        "Worker Number": 3,
                                                                                                                                                                                        "Actual Startup Time": 0.484,
                                                                                                                                                                                        "Actual Total Time": 251.871,
                                                                                                                                                                                        "Actual Rows": 700354,
                                                                                                                                                                                        "Actual Loops": 1
                                                                                                                                                                                    },
                                                                                                                                                                                    {
                                                                                                                                                                                        "Worker Number": 4,
                                                                                                                                                                                        "Actual Startup Time": 0.739,
                                                                                                                                                                                        "Actual Total Time": 251.489,
                                                                                                                                                                                        "Actual Rows": 703208,
                                                                                                                                                                                        "Actual Loops": 1
                                                                                                                                                                                    }
                                                                                                                                                                                ]
                                                                                                                                                                            }
                                                                                                                                                                        ]
                                                                                                                                                                    }
                                                                                                                                                                ]
                                                                                                                                                            }
                                                                                                                                                        ]
                                                                                                                                                    }
                                                                                                                                                ]
                                                                                                                                            }
                                                                                                                                        ]
                                                                                                                                    },
                                                                                                                                    {
                                                                                                                                        "Node Type": "Index Scan",
                                                                                                                                        "Parent Relationship": "Inner",
                                                                                                                                        "Parallel Aware": false,
                                                                                                                                        "Scan Direction": "Forward",
                                                                                                                                        "Index Name": "movie_id_complete_cast",
                                                                                                                                        "Relation Name": "complete_cast",
                                                                                                                                        "Schema": "public",
                                                                                                                                        "Alias": "cc",
                                                                                                                                        "Startup Cost": 0.42,
                                                                                                                                        "Total Cost": 0.46,
                                                                                                                                        "Plan Rows": 2,
                                                                                                                                        "Plan Width": 12,
                                                                                                                                        "Actual Startup Time": 0.001,
                                                                                                                                        "Actual Total Time": 0.001,
                                                                                                                                        "Actual Rows": 0,
                                                                                                                                        "Actual Loops": 108307,
                                                                                                                                        "Output": [
                                                                                                                                            "cc.id",
                                                                                                                                            "cc.movie_id",
                                                                                                                                            "cc.subject_id",
                                                                                                                                            "cc.status_id"
                                                                                                                                        ],
                                                                                                                                        "Index Cond": "(cc.movie_id = mi.movie_id)",
                                                                                                                                        "Rows Removed by Index Recheck": 0
                                                                                                                                    }
                                                                                                                                ]
                                                                                                                            }
                                                                                                                        ]
                                                                                                                    }
                                                                                                                ]
                                                                                                            }
                                                                                                        ]
                                                                                                    },
                                                                                                    {
                                                                                                        "Node Type": "Sort",
                                                                                                        "Parent Relationship": "Inner",
                                                                                                        "Parallel Aware": false,
                                                                                                        "Startup Cost": 10000110665.48,
                                                                                                        "Total Cost": 10000111037.62,
                                                                                                        "Plan Rows": 148857,
                                                                                                        "Plan Width": 12,
                                                                                                        "Actual Startup Time": 533.216,
                                                                                                        "Actual Total Time": 568.732,
                                                                                                        "Actual Rows": 891324,
                                                                                                        "Actual Loops": 1,
                                                                                                        "Output": [
                                                                                                            "mc.movie_id",
                                                                                                            "mc.company_type_id",
                                                                                                            "mc.company_id"
                                                                                                        ],
                                                                                                        "Sort Key": [
                                                                                                            "mc.movie_id"
                                                                                                        ],
                                                                                                        "Sort Method": "quicksort",
                                                                                                        "Sort Space Used": 26504,
                                                                                                        "Sort Space Type": "Memory",
                                                                                                        "Plans": [
                                                                                                            {
                                                                                                                "Node Type": "Index Scan",
                                                                                                                "Parent Relationship": "Outer",
                                                                                                                "Parallel Aware": false,
                                                                                                                "Scan Direction": "Forward",
                                                                                                                "Index Name": "company_type_id_movie_companies",
                                                                                                                "Relation Name": "movie_companies",
                                                                                                                "Schema": "public",
                                                                                                                "Alias": "mc",
                                                                                                                "Startup Cost": 10000000000.43,
                                                                                                                "Total Cost": 10000097876.01,
                                                                                                                "Plan Rows": 148857,
                                                                                                                "Plan Width": 12,
                                                                                                                "Actual Startup Time": 0.032,
                                                                                                                "Actual Total Time": 468.186,
                                                                                                                "Actual Rows": 303271,
                                                                                                                "Actual Loops": 1,
                                                                                                                "Output": [
                                                                                                                    "mc.movie_id",
                                                                                                                    "mc.company_type_id",
                                                                                                                    "mc.company_id"
                                                                                                                ],
                                                                                                                "Filter": "((mc.note !~~ '%(USA)%'::text) AND (mc.note ~~ '%(200%)%'::text))",
                                                                                                                "Rows Removed by Filter": 2305858
                                                                                                            }
                                                                                                        ]
                                                                                                    }
                                                                                                ]
                                                                                            }
                                                                                        ]
                                                                                    }
                                                                                ]
                                                                            }
                                                                        ]
                                                                    }
                                                                ]
                                                            },
                                                            {
                                                                "Node Type": "Bitmap Heap Scan",
                                                                "Parent Relationship": "Inner",
                                                                "Parallel Aware": false,
                                                                "Relation Name": "keyword",
                                                                "Schema": "public",
                                                                "Alias": "k",
                                                                "Startup Cost": 0.43,
                                                                "Total Cost": 4.45,
                                                                "Plan Rows": 1,
                                                                "Plan Width": 4,
                                                                "Actual Startup Time": 0.003,
                                                                "Actual Total Time": 0.003,
                                                                "Actual Rows": 0,
                                                                "Actual Loops": 32048,
                                                                "Output": [
                                                                    "k.id",
                                                                    "k.keyword",
                                                                    "k.phonetic_code"
                                                                ],
                                                                "Recheck Cond": "(k.id = mk.keyword_id)",
                                                                "Rows Removed by Index Recheck": 0,
                                                                "Filter": "(k.keyword = ANY ('{murder,murder-in-title,blood,violence}'::text[]))",
                                                                "Rows Removed by Filter": 1,
                                                                "Exact Heap Blocks": 32048,
                                                                "Lossy Heap Blocks": 0,
                                                                "Plans": [
                                                                    {
                                                                        "Node Type": "Bitmap Index Scan",
                                                                        "Parent Relationship": "Outer",
                                                                        "Parallel Aware": false,
                                                                        "Index Name": "keyword_pkey",
                                                                        "Startup Cost": 0.0,
                                                                        "Total Cost": 0.43,
                                                                        "Plan Rows": 1,
                                                                        "Plan Width": 0,
                                                                        "Actual Startup Time": 0.002,
                                                                        "Actual Total Time": 0.002,
                                                                        "Actual Rows": 1,
                                                                        "Actual Loops": 32048,
                                                                        "Index Cond": "(k.id = mk.keyword_id)"
                                                                    }
                                                                ]
                                                            }
                                                        ]
                                                    }
                                                ]
                                            }
                                        ]
                                    },
                                    {
                                        "Node Type": "Hash",
                                        "Parent Relationship": "Inner",
                                        "Parallel Aware": false,
                                        "Startup Cost": 1.05,
                                        "Total Cost": 1.05,
                                        "Plan Rows": 3,
                                        "Plan Width": 4,
                                        "Actual Startup Time": 0.041,
                                        "Actual Total Time": 0.042,
                                        "Actual Rows": 3,
                                        "Actual Loops": 1,
                                        "Output": [
                                            "cct2.id"
                                        ],
                                        "Hash Buckets": 1024,
                                        "Original Hash Buckets": 1024,
                                        "Hash Batches": 1,
                                        "Original Hash Batches": 1,
                                        "Peak Memory Usage": 9,
                                        "Plans": [
                                            {
                                                "Node Type": "Seq Scan",
                                                "Parent Relationship": "Outer",
                                                "Parallel Aware": false,
                                                "Relation Name": "comp_cast_type",
                                                "Schema": "public",
                                                "Alias": "cct2",
                                                "Startup Cost": 0.0,
                                                "Total Cost": 1.05,
                                                "Plan Rows": 3,
                                                "Plan Width": 4,
                                                "Actual Startup Time": 0.035,
                                                "Actual Total Time": 0.037,
                                                "Actual Rows": 3,
                                                "Actual Loops": 1,
                                                "Output": [
                                                    "cct2.id"
                                                ],
                                                "Filter": "((cct2.kind)::text <> 'complete+verified'::text)",
                                                "Rows Removed by Filter": 1
                                            }
                                        ]
                                    }
                                ]
                            },
                            {
                                "Node Type": "Bitmap Heap Scan",
                                "Parent Relationship": "Inner",
                                "Parallel Aware": false,
                                "Relation Name": "company_name",
                                "Schema": "public",
                                "Alias": "cn",
                                "Startup Cost": 0.45,
                                "Total Cost": 4.47,
                                "Plan Rows": 1,
                                "Plan Width": 23,
                                "Actual Startup Time": 0.004,
                                "Actual Total Time": 0.004,
                                "Actual Rows": 1,
                                "Actual Loops": 158,
                                "Output": [
                                    "cn.id",
                                    "cn.name",
                                    "cn.country_code",
                                    "cn.imdb_id",
                                    "cn.name_pcode_nf",
                                    "cn.name_pcode_sf",
                                    "cn.md5sum"
                                ],
                                "Recheck Cond": "(cn.id = mc.company_id)",
                                "Rows Removed by Index Recheck": 0,
                                "Filter": "((cn.country_code)::text <> '[us]'::text)",
                                "Rows Removed by Filter": 0,
                                "Exact Heap Blocks": 158,
                                "Lossy Heap Blocks": 0,
                                "Plans": [
                                    {
                                        "Node Type": "Bitmap Index Scan",
                                        "Parent Relationship": "Outer",
                                        "Parallel Aware": false,
                                        "Index Name": "company_name_pkey",
                                        "Startup Cost": 0.0,
                                        "Total Cost": 0.45,
                                        "Plan Rows": 1,
                                        "Plan Width": 0,
                                        "Actual Startup Time": 0.002,
                                        "Actual Total Time": 0.002,
                                        "Actual Rows": 1,
                                        "Actual Loops": 158,
                                        "Index Cond": "(cn.id = mc.company_id)"
                                    }
                                ]
                            }
                        ]
                    },
                    {
                        "Node Type": "Hash",
                        "Parent Relationship": "Inner",
                        "Parallel Aware": false,
                        "Startup Cost": 20000099276.94,
                        "Total Cost": 20000099276.94,
                        "Plan Rows": 436840,
                        "Plan Width": 21,
                        "Actual Startup Time": 1189.119,
                        "Actual Total Time": 1189.132,
                        "Actual Rows": 1320974,
                        "Actual Loops": 1,
                        "Output": [
                            "t.title",
                            "t.id"
                        ],
                        "Hash Buckets": 2097152,
                        "Original Hash Buckets": 524288,
                        "Hash Batches": 1,
                        "Original Hash Batches": 1,
                        "Peak Memory Usage": 86030,
                        "Plans": [
                            {
                                "Node Type": "Nested Loop",
                                "Parent Relationship": "Outer",
                                "Parallel Aware": false,
                                "Join Type": "Inner",
                                "Startup Cost": 20000006954.54,
                                "Total Cost": 20000099276.94,
                                "Plan Rows": 436840,
                                "Plan Width": 21,
                                "Actual Startup Time": 53.872,
                                "Actual Total Time": 772.962,
                                "Actual Rows": 1320974,
                                "Actual Loops": 1,
                                "Output": [
                                    "t.title",
                                    "t.id"
                                ],
                                "Inner Unique": false,
                                "Plans": [
                                    {
                                        "Node Type": "Seq Scan",
                                        "Parent Relationship": "Outer",
                                        "Parallel Aware": false,
                                        "Relation Name": "kind_type",
                                        "Schema": "public",
                                        "Alias": "kt",
                                        "Startup Cost": 10000000000.0,
                                        "Total Cost": 10000000001.09,
                                        "Plan Rows": 2,
                                        "Plan Width": 4,
                                        "Actual Startup Time": 0.022,
                                        "Actual Total Time": 0.032,
                                        "Actual Rows": 2,
                                        "Actual Loops": 1,
                                        "Output": [
                                            "kt.id",
                                            "kt.kind"
                                        ],
                                        "Filter": "((kt.kind)::text = ANY ('{movie,episode}'::text[]))",
                                        "Rows Removed by Filter": 5
                                    },
                                    {
                                        "Node Type": "Bitmap Heap Scan",
                                        "Parent Relationship": "Inner",
                                        "Parallel Aware": false,
                                        "Relation Name": "title",
                                        "Schema": "public",
                                        "Alias": "t",
                                        "Startup Cost": 6954.54,
                                        "Total Cost": 47089.7,
                                        "Plan Rows": 254823,
                                        "Plan Width": 25,
                                        "Actual Startup Time": 89.154,
                                        "Actual Total Time": 315.356,
                                        "Actual Rows": 660487,
                                        "Actual Loops": 2,
                                        "Output": [
                                            "t.id",
                                            "t.title",
                                            "t.imdb_index",
                                            "t.kind_id",
                                            "t.production_year",
                                            "t.imdb_id",
                                            "t.phonetic_code",
                                            "t.episode_of_id",
                                            "t.season_nr",
                                            "t.episode_nr",
                                            "t.series_years",
                                            "t.md5sum"
                                        ],
                                        "Recheck Cond": "(t.kind_id = kt.id)",
                                        "Rows Removed by Index Recheck": 0,
                                        "Filter": "(t.production_year > 1997)",
                                        "Rows Removed by Filter": 442558,
                                        "Exact Heap Blocks": 37573,
                                        "Lossy Heap Blocks": 0,
                                        "Plans": [
                                            {
                                                "Node Type": "Bitmap Index Scan",
                                                "Parent Relationship": "Outer",
                                                "Parallel Aware": false,
                                                "Index Name": "kind_id_title",
                                                "Startup Cost": 0.0,
                                                "Total Cost": 6890.83,
                                                "Plan Rows": 421387,
                                                "Plan Width": 0,
                                                "Actual Startup Time": 85.506,
                                                "Actual Total Time": 85.511,
                                                "Actual Rows": 1103044,
                                                "Actual Loops": 2,
                                                "Index Cond": "(t.kind_id = kt.id)"
                                            }
                                        ]
                                    }
                                ]
                            }
                        ]
                    }
                ]
            }
        ]
    },
    "Planning Time": 184.078,
    "Triggers": [],
    "Execution Time": 5260.673
}