[
  {
    "Plan": {
      "Node Type": "Aggregate",
      "Strategy": "Plain",
      "Partial Mode": "Finalize",
      "Parallel Aware": false,
      "Startup Cost": 311852.59,
      "Total Cost": 311852.6,
      "Plan Rows": 1,
      "Plan Width": 8,
      "Actual Startup Time": 227.415,
      "Actual Total Time": 241.687,
      "Actual Rows": 1,
      "Actual Loops": 1,
      "Plans": [
        {
          "Node Type": "Gather",
          "Parent Relationship": "Outer",
          "Parallel Aware": false,
          "Startup Cost": 311851.97,
          "Total Cost": 311852.58,
          "Plan Rows": 6,
          "Plan Width": 8,
          "Actual Startup Time": 226.292,
          "Actual Total Time": 241.674,
          "Actual Rows": 7,
          "Actual Loops": 1,
          "Workers Planned": 6,
          "Workers Launched": 6,
          "Single Copy": false,
          "Plans": [
            {
              "Node Type": "Aggregate",
              "Strategy": "Plain",
              "Partial Mode": "Partial",
              "Parent Relationship": "Outer",
              "Parallel Aware": false,
              "Startup Cost": 310851.97,
              "Total Cost": 310851.98,
              "Plan Rows": 1,
              "Plan Width": 8,
              "Actual Startup Time": 217.963,
              "Actual Total Time": 217.965,
              "Actual Rows": 1,
              "Actual Loops": 7,
              "Plans": [
                {
                  "Node Type": "Bitmap Heap Scan",
                  "Parent Relationship": "Outer",
                  "Parallel Aware": true,
                  "Relation Name": "cast_info",
                  "Alias": "ci",
                  "Startup Cost": 51656.35,
                  "Total Cost": 310216.11,
                  "Plan Rows": 254343,
                  "Plan Width": 0,
                  "Actual Startup Time": 77.226,
                  "Actual Total Time": 199.919,
                  "Actual Rows": 325455,
                  "Actual Loops": 7,
                  "Recheck Cond": "(person_id > 3616739)",
                  "Rows Removed by Index Recheck": 0,
                  "Filter": "(role_id > 1)",
                  "Rows Removed by Filter": 0,
                  "Exact Heap Blocks": 7934,
                  "Lossy Heap Blocks": 0,
                  "Plans": [
                    {
                      "Node Type": "Bitmap Index Scan",
                      "Parent Relationship": "Outer",
                      "Parallel Aware": false,
                      "Index Name": "person_id_cast_info",
                      "Startup Cost": 0.0,
                      "Total Cost": 51274.84,
                      "Plan Rows": 2349103,
                      "Plan Width": 0,
                      "Actual Startup Time": 79.421,
                      "Actual Total Time": 79.422,
                      "Actual Rows": 2278188,
                      "Actual Loops": 1,
                      "Index Cond": "(person_id > 3616739)"
                    }
                  ]
                }
              ]
            }
          ]
        }
      ]
    },
    "Planning Time": 0.096,
    "Triggers": [],
    "Execution Time": 241.731
  }
]