[
  {
    "Plan": {
      "Node Type": "Aggregate",
      "Strategy": "Plain",
      "Partial Mode": "Finalize",
      "Parallel Aware": false,
      "Startup Cost": 33333.39,
      "Total Cost": 33333.4,
      "Plan Rows": 1,
      "Plan Width": 8,
      "Actual Startup Time": 88.424,
      "Actual Total Time": 98.084,
      "Actual Rows": 1,
      "Actual Loops": 1,
      "Plans": [
        {
          "Node Type": "Gather",
          "Parent Relationship": "Outer",
          "Parallel Aware": false,
          "Startup Cost": 33333.07,
          "Total Cost": 33333.38,
          "Plan Rows": 3,
          "Plan Width": 8,
          "Actual Startup Time": 88.081,
          "Actual Total Time": 98.076,
          "Actual Rows": 4,
          "Actual Loops": 1,
          "Workers Planned": 3,
          "Workers Launched": 3,
          "Single Copy": false,
          "Plans": [
            {
              "Node Type": "Aggregate",
              "Strategy": "Plain",
              "Partial Mode": "Partial",
              "Parent Relationship": "Outer",
              "Parallel Aware": false,
              "Startup Cost": 32333.07,
              "Total Cost": 32333.08,
              "Plan Rows": 1,
              "Plan Width": 8,
              "Actual Startup Time": 84.149,
              "Actual Total Time": 84.151,
              "Actual Rows": 1,
              "Actual Loops": 4,
              "Plans": [
                {
                  "Node Type": "Bitmap Heap Scan",
                  "Parent Relationship": "Outer",
                  "Parallel Aware": true,
                  "Relation Name": "movie_keyword",
                  "Alias": "mk",
                  "Startup Cost": 6415.92,
                  "Total Cost": 32089.21,
                  "Plan Rows": 97544,
                  "Plan Width": 0,
                  "Actual Startup Time": 22.441,
                  "Actual Total Time": 79.804,
                  "Actual Rows": 74355,
                  "Actual Loops": 4,
                  "Recheck Cond": "(keyword_id < 243)",
                  "Rows Removed by Index Recheck": 0,
                  "Exact Heap Blocks": 11567,
                  "Lossy Heap Blocks": 0,
                  "Plans": [
                    {
                      "Node Type": "Bitmap Index Scan",
                      "Parent Relationship": "Outer",
                      "Parallel Aware": false,
                      "Index Name": "keyword_id_movie_keyword",
                      "Startup Cost": 0.0,
                      "Total Cost": 6340.32,
                      "Plan Rows": 302385,
                      "Plan Width": 0,
                      "Actual Startup Time": 22.078,
                      "Actual Total Time": 22.078,
                      "Actual Rows": 297420,
                      "Actual Loops": 1,
                      "Index Cond": "(keyword_id < 243)"
                    }
                  ]
                }
              ]
            }
          ]
        }
      ]
    },
    "Planning Time": 0.181,
    "Triggers": [],
    "Execution Time": 98.156
  }
]