{
  "Plan": {
    "Node Type": "Aggregate",
    "Strategy": "Plain",
    "Partial Mode": "Finalize",
    "Parallel Aware": false,
    "Startup Cost": 325742.82,
    "Total Cost": 325742.83,
    "Plan Rows": 1,
    "Plan Width": 8,
    "Actual Startup Time": 2498.932,
    "Actual Total Time": 2525.63,
    "Actual Rows": 1,
    "Actual Loops": 1,
    "Plans": [
      {
        "Node Type": "Gather",
        "Parent Relationship": "Outer",
        "Parallel Aware": false,
        "Startup Cost": 325742.7,
        "Total Cost": 325742.81,
        "Plan Rows": 1,
        "Plan Width": 8,
        "Actual Startup Time": 2492.117,
        "Actual Total Time": 2525.619,
        "Actual Rows": 2,
        "Actual Loops": 1,
        "Workers Planned": 1,
        "Workers Launched": 1,
        "Single Copy": false,
        "Plans": [
          {
            "Node Type": "Aggregate",
            "Strategy": "Plain",
            "Partial Mode": "Partial",
            "Parent Relationship": "Outer",
            "Parallel Aware": false,
            "Startup Cost": 324742.7,
            "Total Cost": 324742.71,
            "Plan Rows": 1,
            "Plan Width": 8,
            "Actual Startup Time": 2486.144,
            "Actual Total Time": 2486.457,
            "Actual Rows": 1,
            "Actual Loops": 2,
            "Plans": [
              {
                "Node Type": "Hash Join",
                "Parent Relationship": "Outer",
                "Parallel Aware": true,
                "Join Type": "Inner",
                "Startup Cost": 252590.14,
                "Total Cost": 323226.41,
                "Plan Rows": 606518,
                "Plan Width": 0,
                "Actual Startup Time": 748.2,
                "Actual Total Time": 1969.134,
                "Actual Rows": 13329971,
                "Actual Loops": 2,
                "Inner Unique": false,
                "Hash Cond": "(mk.movie_id = t.id)",
                "Plans": [
                  {
                    "Node Type": "Seq Scan",
                    "Parent Relationship": "Outer",
                    "Parallel Aware": true,
                    "Relation Name": "movie_keyword",
                    "Alias": "mk",
                    "Startup Cost": 0.0,
                    "Total Cost": 57718.19,
                    "Plan Rows": 2493421,
                    "Plan Width": 4,
                    "Actual Startup Time": 0.014,
                    "Actual Total Time": 199.284,
                    "Actual Rows": 2120790,
                    "Actual Loops": 2,
                    "Filter": "(keyword_id < 56658)",
                    "Rows Removed by Filter": 141175
                  },
                  {
                    "Node Type": "Hash",
                    "Parent Relationship": "Inner",
                    "Parallel Aware": true,
                    "Startup Cost": 248068.08,
                    "Total Cost": 248068.08,
                    "Plan Rows": 361765,
                    "Plan Width": 8,
                    "Actual Startup Time": 739.118,
                    "Actual Total Time": 739.429,
                    "Actual Rows": 299228,
                    "Actual Loops": 2,
                    "Hash Buckets": 1048576,
                    "Original Hash Buckets": 1048576,
                    "Hash Batches": 1,
                    "Original Hash Batches": 1,
                    "Peak Memory Usage": 31648,
                    "Plans": [
                      {
                        "Node Type": "Hash Join",
                        "Parent Relationship": "Outer",
                        "Parallel Aware": true,
                        "Join Type": "Inner",
                        "Startup Cost": 80603.38,
                        "Total Cost": 248068.08,
                        "Plan Rows": 361765,
                        "Plan Width": 8,
                        "Actual Startup Time": 547.079,
                        "Actual Total Time": 674.952,
                        "Actual Rows": 299228,
                        "Actual Loops": 2,
                        "Inner Unique": true,
                        "Hash Cond": "(mi.movie_id = t.id)",
                        "Plans": [
                          {
                            "Node Type": "Bitmap Heap Scan",
                            "Parent Relationship": "Outer",
                            "Parallel Aware": true,
                            "Relation Name": "movie_info",
                            "Alias": "mi",
                            "Startup Cost": 11142.68,
                            "Total Cost": 177657.74,
                            "Plan Rows": 361765,
                            "Plan Width": 4,
                            "Actual Startup Time": 31.944,
                            "Actual Total Time": 89.415,
                            "Actual Rows": 299228,
                            "Actual Loops": 2,
                            "Recheck Cond": "(info_type_id = 15)",
                            "Rows Removed by Index Recheck": 0,
                            "Exact Heap Blocks": 11778,
                            "Lossy Heap Blocks": 0,
                            "Plans": [
                              {
                                "Node Type": "Bitmap Index Scan",
                                "Parent Relationship": "Outer",
                                "Parallel Aware": false,
                                "Index Name": "info_type_id_movie_info",
                                "Startup Cost": 0.0,
                                "Total Cost": 10988.93,
                                "Plan Rows": 615000,
                                "Plan Width": 0,
                                "Actual Startup Time": 28.752,
                                "Actual Total Time": 28.752,
                                "Actual Rows": 598457,
                                "Actual Loops": 1,
                                "Index Cond": "(info_type_id = 15)"
                              }
                            ]
                          },
                          {
                            "Node Type": "Hash",
                            "Parent Relationship": "Inner",
                            "Parallel Aware": true,
                            "Startup Cost": 50870.31,
                            "Total Cost": 50870.31,
                            "Plan Rows": 1487231,
                            "Plan Width": 4,
                            "Actual Startup Time": 499.457,
                            "Actual Total Time": 499.458,
                            "Actual Rows": 1264156,
                            "Actual Loops": 2,
                            "Hash Buckets": 4194304,
                            "Original Hash Buckets": 4194304,
                            "Hash Batches": 1,
                            "Original Hash Batches": 1,
                            "Peak Memory Usage": 131712,
                            "Plans": [
                              {
                                "Node Type": "Seq Scan",
                                "Parent Relationship": "Outer",
                                "Parallel Aware": true,
                                "Relation Name": "title",
                                "Alias": "t",
                                "Startup Cost": 0.0,
                                "Total Cost": 50870.31,
                                "Plan Rows": 1487231,
                                "Plan Width": 4,
                                "Actual Startup Time": 0.036,
                                "Actual Total Time": 148.953,
                                "Actual Rows": 1264156,
                                "Actual Loops": 2
                              }
                            ]
                          }
                        ]
                      }
                    ]
                  }
                ]
              }
            ]
          }
        ]
      }
    ]
  },
  "Planning Time": 0.949,
  "Triggers": [],
  "Execution Time": 2525.731
}