[
  {
    "Plan": {
      "Node Type": "Aggregate",
      "Strategy": "Plain",
      "Partial Mode": "Finalize",
      "Parallel Aware": false,
      "Startup Cost": 30805.38,
      "Total Cost": 30805.39,
      "Plan Rows": 1,
      "Plan Width": 8,
      "Actual Startup Time": 92.778,
      "Actual Total Time": 100.168,
      "Actual Rows": 1,
      "Actual Loops": 1,
      "Plans": [
        {
          "Node Type": "Gather",
          "Parent Relationship": "Outer",
          "Parallel Aware": false,
          "Startup Cost": 30805.06,
          "Total Cost": 30805.37,
          "Plan Rows": 3,
          "Plan Width": 8,
          "Actual Startup Time": 92.675,
          "Actual Total Time": 100.16,
          "Actual Rows": 4,
          "Actual Loops": 1,
          "Workers Planned": 3,
          "Workers Launched": 3,
          "Single Copy": false,
          "Plans": [
            {
              "Node Type": "Aggregate",
              "Strategy": "Plain",
              "Partial Mode": "Partial",
              "Parent Relationship": "Outer",
              "Parallel Aware": false,
              "Startup Cost": 29805.06,
              "Total Cost": 29805.07,
              "Plan Rows": 1,
              "Plan Width": 8,
              "Actual Startup Time": 84.055,
              "Actual Total Time": 84.056,
              "Actual Rows": 1,
              "Actual Loops": 4,
              "Plans": [
                {
                  "Node Type": "Seq Scan",
                  "Parent Relationship": "Outer",
                  "Parallel Aware": true,
                  "Relation Name": "movie_companies",
                  "Alias": "mc",
                  "Startup Cost": 0.0,
                  "Total Cost": 29310.68,
                  "Plan Rows": 197752,
                  "Plan Width": 0,
                  "Actual Startup Time": 41.621,
                  "Actual Total Time": 77.656,
                  "Actual Rows": 156598,
                  "Actual Loops": 4,
                  "Filter": "(company_id > 60724)",
                  "Rows Removed by Filter": 495684
                }
              ]
            }
          ]
        }
      ]
    },
    "Planning Time": 0.176,
    "Triggers": [],
    "Execution Time": 100.223
  }
]