[
  {
    "Plan": {
      "Node Type": "Aggregate",
      "Strategy": "Plain",
      "Partial Mode": "Simple",
      "Parallel Aware": false,
      "Startup Cost": 8733.39,
      "Total Cost": 8733.4,
      "Plan Rows": 1,
      "Plan Width": 8,
      "Actual Startup Time": 33.713,
      "Actual Total Time": 33.714,
      "Actual Rows": 1,
      "Actual Loops": 1,
      "Plans": [
        {
          "Node Type": "Index Only Scan",
          "Parent Relationship": "Outer",
          "Parallel Aware": false,
          "Scan Direction": "Forward",
          "Index Name": "company_id_movie_companies",
          "Relation Name": "movie_companies",
          "Alias": "mc",
          "Startup Cost": 0.43,
          "Total Cost": 8724.26,
          "Plan Rows": 3653,
          "Plan Width": 0,
          "Actual Startup Time": 0.792,
          "Actual Total Time": 33.254,
          "Actual Rows": 2500,
          "Actual Loops": 1,
          "Index Cond": "(company_id = 14490)",
          "Rows Removed by Index Recheck": 0,
          "Heap Fetches": 2500
        }
      ]
    },
    "Planning Time": 0.183,
    "Triggers": [],
    "Execution Time": 33.761
  }
]