[
  {
    "Plan": {
      "Node Type": "Aggregate",
      "Strategy": "Plain",
      "Partial Mode": "Finalize",
      "Parallel Aware": false,
      "Startup Cost": 46739.32,
      "Total Cost": 46739.33,
      "Plan Rows": 1,
      "Plan Width": 8,
      "Actual Startup Time": 86.692,
      "Actual Total Time": 91.768,
      "Actual Rows": 1,
      "Actual Loops": 1,
      "Plans": [
        {
          "Node Type": "Gather",
          "Parent Relationship": "Outer",
          "Parallel Aware": false,
          "Startup Cost": 46738.9,
          "Total Cost": 46739.31,
          "Plan Rows": 4,
          "Plan Width": 8,
          "Actual Startup Time": 86.597,
          "Actual Total Time": 91.763,
          "Actual Rows": 5,
          "Actual Loops": 1,
          "Workers Planned": 4,
          "Workers Launched": 4,
          "Single Copy": false,
          "Plans": [
            {
              "Node Type": "Aggregate",
              "Strategy": "Plain",
              "Partial Mode": "Partial",
              "Parent Relationship": "Outer",
              "Parallel Aware": false,
              "Startup Cost": 45738.9,
              "Total Cost": 45738.91,
              "Plan Rows": 1,
              "Plan Width": 8,
              "Actual Startup Time": 78.824,
              "Actual Total Time": 78.825,
              "Actual Rows": 1,
              "Actual Loops": 5,
              "Plans": [
                {
                  "Node Type": "Seq Scan",
                  "Parent Relationship": "Outer",
                  "Parallel Aware": true,
                  "Relation Name": "title",
                  "Alias": "t",
                  "Startup Cost": 0.0,
                  "Total Cost": 45479.21,
                  "Plan Rows": 103876,
                  "Plan Width": 0,
                  "Actual Startup Time": 36.908,
                  "Actual Total Time": 75.976,
                  "Actual Rows": 60647,
                  "Actual Loops": 5,
                  "Filter": "((kind_id < 2) AND (production_year > 1996))",
                  "Rows Removed by Filter": 445015
                }
              ]
            }
          ]
        }
      ]
    },
    "Planning Time": 0.057,
    "Triggers": [],
    "Execution Time": 91.79
  }
]