[
  {
    "Plan": {
      "Node Type": "Aggregate",
      "Strategy": "Plain",
      "Partial Mode": "Finalize",
      "Parallel Aware": false,
      "Startup Cost": 88729.4,
      "Total Cost": 88729.41,
      "Plan Rows": 1,
      "Plan Width": 8,
      "Actual Startup Time": 204.043,
      "Actual Total Time": 222.33,
      "Actual Rows": 1,
      "Actual Loops": 1,
      "Plans": [
        {
          "Node Type": "Gather",
          "Parent Relationship": "Outer",
          "Parallel Aware": false,
          "Startup Cost": 88729.09,
          "Total Cost": 88729.4,
          "Plan Rows": 3,
          "Plan Width": 8,
          "Actual Startup Time": 203.683,
          "Actual Total Time": 222.319,
          "Actual Rows": 4,
          "Actual Loops": 1,
          "Workers Planned": 3,
          "Workers Launched": 3,
          "Single Copy": false,
          "Plans": [
            {
              "Node Type": "Aggregate",
              "Strategy": "Plain",
              "Partial Mode": "Partial",
              "Parent Relationship": "Outer",
              "Parallel Aware": false,
              "Startup Cost": 87729.09,
              "Total Cost": 87729.1,
              "Plan Rows": 1,
              "Plan Width": 8,
              "Actual Startup Time": 200.459,
              "Actual Total Time": 200.463,
              "Actual Rows": 1,
              "Actual Loops": 4,
              "Plans": [
                {
                  "Node Type": "Hash Join",
                  "Parent Relationship": "Outer",
                  "Parallel Aware": true,
                  "Join Type": "Inner",
                  "Startup Cost": 44091.06,
                  "Total Cost": 87707.8,
                  "Plan Rows": 8515,
                  "Plan Width": 0,
                  "Actual Startup Time": 89.814,
                  "Actual Total Time": 200.123,
                  "Actual Rows": 6466,
                  "Actual Loops": 4,
                  "Inner Unique": true,
                  "Hash Cond": "(mk.movie_id = t.id)",
                  "Plans": [
                    {
                      "Node Type": "Seq Scan",
                      "Parent Relationship": "Outer",
                      "Parallel Aware": true,
                      "Relation Name": "movie_keyword",
                      "Alias": "mk",
                      "Startup Cost": 0.0,
                      "Total Cost": 42695.65,
                      "Plan Rows": 350890,
                      "Plan Width": 4,
                      "Actual Startup Time": 1.154,
                      "Actual Total Time": 88.083,
                      "Actual Rows": 272059,
                      "Actual Loops": 4,
                      "Filter": "(keyword_id > 16264)",
                      "Rows Removed by Filter": 858923
                    },
                    {
                      "Node Type": "Hash",
                      "Parent Relationship": "Inner",
                      "Parallel Aware": true,
                      "Startup Cost": 43899.32,
                      "Total Cost": 43899.32,
                      "Plan Rows": 15339,
                      "Plan Width": 4,
                      "Actual Startup Time": 88.071,
                      "Actual Total Time": 88.072,
                      "Actual Rows": 14648,
                      "Actual Loops": 4,
                      "Hash Buckets": 65536,
                      "Original Hash Buckets": 65536,
                      "Hash Batches": 1,
                      "Original Hash Batches": 1,
                      "Peak Memory Usage": 2848,
                      "Plans": [
                        {
                          "Node Type": "Seq Scan",
                          "Parent Relationship": "Outer",
                          "Parallel Aware": true,
                          "Relation Name": "title",
                          "Alias": "t",
                          "Startup Cost": 0.0,
                          "Total Cost": 43899.32,
                          "Plan Rows": 15339,
                          "Plan Width": 4,
                          "Actual Startup Time": 0.033,
                          "Actual Total Time": 82.499,
                          "Actual Rows": 14648,
                          "Actual Loops": 4,
                          "Filter": "(production_year = 2001)",
                          "Rows Removed by Filter": 617430
                        }
                      ]
                    }
                  ]
                }
              ]
            }
          ]
        }
      ]
    },
    "Planning Time": 0.25,
    "Triggers": [],
    "Execution Time": 222.374
  }
]