[
  {
    "Plan": {
      "Node Type": "Aggregate",
      "Strategy": "Plain",
      "Partial Mode": "Finalize",
      "Parallel Aware": false,
      "Startup Cost": 362402.27,
      "Total Cost": 362402.28,
      "Plan Rows": 1,
      "Plan Width": 8,
      "Actual Startup Time": 405.747,
      "Actual Total Time": 472.231,
      "Actual Rows": 1,
      "Actual Loops": 1,
      "Plans": [
        {
          "Node Type": "Gather",
          "Parent Relationship": "Outer",
          "Parallel Aware": false,
          "Startup Cost": 362401.85,
          "Total Cost": 362402.26,
          "Plan Rows": 4,
          "Plan Width": 8,
          "Actual Startup Time": 405.622,
          "Actual Total Time": 472.223,
          "Actual Rows": 5,
          "Actual Loops": 1,
          "Workers Planned": 4,
          "Workers Launched": 4,
          "Single Copy": false,
          "Plans": [
            {
              "Node Type": "Aggregate",
              "Strategy": "Plain",
              "Partial Mode": "Partial",
              "Parent Relationship": "Outer",
              "Parallel Aware": false,
              "Startup Cost": 361401.85,
              "Total Cost": 361401.86,
              "Plan Rows": 1,
              "Plan Width": 8,
              "Actual Startup Time": 396.43,
              "Actual Total Time": 396.431,
              "Actual Rows": 1,
              "Actual Loops": 5,
              "Plans": [
                {
                  "Node Type": "Nested Loop",
                  "Parent Relationship": "Outer",
                  "Parallel Aware": false,
                  "Join Type": "Inner",
                  "Startup Cost": 0.56,
                  "Total Cost": 361348.73,
                  "Plan Rows": 21246,
                  "Plan Width": 0,
                  "Actual Startup Time": 0.376,
                  "Actual Total Time": 394.804,
                  "Actual Rows": 20282,
                  "Actual Loops": 5,
                  "Inner Unique": false,
                  "Plans": [
                    {
                      "Node Type": "Seq Scan",
                      "Parent Relationship": "Outer",
                      "Parallel Aware": true,
                      "Relation Name": "title",
                      "Alias": "t",
                      "Startup Cost": 0.0,
                      "Total Cost": 43898.92,
                      "Plan Rows": 13653,
                      "Plan Width": 4,
                      "Actual Startup Time": 0.046,
                      "Actual Total Time": 58.906,
                      "Actual Rows": 10113,
                      "Actual Loops": 5,
                      "Filter": "(production_year = 1999)",
                      "Rows Removed by Filter": 495550
                    },
                    {
                      "Node Type": "Index Scan",
                      "Parent Relationship": "Inner",
                      "Parallel Aware": false,
                      "Scan Direction": "Forward",
                      "Index Name": "movie_id_cast_info",
                      "Relation Name": "cast_info",
                      "Alias": "ci",
                      "Startup Cost": 0.56,
                      "Total Cost": 23.21,
                      "Plan Rows": 4,
                      "Plan Width": 4,
                      "Actual Startup Time": 0.01,
                      "Actual Total Time": 0.033,
                      "Actual Rows": 2,
                      "Actual Loops": 50564,
                      "Index Cond": "(movie_id = t.id)",
                      "Rows Removed by Index Recheck": 0,
                      "Filter": "((person_id < 713607) AND (role_id < 3))",
                      "Rows Removed by Filter": 12
                    }
                  ]
                }
              ]
            }
          ]
        }
      ]
    },
    "Planning Time": 0.688,
    "Triggers": [],
    "Execution Time": 472.323
  }
]