[
  {
    "Plan": {
      "Node Type": "Aggregate",
      "Strategy": "Plain",
      "Partial Mode": "Finalize",
      "Parallel Aware": false,
      "Startup Cost": 33259.67,
      "Total Cost": 33259.68,
      "Plan Rows": 1,
      "Plan Width": 8,
      "Actual Startup Time": 97.743,
      "Actual Total Time": 106.128,
      "Actual Rows": 1,
      "Actual Loops": 1,
      "Plans": [
        {
          "Node Type": "Gather",
          "Parent Relationship": "Outer",
          "Parallel Aware": false,
          "Startup Cost": 33259.36,
          "Total Cost": 33259.67,
          "Plan Rows": 3,
          "Plan Width": 8,
          "Actual Startup Time": 97.575,
          "Actual Total Time": 106.119,
          "Actual Rows": 4,
          "Actual Loops": 1,
          "Workers Planned": 3,
          "Workers Launched": 3,
          "Single Copy": false,
          "Plans": [
            {
              "Node Type": "Aggregate",
              "Strategy": "Plain",
              "Partial Mode": "Partial",
              "Parent Relationship": "Outer",
              "Parallel Aware": false,
              "Startup Cost": 32259.36,
              "Total Cost": 32259.37,
              "Plan Rows": 1,
              "Plan Width": 8,
              "Actual Startup Time": 91.586,
              "Actual Total Time": 91.587,
              "Actual Rows": 1,
              "Actual Loops": 4,
              "Plans": [
                {
                  "Node Type": "Seq Scan",
                  "Parent Relationship": "Outer",
                  "Parallel Aware": true,
                  "Relation Name": "movie_companies",
                  "Alias": "mc",
                  "Startup Cost": 0.0,
                  "Total Cost": 31414.82,
                  "Plan Rows": 337815,
                  "Plan Width": 0,
                  "Actual Startup Time": 43.012,
                  "Actual Total Time": 79.358,
                  "Actual Rows": 297621,
                  "Actual Loops": 4,
                  "Filter": "((company_id > 575) AND (company_type_id > 1))",
                  "Rows Removed by Filter": 354661
                }
              ]
            }
          ]
        }
      ]
    },
    "Planning Time": 0.107,
    "Triggers": [],
    "Execution Time": 106.161
  }
]