[
    {
        "Bao": {
            "Bao prediction": "NaN",
            "Bao recommended hint": "(no hint)"
        }
    },
    {
        "Plan": {
            "Node Type": "Aggregate",
            "Strategy": "Plain",
            "Partial Mode": "Finalize",
            "Parallel Aware": false,
            "Startup Cost": 72268.95,
            "Total Cost": 72268.96,
            "Plan Rows": 1,
            "Plan Width": 8,
            "Actual Startup Time": 147.668,
            "Actual Total Time": 153.162,
            "Actual Rows": 1,
            "Actual Loops": 1,
            "Output": [
                "count(*)"
            ],
            "Plans": [
                {
                    "Node Type": "Gather",
                    "Parent Relationship": "Outer",
                    "Parallel Aware": false,
                    "Startup Cost": 72268.63,
                    "Total Cost": 72268.94,
                    "Plan Rows": 3,
                    "Plan Width": 8,
                    "Actual Startup Time": 147.226,
                    "Actual Total Time": 153.155,
                    "Actual Rows": 4,
                    "Actual Loops": 1,
                    "Output": [
                        "(PARTIAL count(*))"
                    ],
                    "Workers Planned": 3,
                    "Workers Launched": 3,
                    "Single Copy": false,
                    "Plans": [
                        {
                            "Node Type": "Aggregate",
                            "Strategy": "Plain",
                            "Partial Mode": "Partial",
                            "Parent Relationship": "Outer",
                            "Parallel Aware": false,
                            "Startup Cost": 71268.63,
                            "Total Cost": 71268.64,
                            "Plan Rows": 1,
                            "Plan Width": 8,
                            "Actual Startup Time": 138.611,
                            "Actual Total Time": 138.614,
                            "Actual Rows": 1,
                            "Actual Loops": 4,
                            "Output": [
                                "PARTIAL count(*)"
                            ],
                            "Workers": [
                                {
                                    "Worker Number": 0,
                                    "Actual Startup Time": 135.639,
                                    "Actual Total Time": 135.642,
                                    "Actual Rows": 1,
                                    "Actual Loops": 1
                                },
                                {
                                    "Worker Number": 1,
                                    "Actual Startup Time": 135.867,
                                    "Actual Total Time": 135.87,
                                    "Actual Rows": 1,
                                    "Actual Loops": 1
                                },
                                {
                                    "Worker Number": 2,
                                    "Actual Startup Time": 136.015,
                                    "Actual Total Time": 136.017,
                                    "Actual Rows": 1,
                                    "Actual Loops": 1
                                }
                            ],
                            "Plans": [
                                {
                                    "Node Type": "Hash Join",
                                    "Parent Relationship": "Outer",
                                    "Parallel Aware": true,
                                    "Join Type": "Inner",
                                    "Startup Cost": 38909.98,
                                    "Total Cost": 71231.95,
                                    "Plan Rows": 14672,
                                    "Plan Width": 0,
                                    "Actual Startup Time": 94.366,
                                    "Actual Total Time": 137.828,
                                    "Actual Rows": 17121,
                                    "Actual Loops": 4,
                                    "Inner Unique": true,
                                    "Hash Cond": "(mc.movie_id = t.id)",
                                    "Workers": [
                                        {
                                            "Worker Number": 0,
                                            "Actual Startup Time": 91.428,
                                            "Actual Total Time": 134.87,
                                            "Actual Rows": 16266,
                                            "Actual Loops": 1
                                        },
                                        {
                                            "Worker Number": 1,
                                            "Actual Startup Time": 91.648,
                                            "Actual Total Time": 135.131,
                                            "Actual Rows": 15659,
                                            "Actual Loops": 1
                                        },
                                        {
                                            "Worker Number": 2,
                                            "Actual Startup Time": 91.698,
                                            "Actual Total Time": 135.22,
                                            "Actual Rows": 16893,
                                            "Actual Loops": 1
                                        }
                                    ],
                                    "Plans": [
                                        {
                                            "Node Type": "Seq Scan",
                                            "Parent Relationship": "Outer",
                                            "Parallel Aware": true,
                                            "Relation Name": "movie_companies",
                                            "Schema": "public",
                                            "Alias": "mc",
                                            "Startup Cost": 0.0,
                                            "Total Cost": 31414.82,
                                            "Plan Rows": 345582,
                                            "Plan Width": 4,
                                            "Actual Startup Time": 25.992,
                                            "Actual Total Time": 60.446,
                                            "Actual Rows": 299634,
                                            "Actual Loops": 4,
                                            "Output": [
                                                "mc.id",
                                                "mc.movie_id",
                                                "mc.company_id",
                                                "mc.company_type_id",
                                                "mc.note"
                                            ],
                                            "Filter": "((mc.company_id > 448) AND (mc.company_type_id = 2))",
                                            "Rows Removed by Filter": 352648,
                                            "Workers": [
                                                {
                                                    "Worker Number": 0,
                                                    "Actual Startup Time": 25.988,
                                                    "Actual Total Time": 60.255,
                                                    "Actual Rows": 287945,
                                                    "Actual Loops": 1
                                                },
                                                {
                                                    "Worker Number": 1,
                                                    "Actual Startup Time": 25.999,
                                                    "Actual Total Time": 60.344,
                                                    "Actual Rows": 286457,
                                                    "Actual Loops": 1
                                                },
                                                {
                                                    "Worker Number": 2,
                                                    "Actual Startup Time": 25.993,
                                                    "Actual Total Time": 60.438,
                                                    "Actual Rows": 288816,
                                                    "Actual Loops": 1
                                                }
                                            ]
                                        },
                                        {
                                            "Node Type": "Hash",
                                            "Parent Relationship": "Inner",
                                            "Parallel Aware": true,
                                            "Startup Cost": 38574.53,
                                            "Total Cost": 38574.53,
                                            "Plan Rows": 26836,
                                            "Plan Width": 4,
                                            "Actual Startup Time": 43.628,
                                            "Actual Total Time": 43.629,
                                            "Actual Rows": 29480,
                                            "Actual Loops": 4,
                                            "Output": [
                                                "t.id"
                                            ],
                                            "Hash Buckets": 131072,
                                            "Original Hash Buckets": 131072,
                                            "Hash Batches": 1,
                                            "Original Hash Batches": 1,
                                            "Peak Memory Usage": 5728,
                                            "Workers": [
                                                {
                                                    "Worker Number": 0,
                                                    "Actual Startup Time": 41.052,
                                                    "Actual Total Time": 41.053,
                                                    "Actual Rows": 16458,
                                                    "Actual Loops": 1
                                                },
                                                {
                                                    "Worker Number": 1,
                                                    "Actual Startup Time": 41.343,
                                                    "Actual Total Time": 41.345,
                                                    "Actual Rows": 18102,
                                                    "Actual Loops": 1
                                                },
                                                {
                                                    "Worker Number": 2,
                                                    "Actual Startup Time": 41.368,
                                                    "Actual Total Time": 41.369,
                                                    "Actual Rows": 18064,
                                                    "Actual Loops": 1
                                                }
                                            ],
                                            "Plans": [
                                                {
                                                    "Node Type": "Bitmap Heap Scan",
                                                    "Parent Relationship": "Outer",
                                                    "Parallel Aware": true,
                                                    "Relation Name": "title",
                                                    "Schema": "public",
                                                    "Alias": "t",
                                                    "Startup Cost": 2133.44,
                                                    "Total Cost": 38574.53,
                                                    "Plan Rows": 26836,
                                                    "Plan Width": 4,
                                                    "Actual Startup Time": 4.516,
                                                    "Actual Total Time": 33.552,
                                                    "Actual Rows": 29480,
                                                    "Actual Loops": 4,
                                                    "Output": [
                                                        "t.id"
                                                    ],
                                                    "Recheck Cond": "(t.kind_id = 4)",
                                                    "Rows Removed by Index Recheck": 0,
                                                    "Filter": "(t.production_year > 1947)",
                                                    "Rows Removed by Filter": 79,
                                                    "Exact Heap Blocks": 7148,
                                                    "Lossy Heap Blocks": 0,
                                                    "Workers": [
                                                        {
                                                            "Worker Number": 0,
                                                            "Actual Startup Time": 1.999,
                                                            "Actual Total Time": 31.929,
                                                            "Actual Rows": 16458,
                                                            "Actual Loops": 1
                                                        },
                                                        {
                                                            "Worker Number": 1,
                                                            "Actual Startup Time": 2.339,
                                                            "Actual Total Time": 32.554,
                                                            "Actual Rows": 18102,
                                                            "Actual Loops": 1
                                                        },
                                                        {
                                                            "Worker Number": 2,
                                                            "Actual Startup Time": 2.278,
                                                            "Actual Total Time": 32.363,
                                                            "Actual Rows": 18064,
                                                            "Actual Loops": 1
                                                        }
                                                    ],
                                                    "Plans": [
                                                        {
                                                            "Node Type": "Bitmap Index Scan",
                                                            "Parent Relationship": "Outer",
                                                            "Parallel Aware": false,
                                                            "Index Name": "kind_id_title",
                                                            "Startup Cost": 0.0,
                                                            "Total Cost": 2106.61,
                                                            "Plan Rows": 118157,
                                                            "Plan Width": 0,
                                                            "Actual Startup Time": 8.972,
                                                            "Actual Total Time": 8.973,
                                                            "Actual Rows": 118234,
                                                            "Actual Loops": 1,
                                                            "Index Cond": "(t.kind_id = 4)"
                                                        }
                                                    ]
                                                }
                                            ]
                                        }
                                    ]
                                }
                            ]
                        }
                    ]
                }
            ]
        },
        "Planning Time": 189.328,
        "Triggers": [],
        "Execution Time": 153.229
    }
]