[
  {
    "Plan": {
      "Node Type": "Aggregate",
      "Strategy": "Plain",
      "Partial Mode": "Finalize",
      "Parallel Aware": false,
      "Startup Cost": 45292.23,
      "Total Cost": 45292.24,
      "Plan Rows": 1,
      "Plan Width": 8,
      "Actual Startup Time": 144.315,
      "Actual Total Time": 154.155,
      "Actual Rows": 1,
      "Actual Loops": 1,
      "Plans": [
        {
          "Node Type": "Gather",
          "Parent Relationship": "Outer",
          "Parallel Aware": false,
          "Startup Cost": 45291.91,
          "Total Cost": 45292.22,
          "Plan Rows": 3,
          "Plan Width": 8,
          "Actual Startup Time": 144.202,
          "Actual Total Time": 154.146,
          "Actual Rows": 4,
          "Actual Loops": 1,
          "Workers Planned": 3,
          "Workers Launched": 3,
          "Single Copy": false,
          "Plans": [
            {
              "Node Type": "Aggregate",
              "Strategy": "Plain",
              "Partial Mode": "Partial",
              "Parent Relationship": "Outer",
              "Parallel Aware": false,
              "Startup Cost": 44291.91,
              "Total Cost": 44291.92,
              "Plan Rows": 1,
              "Plan Width": 8,
              "Actual Startup Time": 135.808,
              "Actual Total Time": 135.809,
              "Actual Rows": 1,
              "Actual Loops": 4,
              "Plans": [
                {
                  "Node Type": "Seq Scan",
                  "Parent Relationship": "Outer",
                  "Parallel Aware": true,
                  "Relation Name": "movie_keyword",
                  "Alias": "mk",
                  "Startup Cost": 0.0,
                  "Total Cost": 42695.65,
                  "Plan Rows": 638502,
                  "Plan Width": 0,
                  "Actual Startup Time": 0.968,
                  "Actual Total Time": 112.398,
                  "Actual Rows": 495352,
                  "Actual Loops": 4,
                  "Filter": "(keyword_id > 6379)",
                  "Rows Removed by Filter": 635630
                }
              ]
            }
          ]
        }
      ]
    },
    "Planning Time": 0.178,
    "Triggers": [],
    "Execution Time": 154.208
  }
]