[
  {
    "Plan": {
      "Node Type": "Aggregate",
      "Strategy": "Plain",
      "Partial Mode": "Finalize",
      "Parallel Aware": false,
      "Startup Cost": 45536.88,
      "Total Cost": 45536.89,
      "Plan Rows": 1,
      "Plan Width": 8,
      "Actual Startup Time": 159.78,
      "Actual Total Time": 168.913,
      "Actual Rows": 1,
      "Actual Loops": 1,
      "Plans": [
        {
          "Node Type": "Gather",
          "Parent Relationship": "Outer",
          "Parallel Aware": false,
          "Startup Cost": 45536.56,
          "Total Cost": 45536.87,
          "Plan Rows": 3,
          "Plan Width": 8,
          "Actual Startup Time": 159.531,
          "Actual Total Time": 168.902,
          "Actual Rows": 4,
          "Actual Loops": 1,
          "Workers Planned": 3,
          "Workers Launched": 3,
          "Single Copy": false,
          "Plans": [
            {
              "Node Type": "Aggregate",
              "Strategy": "Plain",
              "Partial Mode": "Partial",
              "Parent Relationship": "Outer",
              "Parallel Aware": false,
              "Startup Cost": 44536.56,
              "Total Cost": 44536.57,
              "Plan Rows": 1,
              "Plan Width": 8,
              "Actual Startup Time": 152.248,
              "Actual Total Time": 152.249,
              "Actual Rows": 1,
              "Actual Loops": 4,
              "Plans": [
                {
                  "Node Type": "Seq Scan",
                  "Parent Relationship": "Outer",
                  "Parallel Aware": true,
                  "Relation Name": "movie_keyword",
                  "Alias": "mk",
                  "Startup Cost": 0.0,
                  "Total Cost": 42695.65,
                  "Plan Rows": 736364,
                  "Plan Width": 0,
                  "Actual Startup Time": 0.054,
                  "Actual Total Time": 123.481,
                  "Actual Rows": 570855,
                  "Actual Loops": 4,
                  "Filter": "(keyword_id < 4843)",
                  "Rows Removed by Filter": 560127
                }
              ]
            }
          ]
        }
      ]
    },
    "Planning Time": 0.187,
    "Triggers": [],
    "Execution Time": 168.971
  }
]