[
  {
    "Plan": {
      "Node Type": "Aggregate",
      "Strategy": "Plain",
      "Partial Mode": "Finalize",
      "Parallel Aware": false,
      "Startup Cost": 32274.18,
      "Total Cost": 32274.19,
      "Plan Rows": 1,
      "Plan Width": 8,
      "Actual Startup Time": 122.639,
      "Actual Total Time": 130.666,
      "Actual Rows": 1,
      "Actual Loops": 1,
      "Plans": [
        {
          "Node Type": "Gather",
          "Parent Relationship": "Outer",
          "Parallel Aware": false,
          "Startup Cost": 32273.86,
          "Total Cost": 32274.17,
          "Plan Rows": 3,
          "Plan Width": 8,
          "Actual Startup Time": 122.528,
          "Actual Total Time": 130.657,
          "Actual Rows": 4,
          "Actual Loops": 1,
          "Workers Planned": 3,
          "Workers Launched": 3,
          "Single Copy": false,
          "Plans": [
            {
              "Node Type": "Aggregate",
              "Strategy": "Plain",
              "Partial Mode": "Partial",
              "Parent Relationship": "Outer",
              "Parallel Aware": false,
              "Startup Cost": 31273.86,
              "Total Cost": 31273.87,
              "Plan Rows": 1,
              "Plan Width": 8,
              "Actual Startup Time": 114.062,
              "Actual Total Time": 114.063,
              "Actual Rows": 1,
              "Actual Loops": 4,
              "Plans": [
                {
                  "Node Type": "Seq Scan",
                  "Parent Relationship": "Outer",
                  "Parallel Aware": true,
                  "Relation Name": "movie_companies",
                  "Alias": "mc",
                  "Startup Cost": 0.0,
                  "Total Cost": 29310.68,
                  "Plan Rows": 785273,
                  "Plan Width": 0,
                  "Actual Startup Time": 0.047,
                  "Actual Total Time": 84.588,
                  "Actual Rows": 609698,
                  "Actual Loops": 4,
                  "Filter": "(company_id < 123743)",
                  "Rows Removed by Filter": 42584
                }
              ]
            }
          ]
        }
      ]
    },
    "Planning Time": 0.197,
    "Triggers": [],
    "Execution Time": 130.723
  }
]