[
  {
    "Plan": {
      "Node Type": "Aggregate",
      "Strategy": "Plain",
      "Partial Mode": "Finalize",
      "Parallel Aware": false,
      "Startup Cost": 32203.55,
      "Total Cost": 32203.56,
      "Plan Rows": 1,
      "Plan Width": 8,
      "Actual Startup Time": 111.994,
      "Actual Total Time": 117.257,
      "Actual Rows": 1,
      "Actual Loops": 1,
      "Plans": [
        {
          "Node Type": "Gather",
          "Parent Relationship": "Outer",
          "Parallel Aware": false,
          "Startup Cost": 32203.24,
          "Total Cost": 32203.55,
          "Plan Rows": 3,
          "Plan Width": 8,
          "Actual Startup Time": 111.74,
          "Actual Total Time": 117.248,
          "Actual Rows": 4,
          "Actual Loops": 1,
          "Workers Planned": 3,
          "Workers Launched": 3,
          "Single Copy": false,
          "Plans": [
            {
              "Node Type": "Aggregate",
              "Strategy": "Plain",
              "Partial Mode": "Partial",
              "Parent Relationship": "Outer",
              "Parallel Aware": false,
              "Startup Cost": 31203.24,
              "Total Cost": 31203.25,
              "Plan Rows": 1,
              "Plan Width": 8,
              "Actual Startup Time": 104.722,
              "Actual Total Time": 104.723,
              "Actual Rows": 1,
              "Actual Loops": 4,
              "Plans": [
                {
                  "Node Type": "Bitmap Heap Scan",
                  "Parent Relationship": "Outer",
                  "Parallel Aware": true,
                  "Relation Name": "movie_companies",
                  "Alias": "mc",
                  "Startup Cost": 9981.85,
                  "Total Cost": 31013.54,
                  "Plan Rows": 75879,
                  "Plan Width": 0,
                  "Actual Startup Time": 87.582,
                  "Actual Total Time": 103.061,
                  "Actual Rows": 28343,
                  "Actual Loops": 4,
                  "Recheck Cond": "(company_id < 394)",
                  "Rows Removed by Index Recheck": 0,
                  "Filter": "(company_type_id > 1)",
                  "Rows Removed by Filter": 86177,
                  "Exact Heap Blocks": 7230,
                  "Lossy Heap Blocks": 0,
                  "Plans": [
                    {
                      "Node Type": "Bitmap Index Scan",
                      "Parent Relationship": "Outer",
                      "Parallel Aware": false,
                      "Index Name": "company_id_movie_companies",
                      "Startup Cost": 0.0,
                      "Total Cost": 9923.05,
                      "Plan Rows": 463282,
                      "Plan Width": 0,
                      "Actual Startup Time": 47.318,
                      "Actual Total Time": 47.319,
                      "Actual Rows": 458080,
                      "Actual Loops": 1,
                      "Index Cond": "(company_id < 394)"
                    }
                  ]
                }
              ]
            }
          ]
        }
      ]
    },
    "Planning Time": 0.203,
    "Triggers": [],
    "Execution Time": 117.331
  }
]