[
  {
    "Plan": {
      "Node Type": "Aggregate",
      "Strategy": "Plain",
      "Partial Mode": "Finalize",
      "Parallel Aware": false,
      "Startup Cost": 37273.9,
      "Total Cost": 37273.91,
      "Plan Rows": 1,
      "Plan Width": 8,
      "Actual Startup Time": 116.05,
      "Actual Total Time": 124.084,
      "Actual Rows": 1,
      "Actual Loops": 1,
      "Plans": [
        {
          "Node Type": "Gather",
          "Parent Relationship": "Outer",
          "Parallel Aware": false,
          "Startup Cost": 37273.58,
          "Total Cost": 37273.89,
          "Plan Rows": 3,
          "Plan Width": 8,
          "Actual Startup Time": 115.774,
          "Actual Total Time": 124.077,
          "Actual Rows": 4,
          "Actual Loops": 1,
          "Workers Planned": 3,
          "Workers Launched": 3,
          "Single Copy": false,
          "Plans": [
            {
              "Node Type": "Aggregate",
              "Strategy": "Plain",
              "Partial Mode": "Partial",
              "Parent Relationship": "Outer",
              "Parallel Aware": false,
              "Startup Cost": 36273.58,
              "Total Cost": 36273.59,
              "Plan Rows": 1,
              "Plan Width": 8,
              "Actual Startup Time": 110.893,
              "Actual Total Time": 110.895,
              "Actual Rows": 1,
              "Actual Loops": 4,
              "Plans": [
                {
                  "Node Type": "Bitmap Heap Scan",
                  "Parent Relationship": "Outer",
                  "Parallel Aware": true,
                  "Relation Name": "movie_keyword",
                  "Alias": "mk",
                  "Startup Cost": 9624.39,
                  "Total Cost": 35907.71,
                  "Plan Rows": 146346,
                  "Plan Width": 0,
                  "Actual Startup Time": 40.691,
                  "Actual Total Time": 104.577,
                  "Actual Rows": 111204,
                  "Actual Loops": 4,
                  "Recheck Cond": "(keyword_id > 39813)",
                  "Rows Removed by Index Recheck": 0,
                  "Exact Heap Blocks": 10664,
                  "Lossy Heap Blocks": 0,
                  "Plans": [
                    {
                      "Node Type": "Bitmap Index Scan",
                      "Parent Relationship": "Outer",
                      "Parallel Aware": false,
                      "Index Name": "keyword_id_movie_keyword",
                      "Startup Cost": 0.0,
                      "Total Cost": 9510.97,
                      "Plan Rows": 453672,
                      "Plan Width": 0,
                      "Actual Startup Time": 41.406,
                      "Actual Total Time": 41.406,
                      "Actual Rows": 444818,
                      "Actual Loops": 1,
                      "Index Cond": "(keyword_id > 39813)"
                    }
                  ]
                }
              ]
            }
          ]
        }
      ]
    },
    "Planning Time": 0.178,
    "Triggers": [],
    "Execution Time": 124.157
  }
]