[
  {
    "Plan": {
      "Node Type": "Aggregate",
      "Strategy": "Plain",
      "Partial Mode": "Finalize",
      "Parallel Aware": false,
      "Startup Cost": 46550.76,
      "Total Cost": 46550.77,
      "Plan Rows": 1,
      "Plan Width": 8,
      "Actual Startup Time": 164.325,
      "Actual Total Time": 173.919,
      "Actual Rows": 1,
      "Actual Loops": 1,
      "Plans": [
        {
          "Node Type": "Gather",
          "Parent Relationship": "Outer",
          "Parallel Aware": false,
          "Startup Cost": 46550.44,
          "Total Cost": 46550.75,
          "Plan Rows": 3,
          "Plan Width": 8,
          "Actual Startup Time": 164.214,
          "Actual Total Time": 173.91,
          "Actual Rows": 4,
          "Actual Loops": 1,
          "Workers Planned": 3,
          "Workers Launched": 3,
          "Single Copy": false,
          "Plans": [
            {
              "Node Type": "Aggregate",
              "Strategy": "Plain",
              "Partial Mode": "Partial",
              "Parent Relationship": "Outer",
              "Parallel Aware": false,
              "Startup Cost": 45550.44,
              "Total Cost": 45550.45,
              "Plan Rows": 1,
              "Plan Width": 8,
              "Actual Startup Time": 156.959,
              "Actual Total Time": 156.96,
              "Actual Rows": 1,
              "Actual Loops": 4,
              "Plans": [
                {
                  "Node Type": "Seq Scan",
                  "Parent Relationship": "Outer",
                  "Parallel Aware": true,
                  "Relation Name": "movie_keyword",
                  "Alias": "mk",
                  "Startup Cost": 0.0,
                  "Total Cost": 42695.65,
                  "Plan Rows": 1141914,
                  "Plan Width": 0,
                  "Actual Startup Time": 0.098,
                  "Actual Total Time": 119.288,
                  "Actual Rows": 884616,
                  "Actual Loops": 4,
                  "Filter": "(keyword_id > 925)",
                  "Rows Removed by Filter": 246366
                }
              ]
            }
          ]
        }
      ]
    },
    "Planning Time": 0.187,
    "Triggers": [],
    "Execution Time": 173.975
  }
]