{
  "Plan": {
    "Node Type": "Aggregate",
    "Strategy": "Plain",
    "Partial Mode": "Finalize",
    "Parallel Aware": false,
    "Startup Cost": 17282.02,
    "Total Cost": 17282.03,
    "Plan Rows": 1,
    "Plan Width": 8,
    "Actual Startup Time": 19.384,
    "Actual Total Time": 21.704,
    "Actual Rows": 1,
    "Actual Loops": 1,
    "Plans": [
      {
        "Node Type": "Gather",
        "Parent Relationship": "Outer",
        "Parallel Aware": false,
        "Startup Cost": 17281.91,
        "Total Cost": 17282.02,
        "Plan Rows": 1,
        "Plan Width": 8,
        "Actual Startup Time": 19.288,
        "Actual Total Time": 21.695,
        "Actual Rows": 2,
        "Actual Loops": 1,
        "Workers Planned": 1,
        "Workers Launched": 1,
        "Single Copy": false,
        "Plans": [
          {
            "Node Type": "Aggregate",
            "Strategy": "Plain",
            "Partial Mode": "Partial",
            "Parent Relationship": "Outer",
            "Parallel Aware": false,
            "Startup Cost": 16281.91,
            "Total Cost": 16281.92,
            "Plan Rows": 1,
            "Plan Width": 8,
            "Actual Startup Time": 12.913,
            "Actual Total Time": 12.915,
            "Actual Rows": 1,
            "Actual Loops": 2,
            "Plans": [
              {
                "Node Type": "Nested Loop",
                "Parent Relationship": "Outer",
                "Parallel Aware": false,
                "Join Type": "Inner",
                "Startup Cost": 74.05,
                "Total Cost": 16281.5,
                "Plan Rows": 166,
                "Plan Width": 0,
                "Actual Startup Time": 1.285,
                "Actual Total Time": 12.654,
                "Actual Rows": 1064,
                "Actual Loops": 2,
                "Inner Unique": true,
                "Plans": [
                  {
                    "Node Type": "Bitmap Heap Scan",
                    "Parent Relationship": "Outer",
                    "Parallel Aware": true,
                    "Relation Name": "movie_companies",
                    "Alias": "mc",
                    "Startup Cost": 73.62,
                    "Total Cost": 8590.08,
                    "Plan Rows": 957,
                    "Plan Width": 4,
                    "Actual Startup Time": 1.129,
                    "Actual Total Time": 3.527,
                    "Actual Rows": 1262,
                    "Actual Loops": 2,
                    "Recheck Cond": "(company_id = 10584)",
                    "Rows Removed by Index Recheck": 0,
                    "Filter": "(company_type_id < 2)",
                    "Rows Removed by Filter": 0,
                    "Exact Heap Blocks": 370,
                    "Lossy Heap Blocks": 0,
                    "Plans": [
                      {
                        "Node Type": "Bitmap Index Scan",
                        "Parent Relationship": "Outer",
                        "Parallel Aware": false,
                        "Index Name": "company_id_movie_companies",
                        "Startup Cost": 0.0,
                        "Total Cost": 73.22,
                        "Plan Rows": 3305,
                        "Plan Width": 0,
                        "Actual Startup Time": 1.919,
                        "Actual Total Time": 1.919,
                        "Actual Rows": 2523,
                        "Actual Loops": 1,
                        "Index Cond": "(company_id = 10584)"
                      }
                    ]
                  },
                  {
                    "Node Type": "Index Scan",
                    "Parent Relationship": "Inner",
                    "Parallel Aware": false,
                    "Scan Direction": "Forward",
                    "Index Name": "title_pkey",
                    "Relation Name": "title",
                    "Alias": "t",
                    "Startup Cost": 0.43,
                    "Total Cost": 8.04,
                    "Plan Rows": 1,
                    "Plan Width": 4,
                    "Actual Startup Time": 0.006,
                    "Actual Total Time": 0.006,
                    "Actual Rows": 1,
                    "Actual Loops": 2523,
                    "Index Cond": "(id = mc.movie_id)",
                    "Rows Removed by Index Recheck": 0,
                    "Filter": "((kind_id < 7) AND (production_year > 2004))",
                    "Rows Removed by Filter": 0
                  }
                ]
              }
            ]
          }
        ]
      }
    ]
  },
  "Planning Time": 0.602,
  "Triggers": [],
  "Execution Time": 21.823
}