[
    {
        "Bao": {
            "Bao prediction": "NaN",
            "Bao recommended hint": "(no hint)"
        }
    },
    {
        "Plan": {
            "Node Type": "Aggregate",
            "Strategy": "Plain",
            "Partial Mode": "Finalize",
            "Parallel Aware": false,
            "Startup Cost": 324174.67,
            "Total Cost": 324174.68,
            "Plan Rows": 1,
            "Plan Width": 8,
            "Actual Startup Time": 3198.935,
            "Actual Total Time": 3257.211,
            "Actual Rows": 1,
            "Actual Loops": 1,
            "Output": [
                "count(*)"
            ],
            "Plans": [
                {
                    "Node Type": "Gather",
                    "Parent Relationship": "Outer",
                    "Parallel Aware": false,
                    "Startup Cost": 324174.15,
                    "Total Cost": 324174.66,
                    "Plan Rows": 5,
                    "Plan Width": 8,
                    "Actual Startup Time": 3197.28,
                    "Actual Total Time": 3257.203,
                    "Actual Rows": 6,
                    "Actual Loops": 1,
                    "Output": [
                        "(PARTIAL count(*))"
                    ],
                    "Workers Planned": 5,
                    "Workers Launched": 5,
                    "Single Copy": false,
                    "Plans": [
                        {
                            "Node Type": "Aggregate",
                            "Strategy": "Plain",
                            "Partial Mode": "Partial",
                            "Parent Relationship": "Outer",
                            "Parallel Aware": false,
                            "Startup Cost": 323174.15,
                            "Total Cost": 323174.16,
                            "Plan Rows": 1,
                            "Plan Width": 8,
                            "Actual Startup Time": 3186.739,
                            "Actual Total Time": 3186.742,
                            "Actual Rows": 1,
                            "Actual Loops": 6,
                            "Output": [
                                "PARTIAL count(*)"
                            ],
                            "Workers": [
                                {
                                    "Worker Number": 0,
                                    "Actual Startup Time": 3183.999,
                                    "Actual Total Time": 3184.002,
                                    "Actual Rows": 1,
                                    "Actual Loops": 1
                                },
                                {
                                    "Worker Number": 1,
                                    "Actual Startup Time": 3184.42,
                                    "Actual Total Time": 3184.423,
                                    "Actual Rows": 1,
                                    "Actual Loops": 1
                                },
                                {
                                    "Worker Number": 2,
                                    "Actual Startup Time": 3184.611,
                                    "Actual Total Time": 3184.615,
                                    "Actual Rows": 1,
                                    "Actual Loops": 1
                                },
                                {
                                    "Worker Number": 3,
                                    "Actual Startup Time": 3185.068,
                                    "Actual Total Time": 3185.071,
                                    "Actual Rows": 1,
                                    "Actual Loops": 1
                                },
                                {
                                    "Worker Number": 4,
                                    "Actual Startup Time": 3185.47,
                                    "Actual Total Time": 3185.474,
                                    "Actual Rows": 1,
                                    "Actual Loops": 1
                                }
                            ],
                            "Plans": [
                                {
                                    "Node Type": "Nested Loop",
                                    "Parent Relationship": "Outer",
                                    "Parallel Aware": false,
                                    "Join Type": "Inner",
                                    "Startup Cost": 68222.73,
                                    "Total Cost": 322677.95,
                                    "Plan Rows": 198480,
                                    "Plan Width": 0,
                                    "Actual Startup Time": 170.259,
                                    "Actual Total Time": 3075.319,
                                    "Actual Rows": 2440505,
                                    "Actual Loops": 6,
                                    "Inner Unique": false,
                                    "Join Filter": "(t.id = ci.movie_id)",
                                    "Rows Removed by Join Filter": 0,
                                    "Workers": [
                                        {
                                            "Worker Number": 0,
                                            "Actual Startup Time": 168.62,
                                            "Actual Total Time": 3075.032,
                                            "Actual Rows": 2412978,
                                            "Actual Loops": 1
                                        },
                                        {
                                            "Worker Number": 1,
                                            "Actual Startup Time": 170.125,
                                            "Actual Total Time": 3074.176,
                                            "Actual Rows": 2376329,
                                            "Actual Loops": 1
                                        },
                                        {
                                            "Worker Number": 2,
                                            "Actual Startup Time": 169.593,
                                            "Actual Total Time": 3075.011,
                                            "Actual Rows": 2425439,
                                            "Actual Loops": 1
                                        },
                                        {
                                            "Worker Number": 3,
                                            "Actual Startup Time": 169.016,
                                            "Actual Total Time": 3073.559,
                                            "Actual Rows": 2408192,
                                            "Actual Loops": 1
                                        },
                                        {
                                            "Worker Number": 4,
                                            "Actual Startup Time": 168.365,
                                            "Actual Total Time": 3074.925,
                                            "Actual Rows": 2422835,
                                            "Actual Loops": 1
                                        }
                                    ],
                                    "Plans": [
                                        {
                                            "Node Type": "Hash Join",
                                            "Parent Relationship": "Outer",
                                            "Parallel Aware": true,
                                            "Join Type": "Inner",
                                            "Startup Cost": 68222.17,
                                            "Total Cost": 233834.75,
                                            "Plan Rows": 31537,
                                            "Plan Width": 8,
                                            "Actual Startup Time": 169.36,
                                            "Actual Total Time": 265.211,
                                            "Actual Rows": 64564,
                                            "Actual Loops": 6,
                                            "Output": [
                                                "t.id",
                                                "mi.movie_id"
                                            ],
                                            "Inner Unique": true,
                                            "Hash Cond": "(mi.movie_id = t.id)",
                                            "Workers": [
                                                {
                                                    "Worker Number": 0,
                                                    "Actual Startup Time": 167.811,
                                                    "Actual Total Time": 262.159,
                                                    "Actual Rows": 64101,
                                                    "Actual Loops": 1
                                                },
                                                {
                                                    "Worker Number": 1,
                                                    "Actual Startup Time": 169.624,
                                                    "Actual Total Time": 268.39,
                                                    "Actual Rows": 64552,
                                                    "Actual Loops": 1
                                                },
                                                {
                                                    "Worker Number": 2,
                                                    "Actual Startup Time": 167.295,
                                                    "Actual Total Time": 260.108,
                                                    "Actual Rows": 62893,
                                                    "Actual Loops": 1
                                                },
                                                {
                                                    "Worker Number": 3,
                                                    "Actual Startup Time": 168.118,
                                                    "Actual Total Time": 266.371,
                                                    "Actual Rows": 64314,
                                                    "Actual Loops": 1
                                                },
                                                {
                                                    "Worker Number": 4,
                                                    "Actual Startup Time": 167.738,
                                                    "Actual Total Time": 264.963,
                                                    "Actual Rows": 62027,
                                                    "Actual Loops": 1
                                                }
                                            ],
                                            "Plans": [
                                                {
                                                    "Node Type": "Bitmap Heap Scan",
                                                    "Parent Relationship": "Outer",
                                                    "Parallel Aware": true,
                                                    "Relation Name": "movie_info",
                                                    "Schema": "public",
                                                    "Alias": "mi",
                                                    "Startup Cost": 21701.74,
                                                    "Total Cost": 186686.12,
                                                    "Plan Rows": 239311,
                                                    "Plan Width": 4,
                                                    "Actual Startup Time": 60.675,
                                                    "Actual Total Time": 115.694,
                                                    "Actual Rows": 200785,
                                                    "Actual Loops": 6,
                                                    "Output": [
                                                        "mi.id",
                                                        "mi.movie_id",
                                                        "mi.info_type_id",
                                                        "mi.info",
                                                        "mi.note"
                                                    ],
                                                    "Recheck Cond": "(mi.info_type_id > 18)",
                                                    "Rows Removed by Index Recheck": 0,
                                                    "Exact Heap Blocks": 6533,
                                                    "Lossy Heap Blocks": 0,
                                                    "Workers": [
                                                        {
                                                            "Worker Number": 0,
                                                            "Actual Startup Time": 60.243,
                                                            "Actual Total Time": 117.289,
                                                            "Actual Rows": 217860,
                                                            "Actual Loops": 1
                                                        },
                                                        {
                                                            "Worker Number": 1,
                                                            "Actual Startup Time": 60.745,
                                                            "Actual Total Time": 119.61,
                                                            "Actual Rows": 202134,
                                                            "Actual Loops": 1
                                                        },
                                                        {
                                                            "Worker Number": 2,
                                                            "Actual Startup Time": 61.036,
                                                            "Actual Total Time": 115.838,
                                                            "Actual Rows": 178798,
                                                            "Actual Loops": 1
                                                        },
                                                        {
                                                            "Worker Number": 3,
                                                            "Actual Startup Time": 60.562,
                                                            "Actual Total Time": 117.67,
                                                            "Actual Rows": 194987,
                                                            "Actual Loops": 1
                                                        },
                                                        {
                                                            "Worker Number": 4,
                                                            "Actual Startup Time": 60.561,
                                                            "Actual Total Time": 117.399,
                                                            "Actual Rows": 187885,
                                                            "Actual Loops": 1
                                                        }
                                                    ],
                                                    "Plans": [
                                                        {
                                                            "Node Type": "Bitmap Index Scan",
                                                            "Parent Relationship": "Outer",
                                                            "Parallel Aware": false,
                                                            "Index Name": "info_type_id_movie_info",
                                                            "Startup Cost": 0.0,
                                                            "Total Cost": 21402.6,
                                                            "Plan Rows": 1196555,
                                                            "Plan Width": 0,
                                                            "Actual Startup Time": 54.872,
                                                            "Actual Total Time": 54.872,
                                                            "Actual Rows": 1204709,
                                                            "Actual Loops": 1,
                                                            "Index Cond": "(mi.info_type_id > 18)",
                                                            "Workers": [
                                                                {
                                                                    "Worker Number": 0,
                                                                    "Actual Startup Time": 54.872,
                                                                    "Actual Total Time": 54.872,
                                                                    "Actual Rows": 1204709,
                                                                    "Actual Loops": 1
                                                                }
                                                            ]
                                                        }
                                                    ]
                                                },
                                                {
                                                    "Node Type": "Hash",
                                                    "Parent Relationship": "Inner",
                                                    "Parallel Aware": true,
                                                    "Startup Cost": 45479.21,
                                                    "Total Cost": 45479.21,
                                                    "Plan Rows": 83298,
                                                    "Plan Width": 4,
                                                    "Actual Startup Time": 91.084,
                                                    "Actual Total Time": 91.085,
                                                    "Actual Rows": 42595,
                                                    "Actual Loops": 6,
                                                    "Output": [
                                                        "t.id"
                                                    ],
                                                    "Hash Buckets": 524288,
                                                    "Original Hash Buckets": 524288,
                                                    "Hash Batches": 1,
                                                    "Original Hash Batches": 1,
                                                    "Peak Memory Usage": 14272,
                                                    "Workers": [
                                                        {
                                                            "Worker Number": 0,
                                                            "Actual Startup Time": 89.538,
                                                            "Actual Total Time": 89.539,
                                                            "Actual Rows": 39270,
                                                            "Actual Loops": 1
                                                        },
                                                        {
                                                            "Worker Number": 1,
                                                            "Actual Startup Time": 89.833,
                                                            "Actual Total Time": 89.835,
                                                            "Actual Rows": 40229,
                                                            "Actual Loops": 1
                                                        },
                                                        {
                                                            "Worker Number": 2,
                                                            "Actual Startup Time": 90.132,
                                                            "Actual Total Time": 90.134,
                                                            "Actual Rows": 40099,
                                                            "Actual Loops": 1
                                                        },
                                                        {
                                                            "Worker Number": 3,
                                                            "Actual Startup Time": 90.514,
                                                            "Actual Total Time": 90.515,
                                                            "Actual Rows": 40918,
                                                            "Actual Loops": 1
                                                        },
                                                        {
                                                            "Worker Number": 4,
                                                            "Actual Startup Time": 90.914,
                                                            "Actual Total Time": 90.915,
                                                            "Actual Rows": 40085,
                                                            "Actual Loops": 1
                                                        }
                                                    ],
                                                    "Plans": [
                                                        {
                                                            "Node Type": "Seq Scan",
                                                            "Parent Relationship": "Outer",
                                                            "Parallel Aware": true,
                                                            "Relation Name": "title",
                                                            "Schema": "public",
                                                            "Alias": "t",
                                                            "Startup Cost": 0.0,
                                                            "Total Cost": 45479.21,
                                                            "Plan Rows": 83298,
                                                            "Plan Width": 4,
                                                            "Actual Startup Time": 40.096,
                                                            "Actual Total Time": 75.43,
                                                            "Actual Rows": 42595,
                                                            "Actual Loops": 6,
                                                            "Output": [
                                                                "t.id"
                                                            ],
                                                            "Filter": "((t.kind_id < 2) AND (t.production_year > 2002))",
                                                            "Rows Removed by Filter": 378790,
                                                            "Workers": [
                                                                {
                                                                    "Worker Number": 0,
                                                                    "Actual Startup Time": 46.13,
                                                                    "Actual Total Time": 74.078,
                                                                    "Actual Rows": 39270,
                                                                    "Actual Loops": 1
                                                                },
                                                                {
                                                                    "Worker Number": 1,
                                                                    "Actual Startup Time": 46.346,
                                                                    "Actual Total Time": 74.275,
                                                                    "Actual Rows": 40229,
                                                                    "Actual Loops": 1
                                                                },
                                                                {
                                                                    "Worker Number": 2,
                                                                    "Actual Startup Time": 46.461,
                                                                    "Actual Total Time": 75.247,
                                                                    "Actual Rows": 40099,
                                                                    "Actual Loops": 1
                                                                },
                                                                {
                                                                    "Worker Number": 3,
                                                                    "Actual Startup Time": 46.981,
                                                                    "Actual Total Time": 75.057,
                                                                    "Actual Rows": 40918,
                                                                    "Actual Loops": 1
                                                                },
                                                                {
                                                                    "Worker Number": 4,
                                                                    "Actual Startup Time": 47.379,
                                                                    "Actual Total Time": 75.953,
                                                                    "Actual Rows": 40085,
                                                                    "Actual Loops": 1
                                                                }
                                                            ]
                                                        }
                                                    ]
                                                }
                                            ]
                                        },
                                        {
                                            "Node Type": "Index Scan",
                                            "Parent Relationship": "Inner",
                                            "Parallel Aware": false,
                                            "Scan Direction": "Forward",
                                            "Index Name": "movie_id_cast_info",
                                            "Relation Name": "cast_info",
                                            "Schema": "public",
                                            "Alias": "ci",
                                            "Startup Cost": 0.56,
                                            "Total Cost": 2.6,
                                            "Plan Rows": 17,
                                            "Plan Width": 4,
                                            "Actual Startup Time": 0.017,
                                            "Actual Total Time": 0.04,
                                            "Actual Rows": 38,
                                            "Actual Loops": 387384,
                                            "Output": [
                                                "ci.id",
                                                "ci.person_id",
                                                "ci.movie_id",
                                                "ci.person_role_id",
                                                "ci.note",
                                                "ci.nr_order",
                                                "ci.role_id"
                                            ],
                                            "Index Cond": "(ci.movie_id = mi.movie_id)",
                                            "Rows Removed by Index Recheck": 0,
                                            "Filter": "(ci.person_id > 2035942)",
                                            "Rows Removed by Filter": 37,
                                            "Workers": [
                                                {
                                                    "Worker Number": 0,
                                                    "Actual Startup Time": 0.017,
                                                    "Actual Total Time": 0.04,
                                                    "Actual Rows": 38,
                                                    "Actual Loops": 64101
                                                },
                                                {
                                                    "Worker Number": 1,
                                                    "Actual Startup Time": 0.017,
                                                    "Actual Total Time": 0.04,
                                                    "Actual Rows": 37,
                                                    "Actual Loops": 64552
                                                },
                                                {
                                                    "Worker Number": 2,
                                                    "Actual Startup Time": 0.018,
                                                    "Actual Total Time": 0.041,
                                                    "Actual Rows": 39,
                                                    "Actual Loops": 62893
                                                },
                                                {
                                                    "Worker Number": 3,
                                                    "Actual Startup Time": 0.017,
                                                    "Actual Total Time": 0.04,
                                                    "Actual Rows": 37,
                                                    "Actual Loops": 64314
                                                },
                                                {
                                                    "Worker Number": 4,
                                                    "Actual Startup Time": 0.018,
                                                    "Actual Total Time": 0.042,
                                                    "Actual Rows": 39,
                                                    "Actual Loops": 62027
                                                }
                                            ]
                                        }
                                    ]
                                }
                            ]
                        }
                    ]
                }
            ]
        },
        "Planning Time": 188.459,
        "Triggers": [],
        "Execution Time": 3257.333
    }
]