{
  "Plan": {
    "Node Type": "Aggregate",
    "Strategy": "Plain",
    "Partial Mode": "Finalize",
    "Parallel Aware": false,
    "Startup Cost": 365433.01,
    "Total Cost": 365433.02,
    "Plan Rows": 1,
    "Plan Width": 8,
    "Actual Startup Time": 1219.961,
    "Actual Total Time": 1252.895,
    "Actual Rows": 1,
    "Actual Loops": 1,
    "Plans": [
      {
        "Node Type": "Gather",
        "Parent Relationship": "Outer",
        "Parallel Aware": false,
        "Startup Cost": 365432.9,
        "Total Cost": 365433.01,
        "Plan Rows": 1,
        "Plan Width": 8,
        "Actual Startup Time": 1219.744,
        "Actual Total Time": 1252.886,
        "Actual Rows": 2,
        "Actual Loops": 1,
        "Workers Planned": 1,
        "Workers Launched": 1,
        "Single Copy": false,
        "Plans": [
          {
            "Node Type": "Aggregate",
            "Strategy": "Plain",
            "Partial Mode": "Partial",
            "Parent Relationship": "Outer",
            "Parallel Aware": false,
            "Startup Cost": 364432.9,
            "Total Cost": 364432.91,
            "Plan Rows": 1,
            "Plan Width": 8,
            "Actual Startup Time": 1213.651,
            "Actual Total Time": 1213.656,
            "Actual Rows": 1,
            "Actual Loops": 2,
            "Plans": [
              {
                "Node Type": "Hash Join",
                "Parent Relationship": "Outer",
                "Parallel Aware": true,
                "Join Type": "Inner",
                "Startup Cost": 297934.23,
                "Total Cost": 364069.08,
                "Plan Rows": 145528,
                "Plan Width": 0,
                "Actual Startup Time": 1108.704,
                "Actual Total Time": 1213.649,
                "Actual Rows": 1,
                "Actual Loops": 2,
                "Inner Unique": false,
                "Hash Cond": "(mk.movie_id = t.id)",
                "Plans": [
                  {
                    "Node Type": "Seq Scan",
                    "Parent Relationship": "Outer",
                    "Parallel Aware": true,
                    "Relation Name": "movie_keyword",
                    "Alias": "mk",
                    "Startup Cost": 0.0,
                    "Total Cost": 57718.19,
                    "Plan Rows": 1512121,
                    "Plan Width": 4,
                    "Actual Startup Time": 0.282,
                    "Actual Total Time": 179.605,
                    "Actual Rows": 1281528,
                    "Actual Loops": 2,
                    "Filter": "(keyword_id > 3421)",
                    "Rows Removed by Filter": 980436
                  },
                  {
                    "Node Type": "Hash",
                    "Parent Relationship": "Inner",
                    "Parallel Aware": true,
                    "Startup Cost": 296145.07,
                    "Total Cost": 296145.07,
                    "Plan Rows": 143133,
                    "Plan Width": 8,
                    "Actual Startup Time": 957.305,
                    "Actual Total Time": 957.31,
                    "Actual Rows": 10,
                    "Actual Loops": 2,
                    "Hash Buckets": 262144,
                    "Original Hash Buckets": 262144,
                    "Hash Batches": 1,
                    "Original Hash Batches": 1,
                    "Peak Memory Usage": 2112,
                    "Plans": [
                      {
                        "Node Type": "Hash Join",
                        "Parent Relationship": "Outer",
                        "Parallel Aware": true,
                        "Join Type": "Inner",
                        "Startup Cost": 58921.31,
                        "Total Cost": 296145.07,
                        "Plan Rows": 143133,
                        "Plan Width": 8,
                        "Actual Startup Time": 246.374,
                        "Actual Total Time": 957.164,
                        "Actual Rows": 10,
                        "Actual Loops": 2,
                        "Inner Unique": true,
                        "Hash Cond": "(ci.movie_id = t.id)",
                        "Plans": [
                          {
                            "Node Type": "Index Scan",
                            "Parent Relationship": "Outer",
                            "Parallel Aware": true,
                            "Scan Direction": "Forward",
                            "Index Name": "role_id_cast_info",
                            "Relation Name": "cast_info",
                            "Alias": "ci",
                            "Startup Cost": 0.56,
                            "Total Cost": 225853.5,
                            "Plan Rows": 4331734,
                            "Plan Width": 4,
                            "Actual Startup Time": 0.079,
                            "Actual Total Time": 498.833,
                            "Actual Rows": 3725986,
                            "Actual Loops": 2,
                            "Index Cond": "(role_id = 2)",
                            "Rows Removed by Index Recheck": 0
                          },
                          {
                            "Node Type": "Hash",
                            "Parent Relationship": "Inner",
                            "Parallel Aware": true,
                            "Startup Cost": 58306.47,
                            "Total Cost": 58306.47,
                            "Plan Rows": 49142,
                            "Plan Width": 4,
                            "Actual Startup Time": 130.831,
                            "Actual Total Time": 130.832,
                            "Actual Rows": 14,
                            "Actual Loops": 2,
                            "Hash Buckets": 131072,
                            "Original Hash Buckets": 131072,
                            "Hash Batches": 1,
                            "Original Hash Batches": 1,
                            "Peak Memory Usage": 1088,
                            "Plans": [
                              {
                                "Node Type": "Seq Scan",
                                "Parent Relationship": "Outer",
                                "Parallel Aware": true,
                                "Relation Name": "title",
                                "Alias": "t",
                                "Startup Cost": 0.0,
                                "Total Cost": 58306.47,
                                "Plan Rows": 49142,
                                "Plan Width": 4,
                                "Actual Startup Time": 18.023,
                                "Actual Total Time": 130.733,
                                "Actual Rows": 14,
                                "Actual Loops": 2,
                                "Filter": "((production_year < 1939) AND (kind_id = 7))",
                                "Rows Removed by Filter": 1264142
                              }
                            ]
                          }
                        ]
                      }
                    ]
                  }
                ]
              }
            ]
          }
        ]
      }
    ]
  },
  "Planning Time": 0.995,
  "Triggers": [],
  "Execution Time": 1252.99
}