[
  {
    "Plan": {
      "Node Type": "Aggregate",
      "Strategy": "Plain",
      "Partial Mode": "Finalize",
      "Parallel Aware": false,
      "Startup Cost": 46694.07,
      "Total Cost": 46694.08,
      "Plan Rows": 1,
      "Plan Width": 8,
      "Actual Startup Time": 178.887,
      "Actual Total Time": 191.049,
      "Actual Rows": 1,
      "Actual Loops": 1,
      "Plans": [
        {
          "Node Type": "Gather",
          "Parent Relationship": "Outer",
          "Parallel Aware": false,
          "Startup Cost": 46693.76,
          "Total Cost": 46694.07,
          "Plan Rows": 3,
          "Plan Width": 8,
          "Actual Startup Time": 178.721,
          "Actual Total Time": 191.04,
          "Actual Rows": 4,
          "Actual Loops": 1,
          "Workers Planned": 3,
          "Workers Launched": 3,
          "Single Copy": false,
          "Plans": [
            {
              "Node Type": "Aggregate",
              "Strategy": "Plain",
              "Partial Mode": "Partial",
              "Parent Relationship": "Outer",
              "Parallel Aware": false,
              "Startup Cost": 45693.76,
              "Total Cost": 45693.77,
              "Plan Rows": 1,
              "Plan Width": 8,
              "Actual Startup Time": 174.743,
              "Actual Total Time": 174.744,
              "Actual Rows": 1,
              "Actual Loops": 4,
              "Plans": [
                {
                  "Node Type": "Seq Scan",
                  "Parent Relationship": "Outer",
                  "Parallel Aware": true,
                  "Relation Name": "movie_keyword",
                  "Alias": "mk",
                  "Startup Cost": 0.0,
                  "Total Cost": 42695.65,
                  "Plan Rows": 1199241,
                  "Plan Width": 0,
                  "Actual Startup Time": 0.034,
                  "Actual Total Time": 128.893,
                  "Actual Rows": 930722,
                  "Actual Loops": 4,
                  "Filter": "(keyword_id < 23097)",
                  "Rows Removed by Filter": 200260
                }
              ]
            }
          ]
        }
      ]
    },
    "Planning Time": 0.184,
    "Triggers": [],
    "Execution Time": 191.104
  }
]