[
  {
    "Plan": {
      "Node Type": "Aggregate",
      "Strategy": "Plain",
      "Partial Mode": "Finalize",
      "Parallel Aware": false,
      "Startup Cost": 62060.11,
      "Total Cost": 62060.12,
      "Plan Rows": 1,
      "Plan Width": 8,
      "Actual Startup Time": 223.078,
      "Actual Total Time": 232.056,
      "Actual Rows": 1,
      "Actual Loops": 1,
      "Plans": [
        {
          "Node Type": "Gather",
          "Parent Relationship": "Outer",
          "Parallel Aware": false,
          "Startup Cost": 62059.89,
          "Total Cost": 62060.1,
          "Plan Rows": 2,
          "Plan Width": 8,
          "Actual Startup Time": 222.009,
          "Actual Total Time": 232.049,
          "Actual Rows": 3,
          "Actual Loops": 1,
          "Workers Planned": 2,
          "Workers Launched": 2,
          "Single Copy": false,
          "Plans": [
            {
              "Node Type": "Aggregate",
              "Strategy": "Plain",
              "Partial Mode": "Partial",
              "Parent Relationship": "Outer",
              "Parallel Aware": false,
              "Startup Cost": 61059.89,
              "Total Cost": 61059.9,
              "Plan Rows": 1,
              "Plan Width": 8,
              "Actual Startup Time": 218.234,
              "Actual Total Time": 218.323,
              "Actual Rows": 1,
              "Actual Loops": 3,
              "Plans": [
                {
                  "Node Type": "Hash Join",
                  "Parent Relationship": "Outer",
                  "Parallel Aware": true,
                  "Join Type": "Inner",
                  "Startup Cost": 45805.9,
                  "Total Cost": 61000.46,
                  "Plan Rows": 23775,
                  "Plan Width": 0,
                  "Actual Startup Time": 124.656,
                  "Actual Total Time": 216.214,
                  "Actual Rows": 43219,
                  "Actual Loops": 3,
                  "Inner Unique": true,
                  "Hash Cond": "(mi_idx.movie_id = t.id)",
                  "Plans": [
                    {
                      "Node Type": "Seq Scan",
                      "Parent Relationship": "Outer",
                      "Parallel Aware": true,
                      "Relation Name": "movie_info_idx",
                      "Alias": "mi_idx",
                      "Startup Cost": 0.0,
                      "Total Cost": 13685.15,
                      "Plan Rows": 575015,
                      "Plan Width": 4,
                      "Actual Startup Time": 0.023,
                      "Actual Total Time": 38.122,
                      "Actual Rows": 460012,
                      "Actual Loops": 3
                    },
                    {
                      "Node Type": "Hash",
                      "Parent Relationship": "Inner",
                      "Parallel Aware": true,
                      "Startup Cost": 45479.21,
                      "Total Cost": 45479.21,
                      "Plan Rows": 26135,
                      "Plan Width": 4,
                      "Actual Startup Time": 123.572,
                      "Actual Total Time": 123.573,
                      "Actual Rows": 67811,
                      "Actual Loops": 3,
                      "Hash Buckets": 262144,
                      "Original Hash Buckets": 131072,
                      "Hash Batches": 1,
                      "Original Hash Batches": 1,
                      "Peak Memory Usage": 11104,
                      "Plans": [
                        {
                          "Node Type": "Seq Scan",
                          "Parent Relationship": "Outer",
                          "Parallel Aware": true,
                          "Relation Name": "title",
                          "Alias": "t",
                          "Startup Cost": 0.0,
                          "Total Cost": 45479.21,
                          "Plan Rows": 26135,
                          "Plan Width": 4,
                          "Actual Startup Time": 0.149,
                          "Actual Total Time": 100.547,
                          "Actual Rows": 67811,
                          "Actual Loops": 3,
                          "Filter": "((kind_id < 7) AND (production_year < 1962))",
                          "Rows Removed by Filter": 774959
                        }
                      ]
                    }
                  ]
                }
              ]
            }
          ]
        }
      ]
    },
    "Planning Time": 0.259,
    "Triggers": [],
    "Execution Time": 232.092
  }
]