[
  {
    "Plan": {
      "Node Type": "Aggregate",
      "Strategy": "Plain",
      "Partial Mode": "Finalize",
      "Parallel Aware": false,
      "Startup Cost": 345276.39,
      "Total Cost": 345276.4,
      "Plan Rows": 1,
      "Plan Width": 8,
      "Actual Startup Time": 4209.0,
      "Actual Total Time": 4266.351,
      "Actual Rows": 1,
      "Actual Loops": 1,
      "Plans": [
        {
          "Node Type": "Gather",
          "Parent Relationship": "Outer",
          "Parallel Aware": false,
          "Startup Cost": 345276.08,
          "Total Cost": 345276.39,
          "Plan Rows": 3,
          "Plan Width": 8,
          "Actual Startup Time": 4203.944,
          "Actual Total Time": 4266.344,
          "Actual Rows": 4,
          "Actual Loops": 1,
          "Workers Planned": 3,
          "Workers Launched": 3,
          "Single Copy": false,
          "Plans": [
            {
              "Node Type": "Aggregate",
              "Strategy": "Plain",
              "Partial Mode": "Partial",
              "Parent Relationship": "Outer",
              "Parallel Aware": false,
              "Startup Cost": 344276.08,
              "Total Cost": 344276.09,
              "Plan Rows": 1,
              "Plan Width": 8,
              "Actual Startup Time": 4200.61,
              "Actual Total Time": 4200.613,
              "Actual Rows": 1,
              "Actual Loops": 4,
              "Plans": [
                {
                  "Node Type": "Nested Loop",
                  "Parent Relationship": "Outer",
                  "Parallel Aware": false,
                  "Join Type": "Inner",
                  "Startup Cost": 60706.28,
                  "Total Cost": 343164.99,
                  "Plan Rows": 444433,
                  "Plan Width": 0,
                  "Actual Startup Time": 211.19,
                  "Actual Total Time": 4064.834,
                  "Actual Rows": 2931440,
                  "Actual Loops": 4,
                  "Inner Unique": false,
                  "Plans": [
                    {
                      "Node Type": "Hash Join",
                      "Parent Relationship": "Outer",
                      "Parallel Aware": true,
                      "Join Type": "Inner",
                      "Startup Cost": 60705.71,
                      "Total Cost": 88309.6,
                      "Plan Rows": 81998,
                      "Plan Width": 8,
                      "Actual Startup Time": 211.045,
                      "Actual Total Time": 307.666,
                      "Actual Rows": 136134,
                      "Actual Loops": 4,
                      "Inner Unique": true,
                      "Hash Cond": "(mk.movie_id = t.id)",
                      "Plans": [
                        {
                          "Node Type": "Bitmap Heap Scan",
                          "Parent Relationship": "Outer",
                          "Parallel Aware": true,
                          "Relation Name": "movie_keyword",
                          "Alias": "mk",
                          "Startup Cost": 13695.82,
                          "Total Cost": 40753.03,
                          "Plan Rows": 208257,
                          "Plan Width": 4,
                          "Actual Startup Time": 54.345,
                          "Actual Total Time": 99.851,
                          "Actual Rows": 157890,
                          "Actual Loops": 4,
                          "Recheck Cond": "(keyword_id > 29033)",
                          "Rows Removed by Index Recheck": 0,
                          "Exact Heap Blocks": 6694,
                          "Lossy Heap Blocks": 0,
                          "Plans": [
                            {
                              "Node Type": "Bitmap Index Scan",
                              "Parent Relationship": "Outer",
                              "Parallel Aware": false,
                              "Index Name": "keyword_id_movie_keyword",
                              "Startup Cost": 0.0,
                              "Total Cost": 13534.42,
                              "Plan Rows": 645598,
                              "Plan Width": 0,
                              "Actual Startup Time": 50.77,
                              "Actual Total Time": 50.771,
                              "Actual Rows": 631561,
                              "Actual Loops": 1,
                              "Index Cond": "(keyword_id > 29033)"
                            }
                          ]
                        },
                        {
                          "Node Type": "Hash",
                          "Parent Relationship": "Inner",
                          "Parallel Aware": true,
                          "Startup Cost": 43899.01,
                          "Total Cost": 43899.01,
                          "Plan Rows": 248871,
                          "Plan Width": 4,
                          "Actual Startup Time": 154.544,
                          "Actual Total Time": 154.544,
                          "Actual Rows": 246262,
                          "Actual Loops": 4,
                          "Hash Buckets": 1048576,
                          "Original Hash Buckets": 1048576,
                          "Hash Batches": 1,
                          "Original Hash Batches": 1,
                          "Peak Memory Usage": 46752,
                          "Plans": [
                            {
                              "Node Type": "Seq Scan",
                              "Parent Relationship": "Outer",
                              "Parallel Aware": true,
                              "Relation Name": "title",
                              "Alias": "t",
                              "Startup Cost": 0.0,
                              "Total Cost": 43899.01,
                              "Plan Rows": 248871,
                              "Plan Width": 4,
                              "Actual Startup Time": 0.012,
                              "Actual Total Time": 80.58,
                              "Actual Rows": 246262,
                              "Actual Loops": 4,
                              "Filter": "(kind_id < 7)",
                              "Rows Removed by Filter": 385816
                            }
                          ]
                        }
                      ]
                    },
                    {
                      "Node Type": "Index Scan",
                      "Parent Relationship": "Inner",
                      "Parallel Aware": false,
                      "Scan Direction": "Forward",
                      "Index Name": "movie_id_cast_info",
                      "Relation Name": "cast_info",
                      "Alias": "ci",
                      "Startup Cost": 0.56,
                      "Total Cost": 2.96,
                      "Plan Rows": 15,
                      "Plan Width": 4,
                      "Actual Startup Time": 0.015,
                      "Actual Total Time": 0.026,
                      "Actual Rows": 22,
                      "Actual Loops": 544537,
                      "Index Cond": "(movie_id = t.id)",
                      "Rows Removed by Index Recheck": 0,
                      "Filter": "((person_id > 516102) AND (role_id > 2))",
                      "Rows Removed by Filter": 30
                    }
                  ]
                }
              ]
            }
          ]
        }
      ]
    },
    "Planning Time": 0.492,
    "Triggers": [],
    "Execution Time": 4266.416
  }
]