[
  {
    "Plan": {
      "Node Type": "Aggregate",
      "Strategy": "Plain",
      "Partial Mode": "Simple",
      "Parallel Aware": false,
      "Startup Cost": 28906.38,
      "Total Cost": 28906.39,
      "Plan Rows": 1,
      "Plan Width": 8,
      "Actual Startup Time": 50.891,
      "Actual Total Time": 50.892,
      "Actual Rows": 1,
      "Actual Loops": 1,
      "Plans": [
        {
          "Node Type": "Bitmap Heap Scan",
          "Parent Relationship": "Outer",
          "Parallel Aware": false,
          "Relation Name": "movie_keyword",
          "Alias": "mk",
          "Startup Cost": 2608.9,
          "Total Cost": 28599.14,
          "Plan Rows": 122899,
          "Plan Width": 0,
          "Actual Startup Time": 9.791,
          "Actual Total Time": 46.15,
          "Actual Rows": 120641,
          "Actual Loops": 1,
          "Recheck Cond": "(keyword_id > 77913)",
          "Rows Removed by Index Recheck": 0,
          "Exact Heap Blocks": 18306,
          "Lossy Heap Blocks": 0,
          "Plans": [
            {
              "Node Type": "Bitmap Index Scan",
              "Parent Relationship": "Outer",
              "Parallel Aware": false,
              "Index Name": "keyword_id_movie_keyword",
              "Startup Cost": 0.0,
              "Total Cost": 2578.17,
              "Plan Rows": 122899,
              "Plan Width": 0,
              "Actual Startup Time": 7.594,
              "Actual Total Time": 7.594,
              "Actual Rows": 120641,
              "Actual Loops": 1,
              "Index Cond": "(keyword_id > 77913)"
            }
          ]
        }
      ]
    },
    "Planning Time": 0.148,
    "Triggers": [],
    "Execution Time": 50.947
  }
]