[
  {
    "Plan": {
      "Node Type": "Aggregate",
      "Strategy": "Plain",
      "Partial Mode": "Finalize",
      "Parallel Aware": false,
      "Startup Cost": 317348.06,
      "Total Cost": 317348.07,
      "Plan Rows": 1,
      "Plan Width": 8,
      "Actual Startup Time": 1672.515,
      "Actual Total Time": 1728.495,
      "Actual Rows": 1,
      "Actual Loops": 1,
      "Plans": [
        {
          "Node Type": "Gather",
          "Parent Relationship": "Outer",
          "Parallel Aware": false,
          "Startup Cost": 317347.44,
          "Total Cost": 317348.05,
          "Plan Rows": 6,
          "Plan Width": 8,
          "Actual Startup Time": 1670.7,
          "Actual Total Time": 1728.478,
          "Actual Rows": 7,
          "Actual Loops": 1,
          "Workers Planned": 6,
          "Workers Launched": 6,
          "Single Copy": false,
          "Plans": [
            {
              "Node Type": "Aggregate",
              "Strategy": "Plain",
              "Partial Mode": "Partial",
              "Parent Relationship": "Outer",
              "Parallel Aware": false,
              "Startup Cost": 316347.44,
              "Total Cost": 316347.45,
              "Plan Rows": 1,
              "Plan Width": 8,
              "Actual Startup Time": 1659.764,
              "Actual Total Time": 1659.816,
              "Actual Rows": 1,
              "Actual Loops": 7,
              "Plans": [
                {
                  "Node Type": "Nested Loop",
                  "Parent Relationship": "Outer",
                  "Parallel Aware": false,
                  "Join Type": "Inner",
                  "Startup Cost": 45725.17,
                  "Total Cost": 315919.84,
                  "Plan Rows": 171037,
                  "Plan Width": 0,
                  "Actual Startup Time": 100.443,
                  "Actual Total Time": 1614.605,
                  "Actual Rows": 836284,
                  "Actual Loops": 7,
                  "Inner Unique": false,
                  "Join Filter": "(t.id = mi.movie_id)",
                  "Rows Removed by Join Filter": 0,
                  "Plans": [
                    {
                      "Node Type": "Hash Join",
                      "Parent Relationship": "Outer",
                      "Parallel Aware": true,
                      "Join Type": "Inner",
                      "Startup Cost": 45724.74,
                      "Total Cost": 247765.45,
                      "Plan Rows": 38778,
                      "Plan Width": 8,
                      "Actual Startup Time": 100.343,
                      "Actual Total Time": 569.472,
                      "Actual Rows": 52172,
                      "Actual Loops": 7,
                      "Inner Unique": true,
                      "Hash Cond": "(ci.movie_id = t.id)",
                      "Plans": [
                        {
                          "Node Type": "Index Scan",
                          "Parent Relationship": "Outer",
                          "Parallel Aware": true,
                          "Scan Direction": "Forward",
                          "Index Name": "role_id_cast_info",
                          "Relation Name": "cast_info",
                          "Alias": "ci",
                          "Startup Cost": 0.56,
                          "Total Cost": 198752.95,
                          "Plan Rows": 1252698,
                          "Plan Width": 4,
                          "Actual Startup Time": 0.279,
                          "Actual Total Time": 213.377,
                          "Actual Rows": 1064568,
                          "Actual Loops": 7,
                          "Index Cond": "(role_id = 2)",
                          "Rows Removed by Index Recheck": 0
                        },
                        {
                          "Node Type": "Hash",
                          "Parent Relationship": "Inner",
                          "Parallel Aware": true,
                          "Startup Cost": 45479.59,
                          "Total Cost": 45479.59,
                          "Plan Rows": 19567,
                          "Plan Width": 4,
                          "Actual Startup Time": 98.746,
                          "Actual Total Time": 98.747,
                          "Actual Rows": 26259,
                          "Actual Loops": 7,
                          "Hash Buckets": 262144,
                          "Original Hash Buckets": 131072,
                          "Hash Batches": 1,
                          "Original Hash Batches": 1,
                          "Peak Memory Usage": 10368,
                          "Plans": [
                            {
                              "Node Type": "Seq Scan",
                              "Parent Relationship": "Outer",
                              "Parallel Aware": true,
                              "Relation Name": "title",
                              "Alias": "t",
                              "Startup Cost": 0.0,
                              "Total Cost": 45479.59,
                              "Plan Rows": 19567,
                              "Plan Width": 4,
                              "Actual Startup Time": 0.878,
                              "Actual Total Time": 79.977,
                              "Actual Rows": 26259,
                              "Actual Loops": 7,
                              "Filter": "((kind_id < 7) AND (production_year < 1957))",
                              "Rows Removed by Filter": 334928
                            }
                          ]
                        }
                      ]
                    },
                    {
                      "Node Type": "Index Scan",
                      "Parent Relationship": "Inner",
                      "Parallel Aware": false,
                      "Scan Direction": "Forward",
                      "Index Name": "movie_id_movie_info",
                      "Relation Name": "movie_info",
                      "Alias": "mi",
                      "Startup Cost": 0.43,
                      "Total Cost": 1.37,
                      "Plan Rows": 31,
                      "Plan Width": 4,
                      "Actual Startup Time": 0.005,
                      "Actual Total Time": 0.018,
                      "Actual Rows": 16,
                      "Actual Loops": 365202,
                      "Index Cond": "(movie_id = ci.movie_id)",
                      "Rows Removed by Index Recheck": 0,
                      "Filter": "(info_type_id > 3)",
                      "Rows Removed by Filter": 3
                    }
                  ]
                }
              ]
            }
          ]
        }
      ]
    },
    "Planning Time": 0.927,
    "Triggers": [],
    "Execution Time": 1728.586
  }
]