[
    {
        "Bao": {
            "Bao prediction": "NaN",
            "Bao recommended hint": "(no hint)"
        }
    },
    {
        "Plan": {
            "Node Type": "Aggregate",
            "Strategy": "Plain",
            "Partial Mode": "Finalize",
            "Parallel Aware": false,
            "Startup Cost": 126828.87,
            "Total Cost": 126828.88,
            "Plan Rows": 1,
            "Plan Width": 8,
            "Actual Startup Time": 205.845,
            "Actual Total Time": 215.209,
            "Actual Rows": 1,
            "Actual Loops": 1,
            "Output": [
                "count(*)"
            ],
            "Plans": [
                {
                    "Node Type": "Gather",
                    "Parent Relationship": "Outer",
                    "Parallel Aware": false,
                    "Startup Cost": 126828.35,
                    "Total Cost": 126828.86,
                    "Plan Rows": 5,
                    "Plan Width": 8,
                    "Actual Startup Time": 205.707,
                    "Actual Total Time": 215.201,
                    "Actual Rows": 6,
                    "Actual Loops": 1,
                    "Output": [
                        "(PARTIAL count(*))"
                    ],
                    "Workers Planned": 5,
                    "Workers Launched": 5,
                    "Single Copy": false,
                    "Plans": [
                        {
                            "Node Type": "Aggregate",
                            "Strategy": "Plain",
                            "Partial Mode": "Partial",
                            "Parent Relationship": "Outer",
                            "Parallel Aware": false,
                            "Startup Cost": 125828.35,
                            "Total Cost": 125828.36,
                            "Plan Rows": 1,
                            "Plan Width": 8,
                            "Actual Startup Time": 195.972,
                            "Actual Total Time": 195.973,
                            "Actual Rows": 1,
                            "Actual Loops": 6,
                            "Output": [
                                "PARTIAL count(*)"
                            ],
                            "Workers": [
                                {
                                    "Worker Number": 0,
                                    "Actual Startup Time": 193.336,
                                    "Actual Total Time": 193.337,
                                    "Actual Rows": 1,
                                    "Actual Loops": 1
                                },
                                {
                                    "Worker Number": 1,
                                    "Actual Startup Time": 193.972,
                                    "Actual Total Time": 193.973,
                                    "Actual Rows": 1,
                                    "Actual Loops": 1
                                },
                                {
                                    "Worker Number": 2,
                                    "Actual Startup Time": 194.299,
                                    "Actual Total Time": 194.3,
                                    "Actual Rows": 1,
                                    "Actual Loops": 1
                                },
                                {
                                    "Worker Number": 3,
                                    "Actual Startup Time": 194.294,
                                    "Actual Total Time": 194.296,
                                    "Actual Rows": 1,
                                    "Actual Loops": 1
                                },
                                {
                                    "Worker Number": 4,
                                    "Actual Startup Time": 194.588,
                                    "Actual Total Time": 194.59,
                                    "Actual Rows": 1,
                                    "Actual Loops": 1
                                }
                            ],
                            "Plans": [
                                {
                                    "Node Type": "Index Scan",
                                    "Parent Relationship": "Outer",
                                    "Parallel Aware": true,
                                    "Scan Direction": "Forward",
                                    "Index Name": "role_id_cast_info",
                                    "Relation Name": "cast_info",
                                    "Schema": "public",
                                    "Alias": "ci",
                                    "Startup Cost": 0.56,
                                    "Total Cost": 123935.38,
                                    "Plan Rows": 757189,
                                    "Plan Width": 0,
                                    "Actual Startup Time": 0.177,
                                    "Actual Total Time": 179.002,
                                    "Actual Rows": 296243,
                                    "Actual Loops": 6,
                                    "Output": [
                                        "id",
                                        "person_id",
                                        "movie_id",
                                        "person_role_id",
                                        "note",
                                        "nr_order",
                                        "role_id"
                                    ],
                                    "Index Cond": "(ci.role_id > 9)",
                                    "Rows Removed by Index Recheck": 0,
                                    "Filter": "(ci.person_id < 3046492)",
                                    "Rows Removed by Filter": 476947,
                                    "Workers": [
                                        {
                                            "Worker Number": 0,
                                            "Actual Startup Time": 0.208,
                                            "Actual Total Time": 176.155,
                                            "Actual Rows": 230942,
                                            "Actual Loops": 1
                                        },
                                        {
                                            "Worker Number": 1,
                                            "Actual Startup Time": 0.281,
                                            "Actual Total Time": 176.565,
                                            "Actual Rows": 233151,
                                            "Actual Loops": 1
                                        },
                                        {
                                            "Worker Number": 2,
                                            "Actual Startup Time": 0.208,
                                            "Actual Total Time": 178.045,
                                            "Actual Rows": 322622,
                                            "Actual Loops": 1
                                        },
                                        {
                                            "Worker Number": 3,
                                            "Actual Startup Time": 0.161,
                                            "Actual Total Time": 176.758,
                                            "Actual Rows": 234964,
                                            "Actual Loops": 1
                                        },
                                        {
                                            "Worker Number": 4,
                                            "Actual Startup Time": 0.169,
                                            "Actual Total Time": 178.696,
                                            "Actual Rows": 329408,
                                            "Actual Loops": 1
                                        }
                                    ]
                                }
                            ]
                        }
                    ]
                }
            ]
        },
        "Planning Time": 198.298,
        "Triggers": [],
        "Execution Time": 215.259
    }
]