[
    {
        "Bao": {
            "Bao prediction": "NaN",
            "Bao recommended hint": "(no hint)"
        }
    },
    {
        "Plan": {
            "Node Type": "Aggregate",
            "Strategy": "Plain",
            "Partial Mode": "Finalize",
            "Parallel Aware": false,
            "Startup Cost": 349591.38,
            "Total Cost": 349591.39,
            "Plan Rows": 1,
            "Plan Width": 8,
            "Actual Startup Time": 578.14,
            "Actual Total Time": 600.149,
            "Actual Rows": 1,
            "Actual Loops": 1,
            "Output": [
                "count(*)"
            ],
            "Plans": [
                {
                    "Node Type": "Gather",
                    "Parent Relationship": "Outer",
                    "Parallel Aware": false,
                    "Startup Cost": 349590.76,
                    "Total Cost": 349591.37,
                    "Plan Rows": 6,
                    "Plan Width": 8,
                    "Actual Startup Time": 552.24,
                    "Actual Total Time": 600.14,
                    "Actual Rows": 7,
                    "Actual Loops": 1,
                    "Output": [
                        "(PARTIAL count(*))"
                    ],
                    "Workers Planned": 6,
                    "Workers Launched": 6,
                    "Single Copy": false,
                    "Plans": [
                        {
                            "Node Type": "Aggregate",
                            "Strategy": "Plain",
                            "Partial Mode": "Partial",
                            "Parent Relationship": "Outer",
                            "Parallel Aware": false,
                            "Startup Cost": 348590.76,
                            "Total Cost": 348590.77,
                            "Plan Rows": 1,
                            "Plan Width": 8,
                            "Actual Startup Time": 534.937,
                            "Actual Total Time": 534.94,
                            "Actual Rows": 1,
                            "Actual Loops": 7,
                            "Output": [
                                "PARTIAL count(*)"
                            ],
                            "Workers": [
                                {
                                    "Worker Number": 0,
                                    "Actual Startup Time": 531.588,
                                    "Actual Total Time": 531.592,
                                    "Actual Rows": 1,
                                    "Actual Loops": 1
                                },
                                {
                                    "Worker Number": 1,
                                    "Actual Startup Time": 531.691,
                                    "Actual Total Time": 531.694,
                                    "Actual Rows": 1,
                                    "Actual Loops": 1
                                },
                                {
                                    "Worker Number": 2,
                                    "Actual Startup Time": 533.663,
                                    "Actual Total Time": 533.665,
                                    "Actual Rows": 1,
                                    "Actual Loops": 1
                                },
                                {
                                    "Worker Number": 3,
                                    "Actual Startup Time": 531.835,
                                    "Actual Total Time": 531.839,
                                    "Actual Rows": 1,
                                    "Actual Loops": 1
                                },
                                {
                                    "Worker Number": 4,
                                    "Actual Startup Time": 531.958,
                                    "Actual Total Time": 531.962,
                                    "Actual Rows": 1,
                                    "Actual Loops": 1
                                },
                                {
                                    "Worker Number": 5,
                                    "Actual Startup Time": 532.071,
                                    "Actual Total Time": 532.073,
                                    "Actual Rows": 1,
                                    "Actual Loops": 1
                                }
                            ],
                            "Plans": [
                                {
                                    "Node Type": "Hash Join",
                                    "Parent Relationship": "Outer",
                                    "Parallel Aware": true,
                                    "Join Type": "Inner",
                                    "Startup Cost": 90333.58,
                                    "Total Cost": 348098.27,
                                    "Plan Rows": 196996,
                                    "Plan Width": 0,
                                    "Actual Startup Time": 312.649,
                                    "Actual Total Time": 518.313,
                                    "Actual Rows": 276220,
                                    "Actual Loops": 7,
                                    "Inner Unique": true,
                                    "Hash Cond": "(ci.movie_id = t.id)",
                                    "Workers": [
                                        {
                                            "Worker Number": 0,
                                            "Actual Startup Time": 309.906,
                                            "Actual Total Time": 513.779,
                                            "Actual Rows": 238604,
                                            "Actual Loops": 1
                                        },
                                        {
                                            "Worker Number": 1,
                                            "Actual Startup Time": 310.171,
                                            "Actual Total Time": 513.938,
                                            "Actual Rows": 236910,
                                            "Actual Loops": 1
                                        },
                                        {
                                            "Worker Number": 2,
                                            "Actual Startup Time": 309.678,
                                            "Actual Total Time": 516.618,
                                            "Actual Rows": 228170,
                                            "Actual Loops": 1
                                        },
                                        {
                                            "Worker Number": 3,
                                            "Actual Startup Time": 309.632,
                                            "Actual Total Time": 516.103,
                                            "Actual Rows": 310474,
                                            "Actual Loops": 1
                                        },
                                        {
                                            "Worker Number": 4,
                                            "Actual Startup Time": 309.768,
                                            "Actual Total Time": 514.717,
                                            "Actual Rows": 230627,
                                            "Actual Loops": 1
                                        },
                                        {
                                            "Worker Number": 5,
                                            "Actual Startup Time": 310.159,
                                            "Actual Total Time": 516.246,
                                            "Actual Rows": 313080,
                                            "Actual Loops": 1
                                        }
                                    ],
                                    "Plans": [
                                        {
                                            "Node Type": "Bitmap Heap Scan",
                                            "Parent Relationship": "Outer",
                                            "Parallel Aware": true,
                                            "Relation Name": "cast_info",
                                            "Schema": "public",
                                            "Alias": "ci",
                                            "Startup Cost": 40113.78,
                                            "Total Cost": 297361.35,
                                            "Plan Rows": 196996,
                                            "Plan Width": 4,
                                            "Actual Startup Time": 63.621,
                                            "Actual Total Time": 143.391,
                                            "Actual Rows": 276220,
                                            "Actual Loops": 7,
                                            "Output": [
                                                "ci.id",
                                                "ci.person_id",
                                                "ci.movie_id",
                                                "ci.person_role_id",
                                                "ci.note",
                                                "ci.nr_order",
                                                "ci.role_id"
                                            ],
                                            "Recheck Cond": "(ci.person_id > 3681901)",
                                            "Rows Removed by Index Recheck": 0,
                                            "Filter": "(ci.role_id > 1)",
                                            "Rows Removed by Filter": 0,
                                            "Exact Heap Blocks": 5432,
                                            "Lossy Heap Blocks": 0,
                                            "Workers": [
                                                {
                                                    "Worker Number": 0,
                                                    "Actual Startup Time": 63.917,
                                                    "Actual Total Time": 145.37,
                                                    "Actual Rows": 238604,
                                                    "Actual Loops": 1
                                                },
                                                {
                                                    "Worker Number": 1,
                                                    "Actual Startup Time": 64.126,
                                                    "Actual Total Time": 145.127,
                                                    "Actual Rows": 236910,
                                                    "Actual Loops": 1
                                                },
                                                {
                                                    "Worker Number": 2,
                                                    "Actual Startup Time": 63.516,
                                                    "Actual Total Time": 146.648,
                                                    "Actual Rows": 228170,
                                                    "Actual Loops": 1
                                                },
                                                {
                                                    "Worker Number": 3,
                                                    "Actual Startup Time": 63.412,
                                                    "Actual Total Time": 141.922,
                                                    "Actual Rows": 310474,
                                                    "Actual Loops": 1
                                                },
                                                {
                                                    "Worker Number": 4,
                                                    "Actual Startup Time": 63.411,
                                                    "Actual Total Time": 146.685,
                                                    "Actual Rows": 230627,
                                                    "Actual Loops": 1
                                                },
                                                {
                                                    "Worker Number": 5,
                                                    "Actual Startup Time": 63.73,
                                                    "Actual Total Time": 141.985,
                                                    "Actual Rows": 313080,
                                                    "Actual Loops": 1
                                                }
                                            ],
                                            "Plans": [
                                                {
                                                    "Node Type": "Bitmap Index Scan",
                                                    "Parent Relationship": "Outer",
                                                    "Parallel Aware": false,
                                                    "Index Name": "person_id_cast_info",
                                                    "Startup Cost": 0.0,
                                                    "Total Cost": 39818.28,
                                                    "Plan Rows": 1824229,
                                                    "Plan Width": 0,
                                                    "Actual Startup Time": 58.727,
                                                    "Actual Total Time": 58.728,
                                                    "Actual Rows": 1933542,
                                                    "Actual Loops": 1,
                                                    "Index Cond": "(ci.person_id > 3681901)"
                                                }
                                            ]
                                        },
                                        {
                                            "Node Type": "Hash",
                                            "Parent Relationship": "Inner",
                                            "Parallel Aware": true,
                                            "Startup Cost": 42318.81,
                                            "Total Cost": 42318.81,
                                            "Plan Rows": 632080,
                                            "Plan Width": 4,
                                            "Actual Startup Time": 243.405,
                                            "Actual Total Time": 243.406,
                                            "Actual Rows": 361187,
                                            "Actual Loops": 7,
                                            "Output": [
                                                "t.id"
                                            ],
                                            "Hash Buckets": 4194304,
                                            "Original Hash Buckets": 4194304,
                                            "Hash Batches": 1,
                                            "Original Hash Batches": 1,
                                            "Peak Memory Usage": 131776,
                                            "Workers": [
                                                {
                                                    "Worker Number": 0,
                                                    "Actual Startup Time": 245.356,
                                                    "Actual Total Time": 245.357,
                                                    "Actual Rows": 299320,
                                                    "Actual Loops": 1
                                                },
                                                {
                                                    "Worker Number": 1,
                                                    "Actual Startup Time": 245.423,
                                                    "Actual Total Time": 245.424,
                                                    "Actual Rows": 303946,
                                                    "Actual Loops": 1
                                                },
                                                {
                                                    "Worker Number": 2,
                                                    "Actual Startup Time": 245.477,
                                                    "Actual Total Time": 245.477,
                                                    "Actual Rows": 298725,
                                                    "Actual Loops": 1
                                                },
                                                {
                                                    "Worker Number": 3,
                                                    "Actual Startup Time": 245.558,
                                                    "Actual Total Time": 245.559,
                                                    "Actual Rows": 394605,
                                                    "Actual Loops": 1
                                                },
                                                {
                                                    "Worker Number": 4,
                                                    "Actual Startup Time": 245.763,
                                                    "Actual Total Time": 245.764,
                                                    "Actual Rows": 302474,
                                                    "Actual Loops": 1
                                                },
                                                {
                                                    "Worker Number": 5,
                                                    "Actual Startup Time": 245.786,
                                                    "Actual Total Time": 245.787,
                                                    "Actual Rows": 394314,
                                                    "Actual Loops": 1
                                                }
                                            ],
                                            "Plans": [
                                                {
                                                    "Node Type": "Seq Scan",
                                                    "Parent Relationship": "Outer",
                                                    "Parallel Aware": true,
                                                    "Relation Name": "title",
                                                    "Schema": "public",
                                                    "Alias": "t",
                                                    "Startup Cost": 0.0,
                                                    "Total Cost": 42318.81,
                                                    "Plan Rows": 632080,
                                                    "Plan Width": 4,
                                                    "Actual Startup Time": 0.044,
                                                    "Actual Total Time": 72.68,
                                                    "Actual Rows": 361187,
                                                    "Actual Loops": 7,
                                                    "Output": [
                                                        "t.id"
                                                    ],
                                                    "Workers": [
                                                        {
                                                            "Worker Number": 0,
                                                            "Actual Startup Time": 0.059,
                                                            "Actual Total Time": 76.599,
                                                            "Actual Rows": 299320,
                                                            "Actual Loops": 1
                                                        },
                                                        {
                                                            "Worker Number": 1,
                                                            "Actual Startup Time": 0.059,
                                                            "Actual Total Time": 76.416,
                                                            "Actual Rows": 303946,
                                                            "Actual Loops": 1
                                                        },
                                                        {
                                                            "Worker Number": 2,
                                                            "Actual Startup Time": 0.049,
                                                            "Actual Total Time": 77.899,
                                                            "Actual Rows": 298725,
                                                            "Actual Loops": 1
                                                        },
                                                        {
                                                            "Worker Number": 3,
                                                            "Actual Startup Time": 0.06,
                                                            "Actual Total Time": 70.632,
                                                            "Actual Rows": 394605,
                                                            "Actual Loops": 1
                                                        },
                                                        {
                                                            "Worker Number": 4,
                                                            "Actual Startup Time": 0.025,
                                                            "Actual Total Time": 77.282,
                                                            "Actual Rows": 302474,
                                                            "Actual Loops": 1
                                                        },
                                                        {
                                                            "Worker Number": 5,
                                                            "Actual Startup Time": 0.047,
                                                            "Actual Total Time": 70.937,
                                                            "Actual Rows": 394314,
                                                            "Actual Loops": 1
                                                        }
                                                    ]
                                                }
                                            ]
                                        }
                                    ]
                                }
                            ]
                        }
                    ]
                }
            ]
        },
        "Planning Time": 204.84,
        "Triggers": [],
        "Execution Time": 600.231
    }
]