{
  "Plan": {
    "Node Type": "Aggregate",
    "Strategy": "Plain",
    "Partial Mode": "Finalize",
    "Parallel Aware": false,
    "Startup Cost": 755899.38,
    "Total Cost": 755899.39,
    "Plan Rows": 1,
    "Plan Width": 64,
    "Actual Startup Time": 4856.055,
    "Actual Total Time": 4941.571,
    "Actual Rows": 1,
    "Actual Loops": 1,
    "Plans": [
      {
        "Node Type": "Gather",
        "Parent Relationship": "Outer",
        "Parallel Aware": false,
        "Startup Cost": 755899.26,
        "Total Cost": 755899.37,
        "Plan Rows": 1,
        "Plan Width": 32,
        "Actual Startup Time": 4851.454,
        "Actual Total Time": 4941.561,
        "Actual Rows": 2,
        "Actual Loops": 1,
        "Workers Planned": 1,
        "Workers Launched": 1,
        "Single Copy": false,
        "Plans": [
          {
            "Node Type": "Aggregate",
            "Strategy": "Plain",
            "Partial Mode": "Partial",
            "Parent Relationship": "Outer",
            "Parallel Aware": false,
            "Startup Cost": 754899.26,
            "Total Cost": 754899.27,
            "Plan Rows": 1,
            "Plan Width": 32,
            "Actual Startup Time": 4843.588,
            "Actual Total Time": 4843.598,
            "Actual Rows": 1,
            "Actual Loops": 2,
            "Plans": [
              {
                "Node Type": "Nested Loop",
                "Parent Relationship": "Outer",
                "Parallel Aware": false,
                "Join Type": "Inner",
                "Startup Cost": 680982.96,
                "Total Cost": 754899.25,
                "Plan Rows": 6,
                "Plan Width": 15,
                "Actual Startup Time": 3902.91,
                "Actual Total Time": 4836.881,
                "Actual Rows": 91144,
                "Actual Loops": 2,
                "Inner Unique": true,
                "Plans": [
                  {
                    "Node Type": "Nested Loop",
                    "Parent Relationship": "Outer",
                    "Parallel Aware": false,
                    "Join Type": "Inner",
                    "Startup Cost": 680982.54,
                    "Total Cost": 754896.59,
                    "Plan Rows": 6,
                    "Plan Width": 19,
                    "Actual Startup Time": 3902.856,
                    "Actual Total Time": 4698.379,
                    "Actual Rows": 91144,
                    "Actual Loops": 2,
                    "Inner Unique": false,
                    "Plans": [
                      {
                        "Node Type": "Hash Join",
                        "Parent Relationship": "Outer",
                        "Parallel Aware": false,
                        "Join Type": "Inner",
                        "Startup Cost": 680982.11,
                        "Total Cost": 754893.16,
                        "Plan Rows": 6,
                        "Plan Width": 27,
                        "Actual Startup Time": 3902.797,
                        "Actual Total Time": 4641.018,
                        "Actual Rows": 11836,
                        "Actual Loops": 2,
                        "Inner Unique": true,
                        "Hash Cond": "(mk.keyword_id = k.id)",
                        "Plans": [
                          {
                            "Node Type": "Hash Join",
                            "Parent Relationship": "Outer",
                            "Parallel Aware": true,
                            "Join Type": "Inner",
                            "Startup Cost": 678355.97,
                            "Total Cost": 750244.71,
                            "Plan Rows": 770379,
                            "Plan Width": 31,
                            "Actual Startup Time": 3878.453,
                            "Actual Total Time": 4495.889,
                            "Actual Rows": 2492071,
                            "Actual Loops": 2,
                            "Inner Unique": false,
                            "Hash Cond": "(mk.movie_id = ci.movie_id)",
                            "Plans": [
                              {
                                "Node Type": "Seq Scan",
                                "Parent Relationship": "Outer",
                                "Parallel Aware": true,
                                "Relation Name": "movie_keyword",
                                "Alias": "mk",
                                "Startup Cost": 0.0,
                                "Total Cost": 51065.35,
                                "Plan Rows": 2661135,
                                "Plan Width": 8,
                                "Actual Startup Time": 0.027,
                                "Actual Total Time": 155.832,
                                "Actual Rows": 2261965,
                                "Actual Loops": 2
                              },
                              {
                                "Node Type": "Hash",
                                "Parent Relationship": "Inner",
                                "Parallel Aware": true,
                                "Startup Cost": 672974.4,
                                "Total Cost": 672974.4,
                                "Plan Rows": 430526,
                                "Plan Width": 23,
                                "Actual Startup Time": 3873.574,
                                "Actual Total Time": 3873.581,
                                "Actual Rows": 402158,
                                "Actual Loops": 2,
                                "Hash Buckets": 1048576,
                                "Original Hash Buckets": 1048576,
                                "Hash Batches": 1,
                                "Original Hash Batches": 1,
                                "Peak Memory Usage": 53952,
                                "Plans": [
                                  {
                                    "Node Type": "Hash Join",
                                    "Parent Relationship": "Outer",
                                    "Parallel Aware": true,
                                    "Join Type": "Inner",
                                    "Startup Cost": 613995.24,
                                    "Total Cost": 672974.4,
                                    "Plan Rows": 430526,
                                    "Plan Width": 23,
                                    "Actual Startup Time": 3143.67,
                                    "Actual Total Time": 3729.917,
                                    "Actual Rows": 402158,
                                    "Actual Loops": 2,
                                    "Inner Unique": false,
                                    "Hash Cond": "(t.id = ci.movie_id)",
                                    "Plans": [
                                      {
                                        "Node Type": "Seq Scan",
                                        "Parent Relationship": "Outer",
                                        "Parallel Aware": true,
                                        "Relation Name": "title",
                                        "Alias": "t",
                                        "Startup Cost": 0.0,
                                        "Total Cost": 50869.75,
                                        "Plan Rows": 1487175,
                                        "Plan Width": 4,
                                        "Actual Startup Time": 0.013,
                                        "Actual Total Time": 134.637,
                                        "Actual Rows": 1264156,
                                        "Actual Loops": 2
                                      },
                                      {
                                        "Node Type": "Hash",
                                        "Parent Relationship": "Inner",
                                        "Parallel Aware": true,
                                        "Startup Cost": 608613.66,
                                        "Total Cost": 608613.66,
                                        "Plan Rows": 430526,
                                        "Plan Width": 19,
                                        "Actual Startup Time": 3139.616,
                                        "Actual Total Time": 3139.621,
                                        "Actual Rows": 402158,
                                        "Actual Loops": 2,
                                        "Hash Buckets": 1048576,
                                        "Original Hash Buckets": 1048576,
                                        "Hash Batches": 1,
                                        "Original Hash Batches": 1,
                                        "Peak Memory Usage": 51712,
                                        "Plans": [
                                          {
                                            "Node Type": "Hash Join",
                                            "Parent Relationship": "Outer",
                                            "Parallel Aware": true,
                                            "Join Type": "Inner",
                                            "Startup Cost": 86873.39,
                                            "Total Cost": 608613.66,
                                            "Plan Rows": 430526,
                                            "Plan Width": 19,
                                            "Actual Startup Time": 630.199,
                                            "Actual Total Time": 3011.695,
                                            "Actual Rows": 402158,
                                            "Actual Loops": 2,
                                            "Inner Unique": true,
                                            "Hash Cond": "(ci.person_id = n.id)",
                                            "Plans": [
                                              {
                                                "Node Type": "Seq Scan",
                                                "Parent Relationship": "Outer",
                                                "Parallel Aware": true,
                                                "Relation Name": "cast_info",
                                                "Alias": "ci",
                                                "Startup Cost": 0.0,
                                                "Total Cost": 465798.46,
                                                "Plan Rows": 21311146,
                                                "Plan Width": 8,
                                                "Actual Startup Time": 0.01,
                                                "Actual Total Time": 1368.062,
                                                "Actual Rows": 18122172,
                                                "Actual Loops": 2
                                              },
                                              {
                                                "Node Type": "Hash",
                                                "Parent Relationship": "Inner",
                                                "Parallel Aware": true,
                                                "Startup Cost": 86254.38,
                                                "Total Cost": 86254.38,
                                                "Plan Rows": 49521,
                                                "Plan Width": 19,
                                                "Actual Startup Time": 215.179,
                                                "Actual Total Time": 215.18,
                                                "Actual Rows": 50572,
                                                "Actual Loops": 2,
                                                "Hash Buckets": 131072,
                                                "Original Hash Buckets": 131072,
                                                "Hash Batches": 1,
                                                "Original Hash Batches": 1,
                                                "Peak Memory Usage": 6528,
                                                "Plans": [
                                                  {
                                                    "Node Type": "Seq Scan",
                                                    "Parent Relationship": "Outer",
                                                    "Parallel Aware": true,
                                                    "Relation Name": "name",
                                                    "Alias": "n",
                                                    "Startup Cost": 0.0,
                                                    "Total Cost": 86254.38,
                                                    "Plan Rows": 49521,
                                                    "Plan Width": 19,
                                                    "Actual Startup Time": 36.55,
                                                    "Actual Total Time": 199.516,
                                                    "Actual Rows": 50572,
                                                    "Actual Loops": 2,
                                                    "Filter": "(name ~~ 'J%'::text)",
                                                    "Rows Removed by Filter": 2033173
                                                  }
                                                ]
                                              }
                                            ]
                                          }
                                        ]
                                      }
                                    ]
                                  }
                                ]
                              }
                            ]
                          },
                          {
                            "Node Type": "Hash",
                            "Parent Relationship": "Inner",
                            "Parallel Aware": false,
                            "Startup Cost": 2626.12,
                            "Total Cost": 2626.12,
                            "Plan Rows": 1,
                            "Plan Width": 4,
                            "Actual Startup Time": 23.613,
                            "Actual Total Time": 23.615,
                            "Actual Rows": 1,
                            "Actual Loops": 2,
                            "Hash Buckets": 1024,
                            "Original Hash Buckets": 1024,
                            "Hash Batches": 1,
                            "Original Hash Batches": 1,
                            "Peak Memory Usage": 9,
                            "Plans": [
                              {
                                "Node Type": "Seq Scan",
                                "Parent Relationship": "Outer",
                                "Parallel Aware": false,
                                "Relation Name": "keyword",
                                "Alias": "k",
                                "Startup Cost": 0.0,
                                "Total Cost": 2626.12,
                                "Plan Rows": 1,
                                "Plan Width": 4,
                                "Actual Startup Time": 1.716,
                                "Actual Total Time": 23.598,
                                "Actual Rows": 1,
                                "Actual Loops": 2,
                                "Filter": "(keyword = 'character-name-in-title'::text)",
                                "Rows Removed by Filter": 134169
                              }
                            ]
                          }
                        ]
                      },
                      {
                        "Node Type": "Index Scan",
                        "Parent Relationship": "Inner",
                        "Parallel Aware": false,
                        "Scan Direction": "Forward",
                        "Index Name": "movie_id_movie_companies",
                        "Relation Name": "movie_companies",
                        "Alias": "mc",
                        "Startup Cost": 0.43,
                        "Total Cost": 0.52,
                        "Plan Rows": 5,
                        "Plan Width": 8,
                        "Actual Startup Time": 0.002,
                        "Actual Total Time": 0.004,
                        "Actual Rows": 8,
                        "Actual Loops": 23671,
                        "Index Cond": "(movie_id = ci.movie_id)",
                        "Rows Removed by Index Recheck": 0
                      }
                    ]
                  },
                  {
                    "Node Type": "Index Only Scan",
                    "Parent Relationship": "Inner",
                    "Parallel Aware": false,
                    "Scan Direction": "Forward",
                    "Index Name": "company_name_pkey",
                    "Relation Name": "company_name",
                    "Alias": "cn",
                    "Startup Cost": 0.42,
                    "Total Cost": 0.44,
                    "Plan Rows": 1,
                    "Plan Width": 4,
                    "Actual Startup Time": 0.001,
                    "Actual Total Time": 0.001,
                    "Actual Rows": 1,
                    "Actual Loops": 182287,
                    "Index Cond": "(id = mc.company_id)",
                    "Rows Removed by Index Recheck": 0,
                    "Heap Fetches": 182287
                  }
                ]
              }
            ]
          }
        ]
      }
    ]
  },
  "Planning Time": 1.467,
  "Triggers": [],
  "Execution Time": 4941.742
}