{
  "Plan": {
    "Node Type": "Aggregate",
    "Strategy": "Plain",
    "Partial Mode": "Finalize",
    "Parallel Aware": false,
    "Startup Cost": 612295.34,
    "Total Cost": 612295.35,
    "Plan Rows": 1,
    "Plan Width": 8,
    "Actual Startup Time": 1757.492,
    "Actual Total Time": 1791.488,
    "Actual Rows": 1,
    "Actual Loops": 1,
    "Plans": [
      {
        "Node Type": "Gather",
        "Parent Relationship": "Outer",
        "Parallel Aware": false,
        "Startup Cost": 612295.23,
        "Total Cost": 612295.34,
        "Plan Rows": 1,
        "Plan Width": 8,
        "Actual Startup Time": 1756.851,
        "Actual Total Time": 1791.479,
        "Actual Rows": 2,
        "Actual Loops": 1,
        "Workers Planned": 1,
        "Workers Launched": 1,
        "Single Copy": false,
        "Plans": [
          {
            "Node Type": "Aggregate",
            "Strategy": "Plain",
            "Partial Mode": "Partial",
            "Parent Relationship": "Outer",
            "Parallel Aware": false,
            "Startup Cost": 611295.23,
            "Total Cost": 611295.24,
            "Plan Rows": 1,
            "Plan Width": 8,
            "Actual Startup Time": 1750.734,
            "Actual Total Time": 1750.738,
            "Actual Rows": 1,
            "Actual Loops": 2,
            "Plans": [
              {
                "Node Type": "Hash Join",
                "Parent Relationship": "Outer",
                "Parallel Aware": true,
                "Join Type": "Inner",
                "Startup Cost": 265811.23,
                "Total Cost": 610972.08,
                "Plan Rows": 129260,
                "Plan Width": 0,
                "Actual Startup Time": 610.09,
                "Actual Total Time": 1741.349,
                "Actual Rows": 194554,
                "Actual Loops": 2,
                "Inner Unique": true,
                "Hash Cond": "(ci.movie_id = t.id)",
                "Plans": [
                  {
                    "Node Type": "Bitmap Heap Scan",
                    "Parent Relationship": "Outer",
                    "Parallel Aware": true,
                    "Relation Name": "cast_info",
                    "Alias": "ci",
                    "Startup Cost": 206842.03,
                    "Total Cost": 542484.87,
                    "Plan Rows": 3625908,
                    "Plan Width": 4,
                    "Actual Startup Time": 461.106,
                    "Actual Total Time": 1091.345,
                    "Actual Rows": 4653250,
                    "Actual Loops": 2,
                    "Recheck Cond": "(person_id > 2770962)",
                    "Rows Removed by Index Recheck": 0,
                    "Filter": "(role_id > 1)",
                    "Rows Removed by Filter": 0,
                    "Exact Heap Blocks": 57127,
                    "Lossy Heap Blocks": 0,
                    "Plans": [
                      {
                        "Node Type": "Bitmap Index Scan",
                        "Parent Relationship": "Outer",
                        "Parallel Aware": false,
                        "Index Name": "person_id_cast_info",
                        "Startup Cost": 0.0,
                        "Total Cost": 205301.02,
                        "Plan Rows": 9401661,
                        "Plan Width": 0,
                        "Actual Startup Time": 443.326,
                        "Actual Total Time": 443.327,
                        "Actual Rows": 9306499,
                        "Actual Loops": 1,
                        "Index Cond": "(person_id > 2770962)"
                      }
                    ]
                  },
                  {
                    "Node Type": "Hash",
                    "Parent Relationship": "Inner",
                    "Parallel Aware": true,
                    "Startup Cost": 58306.47,
                    "Total Cost": 58306.47,
                    "Plan Rows": 53018,
                    "Plan Width": 4,
                    "Actual Startup Time": 146.556,
                    "Actual Total Time": 146.557,
                    "Actual Rows": 40495,
                    "Actual Loops": 2,
                    "Hash Buckets": 131072,
                    "Original Hash Buckets": 131072,
                    "Hash Batches": 1,
                    "Original Hash Batches": 1,
                    "Peak Memory Usage": 4224,
                    "Plans": [
                      {
                        "Node Type": "Seq Scan",
                        "Parent Relationship": "Outer",
                        "Parallel Aware": true,
                        "Relation Name": "title",
                        "Alias": "t",
                        "Startup Cost": 0.0,
                        "Total Cost": 58306.47,
                        "Plan Rows": 53018,
                        "Plan Width": 4,
                        "Actual Startup Time": 0.054,
                        "Actual Total Time": 136.57,
                        "Actual Rows": 40495,
                        "Actual Loops": 2,
                        "Filter": "((kind_id < 7) AND (production_year > 2011))",
                        "Rows Removed by Filter": 1223661
                      }
                    ]
                  }
                ]
              }
            ]
          }
        ]
      }
    ]
  },
  "Planning Time": 0.503,
  "Triggers": [],
  "Execution Time": 1791.589
}