{
  "Plan": {
    "Node Type": "Aggregate",
    "Strategy": "Plain",
    "Partial Mode": "Finalize",
    "Parallel Aware": false,
    "Startup Cost": 742409.2,
    "Total Cost": 742409.21,
    "Plan Rows": 1,
    "Plan Width": 8,
    "Actual Startup Time": 4437.752,
    "Actual Total Time": 4507.701,
    "Actual Rows": 1,
    "Actual Loops": 1,
    "Plans": [
      {
        "Node Type": "Gather",
        "Parent Relationship": "Outer",
        "Parallel Aware": false,
        "Startup Cost": 742409.09,
        "Total Cost": 742409.2,
        "Plan Rows": 1,
        "Plan Width": 8,
        "Actual Startup Time": 4434.05,
        "Actual Total Time": 4507.692,
        "Actual Rows": 2,
        "Actual Loops": 1,
        "Workers Planned": 1,
        "Workers Launched": 1,
        "Single Copy": false,
        "Plans": [
          {
            "Node Type": "Aggregate",
            "Strategy": "Plain",
            "Partial Mode": "Partial",
            "Parent Relationship": "Outer",
            "Parallel Aware": false,
            "Startup Cost": 741409.09,
            "Total Cost": 741409.1,
            "Plan Rows": 1,
            "Plan Width": 8,
            "Actual Startup Time": 4427.67,
            "Actual Total Time": 4427.677,
            "Actual Rows": 1,
            "Actual Loops": 2,
            "Plans": [
              {
                "Node Type": "Hash Join",
                "Parent Relationship": "Outer",
                "Parallel Aware": true,
                "Join Type": "Inner",
                "Startup Cost": 87383.84,
                "Total Cost": 733705.29,
                "Plan Rows": 3081520,
                "Plan Width": 0,
                "Actual Startup Time": 574.49,
                "Actual Total Time": 4278.94,
                "Actual Rows": 3522062,
                "Actual Loops": 2,
                "Inner Unique": false,
                "Hash Cond": "(ci.movie_id = t.id)",
                "Plans": [
                  {
                    "Node Type": "Seq Scan",
                    "Parent Relationship": "Outer",
                    "Parallel Aware": true,
                    "Relation Name": "cast_info",
                    "Alias": "ci",
                    "Startup Cost": 0.0,
                    "Total Cost": 572345.93,
                    "Plan Rows": 14893047,
                    "Plan Width": 4,
                    "Actual Startup Time": 0.024,
                    "Actual Total Time": 2013.122,
                    "Actual Rows": 13808781,
                    "Actual Loops": 2,
                    "Filter": "((person_id < 2963666) AND (role_id < 10))",
                    "Rows Removed by Filter": 4313391
                  },
                  {
                    "Node Type": "Hash",
                    "Parent Relationship": "Inner",
                    "Parallel Aware": true,
                    "Startup Cost": 83537.31,
                    "Total Cost": 83537.31,
                    "Plan Rows": 307723,
                    "Plan Width": 8,
                    "Actual Startup Time": 568.564,
                    "Actual Total Time": 568.568,
                    "Actual Rows": 133851,
                    "Actual Loops": 2,
                    "Hash Buckets": 524288,
                    "Original Hash Buckets": 524288,
                    "Hash Batches": 1,
                    "Original Hash Batches": 1,
                    "Peak Memory Usage": 14592,
                    "Plans": [
                      {
                        "Node Type": "Hash Join",
                        "Parent Relationship": "Outer",
                        "Parallel Aware": true,
                        "Join Type": "Inner",
                        "Startup Cost": 65353.52,
                        "Total Cost": 83537.31,
                        "Plan Rows": 307723,
                        "Plan Width": 8,
                        "Actual Startup Time": 359.694,
                        "Actual Total Time": 535.897,
                        "Actual Rows": 133851,
                        "Actual Loops": 2,
                        "Inner Unique": true,
                        "Hash Cond": "(mi_idx.movie_id = t.id)",
                        "Plans": [
                          {
                            "Node Type": "Seq Scan",
                            "Parent Relationship": "Outer",
                            "Parallel Aware": true,
                            "Relation Name": "movie_info_idx",
                            "Alias": "mi_idx",
                            "Startup Cost": 0.0,
                            "Total Cost": 16052.85,
                            "Plan Rows": 811785,
                            "Plan Width": 4,
                            "Actual Startup Time": 0.021,
                            "Actual Total Time": 58.974,
                            "Actual Rows": 690018,
                            "Actual Loops": 2
                          },
                          {
                            "Node Type": "Hash",
                            "Parent Relationship": "Inner",
                            "Parallel Aware": true,
                            "Startup Cost": 58306.47,
                            "Total Cost": 58306.47,
                            "Plan Rows": 563764,
                            "Plan Width": 4,
                            "Actual Startup Time": 353.291,
                            "Actual Total Time": 353.292,
                            "Actual Rows": 525096,
                            "Actual Loops": 2,
                            "Hash Buckets": 2097152,
                            "Original Hash Buckets": 1048576,
                            "Hash Batches": 1,
                            "Original Hash Batches": 1,
                            "Peak Memory Usage": 65696,
                            "Plans": [
                              {
                                "Node Type": "Seq Scan",
                                "Parent Relationship": "Outer",
                                "Parallel Aware": true,
                                "Relation Name": "title",
                                "Alias": "t",
                                "Startup Cost": 0.0,
                                "Total Cost": 58306.47,
                                "Plan Rows": 563764,
                                "Plan Width": 4,
                                "Actual Startup Time": 0.043,
                                "Actual Total Time": 190.581,
                                "Actual Rows": 525096,
                                "Actual Loops": 2,
                                "Filter": "((production_year > 1996) AND (kind_id = 7))",
                                "Rows Removed by Filter": 739060
                              }
                            ]
                          }
                        ]
                      }
                    ]
                  }
                ]
              }
            ]
          }
        ]
      }
    ]
  },
  "Planning Time": 0.962,
  "Triggers": [],
  "Execution Time": 4507.803
}