[
  {
    "Plan": {
      "Node Type": "Aggregate",
      "Strategy": "Plain",
      "Partial Mode": "Finalize",
      "Parallel Aware": false,
      "Startup Cost": 412594.77,
      "Total Cost": 412594.78,
      "Plan Rows": 1,
      "Plan Width": 8,
      "Actual Startup Time": 2862.418,
      "Actual Total Time": 2970.753,
      "Actual Rows": 1,
      "Actual Loops": 1,
      "Plans": [
        {
          "Node Type": "Gather",
          "Parent Relationship": "Outer",
          "Parallel Aware": false,
          "Startup Cost": 412594.25,
          "Total Cost": 412594.76,
          "Plan Rows": 5,
          "Plan Width": 8,
          "Actual Startup Time": 2861.681,
          "Actual Total Time": 2970.725,
          "Actual Rows": 6,
          "Actual Loops": 1,
          "Workers Planned": 5,
          "Workers Launched": 5,
          "Single Copy": false,
          "Plans": [
            {
              "Node Type": "Aggregate",
              "Strategy": "Plain",
              "Partial Mode": "Partial",
              "Parent Relationship": "Outer",
              "Parallel Aware": false,
              "Startup Cost": 411594.25,
              "Total Cost": 411594.26,
              "Plan Rows": 1,
              "Plan Width": 8,
              "Actual Startup Time": 2854.765,
              "Actual Total Time": 2854.769,
              "Actual Rows": 1,
              "Actual Loops": 6,
              "Plans": [
                {
                  "Node Type": "Nested Loop",
                  "Parent Relationship": "Outer",
                  "Parallel Aware": false,
                  "Join Type": "Inner",
                  "Startup Cost": 44320.81,
                  "Total Cost": 410963.66,
                  "Plan Rows": 252235,
                  "Plan Width": 0,
                  "Actual Startup Time": 91.494,
                  "Actual Total Time": 2838.821,
                  "Actual Rows": 259628,
                  "Actual Loops": 6,
                  "Inner Unique": false,
                  "Join Filter": "(t.id = ci.movie_id)",
                  "Rows Removed by Join Filter": 0,
                  "Plans": [
                    {
                      "Node Type": "Hash Join",
                      "Parent Relationship": "Outer",
                      "Parallel Aware": true,
                      "Join Type": "Inner",
                      "Startup Cost": 44320.25,
                      "Total Cost": 248474.24,
                      "Plan Rows": 102400,
                      "Plan Width": 8,
                      "Actual Startup Time": 87.683,
                      "Actual Total Time": 697.982,
                      "Actual Rows": 223552,
                      "Actual Loops": 6,
                      "Inner Unique": true,
                      "Hash Cond": "(mi.movie_id = t.id)",
                      "Plans": [
                        {
                          "Node Type": "Seq Scan",
                          "Parent Relationship": "Outer",
                          "Parallel Aware": true,
                          "Relation Name": "movie_info",
                          "Alias": "mi",
                          "Startup Cost": 0.0,
                          "Total Cost": 199108.24,
                          "Plan Rows": 1922185,
                          "Plan Width": 4,
                          "Actual Startup Time": 0.029,
                          "Actual Total Time": 346.147,
                          "Actual Rows": 1594192,
                          "Actual Loops": 6,
                          "Filter": "(info_type_id < 16)",
                          "Rows Removed by Filter": 878428
                        },
                        {
                          "Node Type": "Hash",
                          "Parent Relationship": "Inner",
                          "Parallel Aware": true,
                          "Startup Cost": 43899.32,
                          "Total Cost": 43899.32,
                          "Plan Rows": 33674,
                          "Plan Width": 4,
                          "Actual Startup Time": 81.091,
                          "Actual Total Time": 81.093,
                          "Actual Rows": 23889,
                          "Actual Loops": 6,
                          "Hash Buckets": 262144,
                          "Original Hash Buckets": 262144,
                          "Hash Batches": 1,
                          "Original Hash Batches": 1,
                          "Peak Memory Usage": 7712,
                          "Plans": [
                            {
                              "Node Type": "Seq Scan",
                              "Parent Relationship": "Outer",
                              "Parallel Aware": true,
                              "Relation Name": "title",
                              "Alias": "t",
                              "Startup Cost": 0.0,
                              "Total Cost": 43899.32,
                              "Plan Rows": 33674,
                              "Plan Width": 4,
                              "Actual Startup Time": 15.633,
                              "Actual Total Time": 71.623,
                              "Actual Rows": 23889,
                              "Actual Loops": 6,
                              "Filter": "(production_year < 1941)",
                              "Rows Removed by Filter": 397496
                            }
                          ]
                        }
                      ]
                    },
                    {
                      "Node Type": "Index Scan",
                      "Parent Relationship": "Inner",
                      "Parallel Aware": false,
                      "Scan Direction": "Forward",
                      "Index Name": "movie_id_cast_info",
                      "Relation Name": "cast_info",
                      "Alias": "ci",
                      "Startup Cost": 0.56,
                      "Total Cost": 1.51,
                      "Plan Rows": 6,
                      "Plan Width": 4,
                      "Actual Startup Time": 0.008,
                      "Actual Total Time": 0.009,
                      "Actual Rows": 1,
                      "Actual Loops": 1341311,
                      "Index Cond": "(movie_id = mi.movie_id)",
                      "Rows Removed by Index Recheck": 0,
                      "Filter": "((person_id < 1878372) AND (role_id > 3))",
                      "Rows Removed by Filter": 8
                    }
                  ]
                }
              ]
            }
          ]
        }
      ]
    },
    "Planning Time": 0.608,
    "Triggers": [],
    "Execution Time": 2970.826
  }
]