[
  {
    "Plan": {
      "Node Type": "Aggregate",
      "Strategy": "Plain",
      "Partial Mode": "Finalize",
      "Parallel Aware": false,
      "Startup Cost": 93274.63,
      "Total Cost": 93274.64,
      "Plan Rows": 1,
      "Plan Width": 8,
      "Actual Startup Time": 138.255,
      "Actual Total Time": 165.263,
      "Actual Rows": 1,
      "Actual Loops": 1,
      "Plans": [
        {
          "Node Type": "Gather",
          "Parent Relationship": "Outer",
          "Parallel Aware": false,
          "Startup Cost": 93274.21,
          "Total Cost": 93274.62,
          "Plan Rows": 4,
          "Plan Width": 8,
          "Actual Startup Time": 138.098,
          "Actual Total Time": 165.249,
          "Actual Rows": 5,
          "Actual Loops": 1,
          "Workers Planned": 4,
          "Workers Launched": 4,
          "Single Copy": false,
          "Plans": [
            {
              "Node Type": "Aggregate",
              "Strategy": "Plain",
              "Partial Mode": "Partial",
              "Parent Relationship": "Outer",
              "Parallel Aware": false,
              "Startup Cost": 92274.21,
              "Total Cost": 92274.22,
              "Plan Rows": 1,
              "Plan Width": 8,
              "Actual Startup Time": 129.85,
              "Actual Total Time": 129.852,
              "Actual Rows": 1,
              "Actual Loops": 5,
              "Plans": [
                {
                  "Node Type": "Nested Loop",
                  "Parent Relationship": "Outer",
                  "Parallel Aware": false,
                  "Join Type": "Inner",
                  "Startup Cost": 0.56,
                  "Total Cost": 92272.66,
                  "Plan Rows": 621,
                  "Plan Width": 0,
                  "Actual Startup Time": 54.133,
                  "Actual Total Time": 129.443,
                  "Actual Rows": 3621,
                  "Actual Loops": 5,
                  "Inner Unique": false,
                  "Plans": [
                    {
                      "Node Type": "Seq Scan",
                      "Parent Relationship": "Outer",
                      "Parallel Aware": true,
                      "Relation Name": "title",
                      "Alias": "t",
                      "Startup Cost": 0.0,
                      "Total Cost": 45479.59,
                      "Plan Rows": 352,
                      "Plan Width": 4,
                      "Actual Startup Time": 53.964,
                      "Actual Total Time": 78.496,
                      "Actual Rows": 493,
                      "Actual Loops": 5,
                      "Filter": "((kind_id = 1) AND (production_year = 1951))",
                      "Rows Removed by Filter": 505169
                    },
                    {
                      "Node Type": "Index Scan",
                      "Parent Relationship": "Inner",
                      "Parallel Aware": false,
                      "Scan Direction": "Forward",
                      "Index Name": "movie_id_cast_info",
                      "Relation Name": "cast_info",
                      "Alias": "ci",
                      "Startup Cost": 0.56,
                      "Total Cost": 132.89,
                      "Plan Rows": 4,
                      "Plan Width": 4,
                      "Actual Startup Time": 0.02,
                      "Actual Total Time": 0.102,
                      "Actual Rows": 7,
                      "Actual Loops": 2465,
                      "Index Cond": "(movie_id = t.id)",
                      "Rows Removed by Index Recheck": 0,
                      "Filter": "((person_id < 1268002) AND (role_id = 1))",
                      "Rows Removed by Filter": 13
                    }
                  ]
                }
              ]
            }
          ]
        }
      ]
    },
    "Planning Time": 0.295,
    "Triggers": [],
    "Execution Time": 165.32
  }
]