[
  {
    "Plan": {
      "Node Type": "Aggregate",
      "Strategy": "Plain",
      "Partial Mode": "Finalize",
      "Parallel Aware": false,
      "Startup Cost": 93064.48,
      "Total Cost": 93064.49,
      "Plan Rows": 1,
      "Plan Width": 8,
      "Actual Startup Time": 131.975,
      "Actual Total Time": 152.495,
      "Actual Rows": 1,
      "Actual Loops": 1,
      "Plans": [
        {
          "Node Type": "Gather",
          "Parent Relationship": "Outer",
          "Parallel Aware": false,
          "Startup Cost": 93064.06,
          "Total Cost": 93064.47,
          "Plan Rows": 4,
          "Plan Width": 8,
          "Actual Startup Time": 131.845,
          "Actual Total Time": 152.487,
          "Actual Rows": 5,
          "Actual Loops": 1,
          "Workers Planned": 4,
          "Workers Launched": 4,
          "Single Copy": false,
          "Plans": [
            {
              "Node Type": "Aggregate",
              "Strategy": "Plain",
              "Partial Mode": "Partial",
              "Parent Relationship": "Outer",
              "Parallel Aware": false,
              "Startup Cost": 92064.06,
              "Total Cost": 92064.07,
              "Plan Rows": 1,
              "Plan Width": 8,
              "Actual Startup Time": 123.338,
              "Actual Total Time": 123.339,
              "Actual Rows": 1,
              "Actual Loops": 5,
              "Plans": [
                {
                  "Node Type": "Nested Loop",
                  "Parent Relationship": "Outer",
                  "Parallel Aware": false,
                  "Join Type": "Inner",
                  "Startup Cost": 0.56,
                  "Total Cost": 92062.61,
                  "Plan Rows": 580,
                  "Plan Width": 0,
                  "Actual Startup Time": 56.248,
                  "Actual Total Time": 123.006,
                  "Actual Rows": 3621,
                  "Actual Loops": 5,
                  "Inner Unique": false,
                  "Plans": [
                    {
                      "Node Type": "Seq Scan",
                      "Parent Relationship": "Outer",
                      "Parallel Aware": true,
                      "Relation Name": "title",
                      "Alias": "t",
                      "Startup Cost": 0.0,
                      "Total Cost": 45479.1,
                      "Plan Rows": 332,
                      "Plan Width": 4,
                      "Actual Startup Time": 56.139,
                      "Actual Total Time": 77.846,
                      "Actual Rows": 493,
                      "Actual Loops": 5,
                      "Filter": "((kind_id = 1) AND (production_year = 1951))",
                      "Rows Removed by Filter": 505169
                    },
                    {
                      "Node Type": "Index Scan",
                      "Parent Relationship": "Inner",
                      "Parallel Aware": false,
                      "Scan Direction": "Forward",
                      "Index Name": "movie_id_cast_info",
                      "Relation Name": "cast_info",
                      "Alias": "ci",
                      "Startup Cost": 0.56,
                      "Total Cost": 140.27,
                      "Plan Rows": 4,
                      "Plan Width": 4,
                      "Actual Startup Time": 0.016,
                      "Actual Total Time": 0.09,
                      "Actual Rows": 7,
                      "Actual Loops": 2465,
                      "Index Cond": "(movie_id = t.id)",
                      "Rows Removed by Index Recheck": 0,
                      "Filter": "((person_id < 1268002) AND (role_id = 1))",
                      "Rows Removed by Filter": 13
                    }
                  ]
                }
              ]
            }
          ]
        }
      ]
    },
    "Planning Time": 0.678,
    "Triggers": [],
    "Execution Time": 152.584
  }
]