[
  {
    "Plan": {
      "Node Type": "Aggregate",
      "Strategy": "Plain",
      "Partial Mode": "Finalize",
      "Parallel Aware": false,
      "Startup Cost": 437532.26,
      "Total Cost": 437532.27,
      "Plan Rows": 1,
      "Plan Width": 8,
      "Actual Startup Time": 1875.898,
      "Actual Total Time": 1953.514,
      "Actual Rows": 1,
      "Actual Loops": 1,
      "Plans": [
        {
          "Node Type": "Gather",
          "Parent Relationship": "Outer",
          "Parallel Aware": false,
          "Startup Cost": 437531.64,
          "Total Cost": 437532.25,
          "Plan Rows": 6,
          "Plan Width": 8,
          "Actual Startup Time": 1845.119,
          "Actual Total Time": 1953.489,
          "Actual Rows": 7,
          "Actual Loops": 1,
          "Workers Planned": 6,
          "Workers Launched": 6,
          "Single Copy": false,
          "Plans": [
            {
              "Node Type": "Aggregate",
              "Strategy": "Plain",
              "Partial Mode": "Partial",
              "Parent Relationship": "Outer",
              "Parallel Aware": false,
              "Startup Cost": 436531.64,
              "Total Cost": 436531.65,
              "Plan Rows": 1,
              "Plan Width": 8,
              "Actual Startup Time": 1829.883,
              "Actual Total Time": 1830.453,
              "Actual Rows": 1,
              "Actual Loops": 7,
              "Plans": [
                {
                  "Node Type": "Hash Join",
                  "Parent Relationship": "Outer",
                  "Parallel Aware": true,
                  "Join Type": "Inner",
                  "Startup Cost": 99740.0,
                  "Total Cost": 434806.26,
                  "Plan Rows": 690153,
                  "Plan Width": 0,
                  "Actual Startup Time": 896.871,
                  "Actual Total Time": 1695.895,
                  "Actual Rows": 2250372,
                  "Actual Loops": 7,
                  "Inner Unique": false,
                  "Hash Cond": "(ci.movie_id = t.id)",
                  "Plans": [
                    {
                      "Node Type": "Seq Scan",
                      "Parent Relationship": "Outer",
                      "Parallel Aware": true,
                      "Relation Name": "cast_info",
                      "Alias": "ci",
                      "Startup Cost": 0.0,
                      "Total Cost": 328162.03,
                      "Plan Rows": 1247448,
                      "Plan Width": 4,
                      "Actual Startup Time": 382.741,
                      "Actual Total Time": 652.521,
                      "Actual Rows": 1056277,
                      "Actual Loops": 7,
                      "Filter": "(person_id > 2931083)",
                      "Rows Removed by Filter": 4121487
                    },
                    {
                      "Node Type": "Hash",
                      "Parent Relationship": "Inner",
                      "Parallel Aware": true,
                      "Startup Cost": 94099.75,
                      "Total Cost": 94099.75,
                      "Plan Rows": 451220,
                      "Plan Width": 8,
                      "Actual Startup Time": 509.165,
                      "Actual Total Time": 509.733,
                      "Actual Rows": 200429,
                      "Actual Loops": 7,
                      "Hash Buckets": 2097152,
                      "Original Hash Buckets": 2097152,
                      "Hash Batches": 1,
                      "Original Hash Batches": 1,
                      "Peak Memory Usage": 71424,
                      "Plans": [
                        {
                          "Node Type": "Hash Join",
                          "Parent Relationship": "Outer",
                          "Parallel Aware": true,
                          "Join Type": "Inner",
                          "Startup Cost": 50219.64,
                          "Total Cost": 94099.75,
                          "Plan Rows": 451220,
                          "Plan Width": 8,
                          "Actual Startup Time": 282.043,
                          "Actual Total Time": 430.418,
                          "Actual Rows": 200429,
                          "Actual Loops": 7,
                          "Inner Unique": true,
                          "Hash Cond": "(mk.movie_id = t.id)",
                          "Plans": [
                            {
                              "Node Type": "Seq Scan",
                              "Parent Relationship": "Outer",
                              "Parallel Aware": true,
                              "Relation Name": "movie_keyword",
                              "Alias": "mk",
                              "Startup Cost": 0.0,
                              "Total Cost": 42695.65,
                              "Plan Rows": 451220,
                              "Plan Width": 4,
                              "Actual Startup Time": 0.669,
                              "Actual Total Time": 85.119,
                              "Actual Rows": 200429,
                              "Actual Loops": 7,
                              "Filter": "(keyword_id > 11931)",
                              "Rows Removed by Filter": 445847
                            },
                            {
                              "Node Type": "Hash",
                              "Parent Relationship": "Inner",
                              "Parallel Aware": true,
                              "Startup Cost": 42318.73,
                              "Total Cost": 42318.73,
                              "Plan Rows": 632073,
                              "Plan Width": 4,
                              "Actual Startup Time": 277.391,
                              "Actual Total Time": 277.392,
                              "Actual Rows": 361187,
                              "Actual Loops": 7,
                              "Hash Buckets": 4194304,
                              "Original Hash Buckets": 4194304,
                              "Hash Batches": 1,
                              "Original Hash Batches": 1,
                              "Peak Memory Usage": 131808,
                              "Plans": [
                                {
                                  "Node Type": "Seq Scan",
                                  "Parent Relationship": "Outer",
                                  "Parallel Aware": true,
                                  "Relation Name": "title",
                                  "Alias": "t",
                                  "Startup Cost": 0.0,
                                  "Total Cost": 42318.73,
                                  "Plan Rows": 632073,
                                  "Plan Width": 4,
                                  "Actual Startup Time": 0.053,
                                  "Actual Total Time": 83.235,
                                  "Actual Rows": 361187,
                                  "Actual Loops": 7
                                }
                              ]
                            }
                          ]
                        }
                      ]
                    }
                  ]
                }
              ]
            }
          ]
        }
      ]
    },
    "Planning Time": 1.239,
    "Triggers": [],
    "Execution Time": 1953.612
  }
]