[
  {
    "Plan": {
      "Node Type": "Aggregate",
      "Strategy": "Plain",
      "Partial Mode": "Finalize",
      "Parallel Aware": false,
      "Startup Cost": 46871.62,
      "Total Cost": 46871.63,
      "Plan Rows": 1,
      "Plan Width": 8,
      "Actual Startup Time": 161.85,
      "Actual Total Time": 172.229,
      "Actual Rows": 1,
      "Actual Loops": 1,
      "Plans": [
        {
          "Node Type": "Gather",
          "Parent Relationship": "Outer",
          "Parallel Aware": false,
          "Startup Cost": 46871.3,
          "Total Cost": 46871.61,
          "Plan Rows": 3,
          "Plan Width": 8,
          "Actual Startup Time": 161.684,
          "Actual Total Time": 172.215,
          "Actual Rows": 4,
          "Actual Loops": 1,
          "Workers Planned": 3,
          "Workers Launched": 3,
          "Single Copy": false,
          "Plans": [
            {
              "Node Type": "Aggregate",
              "Strategy": "Plain",
              "Partial Mode": "Partial",
              "Parent Relationship": "Outer",
              "Parallel Aware": false,
              "Startup Cost": 45871.3,
              "Total Cost": 45871.31,
              "Plan Rows": 1,
              "Plan Width": 8,
              "Actual Startup Time": 157.938,
              "Actual Total Time": 157.941,
              "Actual Rows": 1,
              "Actual Loops": 4,
              "Plans": [
                {
                  "Node Type": "Seq Scan",
                  "Parent Relationship": "Outer",
                  "Parallel Aware": true,
                  "Relation Name": "movie_keyword",
                  "Alias": "mk",
                  "Startup Cost": 0.0,
                  "Total Cost": 42695.65,
                  "Plan Rows": 1270260,
                  "Plan Width": 0,
                  "Actual Startup Time": 0.066,
                  "Actual Total Time": 116.867,
                  "Actual Rows": 980838,
                  "Actual Loops": 4,
                  "Filter": "(keyword_id > 439)",
                  "Rows Removed by Filter": 150145
                }
              ]
            }
          ]
        }
      ]
    },
    "Planning Time": 0.182,
    "Triggers": [],
    "Execution Time": 172.282
  }
]