[
  {
    "Plan": {
      "Node Type": "Aggregate",
      "Strategy": "Plain",
      "Partial Mode": "Finalize",
      "Parallel Aware": false,
      "Startup Cost": 439990.89,
      "Total Cost": 439990.9,
      "Plan Rows": 1,
      "Plan Width": 8,
      "Actual Startup Time": 1996.435,
      "Actual Total Time": 2065.245,
      "Actual Rows": 1,
      "Actual Loops": 1,
      "Plans": [
        {
          "Node Type": "Gather",
          "Parent Relationship": "Outer",
          "Parallel Aware": false,
          "Startup Cost": 439990.26,
          "Total Cost": 439990.87,
          "Plan Rows": 6,
          "Plan Width": 8,
          "Actual Startup Time": 1947.069,
          "Actual Total Time": 2065.224,
          "Actual Rows": 7,
          "Actual Loops": 1,
          "Workers Planned": 6,
          "Workers Launched": 6,
          "Single Copy": false,
          "Plans": [
            {
              "Node Type": "Aggregate",
              "Strategy": "Plain",
              "Partial Mode": "Partial",
              "Parent Relationship": "Outer",
              "Parallel Aware": false,
              "Startup Cost": 438990.26,
              "Total Cost": 438990.27,
              "Plan Rows": 1,
              "Plan Width": 8,
              "Actual Startup Time": 1931.264,
              "Actual Total Time": 1932.266,
              "Actual Rows": 1,
              "Actual Loops": 7,
              "Plans": [
                {
                  "Node Type": "Hash Join",
                  "Parent Relationship": "Outer",
                  "Parallel Aware": true,
                  "Join Type": "Inner",
                  "Startup Cost": 103797.76,
                  "Total Cost": 437240.97,
                  "Plan Rows": 699716,
                  "Plan Width": 0,
                  "Actual Startup Time": 630.859,
                  "Actual Total Time": 1801.927,
                  "Actual Rows": 2200729,
                  "Actual Loops": 7,
                  "Inner Unique": false,
                  "Hash Cond": "(ci.movie_id = t.id)",
                  "Plans": [
                    {
                      "Node Type": "Seq Scan",
                      "Parent Relationship": "Outer",
                      "Parallel Aware": true,
                      "Relation Name": "cast_info",
                      "Alias": "ci",
                      "Startup Cost": 0.0,
                      "Total Cost": 328211.39,
                      "Plan Rows": 793245,
                      "Plan Width": 4,
                      "Actual Startup Time": 0.075,
                      "Actual Total Time": 706.924,
                      "Actual Rows": 704442,
                      "Actual Loops": 7,
                      "Filter": "(person_id < 479128)",
                      "Rows Removed by Filter": 4473322
                    },
                    {
                      "Node Type": "Hash",
                      "Parent Relationship": "Inner",
                      "Parallel Aware": true,
                      "Startup Cost": 94804.6,
                      "Total Cost": 94804.6,
                      "Plan Rows": 719453,
                      "Plan Width": 8,
                      "Actual Startup Time": 625.299,
                      "Actual Total Time": 626.298,
                      "Actual Rows": 316572,
                      "Actual Loops": 7,
                      "Hash Buckets": 4194304,
                      "Original Hash Buckets": 4194304,
                      "Hash Batches": 1,
                      "Original Hash Batches": 1,
                      "Peak Memory Usage": 119616,
                      "Plans": [
                        {
                          "Node Type": "Hash Join",
                          "Parent Relationship": "Outer",
                          "Parallel Aware": true,
                          "Join Type": "Inner",
                          "Startup Cost": 50220.38,
                          "Total Cost": 94804.6,
                          "Plan Rows": 719453,
                          "Plan Width": 8,
                          "Actual Startup Time": 309.116,
                          "Actual Total Time": 498.135,
                          "Actual Rows": 316572,
                          "Actual Loops": 7,
                          "Inner Unique": true,
                          "Hash Cond": "(mk.movie_id = t.id)",
                          "Plans": [
                            {
                              "Node Type": "Seq Scan",
                              "Parent Relationship": "Outer",
                              "Parallel Aware": true,
                              "Relation Name": "movie_keyword",
                              "Alias": "mk",
                              "Startup Cost": 0.0,
                              "Total Cost": 42695.65,
                              "Plan Rows": 719453,
                              "Plan Width": 4,
                              "Actual Startup Time": 0.313,
                              "Actual Total Time": 96.125,
                              "Actual Rows": 316572,
                              "Actual Loops": 7,
                              "Filter": "(keyword_id > 4958)",
                              "Rows Removed by Filter": 329704
                            },
                            {
                              "Node Type": "Hash",
                              "Parent Relationship": "Inner",
                              "Parallel Aware": true,
                              "Startup Cost": 42319.06,
                              "Total Cost": 42319.06,
                              "Plan Rows": 632106,
                              "Plan Width": 4,
                              "Actual Startup Time": 304.592,
                              "Actual Total Time": 304.594,
                              "Actual Rows": 361187,
                              "Actual Loops": 7,
                              "Hash Buckets": 4194304,
                              "Original Hash Buckets": 4194304,
                              "Hash Batches": 1,
                              "Original Hash Batches": 1,
                              "Peak Memory Usage": 131776,
                              "Plans": [
                                {
                                  "Node Type": "Seq Scan",
                                  "Parent Relationship": "Outer",
                                  "Parallel Aware": true,
                                  "Relation Name": "title",
                                  "Alias": "t",
                                  "Startup Cost": 0.0,
                                  "Total Cost": 42319.06,
                                  "Plan Rows": 632106,
                                  "Plan Width": 4,
                                  "Actual Startup Time": 0.056,
                                  "Actual Total Time": 90.496,
                                  "Actual Rows": 361187,
                                  "Actual Loops": 7
                                }
                              ]
                            }
                          ]
                        }
                      ]
                    }
                  ]
                }
              ]
            }
          ]
        }
      ]
    },
    "Planning Time": 0.575,
    "Triggers": [],
    "Execution Time": 2065.344
  }
]