{
    "Plan": {
        "Node Type": "Aggregate",
        "Strategy": "Plain",
        "Partial Mode": "Finalize",
        "Parallel Aware": false,
        "Startup Cost": 250245.39,
        "Total Cost": 250245.4,
        "Plan Rows": 1,
        "Plan Width": 8,
        "Actual Startup Time": 561.497,
        "Actual Total Time": 590.568,
        "Actual Rows": 1,
        "Actual Loops": 1,
        "Output": [
            "count(*)"
        ],
        "Plans": [
            {
                "Node Type": "Gather",
                "Parent Relationship": "Outer",
                "Parallel Aware": false,
                "Startup Cost": 250244.77,
                "Total Cost": 250245.38,
                "Plan Rows": 6,
                "Plan Width": 8,
                "Actual Startup Time": 560.687,
                "Actual Total Time": 590.559,
                "Actual Rows": 7,
                "Actual Loops": 1,
                "Output": [
                    "(PARTIAL count(*))"
                ],
                "Workers Planned": 6,
                "Workers Launched": 6,
                "Single Copy": false,
                "Plans": [
                    {
                        "Node Type": "Aggregate",
                        "Strategy": "Plain",
                        "Partial Mode": "Partial",
                        "Parent Relationship": "Outer",
                        "Parallel Aware": false,
                        "Startup Cost": 249244.77,
                        "Total Cost": 249244.78,
                        "Plan Rows": 1,
                        "Plan Width": 8,
                        "Actual Startup Time": 549.498,
                        "Actual Total Time": 549.501,
                        "Actual Rows": 1,
                        "Actual Loops": 7,
                        "Output": [
                            "PARTIAL count(*)"
                        ],
                        "Workers": [
                            {
                                "Worker Number": 0,
                                "Actual Startup Time": 547.14,
                                "Actual Total Time": 547.142,
                                "Actual Rows": 1,
                                "Actual Loops": 1
                            },
                            {
                                "Worker Number": 1,
                                "Actual Startup Time": 547.211,
                                "Actual Total Time": 547.214,
                                "Actual Rows": 1,
                                "Actual Loops": 1
                            },
                            {
                                "Worker Number": 2,
                                "Actual Startup Time": 547.716,
                                "Actual Total Time": 547.72,
                                "Actual Rows": 1,
                                "Actual Loops": 1
                            },
                            {
                                "Worker Number": 3,
                                "Actual Startup Time": 547.916,
                                "Actual Total Time": 547.919,
                                "Actual Rows": 1,
                                "Actual Loops": 1
                            },
                            {
                                "Worker Number": 4,
                                "Actual Startup Time": 548.139,
                                "Actual Total Time": 548.143,
                                "Actual Rows": 1,
                                "Actual Loops": 1
                            },
                            {
                                "Worker Number": 5,
                                "Actual Startup Time": 548.614,
                                "Actual Total Time": 548.618,
                                "Actual Rows": 1,
                                "Actual Loops": 1
                            }
                        ],
                        "Plans": [
                            {
                                "Node Type": "Hash Join",
                                "Parent Relationship": "Outer",
                                "Parallel Aware": true,
                                "Join Type": "Inner",
                                "Startup Cost": 45656.69,
                                "Total Cost": 249186.85,
                                "Plan Rows": 23168,
                                "Plan Width": 0,
                                "Actual Startup Time": 82.021,
                                "Actual Total Time": 547.485,
                                "Actual Rows": 27443,
                                "Actual Loops": 7,
                                "Inner Unique": true,
                                "Hash Cond": "(ci.movie_id = t.id)",
                                "Workers": [
                                    {
                                        "Worker Number": 0,
                                        "Actual Startup Time": 79.472,
                                        "Actual Total Time": 545.244,
                                        "Actual Rows": 32317,
                                        "Actual Loops": 1
                                    },
                                    {
                                        "Worker Number": 1,
                                        "Actual Startup Time": 80.082,
                                        "Actual Total Time": 545.3,
                                        "Actual Rows": 32128,
                                        "Actual Loops": 1
                                    },
                                    {
                                        "Worker Number": 2,
                                        "Actual Startup Time": 80.567,
                                        "Actual Total Time": 545.707,
                                        "Actual Rows": 22002,
                                        "Actual Loops": 1
                                    },
                                    {
                                        "Worker Number": 3,
                                        "Actual Startup Time": 80.315,
                                        "Actual Total Time": 545.831,
                                        "Actual Rows": 22448,
                                        "Actual Loops": 1
                                    },
                                    {
                                        "Worker Number": 4,
                                        "Actual Startup Time": 81.211,
                                        "Actual Total Time": 546.071,
                                        "Actual Rows": 22636,
                                        "Actual Loops": 1
                                    },
                                    {
                                        "Worker Number": 5,
                                        "Actual Startup Time": 80.82,
                                        "Actual Total Time": 546.57,
                                        "Actual Rows": 22298,
                                        "Actual Loops": 1
                                    }
                                ],
                                "Plans": [
                                    {
                                        "Node Type": "Index Scan",
                                        "Parent Relationship": "Outer",
                                        "Parallel Aware": true,
                                        "Scan Direction": "Forward",
                                        "Index Name": "role_id_cast_info",
                                        "Relation Name": "cast_info",
                                        "Schema": "public",
                                        "Alias": "ci",
                                        "Startup Cost": 0.56,
                                        "Total Cost": 200814.65,
                                        "Plan Rows": 1034694,
                                        "Plan Width": 4,
                                        "Actual Startup Time": 0.215,
                                        "Actual Total Time": 288.414,
                                        "Actual Rows": 1064379,
                                        "Actual Loops": 7,
                                        "Output": [
                                            "ci.id",
                                            "ci.person_id",
                                            "ci.movie_id",
                                            "ci.person_role_id",
                                            "ci.note",
                                            "ci.nr_order",
                                            "ci.role_id"
                                        ],
                                        "Index Cond": "(ci.role_id = 2)",
                                        "Rows Removed by Index Recheck": 0,
                                        "Filter": "(ci.person_id > 613413)",
                                        "Rows Removed by Filter": 189,
                                        "Workers": [
                                            {
                                                "Worker Number": 0,
                                                "Actual Startup Time": 0.102,
                                                "Actual Total Time": 290.115,
                                                "Actual Rows": 1252115,
                                                "Actual Loops": 1
                                            },
                                            {
                                                "Worker Number": 1,
                                                "Actual Startup Time": 0.245,
                                                "Actual Total Time": 290.119,
                                                "Actual Rows": 1249662,
                                                "Actual Loops": 1
                                            },
                                            {
                                                "Worker Number": 2,
                                                "Actual Startup Time": 0.454,
                                                "Actual Total Time": 289.299,
                                                "Actual Rows": 844683,
                                                "Actual Loops": 1
                                            },
                                            {
                                                "Worker Number": 3,
                                                "Actual Startup Time": 0.211,
                                                "Actual Total Time": 290.694,
                                                "Actual Rows": 860955,
                                                "Actual Loops": 1
                                            },
                                            {
                                                "Worker Number": 4,
                                                "Actual Startup Time": 0.36,
                                                "Actual Total Time": 288.534,
                                                "Actual Rows": 859889,
                                                "Actual Loops": 1
                                            },
                                            {
                                                "Worker Number": 5,
                                                "Actual Startup Time": 0.098,
                                                "Actual Total Time": 290.159,
                                                "Actual Rows": 866416,
                                                "Actual Loops": 1
                                            }
                                        ]
                                    },
                                    {
                                        "Node Type": "Hash",
                                        "Parent Relationship": "Inner",
                                        "Parallel Aware": true,
                                        "Startup Cost": 45479.21,
                                        "Total Cost": 45479.21,
                                        "Plan Rows": 14153,
                                        "Plan Width": 4,
                                        "Actual Startup Time": 80.197,
                                        "Actual Total Time": 80.198,
                                        "Actual Rows": 8965,
                                        "Actual Loops": 7,
                                        "Output": [
                                            "t.id"
                                        ],
                                        "Hash Buckets": 65536,
                                        "Original Hash Buckets": 65536,
                                        "Hash Batches": 1,
                                        "Original Hash Batches": 1,
                                        "Peak Memory Usage": 3040,
                                        "Workers": [
                                            {
                                                "Worker Number": 0,
                                                "Actual Startup Time": 78.556,
                                                "Actual Total Time": 78.557,
                                                "Actual Rows": 8586,
                                                "Actual Loops": 1
                                            },
                                            {
                                                "Worker Number": 1,
                                                "Actual Startup Time": 78.653,
                                                "Actual Total Time": 78.654,
                                                "Actual Rows": 8598,
                                                "Actual Loops": 1
                                            },
                                            {
                                                "Worker Number": 2,
                                                "Actual Startup Time": 79.116,
                                                "Actual Total Time": 79.118,
                                                "Actual Rows": 6815,
                                                "Actual Loops": 1
                                            },
                                            {
                                                "Worker Number": 3,
                                                "Actual Startup Time": 79.276,
                                                "Actual Total Time": 79.277,
                                                "Actual Rows": 7325,
                                                "Actual Loops": 1
                                            },
                                            {
                                                "Worker Number": 4,
                                                "Actual Startup Time": 79.608,
                                                "Actual Total Time": 79.61,
                                                "Actual Rows": 7194,
                                                "Actual Loops": 1
                                            },
                                            {
                                                "Worker Number": 5,
                                                "Actual Startup Time": 79.849,
                                                "Actual Total Time": 79.851,
                                                "Actual Rows": 7258,
                                                "Actual Loops": 1
                                            }
                                        ],
                                        "Plans": [
                                            {
                                                "Node Type": "Seq Scan",
                                                "Parent Relationship": "Outer",
                                                "Parallel Aware": true,
                                                "Relation Name": "title",
                                                "Schema": "public",
                                                "Alias": "t",
                                                "Startup Cost": 0.0,
                                                "Total Cost": 45479.21,
                                                "Plan Rows": 14153,
                                                "Plan Width": 4,
                                                "Actual Startup Time": 0.082,
                                                "Actual Total Time": 74.839,
                                                "Actual Rows": 8965,
                                                "Actual Loops": 7,
                                                "Output": [
                                                    "t.id"
                                                ],
                                                "Filter": "((t.kind_id = 7) AND (t.production_year = 2005))",
                                                "Rows Removed by Filter": 352223,
                                                "Workers": [
                                                    {
                                                        "Worker Number": 0,
                                                        "Actual Startup Time": 0.062,
                                                        "Actual Total Time": 72.84,
                                                        "Actual Rows": 8586,
                                                        "Actual Loops": 1
                                                    },
                                                    {
                                                        "Worker Number": 1,
                                                        "Actual Startup Time": 0.067,
                                                        "Actual Total Time": 72.984,
                                                        "Actual Rows": 8598,
                                                        "Actual Loops": 1
                                                    },
                                                    {
                                                        "Worker Number": 2,
                                                        "Actual Startup Time": 0.139,
                                                        "Actual Total Time": 73.792,
                                                        "Actual Rows": 6815,
                                                        "Actual Loops": 1
                                                    },
                                                    {
                                                        "Worker Number": 3,
                                                        "Actual Startup Time": 0.128,
                                                        "Actual Total Time": 74.334,
                                                        "Actual Rows": 7325,
                                                        "Actual Loops": 1
                                                    },
                                                    {
                                                        "Worker Number": 4,
                                                        "Actual Startup Time": 0.071,
                                                        "Actual Total Time": 74.909,
                                                        "Actual Rows": 7194,
                                                        "Actual Loops": 1
                                                    },
                                                    {
                                                        "Worker Number": 5,
                                                        "Actual Startup Time": 0.085,
                                                        "Actual Total Time": 75.182,
                                                        "Actual Rows": 7258,
                                                        "Actual Loops": 1
                                                    }
                                                ]
                                            }
                                        ]
                                    }
                                ]
                            }
                        ]
                    }
                ]
            }
        ]
    },
    "Planning Time": 0.771,
    "Triggers": [],
    "Execution Time": 590.656
}