[
  {
    "Plan": {
      "Node Type": "Aggregate",
      "Strategy": "Plain",
      "Partial Mode": "Finalize",
      "Parallel Aware": false,
      "Startup Cost": 82866.74,
      "Total Cost": 82866.75,
      "Plan Rows": 1,
      "Plan Width": 8,
      "Actual Startup Time": 737.443,
      "Actual Total Time": 757.059,
      "Actual Rows": 1,
      "Actual Loops": 1,
      "Plans": [
        {
          "Node Type": "Gather",
          "Parent Relationship": "Outer",
          "Parallel Aware": false,
          "Startup Cost": 82866.42,
          "Total Cost": 82866.73,
          "Plan Rows": 3,
          "Plan Width": 8,
          "Actual Startup Time": 719.714,
          "Actual Total Time": 757.047,
          "Actual Rows": 4,
          "Actual Loops": 1,
          "Workers Planned": 3,
          "Workers Launched": 3,
          "Single Copy": false,
          "Plans": [
            {
              "Node Type": "Aggregate",
              "Strategy": "Plain",
              "Partial Mode": "Partial",
              "Parent Relationship": "Outer",
              "Parallel Aware": false,
              "Startup Cost": 81866.42,
              "Total Cost": 81866.43,
              "Plan Rows": 1,
              "Plan Width": 8,
              "Actual Startup Time": 704.021,
              "Actual Total Time": 704.025,
              "Actual Rows": 1,
              "Actual Loops": 4,
              "Plans": [
                {
                  "Node Type": "Hash Join",
                  "Parent Relationship": "Outer",
                  "Parallel Aware": true,
                  "Join Type": "Inner",
                  "Startup Cost": 50652.22,
                  "Total Cost": 80068.11,
                  "Plan Rows": 719324,
                  "Plan Width": 0,
                  "Actual Startup Time": 382.568,
                  "Actual Total Time": 677.557,
                  "Actual Rows": 501161,
                  "Actual Loops": 4,
                  "Inner Unique": true,
                  "Hash Cond": "(mc.movie_id = t.id)",
                  "Plans": [
                    {
                      "Node Type": "Seq Scan",
                      "Parent Relationship": "Outer",
                      "Parallel Aware": true,
                      "Relation Name": "movie_companies",
                      "Alias": "mc",
                      "Startup Cost": 0.0,
                      "Total Cost": 27206.55,
                      "Plan Rows": 841655,
                      "Plan Width": 4,
                      "Actual Startup Time": 0.024,
                      "Actual Total Time": 70.421,
                      "Actual Rows": 652282,
                      "Actual Loops": 4
                    },
                    {
                      "Node Type": "Hash",
                      "Parent Relationship": "Inner",
                      "Parallel Aware": true,
                      "Startup Cost": 43899.32,
                      "Total Cost": 43899.32,
                      "Plan Rows": 540232,
                      "Plan Width": 4,
                      "Actual Startup Time": 371.932,
                      "Actual Total Time": 371.934,
                      "Actual Rows": 536671,
                      "Actual Loops": 4,
                      "Hash Buckets": 4194304,
                      "Original Hash Buckets": 4194304,
                      "Hash Batches": 1,
                      "Original Hash Batches": 1,
                      "Peak Memory Usage": 116832,
                      "Plans": [
                        {
                          "Node Type": "Seq Scan",
                          "Parent Relationship": "Outer",
                          "Parallel Aware": true,
                          "Relation Name": "title",
                          "Alias": "t",
                          "Startup Cost": 0.0,
                          "Total Cost": 43899.32,
                          "Plan Rows": 540232,
                          "Plan Width": 4,
                          "Actual Startup Time": 0.054,
                          "Actual Total Time": 131.366,
                          "Actual Rows": 536671,
                          "Actual Loops": 4,
                          "Filter": "(production_year > 1965)",
                          "Rows Removed by Filter": 95407
                        }
                      ]
                    }
                  ]
                }
              ]
            }
          ]
        }
      ]
    },
    "Planning Time": 0.313,
    "Triggers": [],
    "Execution Time": 757.102
  }
]