[
  {
    "Plan": {
      "Node Type": "Aggregate",
      "Strategy": "Plain",
      "Partial Mode": "Finalize",
      "Parallel Aware": false,
      "Startup Cost": 91466.85,
      "Total Cost": 91466.86,
      "Plan Rows": 1,
      "Plan Width": 8,
      "Actual Startup Time": 488.009,
      "Actual Total Time": 507.575,
      "Actual Rows": 1,
      "Actual Loops": 1,
      "Plans": [
        {
          "Node Type": "Gather",
          "Parent Relationship": "Outer",
          "Parallel Aware": false,
          "Startup Cost": 91466.53,
          "Total Cost": 91466.84,
          "Plan Rows": 3,
          "Plan Width": 8,
          "Actual Startup Time": 476.477,
          "Actual Total Time": 507.567,
          "Actual Rows": 4,
          "Actual Loops": 1,
          "Workers Planned": 3,
          "Workers Launched": 3,
          "Single Copy": false,
          "Plans": [
            {
              "Node Type": "Aggregate",
              "Strategy": "Plain",
              "Partial Mode": "Partial",
              "Parent Relationship": "Outer",
              "Parallel Aware": false,
              "Startup Cost": 90466.53,
              "Total Cost": 90466.54,
              "Plan Rows": 1,
              "Plan Width": 8,
              "Actual Startup Time": 466.411,
              "Actual Total Time": 466.414,
              "Actual Rows": 1,
              "Actual Loops": 4,
              "Plans": [
                {
                  "Node Type": "Hash Join",
                  "Parent Relationship": "Outer",
                  "Parallel Aware": true,
                  "Join Type": "Inner",
                  "Startup Cost": 62674.45,
                  "Total Cost": 89993.05,
                  "Plan Rows": 189395,
                  "Plan Width": 0,
                  "Actual Startup Time": 349.184,
                  "Actual Total Time": 458.727,
                  "Actual Rows": 149261,
                  "Actual Loops": 4,
                  "Inner Unique": true,
                  "Hash Cond": "(mk.movie_id = t.id)",
                  "Plans": [
                    {
                      "Node Type": "Bitmap Heap Scan",
                      "Parent Relationship": "Outer",
                      "Parallel Aware": true,
                      "Relation Name": "movie_keyword",
                      "Alias": "mk",
                      "Startup Cost": 12454.64,
                      "Total Cost": 39276.08,
                      "Plan Rows": 189395,
                      "Plan Width": 4,
                      "Actual Startup Time": 30.494,
                      "Actual Total Time": 86.029,
                      "Actual Rows": 149261,
                      "Actual Loops": 4,
                      "Recheck Cond": "(keyword_id < 438)",
                      "Rows Removed by Index Recheck": 0,
                      "Exact Heap Blocks": 8186,
                      "Lossy Heap Blocks": 0,
                      "Plans": [
                        {
                          "Node Type": "Bitmap Index Scan",
                          "Parent Relationship": "Outer",
                          "Parallel Aware": false,
                          "Index Name": "keyword_id_movie_keyword",
                          "Startup Cost": 0.0,
                          "Total Cost": 12307.86,
                          "Plan Rows": 587124,
                          "Plan Width": 0,
                          "Actual Startup Time": 26.872,
                          "Actual Total Time": 26.872,
                          "Actual Rows": 597043,
                          "Actual Loops": 1,
                          "Index Cond": "(keyword_id < 438)"
                        }
                      ]
                    },
                    {
                      "Node Type": "Hash",
                      "Parent Relationship": "Inner",
                      "Parallel Aware": true,
                      "Startup Cost": 42318.81,
                      "Total Cost": 42318.81,
                      "Plan Rows": 632080,
                      "Plan Width": 4,
                      "Actual Startup Time": 311.439,
                      "Actual Total Time": 311.44,
                      "Actual Rows": 632078,
                      "Actual Loops": 4,
                      "Hash Buckets": 4194304,
                      "Original Hash Buckets": 4194304,
                      "Hash Batches": 1,
                      "Original Hash Batches": 1,
                      "Peak Memory Usage": 131712,
                      "Plans": [
                        {
                          "Node Type": "Seq Scan",
                          "Parent Relationship": "Outer",
                          "Parallel Aware": true,
                          "Relation Name": "title",
                          "Alias": "t",
                          "Startup Cost": 0.0,
                          "Total Cost": 42318.81,
                          "Plan Rows": 632080,
                          "Plan Width": 4,
                          "Actual Startup Time": 0.03,
                          "Actual Total Time": 91.393,
                          "Actual Rows": 632078,
                          "Actual Loops": 4
                        }
                      ]
                    }
                  ]
                }
              ]
            }
          ]
        }
      ]
    },
    "Planning Time": 0.228,
    "Triggers": [],
    "Execution Time": 507.615
  }
]