[
  {
    "Plan": {
      "Node Type": "Aggregate",
      "Strategy": "Plain",
      "Partial Mode": "Finalize",
      "Parallel Aware": false,
      "Startup Cost": 91400.47,
      "Total Cost": 91400.48,
      "Plan Rows": 1,
      "Plan Width": 8,
      "Actual Startup Time": 566.121,
      "Actual Total Time": 585.448,
      "Actual Rows": 1,
      "Actual Loops": 1,
      "Plans": [
        {
          "Node Type": "Gather",
          "Parent Relationship": "Outer",
          "Parallel Aware": false,
          "Startup Cost": 91400.15,
          "Total Cost": 91400.46,
          "Plan Rows": 3,
          "Plan Width": 8,
          "Actual Startup Time": 554.428,
          "Actual Total Time": 585.436,
          "Actual Rows": 4,
          "Actual Loops": 1,
          "Workers Planned": 3,
          "Workers Launched": 3,
          "Single Copy": false,
          "Plans": [
            {
              "Node Type": "Aggregate",
              "Strategy": "Plain",
              "Partial Mode": "Partial",
              "Parent Relationship": "Outer",
              "Parallel Aware": false,
              "Startup Cost": 90400.15,
              "Total Cost": 90400.16,
              "Plan Rows": 1,
              "Plan Width": 8,
              "Actual Startup Time": 540.729,
              "Actual Total Time": 540.733,
              "Actual Rows": 1,
              "Actual Loops": 4,
              "Plans": [
                {
                  "Node Type": "Hash Join",
                  "Parent Relationship": "Outer",
                  "Parallel Aware": true,
                  "Join Type": "Inner",
                  "Startup Cost": 62622.55,
                  "Total Cost": 89928.72,
                  "Plan Rows": 188573,
                  "Plan Width": 0,
                  "Actual Startup Time": 404.194,
                  "Actual Total Time": 532.839,
                  "Actual Rows": 149261,
                  "Actual Loops": 4,
                  "Inner Unique": true,
                  "Hash Cond": "(mk.movie_id = t.id)",
                  "Plans": [
                    {
                      "Node Type": "Bitmap Heap Scan",
                      "Parent Relationship": "Outer",
                      "Parallel Aware": true,
                      "Relation Name": "movie_keyword",
                      "Alias": "mk",
                      "Startup Cost": 12402.9,
                      "Total Cost": 39214.07,
                      "Plan Rows": 188573,
                      "Plan Width": 4,
                      "Actual Startup Time": 51.267,
                      "Actual Total Time": 114.837,
                      "Actual Rows": 149261,
                      "Actual Loops": 4,
                      "Recheck Cond": "(keyword_id < 438)",
                      "Rows Removed by Index Recheck": 0,
                      "Exact Heap Blocks": 7237,
                      "Lossy Heap Blocks": 0,
                      "Plans": [
                        {
                          "Node Type": "Bitmap Index Scan",
                          "Parent Relationship": "Outer",
                          "Parallel Aware": false,
                          "Index Name": "keyword_id_movie_keyword",
                          "Startup Cost": 0.0,
                          "Total Cost": 12256.76,
                          "Plan Rows": 584577,
                          "Plan Width": 0,
                          "Actual Startup Time": 45.455,
                          "Actual Total Time": 45.456,
                          "Actual Rows": 597043,
                          "Actual Loops": 1,
                          "Index Cond": "(keyword_id < 438)"
                        }
                      ]
                    },
                    {
                      "Node Type": "Hash",
                      "Parent Relationship": "Inner",
                      "Parallel Aware": true,
                      "Startup Cost": 42318.73,
                      "Total Cost": 42318.73,
                      "Plan Rows": 632073,
                      "Plan Width": 4,
                      "Actual Startup Time": 343.684,
                      "Actual Total Time": 343.685,
                      "Actual Rows": 632078,
                      "Actual Loops": 4,
                      "Hash Buckets": 4194304,
                      "Original Hash Buckets": 4194304,
                      "Hash Batches": 1,
                      "Original Hash Batches": 1,
                      "Peak Memory Usage": 131744,
                      "Plans": [
                        {
                          "Node Type": "Seq Scan",
                          "Parent Relationship": "Outer",
                          "Parallel Aware": true,
                          "Relation Name": "title",
                          "Alias": "t",
                          "Startup Cost": 0.0,
                          "Total Cost": 42318.73,
                          "Plan Rows": 632073,
                          "Plan Width": 4,
                          "Actual Startup Time": 0.031,
                          "Actual Total Time": 102.74,
                          "Actual Rows": 632078,
                          "Actual Loops": 4
                        }
                      ]
                    }
                  ]
                }
              ]
            }
          ]
        }
      ]
    },
    "Planning Time": 0.518,
    "Triggers": [],
    "Execution Time": 585.514
  }
]