[
  {
    "Plan": {
      "Node Type": "Aggregate",
      "Strategy": "Plain",
      "Partial Mode": "Finalize",
      "Parallel Aware": false,
      "Startup Cost": 110518.66,
      "Total Cost": 110518.67,
      "Plan Rows": 1,
      "Plan Width": 8,
      "Actual Startup Time": 729.795,
      "Actual Total Time": 747.069,
      "Actual Rows": 1,
      "Actual Loops": 1,
      "Plans": [
        {
          "Node Type": "Gather",
          "Parent Relationship": "Outer",
          "Parallel Aware": false,
          "Startup Cost": 110518.45,
          "Total Cost": 110518.66,
          "Plan Rows": 2,
          "Plan Width": 8,
          "Actual Startup Time": 725.274,
          "Actual Total Time": 747.058,
          "Actual Rows": 3,
          "Actual Loops": 1,
          "Workers Planned": 2,
          "Workers Launched": 2,
          "Single Copy": false,
          "Plans": [
            {
              "Node Type": "Aggregate",
              "Strategy": "Plain",
              "Partial Mode": "Partial",
              "Parent Relationship": "Outer",
              "Parallel Aware": false,
              "Startup Cost": 109518.45,
              "Total Cost": 109518.46,
              "Plan Rows": 1,
              "Plan Width": 8,
              "Actual Startup Time": 717.629,
              "Actual Total Time": 718.094,
              "Actual Rows": 1,
              "Actual Loops": 3,
              "Plans": [
                {
                  "Node Type": "Hash Join",
                  "Parent Relationship": "Outer",
                  "Parallel Aware": true,
                  "Join Type": "Inner",
                  "Startup Cost": 93358.35,
                  "Total Cost": 109379.32,
                  "Plan Rows": 55650,
                  "Plan Width": 0,
                  "Actual Startup Time": 537.076,
                  "Actual Total Time": 685.816,
                  "Actual Rows": 700544,
                  "Actual Loops": 3,
                  "Inner Unique": false,
                  "Hash Cond": "(mi_idx.movie_id = t.id)",
                  "Plans": [
                    {
                      "Node Type": "Seq Scan",
                      "Parent Relationship": "Outer",
                      "Parallel Aware": true,
                      "Relation Name": "movie_info_idx",
                      "Alias": "mi_idx",
                      "Startup Cost": 0.0,
                      "Total Cost": 13685.15,
                      "Plan Rows": 575015,
                      "Plan Width": 4,
                      "Actual Startup Time": 0.03,
                      "Actual Total Time": 38.046,
                      "Actual Rows": 460012,
                      "Actual Loops": 3
                    },
                    {
                      "Node Type": "Hash",
                      "Parent Relationship": "Inner",
                      "Parallel Aware": true,
                      "Startup Cost": 92371.69,
                      "Total Cost": 92371.69,
                      "Plan Rows": 78933,
                      "Plan Width": 8,
                      "Actual Startup Time": 534.043,
                      "Actual Total Time": 534.507,
                      "Actual Rows": 284969,
                      "Actual Loops": 3,
                      "Hash Buckets": 1048576,
                      "Original Hash Buckets": 262144,
                      "Hash Batches": 1,
                      "Original Hash Batches": 1,
                      "Peak Memory Usage": 47840,
                      "Plans": [
                        {
                          "Node Type": "Hash Join",
                          "Parent Relationship": "Outer",
                          "Parallel Aware": true,
                          "Join Type": "Inner",
                          "Startup Cost": 45914.29,
                          "Total Cost": 92371.69,
                          "Plan Rows": 78933,
                          "Plan Width": 8,
                          "Actual Startup Time": 144.398,
                          "Actual Total Time": 457.726,
                          "Actual Rows": 284969,
                          "Actual Loops": 3,
                          "Inner Unique": true,
                          "Hash Cond": "(mk.movie_id = t.id)",
                          "Plans": [
                            {
                              "Node Type": "Seq Scan",
                              "Parent Relationship": "Outer",
                              "Parallel Aware": true,
                              "Relation Name": "movie_keyword",
                              "Alias": "mk",
                              "Startup Cost": 0.0,
                              "Total Cost": 42695.65,
                              "Plan Rows": 1433043,
                              "Plan Width": 4,
                              "Actual Startup Time": 0.021,
                              "Actual Total Time": 163.681,
                              "Actual Rows": 1478317,
                              "Actual Loops": 3,
                              "Filter": "(keyword_id > 73)",
                              "Rows Removed by Filter": 29659
                            },
                            {
                              "Node Type": "Hash",
                              "Parent Relationship": "Inner",
                              "Parallel Aware": true,
                              "Startup Cost": 45479.1,
                              "Total Cost": 45479.1,
                              "Plan Rows": 34815,
                              "Plan Width": 4,
                              "Actual Startup Time": 142.667,
                              "Actual Total Time": 142.668,
                              "Actual Rows": 81881,
                              "Actual Loops": 3,
                              "Hash Buckets": 262144,
                              "Original Hash Buckets": 262144,
                              "Hash Batches": 1,
                              "Original Hash Batches": 1,
                              "Peak Memory Usage": 11712,
                              "Plans": [
                                {
                                  "Node Type": "Seq Scan",
                                  "Parent Relationship": "Outer",
                                  "Parallel Aware": true,
                                  "Relation Name": "title",
                                  "Alias": "t",
                                  "Startup Cost": 0.0,
                                  "Total Cost": 45479.1,
                                  "Plan Rows": 34815,
                                  "Plan Width": 4,
                                  "Actual Startup Time": 0.1,
                                  "Actual Total Time": 119.971,
                                  "Actual Rows": 81881,
                                  "Actual Loops": 3,
                                  "Filter": "((kind_id < 7) AND (production_year < 1970))",
                                  "Rows Removed by Filter": 760890
                                }
                              ]
                            }
                          ]
                        }
                      ]
                    }
                  ]
                }
              ]
            }
          ]
        }
      ]
    },
    "Planning Time": 1.417,
    "Triggers": [],
    "Execution Time": 747.156
  }
]