[
  {
    "Plan": {
      "Node Type": "Aggregate",
      "Strategy": "Plain",
      "Partial Mode": "Finalize",
      "Parallel Aware": false,
      "Startup Cost": 138320.43,
      "Total Cost": 138320.44,
      "Plan Rows": 1,
      "Plan Width": 8,
      "Actual Startup Time": 707.033,
      "Actual Total Time": 751.978,
      "Actual Rows": 1,
      "Actual Loops": 1,
      "Plans": [
        {
          "Node Type": "Gather",
          "Parent Relationship": "Outer",
          "Parallel Aware": false,
          "Startup Cost": 138320.11,
          "Total Cost": 138320.42,
          "Plan Rows": 3,
          "Plan Width": 8,
          "Actual Startup Time": 705.191,
          "Actual Total Time": 751.967,
          "Actual Rows": 4,
          "Actual Loops": 1,
          "Workers Planned": 3,
          "Workers Launched": 3,
          "Single Copy": false,
          "Plans": [
            {
              "Node Type": "Aggregate",
              "Strategy": "Plain",
              "Partial Mode": "Partial",
              "Parent Relationship": "Outer",
              "Parallel Aware": false,
              "Startup Cost": 137320.11,
              "Total Cost": 137320.12,
              "Plan Rows": 1,
              "Plan Width": 8,
              "Actual Startup Time": 695.645,
              "Actual Total Time": 695.649,
              "Actual Rows": 1,
              "Actual Loops": 4,
              "Plans": [
                {
                  "Node Type": "Nested Loop",
                  "Parent Relationship": "Outer",
                  "Parallel Aware": false,
                  "Join Type": "Inner",
                  "Startup Cost": 53829.19,
                  "Total Cost": 137281.87,
                  "Plan Rows": 15296,
                  "Plan Width": 0,
                  "Actual Startup Time": 187.161,
                  "Actual Total Time": 679.638,
                  "Actual Rows": 283318,
                  "Actual Loops": 4,
                  "Inner Unique": false,
                  "Join Filter": "(t.id = mi.movie_id)",
                  "Rows Removed by Join Filter": 0,
                  "Plans": [
                    {
                      "Node Type": "Hash Join",
                      "Parent Relationship": "Outer",
                      "Parallel Aware": true,
                      "Join Type": "Inner",
                      "Startup Cost": 53828.76,
                      "Total Cost": 80343.31,
                      "Plan Rows": 16697,
                      "Plan Width": 8,
                      "Actual Startup Time": 187.019,
                      "Actual Total Time": 260.595,
                      "Actual Rows": 22565,
                      "Actual Loops": 4,
                      "Inner Unique": true,
                      "Hash Cond": "(mk.movie_id = t.id)",
                      "Plans": [
                        {
                          "Node Type": "Bitmap Heap Scan",
                          "Parent Relationship": "Outer",
                          "Parallel Aware": true,
                          "Relation Name": "movie_keyword",
                          "Alias": "mk",
                          "Startup Cost": 8961.47,
                          "Total Cost": 35118.4,
                          "Plan Rows": 136235,
                          "Plan Width": 4,
                          "Actual Startup Time": 41.018,
                          "Actual Total Time": 87.005,
                          "Actual Rows": 102242,
                          "Actual Loops": 4,
                          "Recheck Cond": "(keyword_id > 42278)",
                          "Rows Removed by Index Recheck": 0,
                          "Exact Heap Blocks": 6915,
                          "Lossy Heap Blocks": 0,
                          "Plans": [
                            {
                              "Node Type": "Bitmap Index Scan",
                              "Parent Relationship": "Outer",
                              "Parallel Aware": false,
                              "Index Name": "keyword_id_movie_keyword",
                              "Startup Cost": 0.0,
                              "Total Cost": 8855.89,
                              "Plan Rows": 422327,
                              "Plan Width": 0,
                              "Actual Startup Time": 35.559,
                              "Actual Total Time": 35.56,
                              "Actual Rows": 408970,
                              "Actual Loops": 1,
                              "Index Cond": "(keyword_id > 42278)"
                            }
                          ]
                        },
                        {
                          "Node Type": "Hash",
                          "Parent Relationship": "Inner",
                          "Parallel Aware": true,
                          "Startup Cost": 43898.92,
                          "Total Cost": 43898.92,
                          "Plan Rows": 77470,
                          "Plan Width": 4,
                          "Actual Startup Time": 142.249,
                          "Actual Total Time": 142.25,
                          "Actual Rows": 80811,
                          "Actual Loops": 4,
                          "Hash Buckets": 524288,
                          "Original Hash Buckets": 524288,
                          "Hash Batches": 1,
                          "Original Hash Batches": 1,
                          "Peak Memory Usage": 16800,
                          "Plans": [
                            {
                              "Node Type": "Seq Scan",
                              "Parent Relationship": "Outer",
                              "Parallel Aware": true,
                              "Relation Name": "title",
                              "Alias": "t",
                              "Startup Cost": 0.0,
                              "Total Cost": 43898.92,
                              "Plan Rows": 77470,
                              "Plan Width": 4,
                              "Actual Startup Time": 0.054,
                              "Actual Total Time": 111.197,
                              "Actual Rows": 80811,
                              "Actual Loops": 4,
                              "Filter": "(production_year < 1967)",
                              "Rows Removed by Filter": 551267
                            }
                          ]
                        }
                      ]
                    },
                    {
                      "Node Type": "Index Scan",
                      "Parent Relationship": "Inner",
                      "Parallel Aware": false,
                      "Scan Direction": "Forward",
                      "Index Name": "movie_id_movie_info",
                      "Relation Name": "movie_info",
                      "Alias": "mi",
                      "Startup Cost": 0.43,
                      "Total Cost": 3.32,
                      "Plan Rows": 7,
                      "Plan Width": 4,
                      "Actual Startup Time": 0.007,
                      "Actual Total Time": 0.017,
                      "Actual Rows": 13,
                      "Actual Loops": 90260,
                      "Index Cond": "(movie_id = mk.movie_id)",
                      "Rows Removed by Index Recheck": 0,
                      "Filter": "(info_type_id > 16)",
                      "Rows Removed by Filter": 26
                    }
                  ]
                }
              ]
            }
          ]
        }
      ]
    },
    "Planning Time": 1.416,
    "Triggers": [],
    "Execution Time": 752.128
  }
]