[
  {
    "Plan": {
      "Node Type": "Aggregate",
      "Strategy": "Plain",
      "Partial Mode": "Finalize",
      "Parallel Aware": false,
      "Startup Cost": 33020.78,
      "Total Cost": 33020.79,
      "Plan Rows": 1,
      "Plan Width": 8,
      "Actual Startup Time": 113.166,
      "Actual Total Time": 122.199,
      "Actual Rows": 1,
      "Actual Loops": 1,
      "Plans": [
        {
          "Node Type": "Gather",
          "Parent Relationship": "Outer",
          "Parallel Aware": false,
          "Startup Cost": 33020.46,
          "Total Cost": 33020.77,
          "Plan Rows": 3,
          "Plan Width": 8,
          "Actual Startup Time": 112.982,
          "Actual Total Time": 122.189,
          "Actual Rows": 4,
          "Actual Loops": 1,
          "Workers Planned": 3,
          "Workers Launched": 3,
          "Single Copy": false,
          "Plans": [
            {
              "Node Type": "Aggregate",
              "Strategy": "Plain",
              "Partial Mode": "Partial",
              "Parent Relationship": "Outer",
              "Parallel Aware": false,
              "Startup Cost": 32020.46,
              "Total Cost": 32020.47,
              "Plan Rows": 1,
              "Plan Width": 8,
              "Actual Startup Time": 104.119,
              "Actual Total Time": 104.121,
              "Actual Rows": 1,
              "Actual Loops": 4,
              "Plans": [
                {
                  "Node Type": "Seq Scan",
                  "Parent Relationship": "Outer",
                  "Parallel Aware": true,
                  "Relation Name": "movie_companies",
                  "Alias": "mc",
                  "Startup Cost": 0.0,
                  "Total Cost": 31414.82,
                  "Plan Rows": 242258,
                  "Plan Width": 0,
                  "Actual Startup Time": 51.688,
                  "Actual Total Time": 92.331,
                  "Actual Rows": 240209,
                  "Actual Loops": 4,
                  "Filter": "((company_id > 8929) AND (company_type_id = 2))",
                  "Rows Removed by Filter": 412073
                }
              ]
            }
          ]
        }
      ]
    },
    "Planning Time": 0.238,
    "Triggers": [],
    "Execution Time": 122.26
  }
]