[
  {
    "Plan": {
      "Node Type": "Aggregate",
      "Strategy": "Plain",
      "Partial Mode": "Finalize",
      "Parallel Aware": false,
      "Startup Cost": 33012.4,
      "Total Cost": 33012.41,
      "Plan Rows": 1,
      "Plan Width": 8,
      "Actual Startup Time": 99.948,
      "Actual Total Time": 106.406,
      "Actual Rows": 1,
      "Actual Loops": 1,
      "Plans": [
        {
          "Node Type": "Gather",
          "Parent Relationship": "Outer",
          "Parallel Aware": false,
          "Startup Cost": 33012.08,
          "Total Cost": 33012.39,
          "Plan Rows": 3,
          "Plan Width": 8,
          "Actual Startup Time": 99.817,
          "Actual Total Time": 106.398,
          "Actual Rows": 4,
          "Actual Loops": 1,
          "Workers Planned": 3,
          "Workers Launched": 3,
          "Single Copy": false,
          "Plans": [
            {
              "Node Type": "Aggregate",
              "Strategy": "Plain",
              "Partial Mode": "Partial",
              "Parent Relationship": "Outer",
              "Parallel Aware": false,
              "Startup Cost": 32012.08,
              "Total Cost": 32012.09,
              "Plan Rows": 1,
              "Plan Width": 8,
              "Actual Startup Time": 92.838,
              "Actual Total Time": 92.839,
              "Actual Rows": 1,
              "Actual Loops": 4,
              "Plans": [
                {
                  "Node Type": "Seq Scan",
                  "Parent Relationship": "Outer",
                  "Parallel Aware": true,
                  "Relation Name": "movie_companies",
                  "Alias": "mc",
                  "Startup Cost": 0.0,
                  "Total Cost": 31414.82,
                  "Plan Rows": 238906,
                  "Plan Width": 0,
                  "Actual Startup Time": 47.014,
                  "Actual Total Time": 82.726,
                  "Actual Rows": 240209,
                  "Actual Loops": 4,
                  "Filter": "((company_id > 8929) AND (company_type_id = 2))",
                  "Rows Removed by Filter": 412073
                }
              ]
            }
          ]
        }
      ]
    },
    "Planning Time": 0.23,
    "Triggers": [],
    "Execution Time": 106.465
  }
]