[
  {
    "Plan": {
      "Node Type": "Aggregate",
      "Strategy": "Plain",
      "Partial Mode": "Finalize",
      "Parallel Aware": false,
      "Startup Cost": 98002.59,
      "Total Cost": 98002.6,
      "Plan Rows": 1,
      "Plan Width": 8,
      "Actual Startup Time": 475.695,
      "Actual Total Time": 492.951,
      "Actual Rows": 1,
      "Actual Loops": 1,
      "Plans": [
        {
          "Node Type": "Gather",
          "Parent Relationship": "Outer",
          "Parallel Aware": false,
          "Startup Cost": 98002.27,
          "Total Cost": 98002.58,
          "Plan Rows": 3,
          "Plan Width": 8,
          "Actual Startup Time": 473.747,
          "Actual Total Time": 492.944,
          "Actual Rows": 4,
          "Actual Loops": 1,
          "Workers Planned": 3,
          "Workers Launched": 3,
          "Single Copy": false,
          "Plans": [
            {
              "Node Type": "Aggregate",
              "Strategy": "Plain",
              "Partial Mode": "Partial",
              "Parent Relationship": "Outer",
              "Parallel Aware": false,
              "Startup Cost": 97002.27,
              "Total Cost": 97002.28,
              "Plan Rows": 1,
              "Plan Width": 8,
              "Actual Startup Time": 469.481,
              "Actual Total Time": 469.486,
              "Actual Rows": 1,
              "Actual Loops": 4,
              "Plans": [
                {
                  "Node Type": "Hash Join",
                  "Parent Relationship": "Outer",
                  "Parallel Aware": true,
                  "Join Type": "Inner",
                  "Startup Cost": 64129.06,
                  "Total Cost": 96859.8,
                  "Plan Rows": 56989,
                  "Plan Width": 0,
                  "Actual Startup Time": 370.843,
                  "Actual Total Time": 464.396,
                  "Actual Rows": 123462,
                  "Actual Loops": 4,
                  "Inner Unique": false,
                  "Hash Cond": "(mc.movie_id = t.id)",
                  "Plans": [
                    {
                      "Node Type": "Seq Scan",
                      "Parent Relationship": "Outer",
                      "Parallel Aware": true,
                      "Relation Name": "movie_companies",
                      "Alias": "mc",
                      "Startup Cost": 0.0,
                      "Total Cost": 31414.82,
                      "Plan Rows": 312921,
                      "Plan Width": 4,
                      "Actual Startup Time": 29.593,
                      "Actual Total Time": 64.741,
                      "Actual Rows": 282000,
                      "Actual Loops": 4,
                      "Filter": "((company_id > 1347) AND (company_type_id = 2))",
                      "Rows Removed by Filter": 370282
                    },
                    {
                      "Node Type": "Hash",
                      "Parent Relationship": "Inner",
                      "Parallel Aware": true,
                      "Startup Cost": 62690.08,
                      "Total Cost": 62690.08,
                      "Plan Rows": 115118,
                      "Plan Width": 8,
                      "Actual Startup Time": 339.32,
                      "Actual Total Time": 339.324,
                      "Actual Rows": 114981,
                      "Actual Loops": 4,
                      "Hash Buckets": 524288,
                      "Original Hash Buckets": 524288,
                      "Hash Batches": 1,
                      "Original Hash Batches": 1,
                      "Peak Memory Usage": 22176,
                      "Plans": [
                        {
                          "Node Type": "Hash Join",
                          "Parent Relationship": "Outer",
                          "Parallel Aware": true,
                          "Join Type": "Inner",
                          "Startup Cost": 17520.97,
                          "Total Cost": 62690.08,
                          "Plan Rows": 115118,
                          "Plan Width": 8,
                          "Actual Startup Time": 78.122,
                          "Actual Total Time": 299.506,
                          "Actual Rows": 114981,
                          "Actual Loops": 4,
                          "Inner Unique": false,
                          "Hash Cond": "(t.id = mi_idx.movie_id)",
                          "Plans": [
                            {
                              "Node Type": "Seq Scan",
                              "Parent Relationship": "Outer",
                              "Parallel Aware": true,
                              "Relation Name": "title",
                              "Alias": "t",
                              "Startup Cost": 0.0,
                              "Total Cost": 42319.06,
                              "Plan Rows": 632106,
                              "Plan Width": 4,
                              "Actual Startup Time": 0.007,
                              "Actual Total Time": 74.871,
                              "Actual Rows": 632078,
                              "Actual Loops": 4
                            },
                            {
                              "Node Type": "Hash",
                              "Parent Relationship": "Inner",
                              "Parallel Aware": true,
                              "Startup Cost": 15122.68,
                              "Total Cost": 15122.68,
                              "Plan Rows": 191863,
                              "Plan Width": 4,
                              "Actual Startup Time": 76.924,
                              "Actual Total Time": 76.925,
                              "Actual Rows": 114981,
                              "Actual Loops": 4,
                              "Hash Buckets": 524288,
                              "Original Hash Buckets": 524288,
                              "Hash Batches": 1,
                              "Original Hash Batches": 1,
                              "Peak Memory Usage": 22176,
                              "Plans": [
                                {
                                  "Node Type": "Seq Scan",
                                  "Parent Relationship": "Outer",
                                  "Parallel Aware": true,
                                  "Relation Name": "movie_info_idx",
                                  "Alias": "mi_idx",
                                  "Startup Cost": 0.0,
                                  "Total Cost": 15122.68,
                                  "Plan Rows": 191863,
                                  "Plan Width": 4,
                                  "Actual Startup Time": 0.028,
                                  "Actual Total Time": 38.049,
                                  "Actual Rows": 114981,
                                  "Actual Loops": 4,
                                  "Filter": "(info_type_id = 100)",
                                  "Rows Removed by Filter": 230028
                                }
                              ]
                            }
                          ]
                        }
                      ]
                    }
                  ]
                }
              ]
            }
          ]
        }
      ]
    },
    "Planning Time": 0.567,
    "Triggers": [],
    "Execution Time": 493.001
  }
]