{
  "Plan": {
    "Node Type": "Aggregate",
    "Strategy": "Plain",
    "Partial Mode": "Finalize",
    "Parallel Aware": false,
    "Startup Cost": 442188.06,
    "Total Cost": 442188.07,
    "Plan Rows": 1,
    "Plan Width": 8,
    "Actual Startup Time": 5172.268,
    "Actual Total Time": 5227.164,
    "Actual Rows": 1,
    "Actual Loops": 1,
    "Plans": [
      {
        "Node Type": "Gather",
        "Parent Relationship": "Outer",
        "Parallel Aware": false,
        "Startup Cost": 442187.95,
        "Total Cost": 442188.06,
        "Plan Rows": 1,
        "Plan Width": 8,
        "Actual Startup Time": 5164.747,
        "Actual Total Time": 5227.153,
        "Actual Rows": 2,
        "Actual Loops": 1,
        "Workers Planned": 1,
        "Workers Launched": 1,
        "Single Copy": false,
        "Plans": [
          {
            "Node Type": "Aggregate",
            "Strategy": "Plain",
            "Partial Mode": "Partial",
            "Parent Relationship": "Outer",
            "Parallel Aware": false,
            "Startup Cost": 441187.95,
            "Total Cost": 441187.96,
            "Plan Rows": 1,
            "Plan Width": 8,
            "Actual Startup Time": 5160.019,
            "Actual Total Time": 5160.318,
            "Actual Rows": 1,
            "Actual Loops": 2,
            "Plans": [
              {
                "Node Type": "Hash Join",
                "Parent Relationship": "Outer",
                "Parallel Aware": true,
                "Join Type": "Inner",
                "Startup Cost": 131045.74,
                "Total Cost": 432665.45,
                "Plan Rows": 3409002,
                "Plan Width": 0,
                "Actual Startup Time": 936.777,
                "Actual Total Time": 4304.782,
                "Actual Rows": 21322140,
                "Actual Loops": 2,
                "Inner Unique": false,
                "Hash Cond": "(mi.movie_id = t.id)",
                "Plans": [
                  {
                    "Node Type": "Seq Scan",
                    "Parent Relationship": "Outer",
                    "Parallel Aware": true,
                    "Relation Name": "movie_info",
                    "Alias": "mi",
                    "Startup Cost": 0.0,
                    "Total Cost": 248955.74,
                    "Plan Rows": 8696274,
                    "Plan Width": 4,
                    "Actual Startup Time": 0.017,
                    "Actual Total Time": 626.05,
                    "Actual Rows": 7417860,
                    "Actual Loops": 2
                  },
                  {
                    "Node Type": "Hash",
                    "Parent Relationship": "Inner",
                    "Parallel Aware": true,
                    "Startup Cost": 123758.18,
                    "Total Cost": 123758.18,
                    "Plan Rows": 583005,
                    "Plan Width": 8,
                    "Actual Startup Time": 927.111,
                    "Actual Total Time": 927.409,
                    "Actual Rows": 497218,
                    "Actual Loops": 2,
                    "Hash Buckets": 1048576,
                    "Original Hash Buckets": 1048576,
                    "Hash Batches": 1,
                    "Original Hash Batches": 1,
                    "Peak Memory Usage": 47136,
                    "Plans": [
                      {
                        "Node Type": "Hash Join",
                        "Parent Relationship": "Outer",
                        "Parallel Aware": true,
                        "Join Type": "Inner",
                        "Startup Cost": 90486.23,
                        "Total Cost": 123758.18,
                        "Plan Rows": 583005,
                        "Plan Width": 8,
                        "Actual Startup Time": 590.144,
                        "Actual Total Time": 819.561,
                        "Actual Rows": 497218,
                        "Actual Loops": 2,
                        "Inner Unique": true,
                        "Hash Cond": "(mk.movie_id = t.id)",
                        "Plans": [
                          {
                            "Node Type": "Bitmap Heap Scan",
                            "Parent Relationship": "Outer",
                            "Parallel Aware": true,
                            "Relation Name": "movie_keyword",
                            "Alias": "mk",
                            "Startup Cost": 21025.53,
                            "Total Cost": 52767.09,
                            "Plan Rows": 583005,
                            "Plan Width": 4,
                            "Actual Startup Time": 57.241,
                            "Actual Total Time": 150.052,
                            "Actual Rows": 497218,
                            "Actual Loops": 2,
                            "Recheck Cond": "(keyword_id < 940)",
                            "Rows Removed by Index Recheck": 0,
                            "Exact Heap Blocks": 13146,
                            "Lossy Heap Blocks": 0,
                            "Plans": [
                              {
                                "Node Type": "Bitmap Index Scan",
                                "Parent Relationship": "Outer",
                                "Parallel Aware": false,
                                "Index Name": "keyword_id_movie_keyword",
                                "Startup Cost": 0.0,
                                "Total Cost": 20777.75,
                                "Plan Rows": 991109,
                                "Plan Width": 0,
                                "Actual Startup Time": 53.544,
                                "Actual Total Time": 53.544,
                                "Actual Rows": 994435,
                                "Actual Loops": 1,
                                "Index Cond": "(keyword_id < 940)"
                              }
                            ]
                          },
                          {
                            "Node Type": "Hash",
                            "Parent Relationship": "Inner",
                            "Parallel Aware": true,
                            "Startup Cost": 50870.31,
                            "Total Cost": 50870.31,
                            "Plan Rows": 1487231,
                            "Plan Width": 4,
                            "Actual Startup Time": 516.727,
                            "Actual Total Time": 516.728,
                            "Actual Rows": 1264156,
                            "Actual Loops": 2,
                            "Hash Buckets": 4194304,
                            "Original Hash Buckets": 4194304,
                            "Hash Batches": 1,
                            "Original Hash Batches": 1,
                            "Peak Memory Usage": 131712,
                            "Plans": [
                              {
                                "Node Type": "Seq Scan",
                                "Parent Relationship": "Outer",
                                "Parallel Aware": true,
                                "Relation Name": "title",
                                "Alias": "t",
                                "Startup Cost": 0.0,
                                "Total Cost": 50870.31,
                                "Plan Rows": 1487231,
                                "Plan Width": 4,
                                "Actual Startup Time": 0.027,
                                "Actual Total Time": 153.643,
                                "Actual Rows": 1264156,
                                "Actual Loops": 2
                              }
                            ]
                          }
                        ]
                      }
                    ]
                  }
                ]
              }
            ]
          }
        ]
      }
    ]
  },
  "Planning Time": 0.899,
  "Triggers": [],
  "Execution Time": 5227.276
}