[
  {
    "Plan": {
      "Node Type": "Aggregate",
      "Strategy": "Plain",
      "Partial Mode": "Finalize",
      "Parallel Aware": false,
      "Startup Cost": 94265.17,
      "Total Cost": 94265.18,
      "Plan Rows": 1,
      "Plan Width": 8,
      "Actual Startup Time": 361.313,
      "Actual Total Time": 379.014,
      "Actual Rows": 1,
      "Actual Loops": 1,
      "Plans": [
        {
          "Node Type": "Gather",
          "Parent Relationship": "Outer",
          "Parallel Aware": false,
          "Startup Cost": 94264.96,
          "Total Cost": 94265.17,
          "Plan Rows": 2,
          "Plan Width": 8,
          "Actual Startup Time": 360.094,
          "Actual Total Time": 379.004,
          "Actual Rows": 3,
          "Actual Loops": 1,
          "Workers Planned": 2,
          "Workers Launched": 2,
          "Single Copy": false,
          "Plans": [
            {
              "Node Type": "Aggregate",
              "Strategy": "Plain",
              "Partial Mode": "Partial",
              "Parent Relationship": "Outer",
              "Parallel Aware": false,
              "Startup Cost": 93264.96,
              "Total Cost": 93264.97,
              "Plan Rows": 1,
              "Plan Width": 8,
              "Actual Startup Time": 355.358,
              "Actual Total Time": 355.439,
              "Actual Rows": 1,
              "Actual Loops": 3,
              "Plans": [
                {
                  "Node Type": "Hash Join",
                  "Parent Relationship": "Outer",
                  "Parallel Aware": true,
                  "Join Type": "Inner",
                  "Startup Cost": 77247.9,
                  "Total Cost": 93188.29,
                  "Plan Rows": 30668,
                  "Plan Width": 0,
                  "Actual Startup Time": 304.475,
                  "Actual Total Time": 352.605,
                  "Actual Rows": 71733,
                  "Actual Loops": 3,
                  "Inner Unique": false,
                  "Hash Cond": "(mi_idx.movie_id = t.id)",
                  "Plans": [
                    {
                      "Node Type": "Seq Scan",
                      "Parent Relationship": "Outer",
                      "Parallel Aware": true,
                      "Relation Name": "movie_info_idx",
                      "Alias": "mi_idx",
                      "Startup Cost": 0.0,
                      "Total Cost": 13685.15,
                      "Plan Rows": 575015,
                      "Plan Width": 4,
                      "Actual Startup Time": 0.027,
                      "Actual Total Time": 34.355,
                      "Actual Rows": 460012,
                      "Actual Loops": 3
                    },
                    {
                      "Node Type": "Hash",
                      "Parent Relationship": "Inner",
                      "Parallel Aware": true,
                      "Startup Cost": 76704.17,
                      "Total Cost": 76704.17,
                      "Plan Rows": 43499,
                      "Plan Width": 8,
                      "Actual Startup Time": 272.978,
                      "Actual Total Time": 273.057,
                      "Actual Rows": 29182,
                      "Actual Loops": 3,
                      "Hash Buckets": 262144,
                      "Original Hash Buckets": 262144,
                      "Hash Batches": 1,
                      "Original Hash Batches": 1,
                      "Peak Memory Usage": 5504,
                      "Plans": [
                        {
                          "Node Type": "Hash Join",
                          "Parent Relationship": "Outer",
                          "Parallel Aware": true,
                          "Join Type": "Inner",
                          "Startup Cost": 46317.72,
                          "Total Cost": 76704.17,
                          "Plan Rows": 43499,
                          "Plan Width": 8,
                          "Actual Startup Time": 167.022,
                          "Actual Total Time": 265.842,
                          "Actual Rows": 29182,
                          "Actual Loops": 3,
                          "Inner Unique": true,
                          "Hash Cond": "(mc.movie_id = t.id)",
                          "Plans": [
                            {
                              "Node Type": "Seq Scan",
                              "Parent Relationship": "Outer",
                              "Parallel Aware": true,
                              "Relation Name": "movie_companies",
                              "Alias": "mc",
                              "Startup Cost": 0.0,
                              "Total Cost": 29310.68,
                              "Plan Rows": 409814,
                              "Plan Width": 4,
                              "Actual Startup Time": 0.015,
                              "Actual Total Time": 76.695,
                              "Actual Rows": 421191,
                              "Actual Loops": 3,
                              "Filter": "(company_id < 11203)",
                              "Rows Removed by Filter": 448518
                            },
                            {
                              "Node Type": "Hash",
                              "Parent Relationship": "Inner",
                              "Parallel Aware": true,
                              "Startup Cost": 45479.1,
                              "Total Cost": 45479.1,
                              "Plan Rows": 67090,
                              "Plan Width": 4,
                              "Actual Startup Time": 134.405,
                              "Actual Total Time": 134.406,
                              "Actual Rows": 72094,
                              "Actual Loops": 3,
                              "Hash Buckets": 524288,
                              "Original Hash Buckets": 524288,
                              "Hash Batches": 1,
                              "Original Hash Batches": 1,
                              "Peak Memory Usage": 12608,
                              "Plans": [
                                {
                                  "Node Type": "Seq Scan",
                                  "Parent Relationship": "Outer",
                                  "Parallel Aware": true,
                                  "Relation Name": "title",
                                  "Alias": "t",
                                  "Startup Cost": 0.0,
                                  "Total Cost": 45479.1,
                                  "Plan Rows": 67090,
                                  "Plan Width": 4,
                                  "Actual Startup Time": 47.826,
                                  "Actual Total Time": 110.726,
                                  "Actual Rows": 72094,
                                  "Actual Loops": 3,
                                  "Filter": "((production_year > 2005) AND (kind_id = 1))",
                                  "Rows Removed by Filter": 770677
                                }
                              ]
                            }
                          ]
                        }
                      ]
                    }
                  ]
                }
              ]
            }
          ]
        }
      ]
    },
    "Planning Time": 1.407,
    "Triggers": [],
    "Execution Time": 379.097
  }
]