[
  {
    "Plan": {
      "Node Type": "Aggregate",
      "Strategy": "Plain",
      "Partial Mode": "Finalize",
      "Parallel Aware": false,
      "Startup Cost": 81698.46,
      "Total Cost": 81698.47,
      "Plan Rows": 1,
      "Plan Width": 8,
      "Actual Startup Time": 306.109,
      "Actual Total Time": 323.509,
      "Actual Rows": 1,
      "Actual Loops": 1,
      "Plans": [
        {
          "Node Type": "Gather",
          "Parent Relationship": "Outer",
          "Parallel Aware": false,
          "Startup Cost": 81698.04,
          "Total Cost": 81698.45,
          "Plan Rows": 4,
          "Plan Width": 8,
          "Actual Startup Time": 303.389,
          "Actual Total Time": 323.501,
          "Actual Rows": 5,
          "Actual Loops": 1,
          "Workers Planned": 4,
          "Workers Launched": 4,
          "Single Copy": false,
          "Plans": [
            {
              "Node Type": "Aggregate",
              "Strategy": "Plain",
              "Partial Mode": "Partial",
              "Parent Relationship": "Outer",
              "Parallel Aware": false,
              "Startup Cost": 80698.04,
              "Total Cost": 80698.05,
              "Plan Rows": 1,
              "Plan Width": 8,
              "Actual Startup Time": 293.95,
              "Actual Total Time": 293.953,
              "Actual Rows": 1,
              "Actual Loops": 5,
              "Plans": [
                {
                  "Node Type": "Hash Join",
                  "Parent Relationship": "Outer",
                  "Parallel Aware": true,
                  "Join Type": "Inner",
                  "Startup Cost": 34222.29,
                  "Total Cost": 80262.88,
                  "Plan Rows": 174064,
                  "Plan Width": 0,
                  "Actual Startup Time": 133.613,
                  "Actual Total Time": 289.721,
                  "Actual Rows": 95168,
                  "Actual Loops": 5,
                  "Inner Unique": false,
                  "Hash Cond": "(t.id = mc.movie_id)",
                  "Plans": [
                    {
                      "Node Type": "Seq Scan",
                      "Parent Relationship": "Outer",
                      "Parallel Aware": true,
                      "Relation Name": "title",
                      "Alias": "t",
                      "Startup Cost": 0.0,
                      "Total Cost": 42318.73,
                      "Plan Rows": 632073,
                      "Plan Width": 4,
                      "Actual Startup Time": 0.013,
                      "Actual Total Time": 66.514,
                      "Actual Rows": 505662,
                      "Actual Loops": 5
                    },
                    {
                      "Node Type": "Hash",
                      "Parent Relationship": "Inner",
                      "Parallel Aware": true,
                      "Startup Cost": 31414.82,
                      "Total Cost": 31414.82,
                      "Plan Rows": 224598,
                      "Plan Width": 4,
                      "Actual Startup Time": 112.039,
                      "Actual Total Time": 112.04,
                      "Actual Rows": 95168,
                      "Actual Loops": 5,
                      "Hash Buckets": 1048576,
                      "Original Hash Buckets": 1048576,
                      "Hash Batches": 1,
                      "Original Hash Batches": 1,
                      "Peak Memory Usage": 26880,
                      "Plans": [
                        {
                          "Node Type": "Seq Scan",
                          "Parent Relationship": "Outer",
                          "Parallel Aware": true,
                          "Relation Name": "movie_companies",
                          "Alias": "mc",
                          "Startup Cost": 0.0,
                          "Total Cost": 31414.82,
                          "Plan Rows": 224598,
                          "Plan Width": 4,
                          "Actual Startup Time": 20.383,
                          "Actual Total Time": 74.22,
                          "Actual Rows": 95168,
                          "Actual Loops": 5,
                          "Filter": "((company_id > 10584) AND (company_type_id = 1))",
                          "Rows Removed by Filter": 426658
                        }
                      ]
                    }
                  ]
                }
              ]
            }
          ]
        }
      ]
    },
    "Planning Time": 0.632,
    "Triggers": [],
    "Execution Time": 323.587
  }
]