[
  {
    "Plan": {
      "Node Type": "Aggregate",
      "Strategy": "Plain",
      "Partial Mode": "Finalize",
      "Parallel Aware": false,
      "Startup Cost": 121981.72,
      "Total Cost": 121981.73,
      "Plan Rows": 1,
      "Plan Width": 8,
      "Actual Startup Time": 728.599,
      "Actual Total Time": 753.429,
      "Actual Rows": 1,
      "Actual Loops": 1,
      "Plans": [
        {
          "Node Type": "Gather",
          "Parent Relationship": "Outer",
          "Parallel Aware": false,
          "Startup Cost": 121981.4,
          "Total Cost": 121981.71,
          "Plan Rows": 3,
          "Plan Width": 8,
          "Actual Startup Time": 698.994,
          "Actual Total Time": 753.413,
          "Actual Rows": 4,
          "Actual Loops": 1,
          "Workers Planned": 3,
          "Workers Launched": 3,
          "Single Copy": false,
          "Plans": [
            {
              "Node Type": "Aggregate",
              "Strategy": "Plain",
              "Partial Mode": "Partial",
              "Parent Relationship": "Outer",
              "Parallel Aware": false,
              "Startup Cost": 120981.4,
              "Total Cost": 120981.41,
              "Plan Rows": 1,
              "Plan Width": 8,
              "Actual Startup Time": 683.049,
              "Actual Total Time": 683.056,
              "Actual Rows": 1,
              "Actual Loops": 4,
              "Plans": [
                {
                  "Node Type": "Hash Join",
                  "Parent Relationship": "Outer",
                  "Parallel Aware": true,
                  "Join Type": "Inner",
                  "Startup Cost": 75734.82,
                  "Total Cost": 120664.08,
                  "Plan Rows": 126927,
                  "Plan Width": 0,
                  "Actual Startup Time": 445.225,
                  "Actual Total Time": 665.18,
                  "Actual Rows": 400584,
                  "Actual Loops": 4,
                  "Inner Unique": false,
                  "Hash Cond": "(mk.movie_id = t.id)",
                  "Plans": [
                    {
                      "Node Type": "Seq Scan",
                      "Parent Relationship": "Outer",
                      "Parallel Aware": true,
                      "Relation Name": "movie_keyword",
                      "Alias": "mk",
                      "Startup Cost": 0.0,
                      "Total Cost": 39047.32,
                      "Plan Rows": 1459332,
                      "Plan Width": 4,
                      "Actual Startup Time": 0.022,
                      "Actual Total Time": 90.841,
                      "Actual Rows": 1130982,
                      "Actual Loops": 4
                    },
                    {
                      "Node Type": "Hash",
                      "Parent Relationship": "Inner",
                      "Parallel Aware": true,
                      "Startup Cost": 74848.09,
                      "Total Cost": 74848.09,
                      "Plan Rows": 70939,
                      "Plan Width": 8,
                      "Actual Startup Time": 443.475,
                      "Actual Total Time": 443.48,
                      "Actual Rows": 53801,
                      "Actual Loops": 4,
                      "Hash Buckets": 262144,
                      "Original Hash Buckets": 262144,
                      "Hash Batches": 1,
                      "Original Hash Batches": 1,
                      "Peak Memory Usage": 10528,
                      "Plans": [
                        {
                          "Node Type": "Hash Join",
                          "Parent Relationship": "Outer",
                          "Parallel Aware": true,
                          "Join Type": "Inner",
                          "Startup Cost": 54985.13,
                          "Total Cost": 74848.09,
                          "Plan Rows": 70939,
                          "Plan Width": 8,
                          "Actual Startup Time": 358.624,
                          "Actual Total Time": 420.962,
                          "Actual Rows": 53801,
                          "Actual Loops": 4,
                          "Inner Unique": true,
                          "Hash Cond": "(mc.movie_id = t.id)",
                          "Plans": [
                            {
                              "Node Type": "Bitmap Heap Scan",
                              "Parent Relationship": "Outer",
                              "Parallel Aware": true,
                              "Relation Name": "movie_companies",
                              "Alias": "mc",
                              "Startup Cost": 4764.75,
                              "Total Cost": 24441.49,
                              "Plan Rows": 70939,
                              "Plan Width": 4,
                              "Actual Startup Time": 11.19,
                              "Actual Total Time": 39.156,
                              "Actual Rows": 53801,
                              "Actual Loops": 4,
                              "Recheck Cond": "(company_id < 73)",
                              "Rows Removed by Index Recheck": 0,
                              "Exact Heap Blocks": 6098,
                              "Lossy Heap Blocks": 0,
                              "Plans": [
                                {
                                  "Node Type": "Bitmap Index Scan",
                                  "Parent Relationship": "Outer",
                                  "Parallel Aware": false,
                                  "Index Name": "company_id_movie_companies",
                                  "Startup Cost": 0.0,
                                  "Total Cost": 4709.77,
                                  "Plan Rows": 219912,
                                  "Plan Width": 0,
                                  "Actual Startup Time": 8.843,
                                  "Actual Total Time": 8.844,
                                  "Actual Rows": 215203,
                                  "Actual Loops": 1,
                                  "Index Cond": "(company_id < 73)"
                                }
                              ]
                            },
                            {
                              "Node Type": "Hash",
                              "Parent Relationship": "Inner",
                              "Parallel Aware": true,
                              "Startup Cost": 42319.06,
                              "Total Cost": 42319.06,
                              "Plan Rows": 632106,
                              "Plan Width": 4,
                              "Actual Startup Time": 339.977,
                              "Actual Total Time": 339.978,
                              "Actual Rows": 632078,
                              "Actual Loops": 4,
                              "Hash Buckets": 4194304,
                              "Original Hash Buckets": 4194304,
                              "Hash Batches": 1,
                              "Original Hash Batches": 1,
                              "Peak Memory Usage": 131712,
                              "Plans": [
                                {
                                  "Node Type": "Seq Scan",
                                  "Parent Relationship": "Outer",
                                  "Parallel Aware": true,
                                  "Relation Name": "title",
                                  "Alias": "t",
                                  "Startup Cost": 0.0,
                                  "Total Cost": 42319.06,
                                  "Plan Rows": 632106,
                                  "Plan Width": 4,
                                  "Actual Startup Time": 0.023,
                                  "Actual Total Time": 104.532,
                                  "Actual Rows": 632078,
                                  "Actual Loops": 4
                                }
                              ]
                            }
                          ]
                        }
                      ]
                    }
                  ]
                }
              ]
            }
          ]
        }
      ]
    },
    "Planning Time": 0.672,
    "Triggers": [],
    "Execution Time": 753.491
  }
]