{
    "Plan": {
        "Node Type": "Aggregate",
        "Strategy": "Plain",
        "Partial Mode": "Finalize",
        "Parallel Aware": false,
        "Startup Cost": 90573.7,
        "Total Cost": 90573.71,
        "Plan Rows": 1,
        "Plan Width": 8,
        "Actual Startup Time": 242.498,
        "Actual Total Time": 266.058,
        "Actual Rows": 1,
        "Actual Loops": 1,
        "Output": [
            "count(*)"
        ],
        "Plans": [
            {
                "Node Type": "Gather",
                "Parent Relationship": "Outer",
                "Parallel Aware": false,
                "Startup Cost": 90573.38,
                "Total Cost": 90573.69,
                "Plan Rows": 3,
                "Plan Width": 8,
                "Actual Startup Time": 242.255,
                "Actual Total Time": 266.048,
                "Actual Rows": 4,
                "Actual Loops": 1,
                "Output": [
                    "(PARTIAL count(*))"
                ],
                "Workers Planned": 3,
                "Workers Launched": 3,
                "Single Copy": false,
                "Plans": [
                    {
                        "Node Type": "Aggregate",
                        "Strategy": "Plain",
                        "Partial Mode": "Partial",
                        "Parent Relationship": "Outer",
                        "Parallel Aware": false,
                        "Startup Cost": 89573.38,
                        "Total Cost": 89573.39,
                        "Plan Rows": 1,
                        "Plan Width": 8,
                        "Actual Startup Time": 233.447,
                        "Actual Total Time": 233.45,
                        "Actual Rows": 1,
                        "Actual Loops": 4,
                        "Output": [
                            "PARTIAL count(*)"
                        ],
                        "Workers": [
                            {
                                "Worker Number": 0,
                                "Actual Startup Time": 230.525,
                                "Actual Total Time": 230.528,
                                "Actual Rows": 1,
                                "Actual Loops": 1
                            },
                            {
                                "Worker Number": 1,
                                "Actual Startup Time": 230.428,
                                "Actual Total Time": 230.43,
                                "Actual Rows": 1,
                                "Actual Loops": 1
                            },
                            {
                                "Worker Number": 2,
                                "Actual Startup Time": 231.253,
                                "Actual Total Time": 231.256,
                                "Actual Rows": 1,
                                "Actual Loops": 1
                            }
                        ],
                        "Plans": [
                            {
                                "Node Type": "Hash Join",
                                "Parent Relationship": "Outer",
                                "Parallel Aware": true,
                                "Join Type": "Inner",
                                "Startup Cost": 45570.46,
                                "Total Cost": 89559.16,
                                "Plan Rows": 5689,
                                "Plan Width": 0,
                                "Actual Startup Time": 99.683,
                                "Actual Total Time": 233.37,
                                "Actual Rows": 1436,
                                "Actual Loops": 4,
                                "Inner Unique": true,
                                "Hash Cond": "(mk.movie_id = t.id)",
                                "Workers": [
                                    {
                                        "Worker Number": 0,
                                        "Actual Startup Time": 96.599,
                                        "Actual Total Time": 230.452,
                                        "Actual Rows": 1328,
                                        "Actual Loops": 1
                                    },
                                    {
                                        "Worker Number": 1,
                                        "Actual Startup Time": 97.175,
                                        "Actual Total Time": 230.355,
                                        "Actual Rows": 1332,
                                        "Actual Loops": 1
                                    },
                                    {
                                        "Worker Number": 2,
                                        "Actual Startup Time": 97.087,
                                        "Actual Total Time": 231.184,
                                        "Actual Rows": 1236,
                                        "Actual Loops": 1
                                    }
                                ],
                                "Plans": [
                                    {
                                        "Node Type": "Seq Scan",
                                        "Parent Relationship": "Outer",
                                        "Parallel Aware": true,
                                        "Relation Name": "movie_keyword",
                                        "Schema": "public",
                                        "Alias": "mk",
                                        "Startup Cost": 0.0,
                                        "Total Cost": 42695.65,
                                        "Plan Rows": 492589,
                                        "Plan Width": 4,
                                        "Actual Startup Time": 0.577,
                                        "Actual Total Time": 105.503,
                                        "Actual Rows": 375713,
                                        "Actual Loops": 4,
                                        "Output": [
                                            "mk.id",
                                            "mk.movie_id",
                                            "mk.keyword_id"
                                        ],
                                        "Filter": "(mk.keyword_id > 10781)",
                                        "Rows Removed by Filter": 755269,
                                        "Workers": [
                                            {
                                                "Worker Number": 0,
                                                "Actual Startup Time": 0.511,
                                                "Actual Total Time": 106.545,
                                                "Actual Rows": 352200,
                                                "Actual Loops": 1
                                            },
                                            {
                                                "Worker Number": 1,
                                                "Actual Startup Time": 0.561,
                                                "Actual Total Time": 106.973,
                                                "Actual Rows": 335763,
                                                "Actual Loops": 1
                                            },
                                            {
                                                "Worker Number": 2,
                                                "Actual Startup Time": 0.604,
                                                "Actual Total Time": 106.963,
                                                "Actual Rows": 351775,
                                                "Actual Loops": 1
                                            }
                                        ]
                                    },
                                    {
                                        "Node Type": "Hash",
                                        "Parent Relationship": "Inner",
                                        "Parallel Aware": true,
                                        "Startup Cost": 45479.21,
                                        "Total Cost": 45479.21,
                                        "Plan Rows": 7300,
                                        "Plan Width": 4,
                                        "Actual Startup Time": 97.006,
                                        "Actual Total Time": 97.007,
                                        "Actual Rows": 8116,
                                        "Actual Loops": 4,
                                        "Output": [
                                            "t.id"
                                        ],
                                        "Hash Buckets": 32768,
                                        "Original Hash Buckets": 32768,
                                        "Hash Batches": 1,
                                        "Original Hash Batches": 1,
                                        "Peak Memory Usage": 1600,
                                        "Workers": [
                                            {
                                                "Worker Number": 0,
                                                "Actual Startup Time": 94.878,
                                                "Actual Total Time": 94.878,
                                                "Actual Rows": 6628,
                                                "Actual Loops": 1
                                            },
                                            {
                                                "Worker Number": 1,
                                                "Actual Startup Time": 94.728,
                                                "Actual Total Time": 94.729,
                                                "Actual Rows": 6382,
                                                "Actual Loops": 1
                                            },
                                            {
                                                "Worker Number": 2,
                                                "Actual Startup Time": 95.597,
                                                "Actual Total Time": 95.598,
                                                "Actual Rows": 6979,
                                                "Actual Loops": 1
                                            }
                                        ],
                                        "Plans": [
                                            {
                                                "Node Type": "Seq Scan",
                                                "Parent Relationship": "Outer",
                                                "Parallel Aware": true,
                                                "Relation Name": "title",
                                                "Schema": "public",
                                                "Alias": "t",
                                                "Startup Cost": 0.0,
                                                "Total Cost": 45479.21,
                                                "Plan Rows": 7300,
                                                "Plan Width": 4,
                                                "Actual Startup Time": 0.108,
                                                "Actual Total Time": 93.182,
                                                "Actual Rows": 8116,
                                                "Actual Loops": 4,
                                                "Output": [
                                                    "t.id"
                                                ],
                                                "Filter": "((t.kind_id > 4) AND (t.production_year = 1998))",
                                                "Rows Removed by Filter": 623962,
                                                "Workers": [
                                                    {
                                                        "Worker Number": 0,
                                                        "Actual Startup Time": 0.069,
                                                        "Actual Total Time": 91.251,
                                                        "Actual Rows": 6628,
                                                        "Actual Loops": 1
                                                    },
                                                    {
                                                        "Worker Number": 1,
                                                        "Actual Startup Time": 0.158,
                                                        "Actual Total Time": 91.021,
                                                        "Actual Rows": 6382,
                                                        "Actual Loops": 1
                                                    },
                                                    {
                                                        "Worker Number": 2,
                                                        "Actual Startup Time": 0.178,
                                                        "Actual Total Time": 91.574,
                                                        "Actual Rows": 6979,
                                                        "Actual Loops": 1
                                                    }
                                                ]
                                            }
                                        ]
                                    }
                                ]
                            }
                        ]
                    }
                ]
            }
        ]
    },
    "Planning Time": 0.754,
    "Triggers": [],
    "Execution Time": 266.13
}