[
  {
    "Plan": {
      "Node Type": "Aggregate",
      "Strategy": "Plain",
      "Partial Mode": "Finalize",
      "Parallel Aware": false,
      "Startup Cost": 330601.84,
      "Total Cost": 330601.85,
      "Plan Rows": 1,
      "Plan Width": 8,
      "Actual Startup Time": 628.145,
      "Actual Total Time": 677.026,
      "Actual Rows": 1,
      "Actual Loops": 1,
      "Plans": [
        {
          "Node Type": "Gather",
          "Parent Relationship": "Outer",
          "Parallel Aware": false,
          "Startup Cost": 330601.21,
          "Total Cost": 330601.82,
          "Plan Rows": 6,
          "Plan Width": 8,
          "Actual Startup Time": 628.021,
          "Actual Total Time": 677.014,
          "Actual Rows": 7,
          "Actual Loops": 1,
          "Workers Planned": 6,
          "Workers Launched": 6,
          "Single Copy": false,
          "Plans": [
            {
              "Node Type": "Aggregate",
              "Strategy": "Plain",
              "Partial Mode": "Partial",
              "Parent Relationship": "Outer",
              "Parallel Aware": false,
              "Startup Cost": 329601.21,
              "Total Cost": 329601.22,
              "Plan Rows": 1,
              "Plan Width": 8,
              "Actual Startup Time": 620.428,
              "Actual Total Time": 620.429,
              "Actual Rows": 1,
              "Actual Loops": 7,
              "Plans": [
                {
                  "Node Type": "Seq Scan",
                  "Parent Relationship": "Outer",
                  "Parallel Aware": true,
                  "Relation Name": "cast_info",
                  "Alias": "ci",
                  "Startup Cost": 0.0,
                  "Total Cost": 328211.39,
                  "Plan Rows": 555929,
                  "Plan Width": 0,
                  "Actual Startup Time": 0.047,
                  "Actual Total Time": 588.418,
                  "Actual Rows": 493560,
                  "Actual Loops": 7,
                  "Filter": "(person_id < 331906)",
                  "Rows Removed by Filter": 4684204
                }
              ]
            }
          ]
        }
      ]
    },
    "Planning Time": 0.113,
    "Triggers": [],
    "Execution Time": 677.076
  }
]