[
  {
    "Plan": {
      "Node Type": "Aggregate",
      "Strategy": "Plain",
      "Partial Mode": "Finalize",
      "Parallel Aware": false,
      "Startup Cost": 252292.75,
      "Total Cost": 252292.76,
      "Plan Rows": 1,
      "Plan Width": 8,
      "Actual Startup Time": 512.214,
      "Actual Total Time": 529.526,
      "Actual Rows": 1,
      "Actual Loops": 1,
      "Plans": [
        {
          "Node Type": "Gather",
          "Parent Relationship": "Outer",
          "Parallel Aware": false,
          "Startup Cost": 252292.43,
          "Total Cost": 252292.74,
          "Plan Rows": 3,
          "Plan Width": 8,
          "Actual Startup Time": 500.637,
          "Actual Total Time": 529.515,
          "Actual Rows": 4,
          "Actual Loops": 1,
          "Workers Planned": 3,
          "Workers Launched": 3,
          "Single Copy": false,
          "Plans": [
            {
              "Node Type": "Aggregate",
              "Strategy": "Plain",
              "Partial Mode": "Partial",
              "Parent Relationship": "Outer",
              "Parallel Aware": false,
              "Startup Cost": 251292.43,
              "Total Cost": 251292.44,
              "Plan Rows": 1,
              "Plan Width": 8,
              "Actual Startup Time": 491.1,
              "Actual Total Time": 491.106,
              "Actual Rows": 1,
              "Actual Loops": 4,
              "Plans": [
                {
                  "Node Type": "Hash Join",
                  "Parent Relationship": "Outer",
                  "Parallel Aware": true,
                  "Join Type": "Inner",
                  "Startup Cost": 220226.74,
                  "Total Cost": 251180.59,
                  "Plan Rows": 44737,
                  "Plan Width": 0,
                  "Actual Startup Time": 381.514,
                  "Actual Total Time": 486.68,
                  "Actual Rows": 104567,
                  "Actual Loops": 4,
                  "Inner Unique": false,
                  "Hash Cond": "(mc.movie_id = t.id)",
                  "Plans": [
                    {
                      "Node Type": "Seq Scan",
                      "Parent Relationship": "Outer",
                      "Parallel Aware": true,
                      "Relation Name": "movie_companies",
                      "Alias": "mc",
                      "Startup Cost": 0.0,
                      "Total Cost": 29310.68,
                      "Plan Rows": 414318,
                      "Plan Width": 4,
                      "Actual Startup Time": 0.019,
                      "Actual Total Time": 65.642,
                      "Actual Rows": 318562,
                      "Actual Loops": 4,
                      "Filter": "(company_type_id < 2)",
                      "Rows Removed by Filter": 333721
                    },
                    {
                      "Node Type": "Hash",
                      "Parent Relationship": "Inner",
                      "Parallel Aware": true,
                      "Startup Cost": 219544.24,
                      "Total Cost": 219544.24,
                      "Plan Rows": 54600,
                      "Plan Width": 8,
                      "Actual Startup Time": 378.026,
                      "Actual Total Time": 378.03,
                      "Actual Rows": 29938,
                      "Actual Loops": 4,
                      "Hash Buckets": 524288,
                      "Original Hash Buckets": 524288,
                      "Hash Batches": 1,
                      "Original Hash Batches": 1,
                      "Peak Memory Usage": 8864,
                      "Plans": [
                        {
                          "Node Type": "Hash Join",
                          "Parent Relationship": "Outer",
                          "Parallel Aware": true,
                          "Join Type": "Inner",
                          "Startup Cost": 56431.74,
                          "Total Cost": 219544.24,
                          "Plan Rows": 54600,
                          "Plan Width": 8,
                          "Actual Startup Time": 311.759,
                          "Actual Total Time": 367.891,
                          "Actual Rows": 29938,
                          "Actual Loops": 4,
                          "Inner Unique": true,
                          "Hash Cond": "(mi.movie_id = t.id)",
                          "Plans": [
                            {
                              "Node Type": "Bitmap Heap Scan",
                              "Parent Relationship": "Outer",
                              "Parallel Aware": true,
                              "Relation Name": "movie_info",
                              "Alias": "mi",
                              "Startup Cost": 6704.59,
                              "Total Cost": 169622.8,
                              "Plan Rows": 74017,
                              "Plan Width": 4,
                              "Actual Startup Time": 26.029,
                              "Actual Total Time": 51.871,
                              "Actual Rows": 92054,
                              "Actual Loops": 4,
                              "Recheck Cond": "(info_type_id = 17)",
                              "Rows Removed by Index Recheck": 0,
                              "Exact Heap Blocks": 3251,
                              "Lossy Heap Blocks": 0,
                              "Plans": [
                                {
                                  "Node Type": "Bitmap Index Scan",
                                  "Parent Relationship": "Outer",
                                  "Parallel Aware": false,
                                  "Index Name": "info_type_id_movie_info",
                                  "Startup Cost": 0.0,
                                  "Total Cost": 6612.07,
                                  "Plan Rows": 370084,
                                  "Plan Width": 0,
                                  "Actual Startup Time": 24.412,
                                  "Actual Total Time": 24.413,
                                  "Actual Rows": 368218,
                                  "Actual Loops": 1,
                                  "Index Cond": "(info_type_id = 17)"
                                }
                              ]
                            },
                            {
                              "Node Type": "Hash",
                              "Parent Relationship": "Inner",
                              "Parallel Aware": true,
                              "Startup Cost": 43898.92,
                              "Total Cost": 43898.92,
                              "Plan Rows": 466259,
                              "Plan Width": 4,
                              "Actual Startup Time": 280.259,
                              "Actual Total Time": 280.26,
                              "Actual Rows": 466372,
                              "Actual Loops": 4,
                              "Hash Buckets": 2097152,
                              "Original Hash Buckets": 2097152,
                              "Hash Batches": 1,
                              "Original Hash Batches": 1,
                              "Peak Memory Usage": 89440,
                              "Plans": [
                                {
                                  "Node Type": "Seq Scan",
                                  "Parent Relationship": "Outer",
                                  "Parallel Aware": true,
                                  "Relation Name": "title",
                                  "Alias": "t",
                                  "Startup Cost": 0.0,
                                  "Total Cost": 43898.92,
                                  "Plan Rows": 466259,
                                  "Plan Width": 4,
                                  "Actual Startup Time": 0.047,
                                  "Actual Total Time": 106.062,
                                  "Actual Rows": 466372,
                                  "Actual Loops": 4,
                                  "Filter": "(kind_id > 1)",
                                  "Rows Removed by Filter": 165706
                                }
                              ]
                            }
                          ]
                        }
                      ]
                    }
                  ]
                }
              ]
            }
          ]
        }
      ]
    },
    "Planning Time": 1.511,
    "Triggers": [],
    "Execution Time": 529.64
  }
]