[
  {
    "Plan": {
      "Node Type": "Aggregate",
      "Strategy": "Plain",
      "Partial Mode": "Finalize",
      "Parallel Aware": false,
      "Startup Cost": 96507.15,
      "Total Cost": 96507.16,
      "Plan Rows": 1,
      "Plan Width": 8,
      "Actual Startup Time": 518.378,
      "Actual Total Time": 538.359,
      "Actual Rows": 1,
      "Actual Loops": 1,
      "Plans": [
        {
          "Node Type": "Gather",
          "Parent Relationship": "Outer",
          "Parallel Aware": false,
          "Startup Cost": 96506.83,
          "Total Cost": 96507.14,
          "Plan Rows": 3,
          "Plan Width": 8,
          "Actual Startup Time": 514.343,
          "Actual Total Time": 538.348,
          "Actual Rows": 4,
          "Actual Loops": 1,
          "Workers Planned": 3,
          "Workers Launched": 3,
          "Single Copy": false,
          "Plans": [
            {
              "Node Type": "Aggregate",
              "Strategy": "Plain",
              "Partial Mode": "Partial",
              "Parent Relationship": "Outer",
              "Parallel Aware": false,
              "Startup Cost": 95506.83,
              "Total Cost": 95506.84,
              "Plan Rows": 1,
              "Plan Width": 8,
              "Actual Startup Time": 506.644,
              "Actual Total Time": 506.757,
              "Actual Rows": 1,
              "Actual Loops": 4,
              "Plans": [
                {
                  "Node Type": "Hash Join",
                  "Parent Relationship": "Outer",
                  "Parallel Aware": true,
                  "Join Type": "Inner",
                  "Startup Cost": 64389.91,
                  "Total Cost": 95224.02,
                  "Plan Rows": 113125,
                  "Plan Width": 0,
                  "Actual Startup Time": 316.311,
                  "Actual Total Time": 482.697,
                  "Actual Rows": 578063,
                  "Actual Loops": 4,
                  "Inner Unique": false,
                  "Hash Cond": "(mc.movie_id = t.id)",
                  "Plans": [
                    {
                      "Node Type": "Seq Scan",
                      "Parent Relationship": "Outer",
                      "Parallel Aware": true,
                      "Relation Name": "movie_companies",
                      "Alias": "mc",
                      "Startup Cost": 0.0,
                      "Total Cost": 27206.55,
                      "Plan Rows": 841655,
                      "Plan Width": 4,
                      "Actual Startup Time": 0.012,
                      "Actual Total Time": 55.361,
                      "Actual Rows": 652282,
                      "Actual Loops": 4
                    },
                    {
                      "Node Type": "Hash",
                      "Parent Relationship": "Inner",
                      "Parallel Aware": true,
                      "Startup Cost": 62619.9,
                      "Total Cost": 62619.9,
                      "Plan Rows": 141601,
                      "Plan Width": 8,
                      "Actual Startup Time": 290.427,
                      "Actual Total Time": 290.538,
                      "Actual Rows": 156358,
                      "Actual Loops": 4,
                      "Hash Buckets": 1048576,
                      "Original Hash Buckets": 524288,
                      "Hash Batches": 1,
                      "Original Hash Batches": 1,
                      "Peak Memory Usage": 36800,
                      "Plans": [
                        {
                          "Node Type": "Hash Join",
                          "Parent Relationship": "Outer",
                          "Parallel Aware": true,
                          "Join Type": "Inner",
                          "Startup Cost": 47425.34,
                          "Total Cost": 62619.9,
                          "Plan Rows": 141601,
                          "Plan Width": 8,
                          "Actual Startup Time": 181.397,
                          "Actual Total Time": 242.893,
                          "Actual Rows": 156358,
                          "Actual Loops": 4,
                          "Inner Unique": true,
                          "Hash Cond": "(mi_idx.movie_id = t.id)",
                          "Plans": [
                            {
                              "Node Type": "Seq Scan",
                              "Parent Relationship": "Outer",
                              "Parallel Aware": true,
                              "Relation Name": "movie_info_idx",
                              "Alias": "mi_idx",
                              "Startup Cost": 0.0,
                              "Total Cost": 13685.15,
                              "Plan Rows": 575015,
                              "Plan Width": 4,
                              "Actual Startup Time": 0.009,
                              "Actual Total Time": 29.816,
                              "Actual Rows": 345009,
                              "Actual Loops": 4
                            },
                            {
                              "Node Type": "Hash",
                              "Parent Relationship": "Inner",
                              "Parallel Aware": true,
                              "Startup Cost": 45479.59,
                              "Total Cost": 45479.59,
                              "Plan Rows": 155660,
                              "Plan Width": 4,
                              "Actual Startup Time": 149.814,
                              "Actual Total Time": 149.815,
                              "Actual Rows": 158572,
                              "Actual Loops": 4,
                              "Hash Buckets": 1048576,
                              "Original Hash Buckets": 1048576,
                              "Hash Batches": 1,
                              "Original Hash Batches": 1,
                              "Peak Memory Usage": 33088,
                              "Plans": [
                                {
                                  "Node Type": "Seq Scan",
                                  "Parent Relationship": "Outer",
                                  "Parallel Aware": true,
                                  "Relation Name": "title",
                                  "Alias": "t",
                                  "Startup Cost": 0.0,
                                  "Total Cost": 45479.59,
                                  "Plan Rows": 155660,
                                  "Plan Width": 4,
                                  "Actual Startup Time": 47.224,
                                  "Actual Total Time": 100.42,
                                  "Actual Rows": 158572,
                                  "Actual Loops": 4,
                                  "Filter": "((production_year < 2013) AND (kind_id = 1))",
                                  "Rows Removed by Filter": 473506
                                }
                              ]
                            }
                          ]
                        }
                      ]
                    }
                  ]
                }
              ]
            }
          ]
        }
      ]
    },
    "Planning Time": 1.352,
    "Triggers": [],
    "Execution Time": 538.436
  }
]