[
  {
    "Plan": {
      "Node Type": "Aggregate",
      "Strategy": "Plain",
      "Partial Mode": "Finalize",
      "Parallel Aware": false,
      "Startup Cost": 84762.99,
      "Total Cost": 84763.0,
      "Plan Rows": 1,
      "Plan Width": 8,
      "Actual Startup Time": 245.81,
      "Actual Total Time": 265.832,
      "Actual Rows": 1,
      "Actual Loops": 1,
      "Plans": [
        {
          "Node Type": "Gather",
          "Parent Relationship": "Outer",
          "Parallel Aware": false,
          "Startup Cost": 84762.67,
          "Total Cost": 84762.98,
          "Plan Rows": 3,
          "Plan Width": 8,
          "Actual Startup Time": 245.322,
          "Actual Total Time": 265.823,
          "Actual Rows": 4,
          "Actual Loops": 1,
          "Workers Planned": 3,
          "Workers Launched": 3,
          "Single Copy": false,
          "Plans": [
            {
              "Node Type": "Aggregate",
              "Strategy": "Plain",
              "Partial Mode": "Partial",
              "Parent Relationship": "Outer",
              "Parallel Aware": false,
              "Startup Cost": 83762.67,
              "Total Cost": 83762.68,
              "Plan Rows": 1,
              "Plan Width": 8,
              "Actual Startup Time": 240.513,
              "Actual Total Time": 240.517,
              "Actual Rows": 1,
              "Actual Loops": 4,
              "Plans": [
                {
                  "Node Type": "Hash Join",
                  "Parent Relationship": "Outer",
                  "Parallel Aware": true,
                  "Join Type": "Inner",
                  "Startup Cost": 56735.65,
                  "Total Cost": 83757.94,
                  "Plan Rows": 1893,
                  "Plan Width": 0,
                  "Actual Startup Time": 173.846,
                  "Actual Total Time": 240.272,
                  "Actual Rows": 2840,
                  "Actual Loops": 4,
                  "Inner Unique": true,
                  "Hash Cond": "(mk.movie_id = t.id)",
                  "Plans": [
                    {
                      "Node Type": "Bitmap Heap Scan",
                      "Parent Relationship": "Outer",
                      "Parallel Aware": true,
                      "Relation Name": "movie_keyword",
                      "Alias": "mk",
                      "Startup Cost": 11167.98,
                      "Total Cost": 37744.53,
                      "Plan Rows": 169804,
                      "Plan Width": 4,
                      "Actual Startup Time": 54.713,
                      "Actual Total Time": 125.586,
                      "Actual Rows": 130998,
                      "Actual Loops": 4,
                      "Recheck Cond": "(keyword_id > 34630)",
                      "Rows Removed by Index Recheck": 0,
                      "Exact Heap Blocks": 6760,
                      "Lossy Heap Blocks": 0,
                      "Plans": [
                        {
                          "Node Type": "Bitmap Index Scan",
                          "Parent Relationship": "Outer",
                          "Parallel Aware": false,
                          "Index Name": "keyword_id_movie_keyword",
                          "Startup Cost": 0.0,
                          "Total Cost": 11036.38,
                          "Plan Rows": 526393,
                          "Plan Width": 0,
                          "Actual Startup Time": 48.965,
                          "Actual Total Time": 48.966,
                          "Actual Rows": 523991,
                          "Actual Loops": 1,
                          "Index Cond": "(keyword_id > 34630)"
                        }
                      ]
                    },
                    {
                      "Node Type": "Hash",
                      "Parent Relationship": "Inner",
                      "Parallel Aware": true,
                      "Startup Cost": 45479.59,
                      "Total Cost": 45479.59,
                      "Plan Rows": 7047,
                      "Plan Width": 4,
                      "Actual Startup Time": 95.496,
                      "Actual Total Time": 95.497,
                      "Actual Rows": 4029,
                      "Actual Loops": 4,
                      "Hash Buckets": 32768,
                      "Original Hash Buckets": 32768,
                      "Hash Batches": 1,
                      "Original Hash Batches": 1,
                      "Peak Memory Usage": 960,
                      "Plans": [
                        {
                          "Node Type": "Seq Scan",
                          "Parent Relationship": "Outer",
                          "Parallel Aware": true,
                          "Relation Name": "title",
                          "Alias": "t",
                          "Startup Cost": 0.0,
                          "Total Cost": 45479.59,
                          "Plan Rows": 7047,
                          "Plan Width": 4,
                          "Actual Startup Time": 55.308,
                          "Actual Total Time": 93.656,
                          "Actual Rows": 4029,
                          "Actual Loops": 4,
                          "Filter": "((kind_id < 2) AND (production_year = 2006))",
                          "Rows Removed by Filter": 628049
                        }
                      ]
                    }
                  ]
                }
              ]
            }
          ]
        }
      ]
    },
    "Planning Time": 0.673,
    "Triggers": [],
    "Execution Time": 265.933
  }
]