[
  {
    "Plan": {
      "Node Type": "Aggregate",
      "Strategy": "Plain",
      "Partial Mode": "Finalize",
      "Parallel Aware": false,
      "Startup Cost": 59908.79,
      "Total Cost": 59908.8,
      "Plan Rows": 1,
      "Plan Width": 8,
      "Actual Startup Time": 104.418,
      "Actual Total Time": 117.8,
      "Actual Rows": 1,
      "Actual Loops": 1,
      "Plans": [
        {
          "Node Type": "Gather",
          "Parent Relationship": "Outer",
          "Parallel Aware": false,
          "Startup Cost": 59908.37,
          "Total Cost": 59908.78,
          "Plan Rows": 4,
          "Plan Width": 8,
          "Actual Startup Time": 104.269,
          "Actual Total Time": 117.792,
          "Actual Rows": 5,
          "Actual Loops": 1,
          "Workers Planned": 4,
          "Workers Launched": 4,
          "Single Copy": false,
          "Plans": [
            {
              "Node Type": "Aggregate",
              "Strategy": "Plain",
              "Partial Mode": "Partial",
              "Parent Relationship": "Outer",
              "Parallel Aware": false,
              "Startup Cost": 58908.37,
              "Total Cost": 58908.38,
              "Plan Rows": 1,
              "Plan Width": 8,
              "Actual Startup Time": 94.086,
              "Actual Total Time": 94.088,
              "Actual Rows": 1,
              "Actual Loops": 5,
              "Plans": [
                {
                  "Node Type": "Nested Loop",
                  "Parent Relationship": "Outer",
                  "Parallel Aware": false,
                  "Join Type": "Inner",
                  "Startup Cost": 0.86,
                  "Total Cost": 58906.07,
                  "Plan Rows": 920,
                  "Plan Width": 0,
                  "Actual Startup Time": 1.76,
                  "Actual Total Time": 93.994,
                  "Actual Rows": 1032,
                  "Actual Loops": 5,
                  "Inner Unique": false,
                  "Join Filter": "(t.id = mc.movie_id)",
                  "Rows Removed by Join Filter": 0,
                  "Plans": [
                    {
                      "Node Type": "Nested Loop",
                      "Parent Relationship": "Outer",
                      "Parallel Aware": false,
                      "Join Type": "Inner",
                      "Startup Cost": 0.43,
                      "Total Cost": 58278.81,
                      "Plan Rows": 892,
                      "Plan Width": 8,
                      "Actual Startup Time": 1.582,
                      "Actual Total Time": 90.228,
                      "Actual Rows": 397,
                      "Actual Loops": 5,
                      "Inner Unique": false,
                      "Plans": [
                        {
                          "Node Type": "Seq Scan",
                          "Parent Relationship": "Outer",
                          "Parallel Aware": true,
                          "Relation Name": "title",
                          "Alias": "t",
                          "Startup Cost": 0.0,
                          "Total Cost": 45479.1,
                          "Plan Rows": 2452,
                          "Plan Width": 4,
                          "Actual Startup Time": 0.139,
                          "Actual Total Time": 82.185,
                          "Actual Rows": 1573,
                          "Actual Loops": 5,
                          "Filter": "((kind_id > 3) AND (production_year = 1974))",
                          "Rows Removed by Filter": 504089
                        },
                        {
                          "Node Type": "Index Scan",
                          "Parent Relationship": "Inner",
                          "Parallel Aware": false,
                          "Scan Direction": "Forward",
                          "Index Name": "movie_id_movie_info_idx",
                          "Relation Name": "movie_info_idx",
                          "Alias": "mi_idx",
                          "Startup Cost": 0.43,
                          "Total Cost": 5.2,
                          "Plan Rows": 2,
                          "Plan Width": 4,
                          "Actual Startup Time": 0.004,
                          "Actual Total Time": 0.005,
                          "Actual Rows": 0,
                          "Actual Loops": 7867,
                          "Index Cond": "(movie_id = t.id)",
                          "Rows Removed by Index Recheck": 0,
                          "Filter": "(info_type_id < 101)",
                          "Rows Removed by Filter": 0
                        }
                      ]
                    },
                    {
                      "Node Type": "Index Only Scan",
                      "Parent Relationship": "Inner",
                      "Parallel Aware": false,
                      "Scan Direction": "Forward",
                      "Index Name": "movie_id_movie_companies",
                      "Relation Name": "movie_companies",
                      "Alias": "mc",
                      "Startup Cost": 0.43,
                      "Total Cost": 0.64,
                      "Plan Rows": 5,
                      "Plan Width": 4,
                      "Actual Startup Time": 0.007,
                      "Actual Total Time": 0.009,
                      "Actual Rows": 3,
                      "Actual Loops": 1986,
                      "Index Cond": "(movie_id = mi_idx.movie_id)",
                      "Rows Removed by Index Recheck": 0,
                      "Heap Fetches": 5158
                    }
                  ]
                }
              ]
            }
          ]
        }
      ]
    },
    "Planning Time": 1.471,
    "Triggers": [],
    "Execution Time": 117.888
  }
]