[
  {
    "Plan": {
      "Node Type": "Aggregate",
      "Strategy": "Plain",
      "Partial Mode": "Finalize",
      "Parallel Aware": false,
      "Startup Cost": 463406.95,
      "Total Cost": 463406.96,
      "Plan Rows": 1,
      "Plan Width": 8,
      "Actual Startup Time": 3108.177,
      "Actual Total Time": 3161.341,
      "Actual Rows": 1,
      "Actual Loops": 1,
      "Plans": [
        {
          "Node Type": "Gather",
          "Parent Relationship": "Outer",
          "Parallel Aware": false,
          "Startup Cost": 463406.33,
          "Total Cost": 463406.94,
          "Plan Rows": 6,
          "Plan Width": 8,
          "Actual Startup Time": 3095.34,
          "Actual Total Time": 3161.333,
          "Actual Rows": 7,
          "Actual Loops": 1,
          "Workers Planned": 6,
          "Workers Launched": 6,
          "Single Copy": false,
          "Plans": [
            {
              "Node Type": "Aggregate",
              "Strategy": "Plain",
              "Partial Mode": "Partial",
              "Parent Relationship": "Outer",
              "Parallel Aware": false,
              "Startup Cost": 462406.33,
              "Total Cost": 462406.34,
              "Plan Rows": 1,
              "Plan Width": 8,
              "Actual Startup Time": 3084.746,
              "Actual Total Time": 3084.753,
              "Actual Rows": 1,
              "Actual Loops": 7,
              "Plans": [
                {
                  "Node Type": "Hash Join",
                  "Parent Relationship": "Outer",
                  "Parallel Aware": true,
                  "Join Type": "Inner",
                  "Startup Cost": 88962.41,
                  "Total Cost": 455321.36,
                  "Plan Rows": 2833987,
                  "Plan Width": 0,
                  "Actual Startup Time": 750.374,
                  "Actual Total Time": 2839.025,
                  "Actual Rows": 5746294,
                  "Actual Loops": 7,
                  "Inner Unique": false,
                  "Hash Cond": "(ci.movie_id = t.id)",
                  "Plans": [
                    {
                      "Node Type": "Seq Scan",
                      "Parent Relationship": "Outer",
                      "Parallel Aware": true,
                      "Relation Name": "cast_info",
                      "Alias": "ci",
                      "Startup Cost": 0.0,
                      "Total Cost": 343316.27,
                      "Plan Rows": 3706875,
                      "Plan Width": 4,
                      "Actual Startup Time": 216.869,
                      "Actual Total Time": 720.758,
                      "Actual Rows": 3283556,
                      "Actual Loops": 7,
                      "Filter": "((person_id > 202945) AND (role_id > 1))",
                      "Rows Removed by Filter": 1894208
                    },
                    {
                      "Node Type": "Hash",
                      "Parent Relationship": "Inner",
                      "Parallel Aware": true,
                      "Startup Cost": 81167.91,
                      "Total Cost": 81167.91,
                      "Plan Rows": 623560,
                      "Plan Width": 8,
                      "Actual Startup Time": 530.349,
                      "Actual Total Time": 530.354,
                      "Actual Rows": 276884,
                      "Actual Loops": 7,
                      "Hash Buckets": 2097152,
                      "Original Hash Buckets": 2097152,
                      "Hash Batches": 1,
                      "Original Hash Batches": 1,
                      "Peak Memory Usage": 92352,
                      "Plans": [
                        {
                          "Node Type": "Hash Join",
                          "Parent Relationship": "Outer",
                          "Parallel Aware": true,
                          "Join Type": "Inner",
                          "Startup Cost": 50220.38,
                          "Total Cost": 81167.91,
                          "Plan Rows": 623560,
                          "Plan Width": 8,
                          "Actual Startup Time": 258.114,
                          "Actual Total Time": 418.124,
                          "Actual Rows": 276884,
                          "Actual Loops": 7,
                          "Inner Unique": true,
                          "Hash Cond": "(mc.movie_id = t.id)",
                          "Plans": [
                            {
                              "Node Type": "Seq Scan",
                              "Parent Relationship": "Outer",
                              "Parallel Aware": true,
                              "Relation Name": "movie_companies",
                              "Alias": "mc",
                              "Startup Cost": 0.0,
                              "Total Cost": 29310.68,
                              "Plan Rows": 623560,
                              "Plan Width": 4,
                              "Actual Startup Time": 0.021,
                              "Actual Total Time": 51.056,
                              "Actual Rows": 276884,
                              "Actual Loops": 7,
                              "Filter": "(company_id < 50475)",
                              "Rows Removed by Filter": 95849
                            },
                            {
                              "Node Type": "Hash",
                              "Parent Relationship": "Inner",
                              "Parallel Aware": true,
                              "Startup Cost": 42319.06,
                              "Total Cost": 42319.06,
                              "Plan Rows": 632106,
                              "Plan Width": 4,
                              "Actual Startup Time": 254.244,
                              "Actual Total Time": 254.246,
                              "Actual Rows": 361187,
                              "Actual Loops": 7,
                              "Hash Buckets": 4194304,
                              "Original Hash Buckets": 4194304,
                              "Hash Batches": 1,
                              "Original Hash Batches": 1,
                              "Peak Memory Usage": 131808,
                              "Plans": [
                                {
                                  "Node Type": "Seq Scan",
                                  "Parent Relationship": "Outer",
                                  "Parallel Aware": true,
                                  "Relation Name": "title",
                                  "Alias": "t",
                                  "Startup Cost": 0.0,
                                  "Total Cost": 42319.06,
                                  "Plan Rows": 632106,
                                  "Plan Width": 4,
                                  "Actual Startup Time": 0.055,
                                  "Actual Total Time": 72.604,
                                  "Actual Rows": 361187,
                                  "Actual Loops": 7
                                }
                              ]
                            }
                          ]
                        }
                      ]
                    }
                  ]
                }
              ]
            }
          ]
        }
      ]
    },
    "Planning Time": 0.548,
    "Triggers": [],
    "Execution Time": 3161.398
  }
]