[
  {
    "Plan": {
      "Node Type": "Aggregate",
      "Strategy": "Plain",
      "Partial Mode": "Finalize",
      "Parallel Aware": false,
      "Startup Cost": 463800.29,
      "Total Cost": 463800.3,
      "Plan Rows": 1,
      "Plan Width": 8,
      "Actual Startup Time": 3365.548,
      "Actual Total Time": 3431.184,
      "Actual Rows": 1,
      "Actual Loops": 1,
      "Plans": [
        {
          "Node Type": "Gather",
          "Parent Relationship": "Outer",
          "Parallel Aware": false,
          "Startup Cost": 463799.67,
          "Total Cost": 463800.28,
          "Plan Rows": 6,
          "Plan Width": 8,
          "Actual Startup Time": 3332.747,
          "Actual Total Time": 3431.173,
          "Actual Rows": 7,
          "Actual Loops": 1,
          "Workers Planned": 6,
          "Workers Launched": 6,
          "Single Copy": false,
          "Plans": [
            {
              "Node Type": "Aggregate",
              "Strategy": "Plain",
              "Partial Mode": "Partial",
              "Parent Relationship": "Outer",
              "Parallel Aware": false,
              "Startup Cost": 462799.67,
              "Total Cost": 462799.68,
              "Plan Rows": 1,
              "Plan Width": 8,
              "Actual Startup Time": 3315.47,
              "Actual Total Time": 3315.475,
              "Actual Rows": 1,
              "Actual Loops": 7,
              "Plans": [
                {
                  "Node Type": "Hash Join",
                  "Parent Relationship": "Outer",
                  "Parallel Aware": true,
                  "Join Type": "Inner",
                  "Startup Cost": 89049.49,
                  "Total Cost": 455597.92,
                  "Plan Rows": 2880698,
                  "Plan Width": 0,
                  "Actual Startup Time": 803.367,
                  "Actual Total Time": 3037.489,
                  "Actual Rows": 5746294,
                  "Actual Loops": 7,
                  "Inner Unique": false,
                  "Hash Cond": "(ci.movie_id = t.id)",
                  "Plans": [
                    {
                      "Node Type": "Seq Scan",
                      "Parent Relationship": "Outer",
                      "Parallel Aware": true,
                      "Relation Name": "cast_info",
                      "Alias": "ci",
                      "Startup Cost": 0.0,
                      "Total Cost": 343257.03,
                      "Plan Rows": 3733020,
                      "Plan Width": 4,
                      "Actual Startup Time": 234.514,
                      "Actual Total Time": 794.416,
                      "Actual Rows": 3283556,
                      "Actual Loops": 7,
                      "Filter": "((person_id > 202945) AND (role_id > 1))",
                      "Rows Removed by Filter": 1894208
                    },
                    {
                      "Node Type": "Hash",
                      "Parent Relationship": "Inner",
                      "Parallel Aware": true,
                      "Startup Cost": 81182.41,
                      "Total Cost": 81182.41,
                      "Plan Rows": 629366,
                      "Plan Width": 8,
                      "Actual Startup Time": 563.883,
                      "Actual Total Time": 563.887,
                      "Actual Rows": 276884,
                      "Actual Loops": 7,
                      "Hash Buckets": 2097152,
                      "Original Hash Buckets": 2097152,
                      "Hash Batches": 1,
                      "Original Hash Batches": 1,
                      "Peak Memory Usage": 92352,
                      "Plans": [
                        {
                          "Node Type": "Hash Join",
                          "Parent Relationship": "Outer",
                          "Parallel Aware": true,
                          "Join Type": "Inner",
                          "Startup Cost": 50219.64,
                          "Total Cost": 81182.41,
                          "Plan Rows": 629366,
                          "Plan Width": 8,
                          "Actual Startup Time": 268.138,
                          "Actual Total Time": 445.618,
                          "Actual Rows": 276884,
                          "Actual Loops": 7,
                          "Inner Unique": true,
                          "Hash Cond": "(mc.movie_id = t.id)",
                          "Plans": [
                            {
                              "Node Type": "Seq Scan",
                              "Parent Relationship": "Outer",
                              "Parallel Aware": true,
                              "Relation Name": "movie_companies",
                              "Alias": "mc",
                              "Startup Cost": 0.0,
                              "Total Cost": 29310.68,
                              "Plan Rows": 629366,
                              "Plan Width": 4,
                              "Actual Startup Time": 0.03,
                              "Actual Total Time": 59.242,
                              "Actual Rows": 276884,
                              "Actual Loops": 7,
                              "Filter": "(company_id < 50475)",
                              "Rows Removed by Filter": 95849
                            },
                            {
                              "Node Type": "Hash",
                              "Parent Relationship": "Inner",
                              "Parallel Aware": true,
                              "Startup Cost": 42318.73,
                              "Total Cost": 42318.73,
                              "Plan Rows": 632073,
                              "Plan Width": 4,
                              "Actual Startup Time": 264.131,
                              "Actual Total Time": 264.132,
                              "Actual Rows": 361187,
                              "Actual Loops": 7,
                              "Hash Buckets": 4194304,
                              "Original Hash Buckets": 4194304,
                              "Hash Batches": 1,
                              "Original Hash Batches": 1,
                              "Peak Memory Usage": 131808,
                              "Plans": [
                                {
                                  "Node Type": "Seq Scan",
                                  "Parent Relationship": "Outer",
                                  "Parallel Aware": true,
                                  "Relation Name": "title",
                                  "Alias": "t",
                                  "Startup Cost": 0.0,
                                  "Total Cost": 42318.73,
                                  "Plan Rows": 632073,
                                  "Plan Width": 4,
                                  "Actual Startup Time": 0.037,
                                  "Actual Total Time": 79.201,
                                  "Actual Rows": 361187,
                                  "Actual Loops": 7
                                }
                              ]
                            }
                          ]
                        }
                      ]
                    }
                  ]
                }
              ]
            }
          ]
        }
      ]
    },
    "Planning Time": 1.413,
    "Triggers": [],
    "Execution Time": 3431.278
  }
]