[
  {
    "Plan": {
      "Node Type": "Aggregate",
      "Strategy": "Plain",
      "Partial Mode": "Finalize",
      "Parallel Aware": false,
      "Startup Cost": 82319.66,
      "Total Cost": 82319.67,
      "Plan Rows": 1,
      "Plan Width": 8,
      "Actual Startup Time": 373.318,
      "Actual Total Time": 394.196,
      "Actual Rows": 1,
      "Actual Loops": 1,
      "Plans": [
        {
          "Node Type": "Gather",
          "Parent Relationship": "Outer",
          "Parallel Aware": false,
          "Startup Cost": 82319.34,
          "Total Cost": 82319.65,
          "Plan Rows": 3,
          "Plan Width": 8,
          "Actual Startup Time": 367.093,
          "Actual Total Time": 394.188,
          "Actual Rows": 4,
          "Actual Loops": 1,
          "Workers Planned": 3,
          "Workers Launched": 3,
          "Single Copy": false,
          "Plans": [
            {
              "Node Type": "Aggregate",
              "Strategy": "Plain",
              "Partial Mode": "Partial",
              "Parent Relationship": "Outer",
              "Parallel Aware": false,
              "Startup Cost": 81319.34,
              "Total Cost": 81319.35,
              "Plan Rows": 1,
              "Plan Width": 8,
              "Actual Startup Time": 356.848,
              "Actual Total Time": 356.853,
              "Actual Rows": 1,
              "Actual Loops": 4,
              "Plans": [
                {
                  "Node Type": "Nested Loop",
                  "Parent Relationship": "Outer",
                  "Parallel Aware": false,
                  "Join Type": "Inner",
                  "Startup Cost": 50712.94,
                  "Total Cost": 81296.37,
                  "Plan Rows": 9189,
                  "Plan Width": 0,
                  "Actual Startup Time": 197.796,
                  "Actual Total Time": 347.352,
                  "Actual Rows": 174414,
                  "Actual Loops": 4,
                  "Inner Unique": false,
                  "Plans": [
                    {
                      "Node Type": "Hash Join",
                      "Parent Relationship": "Outer",
                      "Parallel Aware": true,
                      "Join Type": "Inner",
                      "Startup Cost": 50712.5,
                      "Total Cost": 70446.25,
                      "Plan Rows": 5136,
                      "Plan Width": 8,
                      "Actual Startup Time": 197.669,
                      "Actual Total Time": 231.085,
                      "Actual Rows": 19089,
                      "Actual Loops": 4,
                      "Inner Unique": true,
                      "Hash Cond": "(mc.movie_id = t.id)",
                      "Plans": [
                        {
                          "Node Type": "Bitmap Heap Scan",
                          "Parent Relationship": "Outer",
                          "Parallel Aware": true,
                          "Relation Name": "movie_companies",
                          "Alias": "mc",
                          "Startup Cost": 3858.03,
                          "Total Cost": 23514.3,
                          "Plan Rows": 29515,
                          "Plan Width": 4,
                          "Actual Startup Time": 12.073,
                          "Actual Total Time": 26.583,
                          "Actual Rows": 43902,
                          "Actual Loops": 4,
                          "Recheck Cond": "(company_id > 121803)",
                          "Rows Removed by Index Recheck": 0,
                          "Filter": "(company_type_id > 1)",
                          "Rows Removed by Filter": 0,
                          "Exact Heap Blocks": 1421,
                          "Lossy Heap Blocks": 0,
                          "Plans": [
                            {
                              "Node Type": "Bitmap Index Scan",
                              "Parent Relationship": "Outer",
                              "Parallel Aware": false,
                              "Index Name": "company_id_movie_companies",
                              "Startup Cost": 0.0,
                              "Total Cost": 3835.15,
                              "Plan Rows": 179030,
                              "Plan Width": 0,
                              "Actual Startup Time": 11.042,
                              "Actual Total Time": 11.043,
                              "Actual Rows": 175608,
                              "Actual Loops": 1,
                              "Index Cond": "(company_id > 121803)"
                            }
                          ]
                        },
                        {
                          "Node Type": "Hash",
                          "Parent Relationship": "Inner",
                          "Parallel Aware": true,
                          "Startup Cost": 45479.59,
                          "Total Cost": 45479.59,
                          "Plan Rows": 109991,
                          "Plan Width": 4,
                          "Actual Startup Time": 182.293,
                          "Actual Total Time": 182.294,
                          "Actual Rows": 134215,
                          "Actual Loops": 4,
                          "Hash Buckets": 1048576,
                          "Original Hash Buckets": 524288,
                          "Hash Batches": 1,
                          "Original Hash Batches": 1,
                          "Peak Memory Usage": 33344,
                          "Plans": [
                            {
                              "Node Type": "Seq Scan",
                              "Parent Relationship": "Outer",
                              "Parallel Aware": true,
                              "Relation Name": "title",
                              "Alias": "t",
                              "Startup Cost": 0.0,
                              "Total Cost": 45479.59,
                              "Plan Rows": 109991,
                              "Plan Width": 4,
                              "Actual Startup Time": 0.047,
                              "Actual Total Time": 113.975,
                              "Actual Rows": 134215,
                              "Actual Loops": 4,
                              "Filter": "((kind_id < 7) AND (production_year < 2002))",
                              "Rows Removed by Filter": 497863
                            }
                          ]
                        }
                      ]
                    },
                    {
                      "Node Type": "Index Only Scan",
                      "Parent Relationship": "Inner",
                      "Parallel Aware": false,
                      "Scan Direction": "Forward",
                      "Index Name": "movie_id_movie_keyword",
                      "Relation Name": "movie_keyword",
                      "Alias": "mk",
                      "Startup Cost": 0.43,
                      "Total Cost": 1.65,
                      "Plan Rows": 46,
                      "Plan Width": 4,
                      "Actual Startup Time": 0.004,
                      "Actual Total Time": 0.005,
                      "Actual Rows": 9,
                      "Actual Loops": 76356,
                      "Index Cond": "(movie_id = t.id)",
                      "Rows Removed by Index Recheck": 0,
                      "Heap Fetches": 697657
                    }
                  ]
                }
              ]
            }
          ]
        }
      ]
    },
    "Planning Time": 1.465,
    "Triggers": [],
    "Execution Time": 394.31
  }
]