{
    "Plan": {
        "Node Type": "Aggregate",
        "Strategy": "Plain",
        "Partial Mode": "Finalize",
        "Parallel Aware": false,
        "Startup Cost": 198706.32,
        "Total Cost": 198706.33,
        "Plan Rows": 1,
        "Plan Width": 8,
        "Actual Startup Time": 387.866,
        "Actual Total Time": 423.295,
        "Actual Rows": 1,
        "Actual Loops": 1,
        "Output": [
            "count(*)"
        ],
        "Plans": [
            {
                "Node Type": "Gather",
                "Parent Relationship": "Outer",
                "Parallel Aware": false,
                "Startup Cost": 198705.8,
                "Total Cost": 198706.31,
                "Plan Rows": 5,
                "Plan Width": 8,
                "Actual Startup Time": 384.138,
                "Actual Total Time": 423.282,
                "Actual Rows": 6,
                "Actual Loops": 1,
                "Output": [
                    "(PARTIAL count(*))"
                ],
                "Workers Planned": 5,
                "Workers Launched": 5,
                "Single Copy": false,
                "Plans": [
                    {
                        "Node Type": "Aggregate",
                        "Strategy": "Plain",
                        "Partial Mode": "Partial",
                        "Parent Relationship": "Outer",
                        "Parallel Aware": false,
                        "Startup Cost": 197705.8,
                        "Total Cost": 197705.81,
                        "Plan Rows": 1,
                        "Plan Width": 8,
                        "Actual Startup Time": 373.184,
                        "Actual Total Time": 373.189,
                        "Actual Rows": 1,
                        "Actual Loops": 6,
                        "Output": [
                            "PARTIAL count(*)"
                        ],
                        "Workers": [
                            {
                                "Worker Number": 0,
                                "Actual Startup Time": 370.861,
                                "Actual Total Time": 370.866,
                                "Actual Rows": 1,
                                "Actual Loops": 1
                            },
                            {
                                "Worker Number": 1,
                                "Actual Startup Time": 371.117,
                                "Actual Total Time": 371.121,
                                "Actual Rows": 1,
                                "Actual Loops": 1
                            },
                            {
                                "Worker Number": 2,
                                "Actual Startup Time": 371.203,
                                "Actual Total Time": 371.208,
                                "Actual Rows": 1,
                                "Actual Loops": 1
                            },
                            {
                                "Worker Number": 3,
                                "Actual Startup Time": 371.302,
                                "Actual Total Time": 371.308,
                                "Actual Rows": 1,
                                "Actual Loops": 1
                            },
                            {
                                "Worker Number": 4,
                                "Actual Startup Time": 371.385,
                                "Actual Total Time": 371.39,
                                "Actual Rows": 1,
                                "Actual Loops": 1
                            }
                        ],
                        "Plans": [
                            {
                                "Node Type": "Nested Loop",
                                "Parent Relationship": "Outer",
                                "Parallel Aware": false,
                                "Join Type": "Inner",
                                "Startup Cost": 45564.04,
                                "Total Cost": 197537.44,
                                "Plan Rows": 67342,
                                "Plan Width": 0,
                                "Actual Startup Time": 131.489,
                                "Actual Total Time": 369.223,
                                "Actual Rows": 70409,
                                "Actual Loops": 6,
                                "Inner Unique": false,
                                "Workers": [
                                    {
                                        "Worker Number": 0,
                                        "Actual Startup Time": 129.267,
                                        "Actual Total Time": 366.908,
                                        "Actual Rows": 41920,
                                        "Actual Loops": 1
                                    },
                                    {
                                        "Worker Number": 1,
                                        "Actual Startup Time": 129.691,
                                        "Actual Total Time": 367.373,
                                        "Actual Rows": 64043,
                                        "Actual Loops": 1
                                    },
                                    {
                                        "Worker Number": 2,
                                        "Actual Startup Time": 129.483,
                                        "Actual Total Time": 367.491,
                                        "Actual Rows": 63531,
                                        "Actual Loops": 1
                                    },
                                    {
                                        "Worker Number": 3,
                                        "Actual Startup Time": 129.386,
                                        "Actual Total Time": 367.619,
                                        "Actual Rows": 63664,
                                        "Actual Loops": 1
                                    },
                                    {
                                        "Worker Number": 4,
                                        "Actual Startup Time": 129.792,
                                        "Actual Total Time": 367.478,
                                        "Actual Rows": 68986,
                                        "Actual Loops": 1
                                    }
                                ],
                                "Plans": [
                                    {
                                        "Node Type": "Hash Join",
                                        "Parent Relationship": "Outer",
                                        "Parallel Aware": true,
                                        "Join Type": "Inner",
                                        "Startup Cost": 45563.61,
                                        "Total Cost": 161403.18,
                                        "Plan Rows": 11539,
                                        "Plan Width": 8,
                                        "Actual Startup Time": 131.378,
                                        "Actual Total Time": 284.972,
                                        "Actual Rows": 4308,
                                        "Actual Loops": 6,
                                        "Output": [
                                            "t.id",
                                            "ci.movie_id"
                                        ],
                                        "Inner Unique": true,
                                        "Hash Cond": "(ci.movie_id = t.id)",
                                        "Workers": [
                                            {
                                                "Worker Number": 0,
                                                "Actual Startup Time": 129.12,
                                                "Actual Total Time": 281.333,
                                                "Actual Rows": 2697,
                                                "Actual Loops": 1
                                            },
                                            {
                                                "Worker Number": 1,
                                                "Actual Startup Time": 129.563,
                                                "Actual Total Time": 282.209,
                                                "Actual Rows": 4119,
                                                "Actual Loops": 1
                                            },
                                            {
                                                "Worker Number": 2,
                                                "Actual Startup Time": 129.367,
                                                "Actual Total Time": 280.769,
                                                "Actual Rows": 4204,
                                                "Actual Loops": 1
                                            },
                                            {
                                                "Worker Number": 3,
                                                "Actual Startup Time": 129.262,
                                                "Actual Total Time": 282.023,
                                                "Actual Rows": 3903,
                                                "Actual Loops": 1
                                            },
                                            {
                                                "Worker Number": 4,
                                                "Actual Startup Time": 129.673,
                                                "Actual Total Time": 282.127,
                                                "Actual Rows": 3707,
                                                "Actual Loops": 1
                                            }
                                        ],
                                        "Plans": [
                                            {
                                                "Node Type": "Index Scan",
                                                "Parent Relationship": "Outer",
                                                "Parallel Aware": true,
                                                "Scan Direction": "Forward",
                                                "Index Name": "role_id_cast_info",
                                                "Relation Name": "cast_info",
                                                "Schema": "public",
                                                "Alias": "ci",
                                                "Startup Cost": 0.56,
                                                "Total Cost": 115696.32,
                                                "Plan Rows": 54789,
                                                "Plan Width": 4,
                                                "Actual Startup Time": 0.454,
                                                "Actual Total Time": 145.517,
                                                "Actual Rows": 15172,
                                                "Actual Loops": 6,
                                                "Output": [
                                                    "ci.id",
                                                    "ci.person_id",
                                                    "ci.movie_id",
                                                    "ci.person_role_id",
                                                    "ci.note",
                                                    "ci.nr_order",
                                                    "ci.role_id"
                                                ],
                                                "Index Cond": "(ci.role_id = 10)",
                                                "Rows Removed by Index Recheck": 0,
                                                "Filter": "(ci.person_id < 228217)",
                                                "Rows Removed by Filter": 705331,
                                                "Workers": [
                                                    {
                                                        "Worker Number": 0,
                                                        "Actual Startup Time": 0.792,
                                                        "Actual Total Time": 145.554,
                                                        "Actual Rows": 9592,
                                                        "Actual Loops": 1
                                                    },
                                                    {
                                                        "Worker Number": 1,
                                                        "Actual Startup Time": 0.66,
                                                        "Actual Total Time": 145.031,
                                                        "Actual Rows": 14929,
                                                        "Actual Loops": 1
                                                    },
                                                    {
                                                        "Worker Number": 2,
                                                        "Actual Startup Time": 0.39,
                                                        "Actual Total Time": 143.782,
                                                        "Actual Rows": 13454,
                                                        "Actual Loops": 1
                                                    },
                                                    {
                                                        "Worker Number": 3,
                                                        "Actual Startup Time": 0.124,
                                                        "Actual Total Time": 145.003,
                                                        "Actual Rows": 13838,
                                                        "Actual Loops": 1
                                                    },
                                                    {
                                                        "Worker Number": 4,
                                                        "Actual Startup Time": 0.507,
                                                        "Actual Total Time": 145.284,
                                                        "Actual Rows": 13333,
                                                        "Actual Loops": 1
                                                    }
                                                ]
                                            },
                                            {
                                                "Node Type": "Hash",
                                                "Parent Relationship": "Inner",
                                                "Parallel Aware": true,
                                                "Startup Cost": 43899.01,
                                                "Total Cost": 43899.01,
                                                "Plan Rows": 133123,
                                                "Plan Width": 4,
                                                "Actual Startup Time": 127.351,
                                                "Actual Total Time": 127.353,
                                                "Actual Rows": 88895,
                                                "Actual Loops": 6,
                                                "Output": [
                                                    "t.id"
                                                ],
                                                "Hash Buckets": 1048576,
                                                "Original Hash Buckets": 1048576,
                                                "Hash Batches": 1,
                                                "Original Hash Batches": 1,
                                                "Peak Memory Usage": 29152,
                                                "Workers": [
                                                    {
                                                        "Worker Number": 0,
                                                        "Actual Startup Time": 127.702,
                                                        "Actual Total Time": 127.703,
                                                        "Actual Rows": 62572,
                                                        "Actual Loops": 1
                                                    },
                                                    {
                                                        "Worker Number": 1,
                                                        "Actual Startup Time": 128.456,
                                                        "Actual Total Time": 128.457,
                                                        "Actual Rows": 82965,
                                                        "Actual Loops": 1
                                                    },
                                                    {
                                                        "Worker Number": 2,
                                                        "Actual Startup Time": 128.512,
                                                        "Actual Total Time": 128.514,
                                                        "Actual Rows": 82841,
                                                        "Actual Loops": 1
                                                    },
                                                    {
                                                        "Worker Number": 3,
                                                        "Actual Startup Time": 128.723,
                                                        "Actual Total Time": 128.725,
                                                        "Actual Rows": 83094,
                                                        "Actual Loops": 1
                                                    },
                                                    {
                                                        "Worker Number": 4,
                                                        "Actual Startup Time": 128.788,
                                                        "Actual Total Time": 128.79,
                                                        "Actual Rows": 84790,
                                                        "Actual Loops": 1
                                                    }
                                                ],
                                                "Plans": [
                                                    {
                                                        "Node Type": "Seq Scan",
                                                        "Parent Relationship": "Outer",
                                                        "Parallel Aware": true,
                                                        "Relation Name": "title",
                                                        "Schema": "public",
                                                        "Alias": "t",
                                                        "Startup Cost": 0.0,
                                                        "Total Cost": 43899.01,
                                                        "Plan Rows": 133123,
                                                        "Plan Width": 4,
                                                        "Actual Startup Time": 0.06,
                                                        "Actual Total Time": 78.008,
                                                        "Actual Rows": 88895,
                                                        "Actual Loops": 6,
                                                        "Output": [
                                                            "t.id"
                                                        ],
                                                        "Filter": "(t.production_year > 2009)",
                                                        "Rows Removed by Filter": 332490,
                                                        "Workers": [
                                                            {
                                                                "Worker Number": 0,
                                                                "Actual Startup Time": 0.085,
                                                                "Actual Total Time": 79.527,
                                                                "Actual Rows": 62572,
                                                                "Actual Loops": 1
                                                            },
                                                            {
                                                                "Worker Number": 1,
                                                                "Actual Startup Time": 0.072,
                                                                "Actual Total Time": 78.728,
                                                                "Actual Rows": 82965,
                                                                "Actual Loops": 1
                                                            },
                                                            {
                                                                "Worker Number": 2,
                                                                "Actual Startup Time": 0.066,
                                                                "Actual Total Time": 78.627,
                                                                "Actual Rows": 82841,
                                                                "Actual Loops": 1
                                                            },
                                                            {
                                                                "Worker Number": 3,
                                                                "Actual Startup Time": 0.059,
                                                                "Actual Total Time": 79.702,
                                                                "Actual Rows": 83094,
                                                                "Actual Loops": 1
                                                            },
                                                            {
                                                                "Worker Number": 4,
                                                                "Actual Startup Time": 0.059,
                                                                "Actual Total Time": 79.863,
                                                                "Actual Rows": 84790,
                                                                "Actual Loops": 1
                                                            }
                                                        ]
                                                    }
                                                ]
                                            }
                                        ]
                                    },
                                    {
                                        "Node Type": "Index Only Scan",
                                        "Parent Relationship": "Inner",
                                        "Parallel Aware": false,
                                        "Scan Direction": "Forward",
                                        "Index Name": "movie_id_movie_info",
                                        "Relation Name": "movie_info",
                                        "Schema": "public",
                                        "Alias": "mi",
                                        "Startup Cost": 0.43,
                                        "Total Cost": 2.74,
                                        "Plan Rows": 39,
                                        "Plan Width": 4,
                                        "Actual Startup Time": 0.006,
                                        "Actual Total Time": 0.018,
                                        "Actual Rows": 16,
                                        "Actual Loops": 25851,
                                        "Output": [
                                            "mi.movie_id"
                                        ],
                                        "Index Cond": "(mi.movie_id = t.id)",
                                        "Rows Removed by Index Recheck": 0,
                                        "Heap Fetches": 422455,
                                        "Workers": [
                                            {
                                                "Worker Number": 0,
                                                "Actual Startup Time": 0.009,
                                                "Actual Total Time": 0.029,
                                                "Actual Rows": 16,
                                                "Actual Loops": 2697
                                            },
                                            {
                                                "Worker Number": 1,
                                                "Actual Startup Time": 0.006,
                                                "Actual Total Time": 0.019,
                                                "Actual Rows": 16,
                                                "Actual Loops": 4119
                                            },
                                            {
                                                "Worker Number": 2,
                                                "Actual Startup Time": 0.006,
                                                "Actual Total Time": 0.019,
                                                "Actual Rows": 15,
                                                "Actual Loops": 4204
                                            },
                                            {
                                                "Worker Number": 3,
                                                "Actual Startup Time": 0.006,
                                                "Actual Total Time": 0.02,
                                                "Actual Rows": 16,
                                                "Actual Loops": 3903
                                            },
                                            {
                                                "Worker Number": 4,
                                                "Actual Startup Time": 0.006,
                                                "Actual Total Time": 0.021,
                                                "Actual Rows": 19,
                                                "Actual Loops": 3707
                                            }
                                        ]
                                    }
                                ]
                            }
                        ]
                    }
                ]
            }
        ]
    },
    "Planning Time": 1.526,
    "Triggers": [],
    "Execution Time": 423.398
}