[
  {
    "Plan": {
      "Node Type": "Aggregate",
      "Strategy": "Plain",
      "Partial Mode": "Finalize",
      "Parallel Aware": false,
      "Startup Cost": 82958.9,
      "Total Cost": 82958.91,
      "Plan Rows": 1,
      "Plan Width": 8,
      "Actual Startup Time": 334.034,
      "Actual Total Time": 349.158,
      "Actual Rows": 1,
      "Actual Loops": 1,
      "Plans": [
        {
          "Node Type": "Gather",
          "Parent Relationship": "Outer",
          "Parallel Aware": false,
          "Startup Cost": 82958.48,
          "Total Cost": 82958.89,
          "Plan Rows": 4,
          "Plan Width": 8,
          "Actual Startup Time": 331.425,
          "Actual Total Time": 349.148,
          "Actual Rows": 5,
          "Actual Loops": 1,
          "Workers Planned": 4,
          "Workers Launched": 4,
          "Single Copy": false,
          "Plans": [
            {
              "Node Type": "Aggregate",
              "Strategy": "Plain",
              "Partial Mode": "Partial",
              "Parent Relationship": "Outer",
              "Parallel Aware": false,
              "Startup Cost": 81958.48,
              "Total Cost": 81958.49,
              "Plan Rows": 1,
              "Plan Width": 8,
              "Actual Startup Time": 321.635,
              "Actual Total Time": 321.638,
              "Actual Rows": 1,
              "Actual Loops": 5,
              "Plans": [
                {
                  "Node Type": "Hash Join",
                  "Parent Relationship": "Outer",
                  "Parallel Aware": true,
                  "Join Type": "Inner",
                  "Startup Cost": 35152.51,
                  "Total Cost": 81379.14,
                  "Plan Rows": 231736,
                  "Plan Width": 0,
                  "Actual Startup Time": 125.285,
                  "Actual Total Time": 316.116,
                  "Actual Rows": 121556,
                  "Actual Loops": 5,
                  "Inner Unique": false,
                  "Hash Cond": "(t.id = mc.movie_id)",
                  "Plans": [
                    {
                      "Node Type": "Seq Scan",
                      "Parent Relationship": "Outer",
                      "Parallel Aware": true,
                      "Relation Name": "title",
                      "Alias": "t",
                      "Startup Cost": 0.0,
                      "Total Cost": 42318.73,
                      "Plan Rows": 632073,
                      "Plan Width": 4,
                      "Actual Startup Time": 0.01,
                      "Actual Total Time": 64.906,
                      "Actual Rows": 505662,
                      "Actual Loops": 5
                    },
                    {
                      "Node Type": "Hash",
                      "Parent Relationship": "Inner",
                      "Parallel Aware": true,
                      "Startup Cost": 31414.82,
                      "Total Cost": 31414.82,
                      "Plan Rows": 299015,
                      "Plan Width": 4,
                      "Actual Startup Time": 121.329,
                      "Actual Total Time": 121.33,
                      "Actual Rows": 121556,
                      "Actual Loops": 5,
                      "Hash Buckets": 1048576,
                      "Original Hash Buckets": 1048576,
                      "Hash Batches": 1,
                      "Original Hash Batches": 1,
                      "Peak Memory Usage": 32096,
                      "Plans": [
                        {
                          "Node Type": "Seq Scan",
                          "Parent Relationship": "Outer",
                          "Parallel Aware": true,
                          "Relation Name": "movie_companies",
                          "Alias": "mc",
                          "Startup Cost": 0.0,
                          "Total Cost": 31414.82,
                          "Plan Rows": 299015,
                          "Plan Width": 4,
                          "Actual Startup Time": 46.012,
                          "Actual Total Time": 77.207,
                          "Actual Rows": 121556,
                          "Actual Loops": 5,
                          "Filter": "((company_id < 30740) AND (company_type_id > 1))",
                          "Rows Removed by Filter": 400270
                        }
                      ]
                    }
                  ]
                }
              ]
            }
          ]
        }
      ]
    },
    "Planning Time": 0.534,
    "Triggers": [],
    "Execution Time": 349.222
  }
]