[
  {
    "Plan": {
      "Node Type": "Aggregate",
      "Strategy": "Plain",
      "Partial Mode": "Finalize",
      "Parallel Aware": false,
      "Startup Cost": 33199.03,
      "Total Cost": 33199.04,
      "Plan Rows": 1,
      "Plan Width": 8,
      "Actual Startup Time": 105.754,
      "Actual Total Time": 114.797,
      "Actual Rows": 1,
      "Actual Loops": 1,
      "Plans": [
        {
          "Node Type": "Gather",
          "Parent Relationship": "Outer",
          "Parallel Aware": false,
          "Startup Cost": 33198.71,
          "Total Cost": 33199.02,
          "Plan Rows": 3,
          "Plan Width": 8,
          "Actual Startup Time": 105.594,
          "Actual Total Time": 114.787,
          "Actual Rows": 4,
          "Actual Loops": 1,
          "Workers Planned": 3,
          "Workers Launched": 3,
          "Single Copy": false,
          "Plans": [
            {
              "Node Type": "Aggregate",
              "Strategy": "Plain",
              "Partial Mode": "Partial",
              "Parent Relationship": "Outer",
              "Parallel Aware": false,
              "Startup Cost": 32198.71,
              "Total Cost": 32198.72,
              "Plan Rows": 1,
              "Plan Width": 8,
              "Actual Startup Time": 101.444,
              "Actual Total Time": 101.445,
              "Actual Rows": 1,
              "Actual Loops": 4,
              "Plans": [
                {
                  "Node Type": "Seq Scan",
                  "Parent Relationship": "Outer",
                  "Parallel Aware": true,
                  "Relation Name": "movie_companies",
                  "Alias": "mc",
                  "Startup Cost": 0.0,
                  "Total Cost": 31414.82,
                  "Plan Rows": 313557,
                  "Plan Width": 0,
                  "Actual Startup Time": 0.02,
                  "Actual Total Time": 84.502,
                  "Actual Rows": 316431,
                  "Actual Loops": 4,
                  "Filter": "((company_id < 63276) AND (company_type_id = 1))",
                  "Rows Removed by Filter": 335851
                }
              ]
            }
          ]
        }
      ]
    },
    "Planning Time": 0.217,
    "Triggers": [],
    "Execution Time": 114.849
  }
]