[
  {
    "Plan": {
      "Node Type": "Aggregate",
      "Strategy": "Plain",
      "Partial Mode": "Finalize",
      "Parallel Aware": false,
      "Startup Cost": 33211.84,
      "Total Cost": 33211.85,
      "Plan Rows": 1,
      "Plan Width": 8,
      "Actual Startup Time": 114.59,
      "Actual Total Time": 122.422,
      "Actual Rows": 1,
      "Actual Loops": 1,
      "Plans": [
        {
          "Node Type": "Gather",
          "Parent Relationship": "Outer",
          "Parallel Aware": false,
          "Startup Cost": 33211.52,
          "Total Cost": 33211.83,
          "Plan Rows": 3,
          "Plan Width": 8,
          "Actual Startup Time": 114.476,
          "Actual Total Time": 122.413,
          "Actual Rows": 4,
          "Actual Loops": 1,
          "Workers Planned": 3,
          "Workers Launched": 3,
          "Single Copy": false,
          "Plans": [
            {
              "Node Type": "Aggregate",
              "Strategy": "Plain",
              "Partial Mode": "Partial",
              "Parent Relationship": "Outer",
              "Parallel Aware": false,
              "Startup Cost": 32211.52,
              "Total Cost": 32211.53,
              "Plan Rows": 1,
              "Plan Width": 8,
              "Actual Startup Time": 105.731,
              "Actual Total Time": 105.732,
              "Actual Rows": 1,
              "Actual Loops": 4,
              "Plans": [
                {
                  "Node Type": "Seq Scan",
                  "Parent Relationship": "Outer",
                  "Parallel Aware": true,
                  "Relation Name": "movie_companies",
                  "Alias": "mc",
                  "Startup Cost": 0.0,
                  "Total Cost": 31414.82,
                  "Plan Rows": 318681,
                  "Plan Width": 0,
                  "Actual Startup Time": 0.053,
                  "Actual Total Time": 87.089,
                  "Actual Rows": 316431,
                  "Actual Loops": 4,
                  "Filter": "((company_id < 63276) AND (company_type_id = 1))",
                  "Rows Removed by Filter": 335851
                }
              ]
            }
          ]
        }
      ]
    },
    "Planning Time": 0.226,
    "Triggers": [],
    "Execution Time": 122.48
  }
]