[
  {
    "Plan": {
      "Node Type": "Aggregate",
      "Strategy": "Plain",
      "Partial Mode": "Finalize",
      "Parallel Aware": false,
      "Startup Cost": 33032.84,
      "Total Cost": 33032.85,
      "Plan Rows": 1,
      "Plan Width": 8,
      "Actual Startup Time": 49.374,
      "Actual Total Time": 55.562,
      "Actual Rows": 1,
      "Actual Loops": 1,
      "Plans": [
        {
          "Node Type": "Gather",
          "Parent Relationship": "Outer",
          "Parallel Aware": false,
          "Startup Cost": 33032.63,
          "Total Cost": 33032.84,
          "Plan Rows": 2,
          "Plan Width": 8,
          "Actual Startup Time": 49.27,
          "Actual Total Time": 55.556,
          "Actual Rows": 3,
          "Actual Loops": 1,
          "Workers Planned": 2,
          "Workers Launched": 2,
          "Single Copy": false,
          "Plans": [
            {
              "Node Type": "Aggregate",
              "Strategy": "Plain",
              "Partial Mode": "Partial",
              "Parent Relationship": "Outer",
              "Parallel Aware": false,
              "Startup Cost": 32032.63,
              "Total Cost": 32032.64,
              "Plan Rows": 1,
              "Plan Width": 8,
              "Actual Startup Time": 41.238,
              "Actual Total Time": 41.239,
              "Actual Rows": 1,
              "Actual Loops": 3,
              "Plans": [
                {
                  "Node Type": "Nested Loop",
                  "Parent Relationship": "Outer",
                  "Parallel Aware": false,
                  "Join Type": "Inner",
                  "Startup Cost": 131.61,
                  "Total Cost": 32030.23,
                  "Plan Rows": 958,
                  "Plan Width": 0,
                  "Actual Startup Time": 2.911,
                  "Actual Total Time": 41.054,
                  "Actual Rows": 1049,
                  "Actual Loops": 3,
                  "Inner Unique": true,
                  "Plans": [
                    {
                      "Node Type": "Bitmap Heap Scan",
                      "Parent Relationship": "Outer",
                      "Parallel Aware": true,
                      "Relation Name": "movie_keyword",
                      "Alias": "mk",
                      "Startup Cost": 131.18,
                      "Total Cost": 14093.28,
                      "Plan Rows": 2513,
                      "Plan Width": 4,
                      "Actual Startup Time": 2.754,
                      "Actual Total Time": 14.205,
                      "Actual Rows": 2556,
                      "Actual Loops": 3,
                      "Recheck Cond": "(keyword_id = 231)",
                      "Rows Removed by Index Recheck": 0,
                      "Exact Heap Blocks": 4737,
                      "Lossy Heap Blocks": 0,
                      "Plans": [
                        {
                          "Node Type": "Bitmap Index Scan",
                          "Parent Relationship": "Outer",
                          "Parallel Aware": false,
                          "Index Name": "keyword_id_movie_keyword",
                          "Startup Cost": 0.0,
                          "Total Cost": 129.67,
                          "Plan Rows": 6032,
                          "Plan Width": 0,
                          "Actual Startup Time": 4.892,
                          "Actual Total Time": 4.892,
                          "Actual Rows": 7668,
                          "Actual Loops": 1,
                          "Index Cond": "(keyword_id = 231)"
                        }
                      ]
                    },
                    {
                      "Node Type": "Index Scan",
                      "Parent Relationship": "Inner",
                      "Parallel Aware": false,
                      "Scan Direction": "Forward",
                      "Index Name": "title_pkey",
                      "Relation Name": "title",
                      "Alias": "t",
                      "Startup Cost": 0.43,
                      "Total Cost": 7.14,
                      "Plan Rows": 1,
                      "Plan Width": 4,
                      "Actual Startup Time": 0.01,
                      "Actual Total Time": 0.01,
                      "Actual Rows": 0,
                      "Actual Loops": 7668,
                      "Index Cond": "(id = mk.movie_id)",
                      "Rows Removed by Index Recheck": 0,
                      "Filter": "(production_year < 1999)",
                      "Rows Removed by Filter": 1
                    }
                  ]
                }
              ]
            }
          ]
        }
      ]
    },
    "Planning Time": 0.596,
    "Triggers": [],
    "Execution Time": 55.645
  }
]