[
    {
        "Bao": {
            "Bao prediction": "NaN",
            "Bao recommended hint": "(no hint)"
        }
    },
    {
        "Plan": {
            "Node Type": "Aggregate",
            "Strategy": "Plain",
            "Partial Mode": "Simple",
            "Parallel Aware": false,
            "Startup Cost": 26774.07,
            "Total Cost": 26774.08,
            "Plan Rows": 1,
            "Plan Width": 8,
            "Actual Startup Time": 35.39,
            "Actual Total Time": 35.392,
            "Actual Rows": 1,
            "Actual Loops": 1,
            "Output": [
                "count(*)"
            ],
            "Plans": [
                {
                    "Node Type": "Bitmap Heap Scan",
                    "Parent Relationship": "Outer",
                    "Parallel Aware": false,
                    "Relation Name": "movie_keyword",
                    "Schema": "public",
                    "Alias": "mk",
                    "Startup Cost": 1360.31,
                    "Total Cost": 26614.11,
                    "Plan Rows": 63984,
                    "Plan Width": 0,
                    "Actual Startup Time": 7.429,
                    "Actual Total Time": 32.473,
                    "Actual Rows": 59189,
                    "Actual Loops": 1,
                    "Recheck Cond": "(mk.keyword_id > 95510)",
                    "Rows Removed by Index Recheck": 0,
                    "Exact Heap Blocks": 13569,
                    "Lossy Heap Blocks": 0,
                    "Plans": [
                        {
                            "Node Type": "Bitmap Index Scan",
                            "Parent Relationship": "Outer",
                            "Parallel Aware": false,
                            "Index Name": "keyword_id_movie_keyword",
                            "Startup Cost": 0.0,
                            "Total Cost": 1344.31,
                            "Plan Rows": 63984,
                            "Plan Width": 0,
                            "Actual Startup Time": 4.742,
                            "Actual Total Time": 4.742,
                            "Actual Rows": 59189,
                            "Actual Loops": 1,
                            "Index Cond": "(mk.keyword_id > 95510)"
                        }
                    ]
                }
            ]
        },
        "Planning Time": 189.423,
        "Triggers": [],
        "Execution Time": 35.434
    }
]