[
  {
    "Plan": {
      "Node Type": "Aggregate",
      "Strategy": "Plain",
      "Partial Mode": "Finalize",
      "Parallel Aware": false,
      "Startup Cost": 33213.07,
      "Total Cost": 33213.08,
      "Plan Rows": 1,
      "Plan Width": 8,
      "Actual Startup Time": 79.866,
      "Actual Total Time": 85.668,
      "Actual Rows": 1,
      "Actual Loops": 1,
      "Plans": [
        {
          "Node Type": "Gather",
          "Parent Relationship": "Outer",
          "Parallel Aware": false,
          "Startup Cost": 33212.75,
          "Total Cost": 33213.06,
          "Plan Rows": 3,
          "Plan Width": 8,
          "Actual Startup Time": 79.796,
          "Actual Total Time": 85.661,
          "Actual Rows": 4,
          "Actual Loops": 1,
          "Workers Planned": 3,
          "Workers Launched": 3,
          "Single Copy": false,
          "Plans": [
            {
              "Node Type": "Aggregate",
              "Strategy": "Plain",
              "Partial Mode": "Partial",
              "Parent Relationship": "Outer",
              "Parallel Aware": false,
              "Startup Cost": 32212.75,
              "Total Cost": 32212.76,
              "Plan Rows": 1,
              "Plan Width": 8,
              "Actual Startup Time": 76.567,
              "Actual Total Time": 76.568,
              "Actual Rows": 1,
              "Actual Loops": 4,
              "Plans": [
                {
                  "Node Type": "Seq Scan",
                  "Parent Relationship": "Outer",
                  "Parallel Aware": true,
                  "Relation Name": "movie_companies",
                  "Alias": "mc",
                  "Startup Cost": 0.0,
                  "Total Cost": 31414.82,
                  "Plan Rows": 319172,
                  "Plan Width": 0,
                  "Actual Startup Time": 0.348,
                  "Actual Total Time": 66.418,
                  "Actual Rows": 212298,
                  "Actual Loops": 4,
                  "Filter": "((company_id > 666) AND (company_type_id = 1))",
                  "Rows Removed by Filter": 439984
                }
              ]
            }
          ]
        }
      ]
    },
    "Planning Time": 0.214,
    "Triggers": [],
    "Execution Time": 85.722
  }
]