[
  {
    "Plan": {
      "Node Type": "Aggregate",
      "Strategy": "Plain",
      "Partial Mode": "Finalize",
      "Parallel Aware": false,
      "Startup Cost": 33215.74,
      "Total Cost": 33215.75,
      "Plan Rows": 1,
      "Plan Width": 8,
      "Actual Startup Time": 102.306,
      "Actual Total Time": 111.176,
      "Actual Rows": 1,
      "Actual Loops": 1,
      "Plans": [
        {
          "Node Type": "Gather",
          "Parent Relationship": "Outer",
          "Parallel Aware": false,
          "Startup Cost": 33215.42,
          "Total Cost": 33215.73,
          "Plan Rows": 3,
          "Plan Width": 8,
          "Actual Startup Time": 102.198,
          "Actual Total Time": 111.168,
          "Actual Rows": 4,
          "Actual Loops": 1,
          "Workers Planned": 3,
          "Workers Launched": 3,
          "Single Copy": false,
          "Plans": [
            {
              "Node Type": "Aggregate",
              "Strategy": "Plain",
              "Partial Mode": "Partial",
              "Parent Relationship": "Outer",
              "Parallel Aware": false,
              "Startup Cost": 32215.42,
              "Total Cost": 32215.43,
              "Plan Rows": 1,
              "Plan Width": 8,
              "Actual Startup Time": 93.808,
              "Actual Total Time": 93.809,
              "Actual Rows": 1,
              "Actual Loops": 4,
              "Plans": [
                {
                  "Node Type": "Seq Scan",
                  "Parent Relationship": "Outer",
                  "Parallel Aware": true,
                  "Relation Name": "movie_companies",
                  "Alias": "mc",
                  "Startup Cost": 0.0,
                  "Total Cost": 31414.82,
                  "Plan Rows": 320241,
                  "Plan Width": 0,
                  "Actual Startup Time": 0.354,
                  "Actual Total Time": 82.417,
                  "Actual Rows": 212298,
                  "Actual Loops": 4,
                  "Filter": "((company_id > 666) AND (company_type_id = 1))",
                  "Rows Removed by Filter": 439984
                }
              ]
            }
          ]
        }
      ]
    },
    "Planning Time": 0.199,
    "Triggers": [],
    "Execution Time": 111.227
  }
]