[
  {
    "Plan": {
      "Node Type": "Aggregate",
      "Strategy": "Plain",
      "Partial Mode": "Finalize",
      "Parallel Aware": false,
      "Startup Cost": 46973.58,
      "Total Cost": 46973.59,
      "Plan Rows": 1,
      "Plan Width": 8,
      "Actual Startup Time": 169.548,
      "Actual Total Time": 176.767,
      "Actual Rows": 1,
      "Actual Loops": 1,
      "Plans": [
        {
          "Node Type": "Gather",
          "Parent Relationship": "Outer",
          "Parallel Aware": false,
          "Startup Cost": 46973.27,
          "Total Cost": 46973.58,
          "Plan Rows": 3,
          "Plan Width": 8,
          "Actual Startup Time": 169.415,
          "Actual Total Time": 176.756,
          "Actual Rows": 4,
          "Actual Loops": 1,
          "Workers Planned": 3,
          "Workers Launched": 3,
          "Single Copy": false,
          "Plans": [
            {
              "Node Type": "Aggregate",
              "Strategy": "Plain",
              "Partial Mode": "Partial",
              "Parent Relationship": "Outer",
              "Parallel Aware": false,
              "Startup Cost": 45973.27,
              "Total Cost": 45973.28,
              "Plan Rows": 1,
              "Plan Width": 8,
              "Actual Startup Time": 162.534,
              "Actual Total Time": 162.535,
              "Actual Rows": 1,
              "Actual Loops": 4,
              "Plans": [
                {
                  "Node Type": "Seq Scan",
                  "Parent Relationship": "Outer",
                  "Parallel Aware": true,
                  "Relation Name": "movie_keyword",
                  "Alias": "mk",
                  "Startup Cost": 0.0,
                  "Total Cost": 42695.65,
                  "Plan Rows": 1311045,
                  "Plan Width": 0,
                  "Actual Startup Time": 0.048,
                  "Actual Total Time": 116.99,
                  "Actual Rows": 1017253,
                  "Actual Loops": 4,
                  "Filter": "(keyword_id < 38940)",
                  "Rows Removed by Filter": 113730
                }
              ]
            }
          ]
        }
      ]
    },
    "Planning Time": 0.18,
    "Triggers": [],
    "Execution Time": 176.821
  }
]