[
  {
    "Plan": {
      "Node Type": "Aggregate",
      "Strategy": "Plain",
      "Partial Mode": "Finalize",
      "Parallel Aware": false,
      "Startup Cost": 308112.45,
      "Total Cost": 308112.46,
      "Plan Rows": 1,
      "Plan Width": 8,
      "Actual Startup Time": 1591.809,
      "Actual Total Time": 1656.865,
      "Actual Rows": 1,
      "Actual Loops": 1,
      "Plans": [
        {
          "Node Type": "Gather",
          "Parent Relationship": "Outer",
          "Parallel Aware": false,
          "Startup Cost": 308112.13,
          "Total Cost": 308112.44,
          "Plan Rows": 3,
          "Plan Width": 8,
          "Actual Startup Time": 1581.751,
          "Actual Total Time": 1656.848,
          "Actual Rows": 4,
          "Actual Loops": 1,
          "Workers Planned": 3,
          "Workers Launched": 3,
          "Single Copy": false,
          "Plans": [
            {
              "Node Type": "Aggregate",
              "Strategy": "Plain",
              "Partial Mode": "Partial",
              "Parent Relationship": "Outer",
              "Parallel Aware": false,
              "Startup Cost": 307112.13,
              "Total Cost": 307112.14,
              "Plan Rows": 1,
              "Plan Width": 8,
              "Actual Startup Time": 1569.101,
              "Actual Total Time": 1569.546,
              "Actual Rows": 1,
              "Actual Loops": 4,
              "Plans": [
                {
                  "Node Type": "Hash Join",
                  "Parent Relationship": "Outer",
                  "Parallel Aware": true,
                  "Join Type": "Inner",
                  "Startup Cost": 255092.63,
                  "Total Cost": 304878.04,
                  "Plan Rows": 893634,
                  "Plan Width": 0,
                  "Actual Startup Time": 1127.476,
                  "Actual Total Time": 1502.972,
                  "Actual Rows": 1239473,
                  "Actual Loops": 4,
                  "Inner Unique": false,
                  "Hash Cond": "(mk.movie_id = t.id)",
                  "Plans": [
                    {
                      "Node Type": "Seq Scan",
                      "Parent Relationship": "Outer",
                      "Parallel Aware": true,
                      "Relation Name": "movie_keyword",
                      "Alias": "mk",
                      "Startup Cost": 0.0,
                      "Total Cost": 42695.65,
                      "Plan Rows": 1413998,
                      "Plan Width": 4,
                      "Actual Startup Time": 0.035,
                      "Actual Total Time": 146.144,
                      "Actual Rows": 1096632,
                      "Actual Loops": 4,
                      "Filter": "(keyword_id < 75340)",
                      "Rows Removed by Filter": 34350
                    },
                    {
                      "Node Type": "Hash",
                      "Parent Relationship": "Inner",
                      "Parallel Aware": true,
                      "Startup Cost": 251097.98,
                      "Total Cost": 251097.98,
                      "Plan Rows": 319572,
                      "Plan Width": 8,
                      "Actual Startup Time": 1119.626,
                      "Actual Total Time": 1120.068,
                      "Actual Rows": 170892,
                      "Actual Loops": 4,
                      "Hash Buckets": 2097152,
                      "Original Hash Buckets": 2097152,
                      "Hash Batches": 1,
                      "Original Hash Batches": 1,
                      "Peak Memory Usage": 43168,
                      "Plans": [
                        {
                          "Node Type": "Hash Join",
                          "Parent Relationship": "Outer",
                          "Parallel Aware": true,
                          "Join Type": "Inner",
                          "Startup Cost": 50929.86,
                          "Total Cost": 251097.98,
                          "Plan Rows": 319572,
                          "Plan Width": 8,
                          "Actual Startup Time": 370.373,
                          "Actual Total Time": 1037.697,
                          "Actual Rows": 170892,
                          "Actual Loops": 4,
                          "Inner Unique": true,
                          "Hash Cond": "(mi.movie_id = t.id)",
                          "Plans": [
                            {
                              "Node Type": "Seq Scan",
                              "Parent Relationship": "Outer",
                              "Parallel Aware": true,
                              "Relation Name": "movie_info",
                              "Alias": "mi",
                              "Startup Cost": 0.0,
                              "Total Cost": 198952.16,
                              "Plan Rows": 463221,
                              "Plan Width": 4,
                              "Actual Startup Time": 33.018,
                              "Actual Total Time": 517.164,
                              "Actual Rows": 558462,
                              "Actual Loops": 4,
                              "Filter": "(info_type_id > 16)",
                              "Rows Removed by Filter": 3150468
                            },
                            {
                              "Node Type": "Hash",
                              "Parent Relationship": "Inner",
                              "Parallel Aware": true,
                              "Startup Cost": 45479.1,
                              "Total Cost": 45479.1,
                              "Plan Rows": 436061,
                              "Plan Width": 4,
                              "Actual Startup Time": 332.824,
                              "Actual Total Time": 332.826,
                              "Actual Rows": 449976,
                              "Actual Loops": 4,
                              "Hash Buckets": 2097152,
                              "Original Hash Buckets": 2097152,
                              "Hash Batches": 1,
                              "Original Hash Batches": 1,
                              "Peak Memory Usage": 86848,
                              "Plans": [
                                {
                                  "Node Type": "Seq Scan",
                                  "Parent Relationship": "Outer",
                                  "Parallel Aware": true,
                                  "Relation Name": "title",
                                  "Alias": "t",
                                  "Startup Cost": 0.0,
                                  "Total Cost": 45479.1,
                                  "Plan Rows": 436061,
                                  "Plan Width": 4,
                                  "Actual Startup Time": 0.055,
                                  "Actual Total Time": 144.522,
                                  "Actual Rows": 449976,
                                  "Actual Loops": 4,
                                  "Filter": "((kind_id > 1) AND (production_year > 1922))",
                                  "Rows Removed by Filter": 182102
                                }
                              ]
                            }
                          ]
                        }
                      ]
                    }
                  ]
                }
              ]
            }
          ]
        }
      ]
    },
    "Planning Time": 1.451,
    "Triggers": [],
    "Execution Time": 1656.967
  }
]