[
  {
    "Plan": {
      "Node Type": "Aggregate",
      "Strategy": "Plain",
      "Partial Mode": "Finalize",
      "Parallel Aware": false,
      "Startup Cost": 307436.12,
      "Total Cost": 307436.13,
      "Plan Rows": 1,
      "Plan Width": 8,
      "Actual Startup Time": 187.427,
      "Actual Total Time": 195.227,
      "Actual Rows": 1,
      "Actual Loops": 1,
      "Plans": [
        {
          "Node Type": "Gather",
          "Parent Relationship": "Outer",
          "Parallel Aware": false,
          "Startup Cost": 307435.5,
          "Total Cost": 307436.11,
          "Plan Rows": 6,
          "Plan Width": 8,
          "Actual Startup Time": 186.818,
          "Actual Total Time": 195.218,
          "Actual Rows": 7,
          "Actual Loops": 1,
          "Workers Planned": 6,
          "Workers Launched": 6,
          "Single Copy": false,
          "Plans": [
            {
              "Node Type": "Aggregate",
              "Strategy": "Plain",
              "Partial Mode": "Partial",
              "Parent Relationship": "Outer",
              "Parallel Aware": false,
              "Startup Cost": 306435.5,
              "Total Cost": 306435.51,
              "Plan Rows": 1,
              "Plan Width": 8,
              "Actual Startup Time": 176.567,
              "Actual Total Time": 176.568,
              "Actual Rows": 1,
              "Actual Loops": 7,
              "Plans": [
                {
                  "Node Type": "Bitmap Heap Scan",
                  "Parent Relationship": "Outer",
                  "Parallel Aware": true,
                  "Relation Name": "cast_info",
                  "Alias": "ci",
                  "Startup Cost": 47731.9,
                  "Total Cost": 305842.81,
                  "Plan Rows": 237073,
                  "Plan Width": 0,
                  "Actual Startup Time": 143.57,
                  "Actual Total Time": 172.788,
                  "Actual Rows": 88192,
                  "Actual Loops": 7,
                  "Recheck Cond": "(person_id < 211974)",
                  "Rows Removed by Index Recheck": 0,
                  "Filter": "(role_id > 1)",
                  "Rows Removed by Filter": 220420,
                  "Exact Heap Blocks": 5623,
                  "Lossy Heap Blocks": 0,
                  "Plans": [
                    {
                      "Node Type": "Bitmap Index Scan",
                      "Parent Relationship": "Outer",
                      "Parallel Aware": false,
                      "Index Name": "person_id_cast_info",
                      "Startup Cost": 0.0,
                      "Total Cost": 47376.29,
                      "Plan Rows": 2169564,
                      "Plan Width": 0,
                      "Actual Startup Time": 95.739,
                      "Actual Total Time": 95.74,
                      "Actual Rows": 2160284,
                      "Actual Loops": 1,
                      "Index Cond": "(person_id < 211974)"
                    }
                  ]
                }
              ]
            }
          ]
        }
      ]
    },
    "Planning Time": 0.236,
    "Triggers": [],
    "Execution Time": 195.307
  }
]