[
  {
    "Plan": {
      "Node Type": "Aggregate",
      "Strategy": "Plain",
      "Partial Mode": "Finalize",
      "Parallel Aware": false,
      "Startup Cost": 377684.07,
      "Total Cost": 377684.08,
      "Plan Rows": 1,
      "Plan Width": 8,
      "Actual Startup Time": 1373.206,
      "Actual Total Time": 1434.427,
      "Actual Rows": 1,
      "Actual Loops": 1,
      "Plans": [
        {
          "Node Type": "Gather",
          "Parent Relationship": "Outer",
          "Parallel Aware": false,
          "Startup Cost": 377683.45,
          "Total Cost": 377684.06,
          "Plan Rows": 6,
          "Plan Width": 8,
          "Actual Startup Time": 1371.749,
          "Actual Total Time": 1434.416,
          "Actual Rows": 7,
          "Actual Loops": 1,
          "Workers Planned": 6,
          "Workers Launched": 6,
          "Single Copy": false,
          "Plans": [
            {
              "Node Type": "Aggregate",
              "Strategy": "Plain",
              "Partial Mode": "Partial",
              "Parent Relationship": "Outer",
              "Parallel Aware": false,
              "Startup Cost": 376683.45,
              "Total Cost": 376683.46,
              "Plan Rows": 1,
              "Plan Width": 8,
              "Actual Startup Time": 1362.919,
              "Actual Total Time": 1362.922,
              "Actual Rows": 1,
              "Actual Loops": 7,
              "Plans": [
                {
                  "Node Type": "Hash Join",
                  "Parent Relationship": "Outer",
                  "Parallel Aware": true,
                  "Join Type": "Inner",
                  "Startup Cost": 46265.05,
                  "Total Cost": 375181.85,
                  "Plan Rows": 600640,
                  "Plan Width": 0,
                  "Actual Startup Time": 84.051,
                  "Actual Total Time": 1353.268,
                  "Actual Rows": 186899,
                  "Actual Loops": 7,
                  "Inner Unique": true,
                  "Hash Cond": "(ci.movie_id = t.id)",
                  "Plans": [
                    {
                      "Node Type": "Seq Scan",
                      "Parent Relationship": "Outer",
                      "Parallel Aware": true,
                      "Relation Name": "cast_info",
                      "Alias": "ci",
                      "Startup Cost": 0.0,
                      "Total Cost": 313067.02,
                      "Plan Rows": 6038002,
                      "Plan Width": 4,
                      "Actual Startup Time": 0.025,
                      "Actual Total Time": 564.319,
                      "Actual Rows": 5177763,
                      "Actual Loops": 7
                    },
                    {
                      "Node Type": "Hash",
                      "Parent Relationship": "Inner",
                      "Parallel Aware": true,
                      "Startup Cost": 45479.1,
                      "Total Cost": 45479.1,
                      "Plan Rows": 62876,
                      "Plan Width": 4,
                      "Actual Startup Time": 82.127,
                      "Actual Total Time": 82.128,
                      "Actual Rows": 18561,
                      "Actual Loops": 7,
                      "Hash Buckets": 262144,
                      "Original Hash Buckets": 262144,
                      "Hash Batches": 1,
                      "Original Hash Batches": 1,
                      "Peak Memory Usage": 7232,
                      "Plans": [
                        {
                          "Node Type": "Seq Scan",
                          "Parent Relationship": "Outer",
                          "Parallel Aware": true,
                          "Relation Name": "title",
                          "Alias": "t",
                          "Startup Cost": 0.0,
                          "Total Cost": 45479.1,
                          "Plan Rows": 62876,
                          "Plan Width": 4,
                          "Actual Startup Time": 0.038,
                          "Actual Total Time": 72.729,
                          "Actual Rows": 18561,
                          "Actual Loops": 7,
                          "Filter": "((kind_id > 1) AND (production_year < 1969))",
                          "Rows Removed by Filter": 342626
                        }
                      ]
                    }
                  ]
                }
              ]
            }
          ]
        }
      ]
    },
    "Planning Time": 0.584,
    "Triggers": [],
    "Execution Time": 1434.513
  }
]