[
  {
    "Plan": {
      "Node Type": "Aggregate",
      "Strategy": "Plain",
      "Partial Mode": "Finalize",
      "Parallel Aware": false,
      "Startup Cost": 46596.52,
      "Total Cost": 46596.53,
      "Plan Rows": 1,
      "Plan Width": 8,
      "Actual Startup Time": 93.04,
      "Actual Total Time": 103.93,
      "Actual Rows": 1,
      "Actual Loops": 1,
      "Plans": [
        {
          "Node Type": "Gather",
          "Parent Relationship": "Outer",
          "Parallel Aware": false,
          "Startup Cost": 46596.1,
          "Total Cost": 46596.51,
          "Plan Rows": 4,
          "Plan Width": 8,
          "Actual Startup Time": 92.871,
          "Actual Total Time": 103.919,
          "Actual Rows": 5,
          "Actual Loops": 1,
          "Workers Planned": 4,
          "Workers Launched": 4,
          "Single Copy": false,
          "Plans": [
            {
              "Node Type": "Aggregate",
              "Strategy": "Plain",
              "Partial Mode": "Partial",
              "Parent Relationship": "Outer",
              "Parallel Aware": false,
              "Startup Cost": 45596.1,
              "Total Cost": 45596.11,
              "Plan Rows": 1,
              "Plan Width": 8,
              "Actual Startup Time": 87.421,
              "Actual Total Time": 87.423,
              "Actual Rows": 1,
              "Actual Loops": 5,
              "Plans": [
                {
                  "Node Type": "Seq Scan",
                  "Parent Relationship": "Outer",
                  "Parallel Aware": true,
                  "Relation Name": "title",
                  "Alias": "t",
                  "Startup Cost": 0.0,
                  "Total Cost": 45479.59,
                  "Plan Rows": 46606,
                  "Plan Width": 0,
                  "Actual Startup Time": 0.08,
                  "Actual Total Time": 84.378,
                  "Actual Rows": 60129,
                  "Actual Loops": 5,
                  "Filter": "((kind_id < 7) AND (production_year < 1979))",
                  "Rows Removed by Filter": 445533
                }
              ]
            }
          ]
        }
      ]
    },
    "Planning Time": 0.162,
    "Triggers": [],
    "Execution Time": 103.986
  }
]