[
  {
    "Plan": {
      "Node Type": "Aggregate",
      "Strategy": "Plain",
      "Partial Mode": "Finalize",
      "Parallel Aware": false,
      "Startup Cost": 251649.12,
      "Total Cost": 251649.13,
      "Plan Rows": 1,
      "Plan Width": 8,
      "Actual Startup Time": 1173.72,
      "Actual Total Time": 1203.49,
      "Actual Rows": 1,
      "Actual Loops": 1,
      "Plans": [
        {
          "Node Type": "Gather",
          "Parent Relationship": "Outer",
          "Parallel Aware": false,
          "Startup Cost": 251648.91,
          "Total Cost": 251649.12,
          "Plan Rows": 2,
          "Plan Width": 8,
          "Actual Startup Time": 1155.251,
          "Actual Total Time": 1203.478,
          "Actual Rows": 3,
          "Actual Loops": 1,
          "Workers Planned": 2,
          "Workers Launched": 2,
          "Single Copy": false,
          "Plans": [
            {
              "Node Type": "Aggregate",
              "Strategy": "Plain",
              "Partial Mode": "Partial",
              "Parent Relationship": "Outer",
              "Parallel Aware": false,
              "Startup Cost": 250648.91,
              "Total Cost": 250648.92,
              "Plan Rows": 1,
              "Plan Width": 8,
              "Actual Startup Time": 1147.308,
              "Actual Total Time": 1147.6,
              "Actual Rows": 1,
              "Actual Loops": 3,
              "Plans": [
                {
                  "Node Type": "Hash Join",
                  "Parent Relationship": "Outer",
                  "Parallel Aware": true,
                  "Join Type": "Inner",
                  "Startup Cost": 233868.29,
                  "Total Cost": 250127.15,
                  "Plan Rows": 208704,
                  "Plan Width": 0,
                  "Actual Startup Time": 917.342,
                  "Actual Total Time": 1112.508,
                  "Actual Rows": 646568,
                  "Actual Loops": 3,
                  "Inner Unique": false,
                  "Hash Cond": "(mi_idx.movie_id = t.id)",
                  "Plans": [
                    {
                      "Node Type": "Seq Scan",
                      "Parent Relationship": "Outer",
                      "Parallel Aware": true,
                      "Relation Name": "movie_info_idx",
                      "Alias": "mi_idx",
                      "Startup Cost": 0.0,
                      "Total Cost": 13685.15,
                      "Plan Rows": 575015,
                      "Plan Width": 4,
                      "Actual Startup Time": 0.02,
                      "Actual Total Time": 49.362,
                      "Actual Rows": 460012,
                      "Actual Loops": 3
                    },
                    {
                      "Node Type": "Hash",
                      "Parent Relationship": "Inner",
                      "Parallel Aware": true,
                      "Startup Cost": 231574.04,
                      "Total Cost": 231574.04,
                      "Plan Rows": 183540,
                      "Plan Width": 8,
                      "Actual Startup Time": 910.36,
                      "Actual Total Time": 910.649,
                      "Actual Rows": 300113,
                      "Actual Loops": 3,
                      "Hash Buckets": 1048576,
                      "Original Hash Buckets": 1048576,
                      "Hash Batches": 1,
                      "Original Hash Batches": 1,
                      "Peak Memory Usage": 43456,
                      "Plans": [
                        {
                          "Node Type": "Hash Join",
                          "Parent Relationship": "Outer",
                          "Parallel Aware": true,
                          "Join Type": "Inner",
                          "Startup Cost": 66804.99,
                          "Total Cost": 231574.04,
                          "Plan Rows": 183540,
                          "Plan Width": 8,
                          "Actual Startup Time": 565.932,
                          "Actual Total Time": 801.346,
                          "Actual Rows": 300113,
                          "Actual Loops": 3,
                          "Inner Unique": true,
                          "Hash Cond": "(mi.movie_id = t.id)",
                          "Plans": [
                            {
                              "Node Type": "Bitmap Heap Scan",
                              "Parent Relationship": "Outer",
                              "Parallel Aware": true,
                              "Relation Name": "movie_info",
                              "Alias": "mi",
                              "Startup Cost": 16584.61,
                              "Total Cost": 180871.86,
                              "Plan Rows": 183540,
                              "Plan Width": 4,
                              "Actual Startup Time": 36.903,
                              "Actual Total Time": 128.905,
                              "Actual Rows": 300113,
                              "Actual Loops": 3,
                              "Recheck Cond": "(info_type_id > 94)",
                              "Rows Removed by Index Recheck": 0,
                              "Exact Heap Blocks": 14307,
                              "Lossy Heap Blocks": 0,
                              "Plans": [
                                {
                                  "Node Type": "Bitmap Index Scan",
                                  "Parent Relationship": "Outer",
                                  "Parallel Aware": false,
                                  "Index Name": "info_type_id_movie_info",
                                  "Startup Cost": 0.0,
                                  "Total Cost": 16355.18,
                                  "Plan Rows": 917700,
                                  "Plan Width": 0,
                                  "Actual Startup Time": 31.576,
                                  "Actual Total Time": 31.577,
                                  "Actual Rows": 900340,
                                  "Actual Loops": 1,
                                  "Index Cond": "(info_type_id > 94)"
                                }
                              ]
                            },
                            {
                              "Node Type": "Hash",
                              "Parent Relationship": "Inner",
                              "Parallel Aware": true,
                              "Startup Cost": 42319.06,
                              "Total Cost": 42319.06,
                              "Plan Rows": 632106,
                              "Plan Width": 4,
                              "Actual Startup Time": 516.133,
                              "Actual Total Time": 516.134,
                              "Actual Rows": 842771,
                              "Actual Loops": 3,
                              "Hash Buckets": 4194304,
                              "Original Hash Buckets": 4194304,
                              "Hash Batches": 1,
                              "Original Hash Batches": 1,
                              "Peak Memory Usage": 131744,
                              "Plans": [
                                {
                                  "Node Type": "Seq Scan",
                                  "Parent Relationship": "Outer",
                                  "Parallel Aware": true,
                                  "Relation Name": "title",
                                  "Alias": "t",
                                  "Startup Cost": 0.0,
                                  "Total Cost": 42319.06,
                                  "Plan Rows": 632106,
                                  "Plan Width": 4,
                                  "Actual Startup Time": 0.058,
                                  "Actual Total Time": 152.701,
                                  "Actual Rows": 842771,
                                  "Actual Loops": 3
                                }
                              ]
                            }
                          ]
                        }
                      ]
                    }
                  ]
                }
              ]
            }
          ]
        }
      ]
    },
    "Planning Time": 1.37,
    "Triggers": [],
    "Execution Time": 1203.603
  }
]