{
  "Plan": {
    "Node Type": "Aggregate",
    "Strategy": "Plain",
    "Partial Mode": "Finalize",
    "Parallel Aware": false,
    "Startup Cost": 120309.95,
    "Total Cost": 120309.96,
    "Plan Rows": 1,
    "Plan Width": 8,
    "Actual Startup Time": 844.35,
    "Actual Total Time": 864.664,
    "Actual Rows": 1,
    "Actual Loops": 1,
    "Plans": [
      {
        "Node Type": "Gather",
        "Parent Relationship": "Outer",
        "Parallel Aware": false,
        "Startup Cost": 120309.84,
        "Total Cost": 120309.95,
        "Plan Rows": 1,
        "Plan Width": 8,
        "Actual Startup Time": 840.967,
        "Actual Total Time": 864.654,
        "Actual Rows": 2,
        "Actual Loops": 1,
        "Workers Planned": 1,
        "Workers Launched": 1,
        "Single Copy": false,
        "Plans": [
          {
            "Node Type": "Aggregate",
            "Strategy": "Plain",
            "Partial Mode": "Partial",
            "Parent Relationship": "Outer",
            "Parallel Aware": false,
            "Startup Cost": 119309.84,
            "Total Cost": 119309.85,
            "Plan Rows": 1,
            "Plan Width": 8,
            "Actual Startup Time": 828.419,
            "Actual Total Time": 828.426,
            "Actual Rows": 1,
            "Actual Loops": 2,
            "Plans": [
              {
                "Node Type": "Hash Join",
                "Parent Relationship": "Outer",
                "Parallel Aware": true,
                "Join Type": "Inner",
                "Startup Cost": 87579.66,
                "Total Cost": 118304.05,
                "Plan Rows": 402316,
                "Plan Width": 0,
                "Actual Startup Time": 636.328,
                "Actual Total Time": 814.122,
                "Actual Rows": 345254,
                "Actual Loops": 2,
                "Inner Unique": true,
                "Hash Cond": "(mk.movie_id = t.id)",
                "Plans": [
                  {
                    "Node Type": "Bitmap Heap Scan",
                    "Parent Relationship": "Outer",
                    "Parallel Aware": true,
                    "Relation Name": "movie_keyword",
                    "Alias": "mk",
                    "Startup Cost": 14950.41,
                    "Total Cost": 44586.55,
                    "Plan Rows": 414571,
                    "Plan Width": 4,
                    "Actual Startup Time": 40.569,
                    "Actual Total Time": 129.325,
                    "Actual Rows": 347516,
                    "Actual Loops": 2,
                    "Recheck Cond": "(keyword_id > 27122)",
                    "Rows Removed by Index Recheck": 0,
                    "Exact Heap Blocks": 12993,
                    "Lossy Heap Blocks": 0,
                    "Plans": [
                      {
                        "Node Type": "Bitmap Index Scan",
                        "Parent Relationship": "Outer",
                        "Parallel Aware": false,
                        "Index Name": "keyword_id_movie_keyword",
                        "Startup Cost": 0.0,
                        "Total Cost": 14774.22,
                        "Plan Rows": 704771,
                        "Plan Width": 0,
                        "Actual Startup Time": 37.043,
                        "Actual Total Time": 37.044,
                        "Actual Rows": 695031,
                        "Actual Loops": 1,
                        "Index Cond": "(keyword_id > 27122)"
                      }
                    ]
                  },
                  {
                    "Node Type": "Hash",
                    "Parent Relationship": "Inner",
                    "Parallel Aware": true,
                    "Startup Cost": 54588.39,
                    "Total Cost": 54588.39,
                    "Plan Rows": 1443269,
                    "Plan Width": 4,
                    "Actual Startup Time": 574.25,
                    "Actual Total Time": 574.251,
                    "Actual Rows": 1226352,
                    "Actual Loops": 2,
                    "Hash Buckets": 4194304,
                    "Original Hash Buckets": 4194304,
                    "Hash Batches": 1,
                    "Original Hash Batches": 1,
                    "Peak Memory Usage": 128736,
                    "Plans": [
                      {
                        "Node Type": "Seq Scan",
                        "Parent Relationship": "Outer",
                        "Parallel Aware": true,
                        "Relation Name": "title",
                        "Alias": "t",
                        "Startup Cost": 0.0,
                        "Total Cost": 54588.39,
                        "Plan Rows": 1443269,
                        "Plan Width": 4,
                        "Actual Startup Time": 0.042,
                        "Actual Total Time": 188.415,
                        "Actual Rows": 1226352,
                        "Actual Loops": 2,
                        "Filter": "(production_year < 2014)",
                        "Rows Removed by Filter": 37804
                      }
                    ]
                  }
                ]
              }
            ]
          }
        ]
      }
    ]
  },
  "Planning Time": 0.438,
  "Triggers": [],
  "Execution Time": 864.755
}