[
  {
    "Plan": {
      "Node Type": "Aggregate",
      "Strategy": "Plain",
      "Partial Mode": "Finalize",
      "Parallel Aware": false,
      "Startup Cost": 45507.76,
      "Total Cost": 45507.77,
      "Plan Rows": 1,
      "Plan Width": 8,
      "Actual Startup Time": 202.408,
      "Actual Total Time": 215.921,
      "Actual Rows": 1,
      "Actual Loops": 1,
      "Plans": [
        {
          "Node Type": "Gather",
          "Parent Relationship": "Outer",
          "Parallel Aware": false,
          "Startup Cost": 45507.44,
          "Total Cost": 45507.75,
          "Plan Rows": 3,
          "Plan Width": 8,
          "Actual Startup Time": 202.219,
          "Actual Total Time": 215.901,
          "Actual Rows": 4,
          "Actual Loops": 1,
          "Workers Planned": 3,
          "Workers Launched": 3,
          "Single Copy": false,
          "Plans": [
            {
              "Node Type": "Aggregate",
              "Strategy": "Plain",
              "Partial Mode": "Partial",
              "Parent Relationship": "Outer",
              "Parallel Aware": false,
              "Startup Cost": 44507.44,
              "Total Cost": 44507.45,
              "Plan Rows": 1,
              "Plan Width": 8,
              "Actual Startup Time": 196.43,
              "Actual Total Time": 196.432,
              "Actual Rows": 1,
              "Actual Loops": 4,
              "Plans": [
                {
                  "Node Type": "Seq Scan",
                  "Parent Relationship": "Outer",
                  "Parallel Aware": true,
                  "Relation Name": "movie_keyword",
                  "Alias": "mk",
                  "Startup Cost": 0.0,
                  "Total Cost": 42695.65,
                  "Plan Rows": 724714,
                  "Plan Width": 0,
                  "Actual Startup Time": 0.034,
                  "Actual Total Time": 159.838,
                  "Actual Rows": 566583,
                  "Actual Loops": 4,
                  "Filter": "(keyword_id < 4729)",
                  "Rows Removed by Filter": 564400
                }
              ]
            }
          ]
        }
      ]
    },
    "Planning Time": 0.135,
    "Triggers": [],
    "Execution Time": 215.969
  }
]