[
  {
    "Plan": {
      "Node Type": "Aggregate",
      "Strategy": "Plain",
      "Partial Mode": "Finalize",
      "Parallel Aware": false,
      "Startup Cost": 401770.53,
      "Total Cost": 401770.54,
      "Plan Rows": 1,
      "Plan Width": 8,
      "Actual Startup Time": 2299.438,
      "Actual Total Time": 2409.877,
      "Actual Rows": 1,
      "Actual Loops": 1,
      "Plans": [
        {
          "Node Type": "Gather",
          "Parent Relationship": "Outer",
          "Parallel Aware": false,
          "Startup Cost": 401770.01,
          "Total Cost": 401770.52,
          "Plan Rows": 5,
          "Plan Width": 8,
          "Actual Startup Time": 2298.788,
          "Actual Total Time": 2409.864,
          "Actual Rows": 6,
          "Actual Loops": 1,
          "Workers Planned": 5,
          "Workers Launched": 5,
          "Single Copy": false,
          "Plans": [
            {
              "Node Type": "Aggregate",
              "Strategy": "Plain",
              "Partial Mode": "Partial",
              "Parent Relationship": "Outer",
              "Parallel Aware": false,
              "Startup Cost": 400770.01,
              "Total Cost": 400770.02,
              "Plan Rows": 1,
              "Plan Width": 8,
              "Actual Startup Time": 2287.946,
              "Actual Total Time": 2287.95,
              "Actual Rows": 1,
              "Actual Loops": 6,
              "Plans": [
                {
                  "Node Type": "Nested Loop",
                  "Parent Relationship": "Outer",
                  "Parallel Aware": false,
                  "Join Type": "Inner",
                  "Startup Cost": 45737.46,
                  "Total Cost": 399303.38,
                  "Plan Rows": 586651,
                  "Plan Width": 0,
                  "Actual Startup Time": 98.936,
                  "Actual Total Time": 2249.734,
                  "Actual Rows": 624653,
                  "Actual Loops": 6,
                  "Inner Unique": false,
                  "Join Filter": "(t.id = ci.movie_id)",
                  "Rows Removed by Join Filter": 0,
                  "Plans": [
                    {
                      "Node Type": "Hash Join",
                      "Parent Relationship": "Outer",
                      "Parallel Aware": true,
                      "Join Type": "Inner",
                      "Startup Cost": 45736.9,
                      "Total Cost": 251970.06,
                      "Plan Rows": 90505,
                      "Plan Width": 8,
                      "Actual Startup Time": 98.688,
                      "Actual Total Time": 807.479,
                      "Actual Rows": 50821,
                      "Actual Loops": 6,
                      "Inner Unique": true,
                      "Hash Cond": "(mi.movie_id = t.id)",
                      "Plans": [
                        {
                          "Node Type": "Seq Scan",
                          "Parent Relationship": "Outer",
                          "Parallel Aware": true,
                          "Relation Name": "movie_info",
                          "Alias": "mi",
                          "Startup Cost": 0.0,
                          "Total Cost": 198952.16,
                          "Plan Rows": 2773711,
                          "Plan Width": 4,
                          "Actual Startup Time": 0.036,
                          "Actual Total Time": 385.075,
                          "Actual Rows": 2327249,
                          "Actual Loops": 6,
                          "Filter": "(info_type_id < 98)",
                          "Rows Removed by Filter": 145371
                        },
                        {
                          "Node Type": "Hash",
                          "Parent Relationship": "Inner",
                          "Parallel Aware": true,
                          "Startup Cost": 45479.1,
                          "Total Cost": 45479.1,
                          "Plan Rows": 20624,
                          "Plan Width": 4,
                          "Actual Startup Time": 96.418,
                          "Actual Total Time": 96.419,
                          "Actual Rows": 15385,
                          "Actual Loops": 6,
                          "Hash Buckets": 131072,
                          "Original Hash Buckets": 131072,
                          "Hash Batches": 1,
                          "Original Hash Batches": 1,
                          "Peak Memory Usage": 4736,
                          "Plans": [
                            {
                              "Node Type": "Seq Scan",
                              "Parent Relationship": "Outer",
                              "Parallel Aware": true,
                              "Relation Name": "title",
                              "Alias": "t",
                              "Startup Cost": 0.0,
                              "Total Cost": 45479.1,
                              "Plan Rows": 20624,
                              "Plan Width": 4,
                              "Actual Startup Time": 0.043,
                              "Actual Total Time": 88.33,
                              "Actual Rows": 15385,
                              "Actual Loops": 6,
                              "Filter": "((kind_id > 1) AND (production_year = 2006))",
                              "Rows Removed by Filter": 406000
                            }
                          ]
                        }
                      ]
                    },
                    {
                      "Node Type": "Index Scan",
                      "Parent Relationship": "Inner",
                      "Parallel Aware": false,
                      "Scan Direction": "Forward",
                      "Index Name": "movie_id_cast_info",
                      "Relation Name": "cast_info",
                      "Alias": "ci",
                      "Startup Cost": 0.56,
                      "Total Cost": 1.42,
                      "Plan Rows": 17,
                      "Plan Width": 4,
                      "Actual Startup Time": 0.016,
                      "Actual Total Time": 0.027,
                      "Actual Rows": 12,
                      "Actual Loops": 304926,
                      "Index Cond": "(movie_id = mi.movie_id)",
                      "Rows Removed by Index Recheck": 0,
                      "Filter": "(role_id > 2)",
                      "Rows Removed by Filter": 12
                    }
                  ]
                }
              ]
            }
          ]
        }
      ]
    },
    "Planning Time": 1.299,
    "Triggers": [],
    "Execution Time": 2409.988
  }
]