[
  {
    "Plan": {
      "Node Type": "Aggregate",
      "Strategy": "Plain",
      "Partial Mode": "Finalize",
      "Parallel Aware": false,
      "Startup Cost": 254014.25,
      "Total Cost": 254014.26,
      "Plan Rows": 1,
      "Plan Width": 8,
      "Actual Startup Time": 584.819,
      "Actual Total Time": 617.216,
      "Actual Rows": 1,
      "Actual Loops": 1,
      "Plans": [
        {
          "Node Type": "Gather",
          "Parent Relationship": "Outer",
          "Parallel Aware": false,
          "Startup Cost": 254013.62,
          "Total Cost": 254014.23,
          "Plan Rows": 6,
          "Plan Width": 8,
          "Actual Startup Time": 582.255,
          "Actual Total Time": 617.204,
          "Actual Rows": 7,
          "Actual Loops": 1,
          "Workers Planned": 6,
          "Workers Launched": 6,
          "Single Copy": false,
          "Plans": [
            {
              "Node Type": "Aggregate",
              "Strategy": "Plain",
              "Partial Mode": "Partial",
              "Parent Relationship": "Outer",
              "Parallel Aware": false,
              "Startup Cost": 253013.62,
              "Total Cost": 253013.63,
              "Plan Rows": 1,
              "Plan Width": 8,
              "Actual Startup Time": 574.897,
              "Actual Total Time": 574.943,
              "Actual Rows": 1,
              "Actual Loops": 7,
              "Plans": [
                {
                  "Node Type": "Hash Join",
                  "Parent Relationship": "Outer",
                  "Parallel Aware": true,
                  "Join Type": "Inner",
                  "Startup Cost": 46129.35,
                  "Total Cost": 252750.47,
                  "Plan Rows": 105260,
                  "Plan Width": 0,
                  "Actual Startup Time": 112.737,
                  "Actual Total Time": 569.101,
                  "Actual Rows": 107710,
                  "Actual Loops": 7,
                  "Inner Unique": true,
                  "Hash Cond": "(ci.movie_id = t.id)",
                  "Plans": [
                    {
                      "Node Type": "Index Scan",
                      "Parent Relationship": "Outer",
                      "Parallel Aware": true,
                      "Scan Direction": "Forward",
                      "Index Name": "role_id_cast_info",
                      "Relation Name": "cast_info",
                      "Alias": "ci",
                      "Startup Cost": 0.56,
                      "Total Cost": 203258.8,
                      "Plan Rows": 1281095,
                      "Plan Width": 4,
                      "Actual Startup Time": 0.357,
                      "Actual Total Time": 234.33,
                      "Actual Rows": 1101806,
                      "Actual Loops": 7,
                      "Index Cond": "(role_id > 6)",
                      "Rows Removed by Index Recheck": 0
                    },
                    {
                      "Node Type": "Hash",
                      "Parent Relationship": "Inner",
                      "Parallel Aware": true,
                      "Startup Cost": 45479.59,
                      "Total Cost": 45479.59,
                      "Plan Rows": 51936,
                      "Plan Width": 4,
                      "Actual Startup Time": 110.743,
                      "Actual Total Time": 110.744,
                      "Actual Rows": 48804,
                      "Actual Loops": 7,
                      "Hash Buckets": 524288,
                      "Original Hash Buckets": 262144,
                      "Hash Batches": 1,
                      "Original Hash Batches": 1,
                      "Peak Memory Usage": 19616,
                      "Plans": [
                        {
                          "Node Type": "Seq Scan",
                          "Parent Relationship": "Outer",
                          "Parallel Aware": true,
                          "Relation Name": "title",
                          "Alias": "t",
                          "Startup Cost": 0.0,
                          "Total Cost": 45479.59,
                          "Plan Rows": 51936,
                          "Plan Width": 4,
                          "Actual Startup Time": 46.157,
                          "Actual Total Time": 79.284,
                          "Actual Rows": 48804,
                          "Actual Loops": 7,
                          "Filter": "((production_year < 1995) AND (kind_id = 1))",
                          "Rows Removed by Filter": 312384
                        }
                      ]
                    }
                  ]
                }
              ]
            }
          ]
        }
      ]
    },
    "Planning Time": 0.7,
    "Triggers": [],
    "Execution Time": 617.301
  }
]