[
  {
    "Plan": {
      "Node Type": "Aggregate",
      "Strategy": "Plain",
      "Partial Mode": "Finalize",
      "Parallel Aware": false,
      "Startup Cost": 256615.61,
      "Total Cost": 256615.62,
      "Plan Rows": 1,
      "Plan Width": 8,
      "Actual Startup Time": 624.359,
      "Actual Total Time": 650.351,
      "Actual Rows": 1,
      "Actual Loops": 1,
      "Plans": [
        {
          "Node Type": "Gather",
          "Parent Relationship": "Outer",
          "Parallel Aware": false,
          "Startup Cost": 256614.99,
          "Total Cost": 256615.6,
          "Plan Rows": 6,
          "Plan Width": 8,
          "Actual Startup Time": 621.058,
          "Actual Total Time": 650.333,
          "Actual Rows": 7,
          "Actual Loops": 1,
          "Workers Planned": 6,
          "Workers Launched": 6,
          "Single Copy": false,
          "Plans": [
            {
              "Node Type": "Aggregate",
              "Strategy": "Plain",
              "Partial Mode": "Partial",
              "Parent Relationship": "Outer",
              "Parallel Aware": false,
              "Startup Cost": 255614.99,
              "Total Cost": 255615.0,
              "Plan Rows": 1,
              "Plan Width": 8,
              "Actual Startup Time": 609.897,
              "Actual Total Time": 609.953,
              "Actual Rows": 1,
              "Actual Loops": 7,
              "Plans": [
                {
                  "Node Type": "Hash Join",
                  "Parent Relationship": "Outer",
                  "Parallel Aware": true,
                  "Join Type": "Inner",
                  "Startup Cost": 46141.26,
                  "Total Cost": 255343.56,
                  "Plan Rows": 108570,
                  "Plan Width": 0,
                  "Actual Startup Time": 118.883,
                  "Actual Total Time": 602.96,
                  "Actual Rows": 107710,
                  "Actual Loops": 7,
                  "Inner Unique": true,
                  "Hash Cond": "(ci.movie_id = t.id)",
                  "Plans": [
                    {
                      "Node Type": "Index Scan",
                      "Parent Relationship": "Outer",
                      "Parallel Aware": true,
                      "Scan Direction": "Forward",
                      "Index Name": "role_id_cast_info",
                      "Relation Name": "cast_info",
                      "Alias": "ci",
                      "Startup Cost": 0.56,
                      "Total Cost": 205799.38,
                      "Plan Rows": 1296560,
                      "Plan Width": 4,
                      "Actual Startup Time": 0.398,
                      "Actual Total Time": 237.668,
                      "Actual Rows": 1101806,
                      "Actual Loops": 7,
                      "Index Cond": "(role_id > 6)",
                      "Rows Removed by Index Recheck": 0
                    },
                    {
                      "Node Type": "Hash",
                      "Parent Relationship": "Inner",
                      "Parallel Aware": true,
                      "Startup Cost": 45479.1,
                      "Total Cost": 45479.1,
                      "Plan Rows": 52928,
                      "Plan Width": 4,
                      "Actual Startup Time": 116.786,
                      "Actual Total Time": 116.788,
                      "Actual Rows": 48804,
                      "Actual Loops": 7,
                      "Hash Buckets": 524288,
                      "Original Hash Buckets": 262144,
                      "Hash Batches": 1,
                      "Original Hash Batches": 1,
                      "Peak Memory Usage": 19584,
                      "Plans": [
                        {
                          "Node Type": "Seq Scan",
                          "Parent Relationship": "Outer",
                          "Parallel Aware": true,
                          "Relation Name": "title",
                          "Alias": "t",
                          "Startup Cost": 0.0,
                          "Total Cost": 45479.1,
                          "Plan Rows": 52928,
                          "Plan Width": 4,
                          "Actual Startup Time": 52.064,
                          "Actual Total Time": 86.543,
                          "Actual Rows": 48804,
                          "Actual Loops": 7,
                          "Filter": "((production_year < 1995) AND (kind_id = 1))",
                          "Rows Removed by Filter": 312384
                        }
                      ]
                    }
                  ]
                }
              ]
            }
          ]
        }
      ]
    },
    "Planning Time": 0.634,
    "Triggers": [],
    "Execution Time": 650.432
  }
]