[
  {
    "Plan": {
      "Node Type": "Aggregate",
      "Strategy": "Plain",
      "Partial Mode": "Finalize",
      "Parallel Aware": false,
      "Startup Cost": 80970.1,
      "Total Cost": 80970.11,
      "Plan Rows": 1,
      "Plan Width": 8,
      "Actual Startup Time": 400.536,
      "Actual Total Time": 415.973,
      "Actual Rows": 1,
      "Actual Loops": 1,
      "Plans": [
        {
          "Node Type": "Gather",
          "Parent Relationship": "Outer",
          "Parallel Aware": false,
          "Startup Cost": 80969.68,
          "Total Cost": 80970.09,
          "Plan Rows": 4,
          "Plan Width": 8,
          "Actual Startup Time": 395.455,
          "Actual Total Time": 415.96,
          "Actual Rows": 5,
          "Actual Loops": 1,
          "Workers Planned": 4,
          "Workers Launched": 4,
          "Single Copy": false,
          "Plans": [
            {
              "Node Type": "Aggregate",
              "Strategy": "Plain",
              "Partial Mode": "Partial",
              "Parent Relationship": "Outer",
              "Parallel Aware": false,
              "Startup Cost": 79969.68,
              "Total Cost": 79969.69,
              "Plan Rows": 1,
              "Plan Width": 8,
              "Actual Startup Time": 385.867,
              "Actual Total Time": 385.871,
              "Actual Rows": 1,
              "Actual Loops": 5,
              "Plans": [
                {
                  "Node Type": "Hash Join",
                  "Parent Relationship": "Outer",
                  "Parallel Aware": true,
                  "Join Type": "Inner",
                  "Startup Cost": 33684.76,
                  "Total Cost": 79617.84,
                  "Plan Rows": 140736,
                  "Plan Width": 0,
                  "Actual Startup Time": 147.453,
                  "Actual Total Time": 376.54,
                  "Actual Rows": 171558,
                  "Actual Loops": 5,
                  "Inner Unique": false,
                  "Hash Cond": "(t.id = mc.movie_id)",
                  "Plans": [
                    {
                      "Node Type": "Seq Scan",
                      "Parent Relationship": "Outer",
                      "Parallel Aware": true,
                      "Relation Name": "title",
                      "Alias": "t",
                      "Startup Cost": 0.0,
                      "Total Cost": 42318.73,
                      "Plan Rows": 632073,
                      "Plan Width": 4,
                      "Actual Startup Time": 0.017,
                      "Actual Total Time": 70.735,
                      "Actual Rows": 505662,
                      "Actual Loops": 5
                    },
                    {
                      "Node Type": "Hash",
                      "Parent Relationship": "Inner",
                      "Parallel Aware": true,
                      "Startup Cost": 31414.82,
                      "Total Cost": 31414.82,
                      "Plan Rows": 181595,
                      "Plan Width": 4,
                      "Actual Startup Time": 143.09,
                      "Actual Total Time": 143.091,
                      "Actual Rows": 171558,
                      "Actual Loops": 5,
                      "Hash Buckets": 1048576,
                      "Original Hash Buckets": 1048576,
                      "Hash Batches": 1,
                      "Original Hash Batches": 1,
                      "Peak Memory Usage": 41856,
                      "Plans": [
                        {
                          "Node Type": "Seq Scan",
                          "Parent Relationship": "Outer",
                          "Parallel Aware": true,
                          "Relation Name": "movie_companies",
                          "Alias": "mc",
                          "Startup Cost": 0.0,
                          "Total Cost": 31414.82,
                          "Plan Rows": 181595,
                          "Plan Width": 4,
                          "Actual Startup Time": 47.766,
                          "Actual Total Time": 84.905,
                          "Actual Rows": 171558,
                          "Actual Loops": 5,
                          "Filter": "((company_id > 13858) AND (company_type_id > 1))",
                          "Rows Removed by Filter": 350268
                        }
                      ]
                    }
                  ]
                }
              ]
            }
          ]
        }
      ]
    },
    "Planning Time": 0.636,
    "Triggers": [],
    "Execution Time": 416.047
  }
]