{
  "Plan": {
    "Node Type": "Aggregate",
    "Strategy": "Plain",
    "Partial Mode": "Finalize",
    "Parallel Aware": false,
    "Startup Cost": 302388.83,
    "Total Cost": 302388.84,
    "Plan Rows": 1,
    "Plan Width": 8,
    "Actual Startup Time": 940.475,
    "Actual Total Time": 1004.014,
    "Actual Rows": 1,
    "Actual Loops": 1,
    "Plans": [
      {
        "Node Type": "Gather",
        "Parent Relationship": "Outer",
        "Parallel Aware": false,
        "Startup Cost": 302388.72,
        "Total Cost": 302388.83,
        "Plan Rows": 1,
        "Plan Width": 8,
        "Actual Startup Time": 936.014,
        "Actual Total Time": 1004.005,
        "Actual Rows": 2,
        "Actual Loops": 1,
        "Workers Planned": 1,
        "Workers Launched": 1,
        "Single Copy": false,
        "Plans": [
          {
            "Node Type": "Aggregate",
            "Strategy": "Plain",
            "Partial Mode": "Partial",
            "Parent Relationship": "Outer",
            "Parallel Aware": false,
            "Startup Cost": 301388.72,
            "Total Cost": 301388.73,
            "Plan Rows": 1,
            "Plan Width": 8,
            "Actual Startup Time": 930.192,
            "Actual Total Time": 930.195,
            "Actual Rows": 1,
            "Actual Loops": 2,
            "Plans": [
              {
                "Node Type": "Nested Loop",
                "Parent Relationship": "Outer",
                "Parallel Aware": false,
                "Join Type": "Inner",
                "Startup Cost": 152835.11,
                "Total Cost": 300684.98,
                "Plan Rows": 281495,
                "Plan Width": 0,
                "Actual Startup Time": 354.426,
                "Actual Total Time": 891.826,
                "Actual Rows": 875948,
                "Actual Loops": 2,
                "Inner Unique": false,
                "Plans": [
                  {
                    "Node Type": "Merge Join",
                    "Parent Relationship": "Outer",
                    "Parallel Aware": false,
                    "Join Type": "Inner",
                    "Startup Cost": 152834.68,
                    "Total Cost": 156805.99,
                    "Plan Rows": 48141,
                    "Plan Width": 8,
                    "Actual Startup Time": 354.362,
                    "Actual Total Time": 448.719,
                    "Actual Rows": 28202,
                    "Actual Loops": 2,
                    "Inner Unique": false,
                    "Merge Cond": "(t.id = mc.movie_id)",
                    "Plans": [
                      {
                        "Node Type": "Sort",
                        "Parent Relationship": "Outer",
                        "Parallel Aware": false,
                        "Startup Cost": 91896.72,
                        "Total Cost": 92805.92,
                        "Plan Rows": 363682,
                        "Plan Width": 4,
                        "Actual Startup Time": 208.095,
                        "Actual Total Time": 242.628,
                        "Actual Rows": 259956,
                        "Actual Loops": 2,
                        "Sort Key": [
                          "t.id"
                        ],
                        "Sort Method": "quicksort",
                        "Sort Space Used": 26216,
                        "Sort Space Type": "Memory",
                        "Workers": [
                          {
                            "Worker Number": 0,
                            "Sort Method": "quicksort",
                            "Sort Space Used": 16609,
                            "Sort Space Type": "Memory"
                          }
                        ],
                        "Plans": [
                          {
                            "Node Type": "Seq Scan",
                            "Parent Relationship": "Outer",
                            "Parallel Aware": true,
                            "Relation Name": "title",
                            "Alias": "t",
                            "Startup Cost": 0.0,
                            "Total Cost": 58306.47,
                            "Plan Rows": 363682,
                            "Plan Width": 4,
                            "Actual Startup Time": 0.037,
                            "Actual Total Time": 151.183,
                            "Actual Rows": 260188,
                            "Actual Loops": 2,
                            "Filter": "((kind_id < 7) AND (production_year > 1996))",
                            "Rows Removed by Filter": 1003968
                          }
                        ]
                      },
                      {
                        "Node Type": "Sort",
                        "Parent Relationship": "Inner",
                        "Parallel Aware": false,
                        "Startup Cost": 60937.93,
                        "Total Cost": 61774.61,
                        "Plan Rows": 334674,
                        "Plan Width": 4,
                        "Actual Startup Time": 146.25,
                        "Actual Total Time": 164.136,
                        "Actual Rows": 329920,
                        "Actual Loops": 2,
                        "Sort Key": [
                          "mc.movie_id"
                        ],
                        "Sort Method": "quicksort",
                        "Sort Space Used": 27754,
                        "Sort Space Type": "Memory",
                        "Workers": [
                          {
                            "Worker Number": 0,
                            "Sort Method": "quicksort",
                            "Sort Space Used": 27754,
                            "Sort Space Type": "Memory"
                          }
                        ],
                        "Plans": [
                          {
                            "Node Type": "Bitmap Heap Scan",
                            "Parent Relationship": "Outer",
                            "Parallel Aware": false,
                            "Relation Name": "movie_companies",
                            "Alias": "mc",
                            "Startup Cost": 7254.15,
                            "Total Cost": 30227.58,
                            "Plan Rows": 334674,
                            "Plan Width": 4,
                            "Actual Startup Time": 14.99,
                            "Actual Total Time": 78.971,
                            "Actual Rows": 329920,
                            "Actual Loops": 2,
                            "Recheck Cond": "(company_id < 164)",
                            "Rows Removed by Index Recheck": 0,
                            "Exact Heap Blocks": 17642,
                            "Lossy Heap Blocks": 0,
                            "Plans": [
                              {
                                "Node Type": "Bitmap Index Scan",
                                "Parent Relationship": "Outer",
                                "Parallel Aware": false,
                                "Index Name": "company_id_movie_companies",
                                "Startup Cost": 0.0,
                                "Total Cost": 7170.49,
                                "Plan Rows": 334674,
                                "Plan Width": 0,
                                "Actual Startup Time": 12.756,
                                "Actual Total Time": 12.756,
                                "Actual Rows": 329920,
                                "Actual Loops": 2,
                                "Index Cond": "(company_id < 164)"
                              }
                            ]
                          }
                        ]
                      }
                    ]
                  },
                  {
                    "Node Type": "Index Only Scan",
                    "Parent Relationship": "Inner",
                    "Parallel Aware": false,
                    "Scan Direction": "Forward",
                    "Index Name": "movie_id_movie_info",
                    "Relation Name": "movie_info",
                    "Alias": "mi",
                    "Startup Cost": 0.43,
                    "Total Cost": 2.57,
                    "Plan Rows": 42,
                    "Plan Width": 4,
                    "Actual Startup Time": 0.004,
                    "Actual Total Time": 0.013,
                    "Actual Rows": 31,
                    "Actual Loops": 56403,
                    "Index Cond": "(movie_id = t.id)",
                    "Rows Removed by Index Recheck": 0,
                    "Heap Fetches": 1751897
                  }
                ]
              }
            ]
          }
        ]
      }
    ]
  },
  "Planning Time": 1.057,
  "Triggers": [],
  "Execution Time": 1014.172
}