[
  {
    "Plan": {
      "Node Type": "Aggregate",
      "Strategy": "Plain",
      "Partial Mode": "Finalize",
      "Parallel Aware": false,
      "Startup Cost": 87895.5,
      "Total Cost": 87895.51,
      "Plan Rows": 1,
      "Plan Width": 8,
      "Actual Startup Time": 277.436,
      "Actual Total Time": 294.527,
      "Actual Rows": 1,
      "Actual Loops": 1,
      "Plans": [
        {
          "Node Type": "Gather",
          "Parent Relationship": "Outer",
          "Parallel Aware": false,
          "Startup Cost": 87895.18,
          "Total Cost": 87895.49,
          "Plan Rows": 3,
          "Plan Width": 8,
          "Actual Startup Time": 277.159,
          "Actual Total Time": 294.519,
          "Actual Rows": 4,
          "Actual Loops": 1,
          "Workers Planned": 3,
          "Workers Launched": 3,
          "Single Copy": false,
          "Plans": [
            {
              "Node Type": "Aggregate",
              "Strategy": "Plain",
              "Partial Mode": "Partial",
              "Parent Relationship": "Outer",
              "Parallel Aware": false,
              "Startup Cost": 86895.18,
              "Total Cost": 86895.19,
              "Plan Rows": 1,
              "Plan Width": 8,
              "Actual Startup Time": 268.034,
              "Actual Total Time": 268.04,
              "Actual Rows": 1,
              "Actual Loops": 4,
              "Plans": [
                {
                  "Node Type": "Hash Join",
                  "Parent Relationship": "Outer",
                  "Parallel Aware": true,
                  "Join Type": "Inner",
                  "Startup Cost": 43979.77,
                  "Total Cost": 86857.85,
                  "Plan Rows": 14934,
                  "Plan Width": 0,
                  "Actual Startup Time": 99.543,
                  "Actual Total Time": 267.321,
                  "Actual Rows": 15881,
                  "Actual Loops": 4,
                  "Inner Unique": true,
                  "Hash Cond": "(mk.movie_id = t.id)",
                  "Plans": [
                    {
                      "Node Type": "Seq Scan",
                      "Parent Relationship": "Outer",
                      "Parallel Aware": true,
                      "Relation Name": "movie_keyword",
                      "Alias": "mk",
                      "Startup Cost": 0.0,
                      "Total Cost": 39047.32,
                      "Plan Rows": 1459332,
                      "Plan Width": 4,
                      "Actual Startup Time": 0.024,
                      "Actual Total Time": 87.871,
                      "Actual Rows": 1130982,
                      "Actual Loops": 4
                    },
                    {
                      "Node Type": "Hash",
                      "Parent Relationship": "Inner",
                      "Parallel Aware": true,
                      "Startup Cost": 43898.92,
                      "Total Cost": 43898.92,
                      "Plan Rows": 6468,
                      "Plan Width": 4,
                      "Actual Startup Time": 97.712,
                      "Actual Total Time": 97.716,
                      "Actual Rows": 6694,
                      "Actual Loops": 4,
                      "Hash Buckets": 32768,
                      "Original Hash Buckets": 32768,
                      "Hash Batches": 1,
                      "Original Hash Batches": 1,
                      "Peak Memory Usage": 1376,
                      "Plans": [
                        {
                          "Node Type": "Seq Scan",
                          "Parent Relationship": "Outer",
                          "Parallel Aware": true,
                          "Relation Name": "title",
                          "Alias": "t",
                          "Startup Cost": 0.0,
                          "Total Cost": 43898.92,
                          "Plan Rows": 6468,
                          "Plan Width": 4,
                          "Actual Startup Time": 0.106,
                          "Actual Total Time": 94.085,
                          "Actual Rows": 6694,
                          "Actual Loops": 4,
                          "Filter": "(production_year = 1993)",
                          "Rows Removed by Filter": 625384
                        }
                      ]
                    }
                  ]
                }
              ]
            }
          ]
        }
      ]
    },
    "Planning Time": 0.601,
    "Triggers": [],
    "Execution Time": 294.589
  }
]