[
  {
    "Plan": {
      "Node Type": "Aggregate",
      "Strategy": "Plain",
      "Partial Mode": "Finalize",
      "Parallel Aware": false,
      "Startup Cost": 129108.42,
      "Total Cost": 129108.43,
      "Plan Rows": 1,
      "Plan Width": 8,
      "Actual Startup Time": 722.203,
      "Actual Total Time": 745.374,
      "Actual Rows": 1,
      "Actual Loops": 1,
      "Plans": [
        {
          "Node Type": "Gather",
          "Parent Relationship": "Outer",
          "Parallel Aware": false,
          "Startup Cost": 129108.1,
          "Total Cost": 129108.41,
          "Plan Rows": 3,
          "Plan Width": 8,
          "Actual Startup Time": 716.112,
          "Actual Total Time": 745.364,
          "Actual Rows": 4,
          "Actual Loops": 1,
          "Workers Planned": 3,
          "Workers Launched": 3,
          "Single Copy": false,
          "Plans": [
            {
              "Node Type": "Aggregate",
              "Strategy": "Plain",
              "Partial Mode": "Partial",
              "Parent Relationship": "Outer",
              "Parallel Aware": false,
              "Startup Cost": 128108.1,
              "Total Cost": 128108.11,
              "Plan Rows": 1,
              "Plan Width": 8,
              "Actual Startup Time": 706.555,
              "Actual Total Time": 706.56,
              "Actual Rows": 1,
              "Actual Loops": 4,
              "Plans": [
                {
                  "Node Type": "Hash Join",
                  "Parent Relationship": "Outer",
                  "Parallel Aware": true,
                  "Join Type": "Inner",
                  "Startup Cost": 82621.95,
                  "Total Cost": 127686.18,
                  "Plan Rows": 168768,
                  "Plan Width": 0,
                  "Actual Startup Time": 451.122,
                  "Actual Total Time": 693.304,
                  "Actual Rows": 219842,
                  "Actual Loops": 4,
                  "Inner Unique": false,
                  "Hash Cond": "(mk.movie_id = t.id)",
                  "Plans": [
                    {
                      "Node Type": "Seq Scan",
                      "Parent Relationship": "Outer",
                      "Parallel Aware": true,
                      "Relation Name": "movie_keyword",
                      "Alias": "mk",
                      "Startup Cost": 0.0,
                      "Total Cost": 39047.32,
                      "Plan Rows": 1459332,
                      "Plan Width": 4,
                      "Actual Startup Time": 0.038,
                      "Actual Total Time": 104.084,
                      "Actual Rows": 1130982,
                      "Actual Loops": 4
                    },
                    {
                      "Node Type": "Hash",
                      "Parent Relationship": "Inner",
                      "Parallel Aware": true,
                      "Startup Cost": 81442.88,
                      "Total Cost": 81442.88,
                      "Plan Rows": 94325,
                      "Plan Width": 8,
                      "Actual Startup Time": 449.053,
                      "Actual Total Time": 449.057,
                      "Actual Rows": 63444,
                      "Actual Loops": 4,
                      "Hash Buckets": 524288,
                      "Original Hash Buckets": 524288,
                      "Hash Batches": 1,
                      "Original Hash Batches": 1,
                      "Peak Memory Usage": 14080,
                      "Plans": [
                        {
                          "Node Type": "Hash Join",
                          "Parent Relationship": "Outer",
                          "Parallel Aware": true,
                          "Join Type": "Inner",
                          "Startup Cost": 49547.09,
                          "Total Cost": 81442.88,
                          "Plan Rows": 94325,
                          "Plan Width": 8,
                          "Actual Startup Time": 304.556,
                          "Actual Total Time": 423.651,
                          "Actual Rows": 63444,
                          "Actual Loops": 4,
                          "Inner Unique": true,
                          "Hash Cond": "(mc.movie_id = t.id)",
                          "Plans": [
                            {
                              "Node Type": "Seq Scan",
                              "Parent Relationship": "Outer",
                              "Parallel Aware": true,
                              "Relation Name": "movie_companies",
                              "Alias": "mc",
                              "Startup Cost": 0.0,
                              "Total Cost": 31414.82,
                              "Plan Rows": 183230,
                              "Plan Width": 4,
                              "Actual Startup Time": 35.694,
                              "Actual Total Time": 81.433,
                              "Actual Rows": 213694,
                              "Actual Loops": 4,
                              "Filter": "((company_id > 14002) AND (company_type_id = 2))",
                              "Rows Removed by Filter": 438589
                            },
                            {
                              "Node Type": "Hash",
                              "Parent Relationship": "Inner",
                              "Parallel Aware": true,
                              "Startup Cost": 45479.59,
                              "Total Cost": 45479.59,
                              "Plan Rows": 325400,
                              "Plan Width": 4,
                              "Actual Startup Time": 264.354,
                              "Actual Total Time": 264.355,
                              "Actual Rows": 353437,
                              "Actual Loops": 4,
                              "Hash Buckets": 2097152,
                              "Original Hash Buckets": 2097152,
                              "Hash Batches": 1,
                              "Original Hash Batches": 1,
                              "Peak Memory Usage": 71744,
                              "Plans": [
                                {
                                  "Node Type": "Seq Scan",
                                  "Parent Relationship": "Outer",
                                  "Parallel Aware": true,
                                  "Relation Name": "title",
                                  "Alias": "t",
                                  "Startup Cost": 0.0,
                                  "Total Cost": 45479.59,
                                  "Plan Rows": 325400,
                                  "Plan Width": 4,
                                  "Actual Startup Time": 0.058,
                                  "Actual Total Time": 126.213,
                                  "Actual Rows": 353437,
                                  "Actual Loops": 4,
                                  "Filter": "((kind_id > 1) AND (production_year > 1990))",
                                  "Rows Removed by Filter": 278641
                                }
                              ]
                            }
                          ]
                        }
                      ]
                    }
                  ]
                }
              ]
            }
          ]
        }
      ]
    },
    "Planning Time": 0.627,
    "Triggers": [],
    "Execution Time": 745.426
  }
]