[
  {
    "Plan": {
      "Node Type": "Aggregate",
      "Strategy": "Plain",
      "Partial Mode": "Finalize",
      "Parallel Aware": false,
      "Startup Cost": 128239.19,
      "Total Cost": 128239.2,
      "Plan Rows": 1,
      "Plan Width": 8,
      "Actual Startup Time": 552.888,
      "Actual Total Time": 574.874,
      "Actual Rows": 1,
      "Actual Loops": 1,
      "Plans": [
        {
          "Node Type": "Gather",
          "Parent Relationship": "Outer",
          "Parallel Aware": false,
          "Startup Cost": 128238.87,
          "Total Cost": 128239.18,
          "Plan Rows": 3,
          "Plan Width": 8,
          "Actual Startup Time": 550.06,
          "Actual Total Time": 574.865,
          "Actual Rows": 4,
          "Actual Loops": 1,
          "Workers Planned": 3,
          "Workers Launched": 3,
          "Single Copy": false,
          "Plans": [
            {
              "Node Type": "Aggregate",
              "Strategy": "Plain",
              "Partial Mode": "Partial",
              "Parent Relationship": "Outer",
              "Parallel Aware": false,
              "Startup Cost": 127238.87,
              "Total Cost": 127238.88,
              "Plan Rows": 1,
              "Plan Width": 8,
              "Actual Startup Time": 541.423,
              "Actual Total Time": 541.605,
              "Actual Rows": 1,
              "Actual Loops": 4,
              "Plans": [
                {
                  "Node Type": "Hash Join",
                  "Parent Relationship": "Outer",
                  "Parallel Aware": true,
                  "Join Type": "Inner",
                  "Startup Cost": 81892.63,
                  "Total Cost": 126825.66,
                  "Plan Rows": 165285,
                  "Plan Width": 0,
                  "Actual Startup Time": 349.993,
                  "Actual Total Time": 533.131,
                  "Actual Rows": 219842,
                  "Actual Loops": 4,
                  "Inner Unique": false,
                  "Hash Cond": "(mk.movie_id = t.id)",
                  "Plans": [
                    {
                      "Node Type": "Seq Scan",
                      "Parent Relationship": "Outer",
                      "Parallel Aware": true,
                      "Relation Name": "movie_keyword",
                      "Alias": "mk",
                      "Startup Cost": 0.0,
                      "Total Cost": 39047.32,
                      "Plan Rows": 1459332,
                      "Plan Width": 4,
                      "Actual Startup Time": 0.028,
                      "Actual Total Time": 80.416,
                      "Actual Rows": 1130982,
                      "Actual Loops": 4
                    },
                    {
                      "Node Type": "Hash",
                      "Parent Relationship": "Inner",
                      "Parallel Aware": true,
                      "Startup Cost": 80997.77,
                      "Total Cost": 80997.77,
                      "Plan Rows": 71589,
                      "Plan Width": 8,
                      "Actual Startup Time": 346.67,
                      "Actual Total Time": 346.85,
                      "Actual Rows": 63444,
                      "Actual Loops": 4,
                      "Hash Buckets": 524288,
                      "Original Hash Buckets": 524288,
                      "Hash Batches": 1,
                      "Original Hash Batches": 1,
                      "Peak Memory Usage": 14112,
                      "Plans": [
                        {
                          "Node Type": "Hash Join",
                          "Parent Relationship": "Outer",
                          "Parallel Aware": true,
                          "Join Type": "Inner",
                          "Startup Cost": 33668.64,
                          "Total Cost": 80997.77,
                          "Plan Rows": 71589,
                          "Plan Width": 8,
                          "Actual Startup Time": 144.328,
                          "Actual Total Time": 327.908,
                          "Actual Rows": 63444,
                          "Actual Loops": 4,
                          "Inner Unique": false,
                          "Hash Cond": "(t.id = mc.movie_id)",
                          "Plans": [
                            {
                              "Node Type": "Seq Scan",
                              "Parent Relationship": "Outer",
                              "Parallel Aware": true,
                              "Relation Name": "title",
                              "Alias": "t",
                              "Startup Cost": 0.0,
                              "Total Cost": 45479.1,
                              "Plan Rows": 323819,
                              "Plan Width": 4,
                              "Actual Startup Time": 0.012,
                              "Actual Total Time": 84.88,
                              "Actual Rows": 353437,
                              "Actual Loops": 4,
                              "Filter": "((kind_id > 1) AND (production_year > 1990))",
                              "Rows Removed by Filter": 278641
                            },
                            {
                              "Node Type": "Hash",
                              "Parent Relationship": "Inner",
                              "Parallel Aware": true,
                              "Startup Cost": 31414.82,
                              "Total Cost": 31414.82,
                              "Plan Rows": 180306,
                              "Plan Width": 4,
                              "Actual Startup Time": 141.278,
                              "Actual Total Time": 141.279,
                              "Actual Rows": 213694,
                              "Actual Loops": 4,
                              "Hash Buckets": 1048576,
                              "Original Hash Buckets": 1048576,
                              "Hash Batches": 1,
                              "Original Hash Batches": 1,
                              "Peak Memory Usage": 41728,
                              "Plans": [
                                {
                                  "Node Type": "Seq Scan",
                                  "Parent Relationship": "Outer",
                                  "Parallel Aware": true,
                                  "Relation Name": "movie_companies",
                                  "Alias": "mc",
                                  "Startup Cost": 0.0,
                                  "Total Cost": 31414.82,
                                  "Plan Rows": 180306,
                                  "Plan Width": 4,
                                  "Actual Startup Time": 47.858,
                                  "Actual Total Time": 84.169,
                                  "Actual Rows": 213694,
                                  "Actual Loops": 4,
                                  "Filter": "((company_id > 14002) AND (company_type_id = 2))",
                                  "Rows Removed by Filter": 438589
                                }
                              ]
                            }
                          ]
                        }
                      ]
                    }
                  ]
                }
              ]
            }
          ]
        }
      ]
    },
    "Planning Time": 1.433,
    "Triggers": [],
    "Execution Time": 574.958
  }
]