[
  {
    "Plan": {
      "Node Type": "Aggregate",
      "Strategy": "Plain",
      "Partial Mode": "Finalize",
      "Parallel Aware": false,
      "Startup Cost": 214502.05,
      "Total Cost": 214502.06,
      "Plan Rows": 1,
      "Plan Width": 8,
      "Actual Startup Time": 121.736,
      "Actual Total Time": 137.606,
      "Actual Rows": 1,
      "Actual Loops": 1,
      "Plans": [
        {
          "Node Type": "Gather",
          "Parent Relationship": "Outer",
          "Parallel Aware": false,
          "Startup Cost": 214501.52,
          "Total Cost": 214502.03,
          "Plan Rows": 5,
          "Plan Width": 8,
          "Actual Startup Time": 121.381,
          "Actual Total Time": 137.6,
          "Actual Rows": 6,
          "Actual Loops": 1,
          "Workers Planned": 5,
          "Workers Launched": 5,
          "Single Copy": false,
          "Plans": [
            {
              "Node Type": "Aggregate",
              "Strategy": "Plain",
              "Partial Mode": "Partial",
              "Parent Relationship": "Outer",
              "Parallel Aware": false,
              "Startup Cost": 213501.52,
              "Total Cost": 213501.53,
              "Plan Rows": 1,
              "Plan Width": 8,
              "Actual Startup Time": 110.834,
              "Actual Total Time": 110.837,
              "Actual Rows": 1,
              "Actual Loops": 6,
              "Plans": [
                {
                  "Node Type": "Hash Join",
                  "Parent Relationship": "Outer",
                  "Parallel Aware": true,
                  "Join Type": "Inner",
                  "Startup Cost": 46743.12,
                  "Total Cost": 213501.13,
                  "Plan Rows": 159,
                  "Plan Width": 0,
                  "Actual Startup Time": 97.64,
                  "Actual Total Time": 110.815,
                  "Actual Rows": 52,
                  "Actual Loops": 6,
                  "Inner Unique": true,
                  "Hash Cond": "(mi.movie_id = t.id)",
                  "Plans": [
                    {
                      "Node Type": "Bitmap Heap Scan",
                      "Parent Relationship": "Outer",
                      "Parallel Aware": true,
                      "Relation Name": "movie_info",
                      "Alias": "mi",
                      "Startup Cost": 2803.64,
                      "Total Cost": 169480.41,
                      "Plan Rows": 30947,
                      "Plan Width": 4,
                      "Actual Startup Time": 7.212,
                      "Actual Total Time": 18.612,
                      "Actual Rows": 24581,
                      "Actual Loops": 6,
                      "Recheck Cond": "(info_type_id = 107)",
                      "Rows Removed by Index Recheck": 0,
                      "Exact Heap Blocks": 1415,
                      "Lossy Heap Blocks": 0,
                      "Plans": [
                        {
                          "Node Type": "Bitmap Index Scan",
                          "Parent Relationship": "Outer",
                          "Parallel Aware": false,
                          "Index Name": "info_type_id_movie_info",
                          "Startup Cost": 0.0,
                          "Total Cost": 2764.95,
                          "Plan Rows": 154736,
                          "Plan Width": 0,
                          "Actual Startup Time": 6.421,
                          "Actual Total Time": 6.421,
                          "Actual Rows": 147487,
                          "Actual Loops": 1,
                          "Index Cond": "(info_type_id = 107)"
                        }
                      ]
                    },
                    {
                      "Node Type": "Hash",
                      "Parent Relationship": "Inner",
                      "Parallel Aware": true,
                      "Startup Cost": 43898.92,
                      "Total Cost": 43898.92,
                      "Plan Rows": 3245,
                      "Plan Width": 4,
                      "Actual Startup Time": 88.072,
                      "Actual Total Time": 88.073,
                      "Actual Rows": 2342,
                      "Actual Loops": 6,
                      "Hash Buckets": 16384,
                      "Original Hash Buckets": 16384,
                      "Hash Batches": 1,
                      "Original Hash Batches": 1,
                      "Peak Memory Usage": 832,
                      "Plans": [
                        {
                          "Node Type": "Seq Scan",
                          "Parent Relationship": "Outer",
                          "Parallel Aware": true,
                          "Relation Name": "title",
                          "Alias": "t",
                          "Startup Cost": 0.0,
                          "Total Cost": 43898.92,
                          "Plan Rows": 3245,
                          "Plan Width": 4,
                          "Actual Startup Time": 0.135,
                          "Actual Total Time": 86.313,
                          "Actual Rows": 2342,
                          "Actual Loops": 6,
                          "Filter": "(production_year = 1975)",
                          "Rows Removed by Filter": 419043
                        }
                      ]
                    }
                  ]
                }
              ]
            }
          ]
        }
      ]
    },
    "Planning Time": 0.539,
    "Triggers": [],
    "Execution Time": 137.686
  }
]