[
  {
    "Plan": {
      "Node Type": "Aggregate",
      "Strategy": "Plain",
      "Partial Mode": "Finalize",
      "Parallel Aware": false,
      "Startup Cost": 347142.17,
      "Total Cost": 347142.18,
      "Plan Rows": 1,
      "Plan Width": 8,
      "Actual Startup Time": 632.706,
      "Actual Total Time": 676.611,
      "Actual Rows": 1,
      "Actual Loops": 1,
      "Plans": [
        {
          "Node Type": "Gather",
          "Parent Relationship": "Outer",
          "Parallel Aware": false,
          "Startup Cost": 347141.55,
          "Total Cost": 347142.16,
          "Plan Rows": 6,
          "Plan Width": 8,
          "Actual Startup Time": 632.51,
          "Actual Total Time": 676.6,
          "Actual Rows": 7,
          "Actual Loops": 1,
          "Workers Planned": 6,
          "Workers Launched": 6,
          "Single Copy": false,
          "Plans": [
            {
              "Node Type": "Aggregate",
              "Strategy": "Plain",
              "Partial Mode": "Partial",
              "Parent Relationship": "Outer",
              "Parallel Aware": false,
              "Startup Cost": 346141.55,
              "Total Cost": 346141.56,
              "Plan Rows": 1,
              "Plan Width": 8,
              "Actual Startup Time": 624.595,
              "Actual Total Time": 624.597,
              "Actual Rows": 1,
              "Actual Loops": 7,
              "Plans": [
                {
                  "Node Type": "Seq Scan",
                  "Parent Relationship": "Outer",
                  "Parallel Aware": true,
                  "Relation Name": "cast_info",
                  "Alias": "ci",
                  "Startup Cost": 0.0,
                  "Total Cost": 343316.27,
                  "Plan Rows": 1130111,
                  "Plan Width": 0,
                  "Actual Startup Time": 223.086,
                  "Actual Total Time": 604.206,
                  "Actual Rows": 418151,
                  "Actual Loops": 7,
                  "Filter": "((person_id < 1025831) AND (role_id > 1))",
                  "Rows Removed by Filter": 4759613
                }
              ]
            }
          ]
        }
      ]
    },
    "Planning Time": 0.113,
    "Triggers": [],
    "Execution Time": 676.654
  }
]