[
  {
    "Plan": {
      "Node Type": "Aggregate",
      "Strategy": "Plain",
      "Partial Mode": "Finalize",
      "Parallel Aware": false,
      "Startup Cost": 46628.63,
      "Total Cost": 46628.64,
      "Plan Rows": 1,
      "Plan Width": 8,
      "Actual Startup Time": 192.935,
      "Actual Total Time": 203.054,
      "Actual Rows": 1,
      "Actual Loops": 1,
      "Plans": [
        {
          "Node Type": "Gather",
          "Parent Relationship": "Outer",
          "Parallel Aware": false,
          "Startup Cost": 46628.32,
          "Total Cost": 46628.63,
          "Plan Rows": 3,
          "Plan Width": 8,
          "Actual Startup Time": 192.803,
          "Actual Total Time": 203.045,
          "Actual Rows": 4,
          "Actual Loops": 1,
          "Workers Planned": 3,
          "Workers Launched": 3,
          "Single Copy": false,
          "Plans": [
            {
              "Node Type": "Aggregate",
              "Strategy": "Plain",
              "Partial Mode": "Partial",
              "Parent Relationship": "Outer",
              "Parallel Aware": false,
              "Startup Cost": 45628.32,
              "Total Cost": 45628.33,
              "Plan Rows": 1,
              "Plan Width": 8,
              "Actual Startup Time": 183.865,
              "Actual Total Time": 183.866,
              "Actual Rows": 1,
              "Actual Loops": 4,
              "Plans": [
                {
                  "Node Type": "Seq Scan",
                  "Parent Relationship": "Outer",
                  "Parallel Aware": true,
                  "Relation Name": "movie_keyword",
                  "Alias": "mk",
                  "Startup Cost": 0.0,
                  "Total Cost": 42695.65,
                  "Plan Rows": 1173065,
                  "Plan Width": 0,
                  "Actual Startup Time": 0.049,
                  "Actual Total Time": 136.365,
                  "Actual Rows": 910250,
                  "Actual Loops": 4,
                  "Filter": "(keyword_id < 20889)",
                  "Rows Removed by Filter": 220732
                }
              ]
            }
          ]
        }
      ]
    },
    "Planning Time": 0.201,
    "Triggers": [],
    "Execution Time": 203.113
  }
]