[
  {
    "Plan": {
      "Node Type": "Aggregate",
      "Strategy": "Plain",
      "Partial Mode": "Finalize",
      "Parallel Aware": false,
      "Startup Cost": 29832.17,
      "Total Cost": 29832.18,
      "Plan Rows": 1,
      "Plan Width": 8,
      "Actual Startup Time": 190.087,
      "Actual Total Time": 224.421,
      "Actual Rows": 1,
      "Actual Loops": 1,
      "Plans": [
        {
          "Node Type": "Gather",
          "Parent Relationship": "Outer",
          "Parallel Aware": false,
          "Startup Cost": 29831.95,
          "Total Cost": 29832.16,
          "Plan Rows": 2,
          "Plan Width": 8,
          "Actual Startup Time": 189.603,
          "Actual Total Time": 224.411,
          "Actual Rows": 3,
          "Actual Loops": 1,
          "Workers Planned": 2,
          "Workers Launched": 2,
          "Single Copy": false,
          "Plans": [
            {
              "Node Type": "Aggregate",
              "Strategy": "Plain",
              "Partial Mode": "Partial",
              "Parent Relationship": "Outer",
              "Parallel Aware": false,
              "Startup Cost": 28831.95,
              "Total Cost": 28831.96,
              "Plan Rows": 1,
              "Plan Width": 8,
              "Actual Startup Time": 181.314,
              "Actual Total Time": 181.316,
              "Actual Rows": 1,
              "Actual Loops": 3,
              "Plans": [
                {
                  "Node Type": "Nested Loop",
                  "Parent Relationship": "Outer",
                  "Parallel Aware": false,
                  "Join Type": "Inner",
                  "Startup Cost": 111.84,
                  "Total Cost": 28806.89,
                  "Plan Rows": 10024,
                  "Plan Width": 0,
                  "Actual Startup Time": 2.389,
                  "Actual Total Time": 176.862,
                  "Actual Rows": 66450,
                  "Actual Loops": 3,
                  "Inner Unique": false,
                  "Plans": [
                    {
                      "Node Type": "Nested Loop",
                      "Parent Relationship": "Outer",
                      "Parallel Aware": false,
                      "Join Type": "Inner",
                      "Startup Cost": 111.28,
                      "Total Cost": 26447.3,
                      "Plan Rows": 700,
                      "Plan Width": 8,
                      "Actual Startup Time": 2.168,
                      "Actual Total Time": 19.873,
                      "Actual Rows": 1701,
                      "Actual Loops": 3,
                      "Inner Unique": true,
                      "Plans": [
                        {
                          "Node Type": "Bitmap Heap Scan",
                          "Parent Relationship": "Outer",
                          "Parallel Aware": true,
                          "Relation Name": "movie_companies",
                          "Alias": "mc",
                          "Startup Cost": 110.85,
                          "Total Cost": 11312.58,
                          "Plan Rows": 2065,
                          "Plan Width": 4,
                          "Actual Startup Time": 1.895,
                          "Actual Total Time": 6.367,
                          "Actual Rows": 1721,
                          "Actual Loops": 3,
                          "Recheck Cond": "(company_id = 1709)",
                          "Rows Removed by Index Recheck": 0,
                          "Exact Heap Blocks": 1865,
                          "Lossy Heap Blocks": 0,
                          "Plans": [
                            {
                              "Node Type": "Bitmap Index Scan",
                              "Parent Relationship": "Outer",
                              "Parallel Aware": false,
                              "Index Name": "company_id_movie_companies",
                              "Startup Cost": 0.0,
                              "Total Cost": 109.61,
                              "Plan Rows": 4957,
                              "Plan Width": 0,
                              "Actual Startup Time": 3.889,
                              "Actual Total Time": 3.889,
                              "Actual Rows": 5164,
                              "Actual Loops": 1,
                              "Index Cond": "(company_id = 1709)"
                            }
                          ]
                        },
                        {
                          "Node Type": "Index Scan",
                          "Parent Relationship": "Inner",
                          "Parallel Aware": false,
                          "Scan Direction": "Forward",
                          "Index Name": "title_pkey",
                          "Relation Name": "title",
                          "Alias": "t",
                          "Startup Cost": 0.43,
                          "Total Cost": 7.33,
                          "Plan Rows": 1,
                          "Plan Width": 4,
                          "Actual Startup Time": 0.007,
                          "Actual Total Time": 0.007,
                          "Actual Rows": 1,
                          "Actual Loops": 5164,
                          "Index Cond": "(id = mc.movie_id)",
                          "Rows Removed by Index Recheck": 0,
                          "Filter": "(kind_id < 4)",
                          "Rows Removed by Filter": 0
                        }
                      ]
                    },
                    {
                      "Node Type": "Index Only Scan",
                      "Parent Relationship": "Inner",
                      "Parallel Aware": false,
                      "Scan Direction": "Forward",
                      "Index Name": "movie_id_cast_info",
                      "Relation Name": "cast_info",
                      "Alias": "ci",
                      "Startup Cost": 0.56,
                      "Total Cost": 3.0,
                      "Plan Rows": 37,
                      "Plan Width": 4,
                      "Actual Startup Time": 0.01,
                      "Actual Total Time": 0.088,
                      "Actual Rows": 39,
                      "Actual Loops": 5102,
                      "Index Cond": "(movie_id = t.id)",
                      "Rows Removed by Index Recheck": 0,
                      "Heap Fetches": 199351
                    }
                  ]
                }
              ]
            }
          ]
        }
      ]
    },
    "Planning Time": 1.574,
    "Triggers": [],
    "Execution Time": 224.538
  }
]