{
  "Plan": {
    "Node Type": "Aggregate",
    "Strategy": "Plain",
    "Partial Mode": "Finalize",
    "Parallel Aware": false,
    "Startup Cost": 235681.54,
    "Total Cost": 235681.55,
    "Plan Rows": 1,
    "Plan Width": 8,
    "Actual Startup Time": 190.848,
    "Actual Total Time": 209.582,
    "Actual Rows": 1,
    "Actual Loops": 1,
    "Plans": [
      {
        "Node Type": "Gather",
        "Parent Relationship": "Outer",
        "Parallel Aware": false,
        "Startup Cost": 235681.43,
        "Total Cost": 235681.54,
        "Plan Rows": 1,
        "Plan Width": 8,
        "Actual Startup Time": 190.749,
        "Actual Total Time": 209.575,
        "Actual Rows": 2,
        "Actual Loops": 1,
        "Workers Planned": 1,
        "Workers Launched": 1,
        "Single Copy": false,
        "Plans": [
          {
            "Node Type": "Aggregate",
            "Strategy": "Plain",
            "Partial Mode": "Partial",
            "Parent Relationship": "Outer",
            "Parallel Aware": false,
            "Startup Cost": 234681.43,
            "Total Cost": 234681.44,
            "Plan Rows": 1,
            "Plan Width": 8,
            "Actual Startup Time": 184.854,
            "Actual Total Time": 184.856,
            "Actual Rows": 1,
            "Actual Loops": 2,
            "Plans": [
              {
                "Node Type": "Nested Loop",
                "Parent Relationship": "Outer",
                "Parallel Aware": false,
                "Join Type": "Inner",
                "Startup Cost": 0.43,
                "Total Cost": 234679.42,
                "Plan Rows": 802,
                "Plan Width": 0,
                "Actual Startup Time": 92.478,
                "Actual Total Time": 184.495,
                "Actual Rows": 4559,
                "Actual Loops": 2,
                "Inner Unique": false,
                "Plans": [
                  {
                    "Node Type": "Seq Scan",
                    "Parent Relationship": "Outer",
                    "Parallel Aware": true,
                    "Relation Name": "title",
                    "Alias": "t",
                    "Startup Cost": 0.0,
                    "Total Cost": 58306.47,
                    "Plan Rows": 1322,
                    "Plan Width": 4,
                    "Actual Startup Time": 92.359,
                    "Actual Total Time": 135.309,
                    "Actual Rows": 2918,
                    "Actual Loops": 2,
                    "Filter": "((kind_id < 7) AND (production_year = 1916))",
                    "Rows Removed by Filter": 1261238
                  },
                  {
                    "Node Type": "Index Scan",
                    "Parent Relationship": "Inner",
                    "Parallel Aware": false,
                    "Scan Direction": "Forward",
                    "Index Name": "movie_id_movie_info",
                    "Relation Name": "movie_info",
                    "Alias": "mi",
                    "Startup Cost": 0.43,
                    "Total Cost": 133.37,
                    "Plan Rows": 4,
                    "Plan Width": 4,
                    "Actual Startup Time": 0.016,
                    "Actual Total Time": 0.016,
                    "Actual Rows": 2,
                    "Actual Loops": 5835,
                    "Index Cond": "(movie_id = t.id)",
                    "Rows Removed by Index Recheck": 0,
                    "Filter": "(info_type_id = 3)",
                    "Rows Removed by Filter": 9
                  }
                ]
              }
            ]
          }
        ]
      }
    ]
  },
  "Planning Time": 0.473,
  "Triggers": [],
  "Execution Time": 209.658
}