{
  "Plan": {
    "Node Type": "Aggregate",
    "Strategy": "Plain",
    "Partial Mode": "Finalize",
    "Parallel Aware": false,
    "Startup Cost": 501369.32,
    "Total Cost": 501369.33,
    "Plan Rows": 1,
    "Plan Width": 8,
    "Actual Startup Time": 208.045,
    "Actual Total Time": 233.39,
    "Actual Rows": 1,
    "Actual Loops": 1,
    "Plans": [
      {
        "Node Type": "Gather",
        "Parent Relationship": "Outer",
        "Parallel Aware": false,
        "Startup Cost": 501369.21,
        "Total Cost": 501369.32,
        "Plan Rows": 1,
        "Plan Width": 8,
        "Actual Startup Time": 207.927,
        "Actual Total Time": 233.383,
        "Actual Rows": 2,
        "Actual Loops": 1,
        "Workers Planned": 1,
        "Workers Launched": 1,
        "Single Copy": false,
        "Plans": [
          {
            "Node Type": "Aggregate",
            "Strategy": "Plain",
            "Partial Mode": "Partial",
            "Parent Relationship": "Outer",
            "Parallel Aware": false,
            "Startup Cost": 500369.21,
            "Total Cost": 500369.22,
            "Plan Rows": 1,
            "Plan Width": 8,
            "Actual Startup Time": 202.151,
            "Actual Total Time": 202.153,
            "Actual Rows": 1,
            "Actual Loops": 2,
            "Plans": [
              {
                "Node Type": "Nested Loop",
                "Parent Relationship": "Outer",
                "Parallel Aware": false,
                "Join Type": "Inner",
                "Startup Cost": 0.56,
                "Total Cost": 500211.15,
                "Plan Rows": 63225,
                "Plan Width": 0,
                "Actual Startup Time": 93.25,
                "Actual Total Time": 200.763,
                "Actual Rows": 21182,
                "Actual Loops": 2,
                "Inner Unique": false,
                "Plans": [
                  {
                    "Node Type": "Seq Scan",
                    "Parent Relationship": "Outer",
                    "Parallel Aware": true,
                    "Relation Name": "title",
                    "Alias": "t",
                    "Startup Cost": 0.0,
                    "Total Cost": 54588.39,
                    "Plan Rows": 4412,
                    "Plan Width": 4,
                    "Actual Startup Time": 93.156,
                    "Actual Total Time": 141.871,
                    "Actual Rows": 3835,
                    "Actual Loops": 2,
                    "Filter": "(production_year = 1915)",
                    "Rows Removed by Filter": 1260321
                  },
                  {
                    "Node Type": "Index Only Scan",
                    "Parent Relationship": "Inner",
                    "Parallel Aware": false,
                    "Scan Direction": "Forward",
                    "Index Name": "movie_id_cast_info",
                    "Relation Name": "cast_info",
                    "Alias": "ci",
                    "Startup Cost": 0.56,
                    "Total Cost": 100.63,
                    "Plan Rows": 37,
                    "Plan Width": 4,
                    "Actual Startup Time": 0.007,
                    "Actual Total Time": 0.015,
                    "Actual Rows": 6,
                    "Actual Loops": 7670,
                    "Index Cond": "(movie_id = t.id)",
                    "Rows Removed by Index Recheck": 0,
                    "Heap Fetches": 42364
                  }
                ]
              }
            ]
          }
        ]
      }
    ]
  },
  "Planning Time": 0.439,
  "Triggers": [],
  "Execution Time": 233.46
}