[
  {
    "Plan": {
      "Node Type": "Aggregate",
      "Strategy": "Plain",
      "Partial Mode": "Finalize",
      "Parallel Aware": false,
      "Startup Cost": 290987.95,
      "Total Cost": 290987.96,
      "Plan Rows": 1,
      "Plan Width": 8,
      "Actual Startup Time": 1472.56,
      "Actual Total Time": 1518.475,
      "Actual Rows": 1,
      "Actual Loops": 1,
      "Plans": [
        {
          "Node Type": "Gather",
          "Parent Relationship": "Outer",
          "Parallel Aware": false,
          "Startup Cost": 290987.43,
          "Total Cost": 290987.94,
          "Plan Rows": 5,
          "Plan Width": 8,
          "Actual Startup Time": 1460.047,
          "Actual Total Time": 1518.437,
          "Actual Rows": 6,
          "Actual Loops": 1,
          "Workers Planned": 5,
          "Workers Launched": 5,
          "Single Copy": false,
          "Plans": [
            {
              "Node Type": "Aggregate",
              "Strategy": "Plain",
              "Partial Mode": "Partial",
              "Parent Relationship": "Outer",
              "Parallel Aware": false,
              "Startup Cost": 289987.43,
              "Total Cost": 289987.44,
              "Plan Rows": 1,
              "Plan Width": 8,
              "Actual Startup Time": 1449.45,
              "Actual Total Time": 1449.457,
              "Actual Rows": 1,
              "Actual Loops": 6,
              "Plans": [
                {
                  "Node Type": "Hash Join",
                  "Parent Relationship": "Outer",
                  "Parallel Aware": true,
                  "Join Type": "Inner",
                  "Startup Cost": 84887.86,
                  "Total Cost": 288992.03,
                  "Plan Rows": 398161,
                  "Plan Width": 0,
                  "Actual Startup Time": 413.344,
                  "Actual Total Time": 1299.681,
                  "Actual Rows": 3217276,
                  "Actual Loops": 6,
                  "Inner Unique": false,
                  "Hash Cond": "(mi.movie_id = t.id)",
                  "Plans": [
                    {
                      "Node Type": "Seq Scan",
                      "Parent Relationship": "Outer",
                      "Parallel Aware": true,
                      "Relation Name": "movie_info",
                      "Alias": "mi",
                      "Startup Cost": 0.0,
                      "Total Cost": 191685.19,
                      "Plan Rows": 2969219,
                      "Plan Width": 4,
                      "Actual Startup Time": 0.046,
                      "Actual Total Time": 312.422,
                      "Actual Rows": 2472620,
                      "Actual Loops": 6
                    },
                    {
                      "Node Type": "Hash",
                      "Parent Relationship": "Inner",
                      "Parallel Aware": true,
                      "Startup Cost": 83520.71,
                      "Total Cost": 83520.71,
                      "Plan Rows": 109372,
                      "Plan Width": 8,
                      "Actual Startup Time": 410.876,
                      "Actual Total Time": 410.881,
                      "Actual Rows": 56348,
                      "Actual Loops": 6,
                      "Hash Buckets": 524288,
                      "Original Hash Buckets": 524288,
                      "Hash Batches": 1,
                      "Original Hash Batches": 1,
                      "Peak Memory Usage": 17408,
                      "Plans": [
                        {
                          "Node Type": "Hash Join",
                          "Parent Relationship": "Outer",
                          "Parallel Aware": true,
                          "Join Type": "Inner",
                          "Startup Cost": 57412.47,
                          "Total Cost": 83520.71,
                          "Plan Rows": 109372,
                          "Plan Width": 8,
                          "Actual Startup Time": 319.961,
                          "Actual Total Time": 385.817,
                          "Actual Rows": 56348,
                          "Actual Loops": 6,
                          "Inner Unique": true,
                          "Hash Cond": "(mk.movie_id = t.id)",
                          "Plans": [
                            {
                              "Node Type": "Bitmap Heap Scan",
                              "Parent Relationship": "Outer",
                              "Parallel Aware": true,
                              "Relation Name": "movie_keyword",
                              "Alias": "mk",
                              "Startup Cost": 7192.09,
                              "Total Cost": 33013.23,
                              "Plan Rows": 109372,
                              "Plan Width": 4,
                              "Actual Startup Time": 23.818,
                              "Actual Total Time": 64.717,
                              "Actual Rows": 56348,
                              "Actual Loops": 6,
                              "Recheck Cond": "(keyword_id > 48896)",
                              "Rows Removed by Index Recheck": 0,
                              "Exact Heap Blocks": 4910,
                              "Lossy Heap Blocks": 0,
                              "Plans": [
                                {
                                  "Node Type": "Bitmap Index Scan",
                                  "Parent Relationship": "Outer",
                                  "Parallel Aware": false,
                                  "Index Name": "keyword_id_movie_keyword",
                                  "Startup Cost": 0.0,
                                  "Total Cost": 7107.32,
                                  "Plan Rows": 339052,
                                  "Plan Width": 0,
                                  "Actual Startup Time": 20.453,
                                  "Actual Total Time": 20.454,
                                  "Actual Rows": 338091,
                                  "Actual Loops": 1,
                                  "Index Cond": "(keyword_id > 48896)"
                                }
                              ]
                            },
                            {
                              "Node Type": "Hash",
                              "Parent Relationship": "Inner",
                              "Parallel Aware": true,
                              "Startup Cost": 42319.06,
                              "Total Cost": 42319.06,
                              "Plan Rows": 632106,
                              "Plan Width": 4,
                              "Actual Startup Time": 291.462,
                              "Actual Total Time": 291.463,
                              "Actual Rows": 421385,
                              "Actual Loops": 6,
                              "Hash Buckets": 4194304,
                              "Original Hash Buckets": 4194304,
                              "Hash Batches": 1,
                              "Original Hash Batches": 1,
                              "Peak Memory Usage": 131776,
                              "Plans": [
                                {
                                  "Node Type": "Seq Scan",
                                  "Parent Relationship": "Outer",
                                  "Parallel Aware": true,
                                  "Relation Name": "title",
                                  "Alias": "t",
                                  "Startup Cost": 0.0,
                                  "Total Cost": 42319.06,
                                  "Plan Rows": 632106,
                                  "Plan Width": 4,
                                  "Actual Startup Time": 0.052,
                                  "Actual Total Time": 86.073,
                                  "Actual Rows": 421385,
                                  "Actual Loops": 6
                                }
                              ]
                            }
                          ]
                        }
                      ]
                    }
                  ]
                }
              ]
            }
          ]
        }
      ]
    },
    "Planning Time": 0.544,
    "Triggers": [],
    "Execution Time": 1518.541
  }
]