[
  {
    "Plan": {
      "Node Type": "Aggregate",
      "Strategy": "Plain",
      "Partial Mode": "Finalize",
      "Parallel Aware": false,
      "Startup Cost": 291155.14,
      "Total Cost": 291155.15,
      "Plan Rows": 1,
      "Plan Width": 8,
      "Actual Startup Time": 1350.035,
      "Actual Total Time": 1395.746,
      "Actual Rows": 1,
      "Actual Loops": 1,
      "Plans": [
        {
          "Node Type": "Gather",
          "Parent Relationship": "Outer",
          "Parallel Aware": false,
          "Startup Cost": 291154.62,
          "Total Cost": 291155.13,
          "Plan Rows": 5,
          "Plan Width": 8,
          "Actual Startup Time": 1326.424,
          "Actual Total Time": 1395.735,
          "Actual Rows": 6,
          "Actual Loops": 1,
          "Workers Planned": 5,
          "Workers Launched": 5,
          "Single Copy": false,
          "Plans": [
            {
              "Node Type": "Aggregate",
              "Strategy": "Plain",
              "Partial Mode": "Partial",
              "Parent Relationship": "Outer",
              "Parallel Aware": false,
              "Startup Cost": 290154.62,
              "Total Cost": 290154.63,
              "Plan Rows": 1,
              "Plan Width": 8,
              "Actual Startup Time": 1315.987,
              "Actual Total Time": 1315.993,
              "Actual Rows": 1,
              "Actual Loops": 6,
              "Plans": [
                {
                  "Node Type": "Hash Join",
                  "Parent Relationship": "Outer",
                  "Parallel Aware": true,
                  "Join Type": "Inner",
                  "Startup Cost": 85172.83,
                  "Total Cost": 289135.67,
                  "Plan Rows": 407577,
                  "Plan Width": 0,
                  "Actual Startup Time": 385.262,
                  "Actual Total Time": 1185.321,
                  "Actual Rows": 3217276,
                  "Actual Loops": 6,
                  "Inner Unique": false,
                  "Hash Cond": "(mi.movie_id = t.id)",
                  "Plans": [
                    {
                      "Node Type": "Seq Scan",
                      "Parent Relationship": "Outer",
                      "Parallel Aware": true,
                      "Relation Name": "movie_info",
                      "Alias": "mi",
                      "Startup Cost": 0.0,
                      "Total Cost": 191560.33,
                      "Plan Rows": 2956733,
                      "Plan Width": 4,
                      "Actual Startup Time": 0.049,
                      "Actual Total Time": 285.548,
                      "Actual Rows": 2472620,
                      "Actual Loops": 6
                    },
                    {
                      "Node Type": "Hash",
                      "Parent Relationship": "Inner",
                      "Parallel Aware": true,
                      "Startup Cost": 83767.52,
                      "Total Cost": 83767.52,
                      "Plan Rows": 112425,
                      "Plan Width": 8,
                      "Actual Startup Time": 382.044,
                      "Actual Total Time": 382.048,
                      "Actual Rows": 56348,
                      "Actual Loops": 6,
                      "Hash Buckets": 524288,
                      "Original Hash Buckets": 524288,
                      "Hash Batches": 1,
                      "Original Hash Batches": 1,
                      "Peak Memory Usage": 17408,
                      "Plans": [
                        {
                          "Node Type": "Hash Join",
                          "Parent Relationship": "Outer",
                          "Parallel Aware": true,
                          "Join Type": "Inner",
                          "Startup Cost": 57613.09,
                          "Total Cost": 83767.52,
                          "Plan Rows": 112425,
                          "Plan Width": 8,
                          "Actual Startup Time": 298.238,
                          "Actual Total Time": 361.131,
                          "Actual Rows": 56348,
                          "Actual Loops": 6,
                          "Inner Unique": true,
                          "Hash Cond": "(mk.movie_id = t.id)",
                          "Plans": [
                            {
                              "Node Type": "Bitmap Heap Scan",
                              "Parent Relationship": "Outer",
                              "Parallel Aware": true,
                              "Relation Name": "movie_keyword",
                              "Alias": "mk",
                              "Startup Cost": 7393.45,
                              "Total Cost": 33252.76,
                              "Plan Rows": 112425,
                              "Plan Width": 4,
                              "Actual Startup Time": 21.887,
                              "Actual Total Time": 61.685,
                              "Actual Rows": 56348,
                              "Actual Loops": 6,
                              "Recheck Cond": "(keyword_id > 48896)",
                              "Rows Removed by Index Recheck": 0,
                              "Exact Heap Blocks": 5201,
                              "Lossy Heap Blocks": 0,
                              "Plans": [
                                {
                                  "Node Type": "Bitmap Index Scan",
                                  "Parent Relationship": "Outer",
                                  "Parallel Aware": false,
                                  "Index Name": "keyword_id_movie_keyword",
                                  "Startup Cost": 0.0,
                                  "Total Cost": 7306.32,
                                  "Plan Rows": 348518,
                                  "Plan Width": 0,
                                  "Actual Startup Time": 18.653,
                                  "Actual Total Time": 18.654,
                                  "Actual Rows": 338091,
                                  "Actual Loops": 1,
                                  "Index Cond": "(keyword_id > 48896)"
                                }
                              ]
                            },
                            {
                              "Node Type": "Hash",
                              "Parent Relationship": "Inner",
                              "Parallel Aware": true,
                              "Startup Cost": 42318.73,
                              "Total Cost": 42318.73,
                              "Plan Rows": 632073,
                              "Plan Width": 4,
                              "Actual Startup Time": 270.701,
                              "Actual Total Time": 270.701,
                              "Actual Rows": 421385,
                              "Actual Loops": 6,
                              "Hash Buckets": 4194304,
                              "Original Hash Buckets": 4194304,
                              "Hash Batches": 1,
                              "Original Hash Batches": 1,
                              "Peak Memory Usage": 131744,
                              "Plans": [
                                {
                                  "Node Type": "Seq Scan",
                                  "Parent Relationship": "Outer",
                                  "Parallel Aware": true,
                                  "Relation Name": "title",
                                  "Alias": "t",
                                  "Startup Cost": 0.0,
                                  "Total Cost": 42318.73,
                                  "Plan Rows": 632073,
                                  "Plan Width": 4,
                                  "Actual Startup Time": 0.054,
                                  "Actual Total Time": 77.418,
                                  "Actual Rows": 421385,
                                  "Actual Loops": 6
                                }
                              ]
                            }
                          ]
                        }
                      ]
                    }
                  ]
                }
              ]
            }
          ]
        }
      ]
    },
    "Planning Time": 1.355,
    "Triggers": [],
    "Execution Time": 1395.86
  }
]