[
  {
    "Plan": {
      "Node Type": "Aggregate",
      "Strategy": "Plain",
      "Partial Mode": "Finalize",
      "Parallel Aware": false,
      "Startup Cost": 47231.26,
      "Total Cost": 47231.27,
      "Plan Rows": 1,
      "Plan Width": 8,
      "Actual Startup Time": 185.292,
      "Actual Total Time": 195.392,
      "Actual Rows": 1,
      "Actual Loops": 1,
      "Plans": [
        {
          "Node Type": "Gather",
          "Parent Relationship": "Outer",
          "Parallel Aware": false,
          "Startup Cost": 47230.94,
          "Total Cost": 47231.25,
          "Plan Rows": 3,
          "Plan Width": 8,
          "Actual Startup Time": 185.169,
          "Actual Total Time": 195.382,
          "Actual Rows": 4,
          "Actual Loops": 1,
          "Workers Planned": 3,
          "Workers Launched": 3,
          "Single Copy": false,
          "Plans": [
            {
              "Node Type": "Aggregate",
              "Strategy": "Plain",
              "Partial Mode": "Partial",
              "Parent Relationship": "Outer",
              "Parallel Aware": false,
              "Startup Cost": 46230.94,
              "Total Cost": 46230.95,
              "Plan Rows": 1,
              "Plan Width": 8,
              "Actual Startup Time": 178.983,
              "Actual Total Time": 178.985,
              "Actual Rows": 1,
              "Actual Loops": 4,
              "Plans": [
                {
                  "Node Type": "Seq Scan",
                  "Parent Relationship": "Outer",
                  "Parallel Aware": true,
                  "Relation Name": "movie_keyword",
                  "Alias": "mk",
                  "Startup Cost": 0.0,
                  "Total Cost": 42695.65,
                  "Plan Rows": 1414115,
                  "Plan Width": 0,
                  "Actual Startup Time": 0.048,
                  "Actual Total Time": 129.531,
                  "Actual Rows": 1096721,
                  "Actual Loops": 4,
                  "Filter": "(keyword_id < 75397)",
                  "Rows Removed by Filter": 34261
                }
              ]
            }
          ]
        }
      ]
    },
    "Planning Time": 0.115,
    "Triggers": [],
    "Execution Time": 195.43
  }
]