[
    {
        "Bao": {
            "Bao prediction": 499.925,
            "Bao recommended hint": "(no hint)"
        }
    },
    {
        "Plan": {
            "Node Type": "Aggregate",
            "Strategy": "Plain",
            "Partial Mode": "Finalize",
            "Parallel Aware": false,
            "Startup Cost": 351501.1,
            "Total Cost": 351501.11,
            "Plan Rows": 1,
            "Plan Width": 8,
            "Actual Startup Time": 997.152,
            "Actual Total Time": 1029.642,
            "Actual Rows": 1,
            "Actual Loops": 1,
            "Output": [
                "count(*)"
            ],
            "Plans": [
                {
                    "Node Type": "Gather",
                    "Parent Relationship": "Outer",
                    "Parallel Aware": false,
                    "Startup Cost": 351500.47,
                    "Total Cost": 351501.08,
                    "Plan Rows": 6,
                    "Plan Width": 8,
                    "Actual Startup Time": 997.045,
                    "Actual Total Time": 1029.627,
                    "Actual Rows": 7,
                    "Actual Loops": 1,
                    "Output": [
                        "(PARTIAL count(*))"
                    ],
                    "Workers Planned": 6,
                    "Workers Launched": 6,
                    "Single Copy": false,
                    "Plans": [
                        {
                            "Node Type": "Aggregate",
                            "Strategy": "Plain",
                            "Partial Mode": "Partial",
                            "Parent Relationship": "Outer",
                            "Parallel Aware": false,
                            "Startup Cost": 350500.47,
                            "Total Cost": 350500.48,
                            "Plan Rows": 1,
                            "Plan Width": 8,
                            "Actual Startup Time": 987.856,
                            "Actual Total Time": 987.857,
                            "Actual Rows": 1,
                            "Actual Loops": 7,
                            "Output": [
                                "PARTIAL count(*)"
                            ],
                            "Workers": [
                                {
                                    "Worker Number": 0,
                                    "Actual Startup Time": 985.216,
                                    "Actual Total Time": 985.217,
                                    "Actual Rows": 1,
                                    "Actual Loops": 1
                                },
                                {
                                    "Worker Number": 1,
                                    "Actual Startup Time": 985.522,
                                    "Actual Total Time": 985.524,
                                    "Actual Rows": 1,
                                    "Actual Loops": 1
                                },
                                {
                                    "Worker Number": 2,
                                    "Actual Startup Time": 988.816,
                                    "Actual Total Time": 988.817,
                                    "Actual Rows": 1,
                                    "Actual Loops": 1
                                },
                                {
                                    "Worker Number": 3,
                                    "Actual Startup Time": 986.315,
                                    "Actual Total Time": 986.316,
                                    "Actual Rows": 1,
                                    "Actual Loops": 1
                                },
                                {
                                    "Worker Number": 4,
                                    "Actual Startup Time": 986.334,
                                    "Actual Total Time": 986.335,
                                    "Actual Rows": 1,
                                    "Actual Loops": 1
                                },
                                {
                                    "Worker Number": 5,
                                    "Actual Startup Time": 986.542,
                                    "Actual Total Time": 986.543,
                                    "Actual Rows": 1,
                                    "Actual Loops": 1
                                }
                            ],
                            "Plans": [
                                {
                                    "Node Type": "Seq Scan",
                                    "Parent Relationship": "Outer",
                                    "Parallel Aware": true,
                                    "Relation Name": "cast_info",
                                    "Schema": "public",
                                    "Alias": "ci",
                                    "Startup Cost": 0.0,
                                    "Total Cost": 343318.94,
                                    "Plan Rows": 2872612,
                                    "Plan Width": 0,
                                    "Actual Startup Time": 285.578,
                                    "Actual Total Time": 856.3,
                                    "Actual Rows": 1985130,
                                    "Actual Loops": 7,
                                    "Output": [
                                        "id",
                                        "person_id",
                                        "movie_id",
                                        "person_role_id",
                                        "note",
                                        "nr_order",
                                        "role_id"
                                    ],
                                    "Filter": "((ci.person_id < 2741078) AND (ci.role_id > 1))",
                                    "Rows Removed by Filter": 3192633,
                                    "Workers": [
                                        {
                                            "Worker Number": 0,
                                            "Actual Startup Time": 282.92,
                                            "Actual Total Time": 856.329,
                                            "Actual Rows": 1925855,
                                            "Actual Loops": 1
                                        },
                                        {
                                            "Worker Number": 1,
                                            "Actual Startup Time": 283.244,
                                            "Actual Total Time": 856.457,
                                            "Actual Rows": 1937369,
                                            "Actual Loops": 1
                                        },
                                        {
                                            "Worker Number": 2,
                                            "Actual Startup Time": 286.544,
                                            "Actual Total Time": 859.547,
                                            "Actual Rows": 1939224,
                                            "Actual Loops": 1
                                        },
                                        {
                                            "Worker Number": 3,
                                            "Actual Startup Time": 284.049,
                                            "Actual Total Time": 858.686,
                                            "Actual Rows": 1913855,
                                            "Actual Loops": 1
                                        },
                                        {
                                            "Worker Number": 4,
                                            "Actual Startup Time": 284.055,
                                            "Actual Total Time": 859.021,
                                            "Actual Rows": 1906247,
                                            "Actual Loops": 1
                                        },
                                        {
                                            "Worker Number": 5,
                                            "Actual Startup Time": 284.267,
                                            "Actual Total Time": 857.295,
                                            "Actual Rows": 1940135,
                                            "Actual Loops": 1
                                        }
                                    ]
                                }
                            ]
                        }
                    ]
                }
            ]
        },
        "Planning Time": 697.743,
        "Triggers": [],
        "Execution Time": 1029.755
    }
]