[
  {
    "Bao": {
      "Bao prediction": 622.578,
      "Bao recommended hint": "SET enable_nestloop TO off; "
    }
  },
  {
    "Plan": {
      "Node Type": "Aggregate",
      "Strategy": "Plain",
      "Partial Mode": "Finalize",
      "Parallel Aware": false,
      "Startup Cost": 464253.72,
      "Total Cost": 464253.73,
      "Plan Rows": 1,
      "Plan Width": 64,
      "Actual Startup Time": 2220.76,
      "Actual Total Time": 2274.688,
      "Actual Rows": 1,
      "Actual Loops": 1,
      "Plans": [
        {
          "Node Type": "Gather",
          "Parent Relationship": "Outer",
          "Parallel Aware": false,
          "Startup Cost": 464253.29,
          "Total Cost": 464253.7,
          "Plan Rows": 4,
          "Plan Width": 64,
          "Actual Startup Time": 2209.637,
          "Actual Total Time": 2274.665,
          "Actual Rows": 5,
          "Actual Loops": 1,
          "Workers Planned": 4,
          "Workers Launched": 4,
          "Single Copy": false,
          "Plans": [
            {
              "Node Type": "Aggregate",
              "Strategy": "Plain",
              "Partial Mode": "Partial",
              "Parent Relationship": "Outer",
              "Parallel Aware": false,
              "Startup Cost": 463253.29,
              "Total Cost": 463253.3,
              "Plan Rows": 1,
              "Plan Width": 64,
              "Actual Startup Time": 2190.9,
              "Actual Total Time": 2190.925,
              "Actual Rows": 1,
              "Actual Loops": 5,
              "Plans": [
                {
                  "Node Type": "Hash Join",
                  "Parent Relationship": "Outer",
                  "Parallel Aware": true,
                  "Join Type": "Inner",
                  "Startup Cost": 417548.65,
                  "Total Cost": 463251.67,
                  "Plan Rows": 323,
                  "Plan Width": 33,
                  "Actual Startup Time": 2190.89,
                  "Actual Total Time": 2190.915,
                  "Actual Rows": 0,
                  "Actual Loops": 5,
                  "Inner Unique": false,
                  "Hash Cond": "(t.id = mc.movie_id)",
                  "Plans": [
                    {
                      "Node Type": "Seq Scan",
                      "Parent Relationship": "Outer",
                      "Parallel Aware": true,
                      "Relation Name": "title",
                      "Alias": "t",
                      "Startup Cost": 0.0,
                      "Total Cost": 43898.97,
                      "Plan Rows": 480936,
                      "Plan Width": 21,
                      "Actual Startup Time": 0.0,
                      "Actual Total Time": 0.0,
                      "Actual Rows": 0,
                      "Actual Loops": 0,
                      "Filter": "(production_year < 2010)",
                      "Rows Removed by Filter": 0
                    },
                    {
                      "Node Type": "Hash",
                      "Parent Relationship": "Inner",
                      "Parallel Aware": true,
                      "Startup Cost": 417545.11,
                      "Total Cost": 417545.11,
                      "Plan Rows": 283,
                      "Plan Width": 24,
                      "Actual Startup Time": 2190.118,
                      "Actual Total Time": 2190.14,
                      "Actual Rows": 0,
                      "Actual Loops": 5,
                      "Hash Buckets": 2048,
                      "Original Hash Buckets": 2048,
                      "Hash Batches": 1,
                      "Original Hash Batches": 1,
                      "Peak Memory Usage": 0,
                      "Plans": [
                        {
                          "Node Type": "Hash Join",
                          "Parent Relationship": "Outer",
                          "Parallel Aware": false,
                          "Join Type": "Inner",
                          "Startup Cost": 88323.32,
                          "Total Cost": 417545.11,
                          "Plan Rows": 283,
                          "Plan Width": 24,
                          "Actual Startup Time": 2177.197,
                          "Actual Total Time": 2177.218,
                          "Actual Rows": 0,
                          "Actual Loops": 5,
                          "Inner Unique": true,
                          "Hash Cond": "(mc.company_type_id = ct.id)",
                          "Plans": [
                            {
                              "Node Type": "Hash Join",
                              "Parent Relationship": "Outer",
                              "Parallel Aware": true,
                              "Join Type": "Inner",
                              "Startup Cost": 88322.23,
                              "Total Cost": 417542.49,
                              "Plan Rows": 283,
                              "Plan Width": 28,
                              "Actual Startup Time": 2177.052,
                              "Actual Total Time": 2177.07,
                              "Actual Rows": 0,
                              "Actual Loops": 5,
                              "Inner Unique": true,
                              "Hash Cond": "(ci.person_role_id = chn.id)",
                              "Plans": [
                                {
                                  "Node Type": "Hash Join",
                                  "Parent Relationship": "Outer",
                                  "Parallel Aware": false,
                                  "Join Type": "Inner",
                                  "Startup Cost": 34209.03,
                                  "Total Cost": 363428.55,
                                  "Plan Rows": 283,
                                  "Plan Width": 16,
                                  "Actual Startup Time": 1477.305,
                                  "Actual Total Time": 1477.321,
                                  "Actual Rows": 0,
                                  "Actual Loops": 5,
                                  "Inner Unique": true,
                                  "Hash Cond": "(ci.role_id = rt.id)",
                                  "Plans": [
                                    {
                                      "Node Type": "Hash Join",
                                      "Parent Relationship": "Outer",
                                      "Parallel Aware": true,
                                      "Join Type": "Inner",
                                      "Startup Cost": 34207.87,
                                      "Total Cost": 363415.33,
                                      "Plan Rows": 3394,
                                      "Plan Width": 20,
                                      "Actual Startup Time": 780.592,
                                      "Actual Total Time": 1476.799,
                                      "Actual Rows": 2843,
                                      "Actual Loops": 5,
                                      "Inner Unique": false,
                                      "Hash Cond": "(ci.movie_id = mc.movie_id)",
                                      "Plans": [
                                        {
                                          "Node Type": "Seq Scan",
                                          "Parent Relationship": "Outer",
                                          "Parallel Aware": true,
                                          "Relation Name": "cast_info",
                                          "Alias": "ci",
                                          "Startup Cost": 0.0,
                                          "Total Cost": 328289.28,
                                          "Plan Rows": 241927,
                                          "Plan Width": 12,
                                          "Actual Startup Time": 167.348,
                                          "Actual Total Time": 1267.948,
                                          "Actual Rows": 287088,
                                          "Actual Loops": 5,
                                          "Filter": "(note ~~ '%(producer)%'::text)",
                                          "Rows Removed by Filter": 6961781
                                        },
                                        {
                                          "Node Type": "Hash",
                                          "Parent Relationship": "Inner",
                                          "Parallel Aware": true,
                                          "Startup Cost": 34148.59,
                                          "Total Cost": 34148.59,
                                          "Plan Rows": 4742,
                                          "Plan Width": 8,
                                          "Actual Startup Time": 164.705,
                                          "Actual Total Time": 164.714,
                                          "Actual Rows": 1758,
                                          "Actual Loops": 5,
                                          "Hash Buckets": 16384,
                                          "Original Hash Buckets": 16384,
                                          "Hash Batches": 1,
                                          "Original Hash Batches": 1,
                                          "Peak Memory Usage": 608,
                                          "Plans": [
                                            {
                                              "Node Type": "Hash Join",
                                              "Parent Relationship": "Outer",
                                              "Parallel Aware": true,
                                              "Join Type": "Inner",
                                              "Startup Cost": 4732.66,
                                              "Total Cost": 34148.59,
                                              "Plan Rows": 4742,
                                              "Plan Width": 8,
                                              "Actual Startup Time": 14.185,
                                              "Actual Total Time": 163.407,
                                              "Actual Rows": 1758,
                                              "Actual Loops": 5,
                                              "Inner Unique": true,
                                              "Hash Cond": "(mc.company_id = cn.id)",
                                              "Plans": [
                                                {
                                                  "Node Type": "Seq Scan",
                                                  "Parent Relationship": "Outer",
                                                  "Parallel Aware": true,
                                                  "Relation Name": "movie_companies",
                                                  "Alias": "mc",
                                                  "Startup Cost": 0.0,
                                                  "Total Cost": 27206.55,
                                                  "Plan Rows": 841655,
                                                  "Plan Width": 12,
                                                  "Actual Startup Time": 0.021,
                                                  "Actual Total Time": 84.574,
                                                  "Actual Rows": 521826,
                                                  "Actual Loops": 5
                                                },
                                                {
                                                  "Node Type": "Hash",
                                                  "Parent Relationship": "Inner",
                                                  "Parallel Aware": true,
                                                  "Startup Cost": 4722.92,
                                                  "Total Cost": 4722.92,
                                                  "Plan Rows": 779,
                                                  "Plan Width": 4,
                                                  "Actual Startup Time": 13.639,
                                                  "Actual Total Time": 13.643,
                                                  "Actual Rows": 272,
                                                  "Actual Loops": 5,
                                                  "Hash Buckets": 2048,
                                                  "Original Hash Buckets": 2048,
                                                  "Hash Batches": 1,
                                                  "Original Hash Batches": 1,
                                                  "Peak Memory Usage": 176,
                                                  "Plans": [
                                                    {
                                                      "Node Type": "Seq Scan",
                                                      "Parent Relationship": "Outer",
                                                      "Parallel Aware": true,
                                                      "Relation Name": "company_name",
                                                      "Alias": "cn",
                                                      "Startup Cost": 0.0,
                                                      "Total Cost": 4722.92,
                                                      "Plan Rows": 779,
                                                      "Plan Width": 4,
                                                      "Actual Startup Time": 0.123,
                                                      "Actual Total Time": 13.223,
                                                      "Actual Rows": 272,
                                                      "Actual Loops": 5,
                                                      "Filter": "((country_code)::text = '[ru]'::text)",
                                                      "Rows Removed by Filter": 46727
                                                    }
                                                  ]
                                                }
                                              ]
                                            }
                                          ]
                                        }
                                      ]
                                    },
                                    {
                                      "Node Type": "Hash",
                                      "Parent Relationship": "Inner",
                                      "Parallel Aware": false,
                                      "Startup Cost": 1.15,
                                      "Total Cost": 1.15,
                                      "Plan Rows": 1,
                                      "Plan Width": 4,
                                      "Actual Startup Time": 0.077,
                                      "Actual Total Time": 0.079,
                                      "Actual Rows": 1,
                                      "Actual Loops": 5,
                                      "Hash Buckets": 1024,
                                      "Original Hash Buckets": 1024,
                                      "Hash Batches": 1,
                                      "Original Hash Batches": 1,
                                      "Peak Memory Usage": 9,
                                      "Plans": [
                                        {
                                          "Node Type": "Seq Scan",
                                          "Parent Relationship": "Outer",
                                          "Parallel Aware": false,
                                          "Relation Name": "role_type",
                                          "Alias": "rt",
                                          "Startup Cost": 0.0,
                                          "Total Cost": 1.15,
                                          "Plan Rows": 1,
                                          "Plan Width": 4,
                                          "Actual Startup Time": 0.056,
                                          "Actual Total Time": 0.059,
                                          "Actual Rows": 1,
                                          "Actual Loops": 5,
                                          "Filter": "((role)::text = 'actor'::text)",
                                          "Rows Removed by Filter": 11
                                        }
                                      ]
                                    }
                                  ]
                                },
                                {
                                  "Node Type": "Hash",
                                  "Parent Relationship": "Inner",
                                  "Parallel Aware": true,
                                  "Startup Cost": 44299.2,
                                  "Total Cost": 44299.2,
                                  "Plan Rows": 785120,
                                  "Plan Width": 20,
                                  "Actual Startup Time": 687.426,
                                  "Actual Total Time": 687.428,
                                  "Actual Rows": 628068,
                                  "Actual Loops": 5,
                                  "Hash Buckets": 4194304,
                                  "Original Hash Buckets": 4194304,
                                  "Hash Batches": 1,
                                  "Original Hash Batches": 1,
                                  "Peak Memory Usage": 205152,
                                  "Plans": [
                                    {
                                      "Node Type": "Seq Scan",
                                      "Parent Relationship": "Outer",
                                      "Parallel Aware": true,
                                      "Relation Name": "char_name",
                                      "Alias": "chn",
                                      "Startup Cost": 0.0,
                                      "Total Cost": 44299.2,
                                      "Plan Rows": 785120,
                                      "Plan Width": 20,
                                      "Actual Startup Time": 0.092,
                                      "Actual Total Time": 180.29,
                                      "Actual Rows": 628068,
                                      "Actual Loops": 5
                                    }
                                  ]
                                }
                              ]
                            },
                            {
                              "Node Type": "Hash",
                              "Parent Relationship": "Inner",
                              "Parallel Aware": false,
                              "Startup Cost": 1.04,
                              "Total Cost": 1.04,
                              "Plan Rows": 4,
                              "Plan Width": 4,
                              "Actual Startup Time": 0.093,
                              "Actual Total Time": 0.094,
                              "Actual Rows": 4,
                              "Actual Loops": 5,
                              "Hash Buckets": 1024,
                              "Original Hash Buckets": 1024,
                              "Hash Batches": 1,
                              "Original Hash Batches": 1,
                              "Peak Memory Usage": 9,
                              "Plans": [
                                {
                                  "Node Type": "Seq Scan",
                                  "Parent Relationship": "Outer",
                                  "Parallel Aware": false,
                                  "Relation Name": "company_type",
                                  "Alias": "ct",
                                  "Startup Cost": 0.0,
                                  "Total Cost": 1.04,
                                  "Plan Rows": 4,
                                  "Plan Width": 4,
                                  "Actual Startup Time": 0.057,
                                  "Actual Total Time": 0.06,
                                  "Actual Rows": 4,
                                  "Actual Loops": 5
                                }
                              ]
                            }
                          ]
                        }
                      ]
                    }
                  ]
                }
              ]
            }
          ]
        }
      ]
    },
    "Planning Time": 403.201,
    "Triggers": [],
    "Execution Time": 2275.236
  }
]