[
  {
    "Plan": {
      "Node Type": "Aggregate",
      "Strategy": "Plain",
      "Partial Mode": "Finalize",
      "Parallel Aware": false,
      "Startup Cost": 45620.5,
      "Total Cost": 45620.51,
      "Plan Rows": 1,
      "Plan Width": 8,
      "Actual Startup Time": 149.689,
      "Actual Total Time": 161.458,
      "Actual Rows": 1,
      "Actual Loops": 1,
      "Plans": [
        {
          "Node Type": "Gather",
          "Parent Relationship": "Outer",
          "Parallel Aware": false,
          "Startup Cost": 45620.19,
          "Total Cost": 45620.5,
          "Plan Rows": 3,
          "Plan Width": 8,
          "Actual Startup Time": 149.552,
          "Actual Total Time": 161.451,
          "Actual Rows": 4,
          "Actual Loops": 1,
          "Workers Planned": 3,
          "Workers Launched": 3,
          "Single Copy": false,
          "Plans": [
            {
              "Node Type": "Aggregate",
              "Strategy": "Plain",
              "Partial Mode": "Partial",
              "Parent Relationship": "Outer",
              "Parallel Aware": false,
              "Startup Cost": 44620.19,
              "Total Cost": 44620.2,
              "Plan Rows": 1,
              "Plan Width": 8,
              "Actual Startup Time": 143.957,
              "Actual Total Time": 143.958,
              "Actual Rows": 1,
              "Actual Loops": 4,
              "Plans": [
                {
                  "Node Type": "Seq Scan",
                  "Parent Relationship": "Outer",
                  "Parallel Aware": true,
                  "Relation Name": "movie_keyword",
                  "Alias": "mk",
                  "Startup Cost": 0.0,
                  "Total Cost": 42695.65,
                  "Plan Rows": 769813,
                  "Plan Width": 0,
                  "Actual Startup Time": 0.467,
                  "Actual Total Time": 116.123,
                  "Actual Rows": 592812,
                  "Actual Loops": 4,
                  "Filter": "(keyword_id > 4047)",
                  "Rows Removed by Filter": 538170
                }
              ]
            }
          ]
        }
      ]
    },
    "Planning Time": 0.133,
    "Triggers": [],
    "Execution Time": 161.5
  }
]