[
  {
    "Plan": {
      "Node Type": "Aggregate",
      "Strategy": "Plain",
      "Partial Mode": "Simple",
      "Parallel Aware": false,
      "Startup Cost": 11981.08,
      "Total Cost": 11981.09,
      "Plan Rows": 1,
      "Plan Width": 8,
      "Actual Startup Time": 15.11,
      "Actual Total Time": 15.111,
      "Actual Rows": 1,
      "Actual Loops": 1,
      "Plans": [
        {
          "Node Type": "Bitmap Heap Scan",
          "Parent Relationship": "Outer",
          "Parallel Aware": false,
          "Relation Name": "movie_companies",
          "Alias": "mc",
          "Startup Cost": 117.53,
          "Total Cost": 11974.49,
          "Plan Rows": 2636,
          "Plan Width": 0,
          "Actual Startup Time": 3.331,
          "Actual Total Time": 14.169,
          "Actual Rows": 4898,
          "Actual Loops": 1,
          "Recheck Cond": "(company_id = 1709)",
          "Rows Removed by Index Recheck": 0,
          "Filter": "(company_type_id = 1)",
          "Rows Removed by Filter": 266,
          "Exact Heap Blocks": 3075,
          "Lossy Heap Blocks": 0,
          "Plans": [
            {
              "Node Type": "Bitmap Index Scan",
              "Parent Relationship": "Outer",
              "Parallel Aware": false,
              "Index Name": "company_id_movie_companies",
              "Startup Cost": 0.0,
              "Total Cost": 116.87,
              "Plan Rows": 5392,
              "Plan Width": 0,
              "Actual Startup Time": 2.097,
              "Actual Total Time": 2.097,
              "Actual Rows": 5164,
              "Actual Loops": 1,
              "Index Cond": "(company_id = 1709)"
            }
          ]
        }
      ]
    },
    "Planning Time": 0.219,
    "Triggers": [],
    "Execution Time": 15.18
  }
]