[
  {
    "Plan": {
      "Node Type": "Aggregate",
      "Strategy": "Plain",
      "Partial Mode": "Finalize",
      "Parallel Aware": false,
      "Startup Cost": 30126.56,
      "Total Cost": 30126.57,
      "Plan Rows": 1,
      "Plan Width": 8,
      "Actual Startup Time": 36.802,
      "Actual Total Time": 39.842,
      "Actual Rows": 1,
      "Actual Loops": 1,
      "Plans": [
        {
          "Node Type": "Gather",
          "Parent Relationship": "Outer",
          "Parallel Aware": false,
          "Startup Cost": 30126.35,
          "Total Cost": 30126.56,
          "Plan Rows": 2,
          "Plan Width": 8,
          "Actual Startup Time": 36.666,
          "Actual Total Time": 39.834,
          "Actual Rows": 3,
          "Actual Loops": 1,
          "Workers Planned": 2,
          "Workers Launched": 2,
          "Single Copy": false,
          "Plans": [
            {
              "Node Type": "Aggregate",
              "Strategy": "Plain",
              "Partial Mode": "Partial",
              "Parent Relationship": "Outer",
              "Parallel Aware": false,
              "Startup Cost": 29126.35,
              "Total Cost": 29126.36,
              "Plan Rows": 1,
              "Plan Width": 8,
              "Actual Startup Time": 28.582,
              "Actual Total Time": 28.584,
              "Actual Rows": 1,
              "Actual Loops": 3,
              "Plans": [
                {
                  "Node Type": "Nested Loop",
                  "Parent Relationship": "Outer",
                  "Parallel Aware": false,
                  "Join Type": "Inner",
                  "Startup Cost": 184.97,
                  "Total Cost": 29125.62,
                  "Plan Rows": 291,
                  "Plan Width": 0,
                  "Actual Startup Time": 15.528,
                  "Actual Total Time": 28.567,
                  "Actual Rows": 51,
                  "Actual Loops": 3,
                  "Inner Unique": false,
                  "Plans": [
                    {
                      "Node Type": "Nested Loop",
                      "Parent Relationship": "Outer",
                      "Parallel Aware": false,
                      "Join Type": "Inner",
                      "Startup Cost": 184.54,
                      "Total Cost": 28391.67,
                      "Plan Rows": 87,
                      "Plan Width": 8,
                      "Actual Startup Time": 11.662,
                      "Actual Total Time": 27.568,
                      "Actual Rows": 98,
                      "Actual Loops": 3,
                      "Inner Unique": true,
                      "Plans": [
                        {
                          "Node Type": "Bitmap Heap Scan",
                          "Parent Relationship": "Outer",
                          "Parallel Aware": true,
                          "Relation Name": "movie_companies",
                          "Alias": "mc",
                          "Startup Cost": 184.11,
                          "Total Cost": 15205.39,
                          "Plan Rows": 1766,
                          "Plan Width": 4,
                          "Actual Startup Time": 1.368,
                          "Actual Total Time": 3.856,
                          "Actual Rows": 2869,
                          "Actual Loops": 3,
                          "Recheck Cond": "(company_id = 596)",
                          "Rows Removed by Index Recheck": 0,
                          "Filter": "(company_type_id = 2)",
                          "Rows Removed by Filter": 32,
                          "Exact Heap Blocks": 642,
                          "Lossy Heap Blocks": 0,
                          "Plans": [
                            {
                              "Node Type": "Bitmap Index Scan",
                              "Parent Relationship": "Outer",
                              "Parallel Aware": false,
                              "Index Name": "company_id_movie_companies",
                              "Startup Cost": 0.0,
                              "Total Cost": 183.05,
                              "Plan Rows": 8349,
                              "Plan Width": 0,
                              "Actual Startup Time": 3.121,
                              "Actual Total Time": 3.121,
                              "Actual Rows": 8702,
                              "Actual Loops": 1,
                              "Index Cond": "(company_id = 596)"
                            }
                          ]
                        },
                        {
                          "Node Type": "Index Scan",
                          "Parent Relationship": "Inner",
                          "Parallel Aware": false,
                          "Scan Direction": "Forward",
                          "Index Name": "title_pkey",
                          "Relation Name": "title",
                          "Alias": "t",
                          "Startup Cost": 0.43,
                          "Total Cost": 7.47,
                          "Plan Rows": 1,
                          "Plan Width": 4,
                          "Actual Startup Time": 0.008,
                          "Actual Total Time": 0.008,
                          "Actual Rows": 0,
                          "Actual Loops": 8606,
                          "Index Cond": "(id = mc.movie_id)",
                          "Rows Removed by Index Recheck": 0,
                          "Filter": "(production_year = 2007)",
                          "Rows Removed by Filter": 1
                        }
                      ]
                    },
                    {
                      "Node Type": "Index Scan",
                      "Parent Relationship": "Inner",
                      "Parallel Aware": false,
                      "Scan Direction": "Forward",
                      "Index Name": "movie_id_movie_info",
                      "Relation Name": "movie_info",
                      "Alias": "mi",
                      "Startup Cost": 0.43,
                      "Total Cost": 8.2,
                      "Plan Rows": 24,
                      "Plan Width": 4,
                      "Actual Startup Time": 0.006,
                      "Actual Total Time": 0.01,
                      "Actual Rows": 1,
                      "Actual Loops": 293,
                      "Index Cond": "(movie_id = t.id)",
                      "Rows Removed by Index Recheck": 0,
                      "Filter": "(info_type_id < 9)",
                      "Rows Removed by Filter": 2
                    }
                  ]
                }
              ]
            }
          ]
        }
      ]
    },
    "Planning Time": 1.535,
    "Triggers": [],
    "Execution Time": 39.939
  }
]