[
  {
    "Plan": {
      "Node Type": "Aggregate",
      "Strategy": "Plain",
      "Partial Mode": "Finalize",
      "Parallel Aware": false,
      "Startup Cost": 9617.79,
      "Total Cost": 9617.8,
      "Plan Rows": 1,
      "Plan Width": 8,
      "Actual Startup Time": 39.361,
      "Actual Total Time": 41.859,
      "Actual Rows": 1,
      "Actual Loops": 1,
      "Plans": [
        {
          "Node Type": "Gather",
          "Parent Relationship": "Outer",
          "Parallel Aware": false,
          "Startup Cost": 9617.48,
          "Total Cost": 9617.79,
          "Plan Rows": 3,
          "Plan Width": 8,
          "Actual Startup Time": 39.176,
          "Actual Total Time": 41.853,
          "Actual Rows": 4,
          "Actual Loops": 1,
          "Workers Planned": 3,
          "Workers Launched": 3,
          "Single Copy": false,
          "Plans": [
            {
              "Node Type": "Aggregate",
              "Strategy": "Plain",
              "Partial Mode": "Partial",
              "Parent Relationship": "Outer",
              "Parallel Aware": false,
              "Startup Cost": 8617.48,
              "Total Cost": 8617.49,
              "Plan Rows": 1,
              "Plan Width": 8,
              "Actual Startup Time": 31.553,
              "Actual Total Time": 31.554,
              "Actual Rows": 1,
              "Actual Loops": 4,
              "Plans": [
                {
                  "Node Type": "Index Scan",
                  "Parent Relationship": "Outer",
                  "Parallel Aware": true,
                  "Scan Direction": "Forward",
                  "Index Name": "role_id_cast_info",
                  "Relation Name": "cast_info",
                  "Alias": "ci",
                  "Startup Cost": 0.56,
                  "Total Cost": 8600.37,
                  "Plan Rows": 6842,
                  "Plan Width": 0,
                  "Actual Startup Time": 0.142,
                  "Actual Total Time": 27.732,
                  "Actual Rows": 45024,
                  "Actual Loops": 4,
                  "Index Cond": "(role_id > 10)",
                  "Rows Removed by Index Recheck": 0,
                  "Filter": "(person_id > 3580607)",
                  "Rows Removed by Filter": 34005
                }
              ]
            }
          ]
        }
      ]
    },
    "Planning Time": 0.119,
    "Triggers": [],
    "Execution Time": 41.893
  }
]