[
  {
    "Plan": {
      "Node Type": "Aggregate",
      "Strategy": "Plain",
      "Partial Mode": "Finalize",
      "Parallel Aware": false,
      "Startup Cost": 32780.8,
      "Total Cost": 32780.81,
      "Plan Rows": 1,
      "Plan Width": 8,
      "Actual Startup Time": 97.062,
      "Actual Total Time": 105.171,
      "Actual Rows": 1,
      "Actual Loops": 1,
      "Plans": [
        {
          "Node Type": "Gather",
          "Parent Relationship": "Outer",
          "Parallel Aware": false,
          "Startup Cost": 32780.48,
          "Total Cost": 32780.79,
          "Plan Rows": 3,
          "Plan Width": 8,
          "Actual Startup Time": 96.96,
          "Actual Total Time": 105.162,
          "Actual Rows": 4,
          "Actual Loops": 1,
          "Workers Planned": 3,
          "Workers Launched": 3,
          "Single Copy": false,
          "Plans": [
            {
              "Node Type": "Aggregate",
              "Strategy": "Plain",
              "Partial Mode": "Partial",
              "Parent Relationship": "Outer",
              "Parallel Aware": false,
              "Startup Cost": 31780.48,
              "Total Cost": 31780.49,
              "Plan Rows": 1,
              "Plan Width": 8,
              "Actual Startup Time": 89.673,
              "Actual Total Time": 89.674,
              "Actual Rows": 1,
              "Actual Loops": 4,
              "Plans": [
                {
                  "Node Type": "Seq Scan",
                  "Parent Relationship": "Outer",
                  "Parallel Aware": true,
                  "Relation Name": "movie_companies",
                  "Alias": "mc",
                  "Startup Cost": 0.0,
                  "Total Cost": 31414.82,
                  "Plan Rows": 146265,
                  "Plan Width": 0,
                  "Actual Startup Time": 0.03,
                  "Actual Total Time": 78.19,
                  "Actual Rows": 164231,
                  "Actual Loops": 4,
                  "Filter": "((company_id < 3270) AND (company_type_id < 2))",
                  "Rows Removed by Filter": 488052
                }
              ]
            }
          ]
        }
      ]
    },
    "Planning Time": 0.221,
    "Triggers": [],
    "Execution Time": 105.225
  }
]