{
    "Plan": {
        "Node Type": "Aggregate",
        "Strategy": "Plain",
        "Partial Mode": "Finalize",
        "Parallel Aware": false,
        "Startup Cost": 95802.46,
        "Total Cost": 95802.47,
        "Plan Rows": 1,
        "Plan Width": 8,
        "Actual Startup Time": 919.079,
        "Actual Total Time": 997.61,
        "Actual Rows": 1,
        "Actual Loops": 1,
        "Output": [
            "count(*)"
        ],
        "Plans": [
            {
                "Node Type": "Gather",
                "Parent Relationship": "Outer",
                "Parallel Aware": false,
                "Startup Cost": 95802.25,
                "Total Cost": 95802.46,
                "Plan Rows": 2,
                "Plan Width": 8,
                "Actual Startup Time": 918.488,
                "Actual Total Time": 997.599,
                "Actual Rows": 3,
                "Actual Loops": 1,
                "Output": [
                    "(PARTIAL count(*))"
                ],
                "Workers Planned": 2,
                "Workers Launched": 2,
                "Single Copy": false,
                "Plans": [
                    {
                        "Node Type": "Aggregate",
                        "Strategy": "Plain",
                        "Partial Mode": "Partial",
                        "Parent Relationship": "Outer",
                        "Parallel Aware": false,
                        "Startup Cost": 94802.25,
                        "Total Cost": 94802.26,
                        "Plan Rows": 1,
                        "Plan Width": 8,
                        "Actual Startup Time": 910.392,
                        "Actual Total Time": 910.395,
                        "Actual Rows": 1,
                        "Actual Loops": 3,
                        "Output": [
                            "PARTIAL count(*)"
                        ],
                        "Workers": [
                            {
                                "Worker Number": 0,
                                "Actual Startup Time": 906.465,
                                "Actual Total Time": 906.469,
                                "Actual Rows": 1,
                                "Actual Loops": 1
                            },
                            {
                                "Worker Number": 1,
                                "Actual Startup Time": 906.919,
                                "Actual Total Time": 906.922,
                                "Actual Rows": 1,
                                "Actual Loops": 1
                            }
                        ],
                        "Plans": [
                            {
                                "Node Type": "Nested Loop",
                                "Parent Relationship": "Outer",
                                "Parallel Aware": false,
                                "Join Type": "Inner",
                                "Startup Cost": 45751.12,
                                "Total Cost": 94606.34,
                                "Plan Rows": 78362,
                                "Plan Width": 0,
                                "Actual Startup Time": 156.766,
                                "Actual Total Time": 892.372,
                                "Actual Rows": 313070,
                                "Actual Loops": 3,
                                "Inner Unique": false,
                                "Join Filter": "(t.id = ci.movie_id)",
                                "Rows Removed by Join Filter": 0,
                                "Workers": [
                                    {
                                        "Worker Number": 0,
                                        "Actual Startup Time": 153.042,
                                        "Actual Total Time": 886.822,
                                        "Actual Rows": 212889,
                                        "Actual Loops": 1
                                    },
                                    {
                                        "Worker Number": 1,
                                        "Actual Startup Time": 153.119,
                                        "Actual Total Time": 890.855,
                                        "Actual Rows": 303211,
                                        "Actual Loops": 1
                                    }
                                ],
                                "Plans": [
                                    {
                                        "Node Type": "Hash Join",
                                        "Parent Relationship": "Outer",
                                        "Parallel Aware": true,
                                        "Join Type": "Inner",
                                        "Startup Cost": 45750.56,
                                        "Total Cost": 61374.87,
                                        "Plan Rows": 6563,
                                        "Plan Width": 8,
                                        "Actual Startup Time": 156.621,
                                        "Actual Total Time": 213.174,
                                        "Actual Rows": 12086,
                                        "Actual Loops": 3,
                                        "Output": [
                                            "t.id",
                                            "mi_idx.movie_id"
                                        ],
                                        "Inner Unique": true,
                                        "Hash Cond": "(mi_idx.movie_id = t.id)",
                                        "Workers": [
                                            {
                                                "Worker Number": 0,
                                                "Actual Startup Time": 152.785,
                                                "Actual Total Time": 204.276,
                                                "Actual Rows": 8219,
                                                "Actual Loops": 1
                                            },
                                            {
                                                "Worker Number": 1,
                                                "Actual Startup Time": 152.996,
                                                "Actual Total Time": 205.49,
                                                "Actual Rows": 11749,
                                                "Actual Loops": 1
                                            }
                                        ],
                                        "Plans": [
                                            {
                                                "Node Type": "Seq Scan",
                                                "Parent Relationship": "Outer",
                                                "Parallel Aware": true,
                                                "Relation Name": "movie_info_idx",
                                                "Schema": "public",
                                                "Alias": "mi_idx",
                                                "Startup Cost": 0.0,
                                                "Total Cost": 15122.68,
                                                "Plan Rows": 191097,
                                                "Plan Width": 4,
                                                "Actual Startup Time": 0.01,
                                                "Actual Total Time": 40.348,
                                                "Actual Rows": 153308,
                                                "Actual Loops": 3,
                                                "Output": [
                                                    "mi_idx.id",
                                                    "mi_idx.movie_id",
                                                    "mi_idx.info_type_id",
                                                    "mi_idx.info",
                                                    "mi_idx.note"
                                                ],
                                                "Filter": "(mi_idx.info_type_id = 101)",
                                                "Rows Removed by Filter": 306703,
                                                "Workers": [
                                                    {
                                                        "Worker Number": 0,
                                                        "Actual Startup Time": 0.011,
                                                        "Actual Total Time": 40.682,
                                                        "Actual Rows": 105707,
                                                        "Actual Loops": 1
                                                    },
                                                    {
                                                        "Worker Number": 1,
                                                        "Actual Startup Time": 0.01,
                                                        "Actual Total Time": 37.595,
                                                        "Actual Rows": 152997,
                                                        "Actual Loops": 1
                                                    }
                                                ]
                                            },
                                            {
                                                "Node Type": "Hash",
                                                "Parent Relationship": "Inner",
                                                "Parallel Aware": true,
                                                "Startup Cost": 45479.21,
                                                "Total Cost": 45479.21,
                                                "Plan Rows": 21708,
                                                "Plan Width": 4,
                                                "Actual Startup Time": 129.853,
                                                "Actual Total Time": 129.854,
                                                "Actual Rows": 31942,
                                                "Actual Loops": 3,
                                                "Output": [
                                                    "t.id"
                                                ],
                                                "Hash Buckets": 131072,
                                                "Original Hash Buckets": 131072,
                                                "Hash Batches": 1,
                                                "Original Hash Batches": 1,
                                                "Peak Memory Usage": 4832,
                                                "Workers": [
                                                    {
                                                        "Worker Number": 0,
                                                        "Actual Startup Time": 127.439,
                                                        "Actual Total Time": 127.44,
                                                        "Actual Rows": 22612,
                                                        "Actual Loops": 1
                                                    },
                                                    {
                                                        "Worker Number": 1,
                                                        "Actual Startup Time": 127.657,
                                                        "Actual Total Time": 127.658,
                                                        "Actual Rows": 33577,
                                                        "Actual Loops": 1
                                                    }
                                                ],
                                                "Plans": [
                                                    {
                                                        "Node Type": "Seq Scan",
                                                        "Parent Relationship": "Outer",
                                                        "Parallel Aware": true,
                                                        "Relation Name": "title",
                                                        "Schema": "public",
                                                        "Alias": "t",
                                                        "Startup Cost": 0.0,
                                                        "Total Cost": 45479.21,
                                                        "Plan Rows": 21708,
                                                        "Plan Width": 4,
                                                        "Actual Startup Time": 74.295,
                                                        "Actual Total Time": 121.965,
                                                        "Actual Rows": 31942,
                                                        "Actual Loops": 3,
                                                        "Output": [
                                                            "t.id"
                                                        ],
                                                        "Filter": "((t.production_year > 1962) AND (t.kind_id = 3))",
                                                        "Rows Removed by Filter": 810828,
                                                        "Workers": [
                                                            {
                                                                "Worker Number": 0,
                                                                "Actual Startup Time": 71.832,
                                                                "Actual Total Time": 119.967,
                                                                "Actual Rows": 22612,
                                                                "Actual Loops": 1
                                                            },
                                                            {
                                                                "Worker Number": 1,
                                                                "Actual Startup Time": 71.807,
                                                                "Actual Total Time": 120.333,
                                                                "Actual Rows": 33577,
                                                                "Actual Loops": 1
                                                            }
                                                        ]
                                                    }
                                                ]
                                            }
                                        ]
                                    },
                                    {
                                        "Node Type": "Index Scan",
                                        "Parent Relationship": "Inner",
                                        "Parallel Aware": false,
                                        "Scan Direction": "Forward",
                                        "Index Name": "movie_id_cast_info",
                                        "Relation Name": "cast_info",
                                        "Schema": "public",
                                        "Alias": "ci",
                                        "Startup Cost": 0.56,
                                        "Total Cost": 4.66,
                                        "Plan Rows": 32,
                                        "Plan Width": 4,
                                        "Actual Startup Time": 0.013,
                                        "Actual Total Time": 0.053,
                                        "Actual Rows": 26,
                                        "Actual Loops": 36258,
                                        "Output": [
                                            "ci.id",
                                            "ci.person_id",
                                            "ci.movie_id",
                                            "ci.person_role_id",
                                            "ci.note",
                                            "ci.nr_order",
                                            "ci.role_id"
                                        ],
                                        "Index Cond": "(ci.movie_id = mi_idx.movie_id)",
                                        "Rows Removed by Index Recheck": 0,
                                        "Filter": "(ci.person_id > 605095)",
                                        "Rows Removed by Filter": 6,
                                        "Workers": [
                                            {
                                                "Worker Number": 0,
                                                "Actual Startup Time": 0.019,
                                                "Actual Total Time": 0.078,
                                                "Actual Rows": 26,
                                                "Actual Loops": 8219
                                            },
                                            {
                                                "Worker Number": 1,
                                                "Actual Startup Time": 0.014,
                                                "Actual Total Time": 0.055,
                                                "Actual Rows": 26,
                                                "Actual Loops": 11749
                                            }
                                        ]
                                    }
                                ]
                            }
                        ]
                    }
                ]
            }
        ]
    },
    "Planning Time": 1.575,
    "Triggers": [],
    "Execution Time": 997.724
}