{
  "Plan": {
    "Node Type": "Aggregate",
    "Strategy": "Plain",
    "Partial Mode": "Finalize",
    "Parallel Aware": false,
    "Startup Cost": 474353.63,
    "Total Cost": 474353.64,
    "Plan Rows": 1,
    "Plan Width": 8,
    "Actual Startup Time": 1132.683,
    "Actual Total Time": 1160.697,
    "Actual Rows": 1,
    "Actual Loops": 1,
    "Plans": [
      {
        "Node Type": "Gather",
        "Parent Relationship": "Outer",
        "Parallel Aware": false,
        "Startup Cost": 474353.52,
        "Total Cost": 474353.63,
        "Plan Rows": 1,
        "Plan Width": 8,
        "Actual Startup Time": 1132.231,
        "Actual Total Time": 1160.687,
        "Actual Rows": 2,
        "Actual Loops": 1,
        "Workers Planned": 1,
        "Workers Launched": 1,
        "Single Copy": false,
        "Plans": [
          {
            "Node Type": "Aggregate",
            "Strategy": "Plain",
            "Partial Mode": "Partial",
            "Parent Relationship": "Outer",
            "Parallel Aware": false,
            "Startup Cost": 473353.52,
            "Total Cost": 473353.53,
            "Plan Rows": 1,
            "Plan Width": 8,
            "Actual Startup Time": 1125.901,
            "Actual Total Time": 1125.907,
            "Actual Rows": 1,
            "Actual Loops": 2,
            "Plans": [
              {
                "Node Type": "Nested Loop",
                "Parent Relationship": "Outer",
                "Parallel Aware": false,
                "Join Type": "Inner",
                "Startup Cost": 141810.46,
                "Total Cost": 473257.34,
                "Plan Rows": 38472,
                "Plan Width": 0,
                "Actual Startup Time": 332.984,
                "Actual Total Time": 1113.938,
                "Actual Rows": 176264,
                "Actual Loops": 2,
                "Inner Unique": false,
                "Join Filter": "(t.id = mk.movie_id)",
                "Rows Removed by Join Filter": 0,
                "Plans": [
                  {
                    "Node Type": "Hash Join",
                    "Parent Relationship": "Outer",
                    "Parallel Aware": true,
                    "Join Type": "Inner",
                    "Startup Cost": 141810.03,
                    "Total Cost": 433137.73,
                    "Plan Rows": 21501,
                    "Plan Width": 8,
                    "Actual Startup Time": 332.022,
                    "Actual Total Time": 919.79,
                    "Actual Rows": 22379,
                    "Actual Loops": 2,
                    "Inner Unique": true,
                    "Hash Cond": "(ci.movie_id = t.id)",
                    "Plans": [
                      {
                        "Node Type": "Bitmap Heap Scan",
                        "Parent Relationship": "Outer",
                        "Parallel Aware": true,
                        "Relation Name": "cast_info",
                        "Alias": "ci",
                        "Startup Cost": 87815.87,
                        "Total Cost": 375764.26,
                        "Plan Rows": 1287354,
                        "Plan Width": 4,
                        "Actual Startup Time": 210.879,
                        "Actual Total Time": 585.726,
                        "Actual Rows": 1489754,
                        "Actual Loops": 2,
                        "Recheck Cond": "(person_id < 396639)",
                        "Rows Removed by Index Recheck": 0,
                        "Filter": "(role_id < 3)",
                        "Rows Removed by Filter": 573630,
                        "Exact Heap Blocks": 24204,
                        "Lossy Heap Blocks": 0,
                        "Plans": [
                          {
                            "Node Type": "Bitmap Index Scan",
                            "Parent Relationship": "Outer",
                            "Parallel Aware": false,
                            "Index Name": "person_id_cast_info",
                            "Startup Cost": 0.0,
                            "Total Cost": 87268.75,
                            "Plan Rows": 3996291,
                            "Plan Width": 0,
                            "Actual Startup Time": 199.755,
                            "Actual Total Time": 199.756,
                            "Actual Rows": 4126768,
                            "Actual Loops": 1,
                            "Index Cond": "(person_id < 396639)"
                          }
                        ]
                      },
                      {
                        "Node Type": "Hash",
                        "Parent Relationship": "Inner",
                        "Parallel Aware": true,
                        "Startup Cost": 53683.67,
                        "Total Cost": 53683.67,
                        "Plan Rows": 24839,
                        "Plan Width": 4,
                        "Actual Startup Time": 119.852,
                        "Actual Total Time": 119.853,
                        "Actual Rows": 19780,
                        "Actual Loops": 2,
                        "Hash Buckets": 65536,
                        "Original Hash Buckets": 65536,
                        "Hash Batches": 1,
                        "Original Hash Batches": 1,
                        "Peak Memory Usage": 2112,
                        "Plans": [
                          {
                            "Node Type": "Bitmap Heap Scan",
                            "Parent Relationship": "Outer",
                            "Parallel Aware": true,
                            "Relation Name": "title",
                            "Alias": "t",
                            "Startup Cost": 11833.41,
                            "Total Cost": 53683.67,
                            "Plan Rows": 24839,
                            "Plan Width": 4,
                            "Actual Startup Time": 40.971,
                            "Actual Total Time": 112.415,
                            "Actual Rows": 19780,
                            "Actual Loops": 2,
                            "Recheck Cond": "(kind_id = 1)",
                            "Rows Removed by Index Recheck": 0,
                            "Filter": "(production_year = 2012)",
                            "Rows Removed by Filter": 311632,
                            "Exact Heap Blocks": 8255,
                            "Lossy Heap Blocks": 0,
                            "Plans": [
                              {
                                "Node Type": "Bitmap Index Scan",
                                "Parent Relationship": "Outer",
                                "Parallel Aware": false,
                                "Index Name": "kind_id_title",
                                "Startup Cost": 0.0,
                                "Total Cost": 11822.85,
                                "Plan Rows": 663256,
                                "Plan Width": 0,
                                "Actual Startup Time": 42.678,
                                "Actual Total Time": 42.678,
                                "Actual Rows": 662825,
                                "Actual Loops": 1,
                                "Index Cond": "(kind_id = 1)"
                              }
                            ]
                          }
                        ]
                      }
                    ]
                  },
                  {
                    "Node Type": "Index Only Scan",
                    "Parent Relationship": "Inner",
                    "Parallel Aware": false,
                    "Scan Direction": "Forward",
                    "Index Name": "movie_id_movie_keyword",
                    "Relation Name": "movie_keyword",
                    "Alias": "mk",
                    "Startup Cost": 0.43,
                    "Total Cost": 1.3,
                    "Plan Rows": 45,
                    "Plan Width": 4,
                    "Actual Startup Time": 0.006,
                    "Actual Total Time": 0.007,
                    "Actual Rows": 8,
                    "Actual Loops": 44758,
                    "Index Cond": "(movie_id = ci.movie_id)",
                    "Rows Removed by Index Recheck": 0,
                    "Heap Fetches": 352528
                  }
                ]
              }
            ]
          }
        ]
      }
    ]
  },
  "Planning Time": 1.029,
  "Triggers": [],
  "Execution Time": 1160.825
}