[
  {
    "Plan": {
      "Node Type": "Aggregate",
      "Strategy": "Plain",
      "Partial Mode": "Finalize",
      "Parallel Aware": false,
      "Startup Cost": 32401.53,
      "Total Cost": 32401.54,
      "Plan Rows": 1,
      "Plan Width": 8,
      "Actual Startup Time": 135.868,
      "Actual Total Time": 141.239,
      "Actual Rows": 1,
      "Actual Loops": 1,
      "Plans": [
        {
          "Node Type": "Gather",
          "Parent Relationship": "Outer",
          "Parallel Aware": false,
          "Startup Cost": 32401.22,
          "Total Cost": 32401.53,
          "Plan Rows": 3,
          "Plan Width": 8,
          "Actual Startup Time": 135.729,
          "Actual Total Time": 141.23,
          "Actual Rows": 4,
          "Actual Loops": 1,
          "Workers Planned": 3,
          "Workers Launched": 3,
          "Single Copy": false,
          "Plans": [
            {
              "Node Type": "Aggregate",
              "Strategy": "Plain",
              "Partial Mode": "Partial",
              "Parent Relationship": "Outer",
              "Parallel Aware": false,
              "Startup Cost": 31401.22,
              "Total Cost": 31401.23,
              "Plan Rows": 1,
              "Plan Width": 8,
              "Actual Startup Time": 129.615,
              "Actual Total Time": 129.616,
              "Actual Rows": 1,
              "Actual Loops": 4,
              "Plans": [
                {
                  "Node Type": "Seq Scan",
                  "Parent Relationship": "Outer",
                  "Parallel Aware": true,
                  "Relation Name": "movie_companies",
                  "Alias": "mc",
                  "Startup Cost": 0.0,
                  "Total Cost": 29310.68,
                  "Plan Rows": 836214,
                  "Plan Width": 0,
                  "Actual Startup Time": 0.037,
                  "Actual Total Time": 93.42,
                  "Actual Rows": 648442,
                  "Actual Loops": 4,
                  "Filter": "(company_id < 220499)",
                  "Rows Removed by Filter": 3840
                }
              ]
            }
          ]
        }
      ]
    },
    "Planning Time": 0.143,
    "Triggers": [],
    "Execution Time": 141.275
  }
]