[
  {
    "Plan": {
      "Node Type": "Aggregate",
      "Strategy": "Plain",
      "Partial Mode": "Finalize",
      "Parallel Aware": false,
      "Startup Cost": 97270.97,
      "Total Cost": 97270.98,
      "Plan Rows": 1,
      "Plan Width": 8,
      "Actual Startup Time": 467.909,
      "Actual Total Time": 483.586,
      "Actual Rows": 1,
      "Actual Loops": 1,
      "Plans": [
        {
          "Node Type": "Gather",
          "Parent Relationship": "Outer",
          "Parallel Aware": false,
          "Startup Cost": 97270.65,
          "Total Cost": 97270.96,
          "Plan Rows": 3,
          "Plan Width": 8,
          "Actual Startup Time": 458.677,
          "Actual Total Time": 483.578,
          "Actual Rows": 4,
          "Actual Loops": 1,
          "Workers Planned": 3,
          "Workers Launched": 3,
          "Single Copy": false,
          "Plans": [
            {
              "Node Type": "Aggregate",
              "Strategy": "Plain",
              "Partial Mode": "Partial",
              "Parent Relationship": "Outer",
              "Parallel Aware": false,
              "Startup Cost": 96270.65,
              "Total Cost": 96270.66,
              "Plan Rows": 1,
              "Plan Width": 8,
              "Actual Startup Time": 451.848,
              "Actual Total Time": 451.851,
              "Actual Rows": 1,
              "Actual Loops": 4,
              "Plans": [
                {
                  "Node Type": "Hash Join",
                  "Parent Relationship": "Outer",
                  "Parallel Aware": true,
                  "Join Type": "Inner",
                  "Startup Cost": 50042.61,
                  "Total Cost": 95017.22,
                  "Plan Rows": 501372,
                  "Plan Width": 0,
                  "Actual Startup Time": 247.813,
                  "Actual Total Time": 442.99,
                  "Actual Rows": 214188,
                  "Actual Loops": 4,
                  "Inner Unique": true,
                  "Hash Cond": "(mk.movie_id = t.id)",
                  "Plans": [
                    {
                      "Node Type": "Seq Scan",
                      "Parent Relationship": "Outer",
                      "Parallel Aware": true,
                      "Relation Name": "movie_keyword",
                      "Alias": "mk",
                      "Startup Cost": 0.0,
                      "Total Cost": 42695.65,
                      "Plan Rows": 868174,
                      "Plan Width": 4,
                      "Actual Startup Time": 0.032,
                      "Actual Total Time": 103.752,
                      "Actual Rows": 673797,
                      "Actual Loops": 4,
                      "Filter": "(keyword_id < 7633)",
                      "Rows Removed by Filter": 457186
                    },
                    {
                      "Node Type": "Hash",
                      "Parent Relationship": "Inner",
                      "Parallel Aware": true,
                      "Startup Cost": 45479.59,
                      "Total Cost": 45479.59,
                      "Plan Rows": 365042,
                      "Plan Width": 4,
                      "Actual Startup Time": 243.57,
                      "Actual Total Time": 243.571,
                      "Actual Rows": 392808,
                      "Actual Loops": 4,
                      "Hash Buckets": 2097152,
                      "Original Hash Buckets": 2097152,
                      "Hash Batches": 1,
                      "Original Hash Batches": 1,
                      "Peak Memory Usage": 77952,
                      "Plans": [
                        {
                          "Node Type": "Seq Scan",
                          "Parent Relationship": "Outer",
                          "Parallel Aware": true,
                          "Relation Name": "title",
                          "Alias": "t",
                          "Startup Cost": 0.0,
                          "Total Cost": 45479.59,
                          "Plan Rows": 365042,
                          "Plan Width": 4,
                          "Actual Startup Time": 0.03,
                          "Actual Total Time": 106.202,
                          "Actual Rows": 392808,
                          "Actual Loops": 4,
                          "Filter": "((kind_id > 1) AND (production_year > 1978))",
                          "Rows Removed by Filter": 239270
                        }
                      ]
                    }
                  ]
                }
              ]
            }
          ]
        }
      ]
    },
    "Planning Time": 0.202,
    "Triggers": [],
    "Execution Time": 483.617
  }
]