[
  {
    "Plan": {
      "Node Type": "Aggregate",
      "Strategy": "Plain",
      "Partial Mode": "Finalize",
      "Parallel Aware": false,
      "Startup Cost": 41915.88,
      "Total Cost": 41915.89,
      "Plan Rows": 1,
      "Plan Width": 8,
      "Actual Startup Time": 71.53,
      "Actual Total Time": 83.348,
      "Actual Rows": 1,
      "Actual Loops": 1,
      "Plans": [
        {
          "Node Type": "Gather",
          "Parent Relationship": "Outer",
          "Parallel Aware": false,
          "Startup Cost": 41915.67,
          "Total Cost": 41915.88,
          "Plan Rows": 2,
          "Plan Width": 8,
          "Actual Startup Time": 71.382,
          "Actual Total Time": 83.341,
          "Actual Rows": 3,
          "Actual Loops": 1,
          "Workers Planned": 2,
          "Workers Launched": 2,
          "Single Copy": false,
          "Plans": [
            {
              "Node Type": "Aggregate",
              "Strategy": "Plain",
              "Partial Mode": "Partial",
              "Parent Relationship": "Outer",
              "Parallel Aware": false,
              "Startup Cost": 40915.67,
              "Total Cost": 40915.68,
              "Plan Rows": 1,
              "Plan Width": 8,
              "Actual Startup Time": 63.08,
              "Actual Total Time": 63.081,
              "Actual Rows": 1,
              "Actual Loops": 3,
              "Plans": [
                {
                  "Node Type": "Nested Loop",
                  "Parent Relationship": "Outer",
                  "Parallel Aware": false,
                  "Join Type": "Inner",
                  "Startup Cost": 170.06,
                  "Total Cost": 40911.39,
                  "Plan Rows": 1712,
                  "Plan Width": 0,
                  "Actual Startup Time": 3.198,
                  "Actual Total Time": 62.6,
                  "Actual Rows": 4532,
                  "Actual Loops": 3,
                  "Inner Unique": false,
                  "Plans": [
                    {
                      "Node Type": "Nested Loop",
                      "Parent Relationship": "Outer",
                      "Parallel Aware": false,
                      "Join Type": "Inner",
                      "Startup Cost": 169.63,
                      "Total Cost": 38935.54,
                      "Plan Rows": 3267,
                      "Plan Width": 8,
                      "Actual Startup Time": 2.983,
                      "Actual Total Time": 33.945,
                      "Actual Rows": 2473,
                      "Actual Loops": 3,
                      "Inner Unique": true,
                      "Plans": [
                        {
                          "Node Type": "Bitmap Heap Scan",
                          "Parent Relationship": "Outer",
                          "Parallel Aware": true,
                          "Relation Name": "movie_keyword",
                          "Alias": "mk",
                          "Startup Cost": 169.2,
                          "Total Cost": 16584.09,
                          "Plan Rows": 3267,
                          "Plan Width": 4,
                          "Actual Startup Time": 2.8,
                          "Actual Total Time": 12.481,
                          "Actual Rows": 2473,
                          "Actual Loops": 3,
                          "Recheck Cond": "(keyword_id = 373)",
                          "Rows Removed by Index Recheck": 0,
                          "Exact Heap Blocks": 4206,
                          "Lossy Heap Blocks": 0,
                          "Plans": [
                            {
                              "Node Type": "Bitmap Index Scan",
                              "Parent Relationship": "Outer",
                              "Parallel Aware": false,
                              "Index Name": "keyword_id_movie_keyword",
                              "Startup Cost": 0.0,
                              "Total Cost": 167.24,
                              "Plan Rows": 7841,
                              "Plan Width": 0,
                              "Actual Startup Time": 4.81,
                              "Actual Total Time": 4.811,
                              "Actual Rows": 7419,
                              "Actual Loops": 1,
                              "Index Cond": "(keyword_id = 373)"
                            }
                          ]
                        },
                        {
                          "Node Type": "Index Only Scan",
                          "Parent Relationship": "Inner",
                          "Parallel Aware": false,
                          "Scan Direction": "Forward",
                          "Index Name": "title_pkey",
                          "Relation Name": "title",
                          "Alias": "t",
                          "Startup Cost": 0.43,
                          "Total Cost": 6.84,
                          "Plan Rows": 1,
                          "Plan Width": 4,
                          "Actual Startup Time": 0.008,
                          "Actual Total Time": 0.008,
                          "Actual Rows": 1,
                          "Actual Loops": 7419,
                          "Index Cond": "(id = mk.movie_id)",
                          "Rows Removed by Index Recheck": 0,
                          "Heap Fetches": 7419
                        }
                      ]
                    },
                    {
                      "Node Type": "Index Scan",
                      "Parent Relationship": "Inner",
                      "Parallel Aware": false,
                      "Scan Direction": "Forward",
                      "Index Name": "movie_id_movie_companies",
                      "Relation Name": "movie_companies",
                      "Alias": "mc",
                      "Startup Cost": 0.43,
                      "Total Cost": 0.57,
                      "Plan Rows": 3,
                      "Plan Width": 4,
                      "Actual Startup Time": 0.011,
                      "Actual Total Time": 0.011,
                      "Actual Rows": 2,
                      "Actual Loops": 7419,
                      "Index Cond": "(movie_id = t.id)",
                      "Rows Removed by Index Recheck": 0,
                      "Filter": "(company_type_id = 2)",
                      "Rows Removed by Filter": 6
                    }
                  ]
                }
              ]
            }
          ]
        }
      ]
    },
    "Planning Time": 1.378,
    "Triggers": [],
    "Execution Time": 83.445
  }
]