[
  {
    "Plan": {
      "Node Type": "Aggregate",
      "Strategy": "Plain",
      "Partial Mode": "Simple",
      "Parallel Aware": false,
      "Startup Cost": 769588.97,
      "Total Cost": 769588.98,
      "Plan Rows": 1,
      "Plan Width": 64,
      "Actual Startup Time": 2340.343,
      "Actual Total Time": 2512.618,
      "Actual Rows": 1,
      "Actual Loops": 1,
      "Plans": [
        {
          "Node Type": "Gather",
          "Parent Relationship": "Outer",
          "Parallel Aware": false,
          "Startup Cost": 722829.42,
          "Total Cost": 769588.96,
          "Plan Rows": 1,
          "Plan Width": 32,
          "Actual Startup Time": 2240.814,
          "Actual Total Time": 2512.568,
          "Actual Rows": 164,
          "Actual Loops": 1,
          "Workers Planned": 4,
          "Workers Launched": 4,
          "Single Copy": false,
          "Plans": [
            {
              "Node Type": "Hash Join",
              "Parent Relationship": "Outer",
              "Parallel Aware": true,
              "Join Type": "Inner",
              "Startup Cost": 721829.42,
              "Total Cost": 768588.86,
              "Plan Rows": 1,
              "Plan Width": 32,
              "Actual Startup Time": 2229.802,
              "Actual Total Time": 2329.011,
              "Actual Rows": 33,
              "Actual Loops": 5,
              "Inner Unique": false,
              "Hash Cond": "(t.id = mi.movie_id)",
              "Plans": [
                {
                  "Node Type": "Seq Scan",
                  "Parent Relationship": "Outer",
                  "Parallel Aware": true,
                  "Relation Name": "title",
                  "Alias": "t",
                  "Startup Cost": 0.0,
                  "Total Cost": 45478.74,
                  "Plan Rows": 341519,
                  "Plan Width": 21,
                  "Actual Startup Time": 0.014,
                  "Actual Total Time": 84.352,
                  "Actual Rows": 273425,
                  "Actual Loops": 5,
                  "Filter": "((production_year >= 2000) AND (production_year <= 2012))",
                  "Rows Removed by Filter": 232238
                },
                {
                  "Node Type": "Hash",
                  "Parent Relationship": "Inner",
                  "Parallel Aware": true,
                  "Startup Cost": 721829.41,
                  "Total Cost": 721829.41,
                  "Plan Rows": 1,
                  "Plan Width": 27,
                  "Actual Startup Time": 2228.114,
                  "Actual Total Time": 2228.14,
                  "Actual Rows": 33,
                  "Actual Loops": 5,
                  "Hash Buckets": 1024,
                  "Original Hash Buckets": 1024,
                  "Hash Batches": 1,
                  "Original Hash Batches": 1,
                  "Peak Memory Usage": 40,
                  "Plans": [
                    {
                      "Node Type": "Hash Join",
                      "Parent Relationship": "Outer",
                      "Parallel Aware": true,
                      "Join Type": "Inner",
                      "Startup Cost": 716918.46,
                      "Total Cost": 721829.41,
                      "Plan Rows": 1,
                      "Plan Width": 27,
                      "Actual Startup Time": 2226.707,
                      "Actual Total Time": 2228.045,
                      "Actual Rows": 33,
                      "Actual Loops": 5,
                      "Inner Unique": false,
                      "Hash Cond": "(cn.id = mc.company_id)",
                      "Plans": [
                        {
                          "Node Type": "Seq Scan",
                          "Parent Relationship": "Outer",
                          "Parallel Aware": true,
                          "Relation Name": "company_name",
                          "Alias": "cn",
                          "Startup Cost": 0.0,
                          "Total Cost": 4722.92,
                          "Plan Rows": 50137,
                          "Plan Width": 4,
                          "Actual Startup Time": 0.02,
                          "Actual Total Time": 7.569,
                          "Actual Rows": 16969,
                          "Actual Loops": 5,
                          "Filter": "((country_code)::text = '[us]'::text)",
                          "Rows Removed by Filter": 30031
                        },
                        {
                          "Node Type": "Hash",
                          "Parent Relationship": "Inner",
                          "Parallel Aware": true,
                          "Startup Cost": 716918.45,
                          "Total Cost": 716918.45,
                          "Plan Rows": 1,
                          "Plan Width": 31,
                          "Actual Startup Time": 2219.354,
                          "Actual Total Time": 2219.378,
                          "Actual Rows": 33,
                          "Actual Loops": 5,
                          "Hash Buckets": 1024,
                          "Original Hash Buckets": 1024,
                          "Hash Batches": 1,
                          "Original Hash Batches": 1,
                          "Peak Memory Usage": 168,
                          "Plans": [
                            {
                              "Node Type": "Hash Join",
                              "Parent Relationship": "Outer",
                              "Parallel Aware": true,
                              "Join Type": "Inner",
                              "Startup Cost": 685148.65,
                              "Total Cost": 716918.45,
                              "Plan Rows": 1,
                              "Plan Width": 31,
                              "Actual Startup Time": 2123.477,
                              "Actual Total Time": 2219.306,
                              "Actual Rows": 33,
                              "Actual Loops": 5,
                              "Inner Unique": false,
                              "Hash Cond": "(mc.movie_id = mi.movie_id)",
                              "Plans": [
                                {
                                  "Node Type": "Seq Scan",
                                  "Parent Relationship": "Outer",
                                  "Parallel Aware": true,
                                  "Relation Name": "movie_companies",
                                  "Alias": "mc",
                                  "Startup Cost": 0.0,
                                  "Total Cost": 31414.82,
                                  "Plan Rows": 94659,
                                  "Plan Width": 8,
                                  "Actual Startup Time": 0.03,
                                  "Actual Total Time": 90.056,
                                  "Actual Rows": 118199,
                                  "Actual Loops": 5,
                                  "Filter": "((note IS NOT NULL) AND ((note ~~ '%(USA)%'::text) OR (note ~~ '%(worldwide)%'::text)))",
                                  "Rows Removed by Filter": 403627
                                },
                                {
                                  "Node Type": "Hash",
                                  "Parent Relationship": "Inner",
                                  "Parallel Aware": true,
                                  "Startup Cost": 685148.64,
                                  "Total Cost": 685148.64,
                                  "Plan Rows": 1,
                                  "Plan Width": 23,
                                  "Actual Startup Time": 2121.83,
                                  "Actual Total Time": 2121.851,
                                  "Actual Rows": 33,
                                  "Actual Loops": 5,
                                  "Hash Buckets": 1024,
                                  "Original Hash Buckets": 1024,
                                  "Hash Batches": 1,
                                  "Original Hash Batches": 1,
                                  "Peak Memory Usage": 40,
                                  "Plans": [
                                    {
                                      "Node Type": "Hash Join",
                                      "Parent Relationship": "Outer",
                                      "Parallel Aware": true,
                                      "Join Type": "Inner",
                                      "Startup Cost": 637877.37,
                                      "Total Cost": 685148.64,
                                      "Plan Rows": 1,
                                      "Plan Width": 23,
                                      "Actual Startup Time": 2117.387,
                                      "Actual Total Time": 2121.781,
                                      "Actual Rows": 33,
                                      "Actual Loops": 5,
                                      "Inner Unique": false,
                                      "Hash Cond": "(chn.id = ci.person_role_id)",
                                      "Plans": [
                                        {
                                          "Node Type": "Seq Scan",
                                          "Parent Relationship": "Outer",
                                          "Parallel Aware": true,
                                          "Relation Name": "char_name",
                                          "Alias": "chn",
                                          "Startup Cost": 0.0,
                                          "Total Cost": 44325.46,
                                          "Plan Rows": 785546,
                                          "Plan Width": 4,
                                          "Actual Startup Time": 0.011,
                                          "Actual Total Time": 84.446,
                                          "Actual Rows": 628068,
                                          "Actual Loops": 5
                                        },
                                        {
                                          "Node Type": "Hash",
                                          "Parent Relationship": "Inner",
                                          "Parallel Aware": true,
                                          "Startup Cost": 637877.36,
                                          "Total Cost": 637877.36,
                                          "Plan Rows": 1,
                                          "Plan Width": 27,
                                          "Actual Startup Time": 1998.666,
                                          "Actual Total Time": 1998.684,
                                          "Actual Rows": 33,
                                          "Actual Loops": 5,
                                          "Hash Buckets": 1024,
                                          "Original Hash Buckets": 1024,
                                          "Hash Batches": 1,
                                          "Original Hash Batches": 1,
                                          "Peak Memory Usage": 40,
                                          "Plans": [
                                            {
                                              "Node Type": "Hash Join",
                                              "Parent Relationship": "Outer",
                                              "Parallel Aware": true,
                                              "Join Type": "Inner",
                                              "Startup Cost": 622483.46,
                                              "Total Cost": 637877.36,
                                              "Plan Rows": 1,
                                              "Plan Width": 27,
                                              "Actual Startup Time": 1995.98,
                                              "Actual Total Time": 1998.61,
                                              "Actual Rows": 33,
                                              "Actual Loops": 5,
                                              "Inner Unique": false,
                                              "Hash Cond": "(an.person_id = n.id)",
                                              "Plans": [
                                                {
                                                  "Node Type": "Seq Scan",
                                                  "Parent Relationship": "Outer",
                                                  "Parallel Aware": true,
                                                  "Relation Name": "aka_name",
                                                  "Alias": "an",
                                                  "Startup Cost": 0.0,
                                                  "Total Cost": 14303.56,
                                                  "Plan Rows": 290756,
                                                  "Plan Width": 4,
                                                  "Actual Startup Time": 0.034,
                                                  "Actual Total Time": 26.606,
                                                  "Actual Rows": 180269,
                                                  "Actual Loops": 5
                                                },
                                                {
                                                  "Node Type": "Hash",
                                                  "Parent Relationship": "Inner",
                                                  "Parallel Aware": true,
                                                  "Startup Cost": 622483.45,
                                                  "Total Cost": 622483.45,
                                                  "Plan Rows": 1,
                                                  "Plan Width": 35,
                                                  "Actual Startup Time": 1960.351,
                                                  "Actual Total Time": 1960.365,
                                                  "Actual Rows": 17,
                                                  "Actual Loops": 5,
                                                  "Hash Buckets": 1024,
                                                  "Original Hash Buckets": 1024,
                                                  "Hash Batches": 1,
                                                  "Original Hash Batches": 1,
                                                  "Peak Memory Usage": 168,
                                                  "Plans": [
                                                    {
                                                      "Node Type": "Hash Join",
                                                      "Parent Relationship": "Outer",
                                                      "Parallel Aware": true,
                                                      "Join Type": "Inner",
                                                      "Startup Cost": 415588.64,
                                                      "Total Cost": 622483.45,
                                                      "Plan Rows": 1,
                                                      "Plan Width": 35,
                                                      "Actual Startup Time": 1535.919,
                                                      "Actual Total Time": 1960.268,
                                                      "Actual Rows": 17,
                                                      "Actual Loops": 5,
                                                      "Inner Unique": false,
                                                      "Hash Cond": "(mi.movie_id = ci.movie_id)",
                                                      "Plans": [
                                                        {
                                                          "Node Type": "Hash Join",
                                                          "Parent Relationship": "Outer",
                                                          "Parallel Aware": false,
                                                          "Join Type": "Inner",
                                                          "Startup Cost": 2.43,
                                                          "Total Cost": 206892.59,
                                                          "Plan Rows": 1236,
                                                          "Plan Width": 4,
                                                          "Actual Startup Time": 158.821,
                                                          "Actual Total Time": 581.747,
                                                          "Actual Rows": 90208,
                                                          "Actual Loops": 5,
                                                          "Inner Unique": true,
                                                          "Hash Cond": "(mi.info_type_id = it.id)",
                                                          "Plans": [
                                                            {
                                                              "Node Type": "Seq Scan",
                                                              "Parent Relationship": "Outer",
                                                              "Parallel Aware": true,
                                                              "Relation Name": "movie_info",
                                                              "Alias": "mi",
                                                              "Startup Cost": 0.0,
                                                              "Total Cost": 206509.76,
                                                              "Plan Rows": 139676,
                                                              "Plan Width": 8,
                                                              "Actual Startup Time": 70.938,
                                                              "Actual Total Time": 566.583,
                                                              "Actual Rows": 90221,
                                                              "Actual Loops": 5,
                                                              "Filter": "((info IS NOT NULL) AND ((info ~~ 'Japan:%200%'::text) OR (info ~~ 'USA:%200%'::text)))",
                                                              "Rows Removed by Filter": 2876923
                                                            },
                                                            {
                                                              "Node Type": "Hash",
                                                              "Parent Relationship": "Inner",
                                                              "Parallel Aware": false,
                                                              "Startup Cost": 2.41,
                                                              "Total Cost": 2.41,
                                                              "Plan Rows": 1,
                                                              "Plan Width": 4,
                                                              "Actual Startup Time": 0.059,
                                                              "Actual Total Time": 0.06,
                                                              "Actual Rows": 1,
                                                              "Actual Loops": 5,
                                                              "Hash Buckets": 1024,
                                                              "Original Hash Buckets": 1024,
                                                              "Hash Batches": 1,
                                                              "Original Hash Batches": 1,
                                                              "Peak Memory Usage": 9,
                                                              "Plans": [
                                                                {
                                                                  "Node Type": "Seq Scan",
                                                                  "Parent Relationship": "Outer",
                                                                  "Parallel Aware": false,
                                                                  "Relation Name": "info_type",
                                                                  "Alias": "it",
                                                                  "Startup Cost": 0.0,
                                                                  "Total Cost": 2.41,
                                                                  "Plan Rows": 1,
                                                                  "Plan Width": 4,
                                                                  "Actual Startup Time": 0.045,
                                                                  "Actual Total Time": 0.052,
                                                                  "Actual Rows": 1,
                                                                  "Actual Loops": 5,
                                                                  "Filter": "((info)::text = 'release dates'::text)",
                                                                  "Rows Removed by Filter": 112
                                                                }
                                                              ]
                                                            }
                                                          ]
                                                        },
                                                        {
                                                          "Node Type": "Hash",
                                                          "Parent Relationship": "Inner",
                                                          "Parallel Aware": true,
                                                          "Startup Cost": 415586.2,
                                                          "Total Cost": 415586.2,
                                                          "Plan Rows": 1,
                                                          "Plan Width": 31,
                                                          "Actual Startup Time": 1371.277,
                                                          "Actual Total Time": 1371.284,
                                                          "Actual Rows": 17,
                                                          "Actual Loops": 5,
                                                          "Hash Buckets": 1024,
                                                          "Original Hash Buckets": 1024,
                                                          "Hash Batches": 1,
                                                          "Original Hash Batches": 1,
                                                          "Peak Memory Usage": 136,
                                                          "Plans": [
                                                            {
                                                              "Node Type": "Hash Join",
                                                              "Parent Relationship": "Outer",
                                                              "Parallel Aware": false,
                                                              "Join Type": "Inner",
                                                              "Startup Cost": 71241.56,
                                                              "Total Cost": 415586.2,
                                                              "Plan Rows": 1,
                                                              "Plan Width": 31,
                                                              "Actual Startup Time": 815.732,
                                                              "Actual Total Time": 1371.129,
                                                              "Actual Rows": 17,
                                                              "Actual Loops": 5,
                                                              "Inner Unique": true,
                                                              "Hash Cond": "(ci.role_id = rt.id)",
                                                              "Plans": [
                                                                {
                                                                  "Node Type": "Hash Join",
                                                                  "Parent Relationship": "Outer",
                                                                  "Parallel Aware": true,
                                                                  "Join Type": "Inner",
                                                                  "Startup Cost": 71240.4,
                                                                  "Total Cost": 415585.0,
                                                                  "Plan Rows": 10,
                                                                  "Plan Width": 35,
                                                                  "Actual Startup Time": 815.572,
                                                                  "Actual Total Time": 1370.961,
                                                                  "Actual Rows": 18,
                                                                  "Actual Loops": 5,
                                                                  "Inner Unique": true,
                                                                  "Hash Cond": "(ci.person_id = n.id)",
                                                                  "Plans": [
                                                                    {
                                                                      "Node Type": "Seq Scan",
                                                                      "Parent Relationship": "Outer",
                                                                      "Parallel Aware": true,
                                                                      "Relation Name": "cast_info",
                                                                      "Alias": "ci",
                                                                      "Startup Cost": 0.0,
                                                                      "Total Cost": 343259.37,
                                                                      "Plan Rows": 413421,
                                                                      "Plan Width": 16,
                                                                      "Actual Startup Time": 0.045,
                                                                      "Actual Total Time": 1134.498,
                                                                      "Actual Rows": 488675,
                                                                      "Actual Loops": 5,
                                                                      "Filter": "(note = ANY ('{(writer),(voice),\"(executive producer)\",\"(as Chaunte\u00e9 Schuler)\"}'::text[]))",
                                                                      "Rows Removed by Filter": 6760193
                                                                    },
                                                                    {
                                                                      "Node Type": "Hash",
                                                                      "Parent Relationship": "Inner",
                                                                      "Parallel Aware": true,
                                                                      "Startup Cost": 71240.1,
                                                                      "Total Cost": 71240.1,
                                                                      "Plan Rows": 24,
                                                                      "Plan Width": 19,
                                                                      "Actual Startup Time": 195.875,
                                                                      "Actual Total Time": 195.876,
                                                                      "Actual Rows": 13,
                                                                      "Actual Loops": 5,
                                                                      "Hash Buckets": 1024,
                                                                      "Original Hash Buckets": 1024,
                                                                      "Hash Batches": 1,
                                                                      "Original Hash Batches": 1,
                                                                      "Peak Memory Usage": 168,
                                                                      "Plans": [
                                                                        {
                                                                          "Node Type": "Seq Scan",
                                                                          "Parent Relationship": "Outer",
                                                                          "Parallel Aware": true,
                                                                          "Relation Name": "name",
                                                                          "Alias": "n",
                                                                          "Startup Cost": 0.0,
                                                                          "Total Cost": 71240.1,
                                                                          "Plan Rows": 24,
                                                                          "Plan Width": 19,
                                                                          "Actual Startup Time": 103.646,
                                                                          "Actual Total Time": 195.708,
                                                                          "Actual Rows": 13,
                                                                          "Actual Loops": 5,
                                                                          "Filter": "((name ~~ '%Irving,%'::text) AND ((gender)::text = 'f'::text))",
                                                                          "Rows Removed by Filter": 833485
                                                                        }
                                                                      ]
                                                                    }
                                                                  ]
                                                                },
                                                                {
                                                                  "Node Type": "Hash",
                                                                  "Parent Relationship": "Inner",
                                                                  "Parallel Aware": false,
                                                                  "Startup Cost": 1.15,
                                                                  "Total Cost": 1.15,
                                                                  "Plan Rows": 1,
                                                                  "Plan Width": 4,
                                                                  "Actual Startup Time": 0.116,
                                                                  "Actual Total Time": 0.117,
                                                                  "Actual Rows": 1,
                                                                  "Actual Loops": 5,
                                                                  "Hash Buckets": 1024,
                                                                  "Original Hash Buckets": 1024,
                                                                  "Hash Batches": 1,
                                                                  "Original Hash Batches": 1,
                                                                  "Peak Memory Usage": 9,
                                                                  "Plans": [
                                                                    {
                                                                      "Node Type": "Seq Scan",
                                                                      "Parent Relationship": "Outer",
                                                                      "Parallel Aware": false,
                                                                      "Relation Name": "role_type",
                                                                      "Alias": "rt",
                                                                      "Startup Cost": 0.0,
                                                                      "Total Cost": 1.15,
                                                                      "Plan Rows": 1,
                                                                      "Plan Width": 4,
                                                                      "Actual Startup Time": 0.086,
                                                                      "Actual Total Time": 0.09,
                                                                      "Actual Rows": 1,
                                                                      "Actual Loops": 5,
                                                                      "Filter": "((role)::text = 'actress'::text)",
                                                                      "Rows Removed by Filter": 11
                                                                    }
                                                                  ]
                                                                }
                                                              ]
                                                            }
                                                          ]
                                                        }
                                                      ]
                                                    }
                                                  ]
                                                }
                                              ]
                                            }
                                          ]
                                        }
                                      ]
                                    }
                                  ]
                                }
                              ]
                            }
                          ]
                        }
                      ]
                    }
                  ]
                }
              ]
            }
          ]
        }
      ]
    },
    "Planning Time": 38.778,
    "Triggers": [],
    "Execution Time": 2513.027
  }
]