[
    {
        "Bao": {
            "Bao prediction": 496.712,
            "Bao recommended hint": "(no hint)"
        }
    },
    {
        "Plan": {
            "Node Type": "Aggregate",
            "Strategy": "Plain",
            "Partial Mode": "Finalize",
            "Parallel Aware": false,
            "Startup Cost": 335597.91,
            "Total Cost": 335597.92,
            "Plan Rows": 1,
            "Plan Width": 8,
            "Actual Startup Time": 668.798,
            "Actual Total Time": 698.915,
            "Actual Rows": 1,
            "Actual Loops": 1,
            "Output": [
                "count(*)"
            ],
            "Plans": [
                {
                    "Node Type": "Gather",
                    "Parent Relationship": "Outer",
                    "Parallel Aware": false,
                    "Startup Cost": 335597.29,
                    "Total Cost": 335597.9,
                    "Plan Rows": 6,
                    "Plan Width": 8,
                    "Actual Startup Time": 668.72,
                    "Actual Total Time": 698.907,
                    "Actual Rows": 7,
                    "Actual Loops": 1,
                    "Output": [
                        "(PARTIAL count(*))"
                    ],
                    "Workers Planned": 6,
                    "Workers Launched": 6,
                    "Single Copy": false,
                    "Plans": [
                        {
                            "Node Type": "Aggregate",
                            "Strategy": "Plain",
                            "Partial Mode": "Partial",
                            "Parent Relationship": "Outer",
                            "Parallel Aware": false,
                            "Startup Cost": 334597.29,
                            "Total Cost": 334597.3,
                            "Plan Rows": 1,
                            "Plan Width": 8,
                            "Actual Startup Time": 659.429,
                            "Actual Total Time": 659.43,
                            "Actual Rows": 1,
                            "Actual Loops": 7,
                            "Output": [
                                "PARTIAL count(*)"
                            ],
                            "Workers": [
                                {
                                    "Worker Number": 0,
                                    "Actual Startup Time": 657.482,
                                    "Actual Total Time": 657.483,
                                    "Actual Rows": 1,
                                    "Actual Loops": 1
                                },
                                {
                                    "Worker Number": 1,
                                    "Actual Startup Time": 657.663,
                                    "Actual Total Time": 657.664,
                                    "Actual Rows": 1,
                                    "Actual Loops": 1
                                },
                                {
                                    "Worker Number": 2,
                                    "Actual Startup Time": 657.854,
                                    "Actual Total Time": 657.855,
                                    "Actual Rows": 1,
                                    "Actual Loops": 1
                                },
                                {
                                    "Worker Number": 3,
                                    "Actual Startup Time": 657.855,
                                    "Actual Total Time": 657.856,
                                    "Actual Rows": 1,
                                    "Actual Loops": 1
                                },
                                {
                                    "Worker Number": 4,
                                    "Actual Startup Time": 658.535,
                                    "Actual Total Time": 658.536,
                                    "Actual Rows": 1,
                                    "Actual Loops": 1
                                },
                                {
                                    "Worker Number": 5,
                                    "Actual Startup Time": 658.658,
                                    "Actual Total Time": 658.659,
                                    "Actual Rows": 1,
                                    "Actual Loops": 1
                                }
                            ],
                            "Plans": [
                                {
                                    "Node Type": "Seq Scan",
                                    "Parent Relationship": "Outer",
                                    "Parallel Aware": true,
                                    "Relation Name": "cast_info",
                                    "Schema": "public",
                                    "Alias": "ci",
                                    "Startup Cost": 0.0,
                                    "Total Cost": 328213.62,
                                    "Plan Rows": 2553468,
                                    "Plan Width": 0,
                                    "Actual Startup Time": 224.094,
                                    "Actual Total Time": 557.867,
                                    "Actual Rows": 2201431,
                                    "Actual Loops": 7,
                                    "Output": [
                                        "id",
                                        "person_id",
                                        "movie_id",
                                        "person_role_id",
                                        "note",
                                        "nr_order",
                                        "role_id"
                                    ],
                                    "Filter": "(ci.person_id > 2099327)",
                                    "Rows Removed by Filter": 2976332,
                                    "Workers": [
                                        {
                                            "Worker Number": 0,
                                            "Actual Startup Time": 222.145,
                                            "Actual Total Time": 554.709,
                                            "Actual Rows": 1552979,
                                            "Actual Loops": 1
                                        },
                                        {
                                            "Worker Number": 1,
                                            "Actual Startup Time": 222.316,
                                            "Actual Total Time": 557.416,
                                            "Actual Rows": 1501672,
                                            "Actual Loops": 1
                                        },
                                        {
                                            "Worker Number": 2,
                                            "Actual Startup Time": 222.531,
                                            "Actual Total Time": 558.953,
                                            "Actual Rows": 2300246,
                                            "Actual Loops": 1
                                        },
                                        {
                                            "Worker Number": 3,
                                            "Actual Startup Time": 222.532,
                                            "Actual Total Time": 558.751,
                                            "Actual Rows": 2311723,
                                            "Actual Loops": 1
                                        },
                                        {
                                            "Worker Number": 4,
                                            "Actual Startup Time": 223.197,
                                            "Actual Total Time": 562.76,
                                            "Actual Rows": 2358978,
                                            "Actual Loops": 1
                                        },
                                        {
                                            "Worker Number": 5,
                                            "Actual Startup Time": 223.317,
                                            "Actual Total Time": 562.73,
                                            "Actual Rows": 2360484,
                                            "Actual Loops": 1
                                        }
                                    ]
                                }
                            ]
                        }
                    ]
                }
            ]
        },
        "Planning Time": 1043.111,
        "Triggers": [],
        "Execution Time": 699.004
    }
]