[
  {
    "Plan": {
      "Node Type": "Aggregate",
      "Strategy": "Plain",
      "Partial Mode": "Finalize",
      "Parallel Aware": false,
      "Startup Cost": 31961.41,
      "Total Cost": 31961.42,
      "Plan Rows": 1,
      "Plan Width": 8,
      "Actual Startup Time": 120.321,
      "Actual Total Time": 126.793,
      "Actual Rows": 1,
      "Actual Loops": 1,
      "Plans": [
        {
          "Node Type": "Gather",
          "Parent Relationship": "Outer",
          "Parallel Aware": false,
          "Startup Cost": 31961.1,
          "Total Cost": 31961.41,
          "Plan Rows": 3,
          "Plan Width": 8,
          "Actual Startup Time": 120.197,
          "Actual Total Time": 126.784,
          "Actual Rows": 4,
          "Actual Loops": 1,
          "Workers Planned": 3,
          "Workers Launched": 3,
          "Single Copy": false,
          "Plans": [
            {
              "Node Type": "Aggregate",
              "Strategy": "Plain",
              "Partial Mode": "Partial",
              "Parent Relationship": "Outer",
              "Parallel Aware": false,
              "Startup Cost": 30961.1,
              "Total Cost": 30961.11,
              "Plan Rows": 1,
              "Plan Width": 8,
              "Actual Startup Time": 112.985,
              "Actual Total Time": 112.986,
              "Actual Rows": 1,
              "Actual Loops": 4,
              "Plans": [
                {
                  "Node Type": "Seq Scan",
                  "Parent Relationship": "Outer",
                  "Parallel Aware": true,
                  "Relation Name": "movie_companies",
                  "Alias": "mc",
                  "Startup Cost": 0.0,
                  "Total Cost": 29310.68,
                  "Plan Rows": 660166,
                  "Plan Width": 0,
                  "Actual Startup Time": 0.04,
                  "Actual Total Time": 86.758,
                  "Actual Rows": 506992,
                  "Actual Loops": 4,
                  "Filter": "(company_id < 71043)",
                  "Rows Removed by Filter": 145290
                }
              ]
            }
          ]
        }
      ]
    },
    "Planning Time": 0.171,
    "Triggers": [],
    "Execution Time": 126.855
  }
]