{
  "Plan": {
    "Node Type": "Sort",
    "Parallel Aware": false,
    "Startup Cost": 1560169.75,
    "Total Cost": 1560172.46,
    "Plan Rows": 1084,
    "Plan Width": 23,
    "Actual Startup Time": 3517.519,
    "Actual Total Time": 3645.244,
    "Actual Rows": 219,
    "Actual Loops": 1,
    "Sort Key": [
      "(count(*)) DESC"
    ],
    "Sort Method": "quicksort",
    "Sort Space Used": 41,
    "Sort Space Type": "Memory",
    "Plans": [
      {
        "Node Type": "Aggregate",
        "Strategy": "Sorted",
        "Partial Mode": "Finalize",
        "Parent Relationship": "Outer",
        "Parallel Aware": false,
        "Startup Cost": 1560018.14,
        "Total Cost": 1560115.11,
        "Plan Rows": 1084,
        "Plan Width": 23,
        "Actual Startup Time": 3517.278,
        "Actual Total Time": 3645.198,
        "Actual Rows": 219,
        "Actual Loops": 1,
        "Group Key": [
          "n.name"
        ],
        "Plans": [
          {
            "Node Type": "Gather Merge",
            "Parent Relationship": "Outer",
            "Parallel Aware": false,
            "Startup Cost": 1560018.14,
            "Total Cost": 1560101.08,
            "Plan Rows": 638,
            "Plan Width": 23,
            "Actual Startup Time": 3517.272,
            "Actual Total Time": 3645.127,
            "Actual Rows": 285,
            "Actual Loops": 1,
            "Workers Planned": 1,
            "Workers Launched": 1,
            "Plans": [
              {
                "Node Type": "Aggregate",
                "Strategy": "Sorted",
                "Partial Mode": "Partial",
                "Parent Relationship": "Outer",
                "Parallel Aware": false,
                "Startup Cost": 1559018.13,
                "Total Cost": 1559029.29,
                "Plan Rows": 638,
                "Plan Width": 23,
                "Actual Startup Time": 3470.828,
                "Actual Total Time": 3470.923,
                "Actual Rows": 142,
                "Actual Loops": 2,
                "Group Key": [
                  "n.name"
                ],
                "Plans": [
                  {
                    "Node Type": "Sort",
                    "Parent Relationship": "Outer",
                    "Parallel Aware": false,
                    "Startup Cost": 1559018.13,
                    "Total Cost": 1559019.72,
                    "Plan Rows": 638,
                    "Plan Width": 15,
                    "Actual Startup Time": 3470.819,
                    "Actual Total Time": 3470.848,
                    "Actual Rows": 498,
                    "Actual Loops": 2,
                    "Sort Key": [
                      "n.name COLLATE \"C\""
                    ],
                    "Sort Method": "quicksort",
                    "Sort Space Used": 57,
                    "Sort Space Type": "Memory",
                    "Workers": [
                      {
                        "Worker Number": 0,
                        "Sort Method": "quicksort",
                        "Sort Space Used": 48,
                        "Sort Space Type": "Memory"
                      }
                    ],
                    "Plans": [
                      {
                        "Node Type": "Hash Join",
                        "Parent Relationship": "Outer",
                        "Parallel Aware": false,
                        "Join Type": "Inner",
                        "Startup Cost": 1295759.21,
                        "Total Cost": 1558988.4,
                        "Plan Rows": 638,
                        "Plan Width": 15,
                        "Actual Startup Time": 3266.119,
                        "Actual Total Time": 3470.376,
                        "Actual Rows": 498,
                        "Actual Loops": 2,
                        "Inner Unique": true,
                        "Hash Cond": "(pi.info_type_id = it2.id)",
                        "Plans": [
                          {
                            "Node Type": "Nested Loop",
                            "Parent Relationship": "Outer",
                            "Parallel Aware": false,
                            "Join Type": "Inner",
                            "Startup Cost": 1295756.78,
                            "Total Cost": 1558887.82,
                            "Plan Rows": 36039,
                            "Plan Width": 19,
                            "Actual Startup Time": 3264.233,
                            "Actual Total Time": 3469.145,
                            "Actual Rows": 4234,
                            "Actual Loops": 2,
                            "Inner Unique": false,
                            "Plans": [
                              {
                                "Node Type": "Hash Join",
                                "Parent Relationship": "Outer",
                                "Parallel Aware": true,
                                "Join Type": "Inner",
                                "Startup Cost": 1295756.78,
                                "Total Cost": 1471583.34,
                                "Plan Rows": 36039,
                                "Plan Width": 23,
                                "Actual Startup Time": 3264.214,
                                "Actual Total Time": 3438.852,
                                "Actual Rows": 4234,
                                "Actual Loops": 2,
                                "Inner Unique": false,
                                "Hash Cond": "(mi.movie_id = t.id)",
                                "Plans": [
                                  {
                                    "Node Type": "Bitmap Heap Scan",
                                    "Parent Relationship": "Outer",
                                    "Parallel Aware": true,
                                    "Relation Name": "movie_info",
                                    "Alias": "mi",
                                    "Startup Cost": 27426.75,
                                    "Total Cost": 202964.2,
                                    "Plan Rows": 3629,
                                    "Plan Width": 8,
                                    "Actual Startup Time": 48.656,
                                    "Actual Total Time": 220.454,
                                    "Actual Rows": 29766,
                                    "Actual Loops": 2,
                                    "Recheck Cond": "(info_type_id = 3)",
                                    "Rows Removed by Index Recheck": 0,
                                    "Filter": "(info ~~* '%adult%'::text)",
                                    "Rows Removed by Filter": 737188,
                                    "Exact Heap Blocks": 5250,
                                    "Lossy Heap Blocks": 0,
                                    "Plans": [
                                      {
                                        "Node Type": "Bitmap Index Scan",
                                        "Parent Relationship": "Outer",
                                        "Parallel Aware": false,
                                        "Index Name": "info_type_id_movie_info",
                                        "Startup Cost": 0.0,
                                        "Total Cost": 27425.21,
                                        "Plan Rows": 1535037,
                                        "Plan Width": 0,
                                        "Actual Startup Time": 42.77,
                                        "Actual Total Time": 42.771,
                                        "Actual Rows": 1533909,
                                        "Actual Loops": 1,
                                        "Index Cond": "(info_type_id = 3)"
                                      }
                                    ]
                                  },
                                  {
                                    "Node Type": "Hash",
                                    "Parent Relationship": "Inner",
                                    "Parallel Aware": true,
                                    "Startup Cost": 1083703.12,
                                    "Total Cost": 1083703.12,
                                    "Plan Rows": 14770152,
                                    "Plan Width": 27,
                                    "Actual Startup Time": 3104.301,
                                    "Actual Total Time": 3104.308,
                                    "Actual Rows": 596608,
                                    "Actual Loops": 2,
                                    "Hash Buckets": 33554432,
                                    "Original Hash Buckets": 33554432,
                                    "Hash Batches": 1,
                                    "Original Hash Batches": 1,
                                    "Peak Memory Usage": 335648,
                                    "Plans": [
                                      {
                                        "Node Type": "Hash Join",
                                        "Parent Relationship": "Outer",
                                        "Parallel Aware": true,
                                        "Join Type": "Inner",
                                        "Startup Cost": 180234.75,
                                        "Total Cost": 1083703.12,
                                        "Plan Rows": 14770152,
                                        "Plan Width": 27,
                                        "Actual Startup Time": 1496.053,
                                        "Actual Total Time": 2806.27,
                                        "Actual Rows": 596608,
                                        "Actual Loops": 2,
                                        "Inner Unique": true,
                                        "Hash Cond": "(ci.movie_id = t.id)",
                                        "Plans": [
                                          {
                                            "Node Type": "Nested Loop",
                                            "Parent Relationship": "Outer",
                                            "Parallel Aware": false,
                                            "Join Type": "Inner",
                                            "Startup Cost": 110774.05,
                                            "Total Cost": 975470.71,
                                            "Plan Rows": 14770152,
                                            "Plan Width": 23,
                                            "Actual Startup Time": 984.862,
                                            "Actual Total Time": 2055.83,
                                            "Actual Rows": 596608,
                                            "Actual Loops": 2,
                                            "Inner Unique": false,
                                            "Join Filter": "(pi.person_id = ci.person_id)",
                                            "Rows Removed by Join Filter": 0,
                                            "Plans": [
                                              {
                                                "Node Type": "Hash Join",
                                                "Parent Relationship": "Outer",
                                                "Parallel Aware": true,
                                                "Join Type": "Inner",
                                                "Startup Cost": 110773.48,
                                                "Total Cost": 183768.68,
                                                "Plan Rows": 49413,
                                                "Plan Width": 27,
                                                "Actual Startup Time": 984.577,
                                                "Actual Total Time": 1826.408,
                                                "Actual Rows": 7357,
                                                "Actual Loops": 2,
                                                "Inner Unique": true,
                                                "Hash Cond": "(pi.person_id = n.id)",
                                                "Plans": [
                                                  {
                                                    "Node Type": "Seq Scan",
                                                    "Parent Relationship": "Outer",
                                                    "Parallel Aware": true,
                                                    "Relation Name": "person_info",
                                                    "Alias": "pi",
                                                    "Startup Cost": 0.0,
                                                    "Total Cost": 72865.49,
                                                    "Plan Rows": 49413,
                                                    "Plan Width": 8,
                                                    "Actual Startup Time": 0.322,
                                                    "Actual Total Time": 828.717,
                                                    "Actual Rows": 7357,
                                                    "Actual Loops": 2,
                                                    "Filter": "(info ~~* '%japan%'::text)",
                                                    "Rows Removed by Filter": 1474475
                                                  },
                                                  {
                                                    "Node Type": "Hash",
                                                    "Parent Relationship": "Inner",
                                                    "Parallel Aware": true,
                                                    "Startup Cost": 80128.77,
                                                    "Total Cost": 80128.77,
                                                    "Plan Rows": 2451577,
                                                    "Plan Width": 19,
                                                    "Actual Startup Time": 973.068,
                                                    "Actual Total Time": 973.069,
                                                    "Actual Rows": 2083746,
                                                    "Actual Loops": 2,
                                                    "Hash Buckets": 4194304,
                                                    "Original Hash Buckets": 4194304,
                                                    "Hash Batches": 1,
                                                    "Original Hash Batches": 1,
                                                    "Peak Memory Usage": 258976,
                                                    "Plans": [
                                                      {
                                                        "Node Type": "Seq Scan",
                                                        "Parent Relationship": "Outer",
                                                        "Parallel Aware": true,
                                                        "Relation Name": "name",
                                                        "Alias": "n",
                                                        "Startup Cost": 0.0,
                                                        "Total Cost": 80128.77,
                                                        "Plan Rows": 2451577,
                                                        "Plan Width": 19,
                                                        "Actual Startup Time": 0.028,
                                                        "Actual Total Time": 274.903,
                                                        "Actual Rows": 2083746,
                                                        "Actual Loops": 2
                                                      }
                                                    ]
                                                  }
                                                ]
                                              },
                                              {
                                                "Node Type": "Index Scan",
                                                "Parent Relationship": "Inner",
                                                "Parallel Aware": false,
                                                "Scan Direction": "Forward",
                                                "Index Name": "person_id_cast_info",
                                                "Relation Name": "cast_info",
                                                "Alias": "ci",
                                                "Startup Cost": 0.56,
                                                "Total Cost": 9.73,
                                                "Plan Rows": 503,
                                                "Plan Width": 8,
                                                "Actual Startup Time": 0.009,
                                                "Actual Total Time": 0.022,
                                                "Actual Rows": 81,
                                                "Actual Loops": 14714,
                                                "Index Cond": "(person_id = n.id)",
                                                "Rows Removed by Index Recheck": 0
                                              }
                                            ]
                                          },
                                          {
                                            "Node Type": "Hash",
                                            "Parent Relationship": "Inner",
                                            "Parallel Aware": true,
                                            "Startup Cost": 50870.31,
                                            "Total Cost": 50870.31,
                                            "Plan Rows": 1487231,
                                            "Plan Width": 4,
                                            "Actual Startup Time": 499.711,
                                            "Actual Total Time": 499.712,
                                            "Actual Rows": 1264156,
                                            "Actual Loops": 2,
                                            "Hash Buckets": 4194304,
                                            "Original Hash Buckets": 4194304,
                                            "Hash Batches": 1,
                                            "Original Hash Batches": 1,
                                            "Peak Memory Usage": 131712,
                                            "Plans": [
                                              {
                                                "Node Type": "Seq Scan",
                                                "Parent Relationship": "Outer",
                                                "Parallel Aware": true,
                                                "Relation Name": "title",
                                                "Alias": "t",
                                                "Startup Cost": 0.0,
                                                "Total Cost": 50870.31,
                                                "Plan Rows": 1487231,
                                                "Plan Width": 4,
                                                "Actual Startup Time": 0.058,
                                                "Actual Total Time": 154.595,
                                                "Actual Rows": 1264156,
                                                "Actual Loops": 2
                                              }
                                            ]
                                          }
                                        ]
                                      }
                                    ]
                                  }
                                ]
                              },
                              {
                                "Node Type": "Seq Scan",
                                "Parent Relationship": "Inner",
                                "Parallel Aware": false,
                                "Relation Name": "info_type",
                                "Alias": "it1",
                                "Startup Cost": 0.0,
                                "Total Cost": 2.41,
                                "Plan Rows": 1,
                                "Plan Width": 4,
                                "Actual Startup Time": 0.002,
                                "Actual Total Time": 0.006,
                                "Actual Rows": 1,
                                "Actual Loops": 8468,
                                "Filter": "(id = 3)",
                                "Rows Removed by Filter": 112
                              }
                            ]
                          },
                          {
                            "Node Type": "Hash",
                            "Parent Relationship": "Inner",
                            "Parallel Aware": false,
                            "Startup Cost": 2.41,
                            "Total Cost": 2.41,
                            "Plan Rows": 2,
                            "Plan Width": 4,
                            "Actual Startup Time": 0.174,
                            "Actual Total Time": 0.175,
                            "Actual Rows": 3,
                            "Actual Loops": 2,
                            "Hash Buckets": 1024,
                            "Original Hash Buckets": 1024,
                            "Hash Batches": 1,
                            "Original Hash Batches": 1,
                            "Peak Memory Usage": 9,
                            "Plans": [
                              {
                                "Node Type": "Seq Scan",
                                "Parent Relationship": "Outer",
                                "Parallel Aware": false,
                                "Relation Name": "info_type",
                                "Alias": "it2",
                                "Startup Cost": 0.0,
                                "Total Cost": 2.41,
                                "Plan Rows": 2,
                                "Plan Width": 4,
                                "Actual Startup Time": 0.072,
                                "Actual Total Time": 0.155,
                                "Actual Rows": 3,
                                "Actual Loops": 2,
                                "Filter": "((info)::text ~~* '%birth%'::text)",
                                "Rows Removed by Filter": 110
                              }
                            ]
                          }
                        ]
                      }
                    ]
                  }
                ]
              }
            ]
          }
        ]
      }
    ]
  },
  "Planning Time": 2.659,
  "Triggers": [],
  "Execution Time": 3645.494
}