{
  "Plan": {
    "Node Type": "Aggregate",
    "Strategy": "Plain",
    "Partial Mode": "Finalize",
    "Parallel Aware": false,
    "Startup Cost": 609540.09,
    "Total Cost": 609540.1,
    "Plan Rows": 1,
    "Plan Width": 8,
    "Actual Startup Time": 6876.215,
    "Actual Total Time": 6944.815,
    "Actual Rows": 1,
    "Actual Loops": 1,
    "Plans": [
      {
        "Node Type": "Gather",
        "Parent Relationship": "Outer",
        "Parallel Aware": false,
        "Startup Cost": 609539.97,
        "Total Cost": 609540.08,
        "Plan Rows": 1,
        "Plan Width": 8,
        "Actual Startup Time": 6873.076,
        "Actual Total Time": 6944.807,
        "Actual Rows": 2,
        "Actual Loops": 1,
        "Workers Planned": 1,
        "Workers Launched": 1,
        "Single Copy": false,
        "Plans": [
          {
            "Node Type": "Aggregate",
            "Strategy": "Plain",
            "Partial Mode": "Partial",
            "Parent Relationship": "Outer",
            "Parallel Aware": false,
            "Startup Cost": 608539.97,
            "Total Cost": 608539.98,
            "Plan Rows": 1,
            "Plan Width": 8,
            "Actual Startup Time": 6867.176,
            "Actual Total Time": 6867.18,
            "Actual Rows": 1,
            "Actual Loops": 2,
            "Plans": [
              {
                "Node Type": "Hash Join",
                "Parent Relationship": "Outer",
                "Parallel Aware": true,
                "Join Type": "Inner",
                "Startup Cost": 65678.83,
                "Total Cost": 587412.18,
                "Plan Rows": 8451116,
                "Plan Width": 0,
                "Actual Startup Time": 374.004,
                "Actual Total Time": 6527.178,
                "Actual Rows": 8076908,
                "Actual Loops": 2,
                "Inner Unique": true,
                "Hash Cond": "(ci.movie_id = t.id)",
                "Plans": [
                  {
                    "Node Type": "Seq Scan",
                    "Parent Relationship": "Outer",
                    "Parallel Aware": true,
                    "Relation Name": "cast_info",
                    "Alias": "ci",
                    "Startup Cost": 0.0,
                    "Total Cost": 465792.95,
                    "Plan Rows": 21310595,
                    "Plan Width": 4,
                    "Actual Startup Time": 0.015,
                    "Actual Total Time": 1407.868,
                    "Actual Rows": 18122172,
                    "Actual Loops": 2
                  },
                  {
                    "Node Type": "Hash",
                    "Parent Relationship": "Inner",
                    "Parallel Aware": true,
                    "Startup Cost": 58306.47,
                    "Total Cost": 58306.47,
                    "Plan Rows": 589789,
                    "Plan Width": 4,
                    "Actual Startup Time": 365.125,
                    "Actual Total Time": 365.126,
                    "Actual Rows": 549548,
                    "Actual Loops": 2,
                    "Hash Buckets": 2097152,
                    "Original Hash Buckets": 1048576,
                    "Hash Batches": 1,
                    "Original Hash Batches": 1,
                    "Peak Memory Usage": 67584,
                    "Plans": [
                      {
                        "Node Type": "Seq Scan",
                        "Parent Relationship": "Outer",
                        "Parallel Aware": true,
                        "Relation Name": "title",
                        "Alias": "t",
                        "Startup Cost": 0.0,
                        "Total Cost": 58306.47,
                        "Plan Rows": 589789,
                        "Plan Width": 4,
                        "Actual Startup Time": 0.032,
                        "Actual Total Time": 191.889,
                        "Actual Rows": 549548,
                        "Actual Loops": 2,
                        "Filter": "((production_year > 1994) AND (kind_id = 7))",
                        "Rows Removed by Filter": 714608
                      }
                    ]
                  }
                ]
              }
            ]
          }
        ]
      }
    ]
  },
  "Planning Time": 0.447,
  "Triggers": [],
  "Execution Time": 6944.89
}