{
  "Plan": {
    "Node Type": "Aggregate",
    "Strategy": "Plain",
    "Partial Mode": "Finalize",
    "Parallel Aware": false,
    "Startup Cost": 634311.31,
    "Total Cost": 634311.32,
    "Plan Rows": 1,
    "Plan Width": 8,
    "Actual Startup Time": 3420.937,
    "Actual Total Time": 3481.997,
    "Actual Rows": 1,
    "Actual Loops": 1,
    "Plans": [
      {
        "Node Type": "Gather",
        "Parent Relationship": "Outer",
        "Parallel Aware": false,
        "Startup Cost": 634311.2,
        "Total Cost": 634311.31,
        "Plan Rows": 1,
        "Plan Width": 8,
        "Actual Startup Time": 3420.699,
        "Actual Total Time": 3481.987,
        "Actual Rows": 2,
        "Actual Loops": 1,
        "Workers Planned": 1,
        "Workers Launched": 1,
        "Single Copy": false,
        "Plans": [
          {
            "Node Type": "Aggregate",
            "Strategy": "Plain",
            "Partial Mode": "Partial",
            "Parent Relationship": "Outer",
            "Parallel Aware": false,
            "Startup Cost": 633311.2,
            "Total Cost": 633311.21,
            "Plan Rows": 1,
            "Plan Width": 8,
            "Actual Startup Time": 3414.826,
            "Actual Total Time": 3414.83,
            "Actual Rows": 1,
            "Actual Loops": 2,
            "Plans": [
              {
                "Node Type": "Hash Join",
                "Parent Relationship": "Outer",
                "Parallel Aware": true,
                "Join Type": "Inner",
                "Startup Cost": 58587.13,
                "Total Cost": 632522.33,
                "Plan Rows": 315548,
                "Plan Width": 0,
                "Actual Startup Time": 166.181,
                "Actual Total Time": 3401.397,
                "Actual Rows": 268904,
                "Actual Loops": 2,
                "Inner Unique": true,
                "Hash Cond": "(ci.movie_id = t.id)",
                "Plans": [
                  {
                    "Node Type": "Seq Scan",
                    "Parent Relationship": "Outer",
                    "Parallel Aware": true,
                    "Relation Name": "cast_info",
                    "Alias": "ci",
                    "Startup Cost": 0.0,
                    "Total Cost": 519069.44,
                    "Plan Rows": 20901206,
                    "Plan Width": 4,
                    "Actual Startup Time": 16.764,
                    "Actual Total Time": 1714.631,
                    "Actual Rows": 17784306,
                    "Actual Loops": 2,
                    "Filter": "(person_id > 71967)",
                    "Rows Removed by Filter": 337866
                  },
                  {
                    "Node Type": "Hash",
                    "Parent Relationship": "Inner",
                    "Parallel Aware": true,
                    "Startup Cost": 58306.47,
                    "Total Cost": 58306.47,
                    "Plan Rows": 22453,
                    "Plan Width": 4,
                    "Actual Startup Time": 147.859,
                    "Actual Total Time": 147.86,
                    "Actual Rows": 16126,
                    "Actual Loops": 2,
                    "Hash Buckets": 65536,
                    "Original Hash Buckets": 65536,
                    "Hash Batches": 1,
                    "Original Hash Batches": 1,
                    "Peak Memory Usage": 1824,
                    "Plans": [
                      {
                        "Node Type": "Seq Scan",
                        "Parent Relationship": "Outer",
                        "Parallel Aware": true,
                        "Relation Name": "title",
                        "Alias": "t",
                        "Startup Cost": 0.0,
                        "Total Cost": 58306.47,
                        "Plan Rows": 22453,
                        "Plan Width": 4,
                        "Actual Startup Time": 0.308,
                        "Actual Total Time": 142.395,
                        "Actual Rows": 16126,
                        "Actual Loops": 2,
                        "Filter": "((kind_id < 7) AND (production_year = 2005))",
                        "Rows Removed by Filter": 1248030
                      }
                    ]
                  }
                ]
              }
            ]
          }
        ]
      }
    ]
  },
  "Planning Time": 0.451,
  "Triggers": [],
  "Execution Time": 3482.077
}