{
  "Plan": {
    "Node Type": "Aggregate",
    "Strategy": "Plain",
    "Partial Mode": "Simple",
    "Parallel Aware": false,
    "Startup Cost": 461429.26,
    "Total Cost": 461429.27,
    "Plan Rows": 1,
    "Plan Width": 96,
    "Actual Startup Time": 2987.613,
    "Actual Total Time": 3053.469,
    "Actual Rows": 1,
    "Actual Loops": 1,
    "Plans": [
      {
        "Node Type": "Gather",
        "Parent Relationship": "Outer",
        "Parallel Aware": false,
        "Startup Cost": 461384.25,
        "Total Cost": 461429.25,
        "Plan Rows": 1,
        "Plan Width": 42,
        "Actual Startup Time": 2895.603,
        "Actual Total Time": 3051.55,
        "Actual Rows": 12412,
        "Actual Loops": 1,
        "Workers Planned": 1,
        "Workers Launched": 1,
        "Single Copy": false,
        "Plans": [
          {
            "Node Type": "Hash Join",
            "Parent Relationship": "Outer",
            "Parallel Aware": false,
            "Join Type": "Inner",
            "Startup Cost": 460384.25,
            "Total Cost": 460429.15,
            "Plan Rows": 1,
            "Plan Width": 42,
            "Actual Startup Time": 2882.841,
            "Actual Total Time": 2958.469,
            "Actual Rows": 6206,
            "Actual Loops": 2,
            "Inner Unique": true,
            "Hash Cond": "(mi_idx.info_type_id = it2.id)",
            "Plans": [
              {
                "Node Type": "Nested Loop",
                "Parent Relationship": "Outer",
                "Parallel Aware": false,
                "Join Type": "Inner",
                "Startup Cost": 460381.83,
                "Total Cost": 460426.64,
                "Plan Rows": 35,
                "Plan Width": 46,
                "Actual Startup Time": 2882.465,
                "Actual Total Time": 2956.424,
                "Actual Rows": 13524,
                "Actual Loops": 2,
                "Inner Unique": true,
                "Plans": [
                  {
                    "Node Type": "Merge Join",
                    "Parent Relationship": "Outer",
                    "Parallel Aware": false,
                    "Join Type": "Inner",
                    "Startup Cost": 460381.41,
                    "Total Cost": 460384.27,
                    "Plan Rows": 95,
                    "Plan Width": 31,
                    "Actual Startup Time": 2882.278,
                    "Actual Total Time": 2894.459,
                    "Actual Rows": 35422,
                    "Actual Loops": 2,
                    "Inner Unique": true,
                    "Merge Cond": "(mc.company_type_id = ct.id)",
                    "Plans": [
                      {
                        "Node Type": "Sort",
                        "Parent Relationship": "Outer",
                        "Parallel Aware": false,
                        "Startup Cost": 460380.35,
                        "Total Cost": 460381.3,
                        "Plan Rows": 381,
                        "Plan Width": 35,
                        "Actual Startup Time": 2876.049,
                        "Actual Total Time": 2884.945,
                        "Actual Rows": 102070,
                        "Actual Loops": 2,
                        "Sort Key": [
                          "mc.company_type_id"
                        ],
                        "Sort Method": "quicksort",
                        "Sort Space Used": 12040,
                        "Sort Space Type": "Memory",
                        "Workers": [
                          {
                            "Worker Number": 0,
                            "Sort Method": "quicksort",
                            "Sort Space Used": 11038,
                            "Sort Space Type": "Memory"
                          }
                        ],
                        "Plans": [
                          {
                            "Node Type": "Hash Join",
                            "Parent Relationship": "Outer",
                            "Parallel Aware": false,
                            "Join Type": "Inner",
                            "Startup Cost": 187558.38,
                            "Total Cost": 460364.02,
                            "Plan Rows": 381,
                            "Plan Width": 35,
                            "Actual Startup Time": 2706.079,
                            "Actual Total Time": 2857.575,
                            "Actual Rows": 102070,
                            "Actual Loops": 2,
                            "Inner Unique": true,
                            "Hash Cond": "(mi.info_type_id = it1.id)",
                            "Plans": [
                              {
                                "Node Type": "Hash Join",
                                "Parent Relationship": "Outer",
                                "Parallel Aware": true,
                                "Join Type": "Inner",
                                "Startup Cost": 187555.96,
                                "Total Cost": 460244.22,
                                "Plan Rows": 43098,
                                "Plan Width": 39,
                                "Actual Startup Time": 2422.559,
                                "Actual Total Time": 2843.876,
                                "Actual Rows": 104126,
                                "Actual Loops": 2,
                                "Inner Unique": false,
                                "Hash Cond": "(mi.movie_id = mc.movie_id)",
                                "Plans": [
                                  {
                                    "Node Type": "Seq Scan",
                                    "Parent Relationship": "Outer",
                                    "Parallel Aware": true,
                                    "Relation Name": "movie_info",
                                    "Alias": "mi",
                                    "Startup Cost": 0.0,
                                    "Total Cost": 271102.71,
                                    "Plan Rows": 32588,
                                    "Plan Width": 8,
                                    "Actual Startup Time": 433.558,
                                    "Actual Total Time": 813.843,
                                    "Actual Rows": 28078,
                                    "Actual Loops": 2,
                                    "Filter": "(info = ANY ('{Sci-Fi,Crime}'::text[]))",
                                    "Rows Removed by Filter": 7389782
                                  },
                                  {
                                    "Node Type": "Hash",
                                    "Parent Relationship": "Inner",
                                    "Parallel Aware": true,
                                    "Startup Cost": 162970.88,
                                    "Total Cost": 162970.88,
                                    "Plan Rows": 1966806,
                                    "Plan Width": 47,
                                    "Actual Startup Time": 1966.316,
                                    "Actual Total Time": 1968.89,
                                    "Actual Rows": 821240,
                                    "Actual Loops": 2,
                                    "Hash Buckets": 4194304,
                                    "Original Hash Buckets": 4194304,
                                    "Hash Batches": 1,
                                    "Original Hash Batches": 1,
                                    "Peak Memory Usage": 165632,
                                    "Plans": [
                                      {
                                        "Node Type": "Hash Join",
                                        "Parent Relationship": "Outer",
                                        "Parallel Aware": true,
                                        "Join Type": "Inner",
                                        "Startup Cost": 95394.77,
                                        "Total Cost": 162970.88,
                                        "Plan Rows": 1966806,
                                        "Plan Width": 47,
                                        "Actual Startup Time": 730.098,
                                        "Actual Total Time": 1632.63,
                                        "Actual Rows": 821240,
                                        "Actual Loops": 2,
                                        "Inner Unique": true,
                                        "Hash Cond": "(mc.movie_id = t.id)",
                                        "Plans": [
                                          {
                                            "Node Type": "Hash Join",
                                            "Parent Relationship": "Outer",
                                            "Parallel Aware": true,
                                            "Join Type": "Inner",
                                            "Startup Cost": 25016.34,
                                            "Total Cost": 84642.67,
                                            "Plan Rows": 3028483,
                                            "Plan Width": 26,
                                            "Actual Startup Time": 228.479,
                                            "Actual Total Time": 837.888,
                                            "Actual Rows": 1385930,
                                            "Actual Loops": 2,
                                            "Inner Unique": false,
                                            "Hash Cond": "(mc.movie_id = mi_idx.movie_id)",
                                            "Plans": [
                                              {
                                                "Node Type": "Seq Scan",
                                                "Parent Relationship": "Outer",
                                                "Parallel Aware": true,
                                                "Relation Name": "movie_companies",
                                                "Alias": "mc",
                                                "Startup Cost": 0.0,
                                                "Total Cost": 34137.82,
                                                "Plan Rows": 1534782,
                                                "Plan Width": 12,
                                                "Actual Startup Time": 0.015,
                                                "Actual Total Time": 116.173,
                                                "Actual Rows": 1304564,
                                                "Actual Loops": 2
                                              },
                                              {
                                                "Node Type": "Hash",
                                                "Parent Relationship": "Inner",
                                                "Parallel Aware": true,
                                                "Startup Cost": 18082.32,
                                                "Total Cost": 18082.32,
                                                "Plan Rows": 554722,
                                                "Plan Width": 14,
                                                "Actual Startup Time": 226.466,
                                                "Actual Total Time": 226.468,
                                                "Actual Rows": 472459,
                                                "Actual Loops": 2,
                                                "Hash Buckets": 1048576,
                                                "Original Hash Buckets": 1048576,
                                                "Hash Batches": 1,
                                                "Original Hash Batches": 1,
                                                "Peak Memory Usage": 53152,
                                                "Plans": [
                                                  {
                                                    "Node Type": "Seq Scan",
                                                    "Parent Relationship": "Outer",
                                                    "Parallel Aware": true,
                                                    "Relation Name": "movie_info_idx",
                                                    "Alias": "mi_idx",
                                                    "Startup Cost": 0.0,
                                                    "Total Cost": 18082.32,
                                                    "Plan Rows": 554722,
                                                    "Plan Width": 14,
                                                    "Actual Startup Time": 0.024,
                                                    "Actual Total Time": 102.001,
                                                    "Actual Rows": 472459,
                                                    "Actual Loops": 2,
                                                    "Filter": "(info > '11'::text)",
                                                    "Rows Removed by Filter": 217558
                                                  }
                                                ]
                                              }
                                            ]
                                          },
                                          {
                                            "Node Type": "Hash",
                                            "Parent Relationship": "Inner",
                                            "Parallel Aware": true,
                                            "Startup Cost": 58305.62,
                                            "Total Cost": 58305.62,
                                            "Plan Rows": 965825,
                                            "Plan Width": 21,
                                            "Actual Startup Time": 494.279,
                                            "Actual Total Time": 494.28,
                                            "Actual Rows": 820000,
                                            "Actual Loops": 2,
                                            "Hash Buckets": 2097152,
                                            "Original Hash Buckets": 2097152,
                                            "Hash Batches": 1,
                                            "Original Hash Batches": 1,
                                            "Peak Memory Usage": 108256,
                                            "Plans": [
                                              {
                                                "Node Type": "Seq Scan",
                                                "Parent Relationship": "Outer",
                                                "Parallel Aware": true,
                                                "Relation Name": "title",
                                                "Alias": "t",
                                                "Startup Cost": 0.0,
                                                "Total Cost": 58305.62,
                                                "Plan Rows": 965825,
                                                "Plan Width": 21,
                                                "Actual Startup Time": 0.03,
                                                "Actual Total Time": 194.843,
                                                "Actual Rows": 820000,
                                                "Actual Loops": 2,
                                                "Filter": "((production_year >= 1995) AND (production_year <= 2013))",
                                                "Rows Removed by Filter": 444156
                                              }
                                            ]
                                          }
                                        ]
                                      }
                                    ]
                                  }
                                ]
                              },
                              {
                                "Node Type": "Hash",
                                "Parent Relationship": "Inner",
                                "Parallel Aware": false,
                                "Startup Cost": 2.41,
                                "Total Cost": 2.41,
                                "Plan Rows": 1,
                                "Plan Width": 4,
                                "Actual Startup Time": 0.053,
                                "Actual Total Time": 0.054,
                                "Actual Rows": 1,
                                "Actual Loops": 2,
                                "Hash Buckets": 1024,
                                "Original Hash Buckets": 1024,
                                "Hash Batches": 1,
                                "Original Hash Batches": 1,
                                "Peak Memory Usage": 9,
                                "Plans": [
                                  {
                                    "Node Type": "Seq Scan",
                                    "Parent Relationship": "Outer",
                                    "Parallel Aware": false,
                                    "Relation Name": "info_type",
                                    "Alias": "it1",
                                    "Startup Cost": 0.0,
                                    "Total Cost": 2.41,
                                    "Plan Rows": 1,
                                    "Plan Width": 4,
                                    "Actual Startup Time": 0.022,
                                    "Actual Total Time": 0.043,
                                    "Actual Rows": 1,
                                    "Actual Loops": 2,
                                    "Filter": "((info)::text = 'genres'::text)",
                                    "Rows Removed by Filter": 112
                                  }
                                ]
                              }
                            ]
                          }
                        ]
                      },
                      {
                        "Node Type": "Sort",
                        "Parent Relationship": "Inner",
                        "Parallel Aware": false,
                        "Startup Cost": 1.06,
                        "Total Cost": 1.06,
                        "Plan Rows": 1,
                        "Plan Width": 4,
                        "Actual Startup Time": 0.05,
                        "Actual Total Time": 0.051,
                        "Actual Rows": 1,
                        "Actual Loops": 2,
                        "Sort Key": [
                          "ct.id"
                        ],
                        "Sort Method": "quicksort",
                        "Sort Space Used": 25,
                        "Sort Space Type": "Memory",
                        "Workers": [
                          {
                            "Worker Number": 0,
                            "Sort Method": "quicksort",
                            "Sort Space Used": 25,
                            "Sort Space Type": "Memory"
                          }
                        ],
                        "Plans": [
                          {
                            "Node Type": "Seq Scan",
                            "Parent Relationship": "Outer",
                            "Parallel Aware": false,
                            "Relation Name": "company_type",
                            "Alias": "ct",
                            "Startup Cost": 0.0,
                            "Total Cost": 1.05,
                            "Plan Rows": 1,
                            "Plan Width": 4,
                            "Actual Startup Time": 0.039,
                            "Actual Total Time": 0.04,
                            "Actual Rows": 1,
                            "Actual Loops": 2,
                            "Filter": "((kind)::text = 'production companies'::text)",
                            "Rows Removed by Filter": 3
                          }
                        ]
                      }
                    ]
                  },
                  {
                    "Node Type": "Index Scan",
                    "Parent Relationship": "Inner",
                    "Parallel Aware": false,
                    "Scan Direction": "Forward",
                    "Index Name": "company_name_pkey",
                    "Relation Name": "company_name",
                    "Alias": "cn",
                    "Startup Cost": 0.42,
                    "Total Cost": 0.45,
                    "Plan Rows": 1,
                    "Plan Width": 23,
                    "Actual Startup Time": 0.002,
                    "Actual Total Time": 0.002,
                    "Actual Rows": 0,
                    "Actual Loops": 70843,
                    "Index Cond": "(id = mc.company_id)",
                    "Rows Removed by Index Recheck": 0,
                    "Filter": "((country_code)::text = '[us]'::text)",
                    "Rows Removed by Filter": 1
                  }
                ]
              },
              {
                "Node Type": "Hash",
                "Parent Relationship": "Inner",
                "Parallel Aware": false,
                "Startup Cost": 2.41,
                "Total Cost": 2.41,
                "Plan Rows": 1,
                "Plan Width": 4,
                "Actual Startup Time": 0.075,
                "Actual Total Time": 0.075,
                "Actual Rows": 1,
                "Actual Loops": 2,
                "Hash Buckets": 1024,
                "Original Hash Buckets": 1024,
                "Hash Batches": 1,
                "Original Hash Batches": 1,
                "Peak Memory Usage": 9,
                "Plans": [
                  {
                    "Node Type": "Seq Scan",
                    "Parent Relationship": "Outer",
                    "Parallel Aware": false,
                    "Relation Name": "info_type",
                    "Alias": "it2",
                    "Startup Cost": 0.0,
                    "Total Cost": 2.41,
                    "Plan Rows": 1,
                    "Plan Width": 4,
                    "Actual Startup Time": 0.052,
                    "Actual Total Time": 0.058,
                    "Actual Rows": 1,
                    "Actual Loops": 2,
                    "Filter": "((info)::text = 'rating'::text)",
                    "Rows Removed by Filter": 112
                  }
                ]
              }
            ]
          }
        ]
      }
    ]
  },
  "Planning Time": 2.581,
  "Triggers": [],
  "Execution Time": 3053.651
}