[
  {
    "Plan": {
      "Node Type": "Aggregate",
      "Strategy": "Plain",
      "Partial Mode": "Finalize",
      "Parallel Aware": false,
      "Startup Cost": 226546.94,
      "Total Cost": 226546.95,
      "Plan Rows": 1,
      "Plan Width": 8,
      "Actual Startup Time": 782.393,
      "Actual Total Time": 865.568,
      "Actual Rows": 1,
      "Actual Loops": 1,
      "Plans": [
        {
          "Node Type": "Gather",
          "Parent Relationship": "Outer",
          "Parallel Aware": false,
          "Startup Cost": 226546.63,
          "Total Cost": 226546.94,
          "Plan Rows": 3,
          "Plan Width": 8,
          "Actual Startup Time": 780.703,
          "Actual Total Time": 865.558,
          "Actual Rows": 4,
          "Actual Loops": 1,
          "Workers Planned": 3,
          "Workers Launched": 3,
          "Single Copy": false,
          "Plans": [
            {
              "Node Type": "Aggregate",
              "Strategy": "Plain",
              "Partial Mode": "Partial",
              "Parent Relationship": "Outer",
              "Parallel Aware": false,
              "Startup Cost": 225546.63,
              "Total Cost": 225546.64,
              "Plan Rows": 1,
              "Plan Width": 8,
              "Actual Startup Time": 771.181,
              "Actual Total Time": 771.184,
              "Actual Rows": 1,
              "Actual Loops": 4,
              "Plans": [
                {
                  "Node Type": "Nested Loop",
                  "Parent Relationship": "Outer",
                  "Parallel Aware": false,
                  "Join Type": "Inner",
                  "Startup Cost": 46802.2,
                  "Total Cost": 224465.45,
                  "Plan Rows": 432470,
                  "Plan Width": 0,
                  "Actual Startup Time": 181.537,
                  "Actual Total Time": 755.814,
                  "Actual Rows": 312250,
                  "Actual Loops": 4,
                  "Inner Unique": false,
                  "Join Filter": "(t.id = ci.movie_id)",
                  "Rows Removed by Join Filter": 0,
                  "Plans": [
                    {
                      "Node Type": "Hash Join",
                      "Parent Relationship": "Outer",
                      "Parallel Aware": true,
                      "Join Type": "Inner",
                      "Startup Cost": 46801.64,
                      "Total Cost": 78808.74,
                      "Plan Rows": 37769,
                      "Plan Width": 8,
                      "Actual Startup Time": 181.415,
                      "Actual Total Time": 217.228,
                      "Actual Rows": 9606,
                      "Actual Loops": 4,
                      "Inner Unique": true,
                      "Hash Cond": "(mc.movie_id = t.id)",
                      "Plans": [
                        {
                          "Node Type": "Seq Scan",
                          "Parent Relationship": "Outer",
                          "Parallel Aware": true,
                          "Relation Name": "movie_companies",
                          "Alias": "mc",
                          "Startup Cost": 0.0,
                          "Total Cost": 31414.82,
                          "Plan Rows": 225632,
                          "Plan Width": 4,
                          "Actual Startup Time": 30.064,
                          "Actual Total Time": 60.311,
                          "Actual Rows": 111088,
                          "Actual Loops": 4,
                          "Filter": "((company_id < 11855) AND (company_type_id = 2))",
                          "Rows Removed by Filter": 541194
                        },
                        {
                          "Node Type": "Hash",
                          "Parent Relationship": "Inner",
                          "Parallel Aware": true,
                          "Startup Cost": 45479.1,
                          "Total Cost": 45479.1,
                          "Plan Rows": 105803,
                          "Plan Width": 4,
                          "Actual Startup Time": 122.937,
                          "Actual Total Time": 122.938,
                          "Actual Rows": 77274,
                          "Actual Loops": 4,
                          "Hash Buckets": 524288,
                          "Original Hash Buckets": 524288,
                          "Hash Batches": 1,
                          "Original Hash Batches": 1,
                          "Peak Memory Usage": 16224,
                          "Plans": [
                            {
                              "Node Type": "Seq Scan",
                              "Parent Relationship": "Outer",
                              "Parallel Aware": true,
                              "Relation Name": "title",
                              "Alias": "t",
                              "Startup Cost": 0.0,
                              "Total Cost": 45479.1,
                              "Plan Rows": 105803,
                              "Plan Width": 4,
                              "Actual Startup Time": 47.428,
                              "Actual Total Time": 99.313,
                              "Actual Rows": 77274,
                              "Actual Loops": 4,
                              "Filter": "((production_year > 1995) AND (kind_id = 1))",
                              "Rows Removed by Filter": 554804
                            }
                          ]
                        }
                      ]
                    },
                    {
                      "Node Type": "Index Scan",
                      "Parent Relationship": "Inner",
                      "Parallel Aware": false,
                      "Scan Direction": "Forward",
                      "Index Name": "movie_id_cast_info",
                      "Relation Name": "cast_info",
                      "Alias": "ci",
                      "Startup Cost": 0.56,
                      "Total Cost": 3.49,
                      "Plan Rows": 29,
                      "Plan Width": 4,
                      "Actual Startup Time": 0.006,
                      "Actual Total Time": 0.053,
                      "Actual Rows": 33,
                      "Actual Loops": 38426,
                      "Index Cond": "(movie_id = mc.movie_id)",
                      "Rows Removed by Index Recheck": 0,
                      "Filter": "(person_id < 2951609)",
                      "Rows Removed by Filter": 11
                    }
                  ]
                }
              ]
            }
          ]
        }
      ]
    },
    "Planning Time": 1.498,
    "Triggers": [],
    "Execution Time": 865.704
  }
]