[
  {
    "Plan": {
      "Node Type": "Aggregate",
      "Strategy": "Plain",
      "Partial Mode": "Finalize",
      "Parallel Aware": false,
      "Startup Cost": 350280.7,
      "Total Cost": 350280.71,
      "Plan Rows": 1,
      "Plan Width": 8,
      "Actual Startup Time": 819.816,
      "Actual Total Time": 874.483,
      "Actual Rows": 1,
      "Actual Loops": 1,
      "Plans": [
        {
          "Node Type": "Gather",
          "Parent Relationship": "Outer",
          "Parallel Aware": false,
          "Startup Cost": 350280.08,
          "Total Cost": 350280.69,
          "Plan Rows": 6,
          "Plan Width": 8,
          "Actual Startup Time": 819.696,
          "Actual Total Time": 874.472,
          "Actual Rows": 7,
          "Actual Loops": 1,
          "Workers Planned": 6,
          "Workers Launched": 6,
          "Single Copy": false,
          "Plans": [
            {
              "Node Type": "Aggregate",
              "Strategy": "Plain",
              "Partial Mode": "Partial",
              "Parent Relationship": "Outer",
              "Parallel Aware": false,
              "Startup Cost": 349280.08,
              "Total Cost": 349280.09,
              "Plan Rows": 1,
              "Plan Width": 8,
              "Actual Startup Time": 810.688,
              "Actual Total Time": 810.689,
              "Actual Rows": 1,
              "Actual Loops": 7,
              "Plans": [
                {
                  "Node Type": "Seq Scan",
                  "Parent Relationship": "Outer",
                  "Parallel Aware": true,
                  "Relation Name": "cast_info",
                  "Alias": "ci",
                  "Startup Cost": 0.0,
                  "Total Cost": 343257.03,
                  "Plan Rows": 2409220,
                  "Plan Width": 0,
                  "Actual Startup Time": 365.589,
                  "Actual Total Time": 713.19,
                  "Actual Rows": 2128953,
                  "Actual Loops": 7,
                  "Filter": "((person_id > 422630) AND (role_id > 2))",
                  "Rows Removed by Filter": 3048810
                }
              ]
            }
          ]
        }
      ]
    },
    "Planning Time": 0.175,
    "Triggers": [],
    "Execution Time": 874.538
  }
]