[
  {
    "Plan": {
      "Node Type": "Aggregate",
      "Strategy": "Plain",
      "Partial Mode": "Finalize",
      "Parallel Aware": false,
      "Startup Cost": 347913.96,
      "Total Cost": 347913.97,
      "Plan Rows": 1,
      "Plan Width": 8,
      "Actual Startup Time": 564.881,
      "Actual Total Time": 586.26,
      "Actual Rows": 1,
      "Actual Loops": 1,
      "Plans": [
        {
          "Node Type": "Gather",
          "Parent Relationship": "Outer",
          "Parallel Aware": false,
          "Startup Cost": 347913.33,
          "Total Cost": 347913.94,
          "Plan Rows": 6,
          "Plan Width": 8,
          "Actual Startup Time": 541.549,
          "Actual Total Time": 586.239,
          "Actual Rows": 7,
          "Actual Loops": 1,
          "Workers Planned": 6,
          "Workers Launched": 6,
          "Single Copy": false,
          "Plans": [
            {
              "Node Type": "Aggregate",
              "Strategy": "Plain",
              "Partial Mode": "Partial",
              "Parent Relationship": "Outer",
              "Parallel Aware": false,
              "Startup Cost": 346913.33,
              "Total Cost": 346913.34,
              "Plan Rows": 1,
              "Plan Width": 8,
              "Actual Startup Time": 524.642,
              "Actual Total Time": 524.645,
              "Actual Rows": 1,
              "Actual Loops": 7,
              "Plans": [
                {
                  "Node Type": "Hash Join",
                  "Parent Relationship": "Outer",
                  "Parallel Aware": true,
                  "Join Type": "Inner",
                  "Startup Cost": 89060.69,
                  "Total Cost": 346180.62,
                  "Plan Rows": 293086,
                  "Plan Width": 0,
                  "Actual Startup Time": 327.256,
                  "Actual Total Time": 512.4,
                  "Actual Rows": 243435,
                  "Actual Loops": 7,
                  "Inner Unique": true,
                  "Hash Cond": "(ci.movie_id = t.id)",
                  "Plans": [
                    {
                      "Node Type": "Bitmap Heap Scan",
                      "Parent Relationship": "Outer",
                      "Parallel Aware": true,
                      "Relation Name": "cast_info",
                      "Alias": "ci",
                      "Startup Cost": 38841.05,
                      "Total Cost": 295191.62,
                      "Plan Rows": 293086,
                      "Plan Width": 4,
                      "Actual Startup Time": 77.106,
                      "Actual Total Time": 132.023,
                      "Actual Rows": 243435,
                      "Actual Loops": 7,
                      "Recheck Cond": "(person_id > 3724081)",
                      "Rows Removed by Index Recheck": 0,
                      "Exact Heap Blocks": 3958,
                      "Lossy Heap Blocks": 0,
                      "Plans": [
                        {
                          "Node Type": "Bitmap Index Scan",
                          "Parent Relationship": "Outer",
                          "Parallel Aware": false,
                          "Index Name": "person_id_cast_info",
                          "Startup Cost": 0.0,
                          "Total Cost": 38401.42,
                          "Plan Rows": 1758514,
                          "Plan Width": 0,
                          "Actual Startup Time": 73.069,
                          "Actual Total Time": 73.07,
                          "Actual Rows": 1704042,
                          "Actual Loops": 1,
                          "Index Cond": "(person_id > 3724081)"
                        }
                      ]
                    },
                    {
                      "Node Type": "Hash",
                      "Parent Relationship": "Inner",
                      "Parallel Aware": true,
                      "Startup Cost": 42318.73,
                      "Total Cost": 42318.73,
                      "Plan Rows": 632073,
                      "Plan Width": 4,
                      "Actual Startup Time": 244.653,
                      "Actual Total Time": 244.654,
                      "Actual Rows": 361187,
                      "Actual Loops": 7,
                      "Hash Buckets": 4194304,
                      "Original Hash Buckets": 4194304,
                      "Hash Batches": 1,
                      "Original Hash Batches": 1,
                      "Peak Memory Usage": 131776,
                      "Plans": [
                        {
                          "Node Type": "Seq Scan",
                          "Parent Relationship": "Outer",
                          "Parallel Aware": true,
                          "Relation Name": "title",
                          "Alias": "t",
                          "Startup Cost": 0.0,
                          "Total Cost": 42318.73,
                          "Plan Rows": 632073,
                          "Plan Width": 4,
                          "Actual Startup Time": 0.039,
                          "Actual Total Time": 72.808,
                          "Actual Rows": 361187,
                          "Actual Loops": 7
                        }
                      ]
                    }
                  ]
                }
              ]
            }
          ]
        }
      ]
    },
    "Planning Time": 0.4,
    "Triggers": [],
    "Execution Time": 586.326
  }
]