[
  {
    "Plan": {
      "Node Type": "Aggregate",
      "Strategy": "Plain",
      "Partial Mode": "Simple",
      "Parallel Aware": false,
      "Startup Cost": 7071.01,
      "Total Cost": 7071.02,
      "Plan Rows": 1,
      "Plan Width": 8,
      "Actual Startup Time": 4.329,
      "Actual Total Time": 4.331,
      "Actual Rows": 1,
      "Actual Loops": 1,
      "Plans": [
        {
          "Node Type": "Index Scan",
          "Parent Relationship": "Outer",
          "Parallel Aware": false,
          "Scan Direction": "Forward",
          "Index Name": "company_id_movie_companies",
          "Relation Name": "movie_companies",
          "Alias": "mc",
          "Startup Cost": 0.43,
          "Total Cost": 7067.49,
          "Plan Rows": 1407,
          "Plan Width": 0,
          "Actual Startup Time": 0.057,
          "Actual Total Time": 3.82,
          "Actual Rows": 2727,
          "Actual Loops": 1,
          "Index Cond": "(company_id = 31)",
          "Rows Removed by Index Recheck": 0,
          "Filter": "(company_type_id < 2)",
          "Rows Removed by Filter": 33
        }
      ]
    },
    "Planning Time": 0.2,
    "Triggers": [],
    "Execution Time": 4.38
  }
]