{
  "Plan": {
    "Node Type": "Aggregate",
    "Strategy": "Plain",
    "Partial Mode": "Finalize",
    "Parallel Aware": false,
    "Startup Cost": 86505.11,
    "Total Cost": 86505.12,
    "Plan Rows": 1,
    "Plan Width": 8,
    "Actual Startup Time": 384.212,
    "Actual Total Time": 394.642,
    "Actual Rows": 1,
    "Actual Loops": 1,
    "Plans": [
      {
        "Node Type": "Gather",
        "Parent Relationship": "Outer",
        "Parallel Aware": false,
        "Startup Cost": 86504.99,
        "Total Cost": 86505.1,
        "Plan Rows": 1,
        "Plan Width": 8,
        "Actual Startup Time": 383.407,
        "Actual Total Time": 394.633,
        "Actual Rows": 2,
        "Actual Loops": 1,
        "Workers Planned": 1,
        "Workers Launched": 1,
        "Single Copy": false,
        "Plans": [
          {
            "Node Type": "Aggregate",
            "Strategy": "Plain",
            "Partial Mode": "Partial",
            "Parent Relationship": "Outer",
            "Parallel Aware": false,
            "Startup Cost": 85504.99,
            "Total Cost": 85505.0,
            "Plan Rows": 1,
            "Plan Width": 8,
            "Actual Startup Time": 377.527,
            "Actual Total Time": 377.707,
            "Actual Rows": 1,
            "Actual Loops": 2,
            "Plans": [
              {
                "Node Type": "Hash Join",
                "Parent Relationship": "Outer",
                "Parallel Aware": true,
                "Join Type": "Inner",
                "Startup Cost": 24891.8,
                "Total Cost": 85371.47,
                "Plan Rows": 53409,
                "Plan Width": 0,
                "Actual Startup Time": 267.499,
                "Actual Total Time": 373.993,
                "Actual Rows": 87267,
                "Actual Loops": 2,
                "Inner Unique": false,
                "Hash Cond": "(t.id = mc.movie_id)",
                "Plans": [
                  {
                    "Node Type": "Seq Scan",
                    "Parent Relationship": "Outer",
                    "Parallel Aware": true,
                    "Relation Name": "title",
                    "Alias": "t",
                    "Startup Cost": 0.0,
                    "Total Cost": 50870.31,
                    "Plan Rows": 1487231,
                    "Plan Width": 4,
                    "Actual Startup Time": 0.008,
                    "Actual Total Time": 121.472,
                    "Actual Rows": 1264156,
                    "Actual Loops": 2
                  },
                  {
                    "Node Type": "Hash",
                    "Parent Relationship": "Inner",
                    "Parallel Aware": true,
                    "Startup Cost": 24224.18,
                    "Total Cost": 24224.18,
                    "Plan Rows": 53409,
                    "Plan Width": 4,
                    "Actual Startup Time": 73.528,
                    "Actual Total Time": 73.529,
                    "Actual Rows": 87267,
                    "Actual Loops": 2,
                    "Hash Buckets": 262144,
                    "Original Hash Buckets": 131072,
                    "Hash Batches": 1,
                    "Original Hash Batches": 1,
                    "Peak Memory Usage": 9952,
                    "Plans": [
                      {
                        "Node Type": "Bitmap Heap Scan",
                        "Parent Relationship": "Outer",
                        "Parallel Aware": true,
                        "Relation Name": "movie_companies",
                        "Alias": "mc",
                        "Startup Cost": 3856.32,
                        "Total Cost": 24224.18,
                        "Plan Rows": 53409,
                        "Plan Width": 4,
                        "Actual Startup Time": 15.463,
                        "Actual Total Time": 46.625,
                        "Actual Rows": 87267,
                        "Actual Loops": 2,
                        "Recheck Cond": "(company_id > 122191)",
                        "Rows Removed by Index Recheck": 0,
                        "Filter": "(company_type_id > 1)",
                        "Rows Removed by Filter": 0,
                        "Exact Heap Blocks": 2936,
                        "Lossy Heap Blocks": 0,
                        "Plans": [
                          {
                            "Node Type": "Bitmap Index Scan",
                            "Parent Relationship": "Outer",
                            "Parallel Aware": false,
                            "Index Name": "company_id_movie_companies",
                            "Startup Cost": 0.0,
                            "Total Cost": 3833.62,
                            "Plan Rows": 178825,
                            "Plan Width": 0,
                            "Actual Startup Time": 17.501,
                            "Actual Total Time": 17.501,
                            "Actual Rows": 174534,
                            "Actual Loops": 1,
                            "Index Cond": "(company_id > 122191)"
                          }
                        ]
                      }
                    ]
                  }
                ]
              }
            ]
          }
        ]
      }
    ]
  },
  "Planning Time": 0.711,
  "Triggers": [],
  "Execution Time": 394.733
}