[
  {
    "Plan": {
      "Node Type": "Aggregate",
      "Strategy": "Plain",
      "Partial Mode": "Finalize",
      "Parallel Aware": false,
      "Startup Cost": 202680.21,
      "Total Cost": 202680.22,
      "Plan Rows": 1,
      "Plan Width": 64,
      "Actual Startup Time": 3400.138,
      "Actual Total Time": 3463.548,
      "Actual Rows": 1,
      "Actual Loops": 1,
      "Plans": [
        {
          "Node Type": "Gather",
          "Parent Relationship": "Outer",
          "Parallel Aware": false,
          "Startup Cost": 202679.78,
          "Total Cost": 202680.19,
          "Plan Rows": 4,
          "Plan Width": 64,
          "Actual Startup Time": 3368.143,
          "Actual Total Time": 3463.53,
          "Actual Rows": 5,
          "Actual Loops": 1,
          "Workers Planned": 4,
          "Workers Launched": 4,
          "Single Copy": false,
          "Plans": [
            {
              "Node Type": "Aggregate",
              "Strategy": "Plain",
              "Partial Mode": "Partial",
              "Parent Relationship": "Outer",
              "Parallel Aware": false,
              "Startup Cost": 201679.78,
              "Total Cost": 201679.79,
              "Plan Rows": 1,
              "Plan Width": 64,
              "Actual Startup Time": 3368.248,
              "Actual Total Time": 3368.258,
              "Actual Rows": 1,
              "Actual Loops": 5,
              "Plans": [
                {
                  "Node Type": "Nested Loop",
                  "Parent Relationship": "Outer",
                  "Parallel Aware": false,
                  "Join Type": "Inner",
                  "Startup Cost": 135655.95,
                  "Total Cost": 201668.33,
                  "Plan Rows": 2290,
                  "Plan Width": 32,
                  "Actual Startup Time": 1589.768,
                  "Actual Total Time": 3346.091,
                  "Actual Rows": 197523,
                  "Actual Loops": 5,
                  "Inner Unique": false,
                  "Join Filter": "(n.id = an.person_id)",
                  "Rows Removed by Join Filter": 0,
                  "Plans": [
                    {
                      "Node Type": "Nested Loop",
                      "Parent Relationship": "Outer",
                      "Parallel Aware": false,
                      "Join Type": "Inner",
                      "Startup Cost": 135655.52,
                      "Total Cost": 201181.75,
                      "Plan Rows": 954,
                      "Plan Width": 40,
                      "Actual Startup Time": 1589.681,
                      "Actual Total Time": 3135.665,
                      "Actual Rows": 87662,
                      "Actual Loops": 5,
                      "Inner Unique": true,
                      "Plans": [
                        {
                          "Node Type": "Nested Loop",
                          "Parent Relationship": "Outer",
                          "Parallel Aware": false,
                          "Join Type": "Inner",
                          "Startup Cost": 135655.1,
                          "Total Cost": 200010.7,
                          "Plan Rows": 2626,
                          "Plan Width": 44,
                          "Actual Startup Time": 1589.603,
                          "Actual Total Time": 2336.602,
                          "Actual Rows": 348463,
                          "Actual Loops": 5,
                          "Inner Unique": false,
                          "Join Filter": "(t.id = mc.movie_id)",
                          "Rows Removed by Join Filter": 0,
                          "Plans": [
                            {
                              "Node Type": "Nested Loop",
                              "Parent Relationship": "Outer",
                              "Parallel Aware": false,
                              "Join Type": "Inner",
                              "Startup Cost": 135654.67,
                              "Total Cost": 199709.83,
                              "Plan Rows": 512,
                              "Plan Width": 52,
                              "Actual Startup Time": 1587.541,
                              "Actual Total Time": 2147.679,
                              "Actual Rows": 31858,
                              "Actual Loops": 5,
                              "Inner Unique": true,
                              "Plans": [
                                {
                                  "Node Type": "Hash Join",
                                  "Parent Relationship": "Outer",
                                  "Parallel Aware": false,
                                  "Join Type": "Inner",
                                  "Startup Cost": 135654.24,
                                  "Total Cost": 199438.92,
                                  "Plan Rows": 512,
                                  "Plan Width": 56,
                                  "Actual Startup Time": 1587.393,
                                  "Actual Total Time": 2021.272,
                                  "Actual Rows": 34789,
                                  "Actual Loops": 5,
                                  "Inner Unique": true,
                                  "Hash Cond": "(mi.info_type_id = it.id)",
                                  "Plans": [
                                    {
                                      "Node Type": "Nested Loop",
                                      "Parent Relationship": "Outer",
                                      "Parallel Aware": false,
                                      "Join Type": "Inner",
                                      "Startup Cost": 135651.82,
                                      "Total Cost": 199279.05,
                                      "Plan Rows": 57812,
                                      "Plan Width": 60,
                                      "Actual Startup Time": 1586.924,
                                      "Actual Total Time": 1999.442,
                                      "Actual Rows": 153957,
                                      "Actual Loops": 5,
                                      "Inner Unique": false,
                                      "Join Filter": "(t.id = mi.movie_id)",
                                      "Rows Removed by Join Filter": 0,
                                      "Plans": [
                                        {
                                          "Node Type": "Nested Loop",
                                          "Parent Relationship": "Outer",
                                          "Parallel Aware": false,
                                          "Join Type": "Inner",
                                          "Startup Cost": 135651.38,
                                          "Total Cost": 191055.52,
                                          "Plan Rows": 4041,
                                          "Plan Width": 52,
                                          "Actual Startup Time": 1586.828,
                                          "Actual Total Time": 1813.182,
                                          "Actual Rows": 14899,
                                          "Actual Loops": 5,
                                          "Inner Unique": true,
                                          "Plans": [
                                            {
                                              "Node Type": "Hash Join",
                                              "Parent Relationship": "Outer",
                                              "Parallel Aware": false,
                                              "Join Type": "Inner",
                                              "Startup Cost": 135650.95,
                                              "Total Cost": 181134.25,
                                              "Plan Rows": 17379,
                                              "Plan Width": 33,
                                              "Actual Startup Time": 1586.712,
                                              "Actual Total Time": 1733.177,
                                              "Actual Rows": 14915,
                                              "Actual Loops": 5,
                                              "Inner Unique": false,
                                              "Hash Cond": "(t.id = ci.movie_id)",
                                              "Plans": [
                                                {
                                                  "Node Type": "Seq Scan",
                                                  "Parent Relationship": "Outer",
                                                  "Parallel Aware": true,
                                                  "Relation Name": "title",
                                                  "Alias": "t",
                                                  "Startup Cost": 0.0,
                                                  "Total Cost": 43899.32,
                                                  "Plan Rows": 225629,
                                                  "Plan Width": 21,
                                                  "Actual Startup Time": 0.057,
                                                  "Actual Total Time": 73.866,
                                                  "Actual Rows": 180898,
                                                  "Actual Loops": 5,
                                                  "Filter": "(production_year > 2006)",
                                                  "Rows Removed by Filter": 324764
                                                },
                                                {
                                                  "Node Type": "Hash",
                                                  "Parent Relationship": "Inner",
                                                  "Parallel Aware": false,
                                                  "Startup Cost": 133216.53,
                                                  "Total Cost": 133216.53,
                                                  "Plan Rows": 194754,
                                                  "Plan Width": 12,
                                                  "Actual Startup Time": 1583.373,
                                                  "Actual Total Time": 1583.376,
                                                  "Actual Rows": 222726,
                                                  "Actual Loops": 5,
                                                  "Hash Buckets": 262144,
                                                  "Original Hash Buckets": 262144,
                                                  "Hash Batches": 1,
                                                  "Original Hash Batches": 1,
                                                  "Peak Memory Usage": 11543,
                                                  "Plans": [
                                                    {
                                                      "Node Type": "Nested Loop",
                                                      "Parent Relationship": "Outer",
                                                      "Parallel Aware": false,
                                                      "Join Type": "Inner",
                                                      "Startup Cost": 0.56,
                                                      "Total Cost": 133216.53,
                                                      "Plan Rows": 194754,
                                                      "Plan Width": 12,
                                                      "Actual Startup Time": 0.582,
                                                      "Actual Total Time": 1501.594,
                                                      "Actual Rows": 222726,
                                                      "Actual Loops": 5,
                                                      "Inner Unique": false,
                                                      "Plans": [
                                                        {
                                                          "Node Type": "Seq Scan",
                                                          "Parent Relationship": "Outer",
                                                          "Parallel Aware": false,
                                                          "Relation Name": "role_type",
                                                          "Alias": "rt",
                                                          "Startup Cost": 0.0,
                                                          "Total Cost": 1.15,
                                                          "Plan Rows": 1,
                                                          "Plan Width": 4,
                                                          "Actual Startup Time": 0.057,
                                                          "Actual Total Time": 0.062,
                                                          "Actual Rows": 1,
                                                          "Actual Loops": 5,
                                                          "Filter": "((role)::text = 'actress'::text)",
                                                          "Rows Removed by Filter": 11
                                                        },
                                                        {
                                                          "Node Type": "Index Scan",
                                                          "Parent Relationship": "Inner",
                                                          "Parallel Aware": false,
                                                          "Scan Direction": "Forward",
                                                          "Index Name": "role_id_cast_info",
                                                          "Relation Name": "cast_info",
                                                          "Alias": "ci",
                                                          "Startup Cost": 0.56,
                                                          "Total Cost": 131090.79,
                                                          "Plan Rows": 212459,
                                                          "Plan Width": 16,
                                                          "Actual Startup Time": 0.519,
                                                          "Actual Total Time": 1474.053,
                                                          "Actual Rows": 222726,
                                                          "Actual Loops": 5,
                                                          "Index Cond": "(role_id = rt.id)",
                                                          "Rows Removed by Index Recheck": 0,
                                                          "Filter": "(note = ANY ('{(writer),\"(executive producer)\",(voice),\"(as Lauretta Vaughn)\"}'::text[]))",
                                                          "Rows Removed by Filter": 7229247
                                                        }
                                                      ]
                                                    }
                                                  ]
                                                }
                                              ]
                                            },
                                            {
                                              "Node Type": "Index Scan",
                                              "Parent Relationship": "Inner",
                                              "Parallel Aware": false,
                                              "Scan Direction": "Forward",
                                              "Index Name": "name_pkey",
                                              "Relation Name": "name",
                                              "Alias": "n",
                                              "Startup Cost": 0.43,
                                              "Total Cost": 0.57,
                                              "Plan Rows": 1,
                                              "Plan Width": 19,
                                              "Actual Startup Time": 0.005,
                                              "Actual Total Time": 0.005,
                                              "Actual Rows": 1,
                                              "Actual Loops": 74576,
                                              "Index Cond": "(id = ci.person_id)",
                                              "Rows Removed by Index Recheck": 0,
                                              "Filter": "((gender)::text = 'f'::text)",
                                              "Rows Removed by Filter": 0
                                            }
                                          ]
                                        },
                                        {
                                          "Node Type": "Index Scan",
                                          "Parent Relationship": "Inner",
                                          "Parallel Aware": false,
                                          "Scan Direction": "Forward",
                                          "Index Name": "movie_id_movie_info",
                                          "Relation Name": "movie_info",
                                          "Alias": "mi",
                                          "Startup Cost": 0.43,
                                          "Total Cost": 1.52,
                                          "Plan Rows": 41,
                                          "Plan Width": 8,
                                          "Actual Startup Time": 0.005,
                                          "Actual Total Time": 0.01,
                                          "Actual Rows": 10,
                                          "Actual Loops": 74494,
                                          "Index Cond": "(movie_id = ci.movie_id)",
                                          "Rows Removed by Index Recheck": 0
                                        }
                                      ]
                                    },
                                    {
                                      "Node Type": "Hash",
                                      "Parent Relationship": "Inner",
                                      "Parallel Aware": false,
                                      "Startup Cost": 2.41,
                                      "Total Cost": 2.41,
                                      "Plan Rows": 1,
                                      "Plan Width": 4,
                                      "Actual Startup Time": 0.111,
                                      "Actual Total Time": 0.112,
                                      "Actual Rows": 1,
                                      "Actual Loops": 5,
                                      "Hash Buckets": 1024,
                                      "Original Hash Buckets": 1024,
                                      "Hash Batches": 1,
                                      "Original Hash Batches": 1,
                                      "Peak Memory Usage": 9,
                                      "Plans": [
                                        {
                                          "Node Type": "Seq Scan",
                                          "Parent Relationship": "Outer",
                                          "Parallel Aware": false,
                                          "Relation Name": "info_type",
                                          "Alias": "it",
                                          "Startup Cost": 0.0,
                                          "Total Cost": 2.41,
                                          "Plan Rows": 1,
                                          "Plan Width": 4,
                                          "Actual Startup Time": 0.062,
                                          "Actual Total Time": 0.079,
                                          "Actual Rows": 1,
                                          "Actual Loops": 5,
                                          "Filter": "((info)::text = 'release dates'::text)",
                                          "Rows Removed by Filter": 112
                                        }
                                      ]
                                    }
                                  ]
                                },
                                {
                                  "Node Type": "Index Only Scan",
                                  "Parent Relationship": "Inner",
                                  "Parallel Aware": false,
                                  "Scan Direction": "Forward",
                                  "Index Name": "char_name_pkey",
                                  "Relation Name": "char_name",
                                  "Alias": "chn",
                                  "Startup Cost": 0.43,
                                  "Total Cost": 0.53,
                                  "Plan Rows": 1,
                                  "Plan Width": 4,
                                  "Actual Startup Time": 0.003,
                                  "Actual Total Time": 0.003,
                                  "Actual Rows": 1,
                                  "Actual Loops": 173947,
                                  "Index Cond": "(id = ci.person_role_id)",
                                  "Rows Removed by Index Recheck": 0,
                                  "Heap Fetches": 159289
                                }
                              ]
                            },
                            {
                              "Node Type": "Index Scan",
                              "Parent Relationship": "Inner",
                              "Parallel Aware": false,
                              "Scan Direction": "Forward",
                              "Index Name": "movie_id_movie_companies",
                              "Relation Name": "movie_companies",
                              "Alias": "mc",
                              "Startup Cost": 0.43,
                              "Total Cost": 0.53,
                              "Plan Rows": 5,
                              "Plan Width": 8,
                              "Actual Startup Time": 0.002,
                              "Actual Total Time": 0.004,
                              "Actual Rows": 11,
                              "Actual Loops": 159289,
                              "Index Cond": "(movie_id = mi.movie_id)",
                              "Rows Removed by Index Recheck": 0
                            }
                          ]
                        },
                        {
                          "Node Type": "Index Scan",
                          "Parent Relationship": "Inner",
                          "Parallel Aware": false,
                          "Scan Direction": "Forward",
                          "Index Name": "company_name_pkey",
                          "Relation Name": "company_name",
                          "Alias": "cn",
                          "Startup Cost": 0.42,
                          "Total Cost": 0.45,
                          "Plan Rows": 1,
                          "Plan Width": 4,
                          "Actual Startup Time": 0.002,
                          "Actual Total Time": 0.002,
                          "Actual Rows": 0,
                          "Actual Loops": 1742315,
                          "Index Cond": "(id = mc.company_id)",
                          "Rows Removed by Index Recheck": 0,
                          "Filter": "((country_code)::text = '[us]'::text)",
                          "Rows Removed by Filter": 1
                        }
                      ]
                    },
                    {
                      "Node Type": "Index Only Scan",
                      "Parent Relationship": "Inner",
                      "Parallel Aware": false,
                      "Scan Direction": "Forward",
                      "Index Name": "person_id_aka_name",
                      "Relation Name": "aka_name",
                      "Alias": "an",
                      "Startup Cost": 0.42,
                      "Total Cost": 0.49,
                      "Plan Rows": 2,
                      "Plan Width": 4,
                      "Actual Startup Time": 0.002,
                      "Actual Total Time": 0.002,
                      "Actual Rows": 2,
                      "Actual Loops": 438311,
                      "Index Cond": "(person_id = ci.person_id)",
                      "Rows Removed by Index Recheck": 0,
                      "Heap Fetches": 987614
                    }
                  ]
                }
              ]
            }
          ]
        }
      ]
    },
    "Planning Time": 42.312,
    "Triggers": [],
    "Execution Time": 3464.538
  }
]