{
    "Plan": {
        "Node Type": "Aggregate",
        "Strategy": "Plain",
        "Partial Mode": "Finalize",
        "Parallel Aware": false,
        "Startup Cost": 131272.89,
        "Total Cost": 131272.9,
        "Plan Rows": 1,
        "Plan Width": 8,
        "Actual Startup Time": 1316.825,
        "Actual Total Time": 1360.494,
        "Actual Rows": 1,
        "Actual Loops": 1,
        "Output": [
            "count(*)"
        ],
        "Plans": [
            {
                "Node Type": "Gather",
                "Parent Relationship": "Outer",
                "Parallel Aware": false,
                "Startup Cost": 131272.58,
                "Total Cost": 131272.89,
                "Plan Rows": 3,
                "Plan Width": 8,
                "Actual Startup Time": 1311.318,
                "Actual Total Time": 1360.485,
                "Actual Rows": 4,
                "Actual Loops": 1,
                "Output": [
                    "(PARTIAL count(*))"
                ],
                "Workers Planned": 3,
                "Workers Launched": 3,
                "Single Copy": false,
                "Plans": [
                    {
                        "Node Type": "Aggregate",
                        "Strategy": "Plain",
                        "Partial Mode": "Partial",
                        "Parent Relationship": "Outer",
                        "Parallel Aware": false,
                        "Startup Cost": 130272.58,
                        "Total Cost": 130272.59,
                        "Plan Rows": 1,
                        "Plan Width": 8,
                        "Actual Startup Time": 1291.349,
                        "Actual Total Time": 1291.352,
                        "Actual Rows": 1,
                        "Actual Loops": 4,
                        "Output": [
                            "PARTIAL count(*)"
                        ],
                        "Workers": [
                            {
                                "Worker Number": 0,
                                "Actual Startup Time": 1283.942,
                                "Actual Total Time": 1283.946,
                                "Actual Rows": 1,
                                "Actual Loops": 1
                            },
                            {
                                "Worker Number": 1,
                                "Actual Startup Time": 1285.647,
                                "Actual Total Time": 1285.65,
                                "Actual Rows": 1,
                                "Actual Loops": 1
                            },
                            {
                                "Worker Number": 2,
                                "Actual Startup Time": 1285.236,
                                "Actual Total Time": 1285.239,
                                "Actual Rows": 1,
                                "Actual Loops": 1
                            }
                        ],
                        "Plans": [
                            {
                                "Node Type": "Nested Loop",
                                "Parent Relationship": "Outer",
                                "Parallel Aware": false,
                                "Join Type": "Inner",
                                "Startup Cost": 50220.81,
                                "Total Cost": 129714.98,
                                "Plan Rows": 223040,
                                "Plan Width": 0,
                                "Actual Startup Time": 388.659,
                                "Actual Total Time": 1258.568,
                                "Actual Rows": 610273,
                                "Actual Loops": 4,
                                "Inner Unique": false,
                                "Workers": [
                                    {
                                        "Worker Number": 0,
                                        "Actual Startup Time": 382.829,
                                        "Actual Total Time": 1249.92,
                                        "Actual Rows": 449881,
                                        "Actual Loops": 1
                                    },
                                    {
                                        "Worker Number": 1,
                                        "Actual Startup Time": 383.028,
                                        "Actual Total Time": 1252.115,
                                        "Actual Rows": 542737,
                                        "Actual Loops": 1
                                    },
                                    {
                                        "Worker Number": 2,
                                        "Actual Startup Time": 382.765,
                                        "Actual Total Time": 1255.388,
                                        "Actual Rows": 628921,
                                        "Actual Loops": 1
                                    }
                                ],
                                "Plans": [
                                    {
                                        "Node Type": "Hash Join",
                                        "Parent Relationship": "Outer",
                                        "Parallel Aware": true,
                                        "Join Type": "Inner",
                                        "Startup Cost": 50220.37,
                                        "Total Cost": 59029.67,
                                        "Plan Rows": 38218,
                                        "Plan Width": 8,
                                        "Actual Startup Time": 388.538,
                                        "Actual Total Time": 467.651,
                                        "Actual Rows": 59380,
                                        "Actual Loops": 4,
                                        "Output": [
                                            "t.id",
                                            "ci.movie_id"
                                        ],
                                        "Inner Unique": true,
                                        "Hash Cond": "(ci.movie_id = t.id)",
                                        "Workers": [
                                            {
                                                "Worker Number": 0,
                                                "Actual Startup Time": 382.672,
                                                "Actual Total Time": 460.982,
                                                "Actual Rows": 46666,
                                                "Actual Loops": 1
                                            },
                                            {
                                                "Worker Number": 1,
                                                "Actual Startup Time": 382.866,
                                                "Actual Total Time": 455.93,
                                                "Actual Rows": 49720,
                                                "Actual Loops": 1
                                            },
                                            {
                                                "Worker Number": 2,
                                                "Actual Startup Time": 382.625,
                                                "Actual Total Time": 459.17,
                                                "Actual Rows": 59284,
                                                "Actual Loops": 1
                                            }
                                        ],
                                        "Plans": [
                                            {
                                                "Node Type": "Index Scan",
                                                "Parent Relationship": "Outer",
                                                "Parallel Aware": true,
                                                "Scan Direction": "Forward",
                                                "Index Name": "role_id_cast_info",
                                                "Relation Name": "cast_info",
                                                "Schema": "public",
                                                "Alias": "ci",
                                                "Startup Cost": 0.56,
                                                "Total Cost": 8709.54,
                                                "Plan Rows": 38218,
                                                "Plan Width": 4,
                                                "Actual Startup Time": 0.055,
                                                "Actual Total Time": 19.725,
                                                "Actual Rows": 59380,
                                                "Actual Loops": 4,
                                                "Output": [
                                                    "ci.id",
                                                    "ci.person_id",
                                                    "ci.movie_id",
                                                    "ci.person_role_id",
                                                    "ci.note",
                                                    "ci.nr_order",
                                                    "ci.role_id"
                                                ],
                                                "Index Cond": "(ci.role_id > 10)",
                                                "Rows Removed by Index Recheck": 0,
                                                "Filter": "(ci.person_id > 2232112)",
                                                "Rows Removed by Filter": 19649,
                                                "Workers": [
                                                    {
                                                        "Worker Number": 0,
                                                        "Actual Startup Time": 0.065,
                                                        "Actual Total Time": 20.601,
                                                        "Actual Rows": 46666,
                                                        "Actual Loops": 1
                                                    },
                                                    {
                                                        "Worker Number": 1,
                                                        "Actual Startup Time": 0.058,
                                                        "Actual Total Time": 18.565,
                                                        "Actual Rows": 49720,
                                                        "Actual Loops": 1
                                                    },
                                                    {
                                                        "Worker Number": 2,
                                                        "Actual Startup Time": 0.067,
                                                        "Actual Total Time": 18.833,
                                                        "Actual Rows": 59284,
                                                        "Actual Loops": 1
                                                    }
                                                ]
                                            },
                                            {
                                                "Node Type": "Hash",
                                                "Parent Relationship": "Inner",
                                                "Parallel Aware": true,
                                                "Startup Cost": 42318.81,
                                                "Total Cost": 42318.81,
                                                "Plan Rows": 632080,
                                                "Plan Width": 4,
                                                "Actual Startup Time": 377.579,
                                                "Actual Total Time": 377.58,
                                                "Actual Rows": 632078,
                                                "Actual Loops": 4,
                                                "Output": [
                                                    "t.id"
                                                ],
                                                "Hash Buckets": 4194304,
                                                "Original Hash Buckets": 4194304,
                                                "Hash Batches": 1,
                                                "Original Hash Batches": 1,
                                                "Peak Memory Usage": 131744,
                                                "Workers": [
                                                    {
                                                        "Worker Number": 0,
                                                        "Actual Startup Time": 382.105,
                                                        "Actual Total Time": 382.106,
                                                        "Actual Rows": 497029,
                                                        "Actual Loops": 1
                                                    },
                                                    {
                                                        "Worker Number": 1,
                                                        "Actual Startup Time": 382.353,
                                                        "Actual Total Time": 382.353,
                                                        "Actual Rows": 573598,
                                                        "Actual Loops": 1
                                                    },
                                                    {
                                                        "Worker Number": 2,
                                                        "Actual Startup Time": 382.128,
                                                        "Actual Total Time": 382.129,
                                                        "Actual Rows": 635823,
                                                        "Actual Loops": 1
                                                    }
                                                ],
                                                "Plans": [
                                                    {
                                                        "Node Type": "Seq Scan",
                                                        "Parent Relationship": "Outer",
                                                        "Parallel Aware": true,
                                                        "Relation Name": "title",
                                                        "Schema": "public",
                                                        "Alias": "t",
                                                        "Startup Cost": 0.0,
                                                        "Total Cost": 42318.81,
                                                        "Plan Rows": 632080,
                                                        "Plan Width": 4,
                                                        "Actual Startup Time": 0.052,
                                                        "Actual Total Time": 111.064,
                                                        "Actual Rows": 632078,
                                                        "Actual Loops": 4,
                                                        "Output": [
                                                            "t.id"
                                                        ],
                                                        "Workers": [
                                                            {
                                                                "Worker Number": 0,
                                                                "Actual Startup Time": 0.073,
                                                                "Actual Total Time": 120.76,
                                                                "Actual Rows": 497029,
                                                                "Actual Loops": 1
                                                            },
                                                            {
                                                                "Worker Number": 1,
                                                                "Actual Startup Time": 0.063,
                                                                "Actual Total Time": 117.043,
                                                                "Actual Rows": 573598,
                                                                "Actual Loops": 1
                                                            },
                                                            {
                                                                "Worker Number": 2,
                                                                "Actual Startup Time": 0.06,
                                                                "Actual Total Time": 114.091,
                                                                "Actual Rows": 635823,
                                                                "Actual Loops": 1
                                                            }
                                                        ]
                                                    }
                                                ]
                                            }
                                        ]
                                    },
                                    {
                                        "Node Type": "Index Only Scan",
                                        "Parent Relationship": "Inner",
                                        "Parallel Aware": false,
                                        "Scan Direction": "Forward",
                                        "Index Name": "movie_id_movie_info",
                                        "Relation Name": "movie_info",
                                        "Schema": "public",
                                        "Alias": "mi",
                                        "Startup Cost": 0.43,
                                        "Total Cost": 1.46,
                                        "Plan Rows": 39,
                                        "Plan Width": 4,
                                        "Actual Startup Time": 0.005,
                                        "Actual Total Time": 0.012,
                                        "Actual Rows": 10,
                                        "Actual Loops": 237521,
                                        "Output": [
                                            "mi.movie_id"
                                        ],
                                        "Index Cond": "(mi.movie_id = t.id)",
                                        "Rows Removed by Index Recheck": 0,
                                        "Heap Fetches": 2441091,
                                        "Workers": [
                                            {
                                                "Worker Number": 0,
                                                "Actual Startup Time": 0.006,
                                                "Actual Total Time": 0.015,
                                                "Actual Rows": 10,
                                                "Actual Loops": 46666
                                            },
                                            {
                                                "Worker Number": 1,
                                                "Actual Startup Time": 0.006,
                                                "Actual Total Time": 0.015,
                                                "Actual Rows": 11,
                                                "Actual Loops": 49720
                                            },
                                            {
                                                "Worker Number": 2,
                                                "Actual Startup Time": 0.005,
                                                "Actual Total Time": 0.012,
                                                "Actual Rows": 11,
                                                "Actual Loops": 59284
                                            }
                                        ]
                                    }
                                ]
                            }
                        ]
                    }
                ]
            }
        ]
    },
    "Planning Time": 1.539,
    "Triggers": [],
    "Execution Time": 1360.593
}