[
  {
    "Plan": {
      "Node Type": "Aggregate",
      "Strategy": "Plain",
      "Partial Mode": "Finalize",
      "Parallel Aware": false,
      "Startup Cost": 30535.13,
      "Total Cost": 30535.14,
      "Plan Rows": 1,
      "Plan Width": 8,
      "Actual Startup Time": 37.936,
      "Actual Total Time": 46.939,
      "Actual Rows": 1,
      "Actual Loops": 1,
      "Plans": [
        {
          "Node Type": "Gather",
          "Parent Relationship": "Outer",
          "Parallel Aware": false,
          "Startup Cost": 30534.92,
          "Total Cost": 30535.13,
          "Plan Rows": 2,
          "Plan Width": 8,
          "Actual Startup Time": 37.673,
          "Actual Total Time": 46.929,
          "Actual Rows": 3,
          "Actual Loops": 1,
          "Workers Planned": 2,
          "Workers Launched": 2,
          "Single Copy": false,
          "Plans": [
            {
              "Node Type": "Aggregate",
              "Strategy": "Plain",
              "Partial Mode": "Partial",
              "Parent Relationship": "Outer",
              "Parallel Aware": false,
              "Startup Cost": 29534.92,
              "Total Cost": 29534.93,
              "Plan Rows": 1,
              "Plan Width": 8,
              "Actual Startup Time": 33.222,
              "Actual Total Time": 33.225,
              "Actual Rows": 1,
              "Actual Loops": 3,
              "Plans": [
                {
                  "Node Type": "Nested Loop",
                  "Parent Relationship": "Outer",
                  "Parallel Aware": false,
                  "Join Type": "Inner",
                  "Startup Cost": 113.03,
                  "Total Cost": 29529.4,
                  "Plan Rows": 2205,
                  "Plan Width": 0,
                  "Actual Startup Time": 0.953,
                  "Actual Total Time": 32.84,
                  "Actual Rows": 4230,
                  "Actual Loops": 3,
                  "Inner Unique": false,
                  "Plans": [
                    {
                      "Node Type": "Nested Loop",
                      "Parent Relationship": "Outer",
                      "Parallel Aware": false,
                      "Join Type": "Inner",
                      "Startup Cost": 112.6,
                      "Total Cost": 28221.56,
                      "Plan Rows": 2136,
                      "Plan Width": 8,
                      "Actual Startup Time": 0.856,
                      "Actual Total Time": 18.366,
                      "Actual Rows": 1653,
                      "Actual Loops": 3,
                      "Inner Unique": true,
                      "Plans": [
                        {
                          "Node Type": "Bitmap Heap Scan",
                          "Parent Relationship": "Outer",
                          "Parallel Aware": true,
                          "Relation Name": "movie_keyword",
                          "Alias": "mk",
                          "Startup Cost": 112.17,
                          "Total Cost": 12637.41,
                          "Plan Rows": 2136,
                          "Plan Width": 4,
                          "Actual Startup Time": 0.727,
                          "Actual Total Time": 5.356,
                          "Actual Rows": 1653,
                          "Actual Loops": 3,
                          "Recheck Cond": "(keyword_id = 2632)",
                          "Rows Removed by Index Recheck": 0,
                          "Exact Heap Blocks": 2095,
                          "Lossy Heap Blocks": 0,
                          "Plans": [
                            {
                              "Node Type": "Bitmap Index Scan",
                              "Parent Relationship": "Outer",
                              "Parallel Aware": false,
                              "Index Name": "keyword_id_movie_keyword",
                              "Startup Cost": 0.0,
                              "Total Cost": 110.89,
                              "Plan Rows": 5127,
                              "Plan Width": 0,
                              "Actual Startup Time": 1.666,
                              "Actual Total Time": 1.666,
                              "Actual Rows": 4958,
                              "Actual Loops": 1,
                              "Index Cond": "(keyword_id = 2632)"
                            }
                          ]
                        },
                        {
                          "Node Type": "Index Only Scan",
                          "Parent Relationship": "Inner",
                          "Parallel Aware": false,
                          "Scan Direction": "Forward",
                          "Index Name": "title_pkey",
                          "Relation Name": "title",
                          "Alias": "t",
                          "Startup Cost": 0.43,
                          "Total Cost": 7.3,
                          "Plan Rows": 1,
                          "Plan Width": 4,
                          "Actual Startup Time": 0.007,
                          "Actual Total Time": 0.007,
                          "Actual Rows": 1,
                          "Actual Loops": 4958,
                          "Index Cond": "(id = mk.movie_id)",
                          "Rows Removed by Index Recheck": 0,
                          "Heap Fetches": 4958
                        }
                      ]
                    },
                    {
                      "Node Type": "Index Only Scan",
                      "Parent Relationship": "Inner",
                      "Parallel Aware": false,
                      "Scan Direction": "Forward",
                      "Index Name": "movie_id_movie_companies",
                      "Relation Name": "movie_companies",
                      "Alias": "mc",
                      "Startup Cost": 0.43,
                      "Total Cost": 0.56,
                      "Plan Rows": 5,
                      "Plan Width": 4,
                      "Actual Startup Time": 0.006,
                      "Actual Total Time": 0.008,
                      "Actual Rows": 3,
                      "Actual Loops": 4958,
                      "Index Cond": "(movie_id = t.id)",
                      "Rows Removed by Index Recheck": 0,
                      "Heap Fetches": 12690
                    }
                  ]
                }
              ]
            }
          ]
        }
      ]
    },
    "Planning Time": 0.519,
    "Triggers": [],
    "Execution Time": 47.0
  }
]