[
    {
        "Bao": {
            "Bao prediction": 474.461,
            "Bao recommended hint": "(no hint)"
        }
    },
    {
        "Plan": {
            "Node Type": "Aggregate",
            "Strategy": "Plain",
            "Partial Mode": "Finalize",
            "Parallel Aware": false,
            "Startup Cost": 31458.28,
            "Total Cost": 31458.29,
            "Plan Rows": 1,
            "Plan Width": 8,
            "Actual Startup Time": 123.446,
            "Actual Total Time": 131.693,
            "Actual Rows": 1,
            "Actual Loops": 1,
            "Output": [
                "count(*)"
            ],
            "Plans": [
                {
                    "Node Type": "Gather",
                    "Parent Relationship": "Outer",
                    "Parallel Aware": false,
                    "Startup Cost": 31457.96,
                    "Total Cost": 31458.27,
                    "Plan Rows": 3,
                    "Plan Width": 8,
                    "Actual Startup Time": 123.336,
                    "Actual Total Time": 131.686,
                    "Actual Rows": 4,
                    "Actual Loops": 1,
                    "Output": [
                        "(PARTIAL count(*))"
                    ],
                    "Workers Planned": 3,
                    "Workers Launched": 3,
                    "Single Copy": false,
                    "Plans": [
                        {
                            "Node Type": "Aggregate",
                            "Strategy": "Plain",
                            "Partial Mode": "Partial",
                            "Parent Relationship": "Outer",
                            "Parallel Aware": false,
                            "Startup Cost": 30457.96,
                            "Total Cost": 30457.97,
                            "Plan Rows": 1,
                            "Plan Width": 8,
                            "Actual Startup Time": 115.64,
                            "Actual Total Time": 115.641,
                            "Actual Rows": 1,
                            "Actual Loops": 4,
                            "Output": [
                                "PARTIAL count(*)"
                            ],
                            "Workers": [
                                {
                                    "Worker Number": 0,
                                    "Actual Startup Time": 113.104,
                                    "Actual Total Time": 113.105,
                                    "Actual Rows": 1,
                                    "Actual Loops": 1
                                },
                                {
                                    "Worker Number": 1,
                                    "Actual Startup Time": 113.134,
                                    "Actual Total Time": 113.135,
                                    "Actual Rows": 1,
                                    "Actual Loops": 1
                                },
                                {
                                    "Worker Number": 2,
                                    "Actual Startup Time": 113.549,
                                    "Actual Total Time": 113.55,
                                    "Actual Rows": 1,
                                    "Actual Loops": 1
                                }
                            ],
                            "Plans": [
                                {
                                    "Node Type": "Seq Scan",
                                    "Parent Relationship": "Outer",
                                    "Parallel Aware": true,
                                    "Relation Name": "movie_companies",
                                    "Schema": "public",
                                    "Alias": "mc",
                                    "Startup Cost": 0.0,
                                    "Total Cost": 29310.68,
                                    "Plan Rows": 458911,
                                    "Plan Width": 0,
                                    "Actual Startup Time": 21.534,
                                    "Actual Total Time": 94.52,
                                    "Actual Rows": 356004,
                                    "Actual Loops": 4,
                                    "Output": [
                                        "id",
                                        "movie_id",
                                        "company_id",
                                        "company_type_id",
                                        "note"
                                    ],
                                    "Filter": "(mc.company_id > 10354)",
                                    "Rows Removed by Filter": 296278,
                                    "Workers": [
                                        {
                                            "Worker Number": 0,
                                            "Actual Startup Time": 19.004,
                                            "Actual Total Time": 92.66,
                                            "Actual Rows": 296469,
                                            "Actual Loops": 1
                                        },
                                        {
                                            "Worker Number": 1,
                                            "Actual Startup Time": 19.032,
                                            "Actual Total Time": 92.484,
                                            "Actual Rows": 298325,
                                            "Actual Loops": 1
                                        },
                                        {
                                            "Worker Number": 2,
                                            "Actual Startup Time": 19.431,
                                            "Actual Total Time": 93.394,
                                            "Actual Rows": 296060,
                                            "Actual Loops": 1
                                        }
                                    ]
                                }
                            ]
                        }
                    ]
                }
            ]
        },
        "Planning Time": 1140.802,
        "Triggers": [],
        "Execution Time": 131.777
    }
]