[
  {
    "Plan": {
      "Node Type": "Aggregate",
      "Strategy": "Plain",
      "Partial Mode": "Finalize",
      "Parallel Aware": false,
      "Startup Cost": 32919.97,
      "Total Cost": 32919.98,
      "Plan Rows": 1,
      "Plan Width": 8,
      "Actual Startup Time": 95.647,
      "Actual Total Time": 103.442,
      "Actual Rows": 1,
      "Actual Loops": 1,
      "Plans": [
        {
          "Node Type": "Gather",
          "Parent Relationship": "Outer",
          "Parallel Aware": false,
          "Startup Cost": 32919.66,
          "Total Cost": 32919.97,
          "Plan Rows": 3,
          "Plan Width": 8,
          "Actual Startup Time": 95.456,
          "Actual Total Time": 103.434,
          "Actual Rows": 4,
          "Actual Loops": 1,
          "Workers Planned": 3,
          "Workers Launched": 3,
          "Single Copy": false,
          "Plans": [
            {
              "Node Type": "Aggregate",
              "Strategy": "Plain",
              "Partial Mode": "Partial",
              "Parent Relationship": "Outer",
              "Parallel Aware": false,
              "Startup Cost": 31919.66,
              "Total Cost": 31919.67,
              "Plan Rows": 1,
              "Plan Width": 8,
              "Actual Startup Time": 86.85,
              "Actual Total Time": 86.851,
              "Actual Rows": 1,
              "Actual Loops": 4,
              "Plans": [
                {
                  "Node Type": "Seq Scan",
                  "Parent Relationship": "Outer",
                  "Parallel Aware": true,
                  "Relation Name": "movie_companies",
                  "Alias": "mc",
                  "Startup Cost": 0.0,
                  "Total Cost": 31414.82,
                  "Plan Rows": 201935,
                  "Plan Width": 0,
                  "Actual Startup Time": 24.302,
                  "Actual Total Time": 81.891,
                  "Actual Rows": 93394,
                  "Actual Loops": 4,
                  "Filter": "((company_id > 11428) AND (company_type_id = 1))",
                  "Rows Removed by Filter": 558888
                }
              ]
            }
          ]
        }
      ]
    },
    "Planning Time": 0.217,
    "Triggers": [],
    "Execution Time": 103.495
  }
]