[
  {
    "Plan": {
      "Node Type": "Aggregate",
      "Strategy": "Plain",
      "Partial Mode": "Finalize",
      "Parallel Aware": false,
      "Startup Cost": 79676.28,
      "Total Cost": 79676.29,
      "Plan Rows": 1,
      "Plan Width": 8,
      "Actual Startup Time": 130.181,
      "Actual Total Time": 146.813,
      "Actual Rows": 1,
      "Actual Loops": 1,
      "Plans": [
        {
          "Node Type": "Gather",
          "Parent Relationship": "Outer",
          "Parallel Aware": false,
          "Startup Cost": 79675.86,
          "Total Cost": 79676.27,
          "Plan Rows": 4,
          "Plan Width": 8,
          "Actual Startup Time": 129.89,
          "Actual Total Time": 146.805,
          "Actual Rows": 5,
          "Actual Loops": 1,
          "Workers Planned": 4,
          "Workers Launched": 4,
          "Single Copy": false,
          "Plans": [
            {
              "Node Type": "Aggregate",
              "Strategy": "Plain",
              "Partial Mode": "Partial",
              "Parent Relationship": "Outer",
              "Parallel Aware": false,
              "Startup Cost": 78675.86,
              "Total Cost": 78675.87,
              "Plan Rows": 1,
              "Plan Width": 8,
              "Actual Startup Time": 122.803,
              "Actual Total Time": 122.805,
              "Actual Rows": 1,
              "Actual Loops": 5,
              "Plans": [
                {
                  "Node Type": "Nested Loop",
                  "Parent Relationship": "Outer",
                  "Parallel Aware": false,
                  "Join Type": "Inner",
                  "Startup Cost": 0.86,
                  "Total Cost": 78672.64,
                  "Plan Rows": 1289,
                  "Plan Width": 0,
                  "Actual Startup Time": 2.907,
                  "Actual Total Time": 122.742,
                  "Actual Rows": 684,
                  "Actual Loops": 5,
                  "Inner Unique": false,
                  "Join Filter": "(t.id = mk.movie_id)",
                  "Rows Removed by Join Filter": 0,
                  "Plans": [
                    {
                      "Node Type": "Nested Loop",
                      "Parent Relationship": "Outer",
                      "Parallel Aware": false,
                      "Join Type": "Inner",
                      "Startup Cost": 0.43,
                      "Total Cost": 76880.11,
                      "Plan Rows": 720,
                      "Plan Width": 8,
                      "Actual Startup Time": 0.766,
                      "Actual Total Time": 117.943,
                      "Actual Rows": 353,
                      "Actual Loops": 5,
                      "Inner Unique": false,
                      "Plans": [
                        {
                          "Node Type": "Seq Scan",
                          "Parent Relationship": "Outer",
                          "Parallel Aware": true,
                          "Relation Name": "title",
                          "Alias": "t",
                          "Startup Cost": 0.0,
                          "Total Cost": 45479.59,
                          "Plan Rows": 6756,
                          "Plan Width": 4,
                          "Actual Startup Time": 0.173,
                          "Actual Total Time": 77.996,
                          "Actual Rows": 5417,
                          "Actual Loops": 5,
                          "Filter": "((kind_id < 7) AND (production_year > 2012))",
                          "Rows Removed by Filter": 500245
                        },
                        {
                          "Node Type": "Index Scan",
                          "Parent Relationship": "Inner",
                          "Parallel Aware": false,
                          "Scan Direction": "Forward",
                          "Index Name": "movie_id_movie_companies",
                          "Relation Name": "movie_companies",
                          "Alias": "mc",
                          "Startup Cost": 0.43,
                          "Total Cost": 4.64,
                          "Plan Rows": 1,
                          "Plan Width": 4,
                          "Actual Startup Time": 0.007,
                          "Actual Total Time": 0.007,
                          "Actual Rows": 0,
                          "Actual Loops": 27085,
                          "Index Cond": "(movie_id = t.id)",
                          "Rows Removed by Index Recheck": 0,
                          "Filter": "((company_id < 554) AND (company_type_id < 2))",
                          "Rows Removed by Filter": 1
                        }
                      ]
                    },
                    {
                      "Node Type": "Index Only Scan",
                      "Parent Relationship": "Inner",
                      "Parallel Aware": false,
                      "Scan Direction": "Forward",
                      "Index Name": "movie_id_movie_keyword",
                      "Relation Name": "movie_keyword",
                      "Alias": "mk",
                      "Startup Cost": 0.43,
                      "Total Cost": 1.91,
                      "Plan Rows": 46,
                      "Plan Width": 4,
                      "Actual Startup Time": 0.013,
                      "Actual Total Time": 0.013,
                      "Actual Rows": 2,
                      "Actual Loops": 1765,
                      "Index Cond": "(movie_id = mc.movie_id)",
                      "Rows Removed by Index Recheck": 0,
                      "Heap Fetches": 3420
                    }
                  ]
                }
              ]
            }
          ]
        }
      ]
    },
    "Planning Time": 0.572,
    "Triggers": [],
    "Execution Time": 146.861
  }
]