[
  {
    "Plan": {
      "Node Type": "Aggregate",
      "Strategy": "Plain",
      "Partial Mode": "Finalize",
      "Parallel Aware": false,
      "Startup Cost": 33406.96,
      "Total Cost": 33406.97,
      "Plan Rows": 1,
      "Plan Width": 8,
      "Actual Startup Time": 119.357,
      "Actual Total Time": 127.967,
      "Actual Rows": 1,
      "Actual Loops": 1,
      "Plans": [
        {
          "Node Type": "Gather",
          "Parent Relationship": "Outer",
          "Parallel Aware": false,
          "Startup Cost": 33406.64,
          "Total Cost": 33406.95,
          "Plan Rows": 3,
          "Plan Width": 8,
          "Actual Startup Time": 119.23,
          "Actual Total Time": 127.958,
          "Actual Rows": 4,
          "Actual Loops": 1,
          "Workers Planned": 3,
          "Workers Launched": 3,
          "Single Copy": false,
          "Plans": [
            {
              "Node Type": "Aggregate",
              "Strategy": "Plain",
              "Partial Mode": "Partial",
              "Parent Relationship": "Outer",
              "Parallel Aware": false,
              "Startup Cost": 32406.64,
              "Total Cost": 32406.65,
              "Plan Rows": 1,
              "Plan Width": 8,
              "Actual Startup Time": 110.6,
              "Actual Total Time": 110.601,
              "Actual Rows": 1,
              "Actual Loops": 4,
              "Plans": [
                {
                  "Node Type": "Seq Scan",
                  "Parent Relationship": "Outer",
                  "Parallel Aware": true,
                  "Relation Name": "movie_companies",
                  "Alias": "mc",
                  "Startup Cost": 0.0,
                  "Total Cost": 31414.82,
                  "Plan Rows": 396729,
                  "Plan Width": 0,
                  "Actual Startup Time": 51.514,
                  "Actual Total Time": 94.733,
                  "Actual Rows": 323928,
                  "Actual Loops": 4,
                  "Filter": "((company_id > 52) AND (company_type_id > 1))",
                  "Rows Removed by Filter": 328354
                }
              ]
            }
          ]
        }
      ]
    },
    "Planning Time": 0.333,
    "Triggers": [],
    "Execution Time": 128.019
  }
]