[
  {
    "Plan": {
      "Node Type": "Aggregate",
      "Strategy": "Plain",
      "Partial Mode": "Finalize",
      "Parallel Aware": false,
      "Startup Cost": 46710.17,
      "Total Cost": 46710.18,
      "Plan Rows": 1,
      "Plan Width": 8,
      "Actual Startup Time": 148.89,
      "Actual Total Time": 158.585,
      "Actual Rows": 1,
      "Actual Loops": 1,
      "Plans": [
        {
          "Node Type": "Gather",
          "Parent Relationship": "Outer",
          "Parallel Aware": false,
          "Startup Cost": 46709.85,
          "Total Cost": 46710.16,
          "Plan Rows": 3,
          "Plan Width": 8,
          "Actual Startup Time": 148.765,
          "Actual Total Time": 158.575,
          "Actual Rows": 4,
          "Actual Loops": 1,
          "Workers Planned": 3,
          "Workers Launched": 3,
          "Single Copy": false,
          "Plans": [
            {
              "Node Type": "Aggregate",
              "Strategy": "Plain",
              "Partial Mode": "Partial",
              "Parent Relationship": "Outer",
              "Parallel Aware": false,
              "Startup Cost": 45709.85,
              "Total Cost": 45709.86,
              "Plan Rows": 1,
              "Plan Width": 8,
              "Actual Startup Time": 145.325,
              "Actual Total Time": 145.327,
              "Actual Rows": 1,
              "Actual Loops": 4,
              "Plans": [
                {
                  "Node Type": "Seq Scan",
                  "Parent Relationship": "Outer",
                  "Parallel Aware": true,
                  "Relation Name": "movie_keyword",
                  "Alias": "mk",
                  "Startup Cost": 0.0,
                  "Total Cost": 42695.65,
                  "Plan Rows": 1205680,
                  "Plan Width": 0,
                  "Actual Startup Time": 0.028,
                  "Actual Total Time": 108.203,
                  "Actual Rows": 935244,
                  "Actual Loops": 4,
                  "Filter": "(keyword_id < 24075)",
                  "Rows Removed by Filter": 195738
                }
              ]
            }
          ]
        }
      ]
    },
    "Planning Time": 0.123,
    "Triggers": [],
    "Execution Time": 158.624
  }
]