[
  {
    "Plan": {
      "Node Type": "Aggregate",
      "Strategy": "Plain",
      "Partial Mode": "Finalize",
      "Parallel Aware": false,
      "Startup Cost": 66695.35,
      "Total Cost": 66695.36,
      "Plan Rows": 1,
      "Plan Width": 8,
      "Actual Startup Time": 65.544,
      "Actual Total Time": 76.291,
      "Actual Rows": 1,
      "Actual Loops": 1,
      "Plans": [
        {
          "Node Type": "Gather",
          "Parent Relationship": "Outer",
          "Parallel Aware": false,
          "Startup Cost": 66694.93,
          "Total Cost": 66695.34,
          "Plan Rows": 4,
          "Plan Width": 8,
          "Actual Startup Time": 65.204,
          "Actual Total Time": 76.278,
          "Actual Rows": 5,
          "Actual Loops": 1,
          "Workers Planned": 4,
          "Workers Launched": 4,
          "Single Copy": false,
          "Plans": [
            {
              "Node Type": "Aggregate",
              "Strategy": "Plain",
              "Partial Mode": "Partial",
              "Parent Relationship": "Outer",
              "Parallel Aware": false,
              "Startup Cost": 65694.93,
              "Total Cost": 65694.94,
              "Plan Rows": 1,
              "Plan Width": 8,
              "Actual Startup Time": 61.001,
              "Actual Total Time": 61.003,
              "Actual Rows": 1,
              "Actual Loops": 5,
              "Plans": [
                {
                  "Node Type": "Nested Loop",
                  "Parent Relationship": "Outer",
                  "Parallel Aware": false,
                  "Join Type": "Inner",
                  "Startup Cost": 1698.21,
                  "Total Cost": 65687.77,
                  "Plan Rows": 2864,
                  "Plan Width": 0,
                  "Actual Startup Time": 13.176,
                  "Actual Total Time": 60.514,
                  "Actual Rows": 2471,
                  "Actual Loops": 5,
                  "Inner Unique": false,
                  "Plans": [
                    {
                      "Node Type": "Bitmap Heap Scan",
                      "Parent Relationship": "Outer",
                      "Parallel Aware": true,
                      "Relation Name": "title",
                      "Alias": "t",
                      "Startup Cost": 1697.65,
                      "Total Cost": 38052.16,
                      "Plan Rows": 200,
                      "Plan Width": 4,
                      "Actual Startup Time": 12.409,
                      "Actual Total Time": 39.416,
                      "Actual Rows": 198,
                      "Actual Loops": 5,
                      "Recheck Cond": "(kind_id = 2)",
                      "Rows Removed by Index Recheck": 0,
                      "Filter": "(production_year = 1988)",
                      "Rows Removed by Filter": 17972,
                      "Exact Heap Blocks": 10893,
                      "Lossy Heap Blocks": 0,
                      "Plans": [
                        {
                          "Node Type": "Bitmap Index Scan",
                          "Parent Relationship": "Outer",
                          "Parallel Aware": false,
                          "Index Name": "kind_id_title",
                          "Startup Cost": 0.0,
                          "Total Cost": 1697.45,
                          "Plan Rows": 95069,
                          "Plan Width": 0,
                          "Actual Startup Time": 10.054,
                          "Actual Total Time": 10.055,
                          "Actual Rows": 90852,
                          "Actual Loops": 1,
                          "Index Cond": "(kind_id = 2)"
                        }
                      ]
                    },
                    {
                      "Node Type": "Index Only Scan",
                      "Parent Relationship": "Inner",
                      "Parallel Aware": false,
                      "Scan Direction": "Forward",
                      "Index Name": "movie_id_cast_info",
                      "Relation Name": "cast_info",
                      "Alias": "ci",
                      "Startup Cost": 0.56,
                      "Total Cost": 137.83,
                      "Plan Rows": 35,
                      "Plan Width": 4,
                      "Actual Startup Time": 0.024,
                      "Actual Total Time": 0.103,
                      "Actual Rows": 12,
                      "Actual Loops": 992,
                      "Index Cond": "(movie_id = t.id)",
                      "Rows Removed by Index Recheck": 0,
                      "Heap Fetches": 12356
                    }
                  ]
                }
              ]
            }
          ]
        }
      ]
    },
    "Planning Time": 0.282,
    "Triggers": [],
    "Execution Time": 76.37
  }
]