[
  {
    "Plan": {
      "Node Type": "Aggregate",
      "Strategy": "Plain",
      "Partial Mode": "Finalize",
      "Parallel Aware": false,
      "Startup Cost": 33195.59,
      "Total Cost": 33195.6,
      "Plan Rows": 1,
      "Plan Width": 8,
      "Actual Startup Time": 87.907,
      "Actual Total Time": 95.715,
      "Actual Rows": 1,
      "Actual Loops": 1,
      "Plans": [
        {
          "Node Type": "Gather",
          "Parent Relationship": "Outer",
          "Parallel Aware": false,
          "Startup Cost": 33195.28,
          "Total Cost": 33195.59,
          "Plan Rows": 3,
          "Plan Width": 8,
          "Actual Startup Time": 87.815,
          "Actual Total Time": 95.709,
          "Actual Rows": 4,
          "Actual Loops": 1,
          "Workers Planned": 3,
          "Workers Launched": 3,
          "Single Copy": false,
          "Plans": [
            {
              "Node Type": "Aggregate",
              "Strategy": "Plain",
              "Partial Mode": "Partial",
              "Parent Relationship": "Outer",
              "Parallel Aware": false,
              "Startup Cost": 32195.28,
              "Total Cost": 32195.29,
              "Plan Rows": 1,
              "Plan Width": 8,
              "Actual Startup Time": 84.233,
              "Actual Total Time": 84.234,
              "Actual Rows": 1,
              "Actual Loops": 4,
              "Plans": [
                {
                  "Node Type": "Seq Scan",
                  "Parent Relationship": "Outer",
                  "Parallel Aware": true,
                  "Relation Name": "movie_companies",
                  "Alias": "mc",
                  "Startup Cost": 0.0,
                  "Total Cost": 31414.82,
                  "Plan Rows": 312183,
                  "Plan Width": 0,
                  "Actual Startup Time": 38.616,
                  "Actual Total Time": 73.402,
                  "Actual Rows": 282528,
                  "Actual Loops": 4,
                  "Filter": "((company_id > 1284) AND (company_type_id > 1))",
                  "Rows Removed by Filter": 369754
                }
              ]
            }
          ]
        }
      ]
    },
    "Planning Time": 0.215,
    "Triggers": [],
    "Execution Time": 95.759
  }
]