[
  {
    "Plan": {
      "Node Type": "Aggregate",
      "Strategy": "Plain",
      "Partial Mode": "Finalize",
      "Parallel Aware": false,
      "Startup Cost": 33035.29,
      "Total Cost": 33035.3,
      "Plan Rows": 1,
      "Plan Width": 8,
      "Actual Startup Time": 92.613,
      "Actual Total Time": 99.543,
      "Actual Rows": 1,
      "Actual Loops": 1,
      "Plans": [
        {
          "Node Type": "Gather",
          "Parent Relationship": "Outer",
          "Parallel Aware": false,
          "Startup Cost": 33034.98,
          "Total Cost": 33035.29,
          "Plan Rows": 3,
          "Plan Width": 8,
          "Actual Startup Time": 92.488,
          "Actual Total Time": 99.535,
          "Actual Rows": 4,
          "Actual Loops": 1,
          "Workers Planned": 3,
          "Workers Launched": 3,
          "Single Copy": false,
          "Plans": [
            {
              "Node Type": "Aggregate",
              "Strategy": "Plain",
              "Partial Mode": "Partial",
              "Parent Relationship": "Outer",
              "Parallel Aware": false,
              "Startup Cost": 32034.98,
              "Total Cost": 32034.99,
              "Plan Rows": 1,
              "Plan Width": 8,
              "Actual Startup Time": 85.078,
              "Actual Total Time": 85.079,
              "Actual Rows": 1,
              "Actual Loops": 4,
              "Plans": [
                {
                  "Node Type": "Seq Scan",
                  "Parent Relationship": "Outer",
                  "Parallel Aware": true,
                  "Relation Name": "movie_companies",
                  "Alias": "mc",
                  "Startup Cost": 0.0,
                  "Total Cost": 31414.82,
                  "Plan Rows": 248063,
                  "Plan Width": 0,
                  "Actual Startup Time": 9.602,
                  "Actual Total Time": 78.603,
                  "Actual Rows": 137121,
                  "Actual Loops": 4,
                  "Filter": "((company_id > 6077) AND (company_type_id < 2))",
                  "Rows Removed by Filter": 515162
                }
              ]
            }
          ]
        }
      ]
    },
    "Planning Time": 0.214,
    "Triggers": [],
    "Execution Time": 99.599
  }
]