{
  "Plan": {
    "Node Type": "Aggregate",
    "Strategy": "Plain",
    "Partial Mode": "Finalize",
    "Parallel Aware": false,
    "Startup Cost": 39768.19,
    "Total Cost": 39768.2,
    "Plan Rows": 1,
    "Plan Width": 8,
    "Actual Startup Time": 133.391,
    "Actual Total Time": 138.545,
    "Actual Rows": 1,
    "Actual Loops": 1,
    "Plans": [
      {
        "Node Type": "Gather",
        "Parent Relationship": "Outer",
        "Parallel Aware": false,
        "Startup Cost": 39768.08,
        "Total Cost": 39768.19,
        "Plan Rows": 1,
        "Plan Width": 8,
        "Actual Startup Time": 133.227,
        "Actual Total Time": 138.536,
        "Actual Rows": 2,
        "Actual Loops": 1,
        "Workers Planned": 1,
        "Workers Launched": 1,
        "Single Copy": false,
        "Plans": [
          {
            "Node Type": "Aggregate",
            "Strategy": "Plain",
            "Partial Mode": "Partial",
            "Parent Relationship": "Outer",
            "Parallel Aware": false,
            "Startup Cost": 38768.08,
            "Total Cost": 38768.09,
            "Plan Rows": 1,
            "Plan Width": 8,
            "Actual Startup Time": 127.069,
            "Actual Total Time": 127.073,
            "Actual Rows": 1,
            "Actual Loops": 2,
            "Plans": [
              {
                "Node Type": "Hash Join",
                "Parent Relationship": "Outer",
                "Parallel Aware": true,
                "Join Type": "Inner",
                "Startup Cost": 19665.45,
                "Total Cost": 38766.41,
                "Plan Rows": 666,
                "Plan Width": 0,
                "Actual Startup Time": 68.494,
                "Actual Total Time": 127.065,
                "Actual Rows": 2,
                "Actual Loops": 2,
                "Inner Unique": false,
                "Hash Cond": "(mi_idx.movie_id = t.id)",
                "Plans": [
                  {
                    "Node Type": "Seq Scan",
                    "Parent Relationship": "Outer",
                    "Parallel Aware": true,
                    "Relation Name": "movie_info_idx",
                    "Alias": "mi_idx",
                    "Startup Cost": 0.0,
                    "Total Cost": 16052.85,
                    "Plan Rows": 811785,
                    "Plan Width": 4,
                    "Actual Startup Time": 0.042,
                    "Actual Total Time": 66.533,
                    "Actual Rows": 690018,
                    "Actual Loops": 2
                  },
                  {
                    "Node Type": "Hash",
                    "Parent Relationship": "Inner",
                    "Parallel Aware": true,
                    "Startup Cost": 19650.18,
                    "Total Cost": 19650.18,
                    "Plan Rows": 1221,
                    "Plan Width": 8,
                    "Actual Startup Time": 3.134,
                    "Actual Total Time": 3.136,
                    "Actual Rows": 1,
                    "Actual Loops": 2,
                    "Hash Buckets": 4096,
                    "Original Hash Buckets": 4096,
                    "Hash Batches": 1,
                    "Original Hash Batches": 1,
                    "Peak Memory Usage": 64,
                    "Plans": [
                      {
                        "Node Type": "Nested Loop",
                        "Parent Relationship": "Outer",
                        "Parallel Aware": false,
                        "Join Type": "Inner",
                        "Startup Cost": 92.04,
                        "Total Cost": 19650.18,
                        "Plan Rows": 1221,
                        "Plan Width": 8,
                        "Actual Startup Time": 6.181,
                        "Actual Total Time": 6.21,
                        "Actual Rows": 2,
                        "Actual Loops": 1,
                        "Inner Unique": true,
                        "Plans": [
                          {
                            "Node Type": "Bitmap Heap Scan",
                            "Parent Relationship": "Outer",
                            "Parallel Aware": true,
                            "Relation Name": "movie_companies",
                            "Alias": "mc",
                            "Startup Cost": 91.61,
                            "Total Cost": 9976.0,
                            "Plan Rows": 1221,
                            "Plan Width": 4,
                            "Actual Startup Time": 6.13,
                            "Actual Total Time": 6.137,
                            "Actual Rows": 2,
                            "Actual Loops": 1,
                            "Recheck Cond": "(company_id = 428)",
                            "Rows Removed by Index Recheck": 0,
                            "Filter": "(company_type_id = 2)",
                            "Rows Removed by Filter": 3428,
                            "Exact Heap Blocks": 1089,
                            "Lossy Heap Blocks": 0,
                            "Plans": [
                              {
                                "Node Type": "Bitmap Index Scan",
                                "Parent Relationship": "Outer",
                                "Parallel Aware": false,
                                "Index Name": "company_id_movie_companies",
                                "Startup Cost": 0.0,
                                "Total Cost": 91.09,
                                "Plan Rows": 4088,
                                "Plan Width": 0,
                                "Actual Startup Time": 1.052,
                                "Actual Total Time": 1.052,
                                "Actual Rows": 3430,
                                "Actual Loops": 1,
                                "Index Cond": "(company_id = 428)"
                              }
                            ]
                          },
                          {
                            "Node Type": "Index Only Scan",
                            "Parent Relationship": "Inner",
                            "Parallel Aware": false,
                            "Scan Direction": "Forward",
                            "Index Name": "title_pkey",
                            "Relation Name": "title",
                            "Alias": "t",
                            "Startup Cost": 0.43,
                            "Total Cost": 7.92,
                            "Plan Rows": 1,
                            "Plan Width": 4,
                            "Actual Startup Time": 0.029,
                            "Actual Total Time": 0.029,
                            "Actual Rows": 1,
                            "Actual Loops": 2,
                            "Index Cond": "(id = mc.movie_id)",
                            "Rows Removed by Index Recheck": 0,
                            "Heap Fetches": 2
                          }
                        ]
                      }
                    ]
                  }
                ]
              }
            ]
          }
        ]
      }
    ]
  },
  "Planning Time": 1.076,
  "Triggers": [],
  "Execution Time": 138.651
}