[
    {
        "Bao": {
            "Bao prediction": "NaN",
            "Bao recommended hint": "(no hint)"
        }
    },
    {
        "Plan": {
            "Node Type": "Aggregate",
            "Strategy": "Plain",
            "Partial Mode": "Simple",
            "Parallel Aware": false,
            "Startup Cost": 26431.4,
            "Total Cost": 26431.41,
            "Plan Rows": 1,
            "Plan Width": 8,
            "Actual Startup Time": 27.809,
            "Actual Total Time": 27.81,
            "Actual Rows": 1,
            "Actual Loops": 1,
            "Output": [
                "count(*)"
            ],
            "Plans": [
                {
                    "Node Type": "Bitmap Heap Scan",
                    "Parent Relationship": "Outer",
                    "Parallel Aware": false,
                    "Relation Name": "movie_keyword",
                    "Schema": "public",
                    "Alias": "mk",
                    "Startup Cost": 1159.18,
                    "Total Cost": 26295.03,
                    "Plan Rows": 54548,
                    "Plan Width": 0,
                    "Actual Startup Time": 5.393,
                    "Actual Total Time": 25.668,
                    "Actual Rows": 49477,
                    "Actual Loops": 1,
                    "Recheck Cond": "(mk.keyword_id > 99824)",
                    "Rows Removed by Index Recheck": 0,
                    "Exact Heap Blocks": 12149,
                    "Lossy Heap Blocks": 0,
                    "Plans": [
                        {
                            "Node Type": "Bitmap Index Scan",
                            "Parent Relationship": "Outer",
                            "Parallel Aware": false,
                            "Index Name": "keyword_id_movie_keyword",
                            "Startup Cost": 0.0,
                            "Total Cost": 1145.54,
                            "Plan Rows": 54548,
                            "Plan Width": 0,
                            "Actual Startup Time": 3.559,
                            "Actual Total Time": 3.559,
                            "Actual Rows": 49477,
                            "Actual Loops": 1,
                            "Index Cond": "(mk.keyword_id > 99824)"
                        }
                    ]
                }
            ]
        },
        "Planning Time": 194.293,
        "Triggers": [],
        "Execution Time": 27.89
    }
]