[
  {
    "Plan": {
      "Node Type": "Aggregate",
      "Strategy": "Plain",
      "Partial Mode": "Finalize",
      "Parallel Aware": false,
      "Startup Cost": 44733.1,
      "Total Cost": 44733.11,
      "Plan Rows": 1,
      "Plan Width": 8,
      "Actual Startup Time": 123.406,
      "Actual Total Time": 130.074,
      "Actual Rows": 1,
      "Actual Loops": 1,
      "Plans": [
        {
          "Node Type": "Gather",
          "Parent Relationship": "Outer",
          "Parallel Aware": false,
          "Startup Cost": 44732.79,
          "Total Cost": 44733.1,
          "Plan Rows": 3,
          "Plan Width": 8,
          "Actual Startup Time": 123.281,
          "Actual Total Time": 130.064,
          "Actual Rows": 4,
          "Actual Loops": 1,
          "Workers Planned": 3,
          "Workers Launched": 3,
          "Single Copy": false,
          "Plans": [
            {
              "Node Type": "Aggregate",
              "Strategy": "Plain",
              "Partial Mode": "Partial",
              "Parent Relationship": "Outer",
              "Parallel Aware": false,
              "Startup Cost": 43732.79,
              "Total Cost": 43732.8,
              "Plan Rows": 1,
              "Plan Width": 8,
              "Actual Startup Time": 116.525,
              "Actual Total Time": 116.526,
              "Actual Rows": 1,
              "Actual Loops": 4,
              "Plans": [
                {
                  "Node Type": "Seq Scan",
                  "Parent Relationship": "Outer",
                  "Parallel Aware": true,
                  "Relation Name": "movie_keyword",
                  "Alias": "mk",
                  "Startup Cost": 0.0,
                  "Total Cost": 42695.65,
                  "Plan Rows": 414853,
                  "Plan Width": 0,
                  "Actual Startup Time": 0.044,
                  "Actual Total Time": 100.785,
                  "Actual Rows": 322473,
                  "Actual Loops": 4,
                  "Filter": "(keyword_id < 1669)",
                  "Rows Removed by Filter": 808510
                }
              ]
            }
          ]
        }
      ]
    },
    "Planning Time": 0.19,
    "Triggers": [],
    "Execution Time": 130.126
  }
]