{
  "Plan": {
    "Node Type": "Aggregate",
    "Strategy": "Plain",
    "Partial Mode": "Finalize",
    "Parallel Aware": false,
    "Startup Cost": 828726.39,
    "Total Cost": 828726.4,
    "Plan Rows": 1,
    "Plan Width": 8,
    "Actual Startup Time": 8334.344,
    "Actual Total Time": 8390.61,
    "Actual Rows": 1,
    "Actual Loops": 1,
    "Plans": [
      {
        "Node Type": "Gather",
        "Parent Relationship": "Outer",
        "Parallel Aware": false,
        "Startup Cost": 828726.28,
        "Total Cost": 828726.39,
        "Plan Rows": 1,
        "Plan Width": 8,
        "Actual Startup Time": 8311.146,
        "Actual Total Time": 8390.602,
        "Actual Rows": 2,
        "Actual Loops": 1,
        "Workers Planned": 1,
        "Workers Launched": 1,
        "Single Copy": false,
        "Plans": [
          {
            "Node Type": "Aggregate",
            "Strategy": "Plain",
            "Partial Mode": "Partial",
            "Parent Relationship": "Outer",
            "Parallel Aware": false,
            "Startup Cost": 827726.28,
            "Total Cost": 827726.29,
            "Plan Rows": 1,
            "Plan Width": 8,
            "Actual Startup Time": 8304.657,
            "Actual Total Time": 8304.662,
            "Actual Rows": 1,
            "Actual Loops": 2,
            "Plans": [
              {
                "Node Type": "Merge Join",
                "Parent Relationship": "Outer",
                "Parallel Aware": false,
                "Join Type": "Inner",
                "Startup Cost": 668982.88,
                "Total Cost": 824639.79,
                "Plan Rows": 1234596,
                "Plan Width": 0,
                "Actual Startup Time": 5739.866,
                "Actual Total Time": 7846.519,
                "Actual Rows": 12256946,
                "Actual Loops": 2,
                "Inner Unique": false,
                "Merge Cond": "(mc.movie_id = t.id)",
                "Plans": [
                  {
                    "Node Type": "Index Only Scan",
                    "Parent Relationship": "Outer",
                    "Parallel Aware": true,
                    "Scan Direction": "Forward",
                    "Index Name": "movie_id_movie_companies",
                    "Relation Name": "movie_companies",
                    "Alias": "mc",
                    "Startup Cost": 0.43,
                    "Total Cost": 129315.97,
                    "Plan Rows": 1534782,
                    "Plan Width": 4,
                    "Actual Startup Time": 0.084,
                    "Actual Total Time": 330.655,
                    "Actual Rows": 1304564,
                    "Actual Loops": 2,
                    "Heap Fetches": 2609129
                  },
                  {
                    "Node Type": "Sort",
                    "Parent Relationship": "Inner",
                    "Parallel Aware": false,
                    "Startup Cost": 668982.25,
                    "Total Cost": 674066.72,
                    "Plan Rows": 2033788,
                    "Plan Width": 8,
                    "Actual Startup Time": 5739.599,
                    "Actual Total Time": 6265.253,
                    "Actual Rows": 14988264,
                    "Actual Loops": 2,
                    "Sort Key": [
                      "mi.movie_id"
                    ],
                    "Sort Method": "quicksort",
                    "Sort Space Used": 432456,
                    "Sort Space Type": "Memory",
                    "Workers": [
                      {
                        "Worker Number": 0,
                        "Sort Method": "quicksort",
                        "Sort Space Used": 432456,
                        "Sort Space Type": "Memory"
                      }
                    ],
                    "Plans": [
                      {
                        "Node Type": "Hash Join",
                        "Parent Relationship": "Outer",
                        "Parallel Aware": false,
                        "Join Type": "Inner",
                        "Startup Cost": 73356.97,
                        "Total Cost": 455884.61,
                        "Plan Rows": 2033788,
                        "Plan Width": 8,
                        "Actual Startup Time": 317.463,
                        "Actual Total Time": 4663.244,
                        "Actual Rows": 5031421,
                        "Actual Loops": 2,
                        "Inner Unique": true,
                        "Hash Cond": "(mi.movie_id = t.id)",
                        "Plans": [
                          {
                            "Node Type": "Seq Scan",
                            "Parent Relationship": "Outer",
                            "Parallel Aware": false,
                            "Relation Name": "movie_info",
                            "Alias": "mi",
                            "Startup Cost": 0.0,
                            "Total Cost": 346788.81,
                            "Plan Rows": 13614770,
                            "Plan Width": 4,
                            "Actual Startup Time": 0.046,
                            "Actual Total Time": 1507.068,
                            "Actual Rows": 13713748,
                            "Actual Loops": 2,
                            "Filter": "(info_type_id < 63)",
                            "Rows Removed by Filter": 1121972
                          },
                          {
                            "Node Type": "Hash",
                            "Parent Relationship": "Inner",
                            "Parallel Aware": false,
                            "Startup Cost": 68635.98,
                            "Total Cost": 68635.98,
                            "Plan Rows": 377679,
                            "Plan Width": 4,
                            "Actual Startup Time": 309.121,
                            "Actual Total Time": 309.123,
                            "Actual Rows": 484820,
                            "Actual Loops": 2,
                            "Hash Buckets": 524288,
                            "Original Hash Buckets": 524288,
                            "Hash Batches": 1,
                            "Original Hash Batches": 1,
                            "Peak Memory Usage": 21141,
                            "Plans": [
                              {
                                "Node Type": "Bitmap Heap Scan",
                                "Parent Relationship": "Outer",
                                "Parallel Aware": false,
                                "Relation Name": "title",
                                "Alias": "t",
                                "Startup Cost": 17766.56,
                                "Total Cost": 68635.98,
                                "Plan Rows": 377679,
                                "Plan Width": 4,
                                "Actual Startup Time": 54.973,
                                "Actual Total Time": 218.421,
                                "Actual Rows": 484820,
                                "Actual Loops": 2,
                                "Recheck Cond": "(kind_id < 7)",
                                "Rows Removed by Index Recheck": 0,
                                "Filter": "(production_year < 1999)",
                                "Rows Removed by Filter": 500228,
                                "Exact Heap Blocks": 35472,
                                "Lossy Heap Blocks": 0,
                                "Plans": [
                                  {
                                    "Node Type": "Bitmap Index Scan",
                                    "Parent Relationship": "Outer",
                                    "Parallel Aware": false,
                                    "Index Name": "kind_id_title",
                                    "Startup Cost": 0.0,
                                    "Total Cost": 17672.14,
                                    "Plan Rows": 991428,
                                    "Plan Width": 0,
                                    "Actual Startup Time": 50.124,
                                    "Actual Total Time": 50.124,
                                    "Actual Rows": 985048,
                                    "Actual Loops": 2,
                                    "Index Cond": "(kind_id < 7)"
                                  }
                                ]
                              }
                            ]
                          }
                        ]
                      }
                    ]
                  }
                ]
              }
            ]
          }
        ]
      }
    ]
  },
  "Planning Time": 1.156,
  "Triggers": [],
  "Execution Time": 8429.42
}