[
  {
    "Plan": {
      "Node Type": "Aggregate",
      "Strategy": "Plain",
      "Partial Mode": "Finalize",
      "Parallel Aware": false,
      "Startup Cost": 31194.81,
      "Total Cost": 31194.82,
      "Plan Rows": 1,
      "Plan Width": 8,
      "Actual Startup Time": 92.929,
      "Actual Total Time": 100.392,
      "Actual Rows": 1,
      "Actual Loops": 1,
      "Plans": [
        {
          "Node Type": "Gather",
          "Parent Relationship": "Outer",
          "Parallel Aware": false,
          "Startup Cost": 31194.49,
          "Total Cost": 31194.8,
          "Plan Rows": 3,
          "Plan Width": 8,
          "Actual Startup Time": 92.722,
          "Actual Total Time": 100.385,
          "Actual Rows": 4,
          "Actual Loops": 1,
          "Workers Planned": 3,
          "Workers Launched": 3,
          "Single Copy": false,
          "Plans": [
            {
              "Node Type": "Aggregate",
              "Strategy": "Plain",
              "Partial Mode": "Partial",
              "Parent Relationship": "Outer",
              "Parallel Aware": false,
              "Startup Cost": 30194.49,
              "Total Cost": 30194.5,
              "Plan Rows": 1,
              "Plan Width": 8,
              "Actual Startup Time": 87.461,
              "Actual Total Time": 87.462,
              "Actual Rows": 1,
              "Actual Loops": 4,
              "Plans": [
                {
                  "Node Type": "Seq Scan",
                  "Parent Relationship": "Outer",
                  "Parallel Aware": true,
                  "Relation Name": "movie_companies",
                  "Alias": "mc",
                  "Startup Cost": 0.0,
                  "Total Cost": 29310.68,
                  "Plan Rows": 353524,
                  "Plan Width": 0,
                  "Actual Startup Time": 20.164,
                  "Actual Total Time": 76.036,
                  "Actual Rows": 276004,
                  "Actual Loops": 4,
                  "Filter": "(company_id > 14048)",
                  "Rows Removed by Filter": 376278
                }
              ]
            }
          ]
        }
      ]
    },
    "Planning Time": 0.125,
    "Triggers": [],
    "Execution Time": 100.43
  }
]