[
  {
    "Plan": {
      "Node Type": "Aggregate",
      "Strategy": "Plain",
      "Partial Mode": "Finalize",
      "Parallel Aware": false,
      "Startup Cost": 625623.41,
      "Total Cost": 625623.42,
      "Plan Rows": 1,
      "Plan Width": 8,
      "Actual Startup Time": 6657.234,
      "Actual Total Time": 6752.399,
      "Actual Rows": 1,
      "Actual Loops": 1,
      "Plans": [
        {
          "Node Type": "Gather",
          "Parent Relationship": "Outer",
          "Parallel Aware": false,
          "Startup Cost": 625622.78,
          "Total Cost": 625623.39,
          "Plan Rows": 6,
          "Plan Width": 8,
          "Actual Startup Time": 6639.08,
          "Actual Total Time": 6752.385,
          "Actual Rows": 7,
          "Actual Loops": 1,
          "Workers Planned": 6,
          "Workers Launched": 6,
          "Single Copy": false,
          "Plans": [
            {
              "Node Type": "Aggregate",
              "Strategy": "Plain",
              "Partial Mode": "Partial",
              "Parent Relationship": "Outer",
              "Parallel Aware": false,
              "Startup Cost": 624622.78,
              "Total Cost": 624622.79,
              "Plan Rows": 1,
              "Plan Width": 8,
              "Actual Startup Time": 6610.686,
              "Actual Total Time": 6610.694,
              "Actual Rows": 1,
              "Actual Loops": 7,
              "Plans": [
                {
                  "Node Type": "Hash Join",
                  "Parent Relationship": "Outer",
                  "Parallel Aware": true,
                  "Join Type": "Inner",
                  "Startup Cost": 260116.54,
                  "Total Cost": 617161.09,
                  "Plan Rows": 2984677,
                  "Plan Width": 0,
                  "Actual Startup Time": 1788.089,
                  "Actual Total Time": 5738.834,
                  "Actual Rows": 19649359,
                  "Actual Loops": 7,
                  "Inner Unique": false,
                  "Hash Cond": "(ci.movie_id = t.id)",
                  "Plans": [
                    {
                      "Node Type": "Seq Scan",
                      "Parent Relationship": "Outer",
                      "Parallel Aware": true,
                      "Relation Name": "cast_info",
                      "Alias": "ci",
                      "Startup Cost": 0.0,
                      "Total Cost": 343316.27,
                      "Plan Rows": 2069049,
                      "Plan Width": 4,
                      "Actual Startup Time": 230.982,
                      "Actual Total Time": 764.013,
                      "Actual Rows": 2676757,
                      "Actual Loops": 7,
                      "Filter": "((person_id > 1708885) AND (role_id > 1))",
                      "Rows Removed by Filter": 2501006
                    },
                    {
                      "Node Type": "Hash",
                      "Parent Relationship": "Inner",
                      "Parallel Aware": true,
                      "Startup Cost": 250998.19,
                      "Total Cost": 250998.19,
                      "Plan Rows": 729468,
                      "Plan Width": 8,
                      "Actual Startup Time": 1549.973,
                      "Actual Total Time": 1549.979,
                      "Actual Rows": 916221,
                      "Actual Loops": 7,
                      "Hash Buckets": 8388608,
                      "Original Hash Buckets": 4194304,
                      "Hash Batches": 1,
                      "Original Hash Batches": 1,
                      "Peak Memory Usage": 349280,
                      "Plans": [
                        {
                          "Node Type": "Hash Join",
                          "Parent Relationship": "Outer",
                          "Parallel Aware": true,
                          "Join Type": "Inner",
                          "Startup Cost": 46982.15,
                          "Total Cost": 250998.19,
                          "Plan Rows": 729468,
                          "Plan Width": 8,
                          "Actual Startup Time": 176.039,
                          "Actual Total Time": 970.824,
                          "Actual Rows": 916221,
                          "Actual Loops": 7,
                          "Inner Unique": true,
                          "Hash Cond": "(mi.movie_id = t.id)",
                          "Plans": [
                            {
                              "Node Type": "Seq Scan",
                              "Parent Relationship": "Outer",
                              "Parallel Aware": true,
                              "Relation Name": "movie_info",
                              "Alias": "mi",
                              "Startup Cost": 0.0,
                              "Total Cost": 199108.24,
                              "Plan Rows": 1869633,
                              "Plan Width": 4,
                              "Actual Startup Time": 17.262,
                              "Actual Total Time": 386.534,
                              "Actual Rows": 1346457,
                              "Actual Loops": 7,
                              "Filter": "(info_type_id > 5)",
                              "Rows Removed by Filter": 772931
                            },
                            {
                              "Node Type": "Hash",
                              "Parent Relationship": "Inner",
                              "Parallel Aware": true,
                              "Startup Cost": 43899.32,
                              "Total Cost": 43899.32,
                              "Plan Rows": 246626,
                              "Plan Width": 4,
                              "Actual Startup Time": 157.568,
                              "Actual Total Time": 157.569,
                              "Actual Rows": 140721,
                              "Actual Loops": 7,
                              "Hash Buckets": 1048576,
                              "Original Hash Buckets": 1048576,
                              "Hash Batches": 1,
                              "Original Hash Batches": 1,
                              "Peak Memory Usage": 46816,
                              "Plans": [
                                {
                                  "Node Type": "Seq Scan",
                                  "Parent Relationship": "Outer",
                                  "Parallel Aware": true,
                                  "Relation Name": "title",
                                  "Alias": "t",
                                  "Startup Cost": 0.0,
                                  "Total Cost": 43899.32,
                                  "Plan Rows": 246626,
                                  "Plan Width": 4,
                                  "Actual Startup Time": 0.067,
                                  "Actual Total Time": 87.239,
                                  "Actual Rows": 140721,
                                  "Actual Loops": 7,
                                  "Filter": "(kind_id < 7)",
                                  "Rows Removed by Filter": 220466
                                }
                              ]
                            }
                          ]
                        }
                      ]
                    }
                  ]
                }
              ]
            }
          ]
        }
      ]
    },
    "Planning Time": 1.444,
    "Triggers": [],
    "Execution Time": 6752.536
  }
]