[
  {
    "Plan": {
      "Node Type": "Aggregate",
      "Strategy": "Plain",
      "Partial Mode": "Finalize",
      "Parallel Aware": false,
      "Startup Cost": 45447.2,
      "Total Cost": 45447.21,
      "Plan Rows": 1,
      "Plan Width": 8,
      "Actual Startup Time": 155.788,
      "Actual Total Time": 164.752,
      "Actual Rows": 1,
      "Actual Loops": 1,
      "Plans": [
        {
          "Node Type": "Gather",
          "Parent Relationship": "Outer",
          "Parallel Aware": false,
          "Startup Cost": 45446.88,
          "Total Cost": 45447.19,
          "Plan Rows": 3,
          "Plan Width": 8,
          "Actual Startup Time": 155.542,
          "Actual Total Time": 164.742,
          "Actual Rows": 4,
          "Actual Loops": 1,
          "Workers Planned": 3,
          "Workers Launched": 3,
          "Single Copy": false,
          "Plans": [
            {
              "Node Type": "Aggregate",
              "Strategy": "Plain",
              "Partial Mode": "Partial",
              "Parent Relationship": "Outer",
              "Parallel Aware": false,
              "Startup Cost": 44446.88,
              "Total Cost": 44446.89,
              "Plan Rows": 1,
              "Plan Width": 8,
              "Actual Startup Time": 149.175,
              "Actual Total Time": 149.176,
              "Actual Rows": 1,
              "Actual Loops": 4,
              "Plans": [
                {
                  "Node Type": "Seq Scan",
                  "Parent Relationship": "Outer",
                  "Parallel Aware": true,
                  "Relation Name": "movie_keyword",
                  "Alias": "mk",
                  "Startup Cost": 0.0,
                  "Total Cost": 42695.65,
                  "Plan Rows": 700492,
                  "Plan Width": 0,
                  "Actual Startup Time": 0.052,
                  "Actual Total Time": 121.884,
                  "Actual Rows": 543632,
                  "Actual Loops": 4,
                  "Filter": "(keyword_id < 4248)",
                  "Rows Removed by Filter": 587350
                }
              ]
            }
          ]
        }
      ]
    },
    "Planning Time": 0.179,
    "Triggers": [],
    "Execution Time": 164.806
  }
]