{
  "Plan": {
    "Node Type": "Aggregate",
    "Strategy": "Plain",
    "Partial Mode": "Finalize",
    "Parallel Aware": false,
    "Startup Cost": 104626.79,
    "Total Cost": 104626.8,
    "Plan Rows": 1,
    "Plan Width": 8,
    "Actual Startup Time": 276.0,
    "Actual Total Time": 290.009,
    "Actual Rows": 1,
    "Actual Loops": 1,
    "Plans": [
      {
        "Node Type": "Gather",
        "Parent Relationship": "Outer",
        "Parallel Aware": false,
        "Startup Cost": 104626.67,
        "Total Cost": 104626.78,
        "Plan Rows": 1,
        "Plan Width": 8,
        "Actual Startup Time": 275.717,
        "Actual Total Time": 290.001,
        "Actual Rows": 2,
        "Actual Loops": 1,
        "Workers Planned": 1,
        "Workers Launched": 1,
        "Single Copy": false,
        "Plans": [
          {
            "Node Type": "Aggregate",
            "Strategy": "Plain",
            "Partial Mode": "Partial",
            "Parent Relationship": "Outer",
            "Parallel Aware": false,
            "Startup Cost": 103626.67,
            "Total Cost": 103626.68,
            "Plan Rows": 1,
            "Plan Width": 8,
            "Actual Startup Time": 269.707,
            "Actual Total Time": 269.711,
            "Actual Rows": 1,
            "Actual Loops": 2,
            "Plans": [
              {
                "Node Type": "Nested Loop",
                "Parent Relationship": "Outer",
                "Parallel Aware": false,
                "Join Type": "Inner",
                "Startup Cost": 58357.38,
                "Total Cost": 103615.33,
                "Plan Rows": 4537,
                "Plan Width": 0,
                "Actual Startup Time": 197.036,
                "Actual Total Time": 269.328,
                "Actual Rows": 8030,
                "Actual Loops": 2,
                "Inner Unique": false,
                "Join Filter": "(t.id = mi.movie_id)",
                "Rows Removed by Join Filter": 0,
                "Plans": [
                  {
                    "Node Type": "Hash Join",
                    "Parent Relationship": "Outer",
                    "Parallel Aware": true,
                    "Join Type": "Inner",
                    "Startup Cost": 58356.94,
                    "Total Cost": 100918.95,
                    "Plan Rows": 776,
                    "Plan Width": 8,
                    "Actual Startup Time": 196.968,
                    "Actual Total Time": 259.818,
                    "Actual Rows": 818,
                    "Actual Loops": 2,
                    "Inner Unique": true,
                    "Hash Cond": "(mc.movie_id = t.id)",
                    "Plans": [
                      {
                        "Node Type": "Seq Scan",
                        "Parent Relationship": "Outer",
                        "Parallel Aware": true,
                        "Relation Name": "movie_companies",
                        "Alias": "mc",
                        "Startup Cost": 0.0,
                        "Total Cost": 41811.73,
                        "Plan Rows": 285823,
                        "Plan Width": 4,
                        "Actual Startup Time": 51.062,
                        "Actual Total Time": 102.144,
                        "Actual Rows": 141155,
                        "Actual Loops": 2,
                        "Filter": "((company_id < 3845) AND (company_type_id > 1))",
                        "Rows Removed by Filter": 1163410
                      },
                      {
                        "Node Type": "Hash",
                        "Parent Relationship": "Inner",
                        "Parallel Aware": true,
                        "Startup Cost": 58306.47,
                        "Total Cost": 58306.47,
                        "Plan Rows": 4038,
                        "Plan Width": 4,
                        "Actual Startup Time": 144.421,
                        "Actual Total Time": 144.421,
                        "Actual Rows": 3500,
                        "Actual Loops": 2,
                        "Hash Buckets": 8192,
                        "Original Hash Buckets": 8192,
                        "Hash Batches": 1,
                        "Original Hash Batches": 1,
                        "Peak Memory Usage": 352,
                        "Plans": [
                          {
                            "Node Type": "Seq Scan",
                            "Parent Relationship": "Outer",
                            "Parallel Aware": true,
                            "Relation Name": "title",
                            "Alias": "t",
                            "Startup Cost": 0.0,
                            "Total Cost": 58306.47,
                            "Plan Rows": 4038,
                            "Plan Width": 4,
                            "Actual Startup Time": 0.16,
                            "Actual Total Time": 142.788,
                            "Actual Rows": 3500,
                            "Actual Loops": 2,
                            "Filter": "((kind_id = 7) AND (production_year = 1960))",
                            "Rows Removed by Filter": 1260656
                          }
                        ]
                      }
                    ]
                  },
                  {
                    "Node Type": "Index Only Scan",
                    "Parent Relationship": "Inner",
                    "Parallel Aware": false,
                    "Scan Direction": "Forward",
                    "Index Name": "movie_id_movie_info",
                    "Relation Name": "movie_info",
                    "Alias": "mi",
                    "Startup Cost": 0.43,
                    "Total Cost": 2.95,
                    "Plan Rows": 42,
                    "Plan Width": 4,
                    "Actual Startup Time": 0.004,
                    "Actual Total Time": 0.011,
                    "Actual Rows": 10,
                    "Actual Loops": 1636,
                    "Index Cond": "(movie_id = mc.movie_id)",
                    "Rows Removed by Index Recheck": 0,
                    "Heap Fetches": 16061
                  }
                ]
              }
            ]
          }
        ]
      }
    ]
  },
  "Planning Time": 0.991,
  "Triggers": [],
  "Execution Time": 290.098
}