[
  {
    "Plan": {
      "Node Type": "Aggregate",
      "Strategy": "Plain",
      "Partial Mode": "Finalize",
      "Parallel Aware": false,
      "Startup Cost": 33138.93,
      "Total Cost": 33138.94,
      "Plan Rows": 1,
      "Plan Width": 8,
      "Actual Startup Time": 98.241,
      "Actual Total Time": 105.71,
      "Actual Rows": 1,
      "Actual Loops": 1,
      "Plans": [
        {
          "Node Type": "Gather",
          "Parent Relationship": "Outer",
          "Parallel Aware": false,
          "Startup Cost": 33138.62,
          "Total Cost": 33138.93,
          "Plan Rows": 3,
          "Plan Width": 8,
          "Actual Startup Time": 98.095,
          "Actual Total Time": 105.703,
          "Actual Rows": 4,
          "Actual Loops": 1,
          "Workers Planned": 3,
          "Workers Launched": 3,
          "Single Copy": false,
          "Plans": [
            {
              "Node Type": "Aggregate",
              "Strategy": "Plain",
              "Partial Mode": "Partial",
              "Parent Relationship": "Outer",
              "Parallel Aware": false,
              "Startup Cost": 32138.62,
              "Total Cost": 32138.63,
              "Plan Rows": 1,
              "Plan Width": 8,
              "Actual Startup Time": 92.74,
              "Actual Total Time": 92.741,
              "Actual Rows": 1,
              "Actual Loops": 4,
              "Plans": [
                {
                  "Node Type": "Seq Scan",
                  "Parent Relationship": "Outer",
                  "Parallel Aware": true,
                  "Relation Name": "movie_companies",
                  "Alias": "mc",
                  "Startup Cost": 0.0,
                  "Total Cost": 31414.82,
                  "Plan Rows": 289519,
                  "Plan Width": 0,
                  "Actual Startup Time": 41.325,
                  "Actual Total Time": 80.372,
                  "Actual Rows": 271270,
                  "Actual Loops": 4,
                  "Filter": "((company_id > 2383) AND (company_type_id > 1))",
                  "Rows Removed by Filter": 381012
                }
              ]
            }
          ]
        }
      ]
    },
    "Planning Time": 0.106,
    "Triggers": [],
    "Execution Time": 105.746
  }
]