[
  {
    "Plan": {
      "Node Type": "Aggregate",
      "Strategy": "Plain",
      "Partial Mode": "Finalize",
      "Parallel Aware": false,
      "Startup Cost": 82538.8,
      "Total Cost": 82538.81,
      "Plan Rows": 1,
      "Plan Width": 8,
      "Actual Startup Time": 546.724,
      "Actual Total Time": 563.235,
      "Actual Rows": 1,
      "Actual Loops": 1,
      "Plans": [
        {
          "Node Type": "Gather",
          "Parent Relationship": "Outer",
          "Parallel Aware": false,
          "Startup Cost": 82538.48,
          "Total Cost": 82538.79,
          "Plan Rows": 3,
          "Plan Width": 8,
          "Actual Startup Time": 539.558,
          "Actual Total Time": 563.198,
          "Actual Rows": 4,
          "Actual Loops": 1,
          "Workers Planned": 3,
          "Workers Launched": 3,
          "Single Copy": false,
          "Plans": [
            {
              "Node Type": "Aggregate",
              "Strategy": "Plain",
              "Partial Mode": "Partial",
              "Parent Relationship": "Outer",
              "Parallel Aware": false,
              "Startup Cost": 81538.48,
              "Total Cost": 81538.49,
              "Plan Rows": 1,
              "Plan Width": 8,
              "Actual Startup Time": 530.835,
              "Actual Total Time": 530.838,
              "Actual Rows": 1,
              "Actual Loops": 4,
              "Plans": [
                {
                  "Node Type": "Hash Join",
                  "Parent Relationship": "Outer",
                  "Parallel Aware": true,
                  "Join Type": "Inner",
                  "Startup Cost": 48758.37,
                  "Total Cost": 80257.02,
                  "Plan Rows": 512583,
                  "Plan Width": 0,
                  "Actual Startup Time": 274.29,
                  "Actual Total Time": 522.223,
                  "Actual Rows": 186748,
                  "Actual Loops": 4,
                  "Inner Unique": true,
                  "Hash Cond": "(mc.movie_id = t.id)",
                  "Plans": [
                    {
                      "Node Type": "Seq Scan",
                      "Parent Relationship": "Outer",
                      "Parallel Aware": true,
                      "Relation Name": "movie_companies",
                      "Alias": "mc",
                      "Startup Cost": 0.0,
                      "Total Cost": 29310.68,
                      "Plan Rows": 833513,
                      "Plan Width": 4,
                      "Actual Startup Time": 0.017,
                      "Actual Total Time": 79.127,
                      "Actual Rows": 646220,
                      "Actual Loops": 4,
                      "Filter": "(company_id < 212651)",
                      "Rows Removed by Filter": 6062
                    },
                    {
                      "Node Type": "Hash",
                      "Parent Relationship": "Inner",
                      "Parallel Aware": true,
                      "Startup Cost": 43899.32,
                      "Total Cost": 43899.32,
                      "Plan Rows": 388724,
                      "Plan Width": 4,
                      "Actual Startup Time": 267.978,
                      "Actual Total Time": 267.979,
                      "Actual Rows": 388966,
                      "Actual Loops": 4,
                      "Hash Buckets": 2097152,
                      "Original Hash Buckets": 2097152,
                      "Hash Batches": 1,
                      "Original Hash Batches": 1,
                      "Peak Memory Usage": 77312,
                      "Plans": [
                        {
                          "Node Type": "Seq Scan",
                          "Parent Relationship": "Outer",
                          "Parallel Aware": true,
                          "Relation Name": "title",
                          "Alias": "t",
                          "Startup Cost": 0.0,
                          "Total Cost": 43899.32,
                          "Plan Rows": 388724,
                          "Plan Width": 4,
                          "Actual Startup Time": 0.044,
                          "Actual Total Time": 112.718,
                          "Actual Rows": 388966,
                          "Actual Loops": 4,
                          "Filter": "(kind_id > 4)",
                          "Rows Removed by Filter": 243112
                        }
                      ]
                    }
                  ]
                }
              ]
            }
          ]
        }
      ]
    },
    "Planning Time": 0.396,
    "Triggers": [],
    "Execution Time": 563.293
  }
]