[
    {
        "Bao": {
            "Bao prediction": "NaN",
            "Bao recommended hint": "(no hint)"
        }
    },
    {
        "Plan": {
            "Node Type": "Aggregate",
            "Strategy": "Plain",
            "Partial Mode": "Finalize",
            "Parallel Aware": false,
            "Startup Cost": 32792.39,
            "Total Cost": 32792.4,
            "Plan Rows": 1,
            "Plan Width": 8,
            "Actual Startup Time": 76.953,
            "Actual Total Time": 82.957,
            "Actual Rows": 1,
            "Actual Loops": 1,
            "Output": [
                "count(*)"
            ],
            "Plans": [
                {
                    "Node Type": "Gather",
                    "Parent Relationship": "Outer",
                    "Parallel Aware": false,
                    "Startup Cost": 32792.08,
                    "Total Cost": 32792.39,
                    "Plan Rows": 3,
                    "Plan Width": 8,
                    "Actual Startup Time": 76.852,
                    "Actual Total Time": 82.951,
                    "Actual Rows": 4,
                    "Actual Loops": 1,
                    "Output": [
                        "(PARTIAL count(*))"
                    ],
                    "Workers Planned": 3,
                    "Workers Launched": 3,
                    "Single Copy": false,
                    "Plans": [
                        {
                            "Node Type": "Aggregate",
                            "Strategy": "Plain",
                            "Partial Mode": "Partial",
                            "Parent Relationship": "Outer",
                            "Parallel Aware": false,
                            "Startup Cost": 31792.08,
                            "Total Cost": 31792.09,
                            "Plan Rows": 1,
                            "Plan Width": 8,
                            "Actual Startup Time": 69.035,
                            "Actual Total Time": 69.036,
                            "Actual Rows": 1,
                            "Actual Loops": 4,
                            "Output": [
                                "PARTIAL count(*)"
                            ],
                            "Workers": [
                                {
                                    "Worker Number": 0,
                                    "Actual Startup Time": 66.105,
                                    "Actual Total Time": 66.106,
                                    "Actual Rows": 1,
                                    "Actual Loops": 1
                                },
                                {
                                    "Worker Number": 1,
                                    "Actual Startup Time": 66.57,
                                    "Actual Total Time": 66.571,
                                    "Actual Rows": 1,
                                    "Actual Loops": 1
                                },
                                {
                                    "Worker Number": 2,
                                    "Actual Startup Time": 66.854,
                                    "Actual Total Time": 66.855,
                                    "Actual Rows": 1,
                                    "Actual Loops": 1
                                }
                            ],
                            "Plans": [
                                {
                                    "Node Type": "Seq Scan",
                                    "Parent Relationship": "Outer",
                                    "Parallel Aware": true,
                                    "Relation Name": "movie_companies",
                                    "Schema": "public",
                                    "Alias": "mc",
                                    "Startup Cost": 0.0,
                                    "Total Cost": 31414.82,
                                    "Plan Rows": 150903,
                                    "Plan Width": 0,
                                    "Actual Startup Time": 15.65,
                                    "Actual Total Time": 66.806,
                                    "Actual Rows": 38956,
                                    "Actual Loops": 4,
                                    "Output": [
                                        "id",
                                        "movie_id",
                                        "company_id",
                                        "company_type_id",
                                        "note"
                                    ],
                                    "Filter": "((mc.company_id > 18214) AND (mc.company_type_id = 1))",
                                    "Rows Removed by Filter": 613326,
                                    "Workers": [
                                        {
                                            "Worker Number": 0,
                                            "Actual Startup Time": 12.729,
                                            "Actual Total Time": 64.005,
                                            "Actual Rows": 29446,
                                            "Actual Loops": 1
                                        },
                                        {
                                            "Worker Number": 1,
                                            "Actual Startup Time": 13.185,
                                            "Actual Total Time": 64.412,
                                            "Actual Rows": 31967,
                                            "Actual Loops": 1
                                        },
                                        {
                                            "Worker Number": 2,
                                            "Actual Startup Time": 13.472,
                                            "Actual Total Time": 64.693,
                                            "Actual Rows": 32728,
                                            "Actual Loops": 1
                                        }
                                    ]
                                }
                            ]
                        }
                    ]
                }
            ]
        },
        "Planning Time": 178.569,
        "Triggers": [],
        "Execution Time": 82.995
    }
]