[
  {
    "Plan": {
      "Node Type": "Aggregate",
      "Strategy": "Plain",
      "Partial Mode": "Finalize",
      "Parallel Aware": false,
      "Startup Cost": 159862.52,
      "Total Cost": 159862.53,
      "Plan Rows": 1,
      "Plan Width": 8,
      "Actual Startup Time": 793.876,
      "Actual Total Time": 845.481,
      "Actual Rows": 1,
      "Actual Loops": 1,
      "Plans": [
        {
          "Node Type": "Gather",
          "Parent Relationship": "Outer",
          "Parallel Aware": false,
          "Startup Cost": 159862.1,
          "Total Cost": 159862.51,
          "Plan Rows": 4,
          "Plan Width": 8,
          "Actual Startup Time": 791.885,
          "Actual Total Time": 845.473,
          "Actual Rows": 5,
          "Actual Loops": 1,
          "Workers Planned": 4,
          "Workers Launched": 4,
          "Single Copy": false,
          "Plans": [
            {
              "Node Type": "Aggregate",
              "Strategy": "Plain",
              "Partial Mode": "Partial",
              "Parent Relationship": "Outer",
              "Parallel Aware": false,
              "Startup Cost": 158862.1,
              "Total Cost": 158862.11,
              "Plan Rows": 1,
              "Plan Width": 8,
              "Actual Startup Time": 781.582,
              "Actual Total Time": 781.586,
              "Actual Rows": 1,
              "Actual Loops": 5,
              "Plans": [
                {
                  "Node Type": "Nested Loop",
                  "Parent Relationship": "Outer",
                  "Parallel Aware": false,
                  "Join Type": "Inner",
                  "Startup Cost": 24231.15,
                  "Total Cost": 158193.72,
                  "Plan Rows": 267350,
                  "Plan Width": 0,
                  "Actual Startup Time": 73.082,
                  "Actual Total Time": 749.874,
                  "Actual Rows": 650685,
                  "Actual Loops": 5,
                  "Inner Unique": false,
                  "Plans": [
                    {
                      "Node Type": "Hash Join",
                      "Parent Relationship": "Outer",
                      "Parallel Aware": true,
                      "Join Type": "Inner",
                      "Startup Cost": 24230.71,
                      "Total Cost": 69857.3,
                      "Plan Rows": 45722,
                      "Plan Width": 8,
                      "Actual Startup Time": 73.0,
                      "Actual Total Time": 246.994,
                      "Actual Rows": 36484,
                      "Actual Loops": 5,
                      "Inner Unique": false,
                      "Hash Cond": "(t.id = mc.movie_id)",
                      "Plans": [
                        {
                          "Node Type": "Seq Scan",
                          "Parent Relationship": "Outer",
                          "Parallel Aware": true,
                          "Relation Name": "title",
                          "Alias": "t",
                          "Startup Cost": 0.0,
                          "Total Cost": 42318.73,
                          "Plan Rows": 632073,
                          "Plan Width": 4,
                          "Actual Startup Time": 0.012,
                          "Actual Total Time": 64.019,
                          "Actual Rows": 505662,
                          "Actual Loops": 5
                        },
                        {
                          "Node Type": "Hash",
                          "Parent Relationship": "Inner",
                          "Parallel Aware": true,
                          "Startup Cost": 23493.26,
                          "Total Cost": 23493.26,
                          "Plan Rows": 58996,
                          "Plan Width": 4,
                          "Actual Startup Time": 70.984,
                          "Actual Total Time": 70.986,
                          "Actual Rows": 36484,
                          "Actual Loops": 5,
                          "Hash Buckets": 262144,
                          "Original Hash Buckets": 262144,
                          "Hash Batches": 1,
                          "Original Hash Batches": 1,
                          "Peak Memory Usage": 9248,
                          "Plans": [
                            {
                              "Node Type": "Bitmap Heap Scan",
                              "Parent Relationship": "Outer",
                              "Parallel Aware": true,
                              "Relation Name": "movie_companies",
                              "Alias": "mc",
                              "Startup Cost": 3965.81,
                              "Total Cost": 23493.26,
                              "Plan Rows": 58996,
                              "Plan Width": 4,
                              "Actual Startup Time": 19.531,
                              "Actual Total Time": 54.461,
                              "Actual Rows": 36484,
                              "Actual Loops": 5,
                              "Recheck Cond": "(company_id < 46)",
                              "Rows Removed by Index Recheck": 0,
                              "Exact Heap Blocks": 7423,
                              "Lossy Heap Blocks": 0,
                              "Plans": [
                                {
                                  "Node Type": "Bitmap Index Scan",
                                  "Parent Relationship": "Outer",
                                  "Parallel Aware": false,
                                  "Index Name": "company_id_movie_companies",
                                  "Startup Cost": 0.0,
                                  "Total Cost": 3920.09,
                                  "Plan Rows": 182888,
                                  "Plan Width": 0,
                                  "Actual Startup Time": 19.004,
                                  "Actual Total Time": 19.004,
                                  "Actual Rows": 182418,
                                  "Actual Loops": 1,
                                  "Index Cond": "(company_id < 46)"
                                }
                              ]
                            }
                          ]
                        }
                      ]
                    },
                    {
                      "Node Type": "Index Only Scan",
                      "Parent Relationship": "Inner",
                      "Parallel Aware": false,
                      "Scan Direction": "Forward",
                      "Index Name": "movie_id_movie_info",
                      "Relation Name": "movie_info",
                      "Alias": "mi",
                      "Startup Cost": 0.43,
                      "Total Cost": 1.51,
                      "Plan Rows": 42,
                      "Plan Width": 4,
                      "Actual Startup Time": 0.004,
                      "Actual Total Time": 0.012,
                      "Actual Rows": 18,
                      "Actual Loops": 182418,
                      "Index Cond": "(movie_id = t.id)",
                      "Rows Removed by Index Recheck": 0,
                      "Heap Fetches": 3253423
                    }
                  ]
                }
              ]
            }
          ]
        }
      ]
    },
    "Planning Time": 1.587,
    "Triggers": [],
    "Execution Time": 845.611
  }
]