{
  "Plan": {
    "Node Type": "Aggregate",
    "Strategy": "Plain",
    "Partial Mode": "Finalize",
    "Parallel Aware": false,
    "Startup Cost": 102839.5,
    "Total Cost": 102839.51,
    "Plan Rows": 1,
    "Plan Width": 8,
    "Actual Startup Time": 578.672,
    "Actual Total Time": 589.026,
    "Actual Rows": 1,
    "Actual Loops": 1,
    "Plans": [
      {
        "Node Type": "Gather",
        "Parent Relationship": "Outer",
        "Parallel Aware": false,
        "Startup Cost": 102839.39,
        "Total Cost": 102839.5,
        "Plan Rows": 1,
        "Plan Width": 8,
        "Actual Startup Time": 577.586,
        "Actual Total Time": 589.014,
        "Actual Rows": 2,
        "Actual Loops": 1,
        "Workers Planned": 1,
        "Workers Launched": 1,
        "Single Copy": false,
        "Plans": [
          {
            "Node Type": "Aggregate",
            "Strategy": "Plain",
            "Partial Mode": "Partial",
            "Parent Relationship": "Outer",
            "Parallel Aware": false,
            "Startup Cost": 101839.39,
            "Total Cost": 101839.4,
            "Plan Rows": 1,
            "Plan Width": 8,
            "Actual Startup Time": 573.524,
            "Actual Total Time": 573.531,
            "Actual Rows": 1,
            "Actual Loops": 2,
            "Plans": [
              {
                "Node Type": "Hash Join",
                "Parent Relationship": "Outer",
                "Parallel Aware": true,
                "Join Type": "Inner",
                "Startup Cost": 39864.29,
                "Total Cost": 101321.49,
                "Plan Rows": 207158,
                "Plan Width": 0,
                "Actual Startup Time": 193.607,
                "Actual Total Time": 568.962,
                "Actual Rows": 83993,
                "Actual Loops": 2,
                "Inner Unique": false,
                "Hash Cond": "(t.id = mc.movie_id)",
                "Plans": [
                  {
                    "Node Type": "Seq Scan",
                    "Parent Relationship": "Outer",
                    "Parallel Aware": true,
                    "Relation Name": "title",
                    "Alias": "t",
                    "Startup Cost": 0.0,
                    "Total Cost": 54588.39,
                    "Plan Rows": 904038,
                    "Plan Width": 4,
                    "Actual Startup Time": 0.016,
                    "Actual Total Time": 163.287,
                    "Actual Rows": 771632,
                    "Actual Loops": 2,
                    "Filter": "(kind_id = 7)",
                    "Rows Removed by Filter": 492524
                  },
                  {
                    "Node Type": "Hash",
                    "Parent Relationship": "Inner",
                    "Parallel Aware": true,
                    "Startup Cost": 35604.35,
                    "Total Cost": 35604.35,
                    "Plan Rows": 340795,
                    "Plan Width": 4,
                    "Actual Startup Time": 187.244,
                    "Actual Total Time": 187.246,
                    "Actual Rows": 296676,
                    "Actual Loops": 2,
                    "Hash Buckets": 1048576,
                    "Original Hash Buckets": 1048576,
                    "Hash Batches": 1,
                    "Original Hash Batches": 1,
                    "Peak Memory Usage": 31424,
                    "Plans": [
                      {
                        "Node Type": "Bitmap Heap Scan",
                        "Parent Relationship": "Outer",
                        "Parallel Aware": true,
                        "Relation Name": "movie_companies",
                        "Alias": "mc",
                        "Startup Cost": 12554.41,
                        "Total Cost": 35604.35,
                        "Plan Rows": 340795,
                        "Plan Width": 4,
                        "Actual Startup Time": 34.124,
                        "Actual Total Time": 97.165,
                        "Actual Rows": 296676,
                        "Actual Loops": 2,
                        "Recheck Cond": "(company_id > 69676)",
                        "Rows Removed by Index Recheck": 0,
                        "Exact Heap Blocks": 3929,
                        "Lossy Heap Blocks": 0,
                        "Plans": [
                          {
                            "Node Type": "Bitmap Index Scan",
                            "Parent Relationship": "Outer",
                            "Parallel Aware": false,
                            "Index Name": "company_id_movie_companies",
                            "Startup Cost": 0.0,
                            "Total Cost": 12409.57,
                            "Plan Rows": 579352,
                            "Plan Width": 0,
                            "Actual Startup Time": 32.268,
                            "Actual Total Time": 32.268,
                            "Actual Rows": 593352,
                            "Actual Loops": 1,
                            "Index Cond": "(company_id > 69676)"
                          }
                        ]
                      }
                    ]
                  }
                ]
              }
            ]
          }
        ]
      }
    ]
  },
  "Planning Time": 0.245,
  "Triggers": [],
  "Execution Time": 589.083
}