{
  "Plan": {
    "Node Type": "Aggregate",
    "Strategy": "Plain",
    "Partial Mode": "Finalize",
    "Parallel Aware": false,
    "Startup Cost": 322340.42,
    "Total Cost": 322340.43,
    "Plan Rows": 1,
    "Plan Width": 8,
    "Actual Startup Time": 863.669,
    "Actual Total Time": 879.243,
    "Actual Rows": 1,
    "Actual Loops": 1,
    "Plans": [
      {
        "Node Type": "Gather",
        "Parent Relationship": "Outer",
        "Parallel Aware": false,
        "Startup Cost": 322340.31,
        "Total Cost": 322340.42,
        "Plan Rows": 1,
        "Plan Width": 8,
        "Actual Startup Time": 860.276,
        "Actual Total Time": 879.236,
        "Actual Rows": 2,
        "Actual Loops": 1,
        "Workers Planned": 1,
        "Workers Launched": 1,
        "Single Copy": false,
        "Plans": [
          {
            "Node Type": "Aggregate",
            "Strategy": "Plain",
            "Partial Mode": "Partial",
            "Parent Relationship": "Outer",
            "Parallel Aware": false,
            "Startup Cost": 321340.31,
            "Total Cost": 321340.32,
            "Plan Rows": 1,
            "Plan Width": 8,
            "Actual Startup Time": 856.839,
            "Actual Total Time": 856.846,
            "Actual Rows": 1,
            "Actual Loops": 2,
            "Plans": [
              {
                "Node Type": "Hash Join",
                "Parent Relationship": "Outer",
                "Parallel Aware": true,
                "Join Type": "Inner",
                "Startup Cost": 146155.17,
                "Total Cost": 320999.49,
                "Plan Rows": 136325,
                "Plan Width": 0,
                "Actual Startup Time": 657.161,
                "Actual Total Time": 843.979,
                "Actual Rows": 322011,
                "Actual Loops": 2,
                "Inner Unique": false,
                "Hash Cond": "(mi.movie_id = t.id)",
                "Plans": [
                  {
                    "Node Type": "Bitmap Heap Scan",
                    "Parent Relationship": "Outer",
                    "Parallel Aware": true,
                    "Relation Name": "movie_info",
                    "Alias": "mi",
                    "Startup Cost": 22837.73,
                    "Total Cost": 194099.51,
                    "Plan Rows": 741502,
                    "Plan Width": 4,
                    "Actual Startup Time": 43.065,
                    "Actual Total Time": 98.663,
                    "Actual Rows": 644464,
                    "Actual Loops": 2,
                    "Recheck Cond": "(info_type_id = 2)",
                    "Rows Removed by Index Recheck": 0,
                    "Exact Heap Blocks": 4256,
                    "Lossy Heap Blocks": 0,
                    "Plans": [
                      {
                        "Node Type": "Bitmap Index Scan",
                        "Parent Relationship": "Outer",
                        "Parallel Aware": false,
                        "Index Name": "info_type_id_movie_info",
                        "Startup Cost": 0.0,
                        "Total Cost": 22522.59,
                        "Plan Rows": 1260554,
                        "Plan Width": 0,
                        "Actual Startup Time": 41.81,
                        "Actual Total Time": 41.811,
                        "Actual Rows": 1288928,
                        "Actual Loops": 1,
                        "Index Cond": "(info_type_id = 2)"
                      }
                    ]
                  },
                  {
                    "Node Type": "Hash",
                    "Parent Relationship": "Inner",
                    "Parallel Aware": true,
                    "Startup Cost": 119899.6,
                    "Total Cost": 119899.6,
                    "Plan Rows": 273427,
                    "Plan Width": 8,
                    "Actual Startup Time": 610.853,
                    "Actual Total Time": 610.857,
                    "Actual Rows": 324288,
                    "Actual Loops": 2,
                    "Hash Buckets": 1048576,
                    "Original Hash Buckets": 524288,
                    "Hash Batches": 1,
                    "Original Hash Batches": 1,
                    "Peak Memory Usage": 37696,
                    "Plans": [
                      {
                        "Node Type": "Hash Join",
                        "Parent Relationship": "Outer",
                        "Parallel Aware": true,
                        "Join Type": "Inner",
                        "Startup Cost": 59419.46,
                        "Total Cost": 119899.6,
                        "Plan Rows": 273427,
                        "Plan Width": 8,
                        "Actual Startup Time": 235.439,
                        "Actual Total Time": 537.103,
                        "Actual Rows": 324288,
                        "Actual Loops": 2,
                        "Inner Unique": true,
                        "Hash Cond": "(mk.movie_id = t.id)",
                        "Plans": [
                          {
                            "Node Type": "Seq Scan",
                            "Parent Relationship": "Outer",
                            "Parallel Aware": true,
                            "Relation Name": "movie_keyword",
                            "Alias": "mk",
                            "Startup Cost": 0.0,
                            "Total Cost": 57718.19,
                            "Plan Rows": 1052171,
                            "Plan Width": 4,
                            "Actual Startup Time": 0.016,
                            "Actual Total Time": 173.642,
                            "Actual Rows": 901918,
                            "Actual Loops": 2,
                            "Filter": "(keyword_id < 2926)",
                            "Rows Removed by Filter": 1360046
                          },
                          {
                            "Node Type": "Hash",
                            "Parent Relationship": "Inner",
                            "Parallel Aware": true,
                            "Startup Cost": 54588.39,
                            "Total Cost": 54588.39,
                            "Plan Rows": 386486,
                            "Plan Width": 4,
                            "Actual Startup Time": 230.267,
                            "Actual Total Time": 230.268,
                            "Actual Rows": 331417,
                            "Actual Loops": 2,
                            "Hash Buckets": 1048576,
                            "Original Hash Buckets": 1048576,
                            "Hash Batches": 1,
                            "Original Hash Batches": 1,
                            "Peak Memory Usage": 34144,
                            "Plans": [
                              {
                                "Node Type": "Seq Scan",
                                "Parent Relationship": "Outer",
                                "Parallel Aware": true,
                                "Relation Name": "title",
                                "Alias": "t",
                                "Startup Cost": 0.0,
                                "Total Cost": 54588.39,
                                "Plan Rows": 386486,
                                "Plan Width": 4,
                                "Actual Startup Time": 0.021,
                                "Actual Total Time": 141.955,
                                "Actual Rows": 331417,
                                "Actual Loops": 2,
                                "Filter": "(production_year < 1989)",
                                "Rows Removed by Filter": 932739
                              }
                            ]
                          }
                        ]
                      }
                    ]
                  }
                ]
              }
            ]
          }
        ]
      }
    ]
  },
  "Planning Time": 0.446,
  "Triggers": [],
  "Execution Time": 879.303
}