[
    {
        "Bao": {
            "Bao prediction": "NaN",
            "Bao recommended hint": "(no hint)"
        }
    },
    {
        "Plan": {
            "Node Type": "Aggregate",
            "Strategy": "Plain",
            "Partial Mode": "Simple",
            "Parallel Aware": false,
            "Startup Cost": 11492.6,
            "Total Cost": 11492.61,
            "Plan Rows": 1,
            "Plan Width": 8,
            "Actual Startup Time": 8.136,
            "Actual Total Time": 8.139,
            "Actual Rows": 1,
            "Actual Loops": 1,
            "Output": [
                "count(*)"
            ],
            "Plans": [
                {
                    "Node Type": "Bitmap Heap Scan",
                    "Parent Relationship": "Outer",
                    "Parallel Aware": false,
                    "Relation Name": "movie_companies",
                    "Schema": "public",
                    "Alias": "mc",
                    "Startup Cost": 110.9,
                    "Total Cost": 11486.17,
                    "Plan Rows": 2572,
                    "Plan Width": 0,
                    "Actual Startup Time": 4.617,
                    "Actual Total Time": 7.805,
                    "Actual Rows": 2166,
                    "Actual Loops": 1,
                    "Recheck Cond": "(mc.company_id = 11149)",
                    "Rows Removed by Index Recheck": 0,
                    "Filter": "(mc.company_type_id = 2)",
                    "Rows Removed by Filter": 2665,
                    "Exact Heap Blocks": 2613,
                    "Lossy Heap Blocks": 0,
                    "Plans": [
                        {
                            "Node Type": "Bitmap Index Scan",
                            "Parent Relationship": "Outer",
                            "Parallel Aware": false,
                            "Index Name": "company_id_movie_companies",
                            "Startup Cost": 0.0,
                            "Total Cost": 110.26,
                            "Plan Rows": 5044,
                            "Plan Width": 0,
                            "Actual Startup Time": 0.92,
                            "Actual Total Time": 0.921,
                            "Actual Rows": 4831,
                            "Actual Loops": 1,
                            "Index Cond": "(mc.company_id = 11149)"
                        }
                    ]
                }
            ]
        },
        "Planning Time": 242.413,
        "Triggers": [],
        "Execution Time": 8.206
    }
]