{
  "Plan": {
    "Node Type": "Aggregate",
    "Strategy": "Plain",
    "Partial Mode": "Finalize",
    "Parallel Aware": false,
    "Startup Cost": 561113.7,
    "Total Cost": 561113.71,
    "Plan Rows": 1,
    "Plan Width": 8,
    "Actual Startup Time": 3713.805,
    "Actual Total Time": 3801.843,
    "Actual Rows": 1,
    "Actual Loops": 1,
    "Plans": [
      {
        "Node Type": "Gather",
        "Parent Relationship": "Outer",
        "Parallel Aware": false,
        "Startup Cost": 561113.59,
        "Total Cost": 561113.7,
        "Plan Rows": 1,
        "Plan Width": 8,
        "Actual Startup Time": 3712.281,
        "Actual Total Time": 3801.835,
        "Actual Rows": 2,
        "Actual Loops": 1,
        "Workers Planned": 1,
        "Workers Launched": 1,
        "Single Copy": false,
        "Plans": [
          {
            "Node Type": "Aggregate",
            "Strategy": "Plain",
            "Partial Mode": "Partial",
            "Parent Relationship": "Outer",
            "Parallel Aware": false,
            "Startup Cost": 560113.59,
            "Total Cost": 560113.6,
            "Plan Rows": 1,
            "Plan Width": 8,
            "Actual Startup Time": 3705.769,
            "Actual Total Time": 3705.772,
            "Actual Rows": 1,
            "Actual Loops": 2,
            "Plans": [
              {
                "Node Type": "Nested Loop",
                "Parent Relationship": "Outer",
                "Parallel Aware": false,
                "Join Type": "Inner",
                "Startup Cost": 60121.69,
                "Total Cost": 555631.53,
                "Plan Rows": 1792824,
                "Plan Width": 0,
                "Actual Startup Time": 305.976,
                "Actual Total Time": 3557.431,
                "Actual Rows": 3274852,
                "Actual Loops": 2,
                "Inner Unique": false,
                "Plans": [
                  {
                    "Node Type": "Hash Join",
                    "Parent Relationship": "Outer",
                    "Parallel Aware": true,
                    "Join Type": "Inner",
                    "Startup Cost": 60121.13,
                    "Total Cost": 103036.42,
                    "Plan Rows": 125118,
                    "Plan Width": 8,
                    "Actual Startup Time": 305.897,
                    "Actual Total Time": 557.198,
                    "Actual Rows": 190345,
                    "Actual Loops": 2,
                    "Inner Unique": true,
                    "Hash Cond": "(mc.movie_id = t.id)",
                    "Plans": [
                      {
                        "Node Type": "Seq Scan",
                        "Parent Relationship": "Outer",
                        "Parallel Aware": true,
                        "Relation Name": "movie_companies",
                        "Alias": "mc",
                        "Startup Cost": 0.0,
                        "Total Cost": 41811.73,
                        "Plan Rows": 420406,
                        "Plan Width": 4,
                        "Actual Startup Time": 49.363,
                        "Actual Total Time": 121.062,
                        "Actual Rows": 468952,
                        "Actual Loops": 2,
                        "Filter": "((company_id > 10795) AND (company_type_id > 1))",
                        "Rows Removed by Filter": 835613
                      },
                      {
                        "Node Type": "Hash",
                        "Parent Relationship": "Inner",
                        "Parallel Aware": true,
                        "Startup Cost": 54588.39,
                        "Total Cost": 54588.39,
                        "Plan Rows": 442619,
                        "Plan Width": 4,
                        "Actual Startup Time": 247.14,
                        "Actual Total Time": 247.14,
                        "Actual Rows": 377951,
                        "Actual Loops": 2,
                        "Hash Buckets": 1048576,
                        "Original Hash Buckets": 1048576,
                        "Hash Batches": 1,
                        "Original Hash Batches": 1,
                        "Peak Memory Usage": 37824,
                        "Plans": [
                          {
                            "Node Type": "Seq Scan",
                            "Parent Relationship": "Outer",
                            "Parallel Aware": true,
                            "Relation Name": "title",
                            "Alias": "t",
                            "Startup Cost": 0.0,
                            "Total Cost": 54588.39,
                            "Plan Rows": 442619,
                            "Plan Width": 4,
                            "Actual Startup Time": 0.042,
                            "Actual Total Time": 151.358,
                            "Actual Rows": 377951,
                            "Actual Loops": 2,
                            "Filter": "(production_year < 1993)",
                            "Rows Removed by Filter": 886205
                          }
                        ]
                      }
                    ]
                  },
                  {
                    "Node Type": "Index Only Scan",
                    "Parent Relationship": "Inner",
                    "Parallel Aware": false,
                    "Scan Direction": "Forward",
                    "Index Name": "movie_id_cast_info",
                    "Relation Name": "cast_info",
                    "Alias": "ci",
                    "Startup Cost": 0.56,
                    "Total Cost": 3.25,
                    "Plan Rows": 37,
                    "Plan Width": 4,
                    "Actual Startup Time": 0.003,
                    "Actual Total Time": 0.014,
                    "Actual Rows": 17,
                    "Actual Loops": 380690,
                    "Index Cond": "(movie_id = t.id)",
                    "Rows Removed by Index Recheck": 0,
                    "Heap Fetches": 6549704
                  }
                ]
              }
            ]
          }
        ]
      }
    ]
  },
  "Planning Time": 0.985,
  "Triggers": [],
  "Execution Time": 3801.944
}