{
  "Plan": {
    "Node Type": "Aggregate",
    "Strategy": "Plain",
    "Partial Mode": "Finalize",
    "Parallel Aware": false,
    "Startup Cost": 115854.32,
    "Total Cost": 115854.33,
    "Plan Rows": 1,
    "Plan Width": 8,
    "Actual Startup Time": 374.1,
    "Actual Total Time": 389.343,
    "Actual Rows": 1,
    "Actual Loops": 1,
    "Plans": [
      {
        "Node Type": "Gather",
        "Parent Relationship": "Outer",
        "Parallel Aware": false,
        "Startup Cost": 115854.21,
        "Total Cost": 115854.32,
        "Plan Rows": 1,
        "Plan Width": 8,
        "Actual Startup Time": 373.672,
        "Actual Total Time": 389.336,
        "Actual Rows": 2,
        "Actual Loops": 1,
        "Workers Planned": 1,
        "Workers Launched": 1,
        "Single Copy": false,
        "Plans": [
          {
            "Node Type": "Aggregate",
            "Strategy": "Plain",
            "Partial Mode": "Partial",
            "Parent Relationship": "Outer",
            "Parallel Aware": false,
            "Startup Cost": 114854.21,
            "Total Cost": 114854.22,
            "Plan Rows": 1,
            "Plan Width": 8,
            "Actual Startup Time": 368.104,
            "Actual Total Time": 368.108,
            "Actual Rows": 1,
            "Actual Loops": 2,
            "Plans": [
              {
                "Node Type": "Hash Join",
                "Parent Relationship": "Outer",
                "Parallel Aware": true,
                "Join Type": "Inner",
                "Startup Cost": 81026.95,
                "Total Cost": 114815.63,
                "Plan Rows": 15432,
                "Plan Width": 0,
                "Actual Startup Time": 202.146,
                "Actual Total Time": 367.314,
                "Actual Rows": 11270,
                "Actual Loops": 2,
                "Inner Unique": true,
                "Hash Cond": "(mk.movie_id = t.id)",
                "Plans": [
                  {
                    "Node Type": "Bitmap Heap Scan",
                    "Parent Relationship": "Outer",
                    "Parallel Aware": true,
                    "Relation Name": "movie_keyword",
                    "Alias": "mk",
                    "Startup Cost": 22255.63,
                    "Total Cost": 54424.24,
                    "Plan Rows": 617169,
                    "Plan Width": 4,
                    "Actual Startup Time": 51.986,
                    "Actual Total Time": 157.835,
                    "Actual Rows": 529498,
                    "Actual Loops": 2,
                    "Recheck Cond": "(keyword_id < 1056)",
                    "Rows Removed by Index Recheck": 0,
                    "Exact Heap Blocks": 16798,
                    "Lossy Heap Blocks": 0,
                    "Plans": [
                      {
                        "Node Type": "Bitmap Index Scan",
                        "Parent Relationship": "Outer",
                        "Parallel Aware": false,
                        "Index Name": "keyword_id_movie_keyword",
                        "Startup Cost": 0.0,
                        "Total Cost": 21993.33,
                        "Plan Rows": 1049187,
                        "Plan Width": 0,
                        "Actual Startup Time": 48.3,
                        "Actual Total Time": 48.301,
                        "Actual Rows": 1058996,
                        "Actual Loops": 1,
                        "Index Cond": "(keyword_id < 1056)"
                      }
                    ]
                  },
                  {
                    "Node Type": "Hash",
                    "Parent Relationship": "Inner",
                    "Parallel Aware": true,
                    "Startup Cost": 58306.47,
                    "Total Cost": 58306.47,
                    "Plan Rows": 37188,
                    "Plan Width": 4,
                    "Actual Startup Time": 149.21,
                    "Actual Total Time": 149.211,
                    "Actual Rows": 26885,
                    "Actual Loops": 2,
                    "Hash Buckets": 65536,
                    "Original Hash Buckets": 65536,
                    "Hash Batches": 1,
                    "Original Hash Batches": 1,
                    "Peak Memory Usage": 2656,
                    "Plans": [
                      {
                        "Node Type": "Seq Scan",
                        "Parent Relationship": "Outer",
                        "Parallel Aware": true,
                        "Relation Name": "title",
                        "Alias": "t",
                        "Startup Cost": 0.0,
                        "Total Cost": 58306.47,
                        "Plan Rows": 37188,
                        "Plan Width": 4,
                        "Actual Startup Time": 0.058,
                        "Actual Total Time": 141.782,
                        "Actual Rows": 26885,
                        "Actual Loops": 2,
                        "Filter": "((kind_id < 7) AND (production_year = 2011))",
                        "Rows Removed by Filter": 1237271
                      }
                    ]
                  }
                ]
              }
            ]
          }
        ]
      }
    ]
  },
  "Planning Time": 0.259,
  "Triggers": [],
  "Execution Time": 389.405
}