[
  {
    "Plan": {
      "Node Type": "Aggregate",
      "Strategy": "Plain",
      "Partial Mode": "Finalize",
      "Parallel Aware": false,
      "Startup Cost": 33100.72,
      "Total Cost": 33100.73,
      "Plan Rows": 1,
      "Plan Width": 8,
      "Actual Startup Time": 91.274,
      "Actual Total Time": 99.292,
      "Actual Rows": 1,
      "Actual Loops": 1,
      "Plans": [
        {
          "Node Type": "Gather",
          "Parent Relationship": "Outer",
          "Parallel Aware": false,
          "Startup Cost": 33100.4,
          "Total Cost": 33100.71,
          "Plan Rows": 3,
          "Plan Width": 8,
          "Actual Startup Time": 91.183,
          "Actual Total Time": 99.286,
          "Actual Rows": 4,
          "Actual Loops": 1,
          "Workers Planned": 3,
          "Workers Launched": 3,
          "Single Copy": false,
          "Plans": [
            {
              "Node Type": "Aggregate",
              "Strategy": "Plain",
              "Partial Mode": "Partial",
              "Parent Relationship": "Outer",
              "Parallel Aware": false,
              "Startup Cost": 32100.4,
              "Total Cost": 32100.41,
              "Plan Rows": 1,
              "Plan Width": 8,
              "Actual Startup Time": 84.543,
              "Actual Total Time": 84.545,
              "Actual Rows": 1,
              "Actual Loops": 4,
              "Plans": [
                {
                  "Node Type": "Seq Scan",
                  "Parent Relationship": "Outer",
                  "Parallel Aware": true,
                  "Relation Name": "movie_companies",
                  "Alias": "mc",
                  "Startup Cost": 0.0,
                  "Total Cost": 31414.82,
                  "Plan Rows": 274232,
                  "Plan Width": 0,
                  "Actual Startup Time": 1.969,
                  "Actual Total Time": 76.872,
                  "Actual Rows": 163488,
                  "Actual Loops": 4,
                  "Filter": "((company_id > 2589) AND (company_type_id < 2))",
                  "Rows Removed by Filter": 488794
                }
              ]
            }
          ]
        }
      ]
    },
    "Planning Time": 0.217,
    "Triggers": [],
    "Execution Time": 99.348
  }
]