{
  "Plan": {
    "Node Type": "Aggregate",
    "Strategy": "Plain",
    "Partial Mode": "Finalize",
    "Parallel Aware": false,
    "Startup Cost": 76736.74,
    "Total Cost": 76736.75,
    "Plan Rows": 1,
    "Plan Width": 8,
    "Actual Startup Time": 134.713,
    "Actual Total Time": 141.355,
    "Actual Rows": 1,
    "Actual Loops": 1,
    "Plans": [
      {
        "Node Type": "Gather",
        "Parent Relationship": "Outer",
        "Parallel Aware": false,
        "Startup Cost": 76736.63,
        "Total Cost": 76736.74,
        "Plan Rows": 1,
        "Plan Width": 8,
        "Actual Startup Time": 134.366,
        "Actual Total Time": 141.348,
        "Actual Rows": 2,
        "Actual Loops": 1,
        "Workers Planned": 1,
        "Workers Launched": 1,
        "Single Copy": false,
        "Plans": [
          {
            "Node Type": "Aggregate",
            "Strategy": "Plain",
            "Partial Mode": "Partial",
            "Parent Relationship": "Outer",
            "Parallel Aware": false,
            "Startup Cost": 75736.63,
            "Total Cost": 75736.64,
            "Plan Rows": 1,
            "Plan Width": 8,
            "Actual Startup Time": 129.959,
            "Actual Total Time": 129.963,
            "Actual Rows": 1,
            "Actual Loops": 2,
            "Plans": [
              {
                "Node Type": "Hash Join",
                "Parent Relationship": "Outer",
                "Parallel Aware": true,
                "Join Type": "Inner",
                "Startup Cost": 32392.28,
                "Total Cost": 75727.38,
                "Plan Rows": 3700,
                "Plan Width": 0,
                "Actual Startup Time": 63.007,
                "Actual Total Time": 129.95,
                "Actual Rows": 12,
                "Actual Loops": 2,
                "Inner Unique": false,
                "Hash Cond": "(t.id = mc.movie_id)",
                "Plans": [
                  {
                    "Node Type": "Bitmap Heap Scan",
                    "Parent Relationship": "Outer",
                    "Parallel Aware": true,
                    "Relation Name": "title",
                    "Alias": "t",
                    "Startup Cost": 11988.66,
                    "Total Cost": 52863.55,
                    "Plan Rows": 390151,
                    "Plan Width": 4,
                    "Actual Startup Time": 23.82,
                    "Actual Total Time": 76.27,
                    "Actual Rows": 331412,
                    "Actual Loops": 2,
                    "Recheck Cond": "(kind_id = 1)",
                    "Rows Removed by Index Recheck": 0,
                    "Exact Heap Blocks": 8568,
                    "Lossy Heap Blocks": 0,
                    "Plans": [
                      {
                        "Node Type": "Bitmap Index Scan",
                        "Parent Relationship": "Outer",
                        "Parallel Aware": false,
                        "Index Name": "kind_id_title",
                        "Startup Cost": 0.0,
                        "Total Cost": 11822.85,
                        "Plan Rows": 663256,
                        "Plan Width": 0,
                        "Actual Startup Time": 21.923,
                        "Actual Total Time": 21.924,
                        "Actual Rows": 662825,
                        "Actual Loops": 1,
                        "Index Cond": "(kind_id = 1)"
                      }
                    ]
                  },
                  {
                    "Node Type": "Hash",
                    "Parent Relationship": "Inner",
                    "Parallel Aware": true,
                    "Startup Cost": 20227.3,
                    "Total Cost": 20227.3,
                    "Plan Rows": 14105,
                    "Plan Width": 4,
                    "Actual Startup Time": 24.877,
                    "Actual Total Time": 24.878,
                    "Actual Rows": 2594,
                    "Actual Loops": 2,
                    "Hash Buckets": 32768,
                    "Original Hash Buckets": 32768,
                    "Hash Batches": 1,
                    "Original Hash Batches": 1,
                    "Peak Memory Usage": 480,
                    "Plans": [
                      {
                        "Node Type": "Bitmap Heap Scan",
                        "Parent Relationship": "Outer",
                        "Parallel Aware": true,
                        "Relation Name": "movie_companies",
                        "Alias": "mc",
                        "Startup Cost": 1020.61,
                        "Total Cost": 20227.3,
                        "Plan Rows": 14105,
                        "Plan Width": 4,
                        "Actual Startup Time": 21.776,
                        "Actual Total Time": 23.991,
                        "Actual Rows": 2594,
                        "Actual Loops": 2,
                        "Recheck Cond": "(company_id = 19)",
                        "Rows Removed by Index Recheck": 0,
                        "Filter": "(company_type_id > 1)",
                        "Rows Removed by Filter": 21032,
                        "Exact Heap Blocks": 4230,
                        "Lossy Heap Blocks": 0,
                        "Plans": [
                          {
                            "Node Type": "Bitmap Index Scan",
                            "Parent Relationship": "Outer",
                            "Parallel Aware": false,
                            "Index Name": "company_id_movie_companies",
                            "Startup Cost": 0.0,
                            "Total Cost": 1014.62,
                            "Plan Rows": 47225,
                            "Plan Width": 0,
                            "Actual Startup Time": 8.355,
                            "Actual Total Time": 8.355,
                            "Actual Rows": 47252,
                            "Actual Loops": 1,
                            "Index Cond": "(company_id = 19)"
                          }
                        ]
                      }
                    ]
                  }
                ]
              }
            ]
          }
        ]
      }
    ]
  },
  "Planning Time": 0.655,
  "Triggers": [],
  "Execution Time": 141.485
}