{
  "Plan": {
    "Node Type": "Aggregate",
    "Strategy": "Plain",
    "Partial Mode": "Finalize",
    "Parallel Aware": false,
    "Startup Cost": 102163.51,
    "Total Cost": 102163.52,
    "Plan Rows": 1,
    "Plan Width": 8,
    "Actual Startup Time": 431.023,
    "Actual Total Time": 445.625,
    "Actual Rows": 1,
    "Actual Loops": 1,
    "Plans": [
      {
        "Node Type": "Gather",
        "Parent Relationship": "Outer",
        "Parallel Aware": false,
        "Startup Cost": 102163.4,
        "Total Cost": 102163.51,
        "Plan Rows": 1,
        "Plan Width": 8,
        "Actual Startup Time": 430.646,
        "Actual Total Time": 445.619,
        "Actual Rows": 2,
        "Actual Loops": 1,
        "Workers Planned": 1,
        "Workers Launched": 1,
        "Single Copy": false,
        "Plans": [
          {
            "Node Type": "Aggregate",
            "Strategy": "Plain",
            "Partial Mode": "Partial",
            "Parent Relationship": "Outer",
            "Parallel Aware": false,
            "Startup Cost": 101163.4,
            "Total Cost": 101163.41,
            "Plan Rows": 1,
            "Plan Width": 8,
            "Actual Startup Time": 424.181,
            "Actual Total Time": 424.186,
            "Actual Rows": 1,
            "Actual Loops": 2,
            "Plans": [
              {
                "Node Type": "Hash Join",
                "Parent Relationship": "Outer",
                "Parallel Aware": true,
                "Join Type": "Inner",
                "Startup Cost": 81898.52,
                "Total Cost": 101113.35,
                "Plan Rows": 20022,
                "Plan Width": 0,
                "Actual Startup Time": 315.82,
                "Actual Total Time": 422.813,
                "Actual Rows": 33266,
                "Actual Loops": 2,
                "Inner Unique": false,
                "Hash Cond": "(mi_idx.movie_id = t.id)",
                "Plans": [
                  {
                    "Node Type": "Seq Scan",
                    "Parent Relationship": "Outer",
                    "Parallel Aware": true,
                    "Relation Name": "movie_info_idx",
                    "Alias": "mi_idx",
                    "Startup Cost": 0.0,
                    "Total Cost": 16052.85,
                    "Plan Rows": 811785,
                    "Plan Width": 4,
                    "Actual Startup Time": 0.02,
                    "Actual Total Time": 46.597,
                    "Actual Rows": 690018,
                    "Actual Loops": 2
                  },
                  {
                    "Node Type": "Hash",
                    "Parent Relationship": "Inner",
                    "Parallel Aware": true,
                    "Startup Cost": 81440.01,
                    "Total Cost": 81440.01,
                    "Plan Rows": 36681,
                    "Plan Width": 8,
                    "Actual Startup Time": 314.361,
                    "Actual Total Time": 314.365,
                    "Actual Rows": 31038,
                    "Actual Loops": 2,
                    "Hash Buckets": 65536,
                    "Original Hash Buckets": 65536,
                    "Hash Batches": 1,
                    "Original Hash Batches": 1,
                    "Peak Memory Usage": 2976,
                    "Plans": [
                      {
                        "Node Type": "Hash Join",
                        "Parent Relationship": "Outer",
                        "Parallel Aware": true,
                        "Join Type": "Inner",
                        "Startup Cost": 21058.73,
                        "Total Cost": 81440.01,
                        "Plan Rows": 36681,
                        "Plan Width": 8,
                        "Actual Startup Time": 37.376,
                        "Actual Total Time": 306.744,
                        "Actual Rows": 31038,
                        "Actual Loops": 2,
                        "Inner Unique": false,
                        "Hash Cond": "(t.id = mc.movie_id)",
                        "Plans": [
                          {
                            "Node Type": "Seq Scan",
                            "Parent Relationship": "Outer",
                            "Parallel Aware": true,
                            "Relation Name": "title",
                            "Alias": "t",
                            "Startup Cost": 0.0,
                            "Total Cost": 50870.31,
                            "Plan Rows": 1487231,
                            "Plan Width": 4,
                            "Actual Startup Time": 0.009,
                            "Actual Total Time": 114.506,
                            "Actual Rows": 1264156,
                            "Actual Loops": 2
                          },
                          {
                            "Node Type": "Hash",
                            "Parent Relationship": "Inner",
                            "Parallel Aware": true,
                            "Startup Cost": 20600.22,
                            "Total Cost": 20600.22,
                            "Plan Rows": 36681,
                            "Plan Width": 4,
                            "Actual Startup Time": 36.481,
                            "Actual Total Time": 36.482,
                            "Actual Rows": 31038,
                            "Actual Loops": 2,
                            "Hash Buckets": 65536,
                            "Original Hash Buckets": 65536,
                            "Hash Batches": 1,
                            "Original Hash Batches": 1,
                            "Peak Memory Usage": 2976,
                            "Plans": [
                              {
                                "Node Type": "Bitmap Heap Scan",
                                "Parent Relationship": "Outer",
                                "Parallel Aware": true,
                                "Relation Name": "movie_companies",
                                "Alias": "mc",
                                "Startup Cost": 1351.7,
                                "Total Cost": 20600.22,
                                "Plan Rows": 36681,
                                "Plan Width": 4,
                                "Actual Startup Time": 6.948,
                                "Actual Total Time": 25.216,
                                "Actual Rows": 31038,
                                "Actual Loops": 2,
                                "Recheck Cond": "(company_id = 6)",
                                "Rows Removed by Index Recheck": 0,
                                "Exact Heap Blocks": 4170,
                                "Lossy Heap Blocks": 0,
                                "Plans": [
                                  {
                                    "Node Type": "Bitmap Index Scan",
                                    "Parent Relationship": "Outer",
                                    "Parallel Aware": false,
                                    "Index Name": "company_id_movie_companies",
                                    "Startup Cost": 0.0,
                                    "Total Cost": 1336.12,
                                    "Plan Rows": 62358,
                                    "Plan Width": 0,
                                    "Actual Startup Time": 8.864,
                                    "Actual Total Time": 8.864,
                                    "Actual Rows": 62075,
                                    "Actual Loops": 1,
                                    "Index Cond": "(company_id = 6)"
                                  }
                                ]
                              }
                            ]
                          }
                        ]
                      }
                    ]
                  }
                ]
              }
            ]
          }
        ]
      }
    ]
  },
  "Planning Time": 1.103,
  "Triggers": [],
  "Execution Time": 445.725
}