{
  "Plan": {
    "Node Type": "Aggregate",
    "Strategy": "Plain",
    "Partial Mode": "Finalize",
    "Parallel Aware": false,
    "Startup Cost": 89236.47,
    "Total Cost": 89236.48,
    "Plan Rows": 1,
    "Plan Width": 8,
    "Actual Startup Time": 198.755,
    "Actual Total Time": 212.198,
    "Actual Rows": 1,
    "Actual Loops": 1,
    "Plans": [
      {
        "Node Type": "Gather",
        "Parent Relationship": "Outer",
        "Parallel Aware": false,
        "Startup Cost": 89236.36,
        "Total Cost": 89236.47,
        "Plan Rows": 1,
        "Plan Width": 8,
        "Actual Startup Time": 198.471,
        "Actual Total Time": 212.192,
        "Actual Rows": 2,
        "Actual Loops": 1,
        "Workers Planned": 1,
        "Workers Launched": 1,
        "Single Copy": false,
        "Plans": [
          {
            "Node Type": "Aggregate",
            "Strategy": "Plain",
            "Partial Mode": "Partial",
            "Parent Relationship": "Outer",
            "Parallel Aware": false,
            "Startup Cost": 88236.36,
            "Total Cost": 88236.37,
            "Plan Rows": 1,
            "Plan Width": 8,
            "Actual Startup Time": 195.02,
            "Actual Total Time": 195.024,
            "Actual Rows": 1,
            "Actual Loops": 2,
            "Plans": [
              {
                "Node Type": "Hash Join",
                "Parent Relationship": "Outer",
                "Parallel Aware": true,
                "Join Type": "Inner",
                "Startup Cost": 62222.12,
                "Total Cost": 88233.61,
                "Plan Rows": 1099,
                "Plan Width": 0,
                "Actual Startup Time": 139.774,
                "Actual Total Time": 194.941,
                "Actual Rows": 683,
                "Actual Loops": 2,
                "Inner Unique": true,
                "Hash Cond": "(mk.movie_id = t.id)",
                "Plans": [
                  {
                    "Node Type": "Bitmap Heap Scan",
                    "Parent Relationship": "Outer",
                    "Parallel Aware": true,
                    "Relation Name": "movie_keyword",
                    "Alias": "mk",
                    "Startup Cost": 3717.12,
                    "Total Cost": 29458.31,
                    "Plan Rows": 102975,
                    "Plan Width": 4,
                    "Actual Startup Time": 13.791,
                    "Actual Total Time": 56.597,
                    "Actual Rows": 94388,
                    "Actual Loops": 2,
                    "Recheck Cond": "(keyword_id < 137)",
                    "Rows Removed by Index Recheck": 0,
                    "Exact Heap Blocks": 15530,
                    "Lossy Heap Blocks": 0,
                    "Plans": [
                      {
                        "Node Type": "Bitmap Index Scan",
                        "Parent Relationship": "Outer",
                        "Parallel Aware": false,
                        "Index Name": "keyword_id_movie_keyword",
                        "Startup Cost": 0.0,
                        "Total Cost": 3673.36,
                        "Plan Rows": 175057,
                        "Plan Width": 0,
                        "Actual Startup Time": 10.338,
                        "Actual Total Time": 10.339,
                        "Actual Rows": 188777,
                        "Actual Loops": 1,
                        "Index Cond": "(keyword_id < 137)"
                      }
                    ]
                  },
                  {
                    "Node Type": "Hash",
                    "Parent Relationship": "Inner",
                    "Parallel Aware": true,
                    "Startup Cost": 58306.47,
                    "Total Cost": 58306.47,
                    "Plan Rows": 15882,
                    "Plan Width": 4,
                    "Actual Startup Time": 125.229,
                    "Actual Total Time": 125.23,
                    "Actual Rows": 13542,
                    "Actual Loops": 2,
                    "Hash Buckets": 32768,
                    "Original Hash Buckets": 32768,
                    "Hash Batches": 1,
                    "Original Hash Batches": 1,
                    "Peak Memory Usage": 1344,
                    "Plans": [
                      {
                        "Node Type": "Seq Scan",
                        "Parent Relationship": "Outer",
                        "Parallel Aware": true,
                        "Relation Name": "title",
                        "Alias": "t",
                        "Startup Cost": 0.0,
                        "Total Cost": 58306.47,
                        "Plan Rows": 15882,
                        "Plan Width": 4,
                        "Actual Startup Time": 0.103,
                        "Actual Total Time": 121.691,
                        "Actual Rows": 13542,
                        "Actual Loops": 2,
                        "Filter": "((kind_id < 7) AND (production_year > 2012))",
                        "Rows Removed by Filter": 1250614
                      }
                    ]
                  }
                ]
              }
            ]
          }
        ]
      }
    ]
  },
  "Planning Time": 0.211,
  "Triggers": [],
  "Execution Time": 212.247
}