[
  {
    "Plan": {
      "Node Type": "Aggregate",
      "Strategy": "Plain",
      "Partial Mode": "Finalize",
      "Parallel Aware": false,
      "Startup Cost": 130326.51,
      "Total Cost": 130326.52,
      "Plan Rows": 1,
      "Plan Width": 8,
      "Actual Startup Time": 474.988,
      "Actual Total Time": 492.059,
      "Actual Rows": 1,
      "Actual Loops": 1,
      "Plans": [
        {
          "Node Type": "Gather",
          "Parent Relationship": "Outer",
          "Parallel Aware": false,
          "Startup Cost": 130325.98,
          "Total Cost": 130326.49,
          "Plan Rows": 5,
          "Plan Width": 8,
          "Actual Startup Time": 466.427,
          "Actual Total Time": 492.048,
          "Actual Rows": 6,
          "Actual Loops": 1,
          "Workers Planned": 5,
          "Workers Launched": 5,
          "Single Copy": false,
          "Plans": [
            {
              "Node Type": "Aggregate",
              "Strategy": "Plain",
              "Partial Mode": "Partial",
              "Parent Relationship": "Outer",
              "Parallel Aware": false,
              "Startup Cost": 129325.98,
              "Total Cost": 129325.99,
              "Plan Rows": 1,
              "Plan Width": 8,
              "Actual Startup Time": 452.003,
              "Actual Total Time": 452.007,
              "Actual Rows": 1,
              "Actual Loops": 6,
              "Plans": [
                {
                  "Node Type": "Hash Join",
                  "Parent Relationship": "Outer",
                  "Parallel Aware": true,
                  "Join Type": "Inner",
                  "Startup Cost": 49766.68,
                  "Total Cost": 128706.25,
                  "Plan Rows": 247895,
                  "Plan Width": 0,
                  "Actual Startup Time": 216.262,
                  "Actual Total Time": 442.939,
                  "Actual Rows": 179185,
                  "Actual Loops": 6,
                  "Inner Unique": true,
                  "Hash Cond": "(ci.movie_id = t.id)",
                  "Plans": [
                    {
                      "Node Type": "Index Scan",
                      "Parent Relationship": "Outer",
                      "Parallel Aware": true,
                      "Scan Direction": "Forward",
                      "Index Name": "role_id_cast_info",
                      "Relation Name": "cast_info",
                      "Alias": "ci",
                      "Startup Cost": 0.56,
                      "Total Cost": 77740.85,
                      "Plan Rows": 456869,
                      "Plan Width": 4,
                      "Actual Startup Time": 0.174,
                      "Actual Total Time": 99.436,
                      "Actual Rows": 297340,
                      "Actual Loops": 6,
                      "Index Cond": "(role_id = 4)",
                      "Rows Removed by Index Recheck": 0,
                      "Filter": "(person_id < 2961375)",
                      "Rows Removed by Filter": 157484
                    },
                    {
                      "Node Type": "Hash",
                      "Parent Relationship": "Inner",
                      "Parallel Aware": true,
                      "Startup Cost": 45479.1,
                      "Total Cost": 45479.1,
                      "Plan Rows": 342961,
                      "Plan Width": 4,
                      "Actual Startup Time": 210.677,
                      "Actual Total Time": 210.678,
                      "Actual Rows": 248823,
                      "Actual Loops": 6,
                      "Hash Buckets": 2097152,
                      "Original Hash Buckets": 2097152,
                      "Hash Batches": 1,
                      "Original Hash Batches": 1,
                      "Peak Memory Usage": 74880,
                      "Plans": [
                        {
                          "Node Type": "Seq Scan",
                          "Parent Relationship": "Outer",
                          "Parallel Aware": true,
                          "Relation Name": "title",
                          "Alias": "t",
                          "Startup Cost": 0.0,
                          "Total Cost": 45479.1,
                          "Plan Rows": 342961,
                          "Plan Width": 4,
                          "Actual Startup Time": 0.044,
                          "Actual Total Time": 95.663,
                          "Actual Rows": 248823,
                          "Actual Loops": 6,
                          "Filter": "((kind_id > 1) AND (production_year > 1985))",
                          "Rows Removed by Filter": 172562
                        }
                      ]
                    }
                  ]
                }
              ]
            }
          ]
        }
      ]
    },
    "Planning Time": 0.548,
    "Triggers": [],
    "Execution Time": 492.138
  }
]