[
  {
    "Plan": {
      "Node Type": "Aggregate",
      "Strategy": "Plain",
      "Partial Mode": "Finalize",
      "Parallel Aware": false,
      "Startup Cost": 185376.16,
      "Total Cost": 185376.17,
      "Plan Rows": 1,
      "Plan Width": 8,
      "Actual Startup Time": 783.425,
      "Actual Total Time": 843.918,
      "Actual Rows": 1,
      "Actual Loops": 1,
      "Plans": [
        {
          "Node Type": "Gather",
          "Parent Relationship": "Outer",
          "Parallel Aware": false,
          "Startup Cost": 185375.74,
          "Total Cost": 185376.15,
          "Plan Rows": 4,
          "Plan Width": 8,
          "Actual Startup Time": 779.652,
          "Actual Total Time": 843.906,
          "Actual Rows": 5,
          "Actual Loops": 1,
          "Workers Planned": 4,
          "Workers Launched": 4,
          "Single Copy": false,
          "Plans": [
            {
              "Node Type": "Aggregate",
              "Strategy": "Plain",
              "Partial Mode": "Partial",
              "Parent Relationship": "Outer",
              "Parallel Aware": false,
              "Startup Cost": 184375.74,
              "Total Cost": 184375.75,
              "Plan Rows": 1,
              "Plan Width": 8,
              "Actual Startup Time": 769.515,
              "Actual Total Time": 769.618,
              "Actual Rows": 1,
              "Actual Loops": 5,
              "Plans": [
                {
                  "Node Type": "Nested Loop",
                  "Parent Relationship": "Outer",
                  "Parallel Aware": false,
                  "Join Type": "Inner",
                  "Startup Cost": 32889.14,
                  "Total Cost": 184010.43,
                  "Plan Rows": 146122,
                  "Plan Width": 0,
                  "Actual Startup Time": 130.927,
                  "Actual Total Time": 757.298,
                  "Actual Rows": 235735,
                  "Actual Loops": 5,
                  "Inner Unique": false,
                  "Plans": [
                    {
                      "Node Type": "Hash Join",
                      "Parent Relationship": "Outer",
                      "Parallel Aware": true,
                      "Join Type": "Inner",
                      "Startup Cost": 32888.71,
                      "Total Cost": 80202.74,
                      "Plan Rows": 48530,
                      "Plan Width": 8,
                      "Actual Startup Time": 130.841,
                      "Actual Total Time": 313.542,
                      "Actual Rows": 45408,
                      "Actual Loops": 5,
                      "Inner Unique": false,
                      "Hash Cond": "(t.id = mc.movie_id)",
                      "Plans": [
                        {
                          "Node Type": "Seq Scan",
                          "Parent Relationship": "Outer",
                          "Parallel Aware": true,
                          "Relation Name": "title",
                          "Alias": "t",
                          "Startup Cost": 0.0,
                          "Total Cost": 45479.1,
                          "Plan Rows": 335677,
                          "Plan Width": 4,
                          "Actual Startup Time": 0.02,
                          "Actual Total Time": 78.06,
                          "Actual Rows": 292540,
                          "Actual Loops": 5,
                          "Filter": "((kind_id > 1) AND (production_year > 1987))",
                          "Rows Removed by Filter": 213122
                        },
                        {
                          "Node Type": "Hash",
                          "Parent Relationship": "Inner",
                          "Parallel Aware": true,
                          "Startup Cost": 31414.82,
                          "Total Cost": 31414.82,
                          "Plan Rows": 117911,
                          "Plan Width": 4,
                          "Actual Startup Time": 128.025,
                          "Actual Total Time": 128.026,
                          "Actual Rows": 137796,
                          "Actual Loops": 5,
                          "Hash Buckets": 1048576,
                          "Original Hash Buckets": 524288,
                          "Hash Batches": 1,
                          "Original Hash Batches": 1,
                          "Peak Memory Usage": 39360,
                          "Plans": [
                            {
                              "Node Type": "Seq Scan",
                              "Parent Relationship": "Outer",
                              "Parallel Aware": true,
                              "Relation Name": "movie_companies",
                              "Alias": "mc",
                              "Startup Cost": 0.0,
                              "Total Cost": 31414.82,
                              "Plan Rows": 117911,
                              "Plan Width": 4,
                              "Actual Startup Time": 41.864,
                              "Actual Total Time": 74.283,
                              "Actual Rows": 137796,
                              "Actual Loops": 5,
                              "Filter": "((company_id > 39769) AND (company_type_id > 1))",
                              "Rows Removed by Filter": 384030
                            }
                          ]
                        }
                      ]
                    },
                    {
                      "Node Type": "Index Scan",
                      "Parent Relationship": "Inner",
                      "Parallel Aware": false,
                      "Scan Direction": "Forward",
                      "Index Name": "movie_id_movie_info",
                      "Relation Name": "movie_info",
                      "Alias": "mi",
                      "Startup Cost": 0.43,
                      "Total Cost": 1.92,
                      "Plan Rows": 22,
                      "Plan Width": 4,
                      "Actual Startup Time": 0.005,
                      "Actual Total Time": 0.009,
                      "Actual Rows": 5,
                      "Actual Loops": 227041,
                      "Index Cond": "(movie_id = t.id)",
                      "Rows Removed by Index Recheck": 0,
                      "Filter": "(info_type_id > 7)",
                      "Rows Removed by Filter": 4
                    }
                  ]
                }
              ]
            }
          ]
        }
      ]
    },
    "Planning Time": 1.616,
    "Triggers": [],
    "Execution Time": 844.062
  }
]