[
  {
    "Plan": {
      "Node Type": "Aggregate",
      "Strategy": "Plain",
      "Partial Mode": "Finalize",
      "Parallel Aware": false,
      "Startup Cost": 56093.47,
      "Total Cost": 56093.48,
      "Plan Rows": 1,
      "Plan Width": 8,
      "Actual Startup Time": 152.058,
      "Actual Total Time": 170.416,
      "Actual Rows": 1,
      "Actual Loops": 1,
      "Plans": [
        {
          "Node Type": "Gather",
          "Parent Relationship": "Outer",
          "Parallel Aware": false,
          "Startup Cost": 56093.16,
          "Total Cost": 56093.47,
          "Plan Rows": 3,
          "Plan Width": 8,
          "Actual Startup Time": 151.641,
          "Actual Total Time": 170.407,
          "Actual Rows": 4,
          "Actual Loops": 1,
          "Workers Planned": 3,
          "Workers Launched": 3,
          "Single Copy": false,
          "Plans": [
            {
              "Node Type": "Aggregate",
              "Strategy": "Plain",
              "Partial Mode": "Partial",
              "Parent Relationship": "Outer",
              "Parallel Aware": false,
              "Startup Cost": 55093.16,
              "Total Cost": 55093.17,
              "Plan Rows": 1,
              "Plan Width": 8,
              "Actual Startup Time": 143.071,
              "Actual Total Time": 143.075,
              "Actual Rows": 1,
              "Actual Loops": 4,
              "Plans": [
                {
                  "Node Type": "Nested Loop",
                  "Parent Relationship": "Outer",
                  "Parallel Aware": false,
                  "Join Type": "Inner",
                  "Startup Cost": 45584.71,
                  "Total Cost": 55091.75,
                  "Plan Rows": 563,
                  "Plan Width": 0,
                  "Actual Startup Time": 106.424,
                  "Actual Total Time": 142.821,
                  "Actual Rows": 3150,
                  "Actual Loops": 4,
                  "Inner Unique": false,
                  "Join Filter": "(t.id = mc.movie_id)",
                  "Rows Removed by Join Filter": 0,
                  "Plans": [
                    {
                      "Node Type": "Hash Join",
                      "Parent Relationship": "Outer",
                      "Parallel Aware": true,
                      "Join Type": "Inner",
                      "Startup Cost": 45584.28,
                      "Total Cost": 54292.17,
                      "Plan Rows": 545,
                      "Plan Width": 8,
                      "Actual Startup Time": 106.325,
                      "Actual Total Time": 130.33,
                      "Actual Rows": 765,
                      "Actual Loops": 4,
                      "Inner Unique": true,
                      "Hash Cond": "(ci.movie_id = t.id)",
                      "Plans": [
                        {
                          "Node Type": "Index Scan",
                          "Parent Relationship": "Outer",
                          "Parallel Aware": true,
                          "Scan Direction": "Forward",
                          "Index Name": "role_id_cast_info",
                          "Relation Name": "cast_info",
                          "Alias": "ci",
                          "Startup Cost": 0.56,
                          "Total Cost": 8600.37,
                          "Plan Rows": 41177,
                          "Plan Width": 4,
                          "Actual Startup Time": 0.155,
                          "Actual Total Time": 15.315,
                          "Actual Rows": 59965,
                          "Actual Loops": 4,
                          "Index Cond": "(role_id > 10)",
                          "Rows Removed by Index Recheck": 0,
                          "Filter": "(person_id > 2090915)",
                          "Rows Removed by Filter": 19064
                        },
                        {
                          "Node Type": "Hash",
                          "Parent Relationship": "Inner",
                          "Parallel Aware": true,
                          "Startup Cost": 45479.1,
                          "Total Cost": 45479.1,
                          "Plan Rows": 8369,
                          "Plan Width": 4,
                          "Actual Startup Time": 104.745,
                          "Actual Total Time": 104.746,
                          "Actual Rows": 7028,
                          "Actual Loops": 4,
                          "Hash Buckets": 65536,
                          "Original Hash Buckets": 65536,
                          "Hash Batches": 1,
                          "Original Hash Batches": 1,
                          "Peak Memory Usage": 1664,
                          "Plans": [
                            {
                              "Node Type": "Seq Scan",
                              "Parent Relationship": "Outer",
                              "Parallel Aware": true,
                              "Relation Name": "title",
                              "Alias": "t",
                              "Startup Cost": 0.0,
                              "Total Cost": 45479.1,
                              "Plan Rows": 8369,
                              "Plan Width": 4,
                              "Actual Startup Time": 0.323,
                              "Actual Total Time": 101.26,
                              "Actual Rows": 7028,
                              "Actual Loops": 4,
                              "Filter": "((kind_id < 7) AND (production_year = 2004))",
                              "Rows Removed by Filter": 625050
                            }
                          ]
                        }
                      ]
                    },
                    {
                      "Node Type": "Index Only Scan",
                      "Parent Relationship": "Inner",
                      "Parallel Aware": false,
                      "Scan Direction": "Forward",
                      "Index Name": "movie_id_movie_companies",
                      "Relation Name": "movie_companies",
                      "Alias": "mc",
                      "Startup Cost": 0.43,
                      "Total Cost": 1.4,
                      "Plan Rows": 5,
                      "Plan Width": 4,
                      "Actual Startup Time": 0.012,
                      "Actual Total Time": 0.015,
                      "Actual Rows": 4,
                      "Actual Loops": 3059,
                      "Index Cond": "(movie_id = ci.movie_id)",
                      "Rows Removed by Index Recheck": 0,
                      "Heap Fetches": 12602
                    }
                  ]
                }
              ]
            }
          ]
        }
      ]
    },
    "Planning Time": 1.457,
    "Triggers": [],
    "Execution Time": 170.507
  }
]