[
  {
    "Plan": {
      "Node Type": "Aggregate",
      "Strategy": "Plain",
      "Partial Mode": "Finalize",
      "Parallel Aware": false,
      "Startup Cost": 341010.03,
      "Total Cost": 341010.04,
      "Plan Rows": 1,
      "Plan Width": 8,
      "Actual Startup Time": 843.816,
      "Actual Total Time": 887.361,
      "Actual Rows": 1,
      "Actual Loops": 1,
      "Plans": [
        {
          "Node Type": "Gather",
          "Parent Relationship": "Outer",
          "Parallel Aware": false,
          "Startup Cost": 341009.4,
          "Total Cost": 341010.01,
          "Plan Rows": 6,
          "Plan Width": 8,
          "Actual Startup Time": 843.64,
          "Actual Total Time": 887.342,
          "Actual Rows": 7,
          "Actual Loops": 1,
          "Workers Planned": 6,
          "Workers Launched": 6,
          "Single Copy": false,
          "Plans": [
            {
              "Node Type": "Aggregate",
              "Strategy": "Plain",
              "Partial Mode": "Partial",
              "Parent Relationship": "Outer",
              "Parallel Aware": false,
              "Startup Cost": 340009.4,
              "Total Cost": 340009.41,
              "Plan Rows": 1,
              "Plan Width": 8,
              "Actual Startup Time": 836.546,
              "Actual Total Time": 836.547,
              "Actual Rows": 1,
              "Actual Loops": 7,
              "Plans": [
                {
                  "Node Type": "Seq Scan",
                  "Parent Relationship": "Outer",
                  "Parallel Aware": true,
                  "Relation Name": "cast_info",
                  "Alias": "ci",
                  "Startup Cost": 0.0,
                  "Total Cost": 328211.39,
                  "Plan Rows": 4719204,
                  "Plan Width": 0,
                  "Actual Startup Time": 91.709,
                  "Actual Total Time": 646.926,
                  "Actual Rows": 4027892,
                  "Actual Loops": 7,
                  "Filter": "(person_id > 787359)",
                  "Rows Removed by Filter": 1149871
                }
              ]
            }
          ]
        }
      ]
    },
    "Planning Time": 0.088,
    "Triggers": [],
    "Execution Time": 887.4
  }
]