{
  "Plan": {
    "Node Type": "Aggregate",
    "Strategy": "Plain",
    "Partial Mode": "Finalize",
    "Parallel Aware": false,
    "Startup Cost": 161571.41,
    "Total Cost": 161571.42,
    "Plan Rows": 1,
    "Plan Width": 8,
    "Actual Startup Time": 1872.46,
    "Actual Total Time": 1900.938,
    "Actual Rows": 1,
    "Actual Loops": 1,
    "Plans": [
      {
        "Node Type": "Gather",
        "Parent Relationship": "Outer",
        "Parallel Aware": false,
        "Startup Cost": 161571.3,
        "Total Cost": 161571.41,
        "Plan Rows": 1,
        "Plan Width": 8,
        "Actual Startup Time": 1863.909,
        "Actual Total Time": 1900.928,
        "Actual Rows": 2,
        "Actual Loops": 1,
        "Workers Planned": 1,
        "Workers Launched": 1,
        "Single Copy": false,
        "Plans": [
          {
            "Node Type": "Aggregate",
            "Strategy": "Plain",
            "Partial Mode": "Partial",
            "Parent Relationship": "Outer",
            "Parallel Aware": false,
            "Startup Cost": 160571.3,
            "Total Cost": 160571.31,
            "Plan Rows": 1,
            "Plan Width": 8,
            "Actual Startup Time": 1857.752,
            "Actual Total Time": 1857.759,
            "Actual Rows": 1,
            "Actual Loops": 2,
            "Plans": [
              {
                "Node Type": "Hash Join",
                "Parent Relationship": "Outer",
                "Parallel Aware": true,
                "Join Type": "Inner",
                "Startup Cost": 117477.71,
                "Total Cost": 159616.81,
                "Plan Rows": 381794,
                "Plan Width": 0,
                "Actual Startup Time": 1248.462,
                "Actual Total Time": 1759.225,
                "Actual Rows": 1939220,
                "Actual Loops": 2,
                "Inner Unique": false,
                "Hash Cond": "(mc.movie_id = t.id)",
                "Plans": [
                  {
                    "Node Type": "Seq Scan",
                    "Parent Relationship": "Outer",
                    "Parallel Aware": true,
                    "Relation Name": "movie_companies",
                    "Alias": "mc",
                    "Startup Cost": 0.0,
                    "Total Cost": 34137.82,
                    "Plan Rows": 1534782,
                    "Plan Width": 4,
                    "Actual Startup Time": 0.018,
                    "Actual Total Time": 116.862,
                    "Actual Rows": 1304564,
                    "Actual Loops": 2
                  },
                  {
                    "Node Type": "Hash",
                    "Parent Relationship": "Inner",
                    "Parallel Aware": true,
                    "Startup Cost": 112853.15,
                    "Total Cost": 112853.15,
                    "Plan Rows": 369965,
                    "Plan Width": 8,
                    "Actual Startup Time": 1239.517,
                    "Actual Total Time": 1239.522,
                    "Actual Rows": 320741,
                    "Actual Loops": 2,
                    "Hash Buckets": 1048576,
                    "Original Hash Buckets": 1048576,
                    "Hash Batches": 1,
                    "Original Hash Batches": 1,
                    "Peak Memory Usage": 33344,
                    "Plans": [
                      {
                        "Node Type": "Hash Join",
                        "Parent Relationship": "Outer",
                        "Parallel Aware": true,
                        "Join Type": "Inner",
                        "Startup Cost": 82803.42,
                        "Total Cost": 112853.15,
                        "Plan Rows": 369965,
                        "Plan Width": 8,
                        "Actual Startup Time": 927.014,
                        "Actual Total Time": 1144.986,
                        "Actual Rows": 320741,
                        "Actual Loops": 2,
                        "Inner Unique": true,
                        "Hash Cond": "(mk.movie_id = t.id)",
                        "Plans": [
                          {
                            "Node Type": "Bitmap Heap Scan",
                            "Parent Relationship": "Outer",
                            "Parallel Aware": true,
                            "Relation Name": "movie_keyword",
                            "Alias": "mk",
                            "Startup Cost": 13342.73,
                            "Total Cost": 42421.29,
                            "Plan Rows": 369965,
                            "Plan Width": 4,
                            "Actual Startup Time": 81.775,
                            "Actual Total Time": 173.359,
                            "Actual Rows": 320741,
                            "Actual Loops": 2,
                            "Recheck Cond": "(keyword_id < 497)",
                            "Rows Removed by Index Recheck": 0,
                            "Exact Heap Blocks": 14619,
                            "Lossy Heap Blocks": 0,
                            "Plans": [
                              {
                                "Node Type": "Bitmap Index Scan",
                                "Parent Relationship": "Outer",
                                "Parallel Aware": false,
                                "Index Name": "keyword_id_movie_keyword",
                                "Startup Cost": 0.0,
                                "Total Cost": 13185.49,
                                "Plan Rows": 628941,
                                "Plan Width": 0,
                                "Actual Startup Time": 71.796,
                                "Actual Total Time": 71.796,
                                "Actual Rows": 641482,
                                "Actual Loops": 1,
                                "Index Cond": "(keyword_id < 497)"
                              }
                            ]
                          },
                          {
                            "Node Type": "Hash",
                            "Parent Relationship": "Inner",
                            "Parallel Aware": true,
                            "Startup Cost": 50870.31,
                            "Total Cost": 50870.31,
                            "Plan Rows": 1487231,
                            "Plan Width": 4,
                            "Actual Startup Time": 827.264,
                            "Actual Total Time": 827.265,
                            "Actual Rows": 1264156,
                            "Actual Loops": 2,
                            "Hash Buckets": 4194304,
                            "Original Hash Buckets": 4194304,
                            "Hash Batches": 1,
                            "Original Hash Batches": 1,
                            "Peak Memory Usage": 131680,
                            "Plans": [
                              {
                                "Node Type": "Seq Scan",
                                "Parent Relationship": "Outer",
                                "Parallel Aware": true,
                                "Relation Name": "title",
                                "Alias": "t",
                                "Startup Cost": 0.0,
                                "Total Cost": 50870.31,
                                "Plan Rows": 1487231,
                                "Plan Width": 4,
                                "Actual Startup Time": 0.034,
                                "Actual Total Time": 245.723,
                                "Actual Rows": 1264156,
                                "Actual Loops": 2
                              }
                            ]
                          }
                        ]
                      }
                    ]
                  }
                ]
              }
            ]
          }
        ]
      }
    ]
  },
  "Planning Time": 1.035,
  "Triggers": [],
  "Execution Time": 1901.042
}