[
  {
    "Plan": {
      "Node Type": "Aggregate",
      "Strategy": "Plain",
      "Partial Mode": "Finalize",
      "Parallel Aware": false,
      "Startup Cost": 44490.47,
      "Total Cost": 44490.48,
      "Plan Rows": 1,
      "Plan Width": 8,
      "Actual Startup Time": 128.384,
      "Actual Total Time": 142.711,
      "Actual Rows": 1,
      "Actual Loops": 1,
      "Plans": [
        {
          "Node Type": "Gather",
          "Parent Relationship": "Outer",
          "Parallel Aware": false,
          "Startup Cost": 44490.15,
          "Total Cost": 44490.46,
          "Plan Rows": 3,
          "Plan Width": 8,
          "Actual Startup Time": 128.209,
          "Actual Total Time": 142.7,
          "Actual Rows": 4,
          "Actual Loops": 1,
          "Workers Planned": 3,
          "Workers Launched": 3,
          "Single Copy": false,
          "Plans": [
            {
              "Node Type": "Aggregate",
              "Strategy": "Plain",
              "Partial Mode": "Partial",
              "Parent Relationship": "Outer",
              "Parallel Aware": false,
              "Startup Cost": 43490.15,
              "Total Cost": 43490.16,
              "Plan Rows": 1,
              "Plan Width": 8,
              "Actual Startup Time": 123.177,
              "Actual Total Time": 123.179,
              "Actual Rows": 1,
              "Actual Loops": 4,
              "Plans": [
                {
                  "Node Type": "Seq Scan",
                  "Parent Relationship": "Outer",
                  "Parallel Aware": true,
                  "Relation Name": "movie_keyword",
                  "Alias": "mk",
                  "Startup Cost": 0.0,
                  "Total Cost": 42695.65,
                  "Plan Rows": 317800,
                  "Plan Width": 0,
                  "Actual Startup Time": 1.637,
                  "Actual Total Time": 109.509,
                  "Actual Rows": 245132,
                  "Actual Loops": 4,
                  "Filter": "(keyword_id > 18953)",
                  "Rows Removed by Filter": 885850
                }
              ]
            }
          ]
        }
      ]
    },
    "Planning Time": 0.098,
    "Triggers": [],
    "Execution Time": 142.746
  }
]