[
  {
    "Plan": {
      "Node Type": "Aggregate",
      "Strategy": "Plain",
      "Partial Mode": "Finalize",
      "Parallel Aware": false,
      "Startup Cost": 343010.52,
      "Total Cost": 343010.53,
      "Plan Rows": 1,
      "Plan Width": 8,
      "Actual Startup Time": 853.382,
      "Actual Total Time": 896.182,
      "Actual Rows": 1,
      "Actual Loops": 1,
      "Plans": [
        {
          "Node Type": "Gather",
          "Parent Relationship": "Outer",
          "Parallel Aware": false,
          "Startup Cost": 343009.9,
          "Total Cost": 343010.51,
          "Plan Rows": 6,
          "Plan Width": 8,
          "Actual Startup Time": 853.191,
          "Actual Total Time": 896.171,
          "Actual Rows": 7,
          "Actual Loops": 1,
          "Workers Planned": 6,
          "Workers Launched": 6,
          "Single Copy": false,
          "Plans": [
            {
              "Node Type": "Aggregate",
              "Strategy": "Plain",
              "Partial Mode": "Partial",
              "Parent Relationship": "Outer",
              "Parallel Aware": false,
              "Startup Cost": 342009.9,
              "Total Cost": 342009.91,
              "Plan Rows": 1,
              "Plan Width": 8,
              "Actual Startup Time": 844.808,
              "Actual Total Time": 844.81,
              "Actual Rows": 1,
              "Actual Loops": 7,
              "Plans": [
                {
                  "Node Type": "Seq Scan",
                  "Parent Relationship": "Outer",
                  "Parallel Aware": true,
                  "Relation Name": "cast_info",
                  "Alias": "ci",
                  "Startup Cost": 0.0,
                  "Total Cost": 328211.39,
                  "Plan Rows": 5519403,
                  "Plan Width": 0,
                  "Actual Startup Time": 0.051,
                  "Actual Total Time": 628.111,
                  "Actual Rows": 4737621,
                  "Actual Loops": 7,
                  "Filter": "(person_id < 3494146)",
                  "Rows Removed by Filter": 440143
                }
              ]
            }
          ]
        }
      ]
    },
    "Planning Time": 0.189,
    "Triggers": [],
    "Execution Time": 896.247
  }
]