[
  {
    "Plan": {
      "Node Type": "Aggregate",
      "Strategy": "Plain",
      "Partial Mode": "Finalize",
      "Parallel Aware": false,
      "Startup Cost": 342932.59,
      "Total Cost": 342932.6,
      "Plan Rows": 1,
      "Plan Width": 8,
      "Actual Startup Time": 869.225,
      "Actual Total Time": 929.983,
      "Actual Rows": 1,
      "Actual Loops": 1,
      "Plans": [
        {
          "Node Type": "Gather",
          "Parent Relationship": "Outer",
          "Parallel Aware": false,
          "Startup Cost": 342931.96,
          "Total Cost": 342932.57,
          "Plan Rows": 6,
          "Plan Width": 8,
          "Actual Startup Time": 869.091,
          "Actual Total Time": 929.971,
          "Actual Rows": 7,
          "Actual Loops": 1,
          "Workers Planned": 6,
          "Workers Launched": 6,
          "Single Copy": false,
          "Plans": [
            {
              "Node Type": "Aggregate",
              "Strategy": "Plain",
              "Partial Mode": "Partial",
              "Parent Relationship": "Outer",
              "Parallel Aware": false,
              "Startup Cost": 341931.96,
              "Total Cost": 341931.97,
              "Plan Rows": 1,
              "Plan Width": 8,
              "Actual Startup Time": 860.209,
              "Actual Total Time": 860.21,
              "Actual Rows": 1,
              "Actual Loops": 7,
              "Plans": [
                {
                  "Node Type": "Seq Scan",
                  "Parent Relationship": "Outer",
                  "Parallel Aware": true,
                  "Relation Name": "cast_info",
                  "Alias": "ci",
                  "Startup Cost": 0.0,
                  "Total Cost": 328162.03,
                  "Plan Rows": 5507974,
                  "Plan Width": 0,
                  "Actual Startup Time": 0.048,
                  "Actual Total Time": 651.067,
                  "Actual Rows": 4737621,
                  "Actual Loops": 7,
                  "Filter": "(person_id < 3494146)",
                  "Rows Removed by Filter": 440143
                }
              ]
            }
          ]
        }
      ]
    },
    "Planning Time": 0.204,
    "Triggers": [],
    "Execution Time": 930.061
  }
]