{
  "Plan": {
    "Node Type": "Aggregate",
    "Strategy": "Plain",
    "Partial Mode": "Finalize",
    "Parallel Aware": false,
    "Startup Cost": 982950.33,
    "Total Cost": 982950.34,
    "Plan Rows": 1,
    "Plan Width": 8,
    "Actual Startup Time": 10618.333,
    "Actual Total Time": 10689.469,
    "Actual Rows": 1,
    "Actual Loops": 1,
    "Plans": [
      {
        "Node Type": "Gather",
        "Parent Relationship": "Outer",
        "Parallel Aware": false,
        "Startup Cost": 982950.22,
        "Total Cost": 982950.33,
        "Plan Rows": 1,
        "Plan Width": 8,
        "Actual Startup Time": 10600.691,
        "Actual Total Time": 10689.458,
        "Actual Rows": 2,
        "Actual Loops": 1,
        "Workers Planned": 1,
        "Workers Launched": 1,
        "Single Copy": false,
        "Plans": [
          {
            "Node Type": "Aggregate",
            "Strategy": "Plain",
            "Partial Mode": "Partial",
            "Parent Relationship": "Outer",
            "Parallel Aware": false,
            "Startup Cost": 981950.22,
            "Total Cost": 981950.23,
            "Plan Rows": 1,
            "Plan Width": 8,
            "Actual Startup Time": 10582.996,
            "Actual Total Time": 10584.1,
            "Actual Rows": 1,
            "Actual Loops": 2,
            "Plans": [
              {
                "Node Type": "Hash Join",
                "Parent Relationship": "Outer",
                "Parallel Aware": true,
                "Join Type": "Inner",
                "Startup Cost": 562297.08,
                "Total Cost": 949311.27,
                "Plan Rows": 13055582,
                "Plan Width": 0,
                "Actual Startup Time": 4371.781,
                "Actual Total Time": 9409.877,
                "Actual Rows": 30682864,
                "Actual Loops": 2,
                "Inner Unique": false,
                "Hash Cond": "(mi.movie_id = t.id)",
                "Plans": [
                  {
                    "Node Type": "Seq Scan",
                    "Parent Relationship": "Outer",
                    "Parallel Aware": true,
                    "Relation Name": "movie_info",
                    "Alias": "mi",
                    "Startup Cost": 0.0,
                    "Total Cost": 270696.42,
                    "Plan Rows": 5269362,
                    "Plan Width": 4,
                    "Actual Startup Time": 40.146,
                    "Actual Total Time": 745.057,
                    "Actual Rows": 4475378,
                    "Actual Loops": 2,
                    "Filter": "(info_type_id > 6)",
                    "Rows Removed by Filter": 2942482
                  },
                  {
                    "Node Type": "Hash",
                    "Parent Relationship": "Inner",
                    "Parallel Aware": true,
                    "Startup Cost": 516236.78,
                    "Total Cost": 516236.78,
                    "Plan Rows": 3684824,
                    "Plan Width": 8,
                    "Actual Startup Time": 4297.605,
                    "Actual Total Time": 4298.706,
                    "Actual Rows": 3229774,
                    "Actual Loops": 2,
                    "Hash Buckets": 8388608,
                    "Original Hash Buckets": 8388608,
                    "Hash Batches": 1,
                    "Original Hash Batches": 1,
                    "Peak Memory Usage": 318272,
                    "Plans": [
                      {
                        "Node Type": "Hash Join",
                        "Parent Relationship": "Outer",
                        "Parallel Aware": true,
                        "Join Type": "Inner",
                        "Startup Cost": 207816.81,
                        "Total Cost": 516236.78,
                        "Plan Rows": 3684824,
                        "Plan Width": 8,
                        "Actual Startup Time": 885.524,
                        "Actual Total Time": 3100.344,
                        "Actual Rows": 3229774,
                        "Actual Loops": 2,
                        "Inner Unique": true,
                        "Hash Cond": "(ci.movie_id = t.id)",
                        "Plans": [
                          {
                            "Node Type": "Bitmap Heap Scan",
                            "Parent Relationship": "Outer",
                            "Parallel Aware": true,
                            "Relation Name": "cast_info",
                            "Alias": "ci",
                            "Startup Cost": 138356.11,
                            "Total Cost": 437103.41,
                            "Plan Rows": 3684824,
                            "Plan Width": 4,
                            "Actual Startup Time": 252.666,
                            "Actual Total Time": 689.566,
                            "Actual Rows": 3229774,
                            "Actual Loops": 2,
                            "Recheck Cond": "(person_id < 623859)",
                            "Rows Removed by Index Recheck": 0,
                            "Exact Heap Blocks": 40000,
                            "Lossy Heap Blocks": 0,
                            "Plans": [
                              {
                                "Node Type": "Bitmap Index Scan",
                                "Parent Relationship": "Outer",
                                "Parallel Aware": false,
                                "Index Name": "person_id_cast_info",
                                "Startup Cost": 0.0,
                                "Total Cost": 136790.07,
                                "Plan Rows": 6264200,
                                "Plan Width": 0,
                                "Actual Startup Time": 240.831,
                                "Actual Total Time": 240.832,
                                "Actual Rows": 6459548,
                                "Actual Loops": 1,
                                "Index Cond": "(person_id < 623859)"
                              }
                            ]
                          },
                          {
                            "Node Type": "Hash",
                            "Parent Relationship": "Inner",
                            "Parallel Aware": true,
                            "Startup Cost": 50870.31,
                            "Total Cost": 50870.31,
                            "Plan Rows": 1487231,
                            "Plan Width": 4,
                            "Actual Startup Time": 621.418,
                            "Actual Total Time": 621.418,
                            "Actual Rows": 1264156,
                            "Actual Loops": 2,
                            "Hash Buckets": 4194304,
                            "Original Hash Buckets": 4194304,
                            "Hash Batches": 1,
                            "Original Hash Batches": 1,
                            "Peak Memory Usage": 131712,
                            "Plans": [
                              {
                                "Node Type": "Seq Scan",
                                "Parent Relationship": "Outer",
                                "Parallel Aware": true,
                                "Relation Name": "title",
                                "Alias": "t",
                                "Startup Cost": 0.0,
                                "Total Cost": 50870.31,
                                "Plan Rows": 1487231,
                                "Plan Width": 4,
                                "Actual Startup Time": 0.039,
                                "Actual Total Time": 183.374,
                                "Actual Rows": 1264156,
                                "Actual Loops": 2
                              }
                            ]
                          }
                        ]
                      }
                    ]
                  }
                ]
              }
            ]
          }
        ]
      }
    ]
  },
  "Planning Time": 0.999,
  "Triggers": [],
  "Execution Time": 10689.575
}