[
    {
        "Bao": {
            "Bao prediction": "NaN",
            "Bao recommended hint": "(no hint)"
        }
    },
    {
        "Plan": {
            "Node Type": "Aggregate",
            "Strategy": "Plain",
            "Partial Mode": "Finalize",
            "Parallel Aware": false,
            "Startup Cost": 340926.3,
            "Total Cost": 340926.31,
            "Plan Rows": 1,
            "Plan Width": 8,
            "Actual Startup Time": 783.383,
            "Actual Total Time": 813.144,
            "Actual Rows": 1,
            "Actual Loops": 1,
            "Output": [
                "count(*)"
            ],
            "Plans": [
                {
                    "Node Type": "Gather",
                    "Parent Relationship": "Outer",
                    "Parallel Aware": false,
                    "Startup Cost": 340925.67,
                    "Total Cost": 340926.28,
                    "Plan Rows": 6,
                    "Plan Width": 8,
                    "Actual Startup Time": 783.274,
                    "Actual Total Time": 813.134,
                    "Actual Rows": 7,
                    "Actual Loops": 1,
                    "Output": [
                        "(PARTIAL count(*))"
                    ],
                    "Workers Planned": 6,
                    "Workers Launched": 6,
                    "Single Copy": false,
                    "Plans": [
                        {
                            "Node Type": "Aggregate",
                            "Strategy": "Plain",
                            "Partial Mode": "Partial",
                            "Parent Relationship": "Outer",
                            "Parallel Aware": false,
                            "Startup Cost": 339925.67,
                            "Total Cost": 339925.68,
                            "Plan Rows": 1,
                            "Plan Width": 8,
                            "Actual Startup Time": 773.397,
                            "Actual Total Time": 773.398,
                            "Actual Rows": 1,
                            "Actual Loops": 7,
                            "Output": [
                                "PARTIAL count(*)"
                            ],
                            "Workers": [
                                {
                                    "Worker Number": 0,
                                    "Actual Startup Time": 771.018,
                                    "Actual Total Time": 771.019,
                                    "Actual Rows": 1,
                                    "Actual Loops": 1
                                },
                                {
                                    "Worker Number": 1,
                                    "Actual Startup Time": 771.617,
                                    "Actual Total Time": 771.618,
                                    "Actual Rows": 1,
                                    "Actual Loops": 1
                                },
                                {
                                    "Worker Number": 2,
                                    "Actual Startup Time": 771.778,
                                    "Actual Total Time": 771.779,
                                    "Actual Rows": 1,
                                    "Actual Loops": 1
                                },
                                {
                                    "Worker Number": 3,
                                    "Actual Startup Time": 771.928,
                                    "Actual Total Time": 771.928,
                                    "Actual Rows": 1,
                                    "Actual Loops": 1
                                },
                                {
                                    "Worker Number": 4,
                                    "Actual Startup Time": 772.249,
                                    "Actual Total Time": 772.25,
                                    "Actual Rows": 1,
                                    "Actual Loops": 1
                                },
                                {
                                    "Worker Number": 5,
                                    "Actual Startup Time": 772.655,
                                    "Actual Total Time": 772.656,
                                    "Actual Rows": 1,
                                    "Actual Loops": 1
                                }
                            ],
                            "Plans": [
                                {
                                    "Node Type": "Seq Scan",
                                    "Parent Relationship": "Outer",
                                    "Parallel Aware": true,
                                    "Relation Name": "cast_info",
                                    "Schema": "public",
                                    "Alias": "ci",
                                    "Startup Cost": 0.0,
                                    "Total Cost": 328213.62,
                                    "Plan Rows": 4684823,
                                    "Plan Width": 0,
                                    "Actual Startup Time": 97.478,
                                    "Actual Total Time": 594.393,
                                    "Actual Rows": 3987891,
                                    "Actual Loops": 7,
                                    "Output": [
                                        "id",
                                        "person_id",
                                        "movie_id",
                                        "person_role_id",
                                        "note",
                                        "nr_order",
                                        "role_id"
                                    ],
                                    "Filter": "(ci.person_id > 815601)",
                                    "Rows Removed by Filter": 1189872,
                                    "Workers": [
                                        {
                                            "Worker Number": 0,
                                            "Actual Startup Time": 95.098,
                                            "Actual Total Time": 589.889,
                                            "Actual Rows": 2752361,
                                            "Actual Loops": 1
                                        },
                                        {
                                            "Worker Number": 1,
                                            "Actual Startup Time": 95.688,
                                            "Actual Total Time": 592.074,
                                            "Actual Rows": 2730780,
                                            "Actual Loops": 1
                                        },
                                        {
                                            "Worker Number": 2,
                                            "Actual Startup Time": 95.857,
                                            "Actual Total Time": 599.428,
                                            "Actual Rows": 4263728,
                                            "Actual Loops": 1
                                        },
                                        {
                                            "Worker Number": 3,
                                            "Actual Startup Time": 96.008,
                                            "Actual Total Time": 597.71,
                                            "Actual Rows": 4297382,
                                            "Actual Loops": 1
                                        },
                                        {
                                            "Worker Number": 4,
                                            "Actual Startup Time": 96.332,
                                            "Actual Total Time": 600.319,
                                            "Actual Rows": 4248238,
                                            "Actual Loops": 1
                                        },
                                        {
                                            "Worker Number": 5,
                                            "Actual Startup Time": 96.744,
                                            "Actual Total Time": 598.398,
                                            "Actual Rows": 4289184,
                                            "Actual Loops": 1
                                        }
                                    ]
                                }
                            ]
                        }
                    ]
                }
            ]
        },
        "Planning Time": 223.518,
        "Triggers": [],
        "Execution Time": 813.223
    }
]