[
  {
    "Plan": {
      "Node Type": "Aggregate",
      "Strategy": "Plain",
      "Partial Mode": "Finalize",
      "Parallel Aware": false,
      "Startup Cost": 46545.87,
      "Total Cost": 46545.88,
      "Plan Rows": 1,
      "Plan Width": 8,
      "Actual Startup Time": 91.054,
      "Actual Total Time": 102.05,
      "Actual Rows": 1,
      "Actual Loops": 1,
      "Plans": [
        {
          "Node Type": "Gather",
          "Parent Relationship": "Outer",
          "Parallel Aware": false,
          "Startup Cost": 46545.45,
          "Total Cost": 46545.86,
          "Plan Rows": 4,
          "Plan Width": 8,
          "Actual Startup Time": 90.858,
          "Actual Total Time": 102.038,
          "Actual Rows": 5,
          "Actual Loops": 1,
          "Workers Planned": 4,
          "Workers Launched": 4,
          "Single Copy": false,
          "Plans": [
            {
              "Node Type": "Aggregate",
              "Strategy": "Plain",
              "Partial Mode": "Partial",
              "Parent Relationship": "Outer",
              "Parallel Aware": false,
              "Startup Cost": 45545.45,
              "Total Cost": 45545.46,
              "Plan Rows": 1,
              "Plan Width": 8,
              "Actual Startup Time": 85.052,
              "Actual Total Time": 85.055,
              "Actual Rows": 1,
              "Actual Loops": 5,
              "Plans": [
                {
                  "Node Type": "Seq Scan",
                  "Parent Relationship": "Outer",
                  "Parallel Aware": true,
                  "Relation Name": "title",
                  "Alias": "t",
                  "Startup Cost": 0.0,
                  "Total Cost": 45479.59,
                  "Plan Rows": 26346,
                  "Plan Width": 0,
                  "Actual Startup Time": 0.037,
                  "Actual Total Time": 83.399,
                  "Actual Rows": 22735,
                  "Actual Loops": 5,
                  "Filter": "((kind_id > 3) AND (production_year = 2011))",
                  "Rows Removed by Filter": 482928
                }
              ]
            }
          ]
        }
      ]
    },
    "Planning Time": 0.196,
    "Triggers": [],
    "Execution Time": 102.11
  }
]