[
  {
    "Plan": {
      "Node Type": "Aggregate",
      "Strategy": "Plain",
      "Partial Mode": "Finalize",
      "Parallel Aware": false,
      "Startup Cost": 66339.24,
      "Total Cost": 66339.25,
      "Plan Rows": 1,
      "Plan Width": 8,
      "Actual Startup Time": 118.064,
      "Actual Total Time": 131.144,
      "Actual Rows": 1,
      "Actual Loops": 1,
      "Plans": [
        {
          "Node Type": "Gather",
          "Parent Relationship": "Outer",
          "Parallel Aware": false,
          "Startup Cost": 66338.93,
          "Total Cost": 66339.24,
          "Plan Rows": 3,
          "Plan Width": 8,
          "Actual Startup Time": 117.79,
          "Actual Total Time": 131.132,
          "Actual Rows": 4,
          "Actual Loops": 1,
          "Workers Planned": 3,
          "Workers Launched": 3,
          "Single Copy": false,
          "Plans": [
            {
              "Node Type": "Aggregate",
              "Strategy": "Plain",
              "Partial Mode": "Partial",
              "Parent Relationship": "Outer",
              "Parallel Aware": false,
              "Startup Cost": 65338.93,
              "Total Cost": 65338.94,
              "Plan Rows": 1,
              "Plan Width": 8,
              "Actual Startup Time": 108.523,
              "Actual Total Time": 108.526,
              "Actual Rows": 1,
              "Actual Loops": 4,
              "Plans": [
                {
                  "Node Type": "Hash Join",
                  "Parent Relationship": "Outer",
                  "Parallel Aware": true,
                  "Join Type": "Inner",
                  "Startup Cost": 46359.52,
                  "Total Cost": 65338.77,
                  "Plan Rows": 62,
                  "Plan Width": 0,
                  "Actual Startup Time": 100.455,
                  "Actual Total Time": 108.515,
                  "Actual Rows": 48,
                  "Actual Loops": 4,
                  "Inner Unique": true,
                  "Hash Cond": "(mc.movie_id = t.id)",
                  "Plans": [
                    {
                      "Node Type": "Bitmap Heap Scan",
                      "Parent Relationship": "Outer",
                      "Parallel Aware": true,
                      "Relation Name": "movie_companies",
                      "Alias": "mc",
                      "Startup Cost": 841.04,
                      "Total Cost": 19787.45,
                      "Plan Rows": 12513,
                      "Plan Width": 4,
                      "Actual Startup Time": 2.562,
                      "Actual Total Time": 9.71,
                      "Actual Rows": 9034,
                      "Actual Loops": 4,
                      "Recheck Cond": "(company_id = 160)",
                      "Rows Removed by Index Recheck": 0,
                      "Exact Heap Blocks": 2171,
                      "Lossy Heap Blocks": 0,
                      "Plans": [
                        {
                          "Node Type": "Bitmap Index Scan",
                          "Parent Relationship": "Outer",
                          "Parallel Aware": false,
                          "Index Name": "company_id_movie_companies",
                          "Startup Cost": 0.0,
                          "Total Cost": 831.35,
                          "Plan Rows": 38789,
                          "Plan Width": 0,
                          "Actual Startup Time": 1.944,
                          "Actual Total Time": 1.944,
                          "Actual Rows": 36136,
                          "Actual Loops": 1,
                          "Index Cond": "(company_id = 160)"
                        }
                      ]
                    },
                    {
                      "Node Type": "Hash",
                      "Parent Relationship": "Inner",
                      "Parallel Aware": true,
                      "Startup Cost": 45479.1,
                      "Total Cost": 45479.1,
                      "Plan Rows": 3150,
                      "Plan Width": 4,
                      "Actual Startup Time": 96.15,
                      "Actual Total Time": 96.151,
                      "Actual Rows": 2886,
                      "Actual Loops": 4,
                      "Hash Buckets": 16384,
                      "Original Hash Buckets": 16384,
                      "Hash Batches": 1,
                      "Original Hash Batches": 1,
                      "Peak Memory Usage": 640,
                      "Plans": [
                        {
                          "Node Type": "Seq Scan",
                          "Parent Relationship": "Outer",
                          "Parallel Aware": true,
                          "Relation Name": "title",
                          "Alias": "t",
                          "Startup Cost": 0.0,
                          "Total Cost": 45479.1,
                          "Plan Rows": 3150,
                          "Plan Width": 4,
                          "Actual Startup Time": 0.08,
                          "Actual Total Time": 94.421,
                          "Actual Rows": 2886,
                          "Actual Loops": 4,
                          "Filter": "((kind_id = 7) AND (production_year = 1988))",
                          "Rows Removed by Filter": 629192
                        }
                      ]
                    }
                  ]
                }
              ]
            }
          ]
        }
      ]
    },
    "Planning Time": 0.698,
    "Triggers": [],
    "Execution Time": 131.235
  }
]