{
  "Plan": {
    "Node Type": "Aggregate",
    "Strategy": "Plain",
    "Partial Mode": "Finalize",
    "Parallel Aware": false,
    "Startup Cost": 114898.18,
    "Total Cost": 114898.19,
    "Plan Rows": 1,
    "Plan Width": 8,
    "Actual Startup Time": 752.576,
    "Actual Total Time": 767.812,
    "Actual Rows": 1,
    "Actual Loops": 1,
    "Plans": [
      {
        "Node Type": "Gather",
        "Parent Relationship": "Outer",
        "Parallel Aware": false,
        "Startup Cost": 114898.07,
        "Total Cost": 114898.18,
        "Plan Rows": 1,
        "Plan Width": 8,
        "Actual Startup Time": 750.667,
        "Actual Total Time": 767.805,
        "Actual Rows": 2,
        "Actual Loops": 1,
        "Workers Planned": 1,
        "Workers Launched": 1,
        "Single Copy": false,
        "Plans": [
          {
            "Node Type": "Aggregate",
            "Strategy": "Plain",
            "Partial Mode": "Partial",
            "Parent Relationship": "Outer",
            "Parallel Aware": false,
            "Startup Cost": 113898.07,
            "Total Cost": 113898.08,
            "Plan Rows": 1,
            "Plan Width": 8,
            "Actual Startup Time": 744.886,
            "Actual Total Time": 744.89,
            "Actual Rows": 1,
            "Actual Loops": 2,
            "Plans": [
              {
                "Node Type": "Hash Join",
                "Parent Relationship": "Outer",
                "Parallel Aware": true,
                "Join Type": "Inner",
                "Startup Cost": 47234.33,
                "Total Cost": 112885.35,
                "Plan Rows": 405086,
                "Plan Width": 0,
                "Actual Startup Time": 246.343,
                "Actual Total Time": 727.368,
                "Actual Rows": 425250,
                "Actual Loops": 2,
                "Inner Unique": false,
                "Hash Cond": "(t.id = mc.movie_id)",
                "Plans": [
                  {
                    "Node Type": "Seq Scan",
                    "Parent Relationship": "Outer",
                    "Parallel Aware": true,
                    "Relation Name": "title",
                    "Alias": "t",
                    "Startup Cost": 0.0,
                    "Total Cost": 54588.39,
                    "Plan Rows": 1388764,
                    "Plan Width": 4,
                    "Actual Startup Time": 0.014,
                    "Actual Total Time": 151.976,
                    "Actual Rows": 1178820,
                    "Actual Loops": 2,
                    "Filter": "(production_year > 1923)",
                    "Rows Removed by Filter": 85336
                  },
                  {
                    "Node Type": "Hash",
                    "Parent Relationship": "Inner",
                    "Parallel Aware": true,
                    "Startup Cost": 41811.73,
                    "Total Cost": 41811.73,
                    "Plan Rows": 433808,
                    "Plan Width": 4,
                    "Actual Startup Time": 236.924,
                    "Actual Total Time": 236.925,
                    "Actual Rows": 479224,
                    "Actual Loops": 2,
                    "Hash Buckets": 1048576,
                    "Original Hash Buckets": 1048576,
                    "Hash Batches": 1,
                    "Original Hash Batches": 1,
                    "Peak Memory Usage": 45696,
                    "Plans": [
                      {
                        "Node Type": "Seq Scan",
                        "Parent Relationship": "Outer",
                        "Parallel Aware": true,
                        "Relation Name": "movie_companies",
                        "Alias": "mc",
                        "Startup Cost": 0.0,
                        "Total Cost": 41811.73,
                        "Plan Rows": 433808,
                        "Plan Width": 4,
                        "Actual Startup Time": 67.014,
                        "Actual Total Time": 139.159,
                        "Actual Rows": 479224,
                        "Actual Loops": 2,
                        "Filter": "((company_id > 9173) AND (company_type_id = 2))",
                        "Rows Removed by Filter": 825340
                      }
                    ]
                  }
                ]
              }
            ]
          }
        ]
      }
    ]
  },
  "Planning Time": 0.455,
  "Triggers": [],
  "Execution Time": 767.881
}