[
  {
    "Plan": {
      "Node Type": "Aggregate",
      "Strategy": "Plain",
      "Partial Mode": "Finalize",
      "Parallel Aware": false,
      "Startup Cost": 92025.78,
      "Total Cost": 92025.79,
      "Plan Rows": 1,
      "Plan Width": 8,
      "Actual Startup Time": 269.108,
      "Actual Total Time": 285.782,
      "Actual Rows": 1,
      "Actual Loops": 1,
      "Plans": [
        {
          "Node Type": "Gather",
          "Parent Relationship": "Outer",
          "Parallel Aware": false,
          "Startup Cost": 92025.47,
          "Total Cost": 92025.78,
          "Plan Rows": 3,
          "Plan Width": 8,
          "Actual Startup Time": 267.16,
          "Actual Total Time": 285.774,
          "Actual Rows": 4,
          "Actual Loops": 1,
          "Workers Planned": 3,
          "Workers Launched": 3,
          "Single Copy": false,
          "Plans": [
            {
              "Node Type": "Aggregate",
              "Strategy": "Plain",
              "Partial Mode": "Partial",
              "Parent Relationship": "Outer",
              "Parallel Aware": false,
              "Startup Cost": 91025.47,
              "Total Cost": 91025.48,
              "Plan Rows": 1,
              "Plan Width": 8,
              "Actual Startup Time": 258.132,
              "Actual Total Time": 258.135,
              "Actual Rows": 1,
              "Actual Loops": 4,
              "Plans": [
                {
                  "Node Type": "Hash Join",
                  "Parent Relationship": "Outer",
                  "Parallel Aware": true,
                  "Join Type": "Inner",
                  "Startup Cost": 46908.45,
                  "Total Cost": 90816.57,
                  "Plan Rows": 83560,
                  "Plan Width": 0,
                  "Actual Startup Time": 127.263,
                  "Actual Total Time": 257.503,
                  "Actual Rows": 15277,
                  "Actual Loops": 4,
                  "Inner Unique": true,
                  "Hash Cond": "(mk.movie_id = t.id)",
                  "Plans": [
                    {
                      "Node Type": "Seq Scan",
                      "Parent Relationship": "Outer",
                      "Parallel Aware": true,
                      "Relation Name": "movie_keyword",
                      "Alias": "mk",
                      "Startup Cost": 0.0,
                      "Total Cost": 42695.65,
                      "Plan Rows": 461891,
                      "Plan Width": 4,
                      "Actual Startup Time": 0.721,
                      "Actual Total Time": 92.173,
                      "Actual Rows": 359428,
                      "Actual Loops": 4,
                      "Filter": "(keyword_id > 11634)",
                      "Rows Removed by Filter": 771555
                    },
                    {
                      "Node Type": "Hash",
                      "Parent Relationship": "Inner",
                      "Parallel Aware": true,
                      "Startup Cost": 45479.1,
                      "Total Cost": 45479.1,
                      "Plan Rows": 114348,
                      "Plan Width": 4,
                      "Actual Startup Time": 122.953,
                      "Actual Total Time": 122.954,
                      "Actual Rows": 86053,
                      "Actual Loops": 4,
                      "Hash Buckets": 524288,
                      "Original Hash Buckets": 524288,
                      "Hash Batches": 1,
                      "Original Hash Batches": 1,
                      "Peak Memory Usage": 17632,
                      "Plans": [
                        {
                          "Node Type": "Seq Scan",
                          "Parent Relationship": "Outer",
                          "Parallel Aware": true,
                          "Relation Name": "title",
                          "Alias": "t",
                          "Startup Cost": 0.0,
                          "Total Cost": 45479.1,
                          "Plan Rows": 114348,
                          "Plan Width": 4,
                          "Actual Startup Time": 0.035,
                          "Actual Total Time": 94.56,
                          "Actual Rows": 86053,
                          "Actual Loops": 4,
                          "Filter": "((production_year < 1993) AND (kind_id = 7))",
                          "Rows Removed by Filter": 546025
                        }
                      ]
                    }
                  ]
                }
              ]
            }
          ]
        }
      ]
    },
    "Planning Time": 0.637,
    "Triggers": [],
    "Execution Time": 285.851
  }
]