[
  {
    "Plan": {
      "Node Type": "Aggregate",
      "Strategy": "Plain",
      "Partial Mode": "Finalize",
      "Parallel Aware": false,
      "Startup Cost": 79637.85,
      "Total Cost": 79637.86,
      "Plan Rows": 1,
      "Plan Width": 8,
      "Actual Startup Time": 282.317,
      "Actual Total Time": 298.804,
      "Actual Rows": 1,
      "Actual Loops": 1,
      "Plans": [
        {
          "Node Type": "Gather",
          "Parent Relationship": "Outer",
          "Parallel Aware": false,
          "Startup Cost": 79637.43,
          "Total Cost": 79637.84,
          "Plan Rows": 4,
          "Plan Width": 8,
          "Actual Startup Time": 280.008,
          "Actual Total Time": 298.794,
          "Actual Rows": 5,
          "Actual Loops": 1,
          "Workers Planned": 4,
          "Workers Launched": 4,
          "Single Copy": false,
          "Plans": [
            {
              "Node Type": "Aggregate",
              "Strategy": "Plain",
              "Partial Mode": "Partial",
              "Parent Relationship": "Outer",
              "Parallel Aware": false,
              "Startup Cost": 78637.43,
              "Total Cost": 78637.44,
              "Plan Rows": 1,
              "Plan Width": 8,
              "Actual Startup Time": 270.517,
              "Actual Total Time": 270.52,
              "Actual Rows": 1,
              "Actual Loops": 5,
              "Plans": [
                {
                  "Node Type": "Hash Join",
                  "Parent Relationship": "Outer",
                  "Parallel Aware": true,
                  "Join Type": "Inner",
                  "Startup Cost": 32195.02,
                  "Total Cost": 78365.67,
                  "Plan Rows": 108704,
                  "Plan Width": 0,
                  "Actual Startup Time": 123.431,
                  "Actual Total Time": 268.85,
                  "Actual Rows": 37053,
                  "Actual Loops": 5,
                  "Inner Unique": false,
                  "Hash Cond": "(t.id = mc.movie_id)",
                  "Plans": [
                    {
                      "Node Type": "Seq Scan",
                      "Parent Relationship": "Outer",
                      "Parallel Aware": true,
                      "Relation Name": "title",
                      "Alias": "t",
                      "Startup Cost": 0.0,
                      "Total Cost": 43898.92,
                      "Plan Rows": 384216,
                      "Plan Width": 4,
                      "Actual Startup Time": 0.012,
                      "Actual Total Time": 71.301,
                      "Actual Rows": 308653,
                      "Actual Loops": 5,
                      "Filter": "(kind_id = 7)",
                      "Rows Removed by Filter": 197010
                    },
                    {
                      "Node Type": "Hash",
                      "Parent Relationship": "Inner",
                      "Parallel Aware": true,
                      "Startup Cost": 29310.68,
                      "Total Cost": 29310.68,
                      "Plan Rows": 230747,
                      "Plan Width": 4,
                      "Actual Startup Time": 119.122,
                      "Actual Total Time": 119.123,
                      "Actual Rows": 146027,
                      "Actual Loops": 5,
                      "Hash Buckets": 1048576,
                      "Original Hash Buckets": 1048576,
                      "Hash Batches": 1,
                      "Original Hash Batches": 1,
                      "Peak Memory Usage": 36832,
                      "Plans": [
                        {
                          "Node Type": "Seq Scan",
                          "Parent Relationship": "Outer",
                          "Parallel Aware": true,
                          "Relation Name": "movie_companies",
                          "Alias": "mc",
                          "Startup Cost": 0.0,
                          "Total Cost": 29310.68,
                          "Plan Rows": 230747,
                          "Plan Width": 4,
                          "Actual Startup Time": 28.582,
                          "Actual Total Time": 71.356,
                          "Actual Rows": 146027,
                          "Actual Loops": 5,
                          "Filter": "(company_id > 40592)",
                          "Rows Removed by Filter": 375798
                        }
                      ]
                    }
                  ]
                }
              ]
            }
          ]
        }
      ]
    },
    "Planning Time": 0.676,
    "Triggers": [],
    "Execution Time": 298.875
  }
]