[
    {
        "Bao": {
            "Bao prediction": "NaN",
            "Bao recommended hint": "(no hint)"
        }
    },
    {
        "Plan": {
            "Node Type": "Aggregate",
            "Strategy": "Plain",
            "Partial Mode": "Finalize",
            "Parallel Aware": false,
            "Startup Cost": 33059.0,
            "Total Cost": 33059.01,
            "Plan Rows": 1,
            "Plan Width": 8,
            "Actual Startup Time": 97.07,
            "Actual Total Time": 103.025,
            "Actual Rows": 1,
            "Actual Loops": 1,
            "Output": [
                "count(*)"
            ],
            "Plans": [
                {
                    "Node Type": "Gather",
                    "Parent Relationship": "Outer",
                    "Parallel Aware": false,
                    "Startup Cost": 33058.68,
                    "Total Cost": 33058.99,
                    "Plan Rows": 3,
                    "Plan Width": 8,
                    "Actual Startup Time": 96.982,
                    "Actual Total Time": 103.019,
                    "Actual Rows": 4,
                    "Actual Loops": 1,
                    "Output": [
                        "(PARTIAL count(*))"
                    ],
                    "Workers Planned": 3,
                    "Workers Launched": 3,
                    "Single Copy": false,
                    "Plans": [
                        {
                            "Node Type": "Aggregate",
                            "Strategy": "Plain",
                            "Partial Mode": "Partial",
                            "Parent Relationship": "Outer",
                            "Parallel Aware": false,
                            "Startup Cost": 32058.68,
                            "Total Cost": 32058.69,
                            "Plan Rows": 1,
                            "Plan Width": 8,
                            "Actual Startup Time": 88.797,
                            "Actual Total Time": 88.798,
                            "Actual Rows": 1,
                            "Actual Loops": 4,
                            "Output": [
                                "PARTIAL count(*)"
                            ],
                            "Workers": [
                                {
                                    "Worker Number": 0,
                                    "Actual Startup Time": 85.607,
                                    "Actual Total Time": 85.608,
                                    "Actual Rows": 1,
                                    "Actual Loops": 1
                                },
                                {
                                    "Worker Number": 1,
                                    "Actual Startup Time": 86.217,
                                    "Actual Total Time": 86.218,
                                    "Actual Rows": 1,
                                    "Actual Loops": 1
                                },
                                {
                                    "Worker Number": 2,
                                    "Actual Startup Time": 86.635,
                                    "Actual Total Time": 86.636,
                                    "Actual Rows": 1,
                                    "Actual Loops": 1
                                }
                            ],
                            "Plans": [
                                {
                                    "Node Type": "Seq Scan",
                                    "Parent Relationship": "Outer",
                                    "Parallel Aware": true,
                                    "Relation Name": "movie_companies",
                                    "Schema": "public",
                                    "Alias": "mc",
                                    "Startup Cost": 0.0,
                                    "Total Cost": 31414.82,
                                    "Plan Rows": 257544,
                                    "Plan Width": 0,
                                    "Actual Startup Time": 40.671,
                                    "Actual Total Time": 77.403,
                                    "Actual Rows": 253914,
                                    "Actual Loops": 4,
                                    "Output": [
                                        "id",
                                        "movie_id",
                                        "company_id",
                                        "company_type_id",
                                        "note"
                                    ],
                                    "Filter": "((mc.company_id > 6008) AND (mc.company_type_id = 2))",
                                    "Rows Removed by Filter": 398368,
                                    "Workers": [
                                        {
                                            "Worker Number": 0,
                                            "Actual Startup Time": 37.471,
                                            "Actual Total Time": 74.503,
                                            "Actual Rows": 169317,
                                            "Actual Loops": 1
                                        },
                                        {
                                            "Worker Number": 1,
                                            "Actual Startup Time": 38.097,
                                            "Actual Total Time": 75.29,
                                            "Actual Rows": 267400,
                                            "Actual Loops": 1
                                        },
                                        {
                                            "Worker Number": 2,
                                            "Actual Startup Time": 38.517,
                                            "Actual Total Time": 75.654,
                                            "Actual Rows": 267569,
                                            "Actual Loops": 1
                                        }
                                    ]
                                }
                            ]
                        }
                    ]
                }
            ]
        },
        "Planning Time": 200.237,
        "Triggers": [],
        "Execution Time": 103.076
    }
]