{
  "Plan": {
    "Node Type": "Aggregate",
    "Strategy": "Plain",
    "Partial Mode": "Finalize",
    "Parallel Aware": false,
    "Startup Cost": 236223.55,
    "Total Cost": 236223.56,
    "Plan Rows": 1,
    "Plan Width": 8,
    "Actual Startup Time": 1747.775,
    "Actual Total Time": 1775.794,
    "Actual Rows": 1,
    "Actual Loops": 1,
    "Plans": [
      {
        "Node Type": "Gather",
        "Parent Relationship": "Outer",
        "Parallel Aware": false,
        "Startup Cost": 236223.44,
        "Total Cost": 236223.55,
        "Plan Rows": 1,
        "Plan Width": 8,
        "Actual Startup Time": 1745.555,
        "Actual Total Time": 1775.785,
        "Actual Rows": 2,
        "Actual Loops": 1,
        "Workers Planned": 1,
        "Workers Launched": 1,
        "Single Copy": false,
        "Plans": [
          {
            "Node Type": "Aggregate",
            "Strategy": "Plain",
            "Partial Mode": "Partial",
            "Parent Relationship": "Outer",
            "Parallel Aware": false,
            "Startup Cost": 235223.44,
            "Total Cost": 235223.45,
            "Plan Rows": 1,
            "Plan Width": 8,
            "Actual Startup Time": 1739.729,
            "Actual Total Time": 1740.037,
            "Actual Rows": 1,
            "Actual Loops": 2,
            "Plans": [
              {
                "Node Type": "Hash Join",
                "Parent Relationship": "Outer",
                "Parallel Aware": true,
                "Join Type": "Inner",
                "Startup Cost": 170666.89,
                "Total Cost": 234176.02,
                "Plan Rows": 418968,
                "Plan Width": 0,
                "Actual Startup Time": 1070.698,
                "Actual Total Time": 1617.726,
                "Actual Rows": 2920995,
                "Actual Loops": 2,
                "Inner Unique": false,
                "Hash Cond": "(mk.movie_id = t.id)",
                "Plans": [
                  {
                    "Node Type": "Seq Scan",
                    "Parent Relationship": "Outer",
                    "Parallel Aware": true,
                    "Relation Name": "movie_keyword",
                    "Alias": "mk",
                    "Startup Cost": 0.0,
                    "Total Cost": 51065.35,
                    "Plan Rows": 2661135,
                    "Plan Width": 4,
                    "Actual Startup Time": 0.016,
                    "Actual Total Time": 155.098,
                    "Actual Rows": 2261965,
                    "Actual Loops": 2
                  },
                  {
                    "Node Type": "Hash",
                    "Parent Relationship": "Inner",
                    "Parallel Aware": true,
                    "Startup Cost": 167740.03,
                    "Total Cost": 167740.03,
                    "Plan Rows": 234149,
                    "Plan Width": 8,
                    "Actual Startup Time": 1065.078,
                    "Actual Total Time": 1065.08,
                    "Actual Rows": 328134,
                    "Actual Loops": 2,
                    "Hash Buckets": 1048576,
                    "Original Hash Buckets": 524288,
                    "Hash Batches": 1,
                    "Original Hash Batches": 1,
                    "Peak Memory Usage": 37984,
                    "Plans": [
                      {
                        "Node Type": "Merge Join",
                        "Parent Relationship": "Outer",
                        "Parallel Aware": false,
                        "Join Type": "Inner",
                        "Startup Cost": 3.13,
                        "Total Cost": 167740.03,
                        "Plan Rows": 234149,
                        "Plan Width": 8,
                        "Actual Startup Time": 0.688,
                        "Actual Total Time": 985.792,
                        "Actual Rows": 328134,
                        "Actual Loops": 2,
                        "Inner Unique": false,
                        "Merge Cond": "(t.id = mi_idx.movie_id)",
                        "Plans": [
                          {
                            "Node Type": "Index Scan",
                            "Parent Relationship": "Outer",
                            "Parallel Aware": true,
                            "Scan Direction": "Forward",
                            "Index Name": "title_pkey",
                            "Relation Name": "title",
                            "Alias": "t",
                            "Startup Cost": 0.43,
                            "Total Cost": 107365.5,
                            "Plan Rows": 428972,
                            "Plan Width": 4,
                            "Actual Startup Time": 0.353,
                            "Actual Total Time": 627.928,
                            "Actual Rows": 313730,
                            "Actual Loops": 2,
                            "Filter": "((kind_id < 7) AND (production_year > 1985))",
                            "Rows Removed by Filter": 949222
                          },
                          {
                            "Node Type": "Index Only Scan",
                            "Parent Relationship": "Inner",
                            "Parallel Aware": false,
                            "Scan Direction": "Forward",
                            "Index Name": "movie_id_movie_info_idx",
                            "Relation Name": "movie_info_idx",
                            "Alias": "mi_idx",
                            "Startup Cost": 0.43,
                            "Total Cost": 53620.22,
                            "Plan Rows": 1380035,
                            "Plan Width": 4,
                            "Actual Startup Time": 0.161,
                            "Actual Total Time": 253.096,
                            "Actual Rows": 1380035,
                            "Actual Loops": 2,
                            "Heap Fetches": 2760070
                          }
                        ]
                      }
                    ]
                  }
                ]
              }
            ]
          }
        ]
      }
    ]
  },
  "Planning Time": 1.024,
  "Triggers": [],
  "Execution Time": 1775.888
}