[
  {
    "Plan": {
      "Node Type": "Aggregate",
      "Strategy": "Plain",
      "Partial Mode": "Finalize",
      "Parallel Aware": false,
      "Startup Cost": 233351.75,
      "Total Cost": 233351.76,
      "Plan Rows": 1,
      "Plan Width": 8,
      "Actual Startup Time": 359.182,
      "Actual Total Time": 378.057,
      "Actual Rows": 1,
      "Actual Loops": 1,
      "Plans": [
        {
          "Node Type": "Gather",
          "Parent Relationship": "Outer",
          "Parallel Aware": false,
          "Startup Cost": 233351.22,
          "Total Cost": 233351.73,
          "Plan Rows": 5,
          "Plan Width": 8,
          "Actual Startup Time": 350.475,
          "Actual Total Time": 378.042,
          "Actual Rows": 6,
          "Actual Loops": 1,
          "Workers Planned": 5,
          "Workers Launched": 5,
          "Single Copy": false,
          "Plans": [
            {
              "Node Type": "Aggregate",
              "Strategy": "Plain",
              "Partial Mode": "Partial",
              "Parent Relationship": "Outer",
              "Parallel Aware": false,
              "Startup Cost": 232351.22,
              "Total Cost": 232351.23,
              "Plan Rows": 1,
              "Plan Width": 8,
              "Actual Startup Time": 341.009,
              "Actual Total Time": 341.015,
              "Actual Rows": 1,
              "Actual Loops": 6,
              "Plans": [
                {
                  "Node Type": "Hash Join",
                  "Parent Relationship": "Outer",
                  "Parallel Aware": true,
                  "Join Type": "Inner",
                  "Startup Cost": 67042.19,
                  "Total Cost": 232162.99,
                  "Plan Rows": 75292,
                  "Plan Width": 0,
                  "Actual Startup Time": 200.606,
                  "Actual Total Time": 332.295,
                  "Actual Rows": 143771,
                  "Actual Loops": 6,
                  "Inner Unique": true,
                  "Hash Cond": "(mi.movie_id = t.id)",
                  "Plans": [
                    {
                      "Node Type": "Bitmap Heap Scan",
                      "Parent Relationship": "Outer",
                      "Parallel Aware": true,
                      "Relation Name": "movie_info",
                      "Alias": "mi",
                      "Startup Cost": 18685.83,
                      "Total Cost": 183263.79,
                      "Plan Rows": 206797,
                      "Plan Width": 4,
                      "Actual Startup Time": 49.38,
                      "Actual Total Time": 116.981,
                      "Actual Rows": 172210,
                      "Actual Loops": 6,
                      "Recheck Cond": "(info_type_id > 81)",
                      "Rows Removed by Index Recheck": 0,
                      "Exact Heap Blocks": 7575,
                      "Lossy Heap Blocks": 0,
                      "Plans": [
                        {
                          "Node Type": "Bitmap Index Scan",
                          "Parent Relationship": "Outer",
                          "Parallel Aware": false,
                          "Index Name": "info_type_id_movie_info",
                          "Startup Cost": 0.0,
                          "Total Cost": 18427.33,
                          "Plan Rows": 1033986,
                          "Plan Width": 0,
                          "Actual Startup Time": 43.667,
                          "Actual Total Time": 43.668,
                          "Actual Rows": 1033261,
                          "Actual Loops": 1,
                          "Index Cond": "(info_type_id > 81)"
                        }
                      ]
                    },
                    {
                      "Node Type": "Hash",
                      "Parent Relationship": "Inner",
                      "Parallel Aware": true,
                      "Startup Cost": 45479.59,
                      "Total Cost": 45479.59,
                      "Plan Rows": 230142,
                      "Plan Width": 4,
                      "Actual Startup Time": 148.963,
                      "Actual Total Time": 148.964,
                      "Actual Rows": 146098,
                      "Actual Loops": 6,
                      "Hash Buckets": 1048576,
                      "Original Hash Buckets": 1048576,
                      "Hash Batches": 1,
                      "Original Hash Batches": 1,
                      "Peak Memory Usage": 42624,
                      "Plans": [
                        {
                          "Node Type": "Seq Scan",
                          "Parent Relationship": "Outer",
                          "Parallel Aware": true,
                          "Relation Name": "title",
                          "Alias": "t",
                          "Startup Cost": 0.0,
                          "Total Cost": 45479.59,
                          "Plan Rows": 230142,
                          "Plan Width": 4,
                          "Actual Startup Time": 0.068,
                          "Actual Total Time": 87.152,
                          "Actual Rows": 146098,
                          "Actual Loops": 6,
                          "Filter": "((kind_id < 7) AND (production_year > 1924))",
                          "Rows Removed by Filter": 275288
                        }
                      ]
                    }
                  ]
                }
              ]
            }
          ]
        }
      ]
    },
    "Planning Time": 0.256,
    "Triggers": [],
    "Execution Time": 378.105
  }
]