[
  {
    "Plan": {
      "Node Type": "Aggregate",
      "Strategy": "Plain",
      "Partial Mode": "Finalize",
      "Parallel Aware": false,
      "Startup Cost": 294235.64,
      "Total Cost": 294235.65,
      "Plan Rows": 1,
      "Plan Width": 8,
      "Actual Startup Time": 629.242,
      "Actual Total Time": 656.309,
      "Actual Rows": 1,
      "Actual Loops": 1,
      "Plans": [
        {
          "Node Type": "Gather",
          "Parent Relationship": "Outer",
          "Parallel Aware": false,
          "Startup Cost": 294235.01,
          "Total Cost": 294235.62,
          "Plan Rows": 6,
          "Plan Width": 8,
          "Actual Startup Time": 622.66,
          "Actual Total Time": 656.298,
          "Actual Rows": 7,
          "Actual Loops": 1,
          "Workers Planned": 6,
          "Workers Launched": 6,
          "Single Copy": false,
          "Plans": [
            {
              "Node Type": "Aggregate",
              "Strategy": "Plain",
              "Partial Mode": "Partial",
              "Parent Relationship": "Outer",
              "Parallel Aware": false,
              "Startup Cost": 293235.01,
              "Total Cost": 293235.02,
              "Plan Rows": 1,
              "Plan Width": 8,
              "Actual Startup Time": 611.382,
              "Actual Total Time": 611.487,
              "Actual Rows": 1,
              "Actual Loops": 7,
              "Plans": [
                {
                  "Node Type": "Hash Join",
                  "Parent Relationship": "Outer",
                  "Parallel Aware": true,
                  "Join Type": "Inner",
                  "Startup Cost": 79152.56,
                  "Total Cost": 292874.58,
                  "Plan Rows": 144172,
                  "Plan Width": 0,
                  "Actual Startup Time": 226.123,
                  "Actual Total Time": 605.864,
                  "Actual Rows": 114587,
                  "Actual Loops": 7,
                  "Inner Unique": false,
                  "Hash Cond": "(ci.movie_id = t.id)",
                  "Plans": [
                    {
                      "Node Type": "Index Scan",
                      "Parent Relationship": "Outer",
                      "Parallel Aware": true,
                      "Scan Direction": "Forward",
                      "Index Name": "role_id_cast_info",
                      "Relation Name": "cast_info",
                      "Alias": "ci",
                      "Startup Cost": 0.56,
                      "Total Cost": 209040.78,
                      "Plan Rows": 1124461,
                      "Plan Width": 4,
                      "Actual Startup Time": 0.323,
                      "Actual Total Time": 229.196,
                      "Actual Rows": 1028388,
                      "Actual Loops": 7,
                      "Index Cond": "(role_id > 6)",
                      "Rows Removed by Index Recheck": 0,
                      "Filter": "(person_id > 481950)",
                      "Rows Removed by Filter": 73418
                    },
                    {
                      "Node Type": "Hash",
                      "Parent Relationship": "Inner",
                      "Parallel Aware": true,
                      "Startup Cost": 77844.89,
                      "Total Cost": 77844.89,
                      "Plan Rows": 104569,
                      "Plan Width": 8,
                      "Actual Startup Time": 223.297,
                      "Actual Total Time": 223.4,
                      "Actual Rows": 27892,
                      "Actual Loops": 7,
                      "Hash Buckets": 524288,
                      "Original Hash Buckets": 524288,
                      "Hash Batches": 1,
                      "Original Hash Batches": 1,
                      "Peak Memory Usage": 11840,
                      "Plans": [
                        {
                          "Node Type": "Hash Join",
                          "Parent Relationship": "Outer",
                          "Parallel Aware": true,
                          "Join Type": "Inner",
                          "Startup Cost": 47412.45,
                          "Total Cost": 77844.89,
                          "Plan Rows": 104569,
                          "Plan Width": 8,
                          "Actual Startup Time": 148.844,
                          "Actual Total Time": 210.735,
                          "Actual Rows": 27892,
                          "Actual Loops": 7,
                          "Inner Unique": true,
                          "Hash Cond": "(mc.movie_id = t.id)",
                          "Plans": [
                            {
                              "Node Type": "Seq Scan",
                              "Parent Relationship": "Outer",
                              "Parallel Aware": true,
                              "Relation Name": "movie_companies",
                              "Alias": "mc",
                              "Startup Cost": 0.0,
                              "Total Cost": 29310.68,
                              "Plan Rows": 427336,
                              "Plan Width": 4,
                              "Actual Startup Time": 21.43,
                              "Actual Total Time": 45.948,
                              "Actual Rows": 190698,
                              "Actual Loops": 7,
                              "Filter": "(company_type_id > 1)",
                              "Rows Removed by Filter": 182035
                            },
                            {
                              "Node Type": "Hash",
                              "Parent Relationship": "Inner",
                              "Parallel Aware": true,
                              "Startup Cost": 45479.1,
                              "Total Cost": 45479.1,
                              "Plan Rows": 154668,
                              "Plan Width": 4,
                              "Actual Startup Time": 125.156,
                              "Actual Total Time": 125.157,
                              "Actual Rows": 74449,
                              "Actual Loops": 7,
                              "Hash Buckets": 1048576,
                              "Original Hash Buckets": 1048576,
                              "Hash Batches": 1,
                              "Original Hash Batches": 1,
                              "Peak Memory Usage": 28672,
                              "Plans": [
                                {
                                  "Node Type": "Seq Scan",
                                  "Parent Relationship": "Outer",
                                  "Parallel Aware": true,
                                  "Relation Name": "title",
                                  "Alias": "t",
                                  "Startup Cost": 0.0,
                                  "Total Cost": 45479.1,
                                  "Plan Rows": 154668,
                                  "Plan Width": 4,
                                  "Actual Startup Time": 0.046,
                                  "Actual Total Time": 79.51,
                                  "Actual Rows": 74449,
                                  "Actual Loops": 7,
                                  "Filter": "((production_year < 2000) AND (kind_id = 7))",
                                  "Rows Removed by Filter": 286739
                                }
                              ]
                            }
                          ]
                        }
                      ]
                    }
                  ]
                }
              ]
            }
          ]
        }
      ]
    },
    "Planning Time": 1.529,
    "Triggers": [],
    "Execution Time": 656.402
  }
]