[
  {
    "Plan": {
      "Node Type": "Aggregate",
      "Strategy": "Plain",
      "Partial Mode": "Finalize",
      "Parallel Aware": false,
      "Startup Cost": 138017.84,
      "Total Cost": 138017.85,
      "Plan Rows": 1,
      "Plan Width": 8,
      "Actual Startup Time": 1041.081,
      "Actual Total Time": 1068.137,
      "Actual Rows": 1,
      "Actual Loops": 1,
      "Plans": [
        {
          "Node Type": "Gather",
          "Parent Relationship": "Outer",
          "Parallel Aware": false,
          "Startup Cost": 138017.52,
          "Total Cost": 138017.83,
          "Plan Rows": 3,
          "Plan Width": 8,
          "Actual Startup Time": 1026.884,
          "Actual Total Time": 1068.124,
          "Actual Rows": 4,
          "Actual Loops": 1,
          "Workers Planned": 3,
          "Workers Launched": 3,
          "Single Copy": false,
          "Plans": [
            {
              "Node Type": "Aggregate",
              "Strategy": "Plain",
              "Partial Mode": "Partial",
              "Parent Relationship": "Outer",
              "Parallel Aware": false,
              "Startup Cost": 137017.52,
              "Total Cost": 137017.53,
              "Plan Rows": 1,
              "Plan Width": 8,
              "Actual Startup Time": 1018.436,
              "Actual Total Time": 1018.938,
              "Actual Rows": 1,
              "Actual Loops": 4,
              "Plans": [
                {
                  "Node Type": "Hash Join",
                  "Parent Relationship": "Outer",
                  "Parallel Aware": true,
                  "Join Type": "Inner",
                  "Startup Cost": 86915.28,
                  "Total Cost": 135739.4,
                  "Plan Rows": 511250,
                  "Plan Width": 0,
                  "Actual Startup Time": 668.414,
                  "Actual Total Time": 970.093,
                  "Actual Rows": 998100,
                  "Actual Loops": 4,
                  "Inner Unique": false,
                  "Hash Cond": "(mk.movie_id = t.id)",
                  "Plans": [
                    {
                      "Node Type": "Seq Scan",
                      "Parent Relationship": "Outer",
                      "Parallel Aware": true,
                      "Relation Name": "movie_keyword",
                      "Alias": "mk",
                      "Startup Cost": 0.0,
                      "Total Cost": 42695.65,
                      "Plan Rows": 1194474,
                      "Plan Width": 4,
                      "Actual Startup Time": 0.04,
                      "Actual Total Time": 126.667,
                      "Actual Rows": 926000,
                      "Actual Loops": 4,
                      "Filter": "(keyword_id < 22373)",
                      "Rows Removed by Filter": 204983
                    },
                    {
                      "Node Type": "Hash",
                      "Parent Relationship": "Inner",
                      "Parallel Aware": true,
                      "Startup Cost": 82551.58,
                      "Total Cost": 82551.58,
                      "Plan Rows": 349096,
                      "Plan Width": 8,
                      "Actual Startup Time": 663.136,
                      "Actual Total Time": 663.633,
                      "Actual Rows": 211197,
                      "Actual Loops": 4,
                      "Hash Buckets": 2097152,
                      "Original Hash Buckets": 2097152,
                      "Hash Batches": 1,
                      "Original Hash Batches": 1,
                      "Peak Memory Usage": 49536,
                      "Plans": [
                        {
                          "Node Type": "Hash Join",
                          "Parent Relationship": "Outer",
                          "Parallel Aware": true,
                          "Join Type": "Inner",
                          "Startup Cost": 50220.38,
                          "Total Cost": 82551.58,
                          "Plan Rows": 349096,
                          "Plan Width": 8,
                          "Actual Startup Time": 425.609,
                          "Actual Total Time": 573.084,
                          "Actual Rows": 211197,
                          "Actual Loops": 4,
                          "Inner Unique": true,
                          "Hash Cond": "(mc.movie_id = t.id)",
                          "Plans": [
                            {
                              "Node Type": "Seq Scan",
                              "Parent Relationship": "Outer",
                              "Parallel Aware": true,
                              "Relation Name": "movie_companies",
                              "Alias": "mc",
                              "Startup Cost": 0.0,
                              "Total Cost": 31414.82,
                              "Plan Rows": 349096,
                              "Plan Width": 4,
                              "Actual Startup Time": 35.007,
                              "Actual Total Time": 80.262,
                              "Actual Rows": 211197,
                              "Actual Loops": 4,
                              "Filter": "((company_id < 74748) AND (company_type_id > 1))",
                              "Rows Removed by Filter": 441085
                            },
                            {
                              "Node Type": "Hash",
                              "Parent Relationship": "Inner",
                              "Parallel Aware": true,
                              "Startup Cost": 42319.06,
                              "Total Cost": 42319.06,
                              "Plan Rows": 632106,
                              "Plan Width": 4,
                              "Actual Startup Time": 382.879,
                              "Actual Total Time": 382.881,
                              "Actual Rows": 632078,
                              "Actual Loops": 4,
                              "Hash Buckets": 4194304,
                              "Original Hash Buckets": 4194304,
                              "Hash Batches": 1,
                              "Original Hash Batches": 1,
                              "Peak Memory Usage": 131744,
                              "Plans": [
                                {
                                  "Node Type": "Seq Scan",
                                  "Parent Relationship": "Outer",
                                  "Parallel Aware": true,
                                  "Relation Name": "title",
                                  "Alias": "t",
                                  "Startup Cost": 0.0,
                                  "Total Cost": 42319.06,
                                  "Plan Rows": 632106,
                                  "Plan Width": 4,
                                  "Actual Startup Time": 0.054,
                                  "Actual Total Time": 109.162,
                                  "Actual Rows": 632078,
                                  "Actual Loops": 4
                                }
                              ]
                            }
                          ]
                        }
                      ]
                    }
                  ]
                }
              ]
            }
          ]
        }
      ]
    },
    "Planning Time": 0.677,
    "Triggers": [],
    "Execution Time": 1068.188
  }
]