[
  {
    "Plan": {
      "Node Type": "Aggregate",
      "Strategy": "Plain",
      "Partial Mode": "Finalize",
      "Parallel Aware": false,
      "Startup Cost": 33641.86,
      "Total Cost": 33641.87,
      "Plan Rows": 1,
      "Plan Width": 8,
      "Actual Startup Time": 32.014,
      "Actual Total Time": 38.257,
      "Actual Rows": 1,
      "Actual Loops": 1,
      "Plans": [
        {
          "Node Type": "Gather",
          "Parent Relationship": "Outer",
          "Parallel Aware": false,
          "Startup Cost": 33641.65,
          "Total Cost": 33641.86,
          "Plan Rows": 2,
          "Plan Width": 8,
          "Actual Startup Time": 31.788,
          "Actual Total Time": 38.252,
          "Actual Rows": 3,
          "Actual Loops": 1,
          "Workers Planned": 2,
          "Workers Launched": 2,
          "Single Copy": false,
          "Plans": [
            {
              "Node Type": "Aggregate",
              "Strategy": "Plain",
              "Partial Mode": "Partial",
              "Parent Relationship": "Outer",
              "Parallel Aware": false,
              "Startup Cost": 32641.65,
              "Total Cost": 32641.66,
              "Plan Rows": 1,
              "Plan Width": 8,
              "Actual Startup Time": 25.773,
              "Actual Total Time": 25.774,
              "Actual Rows": 1,
              "Actual Loops": 3,
              "Plans": [
                {
                  "Node Type": "Nested Loop",
                  "Parent Relationship": "Outer",
                  "Parallel Aware": false,
                  "Join Type": "Inner",
                  "Startup Cost": 132.78,
                  "Total Cost": 32635.21,
                  "Plan Rows": 2576,
                  "Plan Width": 0,
                  "Actual Startup Time": 1.95,
                  "Actual Total Time": 25.522,
                  "Actual Rows": 1972,
                  "Actual Loops": 3,
                  "Inner Unique": true,
                  "Plans": [
                    {
                      "Node Type": "Bitmap Heap Scan",
                      "Parent Relationship": "Outer",
                      "Parallel Aware": true,
                      "Relation Name": "movie_keyword",
                      "Alias": "mk",
                      "Startup Cost": 132.35,
                      "Total Cost": 14320.78,
                      "Plan Rows": 2576,
                      "Plan Width": 4,
                      "Actual Startup Time": 1.78,
                      "Actual Total Time": 9.312,
                      "Actual Rows": 1972,
                      "Actual Loops": 3,
                      "Recheck Cond": "(keyword_id = 807)",
                      "Rows Removed by Index Recheck": 0,
                      "Exact Heap Blocks": 3738,
                      "Lossy Heap Blocks": 0,
                      "Plans": [
                        {
                          "Node Type": "Bitmap Index Scan",
                          "Parent Relationship": "Outer",
                          "Parallel Aware": false,
                          "Index Name": "keyword_id_movie_keyword",
                          "Startup Cost": 0.0,
                          "Total Cost": 130.81,
                          "Plan Rows": 6183,
                          "Plan Width": 0,
                          "Actual Startup Time": 3.516,
                          "Actual Total Time": 3.516,
                          "Actual Rows": 5916,
                          "Actual Loops": 1,
                          "Index Cond": "(keyword_id = 807)"
                        }
                      ]
                    },
                    {
                      "Node Type": "Index Only Scan",
                      "Parent Relationship": "Inner",
                      "Parallel Aware": false,
                      "Scan Direction": "Forward",
                      "Index Name": "title_pkey",
                      "Relation Name": "title",
                      "Alias": "t",
                      "Startup Cost": 0.43,
                      "Total Cost": 7.11,
                      "Plan Rows": 1,
                      "Plan Width": 4,
                      "Actual Startup Time": 0.008,
                      "Actual Total Time": 0.008,
                      "Actual Rows": 1,
                      "Actual Loops": 5916,
                      "Index Cond": "(id = mk.movie_id)",
                      "Rows Removed by Index Recheck": 0,
                      "Heap Fetches": 5916
                    }
                  ]
                }
              ]
            }
          ]
        }
      ]
    },
    "Planning Time": 0.257,
    "Triggers": [],
    "Execution Time": 38.297
  }
]