[
  {
    "Plan": {
      "Node Type": "Aggregate",
      "Strategy": "Plain",
      "Partial Mode": "Finalize",
      "Parallel Aware": false,
      "Startup Cost": 211572.19,
      "Total Cost": 211572.2,
      "Plan Rows": 1,
      "Plan Width": 8,
      "Actual Startup Time": 245.712,
      "Actual Total Time": 260.512,
      "Actual Rows": 1,
      "Actual Loops": 1,
      "Plans": [
        {
          "Node Type": "Gather",
          "Parent Relationship": "Outer",
          "Parallel Aware": false,
          "Startup Cost": 211571.56,
          "Total Cost": 211572.17,
          "Plan Rows": 6,
          "Plan Width": 8,
          "Actual Startup Time": 245.643,
          "Actual Total Time": 260.504,
          "Actual Rows": 7,
          "Actual Loops": 1,
          "Workers Planned": 6,
          "Workers Launched": 6,
          "Single Copy": false,
          "Plans": [
            {
              "Node Type": "Aggregate",
              "Strategy": "Plain",
              "Partial Mode": "Partial",
              "Parent Relationship": "Outer",
              "Parallel Aware": false,
              "Startup Cost": 210571.56,
              "Total Cost": 210571.57,
              "Plan Rows": 1,
              "Plan Width": 8,
              "Actual Startup Time": 235.705,
              "Actual Total Time": 235.706,
              "Actual Rows": 1,
              "Actual Loops": 7,
              "Plans": [
                {
                  "Node Type": "Index Scan",
                  "Parent Relationship": "Outer",
                  "Parallel Aware": true,
                  "Scan Direction": "Forward",
                  "Index Name": "role_id_cast_info",
                  "Relation Name": "cast_info",
                  "Alias": "ci",
                  "Startup Cost": 0.56,
                  "Total Cost": 209040.78,
                  "Plan Rows": 612312,
                  "Plan Width": 0,
                  "Actual Startup Time": 0.256,
                  "Actual Total Time": 224.251,
                  "Actual Rows": 249771,
                  "Actual Loops": 7,
                  "Index Cond": "(role_id > 6)",
                  "Rows Removed by Index Recheck": 0,
                  "Filter": "(person_id < 1697212)",
                  "Rows Removed by Filter": 852035
                }
              ]
            }
          ]
        }
      ]
    },
    "Planning Time": 0.225,
    "Triggers": [],
    "Execution Time": 260.578
  }
]