{
  "Plan": {
    "Node Type": "Aggregate",
    "Strategy": "Plain",
    "Partial Mode": "Finalize",
    "Parallel Aware": false,
    "Startup Cost": 139037.21,
    "Total Cost": 139037.22,
    "Plan Rows": 1,
    "Plan Width": 8,
    "Actual Startup Time": 826.268,
    "Actual Total Time": 846.982,
    "Actual Rows": 1,
    "Actual Loops": 1,
    "Plans": [
      {
        "Node Type": "Gather",
        "Parent Relationship": "Outer",
        "Parallel Aware": false,
        "Startup Cost": 139037.1,
        "Total Cost": 139037.21,
        "Plan Rows": 1,
        "Plan Width": 8,
        "Actual Startup Time": 821.402,
        "Actual Total Time": 846.973,
        "Actual Rows": 2,
        "Actual Loops": 1,
        "Workers Planned": 1,
        "Workers Launched": 1,
        "Single Copy": false,
        "Plans": [
          {
            "Node Type": "Aggregate",
            "Strategy": "Plain",
            "Partial Mode": "Partial",
            "Parent Relationship": "Outer",
            "Parallel Aware": false,
            "Startup Cost": 138037.1,
            "Total Cost": 138037.11,
            "Plan Rows": 1,
            "Plan Width": 8,
            "Actual Startup Time": 808.234,
            "Actual Total Time": 808.239,
            "Actual Rows": 1,
            "Actual Loops": 2,
            "Plans": [
              {
                "Node Type": "Hash Join",
                "Parent Relationship": "Outer",
                "Parallel Aware": true,
                "Join Type": "Inner",
                "Startup Cost": 102728.35,
                "Total Cost": 137892.22,
                "Plan Rows": 57952,
                "Plan Width": 0,
                "Actual Startup Time": 651.367,
                "Actual Total Time": 803.908,
                "Actual Rows": 106022,
                "Actual Loops": 2,
                "Inner Unique": false,
                "Hash Cond": "(ci.movie_id = t.id)",
                "Plans": [
                  {
                    "Node Type": "Index Scan",
                    "Parent Relationship": "Outer",
                    "Parallel Aware": true,
                    "Scan Direction": "Forward",
                    "Index Name": "role_id_cast_info",
                    "Relation Name": "cast_info",
                    "Alias": "ci",
                    "Startup Cost": 0.56,
                    "Total Cost": 32487.36,
                    "Plan Rows": 622980,
                    "Plan Width": 4,
                    "Actual Startup Time": 0.073,
                    "Actual Total Time": 69.525,
                    "Actual Rows": 546779,
                    "Actual Loops": 2,
                    "Index Cond": "(role_id = 9)",
                    "Rows Removed by Index Recheck": 0
                  },
                  {
                    "Node Type": "Hash",
                    "Parent Relationship": "Inner",
                    "Parallel Aware": true,
                    "Startup Cost": 100998.42,
                    "Total Cost": 100998.42,
                    "Plan Rows": 138349,
                    "Plan Width": 8,
                    "Actual Startup Time": 647.921,
                    "Actual Total Time": 647.925,
                    "Actual Rows": 112516,
                    "Actual Loops": 2,
                    "Hash Buckets": 262144,
                    "Original Hash Buckets": 262144,
                    "Hash Batches": 1,
                    "Original Hash Batches": 1,
                    "Peak Memory Usage": 10880,
                    "Plans": [
                      {
                        "Node Type": "Hash Join",
                        "Parent Relationship": "Outer",
                        "Parallel Aware": true,
                        "Join Type": "Inner",
                        "Startup Cost": 74451.89,
                        "Total Cost": 100998.42,
                        "Plan Rows": 138349,
                        "Plan Width": 8,
                        "Actual Startup Time": 542.27,
                        "Actual Total Time": 624.11,
                        "Actual Rows": 112516,
                        "Actual Loops": 2,
                        "Inner Unique": true,
                        "Hash Cond": "(mk.movie_id = t.id)",
                        "Plans": [
                          {
                            "Node Type": "Bitmap Heap Scan",
                            "Parent Relationship": "Outer",
                            "Parallel Aware": true,
                            "Relation Name": "movie_keyword",
                            "Alias": "mk",
                            "Startup Cost": 4991.19,
                            "Total Cost": 31174.55,
                            "Plan Rows": 138349,
                            "Plan Width": 4,
                            "Actual Startup Time": 15.456,
                            "Actual Total Time": 63.739,
                            "Actual Rows": 112516,
                            "Actual Loops": 2,
                            "Recheck Cond": "(keyword_id > 64051)",
                            "Rows Removed by Index Recheck": 0,
                            "Exact Heap Blocks": 11964,
                            "Lossy Heap Blocks": 0,
                            "Plans": [
                              {
                                "Node Type": "Bitmap Index Scan",
                                "Parent Relationship": "Outer",
                                "Parallel Aware": false,
                                "Index Name": "keyword_id_movie_keyword",
                                "Startup Cost": 0.0,
                                "Total Cost": 4932.39,
                                "Plan Rows": 235194,
                                "Plan Width": 0,
                                "Actual Startup Time": 12.4,
                                "Actual Total Time": 12.4,
                                "Actual Rows": 225031,
                                "Actual Loops": 1,
                                "Index Cond": "(keyword_id > 64051)"
                              }
                            ]
                          },
                          {
                            "Node Type": "Hash",
                            "Parent Relationship": "Inner",
                            "Parallel Aware": true,
                            "Startup Cost": 50870.31,
                            "Total Cost": 50870.31,
                            "Plan Rows": 1487231,
                            "Plan Width": 4,
                            "Actual Startup Time": 508.331,
                            "Actual Total Time": 508.332,
                            "Actual Rows": 1264156,
                            "Actual Loops": 2,
                            "Hash Buckets": 4194304,
                            "Original Hash Buckets": 4194304,
                            "Hash Batches": 1,
                            "Original Hash Batches": 1,
                            "Peak Memory Usage": 131712,
                            "Plans": [
                              {
                                "Node Type": "Seq Scan",
                                "Parent Relationship": "Outer",
                                "Parallel Aware": true,
                                "Relation Name": "title",
                                "Alias": "t",
                                "Startup Cost": 0.0,
                                "Total Cost": 50870.31,
                                "Plan Rows": 1487231,
                                "Plan Width": 4,
                                "Actual Startup Time": 0.047,
                                "Actual Total Time": 153.973,
                                "Actual Rows": 1264156,
                                "Actual Loops": 2
                              }
                            ]
                          }
                        ]
                      }
                    ]
                  }
                ]
              }
            ]
          }
        ]
      }
    ]
  },
  "Planning Time": 0.914,
  "Triggers": [],
  "Execution Time": 847.091
}