[
  {
    "Plan": {
      "Node Type": "Aggregate",
      "Strategy": "Plain",
      "Partial Mode": "Finalize",
      "Parallel Aware": false,
      "Startup Cost": 382819.04,
      "Total Cost": 382819.05,
      "Plan Rows": 1,
      "Plan Width": 8,
      "Actual Startup Time": 1068.242,
      "Actual Total Time": 1121.947,
      "Actual Rows": 1,
      "Actual Loops": 1,
      "Plans": [
        {
          "Node Type": "Gather",
          "Parent Relationship": "Outer",
          "Parallel Aware": false,
          "Startup Cost": 382818.42,
          "Total Cost": 382819.03,
          "Plan Rows": 6,
          "Plan Width": 8,
          "Actual Startup Time": 1066.972,
          "Actual Total Time": 1121.934,
          "Actual Rows": 7,
          "Actual Loops": 1,
          "Workers Planned": 6,
          "Workers Launched": 6,
          "Single Copy": false,
          "Plans": [
            {
              "Node Type": "Aggregate",
              "Strategy": "Plain",
              "Partial Mode": "Partial",
              "Parent Relationship": "Outer",
              "Parallel Aware": false,
              "Startup Cost": 381818.42,
              "Total Cost": 381818.43,
              "Plan Rows": 1,
              "Plan Width": 8,
              "Actual Startup Time": 1059.708,
              "Actual Total Time": 1059.714,
              "Actual Rows": 1,
              "Actual Loops": 7,
              "Plans": [
                {
                  "Node Type": "Hash Join",
                  "Parent Relationship": "Outer",
                  "Parallel Aware": true,
                  "Join Type": "Inner",
                  "Startup Cost": 45916.64,
                  "Total Cost": 381433.56,
                  "Plan Rows": 153942,
                  "Plan Width": 0,
                  "Actual Startup Time": 88.266,
                  "Actual Total Time": 1052.654,
                  "Actual Rows": 122920,
                  "Actual Loops": 7,
                  "Inner Unique": true,
                  "Hash Cond": "(ci.movie_id = t.id)",
                  "Plans": [
                    {
                      "Node Type": "Seq Scan",
                      "Parent Relationship": "Outer",
                      "Parallel Aware": true,
                      "Relation Name": "cast_info",
                      "Alias": "ci",
                      "Startup Cost": 0.0,
                      "Total Cost": 328211.39,
                      "Plan Rows": 2783057,
                      "Plan Width": 4,
                      "Actual Startup Time": 0.041,
                      "Actual Total Time": 609.489,
                      "Actual Rows": 2413233,
                      "Actual Loops": 7,
                      "Filter": "(person_id < 1669914)",
                      "Rows Removed by Filter": 2764531
                    },
                    {
                      "Node Type": "Hash",
                      "Parent Relationship": "Inner",
                      "Parallel Aware": true,
                      "Startup Cost": 45479.59,
                      "Total Cost": 45479.59,
                      "Plan Rows": 34964,
                      "Plan Width": 4,
                      "Actual Startup Time": 86.478,
                      "Actual Total Time": 86.48,
                      "Actual Rows": 21523,
                      "Actual Loops": 7,
                      "Hash Buckets": 262144,
                      "Original Hash Buckets": 262144,
                      "Hash Batches": 1,
                      "Original Hash Batches": 1,
                      "Peak Memory Usage": 8096,
                      "Plans": [
                        {
                          "Node Type": "Seq Scan",
                          "Parent Relationship": "Outer",
                          "Parallel Aware": true,
                          "Relation Name": "title",
                          "Alias": "t",
                          "Startup Cost": 0.0,
                          "Total Cost": 45479.59,
                          "Plan Rows": 34964,
                          "Plan Width": 4,
                          "Actual Startup Time": 0.036,
                          "Actual Total Time": 75.048,
                          "Actual Rows": 21523,
                          "Actual Loops": 7,
                          "Filter": "((production_year > 2011) AND (kind_id = 7))",
                          "Rows Removed by Filter": 339665
                        }
                      ]
                    }
                  ]
                }
              ]
            }
          ]
        }
      ]
    },
    "Planning Time": 0.425,
    "Triggers": [],
    "Execution Time": 1122.016
  }
]