{
  "Plan": {
    "Node Type": "Aggregate",
    "Strategy": "Plain",
    "Partial Mode": "Finalize",
    "Parallel Aware": false,
    "Startup Cost": 114717.22,
    "Total Cost": 114717.23,
    "Plan Rows": 1,
    "Plan Width": 8,
    "Actual Startup Time": 901.283,
    "Actual Total Time": 917.212,
    "Actual Rows": 1,
    "Actual Loops": 1,
    "Plans": [
      {
        "Node Type": "Gather",
        "Parent Relationship": "Outer",
        "Parallel Aware": false,
        "Startup Cost": 114717.11,
        "Total Cost": 114717.22,
        "Plan Rows": 1,
        "Plan Width": 8,
        "Actual Startup Time": 896.835,
        "Actual Total Time": 917.204,
        "Actual Rows": 2,
        "Actual Loops": 1,
        "Workers Planned": 1,
        "Workers Launched": 1,
        "Single Copy": false,
        "Plans": [
          {
            "Node Type": "Aggregate",
            "Strategy": "Plain",
            "Partial Mode": "Partial",
            "Parent Relationship": "Outer",
            "Parallel Aware": false,
            "Startup Cost": 113717.11,
            "Total Cost": 113717.12,
            "Plan Rows": 1,
            "Plan Width": 8,
            "Actual Startup Time": 891.494,
            "Actual Total Time": 892.059,
            "Actual Rows": 1,
            "Actual Loops": 2,
            "Plans": [
              {
                "Node Type": "Hash Join",
                "Parent Relationship": "Outer",
                "Parallel Aware": true,
                "Join Type": "Inner",
                "Startup Cost": 48839.11,
                "Total Cost": 112311.63,
                "Plan Rows": 562191,
                "Plan Width": 0,
                "Actual Startup Time": 329.087,
                "Actual Total Time": 869.389,
                "Actual Rows": 562497,
                "Actual Loops": 2,
                "Inner Unique": false,
                "Hash Cond": "(t.id = mc.movie_id)",
                "Plans": [
                  {
                    "Node Type": "Seq Scan",
                    "Parent Relationship": "Outer",
                    "Parallel Aware": true,
                    "Relation Name": "title",
                    "Alias": "t",
                    "Startup Cost": 0.0,
                    "Total Cost": 50870.31,
                    "Plan Rows": 1487231,
                    "Plan Width": 4,
                    "Actual Startup Time": 0.01,
                    "Actual Total Time": 125.723,
                    "Actual Rows": 1264156,
                    "Actual Loops": 2
                  },
                  {
                    "Node Type": "Hash",
                    "Parent Relationship": "Inner",
                    "Parallel Aware": true,
                    "Startup Cost": 41811.73,
                    "Total Cost": 41811.73,
                    "Plan Rows": 562191,
                    "Plan Width": 4,
                    "Actual Startup Time": 319.76,
                    "Actual Total Time": 319.761,
                    "Actual Rows": 562497,
                    "Actual Loops": 2,
                    "Hash Buckets": 2097152,
                    "Original Hash Buckets": 1048576,
                    "Hash Batches": 1,
                    "Original Hash Batches": 1,
                    "Peak Memory Usage": 68608,
                    "Plans": [
                      {
                        "Node Type": "Seq Scan",
                        "Parent Relationship": "Outer",
                        "Parallel Aware": true,
                        "Relation Name": "movie_companies",
                        "Alias": "mc",
                        "Startup Cost": 0.0,
                        "Total Cost": 41811.73,
                        "Plan Rows": 562191,
                        "Plan Width": 4,
                        "Actual Startup Time": 68.055,
                        "Actual Total Time": 146.368,
                        "Actual Rows": 562497,
                        "Actual Loops": 2,
                        "Filter": "((company_id > 1402) AND (company_type_id > 1))",
                        "Rows Removed by Filter": 742068
                      }
                    ]
                  }
                ]
              }
            ]
          }
        ]
      }
    ]
  },
  "Planning Time": 0.628,
  "Triggers": [],
  "Execution Time": 917.279
}