{
  "Plan": {
    "Node Type": "Aggregate",
    "Strategy": "Plain",
    "Partial Mode": "Finalize",
    "Parallel Aware": false,
    "Startup Cost": 529068.15,
    "Total Cost": 529068.16,
    "Plan Rows": 1,
    "Plan Width": 8,
    "Actual Startup Time": 9318.216,
    "Actual Total Time": 9400.097,
    "Actual Rows": 1,
    "Actual Loops": 1,
    "Plans": [
      {
        "Node Type": "Gather",
        "Parent Relationship": "Outer",
        "Parallel Aware": false,
        "Startup Cost": 529068.04,
        "Total Cost": 529068.15,
        "Plan Rows": 1,
        "Plan Width": 8,
        "Actual Startup Time": 9305.404,
        "Actual Total Time": 9400.089,
        "Actual Rows": 2,
        "Actual Loops": 1,
        "Workers Planned": 1,
        "Workers Launched": 1,
        "Single Copy": false,
        "Plans": [
          {
            "Node Type": "Aggregate",
            "Strategy": "Plain",
            "Partial Mode": "Partial",
            "Parent Relationship": "Outer",
            "Parallel Aware": false,
            "Startup Cost": 528068.04,
            "Total Cost": 528068.05,
            "Plan Rows": 1,
            "Plan Width": 8,
            "Actual Startup Time": 9275.86,
            "Actual Total Time": 9275.866,
            "Actual Rows": 1,
            "Actual Loops": 2,
            "Plans": [
              {
                "Node Type": "Hash Join",
                "Parent Relationship": "Outer",
                "Parallel Aware": true,
                "Join Type": "Inner",
                "Startup Cost": 428357.53,
                "Total Cost": 518465.61,
                "Plan Rows": 3840973,
                "Plan Width": 0,
                "Actual Startup Time": 4531.63,
                "Actual Total Time": 7569.357,
                "Actual Rows": 41002063,
                "Actual Loops": 2,
                "Inner Unique": false,
                "Hash Cond": "(mk.movie_id = t.id)",
                "Plans": [
                  {
                    "Node Type": "Seq Scan",
                    "Parent Relationship": "Outer",
                    "Parallel Aware": true,
                    "Relation Name": "movie_keyword",
                    "Alias": "mk",
                    "Startup Cost": 0.0,
                    "Total Cost": 57718.19,
                    "Plan Rows": 979591,
                    "Plan Width": 4,
                    "Actual Startup Time": 0.814,
                    "Actual Total Time": 174.781,
                    "Actual Rows": 834922,
                    "Actual Loops": 2,
                    "Filter": "(keyword_id > 8716)",
                    "Rows Removed by Filter": 1427044
                  },
                  {
                    "Node Type": "Hash",
                    "Parent Relationship": "Inner",
                    "Parallel Aware": true,
                    "Startup Cost": 355464.65,
                    "Total Cost": 355464.65,
                    "Plan Rows": 5831431,
                    "Plan Width": 8,
                    "Actual Startup Time": 4475.924,
                    "Actual Total Time": 4475.928,
                    "Actual Rows": 4955877,
                    "Actual Loops": 2,
                    "Hash Buckets": 16777216,
                    "Original Hash Buckets": 16777216,
                    "Hash Batches": 1,
                    "Original Hash Batches": 1,
                    "Peak Memory Usage": 518848,
                    "Plans": [
                      {
                        "Node Type": "Hash Join",
                        "Parent Relationship": "Outer",
                        "Parallel Aware": true,
                        "Join Type": "Inner",
                        "Startup Cost": 69460.7,
                        "Total Cost": 355464.65,
                        "Plan Rows": 5831431,
                        "Plan Width": 8,
                        "Actual Startup Time": 622.216,
                        "Actual Total Time": 3065.769,
                        "Actual Rows": 4955877,
                        "Actual Loops": 2,
                        "Inner Unique": true,
                        "Hash Cond": "(mi.movie_id = t.id)",
                        "Plans": [
                          {
                            "Node Type": "Seq Scan",
                            "Parent Relationship": "Outer",
                            "Parallel Aware": true,
                            "Relation Name": "movie_info",
                            "Alias": "mi",
                            "Startup Cost": 0.0,
                            "Total Cost": 270696.42,
                            "Plan Rows": 5831431,
                            "Plan Width": 4,
                            "Actual Startup Time": 38.839,
                            "Actual Total Time": 830.825,
                            "Actual Rows": 4955877,
                            "Actual Loops": 2,
                            "Filter": "(info_type_id > 4)",
                            "Rows Removed by Filter": 2461983
                          },
                          {
                            "Node Type": "Hash",
                            "Parent Relationship": "Inner",
                            "Parallel Aware": true,
                            "Startup Cost": 50870.31,
                            "Total Cost": 50870.31,
                            "Plan Rows": 1487231,
                            "Plan Width": 4,
                            "Actual Startup Time": 572.623,
                            "Actual Total Time": 572.624,
                            "Actual Rows": 1264156,
                            "Actual Loops": 2,
                            "Hash Buckets": 4194304,
                            "Original Hash Buckets": 4194304,
                            "Hash Batches": 1,
                            "Original Hash Batches": 1,
                            "Peak Memory Usage": 131712,
                            "Plans": [
                              {
                                "Node Type": "Seq Scan",
                                "Parent Relationship": "Outer",
                                "Parallel Aware": true,
                                "Relation Name": "title",
                                "Alias": "t",
                                "Startup Cost": 0.0,
                                "Total Cost": 50870.31,
                                "Plan Rows": 1487231,
                                "Plan Width": 4,
                                "Actual Startup Time": 0.038,
                                "Actual Total Time": 180.076,
                                "Actual Rows": 1264156,
                                "Actual Loops": 2
                              }
                            ]
                          }
                        ]
                      }
                    ]
                  }
                ]
              }
            ]
          }
        ]
      }
    ]
  },
  "Planning Time": 1.095,
  "Triggers": [],
  "Execution Time": 9400.183
}