[
  {
    "Plan": {
      "Node Type": "Aggregate",
      "Strategy": "Plain",
      "Partial Mode": "Finalize",
      "Parallel Aware": false,
      "Startup Cost": 83189.03,
      "Total Cost": 83189.04,
      "Plan Rows": 1,
      "Plan Width": 8,
      "Actual Startup Time": 395.297,
      "Actual Total Time": 411.596,
      "Actual Rows": 1,
      "Actual Loops": 1,
      "Plans": [
        {
          "Node Type": "Gather",
          "Parent Relationship": "Outer",
          "Parallel Aware": false,
          "Startup Cost": 83188.71,
          "Total Cost": 83189.02,
          "Plan Rows": 3,
          "Plan Width": 8,
          "Actual Startup Time": 390.762,
          "Actual Total Time": 411.585,
          "Actual Rows": 4,
          "Actual Loops": 1,
          "Workers Planned": 3,
          "Workers Launched": 3,
          "Single Copy": false,
          "Plans": [
            {
              "Node Type": "Aggregate",
              "Strategy": "Plain",
              "Partial Mode": "Partial",
              "Parent Relationship": "Outer",
              "Parallel Aware": false,
              "Startup Cost": 82188.71,
              "Total Cost": 82188.72,
              "Plan Rows": 1,
              "Plan Width": 8,
              "Actual Startup Time": 378.489,
              "Actual Total Time": 378.492,
              "Actual Rows": 1,
              "Actual Loops": 4,
              "Plans": [
                {
                  "Node Type": "Hash Join",
                  "Parent Relationship": "Outer",
                  "Parallel Aware": true,
                  "Join Type": "Inner",
                  "Startup Cost": 49766.11,
                  "Total Cost": 81845.36,
                  "Plan Rows": 137341,
                  "Plan Width": 0,
                  "Actual Startup Time": 271.319,
                  "Actual Total Time": 377.159,
                  "Actual Rows": 27082,
                  "Actual Loops": 4,
                  "Inner Unique": true,
                  "Hash Cond": "(mc.movie_id = t.id)",
                  "Plans": [
                    {
                      "Node Type": "Seq Scan",
                      "Parent Relationship": "Outer",
                      "Parallel Aware": true,
                      "Relation Name": "movie_companies",
                      "Alias": "mc",
                      "Startup Cost": 0.0,
                      "Total Cost": 31414.82,
                      "Plan Rows": 253117,
                      "Plan Width": 4,
                      "Actual Startup Time": 2.718,
                      "Actual Total Time": 67.139,
                      "Actual Rows": 142096,
                      "Actual Loops": 4,
                      "Filter": "((company_id > 5129) AND (company_type_id < 2))",
                      "Rows Removed by Filter": 510186
                    },
                    {
                      "Node Type": "Hash",
                      "Parent Relationship": "Inner",
                      "Parallel Aware": true,
                      "Startup Cost": 45479.1,
                      "Total Cost": 45479.1,
                      "Plan Rows": 342961,
                      "Plan Width": 4,
                      "Actual Startup Time": 260.709,
                      "Actual Total Time": 260.709,
                      "Actual Rows": 373234,
                      "Actual Loops": 4,
                      "Hash Buckets": 2097152,
                      "Original Hash Buckets": 2097152,
                      "Hash Batches": 1,
                      "Original Hash Batches": 1,
                      "Peak Memory Usage": 74816,
                      "Plans": [
                        {
                          "Node Type": "Seq Scan",
                          "Parent Relationship": "Outer",
                          "Parallel Aware": true,
                          "Relation Name": "title",
                          "Alias": "t",
                          "Startup Cost": 0.0,
                          "Total Cost": 45479.1,
                          "Plan Rows": 342961,
                          "Plan Width": 4,
                          "Actual Startup Time": 0.045,
                          "Actual Total Time": 115.686,
                          "Actual Rows": 373234,
                          "Actual Loops": 4,
                          "Filter": "((kind_id > 1) AND (production_year > 1985))",
                          "Rows Removed by Filter": 258844
                        }
                      ]
                    }
                  ]
                }
              ]
            }
          ]
        }
      ]
    },
    "Planning Time": 0.667,
    "Triggers": [],
    "Execution Time": 411.667
  }
]