{
  "Plan": {
    "Node Type": "Aggregate",
    "Strategy": "Plain",
    "Partial Mode": "Finalize",
    "Parallel Aware": false,
    "Startup Cost": 105492.83,
    "Total Cost": 105492.84,
    "Plan Rows": 1,
    "Plan Width": 8,
    "Actual Startup Time": 304.638,
    "Actual Total Time": 323.324,
    "Actual Rows": 1,
    "Actual Loops": 1,
    "Plans": [
      {
        "Node Type": "Gather",
        "Parent Relationship": "Outer",
        "Parallel Aware": false,
        "Startup Cost": 105492.72,
        "Total Cost": 105492.83,
        "Plan Rows": 1,
        "Plan Width": 8,
        "Actual Startup Time": 304.464,
        "Actual Total Time": 323.316,
        "Actual Rows": 2,
        "Actual Loops": 1,
        "Workers Planned": 1,
        "Workers Launched": 1,
        "Single Copy": false,
        "Plans": [
          {
            "Node Type": "Aggregate",
            "Strategy": "Plain",
            "Partial Mode": "Partial",
            "Parent Relationship": "Outer",
            "Parallel Aware": false,
            "Startup Cost": 104492.72,
            "Total Cost": 104492.73,
            "Plan Rows": 1,
            "Plan Width": 8,
            "Actual Startup Time": 298.365,
            "Actual Total Time": 298.369,
            "Actual Rows": 1,
            "Actual Loops": 2,
            "Plans": [
              {
                "Node Type": "Nested Loop",
                "Parent Relationship": "Outer",
                "Parallel Aware": false,
                "Join Type": "Inner",
                "Startup Cost": 58370.57,
                "Total Cost": 104454.9,
                "Plan Rows": 15127,
                "Plan Width": 0,
                "Actual Startup Time": 141.081,
                "Actual Total Time": 297.863,
                "Actual Rows": 10362,
                "Actual Loops": 2,
                "Inner Unique": false,
                "Join Filter": "(t.id = mi.movie_id)",
                "Rows Removed by Join Filter": 0,
                "Plans": [
                  {
                    "Node Type": "Hash Join",
                    "Parent Relationship": "Outer",
                    "Parallel Aware": true,
                    "Join Type": "Inner",
                    "Startup Cost": 58370.13,
                    "Total Cost": 98328.15,
                    "Plan Rows": 2587,
                    "Plan Width": 8,
                    "Actual Startup Time": 140.993,
                    "Actual Total Time": 286.109,
                    "Actual Rows": 1344,
                    "Actual Loops": 2,
                    "Inner Unique": true,
                    "Hash Cond": "(mc.movie_id = t.id)",
                    "Plans": [
                      {
                        "Node Type": "Seq Scan",
                        "Parent Relationship": "Outer",
                        "Parallel Aware": true,
                        "Relation Name": "movie_companies",
                        "Alias": "mc",
                        "Startup Cost": 0.0,
                        "Total Cost": 37974.77,
                        "Plan Rows": 755522,
                        "Plan Width": 4,
                        "Actual Startup Time": 0.018,
                        "Actual Total Time": 105.255,
                        "Actual Rows": 637123,
                        "Actual Loops": 2,
                        "Filter": "(company_type_id = 1)",
                        "Rows Removed by Filter": 667442
                      },
                      {
                        "Node Type": "Hash",
                        "Parent Relationship": "Inner",
                        "Parallel Aware": true,
                        "Startup Cost": 58306.47,
                        "Total Cost": 58306.47,
                        "Plan Rows": 5093,
                        "Plan Width": 4,
                        "Actual Startup Time": 139.05,
                        "Actual Total Time": 139.051,
                        "Actual Rows": 3903,
                        "Actual Loops": 2,
                        "Hash Buckets": 16384,
                        "Original Hash Buckets": 16384,
                        "Hash Batches": 1,
                        "Original Hash Batches": 1,
                        "Peak Memory Usage": 448,
                        "Plans": [
                          {
                            "Node Type": "Seq Scan",
                            "Parent Relationship": "Outer",
                            "Parallel Aware": true,
                            "Relation Name": "title",
                            "Alias": "t",
                            "Startup Cost": 0.0,
                            "Total Cost": 58306.47,
                            "Plan Rows": 5093,
                            "Plan Width": 4,
                            "Actual Startup Time": 0.087,
                            "Actual Total Time": 137.375,
                            "Actual Rows": 3903,
                            "Actual Loops": 2,
                            "Filter": "((kind_id = 7) AND (production_year = 1981))",
                            "Rows Removed by Filter": 1260253
                          }
                        ]
                      }
                    ]
                  },
                  {
                    "Node Type": "Index Only Scan",
                    "Parent Relationship": "Inner",
                    "Parallel Aware": false,
                    "Scan Direction": "Forward",
                    "Index Name": "movie_id_movie_info",
                    "Relation Name": "movie_info",
                    "Alias": "mi",
                    "Startup Cost": 0.43,
                    "Total Cost": 1.84,
                    "Plan Rows": 42,
                    "Plan Width": 4,
                    "Actual Startup Time": 0.003,
                    "Actual Total Time": 0.008,
                    "Actual Rows": 8,
                    "Actual Loops": 2688,
                    "Index Cond": "(movie_id = mc.movie_id)",
                    "Rows Removed by Index Recheck": 0,
                    "Heap Fetches": 20725
                  }
                ]
              }
            ]
          }
        ]
      }
    ]
  },
  "Planning Time": 0.967,
  "Triggers": [],
  "Execution Time": 323.41
}