[
  {
    "Plan": {
      "Node Type": "Aggregate",
      "Strategy": "Plain",
      "Partial Mode": "Finalize",
      "Parallel Aware": false,
      "Startup Cost": 627469.16,
      "Total Cost": 627469.17,
      "Plan Rows": 1,
      "Plan Width": 8,
      "Actual Startup Time": 4594.55,
      "Actual Total Time": 4686.14,
      "Actual Rows": 1,
      "Actual Loops": 1,
      "Plans": [
        {
          "Node Type": "Gather",
          "Parent Relationship": "Outer",
          "Parallel Aware": false,
          "Startup Cost": 627468.54,
          "Total Cost": 627469.15,
          "Plan Rows": 6,
          "Plan Width": 8,
          "Actual Startup Time": 4548.979,
          "Actual Total Time": 4686.117,
          "Actual Rows": 7,
          "Actual Loops": 1,
          "Workers Planned": 6,
          "Workers Launched": 6,
          "Single Copy": false,
          "Plans": [
            {
              "Node Type": "Aggregate",
              "Strategy": "Plain",
              "Partial Mode": "Partial",
              "Parent Relationship": "Outer",
              "Parallel Aware": false,
              "Startup Cost": 626468.54,
              "Total Cost": 626468.55,
              "Plan Rows": 1,
              "Plan Width": 8,
              "Actual Startup Time": 4518.982,
              "Actual Total Time": 4520.017,
              "Actual Rows": 1,
              "Actual Loops": 7,
              "Plans": [
                {
                  "Node Type": "Hash Join",
                  "Parent Relationship": "Outer",
                  "Parallel Aware": true,
                  "Join Type": "Inner",
                  "Startup Cost": 267763.64,
                  "Total Cost": 613832.12,
                  "Plan Rows": 5054566,
                  "Plan Width": 0,
                  "Actual Startup Time": 1203.814,
                  "Actual Total Time": 3951.905,
                  "Actual Rows": 13146967,
                  "Actual Loops": 7,
                  "Inner Unique": false,
                  "Hash Cond": "(ci.movie_id = t.id)",
                  "Plans": [
                    {
                      "Node Type": "Seq Scan",
                      "Parent Relationship": "Outer",
                      "Parallel Aware": true,
                      "Relation Name": "cast_info",
                      "Alias": "ci",
                      "Startup Cost": 0.0,
                      "Total Cost": 328162.03,
                      "Plan Rows": 2079287,
                      "Plan Width": 4,
                      "Actual Startup Time": 0.023,
                      "Actual Total Time": 643.69,
                      "Actual Rows": 1810098,
                      "Actual Loops": 7,
                      "Filter": "(role_id < 2)",
                      "Rows Removed by Filter": 3367665
                    },
                    {
                      "Node Type": "Hash",
                      "Parent Relationship": "Inner",
                      "Parallel Aware": true,
                      "Startup Cost": 252398.49,
                      "Total Cost": 252398.49,
                      "Plan Rows": 1229212,
                      "Plan Width": 8,
                      "Actual Startup Time": 1193.894,
                      "Actual Total Time": 1194.926,
                      "Actual Rows": 869061,
                      "Actual Loops": 7,
                      "Hash Buckets": 8388608,
                      "Original Hash Buckets": 8388608,
                      "Hash Batches": 1,
                      "Original Hash Batches": 1,
                      "Peak Memory Usage": 303616,
                      "Plans": [
                        {
                          "Node Type": "Hash Join",
                          "Parent Relationship": "Outer",
                          "Parallel Aware": true,
                          "Join Type": "Inner",
                          "Startup Cost": 50219.64,
                          "Total Cost": 252398.49,
                          "Plan Rows": 1229212,
                          "Plan Width": 8,
                          "Actual Startup Time": 252.544,
                          "Actual Total Time": 857.952,
                          "Actual Rows": 869061,
                          "Actual Loops": 7,
                          "Inner Unique": true,
                          "Hash Cond": "(mi.movie_id = t.id)",
                          "Plans": [
                            {
                              "Node Type": "Seq Scan",
                              "Parent Relationship": "Outer",
                              "Parallel Aware": true,
                              "Relation Name": "movie_info",
                              "Alias": "mi",
                              "Startup Cost": 0.0,
                              "Total Cost": 198952.16,
                              "Plan Rows": 1229212,
                              "Plan Width": 4,
                              "Actual Startup Time": 15.351,
                              "Actual Total Time": 312.769,
                              "Actual Rows": 869061,
                              "Actual Loops": 7,
                              "Filter": "(info_type_id > 9)",
                              "Rows Removed by Filter": 1250327
                            },
                            {
                              "Node Type": "Hash",
                              "Parent Relationship": "Inner",
                              "Parallel Aware": true,
                              "Startup Cost": 42318.73,
                              "Total Cost": 42318.73,
                              "Plan Rows": 632073,
                              "Plan Width": 4,
                              "Actual Startup Time": 234.044,
                              "Actual Total Time": 234.046,
                              "Actual Rows": 361187,
                              "Actual Loops": 7,
                              "Hash Buckets": 4194304,
                              "Original Hash Buckets": 4194304,
                              "Hash Batches": 1,
                              "Original Hash Batches": 1,
                              "Peak Memory Usage": 131808,
                              "Plans": [
                                {
                                  "Node Type": "Seq Scan",
                                  "Parent Relationship": "Outer",
                                  "Parallel Aware": true,
                                  "Relation Name": "title",
                                  "Alias": "t",
                                  "Startup Cost": 0.0,
                                  "Total Cost": 42318.73,
                                  "Plan Rows": 632073,
                                  "Plan Width": 4,
                                  "Actual Startup Time": 0.039,
                                  "Actual Total Time": 73.01,
                                  "Actual Rows": 361187,
                                  "Actual Loops": 7
                                }
                              ]
                            }
                          ]
                        }
                      ]
                    }
                  ]
                }
              ]
            }
          ]
        }
      ]
    },
    "Planning Time": 1.309,
    "Triggers": [],
    "Execution Time": 4686.239
  }
]