[
  {
    "Plan": {
      "Node Type": "Aggregate",
      "Strategy": "Plain",
      "Partial Mode": "Finalize",
      "Parallel Aware": false,
      "Startup Cost": 407262.0,
      "Total Cost": 407262.01,
      "Plan Rows": 1,
      "Plan Width": 8,
      "Actual Startup Time": 2059.807,
      "Actual Total Time": 2121.208,
      "Actual Rows": 1,
      "Actual Loops": 1,
      "Plans": [
        {
          "Node Type": "Gather",
          "Parent Relationship": "Outer",
          "Parallel Aware": false,
          "Startup Cost": 407261.38,
          "Total Cost": 407261.99,
          "Plan Rows": 6,
          "Plan Width": 8,
          "Actual Startup Time": 2050.996,
          "Actual Total Time": 2121.199,
          "Actual Rows": 7,
          "Actual Loops": 1,
          "Workers Planned": 6,
          "Workers Launched": 6,
          "Single Copy": false,
          "Plans": [
            {
              "Node Type": "Aggregate",
              "Strategy": "Plain",
              "Partial Mode": "Partial",
              "Parent Relationship": "Outer",
              "Parallel Aware": false,
              "Startup Cost": 406261.38,
              "Total Cost": 406261.39,
              "Plan Rows": 1,
              "Plan Width": 8,
              "Actual Startup Time": 2033.871,
              "Actual Total Time": 2033.874,
              "Actual Rows": 1,
              "Actual Loops": 7,
              "Plans": [
                {
                  "Node Type": "Hash Join",
                  "Parent Relationship": "Outer",
                  "Parallel Aware": true,
                  "Join Type": "Inner",
                  "Startup Cost": 50715.46,
                  "Total Cost": 401506.17,
                  "Plan Rows": 1902082,
                  "Plan Width": 0,
                  "Actual Startup Time": 401.762,
                  "Actual Total Time": 1950.141,
                  "Actual Rows": 1991921,
                  "Actual Loops": 7,
                  "Inner Unique": true,
                  "Hash Cond": "(ci.movie_id = t.id)",
                  "Plans": [
                    {
                      "Node Type": "Seq Scan",
                      "Parent Relationship": "Outer",
                      "Parallel Aware": true,
                      "Relation Name": "cast_info",
                      "Alias": "ci",
                      "Startup Cost": 0.0,
                      "Total Cost": 343257.03,
                      "Plan Rows": 2869969,
                      "Plan Width": 4,
                      "Actual Startup Time": 199.019,
                      "Actual Total Time": 673.368,
                      "Actual Rows": 2965990,
                      "Actual Loops": 7,
                      "Filter": "((person_id > 986134) AND (role_id > 1))",
                      "Rows Removed by Filter": 2211773
                    },
                    {
                      "Node Type": "Hash",
                      "Parent Relationship": "Inner",
                      "Parallel Aware": true,
                      "Startup Cost": 45479.1,
                      "Total Cost": 45479.1,
                      "Plan Rows": 418909,
                      "Plan Width": 4,
                      "Actual Startup Time": 197.622,
                      "Actual Total Time": 197.623,
                      "Actual Rows": 238034,
                      "Actual Loops": 7,
                      "Hash Buckets": 2097152,
                      "Original Hash Buckets": 2097152,
                      "Hash Batches": 1,
                      "Original Hash Batches": 1,
                      "Peak Memory Usage": 81664,
                      "Plans": [
                        {
                          "Node Type": "Seq Scan",
                          "Parent Relationship": "Outer",
                          "Parallel Aware": true,
                          "Relation Name": "title",
                          "Alias": "t",
                          "Startup Cost": 0.0,
                          "Total Cost": 45479.1,
                          "Plan Rows": 418909,
                          "Plan Width": 4,
                          "Actual Startup Time": 0.044,
                          "Actual Total Time": 79.537,
                          "Actual Rows": 238034,
                          "Actual Loops": 7,
                          "Filter": "((kind_id > 2) AND (production_year < 2013))",
                          "Rows Removed by Filter": 123153
                        }
                      ]
                    }
                  ]
                }
              ]
            }
          ]
        }
      ]
    },
    "Planning Time": 0.651,
    "Triggers": [],
    "Execution Time": 2121.301
  }
]