[
  {
    "Plan": {
      "Node Type": "Aggregate",
      "Strategy": "Plain",
      "Partial Mode": "Finalize",
      "Parallel Aware": false,
      "Startup Cost": 46672.28,
      "Total Cost": 46672.29,
      "Plan Rows": 1,
      "Plan Width": 8,
      "Actual Startup Time": 159.718,
      "Actual Total Time": 168.016,
      "Actual Rows": 1,
      "Actual Loops": 1,
      "Plans": [
        {
          "Node Type": "Gather",
          "Parent Relationship": "Outer",
          "Parallel Aware": false,
          "Startup Cost": 46671.96,
          "Total Cost": 46672.27,
          "Plan Rows": 3,
          "Plan Width": 8,
          "Actual Startup Time": 159.587,
          "Actual Total Time": 168.009,
          "Actual Rows": 4,
          "Actual Loops": 1,
          "Workers Planned": 3,
          "Workers Launched": 3,
          "Single Copy": false,
          "Plans": [
            {
              "Node Type": "Aggregate",
              "Strategy": "Plain",
              "Partial Mode": "Partial",
              "Parent Relationship": "Outer",
              "Parallel Aware": false,
              "Startup Cost": 45671.96,
              "Total Cost": 45671.97,
              "Plan Rows": 1,
              "Plan Width": 8,
              "Actual Startup Time": 154.385,
              "Actual Total Time": 154.386,
              "Actual Rows": 1,
              "Actual Loops": 4,
              "Plans": [
                {
                  "Node Type": "Seq Scan",
                  "Parent Relationship": "Outer",
                  "Parallel Aware": true,
                  "Relation Name": "movie_keyword",
                  "Alias": "mk",
                  "Startup Cost": 0.0,
                  "Total Cost": 42695.65,
                  "Plan Rows": 1190524,
                  "Plan Width": 0,
                  "Actual Startup Time": 0.04,
                  "Actual Total Time": 113.875,
                  "Actual Rows": 926708,
                  "Actual Loops": 4,
                  "Filter": "(keyword_id < 22404)",
                  "Rows Removed by Filter": 204275
                }
              ]
            }
          ]
        }
      ]
    },
    "Planning Time": 0.114,
    "Triggers": [],
    "Execution Time": 168.052
  }
]