{
  "Plan": {
    "Node Type": "Aggregate",
    "Strategy": "Plain",
    "Partial Mode": "Finalize",
    "Parallel Aware": false,
    "Startup Cost": 763718.58,
    "Total Cost": 763718.59,
    "Plan Rows": 1,
    "Plan Width": 8,
    "Actual Startup Time": 3916.884,
    "Actual Total Time": 3986.6,
    "Actual Rows": 1,
    "Actual Loops": 1,
    "Plans": [
      {
        "Node Type": "Gather",
        "Parent Relationship": "Outer",
        "Parallel Aware": false,
        "Startup Cost": 763718.47,
        "Total Cost": 763718.58,
        "Plan Rows": 1,
        "Plan Width": 8,
        "Actual Startup Time": 3915.216,
        "Actual Total Time": 3986.588,
        "Actual Rows": 2,
        "Actual Loops": 1,
        "Workers Planned": 1,
        "Workers Launched": 1,
        "Single Copy": false,
        "Plans": [
          {
            "Node Type": "Aggregate",
            "Strategy": "Plain",
            "Partial Mode": "Partial",
            "Parent Relationship": "Outer",
            "Parallel Aware": false,
            "Startup Cost": 762718.47,
            "Total Cost": 762718.48,
            "Plan Rows": 1,
            "Plan Width": 8,
            "Actual Startup Time": 3909.117,
            "Actual Total Time": 3909.29,
            "Actual Rows": 1,
            "Actual Loops": 2,
            "Plans": [
              {
                "Node Type": "Hash Join",
                "Parent Relationship": "Outer",
                "Parallel Aware": true,
                "Join Type": "Inner",
                "Startup Cost": 445456.72,
                "Total Cost": 758556.66,
                "Plan Rows": 1664724,
                "Plan Width": 0,
                "Actual Startup Time": 1950.095,
                "Actual Total Time": 3814.295,
                "Actual Rows": 2468972,
                "Actual Loops": 2,
                "Inner Unique": false,
                "Hash Cond": "(mi.movie_id = t.id)",
                "Plans": [
                  {
                    "Node Type": "Seq Scan",
                    "Parent Relationship": "Outer",
                    "Parallel Aware": true,
                    "Relation Name": "movie_info",
                    "Alias": "mi",
                    "Startup Cost": 0.0,
                    "Total Cost": 248955.74,
                    "Plan Rows": 8696274,
                    "Plan Width": 4,
                    "Actual Startup Time": 0.017,
                    "Actual Total Time": 615.446,
                    "Actual Rows": 7417860,
                    "Actual Loops": 2
                  },
                  {
                    "Node Type": "Hash",
                    "Parent Relationship": "Inner",
                    "Parallel Aware": true,
                    "Startup Cost": 441897.97,
                    "Total Cost": 441897.97,
                    "Plan Rows": 284700,
                    "Plan Width": 8,
                    "Actual Startup Time": 1913.556,
                    "Actual Total Time": 1913.726,
                    "Actual Rows": 248049,
                    "Actual Loops": 2,
                    "Hash Buckets": 524288,
                    "Original Hash Buckets": 524288,
                    "Hash Batches": 1,
                    "Original Hash Batches": 1,
                    "Peak Memory Usage": 23520,
                    "Plans": [
                      {
                        "Node Type": "Hash Join",
                        "Parent Relationship": "Outer",
                        "Parallel Aware": true,
                        "Join Type": "Inner",
                        "Startup Cost": 40003.47,
                        "Total Cost": 441897.97,
                        "Plan Rows": 284700,
                        "Plan Width": 8,
                        "Actual Startup Time": 71.156,
                        "Actual Total Time": 1844.579,
                        "Actual Rows": 248049,
                        "Actual Loops": 2,
                        "Inner Unique": true,
                        "Hash Cond": "(ci.movie_id = t.id)",
                        "Plans": [
                          {
                            "Node Type": "Index Scan",
                            "Parent Relationship": "Outer",
                            "Parallel Aware": true,
                            "Scan Direction": "Forward",
                            "Index Name": "role_id_cast_info",
                            "Relation Name": "cast_info",
                            "Alias": "ci",
                            "Startup Cost": 0.56,
                            "Total Cost": 382631.05,
                            "Plan Rows": 7338659,
                            "Plan Width": 4,
                            "Actual Startup Time": 0.037,
                            "Actual Total Time": 892.419,
                            "Actual Rows": 6335344,
                            "Actual Loops": 2,
                            "Index Cond": "(role_id < 2)",
                            "Rows Removed by Index Recheck": 0
                          },
                          {
                            "Node Type": "Hash",
                            "Parent Relationship": "Inner",
                            "Parallel Aware": true,
                            "Startup Cost": 39281.7,
                            "Total Cost": 39281.7,
                            "Plan Rows": 57696,
                            "Plan Width": 4,
                            "Actual Startup Time": 70.196,
                            "Actual Total Time": 70.198,
                            "Actual Rows": 58945,
                            "Actual Loops": 2,
                            "Hash Buckets": 131072,
                            "Original Hash Buckets": 131072,
                            "Hash Batches": 1,
                            "Original Hash Batches": 1,
                            "Peak Memory Usage": 5664,
                            "Plans": [
                              {
                                "Node Type": "Bitmap Heap Scan",
                                "Parent Relationship": "Outer",
                                "Parallel Aware": true,
                                "Relation Name": "title",
                                "Alias": "t",
                                "Startup Cost": 2205.46,
                                "Total Cost": 39281.7,
                                "Plan Rows": 57696,
                                "Plan Width": 4,
                                "Actual Startup Time": 17.779,
                                "Actual Total Time": 56.873,
                                "Actual Rows": 58945,
                                "Actual Loops": 2,
                                "Recheck Cond": "(kind_id = 4)",
                                "Rows Removed by Index Recheck": 0,
                                "Filter": "(production_year > 1974)",
                                "Rows Removed by Filter": 172,
                                "Exact Heap Blocks": 9654,
                                "Lossy Heap Blocks": 0,
                                "Plans": [
                                  {
                                    "Node Type": "Bitmap Index Scan",
                                    "Parent Relationship": "Outer",
                                    "Parallel Aware": false,
                                    "Index Name": "kind_id_title",
                                    "Startup Cost": 0.0,
                                    "Total Cost": 2180.94,
                                    "Plan Rows": 122201,
                                    "Plan Width": 0,
                                    "Actual Startup Time": 14.008,
                                    "Actual Total Time": 14.009,
                                    "Actual Rows": 118234,
                                    "Actual Loops": 1,
                                    "Index Cond": "(kind_id = 4)"
                                  }
                                ]
                              }
                            ]
                          }
                        ]
                      }
                    ]
                  }
                ]
              }
            ]
          }
        ]
      }
    ]
  },
  "Planning Time": 0.965,
  "Triggers": [],
  "Execution Time": 3986.728
}