{
  "Plan": {
    "Node Type": "Aggregate",
    "Strategy": "Plain",
    "Partial Mode": "Finalize",
    "Parallel Aware": false,
    "Startup Cost": 71441.31,
    "Total Cost": 71441.32,
    "Plan Rows": 1,
    "Plan Width": 8,
    "Actual Startup Time": 64.534,
    "Actual Total Time": 69.132,
    "Actual Rows": 1,
    "Actual Loops": 1,
    "Plans": [
      {
        "Node Type": "Gather",
        "Parent Relationship": "Outer",
        "Parallel Aware": false,
        "Startup Cost": 71441.19,
        "Total Cost": 71441.3,
        "Plan Rows": 1,
        "Plan Width": 8,
        "Actual Startup Time": 64.306,
        "Actual Total Time": 69.126,
        "Actual Rows": 2,
        "Actual Loops": 1,
        "Workers Planned": 1,
        "Workers Launched": 1,
        "Single Copy": false,
        "Plans": [
          {
            "Node Type": "Aggregate",
            "Strategy": "Plain",
            "Partial Mode": "Partial",
            "Parent Relationship": "Outer",
            "Parallel Aware": false,
            "Startup Cost": 70441.19,
            "Total Cost": 70441.2,
            "Plan Rows": 1,
            "Plan Width": 8,
            "Actual Startup Time": 58.134,
            "Actual Total Time": 58.136,
            "Actual Rows": 1,
            "Actual Loops": 2,
            "Plans": [
              {
                "Node Type": "Nested Loop",
                "Parent Relationship": "Outer",
                "Parallel Aware": false,
                "Join Type": "Inner",
                "Startup Cost": 2181.59,
                "Total Cost": 70434.7,
                "Plan Rows": 2598,
                "Plan Width": 0,
                "Actual Startup Time": 47.885,
                "Actual Total Time": 58.13,
                "Actual Rows": 0,
                "Actual Loops": 2,
                "Inner Unique": false,
                "Plans": [
                  {
                    "Node Type": "Bitmap Heap Scan",
                    "Parent Relationship": "Outer",
                    "Parallel Aware": true,
                    "Relation Name": "title",
                    "Alias": "t",
                    "Startup Cost": 2181.03,
                    "Total Cost": 39257.27,
                    "Plan Rows": 208,
                    "Plan Width": 4,
                    "Actual Startup Time": 47.867,
                    "Actual Total Time": 58.112,
                    "Actual Rows": 0,
                    "Actual Loops": 2,
                    "Recheck Cond": "(kind_id = 4)",
                    "Rows Removed by Index Recheck": 0,
                    "Filter": "(production_year = 1954)",
                    "Rows Removed by Filter": 59116,
                    "Exact Heap Blocks": 10780,
                    "Lossy Heap Blocks": 0,
                    "Plans": [
                      {
                        "Node Type": "Bitmap Index Scan",
                        "Parent Relationship": "Outer",
                        "Parallel Aware": false,
                        "Index Name": "kind_id_title",
                        "Startup Cost": 0.0,
                        "Total Cost": 2180.94,
                        "Plan Rows": 122201,
                        "Plan Width": 0,
                        "Actual Startup Time": 18.883,
                        "Actual Total Time": 18.884,
                        "Actual Rows": 118234,
                        "Actual Loops": 1,
                        "Index Cond": "(kind_id = 4)"
                      }
                    ]
                  },
                  {
                    "Node Type": "Index Scan",
                    "Parent Relationship": "Inner",
                    "Parallel Aware": false,
                    "Scan Direction": "Forward",
                    "Index Name": "movie_id_cast_info",
                    "Relation Name": "cast_info",
                    "Alias": "ci",
                    "Startup Cost": 0.56,
                    "Total Cost": 149.57,
                    "Plan Rows": 32,
                    "Plan Width": 4,
                    "Actual Startup Time": 0.029,
                    "Actual Total Time": 0.03,
                    "Actual Rows": 1,
                    "Actual Loops": 1,
                    "Index Cond": "(movie_id = t.id)",
                    "Rows Removed by Index Recheck": 0,
                    "Filter": "(role_id < 10)",
                    "Rows Removed by Filter": 0
                  }
                ]
              }
            ]
          }
        ]
      }
    ]
  },
  "Planning Time": 0.51,
  "Triggers": [],
  "Execution Time": 69.375
}