[
  {
    "Plan": {
      "Node Type": "Aggregate",
      "Strategy": "Plain",
      "Partial Mode": "Finalize",
      "Parallel Aware": false,
      "Startup Cost": 335295.56,
      "Total Cost": 335295.57,
      "Plan Rows": 1,
      "Plan Width": 8,
      "Actual Startup Time": 750.962,
      "Actual Total Time": 809.769,
      "Actual Rows": 1,
      "Actual Loops": 1,
      "Plans": [
        {
          "Node Type": "Gather",
          "Parent Relationship": "Outer",
          "Parallel Aware": false,
          "Startup Cost": 335294.94,
          "Total Cost": 335295.55,
          "Plan Rows": 6,
          "Plan Width": 8,
          "Actual Startup Time": 750.827,
          "Actual Total Time": 809.759,
          "Actual Rows": 7,
          "Actual Loops": 1,
          "Workers Planned": 6,
          "Workers Launched": 6,
          "Single Copy": false,
          "Plans": [
            {
              "Node Type": "Aggregate",
              "Strategy": "Plain",
              "Partial Mode": "Partial",
              "Parent Relationship": "Outer",
              "Parallel Aware": false,
              "Startup Cost": 334294.94,
              "Total Cost": 334294.95,
              "Plan Rows": 1,
              "Plan Width": 8,
              "Actual Startup Time": 741.886,
              "Actual Total Time": 741.887,
              "Actual Rows": 1,
              "Actual Loops": 7,
              "Plans": [
                {
                  "Node Type": "Seq Scan",
                  "Parent Relationship": "Outer",
                  "Parallel Aware": true,
                  "Relation Name": "cast_info",
                  "Alias": "ci",
                  "Startup Cost": 0.0,
                  "Total Cost": 328162.03,
                  "Plan Rows": 2453165,
                  "Plan Width": 0,
                  "Actual Startup Time": 258.827,
                  "Actual Total Time": 638.606,
                  "Actual Rows": 2099132,
                  "Actual Loops": 7,
                  "Filter": "(person_id > 2185838)",
                  "Rows Removed by Filter": 3078631
                }
              ]
            }
          ]
        }
      ]
    },
    "Planning Time": 0.198,
    "Triggers": [],
    "Execution Time": 809.841
  }
]