{
  "Plan": {
    "Node Type": "Aggregate",
    "Strategy": "Plain",
    "Partial Mode": "Finalize",
    "Parallel Aware": false,
    "Startup Cost": 400893.75,
    "Total Cost": 400893.76,
    "Plan Rows": 1,
    "Plan Width": 8,
    "Actual Startup Time": 3314.232,
    "Actual Total Time": 3359.464,
    "Actual Rows": 1,
    "Actual Loops": 1,
    "Plans": [
      {
        "Node Type": "Gather",
        "Parent Relationship": "Outer",
        "Parallel Aware": false,
        "Startup Cost": 400893.63,
        "Total Cost": 400893.74,
        "Plan Rows": 1,
        "Plan Width": 8,
        "Actual Startup Time": 3311.553,
        "Actual Total Time": 3359.456,
        "Actual Rows": 2,
        "Actual Loops": 1,
        "Workers Planned": 1,
        "Workers Launched": 1,
        "Single Copy": false,
        "Plans": [
          {
            "Node Type": "Aggregate",
            "Strategy": "Plain",
            "Partial Mode": "Partial",
            "Parent Relationship": "Outer",
            "Parallel Aware": false,
            "Startup Cost": 399893.63,
            "Total Cost": 399893.64,
            "Plan Rows": 1,
            "Plan Width": 8,
            "Actual Startup Time": 3305.173,
            "Actual Total Time": 3305.18,
            "Actual Rows": 1,
            "Actual Loops": 2,
            "Plans": [
              {
                "Node Type": "Hash Join",
                "Parent Relationship": "Outer",
                "Parallel Aware": true,
                "Join Type": "Inner",
                "Startup Cost": 110268.92,
                "Total Cost": 397490.39,
                "Plan Rows": 961298,
                "Plan Width": 0,
                "Actual Startup Time": 656.354,
                "Actual Total Time": 2953.434,
                "Actual Rows": 7147496,
                "Actual Loops": 2,
                "Inner Unique": false,
                "Hash Cond": "(mi.movie_id = t.id)",
                "Plans": [
                  {
                    "Node Type": "Seq Scan",
                    "Parent Relationship": "Outer",
                    "Parallel Aware": true,
                    "Relation Name": "movie_info",
                    "Alias": "mi",
                    "Startup Cost": 0.0,
                    "Total Cost": 248955.74,
                    "Plan Rows": 8696274,
                    "Plan Width": 4,
                    "Actual Startup Time": 0.017,
                    "Actual Total Time": 679.961,
                    "Actual Rows": 7417860,
                    "Actual Loops": 2
                  },
                  {
                    "Node Type": "Hash",
                    "Parent Relationship": "Inner",
                    "Parallel Aware": true,
                    "Startup Cost": 108213.9,
                    "Total Cost": 108213.9,
                    "Plan Rows": 164401,
                    "Plan Width": 8,
                    "Actual Startup Time": 650.225,
                    "Actual Total Time": 650.23,
                    "Actual Rows": 192676,
                    "Actual Loops": 2,
                    "Hash Buckets": 524288,
                    "Original Hash Buckets": 524288,
                    "Hash Batches": 1,
                    "Original Hash Batches": 1,
                    "Peak Memory Usage": 19200,
                    "Plans": [
                      {
                        "Node Type": "Hash Join",
                        "Parent Relationship": "Outer",
                        "Parallel Aware": true,
                        "Join Type": "Inner",
                        "Startup Cost": 77232.54,
                        "Total Cost": 108213.9,
                        "Plan Rows": 164401,
                        "Plan Width": 8,
                        "Actual Startup Time": 394.485,
                        "Actual Total Time": 599.407,
                        "Actual Rows": 192676,
                        "Actual Loops": 2,
                        "Inner Unique": true,
                        "Hash Cond": "(mk.movie_id = t.id)",
                        "Plans": [
                          {
                            "Node Type": "Bitmap Heap Scan",
                            "Parent Relationship": "Outer",
                            "Parallel Aware": true,
                            "Relation Name": "movie_keyword",
                            "Alias": "mk",
                            "Startup Cost": 15562.25,
                            "Total Cost": 45410.77,
                            "Plan Rows": 431561,
                            "Plan Width": 4,
                            "Actual Startup Time": 64.536,
                            "Actual Total Time": 157.332,
                            "Actual Rows": 371283,
                            "Actual Loops": 2,
                            "Recheck Cond": "(keyword_id < 674)",
                            "Rows Removed by Index Recheck": 0,
                            "Exact Heap Blocks": 10882,
                            "Lossy Heap Blocks": 0,
                            "Plans": [
                              {
                                "Node Type": "Bitmap Index Scan",
                                "Parent Relationship": "Outer",
                                "Parallel Aware": false,
                                "Index Name": "keyword_id_movie_keyword",
                                "Startup Cost": 0.0,
                                "Total Cost": 15378.84,
                                "Plan Rows": 733654,
                                "Plan Width": 0,
                                "Actual Startup Time": 58.654,
                                "Actual Total Time": 58.654,
                                "Actual Rows": 742566,
                                "Actual Loops": 1,
                                "Index Cond": "(keyword_id < 674)"
                              }
                            ]
                          },
                          {
                            "Node Type": "Hash",
                            "Parent Relationship": "Inner",
                            "Parallel Aware": true,
                            "Startup Cost": 54588.39,
                            "Total Cost": 54588.39,
                            "Plan Rows": 566552,
                            "Plan Width": 4,
                            "Actual Startup Time": 323.585,
                            "Actual Total Time": 323.585,
                            "Actual Rows": 485594,
                            "Actual Loops": 2,
                            "Hash Buckets": 1048576,
                            "Original Hash Buckets": 1048576,
                            "Hash Batches": 1,
                            "Original Hash Batches": 1,
                            "Peak Memory Usage": 46208,
                            "Plans": [
                              {
                                "Node Type": "Seq Scan",
                                "Parent Relationship": "Outer",
                                "Parallel Aware": true,
                                "Relation Name": "title",
                                "Alias": "t",
                                "Startup Cost": 0.0,
                                "Total Cost": 54588.39,
                                "Plan Rows": 566552,
                                "Plan Width": 4,
                                "Actual Startup Time": 0.033,
                                "Actual Total Time": 181.961,
                                "Actual Rows": 485594,
                                "Actual Loops": 2,
                                "Filter": "(production_year < 1999)",
                                "Rows Removed by Filter": 778562
                              }
                            ]
                          }
                        ]
                      }
                    ]
                  }
                ]
              }
            ]
          }
        ]
      }
    ]
  },
  "Planning Time": 0.915,
  "Triggers": [],
  "Execution Time": 3359.575
}