{
  "Plan": {
    "Node Type": "Aggregate",
    "Strategy": "Plain",
    "Partial Mode": "Finalize",
    "Parallel Aware": false,
    "Startup Cost": 1111620.24,
    "Total Cost": 1111620.25,
    "Plan Rows": 1,
    "Plan Width": 8,
    "Actual Startup Time": 9268.955,
    "Actual Total Time": 9372.086,
    "Actual Rows": 1,
    "Actual Loops": 1,
    "Plans": [
      {
        "Node Type": "Gather",
        "Parent Relationship": "Outer",
        "Parallel Aware": false,
        "Startup Cost": 1111620.13,
        "Total Cost": 1111620.24,
        "Plan Rows": 1,
        "Plan Width": 8,
        "Actual Startup Time": 9246.838,
        "Actual Total Time": 9372.074,
        "Actual Rows": 2,
        "Actual Loops": 1,
        "Workers Planned": 1,
        "Workers Launched": 1,
        "Single Copy": false,
        "Plans": [
          {
            "Node Type": "Aggregate",
            "Strategy": "Plain",
            "Partial Mode": "Partial",
            "Parent Relationship": "Outer",
            "Parallel Aware": false,
            "Startup Cost": 1110620.13,
            "Total Cost": 1110620.14,
            "Plan Rows": 1,
            "Plan Width": 8,
            "Actual Startup Time": 9221.866,
            "Actual Total Time": 9224.519,
            "Actual Rows": 1,
            "Actual Loops": 2,
            "Plans": [
              {
                "Node Type": "Hash Join",
                "Parent Relationship": "Outer",
                "Parallel Aware": true,
                "Join Type": "Inner",
                "Startup Cost": 683897.69,
                "Total Cost": 1074868.62,
                "Plan Rows": 14300603,
                "Plan Width": 0,
                "Actual Startup Time": 6177.636,
                "Actual Total Time": 8751.224,
                "Actual Rows": 12327234,
                "Actual Loops": 2,
                "Inner Unique": false,
                "Hash Cond": "(mi.movie_id = t.id)",
                "Plans": [
                  {
                    "Node Type": "Seq Scan",
                    "Parent Relationship": "Outer",
                    "Parallel Aware": true,
                    "Relation Name": "movie_info",
                    "Alias": "mi",
                    "Startup Cost": 0.0,
                    "Total Cost": 270696.42,
                    "Plan Rows": 3615331,
                    "Plan Width": 4,
                    "Actual Startup Time": 35.08,
                    "Actual Total Time": 685.511,
                    "Actual Rows": 3041714,
                    "Actual Loops": 2,
                    "Filter": "(info_type_id > 9)",
                    "Rows Removed by Filter": 4376146
                  },
                  {
                    "Node Type": "Hash",
                    "Parent Relationship": "Inner",
                    "Parallel Aware": true,
                    "Startup Cost": 610362.56,
                    "Total Cost": 610362.56,
                    "Plan Rows": 5882810,
                    "Plan Width": 8,
                    "Actual Startup Time": 6086.685,
                    "Actual Total Time": 6089.335,
                    "Actual Rows": 4973166,
                    "Actual Loops": 2,
                    "Hash Buckets": 16777216,
                    "Original Hash Buckets": 16777216,
                    "Hash Batches": 1,
                    "Original Hash Batches": 1,
                    "Peak Memory Usage": 520192,
                    "Plans": [
                      {
                        "Node Type": "Hash Join",
                        "Parent Relationship": "Outer",
                        "Parallel Aware": true,
                        "Join Type": "Inner",
                        "Startup Cost": 65888.86,
                        "Total Cost": 610362.56,
                        "Plan Rows": 5882810,
                        "Plan Width": 8,
                        "Actual Startup Time": 786.148,
                        "Actual Total Time": 4518.957,
                        "Actual Rows": 4973166,
                        "Actual Loops": 2,
                        "Inner Unique": true,
                        "Hash Cond": "(ci.movie_id = t.id)",
                        "Plans": [
                          {
                            "Node Type": "Seq Scan",
                            "Parent Relationship": "Outer",
                            "Parallel Aware": true,
                            "Relation Name": "cast_info",
                            "Alias": "ci",
                            "Startup Cost": 0.0,
                            "Total Cost": 519069.44,
                            "Plan Rows": 9677796,
                            "Plan Width": 4,
                            "Actual Startup Time": 450.881,
                            "Actual Total Time": 1446.87,
                            "Actual Rows": 8208298,
                            "Actual Loops": 2,
                            "Filter": "(person_id > 1989825)",
                            "Rows Removed by Filter": 9913874
                          },
                          {
                            "Node Type": "Hash",
                            "Parent Relationship": "Inner",
                            "Parallel Aware": true,
                            "Startup Cost": 54588.39,
                            "Total Cost": 54588.39,
                            "Plan Rows": 904038,
                            "Plan Width": 4,
                            "Actual Startup Time": 329.834,
                            "Actual Total Time": 329.835,
                            "Actual Rows": 771632,
                            "Actual Loops": 2,
                            "Hash Buckets": 2097152,
                            "Original Hash Buckets": 2097152,
                            "Hash Batches": 1,
                            "Original Hash Batches": 1,
                            "Peak Memory Usage": 76800,
                            "Plans": [
                              {
                                "Node Type": "Seq Scan",
                                "Parent Relationship": "Outer",
                                "Parallel Aware": true,
                                "Relation Name": "title",
                                "Alias": "t",
                                "Startup Cost": 0.0,
                                "Total Cost": 54588.39,
                                "Plan Rows": 904038,
                                "Plan Width": 4,
                                "Actual Startup Time": 0.029,
                                "Actual Total Time": 154.298,
                                "Actual Rows": 771632,
                                "Actual Loops": 2,
                                "Filter": "(kind_id = 7)",
                                "Rows Removed by Filter": 492524
                              }
                            ]
                          }
                        ]
                      }
                    ]
                  }
                ]
              }
            ]
          }
        ]
      }
    ]
  },
  "Planning Time": 0.935,
  "Triggers": [],
  "Execution Time": 9372.175
}