[
  {
    "Plan": {
      "Node Type": "Aggregate",
      "Strategy": "Plain",
      "Partial Mode": "Finalize",
      "Parallel Aware": false,
      "Startup Cost": 60719.69,
      "Total Cost": 60719.7,
      "Plan Rows": 1,
      "Plan Width": 8,
      "Actual Startup Time": 459.578,
      "Actual Total Time": 476.996,
      "Actual Rows": 1,
      "Actual Loops": 1,
      "Plans": [
        {
          "Node Type": "Gather",
          "Parent Relationship": "Outer",
          "Parallel Aware": false,
          "Startup Cost": 60719.37,
          "Total Cost": 60719.68,
          "Plan Rows": 3,
          "Plan Width": 8,
          "Actual Startup Time": 447.37,
          "Actual Total Time": 476.989,
          "Actual Rows": 4,
          "Actual Loops": 1,
          "Workers Planned": 3,
          "Workers Launched": 3,
          "Single Copy": false,
          "Plans": [
            {
              "Node Type": "Aggregate",
              "Strategy": "Plain",
              "Partial Mode": "Partial",
              "Parent Relationship": "Outer",
              "Parallel Aware": false,
              "Startup Cost": 59719.37,
              "Total Cost": 59719.38,
              "Plan Rows": 1,
              "Plan Width": 8,
              "Actual Startup Time": 430.759,
              "Actual Total Time": 430.763,
              "Actual Rows": 1,
              "Actual Loops": 4,
              "Plans": [
                {
                  "Node Type": "Hash Join",
                  "Parent Relationship": "Outer",
                  "Parallel Aware": true,
                  "Join Type": "Inner",
                  "Startup Cost": 50220.21,
                  "Total Cost": 59655.0,
                  "Plan Rows": 25749,
                  "Plan Width": 0,
                  "Actual Startup Time": 378.49,
                  "Actual Total Time": 428.111,
                  "Actual Rows": 51470,
                  "Actual Loops": 4,
                  "Inner Unique": true,
                  "Hash Cond": "(ci.movie_id = t.id)",
                  "Plans": [
                    {
                      "Node Type": "Index Scan",
                      "Parent Relationship": "Outer",
                      "Parallel Aware": true,
                      "Scan Direction": "Forward",
                      "Index Name": "role_id_cast_info",
                      "Relation Name": "cast_info",
                      "Alias": "ci",
                      "Startup Cost": 0.56,
                      "Total Cost": 9367.76,
                      "Plan Rows": 25749,
                      "Plan Width": 4,
                      "Actual Startup Time": 0.255,
                      "Actual Total Time": 15.149,
                      "Actual Rows": 51470,
                      "Actual Loops": 4,
                      "Index Cond": "(role_id = 7)",
                      "Rows Removed by Index Recheck": 0,
                      "Filter": "(person_id > 2809373)",
                      "Rows Removed by Filter": 17631
                    },
                    {
                      "Node Type": "Hash",
                      "Parent Relationship": "Inner",
                      "Parallel Aware": true,
                      "Startup Cost": 42318.73,
                      "Total Cost": 42318.73,
                      "Plan Rows": 632073,
                      "Plan Width": 4,
                      "Actual Startup Time": 368.295,
                      "Actual Total Time": 368.297,
                      "Actual Rows": 632078,
                      "Actual Loops": 4,
                      "Hash Buckets": 4194304,
                      "Original Hash Buckets": 4194304,
                      "Hash Batches": 1,
                      "Original Hash Batches": 1,
                      "Peak Memory Usage": 131712,
                      "Plans": [
                        {
                          "Node Type": "Seq Scan",
                          "Parent Relationship": "Outer",
                          "Parallel Aware": true,
                          "Relation Name": "title",
                          "Alias": "t",
                          "Startup Cost": 0.0,
                          "Total Cost": 42318.73,
                          "Plan Rows": 632073,
                          "Plan Width": 4,
                          "Actual Startup Time": 0.036,
                          "Actual Total Time": 109.834,
                          "Actual Rows": 632078,
                          "Actual Loops": 4
                        }
                      ]
                    }
                  ]
                }
              ]
            }
          ]
        }
      ]
    },
    "Planning Time": 0.527,
    "Triggers": [],
    "Execution Time": 477.061
  }
]