[
  {
    "Plan": {
      "Node Type": "Aggregate",
      "Strategy": "Plain",
      "Partial Mode": "Finalize",
      "Parallel Aware": false,
      "Startup Cost": 258313.0,
      "Total Cost": 258313.01,
      "Plan Rows": 1,
      "Plan Width": 8,
      "Actual Startup Time": 309.056,
      "Actual Total Time": 326.005,
      "Actual Rows": 1,
      "Actual Loops": 1,
      "Plans": [
        {
          "Node Type": "Gather",
          "Parent Relationship": "Outer",
          "Parallel Aware": false,
          "Startup Cost": 258312.37,
          "Total Cost": 258312.98,
          "Plan Rows": 6,
          "Plan Width": 8,
          "Actual Startup Time": 308.967,
          "Actual Total Time": 325.996,
          "Actual Rows": 7,
          "Actual Loops": 1,
          "Workers Planned": 6,
          "Workers Launched": 6,
          "Single Copy": false,
          "Plans": [
            {
              "Node Type": "Aggregate",
              "Strategy": "Plain",
              "Partial Mode": "Partial",
              "Parent Relationship": "Outer",
              "Parallel Aware": false,
              "Startup Cost": 257312.37,
              "Total Cost": 257312.38,
              "Plan Rows": 1,
              "Plan Width": 8,
              "Actual Startup Time": 299.072,
              "Actual Total Time": 299.073,
              "Actual Rows": 1,
              "Actual Loops": 7,
              "Plans": [
                {
                  "Node Type": "Index Scan",
                  "Parent Relationship": "Outer",
                  "Parallel Aware": true,
                  "Scan Direction": "Forward",
                  "Index Name": "role_id_cast_info",
                  "Relation Name": "cast_info",
                  "Alias": "ci",
                  "Startup Cost": 0.56,
                  "Total Cost": 255086.64,
                  "Plan Rows": 890292,
                  "Plan Width": 0,
                  "Actual Startup Time": 0.167,
                  "Actual Total Time": 280.983,
                  "Actual Rows": 357673,
                  "Actual Loops": 7,
                  "Index Cond": "(role_id > 4)",
                  "Rows Removed by Index Recheck": 0,
                  "Filter": "(person_id < 2053142)",
                  "Rows Removed by Filter": 982999
                }
              ]
            }
          ]
        }
      ]
    },
    "Planning Time": 0.232,
    "Triggers": [],
    "Execution Time": 326.071
  }
]