[
  {
    "Plan": {
      "Node Type": "Aggregate",
      "Strategy": "Plain",
      "Partial Mode": "Finalize",
      "Parallel Aware": false,
      "Startup Cost": 76717.3,
      "Total Cost": 76717.31,
      "Plan Rows": 1,
      "Plan Width": 8,
      "Actual Startup Time": 165.49,
      "Actual Total Time": 184.299,
      "Actual Rows": 1,
      "Actual Loops": 1,
      "Plans": [
        {
          "Node Type": "Gather",
          "Parent Relationship": "Outer",
          "Parallel Aware": false,
          "Startup Cost": 76716.98,
          "Total Cost": 76717.29,
          "Plan Rows": 3,
          "Plan Width": 8,
          "Actual Startup Time": 164.836,
          "Actual Total Time": 184.29,
          "Actual Rows": 4,
          "Actual Loops": 1,
          "Workers Planned": 3,
          "Workers Launched": 3,
          "Single Copy": false,
          "Plans": [
            {
              "Node Type": "Aggregate",
              "Strategy": "Plain",
              "Partial Mode": "Partial",
              "Parent Relationship": "Outer",
              "Parallel Aware": false,
              "Startup Cost": 75716.98,
              "Total Cost": 75716.99,
              "Plan Rows": 1,
              "Plan Width": 8,
              "Actual Startup Time": 160.846,
              "Actual Total Time": 160.851,
              "Actual Rows": 1,
              "Actual Loops": 4,
              "Plans": [
                {
                  "Node Type": "Hash Join",
                  "Parent Relationship": "Outer",
                  "Parallel Aware": true,
                  "Join Type": "Inner",
                  "Startup Cost": 50216.66,
                  "Total Cost": 75712.5,
                  "Plan Rows": 1794,
                  "Plan Width": 0,
                  "Actual Startup Time": 111.685,
                  "Actual Total Time": 160.807,
                  "Actual Rows": 441,
                  "Actual Loops": 4,
                  "Inner Unique": true,
                  "Hash Cond": "(mk.movie_id = t.id)",
                  "Plans": [
                    {
                      "Node Type": "Bitmap Heap Scan",
                      "Parent Relationship": "Outer",
                      "Parallel Aware": true,
                      "Relation Name": "movie_keyword",
                      "Alias": "mk",
                      "Startup Cost": 4531.32,
                      "Total Cost": 29846.35,
                      "Plan Rows": 68882,
                      "Plan Width": 4,
                      "Actual Startup Time": 15.562,
                      "Actual Total Time": 55.117,
                      "Actual Rows": 54231,
                      "Actual Loops": 4,
                      "Recheck Cond": "(keyword_id < 145)",
                      "Rows Removed by Index Recheck": 0,
                      "Exact Heap Blocks": 9391,
                      "Lossy Heap Blocks": 0,
                      "Plans": [
                        {
                          "Node Type": "Bitmap Index Scan",
                          "Parent Relationship": "Outer",
                          "Parallel Aware": false,
                          "Index Name": "keyword_id_movie_keyword",
                          "Startup Cost": 0.0,
                          "Total Cost": 4477.94,
                          "Plan Rows": 213534,
                          "Plan Width": 0,
                          "Actual Startup Time": 12.067,
                          "Actual Total Time": 12.068,
                          "Actual Rows": 216924,
                          "Actual Loops": 1,
                          "Index Cond": "(keyword_id < 145)"
                        }
                      ]
                    },
                    {
                      "Node Type": "Hash",
                      "Parent Relationship": "Inner",
                      "Parallel Aware": true,
                      "Startup Cost": 45479.59,
                      "Total Cost": 45479.59,
                      "Plan Rows": 16460,
                      "Plan Width": 4,
                      "Actual Startup Time": 94.376,
                      "Actual Total Time": 94.377,
                      "Actual Rows": 18631,
                      "Actual Loops": 4,
                      "Hash Buckets": 131072,
                      "Original Hash Buckets": 131072,
                      "Hash Batches": 1,
                      "Original Hash Batches": 1,
                      "Peak Memory Usage": 4032,
                      "Plans": [
                        {
                          "Node Type": "Seq Scan",
                          "Parent Relationship": "Outer",
                          "Parallel Aware": true,
                          "Relation Name": "title",
                          "Alias": "t",
                          "Startup Cost": 0.0,
                          "Total Cost": 45479.59,
                          "Plan Rows": 16460,
                          "Plan Width": 4,
                          "Actual Startup Time": 0.022,
                          "Actual Total Time": 87.444,
                          "Actual Rows": 18631,
                          "Actual Loops": 4,
                          "Filter": "((kind_id = 7) AND (production_year = 2006))",
                          "Rows Removed by Filter": 613447
                        }
                      ]
                    }
                  ]
                }
              ]
            }
          ]
        }
      ]
    },
    "Planning Time": 0.574,
    "Triggers": [],
    "Execution Time": 184.378
  }
]