[
  {
    "Plan": {
      "Node Type": "Aggregate",
      "Strategy": "Plain",
      "Partial Mode": "Finalize",
      "Parallel Aware": false,
      "Startup Cost": 76420.44,
      "Total Cost": 76420.45,
      "Plan Rows": 1,
      "Plan Width": 8,
      "Actual Startup Time": 179.888,
      "Actual Total Time": 198.387,
      "Actual Rows": 1,
      "Actual Loops": 1,
      "Plans": [
        {
          "Node Type": "Gather",
          "Parent Relationship": "Outer",
          "Parallel Aware": false,
          "Startup Cost": 76420.12,
          "Total Cost": 76420.43,
          "Plan Rows": 3,
          "Plan Width": 8,
          "Actual Startup Time": 179.28,
          "Actual Total Time": 198.379,
          "Actual Rows": 4,
          "Actual Loops": 1,
          "Workers Planned": 3,
          "Workers Launched": 3,
          "Single Copy": false,
          "Plans": [
            {
              "Node Type": "Aggregate",
              "Strategy": "Plain",
              "Partial Mode": "Partial",
              "Parent Relationship": "Outer",
              "Parallel Aware": false,
              "Startup Cost": 75420.12,
              "Total Cost": 75420.13,
              "Plan Rows": 1,
              "Plan Width": 8,
              "Actual Startup Time": 170.489,
              "Actual Total Time": 170.493,
              "Actual Rows": 1,
              "Actual Loops": 4,
              "Plans": [
                {
                  "Node Type": "Hash Join",
                  "Parent Relationship": "Outer",
                  "Parallel Aware": true,
                  "Join Type": "Inner",
                  "Startup Cost": 49976.68,
                  "Total Cost": 75415.74,
                  "Plan Rows": 1751,
                  "Plan Width": 0,
                  "Actual Startup Time": 118.481,
                  "Actual Total Time": 170.443,
                  "Actual Rows": 441,
                  "Actual Loops": 4,
                  "Inner Unique": true,
                  "Hash Cond": "(mk.movie_id = t.id)",
                  "Plans": [
                    {
                      "Node Type": "Bitmap Heap Scan",
                      "Parent Relationship": "Outer",
                      "Parallel Aware": true,
                      "Relation Name": "movie_keyword",
                      "Alias": "mk",
                      "Startup Cost": 4285.14,
                      "Total Cost": 29553.25,
                      "Plan Rows": 65128,
                      "Plan Width": 4,
                      "Actual Startup Time": 16.521,
                      "Actual Total Time": 58.581,
                      "Actual Rows": 54231,
                      "Actual Loops": 4,
                      "Recheck Cond": "(keyword_id < 145)",
                      "Rows Removed by Index Recheck": 0,
                      "Exact Heap Blocks": 8808,
                      "Lossy Heap Blocks": 0,
                      "Plans": [
                        {
                          "Node Type": "Bitmap Index Scan",
                          "Parent Relationship": "Outer",
                          "Parallel Aware": false,
                          "Index Name": "keyword_id_movie_keyword",
                          "Startup Cost": 0.0,
                          "Total Cost": 4234.67,
                          "Plan Rows": 201898,
                          "Plan Width": 0,
                          "Actual Startup Time": 12.908,
                          "Actual Total Time": 12.908,
                          "Actual Rows": 216924,
                          "Actual Loops": 1,
                          "Index Cond": "(keyword_id < 145)"
                        }
                      ]
                    },
                    {
                      "Node Type": "Hash",
                      "Parent Relationship": "Inner",
                      "Parallel Aware": true,
                      "Startup Cost": 45479.1,
                      "Total Cost": 45479.1,
                      "Plan Rows": 16995,
                      "Plan Width": 4,
                      "Actual Startup Time": 100.001,
                      "Actual Total Time": 100.002,
                      "Actual Rows": 18631,
                      "Actual Loops": 4,
                      "Hash Buckets": 131072,
                      "Original Hash Buckets": 131072,
                      "Hash Batches": 1,
                      "Original Hash Batches": 1,
                      "Peak Memory Usage": 4000,
                      "Plans": [
                        {
                          "Node Type": "Seq Scan",
                          "Parent Relationship": "Outer",
                          "Parallel Aware": true,
                          "Relation Name": "title",
                          "Alias": "t",
                          "Startup Cost": 0.0,
                          "Total Cost": 45479.1,
                          "Plan Rows": 16995,
                          "Plan Width": 4,
                          "Actual Startup Time": 0.054,
                          "Actual Total Time": 91.773,
                          "Actual Rows": 18631,
                          "Actual Loops": 4,
                          "Filter": "((kind_id = 7) AND (production_year = 2006))",
                          "Rows Removed by Filter": 613447
                        }
                      ]
                    }
                  ]
                }
              ]
            }
          ]
        }
      ]
    },
    "Planning Time": 0.623,
    "Triggers": [],
    "Execution Time": 198.479
  }
]