{
  "Plan": {
    "Node Type": "Aggregate",
    "Strategy": "Plain",
    "Partial Mode": "Finalize",
    "Parallel Aware": false,
    "Startup Cost": 118928.24,
    "Total Cost": 118928.25,
    "Plan Rows": 1,
    "Plan Width": 8,
    "Actual Startup Time": 373.18,
    "Actual Total Time": 374.499,
    "Actual Rows": 1,
    "Actual Loops": 1,
    "Plans": [
      {
        "Node Type": "Gather",
        "Parent Relationship": "Outer",
        "Parallel Aware": false,
        "Startup Cost": 118928.12,
        "Total Cost": 118928.23,
        "Plan Rows": 1,
        "Plan Width": 8,
        "Actual Startup Time": 373.172,
        "Actual Total Time": 374.494,
        "Actual Rows": 2,
        "Actual Loops": 1,
        "Workers Planned": 1,
        "Workers Launched": 1,
        "Single Copy": false,
        "Plans": [
          {
            "Node Type": "Aggregate",
            "Strategy": "Plain",
            "Partial Mode": "Partial",
            "Parent Relationship": "Outer",
            "Parallel Aware": false,
            "Startup Cost": 117928.12,
            "Total Cost": 117928.13,
            "Plan Rows": 1,
            "Plan Width": 8,
            "Actual Startup Time": 361.757,
            "Actual Total Time": 361.759,
            "Actual Rows": 1,
            "Actual Loops": 2,
            "Plans": [
              {
                "Node Type": "Merge Join",
                "Parent Relationship": "Outer",
                "Parallel Aware": false,
                "Join Type": "Inner",
                "Startup Cost": 115037.37,
                "Total Cost": 117886.74,
                "Plan Rows": 16554,
                "Plan Width": 0,
                "Actual Startup Time": 300.247,
                "Actual Total Time": 361.466,
                "Actual Rows": 6444,
                "Actual Loops": 2,
                "Inner Unique": false,
                "Merge Cond": "(t.id = ci.movie_id)",
                "Plans": [
                  {
                    "Node Type": "Sort",
                    "Parent Relationship": "Outer",
                    "Parallel Aware": false,
                    "Startup Cost": 96096.55,
                    "Total Cost": 97203.1,
                    "Plan Rows": 442619,
                    "Plan Width": 4,
                    "Actual Startup Time": 255.901,
                    "Actual Total Time": 288.322,
                    "Actual Rows": 377631,
                    "Actual Loops": 2,
                    "Sort Key": [
                      "t.id"
                    ],
                    "Sort Method": "quicksort",
                    "Sort Space Used": 31510,
                    "Sort Space Type": "Memory",
                    "Workers": [
                      {
                        "Worker Number": 0,
                        "Sort Method": "quicksort",
                        "Sort Space Used": 28500,
                        "Sort Space Type": "Memory"
                      }
                    ],
                    "Plans": [
                      {
                        "Node Type": "Seq Scan",
                        "Parent Relationship": "Outer",
                        "Parallel Aware": true,
                        "Relation Name": "title",
                        "Alias": "t",
                        "Startup Cost": 0.0,
                        "Total Cost": 54588.39,
                        "Plan Rows": 442619,
                        "Plan Width": 4,
                        "Actual Startup Time": 0.034,
                        "Actual Total Time": 157.368,
                        "Actual Rows": 377951,
                        "Actual Loops": 2,
                        "Filter": "(production_year < 1993)",
                        "Rows Removed by Filter": 886205
                      }
                    ]
                  },
                  {
                    "Node Type": "Sort",
                    "Parent Relationship": "Inner",
                    "Parallel Aware": false,
                    "Startup Cost": 18940.81,
                    "Total Cost": 19177.2,
                    "Plan Rows": 94558,
                    "Plan Width": 4,
                    "Actual Startup Time": 44.33,
                    "Actual Total Time": 47.355,
                    "Actual Rows": 45750,
                    "Actual Loops": 2,
                    "Sort Key": [
                      "ci.movie_id"
                    ],
                    "Sort Method": "quicksort",
                    "Sort Space Used": 3681,
                    "Sort Space Type": "Memory",
                    "Workers": [
                      {
                        "Worker Number": 0,
                        "Sort Method": "quicksort",
                        "Sort Space Used": 3681,
                        "Sort Space Type": "Memory"
                      }
                    ],
                    "Plans": [
                      {
                        "Node Type": "Index Scan",
                        "Parent Relationship": "Outer",
                        "Parallel Aware": false,
                        "Scan Direction": "Forward",
                        "Index Name": "role_id_cast_info",
                        "Relation Name": "cast_info",
                        "Alias": "ci",
                        "Startup Cost": 0.56,
                        "Total Cost": 11126.1,
                        "Plan Rows": 94558,
                        "Plan Width": 4,
                        "Actual Startup Time": 0.11,
                        "Actual Total Time": 35.177,
                        "Actual Rows": 45750,
                        "Actual Loops": 2,
                        "Index Cond": "(role_id > 10)",
                        "Rows Removed by Index Recheck": 0,
                        "Filter": "(person_id < 1128988)",
                        "Rows Removed by Filter": 270368
                      }
                    ]
                  }
                ]
              }
            ]
          }
        ]
      }
    ]
  },
  "Planning Time": 0.753,
  "Triggers": [],
  "Execution Time": 374.59
}