{
  "Plan": {
    "Node Type": "Aggregate",
    "Strategy": "Plain",
    "Partial Mode": "Finalize",
    "Parallel Aware": false,
    "Startup Cost": 639307.96,
    "Total Cost": 639307.97,
    "Plan Rows": 1,
    "Plan Width": 8,
    "Actual Startup Time": 5125.977,
    "Actual Total Time": 5192.277,
    "Actual Rows": 1,
    "Actual Loops": 1,
    "Plans": [
      {
        "Node Type": "Gather",
        "Parent Relationship": "Outer",
        "Parallel Aware": false,
        "Startup Cost": 639307.85,
        "Total Cost": 639307.96,
        "Plan Rows": 1,
        "Plan Width": 8,
        "Actual Startup Time": 5123.927,
        "Actual Total Time": 5192.266,
        "Actual Rows": 2,
        "Actual Loops": 1,
        "Workers Planned": 1,
        "Workers Launched": 1,
        "Single Copy": false,
        "Plans": [
          {
            "Node Type": "Aggregate",
            "Strategy": "Plain",
            "Partial Mode": "Partial",
            "Parent Relationship": "Outer",
            "Parallel Aware": false,
            "Startup Cost": 638307.85,
            "Total Cost": 638307.86,
            "Plan Rows": 1,
            "Plan Width": 8,
            "Actual Startup Time": 5119.475,
            "Actual Total Time": 5119.479,
            "Actual Rows": 1,
            "Actual Loops": 2,
            "Plans": [
              {
                "Node Type": "Hash Join",
                "Parent Relationship": "Outer",
                "Parallel Aware": true,
                "Join Type": "Inner",
                "Startup Cost": 59739.61,
                "Total Cost": 625884.77,
                "Plan Rows": 4969231,
                "Plan Width": 0,
                "Actual Startup Time": 249.844,
                "Actual Total Time": 4954.647,
                "Actual Rows": 4111029,
                "Actual Loops": 2,
                "Inner Unique": true,
                "Hash Cond": "(ci.movie_id = t.id)",
                "Plans": [
                  {
                    "Node Type": "Seq Scan",
                    "Parent Relationship": "Outer",
                    "Parallel Aware": true,
                    "Relation Name": "cast_info",
                    "Alias": "ci",
                    "Startup Cost": 0.0,
                    "Total Cost": 519069.44,
                    "Plan Rows": 17933576,
                    "Plan Width": 4,
                    "Actual Startup Time": 0.015,
                    "Actual Total Time": 1836.184,
                    "Actual Rows": 15255825,
                    "Actual Loops": 2,
                    "Filter": "(role_id < 9)",
                    "Rows Removed by Filter": 2866347
                  },
                  {
                    "Node Type": "Hash",
                    "Parent Relationship": "Inner",
                    "Parallel Aware": true,
                    "Startup Cost": 54588.39,
                    "Total Cost": 54588.39,
                    "Plan Rows": 412098,
                    "Plan Width": 4,
                    "Actual Startup Time": 240.702,
                    "Actual Total Time": 240.703,
                    "Actual Rows": 353593,
                    "Actual Loops": 2,
                    "Hash Buckets": 1048576,
                    "Original Hash Buckets": 1048576,
                    "Hash Batches": 1,
                    "Original Hash Batches": 1,
                    "Peak Memory Usage": 35904,
                    "Plans": [
                      {
                        "Node Type": "Seq Scan",
                        "Parent Relationship": "Outer",
                        "Parallel Aware": true,
                        "Relation Name": "title",
                        "Alias": "t",
                        "Startup Cost": 0.0,
                        "Total Cost": 54588.39,
                        "Plan Rows": 412098,
                        "Plan Width": 4,
                        "Actual Startup Time": 0.024,
                        "Actual Total Time": 150.226,
                        "Actual Rows": 353593,
                        "Actual Loops": 2,
                        "Filter": "(production_year < 1991)",
                        "Rows Removed by Filter": 910563
                      }
                    ]
                  }
                ]
              }
            ]
          }
        ]
      }
    ]
  },
  "Planning Time": 0.614,
  "Triggers": [],
  "Execution Time": 5192.36
}