[
  {
    "Plan": {
      "Node Type": "Aggregate",
      "Strategy": "Plain",
      "Partial Mode": "Finalize",
      "Parallel Aware": false,
      "Startup Cost": 96734.02,
      "Total Cost": 96734.03,
      "Plan Rows": 1,
      "Plan Width": 8,
      "Actual Startup Time": 483.72,
      "Actual Total Time": 504.03,
      "Actual Rows": 1,
      "Actual Loops": 1,
      "Plans": [
        {
          "Node Type": "Gather",
          "Parent Relationship": "Outer",
          "Parallel Aware": false,
          "Startup Cost": 96733.81,
          "Total Cost": 96734.02,
          "Plan Rows": 2,
          "Plan Width": 8,
          "Actual Startup Time": 475.56,
          "Actual Total Time": 504.022,
          "Actual Rows": 3,
          "Actual Loops": 1,
          "Workers Planned": 2,
          "Workers Launched": 2,
          "Single Copy": false,
          "Plans": [
            {
              "Node Type": "Aggregate",
              "Strategy": "Plain",
              "Partial Mode": "Partial",
              "Parent Relationship": "Outer",
              "Parallel Aware": false,
              "Startup Cost": 95733.81,
              "Total Cost": 95733.82,
              "Plan Rows": 1,
              "Plan Width": 8,
              "Actual Startup Time": 467.552,
              "Actual Total Time": 467.559,
              "Actual Rows": 1,
              "Actual Loops": 3,
              "Plans": [
                {
                  "Node Type": "Hash Join",
                  "Parent Relationship": "Outer",
                  "Parallel Aware": true,
                  "Join Type": "Inner",
                  "Startup Cost": 79710.55,
                  "Total Cost": 95654.43,
                  "Plan Rows": 31752,
                  "Plan Width": 0,
                  "Actual Startup Time": 412.993,
                  "Actual Total Time": 467.249,
                  "Actual Rows": 6442,
                  "Actual Loops": 3,
                  "Inner Unique": false,
                  "Hash Cond": "(mi_idx.movie_id = t.id)",
                  "Plans": [
                    {
                      "Node Type": "Seq Scan",
                      "Parent Relationship": "Outer",
                      "Parallel Aware": true,
                      "Relation Name": "movie_info_idx",
                      "Alias": "mi_idx",
                      "Startup Cost": 0.0,
                      "Total Cost": 13685.15,
                      "Plan Rows": 575015,
                      "Plan Width": 4,
                      "Actual Startup Time": 0.016,
                      "Actual Total Time": 40.014,
                      "Actual Rows": 460012,
                      "Actual Loops": 3
                    },
                    {
                      "Node Type": "Hash",
                      "Parent Relationship": "Inner",
                      "Parallel Aware": true,
                      "Startup Cost": 79147.57,
                      "Total Cost": 79147.57,
                      "Plan Rows": 45038,
                      "Plan Width": 8,
                      "Actual Startup Time": 388.223,
                      "Actual Total Time": 388.227,
                      "Actual Rows": 3298,
                      "Actual Loops": 3,
                      "Hash Buckets": 262144,
                      "Original Hash Buckets": 262144,
                      "Hash Batches": 1,
                      "Original Hash Batches": 1,
                      "Peak Memory Usage": 2496,
                      "Plans": [
                        {
                          "Node Type": "Hash Join",
                          "Parent Relationship": "Outer",
                          "Parallel Aware": true,
                          "Join Type": "Inner",
                          "Startup Cost": 53576.55,
                          "Total Cost": 79147.57,
                          "Plan Rows": 45038,
                          "Plan Width": 8,
                          "Actual Startup Time": 321.061,
                          "Actual Total Time": 386.694,
                          "Actual Rows": 3298,
                          "Actual Loops": 3,
                          "Inner Unique": true,
                          "Hash Cond": "(mk.movie_id = t.id)",
                          "Plans": [
                            {
                              "Node Type": "Bitmap Heap Scan",
                              "Parent Relationship": "Outer",
                              "Parallel Aware": true,
                              "Relation Name": "movie_keyword",
                              "Alias": "mk",
                              "Startup Cost": 4858.74,
                              "Total Cost": 30235.9,
                              "Plan Rows": 73853,
                              "Plan Width": 4,
                              "Actual Startup Time": 15.1,
                              "Actual Total Time": 58.652,
                              "Actual Rows": 78001,
                              "Actual Loops": 3,
                              "Recheck Cond": "(keyword_id > 62765)",
                              "Rows Removed by Index Recheck": 0,
                              "Exact Heap Blocks": 10362,
                              "Lossy Heap Blocks": 0,
                              "Plans": [
                                {
                                  "Node Type": "Bitmap Index Scan",
                                  "Parent Relationship": "Outer",
                                  "Parallel Aware": false,
                                  "Index Name": "keyword_id_movie_keyword",
                                  "Startup Cost": 0.0,
                                  "Total Cost": 4801.51,
                                  "Plan Rows": 228943,
                                  "Plan Width": 0,
                                  "Actual Startup Time": 12.026,
                                  "Actual Total Time": 12.026,
                                  "Actual Rows": 234002,
                                  "Actual Loops": 1,
                                  "Index Cond": "(keyword_id > 62765)"
                                }
                              ]
                            },
                            {
                              "Node Type": "Hash",
                              "Parent Relationship": "Inner",
                              "Parallel Aware": true,
                              "Startup Cost": 43899.32,
                              "Total Cost": 43899.32,
                              "Plan Rows": 385479,
                              "Plan Width": 4,
                              "Actual Startup Time": 300.946,
                              "Actual Total Time": 300.947,
                              "Actual Rows": 514421,
                              "Actual Loops": 3,
                              "Hash Buckets": 2097152,
                              "Original Hash Buckets": 2097152,
                              "Hash Batches": 1,
                              "Original Hash Batches": 1,
                              "Peak Memory Usage": 76800,
                              "Plans": [
                                {
                                  "Node Type": "Seq Scan",
                                  "Parent Relationship": "Outer",
                                  "Parallel Aware": true,
                                  "Relation Name": "title",
                                  "Alias": "t",
                                  "Startup Cost": 0.0,
                                  "Total Cost": 43899.32,
                                  "Plan Rows": 385479,
                                  "Plan Width": 4,
                                  "Actual Startup Time": 0.05,
                                  "Actual Total Time": 131.936,
                                  "Actual Rows": 514421,
                                  "Actual Loops": 3,
                                  "Filter": "(kind_id = 7)",
                                  "Rows Removed by Filter": 328349
                                }
                              ]
                            }
                          ]
                        }
                      ]
                    }
                  ]
                }
              ]
            }
          ]
        }
      ]
    },
    "Planning Time": 0.653,
    "Triggers": [],
    "Execution Time": 504.123
  }
]