{
    "Plan": {
        "Node Type": "Aggregate",
        "Strategy": "Plain",
        "Partial Mode": "Simple",
        "Parallel Aware": false,
        "Startup Cost": 140000282460.08,
        "Total Cost": 140000282460.09,
        "Plan Rows": 1,
        "Plan Width": 192,
        "Actual Startup Time": 1035.518,
        "Actual Total Time": 1035.528,
        "Actual Rows": 1,
        "Actual Loops": 1,
        "Output": [
            "min(cn1.name)",
            "min(cn2.name)",
            "min(mi_idx1.info)",
            "min(mi_idx2.info)",
            "min(t1.title)",
            "min(t2.title)"
        ],
        "Plans": [
            {
                "Node Type": "Nested Loop",
                "Parent Relationship": "Outer",
                "Parallel Aware": false,
                "Join Type": "Inner",
                "Startup Cost": 140000000007.05,
                "Total Cost": 140000282460.05,
                "Plan Rows": 2,
                "Plan Width": 82,
                "Actual Startup Time": 279.493,
                "Actual Total Time": 1033.499,
                "Actual Rows": 4767,
                "Actual Loops": 1,
                "Output": [
                    "cn1.name",
                    "cn2.name",
                    "mi_idx1.info",
                    "mi_idx2.info",
                    "t1.title",
                    "t2.title"
                ],
                "Inner Unique": true,
                "Plans": [
                    {
                        "Node Type": "Nested Loop",
                        "Parent Relationship": "Outer",
                        "Parallel Aware": false,
                        "Join Type": "Inner",
                        "Startup Cost": 130000000006.91,
                        "Total Cost": 130000282412.12,
                        "Plan Rows": 12,
                        "Plan Width": 86,
                        "Actual Startup Time": 0.583,
                        "Actual Total Time": 877.631,
                        "Actual Rows": 41485,
                        "Actual Loops": 1,
                        "Output": [
                            "cn1.name",
                            "mi_idx1.info",
                            "mi_idx2.info",
                            "cn2.name",
                            "ml.link_type_id",
                            "t1.title",
                            "t2.title"
                        ],
                        "Inner Unique": true,
                        "Plans": [
                            {
                                "Node Type": "Nested Loop",
                                "Parent Relationship": "Outer",
                                "Parallel Aware": false,
                                "Join Type": "Inner",
                                "Startup Cost": 120000000006.48,
                                "Total Cost": 120000282358.82,
                                "Plan Rows": 12,
                                "Plan Width": 71,
                                "Actual Startup Time": 0.563,
                                "Actual Total Time": 688.215,
                                "Actual Rows": 41485,
                                "Actual Loops": 1,
                                "Output": [
                                    "cn1.name",
                                    "mi_idx1.info",
                                    "mi_idx2.info",
                                    "mc2.company_id",
                                    "ml.link_type_id",
                                    "t1.title",
                                    "t2.title"
                                ],
                                "Inner Unique": false,
                                "Plans": [
                                    {
                                        "Node Type": "Nested Loop",
                                        "Parent Relationship": "Outer",
                                        "Parallel Aware": false,
                                        "Join Type": "Inner",
                                        "Startup Cost": 110000000005.98,
                                        "Total Cost": 110000282349.61,
                                        "Plan Rows": 2,
                                        "Plan Width": 79,
                                        "Actual Startup Time": 0.511,
                                        "Actual Total Time": 606.356,
                                        "Actual Rows": 11957,
                                        "Actual Loops": 1,
                                        "Output": [
                                            "cn1.name",
                                            "mi_idx1.info",
                                            "mi_idx2.info",
                                            "mi_idx2.movie_id",
                                            "ml.link_type_id",
                                            "ml.linked_movie_id",
                                            "t1.title",
                                            "t2.title",
                                            "t2.id"
                                        ],
                                        "Inner Unique": true,
                                        "Plans": [
                                            {
                                                "Node Type": "Nested Loop",
                                                "Parent Relationship": "Outer",
                                                "Parallel Aware": false,
                                                "Join Type": "Inner",
                                                "Startup Cost": 100000000005.56,
                                                "Total Cost": 100000282331.83,
                                                "Plan Rows": 4,
                                                "Plan Width": 64,
                                                "Actual Startup Time": 0.45,
                                                "Actual Total Time": 520.669,
                                                "Actual Rows": 17196,
                                                "Actual Loops": 1,
                                                "Output": [
                                                    "mi_idx1.info",
                                                    "mc1.company_id",
                                                    "mi_idx2.info",
                                                    "mi_idx2.movie_id",
                                                    "ml.link_type_id",
                                                    "ml.linked_movie_id",
                                                    "t1.title",
                                                    "t2.title",
                                                    "t2.id"
                                                ],
                                                "Inner Unique": false,
                                                "Plans": [
                                                    {
                                                        "Node Type": "Nested Loop",
                                                        "Parent Relationship": "Outer",
                                                        "Parallel Aware": false,
                                                        "Join Type": "Inner",
                                                        "Startup Cost": 90000000005.07,
                                                        "Total Cost": 90000282327.23,
                                                        "Plan Rows": 1,
                                                        "Plan Width": 72,
                                                        "Actual Startup Time": 0.389,
                                                        "Actual Total Time": 496.572,
                                                        "Actual Rows": 2669,
                                                        "Actual Loops": 1,
                                                        "Output": [
                                                            "mi_idx1.info",
                                                            "mi_idx1.movie_id",
                                                            "mi_idx2.info",
                                                            "mi_idx2.movie_id",
                                                            "ml.link_type_id",
                                                            "ml.movie_id",
                                                            "ml.linked_movie_id",
                                                            "t1.title",
                                                            "t1.id",
                                                            "t2.title",
                                                            "t2.id"
                                                        ],
                                                        "Inner Unique": true,
                                                        "Plans": [
                                                            {
                                                                "Node Type": "Nested Loop",
                                                                "Parent Relationship": "Outer",
                                                                "Parallel Aware": false,
                                                                "Join Type": "Inner",
                                                                "Startup Cost": 80000000004.92,
                                                                "Total Cost": 80000281964.85,
                                                                "Plan Rows": 87,
                                                                "Plan Width": 76,
                                                                "Actual Startup Time": 0.377,
                                                                "Actual Total Time": 466.834,
                                                                "Actual Rows": 8007,
                                                                "Actual Loops": 1,
                                                                "Output": [
                                                                    "mi_idx2.info",
                                                                    "mi_idx2.movie_id",
                                                                    "ml.link_type_id",
                                                                    "ml.movie_id",
                                                                    "ml.linked_movie_id",
                                                                    "mi_idx1.info",
                                                                    "mi_idx1.info_type_id",
                                                                    "mi_idx1.movie_id",
                                                                    "t1.title",
                                                                    "t1.id",
                                                                    "t2.title",
                                                                    "t2.id"
                                                                ],
                                                                "Inner Unique": false,
                                                                "Plans": [
                                                                    {
                                                                        "Node Type": "Nested Loop",
                                                                        "Parent Relationship": "Outer",
                                                                        "Parallel Aware": false,
                                                                        "Join Type": "Inner",
                                                                        "Startup Cost": 70000000004.46,
                                                                        "Total Cost": 70000281824.48,
                                                                        "Plan Rows": 31,
                                                                        "Plan Width": 63,
                                                                        "Actual Startup Time": 0.368,
                                                                        "Actual Total Time": 448.587,
                                                                        "Actual Rows": 3152,
                                                                        "Actual Loops": 1,
                                                                        "Output": [
                                                                            "mi_idx2.info",
                                                                            "mi_idx2.movie_id",
                                                                            "ml.link_type_id",
                                                                            "ml.movie_id",
                                                                            "ml.linked_movie_id",
                                                                            "t1.title",
                                                                            "t1.id",
                                                                            "t2.title",
                                                                            "t2.id"
                                                                        ],
                                                                        "Inner Unique": true,
                                                                        "Plans": [
                                                                            {
                                                                                "Node Type": "Nested Loop",
                                                                                "Parent Relationship": "Outer",
                                                                                "Parallel Aware": false,
                                                                                "Join Type": "Inner",
                                                                                "Startup Cost": 60000000004.32,
                                                                                "Total Cost": 60000281395.68,
                                                                                "Plan Rows": 108,
                                                                                "Plan Width": 67,
                                                                                "Actual Startup Time": 0.361,
                                                                                "Actual Total Time": 436.159,
                                                                                "Actual Rows": 3152,
                                                                                "Actual Loops": 1,
                                                                                "Output": [
                                                                                    "mi_idx2.info",
                                                                                    "mi_idx2.movie_id",
                                                                                    "ml.link_type_id",
                                                                                    "ml.movie_id",
                                                                                    "ml.linked_movie_id",
                                                                                    "t1.title",
                                                                                    "t1.id",
                                                                                    "t1.kind_id",
                                                                                    "t2.title",
                                                                                    "t2.id"
                                                                                ],
                                                                                "Inner Unique": true,
                                                                                "Plans": [
                                                                                    {
                                                                                        "Node Type": "Nested Loop",
                                                                                        "Parent Relationship": "Outer",
                                                                                        "Parallel Aware": false,
                                                                                        "Join Type": "Inner",
                                                                                        "Startup Cost": 50000000002.68,
                                                                                        "Total Cost": 50000280785.4,
                                                                                        "Plan Rows": 108,
                                                                                        "Plan Width": 42,
                                                                                        "Actual Startup Time": 0.337,
                                                                                        "Actual Total Time": 418.24,
                                                                                        "Actual Rows": 3152,
                                                                                        "Actual Loops": 1,
                                                                                        "Output": [
                                                                                            "mi_idx2.info",
                                                                                            "mi_idx2.movie_id",
                                                                                            "ml.link_type_id",
                                                                                            "ml.movie_id",
                                                                                            "ml.linked_movie_id",
                                                                                            "t2.title",
                                                                                            "t2.id"
                                                                                        ],
                                                                                        "Inner Unique": true,
                                                                                        "Plans": [
                                                                                            {
                                                                                                "Node Type": "Nested Loop",
                                                                                                "Parent Relationship": "Outer",
                                                                                                "Parallel Aware": false,
                                                                                                "Join Type": "Inner",
                                                                                                "Startup Cost": 40000000002.53,
                                                                                                "Total Cost": 40000270942.69,
                                                                                                "Plan Rows": 2363,
                                                                                                "Plan Width": 46,
                                                                                                "Actual Startup Time": 0.273,
                                                                                                "Actual Total Time": 366.24,
                                                                                                "Actual Rows": 14073,
                                                                                                "Actual Loops": 1,
                                                                                                "Output": [
                                                                                                    "t2.title",
                                                                                                    "t2.id",
                                                                                                    "mi_idx2.info",
                                                                                                    "mi_idx2.info_type_id",
                                                                                                    "mi_idx2.movie_id",
                                                                                                    "ml.link_type_id",
                                                                                                    "ml.movie_id",
                                                                                                    "ml.linked_movie_id"
                                                                                                ],
                                                                                                "Inner Unique": false,
                                                                                                "Plans": [
                                                                                                    {
                                                                                                        "Node Type": "Nested Loop",
                                                                                                        "Parent Relationship": "Outer",
                                                                                                        "Parallel Aware": false,
                                                                                                        "Join Type": "Inner",
                                                                                                        "Startup Cost": 30000000002.07,
                                                                                                        "Total Cost": 30000246361.48,
                                                                                                        "Plan Rows": 5425,
                                                                                                        "Plan Width": 33,
                                                                                                        "Actual Startup Time": 0.227,
                                                                                                        "Actual Total Time": 300.849,
                                                                                                        "Actual Rows": 9378,
                                                                                                        "Actual Loops": 1,
                                                                                                        "Output": [
                                                                                                            "t2.title",
                                                                                                            "t2.id",
                                                                                                            "ml.link_type_id",
                                                                                                            "ml.movie_id",
                                                                                                            "ml.linked_movie_id"
                                                                                                        ],
                                                                                                        "Inner Unique": true,
                                                                                                        "Plans": [
                                                                                                            {
                                                                                                                "Node Type": "Nested Loop",
                                                                                                                "Parent Relationship": "Outer",
                                                                                                                "Parallel Aware": false,
                                                                                                                "Join Type": "Inner",
                                                                                                                "Startup Cost": 20000000001.93,
                                                                                                                "Total Cost": 20000171081.29,
                                                                                                                "Plan Rows": 18986,
                                                                                                                "Plan Width": 37,
                                                                                                                "Actual Startup Time": 0.141,
                                                                                                                "Actual Total Time": 241.313,
                                                                                                                "Actual Rows": 15750,
                                                                                                                "Actual Loops": 1,
                                                                                                                "Output": [
                                                                                                                    "ml.link_type_id",
                                                                                                                    "ml.movie_id",
                                                                                                                    "ml.linked_movie_id",
                                                                                                                    "t2.title",
                                                                                                                    "t2.id",
                                                                                                                    "t2.kind_id"
                                                                                                                ],
                                                                                                                "Inner Unique": true,
                                                                                                                "Plans": [
                                                                                                                    {
                                                                                                                        "Node Type": "Index Scan",
                                                                                                                        "Parent Relationship": "Outer",
                                                                                                                        "Parallel Aware": false,
                                                                                                                        "Scan Direction": "Forward",
                                                                                                                        "Index Name": "link_type_id_movie_link",
                                                                                                                        "Relation Name": "movie_link",
                                                                                                                        "Schema": "public",
                                                                                                                        "Alias": "ml",
                                                                                                                        "Startup Cost": 10000000000.29,
                                                                                                                        "Total Cost": 10000001425.16,
                                                                                                                        "Plan Rows": 29997,
                                                                                                                        "Plan Width": 12,
                                                                                                                        "Actual Startup Time": 0.043,
                                                                                                                        "Actual Total Time": 11.588,
                                                                                                                        "Actual Rows": 29997,
                                                                                                                        "Actual Loops": 1,
                                                                                                                        "Output": [
                                                                                                                            "ml.id",
                                                                                                                            "ml.movie_id",
                                                                                                                            "ml.linked_movie_id",
                                                                                                                            "ml.link_type_id"
                                                                                                                        ]
                                                                                                                    },
                                                                                                                    {
                                                                                                                        "Node Type": "Bitmap Heap Scan",
                                                                                                                        "Parent Relationship": "Inner",
                                                                                                                        "Parallel Aware": false,
                                                                                                                        "Relation Name": "title",
                                                                                                                        "Schema": "public",
                                                                                                                        "Alias": "t2",
                                                                                                                        "Startup Cost": 1.64,
                                                                                                                        "Total Cost": 5.66,
                                                                                                                        "Plan Rows": 1,
                                                                                                                        "Plan Width": 25,
                                                                                                                        "Actual Startup Time": 0.006,
                                                                                                                        "Actual Total Time": 0.006,
                                                                                                                        "Actual Rows": 1,
                                                                                                                        "Actual Loops": 29997,
                                                                                                                        "Output": [
                                                                                                                            "t2.id",
                                                                                                                            "t2.title",
                                                                                                                            "t2.imdb_index",
                                                                                                                            "t2.kind_id",
                                                                                                                            "t2.production_year",
                                                                                                                            "t2.imdb_id",
                                                                                                                            "t2.phonetic_code",
                                                                                                                            "t2.episode_of_id",
                                                                                                                            "t2.season_nr",
                                                                                                                            "t2.episode_nr",
                                                                                                                            "t2.series_years",
                                                                                                                            "t2.md5sum"
                                                                                                                        ],
                                                                                                                        "Recheck Cond": "(t2.id = ml.linked_movie_id)",
                                                                                                                        "Rows Removed by Index Recheck": 0,
                                                                                                                        "Filter": "((t2.production_year >= 1996) AND (t2.production_year <= 2013))",
                                                                                                                        "Rows Removed by Filter": 0,
                                                                                                                        "Exact Heap Blocks": 29997,
                                                                                                                        "Lossy Heap Blocks": 0,
                                                                                                                        "Plans": [
                                                                                                                            {
                                                                                                                                "Node Type": "Bitmap Index Scan",
                                                                                                                                "Parent Relationship": "Outer",
                                                                                                                                "Parallel Aware": false,
                                                                                                                                "Index Name": "title_pkey",
                                                                                                                                "Startup Cost": 0.0,
                                                                                                                                "Total Cost": 1.64,
                                                                                                                                "Plan Rows": 1,
                                                                                                                                "Plan Width": 0,
                                                                                                                                "Actual Startup Time": 0.004,
                                                                                                                                "Actual Total Time": 0.004,
                                                                                                                                "Actual Rows": 1,
                                                                                                                                "Actual Loops": 29997,
                                                                                                                                "Index Cond": "(t2.id = ml.linked_movie_id)"
                                                                                                                            }
                                                                                                                        ]
                                                                                                                    }
                                                                                                                ]
                                                                                                            },
                                                                                                            {
                                                                                                                "Node Type": "Bitmap Heap Scan",
                                                                                                                "Parent Relationship": "Inner",
                                                                                                                "Parallel Aware": false,
                                                                                                                "Relation Name": "kind_type",
                                                                                                                "Schema": "public",
                                                                                                                "Alias": "kt2",
                                                                                                                "Startup Cost": 0.14,
                                                                                                                "Total Cost": 4.16,
                                                                                                                "Plan Rows": 1,
                                                                                                                "Plan Width": 4,
                                                                                                                "Actual Startup Time": 0.002,
                                                                                                                "Actual Total Time": 0.002,
                                                                                                                "Actual Rows": 1,
                                                                                                                "Actual Loops": 15750,
                                                                                                                "Output": [
                                                                                                                    "kt2.id",
                                                                                                                    "kt2.kind"
                                                                                                                ],
                                                                                                                "Recheck Cond": "(kt2.id = t2.kind_id)",
                                                                                                                "Rows Removed by Index Recheck": 0,
                                                                                                                "Filter": "((kt2.kind)::text = ANY ('{\"tv series\",episode}'::text[]))",
                                                                                                                "Rows Removed by Filter": 0,
                                                                                                                "Exact Heap Blocks": 15750,
                                                                                                                "Lossy Heap Blocks": 0,
                                                                                                                "Plans": [
                                                                                                                    {
                                                                                                                        "Node Type": "Bitmap Index Scan",
                                                                                                                        "Parent Relationship": "Outer",
                                                                                                                        "Parallel Aware": false,
                                                                                                                        "Index Name": "kind_type_pkey",
                                                                                                                        "Startup Cost": 0.0,
                                                                                                                        "Total Cost": 0.14,
                                                                                                                        "Plan Rows": 1,
                                                                                                                        "Plan Width": 0,
                                                                                                                        "Actual Startup Time": 0.001,
                                                                                                                        "Actual Total Time": 0.001,
                                                                                                                        "Actual Rows": 1,
                                                                                                                        "Actual Loops": 15750,
                                                                                                                        "Index Cond": "(kt2.id = t2.kind_id)"
                                                                                                                    }
                                                                                                                ]
                                                                                                            }
                                                                                                        ]
                                                                                                    },
                                                                                                    {
                                                                                                        "Node Type": "Bitmap Heap Scan",
                                                                                                        "Parent Relationship": "Inner",
                                                                                                        "Parallel Aware": false,
                                                                                                        "Relation Name": "movie_info_idx",
                                                                                                        "Schema": "public",
                                                                                                        "Alias": "mi_idx2",
                                                                                                        "Startup Cost": 0.47,
                                                                                                        "Total Cost": 4.51,
                                                                                                        "Plan Rows": 2,
                                                                                                        "Plan Width": 13,
                                                                                                        "Actual Startup Time": 0.005,
                                                                                                        "Actual Total Time": 0.005,
                                                                                                        "Actual Rows": 2,
                                                                                                        "Actual Loops": 9378,
                                                                                                        "Output": [
                                                                                                            "mi_idx2.id",
                                                                                                            "mi_idx2.movie_id",
                                                                                                            "mi_idx2.info_type_id",
                                                                                                            "mi_idx2.info",
                                                                                                            "mi_idx2.note"
                                                                                                        ],
                                                                                                        "Recheck Cond": "(mi_idx2.movie_id = t2.id)",
                                                                                                        "Rows Removed by Index Recheck": 0,
                                                                                                        "Filter": "(mi_idx2.info < '6.8'::text)",
                                                                                                        "Rows Removed by Filter": 1,
                                                                                                        "Exact Heap Blocks": 6532,
                                                                                                        "Lossy Heap Blocks": 0,
                                                                                                        "Plans": [
                                                                                                            {
                                                                                                                "Node Type": "Bitmap Index Scan",
                                                                                                                "Parent Relationship": "Outer",
                                                                                                                "Parallel Aware": false,
                                                                                                                "Index Name": "movie_id_movie_info_idx",
                                                                                                                "Startup Cost": 0.0,
                                                                                                                "Total Cost": 0.47,
                                                                                                                "Plan Rows": 3,
                                                                                                                "Plan Width": 0,
                                                                                                                "Actual Startup Time": 0.003,
                                                                                                                "Actual Total Time": 0.003,
                                                                                                                "Actual Rows": 2,
                                                                                                                "Actual Loops": 9378,
                                                                                                                "Index Cond": "(mi_idx2.movie_id = t2.id)"
                                                                                                            }
                                                                                                        ]
                                                                                                    }
                                                                                                ]
                                                                                            },
                                                                                            {
                                                                                                "Node Type": "Bitmap Heap Scan",
                                                                                                "Parent Relationship": "Inner",
                                                                                                "Parallel Aware": false,
                                                                                                "Relation Name": "info_type",
                                                                                                "Schema": "public",
                                                                                                "Alias": "it2",
                                                                                                "Startup Cost": 0.15,
                                                                                                "Total Cost": 4.17,
                                                                                                "Plan Rows": 1,
                                                                                                "Plan Width": 4,
                                                                                                "Actual Startup Time": 0.002,
                                                                                                "Actual Total Time": 0.002,
                                                                                                "Actual Rows": 0,
                                                                                                "Actual Loops": 14073,
                                                                                                "Output": [
                                                                                                    "it2.id",
                                                                                                    "it2.info"
                                                                                                ],
                                                                                                "Recheck Cond": "(it2.id = mi_idx2.info_type_id)",
                                                                                                "Rows Removed by Index Recheck": 0,
                                                                                                "Filter": "((it2.info)::text = 'rating'::text COLLATE \"C\")",
                                                                                                "Rows Removed by Filter": 1,
                                                                                                "Exact Heap Blocks": 14073,
                                                                                                "Lossy Heap Blocks": 0,
                                                                                                "Plans": [
                                                                                                    {
                                                                                                        "Node Type": "Bitmap Index Scan",
                                                                                                        "Parent Relationship": "Outer",
                                                                                                        "Parallel Aware": false,
                                                                                                        "Index Name": "info_type_pkey",
                                                                                                        "Startup Cost": 0.0,
                                                                                                        "Total Cost": 0.15,
                                                                                                        "Plan Rows": 1,
                                                                                                        "Plan Width": 0,
                                                                                                        "Actual Startup Time": 0.001,
                                                                                                        "Actual Total Time": 0.001,
                                                                                                        "Actual Rows": 1,
                                                                                                        "Actual Loops": 14073,
                                                                                                        "Index Cond": "(it2.id = mi_idx2.info_type_id)"
                                                                                                    }
                                                                                                ]
                                                                                            }
                                                                                        ]
                                                                                    },
                                                                                    {
                                                                                        "Node Type": "Bitmap Heap Scan",
                                                                                        "Parent Relationship": "Inner",
                                                                                        "Parallel Aware": false,
                                                                                        "Relation Name": "title",
                                                                                        "Schema": "public",
                                                                                        "Alias": "t1",
                                                                                        "Startup Cost": 1.64,
                                                                                        "Total Cost": 5.65,
                                                                                        "Plan Rows": 1,
                                                                                        "Plan Width": 25,
                                                                                        "Actual Startup Time": 0.004,
                                                                                        "Actual Total Time": 0.004,
                                                                                        "Actual Rows": 1,
                                                                                        "Actual Loops": 3152,
                                                                                        "Output": [
                                                                                            "t1.id",
                                                                                            "t1.title",
                                                                                            "t1.imdb_index",
                                                                                            "t1.kind_id",
                                                                                            "t1.production_year",
                                                                                            "t1.imdb_id",
                                                                                            "t1.phonetic_code",
                                                                                            "t1.episode_of_id",
                                                                                            "t1.season_nr",
                                                                                            "t1.episode_nr",
                                                                                            "t1.series_years",
                                                                                            "t1.md5sum"
                                                                                        ],
                                                                                        "Recheck Cond": "(t1.id = ml.movie_id)",
                                                                                        "Rows Removed by Index Recheck": 0,
                                                                                        "Exact Heap Blocks": 3152,
                                                                                        "Lossy Heap Blocks": 0,
                                                                                        "Plans": [
                                                                                            {
                                                                                                "Node Type": "Bitmap Index Scan",
                                                                                                "Parent Relationship": "Outer",
                                                                                                "Parallel Aware": false,
                                                                                                "Index Name": "title_pkey",
                                                                                                "Startup Cost": 0.0,
                                                                                                "Total Cost": 1.64,
                                                                                                "Plan Rows": 1,
                                                                                                "Plan Width": 0,
                                                                                                "Actual Startup Time": 0.002,
                                                                                                "Actual Total Time": 0.002,
                                                                                                "Actual Rows": 1,
                                                                                                "Actual Loops": 3152,
                                                                                                "Index Cond": "(t1.id = ml.movie_id)"
                                                                                            }
                                                                                        ]
                                                                                    }
                                                                                ]
                                                                            },
                                                                            {
                                                                                "Node Type": "Bitmap Heap Scan",
                                                                                "Parent Relationship": "Inner",
                                                                                "Parallel Aware": false,
                                                                                "Relation Name": "kind_type",
                                                                                "Schema": "public",
                                                                                "Alias": "kt1",
                                                                                "Startup Cost": 0.14,
                                                                                "Total Cost": 4.16,
                                                                                "Plan Rows": 1,
                                                                                "Plan Width": 4,
                                                                                "Actual Startup Time": 0.002,
                                                                                "Actual Total Time": 0.002,
                                                                                "Actual Rows": 1,
                                                                                "Actual Loops": 3152,
                                                                                "Output": [
                                                                                    "kt1.id",
                                                                                    "kt1.kind"
                                                                                ],
                                                                                "Recheck Cond": "(kt1.id = t1.kind_id)",
                                                                                "Rows Removed by Index Recheck": 0,
                                                                                "Filter": "((kt1.kind)::text = ANY ('{\"tv series\",episode}'::text[]))",
                                                                                "Rows Removed by Filter": 0,
                                                                                "Exact Heap Blocks": 3152,
                                                                                "Lossy Heap Blocks": 0,
                                                                                "Plans": [
                                                                                    {
                                                                                        "Node Type": "Bitmap Index Scan",
                                                                                        "Parent Relationship": "Outer",
                                                                                        "Parallel Aware": false,
                                                                                        "Index Name": "kind_type_pkey",
                                                                                        "Startup Cost": 0.0,
                                                                                        "Total Cost": 0.14,
                                                                                        "Plan Rows": 1,
                                                                                        "Plan Width": 0,
                                                                                        "Actual Startup Time": 0.001,
                                                                                        "Actual Total Time": 0.001,
                                                                                        "Actual Rows": 1,
                                                                                        "Actual Loops": 3152,
                                                                                        "Index Cond": "(kt1.id = t1.kind_id)"
                                                                                    }
                                                                                ]
                                                                            }
                                                                        ]
                                                                    },
                                                                    {
                                                                        "Node Type": "Bitmap Heap Scan",
                                                                        "Parent Relationship": "Inner",
                                                                        "Parallel Aware": false,
                                                                        "Relation Name": "movie_info_idx",
                                                                        "Schema": "public",
                                                                        "Alias": "mi_idx1",
                                                                        "Startup Cost": 0.46,
                                                                        "Total Cost": 4.5,
                                                                        "Plan Rows": 3,
                                                                        "Plan Width": 13,
                                                                        "Actual Startup Time": 0.003,
                                                                        "Actual Total Time": 0.004,
                                                                        "Actual Rows": 3,
                                                                        "Actual Loops": 3152,
                                                                        "Output": [
                                                                            "mi_idx1.id",
                                                                            "mi_idx1.movie_id",
                                                                            "mi_idx1.info_type_id",
                                                                            "mi_idx1.info",
                                                                            "mi_idx1.note"
                                                                        ],
                                                                        "Recheck Cond": "(mi_idx1.movie_id = t1.id)",
                                                                        "Rows Removed by Index Recheck": 0,
                                                                        "Exact Heap Blocks": 2669,
                                                                        "Lossy Heap Blocks": 0,
                                                                        "Plans": [
                                                                            {
                                                                                "Node Type": "Bitmap Index Scan",
                                                                                "Parent Relationship": "Outer",
                                                                                "Parallel Aware": false,
                                                                                "Index Name": "movie_id_movie_info_idx",
                                                                                "Startup Cost": 0.0,
                                                                                "Total Cost": 0.46,
                                                                                "Plan Rows": 3,
                                                                                "Plan Width": 0,
                                                                                "Actual Startup Time": 0.002,
                                                                                "Actual Total Time": 0.002,
                                                                                "Actual Rows": 3,
                                                                                "Actual Loops": 3152,
                                                                                "Index Cond": "(mi_idx1.movie_id = t1.id)"
                                                                            }
                                                                        ]
                                                                    }
                                                                ]
                                                            },
                                                            {
                                                                "Node Type": "Bitmap Heap Scan",
                                                                "Parent Relationship": "Inner",
                                                                "Parallel Aware": false,
                                                                "Relation Name": "info_type",
                                                                "Schema": "public",
                                                                "Alias": "it1",
                                                                "Startup Cost": 0.15,
                                                                "Total Cost": 4.17,
                                                                "Plan Rows": 1,
                                                                "Plan Width": 4,
                                                                "Actual Startup Time": 0.002,
                                                                "Actual Total Time": 0.002,
                                                                "Actual Rows": 0,
                                                                "Actual Loops": 8007,
                                                                "Output": [
                                                                    "it1.id",
                                                                    "it1.info"
                                                                ],
                                                                "Recheck Cond": "(it1.id = mi_idx1.info_type_id)",
                                                                "Rows Removed by Index Recheck": 0,
                                                                "Filter": "((it1.info)::text = 'rating'::text COLLATE \"C\")",
                                                                "Rows Removed by Filter": 1,
                                                                "Exact Heap Blocks": 8007,
                                                                "Lossy Heap Blocks": 0,
                                                                "Plans": [
                                                                    {
                                                                        "Node Type": "Bitmap Index Scan",
                                                                        "Parent Relationship": "Outer",
                                                                        "Parallel Aware": false,
                                                                        "Index Name": "info_type_pkey",
                                                                        "Startup Cost": 0.0,
                                                                        "Total Cost": 0.15,
                                                                        "Plan Rows": 1,
                                                                        "Plan Width": 0,
                                                                        "Actual Startup Time": 0.001,
                                                                        "Actual Total Time": 0.001,
                                                                        "Actual Rows": 1,
                                                                        "Actual Loops": 8007,
                                                                        "Index Cond": "(it1.id = mi_idx1.info_type_id)"
                                                                    }
                                                                ]
                                                            }
                                                        ]
                                                    },
                                                    {
                                                        "Node Type": "Bitmap Heap Scan",
                                                        "Parent Relationship": "Inner",
                                                        "Parallel Aware": false,
                                                        "Relation Name": "movie_companies",
                                                        "Schema": "public",
                                                        "Alias": "mc1",
                                                        "Startup Cost": 0.48,
                                                        "Total Cost": 4.55,
                                                        "Plan Rows": 5,
                                                        "Plan Width": 8,
                                                        "Actual Startup Time": 0.005,
                                                        "Actual Total Time": 0.006,
                                                        "Actual Rows": 6,
                                                        "Actual Loops": 2669,
                                                        "Output": [
                                                            "mc1.id",
                                                            "mc1.movie_id",
                                                            "mc1.company_id",
                                                            "mc1.company_type_id",
                                                            "mc1.note"
                                                        ],
                                                        "Recheck Cond": "(mc1.movie_id = t1.id)",
                                                        "Rows Removed by Index Recheck": 0,
                                                        "Exact Heap Blocks": 4516,
                                                        "Lossy Heap Blocks": 0,
                                                        "Plans": [
                                                            {
                                                                "Node Type": "Bitmap Index Scan",
                                                                "Parent Relationship": "Outer",
                                                                "Parallel Aware": false,
                                                                "Index Name": "movie_id_movie_companies",
                                                                "Startup Cost": 0.0,
                                                                "Total Cost": 0.48,
                                                                "Plan Rows": 5,
                                                                "Plan Width": 0,
                                                                "Actual Startup Time": 0.003,
                                                                "Actual Total Time": 0.003,
                                                                "Actual Rows": 6,
                                                                "Actual Loops": 2669,
                                                                "Index Cond": "(mc1.movie_id = t1.id)"
                                                            }
                                                        ]
                                                    }
                                                ]
                                            },
                                            {
                                                "Node Type": "Bitmap Heap Scan",
                                                "Parent Relationship": "Inner",
                                                "Parallel Aware": false,
                                                "Relation Name": "company_name",
                                                "Schema": "public",
                                                "Alias": "cn1",
                                                "Startup Cost": 0.43,
                                                "Total Cost": 4.44,
                                                "Plan Rows": 1,
                                                "Plan Width": 23,
                                                "Actual Startup Time": 0.003,
                                                "Actual Total Time": 0.003,
                                                "Actual Rows": 1,
                                                "Actual Loops": 17196,
                                                "Output": [
                                                    "cn1.id",
                                                    "cn1.name",
                                                    "cn1.country_code",
                                                    "cn1.imdb_id",
                                                    "cn1.name_pcode_nf",
                                                    "cn1.name_pcode_sf",
                                                    "cn1.md5sum"
                                                ],
                                                "Recheck Cond": "(cn1.id = mc1.company_id)",
                                                "Rows Removed by Index Recheck": 0,
                                                "Filter": "((cn1.country_code)::text <> '[us]'::text)",
                                                "Rows Removed by Filter": 0,
                                                "Exact Heap Blocks": 17196,
                                                "Lossy Heap Blocks": 0,
                                                "Plans": [
                                                    {
                                                        "Node Type": "Bitmap Index Scan",
                                                        "Parent Relationship": "Outer",
                                                        "Parallel Aware": false,
                                                        "Index Name": "company_name_pkey",
                                                        "Startup Cost": 0.0,
                                                        "Total Cost": 0.43,
                                                        "Plan Rows": 1,
                                                        "Plan Width": 0,
                                                        "Actual Startup Time": 0.002,
                                                        "Actual Total Time": 0.002,
                                                        "Actual Rows": 1,
                                                        "Actual Loops": 17196,
                                                        "Index Cond": "(cn1.id = mc1.company_id)"
                                                    }
                                                ]
                                            }
                                        ]
                                    },
                                    {
                                        "Node Type": "Bitmap Heap Scan",
                                        "Parent Relationship": "Inner",
                                        "Parallel Aware": false,
                                        "Relation Name": "movie_companies",
                                        "Schema": "public",
                                        "Alias": "mc2",
                                        "Startup Cost": 0.49,
                                        "Total Cost": 4.56,
                                        "Plan Rows": 5,
                                        "Plan Width": 8,
                                        "Actual Startup Time": 0.004,
                                        "Actual Total Time": 0.005,
                                        "Actual Rows": 3,
                                        "Actual Loops": 11957,
                                        "Output": [
                                            "mc2.id",
                                            "mc2.movie_id",
                                            "mc2.company_id",
                                            "mc2.company_type_id",
                                            "mc2.note"
                                        ],
                                        "Recheck Cond": "(mc2.movie_id = t2.id)",
                                        "Rows Removed by Index Recheck": 0,
                                        "Exact Heap Blocks": 16461,
                                        "Lossy Heap Blocks": 0,
                                        "Plans": [
                                            {
                                                "Node Type": "Bitmap Index Scan",
                                                "Parent Relationship": "Outer",
                                                "Parallel Aware": false,
                                                "Index Name": "movie_id_movie_companies",
                                                "Startup Cost": 0.0,
                                                "Total Cost": 0.49,
                                                "Plan Rows": 5,
                                                "Plan Width": 0,
                                                "Actual Startup Time": 0.002,
                                                "Actual Total Time": 0.002,
                                                "Actual Rows": 3,
                                                "Actual Loops": 11957,
                                                "Index Cond": "(mc2.movie_id = t2.id)"
                                            }
                                        ]
                                    }
                                ]
                            },
                            {
                                "Node Type": "Bitmap Heap Scan",
                                "Parent Relationship": "Inner",
                                "Parallel Aware": false,
                                "Relation Name": "company_name",
                                "Schema": "public",
                                "Alias": "cn2",
                                "Startup Cost": 0.43,
                                "Total Cost": 4.44,
                                "Plan Rows": 1,
                                "Plan Width": 23,
                                "Actual Startup Time": 0.003,
                                "Actual Total Time": 0.003,
                                "Actual Rows": 1,
                                "Actual Loops": 41485,
                                "Output": [
                                    "cn2.id",
                                    "cn2.name",
                                    "cn2.country_code",
                                    "cn2.imdb_id",
                                    "cn2.name_pcode_nf",
                                    "cn2.name_pcode_sf",
                                    "cn2.md5sum"
                                ],
                                "Recheck Cond": "(cn2.id = mc2.company_id)",
                                "Rows Removed by Index Recheck": 0,
                                "Exact Heap Blocks": 41485,
                                "Lossy Heap Blocks": 0,
                                "Plans": [
                                    {
                                        "Node Type": "Bitmap Index Scan",
                                        "Parent Relationship": "Outer",
                                        "Parallel Aware": false,
                                        "Index Name": "company_name_pkey",
                                        "Startup Cost": 0.0,
                                        "Total Cost": 0.43,
                                        "Plan Rows": 1,
                                        "Plan Width": 0,
                                        "Actual Startup Time": 0.002,
                                        "Actual Total Time": 0.002,
                                        "Actual Rows": 1,
                                        "Actual Loops": 41485,
                                        "Index Cond": "(cn2.id = mc2.company_id)"
                                    }
                                ]
                            }
                        ]
                    },
                    {
                        "Node Type": "Bitmap Heap Scan",
                        "Parent Relationship": "Inner",
                        "Parallel Aware": false,
                        "Relation Name": "link_type",
                        "Schema": "public",
                        "Alias": "lt",
                        "Startup Cost": 0.15,
                        "Total Cost": 4.16,
                        "Plan Rows": 1,
                        "Plan Width": 4,
                        "Actual Startup Time": 0.002,
                        "Actual Total Time": 0.002,
                        "Actual Rows": 0,
                        "Actual Loops": 41485,
                        "Output": [
                            "lt.id",
                            "lt.link"
                        ],
                        "Recheck Cond": "(lt.id = ml.link_type_id)",
                        "Rows Removed by Index Recheck": 0,
                        "Filter": "((lt.link)::text = ANY ('{\"unknown link\",references,\"spoofed in\"}'::text[]))",
                        "Rows Removed by Filter": 1,
                        "Exact Heap Blocks": 41485,
                        "Lossy Heap Blocks": 0,
                        "Plans": [
                            {
                                "Node Type": "Bitmap Index Scan",
                                "Parent Relationship": "Outer",
                                "Parallel Aware": false,
                                "Index Name": "link_type_pkey",
                                "Startup Cost": 0.0,
                                "Total Cost": 0.15,
                                "Plan Rows": 1,
                                "Plan Width": 0,
                                "Actual Startup Time": 0.001,
                                "Actual Total Time": 0.001,
                                "Actual Rows": 1,
                                "Actual Loops": 41485,
                                "Index Cond": "(lt.id = ml.link_type_id)"
                            }
                        ]
                    }
                ]
            }
        ]
    },
    "Planning Time": 136.551,
    "Triggers": [],
    "Execution Time": 1036.068
}