[
  {
    "Plan": {
      "Node Type": "Aggregate",
      "Strategy": "Plain",
      "Partial Mode": "Finalize",
      "Parallel Aware": false,
      "Startup Cost": 250779.12,
      "Total Cost": 250779.13,
      "Plan Rows": 1,
      "Plan Width": 8,
      "Actual Startup Time": 1267.986,
      "Actual Total Time": 1335.583,
      "Actual Rows": 1,
      "Actual Loops": 1,
      "Plans": [
        {
          "Node Type": "Gather",
          "Parent Relationship": "Outer",
          "Parallel Aware": false,
          "Startup Cost": 250778.8,
          "Total Cost": 250779.11,
          "Plan Rows": 3,
          "Plan Width": 8,
          "Actual Startup Time": 1267.128,
          "Actual Total Time": 1335.573,
          "Actual Rows": 4,
          "Actual Loops": 1,
          "Workers Planned": 3,
          "Workers Launched": 3,
          "Single Copy": false,
          "Plans": [
            {
              "Node Type": "Aggregate",
              "Strategy": "Plain",
              "Partial Mode": "Partial",
              "Parent Relationship": "Outer",
              "Parallel Aware": false,
              "Startup Cost": 249778.8,
              "Total Cost": 249778.81,
              "Plan Rows": 1,
              "Plan Width": 8,
              "Actual Startup Time": 1257.123,
              "Actual Total Time": 1257.127,
              "Actual Rows": 1,
              "Actual Loops": 4,
              "Plans": [
                {
                  "Node Type": "Nested Loop",
                  "Parent Relationship": "Outer",
                  "Parallel Aware": false,
                  "Join Type": "Inner",
                  "Startup Cost": 44402.51,
                  "Total Cost": 249730.26,
                  "Plan Rows": 19419,
                  "Plan Width": 0,
                  "Actual Startup Time": 125.758,
                  "Actual Total Time": 1248.67,
                  "Actual Rows": 144003,
                  "Actual Loops": 4,
                  "Inner Unique": false,
                  "Join Filter": "(t.id = ci.movie_id)",
                  "Rows Removed by Join Filter": 0,
                  "Plans": [
                    {
                      "Node Type": "Hash Join",
                      "Parent Relationship": "Outer",
                      "Parallel Aware": true,
                      "Join Type": "Inner",
                      "Startup Cost": 44401.94,
                      "Total Cost": 87280.02,
                      "Plan Rows": 92911,
                      "Plan Width": 8,
                      "Actual Startup Time": 122.313,
                      "Actual Total Time": 333.047,
                      "Actual Rows": 26894,
                      "Actual Loops": 4,
                      "Inner Unique": true,
                      "Hash Cond": "(mk.movie_id = t.id)",
                      "Plans": [
                        {
                          "Node Type": "Seq Scan",
                          "Parent Relationship": "Outer",
                          "Parallel Aware": true,
                          "Relation Name": "movie_keyword",
                          "Alias": "mk",
                          "Startup Cost": 0.0,
                          "Total Cost": 39047.32,
                          "Plan Rows": 1459332,
                          "Plan Width": 4,
                          "Actual Startup Time": 0.025,
                          "Actual Total Time": 94.358,
                          "Actual Rows": 1130982,
                          "Actual Loops": 4
                        },
                        {
                          "Node Type": "Hash",
                          "Parent Relationship": "Inner",
                          "Parallel Aware": true,
                          "Startup Cost": 43898.92,
                          "Total Cost": 43898.92,
                          "Plan Rows": 40242,
                          "Plan Width": 4,
                          "Actual Startup Time": 119.93,
                          "Actual Total Time": 119.931,
                          "Actual Rows": 41077,
                          "Actual Loops": 4,
                          "Hash Buckets": 262144,
                          "Original Hash Buckets": 262144,
                          "Hash Batches": 1,
                          "Original Hash Batches": 1,
                          "Peak Memory Usage": 8512,
                          "Plans": [
                            {
                              "Node Type": "Seq Scan",
                              "Parent Relationship": "Outer",
                              "Parallel Aware": true,
                              "Relation Name": "title",
                              "Alias": "t",
                              "Startup Cost": 0.0,
                              "Total Cost": 43898.92,
                              "Plan Rows": 40242,
                              "Plan Width": 4,
                              "Actual Startup Time": 0.041,
                              "Actual Total Time": 102.657,
                              "Actual Rows": 41077,
                              "Actual Loops": 4,
                              "Filter": "(production_year = 2012)",
                              "Rows Removed by Filter": 591001
                            }
                          ]
                        }
                      ]
                    },
                    {
                      "Node Type": "Index Scan",
                      "Parent Relationship": "Inner",
                      "Parallel Aware": false,
                      "Scan Direction": "Forward",
                      "Index Name": "movie_id_cast_info",
                      "Relation Name": "cast_info",
                      "Alias": "ci",
                      "Startup Cost": 0.56,
                      "Total Cost": 1.74,
                      "Plan Rows": 1,
                      "Plan Width": 4,
                      "Actual Startup Time": 0.029,
                      "Actual Total Time": 0.033,
                      "Actual Rows": 5,
                      "Actual Loops": 107578,
                      "Index Cond": "(movie_id = mk.movie_id)",
                      "Rows Removed by Index Recheck": 0,
                      "Filter": "((person_id > 3841141) AND (role_id > 2))",
                      "Rows Removed by Filter": 55
                    }
                  ]
                }
              ]
            }
          ]
        }
      ]
    },
    "Planning Time": 1.403,
    "Triggers": [],
    "Execution Time": 1335.691
  }
]