{
  "Plan": {
    "Node Type": "Aggregate",
    "Strategy": "Plain",
    "Partial Mode": "Finalize",
    "Parallel Aware": false,
    "Startup Cost": 168224.62,
    "Total Cost": 168224.63,
    "Plan Rows": 1,
    "Plan Width": 8,
    "Actual Startup Time": 1694.096,
    "Actual Total Time": 1721.56,
    "Actual Rows": 1,
    "Actual Loops": 1,
    "Plans": [
      {
        "Node Type": "Gather",
        "Parent Relationship": "Outer",
        "Parallel Aware": false,
        "Startup Cost": 168224.51,
        "Total Cost": 168224.62,
        "Plan Rows": 1,
        "Plan Width": 8,
        "Actual Startup Time": 1686.142,
        "Actual Total Time": 1721.55,
        "Actual Rows": 2,
        "Actual Loops": 1,
        "Workers Planned": 1,
        "Workers Launched": 1,
        "Single Copy": false,
        "Plans": [
          {
            "Node Type": "Aggregate",
            "Strategy": "Plain",
            "Partial Mode": "Partial",
            "Parent Relationship": "Outer",
            "Parallel Aware": false,
            "Startup Cost": 167224.51,
            "Total Cost": 167224.52,
            "Plan Rows": 1,
            "Plan Width": 8,
            "Actual Startup Time": 1680.449,
            "Actual Total Time": 1680.73,
            "Actual Rows": 1,
            "Actual Loops": 2,
            "Plans": [
              {
                "Node Type": "Hash Join",
                "Parent Relationship": "Outer",
                "Parallel Aware": true,
                "Join Type": "Inner",
                "Startup Cost": 123335.13,
                "Total Cost": 166032.68,
                "Plan Rows": 476731,
                "Plan Width": 0,
                "Actual Startup Time": 980.914,
                "Actual Total Time": 1556.144,
                "Actual Rows": 2528926,
                "Actual Loops": 2,
                "Inner Unique": false,
                "Hash Cond": "(mc.movie_id = t.id)",
                "Plans": [
                  {
                    "Node Type": "Seq Scan",
                    "Parent Relationship": "Outer",
                    "Parallel Aware": true,
                    "Relation Name": "movie_companies",
                    "Alias": "mc",
                    "Startup Cost": 0.0,
                    "Total Cost": 34137.82,
                    "Plan Rows": 1534782,
                    "Plan Width": 4,
                    "Actual Startup Time": 0.018,
                    "Actual Total Time": 122.765,
                    "Actual Rows": 1304564,
                    "Actual Loops": 2
                  },
                  {
                    "Node Type": "Hash",
                    "Parent Relationship": "Inner",
                    "Parallel Aware": true,
                    "Startup Cost": 117560.62,
                    "Total Cost": 117560.62,
                    "Plan Rows": 461961,
                    "Plan Width": 8,
                    "Actual Startup Time": 971.849,
                    "Actual Total Time": 972.128,
                    "Actual Rows": 398927,
                    "Actual Loops": 2,
                    "Hash Buckets": 1048576,
                    "Original Hash Buckets": 1048576,
                    "Hash Batches": 1,
                    "Original Hash Batches": 1,
                    "Peak Memory Usage": 39456,
                    "Plans": [
                      {
                        "Node Type": "Hash Join",
                        "Parent Relationship": "Outer",
                        "Parallel Aware": true,
                        "Join Type": "Inner",
                        "Startup Cost": 86119.46,
                        "Total Cost": 117560.62,
                        "Plan Rows": 461961,
                        "Plan Width": 8,
                        "Actual Startup Time": 636.123,
                        "Actual Total Time": 866.744,
                        "Actual Rows": 398927,
                        "Actual Loops": 2,
                        "Inner Unique": true,
                        "Hash Cond": "(mk.movie_id = t.id)",
                        "Plans": [
                          {
                            "Node Type": "Bitmap Heap Scan",
                            "Parent Relationship": "Outer",
                            "Parallel Aware": true,
                            "Relation Name": "movie_keyword",
                            "Alias": "mk",
                            "Startup Cost": 16658.76,
                            "Total Cost": 46887.27,
                            "Plan Rows": 461961,
                            "Plan Width": 4,
                            "Actual Startup Time": 48.563,
                            "Actual Total Time": 147.478,
                            "Actual Rows": 398927,
                            "Actual Loops": 2,
                            "Recheck Cond": "(keyword_id < 769)",
                            "Rows Removed by Index Recheck": 0,
                            "Exact Heap Blocks": 15281,
                            "Lossy Heap Blocks": 0,
                            "Plans": [
                              {
                                "Node Type": "Bitmap Index Scan",
                                "Parent Relationship": "Outer",
                                "Parallel Aware": false,
                                "Index Name": "keyword_id_movie_keyword",
                                "Startup Cost": 0.0,
                                "Total Cost": 16462.43,
                                "Plan Rows": 785333,
                                "Plan Width": 0,
                                "Actual Startup Time": 44.946,
                                "Actual Total Time": 44.946,
                                "Actual Rows": 797854,
                                "Actual Loops": 1,
                                "Index Cond": "(keyword_id < 769)"
                              }
                            ]
                          },
                          {
                            "Node Type": "Hash",
                            "Parent Relationship": "Inner",
                            "Parallel Aware": true,
                            "Startup Cost": 50870.31,
                            "Total Cost": 50870.31,
                            "Plan Rows": 1487231,
                            "Plan Width": 4,
                            "Actual Startup Time": 571.944,
                            "Actual Total Time": 571.945,
                            "Actual Rows": 1264156,
                            "Actual Loops": 2,
                            "Hash Buckets": 4194304,
                            "Original Hash Buckets": 4194304,
                            "Hash Batches": 1,
                            "Original Hash Batches": 1,
                            "Peak Memory Usage": 131712,
                            "Plans": [
                              {
                                "Node Type": "Seq Scan",
                                "Parent Relationship": "Outer",
                                "Parallel Aware": true,
                                "Relation Name": "title",
                                "Alias": "t",
                                "Startup Cost": 0.0,
                                "Total Cost": 50870.31,
                                "Plan Rows": 1487231,
                                "Plan Width": 4,
                                "Actual Startup Time": 0.032,
                                "Actual Total Time": 177.751,
                                "Actual Rows": 1264156,
                                "Actual Loops": 2
                              }
                            ]
                          }
                        ]
                      }
                    ]
                  }
                ]
              }
            ]
          }
        ]
      }
    ]
  },
  "Planning Time": 1.027,
  "Triggers": [],
  "Execution Time": 1721.725
}