[
  {
    "Plan": {
      "Node Type": "Aggregate",
      "Strategy": "Plain",
      "Partial Mode": "Finalize",
      "Parallel Aware": false,
      "Startup Cost": 80385.41,
      "Total Cost": 80385.42,
      "Plan Rows": 1,
      "Plan Width": 8,
      "Actual Startup Time": 657.877,
      "Actual Total Time": 698.76,
      "Actual Rows": 1,
      "Actual Loops": 1,
      "Plans": [
        {
          "Node Type": "Gather",
          "Parent Relationship": "Outer",
          "Parallel Aware": false,
          "Startup Cost": 80385.1,
          "Total Cost": 80385.41,
          "Plan Rows": 3,
          "Plan Width": 8,
          "Actual Startup Time": 642.131,
          "Actual Total Time": 698.743,
          "Actual Rows": 4,
          "Actual Loops": 1,
          "Workers Planned": 3,
          "Workers Launched": 3,
          "Single Copy": false,
          "Plans": [
            {
              "Node Type": "Aggregate",
              "Strategy": "Plain",
              "Partial Mode": "Partial",
              "Parent Relationship": "Outer",
              "Parallel Aware": false,
              "Startup Cost": 79385.1,
              "Total Cost": 79385.11,
              "Plan Rows": 1,
              "Plan Width": 8,
              "Actual Startup Time": 626.294,
              "Actual Total Time": 626.301,
              "Actual Rows": 1,
              "Actual Loops": 4,
              "Plans": [
                {
                  "Node Type": "Hash Join",
                  "Parent Relationship": "Outer",
                  "Parallel Aware": true,
                  "Join Type": "Inner",
                  "Startup Cost": 53865.23,
                  "Total Cost": 79269.19,
                  "Plan Rows": 46363,
                  "Plan Width": 0,
                  "Actual Startup Time": 520.117,
                  "Actual Total Time": 623.509,
                  "Actual Rows": 30900,
                  "Actual Loops": 4,
                  "Inner Unique": true,
                  "Hash Cond": "(mk.movie_id = t.id)",
                  "Plans": [
                    {
                      "Node Type": "Bitmap Heap Scan",
                      "Parent Relationship": "Outer",
                      "Parallel Aware": true,
                      "Relation Name": "movie_keyword",
                      "Alias": "mk",
                      "Startup Cost": 4133.37,
                      "Total Cost": 29372.46,
                      "Plan Rows": 62807,
                      "Plan Width": 4,
                      "Actual Startup Time": 33.227,
                      "Actual Total Time": 102.324,
                      "Actual Rows": 49779,
                      "Actual Loops": 4,
                      "Recheck Cond": "(keyword_id > 68964)",
                      "Rows Removed by Index Recheck": 0,
                      "Exact Heap Blocks": 6699,
                      "Lossy Heap Blocks": 0,
                      "Plans": [
                        {
                          "Node Type": "Bitmap Index Scan",
                          "Parent Relationship": "Outer",
                          "Parallel Aware": false,
                          "Index Name": "keyword_id_movie_keyword",
                          "Startup Cost": 0.0,
                          "Total Cost": 4084.7,
                          "Plan Rows": 194702,
                          "Plan Width": 0,
                          "Actual Startup Time": 28.294,
                          "Actual Total Time": 28.295,
                          "Actual Rows": 199116,
                          "Actual Loops": 1,
                          "Index Cond": "(keyword_id > 68964)"
                        }
                      ]
                    },
                    {
                      "Node Type": "Hash",
                      "Parent Relationship": "Inner",
                      "Parallel Aware": true,
                      "Startup Cost": 43899.32,
                      "Total Cost": 43899.32,
                      "Plan Rows": 466603,
                      "Plan Width": 4,
                      "Actual Startup Time": 478.025,
                      "Actual Total Time": 478.026,
                      "Actual Rows": 463202,
                      "Actual Loops": 4,
                      "Hash Buckets": 2097152,
                      "Original Hash Buckets": 2097152,
                      "Hash Batches": 1,
                      "Original Hash Batches": 1,
                      "Peak Memory Usage": 88928,
                      "Plans": [
                        {
                          "Node Type": "Seq Scan",
                          "Parent Relationship": "Outer",
                          "Parallel Aware": true,
                          "Relation Name": "title",
                          "Alias": "t",
                          "Startup Cost": 0.0,
                          "Total Cost": 43899.32,
                          "Plan Rows": 466603,
                          "Plan Width": 4,
                          "Actual Startup Time": 0.075,
                          "Actual Total Time": 189.894,
                          "Actual Rows": 463202,
                          "Actual Loops": 4,
                          "Filter": "(production_year > 1985)",
                          "Rows Removed by Filter": 168876
                        }
                      ]
                    }
                  ]
                }
              ]
            }
          ]
        }
      ]
    },
    "Planning Time": 0.609,
    "Triggers": [],
    "Execution Time": 698.879
  }
]