{
  "Plan": {
    "Node Type": "Aggregate",
    "Strategy": "Plain",
    "Partial Mode": "Finalize",
    "Parallel Aware": false,
    "Startup Cost": 300072.44,
    "Total Cost": 300072.45,
    "Plan Rows": 1,
    "Plan Width": 8,
    "Actual Startup Time": 1458.129,
    "Actual Total Time": 1489.004,
    "Actual Rows": 1,
    "Actual Loops": 1,
    "Plans": [
      {
        "Node Type": "Gather",
        "Parent Relationship": "Outer",
        "Parallel Aware": false,
        "Startup Cost": 300072.33,
        "Total Cost": 300072.44,
        "Plan Rows": 1,
        "Plan Width": 8,
        "Actual Startup Time": 1449.542,
        "Actual Total Time": 1488.997,
        "Actual Rows": 2,
        "Actual Loops": 1,
        "Workers Planned": 1,
        "Workers Launched": 1,
        "Single Copy": false,
        "Plans": [
          {
            "Node Type": "Aggregate",
            "Strategy": "Plain",
            "Partial Mode": "Partial",
            "Parent Relationship": "Outer",
            "Parallel Aware": false,
            "Startup Cost": 299072.33,
            "Total Cost": 299072.34,
            "Plan Rows": 1,
            "Plan Width": 8,
            "Actual Startup Time": 1443.039,
            "Actual Total Time": 1443.045,
            "Actual Rows": 1,
            "Actual Loops": 2,
            "Plans": [
              {
                "Node Type": "Hash Join",
                "Parent Relationship": "Outer",
                "Parallel Aware": true,
                "Join Type": "Inner",
                "Startup Cost": 255603.34,
                "Total Cost": 298005.88,
                "Plan Rows": 426579,
                "Plan Width": 0,
                "Actual Startup Time": 891.857,
                "Actual Total Time": 1361.42,
                "Actual Rows": 1515732,
                "Actual Loops": 2,
                "Inner Unique": false,
                "Hash Cond": "(mc.movie_id = t.id)",
                "Plans": [
                  {
                    "Node Type": "Seq Scan",
                    "Parent Relationship": "Outer",
                    "Parallel Aware": true,
                    "Relation Name": "movie_companies",
                    "Alias": "mc",
                    "Startup Cost": 0.0,
                    "Total Cost": 34137.82,
                    "Plan Rows": 1534782,
                    "Plan Width": 4,
                    "Actual Startup Time": 0.022,
                    "Actual Total Time": 118.094,
                    "Actual Rows": 1304564,
                    "Actual Loops": 2
                  },
                  {
                    "Node Type": "Hash",
                    "Parent Relationship": "Inner",
                    "Parallel Aware": true,
                    "Startup Cost": 250436.31,
                    "Total Cost": 250436.31,
                    "Plan Rows": 413363,
                    "Plan Width": 8,
                    "Actual Startup Time": 882.477,
                    "Actual Total Time": 882.481,
                    "Actual Rows": 330462,
                    "Actual Loops": 2,
                    "Hash Buckets": 1048576,
                    "Original Hash Buckets": 1048576,
                    "Hash Batches": 1,
                    "Original Hash Batches": 1,
                    "Peak Memory Usage": 34080,
                    "Plans": [
                      {
                        "Node Type": "Hash Join",
                        "Parent Relationship": "Outer",
                        "Parallel Aware": true,
                        "Join Type": "Inner",
                        "Startup Cost": 82191.19,
                        "Total Cost": 250436.31,
                        "Plan Rows": 413363,
                        "Plan Width": 8,
                        "Actual Startup Time": 621.833,
                        "Actual Total Time": 790.47,
                        "Actual Rows": 330462,
                        "Actual Loops": 2,
                        "Inner Unique": true,
                        "Hash Cond": "(mi.movie_id = t.id)",
                        "Plans": [
                          {
                            "Node Type": "Bitmap Heap Scan",
                            "Parent Relationship": "Outer",
                            "Parallel Aware": true,
                            "Relation Name": "movie_info",
                            "Alias": "mi",
                            "Startup Cost": 12730.49,
                            "Total Cost": 179890.53,
                            "Plan Rows": 413363,
                            "Plan Width": 4,
                            "Actual Startup Time": 18.953,
                            "Actual Total Time": 60.896,
                            "Actual Rows": 330462,
                            "Actual Loops": 2,
                            "Recheck Cond": "(info_type_id = 18)",
                            "Rows Removed by Index Recheck": 0,
                            "Exact Heap Blocks": 4136,
                            "Lossy Heap Blocks": 0,
                            "Plans": [
                              {
                                "Node Type": "Bitmap Index Scan",
                                "Parent Relationship": "Outer",
                                "Parallel Aware": false,
                                "Index Name": "info_type_id_movie_info",
                                "Startup Cost": 0.0,
                                "Total Cost": 12554.81,
                                "Plan Rows": 702717,
                                "Plan Width": 0,
                                "Actual Startup Time": 18.008,
                                "Actual Total Time": 18.009,
                                "Actual Rows": 660923,
                                "Actual Loops": 1,
                                "Index Cond": "(info_type_id = 18)"
                              }
                            ]
                          },
                          {
                            "Node Type": "Hash",
                            "Parent Relationship": "Inner",
                            "Parallel Aware": true,
                            "Startup Cost": 50870.31,
                            "Total Cost": 50870.31,
                            "Plan Rows": 1487231,
                            "Plan Width": 4,
                            "Actual Startup Time": 587.03,
                            "Actual Total Time": 587.031,
                            "Actual Rows": 1264156,
                            "Actual Loops": 2,
                            "Hash Buckets": 4194304,
                            "Original Hash Buckets": 4194304,
                            "Hash Batches": 1,
                            "Original Hash Batches": 1,
                            "Peak Memory Usage": 131712,
                            "Plans": [
                              {
                                "Node Type": "Seq Scan",
                                "Parent Relationship": "Outer",
                                "Parallel Aware": true,
                                "Relation Name": "title",
                                "Alias": "t",
                                "Startup Cost": 0.0,
                                "Total Cost": 50870.31,
                                "Plan Rows": 1487231,
                                "Plan Width": 4,
                                "Actual Startup Time": 0.036,
                                "Actual Total Time": 177.792,
                                "Actual Rows": 1264156,
                                "Actual Loops": 2
                              }
                            ]
                          }
                        ]
                      }
                    ]
                  }
                ]
              }
            ]
          }
        ]
      }
    ]
  },
  "Planning Time": 0.873,
  "Triggers": [],
  "Execution Time": 1489.106
}