[
  {
    "Plan": {
      "Node Type": "Aggregate",
      "Strategy": "Plain",
      "Partial Mode": "Finalize",
      "Parallel Aware": false,
      "Startup Cost": 46232.38,
      "Total Cost": 46232.39,
      "Plan Rows": 1,
      "Plan Width": 8,
      "Actual Startup Time": 112.519,
      "Actual Total Time": 124.553,
      "Actual Rows": 1,
      "Actual Loops": 1,
      "Plans": [
        {
          "Node Type": "Gather",
          "Parent Relationship": "Outer",
          "Parallel Aware": false,
          "Startup Cost": 46231.96,
          "Total Cost": 46232.37,
          "Plan Rows": 4,
          "Plan Width": 8,
          "Actual Startup Time": 112.221,
          "Actual Total Time": 124.54,
          "Actual Rows": 5,
          "Actual Loops": 1,
          "Workers Planned": 4,
          "Workers Launched": 4,
          "Single Copy": false,
          "Plans": [
            {
              "Node Type": "Aggregate",
              "Strategy": "Plain",
              "Partial Mode": "Partial",
              "Parent Relationship": "Outer",
              "Parallel Aware": false,
              "Startup Cost": 45231.96,
              "Total Cost": 45231.97,
              "Plan Rows": 1,
              "Plan Width": 8,
              "Actual Startup Time": 107.277,
              "Actual Total Time": 107.278,
              "Actual Rows": 1,
              "Actual Loops": 5,
              "Plans": [
                {
                  "Node Type": "Seq Scan",
                  "Parent Relationship": "Outer",
                  "Parallel Aware": true,
                  "Relation Name": "title",
                  "Alias": "t",
                  "Startup Cost": 0.0,
                  "Total Cost": 43899.32,
                  "Plan Rows": 533057,
                  "Plan Width": 0,
                  "Actual Startup Time": 0.028,
                  "Actual Total Time": 88.879,
                  "Actual Rows": 423674,
                  "Actual Loops": 5,
                  "Filter": "(production_year > 1967)",
                  "Rows Removed by Filter": 81988
                }
              ]
            }
          ]
        }
      ]
    },
    "Planning Time": 0.09,
    "Triggers": [],
    "Execution Time": 124.592
  }
]