{
    "Plan": {
        "Node Type": "Aggregate",
        "Strategy": "Plain",
        "Partial Mode": "Finalize",
        "Parallel Aware": false,
        "Startup Cost": 403433.14,
        "Total Cost": 403433.15,
        "Plan Rows": 1,
        "Plan Width": 8,
        "Actual Startup Time": 1467.098,
        "Actual Total Time": 1516.267,
        "Actual Rows": 1,
        "Actual Loops": 1,
        "Output": [
            "count(*)"
        ],
        "Plans": [
            {
                "Node Type": "Gather",
                "Parent Relationship": "Outer",
                "Parallel Aware": false,
                "Startup Cost": 403432.51,
                "Total Cost": 403433.12,
                "Plan Rows": 6,
                "Plan Width": 8,
                "Actual Startup Time": 1461.132,
                "Actual Total Time": 1516.256,
                "Actual Rows": 7,
                "Actual Loops": 1,
                "Output": [
                    "(PARTIAL count(*))"
                ],
                "Workers Planned": 6,
                "Workers Launched": 6,
                "Single Copy": false,
                "Plans": [
                    {
                        "Node Type": "Aggregate",
                        "Strategy": "Plain",
                        "Partial Mode": "Partial",
                        "Parent Relationship": "Outer",
                        "Parallel Aware": false,
                        "Startup Cost": 402432.51,
                        "Total Cost": 402432.52,
                        "Plan Rows": 1,
                        "Plan Width": 8,
                        "Actual Startup Time": 1446.171,
                        "Actual Total Time": 1446.174,
                        "Actual Rows": 1,
                        "Actual Loops": 7,
                        "Output": [
                            "PARTIAL count(*)"
                        ],
                        "Workers": [
                            {
                                "Worker Number": 0,
                                "Actual Startup Time": 1443.192,
                                "Actual Total Time": 1443.196,
                                "Actual Rows": 1,
                                "Actual Loops": 1
                            },
                            {
                                "Worker Number": 1,
                                "Actual Startup Time": 1444.968,
                                "Actual Total Time": 1444.971,
                                "Actual Rows": 1,
                                "Actual Loops": 1
                            },
                            {
                                "Worker Number": 2,
                                "Actual Startup Time": 1443.569,
                                "Actual Total Time": 1443.571,
                                "Actual Rows": 1,
                                "Actual Loops": 1
                            },
                            {
                                "Worker Number": 3,
                                "Actual Startup Time": 1443.698,
                                "Actual Total Time": 1443.701,
                                "Actual Rows": 1,
                                "Actual Loops": 1
                            },
                            {
                                "Worker Number": 4,
                                "Actual Startup Time": 1443.804,
                                "Actual Total Time": 1443.806,
                                "Actual Rows": 1,
                                "Actual Loops": 1
                            },
                            {
                                "Worker Number": 5,
                                "Actual Startup Time": 1443.69,
                                "Actual Total Time": 1443.693,
                                "Actual Rows": 1,
                                "Actual Loops": 1
                            }
                        ],
                        "Plans": [
                            {
                                "Node Type": "Hash Join",
                                "Parent Relationship": "Outer",
                                "Parallel Aware": true,
                                "Join Type": "Inner",
                                "Startup Cost": 49873.93,
                                "Total Cost": 398564.1,
                                "Plan Rows": 1547367,
                                "Plan Width": 0,
                                "Actual Startup Time": 577.324,
                                "Actual Total Time": 1399.339,
                                "Actual Rows": 921637,
                                "Actual Loops": 7,
                                "Inner Unique": true,
                                "Hash Cond": "(ci.movie_id = t.id)",
                                "Workers": [
                                    {
                                        "Worker Number": 0,
                                        "Actual Startup Time": 574.535,
                                        "Actual Total Time": 1392.292,
                                        "Actual Rows": 790917,
                                        "Actual Loops": 1
                                    },
                                    {
                                        "Worker Number": 1,
                                        "Actual Startup Time": 574.734,
                                        "Actual Total Time": 1394.727,
                                        "Actual Rows": 750382,
                                        "Actual Loops": 1
                                    },
                                    {
                                        "Worker Number": 2,
                                        "Actual Startup Time": 574.871,
                                        "Actual Total Time": 1395.534,
                                        "Actual Rows": 749149,
                                        "Actual Loops": 1
                                    },
                                    {
                                        "Worker Number": 3,
                                        "Actual Startup Time": 575.038,
                                        "Actual Total Time": 1401.52,
                                        "Actual Rows": 963531,
                                        "Actual Loops": 1
                                    },
                                    {
                                        "Worker Number": 4,
                                        "Actual Startup Time": 575.486,
                                        "Actual Total Time": 1400.224,
                                        "Actual Rows": 1065590,
                                        "Actual Loops": 1
                                    },
                                    {
                                        "Worker Number": 5,
                                        "Actual Startup Time": 574.996,
                                        "Actual Total Time": 1401.131,
                                        "Actual Rows": 970455,
                                        "Actual Loops": 1
                                    }
                                ],
                                "Plans": [
                                    {
                                        "Node Type": "Seq Scan",
                                        "Parent Relationship": "Outer",
                                        "Parallel Aware": true,
                                        "Relation Name": "cast_info",
                                        "Schema": "public",
                                        "Alias": "ci",
                                        "Startup Cost": 0.0,
                                        "Total Cost": 343318.94,
                                        "Plan Rows": 2046177,
                                        "Plan Width": 4,
                                        "Actual Startup Time": 361.73,
                                        "Actual Total Time": 686.81,
                                        "Actual Rows": 1098961,
                                        "Actual Loops": 7,
                                        "Output": [
                                            "ci.id",
                                            "ci.person_id",
                                            "ci.movie_id",
                                            "ci.person_role_id",
                                            "ci.note",
                                            "ci.nr_order",
                                            "ci.role_id"
                                        ],
                                        "Filter": "((ci.person_id < 2842400) AND (ci.role_id > 2))",
                                        "Rows Removed by Filter": 4078802,
                                        "Workers": [
                                            {
                                                "Worker Number": 0,
                                                "Actual Startup Time": 361.675,
                                                "Actual Total Time": 708.156,
                                                "Actual Rows": 943306,
                                                "Actual Loops": 1
                                            },
                                            {
                                                "Worker Number": 1,
                                                "Actual Startup Time": 361.851,
                                                "Actual Total Time": 705.457,
                                                "Actual Rows": 897384,
                                                "Actual Loops": 1
                                            },
                                            {
                                                "Worker Number": 2,
                                                "Actual Startup Time": 361.685,
                                                "Actual Total Time": 702.567,
                                                "Actual Rows": 892845,
                                                "Actual Loops": 1
                                            },
                                            {
                                                "Worker Number": 3,
                                                "Actual Startup Time": 361.718,
                                                "Actual Total Time": 680.023,
                                                "Actual Rows": 1143934,
                                                "Actual Loops": 1
                                            },
                                            {
                                                "Worker Number": 4,
                                                "Actual Startup Time": 361.671,
                                                "Actual Total Time": 681.148,
                                                "Actual Rows": 1272001,
                                                "Actual Loops": 1
                                            },
                                            {
                                                "Worker Number": 5,
                                                "Actual Startup Time": 361.689,
                                                "Actual Total Time": 680.724,
                                                "Actual Rows": 1157559,
                                                "Actual Loops": 1
                                            }
                                        ]
                                    },
                                    {
                                        "Node Type": "Hash",
                                        "Parent Relationship": "Inner",
                                        "Parallel Aware": true,
                                        "Startup Cost": 43899.01,
                                        "Total Cost": 43899.01,
                                        "Plan Rows": 477994,
                                        "Plan Width": 4,
                                        "Actual Startup Time": 210.632,
                                        "Actual Total Time": 210.633,
                                        "Actual Rows": 274004,
                                        "Actual Loops": 7,
                                        "Output": [
                                            "t.id"
                                        ],
                                        "Hash Buckets": 2097152,
                                        "Original Hash Buckets": 2097152,
                                        "Hash Batches": 1,
                                        "Original Hash Batches": 1,
                                        "Peak Memory Usage": 91520,
                                        "Workers": [
                                            {
                                                "Worker Number": 0,
                                                "Actual Startup Time": 212.012,
                                                "Actual Total Time": 212.013,
                                                "Actual Rows": 226356,
                                                "Actual Loops": 1
                                            },
                                            {
                                                "Worker Number": 1,
                                                "Actual Startup Time": 212.278,
                                                "Actual Total Time": 212.279,
                                                "Actual Rows": 221983,
                                                "Actual Loops": 1
                                            },
                                            {
                                                "Worker Number": 2,
                                                "Actual Startup Time": 212.403,
                                                "Actual Total Time": 212.404,
                                                "Actual Rows": 216475,
                                                "Actual Loops": 1
                                            },
                                            {
                                                "Worker Number": 3,
                                                "Actual Startup Time": 212.542,
                                                "Actual Total Time": 212.544,
                                                "Actual Rows": 276516,
                                                "Actual Loops": 1
                                            },
                                            {
                                                "Worker Number": 4,
                                                "Actual Startup Time": 212.652,
                                                "Actual Total Time": 212.653,
                                                "Actual Rows": 295535,
                                                "Actual Loops": 1
                                            },
                                            {
                                                "Worker Number": 5,
                                                "Actual Startup Time": 212.532,
                                                "Actual Total Time": 212.533,
                                                "Actual Rows": 274675,
                                                "Actual Loops": 1
                                            }
                                        ],
                                        "Plans": [
                                            {
                                                "Node Type": "Seq Scan",
                                                "Parent Relationship": "Outer",
                                                "Parallel Aware": true,
                                                "Relation Name": "title",
                                                "Schema": "public",
                                                "Alias": "t",
                                                "Startup Cost": 0.0,
                                                "Total Cost": 43899.01,
                                                "Plan Rows": 477994,
                                                "Plan Width": 4,
                                                "Actual Startup Time": 0.06,
                                                "Actual Total Time": 86.343,
                                                "Actual Rows": 274004,
                                                "Actual Loops": 7,
                                                "Output": [
                                                    "t.id"
                                                ],
                                                "Filter": "(t.production_year > 1981)",
                                                "Rows Removed by Filter": 87183,
                                                "Workers": [
                                                    {
                                                        "Worker Number": 0,
                                                        "Actual Startup Time": 0.064,
                                                        "Actual Total Time": 90.817,
                                                        "Actual Rows": 226356,
                                                        "Actual Loops": 1
                                                    },
                                                    {
                                                        "Worker Number": 1,
                                                        "Actual Startup Time": 0.072,
                                                        "Actual Total Time": 90.53,
                                                        "Actual Rows": 221983,
                                                        "Actual Loops": 1
                                                    },
                                                    {
                                                        "Worker Number": 2,
                                                        "Actual Startup Time": 0.072,
                                                        "Actual Total Time": 89.891,
                                                        "Actual Rows": 216475,
                                                        "Actual Loops": 1
                                                    },
                                                    {
                                                        "Worker Number": 3,
                                                        "Actual Startup Time": 0.064,
                                                        "Actual Total Time": 87.316,
                                                        "Actual Rows": 276516,
                                                        "Actual Loops": 1
                                                    },
                                                    {
                                                        "Worker Number": 4,
                                                        "Actual Startup Time": 0.059,
                                                        "Actual Total Time": 86.757,
                                                        "Actual Rows": 295535,
                                                        "Actual Loops": 1
                                                    },
                                                    {
                                                        "Worker Number": 5,
                                                        "Actual Startup Time": 0.068,
                                                        "Actual Total Time": 87.615,
                                                        "Actual Rows": 274675,
                                                        "Actual Loops": 1
                                                    }
                                                ]
                                            }
                                        ]
                                    }
                                ]
                            }
                        ]
                    }
                ]
            }
        ]
    },
    "Planning Time": 0.711,
    "Triggers": [],
    "Execution Time": 1516.355
}