{
  "Plan": {
    "Node Type": "Aggregate",
    "Strategy": "Plain",
    "Partial Mode": "Finalize",
    "Parallel Aware": false,
    "Startup Cost": 971604.36,
    "Total Cost": 971604.37,
    "Plan Rows": 1,
    "Plan Width": 8,
    "Actual Startup Time": 6156.742,
    "Actual Total Time": 6261.506,
    "Actual Rows": 1,
    "Actual Loops": 1,
    "Plans": [
      {
        "Node Type": "Gather",
        "Parent Relationship": "Outer",
        "Parallel Aware": false,
        "Startup Cost": 971604.25,
        "Total Cost": 971604.36,
        "Plan Rows": 1,
        "Plan Width": 8,
        "Actual Startup Time": 6149.825,
        "Actual Total Time": 6261.496,
        "Actual Rows": 2,
        "Actual Loops": 1,
        "Workers Planned": 1,
        "Workers Launched": 1,
        "Single Copy": false,
        "Plans": [
          {
            "Node Type": "Aggregate",
            "Strategy": "Plain",
            "Partial Mode": "Partial",
            "Parent Relationship": "Outer",
            "Parallel Aware": false,
            "Startup Cost": 970604.25,
            "Total Cost": 970604.26,
            "Plan Rows": 1,
            "Plan Width": 8,
            "Actual Startup Time": 6140.147,
            "Actual Total Time": 6140.154,
            "Actual Rows": 1,
            "Actual Loops": 2,
            "Plans": [
              {
                "Node Type": "Hash Join",
                "Parent Relationship": "Outer",
                "Parallel Aware": true,
                "Join Type": "Inner",
                "Startup Cost": 661397.71,
                "Total Cost": 964634.98,
                "Plan Rows": 2387705,
                "Plan Width": 0,
                "Actual Startup Time": 4219.408,
                "Actual Total Time": 5983.403,
                "Actual Rows": 3846492,
                "Actual Loops": 2,
                "Inner Unique": false,
                "Hash Cond": "(mi.movie_id = t.id)",
                "Plans": [
                  {
                    "Node Type": "Seq Scan",
                    "Parent Relationship": "Outer",
                    "Parallel Aware": true,
                    "Relation Name": "movie_info",
                    "Alias": "mi",
                    "Startup Cost": 0.0,
                    "Total Cost": 270696.42,
                    "Plan Rows": 3699105,
                    "Plan Width": 4,
                    "Actual Startup Time": 34.872,
                    "Actual Total Time": 685.132,
                    "Actual Rows": 3111747,
                    "Actual Loops": 2,
                    "Filter": "(info_type_id > 8)",
                    "Rows Removed by Filter": 4306113
                  },
                  {
                    "Node Type": "Hash",
                    "Parent Relationship": "Inner",
                    "Parallel Aware": true,
                    "Startup Cost": 649397.95,
                    "Total Cost": 649397.95,
                    "Plan Rows": 959981,
                    "Plan Width": 8,
                    "Actual Startup Time": 4169.546,
                    "Actual Total Time": 4169.551,
                    "Actual Rows": 1686584,
                    "Actual Loops": 2,
                    "Hash Buckets": 4194304,
                    "Original Hash Buckets": 2097152,
                    "Hash Batches": 1,
                    "Original Hash Batches": 1,
                    "Peak Memory Usage": 181152,
                    "Plans": [
                      {
                        "Node Type": "Hash Join",
                        "Parent Relationship": "Outer",
                        "Parallel Aware": true,
                        "Join Type": "Inner",
                        "Startup Cost": 61275.96,
                        "Total Cost": 649397.95,
                        "Plan Rows": 959981,
                        "Plan Width": 8,
                        "Actual Startup Time": 844.611,
                        "Actual Total Time": 3552.596,
                        "Actual Rows": 1686584,
                        "Actual Loops": 2,
                        "Inner Unique": true,
                        "Hash Cond": "(ci.movie_id = t.id)",
                        "Plans": [
                          {
                            "Node Type": "Seq Scan",
                            "Parent Relationship": "Outer",
                            "Parallel Aware": true,
                            "Relation Name": "cast_info",
                            "Alias": "ci",
                            "Startup Cost": 0.0,
                            "Total Cost": 572345.93,
                            "Plan Rows": 6009920,
                            "Plan Width": 4,
                            "Actual Startup Time": 624.085,
                            "Actual Total Time": 1783.407,
                            "Actual Rows": 7784562,
                            "Actual Loops": 2,
                            "Filter": "((person_id > 2081735) AND (role_id > 1))",
                            "Rows Removed by Filter": 10337610
                          },
                          {
                            "Node Type": "Hash",
                            "Parent Relationship": "Inner",
                            "Parallel Aware": true,
                            "Startup Cost": 58306.47,
                            "Total Cost": 58306.47,
                            "Plan Rows": 237559,
                            "Plan Width": 4,
                            "Actual Startup Time": 218.017,
                            "Actual Total Time": 218.019,
                            "Actual Rows": 217109,
                            "Actual Loops": 2,
                            "Hash Buckets": 524288,
                            "Original Hash Buckets": 524288,
                            "Hash Batches": 1,
                            "Original Hash Batches": 1,
                            "Peak Memory Usage": 21120,
                            "Plans": [
                              {
                                "Node Type": "Seq Scan",
                                "Parent Relationship": "Outer",
                                "Parallel Aware": true,
                                "Relation Name": "title",
                                "Alias": "t",
                                "Startup Cost": 0.0,
                                "Total Cost": 58306.47,
                                "Plan Rows": 237559,
                                "Plan Width": 4,
                                "Actual Startup Time": 0.032,
                                "Actual Total Time": 152.869,
                                "Actual Rows": 217109,
                                "Actual Loops": 2,
                                "Filter": "((production_year > 2008) AND (kind_id = 7))",
                                "Rows Removed by Filter": 1047047
                              }
                            ]
                          }
                        ]
                      }
                    ]
                  }
                ]
              }
            ]
          }
        ]
      }
    ]
  },
  "Planning Time": 1.142,
  "Triggers": [],
  "Execution Time": 6261.609
}