{
  "Plan": {
    "Node Type": "Aggregate",
    "Strategy": "Plain",
    "Partial Mode": "Finalize",
    "Parallel Aware": false,
    "Startup Cost": 105943.26,
    "Total Cost": 105943.27,
    "Plan Rows": 1,
    "Plan Width": 8,
    "Actual Startup Time": 536.549,
    "Actual Total Time": 553.407,
    "Actual Rows": 1,
    "Actual Loops": 1,
    "Plans": [
      {
        "Node Type": "Gather",
        "Parent Relationship": "Outer",
        "Parallel Aware": false,
        "Startup Cost": 105943.15,
        "Total Cost": 105943.26,
        "Plan Rows": 1,
        "Plan Width": 8,
        "Actual Startup Time": 533.252,
        "Actual Total Time": 553.395,
        "Actual Rows": 2,
        "Actual Loops": 1,
        "Workers Planned": 1,
        "Workers Launched": 1,
        "Single Copy": false,
        "Plans": [
          {
            "Node Type": "Aggregate",
            "Strategy": "Plain",
            "Partial Mode": "Partial",
            "Parent Relationship": "Outer",
            "Parallel Aware": false,
            "Startup Cost": 104943.15,
            "Total Cost": 104943.16,
            "Plan Rows": 1,
            "Plan Width": 8,
            "Actual Startup Time": 527.788,
            "Actual Total Time": 527.792,
            "Actual Rows": 1,
            "Actual Loops": 2,
            "Plans": [
              {
                "Node Type": "Hash Join",
                "Parent Relationship": "Outer",
                "Parallel Aware": true,
                "Join Type": "Inner",
                "Startup Cost": 75906.17,
                "Total Cost": 104521.49,
                "Plan Rows": 168663,
                "Plan Width": 0,
                "Actual Startup Time": 404.333,
                "Actual Total Time": 525.767,
                "Actual Rows": 33302,
                "Actual Loops": 2,
                "Inner Unique": true,
                "Hash Cond": "(mk.movie_id = t.id)",
                "Plans": [
                  {
                    "Node Type": "Bitmap Heap Scan",
                    "Parent Relationship": "Outer",
                    "Parallel Aware": true,
                    "Relation Name": "movie_keyword",
                    "Alias": "mk",
                    "Startup Cost": 9921.25,
                    "Total Cost": 37814.37,
                    "Plan Rows": 275129,
                    "Plan Width": 4,
                    "Actual Startup Time": 28.596,
                    "Actual Total Time": 99.365,
                    "Actual Rows": 228302,
                    "Actual Loops": 2,
                    "Recheck Cond": "(keyword_id > 38838)",
                    "Rows Removed by Index Recheck": 0,
                    "Exact Heap Blocks": 14309,
                    "Lossy Heap Blocks": 0,
                    "Plans": [
                      {
                        "Node Type": "Bitmap Index Scan",
                        "Parent Relationship": "Outer",
                        "Parallel Aware": false,
                        "Index Name": "keyword_id_movie_keyword",
                        "Startup Cost": 0.0,
                        "Total Cost": 9804.33,
                        "Plan Rows": 467719,
                        "Plan Width": 0,
                        "Actual Startup Time": 25.247,
                        "Actual Total Time": 25.248,
                        "Actual Rows": 456605,
                        "Actual Loops": 1,
                        "Index Cond": "(keyword_id > 38838)"
                      }
                    ]
                  },
                  {
                    "Node Type": "Hash",
                    "Parent Relationship": "Inner",
                    "Parallel Aware": true,
                    "Startup Cost": 54588.39,
                    "Total Cost": 54588.39,
                    "Plan Rows": 911722,
                    "Plan Width": 4,
                    "Actual Startup Time": 365.881,
                    "Actual Total Time": 365.881,
                    "Actual Rows": 777932,
                    "Actual Loops": 2,
                    "Hash Buckets": 2097152,
                    "Original Hash Buckets": 2097152,
                    "Hash Batches": 1,
                    "Original Hash Batches": 1,
                    "Peak Memory Usage": 77280,
                    "Plans": [
                      {
                        "Node Type": "Seq Scan",
                        "Parent Relationship": "Outer",
                        "Parallel Aware": true,
                        "Relation Name": "title",
                        "Alias": "t",
                        "Startup Cost": 0.0,
                        "Total Cost": 54588.39,
                        "Plan Rows": 911722,
                        "Plan Width": 4,
                        "Actual Startup Time": 0.048,
                        "Actual Total Time": 162.379,
                        "Actual Rows": 777932,
                        "Actual Loops": 2,
                        "Filter": "(kind_id > 4)",
                        "Rows Removed by Filter": 486224
                      }
                    ]
                  }
                ]
              }
            ]
          }
        ]
      }
    ]
  },
  "Planning Time": 0.313,
  "Triggers": [],
  "Execution Time": 553.464
}