[
  {
    "Plan": {
      "Node Type": "Aggregate",
      "Strategy": "Plain",
      "Partial Mode": "Finalize",
      "Parallel Aware": false,
      "Startup Cost": 239685.76,
      "Total Cost": 239685.77,
      "Plan Rows": 1,
      "Plan Width": 8,
      "Actual Startup Time": 200.184,
      "Actual Total Time": 230.559,
      "Actual Rows": 1,
      "Actual Loops": 1,
      "Plans": [
        {
          "Node Type": "Gather",
          "Parent Relationship": "Outer",
          "Parallel Aware": false,
          "Startup Cost": 239685.34,
          "Total Cost": 239685.75,
          "Plan Rows": 4,
          "Plan Width": 8,
          "Actual Startup Time": 200.069,
          "Actual Total Time": 230.55,
          "Actual Rows": 5,
          "Actual Loops": 1,
          "Workers Planned": 4,
          "Workers Launched": 4,
          "Single Copy": false,
          "Plans": [
            {
              "Node Type": "Aggregate",
              "Strategy": "Plain",
              "Partial Mode": "Partial",
              "Parent Relationship": "Outer",
              "Parallel Aware": false,
              "Startup Cost": 238685.34,
              "Total Cost": 238685.35,
              "Plan Rows": 1,
              "Plan Width": 8,
              "Actual Startup Time": 190.827,
              "Actual Total Time": 190.829,
              "Actual Rows": 1,
              "Actual Loops": 5,
              "Plans": [
                {
                  "Node Type": "Nested Loop",
                  "Parent Relationship": "Outer",
                  "Parallel Aware": false,
                  "Join Type": "Inner",
                  "Startup Cost": 0.43,
                  "Total Cost": 238662.33,
                  "Plan Rows": 9203,
                  "Plan Width": 0,
                  "Actual Startup Time": 57.86,
                  "Actual Total Time": 190.265,
                  "Actual Rows": 6158,
                  "Actual Loops": 5,
                  "Inner Unique": false,
                  "Plans": [
                    {
                      "Node Type": "Seq Scan",
                      "Parent Relationship": "Outer",
                      "Parallel Aware": true,
                      "Relation Name": "title",
                      "Alias": "t",
                      "Startup Cost": 0.0,
                      "Total Cost": 43898.92,
                      "Plan Rows": 7802,
                      "Plan Width": 4,
                      "Actual Startup Time": 53.525,
                      "Actual Total Time": 80.148,
                      "Actual Rows": 7010,
                      "Actual Loops": 5,
                      "Filter": "(production_year < 1912)",
                      "Rows Removed by Filter": 498652
                    },
                    {
                      "Node Type": "Index Scan",
                      "Parent Relationship": "Inner",
                      "Parallel Aware": false,
                      "Scan Direction": "Forward",
                      "Index Name": "movie_id_movie_info",
                      "Relation Name": "movie_info",
                      "Alias": "mi",
                      "Startup Cost": 0.43,
                      "Total Cost": 24.88,
                      "Plan Rows": 8,
                      "Plan Width": 4,
                      "Actual Startup Time": 0.012,
                      "Actual Total Time": 0.015,
                      "Actual Rows": 1,
                      "Actual Loops": 35050,
                      "Index Cond": "(movie_id = t.id)",
                      "Rows Removed by Index Recheck": 0,
                      "Filter": "(info_type_id = 16)",
                      "Rows Removed by Filter": 9
                    }
                  ]
                }
              ]
            }
          ]
        }
      ]
    },
    "Planning Time": 0.686,
    "Triggers": [],
    "Execution Time": 230.639
  }
]