[
  {
    "Plan": {
      "Node Type": "Aggregate",
      "Strategy": "Plain",
      "Partial Mode": "Finalize",
      "Parallel Aware": false,
      "Startup Cost": 237917.66,
      "Total Cost": 237917.67,
      "Plan Rows": 1,
      "Plan Width": 8,
      "Actual Startup Time": 391.484,
      "Actual Total Time": 408.369,
      "Actual Rows": 1,
      "Actual Loops": 1,
      "Plans": [
        {
          "Node Type": "Gather",
          "Parent Relationship": "Outer",
          "Parallel Aware": false,
          "Startup Cost": 237917.03,
          "Total Cost": 237917.64,
          "Plan Rows": 6,
          "Plan Width": 8,
          "Actual Startup Time": 390.934,
          "Actual Total Time": 408.358,
          "Actual Rows": 7,
          "Actual Loops": 1,
          "Workers Planned": 6,
          "Workers Launched": 6,
          "Single Copy": false,
          "Plans": [
            {
              "Node Type": "Aggregate",
              "Strategy": "Plain",
              "Partial Mode": "Partial",
              "Parent Relationship": "Outer",
              "Parallel Aware": false,
              "Startup Cost": 236917.03,
              "Total Cost": 236917.04,
              "Plan Rows": 1,
              "Plan Width": 8,
              "Actual Startup Time": 379.781,
              "Actual Total Time": 379.784,
              "Actual Rows": 1,
              "Actual Loops": 7,
              "Plans": [
                {
                  "Node Type": "Hash Join",
                  "Parent Relationship": "Outer",
                  "Parallel Aware": true,
                  "Join Type": "Inner",
                  "Startup Cost": 38820.68,
                  "Total Cost": 236851.25,
                  "Plan Rows": 26311,
                  "Plan Width": 0,
                  "Actual Startup Time": 54.849,
                  "Actual Total Time": 378.749,
                  "Actual Rows": 17954,
                  "Actual Loops": 7,
                  "Inner Unique": true,
                  "Hash Cond": "(ci.movie_id = t.id)",
                  "Plans": [
                    {
                      "Node Type": "Index Scan",
                      "Parent Relationship": "Outer",
                      "Parallel Aware": true,
                      "Scan Direction": "Forward",
                      "Index Name": "role_id_cast_info",
                      "Relation Name": "cast_info",
                      "Alias": "ci",
                      "Startup Cost": 0.56,
                      "Total Cost": 194809.41,
                      "Plan Rows": 1227324,
                      "Plan Width": 4,
                      "Actual Startup Time": 0.298,
                      "Actual Total Time": 190.281,
                      "Actual Rows": 1064568,
                      "Actual Loops": 7,
                      "Index Cond": "(role_id = 2)",
                      "Rows Removed by Index Recheck": 0
                    },
                    {
                      "Node Type": "Hash",
                      "Parent Relationship": "Inner",
                      "Parallel Aware": true,
                      "Startup Cost": 38650.74,
                      "Total Cost": 38650.74,
                      "Plan Rows": 13550,
                      "Plan Width": 4,
                      "Actual Startup Time": 53.25,
                      "Actual Total Time": 53.251,
                      "Actual Rows": 4944,
                      "Actual Loops": 7,
                      "Hash Buckets": 65536,
                      "Original Hash Buckets": 65536,
                      "Hash Batches": 1,
                      "Original Hash Batches": 1,
                      "Peak Memory Usage": 2048,
                      "Plans": [
                        {
                          "Node Type": "Bitmap Heap Scan",
                          "Parent Relationship": "Outer",
                          "Parallel Aware": true,
                          "Relation Name": "title",
                          "Alias": "t",
                          "Startup Cost": 2194.49,
                          "Total Cost": 38650.74,
                          "Plan Rows": 13550,
                          "Plan Width": 4,
                          "Actual Startup Time": 13.318,
                          "Actual Total Time": 49.982,
                          "Actual Rows": 4944,
                          "Actual Loops": 7,
                          "Recheck Cond": "(kind_id = 4)",
                          "Rows Removed by Index Recheck": 0,
                          "Filter": "(production_year < 2002)",
                          "Rows Removed by Filter": 11947,
                          "Exact Heap Blocks": 5334,
                          "Lossy Heap Blocks": 0,
                          "Plans": [
                            {
                              "Node Type": "Bitmap Index Scan",
                              "Parent Relationship": "Outer",
                              "Parallel Aware": false,
                              "Index Name": "kind_id_title",
                              "Startup Cost": 0.0,
                              "Total Cost": 2180.94,
                              "Plan Rows": 122201,
                              "Plan Width": 0,
                              "Actual Startup Time": 15.303,
                              "Actual Total Time": 15.304,
                              "Actual Rows": 118234,
                              "Actual Loops": 1,
                              "Index Cond": "(kind_id = 4)"
                            }
                          ]
                        }
                      ]
                    }
                  ]
                }
              ]
            }
          ]
        }
      ]
    },
    "Planning Time": 0.659,
    "Triggers": [],
    "Execution Time": 408.465
  }
]