[
  {
    "Plan": {
      "Node Type": "Aggregate",
      "Strategy": "Plain",
      "Partial Mode": "Finalize",
      "Parallel Aware": false,
      "Startup Cost": 83948.06,
      "Total Cost": 83948.07,
      "Plan Rows": 1,
      "Plan Width": 8,
      "Actual Startup Time": 350.976,
      "Actual Total Time": 389.602,
      "Actual Rows": 1,
      "Actual Loops": 1,
      "Plans": [
        {
          "Node Type": "Gather",
          "Parent Relationship": "Outer",
          "Parallel Aware": false,
          "Startup Cost": 83947.74,
          "Total Cost": 83948.05,
          "Plan Rows": 3,
          "Plan Width": 8,
          "Actual Startup Time": 350.57,
          "Actual Total Time": 389.592,
          "Actual Rows": 4,
          "Actual Loops": 1,
          "Workers Planned": 3,
          "Workers Launched": 3,
          "Single Copy": false,
          "Plans": [
            {
              "Node Type": "Aggregate",
              "Strategy": "Plain",
              "Partial Mode": "Partial",
              "Parent Relationship": "Outer",
              "Parallel Aware": false,
              "Startup Cost": 82947.74,
              "Total Cost": 82947.75,
              "Plan Rows": 1,
              "Plan Width": 8,
              "Actual Startup Time": 344.432,
              "Actual Total Time": 344.437,
              "Actual Rows": 1,
              "Actual Loops": 4,
              "Plans": [
                {
                  "Node Type": "Nested Loop",
                  "Parent Relationship": "Outer",
                  "Parallel Aware": false,
                  "Join Type": "Inner",
                  "Startup Cost": 45582.62,
                  "Total Cost": 82942.48,
                  "Plan Rows": 2104,
                  "Plan Width": 0,
                  "Actual Startup Time": 134.682,
                  "Actual Total Time": 342.403,
                  "Actual Rows": 25628,
                  "Actual Loops": 4,
                  "Inner Unique": false,
                  "Join Filter": "(t.id = mi.movie_id)",
                  "Rows Removed by Join Filter": 0,
                  "Plans": [
                    {
                      "Node Type": "Hash Join",
                      "Parent Relationship": "Outer",
                      "Parallel Aware": true,
                      "Join Type": "Inner",
                      "Startup Cost": 45582.19,
                      "Total Cost": 75481.63,
                      "Plan Rows": 2913,
                      "Plan Width": 8,
                      "Actual Startup Time": 134.55,
                      "Actual Total Time": 216.732,
                      "Actual Rows": 4856,
                      "Actual Loops": 4,
                      "Inner Unique": true,
                      "Hash Cond": "(mc.movie_id = t.id)",
                      "Plans": [
                        {
                          "Node Type": "Seq Scan",
                          "Parent Relationship": "Outer",
                          "Parallel Aware": true,
                          "Relation Name": "movie_companies",
                          "Alias": "mc",
                          "Startup Cost": 0.0,
                          "Total Cost": 29310.68,
                          "Plan Rows": 224290,
                          "Plan Width": 4,
                          "Actual Startup Time": 22.795,
                          "Actual Total Time": 80.079,
                          "Actual Rows": 172436,
                          "Actual Loops": 4,
                          "Filter": "(company_id > 47175)",
                          "Rows Removed by Filter": 479847
                        },
                        {
                          "Node Type": "Hash",
                          "Parent Relationship": "Inner",
                          "Parallel Aware": true,
                          "Startup Cost": 45479.59,
                          "Total Cost": 45479.59,
                          "Plan Rows": 8208,
                          "Plan Width": 4,
                          "Actual Startup Time": 111.054,
                          "Actual Total Time": 111.055,
                          "Actual Rows": 7026,
                          "Actual Loops": 4,
                          "Hash Buckets": 65536,
                          "Original Hash Buckets": 65536,
                          "Hash Batches": 1,
                          "Original Hash Batches": 1,
                          "Peak Memory Usage": 1696,
                          "Plans": [
                            {
                              "Node Type": "Seq Scan",
                              "Parent Relationship": "Outer",
                              "Parallel Aware": true,
                              "Relation Name": "title",
                              "Alias": "t",
                              "Startup Cost": 0.0,
                              "Total Cost": 45479.59,
                              "Plan Rows": 8208,
                              "Plan Width": 4,
                              "Actual Startup Time": 65.718,
                              "Actual Total Time": 107.687,
                              "Actual Rows": 7026,
                              "Actual Loops": 4,
                              "Filter": "((kind_id = 1) AND (production_year = 2009))",
                              "Rows Removed by Filter": 625052
                            }
                          ]
                        }
                      ]
                    },
                    {
                      "Node Type": "Index Scan",
                      "Parent Relationship": "Inner",
                      "Parallel Aware": false,
                      "Scan Direction": "Forward",
                      "Index Name": "movie_id_movie_info",
                      "Relation Name": "movie_info",
                      "Alias": "mi",
                      "Startup Cost": 0.43,
                      "Total Cost": 2.5,
                      "Plan Rows": 5,
                      "Plan Width": 4,
                      "Actual Startup Time": 0.012,
                      "Actual Total Time": 0.025,
                      "Actual Rows": 5,
                      "Actual Loops": 19425,
                      "Index Cond": "(movie_id = mc.movie_id)",
                      "Rows Removed by Index Recheck": 0,
                      "Filter": "(info_type_id > 17)",
                      "Rows Removed by Filter": 18
                    }
                  ]
                }
              ]
            }
          ]
        }
      ]
    },
    "Planning Time": 1.082,
    "Triggers": [],
    "Execution Time": 389.658
  }
]