[
  {
    "Plan": {
      "Node Type": "Aggregate",
      "Strategy": "Plain",
      "Partial Mode": "Finalize",
      "Parallel Aware": false,
      "Startup Cost": 356153.63,
      "Total Cost": 356153.64,
      "Plan Rows": 1,
      "Plan Width": 8,
      "Actual Startup Time": 360.427,
      "Actual Total Time": 376.533,
      "Actual Rows": 1,
      "Actual Loops": 1,
      "Plans": [
        {
          "Node Type": "Gather",
          "Parent Relationship": "Outer",
          "Parallel Aware": false,
          "Startup Cost": 356153.01,
          "Total Cost": 356153.62,
          "Plan Rows": 6,
          "Plan Width": 8,
          "Actual Startup Time": 355.319,
          "Actual Total Time": 376.515,
          "Actual Rows": 7,
          "Actual Loops": 1,
          "Workers Planned": 6,
          "Workers Launched": 6,
          "Single Copy": false,
          "Plans": [
            {
              "Node Type": "Aggregate",
              "Strategy": "Plain",
              "Partial Mode": "Partial",
              "Parent Relationship": "Outer",
              "Parallel Aware": false,
              "Startup Cost": 355153.01,
              "Total Cost": 355153.02,
              "Plan Rows": 1,
              "Plan Width": 8,
              "Actual Startup Time": 345.537,
              "Actual Total Time": 345.542,
              "Actual Rows": 1,
              "Actual Loops": 7,
              "Plans": [
                {
                  "Node Type": "Hash Join",
                  "Parent Relationship": "Outer",
                  "Parallel Aware": true,
                  "Join Type": "Inner",
                  "Startup Cost": 96189.62,
                  "Total Cost": 354946.18,
                  "Plan Rows": 82731,
                  "Plan Width": 0,
                  "Actual Startup Time": 282.487,
                  "Actual Total Time": 343.892,
                  "Actual Rows": 31970,
                  "Actual Loops": 7,
                  "Inner Unique": true,
                  "Hash Cond": "(ci.movie_id = t.id)",
                  "Plans": [
                    {
                      "Node Type": "Bitmap Heap Scan",
                      "Parent Relationship": "Outer",
                      "Parallel Aware": true,
                      "Relation Name": "cast_info",
                      "Alias": "ci",
                      "Startup Cost": 47940.55,
                      "Total Cost": 306077.53,
                      "Plan Rows": 236033,
                      "Plan Width": 4,
                      "Actual Startup Time": 152.386,
                      "Actual Total Time": 182.438,
                      "Actual Rows": 91941,
                      "Actual Loops": 7,
                      "Recheck Cond": "(person_id < 218827)",
                      "Rows Removed by Index Recheck": 0,
                      "Filter": "(role_id > 1)",
                      "Rows Removed by Filter": 228559,
                      "Exact Heap Blocks": 3836,
                      "Lossy Heap Blocks": 0,
                      "Plans": [
                        {
                          "Node Type": "Bitmap Index Scan",
                          "Parent Relationship": "Outer",
                          "Parallel Aware": false,
                          "Index Name": "person_id_cast_info",
                          "Startup Cost": 0.0,
                          "Total Cost": 47586.51,
                          "Plan Rows": 2179992,
                          "Plan Width": 0,
                          "Actual Startup Time": 93.711,
                          "Actual Total Time": 93.712,
                          "Actual Rows": 2243503,
                          "Actual Loops": 1,
                          "Index Cond": "(person_id < 218827)"
                        }
                      ]
                    },
                    {
                      "Node Type": "Hash",
                      "Parent Relationship": "Inner",
                      "Parallel Aware": true,
                      "Startup Cost": 45479.59,
                      "Total Cost": 45479.59,
                      "Plan Rows": 221558,
                      "Plan Width": 4,
                      "Actual Startup Time": 127.234,
                      "Actual Total Time": 127.235,
                      "Actual Rows": 114386,
                      "Actual Loops": 7,
                      "Hash Buckets": 1048576,
                      "Original Hash Buckets": 1048576,
                      "Hash Batches": 1,
                      "Original Hash Batches": 1,
                      "Peak Memory Usage": 39616,
                      "Plans": [
                        {
                          "Node Type": "Seq Scan",
                          "Parent Relationship": "Outer",
                          "Parallel Aware": true,
                          "Relation Name": "title",
                          "Alias": "t",
                          "Startup Cost": 0.0,
                          "Total Cost": 45479.59,
                          "Plan Rows": 221558,
                          "Plan Width": 4,
                          "Actual Startup Time": 0.057,
                          "Actual Total Time": 75.689,
                          "Actual Rows": 114386,
                          "Actual Loops": 7,
                          "Filter": "((kind_id < 7) AND (production_year > 1954))",
                          "Rows Removed by Filter": 246801
                        }
                      ]
                    }
                  ]
                }
              ]
            }
          ]
        }
      ]
    },
    "Planning Time": 0.486,
    "Triggers": [],
    "Execution Time": 376.621
  }
]