[
  {
    "Plan": {
      "Node Type": "Aggregate",
      "Strategy": "Plain",
      "Partial Mode": "Finalize",
      "Parallel Aware": false,
      "Startup Cost": 33141.44,
      "Total Cost": 33141.45,
      "Plan Rows": 1,
      "Plan Width": 8,
      "Actual Startup Time": 103.182,
      "Actual Total Time": 112.263,
      "Actual Rows": 1,
      "Actual Loops": 1,
      "Plans": [
        {
          "Node Type": "Gather",
          "Parent Relationship": "Outer",
          "Parallel Aware": false,
          "Startup Cost": 33141.12,
          "Total Cost": 33141.43,
          "Plan Rows": 3,
          "Plan Width": 8,
          "Actual Startup Time": 103.061,
          "Actual Total Time": 112.254,
          "Actual Rows": 4,
          "Actual Loops": 1,
          "Workers Planned": 3,
          "Workers Launched": 3,
          "Single Copy": false,
          "Plans": [
            {
              "Node Type": "Aggregate",
              "Strategy": "Plain",
              "Partial Mode": "Partial",
              "Parent Relationship": "Outer",
              "Parallel Aware": false,
              "Startup Cost": 32141.12,
              "Total Cost": 32141.13,
              "Plan Rows": 1,
              "Plan Width": 8,
              "Actual Startup Time": 94.898,
              "Actual Total Time": 94.899,
              "Actual Rows": 1,
              "Actual Loops": 4,
              "Plans": [
                {
                  "Node Type": "Seq Scan",
                  "Parent Relationship": "Outer",
                  "Parallel Aware": true,
                  "Relation Name": "movie_companies",
                  "Alias": "mc",
                  "Startup Cost": 0.0,
                  "Total Cost": 31414.82,
                  "Plan Rows": 290520,
                  "Plan Width": 0,
                  "Actual Startup Time": 52.324,
                  "Actual Total Time": 88.109,
                  "Actual Rows": 145116,
                  "Actual Loops": 4,
                  "Filter": "((company_id < 25411) AND (company_type_id > 1))",
                  "Rows Removed by Filter": 507166
                }
              ]
            }
          ]
        }
      ]
    },
    "Planning Time": 0.23,
    "Triggers": [],
    "Execution Time": 112.327
  }
]