[
  {
    "Plan": {
      "Node Type": "Aggregate",
      "Strategy": "Plain",
      "Partial Mode": "Finalize",
      "Parallel Aware": false,
      "Startup Cost": 353894.59,
      "Total Cost": 353894.6,
      "Plan Rows": 1,
      "Plan Width": 8,
      "Actual Startup Time": 843.424,
      "Actual Total Time": 902.435,
      "Actual Rows": 1,
      "Actual Loops": 1,
      "Plans": [
        {
          "Node Type": "Gather",
          "Parent Relationship": "Outer",
          "Parallel Aware": false,
          "Startup Cost": 353893.96,
          "Total Cost": 353894.57,
          "Plan Rows": 6,
          "Plan Width": 8,
          "Actual Startup Time": 843.285,
          "Actual Total Time": 902.422,
          "Actual Rows": 7,
          "Actual Loops": 1,
          "Workers Planned": 6,
          "Workers Launched": 6,
          "Single Copy": false,
          "Plans": [
            {
              "Node Type": "Aggregate",
              "Strategy": "Plain",
              "Partial Mode": "Partial",
              "Parent Relationship": "Outer",
              "Parallel Aware": false,
              "Startup Cost": 352893.96,
              "Total Cost": 352893.97,
              "Plan Rows": 1,
              "Plan Width": 8,
              "Actual Startup Time": 834.557,
              "Actual Total Time": 834.558,
              "Actual Rows": 1,
              "Actual Loops": 7,
              "Plans": [
                {
                  "Node Type": "Seq Scan",
                  "Parent Relationship": "Outer",
                  "Parallel Aware": true,
                  "Relation Name": "cast_info",
                  "Alias": "ci",
                  "Startup Cost": 0.0,
                  "Total Cost": 343257.03,
                  "Plan Rows": 3854774,
                  "Plan Width": 0,
                  "Actual Startup Time": 226.991,
                  "Actual Total Time": 703.276,
                  "Actual Rows": 3235748,
                  "Actual Loops": 7,
                  "Filter": "((person_id < 3885050) AND (role_id > 1))",
                  "Rows Removed by Filter": 1942016
                }
              ]
            }
          ]
        }
      ]
    },
    "Planning Time": 0.235,
    "Triggers": [],
    "Execution Time": 902.514
  }
]