[
  {
    "Plan": {
      "Node Type": "Aggregate",
      "Strategy": "Plain",
      "Partial Mode": "Simple",
      "Parallel Aware": false,
      "Startup Cost": 39365.28,
      "Total Cost": 39365.29,
      "Plan Rows": 1,
      "Plan Width": 8,
      "Actual Startup Time": 53.19,
      "Actual Total Time": 53.192,
      "Actual Rows": 1,
      "Actual Loops": 1,
      "Plans": [
        {
          "Node Type": "Bitmap Heap Scan",
          "Parent Relationship": "Outer",
          "Parallel Aware": false,
          "Relation Name": "title",
          "Alias": "t",
          "Startup Cost": 1719.61,
          "Total Cost": 39143.65,
          "Plan Rows": 88655,
          "Plan Width": 0,
          "Actual Startup Time": 7.511,
          "Actual Total Time": 49.368,
          "Actual Rows": 90655,
          "Actual Loops": 1,
          "Recheck Cond": "(kind_id = 2)",
          "Rows Removed by Index Recheck": 0,
          "Filter": "(production_year > 1925)",
          "Rows Removed by Filter": 197,
          "Exact Heap Blocks": 23872,
          "Lossy Heap Blocks": 0,
          "Plans": [
            {
              "Node Type": "Bitmap Index Scan",
              "Parent Relationship": "Outer",
              "Parallel Aware": false,
              "Index Name": "kind_id_title",
              "Startup Cost": 0.0,
              "Total Cost": 1697.45,
              "Plan Rows": 95069,
              "Plan Width": 0,
              "Actual Startup Time": 4.616,
              "Actual Total Time": 4.617,
              "Actual Rows": 90852,
              "Actual Loops": 1,
              "Index Cond": "(kind_id = 2)"
            }
          ]
        }
      ]
    },
    "Planning Time": 0.079,
    "Triggers": [],
    "Execution Time": 53.219
  }
]