[
  {
    "Plan": {
      "Node Type": "Aggregate",
      "Strategy": "Plain",
      "Partial Mode": "Finalize",
      "Parallel Aware": false,
      "Startup Cost": 44769.65,
      "Total Cost": 44769.66,
      "Plan Rows": 1,
      "Plan Width": 8,
      "Actual Startup Time": 130.158,
      "Actual Total Time": 136.846,
      "Actual Rows": 1,
      "Actual Loops": 1,
      "Plans": [
        {
          "Node Type": "Gather",
          "Parent Relationship": "Outer",
          "Parallel Aware": false,
          "Startup Cost": 44769.33,
          "Total Cost": 44769.64,
          "Plan Rows": 3,
          "Plan Width": 8,
          "Actual Startup Time": 130.016,
          "Actual Total Time": 136.837,
          "Actual Rows": 4,
          "Actual Loops": 1,
          "Workers Planned": 3,
          "Workers Launched": 3,
          "Single Copy": false,
          "Plans": [
            {
              "Node Type": "Aggregate",
              "Strategy": "Plain",
              "Partial Mode": "Partial",
              "Parent Relationship": "Outer",
              "Parallel Aware": false,
              "Startup Cost": 43769.33,
              "Total Cost": 43769.34,
              "Plan Rows": 1,
              "Plan Width": 8,
              "Actual Startup Time": 121.664,
              "Actual Total Time": 121.665,
              "Actual Rows": 1,
              "Actual Loops": 4,
              "Plans": [
                {
                  "Node Type": "Seq Scan",
                  "Parent Relationship": "Outer",
                  "Parallel Aware": true,
                  "Relation Name": "movie_keyword",
                  "Alias": "mk",
                  "Startup Cost": 0.0,
                  "Total Cost": 42695.65,
                  "Plan Rows": 429471,
                  "Plan Width": 0,
                  "Actual Startup Time": 1.658,
                  "Actual Total Time": 105.483,
                  "Actual Rows": 332369,
                  "Actual Loops": 4,
                  "Filter": "(keyword_id > 12954)",
                  "Rows Removed by Filter": 798614
                }
              ]
            }
          ]
        }
      ]
    },
    "Planning Time": 0.125,
    "Triggers": [],
    "Execution Time": 136.89
  }
]