{
  "Plan": {
    "Node Type": "Aggregate",
    "Strategy": "Plain",
    "Partial Mode": "Finalize",
    "Parallel Aware": false,
    "Startup Cost": 113722.01,
    "Total Cost": 113722.02,
    "Plan Rows": 1,
    "Plan Width": 8,
    "Actual Startup Time": 643.241,
    "Actual Total Time": 657.917,
    "Actual Rows": 1,
    "Actual Loops": 1,
    "Plans": [
      {
        "Node Type": "Gather",
        "Parent Relationship": "Outer",
        "Parallel Aware": false,
        "Startup Cost": 113721.9,
        "Total Cost": 113722.01,
        "Plan Rows": 1,
        "Plan Width": 8,
        "Actual Startup Time": 641.683,
        "Actual Total Time": 657.91,
        "Actual Rows": 2,
        "Actual Loops": 1,
        "Workers Planned": 1,
        "Workers Launched": 1,
        "Single Copy": false,
        "Plans": [
          {
            "Node Type": "Aggregate",
            "Strategy": "Plain",
            "Partial Mode": "Partial",
            "Parent Relationship": "Outer",
            "Parallel Aware": false,
            "Startup Cost": 112721.9,
            "Total Cost": 112721.91,
            "Plan Rows": 1,
            "Plan Width": 8,
            "Actual Startup Time": 635.215,
            "Actual Total Time": 635.222,
            "Actual Rows": 1,
            "Actual Loops": 2,
            "Plans": [
              {
                "Node Type": "Hash Join",
                "Parent Relationship": "Outer",
                "Parallel Aware": true,
                "Join Type": "Inner",
                "Startup Cost": 93460.01,
                "Total Cost": 112673.22,
                "Plan Rows": 19471,
                "Plan Width": 0,
                "Actual Startup Time": 528.385,
                "Actual Total Time": 632.476,
                "Actual Rows": 68812,
                "Actual Loops": 2,
                "Inner Unique": false,
                "Hash Cond": "(mi_idx.movie_id = t.id)",
                "Plans": [
                  {
                    "Node Type": "Seq Scan",
                    "Parent Relationship": "Outer",
                    "Parallel Aware": true,
                    "Relation Name": "movie_info_idx",
                    "Alias": "mi_idx",
                    "Startup Cost": 0.0,
                    "Total Cost": 18082.32,
                    "Plan Rows": 271028,
                    "Plan Width": 4,
                    "Actual Startup Time": 0.028,
                    "Actual Total Time": 51.703,
                    "Actual Rows": 229962,
                    "Actual Loops": 2,
                    "Filter": "(info_type_id = 101)",
                    "Rows Removed by Filter": 460055
                  },
                  {
                    "Node Type": "Hash",
                    "Parent Relationship": "Inner",
                    "Parallel Aware": true,
                    "Startup Cost": 92124.45,
                    "Total Cost": 92124.45,
                    "Plan Rows": 106845,
                    "Plan Width": 8,
                    "Actual Startup Time": 524.593,
                    "Actual Total Time": 524.597,
                    "Actual Rows": 140193,
                    "Actual Loops": 2,
                    "Hash Buckets": 524288,
                    "Original Hash Buckets": 262144,
                    "Hash Batches": 1,
                    "Original Hash Batches": 1,
                    "Peak Memory Usage": 17152,
                    "Plans": [
                      {
                        "Node Type": "Hash Join",
                        "Parent Relationship": "Outer",
                        "Parallel Aware": true,
                        "Join Type": "Inner",
                        "Startup Cost": 31330.44,
                        "Total Cost": 92124.45,
                        "Plan Rows": 106845,
                        "Plan Width": 8,
                        "Actual Startup Time": 133.04,
                        "Actual Total Time": 476.091,
                        "Actual Rows": 140193,
                        "Actual Loops": 2,
                        "Inner Unique": false,
                        "Hash Cond": "(t.id = mc.movie_id)",
                        "Plans": [
                          {
                            "Node Type": "Seq Scan",
                            "Parent Relationship": "Outer",
                            "Parallel Aware": true,
                            "Relation Name": "title",
                            "Alias": "t",
                            "Startup Cost": 0.0,
                            "Total Cost": 50870.31,
                            "Plan Rows": 1487231,
                            "Plan Width": 4,
                            "Actual Startup Time": 0.011,
                            "Actual Total Time": 124.345,
                            "Actual Rows": 1264156,
                            "Actual Loops": 2
                          },
                          {
                            "Node Type": "Hash",
                            "Parent Relationship": "Inner",
                            "Parallel Aware": true,
                            "Startup Cost": 29994.88,
                            "Total Cost": 29994.88,
                            "Plan Rows": 106845,
                            "Plan Width": 4,
                            "Actual Startup Time": 130.956,
                            "Actual Total Time": 130.958,
                            "Actual Rows": 140193,
                            "Actual Loops": 2,
                            "Hash Buckets": 524288,
                            "Original Hash Buckets": 262144,
                            "Hash Batches": 1,
                            "Original Hash Batches": 1,
                            "Peak Memory Usage": 17152,
                            "Plans": [
                              {
                                "Node Type": "Bitmap Heap Scan",
                                "Parent Relationship": "Outer",
                                "Parallel Aware": true,
                                "Relation Name": "movie_companies",
                                "Alias": "mc",
                                "Startup Cost": 7949.18,
                                "Total Cost": 29994.88,
                                "Plan Rows": 106845,
                                "Plan Width": 4,
                                "Actual Startup Time": 29.676,
                                "Actual Total Time": 89.458,
                                "Actual Rows": 140193,
                                "Actual Loops": 2,
                                "Recheck Cond": "(company_id < 187)",
                                "Rows Removed by Index Recheck": 0,
                                "Filter": "(company_type_id < 2)",
                                "Rows Removed by Filter": 41584,
                                "Exact Heap Blocks": 11714,
                                "Lossy Heap Blocks": 0,
                                "Plans": [
                                  {
                                    "Node Type": "Bitmap Index Scan",
                                    "Parent Relationship": "Outer",
                                    "Parallel Aware": false,
                                    "Index Name": "company_id_movie_companies",
                                    "Startup Cost": 0.0,
                                    "Total Cost": 7903.77,
                                    "Plan Rows": 368979,
                                    "Plan Width": 0,
                                    "Actual Startup Time": 26.391,
                                    "Actual Total Time": 26.391,
                                    "Actual Rows": 363553,
                                    "Actual Loops": 1,
                                    "Index Cond": "(company_id < 187)"
                                  }
                                ]
                              }
                            ]
                          }
                        ]
                      }
                    ]
                  }
                ]
              }
            ]
          }
        ]
      }
    ]
  },
  "Planning Time": 0.949,
  "Triggers": [],
  "Execution Time": 658.022
}