[
  {
    "Plan": {
      "Node Type": "Aggregate",
      "Strategy": "Plain",
      "Partial Mode": "Finalize",
      "Parallel Aware": false,
      "Startup Cost": 247690.79,
      "Total Cost": 247690.8,
      "Plan Rows": 1,
      "Plan Width": 8,
      "Actual Startup Time": 456.735,
      "Actual Total Time": 499.169,
      "Actual Rows": 1,
      "Actual Loops": 1,
      "Plans": [
        {
          "Node Type": "Gather",
          "Parent Relationship": "Outer",
          "Parallel Aware": false,
          "Startup Cost": 247690.27,
          "Total Cost": 247690.78,
          "Plan Rows": 5,
          "Plan Width": 8,
          "Actual Startup Time": 454.411,
          "Actual Total Time": 499.16,
          "Actual Rows": 6,
          "Actual Loops": 1,
          "Workers Planned": 5,
          "Workers Launched": 5,
          "Single Copy": false,
          "Plans": [
            {
              "Node Type": "Aggregate",
              "Strategy": "Plain",
              "Partial Mode": "Partial",
              "Parent Relationship": "Outer",
              "Parallel Aware": false,
              "Startup Cost": 246690.27,
              "Total Cost": 246690.28,
              "Plan Rows": 1,
              "Plan Width": 8,
              "Actual Startup Time": 444.352,
              "Actual Total Time": 444.355,
              "Actual Rows": 1,
              "Actual Loops": 6,
              "Plans": [
                {
                  "Node Type": "Hash Join",
                  "Parent Relationship": "Outer",
                  "Parallel Aware": true,
                  "Join Type": "Inner",
                  "Startup Cost": 46522.42,
                  "Total Cost": 246554.46,
                  "Plan Rows": 54324,
                  "Plan Width": 0,
                  "Actual Startup Time": 138.448,
                  "Actual Total Time": 441.192,
                  "Actual Rows": 78740,
                  "Actual Loops": 6,
                  "Inner Unique": true,
                  "Hash Cond": "(mi.movie_id = t.id)",
                  "Plans": [
                    {
                      "Node Type": "Seq Scan",
                      "Parent Relationship": "Outer",
                      "Parallel Aware": true,
                      "Relation Name": "movie_info",
                      "Alias": "mi",
                      "Startup Cost": 0.0,
                      "Total Cost": 198952.16,
                      "Plan Rows": 411380,
                      "Plan Width": 4,
                      "Actual Startup Time": 28.085,
                      "Actual Total Time": 281.815,
                      "Actual Rows": 348511,
                      "Actual Loops": 6,
                      "Filter": "(info_type_id < 3)",
                      "Rows Removed by Filter": 2124109
                    },
                    {
                      "Node Type": "Hash",
                      "Parent Relationship": "Inner",
                      "Parallel Aware": true,
                      "Startup Cost": 45479.1,
                      "Total Cost": 45479.1,
                      "Plan Rows": 83466,
                      "Plan Width": 4,
                      "Actual Startup Time": 97.134,
                      "Actual Total Time": 97.135,
                      "Actual Rows": 42595,
                      "Actual Loops": 6,
                      "Hash Buckets": 524288,
                      "Original Hash Buckets": 524288,
                      "Hash Batches": 1,
                      "Original Hash Batches": 1,
                      "Peak Memory Usage": 14272,
                      "Plans": [
                        {
                          "Node Type": "Seq Scan",
                          "Parent Relationship": "Outer",
                          "Parallel Aware": true,
                          "Relation Name": "title",
                          "Alias": "t",
                          "Startup Cost": 0.0,
                          "Total Cost": 45479.1,
                          "Plan Rows": 83466,
                          "Plan Width": 4,
                          "Actual Startup Time": 43.998,
                          "Actual Total Time": 81.324,
                          "Actual Rows": 42595,
                          "Actual Loops": 6,
                          "Filter": "((production_year > 2002) AND (kind_id = 1))",
                          "Rows Removed by Filter": 378790
                        }
                      ]
                    }
                  ]
                }
              ]
            }
          ]
        }
      ]
    },
    "Planning Time": 0.607,
    "Triggers": [],
    "Execution Time": 499.246
  }
]