[
  {
    "Plan": {
      "Node Type": "Aggregate",
      "Strategy": "Plain",
      "Partial Mode": "Finalize",
      "Parallel Aware": false,
      "Startup Cost": 349224.61,
      "Total Cost": 349224.62,
      "Plan Rows": 1,
      "Plan Width": 8,
      "Actual Startup Time": 660.461,
      "Actual Total Time": 702.994,
      "Actual Rows": 1,
      "Actual Loops": 1,
      "Plans": [
        {
          "Node Type": "Gather",
          "Parent Relationship": "Outer",
          "Parallel Aware": false,
          "Startup Cost": 349223.99,
          "Total Cost": 349224.6,
          "Plan Rows": 6,
          "Plan Width": 8,
          "Actual Startup Time": 660.23,
          "Actual Total Time": 702.977,
          "Actual Rows": 7,
          "Actual Loops": 1,
          "Workers Planned": 6,
          "Workers Launched": 6,
          "Single Copy": false,
          "Plans": [
            {
              "Node Type": "Aggregate",
              "Strategy": "Plain",
              "Partial Mode": "Partial",
              "Parent Relationship": "Outer",
              "Parallel Aware": false,
              "Startup Cost": 348223.99,
              "Total Cost": 348224.0,
              "Plan Rows": 1,
              "Plan Width": 8,
              "Actual Startup Time": 654.154,
              "Actual Total Time": 654.156,
              "Actual Rows": 1,
              "Actual Loops": 7,
              "Plans": [
                {
                  "Node Type": "Seq Scan",
                  "Parent Relationship": "Outer",
                  "Parallel Aware": true,
                  "Relation Name": "cast_info",
                  "Alias": "ci",
                  "Startup Cost": 0.0,
                  "Total Cost": 343316.27,
                  "Plan Rows": 1963087,
                  "Plan Width": 0,
                  "Actual Startup Time": 334.371,
                  "Actual Total Time": 610.442,
                  "Actual Rows": 942408,
                  "Actual Loops": 7,
                  "Filter": "((person_id < 2753325) AND (role_id > 2))",
                  "Rows Removed by Filter": 4235356
                }
              ]
            }
          ]
        }
      ]
    },
    "Planning Time": 0.079,
    "Triggers": [],
    "Execution Time": 703.036
  }
]