[
  {
    "Plan": {
      "Node Type": "Aggregate",
      "Strategy": "Plain",
      "Partial Mode": "Finalize",
      "Parallel Aware": false,
      "Startup Cost": 45993.66,
      "Total Cost": 45993.67,
      "Plan Rows": 1,
      "Plan Width": 8,
      "Actual Startup Time": 166.691,
      "Actual Total Time": 176.324,
      "Actual Rows": 1,
      "Actual Loops": 1,
      "Plans": [
        {
          "Node Type": "Gather",
          "Parent Relationship": "Outer",
          "Parallel Aware": false,
          "Startup Cost": 45993.34,
          "Total Cost": 45993.65,
          "Plan Rows": 3,
          "Plan Width": 8,
          "Actual Startup Time": 166.553,
          "Actual Total Time": 176.314,
          "Actual Rows": 4,
          "Actual Loops": 1,
          "Workers Planned": 3,
          "Workers Launched": 3,
          "Single Copy": false,
          "Plans": [
            {
              "Node Type": "Aggregate",
              "Strategy": "Plain",
              "Partial Mode": "Partial",
              "Parent Relationship": "Outer",
              "Parallel Aware": false,
              "Startup Cost": 44993.34,
              "Total Cost": 44993.35,
              "Plan Rows": 1,
              "Plan Width": 8,
              "Actual Startup Time": 160.444,
              "Actual Total Time": 160.445,
              "Actual Rows": 1,
              "Actual Loops": 4,
              "Plans": [
                {
                  "Node Type": "Seq Scan",
                  "Parent Relationship": "Outer",
                  "Parallel Aware": true,
                  "Relation Name": "movie_keyword",
                  "Alias": "mk",
                  "Startup Cost": 0.0,
                  "Total Cost": 42695.65,
                  "Plan Rows": 919075,
                  "Plan Width": 0,
                  "Actual Startup Time": 0.053,
                  "Actual Total Time": 125.748,
                  "Actual Rows": 710438,
                  "Actual Loops": 4,
                  "Filter": "(keyword_id < 8639)",
                  "Rows Removed by Filter": 420544
                }
              ]
            }
          ]
        }
      ]
    },
    "Planning Time": 0.187,
    "Triggers": [],
    "Execution Time": 176.382
  }
]