[
  {
    "Plan": {
      "Node Type": "Aggregate",
      "Strategy": "Plain",
      "Partial Mode": "Finalize",
      "Parallel Aware": false,
      "Startup Cost": 10202.24,
      "Total Cost": 10202.25,
      "Plan Rows": 1,
      "Plan Width": 8,
      "Actual Startup Time": 29.949,
      "Actual Total Time": 33.922,
      "Actual Rows": 1,
      "Actual Loops": 1,
      "Plans": [
        {
          "Node Type": "Gather",
          "Parent Relationship": "Outer",
          "Parallel Aware": false,
          "Startup Cost": 10201.92,
          "Total Cost": 10202.23,
          "Plan Rows": 3,
          "Plan Width": 8,
          "Actual Startup Time": 29.867,
          "Actual Total Time": 33.906,
          "Actual Rows": 4,
          "Actual Loops": 1,
          "Workers Planned": 3,
          "Workers Launched": 3,
          "Single Copy": false,
          "Plans": [
            {
              "Node Type": "Aggregate",
              "Strategy": "Plain",
              "Partial Mode": "Partial",
              "Parent Relationship": "Outer",
              "Parallel Aware": false,
              "Startup Cost": 9201.92,
              "Total Cost": 9201.93,
              "Plan Rows": 1,
              "Plan Width": 8,
              "Actual Startup Time": 24.09,
              "Actual Total Time": 24.091,
              "Actual Rows": 1,
              "Actual Loops": 4,
              "Plans": [
                {
                  "Node Type": "Index Scan",
                  "Parent Relationship": "Outer",
                  "Parallel Aware": true,
                  "Scan Direction": "Forward",
                  "Index Name": "role_id_cast_info",
                  "Relation Name": "cast_info",
                  "Alias": "ci",
                  "Startup Cost": 0.56,
                  "Total Cost": 9091.72,
                  "Plan Rows": 44080,
                  "Plan Width": 0,
                  "Actual Startup Time": 0.317,
                  "Actual Total Time": 22.822,
                  "Actual Rows": 15786,
                  "Actual Loops": 4,
                  "Index Cond": "(role_id > 10)",
                  "Rows Removed by Index Recheck": 0,
                  "Filter": "(person_id < 1569339)",
                  "Rows Removed by Filter": 63244
                }
              ]
            }
          ]
        }
      ]
    },
    "Planning Time": 0.236,
    "Triggers": [],
    "Execution Time": 33.984
  }
]