[
  {
    "Plan": {
      "Node Type": "Aggregate",
      "Strategy": "Plain",
      "Partial Mode": "Finalize",
      "Parallel Aware": false,
      "Startup Cost": 9706.21,
      "Total Cost": 9706.22,
      "Plan Rows": 1,
      "Plan Width": 8,
      "Actual Startup Time": 38.307,
      "Actual Total Time": 40.423,
      "Actual Rows": 1,
      "Actual Loops": 1,
      "Plans": [
        {
          "Node Type": "Gather",
          "Parent Relationship": "Outer",
          "Parallel Aware": false,
          "Startup Cost": 9705.9,
          "Total Cost": 9706.21,
          "Plan Rows": 3,
          "Plan Width": 8,
          "Actual Startup Time": 38.213,
          "Actual Total Time": 40.41,
          "Actual Rows": 4,
          "Actual Loops": 1,
          "Workers Planned": 3,
          "Workers Launched": 3,
          "Single Copy": false,
          "Plans": [
            {
              "Node Type": "Aggregate",
              "Strategy": "Plain",
              "Partial Mode": "Partial",
              "Parent Relationship": "Outer",
              "Parallel Aware": false,
              "Startup Cost": 8705.9,
              "Total Cost": 8705.91,
              "Plan Rows": 1,
              "Plan Width": 8,
              "Actual Startup Time": 29.857,
              "Actual Total Time": 29.858,
              "Actual Rows": 1,
              "Actual Loops": 4,
              "Plans": [
                {
                  "Node Type": "Index Scan",
                  "Parent Relationship": "Outer",
                  "Parallel Aware": true,
                  "Scan Direction": "Forward",
                  "Index Name": "role_id_cast_info",
                  "Relation Name": "cast_info",
                  "Alias": "ci",
                  "Startup Cost": 0.56,
                  "Total Cost": 8600.37,
                  "Plan Rows": 42210,
                  "Plan Width": 0,
                  "Actual Startup Time": 0.137,
                  "Actual Total Time": 28.099,
                  "Actual Rows": 15786,
                  "Actual Loops": 4,
                  "Index Cond": "(role_id > 10)",
                  "Rows Removed by Index Recheck": 0,
                  "Filter": "(person_id < 1569339)",
                  "Rows Removed by Filter": 63244
                }
              ]
            }
          ]
        }
      ]
    },
    "Planning Time": 0.211,
    "Triggers": [],
    "Execution Time": 40.481
  }
]