[
  {
    "Plan": {
      "Node Type": "Aggregate",
      "Strategy": "Plain",
      "Partial Mode": "Finalize",
      "Parallel Aware": false,
      "Startup Cost": 82578.43,
      "Total Cost": 82578.44,
      "Plan Rows": 1,
      "Plan Width": 8,
      "Actual Startup Time": 551.358,
      "Actual Total Time": 567.589,
      "Actual Rows": 1,
      "Actual Loops": 1,
      "Plans": [
        {
          "Node Type": "Gather",
          "Parent Relationship": "Outer",
          "Parallel Aware": false,
          "Startup Cost": 82578.11,
          "Total Cost": 82578.42,
          "Plan Rows": 3,
          "Plan Width": 8,
          "Actual Startup Time": 537.885,
          "Actual Total Time": 567.577,
          "Actual Rows": 4,
          "Actual Loops": 1,
          "Workers Planned": 3,
          "Workers Launched": 3,
          "Single Copy": false,
          "Plans": [
            {
              "Node Type": "Aggregate",
              "Strategy": "Plain",
              "Partial Mode": "Partial",
              "Parent Relationship": "Outer",
              "Parallel Aware": false,
              "Startup Cost": 81578.11,
              "Total Cost": 81578.12,
              "Plan Rows": 1,
              "Plan Width": 8,
              "Actual Startup Time": 526.151,
              "Actual Total Time": 526.155,
              "Actual Rows": 1,
              "Actual Loops": 4,
              "Plans": [
                {
                  "Node Type": "Hash Join",
                  "Parent Relationship": "Outer",
                  "Parallel Aware": true,
                  "Join Type": "Inner",
                  "Startup Cost": 49137.9,
                  "Total Cost": 80366.86,
                  "Plan Rows": 484502,
                  "Plan Width": 0,
                  "Actual Startup Time": 282.856,
                  "Actual Total Time": 516.074,
                  "Actual Rows": 217438,
                  "Actual Loops": 4,
                  "Inner Unique": true,
                  "Hash Cond": "(mc.movie_id = t.id)",
                  "Plans": [
                    {
                      "Node Type": "Seq Scan",
                      "Parent Relationship": "Outer",
                      "Parallel Aware": true,
                      "Relation Name": "movie_companies",
                      "Alias": "mc",
                      "Startup Cost": 0.0,
                      "Total Cost": 29310.68,
                      "Plan Rows": 730773,
                      "Plan Width": 4,
                      "Actual Startup Time": 0.015,
                      "Actual Total Time": 77.559,
                      "Actual Rows": 566815,
                      "Actual Loops": 4,
                      "Filter": "(company_id < 89093)",
                      "Rows Removed by Filter": 85468
                    },
                    {
                      "Node Type": "Hash",
                      "Parent Relationship": "Inner",
                      "Parallel Aware": true,
                      "Startup Cost": 43899.32,
                      "Total Cost": 43899.32,
                      "Plan Rows": 419086,
                      "Plan Width": 4,
                      "Actual Startup Time": 274.894,
                      "Actual Total Time": 274.895,
                      "Actual Rows": 418524,
                      "Actual Loops": 4,
                      "Hash Buckets": 2097152,
                      "Original Hash Buckets": 2097152,
                      "Hash Batches": 1,
                      "Original Hash Batches": 1,
                      "Peak Memory Usage": 81920,
                      "Plans": [
                        {
                          "Node Type": "Seq Scan",
                          "Parent Relationship": "Outer",
                          "Parallel Aware": true,
                          "Relation Name": "title",
                          "Alias": "t",
                          "Startup Cost": 0.0,
                          "Total Cost": 43899.32,
                          "Plan Rows": 419086,
                          "Plan Width": 4,
                          "Actual Startup Time": 0.033,
                          "Actual Total Time": 111.818,
                          "Actual Rows": 418524,
                          "Actual Loops": 4,
                          "Filter": "(kind_id > 3)",
                          "Rows Removed by Filter": 213554
                        }
                      ]
                    }
                  ]
                }
              ]
            }
          ]
        }
      ]
    },
    "Planning Time": 0.693,
    "Triggers": [],
    "Execution Time": 567.71
  }
]