[
    {
        "Bao": {
            "Bao prediction": 452.248,
            "Bao recommended hint": "SET enable_mergejoin TO off; "
        }
    },
    {
        "Plan": {
            "Node Type": "Aggregate",
            "Strategy": "Plain",
            "Partial Mode": "Finalize",
            "Parallel Aware": false,
            "Startup Cost": 30988.76,
            "Total Cost": 30988.77,
            "Plan Rows": 1,
            "Plan Width": 8,
            "Actual Startup Time": 96.856,
            "Actual Total Time": 100.58,
            "Actual Rows": 1,
            "Actual Loops": 1,
            "Output": [
                "count(*)"
            ],
            "Plans": [
                {
                    "Node Type": "Gather",
                    "Parent Relationship": "Outer",
                    "Parallel Aware": false,
                    "Startup Cost": 30988.44,
                    "Total Cost": 30988.75,
                    "Plan Rows": 3,
                    "Plan Width": 8,
                    "Actual Startup Time": 96.787,
                    "Actual Total Time": 100.571,
                    "Actual Rows": 4,
                    "Actual Loops": 1,
                    "Output": [
                        "(PARTIAL count(*))"
                    ],
                    "Workers Planned": 3,
                    "Workers Launched": 3,
                    "Single Copy": false,
                    "Plans": [
                        {
                            "Node Type": "Aggregate",
                            "Strategy": "Plain",
                            "Partial Mode": "Partial",
                            "Parent Relationship": "Outer",
                            "Parallel Aware": false,
                            "Startup Cost": 29988.44,
                            "Total Cost": 29988.45,
                            "Plan Rows": 1,
                            "Plan Width": 8,
                            "Actual Startup Time": 89.151,
                            "Actual Total Time": 89.152,
                            "Actual Rows": 1,
                            "Actual Loops": 4,
                            "Output": [
                                "PARTIAL count(*)"
                            ],
                            "Workers": [
                                {
                                    "Worker Number": 0,
                                    "Actual Startup Time": 86.672,
                                    "Actual Total Time": 86.673,
                                    "Actual Rows": 1,
                                    "Actual Loops": 1
                                },
                                {
                                    "Worker Number": 1,
                                    "Actual Startup Time": 86.778,
                                    "Actual Total Time": 86.778,
                                    "Actual Rows": 1,
                                    "Actual Loops": 1
                                },
                                {
                                    "Worker Number": 2,
                                    "Actual Startup Time": 86.959,
                                    "Actual Total Time": 86.96,
                                    "Actual Rows": 1,
                                    "Actual Loops": 1
                                }
                            ],
                            "Plans": [
                                {
                                    "Node Type": "Seq Scan",
                                    "Parent Relationship": "Outer",
                                    "Parallel Aware": true,
                                    "Relation Name": "movie_companies",
                                    "Schema": "public",
                                    "Alias": "mc",
                                    "Startup Cost": 0.0,
                                    "Total Cost": 29310.68,
                                    "Plan Rows": 271103,
                                    "Plan Width": 0,
                                    "Actual Startup Time": 26.696,
                                    "Actual Total Time": 79.047,
                                    "Actual Rows": 210740,
                                    "Actual Loops": 4,
                                    "Output": [
                                        "id",
                                        "movie_id",
                                        "company_id",
                                        "company_type_id",
                                        "note"
                                    ],
                                    "Filter": "(mc.company_id > 25880)",
                                    "Rows Removed by Filter": 441542,
                                    "Workers": [
                                        {
                                            "Worker Number": 0,
                                            "Actual Startup Time": 24.219,
                                            "Actual Total Time": 76.792,
                                            "Actual Rows": 222756,
                                            "Actual Loops": 1
                                        },
                                        {
                                            "Worker Number": 1,
                                            "Actual Startup Time": 24.32,
                                            "Actual Total Time": 76.957,
                                            "Actual Rows": 222068,
                                            "Actual Loops": 1
                                        },
                                        {
                                            "Worker Number": 2,
                                            "Actual Startup Time": 24.517,
                                            "Actual Total Time": 77.065,
                                            "Actual Rows": 222585,
                                            "Actual Loops": 1
                                        }
                                    ]
                                }
                            ]
                        }
                    ]
                }
            ]
        },
        "Planning Time": 354.343,
        "Triggers": [],
        "Execution Time": 100.661
    }
]