[
  {
    "Plan": {
      "Node Type": "Aggregate",
      "Strategy": "Plain",
      "Partial Mode": "Finalize",
      "Parallel Aware": false,
      "Startup Cost": 332162.1,
      "Total Cost": 332162.11,
      "Plan Rows": 1,
      "Plan Width": 8,
      "Actual Startup Time": 669.374,
      "Actual Total Time": 728.557,
      "Actual Rows": 1,
      "Actual Loops": 1,
      "Plans": [
        {
          "Node Type": "Gather",
          "Parent Relationship": "Outer",
          "Parallel Aware": false,
          "Startup Cost": 332161.48,
          "Total Cost": 332162.09,
          "Plan Rows": 6,
          "Plan Width": 8,
          "Actual Startup Time": 669.194,
          "Actual Total Time": 728.548,
          "Actual Rows": 7,
          "Actual Loops": 1,
          "Workers Planned": 6,
          "Workers Launched": 6,
          "Single Copy": false,
          "Plans": [
            {
              "Node Type": "Aggregate",
              "Strategy": "Plain",
              "Partial Mode": "Partial",
              "Parent Relationship": "Outer",
              "Parallel Aware": false,
              "Startup Cost": 331161.48,
              "Total Cost": 331161.49,
              "Plan Rows": 1,
              "Plan Width": 8,
              "Actual Startup Time": 661.218,
              "Actual Total Time": 661.22,
              "Actual Rows": 1,
              "Actual Loops": 7,
              "Plans": [
                {
                  "Node Type": "Seq Scan",
                  "Parent Relationship": "Outer",
                  "Parallel Aware": true,
                  "Relation Name": "cast_info",
                  "Alias": "ci",
                  "Startup Cost": 0.0,
                  "Total Cost": 328211.39,
                  "Plan Rows": 1180034,
                  "Plan Width": 0,
                  "Actual Startup Time": 370.421,
                  "Actual Total Time": 614.002,
                  "Actual Rows": 999459,
                  "Actual Loops": 7,
                  "Filter": "(person_id > 2965810)",
                  "Rows Removed by Filter": 4178304
                }
              ]
            }
          ]
        }
      ]
    },
    "Planning Time": 0.203,
    "Triggers": [],
    "Execution Time": 728.63
  }
]