[
  {
    "Plan": {
      "Node Type": "Aggregate",
      "Strategy": "Plain",
      "Partial Mode": "Finalize",
      "Parallel Aware": false,
      "Startup Cost": 332132.75,
      "Total Cost": 332132.76,
      "Plan Rows": 1,
      "Plan Width": 8,
      "Actual Startup Time": 642.114,
      "Actual Total Time": 698.648,
      "Actual Rows": 1,
      "Actual Loops": 1,
      "Plans": [
        {
          "Node Type": "Gather",
          "Parent Relationship": "Outer",
          "Parallel Aware": false,
          "Startup Cost": 332132.12,
          "Total Cost": 332132.73,
          "Plan Rows": 6,
          "Plan Width": 8,
          "Actual Startup Time": 642.006,
          "Actual Total Time": 698.638,
          "Actual Rows": 7,
          "Actual Loops": 1,
          "Workers Planned": 6,
          "Workers Launched": 6,
          "Single Copy": false,
          "Plans": [
            {
              "Node Type": "Aggregate",
              "Strategy": "Plain",
              "Partial Mode": "Partial",
              "Parent Relationship": "Outer",
              "Parallel Aware": false,
              "Startup Cost": 331132.12,
              "Total Cost": 331132.14,
              "Plan Rows": 1,
              "Plan Width": 8,
              "Actual Startup Time": 630.649,
              "Actual Total Time": 630.65,
              "Actual Rows": 1,
              "Actual Loops": 7,
              "Plans": [
                {
                  "Node Type": "Seq Scan",
                  "Parent Relationship": "Outer",
                  "Parallel Aware": true,
                  "Relation Name": "cast_info",
                  "Alias": "ci",
                  "Startup Cost": 0.0,
                  "Total Cost": 328162.03,
                  "Plan Rows": 1188040,
                  "Plan Width": 0,
                  "Actual Startup Time": 362.367,
                  "Actual Total Time": 585.808,
                  "Actual Rows": 999459,
                  "Actual Loops": 7,
                  "Filter": "(person_id > 2965810)",
                  "Rows Removed by Filter": 4178304
                }
              ]
            }
          ]
        }
      ]
    },
    "Planning Time": 0.124,
    "Triggers": [],
    "Execution Time": 698.701
  }
]