[
  {
    "Plan": {
      "Node Type": "Aggregate",
      "Strategy": "Plain",
      "Partial Mode": "Finalize",
      "Parallel Aware": false,
      "Startup Cost": 45049.05,
      "Total Cost": 45049.06,
      "Plan Rows": 1,
      "Plan Width": 8,
      "Actual Startup Time": 139.483,
      "Actual Total Time": 150.078,
      "Actual Rows": 1,
      "Actual Loops": 1,
      "Plans": [
        {
          "Node Type": "Gather",
          "Parent Relationship": "Outer",
          "Parallel Aware": false,
          "Startup Cost": 45048.73,
          "Total Cost": 45049.04,
          "Plan Rows": 3,
          "Plan Width": 8,
          "Actual Startup Time": 139.359,
          "Actual Total Time": 150.069,
          "Actual Rows": 4,
          "Actual Loops": 1,
          "Workers Planned": 3,
          "Workers Launched": 3,
          "Single Copy": false,
          "Plans": [
            {
              "Node Type": "Aggregate",
              "Strategy": "Plain",
              "Partial Mode": "Partial",
              "Parent Relationship": "Outer",
              "Parallel Aware": false,
              "Startup Cost": 44048.73,
              "Total Cost": 44048.74,
              "Plan Rows": 1,
              "Plan Width": 8,
              "Actual Startup Time": 132.923,
              "Actual Total Time": 132.924,
              "Actual Rows": 1,
              "Actual Loops": 4,
              "Plans": [
                {
                  "Node Type": "Seq Scan",
                  "Parent Relationship": "Outer",
                  "Parallel Aware": true,
                  "Relation Name": "movie_keyword",
                  "Alias": "mk",
                  "Startup Cost": 0.0,
                  "Total Cost": 42695.65,
                  "Plan Rows": 541231,
                  "Plan Width": 0,
                  "Actual Startup Time": 0.048,
                  "Actual Total Time": 111.836,
                  "Actual Rows": 424709,
                  "Actual Loops": 4,
                  "Filter": "(keyword_id < 2649)",
                  "Rows Removed by Filter": 706274
                }
              ]
            }
          ]
        }
      ]
    },
    "Planning Time": 0.087,
    "Triggers": [],
    "Execution Time": 150.114
  }
]