[
    {
        "Bao": {
            "Bao prediction": "NaN",
            "Bao recommended hint": "(no hint)"
        }
    },
    {
        "Plan": {
            "Node Type": "Aggregate",
            "Strategy": "Plain",
            "Partial Mode": "Finalize",
            "Parallel Aware": false,
            "Startup Cost": 352241.83,
            "Total Cost": 352241.84,
            "Plan Rows": 1,
            "Plan Width": 8,
            "Actual Startup Time": 734.46,
            "Actual Total Time": 760.973,
            "Actual Rows": 1,
            "Actual Loops": 1,
            "Output": [
                "count(*)"
            ],
            "Plans": [
                {
                    "Node Type": "Gather",
                    "Parent Relationship": "Outer",
                    "Parallel Aware": false,
                    "Startup Cost": 352241.2,
                    "Total Cost": 352241.81,
                    "Plan Rows": 6,
                    "Plan Width": 8,
                    "Actual Startup Time": 734.366,
                    "Actual Total Time": 760.965,
                    "Actual Rows": 7,
                    "Actual Loops": 1,
                    "Output": [
                        "(PARTIAL count(*))"
                    ],
                    "Workers Planned": 6,
                    "Workers Launched": 6,
                    "Single Copy": false,
                    "Plans": [
                        {
                            "Node Type": "Aggregate",
                            "Strategy": "Plain",
                            "Partial Mode": "Partial",
                            "Parent Relationship": "Outer",
                            "Parallel Aware": false,
                            "Startup Cost": 351241.2,
                            "Total Cost": 351241.21,
                            "Plan Rows": 1,
                            "Plan Width": 8,
                            "Actual Startup Time": 725.281,
                            "Actual Total Time": 725.282,
                            "Actual Rows": 1,
                            "Actual Loops": 7,
                            "Output": [
                                "PARTIAL count(*)"
                            ],
                            "Workers": [
                                {
                                    "Worker Number": 0,
                                    "Actual Startup Time": 721.774,
                                    "Actual Total Time": 721.775,
                                    "Actual Rows": 1,
                                    "Actual Loops": 1
                                },
                                {
                                    "Worker Number": 1,
                                    "Actual Startup Time": 722.061,
                                    "Actual Total Time": 722.062,
                                    "Actual Rows": 1,
                                    "Actual Loops": 1
                                },
                                {
                                    "Worker Number": 2,
                                    "Actual Startup Time": 723.007,
                                    "Actual Total Time": 723.008,
                                    "Actual Rows": 1,
                                    "Actual Loops": 1
                                },
                                {
                                    "Worker Number": 3,
                                    "Actual Startup Time": 728.462,
                                    "Actual Total Time": 728.463,
                                    "Actual Rows": 1,
                                    "Actual Loops": 1
                                },
                                {
                                    "Worker Number": 4,
                                    "Actual Startup Time": 723.615,
                                    "Actual Total Time": 723.616,
                                    "Actual Rows": 1,
                                    "Actual Loops": 1
                                },
                                {
                                    "Worker Number": 5,
                                    "Actual Startup Time": 723.999,
                                    "Actual Total Time": 724.001,
                                    "Actual Rows": 1,
                                    "Actual Loops": 1
                                }
                            ],
                            "Plans": [
                                {
                                    "Node Type": "Seq Scan",
                                    "Parent Relationship": "Outer",
                                    "Parallel Aware": true,
                                    "Relation Name": "cast_info",
                                    "Schema": "public",
                                    "Alias": "ci",
                                    "Startup Cost": 0.0,
                                    "Total Cost": 343318.94,
                                    "Plan Rows": 3168904,
                                    "Plan Width": 0,
                                    "Actual Startup Time": 209.598,
                                    "Actual Total Time": 622.531,
                                    "Actual Rows": 2391540,
                                    "Actual Loops": 7,
                                    "Output": [
                                        "id",
                                        "person_id",
                                        "movie_id",
                                        "person_role_id",
                                        "note",
                                        "nr_order",
                                        "role_id"
                                    ],
                                    "Filter": "((ci.person_id < 2979301) AND (ci.role_id > 1))",
                                    "Rows Removed by Filter": 2786223,
                                    "Workers": [
                                        {
                                            "Worker Number": 0,
                                            "Actual Startup Time": 206.088,
                                            "Actual Total Time": 622.418,
                                            "Actual Rows": 2409888,
                                            "Actual Loops": 1
                                        },
                                        {
                                            "Worker Number": 1,
                                            "Actual Startup Time": 206.379,
                                            "Actual Total Time": 618.244,
                                            "Actual Rows": 1563034,
                                            "Actual Loops": 1
                                        },
                                        {
                                            "Worker Number": 2,
                                            "Actual Startup Time": 207.33,
                                            "Actual Total Time": 623.062,
                                            "Actual Rows": 2438957,
                                            "Actual Loops": 1
                                        },
                                        {
                                            "Worker Number": 3,
                                            "Actual Startup Time": 212.786,
                                            "Actual Total Time": 628.731,
                                            "Actual Rows": 2426693,
                                            "Actual Loops": 1
                                        },
                                        {
                                            "Worker Number": 4,
                                            "Actual Startup Time": 207.938,
                                            "Actual Total Time": 623.957,
                                            "Actual Rows": 2433248,
                                            "Actual Loops": 1
                                        },
                                        {
                                            "Worker Number": 5,
                                            "Actual Startup Time": 208.307,
                                            "Actual Total Time": 622.463,
                                            "Actual Rows": 2427063,
                                            "Actual Loops": 1
                                        }
                                    ]
                                }
                            ]
                        }
                    ]
                }
            ]
        },
        "Planning Time": 187.829,
        "Triggers": [],
        "Execution Time": 761.022
    }
]