[
  {
    "Plan": {
      "Node Type": "Aggregate",
      "Strategy": "Plain",
      "Partial Mode": "Finalize",
      "Parallel Aware": false,
      "Startup Cost": 90724.56,
      "Total Cost": 90724.57,
      "Plan Rows": 1,
      "Plan Width": 8,
      "Actual Startup Time": 304.392,
      "Actual Total Time": 321.372,
      "Actual Rows": 1,
      "Actual Loops": 1,
      "Plans": [
        {
          "Node Type": "Gather",
          "Parent Relationship": "Outer",
          "Parallel Aware": false,
          "Startup Cost": 90724.24,
          "Total Cost": 90724.55,
          "Plan Rows": 3,
          "Plan Width": 8,
          "Actual Startup Time": 302.588,
          "Actual Total Time": 321.361,
          "Actual Rows": 4,
          "Actual Loops": 1,
          "Workers Planned": 3,
          "Workers Launched": 3,
          "Single Copy": false,
          "Plans": [
            {
              "Node Type": "Aggregate",
              "Strategy": "Plain",
              "Partial Mode": "Partial",
              "Parent Relationship": "Outer",
              "Parallel Aware": false,
              "Startup Cost": 89724.24,
              "Total Cost": 89724.25,
              "Plan Rows": 1,
              "Plan Width": 8,
              "Actual Startup Time": 294.226,
              "Actual Total Time": 294.23,
              "Actual Rows": 1,
              "Actual Loops": 4,
              "Plans": [
                {
                  "Node Type": "Hash Join",
                  "Parent Relationship": "Outer",
                  "Parallel Aware": true,
                  "Join Type": "Inner",
                  "Startup Cost": 44784.69,
                  "Total Cost": 89507.77,
                  "Plan Rows": 86588,
                  "Plan Width": 0,
                  "Actual Startup Time": 126.125,
                  "Actual Total Time": 289.667,
                  "Actual Rows": 105565,
                  "Actual Loops": 4,
                  "Inner Unique": true,
                  "Hash Cond": "(mk.movie_id = t.id)",
                  "Plans": [
                    {
                      "Node Type": "Seq Scan",
                      "Parent Relationship": "Outer",
                      "Parallel Aware": true,
                      "Relation Name": "movie_keyword",
                      "Alias": "mk",
                      "Startup Cost": 0.0,
                      "Total Cost": 42695.65,
                      "Plan Rows": 772352,
                      "Plan Width": 4,
                      "Actual Startup Time": 0.024,
                      "Actual Total Time": 102.152,
                      "Actual Rows": 598450,
                      "Actual Loops": 4,
                      "Filter": "(keyword_id < 5557)",
                      "Rows Removed by Filter": 532532
                    },
                    {
                      "Node Type": "Hash",
                      "Parent Relationship": "Inner",
                      "Parallel Aware": true,
                      "Startup Cost": 43898.92,
                      "Total Cost": 43898.92,
                      "Plan Rows": 70862,
                      "Plan Width": 4,
                      "Actual Startup Time": 122.342,
                      "Actual Total Time": 122.343,
                      "Actual Rows": 74118,
                      "Actual Loops": 4,
                      "Hash Buckets": 524288,
                      "Original Hash Buckets": 524288,
                      "Hash Batches": 1,
                      "Original Hash Batches": 1,
                      "Peak Memory Usage": 15776,
                      "Plans": [
                        {
                          "Node Type": "Seq Scan",
                          "Parent Relationship": "Outer",
                          "Parallel Aware": true,
                          "Relation Name": "title",
                          "Alias": "t",
                          "Startup Cost": 0.0,
                          "Total Cost": 43898.92,
                          "Plan Rows": 70862,
                          "Plan Width": 4,
                          "Actual Startup Time": 0.043,
                          "Actual Total Time": 95.391,
                          "Actual Rows": 74118,
                          "Actual Loops": 4,
                          "Filter": "(production_year < 1965)",
                          "Rows Removed by Filter": 557960
                        }
                      ]
                    }
                  ]
                }
              ]
            }
          ]
        }
      ]
    },
    "Planning Time": 0.596,
    "Triggers": [],
    "Execution Time": 321.44
  }
]