[
  {
    "Plan": {
      "Node Type": "Aggregate",
      "Strategy": "Plain",
      "Partial Mode": "Finalize",
      "Parallel Aware": false,
      "Startup Cost": 80130.05,
      "Total Cost": 80130.06,
      "Plan Rows": 1,
      "Plan Width": 8,
      "Actual Startup Time": 324.551,
      "Actual Total Time": 333.727,
      "Actual Rows": 1,
      "Actual Loops": 1,
      "Plans": [
        {
          "Node Type": "Gather",
          "Parent Relationship": "Outer",
          "Parallel Aware": false,
          "Startup Cost": 80129.63,
          "Total Cost": 80130.04,
          "Plan Rows": 4,
          "Plan Width": 8,
          "Actual Startup Time": 318.134,
          "Actual Total Time": 333.718,
          "Actual Rows": 5,
          "Actual Loops": 1,
          "Workers Planned": 4,
          "Workers Launched": 4,
          "Single Copy": false,
          "Plans": [
            {
              "Node Type": "Aggregate",
              "Strategy": "Plain",
              "Partial Mode": "Partial",
              "Parent Relationship": "Outer",
              "Parallel Aware": false,
              "Startup Cost": 79129.63,
              "Total Cost": 79129.64,
              "Plan Rows": 1,
              "Plan Width": 8,
              "Actual Startup Time": 311.299,
              "Actual Total Time": 311.302,
              "Actual Rows": 1,
              "Actual Loops": 5,
              "Plans": [
                {
                  "Node Type": "Hash Join",
                  "Parent Relationship": "Outer",
                  "Parallel Aware": true,
                  "Join Type": "Inner",
                  "Startup Cost": 32513.44,
                  "Total Cost": 78633.2,
                  "Plan Rows": 198571,
                  "Plan Width": 0,
                  "Actual Startup Time": 110.551,
                  "Actual Total Time": 303.55,
                  "Actual Rows": 159479,
                  "Actual Loops": 5,
                  "Inner Unique": false,
                  "Hash Cond": "(t.id = mc.movie_id)",
                  "Plans": [
                    {
                      "Node Type": "Seq Scan",
                      "Parent Relationship": "Outer",
                      "Parallel Aware": true,
                      "Relation Name": "title",
                      "Alias": "t",
                      "Startup Cost": 0.0,
                      "Total Cost": 42318.81,
                      "Plan Rows": 632080,
                      "Plan Width": 4,
                      "Actual Startup Time": 0.015,
                      "Actual Total Time": 57.947,
                      "Actual Rows": 505662,
                      "Actual Loops": 5
                    },
                    {
                      "Node Type": "Hash",
                      "Parent Relationship": "Inner",
                      "Parallel Aware": true,
                      "Startup Cost": 29310.68,
                      "Total Cost": 29310.68,
                      "Plan Rows": 256221,
                      "Plan Width": 4,
                      "Actual Startup Time": 108.383,
                      "Actual Total Time": 108.383,
                      "Actual Rows": 159479,
                      "Actual Loops": 5,
                      "Hash Buckets": 1048576,
                      "Original Hash Buckets": 1048576,
                      "Hash Batches": 1,
                      "Original Hash Batches": 1,
                      "Peak Memory Usage": 39456,
                      "Plans": [
                        {
                          "Node Type": "Seq Scan",
                          "Parent Relationship": "Outer",
                          "Parallel Aware": true,
                          "Relation Name": "movie_companies",
                          "Alias": "mc",
                          "Startup Cost": 0.0,
                          "Total Cost": 29310.68,
                          "Plan Rows": 256221,
                          "Plan Width": 4,
                          "Actual Startup Time": 14.612,
                          "Actual Total Time": 61.548,
                          "Actual Rows": 159479,
                          "Actual Loops": 5,
                          "Filter": "(company_id > 30787)",
                          "Rows Removed by Filter": 362347
                        }
                      ]
                    }
                  ]
                }
              ]
            }
          ]
        }
      ]
    },
    "Planning Time": 0.198,
    "Triggers": [],
    "Execution Time": 333.767
  }
]