{
  "Plan": {
    "Node Type": "Aggregate",
    "Strategy": "Plain",
    "Partial Mode": "Finalize",
    "Parallel Aware": false,
    "Startup Cost": 145340.77,
    "Total Cost": 145340.78,
    "Plan Rows": 1,
    "Plan Width": 8,
    "Actual Startup Time": 621.604,
    "Actual Total Time": 639.168,
    "Actual Rows": 1,
    "Actual Loops": 1,
    "Plans": [
      {
        "Node Type": "Gather",
        "Parent Relationship": "Outer",
        "Parallel Aware": false,
        "Startup Cost": 145340.66,
        "Total Cost": 145340.77,
        "Plan Rows": 1,
        "Plan Width": 8,
        "Actual Startup Time": 621.429,
        "Actual Total Time": 639.161,
        "Actual Rows": 2,
        "Actual Loops": 1,
        "Workers Planned": 1,
        "Workers Launched": 1,
        "Single Copy": false,
        "Plans": [
          {
            "Node Type": "Aggregate",
            "Strategy": "Plain",
            "Partial Mode": "Partial",
            "Parent Relationship": "Outer",
            "Parallel Aware": false,
            "Startup Cost": 144340.66,
            "Total Cost": 144340.67,
            "Plan Rows": 1,
            "Plan Width": 8,
            "Actual Startup Time": 617.958,
            "Actual Total Time": 617.963,
            "Actual Rows": 1,
            "Actual Loops": 2,
            "Plans": [
              {
                "Node Type": "Hash Join",
                "Parent Relationship": "Outer",
                "Parallel Aware": true,
                "Join Type": "Inner",
                "Startup Cost": 77154.82,
                "Total Cost": 144338.09,
                "Plan Rows": 1029,
                "Plan Width": 0,
                "Actual Startup Time": 239.538,
                "Actual Total Time": 617.383,
                "Actual Rows": 10620,
                "Actual Loops": 2,
                "Inner Unique": false,
                "Hash Cond": "(mk.movie_id = t.id)",
                "Plans": [
                  {
                    "Node Type": "Seq Scan",
                    "Parent Relationship": "Outer",
                    "Parallel Aware": true,
                    "Relation Name": "movie_keyword",
                    "Alias": "mk",
                    "Startup Cost": 0.0,
                    "Total Cost": 57718.19,
                    "Plan Rows": 2522406,
                    "Plan Width": 4,
                    "Actual Startup Time": 0.02,
                    "Actual Total Time": 233.893,
                    "Actual Rows": 2140762,
                    "Actual Loops": 2,
                    "Filter": "(keyword_id > 196)",
                    "Rows Removed by Filter": 121203
                  },
                  {
                    "Node Type": "Hash",
                    "Parent Relationship": "Inner",
                    "Parallel Aware": true,
                    "Startup Cost": 77147.23,
                    "Total Cost": 77147.23,
                    "Plan Rows": 607,
                    "Plan Width": 8,
                    "Actual Startup Time": 237.455,
                    "Actual Total Time": 237.459,
                    "Actual Rows": 1079,
                    "Actual Loops": 2,
                    "Hash Buckets": 2048,
                    "Original Hash Buckets": 2048,
                    "Hash Batches": 1,
                    "Original Hash Batches": 1,
                    "Peak Memory Usage": 112,
                    "Plans": [
                      {
                        "Node Type": "Hash Join",
                        "Parent Relationship": "Outer",
                        "Parallel Aware": true,
                        "Join Type": "Inner",
                        "Startup Cost": 58347.78,
                        "Total Cost": 77147.23,
                        "Plan Rows": 607,
                        "Plan Width": 8,
                        "Actual Startup Time": 156.659,
                        "Actual Total Time": 236.974,
                        "Actual Rows": 1079,
                        "Actual Loops": 2,
                        "Inner Unique": true,
                        "Hash Cond": "(mi_idx.movie_id = t.id)",
                        "Plans": [
                          {
                            "Node Type": "Seq Scan",
                            "Parent Relationship": "Outer",
                            "Parallel Aware": true,
                            "Relation Name": "movie_info_idx",
                            "Alias": "mi_idx",
                            "Startup Cost": 0.0,
                            "Total Cost": 18082.32,
                            "Plan Rows": 273193,
                            "Plan Width": 4,
                            "Actual Startup Time": 0.021,
                            "Actual Total Time": 59.637,
                            "Actual Rows": 229962,
                            "Actual Loops": 2,
                            "Filter": "(info_type_id = 100)",
                            "Rows Removed by Filter": 460055
                          },
                          {
                            "Node Type": "Hash",
                            "Parent Relationship": "Inner",
                            "Parallel Aware": true,
                            "Startup Cost": 58306.47,
                            "Total Cost": 58306.47,
                            "Plan Rows": 3305,
                            "Plan Width": 4,
                            "Actual Startup Time": 156.12,
                            "Actual Total Time": 156.121,
                            "Actual Rows": 3116,
                            "Actual Loops": 2,
                            "Hash Buckets": 8192,
                            "Original Hash Buckets": 8192,
                            "Hash Batches": 1,
                            "Original Hash Batches": 1,
                            "Peak Memory Usage": 320,
                            "Plans": [
                              {
                                "Node Type": "Seq Scan",
                                "Parent Relationship": "Outer",
                                "Parallel Aware": true,
                                "Relation Name": "title",
                                "Alias": "t",
                                "Startup Cost": 0.0,
                                "Total Cost": 58306.47,
                                "Plan Rows": 3305,
                                "Plan Width": 4,
                                "Actual Startup Time": 0.284,
                                "Actual Total Time": 154.747,
                                "Actual Rows": 3116,
                                "Actual Loops": 2,
                                "Filter": "((kind_id < 7) AND (production_year = 1970))",
                                "Rows Removed by Filter": 1261040
                              }
                            ]
                          }
                        ]
                      }
                    ]
                  }
                ]
              }
            ]
          }
        ]
      }
    ]
  },
  "Planning Time": 1.06,
  "Triggers": [],
  "Execution Time": 639.251
}