{
  "Plan": {
    "Node Type": "Aggregate",
    "Strategy": "Plain",
    "Partial Mode": "Finalize",
    "Parallel Aware": false,
    "Startup Cost": 63376.41,
    "Total Cost": 63376.42,
    "Plan Rows": 1,
    "Plan Width": 8,
    "Actual Startup Time": 145.787,
    "Actual Total Time": 157.292,
    "Actual Rows": 1,
    "Actual Loops": 1,
    "Plans": [
      {
        "Node Type": "Gather",
        "Parent Relationship": "Outer",
        "Parallel Aware": false,
        "Startup Cost": 63376.29,
        "Total Cost": 63376.4,
        "Plan Rows": 1,
        "Plan Width": 8,
        "Actual Startup Time": 145.693,
        "Actual Total Time": 157.286,
        "Actual Rows": 2,
        "Actual Loops": 1,
        "Workers Planned": 1,
        "Workers Launched": 1,
        "Single Copy": false,
        "Plans": [
          {
            "Node Type": "Aggregate",
            "Strategy": "Plain",
            "Partial Mode": "Partial",
            "Parent Relationship": "Outer",
            "Parallel Aware": false,
            "Startup Cost": 62376.29,
            "Total Cost": 62376.3,
            "Plan Rows": 1,
            "Plan Width": 8,
            "Actual Startup Time": 141.406,
            "Actual Total Time": 141.408,
            "Actual Rows": 1,
            "Actual Loops": 2,
            "Plans": [
              {
                "Node Type": "Nested Loop",
                "Parent Relationship": "Outer",
                "Parallel Aware": false,
                "Join Type": "Inner",
                "Startup Cost": 0.43,
                "Total Cost": 62374.63,
                "Plan Rows": 666,
                "Plan Width": 0,
                "Actual Startup Time": 82.15,
                "Actual Total Time": 141.056,
                "Actual Rows": 7498,
                "Actual Loops": 2,
                "Inner Unique": false,
                "Plans": [
                  {
                    "Node Type": "Seq Scan",
                    "Parent Relationship": "Outer",
                    "Parallel Aware": true,
                    "Relation Name": "title",
                    "Alias": "t",
                    "Startup Cost": 0.0,
                    "Total Cost": 58306.47,
                    "Plan Rows": 418,
                    "Plan Width": 4,
                    "Actual Startup Time": 81.842,
                    "Actual Total Time": 127.884,
                    "Actual Rows": 1254,
                    "Actual Loops": 2,
                    "Filter": "((kind_id < 7) AND (production_year = 1931))",
                    "Rows Removed by Filter": 1262902
                  },
                  {
                    "Node Type": "Index Scan",
                    "Parent Relationship": "Inner",
                    "Parallel Aware": false,
                    "Scan Direction": "Forward",
                    "Index Name": "movie_id_movie_keyword",
                    "Relation Name": "movie_keyword",
                    "Alias": "mk",
                    "Startup Cost": 0.43,
                    "Total Cost": 9.32,
                    "Plan Rows": 41,
                    "Plan Width": 4,
                    "Actual Startup Time": 0.009,
                    "Actual Total Time": 0.01,
                    "Actual Rows": 6,
                    "Actual Loops": 2507,
                    "Index Cond": "(movie_id = t.id)",
                    "Rows Removed by Index Recheck": 0,
                    "Filter": "(keyword_id > 364)",
                    "Rows Removed by Filter": 1
                  }
                ]
              }
            ]
          }
        ]
      }
    ]
  },
  "Planning Time": 0.313,
  "Triggers": [],
  "Execution Time": 157.341
}