[
  {
    "Plan": {
      "Node Type": "Aggregate",
      "Strategy": "Plain",
      "Partial Mode": "Finalize",
      "Parallel Aware": false,
      "Startup Cost": 45104.43,
      "Total Cost": 45104.44,
      "Plan Rows": 1,
      "Plan Width": 8,
      "Actual Startup Time": 157.634,
      "Actual Total Time": 165.104,
      "Actual Rows": 1,
      "Actual Loops": 1,
      "Plans": [
        {
          "Node Type": "Gather",
          "Parent Relationship": "Outer",
          "Parallel Aware": false,
          "Startup Cost": 45104.11,
          "Total Cost": 45104.42,
          "Plan Rows": 3,
          "Plan Width": 8,
          "Actual Startup Time": 157.501,
          "Actual Total Time": 165.093,
          "Actual Rows": 4,
          "Actual Loops": 1,
          "Workers Planned": 3,
          "Workers Launched": 3,
          "Single Copy": false,
          "Plans": [
            {
              "Node Type": "Aggregate",
              "Strategy": "Plain",
              "Partial Mode": "Partial",
              "Parent Relationship": "Outer",
              "Parallel Aware": false,
              "Startup Cost": 44104.11,
              "Total Cost": 44104.12,
              "Plan Rows": 1,
              "Plan Width": 8,
              "Actual Startup Time": 150.192,
              "Actual Total Time": 150.193,
              "Actual Rows": 1,
              "Actual Loops": 4,
              "Plans": [
                {
                  "Node Type": "Seq Scan",
                  "Parent Relationship": "Outer",
                  "Parallel Aware": true,
                  "Relation Name": "movie_keyword",
                  "Alias": "mk",
                  "Startup Cost": 0.0,
                  "Total Cost": 42695.65,
                  "Plan Rows": 563383,
                  "Plan Width": 0,
                  "Actual Startup Time": 0.058,
                  "Actual Total Time": 124.811,
                  "Actual Rows": 439422,
                  "Actual Loops": 4,
                  "Filter": "(keyword_id < 2862)",
                  "Rows Removed by Filter": 691561
                }
              ]
            }
          ]
        }
      ]
    },
    "Planning Time": 0.19,
    "Triggers": [],
    "Execution Time": 165.16
  }
]