[
  {
    "Plan": {
      "Node Type": "Aggregate",
      "Strategy": "Plain",
      "Partial Mode": "Finalize",
      "Parallel Aware": false,
      "Startup Cost": 120214.1,
      "Total Cost": 120214.11,
      "Plan Rows": 1,
      "Plan Width": 8,
      "Actual Startup Time": 635.776,
      "Actual Total Time": 658.403,
      "Actual Rows": 1,
      "Actual Loops": 1,
      "Plans": [
        {
          "Node Type": "Gather",
          "Parent Relationship": "Outer",
          "Parallel Aware": false,
          "Startup Cost": 120213.79,
          "Total Cost": 120214.1,
          "Plan Rows": 3,
          "Plan Width": 8,
          "Actual Startup Time": 621.125,
          "Actual Total Time": 658.394,
          "Actual Rows": 4,
          "Actual Loops": 1,
          "Workers Planned": 3,
          "Workers Launched": 3,
          "Single Copy": false,
          "Plans": [
            {
              "Node Type": "Aggregate",
              "Strategy": "Plain",
              "Partial Mode": "Partial",
              "Parent Relationship": "Outer",
              "Parallel Aware": false,
              "Startup Cost": 119213.79,
              "Total Cost": 119213.8,
              "Plan Rows": 1,
              "Plan Width": 8,
              "Actual Startup Time": 612.101,
              "Actual Total Time": 612.107,
              "Actual Rows": 1,
              "Actual Loops": 4,
              "Plans": [
                {
                  "Node Type": "Hash Join",
                  "Parent Relationship": "Outer",
                  "Parallel Aware": true,
                  "Join Type": "Inner",
                  "Startup Cost": 75327.17,
                  "Total Cost": 119156.13,
                  "Plan Rows": 23061,
                  "Plan Width": 0,
                  "Actual Startup Time": 483.067,
                  "Actual Total Time": 609.226,
                  "Actual Rows": 62320,
                  "Actual Loops": 4,
                  "Inner Unique": false,
                  "Hash Cond": "(mk.movie_id = t.id)",
                  "Plans": [
                    {
                      "Node Type": "Seq Scan",
                      "Parent Relationship": "Outer",
                      "Parallel Aware": true,
                      "Relation Name": "movie_keyword",
                      "Alias": "mk",
                      "Startup Cost": 0.0,
                      "Total Cost": 42695.65,
                      "Plan Rows": 282379,
                      "Plan Width": 4,
                      "Actual Startup Time": 0.032,
                      "Actual Total Time": 90.846,
                      "Actual Rows": 219016,
                      "Actual Loops": 4,
                      "Filter": "(keyword_id < 831)",
                      "Rows Removed by Filter": 911966
                    },
                    {
                      "Node Type": "Hash",
                      "Parent Relationship": "Inner",
                      "Parallel Aware": true,
                      "Startup Cost": 74494.56,
                      "Total Cost": 74494.56,
                      "Plan Rows": 66609,
                      "Plan Width": 8,
                      "Actual Startup Time": 481.097,
                      "Actual Total Time": 481.101,
                      "Actual Rows": 50392,
                      "Actual Loops": 4,
                      "Hash Buckets": 262144,
                      "Original Hash Buckets": 262144,
                      "Hash Batches": 1,
                      "Original Hash Batches": 1,
                      "Peak Memory Usage": 10016,
                      "Plans": [
                        {
                          "Node Type": "Hash Join",
                          "Parent Relationship": "Outer",
                          "Parallel Aware": true,
                          "Join Type": "Inner",
                          "Startup Cost": 54697.09,
                          "Total Cost": 74494.56,
                          "Plan Rows": 66609,
                          "Plan Width": 8,
                          "Actual Startup Time": 397.516,
                          "Actual Total Time": 459.74,
                          "Actual Rows": 50392,
                          "Actual Loops": 4,
                          "Inner Unique": true,
                          "Hash Cond": "(mc.movie_id = t.id)",
                          "Plans": [
                            {
                              "Node Type": "Bitmap Heap Scan",
                              "Parent Relationship": "Outer",
                              "Parallel Aware": true,
                              "Relation Name": "movie_companies",
                              "Alias": "mc",
                              "Startup Cost": 4476.71,
                              "Total Cost": 24099.32,
                              "Plan Rows": 66609,
                              "Plan Width": 4,
                              "Actual Startup Time": 11.203,
                              "Actual Total Time": 37.624,
                              "Actual Rows": 50392,
                              "Actual Loops": 4,
                              "Recheck Cond": "(company_id < 64)",
                              "Rows Removed by Index Recheck": 0,
                              "Exact Heap Blocks": 5607,
                              "Lossy Heap Blocks": 0,
                              "Plans": [
                                {
                                  "Node Type": "Bitmap Index Scan",
                                  "Parent Relationship": "Outer",
                                  "Parallel Aware": false,
                                  "Index Name": "company_id_movie_companies",
                                  "Startup Cost": 0.0,
                                  "Total Cost": 4425.09,
                                  "Plan Rows": 206488,
                                  "Plan Width": 0,
                                  "Actual Startup Time": 9.061,
                                  "Actual Total Time": 9.061,
                                  "Actual Rows": 201569,
                                  "Actual Loops": 1,
                                  "Index Cond": "(company_id < 64)"
                                }
                              ]
                            },
                            {
                              "Node Type": "Hash",
                              "Parent Relationship": "Inner",
                              "Parallel Aware": true,
                              "Startup Cost": 42319.06,
                              "Total Cost": 42319.06,
                              "Plan Rows": 632106,
                              "Plan Width": 4,
                              "Actual Startup Time": 377.55,
                              "Actual Total Time": 377.551,
                              "Actual Rows": 632078,
                              "Actual Loops": 4,
                              "Hash Buckets": 4194304,
                              "Original Hash Buckets": 4194304,
                              "Hash Batches": 1,
                              "Original Hash Batches": 1,
                              "Peak Memory Usage": 131776,
                              "Plans": [
                                {
                                  "Node Type": "Seq Scan",
                                  "Parent Relationship": "Outer",
                                  "Parallel Aware": true,
                                  "Relation Name": "title",
                                  "Alias": "t",
                                  "Startup Cost": 0.0,
                                  "Total Cost": 42319.06,
                                  "Plan Rows": 632106,
                                  "Plan Width": 4,
                                  "Actual Startup Time": 0.045,
                                  "Actual Total Time": 110.663,
                                  "Actual Rows": 632078,
                                  "Actual Loops": 4
                                }
                              ]
                            }
                          ]
                        }
                      ]
                    }
                  ]
                }
              ]
            }
          ]
        }
      ]
    },
    "Planning Time": 1.083,
    "Triggers": [],
    "Execution Time": 658.479
  }
]