[
  {
    "Plan": {
      "Node Type": "Aggregate",
      "Strategy": "Plain",
      "Partial Mode": "Finalize",
      "Parallel Aware": false,
      "Startup Cost": 115946.09,
      "Total Cost": 115946.1,
      "Plan Rows": 1,
      "Plan Width": 8,
      "Actual Startup Time": 432.75,
      "Actual Total Time": 455.022,
      "Actual Rows": 1,
      "Actual Loops": 1,
      "Plans": [
        {
          "Node Type": "Gather",
          "Parent Relationship": "Outer",
          "Parallel Aware": false,
          "Startup Cost": 115945.78,
          "Total Cost": 115946.09,
          "Plan Rows": 3,
          "Plan Width": 8,
          "Actual Startup Time": 430.682,
          "Actual Total Time": 455.013,
          "Actual Rows": 4,
          "Actual Loops": 1,
          "Workers Planned": 3,
          "Workers Launched": 3,
          "Single Copy": false,
          "Plans": [
            {
              "Node Type": "Aggregate",
              "Strategy": "Plain",
              "Partial Mode": "Partial",
              "Parent Relationship": "Outer",
              "Parallel Aware": false,
              "Startup Cost": 114945.78,
              "Total Cost": 114945.79,
              "Plan Rows": 1,
              "Plan Width": 8,
              "Actual Startup Time": 422.742,
              "Actual Total Time": 422.872,
              "Actual Rows": 1,
              "Actual Loops": 4,
              "Plans": [
                {
                  "Node Type": "Hash Join",
                  "Parent Relationship": "Outer",
                  "Parallel Aware": true,
                  "Join Type": "Inner",
                  "Startup Cost": 71089.46,
                  "Total Cost": 114889.76,
                  "Plan Rows": 22405,
                  "Plan Width": 0,
                  "Actual Startup Time": 282.723,
                  "Actual Total Time": 419.87,
                  "Actual Rows": 62320,
                  "Actual Loops": 4,
                  "Inner Unique": false,
                  "Hash Cond": "(mk.movie_id = t.id)",
                  "Plans": [
                    {
                      "Node Type": "Seq Scan",
                      "Parent Relationship": "Outer",
                      "Parallel Aware": true,
                      "Relation Name": "movie_keyword",
                      "Alias": "mk",
                      "Startup Cost": 0.0,
                      "Total Cost": 42695.65,
                      "Plan Rows": 279638,
                      "Plan Width": 4,
                      "Actual Startup Time": 0.038,
                      "Actual Total Time": 99.513,
                      "Actual Rows": 219016,
                      "Actual Loops": 4,
                      "Filter": "(keyword_id < 831)",
                      "Rows Removed by Filter": 911966
                    },
                    {
                      "Node Type": "Hash",
                      "Parent Relationship": "Inner",
                      "Parallel Aware": true,
                      "Startup Cost": 70456.43,
                      "Total Cost": 70456.43,
                      "Plan Rows": 50642,
                      "Plan Width": 8,
                      "Actual Startup Time": 281.473,
                      "Actual Total Time": 281.602,
                      "Actual Rows": 50392,
                      "Actual Loops": 4,
                      "Hash Buckets": 262144,
                      "Original Hash Buckets": 262144,
                      "Hash Batches": 1,
                      "Original Hash Batches": 1,
                      "Peak Memory Usage": 10016,
                      "Plans": [
                        {
                          "Node Type": "Hash Join",
                          "Parent Relationship": "Outer",
                          "Parallel Aware": true,
                          "Join Type": "Inner",
                          "Startup Cost": 24813.97,
                          "Total Cost": 70456.43,
                          "Plan Rows": 50642,
                          "Plan Width": 8,
                          "Actual Startup Time": 72.494,
                          "Actual Total Time": 264.294,
                          "Actual Rows": 50392,
                          "Actual Loops": 4,
                          "Inner Unique": false,
                          "Hash Cond": "(t.id = mc.movie_id)",
                          "Plans": [
                            {
                              "Node Type": "Seq Scan",
                              "Parent Relationship": "Outer",
                              "Parallel Aware": true,
                              "Relation Name": "title",
                              "Alias": "t",
                              "Startup Cost": 0.0,
                              "Total Cost": 42318.73,
                              "Plan Rows": 632073,
                              "Plan Width": 4,
                              "Actual Startup Time": 0.01,
                              "Actual Total Time": 81.084,
                              "Actual Rows": 632078,
                              "Actual Loops": 4
                            },
                            {
                              "Node Type": "Hash",
                              "Parent Relationship": "Inner",
                              "Parallel Aware": true,
                              "Startup Cost": 23997.16,
                              "Total Cost": 23997.16,
                              "Plan Rows": 65345,
                              "Plan Width": 4,
                              "Actual Startup Time": 71.885,
                              "Actual Total Time": 71.887,
                              "Actual Rows": 50392,
                              "Actual Loops": 4,
                              "Hash Buckets": 262144,
                              "Original Hash Buckets": 262144,
                              "Hash Batches": 1,
                              "Original Hash Batches": 1,
                              "Peak Memory Usage": 10016,
                              "Plans": [
                                {
                                  "Node Type": "Bitmap Heap Scan",
                                  "Parent Relationship": "Outer",
                                  "Parallel Aware": true,
                                  "Relation Name": "movie_companies",
                                  "Alias": "mc",
                                  "Startup Cost": 4390.35,
                                  "Total Cost": 23997.16,
                                  "Plan Rows": 65345,
                                  "Plan Width": 4,
                                  "Actual Startup Time": 13.397,
                                  "Actual Total Time": 52.643,
                                  "Actual Rows": 50392,
                                  "Actual Loops": 4,
                                  "Recheck Cond": "(company_id < 64)",
                                  "Rows Removed by Index Recheck": 0,
                                  "Exact Heap Blocks": 7651,
                                  "Lossy Heap Blocks": 0,
                                  "Plans": [
                                    {
                                      "Node Type": "Bitmap Index Scan",
                                      "Parent Relationship": "Outer",
                                      "Parallel Aware": false,
                                      "Index Name": "company_id_movie_companies",
                                      "Startup Cost": 0.0,
                                      "Total Cost": 4339.7,
                                      "Plan Rows": 202570,
                                      "Plan Width": 0,
                                      "Actual Startup Time": 13.691,
                                      "Actual Total Time": 13.692,
                                      "Actual Rows": 201569,
                                      "Actual Loops": 1,
                                      "Index Cond": "(company_id < 64)"
                                    }
                                  ]
                                }
                              ]
                            }
                          ]
                        }
                      ]
                    }
                  ]
                }
              ]
            }
          ]
        }
      ]
    },
    "Planning Time": 0.598,
    "Triggers": [],
    "Execution Time": 455.097
  }
]