[
  {
    "Plan": {
      "Node Type": "Aggregate",
      "Strategy": "Plain",
      "Partial Mode": "Finalize",
      "Parallel Aware": false,
      "Startup Cost": 442823.3,
      "Total Cost": 442823.31,
      "Plan Rows": 1,
      "Plan Width": 8,
      "Actual Startup Time": 4054.137,
      "Actual Total Time": 4111.746,
      "Actual Rows": 1,
      "Actual Loops": 1,
      "Plans": [
        {
          "Node Type": "Gather",
          "Parent Relationship": "Outer",
          "Parallel Aware": false,
          "Startup Cost": 442822.68,
          "Total Cost": 442823.29,
          "Plan Rows": 6,
          "Plan Width": 8,
          "Actual Startup Time": 4038.029,
          "Actual Total Time": 4111.735,
          "Actual Rows": 7,
          "Actual Loops": 1,
          "Workers Planned": 6,
          "Workers Launched": 6,
          "Single Copy": false,
          "Plans": [
            {
              "Node Type": "Aggregate",
              "Strategy": "Plain",
              "Partial Mode": "Partial",
              "Parent Relationship": "Outer",
              "Parallel Aware": false,
              "Startup Cost": 441822.68,
              "Total Cost": 441822.69,
              "Plan Rows": 1,
              "Plan Width": 8,
              "Actual Startup Time": 4026.745,
              "Actual Total Time": 4026.978,
              "Actual Rows": 1,
              "Actual Loops": 7,
              "Plans": [
                {
                  "Node Type": "Hash Join",
                  "Parent Relationship": "Outer",
                  "Parallel Aware": true,
                  "Join Type": "Inner",
                  "Startup Cost": 93631.8,
                  "Total Cost": 436373.07,
                  "Plan Rows": 2179842,
                  "Plan Width": 0,
                  "Actual Startup Time": 357.304,
                  "Actual Total Time": 3243.292,
                  "Actual Rows": 18410353,
                  "Actual Loops": 7,
                  "Inner Unique": false,
                  "Hash Cond": "(ci.movie_id = t.id)",
                  "Plans": [
                    {
                      "Node Type": "Seq Scan",
                      "Parent Relationship": "Outer",
                      "Parallel Aware": true,
                      "Relation Name": "cast_info",
                      "Alias": "ci",
                      "Startup Cost": 0.0,
                      "Total Cost": 313067.02,
                      "Plan Rows": 6038002,
                      "Plan Width": 4,
                      "Actual Startup Time": 0.019,
                      "Actual Total Time": 509.273,
                      "Actual Rows": 5177763,
                      "Actual Loops": 7
                    },
                    {
                      "Node Type": "Hash",
                      "Parent Relationship": "Inner",
                      "Parallel Aware": true,
                      "Startup Cost": 89951.3,
                      "Total Cost": 89951.3,
                      "Plan Rows": 294440,
                      "Plan Width": 8,
                      "Actual Startup Time": 353.877,
                      "Actual Total Time": 354.109,
                      "Actual Rows": 250939,
                      "Actual Loops": 7,
                      "Hash Buckets": 2097152,
                      "Original Hash Buckets": 1048576,
                      "Hash Batches": 1,
                      "Original Hash Batches": 1,
                      "Peak Memory Usage": 93376,
                      "Plans": [
                        {
                          "Node Type": "Hash Join",
                          "Parent Relationship": "Outer",
                          "Parallel Aware": true,
                          "Join Type": "Inner",
                          "Startup Cost": 47073.22,
                          "Total Cost": 89951.3,
                          "Plan Rows": 294440,
                          "Plan Width": 8,
                          "Actual Startup Time": 130.628,
                          "Actual Total Time": 253.539,
                          "Actual Rows": 250939,
                          "Actual Loops": 7,
                          "Inner Unique": true,
                          "Hash Cond": "(mk.movie_id = t.id)",
                          "Plans": [
                            {
                              "Node Type": "Seq Scan",
                              "Parent Relationship": "Outer",
                              "Parallel Aware": true,
                              "Relation Name": "movie_keyword",
                              "Alias": "mk",
                              "Startup Cost": 0.0,
                              "Total Cost": 39047.32,
                              "Plan Rows": 1459332,
                              "Plan Width": 4,
                              "Actual Startup Time": 0.027,
                              "Actual Total Time": 60.515,
                              "Actual Rows": 646276,
                              "Actual Loops": 7
                            },
                            {
                              "Node Type": "Hash",
                              "Parent Relationship": "Inner",
                              "Parallel Aware": true,
                              "Startup Cost": 45479.1,
                              "Total Cost": 45479.1,
                              "Plan Rows": 127530,
                              "Plan Width": 4,
                              "Actual Startup Time": 106.117,
                              "Actual Total Time": 106.118,
                              "Actual Rows": 54587,
                              "Actual Loops": 7,
                              "Hash Buckets": 524288,
                              "Original Hash Buckets": 524288,
                              "Hash Batches": 1,
                              "Original Hash Batches": 1,
                              "Peak Memory Usage": 19168,
                              "Plans": [
                                {
                                  "Node Type": "Seq Scan",
                                  "Parent Relationship": "Outer",
                                  "Parallel Aware": true,
                                  "Relation Name": "title",
                                  "Alias": "t",
                                  "Startup Cost": 0.0,
                                  "Total Cost": 45479.1,
                                  "Plan Rows": 127530,
                                  "Plan Width": 4,
                                  "Actual Startup Time": 44.924,
                                  "Actual Total Time": 80.124,
                                  "Actual Rows": 54587,
                                  "Actual Loops": 7,
                                  "Filter": "((production_year > 1980) AND (kind_id = 1))",
                                  "Rows Removed by Filter": 306600
                                }
                              ]
                            }
                          ]
                        }
                      ]
                    }
                  ]
                }
              ]
            }
          ]
        }
      ]
    },
    "Planning Time": 1.298,
    "Triggers": [],
    "Execution Time": 4111.853
  }
]