[
  {
    "Plan": {
      "Node Type": "Aggregate",
      "Strategy": "Plain",
      "Partial Mode": "Finalize",
      "Parallel Aware": false,
      "Startup Cost": 47636.65,
      "Total Cost": 47636.66,
      "Plan Rows": 1,
      "Plan Width": 8,
      "Actual Startup Time": 103.826,
      "Actual Total Time": 116.799,
      "Actual Rows": 1,
      "Actual Loops": 1,
      "Plans": [
        {
          "Node Type": "Gather",
          "Parent Relationship": "Outer",
          "Parallel Aware": false,
          "Startup Cost": 47636.23,
          "Total Cost": 47636.64,
          "Plan Rows": 4,
          "Plan Width": 8,
          "Actual Startup Time": 103.692,
          "Actual Total Time": 116.79,
          "Actual Rows": 5,
          "Actual Loops": 1,
          "Workers Planned": 4,
          "Workers Launched": 4,
          "Single Copy": false,
          "Plans": [
            {
              "Node Type": "Aggregate",
              "Strategy": "Plain",
              "Partial Mode": "Partial",
              "Parent Relationship": "Outer",
              "Parallel Aware": false,
              "Startup Cost": 46636.23,
              "Total Cost": 46636.24,
              "Plan Rows": 1,
              "Plan Width": 8,
              "Actual Startup Time": 93.692,
              "Actual Total Time": 93.694,
              "Actual Rows": 1,
              "Actual Loops": 5,
              "Plans": [
                {
                  "Node Type": "Nested Loop",
                  "Parent Relationship": "Outer",
                  "Parallel Aware": false,
                  "Join Type": "Inner",
                  "Startup Cost": 0.43,
                  "Total Cost": 46635.7,
                  "Plan Rows": 212,
                  "Plan Width": 0,
                  "Actual Startup Time": 60.647,
                  "Actual Total Time": 93.474,
                  "Actual Rows": 4358,
                  "Actual Loops": 5,
                  "Inner Unique": false,
                  "Plans": [
                    {
                      "Node Type": "Seq Scan",
                      "Parent Relationship": "Outer",
                      "Parallel Aware": true,
                      "Relation Name": "title",
                      "Alias": "t",
                      "Startup Cost": 0.0,
                      "Total Cost": 45479.1,
                      "Plan Rows": 119,
                      "Plan Width": 4,
                      "Actual Startup Time": 60.436,
                      "Actual Total Time": 85.58,
                      "Actual Rows": 440,
                      "Actual Loops": 5,
                      "Filter": "((kind_id = 1) AND (production_year = 1940))",
                      "Rows Removed by Filter": 505223
                    },
                    {
                      "Node Type": "Index Only Scan",
                      "Parent Relationship": "Inner",
                      "Parallel Aware": false,
                      "Scan Direction": "Forward",
                      "Index Name": "movie_id_movie_keyword",
                      "Relation Name": "movie_keyword",
                      "Alias": "mk",
                      "Startup Cost": 0.43,
                      "Total Cost": 9.27,
                      "Plan Rows": 45,
                      "Plan Width": 4,
                      "Actual Startup Time": 0.015,
                      "Actual Total Time": 0.017,
                      "Actual Rows": 10,
                      "Actual Loops": 2198,
                      "Index Cond": "(movie_id = t.id)",
                      "Rows Removed by Index Recheck": 0,
                      "Heap Fetches": 21791
                    }
                  ]
                }
              ]
            }
          ]
        }
      ]
    },
    "Planning Time": 0.556,
    "Triggers": [],
    "Execution Time": 116.877
  }
]