[
  {
    "Plan": {
      "Node Type": "Aggregate",
      "Strategy": "Plain",
      "Partial Mode": "Finalize",
      "Parallel Aware": false,
      "Startup Cost": 389290.57,
      "Total Cost": 389290.58,
      "Plan Rows": 1,
      "Plan Width": 8,
      "Actual Startup Time": 1625.258,
      "Actual Total Time": 1683.487,
      "Actual Rows": 1,
      "Actual Loops": 1,
      "Plans": [
        {
          "Node Type": "Gather",
          "Parent Relationship": "Outer",
          "Parallel Aware": false,
          "Startup Cost": 389289.94,
          "Total Cost": 389290.55,
          "Plan Rows": 6,
          "Plan Width": 8,
          "Actual Startup Time": 1621.147,
          "Actual Total Time": 1683.467,
          "Actual Rows": 7,
          "Actual Loops": 1,
          "Workers Planned": 6,
          "Workers Launched": 6,
          "Single Copy": false,
          "Plans": [
            {
              "Node Type": "Aggregate",
              "Strategy": "Plain",
              "Partial Mode": "Partial",
              "Parent Relationship": "Outer",
              "Parallel Aware": false,
              "Startup Cost": 388289.94,
              "Total Cost": 388289.95,
              "Plan Rows": 1,
              "Plan Width": 8,
              "Actual Startup Time": 1613.162,
              "Actual Total Time": 1613.165,
              "Actual Rows": 1,
              "Actual Loops": 7,
              "Plans": [
                {
                  "Node Type": "Hash Join",
                  "Parent Relationship": "Outer",
                  "Parallel Aware": true,
                  "Join Type": "Inner",
                  "Startup Cost": 46844.15,
                  "Total Cost": 386420.65,
                  "Plan Rows": 747718,
                  "Plan Width": 0,
                  "Actual Startup Time": 228.479,
                  "Actual Total Time": 1576.141,
                  "Actual Rows": 707662,
                  "Actual Loops": 7,
                  "Inner Unique": true,
                  "Hash Cond": "(ci.movie_id = t.id)",
                  "Plans": [
                    {
                      "Node Type": "Seq Scan",
                      "Parent Relationship": "Outer",
                      "Parallel Aware": true,
                      "Relation Name": "cast_info",
                      "Alias": "ci",
                      "Startup Cost": 0.0,
                      "Total Cost": 328211.39,
                      "Plan Rows": 4329556,
                      "Plan Width": 4,
                      "Actual Startup Time": 116.406,
                      "Actual Total Time": 672.726,
                      "Actual Rows": 3707246,
                      "Actual Loops": 7,
                      "Filter": "(person_id > 1012076)",
                      "Rows Removed by Filter": 1470518
                    },
                    {
                      "Node Type": "Hash",
                      "Parent Relationship": "Inner",
                      "Parallel Aware": true,
                      "Startup Cost": 45479.59,
                      "Total Cost": 45479.59,
                      "Plan Rows": 109165,
                      "Plan Width": 4,
                      "Actual Startup Time": 110.465,
                      "Actual Total Time": 110.466,
                      "Actual Rows": 67703,
                      "Actual Loops": 7,
                      "Hash Buckets": 524288,
                      "Original Hash Buckets": 524288,
                      "Hash Batches": 1,
                      "Original Hash Batches": 1,
                      "Peak Memory Usage": 22784,
                      "Plans": [
                        {
                          "Node Type": "Seq Scan",
                          "Parent Relationship": "Outer",
                          "Parallel Aware": true,
                          "Relation Name": "title",
                          "Alias": "t",
                          "Startup Cost": 0.0,
                          "Total Cost": 45479.59,
                          "Plan Rows": 109165,
                          "Plan Width": 4,
                          "Actual Startup Time": 45.039,
                          "Actual Total Time": 79.555,
                          "Actual Rows": 67703,
                          "Actual Loops": 7,
                          "Filter": "((production_year < 2008) AND (kind_id = 1))",
                          "Rows Removed by Filter": 293485
                        }
                      ]
                    }
                  ]
                }
              ]
            }
          ]
        }
      ]
    },
    "Planning Time": 0.239,
    "Triggers": [],
    "Execution Time": 1683.543
  }
]