[
  {
    "Plan": {
      "Node Type": "Aggregate",
      "Strategy": "Plain",
      "Partial Mode": "Finalize",
      "Parallel Aware": false,
      "Startup Cost": 356236.65,
      "Total Cost": 356236.66,
      "Plan Rows": 1,
      "Plan Width": 8,
      "Actual Startup Time": 487.817,
      "Actual Total Time": 501.642,
      "Actual Rows": 1,
      "Actual Loops": 1,
      "Plans": [
        {
          "Node Type": "Gather",
          "Parent Relationship": "Outer",
          "Parallel Aware": false,
          "Startup Cost": 356236.02,
          "Total Cost": 356236.63,
          "Plan Rows": 6,
          "Plan Width": 8,
          "Actual Startup Time": 476.053,
          "Actual Total Time": 501.629,
          "Actual Rows": 7,
          "Actual Loops": 1,
          "Workers Planned": 6,
          "Workers Launched": 6,
          "Single Copy": false,
          "Plans": [
            {
              "Node Type": "Aggregate",
              "Strategy": "Plain",
              "Partial Mode": "Partial",
              "Parent Relationship": "Outer",
              "Parallel Aware": false,
              "Startup Cost": 355236.02,
              "Total Cost": 355236.03,
              "Plan Rows": 1,
              "Plan Width": 8,
              "Actual Startup Time": 458.97,
              "Actual Total Time": 458.975,
              "Actual Rows": 1,
              "Actual Loops": 7,
              "Plans": [
                {
                  "Node Type": "Hash Join",
                  "Parent Relationship": "Outer",
                  "Parallel Aware": true,
                  "Join Type": "Inner",
                  "Startup Cost": 96480.82,
                  "Total Cost": 354847.42,
                  "Plan Rows": 155441,
                  "Plan Width": 0,
                  "Actual Startup Time": 386.726,
                  "Actual Total Time": 454.83,
                  "Actual Rows": 88153,
                  "Actual Loops": 7,
                  "Inner Unique": true,
                  "Hash Cond": "(ci.movie_id = t.id)",
                  "Plans": [
                    {
                      "Node Type": "Bitmap Heap Scan",
                      "Parent Relationship": "Outer",
                      "Parallel Aware": true,
                      "Relation Name": "cast_info",
                      "Alias": "ci",
                      "Startup Cost": 46260.44,
                      "Total Cost": 304219.01,
                      "Plan Rows": 155441,
                      "Plan Width": 4,
                      "Actual Startup Time": 144.945,
                      "Actual Total Time": 169.351,
                      "Actual Rows": 88153,
                      "Actual Loops": 7,
                      "Recheck Cond": "(person_id < 211974)",
                      "Rows Removed by Index Recheck": 0,
                      "Filter": "(role_id > 2)",
                      "Rows Removed by Filter": 220459,
                      "Exact Heap Blocks": 3686,
                      "Lossy Heap Blocks": 0,
                      "Plans": [
                        {
                          "Node Type": "Bitmap Index Scan",
                          "Parent Relationship": "Outer",
                          "Parallel Aware": false,
                          "Index Name": "person_id_cast_info",
                          "Startup Cost": 0.0,
                          "Total Cost": 46027.28,
                          "Plan Rows": 2108628,
                          "Plan Width": 0,
                          "Actual Startup Time": 91.443,
                          "Actual Total Time": 91.444,
                          "Actual Rows": 2160284,
                          "Actual Loops": 1,
                          "Index Cond": "(person_id < 211974)"
                        }
                      ]
                    },
                    {
                      "Node Type": "Hash",
                      "Parent Relationship": "Inner",
                      "Parallel Aware": true,
                      "Startup Cost": 42319.06,
                      "Total Cost": 42319.06,
                      "Plan Rows": 632106,
                      "Plan Width": 4,
                      "Actual Startup Time": 236.456,
                      "Actual Total Time": 236.457,
                      "Actual Rows": 361187,
                      "Actual Loops": 7,
                      "Hash Buckets": 4194304,
                      "Original Hash Buckets": 4194304,
                      "Hash Batches": 1,
                      "Original Hash Batches": 1,
                      "Peak Memory Usage": 131776,
                      "Plans": [
                        {
                          "Node Type": "Seq Scan",
                          "Parent Relationship": "Outer",
                          "Parallel Aware": true,
                          "Relation Name": "title",
                          "Alias": "t",
                          "Startup Cost": 0.0,
                          "Total Cost": 42319.06,
                          "Plan Rows": 632106,
                          "Plan Width": 4,
                          "Actual Startup Time": 0.03,
                          "Actual Total Time": 72.043,
                          "Actual Rows": 361187,
                          "Actual Loops": 7
                        }
                      ]
                    }
                  ]
                }
              ]
            }
          ]
        }
      ]
    },
    "Planning Time": 0.326,
    "Triggers": [],
    "Execution Time": 501.702
  }
]