{
  "Plan": {
    "Node Type": "Aggregate",
    "Strategy": "Plain",
    "Partial Mode": "Finalize",
    "Parallel Aware": false,
    "Startup Cost": 680597.46,
    "Total Cost": 680597.47,
    "Plan Rows": 1,
    "Plan Width": 8,
    "Actual Startup Time": 9903.831,
    "Actual Total Time": 9961.351,
    "Actual Rows": 1,
    "Actual Loops": 1,
    "Plans": [
      {
        "Node Type": "Gather",
        "Parent Relationship": "Outer",
        "Parallel Aware": false,
        "Startup Cost": 680597.35,
        "Total Cost": 680597.46,
        "Plan Rows": 1,
        "Plan Width": 8,
        "Actual Startup Time": 9898.145,
        "Actual Total Time": 9961.341,
        "Actual Rows": 2,
        "Actual Loops": 1,
        "Workers Planned": 1,
        "Workers Launched": 1,
        "Single Copy": false,
        "Plans": [
          {
            "Node Type": "Aggregate",
            "Strategy": "Plain",
            "Partial Mode": "Partial",
            "Parent Relationship": "Outer",
            "Parallel Aware": false,
            "Startup Cost": 679597.35,
            "Total Cost": 679597.36,
            "Plan Rows": 1,
            "Plan Width": 8,
            "Actual Startup Time": 9887.112,
            "Actual Total Time": 9887.117,
            "Actual Rows": 1,
            "Actual Loops": 2,
            "Plans": [
              {
                "Node Type": "Hash Join",
                "Parent Relationship": "Outer",
                "Parallel Aware": true,
                "Join Type": "Inner",
                "Startup Cost": 70960.66,
                "Total Cost": 638741.14,
                "Plan Rows": 16342482,
                "Plan Width": 0,
                "Actual Startup Time": 751.302,
                "Actual Total Time": 9297.39,
                "Actual Rows": 14178994,
                "Actual Loops": 2,
                "Inner Unique": true,
                "Hash Cond": "(ci.movie_id = t.id)",
                "Plans": [
                  {
                    "Node Type": "Seq Scan",
                    "Parent Relationship": "Outer",
                    "Parallel Aware": true,
                    "Relation Name": "cast_info",
                    "Alias": "ci",
                    "Startup Cost": 0.0,
                    "Total Cost": 519069.44,
                    "Plan Rows": 18556556,
                    "Plan Width": 4,
                    "Actual Startup Time": 0.022,
                    "Actual Total Time": 2047.989,
                    "Actual Rows": 15802604,
                    "Actual Loops": 2,
                    "Filter": "(role_id < 10)",
                    "Rows Removed by Filter": 2319568
                  },
                  {
                    "Node Type": "Hash",
                    "Parent Relationship": "Inner",
                    "Parallel Aware": true,
                    "Startup Cost": 54588.39,
                    "Total Cost": 54588.39,
                    "Plan Rows": 1309782,
                    "Plan Width": 4,
                    "Actual Startup Time": 728.722,
                    "Actual Total Time": 728.723,
                    "Actual Rows": 1112284,
                    "Actual Loops": 2,
                    "Hash Buckets": 4194304,
                    "Original Hash Buckets": 4194304,
                    "Hash Batches": 1,
                    "Original Hash Batches": 1,
                    "Peak Memory Usage": 119808,
                    "Plans": [
                      {
                        "Node Type": "Seq Scan",
                        "Parent Relationship": "Outer",
                        "Parallel Aware": true,
                        "Relation Name": "title",
                        "Alias": "t",
                        "Startup Cost": 0.0,
                        "Total Cost": 54588.39,
                        "Plan Rows": 1309782,
                        "Plan Width": 4,
                        "Actual Startup Time": 0.035,
                        "Actual Total Time": 265.689,
                        "Actual Rows": 1112284,
                        "Actual Loops": 2,
                        "Filter": "(production_year < 2012)",
                        "Rows Removed by Filter": 151872
                      }
                    ]
                  }
                ]
              }
            ]
          }
        ]
      }
    ]
  },
  "Planning Time": 0.668,
  "Triggers": [],
  "Execution Time": 9961.425
}