[
    {
        "Bao": {
            "Bao prediction": "NaN",
            "Bao recommended hint": "(no hint)"
        }
    },
    {
        "Plan": {
            "Node Type": "Aggregate",
            "Strategy": "Plain",
            "Partial Mode": "Finalize",
            "Parallel Aware": false,
            "Startup Cost": 285373.36,
            "Total Cost": 285373.37,
            "Plan Rows": 1,
            "Plan Width": 8,
            "Actual Startup Time": 127.826,
            "Actual Total Time": 132.97,
            "Actual Rows": 1,
            "Actual Loops": 1,
            "Output": [
                "count(*)"
            ],
            "Plans": [
                {
                    "Node Type": "Gather",
                    "Parent Relationship": "Outer",
                    "Parallel Aware": false,
                    "Startup Cost": 285372.74,
                    "Total Cost": 285373.35,
                    "Plan Rows": 6,
                    "Plan Width": 8,
                    "Actual Startup Time": 127.193,
                    "Actual Total Time": 132.962,
                    "Actual Rows": 7,
                    "Actual Loops": 1,
                    "Output": [
                        "(PARTIAL count(*))"
                    ],
                    "Workers Planned": 6,
                    "Workers Launched": 6,
                    "Single Copy": false,
                    "Plans": [
                        {
                            "Node Type": "Aggregate",
                            "Strategy": "Plain",
                            "Partial Mode": "Partial",
                            "Parent Relationship": "Outer",
                            "Parallel Aware": false,
                            "Startup Cost": 284372.74,
                            "Total Cost": 284372.75,
                            "Plan Rows": 1,
                            "Plan Width": 8,
                            "Actual Startup Time": 116.547,
                            "Actual Total Time": 116.548,
                            "Actual Rows": 1,
                            "Actual Loops": 7,
                            "Output": [
                                "PARTIAL count(*)"
                            ],
                            "Workers": [
                                {
                                    "Worker Number": 0,
                                    "Actual Startup Time": 114.432,
                                    "Actual Total Time": 114.433,
                                    "Actual Rows": 1,
                                    "Actual Loops": 1
                                },
                                {
                                    "Worker Number": 1,
                                    "Actual Startup Time": 114.377,
                                    "Actual Total Time": 114.379,
                                    "Actual Rows": 1,
                                    "Actual Loops": 1
                                },
                                {
                                    "Worker Number": 2,
                                    "Actual Startup Time": 114.383,
                                    "Actual Total Time": 114.384,
                                    "Actual Rows": 1,
                                    "Actual Loops": 1
                                },
                                {
                                    "Worker Number": 3,
                                    "Actual Startup Time": 115.43,
                                    "Actual Total Time": 115.432,
                                    "Actual Rows": 1,
                                    "Actual Loops": 1
                                },
                                {
                                    "Worker Number": 4,
                                    "Actual Startup Time": 114.77,
                                    "Actual Total Time": 114.772,
                                    "Actual Rows": 1,
                                    "Actual Loops": 1
                                },
                                {
                                    "Worker Number": 5,
                                    "Actual Startup Time": 115.61,
                                    "Actual Total Time": 115.611,
                                    "Actual Rows": 1,
                                    "Actual Loops": 1
                                }
                            ],
                            "Plans": [
                                {
                                    "Node Type": "Bitmap Heap Scan",
                                    "Parent Relationship": "Outer",
                                    "Parallel Aware": true,
                                    "Relation Name": "cast_info",
                                    "Schema": "public",
                                    "Alias": "ci",
                                    "Startup Cost": 28463.01,
                                    "Total Cost": 283835.62,
                                    "Plan Rows": 214848,
                                    "Plan Width": 0,
                                    "Actual Startup Time": 40.624,
                                    "Actual Total Time": 104.349,
                                    "Actual Rows": 197509,
                                    "Actual Loops": 7,
                                    "Recheck Cond": "(ci.person_id > 3793396)",
                                    "Rows Removed by Index Recheck": 0,
                                    "Exact Heap Blocks": 5637,
                                    "Lossy Heap Blocks": 0,
                                    "Workers": [
                                        {
                                            "Worker Number": 0,
                                            "Actual Startup Time": 38.756,
                                            "Actual Total Time": 102.255,
                                            "Actual Rows": 140052,
                                            "Actual Loops": 1
                                        },
                                        {
                                            "Worker Number": 1,
                                            "Actual Startup Time": 38.729,
                                            "Actual Total Time": 102.6,
                                            "Actual Rows": 173862,
                                            "Actual Loops": 1
                                        },
                                        {
                                            "Worker Number": 2,
                                            "Actual Startup Time": 38.382,
                                            "Actual Total Time": 102.538,
                                            "Actual Rows": 176813,
                                            "Actual Loops": 1
                                        },
                                        {
                                            "Worker Number": 3,
                                            "Actual Startup Time": 39.4,
                                            "Actual Total Time": 104.12,
                                            "Actual Rows": 169951,
                                            "Actual Loops": 1
                                        },
                                        {
                                            "Worker Number": 4,
                                            "Actual Startup Time": 38.738,
                                            "Actual Total Time": 103.488,
                                            "Actual Rows": 170682,
                                            "Actual Loops": 1
                                        },
                                        {
                                            "Worker Number": 5,
                                            "Actual Startup Time": 39.852,
                                            "Actual Total Time": 104.471,
                                            "Actual Rows": 168286,
                                            "Actual Loops": 1
                                        }
                                    ],
                                    "Plans": [
                                        {
                                            "Node Type": "Bitmap Index Scan",
                                            "Parent Relationship": "Outer",
                                            "Parallel Aware": false,
                                            "Index Name": "person_id_cast_info",
                                            "Startup Cost": 0.0,
                                            "Total Cost": 28140.74,
                                            "Plan Rows": 1289090,
                                            "Plan Width": 0,
                                            "Actual Startup Time": 47.607,
                                            "Actual Total Time": 47.608,
                                            "Actual Rows": 1382564,
                                            "Actual Loops": 1,
                                            "Index Cond": "(ci.person_id > 3793396)"
                                        }
                                    ]
                                }
                            ]
                        }
                    ]
                }
            ]
        },
        "Planning Time": 185.763,
        "Triggers": [],
        "Execution Time": 133.027
    }
]