{
  "Plan": {
    "Node Type": "Aggregate",
    "Strategy": "Plain",
    "Partial Mode": "Finalize",
    "Parallel Aware": false,
    "Startup Cost": 103350.88,
    "Total Cost": 103350.89,
    "Plan Rows": 1,
    "Plan Width": 8,
    "Actual Startup Time": 620.96,
    "Actual Total Time": 637.165,
    "Actual Rows": 1,
    "Actual Loops": 1,
    "Plans": [
      {
        "Node Type": "Gather",
        "Parent Relationship": "Outer",
        "Parallel Aware": false,
        "Startup Cost": 103350.76,
        "Total Cost": 103350.87,
        "Plan Rows": 1,
        "Plan Width": 8,
        "Actual Startup Time": 619.84,
        "Actual Total Time": 637.157,
        "Actual Rows": 2,
        "Actual Loops": 1,
        "Workers Planned": 1,
        "Workers Launched": 1,
        "Single Copy": false,
        "Plans": [
          {
            "Node Type": "Aggregate",
            "Strategy": "Plain",
            "Partial Mode": "Partial",
            "Parent Relationship": "Outer",
            "Parallel Aware": false,
            "Startup Cost": 102350.76,
            "Total Cost": 102350.77,
            "Plan Rows": 1,
            "Plan Width": 8,
            "Actual Startup Time": 613.71,
            "Actual Total Time": 613.713,
            "Actual Rows": 1,
            "Actual Loops": 2,
            "Plans": [
              {
                "Node Type": "Hash Join",
                "Parent Relationship": "Outer",
                "Parallel Aware": true,
                "Join Type": "Inner",
                "Startup Cost": 39392.63,
                "Total Cost": 101517.88,
                "Plan Rows": 333155,
                "Plan Width": 0,
                "Actual Startup Time": 179.463,
                "Actual Total Time": 602.474,
                "Actual Rows": 279926,
                "Actual Loops": 2,
                "Inner Unique": false,
                "Hash Cond": "(t.id = mc.movie_id)",
                "Plans": [
                  {
                    "Node Type": "Seq Scan",
                    "Parent Relationship": "Outer",
                    "Parallel Aware": true,
                    "Relation Name": "title",
                    "Alias": "t",
                    "Startup Cost": 0.0,
                    "Total Cost": 50870.31,
                    "Plan Rows": 1487231,
                    "Plan Width": 4,
                    "Actual Startup Time": 0.009,
                    "Actual Total Time": 114.086,
                    "Actual Rows": 1264156,
                    "Actual Loops": 2
                  },
                  {
                    "Node Type": "Hash",
                    "Parent Relationship": "Inner",
                    "Parallel Aware": true,
                    "Startup Cost": 35228.19,
                    "Total Cost": 35228.19,
                    "Plan Rows": 333155,
                    "Plan Width": 4,
                    "Actual Startup Time": 170.32,
                    "Actual Total Time": 170.321,
                    "Actual Rows": 279926,
                    "Actual Loops": 2,
                    "Hash Buckets": 1048576,
                    "Original Hash Buckets": 1048576,
                    "Hash Batches": 1,
                    "Original Hash Batches": 1,
                    "Peak Memory Usage": 30112,
                    "Plans": [
                      {
                        "Node Type": "Bitmap Heap Scan",
                        "Parent Relationship": "Outer",
                        "Parallel Aware": true,
                        "Relation Name": "movie_companies",
                        "Alias": "mc",
                        "Startup Cost": 12273.75,
                        "Total Cost": 35228.19,
                        "Plan Rows": 333155,
                        "Plan Width": 4,
                        "Actual Startup Time": 34.157,
                        "Actual Total Time": 98.865,
                        "Actual Rows": 279926,
                        "Actual Loops": 2,
                        "Recheck Cond": "(company_id < 595)",
                        "Rows Removed by Index Recheck": 0,
                        "Exact Heap Blocks": 10739,
                        "Lossy Heap Blocks": 0,
                        "Plans": [
                          {
                            "Node Type": "Bitmap Index Scan",
                            "Parent Relationship": "Outer",
                            "Parallel Aware": false,
                            "Index Name": "company_id_movie_companies",
                            "Startup Cost": 0.0,
                            "Total Cost": 12132.16,
                            "Plan Rows": 566364,
                            "Plan Width": 0,
                            "Actual Startup Time": 31.435,
                            "Actual Total Time": 31.435,
                            "Actual Rows": 559852,
                            "Actual Loops": 1,
                            "Index Cond": "(company_id < 595)"
                          }
                        ]
                      }
                    ]
                  }
                ]
              }
            ]
          }
        ]
      }
    ]
  },
  "Planning Time": 0.612,
  "Triggers": [],
  "Execution Time": 637.257
}