[
  {
    "Plan": {
      "Node Type": "Aggregate",
      "Strategy": "Plain",
      "Partial Mode": "Finalize",
      "Parallel Aware": false,
      "Startup Cost": 336820.34,
      "Total Cost": 336820.35,
      "Plan Rows": 1,
      "Plan Width": 8,
      "Actual Startup Time": 397.191,
      "Actual Total Time": 418.539,
      "Actual Rows": 1,
      "Actual Loops": 1,
      "Plans": [
        {
          "Node Type": "Gather",
          "Parent Relationship": "Outer",
          "Parallel Aware": false,
          "Startup Cost": 336819.72,
          "Total Cost": 336820.33,
          "Plan Rows": 6,
          "Plan Width": 8,
          "Actual Startup Time": 397.094,
          "Actual Total Time": 418.525,
          "Actual Rows": 7,
          "Actual Loops": 1,
          "Workers Planned": 6,
          "Workers Launched": 6,
          "Single Copy": false,
          "Plans": [
            {
              "Node Type": "Aggregate",
              "Strategy": "Plain",
              "Partial Mode": "Partial",
              "Parent Relationship": "Outer",
              "Parallel Aware": false,
              "Startup Cost": 335819.72,
              "Total Cost": 335819.73,
              "Plan Rows": 1,
              "Plan Width": 8,
              "Actual Startup Time": 387.228,
              "Actual Total Time": 387.229,
              "Actual Rows": 1,
              "Actual Loops": 7,
              "Plans": [
                {
                  "Node Type": "Index Scan",
                  "Parent Relationship": "Outer",
                  "Parallel Aware": true,
                  "Scan Direction": "Forward",
                  "Index Name": "role_id_cast_info",
                  "Relation Name": "cast_info",
                  "Alias": "ci",
                  "Startup Cost": 0.56,
                  "Total Cost": 335235.55,
                  "Plan Rows": 233668,
                  "Plan Width": 0,
                  "Actual Startup Time": 0.14,
                  "Actual Total Time": 365.823,
                  "Actual Rows": 432258,
                  "Actual Loops": 7,
                  "Index Cond": "(role_id = 1)",
                  "Rows Removed by Index Recheck": 0,
                  "Filter": "(person_id < 403689)",
                  "Rows Removed by Filter": 1377840
                }
              ]
            }
          ]
        }
      ]
    },
    "Planning Time": 0.239,
    "Triggers": [],
    "Execution Time": 418.629
  }
]