{
  "Plan": {
    "Node Type": "Aggregate",
    "Strategy": "Plain",
    "Partial Mode": "Finalize",
    "Parallel Aware": false,
    "Startup Cost": 508464.31,
    "Total Cost": 508464.32,
    "Plan Rows": 1,
    "Plan Width": 8,
    "Actual Startup Time": 2166.722,
    "Actual Total Time": 2209.978,
    "Actual Rows": 1,
    "Actual Loops": 1,
    "Plans": [
      {
        "Node Type": "Gather",
        "Parent Relationship": "Outer",
        "Parallel Aware": false,
        "Startup Cost": 508464.2,
        "Total Cost": 508464.31,
        "Plan Rows": 1,
        "Plan Width": 8,
        "Actual Startup Time": 2161.138,
        "Actual Total Time": 2209.969,
        "Actual Rows": 2,
        "Actual Loops": 1,
        "Workers Planned": 1,
        "Workers Launched": 1,
        "Single Copy": false,
        "Plans": [
          {
            "Node Type": "Aggregate",
            "Strategy": "Plain",
            "Partial Mode": "Partial",
            "Parent Relationship": "Outer",
            "Parallel Aware": false,
            "Startup Cost": 507464.2,
            "Total Cost": 507464.21,
            "Plan Rows": 1,
            "Plan Width": 8,
            "Actual Startup Time": 2148.883,
            "Actual Total Time": 2148.889,
            "Actual Rows": 1,
            "Actual Loops": 2,
            "Plans": [
              {
                "Node Type": "Hash Join",
                "Parent Relationship": "Outer",
                "Parallel Aware": true,
                "Join Type": "Inner",
                "Startup Cost": 96319.43,
                "Total Cost": 507167.65,
                "Plan Rows": 118618,
                "Plan Width": 0,
                "Actual Startup Time": 574.855,
                "Actual Total Time": 2139.03,
                "Actual Rows": 203742,
                "Actual Loops": 2,
                "Inner Unique": false,
                "Hash Cond": "(ci.movie_id = t.id)",
                "Plans": [
                  {
                    "Node Type": "Index Scan",
                    "Parent Relationship": "Outer",
                    "Parallel Aware": true,
                    "Scan Direction": "Forward",
                    "Index Name": "role_id_cast_info",
                    "Relation Name": "cast_info",
                    "Alias": "ci",
                    "Startup Cost": 0.56,
                    "Total Cost": 382631.05,
                    "Plan Rows": 7338659,
                    "Plan Width": 4,
                    "Actual Startup Time": 0.115,
                    "Actual Total Time": 854.704,
                    "Actual Rows": 6335344,
                    "Actual Loops": 2,
                    "Index Cond": "(role_id = 1)",
                    "Rows Removed by Index Recheck": 0
                  },
                  {
                    "Node Type": "Hash",
                    "Parent Relationship": "Inner",
                    "Parallel Aware": true,
                    "Startup Cost": 96018.38,
                    "Total Cost": 96018.38,
                    "Plan Rows": 24039,
                    "Plan Width": 8,
                    "Actual Startup Time": 573.281,
                    "Actual Total Time": 573.285,
                    "Actual Rows": 20920,
                    "Actual Loops": 2,
                    "Hash Buckets": 65536,
                    "Original Hash Buckets": 65536,
                    "Hash Batches": 1,
                    "Original Hash Batches": 1,
                    "Peak Memory Usage": 2176,
                    "Plans": [
                      {
                        "Node Type": "Hash Join",
                        "Parent Relationship": "Outer",
                        "Parallel Aware": true,
                        "Join Type": "Inner",
                        "Startup Cost": 70329.84,
                        "Total Cost": 96018.38,
                        "Plan Rows": 24039,
                        "Plan Width": 8,
                        "Actual Startup Time": 533.371,
                        "Actual Total Time": 568.389,
                        "Actual Rows": 20920,
                        "Actual Loops": 2,
                        "Inner Unique": true,
                        "Hash Cond": "(mk.movie_id = t.id)",
                        "Plans": [
                          {
                            "Node Type": "Bitmap Heap Scan",
                            "Parent Relationship": "Outer",
                            "Parallel Aware": true,
                            "Relation Name": "movie_keyword",
                            "Alias": "mk",
                            "Startup Cost": 869.14,
                            "Total Cost": 26494.58,
                            "Plan Rows": 24039,
                            "Plan Width": 4,
                            "Actual Startup Time": 4.172,
                            "Actual Total Time": 23.731,
                            "Actual Rows": 20920,
                            "Actual Loops": 2,
                            "Recheck Cond": "(keyword_id = 117)",
                            "Rows Removed by Index Recheck": 0,
                            "Exact Heap Blocks": 7782,
                            "Lossy Heap Blocks": 0,
                            "Plans": [
                              {
                                "Node Type": "Bitmap Index Scan",
                                "Parent Relationship": "Outer",
                                "Parallel Aware": false,
                                "Index Name": "keyword_id_movie_keyword",
                                "Startup Cost": 0.0,
                                "Total Cost": 858.93,
                                "Plan Rows": 40866,
                                "Plan Width": 0,
                                "Actual Startup Time": 2.567,
                                "Actual Total Time": 2.567,
                                "Actual Rows": 41840,
                                "Actual Loops": 1,
                                "Index Cond": "(keyword_id = 117)"
                              }
                            ]
                          },
                          {
                            "Node Type": "Hash",
                            "Parent Relationship": "Inner",
                            "Parallel Aware": true,
                            "Startup Cost": 50870.31,
                            "Total Cost": 50870.31,
                            "Plan Rows": 1487231,
                            "Plan Width": 4,
                            "Actual Startup Time": 509.313,
                            "Actual Total Time": 509.313,
                            "Actual Rows": 1264156,
                            "Actual Loops": 2,
                            "Hash Buckets": 4194304,
                            "Original Hash Buckets": 4194304,
                            "Hash Batches": 1,
                            "Original Hash Batches": 1,
                            "Peak Memory Usage": 131712,
                            "Plans": [
                              {
                                "Node Type": "Seq Scan",
                                "Parent Relationship": "Outer",
                                "Parallel Aware": true,
                                "Relation Name": "title",
                                "Alias": "t",
                                "Startup Cost": 0.0,
                                "Total Cost": 50870.31,
                                "Plan Rows": 1487231,
                                "Plan Width": 4,
                                "Actual Startup Time": 0.039,
                                "Actual Total Time": 149.981,
                                "Actual Rows": 1264156,
                                "Actual Loops": 2
                              }
                            ]
                          }
                        ]
                      }
                    ]
                  }
                ]
              }
            ]
          }
        ]
      }
    ]
  },
  "Planning Time": 1.104,
  "Triggers": [],
  "Execution Time": 2210.09
}