{
  "Plan": {
    "Node Type": "Aggregate",
    "Strategy": "Plain",
    "Partial Mode": "Finalize",
    "Parallel Aware": false,
    "Startup Cost": 506381.39,
    "Total Cost": 506381.4,
    "Plan Rows": 1,
    "Plan Width": 8,
    "Actual Startup Time": 1733.041,
    "Actual Total Time": 1773.841,
    "Actual Rows": 1,
    "Actual Loops": 1,
    "Plans": [
      {
        "Node Type": "Gather",
        "Parent Relationship": "Outer",
        "Parallel Aware": false,
        "Startup Cost": 506381.28,
        "Total Cost": 506381.39,
        "Plan Rows": 1,
        "Plan Width": 8,
        "Actual Startup Time": 1732.721,
        "Actual Total Time": 1773.83,
        "Actual Rows": 2,
        "Actual Loops": 1,
        "Workers Planned": 1,
        "Workers Launched": 1,
        "Single Copy": false,
        "Plans": [
          {
            "Node Type": "Aggregate",
            "Strategy": "Plain",
            "Partial Mode": "Partial",
            "Parent Relationship": "Outer",
            "Parallel Aware": false,
            "Startup Cost": 505381.28,
            "Total Cost": 505381.29,
            "Plan Rows": 1,
            "Plan Width": 8,
            "Actual Startup Time": 1726.025,
            "Actual Total Time": 1726.031,
            "Actual Rows": 1,
            "Actual Loops": 2,
            "Plans": [
              {
                "Node Type": "Hash Join",
                "Parent Relationship": "Outer",
                "Parallel Aware": true,
                "Join Type": "Inner",
                "Startup Cost": 460577.06,
                "Total Cost": 505336.4,
                "Plan Rows": 17949,
                "Plan Width": 0,
                "Actual Startup Time": 1535.403,
                "Actual Total Time": 1725.159,
                "Actual Rows": 20238,
                "Actual Loops": 2,
                "Inner Unique": false,
                "Hash Cond": "(mc.movie_id = t.id)",
                "Plans": [
                  {
                    "Node Type": "Seq Scan",
                    "Parent Relationship": "Outer",
                    "Parallel Aware": true,
                    "Relation Name": "movie_companies",
                    "Alias": "mc",
                    "Startup Cost": 0.0,
                    "Total Cost": 37974.77,
                    "Plan Rows": 1068639,
                    "Plan Width": 4,
                    "Actual Startup Time": 0.013,
                    "Actual Total Time": 115.608,
                    "Actual Rows": 901057,
                    "Actual Loops": 2,
                    "Filter": "(company_id < 29651)",
                    "Rows Removed by Filter": 403508
                  },
                  {
                    "Node Type": "Hash",
                    "Parent Relationship": "Inner",
                    "Parallel Aware": true,
                    "Startup Cost": 460264.81,
                    "Total Cost": 460264.81,
                    "Plan Rows": 24980,
                    "Plan Width": 8,
                    "Actual Startup Time": 1533.286,
                    "Actual Total Time": 1533.291,
                    "Actual Rows": 21285,
                    "Actual Loops": 2,
                    "Hash Buckets": 65536,
                    "Original Hash Buckets": 65536,
                    "Hash Batches": 1,
                    "Original Hash Batches": 1,
                    "Peak Memory Usage": 2208,
                    "Plans": [
                      {
                        "Node Type": "Hash Join",
                        "Parent Relationship": "Outer",
                        "Parallel Aware": true,
                        "Join Type": "Inner",
                        "Startup Cost": 58370.31,
                        "Total Cost": 460264.81,
                        "Plan Rows": 24980,
                        "Plan Width": 8,
                        "Actual Startup Time": 139.061,
                        "Actual Total Time": 1525.538,
                        "Actual Rows": 21285,
                        "Actual Loops": 2,
                        "Inner Unique": true,
                        "Hash Cond": "(ci.movie_id = t.id)",
                        "Plans": [
                          {
                            "Node Type": "Index Scan",
                            "Parent Relationship": "Outer",
                            "Parallel Aware": true,
                            "Scan Direction": "Forward",
                            "Index Name": "role_id_cast_info",
                            "Relation Name": "cast_info",
                            "Alias": "ci",
                            "Startup Cost": 0.56,
                            "Total Cost": 382631.05,
                            "Plan Rows": 7338659,
                            "Plan Width": 4,
                            "Actual Startup Time": 0.045,
                            "Actual Total Time": 823.778,
                            "Actual Rows": 6335344,
                            "Actual Loops": 2,
                            "Index Cond": "(role_id = 1)",
                            "Rows Removed by Index Recheck": 0
                          },
                          {
                            "Node Type": "Hash",
                            "Parent Relationship": "Inner",
                            "Parallel Aware": true,
                            "Startup Cost": 58306.47,
                            "Total Cost": 58306.47,
                            "Plan Rows": 5062,
                            "Plan Width": 4,
                            "Actual Startup Time": 138.439,
                            "Actual Total Time": 138.44,
                            "Actual Rows": 4244,
                            "Actual Loops": 2,
                            "Hash Buckets": 16384,
                            "Original Hash Buckets": 16384,
                            "Hash Batches": 1,
                            "Original Hash Batches": 1,
                            "Peak Memory Usage": 512,
                            "Plans": [
                              {
                                "Node Type": "Seq Scan",
                                "Parent Relationship": "Outer",
                                "Parallel Aware": true,
                                "Relation Name": "title",
                                "Alias": "t",
                                "Startup Cost": 0.0,
                                "Total Cost": 58306.47,
                                "Plan Rows": 5062,
                                "Plan Width": 4,
                                "Actual Startup Time": 0.127,
                                "Actual Total Time": 136.507,
                                "Actual Rows": 4244,
                                "Actual Loops": 2,
                                "Filter": "((kind_id = 7) AND (production_year = 1969))",
                                "Rows Removed by Filter": 1259912
                              }
                            ]
                          }
                        ]
                      }
                    ]
                  }
                ]
              }
            ]
          }
        ]
      }
    ]
  },
  "Planning Time": 1.253,
  "Triggers": [],
  "Execution Time": 1773.94
}