[
    {
        "Bao": {
            "Bao prediction": "NaN",
            "Bao recommended hint": "(no hint)"
        }
    },
    {
        "Plan": {
            "Node Type": "Aggregate",
            "Strategy": "Plain",
            "Partial Mode": "Finalize",
            "Parallel Aware": false,
            "Startup Cost": 32845.94,
            "Total Cost": 32845.95,
            "Plan Rows": 1,
            "Plan Width": 8,
            "Actual Startup Time": 87.876,
            "Actual Total Time": 93.391,
            "Actual Rows": 1,
            "Actual Loops": 1,
            "Output": [
                "count(*)"
            ],
            "Plans": [
                {
                    "Node Type": "Gather",
                    "Parent Relationship": "Outer",
                    "Parallel Aware": false,
                    "Startup Cost": 32845.62,
                    "Total Cost": 32845.93,
                    "Plan Rows": 3,
                    "Plan Width": 8,
                    "Actual Startup Time": 87.598,
                    "Actual Total Time": 93.384,
                    "Actual Rows": 4,
                    "Actual Loops": 1,
                    "Output": [
                        "(PARTIAL count(*))"
                    ],
                    "Workers Planned": 3,
                    "Workers Launched": 3,
                    "Single Copy": false,
                    "Plans": [
                        {
                            "Node Type": "Aggregate",
                            "Strategy": "Plain",
                            "Partial Mode": "Partial",
                            "Parent Relationship": "Outer",
                            "Parallel Aware": false,
                            "Startup Cost": 31845.62,
                            "Total Cost": 31845.63,
                            "Plan Rows": 1,
                            "Plan Width": 8,
                            "Actual Startup Time": 79.176,
                            "Actual Total Time": 79.178,
                            "Actual Rows": 1,
                            "Actual Loops": 4,
                            "Output": [
                                "PARTIAL count(*)"
                            ],
                            "Workers": [
                                {
                                    "Worker Number": 0,
                                    "Actual Startup Time": 76.395,
                                    "Actual Total Time": 76.396,
                                    "Actual Rows": 1,
                                    "Actual Loops": 1
                                },
                                {
                                    "Worker Number": 1,
                                    "Actual Startup Time": 76.402,
                                    "Actual Total Time": 76.403,
                                    "Actual Rows": 1,
                                    "Actual Loops": 1
                                },
                                {
                                    "Worker Number": 2,
                                    "Actual Startup Time": 76.59,
                                    "Actual Total Time": 76.592,
                                    "Actual Rows": 1,
                                    "Actual Loops": 1
                                }
                            ],
                            "Plans": [
                                {
                                    "Node Type": "Bitmap Heap Scan",
                                    "Parent Relationship": "Outer",
                                    "Parallel Aware": true,
                                    "Relation Name": "movie_keyword",
                                    "Schema": "public",
                                    "Alias": "mk",
                                    "Startup Cost": 6018.97,
                                    "Total Cost": 31616.85,
                                    "Plan Rows": 91510,
                                    "Plan Width": 0,
                                    "Actual Startup Time": 14.897,
                                    "Actual Total Time": 74.744,
                                    "Actual Rows": 70708,
                                    "Actual Loops": 4,
                                    "Recheck Cond": "(mk.keyword_id > 56595)",
                                    "Rows Removed by Index Recheck": 0,
                                    "Exact Heap Blocks": 11209,
                                    "Lossy Heap Blocks": 0,
                                    "Workers": [
                                        {
                                            "Worker Number": 0,
                                            "Actual Startup Time": 12.489,
                                            "Actual Total Time": 72.464,
                                            "Actual Rows": 50165,
                                            "Actual Loops": 1
                                        },
                                        {
                                            "Worker Number": 1,
                                            "Actual Startup Time": 12.156,
                                            "Actual Total Time": 72.262,
                                            "Actual Rows": 40600,
                                            "Actual Loops": 1
                                        },
                                        {
                                            "Worker Number": 2,
                                            "Actual Startup Time": 12.255,
                                            "Actual Total Time": 72.774,
                                            "Actual Rows": 46528,
                                            "Actual Loops": 1
                                        }
                                    ],
                                    "Plans": [
                                        {
                                            "Node Type": "Bitmap Index Scan",
                                            "Parent Relationship": "Outer",
                                            "Parallel Aware": false,
                                            "Index Name": "keyword_id_movie_keyword",
                                            "Startup Cost": 0.0,
                                            "Total Cost": 5948.05,
                                            "Plan Rows": 283682,
                                            "Plan Width": 0,
                                            "Actual Startup Time": 19.479,
                                            "Actual Total Time": 19.48,
                                            "Actual Rows": 282831,
                                            "Actual Loops": 1,
                                            "Index Cond": "(mk.keyword_id > 56595)"
                                        }
                                    ]
                                }
                            ]
                        }
                    ]
                }
            ]
        },
        "Planning Time": 212.42,
        "Triggers": [],
        "Execution Time": 93.44
    }
]