[
  {
    "Plan": {
      "Node Type": "Aggregate",
      "Strategy": "Plain",
      "Partial Mode": "Finalize",
      "Parallel Aware": false,
      "Startup Cost": 89947.38,
      "Total Cost": 89947.39,
      "Plan Rows": 1,
      "Plan Width": 8,
      "Actual Startup Time": 192.838,
      "Actual Total Time": 208.711,
      "Actual Rows": 1,
      "Actual Loops": 1,
      "Plans": [
        {
          "Node Type": "Gather",
          "Parent Relationship": "Outer",
          "Parallel Aware": false,
          "Startup Cost": 89947.06,
          "Total Cost": 89947.37,
          "Plan Rows": 3,
          "Plan Width": 8,
          "Actual Startup Time": 192.44,
          "Actual Total Time": 208.702,
          "Actual Rows": 4,
          "Actual Loops": 1,
          "Workers Planned": 3,
          "Workers Launched": 3,
          "Single Copy": false,
          "Plans": [
            {
              "Node Type": "Aggregate",
              "Strategy": "Plain",
              "Partial Mode": "Partial",
              "Parent Relationship": "Outer",
              "Parallel Aware": false,
              "Startup Cost": 88947.06,
              "Total Cost": 88947.07,
              "Plan Rows": 1,
              "Plan Width": 8,
              "Actual Startup Time": 187.326,
              "Actual Total Time": 187.329,
              "Actual Rows": 1,
              "Actual Loops": 4,
              "Plans": [
                {
                  "Node Type": "Hash Join",
                  "Parent Relationship": "Outer",
                  "Parallel Aware": true,
                  "Join Type": "Inner",
                  "Startup Cost": 45600.54,
                  "Total Cost": 88937.71,
                  "Plan Rows": 3741,
                  "Plan Width": 0,
                  "Actual Startup Time": 90.586,
                  "Actual Total Time": 187.034,
                  "Actual Rows": 5308,
                  "Actual Loops": 4,
                  "Inner Unique": true,
                  "Hash Cond": "(mk.movie_id = t.id)",
                  "Plans": [
                    {
                      "Node Type": "Seq Scan",
                      "Parent Relationship": "Outer",
                      "Parallel Aware": true,
                      "Relation Name": "movie_keyword",
                      "Alias": "mk",
                      "Startup Cost": 0.0,
                      "Total Cost": 42695.65,
                      "Plan Rows": 244389,
                      "Plan Width": 4,
                      "Actual Startup Time": 1.914,
                      "Actual Total Time": 82.996,
                      "Actual Rows": 187815,
                      "Actual Loops": 4,
                      "Filter": "(keyword_id > 24893)",
                      "Rows Removed by Filter": 943168
                    },
                    {
                      "Node Type": "Hash",
                      "Parent Relationship": "Inner",
                      "Parallel Aware": true,
                      "Startup Cost": 45479.59,
                      "Total Cost": 45479.59,
                      "Plan Rows": 9676,
                      "Plan Width": 4,
                      "Actual Startup Time": 87.48,
                      "Actual Total Time": 87.481,
                      "Actual Rows": 8063,
                      "Actual Loops": 4,
                      "Hash Buckets": 65536,
                      "Original Hash Buckets": 65536,
                      "Hash Batches": 1,
                      "Original Hash Batches": 1,
                      "Peak Memory Usage": 1856,
                      "Plans": [
                        {
                          "Node Type": "Seq Scan",
                          "Parent Relationship": "Outer",
                          "Parallel Aware": true,
                          "Relation Name": "title",
                          "Alias": "t",
                          "Startup Cost": 0.0,
                          "Total Cost": 45479.59,
                          "Plan Rows": 9676,
                          "Plan Width": 4,
                          "Actual Startup Time": 0.244,
                          "Actual Total Time": 84.552,
                          "Actual Rows": 8063,
                          "Actual Loops": 4,
                          "Filter": "((kind_id < 7) AND (production_year = 2005))",
                          "Rows Removed by Filter": 624015
                        }
                      ]
                    }
                  ]
                }
              ]
            }
          ]
        }
      ]
    },
    "Planning Time": 0.339,
    "Triggers": [],
    "Execution Time": 208.766
  }
]