[
  {
    "Plan": {
      "Node Type": "Aggregate",
      "Strategy": "Plain",
      "Partial Mode": "Finalize",
      "Parallel Aware": false,
      "Startup Cost": 89949.37,
      "Total Cost": 89949.38,
      "Plan Rows": 1,
      "Plan Width": 8,
      "Actual Startup Time": 239.776,
      "Actual Total Time": 258.576,
      "Actual Rows": 1,
      "Actual Loops": 1,
      "Plans": [
        {
          "Node Type": "Gather",
          "Parent Relationship": "Outer",
          "Parallel Aware": false,
          "Startup Cost": 89949.06,
          "Total Cost": 89949.37,
          "Plan Rows": 3,
          "Plan Width": 8,
          "Actual Startup Time": 239.403,
          "Actual Total Time": 258.567,
          "Actual Rows": 4,
          "Actual Loops": 1,
          "Workers Planned": 3,
          "Workers Launched": 3,
          "Single Copy": false,
          "Plans": [
            {
              "Node Type": "Aggregate",
              "Strategy": "Plain",
              "Partial Mode": "Partial",
              "Parent Relationship": "Outer",
              "Parallel Aware": false,
              "Startup Cost": 88949.06,
              "Total Cost": 88949.07,
              "Plan Rows": 1,
              "Plan Width": 8,
              "Actual Startup Time": 232.096,
              "Actual Total Time": 232.099,
              "Actual Rows": 1,
              "Actual Loops": 4,
              "Plans": [
                {
                  "Node Type": "Hash Join",
                  "Parent Relationship": "Outer",
                  "Parallel Aware": true,
                  "Join Type": "Inner",
                  "Startup Cost": 45598.37,
                  "Total Cost": 88939.77,
                  "Plan Rows": 3714,
                  "Plan Width": 0,
                  "Actual Startup Time": 109.093,
                  "Actual Total Time": 231.726,
                  "Actual Rows": 5308,
                  "Actual Loops": 4,
                  "Inner Unique": true,
                  "Hash Cond": "(mk.movie_id = t.id)",
                  "Plans": [
                    {
                      "Node Type": "Seq Scan",
                      "Parent Relationship": "Outer",
                      "Parallel Aware": true,
                      "Relation Name": "movie_keyword",
                      "Alias": "mk",
                      "Startup Cost": 0.0,
                      "Total Cost": 42695.65,
                      "Plan Rows": 245998,
                      "Plan Width": 4,
                      "Actual Startup Time": 2.347,
                      "Actual Total Time": 102.629,
                      "Actual Rows": 187815,
                      "Actual Loops": 4,
                      "Filter": "(keyword_id > 24893)",
                      "Rows Removed by Filter": 943168
                    },
                    {
                      "Node Type": "Hash",
                      "Parent Relationship": "Inner",
                      "Parallel Aware": true,
                      "Startup Cost": 45479.1,
                      "Total Cost": 45479.1,
                      "Plan Rows": 9542,
                      "Plan Width": 4,
                      "Actual Startup Time": 104.998,
                      "Actual Total Time": 104.999,
                      "Actual Rows": 8063,
                      "Actual Loops": 4,
                      "Hash Buckets": 65536,
                      "Original Hash Buckets": 65536,
                      "Hash Batches": 1,
                      "Original Hash Batches": 1,
                      "Peak Memory Usage": 1856,
                      "Plans": [
                        {
                          "Node Type": "Seq Scan",
                          "Parent Relationship": "Outer",
                          "Parallel Aware": true,
                          "Relation Name": "title",
                          "Alias": "t",
                          "Startup Cost": 0.0,
                          "Total Cost": 45479.1,
                          "Plan Rows": 9542,
                          "Plan Width": 4,
                          "Actual Startup Time": 0.39,
                          "Actual Total Time": 101.301,
                          "Actual Rows": 8063,
                          "Actual Loops": 4,
                          "Filter": "((kind_id < 7) AND (production_year = 2005))",
                          "Rows Removed by Filter": 624015
                        }
                      ]
                    }
                  ]
                }
              ]
            }
          ]
        }
      ]
    },
    "Planning Time": 0.547,
    "Triggers": [],
    "Execution Time": 258.633
  }
]