{
  "Plan": {
    "Node Type": "Aggregate",
    "Strategy": "Plain",
    "Partial Mode": "Finalize",
    "Parallel Aware": false,
    "Startup Cost": 179056.08,
    "Total Cost": 179056.09,
    "Plan Rows": 1,
    "Plan Width": 8,
    "Actual Startup Time": 1764.008,
    "Actual Total Time": 1795.833,
    "Actual Rows": 1,
    "Actual Loops": 1,
    "Plans": [
      {
        "Node Type": "Gather",
        "Parent Relationship": "Outer",
        "Parallel Aware": false,
        "Startup Cost": 179055.97,
        "Total Cost": 179056.08,
        "Plan Rows": 1,
        "Plan Width": 8,
        "Actual Startup Time": 1757.476,
        "Actual Total Time": 1795.82,
        "Actual Rows": 2,
        "Actual Loops": 1,
        "Workers Planned": 1,
        "Workers Launched": 1,
        "Single Copy": false,
        "Plans": [
          {
            "Node Type": "Aggregate",
            "Strategy": "Plain",
            "Partial Mode": "Partial",
            "Parent Relationship": "Outer",
            "Parallel Aware": false,
            "Startup Cost": 178055.97,
            "Total Cost": 178055.98,
            "Plan Rows": 1,
            "Plan Width": 8,
            "Actual Startup Time": 1751.671,
            "Actual Total Time": 1751.681,
            "Actual Rows": 1,
            "Actual Loops": 2,
            "Plans": [
              {
                "Node Type": "Hash Join",
                "Parent Relationship": "Outer",
                "Parallel Aware": true,
                "Join Type": "Inner",
                "Startup Cost": 132871.51,
                "Total Cost": 176477.89,
                "Plan Rows": 631233,
                "Plan Width": 0,
                "Actual Startup Time": 974.73,
                "Actual Total Time": 1582.255,
                "Actual Rows": 4100512,
                "Actual Loops": 2,
                "Inner Unique": false,
                "Hash Cond": "(mc.movie_id = t.id)",
                "Plans": [
                  {
                    "Node Type": "Seq Scan",
                    "Parent Relationship": "Outer",
                    "Parallel Aware": true,
                    "Relation Name": "movie_companies",
                    "Alias": "mc",
                    "Startup Cost": 0.0,
                    "Total Cost": 34137.82,
                    "Plan Rows": 1534782,
                    "Plan Width": 4,
                    "Actual Startup Time": 0.021,
                    "Actual Total Time": 105.618,
                    "Actual Rows": 1304564,
                    "Actual Loops": 2
                  },
                  {
                    "Node Type": "Hash",
                    "Parent Relationship": "Inner",
                    "Parallel Aware": true,
                    "Startup Cost": 125225.56,
                    "Total Cost": 125225.56,
                    "Plan Rows": 611676,
                    "Plan Width": 8,
                    "Actual Startup Time": 959.416,
                    "Actual Total Time": 959.423,
                    "Actual Rows": 519350,
                    "Actual Loops": 2,
                    "Hash Buckets": 1048576,
                    "Original Hash Buckets": 1048576,
                    "Hash Batches": 1,
                    "Original Hash Batches": 1,
                    "Peak Memory Usage": 48832,
                    "Plans": [
                      {
                        "Node Type": "Hash Join",
                        "Parent Relationship": "Outer",
                        "Parallel Aware": true,
                        "Join Type": "Inner",
                        "Startup Cost": 91519.96,
                        "Total Cost": 125225.56,
                        "Plan Rows": 611676,
                        "Plan Width": 8,
                        "Actual Startup Time": 617.907,
                        "Actual Total Time": 849.481,
                        "Actual Rows": 519350,
                        "Actual Loops": 2,
                        "Inner Unique": true,
                        "Hash Cond": "(mk.movie_id = t.id)",
                        "Plans": [
                          {
                            "Node Type": "Bitmap Heap Scan",
                            "Parent Relationship": "Outer",
                            "Parallel Aware": true,
                            "Relation Name": "movie_keyword",
                            "Alias": "mk",
                            "Startup Cost": 22059.26,
                            "Total Cost": 54159.21,
                            "Plan Rows": 611676,
                            "Plan Width": 4,
                            "Actual Startup Time": 58.029,
                            "Actual Total Time": 159.95,
                            "Actual Rows": 519350,
                            "Actual Loops": 2,
                            "Recheck Cond": "(keyword_id > 17074)",
                            "Rows Removed by Index Recheck": 0,
                            "Exact Heap Blocks": 12949,
                            "Lossy Heap Blocks": 0,
                            "Plans": [
                              {
                                "Node Type": "Bitmap Index Scan",
                                "Parent Relationship": "Outer",
                                "Parallel Aware": false,
                                "Index Name": "keyword_id_movie_keyword",
                                "Startup Cost": 0.0,
                                "Total Cost": 21799.3,
                                "Plan Rows": 1039849,
                                "Plan Width": 0,
                                "Actual Startup Time": 54.366,
                                "Actual Total Time": 54.367,
                                "Actual Rows": 1038700,
                                "Actual Loops": 1,
                                "Index Cond": "(keyword_id > 17074)"
                              }
                            ]
                          },
                          {
                            "Node Type": "Hash",
                            "Parent Relationship": "Inner",
                            "Parallel Aware": true,
                            "Startup Cost": 50870.31,
                            "Total Cost": 50870.31,
                            "Plan Rows": 1487231,
                            "Plan Width": 4,
                            "Actual Startup Time": 544.047,
                            "Actual Total Time": 544.048,
                            "Actual Rows": 1264156,
                            "Actual Loops": 2,
                            "Hash Buckets": 4194304,
                            "Original Hash Buckets": 4194304,
                            "Hash Batches": 1,
                            "Original Hash Batches": 1,
                            "Peak Memory Usage": 131680,
                            "Plans": [
                              {
                                "Node Type": "Seq Scan",
                                "Parent Relationship": "Outer",
                                "Parallel Aware": true,
                                "Relation Name": "title",
                                "Alias": "t",
                                "Startup Cost": 0.0,
                                "Total Cost": 50870.31,
                                "Plan Rows": 1487231,
                                "Plan Width": 4,
                                "Actual Startup Time": 0.032,
                                "Actual Total Time": 153.046,
                                "Actual Rows": 1264156,
                                "Actual Loops": 2
                              }
                            ]
                          }
                        ]
                      }
                    ]
                  }
                ]
              }
            ]
          }
        ]
      }
    ]
  },
  "Planning Time": 1.052,
  "Triggers": [],
  "Execution Time": 1795.93
}