[
  {
    "Plan": {
      "Node Type": "Aggregate",
      "Strategy": "Plain",
      "Partial Mode": "Finalize",
      "Parallel Aware": false,
      "Startup Cost": 45478.75,
      "Total Cost": 45478.76,
      "Plan Rows": 1,
      "Plan Width": 8,
      "Actual Startup Time": 145.857,
      "Actual Total Time": 153.524,
      "Actual Rows": 1,
      "Actual Loops": 1,
      "Plans": [
        {
          "Node Type": "Gather",
          "Parent Relationship": "Outer",
          "Parallel Aware": false,
          "Startup Cost": 45478.44,
          "Total Cost": 45478.75,
          "Plan Rows": 3,
          "Plan Width": 8,
          "Actual Startup Time": 145.764,
          "Actual Total Time": 153.518,
          "Actual Rows": 4,
          "Actual Loops": 1,
          "Workers Planned": 3,
          "Workers Launched": 3,
          "Single Copy": false,
          "Plans": [
            {
              "Node Type": "Aggregate",
              "Strategy": "Plain",
              "Partial Mode": "Partial",
              "Parent Relationship": "Outer",
              "Parallel Aware": false,
              "Startup Cost": 44478.44,
              "Total Cost": 44478.45,
              "Plan Rows": 1,
              "Plan Width": 8,
              "Actual Startup Time": 137.718,
              "Actual Total Time": 137.719,
              "Actual Rows": 1,
              "Actual Loops": 4,
              "Plans": [
                {
                  "Node Type": "Seq Scan",
                  "Parent Relationship": "Outer",
                  "Parallel Aware": true,
                  "Relation Name": "movie_keyword",
                  "Alias": "mk",
                  "Startup Cost": 0.0,
                  "Total Cost": 42695.65,
                  "Plan Rows": 713113,
                  "Plan Width": 0,
                  "Actual Startup Time": 0.063,
                  "Actual Total Time": 111.889,
                  "Actual Rows": 553354,
                  "Actual Loops": 4,
                  "Filter": "(keyword_id < 4487)",
                  "Rows Removed by Filter": 577629
                }
              ]
            }
          ]
        }
      ]
    },
    "Planning Time": 0.158,
    "Triggers": [],
    "Execution Time": 153.575
  }
]