{
    "Plan": {
        "Node Type": "Aggregate",
        "Strategy": "Plain",
        "Partial Mode": "Finalize",
        "Parallel Aware": false,
        "Startup Cost": 205611.03,
        "Total Cost": 205611.04,
        "Plan Rows": 1,
        "Plan Width": 8,
        "Actual Startup Time": 874.581,
        "Actual Total Time": 908.631,
        "Actual Rows": 1,
        "Actual Loops": 1,
        "Output": [
            "count(*)"
        ],
        "Plans": [
            {
                "Node Type": "Gather",
                "Parent Relationship": "Outer",
                "Parallel Aware": false,
                "Startup Cost": 205610.71,
                "Total Cost": 205611.02,
                "Plan Rows": 3,
                "Plan Width": 8,
                "Actual Startup Time": 871.038,
                "Actual Total Time": 908.621,
                "Actual Rows": 4,
                "Actual Loops": 1,
                "Output": [
                    "(PARTIAL count(*))"
                ],
                "Workers Planned": 3,
                "Workers Launched": 3,
                "Single Copy": false,
                "Plans": [
                    {
                        "Node Type": "Aggregate",
                        "Strategy": "Plain",
                        "Partial Mode": "Partial",
                        "Parent Relationship": "Outer",
                        "Parallel Aware": false,
                        "Startup Cost": 204610.71,
                        "Total Cost": 204610.72,
                        "Plan Rows": 1,
                        "Plan Width": 8,
                        "Actual Startup Time": 861.631,
                        "Actual Total Time": 861.777,
                        "Actual Rows": 1,
                        "Actual Loops": 4,
                        "Output": [
                            "PARTIAL count(*)"
                        ],
                        "Workers": [
                            {
                                "Worker Number": 0,
                                "Actual Startup Time": 858.618,
                                "Actual Total Time": 858.623,
                                "Actual Rows": 1,
                                "Actual Loops": 1
                            },
                            {
                                "Worker Number": 1,
                                "Actual Startup Time": 858.654,
                                "Actual Total Time": 858.66,
                                "Actual Rows": 1,
                                "Actual Loops": 1
                            },
                            {
                                "Worker Number": 2,
                                "Actual Startup Time": 859.105,
                                "Actual Total Time": 859.11,
                                "Actual Rows": 1,
                                "Actual Loops": 1
                            }
                        ],
                        "Plans": [
                            {
                                "Node Type": "Hash Join",
                                "Parent Relationship": "Outer",
                                "Parallel Aware": true,
                                "Join Type": "Inner",
                                "Startup Cost": 159046.17,
                                "Total Cost": 204030.31,
                                "Plan Rows": 232161,
                                "Plan Width": 0,
                                "Actual Startup Time": 632.321,
                                "Actual Total Time": 852.758,
                                "Actual Rows": 229775,
                                "Actual Loops": 4,
                                "Inner Unique": false,
                                "Hash Cond": "(mk.movie_id = t.id)",
                                "Workers": [
                                    {
                                        "Worker Number": 0,
                                        "Actual Startup Time": 629.431,
                                        "Actual Total Time": 849.689,
                                        "Actual Rows": 230088,
                                        "Actual Loops": 1
                                    },
                                    {
                                        "Worker Number": 1,
                                        "Actual Startup Time": 629.459,
                                        "Actual Total Time": 849.697,
                                        "Actual Rows": 230475,
                                        "Actual Loops": 1
                                    },
                                    {
                                        "Worker Number": 2,
                                        "Actual Startup Time": 629.48,
                                        "Actual Total Time": 850.566,
                                        "Actual Rows": 217785,
                                        "Actual Loops": 1
                                    }
                                ],
                                "Plans": [
                                    {
                                        "Node Type": "Seq Scan",
                                        "Parent Relationship": "Outer",
                                        "Parallel Aware": true,
                                        "Relation Name": "movie_keyword",
                                        "Schema": "public",
                                        "Alias": "mk",
                                        "Startup Cost": 0.0,
                                        "Total Cost": 39047.32,
                                        "Plan Rows": 1459332,
                                        "Plan Width": 4,
                                        "Actual Startup Time": 0.015,
                                        "Actual Total Time": 92.952,
                                        "Actual Rows": 1130982,
                                        "Actual Loops": 4,
                                        "Output": [
                                            "mk.id",
                                            "mk.movie_id",
                                            "mk.keyword_id"
                                        ],
                                        "Workers": [
                                            {
                                                "Worker Number": 0,
                                                "Actual Startup Time": 0.021,
                                                "Actual Total Time": 96.648,
                                                "Actual Rows": 1124615,
                                                "Actual Loops": 1
                                            },
                                            {
                                                "Worker Number": 1,
                                                "Actual Startup Time": 0.014,
                                                "Actual Total Time": 96.226,
                                                "Actual Rows": 1118325,
                                                "Actual Loops": 1
                                            },
                                            {
                                                "Worker Number": 2,
                                                "Actual Startup Time": 0.012,
                                                "Actual Total Time": 96.257,
                                                "Actual Rows": 1107905,
                                                "Actual Loops": 1
                                            }
                                        ]
                                    },
                                    {
                                        "Node Type": "Hash",
                                        "Parent Relationship": "Inner",
                                        "Parallel Aware": true,
                                        "Startup Cost": 158040.61,
                                        "Total Cost": 158040.61,
                                        "Plan Rows": 80445,
                                        "Plan Width": 8,
                                        "Actual Startup Time": 629.016,
                                        "Actual Total Time": 629.161,
                                        "Actual Rows": 129116,
                                        "Actual Loops": 4,
                                        "Output": [
                                            "t.id",
                                            "ci.movie_id"
                                        ],
                                        "Hash Buckets": 524288,
                                        "Original Hash Buckets": 524288,
                                        "Hash Batches": 1,
                                        "Original Hash Batches": 1,
                                        "Peak Memory Usage": 24384,
                                        "Workers": [
                                            {
                                                "Worker Number": 0,
                                                "Actual Startup Time": 628.979,
                                                "Actual Total Time": 628.983,
                                                "Actual Rows": 128600,
                                                "Actual Loops": 1
                                            },
                                            {
                                                "Worker Number": 1,
                                                "Actual Startup Time": 628.988,
                                                "Actual Total Time": 628.992,
                                                "Actual Rows": 129342,
                                                "Actual Loops": 1
                                            },
                                            {
                                                "Worker Number": 2,
                                                "Actual Startup Time": 628.886,
                                                "Actual Total Time": 628.89,
                                                "Actual Rows": 127552,
                                                "Actual Loops": 1
                                            }
                                        ],
                                        "Plans": [
                                            {
                                                "Node Type": "Hash Join",
                                                "Parent Relationship": "Outer",
                                                "Parallel Aware": true,
                                                "Join Type": "Inner",
                                                "Startup Cost": 48229.75,
                                                "Total Cost": 158040.61,
                                                "Plan Rows": 80445,
                                                "Plan Width": 8,
                                                "Actual Startup Time": 187.183,
                                                "Actual Total Time": 583.884,
                                                "Actual Rows": 129116,
                                                "Actual Loops": 4,
                                                "Output": [
                                                    "t.id",
                                                    "ci.movie_id"
                                                ],
                                                "Inner Unique": true,
                                                "Hash Cond": "(ci.movie_id = t.id)",
                                                "Workers": [
                                                    {
                                                        "Worker Number": 0,
                                                        "Actual Startup Time": 187.039,
                                                        "Actual Total Time": 585.265,
                                                        "Actual Rows": 128600,
                                                        "Actual Loops": 1
                                                    },
                                                    {
                                                        "Worker Number": 1,
                                                        "Actual Startup Time": 187.579,
                                                        "Actual Total Time": 583.692,
                                                        "Actual Rows": 129342,
                                                        "Actual Loops": 1
                                                    },
                                                    {
                                                        "Worker Number": 2,
                                                        "Actual Startup Time": 187.006,
                                                        "Actual Total Time": 586.931,
                                                        "Actual Rows": 127552,
                                                        "Actual Loops": 1
                                                    }
                                                ],
                                                "Plans": [
                                                    {
                                                        "Node Type": "Index Scan",
                                                        "Parent Relationship": "Outer",
                                                        "Parallel Aware": true,
                                                        "Scan Direction": "Forward",
                                                        "Index Name": "role_id_cast_info",
                                                        "Relation Name": "cast_info",
                                                        "Schema": "public",
                                                        "Alias": "ci",
                                                        "Startup Cost": 0.56,
                                                        "Total Cost": 109204.72,
                                                        "Plan Rows": 231127,
                                                        "Plan Width": 4,
                                                        "Actual Startup Time": 0.097,
                                                        "Actual Total Time": 202.333,
                                                        "Actual Rows": 587083,
                                                        "Actual Loops": 4,
                                                        "Output": [
                                                            "ci.id",
                                                            "ci.person_id",
                                                            "ci.movie_id",
                                                            "ci.person_role_id",
                                                            "ci.note",
                                                            "ci.nr_order",
                                                            "ci.role_id"
                                                        ],
                                                        "Index Cond": "(ci.role_id = 3)",
                                                        "Rows Removed by Index Recheck": 0,
                                                        "Filter": "(ci.person_id > 2658563)",
                                                        "Rows Removed by Filter": 414926,
                                                        "Workers": [
                                                            {
                                                                "Worker Number": 0,
                                                                "Actual Startup Time": 0.11,
                                                                "Actual Total Time": 211.877,
                                                                "Actual Rows": 587165,
                                                                "Actual Loops": 1
                                                            },
                                                            {
                                                                "Worker Number": 1,
                                                                "Actual Startup Time": 0.133,
                                                                "Actual Total Time": 210.213,
                                                                "Actual Rows": 580618,
                                                                "Actual Loops": 1
                                                            },
                                                            {
                                                                "Worker Number": 2,
                                                                "Actual Startup Time": 0.082,
                                                                "Actual Total Time": 210.653,
                                                                "Actual Rows": 573090,
                                                                "Actual Loops": 1
                                                            }
                                                        ]
                                                    },
                                                    {
                                                        "Node Type": "Hash",
                                                        "Parent Relationship": "Inner",
                                                        "Parallel Aware": true,
                                                        "Startup Cost": 45479.21,
                                                        "Total Cost": 45479.21,
                                                        "Plan Rows": 219998,
                                                        "Plan Width": 4,
                                                        "Actual Startup Time": 183.576,
                                                        "Actual Total Time": 183.577,
                                                        "Actual Rows": 198796,
                                                        "Actual Loops": 4,
                                                        "Output": [
                                                            "t.id"
                                                        ],
                                                        "Hash Buckets": 1048576,
                                                        "Original Hash Buckets": 1048576,
                                                        "Hash Batches": 1,
                                                        "Original Hash Batches": 1,
                                                        "Peak Memory Usage": 39360,
                                                        "Workers": [
                                                            {
                                                                "Worker Number": 0,
                                                                "Actual Startup Time": 186.548,
                                                                "Actual Total Time": 186.549,
                                                                "Actual Rows": 187954,
                                                                "Actual Loops": 1
                                                            },
                                                            {
                                                                "Worker Number": 1,
                                                                "Actual Startup Time": 186.558,
                                                                "Actual Total Time": 186.559,
                                                                "Actual Rows": 185423,
                                                                "Actual Loops": 1
                                                            },
                                                            {
                                                                "Worker Number": 2,
                                                                "Actual Startup Time": 186.544,
                                                                "Actual Total Time": 186.546,
                                                                "Actual Rows": 181166,
                                                                "Actual Loops": 1
                                                            }
                                                        ],
                                                        "Plans": [
                                                            {
                                                                "Node Type": "Seq Scan",
                                                                "Parent Relationship": "Outer",
                                                                "Parallel Aware": true,
                                                                "Relation Name": "title",
                                                                "Schema": "public",
                                                                "Alias": "t",
                                                                "Startup Cost": 0.0,
                                                                "Total Cost": 45479.21,
                                                                "Plan Rows": 219998,
                                                                "Plan Width": 4,
                                                                "Actual Startup Time": 0.067,
                                                                "Actual Total Time": 104.288,
                                                                "Actual Rows": 198796,
                                                                "Actual Loops": 4,
                                                                "Output": [
                                                                    "t.id"
                                                                ],
                                                                "Filter": "((t.kind_id > 1) AND (t.production_year < 2003))",
                                                                "Rows Removed by Filter": 433282,
                                                                "Workers": [
                                                                    {
                                                                        "Worker Number": 0,
                                                                        "Actual Startup Time": 0.071,
                                                                        "Actual Total Time": 106.88,
                                                                        "Actual Rows": 187954,
                                                                        "Actual Loops": 1
                                                                    },
                                                                    {
                                                                        "Worker Number": 1,
                                                                        "Actual Startup Time": 0.094,
                                                                        "Actual Total Time": 107.358,
                                                                        "Actual Rows": 185423,
                                                                        "Actual Loops": 1
                                                                    },
                                                                    {
                                                                        "Worker Number": 2,
                                                                        "Actual Startup Time": 0.083,
                                                                        "Actual Total Time": 106.215,
                                                                        "Actual Rows": 181166,
                                                                        "Actual Loops": 1
                                                                    }
                                                                ]
                                                            }
                                                        ]
                                                    }
                                                ]
                                            }
                                        ]
                                    }
                                ]
                            }
                        ]
                    }
                ]
            }
        ]
    },
    "Planning Time": 1.52,
    "Triggers": [],
    "Execution Time": 908.739
}