[
  {
    "Plan": {
      "Node Type": "Aggregate",
      "Strategy": "Plain",
      "Partial Mode": "Finalize",
      "Parallel Aware": false,
      "Startup Cost": 867104.8,
      "Total Cost": 867104.81,
      "Plan Rows": 1,
      "Plan Width": 96,
      "Actual Startup Time": 8068.489,
      "Actual Total Time": 8247.486,
      "Actual Rows": 1,
      "Actual Loops": 1,
      "Plans": [
        {
          "Node Type": "Gather",
          "Parent Relationship": "Outer",
          "Parallel Aware": false,
          "Startup Cost": 867104.68,
          "Total Cost": 867104.79,
          "Plan Rows": 1,
          "Plan Width": 96,
          "Actual Startup Time": 8067.743,
          "Actual Total Time": 8247.467,
          "Actual Rows": 2,
          "Actual Loops": 1,
          "Workers Planned": 1,
          "Workers Launched": 1,
          "Single Copy": false,
          "Plans": [
            {
              "Node Type": "Aggregate",
              "Strategy": "Plain",
              "Partial Mode": "Partial",
              "Parent Relationship": "Outer",
              "Parallel Aware": false,
              "Startup Cost": 866104.68,
              "Total Cost": 866104.69,
              "Plan Rows": 1,
              "Plan Width": 96,
              "Actual Startup Time": 8059.168,
              "Actual Total Time": 8059.22,
              "Actual Rows": 1,
              "Actual Loops": 2,
              "Plans": [
                {
                  "Node Type": "Hash Join",
                  "Parent Relationship": "Outer",
                  "Parallel Aware": false,
                  "Join Type": "Inner",
                  "Startup Cost": 861194.4,
                  "Total Cost": 866104.68,
                  "Plan Rows": 1,
                  "Plan Width": 48,
                  "Actual Startup Time": 8023.378,
                  "Actual Total Time": 8058.955,
                  "Actual Rows": 810,
                  "Actual Loops": 2,
                  "Inner Unique": true,
                  "Hash Cond": "(ci.role_id = rt.id)",
                  "Plans": [
                    {
                      "Node Type": "Hash Join",
                      "Parent Relationship": "Outer",
                      "Parallel Aware": true,
                      "Join Type": "Inner",
                      "Startup Cost": 861193.24,
                      "Total Cost": 866103.51,
                      "Plan Rows": 1,
                      "Plan Width": 52,
                      "Actual Startup Time": 8022.909,
                      "Actual Total Time": 8058.254,
                      "Actual Rows": 810,
                      "Actual Loops": 2,
                      "Inner Unique": false,
                      "Hash Cond": "(cn.id = mc.company_id)",
                      "Plans": [
                        {
                          "Node Type": "Seq Scan",
                          "Parent Relationship": "Outer",
                          "Parallel Aware": true,
                          "Relation Name": "company_name",
                          "Alias": "cn",
                          "Startup Cost": 0.0,
                          "Total Cost": 4722.92,
                          "Plan Rows": 49958,
                          "Plan Width": 4,
                          "Actual Startup Time": 0.06,
                          "Actual Total Time": 32.738,
                          "Actual Rows": 42422,
                          "Actual Loops": 2,
                          "Filter": "((country_code)::text = '[us]'::text)",
                          "Rows Removed by Filter": 75077
                        },
                        {
                          "Node Type": "Hash",
                          "Parent Relationship": "Inner",
                          "Parallel Aware": true,
                          "Startup Cost": 861193.23,
                          "Total Cost": 861193.23,
                          "Plan Rows": 1,
                          "Plan Width": 56,
                          "Actual Startup Time": 8016.494,
                          "Actual Total Time": 8016.54,
                          "Actual Rows": 3564,
                          "Actual Loops": 2,
                          "Hash Buckets": 8192,
                          "Original Hash Buckets": 1024,
                          "Hash Batches": 1,
                          "Original Hash Batches": 1,
                          "Peak Memory Usage": 664,
                          "Plans": [
                            {
                              "Node Type": "Hash Join",
                              "Parent Relationship": "Outer",
                              "Parallel Aware": true,
                              "Join Type": "Inner",
                              "Startup Cost": 846113.87,
                              "Total Cost": 861193.23,
                              "Plan Rows": 1,
                              "Plan Width": 56,
                              "Actual Startup Time": 7789.688,
                              "Actual Total Time": 7831.026,
                              "Actual Rows": 3564,
                              "Actual Loops": 2,
                              "Inner Unique": false,
                              "Hash Cond": "(n.id = ci.person_id)",
                              "Plans": [
                                {
                                  "Node Type": "Hash Join",
                                  "Parent Relationship": "Outer",
                                  "Parallel Aware": true,
                                  "Join Type": "Inner",
                                  "Startup Cost": 71390.82,
                                  "Total Cost": 86457.61,
                                  "Plan Rows": 3349,
                                  "Plan Width": 23,
                                  "Actual Startup Time": 548.987,
                                  "Actual Total Time": 730.68,
                                  "Actual Rows": 5262,
                                  "Actual Loops": 2,
                                  "Inner Unique": true,
                                  "Hash Cond": "(an.person_id = n.id)",
                                  "Plans": [
                                    {
                                      "Node Type": "Seq Scan",
                                      "Parent Relationship": "Outer",
                                      "Parallel Aware": true,
                                      "Relation Name": "aka_name",
                                      "Alias": "an",
                                      "Startup Cost": 0.0,
                                      "Total Cost": 14303.56,
                                      "Plan Rows": 290756,
                                      "Plan Width": 4,
                                      "Actual Startup Time": 0.017,
                                      "Actual Total Time": 92.722,
                                      "Actual Rows": 450672,
                                      "Actual Loops": 2
                                    },
                                    {
                                      "Node Type": "Hash",
                                      "Parent Relationship": "Inner",
                                      "Parallel Aware": true,
                                      "Startup Cost": 71240.82,
                                      "Total Cost": 71240.82,
                                      "Plan Rows": 12000,
                                      "Plan Width": 19,
                                      "Actual Startup Time": 548.474,
                                      "Actual Total Time": 548.476,
                                      "Actual Rows": 25006,
                                      "Actual Loops": 2,
                                      "Hash Buckets": 65536,
                                      "Original Hash Buckets": 65536,
                                      "Hash Batches": 1,
                                      "Original Hash Batches": 1,
                                      "Peak Memory Usage": 3296,
                                      "Plans": [
                                        {
                                          "Node Type": "Seq Scan",
                                          "Parent Relationship": "Outer",
                                          "Parallel Aware": true,
                                          "Relation Name": "name",
                                          "Alias": "n",
                                          "Startup Cost": 0.0,
                                          "Total Cost": 71240.82,
                                          "Plan Rows": 12000,
                                          "Plan Width": 19,
                                          "Actual Startup Time": 230.131,
                                          "Actual Total Time": 534.524,
                                          "Actual Rows": 25006,
                                          "Actual Loops": 2,
                                          "Filter": "((name ~~ '%An%'::text) AND ((gender)::text = 'f'::text))",
                                          "Rows Removed by Filter": 2058740
                                        }
                                      ]
                                    }
                                  ]
                                },
                                {
                                  "Node Type": "Hash",
                                  "Parent Relationship": "Inner",
                                  "Parallel Aware": true,
                                  "Startup Cost": 774723.03,
                                  "Total Cost": 774723.03,
                                  "Plan Rows": 1,
                                  "Plan Width": 49,
                                  "Actual Startup Time": 7098.169,
                                  "Actual Total Time": 7098.208,
                                  "Actual Rows": 1188,
                                  "Actual Loops": 2,
                                  "Hash Buckets": 2048,
                                  "Original Hash Buckets": 1024,
                                  "Hash Batches": 1,
                                  "Original Hash Batches": 1,
                                  "Peak Memory Usage": 184,
                                  "Plans": [
                                    {
                                      "Node Type": "Hash Join",
                                      "Parent Relationship": "Outer",
                                      "Parallel Aware": true,
                                      "Join Type": "Inner",
                                      "Startup Cost": 567993.01,
                                      "Total Cost": 774723.03,
                                      "Plan Rows": 1,
                                      "Plan Width": 49,
                                      "Actual Startup Time": 6222.75,
                                      "Actual Total Time": 6223.11,
                                      "Actual Rows": 1188,
                                      "Actual Loops": 2,
                                      "Inner Unique": false,
                                      "Hash Cond": "(mi.movie_id = t.id)",
                                      "Plans": [
                                        {
                                          "Node Type": "Hash Join",
                                          "Parent Relationship": "Outer",
                                          "Parallel Aware": false,
                                          "Join Type": "Inner",
                                          "Startup Cost": 2.43,
                                          "Total Cost": 206729.86,
                                          "Plan Rows": 687,
                                          "Plan Width": 4,
                                          "Actual Startup Time": 353.647,
                                          "Actual Total Time": 1513.843,
                                          "Actual Rows": 225520,
                                          "Actual Loops": 2,
                                          "Inner Unique": true,
                                          "Hash Cond": "(mi.info_type_id = it.id)",
                                          "Plans": [
                                            {
                                              "Node Type": "Seq Scan",
                                              "Parent Relationship": "Outer",
                                              "Parallel Aware": true,
                                              "Relation Name": "movie_info",
                                              "Alias": "mi",
                                              "Startup Cost": 0.0,
                                              "Total Cost": 206515.92,
                                              "Plan Rows": 77667,
                                              "Plan Width": 8,
                                              "Actual Startup Time": 149.708,
                                              "Actual Total Time": 1483.171,
                                              "Actual Rows": 225552,
                                              "Actual Loops": 2,
                                              "Filter": "((info IS NOT NULL) AND ((info ~~ 'Japan:%200%'::text) OR (info ~~ 'USA:%200%'::text)))",
                                              "Rows Removed by Filter": 7192308
                                            },
                                            {
                                              "Node Type": "Hash",
                                              "Parent Relationship": "Inner",
                                              "Parallel Aware": false,
                                              "Startup Cost": 2.41,
                                              "Total Cost": 2.41,
                                              "Plan Rows": 1,
                                              "Plan Width": 4,
                                              "Actual Startup Time": 0.032,
                                              "Actual Total Time": 0.034,
                                              "Actual Rows": 1,
                                              "Actual Loops": 2,
                                              "Hash Buckets": 1024,
                                              "Original Hash Buckets": 1024,
                                              "Hash Batches": 1,
                                              "Original Hash Batches": 1,
                                              "Peak Memory Usage": 9,
                                              "Plans": [
                                                {
                                                  "Node Type": "Seq Scan",
                                                  "Parent Relationship": "Outer",
                                                  "Parallel Aware": false,
                                                  "Relation Name": "info_type",
                                                  "Alias": "it",
                                                  "Startup Cost": 0.0,
                                                  "Total Cost": 2.41,
                                                  "Plan Rows": 1,
                                                  "Plan Width": 4,
                                                  "Actual Startup Time": 0.02,
                                                  "Actual Total Time": 0.026,
                                                  "Actual Rows": 1,
                                                  "Actual Loops": 2,
                                                  "Filter": "((info)::text = 'release dates'::text)",
                                                  "Rows Removed by Filter": 112
                                                }
                                              ]
                                            }
                                          ]
                                        },
                                        {
                                          "Node Type": "Hash",
                                          "Parent Relationship": "Inner",
                                          "Parallel Aware": true,
                                          "Startup Cost": 567990.57,
                                          "Total Cost": 567990.57,
                                          "Plan Rows": 1,
                                          "Plan Width": 69,
                                          "Actual Startup Time": 4694.163,
                                          "Actual Total Time": 4694.196,
                                          "Actual Rows": 594,
                                          "Actual Loops": 2,
                                          "Hash Buckets": 2048,
                                          "Original Hash Buckets": 1024,
                                          "Hash Batches": 1,
                                          "Original Hash Batches": 1,
                                          "Peak Memory Usage": 184,
                                          "Plans": [
                                            {
                                              "Node Type": "Hash Join",
                                              "Parent Relationship": "Outer",
                                              "Parallel Aware": true,
                                              "Join Type": "Inner",
                                              "Startup Cost": 507502.77,
                                              "Total Cost": 567990.57,
                                              "Plan Rows": 1,
                                              "Plan Width": 69,
                                              "Actual Startup Time": 3931.955,
                                              "Actual Total Time": 4312.936,
                                              "Actual Rows": 594,
                                              "Actual Loops": 2,
                                              "Inner Unique": false,
                                              "Hash Cond": "(pi.person_id = ci.person_id)",
                                              "Plans": [
                                                {
                                                  "Node Type": "Hash Join",
                                                  "Parent Relationship": "Outer",
                                                  "Parallel Aware": false,
                                                  "Join Type": "Inner",
                                                  "Startup Cost": 2.43,
                                                  "Total Cost": 60465.67,
                                                  "Plan Rows": 6546,
                                                  "Plan Width": 4,
                                                  "Actual Startup Time": 0.13,
                                                  "Actual Total Time": 374.355,
                                                  "Actual Rows": 310263,
                                                  "Actual Loops": 2,
                                                  "Inner Unique": true,
                                                  "Hash Cond": "(pi.info_type_id = it3.id)",
                                                  "Plans": [
                                                    {
                                                      "Node Type": "Seq Scan",
                                                      "Parent Relationship": "Outer",
                                                      "Parallel Aware": true,
                                                      "Relation Name": "person_info",
                                                      "Alias": "pi",
                                                      "Startup Cost": 0.0,
                                                      "Total Cost": 58448.55,
                                                      "Plan Rows": 739755,
                                                      "Plan Width": 8,
                                                      "Actual Startup Time": 0.024,
                                                      "Actual Total Time": 247.548,
                                                      "Actual Rows": 1481832,
                                                      "Actual Loops": 2
                                                    },
                                                    {
                                                      "Node Type": "Hash",
                                                      "Parent Relationship": "Inner",
                                                      "Parallel Aware": false,
                                                      "Startup Cost": 2.41,
                                                      "Total Cost": 2.41,
                                                      "Plan Rows": 1,
                                                      "Plan Width": 4,
                                                      "Actual Startup Time": 0.053,
                                                      "Actual Total Time": 0.054,
                                                      "Actual Rows": 1,
                                                      "Actual Loops": 2,
                                                      "Hash Buckets": 1024,
                                                      "Original Hash Buckets": 1024,
                                                      "Hash Batches": 1,
                                                      "Original Hash Batches": 1,
                                                      "Peak Memory Usage": 9,
                                                      "Plans": [
                                                        {
                                                          "Node Type": "Seq Scan",
                                                          "Parent Relationship": "Outer",
                                                          "Parallel Aware": false,
                                                          "Relation Name": "info_type",
                                                          "Alias": "it3",
                                                          "Startup Cost": 0.0,
                                                          "Total Cost": 2.41,
                                                          "Plan Rows": 1,
                                                          "Plan Width": 4,
                                                          "Actual Startup Time": 0.04,
                                                          "Actual Total Time": 0.045,
                                                          "Actual Rows": 1,
                                                          "Actual Loops": 2,
                                                          "Filter": "((info)::text = 'trivia'::text)",
                                                          "Rows Removed by Filter": 112
                                                        }
                                                      ]
                                                    }
                                                  ]
                                                },
                                                {
                                                  "Node Type": "Hash",
                                                  "Parent Relationship": "Inner",
                                                  "Parallel Aware": true,
                                                  "Startup Cost": 507500.33,
                                                  "Total Cost": 507500.33,
                                                  "Plan Rows": 1,
                                                  "Plan Width": 65,
                                                  "Actual Startup Time": 3919.658,
                                                  "Actual Total Time": 3919.681,
                                                  "Actual Rows": 11,
                                                  "Actual Loops": 2,
                                                  "Hash Buckets": 1024,
                                                  "Original Hash Buckets": 1024,
                                                  "Hash Batches": 1,
                                                  "Original Hash Batches": 1,
                                                  "Peak Memory Usage": 40,
                                                  "Plans": [
                                                    {
                                                      "Node Type": "Hash Join",
                                                      "Parent Relationship": "Outer",
                                                      "Parallel Aware": true,
                                                      "Join Type": "Inner",
                                                      "Startup Cost": 171343.43,
                                                      "Total Cost": 507500.33,
                                                      "Plan Rows": 1,
                                                      "Plan Width": 65,
                                                      "Actual Startup Time": 3039.145,
                                                      "Actual Total Time": 3919.645,
                                                      "Actual Rows": 11,
                                                      "Actual Loops": 2,
                                                      "Inner Unique": false,
                                                      "Hash Cond": "(ci.movie_id = t.id)",
                                                      "Plans": [
                                                        {
                                                          "Node Type": "Hash Join",
                                                          "Parent Relationship": "Outer",
                                                          "Parallel Aware": true,
                                                          "Join Type": "Inner",
                                                          "Startup Cost": 46261.57,
                                                          "Total Cost": 382418.46,
                                                          "Plan Rows": 1,
                                                          "Plan Width": 28,
                                                          "Actual Startup Time": 744.757,
                                                          "Actual Total Time": 2938.255,
                                                          "Actual Rows": 38,
                                                          "Actual Loops": 2,
                                                          "Inner Unique": true,
                                                          "Hash Cond": "(ci.person_role_id = chn.id)",
                                                          "Plans": [
                                                            {
                                                              "Node Type": "Seq Scan",
                                                              "Parent Relationship": "Outer",
                                                              "Parallel Aware": true,
                                                              "Relation Name": "cast_info",
                                                              "Alias": "ci",
                                                              "Startup Cost": 0.0,
                                                              "Total Cost": 335786.72,
                                                              "Plan Rows": 141018,
                                                              "Plan Width": 16,
                                                              "Actual Startup Time": 0.034,
                                                              "Actual Total Time": 2618.123,
                                                              "Actual Rows": 418350,
                                                              "Actual Loops": 2,
                                                              "Filter": "(note = ANY ('{(voice),\"(voice) (uncredited)\",\"(voice: English version)\"}'::text[]))",
                                                              "Rows Removed by Filter": 17703822
                                                            },
                                                            {
                                                              "Node Type": "Hash",
                                                              "Parent Relationship": "Inner",
                                                              "Parallel Aware": true,
                                                              "Startup Cost": 46261.56,
                                                              "Total Cost": 46261.56,
                                                              "Plan Rows": 1,
                                                              "Plan Width": 20,
                                                              "Actual Startup Time": 289.403,
                                                              "Actual Total Time": 289.404,
                                                              "Actual Rows": 0,
                                                              "Actual Loops": 2,
                                                              "Hash Buckets": 1024,
                                                              "Original Hash Buckets": 1024,
                                                              "Hash Batches": 1,
                                                              "Original Hash Batches": 1,
                                                              "Peak Memory Usage": 40,
                                                              "Plans": [
                                                                {
                                                                  "Node Type": "Seq Scan",
                                                                  "Parent Relationship": "Outer",
                                                                  "Parallel Aware": true,
                                                                  "Relation Name": "char_name",
                                                                  "Alias": "chn",
                                                                  "Startup Cost": 0.0,
                                                                  "Total Cost": 46261.56,
                                                                  "Plan Rows": 1,
                                                                  "Plan Width": 20,
                                                                  "Actual Startup Time": 154.373,
                                                                  "Actual Total Time": 289.386,
                                                                  "Actual Rows": 0,
                                                                  "Actual Loops": 2,
                                                                  "Filter": "(name = 'Queen'::text)",
                                                                  "Rows Removed by Filter": 1570169
                                                                }
                                                              ]
                                                            }
                                                          ]
                                                        },
                                                        {
                                                          "Node Type": "Hash",
                                                          "Parent Relationship": "Inner",
                                                          "Parallel Aware": true,
                                                          "Startup Cost": 125081.84,
                                                          "Total Cost": 125081.84,
                                                          "Plan Rows": 1,
                                                          "Plan Width": 37,
                                                          "Actual Startup Time": 981.256,
                                                          "Actual Total Time": 981.273,
                                                          "Actual Rows": 11,
                                                          "Actual Loops": 2,
                                                          "Hash Buckets": 1024,
                                                          "Original Hash Buckets": 1024,
                                                          "Hash Batches": 1,
                                                          "Original Hash Batches": 1,
                                                          "Peak Memory Usage": 40,
                                                          "Plans": [
                                                            {
                                                              "Node Type": "Hash Join",
                                                              "Parent Relationship": "Outer",
                                                              "Parallel Aware": true,
                                                              "Join Type": "Inner",
                                                              "Startup Cost": 82203.6,
                                                              "Total Cost": 125081.84,
                                                              "Plan Rows": 1,
                                                              "Plan Width": 37,
                                                              "Actual Startup Time": 932.778,
                                                              "Actual Total Time": 981.209,
                                                              "Actual Rows": 11,
                                                              "Actual Loops": 2,
                                                              "Inner Unique": false,
                                                              "Hash Cond": "(mk.movie_id = t.id)",
                                                              "Plans": [
                                                                {
                                                                  "Node Type": "Hash Join",
                                                                  "Parent Relationship": "Outer",
                                                                  "Parallel Aware": false,
                                                                  "Join Type": "Inner",
                                                                  "Startup Cost": 2626.14,
                                                                  "Total Cost": 45504.33,
                                                                  "Plan Rows": 11,
                                                                  "Plan Width": 4,
                                                                  "Actual Startup Time": 17.229,
                                                                  "Actual Total Time": 407.272,
                                                                  "Actual Rows": 207,
                                                                  "Actual Loops": 2,
                                                                  "Inner Unique": true,
                                                                  "Hash Cond": "(mk.keyword_id = k.id)",
                                                                  "Plans": [
                                                                    {
                                                                      "Node Type": "Seq Scan",
                                                                      "Parent Relationship": "Outer",
                                                                      "Parallel Aware": true,
                                                                      "Relation Name": "movie_keyword",
                                                                      "Alias": "mk",
                                                                      "Startup Cost": 0.0,
                                                                      "Total Cost": 39047.32,
                                                                      "Plan Rows": 1459332,
                                                                      "Plan Width": 8,
                                                                      "Actual Startup Time": 0.026,
                                                                      "Actual Total Time": 250.402,
                                                                      "Actual Rows": 2261965,
                                                                      "Actual Loops": 2
                                                                    },
                                                                    {
                                                                      "Node Type": "Hash",
                                                                      "Parent Relationship": "Inner",
                                                                      "Parallel Aware": false,
                                                                      "Startup Cost": 2626.12,
                                                                      "Total Cost": 2626.12,
                                                                      "Plan Rows": 1,
                                                                      "Plan Width": 4,
                                                                      "Actual Startup Time": 13.323,
                                                                      "Actual Total Time": 13.324,
                                                                      "Actual Rows": 1,
                                                                      "Actual Loops": 2,
                                                                      "Hash Buckets": 1024,
                                                                      "Original Hash Buckets": 1024,
                                                                      "Hash Batches": 1,
                                                                      "Original Hash Batches": 1,
                                                                      "Peak Memory Usage": 9,
                                                                      "Plans": [
                                                                        {
                                                                          "Node Type": "Seq Scan",
                                                                          "Parent Relationship": "Outer",
                                                                          "Parallel Aware": false,
                                                                          "Relation Name": "keyword",
                                                                          "Alias": "k",
                                                                          "Startup Cost": 0.0,
                                                                          "Total Cost": 2626.12,
                                                                          "Plan Rows": 1,
                                                                          "Plan Width": 4,
                                                                          "Actual Startup Time": 0.081,
                                                                          "Actual Total Time": 13.316,
                                                                          "Actual Rows": 1,
                                                                          "Actual Loops": 2,
                                                                          "Filter": "(keyword = 'computer-animation'::text)",
                                                                          "Rows Removed by Filter": 134169
                                                                        }
                                                                      ]
                                                                    }
                                                                  ]
                                                                },
                                                                {
                                                                  "Node Type": "Hash",
                                                                  "Parent Relationship": "Inner",
                                                                  "Parallel Aware": true,
                                                                  "Startup Cost": 79577.45,
                                                                  "Total Cost": 79577.45,
                                                                  "Plan Rows": 1,
                                                                  "Plan Width": 33,
                                                                  "Actual Startup Time": 573.763,
                                                                  "Actual Total Time": 573.775,
                                                                  "Actual Rows": 11,
                                                                  "Actual Loops": 2,
                                                                  "Hash Buckets": 1024,
                                                                  "Original Hash Buckets": 1024,
                                                                  "Hash Batches": 1,
                                                                  "Original Hash Batches": 1,
                                                                  "Peak Memory Usage": 40,
                                                                  "Plans": [
                                                                    {
                                                                      "Node Type": "Hash Join",
                                                                      "Parent Relationship": "Outer",
                                                                      "Parallel Aware": false,
                                                                      "Join Type": "Inner",
                                                                      "Startup Cost": 50161.54,
                                                                      "Total Cost": 79577.45,
                                                                      "Plan Rows": 1,
                                                                      "Plan Width": 33,
                                                                      "Actual Startup Time": 504.29,
                                                                      "Actual Total Time": 573.714,
                                                                      "Actual Rows": 11,
                                                                      "Actual Loops": 2,
                                                                      "Inner Unique": false,
                                                                      "Hash Cond": "(t.id = cc.movie_id)",
                                                                      "Plans": [
                                                                        {
                                                                          "Node Type": "Hash Join",
                                                                          "Parent Relationship": "Outer",
                                                                          "Parallel Aware": true,
                                                                          "Join Type": "Inner",
                                                                          "Startup Cost": 47059.13,
                                                                          "Total Cost": 76475.02,
                                                                          "Plan Rows": 2,
                                                                          "Plan Width": 29,
                                                                          "Actual Startup Time": 457.166,
                                                                          "Actual Total Time": 526.578,
                                                                          "Actual Rows": 12,
                                                                          "Actual Loops": 2,
                                                                          "Inner Unique": true,
                                                                          "Hash Cond": "(mc.movie_id = t.id)",
                                                                          "Plans": [
                                                                            {
                                                                              "Node Type": "Seq Scan",
                                                                              "Parent Relationship": "Outer",
                                                                              "Parallel Aware": true,
                                                                              "Relation Name": "movie_companies",
                                                                              "Alias": "mc",
                                                                              "Startup Cost": 0.0,
                                                                              "Total Cost": 27206.55,
                                                                              "Plan Rows": 841655,
                                                                              "Plan Width": 8,
                                                                              "Actual Startup Time": 0.014,
                                                                              "Actual Total Time": 162.199,
                                                                              "Actual Rows": 1304564,
                                                                              "Actual Loops": 2
                                                                            },
                                                                            {
                                                                              "Node Type": "Hash",
                                                                              "Parent Relationship": "Inner",
                                                                              "Parallel Aware": true,
                                                                              "Startup Cost": 47059.1,
                                                                              "Total Cost": 47059.1,
                                                                              "Plan Rows": 2,
                                                                              "Plan Width": 21,
                                                                              "Actual Startup Time": 283.479,
                                                                              "Actual Total Time": 283.48,
                                                                              "Actual Rows": 2,
                                                                              "Actual Loops": 2,
                                                                              "Hash Buckets": 1024,
                                                                              "Original Hash Buckets": 1024,
                                                                              "Hash Batches": 1,
                                                                              "Original Hash Batches": 1,
                                                                              "Peak Memory Usage": 72,
                                                                              "Plans": [
                                                                                {
                                                                                  "Node Type": "Seq Scan",
                                                                                  "Parent Relationship": "Outer",
                                                                                  "Parallel Aware": true,
                                                                                  "Relation Name": "title",
                                                                                  "Alias": "t",
                                                                                  "Startup Cost": 0.0,
                                                                                  "Total Cost": 47059.1,
                                                                                  "Plan Rows": 2,
                                                                                  "Plan Width": 21,
                                                                                  "Actual Startup Time": 128.473,
                                                                                  "Actual Total Time": 283.436,
                                                                                  "Actual Rows": 2,
                                                                                  "Actual Loops": 2,
                                                                                  "Filter": "((production_year >= 2000) AND (production_year <= 2010) AND (title = 'Shrek 2'::text))",
                                                                                  "Rows Removed by Filter": 1264154
                                                                                }
                                                                              ]
                                                                            }
                                                                          ]
                                                                        },
                                                                        {
                                                                          "Node Type": "Hash",
                                                                          "Parent Relationship": "Inner",
                                                                          "Parallel Aware": false,
                                                                          "Startup Cost": 2996.88,
                                                                          "Total Cost": 2996.88,
                                                                          "Plan Rows": 8443,
                                                                          "Plan Width": 4,
                                                                          "Actual Startup Time": 46.965,
                                                                          "Actual Total Time": 46.97,
                                                                          "Actual Rows": 17879,
                                                                          "Actual Loops": 2,
                                                                          "Hash Buckets": 32768,
                                                                          "Original Hash Buckets": 16384,
                                                                          "Hash Batches": 1,
                                                                          "Original Hash Batches": 1,
                                                                          "Peak Memory Usage": 885,
                                                                          "Plans": [
                                                                            {
                                                                              "Node Type": "Hash Join",
                                                                              "Parent Relationship": "Outer",
                                                                              "Parallel Aware": false,
                                                                              "Join Type": "Inner",
                                                                              "Startup Cost": 2.12,
                                                                              "Total Cost": 2996.88,
                                                                              "Plan Rows": 8443,
                                                                              "Plan Width": 4,
                                                                              "Actual Startup Time": 0.164,
                                                                              "Actual Total Time": 43.346,
                                                                              "Actual Rows": 17879,
                                                                              "Actual Loops": 2,
                                                                              "Inner Unique": true,
                                                                              "Hash Cond": "(cc.status_id = cct2.id)",
                                                                              "Plans": [
                                                                                {
                                                                                  "Node Type": "Hash Join",
                                                                                  "Parent Relationship": "Outer",
                                                                                  "Parallel Aware": false,
                                                                                  "Join Type": "Inner",
                                                                                  "Startup Cost": 1.06,
                                                                                  "Total Cost": 2813.24,
                                                                                  "Plan Rows": 33772,
                                                                                  "Plan Width": 8,
                                                                                  "Actual Startup Time": 0.085,
                                                                                  "Actual Total Time": 36.252,
                                                                                  "Actual Rows": 85941,
                                                                                  "Actual Loops": 2,
                                                                                  "Inner Unique": true,
                                                                                  "Hash Cond": "(cc.subject_id = cct1.id)",
                                                                                  "Plans": [
                                                                                    {
                                                                                      "Node Type": "Seq Scan",
                                                                                      "Parent Relationship": "Outer",
                                                                                      "Parallel Aware": false,
                                                                                      "Relation Name": "complete_cast",
                                                                                      "Alias": "cc",
                                                                                      "Startup Cost": 0.0,
                                                                                      "Total Cost": 2081.86,
                                                                                      "Plan Rows": 135086,
                                                                                      "Plan Width": 12,
                                                                                      "Actual Startup Time": 0.035,
                                                                                      "Actual Total Time": 17.871,
                                                                                      "Actual Rows": 135086,
                                                                                      "Actual Loops": 2
                                                                                    },
                                                                                    {
                                                                                      "Node Type": "Hash",
                                                                                      "Parent Relationship": "Inner",
                                                                                      "Parallel Aware": false,
                                                                                      "Startup Cost": 1.05,
                                                                                      "Total Cost": 1.05,
                                                                                      "Plan Rows": 1,
                                                                                      "Plan Width": 4,
                                                                                      "Actual Startup Time": 0.015,
                                                                                      "Actual Total Time": 0.016,
                                                                                      "Actual Rows": 1,
                                                                                      "Actual Loops": 2,
                                                                                      "Hash Buckets": 1024,
                                                                                      "Original Hash Buckets": 1024,
                                                                                      "Hash Batches": 1,
                                                                                      "Original Hash Batches": 1,
                                                                                      "Peak Memory Usage": 9,
                                                                                      "Plans": [
                                                                                        {
                                                                                          "Node Type": "Seq Scan",
                                                                                          "Parent Relationship": "Outer",
                                                                                          "Parallel Aware": false,
                                                                                          "Relation Name": "comp_cast_type",
                                                                                          "Alias": "cct1",
                                                                                          "Startup Cost": 0.0,
                                                                                          "Total Cost": 1.05,
                                                                                          "Plan Rows": 1,
                                                                                          "Plan Width": 4,
                                                                                          "Actual Startup Time": 0.006,
                                                                                          "Actual Total Time": 0.008,
                                                                                          "Actual Rows": 1,
                                                                                          "Actual Loops": 2,
                                                                                          "Filter": "((kind)::text = 'cast'::text)",
                                                                                          "Rows Removed by Filter": 3
                                                                                        }
                                                                                      ]
                                                                                    }
                                                                                  ]
                                                                                },
                                                                                {
                                                                                  "Node Type": "Hash",
                                                                                  "Parent Relationship": "Inner",
                                                                                  "Parallel Aware": false,
                                                                                  "Startup Cost": 1.05,
                                                                                  "Total Cost": 1.05,
                                                                                  "Plan Rows": 1,
                                                                                  "Plan Width": 4,
                                                                                  "Actual Startup Time": 0.049,
                                                                                  "Actual Total Time": 0.05,
                                                                                  "Actual Rows": 1,
                                                                                  "Actual Loops": 2,
                                                                                  "Hash Buckets": 1024,
                                                                                  "Original Hash Buckets": 1024,
                                                                                  "Hash Batches": 1,
                                                                                  "Original Hash Batches": 1,
                                                                                  "Peak Memory Usage": 9,
                                                                                  "Plans": [
                                                                                    {
                                                                                      "Node Type": "Seq Scan",
                                                                                      "Parent Relationship": "Outer",
                                                                                      "Parallel Aware": false,
                                                                                      "Relation Name": "comp_cast_type",
                                                                                      "Alias": "cct2",
                                                                                      "Startup Cost": 0.0,
                                                                                      "Total Cost": 1.05,
                                                                                      "Plan Rows": 1,
                                                                                      "Plan Width": 4,
                                                                                      "Actual Startup Time": 0.036,
                                                                                      "Actual Total Time": 0.038,
                                                                                      "Actual Rows": 1,
                                                                                      "Actual Loops": 2,
                                                                                      "Filter": "((kind)::text = 'complete+verified'::text)",
                                                                                      "Rows Removed by Filter": 3
                                                                                    }
                                                                                  ]
                                                                                }
                                                                              ]
                                                                            }
                                                                          ]
                                                                        }
                                                                      ]
                                                                    }
                                                                  ]
                                                                }
                                                              ]
                                                            }
                                                          ]
                                                        }
                                                      ]
                                                    }
                                                  ]
                                                }
                                              ]
                                            }
                                          ]
                                        }
                                      ]
                                    }
                                  ]
                                }
                              ]
                            }
                          ]
                        }
                      ]
                    },
                    {
                      "Node Type": "Hash",
                      "Parent Relationship": "Inner",
                      "Parallel Aware": false,
                      "Startup Cost": 1.15,
                      "Total Cost": 1.15,
                      "Plan Rows": 1,
                      "Plan Width": 4,
                      "Actual Startup Time": 0.073,
                      "Actual Total Time": 0.074,
                      "Actual Rows": 1,
                      "Actual Loops": 2,
                      "Hash Buckets": 1024,
                      "Original Hash Buckets": 1024,
                      "Hash Batches": 1,
                      "Original Hash Batches": 1,
                      "Peak Memory Usage": 9,
                      "Plans": [
                        {
                          "Node Type": "Seq Scan",
                          "Parent Relationship": "Outer",
                          "Parallel Aware": false,
                          "Relation Name": "role_type",
                          "Alias": "rt",
                          "Startup Cost": 0.0,
                          "Total Cost": 1.15,
                          "Plan Rows": 1,
                          "Plan Width": 4,
                          "Actual Startup Time": 0.055,
                          "Actual Total Time": 0.058,
                          "Actual Rows": 1,
                          "Actual Loops": 2,
                          "Filter": "((role)::text = 'actress'::text)",
                          "Rows Removed by Filter": 11
                        }
                      ]
                    }
                  ]
                }
              ]
            }
          ]
        }
      ]
    },
    "Planning Time": 2854.41,
    "Triggers": [],
    "Execution Time": 8248.367
  }
]