[
  {
    "Plan": {
      "Node Type": "Aggregate",
      "Strategy": "Plain",
      "Partial Mode": "Finalize",
      "Parallel Aware": false,
      "Startup Cost": 47285.51,
      "Total Cost": 47285.52,
      "Plan Rows": 1,
      "Plan Width": 8,
      "Actual Startup Time": 155.272,
      "Actual Total Time": 164.674,
      "Actual Rows": 1,
      "Actual Loops": 1,
      "Plans": [
        {
          "Node Type": "Gather",
          "Parent Relationship": "Outer",
          "Parallel Aware": false,
          "Startup Cost": 47285.19,
          "Total Cost": 47285.5,
          "Plan Rows": 3,
          "Plan Width": 8,
          "Actual Startup Time": 155.15,
          "Actual Total Time": 164.667,
          "Actual Rows": 4,
          "Actual Loops": 1,
          "Workers Planned": 3,
          "Workers Launched": 3,
          "Single Copy": false,
          "Plans": [
            {
              "Node Type": "Aggregate",
              "Strategy": "Plain",
              "Partial Mode": "Partial",
              "Parent Relationship": "Outer",
              "Parallel Aware": false,
              "Startup Cost": 46285.19,
              "Total Cost": 46285.2,
              "Plan Rows": 1,
              "Plan Width": 8,
              "Actual Startup Time": 152.028,
              "Actual Total Time": 152.029,
              "Actual Rows": 1,
              "Actual Loops": 4,
              "Plans": [
                {
                  "Node Type": "Seq Scan",
                  "Parent Relationship": "Outer",
                  "Parallel Aware": true,
                  "Relation Name": "movie_keyword",
                  "Alias": "mk",
                  "Startup Cost": 0.0,
                  "Total Cost": 42695.65,
                  "Plan Rows": 1435816,
                  "Plan Width": 0,
                  "Actual Startup Time": 0.022,
                  "Actual Total Time": 107.995,
                  "Actual Rows": 1112701,
                  "Actual Loops": 4,
                  "Filter": "(keyword_id < 90051)",
                  "Rows Removed by Filter": 18281
                }
              ]
            }
          ]
        }
      ]
    },
    "Planning Time": 0.152,
    "Triggers": [],
    "Execution Time": 164.701
  }
]