[
  {
    "Plan": {
      "Node Type": "Aggregate",
      "Strategy": "Plain",
      "Partial Mode": "Finalize",
      "Parallel Aware": false,
      "Startup Cost": 81629.37,
      "Total Cost": 81629.38,
      "Plan Rows": 1,
      "Plan Width": 8,
      "Actual Startup Time": 406.163,
      "Actual Total Time": 418.373,
      "Actual Rows": 1,
      "Actual Loops": 1,
      "Plans": [
        {
          "Node Type": "Gather",
          "Parent Relationship": "Outer",
          "Parallel Aware": false,
          "Startup Cost": 81628.95,
          "Total Cost": 81629.36,
          "Plan Rows": 4,
          "Plan Width": 8,
          "Actual Startup Time": 401.574,
          "Actual Total Time": 418.363,
          "Actual Rows": 5,
          "Actual Loops": 1,
          "Workers Planned": 4,
          "Workers Launched": 4,
          "Single Copy": false,
          "Plans": [
            {
              "Node Type": "Aggregate",
              "Strategy": "Plain",
              "Partial Mode": "Partial",
              "Parent Relationship": "Outer",
              "Parallel Aware": false,
              "Startup Cost": 80628.95,
              "Total Cost": 80628.96,
              "Plan Rows": 1,
              "Plan Width": 8,
              "Actual Startup Time": 388.295,
              "Actual Total Time": 388.298,
              "Actual Rows": 1,
              "Actual Loops": 5,
              "Plans": [
                {
                  "Node Type": "Hash Join",
                  "Parent Relationship": "Outer",
                  "Parallel Aware": true,
                  "Join Type": "Inner",
                  "Startup Cost": 33620.03,
                  "Total Cost": 79961.0,
                  "Plan Rows": 267180,
                  "Plan Width": 0,
                  "Actual Startup Time": 149.273,
                  "Actual Total Time": 378.379,
                  "Actual Rows": 215234,
                  "Actual Loops": 5,
                  "Inner Unique": false,
                  "Hash Cond": "(t.id = mc.movie_id)",
                  "Plans": [
                    {
                      "Node Type": "Seq Scan",
                      "Parent Relationship": "Outer",
                      "Parallel Aware": true,
                      "Relation Name": "title",
                      "Alias": "t",
                      "Startup Cost": 0.0,
                      "Total Cost": 42318.73,
                      "Plan Rows": 632073,
                      "Plan Width": 4,
                      "Actual Startup Time": 0.011,
                      "Actual Total Time": 64.347,
                      "Actual Rows": 505662,
                      "Actual Loops": 5
                    },
                    {
                      "Node Type": "Hash",
                      "Parent Relationship": "Inner",
                      "Parallel Aware": true,
                      "Startup Cost": 29310.68,
                      "Total Cost": 29310.68,
                      "Plan Rows": 344748,
                      "Plan Width": 4,
                      "Actual Startup Time": 142.809,
                      "Actual Total Time": 142.81,
                      "Actual Rows": 215234,
                      "Actual Loops": 5,
                      "Hash Buckets": 2097152,
                      "Original Hash Buckets": 2097152,
                      "Hash Batches": 1,
                      "Original Hash Batches": 1,
                      "Peak Memory Usage": 58528,
                      "Plans": [
                        {
                          "Node Type": "Seq Scan",
                          "Parent Relationship": "Outer",
                          "Parallel Aware": true,
                          "Relation Name": "movie_companies",
                          "Alias": "mc",
                          "Startup Cost": 0.0,
                          "Total Cost": 29310.68,
                          "Plan Rows": 344748,
                          "Plan Width": 4,
                          "Actual Startup Time": 18.701,
                          "Actual Total Time": 70.466,
                          "Actual Rows": 215234,
                          "Actual Loops": 5,
                          "Filter": "(company_id > 14423)",
                          "Rows Removed by Filter": 306592
                        }
                      ]
                    }
                  ]
                }
              ]
            }
          ]
        }
      ]
    },
    "Planning Time": 0.666,
    "Triggers": [],
    "Execution Time": 418.447
  }
]