{
  "Plan": {
    "Node Type": "Aggregate",
    "Strategy": "Plain",
    "Partial Mode": "Finalize",
    "Parallel Aware": false,
    "Startup Cost": 320791.65,
    "Total Cost": 320791.66,
    "Plan Rows": 1,
    "Plan Width": 8,
    "Actual Startup Time": 1314.581,
    "Actual Total Time": 1331.195,
    "Actual Rows": 1,
    "Actual Loops": 1,
    "Plans": [
      {
        "Node Type": "Gather",
        "Parent Relationship": "Outer",
        "Parallel Aware": false,
        "Startup Cost": 320791.54,
        "Total Cost": 320791.65,
        "Plan Rows": 1,
        "Plan Width": 8,
        "Actual Startup Time": 1309.634,
        "Actual Total Time": 1331.19,
        "Actual Rows": 2,
        "Actual Loops": 1,
        "Workers Planned": 1,
        "Workers Launched": 1,
        "Single Copy": false,
        "Plans": [
          {
            "Node Type": "Aggregate",
            "Strategy": "Plain",
            "Partial Mode": "Partial",
            "Parent Relationship": "Outer",
            "Parallel Aware": false,
            "Startup Cost": 319791.54,
            "Total Cost": 319791.55,
            "Plan Rows": 1,
            "Plan Width": 8,
            "Actual Startup Time": 1298.391,
            "Actual Total Time": 1298.398,
            "Actual Rows": 1,
            "Actual Loops": 2,
            "Plans": [
              {
                "Node Type": "Merge Join",
                "Parent Relationship": "Outer",
                "Parallel Aware": false,
                "Join Type": "Inner",
                "Startup Cost": 310937.25,
                "Total Cost": 319364.23,
                "Plan Rows": 170922,
                "Plan Width": 0,
                "Actual Startup Time": 1173.946,
                "Actual Total Time": 1288.245,
                "Actual Rows": 256594,
                "Actual Loops": 2,
                "Inner Unique": false,
                "Merge Cond": "(t.id = mc.movie_id)",
                "Plans": [
                  {
                    "Node Type": "Sort",
                    "Parent Relationship": "Outer",
                    "Parallel Aware": false,
                    "Startup Cost": 210659.97,
                    "Total Cost": 212691.39,
                    "Plan Rows": 812567,
                    "Plan Width": 8,
                    "Actual Startup Time": 950.57,
                    "Actual Total Time": 974.275,
                    "Actual Rows": 659863,
                    "Actual Loops": 2,
                    "Sort Key": [
                      "mk.movie_id"
                    ],
                    "Sort Method": "quicksort",
                    "Sort Space Used": 57014,
                    "Sort Space Type": "Memory",
                    "Workers": [
                      {
                        "Worker Number": 0,
                        "Sort Method": "quicksort",
                        "Sort Space Used": 54002,
                        "Sort Space Type": "Memory"
                      }
                    ],
                    "Plans": [
                      {
                        "Node Type": "Hash Join",
                        "Parent Relationship": "Outer",
                        "Parallel Aware": true,
                        "Join Type": "Inner",
                        "Startup Cost": 70721.88,
                        "Total Cost": 130897.88,
                        "Plan Rows": 812567,
                        "Plan Width": 8,
                        "Actual Startup Time": 498.454,
                        "Actual Total Time": 832.852,
                        "Actual Rows": 659873,
                        "Actual Loops": 2,
                        "Inner Unique": true,
                        "Hash Cond": "(mk.movie_id = t.id)",
                        "Plans": [
                          {
                            "Node Type": "Seq Scan",
                            "Parent Relationship": "Outer",
                            "Parallel Aware": true,
                            "Relation Name": "movie_keyword",
                            "Alias": "mk",
                            "Startup Cost": 0.0,
                            "Total Cost": 57718.19,
                            "Plan Rows": 936309,
                            "Plan Width": 4,
                            "Actual Startup Time": 0.016,
                            "Actual Total Time": 175.844,
                            "Actual Rows": 803094,
                            "Actual Loops": 2,
                            "Filter": "(keyword_id < 2488)",
                            "Rows Removed by Filter": 1458870
                          },
                          {
                            "Node Type": "Hash",
                            "Parent Relationship": "Inner",
                            "Parallel Aware": true,
                            "Startup Cost": 54588.39,
                            "Total Cost": 54588.39,
                            "Plan Rows": 1290679,
                            "Plan Width": 4,
                            "Actual Startup Time": 479.545,
                            "Actual Total Time": 479.547,
                            "Actual Rows": 1091158,
                            "Actual Loops": 2,
                            "Hash Buckets": 4194304,
                            "Original Hash Buckets": 4194304,
                            "Hash Batches": 1,
                            "Original Hash Batches": 1,
                            "Peak Memory Usage": 118176,
                            "Plans": [
                              {
                                "Node Type": "Seq Scan",
                                "Parent Relationship": "Outer",
                                "Parallel Aware": true,
                                "Relation Name": "title",
                                "Alias": "t",
                                "Startup Cost": 0.0,
                                "Total Cost": 54588.39,
                                "Plan Rows": 1290679,
                                "Plan Width": 4,
                                "Actual Startup Time": 0.021,
                                "Actual Total Time": 172.876,
                                "Actual Rows": 1091158,
                                "Actual Loops": 2,
                                "Filter": "(production_year > 1962)",
                                "Rows Removed by Filter": 172998
                              }
                            ]
                          }
                        ]
                      }
                    ]
                  },
                  {
                    "Node Type": "Sort",
                    "Parent Relationship": "Inner",
                    "Parallel Aware": false,
                    "Startup Cost": 100277.2,
                    "Total Cost": 101606.75,
                    "Plan Rows": 531823,
                    "Plan Width": 4,
                    "Actual Startup Time": 223.363,
                    "Actual Total Time": 241.118,
                    "Actual Rows": 534928,
                    "Actual Loops": 2,
                    "Sort Key": [
                      "mc.movie_id"
                    ],
                    "Sort Method": "quicksort",
                    "Sort Space Used": 27372,
                    "Sort Space Type": "Memory",
                    "Workers": [
                      {
                        "Worker Number": 0,
                        "Sort Method": "quicksort",
                        "Sort Space Used": 27372,
                        "Sort Space Type": "Memory"
                      }
                    ],
                    "Plans": [
                      {
                        "Node Type": "Index Scan",
                        "Parent Relationship": "Outer",
                        "Parallel Aware": false,
                        "Scan Direction": "Forward",
                        "Index Name": "company_type_id_movie_companies",
                        "Relation Name": "movie_companies",
                        "Alias": "mc",
                        "Startup Cost": 0.43,
                        "Total Cost": 49699.27,
                        "Plan Rows": 531823,
                        "Plan Width": 4,
                        "Actual Startup Time": 0.072,
                        "Actual Total Time": 164.981,
                        "Actual Rows": 321786,
                        "Actual Loops": 2,
                        "Index Cond": "(company_type_id = 2)",
                        "Rows Removed by Index Recheck": 0,
                        "Filter": "(company_id < 6089)",
                        "Rows Removed by Filter": 1013097
                      }
                    ]
                  }
                ]
              }
            ]
          }
        ]
      }
    ]
  },
  "Planning Time": 0.563,
  "Triggers": [],
  "Execution Time": 1333.702
}