[
  {
    "Plan": {
      "Node Type": "Aggregate",
      "Strategy": "Plain",
      "Partial Mode": "Finalize",
      "Parallel Aware": false,
      "Startup Cost": 46274.96,
      "Total Cost": 46274.97,
      "Plan Rows": 1,
      "Plan Width": 8,
      "Actual Startup Time": 149.588,
      "Actual Total Time": 159.242,
      "Actual Rows": 1,
      "Actual Loops": 1,
      "Plans": [
        {
          "Node Type": "Gather",
          "Parent Relationship": "Outer",
          "Parallel Aware": false,
          "Startup Cost": 46274.64,
          "Total Cost": 46274.95,
          "Plan Rows": 3,
          "Plan Width": 8,
          "Actual Startup Time": 149.463,
          "Actual Total Time": 159.234,
          "Actual Rows": 4,
          "Actual Loops": 1,
          "Workers Planned": 3,
          "Workers Launched": 3,
          "Single Copy": false,
          "Plans": [
            {
              "Node Type": "Aggregate",
              "Strategy": "Plain",
              "Partial Mode": "Partial",
              "Parent Relationship": "Outer",
              "Parallel Aware": false,
              "Startup Cost": 45274.64,
              "Total Cost": 45274.65,
              "Plan Rows": 1,
              "Plan Width": 8,
              "Actual Startup Time": 145.843,
              "Actual Total Time": 145.845,
              "Actual Rows": 1,
              "Actual Loops": 4,
              "Plans": [
                {
                  "Node Type": "Seq Scan",
                  "Parent Relationship": "Outer",
                  "Parallel Aware": true,
                  "Relation Name": "movie_keyword",
                  "Alias": "mk",
                  "Startup Cost": 0.0,
                  "Total Cost": 42695.65,
                  "Plan Rows": 1031596,
                  "Plan Width": 0,
                  "Actual Startup Time": 0.131,
                  "Actual Total Time": 112.032,
                  "Actual Rows": 798938,
                  "Actual Loops": 4,
                  "Filter": "(keyword_id > 1735)",
                  "Rows Removed by Filter": 332044
                }
              ]
            }
          ]
        }
      ]
    },
    "Planning Time": 0.122,
    "Triggers": [],
    "Execution Time": 159.281
  }
]