[
  {
    "Plan": {
      "Node Type": "Aggregate",
      "Strategy": "Plain",
      "Partial Mode": "Finalize",
      "Parallel Aware": false,
      "Startup Cost": 31917.88,
      "Total Cost": 31917.89,
      "Plan Rows": 1,
      "Plan Width": 8,
      "Actual Startup Time": 137.024,
      "Actual Total Time": 145.437,
      "Actual Rows": 1,
      "Actual Loops": 1,
      "Plans": [
        {
          "Node Type": "Gather",
          "Parent Relationship": "Outer",
          "Parallel Aware": false,
          "Startup Cost": 31917.56,
          "Total Cost": 31917.87,
          "Plan Rows": 3,
          "Plan Width": 8,
          "Actual Startup Time": 136.9,
          "Actual Total Time": 145.428,
          "Actual Rows": 4,
          "Actual Loops": 1,
          "Workers Planned": 3,
          "Workers Launched": 3,
          "Single Copy": false,
          "Plans": [
            {
              "Node Type": "Aggregate",
              "Strategy": "Plain",
              "Partial Mode": "Partial",
              "Parent Relationship": "Outer",
              "Parallel Aware": false,
              "Startup Cost": 30917.56,
              "Total Cost": 30917.57,
              "Plan Rows": 1,
              "Plan Width": 8,
              "Actual Startup Time": 129.049,
              "Actual Total Time": 129.05,
              "Actual Rows": 1,
              "Actual Loops": 4,
              "Plans": [
                {
                  "Node Type": "Seq Scan",
                  "Parent Relationship": "Outer",
                  "Parallel Aware": true,
                  "Relation Name": "movie_companies",
                  "Alias": "mc",
                  "Startup Cost": 0.0,
                  "Total Cost": 29310.68,
                  "Plan Rows": 642751,
                  "Plan Width": 0,
                  "Actual Startup Time": 0.18,
                  "Actual Total Time": 97.413,
                  "Actual Rows": 499323,
                  "Actual Loops": 4,
                  "Filter": "(company_id > 727)",
                  "Rows Removed by Filter": 152960
                }
              ]
            }
          ]
        }
      ]
    },
    "Planning Time": 0.082,
    "Triggers": [],
    "Execution Time": 145.469
  }
]