{
  "Plan": {
    "Node Type": "Aggregate",
    "Strategy": "Plain",
    "Partial Mode": "Finalize",
    "Parallel Aware": false,
    "Startup Cost": 107318.96,
    "Total Cost": 107318.97,
    "Plan Rows": 1,
    "Plan Width": 8,
    "Actual Startup Time": 259.049,
    "Actual Total Time": 277.933,
    "Actual Rows": 1,
    "Actual Loops": 1,
    "Plans": [
      {
        "Node Type": "Gather",
        "Parent Relationship": "Outer",
        "Parallel Aware": false,
        "Startup Cost": 107318.85,
        "Total Cost": 107318.96,
        "Plan Rows": 1,
        "Plan Width": 8,
        "Actual Startup Time": 258.615,
        "Actual Total Time": 277.925,
        "Actual Rows": 2,
        "Actual Loops": 1,
        "Workers Planned": 1,
        "Workers Launched": 1,
        "Single Copy": false,
        "Plans": [
          {
            "Node Type": "Aggregate",
            "Strategy": "Plain",
            "Partial Mode": "Partial",
            "Parent Relationship": "Outer",
            "Parallel Aware": false,
            "Startup Cost": 106318.85,
            "Total Cost": 106318.86,
            "Plan Rows": 1,
            "Plan Width": 8,
            "Actual Startup Time": 254.429,
            "Actual Total Time": 254.433,
            "Actual Rows": 1,
            "Actual Loops": 2,
            "Plans": [
              {
                "Node Type": "Nested Loop",
                "Parent Relationship": "Outer",
                "Parallel Aware": false,
                "Join Type": "Inner",
                "Startup Cost": 64084.34,
                "Total Cost": 106270.74,
                "Plan Rows": 19241,
                "Plan Width": 0,
                "Actual Startup Time": 156.879,
                "Actual Total Time": 253.641,
                "Actual Rows": 13360,
                "Actual Loops": 2,
                "Inner Unique": false,
                "Join Filter": "(t.id = mi.movie_id)",
                "Rows Removed by Join Filter": 0,
                "Plans": [
                  {
                    "Node Type": "Hash Join",
                    "Parent Relationship": "Outer",
                    "Parallel Aware": true,
                    "Join Type": "Inner",
                    "Startup Cost": 64083.91,
                    "Total Cost": 86872.81,
                    "Plan Rows": 3291,
                    "Plan Width": 8,
                    "Actual Startup Time": 156.804,
                    "Actual Total Time": 226.495,
                    "Actual Rows": 1927,
                    "Actual Loops": 2,
                    "Inner Unique": true,
                    "Hash Cond": "(mc.movie_id = t.id)",
                    "Plans": [
                      {
                        "Node Type": "Bitmap Heap Scan",
                        "Parent Relationship": "Outer",
                        "Parallel Aware": true,
                        "Relation Name": "movie_companies",
                        "Alias": "mc",
                        "Startup Cost": 8989.25,
                        "Total Cost": 31460.99,
                        "Plan Rows": 120826,
                        "Plan Width": 4,
                        "Actual Startup Time": 18.526,
                        "Actual Total Time": 68.113,
                        "Actual Rows": 159045,
                        "Actual Loops": 2,
                        "Recheck Cond": "(company_id < 288)",
                        "Rows Removed by Index Recheck": 0,
                        "Filter": "(company_type_id < 2)",
                        "Rows Removed by Filter": 48632,
                        "Exact Heap Blocks": 11668,
                        "Lossy Heap Blocks": 0,
                        "Plans": [
                          {
                            "Node Type": "Bitmap Index Scan",
                            "Parent Relationship": "Outer",
                            "Parallel Aware": false,
                            "Index Name": "company_id_movie_companies",
                            "Startup Cost": 0.0,
                            "Total Cost": 8937.9,
                            "Plan Rows": 417263,
                            "Plan Width": 0,
                            "Actual Startup Time": 15.853,
                            "Actual Total Time": 15.854,
                            "Actual Rows": 415354,
                            "Actual Loops": 1,
                            "Index Cond": "(company_id < 288)"
                          }
                        ]
                      },
                      {
                        "Node Type": "Hash",
                        "Parent Relationship": "Inner",
                        "Parallel Aware": true,
                        "Startup Cost": 54588.39,
                        "Total Cost": 54588.39,
                        "Plan Rows": 40501,
                        "Plan Width": 4,
                        "Actual Startup Time": 136.703,
                        "Actual Total Time": 136.704,
                        "Actual Rows": 33671,
                        "Actual Loops": 2,
                        "Hash Buckets": 131072,
                        "Original Hash Buckets": 131072,
                        "Hash Batches": 1,
                        "Original Hash Batches": 1,
                        "Peak Memory Usage": 3680,
                        "Plans": [
                          {
                            "Node Type": "Seq Scan",
                            "Parent Relationship": "Outer",
                            "Parallel Aware": true,
                            "Relation Name": "title",
                            "Alias": "t",
                            "Startup Cost": 0.0,
                            "Total Cost": 54588.39,
                            "Plan Rows": 40501,
                            "Plan Width": 4,
                            "Actual Startup Time": 0.041,
                            "Actual Total Time": 126.073,
                            "Actual Rows": 33671,
                            "Actual Loops": 2,
                            "Filter": "(production_year > 2012)",
                            "Rows Removed by Filter": 1230485
                          }
                        ]
                      }
                    ]
                  },
                  {
                    "Node Type": "Index Only Scan",
                    "Parent Relationship": "Inner",
                    "Parallel Aware": false,
                    "Scan Direction": "Forward",
                    "Index Name": "movie_id_movie_info",
                    "Relation Name": "movie_info",
                    "Alias": "mi",
                    "Startup Cost": 0.43,
                    "Total Cost": 5.37,
                    "Plan Rows": 42,
                    "Plan Width": 4,
                    "Actual Startup Time": 0.005,
                    "Actual Total Time": 0.013,
                    "Actual Rows": 7,
                    "Actual Loops": 3854,
                    "Index Cond": "(movie_id = mc.movie_id)",
                    "Rows Removed by Index Recheck": 0,
                    "Heap Fetches": 26720
                  }
                ]
              }
            ]
          }
        ]
      }
    ]
  },
  "Planning Time": 0.804,
  "Triggers": [],
  "Execution Time": 278.027
}