[
    {
        "Bao": {
            "Bao prediction": "NaN",
            "Bao recommended hint": "(no hint)"
        }
    },
    {
        "Plan": {
            "Node Type": "Aggregate",
            "Strategy": "Plain",
            "Partial Mode": "Finalize",
            "Parallel Aware": false,
            "Startup Cost": 70391.37,
            "Total Cost": 70391.38,
            "Plan Rows": 1,
            "Plan Width": 8,
            "Actual Startup Time": 229.794,
            "Actual Total Time": 238.626,
            "Actual Rows": 1,
            "Actual Loops": 1,
            "Output": [
                "count(*)"
            ],
            "Plans": [
                {
                    "Node Type": "Gather",
                    "Parent Relationship": "Outer",
                    "Parallel Aware": false,
                    "Startup Cost": 70390.95,
                    "Total Cost": 70391.36,
                    "Plan Rows": 4,
                    "Plan Width": 8,
                    "Actual Startup Time": 227.984,
                    "Actual Total Time": 238.615,
                    "Actual Rows": 5,
                    "Actual Loops": 1,
                    "Output": [
                        "(PARTIAL count(*))"
                    ],
                    "Workers Planned": 4,
                    "Workers Launched": 4,
                    "Single Copy": false,
                    "Plans": [
                        {
                            "Node Type": "Aggregate",
                            "Strategy": "Plain",
                            "Partial Mode": "Partial",
                            "Parent Relationship": "Outer",
                            "Parallel Aware": false,
                            "Startup Cost": 69390.95,
                            "Total Cost": 69390.96,
                            "Plan Rows": 1,
                            "Plan Width": 8,
                            "Actual Startup Time": 217.999,
                            "Actual Total Time": 218.002,
                            "Actual Rows": 1,
                            "Actual Loops": 5,
                            "Output": [
                                "PARTIAL count(*)"
                            ],
                            "Workers": [
                                {
                                    "Worker Number": 0,
                                    "Actual Startup Time": 215.538,
                                    "Actual Total Time": 215.541,
                                    "Actual Rows": 1,
                                    "Actual Loops": 1
                                },
                                {
                                    "Worker Number": 1,
                                    "Actual Startup Time": 215.578,
                                    "Actual Total Time": 215.581,
                                    "Actual Rows": 1,
                                    "Actual Loops": 1
                                },
                                {
                                    "Worker Number": 2,
                                    "Actual Startup Time": 215.544,
                                    "Actual Total Time": 215.547,
                                    "Actual Rows": 1,
                                    "Actual Loops": 1
                                },
                                {
                                    "Worker Number": 3,
                                    "Actual Startup Time": 216.058,
                                    "Actual Total Time": 216.061,
                                    "Actual Rows": 1,
                                    "Actual Loops": 1
                                }
                            ],
                            "Plans": [
                                {
                                    "Node Type": "Hash Join",
                                    "Parent Relationship": "Outer",
                                    "Parallel Aware": true,
                                    "Join Type": "Inner",
                                    "Startup Cost": 23676.58,
                                    "Total Cost": 69288.27,
                                    "Plan Rows": 41072,
                                    "Plan Width": 0,
                                    "Actual Startup Time": 69.526,
                                    "Actual Total Time": 215.94,
                                    "Actual Rows": 33542,
                                    "Actual Loops": 5,
                                    "Inner Unique": false,
                                    "Hash Cond": "(t.id = mc.movie_id)",
                                    "Workers": [
                                        {
                                            "Worker Number": 0,
                                            "Actual Startup Time": 67.081,
                                            "Actual Total Time": 213.272,
                                            "Actual Rows": 24885,
                                            "Actual Loops": 1
                                        },
                                        {
                                            "Worker Number": 1,
                                            "Actual Startup Time": 67.129,
                                            "Actual Total Time": 213.574,
                                            "Actual Rows": 37628,
                                            "Actual Loops": 1
                                        },
                                        {
                                            "Worker Number": 2,
                                            "Actual Startup Time": 67.121,
                                            "Actual Total Time": 213.618,
                                            "Actual Rows": 36372,
                                            "Actual Loops": 1
                                        },
                                        {
                                            "Worker Number": 3,
                                            "Actual Startup Time": 67.601,
                                            "Actual Total Time": 214.091,
                                            "Actual Rows": 36744,
                                            "Actual Loops": 1
                                        }
                                    ],
                                    "Plans": [
                                        {
                                            "Node Type": "Seq Scan",
                                            "Parent Relationship": "Outer",
                                            "Parallel Aware": true,
                                            "Relation Name": "title",
                                            "Schema": "public",
                                            "Alias": "t",
                                            "Startup Cost": 0.0,
                                            "Total Cost": 42318.81,
                                            "Plan Rows": 632080,
                                            "Plan Width": 4,
                                            "Actual Startup Time": 0.006,
                                            "Actual Total Time": 64.314,
                                            "Actual Rows": 505662,
                                            "Actual Loops": 5,
                                            "Output": [
                                                "t.id",
                                                "t.title",
                                                "t.imdb_index",
                                                "t.kind_id",
                                                "t.production_year",
                                                "t.imdb_id",
                                                "t.phonetic_code",
                                                "t.episode_of_id",
                                                "t.season_nr",
                                                "t.episode_nr",
                                                "t.series_years",
                                                "t.md5sum"
                                            ],
                                            "Workers": [
                                                {
                                                    "Worker Number": 0,
                                                    "Actual Startup Time": 0.006,
                                                    "Actual Total Time": 67.912,
                                                    "Actual Rows": 370272,
                                                    "Actual Loops": 1
                                                },
                                                {
                                                    "Worker Number": 1,
                                                    "Actual Startup Time": 0.006,
                                                    "Actual Total Time": 66.283,
                                                    "Actual Rows": 559957,
                                                    "Actual Loops": 1
                                                },
                                                {
                                                    "Worker Number": 2,
                                                    "Actual Startup Time": 0.006,
                                                    "Actual Total Time": 65.327,
                                                    "Actual Rows": 548353,
                                                    "Actual Loops": 1
                                                },
                                                {
                                                    "Worker Number": 3,
                                                    "Actual Startup Time": 0.006,
                                                    "Actual Total Time": 66.092,
                                                    "Actual Rows": 554717,
                                                    "Actual Loops": 1
                                                }
                                            ]
                                        },
                                        {
                                            "Node Type": "Hash",
                                            "Parent Relationship": "Inner",
                                            "Parallel Aware": true,
                                            "Startup Cost": 23014.13,
                                            "Total Cost": 23014.13,
                                            "Plan Rows": 52996,
                                            "Plan Width": 4,
                                            "Actual Startup Time": 67.879,
                                            "Actual Total Time": 67.88,
                                            "Actual Rows": 33542,
                                            "Actual Loops": 5,
                                            "Output": [
                                                "mc.movie_id"
                                            ],
                                            "Hash Buckets": 262144,
                                            "Original Hash Buckets": 262144,
                                            "Hash Batches": 1,
                                            "Original Hash Batches": 1,
                                            "Peak Memory Usage": 8736,
                                            "Workers": [
                                                {
                                                    "Worker Number": 0,
                                                    "Actual Startup Time": 66.616,
                                                    "Actual Total Time": 66.617,
                                                    "Actual Rows": 27206,
                                                    "Actual Loops": 1
                                                },
                                                {
                                                    "Worker Number": 1,
                                                    "Actual Startup Time": 66.689,
                                                    "Actual Total Time": 66.691,
                                                    "Actual Rows": 26209,
                                                    "Actual Loops": 1
                                                },
                                                {
                                                    "Worker Number": 2,
                                                    "Actual Startup Time": 66.625,
                                                    "Actual Total Time": 66.626,
                                                    "Actual Rows": 24711,
                                                    "Actual Loops": 1
                                                },
                                                {
                                                    "Worker Number": 3,
                                                    "Actual Startup Time": 67.195,
                                                    "Actual Total Time": 67.196,
                                                    "Actual Rows": 27012,
                                                    "Actual Loops": 1
                                                }
                                            ],
                                            "Plans": [
                                                {
                                                    "Node Type": "Bitmap Heap Scan",
                                                    "Parent Relationship": "Outer",
                                                    "Parallel Aware": true,
                                                    "Relation Name": "movie_companies",
                                                    "Schema": "public",
                                                    "Alias": "mc",
                                                    "Startup Cost": 3561.67,
                                                    "Total Cost": 23014.13,
                                                    "Plan Rows": 52996,
                                                    "Plan Width": 4,
                                                    "Actual Startup Time": 15.749,
                                                    "Actual Total Time": 51.028,
                                                    "Actual Rows": 33542,
                                                    "Actual Loops": 5,
                                                    "Output": [
                                                        "mc.movie_id"
                                                    ],
                                                    "Recheck Cond": "(mc.company_id < 34)",
                                                    "Rows Removed by Index Recheck": 0,
                                                    "Exact Heap Blocks": 5294,
                                                    "Lossy Heap Blocks": 0,
                                                    "Workers": [
                                                        {
                                                            "Worker Number": 0,
                                                            "Actual Startup Time": 14.574,
                                                            "Actual Total Time": 51.04,
                                                            "Actual Rows": 27206,
                                                            "Actual Loops": 1
                                                        },
                                                        {
                                                            "Worker Number": 1,
                                                            "Actual Startup Time": 14.848,
                                                            "Actual Total Time": 51.173,
                                                            "Actual Rows": 26209,
                                                            "Actual Loops": 1
                                                        },
                                                        {
                                                            "Worker Number": 2,
                                                            "Actual Startup Time": 14.502,
                                                            "Actual Total Time": 51.447,
                                                            "Actual Rows": 24711,
                                                            "Actual Loops": 1
                                                        },
                                                        {
                                                            "Worker Number": 3,
                                                            "Actual Startup Time": 14.97,
                                                            "Actual Total Time": 51.628,
                                                            "Actual Rows": 27012,
                                                            "Actual Loops": 1
                                                        }
                                                    ],
                                                    "Plans": [
                                                        {
                                                            "Node Type": "Bitmap Index Scan",
                                                            "Parent Relationship": "Outer",
                                                            "Parallel Aware": false,
                                                            "Index Name": "company_id_movie_companies",
                                                            "Startup Cost": 0.0,
                                                            "Total Cost": 3520.6,
                                                            "Plan Rows": 164289,
                                                            "Plan Width": 0,
                                                            "Actual Startup Time": 16.089,
                                                            "Actual Total Time": 16.089,
                                                            "Actual Rows": 167708,
                                                            "Actual Loops": 1,
                                                            "Index Cond": "(mc.company_id < 34)"
                                                        }
                                                    ]
                                                }
                                            ]
                                        }
                                    ]
                                }
                            ]
                        }
                    ]
                }
            ]
        },
        "Planning Time": 296.576,
        "Triggers": [],
        "Execution Time": 238.757
    }
]