{
  "Plan": {
    "Node Type": "Aggregate",
    "Strategy": "Plain",
    "Partial Mode": "Finalize",
    "Parallel Aware": false,
    "Startup Cost": 378514.92,
    "Total Cost": 378514.93,
    "Plan Rows": 1,
    "Plan Width": 8,
    "Actual Startup Time": 1879.846,
    "Actual Total Time": 1917.727,
    "Actual Rows": 1,
    "Actual Loops": 1,
    "Plans": [
      {
        "Node Type": "Gather",
        "Parent Relationship": "Outer",
        "Parallel Aware": false,
        "Startup Cost": 378514.81,
        "Total Cost": 378514.92,
        "Plan Rows": 1,
        "Plan Width": 8,
        "Actual Startup Time": 1878.238,
        "Actual Total Time": 1917.719,
        "Actual Rows": 2,
        "Actual Loops": 1,
        "Workers Planned": 1,
        "Workers Launched": 1,
        "Single Copy": false,
        "Plans": [
          {
            "Node Type": "Aggregate",
            "Strategy": "Plain",
            "Partial Mode": "Partial",
            "Parent Relationship": "Outer",
            "Parallel Aware": false,
            "Startup Cost": 377514.81,
            "Total Cost": 377514.82,
            "Plan Rows": 1,
            "Plan Width": 8,
            "Actual Startup Time": 1871.931,
            "Actual Total Time": 1871.936,
            "Actual Rows": 1,
            "Actual Loops": 2,
            "Plans": [
              {
                "Node Type": "Hash Join",
                "Parent Relationship": "Outer",
                "Parallel Aware": true,
                "Join Type": "Inner",
                "Startup Cost": 79244.19,
                "Total Cost": 376653.91,
                "Plan Rows": 344361,
                "Plan Width": 0,
                "Actual Startup Time": 374.506,
                "Actual Total Time": 1778.285,
                "Actual Rows": 2326452,
                "Actual Loops": 2,
                "Inner Unique": false,
                "Hash Cond": "(mi.movie_id = t.id)",
                "Plans": [
                  {
                    "Node Type": "Seq Scan",
                    "Parent Relationship": "Outer",
                    "Parallel Aware": true,
                    "Relation Name": "movie_info",
                    "Alias": "mi",
                    "Startup Cost": 0.0,
                    "Total Cost": 270696.42,
                    "Plan Rows": 6583369,
                    "Plan Width": 4,
                    "Actual Startup Time": 0.012,
                    "Actual Total Time": 700.515,
                    "Actual Rows": 5605372,
                    "Actual Loops": 2,
                    "Filter": "(info_type_id > 3)",
                    "Rows Removed by Filter": 1812488
                  },
                  {
                    "Node Type": "Hash",
                    "Parent Relationship": "Inner",
                    "Parallel Aware": true,
                    "Startup Cost": 78271.77,
                    "Total Cost": 78271.77,
                    "Plan Rows": 77794,
                    "Plan Width": 8,
                    "Actual Startup Time": 369.523,
                    "Actual Total Time": 369.527,
                    "Actual Rows": 154090,
                    "Actual Loops": 2,
                    "Hash Buckets": 524288,
                    "Original Hash Buckets": 262144,
                    "Hash Batches": 1,
                    "Original Hash Batches": 1,
                    "Peak Memory Usage": 18240,
                    "Plans": [
                      {
                        "Node Type": "Hash Join",
                        "Parent Relationship": "Outer",
                        "Parallel Aware": true,
                        "Join Type": "Inner",
                        "Startup Cost": 60087.98,
                        "Total Cost": 78271.77,
                        "Plan Rows": 77794,
                        "Plan Width": 8,
                        "Actual Startup Time": 199.103,
                        "Actual Total Time": 335.648,
                        "Actual Rows": 154090,
                        "Actual Loops": 2,
                        "Inner Unique": true,
                        "Hash Cond": "(mi_idx.movie_id = t.id)",
                        "Plans": [
                          {
                            "Node Type": "Seq Scan",
                            "Parent Relationship": "Outer",
                            "Parallel Aware": true,
                            "Relation Name": "movie_info_idx",
                            "Alias": "mi_idx",
                            "Startup Cost": 0.0,
                            "Total Cost": 16052.85,
                            "Plan Rows": 811785,
                            "Plan Width": 4,
                            "Actual Startup Time": 0.019,
                            "Actual Total Time": 50.963,
                            "Actual Rows": 690018,
                            "Actual Loops": 2
                          },
                          {
                            "Node Type": "Hash",
                            "Parent Relationship": "Inner",
                            "Parallel Aware": true,
                            "Startup Cost": 58306.47,
                            "Total Cost": 58306.47,
                            "Plan Rows": 142521,
                            "Plan Width": 4,
                            "Actual Startup Time": 196.603,
                            "Actual Total Time": 196.604,
                            "Actual Rows": 178748,
                            "Actual Loops": 2,
                            "Hash Buckets": 524288,
                            "Original Hash Buckets": 262144,
                            "Hash Batches": 1,
                            "Original Hash Batches": 1,
                            "Peak Memory Usage": 20160,
                            "Plans": [
                              {
                                "Node Type": "Seq Scan",
                                "Parent Relationship": "Outer",
                                "Parallel Aware": true,
                                "Relation Name": "title",
                                "Alias": "t",
                                "Startup Cost": 0.0,
                                "Total Cost": 58306.47,
                                "Plan Rows": 142521,
                                "Plan Width": 4,
                                "Actual Startup Time": 0.138,
                                "Actual Total Time": 152.81,
                                "Actual Rows": 178748,
                                "Actual Loops": 2,
                                "Filter": "((kind_id < 7) AND (production_year < 1987))",
                                "Rows Removed by Filter": 1085408
                              }
                            ]
                          }
                        ]
                      }
                    ]
                  }
                ]
              }
            ]
          }
        ]
      }
    ]
  },
  "Planning Time": 1.179,
  "Triggers": [],
  "Execution Time": 1917.822
}