[
  {
    "Plan": {
      "Node Type": "Aggregate",
      "Strategy": "Plain",
      "Partial Mode": "Simple",
      "Parallel Aware": false,
      "Startup Cost": 27268.06,
      "Total Cost": 27268.07,
      "Plan Rows": 1,
      "Plan Width": 8,
      "Actual Startup Time": 59.168,
      "Actual Total Time": 59.169,
      "Actual Rows": 1,
      "Actual Loops": 1,
      "Plans": [
        {
          "Node Type": "Bitmap Heap Scan",
          "Parent Relationship": "Outer",
          "Parallel Aware": false,
          "Relation Name": "movie_keyword",
          "Alias": "mk",
          "Startup Cost": 1649.91,
          "Total Cost": 27074.03,
          "Plan Rows": 77610,
          "Plan Width": 0,
          "Actual Startup Time": 18.461,
          "Actual Total Time": 54.863,
          "Actual Rows": 76670,
          "Actual Loops": 1,
          "Recheck Cond": "(keyword_id > 88796)",
          "Rows Removed by Index Recheck": 0,
          "Exact Heap Blocks": 15543,
          "Lossy Heap Blocks": 0,
          "Plans": [
            {
              "Node Type": "Bitmap Index Scan",
              "Parent Relationship": "Outer",
              "Parallel Aware": false,
              "Index Name": "keyword_id_movie_keyword",
              "Startup Cost": 0.0,
              "Total Cost": 1630.51,
              "Plan Rows": 77610,
              "Plan Width": 0,
              "Actual Startup Time": 14.439,
              "Actual Total Time": 14.439,
              "Actual Rows": 76670,
              "Actual Loops": 1,
              "Index Cond": "(keyword_id > 88796)"
            }
          ]
        }
      ]
    },
    "Planning Time": 0.121,
    "Triggers": [],
    "Execution Time": 59.213
  }
]