[
  {
    "Plan": {
      "Node Type": "Aggregate",
      "Strategy": "Plain",
      "Partial Mode": "Finalize",
      "Parallel Aware": false,
      "Startup Cost": 79228.14,
      "Total Cost": 79228.15,
      "Plan Rows": 1,
      "Plan Width": 8,
      "Actual Startup Time": 226.937,
      "Actual Total Time": 244.883,
      "Actual Rows": 1,
      "Actual Loops": 1,
      "Plans": [
        {
          "Node Type": "Gather",
          "Parent Relationship": "Outer",
          "Parallel Aware": false,
          "Startup Cost": 79227.72,
          "Total Cost": 79228.13,
          "Plan Rows": 4,
          "Plan Width": 8,
          "Actual Startup Time": 226.136,
          "Actual Total Time": 244.873,
          "Actual Rows": 5,
          "Actual Loops": 1,
          "Workers Planned": 4,
          "Workers Launched": 4,
          "Single Copy": false,
          "Plans": [
            {
              "Node Type": "Aggregate",
              "Strategy": "Plain",
              "Partial Mode": "Partial",
              "Parent Relationship": "Outer",
              "Parallel Aware": false,
              "Startup Cost": 78227.72,
              "Total Cost": 78227.73,
              "Plan Rows": 1,
              "Plan Width": 8,
              "Actual Startup Time": 216.368,
              "Actual Total Time": 216.371,
              "Actual Rows": 1,
              "Actual Loops": 5,
              "Plans": [
                {
                  "Node Type": "Hash Join",
                  "Parent Relationship": "Outer",
                  "Parallel Aware": true,
                  "Join Type": "Inner",
                  "Startup Cost": 32399.18,
                  "Total Cost": 78075.15,
                  "Plan Rows": 61030,
                  "Plan Width": 0,
                  "Actual Startup Time": 76.955,
                  "Actual Total Time": 214.933,
                  "Actual Rows": 24772,
                  "Actual Loops": 5,
                  "Inner Unique": false,
                  "Hash Cond": "(t.id = mc.movie_id)",
                  "Plans": [
                    {
                      "Node Type": "Seq Scan",
                      "Parent Relationship": "Outer",
                      "Parallel Aware": true,
                      "Relation Name": "title",
                      "Alias": "t",
                      "Startup Cost": 0.0,
                      "Total Cost": 42318.73,
                      "Plan Rows": 632073,
                      "Plan Width": 4,
                      "Actual Startup Time": 0.012,
                      "Actual Total Time": 67.139,
                      "Actual Rows": 505662,
                      "Actual Loops": 5
                    },
                    {
                      "Node Type": "Hash",
                      "Parent Relationship": "Inner",
                      "Parallel Aware": true,
                      "Startup Cost": 31414.82,
                      "Total Cost": 31414.82,
                      "Plan Rows": 78749,
                      "Plan Width": 4,
                      "Actual Startup Time": 74.769,
                      "Actual Total Time": 74.769,
                      "Actual Rows": 24772,
                      "Actual Loops": 5,
                      "Hash Buckets": 262144,
                      "Original Hash Buckets": 262144,
                      "Hash Batches": 1,
                      "Original Hash Batches": 1,
                      "Peak Memory Usage": 6976,
                      "Plans": [
                        {
                          "Node Type": "Seq Scan",
                          "Parent Relationship": "Outer",
                          "Parallel Aware": true,
                          "Relation Name": "movie_companies",
                          "Alias": "mc",
                          "Startup Cost": 0.0,
                          "Total Cost": 31414.82,
                          "Plan Rows": 78749,
                          "Plan Width": 4,
                          "Actual Startup Time": 42.299,
                          "Actual Total Time": 66.811,
                          "Actual Rows": 24772,
                          "Actual Loops": 5,
                          "Filter": "((company_id < 424) AND (company_type_id = 2))",
                          "Rows Removed by Filter": 497054
                        }
                      ]
                    }
                  ]
                }
              ]
            }
          ]
        }
      ]
    },
    "Planning Time": 0.708,
    "Triggers": [],
    "Execution Time": 244.965
  }
]