[
  {
    "Plan": {
      "Node Type": "Aggregate",
      "Strategy": "Plain",
      "Partial Mode": "Finalize",
      "Parallel Aware": false,
      "Startup Cost": 411525.2,
      "Total Cost": 411525.21,
      "Plan Rows": 1,
      "Plan Width": 8,
      "Actual Startup Time": 1562.299,
      "Actual Total Time": 1625.414,
      "Actual Rows": 1,
      "Actual Loops": 1,
      "Plans": [
        {
          "Node Type": "Gather",
          "Parent Relationship": "Outer",
          "Parallel Aware": false,
          "Startup Cost": 411524.58,
          "Total Cost": 411525.19,
          "Plan Rows": 6,
          "Plan Width": 8,
          "Actual Startup Time": 1553.704,
          "Actual Total Time": 1625.403,
          "Actual Rows": 7,
          "Actual Loops": 1,
          "Workers Planned": 6,
          "Workers Launched": 6,
          "Single Copy": false,
          "Plans": [
            {
              "Node Type": "Aggregate",
              "Strategy": "Plain",
              "Partial Mode": "Partial",
              "Parent Relationship": "Outer",
              "Parallel Aware": false,
              "Startup Cost": 410524.58,
              "Total Cost": 410524.59,
              "Plan Rows": 1,
              "Plan Width": 8,
              "Actual Startup Time": 1542.817,
              "Actual Total Time": 1542.825,
              "Actual Rows": 1,
              "Actual Loops": 7,
              "Plans": [
                {
                  "Node Type": "Hash Join",
                  "Parent Relationship": "Outer",
                  "Parallel Aware": true,
                  "Join Type": "Inner",
                  "Startup Cost": 68899.64,
                  "Total Cost": 409159.46,
                  "Plan Rows": 546046,
                  "Plan Width": 0,
                  "Actual Startup Time": 600.008,
                  "Actual Total Time": 1499.175,
                  "Actual Rows": 738224,
                  "Actual Loops": 7,
                  "Inner Unique": false,
                  "Hash Cond": "(ci.movie_id = t.id)",
                  "Plans": [
                    {
                      "Node Type": "Seq Scan",
                      "Parent Relationship": "Outer",
                      "Parallel Aware": true,
                      "Relation Name": "cast_info",
                      "Alias": "ci",
                      "Startup Cost": 0.0,
                      "Total Cost": 328211.39,
                      "Plan Rows": 2606198,
                      "Plan Width": 4,
                      "Actual Startup Time": 275.948,
                      "Actual Total Time": 700.684,
                      "Actual Rows": 2190914,
                      "Actual Loops": 7,
                      "Filter": "(person_id > 2107394)",
                      "Rows Removed by Filter": 2986849
                    },
                    {
                      "Node Type": "Hash",
                      "Parent Relationship": "Inner",
                      "Parallel Aware": true,
                      "Startup Cost": 66140.53,
                      "Total Cost": 66140.53,
                      "Plan Rows": 220729,
                      "Plan Width": 8,
                      "Actual Startup Time": 320.666,
                      "Actual Total Time": 320.672,
                      "Actual Rows": 54305,
                      "Actual Loops": 7,
                      "Hash Buckets": 1048576,
                      "Original Hash Buckets": 1048576,
                      "Hash Batches": 1,
                      "Original Hash Batches": 1,
                      "Peak Memory Usage": 23200,
                      "Plans": [
                        {
                          "Node Type": "Hash Join",
                          "Parent Relationship": "Outer",
                          "Parallel Aware": true,
                          "Join Type": "Inner",
                          "Startup Cost": 50006.54,
                          "Total Cost": 66140.53,
                          "Plan Rows": 220729,
                          "Plan Width": 8,
                          "Actual Startup Time": 218.271,
                          "Actual Total Time": 291.302,
                          "Actual Rows": 54305,
                          "Actual Loops": 7,
                          "Inner Unique": true,
                          "Hash Cond": "(mi_idx.movie_id = t.id)",
                          "Plans": [
                            {
                              "Node Type": "Seq Scan",
                              "Parent Relationship": "Outer",
                              "Parallel Aware": true,
                              "Relation Name": "movie_info_idx",
                              "Alias": "mi_idx",
                              "Startup Cost": 0.0,
                              "Total Cost": 15122.68,
                              "Plan Rows": 385260,
                              "Plan Width": 4,
                              "Actual Startup Time": 0.022,
                              "Actual Total Time": 29.739,
                              "Actual Rows": 131444,
                              "Actual Loops": 7,
                              "Filter": "(info_type_id > 99)",
                              "Rows Removed by Filter": 65704
                            },
                            {
                              "Node Type": "Hash",
                              "Parent Relationship": "Inner",
                              "Parallel Aware": true,
                              "Startup Cost": 45479.59,
                              "Total Cost": 45479.59,
                              "Plan Rows": 362156,
                              "Plan Width": 4,
                              "Actual Startup Time": 215.393,
                              "Actual Total Time": 215.395,
                              "Actual Rows": 204254,
                              "Actual Loops": 7,
                              "Hash Buckets": 2097152,
                              "Original Hash Buckets": 2097152,
                              "Hash Batches": 1,
                              "Original Hash Batches": 1,
                              "Peak Memory Usage": 72416,
                              "Plans": [
                                {
                                  "Node Type": "Seq Scan",
                                  "Parent Relationship": "Outer",
                                  "Parallel Aware": true,
                                  "Relation Name": "title",
                                  "Alias": "t",
                                  "Startup Cost": 0.0,
                                  "Total Cost": 45479.59,
                                  "Plan Rows": 362156,
                                  "Plan Width": 4,
                                  "Actual Startup Time": 0.057,
                                  "Actual Total Time": 95.036,
                                  "Actual Rows": 204254,
                                  "Actual Loops": 7,
                                  "Filter": "((kind_id > 2) AND (production_year < 2011))",
                                  "Rows Removed by Filter": 156933
                                }
                              ]
                            }
                          ]
                        }
                      ]
                    }
                  ]
                }
              ]
            }
          ]
        }
      ]
    },
    "Planning Time": 1.107,
    "Triggers": [],
    "Execution Time": 1625.504
  }
]