[
  {
    "Plan": {
      "Node Type": "Aggregate",
      "Strategy": "Plain",
      "Partial Mode": "Finalize",
      "Parallel Aware": false,
      "Startup Cost": 90090.36,
      "Total Cost": 90090.37,
      "Plan Rows": 1,
      "Plan Width": 8,
      "Actual Startup Time": 514.272,
      "Actual Total Time": 531.83,
      "Actual Rows": 1,
      "Actual Loops": 1,
      "Plans": [
        {
          "Node Type": "Gather",
          "Parent Relationship": "Outer",
          "Parallel Aware": false,
          "Startup Cost": 90090.04,
          "Total Cost": 90090.35,
          "Plan Rows": 3,
          "Plan Width": 8,
          "Actual Startup Time": 497.284,
          "Actual Total Time": 531.82,
          "Actual Rows": 4,
          "Actual Loops": 1,
          "Workers Planned": 3,
          "Workers Launched": 3,
          "Single Copy": false,
          "Plans": [
            {
              "Node Type": "Aggregate",
              "Strategy": "Plain",
              "Partial Mode": "Partial",
              "Parent Relationship": "Outer",
              "Parallel Aware": false,
              "Startup Cost": 89090.04,
              "Total Cost": 89090.05,
              "Plan Rows": 1,
              "Plan Width": 8,
              "Actual Startup Time": 479.191,
              "Actual Total Time": 479.196,
              "Actual Rows": 1,
              "Actual Loops": 4,
              "Plans": [
                {
                  "Node Type": "Hash Join",
                  "Parent Relationship": "Outer",
                  "Parallel Aware": true,
                  "Join Type": "Inner",
                  "Startup Cost": 61589.24,
                  "Total Cost": 88657.87,
                  "Plan Rows": 172868,
                  "Plan Width": 0,
                  "Actual Startup Time": 365.777,
                  "Actual Total Time": 472.848,
                  "Actual Rows": 136338,
                  "Actual Loops": 4,
                  "Inner Unique": true,
                  "Hash Cond": "(mk.movie_id = t.id)",
                  "Plans": [
                    {
                      "Node Type": "Bitmap Heap Scan",
                      "Parent Relationship": "Outer",
                      "Parallel Aware": true,
                      "Relation Name": "movie_keyword",
                      "Alias": "mk",
                      "Startup Cost": 11369.6,
                      "Total Cost": 37984.45,
                      "Plan Rows": 172868,
                      "Plan Width": 4,
                      "Actual Startup Time": 29.625,
                      "Actual Total Time": 84.592,
                      "Actual Rows": 136338,
                      "Actual Loops": 4,
                      "Recheck Cond": "(keyword_id < 393)",
                      "Rows Removed by Index Recheck": 0,
                      "Exact Heap Blocks": 7699,
                      "Lossy Heap Blocks": 0,
                      "Plans": [
                        {
                          "Node Type": "Bitmap Index Scan",
                          "Parent Relationship": "Outer",
                          "Parallel Aware": false,
                          "Index Name": "keyword_id_movie_keyword",
                          "Startup Cost": 0.0,
                          "Total Cost": 11235.62,
                          "Plan Rows": 535892,
                          "Plan Width": 0,
                          "Actual Startup Time": 26.079,
                          "Actual Total Time": 26.08,
                          "Actual Rows": 545354,
                          "Actual Loops": 1,
                          "Index Cond": "(keyword_id < 393)"
                        }
                      ]
                    },
                    {
                      "Node Type": "Hash",
                      "Parent Relationship": "Inner",
                      "Parallel Aware": true,
                      "Startup Cost": 42318.73,
                      "Total Cost": 42318.73,
                      "Plan Rows": 632073,
                      "Plan Width": 4,
                      "Actual Startup Time": 325.177,
                      "Actual Total Time": 325.178,
                      "Actual Rows": 632078,
                      "Actual Loops": 4,
                      "Hash Buckets": 4194304,
                      "Original Hash Buckets": 4194304,
                      "Hash Batches": 1,
                      "Original Hash Batches": 1,
                      "Peak Memory Usage": 131712,
                      "Plans": [
                        {
                          "Node Type": "Seq Scan",
                          "Parent Relationship": "Outer",
                          "Parallel Aware": true,
                          "Relation Name": "title",
                          "Alias": "t",
                          "Startup Cost": 0.0,
                          "Total Cost": 42318.73,
                          "Plan Rows": 632073,
                          "Plan Width": 4,
                          "Actual Startup Time": 0.034,
                          "Actual Total Time": 97.466,
                          "Actual Rows": 632078,
                          "Actual Loops": 4
                        }
                      ]
                    }
                  ]
                }
              ]
            }
          ]
        }
      ]
    },
    "Planning Time": 0.597,
    "Triggers": [],
    "Execution Time": 531.92
  }
]