[
  {
    "Plan": {
      "Node Type": "Aggregate",
      "Strategy": "Plain",
      "Partial Mode": "Finalize",
      "Parallel Aware": false,
      "Startup Cost": 33323.73,
      "Total Cost": 33323.74,
      "Plan Rows": 1,
      "Plan Width": 8,
      "Actual Startup Time": 109.029,
      "Actual Total Time": 117.482,
      "Actual Rows": 1,
      "Actual Loops": 1,
      "Plans": [
        {
          "Node Type": "Gather",
          "Parent Relationship": "Outer",
          "Parallel Aware": false,
          "Startup Cost": 33323.41,
          "Total Cost": 33323.72,
          "Plan Rows": 3,
          "Plan Width": 8,
          "Actual Startup Time": 108.928,
          "Actual Total Time": 117.474,
          "Actual Rows": 4,
          "Actual Loops": 1,
          "Workers Planned": 3,
          "Workers Launched": 3,
          "Single Copy": false,
          "Plans": [
            {
              "Node Type": "Aggregate",
              "Strategy": "Plain",
              "Partial Mode": "Partial",
              "Parent Relationship": "Outer",
              "Parallel Aware": false,
              "Startup Cost": 32323.41,
              "Total Cost": 32323.42,
              "Plan Rows": 1,
              "Plan Width": 8,
              "Actual Startup Time": 101.824,
              "Actual Total Time": 101.826,
              "Actual Rows": 1,
              "Actual Loops": 4,
              "Plans": [
                {
                  "Node Type": "Seq Scan",
                  "Parent Relationship": "Outer",
                  "Parallel Aware": true,
                  "Relation Name": "movie_companies",
                  "Alias": "mc",
                  "Startup Cost": 0.0,
                  "Total Cost": 31414.82,
                  "Plan Rows": 363436,
                  "Plan Width": 0,
                  "Actual Startup Time": 49.171,
                  "Actual Total Time": 88.463,
                  "Actual Rows": 310794,
                  "Actual Loops": 4,
                  "Filter": "((company_id > 226) AND (company_type_id = 2))",
                  "Rows Removed by Filter": 341489
                }
              ]
            }
          ]
        }
      ]
    },
    "Planning Time": 0.182,
    "Triggers": [],
    "Execution Time": 117.53
  }
]