[
    {
        "Bao": {
            "Bao prediction": 678.134,
            "Bao recommended hint": "(no hint)"
        }
    },
    {
        "Plan": {
            "Node Type": "Aggregate",
            "Strategy": "Plain",
            "Partial Mode": "Finalize",
            "Parallel Aware": false,
            "Startup Cost": 382979.9,
            "Total Cost": 382979.91,
            "Plan Rows": 1,
            "Plan Width": 8,
            "Actual Startup Time": 917.328,
            "Actual Total Time": 948.327,
            "Actual Rows": 1,
            "Actual Loops": 1,
            "Output": [
                "count(*)"
            ],
            "Plans": [
                {
                    "Node Type": "Gather",
                    "Parent Relationship": "Outer",
                    "Parallel Aware": false,
                    "Startup Cost": 382979.27,
                    "Total Cost": 382979.88,
                    "Plan Rows": 6,
                    "Plan Width": 8,
                    "Actual Startup Time": 888.392,
                    "Actual Total Time": 948.292,
                    "Actual Rows": 7,
                    "Actual Loops": 1,
                    "Output": [
                        "(PARTIAL count(*))"
                    ],
                    "Workers Planned": 6,
                    "Workers Launched": 6,
                    "Single Copy": false,
                    "Plans": [
                        {
                            "Node Type": "Aggregate",
                            "Strategy": "Plain",
                            "Partial Mode": "Partial",
                            "Parent Relationship": "Outer",
                            "Parallel Aware": false,
                            "Startup Cost": 381979.27,
                            "Total Cost": 381979.28,
                            "Plan Rows": 1,
                            "Plan Width": 8,
                            "Actual Startup Time": 871.234,
                            "Actual Total Time": 871.238,
                            "Actual Rows": 1,
                            "Actual Loops": 7,
                            "Output": [
                                "PARTIAL count(*)"
                            ],
                            "Workers": [
                                {
                                    "Worker Number": 0,
                                    "Actual Startup Time": 868.066,
                                    "Actual Total Time": 868.07,
                                    "Actual Rows": 1,
                                    "Actual Loops": 1
                                },
                                {
                                    "Worker Number": 1,
                                    "Actual Startup Time": 868.064,
                                    "Actual Total Time": 868.068,
                                    "Actual Rows": 1,
                                    "Actual Loops": 1
                                },
                                {
                                    "Worker Number": 2,
                                    "Actual Startup Time": 868.199,
                                    "Actual Total Time": 868.203,
                                    "Actual Rows": 1,
                                    "Actual Loops": 1
                                },
                                {
                                    "Worker Number": 3,
                                    "Actual Startup Time": 868.124,
                                    "Actual Total Time": 868.127,
                                    "Actual Rows": 1,
                                    "Actual Loops": 1
                                },
                                {
                                    "Worker Number": 4,
                                    "Actual Startup Time": 868.251,
                                    "Actual Total Time": 868.255,
                                    "Actual Rows": 1,
                                    "Actual Loops": 1
                                },
                                {
                                    "Worker Number": 5,
                                    "Actual Startup Time": 870.123,
                                    "Actual Total Time": 870.127,
                                    "Actual Rows": 1,
                                    "Actual Loops": 1
                                }
                            ],
                            "Plans": [
                                {
                                    "Node Type": "Hash Join",
                                    "Parent Relationship": "Outer",
                                    "Parallel Aware": true,
                                    "Join Type": "Inner",
                                    "Startup Cost": 119311.6,
                                    "Total Cost": 380935.89,
                                    "Plan Rows": 417354,
                                    "Plan Width": 0,
                                    "Actual Startup Time": 505.515,
                                    "Actual Total Time": 842.434,
                                    "Actual Rows": 408334,
                                    "Actual Loops": 7,
                                    "Inner Unique": true,
                                    "Hash Cond": "(ci.movie_id = t.id)",
                                    "Workers": [
                                        {
                                            "Worker Number": 0,
                                            "Actual Startup Time": 502.805,
                                            "Actual Total Time": 838.726,
                                            "Actual Rows": 409690,
                                            "Actual Loops": 1
                                        },
                                        {
                                            "Worker Number": 1,
                                            "Actual Startup Time": 502.483,
                                            "Actual Total Time": 838.868,
                                            "Actual Rows": 406814,
                                            "Actual Loops": 1
                                        },
                                        {
                                            "Worker Number": 2,
                                            "Actual Startup Time": 502.902,
                                            "Actual Total Time": 839.82,
                                            "Actual Rows": 397883,
                                            "Actual Loops": 1
                                        },
                                        {
                                            "Worker Number": 3,
                                            "Actual Startup Time": 502.674,
                                            "Actual Total Time": 838.702,
                                            "Actual Rows": 410486,
                                            "Actual Loops": 1
                                        },
                                        {
                                            "Worker Number": 4,
                                            "Actual Startup Time": 502.874,
                                            "Actual Total Time": 839.939,
                                            "Actual Rows": 396497,
                                            "Actual Loops": 1
                                        },
                                        {
                                            "Worker Number": 5,
                                            "Actual Startup Time": 502.565,
                                            "Actual Total Time": 841.316,
                                            "Actual Rows": 414677,
                                            "Actual Loops": 1
                                        }
                                    ],
                                    "Plans": [
                                        {
                                            "Node Type": "Bitmap Heap Scan",
                                            "Parent Relationship": "Outer",
                                            "Parallel Aware": true,
                                            "Relation Name": "cast_info",
                                            "Schema": "public",
                                            "Alias": "ci",
                                            "Startup Cost": 69091.79,
                                            "Total Cost": 329620.53,
                                            "Plan Rows": 417354,
                                            "Plan Width": 4,
                                            "Actual Startup Time": 223.115,
                                            "Actual Total Time": 349.804,
                                            "Actual Rows": 408334,
                                            "Actual Loops": 7,
                                            "Output": [
                                                "ci.id",
                                                "ci.person_id",
                                                "ci.movie_id",
                                                "ci.person_role_id",
                                                "ci.note",
                                                "ci.nr_order",
                                                "ci.role_id"
                                            ],
                                            "Recheck Cond": "(ci.person_id < 308340)",
                                            "Rows Removed by Index Recheck": 0,
                                            "Filter": "(ci.role_id < 8)",
                                            "Rows Removed by Filter": 46689,
                                            "Exact Heap Blocks": 5527,
                                            "Lossy Heap Blocks": 0,
                                            "Workers": [
                                                {
                                                    "Worker Number": 0,
                                                    "Actual Startup Time": 223.304,
                                                    "Actual Total Time": 352.256,
                                                    "Actual Rows": 409690,
                                                    "Actual Loops": 1
                                                },
                                                {
                                                    "Worker Number": 1,
                                                    "Actual Startup Time": 223.048,
                                                    "Actual Total Time": 351.421,
                                                    "Actual Rows": 406814,
                                                    "Actual Loops": 1
                                                },
                                                {
                                                    "Worker Number": 2,
                                                    "Actual Startup Time": 223.247,
                                                    "Actual Total Time": 350.957,
                                                    "Actual Rows": 397883,
                                                    "Actual Loops": 1
                                                },
                                                {
                                                    "Worker Number": 3,
                                                    "Actual Startup Time": 223.081,
                                                    "Actual Total Time": 352.018,
                                                    "Actual Rows": 410486,
                                                    "Actual Loops": 1
                                                },
                                                {
                                                    "Worker Number": 4,
                                                    "Actual Startup Time": 223.159,
                                                    "Actual Total Time": 350.392,
                                                    "Actual Rows": 396497,
                                                    "Actual Loops": 1
                                                },
                                                {
                                                    "Worker Number": 5,
                                                    "Actual Startup Time": 222.918,
                                                    "Actual Total Time": 350.629,
                                                    "Actual Rows": 414677,
                                                    "Actual Loops": 1
                                                }
                                            ],
                                            "Plans": [
                                                {
                                                    "Node Type": "Bitmap Index Scan",
                                                    "Parent Relationship": "Outer",
                                                    "Parallel Aware": false,
                                                    "Index Name": "person_id_cast_info",
                                                    "Startup Cost": 0.0,
                                                    "Total Cost": 68465.76,
                                                    "Plan Rows": 3136693,
                                                    "Plan Width": 0,
                                                    "Actual Startup Time": 214.291,
                                                    "Actual Total Time": 214.292,
                                                    "Actual Rows": 3185162,
                                                    "Actual Loops": 1,
                                                    "Index Cond": "(ci.person_id < 308340)",
                                                    "Workers": [
                                                        {
                                                            "Worker Number": 5,
                                                            "Actual Startup Time": 214.291,
                                                            "Actual Total Time": 214.292,
                                                            "Actual Rows": 3185162,
                                                            "Actual Loops": 1
                                                        }
                                                    ]
                                                }
                                            ]
                                        },
                                        {
                                            "Node Type": "Hash",
                                            "Parent Relationship": "Inner",
                                            "Parallel Aware": true,
                                            "Startup Cost": 42318.81,
                                            "Total Cost": 42318.81,
                                            "Plan Rows": 632080,
                                            "Plan Width": 4,
                                            "Actual Startup Time": 275.702,
                                            "Actual Total Time": 275.703,
                                            "Actual Rows": 361187,
                                            "Actual Loops": 7,
                                            "Output": [
                                                "t.id"
                                            ],
                                            "Hash Buckets": 4194304,
                                            "Original Hash Buckets": 4194304,
                                            "Hash Batches": 1,
                                            "Original Hash Batches": 1,
                                            "Peak Memory Usage": 131776,
                                            "Workers": [
                                                {
                                                    "Worker Number": 0,
                                                    "Actual Startup Time": 278.872,
                                                    "Actual Total Time": 278.873,
                                                    "Actual Rows": 343683,
                                                    "Actual Loops": 1
                                                },
                                                {
                                                    "Worker Number": 1,
                                                    "Actual Startup Time": 278.877,
                                                    "Actual Total Time": 278.878,
                                                    "Actual Rows": 341540,
                                                    "Actual Loops": 1
                                                },
                                                {
                                                    "Worker Number": 2,
                                                    "Actual Startup Time": 279.016,
                                                    "Actual Total Time": 279.017,
                                                    "Actual Rows": 346475,
                                                    "Actual Loops": 1
                                                },
                                                {
                                                    "Worker Number": 3,
                                                    "Actual Startup Time": 278.962,
                                                    "Actual Total Time": 278.963,
                                                    "Actual Rows": 344625,
                                                    "Actual Loops": 1
                                                },
                                                {
                                                    "Worker Number": 4,
                                                    "Actual Startup Time": 279.078,
                                                    "Actual Total Time": 279.079,
                                                    "Actual Rows": 349008,
                                                    "Actual Loops": 1
                                                },
                                                {
                                                    "Worker Number": 5,
                                                    "Actual Startup Time": 279.249,
                                                    "Actual Total Time": 279.25,
                                                    "Actual Rows": 349061,
                                                    "Actual Loops": 1
                                                }
                                            ],
                                            "Plans": [
                                                {
                                                    "Node Type": "Seq Scan",
                                                    "Parent Relationship": "Outer",
                                                    "Parallel Aware": true,
                                                    "Relation Name": "title",
                                                    "Schema": "public",
                                                    "Alias": "t",
                                                    "Startup Cost": 0.0,
                                                    "Total Cost": 42318.81,
                                                    "Plan Rows": 632080,
                                                    "Plan Width": 4,
                                                    "Actual Startup Time": 0.036,
                                                    "Actual Total Time": 83.457,
                                                    "Actual Rows": 361187,
                                                    "Actual Loops": 7,
                                                    "Output": [
                                                        "t.id"
                                                    ],
                                                    "Workers": [
                                                        {
                                                            "Worker Number": 0,
                                                            "Actual Startup Time": 0.032,
                                                            "Actual Total Time": 85.649,
                                                            "Actual Rows": 343683,
                                                            "Actual Loops": 1
                                                        },
                                                        {
                                                            "Worker Number": 1,
                                                            "Actual Startup Time": 0.033,
                                                            "Actual Total Time": 85.501,
                                                            "Actual Rows": 341540,
                                                            "Actual Loops": 1
                                                        },
                                                        {
                                                            "Worker Number": 2,
                                                            "Actual Startup Time": 0.05,
                                                            "Actual Total Time": 86.514,
                                                            "Actual Rows": 346475,
                                                            "Actual Loops": 1
                                                        },
                                                        {
                                                            "Worker Number": 3,
                                                            "Actual Startup Time": 0.042,
                                                            "Actual Total Time": 85.275,
                                                            "Actual Rows": 344625,
                                                            "Actual Loops": 1
                                                        },
                                                        {
                                                            "Worker Number": 4,
                                                            "Actual Startup Time": 0.039,
                                                            "Actual Total Time": 86.244,
                                                            "Actual Rows": 349008,
                                                            "Actual Loops": 1
                                                        },
                                                        {
                                                            "Worker Number": 5,
                                                            "Actual Startup Time": 0.042,
                                                            "Actual Total Time": 86.284,
                                                            "Actual Rows": 349061,
                                                            "Actual Loops": 1
                                                        }
                                                    ]
                                                }
                                            ]
                                        }
                                    ]
                                }
                            ]
                        }
                    ]
                }
            ]
        },
        "Planning Time": 425.754,
        "Triggers": [],
        "Execution Time": 948.422
    }
]