[
  {
    "Plan": {
      "Node Type": "Aggregate",
      "Strategy": "Plain",
      "Partial Mode": "Finalize",
      "Parallel Aware": false,
      "Startup Cost": 295154.48,
      "Total Cost": 295154.49,
      "Plan Rows": 1,
      "Plan Width": 8,
      "Actual Startup Time": 1171.517,
      "Actual Total Time": 1195.982,
      "Actual Rows": 1,
      "Actual Loops": 1,
      "Plans": [
        {
          "Node Type": "Gather",
          "Parent Relationship": "Outer",
          "Parallel Aware": false,
          "Startup Cost": 295154.17,
          "Total Cost": 295154.48,
          "Plan Rows": 3,
          "Plan Width": 8,
          "Actual Startup Time": 1160.054,
          "Actual Total Time": 1195.974,
          "Actual Rows": 4,
          "Actual Loops": 1,
          "Workers Planned": 3,
          "Workers Launched": 3,
          "Single Copy": false,
          "Plans": [
            {
              "Node Type": "Aggregate",
              "Strategy": "Plain",
              "Partial Mode": "Partial",
              "Parent Relationship": "Outer",
              "Parallel Aware": false,
              "Startup Cost": 294154.17,
              "Total Cost": 294154.18,
              "Plan Rows": 1,
              "Plan Width": 8,
              "Actual Startup Time": 1146.523,
              "Actual Total Time": 1146.529,
              "Actual Rows": 1,
              "Actual Loops": 4,
              "Plans": [
                {
                  "Node Type": "Hash Join",
                  "Parent Relationship": "Outer",
                  "Parallel Aware": true,
                  "Join Type": "Inner",
                  "Startup Cost": 244016.12,
                  "Total Cost": 292542.91,
                  "Plan Rows": 644502,
                  "Plan Width": 0,
                  "Actual Startup Time": 669.344,
                  "Actual Total Time": 1043.564,
                  "Actual Rows": 2688987,
                  "Actual Loops": 4,
                  "Inner Unique": false,
                  "Hash Cond": "(mk.movie_id = t.id)",
                  "Plans": [
                    {
                      "Node Type": "Seq Scan",
                      "Parent Relationship": "Outer",
                      "Parallel Aware": true,
                      "Relation Name": "movie_keyword",
                      "Alias": "mk",
                      "Startup Cost": 0.0,
                      "Total Cost": 42695.65,
                      "Plan Rows": 1211235,
                      "Plan Width": 4,
                      "Actual Startup Time": 0.029,
                      "Actual Total Time": 108.419,
                      "Actual Rows": 941032,
                      "Actual Loops": 4,
                      "Filter": "(keyword_id < 24672)",
                      "Rows Removed by Filter": 189951
                    },
                    {
                      "Node Type": "Hash",
                      "Parent Relationship": "Inner",
                      "Parallel Aware": true,
                      "Startup Cost": 240652.83,
                      "Total Cost": 240652.83,
                      "Plan Rows": 269063,
                      "Plan Width": 8,
                      "Actual Startup Time": 661.728,
                      "Actual Total Time": 661.732,
                      "Actual Rows": 350476,
                      "Actual Loops": 4,
                      "Hash Buckets": 2097152,
                      "Original Hash Buckets": 2097152,
                      "Hash Batches": 1,
                      "Original Hash Batches": 1,
                      "Peak Memory Usage": 71264,
                      "Plans": [
                        {
                          "Node Type": "Hash Join",
                          "Parent Relationship": "Outer",
                          "Parallel Aware": true,
                          "Join Type": "Inner",
                          "Startup Cost": 74590.26,
                          "Total Cost": 240652.83,
                          "Plan Rows": 269063,
                          "Plan Width": 8,
                          "Actual Startup Time": 411.703,
                          "Actual Total Time": 564.575,
                          "Actual Rows": 350476,
                          "Actual Loops": 4,
                          "Inner Unique": true,
                          "Hash Cond": "(mi.movie_id = t.id)",
                          "Plans": [
                            {
                              "Node Type": "Bitmap Heap Scan",
                              "Parent Relationship": "Outer",
                              "Parallel Aware": true,
                              "Relation Name": "movie_info",
                              "Alias": "mi",
                              "Startup Cost": 24370.61,
                              "Total Cost": 189726.89,
                              "Plan Rows": 269063,
                              "Plan Width": 4,
                              "Actual Startup Time": 70.893,
                              "Actual Total Time": 116.296,
                              "Actual Rows": 350476,
                              "Actual Loops": 4,
                              "Recheck Cond": "(info_type_id = 7)",
                              "Rows Removed by Index Recheck": 0,
                              "Exact Heap Blocks": 2564,
                              "Lossy Heap Blocks": 0,
                              "Plans": [
                                {
                                  "Node Type": "Bitmap Index Scan",
                                  "Parent Relationship": "Outer",
                                  "Parallel Aware": false,
                                  "Index Name": "info_type_id_movie_info",
                                  "Startup Cost": 0.0,
                                  "Total Cost": 24034.28,
                                  "Plan Rows": 1345313,
                                  "Plan Width": 0,
                                  "Actual Startup Time": 69.265,
                                  "Actual Total Time": 69.266,
                                  "Actual Rows": 1401902,
                                  "Actual Loops": 1,
                                  "Index Cond": "(info_type_id = 7)"
                                }
                              ]
                            },
                            {
                              "Node Type": "Hash",
                              "Parent Relationship": "Inner",
                              "Parallel Aware": true,
                              "Startup Cost": 42318.73,
                              "Total Cost": 42318.73,
                              "Plan Rows": 632073,
                              "Plan Width": 4,
                              "Actual Startup Time": 334.2,
                              "Actual Total Time": 334.201,
                              "Actual Rows": 632078,
                              "Actual Loops": 4,
                              "Hash Buckets": 4194304,
                              "Original Hash Buckets": 4194304,
                              "Hash Batches": 1,
                              "Original Hash Batches": 1,
                              "Peak Memory Usage": 131744,
                              "Plans": [
                                {
                                  "Node Type": "Seq Scan",
                                  "Parent Relationship": "Outer",
                                  "Parallel Aware": true,
                                  "Relation Name": "title",
                                  "Alias": "t",
                                  "Startup Cost": 0.0,
                                  "Total Cost": 42318.73,
                                  "Plan Rows": 632073,
                                  "Plan Width": 4,
                                  "Actual Startup Time": 0.044,
                                  "Actual Total Time": 95.697,
                                  "Actual Rows": 632078,
                                  "Actual Loops": 4
                                }
                              ]
                            }
                          ]
                        }
                      ]
                    }
                  ]
                }
              ]
            }
          ]
        }
      ]
    },
    "Planning Time": 1.36,
    "Triggers": [],
    "Execution Time": 1196.084
  }
]