[
  {
    "Plan": {
      "Node Type": "Aggregate",
      "Strategy": "Plain",
      "Partial Mode": "Simple",
      "Parallel Aware": false,
      "Startup Cost": 10182.67,
      "Total Cost": 10182.68,
      "Plan Rows": 1,
      "Plan Width": 96,
      "Actual Startup Time": 720.67,
      "Actual Total Time": 720.685,
      "Actual Rows": 1,
      "Actual Loops": 1,
      "Plans": [
        {
          "Node Type": "Nested Loop",
          "Parent Relationship": "Outer",
          "Parallel Aware": false,
          "Join Type": "Inner",
          "Startup Cost": 14.58,
          "Total Cost": 10182.66,
          "Plan Rows": 1,
          "Plan Width": 41,
          "Actual Startup Time": 73.43,
          "Actual Total Time": 720.543,
          "Actual Rows": 198,
          "Actual Loops": 1,
          "Inner Unique": true,
          "Plans": [
            {
              "Node Type": "Nested Loop",
              "Parent Relationship": "Outer",
              "Parallel Aware": false,
              "Join Type": "Inner",
              "Startup Cost": 14.44,
              "Total Cost": 10182.48,
              "Plan Rows": 1,
              "Plan Width": 45,
              "Actual Startup Time": 73.411,
              "Actual Total Time": 719.475,
              "Actual Rows": 589,
              "Actual Loops": 1,
              "Inner Unique": false,
              "Join Filter": "(t.id = mi_idx.movie_id)",
              "Rows Removed by Join Filter": 0,
              "Plans": [
                {
                  "Node Type": "Nested Loop",
                  "Parent Relationship": "Outer",
                  "Parallel Aware": false,
                  "Join Type": "Inner",
                  "Startup Cost": 14.01,
                  "Total Cost": 10181.94,
                  "Plan Rows": 1,
                  "Plan Width": 56,
                  "Actual Startup Time": 73.353,
                  "Actual Total Time": 716.425,
                  "Actual Rows": 204,
                  "Actual Loops": 1,
                  "Inner Unique": true,
                  "Plans": [
                    {
                      "Node Type": "Nested Loop",
                      "Parent Relationship": "Outer",
                      "Parallel Aware": false,
                      "Join Type": "Inner",
                      "Startup Cost": 13.87,
                      "Total Cost": 10181.76,
                      "Plan Rows": 1,
                      "Plan Width": 60,
                      "Actual Startup Time": 73.333,
                      "Actual Total Time": 715.432,
                      "Actual Rows": 426,
                      "Actual Loops": 1,
                      "Inner Unique": false,
                      "Join Filter": "(t.id = mi.movie_id)",
                      "Rows Removed by Join Filter": 0,
                      "Plans": [
                        {
                          "Node Type": "Nested Loop",
                          "Parent Relationship": "Outer",
                          "Parallel Aware": false,
                          "Join Type": "Inner",
                          "Startup Cost": 13.43,
                          "Total Cost": 10179.85,
                          "Plan Rows": 1,
                          "Plan Width": 52,
                          "Actual Startup Time": 72.988,
                          "Actual Total Time": 677.518,
                          "Actual Rows": 380,
                          "Actual Loops": 1,
                          "Inner Unique": true,
                          "Plans": [
                            {
                              "Node Type": "Nested Loop",
                              "Parent Relationship": "Outer",
                              "Parallel Aware": false,
                              "Join Type": "Inner",
                              "Startup Cost": 13.3,
                              "Total Cost": 10179.69,
                              "Plan Rows": 1,
                              "Plan Width": 56,
                              "Actual Startup Time": 72.968,
                              "Actual Total Time": 676.554,
                              "Actual Rows": 380,
                              "Actual Loops": 1,
                              "Inner Unique": true,
                              "Plans": [
                                {
                                  "Node Type": "Nested Loop",
                                  "Parent Relationship": "Outer",
                                  "Parallel Aware": false,
                                  "Join Type": "Inner",
                                  "Startup Cost": 12.88,
                                  "Total Cost": 10179.15,
                                  "Plan Rows": 1,
                                  "Plan Width": 41,
                                  "Actual Startup Time": 72.912,
                                  "Actual Total Time": 671.11,
                                  "Actual Rows": 686,
                                  "Actual Loops": 1,
                                  "Inner Unique": true,
                                  "Plans": [
                                    {
                                      "Node Type": "Nested Loop",
                                      "Parent Relationship": "Outer",
                                      "Parallel Aware": false,
                                      "Join Type": "Inner",
                                      "Startup Cost": 12.75,
                                      "Total Cost": 10178.99,
                                      "Plan Rows": 1,
                                      "Plan Width": 45,
                                      "Actual Startup Time": 66.825,
                                      "Actual Total Time": 668.038,
                                      "Actual Rows": 2272,
                                      "Actual Loops": 1,
                                      "Inner Unique": true,
                                      "Plans": [
                                        {
                                          "Node Type": "Nested Loop",
                                          "Parent Relationship": "Outer",
                                          "Parallel Aware": false,
                                          "Join Type": "Inner",
                                          "Startup Cost": 12.62,
                                          "Total Cost": 10178.82,
                                          "Plan Rows": 1,
                                          "Plan Width": 49,
                                          "Actual Startup Time": 66.792,
                                          "Actual Total Time": 660.402,
                                          "Actual Rows": 4775,
                                          "Actual Loops": 1,
                                          "Inner Unique": false,
                                          "Join Filter": "(t.id = cc.movie_id)",
                                          "Rows Removed by Join Filter": 0,
                                          "Plans": [
                                            {
                                              "Node Type": "Nested Loop",
                                              "Parent Relationship": "Outer",
                                              "Parallel Aware": false,
                                              "Join Type": "Inner",
                                              "Startup Cost": 12.2,
                                              "Total Cost": 10178.34,
                                              "Plan Rows": 1,
                                              "Plan Width": 37,
                                              "Actual Startup Time": 66.736,
                                              "Actual Total Time": 643.414,
                                              "Actual Rows": 2874,
                                              "Actual Loops": 1,
                                              "Inner Unique": false,
                                              "Join Filter": "(t.id = mc.movie_id)",
                                              "Rows Removed by Join Filter": 0,
                                              "Plans": [
                                                {
                                                  "Node Type": "Nested Loop",
                                                  "Parent Relationship": "Outer",
                                                  "Parallel Aware": false,
                                                  "Join Type": "Inner",
                                                  "Startup Cost": 11.77,
                                                  "Total Cost": 10176.01,
                                                  "Plan Rows": 4,
                                                  "Plan Width": 25,
                                                  "Actual Startup Time": 8.246,
                                                  "Actual Total Time": 538.929,
                                                  "Actual Rows": 5494,
                                                  "Actual Loops": 1,
                                                  "Inner Unique": true,
                                                  "Plans": [
                                                    {
                                                      "Node Type": "Nested Loop",
                                                      "Parent Relationship": "Outer",
                                                      "Parallel Aware": false,
                                                      "Join Type": "Inner",
                                                      "Startup Cost": 11.64,
                                                      "Total Cost": 10174.03,
                                                      "Plan Rows": 13,
                                                      "Plan Width": 29,
                                                      "Actual Startup Time": 8.225,
                                                      "Actual Total Time": 525.658,
                                                      "Actual Rows": 5519,
                                                      "Actual Loops": 1,
                                                      "Inner Unique": true,
                                                      "Plans": [
                                                        {
                                                          "Node Type": "Nested Loop",
                                                          "Parent Relationship": "Outer",
                                                          "Parallel Aware": false,
                                                          "Join Type": "Inner",
                                                          "Startup Cost": 11.21,
                                                          "Total Cost": 10107.91,
                                                          "Plan Rows": 135,
                                                          "Plan Width": 4,
                                                          "Actual Startup Time": 7.765,
                                                          "Actual Total Time": 267.245,
                                                          "Actual Rows": 37091,
                                                          "Actual Loops": 1,
                                                          "Inner Unique": false,
                                                          "Plans": [
                                                            {
                                                              "Node Type": "Index Scan",
                                                              "Parent Relationship": "Outer",
                                                              "Parallel Aware": false,
                                                              "Scan Direction": "Forward",
                                                              "Index Name": "keyword_pkey",
                                                              "Relation Name": "keyword",
                                                              "Alias": "k",
                                                              "Startup Cost": 0.42,
                                                              "Total Cost": 5678.17,
                                                              "Plan Rows": 4,
                                                              "Plan Width": 4,
                                                              "Actual Startup Time": 0.81,
                                                              "Actual Total Time": 84.851,
                                                              "Actual Rows": 3,
                                                              "Actual Loops": 1,
                                                              "Filter": "(keyword = ANY ('{murder,murder-in-title,blood,violence}'::text[]))",
                                                              "Rows Removed by Filter": 134167
                                                            },
                                                            {
                                                              "Node Type": "Bitmap Heap Scan",
                                                              "Parent Relationship": "Inner",
                                                              "Parallel Aware": false,
                                                              "Relation Name": "movie_keyword",
                                                              "Alias": "mk",
                                                              "Startup Cost": 10.79,
                                                              "Total Cost": 1104.4,
                                                              "Plan Rows": 304,
                                                              "Plan Width": 8,
                                                              "Actual Startup Time": 4.401,
                                                              "Actual Total Time": 57.603,
                                                              "Actual Rows": 12364,
                                                              "Actual Loops": 3,
                                                              "Recheck Cond": "(keyword_id = k.id)",
                                                              "Rows Removed by Index Recheck": 0,
                                                              "Exact Heap Blocks": 26312,
                                                              "Lossy Heap Blocks": 0,
                                                              "Plans": [
                                                                {
                                                                  "Node Type": "Bitmap Index Scan",
                                                                  "Parent Relationship": "Outer",
                                                                  "Parallel Aware": false,
                                                                  "Index Name": "keyword_id_movie_keyword",
                                                                  "Startup Cost": 0.0,
                                                                  "Total Cost": 10.71,
                                                                  "Plan Rows": 304,
                                                                  "Plan Width": 0,
                                                                  "Actual Startup Time": 2.852,
                                                                  "Actual Total Time": 2.852,
                                                                  "Actual Rows": 12364,
                                                                  "Actual Loops": 3,
                                                                  "Index Cond": "(keyword_id = k.id)"
                                                                }
                                                              ]
                                                            }
                                                          ]
                                                        },
                                                        {
                                                          "Node Type": "Index Scan",
                                                          "Parent Relationship": "Inner",
                                                          "Parallel Aware": false,
                                                          "Scan Direction": "Forward",
                                                          "Index Name": "title_pkey",
                                                          "Relation Name": "title",
                                                          "Alias": "t",
                                                          "Startup Cost": 0.43,
                                                          "Total Cost": 0.49,
                                                          "Plan Rows": 1,
                                                          "Plan Width": 25,
                                                          "Actual Startup Time": 0.006,
                                                          "Actual Total Time": 0.006,
                                                          "Actual Rows": 0,
                                                          "Actual Loops": 37091,
                                                          "Index Cond": "(id = mk.movie_id)",
                                                          "Rows Removed by Index Recheck": 0,
                                                          "Filter": "(production_year < 1960)",
                                                          "Rows Removed by Filter": 1
                                                        }
                                                      ]
                                                    },
                                                    {
                                                      "Node Type": "Index Scan",
                                                      "Parent Relationship": "Inner",
                                                      "Parallel Aware": false,
                                                      "Scan Direction": "Forward",
                                                      "Index Name": "kind_type_pkey",
                                                      "Relation Name": "kind_type",
                                                      "Alias": "kt",
                                                      "Startup Cost": 0.13,
                                                      "Total Cost": 0.15,
                                                      "Plan Rows": 1,
                                                      "Plan Width": 4,
                                                      "Actual Startup Time": 0.002,
                                                      "Actual Total Time": 0.002,
                                                      "Actual Rows": 1,
                                                      "Actual Loops": 5519,
                                                      "Index Cond": "(id = t.kind_id)",
                                                      "Rows Removed by Index Recheck": 0,
                                                      "Filter": "((kind)::text = ANY ('{movie,episode}'::text[]))",
                                                      "Rows Removed by Filter": 0
                                                    }
                                                  ]
                                                },
                                                {
                                                  "Node Type": "Index Scan",
                                                  "Parent Relationship": "Inner",
                                                  "Parallel Aware": false,
                                                  "Scan Direction": "Forward",
                                                  "Index Name": "movie_id_movie_companies",
                                                  "Relation Name": "movie_companies",
                                                  "Alias": "mc",
                                                  "Startup Cost": 0.43,
                                                  "Total Cost": 0.57,
                                                  "Plan Rows": 1,
                                                  "Plan Width": 12,
                                                  "Actual Startup Time": 0.017,
                                                  "Actual Total Time": 0.018,
                                                  "Actual Rows": 1,
                                                  "Actual Loops": 5494,
                                                  "Index Cond": "(movie_id = mk.movie_id)",
                                                  "Rows Removed by Index Recheck": 0,
                                                  "Filter": "((note !~~ '%(USA)%'::text) AND (note ~~ '%(200%)%'::text))",
                                                  "Rows Removed by Filter": 6
                                                }
                                              ]
                                            },
                                            {
                                              "Node Type": "Index Scan",
                                              "Parent Relationship": "Inner",
                                              "Parallel Aware": false,
                                              "Scan Direction": "Forward",
                                              "Index Name": "movie_id_complete_cast",
                                              "Relation Name": "complete_cast",
                                              "Alias": "cc",
                                              "Startup Cost": 0.42,
                                              "Total Cost": 0.46,
                                              "Plan Rows": 2,
                                              "Plan Width": 12,
                                              "Actual Startup Time": 0.004,
                                              "Actual Total Time": 0.005,
                                              "Actual Rows": 2,
                                              "Actual Loops": 2874,
                                              "Index Cond": "(movie_id = mk.movie_id)",
                                              "Rows Removed by Index Recheck": 0
                                            }
                                          ]
                                        },
                                        {
                                          "Node Type": "Index Scan",
                                          "Parent Relationship": "Inner",
                                          "Parallel Aware": false,
                                          "Scan Direction": "Forward",
                                          "Index Name": "comp_cast_type_pkey",
                                          "Relation Name": "comp_cast_type",
                                          "Alias": "cct1",
                                          "Startup Cost": 0.13,
                                          "Total Cost": 0.15,
                                          "Plan Rows": 1,
                                          "Plan Width": 4,
                                          "Actual Startup Time": 0.001,
                                          "Actual Total Time": 0.001,
                                          "Actual Rows": 0,
                                          "Actual Loops": 4775,
                                          "Index Cond": "(id = cc.subject_id)",
                                          "Rows Removed by Index Recheck": 0,
                                          "Filter": "((kind)::text = 'crew'::text)",
                                          "Rows Removed by Filter": 1
                                        }
                                      ]
                                    },
                                    {
                                      "Node Type": "Index Scan",
                                      "Parent Relationship": "Inner",
                                      "Parallel Aware": false,
                                      "Scan Direction": "Forward",
                                      "Index Name": "comp_cast_type_pkey",
                                      "Relation Name": "comp_cast_type",
                                      "Alias": "cct2",
                                      "Startup Cost": 0.13,
                                      "Total Cost": 0.15,
                                      "Plan Rows": 1,
                                      "Plan Width": 4,
                                      "Actual Startup Time": 0.001,
                                      "Actual Total Time": 0.001,
                                      "Actual Rows": 0,
                                      "Actual Loops": 2272,
                                      "Index Cond": "(id = cc.status_id)",
                                      "Rows Removed by Index Recheck": 0,
                                      "Filter": "((kind)::text <> 'complete+verified'::text)",
                                      "Rows Removed by Filter": 1
                                    }
                                  ]
                                },
                                {
                                  "Node Type": "Index Scan",
                                  "Parent Relationship": "Inner",
                                  "Parallel Aware": false,
                                  "Scan Direction": "Forward",
                                  "Index Name": "company_name_pkey",
                                  "Relation Name": "company_name",
                                  "Alias": "cn",
                                  "Startup Cost": 0.42,
                                  "Total Cost": 0.54,
                                  "Plan Rows": 1,
                                  "Plan Width": 23,
                                  "Actual Startup Time": 0.007,
                                  "Actual Total Time": 0.007,
                                  "Actual Rows": 1,
                                  "Actual Loops": 686,
                                  "Index Cond": "(id = mc.company_id)",
                                  "Rows Removed by Index Recheck": 0,
                                  "Filter": "((country_code)::text <> '[us]'::text)",
                                  "Rows Removed by Filter": 0
                                }
                              ]
                            },
                            {
                              "Node Type": "Index Scan",
                              "Parent Relationship": "Inner",
                              "Parallel Aware": false,
                              "Scan Direction": "Forward",
                              "Index Name": "company_type_pkey",
                              "Relation Name": "company_type",
                              "Alias": "ct",
                              "Startup Cost": 0.13,
                              "Total Cost": 0.15,
                              "Plan Rows": 1,
                              "Plan Width": 4,
                              "Actual Startup Time": 0.002,
                              "Actual Total Time": 0.002,
                              "Actual Rows": 1,
                              "Actual Loops": 380,
                              "Index Cond": "(id = mc.company_type_id)",
                              "Rows Removed by Index Recheck": 0
                            }
                          ]
                        },
                        {
                          "Node Type": "Index Scan",
                          "Parent Relationship": "Inner",
                          "Parallel Aware": false,
                          "Scan Direction": "Forward",
                          "Index Name": "movie_id_movie_info",
                          "Relation Name": "movie_info",
                          "Alias": "mi",
                          "Startup Cost": 0.43,
                          "Total Cost": 1.89,
                          "Plan Rows": 2,
                          "Plan Width": 8,
                          "Actual Startup Time": 0.079,
                          "Actual Total Time": 0.099,
                          "Actual Rows": 1,
                          "Actual Loops": 380,
                          "Index Cond": "(movie_id = mk.movie_id)",
                          "Rows Removed by Index Recheck": 0,
                          "Filter": "(info = ANY ('{Sweden,Norway,Germany,Denmark,Swedish,Danish,Norwegian,German,USA,American}'::text[]))",
                          "Rows Removed by Filter": 84
                        }
                      ]
                    },
                    {
                      "Node Type": "Index Scan",
                      "Parent Relationship": "Inner",
                      "Parallel Aware": false,
                      "Scan Direction": "Forward",
                      "Index Name": "info_type_pkey",
                      "Relation Name": "info_type",
                      "Alias": "it1",
                      "Startup Cost": 0.14,
                      "Total Cost": 0.16,
                      "Plan Rows": 1,
                      "Plan Width": 4,
                      "Actual Startup Time": 0.002,
                      "Actual Total Time": 0.002,
                      "Actual Rows": 0,
                      "Actual Loops": 426,
                      "Index Cond": "(id = mi.info_type_id)",
                      "Rows Removed by Index Recheck": 0,
                      "Filter": "((info)::text = 'countries'::text)",
                      "Rows Removed by Filter": 1
                    }
                  ]
                },
                {
                  "Node Type": "Index Scan",
                  "Parent Relationship": "Inner",
                  "Parallel Aware": false,
                  "Scan Direction": "Forward",
                  "Index Name": "movie_id_movie_info_idx",
                  "Relation Name": "movie_info_idx",
                  "Alias": "mi_idx",
                  "Startup Cost": 0.43,
                  "Total Cost": 0.5,
                  "Plan Rows": 3,
                  "Plan Width": 13,
                  "Actual Startup Time": 0.013,
                  "Actual Total Time": 0.014,
                  "Actual Rows": 3,
                  "Actual Loops": 204,
                  "Index Cond": "(movie_id = mk.movie_id)",
                  "Rows Removed by Index Recheck": 0,
                  "Filter": "(info < '8.5'::text)",
                  "Rows Removed by Filter": 0
                }
              ]
            },
            {
              "Node Type": "Index Scan",
              "Parent Relationship": "Inner",
              "Parallel Aware": false,
              "Scan Direction": "Forward",
              "Index Name": "info_type_pkey",
              "Relation Name": "info_type",
              "Alias": "it2",
              "Startup Cost": 0.14,
              "Total Cost": 0.16,
              "Plan Rows": 1,
              "Plan Width": 4,
              "Actual Startup Time": 0.001,
              "Actual Total Time": 0.001,
              "Actual Rows": 0,
              "Actual Loops": 589,
              "Index Cond": "(id = mi_idx.info_type_id)",
              "Rows Removed by Index Recheck": 0,
              "Filter": "((info)::text = 'rating'::text)",
              "Rows Removed by Filter": 1
            }
          ]
        }
      ]
    },
    "Planning Time": 253.85,
    "Triggers": [],
    "Execution Time": 721.278
  }
]