[
  {
    "Plan": {
      "Node Type": "Aggregate",
      "Strategy": "Plain",
      "Partial Mode": "Finalize",
      "Parallel Aware": false,
      "Startup Cost": 279932.52,
      "Total Cost": 279932.53,
      "Plan Rows": 1,
      "Plan Width": 8,
      "Actual Startup Time": 121.04,
      "Actual Total Time": 126.58,
      "Actual Rows": 1,
      "Actual Loops": 1,
      "Plans": [
        {
          "Node Type": "Gather",
          "Parent Relationship": "Outer",
          "Parallel Aware": false,
          "Startup Cost": 279931.89,
          "Total Cost": 279932.5,
          "Plan Rows": 6,
          "Plan Width": 8,
          "Actual Startup Time": 120.632,
          "Actual Total Time": 126.572,
          "Actual Rows": 7,
          "Actual Loops": 1,
          "Workers Planned": 6,
          "Workers Launched": 6,
          "Single Copy": false,
          "Plans": [
            {
              "Node Type": "Aggregate",
              "Strategy": "Plain",
              "Partial Mode": "Partial",
              "Parent Relationship": "Outer",
              "Parallel Aware": false,
              "Startup Cost": 278931.89,
              "Total Cost": 278931.9,
              "Plan Rows": 1,
              "Plan Width": 8,
              "Actual Startup Time": 113.408,
              "Actual Total Time": 113.409,
              "Actual Rows": 1,
              "Actual Loops": 7,
              "Plans": [
                {
                  "Node Type": "Bitmap Heap Scan",
                  "Parent Relationship": "Outer",
                  "Parallel Aware": true,
                  "Relation Name": "cast_info",
                  "Alias": "ci",
                  "Startup Cost": 23576.52,
                  "Total Cost": 278487.16,
                  "Plan Rows": 177892,
                  "Plan Width": 0,
                  "Actual Startup Time": 52.206,
                  "Actual Total Time": 104.175,
                  "Actual Rows": 147226,
                  "Actual Loops": 7,
                  "Recheck Cond": "(person_id > 3862243)",
                  "Rows Removed by Index Recheck": 0,
                  "Exact Heap Blocks": 4416,
                  "Lossy Heap Blocks": 0,
                  "Plans": [
                    {
                      "Node Type": "Bitmap Index Scan",
                      "Parent Relationship": "Outer",
                      "Parallel Aware": false,
                      "Index Name": "person_id_cast_info",
                      "Startup Cost": 0.0,
                      "Total Cost": 23309.68,
                      "Plan Rows": 1067349,
                      "Plan Width": 0,
                      "Actual Startup Time": 56.184,
                      "Actual Total Time": 56.185,
                      "Actual Rows": 1030581,
                      "Actual Loops": 1,
                      "Index Cond": "(person_id > 3862243)"
                    }
                  ]
                }
              ]
            }
          ]
        }
      ]
    },
    "Planning Time": 0.152,
    "Triggers": [],
    "Execution Time": 126.639
  }
]