[
  {
    "Plan": {
      "Node Type": "Aggregate",
      "Strategy": "Plain",
      "Partial Mode": "Finalize",
      "Parallel Aware": false,
      "Startup Cost": 45936.12,
      "Total Cost": 45936.13,
      "Plan Rows": 1,
      "Plan Width": 8,
      "Actual Startup Time": 158.965,
      "Actual Total Time": 168.523,
      "Actual Rows": 1,
      "Actual Loops": 1,
      "Plans": [
        {
          "Node Type": "Gather",
          "Parent Relationship": "Outer",
          "Parallel Aware": false,
          "Startup Cost": 45935.8,
          "Total Cost": 45936.11,
          "Plan Rows": 3,
          "Plan Width": 8,
          "Actual Startup Time": 158.833,
          "Actual Total Time": 168.515,
          "Actual Rows": 4,
          "Actual Loops": 1,
          "Workers Planned": 3,
          "Workers Launched": 3,
          "Single Copy": false,
          "Plans": [
            {
              "Node Type": "Aggregate",
              "Strategy": "Plain",
              "Partial Mode": "Partial",
              "Parent Relationship": "Outer",
              "Parallel Aware": false,
              "Startup Cost": 44935.8,
              "Total Cost": 44935.81,
              "Plan Rows": 1,
              "Plan Width": 8,
              "Actual Startup Time": 150.369,
              "Actual Total Time": 150.37,
              "Actual Rows": 1,
              "Actual Loops": 4,
              "Plans": [
                {
                  "Node Type": "Seq Scan",
                  "Parent Relationship": "Outer",
                  "Parallel Aware": true,
                  "Relation Name": "movie_keyword",
                  "Alias": "mk",
                  "Startup Cost": 0.0,
                  "Total Cost": 42695.65,
                  "Plan Rows": 896060,
                  "Plan Width": 0,
                  "Actual Startup Time": 0.437,
                  "Actual Total Time": 119.38,
                  "Actual Rows": 691565,
                  "Actual Loops": 4,
                  "Filter": "(keyword_id > 2860)",
                  "Rows Removed by Filter": 439418
                }
              ]
            }
          ]
        }
      ]
    },
    "Planning Time": 0.158,
    "Triggers": [],
    "Execution Time": 168.581
  }
]