[
    {
        "Bao": {
            "Bao prediction": "NaN",
            "Bao recommended hint": "(no hint)"
        }
    },
    {
        "Plan": {
            "Node Type": "Aggregate",
            "Strategy": "Plain",
            "Partial Mode": "Finalize",
            "Parallel Aware": false,
            "Startup Cost": 39184.74,
            "Total Cost": 39184.75,
            "Plan Rows": 1,
            "Plan Width": 8,
            "Actual Startup Time": 127.694,
            "Actual Total Time": 134.238,
            "Actual Rows": 1,
            "Actual Loops": 1,
            "Output": [
                "count(*)"
            ],
            "Plans": [
                {
                    "Node Type": "Gather",
                    "Parent Relationship": "Outer",
                    "Parallel Aware": false,
                    "Startup Cost": 39184.42,
                    "Total Cost": 39184.73,
                    "Plan Rows": 3,
                    "Plan Width": 8,
                    "Actual Startup Time": 127.4,
                    "Actual Total Time": 134.229,
                    "Actual Rows": 4,
                    "Actual Loops": 1,
                    "Output": [
                        "(PARTIAL count(*))"
                    ],
                    "Workers Planned": 3,
                    "Workers Launched": 3,
                    "Single Copy": false,
                    "Plans": [
                        {
                            "Node Type": "Aggregate",
                            "Strategy": "Plain",
                            "Partial Mode": "Partial",
                            "Parent Relationship": "Outer",
                            "Parallel Aware": false,
                            "Startup Cost": 38184.42,
                            "Total Cost": 38184.43,
                            "Plan Rows": 1,
                            "Plan Width": 8,
                            "Actual Startup Time": 118.773,
                            "Actual Total Time": 118.775,
                            "Actual Rows": 1,
                            "Actual Loops": 4,
                            "Output": [
                                "PARTIAL count(*)"
                            ],
                            "Workers": [
                                {
                                    "Worker Number": 0,
                                    "Actual Startup Time": 115.746,
                                    "Actual Total Time": 115.748,
                                    "Actual Rows": 1,
                                    "Actual Loops": 1
                                },
                                {
                                    "Worker Number": 1,
                                    "Actual Startup Time": 116.04,
                                    "Actual Total Time": 116.043,
                                    "Actual Rows": 1,
                                    "Actual Loops": 1
                                },
                                {
                                    "Worker Number": 2,
                                    "Actual Startup Time": 116.313,
                                    "Actual Total Time": 116.316,
                                    "Actual Rows": 1,
                                    "Actual Loops": 1
                                }
                            ],
                            "Plans": [
                                {
                                    "Node Type": "Bitmap Heap Scan",
                                    "Parent Relationship": "Outer",
                                    "Parallel Aware": true,
                                    "Relation Name": "movie_keyword",
                                    "Schema": "public",
                                    "Alias": "mk",
                                    "Startup Cost": 11180.52,
                                    "Total Cost": 37759.44,
                                    "Plan Rows": 169993,
                                    "Plan Width": 0,
                                    "Actual Startup Time": 37.192,
                                    "Actual Total Time": 110.937,
                                    "Actual Rows": 129104,
                                    "Actual Loops": 4,
                                    "Recheck Cond": "(mk.keyword_id > 35061)",
                                    "Rows Removed by Index Recheck": 0,
                                    "Exact Heap Blocks": 11024,
                                    "Lossy Heap Blocks": 0,
                                    "Workers": [
                                        {
                                            "Worker Number": 0,
                                            "Actual Startup Time": 34.336,
                                            "Actual Total Time": 108.456,
                                            "Actual Rows": 115501,
                                            "Actual Loops": 1
                                        },
                                        {
                                            "Worker Number": 1,
                                            "Actual Startup Time": 34.601,
                                            "Actual Total Time": 108.591,
                                            "Actual Rows": 83518,
                                            "Actual Loops": 1
                                        },
                                        {
                                            "Worker Number": 2,
                                            "Actual Startup Time": 34.735,
                                            "Actual Total Time": 109.675,
                                            "Actual Rows": 72266,
                                            "Actual Loops": 1
                                        }
                                    ],
                                    "Plans": [
                                        {
                                            "Node Type": "Bitmap Index Scan",
                                            "Parent Relationship": "Outer",
                                            "Parallel Aware": false,
                                            "Index Name": "keyword_id_movie_keyword",
                                            "Startup Cost": 0.0,
                                            "Total Cost": 11048.77,
                                            "Plan Rows": 526979,
                                            "Plan Width": 0,
                                            "Actual Startup Time": 41.788,
                                            "Actual Total Time": 41.789,
                                            "Actual Rows": 516416,
                                            "Actual Loops": 1,
                                            "Index Cond": "(mk.keyword_id > 35061)"
                                        }
                                    ]
                                }
                            ]
                        }
                    ]
                }
            ]
        },
        "Planning Time": 223.987,
        "Triggers": [],
        "Execution Time": 134.313
    }
]