[
  {
    "Plan": {
      "Node Type": "Aggregate",
      "Strategy": "Plain",
      "Partial Mode": "Finalize",
      "Parallel Aware": false,
      "Startup Cost": 348451.02,
      "Total Cost": 348451.03,
      "Plan Rows": 1,
      "Plan Width": 8,
      "Actual Startup Time": 637.815,
      "Actual Total Time": 710.775,
      "Actual Rows": 1,
      "Actual Loops": 1,
      "Plans": [
        {
          "Node Type": "Gather",
          "Parent Relationship": "Outer",
          "Parallel Aware": false,
          "Startup Cost": 348450.39,
          "Total Cost": 348451.0,
          "Plan Rows": 6,
          "Plan Width": 8,
          "Actual Startup Time": 637.7,
          "Actual Total Time": 710.764,
          "Actual Rows": 7,
          "Actual Loops": 1,
          "Workers Planned": 6,
          "Workers Launched": 6,
          "Single Copy": false,
          "Plans": [
            {
              "Node Type": "Aggregate",
              "Strategy": "Plain",
              "Partial Mode": "Partial",
              "Parent Relationship": "Outer",
              "Parallel Aware": false,
              "Startup Cost": 347450.39,
              "Total Cost": 347450.4,
              "Plan Rows": 1,
              "Plan Width": 8,
              "Actual Startup Time": 627.528,
              "Actual Total Time": 627.529,
              "Actual Rows": 1,
              "Actual Loops": 7,
              "Plans": [
                {
                  "Node Type": "Seq Scan",
                  "Parent Relationship": "Outer",
                  "Parallel Aware": true,
                  "Relation Name": "cast_info",
                  "Alias": "ci",
                  "Startup Cost": 0.0,
                  "Total Cost": 343257.03,
                  "Plan Rows": 1677346,
                  "Plan Width": 0,
                  "Actual Startup Time": 331.311,
                  "Actual Total Time": 596.017,
                  "Actual Rows": 785804,
                  "Actual Loops": 7,
                  "Filter": "((person_id < 2271796) AND (role_id > 2))",
                  "Rows Removed by Filter": 4391960
                }
              ]
            }
          ]
        }
      ]
    },
    "Planning Time": 0.196,
    "Triggers": [],
    "Execution Time": 710.849
  }
]