{
  "Plan": {
    "Node Type": "Aggregate",
    "Strategy": "Plain",
    "Partial Mode": "Finalize",
    "Parallel Aware": false,
    "Startup Cost": 657456.39,
    "Total Cost": 657456.4,
    "Plan Rows": 1,
    "Plan Width": 8,
    "Actual Startup Time": 3755.289,
    "Actual Total Time": 3810.129,
    "Actual Rows": 1,
    "Actual Loops": 1,
    "Plans": [
      {
        "Node Type": "Gather",
        "Parent Relationship": "Outer",
        "Parallel Aware": false,
        "Startup Cost": 657456.28,
        "Total Cost": 657456.39,
        "Plan Rows": 1,
        "Plan Width": 8,
        "Actual Startup Time": 3752.386,
        "Actual Total Time": 3810.119,
        "Actual Rows": 2,
        "Actual Loops": 1,
        "Workers Planned": 1,
        "Workers Launched": 1,
        "Single Copy": false,
        "Plans": [
          {
            "Node Type": "Aggregate",
            "Strategy": "Plain",
            "Partial Mode": "Partial",
            "Parent Relationship": "Outer",
            "Parallel Aware": false,
            "Startup Cost": 656456.28,
            "Total Cost": 656456.29,
            "Plan Rows": 1,
            "Plan Width": 8,
            "Actual Startup Time": 3742.915,
            "Actual Total Time": 3742.921,
            "Actual Rows": 1,
            "Actual Loops": 2,
            "Plans": [
              {
                "Node Type": "Hash Join",
                "Parent Relationship": "Outer",
                "Parallel Aware": true,
                "Join Type": "Inner",
                "Startup Cost": 99445.05,
                "Total Cost": 653085.03,
                "Plan Rows": 1348498,
                "Plan Width": 0,
                "Actual Startup Time": 512.29,
                "Actual Total Time": 3730.04,
                "Actual Rows": 238068,
                "Actual Loops": 2,
                "Inner Unique": false,
                "Hash Cond": "(ci.movie_id = t.id)",
                "Plans": [
                  {
                    "Node Type": "Seq Scan",
                    "Parent Relationship": "Outer",
                    "Parallel Aware": true,
                    "Relation Name": "cast_info",
                    "Alias": "ci",
                    "Startup Cost": 0.0,
                    "Total Cost": 465792.95,
                    "Plan Rows": 21310595,
                    "Plan Width": 4,
                    "Actual Startup Time": 0.019,
                    "Actual Total Time": 1498.912,
                    "Actual Rows": 18122172,
                    "Actual Loops": 2
                  },
                  {
                    "Node Type": "Hash",
                    "Parent Relationship": "Inner",
                    "Parallel Aware": true,
                    "Startup Cost": 98268.69,
                    "Total Cost": 98268.69,
                    "Plan Rows": 94109,
                    "Plan Width": 8,
                    "Actual Startup Time": 508.665,
                    "Actual Total Time": 508.669,
                    "Actual Rows": 6774,
                    "Actual Loops": 2,
                    "Hash Buckets": 262144,
                    "Original Hash Buckets": 262144,
                    "Hash Batches": 1,
                    "Original Hash Batches": 1,
                    "Peak Memory Usage": 2624,
                    "Plans": [
                      {
                        "Node Type": "Hash Join",
                        "Parent Relationship": "Outer",
                        "Parallel Aware": true,
                        "Join Type": "Inner",
                        "Startup Cost": 71473.04,
                        "Total Cost": 98268.69,
                        "Plan Rows": 94109,
                        "Plan Width": 8,
                        "Actual Startup Time": 424.654,
                        "Actual Total Time": 506.385,
                        "Actual Rows": 6774,
                        "Actual Loops": 2,
                        "Inner Unique": true,
                        "Hash Cond": "(mk.movie_id = t.id)",
                        "Plans": [
                          {
                            "Node Type": "Bitmap Heap Scan",
                            "Parent Relationship": "Outer",
                            "Parallel Aware": true,
                            "Relation Name": "movie_keyword",
                            "Alias": "mk",
                            "Startup Cost": 5584.18,
                            "Total Cost": 31973.42,
                            "Plan Rows": 154819,
                            "Plan Width": 4,
                            "Actual Startup Time": 15.921,
                            "Actual Total Time": 65.121,
                            "Actual Rows": 127030,
                            "Actual Loops": 2,
                            "Recheck Cond": "(keyword_id > 59979)",
                            "Rows Removed by Index Recheck": 0,
                            "Exact Heap Blocks": 14469,
                            "Lossy Heap Blocks": 0,
                            "Plans": [
                              {
                                "Node Type": "Bitmap Index Scan",
                                "Parent Relationship": "Outer",
                                "Parallel Aware": false,
                                "Index Name": "keyword_id_movie_keyword",
                                "Startup Cost": 0.0,
                                "Total Cost": 5518.38,
                                "Plan Rows": 263193,
                                "Plan Width": 0,
                                "Actual Startup Time": 12.854,
                                "Actual Total Time": 12.855,
                                "Actual Rows": 254059,
                                "Actual Loops": 1,
                                "Index Cond": "(keyword_id > 59979)"
                              }
                            ]
                          },
                          {
                            "Node Type": "Hash",
                            "Parent Relationship": "Inner",
                            "Parallel Aware": true,
                            "Startup Cost": 54588.39,
                            "Total Cost": 54588.39,
                            "Plan Rows": 904038,
                            "Plan Width": 4,
                            "Actual Startup Time": 397.458,
                            "Actual Total Time": 397.459,
                            "Actual Rows": 771632,
                            "Actual Loops": 2,
                            "Hash Buckets": 2097152,
                            "Original Hash Buckets": 2097152,
                            "Hash Batches": 1,
                            "Original Hash Batches": 1,
                            "Peak Memory Usage": 76800,
                            "Plans": [
                              {
                                "Node Type": "Seq Scan",
                                "Parent Relationship": "Outer",
                                "Parallel Aware": true,
                                "Relation Name": "title",
                                "Alias": "t",
                                "Startup Cost": 0.0,
                                "Total Cost": 54588.39,
                                "Plan Rows": 904038,
                                "Plan Width": 4,
                                "Actual Startup Time": 0.027,
                                "Actual Total Time": 179.024,
                                "Actual Rows": 771632,
                                "Actual Loops": 2,
                                "Filter": "(kind_id = 7)",
                                "Rows Removed by Filter": 492524
                              }
                            ]
                          }
                        ]
                      }
                    ]
                  }
                ]
              }
            ]
          }
        ]
      }
    ]
  },
  "Planning Time": 1.024,
  "Triggers": [],
  "Execution Time": 3810.244
}