{
  "Plan": {
    "Node Type": "Aggregate",
    "Strategy": "Plain",
    "Partial Mode": "Simple",
    "Parallel Aware": false,
    "Startup Cost": 571112.75,
    "Total Cost": 571112.76,
    "Plan Rows": 1,
    "Plan Width": 192,
    "Actual Startup Time": 1778.241,
    "Actual Total Time": 1778.276,
    "Actual Rows": 1,
    "Actual Loops": 1,
    "Plans": [
      {
        "Node Type": "Merge Join",
        "Parent Relationship": "Outer",
        "Parallel Aware": false,
        "Join Type": "Inner",
        "Startup Cost": 558651.56,
        "Total Cost": 571112.73,
        "Plan Rows": 1,
        "Plan Width": 84,
        "Actual Startup Time": 1743.098,
        "Actual Total Time": 1778.239,
        "Actual Rows": 114,
        "Actual Loops": 1,
        "Inner Unique": false,
        "Merge Cond": "(cn2.id = mc2.company_id)",
        "Plans": [
          {
            "Node Type": "Index Scan",
            "Parent Relationship": "Outer",
            "Parallel Aware": false,
            "Scan Direction": "Forward",
            "Index Name": "company_name_pkey",
            "Relation Name": "company_name",
            "Alias": "cn2",
            "Startup Cost": 0.42,
            "Total Cost": 11881.93,
            "Plan Rows": 234997,
            "Plan Width": 23,
            "Actual Startup Time": 0.013,
            "Actual Total Time": 30.265,
            "Actual Rows": 79743,
            "Actual Loops": 1
          },
          {
            "Node Type": "Sort",
            "Parent Relationship": "Inner",
            "Parallel Aware": false,
            "Startup Cost": 558651.14,
            "Total Cost": 558651.15,
            "Plan Rows": 1,
            "Plan Width": 69,
            "Actual Startup Time": 1743.061,
            "Actual Total Time": 1743.094,
            "Actual Rows": 114,
            "Actual Loops": 1,
            "Sort Key": [
              "mc2.company_id"
            ],
            "Sort Method": "quicksort",
            "Sort Space Used": 41,
            "Sort Space Type": "Memory",
            "Plans": [
              {
                "Node Type": "Merge Join",
                "Parent Relationship": "Outer",
                "Parallel Aware": false,
                "Join Type": "Inner",
                "Startup Cost": 411723.96,
                "Total Cost": 558651.13,
                "Plan Rows": 1,
                "Plan Width": 69,
                "Actual Startup Time": 1593.584,
                "Actual Total Time": 1743.032,
                "Actual Rows": 114,
                "Actual Loops": 1,
                "Inner Unique": false,
                "Merge Cond": "(mc2.movie_id = t2.id)",
                "Plans": [
                  {
                    "Node Type": "Index Scan",
                    "Parent Relationship": "Outer",
                    "Parallel Aware": false,
                    "Scan Direction": "Forward",
                    "Index Name": "movie_id_movie_companies",
                    "Relation Name": "movie_companies",
                    "Alias": "mc2",
                    "Startup Cost": 0.43,
                    "Total Cost": 140404.76,
                    "Plan Rows": 2609129,
                    "Plan Width": 8,
                    "Actual Startup Time": 0.011,
                    "Actual Total Time": 115.318,
                    "Actual Rows": 622160,
                    "Actual Loops": 1
                  },
                  {
                    "Node Type": "Sort",
                    "Parent Relationship": "Inner",
                    "Parallel Aware": false,
                    "Startup Cost": 411723.53,
                    "Total Cost": 411723.53,
                    "Plan Rows": 1,
                    "Plan Width": 77,
                    "Actual Startup Time": 1590.396,
                    "Actual Total Time": 1590.428,
                    "Actual Rows": 114,
                    "Actual Loops": 1,
                    "Sort Key": [
                      "ml.linked_movie_id"
                    ],
                    "Sort Method": "quicksort",
                    "Sort Space Used": 31,
                    "Sort Space Type": "Memory",
                    "Plans": [
                      {
                        "Node Type": "Merge Join",
                        "Parent Relationship": "Outer",
                        "Parallel Aware": false,
                        "Join Type": "Inner",
                        "Startup Cost": 398948.86,
                        "Total Cost": 411723.52,
                        "Plan Rows": 1,
                        "Plan Width": 77,
                        "Actual Startup Time": 1556.234,
                        "Actual Total Time": 1590.393,
                        "Actual Rows": 46,
                        "Actual Loops": 1,
                        "Inner Unique": false,
                        "Merge Cond": "(cn1.id = mc1.company_id)",
                        "Plans": [
                          {
                            "Node Type": "Index Scan",
                            "Parent Relationship": "Outer",
                            "Parallel Aware": false,
                            "Scan Direction": "Forward",
                            "Index Name": "company_name_pkey",
                            "Relation Name": "company_name",
                            "Alias": "cn1",
                            "Startup Cost": 0.42,
                            "Total Cost": 12469.43,
                            "Plan Rows": 125473,
                            "Plan Width": 23,
                            "Actual Startup Time": 0.024,
                            "Actual Total Time": 32.251,
                            "Actual Rows": 40589,
                            "Actual Loops": 1,
                            "Filter": "((country_code)::text <> '[us]'::text)",
                            "Rows Removed by Filter": 33305
                          },
                          {
                            "Node Type": "Sort",
                            "Parent Relationship": "Inner",
                            "Parallel Aware": false,
                            "Startup Cost": 398948.44,
                            "Total Cost": 398948.44,
                            "Plan Rows": 1,
                            "Plan Width": 62,
                            "Actual Startup Time": 1556.166,
                            "Actual Total Time": 1556.19,
                            "Actual Rows": 51,
                            "Actual Loops": 1,
                            "Sort Key": [
                              "mc1.company_id"
                            ],
                            "Sort Method": "quicksort",
                            "Sort Space Used": 32,
                            "Sort Space Type": "Memory",
                            "Plans": [
                              {
                                "Node Type": "Merge Join",
                                "Parent Relationship": "Outer",
                                "Parallel Aware": false,
                                "Join Type": "Inner",
                                "Startup Cost": 252021.25,
                                "Total Cost": 398948.43,
                                "Plan Rows": 1,
                                "Plan Width": 62,
                                "Actual Startup Time": 1540.456,
                                "Actual Total Time": 1556.163,
                                "Actual Rows": 51,
                                "Actual Loops": 1,
                                "Inner Unique": false,
                                "Merge Cond": "(mc1.movie_id = t1.id)",
                                "Plans": [
                                  {
                                    "Node Type": "Index Scan",
                                    "Parent Relationship": "Outer",
                                    "Parallel Aware": false,
                                    "Scan Direction": "Forward",
                                    "Index Name": "movie_id_movie_companies",
                                    "Relation Name": "movie_companies",
                                    "Alias": "mc1",
                                    "Startup Cost": 0.43,
                                    "Total Cost": 140404.76,
                                    "Plan Rows": 2609129,
                                    "Plan Width": 8,
                                    "Actual Startup Time": 0.013,
                                    "Actual Total Time": 14.548,
                                    "Actual Rows": 76266,
                                    "Actual Loops": 1
                                  },
                                  {
                                    "Node Type": "Sort",
                                    "Parent Relationship": "Inner",
                                    "Parallel Aware": false,
                                    "Startup Cost": 252020.82,
                                    "Total Cost": 252020.83,
                                    "Plan Rows": 1,
                                    "Plan Width": 70,
                                    "Actual Startup Time": 1537.026,
                                    "Actual Total Time": 1537.048,
                                    "Actual Rows": 51,
                                    "Actual Loops": 1,
                                    "Sort Key": [
                                      "ml.movie_id"
                                    ],
                                    "Sort Method": "quicksort",
                                    "Sort Space Used": 27,
                                    "Sort Space Type": "Memory",
                                    "Plans": [
                                      {
                                        "Node Type": "Merge Join",
                                        "Parent Relationship": "Outer",
                                        "Parallel Aware": false,
                                        "Join Type": "Inner",
                                        "Startup Cost": 252020.8,
                                        "Total Cost": 252020.81,
                                        "Plan Rows": 1,
                                        "Plan Width": 70,
                                        "Actual Startup Time": 1537.014,
                                        "Actual Total Time": 1537.035,
                                        "Actual Rows": 19,
                                        "Actual Loops": 1,
                                        "Inner Unique": true,
                                        "Merge Cond": "(mi_idx1.info_type_id = it1.id)",
                                        "Plans": [
                                          {
                                            "Node Type": "Sort",
                                            "Parent Relationship": "Outer",
                                            "Parallel Aware": false,
                                            "Startup Cost": 252018.37,
                                            "Total Cost": 252018.37,
                                            "Plan Rows": 1,
                                            "Plan Width": 74,
                                            "Actual Startup Time": 1536.986,
                                            "Actual Total Time": 1537.004,
                                            "Actual Rows": 57,
                                            "Actual Loops": 1,
                                            "Sort Key": [
                                              "mi_idx1.info_type_id"
                                            ],
                                            "Sort Method": "quicksort",
                                            "Sort Space Used": 33,
                                            "Sort Space Type": "Memory",
                                            "Plans": [
                                              {
                                                "Node Type": "Merge Join",
                                                "Parent Relationship": "Outer",
                                                "Parallel Aware": false,
                                                "Join Type": "Inner",
                                                "Startup Cost": 194945.94,
                                                "Total Cost": 252018.36,
                                                "Plan Rows": 1,
                                                "Plan Width": 74,
                                                "Actual Startup Time": 1529.826,
                                                "Actual Total Time": 1536.978,
                                                "Actual Rows": 57,
                                                "Actual Loops": 1,
                                                "Inner Unique": false,
                                                "Merge Cond": "(mi_idx1.movie_id = t1.id)",
                                                "Plans": [
                                                  {
                                                    "Node Type": "Index Scan",
                                                    "Parent Relationship": "Outer",
                                                    "Parallel Aware": false,
                                                    "Scan Direction": "Forward",
                                                    "Index Name": "movie_id_movie_info_idx",
                                                    "Relation Name": "movie_info_idx",
                                                    "Alias": "mi_idx1",
                                                    "Startup Cost": 0.43,
                                                    "Total Cost": 53622.74,
                                                    "Plan Rows": 1380035,
                                                    "Plan Width": 14,
                                                    "Actual Startup Time": 0.014,
                                                    "Actual Total Time": 5.546,
                                                    "Actual Rows": 50698,
                                                    "Actual Loops": 1
                                                  },
                                                  {
                                                    "Node Type": "Sort",
                                                    "Parent Relationship": "Inner",
                                                    "Parallel Aware": false,
                                                    "Startup Cost": 194945.51,
                                                    "Total Cost": 194945.52,
                                                    "Plan Rows": 1,
                                                    "Plan Width": 60,
                                                    "Actual Startup Time": 1528.401,
                                                    "Actual Total Time": 1528.419,
                                                    "Actual Rows": 57,
                                                    "Actual Loops": 1,
                                                    "Sort Key": [
                                                      "ml.movie_id"
                                                    ],
                                                    "Sort Method": "quicksort",
                                                    "Sort Space Used": 27,
                                                    "Sort Space Type": "Memory",
                                                    "Plans": [
                                                      {
                                                        "Node Type": "Merge Join",
                                                        "Parent Relationship": "Outer",
                                                        "Parallel Aware": false,
                                                        "Join Type": "Inner",
                                                        "Startup Cost": 194945.48,
                                                        "Total Cost": 194945.5,
                                                        "Plan Rows": 1,
                                                        "Plan Width": 60,
                                                        "Actual Startup Time": 1528.39,
                                                        "Actual Total Time": 1528.407,
                                                        "Actual Rows": 21,
                                                        "Actual Loops": 1,
                                                        "Inner Unique": true,
                                                        "Merge Cond": "(t1.kind_id = kt1.id)",
                                                        "Plans": [
                                                          {
                                                            "Node Type": "Sort",
                                                            "Parent Relationship": "Outer",
                                                            "Parallel Aware": false,
                                                            "Startup Cost": 194944.38,
                                                            "Total Cost": 194944.38,
                                                            "Plan Rows": 1,
                                                            "Plan Width": 64,
                                                            "Actual Startup Time": 1528.365,
                                                            "Actual Total Time": 1528.378,
                                                            "Actual Rows": 21,
                                                            "Actual Loops": 1,
                                                            "Sort Key": [
                                                              "t1.kind_id"
                                                            ],
                                                            "Sort Method": "quicksort",
                                                            "Sort Space Used": 27,
                                                            "Sort Space Type": "Memory",
                                                            "Plans": [
                                                              {
                                                                "Node Type": "Merge Join",
                                                                "Parent Relationship": "Outer",
                                                                "Parallel Aware": false,
                                                                "Join Type": "Inner",
                                                                "Startup Cost": 186099.23,
                                                                "Total Cost": 194944.37,
                                                                "Plan Rows": 1,
                                                                "Plan Width": 64,
                                                                "Actual Startup Time": 1462.305,
                                                                "Actual Total Time": 1528.357,
                                                                "Actual Rows": 21,
                                                                "Actual Loops": 1,
                                                                "Inner Unique": false,
                                                                "Merge Cond": "(t1.id = ml.movie_id)",
                                                                "Plans": [
                                                                  {
                                                                    "Node Type": "Index Scan",
                                                                    "Parent Relationship": "Outer",
                                                                    "Parallel Aware": false,
                                                                    "Scan Direction": "Forward",
                                                                    "Index Name": "title_pkey",
                                                                    "Relation Name": "title",
                                                                    "Alias": "t1",
                                                                    "Startup Cost": 0.43,
                                                                    "Total Cost": 110359.06,
                                                                    "Plan Rows": 2528509,
                                                                    "Plan Width": 25,
                                                                    "Actual Startup Time": 0.013,
                                                                    "Actual Total Time": 70.367,
                                                                    "Actual Rows": 152917,
                                                                    "Actual Loops": 1
                                                                  },
                                                                  {
                                                                    "Node Type": "Sort",
                                                                    "Parent Relationship": "Inner",
                                                                    "Parallel Aware": false,
                                                                    "Startup Cost": 186098.8,
                                                                    "Total Cost": 186098.81,
                                                                    "Plan Rows": 1,
                                                                    "Plan Width": 39,
                                                                    "Actual Startup Time": 1448.659,
                                                                    "Actual Total Time": 1448.672,
                                                                    "Actual Rows": 21,
                                                                    "Actual Loops": 1,
                                                                    "Sort Key": [
                                                                      "ml.movie_id"
                                                                    ],
                                                                    "Sort Method": "quicksort",
                                                                    "Sort Space Used": 26,
                                                                    "Sort Space Type": "Memory",
                                                                    "Plans": [
                                                                      {
                                                                        "Node Type": "Merge Join",
                                                                        "Parent Relationship": "Outer",
                                                                        "Parallel Aware": false,
                                                                        "Join Type": "Inner",
                                                                        "Startup Cost": 186097.98,
                                                                        "Total Cost": 186098.79,
                                                                        "Plan Rows": 1,
                                                                        "Plan Width": 39,
                                                                        "Actual Startup Time": 1448.647,
                                                                        "Actual Total Time": 1448.661,
                                                                        "Actual Rows": 21,
                                                                        "Actual Loops": 1,
                                                                        "Inner Unique": true,
                                                                        "Merge Cond": "(mi_idx2.info_type_id = it2.id)",
                                                                        "Plans": [
                                                                          {
                                                                            "Node Type": "Sort",
                                                                            "Parent Relationship": "Outer",
                                                                            "Parallel Aware": false,
                                                                            "Startup Cost": 186095.55,
                                                                            "Total Cost": 186095.95,
                                                                            "Plan Rows": 161,
                                                                            "Plan Width": 43,
                                                                            "Actual Startup Time": 1448.526,
                                                                            "Actual Total Time": 1448.57,
                                                                            "Actual Rows": 1088,
                                                                            "Actual Loops": 1,
                                                                            "Sort Key": [
                                                                              "mi_idx2.info_type_id"
                                                                            ],
                                                                            "Sort Method": "quicksort",
                                                                            "Sort Space Used": 169,
                                                                            "Sort Space Type": "Memory",
                                                                            "Plans": [
                                                                              {
                                                                                "Node Type": "Merge Join",
                                                                                "Parent Relationship": "Outer",
                                                                                "Parallel Aware": false,
                                                                                "Join Type": "Inner",
                                                                                "Startup Cost": 186085.2,
                                                                                "Total Cost": 186089.64,
                                                                                "Plan Rows": 161,
                                                                                "Plan Width": 43,
                                                                                "Actual Startup Time": 1448.096,
                                                                                "Actual Total Time": 1448.314,
                                                                                "Actual Rows": 1088,
                                                                                "Actual Loops": 1,
                                                                                "Inner Unique": true,
                                                                                "Merge Cond": "(t2.kind_id = kt2.id)",
                                                                                "Plans": [
                                                                                  {
                                                                                    "Node Type": "Sort",
                                                                                    "Parent Relationship": "Outer",
                                                                                    "Parallel Aware": false,
                                                                                    "Startup Cost": 186084.1,
                                                                                    "Total Cost": 186085.51,
                                                                                    "Plan Rows": 565,
                                                                                    "Plan Width": 47,
                                                                                    "Actual Startup Time": 1448.054,
                                                                                    "Actual Total Time": 1448.12,
                                                                                    "Actual Rows": 1271,
                                                                                    "Actual Loops": 1,
                                                                                    "Sort Key": [
                                                                                      "t2.kind_id"
                                                                                    ],
                                                                                    "Sort Method": "quicksort",
                                                                                    "Sort Space Used": 205,
                                                                                    "Sort Space Type": "Memory",
                                                                                    "Plans": [
                                                                                      {
                                                                                        "Node Type": "Merge Join",
                                                                                        "Parent Relationship": "Outer",
                                                                                        "Parallel Aware": false,
                                                                                        "Join Type": "Inner",
                                                                                        "Startup Cost": 1884.9,
                                                                                        "Total Cost": 186058.27,
                                                                                        "Plan Rows": 565,
                                                                                        "Plan Width": 47,
                                                                                        "Actual Startup Time": 6.345,
                                                                                        "Actual Total Time": 1447.573,
                                                                                        "Actual Rows": 1271,
                                                                                        "Actual Loops": 1,
                                                                                        "Inner Unique": false,
                                                                                        "Merge Cond": "(t2.id = mi_idx2.movie_id)",
                                                                                        "Plans": [
                                                                                          {
                                                                                            "Node Type": "Merge Join",
                                                                                            "Parent Relationship": "Outer",
                                                                                            "Parallel Aware": false,
                                                                                            "Join Type": "Inner",
                                                                                            "Startup Cost": 1884.47,
                                                                                            "Total Cost": 127377.34,
                                                                                            "Plan Rows": 2079,
                                                                                            "Plan Width": 33,
                                                                                            "Actual Startup Time": 5.801,
                                                                                            "Actual Total Time": 1213.341,
                                                                                            "Actual Rows": 946,
                                                                                            "Actual Loops": 1,
                                                                                            "Inner Unique": false,
                                                                                            "Merge Cond": "(t2.id = ml.linked_movie_id)",
                                                                                            "Plans": [
                                                                                              {
                                                                                                "Node Type": "Index Scan",
                                                                                                "Parent Relationship": "Outer",
                                                                                                "Parallel Aware": false,
                                                                                                "Scan Direction": "Forward",
                                                                                                "Index Name": "title_pkey",
                                                                                                "Relation Name": "title",
                                                                                                "Alias": "t2",
                                                                                                "Startup Cost": 0.43,
                                                                                                "Total Cost": 123001.61,
                                                                                                "Plan Rows": 1051436,
                                                                                                "Plan Width": 25,
                                                                                                "Actual Startup Time": 0.02,
                                                                                                "Actual Total Time": 1156.681,
                                                                                                "Actual Rows": 1036588,
                                                                                                "Actual Loops": 1,
                                                                                                "Filter": "((production_year >= 2000) AND (production_year <= 2010))",
                                                                                                "Rows Removed by Filter": 1469959
                                                                                              },
                                                                                              {
                                                                                                "Node Type": "Sort",
                                                                                                "Parent Relationship": "Inner",
                                                                                                "Parallel Aware": false,
                                                                                                "Startup Cost": 1869.83,
                                                                                                "Total Cost": 1882.33,
                                                                                                "Plan Rows": 5000,
                                                                                                "Plan Width": 8,
                                                                                                "Actual Startup Time": 4.083,
                                                                                                "Actual Total Time": 4.492,
                                                                                                "Actual Rows": 2315,
                                                                                                "Actual Loops": 1,
                                                                                                "Sort Key": [
                                                                                                  "ml.linked_movie_id"
                                                                                                ],
                                                                                                "Sort Method": "quicksort",
                                                                                                "Sort Space Used": 205,
                                                                                                "Sort Space Type": "Memory",
                                                                                                "Plans": [
                                                                                                  {
                                                                                                    "Node Type": "Merge Join",
                                                                                                    "Parent Relationship": "Outer",
                                                                                                    "Parallel Aware": false,
                                                                                                    "Join Type": "Inner",
                                                                                                    "Startup Cost": 0.42,
                                                                                                    "Total Cost": 1562.63,
                                                                                                    "Plan Rows": 5000,
                                                                                                    "Plan Width": 8,
                                                                                                    "Actual Startup Time": 0.033,
                                                                                                    "Actual Total Time": 2.625,
                                                                                                    "Actual Rows": 2315,
                                                                                                    "Actual Loops": 1,
                                                                                                    "Inner Unique": true,
                                                                                                    "Merge Cond": "(ml.link_type_id = lt.id)",
                                                                                                    "Plans": [
                                                                                                      {
                                                                                                        "Node Type": "Index Scan",
                                                                                                        "Parent Relationship": "Outer",
                                                                                                        "Parallel Aware": false,
                                                                                                        "Scan Direction": "Forward",
                                                                                                        "Index Name": "link_type_id_movie_link",
                                                                                                        "Relation Name": "movie_link",
                                                                                                        "Alias": "ml",
                                                                                                        "Startup Cost": 0.29,
                                                                                                        "Total Cost": 1425.16,
                                                                                                        "Plan Rows": 29997,
                                                                                                        "Plan Width": 12,
                                                                                                        "Actual Startup Time": 0.018,
                                                                                                        "Actual Total Time": 1.434,
                                                                                                        "Actual Rows": 2316,
                                                                                                        "Actual Loops": 1
                                                                                                      },
                                                                                                      {
                                                                                                        "Node Type": "Index Scan",
                                                                                                        "Parent Relationship": "Inner",
                                                                                                        "Parallel Aware": false,
                                                                                                        "Scan Direction": "Forward",
                                                                                                        "Index Name": "link_type_pkey",
                                                                                                        "Relation Name": "link_type",
                                                                                                        "Alias": "lt",
                                                                                                        "Startup Cost": 0.14,
                                                                                                        "Total Cost": 12.47,
                                                                                                        "Plan Rows": 3,
                                                                                                        "Plan Width": 4,
                                                                                                        "Actual Startup Time": 0.011,
                                                                                                        "Actual Total Time": 0.027,
                                                                                                        "Actual Rows": 2,
                                                                                                        "Actual Loops": 1,
                                                                                                        "Filter": "((link)::text = ANY ('{sequel,follows,\"followed by\"}'::text[]))",
                                                                                                        "Rows Removed by Filter": 16
                                                                                                      }
                                                                                                    ]
                                                                                                  }
                                                                                                ]
                                                                                              }
                                                                                            ]
                                                                                          },
                                                                                          {
                                                                                            "Node Type": "Index Scan",
                                                                                            "Parent Relationship": "Inner",
                                                                                            "Parallel Aware": false,
                                                                                            "Scan Direction": "Forward",
                                                                                            "Index Name": "movie_id_movie_info_idx",
                                                                                            "Relation Name": "movie_info_idx",
                                                                                            "Alias": "mi_idx2",
                                                                                            "Startup Cost": 0.43,
                                                                                            "Total Cost": 57072.82,
                                                                                            "Plan Rows": 687197,
                                                                                            "Plan Width": 14,
                                                                                            "Actual Startup Time": 0.026,
                                                                                            "Actual Total Time": 204.299,
                                                                                            "Actual Rows": 670695,
                                                                                            "Actual Loops": 1,
                                                                                            "Filter": "(info < '3.5'::text)",
                                                                                            "Rows Removed by Filter": 676673
                                                                                          }
                                                                                        ]
                                                                                      }
                                                                                    ]
                                                                                  },
                                                                                  {
                                                                                    "Node Type": "Sort",
                                                                                    "Parent Relationship": "Inner",
                                                                                    "Parallel Aware": false,
                                                                                    "Startup Cost": 1.1,
                                                                                    "Total Cost": 1.1,
                                                                                    "Plan Rows": 2,
                                                                                    "Plan Width": 4,
                                                                                    "Actual Startup Time": 0.031,
                                                                                    "Actual Total Time": 0.031,
                                                                                    "Actual Rows": 2,
                                                                                    "Actual Loops": 1,
                                                                                    "Sort Key": [
                                                                                      "kt2.id"
                                                                                    ],
                                                                                    "Sort Method": "quicksort",
                                                                                    "Sort Space Used": 25,
                                                                                    "Sort Space Type": "Memory",
                                                                                    "Plans": [
                                                                                      {
                                                                                        "Node Type": "Seq Scan",
                                                                                        "Parent Relationship": "Outer",
                                                                                        "Parallel Aware": false,
                                                                                        "Relation Name": "kind_type",
                                                                                        "Alias": "kt2",
                                                                                        "Startup Cost": 0.0,
                                                                                        "Total Cost": 1.09,
                                                                                        "Plan Rows": 2,
                                                                                        "Plan Width": 4,
                                                                                        "Actual Startup Time": 0.02,
                                                                                        "Actual Total Time": 0.021,
                                                                                        "Actual Rows": 2,
                                                                                        "Actual Loops": 1,
                                                                                        "Filter": "((kind)::text = ANY ('{\"tv series\",episode}'::text[]))",
                                                                                        "Rows Removed by Filter": 5
                                                                                      }
                                                                                    ]
                                                                                  }
                                                                                ]
                                                                              }
                                                                            ]
                                                                          },
                                                                          {
                                                                            "Node Type": "Sort",
                                                                            "Parent Relationship": "Inner",
                                                                            "Parallel Aware": false,
                                                                            "Startup Cost": 2.42,
                                                                            "Total Cost": 2.43,
                                                                            "Plan Rows": 1,
                                                                            "Plan Width": 4,
                                                                            "Actual Startup Time": 0.017,
                                                                            "Actual Total Time": 0.018,
                                                                            "Actual Rows": 1,
                                                                            "Actual Loops": 1,
                                                                            "Sort Key": [
                                                                              "it2.id"
                                                                            ],
                                                                            "Sort Method": "quicksort",
                                                                            "Sort Space Used": 25,
                                                                            "Sort Space Type": "Memory",
                                                                            "Plans": [
                                                                              {
                                                                                "Node Type": "Seq Scan",
                                                                                "Parent Relationship": "Outer",
                                                                                "Parallel Aware": false,
                                                                                "Relation Name": "info_type",
                                                                                "Alias": "it2",
                                                                                "Startup Cost": 0.0,
                                                                                "Total Cost": 2.41,
                                                                                "Plan Rows": 1,
                                                                                "Plan Width": 4,
                                                                                "Actual Startup Time": 0.014,
                                                                                "Actual Total Time": 0.015,
                                                                                "Actual Rows": 1,
                                                                                "Actual Loops": 1,
                                                                                "Filter": "((info)::text = 'rating'::text COLLATE \"C\")",
                                                                                "Rows Removed by Filter": 112
                                                                              }
                                                                            ]
                                                                          }
                                                                        ]
                                                                      }
                                                                    ]
                                                                  }
                                                                ]
                                                              }
                                                            ]
                                                          },
                                                          {
                                                            "Node Type": "Sort",
                                                            "Parent Relationship": "Inner",
                                                            "Parallel Aware": false,
                                                            "Startup Cost": 1.1,
                                                            "Total Cost": 1.1,
                                                            "Plan Rows": 2,
                                                            "Plan Width": 4,
                                                            "Actual Startup Time": 0.022,
                                                            "Actual Total Time": 0.022,
                                                            "Actual Rows": 1,
                                                            "Actual Loops": 1,
                                                            "Sort Key": [
                                                              "kt1.id"
                                                            ],
                                                            "Sort Method": "quicksort",
                                                            "Sort Space Used": 25,
                                                            "Sort Space Type": "Memory",
                                                            "Plans": [
                                                              {
                                                                "Node Type": "Seq Scan",
                                                                "Parent Relationship": "Outer",
                                                                "Parallel Aware": false,
                                                                "Relation Name": "kind_type",
                                                                "Alias": "kt1",
                                                                "Startup Cost": 0.0,
                                                                "Total Cost": 1.09,
                                                                "Plan Rows": 2,
                                                                "Plan Width": 4,
                                                                "Actual Startup Time": 0.013,
                                                                "Actual Total Time": 0.014,
                                                                "Actual Rows": 2,
                                                                "Actual Loops": 1,
                                                                "Filter": "((kind)::text = ANY ('{\"tv series\",episode}'::text[]))",
                                                                "Rows Removed by Filter": 5
                                                              }
                                                            ]
                                                          }
                                                        ]
                                                      }
                                                    ]
                                                  }
                                                ]
                                              }
                                            ]
                                          },
                                          {
                                            "Node Type": "Sort",
                                            "Parent Relationship": "Inner",
                                            "Parallel Aware": false,
                                            "Startup Cost": 2.42,
                                            "Total Cost": 2.43,
                                            "Plan Rows": 1,
                                            "Plan Width": 4,
                                            "Actual Startup Time": 0.02,
                                            "Actual Total Time": 0.021,
                                            "Actual Rows": 1,
                                            "Actual Loops": 1,
                                            "Sort Key": [
                                              "it1.id"
                                            ],
                                            "Sort Method": "quicksort",
                                            "Sort Space Used": 25,
                                            "Sort Space Type": "Memory",
                                            "Plans": [
                                              {
                                                "Node Type": "Seq Scan",
                                                "Parent Relationship": "Outer",
                                                "Parallel Aware": false,
                                                "Relation Name": "info_type",
                                                "Alias": "it1",
                                                "Startup Cost": 0.0,
                                                "Total Cost": 2.41,
                                                "Plan Rows": 1,
                                                "Plan Width": 4,
                                                "Actual Startup Time": 0.015,
                                                "Actual Total Time": 0.015,
                                                "Actual Rows": 1,
                                                "Actual Loops": 1,
                                                "Filter": "((info)::text = 'rating'::text COLLATE \"C\")",
                                                "Rows Removed by Filter": 112
                                              }
                                            ]
                                          }
                                        ]
                                      }
                                    ]
                                  }
                                ]
                              }
                            ]
                          }
                        ]
                      }
                    ]
                  }
                ]
              }
            ]
          }
        ]
      }
    ]
  },
  "Planning Time": 4.443,
  "Triggers": [],
  "Execution Time": 1778.542
}