[
  {
    "Plan": {
      "Node Type": "Aggregate",
      "Strategy": "Plain",
      "Partial Mode": "Finalize",
      "Parallel Aware": false,
      "Startup Cost": 45228.33,
      "Total Cost": 45228.34,
      "Plan Rows": 1,
      "Plan Width": 8,
      "Actual Startup Time": 139.65,
      "Actual Total Time": 149.59,
      "Actual Rows": 1,
      "Actual Loops": 1,
      "Plans": [
        {
          "Node Type": "Gather",
          "Parent Relationship": "Outer",
          "Parallel Aware": false,
          "Startup Cost": 45228.01,
          "Total Cost": 45228.32,
          "Plan Rows": 3,
          "Plan Width": 8,
          "Actual Startup Time": 139.52,
          "Actual Total Time": 149.582,
          "Actual Rows": 4,
          "Actual Loops": 1,
          "Workers Planned": 3,
          "Workers Launched": 3,
          "Single Copy": false,
          "Plans": [
            {
              "Node Type": "Aggregate",
              "Strategy": "Plain",
              "Partial Mode": "Partial",
              "Parent Relationship": "Outer",
              "Parallel Aware": false,
              "Startup Cost": 44228.01,
              "Total Cost": 44228.02,
              "Plan Rows": 1,
              "Plan Width": 8,
              "Actual Startup Time": 132.279,
              "Actual Total Time": 132.28,
              "Actual Rows": 1,
              "Actual Loops": 4,
              "Plans": [
                {
                  "Node Type": "Seq Scan",
                  "Parent Relationship": "Outer",
                  "Parallel Aware": true,
                  "Relation Name": "movie_keyword",
                  "Alias": "mk",
                  "Startup Cost": 0.0,
                  "Total Cost": 42695.65,
                  "Plan Rows": 612944,
                  "Plan Width": 0,
                  "Actual Startup Time": 0.66,
                  "Actual Total Time": 110.547,
                  "Actual Rows": 476094,
                  "Actual Loops": 4,
                  "Filter": "(keyword_id > 7098)",
                  "Rows Removed by Filter": 654888
                }
              ]
            }
          ]
        }
      ]
    },
    "Planning Time": 0.129,
    "Triggers": [],
    "Execution Time": 149.631
  }
]