[
  {
    "Plan": {
      "Node Type": "Aggregate",
      "Strategy": "Plain",
      "Partial Mode": "Finalize",
      "Parallel Aware": false,
      "Startup Cost": 39193.54,
      "Total Cost": 39193.55,
      "Plan Rows": 1,
      "Plan Width": 8,
      "Actual Startup Time": 140.179,
      "Actual Total Time": 149.384,
      "Actual Rows": 1,
      "Actual Loops": 1,
      "Plans": [
        {
          "Node Type": "Gather",
          "Parent Relationship": "Outer",
          "Parallel Aware": false,
          "Startup Cost": 39193.23,
          "Total Cost": 39193.54,
          "Plan Rows": 3,
          "Plan Width": 8,
          "Actual Startup Time": 139.971,
          "Actual Total Time": 149.368,
          "Actual Rows": 4,
          "Actual Loops": 1,
          "Workers Planned": 3,
          "Workers Launched": 3,
          "Single Copy": false,
          "Plans": [
            {
              "Node Type": "Aggregate",
              "Strategy": "Plain",
              "Partial Mode": "Partial",
              "Parent Relationship": "Outer",
              "Parallel Aware": false,
              "Startup Cost": 38193.23,
              "Total Cost": 38193.24,
              "Plan Rows": 1,
              "Plan Width": 8,
              "Actual Startup Time": 131.072,
              "Actual Total Time": 131.073,
              "Actual Rows": 1,
              "Actual Loops": 4,
              "Plans": [
                {
                  "Node Type": "Bitmap Heap Scan",
                  "Parent Relationship": "Outer",
                  "Parallel Aware": true,
                  "Relation Name": "movie_keyword",
                  "Alias": "mk",
                  "Startup Cost": 11187.48,
                  "Total Cost": 37767.94,
                  "Plan Rows": 170116,
                  "Plan Width": 0,
                  "Actual Startup Time": 47.556,
                  "Actual Total Time": 123.383,
                  "Actual Rows": 128084,
                  "Actual Loops": 4,
                  "Recheck Cond": "(keyword_id > 35367)",
                  "Rows Removed by Index Recheck": 0,
                  "Exact Heap Blocks": 9976,
                  "Lossy Heap Blocks": 0,
                  "Plans": [
                    {
                      "Node Type": "Bitmap Index Scan",
                      "Parent Relationship": "Outer",
                      "Parallel Aware": false,
                      "Index Name": "keyword_id_movie_keyword",
                      "Startup Cost": 0.0,
                      "Total Cost": 11055.64,
                      "Plan Rows": 527361,
                      "Plan Width": 0,
                      "Actual Startup Time": 52.171,
                      "Actual Total Time": 52.172,
                      "Actual Rows": 512335,
                      "Actual Loops": 1,
                      "Index Cond": "(keyword_id > 35367)"
                    }
                  ]
                }
              ]
            }
          ]
        }
      ]
    },
    "Planning Time": 0.186,
    "Triggers": [],
    "Execution Time": 149.465
  }
]