{
  "Plan": {
    "Node Type": "Aggregate",
    "Strategy": "Plain",
    "Partial Mode": "Finalize",
    "Parallel Aware": false,
    "Startup Cost": 161911.35,
    "Total Cost": 161911.36,
    "Plan Rows": 1,
    "Plan Width": 8,
    "Actual Startup Time": 684.034,
    "Actual Total Time": 705.69,
    "Actual Rows": 1,
    "Actual Loops": 1,
    "Plans": [
      {
        "Node Type": "Gather",
        "Parent Relationship": "Outer",
        "Parallel Aware": false,
        "Startup Cost": 161911.24,
        "Total Cost": 161911.35,
        "Plan Rows": 1,
        "Plan Width": 8,
        "Actual Startup Time": 683.101,
        "Actual Total Time": 705.683,
        "Actual Rows": 2,
        "Actual Loops": 1,
        "Workers Planned": 1,
        "Workers Launched": 1,
        "Single Copy": false,
        "Plans": [
          {
            "Node Type": "Aggregate",
            "Strategy": "Plain",
            "Partial Mode": "Partial",
            "Parent Relationship": "Outer",
            "Parallel Aware": false,
            "Startup Cost": 160911.24,
            "Total Cost": 160911.25,
            "Plan Rows": 1,
            "Plan Width": 8,
            "Actual Startup Time": 677.247,
            "Actual Total Time": 677.253,
            "Actual Rows": 1,
            "Actual Loops": 2,
            "Plans": [
              {
                "Node Type": "Hash Join",
                "Parent Relationship": "Outer",
                "Parallel Aware": true,
                "Join Type": "Inner",
                "Startup Cost": 99345.77,
                "Total Cost": 160755.89,
                "Plan Rows": 62137,
                "Plan Width": 0,
                "Actual Startup Time": 336.984,
                "Actual Total Time": 665.832,
                "Actual Rows": 287925,
                "Actual Loops": 2,
                "Inner Unique": false,
                "Hash Cond": "(mk.movie_id = t.id)",
                "Plans": [
                  {
                    "Node Type": "Seq Scan",
                    "Parent Relationship": "Outer",
                    "Parallel Aware": true,
                    "Relation Name": "movie_keyword",
                    "Alias": "mk",
                    "Startup Cost": 0.0,
                    "Total Cost": 51065.35,
                    "Plan Rows": 2661135,
                    "Plan Width": 4,
                    "Actual Startup Time": 0.014,
                    "Actual Total Time": 149.957,
                    "Actual Rows": 2261965,
                    "Actual Loops": 2
                  },
                  {
                    "Node Type": "Hash",
                    "Parent Relationship": "Inner",
                    "Parallel Aware": true,
                    "Startup Cost": 98911.7,
                    "Total Cost": 98911.7,
                    "Plan Rows": 34726,
                    "Plan Width": 8,
                    "Actual Startup Time": 335.311,
                    "Actual Total Time": 335.315,
                    "Actual Rows": 52938,
                    "Actual Loops": 2,
                    "Hash Buckets": 131072,
                    "Original Hash Buckets": 65536,
                    "Hash Batches": 1,
                    "Original Hash Batches": 1,
                    "Peak Memory Usage": 5728,
                    "Plans": [
                      {
                        "Node Type": "Hash Join",
                        "Parent Relationship": "Outer",
                        "Parallel Aware": true,
                        "Join Type": "Inner",
                        "Startup Cost": 59434.12,
                        "Total Cost": 98911.7,
                        "Plan Rows": 34726,
                        "Plan Width": 8,
                        "Actual Startup Time": 171.605,
                        "Actual Total Time": 322.825,
                        "Actual Rows": 52938,
                        "Actual Loops": 2,
                        "Inner Unique": true,
                        "Hash Cond": "(mc.movie_id = t.id)",
                        "Plans": [
                          {
                            "Node Type": "Seq Scan",
                            "Parent Relationship": "Outer",
                            "Parallel Aware": true,
                            "Relation Name": "movie_companies",
                            "Alias": "mc",
                            "Startup Cost": 0.0,
                            "Total Cost": 37974.77,
                            "Plan Rows": 572499,
                            "Plan Width": 4,
                            "Actual Startup Time": 15.204,
                            "Actual Total Time": 106.041,
                            "Actual Rows": 492992,
                            "Actual Loops": 2,
                            "Filter": "(company_id > 17178)",
                            "Rows Removed by Filter": 811573
                          },
                          {
                            "Node Type": "Hash",
                            "Parent Relationship": "Inner",
                            "Parallel Aware": true,
                            "Startup Cost": 58306.47,
                            "Total Cost": 58306.47,
                            "Plan Rows": 90212,
                            "Plan Width": 4,
                            "Actual Startup Time": 154.08,
                            "Actual Total Time": 154.082,
                            "Actual Rows": 67380,
                            "Actual Loops": 2,
                            "Hash Buckets": 262144,
                            "Original Hash Buckets": 262144,
                            "Hash Batches": 1,
                            "Original Hash Batches": 1,
                            "Peak Memory Usage": 7360,
                            "Plans": [
                              {
                                "Node Type": "Seq Scan",
                                "Parent Relationship": "Outer",
                                "Parallel Aware": true,
                                "Relation Name": "title",
                                "Alias": "t",
                                "Startup Cost": 0.0,
                                "Total Cost": 58306.47,
                                "Plan Rows": 90212,
                                "Plan Width": 4,
                                "Actual Startup Time": 0.056,
                                "Actual Total Time": 137.556,
                                "Actual Rows": 67380,
                                "Actual Loops": 2,
                                "Filter": "((kind_id < 7) AND (production_year > 2010))",
                                "Rows Removed by Filter": 1196776
                              }
                            ]
                          }
                        ]
                      }
                    ]
                  }
                ]
              }
            ]
          }
        ]
      }
    ]
  },
  "Planning Time": 1.0,
  "Triggers": [],
  "Execution Time": 705.77
}