[
    {
        "Bao": {
            "Bao prediction": "NaN",
            "Bao recommended hint": "(no hint)"
        }
    },
    {
        "Plan": {
            "Node Type": "Aggregate",
            "Strategy": "Plain",
            "Partial Mode": "Finalize",
            "Parallel Aware": false,
            "Startup Cost": 352353.61,
            "Total Cost": 352353.62,
            "Plan Rows": 1,
            "Plan Width": 8,
            "Actual Startup Time": 999.536,
            "Actual Total Time": 1032.909,
            "Actual Rows": 1,
            "Actual Loops": 1,
            "Output": [
                "count(*)"
            ],
            "Plans": [
                {
                    "Node Type": "Gather",
                    "Parent Relationship": "Outer",
                    "Parallel Aware": false,
                    "Startup Cost": 352352.99,
                    "Total Cost": 352353.6,
                    "Plan Rows": 6,
                    "Plan Width": 8,
                    "Actual Startup Time": 999.372,
                    "Actual Total Time": 1032.896,
                    "Actual Rows": 7,
                    "Actual Loops": 1,
                    "Output": [
                        "(PARTIAL count(*))"
                    ],
                    "Workers Planned": 6,
                    "Workers Launched": 6,
                    "Single Copy": false,
                    "Plans": [
                        {
                            "Node Type": "Aggregate",
                            "Strategy": "Plain",
                            "Partial Mode": "Partial",
                            "Parent Relationship": "Outer",
                            "Parallel Aware": false,
                            "Startup Cost": 351352.99,
                            "Total Cost": 351353.0,
                            "Plan Rows": 1,
                            "Plan Width": 8,
                            "Actual Startup Time": 990.017,
                            "Actual Total Time": 990.018,
                            "Actual Rows": 1,
                            "Actual Loops": 7,
                            "Output": [
                                "PARTIAL count(*)"
                            ],
                            "Workers": [
                                {
                                    "Worker Number": 0,
                                    "Actual Startup Time": 988.466,
                                    "Actual Total Time": 988.467,
                                    "Actual Rows": 1,
                                    "Actual Loops": 1
                                },
                                {
                                    "Worker Number": 1,
                                    "Actual Startup Time": 988.102,
                                    "Actual Total Time": 988.103,
                                    "Actual Rows": 1,
                                    "Actual Loops": 1
                                },
                                {
                                    "Worker Number": 2,
                                    "Actual Startup Time": 988.67,
                                    "Actual Total Time": 988.671,
                                    "Actual Rows": 1,
                                    "Actual Loops": 1
                                },
                                {
                                    "Worker Number": 3,
                                    "Actual Startup Time": 988.507,
                                    "Actual Total Time": 988.509,
                                    "Actual Rows": 1,
                                    "Actual Loops": 1
                                },
                                {
                                    "Worker Number": 4,
                                    "Actual Startup Time": 988.512,
                                    "Actual Total Time": 988.513,
                                    "Actual Rows": 1,
                                    "Actual Loops": 1
                                },
                                {
                                    "Worker Number": 5,
                                    "Actual Startup Time": 989.023,
                                    "Actual Total Time": 989.023,
                                    "Actual Rows": 1,
                                    "Actual Loops": 1
                                }
                            ],
                            "Plans": [
                                {
                                    "Node Type": "Seq Scan",
                                    "Parent Relationship": "Outer",
                                    "Parallel Aware": true,
                                    "Relation Name": "cast_info",
                                    "Schema": "public",
                                    "Alias": "ci",
                                    "Startup Cost": 0.0,
                                    "Total Cost": 343318.94,
                                    "Plan Rows": 3213620,
                                    "Plan Width": 0,
                                    "Actual Startup Time": 118.67,
                                    "Actual Total Time": 834.27,
                                    "Actual Rows": 2575980,
                                    "Actual Loops": 7,
                                    "Output": [
                                        "id",
                                        "person_id",
                                        "movie_id",
                                        "person_role_id",
                                        "note",
                                        "nr_order",
                                        "role_id"
                                    ],
                                    "Filter": "((ci.person_id > 740452) AND (ci.role_id < 4))",
                                    "Rows Removed by Filter": 2601784,
                                    "Workers": [
                                        {
                                            "Worker Number": 0,
                                            "Actual Startup Time": 117.117,
                                            "Actual Total Time": 836.526,
                                            "Actual Rows": 2299220,
                                            "Actual Loops": 1
                                        },
                                        {
                                            "Worker Number": 1,
                                            "Actual Startup Time": 116.745,
                                            "Actual Total Time": 835.274,
                                            "Actual Rows": 2313727,
                                            "Actual Loops": 1
                                        },
                                        {
                                            "Worker Number": 2,
                                            "Actual Startup Time": 117.332,
                                            "Actual Total Time": 836.552,
                                            "Actual Rows": 2299848,
                                            "Actual Loops": 1
                                        },
                                        {
                                            "Worker Number": 3,
                                            "Actual Startup Time": 117.169,
                                            "Actual Total Time": 836.063,
                                            "Actual Rows": 2305493,
                                            "Actual Loops": 1
                                        },
                                        {
                                            "Worker Number": 4,
                                            "Actual Startup Time": 117.164,
                                            "Actual Total Time": 835.018,
                                            "Actual Rows": 3780237,
                                            "Actual Loops": 1
                                        },
                                        {
                                            "Worker Number": 5,
                                            "Actual Startup Time": 117.676,
                                            "Actual Total Time": 837.077,
                                            "Actual Rows": 2300233,
                                            "Actual Loops": 1
                                        }
                                    ]
                                }
                            ]
                        }
                    ]
                }
            ]
        },
        "Planning Time": 295.554,
        "Triggers": [],
        "Execution Time": 1032.981
    }
]