[
  {
    "Plan": {
      "Node Type": "Aggregate",
      "Strategy": "Plain",
      "Partial Mode": "Finalize",
      "Parallel Aware": false,
      "Startup Cost": 61924.98,
      "Total Cost": 61924.99,
      "Plan Rows": 1,
      "Plan Width": 8,
      "Actual Startup Time": 299.929,
      "Actual Total Time": 318.648,
      "Actual Rows": 1,
      "Actual Loops": 1,
      "Plans": [
        {
          "Node Type": "Gather",
          "Parent Relationship": "Outer",
          "Parallel Aware": false,
          "Startup Cost": 61924.76,
          "Total Cost": 61924.97,
          "Plan Rows": 2,
          "Plan Width": 8,
          "Actual Startup Time": 298.845,
          "Actual Total Time": 318.633,
          "Actual Rows": 3,
          "Actual Loops": 1,
          "Workers Planned": 2,
          "Workers Launched": 2,
          "Single Copy": false,
          "Plans": [
            {
              "Node Type": "Aggregate",
              "Strategy": "Plain",
              "Partial Mode": "Partial",
              "Parent Relationship": "Outer",
              "Parallel Aware": false,
              "Startup Cost": 60924.76,
              "Total Cost": 60924.77,
              "Plan Rows": 1,
              "Plan Width": 8,
              "Actual Startup Time": 292.541,
              "Actual Total Time": 292.649,
              "Actual Rows": 1,
              "Actual Loops": 3,
              "Plans": [
                {
                  "Node Type": "Hash Join",
                  "Parent Relationship": "Outer",
                  "Parallel Aware": true,
                  "Join Type": "Inner",
                  "Startup Cost": 45691.62,
                  "Total Cost": 60886.18,
                  "Plan Rows": 15431,
                  "Plan Width": 0,
                  "Actual Startup Time": 180.735,
                  "Actual Total Time": 290.829,
                  "Actual Rows": 32174,
                  "Actual Loops": 3,
                  "Inner Unique": true,
                  "Hash Cond": "(mi_idx.movie_id = t.id)",
                  "Plans": [
                    {
                      "Node Type": "Seq Scan",
                      "Parent Relationship": "Outer",
                      "Parallel Aware": true,
                      "Relation Name": "movie_info_idx",
                      "Alias": "mi_idx",
                      "Startup Cost": 0.0,
                      "Total Cost": 13685.15,
                      "Plan Rows": 575015,
                      "Plan Width": 4,
                      "Actual Startup Time": 0.013,
                      "Actual Total Time": 47.435,
                      "Actual Rows": 460012,
                      "Actual Loops": 3
                    },
                    {
                      "Node Type": "Hash",
                      "Parent Relationship": "Inner",
                      "Parallel Aware": true,
                      "Startup Cost": 45479.59,
                      "Total Cost": 45479.59,
                      "Plan Rows": 16963,
                      "Plan Width": 4,
                      "Actual Startup Time": 177.847,
                      "Actual Total Time": 177.849,
                      "Actual Rows": 57965,
                      "Actual Loops": 3,
                      "Hash Buckets": 262144,
                      "Original Hash Buckets": 131072,
                      "Hash Batches": 1,
                      "Original Hash Batches": 1,
                      "Peak Memory Usage": 9920,
                      "Plans": [
                        {
                          "Node Type": "Seq Scan",
                          "Parent Relationship": "Outer",
                          "Parallel Aware": true,
                          "Relation Name": "title",
                          "Alias": "t",
                          "Startup Cost": 0.0,
                          "Total Cost": 45479.59,
                          "Plan Rows": 16963,
                          "Plan Width": 4,
                          "Actual Startup Time": 0.467,
                          "Actual Total Time": 150.052,
                          "Actual Rows": 57965,
                          "Actual Loops": 3,
                          "Filter": "((kind_id < 7) AND (production_year < 1954))",
                          "Rows Removed by Filter": 784806
                        }
                      ]
                    }
                  ]
                }
              ]
            }
          ]
        }
      ]
    },
    "Planning Time": 0.632,
    "Triggers": [],
    "Execution Time": 318.727
  }
]