[
  {
    "Plan": {
      "Node Type": "Aggregate",
      "Strategy": "Plain",
      "Partial Mode": "Finalize",
      "Parallel Aware": false,
      "Startup Cost": 352951.42,
      "Total Cost": 352951.43,
      "Plan Rows": 1,
      "Plan Width": 8,
      "Actual Startup Time": 1027.941,
      "Actual Total Time": 1080.933,
      "Actual Rows": 1,
      "Actual Loops": 1,
      "Plans": [
        {
          "Node Type": "Gather",
          "Parent Relationship": "Outer",
          "Parallel Aware": false,
          "Startup Cost": 352950.79,
          "Total Cost": 352951.4,
          "Plan Rows": 6,
          "Plan Width": 8,
          "Actual Startup Time": 1027.737,
          "Actual Total Time": 1080.917,
          "Actual Rows": 7,
          "Actual Loops": 1,
          "Workers Planned": 6,
          "Workers Launched": 6,
          "Single Copy": false,
          "Plans": [
            {
              "Node Type": "Aggregate",
              "Strategy": "Plain",
              "Partial Mode": "Partial",
              "Parent Relationship": "Outer",
              "Parallel Aware": false,
              "Startup Cost": 351950.79,
              "Total Cost": 351950.8,
              "Plan Rows": 1,
              "Plan Width": 8,
              "Actual Startup Time": 1020.27,
              "Actual Total Time": 1020.274,
              "Actual Rows": 1,
              "Actual Loops": 7,
              "Plans": [
                {
                  "Node Type": "Seq Scan",
                  "Parent Relationship": "Outer",
                  "Parallel Aware": true,
                  "Relation Name": "cast_info",
                  "Alias": "ci",
                  "Startup Cost": 0.0,
                  "Total Cost": 343316.27,
                  "Plan Rows": 3453809,
                  "Plan Width": 0,
                  "Actual Startup Time": 190.43,
                  "Actual Total Time": 845.413,
                  "Actual Rows": 2792811,
                  "Actual Loops": 7,
                  "Filter": "((person_id > 1242833) AND (role_id < 10))",
                  "Rows Removed by Filter": 2384952
                }
              ]
            }
          ]
        }
      ]
    },
    "Planning Time": 0.1,
    "Triggers": [],
    "Execution Time": 1080.978
  }
]