[
  {
    "Plan": {
      "Node Type": "Aggregate",
      "Strategy": "Plain",
      "Partial Mode": "Finalize",
      "Parallel Aware": false,
      "Startup Cost": 58429.93,
      "Total Cost": 58429.94,
      "Plan Rows": 1,
      "Plan Width": 8,
      "Actual Startup Time": 217.458,
      "Actual Total Time": 254.302,
      "Actual Rows": 1,
      "Actual Loops": 1,
      "Plans": [
        {
          "Node Type": "Gather",
          "Parent Relationship": "Outer",
          "Parallel Aware": false,
          "Startup Cost": 58429.71,
          "Total Cost": 58429.92,
          "Plan Rows": 2,
          "Plan Width": 8,
          "Actual Startup Time": 217.108,
          "Actual Total Time": 254.293,
          "Actual Rows": 3,
          "Actual Loops": 1,
          "Workers Planned": 2,
          "Workers Launched": 2,
          "Single Copy": false,
          "Plans": [
            {
              "Node Type": "Aggregate",
              "Strategy": "Plain",
              "Partial Mode": "Partial",
              "Parent Relationship": "Outer",
              "Parallel Aware": false,
              "Startup Cost": 57429.71,
              "Total Cost": 57429.72,
              "Plan Rows": 1,
              "Plan Width": 8,
              "Actual Startup Time": 208.639,
              "Actual Total Time": 208.641,
              "Actual Rows": 1,
              "Actual Loops": 3,
              "Plans": [
                {
                  "Node Type": "Nested Loop",
                  "Parent Relationship": "Outer",
                  "Parallel Aware": false,
                  "Join Type": "Inner",
                  "Startup Cost": 233.44,
                  "Total Cost": 57385.37,
                  "Plan Rows": 17738,
                  "Plan Width": 0,
                  "Actual Startup Time": 4.888,
                  "Actual Total Time": 200.373,
                  "Actual Rows": 170774,
                  "Actual Loops": 3,
                  "Inner Unique": false,
                  "Plans": [
                    {
                      "Node Type": "Nested Loop",
                      "Parent Relationship": "Outer",
                      "Parallel Aware": false,
                      "Join Type": "Inner",
                      "Startup Cost": 233.0,
                      "Total Cost": 48803.19,
                      "Plan Rows": 4524,
                      "Plan Width": 8,
                      "Actual Startup Time": 4.728,
                      "Actual Total Time": 45.277,
                      "Actual Rows": 3600,
                      "Actual Loops": 3,
                      "Inner Unique": true,
                      "Plans": [
                        {
                          "Node Type": "Bitmap Heap Scan",
                          "Parent Relationship": "Outer",
                          "Parallel Aware": true,
                          "Relation Name": "movie_keyword",
                          "Alias": "mk",
                          "Startup Cost": 232.57,
                          "Total Cost": 19762.21,
                          "Plan Rows": 4524,
                          "Plan Width": 4,
                          "Actual Startup Time": 4.551,
                          "Actual Total Time": 17.149,
                          "Actual Rows": 3600,
                          "Actual Loops": 3,
                          "Recheck Cond": "(keyword_id = 347)",
                          "Rows Removed by Index Recheck": 0,
                          "Exact Heap Blocks": 4218,
                          "Lossy Heap Blocks": 0,
                          "Plans": [
                            {
                              "Node Type": "Bitmap Index Scan",
                              "Parent Relationship": "Outer",
                              "Parallel Aware": false,
                              "Index Name": "keyword_id_movie_keyword",
                              "Startup Cost": 0.0,
                              "Total Cost": 229.86,
                              "Plan Rows": 10857,
                              "Plan Width": 0,
                              "Actual Startup Time": 7.695,
                              "Actual Total Time": 7.696,
                              "Actual Rows": 10799,
                              "Actual Loops": 1,
                              "Index Cond": "(keyword_id = 347)"
                            }
                          ]
                        },
                        {
                          "Node Type": "Index Only Scan",
                          "Parent Relationship": "Inner",
                          "Parallel Aware": false,
                          "Scan Direction": "Forward",
                          "Index Name": "title_pkey",
                          "Relation Name": "title",
                          "Alias": "t",
                          "Startup Cost": 0.43,
                          "Total Cost": 6.42,
                          "Plan Rows": 1,
                          "Plan Width": 4,
                          "Actual Startup Time": 0.007,
                          "Actual Total Time": 0.007,
                          "Actual Rows": 1,
                          "Actual Loops": 10799,
                          "Index Cond": "(id = mk.movie_id)",
                          "Rows Removed by Index Recheck": 0,
                          "Heap Fetches": 10799
                        }
                      ]
                    },
                    {
                      "Node Type": "Index Scan",
                      "Parent Relationship": "Inner",
                      "Parallel Aware": false,
                      "Scan Direction": "Forward",
                      "Index Name": "movie_id_movie_info",
                      "Relation Name": "movie_info",
                      "Alias": "mi",
                      "Startup Cost": 0.43,
                      "Total Cost": 1.62,
                      "Plan Rows": 28,
                      "Plan Width": 4,
                      "Actual Startup Time": 0.01,
                      "Actual Total Time": 0.039,
                      "Actual Rows": 47,
                      "Actual Loops": 10799,
                      "Index Cond": "(movie_id = t.id)",
                      "Rows Removed by Index Recheck": 0,
                      "Filter": "(info_type_id > 4)",
                      "Rows Removed by Filter": 5
                    }
                  ]
                }
              ]
            }
          ]
        }
      ]
    },
    "Planning Time": 1.391,
    "Triggers": [],
    "Execution Time": 254.443
  }
]