[
  {
    "Plan": {
      "Node Type": "Aggregate",
      "Strategy": "Plain",
      "Partial Mode": "Simple",
      "Parallel Aware": false,
      "Startup Cost": 261319.83,
      "Total Cost": 261319.84,
      "Plan Rows": 1,
      "Plan Width": 8,
      "Actual Startup Time": 39.344,
      "Actual Total Time": 39.345,
      "Actual Rows": 1,
      "Actual Loops": 1,
      "Plans": [
        {
          "Node Type": "Bitmap Heap Scan",
          "Parent Relationship": "Outer",
          "Parallel Aware": false,
          "Relation Name": "cast_info",
          "Alias": "ci",
          "Startup Cost": 4720.79,
          "Total Cost": 260785.57,
          "Plan Rows": 213707,
          "Plan Width": 0,
          "Actual Startup Time": 6.904,
          "Actual Total Time": 30.166,
          "Actual Rows": 200122,
          "Actual Loops": 1,
          "Recheck Cond": "(person_id > 4026798)",
          "Rows Removed by Index Recheck": 0,
          "Exact Heap Blocks": 2283,
          "Lossy Heap Blocks": 0,
          "Plans": [
            {
              "Node Type": "Bitmap Index Scan",
              "Parent Relationship": "Outer",
              "Parallel Aware": false,
              "Index Name": "person_id_cast_info",
              "Startup Cost": 0.0,
              "Total Cost": 4667.37,
              "Plan Rows": 213707,
              "Plan Width": 0,
              "Actual Startup Time": 6.639,
              "Actual Total Time": 6.639,
              "Actual Rows": 200122,
              "Actual Loops": 1,
              "Index Cond": "(person_id > 4026798)"
            }
          ]
        }
      ]
    },
    "Planning Time": 0.08,
    "Triggers": [],
    "Execution Time": 39.364
  }
]