[
  {
    "Plan": {
      "Node Type": "Aggregate",
      "Strategy": "Plain",
      "Partial Mode": "Finalize",
      "Parallel Aware": false,
      "Startup Cost": 45238.83,
      "Total Cost": 45238.84,
      "Plan Rows": 1,
      "Plan Width": 8,
      "Actual Startup Time": 147.956,
      "Actual Total Time": 160.02,
      "Actual Rows": 1,
      "Actual Loops": 1,
      "Plans": [
        {
          "Node Type": "Gather",
          "Parent Relationship": "Outer",
          "Parallel Aware": false,
          "Startup Cost": 45238.51,
          "Total Cost": 45238.82,
          "Plan Rows": 3,
          "Plan Width": 8,
          "Actual Startup Time": 147.778,
          "Actual Total Time": 160.012,
          "Actual Rows": 4,
          "Actual Loops": 1,
          "Workers Planned": 3,
          "Workers Launched": 3,
          "Single Copy": false,
          "Plans": [
            {
              "Node Type": "Aggregate",
              "Strategy": "Plain",
              "Partial Mode": "Partial",
              "Parent Relationship": "Outer",
              "Parallel Aware": false,
              "Startup Cost": 44238.51,
              "Total Cost": 44238.52,
              "Plan Rows": 1,
              "Plan Width": 8,
              "Actual Startup Time": 144.051,
              "Actual Total Time": 144.052,
              "Actual Rows": 1,
              "Actual Loops": 4,
              "Plans": [
                {
                  "Node Type": "Seq Scan",
                  "Parent Relationship": "Outer",
                  "Parallel Aware": true,
                  "Relation Name": "movie_keyword",
                  "Alias": "mk",
                  "Startup Cost": 0.0,
                  "Total Cost": 42695.65,
                  "Plan Rows": 617143,
                  "Plan Width": 0,
                  "Actual Startup Time": 0.432,
                  "Actual Total Time": 119.391,
                  "Actual Rows": 474217,
                  "Actual Loops": 4,
                  "Filter": "(keyword_id > 7134)",
                  "Rows Removed by Filter": 656766
                }
              ]
            }
          ]
        }
      ]
    },
    "Planning Time": 0.095,
    "Triggers": [],
    "Execution Time": 160.054
  }
]