{
  "Plan": {
    "Node Type": "Aggregate",
    "Strategy": "Plain",
    "Partial Mode": "Finalize",
    "Parallel Aware": false,
    "Startup Cost": 597869.26,
    "Total Cost": 597869.27,
    "Plan Rows": 1,
    "Plan Width": 8,
    "Actual Startup Time": 1899.747,
    "Actual Total Time": 1949.756,
    "Actual Rows": 1,
    "Actual Loops": 1,
    "Plans": [
      {
        "Node Type": "Gather",
        "Parent Relationship": "Outer",
        "Parallel Aware": false,
        "Startup Cost": 597869.14,
        "Total Cost": 597869.25,
        "Plan Rows": 1,
        "Plan Width": 8,
        "Actual Startup Time": 1899.593,
        "Actual Total Time": 1949.745,
        "Actual Rows": 2,
        "Actual Loops": 1,
        "Workers Planned": 1,
        "Workers Launched": 1,
        "Single Copy": false,
        "Plans": [
          {
            "Node Type": "Aggregate",
            "Strategy": "Plain",
            "Partial Mode": "Partial",
            "Parent Relationship": "Outer",
            "Parallel Aware": false,
            "Startup Cost": 596869.14,
            "Total Cost": 596869.15,
            "Plan Rows": 1,
            "Plan Width": 8,
            "Actual Startup Time": 1895.83,
            "Actual Total Time": 1895.835,
            "Actual Rows": 1,
            "Actual Loops": 2,
            "Plans": [
              {
                "Node Type": "Hash Join",
                "Parent Relationship": "Outer",
                "Parallel Aware": true,
                "Join Type": "Inner",
                "Startup Cost": 47699.14,
                "Total Cost": 596813.31,
                "Plan Rows": 22335,
                "Plan Width": 0,
                "Actual Startup Time": 550.534,
                "Actual Total Time": 1892.005,
                "Actual Rows": 62687,
                "Actual Loops": 2,
                "Inner Unique": false,
                "Hash Cond": "(ci.movie_id = t.id)",
                "Plans": [
                  {
                    "Node Type": "Seq Scan",
                    "Parent Relationship": "Outer",
                    "Parallel Aware": true,
                    "Relation Name": "cast_info",
                    "Alias": "ci",
                    "Startup Cost": 0.0,
                    "Total Cost": 519069.44,
                    "Plan Rows": 7976891,
                    "Plan Width": 4,
                    "Actual Startup Time": 518.659,
                    "Actual Total Time": 1307.278,
                    "Actual Rows": 6766633,
                    "Actual Loops": 2,
                    "Filter": "(person_id > 2318207)",
                    "Rows Removed by Filter": 11355539
                  },
                  {
                    "Node Type": "Hash",
                    "Parent Relationship": "Inner",
                    "Parallel Aware": true,
                    "Startup Cost": 47647.09,
                    "Total Cost": 47647.09,
                    "Plan Rows": 4164,
                    "Plan Width": 8,
                    "Actual Startup Time": 31.202,
                    "Actual Total Time": 31.204,
                    "Actual Rows": 6365,
                    "Actual Loops": 2,
                    "Hash Buckets": 16384,
                    "Original Hash Buckets": 8192,
                    "Hash Batches": 1,
                    "Original Hash Batches": 1,
                    "Peak Memory Usage": 704,
                    "Plans": [
                      {
                        "Node Type": "Nested Loop",
                        "Parent Relationship": "Outer",
                        "Parallel Aware": false,
                        "Join Type": "Inner",
                        "Startup Cost": 303.19,
                        "Total Cost": 47647.09,
                        "Plan Rows": 4164,
                        "Plan Width": 8,
                        "Actual Startup Time": 0.962,
                        "Actual Total Time": 27.385,
                        "Actual Rows": 6365,
                        "Actual Loops": 2,
                        "Inner Unique": true,
                        "Plans": [
                          {
                            "Node Type": "Bitmap Heap Scan",
                            "Parent Relationship": "Outer",
                            "Parallel Aware": true,
                            "Relation Name": "movie_companies",
                            "Alias": "mc",
                            "Startup Cost": 302.76,
                            "Total Cost": 18659.77,
                            "Plan Rows": 4164,
                            "Plan Width": 4,
                            "Actual Startup Time": 0.86,
                            "Actual Total Time": 3.797,
                            "Actual Rows": 6365,
                            "Actual Loops": 2,
                            "Recheck Cond": "(company_id > 222940)",
                            "Rows Removed by Index Recheck": 0,
                            "Filter": "(company_type_id > 1)",
                            "Rows Removed by Filter": 0,
                            "Exact Heap Blocks": 327,
                            "Lossy Heap Blocks": 0,
                            "Plans": [
                              {
                                "Node Type": "Bitmap Index Scan",
                                "Parent Relationship": "Outer",
                                "Parallel Aware": false,
                                "Index Name": "company_id_movie_companies",
                                "Startup Cost": 0.0,
                                "Total Cost": 301.0,
                                "Plan Rows": 13942,
                                "Plan Width": 0,
                                "Actual Startup Time": 1.423,
                                "Actual Total Time": 1.424,
                                "Actual Rows": 12730,
                                "Actual Loops": 1,
                                "Index Cond": "(company_id > 222940)"
                              }
                            ]
                          },
                          {
                            "Node Type": "Index Only Scan",
                            "Parent Relationship": "Inner",
                            "Parallel Aware": false,
                            "Scan Direction": "Forward",
                            "Index Name": "title_pkey",
                            "Relation Name": "title",
                            "Alias": "t",
                            "Startup Cost": 0.43,
                            "Total Cost": 6.96,
                            "Plan Rows": 1,
                            "Plan Width": 4,
                            "Actual Startup Time": 0.003,
                            "Actual Total Time": 0.003,
                            "Actual Rows": 1,
                            "Actual Loops": 12730,
                            "Index Cond": "(id = mc.movie_id)",
                            "Rows Removed by Index Recheck": 0,
                            "Heap Fetches": 12730
                          }
                        ]
                      }
                    ]
                  }
                ]
              }
            ]
          }
        ]
      }
    ]
  },
  "Planning Time": 0.631,
  "Triggers": [],
  "Execution Time": 1949.847
}