[
    {
        "Bao": {
            "Bao prediction": "NaN",
            "Bao recommended hint": "(no hint)"
        }
    },
    {
        "Plan": {
            "Node Type": "Aggregate",
            "Strategy": "Plain",
            "Partial Mode": "Finalize",
            "Parallel Aware": false,
            "Startup Cost": 75745.76,
            "Total Cost": 75745.77,
            "Plan Rows": 1,
            "Plan Width": 8,
            "Actual Startup Time": 240.621,
            "Actual Total Time": 251.543,
            "Actual Rows": 1,
            "Actual Loops": 1,
            "Output": [
                "count(*)"
            ],
            "Plans": [
                {
                    "Node Type": "Gather",
                    "Parent Relationship": "Outer",
                    "Parallel Aware": false,
                    "Startup Cost": 75745.45,
                    "Total Cost": 75745.76,
                    "Plan Rows": 3,
                    "Plan Width": 8,
                    "Actual Startup Time": 237.356,
                    "Actual Total Time": 251.529,
                    "Actual Rows": 4,
                    "Actual Loops": 1,
                    "Output": [
                        "(PARTIAL count(*))"
                    ],
                    "Workers Planned": 3,
                    "Workers Launched": 3,
                    "Single Copy": false,
                    "Plans": [
                        {
                            "Node Type": "Aggregate",
                            "Strategy": "Plain",
                            "Partial Mode": "Partial",
                            "Parent Relationship": "Outer",
                            "Parallel Aware": false,
                            "Startup Cost": 74745.45,
                            "Total Cost": 74745.46,
                            "Plan Rows": 1,
                            "Plan Width": 8,
                            "Actual Startup Time": 228.799,
                            "Actual Total Time": 228.802,
                            "Actual Rows": 1,
                            "Actual Loops": 4,
                            "Output": [
                                "PARTIAL count(*)"
                            ],
                            "Workers": [
                                {
                                    "Worker Number": 0,
                                    "Actual Startup Time": 225.605,
                                    "Actual Total Time": 225.607,
                                    "Actual Rows": 1,
                                    "Actual Loops": 1
                                },
                                {
                                    "Worker Number": 1,
                                    "Actual Startup Time": 225.771,
                                    "Actual Total Time": 225.774,
                                    "Actual Rows": 1,
                                    "Actual Loops": 1
                                },
                                {
                                    "Worker Number": 2,
                                    "Actual Startup Time": 226.778,
                                    "Actual Total Time": 226.781,
                                    "Actual Rows": 1,
                                    "Actual Loops": 1
                                }
                            ],
                            "Plans": [
                                {
                                    "Node Type": "Hash Join",
                                    "Parent Relationship": "Outer",
                                    "Parallel Aware": true,
                                    "Join Type": "Inner",
                                    "Startup Cost": 49604.27,
                                    "Total Cost": 74706.3,
                                    "Plan Rows": 15658,
                                    "Plan Width": 0,
                                    "Actual Startup Time": 181.763,
                                    "Actual Total Time": 227.719,
                                    "Actual Rows": 15201,
                                    "Actual Loops": 4,
                                    "Inner Unique": true,
                                    "Hash Cond": "(mk.movie_id = t.id)",
                                    "Workers": [
                                        {
                                            "Worker Number": 0,
                                            "Actual Startup Time": 178.745,
                                            "Actual Total Time": 224.606,
                                            "Actual Rows": 16206,
                                            "Actual Loops": 1
                                        },
                                        {
                                            "Worker Number": 1,
                                            "Actual Startup Time": 178.741,
                                            "Actual Total Time": 224.834,
                                            "Actual Rows": 15238,
                                            "Actual Loops": 1
                                        },
                                        {
                                            "Worker Number": 2,
                                            "Actual Startup Time": 179.582,
                                            "Actual Total Time": 225.843,
                                            "Actual Rows": 14117,
                                            "Actual Loops": 1
                                        }
                                    ],
                                    "Plans": [
                                        {
                                            "Node Type": "Bitmap Heap Scan",
                                            "Parent Relationship": "Outer",
                                            "Parallel Aware": true,
                                            "Relation Name": "movie_keyword",
                                            "Schema": "public",
                                            "Alias": "mk",
                                            "Startup Cost": 2817.79,
                                            "Total Cost": 27807.35,
                                            "Plan Rows": 42845,
                                            "Plan Width": 4,
                                            "Actual Startup Time": 10.295,
                                            "Actual Total Time": 44.564,
                                            "Actual Rows": 31104,
                                            "Actual Loops": 4,
                                            "Output": [
                                                "mk.id",
                                                "mk.movie_id",
                                                "mk.keyword_id"
                                            ],
                                            "Recheck Cond": "(mk.keyword_id > 77266)",
                                            "Rows Removed by Index Recheck": 0,
                                            "Exact Heap Blocks": 4720,
                                            "Lossy Heap Blocks": 0,
                                            "Workers": [
                                                {
                                                    "Worker Number": 0,
                                                    "Actual Startup Time": 10.305,
                                                    "Actual Total Time": 44.852,
                                                    "Actual Rows": 32473,
                                                    "Actual Loops": 1
                                                },
                                                {
                                                    "Worker Number": 1,
                                                    "Actual Startup Time": 10.215,
                                                    "Actual Total Time": 45.71,
                                                    "Actual Rows": 31352,
                                                    "Actual Loops": 1
                                                },
                                                {
                                                    "Worker Number": 2,
                                                    "Actual Startup Time": 10.465,
                                                    "Actual Total Time": 45.539,
                                                    "Actual Rows": 28476,
                                                    "Actual Loops": 1
                                                }
                                            ],
                                            "Plans": [
                                                {
                                                    "Node Type": "Bitmap Index Scan",
                                                    "Parent Relationship": "Outer",
                                                    "Parallel Aware": false,
                                                    "Index Name": "keyword_id_movie_keyword",
                                                    "Startup Cost": 0.0,
                                                    "Total Cost": 2784.58,
                                                    "Plan Rows": 132820,
                                                    "Plan Width": 0,
                                                    "Actual Startup Time": 7.505,
                                                    "Actual Total Time": 7.506,
                                                    "Actual Rows": 124414,
                                                    "Actual Loops": 1,
                                                    "Index Cond": "(mk.keyword_id > 77266)"
                                                }
                                            ]
                                        },
                                        {
                                            "Node Type": "Hash",
                                            "Parent Relationship": "Inner",
                                            "Parallel Aware": true,
                                            "Startup Cost": 43899.01,
                                            "Total Cost": 43899.01,
                                            "Plan Rows": 230998,
                                            "Plan Width": 4,
                                            "Actual Startup Time": 168.708,
                                            "Actual Total Time": 168.708,
                                            "Actual Rows": 231151,
                                            "Actual Loops": 4,
                                            "Output": [
                                                "t.id"
                                            ],
                                            "Hash Buckets": 1048576,
                                            "Original Hash Buckets": 1048576,
                                            "Hash Batches": 1,
                                            "Original Hash Batches": 1,
                                            "Peak Memory Usage": 44448,
                                            "Workers": [
                                                {
                                                    "Worker Number": 0,
                                                    "Actual Startup Time": 167.941,
                                                    "Actual Total Time": 167.942,
                                                    "Actual Rows": 213538,
                                                    "Actual Loops": 1
                                                },
                                                {
                                                    "Worker Number": 1,
                                                    "Actual Startup Time": 168.098,
                                                    "Actual Total Time": 168.099,
                                                    "Actual Rows": 210681,
                                                    "Actual Loops": 1
                                                },
                                                {
                                                    "Worker Number": 2,
                                                    "Actual Startup Time": 168.656,
                                                    "Actual Total Time": 168.656,
                                                    "Actual Rows": 212300,
                                                    "Actual Loops": 1
                                                }
                                            ],
                                            "Plans": [
                                                {
                                                    "Node Type": "Seq Scan",
                                                    "Parent Relationship": "Outer",
                                                    "Parallel Aware": true,
                                                    "Relation Name": "title",
                                                    "Schema": "public",
                                                    "Alias": "t",
                                                    "Startup Cost": 0.0,
                                                    "Total Cost": 43899.01,
                                                    "Plan Rows": 230998,
                                                    "Plan Width": 4,
                                                    "Actual Startup Time": 0.036,
                                                    "Actual Total Time": 92.536,
                                                    "Actual Rows": 231151,
                                                    "Actual Loops": 4,
                                                    "Output": [
                                                        "t.id"
                                                    ],
                                                    "Filter": "(t.production_year < 1998)",
                                                    "Rows Removed by Filter": 400927,
                                                    "Workers": [
                                                        {
                                                            "Worker Number": 0,
                                                            "Actual Startup Time": 0.047,
                                                            "Actual Total Time": 93.496,
                                                            "Actual Rows": 213538,
                                                            "Actual Loops": 1
                                                        },
                                                        {
                                                            "Worker Number": 1,
                                                            "Actual Startup Time": 0.036,
                                                            "Actual Total Time": 94.96,
                                                            "Actual Rows": 210681,
                                                            "Actual Loops": 1
                                                        },
                                                        {
                                                            "Worker Number": 2,
                                                            "Actual Startup Time": 0.05,
                                                            "Actual Total Time": 94.662,
                                                            "Actual Rows": 212300,
                                                            "Actual Loops": 1
                                                        }
                                                    ]
                                                }
                                            ]
                                        }
                                    ]
                                }
                            ]
                        }
                    ]
                }
            ]
        },
        "Planning Time": 179.563,
        "Triggers": [],
        "Execution Time": 251.614
    }
]