[
    {
        "Bao": {
            "Bao prediction": "NaN",
            "Bao recommended hint": "(no hint)"
        }
    },
    {
        "Plan": {
            "Node Type": "Aggregate",
            "Strategy": "Plain",
            "Partial Mode": "Finalize",
            "Parallel Aware": false,
            "Startup Cost": 274886.78,
            "Total Cost": 274886.79,
            "Plan Rows": 1,
            "Plan Width": 8,
            "Actual Startup Time": 555.064,
            "Actual Total Time": 572.294,
            "Actual Rows": 1,
            "Actual Loops": 1,
            "Output": [
                "count(*)"
            ],
            "Plans": [
                {
                    "Node Type": "Gather",
                    "Parent Relationship": "Outer",
                    "Parallel Aware": false,
                    "Startup Cost": 274886.16,
                    "Total Cost": 274886.77,
                    "Plan Rows": 6,
                    "Plan Width": 8,
                    "Actual Startup Time": 552.84,
                    "Actual Total Time": 572.286,
                    "Actual Rows": 7,
                    "Actual Loops": 1,
                    "Output": [
                        "(PARTIAL count(*))"
                    ],
                    "Workers Planned": 6,
                    "Workers Launched": 6,
                    "Single Copy": false,
                    "Plans": [
                        {
                            "Node Type": "Aggregate",
                            "Strategy": "Plain",
                            "Partial Mode": "Partial",
                            "Parent Relationship": "Outer",
                            "Parallel Aware": false,
                            "Startup Cost": 273886.16,
                            "Total Cost": 273886.17,
                            "Plan Rows": 1,
                            "Plan Width": 8,
                            "Actual Startup Time": 542.692,
                            "Actual Total Time": 542.695,
                            "Actual Rows": 1,
                            "Actual Loops": 7,
                            "Output": [
                                "PARTIAL count(*)"
                            ],
                            "Workers": [
                                {
                                    "Worker Number": 0,
                                    "Actual Startup Time": 540.167,
                                    "Actual Total Time": 540.169,
                                    "Actual Rows": 1,
                                    "Actual Loops": 1
                                },
                                {
                                    "Worker Number": 1,
                                    "Actual Startup Time": 540.603,
                                    "Actual Total Time": 540.605,
                                    "Actual Rows": 1,
                                    "Actual Loops": 1
                                },
                                {
                                    "Worker Number": 2,
                                    "Actual Startup Time": 541.306,
                                    "Actual Total Time": 541.309,
                                    "Actual Rows": 1,
                                    "Actual Loops": 1
                                },
                                {
                                    "Worker Number": 3,
                                    "Actual Startup Time": 540.996,
                                    "Actual Total Time": 541.0,
                                    "Actual Rows": 1,
                                    "Actual Loops": 1
                                },
                                {
                                    "Worker Number": 4,
                                    "Actual Startup Time": 541.626,
                                    "Actual Total Time": 541.628,
                                    "Actual Rows": 1,
                                    "Actual Loops": 1
                                },
                                {
                                    "Worker Number": 5,
                                    "Actual Startup Time": 541.638,
                                    "Actual Total Time": 541.641,
                                    "Actual Rows": 1,
                                    "Actual Loops": 1
                                }
                            ],
                            "Plans": [
                                {
                                    "Node Type": "Hash Join",
                                    "Parent Relationship": "Outer",
                                    "Parallel Aware": true,
                                    "Join Type": "Inner",
                                    "Startup Cost": 47136.26,
                                    "Total Cost": 273810.11,
                                    "Plan Rows": 30420,
                                    "Plan Width": 0,
                                    "Actual Startup Time": 122.455,
                                    "Actual Total Time": 536.503,
                                    "Actual Rows": 117841,
                                    "Actual Loops": 7,
                                    "Inner Unique": true,
                                    "Hash Cond": "(ci.movie_id = t.id)",
                                    "Workers": [
                                        {
                                            "Worker Number": 0,
                                            "Actual Startup Time": 120.104,
                                            "Actual Total Time": 534.131,
                                            "Actual Rows": 128425,
                                            "Actual Loops": 1
                                        },
                                        {
                                            "Worker Number": 1,
                                            "Actual Startup Time": 120.391,
                                            "Actual Total Time": 534.492,
                                            "Actual Rows": 125677,
                                            "Actual Loops": 1
                                        },
                                        {
                                            "Worker Number": 2,
                                            "Actual Startup Time": 120.686,
                                            "Actual Total Time": 534.626,
                                            "Actual Rows": 87698,
                                            "Actual Loops": 1
                                        },
                                        {
                                            "Worker Number": 3,
                                            "Actual Startup Time": 120.794,
                                            "Actual Total Time": 534.36,
                                            "Actual Rows": 87212,
                                            "Actual Loops": 1
                                        },
                                        {
                                            "Worker Number": 4,
                                            "Actual Startup Time": 121.367,
                                            "Actual Total Time": 535.63,
                                            "Actual Rows": 127686,
                                            "Actual Loops": 1
                                        },
                                        {
                                            "Worker Number": 5,
                                            "Actual Startup Time": 121.542,
                                            "Actual Total Time": 535.644,
                                            "Actual Rows": 127980,
                                            "Actual Loops": 1
                                        }
                                    ],
                                    "Plans": [
                                        {
                                            "Node Type": "Index Scan",
                                            "Parent Relationship": "Outer",
                                            "Parallel Aware": true,
                                            "Scan Direction": "Forward",
                                            "Index Name": "role_id_cast_info",
                                            "Relation Name": "cast_info",
                                            "Schema": "public",
                                            "Alias": "ci",
                                            "Startup Cost": 0.56,
                                            "Total Cost": 226293.54,
                                            "Plan Rows": 145096,
                                            "Plan Width": 4,
                                            "Actual Startup Time": 25.941,
                                            "Actual Total Time": 322.579,
                                            "Actual Rows": 537583,
                                            "Actual Loops": 7,
                                            "Output": [
                                                "ci.id",
                                                "ci.person_id",
                                                "ci.movie_id",
                                                "ci.person_role_id",
                                                "ci.note",
                                                "ci.nr_order",
                                                "ci.role_id"
                                            ],
                                            "Index Cond": "(ci.role_id > 5)",
                                            "Rows Removed by Index Recheck": 0,
                                            "Filter": "(ci.person_id > 3374333)",
                                            "Rows Removed by Filter": 674747,
                                            "Workers": [
                                                {
                                                    "Worker Number": 0,
                                                    "Actual Startup Time": 26.034,
                                                    "Actual Total Time": 325.973,
                                                    "Actual Rows": 589455,
                                                    "Actual Loops": 1
                                                },
                                                {
                                                    "Worker Number": 1,
                                                    "Actual Startup Time": 25.965,
                                                    "Actual Total Time": 319.201,
                                                    "Actual Rows": 571704,
                                                    "Actual Loops": 1
                                                },
                                                {
                                                    "Worker Number": 2,
                                                    "Actual Startup Time": 25.901,
                                                    "Actual Total Time": 322.742,
                                                    "Actual Rows": 403536,
                                                    "Actual Loops": 1
                                                },
                                                {
                                                    "Worker Number": 3,
                                                    "Actual Startup Time": 25.956,
                                                    "Actual Total Time": 324.325,
                                                    "Actual Rows": 401890,
                                                    "Actual Loops": 1
                                                },
                                                {
                                                    "Worker Number": 4,
                                                    "Actual Startup Time": 25.899,
                                                    "Actual Total Time": 324.569,
                                                    "Actual Rows": 583559,
                                                    "Actual Loops": 1
                                                },
                                                {
                                                    "Worker Number": 5,
                                                    "Actual Startup Time": 25.915,
                                                    "Actual Total Time": 324.594,
                                                    "Actual Rows": 580832,
                                                    "Actual Loops": 1
                                                }
                                            ]
                                        },
                                        {
                                            "Node Type": "Hash",
                                            "Parent Relationship": "Inner",
                                            "Parallel Aware": true,
                                            "Startup Cost": 45479.21,
                                            "Total Cost": 45479.21,
                                            "Plan Rows": 132519,
                                            "Plan Width": 4,
                                            "Actual Startup Time": 94.596,
                                            "Actual Total Time": 94.597,
                                            "Actual Rows": 57676,
                                            "Actual Loops": 7,
                                            "Output": [
                                                "t.id"
                                            ],
                                            "Hash Buckets": 1048576,
                                            "Original Hash Buckets": 1048576,
                                            "Hash Batches": 1,
                                            "Original Hash Batches": 1,
                                            "Peak Memory Usage": 24096,
                                            "Workers": [
                                                {
                                                    "Worker Number": 0,
                                                    "Actual Startup Time": 93.584,
                                                    "Actual Total Time": 93.585,
                                                    "Actual Rows": 60666,
                                                    "Actual Loops": 1
                                                },
                                                {
                                                    "Worker Number": 1,
                                                    "Actual Startup Time": 93.972,
                                                    "Actual Total Time": 93.973,
                                                    "Actual Rows": 59687,
                                                    "Actual Loops": 1
                                                },
                                                {
                                                    "Worker Number": 2,
                                                    "Actual Startup Time": 94.305,
                                                    "Actual Total Time": 94.306,
                                                    "Actual Rows": 41076,
                                                    "Actual Loops": 1
                                                },
                                                {
                                                    "Worker Number": 3,
                                                    "Actual Startup Time": 94.36,
                                                    "Actual Total Time": 94.361,
                                                    "Actual Rows": 40836,
                                                    "Actual Loops": 1
                                                },
                                                {
                                                    "Worker Number": 4,
                                                    "Actual Startup Time": 94.932,
                                                    "Actual Total Time": 94.933,
                                                    "Actual Rows": 62087,
                                                    "Actual Loops": 1
                                                },
                                                {
                                                    "Worker Number": 5,
                                                    "Actual Startup Time": 95.014,
                                                    "Actual Total Time": 95.015,
                                                    "Actual Rows": 61359,
                                                    "Actual Loops": 1
                                                }
                                            ],
                                            "Plans": [
                                                {
                                                    "Node Type": "Seq Scan",
                                                    "Parent Relationship": "Outer",
                                                    "Parallel Aware": true,
                                                    "Relation Name": "title",
                                                    "Schema": "public",
                                                    "Alias": "t",
                                                    "Startup Cost": 0.0,
                                                    "Total Cost": 45479.21,
                                                    "Plan Rows": 132519,
                                                    "Plan Width": 4,
                                                    "Actual Startup Time": 38.998,
                                                    "Actual Total Time": 73.598,
                                                    "Actual Rows": 57676,
                                                    "Actual Loops": 7,
                                                    "Output": [
                                                        "t.id"
                                                    ],
                                                    "Filter": "((t.production_year > 1975) AND (t.kind_id = 1))",
                                                    "Rows Removed by Filter": 303512,
                                                    "Workers": [
                                                        {
                                                            "Worker Number": 0,
                                                            "Actual Startup Time": 44.176,
                                                            "Actual Total Time": 73.25,
                                                            "Actual Rows": 60666,
                                                            "Actual Loops": 1
                                                        },
                                                        {
                                                            "Worker Number": 1,
                                                            "Actual Startup Time": 44.124,
                                                            "Actual Total Time": 72.388,
                                                            "Actual Rows": 59687,
                                                            "Actual Loops": 1
                                                        },
                                                        {
                                                            "Worker Number": 2,
                                                            "Actual Startup Time": 44.59,
                                                            "Actual Total Time": 74.184,
                                                            "Actual Rows": 41076,
                                                            "Actual Loops": 1
                                                        },
                                                        {
                                                            "Worker Number": 3,
                                                            "Actual Startup Time": 44.473,
                                                            "Actual Total Time": 74.026,
                                                            "Actual Rows": 40836,
                                                            "Actual Loops": 1
                                                        },
                                                        {
                                                            "Worker Number": 4,
                                                            "Actual Startup Time": 45.15,
                                                            "Actual Total Time": 74.554,
                                                            "Actual Rows": 62087,
                                                            "Actual Loops": 1
                                                        },
                                                        {
                                                            "Worker Number": 5,
                                                            "Actual Startup Time": 45.139,
                                                            "Actual Total Time": 74.463,
                                                            "Actual Rows": 61359,
                                                            "Actual Loops": 1
                                                        }
                                                    ]
                                                }
                                            ]
                                        }
                                    ]
                                }
                            ]
                        }
                    ]
                }
            ]
        },
        "Planning Time": 181.825,
        "Triggers": [],
        "Execution Time": 572.363
    }
]