[
  {
    "Plan": {
      "Node Type": "Aggregate",
      "Strategy": "Plain",
      "Partial Mode": "Finalize",
      "Parallel Aware": false,
      "Startup Cost": 312050.95,
      "Total Cost": 312050.96,
      "Plan Rows": 1,
      "Plan Width": 8,
      "Actual Startup Time": 2475.058,
      "Actual Total Time": 2556.529,
      "Actual Rows": 1,
      "Actual Loops": 1,
      "Plans": [
        {
          "Node Type": "Gather",
          "Parent Relationship": "Outer",
          "Parallel Aware": false,
          "Startup Cost": 312050.43,
          "Total Cost": 312050.94,
          "Plan Rows": 5,
          "Plan Width": 8,
          "Actual Startup Time": 2464.183,
          "Actual Total Time": 2556.517,
          "Actual Rows": 6,
          "Actual Loops": 1,
          "Workers Planned": 5,
          "Workers Launched": 5,
          "Single Copy": false,
          "Plans": [
            {
              "Node Type": "Aggregate",
              "Strategy": "Plain",
              "Partial Mode": "Partial",
              "Parent Relationship": "Outer",
              "Parallel Aware": false,
              "Startup Cost": 311050.43,
              "Total Cost": 311050.44,
              "Plan Rows": 1,
              "Plan Width": 8,
              "Actual Startup Time": 2442.471,
              "Actual Total Time": 2442.474,
              "Actual Rows": 1,
              "Actual Loops": 6,
              "Plans": [
                {
                  "Node Type": "Nested Loop",
                  "Parent Relationship": "Outer",
                  "Parallel Aware": false,
                  "Join Type": "Inner",
                  "Startup Cost": 53827.57,
                  "Total Cost": 310148.36,
                  "Plan Rows": 360829,
                  "Plan Width": 0,
                  "Actual Startup Time": 303.466,
                  "Actual Total Time": 2336.54,
                  "Actual Rows": 1867532,
                  "Actual Loops": 6,
                  "Inner Unique": false,
                  "Plans": [
                    {
                      "Node Type": "Hash Join",
                      "Parent Relationship": "Outer",
                      "Parallel Aware": true,
                      "Join Type": "Inner",
                      "Startup Cost": 53827.0,
                      "Total Cost": 224916.25,
                      "Plan Rows": 39817,
                      "Plan Width": 8,
                      "Actual Startup Time": 303.056,
                      "Actual Total Time": 336.53,
                      "Actual Rows": 30019,
                      "Actual Loops": 6,
                      "Inner Unique": true,
                      "Hash Cond": "(mi.movie_id = t.id)",
                      "Plans": [
                        {
                          "Node Type": "Bitmap Heap Scan",
                          "Parent Relationship": "Outer",
                          "Parallel Aware": true,
                          "Relation Name": "movie_info",
                          "Alias": "mi",
                          "Startup Cost": 3607.36,
                          "Total Cost": 174592.08,
                          "Plan Rows": 39817,
                          "Plan Width": 4,
                          "Actual Startup Time": 8.668,
                          "Actual Total Time": 20.478,
                          "Actual Rows": 30019,
                          "Actual Loops": 6,
                          "Recheck Cond": "(info_type_id = 13)",
                          "Rows Removed by Index Recheck": 0,
                          "Exact Heap Blocks": 1003,
                          "Lossy Heap Blocks": 0,
                          "Plans": [
                            {
                              "Node Type": "Bitmap Index Scan",
                              "Parent Relationship": "Outer",
                              "Parallel Aware": false,
                              "Index Name": "info_type_id_movie_info",
                              "Startup Cost": 0.0,
                              "Total Cost": 3557.59,
                              "Plan Rows": 199087,
                              "Plan Width": 0,
                              "Actual Startup Time": 7.897,
                              "Actual Total Time": 7.897,
                              "Actual Rows": 180112,
                              "Actual Loops": 1,
                              "Index Cond": "(info_type_id = 13)"
                            }
                          ]
                        },
                        {
                          "Node Type": "Hash",
                          "Parent Relationship": "Inner",
                          "Parallel Aware": true,
                          "Startup Cost": 42318.73,
                          "Total Cost": 42318.73,
                          "Plan Rows": 632073,
                          "Plan Width": 4,
                          "Actual Startup Time": 286.511,
                          "Actual Total Time": 286.511,
                          "Actual Rows": 421385,
                          "Actual Loops": 6,
                          "Hash Buckets": 4194304,
                          "Original Hash Buckets": 4194304,
                          "Hash Batches": 1,
                          "Original Hash Batches": 1,
                          "Peak Memory Usage": 131776,
                          "Plans": [
                            {
                              "Node Type": "Seq Scan",
                              "Parent Relationship": "Outer",
                              "Parallel Aware": true,
                              "Relation Name": "title",
                              "Alias": "t",
                              "Startup Cost": 0.0,
                              "Total Cost": 42318.73,
                              "Plan Rows": 632073,
                              "Plan Width": 4,
                              "Actual Startup Time": 0.037,
                              "Actual Total Time": 86.293,
                              "Actual Rows": 421385,
                              "Actual Loops": 6
                            }
                          ]
                        }
                      ]
                    },
                    {
                      "Node Type": "Index Scan",
                      "Parent Relationship": "Inner",
                      "Parallel Aware": false,
                      "Scan Direction": "Forward",
                      "Index Name": "movie_id_cast_info",
                      "Relation Name": "cast_info",
                      "Alias": "ci",
                      "Startup Cost": 0.56,
                      "Total Cost": 1.91,
                      "Plan Rows": 23,
                      "Plan Width": 4,
                      "Actual Startup Time": 0.02,
                      "Actual Total Time": 0.061,
                      "Actual Rows": 62,
                      "Actual Loops": 180112,
                      "Index Cond": "(movie_id = t.id)",
                      "Rows Removed by Index Recheck": 0,
                      "Filter": "(person_id > 1313688)",
                      "Rows Removed by Filter": 38
                    }
                  ]
                }
              ]
            }
          ]
        }
      ]
    },
    "Planning Time": 1.299,
    "Triggers": [],
    "Execution Time": 2556.687
  }
]