[
  {
    "Plan": {
      "Node Type": "Aggregate",
      "Strategy": "Plain",
      "Partial Mode": "Finalize",
      "Parallel Aware": false,
      "Startup Cost": 31652.66,
      "Total Cost": 31652.67,
      "Plan Rows": 1,
      "Plan Width": 8,
      "Actual Startup Time": 73.25,
      "Actual Total Time": 80.449,
      "Actual Rows": 1,
      "Actual Loops": 1,
      "Plans": [
        {
          "Node Type": "Gather",
          "Parent Relationship": "Outer",
          "Parallel Aware": false,
          "Startup Cost": 31652.34,
          "Total Cost": 31652.65,
          "Plan Rows": 3,
          "Plan Width": 8,
          "Actual Startup Time": 72.975,
          "Actual Total Time": 80.44,
          "Actual Rows": 4,
          "Actual Loops": 1,
          "Workers Planned": 3,
          "Workers Launched": 3,
          "Single Copy": false,
          "Plans": [
            {
              "Node Type": "Aggregate",
              "Strategy": "Plain",
              "Partial Mode": "Partial",
              "Parent Relationship": "Outer",
              "Parallel Aware": false,
              "Startup Cost": 30652.34,
              "Total Cost": 30652.35,
              "Plan Rows": 1,
              "Plan Width": 8,
              "Actual Startup Time": 64.076,
              "Actual Total Time": 64.077,
              "Actual Rows": 1,
              "Actual Loops": 4,
              "Plans": [
                {
                  "Node Type": "Bitmap Heap Scan",
                  "Parent Relationship": "Outer",
                  "Parallel Aware": true,
                  "Relation Name": "movie_keyword",
                  "Alias": "mk",
                  "Startup Cost": 5047.58,
                  "Total Cost": 30460.55,
                  "Plan Rows": 76718,
                  "Plan Width": 0,
                  "Actual Startup Time": 8.324,
                  "Actual Total Time": 60.342,
                  "Actual Rows": 60364,
                  "Actual Loops": 4,
                  "Recheck Cond": "(keyword_id > 61653)",
                  "Rows Removed by Index Recheck": 0,
                  "Exact Heap Blocks": 11876,
                  "Lossy Heap Blocks": 0,
                  "Plans": [
                    {
                      "Node Type": "Bitmap Index Scan",
                      "Parent Relationship": "Outer",
                      "Parallel Aware": false,
                      "Index Name": "keyword_id_movie_keyword",
                      "Startup Cost": 0.0,
                      "Total Cost": 4988.12,
                      "Plan Rows": 237825,
                      "Plan Width": 0,
                      "Actual Startup Time": 13.7,
                      "Actual Total Time": 13.7,
                      "Actual Rows": 241454,
                      "Actual Loops": 1,
                      "Index Cond": "(keyword_id > 61653)"
                    }
                  ]
                }
              ]
            }
          ]
        }
      ]
    },
    "Planning Time": 0.074,
    "Triggers": [],
    "Execution Time": 80.482
  }
]