[
    {
        "Bao": {
            "Bao prediction": "NaN",
            "Bao recommended hint": "(no hint)"
        }
    },
    {
        "Plan": {
            "Node Type": "Aggregate",
            "Strategy": "Plain",
            "Partial Mode": "Finalize",
            "Parallel Aware": false,
            "Startup Cost": 146716.22,
            "Total Cost": 146716.23,
            "Plan Rows": 1,
            "Plan Width": 8,
            "Actual Startup Time": 349.76,
            "Actual Total Time": 368.148,
            "Actual Rows": 1,
            "Actual Loops": 1,
            "Output": [
                "count(*)"
            ],
            "Plans": [
                {
                    "Node Type": "Gather",
                    "Parent Relationship": "Outer",
                    "Parallel Aware": false,
                    "Startup Cost": 146715.9,
                    "Total Cost": 146716.21,
                    "Plan Rows": 3,
                    "Plan Width": 8,
                    "Actual Startup Time": 348.609,
                    "Actual Total Time": 368.14,
                    "Actual Rows": 4,
                    "Actual Loops": 1,
                    "Output": [
                        "(PARTIAL count(*))"
                    ],
                    "Workers Planned": 3,
                    "Workers Launched": 3,
                    "Single Copy": false,
                    "Plans": [
                        {
                            "Node Type": "Aggregate",
                            "Strategy": "Plain",
                            "Partial Mode": "Partial",
                            "Parent Relationship": "Outer",
                            "Parallel Aware": false,
                            "Startup Cost": 145715.9,
                            "Total Cost": 145715.91,
                            "Plan Rows": 1,
                            "Plan Width": 8,
                            "Actual Startup Time": 339.748,
                            "Actual Total Time": 339.752,
                            "Actual Rows": 1,
                            "Actual Loops": 4,
                            "Output": [
                                "PARTIAL count(*)"
                            ],
                            "Workers": [
                                {
                                    "Worker Number": 0,
                                    "Actual Startup Time": 336.488,
                                    "Actual Total Time": 336.491,
                                    "Actual Rows": 1,
                                    "Actual Loops": 1
                                },
                                {
                                    "Worker Number": 1,
                                    "Actual Startup Time": 336.937,
                                    "Actual Total Time": 336.941,
                                    "Actual Rows": 1,
                                    "Actual Loops": 1
                                },
                                {
                                    "Worker Number": 2,
                                    "Actual Startup Time": 337.315,
                                    "Actual Total Time": 337.318,
                                    "Actual Rows": 1,
                                    "Actual Loops": 1
                                }
                            ],
                            "Plans": [
                                {
                                    "Node Type": "Nested Loop",
                                    "Parent Relationship": "Outer",
                                    "Parallel Aware": false,
                                    "Join Type": "Inner",
                                    "Startup Cost": 86134.26,
                                    "Total Cost": 145678.34,
                                    "Plan Rows": 15024,
                                    "Plan Width": 0,
                                    "Actual Startup Time": 181.448,
                                    "Actual Total Time": 338.186,
                                    "Actual Rows": 20662,
                                    "Actual Loops": 4,
                                    "Inner Unique": true,
                                    "Join Filter": "(ci.movie_id = t.id)",
                                    "Rows Removed by Join Filter": 0,
                                    "Workers": [
                                        {
                                            "Worker Number": 0,
                                            "Actual Startup Time": 178.272,
                                            "Actual Total Time": 334.913,
                                            "Actual Rows": 17725,
                                            "Actual Loops": 1
                                        },
                                        {
                                            "Worker Number": 1,
                                            "Actual Startup Time": 178.459,
                                            "Actual Total Time": 335.437,
                                            "Actual Rows": 20695,
                                            "Actual Loops": 1
                                        },
                                        {
                                            "Worker Number": 2,
                                            "Actual Startup Time": 179.079,
                                            "Actual Total Time": 335.723,
                                            "Actual Rows": 18440,
                                            "Actual Loops": 1
                                        }
                                    ],
                                    "Plans": [
                                        {
                                            "Node Type": "Hash Join",
                                            "Parent Relationship": "Outer",
                                            "Parallel Aware": true,
                                            "Join Type": "Inner",
                                            "Startup Cost": 86133.83,
                                            "Total Cost": 115819.88,
                                            "Plan Rows": 40252,
                                            "Plan Width": 8,
                                            "Actual Startup Time": 181.332,
                                            "Actual Total Time": 265.194,
                                            "Actual Rows": 20662,
                                            "Actual Loops": 4,
                                            "Output": [
                                                "ci.movie_id",
                                                "mk.movie_id"
                                            ],
                                            "Inner Unique": false,
                                            "Hash Cond": "(mk.movie_id = ci.movie_id)",
                                            "Workers": [
                                                {
                                                    "Worker Number": 0,
                                                    "Actual Startup Time": 178.119,
                                                    "Actual Total Time": 257.653,
                                                    "Actual Rows": 17725,
                                                    "Actual Loops": 1
                                                },
                                                {
                                                    "Worker Number": 1,
                                                    "Actual Startup Time": 178.392,
                                                    "Actual Total Time": 261.009,
                                                    "Actual Rows": 20695,
                                                    "Actual Loops": 1
                                                },
                                                {
                                                    "Worker Number": 2,
                                                    "Actual Startup Time": 178.896,
                                                    "Actual Total Time": 259.543,
                                                    "Actual Rows": 18440,
                                                    "Actual Loops": 1
                                                }
                                            ],
                                            "Plans": [
                                                {
                                                    "Node Type": "Bitmap Heap Scan",
                                                    "Parent Relationship": "Outer",
                                                    "Parallel Aware": true,
                                                    "Relation Name": "movie_keyword",
                                                    "Schema": "public",
                                                    "Alias": "mk",
                                                    "Startup Cost": 13551.07,
                                                    "Total Cost": 40580.84,
                                                    "Plan Rows": 206062,
                                                    "Plan Width": 4,
                                                    "Actual Startup Time": 49.697,
                                                    "Actual Total Time": 102.526,
                                                    "Actual Rows": 160432,
                                                    "Actual Loops": 4,
                                                    "Output": [
                                                        "mk.id",
                                                        "mk.movie_id",
                                                        "mk.keyword_id"
                                                    ],
                                                    "Recheck Cond": "(mk.keyword_id < 498)",
                                                    "Rows Removed by Index Recheck": 0,
                                                    "Exact Heap Blocks": 7587,
                                                    "Lossy Heap Blocks": 0,
                                                    "Workers": [
                                                        {
                                                            "Worker Number": 0,
                                                            "Actual Startup Time": 49.828,
                                                            "Actual Total Time": 101.754,
                                                            "Actual Rows": 135597,
                                                            "Actual Loops": 1
                                                        },
                                                        {
                                                            "Worker Number": 1,
                                                            "Actual Startup Time": 49.464,
                                                            "Actual Total Time": 101.901,
                                                            "Actual Rows": 166790,
                                                            "Actual Loops": 1
                                                        },
                                                        {
                                                            "Worker Number": 2,
                                                            "Actual Startup Time": 49.77,
                                                            "Actual Total Time": 101.889,
                                                            "Actual Rows": 140312,
                                                            "Actual Loops": 1
                                                        }
                                                    ],
                                                    "Plans": [
                                                        {
                                                            "Node Type": "Bitmap Index Scan",
                                                            "Parent Relationship": "Outer",
                                                            "Parallel Aware": false,
                                                            "Index Name": "keyword_id_movie_keyword",
                                                            "Startup Cost": 0.0,
                                                            "Total Cost": 13391.37,
                                                            "Plan Rows": 638792,
                                                            "Plan Width": 0,
                                                            "Actual Startup Time": 45.922,
                                                            "Actual Total Time": 45.923,
                                                            "Actual Rows": 641726,
                                                            "Actual Loops": 1,
                                                            "Index Cond": "(mk.keyword_id < 498)",
                                                            "Workers": [
                                                                {
                                                                    "Worker Number": 1,
                                                                    "Actual Startup Time": 45.922,
                                                                    "Actual Total Time": 45.923,
                                                                    "Actual Rows": 641726,
                                                                    "Actual Loops": 1
                                                                }
                                                            ]
                                                        }
                                                    ]
                                                },
                                                {
                                                    "Node Type": "Hash",
                                                    "Parent Relationship": "Inner",
                                                    "Parallel Aware": true,
                                                    "Startup Cost": 72121.93,
                                                    "Total Cost": 72121.93,
                                                    "Plan Rows": 36867,
                                                    "Plan Width": 4,
                                                    "Actual Startup Time": 129.999,
                                                    "Actual Total Time": 130.0,
                                                    "Actual Rows": 46130,
                                                    "Actual Loops": 4,
                                                    "Output": [
                                                        "ci.movie_id"
                                                    ],
                                                    "Hash Buckets": 262144,
                                                    "Original Hash Buckets": 262144,
                                                    "Hash Batches": 1,
                                                    "Original Hash Batches": 1,
                                                    "Peak Memory Usage": 9344,
                                                    "Workers": [
                                                        {
                                                            "Worker Number": 0,
                                                            "Actual Startup Time": 127.718,
                                                            "Actual Total Time": 127.718,
                                                            "Actual Rows": 34584,
                                                            "Actual Loops": 1
                                                        },
                                                        {
                                                            "Worker Number": 1,
                                                            "Actual Startup Time": 128.151,
                                                            "Actual Total Time": 128.152,
                                                            "Actual Rows": 32950,
                                                            "Actual Loops": 1
                                                        },
                                                        {
                                                            "Worker Number": 2,
                                                            "Actual Startup Time": 128.407,
                                                            "Actual Total Time": 128.408,
                                                            "Actual Rows": 35100,
                                                            "Actual Loops": 1
                                                        }
                                                    ],
                                                    "Plans": [
                                                        {
                                                            "Node Type": "Index Scan",
                                                            "Parent Relationship": "Outer",
                                                            "Parallel Aware": true,
                                                            "Scan Direction": "Forward",
                                                            "Index Name": "role_id_cast_info",
                                                            "Relation Name": "cast_info",
                                                            "Schema": "public",
                                                            "Alias": "ci",
                                                            "Startup Cost": 0.56,
                                                            "Total Cost": 72121.93,
                                                            "Plan Rows": 36867,
                                                            "Plan Width": 4,
                                                            "Actual Startup Time": 0.193,
                                                            "Actual Total Time": 113.726,
                                                            "Actual Rows": 46130,
                                                            "Actual Loops": 4,
                                                            "Output": [
                                                                "ci.movie_id"
                                                            ],
                                                            "Index Cond": "(ci.role_id = 4)",
                                                            "Rows Removed by Index Recheck": 0,
                                                            "Filter": "(ci.person_id < 245546)",
                                                            "Rows Removed by Filter": 636106,
                                                            "Workers": [
                                                                {
                                                                    "Worker Number": 0,
                                                                    "Actual Startup Time": 0.454,
                                                                    "Actual Total Time": 112.663,
                                                                    "Actual Rows": 34584,
                                                                    "Actual Loops": 1
                                                                },
                                                                {
                                                                    "Worker Number": 1,
                                                                    "Actual Startup Time": 0.149,
                                                                    "Actual Total Time": 112.282,
                                                                    "Actual Rows": 32950,
                                                                    "Actual Loops": 1
                                                                },
                                                                {
                                                                    "Worker Number": 2,
                                                                    "Actual Startup Time": 0.138,
                                                                    "Actual Total Time": 113.097,
                                                                    "Actual Rows": 35100,
                                                                    "Actual Loops": 1
                                                                }
                                                            ]
                                                        }
                                                    ]
                                                }
                                            ]
                                        },
                                        {
                                            "Node Type": "Index Only Scan",
                                            "Parent Relationship": "Inner",
                                            "Parallel Aware": false,
                                            "Scan Direction": "Forward",
                                            "Index Name": "title_pkey",
                                            "Relation Name": "title",
                                            "Schema": "public",
                                            "Alias": "t",
                                            "Startup Cost": 0.43,
                                            "Total Cost": 0.73,
                                            "Plan Rows": 1,
                                            "Plan Width": 4,
                                            "Actual Startup Time": 0.003,
                                            "Actual Total Time": 0.003,
                                            "Actual Rows": 1,
                                            "Actual Loops": 82647,
                                            "Output": [
                                                "t.id"
                                            ],
                                            "Index Cond": "(t.id = mk.movie_id)",
                                            "Rows Removed by Index Recheck": 0,
                                            "Heap Fetches": 82647,
                                            "Workers": [
                                                {
                                                    "Worker Number": 0,
                                                    "Actual Startup Time": 0.004,
                                                    "Actual Total Time": 0.004,
                                                    "Actual Rows": 1,
                                                    "Actual Loops": 17725
                                                },
                                                {
                                                    "Worker Number": 1,
                                                    "Actual Startup Time": 0.003,
                                                    "Actual Total Time": 0.003,
                                                    "Actual Rows": 1,
                                                    "Actual Loops": 20695
                                                },
                                                {
                                                    "Worker Number": 2,
                                                    "Actual Startup Time": 0.004,
                                                    "Actual Total Time": 0.004,
                                                    "Actual Rows": 1,
                                                    "Actual Loops": 18440
                                                }
                                            ]
                                        }
                                    ]
                                }
                            ]
                        }
                    ]
                }
            ]
        },
        "Planning Time": 195.806,
        "Triggers": [],
        "Execution Time": 368.239
    }
]