[
  {
    "Plan": {
      "Node Type": "Aggregate",
      "Strategy": "Plain",
      "Partial Mode": "Simple",
      "Parallel Aware": false,
      "Startup Cost": 769423.98,
      "Total Cost": 769423.99,
      "Plan Rows": 1,
      "Plan Width": 64,
      "Actual Startup Time": 2915.793,
      "Actual Total Time": 3104.162,
      "Actual Rows": 1,
      "Actual Loops": 1,
      "Plans": [
        {
          "Node Type": "Gather",
          "Parent Relationship": "Outer",
          "Parallel Aware": false,
          "Startup Cost": 722914.99,
          "Total Cost": 769423.98,
          "Plan Rows": 1,
          "Plan Width": 32,
          "Actual Startup Time": 2875.648,
          "Actual Total Time": 3104.1,
          "Actual Rows": 308,
          "Actual Loops": 1,
          "Workers Planned": 4,
          "Workers Launched": 4,
          "Single Copy": false,
          "Plans": [
            {
              "Node Type": "Hash Join",
              "Parent Relationship": "Outer",
              "Parallel Aware": true,
              "Join Type": "Inner",
              "Startup Cost": 721914.99,
              "Total Cost": 768423.88,
              "Plan Rows": 1,
              "Plan Width": 32,
              "Actual Startup Time": 2846.124,
              "Actual Total Time": 2903.811,
              "Actual Rows": 62,
              "Actual Loops": 5,
              "Inner Unique": false,
              "Hash Cond": "(t.id = mi.movie_id)",
              "Plans": [
                {
                  "Node Type": "Seq Scan",
                  "Parent Relationship": "Outer",
                  "Parallel Aware": true,
                  "Relation Name": "title",
                  "Alias": "t",
                  "Startup Cost": 0.0,
                  "Total Cost": 45478.74,
                  "Plan Rows": 274704,
                  "Plan Width": 21,
                  "Actual Startup Time": 0.016,
                  "Actual Total Time": 107.176,
                  "Actual Rows": 218673,
                  "Actual Loops": 5,
                  "Filter": "((production_year >= 1999) AND (production_year <= 2010))",
                  "Rows Removed by Filter": 286990
                },
                {
                  "Node Type": "Hash",
                  "Parent Relationship": "Inner",
                  "Parallel Aware": true,
                  "Startup Cost": 721914.98,
                  "Total Cost": 721914.98,
                  "Plan Rows": 1,
                  "Plan Width": 27,
                  "Actual Startup Time": 2780.538,
                  "Actual Total Time": 2780.564,
                  "Actual Rows": 62,
                  "Actual Loops": 5,
                  "Hash Buckets": 1024,
                  "Original Hash Buckets": 1024,
                  "Hash Batches": 1,
                  "Original Hash Batches": 1,
                  "Peak Memory Usage": 168,
                  "Plans": [
                    {
                      "Node Type": "Hash Join",
                      "Parent Relationship": "Outer",
                      "Parallel Aware": true,
                      "Join Type": "Inner",
                      "Startup Cost": 717004.03,
                      "Total Cost": 721914.98,
                      "Plan Rows": 1,
                      "Plan Width": 27,
                      "Actual Startup Time": 2770.958,
                      "Actual Total Time": 2780.447,
                      "Actual Rows": 62,
                      "Actual Loops": 5,
                      "Inner Unique": false,
                      "Hash Cond": "(cn.id = mc.company_id)",
                      "Plans": [
                        {
                          "Node Type": "Seq Scan",
                          "Parent Relationship": "Outer",
                          "Parallel Aware": true,
                          "Relation Name": "company_name",
                          "Alias": "cn",
                          "Startup Cost": 0.0,
                          "Total Cost": 4722.92,
                          "Plan Rows": 50137,
                          "Plan Width": 4,
                          "Actual Startup Time": 0.021,
                          "Actual Total Time": 9.417,
                          "Actual Rows": 16969,
                          "Actual Loops": 5,
                          "Filter": "((country_code)::text = '[us]'::text)",
                          "Rows Removed by Filter": 30031
                        },
                        {
                          "Node Type": "Hash",
                          "Parent Relationship": "Inner",
                          "Parallel Aware": true,
                          "Startup Cost": 717004.02,
                          "Total Cost": 717004.02,
                          "Plan Rows": 1,
                          "Plan Width": 31,
                          "Actual Startup Time": 2769.719,
                          "Actual Total Time": 2769.742,
                          "Actual Rows": 64,
                          "Actual Loops": 5,
                          "Hash Buckets": 1024,
                          "Original Hash Buckets": 1024,
                          "Hash Batches": 1,
                          "Original Hash Batches": 1,
                          "Peak Memory Usage": 168,
                          "Plans": [
                            {
                              "Node Type": "Hash Join",
                              "Parent Relationship": "Outer",
                              "Parallel Aware": true,
                              "Join Type": "Inner",
                              "Startup Cost": 685234.22,
                              "Total Cost": 717004.02,
                              "Plan Rows": 1,
                              "Plan Width": 31,
                              "Actual Startup Time": 2670.247,
                              "Actual Total Time": 2769.662,
                              "Actual Rows": 64,
                              "Actual Loops": 5,
                              "Inner Unique": false,
                              "Hash Cond": "(mc.movie_id = mi.movie_id)",
                              "Plans": [
                                {
                                  "Node Type": "Seq Scan",
                                  "Parent Relationship": "Outer",
                                  "Parallel Aware": true,
                                  "Relation Name": "movie_companies",
                                  "Alias": "mc",
                                  "Startup Cost": 0.0,
                                  "Total Cost": 31414.82,
                                  "Plan Rows": 94659,
                                  "Plan Width": 8,
                                  "Actual Startup Time": 0.028,
                                  "Actual Total Time": 115.788,
                                  "Actual Rows": 118199,
                                  "Actual Loops": 5,
                                  "Filter": "((note IS NOT NULL) AND ((note ~~ '%(USA)%'::text) OR (note ~~ '%(worldwide)%'::text)))",
                                  "Rows Removed by Filter": 403627
                                },
                                {
                                  "Node Type": "Hash",
                                  "Parent Relationship": "Inner",
                                  "Parallel Aware": true,
                                  "Startup Cost": 685234.21,
                                  "Total Cost": 685234.21,
                                  "Plan Rows": 1,
                                  "Plan Width": 23,
                                  "Actual Startup Time": 2644.677,
                                  "Actual Total Time": 2644.696,
                                  "Actual Rows": 108,
                                  "Actual Loops": 5,
                                  "Hash Buckets": 1024,
                                  "Original Hash Buckets": 1024,
                                  "Hash Batches": 1,
                                  "Original Hash Batches": 1,
                                  "Peak Memory Usage": 72,
                                  "Plans": [
                                    {
                                      "Node Type": "Hash Join",
                                      "Parent Relationship": "Outer",
                                      "Parallel Aware": true,
                                      "Join Type": "Inner",
                                      "Startup Cost": 637962.94,
                                      "Total Cost": 685234.21,
                                      "Plan Rows": 1,
                                      "Plan Width": 23,
                                      "Actual Startup Time": 2608.359,
                                      "Actual Total Time": 2644.622,
                                      "Actual Rows": 108,
                                      "Actual Loops": 5,
                                      "Inner Unique": false,
                                      "Hash Cond": "(chn.id = ci.person_role_id)",
                                      "Plans": [
                                        {
                                          "Node Type": "Seq Scan",
                                          "Parent Relationship": "Outer",
                                          "Parallel Aware": true,
                                          "Relation Name": "char_name",
                                          "Alias": "chn",
                                          "Startup Cost": 0.0,
                                          "Total Cost": 44325.46,
                                          "Plan Rows": 785546,
                                          "Plan Width": 4,
                                          "Actual Startup Time": 0.017,
                                          "Actual Total Time": 114.378,
                                          "Actual Rows": 628068,
                                          "Actual Loops": 5
                                        },
                                        {
                                          "Node Type": "Hash",
                                          "Parent Relationship": "Inner",
                                          "Parallel Aware": true,
                                          "Startup Cost": 637962.93,
                                          "Total Cost": 637962.93,
                                          "Plan Rows": 1,
                                          "Plan Width": 27,
                                          "Actual Startup Time": 2482.987,
                                          "Actual Total Time": 2483.003,
                                          "Actual Rows": 108,
                                          "Actual Loops": 5,
                                          "Hash Buckets": 1024,
                                          "Original Hash Buckets": 1024,
                                          "Hash Batches": 1,
                                          "Original Hash Batches": 1,
                                          "Peak Memory Usage": 72,
                                          "Plans": [
                                            {
                                              "Node Type": "Hash Join",
                                              "Parent Relationship": "Outer",
                                              "Parallel Aware": true,
                                              "Join Type": "Inner",
                                              "Startup Cost": 622569.03,
                                              "Total Cost": 637962.93,
                                              "Plan Rows": 1,
                                              "Plan Width": 27,
                                              "Actual Startup Time": 2476.554,
                                              "Actual Total Time": 2482.911,
                                              "Actual Rows": 108,
                                              "Actual Loops": 5,
                                              "Inner Unique": false,
                                              "Hash Cond": "(an.person_id = n.id)",
                                              "Plans": [
                                                {
                                                  "Node Type": "Seq Scan",
                                                  "Parent Relationship": "Outer",
                                                  "Parallel Aware": true,
                                                  "Relation Name": "aka_name",
                                                  "Alias": "an",
                                                  "Startup Cost": 0.0,
                                                  "Total Cost": 14303.56,
                                                  "Plan Rows": 290756,
                                                  "Plan Width": 4,
                                                  "Actual Startup Time": 0.034,
                                                  "Actual Total Time": 37.426,
                                                  "Actual Rows": 180269,
                                                  "Actual Loops": 5
                                                },
                                                {
                                                  "Node Type": "Hash",
                                                  "Parent Relationship": "Inner",
                                                  "Parallel Aware": true,
                                                  "Startup Cost": 622569.02,
                                                  "Total Cost": 622569.02,
                                                  "Plan Rows": 1,
                                                  "Plan Width": 35,
                                                  "Actual Startup Time": 2431.822,
                                                  "Actual Total Time": 2431.835,
                                                  "Actual Rows": 10,
                                                  "Actual Loops": 5,
                                                  "Hash Buckets": 1024,
                                                  "Original Hash Buckets": 1024,
                                                  "Hash Batches": 1,
                                                  "Original Hash Batches": 1,
                                                  "Peak Memory Usage": 168,
                                                  "Plans": [
                                                    {
                                                      "Node Type": "Hash Join",
                                                      "Parent Relationship": "Outer",
                                                      "Parallel Aware": true,
                                                      "Join Type": "Inner",
                                                      "Startup Cost": 415674.21,
                                                      "Total Cost": 622569.02,
                                                      "Plan Rows": 1,
                                                      "Plan Width": 35,
                                                      "Actual Startup Time": 1858.632,
                                                      "Actual Total Time": 2431.745,
                                                      "Actual Rows": 10,
                                                      "Actual Loops": 5,
                                                      "Inner Unique": false,
                                                      "Hash Cond": "(mi.movie_id = ci.movie_id)",
                                                      "Plans": [
                                                        {
                                                          "Node Type": "Hash Join",
                                                          "Parent Relationship": "Outer",
                                                          "Parallel Aware": false,
                                                          "Join Type": "Inner",
                                                          "Startup Cost": 2.43,
                                                          "Total Cost": 206892.59,
                                                          "Plan Rows": 1236,
                                                          "Plan Width": 4,
                                                          "Actual Startup Time": 186.765,
                                                          "Actual Total Time": 778.288,
                                                          "Actual Rows": 90208,
                                                          "Actual Loops": 5,
                                                          "Inner Unique": true,
                                                          "Hash Cond": "(mi.info_type_id = it.id)",
                                                          "Plans": [
                                                            {
                                                              "Node Type": "Seq Scan",
                                                              "Parent Relationship": "Outer",
                                                              "Parallel Aware": true,
                                                              "Relation Name": "movie_info",
                                                              "Alias": "mi",
                                                              "Startup Cost": 0.0,
                                                              "Total Cost": 206509.76,
                                                              "Plan Rows": 139676,
                                                              "Plan Width": 8,
                                                              "Actual Startup Time": 86.875,
                                                              "Actual Total Time": 763.587,
                                                              "Actual Rows": 90221,
                                                              "Actual Loops": 5,
                                                              "Filter": "((info IS NOT NULL) AND ((info ~~ 'Japan:%200%'::text) OR (info ~~ 'USA:%200%'::text)))",
                                                              "Rows Removed by Filter": 2876923
                                                            },
                                                            {
                                                              "Node Type": "Hash",
                                                              "Parent Relationship": "Inner",
                                                              "Parallel Aware": false,
                                                              "Startup Cost": 2.41,
                                                              "Total Cost": 2.41,
                                                              "Plan Rows": 1,
                                                              "Plan Width": 4,
                                                              "Actual Startup Time": 0.052,
                                                              "Actual Total Time": 0.054,
                                                              "Actual Rows": 1,
                                                              "Actual Loops": 5,
                                                              "Hash Buckets": 1024,
                                                              "Original Hash Buckets": 1024,
                                                              "Hash Batches": 1,
                                                              "Original Hash Batches": 1,
                                                              "Peak Memory Usage": 9,
                                                              "Plans": [
                                                                {
                                                                  "Node Type": "Seq Scan",
                                                                  "Parent Relationship": "Outer",
                                                                  "Parallel Aware": false,
                                                                  "Relation Name": "info_type",
                                                                  "Alias": "it",
                                                                  "Startup Cost": 0.0,
                                                                  "Total Cost": 2.41,
                                                                  "Plan Rows": 1,
                                                                  "Plan Width": 4,
                                                                  "Actual Startup Time": 0.039,
                                                                  "Actual Total Time": 0.046,
                                                                  "Actual Rows": 1,
                                                                  "Actual Loops": 5,
                                                                  "Filter": "((info)::text = 'release dates'::text)",
                                                                  "Rows Removed by Filter": 112
                                                                }
                                                              ]
                                                            }
                                                          ]
                                                        },
                                                        {
                                                          "Node Type": "Hash",
                                                          "Parent Relationship": "Inner",
                                                          "Parallel Aware": true,
                                                          "Startup Cost": 415671.77,
                                                          "Total Cost": 415671.77,
                                                          "Plan Rows": 1,
                                                          "Plan Width": 31,
                                                          "Actual Startup Time": 1646.14,
                                                          "Actual Total Time": 1646.146,
                                                          "Actual Rows": 36,
                                                          "Actual Loops": 5,
                                                          "Hash Buckets": 1024,
                                                          "Original Hash Buckets": 1024,
                                                          "Hash Batches": 1,
                                                          "Original Hash Batches": 1,
                                                          "Peak Memory Usage": 168,
                                                          "Plans": [
                                                            {
                                                              "Node Type": "Hash Join",
                                                              "Parent Relationship": "Outer",
                                                              "Parallel Aware": false,
                                                              "Join Type": "Inner",
                                                              "Startup Cost": 71241.56,
                                                              "Total Cost": 415671.77,
                                                              "Plan Rows": 1,
                                                              "Plan Width": 31,
                                                              "Actual Startup Time": 822.025,
                                                              "Actual Total Time": 1645.874,
                                                              "Actual Rows": 36,
                                                              "Actual Loops": 5,
                                                              "Inner Unique": true,
                                                              "Hash Cond": "(ci.role_id = rt.id)",
                                                              "Plans": [
                                                                {
                                                                  "Node Type": "Hash Join",
                                                                  "Parent Relationship": "Outer",
                                                                  "Parallel Aware": true,
                                                                  "Join Type": "Inner",
                                                                  "Startup Cost": 71240.4,
                                                                  "Total Cost": 415670.57,
                                                                  "Plan Rows": 10,
                                                                  "Plan Width": 35,
                                                                  "Actual Startup Time": 821.862,
                                                                  "Actual Total Time": 1645.697,
                                                                  "Actual Rows": 40,
                                                                  "Actual Loops": 5,
                                                                  "Inner Unique": true,
                                                                  "Hash Cond": "(ci.person_id = n.id)",
                                                                  "Plans": [
                                                                    {
                                                                      "Node Type": "Seq Scan",
                                                                      "Parent Relationship": "Outer",
                                                                      "Parallel Aware": true,
                                                                      "Relation Name": "cast_info",
                                                                      "Alias": "ci",
                                                                      "Startup Cost": 0.0,
                                                                      "Total Cost": 343259.37,
                                                                      "Plan Rows": 446019,
                                                                      "Plan Width": 16,
                                                                      "Actual Startup Time": 0.026,
                                                                      "Actual Total Time": 1351.528,
                                                                      "Actual Rows": 525943,
                                                                      "Actual Loops": 5,
                                                                      "Filter": "(note = ANY ('{(writer),(voice),\"(executive producer)\",\"(archive footage)\"}'::text[]))",
                                                                      "Rows Removed by Filter": 6722926
                                                                    },
                                                                    {
                                                                      "Node Type": "Hash",
                                                                      "Parent Relationship": "Inner",
                                                                      "Parallel Aware": true,
                                                                      "Startup Cost": 71240.1,
                                                                      "Total Cost": 71240.1,
                                                                      "Plan Rows": 24,
                                                                      "Plan Width": 19,
                                                                      "Actual Startup Time": 247.876,
                                                                      "Actual Total Time": 247.877,
                                                                      "Actual Rows": 7,
                                                                      "Actual Loops": 5,
                                                                      "Hash Buckets": 1024,
                                                                      "Original Hash Buckets": 1024,
                                                                      "Hash Batches": 1,
                                                                      "Original Hash Batches": 1,
                                                                      "Peak Memory Usage": 168,
                                                                      "Plans": [
                                                                        {
                                                                          "Node Type": "Seq Scan",
                                                                          "Parent Relationship": "Outer",
                                                                          "Parallel Aware": true,
                                                                          "Relation Name": "name",
                                                                          "Alias": "n",
                                                                          "Startup Cost": 0.0,
                                                                          "Total Cost": 71240.1,
                                                                          "Plan Rows": 24,
                                                                          "Plan Width": 19,
                                                                          "Actual Startup Time": 126.97,
                                                                          "Actual Total Time": 247.814,
                                                                          "Actual Rows": 7,
                                                                          "Actual Loops": 5,
                                                                          "Filter": "((name ~~ '%Madonna%'::text) AND ((gender)::text = 'f'::text))",
                                                                          "Rows Removed by Filter": 833491
                                                                        }
                                                                      ]
                                                                    }
                                                                  ]
                                                                },
                                                                {
                                                                  "Node Type": "Hash",
                                                                  "Parent Relationship": "Inner",
                                                                  "Parallel Aware": false,
                                                                  "Startup Cost": 1.15,
                                                                  "Total Cost": 1.15,
                                                                  "Plan Rows": 1,
                                                                  "Plan Width": 4,
                                                                  "Actual Startup Time": 0.116,
                                                                  "Actual Total Time": 0.118,
                                                                  "Actual Rows": 1,
                                                                  "Actual Loops": 5,
                                                                  "Hash Buckets": 1024,
                                                                  "Original Hash Buckets": 1024,
                                                                  "Hash Batches": 1,
                                                                  "Original Hash Batches": 1,
                                                                  "Peak Memory Usage": 9,
                                                                  "Plans": [
                                                                    {
                                                                      "Node Type": "Seq Scan",
                                                                      "Parent Relationship": "Outer",
                                                                      "Parallel Aware": false,
                                                                      "Relation Name": "role_type",
                                                                      "Alias": "rt",
                                                                      "Startup Cost": 0.0,
                                                                      "Total Cost": 1.15,
                                                                      "Plan Rows": 1,
                                                                      "Plan Width": 4,
                                                                      "Actual Startup Time": 0.087,
                                                                      "Actual Total Time": 0.092,
                                                                      "Actual Rows": 1,
                                                                      "Actual Loops": 5,
                                                                      "Filter": "((role)::text = 'actress'::text)",
                                                                      "Rows Removed by Filter": 11
                                                                    }
                                                                  ]
                                                                }
                                                              ]
                                                            }
                                                          ]
                                                        }
                                                      ]
                                                    }
                                                  ]
                                                }
                                              ]
                                            }
                                          ]
                                        }
                                      ]
                                    }
                                  ]
                                }
                              ]
                            }
                          ]
                        }
                      ]
                    }
                  ]
                }
              ]
            }
          ]
        }
      ]
    },
    "Planning Time": 43.704,
    "Triggers": [],
    "Execution Time": 3104.772
  }
]