[
  {
    "Plan": {
      "Node Type": "Aggregate",
      "Strategy": "Plain",
      "Partial Mode": "Finalize",
      "Parallel Aware": false,
      "Startup Cost": 203483.74,
      "Total Cost": 203483.75,
      "Plan Rows": 1,
      "Plan Width": 8,
      "Actual Startup Time": 757.619,
      "Actual Total Time": 806.878,
      "Actual Rows": 1,
      "Actual Loops": 1,
      "Plans": [
        {
          "Node Type": "Gather",
          "Parent Relationship": "Outer",
          "Parallel Aware": false,
          "Startup Cost": 203483.21,
          "Total Cost": 203483.72,
          "Plan Rows": 5,
          "Plan Width": 8,
          "Actual Startup Time": 752.74,
          "Actual Total Time": 806.865,
          "Actual Rows": 6,
          "Actual Loops": 1,
          "Workers Planned": 5,
          "Workers Launched": 5,
          "Single Copy": false,
          "Plans": [
            {
              "Node Type": "Aggregate",
              "Strategy": "Plain",
              "Partial Mode": "Partial",
              "Parent Relationship": "Outer",
              "Parallel Aware": false,
              "Startup Cost": 202483.21,
              "Total Cost": 202483.22,
              "Plan Rows": 1,
              "Plan Width": 8,
              "Actual Startup Time": 741.773,
              "Actual Total Time": 741.781,
              "Actual Rows": 1,
              "Actual Loops": 6,
              "Plans": [
                {
                  "Node Type": "Nested Loop",
                  "Parent Relationship": "Outer",
                  "Parallel Aware": false,
                  "Join Type": "Inner",
                  "Startup Cost": 46998.13,
                  "Total Cost": 202429.46,
                  "Plan Rows": 21500,
                  "Plan Width": 0,
                  "Actual Startup Time": 150.875,
                  "Actual Total Time": 738.69,
                  "Actual Rows": 41243,
                  "Actual Loops": 6,
                  "Inner Unique": false,
                  "Plans": [
                    {
                      "Node Type": "Hash Join",
                      "Parent Relationship": "Outer",
                      "Parallel Aware": true,
                      "Join Type": "Inner",
                      "Startup Cost": 46997.69,
                      "Total Cost": 124975.03,
                      "Plan Rows": 35412,
                      "Plan Width": 8,
                      "Actual Startup Time": 150.702,
                      "Actual Total Time": 278.197,
                      "Actual Rows": 23639,
                      "Actual Loops": 6,
                      "Inner Unique": true,
                      "Hash Cond": "(ci.movie_id = t.id)",
                      "Plans": [
                        {
                          "Node Type": "Index Scan",
                          "Parent Relationship": "Outer",
                          "Parallel Aware": true,
                          "Scan Direction": "Forward",
                          "Index Name": "role_id_cast_info",
                          "Relation Name": "cast_info",
                          "Alias": "ci",
                          "Startup Cost": 0.56,
                          "Total Cost": 77740.85,
                          "Plan Rows": 90305,
                          "Plan Width": 4,
                          "Actual Startup Time": 0.291,
                          "Actual Total Time": 87.479,
                          "Actual Rows": 67023,
                          "Actual Loops": 6,
                          "Index Cond": "(role_id = 4)",
                          "Rows Removed by Index Recheck": 0,
                          "Filter": "(person_id < 569913)",
                          "Rows Removed by Filter": 387801
                        },
                        {
                          "Node Type": "Hash",
                          "Parent Relationship": "Inner",
                          "Parallel Aware": true,
                          "Startup Cost": 43898.92,
                          "Total Cost": 43898.92,
                          "Plan Rows": 247857,
                          "Plan Width": 4,
                          "Actual Startup Time": 146.762,
                          "Actual Total Time": 146.764,
                          "Actual Rows": 164175,
                          "Actual Loops": 6,
                          "Hash Buckets": 1048576,
                          "Original Hash Buckets": 1048576,
                          "Hash Batches": 1,
                          "Original Hash Batches": 1,
                          "Peak Memory Usage": 46784,
                          "Plans": [
                            {
                              "Node Type": "Seq Scan",
                              "Parent Relationship": "Outer",
                              "Parallel Aware": true,
                              "Relation Name": "title",
                              "Alias": "t",
                              "Startup Cost": 0.0,
                              "Total Cost": 43898.92,
                              "Plan Rows": 247857,
                              "Plan Width": 4,
                              "Actual Startup Time": 0.04,
                              "Actual Total Time": 80.352,
                              "Actual Rows": 164175,
                              "Actual Loops": 6,
                              "Filter": "(kind_id < 7)",
                              "Rows Removed by Filter": 257211
                            }
                          ]
                        }
                      ]
                    },
                    {
                      "Node Type": "Index Scan",
                      "Parent Relationship": "Inner",
                      "Parallel Aware": false,
                      "Scan Direction": "Forward",
                      "Index Name": "movie_id_movie_info",
                      "Relation Name": "movie_info",
                      "Alias": "mi",
                      "Startup Cost": 0.43,
                      "Total Cost": 2.15,
                      "Plan Rows": 4,
                      "Plan Width": 4,
                      "Actual Startup Time": 0.019,
                      "Actual Total Time": 0.019,
                      "Actual Rows": 2,
                      "Actual Loops": 141835,
                      "Index Cond": "(movie_id = t.id)",
                      "Rows Removed by Index Recheck": 0,
                      "Filter": "(info_type_id = 3)",
                      "Rows Removed by Filter": 17
                    }
                  ]
                }
              ]
            }
          ]
        }
      ]
    },
    "Planning Time": 1.445,
    "Triggers": [],
    "Execution Time": 806.982
  }
]