[
  {
    "Plan": {
      "Node Type": "Aggregate",
      "Strategy": "Plain",
      "Partial Mode": "Finalize",
      "Parallel Aware": false,
      "Startup Cost": 46583.84,
      "Total Cost": 46583.85,
      "Plan Rows": 1,
      "Plan Width": 8,
      "Actual Startup Time": 174.63,
      "Actual Total Time": 182.442,
      "Actual Rows": 1,
      "Actual Loops": 1,
      "Plans": [
        {
          "Node Type": "Gather",
          "Parent Relationship": "Outer",
          "Parallel Aware": false,
          "Startup Cost": 46583.52,
          "Total Cost": 46583.83,
          "Plan Rows": 3,
          "Plan Width": 8,
          "Actual Startup Time": 174.502,
          "Actual Total Time": 182.432,
          "Actual Rows": 4,
          "Actual Loops": 1,
          "Workers Planned": 3,
          "Workers Launched": 3,
          "Single Copy": false,
          "Plans": [
            {
              "Node Type": "Aggregate",
              "Strategy": "Plain",
              "Partial Mode": "Partial",
              "Parent Relationship": "Outer",
              "Parallel Aware": false,
              "Startup Cost": 45583.52,
              "Total Cost": 45583.53,
              "Plan Rows": 1,
              "Plan Width": 8,
              "Actual Startup Time": 166.582,
              "Actual Total Time": 166.583,
              "Actual Rows": 1,
              "Actual Loops": 4,
              "Plans": [
                {
                  "Node Type": "Seq Scan",
                  "Parent Relationship": "Outer",
                  "Parallel Aware": true,
                  "Relation Name": "movie_keyword",
                  "Alias": "mk",
                  "Startup Cost": 0.0,
                  "Total Cost": 42695.65,
                  "Plan Rows": 1155147,
                  "Plan Width": 0,
                  "Actual Startup Time": 0.065,
                  "Actual Total Time": 123.796,
                  "Actual Rows": 894780,
                  "Actual Loops": 4,
                  "Filter": "(keyword_id < 20095)",
                  "Rows Removed by Filter": 236203
                }
              ]
            }
          ]
        }
      ]
    },
    "Planning Time": 0.182,
    "Triggers": [],
    "Execution Time": 182.495
  }
]