{
  "Plan": {
    "Node Type": "Aggregate",
    "Strategy": "Plain",
    "Partial Mode": "Finalize",
    "Parallel Aware": false,
    "Startup Cost": 365066.86,
    "Total Cost": 365066.87,
    "Plan Rows": 1,
    "Plan Width": 8,
    "Actual Startup Time": 3072.637,
    "Actual Total Time": 3112.911,
    "Actual Rows": 1,
    "Actual Loops": 1,
    "Plans": [
      {
        "Node Type": "Gather",
        "Parent Relationship": "Outer",
        "Parallel Aware": false,
        "Startup Cost": 365066.74,
        "Total Cost": 365066.85,
        "Plan Rows": 1,
        "Plan Width": 8,
        "Actual Startup Time": 3070.679,
        "Actual Total Time": 3112.902,
        "Actual Rows": 2,
        "Actual Loops": 1,
        "Workers Planned": 1,
        "Workers Launched": 1,
        "Single Copy": false,
        "Plans": [
          {
            "Node Type": "Aggregate",
            "Strategy": "Plain",
            "Partial Mode": "Partial",
            "Parent Relationship": "Outer",
            "Parallel Aware": false,
            "Startup Cost": 364066.74,
            "Total Cost": 364066.75,
            "Plan Rows": 1,
            "Plan Width": 8,
            "Actual Startup Time": 3065.48,
            "Actual Total Time": 3065.485,
            "Actual Rows": 1,
            "Actual Loops": 2,
            "Plans": [
              {
                "Node Type": "Hash Join",
                "Parent Relationship": "Outer",
                "Parallel Aware": true,
                "Join Type": "Inner",
                "Startup Cost": 64365.34,
                "Total Cost": 357196.31,
                "Plan Rows": 2748174,
                "Plan Width": 0,
                "Actual Startup Time": 324.578,
                "Actual Total Time": 2896.704,
                "Actual Rows": 3793806,
                "Actual Loops": 2,
                "Inner Unique": true,
                "Hash Cond": "(mi.movie_id = t.id)",
                "Plans": [
                  {
                    "Node Type": "Seq Scan",
                    "Parent Relationship": "Outer",
                    "Parallel Aware": true,
                    "Relation Name": "movie_info",
                    "Alias": "mi",
                    "Startup Cost": 0.0,
                    "Total Cost": 270696.42,
                    "Plan Rows": 8432196,
                    "Plan Width": 4,
                    "Actual Startup Time": 0.012,
                    "Actual Total Time": 911.457,
                    "Actual Rows": 7203534,
                    "Actual Loops": 2,
                    "Filter": "(info_type_id < 105)",
                    "Rows Removed by Filter": 214326
                  },
                  {
                    "Node Type": "Hash",
                    "Parent Relationship": "Inner",
                    "Parallel Aware": true,
                    "Startup Cost": 58306.47,
                    "Total Cost": 58306.47,
                    "Plan Rows": 484710,
                    "Plan Width": 4,
                    "Actual Startup Time": 312.275,
                    "Actual Total Time": 312.276,
                    "Actual Rows": 366068,
                    "Actual Loops": 2,
                    "Hash Buckets": 1048576,
                    "Original Hash Buckets": 1048576,
                    "Hash Batches": 1,
                    "Original Hash Batches": 1,
                    "Peak Memory Usage": 36864,
                    "Plans": [
                      {
                        "Node Type": "Seq Scan",
                        "Parent Relationship": "Outer",
                        "Parallel Aware": true,
                        "Relation Name": "title",
                        "Alias": "t",
                        "Startup Cost": 0.0,
                        "Total Cost": 58306.47,
                        "Plan Rows": 484710,
                        "Plan Width": 4,
                        "Actual Startup Time": 0.034,
                        "Actual Total Time": 186.085,
                        "Actual Rows": 366068,
                        "Actual Loops": 2,
                        "Filter": "((kind_id < 7) AND (production_year > 1969))",
                        "Rows Removed by Filter": 898088
                      }
                    ]
                  }
                ]
              }
            ]
          }
        ]
      }
    ]
  },
  "Planning Time": 0.699,
  "Triggers": [],
  "Execution Time": 3113.006
}