[
  {
    "Plan": {
      "Node Type": "Aggregate",
      "Strategy": "Plain",
      "Partial Mode": "Finalize",
      "Parallel Aware": false,
      "Startup Cost": 182043.3,
      "Total Cost": 182043.31,
      "Plan Rows": 1,
      "Plan Width": 8,
      "Actual Startup Time": 1324.787,
      "Actual Total Time": 1411.028,
      "Actual Rows": 1,
      "Actual Loops": 1,
      "Plans": [
        {
          "Node Type": "Gather",
          "Parent Relationship": "Outer",
          "Parallel Aware": false,
          "Startup Cost": 182042.98,
          "Total Cost": 182043.29,
          "Plan Rows": 3,
          "Plan Width": 8,
          "Actual Startup Time": 1323.819,
          "Actual Total Time": 1411.018,
          "Actual Rows": 4,
          "Actual Loops": 1,
          "Workers Planned": 3,
          "Workers Launched": 3,
          "Single Copy": false,
          "Plans": [
            {
              "Node Type": "Aggregate",
              "Strategy": "Plain",
              "Partial Mode": "Partial",
              "Parent Relationship": "Outer",
              "Parallel Aware": false,
              "Startup Cost": 181042.98,
              "Total Cost": 181042.99,
              "Plan Rows": 1,
              "Plan Width": 8,
              "Actual Startup Time": 1314.223,
              "Actual Total Time": 1314.226,
              "Actual Rows": 1,
              "Actual Loops": 4,
              "Plans": [
                {
                  "Node Type": "Nested Loop",
                  "Parent Relationship": "Outer",
                  "Parallel Aware": false,
                  "Join Type": "Inner",
                  "Startup Cost": 46596.15,
                  "Total Cost": 180997.39,
                  "Plan Rows": 18235,
                  "Plan Width": 0,
                  "Actual Startup Time": 155.243,
                  "Actual Total Time": 1304.629,
                  "Actual Rows": 186685,
                  "Actual Loops": 4,
                  "Inner Unique": false,
                  "Join Filter": "(t.id = ci.movie_id)",
                  "Rows Removed by Join Filter": 0,
                  "Plans": [
                    {
                      "Node Type": "Hash Join",
                      "Parent Relationship": "Outer",
                      "Parallel Aware": true,
                      "Join Type": "Inner",
                      "Startup Cost": 46595.59,
                      "Total Cost": 76361.25,
                      "Plan Rows": 24493,
                      "Plan Width": 8,
                      "Actual Startup Time": 155.003,
                      "Actual Total Time": 235.761,
                      "Actual Rows": 34410,
                      "Actual Loops": 4,
                      "Inner Unique": true,
                      "Hash Cond": "(mc.movie_id = t.id)",
                      "Plans": [
                        {
                          "Node Type": "Seq Scan",
                          "Parent Relationship": "Outer",
                          "Parallel Aware": true,
                          "Relation Name": "movie_companies",
                          "Alias": "mc",
                          "Startup Cost": 0.0,
                          "Total Cost": 29310.68,
                          "Plan Rows": 173327,
                          "Plan Width": 4,
                          "Actual Startup Time": 27.817,
                          "Actual Total Time": 59.161,
                          "Actual Rows": 136950,
                          "Actual Loops": 4,
                          "Filter": "(company_id > 71933)",
                          "Rows Removed by Filter": 515332
                        },
                        {
                          "Node Type": "Hash",
                          "Parent Relationship": "Inner",
                          "Parallel Aware": true,
                          "Startup Cost": 45479.1,
                          "Total Cost": 45479.1,
                          "Plan Rows": 89319,
                          "Plan Width": 4,
                          "Actual Startup Time": 123.827,
                          "Actual Total Time": 123.828,
                          "Actual Rows": 75522,
                          "Actual Loops": 4,
                          "Hash Buckets": 524288,
                          "Original Hash Buckets": 524288,
                          "Hash Batches": 1,
                          "Original Hash Batches": 1,
                          "Peak Memory Usage": 15968,
                          "Plans": [
                            {
                              "Node Type": "Seq Scan",
                              "Parent Relationship": "Outer",
                              "Parallel Aware": true,
                              "Relation Name": "title",
                              "Alias": "t",
                              "Startup Cost": 0.0,
                              "Total Cost": 45479.1,
                              "Plan Rows": 89319,
                              "Plan Width": 4,
                              "Actual Startup Time": 0.064,
                              "Actual Total Time": 97.036,
                              "Actual Rows": 75522,
                              "Actual Loops": 4,
                              "Filter": "((kind_id < 7) AND (production_year > 2006))",
                              "Rows Removed by Filter": 556556
                            }
                          ]
                        }
                      ]
                    },
                    {
                      "Node Type": "Index Scan",
                      "Parent Relationship": "Inner",
                      "Parallel Aware": false,
                      "Scan Direction": "Forward",
                      "Index Name": "movie_id_cast_info",
                      "Relation Name": "cast_info",
                      "Alias": "ci",
                      "Startup Cost": 0.56,
                      "Total Cost": 4.25,
                      "Plan Rows": 2,
                      "Plan Width": 4,
                      "Actual Startup Time": 0.024,
                      "Actual Total Time": 0.03,
                      "Actual Rows": 5,
                      "Actual Loops": 137638,
                      "Index Cond": "(movie_id = mc.movie_id)",
                      "Rows Removed by Index Recheck": 0,
                      "Filter": "((person_id > 2960762) AND (role_id > 4))",
                      "Rows Removed by Filter": 22
                    }
                  ]
                }
              ]
            }
          ]
        }
      ]
    },
    "Planning Time": 1.582,
    "Triggers": [],
    "Execution Time": 1411.138
  }
]