[
  {
    "Plan": {
      "Node Type": "Aggregate",
      "Strategy": "Plain",
      "Partial Mode": "Finalize",
      "Parallel Aware": false,
      "Startup Cost": 15563.2,
      "Total Cost": 15563.21,
      "Plan Rows": 1,
      "Plan Width": 8,
      "Actual Startup Time": 41.571,
      "Actual Total Time": 45.167,
      "Actual Rows": 1,
      "Actual Loops": 1,
      "Plans": [
        {
          "Node Type": "Gather",
          "Parent Relationship": "Outer",
          "Parallel Aware": false,
          "Startup Cost": 15563.09,
          "Total Cost": 15563.2,
          "Plan Rows": 1,
          "Plan Width": 8,
          "Actual Startup Time": 41.336,
          "Actual Total Time": 45.159,
          "Actual Rows": 2,
          "Actual Loops": 1,
          "Workers Planned": 1,
          "Workers Launched": 1,
          "Single Copy": false,
          "Plans": [
            {
              "Node Type": "Aggregate",
              "Strategy": "Plain",
              "Partial Mode": "Partial",
              "Parent Relationship": "Outer",
              "Parallel Aware": false,
              "Startup Cost": 14563.09,
              "Total Cost": 14563.1,
              "Plan Rows": 1,
              "Plan Width": 8,
              "Actual Startup Time": 34.94,
              "Actual Total Time": 34.942,
              "Actual Rows": 1,
              "Actual Loops": 2,
              "Plans": [
                {
                  "Node Type": "Nested Loop",
                  "Parent Relationship": "Outer",
                  "Parallel Aware": false,
                  "Join Type": "Inner",
                  "Startup Cost": 61.84,
                  "Total Cost": 14563.08,
                  "Plan Rows": 1,
                  "Plan Width": 0,
                  "Actual Startup Time": 5.692,
                  "Actual Total Time": 34.918,
                  "Actual Rows": 43,
                  "Actual Loops": 2,
                  "Inner Unique": true,
                  "Join Filter": "(mc.movie_id = t.id)",
                  "Rows Removed by Join Filter": 0,
                  "Plans": [
                    {
                      "Node Type": "Nested Loop",
                      "Parent Relationship": "Outer",
                      "Parallel Aware": false,
                      "Join Type": "Inner",
                      "Startup Cost": 61.41,
                      "Total Cost": 14518.03,
                      "Plan Rows": 6,
                      "Plan Width": 8,
                      "Actual Startup Time": 5.575,
                      "Actual Total Time": 34.16,
                      "Actual Rows": 43,
                      "Actual Loops": 2,
                      "Inner Unique": false,
                      "Plans": [
                        {
                          "Node Type": "Bitmap Heap Scan",
                          "Parent Relationship": "Outer",
                          "Parallel Aware": true,
                          "Relation Name": "movie_companies",
                          "Alias": "mc",
                          "Startup Cost": 60.98,
                          "Total Cost": 7386.77,
                          "Plan Rows": 775,
                          "Plan Width": 4,
                          "Actual Startup Time": 1.805,
                          "Actual Total Time": 6.527,
                          "Actual Rows": 1175,
                          "Actual Loops": 2,
                          "Recheck Cond": "(company_id = 774)",
                          "Rows Removed by Index Recheck": 0,
                          "Filter": "(company_type_id = 1)",
                          "Rows Removed by Filter": 16,
                          "Exact Heap Blocks": 1026,
                          "Lossy Heap Blocks": 0,
                          "Plans": [
                            {
                              "Node Type": "Bitmap Index Scan",
                              "Parent Relationship": "Outer",
                              "Parallel Aware": false,
                              "Index Name": "company_id_movie_companies",
                              "Startup Cost": 0.0,
                              "Total Cost": 60.65,
                              "Plan Rows": 2696,
                              "Plan Width": 0,
                              "Actual Startup Time": 2.745,
                              "Actual Total Time": 2.746,
                              "Actual Rows": 2381,
                              "Actual Loops": 1,
                              "Index Cond": "(company_id = 774)"
                            }
                          ]
                        },
                        {
                          "Node Type": "Index Scan",
                          "Parent Relationship": "Inner",
                          "Parallel Aware": false,
                          "Scan Direction": "Forward",
                          "Index Name": "movie_id_movie_keyword",
                          "Relation Name": "movie_keyword",
                          "Alias": "mk",
                          "Startup Cost": 0.43,
                          "Total Cost": 9.19,
                          "Plan Rows": 1,
                          "Plan Width": 4,
                          "Actual Startup Time": 0.022,
                          "Actual Total Time": 0.023,
                          "Actual Rows": 0,
                          "Actual Loops": 2350,
                          "Index Cond": "(movie_id = mc.movie_id)",
                          "Rows Removed by Index Recheck": 0,
                          "Filter": "(keyword_id = 85)",
                          "Rows Removed by Filter": 47
                        }
                      ]
                    },
                    {
                      "Node Type": "Index Only Scan",
                      "Parent Relationship": "Inner",
                      "Parallel Aware": false,
                      "Scan Direction": "Forward",
                      "Index Name": "title_pkey",
                      "Relation Name": "title",
                      "Alias": "t",
                      "Startup Cost": 0.43,
                      "Total Cost": 7.5,
                      "Plan Rows": 1,
                      "Plan Width": 4,
                      "Actual Startup Time": 0.017,
                      "Actual Total Time": 0.017,
                      "Actual Rows": 1,
                      "Actual Loops": 86,
                      "Index Cond": "(id = mk.movie_id)",
                      "Rows Removed by Index Recheck": 0,
                      "Heap Fetches": 86
                    }
                  ]
                }
              ]
            }
          ]
        }
      ]
    },
    "Planning Time": 1.43,
    "Triggers": [],
    "Execution Time": 45.263
  }
]