[
  {
    "Plan": {
      "Node Type": "Aggregate",
      "Strategy": "Plain",
      "Partial Mode": "Finalize",
      "Parallel Aware": false,
      "Startup Cost": 47148.53,
      "Total Cost": 47148.54,
      "Plan Rows": 1,
      "Plan Width": 8,
      "Actual Startup Time": 170.874,
      "Actual Total Time": 180.613,
      "Actual Rows": 1,
      "Actual Loops": 1,
      "Plans": [
        {
          "Node Type": "Gather",
          "Parent Relationship": "Outer",
          "Parallel Aware": false,
          "Startup Cost": 47148.21,
          "Total Cost": 47148.52,
          "Plan Rows": 3,
          "Plan Width": 8,
          "Actual Startup Time": 170.78,
          "Actual Total Time": 180.605,
          "Actual Rows": 4,
          "Actual Loops": 1,
          "Workers Planned": 3,
          "Workers Launched": 3,
          "Single Copy": false,
          "Plans": [
            {
              "Node Type": "Aggregate",
              "Strategy": "Plain",
              "Partial Mode": "Partial",
              "Parent Relationship": "Outer",
              "Parallel Aware": false,
              "Startup Cost": 46148.21,
              "Total Cost": 46148.22,
              "Plan Rows": 1,
              "Plan Width": 8,
              "Actual Startup Time": 164.987,
              "Actual Total Time": 164.988,
              "Actual Rows": 1,
              "Actual Loops": 4,
              "Plans": [
                {
                  "Node Type": "Seq Scan",
                  "Parent Relationship": "Outer",
                  "Parallel Aware": true,
                  "Relation Name": "movie_keyword",
                  "Alias": "mk",
                  "Startup Cost": 0.0,
                  "Total Cost": 42695.65,
                  "Plan Rows": 1381024,
                  "Plan Width": 0,
                  "Actual Startup Time": 0.051,
                  "Actual Total Time": 119.592,
                  "Actual Rows": 1068238,
                  "Actual Loops": 4,
                  "Filter": "(keyword_id > 214)",
                  "Rows Removed by Filter": 62745
                }
              ]
            }
          ]
        }
      ]
    },
    "Planning Time": 0.116,
    "Triggers": [],
    "Execution Time": 180.651
  }
]