[
  {
    "Plan": {
      "Node Type": "Aggregate",
      "Strategy": "Plain",
      "Partial Mode": "Finalize",
      "Parallel Aware": false,
      "Startup Cost": 387928.33,
      "Total Cost": 387928.34,
      "Plan Rows": 1,
      "Plan Width": 8,
      "Actual Startup Time": 567.084,
      "Actual Total Time": 613.639,
      "Actual Rows": 1,
      "Actual Loops": 1,
      "Plans": [
        {
          "Node Type": "Gather",
          "Parent Relationship": "Outer",
          "Parallel Aware": false,
          "Startup Cost": 387927.71,
          "Total Cost": 387928.32,
          "Plan Rows": 6,
          "Plan Width": 8,
          "Actual Startup Time": 565.652,
          "Actual Total Time": 613.621,
          "Actual Rows": 7,
          "Actual Loops": 1,
          "Workers Planned": 6,
          "Workers Launched": 6,
          "Single Copy": false,
          "Plans": [
            {
              "Node Type": "Aggregate",
              "Strategy": "Plain",
              "Partial Mode": "Partial",
              "Parent Relationship": "Outer",
              "Parallel Aware": false,
              "Startup Cost": 386927.71,
              "Total Cost": 386927.72,
              "Plan Rows": 1,
              "Plan Width": 8,
              "Actual Startup Time": 557.771,
              "Actual Total Time": 557.777,
              "Actual Rows": 1,
              "Actual Loops": 7,
              "Plans": [
                {
                  "Node Type": "Hash Join",
                  "Parent Relationship": "Outer",
                  "Parallel Aware": true,
                  "Join Type": "Inner",
                  "Startup Cost": 44400.04,
                  "Total Cost": 386849.64,
                  "Plan Rows": 31227,
                  "Plan Width": 0,
                  "Actual Startup Time": 77.683,
                  "Actual Total Time": 555.31,
                  "Actual Rows": 50094,
                  "Actual Loops": 7,
                  "Inner Unique": true,
                  "Hash Cond": "(ci.movie_id = t.id)",
                  "Plans": [
                    {
                      "Node Type": "Index Scan",
                      "Parent Relationship": "Outer",
                      "Parallel Aware": true,
                      "Scan Direction": "Forward",
                      "Index Name": "role_id_cast_info",
                      "Relation Name": "cast_info",
                      "Alias": "ci",
                      "Startup Cost": 0.56,
                      "Total Cost": 341155.22,
                      "Plan Rows": 493314,
                      "Plan Width": 4,
                      "Actual Startup Time": 0.145,
                      "Actual Total Time": 354.703,
                      "Actual Rows": 878981,
                      "Actual Loops": 7,
                      "Index Cond": "(role_id = 1)",
                      "Rows Removed by Index Recheck": 0,
                      "Filter": "(person_id < 837473)",
                      "Rows Removed by Filter": 931117
                    },
                    {
                      "Node Type": "Hash",
                      "Parent Relationship": "Inner",
                      "Parallel Aware": true,
                      "Startup Cost": 43899.32,
                      "Total Cost": 43899.32,
                      "Plan Rows": 40012,
                      "Plan Width": 4,
                      "Actual Startup Time": 76.223,
                      "Actual Total Time": 76.225,
                      "Actual Rows": 23472,
                      "Actual Loops": 7,
                      "Hash Buckets": 262144,
                      "Original Hash Buckets": 262144,
                      "Hash Batches": 1,
                      "Original Hash Batches": 1,
                      "Peak Memory Usage": 8608,
                      "Plans": [
                        {
                          "Node Type": "Seq Scan",
                          "Parent Relationship": "Outer",
                          "Parallel Aware": true,
                          "Relation Name": "title",
                          "Alias": "t",
                          "Startup Cost": 0.0,
                          "Total Cost": 43899.32,
                          "Plan Rows": 40012,
                          "Plan Width": 4,
                          "Actual Startup Time": 0.038,
                          "Actual Total Time": 66.117,
                          "Actual Rows": 23472,
                          "Actual Loops": 7,
                          "Filter": "(production_year = 2012)",
                          "Rows Removed by Filter": 337715
                        }
                      ]
                    }
                  ]
                }
              ]
            }
          ]
        }
      ]
    },
    "Planning Time": 0.506,
    "Triggers": [],
    "Execution Time": 613.714
  }
]