[
  {
    "Plan": {
      "Node Type": "Aggregate",
      "Strategy": "Plain",
      "Partial Mode": "Finalize",
      "Parallel Aware": false,
      "Startup Cost": 33192.22,
      "Total Cost": 33192.23,
      "Plan Rows": 1,
      "Plan Width": 8,
      "Actual Startup Time": 124.807,
      "Actual Total Time": 131.069,
      "Actual Rows": 1,
      "Actual Loops": 1,
      "Plans": [
        {
          "Node Type": "Gather",
          "Parent Relationship": "Outer",
          "Parallel Aware": false,
          "Startup Cost": 33191.9,
          "Total Cost": 33192.21,
          "Plan Rows": 3,
          "Plan Width": 8,
          "Actual Startup Time": 124.674,
          "Actual Total Time": 131.051,
          "Actual Rows": 4,
          "Actual Loops": 1,
          "Workers Planned": 3,
          "Workers Launched": 3,
          "Single Copy": false,
          "Plans": [
            {
              "Node Type": "Aggregate",
              "Strategy": "Plain",
              "Partial Mode": "Partial",
              "Parent Relationship": "Outer",
              "Parallel Aware": false,
              "Startup Cost": 32191.9,
              "Total Cost": 32191.91,
              "Plan Rows": 1,
              "Plan Width": 8,
              "Actual Startup Time": 116.347,
              "Actual Total Time": 116.349,
              "Actual Rows": 1,
              "Actual Loops": 4,
              "Plans": [
                {
                  "Node Type": "Seq Scan",
                  "Parent Relationship": "Outer",
                  "Parallel Aware": true,
                  "Relation Name": "movie_companies",
                  "Alias": "mc",
                  "Startup Cost": 0.0,
                  "Total Cost": 31414.82,
                  "Plan Rows": 310832,
                  "Plan Width": 0,
                  "Actual Startup Time": 0.048,
                  "Actual Total Time": 95.3,
                  "Actual Rows": 312584,
                  "Actual Loops": 4,
                  "Filter": "((company_id < 51763) AND (company_type_id = 1))",
                  "Rows Removed by Filter": 339698
                }
              ]
            }
          ]
        }
      ]
    },
    "Planning Time": 0.217,
    "Triggers": [],
    "Execution Time": 131.126
  }
]