[
  {
    "Plan": {
      "Node Type": "Aggregate",
      "Strategy": "Plain",
      "Partial Mode": "Finalize",
      "Parallel Aware": false,
      "Startup Cost": 217545.55,
      "Total Cost": 217545.56,
      "Plan Rows": 1,
      "Plan Width": 8,
      "Actual Startup Time": 218.078,
      "Actual Total Time": 230.436,
      "Actual Rows": 1,
      "Actual Loops": 1,
      "Plans": [
        {
          "Node Type": "Gather",
          "Parent Relationship": "Outer",
          "Parallel Aware": false,
          "Startup Cost": 217545.02,
          "Total Cost": 217545.53,
          "Plan Rows": 5,
          "Plan Width": 8,
          "Actual Startup Time": 210.338,
          "Actual Total Time": 230.425,
          "Actual Rows": 6,
          "Actual Loops": 1,
          "Workers Planned": 5,
          "Workers Launched": 5,
          "Single Copy": false,
          "Plans": [
            {
              "Node Type": "Aggregate",
              "Strategy": "Plain",
              "Partial Mode": "Partial",
              "Parent Relationship": "Outer",
              "Parallel Aware": false,
              "Startup Cost": 216545.02,
              "Total Cost": 216545.03,
              "Plan Rows": 1,
              "Plan Width": 8,
              "Actual Startup Time": 200.981,
              "Actual Total Time": 200.985,
              "Actual Rows": 1,
              "Actual Loops": 6,
              "Plans": [
                {
                  "Node Type": "Hash Join",
                  "Parent Relationship": "Outer",
                  "Parallel Aware": true,
                  "Join Type": "Inner",
                  "Startup Cost": 51365.47,
                  "Total Cost": 216500.36,
                  "Plan Rows": 17866,
                  "Plan Width": 0,
                  "Actual Startup Time": 191.402,
                  "Actual Total Time": 200.971,
                  "Actual Rows": 24,
                  "Actual Loops": 6,
                  "Inner Unique": true,
                  "Hash Cond": "(mi.movie_id = t.id)",
                  "Plans": [
                    {
                      "Node Type": "Bitmap Heap Scan",
                      "Parent Relationship": "Outer",
                      "Parallel Aware": true,
                      "Relation Name": "movie_info",
                      "Alias": "mi",
                      "Startup Cost": 2647.66,
                      "Total Cost": 167705.65,
                      "Plan Rows": 29296,
                      "Plan Width": 4,
                      "Actual Startup Time": 5.993,
                      "Actual Total Time": 14.791,
                      "Actual Rows": 24581,
                      "Actual Loops": 6,
                      "Recheck Cond": "(info_type_id = 107)",
                      "Rows Removed by Index Recheck": 0,
                      "Exact Heap Blocks": 1091,
                      "Lossy Heap Blocks": 0,
                      "Plans": [
                        {
                          "Node Type": "Bitmap Index Scan",
                          "Parent Relationship": "Outer",
                          "Parallel Aware": false,
                          "Index Name": "info_type_id_movie_info",
                          "Startup Cost": 0.0,
                          "Total Cost": 2611.04,
                          "Plan Rows": 146481,
                          "Plan Width": 0,
                          "Actual Startup Time": 5.33,
                          "Actual Total Time": 5.33,
                          "Actual Rows": 147487,
                          "Actual Loops": 1,
                          "Index Cond": "(info_type_id = 107)"
                        }
                      ]
                    },
                    {
                      "Node Type": "Hash",
                      "Parent Relationship": "Inner",
                      "Parallel Aware": true,
                      "Startup Cost": 43899.32,
                      "Total Cost": 43899.32,
                      "Plan Rows": 385479,
                      "Plan Width": 4,
                      "Actual Startup Time": 176.237,
                      "Actual Total Time": 176.238,
                      "Actual Rows": 257211,
                      "Actual Loops": 6,
                      "Hash Buckets": 2097152,
                      "Original Hash Buckets": 2097152,
                      "Hash Batches": 1,
                      "Original Hash Batches": 1,
                      "Peak Memory Usage": 76864,
                      "Plans": [
                        {
                          "Node Type": "Seq Scan",
                          "Parent Relationship": "Outer",
                          "Parallel Aware": true,
                          "Relation Name": "title",
                          "Alias": "t",
                          "Startup Cost": 0.0,
                          "Total Cost": 43899.32,
                          "Plan Rows": 385479,
                          "Plan Width": 4,
                          "Actual Startup Time": 0.029,
                          "Actual Total Time": 76.355,
                          "Actual Rows": 257211,
                          "Actual Loops": 6,
                          "Filter": "(kind_id = 7)",
                          "Rows Removed by Filter": 164175
                        }
                      ]
                    }
                  ]
                }
              ]
            }
          ]
        }
      ]
    },
    "Planning Time": 0.256,
    "Triggers": [],
    "Execution Time": 230.482
  }
]