{
    "Plan": {
        "Node Type": "Aggregate",
        "Strategy": "Plain",
        "Partial Mode": "Finalize",
        "Parallel Aware": false,
        "Startup Cost": 247095.77,
        "Total Cost": 247095.78,
        "Plan Rows": 1,
        "Plan Width": 8,
        "Actual Startup Time": 549.467,
        "Actual Total Time": 601.431,
        "Actual Rows": 1,
        "Actual Loops": 1,
        "Output": [
            "count(*)"
        ],
        "Plans": [
            {
                "Node Type": "Gather",
                "Parent Relationship": "Outer",
                "Parallel Aware": false,
                "Startup Cost": 247095.25,
                "Total Cost": 247095.76,
                "Plan Rows": 5,
                "Plan Width": 8,
                "Actual Startup Time": 549.008,
                "Actual Total Time": 601.42,
                "Actual Rows": 6,
                "Actual Loops": 1,
                "Output": [
                    "(PARTIAL count(*))"
                ],
                "Workers Planned": 5,
                "Workers Launched": 5,
                "Single Copy": false,
                "Plans": [
                    {
                        "Node Type": "Aggregate",
                        "Strategy": "Plain",
                        "Partial Mode": "Partial",
                        "Parent Relationship": "Outer",
                        "Parallel Aware": false,
                        "Startup Cost": 246095.25,
                        "Total Cost": 246095.26,
                        "Plan Rows": 1,
                        "Plan Width": 8,
                        "Actual Startup Time": 539.687,
                        "Actual Total Time": 539.691,
                        "Actual Rows": 1,
                        "Actual Loops": 6,
                        "Output": [
                            "PARTIAL count(*)"
                        ],
                        "Workers": [
                            {
                                "Worker Number": 0,
                                "Actual Startup Time": 539.953,
                                "Actual Total Time": 539.957,
                                "Actual Rows": 1,
                                "Actual Loops": 1
                            },
                            {
                                "Worker Number": 1,
                                "Actual Startup Time": 537.054,
                                "Actual Total Time": 537.057,
                                "Actual Rows": 1,
                                "Actual Loops": 1
                            },
                            {
                                "Worker Number": 2,
                                "Actual Startup Time": 537.445,
                                "Actual Total Time": 537.448,
                                "Actual Rows": 1,
                                "Actual Loops": 1
                            },
                            {
                                "Worker Number": 3,
                                "Actual Startup Time": 537.344,
                                "Actual Total Time": 537.347,
                                "Actual Rows": 1,
                                "Actual Loops": 1
                            },
                            {
                                "Worker Number": 4,
                                "Actual Startup Time": 538.052,
                                "Actual Total Time": 538.056,
                                "Actual Rows": 1,
                                "Actual Loops": 1
                            }
                        ],
                        "Plans": [
                            {
                                "Node Type": "Hash Join",
                                "Parent Relationship": "Outer",
                                "Parallel Aware": true,
                                "Join Type": "Inner",
                                "Startup Cost": 45613.18,
                                "Total Cost": 246069.8,
                                "Plan Rows": 10180,
                                "Plan Width": 0,
                                "Actual Startup Time": 179.008,
                                "Actual Total Time": 538.802,
                                "Actual Rows": 11021,
                                "Actual Loops": 6,
                                "Inner Unique": true,
                                "Hash Cond": "(mi.movie_id = t.id)",
                                "Workers": [
                                    {
                                        "Worker Number": 0,
                                        "Actual Startup Time": 179.501,
                                        "Actual Total Time": 539.046,
                                        "Actual Rows": 9625,
                                        "Actual Loops": 1
                                    },
                                    {
                                        "Worker Number": 1,
                                        "Actual Startup Time": 176.355,
                                        "Actual Total Time": 536.143,
                                        "Actual Rows": 9943,
                                        "Actual Loops": 1
                                    },
                                    {
                                        "Worker Number": 2,
                                        "Actual Startup Time": 176.659,
                                        "Actual Total Time": 536.565,
                                        "Actual Rows": 9549,
                                        "Actual Loops": 1
                                    },
                                    {
                                        "Worker Number": 3,
                                        "Actual Startup Time": 176.487,
                                        "Actual Total Time": 536.428,
                                        "Actual Rows": 10086,
                                        "Actual Loops": 1
                                    },
                                    {
                                        "Worker Number": 4,
                                        "Actual Startup Time": 177.508,
                                        "Actual Total Time": 537.141,
                                        "Actual Rows": 9909,
                                        "Actual Loops": 1
                                    }
                                ],
                                "Plans": [
                                    {
                                        "Node Type": "Seq Scan",
                                        "Parent Relationship": "Outer",
                                        "Parallel Aware": true,
                                        "Relation Name": "movie_info",
                                        "Schema": "public",
                                        "Alias": "mi",
                                        "Startup Cost": 0.0,
                                        "Total Cost": 198880.74,
                                        "Plan Rows": 600336,
                                        "Plan Width": 4,
                                        "Actual Startup Time": 90.434,
                                        "Actual Total Time": 386.899,
                                        "Actual Rows": 506120,
                                        "Actual Loops": 6,
                                        "Output": [
                                            "mi.id",
                                            "mi.movie_id",
                                            "mi.info_type_id",
                                            "mi.info",
                                            "mi.note"
                                        ],
                                        "Filter": "(mi.info_type_id = 16)",
                                        "Rows Removed by Filter": 1966500,
                                        "Workers": [
                                            {
                                                "Worker Number": 0,
                                                "Actual Startup Time": 90.389,
                                                "Actual Total Time": 387.812,
                                                "Actual Rows": 428256,
                                                "Actual Loops": 1
                                            },
                                            {
                                                "Worker Number": 1,
                                                "Actual Startup Time": 90.431,
                                                "Actual Total Time": 387.138,
                                                "Actual Rows": 448992,
                                                "Actual Loops": 1
                                            },
                                            {
                                                "Worker Number": 2,
                                                "Actual Startup Time": 90.459,
                                                "Actual Total Time": 387.816,
                                                "Actual Rows": 441884,
                                                "Actual Loops": 1
                                            },
                                            {
                                                "Worker Number": 3,
                                                "Actual Startup Time": 90.437,
                                                "Actual Total Time": 386.943,
                                                "Actual Rows": 445573,
                                                "Actual Loops": 1
                                            },
                                            {
                                                "Worker Number": 4,
                                                "Actual Startup Time": 90.447,
                                                "Actual Total Time": 387.423,
                                                "Actual Rows": 439379,
                                                "Actual Loops": 1
                                            }
                                        ]
                                    },
                                    {
                                        "Node Type": "Hash",
                                        "Parent Relationship": "Inner",
                                        "Parallel Aware": true,
                                        "Startup Cost": 45479.21,
                                        "Total Cost": 45479.21,
                                        "Plan Rows": 10718,
                                        "Plan Width": 4,
                                        "Actual Startup Time": 87.196,
                                        "Actual Total Time": 87.197,
                                        "Actual Rows": 5651,
                                        "Actual Loops": 6,
                                        "Output": [
                                            "t.id"
                                        ],
                                        "Hash Buckets": 65536,
                                        "Original Hash Buckets": 65536,
                                        "Hash Batches": 1,
                                        "Original Hash Batches": 1,
                                        "Peak Memory Usage": 1888,
                                        "Workers": [
                                            {
                                                "Worker Number": 0,
                                                "Actual Startup Time": 88.099,
                                                "Actual Total Time": 88.1,
                                                "Actual Rows": 4897,
                                                "Actual Loops": 1
                                            },
                                            {
                                                "Worker Number": 1,
                                                "Actual Startup Time": 85.094,
                                                "Actual Total Time": 85.095,
                                                "Actual Rows": 4964,
                                                "Actual Loops": 1
                                            },
                                            {
                                                "Worker Number": 2,
                                                "Actual Startup Time": 85.443,
                                                "Actual Total Time": 85.444,
                                                "Actual Rows": 4875,
                                                "Actual Loops": 1
                                            },
                                            {
                                                "Worker Number": 3,
                                                "Actual Startup Time": 85.384,
                                                "Actual Total Time": 85.385,
                                                "Actual Rows": 4869,
                                                "Actual Loops": 1
                                            },
                                            {
                                                "Worker Number": 4,
                                                "Actual Startup Time": 86.054,
                                                "Actual Total Time": 86.055,
                                                "Actual Rows": 4814,
                                                "Actual Loops": 1
                                            }
                                        ],
                                        "Plans": [
                                            {
                                                "Node Type": "Seq Scan",
                                                "Parent Relationship": "Outer",
                                                "Parallel Aware": true,
                                                "Relation Name": "title",
                                                "Schema": "public",
                                                "Alias": "t",
                                                "Startup Cost": 0.0,
                                                "Total Cost": 45479.21,
                                                "Plan Rows": 10718,
                                                "Plan Width": 4,
                                                "Actual Startup Time": 0.787,
                                                "Actual Total Time": 83.956,
                                                "Actual Rows": 5651,
                                                "Actual Loops": 6,
                                                "Output": [
                                                    "t.id"
                                                ],
                                                "Filter": "((t.kind_id < 7) AND (t.production_year = 2006))",
                                                "Rows Removed by Filter": 415734,
                                                "Workers": [
                                                    {
                                                        "Worker Number": 0,
                                                        "Actual Startup Time": 0.403,
                                                        "Actual Total Time": 84.914,
                                                        "Actual Rows": 4897,
                                                        "Actual Loops": 1
                                                    },
                                                    {
                                                        "Worker Number": 1,
                                                        "Actual Startup Time": 1.131,
                                                        "Actual Total Time": 81.834,
                                                        "Actual Rows": 4964,
                                                        "Actual Loops": 1
                                                    },
                                                    {
                                                        "Worker Number": 2,
                                                        "Actual Startup Time": 2.498,
                                                        "Actual Total Time": 82.37,
                                                        "Actual Rows": 4875,
                                                        "Actual Loops": 1
                                                    },
                                                    {
                                                        "Worker Number": 3,
                                                        "Actual Startup Time": 0.23,
                                                        "Actual Total Time": 82.166,
                                                        "Actual Rows": 4869,
                                                        "Actual Loops": 1
                                                    },
                                                    {
                                                        "Worker Number": 4,
                                                        "Actual Startup Time": 0.384,
                                                        "Actual Total Time": 82.893,
                                                        "Actual Rows": 4814,
                                                        "Actual Loops": 1
                                                    }
                                                ]
                                            }
                                        ]
                                    }
                                ]
                            }
                        ]
                    }
                ]
            }
        ]
    },
    "Planning Time": 0.61,
    "Triggers": [],
    "Execution Time": 601.509
}