[
  {
    "Plan": {
      "Node Type": "Aggregate",
      "Strategy": "Plain",
      "Partial Mode": "Finalize",
      "Parallel Aware": false,
      "Startup Cost": 87874.9,
      "Total Cost": 87874.91,
      "Plan Rows": 1,
      "Plan Width": 8,
      "Actual Startup Time": 310.97,
      "Actual Total Time": 329.513,
      "Actual Rows": 1,
      "Actual Loops": 1,
      "Plans": [
        {
          "Node Type": "Gather",
          "Parent Relationship": "Outer",
          "Parallel Aware": false,
          "Startup Cost": 87874.58,
          "Total Cost": 87874.89,
          "Plan Rows": 3,
          "Plan Width": 8,
          "Actual Startup Time": 310.106,
          "Actual Total Time": 329.502,
          "Actual Rows": 4,
          "Actual Loops": 1,
          "Workers Planned": 3,
          "Workers Launched": 3,
          "Single Copy": false,
          "Plans": [
            {
              "Node Type": "Aggregate",
              "Strategy": "Plain",
              "Partial Mode": "Partial",
              "Parent Relationship": "Outer",
              "Parallel Aware": false,
              "Startup Cost": 86874.58,
              "Total Cost": 86874.59,
              "Plan Rows": 1,
              "Plan Width": 8,
              "Actual Startup Time": 300.755,
              "Actual Total Time": 300.76,
              "Actual Rows": 1,
              "Actual Loops": 4,
              "Plans": [
                {
                  "Node Type": "Hash Join",
                  "Parent Relationship": "Outer",
                  "Parallel Aware": true,
                  "Join Type": "Inner",
                  "Startup Cost": 58975.23,
                  "Total Cost": 86864.59,
                  "Plan Rows": 3997,
                  "Plan Width": 0,
                  "Actual Startup Time": 183.451,
                  "Actual Total Time": 300.303,
                  "Actual Rows": 3795,
                  "Actual Loops": 4,
                  "Inner Unique": true,
                  "Hash Cond": "(mk.movie_id = t.id)",
                  "Plans": [
                    {
                      "Node Type": "Bitmap Heap Scan",
                      "Parent Relationship": "Outer",
                      "Parallel Aware": true,
                      "Relation Name": "movie_keyword",
                      "Alias": "mk",
                      "Startup Cost": 14937.26,
                      "Total Cost": 42230.4,
                      "Plan Rows": 227131,
                      "Plan Width": 4,
                      "Actual Startup Time": 64.401,
                      "Actual Total Time": 150.17,
                      "Actual Rows": 177914,
                      "Actual Loops": 4,
                      "Recheck Cond": "(keyword_id < 613)",
                      "Rows Removed by Index Recheck": 0,
                      "Exact Heap Blocks": 6644,
                      "Lossy Heap Blocks": 0,
                      "Plans": [
                        {
                          "Node Type": "Bitmap Index Scan",
                          "Parent Relationship": "Outer",
                          "Parallel Aware": false,
                          "Index Name": "keyword_id_movie_keyword",
                          "Startup Cost": 0.0,
                          "Total Cost": 14761.24,
                          "Plan Rows": 704107,
                          "Plan Width": 0,
                          "Actual Startup Time": 58.338,
                          "Actual Total Time": 58.338,
                          "Actual Rows": 711658,
                          "Actual Loops": 1,
                          "Index Cond": "(keyword_id < 613)"
                        }
                      ]
                    },
                    {
                      "Node Type": "Hash",
                      "Parent Relationship": "Inner",
                      "Parallel Aware": true,
                      "Startup Cost": 43898.92,
                      "Total Cost": 43898.92,
                      "Plan Rows": 11124,
                      "Plan Width": 4,
                      "Actual Startup Time": 117.012,
                      "Actual Total Time": 117.013,
                      "Actual Rows": 11646,
                      "Actual Loops": 4,
                      "Hash Buckets": 65536,
                      "Original Hash Buckets": 65536,
                      "Hash Batches": 1,
                      "Original Hash Batches": 1,
                      "Peak Memory Usage": 2368,
                      "Plans": [
                        {
                          "Node Type": "Seq Scan",
                          "Parent Relationship": "Outer",
                          "Parallel Aware": true,
                          "Relation Name": "title",
                          "Alias": "t",
                          "Startup Cost": 0.0,
                          "Total Cost": 43898.92,
                          "Plan Rows": 11124,
                          "Plan Width": 4,
                          "Actual Startup Time": 0.08,
                          "Actual Total Time": 110.26,
                          "Actual Rows": 11646,
                          "Actual Loops": 4,
                          "Filter": "(production_year = 1998)",
                          "Rows Removed by Filter": 620432
                        }
                      ]
                    }
                  ]
                }
              ]
            }
          ]
        }
      ]
    },
    "Planning Time": 0.622,
    "Triggers": [],
    "Execution Time": 329.609
  }
]