[
  {
    "Plan": {
      "Node Type": "Aggregate",
      "Strategy": "Plain",
      "Partial Mode": "Finalize",
      "Parallel Aware": false,
      "Startup Cost": 352964.61,
      "Total Cost": 352964.62,
      "Plan Rows": 1,
      "Plan Width": 8,
      "Actual Startup Time": 989.707,
      "Actual Total Time": 1036.86,
      "Actual Rows": 1,
      "Actual Loops": 1,
      "Plans": [
        {
          "Node Type": "Gather",
          "Parent Relationship": "Outer",
          "Parallel Aware": false,
          "Startup Cost": 352963.98,
          "Total Cost": 352964.59,
          "Plan Rows": 6,
          "Plan Width": 8,
          "Actual Startup Time": 989.545,
          "Actual Total Time": 1036.85,
          "Actual Rows": 7,
          "Actual Loops": 1,
          "Workers Planned": 6,
          "Workers Launched": 6,
          "Single Copy": false,
          "Plans": [
            {
              "Node Type": "Aggregate",
              "Strategy": "Plain",
              "Partial Mode": "Partial",
              "Parent Relationship": "Outer",
              "Parallel Aware": false,
              "Startup Cost": 351963.98,
              "Total Cost": 351963.99,
              "Plan Rows": 1,
              "Plan Width": 8,
              "Actual Startup Time": 981.057,
              "Actual Total Time": 981.058,
              "Actual Rows": 1,
              "Actual Loops": 7,
              "Plans": [
                {
                  "Node Type": "Seq Scan",
                  "Parent Relationship": "Outer",
                  "Parallel Aware": true,
                  "Relation Name": "cast_info",
                  "Alias": "ci",
                  "Startup Cost": 0.0,
                  "Total Cost": 343316.27,
                  "Plan Rows": 3459085,
                  "Plan Width": 0,
                  "Actual Startup Time": 252.029,
                  "Actual Total Time": 802.489,
                  "Actual Rows": 3190332,
                  "Actual Loops": 7,
                  "Filter": "((person_id > 431822) AND (role_id > 1))",
                  "Rows Removed by Filter": 1987432
                }
              ]
            }
          ]
        }
      ]
    },
    "Planning Time": 0.188,
    "Triggers": [],
    "Execution Time": 1036.905
  }
]