[
  {
    "Plan": {
      "Node Type": "Aggregate",
      "Strategy": "Plain",
      "Partial Mode": "Finalize",
      "Parallel Aware": false,
      "Startup Cost": 352960.41,
      "Total Cost": 352960.42,
      "Plan Rows": 1,
      "Plan Width": 8,
      "Actual Startup Time": 841.752,
      "Actual Total Time": 893.816,
      "Actual Rows": 1,
      "Actual Loops": 1,
      "Plans": [
        {
          "Node Type": "Gather",
          "Parent Relationship": "Outer",
          "Parallel Aware": false,
          "Startup Cost": 352959.78,
          "Total Cost": 352960.39,
          "Plan Rows": 6,
          "Plan Width": 8,
          "Actual Startup Time": 841.636,
          "Actual Total Time": 893.805,
          "Actual Rows": 7,
          "Actual Loops": 1,
          "Workers Planned": 6,
          "Workers Launched": 6,
          "Single Copy": false,
          "Plans": [
            {
              "Node Type": "Aggregate",
              "Strategy": "Plain",
              "Partial Mode": "Partial",
              "Parent Relationship": "Outer",
              "Parallel Aware": false,
              "Startup Cost": 351959.78,
              "Total Cost": 351959.79,
              "Plan Rows": 1,
              "Plan Width": 8,
              "Actual Startup Time": 832.286,
              "Actual Total Time": 832.288,
              "Actual Rows": 1,
              "Actual Loops": 7,
              "Plans": [
                {
                  "Node Type": "Seq Scan",
                  "Parent Relationship": "Outer",
                  "Parallel Aware": true,
                  "Relation Name": "cast_info",
                  "Alias": "ci",
                  "Startup Cost": 0.0,
                  "Total Cost": 343257.03,
                  "Plan Rows": 3481101,
                  "Plan Width": 0,
                  "Actual Startup Time": 224.378,
                  "Actual Total Time": 700.767,
                  "Actual Rows": 3190332,
                  "Actual Loops": 7,
                  "Filter": "((person_id > 431822) AND (role_id > 1))",
                  "Rows Removed by Filter": 1987432
                }
              ]
            }
          ]
        }
      ]
    },
    "Planning Time": 0.279,
    "Triggers": [],
    "Execution Time": 893.894
  }
]