[
  {
    "Plan": {
      "Node Type": "Aggregate",
      "Strategy": "Plain",
      "Partial Mode": "Finalize",
      "Parallel Aware": false,
      "Startup Cost": 46223.08,
      "Total Cost": 46223.09,
      "Plan Rows": 1,
      "Plan Width": 8,
      "Actual Startup Time": 158.517,
      "Actual Total Time": 168.062,
      "Actual Rows": 1,
      "Actual Loops": 1,
      "Plans": [
        {
          "Node Type": "Gather",
          "Parent Relationship": "Outer",
          "Parallel Aware": false,
          "Startup Cost": 46222.76,
          "Total Cost": 46223.07,
          "Plan Rows": 3,
          "Plan Width": 8,
          "Actual Startup Time": 158.404,
          "Actual Total Time": 168.054,
          "Actual Rows": 4,
          "Actual Loops": 1,
          "Workers Planned": 3,
          "Workers Launched": 3,
          "Single Copy": false,
          "Plans": [
            {
              "Node Type": "Aggregate",
              "Strategy": "Plain",
              "Partial Mode": "Partial",
              "Parent Relationship": "Outer",
              "Parallel Aware": false,
              "Startup Cost": 45222.76,
              "Total Cost": 45222.77,
              "Plan Rows": 1,
              "Plan Width": 8,
              "Actual Startup Time": 151.715,
              "Actual Total Time": 151.717,
              "Actual Rows": 1,
              "Actual Loops": 4,
              "Plans": [
                {
                  "Node Type": "Seq Scan",
                  "Parent Relationship": "Outer",
                  "Parallel Aware": true,
                  "Relation Name": "movie_keyword",
                  "Alias": "mk",
                  "Startup Cost": 0.0,
                  "Total Cost": 42695.65,
                  "Plan Rows": 1010842,
                  "Plan Width": 0,
                  "Actual Startup Time": 0.051,
                  "Actual Total Time": 117.938,
                  "Actual Rows": 782362,
                  "Actual Loops": 4,
                  "Filter": "(keyword_id < 12015)",
                  "Rows Removed by Filter": 348621
                }
              ]
            }
          ]
        }
      ]
    },
    "Planning Time": 0.181,
    "Triggers": [],
    "Execution Time": 168.118
  }
]