{
  "Plan": {
    "Node Type": "Aggregate",
    "Strategy": "Plain",
    "Partial Mode": "Finalize",
    "Parallel Aware": false,
    "Startup Cost": 86638.22,
    "Total Cost": 86638.23,
    "Plan Rows": 1,
    "Plan Width": 8,
    "Actual Startup Time": 160.093,
    "Actual Total Time": 175.047,
    "Actual Rows": 1,
    "Actual Loops": 1,
    "Plans": [
      {
        "Node Type": "Gather",
        "Parent Relationship": "Outer",
        "Parallel Aware": false,
        "Startup Cost": 86638.1,
        "Total Cost": 86638.21,
        "Plan Rows": 1,
        "Plan Width": 8,
        "Actual Startup Time": 159.992,
        "Actual Total Time": 175.04,
        "Actual Rows": 2,
        "Actual Loops": 1,
        "Workers Planned": 1,
        "Workers Launched": 1,
        "Single Copy": false,
        "Plans": [
          {
            "Node Type": "Aggregate",
            "Strategy": "Plain",
            "Partial Mode": "Partial",
            "Parent Relationship": "Outer",
            "Parallel Aware": false,
            "Startup Cost": 85638.1,
            "Total Cost": 85638.11,
            "Plan Rows": 1,
            "Plan Width": 8,
            "Actual Startup Time": 154.025,
            "Actual Total Time": 154.027,
            "Actual Rows": 1,
            "Actual Loops": 2,
            "Plans": [
              {
                "Node Type": "Nested Loop",
                "Parent Relationship": "Outer",
                "Parallel Aware": false,
                "Join Type": "Inner",
                "Startup Cost": 0.43,
                "Total Cost": 85633.74,
                "Plan Rows": 1745,
                "Plan Width": 0,
                "Actual Startup Time": 7.111,
                "Actual Total Time": 153.763,
                "Actual Rows": 3430,
                "Actual Loops": 2,
                "Inner Unique": false,
                "Plans": [
                  {
                    "Node Type": "Seq Scan",
                    "Parent Relationship": "Outer",
                    "Parallel Aware": true,
                    "Relation Name": "title",
                    "Alias": "t",
                    "Startup Cost": 0.0,
                    "Total Cost": 58306.47,
                    "Plan Rows": 1691,
                    "Plan Width": 4,
                    "Actual Startup Time": 6.99,
                    "Actual Total Time": 139.314,
                    "Actual Rows": 1589,
                    "Actual Loops": 2,
                    "Filter": "((kind_id < 7) AND (production_year = 1954))",
                    "Rows Removed by Filter": 1262567
                  },
                  {
                    "Node Type": "Index Only Scan",
                    "Parent Relationship": "Inner",
                    "Parallel Aware": false,
                    "Scan Direction": "Forward",
                    "Index Name": "movie_id_movie_companies",
                    "Relation Name": "movie_companies",
                    "Alias": "mc",
                    "Startup Cost": 0.43,
                    "Total Cost": 16.11,
                    "Plan Rows": 5,
                    "Plan Width": 4,
                    "Actual Startup Time": 0.007,
                    "Actual Total Time": 0.009,
                    "Actual Rows": 2,
                    "Actual Loops": 3178,
                    "Index Cond": "(movie_id = t.id)",
                    "Rows Removed by Index Recheck": 0,
                    "Heap Fetches": 6860
                  }
                ]
              }
            ]
          }
        ]
      }
    ]
  },
  "Planning Time": 0.425,
  "Triggers": [],
  "Execution Time": 175.112
}