[
  {
    "Plan": {
      "Node Type": "Aggregate",
      "Strategy": "Plain",
      "Partial Mode": "Finalize",
      "Parallel Aware": false,
      "Startup Cost": 30763.26,
      "Total Cost": 30763.27,
      "Plan Rows": 1,
      "Plan Width": 8,
      "Actual Startup Time": 87.645,
      "Actual Total Time": 95.778,
      "Actual Rows": 1,
      "Actual Loops": 1,
      "Plans": [
        {
          "Node Type": "Gather",
          "Parent Relationship": "Outer",
          "Parallel Aware": false,
          "Startup Cost": 30762.95,
          "Total Cost": 30763.26,
          "Plan Rows": 3,
          "Plan Width": 8,
          "Actual Startup Time": 87.514,
          "Actual Total Time": 95.771,
          "Actual Rows": 4,
          "Actual Loops": 1,
          "Workers Planned": 3,
          "Workers Launched": 3,
          "Single Copy": false,
          "Plans": [
            {
              "Node Type": "Aggregate",
              "Strategy": "Plain",
              "Partial Mode": "Partial",
              "Parent Relationship": "Outer",
              "Parallel Aware": false,
              "Startup Cost": 29762.95,
              "Total Cost": 29762.96,
              "Plan Rows": 1,
              "Plan Width": 8,
              "Actual Startup Time": 80.079,
              "Actual Total Time": 80.08,
              "Actual Rows": 1,
              "Actual Loops": 4,
              "Plans": [
                {
                  "Node Type": "Seq Scan",
                  "Parent Relationship": "Outer",
                  "Parallel Aware": true,
                  "Relation Name": "movie_companies",
                  "Alias": "mc",
                  "Startup Cost": 0.0,
                  "Total Cost": 29310.68,
                  "Plan Rows": 180906,
                  "Plan Width": 0,
                  "Actual Startup Time": 43.811,
                  "Actual Total Time": 74.102,
                  "Actual Rows": 143686,
                  "Actual Loops": 4,
                  "Filter": "(company_id > 71181)",
                  "Rows Removed by Filter": 508596
                }
              ]
            }
          ]
        }
      ]
    },
    "Planning Time": 0.157,
    "Triggers": [],
    "Execution Time": 95.826
  }
]