{
  "Plan": {
    "Node Type": "Aggregate",
    "Strategy": "Plain",
    "Partial Mode": "Finalize",
    "Parallel Aware": false,
    "Startup Cost": 597779.46,
    "Total Cost": 597779.47,
    "Plan Rows": 1,
    "Plan Width": 8,
    "Actual Startup Time": 2410.712,
    "Actual Total Time": 2430.031,
    "Actual Rows": 1,
    "Actual Loops": 1,
    "Plans": [
      {
        "Node Type": "Gather",
        "Parent Relationship": "Outer",
        "Parallel Aware": false,
        "Startup Cost": 597779.34,
        "Total Cost": 597779.45,
        "Plan Rows": 1,
        "Plan Width": 8,
        "Actual Startup Time": 2402.184,
        "Actual Total Time": 2430.023,
        "Actual Rows": 2,
        "Actual Loops": 1,
        "Workers Planned": 1,
        "Workers Launched": 1,
        "Single Copy": false,
        "Plans": [
          {
            "Node Type": "Aggregate",
            "Strategy": "Plain",
            "Partial Mode": "Partial",
            "Parent Relationship": "Outer",
            "Parallel Aware": false,
            "Startup Cost": 596779.34,
            "Total Cost": 596779.35,
            "Plan Rows": 1,
            "Plan Width": 8,
            "Actual Startup Time": 2396.24,
            "Actual Total Time": 2396.245,
            "Actual Rows": 1,
            "Actual Loops": 2,
            "Plans": [
              {
                "Node Type": "Merge Join",
                "Parent Relationship": "Outer",
                "Parallel Aware": false,
                "Join Type": "Inner",
                "Startup Cost": 432780.49,
                "Total Cost": 593059.0,
                "Plan Rows": 1488138,
                "Plan Width": 0,
                "Actual Startup Time": 1673.17,
                "Actual Total Time": 2342.365,
                "Actual Rows": 1341806,
                "Actual Loops": 2,
                "Inner Unique": false,
                "Merge Cond": "(mc.movie_id = t.id)",
                "Plans": [
                  {
                    "Node Type": "Index Only Scan",
                    "Parent Relationship": "Outer",
                    "Parallel Aware": true,
                    "Scan Direction": "Forward",
                    "Index Name": "movie_id_movie_companies",
                    "Relation Name": "movie_companies",
                    "Alias": "mc",
                    "Startup Cost": 0.43,
                    "Total Cost": 129315.97,
                    "Plan Rows": 1534782,
                    "Plan Width": 4,
                    "Actual Startup Time": 0.105,
                    "Actual Total Time": 374.743,
                    "Actual Rows": 1304388,
                    "Actual Loops": 2,
                    "Heap Fetches": 2608775
                  },
                  {
                    "Node Type": "Sort",
                    "Parent Relationship": "Inner",
                    "Parallel Aware": false,
                    "Startup Cost": 432779.82,
                    "Total Cost": 438908.46,
                    "Plan Rows": 2451455,
                    "Plan Width": 8,
                    "Actual Startup Time": 1673.013,
                    "Actual Total Time": 1746.848,
                    "Actual Rows": 2053784,
                    "Actual Loops": 2,
                    "Sort Key": [
                      "mk.movie_id"
                    ],
                    "Sort Method": "quicksort",
                    "Sort Space Used": 101249,
                    "Sort Space Type": "Memory",
                    "Workers": [
                      {
                        "Worker Number": 0,
                        "Sort Method": "quicksort",
                        "Sort Space Used": 101249,
                        "Sort Space Type": "Memory"
                      }
                    ],
                    "Plans": [
                      {
                        "Node Type": "Hash Join",
                        "Parent Relationship": "Outer",
                        "Parallel Aware": false,
                        "Join Type": "Inner",
                        "Startup Cost": 91047.98,
                        "Total Cost": 172616.62,
                        "Plan Rows": 2451455,
                        "Plan Width": 8,
                        "Actual Startup Time": 648.152,
                        "Actual Total Time": 1451.145,
                        "Actual Rows": 1111393,
                        "Actual Loops": 2,
                        "Inner Unique": true,
                        "Hash Cond": "(mk.movie_id = t.id)",
                        "Plans": [
                          {
                            "Node Type": "Seq Scan",
                            "Parent Relationship": "Outer",
                            "Parallel Aware": false,
                            "Relation Name": "movie_keyword",
                            "Alias": "mk",
                            "Startup Cost": 0.0,
                            "Total Cost": 69693.3,
                            "Plan Rows": 4523930,
                            "Plan Width": 4,
                            "Actual Startup Time": 0.041,
                            "Actual Total Time": 297.53,
                            "Actual Rows": 4523930,
                            "Actual Loops": 2
                          },
                          {
                            "Node Type": "Hash",
                            "Parent Relationship": "Inner",
                            "Parallel Aware": false,
                            "Startup Cost": 73922.39,
                            "Total Cost": 73922.39,
                            "Plan Rows": 1370047,
                            "Plan Width": 4,
                            "Actual Startup Time": 636.488,
                            "Actual Total Time": 636.49,
                            "Actual Rows": 1470942,
                            "Actual Loops": 2,
                            "Hash Buckets": 2097152,
                            "Original Hash Buckets": 2097152,
                            "Hash Batches": 1,
                            "Original Hash Batches": 1,
                            "Peak Memory Usage": 68097,
                            "Plans": [
                              {
                                "Node Type": "Seq Scan",
                                "Parent Relationship": "Outer",
                                "Parallel Aware": false,
                                "Relation Name": "title",
                                "Alias": "t",
                                "Startup Cost": 0.0,
                                "Total Cost": 73922.39,
                                "Plan Rows": 1370047,
                                "Plan Width": 4,
                                "Actual Startup Time": 0.035,
                                "Actual Total Time": 319.011,
                                "Actual Rows": 1470942,
                                "Actual Loops": 2,
                                "Filter": "((kind_id > 3) AND (production_year > 1971))",
                                "Rows Removed by Filter": 1057370
                              }
                            ]
                          }
                        ]
                      }
                    ]
                  }
                ]
              }
            ]
          }
        ]
      }
    ]
  },
  "Planning Time": 0.947,
  "Triggers": [],
  "Execution Time": 2442.446
}