{
  "Plan": {
    "Node Type": "Aggregate",
    "Strategy": "Plain",
    "Partial Mode": "Finalize",
    "Parallel Aware": false,
    "Startup Cost": 99446.67,
    "Total Cost": 99446.68,
    "Plan Rows": 1,
    "Plan Width": 8,
    "Actual Startup Time": 296.925,
    "Actual Total Time": 316.607,
    "Actual Rows": 1,
    "Actual Loops": 1,
    "Plans": [
      {
        "Node Type": "Gather",
        "Parent Relationship": "Outer",
        "Parallel Aware": false,
        "Startup Cost": 99446.56,
        "Total Cost": 99446.67,
        "Plan Rows": 1,
        "Plan Width": 8,
        "Actual Startup Time": 296.597,
        "Actual Total Time": 316.599,
        "Actual Rows": 2,
        "Actual Loops": 1,
        "Workers Planned": 1,
        "Workers Launched": 1,
        "Single Copy": false,
        "Plans": [
          {
            "Node Type": "Aggregate",
            "Strategy": "Plain",
            "Partial Mode": "Partial",
            "Parent Relationship": "Outer",
            "Parallel Aware": false,
            "Startup Cost": 98446.56,
            "Total Cost": 98446.57,
            "Plan Rows": 1,
            "Plan Width": 8,
            "Actual Startup Time": 290.724,
            "Actual Total Time": 290.732,
            "Actual Rows": 1,
            "Actual Loops": 2,
            "Plans": [
              {
                "Node Type": "Hash Join",
                "Parent Relationship": "Outer",
                "Parallel Aware": true,
                "Join Type": "Inner",
                "Startup Cost": 69444.08,
                "Total Cost": 98433.55,
                "Plan Rows": 5201,
                "Plan Width": 0,
                "Actual Startup Time": 183.816,
                "Actual Total Time": 290.068,
                "Actual Rows": 9133,
                "Actual Loops": 2,
                "Inner Unique": true,
                "Hash Cond": "(mk.movie_id = t.id)",
                "Plans": [
                  {
                    "Node Type": "Bitmap Heap Scan",
                    "Parent Relationship": "Outer",
                    "Parallel Aware": true,
                    "Relation Name": "movie_keyword",
                    "Alias": "mk",
                    "Startup Cost": 10815.17,
                    "Total Cost": 39017.49,
                    "Plan Rows": 299866,
                    "Plan Width": 4,
                    "Actual Startup Time": 28.232,
                    "Actual Total Time": 103.063,
                    "Actual Rows": 260439,
                    "Actual Loops": 2,
                    "Recheck Cond": "(keyword_id < 382)",
                    "Rows Removed by Index Recheck": 0,
                    "Exact Heap Blocks": 17234,
                    "Lossy Heap Blocks": 0,
                    "Plans": [
                      {
                        "Node Type": "Bitmap Index Scan",
                        "Parent Relationship": "Outer",
                        "Parallel Aware": false,
                        "Index Name": "keyword_id_movie_keyword",
                        "Startup Cost": 0.0,
                        "Total Cost": 10687.72,
                        "Plan Rows": 509772,
                        "Plan Width": 0,
                        "Actual Startup Time": 24.693,
                        "Actual Total Time": 24.694,
                        "Actual Rows": 520878,
                        "Actual Loops": 1,
                        "Index Cond": "(keyword_id < 382)"
                      }
                    ]
                  },
                  {
                    "Node Type": "Hash",
                    "Parent Relationship": "Inner",
                    "Parallel Aware": true,
                    "Startup Cost": 58306.47,
                    "Total Cost": 58306.47,
                    "Plan Rows": 25796,
                    "Plan Width": 4,
                    "Actual Startup Time": 154.437,
                    "Actual Total Time": 154.438,
                    "Actual Rows": 16952,
                    "Actual Loops": 2,
                    "Hash Buckets": 65536,
                    "Original Hash Buckets": 65536,
                    "Hash Batches": 1,
                    "Original Hash Batches": 1,
                    "Peak Memory Usage": 1888,
                    "Plans": [
                      {
                        "Node Type": "Seq Scan",
                        "Parent Relationship": "Outer",
                        "Parallel Aware": true,
                        "Relation Name": "title",
                        "Alias": "t",
                        "Startup Cost": 0.0,
                        "Total Cost": 58306.47,
                        "Plan Rows": 25796,
                        "Plan Width": 4,
                        "Actual Startup Time": 0.217,
                        "Actual Total Time": 148.962,
                        "Actual Rows": 16952,
                        "Actual Loops": 2,
                        "Filter": "((kind_id < 7) AND (production_year = 2006))",
                        "Rows Removed by Filter": 1247204
                      }
                    ]
                  }
                ]
              }
            ]
          }
        ]
      }
    ]
  },
  "Planning Time": 0.383,
  "Triggers": [],
  "Execution Time": 316.689
}