[
  {
    "Plan": {
      "Node Type": "Aggregate",
      "Strategy": "Plain",
      "Partial Mode": "Finalize",
      "Parallel Aware": false,
      "Startup Cost": 45994.56,
      "Total Cost": 45994.57,
      "Plan Rows": 1,
      "Plan Width": 8,
      "Actual Startup Time": 158.806,
      "Actual Total Time": 166.363,
      "Actual Rows": 1,
      "Actual Loops": 1,
      "Plans": [
        {
          "Node Type": "Gather",
          "Parent Relationship": "Outer",
          "Parallel Aware": false,
          "Startup Cost": 45994.24,
          "Total Cost": 45994.55,
          "Plan Rows": 3,
          "Plan Width": 8,
          "Actual Startup Time": 158.68,
          "Actual Total Time": 166.345,
          "Actual Rows": 4,
          "Actual Loops": 1,
          "Workers Planned": 3,
          "Workers Launched": 3,
          "Single Copy": false,
          "Plans": [
            {
              "Node Type": "Aggregate",
              "Strategy": "Plain",
              "Partial Mode": "Partial",
              "Parent Relationship": "Outer",
              "Parallel Aware": false,
              "Startup Cost": 44994.24,
              "Total Cost": 44994.25,
              "Plan Rows": 1,
              "Plan Width": 8,
              "Actual Startup Time": 151.895,
              "Actual Total Time": 151.896,
              "Actual Rows": 1,
              "Actual Loops": 4,
              "Plans": [
                {
                  "Node Type": "Seq Scan",
                  "Parent Relationship": "Outer",
                  "Parallel Aware": true,
                  "Relation Name": "movie_keyword",
                  "Alias": "mk",
                  "Startup Cost": 0.0,
                  "Total Cost": 42695.65,
                  "Plan Rows": 919435,
                  "Plan Width": 0,
                  "Actual Startup Time": 0.059,
                  "Actual Total Time": 117.779,
                  "Actual Rows": 715828,
                  "Actual Loops": 4,
                  "Filter": "(keyword_id < 8800)",
                  "Rows Removed by Filter": 415155
                }
              ]
            }
          ]
        }
      ]
    },
    "Planning Time": 0.193,
    "Triggers": [],
    "Execution Time": 166.418
  }
]