[
  {
    "Plan": {
      "Node Type": "Aggregate",
      "Strategy": "Plain",
      "Partial Mode": "Finalize",
      "Parallel Aware": false,
      "Startup Cost": 255670.35,
      "Total Cost": 255670.36,
      "Plan Rows": 1,
      "Plan Width": 8,
      "Actual Startup Time": 1284.379,
      "Actual Total Time": 1339.819,
      "Actual Rows": 1,
      "Actual Loops": 1,
      "Plans": [
        {
          "Node Type": "Gather",
          "Parent Relationship": "Outer",
          "Parallel Aware": false,
          "Startup Cost": 255669.83,
          "Total Cost": 255670.34,
          "Plan Rows": 5,
          "Plan Width": 8,
          "Actual Startup Time": 1280.636,
          "Actual Total Time": 1339.808,
          "Actual Rows": 6,
          "Actual Loops": 1,
          "Workers Planned": 5,
          "Workers Launched": 5,
          "Single Copy": false,
          "Plans": [
            {
              "Node Type": "Aggregate",
              "Strategy": "Plain",
              "Partial Mode": "Partial",
              "Parent Relationship": "Outer",
              "Parallel Aware": false,
              "Startup Cost": 254669.83,
              "Total Cost": 254669.84,
              "Plan Rows": 1,
              "Plan Width": 8,
              "Actual Startup Time": 1270.756,
              "Actual Total Time": 1270.761,
              "Actual Rows": 1,
              "Actual Loops": 6,
              "Plans": [
                {
                  "Node Type": "Hash Join",
                  "Parent Relationship": "Outer",
                  "Parallel Aware": true,
                  "Join Type": "Inner",
                  "Startup Cost": 45962.36,
                  "Total Cost": 252758.18,
                  "Plan Rows": 764657,
                  "Plan Width": 0,
                  "Actual Startup Time": 156.405,
                  "Actual Total Time": 1195.731,
                  "Actual Rows": 1350706,
                  "Actual Loops": 6,
                  "Inner Unique": true,
                  "Hash Cond": "(mi.movie_id = t.id)",
                  "Plans": [
                    {
                      "Node Type": "Seq Scan",
                      "Parent Relationship": "Outer",
                      "Parallel Aware": true,
                      "Relation Name": "movie_info",
                      "Alias": "mi",
                      "Startup Cost": 0.0,
                      "Total Cost": 199108.24,
                      "Plan Rows": 2928598,
                      "Plan Width": 4,
                      "Actual Startup Time": 0.037,
                      "Actual Total Time": 442.207,
                      "Actual Rows": 2439661,
                      "Actual Loops": 6,
                      "Filter": "(info_type_id < 107)",
                      "Rows Removed by Filter": 32959
                    },
                    {
                      "Node Type": "Hash",
                      "Parent Relationship": "Inner",
                      "Parallel Aware": true,
                      "Startup Cost": 43899.32,
                      "Total Cost": 43899.32,
                      "Plan Rows": 165043,
                      "Plan Width": 4,
                      "Actual Startup Time": 137.554,
                      "Actual Total Time": 137.556,
                      "Actual Rows": 110471,
                      "Actual Loops": 6,
                      "Hash Buckets": 1048576,
                      "Original Hash Buckets": 1048576,
                      "Hash Batches": 1,
                      "Original Hash Batches": 1,
                      "Peak Memory Usage": 34208,
                      "Plans": [
                        {
                          "Node Type": "Seq Scan",
                          "Parent Relationship": "Outer",
                          "Parallel Aware": true,
                          "Relation Name": "title",
                          "Alias": "t",
                          "Startup Cost": 0.0,
                          "Total Cost": 43899.32,
                          "Plan Rows": 165043,
                          "Plan Width": 4,
                          "Actual Startup Time": 44.636,
                          "Actual Total Time": 91.568,
                          "Actual Rows": 110471,
                          "Actual Loops": 6,
                          "Filter": "(kind_id = 1)",
                          "Rows Removed by Filter": 310914
                        }
                      ]
                    }
                  ]
                }
              ]
            }
          ]
        }
      ]
    },
    "Planning Time": 0.67,
    "Triggers": [],
    "Execution Time": 1339.909
  }
]