{
  "Plan": {
    "Node Type": "Aggregate",
    "Strategy": "Plain",
    "Partial Mode": "Finalize",
    "Parallel Aware": false,
    "Startup Cost": 76083.98,
    "Total Cost": 76083.99,
    "Plan Rows": 1,
    "Plan Width": 8,
    "Actual Startup Time": 298.565,
    "Actual Total Time": 308.965,
    "Actual Rows": 1,
    "Actual Loops": 1,
    "Plans": [
      {
        "Node Type": "Gather",
        "Parent Relationship": "Outer",
        "Parallel Aware": false,
        "Startup Cost": 76083.86,
        "Total Cost": 76083.97,
        "Plan Rows": 1,
        "Plan Width": 8,
        "Actual Startup Time": 297.947,
        "Actual Total Time": 308.958,
        "Actual Rows": 2,
        "Actual Loops": 1,
        "Workers Planned": 1,
        "Workers Launched": 1,
        "Single Copy": false,
        "Plans": [
          {
            "Node Type": "Aggregate",
            "Strategy": "Plain",
            "Partial Mode": "Partial",
            "Parent Relationship": "Outer",
            "Parallel Aware": false,
            "Startup Cost": 75083.86,
            "Total Cost": 75083.87,
            "Plan Rows": 1,
            "Plan Width": 8,
            "Actual Startup Time": 292.509,
            "Actual Total Time": 292.512,
            "Actual Rows": 1,
            "Actual Loops": 2,
            "Plans": [
              {
                "Node Type": "Hash Join",
                "Parent Relationship": "Outer",
                "Parallel Aware": true,
                "Join Type": "Inner",
                "Startup Cost": 56672.55,
                "Total Cost": 74856.34,
                "Plan Rows": 91009,
                "Plan Width": 0,
                "Actual Startup Time": 167.657,
                "Actual Total Time": 288.54,
                "Actual Rows": 85076,
                "Actual Loops": 2,
                "Inner Unique": true,
                "Hash Cond": "(mi_idx.movie_id = t.id)",
                "Plans": [
                  {
                    "Node Type": "Seq Scan",
                    "Parent Relationship": "Outer",
                    "Parallel Aware": true,
                    "Relation Name": "movie_info_idx",
                    "Alias": "mi_idx",
                    "Startup Cost": 0.0,
                    "Total Cost": 16052.85,
                    "Plan Rows": 811785,
                    "Plan Width": 4,
                    "Actual Startup Time": 0.016,
                    "Actual Total Time": 47.569,
                    "Actual Rows": 690018,
                    "Actual Loops": 2
                  },
                  {
                    "Node Type": "Hash",
                    "Parent Relationship": "Inner",
                    "Parallel Aware": true,
                    "Startup Cost": 54588.39,
                    "Total Cost": 54588.39,
                    "Plan Rows": 166733,
                    "Plan Width": 4,
                    "Actual Startup Time": 164.749,
                    "Actual Total Time": 164.75,
                    "Actual Rows": 148236,
                    "Actual Loops": 2,
                    "Hash Buckets": 524288,
                    "Original Hash Buckets": 524288,
                    "Hash Batches": 1,
                    "Original Hash Batches": 1,
                    "Peak Memory Usage": 15712,
                    "Plans": [
                      {
                        "Node Type": "Seq Scan",
                        "Parent Relationship": "Outer",
                        "Parallel Aware": true,
                        "Relation Name": "title",
                        "Alias": "t",
                        "Startup Cost": 0.0,
                        "Total Cost": 54588.39,
                        "Plan Rows": 166733,
                        "Plan Width": 4,
                        "Actual Startup Time": 0.03,
                        "Actual Total Time": 128.716,
                        "Actual Rows": 148236,
                        "Actual Loops": 2,
                        "Filter": "(production_year < 1965)",
                        "Rows Removed by Filter": 1115920
                      }
                    ]
                  }
                ]
              }
            ]
          }
        ]
      }
    ]
  },
  "Planning Time": 0.169,
  "Triggers": [],
  "Execution Time": 309.0
}