[
  {
    "Plan": {
      "Node Type": "Aggregate",
      "Strategy": "Plain",
      "Partial Mode": "Finalize",
      "Parallel Aware": false,
      "Startup Cost": 46633.81,
      "Total Cost": 46633.82,
      "Plan Rows": 1,
      "Plan Width": 8,
      "Actual Startup Time": 173.817,
      "Actual Total Time": 184.389,
      "Actual Rows": 1,
      "Actual Loops": 1,
      "Plans": [
        {
          "Node Type": "Gather",
          "Parent Relationship": "Outer",
          "Parallel Aware": false,
          "Startup Cost": 46633.49,
          "Total Cost": 46633.8,
          "Plan Rows": 3,
          "Plan Width": 8,
          "Actual Startup Time": 173.665,
          "Actual Total Time": 184.378,
          "Actual Rows": 4,
          "Actual Loops": 1,
          "Workers Planned": 3,
          "Workers Launched": 3,
          "Single Copy": false,
          "Plans": [
            {
              "Node Type": "Aggregate",
              "Strategy": "Plain",
              "Partial Mode": "Partial",
              "Parent Relationship": "Outer",
              "Parallel Aware": false,
              "Startup Cost": 45633.49,
              "Total Cost": 45633.5,
              "Plan Rows": 1,
              "Plan Width": 8,
              "Actual Startup Time": 166.76,
              "Actual Total Time": 166.761,
              "Actual Rows": 1,
              "Actual Loops": 4,
              "Plans": [
                {
                  "Node Type": "Seq Scan",
                  "Parent Relationship": "Outer",
                  "Parallel Aware": true,
                  "Relation Name": "movie_keyword",
                  "Alias": "mk",
                  "Startup Cost": 0.0,
                  "Total Cost": 42695.65,
                  "Plan Rows": 1175136,
                  "Plan Width": 0,
                  "Actual Startup Time": 0.05,
                  "Actual Total Time": 124.589,
                  "Actual Rows": 911815,
                  "Actual Loops": 4,
                  "Filter": "(keyword_id < 21047)",
                  "Rows Removed by Filter": 219168
                }
              ]
            }
          ]
        }
      ]
    },
    "Planning Time": 0.19,
    "Triggers": [],
    "Execution Time": 184.444
  }
]