[
  {
    "Plan": {
      "Node Type": "Aggregate",
      "Strategy": "Plain",
      "Partial Mode": "Finalize",
      "Parallel Aware": false,
      "Startup Cost": 335773.26,
      "Total Cost": 335773.27,
      "Plan Rows": 1,
      "Plan Width": 8,
      "Actual Startup Time": 701.507,
      "Actual Total Time": 756.019,
      "Actual Rows": 1,
      "Actual Loops": 1,
      "Plans": [
        {
          "Node Type": "Gather",
          "Parent Relationship": "Outer",
          "Parallel Aware": false,
          "Startup Cost": 335772.63,
          "Total Cost": 335773.24,
          "Plan Rows": 6,
          "Plan Width": 8,
          "Actual Startup Time": 701.391,
          "Actual Total Time": 756.01,
          "Actual Rows": 7,
          "Actual Loops": 1,
          "Workers Planned": 6,
          "Workers Launched": 6,
          "Single Copy": false,
          "Plans": [
            {
              "Node Type": "Aggregate",
              "Strategy": "Plain",
              "Partial Mode": "Partial",
              "Parent Relationship": "Outer",
              "Parallel Aware": false,
              "Startup Cost": 334772.63,
              "Total Cost": 334772.64,
              "Plan Rows": 1,
              "Plan Width": 8,
              "Actual Startup Time": 692.891,
              "Actual Total Time": 692.892,
              "Actual Rows": 1,
              "Actual Loops": 7,
              "Plans": [
                {
                  "Node Type": "Seq Scan",
                  "Parent Relationship": "Outer",
                  "Parallel Aware": true,
                  "Relation Name": "cast_info",
                  "Alias": "ci",
                  "Startup Cost": 0.0,
                  "Total Cost": 328162.03,
                  "Plan Rows": 2644243,
                  "Plan Width": 0,
                  "Actual Startup Time": 226.156,
                  "Actual Total Time": 595.106,
                  "Actual Rows": 2265022,
                  "Actual Loops": 7,
                  "Filter": "(person_id > 2050519)",
                  "Rows Removed by Filter": 2912742
                }
              ]
            }
          ]
        }
      ]
    },
    "Planning Time": 0.168,
    "Triggers": [],
    "Execution Time": 756.086
  }
]