[
  {
    "Plan": {
      "Node Type": "Aggregate",
      "Strategy": "Plain",
      "Partial Mode": "Finalize",
      "Parallel Aware": false,
      "Startup Cost": 45998.35,
      "Total Cost": 45998.36,
      "Plan Rows": 1,
      "Plan Width": 8,
      "Actual Startup Time": 146.383,
      "Actual Total Time": 155.394,
      "Actual Rows": 1,
      "Actual Loops": 1,
      "Plans": [
        {
          "Node Type": "Gather",
          "Parent Relationship": "Outer",
          "Parallel Aware": false,
          "Startup Cost": 45998.03,
          "Total Cost": 45998.34,
          "Plan Rows": 3,
          "Plan Width": 8,
          "Actual Startup Time": 146.266,
          "Actual Total Time": 155.386,
          "Actual Rows": 4,
          "Actual Loops": 1,
          "Workers Planned": 3,
          "Workers Launched": 3,
          "Single Copy": false,
          "Plans": [
            {
              "Node Type": "Aggregate",
              "Strategy": "Plain",
              "Partial Mode": "Partial",
              "Parent Relationship": "Outer",
              "Parallel Aware": false,
              "Startup Cost": 44998.03,
              "Total Cost": 44998.04,
              "Plan Rows": 1,
              "Plan Width": 8,
              "Actual Startup Time": 140.792,
              "Actual Total Time": 140.794,
              "Actual Rows": 1,
              "Actual Loops": 4,
              "Plans": [
                {
                  "Node Type": "Seq Scan",
                  "Parent Relationship": "Outer",
                  "Parallel Aware": true,
                  "Relation Name": "movie_keyword",
                  "Alias": "mk",
                  "Startup Cost": 0.0,
                  "Total Cost": 42695.65,
                  "Plan Rows": 920950,
                  "Plan Width": 0,
                  "Actual Startup Time": 0.201,
                  "Actual Total Time": 111.826,
                  "Actual Rows": 708063,
                  "Actual Loops": 4,
                  "Filter": "(keyword_id > 2629)",
                  "Rows Removed by Filter": 422920
                }
              ]
            }
          ]
        }
      ]
    },
    "Planning Time": 0.096,
    "Triggers": [],
    "Execution Time": 155.428
  }
]