[
  {
    "Plan": {
      "Node Type": "Aggregate",
      "Strategy": "Plain",
      "Partial Mode": "Finalize",
      "Parallel Aware": false,
      "Startup Cost": 124455.12,
      "Total Cost": 124455.13,
      "Plan Rows": 1,
      "Plan Width": 8,
      "Actual Startup Time": 768.07,
      "Actual Total Time": 792.392,
      "Actual Rows": 1,
      "Actual Loops": 1,
      "Plans": [
        {
          "Node Type": "Gather",
          "Parent Relationship": "Outer",
          "Parallel Aware": false,
          "Startup Cost": 124454.8,
          "Total Cost": 124455.11,
          "Plan Rows": 3,
          "Plan Width": 8,
          "Actual Startup Time": 750.369,
          "Actual Total Time": 792.381,
          "Actual Rows": 4,
          "Actual Loops": 1,
          "Workers Planned": 3,
          "Workers Launched": 3,
          "Single Copy": false,
          "Plans": [
            {
              "Node Type": "Aggregate",
              "Strategy": "Plain",
              "Partial Mode": "Partial",
              "Parent Relationship": "Outer",
              "Parallel Aware": false,
              "Startup Cost": 123454.8,
              "Total Cost": 123454.81,
              "Plan Rows": 1,
              "Plan Width": 8,
              "Actual Startup Time": 740.855,
              "Actual Total Time": 741.02,
              "Actual Rows": 1,
              "Actual Loops": 4,
              "Plans": [
                {
                  "Node Type": "Hash Join",
                  "Parent Relationship": "Outer",
                  "Parallel Aware": true,
                  "Join Type": "Inner",
                  "Startup Cost": 90926.37,
                  "Total Cost": 123109.56,
                  "Plan Rows": 138097,
                  "Plan Width": 0,
                  "Actual Startup Time": 524.771,
                  "Actual Total Time": 714.21,
                  "Actual Rows": 692288,
                  "Actual Loops": 4,
                  "Inner Unique": false,
                  "Hash Cond": "(mc.movie_id = t.id)",
                  "Plans": [
                    {
                      "Node Type": "Seq Scan",
                      "Parent Relationship": "Outer",
                      "Parallel Aware": true,
                      "Relation Name": "movie_companies",
                      "Alias": "mc",
                      "Startup Cost": 0.0,
                      "Total Cost": 29310.68,
                      "Plan Rows": 647208,
                      "Plan Width": 4,
                      "Actual Startup Time": 0.152,
                      "Actual Total Time": 67.347,
                      "Actual Rows": 503304,
                      "Actual Loops": 4,
                      "Filter": "(company_id > 686)",
                      "Rows Removed by Filter": 148978
                    },
                    {
                      "Node Type": "Hash",
                      "Parent Relationship": "Inner",
                      "Parallel Aware": true,
                      "Startup Cost": 88751.09,
                      "Total Cost": 88751.09,
                      "Plan Rows": 174023,
                      "Plan Width": 8,
                      "Actual Startup Time": 519.591,
                      "Actual Total Time": 519.755,
                      "Actual Rows": 138932,
                      "Actual Loops": 4,
                      "Hash Buckets": 1048576,
                      "Original Hash Buckets": 1048576,
                      "Hash Batches": 1,
                      "Original Hash Batches": 1,
                      "Peak Memory Usage": 29984,
                      "Plans": [
                        {
                          "Node Type": "Hash Join",
                          "Parent Relationship": "Outer",
                          "Parallel Aware": true,
                          "Join Type": "Inner",
                          "Startup Cost": 61664.99,
                          "Total Cost": 88751.09,
                          "Plan Rows": 174023,
                          "Plan Width": 8,
                          "Actual Startup Time": 370.285,
                          "Actual Total Time": 477.545,
                          "Actual Rows": 138932,
                          "Actual Loops": 4,
                          "Inner Unique": true,
                          "Hash Cond": "(mk.movie_id = t.id)",
                          "Plans": [
                            {
                              "Node Type": "Bitmap Heap Scan",
                              "Parent Relationship": "Outer",
                              "Parallel Aware": true,
                              "Relation Name": "movie_keyword",
                              "Alias": "mk",
                              "Startup Cost": 11445.34,
                              "Total Cost": 38074.63,
                              "Plan Rows": 174023,
                              "Plan Width": 4,
                              "Actual Startup Time": 32.469,
                              "Actual Total Time": 85.027,
                              "Actual Rows": 138932,
                              "Actual Loops": 4,
                              "Recheck Cond": "(keyword_id < 398)",
                              "Rows Removed by Index Recheck": 0,
                              "Exact Heap Blocks": 6887,
                              "Lossy Heap Blocks": 0,
                              "Plans": [
                                {
                                  "Node Type": "Bitmap Index Scan",
                                  "Parent Relationship": "Outer",
                                  "Parallel Aware": false,
                                  "Index Name": "keyword_id_movie_keyword",
                                  "Startup Cost": 0.0,
                                  "Total Cost": 11310.47,
                                  "Plan Rows": 539472,
                                  "Plan Width": 0,
                                  "Actual Startup Time": 28.932,
                                  "Actual Total Time": 28.932,
                                  "Actual Rows": 555726,
                                  "Actual Loops": 1,
                                  "Index Cond": "(keyword_id < 398)"
                                }
                              ]
                            },
                            {
                              "Node Type": "Hash",
                              "Parent Relationship": "Inner",
                              "Parallel Aware": true,
                              "Startup Cost": 42318.73,
                              "Total Cost": 42318.73,
                              "Plan Rows": 632073,
                              "Plan Width": 4,
                              "Actual Startup Time": 329.925,
                              "Actual Total Time": 329.925,
                              "Actual Rows": 632078,
                              "Actual Loops": 4,
                              "Hash Buckets": 4194304,
                              "Original Hash Buckets": 4194304,
                              "Hash Batches": 1,
                              "Original Hash Batches": 1,
                              "Peak Memory Usage": 131744,
                              "Plans": [
                                {
                                  "Node Type": "Seq Scan",
                                  "Parent Relationship": "Outer",
                                  "Parallel Aware": true,
                                  "Relation Name": "title",
                                  "Alias": "t",
                                  "Startup Cost": 0.0,
                                  "Total Cost": 42318.73,
                                  "Plan Rows": 632073,
                                  "Plan Width": 4,
                                  "Actual Startup Time": 0.045,
                                  "Actual Total Time": 93.65,
                                  "Actual Rows": 632078,
                                  "Actual Loops": 4
                                }
                              ]
                            }
                          ]
                        }
                      ]
                    }
                  ]
                }
              ]
            }
          ]
        }
      ]
    },
    "Planning Time": 1.384,
    "Triggers": [],
    "Execution Time": 792.496
  }
]