[
  {
    "Plan": {
      "Node Type": "Aggregate",
      "Strategy": "Plain",
      "Partial Mode": "Finalize",
      "Parallel Aware": false,
      "Startup Cost": 385753.48,
      "Total Cost": 385753.49,
      "Plan Rows": 1,
      "Plan Width": 8,
      "Actual Startup Time": 848.712,
      "Actual Total Time": 875.593,
      "Actual Rows": 1,
      "Actual Loops": 1,
      "Plans": [
        {
          "Node Type": "Gather",
          "Parent Relationship": "Outer",
          "Parallel Aware": false,
          "Startup Cost": 385752.86,
          "Total Cost": 385753.47,
          "Plan Rows": 6,
          "Plan Width": 8,
          "Actual Startup Time": 845.324,
          "Actual Total Time": 875.584,
          "Actual Rows": 7,
          "Actual Loops": 1,
          "Workers Planned": 6,
          "Workers Launched": 6,
          "Single Copy": false,
          "Plans": [
            {
              "Node Type": "Aggregate",
              "Strategy": "Plain",
              "Partial Mode": "Partial",
              "Parent Relationship": "Outer",
              "Parallel Aware": false,
              "Startup Cost": 384752.86,
              "Total Cost": 384752.87,
              "Plan Rows": 1,
              "Plan Width": 8,
              "Actual Startup Time": 834.677,
              "Actual Total Time": 834.716,
              "Actual Rows": 1,
              "Actual Loops": 7,
              "Plans": [
                {
                  "Node Type": "Hash Join",
                  "Parent Relationship": "Outer",
                  "Parallel Aware": true,
                  "Join Type": "Inner",
                  "Startup Cost": 46107.0,
                  "Total Cost": 384513.06,
                  "Plan Rows": 95918,
                  "Plan Width": 0,
                  "Actual Startup Time": 104.47,
                  "Actual Total Time": 822.948,
                  "Actual Rows": 247929,
                  "Actual Loops": 7,
                  "Inner Unique": true,
                  "Hash Cond": "(ci.movie_id = t.id)",
                  "Plans": [
                    {
                      "Node Type": "Index Scan",
                      "Parent Relationship": "Outer",
                      "Parallel Aware": true,
                      "Scan Direction": "Forward",
                      "Index Name": "role_id_cast_info",
                      "Relation Name": "cast_info",
                      "Alias": "ci",
                      "Startup Cost": 0.56,
                      "Total Cost": 335235.55,
                      "Plan Rows": 1208029,
                      "Plan Width": 4,
                      "Actual Startup Time": 0.248,
                      "Actual Total Time": 389.683,
                      "Actual Rows": 1810098,
                      "Actual Loops": 7,
                      "Index Cond": "(role_id = 1)",
                      "Rows Removed by Index Recheck": 0,
                      "Filter": "(person_id < 2131675)",
                      "Rows Removed by Filter": 0
                    },
                    {
                      "Node Type": "Hash",
                      "Parent Relationship": "Inner",
                      "Parallel Aware": true,
                      "Startup Cost": 45479.1,
                      "Total Cost": 45479.1,
                      "Plan Rows": 50187,
                      "Plan Width": 4,
                      "Actual Startup Time": 102.584,
                      "Actual Total Time": 102.585,
                      "Actual Rows": 44847,
                      "Actual Loops": 7,
                      "Hash Buckets": 524288,
                      "Original Hash Buckets": 262144,
                      "Hash Batches": 1,
                      "Original Hash Batches": 1,
                      "Peak Memory Usage": 18528,
                      "Plans": [
                        {
                          "Node Type": "Seq Scan",
                          "Parent Relationship": "Outer",
                          "Parallel Aware": true,
                          "Relation Name": "title",
                          "Alias": "t",
                          "Startup Cost": 0.0,
                          "Total Cost": 45479.1,
                          "Plan Rows": 50187,
                          "Plan Width": 4,
                          "Actual Startup Time": 0.099,
                          "Actual Total Time": 77.026,
                          "Actual Rows": 44847,
                          "Actual Loops": 7,
                          "Filter": "((kind_id < 7) AND (production_year < 1981))",
                          "Rows Removed by Filter": 316340
                        }
                      ]
                    }
                  ]
                }
              ]
            }
          ]
        }
      ]
    },
    "Planning Time": 0.658,
    "Triggers": [],
    "Execution Time": 875.677
  }
]