[
  {
    "Plan": {
      "Node Type": "Aggregate",
      "Strategy": "Plain",
      "Partial Mode": "Finalize",
      "Parallel Aware": false,
      "Startup Cost": 628957.37,
      "Total Cost": 628957.38,
      "Plan Rows": 1,
      "Plan Width": 8,
      "Actual Startup Time": 9323.434,
      "Actual Total Time": 9413.823,
      "Actual Rows": 1,
      "Actual Loops": 1,
      "Plans": [
        {
          "Node Type": "Gather",
          "Parent Relationship": "Outer",
          "Parallel Aware": false,
          "Startup Cost": 628956.75,
          "Total Cost": 628957.36,
          "Plan Rows": 6,
          "Plan Width": 8,
          "Actual Startup Time": 9268.163,
          "Actual Total Time": 9413.81,
          "Actual Rows": 7,
          "Actual Loops": 1,
          "Workers Planned": 6,
          "Workers Launched": 6,
          "Single Copy": false,
          "Plans": [
            {
              "Node Type": "Aggregate",
              "Strategy": "Plain",
              "Partial Mode": "Partial",
              "Parent Relationship": "Outer",
              "Parallel Aware": false,
              "Startup Cost": 627956.75,
              "Total Cost": 627956.76,
              "Plan Rows": 1,
              "Plan Width": 8,
              "Actual Startup Time": 9252.523,
              "Actual Total Time": 9253.389,
              "Actual Rows": 1,
              "Actual Loops": 7,
              "Plans": [
                {
                  "Node Type": "Hash Join",
                  "Parent Relationship": "Outer",
                  "Parallel Aware": true,
                  "Join Type": "Inner",
                  "Startup Cost": 255348.44,
                  "Total Cost": 607487.59,
                  "Plan Rows": 8187663,
                  "Plan Width": 0,
                  "Actual Startup Time": 1493.033,
                  "Actual Total Time": 7952.997,
                  "Actual Rows": 30231668,
                  "Actual Loops": 7,
                  "Inner Unique": false,
                  "Hash Cond": "(ci.movie_id = t.id)",
                  "Plans": [
                    {
                      "Node Type": "Seq Scan",
                      "Parent Relationship": "Outer",
                      "Parallel Aware": true,
                      "Relation Name": "cast_info",
                      "Alias": "ci",
                      "Startup Cost": 0.0,
                      "Total Cost": 313106.51,
                      "Plan Rows": 6041951,
                      "Plan Width": 4,
                      "Actual Startup Time": 0.043,
                      "Actual Total Time": 577.85,
                      "Actual Rows": 5177763,
                      "Actual Loops": 7
                    },
                    {
                      "Node Type": "Hash",
                      "Parent Relationship": "Inner",
                      "Parallel Aware": true,
                      "Startup Cost": 246782.55,
                      "Total Cost": 246782.55,
                      "Plan Rows": 685271,
                      "Plan Width": 8,
                      "Actual Startup Time": 1487.464,
                      "Actual Total Time": 1488.328,
                      "Actual Rows": 771675,
                      "Actual Loops": 7,
                      "Hash Buckets": 8388608,
                      "Original Hash Buckets": 4194304,
                      "Hash Batches": 1,
                      "Original Hash Batches": 1,
                      "Peak Memory Usage": 309760,
                      "Plans": [
                        {
                          "Node Type": "Hash Join",
                          "Parent Relationship": "Outer",
                          "Parallel Aware": true,
                          "Join Type": "Inner",
                          "Startup Cost": 47303.15,
                          "Total Cost": 246782.55,
                          "Plan Rows": 685271,
                          "Plan Width": 8,
                          "Actual Startup Time": 125.908,
                          "Actual Total Time": 942.509,
                          "Actual Rows": 771675,
                          "Actual Loops": 7,
                          "Inner Unique": true,
                          "Hash Cond": "(mi.movie_id = t.id)",
                          "Plans": [
                            {
                              "Node Type": "Seq Scan",
                              "Parent Relationship": "Outer",
                              "Parallel Aware": true,
                              "Relation Name": "movie_info",
                              "Alias": "mi",
                              "Startup Cost": 0.0,
                              "Total Cost": 191685.19,
                              "Plan Rows": 2969219,
                              "Plan Width": 4,
                              "Actual Startup Time": 0.037,
                              "Actual Total Time": 311.315,
                              "Actual Rows": 2119389,
                              "Actual Loops": 7
                            },
                            {
                              "Node Type": "Hash",
                              "Parent Relationship": "Inner",
                              "Parallel Aware": true,
                              "Startup Cost": 45479.59,
                              "Total Cost": 45479.59,
                              "Plan Rows": 145885,
                              "Plan Width": 4,
                              "Actual Startup Time": 123.674,
                              "Actual Total Time": 123.677,
                              "Actual Rows": 70423,
                              "Actual Loops": 7,
                              "Hash Buckets": 1048576,
                              "Original Hash Buckets": 1048576,
                              "Hash Batches": 1,
                              "Original Hash Batches": 1,
                              "Peak Memory Usage": 27584,
                              "Plans": [
                                {
                                  "Node Type": "Seq Scan",
                                  "Parent Relationship": "Outer",
                                  "Parallel Aware": true,
                                  "Relation Name": "title",
                                  "Alias": "t",
                                  "Startup Cost": 0.0,
                                  "Total Cost": 45479.59,
                                  "Plan Rows": 145885,
                                  "Plan Width": 4,
                                  "Actual Startup Time": 0.061,
                                  "Actual Total Time": 83.425,
                                  "Actual Rows": 70423,
                                  "Actual Loops": 7,
                                  "Filter": "((kind_id < 7) AND (production_year > 1998))",
                                  "Rows Removed by Filter": 290765
                                }
                              ]
                            }
                          ]
                        }
                      ]
                    }
                  ]
                }
              ]
            }
          ]
        }
      ]
    },
    "Planning Time": 0.542,
    "Triggers": [],
    "Execution Time": 9413.884
  }
]