{
  "Plan": {
    "Node Type": "Aggregate",
    "Strategy": "Plain",
    "Partial Mode": "Finalize",
    "Parallel Aware": false,
    "Startup Cost": 107358.53,
    "Total Cost": 107358.54,
    "Plan Rows": 1,
    "Plan Width": 8,
    "Actual Startup Time": 848.85,
    "Actual Total Time": 866.689,
    "Actual Rows": 1,
    "Actual Loops": 1,
    "Plans": [
      {
        "Node Type": "Gather",
        "Parent Relationship": "Outer",
        "Parallel Aware": false,
        "Startup Cost": 107358.42,
        "Total Cost": 107358.53,
        "Plan Rows": 1,
        "Plan Width": 8,
        "Actual Startup Time": 846.249,
        "Actual Total Time": 866.678,
        "Actual Rows": 2,
        "Actual Loops": 1,
        "Workers Planned": 1,
        "Workers Launched": 1,
        "Single Copy": false,
        "Plans": [
          {
            "Node Type": "Aggregate",
            "Strategy": "Plain",
            "Partial Mode": "Partial",
            "Parent Relationship": "Outer",
            "Parallel Aware": false,
            "Startup Cost": 106358.42,
            "Total Cost": 106358.43,
            "Plan Rows": 1,
            "Plan Width": 8,
            "Actual Startup Time": 840.649,
            "Actual Total Time": 840.653,
            "Actual Rows": 1,
            "Actual Loops": 2,
            "Plans": [
              {
                "Node Type": "Hash Join",
                "Parent Relationship": "Outer",
                "Parallel Aware": true,
                "Join Type": "Inner",
                "Startup Cost": 64632.94,
                "Total Cost": 105440.35,
                "Plan Rows": 367228,
                "Plan Width": 0,
                "Actual Startup Time": 355.862,
                "Actual Total Time": 804.002,
                "Actual Rows": 567488,
                "Actual Loops": 2,
                "Inner Unique": true,
                "Hash Cond": "(mc.movie_id = t.id)",
                "Plans": [
                  {
                    "Node Type": "Seq Scan",
                    "Parent Relationship": "Outer",
                    "Parallel Aware": true,
                    "Relation Name": "movie_companies",
                    "Alias": "mc",
                    "Startup Cost": 0.0,
                    "Total Cost": 37974.77,
                    "Plan Rows": 1079100,
                    "Plan Width": 4,
                    "Actual Startup Time": 0.96,
                    "Actual Total Time": 178.035,
                    "Actual Rows": 921194,
                    "Actual Loops": 2,
                    "Filter": "(company_id > 1599)",
                    "Rows Removed by Filter": 383370
                  },
                  {
                    "Node Type": "Hash",
                    "Parent Relationship": "Inner",
                    "Parallel Aware": true,
                    "Startup Cost": 58306.47,
                    "Total Cost": 58306.47,
                    "Plan Rows": 506118,
                    "Plan Width": 4,
                    "Actual Startup Time": 345.048,
                    "Actual Total Time": 345.049,
                    "Actual Rows": 384977,
                    "Actual Loops": 2,
                    "Hash Buckets": 1048576,
                    "Original Hash Buckets": 1048576,
                    "Hash Batches": 1,
                    "Original Hash Batches": 1,
                    "Peak Memory Usage": 38336,
                    "Plans": [
                      {
                        "Node Type": "Seq Scan",
                        "Parent Relationship": "Outer",
                        "Parallel Aware": true,
                        "Relation Name": "title",
                        "Alias": "t",
                        "Startup Cost": 0.0,
                        "Total Cost": 58306.47,
                        "Plan Rows": 506118,
                        "Plan Width": 4,
                        "Actual Startup Time": 0.038,
                        "Actual Total Time": 216.312,
                        "Actual Rows": 384977,
                        "Actual Loops": 2,
                        "Filter": "((kind_id < 7) AND (production_year > 1962))",
                        "Rows Removed by Filter": 879179
                      }
                    ]
                  }
                ]
              }
            ]
          }
        ]
      }
    ]
  },
  "Planning Time": 0.626,
  "Triggers": [],
  "Execution Time": 866.76
}