[
  {
    "Plan": {
      "Node Type": "Aggregate",
      "Strategy": "Plain",
      "Partial Mode": "Finalize",
      "Parallel Aware": false,
      "Startup Cost": 417398.74,
      "Total Cost": 417398.75,
      "Plan Rows": 1,
      "Plan Width": 8,
      "Actual Startup Time": 1987.808,
      "Actual Total Time": 2039.593,
      "Actual Rows": 1,
      "Actual Loops": 1,
      "Plans": [
        {
          "Node Type": "Gather",
          "Parent Relationship": "Outer",
          "Parallel Aware": false,
          "Startup Cost": 417398.12,
          "Total Cost": 417398.73,
          "Plan Rows": 6,
          "Plan Width": 8,
          "Actual Startup Time": 1972.652,
          "Actual Total Time": 2039.584,
          "Actual Rows": 7,
          "Actual Loops": 1,
          "Workers Planned": 6,
          "Workers Launched": 6,
          "Single Copy": false,
          "Plans": [
            {
              "Node Type": "Aggregate",
              "Strategy": "Plain",
              "Partial Mode": "Partial",
              "Parent Relationship": "Outer",
              "Parallel Aware": false,
              "Startup Cost": 416398.12,
              "Total Cost": 416398.13,
              "Plan Rows": 1,
              "Plan Width": 8,
              "Actual Startup Time": 1961.827,
              "Actual Total Time": 1961.837,
              "Actual Rows": 1,
              "Actual Loops": 7,
              "Plans": [
                {
                  "Node Type": "Hash Join",
                  "Parent Relationship": "Outer",
                  "Parallel Aware": true,
                  "Join Type": "Inner",
                  "Startup Cost": 70426.48,
                  "Total Cost": 412570.19,
                  "Plan Rows": 1531173,
                  "Plan Width": 0,
                  "Actual Startup Time": 312.406,
                  "Actual Total Time": 1863.937,
                  "Actual Rows": 2120723,
                  "Actual Loops": 7,
                  "Inner Unique": false,
                  "Hash Cond": "(ci.movie_id = t.id)",
                  "Plans": [
                    {
                      "Node Type": "Seq Scan",
                      "Parent Relationship": "Outer",
                      "Parallel Aware": true,
                      "Relation Name": "cast_info",
                      "Alias": "ci",
                      "Startup Cost": 0.0,
                      "Total Cost": 313106.51,
                      "Plan Rows": 6041951,
                      "Plan Width": 4,
                      "Actual Startup Time": 0.034,
                      "Actual Total Time": 550.721,
                      "Actual Rows": 5177763,
                      "Actual Loops": 7
                    },
                    {
                      "Node Type": "Hash",
                      "Parent Relationship": "Inner",
                      "Parallel Aware": true,
                      "Startup Cost": 67089.18,
                      "Total Cost": 67089.18,
                      "Plan Rows": 266984,
                      "Plan Width": 8,
                      "Actual Startup Time": 309.602,
                      "Actual Total Time": 309.608,
                      "Actual Rows": 71425,
                      "Actual Loops": 7,
                      "Hash Buckets": 1048576,
                      "Original Hash Buckets": 1048576,
                      "Hash Batches": 1,
                      "Original Hash Batches": 1,
                      "Peak Memory Usage": 27840,
                      "Plans": [
                        {
                          "Node Type": "Hash Join",
                          "Parent Relationship": "Outer",
                          "Parallel Aware": true,
                          "Join Type": "Inner",
                          "Startup Cost": 50955.19,
                          "Total Cost": 67089.18,
                          "Plan Rows": 266984,
                          "Plan Width": 8,
                          "Actual Startup Time": 215.592,
                          "Actual Total Time": 281.677,
                          "Actual Rows": 71425,
                          "Actual Loops": 7,
                          "Inner Unique": true,
                          "Hash Cond": "(mi_idx.movie_id = t.id)",
                          "Plans": [
                            {
                              "Node Type": "Seq Scan",
                              "Parent Relationship": "Outer",
                              "Parallel Aware": true,
                              "Relation Name": "movie_info_idx",
                              "Alias": "mi_idx",
                              "Startup Cost": 0.0,
                              "Total Cost": 15122.68,
                              "Plan Rows": 385260,
                              "Plan Width": 4,
                              "Actual Startup Time": 0.021,
                              "Actual Total Time": 25.625,
                              "Actual Rows": 131444,
                              "Actual Loops": 7,
                              "Filter": "(info_type_id > 99)",
                              "Rows Removed by Filter": 65704
                            },
                            {
                              "Node Type": "Hash",
                              "Parent Relationship": "Inner",
                              "Parallel Aware": true,
                              "Startup Cost": 45479.59,
                              "Total Cost": 45479.59,
                              "Plan Rows": 438048,
                              "Plan Width": 4,
                              "Actual Startup Time": 213.086,
                              "Actual Total Time": 213.088,
                              "Actual Rows": 257129,
                              "Actual Loops": 7,
                              "Hash Buckets": 2097152,
                              "Original Hash Buckets": 2097152,
                              "Hash Batches": 1,
                              "Original Hash Batches": 1,
                              "Peak Memory Usage": 86880,
                              "Plans": [
                                {
                                  "Node Type": "Seq Scan",
                                  "Parent Relationship": "Outer",
                                  "Parallel Aware": true,
                                  "Relation Name": "title",
                                  "Alias": "t",
                                  "Startup Cost": 0.0,
                                  "Total Cost": 45479.59,
                                  "Plan Rows": 438048,
                                  "Plan Width": 4,
                                  "Actual Startup Time": 0.061,
                                  "Actual Total Time": 86.81,
                                  "Actual Rows": 257129,
                                  "Actual Loops": 7,
                                  "Filter": "((kind_id > 1) AND (production_year > 1919))",
                                  "Rows Removed by Filter": 104058
                                }
                              ]
                            }
                          ]
                        }
                      ]
                    }
                  ]
                }
              ]
            }
          ]
        }
      ]
    },
    "Planning Time": 1.094,
    "Triggers": [],
    "Execution Time": 2039.662
  }
]