{
  "Plan": {
    "Node Type": "Aggregate",
    "Strategy": "Plain",
    "Partial Mode": "Finalize",
    "Parallel Aware": false,
    "Startup Cost": 86062.49,
    "Total Cost": 86062.5,
    "Plan Rows": 1,
    "Plan Width": 8,
    "Actual Startup Time": 305.603,
    "Actual Total Time": 321.879,
    "Actual Rows": 1,
    "Actual Loops": 1,
    "Plans": [
      {
        "Node Type": "Gather",
        "Parent Relationship": "Outer",
        "Parallel Aware": false,
        "Startup Cost": 86062.37,
        "Total Cost": 86062.48,
        "Plan Rows": 1,
        "Plan Width": 8,
        "Actual Startup Time": 304.56,
        "Actual Total Time": 321.872,
        "Actual Rows": 2,
        "Actual Loops": 1,
        "Workers Planned": 1,
        "Workers Launched": 1,
        "Single Copy": false,
        "Plans": [
          {
            "Node Type": "Aggregate",
            "Strategy": "Plain",
            "Partial Mode": "Partial",
            "Parent Relationship": "Outer",
            "Parallel Aware": false,
            "Startup Cost": 85062.37,
            "Total Cost": 85062.38,
            "Plan Rows": 1,
            "Plan Width": 8,
            "Actual Startup Time": 298.343,
            "Actual Total Time": 298.346,
            "Actual Rows": 1,
            "Actual Loops": 2,
            "Plans": [
              {
                "Node Type": "Hash Join",
                "Parent Relationship": "Outer",
                "Parallel Aware": true,
                "Join Type": "Inner",
                "Startup Cost": 63588.72,
                "Total Cost": 85001.48,
                "Plan Rows": 24357,
                "Plan Width": 0,
                "Actual Startup Time": 218.907,
                "Actual Total Time": 296.561,
                "Actual Rows": 38256,
                "Actual Loops": 2,
                "Inner Unique": true,
                "Hash Cond": "(mc.movie_id = t.id)",
                "Plans": [
                  {
                    "Node Type": "Bitmap Heap Scan",
                    "Parent Relationship": "Outer",
                    "Parallel Aware": true,
                    "Relation Name": "movie_companies",
                    "Alias": "mc",
                    "Startup Cost": 6389.05,
                    "Total Cost": 27346.63,
                    "Plan Rows": 173406,
                    "Plan Width": 4,
                    "Actual Startup Time": 15.67,
                    "Actual Total Time": 56.915,
                    "Actual Rows": 146438,
                    "Actual Loops": 2,
                    "Recheck Cond": "(company_id < 160)",
                    "Rows Removed by Index Recheck": 0,
                    "Exact Heap Blocks": 10249,
                    "Lossy Heap Blocks": 0,
                    "Plans": [
                      {
                        "Node Type": "Bitmap Index Scan",
                        "Parent Relationship": "Outer",
                        "Parallel Aware": false,
                        "Index Name": "company_id_movie_companies",
                        "Startup Cost": 0.0,
                        "Total Cost": 6315.35,
                        "Plan Rows": 294790,
                        "Plan Width": 0,
                        "Actual Startup Time": 12.993,
                        "Actual Total Time": 12.994,
                        "Actual Rows": 292877,
                        "Actual Loops": 1,
                        "Index Cond": "(company_id < 160)"
                      }
                    ]
                  },
                  {
                    "Node Type": "Hash",
                    "Parent Relationship": "Inner",
                    "Parallel Aware": true,
                    "Startup Cost": 54588.39,
                    "Total Cost": 54588.39,
                    "Plan Rows": 208902,
                    "Plan Width": 4,
                    "Actual Startup Time": 197.524,
                    "Actual Total Time": 197.525,
                    "Actual Rows": 183215,
                    "Actual Loops": 2,
                    "Hash Buckets": 524288,
                    "Original Hash Buckets": 524288,
                    "Hash Batches": 1,
                    "Original Hash Batches": 1,
                    "Peak Memory Usage": 18464,
                    "Plans": [
                      {
                        "Node Type": "Seq Scan",
                        "Parent Relationship": "Outer",
                        "Parallel Aware": true,
                        "Relation Name": "title",
                        "Alias": "t",
                        "Startup Cost": 0.0,
                        "Total Cost": 54588.39,
                        "Plan Rows": 208902,
                        "Plan Width": 4,
                        "Actual Startup Time": 0.034,
                        "Actual Total Time": 150.839,
                        "Actual Rows": 183215,
                        "Actual Loops": 2,
                        "Filter": "(production_year < 1970)",
                        "Rows Removed by Filter": 1080941
                      }
                    ]
                  }
                ]
              }
            ]
          }
        ]
      }
    ]
  },
  "Planning Time": 0.483,
  "Triggers": [],
  "Execution Time": 321.976
}