{
    "Plan": {
        "Node Type": "Aggregate",
        "Strategy": "Plain",
        "Partial Mode": "Simple",
        "Parallel Aware": false,
        "Startup Cost": 90001184769.23,
        "Total Cost": 90001184769.24,
        "Plan Rows": 1,
        "Plan Width": 64,
        "Actual Startup Time": 2326.347,
        "Actual Total Time": 2326.363,
        "Actual Rows": 1,
        "Actual Loops": 1,
        "Output": [
            "min(mi.info)",
            "min(t.title)"
        ],
        "Plans": [
            {
                "Node Type": "Nested Loop",
                "Parent Relationship": "Outer",
                "Parallel Aware": false,
                "Join Type": "Inner",
                "Startup Cost": 90000000007.83,
                "Total Cost": 90001184768.94,
                "Plan Rows": 57,
                "Plan Width": 60,
                "Actual Startup Time": 1328.175,
                "Actual Total Time": 2326.05,
                "Actual Rows": 1163,
                "Actual Loops": 1,
                "Output": [
                    "mi.info",
                    "t.title"
                ],
                "Inner Unique": true,
                "Plans": [
                    {
                        "Node Type": "Nested Loop",
                        "Parent Relationship": "Outer",
                        "Parallel Aware": false,
                        "Join Type": "Inner",
                        "Startup Cost": 80000000007.65,
                        "Total Cost": 80001156204.47,
                        "Plan Rows": 6817,
                        "Plan Width": 64,
                        "Actual Startup Time": 1328.162,
                        "Actual Total Time": 2321.88,
                        "Actual Rows": 1163,
                        "Actual Loops": 1,
                        "Output": [
                            "mi.info",
                            "mi.info_type_id",
                            "t.title"
                        ],
                        "Inner Unique": false,
                        "Plans": [
                            {
                                "Node Type": "Nested Loop",
                                "Parent Relationship": "Outer",
                                "Parallel Aware": false,
                                "Join Type": "Inner",
                                "Startup Cost": 70000000007.2,
                                "Total Cost": 70001144089.51,
                                "Plan Rows": 2681,
                                "Plan Width": 80,
                                "Actual Startup Time": 1326.255,
                                "Actual Total Time": 2298.218,
                                "Actual Rows": 5156,
                                "Actual Loops": 1,
                                "Output": [
                                    "mc.movie_id",
                                    "mi.info",
                                    "mi.movie_id",
                                    "mi.info_type_id",
                                    "mk.movie_id",
                                    "t.title",
                                    "t.id"
                                ],
                                "Inner Unique": true,
                                "Plans": [
                                    {
                                        "Node Type": "Nested Loop",
                                        "Parent Relationship": "Outer",
                                        "Parallel Aware": false,
                                        "Join Type": "Inner",
                                        "Startup Cost": 60000000006.77,
                                        "Total Cost": 60001132184.01,
                                        "Plan Rows": 2681,
                                        "Plan Width": 84,
                                        "Actual Startup Time": 1326.224,
                                        "Actual Total Time": 2272.414,
                                        "Actual Rows": 5156,
                                        "Actual Loops": 1,
                                        "Output": [
                                            "mc.movie_id",
                                            "mi.info",
                                            "mi.movie_id",
                                            "mi.info_type_id",
                                            "mk.movie_id",
                                            "mk.keyword_id",
                                            "t.title",
                                            "t.id"
                                        ],
                                        "Inner Unique": false,
                                        "Plans": [
                                            {
                                                "Node Type": "Nested Loop",
                                                "Parent Relationship": "Outer",
                                                "Parallel Aware": false,
                                                "Join Type": "Inner",
                                                "Startup Cost": 50000000005.89,
                                                "Total Cost": 50001130870.23,
                                                "Plan Rows": 222,
                                                "Plan Width": 76,
                                                "Actual Startup Time": 1326.19,
                                                "Actual Total Time": 2257.105,
                                                "Actual Rows": 1853,
                                                "Actual Loops": 1,
                                                "Output": [
                                                    "mc.movie_id",
                                                    "mi.info",
                                                    "mi.movie_id",
                                                    "mi.info_type_id",
                                                    "t.title",
                                                    "t.id"
                                                ],
                                                "Inner Unique": true,
                                                "Plans": [
                                                    {
                                                        "Node Type": "Nested Loop",
                                                        "Parent Relationship": "Outer",
                                                        "Parallel Aware": false,
                                                        "Join Type": "Inner",
                                                        "Startup Cost": 40000000005.75,
                                                        "Total Cost": 40001130083.47,
                                                        "Plan Rows": 222,
                                                        "Plan Width": 80,
                                                        "Actual Startup Time": 1326.176,
                                                        "Actual Total Time": 2250.666,
                                                        "Actual Rows": 1853,
                                                        "Actual Loops": 1,
                                                        "Output": [
                                                            "mc.movie_id",
                                                            "mc.company_type_id",
                                                            "mi.info",
                                                            "mi.movie_id",
                                                            "mi.info_type_id",
                                                            "t.title",
                                                            "t.id"
                                                        ],
                                                        "Inner Unique": true,
                                                        "Plans": [
                                                            {
                                                                "Node Type": "Nested Loop",
                                                                "Parent Relationship": "Outer",
                                                                "Parallel Aware": false,
                                                                "Join Type": "Inner",
                                                                "Startup Cost": 30000000005.32,
                                                                "Total Cost": 30001127328.13,
                                                                "Plan Rows": 620,
                                                                "Plan Width": 84,
                                                                "Actual Startup Time": 1326.133,
                                                                "Actual Total Time": 2234.336,
                                                                "Actual Rows": 1993,
                                                                "Actual Loops": 1,
                                                                "Output": [
                                                                    "mc.movie_id",
                                                                    "mc.company_id",
                                                                    "mc.company_type_id",
                                                                    "mi.info",
                                                                    "mi.movie_id",
                                                                    "mi.info_type_id",
                                                                    "t.title",
                                                                    "t.id"
                                                                ],
                                                                "Inner Unique": false,
                                                                "Plans": [
                                                                    {
                                                                        "Node Type": "Nested Loop",
                                                                        "Parent Relationship": "Outer",
                                                                        "Parallel Aware": false,
                                                                        "Join Type": "Inner",
                                                                        "Startup Cost": 20000000004.81,
                                                                        "Total Cost": 20001126796.43,
                                                                        "Plan Rows": 115,
                                                                        "Plan Width": 72,
                                                                        "Actual Startup Time": 1326.066,
                                                                        "Actual Total Time": 2215.52,
                                                                        "Actual Rows": 1290,
                                                                        "Actual Loops": 1,
                                                                        "Output": [
                                                                            "mi.info",
                                                                            "mi.movie_id",
                                                                            "mi.info_type_id",
                                                                            "t.title",
                                                                            "t.id"
                                                                        ],
                                                                        "Inner Unique": true,
                                                                        "Plans": [
                                                                            {
                                                                                "Node Type": "Index Scan",
                                                                                "Parent Relationship": "Outer",
                                                                                "Parallel Aware": false,
                                                                                "Scan Direction": "Forward",
                                                                                "Index Name": "info_type_id_movie_info",
                                                                                "Relation Name": "movie_info",
                                                                                "Schema": "public",
                                                                                "Alias": "mi",
                                                                                "Startup Cost": 10000000000.43,
                                                                                "Total Cost": 10001124094.65,
                                                                                "Plan Rows": 322,
                                                                                "Plan Width": 51,
                                                                                "Actual Startup Time": 1326.015,
                                                                                "Actual Total Time": 2193.347,
                                                                                "Actual Rows": 1783,
                                                                                "Actual Loops": 1,
                                                                                "Output": [
                                                                                    "mi.id",
                                                                                    "mi.movie_id",
                                                                                    "mi.info_type_id",
                                                                                    "mi.info",
                                                                                    "mi.note"
                                                                                ],
                                                                                "Filter": "((mi.info IS NOT NULL) AND (mi.note ~~ '%internet%'::text) AND ((mi.info ~~ 'USA:% 199%'::text) OR (mi.info ~~ 'USA:% 200%'::text)))",
                                                                                "Rows Removed by Filter": 14833937
                                                                            },
                                                                            {
                                                                                "Node Type": "Bitmap Heap Scan",
                                                                                "Parent Relationship": "Inner",
                                                                                "Parallel Aware": false,
                                                                                "Relation Name": "title",
                                                                                "Schema": "public",
                                                                                "Alias": "t",
                                                                                "Startup Cost": 4.38,
                                                                                "Total Cost": 8.39,
                                                                                "Plan Rows": 1,
                                                                                "Plan Width": 21,
                                                                                "Actual Startup Time": 0.01,
                                                                                "Actual Total Time": 0.01,
                                                                                "Actual Rows": 1,
                                                                                "Actual Loops": 1783,
                                                                                "Output": [
                                                                                    "t.id",
                                                                                    "t.title",
                                                                                    "t.imdb_index",
                                                                                    "t.kind_id",
                                                                                    "t.production_year",
                                                                                    "t.imdb_id",
                                                                                    "t.phonetic_code",
                                                                                    "t.episode_of_id",
                                                                                    "t.season_nr",
                                                                                    "t.episode_nr",
                                                                                    "t.series_years",
                                                                                    "t.md5sum"
                                                                                ],
                                                                                "Recheck Cond": "(t.id = mi.movie_id)",
                                                                                "Rows Removed by Index Recheck": 0,
                                                                                "Filter": "(t.production_year > 2006)",
                                                                                "Rows Removed by Filter": 0,
                                                                                "Exact Heap Blocks": 1783,
                                                                                "Lossy Heap Blocks": 0,
                                                                                "Plans": [
                                                                                    {
                                                                                        "Node Type": "Bitmap Index Scan",
                                                                                        "Parent Relationship": "Outer",
                                                                                        "Parallel Aware": false,
                                                                                        "Index Name": "title_pkey",
                                                                                        "Startup Cost": 0.0,
                                                                                        "Total Cost": 4.38,
                                                                                        "Plan Rows": 1,
                                                                                        "Plan Width": 0,
                                                                                        "Actual Startup Time": 0.006,
                                                                                        "Actual Total Time": 0.006,
                                                                                        "Actual Rows": 1,
                                                                                        "Actual Loops": 1783,
                                                                                        "Index Cond": "(t.id = mi.movie_id)"
                                                                                    }
                                                                                ]
                                                                            }
                                                                        ]
                                                                    },
                                                                    {
                                                                        "Node Type": "Bitmap Heap Scan",
                                                                        "Parent Relationship": "Inner",
                                                                        "Parallel Aware": false,
                                                                        "Relation Name": "movie_companies",
                                                                        "Schema": "public",
                                                                        "Alias": "mc",
                                                                        "Startup Cost": 0.51,
                                                                        "Total Cost": 4.57,
                                                                        "Plan Rows": 5,
                                                                        "Plan Width": 12,
                                                                        "Actual Startup Time": 0.01,
                                                                        "Actual Total Time": 0.012,
                                                                        "Actual Rows": 2,
                                                                        "Actual Loops": 1290,
                                                                        "Output": [
                                                                            "mc.id",
                                                                            "mc.movie_id",
                                                                            "mc.company_id",
                                                                            "mc.company_type_id",
                                                                            "mc.note"
                                                                        ],
                                                                        "Recheck Cond": "(mc.movie_id = t.id)",
                                                                        "Rows Removed by Index Recheck": 0,
                                                                        "Exact Heap Blocks": 1642,
                                                                        "Lossy Heap Blocks": 0,
                                                                        "Plans": [
                                                                            {
                                                                                "Node Type": "Bitmap Index Scan",
                                                                                "Parent Relationship": "Outer",
                                                                                "Parallel Aware": false,
                                                                                "Index Name": "movie_id_movie_companies",
                                                                                "Startup Cost": 0.0,
                                                                                "Total Cost": 0.51,
                                                                                "Plan Rows": 5,
                                                                                "Plan Width": 0,
                                                                                "Actual Startup Time": 0.007,
                                                                                "Actual Total Time": 0.007,
                                                                                "Actual Rows": 2,
                                                                                "Actual Loops": 1290,
                                                                                "Index Cond": "(mc.movie_id = t.id)"
                                                                            }
                                                                        ]
                                                                    }
                                                                ]
                                                            },
                                                            {
                                                                "Node Type": "Bitmap Heap Scan",
                                                                "Parent Relationship": "Inner",
                                                                "Parallel Aware": false,
                                                                "Relation Name": "company_name",
                                                                "Schema": "public",
                                                                "Alias": "cn",
                                                                "Startup Cost": 0.43,
                                                                "Total Cost": 4.44,
                                                                "Plan Rows": 1,
                                                                "Plan Width": 4,
                                                                "Actual Startup Time": 0.006,
                                                                "Actual Total Time": 0.006,
                                                                "Actual Rows": 1,
                                                                "Actual Loops": 1993,
                                                                "Output": [
                                                                    "cn.id",
                                                                    "cn.name",
                                                                    "cn.country_code",
                                                                    "cn.imdb_id",
                                                                    "cn.name_pcode_nf",
                                                                    "cn.name_pcode_sf",
                                                                    "cn.md5sum"
                                                                ],
                                                                "Recheck Cond": "(cn.id = mc.company_id)",
                                                                "Rows Removed by Index Recheck": 0,
                                                                "Filter": "((cn.country_code)::text = '[us]'::text)",
                                                                "Rows Removed by Filter": 0,
                                                                "Exact Heap Blocks": 1993,
                                                                "Lossy Heap Blocks": 0,
                                                                "Plans": [
                                                                    {
                                                                        "Node Type": "Bitmap Index Scan",
                                                                        "Parent Relationship": "Outer",
                                                                        "Parallel Aware": false,
                                                                        "Index Name": "company_name_pkey",
                                                                        "Startup Cost": 0.0,
                                                                        "Total Cost": 0.43,
                                                                        "Plan Rows": 1,
                                                                        "Plan Width": 0,
                                                                        "Actual Startup Time": 0.003,
                                                                        "Actual Total Time": 0.003,
                                                                        "Actual Rows": 1,
                                                                        "Actual Loops": 1993,
                                                                        "Index Cond": "(cn.id = mc.company_id)"
                                                                    }
                                                                ]
                                                            }
                                                        ]
                                                    },
                                                    {
                                                        "Node Type": "Bitmap Heap Scan",
                                                        "Parent Relationship": "Inner",
                                                        "Parallel Aware": false,
                                                        "Relation Name": "company_type",
                                                        "Schema": "public",
                                                        "Alias": "ct",
                                                        "Startup Cost": 0.14,
                                                        "Total Cost": 4.15,
                                                        "Plan Rows": 1,
                                                        "Plan Width": 4,
                                                        "Actual Startup Time": 0.002,
                                                        "Actual Total Time": 0.002,
                                                        "Actual Rows": 1,
                                                        "Actual Loops": 1853,
                                                        "Output": [
                                                            "ct.id",
                                                            "ct.kind"
                                                        ],
                                                        "Recheck Cond": "(ct.id = mc.company_type_id)",
                                                        "Rows Removed by Index Recheck": 0,
                                                        "Exact Heap Blocks": 1853,
                                                        "Lossy Heap Blocks": 0,
                                                        "Plans": [
                                                            {
                                                                "Node Type": "Bitmap Index Scan",
                                                                "Parent Relationship": "Outer",
                                                                "Parallel Aware": false,
                                                                "Index Name": "company_type_pkey",
                                                                "Startup Cost": 0.0,
                                                                "Total Cost": 0.14,
                                                                "Plan Rows": 1,
                                                                "Plan Width": 0,
                                                                "Actual Startup Time": 0.001,
                                                                "Actual Total Time": 0.001,
                                                                "Actual Rows": 1,
                                                                "Actual Loops": 1853,
                                                                "Index Cond": "(ct.id = mc.company_type_id)"
                                                            }
                                                        ]
                                                    }
                                                ]
                                            },
                                            {
                                                "Node Type": "Bitmap Heap Scan",
                                                "Parent Relationship": "Inner",
                                                "Parallel Aware": false,
                                                "Relation Name": "movie_keyword",
                                                "Schema": "public",
                                                "Alias": "mk",
                                                "Startup Cost": 0.88,
                                                "Total Cost": 5.46,
                                                "Plan Rows": 46,
                                                "Plan Width": 8,
                                                "Actual Startup Time": 0.006,
                                                "Actual Total Time": 0.006,
                                                "Actual Rows": 3,
                                                "Actual Loops": 1853,
                                                "Output": [
                                                    "mk.id",
                                                    "mk.movie_id",
                                                    "mk.keyword_id"
                                                ],
                                                "Recheck Cond": "(mk.movie_id = t.id)",
                                                "Rows Removed by Index Recheck": 0,
                                                "Exact Heap Blocks": 701,
                                                "Lossy Heap Blocks": 0,
                                                "Plans": [
                                                    {
                                                        "Node Type": "Bitmap Index Scan",
                                                        "Parent Relationship": "Outer",
                                                        "Parallel Aware": false,
                                                        "Index Name": "movie_id_movie_keyword",
                                                        "Startup Cost": 0.0,
                                                        "Total Cost": 0.87,
                                                        "Plan Rows": 46,
                                                        "Plan Width": 0,
                                                        "Actual Startup Time": 0.004,
                                                        "Actual Total Time": 0.004,
                                                        "Actual Rows": 3,
                                                        "Actual Loops": 1853,
                                                        "Index Cond": "(mk.movie_id = t.id)"
                                                    }
                                                ]
                                            }
                                        ]
                                    },
                                    {
                                        "Node Type": "Bitmap Heap Scan",
                                        "Parent Relationship": "Inner",
                                        "Parallel Aware": false,
                                        "Relation Name": "keyword",
                                        "Schema": "public",
                                        "Alias": "k",
                                        "Startup Cost": 0.43,
                                        "Total Cost": 4.44,
                                        "Plan Rows": 1,
                                        "Plan Width": 4,
                                        "Actual Startup Time": 0.003,
                                        "Actual Total Time": 0.003,
                                        "Actual Rows": 1,
                                        "Actual Loops": 5156,
                                        "Output": [
                                            "k.id",
                                            "k.keyword",
                                            "k.phonetic_code"
                                        ],
                                        "Recheck Cond": "(k.id = mk.keyword_id)",
                                        "Rows Removed by Index Recheck": 0,
                                        "Exact Heap Blocks": 5156,
                                        "Lossy Heap Blocks": 0,
                                        "Plans": [
                                            {
                                                "Node Type": "Bitmap Index Scan",
                                                "Parent Relationship": "Outer",
                                                "Parallel Aware": false,
                                                "Index Name": "keyword_pkey",
                                                "Startup Cost": 0.0,
                                                "Total Cost": 0.43,
                                                "Plan Rows": 1,
                                                "Plan Width": 0,
                                                "Actual Startup Time": 0.002,
                                                "Actual Total Time": 0.002,
                                                "Actual Rows": 1,
                                                "Actual Loops": 5156,
                                                "Index Cond": "(k.id = mk.keyword_id)"
                                            }
                                        ]
                                    }
                                ]
                            },
                            {
                                "Node Type": "Bitmap Heap Scan",
                                "Parent Relationship": "Inner",
                                "Parallel Aware": false,
                                "Relation Name": "aka_title",
                                "Schema": "public",
                                "Alias": "at",
                                "Startup Cost": 0.45,
                                "Total Cost": 4.49,
                                "Plan Rows": 3,
                                "Plan Width": 4,
                                "Actual Startup Time": 0.003,
                                "Actual Total Time": 0.003,
                                "Actual Rows": 0,
                                "Actual Loops": 5156,
                                "Output": [
                                    "at.id",
                                    "at.movie_id",
                                    "at.title",
                                    "at.imdb_index",
                                    "at.kind_id",
                                    "at.production_year",
                                    "at.phonetic_code",
                                    "at.episode_of_id",
                                    "at.season_nr",
                                    "at.episode_nr",
                                    "at.note",
                                    "at.md5sum"
                                ],
                                "Recheck Cond": "(at.movie_id = t.id)",
                                "Rows Removed by Index Recheck": 0,
                                "Exact Heap Blocks": 1163,
                                "Lossy Heap Blocks": 0,
                                "Plans": [
                                    {
                                        "Node Type": "Bitmap Index Scan",
                                        "Parent Relationship": "Outer",
                                        "Parallel Aware": false,
                                        "Index Name": "movie_id_aka_title",
                                        "Startup Cost": 0.0,
                                        "Total Cost": 0.45,
                                        "Plan Rows": 3,
                                        "Plan Width": 0,
                                        "Actual Startup Time": 0.002,
                                        "Actual Total Time": 0.002,
                                        "Actual Rows": 0,
                                        "Actual Loops": 5156,
                                        "Index Cond": "(at.movie_id = t.id)"
                                    }
                                ]
                            }
                        ]
                    },
                    {
                        "Node Type": "Bitmap Heap Scan",
                        "Parent Relationship": "Inner",
                        "Parallel Aware": false,
                        "Relation Name": "info_type",
                        "Schema": "public",
                        "Alias": "it1",
                        "Startup Cost": 0.18,
                        "Total Cost": 4.19,
                        "Plan Rows": 1,
                        "Plan Width": 4,
                        "Actual Startup Time": 0.002,
                        "Actual Total Time": 0.002,
                        "Actual Rows": 1,
                        "Actual Loops": 1163,
                        "Output": [
                            "it1.id",
                            "it1.info"
                        ],
                        "Recheck Cond": "(it1.id = mi.info_type_id)",
                        "Rows Removed by Index Recheck": 0,
                        "Filter": "((it1.info)::text = 'release dates'::text)",
                        "Rows Removed by Filter": 0,
                        "Exact Heap Blocks": 1163,
                        "Lossy Heap Blocks": 0,
                        "Plans": [
                            {
                                "Node Type": "Bitmap Index Scan",
                                "Parent Relationship": "Outer",
                                "Parallel Aware": false,
                                "Index Name": "info_type_pkey",
                                "Startup Cost": 0.0,
                                "Total Cost": 0.17,
                                "Plan Rows": 1,
                                "Plan Width": 0,
                                "Actual Startup Time": 0.001,
                                "Actual Total Time": 0.001,
                                "Actual Rows": 1,
                                "Actual Loops": 1163,
                                "Index Cond": "(it1.id = mi.info_type_id)"
                            }
                        ]
                    }
                ]
            }
        ]
    },
    "Planning Time": 20.314,
    "Triggers": [],
    "Execution Time": 2326.918
}