[
  {
    "Plan": {
      "Node Type": "Aggregate",
      "Strategy": "Plain",
      "Partial Mode": "Finalize",
      "Parallel Aware": false,
      "Startup Cost": 302220.4,
      "Total Cost": 302220.41,
      "Plan Rows": 1,
      "Plan Width": 8,
      "Actual Startup Time": 1212.581,
      "Actual Total Time": 1272.86,
      "Actual Rows": 1,
      "Actual Loops": 1,
      "Plans": [
        {
          "Node Type": "Gather",
          "Parent Relationship": "Outer",
          "Parallel Aware": false,
          "Startup Cost": 302220.09,
          "Total Cost": 302220.4,
          "Plan Rows": 3,
          "Plan Width": 8,
          "Actual Startup Time": 1207.559,
          "Actual Total Time": 1272.85,
          "Actual Rows": 4,
          "Actual Loops": 1,
          "Workers Planned": 3,
          "Workers Launched": 3,
          "Single Copy": false,
          "Plans": [
            {
              "Node Type": "Aggregate",
              "Strategy": "Plain",
              "Partial Mode": "Partial",
              "Parent Relationship": "Outer",
              "Parallel Aware": false,
              "Startup Cost": 301220.09,
              "Total Cost": 301220.1,
              "Plan Rows": 1,
              "Plan Width": 8,
              "Actual Startup Time": 1195.424,
              "Actual Total Time": 1195.529,
              "Actual Rows": 1,
              "Actual Loops": 4,
              "Plans": [
                {
                  "Node Type": "Hash Join",
                  "Parent Relationship": "Outer",
                  "Parallel Aware": true,
                  "Join Type": "Inner",
                  "Startup Cost": 252946.18,
                  "Total Cost": 299134.48,
                  "Plan Rows": 834243,
                  "Plan Width": 0,
                  "Actual Startup Time": 932.984,
                  "Actual Total Time": 1172.558,
                  "Actual Rows": 546225,
                  "Actual Loops": 4,
                  "Inner Unique": false,
                  "Hash Cond": "(mk.movie_id = t.id)",
                  "Plans": [
                    {
                      "Node Type": "Seq Scan",
                      "Parent Relationship": "Outer",
                      "Parallel Aware": true,
                      "Relation Name": "movie_keyword",
                      "Alias": "mk",
                      "Startup Cost": 0.0,
                      "Total Cost": 39047.32,
                      "Plan Rows": 1459332,
                      "Plan Width": 4,
                      "Actual Startup Time": 0.038,
                      "Actual Total Time": 91.128,
                      "Actual Rows": 1130982,
                      "Actual Loops": 4
                    },
                    {
                      "Node Type": "Hash",
                      "Parent Relationship": "Inner",
                      "Parallel Aware": true,
                      "Startup Cost": 249332.87,
                      "Total Cost": 249332.87,
                      "Plan Rows": 289065,
                      "Plan Width": 8,
                      "Actual Startup Time": 924.622,
                      "Actual Total Time": 924.726,
                      "Actual Rows": 210825,
                      "Actual Loops": 4,
                      "Hash Buckets": 2097152,
                      "Original Hash Buckets": 2097152,
                      "Hash Batches": 1,
                      "Original Hash Batches": 1,
                      "Peak Memory Usage": 49440,
                      "Plans": [
                        {
                          "Node Type": "Hash Join",
                          "Parent Relationship": "Outer",
                          "Parallel Aware": true,
                          "Join Type": "Inner",
                          "Startup Cost": 47823.84,
                          "Total Cost": 249332.87,
                          "Plan Rows": 289065,
                          "Plan Width": 8,
                          "Actual Startup Time": 168.252,
                          "Actual Total Time": 836.589,
                          "Actual Rows": 210825,
                          "Actual Loops": 4,
                          "Inner Unique": true,
                          "Hash Cond": "(mi.movie_id = t.id)",
                          "Plans": [
                            {
                              "Node Type": "Seq Scan",
                              "Parent Relationship": "Outer",
                              "Parallel Aware": true,
                              "Relation Name": "movie_info",
                              "Alias": "mi",
                              "Startup Cost": 0.0,
                              "Total Cost": 198952.16,
                              "Plan Rows": 974046,
                              "Plan Width": 4,
                              "Actual Startup Time": 0.024,
                              "Actual Total Time": 413.507,
                              "Actual Rows": 1230992,
                              "Actual Loops": 4,
                              "Filter": "(info_type_id < 5)",
                              "Rows Removed by Filter": 2477938
                            },
                            {
                              "Node Type": "Hash",
                              "Parent Relationship": "Inner",
                              "Parallel Aware": true,
                              "Startup Cost": 45479.1,
                              "Total Cost": 45479.1,
                              "Plan Rows": 187579,
                              "Plan Width": 4,
                              "Actual Startup Time": 166.177,
                              "Actual Total Time": 166.178,
                              "Actual Rows": 162752,
                              "Actual Loops": 4,
                              "Hash Buckets": 1048576,
                              "Original Hash Buckets": 1048576,
                              "Hash Batches": 1,
                              "Original Hash Batches": 1,
                              "Peak Memory Usage": 33728,
                              "Plans": [
                                {
                                  "Node Type": "Seq Scan",
                                  "Parent Relationship": "Outer",
                                  "Parallel Aware": true,
                                  "Relation Name": "title",
                                  "Alias": "t",
                                  "Startup Cost": 0.0,
                                  "Total Cost": 45479.1,
                                  "Plan Rows": 187579,
                                  "Plan Width": 4,
                                  "Actual Startup Time": 0.036,
                                  "Actual Total Time": 104.097,
                                  "Actual Rows": 162752,
                                  "Actual Loops": 4,
                                  "Filter": "((kind_id > 2) AND (production_year < 2001))",
                                  "Rows Removed by Filter": 469326
                                }
                              ]
                            }
                          ]
                        }
                      ]
                    }
                  ]
                }
              ]
            }
          ]
        }
      ]
    },
    "Planning Time": 1.456,
    "Triggers": [],
    "Execution Time": 1272.957
  }
]