{
  "Plan": {
    "Node Type": "Aggregate",
    "Strategy": "Plain",
    "Partial Mode": "Finalize",
    "Parallel Aware": false,
    "Startup Cost": 31030.06,
    "Total Cost": 31030.07,
    "Plan Rows": 1,
    "Plan Width": 8,
    "Actual Startup Time": 11.735,
    "Actual Total Time": 14.138,
    "Actual Rows": 1,
    "Actual Loops": 1,
    "Plans": [
      {
        "Node Type": "Gather",
        "Parent Relationship": "Outer",
        "Parallel Aware": false,
        "Startup Cost": 31029.95,
        "Total Cost": 31030.06,
        "Plan Rows": 1,
        "Plan Width": 8,
        "Actual Startup Time": 11.606,
        "Actual Total Time": 14.128,
        "Actual Rows": 2,
        "Actual Loops": 1,
        "Workers Planned": 1,
        "Workers Launched": 1,
        "Single Copy": false,
        "Plans": [
          {
            "Node Type": "Aggregate",
            "Strategy": "Plain",
            "Partial Mode": "Partial",
            "Parent Relationship": "Outer",
            "Parallel Aware": false,
            "Startup Cost": 30029.95,
            "Total Cost": 30029.96,
            "Plan Rows": 1,
            "Plan Width": 8,
            "Actual Startup Time": 8.471,
            "Actual Total Time": 8.474,
            "Actual Rows": 1,
            "Actual Loops": 2,
            "Plans": [
              {
                "Node Type": "Nested Loop",
                "Parent Relationship": "Outer",
                "Parallel Aware": false,
                "Join Type": "Inner",
                "Startup Cost": 159.89,
                "Total Cost": 30029.24,
                "Plan Rows": 281,
                "Plan Width": 0,
                "Actual Startup Time": 5.096,
                "Actual Total Time": 8.467,
                "Actual Rows": 0,
                "Actual Loops": 2,
                "Inner Unique": true,
                "Plans": [
                  {
                    "Node Type": "Bitmap Heap Scan",
                    "Parent Relationship": "Outer",
                    "Parallel Aware": true,
                    "Relation Name": "movie_companies",
                    "Alias": "mc",
                    "Startup Cost": 159.46,
                    "Total Cost": 14132.93,
                    "Plan Rows": 2090,
                    "Plan Width": 4,
                    "Actual Startup Time": 1.85,
                    "Actual Total Time": 5.668,
                    "Actual Rows": 206,
                    "Actual Loops": 2,
                    "Recheck Cond": "(company_id = 424)",
                    "Rows Removed by Index Recheck": 0,
                    "Filter": "(company_type_id = 1)",
                    "Rows Removed by Filter": 3911,
                    "Exact Heap Blocks": 834,
                    "Lossy Heap Blocks": 0,
                    "Plans": [
                      {
                        "Node Type": "Bitmap Index Scan",
                        "Parent Relationship": "Outer",
                        "Parallel Aware": false,
                        "Index Name": "company_id_movie_companies",
                        "Startup Cost": 0.0,
                        "Total Cost": 158.57,
                        "Plan Rows": 7219,
                        "Plan Width": 0,
                        "Actual Startup Time": 3.148,
                        "Actual Total Time": 3.149,
                        "Actual Rows": 8235,
                        "Actual Loops": 1,
                        "Index Cond": "(company_id = 424)"
                      }
                    ]
                  },
                  {
                    "Node Type": "Index Scan",
                    "Parent Relationship": "Inner",
                    "Parallel Aware": false,
                    "Scan Direction": "Forward",
                    "Index Name": "title_pkey",
                    "Relation Name": "title",
                    "Alias": "t",
                    "Startup Cost": 0.43,
                    "Total Cost": 7.61,
                    "Plan Rows": 1,
                    "Plan Width": 4,
                    "Actual Startup Time": 0.013,
                    "Actual Total Time": 0.013,
                    "Actual Rows": 0,
                    "Actual Loops": 413,
                    "Index Cond": "(id = mc.movie_id)",
                    "Rows Removed by Index Recheck": 0,
                    "Filter": "((production_year < 1984) AND (kind_id = 7))",
                    "Rows Removed by Filter": 1
                  }
                ]
              }
            ]
          }
        ]
      }
    ]
  },
  "Planning Time": 0.515,
  "Triggers": [],
  "Execution Time": 14.24
}