[
  {
    "Plan": {
      "Node Type": "Aggregate",
      "Strategy": "Plain",
      "Partial Mode": "Finalize",
      "Parallel Aware": false,
      "Startup Cost": 76966.04,
      "Total Cost": 76966.05,
      "Plan Rows": 1,
      "Plan Width": 8,
      "Actual Startup Time": 228.342,
      "Actual Total Time": 246.692,
      "Actual Rows": 1,
      "Actual Loops": 1,
      "Plans": [
        {
          "Node Type": "Gather",
          "Parent Relationship": "Outer",
          "Parallel Aware": false,
          "Startup Cost": 76965.72,
          "Total Cost": 76966.03,
          "Plan Rows": 3,
          "Plan Width": 8,
          "Actual Startup Time": 227.455,
          "Actual Total Time": 246.682,
          "Actual Rows": 4,
          "Actual Loops": 1,
          "Workers Planned": 3,
          "Workers Launched": 3,
          "Single Copy": false,
          "Plans": [
            {
              "Node Type": "Aggregate",
              "Strategy": "Plain",
              "Partial Mode": "Partial",
              "Parent Relationship": "Outer",
              "Parallel Aware": false,
              "Startup Cost": 75965.72,
              "Total Cost": 75965.73,
              "Plan Rows": 1,
              "Plan Width": 8,
              "Actual Startup Time": 223.589,
              "Actual Total Time": 223.593,
              "Actual Rows": 1,
              "Actual Loops": 4,
              "Plans": [
                {
                  "Node Type": "Hash Join",
                  "Parent Relationship": "Outer",
                  "Parallel Aware": true,
                  "Join Type": "Inner",
                  "Startup Cost": 45563.85,
                  "Total Cost": 75954.75,
                  "Plan Rows": 4389,
                  "Plan Width": 0,
                  "Actual Startup Time": 137.783,
                  "Actual Total Time": 222.599,
                  "Actual Rows": 17672,
                  "Actual Loops": 4,
                  "Inner Unique": true,
                  "Hash Cond": "(mc.movie_id = t.id)",
                  "Plans": [
                    {
                      "Node Type": "Seq Scan",
                      "Parent Relationship": "Outer",
                      "Parallel Aware": true,
                      "Relation Name": "movie_companies",
                      "Alias": "mc",
                      "Startup Cost": 0.0,
                      "Total Cost": 29310.68,
                      "Plan Rows": 411513,
                      "Plan Width": 4,
                      "Actual Startup Time": 0.01,
                      "Actual Total Time": 75.936,
                      "Actual Rows": 318562,
                      "Actual Loops": 4,
                      "Filter": "(company_type_id = 1)",
                      "Rows Removed by Filter": 333721
                    },
                    {
                      "Node Type": "Hash",
                      "Parent Relationship": "Inner",
                      "Parallel Aware": true,
                      "Startup Cost": 45479.59,
                      "Total Cost": 45479.59,
                      "Plan Rows": 6741,
                      "Plan Width": 4,
                      "Actual Startup Time": 109.669,
                      "Actual Total Time": 109.67,
                      "Actual Rows": 18338,
                      "Actual Loops": 4,
                      "Hash Buckets": 131072,
                      "Original Hash Buckets": 32768,
                      "Hash Batches": 1,
                      "Original Hash Batches": 1,
                      "Peak Memory Usage": 4736,
                      "Plans": [
                        {
                          "Node Type": "Seq Scan",
                          "Parent Relationship": "Outer",
                          "Parallel Aware": true,
                          "Relation Name": "title",
                          "Alias": "t",
                          "Startup Cost": 0.0,
                          "Total Cost": 45479.59,
                          "Plan Rows": 6741,
                          "Plan Width": 4,
                          "Actual Startup Time": 60.38,
                          "Actual Total Time": 98.798,
                          "Actual Rows": 18338,
                          "Actual Loops": 4,
                          "Filter": "((kind_id < 7) AND (production_year < 1917))",
                          "Rows Removed by Filter": 613740
                        }
                      ]
                    }
                  ]
                }
              ]
            }
          ]
        }
      ]
    },
    "Planning Time": 0.299,
    "Triggers": [],
    "Execution Time": 246.73
  }
]