[
    {
        "Bao": {
            "Bao prediction": "NaN",
            "Bao recommended hint": "(no hint)"
        }
    },
    {
        "Plan": {
            "Node Type": "Aggregate",
            "Strategy": "Plain",
            "Partial Mode": "Finalize",
            "Parallel Aware": false,
            "Startup Cost": 30214.97,
            "Total Cost": 30214.98,
            "Plan Rows": 1,
            "Plan Width": 8,
            "Actual Startup Time": 73.444,
            "Actual Total Time": 80.175,
            "Actual Rows": 1,
            "Actual Loops": 1,
            "Output": [
                "count(*)"
            ],
            "Plans": [
                {
                    "Node Type": "Gather",
                    "Parent Relationship": "Outer",
                    "Parallel Aware": false,
                    "Startup Cost": 30214.65,
                    "Total Cost": 30214.96,
                    "Plan Rows": 3,
                    "Plan Width": 8,
                    "Actual Startup Time": 73.06,
                    "Actual Total Time": 80.168,
                    "Actual Rows": 4,
                    "Actual Loops": 1,
                    "Output": [
                        "(PARTIAL count(*))"
                    ],
                    "Workers Planned": 3,
                    "Workers Launched": 3,
                    "Single Copy": false,
                    "Plans": [
                        {
                            "Node Type": "Aggregate",
                            "Strategy": "Plain",
                            "Partial Mode": "Partial",
                            "Parent Relationship": "Outer",
                            "Parallel Aware": false,
                            "Startup Cost": 29214.65,
                            "Total Cost": 29214.66,
                            "Plan Rows": 1,
                            "Plan Width": 8,
                            "Actual Startup Time": 64.488,
                            "Actual Total Time": 64.489,
                            "Actual Rows": 1,
                            "Actual Loops": 4,
                            "Output": [
                                "PARTIAL count(*)"
                            ],
                            "Workers": [
                                {
                                    "Worker Number": 0,
                                    "Actual Startup Time": 61.511,
                                    "Actual Total Time": 61.513,
                                    "Actual Rows": 1,
                                    "Actual Loops": 1
                                },
                                {
                                    "Worker Number": 1,
                                    "Actual Startup Time": 61.498,
                                    "Actual Total Time": 61.5,
                                    "Actual Rows": 1,
                                    "Actual Loops": 1
                                },
                                {
                                    "Worker Number": 2,
                                    "Actual Startup Time": 62.133,
                                    "Actual Total Time": 62.135,
                                    "Actual Rows": 1,
                                    "Actual Loops": 1
                                }
                            ],
                            "Plans": [
                                {
                                    "Node Type": "Bitmap Heap Scan",
                                    "Parent Relationship": "Outer",
                                    "Parallel Aware": true,
                                    "Relation Name": "movie_keyword",
                                    "Schema": "public",
                                    "Alias": "mk",
                                    "Startup Cost": 3876.52,
                                    "Total Cost": 29067.3,
                                    "Plan Rows": 58942,
                                    "Plan Width": 0,
                                    "Actual Startup Time": 10.327,
                                    "Actual Total Time": 61.3,
                                    "Actual Rows": 45343,
                                    "Actual Loops": 4,
                                    "Recheck Cond": "(mk.keyword_id > 71605)",
                                    "Rows Removed by Index Recheck": 0,
                                    "Exact Heap Blocks": 12318,
                                    "Lossy Heap Blocks": 0,
                                    "Workers": [
                                        {
                                            "Worker Number": 0,
                                            "Actual Startup Time": 7.463,
                                            "Actual Total Time": 58.778,
                                            "Actual Rows": 23321,
                                            "Actual Loops": 1
                                        },
                                        {
                                            "Worker Number": 1,
                                            "Actual Startup Time": 7.387,
                                            "Actual Total Time": 58.709,
                                            "Actual Rows": 23795,
                                            "Actual Loops": 1
                                        },
                                        {
                                            "Worker Number": 2,
                                            "Actual Startup Time": 8.007,
                                            "Actual Total Time": 59.585,
                                            "Actual Rows": 22509,
                                            "Actual Loops": 1
                                        }
                                    ],
                                    "Plans": [
                                        {
                                            "Node Type": "Bitmap Index Scan",
                                            "Parent Relationship": "Outer",
                                            "Parallel Aware": false,
                                            "Index Name": "keyword_id_movie_keyword",
                                            "Startup Cost": 0.0,
                                            "Total Cost": 3830.84,
                                            "Plan Rows": 182721,
                                            "Plan Width": 0,
                                            "Actual Startup Time": 15.2,
                                            "Actual Total Time": 15.201,
                                            "Actual Rows": 181372,
                                            "Actual Loops": 1,
                                            "Index Cond": "(mk.keyword_id > 71605)"
                                        }
                                    ]
                                }
                            ]
                        }
                    ]
                }
            ]
        },
        "Planning Time": 198.589,
        "Triggers": [],
        "Execution Time": 80.227
    }
]