{
  "Plan": {
    "Node Type": "Aggregate",
    "Strategy": "Plain",
    "Partial Mode": "Finalize",
    "Parallel Aware": false,
    "Startup Cost": 68346.94,
    "Total Cost": 68346.95,
    "Plan Rows": 1,
    "Plan Width": 8,
    "Actual Startup Time": 137.786,
    "Actual Total Time": 146.392,
    "Actual Rows": 1,
    "Actual Loops": 1,
    "Plans": [
      {
        "Node Type": "Gather",
        "Parent Relationship": "Outer",
        "Parallel Aware": false,
        "Startup Cost": 68346.83,
        "Total Cost": 68346.94,
        "Plan Rows": 1,
        "Plan Width": 8,
        "Actual Startup Time": 137.662,
        "Actual Total Time": 146.385,
        "Actual Rows": 2,
        "Actual Loops": 1,
        "Workers Planned": 1,
        "Workers Launched": 1,
        "Single Copy": false,
        "Plans": [
          {
            "Node Type": "Aggregate",
            "Strategy": "Plain",
            "Partial Mode": "Partial",
            "Parent Relationship": "Outer",
            "Parallel Aware": false,
            "Startup Cost": 67346.83,
            "Total Cost": 67346.84,
            "Plan Rows": 1,
            "Plan Width": 8,
            "Actual Startup Time": 131.723,
            "Actual Total Time": 131.726,
            "Actual Rows": 1,
            "Actual Loops": 2,
            "Plans": [
              {
                "Node Type": "Nested Loop",
                "Parent Relationship": "Outer",
                "Parallel Aware": false,
                "Join Type": "Inner",
                "Startup Cost": 0.86,
                "Total Cost": 67341.22,
                "Plan Rows": 2242,
                "Plan Width": 0,
                "Actual Startup Time": 79.728,
                "Actual Total Time": 131.715,
                "Actual Rows": 16,
                "Actual Loops": 2,
                "Inner Unique": false,
                "Join Filter": "(t.id = mi.movie_id)",
                "Rows Removed by Join Filter": 0,
                "Plans": [
                  {
                    "Node Type": "Nested Loop",
                    "Parent Relationship": "Outer",
                    "Parallel Aware": false,
                    "Join Type": "Inner",
                    "Startup Cost": 0.43,
                    "Total Cost": 66329.03,
                    "Plan Rows": 384,
                    "Plan Width": 8,
                    "Actual Startup Time": 79.658,
                    "Actual Total Time": 131.604,
                    "Actual Rows": 7,
                    "Actual Loops": 2,
                    "Inner Unique": false,
                    "Plans": [
                      {
                        "Node Type": "Seq Scan",
                        "Parent Relationship": "Outer",
                        "Parallel Aware": true,
                        "Relation Name": "title",
                        "Alias": "t",
                        "Startup Cost": 0.0,
                        "Total Cost": 58306.47,
                        "Plan Rows": 1055,
                        "Plan Width": 4,
                        "Actual Startup Time": 5.668,
                        "Actual Total Time": 130.82,
                        "Actual Rows": 244,
                        "Actual Loops": 2,
                        "Filter": "((kind_id = 7) AND (production_year = 1948))",
                        "Rows Removed by Filter": 1263912
                      },
                      {
                        "Node Type": "Index Scan",
                        "Parent Relationship": "Inner",
                        "Parallel Aware": false,
                        "Scan Direction": "Forward",
                        "Index Name": "movie_id_movie_info_idx",
                        "Relation Name": "movie_info_idx",
                        "Alias": "mi_idx",
                        "Startup Cost": 0.43,
                        "Total Cost": 7.58,
                        "Plan Rows": 2,
                        "Plan Width": 4,
                        "Actual Startup Time": 0.003,
                        "Actual Total Time": 0.003,
                        "Actual Rows": 0,
                        "Actual Loops": 488,
                        "Index Cond": "(movie_id = t.id)",
                        "Rows Removed by Index Recheck": 0,
                        "Filter": "(info_type_id < 101)",
                        "Rows Removed by Filter": 0
                      }
                    ]
                  },
                  {
                    "Node Type": "Index Only Scan",
                    "Parent Relationship": "Inner",
                    "Parallel Aware": false,
                    "Scan Direction": "Forward",
                    "Index Name": "movie_id_movie_info",
                    "Relation Name": "movie_info",
                    "Alias": "mi",
                    "Startup Cost": 0.43,
                    "Total Cost": 2.11,
                    "Plan Rows": 42,
                    "Plan Width": 4,
                    "Actual Startup Time": 0.012,
                    "Actual Total Time": 0.014,
                    "Actual Rows": 2,
                    "Actual Loops": 14,
                    "Index Cond": "(movie_id = mi_idx.movie_id)",
                    "Rows Removed by Index Recheck": 0,
                    "Heap Fetches": 32
                  }
                ]
              }
            ]
          }
        ]
      }
    ]
  },
  "Planning Time": 0.887,
  "Triggers": [],
  "Execution Time": 146.477
}