[
  {
    "Plan": {
      "Node Type": "Aggregate",
      "Strategy": "Plain",
      "Partial Mode": "Finalize",
      "Parallel Aware": false,
      "Startup Cost": 93340.29,
      "Total Cost": 93340.3,
      "Plan Rows": 1,
      "Plan Width": 8,
      "Actual Startup Time": 464.047,
      "Actual Total Time": 479.726,
      "Actual Rows": 1,
      "Actual Loops": 1,
      "Plans": [
        {
          "Node Type": "Gather",
          "Parent Relationship": "Outer",
          "Parallel Aware": false,
          "Startup Cost": 93339.97,
          "Total Cost": 93340.28,
          "Plan Rows": 3,
          "Plan Width": 8,
          "Actual Startup Time": 458.336,
          "Actual Total Time": 479.712,
          "Actual Rows": 4,
          "Actual Loops": 1,
          "Workers Planned": 3,
          "Workers Launched": 3,
          "Single Copy": false,
          "Plans": [
            {
              "Node Type": "Aggregate",
              "Strategy": "Plain",
              "Partial Mode": "Partial",
              "Parent Relationship": "Outer",
              "Parallel Aware": false,
              "Startup Cost": 92339.97,
              "Total Cost": 92339.98,
              "Plan Rows": 1,
              "Plan Width": 8,
              "Actual Startup Time": 444.556,
              "Actual Total Time": 444.561,
              "Actual Rows": 1,
              "Actual Loops": 4,
              "Plans": [
                {
                  "Node Type": "Hash Join",
                  "Parent Relationship": "Outer",
                  "Parallel Aware": true,
                  "Join Type": "Inner",
                  "Startup Cost": 64011.08,
                  "Total Cost": 91986.19,
                  "Plan Rows": 141512,
                  "Plan Width": 0,
                  "Actual Startup Time": 327.058,
                  "Actual Total Time": 442.117,
                  "Actual Rows": 28742,
                  "Actual Loops": 4,
                  "Inner Unique": true,
                  "Hash Cond": "(mk.movie_id = t.id)",
                  "Plans": [
                    {
                      "Node Type": "Bitmap Heap Scan",
                      "Parent Relationship": "Outer",
                      "Parallel Aware": true,
                      "Relation Name": "movie_keyword",
                      "Alias": "mk",
                      "Startup Cost": 15309.47,
                      "Total Cost": 42673.48,
                      "Plan Rows": 232801,
                      "Plan Width": 4,
                      "Actual Startup Time": 54.87,
                      "Actual Total Time": 123.257,
                      "Actual Rows": 178494,
                      "Actual Loops": 4,
                      "Recheck Cond": "(keyword_id > 26436)",
                      "Rows Removed by Index Recheck": 0,
                      "Exact Heap Blocks": 5460,
                      "Lossy Heap Blocks": 0,
                      "Plans": [
                        {
                          "Node Type": "Bitmap Index Scan",
                          "Parent Relationship": "Outer",
                          "Parallel Aware": false,
                          "Index Name": "keyword_id_movie_keyword",
                          "Startup Cost": 0.0,
                          "Total Cost": 15129.05,
                          "Plan Rows": 721682,
                          "Plan Width": 0,
                          "Actual Startup Time": 51.101,
                          "Actual Total Time": 51.102,
                          "Actual Rows": 713976,
                          "Actual Loops": 1,
                          "Index Cond": "(keyword_id > 26436)"
                        }
                      ]
                    },
                    {
                      "Node Type": "Hash",
                      "Parent Relationship": "Inner",
                      "Parallel Aware": true,
                      "Startup Cost": 43898.92,
                      "Total Cost": 43898.92,
                      "Plan Rows": 384216,
                      "Plan Width": 4,
                      "Actual Startup Time": 264.767,
                      "Actual Total Time": 264.769,
                      "Actual Rows": 385816,
                      "Actual Loops": 4,
                      "Hash Buckets": 2097152,
                      "Original Hash Buckets": 2097152,
                      "Hash Batches": 1,
                      "Original Hash Batches": 1,
                      "Peak Memory Usage": 76800,
                      "Plans": [
                        {
                          "Node Type": "Seq Scan",
                          "Parent Relationship": "Outer",
                          "Parallel Aware": true,
                          "Relation Name": "title",
                          "Alias": "t",
                          "Startup Cost": 0.0,
                          "Total Cost": 43898.92,
                          "Plan Rows": 384216,
                          "Plan Width": 4,
                          "Actual Startup Time": 0.051,
                          "Actual Total Time": 111.287,
                          "Actual Rows": 385816,
                          "Actual Loops": 4,
                          "Filter": "(kind_id = 7)",
                          "Rows Removed by Filter": 246262
                        }
                      ]
                    }
                  ]
                }
              ]
            }
          ]
        }
      ]
    },
    "Planning Time": 0.631,
    "Triggers": [],
    "Execution Time": 479.816
  }
]