[
  {
    "Plan": {
      "Node Type": "Aggregate",
      "Strategy": "Plain",
      "Partial Mode": "Finalize",
      "Parallel Aware": false,
      "Startup Cost": 447669.04,
      "Total Cost": 447669.05,
      "Plan Rows": 1,
      "Plan Width": 8,
      "Actual Startup Time": 4487.382,
      "Actual Total Time": 4556.029,
      "Actual Rows": 1,
      "Actual Loops": 1,
      "Plans": [
        {
          "Node Type": "Gather",
          "Parent Relationship": "Outer",
          "Parallel Aware": false,
          "Startup Cost": 447668.52,
          "Total Cost": 447669.03,
          "Plan Rows": 5,
          "Plan Width": 8,
          "Actual Startup Time": 4425.033,
          "Actual Total Time": 4556.013,
          "Actual Rows": 6,
          "Actual Loops": 1,
          "Workers Planned": 5,
          "Workers Launched": 5,
          "Single Copy": false,
          "Plans": [
            {
              "Node Type": "Aggregate",
              "Strategy": "Plain",
              "Partial Mode": "Partial",
              "Parent Relationship": "Outer",
              "Parallel Aware": false,
              "Startup Cost": 446668.52,
              "Total Cost": 446668.53,
              "Plan Rows": 1,
              "Plan Width": 8,
              "Actual Startup Time": 4393.869,
              "Actual Total Time": 4395.499,
              "Actual Rows": 1,
              "Actual Loops": 6,
              "Plans": [
                {
                  "Node Type": "Hash Join",
                  "Parent Relationship": "Outer",
                  "Parallel Aware": true,
                  "Join Type": "Inner",
                  "Startup Cost": 221375.38,
                  "Total Cost": 435963.39,
                  "Plan Rows": 4282049,
                  "Plan Width": 0,
                  "Actual Startup Time": 1415.267,
                  "Actual Total Time": 3708.492,
                  "Actual Rows": 16991575,
                  "Actual Loops": 6,
                  "Inner Unique": false,
                  "Hash Cond": "(mi.movie_id = t.id)",
                  "Plans": [
                    {
                      "Node Type": "Seq Scan",
                      "Parent Relationship": "Outer",
                      "Parallel Aware": true,
                      "Relation Name": "movie_info",
                      "Alias": "mi",
                      "Startup Cost": 0.0,
                      "Total Cost": 198952.16,
                      "Plan Rows": 1885804,
                      "Plan Width": 4,
                      "Actual Startup Time": 17.316,
                      "Actual Total Time": 331.769,
                      "Actual Rows": 1570867,
                      "Actual Loops": 6,
                      "Filter": "(info_type_id > 5)",
                      "Rows Removed by Filter": 901753
                    },
                    {
                      "Node Type": "Hash",
                      "Parent Relationship": "Inner",
                      "Parallel Aware": true,
                      "Startup Cost": 207023.05,
                      "Total Cost": 207023.05,
                      "Plan Rows": 1148186,
                      "Plan Width": 8,
                      "Actual Startup Time": 1384.462,
                      "Actual Total Time": 1386.089,
                      "Actual Rows": 955449,
                      "Actual Loops": 6,
                      "Hash Buckets": 8388608,
                      "Original Hash Buckets": 8388608,
                      "Hash Batches": 1,
                      "Original Hash Batches": 1,
                      "Peak Memory Usage": 289920,
                      "Plans": [
                        {
                          "Node Type": "Hash Join",
                          "Parent Relationship": "Outer",
                          "Parallel Aware": true,
                          "Join Type": "Inner",
                          "Startup Cost": 50220.21,
                          "Total Cost": 207023.05,
                          "Plan Rows": 1148186,
                          "Plan Width": 8,
                          "Actual Startup Time": 287.942,
                          "Actual Total Time": 960.827,
                          "Actual Rows": 955449,
                          "Actual Loops": 6,
                          "Inner Unique": true,
                          "Hash Cond": "(ci.movie_id = t.id)",
                          "Plans": [
                            {
                              "Node Type": "Index Scan",
                              "Parent Relationship": "Outer",
                              "Parallel Aware": true,
                              "Scan Direction": "Forward",
                              "Index Name": "role_id_cast_info",
                              "Relation Name": "cast_info",
                              "Alias": "ci",
                              "Startup Cost": 0.56,
                              "Total Cost": 153789.42,
                              "Plan Rows": 1148186,
                              "Plan Width": 4,
                              "Actual Startup Time": 0.227,
                              "Actual Total Time": 191.504,
                              "Actual Rows": 955449,
                              "Actual Loops": 6,
                              "Index Cond": "(role_id > 8)",
                              "Rows Removed by Index Recheck": 0
                            },
                            {
                              "Node Type": "Hash",
                              "Parent Relationship": "Inner",
                              "Parallel Aware": true,
                              "Startup Cost": 42318.73,
                              "Total Cost": 42318.73,
                              "Plan Rows": 632073,
                              "Plan Width": 4,
                              "Actual Startup Time": 282.362,
                              "Actual Total Time": 282.364,
                              "Actual Rows": 421385,
                              "Actual Loops": 6,
                              "Hash Buckets": 4194304,
                              "Original Hash Buckets": 4194304,
                              "Hash Batches": 1,
                              "Original Hash Batches": 1,
                              "Peak Memory Usage": 131776,
                              "Plans": [
                                {
                                  "Node Type": "Seq Scan",
                                  "Parent Relationship": "Outer",
                                  "Parallel Aware": true,
                                  "Relation Name": "title",
                                  "Alias": "t",
                                  "Startup Cost": 0.0,
                                  "Total Cost": 42318.73,
                                  "Plan Rows": 632073,
                                  "Plan Width": 4,
                                  "Actual Startup Time": 0.043,
                                  "Actual Total Time": 82.102,
                                  "Actual Rows": 421385,
                                  "Actual Loops": 6
                                }
                              ]
                            }
                          ]
                        }
                      ]
                    }
                  ]
                }
              ]
            }
          ]
        }
      ]
    },
    "Planning Time": 1.35,
    "Triggers": [],
    "Execution Time": 4556.126
  }
]