{
  "Plan": {
    "Node Type": "Aggregate",
    "Strategy": "Plain",
    "Partial Mode": "Finalize",
    "Parallel Aware": false,
    "Startup Cost": 154514.26,
    "Total Cost": 154514.27,
    "Plan Rows": 1,
    "Plan Width": 8,
    "Actual Startup Time": 526.794,
    "Actual Total Time": 553.281,
    "Actual Rows": 1,
    "Actual Loops": 1,
    "Plans": [
      {
        "Node Type": "Gather",
        "Parent Relationship": "Outer",
        "Parallel Aware": false,
        "Startup Cost": 154514.14,
        "Total Cost": 154514.25,
        "Plan Rows": 1,
        "Plan Width": 8,
        "Actual Startup Time": 523.387,
        "Actual Total Time": 553.272,
        "Actual Rows": 2,
        "Actual Loops": 1,
        "Workers Planned": 1,
        "Workers Launched": 1,
        "Single Copy": false,
        "Plans": [
          {
            "Node Type": "Aggregate",
            "Strategy": "Plain",
            "Partial Mode": "Partial",
            "Parent Relationship": "Outer",
            "Parallel Aware": false,
            "Startup Cost": 153514.14,
            "Total Cost": 153514.15,
            "Plan Rows": 1,
            "Plan Width": 8,
            "Actual Startup Time": 515.853,
            "Actual Total Time": 515.857,
            "Actual Rows": 1,
            "Actual Loops": 2,
            "Plans": [
              {
                "Node Type": "Nested Loop",
                "Parent Relationship": "Outer",
                "Parallel Aware": false,
                "Join Type": "Inner",
                "Startup Cost": 72079.89,
                "Total Cost": 153474.16,
                "Plan Rows": 15992,
                "Plan Width": 0,
                "Actual Startup Time": 407.12,
                "Actual Total Time": 515.349,
                "Actual Rows": 5818,
                "Actual Loops": 2,
                "Inner Unique": false,
                "Plans": [
                  {
                    "Node Type": "Hash Join",
                    "Parent Relationship": "Outer",
                    "Parallel Aware": true,
                    "Join Type": "Inner",
                    "Startup Cost": 72079.45,
                    "Total Cost": 97244.37,
                    "Plan Rows": 30535,
                    "Plan Width": 8,
                    "Actual Startup Time": 407.021,
                    "Actual Total Time": 443.215,
                    "Actual Rows": 5150,
                    "Actual Loops": 2,
                    "Inner Unique": true,
                    "Hash Cond": "(mk.movie_id = t.id)",
                    "Plans": [
                      {
                        "Node Type": "Bitmap Heap Scan",
                        "Parent Relationship": "Outer",
                        "Parallel Aware": true,
                        "Relation Name": "movie_keyword",
                        "Alias": "mk",
                        "Startup Cost": 1695.7,
                        "Total Cost": 26737.23,
                        "Plan Rows": 47003,
                        "Plan Width": 4,
                        "Actual Startup Time": 7.621,
                        "Actual Total Time": 29.979,
                        "Actual Rows": 39437,
                        "Actual Loops": 2,
                        "Recheck Cond": "(keyword_id > 88175)",
                        "Rows Removed by Index Recheck": 0,
                        "Exact Heap Blocks": 11038,
                        "Lossy Heap Blocks": 0,
                        "Plans": [
                          {
                            "Node Type": "Bitmap Index Scan",
                            "Parent Relationship": "Outer",
                            "Parallel Aware": false,
                            "Index Name": "keyword_id_movie_keyword",
                            "Startup Cost": 0.0,
                            "Total Cost": 1675.72,
                            "Plan Rows": 79905,
                            "Plan Width": 0,
                            "Actual Startup Time": 5.268,
                            "Actual Total Time": 5.268,
                            "Actual Rows": 78874,
                            "Actual Loops": 1,
                            "Index Cond": "(keyword_id > 88175)"
                          }
                        ]
                      },
                      {
                        "Node Type": "Hash",
                        "Parent Relationship": "Inner",
                        "Parallel Aware": true,
                        "Startup Cost": 58306.47,
                        "Total Cost": 58306.47,
                        "Plan Rows": 966183,
                        "Plan Width": 4,
                        "Actual Startup Time": 385.161,
                        "Actual Total Time": 385.162,
                        "Actual Rows": 814920,
                        "Actual Loops": 2,
                        "Hash Buckets": 2097152,
                        "Original Hash Buckets": 2097152,
                        "Hash Batches": 1,
                        "Original Hash Batches": 1,
                        "Peak Memory Usage": 80192,
                        "Plans": [
                          {
                            "Node Type": "Seq Scan",
                            "Parent Relationship": "Outer",
                            "Parallel Aware": true,
                            "Relation Name": "title",
                            "Alias": "t",
                            "Startup Cost": 0.0,
                            "Total Cost": 58306.47,
                            "Plan Rows": 966183,
                            "Plan Width": 4,
                            "Actual Startup Time": 0.028,
                            "Actual Total Time": 172.011,
                            "Actual Rows": 814920,
                            "Actual Loops": 2,
                            "Filter": "((kind_id > 1) AND (production_year < 2012))",
                            "Rows Removed by Filter": 449236
                          }
                        ]
                      }
                    ]
                  },
                  {
                    "Node Type": "Index Scan",
                    "Parent Relationship": "Inner",
                    "Parallel Aware": false,
                    "Scan Direction": "Forward",
                    "Index Name": "movie_id_movie_info",
                    "Relation Name": "movie_info",
                    "Alias": "mi",
                    "Startup Cost": 0.43,
                    "Total Cost": 1.8,
                    "Plan Rows": 4,
                    "Plan Width": 4,
                    "Actual Startup Time": 0.012,
                    "Actual Total Time": 0.014,
                    "Actual Rows": 1,
                    "Actual Loops": 10301,
                    "Index Cond": "(movie_id = t.id)",
                    "Rows Removed by Index Recheck": 0,
                    "Filter": "(info_type_id = 8)",
                    "Rows Removed by Filter": 17
                  }
                ]
              }
            ]
          }
        ]
      }
    ]
  },
  "Planning Time": 0.974,
  "Triggers": [],
  "Execution Time": 553.39
}