[
  {
    "Plan": {
      "Node Type": "Aggregate",
      "Strategy": "Plain",
      "Partial Mode": "Finalize",
      "Parallel Aware": false,
      "Startup Cost": 256626.26,
      "Total Cost": 256626.27,
      "Plan Rows": 1,
      "Plan Width": 8,
      "Actual Startup Time": 358.897,
      "Actual Total Time": 384.105,
      "Actual Rows": 1,
      "Actual Loops": 1,
      "Plans": [
        {
          "Node Type": "Gather",
          "Parent Relationship": "Outer",
          "Parallel Aware": false,
          "Startup Cost": 256625.63,
          "Total Cost": 256626.24,
          "Plan Rows": 6,
          "Plan Width": 8,
          "Actual Startup Time": 358.714,
          "Actual Total Time": 384.08,
          "Actual Rows": 7,
          "Actual Loops": 1,
          "Workers Planned": 6,
          "Workers Launched": 6,
          "Single Copy": false,
          "Plans": [
            {
              "Node Type": "Aggregate",
              "Strategy": "Plain",
              "Partial Mode": "Partial",
              "Parent Relationship": "Outer",
              "Parallel Aware": false,
              "Startup Cost": 255625.63,
              "Total Cost": 255625.64,
              "Plan Rows": 1,
              "Plan Width": 8,
              "Actual Startup Time": 351.228,
              "Actual Total Time": 351.231,
              "Actual Rows": 1,
              "Actual Loops": 7,
              "Plans": [
                {
                  "Node Type": "Index Scan",
                  "Parent Relationship": "Outer",
                  "Parallel Aware": true,
                  "Scan Direction": "Forward",
                  "Index Name": "role_id_cast_info",
                  "Relation Name": "cast_info",
                  "Alias": "ci",
                  "Startup Cost": 0.56,
                  "Total Cost": 253362.23,
                  "Plan Rows": 905362,
                  "Plan Width": 0,
                  "Actual Startup Time": 0.178,
                  "Actual Total Time": 301.285,
                  "Actual Rows": 1047777,
                  "Actual Loops": 7,
                  "Index Cond": "(role_id > 4)",
                  "Rows Removed by Index Recheck": 0,
                  "Filter": "(person_id > 1530059)",
                  "Rows Removed by Filter": 292895
                }
              ]
            }
          ]
        }
      ]
    },
    "Planning Time": 0.193,
    "Triggers": [],
    "Execution Time": 384.152
  }
]