[
  {
    "Plan": {
      "Node Type": "Aggregate",
      "Strategy": "Plain",
      "Partial Mode": "Finalize",
      "Parallel Aware": false,
      "Startup Cost": 258344.22,
      "Total Cost": 258344.23,
      "Plan Rows": 1,
      "Plan Width": 8,
      "Actual Startup Time": 376.455,
      "Actual Total Time": 394.304,
      "Actual Rows": 1,
      "Actual Loops": 1,
      "Plans": [
        {
          "Node Type": "Gather",
          "Parent Relationship": "Outer",
          "Parallel Aware": false,
          "Startup Cost": 258343.59,
          "Total Cost": 258344.2,
          "Plan Rows": 6,
          "Plan Width": 8,
          "Actual Startup Time": 376.301,
          "Actual Total Time": 394.295,
          "Actual Rows": 7,
          "Actual Loops": 1,
          "Workers Planned": 6,
          "Workers Launched": 6,
          "Single Copy": false,
          "Plans": [
            {
              "Node Type": "Aggregate",
              "Strategy": "Plain",
              "Partial Mode": "Partial",
              "Parent Relationship": "Outer",
              "Parallel Aware": false,
              "Startup Cost": 257343.59,
              "Total Cost": 257343.6,
              "Plan Rows": 1,
              "Plan Width": 8,
              "Actual Startup Time": 365.861,
              "Actual Total Time": 365.863,
              "Actual Rows": 1,
              "Actual Loops": 7,
              "Plans": [
                {
                  "Node Type": "Index Scan",
                  "Parent Relationship": "Outer",
                  "Parallel Aware": true,
                  "Scan Direction": "Forward",
                  "Index Name": "role_id_cast_info",
                  "Relation Name": "cast_info",
                  "Alias": "ci",
                  "Startup Cost": 0.56,
                  "Total Cost": 255086.64,
                  "Plan Rows": 902780,
                  "Plan Width": 0,
                  "Actual Startup Time": 0.216,
                  "Actual Total Time": 311.149,
                  "Actual Rows": 1047777,
                  "Actual Loops": 7,
                  "Index Cond": "(role_id > 4)",
                  "Rows Removed by Index Recheck": 0,
                  "Filter": "(person_id > 1530059)",
                  "Rows Removed by Filter": 292895
                }
              ]
            }
          ]
        }
      ]
    },
    "Planning Time": 0.225,
    "Triggers": [],
    "Execution Time": 394.372
  }
]