[
  {
    "Plan": {
      "Node Type": "Aggregate",
      "Strategy": "Plain",
      "Partial Mode": "Finalize",
      "Parallel Aware": false,
      "Startup Cost": 126513.8,
      "Total Cost": 126513.81,
      "Plan Rows": 1,
      "Plan Width": 8,
      "Actual Startup Time": 489.135,
      "Actual Total Time": 509.12,
      "Actual Rows": 1,
      "Actual Loops": 1,
      "Plans": [
        {
          "Node Type": "Gather",
          "Parent Relationship": "Outer",
          "Parallel Aware": false,
          "Startup Cost": 126513.49,
          "Total Cost": 126513.8,
          "Plan Rows": 3,
          "Plan Width": 8,
          "Actual Startup Time": 483.3,
          "Actual Total Time": 509.111,
          "Actual Rows": 4,
          "Actual Loops": 1,
          "Workers Planned": 3,
          "Workers Launched": 3,
          "Single Copy": false,
          "Plans": [
            {
              "Node Type": "Aggregate",
              "Strategy": "Plain",
              "Partial Mode": "Partial",
              "Parent Relationship": "Outer",
              "Parallel Aware": false,
              "Startup Cost": 125513.49,
              "Total Cost": 125513.5,
              "Plan Rows": 1,
              "Plan Width": 8,
              "Actual Startup Time": 474.498,
              "Actual Total Time": 474.503,
              "Actual Rows": 1,
              "Actual Loops": 4,
              "Plans": [
                {
                  "Node Type": "Hash Join",
                  "Parent Relationship": "Outer",
                  "Parallel Aware": true,
                  "Join Type": "Inner",
                  "Startup Cost": 94174.73,
                  "Total Cost": 125087.34,
                  "Plan Rows": 170457,
                  "Plan Width": 0,
                  "Actual Startup Time": 347.142,
                  "Actual Total Time": 471.224,
                  "Actual Rows": 82208,
                  "Actual Loops": 4,
                  "Inner Unique": false,
                  "Hash Cond": "(mc.movie_id = t.id)",
                  "Plans": [
                    {
                      "Node Type": "Seq Scan",
                      "Parent Relationship": "Outer",
                      "Parallel Aware": true,
                      "Relation Name": "movie_companies",
                      "Alias": "mc",
                      "Startup Cost": 0.0,
                      "Total Cost": 27206.55,
                      "Plan Rows": 841655,
                      "Plan Width": 4,
                      "Actual Startup Time": 0.02,
                      "Actual Total Time": 55.326,
                      "Actual Rows": 652282,
                      "Actual Loops": 4
                    },
                    {
                      "Node Type": "Hash",
                      "Parent Relationship": "Inner",
                      "Parallel Aware": true,
                      "Startup Cost": 92110.03,
                      "Total Cost": 92110.03,
                      "Plan Rows": 165176,
                      "Plan Width": 8,
                      "Actual Startup Time": 343.497,
                      "Actual Total Time": 343.501,
                      "Actual Rows": 30212,
                      "Actual Loops": 4,
                      "Hash Buckets": 524288,
                      "Original Hash Buckets": 524288,
                      "Hash Batches": 1,
                      "Original Hash Batches": 1,
                      "Peak Memory Usage": 8896,
                      "Plans": [
                        {
                          "Node Type": "Hash Join",
                          "Parent Relationship": "Outer",
                          "Parallel Aware": true,
                          "Join Type": "Inner",
                          "Startup Cost": 48114.47,
                          "Total Cost": 92110.03,
                          "Plan Rows": 165176,
                          "Plan Width": 8,
                          "Actual Startup Time": 187.112,
                          "Actual Total Time": 336.086,
                          "Actual Rows": 30212,
                          "Actual Loops": 4,
                          "Inner Unique": true,
                          "Hash Cond": "(mk.movie_id = t.id)",
                          "Plans": [
                            {
                              "Node Type": "Seq Scan",
                              "Parent Relationship": "Outer",
                              "Parallel Aware": true,
                              "Relation Name": "movie_keyword",
                              "Alias": "mk",
                              "Startup Cost": 0.0,
                              "Total Cost": 42695.65,
                              "Plan Rows": 495202,
                              "Plan Width": 4,
                              "Actual Startup Time": 0.023,
                              "Actual Total Time": 94.497,
                              "Actual Rows": 388212,
                              "Actual Loops": 4,
                              "Filter": "(keyword_id < 2294)",
                              "Rows Removed by Filter": 742770
                            },
                            {
                              "Node Type": "Hash",
                              "Parent Relationship": "Inner",
                              "Parallel Aware": true,
                              "Startup Cost": 45479.1,
                              "Total Cost": 45479.1,
                              "Plan Rows": 210830,
                              "Plan Width": 4,
                              "Actual Startup Time": 183.968,
                              "Actual Total Time": 183.969,
                              "Actual Rows": 230411,
                              "Actual Loops": 4,
                              "Hash Buckets": 1048576,
                              "Original Hash Buckets": 1048576,
                              "Hash Batches": 1,
                              "Original Hash Batches": 1,
                              "Peak Memory Usage": 44288,
                              "Plans": [
                                {
                                  "Node Type": "Seq Scan",
                                  "Parent Relationship": "Outer",
                                  "Parallel Aware": true,
                                  "Relation Name": "title",
                                  "Alias": "t",
                                  "Startup Cost": 0.0,
                                  "Total Cost": 45479.1,
                                  "Plan Rows": 210830,
                                  "Plan Width": 4,
                                  "Actual Startup Time": 0.041,
                                  "Actual Total Time": 102.465,
                                  "Actual Rows": 230411,
                                  "Actual Loops": 4,
                                  "Filter": "((production_year > 2000) AND (kind_id = 7))",
                                  "Rows Removed by Filter": 401667
                                }
                              ]
                            }
                          ]
                        }
                      ]
                    }
                  ]
                }
              ]
            }
          ]
        }
      ]
    },
    "Planning Time": 1.359,
    "Triggers": [],
    "Execution Time": 509.197
  }
]