[
  {
    "Plan": {
      "Node Type": "Aggregate",
      "Strategy": "Plain",
      "Partial Mode": "Finalize",
      "Parallel Aware": false,
      "Startup Cost": 91481.45,
      "Total Cost": 91481.46,
      "Plan Rows": 1,
      "Plan Width": 8,
      "Actual Startup Time": 527.684,
      "Actual Total Time": 545.715,
      "Actual Rows": 1,
      "Actual Loops": 1,
      "Plans": [
        {
          "Node Type": "Gather",
          "Parent Relationship": "Outer",
          "Parallel Aware": false,
          "Startup Cost": 91481.13,
          "Total Cost": 91481.44,
          "Plan Rows": 3,
          "Plan Width": 8,
          "Actual Startup Time": 517.149,
          "Actual Total Time": 545.705,
          "Actual Rows": 4,
          "Actual Loops": 1,
          "Workers Planned": 3,
          "Workers Launched": 3,
          "Single Copy": false,
          "Plans": [
            {
              "Node Type": "Aggregate",
              "Strategy": "Plain",
              "Partial Mode": "Partial",
              "Parent Relationship": "Outer",
              "Parallel Aware": false,
              "Startup Cost": 90481.13,
              "Total Cost": 90481.14,
              "Plan Rows": 1,
              "Plan Width": 8,
              "Actual Startup Time": 497.894,
              "Actual Total Time": 497.9,
              "Actual Rows": 1,
              "Actual Loops": 4,
              "Plans": [
                {
                  "Node Type": "Hash Join",
                  "Parent Relationship": "Outer",
                  "Parallel Aware": true,
                  "Join Type": "Inner",
                  "Startup Cost": 62686.19,
                  "Total Cost": 90007.24,
                  "Plan Rows": 189557,
                  "Plan Width": 0,
                  "Actual Startup Time": 385.834,
                  "Actual Total Time": 490.936,
                  "Actual Rows": 144063,
                  "Actual Loops": 4,
                  "Inner Unique": true,
                  "Hash Cond": "(mk.movie_id = t.id)",
                  "Plans": [
                    {
                      "Node Type": "Bitmap Heap Scan",
                      "Parent Relationship": "Outer",
                      "Parallel Aware": true,
                      "Relation Name": "movie_keyword",
                      "Alias": "mk",
                      "Startup Cost": 12466.54,
                      "Total Cost": 39290.01,
                      "Plan Rows": 189557,
                      "Plan Width": 4,
                      "Actual Startup Time": 42.381,
                      "Actual Total Time": 99.803,
                      "Actual Rows": 144063,
                      "Actual Loops": 4,
                      "Recheck Cond": "(keyword_id > 31837)",
                      "Rows Removed by Index Recheck": 0,
                      "Exact Heap Blocks": 6683,
                      "Lossy Heap Blocks": 0,
                      "Plans": [
                        {
                          "Node Type": "Bitmap Index Scan",
                          "Parent Relationship": "Outer",
                          "Parallel Aware": false,
                          "Index Name": "keyword_id_movie_keyword",
                          "Startup Cost": 0.0,
                          "Total Cost": 12319.64,
                          "Plan Rows": 587627,
                          "Plan Width": 0,
                          "Actual Startup Time": 38.809,
                          "Actual Total Time": 38.81,
                          "Actual Rows": 576253,
                          "Actual Loops": 1,
                          "Index Cond": "(keyword_id > 31837)"
                        }
                      ]
                    },
                    {
                      "Node Type": "Hash",
                      "Parent Relationship": "Inner",
                      "Parallel Aware": true,
                      "Startup Cost": 42318.73,
                      "Total Cost": 42318.73,
                      "Plan Rows": 632073,
                      "Plan Width": 4,
                      "Actual Startup Time": 332.118,
                      "Actual Total Time": 332.121,
                      "Actual Rows": 632078,
                      "Actual Loops": 4,
                      "Hash Buckets": 4194304,
                      "Original Hash Buckets": 4194304,
                      "Hash Batches": 1,
                      "Original Hash Batches": 1,
                      "Peak Memory Usage": 131744,
                      "Plans": [
                        {
                          "Node Type": "Seq Scan",
                          "Parent Relationship": "Outer",
                          "Parallel Aware": true,
                          "Relation Name": "title",
                          "Alias": "t",
                          "Startup Cost": 0.0,
                          "Total Cost": 42318.73,
                          "Plan Rows": 632073,
                          "Plan Width": 4,
                          "Actual Startup Time": 0.033,
                          "Actual Total Time": 97.251,
                          "Actual Rows": 632078,
                          "Actual Loops": 4
                        }
                      ]
                    }
                  ]
                }
              ]
            }
          ]
        }
      ]
    },
    "Planning Time": 0.6,
    "Triggers": [],
    "Execution Time": 545.805
  }
]