[
  {
    "Plan": {
      "Node Type": "Aggregate",
      "Strategy": "Plain",
      "Partial Mode": "Finalize",
      "Parallel Aware": false,
      "Startup Cost": 46503.1,
      "Total Cost": 46503.11,
      "Plan Rows": 1,
      "Plan Width": 8,
      "Actual Startup Time": 90.765,
      "Actual Total Time": 101.929,
      "Actual Rows": 1,
      "Actual Loops": 1,
      "Plans": [
        {
          "Node Type": "Gather",
          "Parent Relationship": "Outer",
          "Parallel Aware": false,
          "Startup Cost": 46502.68,
          "Total Cost": 46503.09,
          "Plan Rows": 4,
          "Plan Width": 8,
          "Actual Startup Time": 90.564,
          "Actual Total Time": 101.917,
          "Actual Rows": 5,
          "Actual Loops": 1,
          "Workers Planned": 4,
          "Workers Launched": 4,
          "Single Copy": false,
          "Plans": [
            {
              "Node Type": "Aggregate",
              "Strategy": "Plain",
              "Partial Mode": "Partial",
              "Parent Relationship": "Outer",
              "Parallel Aware": false,
              "Startup Cost": 45502.68,
              "Total Cost": 45502.69,
              "Plan Rows": 1,
              "Plan Width": 8,
              "Actual Startup Time": 85.072,
              "Actual Total Time": 85.073,
              "Actual Rows": 1,
              "Actual Loops": 5,
              "Plans": [
                {
                  "Node Type": "Seq Scan",
                  "Parent Relationship": "Outer",
                  "Parallel Aware": true,
                  "Relation Name": "title",
                  "Alias": "t",
                  "Startup Cost": 0.0,
                  "Total Cost": 45479.59,
                  "Plan Rows": 9239,
                  "Plan Width": 0,
                  "Actual Startup Time": 0.034,
                  "Actual Total Time": 84.326,
                  "Actual Rows": 8387,
                  "Actual Loops": 5,
                  "Filter": "((kind_id = 7) AND (production_year = 2002))",
                  "Rows Removed by Filter": 497275
                }
              ]
            }
          ]
        }
      ]
    },
    "Planning Time": 0.252,
    "Triggers": [],
    "Execution Time": 101.963
  }
]