[
  {
    "Plan": {
      "Node Type": "Aggregate",
      "Strategy": "Plain",
      "Partial Mode": "Finalize",
      "Parallel Aware": false,
      "Startup Cost": 46503.21,
      "Total Cost": 46503.22,
      "Plan Rows": 1,
      "Plan Width": 8,
      "Actual Startup Time": 97.936,
      "Actual Total Time": 109.835,
      "Actual Rows": 1,
      "Actual Loops": 1,
      "Plans": [
        {
          "Node Type": "Gather",
          "Parent Relationship": "Outer",
          "Parallel Aware": false,
          "Startup Cost": 46502.79,
          "Total Cost": 46503.2,
          "Plan Rows": 4,
          "Plan Width": 8,
          "Actual Startup Time": 97.813,
          "Actual Total Time": 109.824,
          "Actual Rows": 5,
          "Actual Loops": 1,
          "Workers Planned": 4,
          "Workers Launched": 4,
          "Single Copy": false,
          "Plans": [
            {
              "Node Type": "Aggregate",
              "Strategy": "Plain",
              "Partial Mode": "Partial",
              "Parent Relationship": "Outer",
              "Parallel Aware": false,
              "Startup Cost": 45502.79,
              "Total Cost": 45502.8,
              "Plan Rows": 1,
              "Plan Width": 8,
              "Actual Startup Time": 88.74,
              "Actual Total Time": 88.741,
              "Actual Rows": 1,
              "Actual Loops": 5,
              "Plans": [
                {
                  "Node Type": "Seq Scan",
                  "Parent Relationship": "Outer",
                  "Parallel Aware": true,
                  "Relation Name": "title",
                  "Alias": "t",
                  "Startup Cost": 0.0,
                  "Total Cost": 45479.1,
                  "Plan Rows": 9477,
                  "Plan Width": 0,
                  "Actual Startup Time": 0.049,
                  "Actual Total Time": 87.805,
                  "Actual Rows": 8387,
                  "Actual Loops": 5,
                  "Filter": "((kind_id = 7) AND (production_year = 2002))",
                  "Rows Removed by Filter": 497275
                }
              ]
            }
          ]
        }
      ]
    },
    "Planning Time": 0.166,
    "Triggers": [],
    "Execution Time": 109.92
  }
]