[
  {
    "Plan": {
      "Node Type": "Aggregate",
      "Strategy": "Plain",
      "Partial Mode": "Finalize",
      "Parallel Aware": false,
      "Startup Cost": 47442.62,
      "Total Cost": 47442.63,
      "Plan Rows": 1,
      "Plan Width": 8,
      "Actual Startup Time": 131.015,
      "Actual Total Time": 140.934,
      "Actual Rows": 1,
      "Actual Loops": 1,
      "Plans": [
        {
          "Node Type": "Gather",
          "Parent Relationship": "Outer",
          "Parallel Aware": false,
          "Startup Cost": 47442.3,
          "Total Cost": 47442.61,
          "Plan Rows": 3,
          "Plan Width": 8,
          "Actual Startup Time": 129.407,
          "Actual Total Time": 140.927,
          "Actual Rows": 4,
          "Actual Loops": 1,
          "Workers Planned": 3,
          "Workers Launched": 3,
          "Single Copy": false,
          "Plans": [
            {
              "Node Type": "Aggregate",
              "Strategy": "Plain",
              "Partial Mode": "Partial",
              "Parent Relationship": "Outer",
              "Parallel Aware": false,
              "Startup Cost": 46442.3,
              "Total Cost": 46442.31,
              "Plan Rows": 1,
              "Plan Width": 8,
              "Actual Startup Time": 120.074,
              "Actual Total Time": 120.078,
              "Actual Rows": 1,
              "Actual Loops": 4,
              "Plans": [
                {
                  "Node Type": "Nested Loop",
                  "Parent Relationship": "Outer",
                  "Parallel Aware": false,
                  "Join Type": "Inner",
                  "Startup Cost": 18305.31,
                  "Total Cost": 46439.46,
                  "Plan Rows": 1135,
                  "Plan Width": 0,
                  "Actual Startup Time": 83.597,
                  "Actual Total Time": 119.72,
                  "Actual Rows": 2959,
                  "Actual Loops": 4,
                  "Inner Unique": true,
                  "Join Filter": "(mc.movie_id = t.id)",
                  "Rows Removed by Join Filter": 0,
                  "Plans": [
                    {
                      "Node Type": "Hash Join",
                      "Parent Relationship": "Outer",
                      "Parallel Aware": true,
                      "Join Type": "Inner",
                      "Startup Cost": 18304.88,
                      "Total Cost": 37613.7,
                      "Plan Rows": 10349,
                      "Plan Width": 8,
                      "Actual Startup Time": 83.456,
                      "Actual Total Time": 94.156,
                      "Actual Rows": 4235,
                      "Actual Loops": 4,
                      "Inner Unique": false,
                      "Hash Cond": "(mc.movie_id = mi_idx.movie_id)",
                      "Plans": [
                        {
                          "Node Type": "Bitmap Heap Scan",
                          "Parent Relationship": "Outer",
                          "Parallel Aware": true,
                          "Relation Name": "movie_companies",
                          "Alias": "mc",
                          "Startup Cost": 764.73,
                          "Total Cost": 19987.94,
                          "Plan Rows": 11334,
                          "Plan Width": 4,
                          "Actual Startup Time": 3.57,
                          "Actual Total Time": 9.285,
                          "Actual Rows": 9034,
                          "Actual Loops": 4,
                          "Recheck Cond": "(company_id = 160)",
                          "Rows Removed by Index Recheck": 0,
                          "Exact Heap Blocks": 2384,
                          "Lossy Heap Blocks": 0,
                          "Plans": [
                            {
                              "Node Type": "Bitmap Index Scan",
                              "Parent Relationship": "Outer",
                              "Parallel Aware": false,
                              "Index Name": "company_id_movie_companies",
                              "Startup Cost": 0.0,
                              "Total Cost": 755.95,
                              "Plan Rows": 35136,
                              "Plan Width": 0,
                              "Actual Startup Time": 3.044,
                              "Actual Total Time": 3.045,
                              "Actual Rows": 36136,
                              "Actual Loops": 1,
                              "Index Cond": "(company_id = 160)"
                            }
                          ]
                        },
                        {
                          "Node Type": "Hash",
                          "Parent Relationship": "Inner",
                          "Parallel Aware": true,
                          "Startup Cost": 15122.68,
                          "Total Cost": 15122.68,
                          "Plan Rows": 193397,
                          "Plan Width": 4,
                          "Actual Startup Time": 77.837,
                          "Actual Total Time": 77.838,
                          "Actual Rows": 115046,
                          "Actual Loops": 4,
                          "Hash Buckets": 524288,
                          "Original Hash Buckets": 524288,
                          "Hash Batches": 1,
                          "Original Hash Batches": 1,
                          "Peak Memory Usage": 22144,
                          "Plans": [
                            {
                              "Node Type": "Seq Scan",
                              "Parent Relationship": "Outer",
                              "Parallel Aware": true,
                              "Relation Name": "movie_info_idx",
                              "Alias": "mi_idx",
                              "Startup Cost": 0.0,
                              "Total Cost": 15122.68,
                              "Plan Rows": 193397,
                              "Plan Width": 4,
                              "Actual Startup Time": 0.056,
                              "Actual Total Time": 44.567,
                              "Actual Rows": 115046,
                              "Actual Loops": 4,
                              "Filter": "(info_type_id > 100)",
                              "Rows Removed by Filter": 229962
                            }
                          ]
                        }
                      ]
                    },
                    {
                      "Node Type": "Index Scan",
                      "Parent Relationship": "Inner",
                      "Parallel Aware": false,
                      "Scan Direction": "Forward",
                      "Index Name": "title_pkey",
                      "Relation Name": "title",
                      "Alias": "t",
                      "Startup Cost": 0.43,
                      "Total Cost": 0.84,
                      "Plan Rows": 1,
                      "Plan Width": 4,
                      "Actual Startup Time": 0.006,
                      "Actual Total Time": 0.006,
                      "Actual Rows": 1,
                      "Actual Loops": 16939,
                      "Index Cond": "(id = mi_idx.movie_id)",
                      "Rows Removed by Index Recheck": 0,
                      "Filter": "((production_year > 1955) AND (kind_id = 7))",
                      "Rows Removed by Filter": 0
                    }
                  ]
                }
              ]
            }
          ]
        }
      ]
    },
    "Planning Time": 0.426,
    "Triggers": [],
    "Execution Time": 140.984
  }
]