[
  {
    "Plan": {
      "Node Type": "Aggregate",
      "Strategy": "Plain",
      "Partial Mode": "Finalize",
      "Parallel Aware": false,
      "Startup Cost": 440195.61,
      "Total Cost": 440195.62,
      "Plan Rows": 1,
      "Plan Width": 8,
      "Actual Startup Time": 2519.506,
      "Actual Total Time": 2592.769,
      "Actual Rows": 1,
      "Actual Loops": 1,
      "Plans": [
        {
          "Node Type": "Gather",
          "Parent Relationship": "Outer",
          "Parallel Aware": false,
          "Startup Cost": 440194.99,
          "Total Cost": 440195.6,
          "Plan Rows": 6,
          "Plan Width": 8,
          "Actual Startup Time": 2487.626,
          "Actual Total Time": 2592.744,
          "Actual Rows": 7,
          "Actual Loops": 1,
          "Workers Planned": 6,
          "Workers Launched": 6,
          "Single Copy": false,
          "Plans": [
            {
              "Node Type": "Aggregate",
              "Strategy": "Plain",
              "Partial Mode": "Partial",
              "Parent Relationship": "Outer",
              "Parallel Aware": false,
              "Startup Cost": 439194.99,
              "Total Cost": 439195.0,
              "Plan Rows": 1,
              "Plan Width": 8,
              "Actual Startup Time": 2475.844,
              "Actual Total Time": 2475.961,
              "Actual Rows": 1,
              "Actual Loops": 7,
              "Plans": [
                {
                  "Node Type": "Hash Join",
                  "Parent Relationship": "Outer",
                  "Parallel Aware": true,
                  "Join Type": "Inner",
                  "Startup Cost": 94490.25,
                  "Total Cost": 435267.5,
                  "Plan Rows": 1570993,
                  "Plan Width": 0,
                  "Actual Startup Time": 448.48,
                  "Actual Total Time": 2302.963,
                  "Actual Rows": 3730646,
                  "Actual Loops": 7,
                  "Inner Unique": false,
                  "Hash Cond": "(ci.movie_id = t.id)",
                  "Plans": [
                    {
                      "Node Type": "Seq Scan",
                      "Parent Relationship": "Outer",
                      "Parallel Aware": true,
                      "Relation Name": "cast_info",
                      "Alias": "ci",
                      "Startup Cost": 0.0,
                      "Total Cost": 313067.02,
                      "Plan Rows": 6038002,
                      "Plan Width": 4,
                      "Actual Startup Time": 0.021,
                      "Actual Total Time": 561.077,
                      "Actual Rows": 5177763,
                      "Actual Loops": 7
                    },
                    {
                      "Node Type": "Hash",
                      "Parent Relationship": "Inner",
                      "Parallel Aware": true,
                      "Startup Cost": 91837.73,
                      "Total Cost": 91837.73,
                      "Plan Rows": 212201,
                      "Plan Width": 8,
                      "Actual Startup Time": 445.197,
                      "Actual Total Time": 445.312,
                      "Actual Rows": 95666,
                      "Actual Loops": 7,
                      "Hash Buckets": 1048576,
                      "Original Hash Buckets": 1048576,
                      "Hash Batches": 1,
                      "Original Hash Batches": 1,
                      "Peak Memory Usage": 34464,
                      "Plans": [
                        {
                          "Node Type": "Hash Join",
                          "Parent Relationship": "Outer",
                          "Parallel Aware": true,
                          "Join Type": "Inner",
                          "Startup Cost": 64174.2,
                          "Total Cost": 91837.73,
                          "Plan Rows": 212201,
                          "Plan Width": 8,
                          "Actual Startup Time": 301.591,
                          "Actual Total Time": 396.37,
                          "Actual Rows": 95666,
                          "Actual Loops": 7,
                          "Inner Unique": true,
                          "Hash Cond": "(mk.movie_id = t.id)",
                          "Plans": [
                            {
                              "Node Type": "Bitmap Heap Scan",
                              "Parent Relationship": "Outer",
                              "Parallel Aware": true,
                              "Relation Name": "movie_keyword",
                              "Alias": "mk",
                              "Startup Cost": 13954.55,
                              "Total Cost": 41061.06,
                              "Plan Rows": 212201,
                              "Plan Width": 4,
                              "Actual Startup Time": 38.728,
                              "Actual Total Time": 88.92,
                              "Actual Rows": 95666,
                              "Actual Loops": 7,
                              "Recheck Cond": "(keyword_id < 527)",
                              "Rows Removed by Index Recheck": 0,
                              "Exact Heap Blocks": 4504,
                              "Lossy Heap Blocks": 0,
                              "Plans": [
                                {
                                  "Node Type": "Bitmap Index Scan",
                                  "Parent Relationship": "Outer",
                                  "Parallel Aware": false,
                                  "Index Name": "keyword_id_movie_keyword",
                                  "Startup Cost": 0.0,
                                  "Total Cost": 13790.1,
                                  "Plan Rows": 657822,
                                  "Plan Width": 0,
                                  "Actual Startup Time": 34.998,
                                  "Actual Total Time": 34.998,
                                  "Actual Rows": 669665,
                                  "Actual Loops": 1,
                                  "Index Cond": "(keyword_id < 527)"
                                }
                              ]
                            },
                            {
                              "Node Type": "Hash",
                              "Parent Relationship": "Inner",
                              "Parallel Aware": true,
                              "Startup Cost": 42318.73,
                              "Total Cost": 42318.73,
                              "Plan Rows": 632073,
                              "Plan Width": 4,
                              "Actual Startup Time": 258.486,
                              "Actual Total Time": 258.486,
                              "Actual Rows": 361187,
                              "Actual Loops": 7,
                              "Hash Buckets": 4194304,
                              "Original Hash Buckets": 4194304,
                              "Hash Batches": 1,
                              "Original Hash Batches": 1,
                              "Peak Memory Usage": 131808,
                              "Plans": [
                                {
                                  "Node Type": "Seq Scan",
                                  "Parent Relationship": "Outer",
                                  "Parallel Aware": true,
                                  "Relation Name": "title",
                                  "Alias": "t",
                                  "Startup Cost": 0.0,
                                  "Total Cost": 42318.73,
                                  "Plan Rows": 632073,
                                  "Plan Width": 4,
                                  "Actual Startup Time": 0.038,
                                  "Actual Total Time": 73.965,
                                  "Actual Rows": 361187,
                                  "Actual Loops": 7
                                }
                              ]
                            }
                          ]
                        }
                      ]
                    }
                  ]
                }
              ]
            }
          ]
        }
      ]
    },
    "Planning Time": 1.271,
    "Triggers": [],
    "Execution Time": 2592.894
  }
]