[
  {
    "Plan": {
      "Node Type": "Aggregate",
      "Strategy": "Plain",
      "Partial Mode": "Finalize",
      "Parallel Aware": false,
      "Startup Cost": 47049.62,
      "Total Cost": 47049.63,
      "Plan Rows": 1,
      "Plan Width": 8,
      "Actual Startup Time": 177.268,
      "Actual Total Time": 186.776,
      "Actual Rows": 1,
      "Actual Loops": 1,
      "Plans": [
        {
          "Node Type": "Gather",
          "Parent Relationship": "Outer",
          "Parallel Aware": false,
          "Startup Cost": 47049.31,
          "Total Cost": 47049.62,
          "Plan Rows": 3,
          "Plan Width": 8,
          "Actual Startup Time": 177.165,
          "Actual Total Time": 186.766,
          "Actual Rows": 4,
          "Actual Loops": 1,
          "Workers Planned": 3,
          "Workers Launched": 3,
          "Single Copy": false,
          "Plans": [
            {
              "Node Type": "Aggregate",
              "Strategy": "Plain",
              "Partial Mode": "Partial",
              "Parent Relationship": "Outer",
              "Parallel Aware": false,
              "Startup Cost": 46049.31,
              "Total Cost": 46049.32,
              "Plan Rows": 1,
              "Plan Width": 8,
              "Actual Startup Time": 169.242,
              "Actual Total Time": 169.243,
              "Actual Rows": 1,
              "Actual Loops": 4,
              "Plans": [
                {
                  "Node Type": "Seq Scan",
                  "Parent Relationship": "Outer",
                  "Parallel Aware": true,
                  "Relation Name": "movie_keyword",
                  "Alias": "mk",
                  "Startup Cost": 0.0,
                  "Total Cost": 42695.65,
                  "Plan Rows": 1341461,
                  "Plan Width": 0,
                  "Actual Startup Time": 0.063,
                  "Actual Total Time": 122.082,
                  "Actual Rows": 1040134,
                  "Actual Loops": 4,
                  "Filter": "(keyword_id < 46067)",
                  "Rows Removed by Filter": 90849
                }
              ]
            }
          ]
        }
      ]
    },
    "Planning Time": 0.188,
    "Triggers": [],
    "Execution Time": 186.828
  }
]