[
  {
    "Plan": {
      "Node Type": "Aggregate",
      "Strategy": "Plain",
      "Partial Mode": "Finalize",
      "Parallel Aware": false,
      "Startup Cost": 47038.92,
      "Total Cost": 47038.93,
      "Plan Rows": 1,
      "Plan Width": 8,
      "Actual Startup Time": 176.801,
      "Actual Total Time": 186.525,
      "Actual Rows": 1,
      "Actual Loops": 1,
      "Plans": [
        {
          "Node Type": "Gather",
          "Parent Relationship": "Outer",
          "Parallel Aware": false,
          "Startup Cost": 47038.6,
          "Total Cost": 47038.91,
          "Plan Rows": 3,
          "Plan Width": 8,
          "Actual Startup Time": 176.705,
          "Actual Total Time": 186.517,
          "Actual Rows": 4,
          "Actual Loops": 1,
          "Workers Planned": 3,
          "Workers Launched": 3,
          "Single Copy": false,
          "Plans": [
            {
              "Node Type": "Aggregate",
              "Strategy": "Plain",
              "Partial Mode": "Partial",
              "Parent Relationship": "Outer",
              "Parallel Aware": false,
              "Startup Cost": 46038.6,
              "Total Cost": 46038.61,
              "Plan Rows": 1,
              "Plan Width": 8,
              "Actual Startup Time": 168.543,
              "Actual Total Time": 168.544,
              "Actual Rows": 1,
              "Actual Loops": 4,
              "Plans": [
                {
                  "Node Type": "Seq Scan",
                  "Parent Relationship": "Outer",
                  "Parallel Aware": true,
                  "Relation Name": "movie_keyword",
                  "Alias": "mk",
                  "Startup Cost": 0.0,
                  "Total Cost": 42695.65,
                  "Plan Rows": 1337180,
                  "Plan Width": 0,
                  "Actual Startup Time": 0.058,
                  "Actual Total Time": 121.849,
                  "Actual Rows": 1040134,
                  "Actual Loops": 4,
                  "Filter": "(keyword_id < 46067)",
                  "Rows Removed by Filter": 90849
                }
              ]
            }
          ]
        }
      ]
    },
    "Planning Time": 0.148,
    "Triggers": [],
    "Execution Time": 186.572
  }
]