[
    {
        "Bao": {
            "Bao prediction": "NaN",
            "Bao recommended hint": "(no hint)"
        }
    },
    {
        "Plan": {
            "Node Type": "Aggregate",
            "Strategy": "Plain",
            "Partial Mode": "Finalize",
            "Parallel Aware": false,
            "Startup Cost": 80872.29,
            "Total Cost": 80872.3,
            "Plan Rows": 1,
            "Plan Width": 8,
            "Actual Startup Time": 333.104,
            "Actual Total Time": 344.357,
            "Actual Rows": 1,
            "Actual Loops": 1,
            "Output": [
                "count(*)"
            ],
            "Plans": [
                {
                    "Node Type": "Gather",
                    "Parent Relationship": "Outer",
                    "Parallel Aware": false,
                    "Startup Cost": 80871.97,
                    "Total Cost": 80872.28,
                    "Plan Rows": 3,
                    "Plan Width": 8,
                    "Actual Startup Time": 328.234,
                    "Actual Total Time": 344.349,
                    "Actual Rows": 4,
                    "Actual Loops": 1,
                    "Output": [
                        "(PARTIAL count(*))"
                    ],
                    "Workers Planned": 3,
                    "Workers Launched": 3,
                    "Single Copy": false,
                    "Plans": [
                        {
                            "Node Type": "Aggregate",
                            "Strategy": "Plain",
                            "Partial Mode": "Partial",
                            "Parent Relationship": "Outer",
                            "Parallel Aware": false,
                            "Startup Cost": 79871.97,
                            "Total Cost": 79871.98,
                            "Plan Rows": 1,
                            "Plan Width": 8,
                            "Actual Startup Time": 319.707,
                            "Actual Total Time": 319.71,
                            "Actual Rows": 1,
                            "Actual Loops": 4,
                            "Output": [
                                "PARTIAL count(*)"
                            ],
                            "Workers": [
                                {
                                    "Worker Number": 0,
                                    "Actual Startup Time": 316.423,
                                    "Actual Total Time": 316.426,
                                    "Actual Rows": 1,
                                    "Actual Loops": 1
                                },
                                {
                                    "Worker Number": 1,
                                    "Actual Startup Time": 316.418,
                                    "Actual Total Time": 316.421,
                                    "Actual Rows": 1,
                                    "Actual Loops": 1
                                },
                                {
                                    "Worker Number": 2,
                                    "Actual Startup Time": 318.038,
                                    "Actual Total Time": 318.041,
                                    "Actual Rows": 1,
                                    "Actual Loops": 1
                                }
                            ],
                            "Plans": [
                                {
                                    "Node Type": "Hash Join",
                                    "Parent Relationship": "Outer",
                                    "Parallel Aware": true,
                                    "Join Type": "Inner",
                                    "Startup Cost": 54069.06,
                                    "Total Cost": 79747.85,
                                    "Plan Rows": 49648,
                                    "Plan Width": 0,
                                    "Actual Startup Time": 256.054,
                                    "Actual Total Time": 317.087,
                                    "Actual Rows": 45933,
                                    "Actual Loops": 4,
                                    "Inner Unique": true,
                                    "Hash Cond": "(mk.movie_id = t.id)",
                                    "Workers": [
                                        {
                                            "Worker Number": 0,
                                            "Actual Startup Time": 252.861,
                                            "Actual Total Time": 313.915,
                                            "Actual Rows": 51434,
                                            "Actual Loops": 1
                                        },
                                        {
                                            "Worker Number": 1,
                                            "Actual Startup Time": 252.892,
                                            "Actual Total Time": 313.848,
                                            "Actual Rows": 40199,
                                            "Actual Loops": 1
                                        },
                                        {
                                            "Worker Number": 2,
                                            "Actual Startup Time": 253.929,
                                            "Actual Total Time": 315.651,
                                            "Actual Rows": 35846,
                                            "Actual Loops": 1
                                        }
                                    ],
                                    "Plans": [
                                        {
                                            "Node Type": "Bitmap Heap Scan",
                                            "Parent Relationship": "Outer",
                                            "Parallel Aware": true,
                                            "Relation Name": "movie_keyword",
                                            "Schema": "public",
                                            "Alias": "mk",
                                            "Startup Cost": 5325.93,
                                            "Total Cost": 30792.16,
                                            "Plan Rows": 80978,
                                            "Plan Width": 4,
                                            "Actual Startup Time": 24.521,
                                            "Actual Total Time": 63.43,
                                            "Actual Rows": 61608,
                                            "Actual Loops": 4,
                                            "Output": [
                                                "mk.id",
                                                "mk.movie_id",
                                                "mk.keyword_id"
                                            ],
                                            "Recheck Cond": "(mk.keyword_id > 60992)",
                                            "Rows Removed by Index Recheck": 0,
                                            "Exact Heap Blocks": 6543,
                                            "Lossy Heap Blocks": 0,
                                            "Workers": [
                                                {
                                                    "Worker Number": 0,
                                                    "Actual Startup Time": 24.44,
                                                    "Actual Total Time": 64.501,
                                                    "Actual Rows": 69289,
                                                    "Actual Loops": 1
                                                },
                                                {
                                                    "Worker Number": 1,
                                                    "Actual Startup Time": 24.466,
                                                    "Actual Total Time": 64.601,
                                                    "Actual Rows": 53871,
                                                    "Actual Loops": 1
                                                },
                                                {
                                                    "Worker Number": 2,
                                                    "Actual Startup Time": 24.627,
                                                    "Actual Total Time": 65.563,
                                                    "Actual Rows": 48064,
                                                    "Actual Loops": 1
                                                }
                                            ],
                                            "Plans": [
                                                {
                                                    "Node Type": "Bitmap Index Scan",
                                                    "Parent Relationship": "Outer",
                                                    "Parallel Aware": false,
                                                    "Index Name": "keyword_id_movie_keyword",
                                                    "Startup Cost": 0.0,
                                                    "Total Cost": 5263.17,
                                                    "Plan Rows": 251032,
                                                    "Plan Width": 0,
                                                    "Actual Startup Time": 21.347,
                                                    "Actual Total Time": 21.348,
                                                    "Actual Rows": 246431,
                                                    "Actual Loops": 1,
                                                    "Index Cond": "(mk.keyword_id > 60992)",
                                                    "Workers": [
                                                        {
                                                            "Worker Number": 0,
                                                            "Actual Startup Time": 21.347,
                                                            "Actual Total Time": 21.348,
                                                            "Actual Rows": 246431,
                                                            "Actual Loops": 1
                                                        }
                                                    ]
                                                }
                                            ]
                                        },
                                        {
                                            "Node Type": "Hash",
                                            "Parent Relationship": "Inner",
                                            "Parallel Aware": true,
                                            "Startup Cost": 43899.01,
                                            "Total Cost": 43899.01,
                                            "Plan Rows": 387530,
                                            "Plan Width": 4,
                                            "Actual Startup Time": 227.201,
                                            "Actual Total Time": 227.201,
                                            "Actual Rows": 387932,
                                            "Actual Loops": 4,
                                            "Output": [
                                                "t.id"
                                            ],
                                            "Hash Buckets": 2097152,
                                            "Original Hash Buckets": 2097152,
                                            "Hash Batches": 1,
                                            "Original Hash Batches": 1,
                                            "Peak Memory Usage": 77152,
                                            "Workers": [
                                                {
                                                    "Worker Number": 0,
                                                    "Actual Startup Time": 228.032,
                                                    "Actual Total Time": 228.033,
                                                    "Actual Rows": 374454,
                                                    "Actual Loops": 1
                                                },
                                                {
                                                    "Worker Number": 1,
                                                    "Actual Startup Time": 228.011,
                                                    "Actual Total Time": 228.012,
                                                    "Actual Rows": 369298,
                                                    "Actual Loops": 1
                                                },
                                                {
                                                    "Worker Number": 2,
                                                    "Actual Startup Time": 228.842,
                                                    "Actual Total Time": 228.843,
                                                    "Actual Rows": 329812,
                                                    "Actual Loops": 1
                                                }
                                            ],
                                            "Plans": [
                                                {
                                                    "Node Type": "Seq Scan",
                                                    "Parent Relationship": "Outer",
                                                    "Parallel Aware": true,
                                                    "Relation Name": "title",
                                                    "Schema": "public",
                                                    "Alias": "t",
                                                    "Startup Cost": 0.0,
                                                    "Total Cost": 43899.01,
                                                    "Plan Rows": 387530,
                                                    "Plan Width": 4,
                                                    "Actual Startup Time": 0.034,
                                                    "Actual Total Time": 99.268,
                                                    "Actual Rows": 387932,
                                                    "Actual Loops": 4,
                                                    "Output": [
                                                        "t.id"
                                                    ],
                                                    "Filter": "(t.production_year < 2007)",
                                                    "Rows Removed by Filter": 244146,
                                                    "Workers": [
                                                        {
                                                            "Worker Number": 0,
                                                            "Actual Startup Time": 0.044,
                                                            "Actual Total Time": 103.976,
                                                            "Actual Rows": 374454,
                                                            "Actual Loops": 1
                                                        },
                                                        {
                                                            "Worker Number": 1,
                                                            "Actual Startup Time": 0.036,
                                                            "Actual Total Time": 102.336,
                                                            "Actual Rows": 369298,
                                                            "Actual Loops": 1
                                                        },
                                                        {
                                                            "Worker Number": 2,
                                                            "Actual Startup Time": 0.043,
                                                            "Actual Total Time": 97.342,
                                                            "Actual Rows": 329812,
                                                            "Actual Loops": 1
                                                        }
                                                    ]
                                                }
                                            ]
                                        }
                                    ]
                                }
                            ]
                        }
                    ]
                }
            ]
        },
        "Planning Time": 196.746,
        "Triggers": [],
        "Execution Time": 344.42
    }
]