[
  {
    "Plan": {
      "Node Type": "Aggregate",
      "Strategy": "Plain",
      "Partial Mode": "Finalize",
      "Parallel Aware": false,
      "Startup Cost": 30924.47,
      "Total Cost": 30924.48,
      "Plan Rows": 1,
      "Plan Width": 8,
      "Actual Startup Time": 79.449,
      "Actual Total Time": 87.121,
      "Actual Rows": 1,
      "Actual Loops": 1,
      "Plans": [
        {
          "Node Type": "Gather",
          "Parent Relationship": "Outer",
          "Parallel Aware": false,
          "Startup Cost": 30924.15,
          "Total Cost": 30924.46,
          "Plan Rows": 3,
          "Plan Width": 8,
          "Actual Startup Time": 79.348,
          "Actual Total Time": 87.115,
          "Actual Rows": 4,
          "Actual Loops": 1,
          "Workers Planned": 3,
          "Workers Launched": 3,
          "Single Copy": false,
          "Plans": [
            {
              "Node Type": "Aggregate",
              "Strategy": "Plain",
              "Partial Mode": "Partial",
              "Parent Relationship": "Outer",
              "Parallel Aware": false,
              "Startup Cost": 29924.15,
              "Total Cost": 29924.16,
              "Plan Rows": 1,
              "Plan Width": 8,
              "Actual Startup Time": 75.977,
              "Actual Total Time": 75.978,
              "Actual Rows": 1,
              "Actual Loops": 4,
              "Plans": [
                {
                  "Node Type": "Seq Scan",
                  "Parent Relationship": "Outer",
                  "Parallel Aware": true,
                  "Relation Name": "movie_companies",
                  "Alias": "mc",
                  "Startup Cost": 0.0,
                  "Total Cost": 29310.68,
                  "Plan Rows": 245387,
                  "Plan Width": 0,
                  "Actual Startup Time": 16.537,
                  "Actual Total Time": 67.354,
                  "Actual Rows": 188631,
                  "Actual Loops": 4,
                  "Filter": "(company_id > 36277)",
                  "Rows Removed by Filter": 463652
                }
              ]
            }
          ]
        }
      ]
    },
    "Planning Time": 0.08,
    "Triggers": [],
    "Execution Time": 87.145
  }
]