[
  {
    "Plan": {
      "Node Type": "Nested Loop",
      "Parallel Aware": false,
      "Join Type": "Inner",
      "Startup Cost": 8286.11,
      "Total Cost": 37604.45,
      "Plan Rows": 33217,
      "Plan Width": 40,
      "Actual Startup Time": 74.686,
      "Actual Total Time": 417.115,
      "Actual Rows": 138144,
      "Actual Loops": 1,
      "Inner Unique": false,
      "Join Filter": "(mc.movie_id = ci.movie_id)",
      "Rows Removed by Join Filter": 0,
      "Plans": [
        {
          "Node Type": "Hash Join",
          "Parent Relationship": "Outer",
          "Parallel Aware": false,
          "Join Type": "Inner",
          "Startup Cost": 8285.54,
          "Total Cost": 32322.57,
          "Plan Rows": 2316,
          "Plan Width": 44,
          "Actual Startup Time": 74.648,
          "Actual Total Time": 131.982,
          "Actual Rows": 4712,
          "Actual Loops": 1,
          "Inner Unique": true,
          "Hash Cond": "(t.kind_id = kt.id)",
          "Plans": [
            {
              "Node Type": "Hash Join",
              "Parent Relationship": "Outer",
              "Parallel Aware": false,
              "Join Type": "Inner",
              "Startup Cost": 8284.38,
              "Total Cost": 32311.65,
              "Plan Rows": 2316,
              "Plan Width": 48,
              "Actual Startup Time": 74.581,
              "Actual Total Time": 130.558,
              "Actual Rows": 4712,
              "Actual Loops": 1,
              "Inner Unique": true,
              "Hash Cond": "(mc.company_type_id = ct.id)",
              "Plans": [
                {
                  "Node Type": "Nested Loop",
                  "Parent Relationship": "Outer",
                  "Parallel Aware": false,
                  "Join Type": "Inner",
                  "Startup Cost": 8283.29,
                  "Total Cost": 32298.04,
                  "Plan Rows": 2316,
                  "Plan Width": 48,
                  "Actual Startup Time": 74.544,
                  "Actual Total Time": 128.769,
                  "Actual Rows": 4712,
                  "Actual Loops": 1,
                  "Inner Unique": true,
                  "Plans": [
                    {
                      "Node Type": "Hash Join",
                      "Parent Relationship": "Outer",
                      "Parallel Aware": false,
                      "Join Type": "Inner",
                      "Startup Cost": 8282.86,
                      "Total Cost": 14073.63,
                      "Plan Rows": 2316,
                      "Plan Width": 40,
                      "Actual Startup Time": 74.501,
                      "Actual Total Time": 86.106,
                      "Actual Rows": 4712,
                      "Actual Loops": 1,
                      "Inner Unique": true,
                      "Hash Cond": "(mc.company_id = cn.id)",
                      "Plans": [
                        {
                          "Node Type": "Index Scan",
                          "Parent Relationship": "Outer",
                          "Parallel Aware": false,
                          "Scan Direction": "Forward",
                          "Index Name": "company_id_movie_companies",
                          "Relation Name": "movie_companies",
                          "Alias": "mc",
                          "Startup Cost": 0.43,
                          "Total Cost": 5785.12,
                          "Plan Rows": 2316,
                          "Plan Width": 40,
                          "Actual Startup Time": 0.018,
                          "Actual Total Time": 9.761,
                          "Actual Rows": 4712,
                          "Actual Loops": 1,
                          "Index Cond": "(company_id < 6)",
                          "Rows Removed by Index Recheck": 0
                        },
                        {
                          "Node Type": "Hash",
                          "Parent Relationship": "Inner",
                          "Parallel Aware": false,
                          "Startup Cost": 5344.97,
                          "Total Cost": 5344.97,
                          "Plan Rows": 234997,
                          "Plan Width": 4,
                          "Actual Startup Time": 73.105,
                          "Actual Total Time": 73.107,
                          "Actual Rows": 234997,
                          "Actual Loops": 1,
                          "Hash Buckets": 262144,
                          "Original Hash Buckets": 262144,
                          "Hash Batches": 1,
                          "Original Hash Batches": 1,
                          "Peak Memory Usage": 10310,
                          "Plans": [
                            {
                              "Node Type": "Seq Scan",
                              "Parent Relationship": "Outer",
                              "Parallel Aware": false,
                              "Relation Name": "company_name",
                              "Alias": "cn",
                              "Startup Cost": 0.0,
                              "Total Cost": 5344.97,
                              "Plan Rows": 234997,
                              "Plan Width": 4,
                              "Actual Startup Time": 0.031,
                              "Actual Total Time": 35.928,
                              "Actual Rows": 234997,
                              "Actual Loops": 1
                            }
                          ]
                        }
                      ]
                    },
                    {
                      "Node Type": "Index Scan",
                      "Parent Relationship": "Inner",
                      "Parallel Aware": false,
                      "Scan Direction": "Forward",
                      "Index Name": "title_pkey",
                      "Relation Name": "title",
                      "Alias": "t",
                      "Startup Cost": 0.43,
                      "Total Cost": 7.87,
                      "Plan Rows": 1,
                      "Plan Width": 8,
                      "Actual Startup Time": 0.008,
                      "Actual Total Time": 0.008,
                      "Actual Rows": 1,
                      "Actual Loops": 4712,
                      "Index Cond": "(id = mc.movie_id)",
                      "Rows Removed by Index Recheck": 0
                    }
                  ]
                },
                {
                  "Node Type": "Hash",
                  "Parent Relationship": "Inner",
                  "Parallel Aware": false,
                  "Startup Cost": 1.04,
                  "Total Cost": 1.04,
                  "Plan Rows": 4,
                  "Plan Width": 4,
                  "Actual Startup Time": 0.013,
                  "Actual Total Time": 0.013,
                  "Actual Rows": 4,
                  "Actual Loops": 1,
                  "Hash Buckets": 1024,
                  "Original Hash Buckets": 1024,
                  "Hash Batches": 1,
                  "Original Hash Batches": 1,
                  "Peak Memory Usage": 9,
                  "Plans": [
                    {
                      "Node Type": "Seq Scan",
                      "Parent Relationship": "Outer",
                      "Parallel Aware": false,
                      "Relation Name": "company_type",
                      "Alias": "ct",
                      "Startup Cost": 0.0,
                      "Total Cost": 1.04,
                      "Plan Rows": 4,
                      "Plan Width": 4,
                      "Actual Startup Time": 0.007,
                      "Actual Total Time": 0.008,
                      "Actual Rows": 4,
                      "Actual Loops": 1
                    }
                  ]
                }
              ]
            },
            {
              "Node Type": "Hash",
              "Parent Relationship": "Inner",
              "Parallel Aware": false,
              "Startup Cost": 1.07,
              "Total Cost": 1.07,
              "Plan Rows": 7,
              "Plan Width": 4,
              "Actual Startup Time": 0.025,
              "Actual Total Time": 0.026,
              "Actual Rows": 7,
              "Actual Loops": 1,
              "Hash Buckets": 1024,
              "Original Hash Buckets": 1024,
              "Hash Batches": 1,
              "Original Hash Batches": 1,
              "Peak Memory Usage": 9,
              "Plans": [
                {
                  "Node Type": "Seq Scan",
                  "Parent Relationship": "Outer",
                  "Parallel Aware": false,
                  "Relation Name": "kind_type",
                  "Alias": "kt",
                  "Startup Cost": 0.0,
                  "Total Cost": 1.07,
                  "Plan Rows": 7,
                  "Plan Width": 4,
                  "Actual Startup Time": 0.007,
                  "Actual Total Time": 0.008,
                  "Actual Rows": 7,
                  "Actual Loops": 1
                }
              ]
            }
          ]
        },
        {
          "Node Type": "Index Only Scan",
          "Parent Relationship": "Inner",
          "Parallel Aware": false,
          "Scan Direction": "Forward",
          "Index Name": "movie_id_cast_info",
          "Relation Name": "cast_info",
          "Alias": "ci",
          "Startup Cost": 0.56,
          "Total Cost": 1.82,
          "Plan Rows": 37,
          "Plan Width": 4,
          "Actual Startup Time": 0.01,
          "Actual Total Time": 0.057,
          "Actual Rows": 29,
          "Actual Loops": 4712,
          "Index Cond": "(movie_id = t.id)",
          "Rows Removed by Index Recheck": 0,
          "Heap Fetches": 138144
        }
      ]
    },
    "Planning Time": 3.719,
    "Triggers": [],
    "Execution Time": 423.03
  }
]