{
  "Plan": {
    "Node Type": "Aggregate",
    "Strategy": "Plain",
    "Partial Mode": "Finalize",
    "Parallel Aware": false,
    "Startup Cost": 984738.24,
    "Total Cost": 984738.25,
    "Plan Rows": 1,
    "Plan Width": 8,
    "Actual Startup Time": 4512.335,
    "Actual Total Time": 4512.418,
    "Actual Rows": 1,
    "Actual Loops": 1,
    "Plans": [
      {
        "Node Type": "Gather",
        "Parent Relationship": "Outer",
        "Parallel Aware": false,
        "Startup Cost": 984738.12,
        "Total Cost": 984738.23,
        "Plan Rows": 1,
        "Plan Width": 8,
        "Actual Startup Time": 4512.324,
        "Actual Total Time": 4512.412,
        "Actual Rows": 2,
        "Actual Loops": 1,
        "Workers Planned": 1,
        "Workers Launched": 1,
        "Single Copy": false,
        "Plans": [
          {
            "Node Type": "Aggregate",
            "Strategy": "Plain",
            "Partial Mode": "Partial",
            "Parent Relationship": "Outer",
            "Parallel Aware": false,
            "Startup Cost": 983738.12,
            "Total Cost": 983738.13,
            "Plan Rows": 1,
            "Plan Width": 8,
            "Actual Startup Time": 4455.063,
            "Actual Total Time": 4455.068,
            "Actual Rows": 1,
            "Actual Loops": 2,
            "Plans": [
              {
                "Node Type": "Merge Join",
                "Parent Relationship": "Outer",
                "Parallel Aware": false,
                "Join Type": "Inner",
                "Startup Cost": 931519.44,
                "Total Cost": 978725.28,
                "Plan Rows": 2005137,
                "Plan Width": 0,
                "Actual Startup Time": 3194.274,
                "Actual Total Time": 4231.148,
                "Actual Rows": 5958994,
                "Actual Loops": 2,
                "Inner Unique": false,
                "Merge Cond": "(mi.movie_id = t.id)",
                "Plans": [
                  {
                    "Node Type": "Sort",
                    "Parent Relationship": "Outer",
                    "Parallel Aware": false,
                    "Startup Cost": 642661.63,
                    "Total Cost": 651228.91,
                    "Plan Rows": 3426912,
                    "Plan Width": 4,
                    "Actual Startup Time": 1306.393,
                    "Actual Total Time": 1418.574,
                    "Actual Rows": 2942363,
                    "Actual Loops": 2,
                    "Sort Key": [
                      "mi.movie_id"
                    ],
                    "Sort Method": "quicksort",
                    "Sort Space Used": 243103,
                    "Sort Space Type": "Memory",
                    "Workers": [
                      {
                        "Worker Number": 0,
                        "Sort Method": "quicksort",
                        "Sort Space Used": 229363,
                        "Sort Space Type": "Memory"
                      }
                    ],
                    "Plans": [
                      {
                        "Node Type": "Seq Scan",
                        "Parent Relationship": "Outer",
                        "Parallel Aware": true,
                        "Relation Name": "movie_info",
                        "Alias": "mi",
                        "Startup Cost": 0.0,
                        "Total Cost": 270696.42,
                        "Plan Rows": 3426912,
                        "Plan Width": 4,
                        "Actual Startup Time": 0.033,
                        "Actual Total Time": 692.875,
                        "Actual Rows": 2942482,
                        "Actual Loops": 2,
                        "Filter": "(info_type_id < 7)",
                        "Rows Removed by Filter": 4475378
                      }
                    ]
                  },
                  {
                    "Node Type": "Sort",
                    "Parent Relationship": "Inner",
                    "Parallel Aware": false,
                    "Startup Cost": 288857.64,
                    "Total Cost": 292555.99,
                    "Plan Rows": 1479342,
                    "Plan Width": 8,
                    "Actual Startup Time": 1887.852,
                    "Actual Total Time": 2093.917,
                    "Actual Rows": 6157836,
                    "Actual Loops": 2,
                    "Sort Key": [
                      "t.id"
                    ],
                    "Sort Method": "quicksort",
                    "Sort Space Used": 131414,
                    "Sort Space Type": "Memory",
                    "Workers": [
                      {
                        "Worker Number": 0,
                        "Sort Method": "quicksort",
                        "Sort Space Used": 131414,
                        "Sort Space Type": "Memory"
                      }
                    ],
                    "Plans": [
                      {
                        "Node Type": "Hash Join",
                        "Parent Relationship": "Outer",
                        "Parallel Aware": false,
                        "Join Type": "Inner",
                        "Startup Cost": 85520.53,
                        "Total Cost": 137250.79,
                        "Plan Rows": 1479342,
                        "Plan Width": 8,
                        "Actual Startup Time": 606.174,
                        "Actual Total Time": 1507.168,
                        "Actual Rows": 1754914,
                        "Actual Loops": 2,
                        "Inner Unique": true,
                        "Hash Cond": "(mc.movie_id = t.id)",
                        "Plans": [
                          {
                            "Node Type": "Seq Scan",
                            "Parent Relationship": "Outer",
                            "Parallel Aware": false,
                            "Relation Name": "movie_companies",
                            "Alias": "mc",
                            "Startup Cost": 0.0,
                            "Total Cost": 44881.29,
                            "Plan Rows": 2609129,
                            "Plan Width": 4,
                            "Actual Startup Time": 0.04,
                            "Actual Total Time": 182.831,
                            "Actual Rows": 2609129,
                            "Actual Loops": 2
                          },
                          {
                            "Node Type": "Hash",
                            "Parent Relationship": "Inner",
                            "Parallel Aware": false,
                            "Startup Cost": 67601.66,
                            "Total Cost": 67601.66,
                            "Plan Rows": 1433509,
                            "Plan Width": 4,
                            "Actual Startup Time": 598.765,
                            "Actual Total Time": 598.767,
                            "Actual Rows": 1443298,
                            "Actual Loops": 2,
                            "Hash Buckets": 2097152,
                            "Original Hash Buckets": 2097152,
                            "Hash Batches": 1,
                            "Original Hash Batches": 1,
                            "Peak Memory Usage": 67125,
                            "Plans": [
                              {
                                "Node Type": "Seq Scan",
                                "Parent Relationship": "Outer",
                                "Parallel Aware": false,
                                "Relation Name": "title",
                                "Alias": "t",
                                "Startup Cost": 0.0,
                                "Total Cost": 67601.66,
                                "Plan Rows": 1433509,
                                "Plan Width": 4,
                                "Actual Startup Time": 0.033,
                                "Actual Total Time": 283.956,
                                "Actual Rows": 1443298,
                                "Actual Loops": 2,
                                "Filter": "(production_year < 2006)",
                                "Rows Removed by Filter": 1085014
                              }
                            ]
                          }
                        ]
                      }
                    ]
                  }
                ]
              }
            ]
          }
        ]
      }
    ]
  },
  "Planning Time": 1.104,
  "Triggers": [],
  "Execution Time": 4533.169
}