[
  {
    "Plan": {
      "Node Type": "Aggregate",
      "Strategy": "Plain",
      "Partial Mode": "Finalize",
      "Parallel Aware": false,
      "Startup Cost": 574093.41,
      "Total Cost": 574093.42,
      "Plan Rows": 1,
      "Plan Width": 8,
      "Actual Startup Time": 1640.778,
      "Actual Total Time": 1690.801,
      "Actual Rows": 1,
      "Actual Loops": 1,
      "Plans": [
        {
          "Node Type": "Gather",
          "Parent Relationship": "Outer",
          "Parallel Aware": false,
          "Startup Cost": 574092.89,
          "Total Cost": 574093.4,
          "Plan Rows": 5,
          "Plan Width": 8,
          "Actual Startup Time": 1592.846,
          "Actual Total Time": 1690.787,
          "Actual Rows": 6,
          "Actual Loops": 1,
          "Workers Planned": 5,
          "Workers Launched": 5,
          "Single Copy": false,
          "Plans": [
            {
              "Node Type": "Aggregate",
              "Strategy": "Plain",
              "Partial Mode": "Partial",
              "Parent Relationship": "Outer",
              "Parallel Aware": false,
              "Startup Cost": 573092.89,
              "Total Cost": 573092.9,
              "Plan Rows": 1,
              "Plan Width": 8,
              "Actual Startup Time": 1580.407,
              "Actual Total Time": 1580.414,
              "Actual Rows": 1,
              "Actual Loops": 6,
              "Plans": [
                {
                  "Node Type": "Hash Join",
                  "Parent Relationship": "Outer",
                  "Parallel Aware": true,
                  "Join Type": "Inner",
                  "Startup Cost": 366709.1,
                  "Total Cost": 571860.89,
                  "Plan Rows": 492798,
                  "Plan Width": 0,
                  "Actual Startup Time": 749.908,
                  "Actual Total Time": 1522.305,
                  "Actual Rows": 1383099,
                  "Actual Loops": 6,
                  "Inner Unique": false,
                  "Hash Cond": "(mi.movie_id = t.id)",
                  "Plans": [
                    {
                      "Node Type": "Seq Scan",
                      "Parent Relationship": "Outer",
                      "Parallel Aware": true,
                      "Relation Name": "movie_info",
                      "Alias": "mi",
                      "Startup Cost": 0.0,
                      "Total Cost": 198952.16,
                      "Plan Rows": 1434213,
                      "Plan Width": 4,
                      "Actual Startup Time": 0.026,
                      "Actual Total Time": 327.086,
                      "Actual Rows": 1214478,
                      "Actual Loops": 6,
                      "Filter": "(info_type_id < 8)",
                      "Rows Removed by Filter": 1258142
                    },
                    {
                      "Node Type": "Hash",
                      "Parent Relationship": "Inner",
                      "Parallel Aware": true,
                      "Startup Cost": 364899.25,
                      "Total Cost": 364899.25,
                      "Plan Rows": 144788,
                      "Plan Width": 8,
                      "Actual Startup Time": 746.237,
                      "Actual Total Time": 746.242,
                      "Actual Rows": 304617,
                      "Actual Loops": 6,
                      "Hash Buckets": 2097152,
                      "Original Hash Buckets": 1048576,
                      "Hash Batches": 1,
                      "Original Hash Batches": 1,
                      "Peak Memory Usage": 96192,
                      "Plans": [
                        {
                          "Node Type": "Hash Join",
                          "Parent Relationship": "Outer",
                          "Parallel Aware": true,
                          "Join Type": "Inner",
                          "Startup Cost": 105525.48,
                          "Total Cost": 364899.25,
                          "Plan Rows": 144788,
                          "Plan Width": 8,
                          "Actual Startup Time": 367.243,
                          "Actual Total Time": 612.977,
                          "Actual Rows": 304617,
                          "Actual Loops": 6,
                          "Inner Unique": true,
                          "Hash Cond": "(ci.movie_id = t.id)",
                          "Plans": [
                            {
                              "Node Type": "Bitmap Heap Scan",
                              "Parent Relationship": "Outer",
                              "Parallel Aware": true,
                              "Relation Name": "cast_info",
                              "Alias": "ci",
                              "Startup Cost": 55305.84,
                              "Total Cost": 314299.54,
                              "Plan Rows": 144788,
                              "Plan Width": 4,
                              "Actual Startup Time": 102.716,
                              "Actual Total Time": 187.401,
                              "Actual Rows": 304617,
                              "Actual Loops": 6,
                              "Recheck Cond": "(person_id < 246456)",
                              "Rows Removed by Index Recheck": 0,
                              "Filter": "(role_id = 1)",
                              "Rows Removed by Filter": 120446,
                              "Exact Heap Blocks": 5725,
                              "Lossy Heap Blocks": 0,
                              "Plans": [
                                {
                                  "Node Type": "Bitmap Index Scan",
                                  "Parent Relationship": "Outer",
                                  "Parallel Aware": false,
                                  "Index Name": "person_id_cast_info",
                                  "Startup Cost": 0.0,
                                  "Total Cost": 55088.66,
                                  "Plan Rows": 2522679,
                                  "Plan Width": 0,
                                  "Actual Startup Time": 98.778,
                                  "Actual Total Time": 98.778,
                                  "Actual Rows": 2550377,
                                  "Actual Loops": 1,
                                  "Index Cond": "(person_id < 246456)"
                                }
                              ]
                            },
                            {
                              "Node Type": "Hash",
                              "Parent Relationship": "Inner",
                              "Parallel Aware": true,
                              "Startup Cost": 42318.73,
                              "Total Cost": 42318.73,
                              "Plan Rows": 632073,
                              "Plan Width": 4,
                              "Actual Startup Time": 259.352,
                              "Actual Total Time": 259.353,
                              "Actual Rows": 421385,
                              "Actual Loops": 6,
                              "Hash Buckets": 4194304,
                              "Original Hash Buckets": 4194304,
                              "Hash Batches": 1,
                              "Original Hash Batches": 1,
                              "Peak Memory Usage": 131744,
                              "Plans": [
                                {
                                  "Node Type": "Seq Scan",
                                  "Parent Relationship": "Outer",
                                  "Parallel Aware": true,
                                  "Relation Name": "title",
                                  "Alias": "t",
                                  "Startup Cost": 0.0,
                                  "Total Cost": 42318.73,
                                  "Plan Rows": 632073,
                                  "Plan Width": 4,
                                  "Actual Startup Time": 0.043,
                                  "Actual Total Time": 75.658,
                                  "Actual Rows": 421385,
                                  "Actual Loops": 6
                                }
                              ]
                            }
                          ]
                        }
                      ]
                    }
                  ]
                }
              ]
            }
          ]
        }
      ]
    },
    "Planning Time": 1.373,
    "Triggers": [],
    "Execution Time": 1690.92
  }
]