{
  "Plan": {
    "Node Type": "Aggregate",
    "Strategy": "Plain",
    "Partial Mode": "Finalize",
    "Parallel Aware": false,
    "Startup Cost": 634747.89,
    "Total Cost": 634747.9,
    "Plan Rows": 1,
    "Plan Width": 8,
    "Actual Startup Time": 5790.615,
    "Actual Total Time": 5860.459,
    "Actual Rows": 1,
    "Actual Loops": 1,
    "Plans": [
      {
        "Node Type": "Gather",
        "Parent Relationship": "Outer",
        "Parallel Aware": false,
        "Startup Cost": 634747.78,
        "Total Cost": 634747.89,
        "Plan Rows": 1,
        "Plan Width": 8,
        "Actual Startup Time": 5786.915,
        "Actual Total Time": 5860.451,
        "Actual Rows": 2,
        "Actual Loops": 1,
        "Workers Planned": 1,
        "Workers Launched": 1,
        "Single Copy": false,
        "Plans": [
          {
            "Node Type": "Aggregate",
            "Strategy": "Plain",
            "Partial Mode": "Partial",
            "Parent Relationship": "Outer",
            "Parallel Aware": false,
            "Startup Cost": 633747.78,
            "Total Cost": 633747.79,
            "Plan Rows": 1,
            "Plan Width": 8,
            "Actual Startup Time": 5778.149,
            "Actual Total Time": 5778.154,
            "Actual Rows": 1,
            "Actual Loops": 2,
            "Plans": [
              {
                "Node Type": "Hash Join",
                "Parent Relationship": "Outer",
                "Parallel Aware": true,
                "Join Type": "Inner",
                "Startup Cost": 82640.35,
                "Total Cost": 629561.67,
                "Plan Rows": 1674442,
                "Plan Width": 0,
                "Actual Startup Time": 338.118,
                "Actual Total Time": 5618.483,
                "Actual Rows": 4047818,
                "Actual Loops": 2,
                "Inner Unique": false,
                "Hash Cond": "(t.id = mi_idx.movie_id)",
                "Plans": [
                  {
                    "Node Type": "Hash Join",
                    "Parent Relationship": "Outer",
                    "Parallel Aware": true,
                    "Join Type": "Inner",
                    "Startup Cost": 56440.18,
                    "Total Cost": 578173.54,
                    "Plan Rows": 3067662,
                    "Plan Width": 8,
                    "Actual Startup Time": 113.568,
                    "Actual Total Time": 4217.763,
                    "Actual Rows": 2455858,
                    "Actual Loops": 2,
                    "Inner Unique": true,
                    "Hash Cond": "(ci.movie_id = t.id)",
                    "Plans": [
                      {
                        "Node Type": "Seq Scan",
                        "Parent Relationship": "Outer",
                        "Parallel Aware": true,
                        "Relation Name": "cast_info",
                        "Alias": "ci",
                        "Startup Cost": 0.0,
                        "Total Cost": 465792.95,
                        "Plan Rows": 21310595,
                        "Plan Width": 4,
                        "Actual Startup Time": 0.014,
                        "Actual Total Time": 1338.715,
                        "Actual Rows": 18122172,
                        "Actual Loops": 2
                      },
                      {
                        "Node Type": "Hash",
                        "Parent Relationship": "Inner",
                        "Parallel Aware": true,
                        "Startup Cost": 53764.1,
                        "Total Cost": 53764.1,
                        "Plan Rows": 214087,
                        "Plan Width": 4,
                        "Actual Startup Time": 112.62,
                        "Actual Total Time": 112.622,
                        "Actual Rows": 137008,
                        "Actual Loops": 2,
                        "Hash Buckets": 524288,
                        "Original Hash Buckets": 524288,
                        "Hash Batches": 1,
                        "Original Hash Batches": 1,
                        "Peak Memory Usage": 14848,
                        "Plans": [
                          {
                            "Node Type": "Bitmap Heap Scan",
                            "Parent Relationship": "Outer",
                            "Parallel Aware": true,
                            "Relation Name": "title",
                            "Alias": "t",
                            "Startup Cost": 11913.84,
                            "Total Cost": 53764.1,
                            "Plan Rows": 214087,
                            "Plan Width": 4,
                            "Actual Startup Time": 26.929,
                            "Actual Total Time": 84.351,
                            "Actual Rows": 137008,
                            "Actual Loops": 2,
                            "Recheck Cond": "(kind_id < 2)",
                            "Rows Removed by Index Recheck": 0,
                            "Filter": "(production_year > 2000)",
                            "Rows Removed by Filter": 194405,
                            "Exact Heap Blocks": 6227,
                            "Lossy Heap Blocks": 0,
                            "Plans": [
                              {
                                "Node Type": "Bitmap Index Scan",
                                "Parent Relationship": "Outer",
                                "Parallel Aware": false,
                                "Index Name": "kind_id_title",
                                "Startup Cost": 0.0,
                                "Total Cost": 11822.85,
                                "Plan Rows": 663256,
                                "Plan Width": 0,
                                "Actual Startup Time": 25.03,
                                "Actual Total Time": 25.03,
                                "Actual Rows": 662825,
                                "Actual Loops": 1,
                                "Index Cond": "(kind_id < 2)"
                              }
                            ]
                          }
                        ]
                      }
                    ]
                  },
                  {
                    "Node Type": "Hash",
                    "Parent Relationship": "Inner",
                    "Parallel Aware": true,
                    "Startup Cost": 16052.85,
                    "Total Cost": 16052.85,
                    "Plan Rows": 811785,
                    "Plan Width": 4,
                    "Actual Startup Time": 209.642,
                    "Actual Total Time": 209.643,
                    "Actual Rows": 690018,
                    "Actual Loops": 2,
                    "Hash Buckets": 2097152,
                    "Original Hash Buckets": 2097152,
                    "Hash Batches": 1,
                    "Original Hash Batches": 1,
                    "Peak Memory Usage": 70400,
                    "Plans": [
                      {
                        "Node Type": "Seq Scan",
                        "Parent Relationship": "Outer",
                        "Parallel Aware": true,
                        "Relation Name": "movie_info_idx",
                        "Alias": "mi_idx",
                        "Startup Cost": 0.0,
                        "Total Cost": 16052.85,
                        "Plan Rows": 811785,
                        "Plan Width": 4,
                        "Actual Startup Time": 0.057,
                        "Actual Total Time": 71.377,
                        "Actual Rows": 690018,
                        "Actual Loops": 2
                      }
                    ]
                  }
                ]
              }
            ]
          }
        ]
      }
    ]
  },
  "Planning Time": 1.006,
  "Triggers": [],
  "Execution Time": 5860.577
}