[
  {
    "Plan": {
      "Node Type": "Aggregate",
      "Strategy": "Plain",
      "Partial Mode": "Simple",
      "Parallel Aware": false,
      "Startup Cost": 27906.14,
      "Total Cost": 27906.15,
      "Plan Rows": 1,
      "Plan Width": 8,
      "Actual Startup Time": 77.125,
      "Actual Total Time": 77.127,
      "Actual Rows": 1,
      "Actual Loops": 1,
      "Plans": [
        {
          "Node Type": "Bitmap Heap Scan",
          "Parent Relationship": "Outer",
          "Parallel Aware": false,
          "Relation Name": "movie_keyword",
          "Alias": "mk",
          "Startup Cost": 2022.88,
          "Total Cost": 27667.93,
          "Plan Rows": 95284,
          "Plan Width": 0,
          "Actual Startup Time": 23.689,
          "Actual Total Time": 70.953,
          "Actual Rows": 93689,
          "Actual Loops": 1,
          "Recheck Cond": "(keyword_id > 84014)",
          "Rows Removed by Index Recheck": 0,
          "Exact Heap Blocks": 16893,
          "Lossy Heap Blocks": 0,
          "Plans": [
            {
              "Node Type": "Bitmap Index Scan",
              "Parent Relationship": "Outer",
              "Parallel Aware": false,
              "Index Name": "keyword_id_movie_keyword",
              "Startup Cost": 0.0,
              "Total Cost": 1999.06,
              "Plan Rows": 95284,
              "Plan Width": 0,
              "Actual Startup Time": 17.777,
              "Actual Total Time": 17.777,
              "Actual Rows": 93689,
              "Actual Loops": 1,
              "Index Cond": "(keyword_id > 84014)"
            }
          ]
        }
      ]
    },
    "Planning Time": 0.155,
    "Triggers": [],
    "Execution Time": 77.186
  }
]