{
  "Plan": {
    "Node Type": "Aggregate",
    "Strategy": "Plain",
    "Partial Mode": "Finalize",
    "Parallel Aware": false,
    "Startup Cost": 43458.96,
    "Total Cost": 43458.97,
    "Plan Rows": 1,
    "Plan Width": 8,
    "Actual Startup Time": 40.102,
    "Actual Total Time": 45.09,
    "Actual Rows": 1,
    "Actual Loops": 1,
    "Plans": [
      {
        "Node Type": "Gather",
        "Parent Relationship": "Outer",
        "Parallel Aware": false,
        "Startup Cost": 43458.85,
        "Total Cost": 43458.96,
        "Plan Rows": 1,
        "Plan Width": 8,
        "Actual Startup Time": 39.871,
        "Actual Total Time": 45.084,
        "Actual Rows": 2,
        "Actual Loops": 1,
        "Workers Planned": 1,
        "Workers Launched": 1,
        "Single Copy": false,
        "Plans": [
          {
            "Node Type": "Aggregate",
            "Strategy": "Plain",
            "Partial Mode": "Partial",
            "Parent Relationship": "Outer",
            "Parallel Aware": false,
            "Startup Cost": 42458.85,
            "Total Cost": 42458.86,
            "Plan Rows": 1,
            "Plan Width": 8,
            "Actual Startup Time": 34.114,
            "Actual Total Time": 34.116,
            "Actual Rows": 1,
            "Actual Loops": 2,
            "Plans": [
              {
                "Node Type": "Nested Loop",
                "Parent Relationship": "Outer",
                "Parallel Aware": false,
                "Join Type": "Inner",
                "Startup Cost": 144.28,
                "Total Cost": 42449.09,
                "Plan Rows": 3903,
                "Plan Width": 0,
                "Actual Startup Time": 2.97,
                "Actual Total Time": 33.699,
                "Actual Rows": 3395,
                "Actual Loops": 2,
                "Inner Unique": true,
                "Plans": [
                  {
                    "Node Type": "Bitmap Heap Scan",
                    "Parent Relationship": "Outer",
                    "Parallel Aware": true,
                    "Relation Name": "movie_keyword",
                    "Alias": "mk",
                    "Startup Cost": 143.85,
                    "Total Cost": 14996.23,
                    "Plan Rows": 3903,
                    "Plan Width": 4,
                    "Actual Startup Time": 2.834,
                    "Actual Total Time": 11.388,
                    "Actual Rows": 3395,
                    "Actual Loops": 2,
                    "Recheck Cond": "(keyword_id = 495)",
                    "Rows Removed by Index Recheck": 0,
                    "Exact Heap Blocks": 4247,
                    "Lossy Heap Blocks": 0,
                    "Plans": [
                      {
                        "Node Type": "Bitmap Index Scan",
                        "Parent Relationship": "Outer",
                        "Parallel Aware": false,
                        "Index Name": "keyword_id_movie_keyword",
                        "Startup Cost": 0.0,
                        "Total Cost": 142.19,
                        "Plan Rows": 6635,
                        "Plan Width": 0,
                        "Actual Startup Time": 3.365,
                        "Actual Total Time": 3.365,
                        "Actual Rows": 6790,
                        "Actual Loops": 1,
                        "Index Cond": "(keyword_id = 495)"
                      }
                    ]
                  },
                  {
                    "Node Type": "Index Only Scan",
                    "Parent Relationship": "Inner",
                    "Parallel Aware": false,
                    "Scan Direction": "Forward",
                    "Index Name": "title_pkey",
                    "Relation Name": "title",
                    "Alias": "t",
                    "Startup Cost": 0.43,
                    "Total Cost": 7.03,
                    "Plan Rows": 1,
                    "Plan Width": 4,
                    "Actual Startup Time": 0.006,
                    "Actual Total Time": 0.006,
                    "Actual Rows": 1,
                    "Actual Loops": 6790,
                    "Index Cond": "(id = mk.movie_id)",
                    "Rows Removed by Index Recheck": 0,
                    "Heap Fetches": 6790
                  }
                ]
              }
            ]
          }
        ]
      }
    ]
  },
  "Planning Time": 0.479,
  "Triggers": [],
  "Execution Time": 45.158
}