[
  {
    "Plan": {
      "Node Type": "Aggregate",
      "Strategy": "Plain",
      "Partial Mode": "Finalize",
      "Parallel Aware": false,
      "Startup Cost": 110002.04,
      "Total Cost": 110002.05,
      "Plan Rows": 1,
      "Plan Width": 8,
      "Actual Startup Time": 239.145,
      "Actual Total Time": 253.081,
      "Actual Rows": 1,
      "Actual Loops": 1,
      "Plans": [
        {
          "Node Type": "Gather",
          "Parent Relationship": "Outer",
          "Parallel Aware": false,
          "Startup Cost": 110001.51,
          "Total Cost": 110002.02,
          "Plan Rows": 5,
          "Plan Width": 8,
          "Actual Startup Time": 238.954,
          "Actual Total Time": 253.068,
          "Actual Rows": 6,
          "Actual Loops": 1,
          "Workers Planned": 5,
          "Workers Launched": 5,
          "Single Copy": false,
          "Plans": [
            {
              "Node Type": "Aggregate",
              "Strategy": "Plain",
              "Partial Mode": "Partial",
              "Parent Relationship": "Outer",
              "Parallel Aware": false,
              "Startup Cost": 109001.51,
              "Total Cost": 109001.52,
              "Plan Rows": 1,
              "Plan Width": 8,
              "Actual Startup Time": 228.467,
              "Actual Total Time": 228.468,
              "Actual Rows": 1,
              "Actual Loops": 6,
              "Plans": [
                {
                  "Node Type": "Index Scan",
                  "Parent Relationship": "Outer",
                  "Parallel Aware": true,
                  "Scan Direction": "Forward",
                  "Index Name": "role_id_cast_info",
                  "Relation Name": "cast_info",
                  "Alias": "ci",
                  "Startup Cost": 0.56,
                  "Total Cost": 107159.34,
                  "Plan Rows": 736872,
                  "Plan Width": 0,
                  "Actual Startup Time": 0.142,
                  "Actual Total Time": 184.954,
                  "Actual Rows": 668006,
                  "Actual Loops": 6,
                  "Index Cond": "(role_id = 3)",
                  "Rows Removed by Index Recheck": 0,
                  "Filter": "(person_id < 3635151)",
                  "Rows Removed by Filter": 0
                }
              ]
            }
          ]
        }
      ]
    },
    "Planning Time": 0.251,
    "Triggers": [],
    "Execution Time": 253.162
  }
]