{
  "Plan": {
    "Node Type": "Aggregate",
    "Strategy": "Plain",
    "Partial Mode": "Finalize",
    "Parallel Aware": false,
    "Startup Cost": 126935.74,
    "Total Cost": 126935.75,
    "Plan Rows": 1,
    "Plan Width": 8,
    "Actual Startup Time": 587.571,
    "Actual Total Time": 658.182,
    "Actual Rows": 1,
    "Actual Loops": 1,
    "Plans": [
      {
        "Node Type": "Gather",
        "Parent Relationship": "Outer",
        "Parallel Aware": false,
        "Startup Cost": 126935.62,
        "Total Cost": 126935.73,
        "Plan Rows": 1,
        "Plan Width": 8,
        "Actual Startup Time": 587.047,
        "Actual Total Time": 658.174,
        "Actual Rows": 2,
        "Actual Loops": 1,
        "Workers Planned": 1,
        "Workers Launched": 1,
        "Single Copy": false,
        "Plans": [
          {
            "Node Type": "Aggregate",
            "Strategy": "Plain",
            "Partial Mode": "Partial",
            "Parent Relationship": "Outer",
            "Parallel Aware": false,
            "Startup Cost": 125935.62,
            "Total Cost": 125935.63,
            "Plan Rows": 1,
            "Plan Width": 8,
            "Actual Startup Time": 581.015,
            "Actual Total Time": 581.02,
            "Actual Rows": 1,
            "Actual Loops": 2,
            "Plans": [
              {
                "Node Type": "Nested Loop",
                "Parent Relationship": "Outer",
                "Parallel Aware": false,
                "Join Type": "Inner",
                "Startup Cost": 48651.82,
                "Total Cost": 125590.78,
                "Plan Rows": 137938,
                "Plan Width": 0,
                "Actual Startup Time": 104.594,
                "Actual Total Time": 567.383,
                "Actual Rows": 278018,
                "Actual Loops": 2,
                "Inner Unique": false,
                "Join Filter": "(t.id = ci.movie_id)",
                "Rows Removed by Join Filter": 0,
                "Plans": [
                  {
                    "Node Type": "Hash Join",
                    "Parent Relationship": "Outer",
                    "Parallel Aware": true,
                    "Join Type": "Inner",
                    "Startup Cost": 48651.26,
                    "Total Cost": 77164.69,
                    "Plan Rows": 9626,
                    "Plan Width": 8,
                    "Actual Startup Time": 104.515,
                    "Actual Total Time": 201.47,
                    "Actual Rows": 19179,
                    "Actual Loops": 2,
                    "Inner Unique": true,
                    "Hash Cond": "(mk.movie_id = t.id)",
                    "Plans": [
                      {
                        "Node Type": "Bitmap Heap Scan",
                        "Parent Relationship": "Outer",
                        "Parallel Aware": true,
                        "Relation Name": "movie_keyword",
                        "Alias": "mk",
                        "Startup Cost": 9680.5,
                        "Total Cost": 37489.41,
                        "Plan Rows": 268392,
                        "Plan Width": 4,
                        "Actual Startup Time": 25.745,
                        "Actual Total Time": 86.455,
                        "Actual Rows": 236272,
                        "Actual Loops": 2,
                        "Recheck Cond": "(keyword_id < 359)",
                        "Rows Removed by Index Recheck": 0,
                        "Exact Heap Blocks": 14151,
                        "Lossy Heap Blocks": 0,
                        "Plans": [
                          {
                            "Node Type": "Bitmap Index Scan",
                            "Parent Relationship": "Outer",
                            "Parallel Aware": false,
                            "Index Name": "keyword_id_movie_keyword",
                            "Startup Cost": 0.0,
                            "Total Cost": 9566.44,
                            "Plan Rows": 456267,
                            "Plan Width": 0,
                            "Actual Startup Time": 22.152,
                            "Actual Total Time": 22.152,
                            "Actual Rows": 472545,
                            "Actual Loops": 1,
                            "Index Cond": "(keyword_id < 359)"
                          }
                        ]
                      },
                      {
                        "Node Type": "Hash",
                        "Parent Relationship": "Inner",
                        "Parallel Aware": true,
                        "Startup Cost": 38303.98,
                        "Total Cost": 38303.98,
                        "Plan Rows": 53342,
                        "Plan Width": 4,
                        "Actual Startup Time": 76.522,
                        "Actual Total Time": 76.523,
                        "Actual Rows": 45426,
                        "Actual Loops": 2,
                        "Hash Buckets": 131072,
                        "Original Hash Buckets": 131072,
                        "Hash Batches": 1,
                        "Original Hash Batches": 1,
                        "Peak Memory Usage": 4608,
                        "Plans": [
                          {
                            "Node Type": "Bitmap Heap Scan",
                            "Parent Relationship": "Outer",
                            "Parallel Aware": true,
                            "Relation Name": "title",
                            "Alias": "t",
                            "Startup Cost": 1639.21,
                            "Total Cost": 38303.98,
                            "Plan Rows": 53342,
                            "Plan Width": 4,
                            "Actual Startup Time": 21.573,
                            "Actual Total Time": 66.356,
                            "Actual Rows": 45426,
                            "Actual Loops": 2,
                            "Recheck Cond": "(kind_id = 2)",
                            "Rows Removed by Index Recheck": 0,
                            "Exact Heap Blocks": 19606,
                            "Lossy Heap Blocks": 0,
                            "Plans": [
                              {
                                "Node Type": "Bitmap Index Scan",
                                "Parent Relationship": "Outer",
                                "Parallel Aware": false,
                                "Index Name": "kind_id_title",
                                "Startup Cost": 0.0,
                                "Total Cost": 1616.54,
                                "Plan Rows": 90681,
                                "Plan Width": 0,
                                "Actual Startup Time": 17.444,
                                "Actual Total Time": 17.444,
                                "Actual Rows": 90852,
                                "Actual Loops": 1,
                                "Index Cond": "(kind_id = 2)"
                              }
                            ]
                          }
                        ]
                      }
                    ]
                  },
                  {
                    "Node Type": "Index Only Scan",
                    "Parent Relationship": "Inner",
                    "Parallel Aware": false,
                    "Scan Direction": "Forward",
                    "Index Name": "movie_id_cast_info",
                    "Relation Name": "cast_info",
                    "Alias": "ci",
                    "Startup Cost": 0.56,
                    "Total Cost": 4.57,
                    "Plan Rows": 37,
                    "Plan Width": 4,
                    "Actual Startup Time": 0.004,
                    "Actual Total Time": 0.018,
                    "Actual Rows": 14,
                    "Actual Loops": 38358,
                    "Index Cond": "(movie_id = mk.movie_id)",
                    "Rows Removed by Index Recheck": 0,
                    "Heap Fetches": 556037
                  }
                ]
              }
            ]
          }
        ]
      }
    ]
  },
  "Planning Time": 0.932,
  "Triggers": [],
  "Execution Time": 658.315
}