[
    {
        "Bao": {
            "Bao prediction": 456.511,
            "Bao recommended hint": "(no hint)"
        }
    },
    {
        "Plan": {
            "Node Type": "Aggregate",
            "Strategy": "Plain",
            "Partial Mode": "Finalize",
            "Parallel Aware": false,
            "Startup Cost": 346047.42,
            "Total Cost": 346047.43,
            "Plan Rows": 1,
            "Plan Width": 8,
            "Actual Startup Time": 758.17,
            "Actual Total Time": 793.442,
            "Actual Rows": 1,
            "Actual Loops": 1,
            "Output": [
                "count(*)"
            ],
            "Plans": [
                {
                    "Node Type": "Gather",
                    "Parent Relationship": "Outer",
                    "Parallel Aware": false,
                    "Startup Cost": 346046.8,
                    "Total Cost": 346047.41,
                    "Plan Rows": 6,
                    "Plan Width": 8,
                    "Actual Startup Time": 758.066,
                    "Actual Total Time": 793.433,
                    "Actual Rows": 7,
                    "Actual Loops": 1,
                    "Output": [
                        "(PARTIAL count(*))"
                    ],
                    "Workers Planned": 6,
                    "Workers Launched": 6,
                    "Single Copy": false,
                    "Plans": [
                        {
                            "Node Type": "Aggregate",
                            "Strategy": "Plain",
                            "Partial Mode": "Partial",
                            "Parent Relationship": "Outer",
                            "Parallel Aware": false,
                            "Startup Cost": 345046.8,
                            "Total Cost": 345046.81,
                            "Plan Rows": 1,
                            "Plan Width": 8,
                            "Actual Startup Time": 748.719,
                            "Actual Total Time": 748.72,
                            "Actual Rows": 1,
                            "Actual Loops": 7,
                            "Output": [
                                "PARTIAL count(*)"
                            ],
                            "Workers": [
                                {
                                    "Worker Number": 0,
                                    "Actual Startup Time": 746.706,
                                    "Actual Total Time": 746.707,
                                    "Actual Rows": 1,
                                    "Actual Loops": 1
                                },
                                {
                                    "Worker Number": 1,
                                    "Actual Startup Time": 747.2,
                                    "Actual Total Time": 747.201,
                                    "Actual Rows": 1,
                                    "Actual Loops": 1
                                },
                                {
                                    "Worker Number": 2,
                                    "Actual Startup Time": 747.318,
                                    "Actual Total Time": 747.319,
                                    "Actual Rows": 1,
                                    "Actual Loops": 1
                                },
                                {
                                    "Worker Number": 3,
                                    "Actual Startup Time": 747.295,
                                    "Actual Total Time": 747.296,
                                    "Actual Rows": 1,
                                    "Actual Loops": 1
                                },
                                {
                                    "Worker Number": 4,
                                    "Actual Startup Time": 747.353,
                                    "Actual Total Time": 747.354,
                                    "Actual Rows": 1,
                                    "Actual Loops": 1
                                },
                                {
                                    "Worker Number": 5,
                                    "Actual Startup Time": 747.882,
                                    "Actual Total Time": 747.883,
                                    "Actual Rows": 1,
                                    "Actual Loops": 1
                                }
                            ],
                            "Plans": [
                                {
                                    "Node Type": "Seq Scan",
                                    "Parent Relationship": "Outer",
                                    "Parallel Aware": true,
                                    "Relation Name": "cast_info",
                                    "Schema": "public",
                                    "Alias": "ci",
                                    "Startup Cost": 0.0,
                                    "Total Cost": 343318.94,
                                    "Plan Rows": 691144,
                                    "Plan Width": 0,
                                    "Actual Startup Time": 403.434,
                                    "Actual Total Time": 725.548,
                                    "Actual Rows": 378899,
                                    "Actual Loops": 7,
                                    "Output": [
                                        "id",
                                        "person_id",
                                        "movie_id",
                                        "person_role_id",
                                        "note",
                                        "nr_order",
                                        "role_id"
                                    ],
                                    "Filter": "((ci.person_id < 929237) AND (ci.role_id > 2))",
                                    "Rows Removed by Filter": 4798865,
                                    "Workers": [
                                        {
                                            "Worker Number": 0,
                                            "Actual Startup Time": 401.426,
                                            "Actual Total Time": 724.262,
                                            "Actual Rows": 328305,
                                            "Actual Loops": 1
                                        },
                                        {
                                            "Worker Number": 1,
                                            "Actual Startup Time": 401.931,
                                            "Actual Total Time": 724.241,
                                            "Actual Rows": 335193,
                                            "Actual Loops": 1
                                        },
                                        {
                                            "Worker Number": 2,
                                            "Actual Startup Time": 402.023,
                                            "Actual Total Time": 724.389,
                                            "Actual Rows": 335909,
                                            "Actual Loops": 1
                                        },
                                        {
                                            "Worker Number": 3,
                                            "Actual Startup Time": 402.023,
                                            "Actual Total Time": 724.609,
                                            "Actual Rows": 331876,
                                            "Actual Loops": 1
                                        },
                                        {
                                            "Worker Number": 4,
                                            "Actual Startup Time": 402.058,
                                            "Actual Total Time": 724.672,
                                            "Actual Rows": 332355,
                                            "Actual Loops": 1
                                        },
                                        {
                                            "Worker Number": 5,
                                            "Actual Startup Time": 402.594,
                                            "Actual Total Time": 725.511,
                                            "Actual Rows": 327447,
                                            "Actual Loops": 1
                                        }
                                    ]
                                }
                            ]
                        }
                    ]
                }
            ]
        },
        "Planning Time": 663.045,
        "Triggers": [],
        "Execution Time": 793.535
    }
]