[
  {
    "Plan": {
      "Node Type": "Aggregate",
      "Strategy": "Plain",
      "Partial Mode": "Finalize",
      "Parallel Aware": false,
      "Startup Cost": 54507.92,
      "Total Cost": 54507.93,
      "Plan Rows": 1,
      "Plan Width": 8,
      "Actual Startup Time": 102.278,
      "Actual Total Time": 114.98,
      "Actual Rows": 1,
      "Actual Loops": 1,
      "Plans": [
        {
          "Node Type": "Gather",
          "Parent Relationship": "Outer",
          "Parallel Aware": false,
          "Startup Cost": 54507.5,
          "Total Cost": 54507.91,
          "Plan Rows": 4,
          "Plan Width": 8,
          "Actual Startup Time": 102.035,
          "Actual Total Time": 114.972,
          "Actual Rows": 5,
          "Actual Loops": 1,
          "Workers Planned": 4,
          "Workers Launched": 4,
          "Single Copy": false,
          "Plans": [
            {
              "Node Type": "Aggregate",
              "Strategy": "Plain",
              "Partial Mode": "Partial",
              "Parent Relationship": "Outer",
              "Parallel Aware": false,
              "Startup Cost": 53507.5,
              "Total Cost": 53507.51,
              "Plan Rows": 1,
              "Plan Width": 8,
              "Actual Startup Time": 92.163,
              "Actual Total Time": 92.164,
              "Actual Rows": 1,
              "Actual Loops": 5,
              "Plans": [
                {
                  "Node Type": "Nested Loop",
                  "Parent Relationship": "Outer",
                  "Parallel Aware": false,
                  "Join Type": "Inner",
                  "Startup Cost": 0.43,
                  "Total Cost": 53506.93,
                  "Plan Rows": 229,
                  "Plan Width": 0,
                  "Actual Startup Time": 2.392,
                  "Actual Total Time": 92.079,
                  "Actual Rows": 539,
                  "Actual Loops": 5,
                  "Inner Unique": false,
                  "Plans": [
                    {
                      "Node Type": "Seq Scan",
                      "Parent Relationship": "Outer",
                      "Parallel Aware": true,
                      "Relation Name": "title",
                      "Alias": "t",
                      "Startup Cost": 0.0,
                      "Total Cost": 45479.1,
                      "Plan Rows": 1256,
                      "Plan Width": 4,
                      "Actual Startup Time": 0.976,
                      "Actual Total Time": 81.609,
                      "Actual Rows": 1299,
                      "Actual Loops": 5,
                      "Filter": "((kind_id < 4) AND (production_year = 1982))",
                      "Rows Removed by Filter": 504363
                    },
                    {
                      "Node Type": "Index Scan",
                      "Parent Relationship": "Inner",
                      "Parallel Aware": false,
                      "Scan Direction": "Forward",
                      "Index Name": "movie_id_movie_info_idx",
                      "Relation Name": "movie_info_idx",
                      "Alias": "mi_idx",
                      "Startup Cost": 0.43,
                      "Total Cost": 6.38,
                      "Plan Rows": 1,
                      "Plan Width": 4,
                      "Actual Startup Time": 0.008,
                      "Actual Total Time": 0.008,
                      "Actual Rows": 0,
                      "Actual Loops": 6497,
                      "Index Cond": "(movie_id = t.id)",
                      "Rows Removed by Index Recheck": 0,
                      "Filter": "(info_type_id = 101)",
                      "Rows Removed by Filter": 1
                    }
                  ]
                }
              ]
            }
          ]
        }
      ]
    },
    "Planning Time": 0.568,
    "Triggers": [],
    "Execution Time": 115.044
  }
]