{
  "Plan": {
    "Node Type": "Aggregate",
    "Strategy": "Plain",
    "Partial Mode": "Finalize",
    "Parallel Aware": false,
    "Startup Cost": 717046.35,
    "Total Cost": 717046.36,
    "Plan Rows": 1,
    "Plan Width": 8,
    "Actual Startup Time": 7028.467,
    "Actual Total Time": 7100.488,
    "Actual Rows": 1,
    "Actual Loops": 1,
    "Plans": [
      {
        "Node Type": "Gather",
        "Parent Relationship": "Outer",
        "Parallel Aware": false,
        "Startup Cost": 717046.24,
        "Total Cost": 717046.35,
        "Plan Rows": 1,
        "Plan Width": 8,
        "Actual Startup Time": 7023.449,
        "Actual Total Time": 7100.475,
        "Actual Rows": 2,
        "Actual Loops": 1,
        "Workers Planned": 1,
        "Workers Launched": 1,
        "Single Copy": false,
        "Plans": [
          {
            "Node Type": "Aggregate",
            "Strategy": "Plain",
            "Partial Mode": "Partial",
            "Parent Relationship": "Outer",
            "Parallel Aware": false,
            "Startup Cost": 716046.24,
            "Total Cost": 716046.25,
            "Plan Rows": 1,
            "Plan Width": 8,
            "Actual Startup Time": 7017.92,
            "Actual Total Time": 7019.11,
            "Actual Rows": 1,
            "Actual Loops": 2,
            "Plans": [
              {
                "Node Type": "Hash Join",
                "Parent Relationship": "Outer",
                "Parallel Aware": true,
                "Join Type": "Inner",
                "Startup Cost": 112434.69,
                "Total Cost": 698776.67,
                "Plan Rows": 6907828,
                "Plan Width": 0,
                "Actual Startup Time": 847.397,
                "Actual Total Time": 6371.986,
                "Actual Rows": 15182652,
                "Actual Loops": 2,
                "Inner Unique": false,
                "Hash Cond": "(ci.movie_id = t.id)",
                "Plans": [
                  {
                    "Node Type": "Seq Scan",
                    "Parent Relationship": "Outer",
                    "Parallel Aware": true,
                    "Relation Name": "cast_info",
                    "Alias": "ci",
                    "Startup Cost": 0.0,
                    "Total Cost": 465792.95,
                    "Plan Rows": 21310595,
                    "Plan Width": 4,
                    "Actual Startup Time": 0.024,
                    "Actual Total Time": 1417.838,
                    "Actual Rows": 18122172,
                    "Actual Loops": 2
                  },
                  {
                    "Node Type": "Hash",
                    "Parent Relationship": "Inner",
                    "Parallel Aware": true,
                    "Startup Cost": 106408.62,
                    "Total Cost": 106408.62,
                    "Plan Rows": 482086,
                    "Plan Width": 8,
                    "Actual Startup Time": 838.178,
                    "Actual Total Time": 839.366,
                    "Actual Rows": 323264,
                    "Actual Loops": 2,
                    "Hash Buckets": 1048576,
                    "Original Hash Buckets": 1048576,
                    "Hash Batches": 1,
                    "Original Hash Batches": 1,
                    "Peak Memory Usage": 33504,
                    "Plans": [
                      {
                        "Node Type": "Hash Join",
                        "Parent Relationship": "Outer",
                        "Parallel Aware": true,
                        "Join Type": "Inner",
                        "Startup Cost": 66450.6,
                        "Total Cost": 106408.62,
                        "Plan Rows": 482086,
                        "Plan Width": 8,
                        "Actual Startup Time": 444.463,
                        "Actual Total Time": 759.157,
                        "Actual Rows": 323264,
                        "Actual Loops": 2,
                        "Inner Unique": true,
                        "Hash Cond": "(mc.movie_id = t.id)",
                        "Plans": [
                          {
                            "Node Type": "Seq Scan",
                            "Parent Relationship": "Outer",
                            "Parallel Aware": true,
                            "Relation Name": "movie_companies",
                            "Alias": "mc",
                            "Startup Cost": 0.0,
                            "Total Cost": 37974.77,
                            "Plan Rows": 755522,
                            "Plan Width": 4,
                            "Actual Startup Time": 0.016,
                            "Actual Total Time": 139.946,
                            "Actual Rows": 637123,
                            "Actual Loops": 2,
                            "Filter": "(company_type_id = 1)",
                            "Rows Removed by Filter": 667442
                          },
                          {
                            "Node Type": "Hash",
                            "Parent Relationship": "Inner",
                            "Parallel Aware": true,
                            "Startup Cost": 54588.39,
                            "Total Cost": 54588.39,
                            "Plan Rows": 948977,
                            "Plan Width": 4,
                            "Actual Startup Time": 435.017,
                            "Actual Total Time": 435.018,
                            "Actual Rows": 803538,
                            "Actual Loops": 2,
                            "Hash Buckets": 2097152,
                            "Original Hash Buckets": 2097152,
                            "Hash Batches": 1,
                            "Original Hash Batches": 1,
                            "Peak Memory Usage": 79296,
                            "Plans": [
                              {
                                "Node Type": "Seq Scan",
                                "Parent Relationship": "Outer",
                                "Parallel Aware": true,
                                "Relation Name": "title",
                                "Alias": "t",
                                "Startup Cost": 0.0,
                                "Total Cost": 54588.39,
                                "Plan Rows": 948977,
                                "Plan Width": 4,
                                "Actual Startup Time": 0.038,
                                "Actual Total Time": 200.827,
                                "Actual Rows": 803538,
                                "Actual Loops": 2,
                                "Filter": "(production_year > 1995)",
                                "Rows Removed by Filter": 460618
                              }
                            ]
                          }
                        ]
                      }
                    ]
                  }
                ]
              }
            ]
          }
        ]
      }
    ]
  },
  "Planning Time": 1.089,
  "Triggers": [],
  "Execution Time": 7100.593
}