{
  "Plan": {
    "Node Type": "Aggregate",
    "Strategy": "Plain",
    "Partial Mode": "Finalize",
    "Parallel Aware": false,
    "Startup Cost": 374505.65,
    "Total Cost": 374505.66,
    "Plan Rows": 1,
    "Plan Width": 8,
    "Actual Startup Time": 508.726,
    "Actual Total Time": 548.869,
    "Actual Rows": 1,
    "Actual Loops": 1,
    "Plans": [
      {
        "Node Type": "Gather",
        "Parent Relationship": "Outer",
        "Parallel Aware": false,
        "Startup Cost": 374505.54,
        "Total Cost": 374505.65,
        "Plan Rows": 1,
        "Plan Width": 8,
        "Actual Startup Time": 508.415,
        "Actual Total Time": 548.86,
        "Actual Rows": 2,
        "Actual Loops": 1,
        "Workers Planned": 1,
        "Workers Launched": 1,
        "Single Copy": false,
        "Plans": [
          {
            "Node Type": "Aggregate",
            "Strategy": "Plain",
            "Partial Mode": "Partial",
            "Parent Relationship": "Outer",
            "Parallel Aware": false,
            "Startup Cost": 373505.54,
            "Total Cost": 373505.55,
            "Plan Rows": 1,
            "Plan Width": 8,
            "Actual Startup Time": 502.236,
            "Actual Total Time": 502.24,
            "Actual Rows": 1,
            "Actual Loops": 2,
            "Plans": [
              {
                "Node Type": "Nested Loop",
                "Parent Relationship": "Outer",
                "Parallel Aware": false,
                "Join Type": "Inner",
                "Startup Cost": 85067.22,
                "Total Cost": 373379.62,
                "Plan Rows": 50369,
                "Plan Width": 0,
                "Actual Startup Time": 192.955,
                "Actual Total Time": 495.981,
                "Actual Rows": 132658,
                "Actual Loops": 2,
                "Inner Unique": false,
                "Join Filter": "(t.id = mi.movie_id)",
                "Rows Removed by Join Filter": 0,
                "Plans": [
                  {
                    "Node Type": "Hash Join",
                    "Parent Relationship": "Outer",
                    "Parallel Aware": true,
                    "Join Type": "Inner",
                    "Startup Cost": 85066.79,
                    "Total Cost": 351420.18,
                    "Plan Rows": 8614,
                    "Plan Width": 8,
                    "Actual Startup Time": 192.796,
                    "Actual Total Time": 345.633,
                    "Actual Rows": 9874,
                    "Actual Loops": 2,
                    "Inner Unique": true,
                    "Hash Cond": "(ci.movie_id = t.id)",
                    "Plans": [
                      {
                        "Node Type": "Bitmap Heap Scan",
                        "Parent Relationship": "Outer",
                        "Parallel Aware": true,
                        "Relation Name": "cast_info",
                        "Alias": "ci",
                        "Startup Cost": 30209.46,
                        "Total Cost": 294999.78,
                        "Plan Rows": 595456,
                        "Plan Width": 4,
                        "Actual Startup Time": 51.771,
                        "Actual Total Time": 143.009,
                        "Actual Rows": 613678,
                        "Actual Loops": 2,
                        "Recheck Cond": "(person_id < 141598)",
                        "Rows Removed by Index Recheck": 0,
                        "Filter": "(role_id < 5)",
                        "Rows Removed by Filter": 91590,
                        "Exact Heap Blocks": 9051,
                        "Lossy Heap Blocks": 0,
                        "Plans": [
                          {
                            "Node Type": "Bitmap Index Scan",
                            "Parent Relationship": "Outer",
                            "Parallel Aware": false,
                            "Index Name": "person_id_cast_info",
                            "Startup Cost": 0.0,
                            "Total Cost": 29956.39,
                            "Plan Rows": 1371710,
                            "Plan Width": 0,
                            "Actual Startup Time": 49.408,
                            "Actual Total Time": 49.409,
                            "Actual Rows": 1410535,
                            "Actual Loops": 1,
                            "Index Cond": "(person_id < 141598)"
                          }
                        ]
                      },
                      {
                        "Node Type": "Hash",
                        "Parent Relationship": "Inner",
                        "Parallel Aware": true,
                        "Startup Cost": 54588.39,
                        "Total Cost": 54588.39,
                        "Plan Rows": 21515,
                        "Plan Width": 4,
                        "Actual Startup Time": 139.562,
                        "Actual Total Time": 139.563,
                        "Actual Rows": 18254,
                        "Actual Loops": 2,
                        "Hash Buckets": 65536,
                        "Original Hash Buckets": 65536,
                        "Hash Batches": 1,
                        "Original Hash Batches": 1,
                        "Peak Memory Usage": 1984,
                        "Plans": [
                          {
                            "Node Type": "Seq Scan",
                            "Parent Relationship": "Outer",
                            "Parallel Aware": true,
                            "Relation Name": "title",
                            "Alias": "t",
                            "Startup Cost": 0.0,
                            "Total Cost": 54588.39,
                            "Plan Rows": 21515,
                            "Plan Width": 4,
                            "Actual Startup Time": 0.084,
                            "Actual Total Time": 133.326,
                            "Actual Rows": 18254,
                            "Actual Loops": 2,
                            "Filter": "(production_year = 1996)",
                            "Rows Removed by Filter": 1245902
                          }
                        ]
                      }
                    ]
                  },
                  {
                    "Node Type": "Index Only Scan",
                    "Parent Relationship": "Inner",
                    "Parallel Aware": false,
                    "Scan Direction": "Forward",
                    "Index Name": "movie_id_movie_info",
                    "Relation Name": "movie_info",
                    "Alias": "mi",
                    "Startup Cost": 0.43,
                    "Total Cost": 2.02,
                    "Plan Rows": 42,
                    "Plan Width": 4,
                    "Actual Startup Time": 0.005,
                    "Actual Total Time": 0.014,
                    "Actual Rows": 13,
                    "Actual Loops": 19747,
                    "Index Cond": "(movie_id = ci.movie_id)",
                    "Rows Removed by Index Recheck": 0,
                    "Heap Fetches": 265317
                  }
                ]
              }
            ]
          }
        ]
      }
    ]
  },
  "Planning Time": 0.998,
  "Triggers": [],
  "Execution Time": 548.987
}