[
  {
    "Plan": {
      "Node Type": "Aggregate",
      "Strategy": "Plain",
      "Partial Mode": "Finalize",
      "Parallel Aware": false,
      "Startup Cost": 113400.79,
      "Total Cost": 113400.8,
      "Plan Rows": 1,
      "Plan Width": 8,
      "Actual Startup Time": 515.263,
      "Actual Total Time": 538.433,
      "Actual Rows": 1,
      "Actual Loops": 1,
      "Plans": [
        {
          "Node Type": "Gather",
          "Parent Relationship": "Outer",
          "Parallel Aware": false,
          "Startup Cost": 113400.47,
          "Total Cost": 113400.78,
          "Plan Rows": 3,
          "Plan Width": 8,
          "Actual Startup Time": 514.493,
          "Actual Total Time": 538.425,
          "Actual Rows": 4,
          "Actual Loops": 1,
          "Workers Planned": 3,
          "Workers Launched": 3,
          "Single Copy": false,
          "Plans": [
            {
              "Node Type": "Aggregate",
              "Strategy": "Plain",
              "Partial Mode": "Partial",
              "Parent Relationship": "Outer",
              "Parallel Aware": false,
              "Startup Cost": 112400.47,
              "Total Cost": 112400.48,
              "Plan Rows": 1,
              "Plan Width": 8,
              "Actual Startup Time": 505.507,
              "Actual Total Time": 505.51,
              "Actual Rows": 1,
              "Actual Loops": 4,
              "Plans": [
                {
                  "Node Type": "Nested Loop",
                  "Parent Relationship": "Outer",
                  "Parallel Aware": false,
                  "Join Type": "Inner",
                  "Startup Cost": 44369.55,
                  "Total Cost": 112305.12,
                  "Plan Rows": 38140,
                  "Plan Width": 0,
                  "Actual Startup Time": 134.711,
                  "Actual Total Time": 491.003,
                  "Actual Rows": 311231,
                  "Actual Loops": 4,
                  "Inner Unique": false,
                  "Join Filter": "(t.id = mc.movie_id)",
                  "Rows Removed by Join Filter": 0,
                  "Plans": [
                    {
                      "Node Type": "Hash Join",
                      "Parent Relationship": "Outer",
                      "Parallel Aware": true,
                      "Join Type": "Inner",
                      "Startup Cost": 44369.12,
                      "Total Cost": 88694.98,
                      "Plan Rows": 36959,
                      "Plan Width": 8,
                      "Actual Startup Time": 130.104,
                      "Actual Total Time": 270.909,
                      "Actual Rows": 47049,
                      "Actual Loops": 4,
                      "Inner Unique": true,
                      "Hash Cond": "(mk.movie_id = t.id)",
                      "Plans": [
                        {
                          "Node Type": "Seq Scan",
                          "Parent Relationship": "Outer",
                          "Parallel Aware": true,
                          "Relation Name": "movie_keyword",
                          "Alias": "mk",
                          "Startup Cost": 0.0,
                          "Total Cost": 42695.65,
                          "Plan Rows": 621032,
                          "Plan Width": 4,
                          "Actual Startup Time": 0.441,
                          "Actual Total Time": 107.975,
                          "Actual Rows": 482326,
                          "Actual Loops": 4,
                          "Filter": "(keyword_id > 6929)",
                          "Rows Removed by Filter": 648656
                        },
                        {
                          "Node Type": "Hash",
                          "Parent Relationship": "Inner",
                          "Parallel Aware": true,
                          "Startup Cost": 43898.92,
                          "Total Cost": 43898.92,
                          "Plan Rows": 37616,
                          "Plan Width": 4,
                          "Actual Startup Time": 109.789,
                          "Actual Total Time": 109.79,
                          "Actual Rows": 38310,
                          "Actual Loops": 4,
                          "Hash Buckets": 262144,
                          "Original Hash Buckets": 262144,
                          "Hash Batches": 1,
                          "Original Hash Batches": 1,
                          "Peak Memory Usage": 8128,
                          "Plans": [
                            {
                              "Node Type": "Seq Scan",
                              "Parent Relationship": "Outer",
                              "Parallel Aware": true,
                              "Relation Name": "title",
                              "Alias": "t",
                              "Startup Cost": 0.0,
                              "Total Cost": 43898.92,
                              "Plan Rows": 37616,
                              "Plan Width": 4,
                              "Actual Startup Time": 9.429,
                              "Actual Total Time": 96.931,
                              "Actual Rows": 38310,
                              "Actual Loops": 4,
                              "Filter": "(production_year < 1946)",
                              "Rows Removed by Filter": 593768
                            }
                          ]
                        }
                      ]
                    },
                    {
                      "Node Type": "Index Only Scan",
                      "Parent Relationship": "Inner",
                      "Parallel Aware": false,
                      "Scan Direction": "Forward",
                      "Index Name": "movie_id_movie_companies",
                      "Relation Name": "movie_companies",
                      "Alias": "mc",
                      "Startup Cost": 0.43,
                      "Total Cost": 0.58,
                      "Plan Rows": 5,
                      "Plan Width": 4,
                      "Actual Startup Time": 0.002,
                      "Actual Total Time": 0.004,
                      "Actual Rows": 7,
                      "Actual Loops": 188195,
                      "Index Cond": "(movie_id = mk.movie_id)",
                      "Rows Removed by Index Recheck": 0,
                      "Heap Fetches": 1244923
                    }
                  ]
                }
              ]
            }
          ]
        }
      ]
    },
    "Planning Time": 1.51,
    "Triggers": [],
    "Execution Time": 538.518
  }
]