[
  {
    "Plan": {
      "Node Type": "Aggregate",
      "Strategy": "Plain",
      "Partial Mode": "Finalize",
      "Parallel Aware": false,
      "Startup Cost": 17735.76,
      "Total Cost": 17735.77,
      "Plan Rows": 1,
      "Plan Width": 8,
      "Actual Startup Time": 15.827,
      "Actual Total Time": 18.401,
      "Actual Rows": 1,
      "Actual Loops": 1,
      "Plans": [
        {
          "Node Type": "Gather",
          "Parent Relationship": "Outer",
          "Parallel Aware": false,
          "Startup Cost": 17735.54,
          "Total Cost": 17735.75,
          "Plan Rows": 2,
          "Plan Width": 8,
          "Actual Startup Time": 15.615,
          "Actual Total Time": 18.395,
          "Actual Rows": 3,
          "Actual Loops": 1,
          "Workers Planned": 2,
          "Workers Launched": 2,
          "Single Copy": false,
          "Plans": [
            {
              "Node Type": "Aggregate",
              "Strategy": "Plain",
              "Partial Mode": "Partial",
              "Parent Relationship": "Outer",
              "Parallel Aware": false,
              "Startup Cost": 16735.54,
              "Total Cost": 16735.55,
              "Plan Rows": 1,
              "Plan Width": 8,
              "Actual Startup Time": 12.888,
              "Actual Total Time": 12.89,
              "Actual Rows": 1,
              "Actual Loops": 3,
              "Plans": [
                {
                  "Node Type": "Nested Loop",
                  "Parent Relationship": "Outer",
                  "Parallel Aware": false,
                  "Join Type": "Inner",
                  "Startup Cost": 87.78,
                  "Total Cost": 16734.43,
                  "Plan Rows": 445,
                  "Plan Width": 0,
                  "Actual Startup Time": 0.399,
                  "Actual Total Time": 12.69,
                  "Actual Rows": 3048,
                  "Actual Loops": 3,
                  "Inner Unique": false,
                  "Plans": [
                    {
                      "Node Type": "Nested Loop",
                      "Parent Relationship": "Outer",
                      "Parallel Aware": false,
                      "Join Type": "Inner",
                      "Startup Cost": 87.36,
                      "Total Cost": 16300.5,
                      "Plan Rows": 815,
                      "Plan Width": 8,
                      "Actual Startup Time": 0.33,
                      "Actual Total Time": 8.079,
                      "Actual Rows": 1236,
                      "Actual Loops": 3,
                      "Inner Unique": true,
                      "Plans": [
                        {
                          "Node Type": "Bitmap Heap Scan",
                          "Parent Relationship": "Outer",
                          "Parallel Aware": true,
                          "Relation Name": "movie_companies",
                          "Alias": "mc",
                          "Startup Cost": 86.93,
                          "Total Cost": 9819.13,
                          "Plan Rows": 815,
                          "Plan Width": 4,
                          "Actual Startup Time": 0.258,
                          "Actual Total Time": 1.192,
                          "Actual Rows": 1236,
                          "Actual Loops": 3,
                          "Recheck Cond": "(company_id = 164)",
                          "Rows Removed by Index Recheck": 0,
                          "Filter": "(company_type_id = 1)",
                          "Rows Removed by Filter": 5,
                          "Exact Heap Blocks": 318,
                          "Lossy Heap Blocks": 0,
                          "Plans": [
                            {
                              "Node Type": "Bitmap Index Scan",
                              "Parent Relationship": "Outer",
                              "Parallel Aware": false,
                              "Index Name": "company_id_movie_companies",
                              "Startup Cost": 0.0,
                              "Total Cost": 86.44,
                              "Plan Rows": 4001,
                              "Plan Width": 0,
                              "Actual Startup Time": 0.645,
                              "Actual Total Time": 0.645,
                              "Actual Rows": 3722,
                              "Actual Loops": 1,
                              "Index Cond": "(company_id = 164)"
                            }
                          ]
                        },
                        {
                          "Node Type": "Index Only Scan",
                          "Parent Relationship": "Inner",
                          "Parallel Aware": false,
                          "Scan Direction": "Forward",
                          "Index Name": "title_pkey",
                          "Relation Name": "title",
                          "Alias": "t",
                          "Startup Cost": 0.43,
                          "Total Cost": 7.95,
                          "Plan Rows": 1,
                          "Plan Width": 4,
                          "Actual Startup Time": 0.005,
                          "Actual Total Time": 0.005,
                          "Actual Rows": 1,
                          "Actual Loops": 3707,
                          "Index Cond": "(id = mc.movie_id)",
                          "Rows Removed by Index Recheck": 0,
                          "Heap Fetches": 3707
                        }
                      ]
                    },
                    {
                      "Node Type": "Index Only Scan",
                      "Parent Relationship": "Inner",
                      "Parallel Aware": false,
                      "Scan Direction": "Forward",
                      "Index Name": "movie_id_movie_info_idx",
                      "Relation Name": "movie_info_idx",
                      "Alias": "mi_idx",
                      "Startup Cost": 0.43,
                      "Total Cost": 0.5,
                      "Plan Rows": 3,
                      "Plan Width": 4,
                      "Actual Startup Time": 0.003,
                      "Actual Total Time": 0.003,
                      "Actual Rows": 2,
                      "Actual Loops": 3707,
                      "Index Cond": "(movie_id = t.id)",
                      "Rows Removed by Index Recheck": 0,
                      "Heap Fetches": 9144
                    }
                  ]
                }
              ]
            }
          ]
        }
      ]
    },
    "Planning Time": 1.362,
    "Triggers": [],
    "Execution Time": 18.44
  }
]