[
  {
    "Plan": {
      "Node Type": "Aggregate",
      "Strategy": "Plain",
      "Partial Mode": "Finalize",
      "Parallel Aware": false,
      "Startup Cost": 43911.24,
      "Total Cost": 43911.25,
      "Plan Rows": 1,
      "Plan Width": 8,
      "Actual Startup Time": 122.64,
      "Actual Total Time": 128.944,
      "Actual Rows": 1,
      "Actual Loops": 1,
      "Plans": [
        {
          "Node Type": "Gather",
          "Parent Relationship": "Outer",
          "Parallel Aware": false,
          "Startup Cost": 43911.03,
          "Total Cost": 43911.24,
          "Plan Rows": 2,
          "Plan Width": 8,
          "Actual Startup Time": 122.339,
          "Actual Total Time": 128.937,
          "Actual Rows": 3,
          "Actual Loops": 1,
          "Workers Planned": 2,
          "Workers Launched": 2,
          "Single Copy": false,
          "Plans": [
            {
              "Node Type": "Aggregate",
              "Strategy": "Plain",
              "Partial Mode": "Partial",
              "Parent Relationship": "Outer",
              "Parallel Aware": false,
              "Startup Cost": 42911.03,
              "Total Cost": 42911.04,
              "Plan Rows": 1,
              "Plan Width": 8,
              "Actual Startup Time": 114.652,
              "Actual Total Time": 114.656,
              "Actual Rows": 1,
              "Actual Loops": 3,
              "Plans": [
                {
                  "Node Type": "Nested Loop",
                  "Parent Relationship": "Outer",
                  "Parallel Aware": false,
                  "Join Type": "Inner",
                  "Startup Cost": 19934.24,
                  "Total Cost": 42907.15,
                  "Plan Rows": 1550,
                  "Plan Width": 0,
                  "Actual Startup Time": 78.442,
                  "Actual Total Time": 114.22,
                  "Actual Rows": 6114,
                  "Actual Loops": 3,
                  "Inner Unique": true,
                  "Join Filter": "(mc.movie_id = t.id)",
                  "Rows Removed by Join Filter": 0,
                  "Plans": [
                    {
                      "Node Type": "Hash Join",
                      "Parent Relationship": "Outer",
                      "Parallel Aware": true,
                      "Join Type": "Inner",
                      "Startup Cost": 19933.81,
                      "Total Cost": 36042.9,
                      "Plan Rows": 8071,
                      "Plan Width": 8,
                      "Actual Startup Time": 78.359,
                      "Actual Total Time": 91.633,
                      "Actual Rows": 6114,
                      "Actual Loops": 3,
                      "Inner Unique": false,
                      "Hash Cond": "(mi_idx.movie_id = mc.movie_id)",
                      "Plans": [
                        {
                          "Node Type": "Seq Scan",
                          "Parent Relationship": "Outer",
                          "Parallel Aware": true,
                          "Relation Name": "movie_info_idx",
                          "Alias": "mi_idx",
                          "Startup Cost": 0.0,
                          "Total Cost": 15122.68,
                          "Plan Rows": 192074,
                          "Plan Width": 4,
                          "Actual Startup Time": 0.032,
                          "Actual Total Time": 46.42,
                          "Actual Rows": 153395,
                          "Actual Loops": 3,
                          "Filter": "(info_type_id > 100)",
                          "Rows Removed by Filter": 306617
                        },
                        {
                          "Node Type": "Hash",
                          "Parent Relationship": "Inner",
                          "Parallel Aware": true,
                          "Startup Cost": 19851.51,
                          "Total Cost": 19851.51,
                          "Plan Rows": 6584,
                          "Plan Width": 4,
                          "Actual Startup Time": 22.205,
                          "Actual Total Time": 22.206,
                          "Actual Rows": 12571,
                          "Actual Loops": 3,
                          "Hash Buckets": 65536,
                          "Original Hash Buckets": 32768,
                          "Hash Batches": 1,
                          "Original Hash Batches": 1,
                          "Peak Memory Usage": 2272,
                          "Plans": [
                            {
                              "Node Type": "Bitmap Heap Scan",
                              "Parent Relationship": "Outer",
                              "Parallel Aware": true,
                              "Relation Name": "movie_companies",
                              "Alias": "mc",
                              "Startup Cost": 867.01,
                              "Total Cost": 19851.51,
                              "Plan Rows": 6584,
                              "Plan Width": 4,
                              "Actual Startup Time": 2.036,
                              "Actual Total Time": 13.849,
                              "Actual Rows": 12571,
                              "Actual Loops": 3,
                              "Recheck Cond": "(company_id > 201290)",
                              "Rows Removed by Index Recheck": 0,
                              "Filter": "(company_type_id > 1)",
                              "Rows Removed by Filter": 0,
                              "Exact Heap Blocks": 843,
                              "Lossy Heap Blocks": 0,
                              "Plans": [
                                {
                                  "Node Type": "Bitmap Index Scan",
                                  "Parent Relationship": "Outer",
                                  "Parallel Aware": false,
                                  "Index Name": "company_id_movie_companies",
                                  "Startup Cost": 0.0,
                                  "Total Cost": 861.91,
                                  "Plan Rows": 40197,
                                  "Plan Width": 0,
                                  "Actual Startup Time": 5.177,
                                  "Actual Total Time": 5.177,
                                  "Actual Rows": 37712,
                                  "Actual Loops": 1,
                                  "Index Cond": "(company_id > 201290)"
                                }
                              ]
                            }
                          ]
                        }
                      ]
                    },
                    {
                      "Node Type": "Index Only Scan",
                      "Parent Relationship": "Inner",
                      "Parallel Aware": false,
                      "Scan Direction": "Forward",
                      "Index Name": "title_pkey",
                      "Relation Name": "title",
                      "Alias": "t",
                      "Startup Cost": 0.43,
                      "Total Cost": 0.84,
                      "Plan Rows": 1,
                      "Plan Width": 4,
                      "Actual Startup Time": 0.003,
                      "Actual Total Time": 0.003,
                      "Actual Rows": 1,
                      "Actual Loops": 18342,
                      "Index Cond": "(id = mi_idx.movie_id)",
                      "Rows Removed by Index Recheck": 0,
                      "Heap Fetches": 18342
                    }
                  ]
                }
              ]
            }
          ]
        }
      ]
    },
    "Planning Time": 1.413,
    "Triggers": [],
    "Execution Time": 129.078
  }
]