[
  {
    "Plan": {
      "Node Type": "Aggregate",
      "Strategy": "Plain",
      "Partial Mode": "Finalize",
      "Parallel Aware": false,
      "Startup Cost": 89550.87,
      "Total Cost": 89550.88,
      "Plan Rows": 1,
      "Plan Width": 8,
      "Actual Startup Time": 444.674,
      "Actual Total Time": 474.626,
      "Actual Rows": 1,
      "Actual Loops": 1,
      "Plans": [
        {
          "Node Type": "Gather",
          "Parent Relationship": "Outer",
          "Parallel Aware": false,
          "Startup Cost": 89550.55,
          "Total Cost": 89550.86,
          "Plan Rows": 3,
          "Plan Width": 8,
          "Actual Startup Time": 437.892,
          "Actual Total Time": 474.61,
          "Actual Rows": 4,
          "Actual Loops": 1,
          "Workers Planned": 3,
          "Workers Launched": 3,
          "Single Copy": false,
          "Plans": [
            {
              "Node Type": "Aggregate",
              "Strategy": "Plain",
              "Partial Mode": "Partial",
              "Parent Relationship": "Outer",
              "Parallel Aware": false,
              "Startup Cost": 88550.55,
              "Total Cost": 88550.56,
              "Plan Rows": 1,
              "Plan Width": 8,
              "Actual Startup Time": 427.923,
              "Actual Total Time": 427.93,
              "Actual Rows": 1,
              "Actual Loops": 4,
              "Plans": [
                {
                  "Node Type": "Nested Loop",
                  "Parent Relationship": "Outer",
                  "Parallel Aware": false,
                  "Join Type": "Inner",
                  "Startup Cost": 51648.74,
                  "Total Cost": 88509.37,
                  "Plan Rows": 16474,
                  "Plan Width": 0,
                  "Actual Startup Time": 344.722,
                  "Actual Total Time": 426.698,
                  "Actual Rows": 15242,
                  "Actual Loops": 4,
                  "Inner Unique": false,
                  "Plans": [
                    {
                      "Node Type": "Hash Join",
                      "Parent Relationship": "Outer",
                      "Parallel Aware": true,
                      "Join Type": "Inner",
                      "Startup Cost": 51648.31,
                      "Total Cost": 71187.74,
                      "Plan Rows": 9207,
                      "Plan Width": 8,
                      "Actual Startup Time": 344.454,
                      "Actual Total Time": 390.282,
                      "Actual Rows": 2648,
                      "Actual Loops": 4,
                      "Inner Unique": true,
                      "Hash Cond": "(mc.movie_id = t.id)",
                      "Plans": [
                        {
                          "Node Type": "Bitmap Heap Scan",
                          "Parent Relationship": "Outer",
                          "Parallel Aware": true,
                          "Relation Name": "movie_companies",
                          "Alias": "mc",
                          "Startup Cost": 3064.85,
                          "Total Cost": 22542.75,
                          "Plan Rows": 23438,
                          "Plan Width": 4,
                          "Actual Startup Time": 11.65,
                          "Actual Total Time": 30.531,
                          "Actual Rows": 34760,
                          "Actual Loops": 4,
                          "Recheck Cond": "(company_id > 136829)",
                          "Rows Removed by Index Recheck": 0,
                          "Filter": "(company_type_id = 2)",
                          "Rows Removed by Filter": 0,
                          "Exact Heap Blocks": 1297,
                          "Lossy Heap Blocks": 0,
                          "Plans": [
                            {
                              "Node Type": "Bitmap Index Scan",
                              "Parent Relationship": "Outer",
                              "Parallel Aware": false,
                              "Index Name": "company_id_movie_companies",
                              "Startup Cost": 0.0,
                              "Total Cost": 3046.68,
                              "Plan Rows": 142167,
                              "Plan Width": 0,
                              "Actual Startup Time": 10.649,
                              "Actual Total Time": 10.65,
                              "Actual Rows": 139039,
                              "Actual Loops": 1,
                              "Index Cond": "(company_id > 136829)"
                            }
                          ]
                        },
                        {
                          "Node Type": "Hash",
                          "Parent Relationship": "Inner",
                          "Parallel Aware": true,
                          "Startup Cost": 45479.59,
                          "Total Cost": 45479.59,
                          "Plan Rows": 248310,
                          "Plan Width": 4,
                          "Actual Startup Time": 327.163,
                          "Actual Total Time": 327.164,
                          "Actual Rows": 230930,
                          "Actual Loops": 4,
                          "Hash Buckets": 1048576,
                          "Original Hash Buckets": 1048576,
                          "Hash Batches": 1,
                          "Original Hash Batches": 1,
                          "Peak Memory Usage": 44384,
                          "Plans": [
                            {
                              "Node Type": "Seq Scan",
                              "Parent Relationship": "Outer",
                              "Parallel Aware": true,
                              "Relation Name": "title",
                              "Alias": "t",
                              "Startup Cost": 0.0,
                              "Total Cost": 45479.59,
                              "Plan Rows": 248310,
                              "Plan Width": 4,
                              "Actual Startup Time": 0.062,
                              "Actual Total Time": 175.384,
                              "Actual Rows": 230930,
                              "Actual Loops": 4,
                              "Filter": "((kind_id > 1) AND (production_year < 2005))",
                              "Rows Removed by Filter": 401148
                            }
                          ]
                        }
                      ]
                    },
                    {
                      "Node Type": "Index Only Scan",
                      "Parent Relationship": "Inner",
                      "Parallel Aware": false,
                      "Scan Direction": "Forward",
                      "Index Name": "movie_id_movie_keyword",
                      "Relation Name": "movie_keyword",
                      "Alias": "mk",
                      "Startup Cost": 0.43,
                      "Total Cost": 1.42,
                      "Plan Rows": 46,
                      "Plan Width": 4,
                      "Actual Startup Time": 0.011,
                      "Actual Total Time": 0.013,
                      "Actual Rows": 6,
                      "Actual Loops": 10593,
                      "Index Cond": "(movie_id = t.id)",
                      "Rows Removed by Index Recheck": 0,
                      "Heap Fetches": 60967
                    }
                  ]
                }
              ]
            }
          ]
        }
      ]
    },
    "Planning Time": 1.536,
    "Triggers": [],
    "Execution Time": 474.763
  }
]