[
  {
    "Plan": {
      "Node Type": "Aggregate",
      "Strategy": "Plain",
      "Partial Mode": "Finalize",
      "Parallel Aware": false,
      "Startup Cost": 46281.2,
      "Total Cost": 46281.21,
      "Plan Rows": 1,
      "Plan Width": 8,
      "Actual Startup Time": 172.666,
      "Actual Total Time": 181.578,
      "Actual Rows": 1,
      "Actual Loops": 1,
      "Plans": [
        {
          "Node Type": "Gather",
          "Parent Relationship": "Outer",
          "Parallel Aware": false,
          "Startup Cost": 46280.89,
          "Total Cost": 46281.2,
          "Plan Rows": 3,
          "Plan Width": 8,
          "Actual Startup Time": 172.555,
          "Actual Total Time": 181.568,
          "Actual Rows": 4,
          "Actual Loops": 1,
          "Workers Planned": 3,
          "Workers Launched": 3,
          "Single Copy": false,
          "Plans": [
            {
              "Node Type": "Aggregate",
              "Strategy": "Plain",
              "Partial Mode": "Partial",
              "Parent Relationship": "Outer",
              "Parallel Aware": false,
              "Startup Cost": 45280.89,
              "Total Cost": 45280.9,
              "Plan Rows": 1,
              "Plan Width": 8,
              "Actual Startup Time": 165.815,
              "Actual Total Time": 165.816,
              "Actual Rows": 1,
              "Actual Loops": 4,
              "Plans": [
                {
                  "Node Type": "Seq Scan",
                  "Parent Relationship": "Outer",
                  "Parallel Aware": true,
                  "Relation Name": "movie_keyword",
                  "Alias": "mk",
                  "Startup Cost": 0.0,
                  "Total Cost": 42695.65,
                  "Plan Rows": 1034093,
                  "Plan Width": 0,
                  "Actual Startup Time": 0.054,
                  "Actual Total Time": 128.359,
                  "Actual Rows": 799973,
                  "Actual Loops": 4,
                  "Filter": "(keyword_id < 13061)",
                  "Rows Removed by Filter": 331009
                }
              ]
            }
          ]
        }
      ]
    },
    "Planning Time": 0.218,
    "Triggers": [],
    "Execution Time": 181.637
  }
]