[
  {
    "Plan": {
      "Node Type": "Aggregate",
      "Strategy": "Plain",
      "Partial Mode": "Finalize",
      "Parallel Aware": false,
      "Startup Cost": 345911.73,
      "Total Cost": 345911.74,
      "Plan Rows": 1,
      "Plan Width": 8,
      "Actual Startup Time": 641.588,
      "Actual Total Time": 696.43,
      "Actual Rows": 1,
      "Actual Loops": 1,
      "Plans": [
        {
          "Node Type": "Gather",
          "Parent Relationship": "Outer",
          "Parallel Aware": false,
          "Startup Cost": 345911.1,
          "Total Cost": 345911.71,
          "Plan Rows": 6,
          "Plan Width": 8,
          "Actual Startup Time": 641.468,
          "Actual Total Time": 696.418,
          "Actual Rows": 7,
          "Actual Loops": 1,
          "Workers Planned": 6,
          "Workers Launched": 6,
          "Single Copy": false,
          "Plans": [
            {
              "Node Type": "Aggregate",
              "Strategy": "Plain",
              "Partial Mode": "Partial",
              "Parent Relationship": "Outer",
              "Parallel Aware": false,
              "Startup Cost": 344911.1,
              "Total Cost": 344911.11,
              "Plan Rows": 1,
              "Plan Width": 8,
              "Actual Startup Time": 631.513,
              "Actual Total Time": 631.514,
              "Actual Rows": 1,
              "Actual Loops": 7,
              "Plans": [
                {
                  "Node Type": "Seq Scan",
                  "Parent Relationship": "Outer",
                  "Parallel Aware": true,
                  "Relation Name": "cast_info",
                  "Alias": "ci",
                  "Startup Cost": 0.0,
                  "Total Cost": 343257.03,
                  "Plan Rows": 661630,
                  "Plan Width": 0,
                  "Actual Startup Time": 386.989,
                  "Actual Total Time": 596.938,
                  "Actual Rows": 837070,
                  "Actual Loops": 7,
                  "Filter": "((person_id > 3058239) AND (role_id > 1))",
                  "Rows Removed by Filter": 4340694
                }
              ]
            }
          ]
        }
      ]
    },
    "Planning Time": 0.222,
    "Triggers": [],
    "Execution Time": 696.502
  }
]