{
  "Plan": {
    "Node Type": "Aggregate",
    "Strategy": "Plain",
    "Partial Mode": "Finalize",
    "Parallel Aware": false,
    "Startup Cost": 581736.75,
    "Total Cost": 581736.76,
    "Plan Rows": 1,
    "Plan Width": 8,
    "Actual Startup Time": 2509.56,
    "Actual Total Time": 2558.989,
    "Actual Rows": 1,
    "Actual Loops": 1,
    "Plans": [
      {
        "Node Type": "Gather",
        "Parent Relationship": "Outer",
        "Parallel Aware": false,
        "Startup Cost": 581736.63,
        "Total Cost": 581736.74,
        "Plan Rows": 1,
        "Plan Width": 8,
        "Actual Startup Time": 2509.439,
        "Actual Total Time": 2558.98,
        "Actual Rows": 2,
        "Actual Loops": 1,
        "Workers Planned": 1,
        "Workers Launched": 1,
        "Single Copy": false,
        "Plans": [
          {
            "Node Type": "Aggregate",
            "Strategy": "Plain",
            "Partial Mode": "Partial",
            "Parent Relationship": "Outer",
            "Parallel Aware": false,
            "Startup Cost": 580736.63,
            "Total Cost": 580736.64,
            "Plan Rows": 1,
            "Plan Width": 8,
            "Actual Startup Time": 2506.433,
            "Actual Total Time": 2506.436,
            "Actual Rows": 1,
            "Actual Loops": 2,
            "Plans": [
              {
                "Node Type": "Hash Join",
                "Parent Relationship": "Outer",
                "Parallel Aware": true,
                "Join Type": "Inner",
                "Startup Cost": 58486.72,
                "Total Cost": 580220.07,
                "Plan Rows": 206625,
                "Plan Width": 0,
                "Actual Startup Time": 2191.748,
                "Actual Total Time": 2506.43,
                "Actual Rows": 0,
                "Actual Loops": 2,
                "Inner Unique": true,
                "Hash Cond": "(ci.movie_id = t.id)",
                "Plans": [
                  {
                    "Node Type": "Seq Scan",
                    "Parent Relationship": "Outer",
                    "Parallel Aware": true,
                    "Relation Name": "cast_info",
                    "Alias": "ci",
                    "Startup Cost": 0.0,
                    "Total Cost": 465792.95,
                    "Plan Rows": 21310595,
                    "Plan Width": 4,
                    "Actual Startup Time": 0.013,
                    "Actual Total Time": 1241.524,
                    "Actual Rows": 18122172,
                    "Actual Loops": 2
                  },
                  {
                    "Node Type": "Hash",
                    "Parent Relationship": "Inner",
                    "Parallel Aware": true,
                    "Startup Cost": 58306.47,
                    "Total Cost": 58306.47,
                    "Plan Rows": 14420,
                    "Plan Width": 4,
                    "Actual Startup Time": 117.044,
                    "Actual Total Time": 117.045,
                    "Actual Rows": 0,
                    "Actual Loops": 2,
                    "Hash Buckets": 32768,
                    "Original Hash Buckets": 32768,
                    "Hash Batches": 1,
                    "Original Hash Batches": 1,
                    "Peak Memory Usage": 288,
                    "Plans": [
                      {
                        "Node Type": "Seq Scan",
                        "Parent Relationship": "Outer",
                        "Parallel Aware": true,
                        "Relation Name": "title",
                        "Alias": "t",
                        "Startup Cost": 0.0,
                        "Total Cost": 58306.47,
                        "Plan Rows": 14420,
                        "Plan Width": 4,
                        "Actual Startup Time": 81.471,
                        "Actual Total Time": 116.986,
                        "Actual Rows": 0,
                        "Actual Loops": 2,
                        "Filter": "((production_year < 1913) AND (kind_id = 7))",
                        "Rows Removed by Filter": 1264156
                      }
                    ]
                  }
                ]
              }
            ]
          }
        ]
      }
    ]
  },
  "Planning Time": 0.292,
  "Triggers": [],
  "Execution Time": 2559.049
}