[
  {
    "Plan": {
      "Node Type": "Aggregate",
      "Strategy": "Plain",
      "Partial Mode": "Finalize",
      "Parallel Aware": false,
      "Startup Cost": 204305.63,
      "Total Cost": 204305.64,
      "Plan Rows": 1,
      "Plan Width": 8,
      "Actual Startup Time": 316.633,
      "Actual Total Time": 327.846,
      "Actual Rows": 1,
      "Actual Loops": 1,
      "Plans": [
        {
          "Node Type": "Gather",
          "Parent Relationship": "Outer",
          "Parallel Aware": false,
          "Startup Cost": 204305.01,
          "Total Cost": 204305.62,
          "Plan Rows": 6,
          "Plan Width": 8,
          "Actual Startup Time": 316.52,
          "Actual Total Time": 327.839,
          "Actual Rows": 7,
          "Actual Loops": 1,
          "Workers Planned": 6,
          "Workers Launched": 6,
          "Single Copy": false,
          "Plans": [
            {
              "Node Type": "Aggregate",
              "Strategy": "Plain",
              "Partial Mode": "Partial",
              "Parent Relationship": "Outer",
              "Parallel Aware": false,
              "Startup Cost": 203305.01,
              "Total Cost": 203305.02,
              "Plan Rows": 1,
              "Plan Width": 8,
              "Actual Startup Time": 308.602,
              "Actual Total Time": 308.603,
              "Actual Rows": 1,
              "Actual Loops": 7,
              "Plans": [
                {
                  "Node Type": "Index Scan",
                  "Parent Relationship": "Outer",
                  "Parallel Aware": true,
                  "Scan Direction": "Forward",
                  "Index Name": "role_id_cast_info",
                  "Relation Name": "cast_info",
                  "Alias": "ci",
                  "Startup Cost": 0.56,
                  "Total Cost": 200814.65,
                  "Plan Rows": 996141,
                  "Plan Width": 0,
                  "Actual Startup Time": 0.124,
                  "Actual Total Time": 250.907,
                  "Actual Rows": 1064568,
                  "Actual Loops": 7,
                  "Index Cond": "(role_id = 2)",
                  "Rows Removed by Index Recheck": 0,
                  "Filter": "(person_id < 2944550)",
                  "Rows Removed by Filter": 0
                }
              ]
            }
          ]
        }
      ]
    },
    "Planning Time": 0.088,
    "Triggers": [],
    "Execution Time": 327.874
  }
]