[
  {
    "Plan": {
      "Node Type": "Aggregate",
      "Strategy": "Plain",
      "Partial Mode": "Finalize",
      "Parallel Aware": false,
      "Startup Cost": 32909.78,
      "Total Cost": 32909.79,
      "Plan Rows": 1,
      "Plan Width": 8,
      "Actual Startup Time": 105.66,
      "Actual Total Time": 113.005,
      "Actual Rows": 1,
      "Actual Loops": 1,
      "Plans": [
        {
          "Node Type": "Gather",
          "Parent Relationship": "Outer",
          "Parallel Aware": false,
          "Startup Cost": 32909.46,
          "Total Cost": 32909.77,
          "Plan Rows": 3,
          "Plan Width": 8,
          "Actual Startup Time": 105.532,
          "Actual Total Time": 112.998,
          "Actual Rows": 4,
          "Actual Loops": 1,
          "Workers Planned": 3,
          "Workers Launched": 3,
          "Single Copy": false,
          "Plans": [
            {
              "Node Type": "Aggregate",
              "Strategy": "Plain",
              "Partial Mode": "Partial",
              "Parent Relationship": "Outer",
              "Parallel Aware": false,
              "Startup Cost": 31909.46,
              "Total Cost": 31909.47,
              "Plan Rows": 1,
              "Plan Width": 8,
              "Actual Startup Time": 98.584,
              "Actual Total Time": 98.586,
              "Actual Rows": 1,
              "Actual Loops": 4,
              "Plans": [
                {
                  "Node Type": "Seq Scan",
                  "Parent Relationship": "Outer",
                  "Parallel Aware": true,
                  "Relation Name": "movie_companies",
                  "Alias": "mc",
                  "Startup Cost": 0.0,
                  "Total Cost": 31414.82,
                  "Plan Rows": 197858,
                  "Plan Width": 0,
                  "Actual Startup Time": 55.733,
                  "Actual Total Time": 89.758,
                  "Actual Rows": 221148,
                  "Actual Loops": 4,
                  "Filter": "((company_id > 12167) AND (company_type_id > 1))",
                  "Rows Removed by Filter": 431134
                }
              ]
            }
          ]
        }
      ]
    },
    "Planning Time": 0.175,
    "Triggers": [],
    "Execution Time": 113.053
  }
]