[
    {
        "Bao": {
            "Bao prediction": "NaN",
            "Bao recommended hint": "(no hint)"
        }
    },
    {
        "Plan": {
            "Node Type": "Aggregate",
            "Strategy": "Plain",
            "Partial Mode": "Finalize",
            "Parallel Aware": false,
            "Startup Cost": 354456.78,
            "Total Cost": 354456.79,
            "Plan Rows": 1,
            "Plan Width": 8,
            "Actual Startup Time": 848.165,
            "Actual Total Time": 875.28,
            "Actual Rows": 1,
            "Actual Loops": 1,
            "Output": [
                "count(*)"
            ],
            "Plans": [
                {
                    "Node Type": "Gather",
                    "Parent Relationship": "Outer",
                    "Parallel Aware": false,
                    "Startup Cost": 354456.15,
                    "Total Cost": 354456.76,
                    "Plan Rows": 6,
                    "Plan Width": 8,
                    "Actual Startup Time": 847.917,
                    "Actual Total Time": 875.27,
                    "Actual Rows": 7,
                    "Actual Loops": 1,
                    "Output": [
                        "(PARTIAL count(*))"
                    ],
                    "Workers Planned": 6,
                    "Workers Launched": 6,
                    "Single Copy": false,
                    "Plans": [
                        {
                            "Node Type": "Aggregate",
                            "Strategy": "Plain",
                            "Partial Mode": "Partial",
                            "Parent Relationship": "Outer",
                            "Parallel Aware": false,
                            "Startup Cost": 353456.15,
                            "Total Cost": 353456.16,
                            "Plan Rows": 1,
                            "Plan Width": 8,
                            "Actual Startup Time": 838.113,
                            "Actual Total Time": 838.114,
                            "Actual Rows": 1,
                            "Actual Loops": 7,
                            "Output": [
                                "PARTIAL count(*)"
                            ],
                            "Workers": [
                                {
                                    "Worker Number": 0,
                                    "Actual Startup Time": 835.864,
                                    "Actual Total Time": 835.864,
                                    "Actual Rows": 1,
                                    "Actual Loops": 1
                                },
                                {
                                    "Worker Number": 1,
                                    "Actual Startup Time": 836.214,
                                    "Actual Total Time": 836.215,
                                    "Actual Rows": 1,
                                    "Actual Loops": 1
                                },
                                {
                                    "Worker Number": 2,
                                    "Actual Startup Time": 836.071,
                                    "Actual Total Time": 836.073,
                                    "Actual Rows": 1,
                                    "Actual Loops": 1
                                },
                                {
                                    "Worker Number": 3,
                                    "Actual Startup Time": 836.788,
                                    "Actual Total Time": 836.789,
                                    "Actual Rows": 1,
                                    "Actual Loops": 1
                                },
                                {
                                    "Worker Number": 4,
                                    "Actual Startup Time": 837.011,
                                    "Actual Total Time": 837.012,
                                    "Actual Rows": 1,
                                    "Actual Loops": 1
                                },
                                {
                                    "Worker Number": 5,
                                    "Actual Startup Time": 837.329,
                                    "Actual Total Time": 837.329,
                                    "Actual Rows": 1,
                                    "Actual Loops": 1
                                }
                            ],
                            "Plans": [
                                {
                                    "Node Type": "Seq Scan",
                                    "Parent Relationship": "Outer",
                                    "Parallel Aware": true,
                                    "Relation Name": "cast_info",
                                    "Schema": "public",
                                    "Alias": "ci",
                                    "Startup Cost": 0.0,
                                    "Total Cost": 343318.94,
                                    "Plan Rows": 4054884,
                                    "Plan Width": 0,
                                    "Actual Startup Time": 111.257,
                                    "Actual Total Time": 684.395,
                                    "Actual Rows": 3339191,
                                    "Actual Loops": 7,
                                    "Output": [
                                        "id",
                                        "person_id",
                                        "movie_id",
                                        "person_role_id",
                                        "note",
                                        "nr_order",
                                        "role_id"
                                    ],
                                    "Filter": "((ci.person_id > 845129) AND (ci.role_id < 10))",
                                    "Rows Removed by Filter": 1838573,
                                    "Workers": [
                                        {
                                            "Worker Number": 0,
                                            "Actual Startup Time": 109.008,
                                            "Actual Total Time": 685.668,
                                            "Actual Rows": 3661751,
                                            "Actual Loops": 1
                                        },
                                        {
                                            "Worker Number": 1,
                                            "Actual Startup Time": 109.353,
                                            "Actual Total Time": 685.247,
                                            "Actual Rows": 3690418,
                                            "Actual Loops": 1
                                        },
                                        {
                                            "Worker Number": 2,
                                            "Actual Startup Time": 109.222,
                                            "Actual Total Time": 687.15,
                                            "Actual Rows": 3639086,
                                            "Actual Loops": 1
                                        },
                                        {
                                            "Worker Number": 3,
                                            "Actual Startup Time": 109.95,
                                            "Actual Total Time": 682.773,
                                            "Actual Rows": 2332272,
                                            "Actual Loops": 1
                                        },
                                        {
                                            "Worker Number": 4,
                                            "Actual Startup Time": 110.148,
                                            "Actual Total Time": 687.283,
                                            "Actual Rows": 3659963,
                                            "Actual Loops": 1
                                        },
                                        {
                                            "Worker Number": 5,
                                            "Actual Startup Time": 110.47,
                                            "Actual Total Time": 688.261,
                                            "Actual Rows": 3578214,
                                            "Actual Loops": 1
                                        }
                                    ]
                                }
                            ]
                        }
                    ]
                }
            ]
        },
        "Planning Time": 308.853,
        "Triggers": [],
        "Execution Time": 875.335
    }
]