[
  {
    "Plan": {
      "Node Type": "Aggregate",
      "Strategy": "Plain",
      "Partial Mode": "Finalize",
      "Parallel Aware": false,
      "Startup Cost": 31592.31,
      "Total Cost": 31592.32,
      "Plan Rows": 1,
      "Plan Width": 8,
      "Actual Startup Time": 110.639,
      "Actual Total Time": 118.982,
      "Actual Rows": 1,
      "Actual Loops": 1,
      "Plans": [
        {
          "Node Type": "Gather",
          "Parent Relationship": "Outer",
          "Parallel Aware": false,
          "Startup Cost": 31591.99,
          "Total Cost": 31592.3,
          "Plan Rows": 3,
          "Plan Width": 8,
          "Actual Startup Time": 110.499,
          "Actual Total Time": 118.972,
          "Actual Rows": 4,
          "Actual Loops": 1,
          "Workers Planned": 3,
          "Workers Launched": 3,
          "Single Copy": false,
          "Plans": [
            {
              "Node Type": "Aggregate",
              "Strategy": "Plain",
              "Partial Mode": "Partial",
              "Parent Relationship": "Outer",
              "Parallel Aware": false,
              "Startup Cost": 30591.99,
              "Total Cost": 30592.0,
              "Plan Rows": 1,
              "Plan Width": 8,
              "Actual Startup Time": 104.19,
              "Actual Total Time": 104.192,
              "Actual Rows": 1,
              "Actual Loops": 4,
              "Plans": [
                {
                  "Node Type": "Seq Scan",
                  "Parent Relationship": "Outer",
                  "Parallel Aware": true,
                  "Relation Name": "movie_companies",
                  "Alias": "mc",
                  "Startup Cost": 0.0,
                  "Total Cost": 29310.68,
                  "Plan Rows": 512525,
                  "Plan Width": 0,
                  "Actual Startup Time": 7.642,
                  "Actual Total Time": 85.707,
                  "Actual Rows": 397854,
                  "Actual Loops": 4,
                  "Filter": "(company_id > 5326)",
                  "Rows Removed by Filter": 254428
                }
              ]
            }
          ]
        }
      ]
    },
    "Planning Time": 0.189,
    "Triggers": [],
    "Execution Time": 119.038
  }
]