[
  {
    "Plan": {
      "Node Type": "Aggregate",
      "Strategy": "Plain",
      "Partial Mode": "Finalize",
      "Parallel Aware": false,
      "Startup Cost": 46784.59,
      "Total Cost": 46784.6,
      "Plan Rows": 1,
      "Plan Width": 8,
      "Actual Startup Time": 100.828,
      "Actual Total Time": 112.146,
      "Actual Rows": 1,
      "Actual Loops": 1,
      "Plans": [
        {
          "Node Type": "Gather",
          "Parent Relationship": "Outer",
          "Parallel Aware": false,
          "Startup Cost": 46784.17,
          "Total Cost": 46784.58,
          "Plan Rows": 4,
          "Plan Width": 8,
          "Actual Startup Time": 100.69,
          "Actual Total Time": 112.138,
          "Actual Rows": 5,
          "Actual Loops": 1,
          "Workers Planned": 4,
          "Workers Launched": 4,
          "Single Copy": false,
          "Plans": [
            {
              "Node Type": "Aggregate",
              "Strategy": "Plain",
              "Partial Mode": "Partial",
              "Parent Relationship": "Outer",
              "Parallel Aware": false,
              "Startup Cost": 45784.17,
              "Total Cost": 45784.18,
              "Plan Rows": 1,
              "Plan Width": 8,
              "Actual Startup Time": 92.148,
              "Actual Total Time": 92.15,
              "Actual Rows": 1,
              "Actual Loops": 5,
              "Plans": [
                {
                  "Node Type": "Seq Scan",
                  "Parent Relationship": "Outer",
                  "Parallel Aware": true,
                  "Relation Name": "title",
                  "Alias": "t",
                  "Startup Cost": 0.0,
                  "Total Cost": 45479.59,
                  "Plan Rows": 121833,
                  "Plan Width": 0,
                  "Actual Startup Time": 0.067,
                  "Actual Total Time": 87.811,
                  "Actual Rows": 83173,
                  "Actual Loops": 5,
                  "Filter": "((kind_id < 6) AND (production_year > 2002))",
                  "Rows Removed by Filter": 422490
                }
              ]
            }
          ]
        }
      ]
    },
    "Planning Time": 0.06,
    "Triggers": [],
    "Execution Time": 112.171
  }
]