[
  {
    "Plan": {
      "Node Type": "Aggregate",
      "Strategy": "Plain",
      "Partial Mode": "Finalize",
      "Parallel Aware": false,
      "Startup Cost": 46787.32,
      "Total Cost": 46787.33,
      "Plan Rows": 1,
      "Plan Width": 8,
      "Actual Startup Time": 97.011,
      "Actual Total Time": 108.622,
      "Actual Rows": 1,
      "Actual Loops": 1,
      "Plans": [
        {
          "Node Type": "Gather",
          "Parent Relationship": "Outer",
          "Parallel Aware": false,
          "Startup Cost": 46786.9,
          "Total Cost": 46787.31,
          "Plan Rows": 4,
          "Plan Width": 8,
          "Actual Startup Time": 96.884,
          "Actual Total Time": 108.614,
          "Actual Rows": 5,
          "Actual Loops": 1,
          "Workers Planned": 4,
          "Workers Launched": 4,
          "Single Copy": false,
          "Plans": [
            {
              "Node Type": "Aggregate",
              "Strategy": "Plain",
              "Partial Mode": "Partial",
              "Parent Relationship": "Outer",
              "Parallel Aware": false,
              "Startup Cost": 45786.9,
              "Total Cost": 45786.91,
              "Plan Rows": 1,
              "Plan Width": 8,
              "Actual Startup Time": 88.769,
              "Actual Total Time": 88.77,
              "Actual Rows": 1,
              "Actual Loops": 5,
              "Plans": [
                {
                  "Node Type": "Seq Scan",
                  "Parent Relationship": "Outer",
                  "Parallel Aware": true,
                  "Relation Name": "title",
                  "Alias": "t",
                  "Startup Cost": 0.0,
                  "Total Cost": 45479.1,
                  "Plan Rows": 123121,
                  "Plan Width": 0,
                  "Actual Startup Time": 0.038,
                  "Actual Total Time": 84.691,
                  "Actual Rows": 83173,
                  "Actual Loops": 5,
                  "Filter": "((kind_id < 6) AND (production_year > 2002))",
                  "Rows Removed by Filter": 422490
                }
              ]
            }
          ]
        }
      ]
    },
    "Planning Time": 0.18,
    "Triggers": [],
    "Execution Time": 108.691
  }
]