[
  {
    "Plan": {
      "Node Type": "Aggregate",
      "Strategy": "Plain",
      "Partial Mode": "Finalize",
      "Parallel Aware": false,
      "Startup Cost": 62625.15,
      "Total Cost": 62625.16,
      "Plan Rows": 1,
      "Plan Width": 8,
      "Actual Startup Time": 234.17,
      "Actual Total Time": 246.478,
      "Actual Rows": 1,
      "Actual Loops": 1,
      "Plans": [
        {
          "Node Type": "Gather",
          "Parent Relationship": "Outer",
          "Parallel Aware": false,
          "Startup Cost": 62624.93,
          "Total Cost": 62625.14,
          "Plan Rows": 2,
          "Plan Width": 8,
          "Actual Startup Time": 232.722,
          "Actual Total Time": 246.471,
          "Actual Rows": 3,
          "Actual Loops": 1,
          "Workers Planned": 2,
          "Workers Launched": 2,
          "Single Copy": false,
          "Plans": [
            {
              "Node Type": "Aggregate",
              "Strategy": "Plain",
              "Partial Mode": "Partial",
              "Parent Relationship": "Outer",
              "Parallel Aware": false,
              "Startup Cost": 61624.93,
              "Total Cost": 61624.94,
              "Plan Rows": 1,
              "Plan Width": 8,
              "Actual Startup Time": 224.827,
              "Actual Total Time": 224.83,
              "Actual Rows": 1,
              "Actual Loops": 3,
              "Plans": [
                {
                  "Node Type": "Hash Join",
                  "Parent Relationship": "Outer",
                  "Parallel Aware": true,
                  "Join Type": "Inner",
                  "Startup Cost": 45968.32,
                  "Total Cost": 61595.2,
                  "Plan Rows": 11893,
                  "Plan Width": 0,
                  "Actual Startup Time": 180.95,
                  "Actual Total Time": 223.699,
                  "Actual Rows": 27802,
                  "Actual Loops": 3,
                  "Inner Unique": true,
                  "Hash Cond": "(mi_idx.movie_id = t.id)",
                  "Plans": [
                    {
                      "Node Type": "Seq Scan",
                      "Parent Relationship": "Outer",
                      "Parallel Aware": true,
                      "Relation Name": "movie_info_idx",
                      "Alias": "mi_idx",
                      "Startup Cost": 0.0,
                      "Total Cost": 15122.68,
                      "Plan Rows": 192074,
                      "Plan Width": 4,
                      "Actual Startup Time": 0.024,
                      "Actual Total Time": 36.918,
                      "Actual Rows": 153395,
                      "Actual Loops": 3,
                      "Filter": "(info_type_id > 100)",
                      "Rows Removed by Filter": 306617
                    },
                    {
                      "Node Type": "Hash",
                      "Parent Relationship": "Inner",
                      "Parallel Aware": true,
                      "Startup Cost": 45479.1,
                      "Total Cost": 45479.1,
                      "Plan Rows": 39138,
                      "Plan Width": 4,
                      "Actual Startup Time": 151.8,
                      "Actual Total Time": 151.801,
                      "Actual Rows": 98814,
                      "Actual Loops": 3,
                      "Hash Buckets": 524288,
                      "Original Hash Buckets": 262144,
                      "Hash Batches": 1,
                      "Original Hash Batches": 1,
                      "Peak Memory Usage": 17792,
                      "Plans": [
                        {
                          "Node Type": "Seq Scan",
                          "Parent Relationship": "Outer",
                          "Parallel Aware": true,
                          "Relation Name": "title",
                          "Alias": "t",
                          "Startup Cost": 0.0,
                          "Total Cost": 45479.1,
                          "Plan Rows": 39138,
                          "Plan Width": 4,
                          "Actual Startup Time": 69.219,
                          "Actual Total Time": 117.301,
                          "Actual Rows": 98814,
                          "Actual Loops": 3,
                          "Filter": "((production_year < 1986) AND (kind_id = 1))",
                          "Rows Removed by Filter": 743957
                        }
                      ]
                    }
                  ]
                }
              ]
            }
          ]
        }
      ]
    },
    "Planning Time": 0.613,
    "Triggers": [],
    "Execution Time": 246.545
  }
]