[
  {
    "Plan": {
      "Node Type": "Aggregate",
      "Strategy": "Plain",
      "Partial Mode": "Finalize",
      "Parallel Aware": false,
      "Startup Cost": 73377.08,
      "Total Cost": 73377.09,
      "Plan Rows": 1,
      "Plan Width": 8,
      "Actual Startup Time": 92.371,
      "Actual Total Time": 98.232,
      "Actual Rows": 1,
      "Actual Loops": 1,
      "Plans": [
        {
          "Node Type": "Gather",
          "Parent Relationship": "Outer",
          "Parallel Aware": false,
          "Startup Cost": 73376.56,
          "Total Cost": 73377.07,
          "Plan Rows": 5,
          "Plan Width": 8,
          "Actual Startup Time": 92.295,
          "Actual Total Time": 98.221,
          "Actual Rows": 6,
          "Actual Loops": 1,
          "Workers Planned": 5,
          "Workers Launched": 5,
          "Single Copy": false,
          "Plans": [
            {
              "Node Type": "Aggregate",
              "Strategy": "Plain",
              "Partial Mode": "Partial",
              "Parent Relationship": "Outer",
              "Parallel Aware": false,
              "Startup Cost": 72376.56,
              "Total Cost": 72376.57,
              "Plan Rows": 1,
              "Plan Width": 8,
              "Actual Startup Time": 88.735,
              "Actual Total Time": 88.736,
              "Actual Rows": 1,
              "Actual Loops": 6,
              "Plans": [
                {
                  "Node Type": "Index Scan",
                  "Parent Relationship": "Outer",
                  "Parallel Aware": true,
                  "Scan Direction": "Forward",
                  "Index Name": "role_id_cast_info",
                  "Relation Name": "cast_info",
                  "Alias": "ci",
                  "Startup Cost": 0.56,
                  "Total Cost": 72121.93,
                  "Plan Rows": 101852,
                  "Plan Width": 0,
                  "Actual Startup Time": 0.081,
                  "Actual Total Time": 81.648,
                  "Actual Rows": 155251,
                  "Actual Loops": 6,
                  "Index Cond": "(role_id = 4)",
                  "Rows Removed by Index Recheck": 0,
                  "Filter": "(person_id > 2971889)",
                  "Rows Removed by Filter": 299573
                }
              ]
            }
          ]
        }
      ]
    },
    "Planning Time": 0.104,
    "Triggers": [],
    "Execution Time": 98.262
  }
]