[
  {
    "Plan": {
      "Node Type": "Aggregate",
      "Strategy": "Plain",
      "Partial Mode": "Finalize",
      "Parallel Aware": false,
      "Startup Cost": 130918.8,
      "Total Cost": 130918.81,
      "Plan Rows": 1,
      "Plan Width": 8,
      "Actual Startup Time": 348.709,
      "Actual Total Time": 378.821,
      "Actual Rows": 1,
      "Actual Loops": 1,
      "Plans": [
        {
          "Node Type": "Gather",
          "Parent Relationship": "Outer",
          "Parallel Aware": false,
          "Startup Cost": 130918.48,
          "Total Cost": 130918.79,
          "Plan Rows": 3,
          "Plan Width": 8,
          "Actual Startup Time": 348.361,
          "Actual Total Time": 378.811,
          "Actual Rows": 4,
          "Actual Loops": 1,
          "Workers Planned": 3,
          "Workers Launched": 3,
          "Single Copy": false,
          "Plans": [
            {
              "Node Type": "Aggregate",
              "Strategy": "Plain",
              "Partial Mode": "Partial",
              "Parent Relationship": "Outer",
              "Parallel Aware": false,
              "Startup Cost": 129918.48,
              "Total Cost": 129918.49,
              "Plan Rows": 1,
              "Plan Width": 8,
              "Actual Startup Time": 338.94,
              "Actual Total Time": 338.943,
              "Actual Rows": 1,
              "Actual Loops": 4,
              "Plans": [
                {
                  "Node Type": "Nested Loop",
                  "Parent Relationship": "Outer",
                  "Parallel Aware": false,
                  "Join Type": "Inner",
                  "Startup Cost": 45640.09,
                  "Total Cost": 129760.9,
                  "Plan Rows": 63033,
                  "Plan Width": 0,
                  "Actual Startup Time": 106.052,
                  "Actual Total Time": 338.071,
                  "Actual Rows": 15442,
                  "Actual Loops": 4,
                  "Inner Unique": false,
                  "Join Filter": "(t.id = ci.movie_id)",
                  "Rows Removed by Join Filter": 0,
                  "Plans": [
                    {
                      "Node Type": "Hash Join",
                      "Parent Relationship": "Outer",
                      "Parallel Aware": true,
                      "Join Type": "Inner",
                      "Startup Cost": 45639.52,
                      "Total Cost": 91085.0,
                      "Plan Rows": 21204,
                      "Plan Width": 8,
                      "Actual Startup Time": 105.252,
                      "Actual Total Time": 262.43,
                      "Actual Rows": 2509,
                      "Actual Loops": 4,
                      "Inner Unique": true,
                      "Hash Cond": "(mk.movie_id = t.id)",
                      "Plans": [
                        {
                          "Node Type": "Seq Scan",
                          "Parent Relationship": "Outer",
                          "Parallel Aware": true,
                          "Relation Name": "movie_keyword",
                          "Alias": "mk",
                          "Startup Cost": 0.0,
                          "Total Cost": 42695.65,
                          "Plan Rows": 1047552,
                          "Plan Width": 4,
                          "Actual Startup Time": 0.032,
                          "Actual Total Time": 102.862,
                          "Actual Rows": 812357,
                          "Actual Loops": 4,
                          "Filter": "(keyword_id < 13947)",
                          "Rows Removed by Filter": 318625
                        },
                        {
                          "Node Type": "Hash",
                          "Parent Relationship": "Inner",
                          "Parallel Aware": true,
                          "Startup Cost": 45479.59,
                          "Total Cost": 45479.59,
                          "Plan Rows": 12795,
                          "Plan Width": 4,
                          "Actual Startup Time": 103.523,
                          "Actual Total Time": 103.524,
                          "Actual Rows": 11330,
                          "Actual Loops": 4,
                          "Hash Buckets": 65536,
                          "Original Hash Buckets": 65536,
                          "Hash Batches": 1,
                          "Original Hash Batches": 1,
                          "Peak Memory Usage": 2336,
                          "Plans": [
                            {
                              "Node Type": "Seq Scan",
                              "Parent Relationship": "Outer",
                              "Parallel Aware": true,
                              "Relation Name": "title",
                              "Alias": "t",
                              "Startup Cost": 0.0,
                              "Total Cost": 45479.59,
                              "Plan Rows": 12795,
                              "Plan Width": 4,
                              "Actual Startup Time": 0.08,
                              "Actual Total Time": 97.866,
                              "Actual Rows": 11330,
                              "Actual Loops": 4,
                              "Filter": "((kind_id > 1) AND (production_year > 2012))",
                              "Rows Removed by Filter": 620748
                            }
                          ]
                        }
                      ]
                    },
                    {
                      "Node Type": "Index Scan",
                      "Parent Relationship": "Inner",
                      "Parallel Aware": false,
                      "Scan Direction": "Forward",
                      "Index Name": "movie_id_cast_info",
                      "Relation Name": "cast_info",
                      "Alias": "ci",
                      "Startup Cost": 0.56,
                      "Total Cost": 1.74,
                      "Plan Rows": 7,
                      "Plan Width": 4,
                      "Actual Startup Time": 0.014,
                      "Actual Total Time": 0.029,
                      "Actual Rows": 6,
                      "Actual Loops": 10036,
                      "Index Cond": "(movie_id = mk.movie_id)",
                      "Rows Removed by Index Recheck": 0,
                      "Filter": "(role_id = 2)",
                      "Rows Removed by Filter": 25
                    }
                  ]
                }
              ]
            }
          ]
        }
      ]
    },
    "Planning Time": 1.444,
    "Triggers": [],
    "Execution Time": 378.917
  }
]