[
  {
    "Plan": {
      "Node Type": "Aggregate",
      "Strategy": "Plain",
      "Partial Mode": "Finalize",
      "Parallel Aware": false,
      "Startup Cost": 46094.63,
      "Total Cost": 46094.64,
      "Plan Rows": 1,
      "Plan Width": 8,
      "Actual Startup Time": 155.603,
      "Actual Total Time": 165.192,
      "Actual Rows": 1,
      "Actual Loops": 1,
      "Plans": [
        {
          "Node Type": "Gather",
          "Parent Relationship": "Outer",
          "Parallel Aware": false,
          "Startup Cost": 46094.32,
          "Total Cost": 46094.63,
          "Plan Rows": 3,
          "Plan Width": 8,
          "Actual Startup Time": 155.467,
          "Actual Total Time": 165.183,
          "Actual Rows": 4,
          "Actual Loops": 1,
          "Workers Planned": 3,
          "Workers Launched": 3,
          "Single Copy": false,
          "Plans": [
            {
              "Node Type": "Aggregate",
              "Strategy": "Plain",
              "Partial Mode": "Partial",
              "Parent Relationship": "Outer",
              "Parallel Aware": false,
              "Startup Cost": 45094.32,
              "Total Cost": 45094.33,
              "Plan Rows": 1,
              "Plan Width": 8,
              "Actual Startup Time": 148.685,
              "Actual Total Time": 148.686,
              "Actual Rows": 1,
              "Actual Loops": 4,
              "Plans": [
                {
                  "Node Type": "Seq Scan",
                  "Parent Relationship": "Outer",
                  "Parallel Aware": true,
                  "Relation Name": "movie_keyword",
                  "Alias": "mk",
                  "Startup Cost": 0.0,
                  "Total Cost": 42695.65,
                  "Plan Rows": 959465,
                  "Plan Width": 0,
                  "Actual Startup Time": 0.357,
                  "Actual Total Time": 116.771,
                  "Actual Rows": 739949,
                  "Actual Loops": 4,
                  "Filter": "(keyword_id > 2347)",
                  "Rows Removed by Filter": 391034
                }
              ]
            }
          ]
        }
      ]
    },
    "Planning Time": 0.185,
    "Triggers": [],
    "Execution Time": 165.246
  }
]