[
  {
    "Plan": {
      "Node Type": "Aggregate",
      "Strategy": "Plain",
      "Partial Mode": "Finalize",
      "Parallel Aware": false,
      "Startup Cost": 82438.98,
      "Total Cost": 82438.99,
      "Plan Rows": 1,
      "Plan Width": 8,
      "Actual Startup Time": 470.682,
      "Actual Total Time": 486.498,
      "Actual Rows": 1,
      "Actual Loops": 1,
      "Plans": [
        {
          "Node Type": "Gather",
          "Parent Relationship": "Outer",
          "Parallel Aware": false,
          "Startup Cost": 82438.66,
          "Total Cost": 82438.97,
          "Plan Rows": 3,
          "Plan Width": 8,
          "Actual Startup Time": 465.216,
          "Actual Total Time": 486.487,
          "Actual Rows": 4,
          "Actual Loops": 1,
          "Workers Planned": 3,
          "Workers Launched": 3,
          "Single Copy": false,
          "Plans": [
            {
              "Node Type": "Aggregate",
              "Strategy": "Plain",
              "Partial Mode": "Partial",
              "Parent Relationship": "Outer",
              "Parallel Aware": false,
              "Startup Cost": 81438.66,
              "Total Cost": 81438.67,
              "Plan Rows": 1,
              "Plan Width": 8,
              "Actual Startup Time": 452.924,
              "Actual Total Time": 452.927,
              "Actual Rows": 1,
              "Actual Loops": 4,
              "Plans": [
                {
                  "Node Type": "Hash Join",
                  "Parent Relationship": "Outer",
                  "Parallel Aware": true,
                  "Join Type": "Inner",
                  "Startup Cost": 50157.1,
                  "Total Cost": 80728.02,
                  "Plan Rows": 284255,
                  "Plan Width": 0,
                  "Actual Startup Time": 273.656,
                  "Actual Total Time": 448.035,
                  "Actual Rows": 108830,
                  "Actual Loops": 4,
                  "Inner Unique": true,
                  "Hash Cond": "(mc.movie_id = t.id)",
                  "Plans": [
                    {
                      "Node Type": "Seq Scan",
                      "Parent Relationship": "Outer",
                      "Parallel Aware": true,
                      "Relation Name": "movie_companies",
                      "Alias": "mc",
                      "Startup Cost": 0.0,
                      "Total Cost": 29310.68,
                      "Plan Rows": 480092,
                      "Plan Width": 4,
                      "Actual Startup Time": 4.98,
                      "Actual Total Time": 68.033,
                      "Actual Rows": 372080,
                      "Actual Loops": 4,
                      "Filter": "(company_id > 7851)",
                      "Rows Removed by Filter": 280202
                    },
                    {
                      "Node Type": "Hash",
                      "Parent Relationship": "Inner",
                      "Parallel Aware": true,
                      "Startup Cost": 45479.1,
                      "Total Cost": 45479.1,
                      "Plan Rows": 374240,
                      "Plan Width": 4,
                      "Actual Startup Time": 260.789,
                      "Actual Total Time": 260.79,
                      "Actual Rows": 402650,
                      "Actual Loops": 4,
                      "Hash Buckets": 2097152,
                      "Original Hash Buckets": 2097152,
                      "Hash Batches": 1,
                      "Original Hash Batches": 1,
                      "Peak Memory Usage": 79456,
                      "Plans": [
                        {
                          "Node Type": "Seq Scan",
                          "Parent Relationship": "Outer",
                          "Parallel Aware": true,
                          "Relation Name": "title",
                          "Alias": "t",
                          "Startup Cost": 0.0,
                          "Total Cost": 45479.1,
                          "Plan Rows": 374240,
                          "Plan Width": 4,
                          "Actual Startup Time": 0.037,
                          "Actual Total Time": 109.28,
                          "Actual Rows": 402650,
                          "Actual Loops": 4,
                          "Filter": "((kind_id > 1) AND (production_year > 1974))",
                          "Rows Removed by Filter": 229428
                        }
                      ]
                    }
                  ]
                }
              ]
            }
          ]
        }
      ]
    },
    "Planning Time": 0.646,
    "Triggers": [],
    "Execution Time": 486.577
  }
]