[
  {
    "Plan": {
      "Node Type": "Aggregate",
      "Strategy": "Plain",
      "Partial Mode": "Finalize",
      "Parallel Aware": false,
      "Startup Cost": 44292.03,
      "Total Cost": 44292.04,
      "Plan Rows": 1,
      "Plan Width": 8,
      "Actual Startup Time": 123.488,
      "Actual Total Time": 132.766,
      "Actual Rows": 1,
      "Actual Loops": 1,
      "Plans": [
        {
          "Node Type": "Gather",
          "Parent Relationship": "Outer",
          "Parallel Aware": false,
          "Startup Cost": 44291.71,
          "Total Cost": 44292.02,
          "Plan Rows": 3,
          "Plan Width": 8,
          "Actual Startup Time": 123.205,
          "Actual Total Time": 132.751,
          "Actual Rows": 4,
          "Actual Loops": 1,
          "Workers Planned": 3,
          "Workers Launched": 3,
          "Single Copy": false,
          "Plans": [
            {
              "Node Type": "Aggregate",
              "Strategy": "Plain",
              "Partial Mode": "Partial",
              "Parent Relationship": "Outer",
              "Parallel Aware": false,
              "Startup Cost": 43291.71,
              "Total Cost": 43291.72,
              "Plan Rows": 1,
              "Plan Width": 8,
              "Actual Startup Time": 118.22,
              "Actual Total Time": 118.221,
              "Actual Rows": 1,
              "Actual Loops": 4,
              "Plans": [
                {
                  "Node Type": "Seq Scan",
                  "Parent Relationship": "Outer",
                  "Parallel Aware": true,
                  "Relation Name": "movie_keyword",
                  "Alias": "mk",
                  "Startup Cost": 0.0,
                  "Total Cost": 42695.65,
                  "Plan Rows": 238422,
                  "Plan Width": 0,
                  "Actual Startup Time": 0.038,
                  "Actual Total Time": 107.939,
                  "Actual Rows": 184874,
                  "Actual Loops": 4,
                  "Filter": "(keyword_id < 667)",
                  "Rows Removed by Filter": 946108
                }
              ]
            }
          ]
        }
      ]
    },
    "Planning Time": 0.1,
    "Triggers": [],
    "Execution Time": 132.798
  }
]