[
    {
        "Bao": {
            "Bao prediction": "NaN",
            "Bao recommended hint": "(no hint)"
        }
    },
    {
        "Plan": {
            "Node Type": "Aggregate",
            "Strategy": "Plain",
            "Partial Mode": "Finalize",
            "Parallel Aware": false,
            "Startup Cost": 286963.94,
            "Total Cost": 286963.95,
            "Plan Rows": 1,
            "Plan Width": 8,
            "Actual Startup Time": 135.479,
            "Actual Total Time": 139.923,
            "Actual Rows": 1,
            "Actual Loops": 1,
            "Output": [
                "count(*)"
            ],
            "Plans": [
                {
                    "Node Type": "Gather",
                    "Parent Relationship": "Outer",
                    "Parallel Aware": false,
                    "Startup Cost": 286963.31,
                    "Total Cost": 286963.92,
                    "Plan Rows": 6,
                    "Plan Width": 8,
                    "Actual Startup Time": 134.868,
                    "Actual Total Time": 139.914,
                    "Actual Rows": 7,
                    "Actual Loops": 1,
                    "Output": [
                        "(PARTIAL count(*))"
                    ],
                    "Workers Planned": 6,
                    "Workers Launched": 6,
                    "Single Copy": false,
                    "Plans": [
                        {
                            "Node Type": "Aggregate",
                            "Strategy": "Plain",
                            "Partial Mode": "Partial",
                            "Parent Relationship": "Outer",
                            "Parallel Aware": false,
                            "Startup Cost": 285963.31,
                            "Total Cost": 285963.32,
                            "Plan Rows": 1,
                            "Plan Width": 8,
                            "Actual Startup Time": 124.54,
                            "Actual Total Time": 124.541,
                            "Actual Rows": 1,
                            "Actual Loops": 7,
                            "Output": [
                                "PARTIAL count(*)"
                            ],
                            "Workers": [
                                {
                                    "Worker Number": 0,
                                    "Actual Startup Time": 122.077,
                                    "Actual Total Time": 122.078,
                                    "Actual Rows": 1,
                                    "Actual Loops": 1
                                },
                                {
                                    "Worker Number": 1,
                                    "Actual Startup Time": 122.226,
                                    "Actual Total Time": 122.228,
                                    "Actual Rows": 1,
                                    "Actual Loops": 1
                                },
                                {
                                    "Worker Number": 2,
                                    "Actual Startup Time": 122.574,
                                    "Actual Total Time": 122.575,
                                    "Actual Rows": 1,
                                    "Actual Loops": 1
                                },
                                {
                                    "Worker Number": 3,
                                    "Actual Startup Time": 123.298,
                                    "Actual Total Time": 123.3,
                                    "Actual Rows": 1,
                                    "Actual Loops": 1
                                },
                                {
                                    "Worker Number": 4,
                                    "Actual Startup Time": 123.539,
                                    "Actual Total Time": 123.54,
                                    "Actual Rows": 1,
                                    "Actual Loops": 1
                                },
                                {
                                    "Worker Number": 5,
                                    "Actual Startup Time": 123.578,
                                    "Actual Total Time": 123.579,
                                    "Actual Rows": 1,
                                    "Actual Loops": 1
                                }
                            ],
                            "Plans": [
                                {
                                    "Node Type": "Bitmap Heap Scan",
                                    "Parent Relationship": "Outer",
                                    "Parallel Aware": true,
                                    "Relation Name": "cast_info",
                                    "Schema": "public",
                                    "Alias": "ci",
                                    "Startup Cost": 29553.68,
                                    "Total Cost": 285600.49,
                                    "Plan Rows": 145129,
                                    "Plan Width": 0,
                                    "Actual Startup Time": 42.9,
                                    "Actual Total Time": 112.996,
                                    "Actual Rows": 203970,
                                    "Actual Loops": 7,
                                    "Recheck Cond": "(ci.person_id > 3782432)",
                                    "Rows Removed by Index Recheck": 0,
                                    "Filter": "(ci.role_id > 1)",
                                    "Rows Removed by Filter": 0,
                                    "Exact Heap Blocks": 5040,
                                    "Lossy Heap Blocks": 0,
                                    "Workers": [
                                        {
                                            "Worker Number": 0,
                                            "Actual Startup Time": 40.41,
                                            "Actual Total Time": 110.598,
                                            "Actual Rows": 172980,
                                            "Actual Loops": 1
                                        },
                                        {
                                            "Worker Number": 1,
                                            "Actual Startup Time": 40.594,
                                            "Actual Total Time": 111.018,
                                            "Actual Rows": 179915,
                                            "Actual Loops": 1
                                        },
                                        {
                                            "Worker Number": 2,
                                            "Actual Startup Time": 41.169,
                                            "Actual Total Time": 111.257,
                                            "Actual Rows": 181611,
                                            "Actual Loops": 1
                                        },
                                        {
                                            "Worker Number": 3,
                                            "Actual Startup Time": 42.003,
                                            "Actual Total Time": 112.483,
                                            "Actual Rows": 181324,
                                            "Actual Loops": 1
                                        },
                                        {
                                            "Worker Number": 4,
                                            "Actual Startup Time": 41.864,
                                            "Actual Total Time": 112.707,
                                            "Actual Rows": 183785,
                                            "Actual Loops": 1
                                        },
                                        {
                                            "Worker Number": 5,
                                            "Actual Startup Time": 41.891,
                                            "Actual Total Time": 112.768,
                                            "Actual Rows": 181835,
                                            "Actual Loops": 1
                                        }
                                    ],
                                    "Plans": [
                                        {
                                            "Node Type": "Bitmap Index Scan",
                                            "Parent Relationship": "Outer",
                                            "Parallel Aware": false,
                                            "Index Name": "person_id_cast_info",
                                            "Startup Cost": 0.0,
                                            "Total Cost": 29335.99,
                                            "Plan Rows": 1343923,
                                            "Plan Width": 0,
                                            "Actual Startup Time": 49.394,
                                            "Actual Total Time": 49.395,
                                            "Actual Rows": 1427788,
                                            "Actual Loops": 1,
                                            "Index Cond": "(ci.person_id > 3782432)"
                                        }
                                    ]
                                }
                            ]
                        }
                    ]
                }
            ]
        },
        "Planning Time": 186.326,
        "Triggers": [],
        "Execution Time": 139.984
    }
]