[
    {
        "Bao": {
            "Bao prediction": "NaN",
            "Bao recommended hint": "(no hint)"
        }
    },
    {
        "Plan": {
            "Node Type": "Aggregate",
            "Strategy": "Plain",
            "Partial Mode": "Finalize",
            "Parallel Aware": false,
            "Startup Cost": 416074.97,
            "Total Cost": 416074.98,
            "Plan Rows": 1,
            "Plan Width": 8,
            "Actual Startup Time": 1043.155,
            "Actual Total Time": 1072.594,
            "Actual Rows": 1,
            "Actual Loops": 1,
            "Output": [
                "count(*)"
            ],
            "Plans": [
                {
                    "Node Type": "Gather",
                    "Parent Relationship": "Outer",
                    "Parallel Aware": false,
                    "Startup Cost": 416074.35,
                    "Total Cost": 416074.96,
                    "Plan Rows": 6,
                    "Plan Width": 8,
                    "Actual Startup Time": 1030.529,
                    "Actual Total Time": 1072.579,
                    "Actual Rows": 7,
                    "Actual Loops": 1,
                    "Output": [
                        "(PARTIAL count(*))"
                    ],
                    "Workers Planned": 6,
                    "Workers Launched": 6,
                    "Single Copy": false,
                    "Plans": [
                        {
                            "Node Type": "Aggregate",
                            "Strategy": "Plain",
                            "Partial Mode": "Partial",
                            "Parent Relationship": "Outer",
                            "Parallel Aware": false,
                            "Startup Cost": 415074.35,
                            "Total Cost": 415074.36,
                            "Plan Rows": 1,
                            "Plan Width": 8,
                            "Actual Startup Time": 1017.252,
                            "Actual Total Time": 1017.629,
                            "Actual Rows": 1,
                            "Actual Loops": 7,
                            "Output": [
                                "PARTIAL count(*)"
                            ],
                            "Workers": [
                                {
                                    "Worker Number": 0,
                                    "Actual Startup Time": 1014.625,
                                    "Actual Total Time": 1014.633,
                                    "Actual Rows": 1,
                                    "Actual Loops": 1
                                },
                                {
                                    "Worker Number": 1,
                                    "Actual Startup Time": 1016.183,
                                    "Actual Total Time": 1016.188,
                                    "Actual Rows": 1,
                                    "Actual Loops": 1
                                },
                                {
                                    "Worker Number": 2,
                                    "Actual Startup Time": 1014.498,
                                    "Actual Total Time": 1014.504,
                                    "Actual Rows": 1,
                                    "Actual Loops": 1
                                },
                                {
                                    "Worker Number": 3,
                                    "Actual Startup Time": 1015.157,
                                    "Actual Total Time": 1015.163,
                                    "Actual Rows": 1,
                                    "Actual Loops": 1
                                },
                                {
                                    "Worker Number": 4,
                                    "Actual Startup Time": 1015.309,
                                    "Actual Total Time": 1015.315,
                                    "Actual Rows": 1,
                                    "Actual Loops": 1
                                },
                                {
                                    "Worker Number": 5,
                                    "Actual Startup Time": 1015.609,
                                    "Actual Total Time": 1015.615,
                                    "Actual Rows": 1,
                                    "Actual Loops": 1
                                }
                            ],
                            "Plans": [
                                {
                                    "Node Type": "Hash Join",
                                    "Parent Relationship": "Outer",
                                    "Parallel Aware": true,
                                    "Join Type": "Inner",
                                    "Startup Cost": 65035.04,
                                    "Total Cost": 414325.31,
                                    "Plan Rows": 299616,
                                    "Plan Width": 0,
                                    "Actual Startup Time": 671.182,
                                    "Actual Total Time": 991.306,
                                    "Actual Rows": 414421,
                                    "Actual Loops": 7,
                                    "Inner Unique": false,
                                    "Hash Cond": "(ci.movie_id = t.id)",
                                    "Workers": [
                                        {
                                            "Worker Number": 0,
                                            "Actual Startup Time": 668.695,
                                            "Actual Total Time": 987.918,
                                            "Actual Rows": 382898,
                                            "Actual Loops": 1
                                        },
                                        {
                                            "Worker Number": 1,
                                            "Actual Startup Time": 668.559,
                                            "Actual Total Time": 988.989,
                                            "Actual Rows": 391000,
                                            "Actual Loops": 1
                                        },
                                        {
                                            "Worker Number": 2,
                                            "Actual Startup Time": 668.662,
                                            "Actual Total Time": 988.238,
                                            "Actual Rows": 376899,
                                            "Actual Loops": 1
                                        },
                                        {
                                            "Worker Number": 3,
                                            "Actual Startup Time": 669.248,
                                            "Actual Total Time": 988.491,
                                            "Actual Rows": 383019,
                                            "Actual Loops": 1
                                        },
                                        {
                                            "Worker Number": 4,
                                            "Actual Startup Time": 669.395,
                                            "Actual Total Time": 991.271,
                                            "Actual Rows": 559435,
                                            "Actual Loops": 1
                                        },
                                        {
                                            "Worker Number": 5,
                                            "Actual Startup Time": 669.654,
                                            "Actual Total Time": 988.098,
                                            "Actual Rows": 396300,
                                            "Actual Loops": 1
                                        }
                                    ],
                                    "Plans": [
                                        {
                                            "Node Type": "Index Scan",
                                            "Parent Relationship": "Outer",
                                            "Parallel Aware": true,
                                            "Scan Direction": "Forward",
                                            "Index Name": "role_id_cast_info",
                                            "Relation Name": "cast_info",
                                            "Schema": "public",
                                            "Alias": "ci",
                                            "Startup Cost": 0.56,
                                            "Total Cost": 342814.42,
                                            "Plan Rows": 1394134,
                                            "Plan Width": 4,
                                            "Actual Startup Time": 337.325,
                                            "Actual Total Time": 478.976,
                                            "Actual Rows": 517171,
                                            "Actual Loops": 7,
                                            "Output": [
                                                "ci.id",
                                                "ci.person_id",
                                                "ci.movie_id",
                                                "ci.person_role_id",
                                                "ci.note",
                                                "ci.nr_order",
                                                "ci.role_id"
                                            ],
                                            "Index Cond": "(ci.role_id < 2)",
                                            "Rows Removed by Index Recheck": 0,
                                            "Filter": "(ci.person_id > 1233760)",
                                            "Rows Removed by Filter": 1292927,
                                            "Workers": [
                                                {
                                                    "Worker Number": 0,
                                                    "Actual Startup Time": 337.46,
                                                    "Actual Total Time": 480.768,
                                                    "Actual Rows": 478532,
                                                    "Actual Loops": 1
                                                },
                                                {
                                                    "Worker Number": 1,
                                                    "Actual Startup Time": 337.221,
                                                    "Actual Total Time": 479.62,
                                                    "Actual Rows": 479283,
                                                    "Actual Loops": 1
                                                },
                                                {
                                                    "Worker Number": 2,
                                                    "Actual Startup Time": 337.397,
                                                    "Actual Total Time": 481.237,
                                                    "Actual Rows": 481259,
                                                    "Actual Loops": 1
                                                },
                                                {
                                                    "Worker Number": 3,
                                                    "Actual Startup Time": 337.312,
                                                    "Actual Total Time": 482.626,
                                                    "Actual Rows": 486330,
                                                    "Actual Loops": 1
                                                },
                                                {
                                                    "Worker Number": 4,
                                                    "Actual Startup Time": 337.283,
                                                    "Actual Total Time": 476.404,
                                                    "Actual Rows": 698732,
                                                    "Actual Loops": 1
                                                },
                                                {
                                                    "Worker Number": 5,
                                                    "Actual Startup Time": 337.286,
                                                    "Actual Total Time": 481.33,
                                                    "Actual Rows": 482430,
                                                    "Actual Loops": 1
                                                }
                                            ]
                                        },
                                        {
                                            "Node Type": "Hash",
                                            "Parent Relationship": "Inner",
                                            "Parallel Aware": true,
                                            "Startup Cost": 62204.45,
                                            "Total Cost": 62204.45,
                                            "Plan Rows": 226402,
                                            "Plan Width": 8,
                                            "Actual Startup Time": 330.093,
                                            "Actual Total Time": 330.469,
                                            "Actual Rows": 136331,
                                            "Actual Loops": 7,
                                            "Output": [
                                                "t.id",
                                                "mi_idx.movie_id"
                                            ],
                                            "Hash Buckets": 1048576,
                                            "Original Hash Buckets": 1048576,
                                            "Hash Batches": 1,
                                            "Original Hash Batches": 1,
                                            "Peak Memory Usage": 45632,
                                            "Workers": [
                                                {
                                                    "Worker Number": 0,
                                                    "Actual Startup Time": 330.653,
                                                    "Actual Total Time": 330.659,
                                                    "Actual Rows": 125682,
                                                    "Actual Loops": 1
                                                },
                                                {
                                                    "Worker Number": 1,
                                                    "Actual Startup Time": 330.616,
                                                    "Actual Total Time": 330.62,
                                                    "Actual Rows": 127902,
                                                    "Actual Loops": 1
                                                },
                                                {
                                                    "Worker Number": 2,
                                                    "Actual Startup Time": 330.511,
                                                    "Actual Total Time": 330.515,
                                                    "Actual Rows": 127001,
                                                    "Actual Loops": 1
                                                },
                                                {
                                                    "Worker Number": 3,
                                                    "Actual Startup Time": 331.319,
                                                    "Actual Total Time": 331.323,
                                                    "Actual Rows": 127571,
                                                    "Actual Loops": 1
                                                },
                                                {
                                                    "Worker Number": 4,
                                                    "Actual Startup Time": 331.5,
                                                    "Actual Total Time": 331.504,
                                                    "Actual Rows": 181622,
                                                    "Actual Loops": 1
                                                },
                                                {
                                                    "Worker Number": 5,
                                                    "Actual Startup Time": 331.605,
                                                    "Actual Total Time": 331.609,
                                                    "Actual Rows": 128313,
                                                    "Actual Loops": 1
                                                }
                                            ],
                                            "Plans": [
                                                {
                                                    "Node Type": "Hash Join",
                                                    "Parent Relationship": "Outer",
                                                    "Parallel Aware": true,
                                                    "Join Type": "Inner",
                                                    "Startup Cost": 47009.89,
                                                    "Total Cost": 62204.45,
                                                    "Plan Rows": 226402,
                                                    "Plan Width": 8,
                                                    "Actual Startup Time": 188.755,
                                                    "Actual Total Time": 272.608,
                                                    "Actual Rows": 136331,
                                                    "Actual Loops": 7,
                                                    "Output": [
                                                        "t.id",
                                                        "mi_idx.movie_id"
                                                    ],
                                                    "Inner Unique": true,
                                                    "Hash Cond": "(mi_idx.movie_id = t.id)",
                                                    "Workers": [
                                                        {
                                                            "Worker Number": 0,
                                                            "Actual Startup Time": 188.794,
                                                            "Actual Total Time": 272.551,
                                                            "Actual Rows": 125682,
                                                            "Actual Loops": 1
                                                        },
                                                        {
                                                            "Worker Number": 1,
                                                            "Actual Startup Time": 188.88,
                                                            "Actual Total Time": 273.016,
                                                            "Actual Rows": 127902,
                                                            "Actual Loops": 1
                                                        },
                                                        {
                                                            "Worker Number": 2,
                                                            "Actual Startup Time": 188.586,
                                                            "Actual Total Time": 272.761,
                                                            "Actual Rows": 127001,
                                                            "Actual Loops": 1
                                                        },
                                                        {
                                                            "Worker Number": 3,
                                                            "Actual Startup Time": 188.661,
                                                            "Actual Total Time": 271.593,
                                                            "Actual Rows": 127571,
                                                            "Actual Loops": 1
                                                        },
                                                        {
                                                            "Worker Number": 4,
                                                            "Actual Startup Time": 188.597,
                                                            "Actual Total Time": 271.997,
                                                            "Actual Rows": 181622,
                                                            "Actual Loops": 1
                                                        },
                                                        {
                                                            "Worker Number": 5,
                                                            "Actual Startup Time": 188.739,
                                                            "Actual Total Time": 272.233,
                                                            "Actual Rows": 128313,
                                                            "Actual Loops": 1
                                                        }
                                                    ],
                                                    "Plans": [
                                                        {
                                                            "Node Type": "Seq Scan",
                                                            "Parent Relationship": "Outer",
                                                            "Parallel Aware": true,
                                                            "Relation Name": "movie_info_idx",
                                                            "Schema": "public",
                                                            "Alias": "mi_idx",
                                                            "Startup Cost": 0.0,
                                                            "Total Cost": 13685.15,
                                                            "Plan Rows": 575015,
                                                            "Plan Width": 4,
                                                            "Actual Startup Time": 0.028,
                                                            "Actual Total Time": 24.717,
                                                            "Actual Rows": 197148,
                                                            "Actual Loops": 7,
                                                            "Output": [
                                                                "mi_idx.id",
                                                                "mi_idx.movie_id",
                                                                "mi_idx.info_type_id",
                                                                "mi_idx.info",
                                                                "mi_idx.note"
                                                            ],
                                                            "Workers": [
                                                                {
                                                                    "Worker Number": 0,
                                                                    "Actual Startup Time": 0.031,
                                                                    "Actual Total Time": 25.907,
                                                                    "Actual Rows": 184473,
                                                                    "Actual Loops": 1
                                                                },
                                                                {
                                                                    "Worker Number": 1,
                                                                    "Actual Startup Time": 0.035,
                                                                    "Actual Total Time": 26.083,
                                                                    "Actual Rows": 185254,
                                                                    "Actual Loops": 1
                                                                },
                                                                {
                                                                    "Worker Number": 2,
                                                                    "Actual Startup Time": 0.027,
                                                                    "Actual Total Time": 25.585,
                                                                    "Actual Rows": 182252,
                                                                    "Actual Loops": 1
                                                                },
                                                                {
                                                                    "Worker Number": 3,
                                                                    "Actual Startup Time": 0.031,
                                                                    "Actual Total Time": 25.213,
                                                                    "Actual Rows": 181924,
                                                                    "Actual Loops": 1
                                                                },
                                                                {
                                                                    "Worker Number": 4,
                                                                    "Actual Startup Time": 0.027,
                                                                    "Actual Total Time": 23.999,
                                                                    "Actual Rows": 264710,
                                                                    "Actual Loops": 1
                                                                },
                                                                {
                                                                    "Worker Number": 5,
                                                                    "Actual Startup Time": 0.033,
                                                                    "Actual Total Time": 25.528,
                                                                    "Actual Rows": 182266,
                                                                    "Actual Loops": 1
                                                                }
                                                            ]
                                                        },
                                                        {
                                                            "Node Type": "Hash",
                                                            "Parent Relationship": "Inner",
                                                            "Parallel Aware": true,
                                                            "Startup Cost": 43899.01,
                                                            "Total Cost": 43899.01,
                                                            "Plan Rows": 248871,
                                                            "Plan Width": 4,
                                                            "Actual Startup Time": 186.866,
                                                            "Actual Total Time": 186.868,
                                                            "Actual Rows": 140721,
                                                            "Actual Loops": 7,
                                                            "Output": [
                                                                "t.id"
                                                            ],
                                                            "Hash Buckets": 1048576,
                                                            "Original Hash Buckets": 1048576,
                                                            "Hash Batches": 1,
                                                            "Original Hash Batches": 1,
                                                            "Peak Memory Usage": 46816,
                                                            "Workers": [
                                                                {
                                                                    "Worker Number": 0,
                                                                    "Actual Startup Time": 188.412,
                                                                    "Actual Total Time": 188.413,
                                                                    "Actual Rows": 129415,
                                                                    "Actual Loops": 1
                                                                },
                                                                {
                                                                    "Worker Number": 1,
                                                                    "Actual Startup Time": 188.44,
                                                                    "Actual Total Time": 188.442,
                                                                    "Actual Rows": 128923,
                                                                    "Actual Loops": 1
                                                                },
                                                                {
                                                                    "Worker Number": 2,
                                                                    "Actual Startup Time": 188.428,
                                                                    "Actual Total Time": 188.429,
                                                                    "Actual Rows": 129886,
                                                                    "Actual Loops": 1
                                                                },
                                                                {
                                                                    "Worker Number": 3,
                                                                    "Actual Startup Time": 188.492,
                                                                    "Actual Total Time": 188.493,
                                                                    "Actual Rows": 130938,
                                                                    "Actual Loops": 1
                                                                },
                                                                {
                                                                    "Worker Number": 4,
                                                                    "Actual Startup Time": 188.456,
                                                                    "Actual Total Time": 188.458,
                                                                    "Actual Rows": 174102,
                                                                    "Actual Loops": 1
                                                                },
                                                                {
                                                                    "Worker Number": 5,
                                                                    "Actual Startup Time": 188.483,
                                                                    "Actual Total Time": 188.485,
                                                                    "Actual Rows": 129039,
                                                                    "Actual Loops": 1
                                                                }
                                                            ],
                                                            "Plans": [
                                                                {
                                                                    "Node Type": "Seq Scan",
                                                                    "Parent Relationship": "Outer",
                                                                    "Parallel Aware": true,
                                                                    "Relation Name": "title",
                                                                    "Schema": "public",
                                                                    "Alias": "t",
                                                                    "Startup Cost": 0.0,
                                                                    "Total Cost": 43899.01,
                                                                    "Plan Rows": 248871,
                                                                    "Plan Width": 4,
                                                                    "Actual Startup Time": 0.067,
                                                                    "Actual Total Time": 100.085,
                                                                    "Actual Rows": 140721,
                                                                    "Actual Loops": 7,
                                                                    "Output": [
                                                                        "t.id"
                                                                    ],
                                                                    "Filter": "(t.kind_id < 7)",
                                                                    "Rows Removed by Filter": 220466,
                                                                    "Workers": [
                                                                        {
                                                                            "Worker Number": 0,
                                                                            "Actual Startup Time": 0.081,
                                                                            "Actual Total Time": 102.556,
                                                                            "Actual Rows": 129415,
                                                                            "Actual Loops": 1
                                                                        },
                                                                        {
                                                                            "Worker Number": 1,
                                                                            "Actual Startup Time": 0.075,
                                                                            "Actual Total Time": 101.926,
                                                                            "Actual Rows": 128923,
                                                                            "Actual Loops": 1
                                                                        },
                                                                        {
                                                                            "Worker Number": 2,
                                                                            "Actual Startup Time": 0.084,
                                                                            "Actual Total Time": 100.943,
                                                                            "Actual Rows": 129886,
                                                                            "Actual Loops": 1
                                                                        },
                                                                        {
                                                                            "Worker Number": 3,
                                                                            "Actual Startup Time": 0.066,
                                                                            "Actual Total Time": 102.179,
                                                                            "Actual Rows": 130938,
                                                                            "Actual Loops": 1
                                                                        },
                                                                        {
                                                                            "Worker Number": 4,
                                                                            "Actual Startup Time": 0.078,
                                                                            "Actual Total Time": 98.834,
                                                                            "Actual Rows": 174102,
                                                                            "Actual Loops": 1
                                                                        },
                                                                        {
                                                                            "Worker Number": 5,
                                                                            "Actual Startup Time": 0.059,
                                                                            "Actual Total Time": 101.168,
                                                                            "Actual Rows": 129039,
                                                                            "Actual Loops": 1
                                                                        }
                                                                    ]
                                                                }
                                                            ]
                                                        }
                                                    ]
                                                }
                                            ]
                                        }
                                    ]
                                }
                            ]
                        }
                    ]
                }
            ]
        },
        "Planning Time": 296.896,
        "Triggers": [],
        "Execution Time": 1072.749
    }
]