[
  {
    "Plan": {
      "Node Type": "Aggregate",
      "Strategy": "Plain",
      "Partial Mode": "Finalize",
      "Parallel Aware": false,
      "Startup Cost": 73214.63,
      "Total Cost": 73214.64,
      "Plan Rows": 1,
      "Plan Width": 8,
      "Actual Startup Time": 267.592,
      "Actual Total Time": 301.229,
      "Actual Rows": 1,
      "Actual Loops": 1,
      "Plans": [
        {
          "Node Type": "Gather",
          "Parent Relationship": "Outer",
          "Parallel Aware": false,
          "Startup Cost": 73214.41,
          "Total Cost": 73214.62,
          "Plan Rows": 2,
          "Plan Width": 8,
          "Actual Startup Time": 267.216,
          "Actual Total Time": 301.22,
          "Actual Rows": 3,
          "Actual Loops": 1,
          "Workers Planned": 2,
          "Workers Launched": 2,
          "Single Copy": false,
          "Plans": [
            {
              "Node Type": "Aggregate",
              "Strategy": "Plain",
              "Partial Mode": "Partial",
              "Parent Relationship": "Outer",
              "Parallel Aware": false,
              "Startup Cost": 72214.41,
              "Total Cost": 72214.42,
              "Plan Rows": 1,
              "Plan Width": 8,
              "Actual Startup Time": 259.094,
              "Actual Total Time": 259.097,
              "Actual Rows": 1,
              "Actual Loops": 3,
              "Plans": [
                {
                  "Node Type": "Nested Loop",
                  "Parent Relationship": "Outer",
                  "Parallel Aware": false,
                  "Join Type": "Inner",
                  "Startup Cost": 44059.74,
                  "Total Cost": 72208.45,
                  "Plan Rows": 2385,
                  "Plan Width": 0,
                  "Actual Startup Time": 116.918,
                  "Actual Total Time": 258.747,
                  "Actual Rows": 4316,
                  "Actual Loops": 3,
                  "Inner Unique": false,
                  "Join Filter": "(t.id = mi.movie_id)",
                  "Rows Removed by Join Filter": 0,
                  "Plans": [
                    {
                      "Node Type": "Hash Join",
                      "Parent Relationship": "Outer",
                      "Parallel Aware": true,
                      "Join Type": "Inner",
                      "Startup Cost": 44059.3,
                      "Total Cost": 59689.95,
                      "Plan Rows": 3928,
                      "Plan Width": 8,
                      "Actual Startup Time": 116.782,
                      "Actual Total Time": 174.002,
                      "Actual Rows": 3838,
                      "Actual Loops": 3,
                      "Inner Unique": true,
                      "Hash Cond": "(mi_idx.movie_id = t.id)",
                      "Plans": [
                        {
                          "Node Type": "Seq Scan",
                          "Parent Relationship": "Outer",
                          "Parallel Aware": true,
                          "Relation Name": "movie_info_idx",
                          "Alias": "mi_idx",
                          "Startup Cost": 0.0,
                          "Total Cost": 15122.68,
                          "Plan Rows": 193512,
                          "Plan Width": 4,
                          "Actual Startup Time": 0.025,
                          "Actual Total Time": 35.966,
                          "Actual Rows": 153308,
                          "Actual Loops": 3,
                          "Filter": "(info_type_id = 100)",
                          "Rows Removed by Filter": 306703
                        },
                        {
                          "Node Type": "Hash",
                          "Parent Relationship": "Inner",
                          "Parallel Aware": true,
                          "Startup Cost": 43898.92,
                          "Total Cost": 43898.92,
                          "Plan Rows": 12831,
                          "Plan Width": 4,
                          "Actual Startup Time": 115.466,
                          "Actual Total Time": 115.466,
                          "Actual Rows": 17671,
                          "Actual Loops": 3,
                          "Hash Buckets": 65536,
                          "Original Hash Buckets": 65536,
                          "Hash Batches": 1,
                          "Original Hash Batches": 1,
                          "Peak Memory Usage": 2624,
                          "Plans": [
                            {
                              "Node Type": "Seq Scan",
                              "Parent Relationship": "Outer",
                              "Parallel Aware": true,
                              "Relation Name": "title",
                              "Alias": "t",
                              "Startup Cost": 0.0,
                              "Total Cost": 43898.92,
                              "Plan Rows": 12831,
                              "Plan Width": 4,
                              "Actual Startup Time": 0.068,
                              "Actual Total Time": 108.069,
                              "Actual Rows": 17671,
                              "Actual Loops": 3,
                              "Filter": "(production_year = 2000)",
                              "Rows Removed by Filter": 825100
                            }
                          ]
                        }
                      ]
                    },
                    {
                      "Node Type": "Index Scan",
                      "Parent Relationship": "Inner",
                      "Parallel Aware": false,
                      "Scan Direction": "Forward",
                      "Index Name": "movie_id_movie_info",
                      "Relation Name": "movie_info",
                      "Alias": "mi",
                      "Startup Cost": 0.43,
                      "Total Cost": 3.14,
                      "Plan Rows": 4,
                      "Plan Width": 4,
                      "Actual Startup Time": 0.021,
                      "Actual Total Time": 0.022,
                      "Actual Rows": 1,
                      "Actual Loops": 11514,
                      "Index Cond": "(movie_id = mi_idx.movie_id)",
                      "Rows Removed by Index Recheck": 0,
                      "Filter": "(info_type_id = 3)",
                      "Rows Removed by Filter": 14
                    }
                  ]
                }
              ]
            }
          ]
        }
      ]
    },
    "Planning Time": 1.451,
    "Triggers": [],
    "Execution Time": 301.329
  }
]