{
  "Plan": {
    "Node Type": "Aggregate",
    "Strategy": "Plain",
    "Partial Mode": "Finalize",
    "Parallel Aware": false,
    "Startup Cost": 105652.67,
    "Total Cost": 105652.68,
    "Plan Rows": 1,
    "Plan Width": 8,
    "Actual Startup Time": 505.117,
    "Actual Total Time": 520.081,
    "Actual Rows": 1,
    "Actual Loops": 1,
    "Plans": [
      {
        "Node Type": "Gather",
        "Parent Relationship": "Outer",
        "Parallel Aware": false,
        "Startup Cost": 105652.56,
        "Total Cost": 105652.67,
        "Plan Rows": 1,
        "Plan Width": 8,
        "Actual Startup Time": 503.514,
        "Actual Total Time": 520.072,
        "Actual Rows": 2,
        "Actual Loops": 1,
        "Workers Planned": 1,
        "Workers Launched": 1,
        "Single Copy": false,
        "Plans": [
          {
            "Node Type": "Aggregate",
            "Strategy": "Plain",
            "Partial Mode": "Partial",
            "Parent Relationship": "Outer",
            "Parallel Aware": false,
            "Startup Cost": 104652.56,
            "Total Cost": 104652.57,
            "Plan Rows": 1,
            "Plan Width": 8,
            "Actual Startup Time": 497.984,
            "Actual Total Time": 497.988,
            "Actual Rows": 1,
            "Actual Loops": 2,
            "Plans": [
              {
                "Node Type": "Hash Join",
                "Parent Relationship": "Outer",
                "Parallel Aware": true,
                "Join Type": "Inner",
                "Startup Cost": 61241.06,
                "Total Cost": 104443.48,
                "Plan Rows": 83630,
                "Plan Width": 0,
                "Actual Startup Time": 332.104,
                "Actual Total Time": 492.319,
                "Actual Rows": 111718,
                "Actual Loops": 2,
                "Inner Unique": true,
                "Hash Cond": "(mc.movie_id = t.id)",
                "Plans": [
                  {
                    "Node Type": "Seq Scan",
                    "Parent Relationship": "Outer",
                    "Parallel Aware": true,
                    "Relation Name": "movie_companies",
                    "Alias": "mc",
                    "Startup Cost": 0.0,
                    "Total Cost": 41811.73,
                    "Plan Rows": 529791,
                    "Plan Width": 4,
                    "Actual Startup Time": 63.037,
                    "Actual Total Time": 135.17,
                    "Actual Rows": 290237,
                    "Actual Loops": 2,
                    "Filter": "((company_id < 25417) AND (company_type_id > 1))",
                    "Rows Removed by Filter": 1014328
                  },
                  {
                    "Node Type": "Hash",
                    "Parent Relationship": "Inner",
                    "Parallel Aware": true,
                    "Startup Cost": 58306.47,
                    "Total Cost": 58306.47,
                    "Plan Rows": 234767,
                    "Plan Width": 4,
                    "Actual Startup Time": 263.18,
                    "Actual Total Time": 263.182,
                    "Actual Rows": 250306,
                    "Actual Loops": 2,
                    "Hash Buckets": 524288,
                    "Original Hash Buckets": 524288,
                    "Hash Batches": 1,
                    "Original Hash Batches": 1,
                    "Peak Memory Usage": 23712,
                    "Plans": [
                      {
                        "Node Type": "Seq Scan",
                        "Parent Relationship": "Outer",
                        "Parallel Aware": true,
                        "Relation Name": "title",
                        "Alias": "t",
                        "Startup Cost": 0.0,
                        "Total Cost": 58306.47,
                        "Plan Rows": 234767,
                        "Plan Width": 4,
                        "Actual Startup Time": 0.039,
                        "Actual Total Time": 181.166,
                        "Actual Rows": 250306,
                        "Actual Loops": 2,
                        "Filter": "((kind_id < 7) AND (production_year < 2000))",
                        "Rows Removed by Filter": 1013850
                      }
                    ]
                  }
                ]
              }
            ]
          }
        ]
      }
    ]
  },
  "Planning Time": 0.629,
  "Triggers": [],
  "Execution Time": 520.148
}