{
    "Plan": {
        "Node Type": "Aggregate",
        "Strategy": "Plain",
        "Partial Mode": "Finalize",
        "Parallel Aware": false,
        "Startup Cost": 318038.22,
        "Total Cost": 318038.23,
        "Plan Rows": 1,
        "Plan Width": 8,
        "Actual Startup Time": 234.684,
        "Actual Total Time": 276.965,
        "Actual Rows": 1,
        "Actual Loops": 1,
        "Output": [
            "count(*)"
        ],
        "Plans": [
            {
                "Node Type": "Gather",
                "Parent Relationship": "Outer",
                "Parallel Aware": false,
                "Startup Cost": 318037.8,
                "Total Cost": 318038.21,
                "Plan Rows": 4,
                "Plan Width": 8,
                "Actual Startup Time": 234.531,
                "Actual Total Time": 276.955,
                "Actual Rows": 5,
                "Actual Loops": 1,
                "Output": [
                    "(PARTIAL count(*))"
                ],
                "Workers Planned": 4,
                "Workers Launched": 4,
                "Single Copy": false,
                "Plans": [
                    {
                        "Node Type": "Aggregate",
                        "Strategy": "Plain",
                        "Partial Mode": "Partial",
                        "Parent Relationship": "Outer",
                        "Parallel Aware": false,
                        "Startup Cost": 317037.8,
                        "Total Cost": 317037.81,
                        "Plan Rows": 1,
                        "Plan Width": 8,
                        "Actual Startup Time": 224.456,
                        "Actual Total Time": 224.458,
                        "Actual Rows": 1,
                        "Actual Loops": 5,
                        "Output": [
                            "PARTIAL count(*)"
                        ],
                        "Workers": [
                            {
                                "Worker Number": 0,
                                "Actual Startup Time": 221.739,
                                "Actual Total Time": 221.74,
                                "Actual Rows": 1,
                                "Actual Loops": 1
                            },
                            {
                                "Worker Number": 1,
                                "Actual Startup Time": 221.736,
                                "Actual Total Time": 221.738,
                                "Actual Rows": 1,
                                "Actual Loops": 1
                            },
                            {
                                "Worker Number": 2,
                                "Actual Startup Time": 222.271,
                                "Actual Total Time": 222.273,
                                "Actual Rows": 1,
                                "Actual Loops": 1
                            },
                            {
                                "Worker Number": 3,
                                "Actual Startup Time": 222.85,
                                "Actual Total Time": 222.852,
                                "Actual Rows": 1,
                                "Actual Loops": 1
                            }
                        ],
                        "Plans": [
                            {
                                "Node Type": "Nested Loop",
                                "Parent Relationship": "Outer",
                                "Parallel Aware": false,
                                "Join Type": "Inner",
                                "Startup Cost": 0.56,
                                "Total Cost": 317035.75,
                                "Plan Rows": 818,
                                "Plan Width": 0,
                                "Actual Startup Time": 16.46,
                                "Actual Total Time": 224.395,
                                "Actual Rows": 255,
                                "Actual Loops": 5,
                                "Inner Unique": false,
                                "Workers": [
                                    {
                                        "Worker Number": 0,
                                        "Actual Startup Time": 12.722,
                                        "Actual Total Time": 221.691,
                                        "Actual Rows": 117,
                                        "Actual Loops": 1
                                    },
                                    {
                                        "Worker Number": 1,
                                        "Actual Startup Time": 11.06,
                                        "Actual Total Time": 221.68,
                                        "Actual Rows": 193,
                                        "Actual Loops": 1
                                    },
                                    {
                                        "Worker Number": 2,
                                        "Actual Startup Time": 24.581,
                                        "Actual Total Time": 222.218,
                                        "Actual Rows": 200,
                                        "Actual Loops": 1
                                    },
                                    {
                                        "Worker Number": 3,
                                        "Actual Startup Time": 29.766,
                                        "Actual Total Time": 222.796,
                                        "Actual Rows": 206,
                                        "Actual Loops": 1
                                    }
                                ],
                                "Plans": [
                                    {
                                        "Node Type": "Seq Scan",
                                        "Parent Relationship": "Outer",
                                        "Parallel Aware": true,
                                        "Relation Name": "title",
                                        "Schema": "public",
                                        "Alias": "t",
                                        "Startup Cost": 0.0,
                                        "Total Cost": 45479.21,
                                        "Plan Rows": 3612,
                                        "Plan Width": 4,
                                        "Actual Startup Time": 0.625,
                                        "Actual Total Time": 74.199,
                                        "Actual Rows": 1819,
                                        "Actual Loops": 5,
                                        "Output": [
                                            "t.id",
                                            "t.title",
                                            "t.imdb_index",
                                            "t.kind_id",
                                            "t.production_year",
                                            "t.imdb_id",
                                            "t.phonetic_code",
                                            "t.episode_of_id",
                                            "t.season_nr",
                                            "t.episode_nr",
                                            "t.series_years",
                                            "t.md5sum"
                                        ],
                                        "Filter": "((t.kind_id < 3) AND (t.production_year = 1998))",
                                        "Rows Removed by Filter": 503844,
                                        "Workers": [
                                            {
                                                "Worker Number": 0,
                                                "Actual Startup Time": 0.668,
                                                "Actual Total Time": 68.631,
                                                "Actual Rows": 1016,
                                                "Actual Loops": 1
                                            },
                                            {
                                                "Worker Number": 1,
                                                "Actual Startup Time": 0.309,
                                                "Actual Total Time": 62.153,
                                                "Actual Rows": 1372,
                                                "Actual Loops": 1
                                            },
                                            {
                                                "Worker Number": 2,
                                                "Actual Startup Time": 0.211,
                                                "Actual Total Time": 64.11,
                                                "Actual Rows": 1453,
                                                "Actual Loops": 1
                                            },
                                            {
                                                "Worker Number": 3,
                                                "Actual Startup Time": 0.375,
                                                "Actual Total Time": 64.364,
                                                "Actual Rows": 1309,
                                                "Actual Loops": 1
                                            }
                                        ]
                                    },
                                    {
                                        "Node Type": "Index Scan",
                                        "Parent Relationship": "Inner",
                                        "Parallel Aware": false,
                                        "Scan Direction": "Forward",
                                        "Index Name": "movie_id_cast_info",
                                        "Relation Name": "cast_info",
                                        "Schema": "public",
                                        "Alias": "ci",
                                        "Startup Cost": 0.56,
                                        "Total Cost": 75.17,
                                        "Plan Rows": 1,
                                        "Plan Width": 4,
                                        "Actual Startup Time": 0.076,
                                        "Actual Total Time": 0.082,
                                        "Actual Rows": 0,
                                        "Actual Loops": 9093,
                                        "Output": [
                                            "ci.id",
                                            "ci.person_id",
                                            "ci.movie_id",
                                            "ci.person_role_id",
                                            "ci.note",
                                            "ci.nr_order",
                                            "ci.role_id"
                                        ],
                                        "Index Cond": "(ci.movie_id = t.id)",
                                        "Rows Removed by Index Recheck": 0,
                                        "Filter": "((ci.person_id < 94737) AND (ci.role_id > 1))",
                                        "Rows Removed by Filter": 18,
                                        "Workers": [
                                            {
                                                "Worker Number": 0,
                                                "Actual Startup Time": 0.14,
                                                "Actual Total Time": 0.15,
                                                "Actual Rows": 0,
                                                "Actual Loops": 1016
                                            },
                                            {
                                                "Worker Number": 1,
                                                "Actual Startup Time": 0.107,
                                                "Actual Total Time": 0.116,
                                                "Actual Rows": 0,
                                                "Actual Loops": 1372
                                            },
                                            {
                                                "Worker Number": 2,
                                                "Actual Startup Time": 0.1,
                                                "Actual Total Time": 0.108,
                                                "Actual Rows": 0,
                                                "Actual Loops": 1453
                                            },
                                            {
                                                "Worker Number": 3,
                                                "Actual Startup Time": 0.11,
                                                "Actual Total Time": 0.12,
                                                "Actual Rows": 0,
                                                "Actual Loops": 1309
                                            }
                                        ]
                                    }
                                ]
                            }
                        ]
                    }
                ]
            }
        ]
    },
    "Planning Time": 0.754,
    "Triggers": [],
    "Execution Time": 277.055
}