[
  {
    "Plan": {
      "Node Type": "Aggregate",
      "Strategy": "Plain",
      "Partial Mode": "Finalize",
      "Parallel Aware": false,
      "Startup Cost": 23030.37,
      "Total Cost": 23030.38,
      "Plan Rows": 1,
      "Plan Width": 8,
      "Actual Startup Time": 12.311,
      "Actual Total Time": 14.341,
      "Actual Rows": 1,
      "Actual Loops": 1,
      "Plans": [
        {
          "Node Type": "Gather",
          "Parent Relationship": "Outer",
          "Parallel Aware": false,
          "Startup Cost": 23030.15,
          "Total Cost": 23030.36,
          "Plan Rows": 2,
          "Plan Width": 8,
          "Actual Startup Time": 8.966,
          "Actual Total Time": 14.327,
          "Actual Rows": 3,
          "Actual Loops": 1,
          "Workers Planned": 2,
          "Workers Launched": 2,
          "Single Copy": false,
          "Plans": [
            {
              "Node Type": "Aggregate",
              "Strategy": "Plain",
              "Partial Mode": "Partial",
              "Parent Relationship": "Outer",
              "Parallel Aware": false,
              "Startup Cost": 22030.15,
              "Total Cost": 22030.16,
              "Plan Rows": 1,
              "Plan Width": 8,
              "Actual Startup Time": 3.871,
              "Actual Total Time": 3.874,
              "Actual Rows": 1,
              "Actual Loops": 3,
              "Plans": [
                {
                  "Node Type": "Nested Loop",
                  "Parent Relationship": "Outer",
                  "Parallel Aware": false,
                  "Join Type": "Inner",
                  "Startup Cost": 125.07,
                  "Total Cost": 22029.6,
                  "Plan Rows": 222,
                  "Plan Width": 0,
                  "Actual Startup Time": 3.818,
                  "Actual Total Time": 3.868,
                  "Actual Rows": 1,
                  "Actual Loops": 3,
                  "Inner Unique": true,
                  "Join Filter": "(mc.movie_id = t.id)",
                  "Rows Removed by Join Filter": 0,
                  "Plans": [
                    {
                      "Node Type": "Nested Loop",
                      "Parent Relationship": "Outer",
                      "Parallel Aware": false,
                      "Join Type": "Inner",
                      "Startup Cost": 124.64,
                      "Total Cost": 21086.79,
                      "Plan Rows": 1108,
                      "Plan Width": 8,
                      "Actual Startup Time": 3.808,
                      "Actual Total Time": 3.847,
                      "Actual Rows": 1,
                      "Actual Loops": 3,
                      "Inner Unique": false,
                      "Plans": [
                        {
                          "Node Type": "Bitmap Heap Scan",
                          "Parent Relationship": "Outer",
                          "Parallel Aware": true,
                          "Relation Name": "movie_companies",
                          "Alias": "mc",
                          "Startup Cost": 124.21,
                          "Total Cost": 12388.75,
                          "Plan Rows": 1222,
                          "Plan Width": 4,
                          "Actual Startup Time": 3.72,
                          "Actual Total Time": 3.741,
                          "Actual Rows": 3,
                          "Actual Loops": 3,
                          "Recheck Cond": "(company_id = 49)",
                          "Rows Removed by Index Recheck": 0,
                          "Filter": "(company_type_id = 2)",
                          "Rows Removed by Filter": 1719,
                          "Exact Heap Blocks": 785,
                          "Lossy Heap Blocks": 0,
                          "Plans": [
                            {
                              "Node Type": "Bitmap Index Scan",
                              "Parent Relationship": "Outer",
                              "Parallel Aware": false,
                              "Index Name": "company_id_movie_companies",
                              "Startup Cost": 0.0,
                              "Total Cost": 123.48,
                              "Plan Rows": 5740,
                              "Plan Width": 0,
                              "Actual Startup Time": 3.773,
                              "Actual Total Time": 3.774,
                              "Actual Rows": 5166,
                              "Actual Loops": 1,
                              "Index Cond": "(company_id = 49)"
                            }
                          ]
                        },
                        {
                          "Node Type": "Index Scan",
                          "Parent Relationship": "Inner",
                          "Parallel Aware": false,
                          "Scan Direction": "Forward",
                          "Index Name": "movie_id_movie_info_idx",
                          "Relation Name": "movie_info_idx",
                          "Alias": "mi_idx",
                          "Startup Cost": 0.43,
                          "Total Cost": 7.11,
                          "Plan Rows": 1,
                          "Plan Width": 4,
                          "Actual Startup Time": 0.029,
                          "Actual Total Time": 0.029,
                          "Actual Rows": 0,
                          "Actual Loops": 10,
                          "Index Cond": "(movie_id = mc.movie_id)",
                          "Rows Removed by Index Recheck": 0,
                          "Filter": "(info_type_id = 100)",
                          "Rows Removed by Filter": 1
                        }
                      ]
                    },
                    {
                      "Node Type": "Index Only Scan",
                      "Parent Relationship": "Inner",
                      "Parallel Aware": false,
                      "Scan Direction": "Forward",
                      "Index Name": "title_pkey",
                      "Relation Name": "title",
                      "Alias": "t",
                      "Startup Cost": 0.43,
                      "Total Cost": 0.84,
                      "Plan Rows": 1,
                      "Plan Width": 4,
                      "Actual Startup Time": 0.016,
                      "Actual Total Time": 0.017,
                      "Actual Rows": 1,
                      "Actual Loops": 3,
                      "Index Cond": "(id = mi_idx.movie_id)",
                      "Rows Removed by Index Recheck": 0,
                      "Heap Fetches": 3
                    }
                  ]
                }
              ]
            }
          ]
        }
      ]
    },
    "Planning Time": 1.233,
    "Triggers": [],
    "Execution Time": 14.437
  }
]