[
  {
    "Plan": {
      "Node Type": "Aggregate",
      "Strategy": "Plain",
      "Partial Mode": "Finalize",
      "Parallel Aware": false,
      "Startup Cost": 335283.41,
      "Total Cost": 335283.42,
      "Plan Rows": 1,
      "Plan Width": 8,
      "Actual Startup Time": 683.785,
      "Actual Total Time": 736.429,
      "Actual Rows": 1,
      "Actual Loops": 1,
      "Plans": [
        {
          "Node Type": "Gather",
          "Parent Relationship": "Outer",
          "Parallel Aware": false,
          "Startup Cost": 335282.79,
          "Total Cost": 335283.4,
          "Plan Rows": 6,
          "Plan Width": 8,
          "Actual Startup Time": 683.655,
          "Actual Total Time": 736.42,
          "Actual Rows": 7,
          "Actual Loops": 1,
          "Workers Planned": 6,
          "Workers Launched": 6,
          "Single Copy": false,
          "Plans": [
            {
              "Node Type": "Aggregate",
              "Strategy": "Plain",
              "Partial Mode": "Partial",
              "Parent Relationship": "Outer",
              "Parallel Aware": false,
              "Startup Cost": 334282.79,
              "Total Cost": 334282.8,
              "Plan Rows": 1,
              "Plan Width": 8,
              "Actual Startup Time": 674.314,
              "Actual Total Time": 674.315,
              "Actual Rows": 1,
              "Actual Loops": 7,
              "Plans": [
                {
                  "Node Type": "Seq Scan",
                  "Parent Relationship": "Outer",
                  "Parallel Aware": true,
                  "Relation Name": "cast_info",
                  "Alias": "ci",
                  "Startup Cost": 0.0,
                  "Total Cost": 328162.03,
                  "Plan Rows": 2448305,
                  "Plan Width": 0,
                  "Actual Startup Time": 240.377,
                  "Actual Total Time": 584.738,
                  "Actual Rows": 2094138,
                  "Actual Loops": 7,
                  "Filter": "(person_id > 2189815)",
                  "Rows Removed by Filter": 3083626
                }
              ]
            }
          ]
        }
      ]
    },
    "Planning Time": 0.148,
    "Triggers": [],
    "Execution Time": 736.489
  }
]