[
    {
        "Bao": {
            "Bao prediction": "NaN",
            "Bao recommended hint": "(no hint)"
        }
    },
    {
        "Plan": {
            "Node Type": "Aggregate",
            "Strategy": "Plain",
            "Partial Mode": "Finalize",
            "Parallel Aware": false,
            "Startup Cost": 32872.18,
            "Total Cost": 32872.19,
            "Plan Rows": 1,
            "Plan Width": 8,
            "Actual Startup Time": 83.613,
            "Actual Total Time": 88.919,
            "Actual Rows": 1,
            "Actual Loops": 1,
            "Output": [
                "count(*)"
            ],
            "Plans": [
                {
                    "Node Type": "Gather",
                    "Parent Relationship": "Outer",
                    "Parallel Aware": false,
                    "Startup Cost": 32871.87,
                    "Total Cost": 32872.18,
                    "Plan Rows": 3,
                    "Plan Width": 8,
                    "Actual Startup Time": 83.513,
                    "Actual Total Time": 88.912,
                    "Actual Rows": 4,
                    "Actual Loops": 1,
                    "Output": [
                        "(PARTIAL count(*))"
                    ],
                    "Workers Planned": 3,
                    "Workers Launched": 3,
                    "Single Copy": false,
                    "Plans": [
                        {
                            "Node Type": "Aggregate",
                            "Strategy": "Plain",
                            "Partial Mode": "Partial",
                            "Parent Relationship": "Outer",
                            "Parallel Aware": false,
                            "Startup Cost": 31871.87,
                            "Total Cost": 31871.88,
                            "Plan Rows": 1,
                            "Plan Width": 8,
                            "Actual Startup Time": 76.922,
                            "Actual Total Time": 76.922,
                            "Actual Rows": 1,
                            "Actual Loops": 4,
                            "Output": [
                                "PARTIAL count(*)"
                            ],
                            "Workers": [
                                {
                                    "Worker Number": 0,
                                    "Actual Startup Time": 72.74,
                                    "Actual Total Time": 72.741,
                                    "Actual Rows": 1,
                                    "Actual Loops": 1
                                },
                                {
                                    "Worker Number": 1,
                                    "Actual Startup Time": 78.175,
                                    "Actual Total Time": 78.175,
                                    "Actual Rows": 1,
                                    "Actual Loops": 1
                                },
                                {
                                    "Worker Number": 2,
                                    "Actual Startup Time": 73.699,
                                    "Actual Total Time": 73.7,
                                    "Actual Rows": 1,
                                    "Actual Loops": 1
                                }
                            ],
                            "Plans": [
                                {
                                    "Node Type": "Seq Scan",
                                    "Parent Relationship": "Outer",
                                    "Parallel Aware": true,
                                    "Relation Name": "movie_companies",
                                    "Schema": "public",
                                    "Alias": "mc",
                                    "Startup Cost": 0.0,
                                    "Total Cost": 31414.82,
                                    "Plan Rows": 182819,
                                    "Plan Width": 0,
                                    "Actual Startup Time": 42.474,
                                    "Actual Total Time": 72.859,
                                    "Actual Rows": 88890,
                                    "Actual Loops": 4,
                                    "Output": [
                                        "id",
                                        "movie_id",
                                        "company_id",
                                        "company_type_id",
                                        "note"
                                    ],
                                    "Filter": "((mc.company_id < 7848) AND (mc.company_type_id > 1))",
                                    "Rows Removed by Filter": 563392,
                                    "Workers": [
                                        {
                                            "Worker Number": 0,
                                            "Actual Startup Time": 38.29,
                                            "Actual Total Time": 68.849,
                                            "Actual Rows": 56668,
                                            "Actual Loops": 1
                                        },
                                        {
                                            "Worker Number": 1,
                                            "Actual Startup Time": 43.723,
                                            "Actual Total Time": 74.153,
                                            "Actual Rows": 93792,
                                            "Actual Loops": 1
                                        },
                                        {
                                            "Worker Number": 2,
                                            "Actual Startup Time": 39.256,
                                            "Actual Total Time": 69.727,
                                            "Actual Rows": 92621,
                                            "Actual Loops": 1
                                        }
                                    ]
                                }
                            ]
                        }
                    ]
                }
            ]
        },
        "Planning Time": 226.992,
        "Triggers": [],
        "Execution Time": 88.995
    }
]