{
  "Plan": {
    "Node Type": "Aggregate",
    "Strategy": "Plain",
    "Partial Mode": "Finalize",
    "Parallel Aware": false,
    "Startup Cost": 673376.84,
    "Total Cost": 673376.85,
    "Plan Rows": 1,
    "Plan Width": 8,
    "Actual Startup Time": 3890.431,
    "Actual Total Time": 3941.864,
    "Actual Rows": 1,
    "Actual Loops": 1,
    "Plans": [
      {
        "Node Type": "Gather",
        "Parent Relationship": "Outer",
        "Parallel Aware": false,
        "Startup Cost": 673376.72,
        "Total Cost": 673376.83,
        "Plan Rows": 1,
        "Plan Width": 8,
        "Actual Startup Time": 3886.632,
        "Actual Total Time": 3941.853,
        "Actual Rows": 2,
        "Actual Loops": 1,
        "Workers Planned": 1,
        "Workers Launched": 1,
        "Single Copy": false,
        "Plans": [
          {
            "Node Type": "Aggregate",
            "Strategy": "Plain",
            "Partial Mode": "Partial",
            "Parent Relationship": "Outer",
            "Parallel Aware": false,
            "Startup Cost": 672376.72,
            "Total Cost": 672376.73,
            "Plan Rows": 1,
            "Plan Width": 8,
            "Actual Startup Time": 3879.898,
            "Actual Total Time": 3880.493,
            "Actual Rows": 1,
            "Actual Loops": 2,
            "Plans": [
              {
                "Node Type": "Hash Join",
                "Parent Relationship": "Outer",
                "Parallel Aware": true,
                "Join Type": "Inner",
                "Startup Cost": 107701.04,
                "Total Cost": 670301.74,
                "Plan Rows": 829994,
                "Plan Width": 0,
                "Actual Startup Time": 536.692,
                "Actual Total Time": 3654.833,
                "Actual Rows": 5862880,
                "Actual Loops": 2,
                "Inner Unique": false,
                "Hash Cond": "(ci.movie_id = t.id)",
                "Plans": [
                  {
                    "Node Type": "Index Scan",
                    "Parent Relationship": "Outer",
                    "Parallel Aware": true,
                    "Scan Direction": "Forward",
                    "Index Name": "role_id_cast_info",
                    "Relation Name": "cast_info",
                    "Alias": "ci",
                    "Startup Cost": 0.56,
                    "Total Cost": 526730.69,
                    "Plan Rows": 8263536,
                    "Plan Width": 4,
                    "Actual Startup Time": 0.075,
                    "Actual Total Time": 1246.156,
                    "Actual Rows": 7321114,
                    "Actual Loops": 2,
                    "Index Cond": "(role_id > 2)",
                    "Rows Removed by Index Recheck": 0,
                    "Filter": "(person_id > 516102)",
                    "Rows Removed by Filter": 739728
                  },
                  {
                    "Node Type": "Hash",
                    "Parent Relationship": "Inner",
                    "Parallel Aware": true,
                    "Startup Cost": 105833.25,
                    "Total Cost": 105833.25,
                    "Plan Rows": 149378,
                    "Plan Width": 8,
                    "Actual Startup Time": 533.546,
                    "Actual Total Time": 534.14,
                    "Actual Rows": 272268,
                    "Actual Loops": 2,
                    "Hash Buckets": 1048576,
                    "Original Hash Buckets": 262144,
                    "Hash Batches": 1,
                    "Original Hash Batches": 1,
                    "Peak Memory Usage": 35680,
                    "Plans": [
                      {
                        "Node Type": "Hash Join",
                        "Parent Relationship": "Outer",
                        "Parallel Aware": true,
                        "Join Type": "Inner",
                        "Startup Cost": 75617.58,
                        "Total Cost": 105833.25,
                        "Plan Rows": 149378,
                        "Plan Width": 8,
                        "Actual Startup Time": 317.3,
                        "Actual Total Time": 469.467,
                        "Actual Rows": 272268,
                        "Actual Loops": 2,
                        "Inner Unique": true,
                        "Hash Cond": "(mk.movie_id = t.id)",
                        "Plans": [
                          {
                            "Node Type": "Bitmap Heap Scan",
                            "Parent Relationship": "Outer",
                            "Parallel Aware": true,
                            "Relation Name": "movie_keyword",
                            "Alias": "mk",
                            "Startup Cost": 13739.28,
                            "Total Cost": 42954.99,
                            "Plan Rows": 380937,
                            "Plan Width": 4,
                            "Actual Startup Time": 37.884,
                            "Actual Total Time": 111.76,
                            "Actual Rows": 315780,
                            "Actual Loops": 2,
                            "Recheck Cond": "(keyword_id > 29033)",
                            "Rows Removed by Index Recheck": 0,
                            "Exact Heap Blocks": 13012,
                            "Lossy Heap Blocks": 0,
                            "Plans": [
                              {
                                "Node Type": "Bitmap Index Scan",
                                "Parent Relationship": "Outer",
                                "Parallel Aware": false,
                                "Index Name": "keyword_id_movie_keyword",
                                "Startup Cost": 0.0,
                                "Total Cost": 13577.38,
                                "Plan Rows": 647593,
                                "Plan Width": 0,
                                "Actual Startup Time": 34.344,
                                "Actual Total Time": 34.344,
                                "Actual Rows": 631561,
                                "Actual Loops": 1,
                                "Index Cond": "(keyword_id > 29033)"
                              }
                            ]
                          },
                          {
                            "Node Type": "Hash",
                            "Parent Relationship": "Inner",
                            "Parallel Aware": true,
                            "Startup Cost": 54588.39,
                            "Total Cost": 54588.39,
                            "Plan Rows": 583193,
                            "Plan Width": 4,
                            "Actual Startup Time": 272.223,
                            "Actual Total Time": 272.224,
                            "Actual Rows": 492524,
                            "Actual Loops": 2,
                            "Hash Buckets": 1048576,
                            "Original Hash Buckets": 1048576,
                            "Hash Batches": 1,
                            "Original Hash Batches": 1,
                            "Peak Memory Usage": 46752,
                            "Plans": [
                              {
                                "Node Type": "Seq Scan",
                                "Parent Relationship": "Outer",
                                "Parallel Aware": true,
                                "Relation Name": "title",
                                "Alias": "t",
                                "Startup Cost": 0.0,
                                "Total Cost": 54588.39,
                                "Plan Rows": 583193,
                                "Plan Width": 4,
                                "Actual Startup Time": 0.041,
                                "Actual Total Time": 149.239,
                                "Actual Rows": 492524,
                                "Actual Loops": 2,
                                "Filter": "(kind_id < 7)",
                                "Rows Removed by Filter": 771632
                              }
                            ]
                          }
                        ]
                      }
                    ]
                  }
                ]
              }
            ]
          }
        ]
      }
    ]
  },
  "Planning Time": 1.138,
  "Triggers": [],
  "Execution Time": 3941.982
}