[
  {
    "Plan": {
      "Node Type": "Aggregate",
      "Strategy": "Plain",
      "Partial Mode": "Finalize",
      "Parallel Aware": false,
      "Startup Cost": 191076.15,
      "Total Cost": 191076.16,
      "Plan Rows": 1,
      "Plan Width": 64,
      "Actual Startup Time": 2608.862,
      "Actual Total Time": 2737.185,
      "Actual Rows": 1,
      "Actual Loops": 1,
      "Plans": [
        {
          "Node Type": "Gather",
          "Parent Relationship": "Outer",
          "Parallel Aware": false,
          "Startup Cost": 191075.82,
          "Total Cost": 191076.13,
          "Plan Rows": 3,
          "Plan Width": 64,
          "Actual Startup Time": 2606.571,
          "Actual Total Time": 2737.171,
          "Actual Rows": 4,
          "Actual Loops": 1,
          "Workers Planned": 3,
          "Workers Launched": 3,
          "Single Copy": false,
          "Plans": [
            {
              "Node Type": "Aggregate",
              "Strategy": "Plain",
              "Partial Mode": "Partial",
              "Parent Relationship": "Outer",
              "Parallel Aware": false,
              "Startup Cost": 190075.82,
              "Total Cost": 190075.83,
              "Plan Rows": 1,
              "Plan Width": 64,
              "Actual Startup Time": 2596.109,
              "Actual Total Time": 2596.123,
              "Actual Rows": 1,
              "Actual Loops": 4,
              "Plans": [
                {
                  "Node Type": "Hash Join",
                  "Parent Relationship": "Outer",
                  "Parallel Aware": true,
                  "Join Type": "Inner",
                  "Startup Cost": 173437.63,
                  "Total Cost": 188899.9,
                  "Plan Rows": 235184,
                  "Plan Width": 33,
                  "Actual Startup Time": 2525.919,
                  "Actual Total Time": 2592.814,
                  "Actual Rows": 38345,
                  "Actual Loops": 4,
                  "Inner Unique": false,
                  "Hash Cond": "(a1.person_id = n1.id)",
                  "Plans": [
                    {
                      "Node Type": "Seq Scan",
                      "Parent Relationship": "Outer",
                      "Parallel Aware": true,
                      "Relation Name": "aka_name",
                      "Alias": "a1",
                      "Startup Cost": 0.0,
                      "Total Cost": 14303.56,
                      "Plan Rows": 290756,
                      "Plan Width": 20,
                      "Actual Startup Time": 0.035,
                      "Actual Total Time": 27.881,
                      "Actual Rows": 225336,
                      "Actual Loops": 4
                    },
                    {
                      "Node Type": "Hash",
                      "Parent Relationship": "Inner",
                      "Parallel Aware": true,
                      "Startup Cost": 172212.44,
                      "Total Cost": 172212.44,
                      "Plan Rows": 98015,
                      "Plan Width": 25,
                      "Actual Startup Time": 2523.386,
                      "Actual Total Time": 2523.399,
                      "Actual Rows": 37246,
                      "Actual Loops": 4,
                      "Hash Buckets": 524288,
                      "Original Hash Buckets": 524288,
                      "Hash Batches": 1,
                      "Original Hash Batches": 1,
                      "Peak Memory Usage": 13568,
                      "Plans": [
                        {
                          "Node Type": "Nested Loop",
                          "Parent Relationship": "Outer",
                          "Parallel Aware": false,
                          "Join Type": "Inner",
                          "Startup Cost": 4794.62,
                          "Total Cost": 172212.44,
                          "Plan Rows": 98015,
                          "Plan Width": 25,
                          "Actual Startup Time": 19.939,
                          "Actual Total Time": 2493.408,
                          "Actual Rows": 37246,
                          "Actual Loops": 4,
                          "Inner Unique": true,
                          "Plans": [
                            {
                              "Node Type": "Hash Join",
                              "Parent Relationship": "Outer",
                              "Parallel Aware": false,
                              "Join Type": "Inner",
                              "Startup Cost": 4794.19,
                              "Total Cost": 127586.94,
                              "Plan Rows": 98015,
                              "Plan Width": 21,
                              "Actual Startup Time": 19.786,
                              "Actual Total Time": 2273.312,
                              "Actual Rows": 37246,
                              "Actual Loops": 4,
                              "Inner Unique": true,
                              "Hash Cond": "(ci.role_id = rt.id)",
                              "Plans": [
                                {
                                  "Node Type": "Nested Loop",
                                  "Parent Relationship": "Outer",
                                  "Parallel Aware": false,
                                  "Join Type": "Inner",
                                  "Startup Cost": 4793.03,
                                  "Total Cost": 123407.88,
                                  "Plan Rows": 1176182,
                                  "Plan Width": 25,
                                  "Actual Startup Time": 19.023,
                                  "Actual Total Time": 2146.892,
                                  "Actual Rows": 1221719,
                                  "Actual Loops": 4,
                                  "Inner Unique": false,
                                  "Plans": [
                                    {
                                      "Node Type": "Nested Loop",
                                      "Parent Relationship": "Outer",
                                      "Parallel Aware": false,
                                      "Join Type": "Inner",
                                      "Startup Cost": 4792.46,
                                      "Total Cost": 51596.12,
                                      "Plan Rows": 33666,
                                      "Plan Width": 25,
                                      "Actual Startup Time": 18.91,
                                      "Actual Total Time": 368.973,
                                      "Actual Rows": 37033,
                                      "Actual Loops": 4,
                                      "Inner Unique": true,
                                      "Plans": [
                                        {
                                          "Node Type": "Hash Join",
                                          "Parent Relationship": "Outer",
                                          "Parallel Aware": true,
                                          "Join Type": "Inner",
                                          "Startup Cost": 4792.03,
                                          "Total Cost": 34207.97,
                                          "Plan Rows": 33666,
                                          "Plan Width": 4,
                                          "Actual Startup Time": 18.797,
                                          "Actual Total Time": 201.36,
                                          "Actual Rows": 37033,
                                          "Actual Loops": 4,
                                          "Inner Unique": true,
                                          "Hash Cond": "(mc.company_id = cn.id)",
                                          "Plans": [
                                            {
                                              "Node Type": "Seq Scan",
                                              "Parent Relationship": "Outer",
                                              "Parallel Aware": true,
                                              "Relation Name": "movie_companies",
                                              "Alias": "mc",
                                              "Startup Cost": 0.0,
                                              "Total Cost": 27206.55,
                                              "Plan Rows": 841655,
                                              "Plan Width": 8,
                                              "Actual Startup Time": 0.026,
                                              "Actual Total Time": 79.027,
                                              "Actual Rows": 652282,
                                              "Actual Loops": 4
                                            },
                                            {
                                              "Node Type": "Hash",
                                              "Parent Relationship": "Inner",
                                              "Parallel Aware": true,
                                              "Startup Cost": 4722.92,
                                              "Total Cost": 4722.92,
                                              "Plan Rows": 5529,
                                              "Plan Width": 4,
                                              "Actual Startup Time": 18.629,
                                              "Actual Total Time": 18.63,
                                              "Actual Rows": 2444,
                                              "Actual Loops": 4,
                                              "Hash Buckets": 16384,
                                              "Original Hash Buckets": 16384,
                                              "Hash Batches": 1,
                                              "Original Hash Batches": 1,
                                              "Peak Memory Usage": 576,
                                              "Plans": [
                                                {
                                                  "Node Type": "Seq Scan",
                                                  "Parent Relationship": "Outer",
                                                  "Parallel Aware": true,
                                                  "Relation Name": "company_name",
                                                  "Alias": "cn",
                                                  "Startup Cost": 0.0,
                                                  "Total Cost": 4722.92,
                                                  "Plan Rows": 5529,
                                                  "Plan Width": 4,
                                                  "Actual Startup Time": 0.054,
                                                  "Actual Total Time": 17.126,
                                                  "Actual Rows": 2444,
                                                  "Actual Loops": 4,
                                                  "Filter": "((country_code)::text = '[de]'::text)",
                                                  "Rows Removed by Filter": 56306
                                                }
                                              ]
                                            }
                                          ]
                                        },
                                        {
                                          "Node Type": "Index Scan",
                                          "Parent Relationship": "Inner",
                                          "Parallel Aware": false,
                                          "Scan Direction": "Forward",
                                          "Index Name": "title_pkey",
                                          "Relation Name": "title",
                                          "Alias": "t",
                                          "Startup Cost": 0.43,
                                          "Total Cost": 0.52,
                                          "Plan Rows": 1,
                                          "Plan Width": 21,
                                          "Actual Startup Time": 0.004,
                                          "Actual Total Time": 0.004,
                                          "Actual Rows": 1,
                                          "Actual Loops": 148132,
                                          "Index Cond": "(id = mc.movie_id)",
                                          "Rows Removed by Index Recheck": 0
                                        }
                                      ]
                                    },
                                    {
                                      "Node Type": "Index Scan",
                                      "Parent Relationship": "Inner",
                                      "Parallel Aware": false,
                                      "Scan Direction": "Forward",
                                      "Index Name": "movie_id_cast_info",
                                      "Relation Name": "cast_info",
                                      "Alias": "ci",
                                      "Startup Cost": 0.56,
                                      "Total Cost": 1.78,
                                      "Plan Rows": 35,
                                      "Plan Width": 12,
                                      "Actual Startup Time": 0.007,
                                      "Actual Total Time": 0.042,
                                      "Actual Rows": 33,
                                      "Actual Loops": 148132,
                                      "Index Cond": "(movie_id = t.id)",
                                      "Rows Removed by Index Recheck": 0
                                    }
                                  ]
                                },
                                {
                                  "Node Type": "Hash",
                                  "Parent Relationship": "Inner",
                                  "Parallel Aware": false,
                                  "Startup Cost": 1.15,
                                  "Total Cost": 1.15,
                                  "Plan Rows": 1,
                                  "Plan Width": 4,
                                  "Actual Startup Time": 0.088,
                                  "Actual Total Time": 0.089,
                                  "Actual Rows": 1,
                                  "Actual Loops": 4,
                                  "Hash Buckets": 1024,
                                  "Original Hash Buckets": 1024,
                                  "Hash Batches": 1,
                                  "Original Hash Batches": 1,
                                  "Peak Memory Usage": 9,
                                  "Plans": [
                                    {
                                      "Node Type": "Seq Scan",
                                      "Parent Relationship": "Outer",
                                      "Parallel Aware": false,
                                      "Relation Name": "role_type",
                                      "Alias": "rt",
                                      "Startup Cost": 0.0,
                                      "Total Cost": 1.15,
                                      "Plan Rows": 1,
                                      "Plan Width": 4,
                                      "Actual Startup Time": 0.067,
                                      "Actual Total Time": 0.07,
                                      "Actual Rows": 1,
                                      "Actual Loops": 4,
                                      "Filter": "((role)::text = 'director'::text)",
                                      "Rows Removed by Filter": 11
                                    }
                                  ]
                                }
                              ]
                            },
                            {
                              "Node Type": "Index Only Scan",
                              "Parent Relationship": "Inner",
                              "Parallel Aware": false,
                              "Scan Direction": "Forward",
                              "Index Name": "name_pkey",
                              "Relation Name": "name",
                              "Alias": "n1",
                              "Startup Cost": 0.43,
                              "Total Cost": 0.46,
                              "Plan Rows": 1,
                              "Plan Width": 4,
                              "Actual Startup Time": 0.005,
                              "Actual Total Time": 0.005,
                              "Actual Rows": 1,
                              "Actual Loops": 148983,
                              "Index Cond": "(id = ci.person_id)",
                              "Rows Removed by Index Recheck": 0,
                              "Heap Fetches": 148983
                            }
                          ]
                        }
                      ]
                    }
                  ]
                }
              ]
            }
          ]
        }
      ]
    },
    "Planning Time": 12.144,
    "Triggers": [],
    "Execution Time": 2737.672
  }
]