{
    "Plan": {
        "Node Type": "Aggregate",
        "Strategy": "Plain",
        "Partial Mode": "Finalize",
        "Parallel Aware": false,
        "Startup Cost": 62870.87,
        "Total Cost": 62870.88,
        "Plan Rows": 1,
        "Plan Width": 8,
        "Actual Startup Time": 198.216,
        "Actual Total Time": 215.289,
        "Actual Rows": 1,
        "Actual Loops": 1,
        "Output": [
            "count(*)"
        ],
        "Plans": [
            {
                "Node Type": "Gather",
                "Parent Relationship": "Outer",
                "Parallel Aware": false,
                "Startup Cost": 62870.65,
                "Total Cost": 62870.86,
                "Plan Rows": 2,
                "Plan Width": 8,
                "Actual Startup Time": 197.939,
                "Actual Total Time": 215.28,
                "Actual Rows": 3,
                "Actual Loops": 1,
                "Output": [
                    "(PARTIAL count(*))"
                ],
                "Workers Planned": 2,
                "Workers Launched": 2,
                "Single Copy": false,
                "Plans": [
                    {
                        "Node Type": "Aggregate",
                        "Strategy": "Plain",
                        "Partial Mode": "Partial",
                        "Parent Relationship": "Outer",
                        "Parallel Aware": false,
                        "Startup Cost": 61870.65,
                        "Total Cost": 61870.66,
                        "Plan Rows": 1,
                        "Plan Width": 8,
                        "Actual Startup Time": 189.608,
                        "Actual Total Time": 189.612,
                        "Actual Rows": 1,
                        "Actual Loops": 3,
                        "Output": [
                            "PARTIAL count(*)"
                        ],
                        "Workers": [
                            {
                                "Worker Number": 0,
                                "Actual Startup Time": 185.673,
                                "Actual Total Time": 185.676,
                                "Actual Rows": 1,
                                "Actual Loops": 1
                            },
                            {
                                "Worker Number": 1,
                                "Actual Startup Time": 185.952,
                                "Actual Total Time": 185.956,
                                "Actual Rows": 1,
                                "Actual Loops": 1
                            }
                        ],
                        "Plans": [
                            {
                                "Node Type": "Nested Loop",
                                "Parent Relationship": "Outer",
                                "Parallel Aware": false,
                                "Join Type": "Inner",
                                "Startup Cost": 43952.64,
                                "Total Cost": 61867.25,
                                "Plan Rows": 1360,
                                "Plan Width": 0,
                                "Actual Startup Time": 114.901,
                                "Actual Total Time": 189.418,
                                "Actual Rows": 2427,
                                "Actual Loops": 3,
                                "Inner Unique": false,
                                "Join Filter": "(t.id = mc.movie_id)",
                                "Rows Removed by Join Filter": 0,
                                "Workers": [
                                    {
                                        "Worker Number": 0,
                                        "Actual Startup Time": 111.324,
                                        "Actual Total Time": 185.488,
                                        "Actual Rows": 2209,
                                        "Actual Loops": 1
                                    },
                                    {
                                        "Worker Number": 1,
                                        "Actual Startup Time": 111.276,
                                        "Actual Total Time": 185.761,
                                        "Actual Rows": 2154,
                                        "Actual Loops": 1
                                    }
                                ],
                                "Plans": [
                                    {
                                        "Node Type": "Hash Join",
                                        "Parent Relationship": "Outer",
                                        "Parallel Aware": true,
                                        "Join Type": "Inner",
                                        "Startup Cost": 43952.21,
                                        "Total Cost": 60082.52,
                                        "Plan Rows": 2585,
                                        "Plan Width": 8,
                                        "Actual Startup Time": 114.828,
                                        "Actual Total Time": 176.288,
                                        "Actual Rows": 1927,
                                        "Actual Loops": 3,
                                        "Output": [
                                            "t.id",
                                            "mi_idx.movie_id"
                                        ],
                                        "Inner Unique": true,
                                        "Hash Cond": "(mi_idx.movie_id = t.id)",
                                        "Workers": [
                                            {
                                                "Worker Number": 0,
                                                "Actual Startup Time": 111.226,
                                                "Actual Total Time": 169.998,
                                                "Actual Rows": 1785,
                                                "Actual Loops": 1
                                            },
                                            {
                                                "Worker Number": 1,
                                                "Actual Startup Time": 111.185,
                                                "Actual Total Time": 170.225,
                                                "Actual Rows": 1696,
                                                "Actual Loops": 1
                                            }
                                        ],
                                        "Plans": [
                                            {
                                                "Node Type": "Seq Scan",
                                                "Parent Relationship": "Outer",
                                                "Parallel Aware": true,
                                                "Relation Name": "movie_info_idx",
                                                "Schema": "public",
                                                "Alias": "mi_idx",
                                                "Startup Cost": 0.0,
                                                "Total Cost": 15122.68,
                                                "Plan Rows": 383860,
                                                "Plan Width": 4,
                                                "Actual Startup Time": 0.01,
                                                "Actual Total Time": 40.506,
                                                "Actual Rows": 306617,
                                                "Actual Loops": 3,
                                                "Output": [
                                                    "mi_idx.id",
                                                    "mi_idx.movie_id",
                                                    "mi_idx.info_type_id",
                                                    "mi_idx.info",
                                                    "mi_idx.note"
                                                ],
                                                "Filter": "(mi_idx.info_type_id < 101)",
                                                "Rows Removed by Filter": 153395,
                                                "Workers": [
                                                    {
                                                        "Worker Number": 0,
                                                        "Actual Startup Time": 0.009,
                                                        "Actual Total Time": 38.917,
                                                        "Actual Rows": 288243,
                                                        "Actual Loops": 1
                                                    },
                                                    {
                                                        "Worker Number": 1,
                                                        "Actual Startup Time": 0.011,
                                                        "Actual Total Time": 39.2,
                                                        "Actual Rows": 263685,
                                                        "Actual Loops": 1
                                                    }
                                                ]
                                            },
                                            {
                                                "Node Type": "Hash",
                                                "Parent Relationship": "Inner",
                                                "Parallel Aware": true,
                                                "Startup Cost": 43899.01,
                                                "Total Cost": 43899.01,
                                                "Plan Rows": 4256,
                                                "Plan Width": 4,
                                                "Actual Startup Time": 113.358,
                                                "Actual Total Time": 113.359,
                                                "Actual Rows": 5000,
                                                "Actual Loops": 3,
                                                "Output": [
                                                    "t.id"
                                                ],
                                                "Hash Buckets": 32768,
                                                "Original Hash Buckets": 32768,
                                                "Hash Batches": 1,
                                                "Original Hash Batches": 1,
                                                "Peak Memory Usage": 928,
                                                "Workers": [
                                                    {
                                                        "Worker Number": 0,
                                                        "Actual Startup Time": 109.925,
                                                        "Actual Total Time": 109.926,
                                                        "Actual Rows": 4125,
                                                        "Actual Loops": 1
                                                    },
                                                    {
                                                        "Worker Number": 1,
                                                        "Actual Startup Time": 110.22,
                                                        "Actual Total Time": 110.221,
                                                        "Actual Rows": 4114,
                                                        "Actual Loops": 1
                                                    }
                                                ],
                                                "Plans": [
                                                    {
                                                        "Node Type": "Seq Scan",
                                                        "Parent Relationship": "Outer",
                                                        "Parallel Aware": true,
                                                        "Relation Name": "title",
                                                        "Schema": "public",
                                                        "Alias": "t",
                                                        "Startup Cost": 0.0,
                                                        "Total Cost": 43899.01,
                                                        "Plan Rows": 4256,
                                                        "Plan Width": 4,
                                                        "Actual Startup Time": 0.359,
                                                        "Actual Total Time": 110.861,
                                                        "Actual Rows": 5000,
                                                        "Actual Loops": 3,
                                                        "Output": [
                                                            "t.id"
                                                        ],
                                                        "Filter": "(t.production_year = 1970)",
                                                        "Rows Removed by Filter": 837771,
                                                        "Workers": [
                                                            {
                                                                "Worker Number": 0,
                                                                "Actual Startup Time": 0.286,
                                                                "Actual Total Time": 107.405,
                                                                "Actual Rows": 4125,
                                                                "Actual Loops": 1
                                                            },
                                                            {
                                                                "Worker Number": 1,
                                                                "Actual Startup Time": 0.716,
                                                                "Actual Total Time": 107.604,
                                                                "Actual Rows": 4114,
                                                                "Actual Loops": 1
                                                            }
                                                        ]
                                                    }
                                                ]
                                            }
                                        ]
                                    },
                                    {
                                        "Node Type": "Index Scan",
                                        "Parent Relationship": "Inner",
                                        "Parallel Aware": false,
                                        "Scan Direction": "Forward",
                                        "Index Name": "movie_id_movie_companies",
                                        "Relation Name": "movie_companies",
                                        "Schema": "public",
                                        "Alias": "mc",
                                        "Startup Cost": 0.43,
                                        "Total Cost": 0.65,
                                        "Plan Rows": 3,
                                        "Plan Width": 4,
                                        "Actual Startup Time": 0.006,
                                        "Actual Total Time": 0.006,
                                        "Actual Rows": 1,
                                        "Actual Loops": 5782,
                                        "Output": [
                                            "mc.id",
                                            "mc.movie_id",
                                            "mc.company_id",
                                            "mc.company_type_id",
                                            "mc.note"
                                        ],
                                        "Index Cond": "(mc.movie_id = mi_idx.movie_id)",
                                        "Rows Removed by Index Recheck": 0,
                                        "Filter": "(mc.company_type_id = 2)",
                                        "Rows Removed by Filter": 2,
                                        "Workers": [
                                            {
                                                "Worker Number": 0,
                                                "Actual Startup Time": 0.008,
                                                "Actual Total Time": 0.008,
                                                "Actual Rows": 1,
                                                "Actual Loops": 1785
                                            },
                                            {
                                                "Worker Number": 1,
                                                "Actual Startup Time": 0.008,
                                                "Actual Total Time": 0.009,
                                                "Actual Rows": 1,
                                                "Actual Loops": 1696
                                            }
                                        ]
                                    }
                                ]
                            }
                        ]
                    }
                ]
            }
        ]
    },
    "Planning Time": 1.566,
    "Triggers": [],
    "Execution Time": 215.378
}