[
  {
    "Bao": {
      "Bao prediction": 1629.702,
      "Bao recommended hint": "SET enable_nestloop TO off; SET enable_mergejoin TO off; SET enable_indexscan TO off; "
    }
  },
  {
    "Plan": {
      "Node Type": "Aggregate",
      "Strategy": "Plain",
      "Partial Mode": "Finalize",
      "Parallel Aware": false,
      "Startup Cost": 353512.73,
      "Total Cost": 353512.74,
      "Plan Rows": 1,
      "Plan Width": 96,
      "Actual Startup Time": 1361.48,
      "Actual Total Time": 1416.113,
      "Actual Rows": 1,
      "Actual Loops": 1,
      "Plans": [
        {
          "Node Type": "Gather",
          "Parent Relationship": "Outer",
          "Parallel Aware": false,
          "Startup Cost": 353512.29,
          "Total Cost": 353512.7,
          "Plan Rows": 4,
          "Plan Width": 96,
          "Actual Startup Time": 1360.99,
          "Actual Total Time": 1416.097,
          "Actual Rows": 5,
          "Actual Loops": 1,
          "Workers Planned": 4,
          "Workers Launched": 4,
          "Single Copy": false,
          "Plans": [
            {
              "Node Type": "Aggregate",
              "Strategy": "Plain",
              "Partial Mode": "Partial",
              "Parent Relationship": "Outer",
              "Parallel Aware": false,
              "Startup Cost": 352512.29,
              "Total Cost": 352512.3,
              "Plan Rows": 1,
              "Plan Width": 96,
              "Actual Startup Time": 1345.486,
              "Actual Total Time": 1345.535,
              "Actual Rows": 1,
              "Actual Loops": 5,
              "Plans": [
                {
                  "Node Type": "Hash Join",
                  "Parent Relationship": "Outer",
                  "Parallel Aware": false,
                  "Join Type": "Inner",
                  "Startup Cost": 307671.84,
                  "Total Cost": 352512.28,
                  "Plan Rows": 1,
                  "Plan Width": 42,
                  "Actual Startup Time": 1303.55,
                  "Actual Total Time": 1345.512,
                  "Actual Rows": 30,
                  "Actual Loops": 5,
                  "Inner Unique": true,
                  "Hash Cond": "(t.kind_id = kt.id)",
                  "Plans": [
                    {
                      "Node Type": "Hash Join",
                      "Parent Relationship": "Outer",
                      "Parallel Aware": true,
                      "Join Type": "Inner",
                      "Startup Cost": 307670.73,
                      "Total Cost": 352511.16,
                      "Plan Rows": 1,
                      "Plan Width": 46,
                      "Actual Startup Time": 1302.705,
                      "Actual Total Time": 1344.659,
                      "Actual Rows": 32,
                      "Actual Loops": 5,
                      "Inner Unique": false,
                      "Hash Cond": "(t.id = mi.movie_id)",
                      "Plans": [
                        {
                          "Node Type": "Seq Scan",
                          "Parent Relationship": "Outer",
                          "Parallel Aware": true,
                          "Relation Name": "title",
                          "Alias": "t",
                          "Startup Cost": 0.0,
                          "Total Cost": 43897.41,
                          "Plan Rows": 251470,
                          "Plan Width": 25,
                          "Actual Startup Time": 0.009,
                          "Actual Total Time": 105.429,
                          "Actual Rows": 202584,
                          "Actual Loops": 5,
                          "Filter": "(production_year > 2005)",
                          "Rows Removed by Filter": 303078
                        },
                        {
                          "Node Type": "Hash",
                          "Parent Relationship": "Inner",
                          "Parallel Aware": true,
                          "Startup Cost": 307670.72,
                          "Total Cost": 307670.72,
                          "Plan Rows": 1,
                          "Plan Width": 45,
                          "Actual Startup Time": 1216.504,
                          "Actual Total Time": 1216.549,
                          "Actual Rows": 247,
                          "Actual Loops": 5,
                          "Hash Buckets": 1024,
                          "Original Hash Buckets": 1024,
                          "Hash Batches": 1,
                          "Original Hash Batches": 1,
                          "Peak Memory Usage": 168,
                          "Plans": [
                            {
                              "Node Type": "Hash Join",
                              "Parent Relationship": "Outer",
                              "Parallel Aware": false,
                              "Join Type": "Inner",
                              "Startup Cost": 302668.97,
                              "Total Cost": 307670.72,
                              "Plan Rows": 1,
                              "Plan Width": 45,
                              "Actual Startup Time": 1202.523,
                              "Actual Total Time": 1216.338,
                              "Actual Rows": 247,
                              "Actual Loops": 5,
                              "Inner Unique": true,
                              "Hash Cond": "(mc.company_type_id = ct.id)",
                              "Plans": [
                                {
                                  "Node Type": "Hash Join",
                                  "Parent Relationship": "Outer",
                                  "Parallel Aware": true,
                                  "Join Type": "Inner",
                                  "Startup Cost": 302667.88,
                                  "Total Cost": 307669.63,
                                  "Plan Rows": 1,
                                  "Plan Width": 49,
                                  "Actual Startup Time": 1202.378,
                                  "Actual Total Time": 1216.129,
                                  "Actual Rows": 247,
                                  "Actual Loops": 5,
                                  "Inner Unique": false,
                                  "Hash Cond": "(cn.id = mc.company_id)",
                                  "Plans": [
                                    {
                                      "Node Type": "Seq Scan",
                                      "Parent Relationship": "Outer",
                                      "Parallel Aware": true,
                                      "Relation Name": "company_name",
                                      "Alias": "cn",
                                      "Startup Cost": 0.0,
                                      "Total Cost": 4722.92,
                                      "Plan Rows": 74351,
                                      "Plan Width": 23,
                                      "Actual Startup Time": 0.023,
                                      "Actual Total Time": 10.955,
                                      "Actual Rows": 25246,
                                      "Actual Loops": 5,
                                      "Filter": "((country_code)::text <> '[us]'::text)",
                                      "Rows Removed by Filter": 21753
                                    },
                                    {
                                      "Node Type": "Hash",
                                      "Parent Relationship": "Inner",
                                      "Parallel Aware": true,
                                      "Startup Cost": 302667.87,
                                      "Total Cost": 302667.87,
                                      "Plan Rows": 1,
                                      "Plan Width": 34,
                                      "Actual Startup Time": 1202.168,
                                      "Actual Total Time": 1202.205,
                                      "Actual Rows": 254,
                                      "Actual Loops": 5,
                                      "Hash Buckets": 1024,
                                      "Original Hash Buckets": 1024,
                                      "Hash Batches": 1,
                                      "Original Hash Batches": 1,
                                      "Peak Memory Usage": 168,
                                      "Plans": [
                                        {
                                          "Node Type": "Hash Join",
                                          "Parent Relationship": "Outer",
                                          "Parallel Aware": true,
                                          "Join Type": "Inner",
                                          "Startup Cost": 271066.89,
                                          "Total Cost": 302667.87,
                                          "Plan Rows": 1,
                                          "Plan Width": 34,
                                          "Actual Startup Time": 1111.555,
                                          "Actual Total Time": 1202.034,
                                          "Actual Rows": 254,
                                          "Actual Loops": 5,
                                          "Inner Unique": false,
                                          "Hash Cond": "(mc.movie_id = mi.movie_id)",
                                          "Plans": [
                                            {
                                              "Node Type": "Seq Scan",
                                              "Parent Relationship": "Outer",
                                              "Parallel Aware": true,
                                              "Relation Name": "movie_companies",
                                              "Alias": "mc",
                                              "Startup Cost": 0.0,
                                              "Total Cost": 31414.82,
                                              "Plan Rows": 49641,
                                              "Plan Width": 12,
                                              "Actual Startup Time": 0.056,
                                              "Actual Total Time": 104.83,
                                              "Actual Rows": 60654,
                                              "Actual Loops": 5,
                                              "Filter": "((note !~~ '%(USA)%'::text) AND (note ~~ '%(200%)%'::text))",
                                              "Rows Removed by Filter": 461172
                                            },
                                            {
                                              "Node Type": "Hash",
                                              "Parent Relationship": "Inner",
                                              "Parallel Aware": true,
                                              "Startup Cost": 271066.87,
                                              "Total Cost": 271066.87,
                                              "Plan Rows": 1,
                                              "Plan Width": 22,
                                              "Actual Startup Time": 1091.261,
                                              "Actual Total Time": 1091.293,
                                              "Actual Rows": 21,
                                              "Actual Loops": 5,
                                              "Hash Buckets": 1024,
                                              "Original Hash Buckets": 1024,
                                              "Hash Batches": 1,
                                              "Original Hash Batches": 1,
                                              "Peak Memory Usage": 168,
                                              "Plans": [
                                                {
                                                  "Node Type": "Hash Join",
                                                  "Parent Relationship": "Outer",
                                                  "Parallel Aware": false,
                                                  "Join Type": "Inner",
                                                  "Startup Cost": 64562.47,
                                                  "Total Cost": 271066.87,
                                                  "Plan Rows": 1,
                                                  "Plan Width": 22,
                                                  "Actual Startup Time": 982.028,
                                                  "Actual Total Time": 1091.155,
                                                  "Actual Rows": 21,
                                                  "Actual Loops": 5,
                                                  "Inner Unique": true,
                                                  "Hash Cond": "(cc.status_id = cct2.id)",
                                                  "Plans": [
                                                    {
                                                      "Node Type": "Hash Join",
                                                      "Parent Relationship": "Outer",
                                                      "Parallel Aware": true,
                                                      "Join Type": "Inner",
                                                      "Startup Cost": 64561.38,
                                                      "Total Cost": 271065.78,
                                                      "Plan Rows": 1,
                                                      "Plan Width": 26,
                                                      "Actual Startup Time": 981.45,
                                                      "Actual Total Time": 1091.005,
                                                      "Actual Rows": 28,
                                                      "Actual Loops": 5,
                                                      "Inner Unique": false,
                                                      "Hash Cond": "(mi.movie_id = mk.movie_id)",
                                                      "Plans": [
                                                        {
                                                          "Node Type": "Hash Join",
                                                          "Parent Relationship": "Outer",
                                                          "Parallel Aware": false,
                                                          "Join Type": "Inner",
                                                          "Startup Cost": 2.43,
                                                          "Total Cost": 206506.08,
                                                          "Plan Rows": 198,
                                                          "Plan Width": 4,
                                                          "Actual Startup Time": 540.021,
                                                          "Actual Total Time": 658.206,
                                                          "Actual Rows": 11823,
                                                          "Actual Loops": 5,
                                                          "Inner Unique": true,
                                                          "Hash Cond": "(mi.info_type_id = it1.id)",
                                                          "Plans": [
                                                            {
                                                              "Node Type": "Seq Scan",
                                                              "Parent Relationship": "Outer",
                                                              "Parallel Aware": true,
                                                              "Relation Name": "movie_info",
                                                              "Alias": "mi",
                                                              "Startup Cost": 0.0,
                                                              "Total Cost": 206442.71,
                                                              "Plan Rows": 22376,
                                                              "Plan Width": 8,
                                                              "Actual Startup Time": 0.29,
                                                              "Actual Total Time": 654.044,
                                                              "Actual Rows": 26848,
                                                              "Actual Loops": 5,
                                                              "Filter": "(info = ANY ('{Sweden,Germany,Swedish,German}'::text[]))",
                                                              "Rows Removed by Filter": 2940296
                                                            },
                                                            {
                                                              "Node Type": "Hash",
                                                              "Parent Relationship": "Inner",
                                                              "Parallel Aware": false,
                                                              "Startup Cost": 2.41,
                                                              "Total Cost": 2.41,
                                                              "Plan Rows": 1,
                                                              "Plan Width": 4,
                                                              "Actual Startup Time": 0.033,
                                                              "Actual Total Time": 0.035,
                                                              "Actual Rows": 1,
                                                              "Actual Loops": 5,
                                                              "Hash Buckets": 1024,
                                                              "Original Hash Buckets": 1024,
                                                              "Hash Batches": 1,
                                                              "Original Hash Batches": 1,
                                                              "Peak Memory Usage": 9,
                                                              "Plans": [
                                                                {
                                                                  "Node Type": "Seq Scan",
                                                                  "Parent Relationship": "Outer",
                                                                  "Parallel Aware": false,
                                                                  "Relation Name": "info_type",
                                                                  "Alias": "it1",
                                                                  "Startup Cost": 0.0,
                                                                  "Total Cost": 2.41,
                                                                  "Plan Rows": 1,
                                                                  "Plan Width": 4,
                                                                  "Actual Startup Time": 0.012,
                                                                  "Actual Total Time": 0.02,
                                                                  "Actual Rows": 1,
                                                                  "Actual Loops": 5,
                                                                  "Filter": "((info)::text = 'countries'::text)",
                                                                  "Rows Removed by Filter": 112
                                                                }
                                                              ]
                                                            }
                                                          ]
                                                        },
                                                        {
                                                          "Node Type": "Hash",
                                                          "Parent Relationship": "Inner",
                                                          "Parallel Aware": true,
                                                          "Startup Cost": 64558.94,
                                                          "Total Cost": 64558.94,
                                                          "Plan Rows": 1,
                                                          "Plan Width": 22,
                                                          "Actual Startup Time": 430.263,
                                                          "Actual Total Time": 430.283,
                                                          "Actual Rows": 608,
                                                          "Actual Loops": 5,
                                                          "Hash Buckets": 1024,
                                                          "Original Hash Buckets": 1024,
                                                          "Hash Batches": 1,
                                                          "Original Hash Batches": 1,
                                                          "Peak Memory Usage": 200,
                                                          "Plans": [
                                                            {
                                                              "Node Type": "Hash Join",
                                                              "Parent Relationship": "Outer",
                                                              "Parallel Aware": true,
                                                              "Join Type": "Inner",
                                                              "Startup Cost": 49078.11,
                                                              "Total Cost": 64558.94,
                                                              "Plan Rows": 1,
                                                              "Plan Width": 22,
                                                              "Actual Startup Time": 368.25,
                                                              "Actual Total Time": 429.849,
                                                              "Actual Rows": 608,
                                                              "Actual Loops": 5,
                                                              "Inner Unique": false,
                                                              "Hash Cond": "(mi_idx.movie_id = mk.movie_id)",
                                                              "Plans": [
                                                                {
                                                                  "Node Type": "Hash Join",
                                                                  "Parent Relationship": "Outer",
                                                                  "Parallel Aware": false,
                                                                  "Join Type": "Inner",
                                                                  "Startup Cost": 2.43,
                                                                  "Total Cost": 15478.94,
                                                                  "Plan Rows": 1150,
                                                                  "Plan Width": 10,
                                                                  "Actual Startup Time": 0.287,
                                                                  "Actual Total Time": 57.368,
                                                                  "Actual Rows": 38983,
                                                                  "Actual Loops": 5,
                                                                  "Inner Unique": true,
                                                                  "Hash Cond": "(mi_idx.info_type_id = it2.id)",
                                                                  "Plans": [
                                                                    {
                                                                      "Node Type": "Seq Scan",
                                                                      "Parent Relationship": "Outer",
                                                                      "Parallel Aware": true,
                                                                      "Relation Name": "movie_info_idx",
                                                                      "Alias": "mi_idx",
                                                                      "Startup Cost": 0.0,
                                                                      "Total Cost": 15122.68,
                                                                      "Plan Rows": 129919,
                                                                      "Plan Width": 14,
                                                                      "Actual Startup Time": 0.051,
                                                                      "Actual Total Time": 46.726,
                                                                      "Actual Rows": 61653,
                                                                      "Actual Loops": 5,
                                                                      "Filter": "(info > '6.5'::text)",
                                                                      "Rows Removed by Filter": 214354
                                                                    },
                                                                    {
                                                                      "Node Type": "Hash",
                                                                      "Parent Relationship": "Inner",
                                                                      "Parallel Aware": false,
                                                                      "Startup Cost": 2.41,
                                                                      "Total Cost": 2.41,
                                                                      "Plan Rows": 1,
                                                                      "Plan Width": 4,
                                                                      "Actual Startup Time": 0.085,
                                                                      "Actual Total Time": 0.086,
                                                                      "Actual Rows": 1,
                                                                      "Actual Loops": 5,
                                                                      "Hash Buckets": 1024,
                                                                      "Original Hash Buckets": 1024,
                                                                      "Hash Batches": 1,
                                                                      "Original Hash Batches": 1,
                                                                      "Peak Memory Usage": 9,
                                                                      "Plans": [
                                                                        {
                                                                          "Node Type": "Seq Scan",
                                                                          "Parent Relationship": "Outer",
                                                                          "Parallel Aware": false,
                                                                          "Relation Name": "info_type",
                                                                          "Alias": "it2",
                                                                          "Startup Cost": 0.0,
                                                                          "Total Cost": 2.41,
                                                                          "Plan Rows": 1,
                                                                          "Plan Width": 4,
                                                                          "Actual Startup Time": 0.06,
                                                                          "Actual Total Time": 0.064,
                                                                          "Actual Rows": 1,
                                                                          "Actual Loops": 5,
                                                                          "Filter": "((info)::text = 'rating'::text)",
                                                                          "Rows Removed by Filter": 112
                                                                        }
                                                                      ]
                                                                    }
                                                                  ]
                                                                },
                                                                {
                                                                  "Node Type": "Hash",
                                                                  "Parent Relationship": "Inner",
                                                                  "Parallel Aware": true,
                                                                  "Startup Cost": 49075.49,
                                                                  "Total Cost": 49075.49,
                                                                  "Plan Rows": 15,
                                                                  "Plan Width": 12,
                                                                  "Actual Startup Time": 365.96,
                                                                  "Actual Total Time": 365.972,
                                                                  "Actual Rows": 1243,
                                                                  "Actual Loops": 5,
                                                                  "Hash Buckets": 8192,
                                                                  "Original Hash Buckets": 1024,
                                                                  "Hash Batches": 1,
                                                                  "Original Hash Batches": 1,
                                                                  "Peak Memory Usage": 536,
                                                                  "Plans": [
                                                                    {
                                                                      "Node Type": "Hash Join",
                                                                      "Parent Relationship": "Outer",
                                                                      "Parallel Aware": false,
                                                                      "Join Type": "Inner",
                                                                      "Startup Cost": 6196.99,
                                                                      "Total Cost": 49075.49,
                                                                      "Plan Rows": 15,
                                                                      "Plan Width": 12,
                                                                      "Actual Startup Time": 82.553,
                                                                      "Actual Total Time": 268.127,
                                                                      "Actual Rows": 1243,
                                                                      "Actual Loops": 5,
                                                                      "Inner Unique": false,
                                                                      "Hash Cond": "(mk.movie_id = cc.movie_id)",
                                                                      "Plans": [
                                                                        {
                                                                          "Node Type": "Hash Join",
                                                                          "Parent Relationship": "Outer",
                                                                          "Parallel Aware": false,
                                                                          "Join Type": "Inner",
                                                                          "Startup Cost": 2961.6,
                                                                          "Total Cost": 45839.79,
                                                                          "Plan Rows": 44,
                                                                          "Plan Width": 4,
                                                                          "Actual Startup Time": 25.501,
                                                                          "Actual Total Time": 208.687,
                                                                          "Actual Rows": 7418,
                                                                          "Actual Loops": 5,
                                                                          "Inner Unique": true,
                                                                          "Hash Cond": "(mk.keyword_id = k.id)",
                                                                          "Plans": [
                                                                            {
                                                                              "Node Type": "Seq Scan",
                                                                              "Parent Relationship": "Outer",
                                                                              "Parallel Aware": true,
                                                                              "Relation Name": "movie_keyword",
                                                                              "Alias": "mk",
                                                                              "Startup Cost": 0.0,
                                                                              "Total Cost": 39047.32,
                                                                              "Plan Rows": 1459332,
                                                                              "Plan Width": 8,
                                                                              "Actual Startup Time": 0.022,
                                                                              "Actual Total Time": 101.712,
                                                                              "Actual Rows": 904786,
                                                                              "Actual Loops": 5
                                                                            },
                                                                            {
                                                                              "Node Type": "Hash",
                                                                              "Parent Relationship": "Inner",
                                                                              "Parallel Aware": false,
                                                                              "Startup Cost": 2961.55,
                                                                              "Total Cost": 2961.55,
                                                                              "Plan Rows": 4,
                                                                              "Plan Width": 4,
                                                                              "Actual Startup Time": 24.843,
                                                                              "Actual Total Time": 24.845,
                                                                              "Actual Rows": 3,
                                                                              "Actual Loops": 5,
                                                                              "Hash Buckets": 1024,
                                                                              "Original Hash Buckets": 1024,
                                                                              "Hash Batches": 1,
                                                                              "Original Hash Batches": 1,
                                                                              "Peak Memory Usage": 9,
                                                                              "Plans": [
                                                                                {
                                                                                  "Node Type": "Seq Scan",
                                                                                  "Parent Relationship": "Outer",
                                                                                  "Parallel Aware": false,
                                                                                  "Relation Name": "keyword",
                                                                                  "Alias": "k",
                                                                                  "Startup Cost": 0.0,
                                                                                  "Total Cost": 2961.55,
                                                                                  "Plan Rows": 4,
                                                                                  "Plan Width": 4,
                                                                                  "Actual Startup Time": 1.199,
                                                                                  "Actual Total Time": 24.832,
                                                                                  "Actual Rows": 3,
                                                                                  "Actual Loops": 5,
                                                                                  "Filter": "(keyword = ANY ('{murder,murder-in-title,blood,violence}'::text[]))",
                                                                                  "Rows Removed by Filter": 134167
                                                                                }
                                                                              ]
                                                                            }
                                                                          ]
                                                                        },
                                                                        {
                                                                          "Node Type": "Hash",
                                                                          "Parent Relationship": "Inner",
                                                                          "Parallel Aware": false,
                                                                          "Startup Cost": 2813.24,
                                                                          "Total Cost": 2813.24,
                                                                          "Plan Rows": 33772,
                                                                          "Plan Width": 8,
                                                                          "Actual Startup Time": 54.998,
                                                                          "Actual Total Time": 55.003,
                                                                          "Actual Rows": 49145,
                                                                          "Actual Loops": 5,
                                                                          "Hash Buckets": 65536,
                                                                          "Original Hash Buckets": 65536,
                                                                          "Hash Batches": 1,
                                                                          "Original Hash Batches": 1,
                                                                          "Peak Memory Usage": 2432,
                                                                          "Plans": [
                                                                            {
                                                                              "Node Type": "Hash Join",
                                                                              "Parent Relationship": "Outer",
                                                                              "Parallel Aware": false,
                                                                              "Join Type": "Inner",
                                                                              "Startup Cost": 1.06,
                                                                              "Total Cost": 2813.24,
                                                                              "Plan Rows": 33772,
                                                                              "Plan Width": 8,
                                                                              "Actual Startup Time": 26.1,
                                                                              "Actual Total Time": 43.182,
                                                                              "Actual Rows": 49145,
                                                                              "Actual Loops": 5,
                                                                              "Inner Unique": true,
                                                                              "Hash Cond": "(cc.subject_id = cct1.id)",
                                                                              "Plans": [
                                                                                {
                                                                                  "Node Type": "Seq Scan",
                                                                                  "Parent Relationship": "Outer",
                                                                                  "Parallel Aware": false,
                                                                                  "Relation Name": "complete_cast",
                                                                                  "Alias": "cc",
                                                                                  "Startup Cost": 0.0,
                                                                                  "Total Cost": 2081.86,
                                                                                  "Plan Rows": 135086,
                                                                                  "Plan Width": 12,
                                                                                  "Actual Startup Time": 0.06,
                                                                                  "Actual Total Time": 21.142,
                                                                                  "Actual Rows": 135086,
                                                                                  "Actual Loops": 5
                                                                                },
                                                                                {
                                                                                  "Node Type": "Hash",
                                                                                  "Parent Relationship": "Inner",
                                                                                  "Parallel Aware": false,
                                                                                  "Startup Cost": 1.05,
                                                                                  "Total Cost": 1.05,
                                                                                  "Plan Rows": 1,
                                                                                  "Plan Width": 4,
                                                                                  "Actual Startup Time": 0.032,
                                                                                  "Actual Total Time": 0.033,
                                                                                  "Actual Rows": 1,
                                                                                  "Actual Loops": 5,
                                                                                  "Hash Buckets": 1024,
                                                                                  "Original Hash Buckets": 1024,
                                                                                  "Hash Batches": 1,
                                                                                  "Original Hash Batches": 1,
                                                                                  "Peak Memory Usage": 9,
                                                                                  "Plans": [
                                                                                    {
                                                                                      "Node Type": "Seq Scan",
                                                                                      "Parent Relationship": "Outer",
                                                                                      "Parallel Aware": false,
                                                                                      "Relation Name": "comp_cast_type",
                                                                                      "Alias": "cct1",
                                                                                      "Startup Cost": 0.0,
                                                                                      "Total Cost": 1.05,
                                                                                      "Plan Rows": 1,
                                                                                      "Plan Width": 4,
                                                                                      "Actual Startup Time": 0.012,
                                                                                      "Actual Total Time": 0.015,
                                                                                      "Actual Rows": 1,
                                                                                      "Actual Loops": 5,
                                                                                      "Filter": "((kind)::text = 'crew'::text)",
                                                                                      "Rows Removed by Filter": 3
                                                                                    }
                                                                                  ]
                                                                                }
                                                                              ]
                                                                            }
                                                                          ]
                                                                        }
                                                                      ]
                                                                    }
                                                                  ]
                                                                }
                                                              ]
                                                            }
                                                          ]
                                                        }
                                                      ]
                                                    },
                                                    {
                                                      "Node Type": "Hash",
                                                      "Parent Relationship": "Inner",
                                                      "Parallel Aware": false,
                                                      "Startup Cost": 1.05,
                                                      "Total Cost": 1.05,
                                                      "Plan Rows": 3,
                                                      "Plan Width": 4,
                                                      "Actual Startup Time": 0.056,
                                                      "Actual Total Time": 0.057,
                                                      "Actual Rows": 3,
                                                      "Actual Loops": 5,
                                                      "Hash Buckets": 1024,
                                                      "Original Hash Buckets": 1024,
                                                      "Hash Batches": 1,
                                                      "Original Hash Batches": 1,
                                                      "Peak Memory Usage": 9,
                                                      "Plans": [
                                                        {
                                                          "Node Type": "Seq Scan",
                                                          "Parent Relationship": "Outer",
                                                          "Parallel Aware": false,
                                                          "Relation Name": "comp_cast_type",
                                                          "Alias": "cct2",
                                                          "Startup Cost": 0.0,
                                                          "Total Cost": 1.05,
                                                          "Plan Rows": 3,
                                                          "Plan Width": 4,
                                                          "Actual Startup Time": 0.035,
                                                          "Actual Total Time": 0.039,
                                                          "Actual Rows": 3,
                                                          "Actual Loops": 5,
                                                          "Filter": "((kind)::text <> 'complete+verified'::text)",
                                                          "Rows Removed by Filter": 1
                                                        }
                                                      ]
                                                    }
                                                  ]
                                                }
                                              ]
                                            }
                                          ]
                                        }
                                      ]
                                    }
                                  ]
                                },
                                {
                                  "Node Type": "Hash",
                                  "Parent Relationship": "Inner",
                                  "Parallel Aware": false,
                                  "Startup Cost": 1.04,
                                  "Total Cost": 1.04,
                                  "Plan Rows": 4,
                                  "Plan Width": 4,
                                  "Actual Startup Time": 0.061,
                                  "Actual Total Time": 0.063,
                                  "Actual Rows": 4,
                                  "Actual Loops": 5,
                                  "Hash Buckets": 1024,
                                  "Original Hash Buckets": 1024,
                                  "Hash Batches": 1,
                                  "Original Hash Batches": 1,
                                  "Peak Memory Usage": 9,
                                  "Plans": [
                                    {
                                      "Node Type": "Seq Scan",
                                      "Parent Relationship": "Outer",
                                      "Parallel Aware": false,
                                      "Relation Name": "company_type",
                                      "Alias": "ct",
                                      "Startup Cost": 0.0,
                                      "Total Cost": 1.04,
                                      "Plan Rows": 4,
                                      "Plan Width": 4,
                                      "Actual Startup Time": 0.042,
                                      "Actual Total Time": 0.046,
                                      "Actual Rows": 4,
                                      "Actual Loops": 5
                                    }
                                  ]
                                }
                              ]
                            }
                          ]
                        }
                      ]
                    },
                    {
                      "Node Type": "Hash",
                      "Parent Relationship": "Inner",
                      "Parallel Aware": false,
                      "Startup Cost": 1.09,
                      "Total Cost": 1.09,
                      "Plan Rows": 2,
                      "Plan Width": 4,
                      "Actual Startup Time": 0.087,
                      "Actual Total Time": 0.088,
                      "Actual Rows": 2,
                      "Actual Loops": 5,
                      "Hash Buckets": 1024,
                      "Original Hash Buckets": 1024,
                      "Hash Batches": 1,
                      "Original Hash Batches": 1,
                      "Peak Memory Usage": 9,
                      "Plans": [
                        {
                          "Node Type": "Seq Scan",
                          "Parent Relationship": "Outer",
                          "Parallel Aware": false,
                          "Relation Name": "kind_type",
                          "Alias": "kt",
                          "Startup Cost": 0.0,
                          "Total Cost": 1.09,
                          "Plan Rows": 2,
                          "Plan Width": 4,
                          "Actual Startup Time": 0.059,
                          "Actual Total Time": 0.065,
                          "Actual Rows": 2,
                          "Actual Loops": 5,
                          "Filter": "((kind)::text = ANY ('{movie,episode}'::text[]))",
                          "Rows Removed by Filter": 5
                        }
                      ]
                    }
                  ]
                }
              ]
            }
          ]
        }
      ]
    },
    "Planning Time": 7297.579,
    "Triggers": [],
    "Execution Time": 1417.596
  }
]