[
  {
    "Plan": {
      "Node Type": "Aggregate",
      "Strategy": "Plain",
      "Partial Mode": "Finalize",
      "Parallel Aware": false,
      "Startup Cost": 33008.57,
      "Total Cost": 33008.58,
      "Plan Rows": 1,
      "Plan Width": 8,
      "Actual Startup Time": 77.077,
      "Actual Total Time": 85.414,
      "Actual Rows": 1,
      "Actual Loops": 1,
      "Plans": [
        {
          "Node Type": "Gather",
          "Parent Relationship": "Outer",
          "Parallel Aware": false,
          "Startup Cost": 33008.26,
          "Total Cost": 33008.57,
          "Plan Rows": 3,
          "Plan Width": 8,
          "Actual Startup Time": 76.93,
          "Actual Total Time": 85.404,
          "Actual Rows": 4,
          "Actual Loops": 1,
          "Workers Planned": 3,
          "Workers Launched": 3,
          "Single Copy": false,
          "Plans": [
            {
              "Node Type": "Aggregate",
              "Strategy": "Plain",
              "Partial Mode": "Partial",
              "Parent Relationship": "Outer",
              "Parallel Aware": false,
              "Startup Cost": 32008.26,
              "Total Cost": 32008.27,
              "Plan Rows": 1,
              "Plan Width": 8,
              "Actual Startup Time": 73.757,
              "Actual Total Time": 73.758,
              "Actual Rows": 1,
              "Actual Loops": 4,
              "Plans": [
                {
                  "Node Type": "Seq Scan",
                  "Parent Relationship": "Outer",
                  "Parallel Aware": true,
                  "Relation Name": "movie_companies",
                  "Alias": "mc",
                  "Startup Cost": 0.0,
                  "Total Cost": 31414.82,
                  "Plan Rows": 237375,
                  "Plan Width": 0,
                  "Actual Startup Time": 35.626,
                  "Actual Total Time": 68.31,
                  "Actual Rows": 115906,
                  "Actual Loops": 4,
                  "Filter": "((company_id < 12995) AND (company_type_id > 1))",
                  "Rows Removed by Filter": 536376
                }
              ]
            }
          ]
        }
      ]
    },
    "Planning Time": 0.219,
    "Triggers": [],
    "Execution Time": 85.468
  }
]