[
  {
    "Plan": {
      "Node Type": "Aggregate",
      "Strategy": "Plain",
      "Partial Mode": "Finalize",
      "Parallel Aware": false,
      "Startup Cost": 33010.17,
      "Total Cost": 33010.18,
      "Plan Rows": 1,
      "Plan Width": 8,
      "Actual Startup Time": 94.282,
      "Actual Total Time": 102.9,
      "Actual Rows": 1,
      "Actual Loops": 1,
      "Plans": [
        {
          "Node Type": "Gather",
          "Parent Relationship": "Outer",
          "Parallel Aware": false,
          "Startup Cost": 33009.85,
          "Total Cost": 33010.16,
          "Plan Rows": 3,
          "Plan Width": 8,
          "Actual Startup Time": 94.16,
          "Actual Total Time": 102.893,
          "Actual Rows": 4,
          "Actual Loops": 1,
          "Workers Planned": 3,
          "Workers Launched": 3,
          "Single Copy": false,
          "Plans": [
            {
              "Node Type": "Aggregate",
              "Strategy": "Plain",
              "Partial Mode": "Partial",
              "Parent Relationship": "Outer",
              "Parallel Aware": false,
              "Startup Cost": 32009.85,
              "Total Cost": 32009.86,
              "Plan Rows": 1,
              "Plan Width": 8,
              "Actual Startup Time": 85.645,
              "Actual Total Time": 85.646,
              "Actual Rows": 1,
              "Actual Loops": 4,
              "Plans": [
                {
                  "Node Type": "Seq Scan",
                  "Parent Relationship": "Outer",
                  "Parallel Aware": true,
                  "Relation Name": "movie_companies",
                  "Alias": "mc",
                  "Startup Cost": 0.0,
                  "Total Cost": 31414.82,
                  "Plan Rows": 238014,
                  "Plan Width": 0,
                  "Actual Startup Time": 48.965,
                  "Actual Total Time": 80.528,
                  "Actual Rows": 115906,
                  "Actual Loops": 4,
                  "Filter": "((company_id < 12995) AND (company_type_id > 1))",
                  "Rows Removed by Filter": 536376
                }
              ]
            }
          ]
        }
      ]
    },
    "Planning Time": 0.187,
    "Triggers": [],
    "Execution Time": 102.951
  }
]