[
  {
    "Plan": {
      "Node Type": "Aggregate",
      "Strategy": "Plain",
      "Partial Mode": "Finalize",
      "Parallel Aware": false,
      "Startup Cost": 45433.9,
      "Total Cost": 45433.91,
      "Plan Rows": 1,
      "Plan Width": 8,
      "Actual Startup Time": 118.06,
      "Actual Total Time": 125.484,
      "Actual Rows": 1,
      "Actual Loops": 1,
      "Plans": [
        {
          "Node Type": "Gather",
          "Parent Relationship": "Outer",
          "Parallel Aware": false,
          "Startup Cost": 45433.59,
          "Total Cost": 45433.9,
          "Plan Rows": 3,
          "Plan Width": 8,
          "Actual Startup Time": 117.951,
          "Actual Total Time": 125.476,
          "Actual Rows": 4,
          "Actual Loops": 1,
          "Workers Planned": 3,
          "Workers Launched": 3,
          "Single Copy": false,
          "Plans": [
            {
              "Node Type": "Aggregate",
              "Strategy": "Plain",
              "Partial Mode": "Partial",
              "Parent Relationship": "Outer",
              "Parallel Aware": false,
              "Startup Cost": 44433.59,
              "Total Cost": 44433.6,
              "Plan Rows": 1,
              "Plan Width": 8,
              "Actual Startup Time": 115.191,
              "Actual Total Time": 115.192,
              "Actual Rows": 1,
              "Actual Loops": 4,
              "Plans": [
                {
                  "Node Type": "Seq Scan",
                  "Parent Relationship": "Outer",
                  "Parallel Aware": true,
                  "Relation Name": "movie_keyword",
                  "Alias": "mk",
                  "Startup Cost": 0.0,
                  "Total Cost": 42695.65,
                  "Plan Rows": 695173,
                  "Plan Width": 0,
                  "Actual Startup Time": 0.267,
                  "Actual Total Time": 93.232,
                  "Actual Rows": 535163,
                  "Actual Loops": 4,
                  "Filter": "(keyword_id > 5473)",
                  "Rows Removed by Filter": 595820
                }
              ]
            }
          ]
        }
      ]
    },
    "Planning Time": 0.08,
    "Triggers": [],
    "Execution Time": 125.51
  }
]