[
  {
    "Plan": {
      "Node Type": "Aggregate",
      "Strategy": "Plain",
      "Partial Mode": "Finalize",
      "Parallel Aware": false,
      "Startup Cost": 31073.21,
      "Total Cost": 31073.22,
      "Plan Rows": 1,
      "Plan Width": 8,
      "Actual Startup Time": 123.187,
      "Actual Total Time": 136.335,
      "Actual Rows": 1,
      "Actual Loops": 1,
      "Plans": [
        {
          "Node Type": "Gather",
          "Parent Relationship": "Outer",
          "Parallel Aware": false,
          "Startup Cost": 31072.89,
          "Total Cost": 31073.2,
          "Plan Rows": 3,
          "Plan Width": 8,
          "Actual Startup Time": 122.86,
          "Actual Total Time": 136.317,
          "Actual Rows": 4,
          "Actual Loops": 1,
          "Workers Planned": 3,
          "Workers Launched": 3,
          "Single Copy": false,
          "Plans": [
            {
              "Node Type": "Aggregate",
              "Strategy": "Plain",
              "Partial Mode": "Partial",
              "Parent Relationship": "Outer",
              "Parallel Aware": false,
              "Startup Cost": 30072.89,
              "Total Cost": 30072.9,
              "Plan Rows": 1,
              "Plan Width": 8,
              "Actual Startup Time": 114.201,
              "Actual Total Time": 114.204,
              "Actual Rows": 1,
              "Actual Loops": 4,
              "Plans": [
                {
                  "Node Type": "Seq Scan",
                  "Parent Relationship": "Outer",
                  "Parallel Aware": true,
                  "Relation Name": "movie_companies",
                  "Alias": "mc",
                  "Startup Cost": 0.0,
                  "Total Cost": 29310.68,
                  "Plan Rows": 304885,
                  "Plan Width": 0,
                  "Actual Startup Time": 0.069,
                  "Actual Total Time": 97.629,
                  "Actual Rows": 236362,
                  "Actual Loops": 4,
                  "Filter": "(company_id < 3598)",
                  "Rows Removed by Filter": 415920
                }
              ]
            }
          ]
        }
      ]
    },
    "Planning Time": 0.329,
    "Triggers": [],
    "Execution Time": 136.405
  }
]