[
  {
    "Plan": {
      "Node Type": "Aggregate",
      "Strategy": "Plain",
      "Partial Mode": "Finalize",
      "Parallel Aware": false,
      "Startup Cost": 38124.31,
      "Total Cost": 38124.32,
      "Plan Rows": 1,
      "Plan Width": 8,
      "Actual Startup Time": 104.35,
      "Actual Total Time": 114.288,
      "Actual Rows": 1,
      "Actual Loops": 1,
      "Plans": [
        {
          "Node Type": "Gather",
          "Parent Relationship": "Outer",
          "Parallel Aware": false,
          "Startup Cost": 38124.0,
          "Total Cost": 38124.31,
          "Plan Rows": 3,
          "Plan Width": 8,
          "Actual Startup Time": 103.868,
          "Actual Total Time": 114.271,
          "Actual Rows": 4,
          "Actual Loops": 1,
          "Workers Planned": 3,
          "Workers Launched": 3,
          "Single Copy": false,
          "Plans": [
            {
              "Node Type": "Aggregate",
              "Strategy": "Plain",
              "Partial Mode": "Partial",
              "Parent Relationship": "Outer",
              "Parallel Aware": false,
              "Startup Cost": 37124.0,
              "Total Cost": 37124.01,
              "Plan Rows": 1,
              "Plan Width": 8,
              "Actual Startup Time": 99.833,
              "Actual Total Time": 99.835,
              "Actual Rows": 1,
              "Actual Loops": 4,
              "Plans": [
                {
                  "Node Type": "Bitmap Heap Scan",
                  "Parent Relationship": "Outer",
                  "Parallel Aware": true,
                  "Relation Name": "movie_keyword",
                  "Alias": "mk",
                  "Startup Cost": 10317.06,
                  "Total Cost": 36731.84,
                  "Plan Rows": 156863,
                  "Plan Width": 0,
                  "Actual Startup Time": 27.496,
                  "Actual Total Time": 93.147,
                  "Actual Rows": 120991,
                  "Actual Loops": 4,
                  "Recheck Cond": "(keyword_id > 37065)",
                  "Rows Removed by Index Recheck": 0,
                  "Exact Heap Blocks": 9738,
                  "Lossy Heap Blocks": 0,
                  "Plans": [
                    {
                      "Node Type": "Bitmap Index Scan",
                      "Parent Relationship": "Outer",
                      "Parallel Aware": false,
                      "Index Name": "keyword_id_movie_keyword",
                      "Startup Cost": 0.0,
                      "Total Cost": 10195.49,
                      "Plan Rows": 486274,
                      "Plan Width": 0,
                      "Actual Startup Time": 27.621,
                      "Actual Total Time": 27.622,
                      "Actual Rows": 483965,
                      "Actual Loops": 1,
                      "Index Cond": "(keyword_id > 37065)"
                    }
                  ]
                }
              ]
            }
          ]
        }
      ]
    },
    "Planning Time": 0.182,
    "Triggers": [],
    "Execution Time": 114.373
  }
]