[
  {
    "Plan": {
      "Node Type": "Aggregate",
      "Strategy": "Plain",
      "Partial Mode": "Finalize",
      "Parallel Aware": false,
      "Startup Cost": 39648.74,
      "Total Cost": 39648.75,
      "Plan Rows": 1,
      "Plan Width": 8,
      "Actual Startup Time": 54.959,
      "Actual Total Time": 60.921,
      "Actual Rows": 1,
      "Actual Loops": 1,
      "Plans": [
        {
          "Node Type": "Gather",
          "Parent Relationship": "Outer",
          "Parallel Aware": false,
          "Startup Cost": 39648.32,
          "Total Cost": 39648.73,
          "Plan Rows": 4,
          "Plan Width": 8,
          "Actual Startup Time": 54.653,
          "Actual Total Time": 60.913,
          "Actual Rows": 5,
          "Actual Loops": 1,
          "Workers Planned": 4,
          "Workers Launched": 4,
          "Single Copy": false,
          "Plans": [
            {
              "Node Type": "Aggregate",
              "Strategy": "Plain",
              "Partial Mode": "Partial",
              "Parent Relationship": "Outer",
              "Parallel Aware": false,
              "Startup Cost": 38648.32,
              "Total Cost": 38648.33,
              "Plan Rows": 1,
              "Plan Width": 8,
              "Actual Startup Time": 48.743,
              "Actual Total Time": 48.744,
              "Actual Rows": 1,
              "Actual Loops": 5,
              "Plans": [
                {
                  "Node Type": "Bitmap Heap Scan",
                  "Parent Relationship": "Outer",
                  "Parallel Aware": true,
                  "Relation Name": "title",
                  "Alias": "t",
                  "Startup Cost": 2175.18,
                  "Total Cost": 38628.61,
                  "Plan Rows": 7883,
                  "Plan Width": 0,
                  "Actual Startup Time": 16.011,
                  "Actual Total Time": 48.113,
                  "Actual Rows": 5766,
                  "Actual Loops": 5,
                  "Recheck Cond": "(kind_id = 4)",
                  "Rows Removed by Index Recheck": 0,
                  "Filter": "(production_year > 2008)",
                  "Rows Removed by Filter": 17881,
                  "Exact Heap Blocks": 5988,
                  "Lossy Heap Blocks": 0,
                  "Plans": [
                    {
                      "Node Type": "Bitmap Index Scan",
                      "Parent Relationship": "Outer",
                      "Parallel Aware": false,
                      "Index Name": "kind_id_title",
                      "Startup Cost": 0.0,
                      "Total Cost": 2167.3,
                      "Plan Rows": 121449,
                      "Plan Width": 0,
                      "Actual Startup Time": 16.968,
                      "Actual Total Time": 16.968,
                      "Actual Rows": 118234,
                      "Actual Loops": 1,
                      "Index Cond": "(kind_id = 4)"
                    }
                  ]
                }
              ]
            }
          ]
        }
      ]
    },
    "Planning Time": 0.159,
    "Triggers": [],
    "Execution Time": 60.986
  }
]