[
  {
    "Plan": {
      "Node Type": "Aggregate",
      "Strategy": "Plain",
      "Partial Mode": "Finalize",
      "Parallel Aware": false,
      "Startup Cost": 47324.9,
      "Total Cost": 47324.91,
      "Plan Rows": 1,
      "Plan Width": 8,
      "Actual Startup Time": 199.592,
      "Actual Total Time": 210.145,
      "Actual Rows": 1,
      "Actual Loops": 1,
      "Plans": [
        {
          "Node Type": "Gather",
          "Parent Relationship": "Outer",
          "Parallel Aware": false,
          "Startup Cost": 47324.58,
          "Total Cost": 47324.89,
          "Plan Rows": 3,
          "Plan Width": 8,
          "Actual Startup Time": 199.419,
          "Actual Total Time": 210.135,
          "Actual Rows": 4,
          "Actual Loops": 1,
          "Workers Planned": 3,
          "Workers Launched": 3,
          "Single Copy": false,
          "Plans": [
            {
              "Node Type": "Aggregate",
              "Strategy": "Plain",
              "Partial Mode": "Partial",
              "Parent Relationship": "Outer",
              "Parallel Aware": false,
              "Startup Cost": 46324.58,
              "Total Cost": 46324.59,
              "Plan Rows": 1,
              "Plan Width": 8,
              "Actual Startup Time": 195.422,
              "Actual Total Time": 195.424,
              "Actual Rows": 1,
              "Actual Loops": 4,
              "Plans": [
                {
                  "Node Type": "Seq Scan",
                  "Parent Relationship": "Outer",
                  "Parallel Aware": true,
                  "Relation Name": "movie_keyword",
                  "Alias": "mk",
                  "Startup Cost": 0.0,
                  "Total Cost": 42695.65,
                  "Plan Rows": 1451571,
                  "Plan Width": 0,
                  "Actual Startup Time": 0.022,
                  "Actual Total Time": 138.043,
                  "Actual Rows": 1125256,
                  "Actual Loops": 4,
                  "Filter": "(keyword_id < 115225)",
                  "Rows Removed by Filter": 5726
                }
              ]
            }
          ]
        }
      ]
    },
    "Planning Time": 0.135,
    "Triggers": [],
    "Execution Time": 210.175
  }
]