[
  {
    "Plan": {
      "Node Type": "Aggregate",
      "Strategy": "Plain",
      "Partial Mode": "Finalize",
      "Parallel Aware": false,
      "Startup Cost": 197348.17,
      "Total Cost": 197348.18,
      "Plan Rows": 1,
      "Plan Width": 8,
      "Actual Startup Time": 136.905,
      "Actual Total Time": 162.328,
      "Actual Rows": 1,
      "Actual Loops": 1,
      "Plans": [
        {
          "Node Type": "Gather",
          "Parent Relationship": "Outer",
          "Parallel Aware": false,
          "Startup Cost": 197347.75,
          "Total Cost": 197348.16,
          "Plan Rows": 4,
          "Plan Width": 8,
          "Actual Startup Time": 136.716,
          "Actual Total Time": 162.319,
          "Actual Rows": 5,
          "Actual Loops": 1,
          "Workers Planned": 4,
          "Workers Launched": 4,
          "Single Copy": false,
          "Plans": [
            {
              "Node Type": "Aggregate",
              "Strategy": "Plain",
              "Partial Mode": "Partial",
              "Parent Relationship": "Outer",
              "Parallel Aware": false,
              "Startup Cost": 196347.75,
              "Total Cost": 196347.76,
              "Plan Rows": 1,
              "Plan Width": 8,
              "Actual Startup Time": 132.371,
              "Actual Total Time": 132.374,
              "Actual Rows": 1,
              "Actual Loops": 5,
              "Plans": [
                {
                  "Node Type": "Nested Loop",
                  "Parent Relationship": "Outer",
                  "Parallel Aware": false,
                  "Join Type": "Inner",
                  "Startup Cost": 0.43,
                  "Total Cost": 196339.55,
                  "Plan Rows": 3282,
                  "Plan Width": 0,
                  "Actual Startup Time": 0.797,
                  "Actual Total Time": 132.014,
                  "Actual Rows": 3793,
                  "Actual Loops": 5,
                  "Inner Unique": false,
                  "Plans": [
                    {
                      "Node Type": "Seq Scan",
                      "Parent Relationship": "Outer",
                      "Parallel Aware": true,
                      "Relation Name": "title",
                      "Alias": "t",
                      "Startup Cost": 0.0,
                      "Total Cost": 45479.59,
                      "Plan Rows": 1587,
                      "Plan Width": 4,
                      "Actual Startup Time": 0.554,
                      "Actual Total Time": 83.564,
                      "Actual Rows": 1266,
                      "Actual Loops": 5,
                      "Filter": "((kind_id < 7) AND (production_year = 1978))",
                      "Rows Removed by Filter": 504396
                    },
                    {
                      "Node Type": "Index Scan",
                      "Parent Relationship": "Inner",
                      "Parallel Aware": false,
                      "Scan Direction": "Forward",
                      "Index Name": "movie_id_movie_info",
                      "Relation Name": "movie_info",
                      "Alias": "mi",
                      "Startup Cost": 0.43,
                      "Total Cost": 94.91,
                      "Plan Rows": 15,
                      "Plan Width": 4,
                      "Actual Startup Time": 0.022,
                      "Actual Total Time": 0.037,
                      "Actual Rows": 3,
                      "Actual Loops": 6330,
                      "Index Cond": "(movie_id = t.id)",
                      "Rows Removed by Index Recheck": 0,
                      "Filter": "(info_type_id > 15)",
                      "Rows Removed by Filter": 7
                    }
                  ]
                }
              ]
            }
          ]
        }
      ]
    },
    "Planning Time": 0.326,
    "Triggers": [],
    "Execution Time": 162.378
  }
]