[
  {
    "Plan": {
      "Node Type": "Aggregate",
      "Strategy": "Plain",
      "Partial Mode": "Finalize",
      "Parallel Aware": false,
      "Startup Cost": 183745.44,
      "Total Cost": 183745.45,
      "Plan Rows": 1,
      "Plan Width": 8,
      "Actual Startup Time": 125.875,
      "Actual Total Time": 146.673,
      "Actual Rows": 1,
      "Actual Loops": 1,
      "Plans": [
        {
          "Node Type": "Gather",
          "Parent Relationship": "Outer",
          "Parallel Aware": false,
          "Startup Cost": 183745.02,
          "Total Cost": 183745.43,
          "Plan Rows": 4,
          "Plan Width": 8,
          "Actual Startup Time": 125.752,
          "Actual Total Time": 146.663,
          "Actual Rows": 5,
          "Actual Loops": 1,
          "Workers Planned": 4,
          "Workers Launched": 4,
          "Single Copy": false,
          "Plans": [
            {
              "Node Type": "Aggregate",
              "Strategy": "Plain",
              "Partial Mode": "Partial",
              "Parent Relationship": "Outer",
              "Parallel Aware": false,
              "Startup Cost": 182745.02,
              "Total Cost": 182745.03,
              "Plan Rows": 1,
              "Plan Width": 8,
              "Actual Startup Time": 118.658,
              "Actual Total Time": 118.66,
              "Actual Rows": 1,
              "Actual Loops": 5,
              "Plans": [
                {
                  "Node Type": "Nested Loop",
                  "Parent Relationship": "Outer",
                  "Parallel Aware": false,
                  "Join Type": "Inner",
                  "Startup Cost": 0.43,
                  "Total Cost": 182738.05,
                  "Plan Rows": 2788,
                  "Plan Width": 0,
                  "Actual Startup Time": 0.909,
                  "Actual Total Time": 118.358,
                  "Actual Rows": 3793,
                  "Actual Loops": 5,
                  "Inner Unique": false,
                  "Plans": [
                    {
                      "Node Type": "Seq Scan",
                      "Parent Relationship": "Outer",
                      "Parallel Aware": true,
                      "Relation Name": "title",
                      "Alias": "t",
                      "Startup Cost": 0.0,
                      "Total Cost": 45479.1,
                      "Plan Rows": 1330,
                      "Plan Width": 4,
                      "Actual Startup Time": 0.711,
                      "Actual Total Time": 74.918,
                      "Actual Rows": 1266,
                      "Actual Loops": 5,
                      "Filter": "((kind_id < 7) AND (production_year = 1978))",
                      "Rows Removed by Filter": 504396
                    },
                    {
                      "Node Type": "Index Scan",
                      "Parent Relationship": "Inner",
                      "Parallel Aware": false,
                      "Scan Direction": "Forward",
                      "Index Name": "movie_id_movie_info",
                      "Relation Name": "movie_info",
                      "Alias": "mi",
                      "Startup Cost": 0.43,
                      "Total Cost": 103.05,
                      "Plan Rows": 15,
                      "Plan Width": 4,
                      "Actual Startup Time": 0.02,
                      "Actual Total Time": 0.034,
                      "Actual Rows": 3,
                      "Actual Loops": 6330,
                      "Index Cond": "(movie_id = t.id)",
                      "Rows Removed by Index Recheck": 0,
                      "Filter": "(info_type_id > 15)",
                      "Rows Removed by Filter": 7
                    }
                  ]
                }
              ]
            }
          ]
        }
      ]
    },
    "Planning Time": 0.658,
    "Triggers": [],
    "Execution Time": 146.76
  }
]