[
  {
    "Plan": {
      "Node Type": "Aggregate",
      "Strategy": "Plain",
      "Partial Mode": "Finalize",
      "Parallel Aware": false,
      "Startup Cost": 116217.19,
      "Total Cost": 116217.2,
      "Plan Rows": 1,
      "Plan Width": 8,
      "Actual Startup Time": 105.406,
      "Actual Total Time": 120.01,
      "Actual Rows": 1,
      "Actual Loops": 1,
      "Plans": [
        {
          "Node Type": "Gather",
          "Parent Relationship": "Outer",
          "Parallel Aware": false,
          "Startup Cost": 116216.77,
          "Total Cost": 116217.18,
          "Plan Rows": 4,
          "Plan Width": 8,
          "Actual Startup Time": 105.072,
          "Actual Total Time": 119.996,
          "Actual Rows": 5,
          "Actual Loops": 1,
          "Workers Planned": 4,
          "Workers Launched": 4,
          "Single Copy": false,
          "Plans": [
            {
              "Node Type": "Aggregate",
              "Strategy": "Plain",
              "Partial Mode": "Partial",
              "Parent Relationship": "Outer",
              "Parallel Aware": false,
              "Startup Cost": 115216.77,
              "Total Cost": 115216.78,
              "Plan Rows": 1,
              "Plan Width": 8,
              "Actual Startup Time": 97.226,
              "Actual Total Time": 97.229,
              "Actual Rows": 1,
              "Actual Loops": 5,
              "Plans": [
                {
                  "Node Type": "Nested Loop",
                  "Parent Relationship": "Outer",
                  "Parallel Aware": false,
                  "Join Type": "Inner",
                  "Startup Cost": 1.0,
                  "Total Cost": 115129.51,
                  "Plan Rows": 34903,
                  "Plan Width": 0,
                  "Actual Startup Time": 59.455,
                  "Actual Total Time": 97.218,
                  "Actual Rows": 4,
                  "Actual Loops": 5,
                  "Inner Unique": false,
                  "Join Filter": "(t.id = ci.movie_id)",
                  "Rows Removed by Join Filter": 0,
                  "Plans": [
                    {
                      "Node Type": "Nested Loop",
                      "Parent Relationship": "Outer",
                      "Parallel Aware": false,
                      "Join Type": "Inner",
                      "Startup Cost": 0.43,
                      "Total Cost": 110262.68,
                      "Plan Rows": 2792,
                      "Plan Width": 8,
                      "Actual Startup Time": 59.345,
                      "Actual Total Time": 97.01,
                      "Actual Rows": 2,
                      "Actual Loops": 5,
                      "Inner Unique": false,
                      "Plans": [
                        {
                          "Node Type": "Seq Scan",
                          "Parent Relationship": "Outer",
                          "Parallel Aware": true,
                          "Relation Name": "title",
                          "Alias": "t",
                          "Startup Cost": 0.0,
                          "Total Cost": 45479.59,
                          "Plan Rows": 476,
                          "Plan Width": 4,
                          "Actual Startup Time": 57.111,
                          "Actual Total Time": 96.83,
                          "Actual Rows": 2,
                          "Actual Loops": 5,
                          "Filter": "((kind_id = 7) AND (production_year = 1936))",
                          "Rows Removed by Filter": 505660
                        },
                        {
                          "Node Type": "Index Only Scan",
                          "Parent Relationship": "Inner",
                          "Parallel Aware": false,
                          "Scan Direction": "Forward",
                          "Index Name": "movie_id_movie_info",
                          "Relation Name": "movie_info",
                          "Alias": "mi",
                          "Startup Cost": 0.43,
                          "Total Cost": 135.69,
                          "Plan Rows": 41,
                          "Plan Width": 4,
                          "Actual Startup Time": 0.075,
                          "Actual Total Time": 0.076,
                          "Actual Rows": 1,
                          "Actual Loops": 11,
                          "Index Cond": "(movie_id = t.id)",
                          "Rows Removed by Index Recheck": 0,
                          "Heap Fetches": 10
                        }
                      ]
                    },
                    {
                      "Node Type": "Index Scan",
                      "Parent Relationship": "Inner",
                      "Parallel Aware": false,
                      "Scan Direction": "Forward",
                      "Index Name": "movie_id_cast_info",
                      "Relation Name": "cast_info",
                      "Alias": "ci",
                      "Startup Cost": 0.56,
                      "Total Cost": 1.37,
                      "Plan Rows": 30,
                      "Plan Width": 4,
                      "Actual Startup Time": 0.074,
                      "Actual Total Time": 0.1,
                      "Actual Rows": 2,
                      "Actual Loops": 10,
                      "Index Cond": "(movie_id = mi.movie_id)",
                      "Rows Removed by Index Recheck": 0,
                      "Filter": "(role_id < 10)",
                      "Rows Removed by Filter": 0
                    }
                  ]
                }
              ]
            }
          ]
        }
      ]
    },
    "Planning Time": 1.637,
    "Triggers": [],
    "Execution Time": 120.127
  }
]