[
  {
    "Plan": {
      "Node Type": "Aggregate",
      "Strategy": "Plain",
      "Partial Mode": "Finalize",
      "Parallel Aware": false,
      "Startup Cost": 334237.51,
      "Total Cost": 334237.52,
      "Plan Rows": 1,
      "Plan Width": 8,
      "Actual Startup Time": 663.935,
      "Actual Total Time": 712.892,
      "Actual Rows": 1,
      "Actual Loops": 1,
      "Plans": [
        {
          "Node Type": "Gather",
          "Parent Relationship": "Outer",
          "Parallel Aware": false,
          "Startup Cost": 334236.89,
          "Total Cost": 334237.5,
          "Plan Rows": 6,
          "Plan Width": 8,
          "Actual Startup Time": 663.752,
          "Actual Total Time": 712.878,
          "Actual Rows": 7,
          "Actual Loops": 1,
          "Workers Planned": 6,
          "Workers Launched": 6,
          "Single Copy": false,
          "Plans": [
            {
              "Node Type": "Aggregate",
              "Strategy": "Plain",
              "Partial Mode": "Partial",
              "Parent Relationship": "Outer",
              "Parallel Aware": false,
              "Startup Cost": 333236.89,
              "Total Cost": 333236.9,
              "Plan Rows": 1,
              "Plan Width": 8,
              "Actual Startup Time": 657.377,
              "Actual Total Time": 657.38,
              "Actual Rows": 1,
              "Actual Loops": 7,
              "Plans": [
                {
                  "Node Type": "Seq Scan",
                  "Parent Relationship": "Outer",
                  "Parallel Aware": true,
                  "Relation Name": "cast_info",
                  "Alias": "ci",
                  "Startup Cost": 0.0,
                  "Total Cost": 328211.39,
                  "Plan Rows": 2010198,
                  "Plan Width": 0,
                  "Actual Startup Time": 272.4,
                  "Actual Total Time": 575.166,
                  "Actual Rows": 1701939,
                  "Actual Loops": 7,
                  "Filter": "(person_id > 2498338)",
                  "Rows Removed by Filter": 3475824
                }
              ]
            }
          ]
        }
      ]
    },
    "Planning Time": 0.202,
    "Triggers": [],
    "Execution Time": 712.962
  }
]