[
  {
    "Plan": {
      "Node Type": "Aggregate",
      "Strategy": "Plain",
      "Partial Mode": "Finalize",
      "Parallel Aware": false,
      "Startup Cost": 130206.89,
      "Total Cost": 130206.9,
      "Plan Rows": 1,
      "Plan Width": 8,
      "Actual Startup Time": 969.352,
      "Actual Total Time": 987.83,
      "Actual Rows": 1,
      "Actual Loops": 1,
      "Plans": [
        {
          "Node Type": "Gather",
          "Parent Relationship": "Outer",
          "Parallel Aware": false,
          "Startup Cost": 130206.57,
          "Total Cost": 130206.88,
          "Plan Rows": 3,
          "Plan Width": 8,
          "Actual Startup Time": 961.603,
          "Actual Total Time": 987.82,
          "Actual Rows": 4,
          "Actual Loops": 1,
          "Workers Planned": 3,
          "Workers Launched": 3,
          "Single Copy": false,
          "Plans": [
            {
              "Node Type": "Aggregate",
              "Strategy": "Plain",
              "Partial Mode": "Partial",
              "Parent Relationship": "Outer",
              "Parallel Aware": false,
              "Startup Cost": 129206.57,
              "Total Cost": 129206.58,
              "Plan Rows": 1,
              "Plan Width": 8,
              "Actual Startup Time": 952.819,
              "Actual Total Time": 953.161,
              "Actual Rows": 1,
              "Actual Loops": 4,
              "Plans": [
                {
                  "Node Type": "Hash Join",
                  "Parent Relationship": "Outer",
                  "Parallel Aware": true,
                  "Join Type": "Inner",
                  "Startup Cost": 81836.39,
                  "Total Cost": 127962.04,
                  "Plan Rows": 497810,
                  "Plan Width": 0,
                  "Actual Startup Time": 500.69,
                  "Actual Total Time": 858.542,
                  "Actual Rows": 2433036,
                  "Actual Loops": 4,
                  "Inner Unique": false,
                  "Hash Cond": "(mk.movie_id = t.id)",
                  "Plans": [
                    {
                      "Node Type": "Seq Scan",
                      "Parent Relationship": "Outer",
                      "Parallel Aware": true,
                      "Relation Name": "movie_keyword",
                      "Alias": "mk",
                      "Startup Cost": 0.0,
                      "Total Cost": 39047.32,
                      "Plan Rows": 1459332,
                      "Plan Width": 4,
                      "Actual Startup Time": 0.032,
                      "Actual Total Time": 86.905,
                      "Actual Rows": 1130982,
                      "Actual Loops": 4
                    },
                    {
                      "Node Type": "Hash",
                      "Parent Relationship": "Inner",
                      "Parallel Aware": true,
                      "Startup Cost": 78358.75,
                      "Total Cost": 78358.75,
                      "Plan Rows": 278211,
                      "Plan Width": 8,
                      "Actual Startup Time": 495.359,
                      "Actual Total Time": 495.699,
                      "Actual Rows": 172858,
                      "Actual Loops": 4,
                      "Hash Buckets": 1048576,
                      "Original Hash Buckets": 1048576,
                      "Hash Batches": 1,
                      "Original Hash Batches": 1,
                      "Peak Memory Usage": 35296,
                      "Plans": [
                        {
                          "Node Type": "Hash Join",
                          "Parent Relationship": "Outer",
                          "Parallel Aware": true,
                          "Join Type": "Inner",
                          "Startup Cost": 47399.97,
                          "Total Cost": 78358.75,
                          "Plan Rows": 278211,
                          "Plan Width": 8,
                          "Actual Startup Time": 230.19,
                          "Actual Total Time": 439.69,
                          "Actual Rows": 172858,
                          "Actual Loops": 4,
                          "Inner Unique": true,
                          "Hash Cond": "(mc.movie_id = t.id)",
                          "Plans": [
                            {
                              "Node Type": "Seq Scan",
                              "Parent Relationship": "Outer",
                              "Parallel Aware": true,
                              "Relation Name": "movie_companies",
                              "Alias": "mc",
                              "Startup Cost": 0.0,
                              "Total Cost": 29310.68,
                              "Plan Rows": 627848,
                              "Plan Width": 4,
                              "Actual Startup Time": 0.242,
                              "Actual Total Time": 72.579,
                              "Actual Rows": 487676,
                              "Actual Loops": 4,
                              "Filter": "(company_id > 944)",
                              "Rows Removed by Filter": 164606
                            },
                            {
                              "Node Type": "Hash",
                              "Parent Relationship": "Inner",
                              "Parallel Aware": true,
                              "Startup Cost": 43898.92,
                              "Total Cost": 43898.92,
                              "Plan Rows": 280084,
                              "Plan Width": 4,
                              "Actual Startup Time": 224.165,
                              "Actual Total Time": 224.166,
                              "Actual Rows": 276981,
                              "Actual Loops": 4,
                              "Hash Buckets": 2097152,
                              "Original Hash Buckets": 2097152,
                              "Hash Batches": 1,
                              "Original Hash Batches": 1,
                              "Peak Memory Usage": 59776,
                              "Plans": [
                                {
                                  "Node Type": "Seq Scan",
                                  "Parent Relationship": "Outer",
                                  "Parallel Aware": true,
                                  "Relation Name": "title",
                                  "Alias": "t",
                                  "Startup Cost": 0.0,
                                  "Total Cost": 43898.92,
                                  "Plan Rows": 280084,
                                  "Plan Width": 4,
                                  "Actual Startup Time": 0.046,
                                  "Actual Total Time": 104.47,
                                  "Actual Rows": 276981,
                                  "Actual Loops": 4,
                                  "Filter": "(production_year > 2004)",
                                  "Rows Removed by Filter": 355097
                                }
                              ]
                            }
                          ]
                        }
                      ]
                    }
                  ]
                }
              ]
            }
          ]
        }
      ]
    },
    "Planning Time": 1.359,
    "Triggers": [],
    "Execution Time": 987.912
  }
]