[
  {
    "Plan": {
      "Node Type": "Aggregate",
      "Strategy": "Plain",
      "Partial Mode": "Finalize",
      "Parallel Aware": false,
      "Startup Cost": 65205.51,
      "Total Cost": 65205.52,
      "Plan Rows": 1,
      "Plan Width": 8,
      "Actual Startup Time": 327.146,
      "Actual Total Time": 343.239,
      "Actual Rows": 1,
      "Actual Loops": 1,
      "Plans": [
        {
          "Node Type": "Gather",
          "Parent Relationship": "Outer",
          "Parallel Aware": false,
          "Startup Cost": 65205.29,
          "Total Cost": 65205.5,
          "Plan Rows": 2,
          "Plan Width": 8,
          "Actual Startup Time": 325.043,
          "Actual Total Time": 343.231,
          "Actual Rows": 3,
          "Actual Loops": 1,
          "Workers Planned": 2,
          "Workers Launched": 2,
          "Single Copy": false,
          "Plans": [
            {
              "Node Type": "Aggregate",
              "Strategy": "Plain",
              "Partial Mode": "Partial",
              "Parent Relationship": "Outer",
              "Parallel Aware": false,
              "Startup Cost": 64205.29,
              "Total Cost": 64205.3,
              "Plan Rows": 1,
              "Plan Width": 8,
              "Actual Startup Time": 318.917,
              "Actual Total Time": 318.92,
              "Actual Rows": 1,
              "Actual Loops": 3,
              "Plans": [
                {
                  "Node Type": "Hash Join",
                  "Parent Relationship": "Outer",
                  "Parallel Aware": true,
                  "Join Type": "Inner",
                  "Startup Cost": 48401.59,
                  "Total Cost": 64027.91,
                  "Plan Rows": 70953,
                  "Plan Width": 0,
                  "Actual Startup Time": 217.016,
                  "Actual Total Time": 314.67,
                  "Actual Rows": 104569,
                  "Actual Loops": 3,
                  "Inner Unique": true,
                  "Hash Cond": "(mi_idx.movie_id = t.id)",
                  "Plans": [
                    {
                      "Node Type": "Seq Scan",
                      "Parent Relationship": "Outer",
                      "Parallel Aware": true,
                      "Relation Name": "movie_info_idx",
                      "Alias": "mi_idx",
                      "Startup Cost": 0.0,
                      "Total Cost": 15122.68,
                      "Plan Rows": 191863,
                      "Plan Width": 4,
                      "Actual Startup Time": 0.011,
                      "Actual Total Time": 41.058,
                      "Actual Rows": 153308,
                      "Actual Loops": 3,
                      "Filter": "(info_type_id = 100)",
                      "Rows Removed by Filter": 306703
                    },
                    {
                      "Node Type": "Hash",
                      "Parent Relationship": "Inner",
                      "Parallel Aware": true,
                      "Startup Cost": 45479.59,
                      "Total Cost": 45479.59,
                      "Plan Rows": 233760,
                      "Plan Width": 4,
                      "Actual Startup Time": 210.812,
                      "Actual Total Time": 210.813,
                      "Actual Rows": 305977,
                      "Actual Loops": 3,
                      "Hash Buckets": 1048576,
                      "Original Hash Buckets": 1048576,
                      "Hash Batches": 1,
                      "Original Hash Batches": 1,
                      "Peak Memory Usage": 44128,
                      "Plans": [
                        {
                          "Node Type": "Seq Scan",
                          "Parent Relationship": "Outer",
                          "Parallel Aware": true,
                          "Relation Name": "title",
                          "Alias": "t",
                          "Startup Cost": 0.0,
                          "Total Cost": 45479.59,
                          "Plan Rows": 233760,
                          "Plan Width": 4,
                          "Actual Startup Time": 0.034,
                          "Actual Total Time": 124.142,
                          "Actual Rows": 305977,
                          "Actual Loops": 3,
                          "Filter": "((kind_id < 7) AND (production_year > 1914))",
                          "Rows Removed by Filter": 536793
                        }
                      ]
                    }
                  ]
                }
              ]
            }
          ]
        }
      ]
    },
    "Planning Time": 0.576,
    "Triggers": [],
    "Execution Time": 343.3
  }
]