[
    {
        "Bao": {
            "Bao prediction": "NaN",
            "Bao recommended hint": "(no hint)"
        }
    },
    {
        "Plan": {
            "Node Type": "Aggregate",
            "Strategy": "Plain",
            "Partial Mode": "Finalize",
            "Parallel Aware": false,
            "Startup Cost": 30908.25,
            "Total Cost": 30908.26,
            "Plan Rows": 1,
            "Plan Width": 8,
            "Actual Startup Time": 87.877,
            "Actual Total Time": 92.202,
            "Actual Rows": 1,
            "Actual Loops": 1,
            "Output": [
                "count(*)"
            ],
            "Plans": [
                {
                    "Node Type": "Gather",
                    "Parent Relationship": "Outer",
                    "Parallel Aware": false,
                    "Startup Cost": 30907.93,
                    "Total Cost": 30908.24,
                    "Plan Rows": 3,
                    "Plan Width": 8,
                    "Actual Startup Time": 87.648,
                    "Actual Total Time": 92.19,
                    "Actual Rows": 4,
                    "Actual Loops": 1,
                    "Output": [
                        "(PARTIAL count(*))"
                    ],
                    "Workers Planned": 3,
                    "Workers Launched": 3,
                    "Single Copy": false,
                    "Plans": [
                        {
                            "Node Type": "Aggregate",
                            "Strategy": "Plain",
                            "Partial Mode": "Partial",
                            "Parent Relationship": "Outer",
                            "Parallel Aware": false,
                            "Startup Cost": 29907.93,
                            "Total Cost": 29907.94,
                            "Plan Rows": 1,
                            "Plan Width": 8,
                            "Actual Startup Time": 78.559,
                            "Actual Total Time": 78.56,
                            "Actual Rows": 1,
                            "Actual Loops": 4,
                            "Output": [
                                "PARTIAL count(*)"
                            ],
                            "Workers": [
                                {
                                    "Worker Number": 0,
                                    "Actual Startup Time": 75.516,
                                    "Actual Total Time": 75.517,
                                    "Actual Rows": 1,
                                    "Actual Loops": 1
                                },
                                {
                                    "Worker Number": 1,
                                    "Actual Startup Time": 76.008,
                                    "Actual Total Time": 76.01,
                                    "Actual Rows": 1,
                                    "Actual Loops": 1
                                },
                                {
                                    "Worker Number": 2,
                                    "Actual Startup Time": 75.546,
                                    "Actual Total Time": 75.548,
                                    "Actual Rows": 1,
                                    "Actual Loops": 1
                                }
                            ],
                            "Plans": [
                                {
                                    "Node Type": "Bitmap Heap Scan",
                                    "Parent Relationship": "Outer",
                                    "Parallel Aware": true,
                                    "Relation Name": "movie_companies",
                                    "Schema": "public",
                                    "Alias": "mc",
                                    "Startup Cost": 8944.99,
                                    "Total Cost": 29743.82,
                                    "Plan Rows": 65644,
                                    "Plan Width": 0,
                                    "Actual Startup Time": 22.655,
                                    "Actual Total Time": 72.598,
                                    "Actual Rows": 78528,
                                    "Actual Loops": 4,
                                    "Recheck Cond": "(mc.company_id < 265)",
                                    "Rows Removed by Index Recheck": 0,
                                    "Filter": "(mc.company_type_id < 2)",
                                    "Rows Removed by Filter": 24060,
                                    "Exact Heap Blocks": 9118,
                                    "Lossy Heap Blocks": 0,
                                    "Workers": [
                                        {
                                            "Worker Number": 0,
                                            "Actual Startup Time": 19.841,
                                            "Actual Total Time": 69.955,
                                            "Actual Rows": 47771,
                                            "Actual Loops": 1
                                        },
                                        {
                                            "Worker Number": 1,
                                            "Actual Startup Time": 20.15,
                                            "Actual Total Time": 70.853,
                                            "Actual Rows": 30288,
                                            "Actual Loops": 1
                                        },
                                        {
                                            "Worker Number": 2,
                                            "Actual Startup Time": 19.66,
                                            "Actual Total Time": 70.113,
                                            "Actual Rows": 47853,
                                            "Actual Loops": 1
                                        }
                                    ],
                                    "Plans": [
                                        {
                                            "Node Type": "Bitmap Index Scan",
                                            "Parent Relationship": "Outer",
                                            "Parallel Aware": false,
                                            "Index Name": "company_id_movie_companies",
                                            "Startup Cost": 0.0,
                                            "Total Cost": 8894.11,
                                            "Plan Rows": 415158,
                                            "Plan Width": 0,
                                            "Actual Startup Time": 27.798,
                                            "Actual Total Time": 27.799,
                                            "Actual Rows": 410351,
                                            "Actual Loops": 1,
                                            "Index Cond": "(mc.company_id < 265)"
                                        }
                                    ]
                                }
                            ]
                        }
                    ]
                }
            ]
        },
        "Planning Time": 201.01,
        "Triggers": [],
        "Execution Time": 92.304
    }
]