{
    "Plan": {
        "Node Type": "Aggregate",
        "Strategy": "Plain",
        "Partial Mode": "Simple",
        "Parallel Aware": false,
        "Startup Cost": 50024299496.03,
        "Total Cost": 50024299496.04,
        "Plan Rows": 1,
        "Plan Width": 128,
        "Actual Startup Time": 127156.697,
        "Actual Total Time": 127156.72,
        "Actual Rows": 1,
        "Actual Loops": 1,
        "Output": [
            "min(chn.name)",
            "min(mi_idx.info)",
            "min(n.name)",
            "min(t.title)"
        ],
        "Plans": [
            {
                "Node Type": "Nested Loop",
                "Parent Relationship": "Outer",
                "Parallel Aware": false,
                "Join Type": "Inner",
                "Startup Cost": 50024299449.91,
                "Total Cost": 50024299496.02,
                "Plan Rows": 1,
                "Plan Width": 53,
                "Actual Startup Time": 124836.787,
                "Actual Total Time": 127155.606,
                "Actual Rows": 3262,
                "Actual Loops": 1,
                "Output": [
                    "chn.name",
                    "mi_idx.info",
                    "n.name",
                    "t.title"
                ],
                "Inner Unique": true,
                "Plans": [
                    {
                        "Node Type": "Hash Join",
                        "Parent Relationship": "Outer",
                        "Parallel Aware": false,
                        "Join Type": "Inner",
                        "Startup Cost": 40024299449.49,
                        "Total Cost": 40024299450.76,
                        "Plan Rows": 10,
                        "Plan Width": 57,
                        "Actual Startup Time": 124836.643,
                        "Actual Total Time": 124936.122,
                        "Actual Rows": 458134,
                        "Actual Loops": 1,
                        "Output": [
                            "chn.name",
                            "mi_idx.info",
                            "mk.keyword_id",
                            "n.name",
                            "t.title"
                        ],
                        "Inner Unique": false,
                        "Hash Cond": "(kt.id = t.kind_id)",
                        "Plans": [
                            {
                                "Node Type": "Seq Scan",
                                "Parent Relationship": "Outer",
                                "Parallel Aware": false,
                                "Relation Name": "kind_type",
                                "Schema": "public",
                                "Alias": "kt",
                                "Startup Cost": 0.0,
                                "Total Cost": 1.09,
                                "Plan Rows": 1,
                                "Plan Width": 4,
                                "Actual Startup Time": 0.031,
                                "Actual Total Time": 0.036,
                                "Actual Rows": 1,
                                "Actual Loops": 1,
                                "Output": [
                                    "kt.id",
                                    "kt.kind"
                                ],
                                "Filter": "((kt.kind)::text = 'movie'::text)",
                                "Rows Removed by Filter": 6
                            },
                            {
                                "Node Type": "Hash",
                                "Parent Relationship": "Inner",
                                "Parallel Aware": false,
                                "Startup Cost": 40024299448.6,
                                "Total Cost": 40024299448.6,
                                "Plan Rows": 71,
                                "Plan Width": 61,
                                "Actual Startup Time": 124836.599,
                                "Actual Total Time": 124836.62,
                                "Actual Rows": 516428,
                                "Actual Loops": 1,
                                "Output": [
                                    "chn.name",
                                    "mi_idx.info",
                                    "mk.keyword_id",
                                    "n.name",
                                    "t.title",
                                    "t.kind_id"
                                ],
                                "Hash Buckets": 524288,
                                "Original Hash Buckets": 1024,
                                "Hash Batches": 1,
                                "Original Hash Batches": 1,
                                "Peak Memory Usage": 51879,
                                "Plans": [
                                    {
                                        "Node Type": "Merge Join",
                                        "Parent Relationship": "Outer",
                                        "Parallel Aware": false,
                                        "Join Type": "Inner",
                                        "Startup Cost": 40024299434.43,
                                        "Total Cost": 40024299448.6,
                                        "Plan Rows": 71,
                                        "Plan Width": 61,
                                        "Actual Startup Time": 124595.126,
                                        "Actual Total Time": 124683.74,
                                        "Actual Rows": 516428,
                                        "Actual Loops": 1,
                                        "Output": [
                                            "chn.name",
                                            "mi_idx.info",
                                            "mk.keyword_id",
                                            "n.name",
                                            "t.title",
                                            "t.kind_id"
                                        ],
                                        "Inner Unique": false,
                                        "Merge Cond": "(cct1.id = cc.subject_id)",
                                        "Plans": [
                                            {
                                                "Node Type": "Index Scan",
                                                "Parent Relationship": "Outer",
                                                "Parallel Aware": false,
                                                "Scan Direction": "Forward",
                                                "Index Name": "comp_cast_type_pkey",
                                                "Relation Name": "comp_cast_type",
                                                "Schema": "public",
                                                "Alias": "cct1",
                                                "Startup Cost": 0.13,
                                                "Total Cost": 12.2,
                                                "Plan Rows": 1,
                                                "Plan Width": 4,
                                                "Actual Startup Time": 0.006,
                                                "Actual Total Time": 0.019,
                                                "Actual Rows": 1,
                                                "Actual Loops": 1,
                                                "Output": [
                                                    "cct1.id",
                                                    "cct1.kind"
                                                ],
                                                "Filter": "((cct1.kind)::text = 'cast'::text)",
                                                "Rows Removed by Filter": 3
                                            },
                                            {
                                                "Node Type": "Sort",
                                                "Parent Relationship": "Inner",
                                                "Parallel Aware": false,
                                                "Startup Cost": 40024299434.3,
                                                "Total Cost": 40024299435.0,
                                                "Plan Rows": 279,
                                                "Plan Width": 65,
                                                "Actual Startup Time": 124595.111,
                                                "Actual Total Time": 124616.128,
                                                "Actual Rows": 516429,
                                                "Actual Loops": 1,
                                                "Output": [
                                                    "cc.subject_id",
                                                    "chn.name",
                                                    "mi_idx.info",
                                                    "mk.keyword_id",
                                                    "n.name",
                                                    "t.title",
                                                    "t.kind_id"
                                                ],
                                                "Sort Key": [
                                                    "cc.subject_id"
                                                ],
                                                "Sort Method": "quicksort",
                                                "Sort Space Used": 128130,
                                                "Sort Space Type": "Memory",
                                                "Plans": [
                                                    {
                                                        "Node Type": "Hash Join",
                                                        "Parent Relationship": "Outer",
                                                        "Parallel Aware": false,
                                                        "Join Type": "Inner",
                                                        "Startup Cost": 40024299366.62,
                                                        "Total Cost": 40024299422.97,
                                                        "Plan Rows": 279,
                                                        "Plan Width": 65,
                                                        "Actual Startup Time": 124232.19,
                                                        "Actual Total Time": 124316.666,
                                                        "Actual Rows": 741057,
                                                        "Actual Loops": 1,
                                                        "Output": [
                                                            "cc.subject_id",
                                                            "chn.name",
                                                            "mi_idx.info",
                                                            "mk.keyword_id",
                                                            "n.name",
                                                            "t.title",
                                                            "t.kind_id"
                                                        ],
                                                        "Inner Unique": false,
                                                        "Hash Cond": "(it2.id = mi_idx.info_type_id)",
                                                        "Plans": [
                                                            {
                                                                "Node Type": "Index Scan",
                                                                "Parent Relationship": "Outer",
                                                                "Parallel Aware": false,
                                                                "Scan Direction": "Forward",
                                                                "Index Name": "info_type_pkey",
                                                                "Relation Name": "info_type",
                                                                "Schema": "public",
                                                                "Alias": "it2",
                                                                "Startup Cost": 10000000000.14,
                                                                "Total Cost": 10000000014.12,
                                                                "Plan Rows": 1,
                                                                "Plan Width": 4,
                                                                "Actual Startup Time": 0.026,
                                                                "Actual Total Time": 0.043,
                                                                "Actual Rows": 1,
                                                                "Actual Loops": 1,
                                                                "Output": [
                                                                    "it2.id",
                                                                    "it2.info"
                                                                ],
                                                                "Filter": "((it2.info)::text = 'rating'::text)",
                                                                "Rows Removed by Filter": 112
                                                            },
                                                            {
                                                                "Node Type": "Hash",
                                                                "Parent Relationship": "Inner",
                                                                "Parallel Aware": false,
                                                                "Startup Cost": 30024298970.79,
                                                                "Total Cost": 30024298970.79,
                                                                "Plan Rows": 31655,
                                                                "Plan Width": 69,
                                                                "Actual Startup Time": 124232.12,
                                                                "Actual Total Time": 124232.136,
                                                                "Actual Rows": 1051609,
                                                                "Actual Loops": 1,
                                                                "Output": [
                                                                    "cc.subject_id",
                                                                    "chn.name",
                                                                    "mi_idx.info",
                                                                    "mi_idx.info_type_id",
                                                                    "mk.keyword_id",
                                                                    "n.name",
                                                                    "t.title",
                                                                    "t.kind_id"
                                                                ],
                                                                "Hash Buckets": 2097152,
                                                                "Original Hash Buckets": 32768,
                                                                "Hash Batches": 1,
                                                                "Original Hash Batches": 1,
                                                                "Peak Memory Usage": 121984,
                                                                "Plans": [
                                                                    {
                                                                        "Node Type": "Hash Join",
                                                                        "Parent Relationship": "Outer",
                                                                        "Parallel Aware": false,
                                                                        "Join Type": "Inner",
                                                                        "Startup Cost": 30008698905.98,
                                                                        "Total Cost": 30024298970.79,
                                                                        "Plan Rows": 31655,
                                                                        "Plan Width": 69,
                                                                        "Actual Startup Time": 122519.567,
                                                                        "Actual Total Time": 123881.523,
                                                                        "Actual Rows": 1051609,
                                                                        "Actual Loops": 1,
                                                                        "Output": [
                                                                            "cc.subject_id",
                                                                            "chn.name",
                                                                            "mi_idx.info",
                                                                            "mi_idx.info_type_id",
                                                                            "mk.keyword_id",
                                                                            "n.name",
                                                                            "t.title",
                                                                            "t.kind_id"
                                                                        ],
                                                                        "Inner Unique": true,
                                                                        "Hash Cond": "(mk.movie_id = t.id)",
                                                                        "Plans": [
                                                                            {
                                                                                "Node Type": "Hash Join",
                                                                                "Parent Relationship": "Outer",
                                                                                "Parallel Aware": false,
                                                                                "Join Type": "Inner",
                                                                                "Startup Cost": 30008562683.21,
                                                                                "Total Cost": 30024162613.75,
                                                                                "Plan Rows": 51147,
                                                                                "Plan Width": 64,
                                                                                "Actual Startup Time": 120502.208,
                                                                                "Actual Total Time": 121583.353,
                                                                                "Actual Rows": 3485069,
                                                                                "Actual Loops": 1,
                                                                                "Output": [
                                                                                    "cc.movie_id",
                                                                                    "cc.subject_id",
                                                                                    "ci.movie_id",
                                                                                    "chn.name",
                                                                                    "mi_idx.info",
                                                                                    "mi_idx.movie_id",
                                                                                    "mi_idx.info_type_id",
                                                                                    "mk.movie_id",
                                                                                    "mk.keyword_id",
                                                                                    "n.name"
                                                                                ],
                                                                                "Inner Unique": false,
                                                                                "Hash Cond": "(chn.id = ci.person_role_id)",
                                                                                "Plans": [
                                                                                    {
                                                                                        "Node Type": "Seq Scan",
                                                                                        "Parent Relationship": "Outer",
                                                                                        "Parallel Aware": false,
                                                                                        "Relation Name": "char_name",
                                                                                        "Schema": "public",
                                                                                        "Alias": "chn",
                                                                                        "Startup Cost": 0.0,
                                                                                        "Total Cost": 83551.4,
                                                                                        "Plan Rows": 125596,
                                                                                        "Plan Width": 20,
                                                                                        "Actual Startup Time": 0.021,
                                                                                        "Actual Total Time": 529.984,
                                                                                        "Actual Rows": 180152,
                                                                                        "Actual Loops": 1,
                                                                                        "Output": [
                                                                                            "chn.id",
                                                                                            "chn.name",
                                                                                            "chn.imdb_index",
                                                                                            "chn.imdb_id",
                                                                                            "chn.name_pcode_nf",
                                                                                            "chn.surname_pcode",
                                                                                            "chn.md5sum"
                                                                                        ],
                                                                                        "Filter": "((chn.name IS NOT NULL) AND ((chn.name ~~ '%man%'::text) OR (chn.name ~~ '%Man%'::text)))",
                                                                                        "Rows Removed by Filter": 2960187
                                                                                    },
                                                                                    {
                                                                                        "Node Type": "Hash",
                                                                                        "Parent Relationship": "Inner",
                                                                                        "Parallel Aware": false,
                                                                                        "Startup Cost": 30008546697.62,
                                                                                        "Total Cost": 30008546697.62,
                                                                                        "Plan Rows": 1278847,
                                                                                        "Plan Width": 52,
                                                                                        "Actual Startup Time": 120500.164,
                                                                                        "Actual Total Time": 120500.177,
                                                                                        "Actual Rows": 40896937,
                                                                                        "Actual Loops": 1,
                                                                                        "Output": [
                                                                                            "cc.movie_id",
                                                                                            "cc.subject_id",
                                                                                            "ci.movie_id",
                                                                                            "ci.person_role_id",
                                                                                            "mi_idx.info",
                                                                                            "mi_idx.movie_id",
                                                                                            "mi_idx.info_type_id",
                                                                                            "mk.movie_id",
                                                                                            "mk.keyword_id",
                                                                                            "n.name"
                                                                                        ],
                                                                                        "Hash Buckets": 67108864,
                                                                                        "Original Hash Buckets": 2097152,
                                                                                        "Hash Batches": 1,
                                                                                        "Original Hash Batches": 1,
                                                                                        "Peak Memory Usage": 3875864,
                                                                                        "Plans": [
                                                                                            {
                                                                                                "Node Type": "Merge Join",
                                                                                                "Parent Relationship": "Outer",
                                                                                                "Parallel Aware": false,
                                                                                                "Join Type": "Inner",
                                                                                                "Startup Cost": 30008507271.32,
                                                                                                "Total Cost": 30008546697.62,
                                                                                                "Plan Rows": 1278847,
                                                                                                "Plan Width": 52,
                                                                                                "Actual Startup Time": 88306.243,
                                                                                                "Actual Total Time": 107936.38,
                                                                                                "Actual Rows": 79136862,
                                                                                                "Actual Loops": 1,
                                                                                                "Output": [
                                                                                                    "cc.movie_id",
                                                                                                    "cc.subject_id",
                                                                                                    "ci.movie_id",
                                                                                                    "ci.person_role_id",
                                                                                                    "mi_idx.info",
                                                                                                    "mi_idx.movie_id",
                                                                                                    "mi_idx.info_type_id",
                                                                                                    "mk.movie_id",
                                                                                                    "mk.keyword_id",
                                                                                                    "n.name"
                                                                                                ],
                                                                                                "Inner Unique": false,
                                                                                                "Merge Cond": "(n.id = ci.person_id)",
                                                                                                "Plans": [
                                                                                                    {
                                                                                                        "Node Type": "Sort",
                                                                                                        "Parent Relationship": "Outer",
                                                                                                        "Parallel Aware": false,
                                                                                                        "Startup Cost": 555526.5,
                                                                                                        "Total Cost": 565945.37,
                                                                                                        "Plan Rows": 4167549,
                                                                                                        "Plan Width": 19,
                                                                                                        "Actual Startup Time": 1474.193,
                                                                                                        "Actual Total Time": 1906.516,
                                                                                                        "Actual Rows": 4061905,
                                                                                                        "Actual Loops": 1,
                                                                                                        "Output": [
                                                                                                            "n.name",
                                                                                                            "n.id"
                                                                                                        ],
                                                                                                        "Sort Key": [
                                                                                                            "n.id"
                                                                                                        ],
                                                                                                        "Sort Method": "quicksort",
                                                                                                        "Sort Space Used": 405945,
                                                                                                        "Sort Space Type": "Memory",
                                                                                                        "Plans": [
                                                                                                            {
                                                                                                                "Node Type": "Seq Scan",
                                                                                                                "Parent Relationship": "Outer",
                                                                                                                "Parallel Aware": false,
                                                                                                                "Relation Name": "name",
                                                                                                                "Schema": "public",
                                                                                                                "Alias": "n",
                                                                                                                "Startup Cost": 0.0,
                                                                                                                "Total Cost": 97288.49,
                                                                                                                "Plan Rows": 4167549,
                                                                                                                "Plan Width": 19,
                                                                                                                "Actual Startup Time": 0.012,
                                                                                                                "Actual Total Time": 418.768,
                                                                                                                "Actual Rows": 4167491,
                                                                                                                "Actual Loops": 1,
                                                                                                                "Output": [
                                                                                                                    "n.name",
                                                                                                                    "n.id"
                                                                                                                ]
                                                                                                            }
                                                                                                        ]
                                                                                                    },
                                                                                                    {
                                                                                                        "Node Type": "Sort",
                                                                                                        "Parent Relationship": "Inner",
                                                                                                        "Parallel Aware": false,
                                                                                                        "Startup Cost": 30007951742.74,
                                                                                                        "Total Cost": 30007954939.86,
                                                                                                        "Plan Rows": 1278847,
                                                                                                        "Plan Width": 41,
                                                                                                        "Actual Startup Time": 86832.013,
                                                                                                        "Actual Total Time": 94535.746,
                                                                                                        "Actual Rows": 79136862,
                                                                                                        "Actual Loops": 1,
                                                                                                        "Output": [
                                                                                                            "cc.movie_id",
                                                                                                            "cc.subject_id",
                                                                                                            "ci.movie_id",
                                                                                                            "ci.person_role_id",
                                                                                                            "ci.person_id",
                                                                                                            "mi_idx.info",
                                                                                                            "mi_idx.movie_id",
                                                                                                            "mi_idx.info_type_id",
                                                                                                            "mk.movie_id",
                                                                                                            "mk.keyword_id"
                                                                                                        ],
                                                                                                        "Sort Key": [
                                                                                                            "ci.person_id"
                                                                                                        ],
                                                                                                        "Sort Method": "external sort",
                                                                                                        "Sort Space Used": 4393512,
                                                                                                        "Sort Space Type": "Disk",
                                                                                                        "Plans": [
                                                                                                            {
                                                                                                                "Node Type": "Hash Join",
                                                                                                                "Parent Relationship": "Outer",
                                                                                                                "Parallel Aware": false,
                                                                                                                "Join Type": "Inner",
                                                                                                                "Startup Cost": 30000000017.03,
                                                                                                                "Total Cost": 30007822026.65,
                                                                                                                "Plan Rows": 1278847,
                                                                                                                "Plan Width": 41,
                                                                                                                "Actual Startup Time": 10.573,
                                                                                                                "Actual Total Time": 40976.347,
                                                                                                                "Actual Rows": 79136862,
                                                                                                                "Actual Loops": 1,
                                                                                                                "Output": [
                                                                                                                    "cc.movie_id",
                                                                                                                    "cc.subject_id",
                                                                                                                    "ci.movie_id",
                                                                                                                    "ci.person_role_id",
                                                                                                                    "ci.person_id",
                                                                                                                    "mi_idx.info",
                                                                                                                    "mi_idx.movie_id",
                                                                                                                    "mi_idx.info_type_id",
                                                                                                                    "mk.movie_id",
                                                                                                                    "mk.keyword_id"
                                                                                                                ],
                                                                                                                "Inner Unique": true,
                                                                                                                "Hash Cond": "(cc.status_id = cct2.id)",
                                                                                                                "Plans": [
                                                                                                                    {
                                                                                                                        "Node Type": "Nested Loop",
                                                                                                                        "Parent Relationship": "Outer",
                                                                                                                        "Parallel Aware": false,
                                                                                                                        "Join Type": "Inner",
                                                                                                                        "Startup Cost": 30000000004.81,
                                                                                                                        "Total Cost": 30007794359.74,
                                                                                                                        "Plan Rows": 5115320,
                                                                                                                        "Plan Width": 45,
                                                                                                                        "Actual Startup Time": 10.528,
                                                                                                                        "Actual Total Time": 29451.249,
                                                                                                                        "Actual Rows": 79136862,
                                                                                                                        "Actual Loops": 1,
                                                                                                                        "Output": [
                                                                                                                            "cc.movie_id",
                                                                                                                            "cc.subject_id",
                                                                                                                            "cc.status_id",
                                                                                                                            "ci.movie_id",
                                                                                                                            "ci.person_role_id",
                                                                                                                            "ci.person_id",
                                                                                                                            "mi_idx.info",
                                                                                                                            "mi_idx.movie_id",
                                                                                                                            "mi_idx.info_type_id",
                                                                                                                            "mk.movie_id",
                                                                                                                            "mk.keyword_id"
                                                                                                                        ],
                                                                                                                        "Inner Unique": false,
                                                                                                                        "Plans": [
                                                                                                                            {
                                                                                                                                "Node Type": "Nested Loop",
                                                                                                                                "Parent Relationship": "Outer",
                                                                                                                                "Parallel Aware": false,
                                                                                                                                "Join Type": "Inner",
                                                                                                                                "Startup Cost": 20000000004.02,
                                                                                                                                "Total Cost": 20001577481.21,
                                                                                                                                "Plan Rows": 1067030,
                                                                                                                                "Plan Width": 37,
                                                                                                                                "Actual Startup Time": 0.103,
                                                                                                                                "Actual Total Time": 4869.343,
                                                                                                                                "Actual Rows": 1974381,
                                                                                                                                "Actual Loops": 1,
                                                                                                                                "Output": [
                                                                                                                                    "cc.movie_id",
                                                                                                                                    "cc.subject_id",
                                                                                                                                    "cc.status_id",
                                                                                                                                    "ci.movie_id",
                                                                                                                                    "ci.person_role_id",
                                                                                                                                    "ci.person_id",
                                                                                                                                    "mi_idx.info",
                                                                                                                                    "mi_idx.movie_id",
                                                                                                                                    "mi_idx.info_type_id"
                                                                                                                                ],
                                                                                                                                "Inner Unique": false,
                                                                                                                                "Join Filter": "(cc.movie_id = ci.movie_id)",
                                                                                                                                "Rows Removed by Join Filter": 0,
                                                                                                                                "Plans": [
                                                                                                                                    {
                                                                                                                                        "Node Type": "Nested Loop",
                                                                                                                                        "Parent Relationship": "Outer",
                                                                                                                                        "Parallel Aware": false,
                                                                                                                                        "Join Type": "Inner",
                                                                                                                                        "Startup Cost": 10000000000.87,
                                                                                                                                        "Total Cost": 10000928235.36,
                                                                                                                                        "Plan Rows": 53728,
                                                                                                                                        "Plan Width": 25,
                                                                                                                                        "Actual Startup Time": 0.075,
                                                                                                                                        "Actual Total Time": 1072.586,
                                                                                                                                        "Actual Rows": 43751,
                                                                                                                                        "Actual Loops": 1,
                                                                                                                                        "Output": [
                                                                                                                                            "cc.movie_id",
                                                                                                                                            "cc.subject_id",
                                                                                                                                            "cc.status_id",
                                                                                                                                            "mi_idx.info",
                                                                                                                                            "mi_idx.movie_id",
                                                                                                                                            "mi_idx.info_type_id"
                                                                                                                                        ],
                                                                                                                                        "Inner Unique": false,
                                                                                                                                        "Plans": [
                                                                                                                                            {
                                                                                                                                                "Node Type": "Index Scan",
                                                                                                                                                "Parent Relationship": "Outer",
                                                                                                                                                "Parallel Aware": false,
                                                                                                                                                "Scan Direction": "Forward",
                                                                                                                                                "Index Name": "movie_id_movie_info_idx",
                                                                                                                                                "Relation Name": "movie_info_idx",
                                                                                                                                                "Schema": "public",
                                                                                                                                                "Alias": "mi_idx",
                                                                                                                                                "Startup Cost": 0.43,
                                                                                                                                                "Total Cost": 57080.9,
                                                                                                                                                "Plan Rows": 194028,
                                                                                                                                                "Plan Width": 13,
                                                                                                                                                "Actual Startup Time": 0.03,
                                                                                                                                                "Actual Total Time": 273.547,
                                                                                                                                                "Actual Rows": 192839,
                                                                                                                                                "Actual Loops": 1,
                                                                                                                                                "Output": [
                                                                                                                                                    "mi_idx.id",
                                                                                                                                                    "mi_idx.movie_id",
                                                                                                                                                    "mi_idx.info_type_id",
                                                                                                                                                    "mi_idx.info",
                                                                                                                                                    "mi_idx.note"
                                                                                                                                                ],
                                                                                                                                                "Filter": "(mi_idx.info > '7.0'::text)",
                                                                                                                                                "Rows Removed by Filter": 1187196
                                                                                                                                            },
                                                                                                                                            {
                                                                                                                                                "Node Type": "Bitmap Heap Scan",
                                                                                                                                                "Parent Relationship": "Inner",
                                                                                                                                                "Parallel Aware": false,
                                                                                                                                                "Relation Name": "complete_cast",
                                                                                                                                                "Schema": "public",
                                                                                                                                                "Alias": "cc",
                                                                                                                                                "Startup Cost": 0.44,
                                                                                                                                                "Total Cost": 4.47,
                                                                                                                                                "Plan Rows": 2,
                                                                                                                                                "Plan Width": 12,
                                                                                                                                                "Actual Startup Time": 0.002,
                                                                                                                                                "Actual Total Time": 0.002,
                                                                                                                                                "Actual Rows": 0,
                                                                                                                                                "Actual Loops": 192839,
                                                                                                                                                "Output": [
                                                                                                                                                    "cc.id",
                                                                                                                                                    "cc.movie_id",
                                                                                                                                                    "cc.subject_id",
                                                                                                                                                    "cc.status_id"
                                                                                                                                                ],
                                                                                                                                                "Recheck Cond": "(cc.movie_id = mi_idx.movie_id)",
                                                                                                                                                "Rows Removed by Index Recheck": 0,
                                                                                                                                                "Exact Heap Blocks": 43751,
                                                                                                                                                "Lossy Heap Blocks": 0,
                                                                                                                                                "Plans": [
                                                                                                                                                    {
                                                                                                                                                        "Node Type": "Bitmap Index Scan",
                                                                                                                                                        "Parent Relationship": "Outer",
                                                                                                                                                        "Parallel Aware": false,
                                                                                                                                                        "Index Name": "movie_id_complete_cast",
                                                                                                                                                        "Startup Cost": 0.0,
                                                                                                                                                        "Total Cost": 0.44,
                                                                                                                                                        "Plan Rows": 2,
                                                                                                                                                        "Plan Width": 0,
                                                                                                                                                        "Actual Startup Time": 0.002,
                                                                                                                                                        "Actual Total Time": 0.002,
                                                                                                                                                        "Actual Rows": 0,
                                                                                                                                                        "Actual Loops": 192839,
                                                                                                                                                        "Index Cond": "(cc.movie_id = mi_idx.movie_id)"
                                                                                                                                                    }
                                                                                                                                                ]
                                                                                                                                            }
                                                                                                                                        ]
                                                                                                                                    },
                                                                                                                                    {
                                                                                                                                        "Node Type": "Bitmap Heap Scan",
                                                                                                                                        "Parent Relationship": "Inner",
                                                                                                                                        "Parallel Aware": false,
                                                                                                                                        "Relation Name": "cast_info",
                                                                                                                                        "Schema": "public",
                                                                                                                                        "Alias": "ci",
                                                                                                                                        "Startup Cost": 3.15,
                                                                                                                                        "Total Cost": 11.61,
                                                                                                                                        "Plan Rows": 38,
                                                                                                                                        "Plan Width": 12,
                                                                                                                                        "Actual Startup Time": 0.009,
                                                                                                                                        "Actual Total Time": 0.076,
                                                                                                                                        "Actual Rows": 45,
                                                                                                                                        "Actual Loops": 43751,
                                                                                                                                        "Output": [
                                                                                                                                            "ci.id",
                                                                                                                                            "ci.person_id",
                                                                                                                                            "ci.movie_id",
                                                                                                                                            "ci.person_role_id",
                                                                                                                                            "ci.note",
                                                                                                                                            "ci.nr_order",
                                                                                                                                            "ci.role_id"
                                                                                                                                        ],
                                                                                                                                        "Recheck Cond": "(ci.movie_id = mi_idx.movie_id)",
                                                                                                                                        "Rows Removed by Index Recheck": 0,
                                                                                                                                        "Exact Heap Blocks": 1923961,
                                                                                                                                        "Lossy Heap Blocks": 0,
                                                                                                                                        "Plans": [
                                                                                                                                            {
                                                                                                                                                "Node Type": "Bitmap Index Scan",
                                                                                                                                                "Parent Relationship": "Outer",
                                                                                                                                                "Parallel Aware": false,
                                                                                                                                                "Index Name": "movie_id_cast_info",
                                                                                                                                                "Startup Cost": 0.0,
                                                                                                                                                "Total Cost": 3.14,
                                                                                                                                                "Plan Rows": 38,
                                                                                                                                                "Plan Width": 0,
                                                                                                                                                "Actual Startup Time": 0.005,
                                                                                                                                                "Actual Total Time": 0.005,
                                                                                                                                                "Actual Rows": 45,
                                                                                                                                                "Actual Loops": 43751,
                                                                                                                                                "Index Cond": "(ci.movie_id = mi_idx.movie_id)"
                                                                                                                                            }
                                                                                                                                        ]
                                                                                                                                    }
                                                                                                                                ]
                                                                                                                            },
                                                                                                                            {
                                                                                                                                "Node Type": "Bitmap Heap Scan",
                                                                                                                                "Parent Relationship": "Inner",
                                                                                                                                "Parallel Aware": false,
                                                                                                                                "Relation Name": "movie_keyword",
                                                                                                                                "Schema": "public",
                                                                                                                                "Alias": "mk",
                                                                                                                                "Startup Cost": 0.79,
                                                                                                                                "Total Cost": 5.37,
                                                                                                                                "Plan Rows": 46,
                                                                                                                                "Plan Width": 8,
                                                                                                                                "Actual Startup Time": 0.004,
                                                                                                                                "Actual Total Time": 0.007,
                                                                                                                                "Actual Rows": 40,
                                                                                                                                "Actual Loops": 1974381,
                                                                                                                                "Output": [
                                                                                                                                    "mk.id",
                                                                                                                                    "mk.movie_id",
                                                                                                                                    "mk.keyword_id"
                                                                                                                                ],
                                                                                                                                "Recheck Cond": "(mk.movie_id = ci.movie_id)",
                                                                                                                                "Rows Removed by Index Recheck": 0,
                                                                                                                                "Exact Heap Blocks": 1890653,
                                                                                                                                "Lossy Heap Blocks": 0,
                                                                                                                                "Plans": [
                                                                                                                                    {
                                                                                                                                        "Node Type": "Bitmap Index Scan",
                                                                                                                                        "Parent Relationship": "Outer",
                                                                                                                                        "Parallel Aware": false,
                                                                                                                                        "Index Name": "movie_id_movie_keyword",
                                                                                                                                        "Startup Cost": 0.0,
                                                                                                                                        "Total Cost": 0.78,
                                                                                                                                        "Plan Rows": 46,
                                                                                                                                        "Plan Width": 0,
                                                                                                                                        "Actual Startup Time": 0.003,
                                                                                                                                        "Actual Total Time": 0.003,
                                                                                                                                        "Actual Rows": 40,
                                                                                                                                        "Actual Loops": 1974381,
                                                                                                                                        "Index Cond": "(mk.movie_id = ci.movie_id)"
                                                                                                                                    }
                                                                                                                                ]
                                                                                                                            }
                                                                                                                        ]
                                                                                                                    },
                                                                                                                    {
                                                                                                                        "Node Type": "Hash",
                                                                                                                        "Parent Relationship": "Inner",
                                                                                                                        "Parallel Aware": false,
                                                                                                                        "Startup Cost": 12.2,
                                                                                                                        "Total Cost": 12.2,
                                                                                                                        "Plan Rows": 1,
                                                                                                                        "Plan Width": 4,
                                                                                                                        "Actual Startup Time": 0.031,
                                                                                                                        "Actual Total Time": 0.032,
                                                                                                                        "Actual Rows": 2,
                                                                                                                        "Actual Loops": 1,
                                                                                                                        "Output": [
                                                                                                                            "cct2.id"
                                                                                                                        ],
                                                                                                                        "Hash Buckets": 1024,
                                                                                                                        "Original Hash Buckets": 1024,
                                                                                                                        "Hash Batches": 1,
                                                                                                                        "Original Hash Batches": 1,
                                                                                                                        "Peak Memory Usage": 9,
                                                                                                                        "Plans": [
                                                                                                                            {
                                                                                                                                "Node Type": "Index Scan",
                                                                                                                                "Parent Relationship": "Outer",
                                                                                                                                "Parallel Aware": false,
                                                                                                                                "Scan Direction": "Forward",
                                                                                                                                "Index Name": "comp_cast_type_pkey",
                                                                                                                                "Relation Name": "comp_cast_type",
                                                                                                                                "Schema": "public",
                                                                                                                                "Alias": "cct2",
                                                                                                                                "Startup Cost": 0.13,
                                                                                                                                "Total Cost": 12.2,
                                                                                                                                "Plan Rows": 1,
                                                                                                                                "Plan Width": 4,
                                                                                                                                "Actual Startup Time": 0.025,
                                                                                                                                "Actual Total Time": 0.027,
                                                                                                                                "Actual Rows": 2,
                                                                                                                                "Actual Loops": 1,
                                                                                                                                "Output": [
                                                                                                                                    "cct2.id"
                                                                                                                                ],
                                                                                                                                "Filter": "((cct2.kind)::text ~~ '%complete%'::text)",
                                                                                                                                "Rows Removed by Filter": 2
                                                                                                                            }
                                                                                                                        ]
                                                                                                                    }
                                                                                                                ]
                                                                                                            }
                                                                                                        ]
                                                                                                    }
                                                                                                ]
                                                                                            }
                                                                                        ]
                                                                                    }
                                                                                ]
                                                                            },
                                                                            {
                                                                                "Node Type": "Hash",
                                                                                "Parent Relationship": "Inner",
                                                                                "Parallel Aware": false,
                                                                                "Startup Cost": 116662.9,
                                                                                "Total Cost": 116662.9,
                                                                                "Plan Rows": 1564790,
                                                                                "Plan Width": 25,
                                                                                "Actual Startup Time": 2014.739,
                                                                                "Actual Total Time": 2014.739,
                                                                                "Actual Rows": 1570568,
                                                                                "Actual Loops": 1,
                                                                                "Output": [
                                                                                    "t.title",
                                                                                    "t.kind_id",
                                                                                    "t.id"
                                                                                ],
                                                                                "Hash Buckets": 2097152,
                                                                                "Original Hash Buckets": 2097152,
                                                                                "Hash Batches": 1,
                                                                                "Original Hash Batches": 1,
                                                                                "Peak Memory Usage": 106585,
                                                                                "Plans": [
                                                                                    {
                                                                                        "Node Type": "Index Scan",
                                                                                        "Parent Relationship": "Outer",
                                                                                        "Parallel Aware": false,
                                                                                        "Scan Direction": "Forward",
                                                                                        "Index Name": "title_pkey",
                                                                                        "Relation Name": "title",
                                                                                        "Schema": "public",
                                                                                        "Alias": "t",
                                                                                        "Startup Cost": 0.43,
                                                                                        "Total Cost": 116662.9,
                                                                                        "Plan Rows": 1564790,
                                                                                        "Plan Width": 25,
                                                                                        "Actual Startup Time": 0.028,
                                                                                        "Actual Total Time": 1474.133,
                                                                                        "Actual Rows": 1570568,
                                                                                        "Actual Loops": 1,
                                                                                        "Output": [
                                                                                            "t.title",
                                                                                            "t.kind_id",
                                                                                            "t.id"
                                                                                        ],
                                                                                        "Filter": "(t.production_year > 1996)",
                                                                                        "Rows Removed by Filter": 957744
                                                                                    }
                                                                                ]
                                                                            }
                                                                        ]
                                                                    }
                                                                ]
                                                            }
                                                        ]
                                                    }
                                                ]
                                            }
                                        ]
                                    }
                                ]
                            }
                        ]
                    },
                    {
                        "Node Type": "Bitmap Heap Scan",
                        "Parent Relationship": "Inner",
                        "Parallel Aware": false,
                        "Relation Name": "keyword",
                        "Schema": "public",
                        "Alias": "k",
                        "Startup Cost": 0.43,
                        "Total Cost": 4.45,
                        "Plan Rows": 1,
                        "Plan Width": 4,
                        "Actual Startup Time": 0.003,
                        "Actual Total Time": 0.003,
                        "Actual Rows": 0,
                        "Actual Loops": 458134,
                        "Output": [
                            "k.id",
                            "k.keyword",
                            "k.phonetic_code"
                        ],
                        "Recheck Cond": "(k.id = mk.keyword_id)",
                        "Rows Removed by Index Recheck": 0,
                        "Filter": "(k.keyword = ANY ('{tv-special,tv-special,sequel,marvel-comics,marvel-comics,violence,murder,fight,sequel,fight}'::text[]))",
                        "Rows Removed by Filter": 1,
                        "Exact Heap Blocks": 458134,
                        "Lossy Heap Blocks": 0,
                        "Plans": [
                            {
                                "Node Type": "Bitmap Index Scan",
                                "Parent Relationship": "Outer",
                                "Parallel Aware": false,
                                "Index Name": "keyword_pkey",
                                "Startup Cost": 0.0,
                                "Total Cost": 0.43,
                                "Plan Rows": 1,
                                "Plan Width": 0,
                                "Actual Startup Time": 0.002,
                                "Actual Total Time": 0.002,
                                "Actual Rows": 1,
                                "Actual Loops": 458134,
                                "Index Cond": "(k.id = mk.keyword_id)"
                            }
                        ]
                    }
                ]
            }
        ]
    },
    "Planning Time": 50.658,
    "Triggers": [],
    "Execution Time": 127775.027
}