[
  {
    "Plan": {
      "Node Type": "Aggregate",
      "Strategy": "Plain",
      "Partial Mode": "Finalize",
      "Parallel Aware": false,
      "Startup Cost": 31434.85,
      "Total Cost": 31434.86,
      "Plan Rows": 1,
      "Plan Width": 8,
      "Actual Startup Time": 96.402,
      "Actual Total Time": 104.782,
      "Actual Rows": 1,
      "Actual Loops": 1,
      "Plans": [
        {
          "Node Type": "Gather",
          "Parent Relationship": "Outer",
          "Parallel Aware": false,
          "Startup Cost": 31434.53,
          "Total Cost": 31434.84,
          "Plan Rows": 3,
          "Plan Width": 8,
          "Actual Startup Time": 96.251,
          "Actual Total Time": 104.774,
          "Actual Rows": 4,
          "Actual Loops": 1,
          "Workers Planned": 3,
          "Workers Launched": 3,
          "Single Copy": false,
          "Plans": [
            {
              "Node Type": "Aggregate",
              "Strategy": "Plain",
              "Partial Mode": "Partial",
              "Parent Relationship": "Outer",
              "Parallel Aware": false,
              "Startup Cost": 30434.53,
              "Total Cost": 30434.54,
              "Plan Rows": 1,
              "Plan Width": 8,
              "Actual Startup Time": 90.697,
              "Actual Total Time": 90.698,
              "Actual Rows": 1,
              "Actual Loops": 4,
              "Plans": [
                {
                  "Node Type": "Seq Scan",
                  "Parent Relationship": "Outer",
                  "Parallel Aware": true,
                  "Relation Name": "movie_companies",
                  "Alias": "mc",
                  "Startup Cost": 0.0,
                  "Total Cost": 29310.68,
                  "Plan Rows": 449541,
                  "Plan Width": 0,
                  "Actual Startup Time": 18.543,
                  "Actual Total Time": 76.134,
                  "Actual Rows": 350854,
                  "Actual Loops": 4,
                  "Filter": "(company_id > 11134)",
                  "Rows Removed by Filter": 301428
                }
              ]
            }
          ]
        }
      ]
    },
    "Planning Time": 0.122,
    "Triggers": [],
    "Execution Time": 104.82
  }
]