{
  "Plan": {
    "Node Type": "Aggregate",
    "Strategy": "Plain",
    "Partial Mode": "Finalize",
    "Parallel Aware": false,
    "Startup Cost": 85498.19,
    "Total Cost": 85498.2,
    "Plan Rows": 1,
    "Plan Width": 8,
    "Actual Startup Time": 170.244,
    "Actual Total Time": 177.245,
    "Actual Rows": 1,
    "Actual Loops": 1,
    "Plans": [
      {
        "Node Type": "Gather",
        "Parent Relationship": "Outer",
        "Parallel Aware": false,
        "Startup Cost": 85498.08,
        "Total Cost": 85498.19,
        "Plan Rows": 1,
        "Plan Width": 8,
        "Actual Startup Time": 169.993,
        "Actual Total Time": 177.239,
        "Actual Rows": 2,
        "Actual Loops": 1,
        "Workers Planned": 1,
        "Workers Launched": 1,
        "Single Copy": false,
        "Plans": [
          {
            "Node Type": "Aggregate",
            "Strategy": "Plain",
            "Partial Mode": "Partial",
            "Parent Relationship": "Outer",
            "Parallel Aware": false,
            "Startup Cost": 84498.08,
            "Total Cost": 84498.09,
            "Plan Rows": 1,
            "Plan Width": 8,
            "Actual Startup Time": 163.918,
            "Actual Total Time": 163.922,
            "Actual Rows": 1,
            "Actual Loops": 2,
            "Plans": [
              {
                "Node Type": "Hash Join",
                "Parent Relationship": "Outer",
                "Parallel Aware": true,
                "Join Type": "Inner",
                "Startup Cost": 62004.8,
                "Total Cost": 84497.66,
                "Plan Rows": 166,
                "Plan Width": 0,
                "Actual Startup Time": 123.081,
                "Actual Total Time": 163.836,
                "Actual Rows": 888,
                "Actual Loops": 2,
                "Inner Unique": true,
                "Hash Cond": "(mc.movie_id = t.id)",
                "Plans": [
                  {
                    "Node Type": "Bitmap Heap Scan",
                    "Parent Relationship": "Outer",
                    "Parallel Aware": true,
                    "Relation Name": "movie_companies",
                    "Alias": "mc",
                    "Startup Cost": 8303.95,
                    "Total Cost": 30494.65,
                    "Plan Rows": 115110,
                    "Plan Width": 4,
                    "Actual Startup Time": 18.718,
                    "Actual Total Time": 52.477,
                    "Actual Rows": 196268,
                    "Actual Loops": 2,
                    "Recheck Cond": "(company_id > 83073)",
                    "Rows Removed by Index Recheck": 0,
                    "Filter": "(company_type_id = 2)",
                    "Rows Removed by Filter": 0,
                    "Exact Heap Blocks": 3631,
                    "Lossy Heap Blocks": 0,
                    "Plans": [
                      {
                        "Node Type": "Bitmap Index Scan",
                        "Parent Relationship": "Outer",
                        "Parallel Aware": false,
                        "Index Name": "company_id_movie_companies",
                        "Startup Cost": 0.0,
                        "Total Cost": 8255.03,
                        "Plan Rows": 385413,
                        "Plan Width": 0,
                        "Actual Startup Time": 17.847,
                        "Actual Total Time": 17.847,
                        "Actual Rows": 392537,
                        "Actual Loops": 1,
                        "Index Cond": "(company_id > 83073)"
                      }
                    ]
                  },
                  {
                    "Node Type": "Hash",
                    "Parent Relationship": "Inner",
                    "Parallel Aware": true,
                    "Startup Cost": 53674.02,
                    "Total Cost": 53674.02,
                    "Plan Rows": 2146,
                    "Plan Width": 4,
                    "Actual Startup Time": 95.405,
                    "Actual Total Time": 95.406,
                    "Actual Rows": 1876,
                    "Actual Loops": 2,
                    "Hash Buckets": 4096,
                    "Original Hash Buckets": 4096,
                    "Hash Batches": 1,
                    "Original Hash Batches": 1,
                    "Peak Memory Usage": 224,
                    "Plans": [
                      {
                        "Node Type": "Bitmap Heap Scan",
                        "Parent Relationship": "Outer",
                        "Parallel Aware": true,
                        "Relation Name": "title",
                        "Alias": "t",
                        "Startup Cost": 11823.76,
                        "Total Cost": 53674.02,
                        "Plan Rows": 2146,
                        "Plan Width": 4,
                        "Actual Startup Time": 38.57,
                        "Actual Total Time": 94.669,
                        "Actual Rows": 1876,
                        "Actual Loops": 2,
                        "Recheck Cond": "(kind_id = 1)",
                        "Rows Removed by Index Recheck": 0,
                        "Filter": "(production_year = 1965)",
                        "Rows Removed by Filter": 329536,
                        "Exact Heap Blocks": 9536,
                        "Lossy Heap Blocks": 0,
                        "Plans": [
                          {
                            "Node Type": "Bitmap Index Scan",
                            "Parent Relationship": "Outer",
                            "Parallel Aware": false,
                            "Index Name": "kind_id_title",
                            "Startup Cost": 0.0,
                            "Total Cost": 11822.85,
                            "Plan Rows": 663256,
                            "Plan Width": 0,
                            "Actual Startup Time": 40.27,
                            "Actual Total Time": 40.27,
                            "Actual Rows": 662825,
                            "Actual Loops": 1,
                            "Index Cond": "(kind_id = 1)"
                          }
                        ]
                      }
                    ]
                  }
                ]
              }
            ]
          }
        ]
      }
    ]
  },
  "Planning Time": 0.506,
  "Triggers": [],
  "Execution Time": 177.346
}