{
    "Plan": {
        "Node Type": "Aggregate",
        "Strategy": "Plain",
        "Partial Mode": "Finalize",
        "Parallel Aware": false,
        "Startup Cost": 123761.63,
        "Total Cost": 123761.64,
        "Plan Rows": 1,
        "Plan Width": 8,
        "Actual Startup Time": 549.517,
        "Actual Total Time": 577.019,
        "Actual Rows": 1,
        "Actual Loops": 1,
        "Output": [
            "count(*)"
        ],
        "Plans": [
            {
                "Node Type": "Gather",
                "Parent Relationship": "Outer",
                "Parallel Aware": false,
                "Startup Cost": 123761.32,
                "Total Cost": 123761.63,
                "Plan Rows": 3,
                "Plan Width": 8,
                "Actual Startup Time": 547.555,
                "Actual Total Time": 577.008,
                "Actual Rows": 4,
                "Actual Loops": 1,
                "Output": [
                    "(PARTIAL count(*))"
                ],
                "Workers Planned": 3,
                "Workers Launched": 3,
                "Single Copy": false,
                "Plans": [
                    {
                        "Node Type": "Aggregate",
                        "Strategy": "Plain",
                        "Partial Mode": "Partial",
                        "Parent Relationship": "Outer",
                        "Parallel Aware": false,
                        "Startup Cost": 122761.32,
                        "Total Cost": 122761.33,
                        "Plan Rows": 1,
                        "Plan Width": 8,
                        "Actual Startup Time": 538.037,
                        "Actual Total Time": 538.143,
                        "Actual Rows": 1,
                        "Actual Loops": 4,
                        "Output": [
                            "PARTIAL count(*)"
                        ],
                        "Workers": [
                            {
                                "Worker Number": 0,
                                "Actual Startup Time": 534.831,
                                "Actual Total Time": 534.836,
                                "Actual Rows": 1,
                                "Actual Loops": 1
                            },
                            {
                                "Worker Number": 1,
                                "Actual Startup Time": 535.622,
                                "Actual Total Time": 535.627,
                                "Actual Rows": 1,
                                "Actual Loops": 1
                            },
                            {
                                "Worker Number": 2,
                                "Actual Startup Time": 534.972,
                                "Actual Total Time": 534.977,
                                "Actual Rows": 1,
                                "Actual Loops": 1
                            }
                        ],
                        "Plans": [
                            {
                                "Node Type": "Hash Join",
                                "Parent Relationship": "Outer",
                                "Parallel Aware": true,
                                "Join Type": "Inner",
                                "Startup Cost": 76568.52,
                                "Total Cost": 122577.07,
                                "Plan Rows": 73699,
                                "Plan Width": 0,
                                "Actual Startup Time": 357.972,
                                "Actual Total Time": 525.267,
                                "Actual Rows": 278614,
                                "Actual Loops": 4,
                                "Inner Unique": false,
                                "Hash Cond": "(mk.movie_id = t.id)",
                                "Workers": [
                                    {
                                        "Worker Number": 0,
                                        "Actual Startup Time": 354.97,
                                        "Actual Total Time": 522.759,
                                        "Actual Rows": 283682,
                                        "Actual Loops": 1
                                    },
                                    {
                                        "Worker Number": 1,
                                        "Actual Startup Time": 355.094,
                                        "Actual Total Time": 522.119,
                                        "Actual Rows": 196471,
                                        "Actual Loops": 1
                                    },
                                    {
                                        "Worker Number": 2,
                                        "Actual Startup Time": 355.056,
                                        "Actual Total Time": 522.319,
                                        "Actual Rows": 295132,
                                        "Actual Loops": 1
                                    }
                                ],
                                "Plans": [
                                    {
                                        "Node Type": "Seq Scan",
                                        "Parent Relationship": "Outer",
                                        "Parallel Aware": true,
                                        "Relation Name": "movie_keyword",
                                        "Schema": "public",
                                        "Alias": "mk",
                                        "Startup Cost": 0.0,
                                        "Total Cost": 42695.65,
                                        "Plan Rows": 834305,
                                        "Plan Width": 4,
                                        "Actual Startup Time": 0.019,
                                        "Actual Total Time": 128.357,
                                        "Actual Rows": 650607,
                                        "Actual Loops": 4,
                                        "Output": [
                                            "mk.id",
                                            "mk.movie_id",
                                            "mk.keyword_id"
                                        ],
                                        "Filter": "(mk.keyword_id < 7008)",
                                        "Rows Removed by Filter": 480376,
                                        "Workers": [
                                            {
                                                "Worker Number": 0,
                                                "Actual Startup Time": 0.022,
                                                "Actual Total Time": 132.536,
                                                "Actual Rows": 669065,
                                                "Actual Loops": 1
                                            },
                                            {
                                                "Worker Number": 1,
                                                "Actual Startup Time": 0.02,
                                                "Actual Total Time": 130.11,
                                                "Actual Rows": 455429,
                                                "Actual Loops": 1
                                            },
                                            {
                                                "Worker Number": 2,
                                                "Actual Startup Time": 0.02,
                                                "Actual Total Time": 130.555,
                                                "Actual Rows": 671067,
                                                "Actual Loops": 1
                                            }
                                        ]
                                    },
                                    {
                                        "Node Type": "Hash",
                                        "Parent Relationship": "Inner",
                                        "Parallel Aware": true,
                                        "Startup Cost": 75870.57,
                                        "Total Cost": 75870.57,
                                        "Plan Rows": 55836,
                                        "Plan Width": 8,
                                        "Actual Startup Time": 307.982,
                                        "Actual Total Time": 308.086,
                                        "Actual Rows": 56987,
                                        "Actual Loops": 4,
                                        "Output": [
                                            "t.id",
                                            "mc.movie_id"
                                        ],
                                        "Hash Buckets": 262144,
                                        "Original Hash Buckets": 262144,
                                        "Hash Batches": 1,
                                        "Original Hash Batches": 1,
                                        "Peak Memory Usage": 11040,
                                        "Workers": [
                                            {
                                                "Worker Number": 0,
                                                "Actual Startup Time": 306.714,
                                                "Actual Total Time": 306.717,
                                                "Actual Rows": 60883,
                                                "Actual Loops": 1
                                            },
                                            {
                                                "Worker Number": 1,
                                                "Actual Startup Time": 306.824,
                                                "Actual Total Time": 306.828,
                                                "Actual Rows": 41301,
                                                "Actual Loops": 1
                                            },
                                            {
                                                "Worker Number": 2,
                                                "Actual Startup Time": 306.871,
                                                "Actual Total Time": 306.874,
                                                "Actual Rows": 60248,
                                                "Actual Loops": 1
                                            }
                                        ],
                                        "Plans": [
                                            {
                                                "Node Type": "Hash Join",
                                                "Parent Relationship": "Outer",
                                                "Parallel Aware": true,
                                                "Join Type": "Inner",
                                                "Startup Cost": 30211.26,
                                                "Total Cost": 75870.57,
                                                "Plan Rows": 55836,
                                                "Plan Width": 8,
                                                "Actual Startup Time": 205.54,
                                                "Actual Total Time": 291.17,
                                                "Actual Rows": 56987,
                                                "Actual Loops": 4,
                                                "Output": [
                                                    "t.id",
                                                    "mc.movie_id"
                                                ],
                                                "Inner Unique": false,
                                                "Hash Cond": "(t.id = mc.movie_id)",
                                                "Workers": [
                                                    {
                                                        "Worker Number": 0,
                                                        "Actual Startup Time": 205.985,
                                                        "Actual Total Time": 290.947,
                                                        "Actual Rows": 60883,
                                                        "Actual Loops": 1
                                                    },
                                                    {
                                                        "Worker Number": 1,
                                                        "Actual Startup Time": 202.645,
                                                        "Actual Total Time": 289.241,
                                                        "Actual Rows": 41301,
                                                        "Actual Loops": 1
                                                    },
                                                    {
                                                        "Worker Number": 2,
                                                        "Actual Startup Time": 204.299,
                                                        "Actual Total Time": 290.466,
                                                        "Actual Rows": 60248,
                                                        "Actual Loops": 1
                                                    }
                                                ],
                                                "Plans": [
                                                    {
                                                        "Node Type": "Seq Scan",
                                                        "Parent Relationship": "Outer",
                                                        "Parallel Aware": true,
                                                        "Relation Name": "title",
                                                        "Schema": "public",
                                                        "Alias": "t",
                                                        "Startup Cost": 0.0,
                                                        "Total Cost": 42318.81,
                                                        "Plan Rows": 632080,
                                                        "Plan Width": 4,
                                                        "Actual Startup Time": 0.024,
                                                        "Actual Total Time": 83.257,
                                                        "Actual Rows": 632078,
                                                        "Actual Loops": 4,
                                                        "Output": [
                                                            "t.id",
                                                            "t.title",
                                                            "t.imdb_index",
                                                            "t.kind_id",
                                                            "t.production_year",
                                                            "t.imdb_id",
                                                            "t.phonetic_code",
                                                            "t.episode_of_id",
                                                            "t.season_nr",
                                                            "t.episode_nr",
                                                            "t.series_years",
                                                            "t.md5sum"
                                                        ],
                                                        "Workers": [
                                                            {
                                                                "Worker Number": 0,
                                                                "Actual Startup Time": 0.031,
                                                                "Actual Total Time": 88.278,
                                                                "Actual Rows": 651984,
                                                                "Actual Loops": 1
                                                            },
                                                            {
                                                                "Worker Number": 1,
                                                                "Actual Startup Time": 0.031,
                                                                "Actual Total Time": 84.869,
                                                                "Actual Rows": 454658,
                                                                "Actual Loops": 1
                                                            },
                                                            {
                                                                "Worker Number": 2,
                                                                "Actual Startup Time": 0.026,
                                                                "Actual Total Time": 83.927,
                                                                "Actual Rows": 644942,
                                                                "Actual Loops": 1
                                                            }
                                                        ]
                                                    },
                                                    {
                                                        "Node Type": "Hash",
                                                        "Parent Relationship": "Inner",
                                                        "Parallel Aware": true,
                                                        "Startup Cost": 29310.68,
                                                        "Total Cost": 29310.68,
                                                        "Plan Rows": 72046,
                                                        "Plan Width": 4,
                                                        "Actual Startup Time": 94.12,
                                                        "Actual Total Time": 94.121,
                                                        "Actual Rows": 56987,
                                                        "Actual Loops": 4,
                                                        "Output": [
                                                            "mc.movie_id"
                                                        ],
                                                        "Hash Buckets": 262144,
                                                        "Original Hash Buckets": 262144,
                                                        "Hash Batches": 1,
                                                        "Original Hash Batches": 1,
                                                        "Peak Memory Usage": 11040,
                                                        "Workers": [
                                                            {
                                                                "Worker Number": 0,
                                                                "Actual Startup Time": 93.933,
                                                                "Actual Total Time": 93.934,
                                                                "Actual Rows": 59588,
                                                                "Actual Loops": 1
                                                            },
                                                            {
                                                                "Worker Number": 1,
                                                                "Actual Startup Time": 93.974,
                                                                "Actual Total Time": 93.975,
                                                                "Actual Rows": 44396,
                                                                "Actual Loops": 1
                                                            },
                                                            {
                                                                "Worker Number": 2,
                                                                "Actual Startup Time": 94.002,
                                                                "Actual Total Time": 94.003,
                                                                "Actual Rows": 57426,
                                                                "Actual Loops": 1
                                                            }
                                                        ],
                                                        "Plans": [
                                                            {
                                                                "Node Type": "Seq Scan",
                                                                "Parent Relationship": "Outer",
                                                                "Parallel Aware": true,
                                                                "Relation Name": "movie_companies",
                                                                "Schema": "public",
                                                                "Alias": "mc",
                                                                "Startup Cost": 0.0,
                                                                "Total Cost": 29310.68,
                                                                "Plan Rows": 72046,
                                                                "Plan Width": 4,
                                                                "Actual Startup Time": 56.214,
                                                                "Actual Total Time": 77.304,
                                                                "Actual Rows": 56987,
                                                                "Actual Loops": 4,
                                                                "Output": [
                                                                    "mc.movie_id"
                                                                ],
                                                                "Filter": "(mc.company_id > 105952)",
                                                                "Rows Removed by Filter": 595295,
                                                                "Workers": [
                                                                    {
                                                                        "Worker Number": 0,
                                                                        "Actual Startup Time": 56.028,
                                                                        "Actual Total Time": 77.237,
                                                                        "Actual Rows": 59588,
                                                                        "Actual Loops": 1
                                                                    },
                                                                    {
                                                                        "Worker Number": 1,
                                                                        "Actual Startup Time": 56.074,
                                                                        "Actual Total Time": 78.146,
                                                                        "Actual Rows": 44396,
                                                                        "Actual Loops": 1
                                                                    },
                                                                    {
                                                                        "Worker Number": 2,
                                                                        "Actual Startup Time": 56.096,
                                                                        "Actual Total Time": 77.008,
                                                                        "Actual Rows": 57426,
                                                                        "Actual Loops": 1
                                                                    }
                                                                ]
                                                            }
                                                        ]
                                                    }
                                                ]
                                            }
                                        ]
                                    }
                                ]
                            }
                        ]
                    }
                ]
            }
        ]
    },
    "Planning Time": 1.557,
    "Triggers": [],
    "Execution Time": 577.114
}