[
  {
    "Plan": {
      "Node Type": "Aggregate",
      "Strategy": "Plain",
      "Partial Mode": "Finalize",
      "Parallel Aware": false,
      "Startup Cost": 348872.89,
      "Total Cost": 348872.9,
      "Plan Rows": 1,
      "Plan Width": 8,
      "Actual Startup Time": 872.736,
      "Actual Total Time": 926.739,
      "Actual Rows": 1,
      "Actual Loops": 1,
      "Plans": [
        {
          "Node Type": "Gather",
          "Parent Relationship": "Outer",
          "Parallel Aware": false,
          "Startup Cost": 348872.27,
          "Total Cost": 348872.88,
          "Plan Rows": 6,
          "Plan Width": 8,
          "Actual Startup Time": 872.516,
          "Actual Total Time": 926.726,
          "Actual Rows": 7,
          "Actual Loops": 1,
          "Workers Planned": 6,
          "Workers Launched": 6,
          "Single Copy": false,
          "Plans": [
            {
              "Node Type": "Aggregate",
              "Strategy": "Plain",
              "Partial Mode": "Partial",
              "Parent Relationship": "Outer",
              "Parallel Aware": false,
              "Startup Cost": 347872.27,
              "Total Cost": 347872.28,
              "Plan Rows": 1,
              "Plan Width": 8,
              "Actual Startup Time": 862.269,
              "Actual Total Time": 862.272,
              "Actual Rows": 1,
              "Actual Loops": 7,
              "Plans": [
                {
                  "Node Type": "Seq Scan",
                  "Parent Relationship": "Outer",
                  "Parallel Aware": true,
                  "Relation Name": "cast_info",
                  "Alias": "ci",
                  "Startup Cost": 0.0,
                  "Total Cost": 343316.27,
                  "Plan Rows": 1822398,
                  "Plan Width": 0,
                  "Actual Startup Time": 448.21,
                  "Actual Total Time": 807.783,
                  "Actual Rows": 832003,
                  "Actual Loops": 7,
                  "Filter": "((person_id < 2559154) AND (role_id > 2))",
                  "Rows Removed by Filter": 4345760
                }
              ]
            }
          ]
        }
      ]
    },
    "Planning Time": 0.217,
    "Triggers": [],
    "Execution Time": 926.811
  }
]