[
  {
    "Plan": {
      "Node Type": "Aggregate",
      "Strategy": "Plain",
      "Partial Mode": "Finalize",
      "Parallel Aware": false,
      "Startup Cost": 370356.19,
      "Total Cost": 370356.2,
      "Plan Rows": 1,
      "Plan Width": 8,
      "Actual Startup Time": 1244.372,
      "Actual Total Time": 1274.626,
      "Actual Rows": 1,
      "Actual Loops": 1,
      "Plans": [
        {
          "Node Type": "Gather",
          "Parent Relationship": "Outer",
          "Parallel Aware": false,
          "Startup Cost": 370355.88,
          "Total Cost": 370356.19,
          "Plan Rows": 3,
          "Plan Width": 8,
          "Actual Startup Time": 1226.066,
          "Actual Total Time": 1274.615,
          "Actual Rows": 4,
          "Actual Loops": 1,
          "Workers Planned": 3,
          "Workers Launched": 3,
          "Single Copy": false,
          "Plans": [
            {
              "Node Type": "Aggregate",
              "Strategy": "Plain",
              "Partial Mode": "Partial",
              "Parent Relationship": "Outer",
              "Parallel Aware": false,
              "Startup Cost": 369355.88,
              "Total Cost": 369355.89,
              "Plan Rows": 1,
              "Plan Width": 8,
              "Actual Startup Time": 1217.048,
              "Actual Total Time": 1217.229,
              "Actual Rows": 1,
              "Actual Loops": 4,
              "Plans": [
                {
                  "Node Type": "Hash Join",
                  "Parent Relationship": "Outer",
                  "Parallel Aware": true,
                  "Join Type": "Inner",
                  "Startup Cost": 337210.05,
                  "Total Cost": 368286.04,
                  "Plan Rows": 427936,
                  "Plan Width": 0,
                  "Actual Startup Time": 811.598,
                  "Actual Total Time": 1157.858,
                  "Actual Rows": 1188720,
                  "Actual Loops": 4,
                  "Inner Unique": false,
                  "Hash Cond": "(mc.movie_id = t.id)",
                  "Plans": [
                    {
                      "Node Type": "Seq Scan",
                      "Parent Relationship": "Outer",
                      "Parallel Aware": true,
                      "Relation Name": "movie_companies",
                      "Alias": "mc",
                      "Startup Cost": 0.0,
                      "Total Cost": 27206.55,
                      "Plan Rows": 841655,
                      "Plan Width": 4,
                      "Actual Startup Time": 0.021,
                      "Actual Total Time": 68.82,
                      "Actual Rows": 652282,
                      "Actual Loops": 4
                    },
                    {
                      "Node Type": "Hash",
                      "Parent Relationship": "Inner",
                      "Parallel Aware": true,
                      "Startup Cost": 334531.79,
                      "Total Cost": 334531.79,
                      "Plan Rows": 214261,
                      "Plan Width": 8,
                      "Actual Startup Time": 805.584,
                      "Actual Total Time": 805.764,
                      "Actual Rows": 304714,
                      "Actual Loops": 4,
                      "Hash Buckets": 2097152,
                      "Original Hash Buckets": 2097152,
                      "Hash Batches": 1,
                      "Original Hash Batches": 1,
                      "Peak Memory Usage": 64128,
                      "Plans": [
                        {
                          "Node Type": "Hash Join",
                          "Parent Relationship": "Outer",
                          "Parallel Aware": true,
                          "Join Type": "Inner",
                          "Startup Cost": 78604.09,
                          "Total Cost": 334531.79,
                          "Plan Rows": 214261,
                          "Plan Width": 8,
                          "Actual Startup Time": 431.476,
                          "Actual Total Time": 675.309,
                          "Actual Rows": 304714,
                          "Actual Loops": 4,
                          "Inner Unique": true,
                          "Hash Cond": "(ci.movie_id = t.id)",
                          "Plans": [
                            {
                              "Node Type": "Bitmap Heap Scan",
                              "Parent Relationship": "Outer",
                              "Parallel Aware": true,
                              "Relation Name": "cast_info",
                              "Alias": "ci",
                              "Startup Cost": 28383.71,
                              "Total Cost": 283748.97,
                              "Plan Rows": 214261,
                              "Plan Width": 4,
                              "Actual Startup Time": 40.807,
                              "Actual Total Time": 109.765,
                              "Actual Rows": 304714,
                              "Actual Loops": 4,
                              "Recheck Cond": "(person_id > 3825724)",
                              "Rows Removed by Index Recheck": 0,
                              "Exact Heap Blocks": 5598,
                              "Lossy Heap Blocks": 0,
                              "Plans": [
                                {
                                  "Node Type": "Bitmap Index Scan",
                                  "Parent Relationship": "Outer",
                                  "Parallel Aware": false,
                                  "Index Name": "person_id_cast_info",
                                  "Startup Cost": 0.0,
                                  "Total Cost": 28062.32,
                                  "Plan Rows": 1285567,
                                  "Plan Width": 0,
                                  "Actual Startup Time": 38.296,
                                  "Actual Total Time": 38.296,
                                  "Actual Rows": 1218857,
                                  "Actual Loops": 1,
                                  "Index Cond": "(person_id > 3825724)"
                                }
                              ]
                            },
                            {
                              "Node Type": "Hash",
                              "Parent Relationship": "Inner",
                              "Parallel Aware": true,
                              "Startup Cost": 42319.06,
                              "Total Cost": 42319.06,
                              "Plan Rows": 632106,
                              "Plan Width": 4,
                              "Actual Startup Time": 383.562,
                              "Actual Total Time": 383.563,
                              "Actual Rows": 632078,
                              "Actual Loops": 4,
                              "Hash Buckets": 4194304,
                              "Original Hash Buckets": 4194304,
                              "Hash Batches": 1,
                              "Original Hash Batches": 1,
                              "Peak Memory Usage": 131744,
                              "Plans": [
                                {
                                  "Node Type": "Seq Scan",
                                  "Parent Relationship": "Outer",
                                  "Parallel Aware": true,
                                  "Relation Name": "title",
                                  "Alias": "t",
                                  "Startup Cost": 0.0,
                                  "Total Cost": 42319.06,
                                  "Plan Rows": 632106,
                                  "Plan Width": 4,
                                  "Actual Startup Time": 0.047,
                                  "Actual Total Time": 113.353,
                                  "Actual Rows": 632078,
                                  "Actual Loops": 4
                                }
                              ]
                            }
                          ]
                        }
                      ]
                    }
                  ]
                }
              ]
            }
          ]
        }
      ]
    },
    "Planning Time": 0.918,
    "Triggers": [],
    "Execution Time": 1274.694
  }
]