[
  {
    "Plan": {
      "Node Type": "Aggregate",
      "Strategy": "Plain",
      "Partial Mode": "Finalize",
      "Parallel Aware": false,
      "Startup Cost": 105523.17,
      "Total Cost": 105523.18,
      "Plan Rows": 1,
      "Plan Width": 8,
      "Actual Startup Time": 500.502,
      "Actual Total Time": 521.298,
      "Actual Rows": 1,
      "Actual Loops": 1,
      "Plans": [
        {
          "Node Type": "Gather",
          "Parent Relationship": "Outer",
          "Parallel Aware": false,
          "Startup Cost": 105522.95,
          "Total Cost": 105523.16,
          "Plan Rows": 2,
          "Plan Width": 8,
          "Actual Startup Time": 496.325,
          "Actual Total Time": 521.288,
          "Actual Rows": 3,
          "Actual Loops": 1,
          "Workers Planned": 2,
          "Workers Launched": 2,
          "Single Copy": false,
          "Plans": [
            {
              "Node Type": "Aggregate",
              "Strategy": "Plain",
              "Partial Mode": "Partial",
              "Parent Relationship": "Outer",
              "Parallel Aware": false,
              "Startup Cost": 104522.95,
              "Total Cost": 104522.96,
              "Plan Rows": 1,
              "Plan Width": 8,
              "Actual Startup Time": 490.418,
              "Actual Total Time": 490.604,
              "Actual Rows": 1,
              "Actual Loops": 3,
              "Plans": [
                {
                  "Node Type": "Hash Join",
                  "Parent Relationship": "Outer",
                  "Parallel Aware": true,
                  "Join Type": "Inner",
                  "Startup Cost": 87803.04,
                  "Total Cost": 104450.4,
                  "Plan Rows": 29020,
                  "Plan Width": 0,
                  "Actual Startup Time": 400.469,
                  "Actual Total Time": 488.53,
                  "Actual Rows": 40552,
                  "Actual Loops": 3,
                  "Inner Unique": false,
                  "Hash Cond": "(mi_idx.movie_id = t.id)",
                  "Plans": [
                    {
                      "Node Type": "Seq Scan",
                      "Parent Relationship": "Outer",
                      "Parallel Aware": true,
                      "Relation Name": "movie_info_idx",
                      "Alias": "mi_idx",
                      "Startup Cost": 0.0,
                      "Total Cost": 15122.68,
                      "Plan Rows": 381618,
                      "Plan Width": 4,
                      "Actual Startup Time": 0.02,
                      "Actual Total Time": 51.125,
                      "Actual Rows": 306617,
                      "Actual Loops": 3,
                      "Filter": "(info_type_id < 101)",
                      "Rows Removed by Filter": 153395
                    },
                    {
                      "Node Type": "Hash",
                      "Parent Relationship": "Inner",
                      "Parallel Aware": true,
                      "Startup Cost": 87027.74,
                      "Total Cost": 87027.74,
                      "Plan Rows": 62024,
                      "Plan Width": 8,
                      "Actual Startup Time": 398.511,
                      "Actual Total Time": 398.695,
                      "Actual Rows": 35732,
                      "Actual Loops": 3,
                      "Hash Buckets": 262144,
                      "Original Hash Buckets": 262144,
                      "Hash Batches": 1,
                      "Original Hash Batches": 1,
                      "Peak Memory Usage": 6272,
                      "Plans": [
                        {
                          "Node Type": "Hash Join",
                          "Parent Relationship": "Outer",
                          "Parallel Aware": true,
                          "Join Type": "Inner",
                          "Startup Cost": 59538.84,
                          "Total Cost": 87027.74,
                          "Plan Rows": 62024,
                          "Plan Width": 8,
                          "Actual Startup Time": 255.139,
                          "Actual Total Time": 387.75,
                          "Actual Rows": 35732,
                          "Actual Loops": 3,
                          "Inner Unique": true,
                          "Hash Cond": "(mk.movie_id = t.id)",
                          "Plans": [
                            {
                              "Node Type": "Bitmap Heap Scan",
                              "Parent Relationship": "Outer",
                              "Parallel Aware": true,
                              "Relation Name": "movie_keyword",
                              "Alias": "mk",
                              "Startup Cost": 13197.16,
                              "Total Cost": 40159.35,
                              "Plan Rows": 200655,
                              "Plan Width": 4,
                              "Actual Startup Time": 42.162,
                              "Actual Total Time": 116.572,
                              "Actual Rows": 210949,
                              "Actual Loops": 3,
                              "Recheck Cond": "(keyword_id < 495)",
                              "Rows Removed by Index Recheck": 0,
                              "Exact Heap Blocks": 8426,
                              "Lossy Heap Blocks": 0,
                              "Plans": [
                                {
                                  "Node Type": "Bitmap Index Scan",
                                  "Parent Relationship": "Outer",
                                  "Parallel Aware": false,
                                  "Index Name": "keyword_id_movie_keyword",
                                  "Startup Cost": 0.0,
                                  "Total Cost": 13041.66,
                                  "Plan Rows": 622030,
                                  "Plan Width": 0,
                                  "Actual Startup Time": 38.511,
                                  "Actual Total Time": 38.512,
                                  "Actual Rows": 632848,
                                  "Actual Loops": 1,
                                  "Index Cond": "(keyword_id < 495)"
                                }
                              ]
                            },
                            {
                              "Node Type": "Hash",
                              "Parent Relationship": "Inner",
                              "Parallel Aware": true,
                              "Startup Cost": 43899.32,
                              "Total Cost": 43899.32,
                              "Plan Rows": 195388,
                              "Plan Width": 4,
                              "Actual Startup Time": 209.265,
                              "Actual Total Time": 209.265,
                              "Actual Rows": 261642,
                              "Actual Loops": 3,
                              "Hash Buckets": 1048576,
                              "Original Hash Buckets": 1048576,
                              "Hash Batches": 1,
                              "Original Hash Batches": 1,
                              "Peak Memory Usage": 38976,
                              "Plans": [
                                {
                                  "Node Type": "Seq Scan",
                                  "Parent Relationship": "Outer",
                                  "Parallel Aware": true,
                                  "Relation Name": "title",
                                  "Alias": "t",
                                  "Startup Cost": 0.0,
                                  "Total Cost": 43899.32,
                                  "Plan Rows": 195388,
                                  "Plan Width": 4,
                                  "Actual Startup Time": 0.044,
                                  "Actual Total Time": 119.072,
                                  "Actual Rows": 261642,
                                  "Actual Loops": 3,
                                  "Filter": "(production_year > 2007)",
                                  "Rows Removed by Filter": 581129
                                }
                              ]
                            }
                          ]
                        }
                      ]
                    }
                  ]
                }
              ]
            }
          ]
        }
      ]
    },
    "Planning Time": 0.818,
    "Triggers": [],
    "Execution Time": 521.365
  }
]