{
    "Plan": {
        "Node Type": "Aggregate",
        "Strategy": "Plain",
        "Partial Mode": "Simple",
        "Parallel Aware": false,
        "Startup Cost": 40000314829.81,
        "Total Cost": 40000314829.82,
        "Plan Rows": 1,
        "Plan Width": 96,
        "Actual Startup Time": 3326.943,
        "Actual Total Time": 3326.956,
        "Actual Rows": 1,
        "Actual Loops": 1,
        "Output": [
            "min(cn.name)",
            "min((lt.link)::text)",
            "min(t.title)"
        ],
        "Plans": [
            {
                "Node Type": "Nested Loop",
                "Parent Relationship": "Outer",
                "Parallel Aware": false,
                "Join Type": "Inner",
                "Startup Cost": 40000309447.19,
                "Total Cost": 40000314829.8,
                "Plan Rows": 1,
                "Plan Width": 48,
                "Actual Startup Time": 3291.475,
                "Actual Total Time": 3326.936,
                "Actual Rows": 24,
                "Actual Loops": 1,
                "Output": [
                    "cn.name",
                    "lt.link",
                    "t.title"
                ],
                "Inner Unique": true,
                "Plans": [
                    {
                        "Node Type": "Nested Loop",
                        "Parent Relationship": "Outer",
                        "Parallel Aware": false,
                        "Join Type": "Inner",
                        "Startup Cost": 30000309447.04,
                        "Total Cost": 30000314817.46,
                        "Plan Rows": 2,
                        "Plan Width": 40,
                        "Actual Startup Time": 3291.461,
                        "Actual Total Time": 3326.738,
                        "Actual Rows": 52,
                        "Actual Loops": 1,
                        "Output": [
                            "cn.name",
                            "ml.link_type_id",
                            "t.title"
                        ],
                        "Inner Unique": false,
                        "Join Filter": "(t.id = ml.movie_id)",
                        "Rows Removed by Join Filter": 0,
                        "Plans": [
                            {
                                "Node Type": "Hash Join",
                                "Parent Relationship": "Outer",
                                "Parallel Aware": false,
                                "Join Type": "Inner",
                                "Startup Cost": 20000309446.72,
                                "Total Cost": 20000314799.66,
                                "Plan Rows": 4,
                                "Plan Width": 48,
                                "Actual Startup Time": 3291.424,
                                "Actual Total Time": 3326.041,
                                "Actual Rows": 224,
                                "Actual Loops": 1,
                                "Output": [
                                    "cn.name",
                                    "mc.movie_id",
                                    "mk.movie_id",
                                    "t.title",
                                    "t.id"
                                ],
                                "Inner Unique": false,
                                "Hash Cond": "(k.id = mk.keyword_id)",
                                "Plans": [
                                    {
                                        "Node Type": "Index Scan",
                                        "Parent Relationship": "Outer",
                                        "Parallel Aware": false,
                                        "Scan Direction": "Forward",
                                        "Index Name": "keyword_pkey",
                                        "Relation Name": "keyword",
                                        "Schema": "public",
                                        "Alias": "k",
                                        "Startup Cost": 10000000000.42,
                                        "Total Cost": 10000005342.92,
                                        "Plan Rows": 1,
                                        "Plan Width": 4,
                                        "Actual Startup Time": 1.059,
                                        "Actual Total Time": 35.575,
                                        "Actual Rows": 1,
                                        "Actual Loops": 1,
                                        "Output": [
                                            "k.id",
                                            "k.keyword",
                                            "k.phonetic_code"
                                        ],
                                        "Filter": "(k.keyword = 'based-on-comic-book'::text)",
                                        "Rows Removed by Filter": 134169
                                    },
                                    {
                                        "Node Type": "Hash",
                                        "Parent Relationship": "Inner",
                                        "Parallel Aware": false,
                                        "Startup Cost": 10000303344.3,
                                        "Total Cost": 10000303344.3,
                                        "Plan Rows": 488160,
                                        "Plan Width": 52,
                                        "Actual Startup Time": 3289.579,
                                        "Actual Total Time": 3289.588,
                                        "Actual Rows": 1036823,
                                        "Actual Loops": 1,
                                        "Output": [
                                            "cn.name",
                                            "mc.movie_id",
                                            "mk.movie_id",
                                            "mk.keyword_id",
                                            "t.title",
                                            "t.id"
                                        ],
                                        "Hash Buckets": 1048576,
                                        "Original Hash Buckets": 524288,
                                        "Hash Batches": 1,
                                        "Original Hash Batches": 1,
                                        "Peak Memory Usage": 95977,
                                        "Plans": [
                                            {
                                                "Node Type": "Hash Join",
                                                "Parent Relationship": "Outer",
                                                "Parallel Aware": false,
                                                "Join Type": "Inner",
                                                "Startup Cost": 10000215751.69,
                                                "Total Cost": 10000303344.3,
                                                "Plan Rows": 488160,
                                                "Plan Width": 52,
                                                "Actual Startup Time": 2348.916,
                                                "Actual Total Time": 3072.288,
                                                "Actual Rows": 1036823,
                                                "Actual Loops": 1,
                                                "Output": [
                                                    "cn.name",
                                                    "mc.movie_id",
                                                    "mk.movie_id",
                                                    "mk.keyword_id",
                                                    "t.title",
                                                    "t.id"
                                                ],
                                                "Inner Unique": false,
                                                "Hash Cond": "(mk.movie_id = t.id)",
                                                "Plans": [
                                                    {
                                                        "Node Type": "Seq Scan",
                                                        "Parent Relationship": "Outer",
                                                        "Parallel Aware": false,
                                                        "Relation Name": "movie_keyword",
                                                        "Schema": "public",
                                                        "Alias": "mk",
                                                        "Startup Cost": 0.0,
                                                        "Total Cost": 69693.3,
                                                        "Plan Rows": 4523930,
                                                        "Plan Width": 8,
                                                        "Actual Startup Time": 0.029,
                                                        "Actual Total Time": 280.438,
                                                        "Actual Rows": 4523930,
                                                        "Actual Loops": 1,
                                                        "Output": [
                                                            "mk.id",
                                                            "mk.movie_id",
                                                            "mk.keyword_id"
                                                        ]
                                                    },
                                                    {
                                                        "Node Type": "Hash",
                                                        "Parent Relationship": "Inner",
                                                        "Parallel Aware": false,
                                                        "Startup Cost": 10000215098.8,
                                                        "Total Cost": 10000215098.8,
                                                        "Plan Rows": 52231,
                                                        "Plan Width": 44,
                                                        "Actual Startup Time": 2348.763,
                                                        "Actual Total Time": 2348.77,
                                                        "Actual Rows": 128641,
                                                        "Actual Loops": 1,
                                                        "Output": [
                                                            "cn.name",
                                                            "mc.movie_id",
                                                            "t.title",
                                                            "t.id"
                                                        ],
                                                        "Hash Buckets": 131072,
                                                        "Original Hash Buckets": 65536,
                                                        "Hash Batches": 1,
                                                        "Original Hash Batches": 1,
                                                        "Peak Memory Usage": 11072,
                                                        "Plans": [
                                                            {
                                                                "Node Type": "Hash Join",
                                                                "Parent Relationship": "Outer",
                                                                "Parallel Aware": false,
                                                                "Join Type": "Inner",
                                                                "Startup Cost": 10000213934.07,
                                                                "Total Cost": 10000215098.8,
                                                                "Plan Rows": 52231,
                                                                "Plan Width": 44,
                                                                "Actual Startup Time": 2228.643,
                                                                "Actual Total Time": 2322.027,
                                                                "Actual Rows": 128641,
                                                                "Actual Loops": 1,
                                                                "Output": [
                                                                    "cn.name",
                                                                    "mc.movie_id",
                                                                    "t.title",
                                                                    "t.id"
                                                                ],
                                                                "Inner Unique": true,
                                                                "Hash Cond": "(mc.movie_id = t.id)",
                                                                "Plans": [
                                                                    {
                                                                        "Node Type": "Hash Join",
                                                                        "Parent Relationship": "Outer",
                                                                        "Parallel Aware": false,
                                                                        "Join Type": "Inner",
                                                                        "Startup Cost": 65709.86,
                                                                        "Total Cost": 66702.92,
                                                                        "Plan Rows": 65399,
                                                                        "Plan Width": 23,
                                                                        "Actual Startup Time": 496.13,
                                                                        "Actual Total Time": 516.981,
                                                                        "Actual Rows": 199257,
                                                                        "Actual Loops": 1,
                                                                        "Output": [
                                                                            "cn.name",
                                                                            "mc.movie_id"
                                                                        ],
                                                                        "Inner Unique": false,
                                                                        "Hash Cond": "(ct.id = mc.company_type_id)",
                                                                        "Plans": [
                                                                            {
                                                                                "Node Type": "Index Scan",
                                                                                "Parent Relationship": "Outer",
                                                                                "Parallel Aware": false,
                                                                                "Scan Direction": "Forward",
                                                                                "Index Name": "company_type_pkey",
                                                                                "Relation Name": "company_type",
                                                                                "Schema": "public",
                                                                                "Alias": "ct",
                                                                                "Startup Cost": 0.13,
                                                                                "Total Cost": 12.2,
                                                                                "Plan Rows": 1,
                                                                                "Plan Width": 4,
                                                                                "Actual Startup Time": 0.016,
                                                                                "Actual Total Time": 0.024,
                                                                                "Actual Rows": 1,
                                                                                "Actual Loops": 1,
                                                                                "Output": [
                                                                                    "ct.id",
                                                                                    "ct.kind"
                                                                                ],
                                                                                "Filter": "((ct.kind)::text = 'production companies'::text)",
                                                                                "Rows Removed by Filter": 3
                                                                            },
                                                                            {
                                                                                "Node Type": "Hash",
                                                                                "Parent Relationship": "Inner",
                                                                                "Parallel Aware": false,
                                                                                "Startup Cost": 62439.77,
                                                                                "Total Cost": 62439.77,
                                                                                "Plan Rows": 261597,
                                                                                "Plan Width": 27,
                                                                                "Actual Startup Time": 495.724,
                                                                                "Actual Total Time": 495.727,
                                                                                "Actual Rows": 215101,
                                                                                "Actual Loops": 1,
                                                                                "Output": [
                                                                                    "cn.name",
                                                                                    "mc.movie_id",
                                                                                    "mc.company_type_id"
                                                                                ],
                                                                                "Hash Buckets": 262144,
                                                                                "Original Hash Buckets": 262144,
                                                                                "Hash Batches": 1,
                                                                                "Original Hash Batches": 1,
                                                                                "Peak Memory Usage": 14871,
                                                                                "Plans": [
                                                                                    {
                                                                                        "Node Type": "Hash Join",
                                                                                        "Parent Relationship": "Outer",
                                                                                        "Parallel Aware": false,
                                                                                        "Join Type": "Inner",
                                                                                        "Startup Cost": 14236.68,
                                                                                        "Total Cost": 62439.77,
                                                                                        "Plan Rows": 261597,
                                                                                        "Plan Width": 27,
                                                                                        "Actual Startup Time": 134.99,
                                                                                        "Actual Total Time": 467.318,
                                                                                        "Actual Rows": 215101,
                                                                                        "Actual Loops": 1,
                                                                                        "Output": [
                                                                                            "cn.name",
                                                                                            "mc.movie_id",
                                                                                            "mc.company_type_id"
                                                                                        ],
                                                                                        "Inner Unique": true,
                                                                                        "Hash Cond": "(mc.company_id = cn.id)",
                                                                                        "Plans": [
                                                                                            {
                                                                                                "Node Type": "Seq Scan",
                                                                                                "Parent Relationship": "Outer",
                                                                                                "Parallel Aware": false,
                                                                                                "Relation Name": "movie_companies",
                                                                                                "Schema": "public",
                                                                                                "Alias": "mc",
                                                                                                "Startup Cost": 0.0,
                                                                                                "Total Cost": 44881.29,
                                                                                                "Plan Rows": 1265428,
                                                                                                "Plan Width": 12,
                                                                                                "Actual Startup Time": 0.043,
                                                                                                "Actual Total Time": 216.249,
                                                                                                "Actual Rows": 1271989,
                                                                                                "Actual Loops": 1,
                                                                                                "Output": [
                                                                                                    "mc.id",
                                                                                                    "mc.movie_id",
                                                                                                    "mc.company_id",
                                                                                                    "mc.company_type_id",
                                                                                                    "mc.note"
                                                                                                ],
                                                                                                "Filter": "(mc.note IS NULL)",
                                                                                                "Rows Removed by Filter": 1337140
                                                                                            },
                                                                                            {
                                                                                                "Node Type": "Hash",
                                                                                                "Parent Relationship": "Inner",
                                                                                                "Parallel Aware": false,
                                                                                                "Startup Cost": 13629.43,
                                                                                                "Total Cost": 13629.43,
                                                                                                "Plan Rows": 48580,
                                                                                                "Plan Width": 23,
                                                                                                "Actual Startup Time": 134.485,
                                                                                                "Actual Total Time": 134.486,
                                                                                                "Actual Rows": 44276,
                                                                                                "Actual Loops": 1,
                                                                                                "Output": [
                                                                                                    "cn.name",
                                                                                                    "cn.id"
                                                                                                ],
                                                                                                "Hash Buckets": 65536,
                                                                                                "Original Hash Buckets": 65536,
                                                                                                "Hash Batches": 1,
                                                                                                "Original Hash Batches": 1,
                                                                                                "Peak Memory Usage": 2903,
                                                                                                "Plans": [
                                                                                                    {
                                                                                                        "Node Type": "Index Scan",
                                                                                                        "Parent Relationship": "Outer",
                                                                                                        "Parallel Aware": false,
                                                                                                        "Scan Direction": "Forward",
                                                                                                        "Index Name": "company_name_pkey",
                                                                                                        "Relation Name": "company_name",
                                                                                                        "Schema": "public",
                                                                                                        "Alias": "cn",
                                                                                                        "Startup Cost": 0.42,
                                                                                                        "Total Cost": 13629.43,
                                                                                                        "Plan Rows": 48580,
                                                                                                        "Plan Width": 23,
                                                                                                        "Actual Startup Time": 0.067,
                                                                                                        "Actual Total Time": 125.546,
                                                                                                        "Actual Rows": 44276,
                                                                                                        "Actual Loops": 1,
                                                                                                        "Output": [
                                                                                                            "cn.name",
                                                                                                            "cn.id"
                                                                                                        ],
                                                                                                        "Filter": "(((cn.country_code)::text <> '[de]'::text) AND ((cn.name ~~ '%Film%'::text) OR (cn.name ~~ '%Warner%'::text)))",
                                                                                                        "Rows Removed by Filter": 190721
                                                                                                    }
                                                                                                ]
                                                                                            }
                                                                                        ]
                                                                                    }
                                                                                ]
                                                                            }
                                                                        ]
                                                                    },
                                                                    {
                                                                        "Node Type": "Hash",
                                                                        "Parent Relationship": "Inner",
                                                                        "Parallel Aware": false,
                                                                        "Startup Cost": 10000122983.71,
                                                                        "Total Cost": 10000122983.71,
                                                                        "Plan Rows": 2019240,
                                                                        "Plan Width": 21,
                                                                        "Actual Startup Time": 1730.498,
                                                                        "Actual Total Time": 1730.499,
                                                                        "Actual Rows": 2022446,
                                                                        "Actual Loops": 1,
                                                                        "Output": [
                                                                            "t.title",
                                                                            "t.id"
                                                                        ],
                                                                        "Hash Buckets": 2097152,
                                                                        "Original Hash Buckets": 2097152,
                                                                        "Hash Batches": 1,
                                                                        "Original Hash Batches": 1,
                                                                        "Peak Memory Usage": 124777,
                                                                        "Plans": [
                                                                            {
                                                                                "Node Type": "Index Scan",
                                                                                "Parent Relationship": "Outer",
                                                                                "Parallel Aware": false,
                                                                                "Scan Direction": "Forward",
                                                                                "Index Name": "title_pkey",
                                                                                "Relation Name": "title",
                                                                                "Schema": "public",
                                                                                "Alias": "t",
                                                                                "Startup Cost": 10000000000.43,
                                                                                "Total Cost": 10000122983.71,
                                                                                "Plan Rows": 2019240,
                                                                                "Plan Width": 21,
                                                                                "Actual Startup Time": 0.022,
                                                                                "Actual Total Time": 1201.75,
                                                                                "Actual Rows": 2022446,
                                                                                "Actual Loops": 1,
                                                                                "Output": [
                                                                                    "t.title",
                                                                                    "t.id"
                                                                                ],
                                                                                "Filter": "((t.production_year >= 1970) AND (t.production_year <= 2012))",
                                                                                "Rows Removed by Filter": 505866
                                                                            }
                                                                        ]
                                                                    }
                                                                ]
                                                            }
                                                        ]
                                                    }
                                                ]
                                            }
                                        ]
                                    }
                                ]
                            },
                            {
                                "Node Type": "Bitmap Heap Scan",
                                "Parent Relationship": "Inner",
                                "Parallel Aware": false,
                                "Relation Name": "movie_link",
                                "Schema": "public",
                                "Alias": "ml",
                                "Startup Cost": 0.33,
                                "Total Cost": 4.39,
                                "Plan Rows": 5,
                                "Plan Width": 8,
                                "Actual Startup Time": 0.002,
                                "Actual Total Time": 0.002,
                                "Actual Rows": 0,
                                "Actual Loops": 224,
                                "Output": [
                                    "ml.id",
                                    "ml.movie_id",
                                    "ml.linked_movie_id",
                                    "ml.link_type_id"
                                ],
                                "Recheck Cond": "(ml.movie_id = mk.movie_id)",
                                "Rows Removed by Index Recheck": 0,
                                "Exact Heap Blocks": 8,
                                "Lossy Heap Blocks": 0,
                                "Plans": [
                                    {
                                        "Node Type": "Bitmap Index Scan",
                                        "Parent Relationship": "Outer",
                                        "Parallel Aware": false,
                                        "Index Name": "movie_id_movie_link",
                                        "Startup Cost": 0.0,
                                        "Total Cost": 0.33,
                                        "Plan Rows": 5,
                                        "Plan Width": 0,
                                        "Actual Startup Time": 0.001,
                                        "Actual Total Time": 0.001,
                                        "Actual Rows": 0,
                                        "Actual Loops": 224,
                                        "Index Cond": "(ml.movie_id = mk.movie_id)"
                                    }
                                ]
                            }
                        ]
                    },
                    {
                        "Node Type": "Bitmap Heap Scan",
                        "Parent Relationship": "Inner",
                        "Parallel Aware": false,
                        "Relation Name": "link_type",
                        "Schema": "public",
                        "Alias": "lt",
                        "Startup Cost": 0.15,
                        "Total Cost": 4.16,
                        "Plan Rows": 1,
                        "Plan Width": 16,
                        "Actual Startup Time": 0.002,
                        "Actual Total Time": 0.002,
                        "Actual Rows": 0,
                        "Actual Loops": 52,
                        "Output": [
                            "lt.id",
                            "lt.link"
                        ],
                        "Recheck Cond": "(lt.id = ml.link_type_id)",
                        "Rows Removed by Index Recheck": 0,
                        "Filter": "((lt.link)::text ~~ '%follow%'::text)",
                        "Rows Removed by Filter": 1,
                        "Exact Heap Blocks": 52,
                        "Lossy Heap Blocks": 0,
                        "Plans": [
                            {
                                "Node Type": "Bitmap Index Scan",
                                "Parent Relationship": "Outer",
                                "Parallel Aware": false,
                                "Index Name": "link_type_pkey",
                                "Startup Cost": 0.0,
                                "Total Cost": 0.15,
                                "Plan Rows": 1,
                                "Plan Width": 0,
                                "Actual Startup Time": 0.001,
                                "Actual Total Time": 0.001,
                                "Actual Rows": 1,
                                "Actual Loops": 52,
                                "Index Cond": "(lt.id = ml.link_type_id)"
                            }
                        ]
                    }
                ]
            }
        ]
    },
    "Planning Time": 6.037,
    "Triggers": [],
    "Execution Time": 3329.056
}