[
  {
    "Plan": {
      "Node Type": "Aggregate",
      "Strategy": "Plain",
      "Partial Mode": "Finalize",
      "Parallel Aware": false,
      "Startup Cost": 31961.39,
      "Total Cost": 31961.4,
      "Plan Rows": 1,
      "Plan Width": 8,
      "Actual Startup Time": 124.223,
      "Actual Total Time": 132.477,
      "Actual Rows": 1,
      "Actual Loops": 1,
      "Plans": [
        {
          "Node Type": "Gather",
          "Parent Relationship": "Outer",
          "Parallel Aware": false,
          "Startup Cost": 31961.07,
          "Total Cost": 31961.38,
          "Plan Rows": 3,
          "Plan Width": 8,
          "Actual Startup Time": 124.092,
          "Actual Total Time": 132.469,
          "Actual Rows": 4,
          "Actual Loops": 1,
          "Workers Planned": 3,
          "Workers Launched": 3,
          "Single Copy": false,
          "Plans": [
            {
              "Node Type": "Aggregate",
              "Strategy": "Plain",
              "Partial Mode": "Partial",
              "Parent Relationship": "Outer",
              "Parallel Aware": false,
              "Startup Cost": 30961.07,
              "Total Cost": 30961.08,
              "Plan Rows": 1,
              "Plan Width": 8,
              "Actual Startup Time": 118.174,
              "Actual Total Time": 118.175,
              "Actual Rows": 1,
              "Actual Loops": 4,
              "Plans": [
                {
                  "Node Type": "Seq Scan",
                  "Parent Relationship": "Outer",
                  "Parallel Aware": true,
                  "Relation Name": "movie_companies",
                  "Alias": "mc",
                  "Startup Cost": 0.0,
                  "Total Cost": 29310.68,
                  "Plan Rows": 660155,
                  "Plan Width": 0,
                  "Actual Startup Time": 0.256,
                  "Actual Total Time": 91.319,
                  "Actual Rows": 513272,
                  "Actual Loops": 4,
                  "Filter": "(company_id > 578)",
                  "Rows Removed by Filter": 139011
                }
              ]
            }
          ]
        }
      ]
    },
    "Planning Time": 0.154,
    "Triggers": [],
    "Execution Time": 132.524
  }
]