[
    {
        "Bao": {
            "Bao prediction": "NaN",
            "Bao recommended hint": "(no hint)"
        }
    },
    {
        "Plan": {
            "Node Type": "Aggregate",
            "Strategy": "Plain",
            "Partial Mode": "Finalize",
            "Parallel Aware": false,
            "Startup Cost": 277202.18,
            "Total Cost": 277202.19,
            "Plan Rows": 1,
            "Plan Width": 8,
            "Actual Startup Time": 108.93,
            "Actual Total Time": 112.313,
            "Actual Rows": 1,
            "Actual Loops": 1,
            "Output": [
                "count(*)"
            ],
            "Plans": [
                {
                    "Node Type": "Gather",
                    "Parent Relationship": "Outer",
                    "Parallel Aware": false,
                    "Startup Cost": 277201.55,
                    "Total Cost": 277202.16,
                    "Plan Rows": 6,
                    "Plan Width": 8,
                    "Actual Startup Time": 108.669,
                    "Actual Total Time": 112.307,
                    "Actual Rows": 7,
                    "Actual Loops": 1,
                    "Output": [
                        "(PARTIAL count(*))"
                    ],
                    "Workers Planned": 6,
                    "Workers Launched": 6,
                    "Single Copy": false,
                    "Plans": [
                        {
                            "Node Type": "Aggregate",
                            "Strategy": "Plain",
                            "Partial Mode": "Partial",
                            "Parent Relationship": "Outer",
                            "Parallel Aware": false,
                            "Startup Cost": 276201.55,
                            "Total Cost": 276201.56,
                            "Plan Rows": 1,
                            "Plan Width": 8,
                            "Actual Startup Time": 98.069,
                            "Actual Total Time": 98.071,
                            "Actual Rows": 1,
                            "Actual Loops": 7,
                            "Output": [
                                "PARTIAL count(*)"
                            ],
                            "Workers": [
                                {
                                    "Worker Number": 0,
                                    "Actual Startup Time": 95.712,
                                    "Actual Total Time": 95.713,
                                    "Actual Rows": 1,
                                    "Actual Loops": 1
                                },
                                {
                                    "Worker Number": 1,
                                    "Actual Startup Time": 96.066,
                                    "Actual Total Time": 96.067,
                                    "Actual Rows": 1,
                                    "Actual Loops": 1
                                },
                                {
                                    "Worker Number": 2,
                                    "Actual Startup Time": 96.074,
                                    "Actual Total Time": 96.075,
                                    "Actual Rows": 1,
                                    "Actual Loops": 1
                                },
                                {
                                    "Worker Number": 3,
                                    "Actual Startup Time": 96.443,
                                    "Actual Total Time": 96.445,
                                    "Actual Rows": 1,
                                    "Actual Loops": 1
                                },
                                {
                                    "Worker Number": 4,
                                    "Actual Startup Time": 96.873,
                                    "Actual Total Time": 96.874,
                                    "Actual Rows": 1,
                                    "Actual Loops": 1
                                },
                                {
                                    "Worker Number": 5,
                                    "Actual Startup Time": 97.334,
                                    "Actual Total Time": 97.336,
                                    "Actual Rows": 1,
                                    "Actual Loops": 1
                                }
                            ],
                            "Plans": [
                                {
                                    "Node Type": "Bitmap Heap Scan",
                                    "Parent Relationship": "Outer",
                                    "Parallel Aware": true,
                                    "Relation Name": "cast_info",
                                    "Schema": "public",
                                    "Alias": "ci",
                                    "Startup Cost": 20987.73,
                                    "Total Cost": 276069.34,
                                    "Plan Rows": 52884,
                                    "Plan Width": 0,
                                    "Actual Startup Time": 86.353,
                                    "Actual Total Time": 96.6,
                                    "Actual Rows": 27793,
                                    "Actual Loops": 7,
                                    "Recheck Cond": "(ci.person_id < 101408)",
                                    "Rows Removed by Index Recheck": 0,
                                    "Filter": "(ci.role_id > 3)",
                                    "Rows Removed by Filter": 114071,
                                    "Exact Heap Blocks": 3221,
                                    "Lossy Heap Blocks": 0,
                                    "Workers": [
                                        {
                                            "Worker Number": 0,
                                            "Actual Startup Time": 83.989,
                                            "Actual Total Time": 94.236,
                                            "Actual Rows": 27288,
                                            "Actual Loops": 1
                                        },
                                        {
                                            "Worker Number": 1,
                                            "Actual Startup Time": 84.357,
                                            "Actual Total Time": 94.553,
                                            "Actual Rows": 21519,
                                            "Actual Loops": 1
                                        },
                                        {
                                            "Worker Number": 2,
                                            "Actual Startup Time": 84.371,
                                            "Actual Total Time": 94.613,
                                            "Actual Rows": 27529,
                                            "Actual Loops": 1
                                        },
                                        {
                                            "Worker Number": 3,
                                            "Actual Startup Time": 84.746,
                                            "Actual Total Time": 95.124,
                                            "Actual Rows": 22386,
                                            "Actual Loops": 1
                                        },
                                        {
                                            "Worker Number": 4,
                                            "Actual Startup Time": 85.155,
                                            "Actual Total Time": 95.438,
                                            "Actual Rows": 26868,
                                            "Actual Loops": 1
                                        },
                                        {
                                            "Worker Number": 5,
                                            "Actual Startup Time": 85.602,
                                            "Actual Total Time": 95.884,
                                            "Actual Rows": 27371,
                                            "Actual Loops": 1
                                        }
                                    ],
                                    "Plans": [
                                        {
                                            "Node Type": "Bitmap Index Scan",
                                            "Parent Relationship": "Outer",
                                            "Parallel Aware": false,
                                            "Index Name": "person_id_cast_info",
                                            "Startup Cost": 0.0,
                                            "Total Cost": 20908.4,
                                            "Plan Rows": 957845,
                                            "Plan Width": 0,
                                            "Actual Startup Time": 58.439,
                                            "Actual Total Time": 58.44,
                                            "Actual Rows": 993047,
                                            "Actual Loops": 1,
                                            "Index Cond": "(ci.person_id < 101408)"
                                        }
                                    ]
                                }
                            ]
                        }
                    ]
                }
            ]
        },
        "Planning Time": 183.062,
        "Triggers": [],
        "Execution Time": 112.397
    }
]