[
  {
    "Plan": {
      "Node Type": "Aggregate",
      "Strategy": "Plain",
      "Partial Mode": "Finalize",
      "Parallel Aware": false,
      "Startup Cost": 345797.03,
      "Total Cost": 345797.04,
      "Plan Rows": 1,
      "Plan Width": 8,
      "Actual Startup Time": 492.946,
      "Actual Total Time": 524.649,
      "Actual Rows": 1,
      "Actual Loops": 1,
      "Plans": [
        {
          "Node Type": "Gather",
          "Parent Relationship": "Outer",
          "Parallel Aware": false,
          "Startup Cost": 345796.41,
          "Total Cost": 345797.02,
          "Plan Rows": 6,
          "Plan Width": 8,
          "Actual Startup Time": 492.75,
          "Actual Total Time": 524.635,
          "Actual Rows": 7,
          "Actual Loops": 1,
          "Workers Planned": 6,
          "Workers Launched": 6,
          "Single Copy": false,
          "Plans": [
            {
              "Node Type": "Aggregate",
              "Strategy": "Plain",
              "Partial Mode": "Partial",
              "Parent Relationship": "Outer",
              "Parallel Aware": false,
              "Startup Cost": 344796.41,
              "Total Cost": 344796.42,
              "Plan Rows": 1,
              "Plan Width": 8,
              "Actual Startup Time": 484.863,
              "Actual Total Time": 484.865,
              "Actual Rows": 1,
              "Actual Loops": 7,
              "Plans": [
                {
                  "Node Type": "Index Scan",
                  "Parent Relationship": "Outer",
                  "Parallel Aware": true,
                  "Scan Direction": "Forward",
                  "Index Name": "role_id_cast_info",
                  "Relation Name": "cast_info",
                  "Alias": "ci",
                  "Startup Cost": 0.56,
                  "Total Cost": 341155.22,
                  "Plan Rows": 1456475,
                  "Plan Width": 0,
                  "Actual Startup Time": 283.14,
                  "Actual Total Time": 446.717,
                  "Actual Rows": 636273,
                  "Actual Loops": 7,
                  "Index Cond": "(role_id < 2)",
                  "Rows Removed by Index Recheck": 0,
                  "Filter": "(person_id > 1120028)",
                  "Rows Removed by Filter": 1173826
                }
              ]
            }
          ]
        }
      ]
    },
    "Planning Time": 0.107,
    "Triggers": [],
    "Execution Time": 524.694
  }
]