{
  "Plan": {
    "Node Type": "Aggregate",
    "Strategy": "Plain",
    "Partial Mode": "Finalize",
    "Parallel Aware": false,
    "Startup Cost": 354307.08,
    "Total Cost": 354307.09,
    "Plan Rows": 1,
    "Plan Width": 8,
    "Actual Startup Time": 727.383,
    "Actual Total Time": 741.691,
    "Actual Rows": 1,
    "Actual Loops": 1,
    "Plans": [
      {
        "Node Type": "Gather",
        "Parent Relationship": "Outer",
        "Parallel Aware": false,
        "Startup Cost": 354306.96,
        "Total Cost": 354307.07,
        "Plan Rows": 1,
        "Plan Width": 8,
        "Actual Startup Time": 724.179,
        "Actual Total Time": 741.684,
        "Actual Rows": 2,
        "Actual Loops": 1,
        "Workers Planned": 1,
        "Workers Launched": 1,
        "Single Copy": false,
        "Plans": [
          {
            "Node Type": "Aggregate",
            "Strategy": "Plain",
            "Partial Mode": "Partial",
            "Parent Relationship": "Outer",
            "Parallel Aware": false,
            "Startup Cost": 353306.96,
            "Total Cost": 353306.97,
            "Plan Rows": 1,
            "Plan Width": 8,
            "Actual Startup Time": 716.032,
            "Actual Total Time": 716.036,
            "Actual Rows": 1,
            "Actual Loops": 2,
            "Plans": [
              {
                "Node Type": "Hash Join",
                "Parent Relationship": "Outer",
                "Parallel Aware": true,
                "Join Type": "Inner",
                "Startup Cost": 90560.62,
                "Total Cost": 352213.74,
                "Plan Rows": 437289,
                "Plan Width": 0,
                "Actual Startup Time": 455.114,
                "Actual Total Time": 701.216,
                "Actual Rows": 349514,
                "Actual Loops": 2,
                "Inner Unique": true,
                "Hash Cond": "(ci.movie_id = t.id)",
                "Plans": [
                  {
                    "Node Type": "Bitmap Heap Scan",
                    "Parent Relationship": "Outer",
                    "Parallel Aware": true,
                    "Relation Name": "cast_info",
                    "Alias": "ci",
                    "Startup Cost": 22258.72,
                    "Total Cost": 282355.74,
                    "Plan Rows": 592801,
                    "Plan Width": 4,
                    "Actual Startup Time": 42.894,
                    "Actual Total Time": 95.39,
                    "Actual Rows": 504522,
                    "Actual Loops": 2,
                    "Recheck Cond": "(person_id < 102998)",
                    "Rows Removed by Index Recheck": 0,
                    "Exact Heap Blocks": 5497,
                    "Lossy Heap Blocks": 0,
                    "Plans": [
                      {
                        "Node Type": "Bitmap Index Scan",
                        "Parent Relationship": "Outer",
                        "Parallel Aware": false,
                        "Index Name": "person_id_cast_info",
                        "Startup Cost": 0.0,
                        "Total Cost": 22006.78,
                        "Plan Rows": 1007762,
                        "Plan Width": 0,
                        "Actual Startup Time": 41.353,
                        "Actual Total Time": 41.354,
                        "Actual Rows": 1009045,
                        "Actual Loops": 1,
                        "Index Cond": "(person_id < 102998)"
                      }
                    ]
                  },
                  {
                    "Node Type": "Hash",
                    "Parent Relationship": "Inner",
                    "Parallel Aware": true,
                    "Startup Cost": 54588.39,
                    "Total Cost": 54588.39,
                    "Plan Rows": 1097081,
                    "Plan Width": 4,
                    "Actual Startup Time": 398.149,
                    "Actual Total Time": 398.15,
                    "Actual Rows": 932744,
                    "Actual Loops": 2,
                    "Hash Buckets": 2097152,
                    "Original Hash Buckets": 2097152,
                    "Hash Batches": 1,
                    "Original Hash Batches": 1,
                    "Peak Memory Usage": 89376,
                    "Plans": [
                      {
                        "Node Type": "Seq Scan",
                        "Parent Relationship": "Outer",
                        "Parallel Aware": true,
                        "Relation Name": "title",
                        "Alias": "t",
                        "Startup Cost": 0.0,
                        "Total Cost": 54588.39,
                        "Plan Rows": 1097081,
                        "Plan Width": 4,
                        "Actual Startup Time": 0.027,
                        "Actual Total Time": 165.018,
                        "Actual Rows": 932744,
                        "Actual Loops": 2,
                        "Filter": "(kind_id > 1)",
                        "Rows Removed by Filter": 331412
                      }
                    ]
                  }
                ]
              }
            ]
          }
        ]
      }
    ]
  },
  "Planning Time": 0.679,
  "Triggers": [],
  "Execution Time": 741.793
}