[
  {
    "Plan": {
      "Node Type": "Aggregate",
      "Strategy": "Plain",
      "Partial Mode": "Finalize",
      "Parallel Aware": false,
      "Startup Cost": 414680.77,
      "Total Cost": 414680.78,
      "Plan Rows": 1,
      "Plan Width": 8,
      "Actual Startup Time": 2061.601,
      "Actual Total Time": 2122.62,
      "Actual Rows": 1,
      "Actual Loops": 1,
      "Plans": [
        {
          "Node Type": "Gather",
          "Parent Relationship": "Outer",
          "Parallel Aware": false,
          "Startup Cost": 414680.15,
          "Total Cost": 414680.76,
          "Plan Rows": 6,
          "Plan Width": 8,
          "Actual Startup Time": 2050.507,
          "Actual Total Time": 2122.605,
          "Actual Rows": 7,
          "Actual Loops": 1,
          "Workers Planned": 6,
          "Workers Launched": 6,
          "Single Copy": false,
          "Plans": [
            {
              "Node Type": "Aggregate",
              "Strategy": "Plain",
              "Partial Mode": "Partial",
              "Parent Relationship": "Outer",
              "Parallel Aware": false,
              "Startup Cost": 413680.15,
              "Total Cost": 413680.16,
              "Plan Rows": 1,
              "Plan Width": 8,
              "Actual Startup Time": 2039.473,
              "Actual Total Time": 2039.722,
              "Actual Rows": 1,
              "Actual Loops": 7,
              "Plans": [
                {
                  "Node Type": "Hash Join",
                  "Parent Relationship": "Outer",
                  "Parallel Aware": true,
                  "Join Type": "Inner",
                  "Startup Cost": 68487.35,
                  "Total Cost": 410887.36,
                  "Plan Rows": 1117113,
                  "Plan Width": 0,
                  "Actual Startup Time": 571.605,
                  "Actual Total Time": 1938.03,
                  "Actual Rows": 1891834,
                  "Actual Loops": 7,
                  "Inner Unique": false,
                  "Hash Cond": "(ci.movie_id = t.id)",
                  "Plans": [
                    {
                      "Node Type": "Seq Scan",
                      "Parent Relationship": "Outer",
                      "Parallel Aware": true,
                      "Relation Name": "cast_info",
                      "Alias": "ci",
                      "Startup Cost": 0.0,
                      "Total Cost": 328162.03,
                      "Plan Rows": 3052056,
                      "Plan Width": 4,
                      "Actual Startup Time": 209.657,
                      "Actual Total Time": 693.435,
                      "Actual Rows": 2613140,
                      "Actual Loops": 7,
                      "Filter": "(person_id > 1779947)",
                      "Rows Removed by Filter": 2564623
                    },
                    {
                      "Node Type": "Hash",
                      "Parent Relationship": "Inner",
                      "Parallel Aware": true,
                      "Startup Cost": 65595.46,
                      "Total Cost": 65595.46,
                      "Plan Rows": 231351,
                      "Plan Width": 8,
                      "Actual Startup Time": 358.512,
                      "Actual Total Time": 358.759,
                      "Actual Rows": 131444,
                      "Actual Loops": 7,
                      "Hash Buckets": 1048576,
                      "Original Hash Buckets": 1048576,
                      "Hash Batches": 1,
                      "Original Hash Batches": 1,
                      "Peak Memory Usage": 44320,
                      "Plans": [
                        {
                          "Node Type": "Hash Join",
                          "Parent Relationship": "Outer",
                          "Parallel Aware": true,
                          "Join Type": "Inner",
                          "Startup Cost": 19942.49,
                          "Total Cost": 65595.46,
                          "Plan Rows": 231351,
                          "Plan Width": 8,
                          "Actual Startup Time": 103.343,
                          "Actual Total Time": 302.434,
                          "Actual Rows": 131444,
                          "Actual Loops": 7,
                          "Inner Unique": false,
                          "Hash Cond": "(t.id = mi_idx.movie_id)",
                          "Plans": [
                            {
                              "Node Type": "Seq Scan",
                              "Parent Relationship": "Outer",
                              "Parallel Aware": true,
                              "Relation Name": "title",
                              "Alias": "t",
                              "Startup Cost": 0.0,
                              "Total Cost": 42318.73,
                              "Plan Rows": 632073,
                              "Plan Width": 4,
                              "Actual Startup Time": 0.015,
                              "Actual Total Time": 67.086,
                              "Actual Rows": 361187,
                              "Actual Loops": 7
                            },
                            {
                              "Node Type": "Hash",
                              "Parent Relationship": "Inner",
                              "Parallel Aware": true,
                              "Startup Cost": 15122.68,
                              "Total Cost": 15122.68,
                              "Plan Rows": 385585,
                              "Plan Width": 4,
                              "Actual Startup Time": 101.733,
                              "Actual Total Time": 101.734,
                              "Actual Rows": 131444,
                              "Actual Loops": 7,
                              "Hash Buckets": 1048576,
                              "Original Hash Buckets": 1048576,
                              "Hash Batches": 1,
                              "Original Hash Batches": 1,
                              "Peak Memory Usage": 44288,
                              "Plans": [
                                {
                                  "Node Type": "Seq Scan",
                                  "Parent Relationship": "Outer",
                                  "Parallel Aware": true,
                                  "Relation Name": "movie_info_idx",
                                  "Alias": "mi_idx",
                                  "Startup Cost": 0.0,
                                  "Total Cost": 15122.68,
                                  "Plan Rows": 385585,
                                  "Plan Width": 4,
                                  "Actual Startup Time": 0.071,
                                  "Actual Total Time": 40.641,
                                  "Actual Rows": 131444,
                                  "Actual Loops": 7,
                                  "Filter": "(info_type_id > 99)",
                                  "Rows Removed by Filter": 65704
                                }
                              ]
                            }
                          ]
                        }
                      ]
                    }
                  ]
                }
              ]
            }
          ]
        }
      ]
    },
    "Planning Time": 1.218,
    "Triggers": [],
    "Execution Time": 2122.744
  }
]