[
  {
    "Plan": {
      "Node Type": "Aggregate",
      "Strategy": "Plain",
      "Partial Mode": "Finalize",
      "Parallel Aware": false,
      "Startup Cost": 250854.87,
      "Total Cost": 250854.88,
      "Plan Rows": 1,
      "Plan Width": 8,
      "Actual Startup Time": 451.852,
      "Actual Total Time": 498.015,
      "Actual Rows": 1,
      "Actual Loops": 1,
      "Plans": [
        {
          "Node Type": "Gather",
          "Parent Relationship": "Outer",
          "Parallel Aware": false,
          "Startup Cost": 250854.34,
          "Total Cost": 250854.85,
          "Plan Rows": 5,
          "Plan Width": 8,
          "Actual Startup Time": 450.515,
          "Actual Total Time": 498.005,
          "Actual Rows": 6,
          "Actual Loops": 1,
          "Workers Planned": 5,
          "Workers Launched": 5,
          "Single Copy": false,
          "Plans": [
            {
              "Node Type": "Aggregate",
              "Strategy": "Plain",
              "Partial Mode": "Partial",
              "Parent Relationship": "Outer",
              "Parallel Aware": false,
              "Startup Cost": 249854.34,
              "Total Cost": 249854.35,
              "Plan Rows": 1,
              "Plan Width": 8,
              "Actual Startup Time": 439.887,
              "Actual Total Time": 439.891,
              "Actual Rows": 1,
              "Actual Loops": 6,
              "Plans": [
                {
                  "Node Type": "Nested Loop",
                  "Parent Relationship": "Outer",
                  "Parallel Aware": false,
                  "Join Type": "Inner",
                  "Startup Cost": 49841.43,
                  "Total Cost": 249812.42,
                  "Plan Rows": 16768,
                  "Plan Width": 0,
                  "Actual Startup Time": 111.92,
                  "Actual Total Time": 432.916,
                  "Actual Rows": 134420,
                  "Actual Loops": 6,
                  "Inner Unique": false,
                  "Plans": [
                    {
                      "Node Type": "Hash Join",
                      "Parent Relationship": "Outer",
                      "Parallel Aware": true,
                      "Join Type": "Inner",
                      "Startup Cost": 49840.86,
                      "Total Cost": 221064.83,
                      "Plan Rows": 3398,
                      "Plan Width": 8,
                      "Actual Startup Time": 111.819,
                      "Actual Total Time": 117.473,
                      "Actual Rows": 3798,
                      "Actual Loops": 6,
                      "Inner Unique": true,
                      "Hash Cond": "(mi.movie_id = t.id)",
                      "Plans": [
                        {
                          "Node Type": "Bitmap Heap Scan",
                          "Parent Relationship": "Outer",
                          "Parallel Aware": true,
                          "Relation Name": "movie_info",
                          "Alias": "mi",
                          "Startup Cost": 3705.36,
                          "Total Cost": 174821.97,
                          "Plan Rows": 40901,
                          "Plan Width": 4,
                          "Actual Startup Time": 8.695,
                          "Actual Total Time": 18.636,
                          "Actual Rows": 32959,
                          "Actual Loops": 6,
                          "Recheck Cond": "(info_type_id > 106)",
                          "Rows Removed by Index Recheck": 0,
                          "Exact Heap Blocks": 1465,
                          "Lossy Heap Blocks": 0,
                          "Plans": [
                            {
                              "Node Type": "Bitmap Index Scan",
                              "Parent Relationship": "Outer",
                              "Parallel Aware": false,
                              "Index Name": "info_type_id_movie_info",
                              "Startup Cost": 0.0,
                              "Total Cost": 3654.24,
                              "Plan Rows": 204507,
                              "Plan Width": 0,
                              "Actual Startup Time": 7.911,
                              "Actual Total Time": 7.912,
                              "Actual Rows": 197754,
                              "Actual Loops": 1,
                              "Index Cond": "(info_type_id > 106)"
                            }
                          ]
                        },
                        {
                          "Node Type": "Hash",
                          "Parent Relationship": "Inner",
                          "Parallel Aware": true,
                          "Startup Cost": 45479.1,
                          "Total Cost": 45479.1,
                          "Plan Rows": 52512,
                          "Plan Width": 4,
                          "Actual Startup Time": 91.98,
                          "Actual Total Time": 91.981,
                          "Actual Rows": 30639,
                          "Actual Loops": 6,
                          "Hash Buckets": 262144,
                          "Original Hash Buckets": 262144,
                          "Hash Batches": 1,
                          "Original Hash Batches": 1,
                          "Peak Memory Usage": 9312,
                          "Plans": [
                            {
                              "Node Type": "Seq Scan",
                              "Parent Relationship": "Outer",
                              "Parallel Aware": true,
                              "Relation Name": "title",
                              "Alias": "t",
                              "Startup Cost": 0.0,
                              "Total Cost": 45479.1,
                              "Plan Rows": 52512,
                              "Plan Width": 4,
                              "Actual Startup Time": 0.065,
                              "Actual Total Time": 79.986,
                              "Actual Rows": 30639,
                              "Actual Loops": 6,
                              "Filter": "((kind_id < 7) AND (production_year > 2009))",
                              "Rows Removed by Filter": 390746
                            }
                          ]
                        }
                      ]
                    },
                    {
                      "Node Type": "Index Scan",
                      "Parent Relationship": "Inner",
                      "Parallel Aware": false,
                      "Scan Direction": "Forward",
                      "Index Name": "movie_id_cast_info",
                      "Relation Name": "cast_info",
                      "Alias": "ci",
                      "Startup Cost": 0.56,
                      "Total Cost": 8.33,
                      "Plan Rows": 13,
                      "Plan Width": 4,
                      "Actual Startup Time": 0.005,
                      "Actual Total Time": 0.08,
                      "Actual Rows": 35,
                      "Actual Loops": 22790,
                      "Index Cond": "(movie_id = t.id)",
                      "Rows Removed by Index Recheck": 0,
                      "Filter": "(role_id = 1)",
                      "Rows Removed by Filter": 94
                    }
                  ]
                }
              ]
            }
          ]
        }
      ]
    },
    "Planning Time": 1.448,
    "Triggers": [],
    "Execution Time": 498.143
  }
]