[
  {
    "Plan": {
      "Node Type": "Aggregate",
      "Strategy": "Plain",
      "Partial Mode": "Finalize",
      "Parallel Aware": false,
      "Startup Cost": 334080.09,
      "Total Cost": 334080.1,
      "Plan Rows": 1,
      "Plan Width": 8,
      "Actual Startup Time": 751.465,
      "Actual Total Time": 806.844,
      "Actual Rows": 1,
      "Actual Loops": 1,
      "Plans": [
        {
          "Node Type": "Gather",
          "Parent Relationship": "Outer",
          "Parallel Aware": false,
          "Startup Cost": 334079.47,
          "Total Cost": 334080.08,
          "Plan Rows": 6,
          "Plan Width": 8,
          "Actual Startup Time": 751.252,
          "Actual Total Time": 806.833,
          "Actual Rows": 7,
          "Actual Loops": 1,
          "Workers Planned": 6,
          "Workers Launched": 6,
          "Single Copy": false,
          "Plans": [
            {
              "Node Type": "Aggregate",
              "Strategy": "Plain",
              "Partial Mode": "Partial",
              "Parent Relationship": "Outer",
              "Parallel Aware": false,
              "Startup Cost": 333079.47,
              "Total Cost": 333079.48,
              "Plan Rows": 1,
              "Plan Width": 8,
              "Actual Startup Time": 743.764,
              "Actual Total Time": 743.765,
              "Actual Rows": 1,
              "Actual Loops": 7,
              "Plans": [
                {
                  "Node Type": "Seq Scan",
                  "Parent Relationship": "Outer",
                  "Parallel Aware": true,
                  "Relation Name": "cast_info",
                  "Alias": "ci",
                  "Startup Cost": 0.0,
                  "Total Cost": 328211.39,
                  "Plan Rows": 1947231,
                  "Plan Width": 0,
                  "Actual Startup Time": 0.035,
                  "Actual Total Time": 648.547,
                  "Actual Rows": 1684940,
                  "Actual Loops": 7,
                  "Filter": "(person_id < 1158712)",
                  "Rows Removed by Filter": 3492823
                }
              ]
            }
          ]
        }
      ]
    },
    "Planning Time": 0.209,
    "Triggers": [],
    "Execution Time": 806.919
  }
]