{
  "Plan": {
    "Node Type": "Aggregate",
    "Strategy": "Plain",
    "Partial Mode": "Finalize",
    "Parallel Aware": false,
    "Startup Cost": 110796.49,
    "Total Cost": 110796.5,
    "Plan Rows": 1,
    "Plan Width": 8,
    "Actual Startup Time": 774.715,
    "Actual Total Time": 789.684,
    "Actual Rows": 1,
    "Actual Loops": 1,
    "Plans": [
      {
        "Node Type": "Gather",
        "Parent Relationship": "Outer",
        "Parallel Aware": false,
        "Startup Cost": 110796.38,
        "Total Cost": 110796.49,
        "Plan Rows": 1,
        "Plan Width": 8,
        "Actual Startup Time": 770.905,
        "Actual Total Time": 789.675,
        "Actual Rows": 2,
        "Actual Loops": 1,
        "Workers Planned": 1,
        "Workers Launched": 1,
        "Single Copy": false,
        "Plans": [
          {
            "Node Type": "Aggregate",
            "Strategy": "Plain",
            "Partial Mode": "Partial",
            "Parent Relationship": "Outer",
            "Parallel Aware": false,
            "Startup Cost": 109796.38,
            "Total Cost": 109796.39,
            "Plan Rows": 1,
            "Plan Width": 8,
            "Actual Startup Time": 763.552,
            "Actual Total Time": 763.555,
            "Actual Rows": 1,
            "Actual Loops": 2,
            "Plans": [
              {
                "Node Type": "Hash Join",
                "Parent Relationship": "Outer",
                "Parallel Aware": true,
                "Join Type": "Inner",
                "Startup Cost": 67765.61,
                "Total Cost": 108161.78,
                "Plan Rows": 653840,
                "Plan Width": 0,
                "Actual Startup Time": 402.904,
                "Actual Total Time": 738.292,
                "Actual Rows": 634086,
                "Actual Loops": 2,
                "Inner Unique": true,
                "Hash Cond": "(mc.movie_id = t.id)",
                "Plans": [
                  {
                    "Node Type": "Seq Scan",
                    "Parent Relationship": "Outer",
                    "Parallel Aware": true,
                    "Relation Name": "movie_companies",
                    "Alias": "mc",
                    "Startup Cost": 0.0,
                    "Total Cost": 37974.77,
                    "Plan Rows": 922435,
                    "Plan Width": 4,
                    "Actual Startup Time": 0.02,
                    "Actual Total Time": 117.08,
                    "Actual Rows": 779292,
                    "Actual Loops": 2,
                    "Filter": "(company_id < 14947)",
                    "Rows Removed by Filter": 525272
                  },
                  {
                    "Node Type": "Hash",
                    "Parent Relationship": "Inner",
                    "Parallel Aware": true,
                    "Startup Cost": 54588.39,
                    "Total Cost": 54588.39,
                    "Plan Rows": 1054178,
                    "Plan Width": 4,
                    "Actual Startup Time": 388.84,
                    "Actual Total Time": 388.841,
                    "Actual Rows": 897076,
                    "Actual Loops": 2,
                    "Hash Buckets": 2097152,
                    "Original Hash Buckets": 2097152,
                    "Hash Batches": 1,
                    "Original Hash Batches": 1,
                    "Peak Memory Usage": 86624,
                    "Plans": [
                      {
                        "Node Type": "Seq Scan",
                        "Parent Relationship": "Outer",
                        "Parallel Aware": true,
                        "Relation Name": "title",
                        "Alias": "t",
                        "Startup Cost": 0.0,
                        "Total Cost": 54588.39,
                        "Plan Rows": 1054178,
                        "Plan Width": 4,
                        "Actual Startup Time": 0.041,
                        "Actual Total Time": 169.502,
                        "Actual Rows": 897076,
                        "Actual Loops": 2,
                        "Filter": "(production_year < 2009)",
                        "Rows Removed by Filter": 367080
                      }
                    ]
                  }
                ]
              }
            ]
          }
        ]
      }
    ]
  },
  "Planning Time": 0.441,
  "Triggers": [],
  "Execution Time": 789.75
}