[
  {
    "Plan": {
      "Node Type": "Aggregate",
      "Strategy": "Plain",
      "Partial Mode": "Finalize",
      "Parallel Aware": false,
      "Startup Cost": 346208.17,
      "Total Cost": 346208.18,
      "Plan Rows": 1,
      "Plan Width": 8,
      "Actual Startup Time": 706.108,
      "Actual Total Time": 758.622,
      "Actual Rows": 1,
      "Actual Loops": 1,
      "Plans": [
        {
          "Node Type": "Gather",
          "Parent Relationship": "Outer",
          "Parallel Aware": false,
          "Startup Cost": 346207.54,
          "Total Cost": 346208.15,
          "Plan Rows": 6,
          "Plan Width": 8,
          "Actual Startup Time": 705.901,
          "Actual Total Time": 758.608,
          "Actual Rows": 7,
          "Actual Loops": 1,
          "Workers Planned": 6,
          "Workers Launched": 6,
          "Single Copy": false,
          "Plans": [
            {
              "Node Type": "Aggregate",
              "Strategy": "Plain",
              "Partial Mode": "Partial",
              "Parent Relationship": "Outer",
              "Parallel Aware": false,
              "Startup Cost": 345207.54,
              "Total Cost": 345207.55,
              "Plan Rows": 1,
              "Plan Width": 8,
              "Actual Startup Time": 699.177,
              "Actual Total Time": 699.179,
              "Actual Rows": 1,
              "Actual Loops": 7,
              "Plans": [
                {
                  "Node Type": "Seq Scan",
                  "Parent Relationship": "Outer",
                  "Parallel Aware": true,
                  "Relation Name": "cast_info",
                  "Alias": "ci",
                  "Startup Cost": 0.0,
                  "Total Cost": 343316.27,
                  "Plan Rows": 756509,
                  "Plan Width": 0,
                  "Actual Startup Time": 400.149,
                  "Actual Total Time": 649.501,
                  "Actual Rows": 986792,
                  "Actual Loops": 7,
                  "Filter": "((person_id > 2973550) AND (role_id > 1))",
                  "Rows Removed by Filter": 4190971
                }
              ]
            }
          ]
        }
      ]
    },
    "Planning Time": 0.145,
    "Triggers": [],
    "Execution Time": 758.68
  }
]