[
  {
    "Plan": {
      "Node Type": "Aggregate",
      "Strategy": "Plain",
      "Partial Mode": "Finalize",
      "Parallel Aware": false,
      "Startup Cost": 346181.73,
      "Total Cost": 346181.74,
      "Plan Rows": 1,
      "Plan Width": 8,
      "Actual Startup Time": 721.295,
      "Actual Total Time": 781.489,
      "Actual Rows": 1,
      "Actual Loops": 1,
      "Plans": [
        {
          "Node Type": "Gather",
          "Parent Relationship": "Outer",
          "Parallel Aware": false,
          "Startup Cost": 346181.11,
          "Total Cost": 346181.72,
          "Plan Rows": 6,
          "Plan Width": 8,
          "Actual Startup Time": 721.184,
          "Actual Total Time": 781.478,
          "Actual Rows": 7,
          "Actual Loops": 1,
          "Workers Planned": 6,
          "Workers Launched": 6,
          "Single Copy": false,
          "Plans": [
            {
              "Node Type": "Aggregate",
              "Strategy": "Plain",
              "Partial Mode": "Partial",
              "Parent Relationship": "Outer",
              "Parallel Aware": false,
              "Startup Cost": 345181.11,
              "Total Cost": 345181.12,
              "Plan Rows": 1,
              "Plan Width": 8,
              "Actual Startup Time": 711.492,
              "Actual Total Time": 711.493,
              "Actual Rows": 1,
              "Actual Loops": 7,
              "Plans": [
                {
                  "Node Type": "Seq Scan",
                  "Parent Relationship": "Outer",
                  "Parallel Aware": true,
                  "Relation Name": "cast_info",
                  "Alias": "ci",
                  "Startup Cost": 0.0,
                  "Total Cost": 343257.03,
                  "Plan Rows": 769631,
                  "Plan Width": 0,
                  "Actual Startup Time": 405.085,
                  "Actual Total Time": 665.244,
                  "Actual Rows": 986792,
                  "Actual Loops": 7,
                  "Filter": "((person_id > 2973550) AND (role_id > 1))",
                  "Rows Removed by Filter": 4190971
                }
              ]
            }
          ]
        }
      ]
    },
    "Planning Time": 0.221,
    "Triggers": [],
    "Execution Time": 781.564
  }
]