[
  {
    "Plan": {
      "Node Type": "Aggregate",
      "Strategy": "Plain",
      "Partial Mode": "Finalize",
      "Parallel Aware": false,
      "Startup Cost": 300094.24,
      "Total Cost": 300094.25,
      "Plan Rows": 1,
      "Plan Width": 8,
      "Actual Startup Time": 3282.659,
      "Actual Total Time": 3326.642,
      "Actual Rows": 1,
      "Actual Loops": 1,
      "Plans": [
        {
          "Node Type": "Gather",
          "Parent Relationship": "Outer",
          "Parallel Aware": false,
          "Startup Cost": 300093.72,
          "Total Cost": 300094.23,
          "Plan Rows": 5,
          "Plan Width": 8,
          "Actual Startup Time": 3272.699,
          "Actual Total Time": 3326.629,
          "Actual Rows": 6,
          "Actual Loops": 1,
          "Workers Planned": 5,
          "Workers Launched": 5,
          "Single Copy": false,
          "Plans": [
            {
              "Node Type": "Aggregate",
              "Strategy": "Plain",
              "Partial Mode": "Partial",
              "Parent Relationship": "Outer",
              "Parallel Aware": false,
              "Startup Cost": 299093.72,
              "Total Cost": 299093.73,
              "Plan Rows": 1,
              "Plan Width": 8,
              "Actual Startup Time": 3261.695,
              "Actual Total Time": 3261.701,
              "Actual Rows": 1,
              "Actual Loops": 6,
              "Plans": [
                {
                  "Node Type": "Hash Join",
                  "Parent Relationship": "Outer",
                  "Parallel Aware": true,
                  "Join Type": "Inner",
                  "Startup Cost": 92016.58,
                  "Total Cost": 297234.86,
                  "Plan Rows": 743541,
                  "Plan Width": 0,
                  "Actual Startup Time": 433.984,
                  "Actual Total Time": 2475.677,
                  "Actual Rows": 17237816,
                  "Actual Loops": 6,
                  "Inner Unique": false,
                  "Hash Cond": "(mi.movie_id = t.id)",
                  "Plans": [
                    {
                      "Node Type": "Seq Scan",
                      "Parent Relationship": "Outer",
                      "Parallel Aware": true,
                      "Relation Name": "movie_info",
                      "Alias": "mi",
                      "Startup Cost": 0.0,
                      "Total Cost": 191685.19,
                      "Plan Rows": 2969219,
                      "Plan Width": 4,
                      "Actual Startup Time": 0.05,
                      "Actual Total Time": 319.787,
                      "Actual Rows": 2472620,
                      "Actual Loops": 6
                    },
                    {
                      "Node Type": "Hash",
                      "Parent Relationship": "Inner",
                      "Parallel Aware": true,
                      "Startup Cost": 89463.52,
                      "Total Cost": 89463.52,
                      "Plan Rows": 204245,
                      "Plan Width": 8,
                      "Actual Startup Time": 430.505,
                      "Actual Total Time": 430.51,
                      "Actual Rows": 334917,
                      "Actual Loops": 6,
                      "Hash Buckets": 2097152,
                      "Original Hash Buckets": 1048576,
                      "Hash Batches": 1,
                      "Original Hash Batches": 1,
                      "Peak Memory Usage": 103296,
                      "Plans": [
                        {
                          "Node Type": "Hash Join",
                          "Parent Relationship": "Outer",
                          "Parallel Aware": true,
                          "Join Type": "Inner",
                          "Startup Cost": 46585.44,
                          "Total Cost": 89463.52,
                          "Plan Rows": 204245,
                          "Plan Width": 8,
                          "Actual Startup Time": 120.053,
                          "Actual Total Time": 308.278,
                          "Actual Rows": 334917,
                          "Actual Loops": 6,
                          "Inner Unique": true,
                          "Hash Cond": "(mk.movie_id = t.id)",
                          "Plans": [
                            {
                              "Node Type": "Seq Scan",
                              "Parent Relationship": "Outer",
                              "Parallel Aware": true,
                              "Relation Name": "movie_keyword",
                              "Alias": "mk",
                              "Startup Cost": 0.0,
                              "Total Cost": 39047.32,
                              "Plan Rows": 1459332,
                              "Plan Width": 4,
                              "Actual Startup Time": 0.023,
                              "Actual Total Time": 73.094,
                              "Actual Rows": 753988,
                              "Actual Loops": 6
                            },
                            {
                              "Node Type": "Hash",
                              "Parent Relationship": "Inner",
                              "Parallel Aware": true,
                              "Startup Cost": 45479.59,
                              "Total Cost": 45479.59,
                              "Plan Rows": 88468,
                              "Plan Width": 4,
                              "Actual Startup Time": 119.109,
                              "Actual Total Time": 119.111,
                              "Actual Rows": 78395,
                              "Actual Loops": 6,
                              "Hash Buckets": 524288,
                              "Original Hash Buckets": 524288,
                              "Hash Batches": 1,
                              "Original Hash Batches": 1,
                              "Peak Memory Usage": 22592,
                              "Plans": [
                                {
                                  "Node Type": "Seq Scan",
                                  "Parent Relationship": "Outer",
                                  "Parallel Aware": true,
                                  "Relation Name": "title",
                                  "Alias": "t",
                                  "Startup Cost": 0.0,
                                  "Total Cost": 45479.59,
                                  "Plan Rows": 88468,
                                  "Plan Width": 4,
                                  "Actual Startup Time": 0.06,
                                  "Actual Total Time": 83.981,
                                  "Actual Rows": 78395,
                                  "Actual Loops": 6,
                                  "Filter": "((kind_id < 7) AND (production_year < 1998))",
                                  "Rows Removed by Filter": 342990
                                }
                              ]
                            }
                          ]
                        }
                      ]
                    }
                  ]
                }
              ]
            }
          ]
        }
      ]
    },
    "Planning Time": 0.592,
    "Triggers": [],
    "Execution Time": 3326.708
  }
]