[
    {
        "Bao": {
            "Bao prediction": "NaN",
            "Bao recommended hint": "(no hint)"
        }
    },
    {
        "Plan": {
            "Node Type": "Aggregate",
            "Strategy": "Plain",
            "Partial Mode": "Finalize",
            "Parallel Aware": false,
            "Startup Cost": 185176.28,
            "Total Cost": 185176.29,
            "Plan Rows": 1,
            "Plan Width": 8,
            "Actual Startup Time": 135.671,
            "Actual Total Time": 142.506,
            "Actual Rows": 1,
            "Actual Loops": 1,
            "Output": [
                "count(*)"
            ],
            "Plans": [
                {
                    "Node Type": "Gather",
                    "Parent Relationship": "Outer",
                    "Parallel Aware": false,
                    "Startup Cost": 185175.75,
                    "Total Cost": 185176.26,
                    "Plan Rows": 5,
                    "Plan Width": 8,
                    "Actual Startup Time": 134.967,
                    "Actual Total Time": 142.497,
                    "Actual Rows": 6,
                    "Actual Loops": 1,
                    "Output": [
                        "(PARTIAL count(*))"
                    ],
                    "Workers Planned": 5,
                    "Workers Launched": 5,
                    "Single Copy": false,
                    "Plans": [
                        {
                            "Node Type": "Aggregate",
                            "Strategy": "Plain",
                            "Partial Mode": "Partial",
                            "Parent Relationship": "Outer",
                            "Parallel Aware": false,
                            "Startup Cost": 184175.75,
                            "Total Cost": 184175.76,
                            "Plan Rows": 1,
                            "Plan Width": 8,
                            "Actual Startup Time": 124.616,
                            "Actual Total Time": 124.618,
                            "Actual Rows": 1,
                            "Actual Loops": 6,
                            "Output": [
                                "PARTIAL count(*)"
                            ],
                            "Workers": [
                                {
                                    "Worker Number": 0,
                                    "Actual Startup Time": 122.07,
                                    "Actual Total Time": 122.071,
                                    "Actual Rows": 1,
                                    "Actual Loops": 1
                                },
                                {
                                    "Worker Number": 1,
                                    "Actual Startup Time": 122.07,
                                    "Actual Total Time": 122.072,
                                    "Actual Rows": 1,
                                    "Actual Loops": 1
                                },
                                {
                                    "Worker Number": 2,
                                    "Actual Startup Time": 122.983,
                                    "Actual Total Time": 122.984,
                                    "Actual Rows": 1,
                                    "Actual Loops": 1
                                },
                                {
                                    "Worker Number": 3,
                                    "Actual Startup Time": 122.984,
                                    "Actual Total Time": 122.986,
                                    "Actual Rows": 1,
                                    "Actual Loops": 1
                                },
                                {
                                    "Worker Number": 4,
                                    "Actual Startup Time": 123.434,
                                    "Actual Total Time": 123.436,
                                    "Actual Rows": 1,
                                    "Actual Loops": 1
                                }
                            ],
                            "Plans": [
                                {
                                    "Node Type": "Bitmap Heap Scan",
                                    "Parent Relationship": "Outer",
                                    "Parallel Aware": true,
                                    "Relation Name": "movie_info",
                                    "Schema": "public",
                                    "Alias": "mi",
                                    "Startup Cost": 19034.2,
                                    "Total Cost": 183650.99,
                                    "Plan Rows": 209904,
                                    "Plan Width": 0,
                                    "Actual Startup Time": 39.605,
                                    "Actual Total Time": 113.209,
                                    "Actual Rows": 176577,
                                    "Actual Loops": 6,
                                    "Recheck Cond": "(mi.info_type_id > 76)",
                                    "Rows Removed by Index Recheck": 0,
                                    "Exact Heap Blocks": 11517,
                                    "Lossy Heap Blocks": 0,
                                    "Workers": [
                                        {
                                            "Worker Number": 0,
                                            "Actual Startup Time": 37.556,
                                            "Actual Total Time": 111.456,
                                            "Actual Rows": 139904,
                                            "Actual Loops": 1
                                        },
                                        {
                                            "Worker Number": 1,
                                            "Actual Startup Time": 37.128,
                                            "Actual Total Time": 111.384,
                                            "Actual Rows": 140338,
                                            "Actual Loops": 1
                                        },
                                        {
                                            "Worker Number": 2,
                                            "Actual Startup Time": 38.031,
                                            "Actual Total Time": 112.41,
                                            "Actual Rows": 110655,
                                            "Actual Loops": 1
                                        },
                                        {
                                            "Worker Number": 3,
                                            "Actual Startup Time": 37.861,
                                            "Actual Total Time": 111.933,
                                            "Actual Rows": 145276,
                                            "Actual Loops": 1
                                        },
                                        {
                                            "Worker Number": 4,
                                            "Actual Startup Time": 38.316,
                                            "Actual Total Time": 113.284,
                                            "Actual Rows": 128445,
                                            "Actual Loops": 1
                                        }
                                    ],
                                    "Plans": [
                                        {
                                            "Node Type": "Bitmap Index Scan",
                                            "Parent Relationship": "Outer",
                                            "Parallel Aware": false,
                                            "Index Name": "info_type_id_movie_info",
                                            "Startup Cost": 0.0,
                                            "Total Cost": 18771.82,
                                            "Plan Rows": 1049518,
                                            "Plan Width": 0,
                                            "Actual Startup Time": 43.359,
                                            "Actual Total Time": 43.359,
                                            "Actual Rows": 1059463,
                                            "Actual Loops": 1,
                                            "Index Cond": "(mi.info_type_id > 76)"
                                        }
                                    ]
                                }
                            ]
                        }
                    ]
                }
            ]
        },
        "Planning Time": 228.485,
        "Triggers": [],
        "Execution Time": 142.614
    }
]