[
  {
    "Plan": {
      "Node Type": "Aggregate",
      "Strategy": "Plain",
      "Partial Mode": "Finalize",
      "Parallel Aware": false,
      "Startup Cost": 32820.75,
      "Total Cost": 32820.76,
      "Plan Rows": 1,
      "Plan Width": 8,
      "Actual Startup Time": 80.566,
      "Actual Total Time": 88.322,
      "Actual Rows": 1,
      "Actual Loops": 1,
      "Plans": [
        {
          "Node Type": "Gather",
          "Parent Relationship": "Outer",
          "Parallel Aware": false,
          "Startup Cost": 32820.43,
          "Total Cost": 32820.74,
          "Plan Rows": 3,
          "Plan Width": 8,
          "Actual Startup Time": 80.464,
          "Actual Total Time": 88.313,
          "Actual Rows": 4,
          "Actual Loops": 1,
          "Workers Planned": 3,
          "Workers Launched": 3,
          "Single Copy": false,
          "Plans": [
            {
              "Node Type": "Aggregate",
              "Strategy": "Plain",
              "Partial Mode": "Partial",
              "Parent Relationship": "Outer",
              "Parallel Aware": false,
              "Startup Cost": 31820.43,
              "Total Cost": 31820.44,
              "Plan Rows": 1,
              "Plan Width": 8,
              "Actual Startup Time": 75.256,
              "Actual Total Time": 75.257,
              "Actual Rows": 1,
              "Actual Loops": 4,
              "Plans": [
                {
                  "Node Type": "Seq Scan",
                  "Parent Relationship": "Outer",
                  "Parallel Aware": true,
                  "Relation Name": "movie_companies",
                  "Alias": "mc",
                  "Startup Cost": 0.0,
                  "Total Cost": 31414.82,
                  "Plan Rows": 162246,
                  "Plan Width": 0,
                  "Actual Startup Time": 42.068,
                  "Actual Total Time": 71.961,
                  "Actual Rows": 73572,
                  "Actual Loops": 4,
                  "Filter": "((company_id < 4534) AND (company_type_id = 2))",
                  "Rows Removed by Filter": 578710
                }
              ]
            }
          ]
        }
      ]
    },
    "Planning Time": 0.223,
    "Triggers": [],
    "Execution Time": 88.377
  }
]