[
  {
    "Plan": {
      "Node Type": "Aggregate",
      "Strategy": "Plain",
      "Partial Mode": "Finalize",
      "Parallel Aware": false,
      "Startup Cost": 305042.03,
      "Total Cost": 305042.04,
      "Plan Rows": 1,
      "Plan Width": 8,
      "Actual Startup Time": 4704.937,
      "Actual Total Time": 4747.06,
      "Actual Rows": 1,
      "Actual Loops": 1,
      "Plans": [
        {
          "Node Type": "Gather",
          "Parent Relationship": "Outer",
          "Parallel Aware": false,
          "Startup Cost": 305041.5,
          "Total Cost": 305042.01,
          "Plan Rows": 5,
          "Plan Width": 8,
          "Actual Startup Time": 4694.359,
          "Actual Total Time": 4747.051,
          "Actual Rows": 6,
          "Actual Loops": 1,
          "Workers Planned": 5,
          "Workers Launched": 5,
          "Single Copy": false,
          "Plans": [
            {
              "Node Type": "Aggregate",
              "Strategy": "Plain",
              "Partial Mode": "Partial",
              "Parent Relationship": "Outer",
              "Parallel Aware": false,
              "Startup Cost": 304041.5,
              "Total Cost": 304041.51,
              "Plan Rows": 1,
              "Plan Width": 8,
              "Actual Startup Time": 4681.956,
              "Actual Total Time": 4681.964,
              "Actual Rows": 1,
              "Actual Loops": 6,
              "Plans": [
                {
                  "Node Type": "Hash Join",
                  "Parent Relationship": "Outer",
                  "Parallel Aware": true,
                  "Join Type": "Inner",
                  "Startup Cost": 94395.98,
                  "Total Cost": 300986.28,
                  "Plan Rows": 1222090,
                  "Plan Width": 0,
                  "Actual Startup Time": 477.166,
                  "Actual Total Time": 3356.862,
                  "Actual Rows": 31109524,
                  "Actual Loops": 6,
                  "Inner Unique": false,
                  "Hash Cond": "(mi.movie_id = t.id)",
                  "Plans": [
                    {
                      "Node Type": "Seq Scan",
                      "Parent Relationship": "Outer",
                      "Parallel Aware": true,
                      "Relation Name": "movie_info",
                      "Alias": "mi",
                      "Startup Cost": 0.0,
                      "Total Cost": 191560.33,
                      "Plan Rows": 2956733,
                      "Plan Width": 4,
                      "Actual Startup Time": 0.031,
                      "Actual Total Time": 291.742,
                      "Actual Rows": 2472620,
                      "Actual Loops": 6
                    },
                    {
                      "Node Type": "Hash",
                      "Parent Relationship": "Inner",
                      "Parallel Aware": true,
                      "Startup Cost": 90182.25,
                      "Total Cost": 90182.25,
                      "Plan Rows": 337098,
                      "Plan Width": 8,
                      "Actual Startup Time": 460.849,
                      "Actual Total Time": 460.853,
                      "Actual Rows": 365940,
                      "Actual Loops": 6,
                      "Hash Buckets": 4194304,
                      "Original Hash Buckets": 1048576,
                      "Hash Batches": 1,
                      "Original Hash Batches": 1,
                      "Peak Memory Usage": 143360,
                      "Plans": [
                        {
                          "Node Type": "Hash Join",
                          "Parent Relationship": "Outer",
                          "Parallel Aware": true,
                          "Join Type": "Inner",
                          "Startup Cost": 47304.17,
                          "Total Cost": 90182.25,
                          "Plan Rows": 337098,
                          "Plan Width": 8,
                          "Actual Startup Time": 152.86,
                          "Actual Total Time": 302.453,
                          "Actual Rows": 365940,
                          "Actual Loops": 6,
                          "Inner Unique": true,
                          "Hash Cond": "(mk.movie_id = t.id)",
                          "Plans": [
                            {
                              "Node Type": "Seq Scan",
                              "Parent Relationship": "Outer",
                              "Parallel Aware": true,
                              "Relation Name": "movie_keyword",
                              "Alias": "mk",
                              "Startup Cost": 0.0,
                              "Total Cost": 39047.32,
                              "Plan Rows": 1459332,
                              "Plan Width": 4,
                              "Actual Startup Time": 0.025,
                              "Actual Total Time": 69.116,
                              "Actual Rows": 753988,
                              "Actual Loops": 6
                            },
                            {
                              "Node Type": "Hash",
                              "Parent Relationship": "Inner",
                              "Parallel Aware": true,
                              "Startup Cost": 45479.1,
                              "Total Cost": 45479.1,
                              "Plan Rows": 146006,
                              "Plan Width": 4,
                              "Actual Startup Time": 124.216,
                              "Actual Total Time": 124.217,
                              "Actual Rows": 77857,
                              "Actual Loops": 6,
                              "Hash Buckets": 1048576,
                              "Original Hash Buckets": 1048576,
                              "Hash Batches": 1,
                              "Original Hash Batches": 1,
                              "Peak Memory Usage": 26560,
                              "Plans": [
                                {
                                  "Node Type": "Seq Scan",
                                  "Parent Relationship": "Outer",
                                  "Parallel Aware": true,
                                  "Relation Name": "title",
                                  "Alias": "t",
                                  "Startup Cost": 0.0,
                                  "Total Cost": 45479.1,
                                  "Plan Rows": 146006,
                                  "Plan Width": 4,
                                  "Actual Startup Time": 45.222,
                                  "Actual Total Time": 86.07,
                                  "Actual Rows": 77857,
                                  "Actual Loops": 6,
                                  "Filter": "((production_year > 1959) AND (kind_id = 1))",
                                  "Rows Removed by Filter": 343528
                                }
                              ]
                            }
                          ]
                        }
                      ]
                    }
                  ]
                }
              ]
            }
          ]
        }
      ]
    },
    "Planning Time": 1.481,
    "Triggers": [],
    "Execution Time": 4747.167
  }
]