[
  {
    "Plan": {
      "Node Type": "Aggregate",
      "Strategy": "Plain",
      "Partial Mode": "Finalize",
      "Parallel Aware": false,
      "Startup Cost": 32788.48,
      "Total Cost": 32788.49,
      "Plan Rows": 1,
      "Plan Width": 8,
      "Actual Startup Time": 88.384,
      "Actual Total Time": 96.791,
      "Actual Rows": 1,
      "Actual Loops": 1,
      "Plans": [
        {
          "Node Type": "Gather",
          "Parent Relationship": "Outer",
          "Parallel Aware": false,
          "Startup Cost": 32788.17,
          "Total Cost": 32788.48,
          "Plan Rows": 3,
          "Plan Width": 8,
          "Actual Startup Time": 88.305,
          "Actual Total Time": 96.785,
          "Actual Rows": 4,
          "Actual Loops": 1,
          "Workers Planned": 3,
          "Workers Launched": 3,
          "Single Copy": false,
          "Plans": [
            {
              "Node Type": "Aggregate",
              "Strategy": "Plain",
              "Partial Mode": "Partial",
              "Parent Relationship": "Outer",
              "Parallel Aware": false,
              "Startup Cost": 31788.17,
              "Total Cost": 31788.18,
              "Plan Rows": 1,
              "Plan Width": 8,
              "Actual Startup Time": 83.843,
              "Actual Total Time": 83.843,
              "Actual Rows": 1,
              "Actual Loops": 4,
              "Plans": [
                {
                  "Node Type": "Seq Scan",
                  "Parent Relationship": "Outer",
                  "Parallel Aware": true,
                  "Relation Name": "movie_companies",
                  "Alias": "mc",
                  "Startup Cost": 0.0,
                  "Total Cost": 31414.82,
                  "Plan Rows": 149339,
                  "Plan Width": 0,
                  "Actual Startup Time": 42.68,
                  "Actual Total Time": 75.948,
                  "Actual Rows": 197243,
                  "Actual Loops": 4,
                  "Filter": "((company_id > 19962) AND (company_type_id > 1))",
                  "Rows Removed by Filter": 455039
                }
              ]
            }
          ]
        }
      ]
    },
    "Planning Time": 0.13,
    "Triggers": [],
    "Execution Time": 96.826
  }
]