{
  "Plan": {
    "Node Type": "Aggregate",
    "Strategy": "Plain",
    "Partial Mode": "Finalize",
    "Parallel Aware": false,
    "Startup Cost": 402279.14,
    "Total Cost": 402279.15,
    "Plan Rows": 1,
    "Plan Width": 8,
    "Actual Startup Time": 2179.483,
    "Actual Total Time": 2231.189,
    "Actual Rows": 1,
    "Actual Loops": 1,
    "Plans": [
      {
        "Node Type": "Gather",
        "Parent Relationship": "Outer",
        "Parallel Aware": false,
        "Startup Cost": 402279.03,
        "Total Cost": 402279.14,
        "Plan Rows": 1,
        "Plan Width": 8,
        "Actual Startup Time": 2174.202,
        "Actual Total Time": 2231.181,
        "Actual Rows": 2,
        "Actual Loops": 1,
        "Workers Planned": 1,
        "Workers Launched": 1,
        "Single Copy": false,
        "Plans": [
          {
            "Node Type": "Aggregate",
            "Strategy": "Plain",
            "Partial Mode": "Partial",
            "Parent Relationship": "Outer",
            "Parallel Aware": false,
            "Startup Cost": 401279.03,
            "Total Cost": 401279.04,
            "Plan Rows": 1,
            "Plan Width": 8,
            "Actual Startup Time": 2167.777,
            "Actual Total Time": 2167.783,
            "Actual Rows": 1,
            "Actual Loops": 2,
            "Plans": [
              {
                "Node Type": "Hash Join",
                "Parent Relationship": "Outer",
                "Parallel Aware": true,
                "Join Type": "Inner",
                "Startup Cost": 95159.77,
                "Total Cost": 396607.69,
                "Plan Rows": 1868537,
                "Plan Width": 0,
                "Actual Startup Time": 696.729,
                "Actual Total Time": 2076.891,
                "Actual Rows": 2220561,
                "Actual Loops": 2,
                "Inner Unique": false,
                "Hash Cond": "(mi.movie_id = t.id)",
                "Plans": [
                  {
                    "Node Type": "Seq Scan",
                    "Parent Relationship": "Outer",
                    "Parallel Aware": true,
                    "Relation Name": "movie_info",
                    "Alias": "mi",
                    "Startup Cost": 0.0,
                    "Total Cost": 270696.42,
                    "Plan Rows": 5269362,
                    "Plan Width": 4,
                    "Actual Startup Time": 34.304,
                    "Actual Total Time": 715.981,
                    "Actual Rows": 4475378,
                    "Actual Loops": 2,
                    "Filter": "(info_type_id > 6)",
                    "Rows Removed by Filter": 2942482
                  },
                  {
                    "Node Type": "Hash",
                    "Parent Relationship": "Inner",
                    "Parallel Aware": true,
                    "Startup Cost": 88567.54,
                    "Total Cost": 88567.54,
                    "Plan Rows": 527378,
                    "Plan Width": 8,
                    "Actual Startup Time": 653.052,
                    "Actual Total Time": 653.056,
                    "Actual Rows": 353673,
                    "Actual Loops": 2,
                    "Hash Buckets": 1048576,
                    "Original Hash Buckets": 1048576,
                    "Hash Batches": 1,
                    "Original Hash Batches": 1,
                    "Peak Memory Usage": 35904,
                    "Plans": [
                      {
                        "Node Type": "Hash Join",
                        "Parent Relationship": "Outer",
                        "Parallel Aware": true,
                        "Join Type": "Inner",
                        "Startup Cost": 70383.76,
                        "Total Cost": 88567.54,
                        "Plan Rows": 527378,
                        "Plan Width": 8,
                        "Actual Startup Time": 390.576,
                        "Actual Total Time": 582.88,
                        "Actual Rows": 353673,
                        "Actual Loops": 2,
                        "Inner Unique": true,
                        "Hash Cond": "(mi_idx.movie_id = t.id)",
                        "Plans": [
                          {
                            "Node Type": "Seq Scan",
                            "Parent Relationship": "Outer",
                            "Parallel Aware": true,
                            "Relation Name": "movie_info_idx",
                            "Alias": "mi_idx",
                            "Startup Cost": 0.0,
                            "Total Cost": 16052.85,
                            "Plan Rows": 811785,
                            "Plan Width": 4,
                            "Actual Startup Time": 0.018,
                            "Actual Total Time": 49.112,
                            "Actual Rows": 690018,
                            "Actual Loops": 2
                          },
                          {
                            "Node Type": "Hash",
                            "Parent Relationship": "Inner",
                            "Parallel Aware": true,
                            "Startup Cost": 58306.47,
                            "Total Cost": 58306.47,
                            "Plan Rows": 966183,
                            "Plan Width": 4,
                            "Actual Startup Time": 381.03,
                            "Actual Total Time": 381.031,
                            "Actual Rows": 814920,
                            "Actual Loops": 2,
                            "Hash Buckets": 2097152,
                            "Original Hash Buckets": 2097152,
                            "Hash Batches": 1,
                            "Original Hash Batches": 1,
                            "Peak Memory Usage": 80192,
                            "Plans": [
                              {
                                "Node Type": "Seq Scan",
                                "Parent Relationship": "Outer",
                                "Parallel Aware": true,
                                "Relation Name": "title",
                                "Alias": "t",
                                "Startup Cost": 0.0,
                                "Total Cost": 58306.47,
                                "Plan Rows": 966183,
                                "Plan Width": 4,
                                "Actual Startup Time": 0.034,
                                "Actual Total Time": 170.983,
                                "Actual Rows": 814920,
                                "Actual Loops": 2,
                                "Filter": "((kind_id > 1) AND (production_year < 2012))",
                                "Rows Removed by Filter": 449236
                              }
                            ]
                          }
                        ]
                      }
                    ]
                  }
                ]
              }
            ]
          }
        ]
      }
    ]
  },
  "Planning Time": 0.937,
  "Triggers": [],
  "Execution Time": 2231.275
}