[
  {
    "Plan": {
      "Node Type": "Aggregate",
      "Strategy": "Plain",
      "Partial Mode": "Finalize",
      "Parallel Aware": false,
      "Startup Cost": 128912.77,
      "Total Cost": 128912.78,
      "Plan Rows": 1,
      "Plan Width": 8,
      "Actual Startup Time": 289.238,
      "Actual Total Time": 308.264,
      "Actual Rows": 1,
      "Actual Loops": 1,
      "Plans": [
        {
          "Node Type": "Gather",
          "Parent Relationship": "Outer",
          "Parallel Aware": false,
          "Startup Cost": 128912.25,
          "Total Cost": 128912.76,
          "Plan Rows": 5,
          "Plan Width": 8,
          "Actual Startup Time": 289.106,
          "Actual Total Time": 308.247,
          "Actual Rows": 6,
          "Actual Loops": 1,
          "Workers Planned": 5,
          "Workers Launched": 5,
          "Single Copy": false,
          "Plans": [
            {
              "Node Type": "Aggregate",
              "Strategy": "Plain",
              "Partial Mode": "Partial",
              "Parent Relationship": "Outer",
              "Parallel Aware": false,
              "Startup Cost": 127912.25,
              "Total Cost": 127912.26,
              "Plan Rows": 1,
              "Plan Width": 8,
              "Actual Startup Time": 279.221,
              "Actual Total Time": 279.223,
              "Actual Rows": 1,
              "Actual Loops": 6,
              "Plans": [
                {
                  "Node Type": "Index Scan",
                  "Parent Relationship": "Outer",
                  "Parallel Aware": true,
                  "Scan Direction": "Forward",
                  "Index Name": "role_id_cast_info",
                  "Relation Name": "cast_info",
                  "Alias": "ci",
                  "Startup Cost": 0.56,
                  "Total Cost": 126672.01,
                  "Plan Rows": 496099,
                  "Plan Width": 0,
                  "Actual Startup Time": 0.169,
                  "Actual Total Time": 236.318,
                  "Actual Rows": 651573,
                  "Actual Loops": 6,
                  "Index Cond": "(role_id > 9)",
                  "Rows Removed by Index Recheck": 0,
                  "Filter": "(person_id > 1686405)",
                  "Rows Removed by Filter": 121616
                }
              ]
            }
          ]
        }
      ]
    },
    "Planning Time": 0.092,
    "Triggers": [],
    "Execution Time": 308.296
  }
]