[
  {
    "Plan": {
      "Node Type": "Aggregate",
      "Strategy": "Plain",
      "Partial Mode": "Finalize",
      "Parallel Aware": false,
      "Startup Cost": 150209.43,
      "Total Cost": 150209.44,
      "Plan Rows": 1,
      "Plan Width": 8,
      "Actual Startup Time": 998.98,
      "Actual Total Time": 1019.57,
      "Actual Rows": 1,
      "Actual Loops": 1,
      "Plans": [
        {
          "Node Type": "Gather",
          "Parent Relationship": "Outer",
          "Parallel Aware": false,
          "Startup Cost": 150209.12,
          "Total Cost": 150209.43,
          "Plan Rows": 3,
          "Plan Width": 8,
          "Actual Startup Time": 988.77,
          "Actual Total Time": 1019.549,
          "Actual Rows": 4,
          "Actual Loops": 1,
          "Workers Planned": 3,
          "Workers Launched": 3,
          "Single Copy": false,
          "Plans": [
            {
              "Node Type": "Aggregate",
              "Strategy": "Plain",
              "Partial Mode": "Partial",
              "Parent Relationship": "Outer",
              "Parallel Aware": false,
              "Startup Cost": 149209.12,
              "Total Cost": 149209.13,
              "Plan Rows": 1,
              "Plan Width": 8,
              "Actual Startup Time": 975.121,
              "Actual Total Time": 975.367,
              "Actual Rows": 1,
              "Actual Loops": 4,
              "Plans": [
                {
                  "Node Type": "Hash Join",
                  "Parent Relationship": "Outer",
                  "Parallel Aware": true,
                  "Join Type": "Inner",
                  "Startup Cost": 101183.9,
                  "Total Cost": 147456.41,
                  "Plan Rows": 701081,
                  "Plan Width": 0,
                  "Actual Startup Time": 669.048,
                  "Actual Total Time": 939.269,
                  "Actual Rows": 954325,
                  "Actual Loops": 4,
                  "Inner Unique": false,
                  "Hash Cond": "(mk.movie_id = t.id)",
                  "Plans": [
                    {
                      "Node Type": "Seq Scan",
                      "Parent Relationship": "Outer",
                      "Parallel Aware": true,
                      "Relation Name": "movie_keyword",
                      "Alias": "mk",
                      "Startup Cost": 0.0,
                      "Total Cost": 39047.32,
                      "Plan Rows": 1459332,
                      "Plan Width": 4,
                      "Actual Startup Time": 0.03,
                      "Actual Total Time": 85.867,
                      "Actual Rows": 1130982,
                      "Actual Loops": 4
                    },
                    {
                      "Node Type": "Hash",
                      "Parent Relationship": "Inner",
                      "Parallel Aware": true,
                      "Startup Cost": 97388.2,
                      "Total Cost": 97388.2,
                      "Plan Rows": 303656,
                      "Plan Width": 8,
                      "Actual Startup Time": 661.136,
                      "Actual Total Time": 661.38,
                      "Actual Rows": 304692,
                      "Actual Loops": 4,
                      "Hash Buckets": 2097152,
                      "Original Hash Buckets": 2097152,
                      "Hash Batches": 1,
                      "Original Hash Batches": 1,
                      "Peak Memory Usage": 64128,
                      "Plans": [
                        {
                          "Node Type": "Hash Join",
                          "Parent Relationship": "Outer",
                          "Parallel Aware": true,
                          "Join Type": "Inner",
                          "Startup Cost": 49499.81,
                          "Total Cost": 97388.2,
                          "Plan Rows": 303656,
                          "Plan Width": 8,
                          "Actual Startup Time": 275.51,
                          "Actual Total Time": 547.639,
                          "Actual Rows": 304692,
                          "Actual Loops": 4,
                          "Inner Unique": true,
                          "Hash Cond": "(ci.movie_id = t.id)",
                          "Plans": [
                            {
                              "Node Type": "Index Scan",
                              "Parent Relationship": "Outer",
                              "Parallel Aware": true,
                              "Scan Direction": "Forward",
                              "Index Name": "role_id_cast_info",
                              "Relation Name": "cast_info",
                              "Alias": "ci",
                              "Startup Cost": 0.56,
                              "Total Cost": 46764.42,
                              "Plan Rows": 428396,
                              "Plan Width": 4,
                              "Actual Startup Time": 0.303,
                              "Actual Total Time": 67.745,
                              "Actual Rows": 425886,
                              "Actual Loops": 4,
                              "Index Cond": "(role_id = 8)",
                              "Rows Removed by Index Recheck": 0
                            },
                            {
                              "Node Type": "Hash",
                              "Parent Relationship": "Inner",
                              "Parallel Aware": true,
                              "Startup Cost": 43898.92,
                              "Total Cost": 43898.92,
                              "Plan Rows": 448026,
                              "Plan Width": 4,
                              "Actual Startup Time": 271.314,
                              "Actual Total Time": 271.315,
                              "Actual Rows": 448538,
                              "Actual Loops": 4,
                              "Hash Buckets": 2097152,
                              "Original Hash Buckets": 2097152,
                              "Hash Batches": 1,
                              "Original Hash Batches": 1,
                              "Peak Memory Usage": 86624,
                              "Plans": [
                                {
                                  "Node Type": "Seq Scan",
                                  "Parent Relationship": "Outer",
                                  "Parallel Aware": true,
                                  "Relation Name": "title",
                                  "Alias": "t",
                                  "Startup Cost": 0.0,
                                  "Total Cost": 43898.92,
                                  "Plan Rows": 448026,
                                  "Plan Width": 4,
                                  "Actual Startup Time": 0.043,
                                  "Actual Total Time": 110.962,
                                  "Actual Rows": 448538,
                                  "Actual Loops": 4,
                                  "Filter": "(production_year < 2009)",
                                  "Rows Removed by Filter": 183540
                                }
                              ]
                            }
                          ]
                        }
                      ]
                    }
                  ]
                }
              ]
            }
          ]
        }
      ]
    },
    "Planning Time": 1.363,
    "Triggers": [],
    "Execution Time": 1019.688
  }
]