{
  "Plan": {
    "Node Type": "Aggregate",
    "Strategy": "Plain",
    "Partial Mode": "Finalize",
    "Parallel Aware": false,
    "Startup Cost": 93159.66,
    "Total Cost": 93159.67,
    "Plan Rows": 1,
    "Plan Width": 8,
    "Actual Startup Time": 360.388,
    "Actual Total Time": 375.768,
    "Actual Rows": 1,
    "Actual Loops": 1,
    "Plans": [
      {
        "Node Type": "Gather",
        "Parent Relationship": "Outer",
        "Parallel Aware": false,
        "Startup Cost": 93159.55,
        "Total Cost": 93159.66,
        "Plan Rows": 1,
        "Plan Width": 8,
        "Actual Startup Time": 359.974,
        "Actual Total Time": 375.761,
        "Actual Rows": 2,
        "Actual Loops": 1,
        "Workers Planned": 1,
        "Workers Launched": 1,
        "Single Copy": false,
        "Plans": [
          {
            "Node Type": "Aggregate",
            "Strategy": "Plain",
            "Partial Mode": "Partial",
            "Parent Relationship": "Outer",
            "Parallel Aware": false,
            "Startup Cost": 92159.55,
            "Total Cost": 92159.56,
            "Plan Rows": 1,
            "Plan Width": 8,
            "Actual Startup Time": 353.742,
            "Actual Total Time": 353.745,
            "Actual Rows": 1,
            "Actual Loops": 2,
            "Plans": [
              {
                "Node Type": "Hash Join",
                "Parent Relationship": "Outer",
                "Parallel Aware": true,
                "Join Type": "Inner",
                "Startup Cost": 31090.99,
                "Total Cost": 91890.21,
                "Plan Rows": 107733,
                "Plan Width": 0,
                "Actual Startup Time": 103.885,
                "Actual Total Time": 351.754,
                "Actual Rows": 39765,
                "Actual Loops": 2,
                "Inner Unique": false,
                "Hash Cond": "(t.id = mc.movie_id)",
                "Plans": [
                  {
                    "Node Type": "Seq Scan",
                    "Parent Relationship": "Outer",
                    "Parallel Aware": true,
                    "Relation Name": "title",
                    "Alias": "t",
                    "Startup Cost": 0.0,
                    "Total Cost": 50870.31,
                    "Plan Rows": 1487231,
                    "Plan Width": 4,
                    "Actual Startup Time": 0.009,
                    "Actual Total Time": 114.535,
                    "Actual Rows": 1264156,
                    "Actual Loops": 2
                  },
                  {
                    "Node Type": "Hash",
                    "Parent Relationship": "Inner",
                    "Parallel Aware": true,
                    "Startup Cost": 29744.33,
                    "Total Cost": 29744.33,
                    "Plan Rows": 107733,
                    "Plan Width": 4,
                    "Actual Startup Time": 100.382,
                    "Actual Total Time": 100.383,
                    "Actual Rows": 39765,
                    "Actual Loops": 2,
                    "Hash Buckets": 262144,
                    "Original Hash Buckets": 262144,
                    "Hash Batches": 1,
                    "Original Hash Batches": 1,
                    "Peak Memory Usage": 5216,
                    "Plans": [
                      {
                        "Node Type": "Bitmap Heap Scan",
                        "Parent Relationship": "Outer",
                        "Parallel Aware": true,
                        "Relation Name": "movie_companies",
                        "Alias": "mc",
                        "Startup Cost": 7771.56,
                        "Total Cost": 29744.33,
                        "Plan Rows": 107733,
                        "Plan Width": 4,
                        "Actual Startup Time": 74.548,
                        "Actual Total Time": 91.967,
                        "Actual Rows": 39765,
                        "Actual Loops": 2,
                        "Recheck Cond": "(company_id < 180)",
                        "Rows Removed by Index Recheck": 0,
                        "Filter": "(company_type_id > 1)",
                        "Rows Removed by Filter": 138413,
                        "Exact Heap Blocks": 13485,
                        "Lossy Heap Blocks": 0,
                        "Plans": [
                          {
                            "Node Type": "Bitmap Index Scan",
                            "Parent Relationship": "Outer",
                            "Parallel Aware": false,
                            "Index Name": "company_id_movie_companies",
                            "Startup Cost": 0.0,
                            "Total Cost": 7725.78,
                            "Plan Rows": 360713,
                            "Plan Width": 0,
                            "Actual Startup Time": 34.326,
                            "Actual Total Time": 34.326,
                            "Actual Rows": 356356,
                            "Actual Loops": 1,
                            "Index Cond": "(company_id < 180)"
                          }
                        ]
                      }
                    ]
                  }
                ]
              }
            ]
          }
        ]
      }
    ]
  },
  "Planning Time": 0.701,
  "Triggers": [],
  "Execution Time": 375.859
}