[
  {
    "Plan": {
      "Node Type": "Aggregate",
      "Strategy": "Plain",
      "Partial Mode": "Finalize",
      "Parallel Aware": false,
      "Startup Cost": 32923.8,
      "Total Cost": 32923.81,
      "Plan Rows": 1,
      "Plan Width": 8,
      "Actual Startup Time": 75.65,
      "Actual Total Time": 80.582,
      "Actual Rows": 1,
      "Actual Loops": 1,
      "Plans": [
        {
          "Node Type": "Gather",
          "Parent Relationship": "Outer",
          "Parallel Aware": false,
          "Startup Cost": 32923.48,
          "Total Cost": 32923.79,
          "Plan Rows": 3,
          "Plan Width": 8,
          "Actual Startup Time": 75.562,
          "Actual Total Time": 80.576,
          "Actual Rows": 4,
          "Actual Loops": 1,
          "Workers Planned": 3,
          "Workers Launched": 3,
          "Single Copy": false,
          "Plans": [
            {
              "Node Type": "Aggregate",
              "Strategy": "Plain",
              "Partial Mode": "Partial",
              "Parent Relationship": "Outer",
              "Parallel Aware": false,
              "Startup Cost": 31923.48,
              "Total Cost": 31923.49,
              "Plan Rows": 1,
              "Plan Width": 8,
              "Actual Startup Time": 72.377,
              "Actual Total Time": 72.378,
              "Actual Rows": 1,
              "Actual Loops": 4,
              "Plans": [
                {
                  "Node Type": "Seq Scan",
                  "Parent Relationship": "Outer",
                  "Parallel Aware": true,
                  "Relation Name": "movie_companies",
                  "Alias": "mc",
                  "Startup Cost": 0.0,
                  "Total Cost": 31414.82,
                  "Plan Rows": 203464,
                  "Plan Width": 0,
                  "Actual Startup Time": 37.304,
                  "Actual Total Time": 67.773,
                  "Actual Rows": 99838,
                  "Actual Loops": 4,
                  "Filter": "((company_id < 11141) AND (company_type_id > 1))",
                  "Rows Removed by Filter": 552444
                }
              ]
            }
          ]
        }
      ]
    },
    "Planning Time": 0.134,
    "Triggers": [],
    "Execution Time": 80.618
  }
]