[
    {
        "Bao": {
            "Bao prediction": "NaN",
            "Bao recommended hint": "(no hint)"
        }
    },
    {
        "Plan": {
            "Node Type": "Aggregate",
            "Strategy": "Plain",
            "Partial Mode": "Finalize",
            "Parallel Aware": false,
            "Startup Cost": 86007.86,
            "Total Cost": 86007.87,
            "Plan Rows": 1,
            "Plan Width": 8,
            "Actual Startup Time": 133.545,
            "Actual Total Time": 145.173,
            "Actual Rows": 1,
            "Actual Loops": 1,
            "Output": [
                "count(*)"
            ],
            "Plans": [
                {
                    "Node Type": "Gather",
                    "Parent Relationship": "Outer",
                    "Parallel Aware": false,
                    "Startup Cost": 86007.44,
                    "Total Cost": 86007.85,
                    "Plan Rows": 4,
                    "Plan Width": 8,
                    "Actual Startup Time": 133.429,
                    "Actual Total Time": 145.166,
                    "Actual Rows": 5,
                    "Actual Loops": 1,
                    "Output": [
                        "(PARTIAL count(*))"
                    ],
                    "Workers Planned": 4,
                    "Workers Launched": 4,
                    "Single Copy": false,
                    "Plans": [
                        {
                            "Node Type": "Aggregate",
                            "Strategy": "Plain",
                            "Partial Mode": "Partial",
                            "Parent Relationship": "Outer",
                            "Parallel Aware": false,
                            "Startup Cost": 85007.44,
                            "Total Cost": 85007.45,
                            "Plan Rows": 1,
                            "Plan Width": 8,
                            "Actual Startup Time": 123.586,
                            "Actual Total Time": 123.587,
                            "Actual Rows": 1,
                            "Actual Loops": 5,
                            "Output": [
                                "PARTIAL count(*)"
                            ],
                            "Workers": [
                                {
                                    "Worker Number": 0,
                                    "Actual Startup Time": 120.394,
                                    "Actual Total Time": 120.395,
                                    "Actual Rows": 1,
                                    "Actual Loops": 1
                                },
                                {
                                    "Worker Number": 1,
                                    "Actual Startup Time": 120.914,
                                    "Actual Total Time": 120.915,
                                    "Actual Rows": 1,
                                    "Actual Loops": 1
                                },
                                {
                                    "Worker Number": 2,
                                    "Actual Startup Time": 121.464,
                                    "Actual Total Time": 121.465,
                                    "Actual Rows": 1,
                                    "Actual Loops": 1
                                },
                                {
                                    "Worker Number": 3,
                                    "Actual Startup Time": 122.078,
                                    "Actual Total Time": 122.08,
                                    "Actual Rows": 1,
                                    "Actual Loops": 1
                                }
                            ],
                            "Plans": [
                                {
                                    "Node Type": "Nested Loop",
                                    "Parent Relationship": "Outer",
                                    "Parallel Aware": false,
                                    "Join Type": "Inner",
                                    "Startup Cost": 0.43,
                                    "Total Cost": 84982.41,
                                    "Plan Rows": 10010,
                                    "Plan Width": 0,
                                    "Actual Startup Time": 60.809,
                                    "Actual Total Time": 122.461,
                                    "Actual Rows": 16034,
                                    "Actual Loops": 5,
                                    "Inner Unique": false,
                                    "Workers": [
                                        {
                                            "Worker Number": 0,
                                            "Actual Startup Time": 57.53,
                                            "Actual Total Time": 119.478,
                                            "Actual Rows": 11373,
                                            "Actual Loops": 1
                                        },
                                        {
                                            "Worker Number": 1,
                                            "Actual Startup Time": 58.088,
                                            "Actual Total Time": 119.872,
                                            "Actual Rows": 12391,
                                            "Actual Loops": 1
                                        },
                                        {
                                            "Worker Number": 2,
                                            "Actual Startup Time": 58.759,
                                            "Actual Total Time": 120.617,
                                            "Actual Rows": 14836,
                                            "Actual Loops": 1
                                        },
                                        {
                                            "Worker Number": 3,
                                            "Actual Startup Time": 59.448,
                                            "Actual Total Time": 121.157,
                                            "Actual Rows": 18171,
                                            "Actual Loops": 1
                                        }
                                    ],
                                    "Plans": [
                                        {
                                            "Node Type": "Seq Scan",
                                            "Parent Relationship": "Outer",
                                            "Parallel Aware": true,
                                            "Relation Name": "title",
                                            "Schema": "public",
                                            "Alias": "t",
                                            "Startup Cost": 0.0,
                                            "Total Cost": 45479.21,
                                            "Plan Rows": 5594,
                                            "Plan Width": 4,
                                            "Actual Startup Time": 59.565,
                                            "Actual Total Time": 89.983,
                                            "Actual Rows": 2610,
                                            "Actual Loops": 5,
                                            "Output": [
                                                "t.id",
                                                "t.title",
                                                "t.imdb_index",
                                                "t.kind_id",
                                                "t.production_year",
                                                "t.imdb_id",
                                                "t.phonetic_code",
                                                "t.episode_of_id",
                                                "t.season_nr",
                                                "t.episode_nr",
                                                "t.series_years",
                                                "t.md5sum"
                                            ],
                                            "Filter": "((t.kind_id = 1) AND (t.production_year = 2004))",
                                            "Rows Removed by Filter": 503052,
                                            "Workers": [
                                                {
                                                    "Worker Number": 0,
                                                    "Actual Startup Time": 57.375,
                                                    "Actual Total Time": 84.939,
                                                    "Actual Rows": 2036,
                                                    "Actual Loops": 1
                                                },
                                                {
                                                    "Worker Number": 1,
                                                    "Actual Startup Time": 57.914,
                                                    "Actual Total Time": 86.166,
                                                    "Actual Rows": 1897,
                                                    "Actual Loops": 1
                                                },
                                                {
                                                    "Worker Number": 2,
                                                    "Actual Startup Time": 53.301,
                                                    "Actual Total Time": 86.483,
                                                    "Actual Rows": 2802,
                                                    "Actual Loops": 1
                                                },
                                                {
                                                    "Worker Number": 3,
                                                    "Actual Startup Time": 59.122,
                                                    "Actual Total Time": 86.308,
                                                    "Actual Rows": 2964,
                                                    "Actual Loops": 1
                                                }
                                            ]
                                        },
                                        {
                                            "Node Type": "Index Only Scan",
                                            "Parent Relationship": "Inner",
                                            "Parallel Aware": false,
                                            "Scan Direction": "Forward",
                                            "Index Name": "movie_id_movie_keyword",
                                            "Relation Name": "movie_keyword",
                                            "Schema": "public",
                                            "Alias": "mk",
                                            "Startup Cost": 0.43,
                                            "Total Cost": 6.6,
                                            "Plan Rows": 46,
                                            "Plan Width": 4,
                                            "Actual Startup Time": 0.01,
                                            "Actual Total Time": 0.011,
                                            "Actual Rows": 6,
                                            "Actual Loops": 13050,
                                            "Output": [
                                                "mk.movie_id"
                                            ],
                                            "Index Cond": "(mk.movie_id = t.id)",
                                            "Rows Removed by Index Recheck": 0,
                                            "Heap Fetches": 80170,
                                            "Workers": [
                                                {
                                                    "Worker Number": 0,
                                                    "Actual Startup Time": 0.014,
                                                    "Actual Total Time": 0.016,
                                                    "Actual Rows": 6,
                                                    "Actual Loops": 2036
                                                },
                                                {
                                                    "Worker Number": 1,
                                                    "Actual Startup Time": 0.015,
                                                    "Actual Total Time": 0.016,
                                                    "Actual Rows": 7,
                                                    "Actual Loops": 1897
                                                },
                                                {
                                                    "Worker Number": 2,
                                                    "Actual Startup Time": 0.01,
                                                    "Actual Total Time": 0.011,
                                                    "Actual Rows": 5,
                                                    "Actual Loops": 2802
                                                },
                                                {
                                                    "Worker Number": 3,
                                                    "Actual Startup Time": 0.01,
                                                    "Actual Total Time": 0.011,
                                                    "Actual Rows": 6,
                                                    "Actual Loops": 2964
                                                }
                                            ]
                                        }
                                    ]
                                }
                            ]
                        }
                    ]
                }
            ]
        },
        "Planning Time": 299.952,
        "Triggers": [],
        "Execution Time": 145.237
    }
]