{
  "Plan": {
    "Node Type": "Aggregate",
    "Strategy": "Plain",
    "Partial Mode": "Finalize",
    "Parallel Aware": false,
    "Startup Cost": 243942.85,
    "Total Cost": 243942.86,
    "Plan Rows": 1,
    "Plan Width": 8,
    "Actual Startup Time": 445.505,
    "Actual Total Time": 458.212,
    "Actual Rows": 1,
    "Actual Loops": 1,
    "Plans": [
      {
        "Node Type": "Gather",
        "Parent Relationship": "Outer",
        "Parallel Aware": false,
        "Startup Cost": 243942.74,
        "Total Cost": 243942.85,
        "Plan Rows": 1,
        "Plan Width": 8,
        "Actual Startup Time": 441.689,
        "Actual Total Time": 458.204,
        "Actual Rows": 2,
        "Actual Loops": 1,
        "Workers Planned": 1,
        "Workers Launched": 1,
        "Single Copy": false,
        "Plans": [
          {
            "Node Type": "Aggregate",
            "Strategy": "Plain",
            "Partial Mode": "Partial",
            "Parent Relationship": "Outer",
            "Parallel Aware": false,
            "Startup Cost": 242942.74,
            "Total Cost": 242942.75,
            "Plan Rows": 1,
            "Plan Width": 8,
            "Actual Startup Time": 433.561,
            "Actual Total Time": 433.565,
            "Actual Rows": 1,
            "Actual Loops": 2,
            "Plans": [
              {
                "Node Type": "Hash Join",
                "Parent Relationship": "Outer",
                "Parallel Aware": true,
                "Join Type": "Inner",
                "Startup Cost": 70490.81,
                "Total Cost": 242749.11,
                "Plan Rows": 77453,
                "Plan Width": 0,
                "Actual Startup Time": 395.27,
                "Actual Total Time": 432.539,
                "Actual Rows": 21423,
                "Actual Loops": 2,
                "Inner Unique": true,
                "Hash Cond": "(mi.movie_id = t.id)",
                "Plans": [
                  {
                    "Node Type": "Bitmap Heap Scan",
                    "Parent Relationship": "Outer",
                    "Parallel Aware": true,
                    "Relation Name": "movie_info",
                    "Alias": "mi",
                    "Startup Cost": 3607.36,
                    "Total Cost": 175558.24,
                    "Plan Rows": 117110,
                    "Plan Width": 4,
                    "Actual Startup Time": 10.396,
                    "Actual Total Time": 28.032,
                    "Actual Rows": 90056,
                    "Actual Loops": 2,
                    "Recheck Cond": "(info_type_id = 13)",
                    "Rows Removed by Index Recheck": 0,
                    "Exact Heap Blocks": 3245,
                    "Lossy Heap Blocks": 0,
                    "Plans": [
                      {
                        "Node Type": "Bitmap Index Scan",
                        "Parent Relationship": "Outer",
                        "Parallel Aware": false,
                        "Index Name": "info_type_id_movie_info",
                        "Startup Cost": 0.0,
                        "Total Cost": 3557.59,
                        "Plan Rows": 199087,
                        "Plan Width": 0,
                        "Actual Startup Time": 9.56,
                        "Actual Total Time": 9.56,
                        "Actual Rows": 180112,
                        "Actual Loops": 1,
                        "Index Cond": "(info_type_id = 13)"
                      }
                    ]
                  },
                  {
                    "Node Type": "Hash",
                    "Parent Relationship": "Inner",
                    "Parallel Aware": true,
                    "Startup Cost": 54588.39,
                    "Total Cost": 54588.39,
                    "Plan Rows": 983605,
                    "Plan Width": 4,
                    "Actual Startup Time": 370.13,
                    "Actual Total Time": 370.13,
                    "Actual Rows": 837049,
                    "Actual Loops": 2,
                    "Hash Buckets": 2097152,
                    "Original Hash Buckets": 2097152,
                    "Hash Batches": 1,
                    "Original Hash Batches": 1,
                    "Peak Memory Usage": 81920,
                    "Plans": [
                      {
                        "Node Type": "Seq Scan",
                        "Parent Relationship": "Outer",
                        "Parallel Aware": true,
                        "Relation Name": "title",
                        "Alias": "t",
                        "Startup Cost": 0.0,
                        "Total Cost": 54588.39,
                        "Plan Rows": 983605,
                        "Plan Width": 4,
                        "Actual Startup Time": 0.028,
                        "Actual Total Time": 160.509,
                        "Actual Rows": 837049,
                        "Actual Loops": 2,
                        "Filter": "(kind_id > 3)",
                        "Rows Removed by Filter": 427107
                      }
                    ]
                  }
                ]
              }
            ]
          }
        ]
      }
    ]
  },
  "Planning Time": 0.658,
  "Triggers": [],
  "Execution Time": 458.286
}