{
  "Plan": {
    "Node Type": "Aggregate",
    "Strategy": "Plain",
    "Partial Mode": "Finalize",
    "Parallel Aware": false,
    "Startup Cost": 237878.87,
    "Total Cost": 237878.88,
    "Plan Rows": 1,
    "Plan Width": 8,
    "Actual Startup Time": 931.382,
    "Actual Total Time": 952.405,
    "Actual Rows": 1,
    "Actual Loops": 1,
    "Plans": [
      {
        "Node Type": "Gather",
        "Parent Relationship": "Outer",
        "Parallel Aware": false,
        "Startup Cost": 237878.76,
        "Total Cost": 237878.87,
        "Plan Rows": 1,
        "Plan Width": 8,
        "Actual Startup Time": 931.134,
        "Actual Total Time": 952.398,
        "Actual Rows": 2,
        "Actual Loops": 1,
        "Workers Planned": 1,
        "Workers Launched": 1,
        "Single Copy": false,
        "Plans": [
          {
            "Node Type": "Aggregate",
            "Strategy": "Plain",
            "Partial Mode": "Partial",
            "Parent Relationship": "Outer",
            "Parallel Aware": false,
            "Startup Cost": 236878.76,
            "Total Cost": 236878.77,
            "Plan Rows": 1,
            "Plan Width": 8,
            "Actual Startup Time": 925.224,
            "Actual Total Time": 925.228,
            "Actual Rows": 1,
            "Actual Loops": 2,
            "Plans": [
              {
                "Node Type": "Nested Loop",
                "Parent Relationship": "Outer",
                "Parallel Aware": false,
                "Join Type": "Inner",
                "Startup Cost": 55081.41,
                "Total Cost": 236792.09,
                "Plan Rows": 34669,
                "Plan Width": 0,
                "Actual Startup Time": 138.175,
                "Actual Total Time": 914.446,
                "Actual Rows": 234080,
                "Actual Loops": 2,
                "Inner Unique": false,
                "Join Filter": "(t.id = mc.movie_id)",
                "Rows Removed by Join Filter": 0,
                "Plans": [
                  {
                    "Node Type": "Hash Join",
                    "Parent Relationship": "Outer",
                    "Parallel Aware": true,
                    "Join Type": "Inner",
                    "Startup Cost": 55080.98,
                    "Total Cost": 196299.5,
                    "Plan Rows": 68246,
                    "Plan Width": 8,
                    "Actual Startup Time": 138.067,
                    "Actual Total Time": 682.582,
                    "Actual Rows": 63874,
                    "Actual Loops": 2,
                    "Inner Unique": true,
                    "Hash Cond": "(ci.movie_id = t.id)",
                    "Plans": [
                      {
                        "Node Type": "Index Scan",
                        "Parent Relationship": "Outer",
                        "Parallel Aware": true,
                        "Scan Direction": "Forward",
                        "Index Name": "role_id_cast_info",
                        "Relation Name": "cast_info",
                        "Alias": "ci",
                        "Startup Cost": 0.56,
                        "Total Cost": 134450.3,
                        "Plan Rows": 2578582,
                        "Plan Width": 4,
                        "Actual Startup Time": 0.17,
                        "Actual Total Time": 284.537,
                        "Actual Rows": 2161509,
                        "Actual Loops": 2,
                        "Index Cond": "(role_id = 10)",
                        "Rows Removed by Index Recheck": 0
                      },
                      {
                        "Node Type": "Hash",
                        "Parent Relationship": "Inner",
                        "Parallel Aware": true,
                        "Startup Cost": 54588.39,
                        "Total Cost": 54588.39,
                        "Plan Rows": 39362,
                        "Plan Width": 4,
                        "Actual Startup Time": 135.844,
                        "Actual Total Time": 135.846,
                        "Actual Rows": 33888,
                        "Actual Loops": 2,
                        "Hash Buckets": 131072,
                        "Original Hash Buckets": 131072,
                        "Hash Batches": 1,
                        "Original Hash Batches": 1,
                        "Peak Memory Usage": 3712,
                        "Plans": [
                          {
                            "Node Type": "Seq Scan",
                            "Parent Relationship": "Outer",
                            "Parallel Aware": true,
                            "Relation Name": "title",
                            "Alias": "t",
                            "Startup Cost": 0.0,
                            "Total Cost": 54588.39,
                            "Plan Rows": 39362,
                            "Plan Width": 4,
                            "Actual Startup Time": 0.037,
                            "Actual Total Time": 125.8,
                            "Actual Rows": 33888,
                            "Actual Loops": 2,
                            "Filter": "(production_year = 2003)",
                            "Rows Removed by Filter": 1230268
                          }
                        ]
                      }
                    ]
                  },
                  {
                    "Node Type": "Index Scan",
                    "Parent Relationship": "Inner",
                    "Parallel Aware": false,
                    "Scan Direction": "Forward",
                    "Index Name": "movie_id_movie_companies",
                    "Relation Name": "movie_companies",
                    "Alias": "mc",
                    "Startup Cost": 0.43,
                    "Total Cost": 0.56,
                    "Plan Rows": 3,
                    "Plan Width": 4,
                    "Actual Startup Time": 0.002,
                    "Actual Total Time": 0.003,
                    "Actual Rows": 4,
                    "Actual Loops": 127747,
                    "Index Cond": "(movie_id = ci.movie_id)",
                    "Rows Removed by Index Recheck": 0,
                    "Filter": "(company_type_id < 2)",
                    "Rows Removed by Filter": 2
                  }
                ]
              }
            ]
          }
        ]
      }
    ]
  },
  "Planning Time": 0.775,
  "Triggers": [],
  "Execution Time": 952.478
}