[
  {
    "Plan": {
      "Node Type": "Aggregate",
      "Strategy": "Plain",
      "Partial Mode": "Finalize",
      "Parallel Aware": false,
      "Startup Cost": 62058.64,
      "Total Cost": 62058.65,
      "Plan Rows": 1,
      "Plan Width": 8,
      "Actual Startup Time": 266.911,
      "Actual Total Time": 280.385,
      "Actual Rows": 1,
      "Actual Loops": 1,
      "Plans": [
        {
          "Node Type": "Gather",
          "Parent Relationship": "Outer",
          "Parallel Aware": false,
          "Startup Cost": 62058.43,
          "Total Cost": 62058.64,
          "Plan Rows": 2,
          "Plan Width": 8,
          "Actual Startup Time": 265.897,
          "Actual Total Time": 280.377,
          "Actual Rows": 3,
          "Actual Loops": 1,
          "Workers Planned": 2,
          "Workers Launched": 2,
          "Single Copy": false,
          "Plans": [
            {
              "Node Type": "Aggregate",
              "Strategy": "Plain",
              "Partial Mode": "Partial",
              "Parent Relationship": "Outer",
              "Parallel Aware": false,
              "Startup Cost": 61058.43,
              "Total Cost": 61058.44,
              "Plan Rows": 1,
              "Plan Width": 8,
              "Actual Startup Time": 261.979,
              "Actual Total Time": 261.982,
              "Actual Rows": 1,
              "Actual Loops": 3,
              "Plans": [
                {
                  "Node Type": "Hash Join",
                  "Parent Relationship": "Outer",
                  "Parallel Aware": true,
                  "Join Type": "Inner",
                  "Startup Cost": 45804.64,
                  "Total Cost": 60999.2,
                  "Plan Rows": 23692,
                  "Plan Width": 0,
                  "Actual Startup Time": 190.837,
                  "Actual Total Time": 258.746,
                  "Actual Rows": 59024,
                  "Actual Loops": 3,
                  "Inner Unique": true,
                  "Hash Cond": "(mi_idx.movie_id = t.id)",
                  "Plans": [
                    {
                      "Node Type": "Seq Scan",
                      "Parent Relationship": "Outer",
                      "Parallel Aware": true,
                      "Relation Name": "movie_info_idx",
                      "Alias": "mi_idx",
                      "Startup Cost": 0.0,
                      "Total Cost": 13685.15,
                      "Plan Rows": 575015,
                      "Plan Width": 4,
                      "Actual Startup Time": 0.023,
                      "Actual Total Time": 42.878,
                      "Actual Rows": 460012,
                      "Actual Loops": 3
                    },
                    {
                      "Node Type": "Hash",
                      "Parent Relationship": "Inner",
                      "Parallel Aware": true,
                      "Startup Cost": 45479.1,
                      "Total Cost": 45479.1,
                      "Plan Rows": 26043,
                      "Plan Width": 4,
                      "Actual Startup Time": 148.566,
                      "Actual Total Time": 148.567,
                      "Actual Rows": 79966,
                      "Actual Loops": 3,
                      "Hash Buckets": 262144,
                      "Original Hash Buckets": 131072,
                      "Hash Batches": 1,
                      "Original Hash Batches": 1,
                      "Peak Memory Usage": 12512,
                      "Plans": [
                        {
                          "Node Type": "Seq Scan",
                          "Parent Relationship": "Outer",
                          "Parallel Aware": true,
                          "Relation Name": "title",
                          "Alias": "t",
                          "Startup Cost": 0.0,
                          "Total Cost": 45479.1,
                          "Plan Rows": 26043,
                          "Plan Width": 4,
                          "Actual Startup Time": 68.562,
                          "Actual Total Time": 122.873,
                          "Actual Rows": 79966,
                          "Actual Loops": 3,
                          "Filter": "((production_year < 1973) AND (kind_id = 1))",
                          "Rows Removed by Filter": 762804
                        }
                      ]
                    }
                  ]
                }
              ]
            }
          ]
        }
      ]
    },
    "Planning Time": 0.326,
    "Triggers": [],
    "Execution Time": 280.432
  }
]