[
  {
    "Plan": {
      "Node Type": "Aggregate",
      "Strategy": "Plain",
      "Partial Mode": "Finalize",
      "Parallel Aware": false,
      "Startup Cost": 30935.06,
      "Total Cost": 30935.07,
      "Plan Rows": 1,
      "Plan Width": 8,
      "Actual Startup Time": 84.798,
      "Actual Total Time": 92.813,
      "Actual Rows": 1,
      "Actual Loops": 1,
      "Plans": [
        {
          "Node Type": "Gather",
          "Parent Relationship": "Outer",
          "Parallel Aware": false,
          "Startup Cost": 30934.74,
          "Total Cost": 30935.05,
          "Plan Rows": 3,
          "Plan Width": 8,
          "Actual Startup Time": 84.711,
          "Actual Total Time": 92.806,
          "Actual Rows": 4,
          "Actual Loops": 1,
          "Workers Planned": 3,
          "Workers Launched": 3,
          "Single Copy": false,
          "Plans": [
            {
              "Node Type": "Aggregate",
              "Strategy": "Plain",
              "Partial Mode": "Partial",
              "Parent Relationship": "Outer",
              "Parallel Aware": false,
              "Startup Cost": 29934.74,
              "Total Cost": 29934.75,
              "Plan Rows": 1,
              "Plan Width": 8,
              "Actual Startup Time": 79.616,
              "Actual Total Time": 79.617,
              "Actual Rows": 1,
              "Actual Loops": 4,
              "Plans": [
                {
                  "Node Type": "Seq Scan",
                  "Parent Relationship": "Outer",
                  "Parallel Aware": true,
                  "Relation Name": "movie_companies",
                  "Alias": "mc",
                  "Startup Cost": 0.0,
                  "Total Cost": 29310.68,
                  "Plan Rows": 249623,
                  "Plan Width": 0,
                  "Actual Startup Time": 23.463,
                  "Actual Total Time": 71.471,
                  "Actual Rows": 196945,
                  "Actual Loops": 4,
                  "Filter": "(company_id > 31775)",
                  "Rows Removed by Filter": 455337
                }
              ]
            }
          ]
        }
      ]
    },
    "Planning Time": 0.184,
    "Triggers": [],
    "Execution Time": 92.868
  }
]