[
    {
        "Bao": {
            "Bao prediction": "NaN",
            "Bao recommended hint": "(no hint)"
        }
    },
    {
        "Plan": {
            "Node Type": "Aggregate",
            "Strategy": "Plain",
            "Partial Mode": "Finalize",
            "Parallel Aware": false,
            "Startup Cost": 238047.83,
            "Total Cost": 238047.84,
            "Plan Rows": 1,
            "Plan Width": 8,
            "Actual Startup Time": 351.19,
            "Actual Total Time": 361.023,
            "Actual Rows": 1,
            "Actual Loops": 1,
            "Output": [
                "count(*)"
            ],
            "Plans": [
                {
                    "Node Type": "Gather",
                    "Parent Relationship": "Outer",
                    "Parallel Aware": false,
                    "Startup Cost": 238047.3,
                    "Total Cost": 238047.81,
                    "Plan Rows": 5,
                    "Plan Width": 8,
                    "Actual Startup Time": 344.57,
                    "Actual Total Time": 361.014,
                    "Actual Rows": 6,
                    "Actual Loops": 1,
                    "Output": [
                        "(PARTIAL count(*))"
                    ],
                    "Workers Planned": 5,
                    "Workers Launched": 5,
                    "Single Copy": false,
                    "Plans": [
                        {
                            "Node Type": "Aggregate",
                            "Strategy": "Plain",
                            "Partial Mode": "Partial",
                            "Parent Relationship": "Outer",
                            "Parallel Aware": false,
                            "Startup Cost": 237047.3,
                            "Total Cost": 237047.31,
                            "Plan Rows": 1,
                            "Plan Width": 8,
                            "Actual Startup Time": 334.064,
                            "Actual Total Time": 334.192,
                            "Actual Rows": 1,
                            "Actual Loops": 6,
                            "Output": [
                                "PARTIAL count(*)"
                            ],
                            "Workers": [
                                {
                                    "Worker Number": 0,
                                    "Actual Startup Time": 332.249,
                                    "Actual Total Time": 332.256,
                                    "Actual Rows": 1,
                                    "Actual Loops": 1
                                },
                                {
                                    "Worker Number": 1,
                                    "Actual Startup Time": 331.705,
                                    "Actual Total Time": 331.711,
                                    "Actual Rows": 1,
                                    "Actual Loops": 1
                                },
                                {
                                    "Worker Number": 2,
                                    "Actual Startup Time": 331.773,
                                    "Actual Total Time": 331.785,
                                    "Actual Rows": 1,
                                    "Actual Loops": 1
                                },
                                {
                                    "Worker Number": 3,
                                    "Actual Startup Time": 332.322,
                                    "Actual Total Time": 332.328,
                                    "Actual Rows": 1,
                                    "Actual Loops": 1
                                },
                                {
                                    "Worker Number": 4,
                                    "Actual Startup Time": 332.458,
                                    "Actual Total Time": 332.463,
                                    "Actual Rows": 1,
                                    "Actual Loops": 1
                                }
                            ],
                            "Plans": [
                                {
                                    "Node Type": "Hash Join",
                                    "Parent Relationship": "Outer",
                                    "Parallel Aware": true,
                                    "Join Type": "Inner",
                                    "Startup Cost": 73318.59,
                                    "Total Cost": 237001.06,
                                    "Plan Rows": 18498,
                                    "Plan Width": 0,
                                    "Actual Startup Time": 292.552,
                                    "Actual Total Time": 332.376,
                                    "Actual Rows": 33136,
                                    "Actual Loops": 6,
                                    "Inner Unique": false,
                                    "Hash Cond": "(mi.movie_id = t.id)",
                                    "Workers": [
                                        {
                                            "Worker Number": 0,
                                            "Actual Startup Time": 290.075,
                                            "Actual Total Time": 330.325,
                                            "Actual Rows": 27427,
                                            "Actual Loops": 1
                                        },
                                        {
                                            "Worker Number": 1,
                                            "Actual Startup Time": 290.422,
                                            "Actual Total Time": 329.845,
                                            "Actual Rows": 26594,
                                            "Actual Loops": 1
                                        },
                                        {
                                            "Worker Number": 2,
                                            "Actual Startup Time": 290.448,
                                            "Actual Total Time": 329.971,
                                            "Actual Rows": 33855,
                                            "Actual Loops": 1
                                        },
                                        {
                                            "Worker Number": 3,
                                            "Actual Startup Time": 290.887,
                                            "Actual Total Time": 330.543,
                                            "Actual Rows": 34655,
                                            "Actual Loops": 1
                                        },
                                        {
                                            "Worker Number": 4,
                                            "Actual Startup Time": 290.867,
                                            "Actual Total Time": 330.816,
                                            "Actual Rows": 39375,
                                            "Actual Loops": 1
                                        }
                                    ],
                                    "Plans": [
                                        {
                                            "Node Type": "Bitmap Heap Scan",
                                            "Parent Relationship": "Outer",
                                            "Parallel Aware": true,
                                            "Relation Name": "movie_info",
                                            "Schema": "public",
                                            "Alias": "mi",
                                            "Startup Cost": 9170.9,
                                            "Total Cost": 172427.92,
                                            "Plan Rows": 101122,
                                            "Plan Width": 4,
                                            "Actual Startup Time": 19.741,
                                            "Actual Total Time": 31.293,
                                            "Actual Rows": 79074,
                                            "Actual Loops": 6,
                                            "Output": [
                                                "mi.id",
                                                "mi.movie_id",
                                                "mi.info_type_id",
                                                "mi.info",
                                                "mi.note"
                                            ],
                                            "Recheck Cond": "(mi.info_type_id = 6)",
                                            "Rows Removed by Index Recheck": 0,
                                            "Exact Heap Blocks": 602,
                                            "Lossy Heap Blocks": 0,
                                            "Workers": [
                                                {
                                                    "Worker Number": 0,
                                                    "Actual Startup Time": 19.71,
                                                    "Actual Total Time": 32.075,
                                                    "Actual Rows": 66002,
                                                    "Actual Loops": 1
                                                },
                                                {
                                                    "Worker Number": 1,
                                                    "Actual Startup Time": 19.849,
                                                    "Actual Total Time": 31.852,
                                                    "Actual Rows": 64542,
                                                    "Actual Loops": 1
                                                },
                                                {
                                                    "Worker Number": 2,
                                                    "Actual Startup Time": 19.826,
                                                    "Actual Total Time": 31.271,
                                                    "Actual Rows": 78577,
                                                    "Actual Loops": 1
                                                },
                                                {
                                                    "Worker Number": 3,
                                                    "Actual Startup Time": 19.655,
                                                    "Actual Total Time": 31.475,
                                                    "Actual Rows": 82574,
                                                    "Actual Loops": 1
                                                },
                                                {
                                                    "Worker Number": 4,
                                                    "Actual Startup Time": 19.597,
                                                    "Actual Total Time": 30.995,
                                                    "Actual Rows": 93409,
                                                    "Actual Loops": 1
                                                }
                                            ],
                                            "Plans": [
                                                {
                                                    "Node Type": "Bitmap Index Scan",
                                                    "Parent Relationship": "Outer",
                                                    "Parallel Aware": false,
                                                    "Index Name": "info_type_id_movie_info",
                                                    "Startup Cost": 0.0,
                                                    "Total Cost": 9044.49,
                                                    "Plan Rows": 505608,
                                                    "Plan Width": 0,
                                                    "Actual Startup Time": 19.179,
                                                    "Actual Total Time": 19.179,
                                                    "Actual Rows": 474443,
                                                    "Actual Loops": 1,
                                                    "Index Cond": "(mi.info_type_id = 6)",
                                                    "Workers": [
                                                        {
                                                            "Worker Number": 4,
                                                            "Actual Startup Time": 19.179,
                                                            "Actual Total Time": 19.179,
                                                            "Actual Rows": 474443,
                                                            "Actual Loops": 1
                                                        }
                                                    ]
                                                }
                                            ]
                                        },
                                        {
                                            "Node Type": "Hash",
                                            "Parent Relationship": "Inner",
                                            "Parallel Aware": true,
                                            "Startup Cost": 62702.39,
                                            "Total Cost": 62702.39,
                                            "Plan Rows": 115624,
                                            "Plan Width": 8,
                                            "Actual Startup Time": 270.648,
                                            "Actual Total Time": 270.774,
                                            "Actual Rows": 76654,
                                            "Actual Loops": 6,
                                            "Output": [
                                                "t.id",
                                                "mi_idx.movie_id"
                                            ],
                                            "Hash Buckets": 524288,
                                            "Original Hash Buckets": 524288,
                                            "Hash Batches": 1,
                                            "Original Hash Batches": 1,
                                            "Peak Memory Usage": 22176,
                                            "Workers": [
                                                {
                                                    "Worker Number": 0,
                                                    "Actual Startup Time": 269.883,
                                                    "Actual Total Time": 269.888,
                                                    "Actual Rows": 57698,
                                                    "Actual Loops": 1
                                                },
                                                {
                                                    "Worker Number": 1,
                                                    "Actual Startup Time": 270.117,
                                                    "Actual Total Time": 270.121,
                                                    "Actual Rows": 57925,
                                                    "Actual Loops": 1
                                                },
                                                {
                                                    "Worker Number": 2,
                                                    "Actual Startup Time": 270.16,
                                                    "Actual Total Time": 270.17,
                                                    "Actual Rows": 83005,
                                                    "Actual Loops": 1
                                                },
                                                {
                                                    "Worker Number": 3,
                                                    "Actual Startup Time": 270.599,
                                                    "Actual Total Time": 270.603,
                                                    "Actual Rows": 82374,
                                                    "Actual Loops": 1
                                                },
                                                {
                                                    "Worker Number": 4,
                                                    "Actual Startup Time": 270.818,
                                                    "Actual Total Time": 270.822,
                                                    "Actual Rows": 81858,
                                                    "Actual Loops": 1
                                                }
                                            ],
                                            "Plans": [
                                                {
                                                    "Node Type": "Hash Join",
                                                    "Parent Relationship": "Outer",
                                                    "Parallel Aware": true,
                                                    "Join Type": "Inner",
                                                    "Startup Cost": 17531.52,
                                                    "Total Cost": 62702.39,
                                                    "Plan Rows": 115624,
                                                    "Plan Width": 8,
                                                    "Actual Startup Time": 74.24,
                                                    "Actual Total Time": 240.555,
                                                    "Actual Rows": 76654,
                                                    "Actual Loops": 6,
                                                    "Output": [
                                                        "t.id",
                                                        "mi_idx.movie_id"
                                                    ],
                                                    "Inner Unique": false,
                                                    "Hash Cond": "(t.id = mi_idx.movie_id)",
                                                    "Workers": [
                                                        {
                                                            "Worker Number": 0,
                                                            "Actual Startup Time": 73.464,
                                                            "Actual Total Time": 241.1,
                                                            "Actual Rows": 57698,
                                                            "Actual Loops": 1
                                                        },
                                                        {
                                                            "Worker Number": 1,
                                                            "Actual Startup Time": 73.723,
                                                            "Actual Total Time": 240.371,
                                                            "Actual Rows": 57925,
                                                            "Actual Loops": 1
                                                        },
                                                        {
                                                            "Worker Number": 2,
                                                            "Actual Startup Time": 73.705,
                                                            "Actual Total Time": 239.685,
                                                            "Actual Rows": 83005,
                                                            "Actual Loops": 1
                                                        },
                                                        {
                                                            "Worker Number": 3,
                                                            "Actual Startup Time": 74.284,
                                                            "Actual Total Time": 241.01,
                                                            "Actual Rows": 82374,
                                                            "Actual Loops": 1
                                                        },
                                                        {
                                                            "Worker Number": 4,
                                                            "Actual Startup Time": 74.349,
                                                            "Actual Total Time": 240.386,
                                                            "Actual Rows": 81858,
                                                            "Actual Loops": 1
                                                        }
                                                    ],
                                                    "Plans": [
                                                        {
                                                            "Node Type": "Seq Scan",
                                                            "Parent Relationship": "Outer",
                                                            "Parallel Aware": true,
                                                            "Relation Name": "title",
                                                            "Schema": "public",
                                                            "Alias": "t",
                                                            "Startup Cost": 0.0,
                                                            "Total Cost": 42318.81,
                                                            "Plan Rows": 632080,
                                                            "Plan Width": 4,
                                                            "Actual Startup Time": 0.011,
                                                            "Actual Total Time": 58.594,
                                                            "Actual Rows": 421385,
                                                            "Actual Loops": 6,
                                                            "Output": [
                                                                "t.id",
                                                                "t.title",
                                                                "t.imdb_index",
                                                                "t.kind_id",
                                                                "t.production_year",
                                                                "t.imdb_id",
                                                                "t.phonetic_code",
                                                                "t.episode_of_id",
                                                                "t.season_nr",
                                                                "t.episode_nr",
                                                                "t.series_years",
                                                                "t.md5sum"
                                                            ],
                                                            "Workers": [
                                                                {
                                                                    "Worker Number": 0,
                                                                    "Actual Startup Time": 0.007,
                                                                    "Actual Total Time": 63.618,
                                                                    "Actual Rows": 316900,
                                                                    "Actual Loops": 1
                                                                },
                                                                {
                                                                    "Worker Number": 1,
                                                                    "Actual Startup Time": 0.007,
                                                                    "Actual Total Time": 64.838,
                                                                    "Actual Rows": 318719,
                                                                    "Actual Loops": 1
                                                                },
                                                                {
                                                                    "Worker Number": 2,
                                                                    "Actual Startup Time": 0.007,
                                                                    "Actual Total Time": 59.567,
                                                                    "Actual Rows": 454817,
                                                                    "Actual Loops": 1
                                                                },
                                                                {
                                                                    "Worker Number": 3,
                                                                    "Actual Startup Time": 0.023,
                                                                    "Actual Total Time": 58.403,
                                                                    "Actual Rows": 453246,
                                                                    "Actual Loops": 1
                                                                },
                                                                {
                                                                    "Worker Number": 4,
                                                                    "Actual Startup Time": 0.011,
                                                                    "Actual Total Time": 58.181,
                                                                    "Actual Rows": 447894,
                                                                    "Actual Loops": 1
                                                                }
                                                            ]
                                                        },
                                                        {
                                                            "Node Type": "Hash",
                                                            "Parent Relationship": "Inner",
                                                            "Parallel Aware": true,
                                                            "Startup Cost": 15122.68,
                                                            "Total Cost": 15122.68,
                                                            "Plan Rows": 192707,
                                                            "Plan Width": 4,
                                                            "Actual Startup Time": 73.047,
                                                            "Actual Total Time": 73.05,
                                                            "Actual Rows": 76654,
                                                            "Actual Loops": 6,
                                                            "Output": [
                                                                "mi_idx.movie_id"
                                                            ],
                                                            "Hash Buckets": 524288,
                                                            "Original Hash Buckets": 524288,
                                                            "Hash Batches": 1,
                                                            "Original Hash Batches": 1,
                                                            "Peak Memory Usage": 22176,
                                                            "Workers": [
                                                                {
                                                                    "Worker Number": 0,
                                                                    "Actual Startup Time": 73.276,
                                                                    "Actual Total Time": 73.278,
                                                                    "Actual Rows": 58732,
                                                                    "Actual Loops": 1
                                                                },
                                                                {
                                                                    "Worker Number": 1,
                                                                    "Actual Startup Time": 73.473,
                                                                    "Actual Total Time": 73.474,
                                                                    "Actual Rows": 62550,
                                                                    "Actual Loops": 1
                                                                },
                                                                {
                                                                    "Worker Number": 2,
                                                                    "Actual Startup Time": 73.526,
                                                                    "Actual Total Time": 73.532,
                                                                    "Actual Rows": 70087,
                                                                    "Actual Loops": 1
                                                                },
                                                                {
                                                                    "Worker Number": 3,
                                                                    "Actual Startup Time": 74.174,
                                                                    "Actual Total Time": 74.176,
                                                                    "Actual Rows": 75877,
                                                                    "Actual Loops": 1
                                                                },
                                                                {
                                                                    "Worker Number": 4,
                                                                    "Actual Startup Time": 74.156,
                                                                    "Actual Total Time": 74.157,
                                                                    "Actual Rows": 76419,
                                                                    "Actual Loops": 1
                                                                }
                                                            ],
                                                            "Plans": [
                                                                {
                                                                    "Node Type": "Seq Scan",
                                                                    "Parent Relationship": "Outer",
                                                                    "Parallel Aware": true,
                                                                    "Relation Name": "movie_info_idx",
                                                                    "Schema": "public",
                                                                    "Alias": "mi_idx",
                                                                    "Startup Cost": 0.0,
                                                                    "Total Cost": 15122.68,
                                                                    "Plan Rows": 192707,
                                                                    "Plan Width": 4,
                                                                    "Actual Startup Time": 0.063,
                                                                    "Actual Total Time": 36.518,
                                                                    "Actual Rows": 76654,
                                                                    "Actual Loops": 6,
                                                                    "Output": [
                                                                        "mi_idx.movie_id"
                                                                    ],
                                                                    "Filter": "(mi_idx.info_type_id = 100)",
                                                                    "Rows Removed by Filter": 153352,
                                                                    "Workers": [
                                                                        {
                                                                            "Worker Number": 0,
                                                                            "Actual Startup Time": 0.076,
                                                                            "Actual Total Time": 37.1,
                                                                            "Actual Rows": 58732,
                                                                            "Actual Loops": 1
                                                                        },
                                                                        {
                                                                            "Worker Number": 1,
                                                                            "Actual Startup Time": 0.064,
                                                                            "Actual Total Time": 38.475,
                                                                            "Actual Rows": 62550,
                                                                            "Actual Loops": 1
                                                                        },
                                                                        {
                                                                            "Worker Number": 2,
                                                                            "Actual Startup Time": 0.065,
                                                                            "Actual Total Time": 37.47,
                                                                            "Actual Rows": 70087,
                                                                            "Actual Loops": 1
                                                                        },
                                                                        {
                                                                            "Worker Number": 3,
                                                                            "Actual Startup Time": 0.077,
                                                                            "Actual Total Time": 36.385,
                                                                            "Actual Rows": 75877,
                                                                            "Actual Loops": 1
                                                                        },
                                                                        {
                                                                            "Worker Number": 4,
                                                                            "Actual Startup Time": 0.079,
                                                                            "Actual Total Time": 36.99,
                                                                            "Actual Rows": 76419,
                                                                            "Actual Loops": 1
                                                                        }
                                                                    ]
                                                                }
                                                            ]
                                                        }
                                                    ]
                                                }
                                            ]
                                        }
                                    ]
                                }
                            ]
                        }
                    ]
                }
            ]
        },
        "Planning Time": 216.193,
        "Triggers": [],
        "Execution Time": 361.134
    }
]