[
  {
    "Plan": {
      "Node Type": "Aggregate",
      "Strategy": "Plain",
      "Partial Mode": "Finalize",
      "Parallel Aware": false,
      "Startup Cost": 258489.07,
      "Total Cost": 258489.08,
      "Plan Rows": 1,
      "Plan Width": 8,
      "Actual Startup Time": 842.393,
      "Actual Total Time": 859.449,
      "Actual Rows": 1,
      "Actual Loops": 1,
      "Plans": [
        {
          "Node Type": "Gather",
          "Parent Relationship": "Outer",
          "Parallel Aware": false,
          "Startup Cost": 258488.85,
          "Total Cost": 258489.06,
          "Plan Rows": 2,
          "Plan Width": 8,
          "Actual Startup Time": 833.35,
          "Actual Total Time": 859.439,
          "Actual Rows": 3,
          "Actual Loops": 1,
          "Workers Planned": 2,
          "Workers Launched": 2,
          "Single Copy": false,
          "Plans": [
            {
              "Node Type": "Aggregate",
              "Strategy": "Plain",
              "Partial Mode": "Partial",
              "Parent Relationship": "Outer",
              "Parallel Aware": false,
              "Startup Cost": 257488.85,
              "Total Cost": 257488.86,
              "Plan Rows": 1,
              "Plan Width": 8,
              "Actual Startup Time": 824.911,
              "Actual Total Time": 825.297,
              "Actual Rows": 1,
              "Actual Loops": 3,
              "Plans": [
                {
                  "Node Type": "Hash Join",
                  "Parent Relationship": "Outer",
                  "Parallel Aware": true,
                  "Join Type": "Inner",
                  "Startup Cost": 240695.73,
                  "Total Cost": 256960.15,
                  "Plan Rows": 211482,
                  "Plan Width": 0,
                  "Actual Startup Time": 704.224,
                  "Actual Total Time": 817.902,
                  "Actual Rows": 193069,
                  "Actual Loops": 3,
                  "Inner Unique": false,
                  "Hash Cond": "(mi_idx.movie_id = t.id)",
                  "Plans": [
                    {
                      "Node Type": "Seq Scan",
                      "Parent Relationship": "Outer",
                      "Parallel Aware": true,
                      "Relation Name": "movie_info_idx",
                      "Alias": "mi_idx",
                      "Startup Cost": 0.0,
                      "Total Cost": 13685.15,
                      "Plan Rows": 575015,
                      "Plan Width": 4,
                      "Actual Startup Time": 0.047,
                      "Actual Total Time": 34.864,
                      "Actual Rows": 460012,
                      "Actual Loops": 3
                    },
                    {
                      "Node Type": "Hash",
                      "Parent Relationship": "Inner",
                      "Parallel Aware": true,
                      "Startup Cost": 238371.06,
                      "Total Cost": 238371.06,
                      "Plan Rows": 185974,
                      "Plan Width": 8,
                      "Actual Startup Time": 697.764,
                      "Actual Total Time": 698.148,
                      "Actual Rows": 221273,
                      "Actual Loops": 3,
                      "Hash Buckets": 1048576,
                      "Original Hash Buckets": 1048576,
                      "Hash Batches": 1,
                      "Original Hash Batches": 1,
                      "Peak Memory Usage": 34208,
                      "Plans": [
                        {
                          "Node Type": "Hash Join",
                          "Parent Relationship": "Outer",
                          "Parallel Aware": true,
                          "Join Type": "Inner",
                          "Startup Cost": 72564.88,
                          "Total Cost": 238371.06,
                          "Plan Rows": 185974,
                          "Plan Width": 8,
                          "Actual Startup Time": 389.761,
                          "Actual Total Time": 624.09,
                          "Actual Rows": 221273,
                          "Actual Loops": 3,
                          "Inner Unique": true,
                          "Hash Cond": "(mi.movie_id = t.id)",
                          "Plans": [
                            {
                              "Node Type": "Bitmap Heap Scan",
                              "Parent Relationship": "Outer",
                              "Parallel Aware": true,
                              "Relation Name": "movie_info",
                              "Alias": "mi",
                              "Startup Cost": 22837.73,
                              "Total Cost": 187982.11,
                              "Plan Rows": 252111,
                              "Plan Width": 4,
                              "Actual Startup Time": 51.225,
                              "Actual Total Time": 99.63,
                              "Actual Rows": 429643,
                              "Actual Loops": 3,
                              "Recheck Cond": "(info_type_id = 2)",
                              "Rows Removed by Index Recheck": 0,
                              "Exact Heap Blocks": 3026,
                              "Lossy Heap Blocks": 0,
                              "Plans": [
                                {
                                  "Node Type": "Bitmap Index Scan",
                                  "Parent Relationship": "Outer",
                                  "Parallel Aware": false,
                                  "Index Name": "info_type_id_movie_info",
                                  "Startup Cost": 0.0,
                                  "Total Cost": 22522.59,
                                  "Plan Rows": 1260554,
                                  "Plan Width": 0,
                                  "Actual Startup Time": 49.805,
                                  "Actual Total Time": 49.805,
                                  "Actual Rows": 1288928,
                                  "Actual Loops": 1,
                                  "Index Cond": "(info_type_id = 2)"
                                }
                              ]
                            },
                            {
                              "Node Type": "Hash",
                              "Parent Relationship": "Inner",
                              "Parallel Aware": true,
                              "Startup Cost": 43898.92,
                              "Total Cost": 43898.92,
                              "Plan Rows": 466259,
                              "Plan Width": 4,
                              "Actual Startup Time": 332.017,
                              "Actual Total Time": 332.018,
                              "Actual Rows": 621829,
                              "Actual Loops": 3,
                              "Hash Buckets": 2097152,
                              "Original Hash Buckets": 2097152,
                              "Hash Batches": 1,
                              "Original Hash Batches": 1,
                              "Peak Memory Usage": 89408,
                              "Plans": [
                                {
                                  "Node Type": "Seq Scan",
                                  "Parent Relationship": "Outer",
                                  "Parallel Aware": true,
                                  "Relation Name": "title",
                                  "Alias": "t",
                                  "Startup Cost": 0.0,
                                  "Total Cost": 43898.92,
                                  "Plan Rows": 466259,
                                  "Plan Width": 4,
                                  "Actual Startup Time": 0.049,
                                  "Actual Total Time": 127.349,
                                  "Actual Rows": 621829,
                                  "Actual Loops": 3,
                                  "Filter": "(kind_id > 1)",
                                  "Rows Removed by Filter": 220942
                                }
                              ]
                            }
                          ]
                        }
                      ]
                    }
                  ]
                }
              ]
            }
          ]
        }
      ]
    },
    "Planning Time": 1.425,
    "Triggers": [],
    "Execution Time": 859.554
  }
]