[
  {
    "Plan": {
      "Node Type": "Aggregate",
      "Strategy": "Plain",
      "Partial Mode": "Finalize",
      "Parallel Aware": false,
      "Startup Cost": 45482.39,
      "Total Cost": 45482.4,
      "Plan Rows": 1,
      "Plan Width": 8,
      "Actual Startup Time": 149.186,
      "Actual Total Time": 158.902,
      "Actual Rows": 1,
      "Actual Loops": 1,
      "Plans": [
        {
          "Node Type": "Gather",
          "Parent Relationship": "Outer",
          "Parallel Aware": false,
          "Startup Cost": 45482.07,
          "Total Cost": 45482.38,
          "Plan Rows": 3,
          "Plan Width": 8,
          "Actual Startup Time": 149.079,
          "Actual Total Time": 158.893,
          "Actual Rows": 4,
          "Actual Loops": 1,
          "Workers Planned": 3,
          "Workers Launched": 3,
          "Single Copy": false,
          "Plans": [
            {
              "Node Type": "Aggregate",
              "Strategy": "Plain",
              "Partial Mode": "Partial",
              "Parent Relationship": "Outer",
              "Parallel Aware": false,
              "Startup Cost": 44482.07,
              "Total Cost": 44482.08,
              "Plan Rows": 1,
              "Plan Width": 8,
              "Actual Startup Time": 140.518,
              "Actual Total Time": 140.519,
              "Actual Rows": 1,
              "Actual Loops": 4,
              "Plans": [
                {
                  "Node Type": "Seq Scan",
                  "Parent Relationship": "Outer",
                  "Parallel Aware": true,
                  "Relation Name": "movie_keyword",
                  "Alias": "mk",
                  "Startup Cost": 0.0,
                  "Total Cost": 42695.65,
                  "Plan Rows": 714568,
                  "Plan Width": 0,
                  "Actual Startup Time": 0.747,
                  "Actual Total Time": 115.362,
                  "Actual Rows": 552170,
                  "Actual Loops": 4,
                  "Filter": "(keyword_id > 4994)",
                  "Rows Removed by Filter": 578812
                }
              ]
            }
          ]
        }
      ]
    },
    "Planning Time": 0.161,
    "Triggers": [],
    "Execution Time": 158.953
  }
]