{
  "Plan": {
    "Node Type": "Aggregate",
    "Strategy": "Plain",
    "Partial Mode": "Finalize",
    "Parallel Aware": false,
    "Startup Cost": 16488.97,
    "Total Cost": 16488.98,
    "Plan Rows": 1,
    "Plan Width": 8,
    "Actual Startup Time": 38.093,
    "Actual Total Time": 44.03,
    "Actual Rows": 1,
    "Actual Loops": 1,
    "Plans": [
      {
        "Node Type": "Gather",
        "Parent Relationship": "Outer",
        "Parallel Aware": false,
        "Startup Cost": 16488.86,
        "Total Cost": 16488.97,
        "Plan Rows": 1,
        "Plan Width": 8,
        "Actual Startup Time": 37.859,
        "Actual Total Time": 44.023,
        "Actual Rows": 2,
        "Actual Loops": 1,
        "Workers Planned": 1,
        "Workers Launched": 1,
        "Single Copy": false,
        "Plans": [
          {
            "Node Type": "Aggregate",
            "Strategy": "Plain",
            "Partial Mode": "Partial",
            "Parent Relationship": "Outer",
            "Parallel Aware": false,
            "Startup Cost": 15488.86,
            "Total Cost": 15488.87,
            "Plan Rows": 1,
            "Plan Width": 8,
            "Actual Startup Time": 33.939,
            "Actual Total Time": 33.94,
            "Actual Rows": 1,
            "Actual Loops": 2,
            "Plans": [
              {
                "Node Type": "Nested Loop",
                "Parent Relationship": "Outer",
                "Parallel Aware": false,
                "Join Type": "Inner",
                "Startup Cost": 44.71,
                "Total Cost": 15488.85,
                "Plan Rows": 5,
                "Plan Width": 0,
                "Actual Startup Time": 6.513,
                "Actual Total Time": 33.928,
                "Actual Rows": 13,
                "Actual Loops": 2,
                "Inner Unique": false,
                "Plans": [
                  {
                    "Node Type": "Nested Loop",
                    "Parent Relationship": "Outer",
                    "Parallel Aware": false,
                    "Join Type": "Inner",
                    "Startup Cost": 44.27,
                    "Total Cost": 15118.48,
                    "Plan Rows": 17,
                    "Plan Width": 8,
                    "Actual Startup Time": 6.443,
                    "Actual Total Time": 33.157,
                    "Actual Rows": 14,
                    "Actual Loops": 2,
                    "Inner Unique": true,
                    "Plans": [
                      {
                        "Node Type": "Bitmap Heap Scan",
                        "Parent Relationship": "Outer",
                        "Parallel Aware": true,
                        "Relation Name": "movie_companies",
                        "Alias": "mc",
                        "Startup Cost": 43.84,
                        "Total Cost": 5820.22,
                        "Plan Rows": 1170,
                        "Plan Width": 4,
                        "Actual Startup Time": 2.108,
                        "Actual Total Time": 6.779,
                        "Actual Rows": 2356,
                        "Actual Loops": 2,
                        "Recheck Cond": "(company_id < 6)",
                        "Rows Removed by Index Recheck": 0,
                        "Exact Heap Blocks": 1426,
                        "Lossy Heap Blocks": 0,
                        "Plans": [
                          {
                            "Node Type": "Bitmap Index Scan",
                            "Parent Relationship": "Outer",
                            "Parallel Aware": false,
                            "Index Name": "company_id_movie_companies",
                            "Startup Cost": 0.0,
                            "Total Cost": 43.35,
                            "Plan Rows": 1989,
                            "Plan Width": 0,
                            "Actual Startup Time": 3.227,
                            "Actual Total Time": 3.228,
                            "Actual Rows": 4712,
                            "Actual Loops": 1,
                            "Index Cond": "(company_id < 6)"
                          }
                        ]
                      },
                      {
                        "Node Type": "Index Scan",
                        "Parent Relationship": "Inner",
                        "Parallel Aware": false,
                        "Scan Direction": "Forward",
                        "Index Name": "title_pkey",
                        "Relation Name": "title",
                        "Alias": "t",
                        "Startup Cost": 0.43,
                        "Total Cost": 7.95,
                        "Plan Rows": 1,
                        "Plan Width": 4,
                        "Actual Startup Time": 0.011,
                        "Actual Total Time": 0.011,
                        "Actual Rows": 0,
                        "Actual Loops": 4712,
                        "Index Cond": "(id = mc.movie_id)",
                        "Rows Removed by Index Recheck": 0,
                        "Filter": "(production_year = 1996)",
                        "Rows Removed by Filter": 1
                      }
                    ]
                  },
                  {
                    "Node Type": "Index Scan",
                    "Parent Relationship": "Inner",
                    "Parallel Aware": false,
                    "Scan Direction": "Forward",
                    "Index Name": "movie_id_movie_info",
                    "Relation Name": "movie_info",
                    "Alias": "mi",
                    "Startup Cost": 0.43,
                    "Total Cost": 21.77,
                    "Plan Rows": 2,
                    "Plan Width": 4,
                    "Actual Startup Time": 0.02,
                    "Actual Total Time": 0.052,
                    "Actual Rows": 1,
                    "Actual Loops": 29,
                    "Index Cond": "(movie_id = t.id)",
                    "Rows Removed by Index Recheck": 0,
                    "Filter": "(info_type_id = 1)",
                    "Rows Removed by Filter": 18
                  }
                ]
              }
            ]
          }
        ]
      }
    ]
  },
  "Planning Time": 1.145,
  "Triggers": [],
  "Execution Time": 44.133
}