[
  {
    "Plan": {
      "Node Type": "Aggregate",
      "Strategy": "Plain",
      "Partial Mode": "Finalize",
      "Parallel Aware": false,
      "Startup Cost": 387103.57,
      "Total Cost": 387103.58,
      "Plan Rows": 1,
      "Plan Width": 8,
      "Actual Startup Time": 1425.188,
      "Actual Total Time": 1487.996,
      "Actual Rows": 1,
      "Actual Loops": 1,
      "Plans": [
        {
          "Node Type": "Gather",
          "Parent Relationship": "Outer",
          "Parallel Aware": false,
          "Startup Cost": 387102.94,
          "Total Cost": 387103.55,
          "Plan Rows": 6,
          "Plan Width": 8,
          "Actual Startup Time": 1421.779,
          "Actual Total Time": 1487.981,
          "Actual Rows": 7,
          "Actual Loops": 1,
          "Workers Planned": 6,
          "Workers Launched": 6,
          "Single Copy": false,
          "Plans": [
            {
              "Node Type": "Aggregate",
              "Strategy": "Plain",
              "Partial Mode": "Partial",
              "Parent Relationship": "Outer",
              "Parallel Aware": false,
              "Startup Cost": 386102.94,
              "Total Cost": 386102.95,
              "Plan Rows": 1,
              "Plan Width": 8,
              "Actual Startup Time": 1411.031,
              "Actual Total Time": 1411.033,
              "Actual Rows": 1,
              "Actual Loops": 7,
              "Plans": [
                {
                  "Node Type": "Hash Join",
                  "Parent Relationship": "Outer",
                  "Parallel Aware": true,
                  "Join Type": "Inner",
                  "Startup Cost": 45187.34,
                  "Total Cost": 384388.48,
                  "Plan Rows": 685785,
                  "Plan Width": 0,
                  "Actual Startup Time": 104.072,
                  "Actual Total Time": 1386.692,
                  "Actual Rows": 532076,
                  "Actual Loops": 7,
                  "Inner Unique": true,
                  "Hash Cond": "(ci.movie_id = t.id)",
                  "Plans": [
                    {
                      "Node Type": "Seq Scan",
                      "Parent Relationship": "Outer",
                      "Parallel Aware": true,
                      "Relation Name": "cast_info",
                      "Alias": "ci",
                      "Startup Cost": 0.0,
                      "Total Cost": 328162.03,
                      "Plan Rows": 4205369,
                      "Plan Width": 4,
                      "Actual Startup Time": 0.019,
                      "Actual Total Time": 610.297,
                      "Actual Rows": 3620521,
                      "Actual Loops": 7,
                      "Filter": "(person_id < 2616575)",
                      "Rows Removed by Filter": 1557242
                    },
                    {
                      "Node Type": "Hash",
                      "Parent Relationship": "Inner",
                      "Parallel Aware": true,
                      "Startup Cost": 43898.92,
                      "Total Cost": 43898.92,
                      "Plan Rows": 103074,
                      "Plan Width": 4,
                      "Actual Startup Time": 101.562,
                      "Actual Total Time": 101.563,
                      "Actual Rows": 60540,
                      "Actual Loops": 7,
                      "Hash Buckets": 524288,
                      "Original Hash Buckets": 524288,
                      "Hash Batches": 1,
                      "Original Hash Batches": 1,
                      "Peak Memory Usage": 20768,
                      "Plans": [
                        {
                          "Node Type": "Seq Scan",
                          "Parent Relationship": "Outer",
                          "Parallel Aware": true,
                          "Relation Name": "title",
                          "Alias": "t",
                          "Startup Cost": 0.0,
                          "Total Cost": 43898.92,
                          "Plan Rows": 103074,
                          "Plan Width": 4,
                          "Actual Startup Time": 0.061,
                          "Actual Total Time": 75.427,
                          "Actual Rows": 60540,
                          "Actual Loops": 7,
                          "Filter": "(production_year < 1974)",
                          "Rows Removed by Filter": 300648
                        }
                      ]
                    }
                  ]
                }
              ]
            }
          ]
        }
      ]
    },
    "Planning Time": 0.575,
    "Triggers": [],
    "Execution Time": 1488.081
  }
]