{
  "Plan": {
    "Node Type": "Aggregate",
    "Strategy": "Plain",
    "Partial Mode": "Finalize",
    "Parallel Aware": false,
    "Startup Cost": 2799635.44,
    "Total Cost": 2799635.45,
    "Plan Rows": 1,
    "Plan Width": 8,
    "Actual Startup Time": 27580.791,
    "Actual Total Time": 27754.054,
    "Actual Rows": 1,
    "Actual Loops": 1,
    "Plans": [
      {
        "Node Type": "Gather",
        "Parent Relationship": "Outer",
        "Parallel Aware": false,
        "Startup Cost": 2799635.32,
        "Total Cost": 2799635.43,
        "Plan Rows": 1,
        "Plan Width": 8,
        "Actual Startup Time": 27561.02,
        "Actual Total Time": 27754.046,
        "Actual Rows": 2,
        "Actual Loops": 1,
        "Workers Planned": 1,
        "Workers Launched": 1,
        "Single Copy": false,
        "Plans": [
          {
            "Node Type": "Aggregate",
            "Strategy": "Plain",
            "Partial Mode": "Partial",
            "Parent Relationship": "Outer",
            "Parallel Aware": false,
            "Startup Cost": 2798635.32,
            "Total Cost": 2798635.33,
            "Plan Rows": 1,
            "Plan Width": 8,
            "Actual Startup Time": 27504.764,
            "Actual Total Time": 27504.769,
            "Actual Rows": 1,
            "Actual Loops": 2,
            "Plans": [
              {
                "Node Type": "Hash Join",
                "Parent Relationship": "Outer",
                "Parallel Aware": true,
                "Join Type": "Inner",
                "Startup Cost": 2489647.08,
                "Total Cost": 2737584.38,
                "Plan Rows": 24420376,
                "Plan Width": 0,
                "Actual Startup Time": 19899.363,
                "Actual Total Time": 24811.066,
                "Actual Rows": 67844708,
                "Actual Loops": 2,
                "Inner Unique": false,
                "Hash Cond": "(mk.movie_id = t.id)",
                "Plans": [
                  {
                    "Node Type": "Seq Scan",
                    "Parent Relationship": "Outer",
                    "Parallel Aware": true,
                    "Relation Name": "movie_keyword",
                    "Alias": "mk",
                    "Startup Cost": 0.0,
                    "Total Cost": 51065.35,
                    "Plan Rows": 2661135,
                    "Plan Width": 4,
                    "Actual Startup Time": 0.023,
                    "Actual Total Time": 161.669,
                    "Actual Rows": 2261965,
                    "Actual Loops": 2
                  },
                  {
                    "Node Type": "Hash",
                    "Parent Relationship": "Inner",
                    "Parallel Aware": true,
                    "Startup Cost": 2319049.1,
                    "Total Cost": 2319049.1,
                    "Plan Rows": 13647838,
                    "Plan Width": 8,
                    "Actual Startup Time": 19791.882,
                    "Actual Total Time": 19791.884,
                    "Actual Rows": 11679552,
                    "Actual Loops": 2,
                    "Hash Buckets": 33554432,
                    "Original Hash Buckets": 33554432,
                    "Hash Batches": 1,
                    "Original Hash Batches": 1,
                    "Peak Memory Usage": 1175968,
                    "Plans": [
                      {
                        "Node Type": "Merge Join",
                        "Parent Relationship": "Outer",
                        "Parallel Aware": false,
                        "Join Type": "Inner",
                        "Startup Cost": 44.74,
                        "Total Cost": 2319049.1,
                        "Plan Rows": 13647838,
                        "Plan Width": 8,
                        "Actual Startup Time": 0.41,
                        "Actual Total Time": 17458.07,
                        "Actual Rows": 11679552,
                        "Actual Loops": 2,
                        "Inner Unique": true,
                        "Merge Cond": "(ci.movie_id = t.id)",
                        "Plans": [
                          {
                            "Node Type": "Index Scan",
                            "Parent Relationship": "Outer",
                            "Parallel Aware": true,
                            "Scan Direction": "Forward",
                            "Index Name": "movie_id_cast_info",
                            "Relation Name": "cast_info",
                            "Alias": "ci",
                            "Startup Cost": 0.56,
                            "Total Cost": 2031898.13,
                            "Plan Rows": 13647838,
                            "Plan Width": 4,
                            "Actual Startup Time": 0.168,
                            "Actual Total Time": 14497.65,
                            "Actual Rows": 11679552,
                            "Actual Loops": 2,
                            "Filter": "((person_id > 86265) AND (role_id > 1))",
                            "Rows Removed by Filter": 6442620
                          },
                          {
                            "Node Type": "Index Only Scan",
                            "Parent Relationship": "Inner",
                            "Parallel Aware": false,
                            "Scan Direction": "Forward",
                            "Index Name": "title_pkey",
                            "Relation Name": "title",
                            "Alias": "t",
                            "Startup Cost": 0.43,
                            "Total Cost": 110339.97,
                            "Plan Rows": 2528293,
                            "Plan Width": 4,
                            "Actual Startup Time": 0.135,
                            "Actual Total Time": 1584.947,
                            "Actual Rows": 2525963,
                            "Actual Loops": 2,
                            "Heap Fetches": 5051926
                          }
                        ]
                      }
                    ]
                  }
                ]
              }
            ]
          }
        ]
      }
    ]
  },
  "Planning Time": 1.001,
  "Triggers": [],
  "Execution Time": 27754.154
}