[
  {
    "Plan": {
      "Node Type": "Aggregate",
      "Strategy": "Plain",
      "Partial Mode": "Finalize",
      "Parallel Aware": false,
      "Startup Cost": 350769.77,
      "Total Cost": 350769.78,
      "Plan Rows": 1,
      "Plan Width": 8,
      "Actual Startup Time": 792.333,
      "Actual Total Time": 837.648,
      "Actual Rows": 1,
      "Actual Loops": 1,
      "Plans": [
        {
          "Node Type": "Gather",
          "Parent Relationship": "Outer",
          "Parallel Aware": false,
          "Startup Cost": 350769.14,
          "Total Cost": 350769.75,
          "Plan Rows": 6,
          "Plan Width": 8,
          "Actual Startup Time": 792.127,
          "Actual Total Time": 837.637,
          "Actual Rows": 7,
          "Actual Loops": 1,
          "Workers Planned": 6,
          "Workers Launched": 6,
          "Single Copy": false,
          "Plans": [
            {
              "Node Type": "Aggregate",
              "Strategy": "Plain",
              "Partial Mode": "Partial",
              "Parent Relationship": "Outer",
              "Parallel Aware": false,
              "Startup Cost": 349769.14,
              "Total Cost": 349769.15,
              "Plan Rows": 1,
              "Plan Width": 8,
              "Actual Startup Time": 784.785,
              "Actual Total Time": 784.787,
              "Actual Rows": 1,
              "Actual Loops": 7,
              "Plans": [
                {
                  "Node Type": "Seq Scan",
                  "Parent Relationship": "Outer",
                  "Parallel Aware": true,
                  "Relation Name": "cast_info",
                  "Alias": "ci",
                  "Startup Cost": 0.0,
                  "Total Cost": 343316.27,
                  "Plan Rows": 2581148,
                  "Plan Width": 0,
                  "Actual Startup Time": 214.62,
                  "Actual Total Time": 689.734,
                  "Actual Rows": 1922412,
                  "Actual Loops": 7,
                  "Filter": "((person_id > 1605890) AND (role_id < 6))",
                  "Rows Removed by Filter": 3255351
                }
              ]
            }
          ]
        }
      ]
    },
    "Planning Time": 0.114,
    "Triggers": [],
    "Execution Time": 837.69
  }
]