[
  {
    "Plan": {
      "Node Type": "Aggregate",
      "Strategy": "Plain",
      "Partial Mode": "Finalize",
      "Parallel Aware": false,
      "Startup Cost": 350617.57,
      "Total Cost": 350617.58,
      "Plan Rows": 1,
      "Plan Width": 8,
      "Actual Startup Time": 748.312,
      "Actual Total Time": 809.713,
      "Actual Rows": 1,
      "Actual Loops": 1,
      "Plans": [
        {
          "Node Type": "Gather",
          "Parent Relationship": "Outer",
          "Parallel Aware": false,
          "Startup Cost": 350616.95,
          "Total Cost": 350617.56,
          "Plan Rows": 6,
          "Plan Width": 8,
          "Actual Startup Time": 748.187,
          "Actual Total Time": 809.702,
          "Actual Rows": 7,
          "Actual Loops": 1,
          "Workers Planned": 6,
          "Workers Launched": 6,
          "Single Copy": false,
          "Plans": [
            {
              "Node Type": "Aggregate",
              "Strategy": "Plain",
              "Partial Mode": "Partial",
              "Parent Relationship": "Outer",
              "Parallel Aware": false,
              "Startup Cost": 349616.95,
              "Total Cost": 349616.96,
              "Plan Rows": 1,
              "Plan Width": 8,
              "Actual Startup Time": 738.655,
              "Actual Total Time": 738.656,
              "Actual Rows": 1,
              "Actual Loops": 7,
              "Plans": [
                {
                  "Node Type": "Seq Scan",
                  "Parent Relationship": "Outer",
                  "Parallel Aware": true,
                  "Relation Name": "cast_info",
                  "Alias": "ci",
                  "Startup Cost": 0.0,
                  "Total Cost": 343257.03,
                  "Plan Rows": 2543968,
                  "Plan Width": 0,
                  "Actual Startup Time": 202.673,
                  "Actual Total Time": 659.12,
                  "Actual Rows": 1922412,
                  "Actual Loops": 7,
                  "Filter": "((person_id > 1605890) AND (role_id < 6))",
                  "Rows Removed by Filter": 3255351
                }
              ]
            }
          ]
        }
      ]
    },
    "Planning Time": 0.229,
    "Triggers": [],
    "Execution Time": 809.792
  }
]