[
  {
    "Plan": {
      "Node Type": "Aggregate",
      "Strategy": "Plain",
      "Partial Mode": "Finalize",
      "Parallel Aware": false,
      "Startup Cost": 46272.77,
      "Total Cost": 46272.78,
      "Plan Rows": 1,
      "Plan Width": 8,
      "Actual Startup Time": 182.117,
      "Actual Total Time": 194.291,
      "Actual Rows": 1,
      "Actual Loops": 1,
      "Plans": [
        {
          "Node Type": "Gather",
          "Parent Relationship": "Outer",
          "Parallel Aware": false,
          "Startup Cost": 46272.45,
          "Total Cost": 46272.76,
          "Plan Rows": 3,
          "Plan Width": 8,
          "Actual Startup Time": 181.955,
          "Actual Total Time": 194.281,
          "Actual Rows": 4,
          "Actual Loops": 1,
          "Workers Planned": 3,
          "Workers Launched": 3,
          "Single Copy": false,
          "Plans": [
            {
              "Node Type": "Aggregate",
              "Strategy": "Plain",
              "Partial Mode": "Partial",
              "Parent Relationship": "Outer",
              "Parallel Aware": false,
              "Startup Cost": 45272.45,
              "Total Cost": 45272.46,
              "Plan Rows": 1,
              "Plan Width": 8,
              "Actual Startup Time": 177.506,
              "Actual Total Time": 177.508,
              "Actual Rows": 1,
              "Actual Loops": 4,
              "Plans": [
                {
                  "Node Type": "Seq Scan",
                  "Parent Relationship": "Outer",
                  "Parallel Aware": true,
                  "Relation Name": "movie_keyword",
                  "Alias": "mk",
                  "Startup Cost": 0.0,
                  "Total Cost": 42695.65,
                  "Plan Rows": 1030718,
                  "Plan Width": 0,
                  "Actual Startup Time": 0.034,
                  "Actual Total Time": 135.692,
                  "Actual Rows": 799155,
                  "Actual Loops": 4,
                  "Filter": "(keyword_id < 13009)",
                  "Rows Removed by Filter": 331827
                }
              ]
            }
          ]
        }
      ]
    },
    "Planning Time": 0.087,
    "Triggers": [],
    "Execution Time": 194.322
  }
]