[
    {
        "Bao": {
            "Bao prediction": 1009.528,
            "Bao recommended hint": "SET enable_nestloop TO off; "
        }
    },
    {
        "Plan": {
            "Node Type": "Aggregate",
            "Strategy": "Plain",
            "Partial Mode": "Finalize",
            "Parallel Aware": false,
            "Startup Cost": 202758.27,
            "Total Cost": 202758.28,
            "Plan Rows": 1,
            "Plan Width": 8,
            "Actual Startup Time": 189.865,
            "Actual Total Time": 197.461,
            "Actual Rows": 1,
            "Actual Loops": 1,
            "Output": [
                "count(*)"
            ],
            "Plans": [
                {
                    "Node Type": "Gather",
                    "Parent Relationship": "Outer",
                    "Parallel Aware": false,
                    "Startup Cost": 202757.85,
                    "Total Cost": 202758.26,
                    "Plan Rows": 4,
                    "Plan Width": 8,
                    "Actual Startup Time": 187.717,
                    "Actual Total Time": 197.45,
                    "Actual Rows": 5,
                    "Actual Loops": 1,
                    "Output": [
                        "(PARTIAL count(*))"
                    ],
                    "Workers Planned": 4,
                    "Workers Launched": 4,
                    "Single Copy": false,
                    "Plans": [
                        {
                            "Node Type": "Aggregate",
                            "Strategy": "Plain",
                            "Partial Mode": "Partial",
                            "Parent Relationship": "Outer",
                            "Parallel Aware": false,
                            "Startup Cost": 201757.85,
                            "Total Cost": 201757.86,
                            "Plan Rows": 1,
                            "Plan Width": 8,
                            "Actual Startup Time": 177.794,
                            "Actual Total Time": 177.799,
                            "Actual Rows": 1,
                            "Actual Loops": 5,
                            "Output": [
                                "PARTIAL count(*)"
                            ],
                            "Workers": [
                                {
                                    "Worker Number": 0,
                                    "Actual Startup Time": 175.418,
                                    "Actual Total Time": 175.423,
                                    "Actual Rows": 1,
                                    "Actual Loops": 1
                                },
                                {
                                    "Worker Number": 1,
                                    "Actual Startup Time": 175.493,
                                    "Actual Total Time": 175.498,
                                    "Actual Rows": 1,
                                    "Actual Loops": 1
                                },
                                {
                                    "Worker Number": 2,
                                    "Actual Startup Time": 175.489,
                                    "Actual Total Time": 175.494,
                                    "Actual Rows": 1,
                                    "Actual Loops": 1
                                },
                                {
                                    "Worker Number": 3,
                                    "Actual Startup Time": 175.819,
                                    "Actual Total Time": 175.824,
                                    "Actual Rows": 1,
                                    "Actual Loops": 1
                                }
                            ],
                            "Plans": [
                                {
                                    "Node Type": "Hash Join",
                                    "Parent Relationship": "Outer",
                                    "Parallel Aware": true,
                                    "Join Type": "Inner",
                                    "Startup Cost": 70475.98,
                                    "Total Cost": 201757.06,
                                    "Plan Rows": 313,
                                    "Plan Width": 0,
                                    "Actual Startup Time": 170.6,
                                    "Actual Total Time": 177.771,
                                    "Actual Rows": 192,
                                    "Actual Loops": 5,
                                    "Inner Unique": false,
                                    "Hash Cond": "(mi.movie_id = t.id)",
                                    "Workers": [
                                        {
                                            "Worker Number": 0,
                                            "Actual Startup Time": 168.083,
                                            "Actual Total Time": 175.396,
                                            "Actual Rows": 178,
                                            "Actual Loops": 1
                                        },
                                        {
                                            "Worker Number": 1,
                                            "Actual Startup Time": 168.389,
                                            "Actual Total Time": 175.463,
                                            "Actual Rows": 153,
                                            "Actual Loops": 1
                                        },
                                        {
                                            "Worker Number": 2,
                                            "Actual Startup Time": 168.236,
                                            "Actual Total Time": 175.466,
                                            "Actual Rows": 181,
                                            "Actual Loops": 1
                                        },
                                        {
                                            "Worker Number": 3,
                                            "Actual Startup Time": 168.735,
                                            "Actual Total Time": 175.792,
                                            "Actual Rows": 208,
                                            "Actual Loops": 1
                                        }
                                    ],
                                    "Plans": [
                                        {
                                            "Node Type": "Bitmap Heap Scan",
                                            "Parent Relationship": "Outer",
                                            "Parallel Aware": true,
                                            "Relation Name": "movie_info",
                                            "Schema": "public",
                                            "Alias": "mi",
                                            "Startup Cost": 1348.0,
                                            "Total Cost": 132558.45,
                                            "Plan Rows": 18567,
                                            "Plan Width": 4,
                                            "Actual Startup Time": 4.937,
                                            "Actual Total Time": 10.123,
                                            "Actual Rows": 13605,
                                            "Actual Loops": 5,
                                            "Output": [
                                                "mi.id",
                                                "mi.movie_id",
                                                "mi.info_type_id",
                                                "mi.info",
                                                "mi.note"
                                            ],
                                            "Recheck Cond": "(mi.info_type_id = 94)",
                                            "Rows Removed by Index Recheck": 0,
                                            "Exact Heap Blocks": 663,
                                            "Lossy Heap Blocks": 0,
                                            "Workers": [
                                                {
                                                    "Worker Number": 0,
                                                    "Actual Startup Time": 4.916,
                                                    "Actual Total Time": 10.228,
                                                    "Actual Rows": 12300,
                                                    "Actual Loops": 1
                                                },
                                                {
                                                    "Worker Number": 1,
                                                    "Actual Startup Time": 4.89,
                                                    "Actual Total Time": 10.153,
                                                    "Actual Rows": 12326,
                                                    "Actual Loops": 1
                                                },
                                                {
                                                    "Worker Number": 2,
                                                    "Actual Startup Time": 4.979,
                                                    "Actual Total Time": 10.191,
                                                    "Actual Rows": 12299,
                                                    "Actual Loops": 1
                                                },
                                                {
                                                    "Worker Number": 3,
                                                    "Actual Startup Time": 4.953,
                                                    "Actual Total Time": 10.299,
                                                    "Actual Rows": 11161,
                                                    "Actual Loops": 1
                                                }
                                            ],
                                            "Plans": [
                                                {
                                                    "Node Type": "Bitmap Index Scan",
                                                    "Parent Relationship": "Outer",
                                                    "Parallel Aware": false,
                                                    "Index Name": "info_type_id_movie_info",
                                                    "Startup Cost": 0.0,
                                                    "Total Cost": 1329.44,
                                                    "Plan Rows": 74267,
                                                    "Plan Width": 0,
                                                    "Actual Startup Time": 4.449,
                                                    "Actual Total Time": 4.45,
                                                    "Actual Rows": 68025,
                                                    "Actual Loops": 1,
                                                    "Index Cond": "(mi.info_type_id = 94)",
                                                    "Workers": [
                                                        {
                                                            "Worker Number": 0,
                                                            "Actual Startup Time": 4.449,
                                                            "Actual Total Time": 4.45,
                                                            "Actual Rows": 68025,
                                                            "Actual Loops": 1
                                                        }
                                                    ]
                                                }
                                            ]
                                        },
                                        {
                                            "Node Type": "Hash",
                                            "Parent Relationship": "Inner",
                                            "Parallel Aware": true,
                                            "Startup Cost": 68956.01,
                                            "Total Cost": 68956.01,
                                            "Plan Rows": 13757,
                                            "Plan Width": 8,
                                            "Actual Startup Time": 163.639,
                                            "Actual Total Time": 163.642,
                                            "Actual Rows": 12632,
                                            "Actual Loops": 5,
                                            "Output": [
                                                "t.id",
                                                "mc.movie_id"
                                            ],
                                            "Hash Buckets": 65536,
                                            "Original Hash Buckets": 65536,
                                            "Hash Batches": 1,
                                            "Original Hash Batches": 1,
                                            "Peak Memory Usage": 3040,
                                            "Workers": [
                                                {
                                                    "Worker Number": 0,
                                                    "Actual Startup Time": 162.015,
                                                    "Actual Total Time": 162.018,
                                                    "Actual Rows": 10951,
                                                    "Actual Loops": 1
                                                },
                                                {
                                                    "Worker Number": 1,
                                                    "Actual Startup Time": 162.016,
                                                    "Actual Total Time": 162.019,
                                                    "Actual Rows": 11260,
                                                    "Actual Loops": 1
                                                },
                                                {
                                                    "Worker Number": 2,
                                                    "Actual Startup Time": 162.126,
                                                    "Actual Total Time": 162.129,
                                                    "Actual Rows": 11149,
                                                    "Actual Loops": 1
                                                },
                                                {
                                                    "Worker Number": 3,
                                                    "Actual Startup Time": 162.438,
                                                    "Actual Total Time": 162.44,
                                                    "Actual Rows": 10985,
                                                    "Actual Loops": 1
                                                }
                                            ],
                                            "Plans": [
                                                {
                                                    "Node Type": "Hash Join",
                                                    "Parent Relationship": "Outer",
                                                    "Parallel Aware": true,
                                                    "Join Type": "Inner",
                                                    "Startup Cost": 38872.62,
                                                    "Total Cost": 68956.01,
                                                    "Plan Rows": 13757,
                                                    "Plan Width": 8,
                                                    "Actual Startup Time": 71.807,
                                                    "Actual Total Time": 158.824,
                                                    "Actual Rows": 12632,
                                                    "Actual Loops": 5,
                                                    "Output": [
                                                        "t.id",
                                                        "mc.movie_id"
                                                    ],
                                                    "Inner Unique": true,
                                                    "Hash Cond": "(mc.movie_id = t.id)",
                                                    "Workers": [
                                                        {
                                                            "Worker Number": 0,
                                                            "Actual Startup Time": 70.119,
                                                            "Actual Total Time": 157.49,
                                                            "Actual Rows": 10951,
                                                            "Actual Loops": 1
                                                        },
                                                        {
                                                            "Worker Number": 1,
                                                            "Actual Startup Time": 70.243,
                                                            "Actual Total Time": 157.56,
                                                            "Actual Rows": 11260,
                                                            "Actual Loops": 1
                                                        },
                                                        {
                                                            "Worker Number": 2,
                                                            "Actual Startup Time": 70.258,
                                                            "Actual Total Time": 156.618,
                                                            "Actual Rows": 11149,
                                                            "Actual Loops": 1
                                                        },
                                                        {
                                                            "Worker Number": 3,
                                                            "Actual Startup Time": 70.577,
                                                            "Actual Total Time": 157.827,
                                                            "Actual Rows": 10985,
                                                            "Actual Loops": 1
                                                        }
                                                    ],
                                                    "Plans": [
                                                        {
                                                            "Node Type": "Seq Scan",
                                                            "Parent Relationship": "Outer",
                                                            "Parallel Aware": true,
                                                            "Relation Name": "movie_companies",
                                                            "Schema": "public",
                                                            "Alias": "mc",
                                                            "Startup Cost": 0.0,
                                                            "Total Cost": 29310.68,
                                                            "Plan Rows": 294364,
                                                            "Plan Width": 4,
                                                            "Actual Startup Time": 10.294,
                                                            "Actual Total Time": 64.992,
                                                            "Actual Rows": 183377,
                                                            "Actual Loops": 5,
                                                            "Output": [
                                                                "mc.id",
                                                                "mc.movie_id",
                                                                "mc.company_id",
                                                                "mc.company_type_id",
                                                                "mc.note"
                                                            ],
                                                            "Filter": "(mc.company_id > 20380)",
                                                            "Rows Removed by Filter": 338449,
                                                            "Workers": [
                                                                {
                                                                    "Worker Number": 0,
                                                                    "Actual Startup Time": 10.28,
                                                                    "Actual Total Time": 65.965,
                                                                    "Actual Rows": 162846,
                                                                    "Actual Loops": 1
                                                                },
                                                                {
                                                                    "Worker Number": 1,
                                                                    "Actual Startup Time": 10.298,
                                                                    "Actual Total Time": 65.856,
                                                                    "Actual Rows": 163366,
                                                                    "Actual Loops": 1
                                                                },
                                                                {
                                                                    "Worker Number": 2,
                                                                    "Actual Startup Time": 10.317,
                                                                    "Actual Total Time": 65.265,
                                                                    "Actual Rows": 161090,
                                                                    "Actual Loops": 1
                                                                },
                                                                {
                                                                    "Worker Number": 3,
                                                                    "Actual Startup Time": 10.298,
                                                                    "Actual Total Time": 66.023,
                                                                    "Actual Rows": 156565,
                                                                    "Actual Loops": 1
                                                                }
                                                            ]
                                                        },
                                                        {
                                                            "Node Type": "Hash",
                                                            "Parent Relationship": "Inner",
                                                            "Parallel Aware": true,
                                                            "Startup Cost": 38503.39,
                                                            "Total Cost": 38503.39,
                                                            "Plan Rows": 29539,
                                                            "Plan Width": 4,
                                                            "Actual Startup Time": 60.972,
                                                            "Actual Total Time": 60.974,
                                                            "Actual Rows": 23647,
                                                            "Actual Loops": 5,
                                                            "Output": [
                                                                "t.id"
                                                            ],
                                                            "Hash Buckets": 131072,
                                                            "Original Hash Buckets": 131072,
                                                            "Hash Batches": 1,
                                                            "Original Hash Batches": 1,
                                                            "Peak Memory Usage": 5760,
                                                            "Workers": [
                                                                {
                                                                    "Worker Number": 0,
                                                                    "Actual Startup Time": 59.758,
                                                                    "Actual Total Time": 59.759,
                                                                    "Actual Rows": 14868,
                                                                    "Actual Loops": 1
                                                                },
                                                                {
                                                                    "Worker Number": 1,
                                                                    "Actual Startup Time": 59.86,
                                                                    "Actual Total Time": 59.861,
                                                                    "Actual Rows": 15554,
                                                                    "Actual Loops": 1
                                                                },
                                                                {
                                                                    "Worker Number": 2,
                                                                    "Actual Startup Time": 59.875,
                                                                    "Actual Total Time": 59.877,
                                                                    "Actual Rows": 15608,
                                                                    "Actual Loops": 1
                                                                },
                                                                {
                                                                    "Worker Number": 3,
                                                                    "Actual Startup Time": 60.196,
                                                                    "Actual Total Time": 60.197,
                                                                    "Actual Rows": 15073,
                                                                    "Actual Loops": 1
                                                                }
                                                            ],
                                                            "Plans": [
                                                                {
                                                                    "Node Type": "Bitmap Heap Scan",
                                                                    "Parent Relationship": "Outer",
                                                                    "Parallel Aware": true,
                                                                    "Relation Name": "title",
                                                                    "Schema": "public",
                                                                    "Alias": "t",
                                                                    "Startup Cost": 2136.15,
                                                                    "Total Cost": 38503.39,
                                                                    "Plan Rows": 29539,
                                                                    "Plan Width": 4,
                                                                    "Actual Startup Time": 15.961,
                                                                    "Actual Total Time": 50.295,
                                                                    "Actual Rows": 23647,
                                                                    "Actual Loops": 5,
                                                                    "Output": [
                                                                        "t.id"
                                                                    ],
                                                                    "Recheck Cond": "(t.kind_id = 4)",
                                                                    "Rows Removed by Index Recheck": 0,
                                                                    "Exact Heap Blocks": 6224,
                                                                    "Lossy Heap Blocks": 0,
                                                                    "Workers": [
                                                                        {
                                                                            "Worker Number": 0,
                                                                            "Actual Startup Time": 14.889,
                                                                            "Actual Total Time": 49.657,
                                                                            "Actual Rows": 14868,
                                                                            "Actual Loops": 1
                                                                        },
                                                                        {
                                                                            "Worker Number": 1,
                                                                            "Actual Startup Time": 14.93,
                                                                            "Actual Total Time": 50.259,
                                                                            "Actual Rows": 15554,
                                                                            "Actual Loops": 1
                                                                        },
                                                                        {
                                                                            "Worker Number": 2,
                                                                            "Actual Startup Time": 14.828,
                                                                            "Actual Total Time": 50.401,
                                                                            "Actual Rows": 15608,
                                                                            "Actual Loops": 1
                                                                        },
                                                                        {
                                                                            "Worker Number": 3,
                                                                            "Actual Startup Time": 15.202,
                                                                            "Actual Total Time": 50.822,
                                                                            "Actual Rows": 15073,
                                                                            "Actual Loops": 1
                                                                        }
                                                                    ],
                                                                    "Plans": [
                                                                        {
                                                                            "Node Type": "Bitmap Index Scan",
                                                                            "Parent Relationship": "Outer",
                                                                            "Parallel Aware": false,
                                                                            "Index Name": "kind_id_title",
                                                                            "Startup Cost": 0.0,
                                                                            "Total Cost": 2106.61,
                                                                            "Plan Rows": 118157,
                                                                            "Plan Width": 0,
                                                                            "Actual Startup Time": 16.272,
                                                                            "Actual Total Time": 16.273,
                                                                            "Actual Rows": 118234,
                                                                            "Actual Loops": 1,
                                                                            "Index Cond": "(t.kind_id = 4)"
                                                                        }
                                                                    ]
                                                                }
                                                            ]
                                                        }
                                                    ]
                                                }
                                            ]
                                        }
                                    ]
                                }
                            ]
                        }
                    ]
                }
            ]
        },
        "Planning Time": 1010.533,
        "Triggers": [],
        "Execution Time": 197.626
    }
]