[
    {
        "Bao": {
            "Bao prediction": "NaN",
            "Bao recommended hint": "(no hint)"
        }
    },
    {
        "Plan": {
            "Node Type": "Aggregate",
            "Strategy": "Plain",
            "Partial Mode": "Finalize",
            "Parallel Aware": false,
            "Startup Cost": 25427.28,
            "Total Cost": 25427.29,
            "Plan Rows": 1,
            "Plan Width": 8,
            "Actual Startup Time": 55.622,
            "Actual Total Time": 59.553,
            "Actual Rows": 1,
            "Actual Loops": 1,
            "Output": [
                "count(*)"
            ],
            "Plans": [
                {
                    "Node Type": "Gather",
                    "Parent Relationship": "Outer",
                    "Parallel Aware": false,
                    "Startup Cost": 25426.97,
                    "Total Cost": 25427.28,
                    "Plan Rows": 3,
                    "Plan Width": 8,
                    "Actual Startup Time": 55.443,
                    "Actual Total Time": 59.544,
                    "Actual Rows": 4,
                    "Actual Loops": 1,
                    "Output": [
                        "(PARTIAL count(*))"
                    ],
                    "Workers Planned": 3,
                    "Workers Launched": 3,
                    "Single Copy": false,
                    "Plans": [
                        {
                            "Node Type": "Aggregate",
                            "Strategy": "Plain",
                            "Partial Mode": "Partial",
                            "Parent Relationship": "Outer",
                            "Parallel Aware": false,
                            "Startup Cost": 24426.97,
                            "Total Cost": 24426.98,
                            "Plan Rows": 1,
                            "Plan Width": 8,
                            "Actual Startup Time": 46.875,
                            "Actual Total Time": 46.876,
                            "Actual Rows": 1,
                            "Actual Loops": 4,
                            "Output": [
                                "PARTIAL count(*)"
                            ],
                            "Workers": [
                                {
                                    "Worker Number": 0,
                                    "Actual Startup Time": 44.058,
                                    "Actual Total Time": 44.06,
                                    "Actual Rows": 1,
                                    "Actual Loops": 1
                                },
                                {
                                    "Worker Number": 1,
                                    "Actual Startup Time": 44.169,
                                    "Actual Total Time": 44.171,
                                    "Actual Rows": 1,
                                    "Actual Loops": 1
                                },
                                {
                                    "Worker Number": 2,
                                    "Actual Startup Time": 44.231,
                                    "Actual Total Time": 44.232,
                                    "Actual Rows": 1,
                                    "Actual Loops": 1
                                }
                            ],
                            "Plans": [
                                {
                                    "Node Type": "Bitmap Heap Scan",
                                    "Parent Relationship": "Outer",
                                    "Parallel Aware": true,
                                    "Relation Name": "movie_companies",
                                    "Schema": "public",
                                    "Alias": "mc",
                                    "Startup Cost": 4608.19,
                                    "Total Cost": 24255.5,
                                    "Plan Rows": 68585,
                                    "Plan Width": 0,
                                    "Actual Startup Time": 11.772,
                                    "Actual Total Time": 41.766,
                                    "Actual Rows": 54241,
                                    "Actual Loops": 4,
                                    "Recheck Cond": "(mc.company_id > 108753)",
                                    "Rows Removed by Index Recheck": 0,
                                    "Exact Heap Blocks": 2287,
                                    "Lossy Heap Blocks": 0,
                                    "Workers": [
                                        {
                                            "Worker Number": 0,
                                            "Actual Startup Time": 9.044,
                                            "Actual Total Time": 39.599,
                                            "Actual Rows": 34298,
                                            "Actual Loops": 1
                                        },
                                        {
                                            "Worker Number": 1,
                                            "Actual Startup Time": 9.113,
                                            "Actual Total Time": 39.738,
                                            "Actual Rows": 33937,
                                            "Actual Loops": 1
                                        },
                                        {
                                            "Worker Number": 2,
                                            "Actual Startup Time": 9.228,
                                            "Actual Total Time": 39.722,
                                            "Actual Rows": 38227,
                                            "Actual Loops": 1
                                        }
                                    ],
                                    "Plans": [
                                        {
                                            "Node Type": "Bitmap Index Scan",
                                            "Parent Relationship": "Outer",
                                            "Parallel Aware": false,
                                            "Index Name": "company_id_movie_companies",
                                            "Startup Cost": 0.0,
                                            "Total Cost": 4555.03,
                                            "Plan Rows": 212614,
                                            "Plan Width": 0,
                                            "Actual Startup Time": 18.607,
                                            "Actual Total Time": 18.608,
                                            "Actual Rows": 216964,
                                            "Actual Loops": 1,
                                            "Index Cond": "(mc.company_id > 108753)"
                                        }
                                    ]
                                }
                            ]
                        }
                    ]
                }
            ]
        },
        "Planning Time": 306.971,
        "Triggers": [],
        "Execution Time": 59.631
    }
]