[
  {
    "Plan": {
      "Node Type": "Aggregate",
      "Strategy": "Plain",
      "Partial Mode": "Finalize",
      "Parallel Aware": false,
      "Startup Cost": 79446.75,
      "Total Cost": 79446.76,
      "Plan Rows": 1,
      "Plan Width": 8,
      "Actual Startup Time": 196.173,
      "Actual Total Time": 209.017,
      "Actual Rows": 1,
      "Actual Loops": 1,
      "Plans": [
        {
          "Node Type": "Gather",
          "Parent Relationship": "Outer",
          "Parallel Aware": false,
          "Startup Cost": 79446.33,
          "Total Cost": 79446.74,
          "Plan Rows": 4,
          "Plan Width": 8,
          "Actual Startup Time": 195.171,
          "Actual Total Time": 209.01,
          "Actual Rows": 5,
          "Actual Loops": 1,
          "Workers Planned": 4,
          "Workers Launched": 4,
          "Single Copy": false,
          "Plans": [
            {
              "Node Type": "Aggregate",
              "Strategy": "Plain",
              "Partial Mode": "Partial",
              "Parent Relationship": "Outer",
              "Parallel Aware": false,
              "Startup Cost": 78446.33,
              "Total Cost": 78446.34,
              "Plan Rows": 1,
              "Plan Width": 8,
              "Actual Startup Time": 192.096,
              "Actual Total Time": 192.099,
              "Actual Rows": 1,
              "Actual Loops": 5,
              "Plans": [
                {
                  "Node Type": "Hash Join",
                  "Parent Relationship": "Outer",
                  "Parallel Aware": true,
                  "Join Type": "Inner",
                  "Startup Cost": 32560.43,
                  "Total Cost": 78268.76,
                  "Plan Rows": 71028,
                  "Plan Width": 0,
                  "Actual Startup Time": 63.798,
                  "Actual Total Time": 190.405,
                  "Actual Rows": 28879,
                  "Actual Loops": 5,
                  "Inner Unique": false,
                  "Hash Cond": "(t.id = mc.movie_id)",
                  "Plans": [
                    {
                      "Node Type": "Seq Scan",
                      "Parent Relationship": "Outer",
                      "Parallel Aware": true,
                      "Relation Name": "title",
                      "Alias": "t",
                      "Startup Cost": 0.0,
                      "Total Cost": 42318.81,
                      "Plan Rows": 632080,
                      "Plan Width": 4,
                      "Actual Startup Time": 0.012,
                      "Actual Total Time": 59.743,
                      "Actual Rows": 505662,
                      "Actual Loops": 5
                    },
                    {
                      "Node Type": "Hash",
                      "Parent Relationship": "Inner",
                      "Parallel Aware": true,
                      "Startup Cost": 31414.82,
                      "Total Cost": 31414.82,
                      "Plan Rows": 91649,
                      "Plan Width": 4,
                      "Actual Startup Time": 62.579,
                      "Actual Total Time": 62.58,
                      "Actual Rows": 28879,
                      "Actual Loops": 5,
                      "Hash Buckets": 524288,
                      "Original Hash Buckets": 524288,
                      "Hash Batches": 1,
                      "Original Hash Batches": 1,
                      "Peak Memory Usage": 9824,
                      "Plans": [
                        {
                          "Node Type": "Seq Scan",
                          "Parent Relationship": "Outer",
                          "Parallel Aware": true,
                          "Relation Name": "movie_companies",
                          "Alias": "mc",
                          "Startup Cost": 0.0,
                          "Total Cost": 31414.82,
                          "Plan Rows": 91649,
                          "Plan Width": 4,
                          "Actual Startup Time": 27.701,
                          "Actual Total Time": 52.327,
                          "Actual Rows": 28879,
                          "Actual Loops": 5,
                          "Filter": "((company_id < 575) AND (company_type_id = 2))",
                          "Rows Removed by Filter": 492947
                        }
                      ]
                    }
                  ]
                }
              ]
            }
          ]
        }
      ]
    },
    "Planning Time": 0.258,
    "Triggers": [],
    "Execution Time": 209.05
  }
]