{
  "Plan": {
    "Node Type": "Aggregate",
    "Strategy": "Plain",
    "Partial Mode": "Finalize",
    "Parallel Aware": false,
    "Startup Cost": 109284.88,
    "Total Cost": 109284.89,
    "Plan Rows": 1,
    "Plan Width": 8,
    "Actual Startup Time": 465.992,
    "Actual Total Time": 482.199,
    "Actual Rows": 1,
    "Actual Loops": 1,
    "Plans": [
      {
        "Node Type": "Gather",
        "Parent Relationship": "Outer",
        "Parallel Aware": false,
        "Startup Cost": 109284.77,
        "Total Cost": 109284.88,
        "Plan Rows": 1,
        "Plan Width": 8,
        "Actual Startup Time": 464.17,
        "Actual Total Time": 482.188,
        "Actual Rows": 2,
        "Actual Loops": 1,
        "Workers Planned": 1,
        "Workers Launched": 1,
        "Single Copy": false,
        "Plans": [
          {
            "Node Type": "Aggregate",
            "Strategy": "Plain",
            "Partial Mode": "Partial",
            "Parent Relationship": "Outer",
            "Parallel Aware": false,
            "Startup Cost": 108284.77,
            "Total Cost": 108284.78,
            "Plan Rows": 1,
            "Plan Width": 8,
            "Actual Startup Time": 458.579,
            "Actual Total Time": 458.582,
            "Actual Rows": 1,
            "Actual Loops": 2,
            "Plans": [
              {
                "Node Type": "Hash Join",
                "Parent Relationship": "Outer",
                "Parallel Aware": true,
                "Join Type": "Inner",
                "Startup Cost": 65213.67,
                "Total Cost": 107955.61,
                "Plan Rows": 131664,
                "Plan Width": 0,
                "Actual Startup Time": 310.509,
                "Actual Total Time": 456.108,
                "Actual Rows": 61970,
                "Actual Loops": 2,
                "Inner Unique": true,
                "Hash Cond": "(mc.movie_id = t.id)",
                "Plans": [
                  {
                    "Node Type": "Seq Scan",
                    "Parent Relationship": "Outer",
                    "Parallel Aware": true,
                    "Relation Name": "movie_companies",
                    "Alias": "mc",
                    "Startup Cost": 0.0,
                    "Total Cost": 41811.73,
                    "Plan Rows": 354368,
                    "Plan Width": 4,
                    "Actual Startup Time": 47.816,
                    "Actual Total Time": 108.364,
                    "Actual Rows": 439720,
                    "Actual Loops": 2,
                    "Filter": "((company_id > 12505) AND (company_type_id = 2))",
                    "Rows Removed by Filter": 864845
                  },
                  {
                    "Node Type": "Hash",
                    "Parent Relationship": "Inner",
                    "Parallel Aware": true,
                    "Startup Cost": 58306.47,
                    "Total Cost": 58306.47,
                    "Plan Rows": 552576,
                    "Plan Width": 4,
                    "Actual Startup Time": 253.481,
                    "Actual Total Time": 253.482,
                    "Actual Rows": 438018,
                    "Actual Loops": 2,
                    "Hash Buckets": 1048576,
                    "Original Hash Buckets": 1048576,
                    "Hash Batches": 1,
                    "Original Hash Batches": 1,
                    "Peak Memory Usage": 42496,
                    "Plans": [
                      {
                        "Node Type": "Seq Scan",
                        "Parent Relationship": "Outer",
                        "Parallel Aware": true,
                        "Relation Name": "title",
                        "Alias": "t",
                        "Startup Cost": 0.0,
                        "Total Cost": 58306.47,
                        "Plan Rows": 552576,
                        "Plan Width": 4,
                        "Actual Startup Time": 0.052,
                        "Actual Total Time": 161.381,
                        "Actual Rows": 438018,
                        "Actual Loops": 2,
                        "Filter": "((production_year < 2007) AND (kind_id = 7))",
                        "Rows Removed by Filter": 826138
                      }
                    ]
                  }
                ]
              }
            ]
          }
        ]
      }
    ]
  },
  "Planning Time": 0.733,
  "Triggers": [],
  "Execution Time": 482.27
}