{
  "Plan": {
    "Node Type": "Aggregate",
    "Strategy": "Plain",
    "Partial Mode": "Finalize",
    "Parallel Aware": false,
    "Startup Cost": 780791.27,
    "Total Cost": 780791.28,
    "Plan Rows": 1,
    "Plan Width": 8,
    "Actual Startup Time": 4108.677,
    "Actual Total Time": 4167.1,
    "Actual Rows": 1,
    "Actual Loops": 1,
    "Plans": [
      {
        "Node Type": "Gather",
        "Parent Relationship": "Outer",
        "Parallel Aware": false,
        "Startup Cost": 780791.16,
        "Total Cost": 780791.27,
        "Plan Rows": 1,
        "Plan Width": 8,
        "Actual Startup Time": 4105.794,
        "Actual Total Time": 4167.086,
        "Actual Rows": 2,
        "Actual Loops": 1,
        "Workers Planned": 1,
        "Workers Launched": 1,
        "Single Copy": false,
        "Plans": [
          {
            "Node Type": "Aggregate",
            "Strategy": "Plain",
            "Partial Mode": "Partial",
            "Parent Relationship": "Outer",
            "Parallel Aware": false,
            "Startup Cost": 779791.16,
            "Total Cost": 779791.17,
            "Plan Rows": 1,
            "Plan Width": 8,
            "Actual Startup Time": 4099.973,
            "Actual Total Time": 4099.98,
            "Actual Rows": 1,
            "Actual Loops": 2,
            "Plans": [
              {
                "Node Type": "Hash Join",
                "Parent Relationship": "Outer",
                "Parallel Aware": true,
                "Join Type": "Inner",
                "Startup Cost": 469426.14,
                "Total Cost": 771202.21,
                "Plan Rows": 3435579,
                "Plan Width": 0,
                "Actual Startup Time": 1601.116,
                "Actual Total Time": 3896.737,
                "Actual Rows": 5015004,
                "Actual Loops": 2,
                "Inner Unique": false,
                "Hash Cond": "(mi.movie_id = t.id)",
                "Plans": [
                  {
                    "Node Type": "Seq Scan",
                    "Parent Relationship": "Outer",
                    "Parallel Aware": true,
                    "Relation Name": "movie_info",
                    "Alias": "mi",
                    "Startup Cost": 0.0,
                    "Total Cost": 248955.74,
                    "Plan Rows": 8696274,
                    "Plan Width": 4,
                    "Actual Startup Time": 0.013,
                    "Actual Total Time": 660.515,
                    "Actual Rows": 7417860,
                    "Actual Loops": 2
                  },
                  {
                    "Node Type": "Hash",
                    "Parent Relationship": "Inner",
                    "Parallel Aware": true,
                    "Startup Cost": 462081.75,
                    "Total Cost": 462081.75,
                    "Plan Rows": 587551,
                    "Plan Width": 8,
                    "Actual Startup Time": 1592.259,
                    "Actual Total Time": 1592.264,
                    "Actual Rows": 316572,
                    "Actual Loops": 2,
                    "Hash Buckets": 1048576,
                    "Original Hash Buckets": 1048576,
                    "Hash Batches": 1,
                    "Original Hash Batches": 1,
                    "Peak Memory Usage": 33024,
                    "Plans": [
                      {
                        "Node Type": "Hash Join",
                        "Parent Relationship": "Outer",
                        "Parallel Aware": true,
                        "Join Type": "Inner",
                        "Startup Cost": 60789.07,
                        "Total Cost": 462081.75,
                        "Plan Rows": 587551,
                        "Plan Width": 8,
                        "Actual Startup Time": 299.148,
                        "Actual Total Time": 1484.541,
                        "Actual Rows": 316572,
                        "Actual Loops": 2,
                        "Inner Unique": true,
                        "Hash Cond": "(ci.movie_id = t.id)",
                        "Plans": [
                          {
                            "Node Type": "Index Scan",
                            "Parent Relationship": "Outer",
                            "Parallel Aware": true,
                            "Scan Direction": "Forward",
                            "Index Name": "role_id_cast_info",
                            "Relation Name": "cast_info",
                            "Alias": "ci",
                            "Startup Cost": 0.56,
                            "Total Cost": 396668.75,
                            "Plan Rows": 1761708,
                            "Plan Width": 4,
                            "Actual Startup Time": 0.105,
                            "Actual Total Time": 846.854,
                            "Actual Rows": 900720,
                            "Actual Loops": 2,
                            "Index Cond": "(role_id > 3)",
                            "Rows Removed by Index Recheck": 0,
                            "Filter": "(person_id < 878651)",
                            "Rows Removed by Filter": 5156102
                          },
                          {
                            "Node Type": "Hash",
                            "Parent Relationship": "Inner",
                            "Parallel Aware": true,
                            "Startup Cost": 54588.39,
                            "Total Cost": 54588.39,
                            "Plan Rows": 496009,
                            "Plan Width": 4,
                            "Actual Startup Time": 293.654,
                            "Actual Total Time": 293.656,
                            "Actual Rows": 424570,
                            "Actual Loops": 2,
                            "Hash Buckets": 1048576,
                            "Original Hash Buckets": 1048576,
                            "Hash Batches": 1,
                            "Original Hash Batches": 1,
                            "Peak Memory Usage": 41440,
                            "Plans": [
                              {
                                "Node Type": "Seq Scan",
                                "Parent Relationship": "Outer",
                                "Parallel Aware": true,
                                "Relation Name": "title",
                                "Alias": "t",
                                "Startup Cost": 0.0,
                                "Total Cost": 54588.39,
                                "Plan Rows": 496009,
                                "Plan Width": 4,
                                "Actual Startup Time": 0.031,
                                "Actual Total Time": 162.31,
                                "Actual Rows": 424570,
                                "Actual Loops": 2,
                                "Filter": "(production_year < 1996)",
                                "Rows Removed by Filter": 839586
                              }
                            ]
                          }
                        ]
                      }
                    ]
                  }
                ]
              }
            ]
          }
        ]
      }
    ]
  },
  "Planning Time": 0.95,
  "Triggers": [],
  "Execution Time": 4167.204
}