[
  {
    "Plan": {
      "Node Type": "Aggregate",
      "Strategy": "Plain",
      "Partial Mode": "Finalize",
      "Parallel Aware": false,
      "Startup Cost": 392014.94,
      "Total Cost": 392014.95,
      "Plan Rows": 1,
      "Plan Width": 8,
      "Actual Startup Time": 786.041,
      "Actual Total Time": 852.801,
      "Actual Rows": 1,
      "Actual Loops": 1,
      "Plans": [
        {
          "Node Type": "Gather",
          "Parent Relationship": "Outer",
          "Parallel Aware": false,
          "Startup Cost": 392014.32,
          "Total Cost": 392014.93,
          "Plan Rows": 6,
          "Plan Width": 8,
          "Actual Startup Time": 783.878,
          "Actual Total Time": 852.788,
          "Actual Rows": 7,
          "Actual Loops": 1,
          "Workers Planned": 6,
          "Workers Launched": 6,
          "Single Copy": false,
          "Plans": [
            {
              "Node Type": "Aggregate",
              "Strategy": "Plain",
              "Partial Mode": "Partial",
              "Parent Relationship": "Outer",
              "Parallel Aware": false,
              "Startup Cost": 391014.32,
              "Total Cost": 391014.33,
              "Plan Rows": 1,
              "Plan Width": 8,
              "Actual Startup Time": 773.496,
              "Actual Total Time": 773.5,
              "Actual Rows": 1,
              "Actual Loops": 7,
              "Plans": [
                {
                  "Node Type": "Hash Join",
                  "Parent Relationship": "Outer",
                  "Parallel Aware": true,
                  "Join Type": "Inner",
                  "Startup Cost": 46287.4,
                  "Total Cost": 390883.82,
                  "Plan Rows": 52200,
                  "Plan Width": 0,
                  "Actual Startup Time": 328.806,
                  "Actual Total Time": 772.499,
                  "Actual Rows": 18543,
                  "Actual Loops": 7,
                  "Inner Unique": true,
                  "Hash Cond": "(ci.movie_id = t.id)",
                  "Plans": [
                    {
                      "Node Type": "Seq Scan",
                      "Parent Relationship": "Outer",
                      "Parallel Aware": true,
                      "Relation Name": "cast_info",
                      "Alias": "ci",
                      "Startup Cost": 0.0,
                      "Total Cost": 343257.03,
                      "Plan Rows": 510244,
                      "Plan Width": 4,
                      "Actual Startup Time": 215.903,
                      "Actual Total Time": 611.847,
                      "Actual Rows": 189434,
                      "Actual Loops": 7,
                      "Filter": "((person_id < 465655) AND (role_id > 1))",
                      "Rows Removed by Filter": 4988329
                    },
                    {
                      "Node Type": "Hash",
                      "Parent Relationship": "Inner",
                      "Parallel Aware": true,
                      "Startup Cost": 45479.1,
                      "Total Cost": 45479.1,
                      "Plan Rows": 64664,
                      "Plan Width": 4,
                      "Actual Startup Time": 109.814,
                      "Actual Total Time": 109.815,
                      "Actual Rows": 38742,
                      "Actual Loops": 7,
                      "Hash Buckets": 524288,
                      "Original Hash Buckets": 262144,
                      "Hash Batches": 1,
                      "Original Hash Batches": 1,
                      "Peak Memory Usage": 16832,
                      "Plans": [
                        {
                          "Node Type": "Seq Scan",
                          "Parent Relationship": "Outer",
                          "Parallel Aware": true,
                          "Relation Name": "title",
                          "Alias": "t",
                          "Startup Cost": 0.0,
                          "Total Cost": 45479.1,
                          "Plan Rows": 64664,
                          "Plan Width": 4,
                          "Actual Startup Time": 0.033,
                          "Actual Total Time": 79.103,
                          "Actual Rows": 38742,
                          "Actual Loops": 7,
                          "Filter": "((kind_id > 3) AND (production_year > 2010))",
                          "Rows Removed by Filter": 322445
                        }
                      ]
                    }
                  ]
                }
              ]
            }
          ]
        }
      ]
    },
    "Planning Time": 0.678,
    "Triggers": [],
    "Execution Time": 852.892
  }
]