[
  {
    "Plan": {
      "Node Type": "Aggregate",
      "Strategy": "Plain",
      "Partial Mode": "Finalize",
      "Parallel Aware": false,
      "Startup Cost": 301261.95,
      "Total Cost": 301261.96,
      "Plan Rows": 1,
      "Plan Width": 8,
      "Actual Startup Time": 408.893,
      "Actual Total Time": 427.459,
      "Actual Rows": 1,
      "Actual Loops": 1,
      "Plans": [
        {
          "Node Type": "Gather",
          "Parent Relationship": "Outer",
          "Parallel Aware": false,
          "Startup Cost": 301261.53,
          "Total Cost": 301261.94,
          "Plan Rows": 4,
          "Plan Width": 8,
          "Actual Startup Time": 407.747,
          "Actual Total Time": 427.45,
          "Actual Rows": 5,
          "Actual Loops": 1,
          "Workers Planned": 4,
          "Workers Launched": 4,
          "Single Copy": false,
          "Plans": [
            {
              "Node Type": "Aggregate",
              "Strategy": "Plain",
              "Partial Mode": "Partial",
              "Parent Relationship": "Outer",
              "Parallel Aware": false,
              "Startup Cost": 300261.53,
              "Total Cost": 300261.54,
              "Plan Rows": 1,
              "Plan Width": 8,
              "Actual Startup Time": 404.229,
              "Actual Total Time": 404.231,
              "Actual Rows": 1,
              "Actual Loops": 5,
              "Plans": [
                {
                  "Node Type": "Hash Join",
                  "Parent Relationship": "Outer",
                  "Parallel Aware": true,
                  "Join Type": "Inner",
                  "Startup Cost": 252301.06,
                  "Total Cost": 300123.9,
                  "Plan Rows": 55052,
                  "Plan Width": 0,
                  "Actual Startup Time": 292.046,
                  "Actual Total Time": 403.238,
                  "Actual Rows": 18664,
                  "Actual Loops": 5,
                  "Inner Unique": false,
                  "Hash Cond": "(t.id = ci.movie_id)",
                  "Plans": [
                    {
                      "Node Type": "Seq Scan",
                      "Parent Relationship": "Outer",
                      "Parallel Aware": true,
                      "Relation Name": "title",
                      "Alias": "t",
                      "Startup Cost": 0.0,
                      "Total Cost": 43899.01,
                      "Plan Rows": 383209,
                      "Plan Width": 4,
                      "Actual Startup Time": 0.01,
                      "Actual Total Time": 67.429,
                      "Actual Rows": 308653,
                      "Actual Loops": 5,
                      "Filter": "(kind_id = 7)",
                      "Rows Removed by Filter": 197010
                    },
                    {
                      "Node Type": "Hash",
                      "Parent Relationship": "Inner",
                      "Parallel Aware": true,
                      "Startup Cost": 251544.36,
                      "Total Cost": 251544.36,
                      "Plan Rows": 60536,
                      "Plan Width": 4,
                      "Actual Startup Time": 290.994,
                      "Actual Total Time": 290.995,
                      "Actual Rows": 37015,
                      "Actual Loops": 5,
                      "Hash Buckets": 524288,
                      "Original Hash Buckets": 524288,
                      "Hash Batches": 1,
                      "Original Hash Batches": 1,
                      "Peak Memory Usage": 11392,
                      "Plans": [
                        {
                          "Node Type": "Index Scan",
                          "Parent Relationship": "Outer",
                          "Parallel Aware": true,
                          "Scan Direction": "Forward",
                          "Index Name": "role_id_cast_info",
                          "Relation Name": "cast_info",
                          "Alias": "ci",
                          "Startup Cost": 0.56,
                          "Total Cost": 251544.36,
                          "Plan Rows": 60536,
                          "Plan Width": 4,
                          "Actual Startup Time": 0.057,
                          "Actual Total Time": 279.289,
                          "Actual Rows": 37015,
                          "Actual Loops": 5,
                          "Index Cond": "(role_id > 4)",
                          "Rows Removed by Index Recheck": 0,
                          "Filter": "(person_id < 143141)",
                          "Rows Removed by Filter": 1839925
                        }
                      ]
                    }
                  ]
                }
              ]
            }
          ]
        }
      ]
    },
    "Planning Time": 0.247,
    "Triggers": [],
    "Execution Time": 427.52
  }
]