{
    "Plan": {
        "Node Type": "Aggregate",
        "Strategy": "Plain",
        "Partial Mode": "Finalize",
        "Parallel Aware": false,
        "Startup Cost": 400954.72,
        "Total Cost": 400954.73,
        "Plan Rows": 1,
        "Plan Width": 8,
        "Actual Startup Time": 2620.591,
        "Actual Total Time": 2671.884,
        "Actual Rows": 1,
        "Actual Loops": 1,
        "Output": [
            "count(*)"
        ],
        "Plans": [
            {
                "Node Type": "Gather",
                "Parent Relationship": "Outer",
                "Parallel Aware": false,
                "Startup Cost": 400954.1,
                "Total Cost": 400954.71,
                "Plan Rows": 6,
                "Plan Width": 8,
                "Actual Startup Time": 2608.737,
                "Actual Total Time": 2671.875,
                "Actual Rows": 7,
                "Actual Loops": 1,
                "Output": [
                    "(PARTIAL count(*))"
                ],
                "Workers Planned": 6,
                "Workers Launched": 6,
                "Single Copy": false,
                "Plans": [
                    {
                        "Node Type": "Aggregate",
                        "Strategy": "Plain",
                        "Partial Mode": "Partial",
                        "Parent Relationship": "Outer",
                        "Parallel Aware": false,
                        "Startup Cost": 399954.1,
                        "Total Cost": 399954.11,
                        "Plan Rows": 1,
                        "Plan Width": 8,
                        "Actual Startup Time": 2592.794,
                        "Actual Total Time": 2592.797,
                        "Actual Rows": 1,
                        "Actual Loops": 7,
                        "Output": [
                            "PARTIAL count(*)"
                        ],
                        "Workers": [
                            {
                                "Worker Number": 0,
                                "Actual Startup Time": 2590.331,
                                "Actual Total Time": 2590.333,
                                "Actual Rows": 1,
                                "Actual Loops": 1
                            },
                            {
                                "Worker Number": 1,
                                "Actual Startup Time": 2590.18,
                                "Actual Total Time": 2590.183,
                                "Actual Rows": 1,
                                "Actual Loops": 1
                            },
                            {
                                "Worker Number": 2,
                                "Actual Startup Time": 2590.173,
                                "Actual Total Time": 2590.176,
                                "Actual Rows": 1,
                                "Actual Loops": 1
                            },
                            {
                                "Worker Number": 3,
                                "Actual Startup Time": 2590.166,
                                "Actual Total Time": 2590.17,
                                "Actual Rows": 1,
                                "Actual Loops": 1
                            },
                            {
                                "Worker Number": 4,
                                "Actual Startup Time": 2590.477,
                                "Actual Total Time": 2590.479,
                                "Actual Rows": 1,
                                "Actual Loops": 1
                            },
                            {
                                "Worker Number": 5,
                                "Actual Startup Time": 2590.413,
                                "Actual Total Time": 2590.415,
                                "Actual Rows": 1,
                                "Actual Loops": 1
                            }
                        ],
                        "Plans": [
                            {
                                "Node Type": "Hash Join",
                                "Parent Relationship": "Outer",
                                "Parallel Aware": true,
                                "Join Type": "Inner",
                                "Startup Cost": 48689.12,
                                "Total Cost": 391516.29,
                                "Plan Rows": 3375122,
                                "Plan Width": 0,
                                "Actual Startup Time": 218.703,
                                "Actual Total Time": 2473.61,
                                "Actual Rows": 2819777,
                                "Actual Loops": 7,
                                "Inner Unique": true,
                                "Hash Cond": "(ci.movie_id = t.id)",
                                "Workers": [
                                    {
                                        "Worker Number": 0,
                                        "Actual Startup Time": 216.422,
                                        "Actual Total Time": 2472.095,
                                        "Actual Rows": 2969373,
                                        "Actual Loops": 1
                                    },
                                    {
                                        "Worker Number": 1,
                                        "Actual Startup Time": 216.195,
                                        "Actual Total Time": 2476.592,
                                        "Actual Rows": 2815654,
                                        "Actual Loops": 1
                                    },
                                    {
                                        "Worker Number": 2,
                                        "Actual Startup Time": 216.423,
                                        "Actual Total Time": 2462.379,
                                        "Actual Rows": 2325386,
                                        "Actual Loops": 1
                                    },
                                    {
                                        "Worker Number": 3,
                                        "Actual Startup Time": 216.193,
                                        "Actual Total Time": 2478.354,
                                        "Actual Rows": 2766665,
                                        "Actual Loops": 1
                                    },
                                    {
                                        "Worker Number": 4,
                                        "Actual Startup Time": 216.466,
                                        "Actual Total Time": 2473.906,
                                        "Actual Rows": 2915813,
                                        "Actual Loops": 1
                                    },
                                    {
                                        "Worker Number": 5,
                                        "Actual Startup Time": 216.365,
                                        "Actual Total Time": 2477.418,
                                        "Actual Rows": 2801448,
                                        "Actual Loops": 1
                                    }
                                ],
                                "Plans": [
                                    {
                                        "Node Type": "Seq Scan",
                                        "Parent Relationship": "Outer",
                                        "Parallel Aware": true,
                                        "Relation Name": "cast_info",
                                        "Schema": "public",
                                        "Alias": "ci",
                                        "Startup Cost": 0.0,
                                        "Total Cost": 328213.62,
                                        "Plan Rows": 5567060,
                                        "Plan Width": 4,
                                        "Actual Startup Time": 31.269,
                                        "Actual Total Time": 639.391,
                                        "Actual Rows": 4763647,
                                        "Actual Loops": 7,
                                        "Output": [
                                            "ci.id",
                                            "ci.person_id",
                                            "ci.movie_id",
                                            "ci.person_role_id",
                                            "ci.note",
                                            "ci.nr_order",
                                            "ci.role_id"
                                        ],
                                        "Filter": "(ci.person_id > 281607)",
                                        "Rows Removed by Filter": 414117,
                                        "Workers": [
                                            {
                                                "Worker Number": 0,
                                                "Actual Startup Time": 31.244,
                                                "Actual Total Time": 653.238,
                                                "Actual Rows": 4993092,
                                                "Actual Loops": 1
                                            },
                                            {
                                                "Worker Number": 1,
                                                "Actual Startup Time": 31.261,
                                                "Actual Total Time": 649.496,
                                                "Actual Rows": 4756050,
                                                "Actual Loops": 1
                                            },
                                            {
                                                "Worker Number": 2,
                                                "Actual Startup Time": 31.279,
                                                "Actual Total Time": 685.384,
                                                "Actual Rows": 3934252,
                                                "Actual Loops": 1
                                            },
                                            {
                                                "Worker Number": 3,
                                                "Actual Startup Time": 31.248,
                                                "Actual Total Time": 644.399,
                                                "Actual Rows": 4670463,
                                                "Actual Loops": 1
                                            },
                                            {
                                                "Worker Number": 4,
                                                "Actual Startup Time": 31.35,
                                                "Actual Total Time": 649.274,
                                                "Actual Rows": 4934129,
                                                "Actual Loops": 1
                                            },
                                            {
                                                "Worker Number": 5,
                                                "Actual Startup Time": 31.261,
                                                "Actual Total Time": 646.963,
                                                "Actual Rows": 4740944,
                                                "Actual Loops": 1
                                            }
                                        ]
                                    },
                                    {
                                        "Node Type": "Hash",
                                        "Parent Relationship": "Inner",
                                        "Parallel Aware": true,
                                        "Startup Cost": 43899.01,
                                        "Total Cost": 43899.01,
                                        "Plan Rows": 383209,
                                        "Plan Width": 4,
                                        "Actual Startup Time": 182.266,
                                        "Actual Total Time": 182.267,
                                        "Actual Rows": 220466,
                                        "Actual Loops": 7,
                                        "Output": [
                                            "t.id"
                                        ],
                                        "Hash Buckets": 2097152,
                                        "Original Hash Buckets": 2097152,
                                        "Hash Batches": 1,
                                        "Original Hash Batches": 1,
                                        "Peak Memory Usage": 76896,
                                        "Workers": [
                                            {
                                                "Worker Number": 0,
                                                "Actual Startup Time": 184.253,
                                                "Actual Total Time": 184.254,
                                                "Actual Rows": 211494,
                                                "Actual Loops": 1
                                            },
                                            {
                                                "Worker Number": 1,
                                                "Actual Startup Time": 183.993,
                                                "Actual Total Time": 183.994,
                                                "Actual Rows": 211895,
                                                "Actual Loops": 1
                                            },
                                            {
                                                "Worker Number": 2,
                                                "Actual Startup Time": 183.873,
                                                "Actual Total Time": 183.873,
                                                "Actual Rows": 165478,
                                                "Actual Loops": 1
                                            },
                                            {
                                                "Worker Number": 3,
                                                "Actual Startup Time": 183.954,
                                                "Actual Total Time": 183.955,
                                                "Actual Rows": 212454,
                                                "Actual Loops": 1
                                            },
                                            {
                                                "Worker Number": 4,
                                                "Actual Startup Time": 184.491,
                                                "Actual Total Time": 184.492,
                                                "Actual Rows": 210809,
                                                "Actual Loops": 1
                                            },
                                            {
                                                "Worker Number": 5,
                                                "Actual Startup Time": 184.288,
                                                "Actual Total Time": 184.289,
                                                "Actual Rows": 215263,
                                                "Actual Loops": 1
                                            }
                                        ],
                                        "Plans": [
                                            {
                                                "Node Type": "Seq Scan",
                                                "Parent Relationship": "Outer",
                                                "Parallel Aware": true,
                                                "Relation Name": "title",
                                                "Schema": "public",
                                                "Alias": "t",
                                                "Startup Cost": 0.0,
                                                "Total Cost": 43899.01,
                                                "Plan Rows": 383209,
                                                "Plan Width": 4,
                                                "Actual Startup Time": 0.061,
                                                "Actual Total Time": 72.594,
                                                "Actual Rows": 220466,
                                                "Actual Loops": 7,
                                                "Output": [
                                                    "t.id"
                                                ],
                                                "Filter": "(t.kind_id > 6)",
                                                "Rows Removed by Filter": 140721,
                                                "Workers": [
                                                    {
                                                        "Worker Number": 0,
                                                        "Actual Startup Time": 0.072,
                                                        "Actual Total Time": 74.553,
                                                        "Actual Rows": 211494,
                                                        "Actual Loops": 1
                                                    },
                                                    {
                                                        "Worker Number": 1,
                                                        "Actual Startup Time": 0.065,
                                                        "Actual Total Time": 73.56,
                                                        "Actual Rows": 211895,
                                                        "Actual Loops": 1
                                                    },
                                                    {
                                                        "Worker Number": 2,
                                                        "Actual Startup Time": 0.073,
                                                        "Actual Total Time": 76.097,
                                                        "Actual Rows": 165478,
                                                        "Actual Loops": 1
                                                    },
                                                    {
                                                        "Worker Number": 3,
                                                        "Actual Startup Time": 0.066,
                                                        "Actual Total Time": 73.522,
                                                        "Actual Rows": 212454,
                                                        "Actual Loops": 1
                                                    },
                                                    {
                                                        "Worker Number": 4,
                                                        "Actual Startup Time": 0.07,
                                                        "Actual Total Time": 74.355,
                                                        "Actual Rows": 210809,
                                                        "Actual Loops": 1
                                                    },
                                                    {
                                                        "Worker Number": 5,
                                                        "Actual Startup Time": 0.068,
                                                        "Actual Total Time": 74.098,
                                                        "Actual Rows": 215263,
                                                        "Actual Loops": 1
                                                    }
                                                ]
                                            }
                                        ]
                                    }
                                ]
                            }
                        ]
                    }
                ]
            }
        ]
    },
    "Planning Time": 0.707,
    "Triggers": [],
    "Execution Time": 2671.965
}