[
  {
    "Plan": {
      "Node Type": "Aggregate",
      "Strategy": "Plain",
      "Partial Mode": "Finalize",
      "Parallel Aware": false,
      "Startup Cost": 47462.42,
      "Total Cost": 47462.43,
      "Plan Rows": 1,
      "Plan Width": 8,
      "Actual Startup Time": 114.845,
      "Actual Total Time": 129.101,
      "Actual Rows": 1,
      "Actual Loops": 1,
      "Plans": [
        {
          "Node Type": "Gather",
          "Parent Relationship": "Outer",
          "Parallel Aware": false,
          "Startup Cost": 47462.0,
          "Total Cost": 47462.41,
          "Plan Rows": 4,
          "Plan Width": 8,
          "Actual Startup Time": 114.593,
          "Actual Total Time": 129.093,
          "Actual Rows": 5,
          "Actual Loops": 1,
          "Workers Planned": 4,
          "Workers Launched": 4,
          "Single Copy": false,
          "Plans": [
            {
              "Node Type": "Aggregate",
              "Strategy": "Plain",
              "Partial Mode": "Partial",
              "Parent Relationship": "Outer",
              "Parallel Aware": false,
              "Startup Cost": 46462.0,
              "Total Cost": 46462.01,
              "Plan Rows": 1,
              "Plan Width": 8,
              "Actual Startup Time": 107.801,
              "Actual Total Time": 107.802,
              "Actual Rows": 1,
              "Actual Loops": 5,
              "Plans": [
                {
                  "Node Type": "Seq Scan",
                  "Parent Relationship": "Outer",
                  "Parallel Aware": true,
                  "Relation Name": "title",
                  "Alias": "t",
                  "Startup Cost": 0.0,
                  "Total Cost": 45479.1,
                  "Plan Rows": 393159,
                  "Plan Width": 0,
                  "Actual Startup Time": 0.031,
                  "Actual Total Time": 90.727,
                  "Actual Rows": 335932,
                  "Actual Loops": 5,
                  "Filter": "((kind_id > 1) AND (production_year > 1967))",
                  "Rows Removed by Filter": 169731
                }
              ]
            }
          ]
        }
      ]
    },
    "Planning Time": 0.159,
    "Triggers": [],
    "Execution Time": 129.154
  }
]