[
  {
    "Plan": {
      "Node Type": "Aggregate",
      "Strategy": "Plain",
      "Partial Mode": "Finalize",
      "Parallel Aware": false,
      "Startup Cost": 32770.98,
      "Total Cost": 32770.99,
      "Plan Rows": 1,
      "Plan Width": 8,
      "Actual Startup Time": 74.613,
      "Actual Total Time": 82.368,
      "Actual Rows": 1,
      "Actual Loops": 1,
      "Plans": [
        {
          "Node Type": "Gather",
          "Parent Relationship": "Outer",
          "Parallel Aware": false,
          "Startup Cost": 32770.66,
          "Total Cost": 32770.97,
          "Plan Rows": 3,
          "Plan Width": 8,
          "Actual Startup Time": 74.506,
          "Actual Total Time": 82.359,
          "Actual Rows": 4,
          "Actual Loops": 1,
          "Workers Planned": 3,
          "Workers Launched": 3,
          "Single Copy": false,
          "Plans": [
            {
              "Node Type": "Aggregate",
              "Strategy": "Plain",
              "Partial Mode": "Partial",
              "Parent Relationship": "Outer",
              "Parallel Aware": false,
              "Startup Cost": 31770.66,
              "Total Cost": 31770.67,
              "Plan Rows": 1,
              "Plan Width": 8,
              "Actual Startup Time": 70.472,
              "Actual Total Time": 70.474,
              "Actual Rows": 1,
              "Actual Loops": 4,
              "Plans": [
                {
                  "Node Type": "Seq Scan",
                  "Parent Relationship": "Outer",
                  "Parallel Aware": true,
                  "Relation Name": "movie_companies",
                  "Alias": "mc",
                  "Startup Cost": 0.0,
                  "Total Cost": 31414.82,
                  "Plan Rows": 142337,
                  "Plan Width": 0,
                  "Actual Startup Time": 19.294,
                  "Actual Total Time": 68.936,
                  "Actual Rows": 29278,
                  "Actual Loops": 4,
                  "Filter": "((company_id > 21812) AND (company_type_id = 1))",
                  "Rows Removed by Filter": 623004
                }
              ]
            }
          ]
        }
      ]
    },
    "Planning Time": 0.155,
    "Triggers": [],
    "Execution Time": 82.411
  }
]