{
  "Plan": {
    "Node Type": "Aggregate",
    "Strategy": "Plain",
    "Partial Mode": "Finalize",
    "Parallel Aware": false,
    "Startup Cost": 196493.24,
    "Total Cost": 196493.25,
    "Plan Rows": 1,
    "Plan Width": 8,
    "Actual Startup Time": 1602.338,
    "Actual Total Time": 1628.42,
    "Actual Rows": 1,
    "Actual Loops": 1,
    "Plans": [
      {
        "Node Type": "Gather",
        "Parent Relationship": "Outer",
        "Parallel Aware": false,
        "Startup Cost": 196493.13,
        "Total Cost": 196493.24,
        "Plan Rows": 1,
        "Plan Width": 8,
        "Actual Startup Time": 1595.933,
        "Actual Total Time": 1628.41,
        "Actual Rows": 2,
        "Actual Loops": 1,
        "Workers Planned": 1,
        "Workers Launched": 1,
        "Single Copy": false,
        "Plans": [
          {
            "Node Type": "Aggregate",
            "Strategy": "Plain",
            "Partial Mode": "Partial",
            "Parent Relationship": "Outer",
            "Parallel Aware": false,
            "Startup Cost": 195493.13,
            "Total Cost": 195493.14,
            "Plan Rows": 1,
            "Plan Width": 8,
            "Actual Startup Time": 1590.639,
            "Actual Total Time": 1590.645,
            "Actual Rows": 1,
            "Actual Loops": 2,
            "Plans": [
              {
                "Node Type": "Hash Join",
                "Parent Relationship": "Outer",
                "Parallel Aware": true,
                "Join Type": "Inner",
                "Startup Cost": 115607.98,
                "Total Cost": 193941.59,
                "Plan Rows": 620615,
                "Plan Width": 0,
                "Actual Startup Time": 740.454,
                "Actual Total Time": 1545.214,
                "Actual Rows": 1013538,
                "Actual Loops": 2,
                "Inner Unique": false,
                "Hash Cond": "(t.id = mc.movie_id)",
                "Plans": [
                  {
                    "Node Type": "Hash Join",
                    "Parent Relationship": "Outer",
                    "Parallel Aware": true,
                    "Join Type": "Inner",
                    "Startup Cost": 69460.7,
                    "Total Cost": 127511.54,
                    "Plan Rows": 2661135,
                    "Plan Width": 8,
                    "Actual Startup Time": 553.297,
                    "Actual Total Time": 1100.139,
                    "Actual Rows": 2261965,
                    "Actual Loops": 2,
                    "Inner Unique": true,
                    "Hash Cond": "(mk.movie_id = t.id)",
                    "Plans": [
                      {
                        "Node Type": "Seq Scan",
                        "Parent Relationship": "Outer",
                        "Parallel Aware": true,
                        "Relation Name": "movie_keyword",
                        "Alias": "mk",
                        "Startup Cost": 0.0,
                        "Total Cost": 51065.35,
                        "Plan Rows": 2661135,
                        "Plan Width": 4,
                        "Actual Startup Time": 0.007,
                        "Actual Total Time": 155.625,
                        "Actual Rows": 2261965,
                        "Actual Loops": 2
                      },
                      {
                        "Node Type": "Hash",
                        "Parent Relationship": "Inner",
                        "Parallel Aware": true,
                        "Startup Cost": 50870.31,
                        "Total Cost": 50870.31,
                        "Plan Rows": 1487231,
                        "Plan Width": 4,
                        "Actual Startup Time": 541.18,
                        "Actual Total Time": 541.181,
                        "Actual Rows": 1264156,
                        "Actual Loops": 2,
                        "Hash Buckets": 4194304,
                        "Original Hash Buckets": 4194304,
                        "Hash Batches": 1,
                        "Original Hash Batches": 1,
                        "Peak Memory Usage": 131712,
                        "Plans": [
                          {
                            "Node Type": "Seq Scan",
                            "Parent Relationship": "Outer",
                            "Parallel Aware": true,
                            "Relation Name": "title",
                            "Alias": "t",
                            "Startup Cost": 0.0,
                            "Total Cost": 50870.31,
                            "Plan Rows": 1487231,
                            "Plan Width": 4,
                            "Actual Startup Time": 0.016,
                            "Actual Total Time": 149.575,
                            "Actual Rows": 1264156,
                            "Actual Loops": 2
                          }
                        ]
                      }
                    ]
                  },
                  {
                    "Node Type": "Hash",
                    "Parent Relationship": "Inner",
                    "Parallel Aware": true,
                    "Startup Cost": 41811.73,
                    "Total Cost": 41811.73,
                    "Plan Rows": 346844,
                    "Plan Width": 4,
                    "Actual Startup Time": 178.034,
                    "Actual Total Time": 178.034,
                    "Actual Rows": 188886,
                    "Actual Loops": 2,
                    "Hash Buckets": 1048576,
                    "Original Hash Buckets": 1048576,
                    "Hash Batches": 1,
                    "Original Hash Batches": 1,
                    "Peak Memory Usage": 23008,
                    "Plans": [
                      {
                        "Node Type": "Seq Scan",
                        "Parent Relationship": "Outer",
                        "Parallel Aware": true,
                        "Relation Name": "movie_companies",
                        "Alias": "mc",
                        "Startup Cost": 0.0,
                        "Total Cost": 41811.73,
                        "Plan Rows": 346844,
                        "Plan Width": 4,
                        "Actual Startup Time": 66.917,
                        "Actual Total Time": 124.209,
                        "Actual Rows": 188886,
                        "Actual Loops": 2,
                        "Filter": "((company_id < 9365) AND (company_type_id = 2))",
                        "Rows Removed by Filter": 1115678
                      }
                    ]
                  }
                ]
              }
            ]
          }
        ]
      }
    ]
  },
  "Planning Time": 0.935,
  "Triggers": [],
  "Execution Time": 1628.5
}