[
  {
    "Plan": {
      "Node Type": "Aggregate",
      "Strategy": "Plain",
      "Partial Mode": "Finalize",
      "Parallel Aware": false,
      "Startup Cost": 27597.86,
      "Total Cost": 27597.87,
      "Plan Rows": 1,
      "Plan Width": 8,
      "Actual Startup Time": 70.014,
      "Actual Total Time": 74.014,
      "Actual Rows": 1,
      "Actual Loops": 1,
      "Plans": [
        {
          "Node Type": "Gather",
          "Parent Relationship": "Outer",
          "Parallel Aware": false,
          "Startup Cost": 27597.54,
          "Total Cost": 27597.85,
          "Plan Rows": 3,
          "Plan Width": 8,
          "Actual Startup Time": 69.846,
          "Actual Total Time": 74.008,
          "Actual Rows": 4,
          "Actual Loops": 1,
          "Workers Planned": 3,
          "Workers Launched": 3,
          "Single Copy": false,
          "Plans": [
            {
              "Node Type": "Aggregate",
              "Strategy": "Plain",
              "Partial Mode": "Partial",
              "Parent Relationship": "Outer",
              "Parallel Aware": false,
              "Startup Cost": 26597.54,
              "Total Cost": 26597.55,
              "Plan Rows": 1,
              "Plan Width": 8,
              "Actual Startup Time": 62.605,
              "Actual Total Time": 62.607,
              "Actual Rows": 1,
              "Actual Loops": 4,
              "Plans": [
                {
                  "Node Type": "Bitmap Heap Scan",
                  "Parent Relationship": "Outer",
                  "Parallel Aware": true,
                  "Relation Name": "movie_companies",
                  "Alias": "mc",
                  "Startup Cost": 6382.64,
                  "Total Cost": 26360.06,
                  "Plan Rows": 94993,
                  "Plan Width": 0,
                  "Actual Startup Time": 26.12,
                  "Actual Total Time": 56.977,
                  "Actual Rows": 71839,
                  "Actual Loops": 4,
                  "Recheck Cond": "(company_id > 95131)",
                  "Rows Removed by Index Recheck": 0,
                  "Exact Heap Blocks": 2766,
                  "Lossy Heap Blocks": 0,
                  "Plans": [
                    {
                      "Node Type": "Bitmap Index Scan",
                      "Parent Relationship": "Outer",
                      "Parallel Aware": false,
                      "Index Name": "company_id_movie_companies",
                      "Startup Cost": 0.0,
                      "Total Cost": 6309.02,
                      "Plan Rows": 294479,
                      "Plan Width": 0,
                      "Actual Startup Time": 31.673,
                      "Actual Total Time": 31.674,
                      "Actual Rows": 287355,
                      "Actual Loops": 1,
                      "Index Cond": "(company_id > 95131)"
                    }
                  ]
                }
              ]
            }
          ]
        }
      ]
    },
    "Planning Time": 0.199,
    "Triggers": [],
    "Execution Time": 74.091
  }
]