[
  {
    "Plan": {
      "Node Type": "Aggregate",
      "Strategy": "Plain",
      "Partial Mode": "Finalize",
      "Parallel Aware": false,
      "Startup Cost": 350281.51,
      "Total Cost": 350281.52,
      "Plan Rows": 1,
      "Plan Width": 8,
      "Actual Startup Time": 803.068,
      "Actual Total Time": 848.962,
      "Actual Rows": 1,
      "Actual Loops": 1,
      "Plans": [
        {
          "Node Type": "Gather",
          "Parent Relationship": "Outer",
          "Parallel Aware": false,
          "Startup Cost": 350280.88,
          "Total Cost": 350281.49,
          "Plan Rows": 6,
          "Plan Width": 8,
          "Actual Startup Time": 802.799,
          "Actual Total Time": 848.939,
          "Actual Rows": 7,
          "Actual Loops": 1,
          "Workers Planned": 6,
          "Workers Launched": 6,
          "Single Copy": false,
          "Plans": [
            {
              "Node Type": "Aggregate",
              "Strategy": "Plain",
              "Partial Mode": "Partial",
              "Parent Relationship": "Outer",
              "Parallel Aware": false,
              "Startup Cost": 349280.88,
              "Total Cost": 349280.89,
              "Plan Rows": 1,
              "Plan Width": 8,
              "Actual Startup Time": 796.547,
              "Actual Total Time": 796.548,
              "Actual Rows": 1,
              "Actual Loops": 7,
              "Plans": [
                {
                  "Node Type": "Seq Scan",
                  "Parent Relationship": "Outer",
                  "Parallel Aware": true,
                  "Relation Name": "cast_info",
                  "Alias": "ci",
                  "Startup Cost": 0.0,
                  "Total Cost": 343316.27,
                  "Plan Rows": 2385844,
                  "Plan Width": 0,
                  "Actual Startup Time": 385.101,
                  "Actual Total Time": 712.055,
                  "Actual Rows": 1750608,
                  "Actual Loops": 7,
                  "Filter": "((person_id < 3352599) AND (role_id > 2))",
                  "Rows Removed by Filter": 3427156
                }
              ]
            }
          ]
        }
      ]
    },
    "Planning Time": 0.127,
    "Triggers": [],
    "Execution Time": 849.013
  }
]