[
  {
    "Plan": {
      "Node Type": "Aggregate",
      "Strategy": "Plain",
      "Partial Mode": "Simple",
      "Parallel Aware": false,
      "Startup Cost": 30068.96,
      "Total Cost": 30068.97,
      "Plan Rows": 1,
      "Plan Width": 64,
      "Actual Startup Time": 1611.777,
      "Actual Total Time": 1611.782,
      "Actual Rows": 1,
      "Actual Loops": 1,
      "Plans": [
        {
          "Node Type": "Nested Loop",
          "Parent Relationship": "Outer",
          "Parallel Aware": false,
          "Join Type": "Inner",
          "Startup Cost": 41.24,
          "Total Cost": 30068.96,
          "Plan Rows": 1,
          "Plan Width": 32,
          "Actual Startup Time": 82.082,
          "Actual Total Time": 1611.744,
          "Actual Rows": 32,
          "Actual Loops": 1,
          "Inner Unique": true,
          "Plans": [
            {
              "Node Type": "Nested Loop",
              "Parent Relationship": "Outer",
              "Parallel Aware": false,
              "Join Type": "Inner",
              "Startup Cost": 41.1,
              "Total Cost": 30067.97,
              "Plan Rows": 1,
              "Plan Width": 36,
              "Actual Startup Time": 82.059,
              "Actual Total Time": 1611.633,
              "Actual Rows": 32,
              "Actual Loops": 1,
              "Inner Unique": false,
              "Join Filter": "(n.id = pi.person_id)",
              "Rows Removed by Join Filter": 0,
              "Plans": [
                {
                  "Node Type": "Nested Loop",
                  "Parent Relationship": "Outer",
                  "Parallel Aware": false,
                  "Join Type": "Inner",
                  "Startup Cost": 40.67,
                  "Total Cost": 26449.52,
                  "Plan Rows": 3810,
                  "Plan Width": 44,
                  "Actual Startup Time": 1.595,
                  "Actual Total Time": 1473.244,
                  "Actual Rows": 10982,
                  "Actual Loops": 1,
                  "Inner Unique": false,
                  "Join Filter": "(n.id = an.person_id)",
                  "Rows Removed by Join Filter": 0,
                  "Plans": [
                    {
                      "Node Type": "Nested Loop",
                      "Parent Relationship": "Outer",
                      "Parallel Aware": false,
                      "Join Type": "Inner",
                      "Startup Cost": 40.24,
                      "Total Cost": 22013.39,
                      "Plan Rows": 9259,
                      "Plan Width": 40,
                      "Actual Startup Time": 1.227,
                      "Actual Total Time": 1235.314,
                      "Actual Rows": 78156,
                      "Actual Loops": 1,
                      "Inner Unique": true,
                      "Plans": [
                        {
                          "Node Type": "Nested Loop",
                          "Parent Relationship": "Outer",
                          "Parallel Aware": false,
                          "Join Type": "Inner",
                          "Startup Cost": 39.81,
                          "Total Cost": 9848.45,
                          "Plan Rows": 26005,
                          "Plan Width": 21,
                          "Actual Startup Time": 0.917,
                          "Actual Total Time": 457.651,
                          "Actual Rows": 194265,
                          "Actual Loops": 1,
                          "Inner Unique": false,
                          "Plans": [
                            {
                              "Node Type": "Nested Loop",
                              "Parent Relationship": "Outer",
                              "Parallel Aware": false,
                              "Join Type": "Inner",
                              "Startup Cost": 39.25,
                              "Total Cost": 7703.31,
                              "Plan Rows": 744,
                              "Plan Width": 25,
                              "Actual Startup Time": 0.797,
                              "Actual Total Time": 43.949,
                              "Actual Rows": 1939,
                              "Actual Loops": 1,
                              "Inner Unique": true,
                              "Plans": [
                                {
                                  "Node Type": "Nested Loop",
                                  "Parent Relationship": "Outer",
                                  "Parallel Aware": false,
                                  "Join Type": "Inner",
                                  "Startup Cost": 38.82,
                                  "Total Cost": 245.23,
                                  "Plan Rows": 1666,
                                  "Plan Width": 4,
                                  "Actual Startup Time": 0.618,
                                  "Actual Total Time": 2.767,
                                  "Actual Rows": 5186,
                                  "Actual Loops": 1,
                                  "Inner Unique": false,
                                  "Plans": [
                                    {
                                      "Node Type": "Seq Scan",
                                      "Parent Relationship": "Outer",
                                      "Parallel Aware": false,
                                      "Relation Name": "link_type",
                                      "Alias": "lt",
                                      "Startup Cost": 0.0,
                                      "Total Cost": 1.23,
                                      "Plan Rows": 1,
                                      "Plan Width": 4,
                                      "Actual Startup Time": 0.017,
                                      "Actual Total Time": 0.021,
                                      "Actual Rows": 1,
                                      "Actual Loops": 1,
                                      "Filter": "((link)::text = 'features'::text)",
                                      "Rows Removed by Filter": 17
                                    },
                                    {
                                      "Node Type": "Bitmap Heap Scan",
                                      "Parent Relationship": "Inner",
                                      "Parallel Aware": false,
                                      "Relation Name": "movie_link",
                                      "Alias": "ml",
                                      "Startup Cost": 38.82,
                                      "Total Cost": 225.26,
                                      "Plan Rows": 1875,
                                      "Plan Width": 8,
                                      "Actual Startup Time": 0.595,
                                      "Actual Total Time": 2.007,
                                      "Actual Rows": 5186,
                                      "Actual Loops": 1,
                                      "Recheck Cond": "(link_type_id = lt.id)",
                                      "Rows Removed by Index Recheck": 0,
                                      "Exact Heap Blocks": 132,
                                      "Lossy Heap Blocks": 0,
                                      "Plans": [
                                        {
                                          "Node Type": "Bitmap Index Scan",
                                          "Parent Relationship": "Outer",
                                          "Parallel Aware": false,
                                          "Index Name": "link_type_id_movie_link",
                                          "Startup Cost": 0.0,
                                          "Total Cost": 38.35,
                                          "Plan Rows": 1875,
                                          "Plan Width": 0,
                                          "Actual Startup Time": 0.554,
                                          "Actual Total Time": 0.554,
                                          "Actual Rows": 5186,
                                          "Actual Loops": 1,
                                          "Index Cond": "(link_type_id = lt.id)"
                                        }
                                      ]
                                    }
                                  ]
                                },
                                {
                                  "Node Type": "Index Scan",
                                  "Parent Relationship": "Inner",
                                  "Parallel Aware": false,
                                  "Scan Direction": "Forward",
                                  "Index Name": "title_pkey",
                                  "Relation Name": "title",
                                  "Alias": "t",
                                  "Startup Cost": 0.43,
                                  "Total Cost": 4.48,
                                  "Plan Rows": 1,
                                  "Plan Width": 21,
                                  "Actual Startup Time": 0.008,
                                  "Actual Total Time": 0.008,
                                  "Actual Rows": 0,
                                  "Actual Loops": 5186,
                                  "Index Cond": "(id = ml.linked_movie_id)",
                                  "Rows Removed by Index Recheck": 0,
                                  "Filter": "((production_year >= 1990) AND (production_year <= 2008))",
                                  "Rows Removed by Filter": 1
                                }
                              ]
                            },
                            {
                              "Node Type": "Index Scan",
                              "Parent Relationship": "Inner",
                              "Parallel Aware": false,
                              "Scan Direction": "Forward",
                              "Index Name": "movie_id_cast_info",
                              "Relation Name": "cast_info",
                              "Alias": "ci",
                              "Startup Cost": 0.56,
                              "Total Cost": 2.53,
                              "Plan Rows": 35,
                              "Plan Width": 8,
                              "Actual Startup Time": 0.014,
                              "Actual Total Time": 0.202,
                              "Actual Rows": 100,
                              "Actual Loops": 1939,
                              "Index Cond": "(movie_id = t.id)",
                              "Rows Removed by Index Recheck": 0
                            }
                          ]
                        },
                        {
                          "Node Type": "Index Scan",
                          "Parent Relationship": "Inner",
                          "Parallel Aware": false,
                          "Scan Direction": "Forward",
                          "Index Name": "name_pkey",
                          "Relation Name": "name",
                          "Alias": "n",
                          "Startup Cost": 0.43,
                          "Total Cost": 0.47,
                          "Plan Rows": 1,
                          "Plan Width": 19,
                          "Actual Startup Time": 0.004,
                          "Actual Total Time": 0.004,
                          "Actual Rows": 0,
                          "Actual Loops": 194265,
                          "Index Cond": "(id = ci.person_id)",
                          "Rows Removed by Index Recheck": 0,
                          "Filter": "(((name_pcode_cf)::text >= 'B'::text) AND ((name_pcode_cf)::text <= 'T'::text) AND (((gender)::text = 'm'::text) OR (((gender)::text = 'f'::text) AND (name ~~ 'B%'::text))))",
                          "Rows Removed by Filter": 1
                        }
                      ]
                    },
                    {
                      "Node Type": "Index Scan",
                      "Parent Relationship": "Inner",
                      "Parallel Aware": false,
                      "Scan Direction": "Forward",
                      "Index Name": "person_id_aka_name",
                      "Relation Name": "aka_name",
                      "Alias": "an",
                      "Startup Cost": 0.42,
                      "Total Cost": 0.47,
                      "Plan Rows": 1,
                      "Plan Width": 4,
                      "Actual Startup Time": 0.003,
                      "Actual Total Time": 0.003,
                      "Actual Rows": 0,
                      "Actual Loops": 78156,
                      "Index Cond": "(person_id = ci.person_id)",
                      "Rows Removed by Index Recheck": 0,
                      "Filter": "(name ~~ '%A%'::text)",
                      "Rows Removed by Filter": 1
                    }
                  ]
                },
                {
                  "Node Type": "Index Scan",
                  "Parent Relationship": "Inner",
                  "Parallel Aware": false,
                  "Scan Direction": "Forward",
                  "Index Name": "person_id_person_info",
                  "Relation Name": "person_info",
                  "Alias": "pi",
                  "Startup Cost": 0.43,
                  "Total Cost": 0.94,
                  "Plan Rows": 1,
                  "Plan Width": 8,
                  "Actual Startup Time": 0.012,
                  "Actual Total Time": 0.012,
                  "Actual Rows": 0,
                  "Actual Loops": 10982,
                  "Index Cond": "(person_id = ci.person_id)",
                  "Rows Removed by Index Recheck": 0,
                  "Filter": "(note = 'Volker Boehm'::text)",
                  "Rows Removed by Filter": 50
                }
              ]
            },
            {
              "Node Type": "Index Scan",
              "Parent Relationship": "Inner",
              "Parallel Aware": false,
              "Scan Direction": "Forward",
              "Index Name": "info_type_pkey",
              "Relation Name": "info_type",
              "Alias": "it",
              "Startup Cost": 0.14,
              "Total Cost": 0.56,
              "Plan Rows": 1,
              "Plan Width": 4,
              "Actual Startup Time": 0.002,
              "Actual Total Time": 0.002,
              "Actual Rows": 1,
              "Actual Loops": 32,
              "Index Cond": "(id = pi.info_type_id)",
              "Rows Removed by Index Recheck": 0,
              "Filter": "((info)::text = 'mini biography'::text)",
              "Rows Removed by Filter": 0
            }
          ]
        }
      ]
    },
    "Planning Time": 16.419,
    "Triggers": [],
    "Execution Time": 1612.222
  }
]