[
    {
        "Bao": {
            "Bao prediction": "NaN",
            "Bao recommended hint": "(no hint)"
        }
    },
    {
        "Plan": {
            "Node Type": "Aggregate",
            "Strategy": "Plain",
            "Partial Mode": "Simple",
            "Parallel Aware": false,
            "Startup Cost": 20828.84,
            "Total Cost": 20828.85,
            "Plan Rows": 1,
            "Plan Width": 8,
            "Actual Startup Time": 22.269,
            "Actual Total Time": 22.27,
            "Actual Rows": 1,
            "Actual Loops": 1,
            "Output": [
                "count(*)"
            ],
            "Plans": [
                {
                    "Node Type": "Bitmap Heap Scan",
                    "Parent Relationship": "Outer",
                    "Parallel Aware": false,
                    "Relation Name": "movie_companies",
                    "Schema": "public",
                    "Alias": "mc",
                    "Startup Cost": 1162.94,
                    "Total Cost": 20760.24,
                    "Plan Rows": 27439,
                    "Plan Width": 0,
                    "Actual Startup Time": 3.023,
                    "Actual Total Time": 19.01,
                    "Actual Rows": 55528,
                    "Actual Loops": 1,
                    "Recheck Cond": "(mc.company_id > 187154)",
                    "Rows Removed by Index Recheck": 0,
                    "Filter": "(mc.company_type_id = 2)",
                    "Rows Removed by Filter": 0,
                    "Exact Heap Blocks": 2028,
                    "Lossy Heap Blocks": 0,
                    "Plans": [
                        {
                            "Node Type": "Bitmap Index Scan",
                            "Parent Relationship": "Outer",
                            "Parallel Aware": false,
                            "Index Name": "company_id_movie_companies",
                            "Startup Cost": 0.0,
                            "Total Cost": 1156.08,
                            "Plan Rows": 53820,
                            "Plan Width": 0,
                            "Actual Startup Time": 2.687,
                            "Actual Total Time": 2.687,
                            "Actual Rows": 55528,
                            "Actual Loops": 1,
                            "Index Cond": "(mc.company_id > 187154)"
                        }
                    ]
                }
            ]
        },
        "Planning Time": 209.559,
        "Triggers": [],
        "Execution Time": 22.317
    }
]