[
    {
        "Bao": {
            "Bao prediction": "NaN",
            "Bao recommended hint": "(no hint)"
        }
    },
    {
        "Plan": {
            "Node Type": "Aggregate",
            "Strategy": "Plain",
            "Partial Mode": "Finalize",
            "Parallel Aware": false,
            "Startup Cost": 237955.58,
            "Total Cost": 237955.59,
            "Plan Rows": 1,
            "Plan Width": 8,
            "Actual Startup Time": 318.405,
            "Actual Total Time": 326.449,
            "Actual Rows": 1,
            "Actual Loops": 1,
            "Output": [
                "count(*)"
            ],
            "Plans": [
                {
                    "Node Type": "Gather",
                    "Parent Relationship": "Outer",
                    "Parallel Aware": false,
                    "Startup Cost": 237955.05,
                    "Total Cost": 237955.56,
                    "Plan Rows": 5,
                    "Plan Width": 8,
                    "Actual Startup Time": 312.817,
                    "Actual Total Time": 326.44,
                    "Actual Rows": 6,
                    "Actual Loops": 1,
                    "Output": [
                        "(PARTIAL count(*))"
                    ],
                    "Workers Planned": 5,
                    "Workers Launched": 5,
                    "Single Copy": false,
                    "Plans": [
                        {
                            "Node Type": "Aggregate",
                            "Strategy": "Plain",
                            "Partial Mode": "Partial",
                            "Parent Relationship": "Outer",
                            "Parallel Aware": false,
                            "Startup Cost": 236955.05,
                            "Total Cost": 236955.06,
                            "Plan Rows": 1,
                            "Plan Width": 8,
                            "Actual Startup Time": 302.894,
                            "Actual Total Time": 302.9,
                            "Actual Rows": 1,
                            "Actual Loops": 6,
                            "Output": [
                                "PARTIAL count(*)"
                            ],
                            "Workers": [
                                {
                                    "Worker Number": 0,
                                    "Actual Startup Time": 300.309,
                                    "Actual Total Time": 300.312,
                                    "Actual Rows": 1,
                                    "Actual Loops": 1
                                },
                                {
                                    "Worker Number": 1,
                                    "Actual Startup Time": 300.44,
                                    "Actual Total Time": 300.443,
                                    "Actual Rows": 1,
                                    "Actual Loops": 1
                                },
                                {
                                    "Worker Number": 2,
                                    "Actual Startup Time": 301.601,
                                    "Actual Total Time": 301.603,
                                    "Actual Rows": 1,
                                    "Actual Loops": 1
                                },
                                {
                                    "Worker Number": 3,
                                    "Actual Startup Time": 301.114,
                                    "Actual Total Time": 301.117,
                                    "Actual Rows": 1,
                                    "Actual Loops": 1
                                },
                                {
                                    "Worker Number": 4,
                                    "Actual Startup Time": 301.413,
                                    "Actual Total Time": 301.429,
                                    "Actual Rows": 1,
                                    "Actual Loops": 1
                                }
                            ],
                            "Plans": [
                                {
                                    "Node Type": "Hash Join",
                                    "Parent Relationship": "Outer",
                                    "Parallel Aware": true,
                                    "Join Type": "Inner",
                                    "Startup Cost": 70745.35,
                                    "Total Cost": 236697.4,
                                    "Plan Rows": 103062,
                                    "Plan Width": 0,
                                    "Actual Startup Time": 181.802,
                                    "Actual Total Time": 295.367,
                                    "Actual Rows": 156154,
                                    "Actual Loops": 6,
                                    "Inner Unique": true,
                                    "Hash Cond": "(mi.movie_id = t.id)",
                                    "Workers": [
                                        {
                                            "Worker Number": 0,
                                            "Actual Startup Time": 179.428,
                                            "Actual Total Time": 292.707,
                                            "Actual Rows": 154335,
                                            "Actual Loops": 1
                                        },
                                        {
                                            "Worker Number": 1,
                                            "Actual Startup Time": 179.139,
                                            "Actual Total Time": 293.054,
                                            "Actual Rows": 161180,
                                            "Actual Loops": 1
                                        },
                                        {
                                            "Worker Number": 2,
                                            "Actual Startup Time": 180.169,
                                            "Actual Total Time": 294.055,
                                            "Actual Rows": 153712,
                                            "Actual Loops": 1
                                        },
                                        {
                                            "Worker Number": 3,
                                            "Actual Startup Time": 180.056,
                                            "Actual Total Time": 293.527,
                                            "Actual Rows": 149322,
                                            "Actual Loops": 1
                                        },
                                        {
                                            "Worker Number": 4,
                                            "Actual Startup Time": 180.406,
                                            "Actual Total Time": 293.732,
                                            "Actual Rows": 152751,
                                            "Actual Loops": 1
                                        }
                                    ],
                                    "Plans": [
                                        {
                                            "Node Type": "Bitmap Heap Scan",
                                            "Parent Relationship": "Outer",
                                            "Parallel Aware": true,
                                            "Relation Name": "movie_info",
                                            "Schema": "public",
                                            "Alias": "mi",
                                            "Startup Cost": 23735.46,
                                            "Total Cost": 189000.4,
                                            "Plan Rows": 261755,
                                            "Plan Width": 4,
                                            "Actual Startup Time": 46.947,
                                            "Actual Total Time": 77.204,
                                            "Actual Rows": 214821,
                                            "Actual Loops": 6,
                                            "Output": [
                                                "mi.id",
                                                "mi.movie_id",
                                                "mi.info_type_id",
                                                "mi.info",
                                                "mi.note"
                                            ],
                                            "Recheck Cond": "(mi.info_type_id = 2)",
                                            "Rows Removed by Index Recheck": 0,
                                            "Exact Heap Blocks": 1497,
                                            "Lossy Heap Blocks": 0,
                                            "Workers": [
                                                {
                                                    "Worker Number": 0,
                                                    "Actual Startup Time": 46.907,
                                                    "Actual Total Time": 77.942,
                                                    "Actual Rows": 207725,
                                                    "Actual Loops": 1
                                                },
                                                {
                                                    "Worker Number": 1,
                                                    "Actual Startup Time": 46.705,
                                                    "Actual Total Time": 75.726,
                                                    "Actual Rows": 248495,
                                                    "Actual Loops": 1
                                                },
                                                {
                                                    "Worker Number": 2,
                                                    "Actual Startup Time": 47.056,
                                                    "Actual Total Time": 78.053,
                                                    "Actual Rows": 207295,
                                                    "Actual Loops": 1
                                                },
                                                {
                                                    "Worker Number": 3,
                                                    "Actual Startup Time": 46.948,
                                                    "Actual Total Time": 78.81,
                                                    "Actual Rows": 193418,
                                                    "Actual Loops": 1
                                                },
                                                {
                                                    "Worker Number": 4,
                                                    "Actual Startup Time": 46.975,
                                                    "Actual Total Time": 77.989,
                                                    "Actual Rows": 207388,
                                                    "Actual Loops": 1
                                                }
                                            ],
                                            "Plans": [
                                                {
                                                    "Node Type": "Bitmap Index Scan",
                                                    "Parent Relationship": "Outer",
                                                    "Parallel Aware": false,
                                                    "Index Name": "info_type_id_movie_info",
                                                    "Startup Cost": 0.0,
                                                    "Total Cost": 23408.26,
                                                    "Plan Rows": 1308777,
                                                    "Plan Width": 0,
                                                    "Actual Startup Time": 45.47,
                                                    "Actual Total Time": 45.471,
                                                    "Actual Rows": 1288928,
                                                    "Actual Loops": 1,
                                                    "Index Cond": "(mi.info_type_id = 2)",
                                                    "Workers": [
                                                        {
                                                            "Worker Number": 1,
                                                            "Actual Startup Time": 45.47,
                                                            "Actual Total Time": 45.471,
                                                            "Actual Rows": 1288928,
                                                            "Actual Loops": 1
                                                        }
                                                    ]
                                                }
                                            ]
                                        },
                                        {
                                            "Node Type": "Hash",
                                            "Parent Relationship": "Inner",
                                            "Parallel Aware": true,
                                            "Startup Cost": 43899.01,
                                            "Total Cost": 43899.01,
                                            "Plan Rows": 248871,
                                            "Plan Width": 4,
                                            "Actual Startup Time": 132.715,
                                            "Actual Total Time": 132.717,
                                            "Actual Rows": 164175,
                                            "Actual Loops": 6,
                                            "Output": [
                                                "t.id"
                                            ],
                                            "Hash Buckets": 1048576,
                                            "Original Hash Buckets": 1048576,
                                            "Hash Batches": 1,
                                            "Original Hash Batches": 1,
                                            "Peak Memory Usage": 46816,
                                            "Workers": [
                                                {
                                                    "Worker Number": 0,
                                                    "Actual Startup Time": 131.794,
                                                    "Actual Total Time": 131.795,
                                                    "Actual Rows": 163201,
                                                    "Actual Loops": 1
                                                },
                                                {
                                                    "Worker Number": 1,
                                                    "Actual Startup Time": 132.072,
                                                    "Actual Total Time": 132.072,
                                                    "Actual Rows": 151465,
                                                    "Actual Loops": 1
                                                },
                                                {
                                                    "Worker Number": 2,
                                                    "Actual Startup Time": 132.479,
                                                    "Actual Total Time": 132.48,
                                                    "Actual Rows": 161772,
                                                    "Actual Loops": 1
                                                },
                                                {
                                                    "Worker Number": 3,
                                                    "Actual Startup Time": 132.674,
                                                    "Actual Total Time": 132.675,
                                                    "Actual Rows": 162707,
                                                    "Actual Loops": 1
                                                },
                                                {
                                                    "Worker Number": 4,
                                                    "Actual Startup Time": 133.02,
                                                    "Actual Total Time": 133.021,
                                                    "Actual Rows": 154684,
                                                    "Actual Loops": 1
                                                }
                                            ],
                                            "Plans": [
                                                {
                                                    "Node Type": "Seq Scan",
                                                    "Parent Relationship": "Outer",
                                                    "Parallel Aware": true,
                                                    "Relation Name": "title",
                                                    "Schema": "public",
                                                    "Alias": "t",
                                                    "Startup Cost": 0.0,
                                                    "Total Cost": 43899.01,
                                                    "Plan Rows": 248871,
                                                    "Plan Width": 4,
                                                    "Actual Startup Time": 0.048,
                                                    "Actual Total Time": 74.863,
                                                    "Actual Rows": 164175,
                                                    "Actual Loops": 6,
                                                    "Output": [
                                                        "t.id"
                                                    ],
                                                    "Filter": "(t.kind_id < 7)",
                                                    "Rows Removed by Filter": 257211,
                                                    "Workers": [
                                                        {
                                                            "Worker Number": 0,
                                                            "Actual Startup Time": 0.053,
                                                            "Actual Total Time": 75.048,
                                                            "Actual Rows": 163201,
                                                            "Actual Loops": 1
                                                        },
                                                        {
                                                            "Worker Number": 1,
                                                            "Actual Startup Time": 0.05,
                                                            "Actual Total Time": 74.295,
                                                            "Actual Rows": 151465,
                                                            "Actual Loops": 1
                                                        },
                                                        {
                                                            "Worker Number": 2,
                                                            "Actual Startup Time": 0.066,
                                                            "Actual Total Time": 75.745,
                                                            "Actual Rows": 161772,
                                                            "Actual Loops": 1
                                                        },
                                                        {
                                                            "Worker Number": 3,
                                                            "Actual Startup Time": 0.067,
                                                            "Actual Total Time": 75.781,
                                                            "Actual Rows": 162707,
                                                            "Actual Loops": 1
                                                        },
                                                        {
                                                            "Worker Number": 4,
                                                            "Actual Startup Time": 0.04,
                                                            "Actual Total Time": 76.89,
                                                            "Actual Rows": 154684,
                                                            "Actual Loops": 1
                                                        }
                                                    ]
                                                }
                                            ]
                                        }
                                    ]
                                }
                            ]
                        }
                    ]
                }
            ]
        },
        "Planning Time": 180.293,
        "Triggers": [],
        "Execution Time": 326.512
    }
]