[
  {
    "Plan": {
      "Node Type": "Aggregate",
      "Strategy": "Plain",
      "Partial Mode": "Finalize",
      "Parallel Aware": false,
      "Startup Cost": 64551.44,
      "Total Cost": 64551.45,
      "Plan Rows": 1,
      "Plan Width": 8,
      "Actual Startup Time": 271.388,
      "Actual Total Time": 299.736,
      "Actual Rows": 1,
      "Actual Loops": 1,
      "Plans": [
        {
          "Node Type": "Gather",
          "Parent Relationship": "Outer",
          "Parallel Aware": false,
          "Startup Cost": 64551.02,
          "Total Cost": 64551.43,
          "Plan Rows": 4,
          "Plan Width": 8,
          "Actual Startup Time": 271.375,
          "Actual Total Time": 299.727,
          "Actual Rows": 5,
          "Actual Loops": 1,
          "Workers Planned": 4,
          "Workers Launched": 4,
          "Single Copy": false,
          "Plans": [
            {
              "Node Type": "Aggregate",
              "Strategy": "Plain",
              "Partial Mode": "Partial",
              "Parent Relationship": "Outer",
              "Parallel Aware": false,
              "Startup Cost": 63551.02,
              "Total Cost": 63551.03,
              "Plan Rows": 1,
              "Plan Width": 8,
              "Actual Startup Time": 261.164,
              "Actual Total Time": 261.165,
              "Actual Rows": 1,
              "Actual Loops": 5,
              "Plans": [
                {
                  "Node Type": "Nested Loop",
                  "Parent Relationship": "Outer",
                  "Parallel Aware": false,
                  "Join Type": "Inner",
                  "Startup Cost": 1.0,
                  "Total Cost": 63519.89,
                  "Plan Rows": 12452,
                  "Plan Width": 0,
                  "Actual Startup Time": 3.855,
                  "Actual Total Time": 255.731,
                  "Actual Rows": 107546,
                  "Actual Loops": 5,
                  "Inner Unique": false,
                  "Join Filter": "(t.id = ci.movie_id)",
                  "Rows Removed by Join Filter": 0,
                  "Plans": [
                    {
                      "Node Type": "Nested Loop",
                      "Parent Relationship": "Outer",
                      "Parallel Aware": false,
                      "Join Type": "Inner",
                      "Startup Cost": 0.43,
                      "Total Cost": 58501.37,
                      "Plan Rows": 2661,
                      "Plan Width": 8,
                      "Actual Startup Time": 3.385,
                      "Actual Total Time": 95.612,
                      "Actual Rows": 6308,
                      "Actual Loops": 5,
                      "Inner Unique": false,
                      "Plans": [
                        {
                          "Node Type": "Seq Scan",
                          "Parent Relationship": "Outer",
                          "Parallel Aware": true,
                          "Relation Name": "title",
                          "Alias": "t",
                          "Startup Cost": 0.0,
                          "Total Cost": 45479.1,
                          "Plan Rows": 1487,
                          "Plan Width": 4,
                          "Actual Startup Time": 1.57,
                          "Actual Total Time": 79.585,
                          "Actual Rows": 1176,
                          "Actual Loops": 5,
                          "Filter": "((kind_id < 7) AND (production_year = 1973))",
                          "Rows Removed by Filter": 504487
                        },
                        {
                          "Node Type": "Index Only Scan",
                          "Parent Relationship": "Inner",
                          "Parallel Aware": false,
                          "Scan Direction": "Forward",
                          "Index Name": "movie_id_movie_keyword",
                          "Relation Name": "movie_keyword",
                          "Alias": "mk",
                          "Startup Cost": 0.43,
                          "Total Cost": 8.31,
                          "Plan Rows": 45,
                          "Plan Width": 4,
                          "Actual Startup Time": 0.011,
                          "Actual Total Time": 0.013,
                          "Actual Rows": 5,
                          "Actual Loops": 5878,
                          "Index Cond": "(movie_id = t.id)",
                          "Rows Removed by Index Recheck": 0,
                          "Heap Fetches": 31540
                        }
                      ]
                    },
                    {
                      "Node Type": "Index Scan",
                      "Parent Relationship": "Inner",
                      "Parallel Aware": false,
                      "Scan Direction": "Forward",
                      "Index Name": "movie_id_cast_info",
                      "Relation Name": "cast_info",
                      "Alias": "ci",
                      "Startup Cost": 0.56,
                      "Total Cost": 1.74,
                      "Plan Rows": 12,
                      "Plan Width": 4,
                      "Actual Startup Time": 0.004,
                      "Actual Total Time": 0.024,
                      "Actual Rows": 17,
                      "Actual Loops": 31540,
                      "Index Cond": "(movie_id = mk.movie_id)",
                      "Rows Removed by Index Recheck": 0,
                      "Filter": "((person_id < 3704004) AND (role_id = 1))",
                      "Rows Removed by Filter": 18
                    }
                  ]
                }
              ]
            }
          ]
        }
      ]
    },
    "Planning Time": 1.387,
    "Triggers": [],
    "Execution Time": 299.836
  }
]