{
  "Plan": {
    "Node Type": "Aggregate",
    "Strategy": "Plain",
    "Partial Mode": "Finalize",
    "Parallel Aware": false,
    "Startup Cost": 488685.89,
    "Total Cost": 488685.9,
    "Plan Rows": 1,
    "Plan Width": 8,
    "Actual Startup Time": 4781.087,
    "Actual Total Time": 4821.544,
    "Actual Rows": 1,
    "Actual Loops": 1,
    "Plans": [
      {
        "Node Type": "Gather",
        "Parent Relationship": "Outer",
        "Parallel Aware": false,
        "Startup Cost": 488685.77,
        "Total Cost": 488685.88,
        "Plan Rows": 1,
        "Plan Width": 8,
        "Actual Startup Time": 4780.839,
        "Actual Total Time": 4821.536,
        "Actual Rows": 2,
        "Actual Loops": 1,
        "Workers Planned": 1,
        "Workers Launched": 1,
        "Single Copy": false,
        "Plans": [
          {
            "Node Type": "Aggregate",
            "Strategy": "Plain",
            "Partial Mode": "Partial",
            "Parent Relationship": "Outer",
            "Parallel Aware": false,
            "Startup Cost": 487685.77,
            "Total Cost": 487685.78,
            "Plan Rows": 1,
            "Plan Width": 8,
            "Actual Startup Time": 4774.826,
            "Actual Total Time": 4774.828,
            "Actual Rows": 1,
            "Actual Loops": 2,
            "Plans": [
              {
                "Node Type": "Merge Join",
                "Parent Relationship": "Outer",
                "Parallel Aware": false,
                "Join Type": "Inner",
                "Startup Cost": 21.25,
                "Total Cost": 485037.67,
                "Plan Rows": 1059241,
                "Plan Width": 0,
                "Actual Startup Time": 8.703,
                "Actual Total Time": 4670.812,
                "Actual Rows": 2384616,
                "Actual Loops": 2,
                "Inner Unique": false,
                "Merge Cond": "(t.id = mc.movie_id)",
                "Plans": [
                  {
                    "Node Type": "Merge Join",
                    "Parent Relationship": "Outer",
                    "Parallel Aware": false,
                    "Join Type": "Inner",
                    "Startup Cost": 14.32,
                    "Total Cost": 312729.98,
                    "Plan Rows": 2503319,
                    "Plan Width": 8,
                    "Actual Startup Time": 7.996,
                    "Actual Total Time": 2063.481,
                    "Actual Rows": 2231300,
                    "Actual Loops": 2,
                    "Inner Unique": true,
                    "Merge Cond": "(mk.movie_id = t.id)",
                    "Plans": [
                      {
                        "Node Type": "Index Only Scan",
                        "Parent Relationship": "Outer",
                        "Parallel Aware": true,
                        "Scan Direction": "Forward",
                        "Index Name": "movie_id_movie_keyword",
                        "Relation Name": "movie_keyword",
                        "Alias": "mk",
                        "Startup Cost": 0.43,
                        "Total Cost": 158560.11,
                        "Plan Rows": 2661135,
                        "Plan Width": 4,
                        "Actual Startup Time": 0.105,
                        "Actual Total Time": 475.633,
                        "Actual Rows": 2261958,
                        "Actual Loops": 2,
                        "Heap Fetches": 4523915
                      },
                      {
                        "Node Type": "Index Scan",
                        "Parent Relationship": "Inner",
                        "Parallel Aware": false,
                        "Scan Direction": "Forward",
                        "Index Name": "title_pkey",
                        "Relation Name": "title",
                        "Alias": "t",
                        "Startup Cost": 0.43,
                        "Total Cost": 116660.7,
                        "Plan Rows": 2378355,
                        "Plan Width": 4,
                        "Actual Startup Time": 0.102,
                        "Actual Total Time": 1231.511,
                        "Actual Rows": 2373375,
                        "Actual Loops": 2,
                        "Filter": "(production_year > 1918)",
                        "Rows Removed by Filter": 152344
                      }
                    ]
                  },
                  {
                    "Node Type": "Index Scan",
                    "Parent Relationship": "Inner",
                    "Parallel Aware": false,
                    "Scan Direction": "Forward",
                    "Index Name": "movie_id_movie_companies",
                    "Relation Name": "movie_companies",
                    "Alias": "mc",
                    "Startup Cost": 0.43,
                    "Total Cost": 153105.09,
                    "Plan Rows": 1069808,
                    "Plan Width": 4,
                    "Actual Startup Time": 0.062,
                    "Actual Total Time": 2203.185,
                    "Actual Rows": 3056589,
                    "Actual Loops": 2,
                    "Filter": "((company_id < 73714) AND (company_type_id > 1))",
                    "Rows Removed by Filter": 7668611
                  }
                ]
              }
            ]
          }
        ]
      }
    ]
  },
  "Planning Time": 1.116,
  "Triggers": [],
  "Execution Time": 4821.642
}