[
    {
        "Bao": {
            "Bao prediction": 739.247,
            "Bao recommended hint": "SET enable_mergejoin TO off; "
        }
    },
    {
        "Plan": {
            "Node Type": "Aggregate",
            "Strategy": "Plain",
            "Partial Mode": "Finalize",
            "Parallel Aware": false,
            "Startup Cost": 388080.5,
            "Total Cost": 388080.51,
            "Plan Rows": 1,
            "Plan Width": 8,
            "Actual Startup Time": 1771.604,
            "Actual Total Time": 1806.972,
            "Actual Rows": 1,
            "Actual Loops": 1,
            "Output": [
                "count(*)"
            ],
            "Plans": [
                {
                    "Node Type": "Gather",
                    "Parent Relationship": "Outer",
                    "Parallel Aware": false,
                    "Startup Cost": 388079.88,
                    "Total Cost": 388080.49,
                    "Plan Rows": 6,
                    "Plan Width": 8,
                    "Actual Startup Time": 1768.628,
                    "Actual Total Time": 1806.962,
                    "Actual Rows": 7,
                    "Actual Loops": 1,
                    "Output": [
                        "(PARTIAL count(*))"
                    ],
                    "Workers Planned": 6,
                    "Workers Launched": 6,
                    "Single Copy": false,
                    "Plans": [
                        {
                            "Node Type": "Aggregate",
                            "Strategy": "Plain",
                            "Partial Mode": "Partial",
                            "Parent Relationship": "Outer",
                            "Parallel Aware": false,
                            "Startup Cost": 387079.88,
                            "Total Cost": 387079.89,
                            "Plan Rows": 1,
                            "Plan Width": 8,
                            "Actual Startup Time": 1758.586,
                            "Actual Total Time": 1758.589,
                            "Actual Rows": 1,
                            "Actual Loops": 7,
                            "Output": [
                                "PARTIAL count(*)"
                            ],
                            "Workers": [
                                {
                                    "Worker Number": 0,
                                    "Actual Startup Time": 1756.387,
                                    "Actual Total Time": 1756.389,
                                    "Actual Rows": 1,
                                    "Actual Loops": 1
                                },
                                {
                                    "Worker Number": 1,
                                    "Actual Startup Time": 1756.773,
                                    "Actual Total Time": 1756.775,
                                    "Actual Rows": 1,
                                    "Actual Loops": 1
                                },
                                {
                                    "Worker Number": 2,
                                    "Actual Startup Time": 1756.827,
                                    "Actual Total Time": 1756.829,
                                    "Actual Rows": 1,
                                    "Actual Loops": 1
                                },
                                {
                                    "Worker Number": 3,
                                    "Actual Startup Time": 1756.841,
                                    "Actual Total Time": 1756.844,
                                    "Actual Rows": 1,
                                    "Actual Loops": 1
                                },
                                {
                                    "Worker Number": 4,
                                    "Actual Startup Time": 1757.68,
                                    "Actual Total Time": 1757.682,
                                    "Actual Rows": 1,
                                    "Actual Loops": 1
                                },
                                {
                                    "Worker Number": 5,
                                    "Actual Startup Time": 1757.932,
                                    "Actual Total Time": 1757.935,
                                    "Actual Rows": 1,
                                    "Actual Loops": 1
                                }
                            ],
                            "Plans": [
                                {
                                    "Node Type": "Hash Join",
                                    "Parent Relationship": "Outer",
                                    "Parallel Aware": true,
                                    "Join Type": "Inner",
                                    "Startup Cost": 46352.18,
                                    "Total Cost": 385888.42,
                                    "Plan Rows": 476584,
                                    "Plan Width": 0,
                                    "Actual Startup Time": 121.814,
                                    "Actual Total Time": 1714.569,
                                    "Actual Rows": 590097,
                                    "Actual Loops": 7,
                                    "Inner Unique": true,
                                    "Hash Cond": "(ci.movie_id = t.id)",
                                    "Workers": [
                                        {
                                            "Worker Number": 0,
                                            "Actual Startup Time": 119.678,
                                            "Actual Total Time": 1712.36,
                                            "Actual Rows": 565430,
                                            "Actual Loops": 1
                                        },
                                        {
                                            "Worker Number": 1,
                                            "Actual Startup Time": 120.131,
                                            "Actual Total Time": 1712.699,
                                            "Actual Rows": 576681,
                                            "Actual Loops": 1
                                        },
                                        {
                                            "Worker Number": 2,
                                            "Actual Startup Time": 120.074,
                                            "Actual Total Time": 1712.128,
                                            "Actual Rows": 590182,
                                            "Actual Loops": 1
                                        },
                                        {
                                            "Worker Number": 3,
                                            "Actual Startup Time": 120.135,
                                            "Actual Total Time": 1712.928,
                                            "Actual Rows": 578769,
                                            "Actual Loops": 1
                                        },
                                        {
                                            "Worker Number": 4,
                                            "Actual Startup Time": 120.86,
                                            "Actual Total Time": 1713.498,
                                            "Actual Rows": 576576,
                                            "Actual Loops": 1
                                        },
                                        {
                                            "Worker Number": 5,
                                            "Actual Startup Time": 121.314,
                                            "Actual Total Time": 1713.977,
                                            "Actual Rows": 576311,
                                            "Actual Loops": 1
                                        }
                                    ],
                                    "Plans": [
                                        {
                                            "Node Type": "Seq Scan",
                                            "Parent Relationship": "Outer",
                                            "Parallel Aware": true,
                                            "Relation Name": "cast_info",
                                            "Schema": "public",
                                            "Alias": "ci",
                                            "Startup Cost": 0.0,
                                            "Total Cost": 328213.62,
                                            "Plan Rows": 4313370,
                                            "Plan Width": 4,
                                            "Actual Startup Time": 0.023,
                                            "Actual Total Time": 766.324,
                                            "Actual Rows": 3690592,
                                            "Actual Loops": 7,
                                            "Output": [
                                                "ci.id",
                                                "ci.person_id",
                                                "ci.movie_id",
                                                "ci.person_role_id",
                                                "ci.note",
                                                "ci.nr_order",
                                                "ci.role_id"
                                            ],
                                            "Filter": "(ci.person_id < 2669538)",
                                            "Rows Removed by Filter": 1487171,
                                            "Workers": [
                                                {
                                                    "Worker Number": 0,
                                                    "Actual Startup Time": 0.021,
                                                    "Actual Total Time": 767.374,
                                                    "Actual Rows": 3550578,
                                                    "Actual Loops": 1
                                                },
                                                {
                                                    "Worker Number": 1,
                                                    "Actual Startup Time": 0.03,
                                                    "Actual Total Time": 784.175,
                                                    "Actual Rows": 3626927,
                                                    "Actual Loops": 1
                                                },
                                                {
                                                    "Worker Number": 2,
                                                    "Actual Startup Time": 0.025,
                                                    "Actual Total Time": 784.12,
                                                    "Actual Rows": 3657036,
                                                    "Actual Loops": 1
                                                },
                                                {
                                                    "Worker Number": 3,
                                                    "Actual Startup Time": 0.027,
                                                    "Actual Total Time": 779.135,
                                                    "Actual Rows": 3635999,
                                                    "Actual Loops": 1
                                                },
                                                {
                                                    "Worker Number": 4,
                                                    "Actual Startup Time": 0.024,
                                                    "Actual Total Time": 758.503,
                                                    "Actual Rows": 3567288,
                                                    "Actual Loops": 1
                                                },
                                                {
                                                    "Worker Number": 5,
                                                    "Actual Startup Time": 0.026,
                                                    "Actual Total Time": 760.676,
                                                    "Actual Rows": 3600897,
                                                    "Actual Loops": 1
                                                }
                                            ]
                                        },
                                        {
                                            "Node Type": "Hash",
                                            "Parent Relationship": "Inner",
                                            "Parallel Aware": true,
                                            "Startup Cost": 45479.21,
                                            "Total Cost": 45479.21,
                                            "Plan Rows": 69838,
                                            "Plan Width": 4,
                                            "Actual Startup Time": 119.257,
                                            "Actual Total Time": 119.258,
                                            "Actual Rows": 56340,
                                            "Actual Loops": 7,
                                            "Output": [
                                                "t.id"
                                            ],
                                            "Hash Buckets": 524288,
                                            "Original Hash Buckets": 524288,
                                            "Hash Batches": 1,
                                            "Original Hash Batches": 1,
                                            "Peak Memory Usage": 19648,
                                            "Workers": [
                                                {
                                                    "Worker Number": 0,
                                                    "Actual Startup Time": 118.805,
                                                    "Actual Total Time": 118.806,
                                                    "Actual Rows": 53490,
                                                    "Actual Loops": 1
                                                },
                                                {
                                                    "Worker Number": 1,
                                                    "Actual Startup Time": 119.242,
                                                    "Actual Total Time": 119.243,
                                                    "Actual Rows": 55115,
                                                    "Actual Loops": 1
                                                },
                                                {
                                                    "Worker Number": 2,
                                                    "Actual Startup Time": 119.297,
                                                    "Actual Total Time": 119.298,
                                                    "Actual Rows": 53495,
                                                    "Actual Loops": 1
                                                },
                                                {
                                                    "Worker Number": 3,
                                                    "Actual Startup Time": 119.289,
                                                    "Actual Total Time": 119.289,
                                                    "Actual Rows": 53074,
                                                    "Actual Loops": 1
                                                },
                                                {
                                                    "Worker Number": 4,
                                                    "Actual Startup Time": 120.129,
                                                    "Actual Total Time": 120.13,
                                                    "Actual Rows": 52359,
                                                    "Actual Loops": 1
                                                },
                                                {
                                                    "Worker Number": 5,
                                                    "Actual Startup Time": 120.406,
                                                    "Actual Total Time": 120.407,
                                                    "Actual Rows": 52887,
                                                    "Actual Loops": 1
                                                }
                                            ],
                                            "Plans": [
                                                {
                                                    "Node Type": "Seq Scan",
                                                    "Parent Relationship": "Outer",
                                                    "Parallel Aware": true,
                                                    "Relation Name": "title",
                                                    "Schema": "public",
                                                    "Alias": "t",
                                                    "Startup Cost": 0.0,
                                                    "Total Cost": 45479.21,
                                                    "Plan Rows": 69838,
                                                    "Plan Width": 4,
                                                    "Actual Startup Time": 0.065,
                                                    "Actual Total Time": 91.096,
                                                    "Actual Rows": 56340,
                                                    "Actual Loops": 7,
                                                    "Output": [
                                                        "t.id"
                                                    ],
                                                    "Filter": "((t.kind_id < 3) AND (t.production_year < 1998))",
                                                    "Rows Removed by Filter": 304847,
                                                    "Workers": [
                                                        {
                                                            "Worker Number": 0,
                                                            "Actual Startup Time": 0.056,
                                                            "Actual Total Time": 91.843,
                                                            "Actual Rows": 53490,
                                                            "Actual Loops": 1
                                                        },
                                                        {
                                                            "Worker Number": 1,
                                                            "Actual Startup Time": 0.07,
                                                            "Actual Total Time": 92.28,
                                                            "Actual Rows": 55115,
                                                            "Actual Loops": 1
                                                        },
                                                        {
                                                            "Worker Number": 2,
                                                            "Actual Startup Time": 0.079,
                                                            "Actual Total Time": 92.168,
                                                            "Actual Rows": 53495,
                                                            "Actual Loops": 1
                                                        },
                                                        {
                                                            "Worker Number": 3,
                                                            "Actual Startup Time": 0.052,
                                                            "Actual Total Time": 91.362,
                                                            "Actual Rows": 53074,
                                                            "Actual Loops": 1
                                                        },
                                                        {
                                                            "Worker Number": 4,
                                                            "Actual Startup Time": 0.102,
                                                            "Actual Total Time": 91.264,
                                                            "Actual Rows": 52359,
                                                            "Actual Loops": 1
                                                        },
                                                        {
                                                            "Worker Number": 5,
                                                            "Actual Startup Time": 0.054,
                                                            "Actual Total Time": 91.003,
                                                            "Actual Rows": 52887,
                                                            "Actual Loops": 1
                                                        }
                                                    ]
                                                }
                                            ]
                                        }
                                    ]
                                }
                            ]
                        }
                    ]
                }
            ]
        },
        "Planning Time": 2781.983,
        "Triggers": [],
        "Execution Time": 1807.117
    }
]