[
  {
    "Plan": {
      "Node Type": "Aggregate",
      "Strategy": "Plain",
      "Partial Mode": "Finalize",
      "Parallel Aware": false,
      "Startup Cost": 44306.47,
      "Total Cost": 44306.48,
      "Plan Rows": 1,
      "Plan Width": 8,
      "Actual Startup Time": 114.463,
      "Actual Total Time": 124.046,
      "Actual Rows": 1,
      "Actual Loops": 1,
      "Plans": [
        {
          "Node Type": "Gather",
          "Parent Relationship": "Outer",
          "Parallel Aware": false,
          "Startup Cost": 44306.15,
          "Total Cost": 44306.46,
          "Plan Rows": 3,
          "Plan Width": 8,
          "Actual Startup Time": 114.321,
          "Actual Total Time": 124.036,
          "Actual Rows": 4,
          "Actual Loops": 1,
          "Workers Planned": 3,
          "Workers Launched": 3,
          "Single Copy": false,
          "Plans": [
            {
              "Node Type": "Aggregate",
              "Strategy": "Plain",
              "Partial Mode": "Partial",
              "Parent Relationship": "Outer",
              "Parallel Aware": false,
              "Startup Cost": 43306.15,
              "Total Cost": 43306.16,
              "Plan Rows": 1,
              "Plan Width": 8,
              "Actual Startup Time": 108.79,
              "Actual Total Time": 108.791,
              "Actual Rows": 1,
              "Actual Loops": 4,
              "Plans": [
                {
                  "Node Type": "Seq Scan",
                  "Parent Relationship": "Outer",
                  "Parallel Aware": true,
                  "Relation Name": "movie_keyword",
                  "Alias": "mk",
                  "Startup Cost": 0.0,
                  "Total Cost": 42695.65,
                  "Plan Rows": 244198,
                  "Plan Width": 0,
                  "Actual Startup Time": 5.564,
                  "Actual Total Time": 99.547,
                  "Actual Rows": 186588,
                  "Actual Loops": 4,
                  "Filter": "(keyword_id > 25090)",
                  "Rows Removed by Filter": 944395
                }
              ]
            }
          ]
        }
      ]
    },
    "Planning Time": 0.187,
    "Triggers": [],
    "Execution Time": 124.094
  }
]