[
  {
    "Plan": {
      "Node Type": "Aggregate",
      "Strategy": "Plain",
      "Partial Mode": "Simple",
      "Parallel Aware": false,
      "Startup Cost": 16400.25,
      "Total Cost": 16400.26,
      "Plan Rows": 1,
      "Plan Width": 96,
      "Actual Startup Time": 4855.448,
      "Actual Total Time": 4855.459,
      "Actual Rows": 1,
      "Actual Loops": 1,
      "Plans": [
        {
          "Node Type": "Nested Loop",
          "Parent Relationship": "Outer",
          "Parallel Aware": false,
          "Join Type": "Inner",
          "Startup Cost": 13.98,
          "Total Cost": 16400.24,
          "Plan Rows": 1,
          "Plan Width": 39,
          "Actual Startup Time": 32.815,
          "Actual Total Time": 4848.843,
          "Actual Rows": 12183,
          "Actual Loops": 1,
          "Inner Unique": true,
          "Plans": [
            {
              "Node Type": "Nested Loop",
              "Parent Relationship": "Outer",
              "Parallel Aware": false,
              "Join Type": "Inner",
              "Startup Cost": 13.54,
              "Total Cost": 16395.79,
              "Plan Rows": 1,
              "Plan Width": 43,
              "Actual Startup Time": 32.724,
              "Actual Total Time": 4682.891,
              "Actual Rows": 12183,
              "Actual Loops": 1,
              "Inner Unique": true,
              "Plans": [
                {
                  "Node Type": "Nested Loop",
                  "Parent Relationship": "Outer",
                  "Parallel Aware": false,
                  "Join Type": "Inner",
                  "Startup Cost": 13.1,
                  "Total Cost": 16391.33,
                  "Plan Rows": 1,
                  "Plan Width": 31,
                  "Actual Startup Time": 27.365,
                  "Actual Total Time": 2459.306,
                  "Actual Rows": 421144,
                  "Actual Loops": 1,
                  "Inner Unique": false,
                  "Join Filter": "(t.id = ci.movie_id)",
                  "Rows Removed by Join Filter": 0,
                  "Plans": [
                    {
                      "Node Type": "Nested Loop",
                      "Parent Relationship": "Outer",
                      "Parallel Aware": false,
                      "Join Type": "Inner",
                      "Startup Cost": 12.16,
                      "Total Cost": 16385.54,
                      "Plan Rows": 1,
                      "Plan Width": 39,
                      "Actual Startup Time": 27.275,
                      "Actual Total Time": 1003.586,
                      "Actual Rows": 3143,
                      "Actual Loops": 1,
                      "Inner Unique": true,
                      "Join Filter": "(cc.status_id = cct2.id)",
                      "Rows Removed by Join Filter": 1264,
                      "Plans": [
                        {
                          "Node Type": "Nested Loop",
                          "Parent Relationship": "Outer",
                          "Parallel Aware": false,
                          "Join Type": "Inner",
                          "Startup Cost": 12.16,
                          "Total Cost": 16384.47,
                          "Plan Rows": 1,
                          "Plan Width": 43,
                          "Actual Startup Time": 27.267,
                          "Actual Total Time": 992.783,
                          "Actual Rows": 3143,
                          "Actual Loops": 1,
                          "Inner Unique": true,
                          "Join Filter": "(cc.subject_id = cct1.id)",
                          "Rows Removed by Join Filter": 737,
                          "Plans": [
                            {
                              "Node Type": "Nested Loop",
                              "Parent Relationship": "Outer",
                              "Parallel Aware": false,
                              "Join Type": "Inner",
                              "Startup Cost": 12.16,
                              "Total Cost": 16383.41,
                              "Plan Rows": 1,
                              "Plan Width": 47,
                              "Actual Startup Time": 27.252,
                              "Actual Total Time": 977.891,
                              "Actual Rows": 3880,
                              "Actual Loops": 1,
                              "Inner Unique": false,
                              "Plans": [
                                {
                                  "Node Type": "Nested Loop",
                                  "Parent Relationship": "Outer",
                                  "Parallel Aware": false,
                                  "Join Type": "Inner",
                                  "Startup Cost": 11.72,
                                  "Total Cost": 16378.93,
                                  "Plan Rows": 1,
                                  "Plan Width": 35,
                                  "Actual Startup Time": 26.944,
                                  "Actual Total Time": 904.67,
                                  "Actual Rows": 10091,
                                  "Actual Loops": 1,
                                  "Inner Unique": false,
                                  "Join Filter": "(t.kind_id = kt.id)",
                                  "Rows Removed by Join Filter": 5020,
                                  "Plans": [
                                    {
                                      "Node Type": "Seq Scan",
                                      "Parent Relationship": "Outer",
                                      "Parallel Aware": false,
                                      "Relation Name": "kind_type",
                                      "Alias": "kt",
                                      "Startup Cost": 0.0,
                                      "Total Cost": 1.09,
                                      "Plan Rows": 1,
                                      "Plan Width": 4,
                                      "Actual Startup Time": 0.031,
                                      "Actual Total Time": 0.033,
                                      "Actual Rows": 1,
                                      "Actual Loops": 1,
                                      "Filter": "((kind)::text = 'movie'::text)",
                                      "Rows Removed by Filter": 6
                                    },
                                    {
                                      "Node Type": "Nested Loop",
                                      "Parent Relationship": "Inner",
                                      "Parallel Aware": false,
                                      "Join Type": "Inner",
                                      "Startup Cost": 11.72,
                                      "Total Cost": 16377.78,
                                      "Plan Rows": 5,
                                      "Plan Width": 39,
                                      "Actual Startup Time": 1.233,
                                      "Actual Total Time": 901.22,
                                      "Actual Rows": 15111,
                                      "Actual Loops": 1,
                                      "Inner Unique": true,
                                      "Plans": [
                                        {
                                          "Node Type": "Nested Loop",
                                          "Parent Relationship": "Outer",
                                          "Parallel Aware": false,
                                          "Join Type": "Inner",
                                          "Startup Cost": 11.28,
                                          "Total Cost": 16337.63,
                                          "Plan Rows": 9,
                                          "Plan Width": 14,
                                          "Actual Startup Time": 1.137,
                                          "Actual Total Time": 565.845,
                                          "Actual Rows": 32827,
                                          "Actual Loops": 1,
                                          "Inner Unique": false,
                                          "Join Filter": "(mi_idx.info_type_id = it2.id)",
                                          "Rows Removed by Join Filter": 65953,
                                          "Plans": [
                                            {
                                              "Node Type": "Seq Scan",
                                              "Parent Relationship": "Outer",
                                              "Parallel Aware": false,
                                              "Relation Name": "info_type",
                                              "Alias": "it2",
                                              "Startup Cost": 0.0,
                                              "Total Cost": 2.41,
                                              "Plan Rows": 1,
                                              "Plan Width": 4,
                                              "Actual Startup Time": 0.048,
                                              "Actual Total Time": 0.051,
                                              "Actual Rows": 1,
                                              "Actual Loops": 1,
                                              "Filter": "((info)::text = 'rating'::text)",
                                              "Rows Removed by Filter": 112
                                            },
                                            {
                                              "Node Type": "Nested Loop",
                                              "Parent Relationship": "Inner",
                                              "Parallel Aware": false,
                                              "Join Type": "Inner",
                                              "Startup Cost": 11.28,
                                              "Total Cost": 16322.41,
                                              "Plan Rows": 1025,
                                              "Plan Width": 18,
                                              "Actual Startup Time": 1.086,
                                              "Actual Total Time": 553.855,
                                              "Actual Rows": 98780,
                                              "Actual Loops": 1,
                                              "Inner Unique": false,
                                              "Plans": [
                                                {
                                                  "Node Type": "Nested Loop",
                                                  "Parent Relationship": "Outer",
                                                  "Parallel Aware": false,
                                                  "Join Type": "Inner",
                                                  "Startup Cost": 10.82,
                                                  "Total Cost": 14797.9,
                                                  "Plan Rows": 337,
                                                  "Plan Width": 4,
                                                  "Actual Startup Time": 0.979,
                                                  "Actual Total Time": 186.292,
                                                  "Actual Rows": 41300,
                                                  "Actual Loops": 1,
                                                  "Inner Unique": false,
                                                  "Plans": [
                                                    {
                                                      "Node Type": "Seq Scan",
                                                      "Parent Relationship": "Outer",
                                                      "Parallel Aware": false,
                                                      "Relation Name": "keyword",
                                                      "Alias": "k",
                                                      "Startup Cost": 0.0,
                                                      "Total Cost": 3967.82,
                                                      "Plan Rows": 10,
                                                      "Plan Width": 4,
                                                      "Actual Startup Time": 0.224,
                                                      "Actual Total Time": 27.427,
                                                      "Actual Rows": 9,
                                                      "Actual Loops": 1,
                                                      "Filter": "(keyword = ANY ('{magnet,computer-animated-movie,laser,hospital,death,superhero,second-part,violence,sequel,based-on-comic}'::text[]))",
                                                      "Rows Removed by Filter": 134161
                                                    },
                                                    {
                                                      "Node Type": "Bitmap Heap Scan",
                                                      "Parent Relationship": "Inner",
                                                      "Parallel Aware": false,
                                                      "Relation Name": "movie_keyword",
                                                      "Alias": "mk",
                                                      "Startup Cost": 10.82,
                                                      "Total Cost": 1079.93,
                                                      "Plan Rows": 308,
                                                      "Plan Width": 8,
                                                      "Actual Startup Time": 1.293,
                                                      "Actual Total Time": 16.694,
                                                      "Actual Rows": 4589,
                                                      "Actual Loops": 9,
                                                      "Recheck Cond": "(keyword_id = k.id)",
                                                      "Rows Removed by Index Recheck": 0,
                                                      "Exact Heap Blocks": 30485,
                                                      "Lossy Heap Blocks": 0,
                                                      "Plans": [
                                                        {
                                                          "Node Type": "Bitmap Index Scan",
                                                          "Parent Relationship": "Outer",
                                                          "Parallel Aware": false,
                                                          "Index Name": "keyword_id_movie_keyword",
                                                          "Startup Cost": 0.0,
                                                          "Total Cost": 10.74,
                                                          "Plan Rows": 308,
                                                          "Plan Width": 0,
                                                          "Actual Startup Time": 0.794,
                                                          "Actual Total Time": 0.794,
                                                          "Actual Rows": 4589,
                                                          "Actual Loops": 9,
                                                          "Index Cond": "(keyword_id = k.id)"
                                                        }
                                                      ]
                                                    }
                                                  ]
                                                },
                                                {
                                                  "Node Type": "Bitmap Heap Scan",
                                                  "Parent Relationship": "Inner",
                                                  "Parallel Aware": false,
                                                  "Relation Name": "movie_info_idx",
                                                  "Alias": "mi_idx",
                                                  "Startup Cost": 0.46,
                                                  "Total Cost": 4.49,
                                                  "Plan Rows": 3,
                                                  "Plan Width": 14,
                                                  "Actual Startup Time": 0.006,
                                                  "Actual Total Time": 0.006,
                                                  "Actual Rows": 2,
                                                  "Actual Loops": 41300,
                                                  "Recheck Cond": "(movie_id = mk.movie_id)",
                                                  "Rows Removed by Index Recheck": 0,
                                                  "Exact Heap Blocks": 33406,
                                                  "Lossy Heap Blocks": 0,
                                                  "Plans": [
                                                    {
                                                      "Node Type": "Bitmap Index Scan",
                                                      "Parent Relationship": "Outer",
                                                      "Parallel Aware": false,
                                                      "Index Name": "movie_id_movie_info_idx",
                                                      "Startup Cost": 0.0,
                                                      "Total Cost": 0.46,
                                                      "Plan Rows": 3,
                                                      "Plan Width": 0,
                                                      "Actual Startup Time": 0.004,
                                                      "Actual Total Time": 0.004,
                                                      "Actual Rows": 2,
                                                      "Actual Loops": 41300,
                                                      "Index Cond": "(movie_id = mk.movie_id)"
                                                    }
                                                  ]
                                                }
                                              ]
                                            }
                                          ]
                                        },
                                        {
                                          "Node Type": "Bitmap Heap Scan",
                                          "Parent Relationship": "Inner",
                                          "Parallel Aware": false,
                                          "Relation Name": "title",
                                          "Alias": "t",
                                          "Startup Cost": 0.45,
                                          "Total Cost": 4.46,
                                          "Plan Rows": 1,
                                          "Plan Width": 25,
                                          "Actual Startup Time": 0.008,
                                          "Actual Total Time": 0.008,
                                          "Actual Rows": 0,
                                          "Actual Loops": 32827,
                                          "Recheck Cond": "(id = mk.movie_id)",
                                          "Rows Removed by Index Recheck": 0,
                                          "Filter": "(production_year > 1997)",
                                          "Rows Removed by Filter": 1,
                                          "Exact Heap Blocks": 32827,
                                          "Lossy Heap Blocks": 0,
                                          "Plans": [
                                            {
                                              "Node Type": "Bitmap Index Scan",
                                              "Parent Relationship": "Outer",
                                              "Parallel Aware": false,
                                              "Index Name": "title_pkey",
                                              "Startup Cost": 0.0,
                                              "Total Cost": 0.45,
                                              "Plan Rows": 1,
                                              "Plan Width": 0,
                                              "Actual Startup Time": 0.004,
                                              "Actual Total Time": 0.004,
                                              "Actual Rows": 1,
                                              "Actual Loops": 32827,
                                              "Index Cond": "(id = mk.movie_id)"
                                            }
                                          ]
                                        }
                                      ]
                                    }
                                  ]
                                },
                                {
                                  "Node Type": "Bitmap Heap Scan",
                                  "Parent Relationship": "Inner",
                                  "Parallel Aware": false,
                                  "Relation Name": "complete_cast",
                                  "Alias": "cc",
                                  "Startup Cost": 0.44,
                                  "Total Cost": 4.46,
                                  "Plan Rows": 2,
                                  "Plan Width": 12,
                                  "Actual Startup Time": 0.005,
                                  "Actual Total Time": 0.005,
                                  "Actual Rows": 0,
                                  "Actual Loops": 10091,
                                  "Recheck Cond": "(movie_id = t.id)",
                                  "Rows Removed by Index Recheck": 0,
                                  "Exact Heap Blocks": 3880,
                                  "Lossy Heap Blocks": 0,
                                  "Plans": [
                                    {
                                      "Node Type": "Bitmap Index Scan",
                                      "Parent Relationship": "Outer",
                                      "Parallel Aware": false,
                                      "Index Name": "movie_id_complete_cast",
                                      "Startup Cost": 0.0,
                                      "Total Cost": 0.44,
                                      "Plan Rows": 2,
                                      "Plan Width": 0,
                                      "Actual Startup Time": 0.003,
                                      "Actual Total Time": 0.003,
                                      "Actual Rows": 0,
                                      "Actual Loops": 10091,
                                      "Index Cond": "(movie_id = t.id)"
                                    }
                                  ]
                                }
                              ]
                            },
                            {
                              "Node Type": "Seq Scan",
                              "Parent Relationship": "Inner",
                              "Parallel Aware": false,
                              "Relation Name": "comp_cast_type",
                              "Alias": "cct1",
                              "Startup Cost": 0.0,
                              "Total Cost": 1.05,
                              "Plan Rows": 1,
                              "Plan Width": 4,
                              "Actual Startup Time": 0.001,
                              "Actual Total Time": 0.002,
                              "Actual Rows": 1,
                              "Actual Loops": 3880,
                              "Filter": "((kind)::text = 'cast'::text)",
                              "Rows Removed by Filter": 1
                            }
                          ]
                        },
                        {
                          "Node Type": "Seq Scan",
                          "Parent Relationship": "Inner",
                          "Parallel Aware": false,
                          "Relation Name": "comp_cast_type",
                          "Alias": "cct2",
                          "Startup Cost": 0.0,
                          "Total Cost": 1.05,
                          "Plan Rows": 1,
                          "Plan Width": 4,
                          "Actual Startup Time": 0.001,
                          "Actual Total Time": 0.002,
                          "Actual Rows": 1,
                          "Actual Loops": 3143,
                          "Filter": "((kind)::text ~~ '%complete%'::text)",
                          "Rows Removed by Filter": 2
                        }
                      ]
                    },
                    {
                      "Node Type": "Bitmap Heap Scan",
                      "Parent Relationship": "Inner",
                      "Parallel Aware": false,
                      "Relation Name": "cast_info",
                      "Alias": "ci",
                      "Startup Cost": 0.94,
                      "Total Cost": 5.37,
                      "Plan Rows": 34,
                      "Plan Width": 12,
                      "Actual Startup Time": 0.032,
                      "Actual Total Time": 0.426,
                      "Actual Rows": 134,
                      "Actual Loops": 3143,
                      "Recheck Cond": "(movie_id = mk.movie_id)",
                      "Rows Removed by Index Recheck": 0,
                      "Exact Heap Blocks": 409344,
                      "Lossy Heap Blocks": 0,
                      "Plans": [
                        {
                          "Node Type": "Bitmap Index Scan",
                          "Parent Relationship": "Outer",
                          "Parallel Aware": false,
                          "Index Name": "movie_id_cast_info",
                          "Startup Cost": 0.0,
                          "Total Cost": 0.94,
                          "Plan Rows": 34,
                          "Plan Width": 0,
                          "Actual Startup Time": 0.017,
                          "Actual Total Time": 0.017,
                          "Actual Rows": 134,
                          "Actual Loops": 3143,
                          "Index Cond": "(movie_id = mk.movie_id)"
                        }
                      ]
                    }
                  ]
                },
                {
                  "Node Type": "Bitmap Heap Scan",
                  "Parent Relationship": "Inner",
                  "Parallel Aware": false,
                  "Relation Name": "char_name",
                  "Alias": "chn",
                  "Startup Cost": 0.44,
                  "Total Cost": 4.46,
                  "Plan Rows": 1,
                  "Plan Width": 20,
                  "Actual Startup Time": 0.003,
                  "Actual Total Time": 0.003,
                  "Actual Rows": 0,
                  "Actual Loops": 421144,
                  "Recheck Cond": "(id = ci.person_role_id)",
                  "Rows Removed by Index Recheck": 0,
                  "Filter": "((name IS NOT NULL) AND ((name ~~ '%man%'::text) OR (name ~~ '%Man%'::text)))",
                  "Rows Removed by Filter": 0,
                  "Exact Heap Blocks": 167082,
                  "Lossy Heap Blocks": 0,
                  "Plans": [
                    {
                      "Node Type": "Bitmap Index Scan",
                      "Parent Relationship": "Outer",
                      "Parallel Aware": false,
                      "Index Name": "char_name_pkey",
                      "Startup Cost": 0.0,
                      "Total Cost": 0.44,
                      "Plan Rows": 1,
                      "Plan Width": 0,
                      "Actual Startup Time": 0.002,
                      "Actual Total Time": 0.002,
                      "Actual Rows": 0,
                      "Actual Loops": 421144,
                      "Index Cond": "(id = ci.person_role_id)"
                    }
                  ]
                }
              ]
            },
            {
              "Node Type": "Bitmap Heap Scan",
              "Parent Relationship": "Inner",
              "Parallel Aware": false,
              "Relation Name": "name",
              "Alias": "n",
              "Startup Cost": 0.44,
              "Total Cost": 4.45,
              "Plan Rows": 1,
              "Plan Width": 4,
              "Actual Startup Time": 0.011,
              "Actual Total Time": 0.011,
              "Actual Rows": 1,
              "Actual Loops": 12183,
              "Recheck Cond": "(id = ci.person_id)",
              "Rows Removed by Index Recheck": 0,
              "Exact Heap Blocks": 12183,
              "Lossy Heap Blocks": 0,
              "Plans": [
                {
                  "Node Type": "Bitmap Index Scan",
                  "Parent Relationship": "Outer",
                  "Parallel Aware": false,
                  "Index Name": "name_pkey",
                  "Startup Cost": 0.0,
                  "Total Cost": 0.44,
                  "Plan Rows": 1,
                  "Plan Width": 0,
                  "Actual Startup Time": 0.007,
                  "Actual Total Time": 0.007,
                  "Actual Rows": 1,
                  "Actual Loops": 12183,
                  "Index Cond": "(id = ci.person_id)"
                }
              ]
            }
          ]
        }
      ]
    },
    "Planning Time": 69.789,
    "Triggers": [],
    "Execution Time": 4855.988
  }
]