[
    {
        "Bao": {
            "Bao prediction": "NaN",
            "Bao recommended hint": "(no hint)"
        }
    },
    {
        "Plan": {
            "Node Type": "Aggregate",
            "Strategy": "Plain",
            "Partial Mode": "Finalize",
            "Parallel Aware": false,
            "Startup Cost": 342567.74,
            "Total Cost": 342567.75,
            "Plan Rows": 1,
            "Plan Width": 8,
            "Actual Startup Time": 865.643,
            "Actual Total Time": 896.167,
            "Actual Rows": 1,
            "Actual Loops": 1,
            "Output": [
                "count(*)"
            ],
            "Plans": [
                {
                    "Node Type": "Gather",
                    "Parent Relationship": "Outer",
                    "Parallel Aware": false,
                    "Startup Cost": 342567.12,
                    "Total Cost": 342567.73,
                    "Plan Rows": 6,
                    "Plan Width": 8,
                    "Actual Startup Time": 865.558,
                    "Actual Total Time": 896.161,
                    "Actual Rows": 7,
                    "Actual Loops": 1,
                    "Output": [
                        "(PARTIAL count(*))"
                    ],
                    "Workers Planned": 6,
                    "Workers Launched": 6,
                    "Single Copy": false,
                    "Plans": [
                        {
                            "Node Type": "Aggregate",
                            "Strategy": "Plain",
                            "Partial Mode": "Partial",
                            "Parent Relationship": "Outer",
                            "Parallel Aware": false,
                            "Startup Cost": 341567.12,
                            "Total Cost": 341567.13,
                            "Plan Rows": 1,
                            "Plan Width": 8,
                            "Actual Startup Time": 855.991,
                            "Actual Total Time": 855.992,
                            "Actual Rows": 1,
                            "Actual Loops": 7,
                            "Output": [
                                "PARTIAL count(*)"
                            ],
                            "Workers": [
                                {
                                    "Worker Number": 0,
                                    "Actual Startup Time": 853.688,
                                    "Actual Total Time": 853.689,
                                    "Actual Rows": 1,
                                    "Actual Loops": 1
                                },
                                {
                                    "Worker Number": 1,
                                    "Actual Startup Time": 853.71,
                                    "Actual Total Time": 853.711,
                                    "Actual Rows": 1,
                                    "Actual Loops": 1
                                },
                                {
                                    "Worker Number": 2,
                                    "Actual Startup Time": 854.459,
                                    "Actual Total Time": 854.461,
                                    "Actual Rows": 1,
                                    "Actual Loops": 1
                                },
                                {
                                    "Worker Number": 3,
                                    "Actual Startup Time": 854.683,
                                    "Actual Total Time": 854.684,
                                    "Actual Rows": 1,
                                    "Actual Loops": 1
                                },
                                {
                                    "Worker Number": 4,
                                    "Actual Startup Time": 854.854,
                                    "Actual Total Time": 854.855,
                                    "Actual Rows": 1,
                                    "Actual Loops": 1
                                },
                                {
                                    "Worker Number": 5,
                                    "Actual Startup Time": 855.305,
                                    "Actual Total Time": 855.306,
                                    "Actual Rows": 1,
                                    "Actual Loops": 1
                                }
                            ],
                            "Plans": [
                                {
                                    "Node Type": "Seq Scan",
                                    "Parent Relationship": "Outer",
                                    "Parallel Aware": true,
                                    "Relation Name": "cast_info",
                                    "Schema": "public",
                                    "Alias": "ci",
                                    "Startup Cost": 0.0,
                                    "Total Cost": 328213.62,
                                    "Plan Rows": 5341400,
                                    "Plan Width": 0,
                                    "Actual Startup Time": 55.312,
                                    "Actual Total Time": 636.654,
                                    "Actual Rows": 4571046,
                                    "Actual Loops": 7,
                                    "Output": [
                                        "id",
                                        "person_id",
                                        "movie_id",
                                        "person_role_id",
                                        "note",
                                        "nr_order",
                                        "role_id"
                                    ],
                                    "Filter": "(ci.person_id > 409686)",
                                    "Rows Removed by Filter": 606717,
                                    "Workers": [
                                        {
                                            "Worker Number": 0,
                                            "Actual Startup Time": 53.024,
                                            "Actual Total Time": 634.812,
                                            "Actual Rows": 3330467,
                                            "Actual Loops": 1
                                        },
                                        {
                                            "Worker Number": 1,
                                            "Actual Startup Time": 53.019,
                                            "Actual Total Time": 638.059,
                                            "Actual Rows": 5177976,
                                            "Actual Loops": 1
                                        },
                                        {
                                            "Worker Number": 2,
                                            "Actual Startup Time": 53.794,
                                            "Actual Total Time": 643.48,
                                            "Actual Rows": 5176515,
                                            "Actual Loops": 1
                                        },
                                        {
                                            "Worker Number": 3,
                                            "Actual Startup Time": 53.993,
                                            "Actual Total Time": 643.41,
                                            "Actual Rows": 5186616,
                                            "Actual Loops": 1
                                        },
                                        {
                                            "Worker Number": 4,
                                            "Actual Startup Time": 54.158,
                                            "Actual Total Time": 635.655,
                                            "Actual Rows": 3328295,
                                            "Actual Loops": 1
                                        },
                                        {
                                            "Worker Number": 5,
                                            "Actual Startup Time": 54.638,
                                            "Actual Total Time": 636.296,
                                            "Actual Rows": 3333642,
                                            "Actual Loops": 1
                                        }
                                    ]
                                }
                            ]
                        }
                    ]
                }
            ]
        },
        "Planning Time": 197.662,
        "Triggers": [],
        "Execution Time": 896.209
    }
]