[
  {
    "Plan": {
      "Node Type": "Aggregate",
      "Strategy": "Plain",
      "Partial Mode": "Finalize",
      "Parallel Aware": false,
      "Startup Cost": 64210.5,
      "Total Cost": 64210.51,
      "Plan Rows": 1,
      "Plan Width": 8,
      "Actual Startup Time": 120.278,
      "Actual Total Time": 136.781,
      "Actual Rows": 1,
      "Actual Loops": 1,
      "Plans": [
        {
          "Node Type": "Gather",
          "Parent Relationship": "Outer",
          "Parallel Aware": false,
          "Startup Cost": 64210.08,
          "Total Cost": 64210.49,
          "Plan Rows": 4,
          "Plan Width": 8,
          "Actual Startup Time": 120.037,
          "Actual Total Time": 136.773,
          "Actual Rows": 5,
          "Actual Loops": 1,
          "Workers Planned": 4,
          "Workers Launched": 4,
          "Single Copy": false,
          "Plans": [
            {
              "Node Type": "Aggregate",
              "Strategy": "Plain",
              "Partial Mode": "Partial",
              "Parent Relationship": "Outer",
              "Parallel Aware": false,
              "Startup Cost": 63210.08,
              "Total Cost": 63210.09,
              "Plan Rows": 1,
              "Plan Width": 8,
              "Actual Startup Time": 109.927,
              "Actual Total Time": 109.929,
              "Actual Rows": 1,
              "Actual Loops": 5,
              "Plans": [
                {
                  "Node Type": "Nested Loop",
                  "Parent Relationship": "Outer",
                  "Parallel Aware": false,
                  "Join Type": "Inner",
                  "Startup Cost": 0.86,
                  "Total Cost": 63210.06,
                  "Plan Rows": 9,
                  "Plan Width": 0,
                  "Actual Startup Time": 63.804,
                  "Actual Total Time": 109.912,
                  "Actual Rows": 33,
                  "Actual Loops": 5,
                  "Inner Unique": false,
                  "Join Filter": "(t.id = mi.movie_id)",
                  "Rows Removed by Join Filter": 0,
                  "Plans": [
                    {
                      "Node Type": "Nested Loop",
                      "Parent Relationship": "Outer",
                      "Parallel Aware": false,
                      "Join Type": "Inner",
                      "Startup Cost": 0.43,
                      "Total Cost": 62573.43,
                      "Plan Rows": 170,
                      "Plan Width": 8,
                      "Actual Startup Time": 1.004,
                      "Actual Total Time": 93.849,
                      "Actual Rows": 322,
                      "Actual Loops": 5,
                      "Inner Unique": false,
                      "Plans": [
                        {
                          "Node Type": "Seq Scan",
                          "Parent Relationship": "Outer",
                          "Parallel Aware": true,
                          "Relation Name": "title",
                          "Alias": "t",
                          "Startup Cost": 0.0,
                          "Total Cost": 45479.1,
                          "Plan Rows": 1223,
                          "Plan Width": 4,
                          "Actual Startup Time": 0.736,
                          "Actual Total Time": 80.294,
                          "Actual Rows": 1058,
                          "Actual Loops": 5,
                          "Filter": "((kind_id < 7) AND (production_year = 1966))",
                          "Rows Removed by Filter": 504604
                        },
                        {
                          "Node Type": "Index Scan",
                          "Parent Relationship": "Inner",
                          "Parallel Aware": false,
                          "Scan Direction": "Forward",
                          "Index Name": "movie_id_movie_companies",
                          "Relation Name": "movie_companies",
                          "Alias": "mc",
                          "Startup Cost": 0.43,
                          "Total Cost": 13.97,
                          "Plan Rows": 1,
                          "Plan Width": 4,
                          "Actual Startup Time": 0.011,
                          "Actual Total Time": 0.012,
                          "Actual Rows": 0,
                          "Actual Loops": 5291,
                          "Index Cond": "(movie_id = t.id)",
                          "Rows Removed by Index Recheck": 0,
                          "Filter": "((company_id < 1368) AND (company_type_id < 2))",
                          "Rows Removed by Filter": 2
                        }
                      ]
                    },
                    {
                      "Node Type": "Index Scan",
                      "Parent Relationship": "Inner",
                      "Parallel Aware": false,
                      "Scan Direction": "Forward",
                      "Index Name": "movie_id_movie_info",
                      "Relation Name": "movie_info",
                      "Alias": "mi",
                      "Startup Cost": 0.43,
                      "Total Cost": 3.73,
                      "Plan Rows": 1,
                      "Plan Width": 4,
                      "Actual Startup Time": 0.047,
                      "Actual Total Time": 0.05,
                      "Actual Rows": 0,
                      "Actual Loops": 1608,
                      "Index Cond": "(movie_id = mc.movie_id)",
                      "Rows Removed by Index Recheck": 0,
                      "Filter": "(info_type_id = 105)",
                      "Rows Removed by Filter": 47
                    }
                  ]
                }
              ]
            }
          ]
        }
      ]
    },
    "Planning Time": 1.529,
    "Triggers": [],
    "Execution Time": 136.869
  }
]