[
  {
    "Plan": {
      "Node Type": "Aggregate",
      "Strategy": "Plain",
      "Partial Mode": "Finalize",
      "Parallel Aware": false,
      "Startup Cost": 422575.26,
      "Total Cost": 422575.27,
      "Plan Rows": 1,
      "Plan Width": 8,
      "Actual Startup Time": 2600.409,
      "Actual Total Time": 2679.844,
      "Actual Rows": 1,
      "Actual Loops": 1,
      "Plans": [
        {
          "Node Type": "Gather",
          "Parent Relationship": "Outer",
          "Parallel Aware": false,
          "Startup Cost": 422574.94,
          "Total Cost": 422575.25,
          "Plan Rows": 3,
          "Plan Width": 8,
          "Actual Startup Time": 2598.665,
          "Actual Total Time": 2679.835,
          "Actual Rows": 4,
          "Actual Loops": 1,
          "Workers Planned": 3,
          "Workers Launched": 3,
          "Single Copy": false,
          "Plans": [
            {
              "Node Type": "Aggregate",
              "Strategy": "Plain",
              "Partial Mode": "Partial",
              "Parent Relationship": "Outer",
              "Parallel Aware": false,
              "Startup Cost": 421574.94,
              "Total Cost": 421574.95,
              "Plan Rows": 1,
              "Plan Width": 8,
              "Actual Startup Time": 2590.979,
              "Actual Total Time": 2590.983,
              "Actual Rows": 1,
              "Actual Loops": 4,
              "Plans": [
                {
                  "Node Type": "Nested Loop",
                  "Parent Relationship": "Outer",
                  "Parallel Aware": false,
                  "Join Type": "Inner",
                  "Startup Cost": 45558.27,
                  "Total Cost": 419665.31,
                  "Plan Rows": 763853,
                  "Plan Width": 0,
                  "Actual Startup Time": 155.307,
                  "Actual Total Time": 2501.284,
                  "Actual Rows": 1828273,
                  "Actual Loops": 4,
                  "Inner Unique": false,
                  "Join Filter": "(t.id = ci.movie_id)",
                  "Rows Removed by Join Filter": 0,
                  "Plans": [
                    {
                      "Node Type": "Hash Join",
                      "Parent Relationship": "Outer",
                      "Parallel Aware": true,
                      "Join Type": "Inner",
                      "Startup Cost": 45557.71,
                      "Total Cost": 90248.69,
                      "Plan Rows": 159541,
                      "Plan Width": 8,
                      "Actual Startup Time": 154.958,
                      "Actual Total Time": 334.556,
                      "Actual Rows": 64266,
                      "Actual Loops": 4,
                      "Inner Unique": true,
                      "Hash Cond": "(mk.movie_id = t.id)",
                      "Plans": [
                        {
                          "Node Type": "Seq Scan",
                          "Parent Relationship": "Outer",
                          "Parallel Aware": true,
                          "Relation Name": "movie_keyword",
                          "Alias": "mk",
                          "Startup Cost": 0.0,
                          "Total Cost": 42695.65,
                          "Plan Rows": 760124,
                          "Plan Width": 4,
                          "Actual Startup Time": 0.278,
                          "Actual Total Time": 104.201,
                          "Actual Rows": 585682,
                          "Actual Loops": 4,
                          "Filter": "(keyword_id > 4304)",
                          "Rows Removed by Filter": 545301
                        },
                        {
                          "Node Type": "Hash",
                          "Parent Relationship": "Inner",
                          "Parallel Aware": true,
                          "Startup Cost": 43899.32,
                          "Total Cost": 43899.32,
                          "Plan Rows": 132671,
                          "Plan Width": 4,
                          "Actual Startup Time": 151.556,
                          "Actual Total Time": 151.557,
                          "Actual Rows": 133342,
                          "Actual Loops": 4,
                          "Hash Buckets": 1048576,
                          "Original Hash Buckets": 1048576,
                          "Hash Batches": 1,
                          "Original Hash Batches": 1,
                          "Peak Memory Usage": 29120,
                          "Plans": [
                            {
                              "Node Type": "Seq Scan",
                              "Parent Relationship": "Outer",
                              "Parallel Aware": true,
                              "Relation Name": "title",
                              "Alias": "t",
                              "Startup Cost": 0.0,
                              "Total Cost": 43899.32,
                              "Plan Rows": 132671,
                              "Plan Width": 4,
                              "Actual Startup Time": 0.036,
                              "Actual Total Time": 99.513,
                              "Actual Rows": 133342,
                              "Actual Loops": 4,
                              "Filter": "(production_year > 2009)",
                              "Rows Removed by Filter": 498736
                            }
                          ]
                        }
                      ]
                    },
                    {
                      "Node Type": "Index Scan",
                      "Parent Relationship": "Inner",
                      "Parallel Aware": false,
                      "Scan Direction": "Forward",
                      "Index Name": "movie_id_cast_info",
                      "Relation Name": "cast_info",
                      "Alias": "ci",
                      "Startup Cost": 0.56,
                      "Total Cost": 1.91,
                      "Plan Rows": 12,
                      "Plan Width": 4,
                      "Actual Startup Time": 0.018,
                      "Actual Total Time": 0.031,
                      "Actual Rows": 28,
                      "Actual Loops": 257065,
                      "Index Cond": "(movie_id = mk.movie_id)",
                      "Rows Removed by Index Recheck": 0,
                      "Filter": "(role_id > 3)",
                      "Rows Removed by Filter": 33
                    }
                  ]
                }
              ]
            }
          ]
        }
      ]
    },
    "Planning Time": 0.5,
    "Triggers": [],
    "Execution Time": 2679.907
  }
]