[
  {
    "Plan": {
      "Node Type": "Aggregate",
      "Strategy": "Plain",
      "Partial Mode": "Simple",
      "Parallel Aware": false,
      "Startup Cost": 3210.9,
      "Total Cost": 3210.91,
      "Plan Rows": 1,
      "Plan Width": 8,
      "Actual Startup Time": 3.842,
      "Actual Total Time": 3.846,
      "Actual Rows": 1,
      "Actual Loops": 1,
      "Plans": [
        {
          "Node Type": "Nested Loop",
          "Parent Relationship": "Outer",
          "Parallel Aware": false,
          "Join Type": "Inner",
          "Startup Cost": 7.22,
          "Total Cost": 3209.82,
          "Plan Rows": 432,
          "Plan Width": 0,
          "Actual Startup Time": 0.402,
          "Actual Total Time": 3.546,
          "Actual Rows": 1649,
          "Actual Loops": 1,
          "Inner Unique": false,
          "Plans": [
            {
              "Node Type": "Nested Loop",
              "Parent Relationship": "Outer",
              "Parallel Aware": false,
              "Join Type": "Inner",
              "Startup Cost": 6.78,
              "Total Cost": 3007.2,
              "Plan Rows": 74,
              "Plan Width": 8,
              "Actual Startup Time": 0.363,
              "Actual Total Time": 0.792,
              "Actual Rows": 19,
              "Actual Loops": 1,
              "Inner Unique": true,
              "Plans": [
                {
                  "Node Type": "Bitmap Heap Scan",
                  "Parent Relationship": "Outer",
                  "Parallel Aware": false,
                  "Relation Name": "movie_keyword",
                  "Alias": "mk",
                  "Startup Cost": 6.35,
                  "Total Cost": 922.98,
                  "Plan Rows": 248,
                  "Plan Width": 4,
                  "Actual Startup Time": 0.212,
                  "Actual Total Time": 0.322,
                  "Actual Rows": 25,
                  "Actual Loops": 1,
                  "Recheck Cond": "(keyword_id = 9651)",
                  "Rows Removed by Index Recheck": 0,
                  "Exact Heap Blocks": 25,
                  "Lossy Heap Blocks": 0,
                  "Plans": [
                    {
                      "Node Type": "Bitmap Index Scan",
                      "Parent Relationship": "Outer",
                      "Parallel Aware": false,
                      "Index Name": "keyword_id_movie_keyword",
                      "Startup Cost": 0.0,
                      "Total Cost": 6.29,
                      "Plan Rows": 248,
                      "Plan Width": 0,
                      "Actual Startup Time": 0.19,
                      "Actual Total Time": 0.191,
                      "Actual Rows": 25,
                      "Actual Loops": 1,
                      "Index Cond": "(keyword_id = 9651)"
                    }
                  ]
                },
                {
                  "Node Type": "Index Scan",
                  "Parent Relationship": "Inner",
                  "Parallel Aware": false,
                  "Scan Direction": "Forward",
                  "Index Name": "title_pkey",
                  "Relation Name": "title",
                  "Alias": "t",
                  "Startup Cost": 0.43,
                  "Total Cost": 8.4,
                  "Plan Rows": 1,
                  "Plan Width": 4,
                  "Actual Startup Time": 0.017,
                  "Actual Total Time": 0.017,
                  "Actual Rows": 1,
                  "Actual Loops": 25,
                  "Index Cond": "(id = mk.movie_id)",
                  "Rows Removed by Index Recheck": 0,
                  "Filter": "((kind_id < 7) AND (production_year < 2010))",
                  "Rows Removed by Filter": 0
                }
              ]
            },
            {
              "Node Type": "Index Only Scan",
              "Parent Relationship": "Inner",
              "Parallel Aware": false,
              "Scan Direction": "Forward",
              "Index Name": "movie_id_movie_info",
              "Relation Name": "movie_info",
              "Alias": "mi",
              "Startup Cost": 0.43,
              "Total Cost": 2.32,
              "Plan Rows": 42,
              "Plan Width": 4,
              "Actual Startup Time": 0.027,
              "Actual Total Time": 0.12,
              "Actual Rows": 87,
              "Actual Loops": 19,
              "Index Cond": "(movie_id = t.id)",
              "Rows Removed by Index Recheck": 0,
              "Heap Fetches": 1649
            }
          ]
        }
      ]
    },
    "Planning Time": 1.441,
    "Triggers": [],
    "Execution Time": 4.014
  }
]