[
  {
    "Plan": {
      "Node Type": "Aggregate",
      "Strategy": "Plain",
      "Partial Mode": "Finalize",
      "Parallel Aware": false,
      "Startup Cost": 79873.18,
      "Total Cost": 79873.19,
      "Plan Rows": 1,
      "Plan Width": 8,
      "Actual Startup Time": 353.628,
      "Actual Total Time": 368.888,
      "Actual Rows": 1,
      "Actual Loops": 1,
      "Plans": [
        {
          "Node Type": "Gather",
          "Parent Relationship": "Outer",
          "Parallel Aware": false,
          "Startup Cost": 79872.76,
          "Total Cost": 79873.17,
          "Plan Rows": 4,
          "Plan Width": 8,
          "Actual Startup Time": 349.983,
          "Actual Total Time": 368.877,
          "Actual Rows": 5,
          "Actual Loops": 1,
          "Workers Planned": 4,
          "Workers Launched": 4,
          "Single Copy": false,
          "Plans": [
            {
              "Node Type": "Aggregate",
              "Strategy": "Plain",
              "Partial Mode": "Partial",
              "Parent Relationship": "Outer",
              "Parallel Aware": false,
              "Startup Cost": 78872.76,
              "Total Cost": 78872.77,
              "Plan Rows": 1,
              "Plan Width": 8,
              "Actual Startup Time": 341.181,
              "Actual Total Time": 341.184,
              "Actual Rows": 1,
              "Actual Loops": 5,
              "Plans": [
                {
                  "Node Type": "Hash Join",
                  "Parent Relationship": "Outer",
                  "Parallel Aware": true,
                  "Join Type": "Inner",
                  "Startup Cost": 32323.96,
                  "Total Cost": 78405.7,
                  "Plan Rows": 186823,
                  "Plan Width": 0,
                  "Actual Startup Time": 130.547,
                  "Actual Total Time": 334.742,
                  "Actual Rows": 152445,
                  "Actual Loops": 5,
                  "Inner Unique": false,
                  "Hash Cond": "(t.id = mc.movie_id)",
                  "Plans": [
                    {
                      "Node Type": "Seq Scan",
                      "Parent Relationship": "Outer",
                      "Parallel Aware": true,
                      "Relation Name": "title",
                      "Alias": "t",
                      "Startup Cost": 0.0,
                      "Total Cost": 42318.73,
                      "Plan Rows": 632073,
                      "Plan Width": 4,
                      "Actual Startup Time": 0.013,
                      "Actual Total Time": 63.111,
                      "Actual Rows": 505662,
                      "Actual Loops": 5
                    },
                    {
                      "Node Type": "Hash",
                      "Parent Relationship": "Inner",
                      "Parallel Aware": true,
                      "Startup Cost": 29310.68,
                      "Total Cost": 29310.68,
                      "Plan Rows": 241062,
                      "Plan Width": 4,
                      "Actual Startup Time": 126.247,
                      "Actual Total Time": 126.247,
                      "Actual Rows": 152445,
                      "Actual Loops": 5,
                      "Hash Buckets": 1048576,
                      "Original Hash Buckets": 1048576,
                      "Hash Batches": 1,
                      "Original Hash Batches": 1,
                      "Peak Memory Usage": 38112,
                      "Plans": [
                        {
                          "Node Type": "Seq Scan",
                          "Parent Relationship": "Outer",
                          "Parallel Aware": true,
                          "Relation Name": "movie_companies",
                          "Alias": "mc",
                          "Startup Cost": 0.0,
                          "Total Cost": 29310.68,
                          "Plan Rows": 241062,
                          "Plan Width": 4,
                          "Actual Startup Time": 26.34,
                          "Actual Total Time": 71.951,
                          "Actual Rows": 152445,
                          "Actual Loops": 5,
                          "Filter": "(company_id > 35141)",
                          "Rows Removed by Filter": 369381
                        }
                      ]
                    }
                  ]
                }
              ]
            }
          ]
        }
      ]
    },
    "Planning Time": 0.492,
    "Triggers": [],
    "Execution Time": 368.947
  }
]