[
  {
    "Plan": {
      "Node Type": "Aggregate",
      "Strategy": "Plain",
      "Partial Mode": "Finalize",
      "Parallel Aware": false,
      "Startup Cost": 285259.06,
      "Total Cost": 285259.07,
      "Plan Rows": 1,
      "Plan Width": 8,
      "Actual Startup Time": 1215.7,
      "Actual Total Time": 1263.063,
      "Actual Rows": 1,
      "Actual Loops": 1,
      "Plans": [
        {
          "Node Type": "Gather",
          "Parent Relationship": "Outer",
          "Parallel Aware": false,
          "Startup Cost": 285258.54,
          "Total Cost": 285259.05,
          "Plan Rows": 5,
          "Plan Width": 8,
          "Actual Startup Time": 1209.813,
          "Actual Total Time": 1263.05,
          "Actual Rows": 6,
          "Actual Loops": 1,
          "Workers Planned": 5,
          "Workers Launched": 5,
          "Single Copy": false,
          "Plans": [
            {
              "Node Type": "Aggregate",
              "Strategy": "Plain",
              "Partial Mode": "Partial",
              "Parent Relationship": "Outer",
              "Parallel Aware": false,
              "Startup Cost": 284258.54,
              "Total Cost": 284258.55,
              "Plan Rows": 1,
              "Plan Width": 8,
              "Actual Startup Time": 1203.787,
              "Actual Total Time": 1203.887,
              "Actual Rows": 1,
              "Actual Loops": 6,
              "Plans": [
                {
                  "Node Type": "Hash Join",
                  "Parent Relationship": "Outer",
                  "Parallel Aware": true,
                  "Join Type": "Inner",
                  "Startup Cost": 78722.72,
                  "Total Cost": 282814.67,
                  "Plan Rows": 577547,
                  "Plan Width": 0,
                  "Actual Startup Time": 320.22,
                  "Actual Total Time": 1145.882,
                  "Actual Rows": 1337857,
                  "Actual Loops": 6,
                  "Inner Unique": false,
                  "Hash Cond": "(mi.movie_id = t.id)",
                  "Plans": [
                    {
                      "Node Type": "Seq Scan",
                      "Parent Relationship": "Outer",
                      "Parallel Aware": true,
                      "Relation Name": "movie_info",
                      "Alias": "mi",
                      "Startup Cost": 0.0,
                      "Total Cost": 191560.33,
                      "Plan Rows": 2956733,
                      "Plan Width": 4,
                      "Actual Startup Time": 0.022,
                      "Actual Total Time": 300.469,
                      "Actual Rows": 2472620,
                      "Actual Loops": 6
                    },
                    {
                      "Node Type": "Hash",
                      "Parent Relationship": "Inner",
                      "Parallel Aware": true,
                      "Startup Cost": 77179.41,
                      "Total Cost": 77179.41,
                      "Plan Rows": 123465,
                      "Plan Width": 8,
                      "Actual Startup Time": 316.705,
                      "Actual Total Time": 316.804,
                      "Actual Rows": 83628,
                      "Actual Loops": 6,
                      "Hash Buckets": 524288,
                      "Original Hash Buckets": 524288,
                      "Hash Batches": 1,
                      "Original Hash Batches": 1,
                      "Peak Memory Usage": 23840,
                      "Plans": [
                        {
                          "Node Type": "Hash Join",
                          "Parent Relationship": "Outer",
                          "Parallel Aware": true,
                          "Join Type": "Inner",
                          "Startup Cost": 31302.04,
                          "Total Cost": 77179.41,
                          "Plan Rows": 123465,
                          "Plan Width": 8,
                          "Actual Startup Time": 109.416,
                          "Actual Total Time": 278.385,
                          "Actual Rows": 83628,
                          "Actual Loops": 6,
                          "Inner Unique": false,
                          "Hash Cond": "(t.id = mc.movie_id)",
                          "Plans": [
                            {
                              "Node Type": "Seq Scan",
                              "Parent Relationship": "Outer",
                              "Parallel Aware": true,
                              "Relation Name": "title",
                              "Alias": "t",
                              "Startup Cost": 0.0,
                              "Total Cost": 42318.73,
                              "Plan Rows": 632073,
                              "Plan Width": 4,
                              "Actual Startup Time": 0.011,
                              "Actual Total Time": 59.804,
                              "Actual Rows": 421385,
                              "Actual Loops": 6
                            },
                            {
                              "Node Type": "Hash",
                              "Parent Relationship": "Inner",
                              "Parallel Aware": true,
                              "Startup Cost": 29310.68,
                              "Total Cost": 29310.68,
                              "Plan Rows": 159309,
                              "Plan Width": 4,
                              "Actual Startup Time": 107.699,
                              "Actual Total Time": 107.7,
                              "Actual Rows": 83628,
                              "Actual Loops": 6,
                              "Hash Buckets": 524288,
                              "Original Hash Buckets": 524288,
                              "Hash Batches": 1,
                              "Original Hash Batches": 1,
                              "Peak Memory Usage": 23776,
                              "Plans": [
                                {
                                  "Node Type": "Seq Scan",
                                  "Parent Relationship": "Outer",
                                  "Parallel Aware": true,
                                  "Relation Name": "movie_companies",
                                  "Alias": "mc",
                                  "Startup Cost": 0.0,
                                  "Total Cost": 29310.68,
                                  "Plan Rows": 159309,
                                  "Plan Width": 4,
                                  "Actual Startup Time": 42.11,
                                  "Actual Total Time": 66.555,
                                  "Actual Rows": 83628,
                                  "Actual Loops": 6,
                                  "Filter": "(company_id > 74138)",
                                  "Rows Removed by Filter": 351227
                                }
                              ]
                            }
                          ]
                        }
                      ]
                    }
                  ]
                }
              ]
            }
          ]
        }
      ]
    },
    "Planning Time": 0.891,
    "Triggers": [],
    "Execution Time": 1263.132
  }
]