[
  {
    "Plan": {
      "Node Type": "Aggregate",
      "Strategy": "Plain",
      "Partial Mode": "Finalize",
      "Parallel Aware": false,
      "Startup Cost": 85396.55,
      "Total Cost": 85396.56,
      "Plan Rows": 1,
      "Plan Width": 8,
      "Actual Startup Time": 285.532,
      "Actual Total Time": 316.355,
      "Actual Rows": 1,
      "Actual Loops": 1,
      "Plans": [
        {
          "Node Type": "Gather",
          "Parent Relationship": "Outer",
          "Parallel Aware": false,
          "Startup Cost": 85396.23,
          "Total Cost": 85396.54,
          "Plan Rows": 3,
          "Plan Width": 8,
          "Actual Startup Time": 280.251,
          "Actual Total Time": 316.346,
          "Actual Rows": 4,
          "Actual Loops": 1,
          "Workers Planned": 3,
          "Workers Launched": 3,
          "Single Copy": false,
          "Plans": [
            {
              "Node Type": "Aggregate",
              "Strategy": "Plain",
              "Partial Mode": "Partial",
              "Parent Relationship": "Outer",
              "Parallel Aware": false,
              "Startup Cost": 84396.23,
              "Total Cost": 84396.24,
              "Plan Rows": 1,
              "Plan Width": 8,
              "Actual Startup Time": 270.208,
              "Actual Total Time": 270.212,
              "Actual Rows": 1,
              "Actual Loops": 4,
              "Plans": [
                {
                  "Node Type": "Nested Loop",
                  "Parent Relationship": "Outer",
                  "Parallel Aware": false,
                  "Join Type": "Inner",
                  "Startup Cost": 48756.34,
                  "Total Cost": 84352.23,
                  "Plan Rows": 17600,
                  "Plan Width": 0,
                  "Actual Startup Time": 167.144,
                  "Actual Total Time": 268.607,
                  "Actual Rows": 25524,
                  "Actual Loops": 4,
                  "Inner Unique": false,
                  "Plans": [
                    {
                      "Node Type": "Hash Join",
                      "Parent Relationship": "Outer",
                      "Parallel Aware": true,
                      "Join Type": "Inner",
                      "Startup Cost": 48755.91,
                      "Total Cost": 67937.41,
                      "Plan Rows": 5025,
                      "Plan Width": 8,
                      "Actual Startup Time": 167.026,
                      "Actual Total Time": 184.557,
                      "Actual Rows": 1972,
                      "Actual Loops": 4,
                      "Inner Unique": true,
                      "Hash Cond": "(mc.movie_id = t.id)",
                      "Plans": [
                        {
                          "Node Type": "Bitmap Heap Scan",
                          "Parent Relationship": "Outer",
                          "Parallel Aware": true,
                          "Relation Name": "movie_companies",
                          "Alias": "mc",
                          "Startup Cost": 1742.3,
                          "Total Cost": 20855.85,
                          "Plan Rows": 25884,
                          "Plan Width": 4,
                          "Actual Startup Time": 4.535,
                          "Actual Total Time": 14.746,
                          "Actual Rows": 20149,
                          "Actual Loops": 4,
                          "Recheck Cond": "(company_id < 12)",
                          "Rows Removed by Index Recheck": 0,
                          "Exact Heap Blocks": 3488,
                          "Lossy Heap Blocks": 0,
                          "Plans": [
                            {
                              "Node Type": "Bitmap Index Scan",
                              "Parent Relationship": "Outer",
                              "Parallel Aware": false,
                              "Index Name": "company_id_movie_companies",
                              "Startup Cost": 0.0,
                              "Total Cost": 1722.24,
                              "Plan Rows": 80241,
                              "Plan Width": 0,
                              "Actual Startup Time": 3.442,
                              "Actual Total Time": 3.443,
                              "Actual Rows": 80595,
                              "Actual Loops": 1,
                              "Index Cond": "(company_id < 12)"
                            }
                          ]
                        },
                        {
                          "Node Type": "Hash",
                          "Parent Relationship": "Inner",
                          "Parallel Aware": true,
                          "Startup Cost": 45479.59,
                          "Total Cost": 45479.59,
                          "Plan Rows": 122722,
                          "Plan Width": 4,
                          "Actual Startup Time": 159.408,
                          "Actual Total Time": 159.41,
                          "Actual Rows": 145355,
                          "Actual Loops": 4,
                          "Hash Buckets": 1048576,
                          "Original Hash Buckets": 524288,
                          "Hash Batches": 1,
                          "Original Hash Batches": 1,
                          "Peak Memory Usage": 35072,
                          "Plans": [
                            {
                              "Node Type": "Seq Scan",
                              "Parent Relationship": "Outer",
                              "Parallel Aware": true,
                              "Relation Name": "title",
                              "Alias": "t",
                              "Startup Cost": 0.0,
                              "Total Cost": 45479.59,
                              "Plan Rows": 122722,
                              "Plan Width": 4,
                              "Actual Startup Time": 0.059,
                              "Actual Total Time": 101.858,
                              "Actual Rows": 145355,
                              "Actual Loops": 4,
                              "Filter": "((kind_id < 7) AND (production_year < 2004))",
                              "Rows Removed by Filter": 486723
                            }
                          ]
                        }
                      ]
                    },
                    {
                      "Node Type": "Index Scan",
                      "Parent Relationship": "Inner",
                      "Parallel Aware": false,
                      "Scan Direction": "Forward",
                      "Index Name": "movie_id_movie_info",
                      "Relation Name": "movie_info",
                      "Alias": "mi",
                      "Startup Cost": 0.43,
                      "Total Cost": 3.02,
                      "Plan Rows": 25,
                      "Plan Width": 4,
                      "Actual Startup Time": 0.01,
                      "Actual Total Time": 0.041,
                      "Actual Rows": 13,
                      "Actual Loops": 7886,
                      "Index Cond": "(movie_id = t.id)",
                      "Rows Removed by Index Recheck": 0,
                      "Filter": "(info_type_id < 13)",
                      "Rows Removed by Filter": 23
                    }
                  ]
                }
              ]
            }
          ]
        }
      ]
    },
    "Planning Time": 1.583,
    "Triggers": [],
    "Execution Time": 316.472
  }
]