[
  {
    "Plan": {
      "Node Type": "Aggregate",
      "Strategy": "Plain",
      "Partial Mode": "Finalize",
      "Parallel Aware": false,
      "Startup Cost": 80677.7,
      "Total Cost": 80677.71,
      "Plan Rows": 1,
      "Plan Width": 8,
      "Actual Startup Time": 220.269,
      "Actual Total Time": 246.348,
      "Actual Rows": 1,
      "Actual Loops": 1,
      "Plans": [
        {
          "Node Type": "Gather",
          "Parent Relationship": "Outer",
          "Parallel Aware": false,
          "Startup Cost": 80677.28,
          "Total Cost": 80677.69,
          "Plan Rows": 4,
          "Plan Width": 8,
          "Actual Startup Time": 219.402,
          "Actual Total Time": 246.34,
          "Actual Rows": 5,
          "Actual Loops": 1,
          "Workers Planned": 4,
          "Workers Launched": 4,
          "Single Copy": false,
          "Plans": [
            {
              "Node Type": "Aggregate",
              "Strategy": "Plain",
              "Partial Mode": "Partial",
              "Parent Relationship": "Outer",
              "Parallel Aware": false,
              "Startup Cost": 79677.28,
              "Total Cost": 79677.29,
              "Plan Rows": 1,
              "Plan Width": 8,
              "Actual Startup Time": 208.999,
              "Actual Total Time": 209.003,
              "Actual Rows": 1,
              "Actual Loops": 5,
              "Plans": [
                {
                  "Node Type": "Nested Loop",
                  "Parent Relationship": "Outer",
                  "Parallel Aware": false,
                  "Join Type": "Inner",
                  "Startup Cost": 21111.66,
                  "Total Cost": 79644.86,
                  "Plan Rows": 12966,
                  "Plan Width": 0,
                  "Actual Startup Time": 42.165,
                  "Actual Total Time": 207.521,
                  "Actual Rows": 20419,
                  "Actual Loops": 5,
                  "Inner Unique": false,
                  "Plans": [
                    {
                      "Node Type": "Hash Join",
                      "Parent Relationship": "Outer",
                      "Parallel Aware": true,
                      "Join Type": "Inner",
                      "Startup Cost": 21111.23,
                      "Total Cost": 67215.59,
                      "Plan Rows": 3780,
                      "Plan Width": 8,
                      "Actual Startup Time": 42.071,
                      "Actual Total Time": 132.624,
                      "Actual Rows": 1577,
                      "Actual Loops": 5,
                      "Inner Unique": false,
                      "Hash Cond": "(t.id = mc.movie_id)",
                      "Plans": [
                        {
                          "Node Type": "Seq Scan",
                          "Parent Relationship": "Outer",
                          "Parallel Aware": true,
                          "Relation Name": "title",
                          "Alias": "t",
                          "Startup Cost": 0.0,
                          "Total Cost": 45479.1,
                          "Plan Rows": 122614,
                          "Plan Width": 4,
                          "Actual Startup Time": 0.017,
                          "Actual Total Time": 70.12,
                          "Actual Rows": 116284,
                          "Actual Loops": 5,
                          "Filter": "((kind_id < 7) AND (production_year < 2004))",
                          "Rows Removed by Filter": 389379
                        },
                        {
                          "Node Type": "Hash",
                          "Parent Relationship": "Inner",
                          "Parallel Aware": true,
                          "Startup Cost": 20796.9,
                          "Total Cost": 20796.9,
                          "Plan Rows": 25146,
                          "Plan Width": 4,
                          "Actual Startup Time": 40.344,
                          "Actual Total Time": 40.346,
                          "Actual Rows": 16119,
                          "Actual Loops": 5,
                          "Hash Buckets": 131072,
                          "Original Hash Buckets": 131072,
                          "Hash Batches": 1,
                          "Original Hash Batches": 1,
                          "Peak Memory Usage": 4288,
                          "Plans": [
                            {
                              "Node Type": "Bitmap Heap Scan",
                              "Parent Relationship": "Outer",
                              "Parallel Aware": true,
                              "Relation Name": "movie_companies",
                              "Alias": "mc",
                              "Startup Cost": 1692.57,
                              "Total Cost": 20796.9,
                              "Plan Rows": 25146,
                              "Plan Width": 4,
                              "Actual Startup Time": 8.459,
                              "Actual Total Time": 29.994,
                              "Actual Rows": 16119,
                              "Actual Loops": 5,
                              "Recheck Cond": "(company_id < 12)",
                              "Rows Removed by Index Recheck": 0,
                              "Exact Heap Blocks": 4601,
                              "Lossy Heap Blocks": 0,
                              "Plans": [
                                {
                                  "Node Type": "Bitmap Index Scan",
                                  "Parent Relationship": "Outer",
                                  "Parallel Aware": false,
                                  "Index Name": "company_id_movie_companies",
                                  "Startup Cost": 0.0,
                                  "Total Cost": 1673.09,
                                  "Plan Rows": 77954,
                                  "Plan Width": 0,
                                  "Actual Startup Time": 10.421,
                                  "Actual Total Time": 10.421,
                                  "Actual Rows": 80595,
                                  "Actual Loops": 1,
                                  "Index Cond": "(company_id < 12)"
                                }
                              ]
                            }
                          ]
                        }
                      ]
                    },
                    {
                      "Node Type": "Index Scan",
                      "Parent Relationship": "Inner",
                      "Parallel Aware": false,
                      "Scan Direction": "Forward",
                      "Index Name": "movie_id_movie_info",
                      "Relation Name": "movie_info",
                      "Alias": "mi",
                      "Startup Cost": 0.43,
                      "Total Cost": 3.04,
                      "Plan Rows": 25,
                      "Plan Width": 4,
                      "Actual Startup Time": 0.012,
                      "Actual Total Time": 0.046,
                      "Actual Rows": 13,
                      "Actual Loops": 7886,
                      "Index Cond": "(movie_id = t.id)",
                      "Rows Removed by Index Recheck": 0,
                      "Filter": "(info_type_id < 13)",
                      "Rows Removed by Filter": 23
                    }
                  ]
                }
              ]
            }
          ]
        }
      ]
    },
    "Planning Time": 1.5,
    "Triggers": [],
    "Execution Time": 246.458
  }
]