[
  {
    "Plan": {
      "Node Type": "Aggregate",
      "Strategy": "Plain",
      "Partial Mode": "Finalize",
      "Parallel Aware": false,
      "Startup Cost": 123537.33,
      "Total Cost": 123537.34,
      "Plan Rows": 1,
      "Plan Width": 8,
      "Actual Startup Time": 537.207,
      "Actual Total Time": 578.433,
      "Actual Rows": 1,
      "Actual Loops": 1,
      "Plans": [
        {
          "Node Type": "Gather",
          "Parent Relationship": "Outer",
          "Parallel Aware": false,
          "Startup Cost": 123537.11,
          "Total Cost": 123537.32,
          "Plan Rows": 2,
          "Plan Width": 8,
          "Actual Startup Time": 536.253,
          "Actual Total Time": 578.423,
          "Actual Rows": 3,
          "Actual Loops": 1,
          "Workers Planned": 2,
          "Workers Launched": 2,
          "Single Copy": false,
          "Plans": [
            {
              "Node Type": "Aggregate",
              "Strategy": "Plain",
              "Partial Mode": "Partial",
              "Parent Relationship": "Outer",
              "Parallel Aware": false,
              "Startup Cost": 122537.11,
              "Total Cost": 122537.12,
              "Plan Rows": 1,
              "Plan Width": 8,
              "Actual Startup Time": 528.871,
              "Actual Total Time": 528.875,
              "Actual Rows": 1,
              "Actual Loops": 3,
              "Plans": [
                {
                  "Node Type": "Nested Loop",
                  "Parent Relationship": "Outer",
                  "Parallel Aware": false,
                  "Join Type": "Inner",
                  "Startup Cost": 44618.78,
                  "Total Cost": 122284.97,
                  "Plan Rows": 100858,
                  "Plan Width": 0,
                  "Actual Startup Time": 147.94,
                  "Actual Total Time": 514.107,
                  "Actual Rows": 283365,
                  "Actual Loops": 3,
                  "Inner Unique": false,
                  "Join Filter": "(t.id = mi.movie_id)",
                  "Rows Removed by Join Filter": 0,
                  "Plans": [
                    {
                      "Node Type": "Hash Join",
                      "Parent Relationship": "Outer",
                      "Parallel Aware": true,
                      "Join Type": "Inner",
                      "Startup Cost": 44618.34,
                      "Total Cost": 60238.27,
                      "Plan Rows": 17249,
                      "Plan Width": 8,
                      "Actual Startup Time": 147.858,
                      "Actual Total Time": 235.495,
                      "Actual Rows": 14718,
                      "Actual Loops": 3,
                      "Inner Unique": true,
                      "Hash Cond": "(mi_idx.movie_id = t.id)",
                      "Plans": [
                        {
                          "Node Type": "Seq Scan",
                          "Parent Relationship": "Outer",
                          "Parallel Aware": true,
                          "Relation Name": "movie_info_idx",
                          "Alias": "mi_idx",
                          "Startup Cost": 0.0,
                          "Total Cost": 15122.68,
                          "Plan Rows": 189429,
                          "Plan Width": 4,
                          "Actual Startup Time": 0.025,
                          "Actual Total Time": 43.217,
                          "Actual Rows": 153308,
                          "Actual Loops": 3,
                          "Filter": "(info_type_id < 100)",
                          "Rows Removed by Filter": 306703
                        },
                        {
                          "Node Type": "Hash",
                          "Parent Relationship": "Inner",
                          "Parallel Aware": true,
                          "Startup Cost": 43898.92,
                          "Total Cost": 43898.92,
                          "Plan Rows": 57554,
                          "Plan Width": 4,
                          "Actual Startup Time": 144.844,
                          "Actual Total Time": 144.845,
                          "Actual Rows": 80467,
                          "Actual Loops": 3,
                          "Hash Buckets": 262144,
                          "Original Hash Buckets": 262144,
                          "Hash Batches": 1,
                          "Original Hash Batches": 1,
                          "Peak Memory Usage": 11552,
                          "Plans": [
                            {
                              "Node Type": "Seq Scan",
                              "Parent Relationship": "Outer",
                              "Parallel Aware": true,
                              "Relation Name": "title",
                              "Alias": "t",
                              "Startup Cost": 0.0,
                              "Total Cost": 43898.92,
                              "Plan Rows": 57554,
                              "Plan Width": 4,
                              "Actual Startup Time": 0.04,
                              "Actual Total Time": 122.452,
                              "Actual Rows": 80467,
                              "Actual Loops": 3,
                              "Filter": "(production_year < 1960)",
                              "Rows Removed by Filter": 762304
                            }
                          ]
                        }
                      ]
                    },
                    {
                      "Node Type": "Index Only Scan",
                      "Parent Relationship": "Inner",
                      "Parallel Aware": false,
                      "Scan Direction": "Forward",
                      "Index Name": "movie_id_movie_info",
                      "Relation Name": "movie_info",
                      "Alias": "mi",
                      "Startup Cost": 0.43,
                      "Total Cost": 3.07,
                      "Plan Rows": 42,
                      "Plan Width": 4,
                      "Actual Startup Time": 0.005,
                      "Actual Total Time": 0.017,
                      "Actual Rows": 19,
                      "Actual Loops": 44155,
                      "Index Cond": "(movie_id = mi_idx.movie_id)",
                      "Rows Removed by Index Recheck": 0,
                      "Heap Fetches": 850094
                    }
                  ]
                }
              ]
            }
          ]
        }
      ]
    },
    "Planning Time": 1.496,
    "Triggers": [],
    "Execution Time": 578.541
  }
]