[
  {
    "Plan": {
      "Node Type": "Aggregate",
      "Strategy": "Plain",
      "Partial Mode": "Finalize",
      "Parallel Aware": false,
      "Startup Cost": 459490.87,
      "Total Cost": 459490.88,
      "Plan Rows": 1,
      "Plan Width": 8,
      "Actual Startup Time": 1362.677,
      "Actual Total Time": 1415.154,
      "Actual Rows": 1,
      "Actual Loops": 1,
      "Plans": [
        {
          "Node Type": "Gather",
          "Parent Relationship": "Outer",
          "Parallel Aware": false,
          "Startup Cost": 459490.25,
          "Total Cost": 459490.86,
          "Plan Rows": 6,
          "Plan Width": 8,
          "Actual Startup Time": 1334.506,
          "Actual Total Time": 1415.134,
          "Actual Rows": 7,
          "Actual Loops": 1,
          "Workers Planned": 6,
          "Workers Launched": 6,
          "Single Copy": false,
          "Plans": [
            {
              "Node Type": "Aggregate",
              "Strategy": "Plain",
              "Partial Mode": "Partial",
              "Parent Relationship": "Outer",
              "Parallel Aware": false,
              "Startup Cost": 458490.25,
              "Total Cost": 458490.26,
              "Plan Rows": 1,
              "Plan Width": 8,
              "Actual Startup Time": 1313.211,
              "Actual Total Time": 1313.994,
              "Actual Rows": 1,
              "Actual Loops": 7,
              "Plans": [
                {
                  "Node Type": "Hash Join",
                  "Parent Relationship": "Outer",
                  "Parallel Aware": true,
                  "Join Type": "Inner",
                  "Startup Cost": 105175.17,
                  "Total Cost": 455858.82,
                  "Plan Rows": 1052573,
                  "Plan Width": 0,
                  "Actual Startup Time": 910.019,
                  "Actual Total Time": 1290.131,
                  "Actual Rows": 521654,
                  "Actual Loops": 7,
                  "Inner Unique": false,
                  "Hash Cond": "(ci.movie_id = t.id)",
                  "Plans": [
                    {
                      "Node Type": "Seq Scan",
                      "Parent Relationship": "Outer",
                      "Parallel Aware": true,
                      "Relation Name": "cast_info",
                      "Alias": "ci",
                      "Startup Cost": 0.0,
                      "Total Cost": 343316.27,
                      "Plan Rows": 1059195,
                      "Plan Width": 4,
                      "Actual Startup Time": 327.345,
                      "Actual Total Time": 581.937,
                      "Actual Rows": 280729,
                      "Actual Loops": 7,
                      "Filter": "((person_id > 2760092) AND (role_id < 4))",
                      "Rows Removed by Filter": 4897034
                    },
                    {
                      "Node Type": "Hash",
                      "Parent Relationship": "Inner",
                      "Parallel Aware": true,
                      "Startup Cost": 95043.65,
                      "Total Cost": 95043.65,
                      "Plan Rows": 810521,
                      "Plan Width": 8,
                      "Actual Startup Time": 575.385,
                      "Actual Total Time": 576.165,
                      "Actual Rows": 361067,
                      "Actual Loops": 7,
                      "Hash Buckets": 4194304,
                      "Original Hash Buckets": 4194304,
                      "Hash Batches": 1,
                      "Original Hash Batches": 1,
                      "Peak Memory Usage": 131776,
                      "Plans": [
                        {
                          "Node Type": "Hash Join",
                          "Parent Relationship": "Outer",
                          "Parallel Aware": true,
                          "Join Type": "Inner",
                          "Startup Cost": 50220.38,
                          "Total Cost": 95043.65,
                          "Plan Rows": 810521,
                          "Plan Width": 8,
                          "Actual Startup Time": 278.573,
                          "Actual Total Time": 441.671,
                          "Actual Rows": 361067,
                          "Actual Loops": 7,
                          "Inner Unique": true,
                          "Hash Cond": "(mk.movie_id = t.id)",
                          "Plans": [
                            {
                              "Node Type": "Seq Scan",
                              "Parent Relationship": "Outer",
                              "Parallel Aware": true,
                              "Relation Name": "movie_keyword",
                              "Alias": "mk",
                              "Startup Cost": 0.0,
                              "Total Cost": 42695.65,
                              "Plan Rows": 810521,
                              "Plan Width": 4,
                              "Actual Startup Time": 0.034,
                              "Actual Total Time": 75.78,
                              "Actual Rows": 361067,
                              "Actual Loops": 7,
                              "Filter": "(keyword_id < 6271)",
                              "Rows Removed by Filter": 285208
                            },
                            {
                              "Node Type": "Hash",
                              "Parent Relationship": "Inner",
                              "Parallel Aware": true,
                              "Startup Cost": 42319.06,
                              "Total Cost": 42319.06,
                              "Plan Rows": 632106,
                              "Plan Width": 4,
                              "Actual Startup Time": 273.097,
                              "Actual Total Time": 273.099,
                              "Actual Rows": 361187,
                              "Actual Loops": 7,
                              "Hash Buckets": 4194304,
                              "Original Hash Buckets": 4194304,
                              "Hash Batches": 1,
                              "Original Hash Batches": 1,
                              "Peak Memory Usage": 131808,
                              "Plans": [
                                {
                                  "Node Type": "Seq Scan",
                                  "Parent Relationship": "Outer",
                                  "Parallel Aware": true,
                                  "Relation Name": "title",
                                  "Alias": "t",
                                  "Startup Cost": 0.0,
                                  "Total Cost": 42319.06,
                                  "Plan Rows": 632106,
                                  "Plan Width": 4,
                                  "Actual Startup Time": 0.058,
                                  "Actual Total Time": 75.063,
                                  "Actual Rows": 361187,
                                  "Actual Loops": 7
                                }
                              ]
                            }
                          ]
                        }
                      ]
                    }
                  ]
                }
              ]
            }
          ]
        }
      ]
    },
    "Planning Time": 1.429,
    "Triggers": [],
    "Execution Time": 1415.245
  }
]