[
  {
    "Plan": {
      "Node Type": "Aggregate",
      "Strategy": "Plain",
      "Partial Mode": "Finalize",
      "Parallel Aware": false,
      "Startup Cost": 459399.54,
      "Total Cost": 459399.55,
      "Plan Rows": 1,
      "Plan Width": 8,
      "Actual Startup Time": 1344.14,
      "Actual Total Time": 1415.392,
      "Actual Rows": 1,
      "Actual Loops": 1,
      "Plans": [
        {
          "Node Type": "Gather",
          "Parent Relationship": "Outer",
          "Parallel Aware": false,
          "Startup Cost": 459398.91,
          "Total Cost": 459399.52,
          "Plan Rows": 6,
          "Plan Width": 8,
          "Actual Startup Time": 1304.973,
          "Actual Total Time": 1415.374,
          "Actual Rows": 7,
          "Actual Loops": 1,
          "Workers Planned": 6,
          "Workers Launched": 6,
          "Single Copy": false,
          "Plans": [
            {
              "Node Type": "Aggregate",
              "Strategy": "Plain",
              "Partial Mode": "Partial",
              "Parent Relationship": "Outer",
              "Parallel Aware": false,
              "Startup Cost": 458398.91,
              "Total Cost": 458398.92,
              "Plan Rows": 1,
              "Plan Width": 8,
              "Actual Startup Time": 1283.16,
              "Actual Total Time": 1284.115,
              "Actual Rows": 1,
              "Actual Loops": 7,
              "Plans": [
                {
                  "Node Type": "Hash Join",
                  "Parent Relationship": "Outer",
                  "Parallel Aware": true,
                  "Join Type": "Inner",
                  "Startup Cost": 105226.82,
                  "Total Cost": 455785.05,
                  "Plan Rows": 1045545,
                  "Plan Width": 0,
                  "Actual Startup Time": 878.069,
                  "Actual Total Time": 1261.832,
                  "Actual Rows": 521654,
                  "Actual Loops": 7,
                  "Inner Unique": false,
                  "Hash Cond": "(ci.movie_id = t.id)",
                  "Plans": [
                    {
                      "Node Type": "Seq Scan",
                      "Parent Relationship": "Outer",
                      "Parallel Aware": true,
                      "Relation Name": "cast_info",
                      "Alias": "ci",
                      "Startup Cost": 0.0,
                      "Total Cost": 343257.03,
                      "Plan Rows": 1047592,
                      "Plan Width": 4,
                      "Actual Startup Time": 332.206,
                      "Actual Total Time": 592.119,
                      "Actual Rows": 280729,
                      "Actual Loops": 7,
                      "Filter": "((person_id > 2760092) AND (role_id < 4))",
                      "Rows Removed by Filter": 4897034
                    },
                    {
                      "Node Type": "Hash",
                      "Parent Relationship": "Inner",
                      "Parallel Aware": true,
                      "Startup Cost": 95052.01,
                      "Total Cost": 95052.01,
                      "Plan Rows": 813985,
                      "Plan Width": 8,
                      "Actual Startup Time": 538.743,
                      "Actual Total Time": 539.696,
                      "Actual Rows": 361067,
                      "Actual Loops": 7,
                      "Hash Buckets": 4194304,
                      "Original Hash Buckets": 4194304,
                      "Hash Batches": 1,
                      "Original Hash Batches": 1,
                      "Peak Memory Usage": 131808,
                      "Plans": [
                        {
                          "Node Type": "Hash Join",
                          "Parent Relationship": "Outer",
                          "Parallel Aware": true,
                          "Join Type": "Inner",
                          "Startup Cost": 50219.64,
                          "Total Cost": 95052.01,
                          "Plan Rows": 813985,
                          "Plan Width": 8,
                          "Actual Startup Time": 259.15,
                          "Actual Total Time": 419.565,
                          "Actual Rows": 361067,
                          "Actual Loops": 7,
                          "Inner Unique": true,
                          "Hash Cond": "(mk.movie_id = t.id)",
                          "Plans": [
                            {
                              "Node Type": "Seq Scan",
                              "Parent Relationship": "Outer",
                              "Parallel Aware": true,
                              "Relation Name": "movie_keyword",
                              "Alias": "mk",
                              "Startup Cost": 0.0,
                              "Total Cost": 42695.65,
                              "Plan Rows": 813985,
                              "Plan Width": 4,
                              "Actual Startup Time": 0.029,
                              "Actual Total Time": 76.027,
                              "Actual Rows": 361067,
                              "Actual Loops": 7,
                              "Filter": "(keyword_id < 6271)",
                              "Rows Removed by Filter": 285208
                            },
                            {
                              "Node Type": "Hash",
                              "Parent Relationship": "Inner",
                              "Parallel Aware": true,
                              "Startup Cost": 42318.73,
                              "Total Cost": 42318.73,
                              "Plan Rows": 632073,
                              "Plan Width": 4,
                              "Actual Startup Time": 254.393,
                              "Actual Total Time": 254.394,
                              "Actual Rows": 361187,
                              "Actual Loops": 7,
                              "Hash Buckets": 4194304,
                              "Original Hash Buckets": 4194304,
                              "Hash Batches": 1,
                              "Original Hash Batches": 1,
                              "Peak Memory Usage": 131808,
                              "Plans": [
                                {
                                  "Node Type": "Seq Scan",
                                  "Parent Relationship": "Outer",
                                  "Parallel Aware": true,
                                  "Relation Name": "title",
                                  "Alias": "t",
                                  "Startup Cost": 0.0,
                                  "Total Cost": 42318.73,
                                  "Plan Rows": 632073,
                                  "Plan Width": 4,
                                  "Actual Startup Time": 0.06,
                                  "Actual Total Time": 71.258,
                                  "Actual Rows": 361187,
                                  "Actual Loops": 7
                                }
                              ]
                            }
                          ]
                        }
                      ]
                    }
                  ]
                }
              ]
            }
          ]
        }
      ]
    },
    "Planning Time": 1.367,
    "Triggers": [],
    "Execution Time": 1415.504
  }
]