[
  {
    "Plan": {
      "Node Type": "Aggregate",
      "Strategy": "Plain",
      "Partial Mode": "Finalize",
      "Parallel Aware": false,
      "Startup Cost": 270714.59,
      "Total Cost": 270714.6,
      "Plan Rows": 1,
      "Plan Width": 8,
      "Actual Startup Time": 270.557,
      "Actual Total Time": 293.791,
      "Actual Rows": 1,
      "Actual Loops": 1,
      "Plans": [
        {
          "Node Type": "Gather",
          "Parent Relationship": "Outer",
          "Parallel Aware": false,
          "Startup Cost": 270714.07,
          "Total Cost": 270714.58,
          "Plan Rows": 5,
          "Plan Width": 8,
          "Actual Startup Time": 270.141,
          "Actual Total Time": 293.78,
          "Actual Rows": 6,
          "Actual Loops": 1,
          "Workers Planned": 5,
          "Workers Launched": 5,
          "Single Copy": false,
          "Plans": [
            {
              "Node Type": "Aggregate",
              "Strategy": "Plain",
              "Partial Mode": "Partial",
              "Parent Relationship": "Outer",
              "Parallel Aware": false,
              "Startup Cost": 269714.07,
              "Total Cost": 269714.08,
              "Plan Rows": 1,
              "Plan Width": 8,
              "Actual Startup Time": 258.692,
              "Actual Total Time": 258.696,
              "Actual Rows": 1,
              "Actual Loops": 6,
              "Plans": [
                {
                  "Node Type": "Nested Loop",
                  "Parent Relationship": "Outer",
                  "Parallel Aware": false,
                  "Join Type": "Inner",
                  "Startup Cost": 68694.62,
                  "Total Cost": 269282.87,
                  "Plan Rows": 172480,
                  "Plan Width": 0,
                  "Actual Startup Time": 161.341,
                  "Actual Total Time": 258.084,
                  "Actual Rows": 3475,
                  "Actual Loops": 6,
                  "Inner Unique": false,
                  "Join Filter": "(t.id = ci.movie_id)",
                  "Rows Removed by Join Filter": 0,
                  "Plans": [
                    {
                      "Node Type": "Hash Join",
                      "Parent Relationship": "Outer",
                      "Parallel Aware": true,
                      "Join Type": "Inner",
                      "Startup Cost": 68694.05,
                      "Total Cost": 234500.23,
                      "Plan Rows": 12037,
                      "Plan Width": 8,
                      "Actual Startup Time": 160.926,
                      "Actual Total Time": 229.714,
                      "Actual Rows": 453,
                      "Actual Loops": 6,
                      "Inner Unique": true,
                      "Hash Cond": "(mi.movie_id = t.id)",
                      "Plans": [
                        {
                          "Node Type": "Bitmap Heap Scan",
                          "Parent Relationship": "Outer",
                          "Parallel Aware": true,
                          "Relation Name": "movie_info",
                          "Alias": "mi",
                          "Startup Cost": 22837.73,
                          "Total Cost": 187982.11,
                          "Plan Rows": 252111,
                          "Plan Width": 4,
                          "Actual Startup Time": 65.864,
                          "Actual Total Time": 105.333,
                          "Actual Rows": 214821,
                          "Actual Loops": 6,
                          "Recheck Cond": "(info_type_id = 2)",
                          "Rows Removed by Index Recheck": 0,
                          "Exact Heap Blocks": 2239,
                          "Lossy Heap Blocks": 0,
                          "Plans": [
                            {
                              "Node Type": "Bitmap Index Scan",
                              "Parent Relationship": "Outer",
                              "Parallel Aware": false,
                              "Index Name": "info_type_id_movie_info",
                              "Startup Cost": 0.0,
                              "Total Cost": 22522.59,
                              "Plan Rows": 1260554,
                              "Plan Width": 0,
                              "Actual Startup Time": 63.673,
                              "Actual Total Time": 63.674,
                              "Actual Rows": 1288928,
                              "Actual Loops": 1,
                              "Index Cond": "(info_type_id = 2)"
                            }
                          ]
                        },
                        {
                          "Node Type": "Hash",
                          "Parent Relationship": "Inner",
                          "Parallel Aware": true,
                          "Startup Cost": 45479.1,
                          "Total Cost": 45479.1,
                          "Plan Rows": 30178,
                          "Plan Width": 4,
                          "Actual Startup Time": 92.581,
                          "Actual Total Time": 92.582,
                          "Actual Rows": 853,
                          "Actual Loops": 6,
                          "Hash Buckets": 131072,
                          "Original Hash Buckets": 131072,
                          "Hash Batches": 1,
                          "Original Hash Batches": 1,
                          "Peak Memory Usage": 1280,
                          "Plans": [
                            {
                              "Node Type": "Seq Scan",
                              "Parent Relationship": "Outer",
                              "Parallel Aware": true,
                              "Relation Name": "title",
                              "Alias": "t",
                              "Startup Cost": 0.0,
                              "Total Cost": 45479.1,
                              "Plan Rows": 30178,
                              "Plan Width": 4,
                              "Actual Startup Time": 0.575,
                              "Actual Total Time": 91.547,
                              "Actual Rows": 853,
                              "Actual Loops": 6,
                              "Filter": "((kind_id > 1) AND (production_year < 1951))",
                              "Rows Removed by Filter": 420532
                            }
                          ]
                        }
                      ]
                    },
                    {
                      "Node Type": "Index Only Scan",
                      "Parent Relationship": "Inner",
                      "Parallel Aware": false,
                      "Scan Direction": "Forward",
                      "Index Name": "movie_id_cast_info",
                      "Relation Name": "cast_info",
                      "Alias": "ci",
                      "Startup Cost": 0.56,
                      "Total Cost": 2.43,
                      "Plan Rows": 37,
                      "Plan Width": 4,
                      "Actual Startup Time": 0.018,
                      "Actual Total Time": 0.06,
                      "Actual Rows": 8,
                      "Actual Loops": 2716,
                      "Index Cond": "(movie_id = mi.movie_id)",
                      "Rows Removed by Index Recheck": 0,
                      "Heap Fetches": 20849
                    }
                  ]
                }
              ]
            }
          ]
        }
      ]
    },
    "Planning Time": 1.434,
    "Triggers": [],
    "Execution Time": 293.982
  }
]