{
  "Plan": {
    "Node Type": "Aggregate",
    "Strategy": "Plain",
    "Partial Mode": "Finalize",
    "Parallel Aware": false,
    "Startup Cost": 516287.21,
    "Total Cost": 516287.22,
    "Plan Rows": 1,
    "Plan Width": 8,
    "Actual Startup Time": 2753.345,
    "Actual Total Time": 2781.031,
    "Actual Rows": 1,
    "Actual Loops": 1,
    "Plans": [
      {
        "Node Type": "Gather",
        "Parent Relationship": "Outer",
        "Parallel Aware": false,
        "Startup Cost": 516287.09,
        "Total Cost": 516287.2,
        "Plan Rows": 1,
        "Plan Width": 8,
        "Actual Startup Time": 2749.823,
        "Actual Total Time": 2780.964,
        "Actual Rows": 2,
        "Actual Loops": 1,
        "Workers Planned": 1,
        "Workers Launched": 1,
        "Single Copy": false,
        "Plans": [
          {
            "Node Type": "Aggregate",
            "Strategy": "Plain",
            "Partial Mode": "Partial",
            "Parent Relationship": "Outer",
            "Parallel Aware": false,
            "Startup Cost": 515287.09,
            "Total Cost": 515287.1,
            "Plan Rows": 1,
            "Plan Width": 8,
            "Actual Startup Time": 2740.293,
            "Actual Total Time": 2740.297,
            "Actual Rows": 1,
            "Actual Loops": 2,
            "Plans": [
              {
                "Node Type": "Hash Join",
                "Parent Relationship": "Outer",
                "Parallel Aware": true,
                "Join Type": "Inner",
                "Startup Cost": 202181.47,
                "Total Cost": 509770.84,
                "Plan Rows": 2206500,
                "Plan Width": 0,
                "Actual Startup Time": 1018.892,
                "Actual Total Time": 2645.344,
                "Actual Rows": 1843566,
                "Actual Loops": 2,
                "Inner Unique": true,
                "Hash Cond": "(ci.movie_id = t.id)",
                "Plans": [
                  {
                    "Node Type": "Bitmap Heap Scan",
                    "Parent Relationship": "Outer",
                    "Parallel Aware": true,
                    "Relation Name": "cast_info",
                    "Alias": "ci",
                    "Startup Cost": 136292.61,
                    "Total Cost": 434353.46,
                    "Plan Rows": 3629908,
                    "Plan Width": 4,
                    "Actual Startup Time": 560.762,
                    "Actual Total Time": 950.408,
                    "Actual Rows": 3179282,
                    "Actual Loops": 2,
                    "Recheck Cond": "(person_id < 613943)",
                    "Rows Removed by Index Recheck": 0,
                    "Exact Heap Blocks": 32521,
                    "Lossy Heap Blocks": 0,
                    "Plans": [
                      {
                        "Node Type": "Bitmap Index Scan",
                        "Parent Relationship": "Outer",
                        "Parallel Aware": false,
                        "Index Name": "person_id_cast_info",
                        "Startup Cost": 0.0,
                        "Total Cost": 134749.9,
                        "Plan Rows": 6170844,
                        "Plan Width": 0,
                        "Actual Startup Time": 540.659,
                        "Actual Total Time": 540.66,
                        "Actual Rows": 6358565,
                        "Actual Loops": 1,
                        "Index Cond": "(person_id < 613943)"
                      }
                    ]
                  },
                  {
                    "Node Type": "Hash",
                    "Parent Relationship": "Inner",
                    "Parallel Aware": true,
                    "Startup Cost": 54588.39,
                    "Total Cost": 54588.39,
                    "Plan Rows": 904038,
                    "Plan Width": 4,
                    "Actual Startup Time": 442.47,
                    "Actual Total Time": 442.471,
                    "Actual Rows": 771632,
                    "Actual Loops": 2,
                    "Hash Buckets": 2097152,
                    "Original Hash Buckets": 2097152,
                    "Hash Batches": 1,
                    "Original Hash Batches": 1,
                    "Peak Memory Usage": 76800,
                    "Plans": [
                      {
                        "Node Type": "Seq Scan",
                        "Parent Relationship": "Outer",
                        "Parallel Aware": true,
                        "Relation Name": "title",
                        "Alias": "t",
                        "Startup Cost": 0.0,
                        "Total Cost": 54588.39,
                        "Plan Rows": 904038,
                        "Plan Width": 4,
                        "Actual Startup Time": 0.042,
                        "Actual Total Time": 194.02,
                        "Actual Rows": 771632,
                        "Actual Loops": 2,
                        "Filter": "(kind_id = 7)",
                        "Rows Removed by Filter": 492524
                      }
                    ]
                  }
                ]
              }
            ]
          }
        ]
      }
    ]
  },
  "Planning Time": 0.657,
  "Triggers": [],
  "Execution Time": 2781.122
}