[
  {
    "Plan": {
      "Node Type": "Aggregate",
      "Strategy": "Plain",
      "Partial Mode": "Finalize",
      "Parallel Aware": false,
      "Startup Cost": 47145.91,
      "Total Cost": 47145.92,
      "Plan Rows": 1,
      "Plan Width": 8,
      "Actual Startup Time": 202.729,
      "Actual Total Time": 211.75,
      "Actual Rows": 1,
      "Actual Loops": 1,
      "Plans": [
        {
          "Node Type": "Gather",
          "Parent Relationship": "Outer",
          "Parallel Aware": false,
          "Startup Cost": 47145.59,
          "Total Cost": 47145.9,
          "Plan Rows": 3,
          "Plan Width": 8,
          "Actual Startup Time": 202.578,
          "Actual Total Time": 211.741,
          "Actual Rows": 4,
          "Actual Loops": 1,
          "Workers Planned": 3,
          "Workers Launched": 3,
          "Single Copy": false,
          "Plans": [
            {
              "Node Type": "Aggregate",
              "Strategy": "Plain",
              "Partial Mode": "Partial",
              "Parent Relationship": "Outer",
              "Parallel Aware": false,
              "Startup Cost": 46145.59,
              "Total Cost": 46145.6,
              "Plan Rows": 1,
              "Plan Width": 8,
              "Actual Startup Time": 195.756,
              "Actual Total Time": 195.757,
              "Actual Rows": 1,
              "Actual Loops": 4,
              "Plans": [
                {
                  "Node Type": "Seq Scan",
                  "Parent Relationship": "Outer",
                  "Parallel Aware": true,
                  "Relation Name": "movie_keyword",
                  "Alias": "mk",
                  "Startup Cost": 0.0,
                  "Total Cost": 42695.65,
                  "Plan Rows": 1379974,
                  "Plan Width": 0,
                  "Actual Startup Time": 0.053,
                  "Actual Total Time": 141.222,
                  "Actual Rows": 1072016,
                  "Actual Loops": 4,
                  "Filter": "(keyword_id < 62545)",
                  "Rows Removed by Filter": 58966
                }
              ]
            }
          ]
        }
      ]
    },
    "Planning Time": 0.178,
    "Triggers": [],
    "Execution Time": 211.804
  }
]