[
  {
    "Plan": {
      "Node Type": "Aggregate",
      "Strategy": "Plain",
      "Partial Mode": "Finalize",
      "Parallel Aware": false,
      "Startup Cost": 44666.8,
      "Total Cost": 44666.81,
      "Plan Rows": 1,
      "Plan Width": 8,
      "Actual Startup Time": 132.141,
      "Actual Total Time": 141.817,
      "Actual Rows": 1,
      "Actual Loops": 1,
      "Plans": [
        {
          "Node Type": "Gather",
          "Parent Relationship": "Outer",
          "Parallel Aware": false,
          "Startup Cost": 44666.48,
          "Total Cost": 44666.79,
          "Plan Rows": 3,
          "Plan Width": 8,
          "Actual Startup Time": 132.037,
          "Actual Total Time": 141.809,
          "Actual Rows": 4,
          "Actual Loops": 1,
          "Workers Planned": 3,
          "Workers Launched": 3,
          "Single Copy": false,
          "Plans": [
            {
              "Node Type": "Aggregate",
              "Strategy": "Plain",
              "Partial Mode": "Partial",
              "Parent Relationship": "Outer",
              "Parallel Aware": false,
              "Startup Cost": 43666.48,
              "Total Cost": 43666.49,
              "Plan Rows": 1,
              "Plan Width": 8,
              "Actual Startup Time": 123.439,
              "Actual Total Time": 123.44,
              "Actual Rows": 1,
              "Actual Loops": 4,
              "Plans": [
                {
                  "Node Type": "Seq Scan",
                  "Parent Relationship": "Outer",
                  "Parallel Aware": true,
                  "Relation Name": "movie_keyword",
                  "Alias": "mk",
                  "Startup Cost": 0.0,
                  "Total Cost": 42695.65,
                  "Plan Rows": 388331,
                  "Plan Width": 0,
                  "Actual Startup Time": 2.749,
                  "Actual Total Time": 108.375,
                  "Actual Rows": 302149,
                  "Actual Loops": 4,
                  "Filter": "(keyword_id > 15163)",
                  "Rows Removed by Filter": 828834
                }
              ]
            }
          ]
        }
      ]
    },
    "Planning Time": 0.16,
    "Triggers": [],
    "Execution Time": 141.868
  }
]