[
  {
    "Plan": {
      "Node Type": "Aggregate",
      "Strategy": "Plain",
      "Partial Mode": "Finalize",
      "Parallel Aware": false,
      "Startup Cost": 127806.35,
      "Total Cost": 127806.36,
      "Plan Rows": 1,
      "Plan Width": 8,
      "Actual Startup Time": 630.496,
      "Actual Total Time": 697.993,
      "Actual Rows": 1,
      "Actual Loops": 1,
      "Plans": [
        {
          "Node Type": "Gather",
          "Parent Relationship": "Outer",
          "Parallel Aware": false,
          "Startup Cost": 127806.03,
          "Total Cost": 127806.34,
          "Plan Rows": 3,
          "Plan Width": 8,
          "Actual Startup Time": 628.704,
          "Actual Total Time": 697.982,
          "Actual Rows": 4,
          "Actual Loops": 1,
          "Workers Planned": 3,
          "Workers Launched": 3,
          "Single Copy": false,
          "Plans": [
            {
              "Node Type": "Aggregate",
              "Strategy": "Plain",
              "Partial Mode": "Partial",
              "Parent Relationship": "Outer",
              "Parallel Aware": false,
              "Startup Cost": 126806.03,
              "Total Cost": 126806.04,
              "Plan Rows": 1,
              "Plan Width": 8,
              "Actual Startup Time": 619.907,
              "Actual Total Time": 619.911,
              "Actual Rows": 1,
              "Actual Loops": 4,
              "Plans": [
                {
                  "Node Type": "Nested Loop",
                  "Parent Relationship": "Outer",
                  "Parallel Aware": false,
                  "Join Type": "Inner",
                  "Startup Cost": 54927.52,
                  "Total Cost": 126469.84,
                  "Plan Rows": 134478,
                  "Plan Width": 0,
                  "Actual Startup Time": 160.752,
                  "Actual Total Time": 606.52,
                  "Actual Rows": 190175,
                  "Actual Loops": 4,
                  "Inner Unique": false,
                  "Plans": [
                    {
                      "Node Type": "Hash Join",
                      "Parent Relationship": "Outer",
                      "Parallel Aware": true,
                      "Join Type": "Inner",
                      "Startup Cost": 54926.96,
                      "Total Cost": 75720.17,
                      "Plan Rows": 9379,
                      "Plan Width": 8,
                      "Actual Startup Time": 160.639,
                      "Actual Total Time": 220.664,
                      "Actual Rows": 6407,
                      "Actual Loops": 4,
                      "Inner Unique": true,
                      "Hash Cond": "(mc.movie_id = t.id)",
                      "Plans": [
                        {
                          "Node Type": "Bitmap Heap Scan",
                          "Parent Relationship": "Outer",
                          "Parallel Aware": true,
                          "Relation Name": "movie_companies",
                          "Alias": "mc",
                          "Startup Cost": 8215.3,
                          "Total Cost": 28850.62,
                          "Plan Rows": 60149,
                          "Plan Width": 4,
                          "Actual Startup Time": 23.54,
                          "Actual Total Time": 57.549,
                          "Actual Rows": 72397,
                          "Actual Loops": 4,
                          "Recheck Cond": "(company_id < 225)",
                          "Rows Removed by Index Recheck": 0,
                          "Filter": "(company_type_id < 2)",
                          "Rows Removed by Filter": 21758,
                          "Exact Heap Blocks": 8024,
                          "Lossy Heap Blocks": 0,
                          "Plans": [
                            {
                              "Node Type": "Bitmap Index Scan",
                              "Parent Relationship": "Outer",
                              "Parallel Aware": false,
                              "Index Name": "company_id_movie_companies",
                              "Startup Cost": 0.0,
                              "Total Cost": 8168.68,
                              "Plan Rows": 381367,
                              "Plan Width": 0,
                              "Actual Startup Time": 20.864,
                              "Actual Total Time": 20.865,
                              "Actual Rows": 376622,
                              "Actual Loops": 1,
                              "Index Cond": "(company_id < 225)"
                            }
                          ]
                        },
                        {
                          "Node Type": "Hash",
                          "Parent Relationship": "Inner",
                          "Parallel Aware": true,
                          "Startup Cost": 45479.59,
                          "Total Cost": 45479.59,
                          "Plan Rows": 98566,
                          "Plan Width": 4,
                          "Actual Startup Time": 135.086,
                          "Actual Total Time": 135.087,
                          "Actual Rows": 83998,
                          "Actual Loops": 4,
                          "Hash Buckets": 524288,
                          "Original Hash Buckets": 524288,
                          "Hash Batches": 1,
                          "Original Hash Batches": 1,
                          "Peak Memory Usage": 17312,
                          "Plans": [
                            {
                              "Node Type": "Seq Scan",
                              "Parent Relationship": "Outer",
                              "Parallel Aware": true,
                              "Relation Name": "title",
                              "Alias": "t",
                              "Startup Cost": 0.0,
                              "Total Cost": 45479.59,
                              "Plan Rows": 98566,
                              "Plan Width": 4,
                              "Actual Startup Time": 0.058,
                              "Actual Total Time": 105.296,
                              "Actual Rows": 83998,
                              "Actual Loops": 4,
                              "Filter": "((kind_id < 7) AND (production_year > 2005))",
                              "Rows Removed by Filter": 548080
                            }
                          ]
                        }
                      ]
                    },
                    {
                      "Node Type": "Index Only Scan",
                      "Parent Relationship": "Inner",
                      "Parallel Aware": false,
                      "Scan Direction": "Forward",
                      "Index Name": "movie_id_cast_info",
                      "Relation Name": "cast_info",
                      "Alias": "ci",
                      "Startup Cost": 0.56,
                      "Total Cost": 5.06,
                      "Plan Rows": 35,
                      "Plan Width": 4,
                      "Actual Startup Time": 0.009,
                      "Actual Total Time": 0.057,
                      "Actual Rows": 30,
                      "Actual Loops": 25628,
                      "Index Cond": "(movie_id = t.id)",
                      "Rows Removed by Index Recheck": 0,
                      "Heap Fetches": 760699
                    }
                  ]
                }
              ]
            }
          ]
        }
      ]
    },
    "Planning Time": 0.536,
    "Triggers": [],
    "Execution Time": 698.073
  }
]