[
  {
    "Plan": {
      "Node Type": "Aggregate",
      "Strategy": "Plain",
      "Partial Mode": "Finalize",
      "Parallel Aware": false,
      "Startup Cost": 96963.71,
      "Total Cost": 96963.72,
      "Plan Rows": 1,
      "Plan Width": 8,
      "Actual Startup Time": 436.951,
      "Actual Total Time": 453.852,
      "Actual Rows": 1,
      "Actual Loops": 1,
      "Plans": [
        {
          "Node Type": "Gather",
          "Parent Relationship": "Outer",
          "Parallel Aware": false,
          "Startup Cost": 96963.49,
          "Total Cost": 96963.7,
          "Plan Rows": 2,
          "Plan Width": 8,
          "Actual Startup Time": 434.641,
          "Actual Total Time": 453.842,
          "Actual Rows": 3,
          "Actual Loops": 1,
          "Workers Planned": 2,
          "Workers Launched": 2,
          "Single Copy": false,
          "Plans": [
            {
              "Node Type": "Aggregate",
              "Strategy": "Plain",
              "Partial Mode": "Partial",
              "Parent Relationship": "Outer",
              "Parallel Aware": false,
              "Startup Cost": 95963.49,
              "Total Cost": 95963.5,
              "Plan Rows": 1,
              "Plan Width": 8,
              "Actual Startup Time": 426.059,
              "Actual Total Time": 426.221,
              "Actual Rows": 1,
              "Actual Loops": 3,
              "Plans": [
                {
                  "Node Type": "Hash Join",
                  "Parent Relationship": "Outer",
                  "Parallel Aware": true,
                  "Join Type": "Inner",
                  "Startup Cost": 79880.63,
                  "Total Cost": 95858.09,
                  "Plan Rows": 42162,
                  "Plan Width": 0,
                  "Actual Startup Time": 342.663,
                  "Actual Total Time": 424.459,
                  "Actual Rows": 42863,
                  "Actual Loops": 3,
                  "Inner Unique": false,
                  "Hash Cond": "(mi_idx.movie_id = t.id)",
                  "Plans": [
                    {
                      "Node Type": "Seq Scan",
                      "Parent Relationship": "Outer",
                      "Parallel Aware": true,
                      "Relation Name": "movie_info_idx",
                      "Alias": "mi_idx",
                      "Startup Cost": 0.0,
                      "Total Cost": 13685.15,
                      "Plan Rows": 575015,
                      "Plan Width": 4,
                      "Actual Startup Time": 0.03,
                      "Actual Total Time": 35.48,
                      "Actual Rows": 460012,
                      "Actual Loops": 3
                    },
                    {
                      "Node Type": "Hash",
                      "Parent Relationship": "Inner",
                      "Parallel Aware": true,
                      "Startup Cost": 79133.13,
                      "Total Cost": 79133.13,
                      "Plan Rows": 59800,
                      "Plan Width": 8,
                      "Actual Startup Time": 339.736,
                      "Actual Total Time": 339.896,
                      "Actual Rows": 42322,
                      "Actual Loops": 3,
                      "Hash Buckets": 262144,
                      "Original Hash Buckets": 262144,
                      "Hash Batches": 1,
                      "Original Hash Batches": 1,
                      "Peak Memory Usage": 7072,
                      "Plans": [
                        {
                          "Node Type": "Hash Join",
                          "Parent Relationship": "Outer",
                          "Parallel Aware": true,
                          "Join Type": "Inner",
                          "Startup Cost": 46713.9,
                          "Total Cost": 79133.13,
                          "Plan Rows": 59800,
                          "Plan Width": 8,
                          "Actual Startup Time": 205.923,
                          "Actual Total Time": 328.321,
                          "Actual Rows": 42322,
                          "Actual Loops": 3,
                          "Inner Unique": true,
                          "Hash Cond": "(mc.movie_id = t.id)",
                          "Plans": [
                            {
                              "Node Type": "Seq Scan",
                              "Parent Relationship": "Outer",
                              "Parallel Aware": true,
                              "Relation Name": "movie_companies",
                              "Alias": "mc",
                              "Startup Cost": 0.0,
                              "Total Cost": 31414.82,
                              "Plan Rows": 382635,
                              "Plan Width": 4,
                              "Actual Startup Time": 37.561,
                              "Actual Total Time": 86.468,
                              "Actual Rows": 423624,
                              "Actual Loops": 3,
                              "Filter": "((company_id > 143) AND (company_type_id > 1))",
                              "Rows Removed by Filter": 446085
                            },
                            {
                              "Node Type": "Hash",
                              "Parent Relationship": "Inner",
                              "Parallel Aware": true,
                              "Startup Cost": 45479.1,
                              "Total Cost": 45479.1,
                              "Plan Rows": 98784,
                              "Plan Width": 4,
                              "Actual Startup Time": 165.69,
                              "Actual Total Time": 165.691,
                              "Actual Rows": 133729,
                              "Actual Loops": 3,
                              "Hash Buckets": 524288,
                              "Original Hash Buckets": 524288,
                              "Hash Batches": 1,
                              "Original Hash Batches": 1,
                              "Peak Memory Usage": 19840,
                              "Plans": [
                                {
                                  "Node Type": "Seq Scan",
                                  "Parent Relationship": "Outer",
                                  "Parallel Aware": true,
                                  "Relation Name": "title",
                                  "Alias": "t",
                                  "Startup Cost": 0.0,
                                  "Total Cost": 45479.1,
                                  "Plan Rows": 98784,
                                  "Plan Width": 4,
                                  "Actual Startup Time": 0.036,
                                  "Actual Total Time": 120.374,
                                  "Actual Rows": 133729,
                                  "Actual Loops": 3,
                                  "Filter": "((kind_id > 1) AND (production_year > 2009))",
                                  "Rows Removed by Filter": 709042
                                }
                              ]
                            }
                          ]
                        }
                      ]
                    }
                  ]
                }
              ]
            }
          ]
        }
      ]
    },
    "Planning Time": 1.602,
    "Triggers": [],
    "Execution Time": 453.958
  }
]