[
  {
    "Plan": {
      "Node Type": "Aggregate",
      "Strategy": "Plain",
      "Partial Mode": "Finalize",
      "Parallel Aware": false,
      "Startup Cost": 32739.24,
      "Total Cost": 32739.25,
      "Plan Rows": 1,
      "Plan Width": 8,
      "Actual Startup Time": 97.388,
      "Actual Total Time": 105.94,
      "Actual Rows": 1,
      "Actual Loops": 1,
      "Plans": [
        {
          "Node Type": "Gather",
          "Parent Relationship": "Outer",
          "Parallel Aware": false,
          "Startup Cost": 32738.93,
          "Total Cost": 32739.24,
          "Plan Rows": 3,
          "Plan Width": 8,
          "Actual Startup Time": 97.28,
          "Actual Total Time": 105.932,
          "Actual Rows": 4,
          "Actual Loops": 1,
          "Workers Planned": 3,
          "Workers Launched": 3,
          "Single Copy": false,
          "Plans": [
            {
              "Node Type": "Aggregate",
              "Strategy": "Plain",
              "Partial Mode": "Partial",
              "Parent Relationship": "Outer",
              "Parallel Aware": false,
              "Startup Cost": 31738.93,
              "Total Cost": 31738.94,
              "Plan Rows": 1,
              "Plan Width": 8,
              "Actual Startup Time": 92.599,
              "Actual Total Time": 92.6,
              "Actual Rows": 1,
              "Actual Loops": 4,
              "Plans": [
                {
                  "Node Type": "Seq Scan",
                  "Parent Relationship": "Outer",
                  "Parallel Aware": true,
                  "Relation Name": "movie_companies",
                  "Alias": "mc",
                  "Startup Cost": 0.0,
                  "Total Cost": 31414.82,
                  "Plan Rows": 129643,
                  "Plan Width": 0,
                  "Actual Startup Time": 43.331,
                  "Actual Total Time": 83.373,
                  "Actual Rows": 182902,
                  "Actual Loops": 4,
                  "Filter": "((company_id > 29748) AND (company_type_id > 1))",
                  "Rows Removed by Filter": 469381
                }
              ]
            }
          ]
        }
      ]
    },
    "Planning Time": 0.15,
    "Triggers": [],
    "Execution Time": 105.984
  }
]