{
  "Plan": {
    "Node Type": "Aggregate",
    "Strategy": "Plain",
    "Partial Mode": "Finalize",
    "Parallel Aware": false,
    "Startup Cost": 614434.49,
    "Total Cost": 614434.5,
    "Plan Rows": 1,
    "Plan Width": 32,
    "Actual Startup Time": 2683.397,
    "Actual Total Time": 2736.263,
    "Actual Rows": 1,
    "Actual Loops": 1,
    "Plans": [
      {
        "Node Type": "Gather",
        "Parent Relationship": "Outer",
        "Parallel Aware": false,
        "Startup Cost": 614434.38,
        "Total Cost": 614434.49,
        "Plan Rows": 1,
        "Plan Width": 32,
        "Actual Startup Time": 2683.391,
        "Actual Total Time": 2736.257,
        "Actual Rows": 2,
        "Actual Loops": 1,
        "Workers Planned": 1,
        "Workers Launched": 1,
        "Single Copy": false,
        "Plans": [
          {
            "Node Type": "Aggregate",
            "Strategy": "Plain",
            "Partial Mode": "Partial",
            "Parent Relationship": "Outer",
            "Parallel Aware": false,
            "Startup Cost": 613434.38,
            "Total Cost": 613434.39,
            "Plan Rows": 1,
            "Plan Width": 32,
            "Actual Startup Time": 2672.365,
            "Actual Total Time": 2672.372,
            "Actual Rows": 1,
            "Actual Loops": 2,
            "Plans": [
              {
                "Node Type": "Hash Join",
                "Parent Relationship": "Outer",
                "Parallel Aware": false,
                "Join Type": "Inner",
                "Startup Cost": 607405.01,
                "Total Cost": 613434.38,
                "Plan Rows": 2,
                "Plan Width": 17,
                "Actual Startup Time": 2672.362,
                "Actual Total Time": 2672.368,
                "Actual Rows": 0,
                "Actual Loops": 2,
                "Inner Unique": true,
                "Hash Cond": "(mc.company_type_id = ct.id)",
                "Plans": [
                  {
                    "Node Type": "Hash Join",
                    "Parent Relationship": "Outer",
                    "Parallel Aware": true,
                    "Join Type": "Inner",
                    "Startup Cost": 607403.95,
                    "Total Cost": 613433.28,
                    "Plan Rows": 6,
                    "Plan Width": 21,
                    "Actual Startup Time": 2661.412,
                    "Actual Total Time": 2672.099,
                    "Actual Rows": 1,
                    "Actual Loops": 2,
                    "Inner Unique": false,
                    "Hash Cond": "(t.id = mc.movie_id)",
                    "Plans": [
                      {
                        "Node Type": "Merge Join",
                        "Parent Relationship": "Outer",
                        "Parallel Aware": false,
                        "Join Type": "Inner",
                        "Startup Cost": 561754.84,
                        "Total Cost": 566010.97,
                        "Plan Rows": 283705,
                        "Plan Width": 25,
                        "Actual Startup Time": 2467.863,
                        "Actual Total Time": 2501.04,
                        "Actual Rows": 231092,
                        "Actual Loops": 2,
                        "Inner Unique": true,
                        "Merge Cond": "(mi.info_type_id = it.id)",
                        "Plans": [
                          {
                            "Node Type": "Sort",
                            "Parent Relationship": "Outer",
                            "Parallel Aware": false,
                            "Startup Cost": 561748.86,
                            "Total Cost": 562458.12,
                            "Plan Rows": 283705,
                            "Plan Width": 29,
                            "Actual Startup Time": 2467.791,
                            "Actual Total Time": 2475.826,
                            "Actual Rows": 231092,
                            "Actual Loops": 2,
                            "Sort Key": [
                              "mi.info_type_id"
                            ],
                            "Sort Method": "quicksort",
                            "Sort Space Used": 27057,
                            "Sort Space Type": "Memory",
                            "Workers": [
                              {
                                "Worker Number": 0,
                                "Sort Method": "quicksort",
                                "Sort Space Used": 23283,
                                "Sort Space Type": "Memory"
                              }
                            ],
                            "Plans": [
                              {
                                "Node Type": "Merge Join",
                                "Parent Relationship": "Outer",
                                "Parallel Aware": false,
                                "Join Type": "Inner",
                                "Startup Cost": 423447.81,
                                "Total Cost": 536053.65,
                                "Plan Rows": 283705,
                                "Plan Width": 29,
                                "Actual Startup Time": 1655.99,
                                "Actual Total Time": 2417.203,
                                "Actual Rows": 231092,
                                "Actual Loops": 2,
                                "Inner Unique": false,
                                "Merge Cond": "(t.id = mi.movie_id)",
                                "Plans": [
                                  {
                                    "Node Type": "Index Scan",
                                    "Parent Relationship": "Outer",
                                    "Parallel Aware": true,
                                    "Scan Direction": "Forward",
                                    "Index Name": "title_pkey",
                                    "Relation Name": "title",
                                    "Alias": "t",
                                    "Startup Cost": 0.43,
                                    "Total Cost": 103663.46,
                                    "Plan Rows": 923766,
                                    "Plan Width": 21,
                                    "Actual Startup Time": 0.127,
                                    "Actual Total Time": 611.966,
                                    "Actual Rows": 785084,
                                    "Actual Loops": 2,
                                    "Filter": "(production_year > 1996)",
                                    "Rows Removed by Filter": 477948
                                  },
                                  {
                                    "Node Type": "Sort",
                                    "Parent Relationship": "Inner",
                                    "Parallel Aware": false,
                                    "Startup Cost": 423442.11,
                                    "Total Cost": 425383.24,
                                    "Plan Rows": 776454,
                                    "Plan Width": 8,
                                    "Actual Startup Time": 1655.844,
                                    "Actual Total Time": 1692.743,
                                    "Actual Rows": 790143,
                                    "Actual Loops": 2,
                                    "Sort Key": [
                                      "mi.movie_id"
                                    ],
                                    "Sort Method": "quicksort",
                                    "Sort Space Used": 61614,
                                    "Sort Space Type": "Memory",
                                    "Workers": [
                                      {
                                        "Worker Number": 0,
                                        "Sort Method": "quicksort",
                                        "Sort Space Used": 61614,
                                        "Sort Space Type": "Memory"
                                      }
                                    ],
                                    "Plans": [
                                      {
                                        "Node Type": "Seq Scan",
                                        "Parent Relationship": "Outer",
                                        "Parallel Aware": false,
                                        "Relation Name": "movie_info",
                                        "Alias": "mi",
                                        "Startup Cost": 0.0,
                                        "Total Cost": 347479.51,
                                        "Plan Rows": 776454,
                                        "Plan Width": 8,
                                        "Actual Startup Time": 0.031,
                                        "Actual Total Time": 1504.843,
                                        "Actual Rows": 790143,
                                        "Actual Loops": 2,
                                        "Filter": "(info = ANY ('{Swedish,English}'::text[]))",
                                        "Rows Removed by Filter": 14045577
                                      }
                                    ]
                                  }
                                ]
                              }
                            ]
                          },
                          {
                            "Node Type": "Sort",
                            "Parent Relationship": "Inner",
                            "Parallel Aware": false,
                            "Startup Cost": 5.98,
                            "Total Cost": 6.27,
                            "Plan Rows": 113,
                            "Plan Width": 4,
                            "Actual Startup Time": 0.064,
                            "Actual Total Time": 0.068,
                            "Actual Rows": 47,
                            "Actual Loops": 2,
                            "Sort Key": [
                              "it.id"
                            ],
                            "Sort Method": "quicksort",
                            "Sort Space Used": 30,
                            "Sort Space Type": "Memory",
                            "Workers": [
                              {
                                "Worker Number": 0,
                                "Sort Method": "quicksort",
                                "Sort Space Used": 30,
                                "Sort Space Type": "Memory"
                              }
                            ],
                            "Plans": [
                              {
                                "Node Type": "Seq Scan",
                                "Parent Relationship": "Outer",
                                "Parallel Aware": false,
                                "Relation Name": "info_type",
                                "Alias": "it",
                                "Startup Cost": 0.0,
                                "Total Cost": 2.13,
                                "Plan Rows": 113,
                                "Plan Width": 4,
                                "Actual Startup Time": 0.037,
                                "Actual Total Time": 0.045,
                                "Actual Rows": 113,
                                "Actual Loops": 2
                              }
                            ]
                          }
                        ]
                      },
                      {
                        "Node Type": "Hash",
                        "Parent Relationship": "Inner",
                        "Parallel Aware": true,
                        "Startup Cost": 45648.68,
                        "Total Cost": 45648.68,
                        "Plan Rows": 34,
                        "Plan Width": 8,
                        "Actual Startup Time": 153.612,
                        "Actual Total Time": 153.612,
                        "Actual Rows": 709,
                        "Actual Loops": 2,
                        "Hash Buckets": 1024,
                        "Original Hash Buckets": 1024,
                        "Hash Batches": 1,
                        "Original Hash Batches": 1,
                        "Peak Memory Usage": 72,
                        "Plans": [
                          {
                            "Node Type": "Seq Scan",
                            "Parent Relationship": "Outer",
                            "Parallel Aware": true,
                            "Relation Name": "movie_companies",
                            "Alias": "mc",
                            "Startup Cost": 0.0,
                            "Total Cost": 45648.68,
                            "Plan Rows": 34,
                            "Plan Width": 8,
                            "Actual Startup Time": 1.426,
                            "Actual Total Time": 153.293,
                            "Actual Rows": 709,
                            "Actual Loops": 2,
                            "Filter": "((note ~~ '%(VHS)%'::text) AND (note ~~ '%(USA)%'::text) AND (note ~~ '%(1994)%'::text))",
                            "Rows Removed by Filter": 1303856
                          }
                        ]
                      }
                    ]
                  },
                  {
                    "Node Type": "Hash",
                    "Parent Relationship": "Inner",
                    "Parallel Aware": false,
                    "Startup Cost": 1.05,
                    "Total Cost": 1.05,
                    "Plan Rows": 1,
                    "Plan Width": 4,
                    "Actual Startup Time": 0.061,
                    "Actual Total Time": 0.062,
                    "Actual Rows": 1,
                    "Actual Loops": 2,
                    "Hash Buckets": 1024,
                    "Original Hash Buckets": 1024,
                    "Hash Batches": 1,
                    "Original Hash Batches": 1,
                    "Peak Memory Usage": 9,
                    "Plans": [
                      {
                        "Node Type": "Seq Scan",
                        "Parent Relationship": "Outer",
                        "Parallel Aware": false,
                        "Relation Name": "company_type",
                        "Alias": "ct",
                        "Startup Cost": 0.0,
                        "Total Cost": 1.05,
                        "Plan Rows": 1,
                        "Plan Width": 4,
                        "Actual Startup Time": 0.047,
                        "Actual Total Time": 0.049,
                        "Actual Rows": 1,
                        "Actual Loops": 2,
                        "Filter": "((kind)::text = 'production companies'::text)",
                        "Rows Removed by Filter": 3
                      }
                    ]
                  }
                ]
              }
            ]
          }
        ]
      }
    ]
  },
  "Planning Time": 1.044,
  "Triggers": [],
  "Execution Time": 2736.402
}