{
  "Plan": {
    "Node Type": "Aggregate",
    "Strategy": "Plain",
    "Partial Mode": "Finalize",
    "Parallel Aware": false,
    "Startup Cost": 169558.72,
    "Total Cost": 169558.73,
    "Plan Rows": 1,
    "Plan Width": 8,
    "Actual Startup Time": 1237.977,
    "Actual Total Time": 1255.095,
    "Actual Rows": 1,
    "Actual Loops": 1,
    "Plans": [
      {
        "Node Type": "Gather",
        "Parent Relationship": "Outer",
        "Parallel Aware": false,
        "Startup Cost": 169558.61,
        "Total Cost": 169558.72,
        "Plan Rows": 1,
        "Plan Width": 8,
        "Actual Startup Time": 1235.568,
        "Actual Total Time": 1255.088,
        "Actual Rows": 2,
        "Actual Loops": 1,
        "Workers Planned": 1,
        "Workers Launched": 1,
        "Single Copy": false,
        "Plans": [
          {
            "Node Type": "Aggregate",
            "Strategy": "Plain",
            "Partial Mode": "Partial",
            "Parent Relationship": "Outer",
            "Parallel Aware": false,
            "Startup Cost": 168558.61,
            "Total Cost": 168558.62,
            "Plan Rows": 1,
            "Plan Width": 8,
            "Actual Startup Time": 1229.747,
            "Actual Total Time": 1229.752,
            "Actual Rows": 1,
            "Actual Loops": 2,
            "Plans": [
              {
                "Node Type": "Hash Join",
                "Parent Relationship": "Outer",
                "Parallel Aware": true,
                "Join Type": "Inner",
                "Startup Cost": 148805.76,
                "Total Cost": 168363.02,
                "Plan Rows": 78236,
                "Plan Width": 0,
                "Actual Startup Time": 1082.912,
                "Actual Total Time": 1221.305,
                "Actual Rows": 198472,
                "Actual Loops": 2,
                "Inner Unique": false,
                "Hash Cond": "(mi_idx.movie_id = t.id)",
                "Plans": [
                  {
                    "Node Type": "Seq Scan",
                    "Parent Relationship": "Outer",
                    "Parallel Aware": true,
                    "Relation Name": "movie_info_idx",
                    "Alias": "mi_idx",
                    "Startup Cost": 0.0,
                    "Total Cost": 16052.85,
                    "Plan Rows": 811785,
                    "Plan Width": 4,
                    "Actual Startup Time": 0.028,
                    "Actual Total Time": 49.553,
                    "Actual Rows": 690018,
                    "Actual Loops": 2
                  },
                  {
                    "Node Type": "Hash",
                    "Parent Relationship": "Inner",
                    "Parallel Aware": true,
                    "Startup Cost": 147014.11,
                    "Total Cost": 147014.11,
                    "Plan Rows": 143332,
                    "Plan Width": 8,
                    "Actual Startup Time": 1081.4,
                    "Actual Total Time": 1081.402,
                    "Actual Rows": 131616,
                    "Actual Loops": 2,
                    "Hash Buckets": 524288,
                    "Original Hash Buckets": 262144,
                    "Hash Batches": 1,
                    "Original Hash Batches": 1,
                    "Peak Memory Usage": 16480,
                    "Plans": [
                      {
                        "Node Type": "Merge Join",
                        "Parent Relationship": "Outer",
                        "Parallel Aware": false,
                        "Join Type": "Inner",
                        "Startup Cost": 37503.64,
                        "Total Cost": 147014.11,
                        "Plan Rows": 143332,
                        "Plan Width": 8,
                        "Actual Startup Time": 134.607,
                        "Actual Total Time": 1031.227,
                        "Actual Rows": 131616,
                        "Actual Loops": 2,
                        "Inner Unique": false,
                        "Merge Cond": "(t.id = ci.movie_id)",
                        "Plans": [
                          {
                            "Node Type": "Index Scan",
                            "Parent Relationship": "Outer",
                            "Parallel Aware": true,
                            "Scan Direction": "Forward",
                            "Index Name": "title_pkey",
                            "Relation Name": "title",
                            "Alias": "t",
                            "Startup Cost": 0.43,
                            "Total Cost": 103647.43,
                            "Plan Rows": 1214931,
                            "Plan Width": 4,
                            "Actual Startup Time": 0.061,
                            "Actual Total Time": 767.504,
                            "Actual Rows": 1031765,
                            "Actual Loops": 2,
                            "Filter": "(production_year < 2011)",
                            "Rows Removed by Filter": 231336
                          },
                          {
                            "Node Type": "Sort",
                            "Parent Relationship": "Inner",
                            "Parallel Aware": false,
                            "Startup Cost": 37503.18,
                            "Total Cost": 38248.87,
                            "Plan Rows": 298277,
                            "Plan Width": 4,
                            "Actual Startup Time": 134.519,
                            "Actual Total Time": 175.128,
                            "Actual Rows": 316118,
                            "Actual Loops": 2,
                            "Sort Key": [
                              "ci.movie_id"
                            ],
                            "Sort Method": "quicksort",
                            "Sort Space Used": 27107,
                            "Sort Space Type": "Memory",
                            "Workers": [
                              {
                                "Worker Number": 0,
                                "Sort Method": "quicksort",
                                "Sort Space Used": 27107,
                                "Sort Space Type": "Memory"
                              }
                            ],
                            "Plans": [
                              {
                                "Node Type": "Index Scan",
                                "Parent Relationship": "Outer",
                                "Parallel Aware": false,
                                "Scan Direction": "Forward",
                                "Index Name": "role_id_cast_info",
                                "Relation Name": "cast_info",
                                "Alias": "ci",
                                "Startup Cost": 0.56,
                                "Total Cost": 10380.41,
                                "Plan Rows": 298277,
                                "Plan Width": 4,
                                "Actual Startup Time": 0.18,
                                "Actual Total Time": 55.274,
                                "Actual Rows": 316118,
                                "Actual Loops": 2,
                                "Index Cond": "(role_id > 10)",
                                "Rows Removed by Index Recheck": 0
                              }
                            ]
                          }
                        ]
                      }
                    ]
                  }
                ]
              }
            ]
          }
        ]
      }
    ]
  },
  "Planning Time": 0.347,
  "Triggers": [],
  "Execution Time": 1255.155
}