[
  {
    "Plan": {
      "Node Type": "Aggregate",
      "Strategy": "Plain",
      "Partial Mode": "Finalize",
      "Parallel Aware": false,
      "Startup Cost": 65616.15,
      "Total Cost": 65616.16,
      "Plan Rows": 1,
      "Plan Width": 8,
      "Actual Startup Time": 105.815,
      "Actual Total Time": 117.956,
      "Actual Rows": 1,
      "Actual Loops": 1,
      "Plans": [
        {
          "Node Type": "Gather",
          "Parent Relationship": "Outer",
          "Parallel Aware": false,
          "Startup Cost": 65615.83,
          "Total Cost": 65616.14,
          "Plan Rows": 3,
          "Plan Width": 8,
          "Actual Startup Time": 104.993,
          "Actual Total Time": 117.947,
          "Actual Rows": 4,
          "Actual Loops": 1,
          "Workers Planned": 3,
          "Workers Launched": 3,
          "Single Copy": false,
          "Plans": [
            {
              "Node Type": "Aggregate",
              "Strategy": "Plain",
              "Partial Mode": "Partial",
              "Parent Relationship": "Outer",
              "Parallel Aware": false,
              "Startup Cost": 64615.83,
              "Total Cost": 64615.84,
              "Plan Rows": 1,
              "Plan Width": 8,
              "Actual Startup Time": 97.896,
              "Actual Total Time": 97.902,
              "Actual Rows": 1,
              "Actual Loops": 4,
              "Plans": [
                {
                  "Node Type": "Nested Loop",
                  "Parent Relationship": "Outer",
                  "Parallel Aware": false,
                  "Join Type": "Inner",
                  "Startup Cost": 39904.4,
                  "Total Cost": 64609.75,
                  "Plan Rows": 2434,
                  "Plan Width": 0,
                  "Actual Startup Time": 65.373,
                  "Actual Total Time": 97.163,
                  "Actual Rows": 7326,
                  "Actual Loops": 4,
                  "Inner Unique": false,
                  "Plans": [
                    {
                      "Node Type": "Hash Join",
                      "Parent Relationship": "Outer",
                      "Parallel Aware": true,
                      "Join Type": "Inner",
                      "Startup Cost": 39903.96,
                      "Total Cost": 58931.83,
                      "Plan Rows": 415,
                      "Plan Width": 8,
                      "Actual Startup Time": 65.175,
                      "Actual Total Time": 73.673,
                      "Actual Rows": 682,
                      "Actual Loops": 4,
                      "Inner Unique": true,
                      "Hash Cond": "(mc.movie_id = t.id)",
                      "Plans": [
                        {
                          "Node Type": "Bitmap Heap Scan",
                          "Parent Relationship": "Outer",
                          "Parallel Aware": true,
                          "Relation Name": "movie_companies",
                          "Alias": "mc",
                          "Startup Cost": 1058.27,
                          "Total Cost": 20044.85,
                          "Plan Rows": 15727,
                          "Plan Width": 4,
                          "Actual Startup Time": 3.186,
                          "Actual Total Time": 7.912,
                          "Actual Rows": 12051,
                          "Actual Loops": 4,
                          "Recheck Cond": "(company_id > 192862)",
                          "Rows Removed by Index Recheck": 0,
                          "Exact Heap Blocks": 818,
                          "Lossy Heap Blocks": 0,
                          "Plans": [
                            {
                              "Node Type": "Bitmap Index Scan",
                              "Parent Relationship": "Outer",
                              "Parallel Aware": false,
                              "Index Name": "company_id_movie_companies",
                              "Startup Cost": 0.0,
                              "Total Cost": 1046.08,
                              "Plan Rows": 48753,
                              "Plan Width": 0,
                              "Actual Startup Time": 2.681,
                              "Actual Total Time": 2.682,
                              "Actual Rows": 48205,
                              "Actual Loops": 1,
                              "Index Cond": "(company_id > 192862)"
                            }
                          ]
                        },
                        {
                          "Node Type": "Hash",
                          "Parent Relationship": "Inner",
                          "Parallel Aware": true,
                          "Startup Cost": 38637.39,
                          "Total Cost": 38637.39,
                          "Plan Rows": 16664,
                          "Plan Width": 4,
                          "Actual Startup Time": 60.458,
                          "Actual Total Time": 60.459,
                          "Actual Rows": 21852,
                          "Actual Loops": 4,
                          "Hash Buckets": 131072,
                          "Original Hash Buckets": 131072,
                          "Hash Batches": 1,
                          "Original Hash Batches": 1,
                          "Peak Memory Usage": 4512,
                          "Plans": [
                            {
                              "Node Type": "Bitmap Heap Scan",
                              "Parent Relationship": "Outer",
                              "Parallel Aware": true,
                              "Relation Name": "title",
                              "Alias": "t",
                              "Startup Cost": 2183.96,
                              "Total Cost": 38637.39,
                              "Plan Rows": 16664,
                              "Plan Width": 4,
                              "Actual Startup Time": 12.552,
                              "Actual Total Time": 50.826,
                              "Actual Rows": 21852,
                              "Actual Loops": 4,
                              "Recheck Cond": "(kind_id = 4)",
                              "Rows Removed by Index Recheck": 0,
                              "Filter": "(production_year > 2000)",
                              "Rows Removed by Filter": 7706,
                              "Exact Heap Blocks": 6033,
                              "Lossy Heap Blocks": 0,
                              "Plans": [
                                {
                                  "Node Type": "Bitmap Index Scan",
                                  "Parent Relationship": "Outer",
                                  "Parallel Aware": false,
                                  "Index Name": "kind_id_title",
                                  "Startup Cost": 0.0,
                                  "Total Cost": 2167.3,
                                  "Plan Rows": 121449,
                                  "Plan Width": 0,
                                  "Actual Startup Time": 12.252,
                                  "Actual Total Time": 12.252,
                                  "Actual Rows": 118234,
                                  "Actual Loops": 1,
                                  "Index Cond": "(kind_id = 4)"
                                }
                              ]
                            }
                          ]
                        }
                      ]
                    },
                    {
                      "Node Type": "Index Only Scan",
                      "Parent Relationship": "Inner",
                      "Parallel Aware": false,
                      "Scan Direction": "Forward",
                      "Index Name": "movie_id_movie_info",
                      "Relation Name": "movie_info",
                      "Alias": "mi",
                      "Startup Cost": 0.43,
                      "Total Cost": 13.27,
                      "Plan Rows": 41,
                      "Plan Width": 4,
                      "Actual Startup Time": 0.011,
                      "Actual Total Time": 0.033,
                      "Actual Rows": 11,
                      "Actual Loops": 2729,
                      "Index Cond": "(movie_id = t.id)",
                      "Rows Removed by Index Recheck": 0,
                      "Heap Fetches": 29302
                    }
                  ]
                }
              ]
            }
          ]
        }
      ]
    },
    "Planning Time": 0.898,
    "Triggers": [],
    "Execution Time": 118.032
  }
]