[
  {
    "Plan": {
      "Node Type": "Aggregate",
      "Strategy": "Plain",
      "Partial Mode": "Finalize",
      "Parallel Aware": false,
      "Startup Cost": 30822.09,
      "Total Cost": 30822.1,
      "Plan Rows": 1,
      "Plan Width": 8,
      "Actual Startup Time": 79.404,
      "Actual Total Time": 84.589,
      "Actual Rows": 1,
      "Actual Loops": 1,
      "Plans": [
        {
          "Node Type": "Gather",
          "Parent Relationship": "Outer",
          "Parallel Aware": false,
          "Startup Cost": 30821.77,
          "Total Cost": 30822.08,
          "Plan Rows": 3,
          "Plan Width": 8,
          "Actual Startup Time": 79.276,
          "Actual Total Time": 84.58,
          "Actual Rows": 4,
          "Actual Loops": 1,
          "Workers Planned": 3,
          "Workers Launched": 3,
          "Single Copy": false,
          "Plans": [
            {
              "Node Type": "Aggregate",
              "Strategy": "Plain",
              "Partial Mode": "Partial",
              "Parent Relationship": "Outer",
              "Parallel Aware": false,
              "Startup Cost": 29821.77,
              "Total Cost": 29821.78,
              "Plan Rows": 1,
              "Plan Width": 8,
              "Actual Startup Time": 74.512,
              "Actual Total Time": 74.513,
              "Actual Rows": 1,
              "Actual Loops": 4,
              "Plans": [
                {
                  "Node Type": "Seq Scan",
                  "Parent Relationship": "Outer",
                  "Parallel Aware": true,
                  "Relation Name": "movie_companies",
                  "Alias": "mc",
                  "Startup Cost": 0.0,
                  "Total Cost": 29310.68,
                  "Plan Rows": 204436,
                  "Plan Width": 0,
                  "Actual Startup Time": 27.552,
                  "Actual Total Time": 67.182,
                  "Actual Rows": 157274,
                  "Actual Loops": 4,
                  "Filter": "(company_id > 59999)",
                  "Rows Removed by Filter": 495008
                }
              ]
            }
          ]
        }
      ]
    },
    "Planning Time": 0.186,
    "Triggers": [],
    "Execution Time": 84.641
  }
]