[
  {
    "Plan": {
      "Node Type": "Aggregate",
      "Strategy": "Plain",
      "Partial Mode": "Finalize",
      "Parallel Aware": false,
      "Startup Cost": 77589.92,
      "Total Cost": 77589.93,
      "Plan Rows": 1,
      "Plan Width": 8,
      "Actual Startup Time": 208.769,
      "Actual Total Time": 223.256,
      "Actual Rows": 1,
      "Actual Loops": 1,
      "Plans": [
        {
          "Node Type": "Gather",
          "Parent Relationship": "Outer",
          "Parallel Aware": false,
          "Startup Cost": 77589.61,
          "Total Cost": 77589.92,
          "Plan Rows": 3,
          "Plan Width": 8,
          "Actual Startup Time": 208.264,
          "Actual Total Time": 223.246,
          "Actual Rows": 4,
          "Actual Loops": 1,
          "Workers Planned": 3,
          "Workers Launched": 3,
          "Single Copy": false,
          "Plans": [
            {
              "Node Type": "Aggregate",
              "Strategy": "Plain",
              "Partial Mode": "Partial",
              "Parent Relationship": "Outer",
              "Parallel Aware": false,
              "Startup Cost": 76589.61,
              "Total Cost": 76589.62,
              "Plan Rows": 1,
              "Plan Width": 8,
              "Actual Startup Time": 200.033,
              "Actual Total Time": 200.036,
              "Actual Rows": 1,
              "Actual Loops": 4,
              "Plans": [
                {
                  "Node Type": "Hash Join",
                  "Parent Relationship": "Outer",
                  "Parallel Aware": true,
                  "Join Type": "Inner",
                  "Startup Cost": 44287.38,
                  "Total Cost": 76549.91,
                  "Plan Rows": 15878,
                  "Plan Width": 0,
                  "Actual Startup Time": 105.027,
                  "Actual Total Time": 199.54,
                  "Actual Rows": 8308,
                  "Actual Loops": 4,
                  "Inner Unique": true,
                  "Hash Cond": "(mc.movie_id = t.id)",
                  "Plans": [
                    {
                      "Node Type": "Seq Scan",
                      "Parent Relationship": "Outer",
                      "Parallel Aware": true,
                      "Relation Name": "movie_companies",
                      "Alias": "mc",
                      "Startup Cost": 0.0,
                      "Total Cost": 31414.82,
                      "Plan Rows": 322939,
                      "Plan Width": 4,
                      "Actual Startup Time": 0.159,
                      "Actual Total Time": 67.579,
                      "Actual Rows": 214592,
                      "Actual Loops": 4,
                      "Filter": "((company_id > 598) AND (company_type_id < 2))",
                      "Rows Removed by Filter": 437690
                    },
                    {
                      "Node Type": "Hash",
                      "Parent Relationship": "Inner",
                      "Parallel Aware": true,
                      "Startup Cost": 43898.92,
                      "Total Cost": 43898.92,
                      "Plan Rows": 31077,
                      "Plan Width": 4,
                      "Actual Startup Time": 102.949,
                      "Actual Total Time": 102.95,
                      "Actual Rows": 29891,
                      "Actual Loops": 4,
                      "Hash Buckets": 131072,
                      "Original Hash Buckets": 131072,
                      "Hash Batches": 1,
                      "Original Hash Batches": 1,
                      "Peak Memory Usage": 5760,
                      "Plans": [
                        {
                          "Node Type": "Seq Scan",
                          "Parent Relationship": "Outer",
                          "Parallel Aware": true,
                          "Relation Name": "title",
                          "Alias": "t",
                          "Startup Cost": 0.0,
                          "Total Cost": 43898.92,
                          "Plan Rows": 31077,
                          "Plan Width": 4,
                          "Actual Startup Time": 0.046,
                          "Actual Total Time": 92.022,
                          "Actual Rows": 29891,
                          "Actual Loops": 4,
                          "Filter": "(production_year = 2007)",
                          "Rows Removed by Filter": 602187
                        }
                      ]
                    }
                  ]
                }
              ]
            }
          ]
        }
      ]
    },
    "Planning Time": 0.646,
    "Triggers": [],
    "Execution Time": 223.328
  }
]