[
  {
    "Plan": {
      "Node Type": "Aggregate",
      "Strategy": "Plain",
      "Partial Mode": "Finalize",
      "Parallel Aware": false,
      "Startup Cost": 399622.61,
      "Total Cost": 399622.62,
      "Plan Rows": 1,
      "Plan Width": 8,
      "Actual Startup Time": 993.263,
      "Actual Total Time": 1017.031,
      "Actual Rows": 1,
      "Actual Loops": 1,
      "Plans": [
        {
          "Node Type": "Gather",
          "Parent Relationship": "Outer",
          "Parallel Aware": false,
          "Startup Cost": 399622.3,
          "Total Cost": 399622.61,
          "Plan Rows": 3,
          "Plan Width": 8,
          "Actual Startup Time": 976.888,
          "Actual Total Time": 1017.02,
          "Actual Rows": 4,
          "Actual Loops": 1,
          "Workers Planned": 3,
          "Workers Launched": 3,
          "Single Copy": false,
          "Plans": [
            {
              "Node Type": "Aggregate",
              "Strategy": "Plain",
              "Partial Mode": "Partial",
              "Parent Relationship": "Outer",
              "Parallel Aware": false,
              "Startup Cost": 398622.3,
              "Total Cost": 398622.31,
              "Plan Rows": 1,
              "Plan Width": 8,
              "Actual Startup Time": 967.802,
              "Actual Total Time": 968.78,
              "Actual Rows": 1,
              "Actual Loops": 4,
              "Plans": [
                {
                  "Node Type": "Hash Join",
                  "Parent Relationship": "Outer",
                  "Parallel Aware": true,
                  "Join Type": "Inner",
                  "Startup Cost": 354506.21,
                  "Total Cost": 398431.86,
                  "Plan Rows": 76173,
                  "Plan Width": 0,
                  "Actual Startup Time": 782.14,
                  "Actual Total Time": 949.562,
                  "Actual Rows": 432962,
                  "Actual Loops": 4,
                  "Inner Unique": false,
                  "Hash Cond": "(mk.movie_id = t.id)",
                  "Plans": [
                    {
                      "Node Type": "Seq Scan",
                      "Parent Relationship": "Outer",
                      "Parallel Aware": true,
                      "Relation Name": "movie_keyword",
                      "Alias": "mk",
                      "Startup Cost": 0.0,
                      "Total Cost": 42695.65,
                      "Plan Rows": 277219,
                      "Plan Width": 4,
                      "Actual Startup Time": 1.519,
                      "Actual Total Time": 96.443,
                      "Actual Rows": 213177,
                      "Actual Loops": 4,
                      "Filter": "(keyword_id > 21544)",
                      "Rows Removed by Filter": 917806
                    },
                    {
                      "Node Type": "Hash",
                      "Parent Relationship": "Inner",
                      "Parallel Aware": true,
                      "Startup Cost": 352335.22,
                      "Total Cost": 352335.22,
                      "Plan Rows": 173679,
                      "Plan Width": 8,
                      "Actual Startup Time": 775.672,
                      "Actual Total Time": 776.648,
                      "Actual Rows": 362386,
                      "Actual Loops": 4,
                      "Hash Buckets": 2097152,
                      "Original Hash Buckets": 1048576,
                      "Hash Batches": 1,
                      "Original Hash Batches": 1,
                      "Peak Memory Usage": 81376,
                      "Plans": [
                        {
                          "Node Type": "Hash Join",
                          "Parent Relationship": "Outer",
                          "Parallel Aware": true,
                          "Join Type": "Inner",
                          "Startup Cost": 303406.3,
                          "Total Cost": 352335.22,
                          "Plan Rows": 173679,
                          "Plan Width": 8,
                          "Actual Startup Time": 307.331,
                          "Actual Total Time": 651.221,
                          "Actual Rows": 362386,
                          "Actual Loops": 4,
                          "Inner Unique": false,
                          "Hash Cond": "(t.id = ci.movie_id)",
                          "Plans": [
                            {
                              "Node Type": "Seq Scan",
                              "Parent Relationship": "Outer",
                              "Parallel Aware": true,
                              "Relation Name": "title",
                              "Alias": "t",
                              "Startup Cost": 0.0,
                              "Total Cost": 42318.73,
                              "Plan Rows": 632073,
                              "Plan Width": 4,
                              "Actual Startup Time": 0.011,
                              "Actual Total Time": 74.221,
                              "Actual Rows": 632078,
                              "Actual Loops": 4
                            },
                            {
                              "Node Type": "Hash",
                              "Parent Relationship": "Inner",
                              "Parallel Aware": true,
                              "Startup Cost": 301958.97,
                              "Total Cost": 301958.97,
                              "Plan Rows": 115786,
                              "Plan Width": 4,
                              "Actual Startup Time": 304.659,
                              "Actual Total Time": 304.66,
                              "Actual Rows": 362386,
                              "Actual Loops": 4,
                              "Hash Buckets": 2097152,
                              "Original Hash Buckets": 1048576,
                              "Hash Batches": 1,
                              "Original Hash Batches": 1,
                              "Peak Memory Usage": 81344,
                              "Plans": [
                                {
                                  "Node Type": "Bitmap Heap Scan",
                                  "Parent Relationship": "Outer",
                                  "Parallel Aware": true,
                                  "Relation Name": "cast_info",
                                  "Alias": "ci",
                                  "Startup Cost": 44228.54,
                                  "Total Cost": 301958.97,
                                  "Plan Rows": 115786,
                                  "Plan Width": 4,
                                  "Actual Startup Time": 66.758,
                                  "Actual Total Time": 163.149,
                                  "Actual Rows": 362386,
                                  "Actual Loops": 4,
                                  "Recheck Cond": "(person_id < 198840)",
                                  "Rows Removed by Index Recheck": 0,
                                  "Filter": "(role_id = 1)",
                                  "Rows Removed by Filter": 144196,
                                  "Exact Heap Blocks": 7252,
                                  "Lossy Heap Blocks": 0,
                                  "Plans": [
                                    {
                                      "Node Type": "Bitmap Index Scan",
                                      "Parent Relationship": "Outer",
                                      "Parallel Aware": false,
                                      "Index Name": "person_id_cast_info",
                                      "Startup Cost": 0.0,
                                      "Total Cost": 44054.86,
                                      "Plan Rows": 2017373,
                                      "Plan Width": 0,
                                      "Actual Startup Time": 63.364,
                                      "Actual Total Time": 63.364,
                                      "Actual Rows": 2026329,
                                      "Actual Loops": 1,
                                      "Index Cond": "(person_id < 198840)"
                                    }
                                  ]
                                }
                              ]
                            }
                          ]
                        }
                      ]
                    }
                  ]
                }
              ]
            }
          ]
        }
      ]
    },
    "Planning Time": 1.365,
    "Triggers": [],
    "Execution Time": 1017.139
  }
]