{
  "Plan": {
    "Node Type": "Aggregate",
    "Strategy": "Plain",
    "Partial Mode": "Finalize",
    "Parallel Aware": false,
    "Startup Cost": 153965.41,
    "Total Cost": 153965.42,
    "Plan Rows": 1,
    "Plan Width": 8,
    "Actual Startup Time": 499.87,
    "Actual Total Time": 519.983,
    "Actual Rows": 1,
    "Actual Loops": 1,
    "Plans": [
      {
        "Node Type": "Gather",
        "Parent Relationship": "Outer",
        "Parallel Aware": false,
        "Startup Cost": 153965.3,
        "Total Cost": 153965.41,
        "Plan Rows": 1,
        "Plan Width": 8,
        "Actual Startup Time": 499.706,
        "Actual Total Time": 519.975,
        "Actual Rows": 2,
        "Actual Loops": 1,
        "Workers Planned": 1,
        "Workers Launched": 1,
        "Single Copy": false,
        "Plans": [
          {
            "Node Type": "Aggregate",
            "Strategy": "Plain",
            "Partial Mode": "Partial",
            "Parent Relationship": "Outer",
            "Parallel Aware": false,
            "Startup Cost": 152965.3,
            "Total Cost": 152965.31,
            "Plan Rows": 1,
            "Plan Width": 8,
            "Actual Startup Time": 493.8,
            "Actual Total Time": 493.803,
            "Actual Rows": 1,
            "Actual Loops": 2,
            "Plans": [
              {
                "Node Type": "Hash Join",
                "Parent Relationship": "Outer",
                "Parallel Aware": true,
                "Join Type": "Inner",
                "Startup Cost": 58378.72,
                "Total Cost": 152954.24,
                "Plan Rows": 4422,
                "Plan Width": 0,
                "Actual Startup Time": 153.275,
                "Actual Total Time": 493.439,
                "Actual Rows": 3522,
                "Actual Loops": 2,
                "Inner Unique": true,
                "Hash Cond": "(ci.movie_id = t.id)",
                "Plans": [
                  {
                    "Node Type": "Index Scan",
                    "Parent Relationship": "Outer",
                    "Parallel Aware": true,
                    "Scan Direction": "Forward",
                    "Index Name": "role_id_cast_info",
                    "Relation Name": "cast_info",
                    "Alias": "ci",
                    "Startup Cost": 0.56,
                    "Total Cost": 91565.57,
                    "Plan Rows": 1146864,
                    "Plan Width": 4,
                    "Actual Startup Time": 0.07,
                    "Actual Total Time": 240.851,
                    "Actual Rows": 961851,
                    "Actual Loops": 2,
                    "Index Cond": "(role_id = 4)",
                    "Rows Removed by Index Recheck": 0,
                    "Filter": "(person_id > 1123731)",
                    "Rows Removed by Filter": 402620
                  },
                  {
                    "Node Type": "Hash",
                    "Parent Relationship": "Inner",
                    "Parallel Aware": true,
                    "Startup Cost": 58306.47,
                    "Total Cost": 58306.47,
                    "Plan Rows": 5735,
                    "Plan Width": 4,
                    "Actual Startup Time": 151.895,
                    "Actual Total Time": 151.896,
                    "Actual Rows": 4737,
                    "Actual Loops": 2,
                    "Hash Buckets": 16384,
                    "Original Hash Buckets": 16384,
                    "Hash Batches": 1,
                    "Original Hash Batches": 1,
                    "Peak Memory Usage": 512,
                    "Plans": [
                      {
                        "Node Type": "Seq Scan",
                        "Parent Relationship": "Outer",
                        "Parallel Aware": true,
                        "Relation Name": "title",
                        "Alias": "t",
                        "Startup Cost": 0.0,
                        "Total Cost": 58306.47,
                        "Plan Rows": 5735,
                        "Plan Width": 4,
                        "Actual Startup Time": 0.245,
                        "Actual Total Time": 149.994,
                        "Actual Rows": 4737,
                        "Actual Loops": 2,
                        "Filter": "((kind_id < 7) AND (production_year = 1991))",
                        "Rows Removed by Filter": 1259419
                      }
                    ]
                  }
                ]
              }
            ]
          }
        ]
      }
    ]
  },
  "Planning Time": 0.512,
  "Triggers": [],
  "Execution Time": 520.065
}