[
    {
        "Bao": {
            "Bao prediction": 996.514,
            "Bao recommended hint": "SET enable_nestloop TO off; "
        }
    },
    {
        "Plan": {
            "Node Type": "Aggregate",
            "Strategy": "Plain",
            "Partial Mode": "Finalize",
            "Parallel Aware": false,
            "Startup Cost": 125552.71,
            "Total Cost": 125552.72,
            "Plan Rows": 1,
            "Plan Width": 32,
            "Actual Startup Time": 555.173,
            "Actual Total Time": 598.953,
            "Actual Rows": 1,
            "Actual Loops": 1,
            "Output": [
                "min(t.title)"
            ],
            "Plans": [
                {
                    "Node Type": "Gather",
                    "Parent Relationship": "Outer",
                    "Parallel Aware": false,
                    "Startup Cost": 125552.29,
                    "Total Cost": 125552.7,
                    "Plan Rows": 4,
                    "Plan Width": 32,
                    "Actual Startup Time": 554.676,
                    "Actual Total Time": 598.939,
                    "Actual Rows": 5,
                    "Actual Loops": 1,
                    "Output": [
                        "(PARTIAL min(t.title))"
                    ],
                    "Workers Planned": 4,
                    "Workers Launched": 4,
                    "Single Copy": false,
                    "Plans": [
                        {
                            "Node Type": "Aggregate",
                            "Strategy": "Plain",
                            "Partial Mode": "Partial",
                            "Parent Relationship": "Outer",
                            "Parallel Aware": false,
                            "Startup Cost": 124552.29,
                            "Total Cost": 124552.3,
                            "Plan Rows": 1,
                            "Plan Width": 32,
                            "Actual Startup Time": 543.404,
                            "Actual Total Time": 543.415,
                            "Actual Rows": 1,
                            "Actual Loops": 5,
                            "Output": [
                                "PARTIAL min(t.title)"
                            ],
                            "Workers": [
                                {
                                    "Worker Number": 0,
                                    "Actual Startup Time": 540.582,
                                    "Actual Total Time": 540.591,
                                    "Actual Rows": 1,
                                    "Actual Loops": 1
                                },
                                {
                                    "Worker Number": 1,
                                    "Actual Startup Time": 540.794,
                                    "Actual Total Time": 540.804,
                                    "Actual Rows": 1,
                                    "Actual Loops": 1
                                },
                                {
                                    "Worker Number": 2,
                                    "Actual Startup Time": 541.269,
                                    "Actual Total Time": 541.283,
                                    "Actual Rows": 1,
                                    "Actual Loops": 1
                                },
                                {
                                    "Worker Number": 3,
                                    "Actual Startup Time": 541.233,
                                    "Actual Total Time": 541.245,
                                    "Actual Rows": 1,
                                    "Actual Loops": 1
                                }
                            ],
                            "Plans": [
                                {
                                    "Node Type": "Hash Join",
                                    "Parent Relationship": "Outer",
                                    "Parallel Aware": true,
                                    "Join Type": "Inner",
                                    "Startup Cost": 79862.82,
                                    "Total Cost": 124552.29,
                                    "Plan Rows": 2,
                                    "Plan Width": 17,
                                    "Actual Startup Time": 407.263,
                                    "Actual Total Time": 543.121,
                                    "Actual Rows": 1573,
                                    "Actual Loops": 5,
                                    "Output": [
                                        "t.title"
                                    ],
                                    "Inner Unique": false,
                                    "Hash Cond": "(t.id = mc.movie_id)",
                                    "Workers": [
                                        {
                                            "Worker Number": 0,
                                            "Actual Startup Time": 404.709,
                                            "Actual Total Time": 540.316,
                                            "Actual Rows": 1893,
                                            "Actual Loops": 1
                                        },
                                        {
                                            "Worker Number": 1,
                                            "Actual Startup Time": 405.731,
                                            "Actual Total Time": 540.529,
                                            "Actual Rows": 1844,
                                            "Actual Loops": 1
                                        },
                                        {
                                            "Worker Number": 2,
                                            "Actual Startup Time": 404.082,
                                            "Actual Total Time": 540.96,
                                            "Actual Rows": 1234,
                                            "Actual Loops": 1
                                        },
                                        {
                                            "Worker Number": 3,
                                            "Actual Startup Time": 405.533,
                                            "Actual Total Time": 540.972,
                                            "Actual Rows": 1615,
                                            "Actual Loops": 1
                                        }
                                    ],
                                    "Plans": [
                                        {
                                            "Node Type": "Seq Scan",
                                            "Parent Relationship": "Outer",
                                            "Parallel Aware": true,
                                            "Relation Name": "title",
                                            "Schema": "public",
                                            "Alias": "t",
                                            "Startup Cost": 0.0,
                                            "Total Cost": 42319.06,
                                            "Plan Rows": 632106,
                                            "Plan Width": 21,
                                            "Actual Startup Time": 0.036,
                                            "Actual Total Time": 79.798,
                                            "Actual Rows": 505662,
                                            "Actual Loops": 5,
                                            "Output": [
                                                "t.id",
                                                "t.title",
                                                "t.imdb_index",
                                                "t.kind_id",
                                                "t.production_year",
                                                "t.imdb_id",
                                                "t.phonetic_code",
                                                "t.episode_of_id",
                                                "t.season_nr",
                                                "t.episode_nr",
                                                "t.series_years",
                                                "t.md5sum"
                                            ],
                                            "Workers": [
                                                {
                                                    "Worker Number": 0,
                                                    "Actual Startup Time": 0.03,
                                                    "Actual Total Time": 80.311,
                                                    "Actual Rows": 620201,
                                                    "Actual Loops": 1
                                                },
                                                {
                                                    "Worker Number": 1,
                                                    "Actual Startup Time": 0.049,
                                                    "Actual Total Time": 79.621,
                                                    "Actual Rows": 580238,
                                                    "Actual Loops": 1
                                                },
                                                {
                                                    "Worker Number": 2,
                                                    "Actual Startup Time": 0.043,
                                                    "Actual Total Time": 80.137,
                                                    "Actual Rows": 382649,
                                                    "Actual Loops": 1
                                                },
                                                {
                                                    "Worker Number": 3,
                                                    "Actual Startup Time": 0.052,
                                                    "Actual Total Time": 80.904,
                                                    "Actual Rows": 546539,
                                                    "Actual Loops": 1
                                                }
                                            ]
                                        },
                                        {
                                            "Node Type": "Hash",
                                            "Parent Relationship": "Inner",
                                            "Parallel Aware": true,
                                            "Startup Cost": 79862.78,
                                            "Total Cost": 79862.78,
                                            "Plan Rows": 3,
                                            "Plan Width": 8,
                                            "Actual Startup Time": 404.591,
                                            "Actual Total Time": 404.601,
                                            "Actual Rows": 1573,
                                            "Actual Loops": 5,
                                            "Output": [
                                                "mc.movie_id",
                                                "mk.movie_id"
                                            ],
                                            "Hash Buckets": 8192,
                                            "Original Hash Buckets": 1024,
                                            "Hash Batches": 1,
                                            "Original Hash Batches": 1,
                                            "Peak Memory Usage": 568,
                                            "Workers": [
                                                {
                                                    "Worker Number": 0,
                                                    "Actual Startup Time": 402.409,
                                                    "Actual Total Time": 402.416,
                                                    "Actual Rows": 2588,
                                                    "Actual Loops": 1
                                                },
                                                {
                                                    "Worker Number": 1,
                                                    "Actual Startup Time": 402.6,
                                                    "Actual Total Time": 402.608,
                                                    "Actual Rows": 878,
                                                    "Actual Loops": 1
                                                },
                                                {
                                                    "Worker Number": 2,
                                                    "Actual Startup Time": 403.136,
                                                    "Actual Total Time": 403.148,
                                                    "Actual Rows": 1749,
                                                    "Actual Loops": 1
                                                },
                                                {
                                                    "Worker Number": 3,
                                                    "Actual Startup Time": 403.2,
                                                    "Actual Total Time": 403.209,
                                                    "Actual Rows": 865,
                                                    "Actual Loops": 1
                                                }
                                            ],
                                            "Plans": [
                                                {
                                                    "Node Type": "Hash Join",
                                                    "Parent Relationship": "Outer",
                                                    "Parallel Aware": true,
                                                    "Join Type": "Inner",
                                                    "Startup Cost": 50305.02,
                                                    "Total Cost": 79862.78,
                                                    "Plan Rows": 3,
                                                    "Plan Width": 8,
                                                    "Actual Startup Time": 234.893,
                                                    "Actual Total Time": 359.756,
                                                    "Actual Rows": 1573,
                                                    "Actual Loops": 5,
                                                    "Output": [
                                                        "mc.movie_id",
                                                        "mk.movie_id"
                                                    ],
                                                    "Inner Unique": false,
                                                    "Hash Cond": "(mc.movie_id = mk.movie_id)",
                                                    "Workers": [
                                                        {
                                                            "Worker Number": 0,
                                                            "Actual Startup Time": 232.429,
                                                            "Actual Total Time": 381.847,
                                                            "Actual Rows": 2588,
                                                            "Actual Loops": 1
                                                        },
                                                        {
                                                            "Worker Number": 1,
                                                            "Actual Startup Time": 232.717,
                                                            "Actual Total Time": 316.379,
                                                            "Actual Rows": 878,
                                                            "Actual Loops": 1
                                                        },
                                                        {
                                                            "Worker Number": 2,
                                                            "Actual Startup Time": 233.849,
                                                            "Actual Total Time": 388.731,
                                                            "Actual Rows": 1749,
                                                            "Actual Loops": 1
                                                        },
                                                        {
                                                            "Worker Number": 3,
                                                            "Actual Startup Time": 233.645,
                                                            "Actual Total Time": 312.696,
                                                            "Actual Rows": 865,
                                                            "Actual Loops": 1
                                                        }
                                                    ],
                                                    "Plans": [
                                                        {
                                                            "Node Type": "Hash Join",
                                                            "Parent Relationship": "Outer",
                                                            "Parallel Aware": true,
                                                            "Join Type": "Inner",
                                                            "Startup Cost": 4800.56,
                                                            "Total Cost": 34216.49,
                                                            "Plan Rows": 37818,
                                                            "Plan Width": 4,
                                                            "Actual Startup Time": 9.272,
                                                            "Actual Total Time": 129.592,
                                                            "Actual Rows": 24875,
                                                            "Actual Loops": 5,
                                                            "Output": [
                                                                "mc.movie_id"
                                                            ],
                                                            "Inner Unique": true,
                                                            "Hash Cond": "(mc.company_id = cn.id)",
                                                            "Workers": [
                                                                {
                                                                    "Worker Number": 0,
                                                                    "Actual Startup Time": 9.221,
                                                                    "Actual Total Time": 152.249,
                                                                    "Actual Rows": 41180,
                                                                    "Actual Loops": 1
                                                                },
                                                                {
                                                                    "Worker Number": 1,
                                                                    "Actual Startup Time": 9.321,
                                                                    "Actual Total Time": 90.178,
                                                                    "Actual Rows": 13362,
                                                                    "Actual Loops": 1
                                                                },
                                                                {
                                                                    "Worker Number": 2,
                                                                    "Actual Startup Time": 9.212,
                                                                    "Actual Total Time": 158.746,
                                                                    "Actual Rows": 28155,
                                                                    "Actual Loops": 1
                                                                },
                                                                {
                                                                    "Worker Number": 3,
                                                                    "Actual Startup Time": 9.253,
                                                                    "Actual Total Time": 86.099,
                                                                    "Actual Rows": 11880,
                                                                    "Actual Loops": 1
                                                                }
                                                            ],
                                                            "Plans": [
                                                                {
                                                                    "Node Type": "Seq Scan",
                                                                    "Parent Relationship": "Outer",
                                                                    "Parallel Aware": true,
                                                                    "Relation Name": "movie_companies",
                                                                    "Schema": "public",
                                                                    "Alias": "mc",
                                                                    "Startup Cost": 0.0,
                                                                    "Total Cost": 27206.55,
                                                                    "Plan Rows": 841655,
                                                                    "Plan Width": 8,
                                                                    "Actual Startup Time": 0.019,
                                                                    "Actual Total Time": 58.724,
                                                                    "Actual Rows": 521826,
                                                                    "Actual Loops": 5,
                                                                    "Output": [
                                                                        "mc.id",
                                                                        "mc.movie_id",
                                                                        "mc.company_id",
                                                                        "mc.company_type_id",
                                                                        "mc.note"
                                                                    ],
                                                                    "Workers": [
                                                                        {
                                                                            "Worker Number": 0,
                                                                            "Actual Startup Time": 0.018,
                                                                            "Actual Total Time": 69.587,
                                                                            "Actual Rows": 800973,
                                                                            "Actual Loops": 1
                                                                        },
                                                                        {
                                                                            "Worker Number": 1,
                                                                            "Actual Startup Time": 0.016,
                                                                            "Actual Total Time": 40.542,
                                                                            "Actual Rows": 372420,
                                                                            "Actual Loops": 1
                                                                        },
                                                                        {
                                                                            "Worker Number": 2,
                                                                            "Actual Startup Time": 0.028,
                                                                            "Actual Total Time": 72.796,
                                                                            "Actual Rows": 534343,
                                                                            "Actual Loops": 1
                                                                        },
                                                                        {
                                                                            "Worker Number": 3,
                                                                            "Actual Startup Time": 0.018,
                                                                            "Actual Total Time": 39.497,
                                                                            "Actual Rows": 330690,
                                                                            "Actual Loops": 1
                                                                        }
                                                                    ]
                                                                },
                                                                {
                                                                    "Node Type": "Hash",
                                                                    "Parent Relationship": "Inner",
                                                                    "Parallel Aware": true,
                                                                    "Startup Cost": 4722.92,
                                                                    "Total Cost": 4722.92,
                                                                    "Plan Rows": 6211,
                                                                    "Plan Width": 4,
                                                                    "Actual Startup Time": 9.105,
                                                                    "Actual Total Time": 9.106,
                                                                    "Actual Rows": 2079,
                                                                    "Actual Loops": 5,
                                                                    "Output": [
                                                                        "cn.id"
                                                                    ],
                                                                    "Hash Buckets": 16384,
                                                                    "Original Hash Buckets": 16384,
                                                                    "Hash Batches": 1,
                                                                    "Original Hash Batches": 1,
                                                                    "Peak Memory Usage": 608,
                                                                    "Workers": [
                                                                        {
                                                                            "Worker Number": 0,
                                                                            "Actual Startup Time": 9.108,
                                                                            "Actual Total Time": 9.109,
                                                                            "Actual Rows": 2267,
                                                                            "Actual Loops": 1
                                                                        },
                                                                        {
                                                                            "Worker Number": 1,
                                                                            "Actual Startup Time": 9.075,
                                                                            "Actual Total Time": 9.076,
                                                                            "Actual Rows": 2645,
                                                                            "Actual Loops": 1
                                                                        },
                                                                        {
                                                                            "Worker Number": 2,
                                                                            "Actual Startup Time": 9.092,
                                                                            "Actual Total Time": 9.094,
                                                                            "Actual Rows": 1533,
                                                                            "Actual Loops": 1
                                                                        },
                                                                        {
                                                                            "Worker Number": 3,
                                                                            "Actual Startup Time": 9.136,
                                                                            "Actual Total Time": 9.137,
                                                                            "Actual Rows": 2203,
                                                                            "Actual Loops": 1
                                                                        }
                                                                    ],
                                                                    "Plans": [
                                                                        {
                                                                            "Node Type": "Seq Scan",
                                                                            "Parent Relationship": "Outer",
                                                                            "Parallel Aware": true,
                                                                            "Relation Name": "company_name",
                                                                            "Schema": "public",
                                                                            "Alias": "cn",
                                                                            "Startup Cost": 0.0,
                                                                            "Total Cost": 4722.92,
                                                                            "Plan Rows": 6211,
                                                                            "Plan Width": 4,
                                                                            "Actual Startup Time": 0.029,
                                                                            "Actual Total Time": 7.899,
                                                                            "Actual Rows": 2079,
                                                                            "Actual Loops": 5,
                                                                            "Output": [
                                                                                "cn.id"
                                                                            ],
                                                                            "Filter": "((cn.country_code)::text = '[fr]'::text)",
                                                                            "Rows Removed by Filter": 44921,
                                                                            "Workers": [
                                                                                {
                                                                                    "Worker Number": 0,
                                                                                    "Actual Startup Time": 0.028,
                                                                                    "Actual Total Time": 7.372,
                                                                                    "Actual Rows": 2267,
                                                                                    "Actual Loops": 1
                                                                                },
                                                                                {
                                                                                    "Worker Number": 1,
                                                                                    "Actual Startup Time": 0.03,
                                                                                    "Actual Total Time": 8.206,
                                                                                    "Actual Rows": 2645,
                                                                                    "Actual Loops": 1
                                                                                },
                                                                                {
                                                                                    "Worker Number": 2,
                                                                                    "Actual Startup Time": 0.039,
                                                                                    "Actual Total Time": 8.173,
                                                                                    "Actual Rows": 1533,
                                                                                    "Actual Loops": 1
                                                                                },
                                                                                {
                                                                                    "Worker Number": 3,
                                                                                    "Actual Startup Time": 0.037,
                                                                                    "Actual Total Time": 7.66,
                                                                                    "Actual Rows": 2203,
                                                                                    "Actual Loops": 1
                                                                                }
                                                                            ]
                                                                        }
                                                                    ]
                                                                }
                                                            ]
                                                        },
                                                        {
                                                            "Node Type": "Hash",
                                                            "Parent Relationship": "Inner",
                                                            "Parallel Aware": true,
                                                            "Startup Cost": 45504.33,
                                                            "Total Cost": 45504.33,
                                                            "Plan Rows": 11,
                                                            "Plan Width": 4,
                                                            "Actual Startup Time": 224.781,
                                                            "Actual Total Time": 224.784,
                                                            "Actual Rows": 8368,
                                                            "Actual Loops": 5,
                                                            "Output": [
                                                                "mk.movie_id"
                                                            ],
                                                            "Hash Buckets": 65536,
                                                            "Original Hash Buckets": 1024,
                                                            "Hash Batches": 1,
                                                            "Original Hash Batches": 1,
                                                            "Peak Memory Usage": 2744,
                                                            "Workers": [
                                                                {
                                                                    "Worker Number": 0,
                                                                    "Actual Startup Time": 222.661,
                                                                    "Actual Total Time": 222.664,
                                                                    "Actual Rows": 9417,
                                                                    "Actual Loops": 1
                                                                },
                                                                {
                                                                    "Worker Number": 1,
                                                                    "Actual Startup Time": 222.841,
                                                                    "Actual Total Time": 222.844,
                                                                    "Actual Rows": 9394,
                                                                    "Actual Loops": 1
                                                                },
                                                                {
                                                                    "Worker Number": 2,
                                                                    "Actual Startup Time": 223.231,
                                                                    "Actual Total Time": 223.235,
                                                                    "Actual Rows": 7270,
                                                                    "Actual Loops": 1
                                                                },
                                                                {
                                                                    "Worker Number": 3,
                                                                    "Actual Startup Time": 223.267,
                                                                    "Actual Total Time": 223.269,
                                                                    "Actual Rows": 8394,
                                                                    "Actual Loops": 1
                                                                }
                                                            ],
                                                            "Plans": [
                                                                {
                                                                    "Node Type": "Hash Join",
                                                                    "Parent Relationship": "Outer",
                                                                    "Parallel Aware": false,
                                                                    "Join Type": "Inner",
                                                                    "Startup Cost": 2626.14,
                                                                    "Total Cost": 45504.33,
                                                                    "Plan Rows": 11,
                                                                    "Plan Width": 4,
                                                                    "Actual Startup Time": 26.648,
                                                                    "Actual Total Time": 186.174,
                                                                    "Actual Rows": 8368,
                                                                    "Actual Loops": 5,
                                                                    "Output": [
                                                                        "mk.movie_id"
                                                                    ],
                                                                    "Inner Unique": true,
                                                                    "Hash Cond": "(mk.keyword_id = k.id)",
                                                                    "Workers": [
                                                                        {
                                                                            "Worker Number": 0,
                                                                            "Actual Startup Time": 26.014,
                                                                            "Actual Total Time": 185.089,
                                                                            "Actual Rows": 9417,
                                                                            "Actual Loops": 1
                                                                        },
                                                                        {
                                                                            "Worker Number": 1,
                                                                            "Actual Startup Time": 26.133,
                                                                            "Actual Total Time": 184.535,
                                                                            "Actual Rows": 9394,
                                                                            "Actual Loops": 1
                                                                        },
                                                                        {
                                                                            "Worker Number": 2,
                                                                            "Actual Startup Time": 27.251,
                                                                            "Actual Total Time": 205.535,
                                                                            "Actual Rows": 7270,
                                                                            "Actual Loops": 1
                                                                        },
                                                                        {
                                                                            "Worker Number": 3,
                                                                            "Actual Startup Time": 27.279,
                                                                            "Actual Total Time": 170.594,
                                                                            "Actual Rows": 8394,
                                                                            "Actual Loops": 1
                                                                        }
                                                                    ],
                                                                    "Plans": [
                                                                        {
                                                                            "Node Type": "Seq Scan",
                                                                            "Parent Relationship": "Outer",
                                                                            "Parallel Aware": true,
                                                                            "Relation Name": "movie_keyword",
                                                                            "Schema": "public",
                                                                            "Alias": "mk",
                                                                            "Startup Cost": 0.0,
                                                                            "Total Cost": 39047.32,
                                                                            "Plan Rows": 1459332,
                                                                            "Plan Width": 8,
                                                                            "Actual Startup Time": 0.054,
                                                                            "Actual Total Time": 88.367,
                                                                            "Actual Rows": 904786,
                                                                            "Actual Loops": 5,
                                                                            "Output": [
                                                                                "mk.id",
                                                                                "mk.movie_id",
                                                                                "mk.keyword_id"
                                                                            ],
                                                                            "Workers": [
                                                                                {
                                                                                    "Worker Number": 0,
                                                                                    "Actual Startup Time": 0.062,
                                                                                    "Actual Total Time": 88.407,
                                                                                    "Actual Rows": 1075960,
                                                                                    "Actual Loops": 1
                                                                                },
                                                                                {
                                                                                    "Worker Number": 1,
                                                                                    "Actual Startup Time": 0.063,
                                                                                    "Actual Total Time": 87.354,
                                                                                    "Actual Rows": 1044635,
                                                                                    "Actual Loops": 1
                                                                                },
                                                                                {
                                                                                    "Worker Number": 2,
                                                                                    "Actual Startup Time": 0.063,
                                                                                    "Actual Total Time": 98.481,
                                                                                    "Actual Rows": 803270,
                                                                                    "Actual Loops": 1
                                                                                },
                                                                                {
                                                                                    "Worker Number": 3,
                                                                                    "Actual Startup Time": 0.064,
                                                                                    "Actual Total Time": 81.016,
                                                                                    "Actual Rows": 886705,
                                                                                    "Actual Loops": 1
                                                                                }
                                                                            ]
                                                                        },
                                                                        {
                                                                            "Node Type": "Hash",
                                                                            "Parent Relationship": "Inner",
                                                                            "Parallel Aware": false,
                                                                            "Startup Cost": 2626.12,
                                                                            "Total Cost": 2626.12,
                                                                            "Plan Rows": 1,
                                                                            "Plan Width": 4,
                                                                            "Actual Startup Time": 26.482,
                                                                            "Actual Total Time": 26.483,
                                                                            "Actual Rows": 1,
                                                                            "Actual Loops": 5,
                                                                            "Output": [
                                                                                "k.id"
                                                                            ],
                                                                            "Hash Buckets": 1024,
                                                                            "Original Hash Buckets": 1024,
                                                                            "Hash Batches": 1,
                                                                            "Original Hash Batches": 1,
                                                                            "Peak Memory Usage": 9,
                                                                            "Workers": [
                                                                                {
                                                                                    "Worker Number": 0,
                                                                                    "Actual Startup Time": 25.825,
                                                                                    "Actual Total Time": 25.825,
                                                                                    "Actual Rows": 1,
                                                                                    "Actual Loops": 1
                                                                                },
                                                                                {
                                                                                    "Worker Number": 1,
                                                                                    "Actual Startup Time": 26.001,
                                                                                    "Actual Total Time": 26.002,
                                                                                    "Actual Rows": 1,
                                                                                    "Actual Loops": 1
                                                                                },
                                                                                {
                                                                                    "Worker Number": 2,
                                                                                    "Actual Startup Time": 27.116,
                                                                                    "Actual Total Time": 27.116,
                                                                                    "Actual Rows": 1,
                                                                                    "Actual Loops": 1
                                                                                },
                                                                                {
                                                                                    "Worker Number": 3,
                                                                                    "Actual Startup Time": 27.035,
                                                                                    "Actual Total Time": 27.035,
                                                                                    "Actual Rows": 1,
                                                                                    "Actual Loops": 1
                                                                                }
                                                                            ],
                                                                            "Plans": [
                                                                                {
                                                                                    "Node Type": "Seq Scan",
                                                                                    "Parent Relationship": "Outer",
                                                                                    "Parallel Aware": false,
                                                                                    "Relation Name": "keyword",
                                                                                    "Schema": "public",
                                                                                    "Alias": "k",
                                                                                    "Startup Cost": 0.0,
                                                                                    "Total Cost": 2626.12,
                                                                                    "Plan Rows": 1,
                                                                                    "Plan Width": 4,
                                                                                    "Actual Startup Time": 2.144,
                                                                                    "Actual Total Time": 26.454,
                                                                                    "Actual Rows": 1,
                                                                                    "Actual Loops": 5,
                                                                                    "Output": [
                                                                                        "k.id"
                                                                                    ],
                                                                                    "Filter": "(k.keyword = 'character-name-in-title'::text)",
                                                                                    "Rows Removed by Filter": 134169,
                                                                                    "Workers": [
                                                                                        {
                                                                                            "Worker Number": 0,
                                                                                            "Actual Startup Time": 2.035,
                                                                                            "Actual Total Time": 25.795,
                                                                                            "Actual Rows": 1,
                                                                                            "Actual Loops": 1
                                                                                        },
                                                                                        {
                                                                                            "Worker Number": 1,
                                                                                            "Actual Startup Time": 2.135,
                                                                                            "Actual Total Time": 25.97,
                                                                                            "Actual Rows": 1,
                                                                                            "Actual Loops": 1
                                                                                        },
                                                                                        {
                                                                                            "Worker Number": 2,
                                                                                            "Actual Startup Time": 2.273,
                                                                                            "Actual Total Time": 27.084,
                                                                                            "Actual Rows": 1,
                                                                                            "Actual Loops": 1
                                                                                        },
                                                                                        {
                                                                                            "Worker Number": 3,
                                                                                            "Actual Startup Time": 2.279,
                                                                                            "Actual Total Time": 27.005,
                                                                                            "Actual Rows": 1,
                                                                                            "Actual Loops": 1
                                                                                        }
                                                                                    ]
                                                                                }
                                                                            ]
                                                                        }
                                                                    ]
                                                                }
                                                            ]
                                                        }
                                                    ]
                                                }
                                            ]
                                        }
                                    ]
                                }
                            ]
                        }
                    ]
                }
            ]
        },
        "Planning Time": 502.499,
        "Triggers": [],
        "Execution Time": 599.621
    }
]