{
  "Plan": {
    "Node Type": "Aggregate",
    "Strategy": "Plain",
    "Partial Mode": "Finalize",
    "Parallel Aware": false,
    "Startup Cost": 985602.58,
    "Total Cost": 985602.59,
    "Plan Rows": 1,
    "Plan Width": 8,
    "Actual Startup Time": 11082.922,
    "Actual Total Time": 11139.359,
    "Actual Rows": 1,
    "Actual Loops": 1,
    "Plans": [
      {
        "Node Type": "Gather",
        "Parent Relationship": "Outer",
        "Parallel Aware": false,
        "Startup Cost": 985602.47,
        "Total Cost": 985602.58,
        "Plan Rows": 1,
        "Plan Width": 8,
        "Actual Startup Time": 11070.696,
        "Actual Total Time": 11139.349,
        "Actual Rows": 2,
        "Actual Loops": 1,
        "Workers Planned": 1,
        "Workers Launched": 1,
        "Single Copy": false,
        "Plans": [
          {
            "Node Type": "Aggregate",
            "Strategy": "Plain",
            "Partial Mode": "Partial",
            "Parent Relationship": "Outer",
            "Parallel Aware": false,
            "Startup Cost": 984602.47,
            "Total Cost": 984602.48,
            "Plan Rows": 1,
            "Plan Width": 8,
            "Actual Startup Time": 11053.228,
            "Actual Total Time": 11054.242,
            "Actual Rows": 1,
            "Actual Loops": 2,
            "Plans": [
              {
                "Node Type": "Hash Join",
                "Parent Relationship": "Outer",
                "Parallel Aware": true,
                "Join Type": "Inner",
                "Startup Cost": 520992.1,
                "Total Cost": 942403.7,
                "Plan Rows": 16879509,
                "Plan Width": 0,
                "Actual Startup Time": 3187.514,
                "Actual Total Time": 9721.882,
                "Actual Rows": 34058969,
                "Actual Loops": 2,
                "Inner Unique": false,
                "Hash Cond": "(mi.movie_id = t.id)",
                "Plans": [
                  {
                    "Node Type": "Seq Scan",
                    "Parent Relationship": "Outer",
                    "Parallel Aware": true,
                    "Relation Name": "movie_info",
                    "Alias": "mi",
                    "Startup Cost": 0.0,
                    "Total Cost": 270696.42,
                    "Plan Rows": 8227834,
                    "Plan Width": 4,
                    "Actual Startup Time": 0.018,
                    "Actual Total Time": 822.241,
                    "Actual Rows": 7016790,
                    "Actual Loops": 2,
                    "Filter": "(info_type_id > 1)",
                    "Rows Removed by Filter": 401070
                  },
                  {
                    "Node Type": "Hash",
                    "Parent Relationship": "Inner",
                    "Parallel Aware": true,
                    "Startup Cost": 482853.67,
                    "Total Cost": 482853.67,
                    "Plan Rows": 3051074,
                    "Plan Width": 8,
                    "Actual Startup Time": 3155.155,
                    "Actual Total Time": 3156.167,
                    "Actual Rows": 2680441,
                    "Actual Loops": 2,
                    "Hash Buckets": 8388608,
                    "Original Hash Buckets": 8388608,
                    "Hash Batches": 1,
                    "Original Hash Batches": 1,
                    "Peak Memory Usage": 275296,
                    "Plans": [
                      {
                        "Node Type": "Hash Join",
                        "Parent Relationship": "Outer",
                        "Parallel Aware": true,
                        "Join Type": "Inner",
                        "Startup Cost": 184019.17,
                        "Total Cost": 482853.67,
                        "Plan Rows": 3051074,
                        "Plan Width": 8,
                        "Actual Startup Time": 714.561,
                        "Actual Total Time": 2310.25,
                        "Actual Rows": 2680441,
                        "Actual Loops": 2,
                        "Inner Unique": true,
                        "Hash Cond": "(ci.movie_id = t.id)",
                        "Plans": [
                          {
                            "Node Type": "Bitmap Heap Scan",
                            "Parent Relationship": "Outer",
                            "Parallel Aware": true,
                            "Relation Name": "cast_info",
                            "Alias": "ci",
                            "Startup Cost": 114558.47,
                            "Total Cost": 405383.89,
                            "Plan Rows": 3051074,
                            "Plan Width": 4,
                            "Actual Startup Time": 195.703,
                            "Actual Total Time": 470.384,
                            "Actual Rows": 2680441,
                            "Actual Loops": 2,
                            "Recheck Cond": "(person_id < 517416)",
                            "Rows Removed by Index Recheck": 0,
                            "Exact Heap Blocks": 28453,
                            "Lossy Heap Blocks": 0,
                            "Plans": [
                              {
                                "Node Type": "Bitmap Index Scan",
                                "Parent Relationship": "Outer",
                                "Parallel Aware": false,
                                "Index Name": "person_id_cast_info",
                                "Startup Cost": 0.0,
                                "Total Cost": 113261.76,
                                "Plan Rows": 5186826,
                                "Plan Width": 0,
                                "Actual Startup Time": 186.073,
                                "Actual Total Time": 186.073,
                                "Actual Rows": 5360882,
                                "Actual Loops": 1,
                                "Index Cond": "(person_id < 517416)"
                              }
                            ]
                          },
                          {
                            "Node Type": "Hash",
                            "Parent Relationship": "Inner",
                            "Parallel Aware": true,
                            "Startup Cost": 50870.31,
                            "Total Cost": 50870.31,
                            "Plan Rows": 1487231,
                            "Plan Width": 4,
                            "Actual Startup Time": 507.886,
                            "Actual Total Time": 507.887,
                            "Actual Rows": 1264156,
                            "Actual Loops": 2,
                            "Hash Buckets": 4194304,
                            "Original Hash Buckets": 4194304,
                            "Hash Batches": 1,
                            "Original Hash Batches": 1,
                            "Peak Memory Usage": 131712,
                            "Plans": [
                              {
                                "Node Type": "Seq Scan",
                                "Parent Relationship": "Outer",
                                "Parallel Aware": true,
                                "Relation Name": "title",
                                "Alias": "t",
                                "Startup Cost": 0.0,
                                "Total Cost": 50870.31,
                                "Plan Rows": 1487231,
                                "Plan Width": 4,
                                "Actual Startup Time": 0.038,
                                "Actual Total Time": 149.244,
                                "Actual Rows": 1264156,
                                "Actual Loops": 2
                              }
                            ]
                          }
                        ]
                      }
                    ]
                  }
                ]
              }
            ]
          }
        ]
      }
    ]
  },
  "Planning Time": 0.938,
  "Triggers": [],
  "Execution Time": 11139.469
}