[
  {
    "Plan": {
      "Node Type": "Aggregate",
      "Strategy": "Plain",
      "Partial Mode": "Finalize",
      "Parallel Aware": false,
      "Startup Cost": 125164.79,
      "Total Cost": 125164.8,
      "Plan Rows": 1,
      "Plan Width": 8,
      "Actual Startup Time": 1494.088,
      "Actual Total Time": 1521.863,
      "Actual Rows": 1,
      "Actual Loops": 1,
      "Plans": [
        {
          "Node Type": "Gather",
          "Parent Relationship": "Outer",
          "Parallel Aware": false,
          "Startup Cost": 125164.48,
          "Total Cost": 125164.79,
          "Plan Rows": 3,
          "Plan Width": 8,
          "Actual Startup Time": 1490.015,
          "Actual Total Time": 1521.843,
          "Actual Rows": 4,
          "Actual Loops": 1,
          "Workers Planned": 3,
          "Workers Launched": 3,
          "Single Copy": false,
          "Plans": [
            {
              "Node Type": "Aggregate",
              "Strategy": "Plain",
              "Partial Mode": "Partial",
              "Parent Relationship": "Outer",
              "Parallel Aware": false,
              "Startup Cost": 124164.48,
              "Total Cost": 124164.49,
              "Plan Rows": 1,
              "Plan Width": 8,
              "Actual Startup Time": 1481.154,
              "Actual Total Time": 1481.365,
              "Actual Rows": 1,
              "Actual Loops": 4,
              "Plans": [
                {
                  "Node Type": "Hash Join",
                  "Parent Relationship": "Outer",
                  "Parallel Aware": true,
                  "Join Type": "Inner",
                  "Startup Cost": 78722.85,
                  "Total Cost": 123762.0,
                  "Plan Rows": 160991,
                  "Plan Width": 0,
                  "Actual Startup Time": 461.377,
                  "Actual Total Time": 1185.056,
                  "Actual Rows": 4666698,
                  "Actual Loops": 4,
                  "Inner Unique": false,
                  "Hash Cond": "(mk.movie_id = t.id)",
                  "Plans": [
                    {
                      "Node Type": "Seq Scan",
                      "Parent Relationship": "Outer",
                      "Parallel Aware": true,
                      "Relation Name": "movie_keyword",
                      "Alias": "mk",
                      "Startup Cost": 0.0,
                      "Total Cost": 39047.32,
                      "Plan Rows": 1459332,
                      "Plan Width": 4,
                      "Actual Startup Time": 0.025,
                      "Actual Total Time": 126.435,
                      "Actual Rows": 1130982,
                      "Actual Loops": 4
                    },
                    {
                      "Node Type": "Hash",
                      "Parent Relationship": "Inner",
                      "Parallel Aware": true,
                      "Startup Cost": 77598.13,
                      "Total Cost": 77598.13,
                      "Plan Rows": 89978,
                      "Plan Width": 8,
                      "Actual Startup Time": 404.948,
                      "Actual Total Time": 405.156,
                      "Actual Rows": 101531,
                      "Actual Loops": 4,
                      "Hash Buckets": 524288,
                      "Original Hash Buckets": 524288,
                      "Hash Batches": 1,
                      "Original Hash Batches": 1,
                      "Peak Memory Usage": 20064,
                      "Plans": [
                        {
                          "Node Type": "Hash Join",
                          "Parent Relationship": "Outer",
                          "Parallel Aware": true,
                          "Join Type": "Inner",
                          "Startup Cost": 47207.22,
                          "Total Cost": 77598.13,
                          "Plan Rows": 89978,
                          "Plan Width": 8,
                          "Actual Startup Time": 234.112,
                          "Actual Total Time": 369.003,
                          "Actual Rows": 101531,
                          "Actual Loops": 4,
                          "Inner Unique": true,
                          "Hash Cond": "(mc.movie_id = t.id)",
                          "Plans": [
                            {
                              "Node Type": "Seq Scan",
                              "Parent Relationship": "Outer",
                              "Parallel Aware": true,
                              "Relation Name": "movie_companies",
                              "Alias": "mc",
                              "Startup Cost": 0.0,
                              "Total Cost": 29310.68,
                              "Plan Rows": 411513,
                              "Plan Width": 4,
                              "Actual Startup Time": 0.022,
                              "Actual Total Time": 93.854,
                              "Actual Rows": 318562,
                              "Actual Loops": 4,
                              "Filter": "(company_type_id < 2)",
                              "Rows Removed by Filter": 333721
                            },
                            {
                              "Node Type": "Hash",
                              "Parent Relationship": "Inner",
                              "Parallel Aware": true,
                              "Startup Cost": 45479.59,
                              "Total Cost": 45479.59,
                              "Plan Rows": 138211,
                              "Plan Width": 4,
                              "Actual Startup Time": 189.73,
                              "Actual Total Time": 189.732,
                              "Actual Rows": 108539,
                              "Actual Loops": 4,
                              "Hash Buckets": 1048576,
                              "Original Hash Buckets": 1048576,
                              "Hash Batches": 1,
                              "Original Hash Batches": 1,
                              "Peak Memory Usage": 25248,
                              "Plans": [
                                {
                                  "Node Type": "Seq Scan",
                                  "Parent Relationship": "Outer",
                                  "Parallel Aware": true,
                                  "Relation Name": "title",
                                  "Alias": "t",
                                  "Startup Cost": 0.0,
                                  "Total Cost": 45479.59,
                                  "Plan Rows": 138211,
                                  "Plan Width": 4,
                                  "Actual Startup Time": 58.591,
                                  "Actual Total Time": 134.073,
                                  "Actual Rows": 108539,
                                  "Actual Loops": 4,
                                  "Filter": "((production_year > 1968) AND (kind_id = 1))",
                                  "Rows Removed by Filter": 523539
                                }
                              ]
                            }
                          ]
                        }
                      ]
                    }
                  ]
                }
              ]
            }
          ]
        }
      ]
    },
    "Planning Time": 1.499,
    "Triggers": [],
    "Execution Time": 1521.944
  }
]