[
  {
    "Plan": {
      "Node Type": "Aggregate",
      "Strategy": "Plain",
      "Partial Mode": "Finalize",
      "Parallel Aware": false,
      "Startup Cost": 336711.08,
      "Total Cost": 336711.09,
      "Plan Rows": 1,
      "Plan Width": 8,
      "Actual Startup Time": 766.86,
      "Actual Total Time": 818.806,
      "Actual Rows": 1,
      "Actual Loops": 1,
      "Plans": [
        {
          "Node Type": "Gather",
          "Parent Relationship": "Outer",
          "Parallel Aware": false,
          "Startup Cost": 336710.45,
          "Total Cost": 336711.06,
          "Plan Rows": 6,
          "Plan Width": 8,
          "Actual Startup Time": 766.615,
          "Actual Total Time": 818.791,
          "Actual Rows": 7,
          "Actual Loops": 1,
          "Workers Planned": 6,
          "Workers Launched": 6,
          "Single Copy": false,
          "Plans": [
            {
              "Node Type": "Aggregate",
              "Strategy": "Plain",
              "Partial Mode": "Partial",
              "Parent Relationship": "Outer",
              "Parallel Aware": false,
              "Startup Cost": 335710.45,
              "Total Cost": 335710.46,
              "Plan Rows": 1,
              "Plan Width": 8,
              "Actual Startup Time": 758.816,
              "Actual Total Time": 758.818,
              "Actual Rows": 1,
              "Actual Loops": 7,
              "Plans": [
                {
                  "Node Type": "Seq Scan",
                  "Parent Relationship": "Outer",
                  "Parallel Aware": true,
                  "Relation Name": "cast_info",
                  "Alias": "ci",
                  "Startup Cost": 0.0,
                  "Total Cost": 328211.39,
                  "Plan Rows": 2999625,
                  "Plan Width": 0,
                  "Actual Startup Time": 229.452,
                  "Actual Total Time": 636.82,
                  "Actual Rows": 2542353,
                  "Actual Loops": 7,
                  "Filter": "(person_id > 1834885)",
                  "Rows Removed by Filter": 2635410
                }
              ]
            }
          ]
        }
      ]
    },
    "Planning Time": 0.2,
    "Triggers": [],
    "Execution Time": 818.875
  }
]