[
  {
    "Plan": {
      "Node Type": "Aggregate",
      "Strategy": "Plain",
      "Partial Mode": "Finalize",
      "Parallel Aware": false,
      "Startup Cost": 336578.32,
      "Total Cost": 336578.33,
      "Plan Rows": 1,
      "Plan Width": 8,
      "Actual Startup Time": 757.56,
      "Actual Total Time": 819.337,
      "Actual Rows": 1,
      "Actual Loops": 1,
      "Plans": [
        {
          "Node Type": "Gather",
          "Parent Relationship": "Outer",
          "Parallel Aware": false,
          "Startup Cost": 336577.69,
          "Total Cost": 336578.3,
          "Plan Rows": 6,
          "Plan Width": 8,
          "Actual Startup Time": 757.422,
          "Actual Total Time": 819.323,
          "Actual Rows": 7,
          "Actual Loops": 1,
          "Workers Planned": 6,
          "Workers Launched": 6,
          "Single Copy": false,
          "Plans": [
            {
              "Node Type": "Aggregate",
              "Strategy": "Plain",
              "Partial Mode": "Partial",
              "Parent Relationship": "Outer",
              "Parallel Aware": false,
              "Startup Cost": 335577.69,
              "Total Cost": 335577.7,
              "Plan Rows": 1,
              "Plan Width": 8,
              "Actual Startup Time": 747.853,
              "Actual Total Time": 747.854,
              "Actual Rows": 1,
              "Actual Loops": 7,
              "Plans": [
                {
                  "Node Type": "Seq Scan",
                  "Parent Relationship": "Outer",
                  "Parallel Aware": true,
                  "Relation Name": "cast_info",
                  "Alias": "ci",
                  "Startup Cost": 0.0,
                  "Total Cost": 328162.03,
                  "Plan Rows": 2966267,
                  "Plan Width": 0,
                  "Actual Startup Time": 215.146,
                  "Actual Total Time": 630.286,
                  "Actual Rows": 2542353,
                  "Actual Loops": 7,
                  "Filter": "(person_id > 1834885)",
                  "Rows Removed by Filter": 2635410
                }
              ]
            }
          ]
        }
      ]
    },
    "Planning Time": 0.204,
    "Triggers": [],
    "Execution Time": 819.415
  }
]