{
    "Plan": {
        "Node Type": "Aggregate",
        "Strategy": "Plain",
        "Partial Mode": "Simple",
        "Parallel Aware": false,
        "Startup Cost": 3044.74,
        "Total Cost": 3044.75,
        "Plan Rows": 1,
        "Plan Width": 8,
        "Actual Startup Time": 17.342,
        "Actual Total Time": 17.346,
        "Actual Rows": 1,
        "Actual Loops": 1,
        "Output": [
            "count(*)"
        ],
        "Plans": [
            {
                "Node Type": "Nested Loop",
                "Parent Relationship": "Outer",
                "Parallel Aware": false,
                "Join Type": "Inner",
                "Startup Cost": 1.29,
                "Total Cost": 3044.74,
                "Plan Rows": 1,
                "Plan Width": 0,
                "Actual Startup Time": 16.958,
                "Actual Total Time": 17.335,
                "Actual Rows": 2,
                "Actual Loops": 1,
                "Inner Unique": false,
                "Plans": [
                    {
                        "Node Type": "Nested Loop",
                        "Parent Relationship": "Outer",
                        "Parallel Aware": false,
                        "Join Type": "Inner",
                        "Startup Cost": 0.86,
                        "Total Cost": 3030.54,
                        "Plan Rows": 1,
                        "Plan Width": 8,
                        "Actual Startup Time": 15.154,
                        "Actual Total Time": 17.226,
                        "Actual Rows": 2,
                        "Actual Loops": 1,
                        "Output": [
                            "t.id",
                            "mk.movie_id"
                        ],
                        "Inner Unique": true,
                        "Plans": [
                            {
                                "Node Type": "Index Scan",
                                "Parent Relationship": "Outer",
                                "Parallel Aware": false,
                                "Scan Direction": "Forward",
                                "Index Name": "keyword_id_movie_keyword",
                                "Relation Name": "movie_keyword",
                                "Schema": "public",
                                "Alias": "mk",
                                "Startup Cost": 0.43,
                                "Total Cost": 980.12,
                                "Plan Rows": 244,
                                "Plan Width": 4,
                                "Actual Startup Time": 13.767,
                                "Actual Total Time": 14.518,
                                "Actual Rows": 263,
                                "Actual Loops": 1,
                                "Output": [
                                    "mk.id",
                                    "mk.movie_id",
                                    "mk.keyword_id"
                                ],
                                "Index Cond": "(mk.keyword_id = 6974)",
                                "Rows Removed by Index Recheck": 0
                            },
                            {
                                "Node Type": "Index Scan",
                                "Parent Relationship": "Inner",
                                "Parallel Aware": false,
                                "Scan Direction": "Forward",
                                "Index Name": "title_pkey",
                                "Relation Name": "title",
                                "Schema": "public",
                                "Alias": "t",
                                "Startup Cost": 0.43,
                                "Total Cost": 8.4,
                                "Plan Rows": 1,
                                "Plan Width": 4,
                                "Actual Startup Time": 0.01,
                                "Actual Total Time": 0.01,
                                "Actual Rows": 0,
                                "Actual Loops": 263,
                                "Output": [
                                    "t.id",
                                    "t.title",
                                    "t.imdb_index",
                                    "t.kind_id",
                                    "t.production_year",
                                    "t.imdb_id",
                                    "t.phonetic_code",
                                    "t.episode_of_id",
                                    "t.season_nr",
                                    "t.episode_nr",
                                    "t.series_years",
                                    "t.md5sum"
                                ],
                                "Index Cond": "(t.id = mk.movie_id)",
                                "Rows Removed by Index Recheck": 0,
                                "Filter": "((t.kind_id < 7) AND (t.production_year = 1972))",
                                "Rows Removed by Filter": 1
                            }
                        ]
                    },
                    {
                        "Node Type": "Index Scan",
                        "Parent Relationship": "Inner",
                        "Parallel Aware": false,
                        "Scan Direction": "Forward",
                        "Index Name": "movie_id_movie_companies",
                        "Relation Name": "movie_companies",
                        "Schema": "public",
                        "Alias": "mc",
                        "Startup Cost": 0.43,
                        "Total Cost": 14.19,
                        "Plan Rows": 1,
                        "Plan Width": 4,
                        "Actual Startup Time": 0.05,
                        "Actual Total Time": 0.051,
                        "Actual Rows": 1,
                        "Actual Loops": 2,
                        "Output": [
                            "mc.id",
                            "mc.movie_id",
                            "mc.company_id",
                            "mc.company_type_id",
                            "mc.note"
                        ],
                        "Index Cond": "(mc.movie_id = t.id)",
                        "Rows Removed by Index Recheck": 0,
                        "Filter": "((mc.company_id > 105009) AND (mc.company_type_id > 1))",
                        "Rows Removed by Filter": 9
                    }
                ]
            }
        ]
    },
    "Planning Time": 1.597,
    "Triggers": [],
    "Execution Time": 17.423
}