[
  {
    "Plan": {
      "Node Type": "Aggregate",
      "Strategy": "Plain",
      "Partial Mode": "Finalize",
      "Parallel Aware": false,
      "Startup Cost": 44445.61,
      "Total Cost": 44445.62,
      "Plan Rows": 1,
      "Plan Width": 8,
      "Actual Startup Time": 106.74,
      "Actual Total Time": 117.621,
      "Actual Rows": 1,
      "Actual Loops": 1,
      "Plans": [
        {
          "Node Type": "Gather",
          "Parent Relationship": "Outer",
          "Parallel Aware": false,
          "Startup Cost": 44445.29,
          "Total Cost": 44445.6,
          "Plan Rows": 3,
          "Plan Width": 8,
          "Actual Startup Time": 106.548,
          "Actual Total Time": 117.609,
          "Actual Rows": 4,
          "Actual Loops": 1,
          "Workers Planned": 3,
          "Workers Launched": 3,
          "Single Copy": false,
          "Plans": [
            {
              "Node Type": "Aggregate",
              "Strategy": "Plain",
              "Partial Mode": "Partial",
              "Parent Relationship": "Outer",
              "Parallel Aware": false,
              "Startup Cost": 43445.29,
              "Total Cost": 43445.3,
              "Plan Rows": 1,
              "Plan Width": 8,
              "Actual Startup Time": 102.826,
              "Actual Total Time": 102.828,
              "Actual Rows": 1,
              "Actual Loops": 4,
              "Plans": [
                {
                  "Node Type": "Seq Scan",
                  "Parent Relationship": "Outer",
                  "Parallel Aware": true,
                  "Relation Name": "movie_keyword",
                  "Alias": "mk",
                  "Startup Cost": 0.0,
                  "Total Cost": 42695.65,
                  "Plan Rows": 299854,
                  "Plan Width": 0,
                  "Actual Startup Time": 2.507,
                  "Actual Total Time": 92.535,
                  "Actual Rows": 230447,
                  "Actual Loops": 4,
                  "Filter": "(keyword_id > 20328)",
                  "Rows Removed by Filter": 900535
                }
              ]
            }
          ]
        }
      ]
    },
    "Planning Time": 0.19,
    "Triggers": [],
    "Execution Time": 117.675
  }
]