{
  "Plan": {
    "Node Type": "Aggregate",
    "Strategy": "Plain",
    "Partial Mode": "Finalize",
    "Parallel Aware": false,
    "Startup Cost": 33168.47,
    "Total Cost": 33168.48,
    "Plan Rows": 1,
    "Plan Width": 8,
    "Actual Startup Time": 42.441,
    "Actual Total Time": 48.426,
    "Actual Rows": 1,
    "Actual Loops": 1,
    "Plans": [
      {
        "Node Type": "Gather",
        "Parent Relationship": "Outer",
        "Parallel Aware": false,
        "Startup Cost": 33168.36,
        "Total Cost": 33168.47,
        "Plan Rows": 1,
        "Plan Width": 8,
        "Actual Startup Time": 42.347,
        "Actual Total Time": 48.421,
        "Actual Rows": 2,
        "Actual Loops": 1,
        "Workers Planned": 1,
        "Workers Launched": 1,
        "Single Copy": false,
        "Plans": [
          {
            "Node Type": "Aggregate",
            "Strategy": "Plain",
            "Partial Mode": "Partial",
            "Parent Relationship": "Outer",
            "Parallel Aware": false,
            "Startup Cost": 32168.36,
            "Total Cost": 32168.37,
            "Plan Rows": 1,
            "Plan Width": 8,
            "Actual Startup Time": 36.4,
            "Actual Total Time": 36.402,
            "Actual Rows": 1,
            "Actual Loops": 2,
            "Plans": [
              {
                "Node Type": "Nested Loop",
                "Parent Relationship": "Outer",
                "Parallel Aware": false,
                "Join Type": "Inner",
                "Startup Cost": 101.09,
                "Total Cost": 32165.82,
                "Plan Rows": 1018,
                "Plan Width": 0,
                "Actual Startup Time": 3.648,
                "Actual Total Time": 36.021,
                "Actual Rows": 2291,
                "Actual Loops": 2,
                "Inner Unique": true,
                "Plans": [
                  {
                    "Node Type": "Bitmap Heap Scan",
                    "Parent Relationship": "Outer",
                    "Parallel Aware": true,
                    "Relation Name": "movie_keyword",
                    "Alias": "mk",
                    "Startup Cost": 100.66,
                    "Total Cost": 11857.91,
                    "Plan Rows": 2750,
                    "Plan Width": 4,
                    "Actual Startup Time": 3.493,
                    "Actual Total Time": 12.865,
                    "Actual Rows": 2529,
                    "Actual Loops": 2,
                    "Recheck Cond": "(keyword_id = 1633)",
                    "Rows Removed by Index Recheck": 0,
                    "Exact Heap Blocks": 3911,
                    "Lossy Heap Blocks": 0,
                    "Plans": [
                      {
                        "Node Type": "Bitmap Index Scan",
                        "Parent Relationship": "Outer",
                        "Parallel Aware": false,
                        "Index Name": "keyword_id_movie_keyword",
                        "Startup Cost": 0.0,
                        "Total Cost": 99.5,
                        "Plan Rows": 4675,
                        "Plan Width": 0,
                        "Actual Startup Time": 4.424,
                        "Actual Total Time": 4.424,
                        "Actual Rows": 5058,
                        "Actual Loops": 1,
                        "Index Cond": "(keyword_id = 1633)"
                      }
                    ]
                  },
                  {
                    "Node Type": "Index Scan",
                    "Parent Relationship": "Inner",
                    "Parallel Aware": false,
                    "Scan Direction": "Forward",
                    "Index Name": "title_pkey",
                    "Relation Name": "title",
                    "Alias": "t",
                    "Startup Cost": 0.43,
                    "Total Cost": 7.38,
                    "Plan Rows": 1,
                    "Plan Width": 4,
                    "Actual Startup Time": 0.008,
                    "Actual Total Time": 0.008,
                    "Actual Rows": 1,
                    "Actual Loops": 5058,
                    "Index Cond": "(id = mk.movie_id)",
                    "Rows Removed by Index Recheck": 0,
                    "Filter": "((kind_id < 7) AND (production_year < 2013))",
                    "Rows Removed by Filter": 0
                  }
                ]
              }
            ]
          }
        ]
      }
    ]
  },
  "Planning Time": 0.501,
  "Triggers": [],
  "Execution Time": 48.52
}