[
  {
    "Plan": {
      "Node Type": "Aggregate",
      "Strategy": "Plain",
      "Partial Mode": "Finalize",
      "Parallel Aware": false,
      "Startup Cost": 71182.86,
      "Total Cost": 71182.87,
      "Plan Rows": 1,
      "Plan Width": 8,
      "Actual Startup Time": 118.618,
      "Actual Total Time": 133.323,
      "Actual Rows": 1,
      "Actual Loops": 1,
      "Plans": [
        {
          "Node Type": "Gather",
          "Parent Relationship": "Outer",
          "Parallel Aware": false,
          "Startup Cost": 71182.44,
          "Total Cost": 71182.85,
          "Plan Rows": 4,
          "Plan Width": 8,
          "Actual Startup Time": 118.484,
          "Actual Total Time": 133.314,
          "Actual Rows": 5,
          "Actual Loops": 1,
          "Workers Planned": 4,
          "Workers Launched": 4,
          "Single Copy": false,
          "Plans": [
            {
              "Node Type": "Aggregate",
              "Strategy": "Plain",
              "Partial Mode": "Partial",
              "Parent Relationship": "Outer",
              "Parallel Aware": false,
              "Startup Cost": 70182.44,
              "Total Cost": 70182.45,
              "Plan Rows": 1,
              "Plan Width": 8,
              "Actual Startup Time": 108.949,
              "Actual Total Time": 108.95,
              "Actual Rows": 1,
              "Actual Loops": 5,
              "Plans": [
                {
                  "Node Type": "Nested Loop",
                  "Parent Relationship": "Outer",
                  "Parallel Aware": false,
                  "Join Type": "Inner",
                  "Startup Cost": 0.43,
                  "Total Cost": 70175.7,
                  "Plan Rows": 2694,
                  "Plan Width": 0,
                  "Actual Startup Time": 0.835,
                  "Actual Total Time": 108.686,
                  "Actual Rows": 2044,
                  "Actual Loops": 5,
                  "Inner Unique": false,
                  "Plans": [
                    {
                      "Node Type": "Seq Scan",
                      "Parent Relationship": "Outer",
                      "Parallel Aware": true,
                      "Relation Name": "title",
                      "Alias": "t",
                      "Startup Cost": 0.0,
                      "Total Cost": 45479.1,
                      "Plan Rows": 2611,
                      "Plan Width": 4,
                      "Actual Startup Time": 0.316,
                      "Actual Total Time": 91.296,
                      "Actual Rows": 2009,
                      "Actual Loops": 5,
                      "Filter": "((kind_id > 1) AND (production_year = 1969))",
                      "Rows Removed by Filter": 503653
                    },
                    {
                      "Node Type": "Index Only Scan",
                      "Parent Relationship": "Inner",
                      "Parallel Aware": false,
                      "Scan Direction": "Forward",
                      "Index Name": "movie_id_movie_companies",
                      "Relation Name": "movie_companies",
                      "Alias": "mc",
                      "Startup Cost": 0.43,
                      "Total Cost": 9.41,
                      "Plan Rows": 5,
                      "Plan Width": 4,
                      "Actual Startup Time": 0.007,
                      "Actual Total Time": 0.008,
                      "Actual Rows": 1,
                      "Actual Loops": 10047,
                      "Index Cond": "(movie_id = t.id)",
                      "Rows Removed by Index Recheck": 0,
                      "Heap Fetches": 10222
                    }
                  ]
                }
              ]
            }
          ]
        }
      ]
    },
    "Planning Time": 0.642,
    "Triggers": [],
    "Execution Time": 133.397
  }
]