[
  {
    "Plan": {
      "Node Type": "Aggregate",
      "Strategy": "Plain",
      "Partial Mode": "Finalize",
      "Parallel Aware": false,
      "Startup Cost": 295131.5,
      "Total Cost": 295131.51,
      "Plan Rows": 1,
      "Plan Width": 8,
      "Actual Startup Time": 1301.937,
      "Actual Total Time": 1348.964,
      "Actual Rows": 1,
      "Actual Loops": 1,
      "Plans": [
        {
          "Node Type": "Gather",
          "Parent Relationship": "Outer",
          "Parallel Aware": false,
          "Startup Cost": 295130.98,
          "Total Cost": 295131.49,
          "Plan Rows": 5,
          "Plan Width": 8,
          "Actual Startup Time": 1266.538,
          "Actual Total Time": 1348.947,
          "Actual Rows": 6,
          "Actual Loops": 1,
          "Workers Planned": 5,
          "Workers Launched": 5,
          "Single Copy": false,
          "Plans": [
            {
              "Node Type": "Aggregate",
              "Strategy": "Plain",
              "Partial Mode": "Partial",
              "Parent Relationship": "Outer",
              "Parallel Aware": false,
              "Startup Cost": 294130.98,
              "Total Cost": 294130.99,
              "Plan Rows": 1,
              "Plan Width": 8,
              "Actual Startup Time": 1252.356,
              "Actual Total Time": 1253.124,
              "Actual Rows": 1,
              "Actual Loops": 6,
              "Plans": [
                {
                  "Node Type": "Hash Join",
                  "Parent Relationship": "Outer",
                  "Parallel Aware": true,
                  "Join Type": "Inner",
                  "Startup Cost": 89245.36,
                  "Total Cost": 292716.54,
                  "Plan Rows": 565773,
                  "Plan Width": 0,
                  "Actual Startup Time": 643.384,
                  "Actual Total Time": 1205.012,
                  "Actual Rows": 1051724,
                  "Actual Loops": 6,
                  "Inner Unique": false,
                  "Hash Cond": "(mi.movie_id = t.id)",
                  "Plans": [
                    {
                      "Node Type": "Seq Scan",
                      "Parent Relationship": "Outer",
                      "Parallel Aware": true,
                      "Relation Name": "movie_info",
                      "Alias": "mi",
                      "Startup Cost": 0.0,
                      "Total Cost": 198952.16,
                      "Plan Rows": 718388,
                      "Plan Width": 4,
                      "Actual Startup Time": 31.764,
                      "Actual Total Time": 323.89,
                      "Actual Rows": 604163,
                      "Actual Loops": 6,
                      "Filter": "(info_type_id < 4)",
                      "Rows Removed by Filter": 1868457
                    },
                    {
                      "Node Type": "Hash",
                      "Parent Relationship": "Inner",
                      "Parallel Aware": true,
                      "Startup Cost": 81216.41,
                      "Total Cost": 81216.41,
                      "Plan Rows": 642316,
                      "Plan Width": 8,
                      "Actual Startup Time": 606.081,
                      "Actual Total Time": 606.848,
                      "Actual Rows": 332235,
                      "Actual Loops": 6,
                      "Hash Buckets": 2097152,
                      "Original Hash Buckets": 2097152,
                      "Hash Batches": 1,
                      "Original Hash Batches": 1,
                      "Peak Memory Usage": 94464,
                      "Plans": [
                        {
                          "Node Type": "Hash Join",
                          "Parent Relationship": "Outer",
                          "Parallel Aware": true,
                          "Join Type": "Inner",
                          "Startup Cost": 50219.64,
                          "Total Cost": 81216.41,
                          "Plan Rows": 642316,
                          "Plan Width": 8,
                          "Actual Startup Time": 291.358,
                          "Actual Total Time": 482.849,
                          "Actual Rows": 332235,
                          "Actual Loops": 6,
                          "Inner Unique": true,
                          "Hash Cond": "(mc.movie_id = t.id)",
                          "Plans": [
                            {
                              "Node Type": "Seq Scan",
                              "Parent Relationship": "Outer",
                              "Parallel Aware": true,
                              "Relation Name": "movie_companies",
                              "Alias": "mc",
                              "Startup Cost": 0.0,
                              "Total Cost": 29310.68,
                              "Plan Rows": 642316,
                              "Plan Width": 4,
                              "Actual Startup Time": 0.185,
                              "Actual Total Time": 60.36,
                              "Actual Rows": 332235,
                              "Actual Loops": 6,
                              "Filter": "(company_id > 742)",
                              "Rows Removed by Filter": 102620
                            },
                            {
                              "Node Type": "Hash",
                              "Parent Relationship": "Inner",
                              "Parallel Aware": true,
                              "Startup Cost": 42318.73,
                              "Total Cost": 42318.73,
                              "Plan Rows": 632073,
                              "Plan Width": 4,
                              "Actual Startup Time": 285.613,
                              "Actual Total Time": 285.614,
                              "Actual Rows": 421385,
                              "Actual Loops": 6,
                              "Hash Buckets": 4194304,
                              "Original Hash Buckets": 4194304,
                              "Hash Batches": 1,
                              "Original Hash Batches": 1,
                              "Peak Memory Usage": 131744,
                              "Plans": [
                                {
                                  "Node Type": "Seq Scan",
                                  "Parent Relationship": "Outer",
                                  "Parallel Aware": true,
                                  "Relation Name": "title",
                                  "Alias": "t",
                                  "Startup Cost": 0.0,
                                  "Total Cost": 42318.73,
                                  "Plan Rows": 632073,
                                  "Plan Width": 4,
                                  "Actual Startup Time": 0.05,
                                  "Actual Total Time": 81.637,
                                  "Actual Rows": 421385,
                                  "Actual Loops": 6
                                }
                              ]
                            }
                          ]
                        }
                      ]
                    }
                  ]
                }
              ]
            }
          ]
        }
      ]
    },
    "Planning Time": 1.418,
    "Triggers": [],
    "Execution Time": 1349.067
  }
]