{
  "Plan": {
    "Node Type": "Aggregate",
    "Strategy": "Plain",
    "Partial Mode": "Finalize",
    "Parallel Aware": false,
    "Startup Cost": 91810.97,
    "Total Cost": 91810.98,
    "Plan Rows": 1,
    "Plan Width": 8,
    "Actual Startup Time": 336.158,
    "Actual Total Time": 344.058,
    "Actual Rows": 1,
    "Actual Loops": 1,
    "Plans": [
      {
        "Node Type": "Gather",
        "Parent Relationship": "Outer",
        "Parallel Aware": false,
        "Startup Cost": 91810.86,
        "Total Cost": 91810.97,
        "Plan Rows": 1,
        "Plan Width": 8,
        "Actual Startup Time": 334.522,
        "Actual Total Time": 344.05,
        "Actual Rows": 2,
        "Actual Loops": 1,
        "Workers Planned": 1,
        "Workers Launched": 1,
        "Single Copy": false,
        "Plans": [
          {
            "Node Type": "Aggregate",
            "Strategy": "Plain",
            "Partial Mode": "Partial",
            "Parent Relationship": "Outer",
            "Parallel Aware": false,
            "Startup Cost": 90810.86,
            "Total Cost": 90810.87,
            "Plan Rows": 1,
            "Plan Width": 8,
            "Actual Startup Time": 328.149,
            "Actual Total Time": 328.153,
            "Actual Rows": 1,
            "Actual Loops": 2,
            "Plans": [
              {
                "Node Type": "Hash Join",
                "Parent Relationship": "Outer",
                "Parallel Aware": true,
                "Join Type": "Inner",
                "Startup Cost": 67991.98,
                "Total Cost": 90647.87,
                "Plan Rows": 65194,
                "Plan Width": 0,
                "Actual Startup Time": 242.11,
                "Actual Total Time": 321.949,
                "Actual Rows": 147938,
                "Actual Loops": 2,
                "Inner Unique": true,
                "Hash Cond": "(mc.movie_id = t.id)",
                "Plans": [
                  {
                    "Node Type": "Bitmap Heap Scan",
                    "Parent Relationship": "Outer",
                    "Parallel Aware": true,
                    "Relation Name": "movie_companies",
                    "Alias": "mc",
                    "Startup Cost": 9415.91,
                    "Total Cost": 31400.85,
                    "Plan Rows": 255596,
                    "Plan Width": 4,
                    "Actual Startup Time": 20.797,
                    "Actual Total Time": 52.986,
                    "Actual Rows": 221220,
                    "Actual Loops": 2,
                    "Recheck Cond": "(company_id > 77967)",
                    "Rows Removed by Index Recheck": 0,
                    "Exact Heap Blocks": 3688,
                    "Lossy Heap Blocks": 0,
                    "Plans": [
                      {
                        "Node Type": "Bitmap Index Scan",
                        "Parent Relationship": "Outer",
                        "Parallel Aware": false,
                        "Index Name": "company_id_movie_companies",
                        "Startup Cost": 0.0,
                        "Total Cost": 9307.28,
                        "Plan Rows": 434513,
                        "Plan Width": 0,
                        "Actual Startup Time": 19.814,
                        "Actual Total Time": 19.815,
                        "Actual Rows": 442440,
                        "Actual Loops": 1,
                        "Index Cond": "(company_id > 77967)"
                      }
                    ]
                  },
                  {
                    "Node Type": "Hash",
                    "Parent Relationship": "Inner",
                    "Parallel Aware": true,
                    "Startup Cost": 53834.33,
                    "Total Cost": 53834.33,
                    "Plan Rows": 379340,
                    "Plan Width": 4,
                    "Actual Startup Time": 189.706,
                    "Actual Total Time": 189.707,
                    "Actual Rows": 328156,
                    "Actual Loops": 2,
                    "Hash Buckets": 1048576,
                    "Original Hash Buckets": 1048576,
                    "Hash Batches": 1,
                    "Original Hash Batches": 1,
                    "Peak Memory Usage": 33888,
                    "Plans": [
                      {
                        "Node Type": "Bitmap Heap Scan",
                        "Parent Relationship": "Outer",
                        "Parallel Aware": true,
                        "Relation Name": "title",
                        "Alias": "t",
                        "Startup Cost": 11984.07,
                        "Total Cost": 53834.33,
                        "Plan Rows": 379340,
                        "Plan Width": 4,
                        "Actual Startup Time": 31.86,
                        "Actual Total Time": 104.276,
                        "Actual Rows": 328156,
                        "Actual Loops": 2,
                        "Recheck Cond": "(kind_id = 1)",
                        "Rows Removed by Index Recheck": 0,
                        "Filter": "(production_year > 0)",
                        "Rows Removed by Filter": 3257,
                        "Exact Heap Blocks": 7618,
                        "Lossy Heap Blocks": 0,
                        "Plans": [
                          {
                            "Node Type": "Bitmap Index Scan",
                            "Parent Relationship": "Outer",
                            "Parallel Aware": false,
                            "Index Name": "kind_id_title",
                            "Startup Cost": 0.0,
                            "Total Cost": 11822.85,
                            "Plan Rows": 663256,
                            "Plan Width": 0,
                            "Actual Startup Time": 29.989,
                            "Actual Total Time": 29.989,
                            "Actual Rows": 662825,
                            "Actual Loops": 1,
                            "Index Cond": "(kind_id = 1)"
                          }
                        ]
                      }
                    ]
                  }
                ]
              }
            ]
          }
        ]
      }
    ]
  },
  "Planning Time": 0.539,
  "Triggers": [],
  "Execution Time": 344.169
}