{
  "Plan": {
    "Node Type": "Aggregate",
    "Strategy": "Plain",
    "Partial Mode": "Finalize",
    "Parallel Aware": false,
    "Startup Cost": 720576.72,
    "Total Cost": 720576.73,
    "Plan Rows": 1,
    "Plan Width": 8,
    "Actual Startup Time": 3624.094,
    "Actual Total Time": 3681.891,
    "Actual Rows": 1,
    "Actual Loops": 1,
    "Plans": [
      {
        "Node Type": "Gather",
        "Parent Relationship": "Outer",
        "Parallel Aware": false,
        "Startup Cost": 720576.61,
        "Total Cost": 720576.72,
        "Plan Rows": 1,
        "Plan Width": 8,
        "Actual Startup Time": 3618.8,
        "Actual Total Time": 3681.882,
        "Actual Rows": 2,
        "Actual Loops": 1,
        "Workers Planned": 1,
        "Workers Launched": 1,
        "Single Copy": false,
        "Plans": [
          {
            "Node Type": "Aggregate",
            "Strategy": "Plain",
            "Partial Mode": "Partial",
            "Parent Relationship": "Outer",
            "Parallel Aware": false,
            "Startup Cost": 719576.61,
            "Total Cost": 719576.62,
            "Plan Rows": 1,
            "Plan Width": 8,
            "Actual Startup Time": 3614.337,
            "Actual Total Time": 3614.343,
            "Actual Rows": 1,
            "Actual Loops": 2,
            "Plans": [
              {
                "Node Type": "Hash Join",
                "Parent Relationship": "Outer",
                "Parallel Aware": true,
                "Join Type": "Inner",
                "Startup Cost": 111315.97,
                "Total Cost": 716209.26,
                "Plan Rows": 1346939,
                "Plan Width": 0,
                "Actual Startup Time": 1341.863,
                "Actual Total Time": 3522.621,
                "Actual Rows": 2331221,
                "Actual Loops": 2,
                "Inner Unique": false,
                "Hash Cond": "(ci.movie_id = t.id)",
                "Plans": [
                  {
                    "Node Type": "Seq Scan",
                    "Parent Relationship": "Outer",
                    "Parallel Aware": true,
                    "Relation Name": "cast_info",
                    "Alias": "ci",
                    "Startup Cost": 0.0,
                    "Total Cost": 572345.93,
                    "Plan Rows": 6566447,
                    "Plan Width": 4,
                    "Actual Startup Time": 539.985,
                    "Actual Total Time": 1562.461,
                    "Actual Rows": 4223402,
                    "Actual Loops": 2,
                    "Filter": "((person_id > 1939799) AND (role_id < 4))",
                    "Rows Removed by Filter": 13898770
                  },
                  {
                    "Node Type": "Hash",
                    "Parent Relationship": "Inner",
                    "Parallel Aware": true,
                    "Startup Cost": 107502.62,
                    "Total Cost": 107502.62,
                    "Plan Rows": 305068,
                    "Plan Width": 8,
                    "Actual Startup Time": 797.435,
                    "Actual Total Time": 797.44,
                    "Actual Rows": 420420,
                    "Actual Loops": 2,
                    "Hash Buckets": 1048576,
                    "Original Hash Buckets": 524288,
                    "Hash Batches": 1,
                    "Original Hash Batches": 1,
                    "Peak Memory Usage": 45216,
                    "Plans": [
                      {
                        "Node Type": "Hash Join",
                        "Parent Relationship": "Outer",
                        "Parallel Aware": true,
                        "Join Type": "Inner",
                        "Startup Cost": 64413.39,
                        "Total Cost": 107502.62,
                        "Plan Rows": 305068,
                        "Plan Width": 8,
                        "Actual Startup Time": 393.805,
                        "Actual Total Time": 682.405,
                        "Actual Rows": 420420,
                        "Actual Loops": 2,
                        "Inner Unique": true,
                        "Hash Cond": "(mc.movie_id = t.id)",
                        "Plans": [
                          {
                            "Node Type": "Index Scan",
                            "Parent Relationship": "Outer",
                            "Parallel Aware": true,
                            "Scan Direction": "Forward",
                            "Index Name": "company_type_id_movie_companies",
                            "Relation Name": "movie_companies",
                            "Alias": "mc",
                            "Startup Cost": 0.43,
                            "Total Cost": 41574.35,
                            "Plan Rows": 577259,
                            "Plan Width": 4,
                            "Actual Startup Time": 0.038,
                            "Actual Total Time": 115.986,
                            "Actual Rows": 630942,
                            "Actual Loops": 2,
                            "Index Cond": "(company_type_id < 2)",
                            "Rows Removed by Index Recheck": 0,
                            "Filter": "(company_id < 60141)",
                            "Rows Removed by Filter": 6182
                          },
                          {
                            "Node Type": "Hash",
                            "Parent Relationship": "Inner",
                            "Parallel Aware": true,
                            "Startup Cost": 54588.39,
                            "Total Cost": 54588.39,
                            "Plan Rows": 785966,
                            "Plan Width": 4,
                            "Actual Startup Time": 383.351,
                            "Actual Total Time": 383.352,
                            "Actual Rows": 674146,
                            "Actual Loops": 2,
                            "Hash Buckets": 2097152,
                            "Original Hash Buckets": 2097152,
                            "Hash Batches": 1,
                            "Original Hash Batches": 1,
                            "Peak Memory Usage": 69152,
                            "Plans": [
                              {
                                "Node Type": "Seq Scan",
                                "Parent Relationship": "Outer",
                                "Parallel Aware": true,
                                "Relation Name": "title",
                                "Alias": "t",
                                "Startup Cost": 0.0,
                                "Total Cost": 54588.39,
                                "Plan Rows": 785966,
                                "Plan Width": 4,
                                "Actual Startup Time": 0.03,
                                "Actual Total Time": 169.517,
                                "Actual Rows": 674146,
                                "Actual Loops": 2,
                                "Filter": "(production_year < 2005)",
                                "Rows Removed by Filter": 590010
                              }
                            ]
                          }
                        ]
                      }
                    ]
                  }
                ]
              }
            ]
          }
        ]
      }
    ]
  },
  "Planning Time": 0.63,
  "Triggers": [],
  "Execution Time": 3681.998
}