[
  {
    "Plan": {
      "Node Type": "Aggregate",
      "Strategy": "Plain",
      "Partial Mode": "Finalize",
      "Parallel Aware": false,
      "Startup Cost": 256811.06,
      "Total Cost": 256811.07,
      "Plan Rows": 1,
      "Plan Width": 8,
      "Actual Startup Time": 2665.945,
      "Actual Total Time": 2749.927,
      "Actual Rows": 1,
      "Actual Loops": 1,
      "Plans": [
        {
          "Node Type": "Gather",
          "Parent Relationship": "Outer",
          "Parallel Aware": false,
          "Startup Cost": 256810.74,
          "Total Cost": 256811.05,
          "Plan Rows": 3,
          "Plan Width": 8,
          "Actual Startup Time": 2657.555,
          "Actual Total Time": 2749.918,
          "Actual Rows": 4,
          "Actual Loops": 1,
          "Workers Planned": 3,
          "Workers Launched": 3,
          "Single Copy": false,
          "Plans": [
            {
              "Node Type": "Aggregate",
              "Strategy": "Plain",
              "Partial Mode": "Partial",
              "Parent Relationship": "Outer",
              "Parallel Aware": false,
              "Startup Cost": 255810.74,
              "Total Cost": 255810.75,
              "Plan Rows": 1,
              "Plan Width": 8,
              "Actual Startup Time": 2636.517,
              "Actual Total Time": 2636.521,
              "Actual Rows": 1,
              "Actual Loops": 4,
              "Plans": [
                {
                  "Node Type": "Nested Loop",
                  "Parent Relationship": "Outer",
                  "Parallel Aware": false,
                  "Join Type": "Inner",
                  "Startup Cost": 55804.08,
                  "Total Cost": 254763.55,
                  "Plan Rows": 418875,
                  "Plan Width": 0,
                  "Actual Startup Time": 349.149,
                  "Actual Total Time": 2582.861,
                  "Actual Rows": 1173138,
                  "Actual Loops": 4,
                  "Inner Unique": false,
                  "Plans": [
                    {
                      "Node Type": "Hash Join",
                      "Parent Relationship": "Outer",
                      "Parallel Aware": true,
                      "Join Type": "Inner",
                      "Startup Cost": 55803.51,
                      "Total Cost": 81541.45,
                      "Plan Rows": 84888,
                      "Plan Width": 8,
                      "Actual Startup Time": 348.94,
                      "Actual Total Time": 416.052,
                      "Actual Rows": 63474,
                      "Actual Loops": 4,
                      "Inner Unique": true,
                      "Hash Cond": "(mk.movie_id = t.id)",
                      "Plans": [
                        {
                          "Node Type": "Bitmap Heap Scan",
                          "Parent Relationship": "Outer",
                          "Parallel Aware": true,
                          "Relation Name": "movie_keyword",
                          "Alias": "mk",
                          "Startup Cost": 5583.87,
                          "Total Cost": 31098.97,
                          "Plan Rows": 84888,
                          "Plan Width": 4,
                          "Actual Startup Time": 17.587,
                          "Actual Total Time": 52.612,
                          "Actual Rows": 63474,
                          "Actual Loops": 4,
                          "Recheck Cond": "(keyword_id > 59985)",
                          "Rows Removed by Index Recheck": 0,
                          "Exact Heap Blocks": 6042,
                          "Lossy Heap Blocks": 0,
                          "Plans": [
                            {
                              "Node Type": "Bitmap Index Scan",
                              "Parent Relationship": "Outer",
                              "Parallel Aware": false,
                              "Index Name": "keyword_id_movie_keyword",
                              "Startup Cost": 0.0,
                              "Total Cost": 5518.08,
                              "Plan Rows": 263153,
                              "Plan Width": 0,
                              "Actual Startup Time": 14.444,
                              "Actual Total Time": 14.444,
                              "Actual Rows": 253898,
                              "Actual Loops": 1,
                              "Index Cond": "(keyword_id > 59985)"
                            }
                          ]
                        },
                        {
                          "Node Type": "Hash",
                          "Parent Relationship": "Inner",
                          "Parallel Aware": true,
                          "Startup Cost": 42318.73,
                          "Total Cost": 42318.73,
                          "Plan Rows": 632073,
                          "Plan Width": 4,
                          "Actual Startup Time": 320.615,
                          "Actual Total Time": 320.616,
                          "Actual Rows": 632078,
                          "Actual Loops": 4,
                          "Hash Buckets": 4194304,
                          "Original Hash Buckets": 4194304,
                          "Hash Batches": 1,
                          "Original Hash Batches": 1,
                          "Peak Memory Usage": 131712,
                          "Plans": [
                            {
                              "Node Type": "Seq Scan",
                              "Parent Relationship": "Outer",
                              "Parallel Aware": true,
                              "Relation Name": "title",
                              "Alias": "t",
                              "Startup Cost": 0.0,
                              "Total Cost": 42318.73,
                              "Plan Rows": 632073,
                              "Plan Width": 4,
                              "Actual Startup Time": 0.032,
                              "Actual Total Time": 95.973,
                              "Actual Rows": 632078,
                              "Actual Loops": 4
                            }
                          ]
                        }
                      ]
                    },
                    {
                      "Node Type": "Index Scan",
                      "Parent Relationship": "Inner",
                      "Parallel Aware": false,
                      "Scan Direction": "Forward",
                      "Index Name": "movie_id_cast_info",
                      "Relation Name": "cast_info",
                      "Alias": "ci",
                      "Startup Cost": 0.56,
                      "Total Cost": 1.91,
                      "Plan Rows": 13,
                      "Plan Width": 4,
                      "Actual Startup Time": 0.004,
                      "Actual Total Time": 0.033,
                      "Actual Rows": 18,
                      "Actual Loops": 253898,
                      "Index Cond": "(movie_id = t.id)",
                      "Rows Removed by Index Recheck": 0,
                      "Filter": "(role_id < 2)",
                      "Rows Removed by Filter": 32
                    }
                  ]
                }
              ]
            }
          ]
        }
      ]
    },
    "Planning Time": 1.276,
    "Triggers": [],
    "Execution Time": 2750.044
  }
]