{
  "Plan": {
    "Node Type": "Aggregate",
    "Strategy": "Plain",
    "Partial Mode": "Finalize",
    "Parallel Aware": false,
    "Startup Cost": 683510.77,
    "Total Cost": 683510.78,
    "Plan Rows": 1,
    "Plan Width": 96,
    "Actual Startup Time": 3914.798,
    "Actual Total Time": 4005.602,
    "Actual Rows": 1,
    "Actual Loops": 1,
    "Plans": [
      {
        "Node Type": "Gather",
        "Parent Relationship": "Outer",
        "Parallel Aware": false,
        "Startup Cost": 683510.65,
        "Total Cost": 683510.76,
        "Plan Rows": 1,
        "Plan Width": 96,
        "Actual Startup Time": 3914.293,
        "Actual Total Time": 4005.591,
        "Actual Rows": 2,
        "Actual Loops": 1,
        "Workers Planned": 1,
        "Workers Launched": 1,
        "Single Copy": false,
        "Plans": [
          {
            "Node Type": "Aggregate",
            "Strategy": "Plain",
            "Partial Mode": "Partial",
            "Parent Relationship": "Outer",
            "Parallel Aware": false,
            "Startup Cost": 682510.65,
            "Total Cost": 682510.66,
            "Plan Rows": 1,
            "Plan Width": 96,
            "Actual Startup Time": 3907.314,
            "Actual Total Time": 3907.323,
            "Actual Rows": 1,
            "Actual Loops": 2,
            "Plans": [
              {
                "Node Type": "Nested Loop",
                "Parent Relationship": "Outer",
                "Parallel Aware": false,
                "Join Type": "Inner",
                "Startup Cost": 613621.52,
                "Total Cost": 682510.62,
                "Plan Rows": 4,
                "Plan Width": 48,
                "Actual Startup Time": 3494.465,
                "Actual Total Time": 3907.214,
                "Actual Rows": 185,
                "Actual Loops": 2,
                "Inner Unique": true,
                "Plans": [
                  {
                    "Node Type": "Hash Join",
                    "Parent Relationship": "Outer",
                    "Parallel Aware": false,
                    "Join Type": "Inner",
                    "Startup Cost": 613621.09,
                    "Total Cost": 682507.44,
                    "Plan Rows": 7,
                    "Plan Width": 39,
                    "Actual Startup Time": 3493.839,
                    "Actual Total Time": 3903.296,
                    "Actual Rows": 418,
                    "Actual Loops": 2,
                    "Inner Unique": true,
                    "Hash Cond": "(mk.keyword_id = k.id)",
                    "Plans": [
                      {
                        "Node Type": "Hash Join",
                        "Parent Relationship": "Outer",
                        "Parallel Aware": true,
                        "Join Type": "Inner",
                        "Startup Cost": 610994.95,
                        "Total Cost": 677461.63,
                        "Plan Rows": 921751,
                        "Plan Width": 27,
                        "Actual Startup Time": 3461.992,
                        "Actual Total Time": 3862.53,
                        "Actual Rows": 305082,
                        "Actual Loops": 2,
                        "Inner Unique": false,
                        "Hash Cond": "(mk.movie_id = ci.movie_id)",
                        "Plans": [
                          {
                            "Node Type": "Seq Scan",
                            "Parent Relationship": "Outer",
                            "Parallel Aware": true,
                            "Relation Name": "movie_keyword",
                            "Alias": "mk",
                            "Startup Cost": 0.0,
                            "Total Cost": 51065.35,
                            "Plan Rows": 2661135,
                            "Plan Width": 8,
                            "Actual Startup Time": 0.015,
                            "Actual Total Time": 180.611,
                            "Actual Rows": 2261965,
                            "Actual Loops": 2
                          },
                          {
                            "Node Type": "Hash",
                            "Parent Relationship": "Inner",
                            "Parallel Aware": true,
                            "Startup Cost": 608304.16,
                            "Total Cost": 608304.16,
                            "Plan Rows": 215263,
                            "Plan Width": 19,
                            "Actual Startup Time": 3459.14,
                            "Actual Total Time": 3459.145,
                            "Actual Rows": 40538,
                            "Actual Loops": 2,
                            "Hash Buckets": 524288,
                            "Original Hash Buckets": 524288,
                            "Hash Batches": 1,
                            "Original Hash Batches": 1,
                            "Peak Memory Usage": 8448,
                            "Plans": [
                              {
                                "Node Type": "Hash Join",
                                "Parent Relationship": "Outer",
                                "Parallel Aware": true,
                                "Join Type": "Inner",
                                "Startup Cost": 86563.89,
                                "Total Cost": 608304.16,
                                "Plan Rows": 215263,
                                "Plan Width": 19,
                                "Actual Startup Time": 338.6,
                                "Actual Total Time": 3441.552,
                                "Actual Rows": 40538,
                                "Actual Loops": 2,
                                "Inner Unique": true,
                                "Hash Cond": "(ci.person_id = n.id)",
                                "Plans": [
                                  {
                                    "Node Type": "Seq Scan",
                                    "Parent Relationship": "Outer",
                                    "Parallel Aware": true,
                                    "Relation Name": "cast_info",
                                    "Alias": "ci",
                                    "Startup Cost": 0.0,
                                    "Total Cost": 465798.46,
                                    "Plan Rows": 21311146,
                                    "Plan Width": 8,
                                    "Actual Startup Time": 0.013,
                                    "Actual Total Time": 1684.69,
                                    "Actual Rows": 18122172,
                                    "Actual Loops": 2
                                  },
                                  {
                                    "Node Type": "Hash",
                                    "Parent Relationship": "Inner",
                                    "Parallel Aware": true,
                                    "Startup Cost": 86254.38,
                                    "Total Cost": 86254.38,
                                    "Plan Rows": 24761,
                                    "Plan Width": 19,
                                    "Actual Startup Time": 318.624,
                                    "Actual Total Time": 318.625,
                                    "Actual Rows": 5191,
                                    "Actual Loops": 2,
                                    "Hash Buckets": 65536,
                                    "Original Hash Buckets": 65536,
                                    "Hash Batches": 1,
                                    "Original Hash Batches": 1,
                                    "Peak Memory Usage": 1088,
                                    "Plans": [
                                      {
                                        "Node Type": "Seq Scan",
                                        "Parent Relationship": "Outer",
                                        "Parallel Aware": true,
                                        "Relation Name": "name",
                                        "Alias": "n",
                                        "Startup Cost": 0.0,
                                        "Total Cost": 86254.38,
                                        "Plan Rows": 24761,
                                        "Plan Width": 19,
                                        "Actual Startup Time": 5.015,
                                        "Actual Total Time": 315.982,
                                        "Actual Rows": 5191,
                                        "Actual Loops": 2,
                                        "Filter": "(name ~~ '%Brown,%'::text)",
                                        "Rows Removed by Filter": 2078554
                                      }
                                    ]
                                  }
                                ]
                              }
                            ]
                          }
                        ]
                      },
                      {
                        "Node Type": "Hash",
                        "Parent Relationship": "Inner",
                        "Parallel Aware": false,
                        "Startup Cost": 2626.12,
                        "Total Cost": 2626.12,
                        "Plan Rows": 1,
                        "Plan Width": 20,
                        "Actual Startup Time": 24.168,
                        "Actual Total Time": 24.17,
                        "Actual Rows": 1,
                        "Actual Loops": 2,
                        "Hash Buckets": 1024,
                        "Original Hash Buckets": 1024,
                        "Hash Batches": 1,
                        "Original Hash Batches": 1,
                        "Peak Memory Usage": 9,
                        "Plans": [
                          {
                            "Node Type": "Seq Scan",
                            "Parent Relationship": "Outer",
                            "Parallel Aware": false,
                            "Relation Name": "keyword",
                            "Alias": "k",
                            "Startup Cost": 0.0,
                            "Total Cost": 2626.12,
                            "Plan Rows": 1,
                            "Plan Width": 20,
                            "Actual Startup Time": 2.131,
                            "Actual Total Time": 24.15,
                            "Actual Rows": 1,
                            "Actual Loops": 2,
                            "Filter": "(keyword = 'sequel'::text)",
                            "Rows Removed by Filter": 134169
                          }
                        ]
                      }
                    ]
                  },
                  {
                    "Node Type": "Index Scan",
                    "Parent Relationship": "Inner",
                    "Parallel Aware": false,
                    "Scan Direction": "Forward",
                    "Index Name": "title_pkey",
                    "Relation Name": "title",
                    "Alias": "t",
                    "Startup Cost": 0.43,
                    "Total Cost": 0.45,
                    "Plan Rows": 1,
                    "Plan Width": 21,
                    "Actual Startup Time": 0.009,
                    "Actual Total Time": 0.009,
                    "Actual Rows": 0,
                    "Actual Loops": 837,
                    "Index Cond": "(id = ci.movie_id)",
                    "Rows Removed by Index Recheck": 0,
                    "Filter": "(production_year > 1998)",
                    "Rows Removed by Filter": 1
                  }
                ]
              }
            ]
          }
        ]
      }
    ]
  },
  "Planning Time": 1.828,
  "Triggers": [],
  "Execution Time": 4005.786
}