[
  {
    "Plan": {
      "Node Type": "Aggregate",
      "Strategy": "Plain",
      "Partial Mode": "Finalize",
      "Parallel Aware": false,
      "Startup Cost": 70227.46,
      "Total Cost": 70227.47,
      "Plan Rows": 1,
      "Plan Width": 8,
      "Actual Startup Time": 163.885,
      "Actual Total Time": 184.402,
      "Actual Rows": 1,
      "Actual Loops": 1,
      "Plans": [
        {
          "Node Type": "Gather",
          "Parent Relationship": "Outer",
          "Parallel Aware": false,
          "Startup Cost": 70227.14,
          "Total Cost": 70227.45,
          "Plan Rows": 3,
          "Plan Width": 8,
          "Actual Startup Time": 163.608,
          "Actual Total Time": 184.392,
          "Actual Rows": 4,
          "Actual Loops": 1,
          "Workers Planned": 3,
          "Workers Launched": 3,
          "Single Copy": false,
          "Plans": [
            {
              "Node Type": "Aggregate",
              "Strategy": "Plain",
              "Partial Mode": "Partial",
              "Parent Relationship": "Outer",
              "Parallel Aware": false,
              "Startup Cost": 69227.14,
              "Total Cost": 69227.15,
              "Plan Rows": 1,
              "Plan Width": 8,
              "Actual Startup Time": 154.042,
              "Actual Total Time": 154.045,
              "Actual Rows": 1,
              "Actual Loops": 4,
              "Plans": [
                {
                  "Node Type": "Nested Loop",
                  "Parent Relationship": "Outer",
                  "Parallel Aware": false,
                  "Join Type": "Inner",
                  "Startup Cost": 46938.13,
                  "Total Cost": 69218.41,
                  "Plan Rows": 3492,
                  "Plan Width": 0,
                  "Actual Startup Time": 113.624,
                  "Actual Total Time": 153.453,
                  "Actual Rows": 5468,
                  "Actual Loops": 4,
                  "Inner Unique": false,
                  "Join Filter": "(t.id = ci.movie_id)",
                  "Rows Removed by Join Filter": 0,
                  "Plans": [
                    {
                      "Node Type": "Hash Join",
                      "Parent Relationship": "Outer",
                      "Parallel Aware": true,
                      "Join Type": "Inner",
                      "Startup Cost": 46937.57,
                      "Total Cost": 66401.58,
                      "Plan Rows": 244,
                      "Plan Width": 8,
                      "Actual Startup Time": 113.484,
                      "Actual Total Time": 126.625,
                      "Actual Rows": 188,
                      "Actual Loops": 4,
                      "Inner Unique": true,
                      "Hash Cond": "(mc.movie_id = t.id)",
                      "Plans": [
                        {
                          "Node Type": "Bitmap Heap Scan",
                          "Parent Relationship": "Outer",
                          "Parallel Aware": true,
                          "Relation Name": "movie_companies",
                          "Alias": "mc",
                          "Startup Cost": 2995.05,
                          "Total Cost": 22342.08,
                          "Plan Rows": 44563,
                          "Plan Width": 4,
                          "Actual Startup Time": 8.366,
                          "Actual Total Time": 16.434,
                          "Actual Rows": 33809,
                          "Actual Loops": 4,
                          "Recheck Cond": "(company_id > 138634)",
                          "Rows Removed by Index Recheck": 0,
                          "Exact Heap Blocks": 1628,
                          "Lossy Heap Blocks": 0,
                          "Plans": [
                            {
                              "Node Type": "Bitmap Index Scan",
                              "Parent Relationship": "Outer",
                              "Parallel Aware": false,
                              "Index Name": "company_id_movie_companies",
                              "Startup Cost": 0.0,
                              "Total Cost": 2960.51,
                              "Plan Rows": 138144,
                              "Plan Width": 0,
                              "Actual Startup Time": 7.557,
                              "Actual Total Time": 7.558,
                              "Actual Rows": 135235,
                              "Actual Loops": 1,
                              "Index Cond": "(company_id > 138634)"
                            }
                          ]
                        },
                        {
                          "Node Type": "Hash",
                          "Parent Relationship": "Inner",
                          "Parallel Aware": true,
                          "Startup Cost": 43899.32,
                          "Total Cost": 43899.32,
                          "Plan Rows": 3456,
                          "Plan Width": 4,
                          "Actual Startup Time": 103.558,
                          "Actual Total Time": 103.559,
                          "Actual Rows": 3614,
                          "Actual Loops": 4,
                          "Hash Buckets": 16384,
                          "Original Hash Buckets": 16384,
                          "Hash Batches": 1,
                          "Original Hash Batches": 1,
                          "Peak Memory Usage": 768,
                          "Plans": [
                            {
                              "Node Type": "Seq Scan",
                              "Parent Relationship": "Outer",
                              "Parallel Aware": true,
                              "Relation Name": "title",
                              "Alias": "t",
                              "Startup Cost": 0.0,
                              "Total Cost": 43899.32,
                              "Plan Rows": 3456,
                              "Plan Width": 4,
                              "Actual Startup Time": 0.104,
                              "Actual Total Time": 101.405,
                              "Actual Rows": 3614,
                              "Actual Loops": 4,
                              "Filter": "(production_year = 1981)",
                              "Rows Removed by Filter": 628464
                            }
                          ]
                        }
                      ]
                    },
                    {
                      "Node Type": "Index Only Scan",
                      "Parent Relationship": "Inner",
                      "Parallel Aware": false,
                      "Scan Direction": "Forward",
                      "Index Name": "movie_id_cast_info",
                      "Relation Name": "cast_info",
                      "Alias": "ci",
                      "Startup Cost": 0.56,
                      "Total Cost": 11.11,
                      "Plan Rows": 35,
                      "Plan Width": 4,
                      "Actual Startup Time": 0.018,
                      "Actual Total Time": 0.137,
                      "Actual Rows": 29,
                      "Actual Loops": 754,
                      "Index Cond": "(movie_id = mc.movie_id)",
                      "Rows Removed by Index Recheck": 0,
                      "Heap Fetches": 21871
                    }
                  ]
                }
              ]
            }
          ]
        }
      ]
    },
    "Planning Time": 1.354,
    "Triggers": [],
    "Execution Time": 184.507
  }
]