[
  {
    "Plan": {
      "Node Type": "Aggregate",
      "Strategy": "Plain",
      "Partial Mode": "Finalize",
      "Parallel Aware": false,
      "Startup Cost": 46129.73,
      "Total Cost": 46129.74,
      "Plan Rows": 1,
      "Plan Width": 8,
      "Actual Startup Time": 143.237,
      "Actual Total Time": 150.395,
      "Actual Rows": 1,
      "Actual Loops": 1,
      "Plans": [
        {
          "Node Type": "Gather",
          "Parent Relationship": "Outer",
          "Parallel Aware": false,
          "Startup Cost": 46129.42,
          "Total Cost": 46129.73,
          "Plan Rows": 3,
          "Plan Width": 8,
          "Actual Startup Time": 143.135,
          "Actual Total Time": 150.387,
          "Actual Rows": 4,
          "Actual Loops": 1,
          "Workers Planned": 3,
          "Workers Launched": 3,
          "Single Copy": false,
          "Plans": [
            {
              "Node Type": "Aggregate",
              "Strategy": "Plain",
              "Partial Mode": "Partial",
              "Parent Relationship": "Outer",
              "Parallel Aware": false,
              "Startup Cost": 45129.42,
              "Total Cost": 45129.43,
              "Plan Rows": 1,
              "Plan Width": 8,
              "Actual Startup Time": 138.355,
              "Actual Total Time": 138.356,
              "Actual Rows": 1,
              "Actual Loops": 4,
              "Plans": [
                {
                  "Node Type": "Seq Scan",
                  "Parent Relationship": "Outer",
                  "Parallel Aware": true,
                  "Relation Name": "movie_keyword",
                  "Alias": "mk",
                  "Startup Cost": 0.0,
                  "Total Cost": 42695.65,
                  "Plan Rows": 973505,
                  "Plan Width": 0,
                  "Actual Startup Time": 0.153,
                  "Actual Total Time": 106.09,
                  "Actual Rows": 755828,
                  "Actual Loops": 4,
                  "Filter": "(keyword_id > 2158)",
                  "Rows Removed by Filter": 375155
                }
              ]
            }
          ]
        }
      ]
    },
    "Planning Time": 0.08,
    "Triggers": [],
    "Execution Time": 150.422
  }
]