[
    {
        "Bao": {
            "Bao prediction": 456.67,
            "Bao recommended hint": "SET enable_mergejoin TO off; SET enable_indexscan TO off; "
        }
    },
    {
        "Plan": {
            "Node Type": "Aggregate",
            "Strategy": "Plain",
            "Partial Mode": "Finalize",
            "Parallel Aware": false,
            "Startup Cost": 346069.43,
            "Total Cost": 346069.44,
            "Plan Rows": 1,
            "Plan Width": 8,
            "Actual Startup Time": 807.033,
            "Actual Total Time": 841.187,
            "Actual Rows": 1,
            "Actual Loops": 1,
            "Output": [
                "count(*)"
            ],
            "Plans": [
                {
                    "Node Type": "Gather",
                    "Parent Relationship": "Outer",
                    "Parallel Aware": false,
                    "Startup Cost": 346068.8,
                    "Total Cost": 346069.41,
                    "Plan Rows": 6,
                    "Plan Width": 8,
                    "Actual Startup Time": 806.946,
                    "Actual Total Time": 841.177,
                    "Actual Rows": 7,
                    "Actual Loops": 1,
                    "Output": [
                        "(PARTIAL count(*))"
                    ],
                    "Workers Planned": 6,
                    "Workers Launched": 6,
                    "Single Copy": false,
                    "Plans": [
                        {
                            "Node Type": "Aggregate",
                            "Strategy": "Plain",
                            "Partial Mode": "Partial",
                            "Parent Relationship": "Outer",
                            "Parallel Aware": false,
                            "Startup Cost": 345068.8,
                            "Total Cost": 345068.82,
                            "Plan Rows": 1,
                            "Plan Width": 8,
                            "Actual Startup Time": 797.679,
                            "Actual Total Time": 797.681,
                            "Actual Rows": 1,
                            "Actual Loops": 7,
                            "Output": [
                                "PARTIAL count(*)"
                            ],
                            "Workers": [
                                {
                                    "Worker Number": 0,
                                    "Actual Startup Time": 795.417,
                                    "Actual Total Time": 795.418,
                                    "Actual Rows": 1,
                                    "Actual Loops": 1
                                },
                                {
                                    "Worker Number": 1,
                                    "Actual Startup Time": 796.042,
                                    "Actual Total Time": 796.043,
                                    "Actual Rows": 1,
                                    "Actual Loops": 1
                                },
                                {
                                    "Worker Number": 2,
                                    "Actual Startup Time": 796.402,
                                    "Actual Total Time": 796.403,
                                    "Actual Rows": 1,
                                    "Actual Loops": 1
                                },
                                {
                                    "Worker Number": 3,
                                    "Actual Startup Time": 796.495,
                                    "Actual Total Time": 796.496,
                                    "Actual Rows": 1,
                                    "Actual Loops": 1
                                },
                                {
                                    "Worker Number": 4,
                                    "Actual Startup Time": 796.543,
                                    "Actual Total Time": 796.544,
                                    "Actual Rows": 1,
                                    "Actual Loops": 1
                                },
                                {
                                    "Worker Number": 5,
                                    "Actual Startup Time": 796.731,
                                    "Actual Total Time": 796.732,
                                    "Actual Rows": 1,
                                    "Actual Loops": 1
                                }
                            ],
                            "Plans": [
                                {
                                    "Node Type": "Seq Scan",
                                    "Parent Relationship": "Outer",
                                    "Parallel Aware": true,
                                    "Relation Name": "cast_info",
                                    "Schema": "public",
                                    "Alias": "ci",
                                    "Startup Cost": 0.0,
                                    "Total Cost": 343318.94,
                                    "Plan Rows": 699946,
                                    "Plan Width": 0,
                                    "Actual Startup Time": 280.665,
                                    "Actual Total Time": 775.176,
                                    "Actual Rows": 339342,
                                    "Actual Loops": 7,
                                    "Output": [
                                        "id",
                                        "person_id",
                                        "movie_id",
                                        "person_role_id",
                                        "note",
                                        "nr_order",
                                        "role_id"
                                    ],
                                    "Filter": "((ci.person_id < 2038391) AND (ci.role_id = 2))",
                                    "Rows Removed by Filter": 4838421,
                                    "Workers": [
                                        {
                                            "Worker Number": 0,
                                            "Actual Startup Time": 278.398,
                                            "Actual Total Time": 773.359,
                                            "Actual Rows": 334630,
                                            "Actual Loops": 1
                                        },
                                        {
                                            "Worker Number": 1,
                                            "Actual Startup Time": 279.027,
                                            "Actual Total Time": 774.039,
                                            "Actual Rows": 311537,
                                            "Actual Loops": 1
                                        },
                                        {
                                            "Worker Number": 2,
                                            "Actual Startup Time": 279.389,
                                            "Actual Total Time": 774.29,
                                            "Actual Rows": 334927,
                                            "Actual Loops": 1
                                        },
                                        {
                                            "Worker Number": 3,
                                            "Actual Startup Time": 279.488,
                                            "Actual Total Time": 774.271,
                                            "Actual Rows": 337450,
                                            "Actual Loops": 1
                                        },
                                        {
                                            "Worker Number": 4,
                                            "Actual Startup Time": 279.521,
                                            "Actual Total Time": 774.293,
                                            "Actual Rows": 337743,
                                            "Actual Loops": 1
                                        },
                                        {
                                            "Worker Number": 5,
                                            "Actual Startup Time": 279.721,
                                            "Actual Total Time": 774.427,
                                            "Actual Rows": 338127,
                                            "Actual Loops": 1
                                        }
                                    ]
                                }
                            ]
                        }
                    ]
                }
            ]
        },
        "Planning Time": 2152.707,
        "Triggers": [],
        "Execution Time": 841.275
    }
]