{
    "Plan": {
        "Node Type": "Aggregate",
        "Strategy": "Plain",
        "Partial Mode": "Simple",
        "Parallel Aware": false,
        "Startup Cost": 110001339239.23,
        "Total Cost": 110001339239.24,
        "Plan Rows": 1,
        "Plan Width": 8,
        "Actual Startup Time": 5780.744,
        "Actual Total Time": 5780.774,
        "Actual Rows": 1,
        "Actual Loops": 1,
        "Output": [
            "count(*)"
        ],
        "Plans": [
            {
                "Node Type": "Merge Join",
                "Parent Relationship": "Outer",
                "Parallel Aware": false,
                "Join Type": "Inner",
                "Startup Cost": 110001339239.2,
                "Total Cost": 110001339239.22,
                "Plan Rows": 1,
                "Plan Width": 0,
                "Actual Startup Time": 5780.735,
                "Actual Total Time": 5780.767,
                "Actual Rows": 15,
                "Actual Loops": 1,
                "Inner Unique": false,
                "Merge Cond": "(it.id = mi.info_type_id)",
                "Plans": [
                    {
                        "Node Type": "Sort",
                        "Parent Relationship": "Outer",
                        "Parallel Aware": false,
                        "Startup Cost": 10000000002.42,
                        "Total Cost": 10000000002.43,
                        "Plan Rows": 1,
                        "Plan Width": 4,
                        "Actual Startup Time": 0.027,
                        "Actual Total Time": 0.029,
                        "Actual Rows": 1,
                        "Actual Loops": 1,
                        "Output": [
                            "it.id"
                        ],
                        "Sort Key": [
                            "it.id"
                        ],
                        "Sort Method": "quicksort",
                        "Sort Space Used": 25,
                        "Sort Space Type": "Memory",
                        "Plans": [
                            {
                                "Node Type": "Seq Scan",
                                "Parent Relationship": "Outer",
                                "Parallel Aware": false,
                                "Relation Name": "info_type",
                                "Schema": "public",
                                "Alias": "it",
                                "Startup Cost": 10000000000.0,
                                "Total Cost": 10000000002.41,
                                "Plan Rows": 1,
                                "Plan Width": 4,
                                "Actual Startup Time": 0.017,
                                "Actual Total Time": 0.022,
                                "Actual Rows": 1,
                                "Actual Loops": 1,
                                "Output": [
                                    "it.id"
                                ],
                                "Filter": "((it.info)::text = 'release dates'::text)",
                                "Rows Removed by Filter": 112
                            }
                        ]
                    },
                    {
                        "Node Type": "Sort",
                        "Parent Relationship": "Inner",
                        "Parallel Aware": false,
                        "Startup Cost": 100001339236.78,
                        "Total Cost": 100001339236.78,
                        "Plan Rows": 1,
                        "Plan Width": 4,
                        "Actual Startup Time": 5780.705,
                        "Actual Total Time": 5780.733,
                        "Actual Rows": 15,
                        "Actual Loops": 1,
                        "Output": [
                            "mi.info_type_id"
                        ],
                        "Sort Key": [
                            "mi.info_type_id"
                        ],
                        "Sort Method": "quicksort",
                        "Sort Space Used": 25,
                        "Sort Space Type": "Memory",
                        "Plans": [
                            {
                                "Node Type": "Nested Loop",
                                "Parent Relationship": "Outer",
                                "Parallel Aware": false,
                                "Join Type": "Inner",
                                "Startup Cost": 100001339222.74,
                                "Total Cost": 100001339236.77,
                                "Plan Rows": 1,
                                "Plan Width": 4,
                                "Actual Startup Time": 5780.596,
                                "Actual Total Time": 5780.727,
                                "Actual Rows": 15,
                                "Actual Loops": 1,
                                "Output": [
                                    "mi.info_type_id"
                                ],
                                "Inner Unique": true,
                                "Plans": [
                                    {
                                        "Node Type": "Merge Join",
                                        "Parent Relationship": "Outer",
                                        "Parallel Aware": false,
                                        "Join Type": "Inner",
                                        "Startup Cost": 100001339222.32,
                                        "Total Cost": 100001339236.32,
                                        "Plan Rows": 1,
                                        "Plan Width": 8,
                                        "Actual Startup Time": 5780.468,
                                        "Actual Total Time": 5780.517,
                                        "Actual Rows": 66,
                                        "Actual Loops": 1,
                                        "Output": [
                                            "mc.company_id",
                                            "mi.info_type_id"
                                        ],
                                        "Inner Unique": false,
                                        "Merge Cond": "(it3.id = pi.info_type_id)",
                                        "Plans": [
                                            {
                                                "Node Type": "Index Scan",
                                                "Parent Relationship": "Outer",
                                                "Parallel Aware": false,
                                                "Scan Direction": "Forward",
                                                "Index Name": "info_type_pkey",
                                                "Relation Name": "info_type",
                                                "Schema": "public",
                                                "Alias": "it3",
                                                "Startup Cost": 0.14,
                                                "Total Cost": 14.12,
                                                "Plan Rows": 1,
                                                "Plan Width": 4,
                                                "Actual Startup Time": 0.013,
                                                "Actual Total Time": 0.023,
                                                "Actual Rows": 1,
                                                "Actual Loops": 1,
                                                "Output": [
                                                    "it3.id",
                                                    "it3.info"
                                                ],
                                                "Filter": "((it3.info)::text = 'height'::text)",
                                                "Rows Removed by Filter": 112
                                            },
                                            {
                                                "Node Type": "Sort",
                                                "Parent Relationship": "Inner",
                                                "Parallel Aware": false,
                                                "Startup Cost": 100001339222.18,
                                                "Total Cost": 100001339222.18,
                                                "Plan Rows": 1,
                                                "Plan Width": 12,
                                                "Actual Startup Time": 5780.016,
                                                "Actual Total Time": 5780.219,
                                                "Actual Rows": 5149,
                                                "Actual Loops": 1,
                                                "Output": [
                                                    "mc.company_id",
                                                    "mi.info_type_id",
                                                    "pi.info_type_id"
                                                ],
                                                "Sort Key": [
                                                    "pi.info_type_id"
                                                ],
                                                "Sort Method": "quicksort",
                                                "Sort Space Used": 889,
                                                "Sort Space Type": "Memory",
                                                "Plans": [
                                                    {
                                                        "Node Type": "Nested Loop",
                                                        "Parent Relationship": "Outer",
                                                        "Parallel Aware": false,
                                                        "Join Type": "Inner",
                                                        "Startup Cost": 100001326173.21,
                                                        "Total Cost": 100001339222.17,
                                                        "Plan Rows": 1,
                                                        "Plan Width": 12,
                                                        "Actual Startup Time": 5075.979,
                                                        "Actual Total Time": 5775.89,
                                                        "Actual Rows": 10758,
                                                        "Actual Loops": 1,
                                                        "Output": [
                                                            "mc.company_id",
                                                            "mi.info_type_id",
                                                            "pi.info_type_id"
                                                        ],
                                                        "Inner Unique": false,
                                                        "Join Filter": "(t.id = mi.movie_id)",
                                                        "Rows Removed by Join Filter": 0,
                                                        "Plans": [
                                                            {
                                                                "Node Type": "Merge Join",
                                                                "Parent Relationship": "Outer",
                                                                "Parallel Aware": false,
                                                                "Join Type": "Inner",
                                                                "Startup Cost": 90001326172.44,
                                                                "Total Cost": 90001339216.8,
                                                                "Plan Rows": 1,
                                                                "Plan Width": 28,
                                                                "Actual Startup Time": 5075.893,
                                                                "Actual Total Time": 5080.414,
                                                                "Actual Rows": 10758,
                                                                "Actual Loops": 1,
                                                                "Output": [
                                                                    "ci.movie_id",
                                                                    "cc.movie_id",
                                                                    "mc.movie_id",
                                                                    "mc.company_id",
                                                                    "mk.movie_id",
                                                                    "pi.info_type_id",
                                                                    "t.id"
                                                                ],
                                                                "Inner Unique": false,
                                                                "Merge Cond": "(t.id = mc.movie_id)",
                                                                "Plans": [
                                                                    {
                                                                        "Node Type": "Sort",
                                                                        "Parent Relationship": "Outer",
                                                                        "Parallel Aware": false,
                                                                        "Startup Cost": 80001003220.14,
                                                                        "Total Cost": 80001003220.14,
                                                                        "Plan Rows": 1,
                                                                        "Plan Width": 20,
                                                                        "Actual Startup Time": 4195.685,
                                                                        "Actual Total Time": 4195.789,
                                                                        "Actual Rows": 489,
                                                                        "Actual Loops": 1,
                                                                        "Output": [
                                                                            "ci.movie_id",
                                                                            "cc.movie_id",
                                                                            "mk.movie_id",
                                                                            "pi.info_type_id",
                                                                            "t.id"
                                                                        ],
                                                                        "Sort Key": [
                                                                            "ci.movie_id"
                                                                        ],
                                                                        "Sort Method": "quicksort",
                                                                        "Sort Space Used": 63,
                                                                        "Sort Space Type": "Memory",
                                                                        "Plans": [
                                                                            {
                                                                                "Node Type": "Merge Join",
                                                                                "Parent Relationship": "Outer",
                                                                                "Parallel Aware": false,
                                                                                "Join Type": "Inner",
                                                                                "Startup Cost": 80000988402.51,
                                                                                "Total Cost": 80001003220.13,
                                                                                "Plan Rows": 1,
                                                                                "Plan Width": 20,
                                                                                "Actual Startup Time": 4195.549,
                                                                                "Actual Total Time": 4195.644,
                                                                                "Actual Rows": 489,
                                                                                "Actual Loops": 1,
                                                                                "Output": [
                                                                                    "ci.movie_id",
                                                                                    "cc.movie_id",
                                                                                    "mk.movie_id",
                                                                                    "pi.info_type_id",
                                                                                    "t.id"
                                                                                ],
                                                                                "Inner Unique": false,
                                                                                "Merge Cond": "(n.id = pi.person_id)",
                                                                                "Plans": [
                                                                                    {
                                                                                        "Node Type": "Sort",
                                                                                        "Parent Relationship": "Outer",
                                                                                        "Parallel Aware": false,
                                                                                        "Startup Cost": 70000589154.63,
                                                                                        "Total Cost": 70000589154.63,
                                                                                        "Plan Rows": 1,
                                                                                        "Plan Width": 28,
                                                                                        "Actual Startup Time": 3195.65,
                                                                                        "Actual Total Time": 3195.672,
                                                                                        "Actual Rows": 3,
                                                                                        "Actual Loops": 1,
                                                                                        "Output": [
                                                                                            "an.person_id",
                                                                                            "ci.movie_id",
                                                                                            "ci.person_id",
                                                                                            "cc.movie_id",
                                                                                            "mk.movie_id",
                                                                                            "n.id",
                                                                                            "t.id"
                                                                                        ],
                                                                                        "Sort Key": [
                                                                                            "an.person_id"
                                                                                        ],
                                                                                        "Sort Method": "quicksort",
                                                                                        "Sort Space Used": 25,
                                                                                        "Sort Space Type": "Memory",
                                                                                        "Plans": [
                                                                                            {
                                                                                                "Node Type": "Hash Join",
                                                                                                "Parent Relationship": "Outer",
                                                                                                "Parallel Aware": false,
                                                                                                "Join Type": "Inner",
                                                                                                "Startup Cost": 70000589124.74,
                                                                                                "Total Cost": 70000589154.62,
                                                                                                "Plan Rows": 1,
                                                                                                "Plan Width": 28,
                                                                                                "Actual Startup Time": 3195.537,
                                                                                                "Actual Total Time": 3195.664,
                                                                                                "Actual Rows": 3,
                                                                                                "Actual Loops": 1,
                                                                                                "Output": [
                                                                                                    "an.person_id",
                                                                                                    "ci.movie_id",
                                                                                                    "ci.person_id",
                                                                                                    "cc.movie_id",
                                                                                                    "mk.movie_id",
                                                                                                    "n.id",
                                                                                                    "t.id"
                                                                                                ],
                                                                                                "Inner Unique": false,
                                                                                                "Hash Cond": "(n.id = an.person_id)",
                                                                                                "Plans": [
                                                                                                    {
                                                                                                        "Node Type": "Nested Loop",
                                                                                                        "Parent Relationship": "Outer",
                                                                                                        "Parallel Aware": false,
                                                                                                        "Join Type": "Inner",
                                                                                                        "Startup Cost": 60000557448.52,
                                                                                                        "Total Cost": 60000557478.2,
                                                                                                        "Plan Rows": 1,
                                                                                                        "Plan Width": 24,
                                                                                                        "Actual Startup Time": 2978.663,
                                                                                                        "Actual Total Time": 2978.786,
                                                                                                        "Actual Rows": 1,
                                                                                                        "Actual Loops": 1,
                                                                                                        "Output": [
                                                                                                            "cc.movie_id",
                                                                                                            "ci.movie_id",
                                                                                                            "ci.person_id",
                                                                                                            "mk.movie_id",
                                                                                                            "n.id",
                                                                                                            "t.id"
                                                                                                        ],
                                                                                                        "Inner Unique": true,
                                                                                                        "Plans": [
                                                                                                            {
                                                                                                                "Node Type": "Hash Join",
                                                                                                                "Parent Relationship": "Outer",
                                                                                                                "Parallel Aware": false,
                                                                                                                "Join Type": "Inner",
                                                                                                                "Startup Cost": 50000557448.09,
                                                                                                                "Total Cost": 50000557469.74,
                                                                                                                "Plan Rows": 1,
                                                                                                                "Plan Width": 28,
                                                                                                                "Actual Startup Time": 2978.051,
                                                                                                                "Actual Total Time": 2978.095,
                                                                                                                "Actual Rows": 108,
                                                                                                                "Actual Loops": 1,
                                                                                                                "Output": [
                                                                                                                    "cc.movie_id",
                                                                                                                    "ci.movie_id",
                                                                                                                    "ci.person_id",
                                                                                                                    "mk.movie_id",
                                                                                                                    "mk.keyword_id",
                                                                                                                    "n.id",
                                                                                                                    "t.id"
                                                                                                                ],
                                                                                                                "Inner Unique": false,
                                                                                                                "Hash Cond": "(t.id = mk.movie_id)",
                                                                                                                "Plans": [
                                                                                                                    {
                                                                                                                        "Node Type": "Nested Loop",
                                                                                                                        "Parent Relationship": "Outer",
                                                                                                                        "Parallel Aware": false,
                                                                                                                        "Join Type": "Inner",
                                                                                                                        "Startup Cost": 50000323721.51,
                                                                                                                        "Total Cost": 50000323741.63,
                                                                                                                        "Plan Rows": 1,
                                                                                                                        "Plan Width": 20,
                                                                                                                        "Actual Startup Time": 1748.604,
                                                                                                                        "Actual Total Time": 1748.623,
                                                                                                                        "Actual Rows": 1,
                                                                                                                        "Actual Loops": 1,
                                                                                                                        "Output": [
                                                                                                                            "cc.movie_id",
                                                                                                                            "ci.movie_id",
                                                                                                                            "ci.person_id",
                                                                                                                            "n.id",
                                                                                                                            "t.id"
                                                                                                                        ],
                                                                                                                        "Inner Unique": true,
                                                                                                                        "Plans": [
                                                                                                                            {
                                                                                                                                "Node Type": "Merge Join",
                                                                                                                                "Parent Relationship": "Outer",
                                                                                                                                "Parallel Aware": false,
                                                                                                                                "Join Type": "Inner",
                                                                                                                                "Startup Cost": 40000323721.37,
                                                                                                                                "Total Cost": 40000323733.46,
                                                                                                                                "Plan Rows": 1,
                                                                                                                                "Plan Width": 24,
                                                                                                                                "Actual Startup Time": 1748.577,
                                                                                                                                "Actual Total Time": 1748.594,
                                                                                                                                "Actual Rows": 1,
                                                                                                                                "Actual Loops": 1,
                                                                                                                                "Output": [
                                                                                                                                    "cc.movie_id",
                                                                                                                                    "ci.movie_id",
                                                                                                                                    "ci.person_id",
                                                                                                                                    "ci.role_id",
                                                                                                                                    "n.id",
                                                                                                                                    "t.id"
                                                                                                                                ],
                                                                                                                                "Inner Unique": false,
                                                                                                                                "Merge Cond": "(cct2.id = cc.status_id)",
                                                                                                                                "Plans": [
                                                                                                                                    {
                                                                                                                                        "Node Type": "Index Scan",
                                                                                                                                        "Parent Relationship": "Outer",
                                                                                                                                        "Parallel Aware": false,
                                                                                                                                        "Scan Direction": "Forward",
                                                                                                                                        "Index Name": "comp_cast_type_pkey",
                                                                                                                                        "Relation Name": "comp_cast_type",
                                                                                                                                        "Schema": "public",
                                                                                                                                        "Alias": "cct2",
                                                                                                                                        "Startup Cost": 0.13,
                                                                                                                                        "Total Cost": 12.2,
                                                                                                                                        "Plan Rows": 1,
                                                                                                                                        "Plan Width": 4,
                                                                                                                                        "Actual Startup Time": 0.016,
                                                                                                                                        "Actual Total Time": 0.018,
                                                                                                                                        "Actual Rows": 1,
                                                                                                                                        "Actual Loops": 1,
                                                                                                                                        "Output": [
                                                                                                                                            "cct2.id",
                                                                                                                                            "cct2.kind"
                                                                                                                                        ],
                                                                                                                                        "Filter": "((cct2.kind)::text = 'complete+verified'::text)",
                                                                                                                                        "Rows Removed by Filter": 3
                                                                                                                                    },
                                                                                                                                    {
                                                                                                                                        "Node Type": "Sort",
                                                                                                                                        "Parent Relationship": "Inner",
                                                                                                                                        "Parallel Aware": false,
                                                                                                                                        "Startup Cost": 40000323721.24,
                                                                                                                                        "Total Cost": 40000323721.24,
                                                                                                                                        "Plan Rows": 1,
                                                                                                                                        "Plan Width": 28,
                                                                                                                                        "Actual Startup Time": 1748.553,
                                                                                                                                        "Actual Total Time": 1748.565,
                                                                                                                                        "Actual Rows": 1,
                                                                                                                                        "Actual Loops": 1,
                                                                                                                                        "Output": [
                                                                                                                                            "cc.movie_id",
                                                                                                                                            "cc.status_id",
                                                                                                                                            "ci.movie_id",
                                                                                                                                            "ci.person_id",
                                                                                                                                            "ci.role_id",
                                                                                                                                            "n.id",
                                                                                                                                            "t.id"
                                                                                                                                        ],
                                                                                                                                        "Sort Key": [
                                                                                                                                            "cc.status_id"
                                                                                                                                        ],
                                                                                                                                        "Sort Method": "quicksort",
                                                                                                                                        "Sort Space Used": 25,
                                                                                                                                        "Sort Space Type": "Memory",
                                                                                                                                        "Plans": [
                                                                                                                                            {
                                                                                                                                                "Node Type": "Hash Join",
                                                                                                                                                "Parent Relationship": "Outer",
                                                                                                                                                "Parallel Aware": false,
                                                                                                                                                "Join Type": "Inner",
                                                                                                                                                "Startup Cost": 40000248020.38,
                                                                                                                                                "Total Cost": 40000323721.23,
                                                                                                                                                "Plan Rows": 1,
                                                                                                                                                "Plan Width": 28,
                                                                                                                                                "Actual Startup Time": 1536.659,
                                                                                                                                                "Actual Total Time": 1748.542,
                                                                                                                                                "Actual Rows": 1,
                                                                                                                                                "Actual Loops": 1,
                                                                                                                                                "Output": [
                                                                                                                                                    "cc.movie_id",
                                                                                                                                                    "cc.status_id",
                                                                                                                                                    "ci.movie_id",
                                                                                                                                                    "ci.person_id",
                                                                                                                                                    "ci.role_id",
                                                                                                                                                    "n.id",
                                                                                                                                                    "t.id"
                                                                                                                                                ],
                                                                                                                                                "Inner Unique": false,
                                                                                                                                                "Hash Cond": "(chn.id = ci.person_role_id)",
                                                                                                                                                "Plans": [
                                                                                                                                                    {
                                                                                                                                                        "Node Type": "Seq Scan",
                                                                                                                                                        "Parent Relationship": "Outer",
                                                                                                                                                        "Parallel Aware": false,
                                                                                                                                                        "Relation Name": "char_name",
                                                                                                                                                        "Schema": "public",
                                                                                                                                                        "Alias": "chn",
                                                                                                                                                        "Startup Cost": 10000000000.0,
                                                                                                                                                        "Total Cost": 10000075700.84,
                                                                                                                                                        "Plan Rows": 1,
                                                                                                                                                        "Plan Width": 4,
                                                                                                                                                        "Actual Startup Time": 12.676,
                                                                                                                                                        "Actual Total Time": 224.546,
                                                                                                                                                        "Actual Rows": 1,
                                                                                                                                                        "Actual Loops": 1,
                                                                                                                                                        "Output": [
                                                                                                                                                            "chn.id",
                                                                                                                                                            "chn.name",
                                                                                                                                                            "chn.imdb_index",
                                                                                                                                                            "chn.imdb_id",
                                                                                                                                                            "chn.name_pcode_nf",
                                                                                                                                                            "chn.surname_pcode",
                                                                                                                                                            "chn.md5sum"
                                                                                                                                                        ],
                                                                                                                                                        "Filter": "(chn.name = 'Queen'::text)",
                                                                                                                                                        "Rows Removed by Filter": 3140338
                                                                                                                                                    },
                                                                                                                                                    {
                                                                                                                                                        "Node Type": "Hash",
                                                                                                                                                        "Parent Relationship": "Inner",
                                                                                                                                                        "Parallel Aware": false,
                                                                                                                                                        "Startup Cost": 30000248020.36,
                                                                                                                                                        "Total Cost": 30000248020.36,
                                                                                                                                                        "Plan Rows": 1,
                                                                                                                                                        "Plan Width": 32,
                                                                                                                                                        "Actual Startup Time": 1523.968,
                                                                                                                                                        "Actual Total Time": 1523.978,
                                                                                                                                                        "Actual Rows": 1,
                                                                                                                                                        "Actual Loops": 1,
                                                                                                                                                        "Output": [
                                                                                                                                                            "cc.movie_id",
                                                                                                                                                            "cc.status_id",
                                                                                                                                                            "ci.movie_id",
                                                                                                                                                            "ci.person_id",
                                                                                                                                                            "ci.role_id",
                                                                                                                                                            "ci.person_role_id",
                                                                                                                                                            "n.id",
                                                                                                                                                            "t.id"
                                                                                                                                                        ],
                                                                                                                                                        "Hash Buckets": 1024,
                                                                                                                                                        "Original Hash Buckets": 1024,
                                                                                                                                                        "Hash Batches": 1,
                                                                                                                                                        "Original Hash Batches": 1,
                                                                                                                                                        "Peak Memory Usage": 9,
                                                                                                                                                        "Plans": [
                                                                                                                                                            {
                                                                                                                                                                "Node Type": "Hash Join",
                                                                                                                                                                "Parent Relationship": "Outer",
                                                                                                                                                                "Parallel Aware": false,
                                                                                                                                                                "Join Type": "Inner",
                                                                                                                                                                "Startup Cost": 30000118604.4,
                                                                                                                                                                "Total Cost": 30000248020.36,
                                                                                                                                                                "Plan Rows": 1,
                                                                                                                                                                "Plan Width": 32,
                                                                                                                                                                "Actual Startup Time": 1427.403,
                                                                                                                                                                "Actual Total Time": 1523.972,
                                                                                                                                                                "Actual Rows": 1,
                                                                                                                                                                "Actual Loops": 1,
                                                                                                                                                                "Output": [
                                                                                                                                                                    "cc.movie_id",
                                                                                                                                                                    "cc.status_id",
                                                                                                                                                                    "ci.movie_id",
                                                                                                                                                                    "ci.person_id",
                                                                                                                                                                    "ci.role_id",
                                                                                                                                                                    "ci.person_role_id",
                                                                                                                                                                    "n.id",
                                                                                                                                                                    "t.id"
                                                                                                                                                                ],
                                                                                                                                                                "Inner Unique": false,
                                                                                                                                                                "Hash Cond": "(ci.person_id = n.id)",
                                                                                                                                                                "Plans": [
                                                                                                                                                                    {
                                                                                                                                                                        "Node Type": "Nested Loop",
                                                                                                                                                                        "Parent Relationship": "Outer",
                                                                                                                                                                        "Parallel Aware": false,
                                                                                                                                                                        "Join Type": "Inner",
                                                                                                                                                                        "Startup Cost": 20000000005.57,
                                                                                                                                                                        "Total Cost": 20000129421.51,
                                                                                                                                                                        "Plan Rows": 1,
                                                                                                                                                                        "Plan Width": 28,
                                                                                                                                                                        "Actual Startup Time": 945.97,
                                                                                                                                                                        "Actual Total Time": 1042.583,
                                                                                                                                                                        "Actual Rows": 38,
                                                                                                                                                                        "Actual Loops": 1,
                                                                                                                                                                        "Output": [
                                                                                                                                                                            "cc.movie_id",
                                                                                                                                                                            "cc.status_id",
                                                                                                                                                                            "ci.movie_id",
                                                                                                                                                                            "ci.person_id",
                                                                                                                                                                            "ci.role_id",
                                                                                                                                                                            "ci.person_role_id",
                                                                                                                                                                            "t.id"
                                                                                                                                                                        ],
                                                                                                                                                                        "Inner Unique": false,
                                                                                                                                                                        "Join Filter": "(t.id = ci.movie_id)",
                                                                                                                                                                        "Rows Removed by Join Filter": 0,
                                                                                                                                                                        "Plans": [
                                                                                                                                                                            {
                                                                                                                                                                                "Node Type": "Nested Loop",
                                                                                                                                                                                "Parent Relationship": "Outer",
                                                                                                                                                                                "Parallel Aware": false,
                                                                                                                                                                                "Join Type": "Inner",
                                                                                                                                                                                "Startup Cost": 20000000005.0,
                                                                                                                                                                                "Total Cost": 20000129410.01,
                                                                                                                                                                                "Plan Rows": 1,
                                                                                                                                                                                "Plan Width": 12,
                                                                                                                                                                                "Actual Startup Time": 945.94,
                                                                                                                                                                                "Actual Total Time": 1042.122,
                                                                                                                                                                                "Actual Rows": 1,
                                                                                                                                                                                "Actual Loops": 1,
                                                                                                                                                                                "Output": [
                                                                                                                                                                                    "cc.movie_id",
                                                                                                                                                                                    "cc.status_id",
                                                                                                                                                                                    "t.id"
                                                                                                                                                                                ],
                                                                                                                                                                                "Inner Unique": true,
                                                                                                                                                                                "Plans": [
                                                                                                                                                                                    {
                                                                                                                                                                                        "Node Type": "Nested Loop",
                                                                                                                                                                                        "Parent Relationship": "Outer",
                                                                                                                                                                                        "Parallel Aware": false,
                                                                                                                                                                                        "Join Type": "Inner",
                                                                                                                                                                                        "Startup Cost": 10000000004.87,
                                                                                                                                                                                        "Total Cost": 10000129401.85,
                                                                                                                                                                                        "Plan Rows": 1,
                                                                                                                                                                                        "Plan Width": 16,
                                                                                                                                                                                        "Actual Startup Time": 945.926,
                                                                                                                                                                                        "Actual Total Time": 1042.106,
                                                                                                                                                                                        "Actual Rows": 1,
                                                                                                                                                                                        "Actual Loops": 1,
                                                                                                                                                                                        "Output": [
                                                                                                                                                                                            "cc.movie_id",
                                                                                                                                                                                            "cc.subject_id",
                                                                                                                                                                                            "cc.status_id",
                                                                                                                                                                                            "t.id"
                                                                                                                                                                                        ],
                                                                                                                                                                                        "Inner Unique": false,
                                                                                                                                                                                        "Plans": [
                                                                                                                                                                                            {
                                                                                                                                                                                                "Node Type": "Index Scan",
                                                                                                                                                                                                "Parent Relationship": "Outer",
                                                                                                                                                                                                "Parallel Aware": false,
                                                                                                                                                                                                "Scan Direction": "Forward",
                                                                                                                                                                                                "Index Name": "title_pkey",
                                                                                                                                                                                                "Relation Name": "title",
                                                                                                                                                                                                "Schema": "public",
                                                                                                                                                                                                "Alias": "t",
                                                                                                                                                                                                "Startup Cost": 0.43,
                                                                                                                                                                                                "Total Cost": 129304.51,
                                                                                                                                                                                                "Plan Rows": 8,
                                                                                                                                                                                                "Plan Width": 4,
                                                                                                                                                                                                "Actual Startup Time": 9.132,
                                                                                                                                                                                                "Actual Total Time": 1042.038,
                                                                                                                                                                                                "Actual Rows": 3,
                                                                                                                                                                                                "Actual Loops": 1,
                                                                                                                                                                                                "Output": [
                                                                                                                                                                                                    "t.id",
                                                                                                                                                                                                    "t.title",
                                                                                                                                                                                                    "t.imdb_index",
                                                                                                                                                                                                    "t.kind_id",
                                                                                                                                                                                                    "t.production_year",
                                                                                                                                                                                                    "t.imdb_id",
                                                                                                                                                                                                    "t.phonetic_code",
                                                                                                                                                                                                    "t.episode_of_id",
                                                                                                                                                                                                    "t.season_nr",
                                                                                                                                                                                                    "t.episode_nr",
                                                                                                                                                                                                    "t.series_years",
                                                                                                                                                                                                    "t.md5sum"
                                                                                                                                                                                                ],
                                                                                                                                                                                                "Filter": "((t.production_year >= 2003) AND (t.production_year <= 2013) AND (t.title = 'Shrek 2'::text))",
                                                                                                                                                                                                "Rows Removed by Filter": 2528309
                                                                                                                                                                                            },
                                                                                                                                                                                            {
                                                                                                                                                                                                "Node Type": "Bitmap Heap Scan",
                                                                                                                                                                                                "Parent Relationship": "Inner",
                                                                                                                                                                                                "Parallel Aware": false,
                                                                                                                                                                                                "Relation Name": "complete_cast",
                                                                                                                                                                                                "Schema": "public",
                                                                                                                                                                                                "Alias": "cc",
                                                                                                                                                                                                "Startup Cost": 4.44,
                                                                                                                                                                                                "Total Cost": 12.15,
                                                                                                                                                                                                "Plan Rows": 2,
                                                                                                                                                                                                "Plan Width": 12,
                                                                                                                                                                                                "Actual Startup Time": 0.011,
                                                                                                                                                                                                "Actual Total Time": 0.012,
                                                                                                                                                                                                "Actual Rows": 0,
                                                                                                                                                                                                "Actual Loops": 3,
                                                                                                                                                                                                "Output": [
                                                                                                                                                                                                    "cc.id",
                                                                                                                                                                                                    "cc.movie_id",
                                                                                                                                                                                                    "cc.subject_id",
                                                                                                                                                                                                    "cc.status_id"
                                                                                                                                                                                                ],
                                                                                                                                                                                                "Recheck Cond": "(cc.movie_id = t.id)",
                                                                                                                                                                                                "Rows Removed by Index Recheck": 0,
                                                                                                                                                                                                "Exact Heap Blocks": 1,
                                                                                                                                                                                                "Lossy Heap Blocks": 0,
                                                                                                                                                                                                "Plans": [
                                                                                                                                                                                                    {
                                                                                                                                                                                                        "Node Type": "Bitmap Index Scan",
                                                                                                                                                                                                        "Parent Relationship": "Outer",
                                                                                                                                                                                                        "Parallel Aware": false,
                                                                                                                                                                                                        "Index Name": "movie_id_complete_cast",
                                                                                                                                                                                                        "Startup Cost": 0.0,
                                                                                                                                                                                                        "Total Cost": 4.43,
                                                                                                                                                                                                        "Plan Rows": 2,
                                                                                                                                                                                                        "Plan Width": 0,
                                                                                                                                                                                                        "Actual Startup Time": 0.008,
                                                                                                                                                                                                        "Actual Total Time": 0.009,
                                                                                                                                                                                                        "Actual Rows": 0,
                                                                                                                                                                                                        "Actual Loops": 3,
                                                                                                                                                                                                        "Index Cond": "(cc.movie_id = t.id)"
                                                                                                                                                                                                    }
                                                                                                                                                                                                ]
                                                                                                                                                                                            }
                                                                                                                                                                                        ]
                                                                                                                                                                                    },
                                                                                                                                                                                    {
                                                                                                                                                                                        "Node Type": "Bitmap Heap Scan",
                                                                                                                                                                                        "Parent Relationship": "Inner",
                                                                                                                                                                                        "Parallel Aware": false,
                                                                                                                                                                                        "Relation Name": "comp_cast_type",
                                                                                                                                                                                        "Schema": "public",
                                                                                                                                                                                        "Alias": "cct1",
                                                                                                                                                                                        "Startup Cost": 0.14,
                                                                                                                                                                                        "Total Cost": 4.15,
                                                                                                                                                                                        "Plan Rows": 1,
                                                                                                                                                                                        "Plan Width": 4,
                                                                                                                                                                                        "Actual Startup Time": 0.009,
                                                                                                                                                                                        "Actual Total Time": 0.01,
                                                                                                                                                                                        "Actual Rows": 1,
                                                                                                                                                                                        "Actual Loops": 1,
                                                                                                                                                                                        "Output": [
                                                                                                                                                                                            "cct1.id",
                                                                                                                                                                                            "cct1.kind"
                                                                                                                                                                                        ],
                                                                                                                                                                                        "Recheck Cond": "(cct1.id = cc.subject_id)",
                                                                                                                                                                                        "Rows Removed by Index Recheck": 0,
                                                                                                                                                                                        "Filter": "((cct1.kind)::text = 'cast'::text)",
                                                                                                                                                                                        "Rows Removed by Filter": 0,
                                                                                                                                                                                        "Exact Heap Blocks": 1,
                                                                                                                                                                                        "Lossy Heap Blocks": 0,
                                                                                                                                                                                        "Plans": [
                                                                                                                                                                                            {
                                                                                                                                                                                                "Node Type": "Bitmap Index Scan",
                                                                                                                                                                                                "Parent Relationship": "Outer",
                                                                                                                                                                                                "Parallel Aware": false,
                                                                                                                                                                                                "Index Name": "comp_cast_type_pkey",
                                                                                                                                                                                                "Startup Cost": 0.0,
                                                                                                                                                                                                "Total Cost": 0.14,
                                                                                                                                                                                                "Plan Rows": 1,
                                                                                                                                                                                                "Plan Width": 0,
                                                                                                                                                                                                "Actual Startup Time": 0.003,
                                                                                                                                                                                                "Actual Total Time": 0.004,
                                                                                                                                                                                                "Actual Rows": 1,
                                                                                                                                                                                                "Actual Loops": 1,
                                                                                                                                                                                                "Index Cond": "(cct1.id = cc.subject_id)"
                                                                                                                                                                                            }
                                                                                                                                                                                        ]
                                                                                                                                                                                    }
                                                                                                                                                                                ]
                                                                                                                                                                            },
                                                                                                                                                                            {
                                                                                                                                                                                "Node Type": "Index Scan",
                                                                                                                                                                                "Parent Relationship": "Inner",
                                                                                                                                                                                "Parallel Aware": false,
                                                                                                                                                                                "Scan Direction": "Forward",
                                                                                                                                                                                "Index Name": "movie_id_cast_info",
                                                                                                                                                                                "Relation Name": "cast_info",
                                                                                                                                                                                "Schema": "public",
                                                                                                                                                                                "Alias": "ci",
                                                                                                                                                                                "Startup Cost": 0.56,
                                                                                                                                                                                "Total Cost": 11.49,
                                                                                                                                                                                "Plan Rows": 1,
                                                                                                                                                                                "Plan Width": 16,
                                                                                                                                                                                "Actual Startup Time": 0.027,
                                                                                                                                                                                "Actual Total Time": 0.451,
                                                                                                                                                                                "Actual Rows": 38,
                                                                                                                                                                                "Actual Loops": 1,
                                                                                                                                                                                "Output": [
                                                                                                                                                                                    "ci.id",
                                                                                                                                                                                    "ci.person_id",
                                                                                                                                                                                    "ci.movie_id",
                                                                                                                                                                                    "ci.person_role_id",
                                                                                                                                                                                    "ci.note",
                                                                                                                                                                                    "ci.nr_order",
                                                                                                                                                                                    "ci.role_id"
                                                                                                                                                                                ],
                                                                                                                                                                                "Index Cond": "(ci.movie_id = cc.movie_id)",
                                                                                                                                                                                "Rows Removed by Index Recheck": 0,
                                                                                                                                                                                "Filter": "(ci.note = ANY ('{(voice),\"(voice) (uncredited)\",\"(voice: English version)\"}'::text[]))",
                                                                                                                                                                                "Rows Removed by Filter": 191
                                                                                                                                                                            }
                                                                                                                                                                        ]
                                                                                                                                                                    },
                                                                                                                                                                    {
                                                                                                                                                                        "Node Type": "Hash",
                                                                                                                                                                        "Parent Relationship": "Inner",
                                                                                                                                                                        "Parallel Aware": false,
                                                                                                                                                                        "Startup Cost": 10000118126.24,
                                                                                                                                                                        "Total Cost": 10000118126.24,
                                                                                                                                                                        "Plan Rows": 37808,
                                                                                                                                                                        "Plan Width": 4,
                                                                                                                                                                        "Actual Startup Time": 481.298,
                                                                                                                                                                        "Actual Total Time": 481.298,
                                                                                                                                                                        "Actual Rows": 50011,
                                                                                                                                                                        "Actual Loops": 1,
                                                                                                                                                                        "Output": [
                                                                                                                                                                            "n.id"
                                                                                                                                                                        ],
                                                                                                                                                                        "Hash Buckets": 65536,
                                                                                                                                                                        "Original Hash Buckets": 65536,
                                                                                                                                                                        "Hash Batches": 1,
                                                                                                                                                                        "Original Hash Batches": 1,
                                                                                                                                                                        "Peak Memory Usage": 2271,
                                                                                                                                                                        "Plans": [
                                                                                                                                                                            {
                                                                                                                                                                                "Node Type": "Seq Scan",
                                                                                                                                                                                "Parent Relationship": "Outer",
                                                                                                                                                                                "Parallel Aware": false,
                                                                                                                                                                                "Relation Name": "name",
                                                                                                                                                                                "Schema": "public",
                                                                                                                                                                                "Alias": "n",
                                                                                                                                                                                "Startup Cost": 10000000000.0,
                                                                                                                                                                                "Total Cost": 10000118126.24,
                                                                                                                                                                                "Plan Rows": 37808,
                                                                                                                                                                                "Plan Width": 4,
                                                                                                                                                                                "Actual Startup Time": 197.161,
                                                                                                                                                                                "Actual Total Time": 473.393,
                                                                                                                                                                                "Actual Rows": 50011,
                                                                                                                                                                                "Actual Loops": 1,
                                                                                                                                                                                "Output": [
                                                                                                                                                                                    "n.id"
                                                                                                                                                                                ],
                                                                                                                                                                                "Filter": "((n.name ~~ '%An%'::text) AND ((n.gender)::text = 'f'::text))",
                                                                                                                                                                                "Rows Removed by Filter": 4117480
                                                                                                                                                                            }
                                                                                                                                                                        ]
                                                                                                                                                                    }
                                                                                                                                                                ]
                                                                                                                                                            }
                                                                                                                                                        ]
                                                                                                                                                    }
                                                                                                                                                ]
                                                                                                                                            }
                                                                                                                                        ]
                                                                                                                                    }
                                                                                                                                ]
                                                                                                                            },
                                                                                                                            {
                                                                                                                                "Node Type": "Bitmap Heap Scan",
                                                                                                                                "Parent Relationship": "Inner",
                                                                                                                                "Parallel Aware": false,
                                                                                                                                "Relation Name": "role_type",
                                                                                                                                "Schema": "public",
                                                                                                                                "Alias": "rt",
                                                                                                                                "Startup Cost": 0.14,
                                                                                                                                "Total Cost": 4.16,
                                                                                                                                "Plan Rows": 1,
                                                                                                                                "Plan Width": 4,
                                                                                                                                "Actual Startup Time": 0.012,
                                                                                                                                "Actual Total Time": 0.013,
                                                                                                                                "Actual Rows": 1,
                                                                                                                                "Actual Loops": 1,
                                                                                                                                "Output": [
                                                                                                                                    "rt.id",
                                                                                                                                    "rt.role"
                                                                                                                                ],
                                                                                                                                "Recheck Cond": "(rt.id = ci.role_id)",
                                                                                                                                "Rows Removed by Index Recheck": 0,
                                                                                                                                "Filter": "((rt.role)::text = 'actress'::text)",
                                                                                                                                "Rows Removed by Filter": 0,
                                                                                                                                "Exact Heap Blocks": 1,
                                                                                                                                "Lossy Heap Blocks": 0,
                                                                                                                                "Plans": [
                                                                                                                                    {
                                                                                                                                        "Node Type": "Bitmap Index Scan",
                                                                                                                                        "Parent Relationship": "Outer",
                                                                                                                                        "Parallel Aware": false,
                                                                                                                                        "Index Name": "role_type_pkey",
                                                                                                                                        "Startup Cost": 0.0,
                                                                                                                                        "Total Cost": 0.14,
                                                                                                                                        "Plan Rows": 1,
                                                                                                                                        "Plan Width": 0,
                                                                                                                                        "Actual Startup Time": 0.007,
                                                                                                                                        "Actual Total Time": 0.007,
                                                                                                                                        "Actual Rows": 1,
                                                                                                                                        "Actual Loops": 1,
                                                                                                                                        "Index Cond": "(rt.id = ci.role_id)"
                                                                                                                                    }
                                                                                                                                ]
                                                                                                                            }
                                                                                                                        ]
                                                                                                                    },
                                                                                                                    {
                                                                                                                        "Node Type": "Hash",
                                                                                                                        "Parent Relationship": "Inner",
                                                                                                                        "Parallel Aware": false,
                                                                                                                        "Startup Cost": 177177.46,
                                                                                                                        "Total Cost": 177177.46,
                                                                                                                        "Plan Rows": 4523930,
                                                                                                                        "Plan Width": 8,
                                                                                                                        "Actual Startup Time": 1221.361,
                                                                                                                        "Actual Total Time": 1221.362,
                                                                                                                        "Actual Rows": 4523930,
                                                                                                                        "Actual Loops": 1,
                                                                                                                        "Output": [
                                                                                                                            "mk.movie_id",
                                                                                                                            "mk.keyword_id"
                                                                                                                        ],
                                                                                                                        "Hash Buckets": 8388608,
                                                                                                                        "Original Hash Buckets": 8388608,
                                                                                                                        "Hash Batches": 1,
                                                                                                                        "Original Hash Batches": 1,
                                                                                                                        "Peak Memory Usage": 242253,
                                                                                                                        "Plans": [
                                                                                                                            {
                                                                                                                                "Node Type": "Index Scan",
                                                                                                                                "Parent Relationship": "Outer",
                                                                                                                                "Parallel Aware": false,
                                                                                                                                "Scan Direction": "Forward",
                                                                                                                                "Index Name": "movie_id_movie_keyword",
                                                                                                                                "Relation Name": "movie_keyword",
                                                                                                                                "Schema": "public",
                                                                                                                                "Alias": "mk",
                                                                                                                                "Startup Cost": 0.43,
                                                                                                                                "Total Cost": 177177.46,
                                                                                                                                "Plan Rows": 4523930,
                                                                                                                                "Plan Width": 8,
                                                                                                                                "Actual Startup Time": 0.026,
                                                                                                                                "Actual Total Time": 687.451,
                                                                                                                                "Actual Rows": 4523930,
                                                                                                                                "Actual Loops": 1,
                                                                                                                                "Output": [
                                                                                                                                    "mk.movie_id",
                                                                                                                                    "mk.keyword_id"
                                                                                                                                ]
                                                                                                                            }
                                                                                                                        ]
                                                                                                                    }
                                                                                                                ]
                                                                                                            },
                                                                                                            {
                                                                                                                "Node Type": "Bitmap Heap Scan",
                                                                                                                "Parent Relationship": "Inner",
                                                                                                                "Parallel Aware": false,
                                                                                                                "Relation Name": "keyword",
                                                                                                                "Schema": "public",
                                                                                                                "Alias": "k",
                                                                                                                "Startup Cost": 0.43,
                                                                                                                "Total Cost": 4.44,
                                                                                                                "Plan Rows": 1,
                                                                                                                "Plan Width": 4,
                                                                                                                "Actual Startup Time": 0.005,
                                                                                                                "Actual Total Time": 0.005,
                                                                                                                "Actual Rows": 0,
                                                                                                                "Actual Loops": 108,
                                                                                                                "Output": [
                                                                                                                    "k.id",
                                                                                                                    "k.keyword",
                                                                                                                    "k.phonetic_code"
                                                                                                                ],
                                                                                                                "Recheck Cond": "(k.id = mk.keyword_id)",
                                                                                                                "Rows Removed by Index Recheck": 0,
                                                                                                                "Filter": "(k.keyword = 'computer-animation'::text)",
                                                                                                                "Rows Removed by Filter": 1,
                                                                                                                "Exact Heap Blocks": 108,
                                                                                                                "Lossy Heap Blocks": 0,
                                                                                                                "Plans": [
                                                                                                                    {
                                                                                                                        "Node Type": "Bitmap Index Scan",
                                                                                                                        "Parent Relationship": "Outer",
                                                                                                                        "Parallel Aware": false,
                                                                                                                        "Index Name": "keyword_pkey",
                                                                                                                        "Startup Cost": 0.0,
                                                                                                                        "Total Cost": 0.43,
                                                                                                                        "Plan Rows": 1,
                                                                                                                        "Plan Width": 0,
                                                                                                                        "Actual Startup Time": 0.003,
                                                                                                                        "Actual Total Time": 0.003,
                                                                                                                        "Actual Rows": 1,
                                                                                                                        "Actual Loops": 108,
                                                                                                                        "Index Cond": "(k.id = mk.keyword_id)"
                                                                                                                    }
                                                                                                                ]
                                                                                                            }
                                                                                                        ]
                                                                                                    },
                                                                                                    {
                                                                                                        "Node Type": "Hash",
                                                                                                        "Parent Relationship": "Inner",
                                                                                                        "Parallel Aware": false,
                                                                                                        "Startup Cost": 10000020409.43,
                                                                                                        "Total Cost": 10000020409.43,
                                                                                                        "Plan Rows": 901343,
                                                                                                        "Plan Width": 4,
                                                                                                        "Actual Startup Time": 215.827,
                                                                                                        "Actual Total Time": 215.827,
                                                                                                        "Actual Rows": 901343,
                                                                                                        "Actual Loops": 1,
                                                                                                        "Output": [
                                                                                                            "an.person_id"
                                                                                                        ],
                                                                                                        "Hash Buckets": 1048576,
                                                                                                        "Original Hash Buckets": 1048576,
                                                                                                        "Hash Batches": 1,
                                                                                                        "Original Hash Batches": 1,
                                                                                                        "Peak Memory Usage": 39880,
                                                                                                        "Plans": [
                                                                                                            {
                                                                                                                "Node Type": "Seq Scan",
                                                                                                                "Parent Relationship": "Outer",
                                                                                                                "Parallel Aware": false,
                                                                                                                "Relation Name": "aka_name",
                                                                                                                "Schema": "public",
                                                                                                                "Alias": "an",
                                                                                                                "Startup Cost": 10000000000.0,
                                                                                                                "Total Cost": 10000020409.43,
                                                                                                                "Plan Rows": 901343,
                                                                                                                "Plan Width": 4,
                                                                                                                "Actual Startup Time": 0.012,
                                                                                                                "Actual Total Time": 94.22,
                                                                                                                "Actual Rows": 901343,
                                                                                                                "Actual Loops": 1,
                                                                                                                "Output": [
                                                                                                                    "an.person_id"
                                                                                                                ]
                                                                                                            }
                                                                                                        ]
                                                                                                    }
                                                                                                ]
                                                                                            }
                                                                                        ]
                                                                                    },
                                                                                    {
                                                                                        "Node Type": "Sort",
                                                                                        "Parent Relationship": "Inner",
                                                                                        "Parallel Aware": false,
                                                                                        "Startup Cost": 10000399247.88,
                                                                                        "Total Cost": 10000406656.68,
                                                                                        "Plan Rows": 2963519,
                                                                                        "Plan Width": 8,
                                                                                        "Actual Startup Time": 856.435,
                                                                                        "Actual Total Time": 920.42,
                                                                                        "Actual Rows": 1640901,
                                                                                        "Actual Loops": 1,
                                                                                        "Output": [
                                                                                            "pi.person_id",
                                                                                            "pi.info_type_id"
                                                                                        ],
                                                                                        "Sort Key": [
                                                                                            "pi.person_id"
                                                                                        ],
                                                                                        "Sort Method": "quicksort",
                                                                                        "Sort Space Used": 237226,
                                                                                        "Sort Space Type": "Memory",
                                                                                        "Plans": [
                                                                                            {
                                                                                                "Node Type": "Seq Scan",
                                                                                                "Parent Relationship": "Outer",
                                                                                                "Parallel Aware": false,
                                                                                                "Relation Name": "person_info",
                                                                                                "Schema": "public",
                                                                                                "Alias": "pi",
                                                                                                "Startup Cost": 10000000000.0,
                                                                                                "Total Cost": 10000080686.19,
                                                                                                "Plan Rows": 2963519,
                                                                                                "Plan Width": 8,
                                                                                                "Actual Startup Time": 0.018,
                                                                                                "Actual Total Time": 336.977,
                                                                                                "Actual Rows": 2963664,
                                                                                                "Actual Loops": 1,
                                                                                                "Output": [
                                                                                                    "pi.person_id",
                                                                                                    "pi.info_type_id"
                                                                                                ]
                                                                                            }
                                                                                        ]
                                                                                    }
                                                                                ]
                                                                            }
                                                                        ]
                                                                    },
                                                                    {
                                                                        "Node Type": "Sort",
                                                                        "Parent Relationship": "Inner",
                                                                        "Parallel Aware": false,
                                                                        "Startup Cost": 10000322951.0,
                                                                        "Total Cost": 10000329473.82,
                                                                        "Plan Rows": 2609129,
                                                                        "Plan Width": 8,
                                                                        "Actual Startup Time": 705.268,
                                                                        "Actual Total Time": 779.079,
                                                                        "Actual Rows": 2133378,
                                                                        "Actual Loops": 1,
                                                                        "Output": [
                                                                            "mc.movie_id",
                                                                            "mc.company_id"
                                                                        ],
                                                                        "Sort Key": [
                                                                            "mc.movie_id"
                                                                        ],
                                                                        "Sort Method": "quicksort",
                                                                        "Sort Space Used": 220607,
                                                                        "Sort Space Type": "Memory",
                                                                        "Plans": [
                                                                            {
                                                                                "Node Type": "Seq Scan",
                                                                                "Parent Relationship": "Outer",
                                                                                "Parallel Aware": false,
                                                                                "Relation Name": "movie_companies",
                                                                                "Schema": "public",
                                                                                "Alias": "mc",
                                                                                "Startup Cost": 10000000000.0,
                                                                                "Total Cost": 10000044881.29,
                                                                                "Plan Rows": 2609129,
                                                                                "Plan Width": 8,
                                                                                "Actual Startup Time": 0.022,
                                                                                "Actual Total Time": 254.98,
                                                                                "Actual Rows": 2609129,
                                                                                "Actual Loops": 1,
                                                                                "Output": [
                                                                                    "mc.movie_id",
                                                                                    "mc.company_id"
                                                                                ]
                                                                            }
                                                                        ]
                                                                    }
                                                                ]
                                                            },
                                                            {
                                                                "Node Type": "Bitmap Heap Scan",
                                                                "Parent Relationship": "Inner",
                                                                "Parallel Aware": false,
                                                                "Relation Name": "movie_info",
                                                                "Schema": "public",
                                                                "Alias": "mi",
                                                                "Startup Cost": 0.78,
                                                                "Total Cost": 5.36,
                                                                "Plan Rows": 1,
                                                                "Plan Width": 8,
                                                                "Actual Startup Time": 0.019,
                                                                "Actual Total Time": 0.062,
                                                                "Actual Rows": 1,
                                                                "Actual Loops": 10758,
                                                                "Output": [
                                                                    "mi.id",
                                                                    "mi.movie_id",
                                                                    "mi.info_type_id",
                                                                    "mi.info",
                                                                    "mi.note"
                                                                ],
                                                                "Recheck Cond": "(mi.movie_id = mk.movie_id)",
                                                                "Rows Removed by Index Recheck": 0,
                                                                "Filter": "(mi.info ~~ 'USA:%200%'::text)",
                                                                "Rows Removed by Filter": 456,
                                                                "Exact Heap Blocks": 365772,
                                                                "Lossy Heap Blocks": 0,
                                                                "Plans": [
                                                                    {
                                                                        "Node Type": "Bitmap Index Scan",
                                                                        "Parent Relationship": "Outer",
                                                                        "Parallel Aware": false,
                                                                        "Index Name": "movie_id_movie_info",
                                                                        "Startup Cost": 0.0,
                                                                        "Total Cost": 0.78,
                                                                        "Plan Rows": 39,
                                                                        "Plan Width": 0,
                                                                        "Actual Startup Time": 0.012,
                                                                        "Actual Total Time": 0.012,
                                                                        "Actual Rows": 457,
                                                                        "Actual Loops": 10758,
                                                                        "Index Cond": "(mi.movie_id = mk.movie_id)"
                                                                    }
                                                                ]
                                                            }
                                                        ]
                                                    }
                                                ]
                                            }
                                        ]
                                    },
                                    {
                                        "Node Type": "Index Scan",
                                        "Parent Relationship": "Inner",
                                        "Parallel Aware": false,
                                        "Scan Direction": "Forward",
                                        "Index Name": "company_name_pkey",
                                        "Relation Name": "company_name",
                                        "Schema": "public",
                                        "Alias": "cn",
                                        "Startup Cost": 0.42,
                                        "Total Cost": 0.45,
                                        "Plan Rows": 1,
                                        "Plan Width": 4,
                                        "Actual Startup Time": 0.003,
                                        "Actual Total Time": 0.003,
                                        "Actual Rows": 0,
                                        "Actual Loops": 66,
                                        "Output": [
                                            "cn.id",
                                            "cn.name",
                                            "cn.country_code",
                                            "cn.imdb_id",
                                            "cn.name_pcode_nf",
                                            "cn.name_pcode_sf",
                                            "cn.md5sum"
                                        ],
                                        "Index Cond": "(cn.id = mc.company_id)",
                                        "Rows Removed by Index Recheck": 0,
                                        "Filter": "((cn.country_code)::text = '[us]'::text)",
                                        "Rows Removed by Filter": 1
                                    }
                                ]
                            }
                        ]
                    }
                ]
            }
        ]
    },
    "Planning Time": 2146.364,
    "Triggers": [],
    "Execution Time": 5783.096
}