[
  {
    "Plan": {
      "Node Type": "Aggregate",
      "Strategy": "Plain",
      "Partial Mode": "Finalize",
      "Parallel Aware": false,
      "Startup Cost": 336130.11,
      "Total Cost": 336130.12,
      "Plan Rows": 1,
      "Plan Width": 8,
      "Actual Startup Time": 691.805,
      "Actual Total Time": 734.201,
      "Actual Rows": 1,
      "Actual Loops": 1,
      "Plans": [
        {
          "Node Type": "Gather",
          "Parent Relationship": "Outer",
          "Parallel Aware": false,
          "Startup Cost": 336129.48,
          "Total Cost": 336130.09,
          "Plan Rows": 6,
          "Plan Width": 8,
          "Actual Startup Time": 691.614,
          "Actual Total Time": 734.187,
          "Actual Rows": 7,
          "Actual Loops": 1,
          "Workers Planned": 6,
          "Workers Launched": 6,
          "Single Copy": false,
          "Plans": [
            {
              "Node Type": "Aggregate",
              "Strategy": "Plain",
              "Partial Mode": "Partial",
              "Parent Relationship": "Outer",
              "Parallel Aware": false,
              "Startup Cost": 335129.48,
              "Total Cost": 335129.49,
              "Plan Rows": 1,
              "Plan Width": 8,
              "Actual Startup Time": 684.484,
              "Actual Total Time": 684.485,
              "Actual Rows": 1,
              "Actual Loops": 7,
              "Plans": [
                {
                  "Node Type": "Seq Scan",
                  "Parent Relationship": "Outer",
                  "Parallel Aware": true,
                  "Relation Name": "cast_info",
                  "Alias": "ci",
                  "Startup Cost": 0.0,
                  "Total Cost": 328211.39,
                  "Plan Rows": 2767236,
                  "Plan Width": 0,
                  "Actual Startup Time": 220.855,
                  "Actual Total Time": 577.673,
                  "Actual Rows": 2337296,
                  "Actual Loops": 7,
                  "Filter": "(person_id > 1996507)",
                  "Rows Removed by Filter": 2840467
                }
              ]
            }
          ]
        }
      ]
    },
    "Planning Time": 0.111,
    "Triggers": [],
    "Execution Time": 734.248
  }
]