[
  {
    "Plan": {
      "Node Type": "Aggregate",
      "Strategy": "Plain",
      "Partial Mode": "Finalize",
      "Parallel Aware": false,
      "Startup Cost": 335988.75,
      "Total Cost": 335988.76,
      "Plan Rows": 1,
      "Plan Width": 8,
      "Actual Startup Time": 648.942,
      "Actual Total Time": 703.284,
      "Actual Rows": 1,
      "Actual Loops": 1,
      "Plans": [
        {
          "Node Type": "Gather",
          "Parent Relationship": "Outer",
          "Parallel Aware": false,
          "Startup Cost": 335988.12,
          "Total Cost": 335988.73,
          "Plan Rows": 6,
          "Plan Width": 8,
          "Actual Startup Time": 648.833,
          "Actual Total Time": 703.275,
          "Actual Rows": 7,
          "Actual Loops": 1,
          "Workers Planned": 6,
          "Workers Launched": 6,
          "Single Copy": false,
          "Plans": [
            {
              "Node Type": "Aggregate",
              "Strategy": "Plain",
              "Partial Mode": "Partial",
              "Parent Relationship": "Outer",
              "Parallel Aware": false,
              "Startup Cost": 334988.12,
              "Total Cost": 334988.14,
              "Plan Rows": 1,
              "Plan Width": 8,
              "Actual Startup Time": 640.439,
              "Actual Total Time": 640.44,
              "Actual Rows": 1,
              "Actual Loops": 7,
              "Plans": [
                {
                  "Node Type": "Seq Scan",
                  "Parent Relationship": "Outer",
                  "Parallel Aware": true,
                  "Relation Name": "cast_info",
                  "Alias": "ci",
                  "Startup Cost": 0.0,
                  "Total Cost": 328162.03,
                  "Plan Rows": 2730440,
                  "Plan Width": 0,
                  "Actual Startup Time": 204.823,
                  "Actual Total Time": 550.353,
                  "Actual Rows": 2337296,
                  "Actual Loops": 7,
                  "Filter": "(person_id > 1996507)",
                  "Rows Removed by Filter": 2840467
                }
              ]
            }
          ]
        }
      ]
    },
    "Planning Time": 0.125,
    "Triggers": [],
    "Execution Time": 703.338
  }
]