[
  {
    "Plan": {
      "Node Type": "Aggregate",
      "Strategy": "Plain",
      "Partial Mode": "Finalize",
      "Parallel Aware": false,
      "Startup Cost": 415744.69,
      "Total Cost": 415744.7,
      "Plan Rows": 1,
      "Plan Width": 8,
      "Actual Startup Time": 4778.896,
      "Actual Total Time": 4873.978,
      "Actual Rows": 1,
      "Actual Loops": 1,
      "Plans": [
        {
          "Node Type": "Gather",
          "Parent Relationship": "Outer",
          "Parallel Aware": false,
          "Startup Cost": 415744.16,
          "Total Cost": 415744.67,
          "Plan Rows": 5,
          "Plan Width": 8,
          "Actual Startup Time": 4778.304,
          "Actual Total Time": 4873.957,
          "Actual Rows": 6,
          "Actual Loops": 1,
          "Workers Planned": 5,
          "Workers Launched": 5,
          "Single Copy": false,
          "Plans": [
            {
              "Node Type": "Aggregate",
              "Strategy": "Plain",
              "Partial Mode": "Partial",
              "Parent Relationship": "Outer",
              "Parallel Aware": false,
              "Startup Cost": 414744.16,
              "Total Cost": 414744.17,
              "Plan Rows": 1,
              "Plan Width": 8,
              "Actual Startup Time": 4767.96,
              "Actual Total Time": 4767.962,
              "Actual Rows": 1,
              "Actual Loops": 6,
              "Plans": [
                {
                  "Node Type": "Nested Loop",
                  "Parent Relationship": "Outer",
                  "Parallel Aware": false,
                  "Join Type": "Inner",
                  "Startup Cost": 98423.64,
                  "Total Cost": 411084.47,
                  "Plan Rows": 1463877,
                  "Plan Width": 0,
                  "Actual Startup Time": 765.931,
                  "Actual Total Time": 4608.387,
                  "Actual Rows": 3439970,
                  "Actual Loops": 6,
                  "Inner Unique": false,
                  "Plans": [
                    {
                      "Node Type": "Merge Join",
                      "Parent Relationship": "Outer",
                      "Parallel Aware": false,
                      "Join Type": "Inner",
                      "Startup Cost": 98423.08,
                      "Total Cost": 193298.55,
                      "Plan Rows": 102100,
                      "Plan Width": 8,
                      "Actual Startup Time": 765.812,
                      "Actual Total Time": 1227.14,
                      "Actual Rows": 135868,
                      "Actual Loops": 6,
                      "Inner Unique": false,
                      "Merge Cond": "(t.id = mc.movie_id)",
                      "Plans": [
                        {
                          "Node Type": "Index Only Scan",
                          "Parent Relationship": "Outer",
                          "Parallel Aware": true,
                          "Scan Direction": "Forward",
                          "Index Name": "title_pkey",
                          "Relation Name": "title",
                          "Alias": "t",
                          "Startup Cost": 0.43,
                          "Total Cost": 90125.02,
                          "Plan Rows": 505685,
                          "Plan Width": 4,
                          "Actual Startup Time": 0.111,
                          "Actual Total Time": 330.602,
                          "Actual Rows": 420958,
                          "Actual Loops": 6,
                          "Heap Fetches": 2525751
                        },
                        {
                          "Node Type": "Sort",
                          "Parent Relationship": "Inner",
                          "Parallel Aware": false,
                          "Startup Cost": 98422.57,
                          "Total Cost": 99698.82,
                          "Plan Rows": 510500,
                          "Plan Width": 4,
                          "Actual Startup Time": 765.403,
                          "Actual Total Time": 808.947,
                          "Actual Rows": 815211,
                          "Actual Loops": 6,
                          "Sort Key": [
                            "mc.movie_id"
                          ],
                          "Sort Method": "quicksort",
                          "Sort Space Used": 62790,
                          "Sort Space Type": "Memory",
                          "Workers": [
                            {
                              "Worker Number": 0,
                              "Sort Method": "quicksort",
                              "Sort Space Used": 62790,
                              "Sort Space Type": "Memory"
                            },
                            {
                              "Worker Number": 1,
                              "Sort Method": "quicksort",
                              "Sort Space Used": 62790,
                              "Sort Space Type": "Memory"
                            },
                            {
                              "Worker Number": 2,
                              "Sort Method": "quicksort",
                              "Sort Space Used": 62790,
                              "Sort Space Type": "Memory"
                            },
                            {
                              "Worker Number": 3,
                              "Sort Method": "quicksort",
                              "Sort Space Used": 62790,
                              "Sort Space Type": "Memory"
                            },
                            {
                              "Worker Number": 4,
                              "Sort Method": "quicksort",
                              "Sort Space Used": 62790,
                              "Sort Space Type": "Memory"
                            }
                          ],
                          "Plans": [
                            {
                              "Node Type": "Index Scan",
                              "Parent Relationship": "Outer",
                              "Parallel Aware": false,
                              "Scan Direction": "Forward",
                              "Index Name": "company_type_id_movie_companies",
                              "Relation Name": "movie_companies",
                              "Alias": "mc",
                              "Startup Cost": 0.43,
                              "Total Cost": 50023.21,
                              "Plan Rows": 510500,
                              "Plan Width": 4,
                              "Actual Startup Time": 1.283,
                              "Actual Total Time": 497.358,
                              "Actual Rows": 815211,
                              "Actual Loops": 6,
                              "Index Cond": "(company_type_id = 2)",
                              "Rows Removed by Index Recheck": 0,
                              "Filter": "(company_id > 16975)",
                              "Rows Removed by Filter": 519672
                            }
                          ]
                        }
                      ]
                    },
                    {
                      "Node Type": "Index Only Scan",
                      "Parent Relationship": "Inner",
                      "Parallel Aware": false,
                      "Scan Direction": "Forward",
                      "Index Name": "movie_id_cast_info",
                      "Relation Name": "cast_info",
                      "Alias": "ci",
                      "Startup Cost": 0.56,
                      "Total Cost": 1.78,
                      "Plan Rows": 35,
                      "Plan Width": 4,
                      "Actual Startup Time": 0.004,
                      "Actual Total Time": 0.023,
                      "Actual Rows": 25,
                      "Actual Loops": 815211,
                      "Index Cond": "(movie_id = t.id)",
                      "Rows Removed by Index Recheck": 0,
                      "Heap Fetches": 20639821
                    }
                  ]
                }
              ]
            }
          ]
        }
      ]
    },
    "Planning Time": 0.769,
    "Triggers": [],
    "Execution Time": 4882.822
  }
]