[
  {
    "Plan": {
      "Node Type": "Aggregate",
      "Strategy": "Plain",
      "Partial Mode": "Finalize",
      "Parallel Aware": false,
      "Startup Cost": 332999.18,
      "Total Cost": 332999.19,
      "Plan Rows": 1,
      "Plan Width": 8,
      "Actual Startup Time": 781.388,
      "Actual Total Time": 834.649,
      "Actual Rows": 1,
      "Actual Loops": 1,
      "Plans": [
        {
          "Node Type": "Gather",
          "Parent Relationship": "Outer",
          "Parallel Aware": false,
          "Startup Cost": 332998.56,
          "Total Cost": 332999.17,
          "Plan Rows": 6,
          "Plan Width": 8,
          "Actual Startup Time": 781.186,
          "Actual Total Time": 834.639,
          "Actual Rows": 7,
          "Actual Loops": 1,
          "Workers Planned": 6,
          "Workers Launched": 6,
          "Single Copy": false,
          "Plans": [
            {
              "Node Type": "Aggregate",
              "Strategy": "Plain",
              "Partial Mode": "Partial",
              "Parent Relationship": "Outer",
              "Parallel Aware": false,
              "Startup Cost": 331998.56,
              "Total Cost": 331998.57,
              "Plan Rows": 1,
              "Plan Width": 8,
              "Actual Startup Time": 773.518,
              "Actual Total Time": 773.519,
              "Actual Rows": 1,
              "Actual Loops": 7,
              "Plans": [
                {
                  "Node Type": "Seq Scan",
                  "Parent Relationship": "Outer",
                  "Parallel Aware": true,
                  "Relation Name": "cast_info",
                  "Alias": "ci",
                  "Startup Cost": 0.0,
                  "Total Cost": 328211.39,
                  "Plan Rows": 1514866,
                  "Plan Width": 0,
                  "Actual Startup Time": 420.683,
                  "Actual Total Time": 701.82,
                  "Actual Rows": 1281891,
                  "Actual Loops": 7,
                  "Filter": "(person_id > 2798812)",
                  "Rows Removed by Filter": 3895872
                }
              ]
            }
          ]
        }
      ]
    },
    "Planning Time": 0.105,
    "Triggers": [],
    "Execution Time": 834.709
  }
]