[
  {
    "Plan": {
      "Node Type": "Aggregate",
      "Strategy": "Plain",
      "Partial Mode": "Finalize",
      "Parallel Aware": false,
      "Startup Cost": 332926.47,
      "Total Cost": 332926.48,
      "Plan Rows": 1,
      "Plan Width": 8,
      "Actual Startup Time": 608.624,
      "Actual Total Time": 664.458,
      "Actual Rows": 1,
      "Actual Loops": 1,
      "Plans": [
        {
          "Node Type": "Gather",
          "Parent Relationship": "Outer",
          "Parallel Aware": false,
          "Startup Cost": 332925.84,
          "Total Cost": 332926.45,
          "Plan Rows": 6,
          "Plan Width": 8,
          "Actual Startup Time": 608.486,
          "Actual Total Time": 664.448,
          "Actual Rows": 7,
          "Actual Loops": 1,
          "Workers Planned": 6,
          "Workers Launched": 6,
          "Single Copy": false,
          "Plans": [
            {
              "Node Type": "Aggregate",
              "Strategy": "Plain",
              "Partial Mode": "Partial",
              "Parent Relationship": "Outer",
              "Parallel Aware": false,
              "Startup Cost": 331925.84,
              "Total Cost": 331925.85,
              "Plan Rows": 1,
              "Plan Width": 8,
              "Actual Startup Time": 601.576,
              "Actual Total Time": 601.578,
              "Actual Rows": 1,
              "Actual Loops": 7,
              "Plans": [
                {
                  "Node Type": "Seq Scan",
                  "Parent Relationship": "Outer",
                  "Parallel Aware": true,
                  "Relation Name": "cast_info",
                  "Alias": "ci",
                  "Startup Cost": 0.0,
                  "Total Cost": 328162.03,
                  "Plan Rows": 1505526,
                  "Plan Width": 0,
                  "Actual Startup Time": 306.431,
                  "Actual Total Time": 548.005,
                  "Actual Rows": 1281891,
                  "Actual Loops": 7,
                  "Filter": "(person_id > 2798812)",
                  "Rows Removed by Filter": 3895872
                }
              ]
            }
          ]
        }
      ]
    },
    "Planning Time": 0.139,
    "Triggers": [],
    "Execution Time": 664.508
  }
]