[
  {
    "Plan": {
      "Node Type": "Aggregate",
      "Strategy": "Plain",
      "Partial Mode": "Finalize",
      "Parallel Aware": false,
      "Startup Cost": 102897.18,
      "Total Cost": 102897.19,
      "Plan Rows": 1,
      "Plan Width": 8,
      "Actual Startup Time": 562.278,
      "Actual Total Time": 583.346,
      "Actual Rows": 1,
      "Actual Loops": 1,
      "Plans": [
        {
          "Node Type": "Gather",
          "Parent Relationship": "Outer",
          "Parallel Aware": false,
          "Startup Cost": 102896.97,
          "Total Cost": 102897.18,
          "Plan Rows": 2,
          "Plan Width": 8,
          "Actual Startup Time": 556.876,
          "Actual Total Time": 583.332,
          "Actual Rows": 3,
          "Actual Loops": 1,
          "Workers Planned": 2,
          "Workers Launched": 2,
          "Single Copy": false,
          "Plans": [
            {
              "Node Type": "Aggregate",
              "Strategy": "Plain",
              "Partial Mode": "Partial",
              "Parent Relationship": "Outer",
              "Parallel Aware": false,
              "Startup Cost": 101896.97,
              "Total Cost": 101896.98,
              "Plan Rows": 1,
              "Plan Width": 8,
              "Actual Startup Time": 551.907,
              "Actual Total Time": 551.914,
              "Actual Rows": 1,
              "Actual Loops": 3,
              "Plans": [
                {
                  "Node Type": "Hash Join",
                  "Parent Relationship": "Outer",
                  "Parallel Aware": true,
                  "Join Type": "Inner",
                  "Startup Cost": 85706.95,
                  "Total Cost": 101744.78,
                  "Plan Rows": 60876,
                  "Plan Width": 0,
                  "Actual Startup Time": 480.208,
                  "Actual Total Time": 550.628,
                  "Actual Rows": 32195,
                  "Actual Loops": 3,
                  "Inner Unique": false,
                  "Hash Cond": "(mi_idx.movie_id = t.id)",
                  "Plans": [
                    {
                      "Node Type": "Seq Scan",
                      "Parent Relationship": "Outer",
                      "Parallel Aware": true,
                      "Relation Name": "movie_info_idx",
                      "Alias": "mi_idx",
                      "Startup Cost": 0.0,
                      "Total Cost": 13685.15,
                      "Plan Rows": 575015,
                      "Plan Width": 4,
                      "Actual Startup Time": 0.019,
                      "Actual Total Time": 38.978,
                      "Actual Rows": 460012,
                      "Actual Loops": 3
                    },
                    {
                      "Node Type": "Hash",
                      "Parent Relationship": "Inner",
                      "Parallel Aware": true,
                      "Startup Cost": 84627.6,
                      "Total Cost": 84627.6,
                      "Plan Rows": 86348,
                      "Plan Width": 8,
                      "Actual Startup Time": 463.387,
                      "Actual Total Time": 463.392,
                      "Actual Rows": 16537,
                      "Actual Loops": 3,
                      "Hash Buckets": 524288,
                      "Original Hash Buckets": 524288,
                      "Hash Batches": 1,
                      "Original Hash Batches": 1,
                      "Peak Memory Usage": 6080,
                      "Plans": [
                        {
                          "Node Type": "Hash Join",
                          "Parent Relationship": "Outer",
                          "Parallel Aware": true,
                          "Join Type": "Inner",
                          "Startup Cost": 58032.01,
                          "Total Cost": 84627.6,
                          "Plan Rows": 86348,
                          "Plan Width": 8,
                          "Actual Startup Time": 356.255,
                          "Actual Total Time": 454.135,
                          "Actual Rows": 16537,
                          "Actual Loops": 3,
                          "Inner Unique": true,
                          "Hash Cond": "(mk.movie_id = t.id)",
                          "Plans": [
                            {
                              "Node Type": "Bitmap Heap Scan",
                              "Parent Relationship": "Outer",
                              "Parallel Aware": true,
                              "Relation Name": "movie_keyword",
                              "Alias": "mk",
                              "Startup Cost": 9314.2,
                              "Total Cost": 35538.11,
                              "Plan Rows": 141593,
                              "Plan Width": 4,
                              "Actual Startup Time": 26.133,
                              "Actual Total Time": 86.064,
                              "Actual Rows": 144590,
                              "Actual Loops": 3,
                              "Recheck Cond": "(keyword_id > 40415)",
                              "Rows Removed by Index Recheck": 0,
                              "Exact Heap Blocks": 9646,
                              "Lossy Heap Blocks": 0,
                              "Plans": [
                                {
                                  "Node Type": "Bitmap Index Scan",
                                  "Parent Relationship": "Outer",
                                  "Parallel Aware": false,
                                  "Index Name": "keyword_id_movie_keyword",
                                  "Startup Cost": 0.0,
                                  "Total Cost": 9204.47,
                                  "Plan Rows": 438938,
                                  "Plan Width": 0,
                                  "Actual Startup Time": 22.714,
                                  "Actual Total Time": 22.714,
                                  "Actual Rows": 433771,
                                  "Actual Loops": 1,
                                  "Index Cond": "(keyword_id > 40415)"
                                }
                              ]
                            },
                            {
                              "Node Type": "Hash",
                              "Parent Relationship": "Inner",
                              "Parallel Aware": true,
                              "Startup Cost": 43899.32,
                              "Total Cost": 43899.32,
                              "Plan Rows": 385479,
                              "Plan Width": 4,
                              "Actual Startup Time": 322.218,
                              "Actual Total Time": 322.219,
                              "Actual Rows": 514421,
                              "Actual Loops": 3,
                              "Hash Buckets": 2097152,
                              "Original Hash Buckets": 2097152,
                              "Hash Batches": 1,
                              "Original Hash Batches": 1,
                              "Peak Memory Usage": 76800,
                              "Plans": [
                                {
                                  "Node Type": "Seq Scan",
                                  "Parent Relationship": "Outer",
                                  "Parallel Aware": true,
                                  "Relation Name": "title",
                                  "Alias": "t",
                                  "Startup Cost": 0.0,
                                  "Total Cost": 43899.32,
                                  "Plan Rows": 385479,
                                  "Plan Width": 4,
                                  "Actual Startup Time": 0.07,
                                  "Actual Total Time": 130.9,
                                  "Actual Rows": 514421,
                                  "Actual Loops": 3,
                                  "Filter": "(kind_id = 7)",
                                  "Rows Removed by Filter": 328349
                                }
                              ]
                            }
                          ]
                        }
                      ]
                    }
                  ]
                }
              ]
            }
          ]
        }
      ]
    },
    "Planning Time": 1.351,
    "Triggers": [],
    "Execution Time": 583.47
  }
]