[
  {
    "Plan": {
      "Node Type": "Aggregate",
      "Strategy": "Plain",
      "Partial Mode": "Finalize",
      "Parallel Aware": false,
      "Startup Cost": 103052.58,
      "Total Cost": 103052.59,
      "Plan Rows": 1,
      "Plan Width": 8,
      "Actual Startup Time": 521.688,
      "Actual Total Time": 538.71,
      "Actual Rows": 1,
      "Actual Loops": 1,
      "Plans": [
        {
          "Node Type": "Gather",
          "Parent Relationship": "Outer",
          "Parallel Aware": false,
          "Startup Cost": 103052.37,
          "Total Cost": 103052.58,
          "Plan Rows": 2,
          "Plan Width": 8,
          "Actual Startup Time": 515.994,
          "Actual Total Time": 538.703,
          "Actual Rows": 3,
          "Actual Loops": 1,
          "Workers Planned": 2,
          "Workers Launched": 2,
          "Single Copy": false,
          "Plans": [
            {
              "Node Type": "Aggregate",
              "Strategy": "Plain",
              "Partial Mode": "Partial",
              "Parent Relationship": "Outer",
              "Parallel Aware": false,
              "Startup Cost": 102052.37,
              "Total Cost": 102052.38,
              "Plan Rows": 1,
              "Plan Width": 8,
              "Actual Startup Time": 507.236,
              "Actual Total Time": 507.242,
              "Actual Rows": 1,
              "Actual Loops": 3,
              "Plans": [
                {
                  "Node Type": "Hash Join",
                  "Parent Relationship": "Outer",
                  "Parallel Aware": true,
                  "Join Type": "Inner",
                  "Startup Cost": 85858.67,
                  "Total Cost": 101898.57,
                  "Plan Rows": 61520,
                  "Plan Width": 0,
                  "Actual Startup Time": 442.679,
                  "Actual Total Time": 505.957,
                  "Actual Rows": 32195,
                  "Actual Loops": 3,
                  "Inner Unique": false,
                  "Hash Cond": "(mi_idx.movie_id = t.id)",
                  "Plans": [
                    {
                      "Node Type": "Seq Scan",
                      "Parent Relationship": "Outer",
                      "Parallel Aware": true,
                      "Relation Name": "movie_info_idx",
                      "Alias": "mi_idx",
                      "Startup Cost": 0.0,
                      "Total Cost": 13685.15,
                      "Plan Rows": 575015,
                      "Plan Width": 4,
                      "Actual Startup Time": 0.046,
                      "Actual Total Time": 34.058,
                      "Actual Rows": 460012,
                      "Actual Loops": 3
                    },
                    {
                      "Node Type": "Hash",
                      "Parent Relationship": "Inner",
                      "Parallel Aware": true,
                      "Startup Cost": 84767.94,
                      "Total Cost": 84767.94,
                      "Plan Rows": 87258,
                      "Plan Width": 8,
                      "Actual Startup Time": 427.407,
                      "Actual Total Time": 427.411,
                      "Actual Rows": 16537,
                      "Actual Loops": 3,
                      "Hash Buckets": 524288,
                      "Original Hash Buckets": 524288,
                      "Hash Batches": 1,
                      "Original Hash Batches": 1,
                      "Peak Memory Usage": 6080,
                      "Plans": [
                        {
                          "Node Type": "Hash Join",
                          "Parent Relationship": "Outer",
                          "Parallel Aware": true,
                          "Join Type": "Inner",
                          "Startup Cost": 58142.78,
                          "Total Cost": 84767.94,
                          "Plan Rows": 87258,
                          "Plan Width": 8,
                          "Actual Startup Time": 328.591,
                          "Actual Total Time": 421.251,
                          "Actual Rows": 16537,
                          "Actual Loops": 3,
                          "Inner Unique": true,
                          "Hash Cond": "(mk.movie_id = t.id)",
                          "Plans": [
                            {
                              "Node Type": "Bitmap Heap Scan",
                              "Parent Relationship": "Outer",
                              "Parallel Aware": true,
                              "Relation Name": "movie_keyword",
                              "Alias": "mk",
                              "Startup Cost": 9441.17,
                              "Total Cost": 35689.51,
                              "Plan Rows": 143548,
                              "Plan Width": 4,
                              "Actual Startup Time": 31.159,
                              "Actual Total Time": 88.084,
                              "Actual Rows": 144590,
                              "Actual Loops": 3,
                              "Recheck Cond": "(keyword_id > 40415)",
                              "Rows Removed by Index Recheck": 0,
                              "Exact Heap Blocks": 8960,
                              "Lossy Heap Blocks": 0,
                              "Plans": [
                                {
                                  "Node Type": "Bitmap Index Scan",
                                  "Parent Relationship": "Outer",
                                  "Parallel Aware": false,
                                  "Index Name": "keyword_id_movie_keyword",
                                  "Startup Cost": 0.0,
                                  "Total Cost": 9329.92,
                                  "Plan Rows": 444998,
                                  "Plan Width": 0,
                                  "Actual Startup Time": 27.745,
                                  "Actual Total Time": 27.745,
                                  "Actual Rows": 433771,
                                  "Actual Loops": 1,
                                  "Index Cond": "(keyword_id > 40415)"
                                }
                              ]
                            },
                            {
                              "Node Type": "Hash",
                              "Parent Relationship": "Inner",
                              "Parallel Aware": true,
                              "Startup Cost": 43898.92,
                              "Total Cost": 43898.92,
                              "Plan Rows": 384216,
                              "Plan Width": 4,
                              "Actual Startup Time": 289.941,
                              "Actual Total Time": 289.942,
                              "Actual Rows": 514421,
                              "Actual Loops": 3,
                              "Hash Buckets": 2097152,
                              "Original Hash Buckets": 2097152,
                              "Hash Batches": 1,
                              "Original Hash Batches": 1,
                              "Peak Memory Usage": 76800,
                              "Plans": [
                                {
                                  "Node Type": "Seq Scan",
                                  "Parent Relationship": "Outer",
                                  "Parallel Aware": true,
                                  "Relation Name": "title",
                                  "Alias": "t",
                                  "Startup Cost": 0.0,
                                  "Total Cost": 43898.92,
                                  "Plan Rows": 384216,
                                  "Plan Width": 4,
                                  "Actual Startup Time": 0.047,
                                  "Actual Total Time": 118.45,
                                  "Actual Rows": 514421,
                                  "Actual Loops": 3,
                                  "Filter": "(kind_id = 7)",
                                  "Rows Removed by Filter": 328349
                                }
                              ]
                            }
                          ]
                        }
                      ]
                    }
                  ]
                }
              ]
            }
          ]
        }
      ]
    },
    "Planning Time": 1.322,
    "Triggers": [],
    "Execution Time": 538.815
  }
]