[
  {
    "Plan": {
      "Node Type": "Aggregate",
      "Strategy": "Plain",
      "Partial Mode": "Finalize",
      "Parallel Aware": false,
      "Startup Cost": 64112.19,
      "Total Cost": 64112.2,
      "Plan Rows": 1,
      "Plan Width": 8,
      "Actual Startup Time": 76.147,
      "Actual Total Time": 86.922,
      "Actual Rows": 1,
      "Actual Loops": 1,
      "Plans": [
        {
          "Node Type": "Gather",
          "Parent Relationship": "Outer",
          "Parallel Aware": false,
          "Startup Cost": 64111.87,
          "Total Cost": 64112.18,
          "Plan Rows": 3,
          "Plan Width": 8,
          "Actual Startup Time": 75.952,
          "Actual Total Time": 86.916,
          "Actual Rows": 4,
          "Actual Loops": 1,
          "Workers Planned": 3,
          "Workers Launched": 3,
          "Single Copy": false,
          "Plans": [
            {
              "Node Type": "Aggregate",
              "Strategy": "Plain",
              "Partial Mode": "Partial",
              "Parent Relationship": "Outer",
              "Parallel Aware": false,
              "Startup Cost": 63111.87,
              "Total Cost": 63111.88,
              "Plan Rows": 1,
              "Plan Width": 8,
              "Actual Startup Time": 66.58,
              "Actual Total Time": 66.581,
              "Actual Rows": 1,
              "Actual Loops": 4,
              "Plans": [
                {
                  "Node Type": "Nested Loop",
                  "Parent Relationship": "Outer",
                  "Parallel Aware": false,
                  "Join Type": "Inner",
                  "Startup Cost": 491.27,
                  "Total Cost": 63110.56,
                  "Plan Rows": 525,
                  "Plan Width": 0,
                  "Actual Startup Time": 5.316,
                  "Actual Total Time": 66.425,
                  "Actual Rows": 1116,
                  "Actual Loops": 4,
                  "Inner Unique": true,
                  "Plans": [
                    {
                      "Node Type": "Bitmap Heap Scan",
                      "Parent Relationship": "Outer",
                      "Parallel Aware": true,
                      "Relation Name": "movie_keyword",
                      "Alias": "mk",
                      "Startup Cost": 490.84,
                      "Total Cost": 25625.53,
                      "Plan Rows": 7426,
                      "Plan Width": 4,
                      "Actual Startup Time": 4.726,
                      "Actual Total Time": 16.034,
                      "Actual Rows": 5620,
                      "Actual Loops": 4,
                      "Recheck Cond": "(keyword_id < 5)",
                      "Rows Removed by Index Recheck": 0,
                      "Exact Heap Blocks": 3816,
                      "Lossy Heap Blocks": 0,
                      "Plans": [
                        {
                          "Node Type": "Bitmap Index Scan",
                          "Parent Relationship": "Outer",
                          "Parallel Aware": false,
                          "Index Name": "keyword_id_movie_keyword",
                          "Startup Cost": 0.0,
                          "Total Cost": 485.08,
                          "Plan Rows": 23020,
                          "Plan Width": 0,
                          "Actual Startup Time": 10.244,
                          "Actual Total Time": 10.244,
                          "Actual Rows": 22479,
                          "Actual Loops": 1,
                          "Index Cond": "(keyword_id < 5)"
                        }
                      ]
                    },
                    {
                      "Node Type": "Index Scan",
                      "Parent Relationship": "Inner",
                      "Parallel Aware": false,
                      "Scan Direction": "Forward",
                      "Index Name": "title_pkey",
                      "Relation Name": "title",
                      "Alias": "t",
                      "Startup Cost": 0.43,
                      "Total Cost": 5.05,
                      "Plan Rows": 1,
                      "Plan Width": 4,
                      "Actual Startup Time": 0.008,
                      "Actual Total Time": 0.008,
                      "Actual Rows": 0,
                      "Actual Loops": 22479,
                      "Index Cond": "(id = mk.movie_id)",
                      "Rows Removed by Index Recheck": 0,
                      "Filter": "((kind_id < 7) AND (production_year < 1977))",
                      "Rows Removed by Filter": 1
                    }
                  ]
                }
              ]
            }
          ]
        }
      ]
    },
    "Planning Time": 0.677,
    "Triggers": [],
    "Execution Time": 87.01
  }
]