[
  {
    "Plan": {
      "Node Type": "Aggregate",
      "Strategy": "Plain",
      "Partial Mode": "Finalize",
      "Parallel Aware": false,
      "Startup Cost": 45235.75,
      "Total Cost": 45235.76,
      "Plan Rows": 1,
      "Plan Width": 8,
      "Actual Startup Time": 155.015,
      "Actual Total Time": 164.413,
      "Actual Rows": 1,
      "Actual Loops": 1,
      "Plans": [
        {
          "Node Type": "Gather",
          "Parent Relationship": "Outer",
          "Parallel Aware": false,
          "Startup Cost": 45235.43,
          "Total Cost": 45235.74,
          "Plan Rows": 3,
          "Plan Width": 8,
          "Actual Startup Time": 154.883,
          "Actual Total Time": 164.404,
          "Actual Rows": 4,
          "Actual Loops": 1,
          "Workers Planned": 3,
          "Workers Launched": 3,
          "Single Copy": false,
          "Plans": [
            {
              "Node Type": "Aggregate",
              "Strategy": "Plain",
              "Partial Mode": "Partial",
              "Parent Relationship": "Outer",
              "Parallel Aware": false,
              "Startup Cost": 44235.43,
              "Total Cost": 44235.44,
              "Plan Rows": 1,
              "Plan Width": 8,
              "Actual Startup Time": 148.348,
              "Actual Total Time": 148.35,
              "Actual Rows": 1,
              "Actual Loops": 4,
              "Plans": [
                {
                  "Node Type": "Seq Scan",
                  "Parent Relationship": "Outer",
                  "Parallel Aware": true,
                  "Relation Name": "movie_keyword",
                  "Alias": "mk",
                  "Startup Cost": 0.0,
                  "Total Cost": 42695.65,
                  "Plan Rows": 615912,
                  "Plan Width": 0,
                  "Actual Startup Time": 0.05,
                  "Actual Total Time": 124.064,
                  "Actual Rows": 478116,
                  "Actual Loops": 4,
                  "Filter": "(keyword_id < 3289)",
                  "Rows Removed by Filter": 652866
                }
              ]
            }
          ]
        }
      ]
    },
    "Planning Time": 0.149,
    "Triggers": [],
    "Execution Time": 164.46
  }
]