{
  "Plan": {
    "Node Type": "Aggregate",
    "Strategy": "Plain",
    "Partial Mode": "Finalize",
    "Parallel Aware": false,
    "Startup Cost": 546401.88,
    "Total Cost": 546401.89,
    "Plan Rows": 1,
    "Plan Width": 8,
    "Actual Startup Time": 1372.542,
    "Actual Total Time": 1417.049,
    "Actual Rows": 1,
    "Actual Loops": 1,
    "Plans": [
      {
        "Node Type": "Gather",
        "Parent Relationship": "Outer",
        "Parallel Aware": false,
        "Startup Cost": 546401.77,
        "Total Cost": 546401.88,
        "Plan Rows": 1,
        "Plan Width": 8,
        "Actual Startup Time": 1371.391,
        "Actual Total Time": 1417.041,
        "Actual Rows": 2,
        "Actual Loops": 1,
        "Workers Planned": 1,
        "Workers Launched": 1,
        "Single Copy": false,
        "Plans": [
          {
            "Node Type": "Aggregate",
            "Strategy": "Plain",
            "Partial Mode": "Partial",
            "Parent Relationship": "Outer",
            "Parallel Aware": false,
            "Startup Cost": 545401.77,
            "Total Cost": 545401.78,
            "Plan Rows": 1,
            "Plan Width": 8,
            "Actual Startup Time": 1365.307,
            "Actual Total Time": 1365.311,
            "Actual Rows": 1,
            "Actual Loops": 2,
            "Plans": [
              {
                "Node Type": "Hash Join",
                "Parent Relationship": "Outer",
                "Parallel Aware": true,
                "Join Type": "Inner",
                "Startup Cost": 224309.3,
                "Total Cost": 545290.76,
                "Plan Rows": 44402,
                "Plan Width": 0,
                "Actual Startup Time": 421.118,
                "Actual Total Time": 1362.657,
                "Actual Rows": 36458,
                "Actual Loops": 2,
                "Inner Unique": true,
                "Hash Cond": "(ci.movie_id = t.id)",
                "Plans": [
                  {
                    "Node Type": "Bitmap Heap Scan",
                    "Parent Relationship": "Outer",
                    "Parallel Aware": true,
                    "Relation Name": "cast_info",
                    "Alias": "ci",
                    "Startup Cost": 169538.1,
                    "Total Cost": 478666.78,
                    "Plan Rows": 4515335,
                    "Plan Width": 4,
                    "Actual Startup Time": 281.534,
                    "Actual Total Time": 764.056,
                    "Actual Rows": 3800489,
                    "Actual Loops": 2,
                    "Recheck Cond": "(person_id > 2914374)",
                    "Rows Removed by Index Recheck": 0,
                    "Exact Heap Blocks": 61275,
                    "Lossy Heap Blocks": 0,
                    "Plans": [
                      {
                        "Node Type": "Bitmap Index Scan",
                        "Parent Relationship": "Outer",
                        "Parallel Aware": false,
                        "Index Name": "person_id_cast_info",
                        "Startup Cost": 0.0,
                        "Total Cost": 167619.08,
                        "Plan Rows": 7676069,
                        "Plan Width": 0,
                        "Actual Startup Time": 265.463,
                        "Actual Total Time": 265.464,
                        "Actual Rows": 7600978,
                        "Actual Loops": 1,
                        "Index Cond": "(person_id > 2914374)"
                      }
                    ]
                  },
                  {
                    "Node Type": "Hash",
                    "Parent Relationship": "Inner",
                    "Parallel Aware": true,
                    "Startup Cost": 54588.39,
                    "Total Cost": 54588.39,
                    "Plan Rows": 14625,
                    "Plan Width": 4,
                    "Actual Startup Time": 137.413,
                    "Actual Total Time": 137.414,
                    "Actual Rows": 11900,
                    "Actual Loops": 2,
                    "Hash Buckets": 32768,
                    "Original Hash Buckets": 32768,
                    "Hash Batches": 1,
                    "Original Hash Batches": 1,
                    "Peak Memory Usage": 1216,
                    "Plans": [
                      {
                        "Node Type": "Seq Scan",
                        "Parent Relationship": "Outer",
                        "Parallel Aware": true,
                        "Relation Name": "title",
                        "Alias": "t",
                        "Startup Cost": 0.0,
                        "Total Cost": 54588.39,
                        "Plan Rows": 14625,
                        "Plan Width": 4,
                        "Actual Startup Time": 0.158,
                        "Actual Total Time": 133.217,
                        "Actual Rows": 11900,
                        "Actual Loops": 2,
                        "Filter": "(production_year = 1991)",
                        "Rows Removed by Filter": 1252256
                      }
                    ]
                  }
                ]
              }
            ]
          }
        ]
      }
    ]
  },
  "Planning Time": 0.438,
  "Triggers": [],
  "Execution Time": 1417.15
}