[
  {
    "Plan": {
      "Node Type": "Aggregate",
      "Strategy": "Plain",
      "Partial Mode": "Finalize",
      "Parallel Aware": false,
      "Startup Cost": 334862.8,
      "Total Cost": 334862.81,
      "Plan Rows": 1,
      "Plan Width": 8,
      "Actual Startup Time": 714.149,
      "Actual Total Time": 772.066,
      "Actual Rows": 1,
      "Actual Loops": 1,
      "Plans": [
        {
          "Node Type": "Gather",
          "Parent Relationship": "Outer",
          "Parallel Aware": false,
          "Startup Cost": 334862.17,
          "Total Cost": 334862.78,
          "Plan Rows": 6,
          "Plan Width": 8,
          "Actual Startup Time": 713.901,
          "Actual Total Time": 772.055,
          "Actual Rows": 7,
          "Actual Loops": 1,
          "Workers Planned": 6,
          "Workers Launched": 6,
          "Single Copy": false,
          "Plans": [
            {
              "Node Type": "Aggregate",
              "Strategy": "Plain",
              "Partial Mode": "Partial",
              "Parent Relationship": "Outer",
              "Parallel Aware": false,
              "Startup Cost": 333862.17,
              "Total Cost": 333862.18,
              "Plan Rows": 1,
              "Plan Width": 8,
              "Actual Startup Time": 703.58,
              "Actual Total Time": 703.581,
              "Actual Rows": 1,
              "Actual Loops": 7,
              "Plans": [
                {
                  "Node Type": "Seq Scan",
                  "Parent Relationship": "Outer",
                  "Parallel Aware": true,
                  "Relation Name": "cast_info",
                  "Alias": "ci",
                  "Startup Cost": 0.0,
                  "Total Cost": 328162.03,
                  "Plan Rows": 2280058,
                  "Plan Width": 0,
                  "Actual Startup Time": 264.38,
                  "Actual Total Time": 612.431,
                  "Actual Rows": 1949967,
                  "Actual Loops": 7,
                  "Filter": "(person_id > 2305143)",
                  "Rows Removed by Filter": 3227797
                }
              ]
            }
          ]
        }
      ]
    },
    "Planning Time": 0.17,
    "Triggers": [],
    "Execution Time": 772.13
  }
]