{
    "Plan": {
        "Node Type": "Aggregate",
        "Strategy": "Plain",
        "Partial Mode": "Finalize",
        "Parallel Aware": false,
        "Startup Cost": 373277.17,
        "Total Cost": 373277.18,
        "Plan Rows": 1,
        "Plan Width": 8,
        "Actual Startup Time": 2478.982,
        "Actual Total Time": 2516.555,
        "Actual Rows": 1,
        "Actual Loops": 1,
        "Output": [
            "count(*)"
        ],
        "Plans": [
            {
                "Node Type": "Gather",
                "Parent Relationship": "Outer",
                "Parallel Aware": false,
                "Startup Cost": 373276.54,
                "Total Cost": 373277.15,
                "Plan Rows": 6,
                "Plan Width": 8,
                "Actual Startup Time": 2463.927,
                "Actual Total Time": 2516.544,
                "Actual Rows": 7,
                "Actual Loops": 1,
                "Output": [
                    "(PARTIAL count(*))"
                ],
                "Workers Planned": 6,
                "Workers Launched": 6,
                "Single Copy": false,
                "Plans": [
                    {
                        "Node Type": "Aggregate",
                        "Strategy": "Plain",
                        "Partial Mode": "Partial",
                        "Parent Relationship": "Outer",
                        "Parallel Aware": false,
                        "Startup Cost": 372276.54,
                        "Total Cost": 372276.55,
                        "Plan Rows": 1,
                        "Plan Width": 8,
                        "Actual Startup Time": 2437.175,
                        "Actual Total Time": 2437.181,
                        "Actual Rows": 1,
                        "Actual Loops": 7,
                        "Output": [
                            "PARTIAL count(*)"
                        ],
                        "Workers": [
                            {
                                "Worker Number": 0,
                                "Actual Startup Time": 2432.664,
                                "Actual Total Time": 2432.67,
                                "Actual Rows": 1,
                                "Actual Loops": 1
                            },
                            {
                                "Worker Number": 1,
                                "Actual Startup Time": 2432.797,
                                "Actual Total Time": 2432.803,
                                "Actual Rows": 1,
                                "Actual Loops": 1
                            },
                            {
                                "Worker Number": 2,
                                "Actual Startup Time": 2433.136,
                                "Actual Total Time": 2433.142,
                                "Actual Rows": 1,
                                "Actual Loops": 1
                            },
                            {
                                "Worker Number": 3,
                                "Actual Startup Time": 2433.08,
                                "Actual Total Time": 2433.085,
                                "Actual Rows": 1,
                                "Actual Loops": 1
                            },
                            {
                                "Worker Number": 4,
                                "Actual Startup Time": 2432.816,
                                "Actual Total Time": 2432.822,
                                "Actual Rows": 1,
                                "Actual Loops": 1
                            },
                            {
                                "Worker Number": 5,
                                "Actual Startup Time": 2432.893,
                                "Actual Total Time": 2432.898,
                                "Actual Rows": 1,
                                "Actual Loops": 1
                            }
                        ],
                        "Plans": [
                            {
                                "Node Type": "Hash Join",
                                "Parent Relationship": "Outer",
                                "Parallel Aware": true,
                                "Join Type": "Inner",
                                "Startup Cost": 106634.9,
                                "Total Cost": 366973.04,
                                "Plan Rows": 2121403,
                                "Plan Width": 0,
                                "Actual Startup Time": 576.683,
                                "Actual Total Time": 2037.732,
                                "Actual Rows": 9233107,
                                "Actual Loops": 7,
                                "Inner Unique": false,
                                "Hash Cond": "(ci.movie_id = t.id)",
                                "Workers": [
                                    {
                                        "Worker Number": 0,
                                        "Actual Startup Time": 572.928,
                                        "Actual Total Time": 2044.94,
                                        "Actual Rows": 9821309,
                                        "Actual Loops": 1
                                    },
                                    {
                                        "Worker Number": 1,
                                        "Actual Startup Time": 572.936,
                                        "Actual Total Time": 2027.567,
                                        "Actual Rows": 9056484,
                                        "Actual Loops": 1
                                    },
                                    {
                                        "Worker Number": 2,
                                        "Actual Startup Time": 573.158,
                                        "Actual Total Time": 2035.028,
                                        "Actual Rows": 8900396,
                                        "Actual Loops": 1
                                    },
                                    {
                                        "Worker Number": 3,
                                        "Actual Startup Time": 573.134,
                                        "Actual Total Time": 2044.613,
                                        "Actual Rows": 9842363,
                                        "Actual Loops": 1
                                    },
                                    {
                                        "Worker Number": 4,
                                        "Actual Startup Time": 573.056,
                                        "Actual Total Time": 2031.91,
                                        "Actual Rows": 8892729,
                                        "Actual Loops": 1
                                    },
                                    {
                                        "Worker Number": 5,
                                        "Actual Startup Time": 572.961,
                                        "Actual Total Time": 2034.823,
                                        "Actual Rows": 8902420,
                                        "Actual Loops": 1
                                    }
                                ],
                                "Plans": [
                                    {
                                        "Node Type": "Index Scan",
                                        "Parent Relationship": "Outer",
                                        "Parallel Aware": true,
                                        "Scan Direction": "Forward",
                                        "Index Name": "role_id_cast_info",
                                        "Relation Name": "cast_info",
                                        "Schema": "public",
                                        "Alias": "ci",
                                        "Startup Cost": 0.56,
                                        "Total Cost": 247642.15,
                                        "Plan Rows": 1560883,
                                        "Plan Width": 4,
                                        "Actual Startup Time": 0.225,
                                        "Actual Total Time": 273.904,
                                        "Actual Rows": 1340672,
                                        "Actual Loops": 7,
                                        "Output": [
                                            "ci.id",
                                            "ci.person_id",
                                            "ci.movie_id",
                                            "ci.person_role_id",
                                            "ci.note",
                                            "ci.nr_order",
                                            "ci.role_id"
                                        ],
                                        "Index Cond": "(ci.role_id > 4)",
                                        "Rows Removed by Index Recheck": 0,
                                        "Workers": [
                                            {
                                                "Worker Number": 0,
                                                "Actual Startup Time": 0.178,
                                                "Actual Total Time": 283.432,
                                                "Actual Rows": 1417094,
                                                "Actual Loops": 1
                                            },
                                            {
                                                "Worker Number": 1,
                                                "Actual Startup Time": 0.126,
                                                "Actual Total Time": 279.306,
                                                "Actual Rows": 1286628,
                                                "Actual Loops": 1
                                            },
                                            {
                                                "Worker Number": 2,
                                                "Actual Startup Time": 0.276,
                                                "Actual Total Time": 282.407,
                                                "Actual Rows": 1307301,
                                                "Actual Loops": 1
                                            },
                                            {
                                                "Worker Number": 3,
                                                "Actual Startup Time": 0.277,
                                                "Actual Total Time": 283.449,
                                                "Actual Rows": 1431068,
                                                "Actual Loops": 1
                                            },
                                            {
                                                "Worker Number": 4,
                                                "Actual Startup Time": 0.228,
                                                "Actual Total Time": 280.866,
                                                "Actual Rows": 1301273,
                                                "Actual Loops": 1
                                            },
                                            {
                                                "Worker Number": 5,
                                                "Actual Startup Time": 0.121,
                                                "Actual Total Time": 279.593,
                                                "Actual Rows": 1285848,
                                                "Actual Loops": 1
                                            }
                                        ]
                                    },
                                    {
                                        "Node Type": "Hash",
                                        "Parent Relationship": "Inner",
                                        "Parallel Aware": true,
                                        "Startup Cost": 92778.47,
                                        "Total Cost": 92778.47,
                                        "Plan Rows": 1108469,
                                        "Plan Width": 8,
                                        "Actual Startup Time": 569.822,
                                        "Actual Total Time": 569.826,
                                        "Actual Rows": 574871,
                                        "Actual Loops": 7,
                                        "Output": [
                                            "t.id",
                                            "mk.movie_id"
                                        ],
                                        "Hash Buckets": 4194304,
                                        "Original Hash Buckets": 4194304,
                                        "Hash Batches": 1,
                                        "Original Hash Batches": 1,
                                        "Peak Memory Usage": 190272,
                                        "Workers": [
                                            {
                                                "Worker Number": 0,
                                                "Actual Startup Time": 572.339,
                                                "Actual Total Time": 572.343,
                                                "Actual Rows": 597669,
                                                "Actual Loops": 1
                                            },
                                            {
                                                "Worker Number": 1,
                                                "Actual Startup Time": 572.401,
                                                "Actual Total Time": 572.404,
                                                "Actual Rows": 558889,
                                                "Actual Loops": 1
                                            },
                                            {
                                                "Worker Number": 2,
                                                "Actual Startup Time": 572.481,
                                                "Actual Total Time": 572.484,
                                                "Actual Rows": 551258,
                                                "Actual Loops": 1
                                            },
                                            {
                                                "Worker Number": 3,
                                                "Actual Startup Time": 572.264,
                                                "Actual Total Time": 572.267,
                                                "Actual Rows": 600527,
                                                "Actual Loops": 1
                                            },
                                            {
                                                "Worker Number": 4,
                                                "Actual Startup Time": 572.444,
                                                "Actual Total Time": 572.448,
                                                "Actual Rows": 556915,
                                                "Actual Loops": 1
                                            },
                                            {
                                                "Worker Number": 5,
                                                "Actual Startup Time": 572.448,
                                                "Actual Total Time": 572.452,
                                                "Actual Rows": 548038,
                                                "Actual Loops": 1
                                            }
                                        ],
                                        "Plans": [
                                            {
                                                "Node Type": "Hash Join",
                                                "Parent Relationship": "Outer",
                                                "Parallel Aware": true,
                                                "Join Type": "Inner",
                                                "Startup Cost": 49900.39,
                                                "Total Cost": 92778.47,
                                                "Plan Rows": 1108469,
                                                "Plan Width": 8,
                                                "Actual Startup Time": 209.537,
                                                "Actual Total Time": 411.415,
                                                "Actual Rows": 574871,
                                                "Actual Loops": 7,
                                                "Output": [
                                                    "t.id",
                                                    "mk.movie_id"
                                                ],
                                                "Inner Unique": true,
                                                "Hash Cond": "(mk.movie_id = t.id)",
                                                "Workers": [
                                                    {
                                                        "Worker Number": 0,
                                                        "Actual Startup Time": 209.485,
                                                        "Actual Total Time": 410.619,
                                                        "Actual Rows": 597669,
                                                        "Actual Loops": 1
                                                    },
                                                    {
                                                        "Worker Number": 1,
                                                        "Actual Startup Time": 209.515,
                                                        "Actual Total Time": 412.83,
                                                        "Actual Rows": 558889,
                                                        "Actual Loops": 1
                                                    },
                                                    {
                                                        "Worker Number": 2,
                                                        "Actual Startup Time": 209.527,
                                                        "Actual Total Time": 412.665,
                                                        "Actual Rows": 551258,
                                                        "Actual Loops": 1
                                                    },
                                                    {
                                                        "Worker Number": 3,
                                                        "Actual Startup Time": 209.511,
                                                        "Actual Total Time": 411.298,
                                                        "Actual Rows": 600527,
                                                        "Actual Loops": 1
                                                    },
                                                    {
                                                        "Worker Number": 4,
                                                        "Actual Startup Time": 209.528,
                                                        "Actual Total Time": 413.348,
                                                        "Actual Rows": 556915,
                                                        "Actual Loops": 1
                                                    },
                                                    {
                                                        "Worker Number": 5,
                                                        "Actual Startup Time": 209.528,
                                                        "Actual Total Time": 412.051,
                                                        "Actual Rows": 548038,
                                                        "Actual Loops": 1
                                                    }
                                                ],
                                                "Plans": [
                                                    {
                                                        "Node Type": "Seq Scan",
                                                        "Parent Relationship": "Outer",
                                                        "Parallel Aware": true,
                                                        "Relation Name": "movie_keyword",
                                                        "Schema": "public",
                                                        "Alias": "mk",
                                                        "Startup Cost": 0.0,
                                                        "Total Cost": 39047.32,
                                                        "Plan Rows": 1459332,
                                                        "Plan Width": 4,
                                                        "Actual Startup Time": 0.015,
                                                        "Actual Total Time": 72.874,
                                                        "Actual Rows": 646276,
                                                        "Actual Loops": 7,
                                                        "Output": [
                                                            "mk.id",
                                                            "mk.movie_id",
                                                            "mk.keyword_id"
                                                        ],
                                                        "Workers": [
                                                            {
                                                                "Worker Number": 0,
                                                                "Actual Startup Time": 0.011,
                                                                "Actual Total Time": 75.219,
                                                                "Actual Rows": 669885,
                                                                "Actual Loops": 1
                                                            },
                                                            {
                                                                "Worker Number": 1,
                                                                "Actual Startup Time": 0.014,
                                                                "Actual Total Time": 75.805,
                                                                "Actual Rows": 629370,
                                                                "Actual Loops": 1
                                                            },
                                                            {
                                                                "Worker Number": 2,
                                                                "Actual Startup Time": 0.015,
                                                                "Actual Total Time": 75.599,
                                                                "Actual Rows": 621230,
                                                                "Actual Loops": 1
                                                            },
                                                            {
                                                                "Worker Number": 3,
                                                                "Actual Startup Time": 0.025,
                                                                "Actual Total Time": 74.89,
                                                                "Actual Rows": 672290,
                                                                "Actual Loops": 1
                                                            },
                                                            {
                                                                "Worker Number": 4,
                                                                "Actual Startup Time": 0.013,
                                                                "Actual Total Time": 75.91,
                                                                "Actual Rows": 626225,
                                                                "Actual Loops": 1
                                                            },
                                                            {
                                                                "Worker Number": 5,
                                                                "Actual Startup Time": 0.019,
                                                                "Actual Total Time": 75.295,
                                                                "Actual Rows": 616605,
                                                                "Actual Loops": 1
                                                            }
                                                        ]
                                                    },
                                                    {
                                                        "Node Type": "Hash",
                                                        "Parent Relationship": "Inner",
                                                        "Parallel Aware": true,
                                                        "Startup Cost": 43899.01,
                                                        "Total Cost": 43899.01,
                                                        "Plan Rows": 480111,
                                                        "Plan Width": 4,
                                                        "Actual Startup Time": 207.597,
                                                        "Actual Total Time": 207.598,
                                                        "Actual Rows": 274693,
                                                        "Actual Loops": 7,
                                                        "Output": [
                                                            "t.id"
                                                        ],
                                                        "Hash Buckets": 2097152,
                                                        "Original Hash Buckets": 2097152,
                                                        "Hash Batches": 1,
                                                        "Original Hash Batches": 1,
                                                        "Peak Memory Usage": 91712,
                                                        "Workers": [
                                                            {
                                                                "Worker Number": 0,
                                                                "Actual Startup Time": 209.378,
                                                                "Actual Total Time": 209.379,
                                                                "Actual Rows": 266438,
                                                                "Actual Loops": 1
                                                            },
                                                            {
                                                                "Worker Number": 1,
                                                                "Actual Startup Time": 209.407,
                                                                "Actual Total Time": 209.408,
                                                                "Actual Rows": 260352,
                                                                "Actual Loops": 1
                                                            },
                                                            {
                                                                "Worker Number": 2,
                                                                "Actual Startup Time": 209.444,
                                                                "Actual Total Time": 209.445,
                                                                "Actual Rows": 262342,
                                                                "Actual Loops": 1
                                                            },
                                                            {
                                                                "Worker Number": 3,
                                                                "Actual Startup Time": 209.376,
                                                                "Actual Total Time": 209.377,
                                                                "Actual Rows": 267869,
                                                                "Actual Loops": 1
                                                            },
                                                            {
                                                                "Worker Number": 4,
                                                                "Actual Startup Time": 209.417,
                                                                "Actual Total Time": 209.418,
                                                                "Actual Rows": 257870,
                                                                "Actual Loops": 1
                                                            },
                                                            {
                                                                "Worker Number": 5,
                                                                "Actual Startup Time": 209.417,
                                                                "Actual Total Time": 209.418,
                                                                "Actual Rows": 254235,
                                                                "Actual Loops": 1
                                                            }
                                                        ],
                                                        "Plans": [
                                                            {
                                                                "Node Type": "Seq Scan",
                                                                "Parent Relationship": "Outer",
                                                                "Parallel Aware": true,
                                                                "Relation Name": "title",
                                                                "Schema": "public",
                                                                "Alias": "t",
                                                                "Startup Cost": 0.0,
                                                                "Total Cost": 43899.01,
                                                                "Plan Rows": 480111,
                                                                "Plan Width": 4,
                                                                "Actual Startup Time": 0.077,
                                                                "Actual Total Time": 80.697,
                                                                "Actual Rows": 274693,
                                                                "Actual Loops": 7,
                                                                "Output": [
                                                                    "t.id"
                                                                ],
                                                                "Filter": "(t.production_year < 2010)",
                                                                "Rows Removed by Filter": 86495,
                                                                "Workers": [
                                                                    {
                                                                        "Worker Number": 0,
                                                                        "Actual Startup Time": 0.086,
                                                                        "Actual Total Time": 79.38,
                                                                        "Actual Rows": 266438,
                                                                        "Actual Loops": 1
                                                                    },
                                                                    {
                                                                        "Worker Number": 1,
                                                                        "Actual Startup Time": 0.094,
                                                                        "Actual Total Time": 83.236,
                                                                        "Actual Rows": 260352,
                                                                        "Actual Loops": 1
                                                                    },
                                                                    {
                                                                        "Worker Number": 2,
                                                                        "Actual Startup Time": 0.077,
                                                                        "Actual Total Time": 83.895,
                                                                        "Actual Rows": 262342,
                                                                        "Actual Loops": 1
                                                                    },
                                                                    {
                                                                        "Worker Number": 3,
                                                                        "Actual Startup Time": 0.095,
                                                                        "Actual Total Time": 80.154,
                                                                        "Actual Rows": 267869,
                                                                        "Actual Loops": 1
                                                                    },
                                                                    {
                                                                        "Worker Number": 4,
                                                                        "Actual Startup Time": 0.081,
                                                                        "Actual Total Time": 83.633,
                                                                        "Actual Rows": 257870,
                                                                        "Actual Loops": 1
                                                                    },
                                                                    {
                                                                        "Worker Number": 5,
                                                                        "Actual Startup Time": 0.083,
                                                                        "Actual Total Time": 83.068,
                                                                        "Actual Rows": 254235,
                                                                        "Actual Loops": 1
                                                                    }
                                                                ]
                                                            }
                                                        ]
                                                    }
                                                ]
                                            }
                                        ]
                                    }
                                ]
                            }
                        ]
                    }
                ]
            }
        ]
    },
    "Planning Time": 1.518,
    "Triggers": [],
    "Execution Time": 2516.663
}