[
  {
    "Plan": {
      "Node Type": "Aggregate",
      "Strategy": "Plain",
      "Partial Mode": "Finalize",
      "Parallel Aware": false,
      "Startup Cost": 351962.47,
      "Total Cost": 351962.48,
      "Plan Rows": 1,
      "Plan Width": 96,
      "Actual Startup Time": 1557.941,
      "Actual Total Time": 1656.814,
      "Actual Rows": 1,
      "Actual Loops": 1,
      "Plans": [
        {
          "Node Type": "Gather",
          "Parent Relationship": "Outer",
          "Parallel Aware": false,
          "Startup Cost": 351962.03,
          "Total Cost": 351962.44,
          "Plan Rows": 4,
          "Plan Width": 96,
          "Actual Startup Time": 1555.707,
          "Actual Total Time": 1656.798,
          "Actual Rows": 5,
          "Actual Loops": 1,
          "Workers Planned": 4,
          "Workers Launched": 4,
          "Single Copy": false,
          "Plans": [
            {
              "Node Type": "Aggregate",
              "Strategy": "Plain",
              "Partial Mode": "Partial",
              "Parent Relationship": "Outer",
              "Parallel Aware": false,
              "Startup Cost": 350962.03,
              "Total Cost": 350962.04,
              "Plan Rows": 1,
              "Plan Width": 96,
              "Actual Startup Time": 1543.061,
              "Actual Total Time": 1543.101,
              "Actual Rows": 1,
              "Actual Loops": 5,
              "Plans": [
                {
                  "Node Type": "Hash Join",
                  "Parent Relationship": "Outer",
                  "Parallel Aware": false,
                  "Join Type": "Inner",
                  "Startup Cost": 305770.67,
                  "Total Cost": 350962.03,
                  "Plan Rows": 1,
                  "Plan Width": 42,
                  "Actual Startup Time": 1399.59,
                  "Actual Total Time": 1542.234,
                  "Actual Rows": 5589,
                  "Actual Loops": 5,
                  "Inner Unique": true,
                  "Hash Cond": "(t.kind_id = kt.id)",
                  "Plans": [
                    {
                      "Node Type": "Hash Join",
                      "Parent Relationship": "Outer",
                      "Parallel Aware": true,
                      "Join Type": "Inner",
                      "Startup Cost": 305769.56,
                      "Total Cost": 350960.91,
                      "Plan Rows": 1,
                      "Plan Width": 46,
                      "Actual Startup Time": 1393.713,
                      "Actual Total Time": 1540.493,
                      "Actual Rows": 6091,
                      "Actual Loops": 5,
                      "Inner Unique": false,
                      "Hash Cond": "(t.id = mi.movie_id)",
                      "Plans": [
                        {
                          "Node Type": "Seq Scan",
                          "Parent Relationship": "Outer",
                          "Parallel Aware": true,
                          "Relation Name": "title",
                          "Alias": "t",
                          "Startup Cost": 0.0,
                          "Total Cost": 43898.62,
                          "Plan Rows": 344727,
                          "Plan Width": 25,
                          "Actual Startup Time": 0.042,
                          "Actual Total Time": 111.058,
                          "Actual Rows": 276291,
                          "Actual Loops": 5,
                          "Filter": "(production_year > 2000)",
                          "Rows Removed by Filter": 229372
                        },
                        {
                          "Node Type": "Hash",
                          "Parent Relationship": "Inner",
                          "Parallel Aware": true,
                          "Startup Cost": 305769.55,
                          "Total Cost": 305769.55,
                          "Plan Rows": 1,
                          "Plan Width": 41,
                          "Actual Startup Time": 1386.115,
                          "Actual Total Time": 1386.148,
                          "Actual Rows": 8037,
                          "Actual Loops": 5,
                          "Hash Buckets": 65536,
                          "Original Hash Buckets": 1024,
                          "Hash Batches": 1,
                          "Original Hash Batches": 1,
                          "Peak Memory Usage": 4120,
                          "Plans": [
                            {
                              "Node Type": "Hash Join",
                              "Parent Relationship": "Outer",
                              "Parallel Aware": false,
                              "Join Type": "Inner",
                              "Startup Cost": 300768.77,
                              "Total Cost": 305769.55,
                              "Plan Rows": 1,
                              "Plan Width": 41,
                              "Actual Startup Time": 1356.999,
                              "Actual Total Time": 1376.517,
                              "Actual Rows": 8037,
                              "Actual Loops": 5,
                              "Inner Unique": true,
                              "Hash Cond": "(mc.company_type_id = ct.id)",
                              "Plans": [
                                {
                                  "Node Type": "Hash Join",
                                  "Parent Relationship": "Outer",
                                  "Parallel Aware": true,
                                  "Join Type": "Inner",
                                  "Startup Cost": 300767.68,
                                  "Total Cost": 305768.45,
                                  "Plan Rows": 1,
                                  "Plan Width": 45,
                                  "Actual Startup Time": 1356.894,
                                  "Actual Total Time": 1374.879,
                                  "Actual Rows": 8037,
                                  "Actual Loops": 5,
                                  "Inner Unique": false,
                                  "Hash Cond": "(cn.id = mc.company_id)",
                                  "Plans": [
                                    {
                                      "Node Type": "Seq Scan",
                                      "Parent Relationship": "Outer",
                                      "Parallel Aware": true,
                                      "Relation Name": "company_name",
                                      "Alias": "cn",
                                      "Startup Cost": 0.0,
                                      "Total Cost": 4722.92,
                                      "Plan Rows": 74093,
                                      "Plan Width": 23,
                                      "Actual Startup Time": 0.025,
                                      "Actual Total Time": 11.323,
                                      "Actual Rows": 25246,
                                      "Actual Loops": 5,
                                      "Filter": "((country_code)::text <> '[us]'::text)",
                                      "Rows Removed by Filter": 21753
                                    },
                                    {
                                      "Node Type": "Hash",
                                      "Parent Relationship": "Inner",
                                      "Parallel Aware": true,
                                      "Startup Cost": 300767.66,
                                      "Total Cost": 300767.66,
                                      "Plan Rows": 1,
                                      "Plan Width": 30,
                                      "Actual Startup Time": 1356.717,
                                      "Actual Total Time": 1356.743,
                                      "Actual Rows": 8843,
                                      "Actual Loops": 5,
                                      "Hash Buckets": 65536,
                                      "Original Hash Buckets": 1024,
                                      "Hash Batches": 1,
                                      "Original Hash Batches": 1,
                                      "Peak Memory Usage": 3864,
                                      "Plans": [
                                        {
                                          "Node Type": "Hash Join",
                                          "Parent Relationship": "Outer",
                                          "Parallel Aware": true,
                                          "Join Type": "Inner",
                                          "Startup Cost": 269174.21,
                                          "Total Cost": 300767.66,
                                          "Plan Rows": 1,
                                          "Plan Width": 30,
                                          "Actual Startup Time": 1206.807,
                                          "Actual Total Time": 1333.212,
                                          "Actual Rows": 8843,
                                          "Actual Loops": 5,
                                          "Inner Unique": false,
                                          "Hash Cond": "(mc.movie_id = mi.movie_id)",
                                          "Plans": [
                                            {
                                              "Node Type": "Seq Scan",
                                              "Parent Relationship": "Outer",
                                              "Parallel Aware": true,
                                              "Relation Name": "movie_companies",
                                              "Alias": "mc",
                                              "Startup Cost": 0.0,
                                              "Total Cost": 31414.82,
                                              "Plan Rows": 47635,
                                              "Plan Width": 12,
                                              "Actual Startup Time": 0.05,
                                              "Actual Total Time": 116.263,
                                              "Actual Rows": 60654,
                                              "Actual Loops": 5,
                                              "Filter": "((note !~~ '%(USA)%'::text) AND (note ~~ '%(200%)%'::text))",
                                              "Rows Removed by Filter": 461172
                                            },
                                            {
                                              "Node Type": "Hash",
                                              "Parent Relationship": "Inner",
                                              "Parallel Aware": true,
                                              "Startup Cost": 269174.19,
                                              "Total Cost": 269174.19,
                                              "Plan Rows": 1,
                                              "Plan Width": 18,
                                              "Actual Startup Time": 1204.996,
                                              "Actual Total Time": 1205.019,
                                              "Actual Rows": 3217,
                                              "Actual Loops": 5,
                                              "Hash Buckets": 16384,
                                              "Original Hash Buckets": 1024,
                                              "Hash Batches": 1,
                                              "Original Hash Batches": 1,
                                              "Peak Memory Usage": 1112,
                                              "Plans": [
                                                {
                                                  "Node Type": "Hash Join",
                                                  "Parent Relationship": "Outer",
                                                  "Parallel Aware": true,
                                                  "Join Type": "Inner",
                                                  "Startup Cost": 62315.43,
                                                  "Total Cost": 269174.19,
                                                  "Plan Rows": 1,
                                                  "Plan Width": 18,
                                                  "Actual Startup Time": 994.599,
                                                  "Actual Total Time": 1166.057,
                                                  "Actual Rows": 3217,
                                                  "Actual Loops": 5,
                                                  "Inner Unique": false,
                                                  "Hash Cond": "(mi.movie_id = mk.movie_id)",
                                                  "Plans": [
                                                    {
                                                      "Node Type": "Hash Join",
                                                      "Parent Relationship": "Outer",
                                                      "Parallel Aware": false,
                                                      "Join Type": "Inner",
                                                      "Startup Cost": 2.43,
                                                      "Total Cost": 206856.98,
                                                      "Plan Rows": 1120,
                                                      "Plan Width": 4,
                                                      "Actual Startup Time": 562.175,
                                                      "Actual Total Time": 714.431,
                                                      "Actual Rows": 117753,
                                                      "Actual Loops": 5,
                                                      "Inner Unique": true,
                                                      "Hash Cond": "(mi.info_type_id = it1.id)",
                                                      "Plans": [
                                                        {
                                                          "Node Type": "Seq Scan",
                                                          "Parent Relationship": "Outer",
                                                          "Parallel Aware": true,
                                                          "Relation Name": "movie_info",
                                                          "Alias": "mi",
                                                          "Startup Cost": 0.0,
                                                          "Total Cost": 206509.76,
                                                          "Plan Rows": 126602,
                                                          "Plan Width": 8,
                                                          "Actual Startup Time": 0.319,
                                                          "Actual Total Time": 689.357,
                                                          "Actual Rows": 133867,
                                                          "Actual Loops": 5,
                                                          "Filter": "(info = ANY ('{Germany,German,USA,American}'::text[]))",
                                                          "Rows Removed by Filter": 2833277
                                                        },
                                                        {
                                                          "Node Type": "Hash",
                                                          "Parent Relationship": "Inner",
                                                          "Parallel Aware": false,
                                                          "Startup Cost": 2.41,
                                                          "Total Cost": 2.41,
                                                          "Plan Rows": 1,
                                                          "Plan Width": 4,
                                                          "Actual Startup Time": 0.028,
                                                          "Actual Total Time": 0.03,
                                                          "Actual Rows": 1,
                                                          "Actual Loops": 5,
                                                          "Hash Buckets": 1024,
                                                          "Original Hash Buckets": 1024,
                                                          "Hash Batches": 1,
                                                          "Original Hash Batches": 1,
                                                          "Peak Memory Usage": 9,
                                                          "Plans": [
                                                            {
                                                              "Node Type": "Seq Scan",
                                                              "Parent Relationship": "Outer",
                                                              "Parallel Aware": false,
                                                              "Relation Name": "info_type",
                                                              "Alias": "it1",
                                                              "Startup Cost": 0.0,
                                                              "Total Cost": 2.41,
                                                              "Plan Rows": 1,
                                                              "Plan Width": 4,
                                                              "Actual Startup Time": 0.013,
                                                              "Actual Total Time": 0.021,
                                                              "Actual Rows": 1,
                                                              "Actual Loops": 5,
                                                              "Filter": "((info)::text = 'countries'::text)",
                                                              "Rows Removed by Filter": 112
                                                            }
                                                          ]
                                                        }
                                                      ]
                                                    },
                                                    {
                                                      "Node Type": "Hash",
                                                      "Parent Relationship": "Inner",
                                                      "Parallel Aware": true,
                                                      "Startup Cost": 62312.99,
                                                      "Total Cost": 62312.99,
                                                      "Plan Rows": 1,
                                                      "Plan Width": 14,
                                                      "Actual Startup Time": 431.816,
                                                      "Actual Total Time": 431.83,
                                                      "Actual Rows": 4960,
                                                      "Actual Loops": 5,
                                                      "Hash Buckets": 32768,
                                                      "Original Hash Buckets": 1024,
                                                      "Hash Batches": 1,
                                                      "Original Hash Batches": 1,
                                                      "Peak Memory Usage": 1752,
                                                      "Plans": [
                                                        {
                                                          "Node Type": "Hash Join",
                                                          "Parent Relationship": "Outer",
                                                          "Parallel Aware": true,
                                                          "Join Type": "Inner",
                                                          "Startup Cost": 45842.77,
                                                          "Total Cost": 62312.99,
                                                          "Plan Rows": 1,
                                                          "Plan Width": 14,
                                                          "Actual Startup Time": 310.278,
                                                          "Actual Total Time": 406.126,
                                                          "Actual Rows": 4960,
                                                          "Actual Loops": 5,
                                                          "Inner Unique": false,
                                                          "Hash Cond": "(mi_idx.movie_id = mk.movie_id)",
                                                          "Plans": [
                                                            {
                                                              "Node Type": "Hash Join",
                                                              "Parent Relationship": "Outer",
                                                              "Parallel Aware": false,
                                                              "Join Type": "Inner",
                                                              "Startup Cost": 2.43,
                                                              "Total Cost": 16456.42,
                                                              "Plan Rows": 4326,
                                                              "Plan Width": 10,
                                                              "Actual Startup Time": 0.177,
                                                              "Actual Total Time": 83.689,
                                                              "Actual Rows": 64823,
                                                              "Actual Loops": 5,
                                                              "Inner Unique": true,
                                                              "Hash Cond": "(mi_idx.info_type_id = it2.id)",
                                                              "Plans": [
                                                                {
                                                                  "Node Type": "Seq Scan",
                                                                  "Parent Relationship": "Outer",
                                                                  "Parallel Aware": true,
                                                                  "Relation Name": "movie_info_idx",
                                                                  "Alias": "mi_idx",
                                                                  "Startup Cost": 0.0,
                                                                  "Total Cost": 15122.68,
                                                                  "Plan Rows": 488832,
                                                                  "Plan Width": 14,
                                                                  "Actual Startup Time": 0.035,
                                                                  "Actual Total Time": 58.583,
                                                                  "Actual Rows": 234592,
                                                                  "Actual Loops": 5,
                                                                  "Filter": "(info < '7.0'::text)",
                                                                  "Rows Removed by Filter": 41415
                                                                },
                                                                {
                                                                  "Node Type": "Hash",
                                                                  "Parent Relationship": "Inner",
                                                                  "Parallel Aware": false,
                                                                  "Startup Cost": 2.41,
                                                                  "Total Cost": 2.41,
                                                                  "Plan Rows": 1,
                                                                  "Plan Width": 4,
                                                                  "Actual Startup Time": 0.073,
                                                                  "Actual Total Time": 0.076,
                                                                  "Actual Rows": 1,
                                                                  "Actual Loops": 5,
                                                                  "Hash Buckets": 1024,
                                                                  "Original Hash Buckets": 1024,
                                                                  "Hash Batches": 1,
                                                                  "Original Hash Batches": 1,
                                                                  "Peak Memory Usage": 9,
                                                                  "Plans": [
                                                                    {
                                                                      "Node Type": "Seq Scan",
                                                                      "Parent Relationship": "Outer",
                                                                      "Parallel Aware": false,
                                                                      "Relation Name": "info_type",
                                                                      "Alias": "it2",
                                                                      "Startup Cost": 0.0,
                                                                      "Total Cost": 2.41,
                                                                      "Plan Rows": 1,
                                                                      "Plan Width": 4,
                                                                      "Actual Startup Time": 0.062,
                                                                      "Actual Total Time": 0.065,
                                                                      "Actual Rows": 1,
                                                                      "Actual Loops": 5,
                                                                      "Filter": "((info)::text = 'rating'::text)",
                                                                      "Rows Removed by Filter": 112
                                                                    }
                                                                  ]
                                                                }
                                                              ]
                                                            },
                                                            {
                                                              "Node Type": "Hash",
                                                              "Parent Relationship": "Inner",
                                                              "Parallel Aware": true,
                                                              "Startup Cost": 45839.79,
                                                              "Total Cost": 45839.79,
                                                              "Plan Rows": 44,
                                                              "Plan Width": 4,
                                                              "Actual Startup Time": 309.726,
                                                              "Actual Total Time": 309.73,
                                                              "Actual Rows": 7418,
                                                              "Actual Loops": 5,
                                                              "Hash Buckets": 65536,
                                                              "Original Hash Buckets": 1024,
                                                              "Hash Batches": 1,
                                                              "Original Hash Batches": 1,
                                                              "Peak Memory Usage": 2616,
                                                              "Plans": [
                                                                {
                                                                  "Node Type": "Hash Join",
                                                                  "Parent Relationship": "Outer",
                                                                  "Parallel Aware": false,
                                                                  "Join Type": "Inner",
                                                                  "Startup Cost": 2961.6,
                                                                  "Total Cost": 45839.79,
                                                                  "Plan Rows": 44,
                                                                  "Plan Width": 4,
                                                                  "Actual Startup Time": 37.802,
                                                                  "Actual Total Time": 256.481,
                                                                  "Actual Rows": 7418,
                                                                  "Actual Loops": 5,
                                                                  "Inner Unique": true,
                                                                  "Hash Cond": "(mk.keyword_id = k.id)",
                                                                  "Plans": [
                                                                    {
                                                                      "Node Type": "Seq Scan",
                                                                      "Parent Relationship": "Outer",
                                                                      "Parallel Aware": true,
                                                                      "Relation Name": "movie_keyword",
                                                                      "Alias": "mk",
                                                                      "Startup Cost": 0.0,
                                                                      "Total Cost": 39047.32,
                                                                      "Plan Rows": 1459332,
                                                                      "Plan Width": 8,
                                                                      "Actual Startup Time": 0.062,
                                                                      "Actual Total Time": 129.752,
                                                                      "Actual Rows": 904786,
                                                                      "Actual Loops": 5
                                                                    },
                                                                    {
                                                                      "Node Type": "Hash",
                                                                      "Parent Relationship": "Inner",
                                                                      "Parallel Aware": false,
                                                                      "Startup Cost": 2961.55,
                                                                      "Total Cost": 2961.55,
                                                                      "Plan Rows": 4,
                                                                      "Plan Width": 4,
                                                                      "Actual Startup Time": 37.544,
                                                                      "Actual Total Time": 37.545,
                                                                      "Actual Rows": 3,
                                                                      "Actual Loops": 5,
                                                                      "Hash Buckets": 1024,
                                                                      "Original Hash Buckets": 1024,
                                                                      "Hash Batches": 1,
                                                                      "Original Hash Batches": 1,
                                                                      "Peak Memory Usage": 9,
                                                                      "Plans": [
                                                                        {
                                                                          "Node Type": "Seq Scan",
                                                                          "Parent Relationship": "Outer",
                                                                          "Parallel Aware": false,
                                                                          "Relation Name": "keyword",
                                                                          "Alias": "k",
                                                                          "Startup Cost": 0.0,
                                                                          "Total Cost": 2961.55,
                                                                          "Plan Rows": 4,
                                                                          "Plan Width": 4,
                                                                          "Actual Startup Time": 2.808,
                                                                          "Actual Total Time": 37.53,
                                                                          "Actual Rows": 3,
                                                                          "Actual Loops": 5,
                                                                          "Filter": "(keyword = ANY ('{murder,murder-in-title,blood,violence}'::text[]))",
                                                                          "Rows Removed by Filter": 134167
                                                                        }
                                                                      ]
                                                                    }
                                                                  ]
                                                                }
                                                              ]
                                                            }
                                                          ]
                                                        }
                                                      ]
                                                    }
                                                  ]
                                                }
                                              ]
                                            }
                                          ]
                                        }
                                      ]
                                    }
                                  ]
                                },
                                {
                                  "Node Type": "Hash",
                                  "Parent Relationship": "Inner",
                                  "Parallel Aware": false,
                                  "Startup Cost": 1.04,
                                  "Total Cost": 1.04,
                                  "Plan Rows": 4,
                                  "Plan Width": 4,
                                  "Actual Startup Time": 0.061,
                                  "Actual Total Time": 0.062,
                                  "Actual Rows": 4,
                                  "Actual Loops": 5,
                                  "Hash Buckets": 1024,
                                  "Original Hash Buckets": 1024,
                                  "Hash Batches": 1,
                                  "Original Hash Batches": 1,
                                  "Peak Memory Usage": 9,
                                  "Plans": [
                                    {
                                      "Node Type": "Seq Scan",
                                      "Parent Relationship": "Outer",
                                      "Parallel Aware": false,
                                      "Relation Name": "company_type",
                                      "Alias": "ct",
                                      "Startup Cost": 0.0,
                                      "Total Cost": 1.04,
                                      "Plan Rows": 4,
                                      "Plan Width": 4,
                                      "Actual Startup Time": 0.045,
                                      "Actual Total Time": 0.048,
                                      "Actual Rows": 4,
                                      "Actual Loops": 5
                                    }
                                  ]
                                }
                              ]
                            }
                          ]
                        }
                      ]
                    },
                    {
                      "Node Type": "Hash",
                      "Parent Relationship": "Inner",
                      "Parallel Aware": false,
                      "Startup Cost": 1.09,
                      "Total Cost": 1.09,
                      "Plan Rows": 2,
                      "Plan Width": 4,
                      "Actual Startup Time": 0.102,
                      "Actual Total Time": 0.105,
                      "Actual Rows": 2,
                      "Actual Loops": 5,
                      "Hash Buckets": 1024,
                      "Original Hash Buckets": 1024,
                      "Hash Batches": 1,
                      "Original Hash Batches": 1,
                      "Peak Memory Usage": 9,
                      "Plans": [
                        {
                          "Node Type": "Seq Scan",
                          "Parent Relationship": "Outer",
                          "Parallel Aware": false,
                          "Relation Name": "kind_type",
                          "Alias": "kt",
                          "Startup Cost": 0.0,
                          "Total Cost": 1.09,
                          "Plan Rows": 2,
                          "Plan Width": 4,
                          "Actual Startup Time": 0.077,
                          "Actual Total Time": 0.083,
                          "Actual Rows": 2,
                          "Actual Loops": 5,
                          "Filter": "((kind)::text = ANY ('{movie,episode}'::text[]))",
                          "Rows Removed by Filter": 5
                        }
                      ]
                    }
                  ]
                }
              ]
            }
          ]
        }
      ]
    },
    "Planning Time": 42.029,
    "Triggers": [],
    "Execution Time": 1657.471
  }
]