[
  {
    "Plan": {
      "Node Type": "Aggregate",
      "Strategy": "Plain",
      "Partial Mode": "Finalize",
      "Parallel Aware": false,
      "Startup Cost": 207077.04,
      "Total Cost": 207077.05,
      "Plan Rows": 1,
      "Plan Width": 8,
      "Actual Startup Time": 470.387,
      "Actual Total Time": 512.274,
      "Actual Rows": 1,
      "Actual Loops": 1,
      "Plans": [
        {
          "Node Type": "Gather",
          "Parent Relationship": "Outer",
          "Parallel Aware": false,
          "Startup Cost": 207076.52,
          "Total Cost": 207077.03,
          "Plan Rows": 5,
          "Plan Width": 8,
          "Actual Startup Time": 470.216,
          "Actual Total Time": 512.25,
          "Actual Rows": 6,
          "Actual Loops": 1,
          "Workers Planned": 5,
          "Workers Launched": 5,
          "Single Copy": false,
          "Plans": [
            {
              "Node Type": "Aggregate",
              "Strategy": "Plain",
              "Partial Mode": "Partial",
              "Parent Relationship": "Outer",
              "Parallel Aware": false,
              "Startup Cost": 206076.52,
              "Total Cost": 206076.53,
              "Plan Rows": 1,
              "Plan Width": 8,
              "Actual Startup Time": 466.153,
              "Actual Total Time": 466.158,
              "Actual Rows": 1,
              "Actual Loops": 6,
              "Plans": [
                {
                  "Node Type": "Seq Scan",
                  "Parent Relationship": "Outer",
                  "Parallel Aware": true,
                  "Relation Name": "movie_info",
                  "Alias": "mi",
                  "Startup Cost": 0.0,
                  "Total Cost": 199108.24,
                  "Plan Rows": 2787310,
                  "Plan Width": 0,
                  "Actual Startup Time": 0.031,
                  "Actual Total Time": 366.659,
                  "Actual Rows": 2323363,
                  "Actual Loops": 6,
                  "Filter": "(info_type_id < 96)",
                  "Rows Removed by Filter": 149257
                }
              ]
            }
          ]
        }
      ]
    },
    "Planning Time": 0.1,
    "Triggers": [],
    "Execution Time": 512.317
  }
]