[
  {
    "Plan": {
      "Node Type": "Aggregate",
      "Strategy": "Plain",
      "Partial Mode": "Finalize",
      "Parallel Aware": false,
      "Startup Cost": 206871.69,
      "Total Cost": 206871.7,
      "Plan Rows": 1,
      "Plan Width": 8,
      "Actual Startup Time": 528.204,
      "Actual Total Time": 565.9,
      "Actual Rows": 1,
      "Actual Loops": 1,
      "Plans": [
        {
          "Node Type": "Gather",
          "Parent Relationship": "Outer",
          "Parallel Aware": false,
          "Startup Cost": 206871.17,
          "Total Cost": 206871.68,
          "Plan Rows": 5,
          "Plan Width": 8,
          "Actual Startup Time": 528.096,
          "Actual Total Time": 565.89,
          "Actual Rows": 6,
          "Actual Loops": 1,
          "Workers Planned": 5,
          "Workers Launched": 5,
          "Single Copy": false,
          "Plans": [
            {
              "Node Type": "Aggregate",
              "Strategy": "Plain",
              "Partial Mode": "Partial",
              "Parent Relationship": "Outer",
              "Parallel Aware": false,
              "Startup Cost": 205871.17,
              "Total Cost": 205871.18,
              "Plan Rows": 1,
              "Plan Width": 8,
              "Actual Startup Time": 519.73,
              "Actual Total Time": 519.731,
              "Actual Rows": 1,
              "Actual Loops": 6,
              "Plans": [
                {
                  "Node Type": "Seq Scan",
                  "Parent Relationship": "Outer",
                  "Parallel Aware": true,
                  "Relation Name": "movie_info",
                  "Alias": "mi",
                  "Startup Cost": 0.0,
                  "Total Cost": 198952.16,
                  "Plan Rows": 2767601,
                  "Plan Width": 0,
                  "Actual Startup Time": 0.054,
                  "Actual Total Time": 400.107,
                  "Actual Rows": 2323363,
                  "Actual Loops": 6,
                  "Filter": "(info_type_id < 96)",
                  "Rows Removed by Filter": 149257
                }
              ]
            }
          ]
        }
      ]
    },
    "Planning Time": 0.2,
    "Triggers": [],
    "Execution Time": 565.966
  }
]