[
  {
    "Plan": {
      "Node Type": "Aggregate",
      "Strategy": "Plain",
      "Partial Mode": "Finalize",
      "Parallel Aware": false,
      "Startup Cost": 332084.54,
      "Total Cost": 332084.55,
      "Plan Rows": 1,
      "Plan Width": 8,
      "Actual Startup Time": 762.912,
      "Actual Total Time": 811.392,
      "Actual Rows": 1,
      "Actual Loops": 1,
      "Plans": [
        {
          "Node Type": "Gather",
          "Parent Relationship": "Outer",
          "Parallel Aware": false,
          "Startup Cost": 332083.92,
          "Total Cost": 332084.53,
          "Plan Rows": 6,
          "Plan Width": 8,
          "Actual Startup Time": 762.604,
          "Actual Total Time": 811.365,
          "Actual Rows": 7,
          "Actual Loops": 1,
          "Workers Planned": 6,
          "Workers Launched": 6,
          "Single Copy": false,
          "Plans": [
            {
              "Node Type": "Aggregate",
              "Strategy": "Plain",
              "Partial Mode": "Partial",
              "Parent Relationship": "Outer",
              "Parallel Aware": false,
              "Startup Cost": 331083.92,
              "Total Cost": 331083.93,
              "Plan Rows": 1,
              "Plan Width": 8,
              "Actual Startup Time": 754.035,
              "Actual Total Time": 754.036,
              "Actual Rows": 1,
              "Actual Loops": 7,
              "Plans": [
                {
                  "Node Type": "Seq Scan",
                  "Parent Relationship": "Outer",
                  "Parallel Aware": true,
                  "Relation Name": "cast_info",
                  "Alias": "ci",
                  "Startup Cost": 0.0,
                  "Total Cost": 328211.39,
                  "Plan Rows": 1149010,
                  "Plan Width": 0,
                  "Actual Startup Time": 0.052,
                  "Actual Total Time": 692.688,
                  "Actual Rows": 1003041,
                  "Actual Loops": 7,
                  "Filter": "(person_id < 678124)",
                  "Rows Removed by Filter": 4174722
                }
              ]
            }
          ]
        }
      ]
    },
    "Planning Time": 0.117,
    "Triggers": [],
    "Execution Time": 811.439
  }
]