{
  "Plan": {
    "Node Type": "Aggregate",
    "Strategy": "Plain",
    "Partial Mode": "Finalize",
    "Parallel Aware": false,
    "Startup Cost": 385895.96,
    "Total Cost": 385895.97,
    "Plan Rows": 1,
    "Plan Width": 8,
    "Actual Startup Time": 989.801,
    "Actual Total Time": 1013.387,
    "Actual Rows": 1,
    "Actual Loops": 1,
    "Plans": [
      {
        "Node Type": "Gather",
        "Parent Relationship": "Outer",
        "Parallel Aware": false,
        "Startup Cost": 385895.85,
        "Total Cost": 385895.96,
        "Plan Rows": 1,
        "Plan Width": 8,
        "Actual Startup Time": 986.181,
        "Actual Total Time": 1013.375,
        "Actual Rows": 2,
        "Actual Loops": 1,
        "Workers Planned": 1,
        "Workers Launched": 1,
        "Single Copy": false,
        "Plans": [
          {
            "Node Type": "Aggregate",
            "Strategy": "Plain",
            "Partial Mode": "Partial",
            "Parent Relationship": "Outer",
            "Parallel Aware": false,
            "Startup Cost": 384895.85,
            "Total Cost": 384895.86,
            "Plan Rows": 1,
            "Plan Width": 8,
            "Actual Startup Time": 978.915,
            "Actual Total Time": 978.919,
            "Actual Rows": 1,
            "Actual Loops": 2,
            "Plans": [
              {
                "Node Type": "Hash Join",
                "Parent Relationship": "Outer",
                "Parallel Aware": true,
                "Join Type": "Inner",
                "Startup Cost": 111110.43,
                "Total Cost": 384401.61,
                "Plan Rows": 197693,
                "Plan Width": 0,
                "Actual Startup Time": 517.036,
                "Actual Total Time": 962.14,
                "Actual Rows": 328772,
                "Actual Loops": 2,
                "Inner Unique": true,
                "Hash Cond": "(ci.movie_id = t.id)",
                "Plans": [
                  {
                    "Node Type": "Bitmap Heap Scan",
                    "Parent Relationship": "Outer",
                    "Parallel Aware": true,
                    "Relation Name": "cast_info",
                    "Alias": "ci",
                    "Startup Cost": 48284.28,
                    "Total Cost": 320404.34,
                    "Plan Rows": 446140,
                    "Plan Width": 4,
                    "Actual Startup Time": 123.288,
                    "Actual Total Time": 300.466,
                    "Actual Rows": 784744,
                    "Actual Loops": 2,
                    "Recheck Cond": "(person_id < 214809)",
                    "Rows Removed by Index Recheck": 0,
                    "Filter": "(role_id = 1)",
                    "Rows Removed by Filter": 316628,
                    "Exact Heap Blocks": 14714,
                    "Lossy Heap Blocks": 0,
                    "Plans": [
                      {
                        "Node Type": "Bitmap Index Scan",
                        "Parent Relationship": "Outer",
                        "Parallel Aware": false,
                        "Index Name": "person_id_cast_info",
                        "Startup Cost": 0.0,
                        "Total Cost": 48094.67,
                        "Plan Rows": 2202414,
                        "Plan Width": 0,
                        "Actual Startup Time": 117.8,
                        "Actual Total Time": 117.8,
                        "Actual Rows": 2202745,
                        "Actual Loops": 1,
                        "Index Cond": "(person_id < 214809)"
                      }
                    ]
                  },
                  {
                    "Node Type": "Hash",
                    "Parent Relationship": "Inner",
                    "Parallel Aware": true,
                    "Startup Cost": 54588.39,
                    "Total Cost": 54588.39,
                    "Plan Rows": 659021,
                    "Plan Width": 4,
                    "Actual Startup Time": 379.467,
                    "Actual Total Time": 379.468,
                    "Actual Rows": 553962,
                    "Actual Loops": 2,
                    "Hash Buckets": 2097152,
                    "Original Hash Buckets": 2097152,
                    "Hash Batches": 1,
                    "Original Hash Batches": 1,
                    "Peak Memory Usage": 59776,
                    "Plans": [
                      {
                        "Node Type": "Seq Scan",
                        "Parent Relationship": "Outer",
                        "Parallel Aware": true,
                        "Relation Name": "title",
                        "Alias": "t",
                        "Startup Cost": 0.0,
                        "Total Cost": 54588.39,
                        "Plan Rows": 659021,
                        "Plan Width": 4,
                        "Actual Startup Time": 0.042,
                        "Actual Total Time": 197.227,
                        "Actual Rows": 553962,
                        "Actual Loops": 2,
                        "Filter": "(production_year > 2004)",
                        "Rows Removed by Filter": 710194
                      }
                    ]
                  }
                ]
              }
            ]
          }
        ]
      }
    ]
  },
  "Planning Time": 0.605,
  "Triggers": [],
  "Execution Time": 1013.47
}