{
  "Plan": {
    "Node Type": "Aggregate",
    "Strategy": "Plain",
    "Partial Mode": "Finalize",
    "Parallel Aware": false,
    "Startup Cost": 206934.79,
    "Total Cost": 206934.8,
    "Plan Rows": 1,
    "Plan Width": 8,
    "Actual Startup Time": 1440.857,
    "Actual Total Time": 1461.638,
    "Actual Rows": 1,
    "Actual Loops": 1,
    "Plans": [
      {
        "Node Type": "Gather",
        "Parent Relationship": "Outer",
        "Parallel Aware": false,
        "Startup Cost": 206934.68,
        "Total Cost": 206934.79,
        "Plan Rows": 1,
        "Plan Width": 8,
        "Actual Startup Time": 1433.809,
        "Actual Total Time": 1461.632,
        "Actual Rows": 2,
        "Actual Loops": 1,
        "Workers Planned": 1,
        "Workers Launched": 1,
        "Single Copy": false,
        "Plans": [
          {
            "Node Type": "Aggregate",
            "Strategy": "Plain",
            "Partial Mode": "Partial",
            "Parent Relationship": "Outer",
            "Parallel Aware": false,
            "Startup Cost": 205934.68,
            "Total Cost": 205934.69,
            "Plan Rows": 1,
            "Plan Width": 8,
            "Actual Startup Time": 1427.238,
            "Actual Total Time": 1427.243,
            "Actual Rows": 1,
            "Actual Loops": 2,
            "Plans": [
              {
                "Node Type": "Hash Join",
                "Parent Relationship": "Outer",
                "Parallel Aware": true,
                "Join Type": "Inner",
                "Startup Cost": 135677.53,
                "Total Cost": 203187.08,
                "Plan Rows": 1099039,
                "Plan Width": 0,
                "Actual Startup Time": 930.836,
                "Actual Total Time": 1374.209,
                "Actual Rows": 1333892,
                "Actual Loops": 2,
                "Inner Unique": false,
                "Hash Cond": "(mk.movie_id = t.id)",
                "Plans": [
                  {
                    "Node Type": "Seq Scan",
                    "Parent Relationship": "Outer",
                    "Parallel Aware": true,
                    "Relation Name": "movie_keyword",
                    "Alias": "mk",
                    "Startup Cost": 0.0,
                    "Total Cost": 51065.35,
                    "Plan Rows": 2661135,
                    "Plan Width": 4,
                    "Actual Startup Time": 0.012,
                    "Actual Total Time": 150.278,
                    "Actual Rows": 2261965,
                    "Actual Loops": 2
                  },
                  {
                    "Node Type": "Hash",
                    "Parent Relationship": "Inner",
                    "Parallel Aware": true,
                    "Startup Cost": 127999.77,
                    "Total Cost": 127999.77,
                    "Plan Rows": 614221,
                    "Plan Width": 8,
                    "Actual Startup Time": 921.265,
                    "Actual Total Time": 921.268,
                    "Actual Rows": 380204,
                    "Actual Loops": 2,
                    "Hash Buckets": 1048576,
                    "Original Hash Buckets": 1048576,
                    "Hash Batches": 1,
                    "Original Hash Batches": 1,
                    "Peak Memory Usage": 37984,
                    "Plans": [
                      {
                        "Node Type": "Hash Join",
                        "Parent Relationship": "Outer",
                        "Parallel Aware": true,
                        "Join Type": "Inner",
                        "Startup Cost": 71105.18,
                        "Total Cost": 127999.77,
                        "Plan Rows": 614221,
                        "Plan Width": 8,
                        "Actual Startup Time": 505.716,
                        "Actual Total Time": 825.326,
                        "Actual Rows": 380204,
                        "Actual Loops": 2,
                        "Inner Unique": true,
                        "Hash Cond": "(ci.movie_id = t.id)",
                        "Plans": [
                          {
                            "Node Type": "Index Scan",
                            "Parent Relationship": "Outer",
                            "Parallel Aware": true,
                            "Scan Direction": "Forward",
                            "Index Name": "role_id_cast_info",
                            "Relation Name": "cast_info",
                            "Alias": "ci",
                            "Startup Cost": 0.56,
                            "Total Cost": 55080.34,
                            "Plan Rows": 691357,
                            "Plan Width": 4,
                            "Actual Startup Time": 0.074,
                            "Actual Total Time": 124.207,
                            "Actual Rows": 435050,
                            "Actual Loops": 2,
                            "Index Cond": "(role_id = 8)",
                            "Rows Removed by Index Recheck": 0,
                            "Filter": "(person_id < 2569994)",
                            "Rows Removed by Filter": 416722
                          },
                          {
                            "Node Type": "Hash",
                            "Parent Relationship": "Inner",
                            "Parallel Aware": true,
                            "Startup Cost": 54588.39,
                            "Total Cost": 54588.39,
                            "Plan Rows": 1321298,
                            "Plan Width": 4,
                            "Actual Startup Time": 490.081,
                            "Actual Total Time": 490.082,
                            "Actual Rows": 1117552,
                            "Actual Loops": 2,
                            "Hash Buckets": 4194304,
                            "Original Hash Buckets": 4194304,
                            "Hash Batches": 1,
                            "Original Hash Batches": 1,
                            "Peak Memory Usage": 120224,
                            "Plans": [
                              {
                                "Node Type": "Seq Scan",
                                "Parent Relationship": "Outer",
                                "Parallel Aware": true,
                                "Relation Name": "title",
                                "Alias": "t",
                                "Startup Cost": 0.0,
                                "Total Cost": 54588.39,
                                "Plan Rows": 1321298,
                                "Plan Width": 4,
                                "Actual Startup Time": 0.037,
                                "Actual Total Time": 176.203,
                                "Actual Rows": 1117552,
                                "Actual Loops": 2,
                                "Filter": "(production_year > 1957)",
                                "Rows Removed by Filter": 146604
                              }
                            ]
                          }
                        ]
                      }
                    ]
                  }
                ]
              }
            ]
          }
        ]
      }
    ]
  },
  "Planning Time": 1.039,
  "Triggers": [],
  "Execution Time": 1461.723
}