{
  "Plan": {
    "Node Type": "Aggregate",
    "Strategy": "Plain",
    "Partial Mode": "Finalize",
    "Parallel Aware": false,
    "Startup Cost": 160990.89,
    "Total Cost": 160990.9,
    "Plan Rows": 1,
    "Plan Width": 8,
    "Actual Startup Time": 1008.388,
    "Actual Total Time": 1031.826,
    "Actual Rows": 1,
    "Actual Loops": 1,
    "Plans": [
      {
        "Node Type": "Gather",
        "Parent Relationship": "Outer",
        "Parallel Aware": false,
        "Startup Cost": 160990.77,
        "Total Cost": 160990.88,
        "Plan Rows": 1,
        "Plan Width": 8,
        "Actual Startup Time": 1001.739,
        "Actual Total Time": 1031.816,
        "Actual Rows": 2,
        "Actual Loops": 1,
        "Workers Planned": 1,
        "Workers Launched": 1,
        "Single Copy": false,
        "Plans": [
          {
            "Node Type": "Aggregate",
            "Strategy": "Plain",
            "Partial Mode": "Partial",
            "Parent Relationship": "Outer",
            "Parallel Aware": false,
            "Startup Cost": 159990.77,
            "Total Cost": 159990.78,
            "Plan Rows": 1,
            "Plan Width": 8,
            "Actual Startup Time": 995.883,
            "Actual Total Time": 996.156,
            "Actual Rows": 1,
            "Actual Loops": 2,
            "Plans": [
              {
                "Node Type": "Hash Join",
                "Parent Relationship": "Outer",
                "Parallel Aware": true,
                "Join Type": "Inner",
                "Startup Cost": 114235.89,
                "Total Cost": 159609.62,
                "Plan Rows": 152461,
                "Plan Width": 0,
                "Actual Startup Time": 814.392,
                "Actual Total Time": 976.66,
                "Actual Rows": 503502,
                "Actual Loops": 2,
                "Inner Unique": false,
                "Hash Cond": "(mc.movie_id = t.id)",
                "Plans": [
                  {
                    "Node Type": "Seq Scan",
                    "Parent Relationship": "Outer",
                    "Parallel Aware": true,
                    "Relation Name": "movie_companies",
                    "Alias": "mc",
                    "Startup Cost": 0.0,
                    "Total Cost": 41811.73,
                    "Plan Rows": 710714,
                    "Plan Width": 4,
                    "Actual Startup Time": 48.302,
                    "Actual Total Time": 114.532,
                    "Actual Rows": 640906,
                    "Actual Loops": 2,
                    "Filter": "((company_id > 91) AND (company_type_id = 2))",
                    "Rows Removed by Filter": 663658
                  },
                  {
                    "Node Type": "Hash",
                    "Parent Relationship": "Inner",
                    "Parallel Aware": true,
                    "Startup Cost": 110247.91,
                    "Total Cost": 110247.91,
                    "Plan Rows": 319038,
                    "Plan Width": 8,
                    "Actual Startup Time": 741.888,
                    "Actual Total Time": 742.159,
                    "Actual Rows": 262720,
                    "Actual Loops": 2,
                    "Hash Buckets": 1048576,
                    "Original Hash Buckets": 1048576,
                    "Hash Batches": 1,
                    "Original Hash Batches": 1,
                    "Peak Memory Usage": 28768,
                    "Plans": [
                      {
                        "Node Type": "Hash Join",
                        "Parent Relationship": "Outer",
                        "Parallel Aware": true,
                        "Join Type": "Inner",
                        "Startup Cost": 80968.46,
                        "Total Cost": 110247.91,
                        "Plan Rows": 319038,
                        "Plan Width": 8,
                        "Actual Startup Time": 550.702,
                        "Actual Total Time": 687.473,
                        "Actual Rows": 262720,
                        "Actual Loops": 2,
                        "Inner Unique": true,
                        "Hash Cond": "(mk.movie_id = t.id)",
                        "Plans": [
                          {
                            "Node Type": "Bitmap Heap Scan",
                            "Parent Relationship": "Outer",
                            "Parallel Aware": true,
                            "Relation Name": "movie_keyword",
                            "Alias": "mk",
                            "Startup Cost": 11507.76,
                            "Total Cost": 39949.74,
                            "Plan Rows": 319038,
                            "Plan Width": 4,
                            "Actual Startup Time": 38.246,
                            "Actual Total Time": 104.387,
                            "Actual Rows": 262720,
                            "Actual Loops": 2,
                            "Recheck Cond": "(keyword_id > 34582)",
                            "Rows Removed by Index Recheck": 0,
                            "Exact Heap Blocks": 12854,
                            "Lossy Heap Blocks": 0,
                            "Plans": [
                              {
                                "Node Type": "Bitmap Index Scan",
                                "Parent Relationship": "Outer",
                                "Parallel Aware": false,
                                "Index Name": "keyword_id_movie_keyword",
                                "Startup Cost": 0.0,
                                "Total Cost": 11372.17,
                                "Plan Rows": 542365,
                                "Plan Width": 0,
                                "Actual Startup Time": 34.83,
                                "Actual Total Time": 34.83,
                                "Actual Rows": 525440,
                                "Actual Loops": 1,
                                "Index Cond": "(keyword_id > 34582)"
                              }
                            ]
                          },
                          {
                            "Node Type": "Hash",
                            "Parent Relationship": "Inner",
                            "Parallel Aware": true,
                            "Startup Cost": 50870.31,
                            "Total Cost": 50870.31,
                            "Plan Rows": 1487231,
                            "Plan Width": 4,
                            "Actual Startup Time": 496.112,
                            "Actual Total Time": 496.113,
                            "Actual Rows": 1264156,
                            "Actual Loops": 2,
                            "Hash Buckets": 4194304,
                            "Original Hash Buckets": 4194304,
                            "Hash Batches": 1,
                            "Original Hash Batches": 1,
                            "Peak Memory Usage": 131712,
                            "Plans": [
                              {
                                "Node Type": "Seq Scan",
                                "Parent Relationship": "Outer",
                                "Parallel Aware": true,
                                "Relation Name": "title",
                                "Alias": "t",
                                "Startup Cost": 0.0,
                                "Total Cost": 50870.31,
                                "Plan Rows": 1487231,
                                "Plan Width": 4,
                                "Actual Startup Time": 0.033,
                                "Actual Total Time": 150.014,
                                "Actual Rows": 1264156,
                                "Actual Loops": 2
                              }
                            ]
                          }
                        ]
                      }
                    ]
                  }
                ]
              }
            ]
          }
        ]
      }
    ]
  },
  "Planning Time": 1.014,
  "Triggers": [],
  "Execution Time": 1031.927
}