[
  {
    "Plan": {
      "Node Type": "Aggregate",
      "Strategy": "Plain",
      "Partial Mode": "Finalize",
      "Parallel Aware": false,
      "Startup Cost": 32630.49,
      "Total Cost": 32630.5,
      "Plan Rows": 1,
      "Plan Width": 8,
      "Actual Startup Time": 94.716,
      "Actual Total Time": 103.196,
      "Actual Rows": 1,
      "Actual Loops": 1,
      "Plans": [
        {
          "Node Type": "Gather",
          "Parent Relationship": "Outer",
          "Parallel Aware": false,
          "Startup Cost": 32630.17,
          "Total Cost": 32630.48,
          "Plan Rows": 3,
          "Plan Width": 8,
          "Actual Startup Time": 94.417,
          "Actual Total Time": 103.187,
          "Actual Rows": 4,
          "Actual Loops": 1,
          "Workers Planned": 3,
          "Workers Launched": 3,
          "Single Copy": false,
          "Plans": [
            {
              "Node Type": "Aggregate",
              "Strategy": "Plain",
              "Partial Mode": "Partial",
              "Parent Relationship": "Outer",
              "Parallel Aware": false,
              "Startup Cost": 31630.17,
              "Total Cost": 31630.18,
              "Plan Rows": 1,
              "Plan Width": 8,
              "Actual Startup Time": 87.132,
              "Actual Total Time": 87.133,
              "Actual Rows": 1,
              "Actual Loops": 4,
              "Plans": [
                {
                  "Node Type": "Seq Scan",
                  "Parent Relationship": "Outer",
                  "Parallel Aware": true,
                  "Relation Name": "movie_companies",
                  "Alias": "mc",
                  "Startup Cost": 0.0,
                  "Total Cost": 31414.82,
                  "Plan Rows": 86141,
                  "Plan Width": 0,
                  "Actual Startup Time": 0.043,
                  "Actual Total Time": 79.197,
                  "Actual Rows": 99097,
                  "Actual Loops": 4,
                  "Filter": "((company_id < 525) AND (company_type_id < 2))",
                  "Rows Removed by Filter": 553185
                }
              ]
            }
          ]
        }
      ]
    },
    "Planning Time": 0.215,
    "Triggers": [],
    "Execution Time": 103.252
  }
]