{
  "Plan": {
    "Node Type": "Aggregate",
    "Strategy": "Plain",
    "Partial Mode": "Finalize",
    "Parallel Aware": false,
    "Startup Cost": 126539.82,
    "Total Cost": 126539.83,
    "Plan Rows": 1,
    "Plan Width": 8,
    "Actual Startup Time": 88.577,
    "Actual Total Time": 96.138,
    "Actual Rows": 1,
    "Actual Loops": 1,
    "Plans": [
      {
        "Node Type": "Gather",
        "Parent Relationship": "Outer",
        "Parallel Aware": false,
        "Startup Cost": 126539.71,
        "Total Cost": 126539.82,
        "Plan Rows": 1,
        "Plan Width": 8,
        "Actual Startup Time": 88.469,
        "Actual Total Time": 96.133,
        "Actual Rows": 2,
        "Actual Loops": 1,
        "Workers Planned": 1,
        "Workers Launched": 1,
        "Single Copy": false,
        "Plans": [
          {
            "Node Type": "Aggregate",
            "Strategy": "Plain",
            "Partial Mode": "Partial",
            "Parent Relationship": "Outer",
            "Parallel Aware": false,
            "Startup Cost": 125539.71,
            "Total Cost": 125539.72,
            "Plan Rows": 1,
            "Plan Width": 8,
            "Actual Startup Time": 85.659,
            "Actual Total Time": 85.661,
            "Actual Rows": 1,
            "Actual Loops": 2,
            "Plans": [
              {
                "Node Type": "Nested Loop",
                "Parent Relationship": "Outer",
                "Parallel Aware": false,
                "Join Type": "Inner",
                "Startup Cost": 977.51,
                "Total Cost": 125472.04,
                "Plan Rows": 27070,
                "Plan Width": 0,
                "Actual Startup Time": 6.185,
                "Actual Total Time": 84.293,
                "Actual Rows": 22734,
                "Actual Loops": 2,
                "Inner Unique": true,
                "Plans": [
                  {
                    "Node Type": "Bitmap Heap Scan",
                    "Parent Relationship": "Outer",
                    "Parallel Aware": true,
                    "Relation Name": "movie_keyword",
                    "Alias": "mk",
                    "Startup Cost": 977.08,
                    "Total Cost": 26115.86,
                    "Plan Rows": 27070,
                    "Plan Width": 4,
                    "Actual Startup Time": 6.082,
                    "Actual Total Time": 26.175,
                    "Actual Rows": 22734,
                    "Actual Loops": 2,
                    "Recheck Cond": "(keyword_id > 101785)",
                    "Rows Removed by Index Recheck": 0,
                    "Exact Heap Blocks": 7496,
                    "Lossy Heap Blocks": 0,
                    "Plans": [
                      {
                        "Node Type": "Bitmap Index Scan",
                        "Parent Relationship": "Outer",
                        "Parallel Aware": false,
                        "Index Name": "keyword_id_movie_keyword",
                        "Startup Cost": 0.0,
                        "Total Cost": 965.57,
                        "Plan Rows": 46019,
                        "Plan Width": 0,
                        "Actual Startup Time": 5.77,
                        "Actual Total Time": 5.771,
                        "Actual Rows": 45469,
                        "Actual Loops": 1,
                        "Index Cond": "(keyword_id > 101785)"
                      }
                    ]
                  },
                  {
                    "Node Type": "Index Only Scan",
                    "Parent Relationship": "Inner",
                    "Parallel Aware": false,
                    "Scan Direction": "Forward",
                    "Index Name": "title_pkey",
                    "Relation Name": "title",
                    "Alias": "t",
                    "Startup Cost": 0.43,
                    "Total Cost": 3.67,
                    "Plan Rows": 1,
                    "Plan Width": 4,
                    "Actual Startup Time": 0.002,
                    "Actual Total Time": 0.002,
                    "Actual Rows": 1,
                    "Actual Loops": 45469,
                    "Index Cond": "(id = mk.movie_id)",
                    "Rows Removed by Index Recheck": 0,
                    "Heap Fetches": 45469
                  }
                ]
              }
            ]
          }
        ]
      }
    ]
  },
  "Planning Time": 0.412,
  "Triggers": [],
  "Execution Time": 96.188
}