[
  {
    "Plan": {
      "Node Type": "Aggregate",
      "Strategy": "Plain",
      "Partial Mode": "Finalize",
      "Parallel Aware": false,
      "Startup Cost": 46793.86,
      "Total Cost": 46793.87,
      "Plan Rows": 1,
      "Plan Width": 8,
      "Actual Startup Time": 97.902,
      "Actual Total Time": 110.241,
      "Actual Rows": 1,
      "Actual Loops": 1,
      "Plans": [
        {
          "Node Type": "Gather",
          "Parent Relationship": "Outer",
          "Parallel Aware": false,
          "Startup Cost": 46793.44,
          "Total Cost": 46793.85,
          "Plan Rows": 4,
          "Plan Width": 8,
          "Actual Startup Time": 97.73,
          "Actual Total Time": 110.234,
          "Actual Rows": 5,
          "Actual Loops": 1,
          "Workers Planned": 4,
          "Workers Launched": 4,
          "Single Copy": false,
          "Plans": [
            {
              "Node Type": "Aggregate",
              "Strategy": "Plain",
              "Partial Mode": "Partial",
              "Parent Relationship": "Outer",
              "Parallel Aware": false,
              "Startup Cost": 45793.44,
              "Total Cost": 45793.45,
              "Plan Rows": 1,
              "Plan Width": 8,
              "Actual Startup Time": 90.572,
              "Actual Total Time": 90.573,
              "Actual Rows": 1,
              "Actual Loops": 5,
              "Plans": [
                {
                  "Node Type": "Seq Scan",
                  "Parent Relationship": "Outer",
                  "Parallel Aware": true,
                  "Relation Name": "title",
                  "Alias": "t",
                  "Startup Cost": 0.0,
                  "Total Cost": 45479.59,
                  "Plan Rows": 125540,
                  "Plan Width": 0,
                  "Actual Startup Time": 50.73,
                  "Actual Total Time": 86.083,
                  "Actual Rows": 104826,
                  "Actual Loops": 5,
                  "Filter": "((kind_id < 2) AND (production_year < 2010))",
                  "Rows Removed by Filter": 400837
                }
              ]
            }
          ]
        }
      ]
    },
    "Planning Time": 0.13,
    "Triggers": [],
    "Execution Time": 110.286
  }
]