{
  "Plan": {
    "Node Type": "Aggregate",
    "Strategy": "Plain",
    "Partial Mode": "Finalize",
    "Parallel Aware": false,
    "Startup Cost": 583052.06,
    "Total Cost": 583052.07,
    "Plan Rows": 1,
    "Plan Width": 8,
    "Actual Startup Time": 4106.534,
    "Actual Total Time": 4157.474,
    "Actual Rows": 1,
    "Actual Loops": 1,
    "Plans": [
      {
        "Node Type": "Gather",
        "Parent Relationship": "Outer",
        "Parallel Aware": false,
        "Startup Cost": 583051.94,
        "Total Cost": 583052.05,
        "Plan Rows": 1,
        "Plan Width": 8,
        "Actual Startup Time": 4106.106,
        "Actual Total Time": 4157.467,
        "Actual Rows": 2,
        "Actual Loops": 1,
        "Workers Planned": 1,
        "Workers Launched": 1,
        "Single Copy": false,
        "Plans": [
          {
            "Node Type": "Aggregate",
            "Strategy": "Plain",
            "Partial Mode": "Partial",
            "Parent Relationship": "Outer",
            "Parallel Aware": false,
            "Startup Cost": 582051.94,
            "Total Cost": 582051.95,
            "Plan Rows": 1,
            "Plan Width": 8,
            "Actual Startup Time": 4099.876,
            "Actual Total Time": 4099.879,
            "Actual Rows": 1,
            "Actual Loops": 2,
            "Plans": [
              {
                "Node Type": "Nested Loop",
                "Parent Relationship": "Outer",
                "Parallel Aware": false,
                "Join Type": "Inner",
                "Startup Cost": 57620.42,
                "Total Cost": 578964.64,
                "Plan Rows": 1234922,
                "Plan Width": 0,
                "Actual Startup Time": 225.714,
                "Actual Total Time": 3790.639,
                "Actual Rows": 6333872,
                "Actual Loops": 2,
                "Inner Unique": false,
                "Join Filter": "(t.id = mi.movie_id)",
                "Rows Removed by Join Filter": 0,
                "Plans": [
                  {
                    "Node Type": "Hash Join",
                    "Parent Relationship": "Outer",
                    "Parallel Aware": true,
                    "Join Type": "Inner",
                    "Startup Cost": 57619.99,
                    "Total Cost": 99218.72,
                    "Plan Rows": 225131,
                    "Plan Width": 8,
                    "Actual Startup Time": 225.661,
                    "Actual Total Time": 699.866,
                    "Actual Rows": 337710,
                    "Actual Loops": 2,
                    "Inner Unique": true,
                    "Hash Cond": "(mc.movie_id = t.id)",
                    "Plans": [
                      {
                        "Node Type": "Seq Scan",
                        "Parent Relationship": "Outer",
                        "Parallel Aware": true,
                        "Relation Name": "movie_companies",
                        "Alias": "mc",
                        "Startup Cost": 0.0,
                        "Total Cost": 37974.77,
                        "Plan Rows": 1380551,
                        "Plan Width": 4,
                        "Actual Startup Time": 0.018,
                        "Actual Total Time": 142.704,
                        "Actual Rows": 1174482,
                        "Actual Loops": 2,
                        "Filter": "(company_id < 99362)",
                        "Rows Removed by Filter": 130083
                      },
                      {
                        "Node Type": "Hash",
                        "Parent Relationship": "Inner",
                        "Parallel Aware": true,
                        "Startup Cost": 54588.39,
                        "Total Cost": 54588.39,
                        "Plan Rows": 242528,
                        "Plan Width": 4,
                        "Actual Startup Time": 219.525,
                        "Actual Total Time": 219.526,
                        "Actual Rows": 211890,
                        "Actual Loops": 2,
                        "Hash Buckets": 524288,
                        "Original Hash Buckets": 524288,
                        "Hash Batches": 1,
                        "Original Hash Batches": 1,
                        "Peak Memory Usage": 20704,
                        "Plans": [
                          {
                            "Node Type": "Seq Scan",
                            "Parent Relationship": "Outer",
                            "Parallel Aware": true,
                            "Relation Name": "title",
                            "Alias": "t",
                            "Startup Cost": 0.0,
                            "Total Cost": 54588.39,
                            "Plan Rows": 242528,
                            "Plan Width": 4,
                            "Actual Startup Time": 0.033,
                            "Actual Total Time": 159.528,
                            "Actual Rows": 211890,
                            "Actual Loops": 2,
                            "Filter": "(production_year < 1974)",
                            "Rows Removed by Filter": 1052266
                          }
                        ]
                      }
                    ]
                  },
                  {
                    "Node Type": "Index Scan",
                    "Parent Relationship": "Inner",
                    "Parallel Aware": false,
                    "Scan Direction": "Forward",
                    "Index Name": "movie_id_movie_info",
                    "Relation Name": "movie_info",
                    "Alias": "mi",
                    "Startup Cost": 0.43,
                    "Total Cost": 1.64,
                    "Plan Rows": 39,
                    "Plan Width": 4,
                    "Actual Startup Time": 0.002,
                    "Actual Total Time": 0.007,
                    "Actual Rows": 19,
                    "Actual Loops": 675419,
                    "Index Cond": "(movie_id = mc.movie_id)",
                    "Rows Removed by Index Recheck": 0,
                    "Filter": "(info_type_id < 98)",
                    "Rows Removed by Filter": 1
                  }
                ]
              }
            ]
          }
        ]
      }
    ]
  },
  "Planning Time": 1.08,
  "Triggers": [],
  "Execution Time": 4157.573
}