{
    "Plan": {
        "Node Type": "Aggregate",
        "Strategy": "Plain",
        "Partial Mode": "Simple",
        "Parallel Aware": false,
        "Startup Cost": 40002167734.98,
        "Total Cost": 40002167734.99,
        "Plan Rows": 1,
        "Plan Width": 64,
        "Actual Startup Time": 11906.423,
        "Actual Total Time": 11906.65,
        "Actual Rows": 1,
        "Actual Loops": 1,
        "Output": [
            "min(n.name)",
            "min(t.title)"
        ],
        "Plans": [
            {
                "Node Type": "Nested Loop",
                "Parent Relationship": "Outer",
                "Parallel Aware": false,
                "Join Type": "Inner",
                "Startup Cost": 40002166258.05,
                "Total Cost": 40002167734.98,
                "Plan Rows": 1,
                "Plan Width": 32,
                "Actual Startup Time": 11854.917,
                "Actual Total Time": 11906.489,
                "Actual Rows": 528,
                "Actual Loops": 1,
                "Output": [
                    "n.name",
                    "t.title"
                ],
                "Inner Unique": true,
                "Plans": [
                    {
                        "Node Type": "Nested Loop",
                        "Parent Relationship": "Outer",
                        "Parallel Aware": false,
                        "Join Type": "Inner",
                        "Startup Cost": 30002166257.91,
                        "Total Cost": 30002167726.8,
                        "Plan Rows": 1,
                        "Plan Width": 36,
                        "Actual Startup Time": 11854.904,
                        "Actual Total Time": 11904.439,
                        "Actual Rows": 528,
                        "Actual Loops": 1,
                        "Output": [
                            "ci.role_id",
                            "n.name",
                            "t.title"
                        ],
                        "Inner Unique": true,
                        "Plans": [
                            {
                                "Node Type": "Merge Join",
                                "Parent Relationship": "Outer",
                                "Parallel Aware": false,
                                "Join Type": "Inner",
                                "Startup Cost": 20002166257.47,
                                "Total Cost": 20002167722.35,
                                "Plan Rows": 1,
                                "Plan Width": 40,
                                "Actual Startup Time": 11854.863,
                                "Actual Total Time": 11901.649,
                                "Actual Rows": 539,
                                "Actual Loops": 1,
                                "Output": [
                                    "ci.role_id",
                                    "mc.company_id",
                                    "n.name",
                                    "t.title"
                                ],
                                "Inner Unique": false,
                                "Merge Cond": "(mc.movie_id = t.id)",
                                "Plans": [
                                    {
                                        "Node Type": "Sort",
                                        "Parent Relationship": "Outer",
                                        "Parallel Aware": false,
                                        "Startup Cost": 10000084529.48,
                                        "Total Cost": 10000085261.91,
                                        "Plan Rows": 292973,
                                        "Plan Width": 8,
                                        "Actual Startup Time": 467.778,
                                        "Actual Total Time": 487.595,
                                        "Actual Rows": 572925,
                                        "Actual Loops": 1,
                                        "Output": [
                                            "mc.movie_id",
                                            "mc.company_id"
                                        ],
                                        "Sort Key": [
                                            "mc.movie_id"
                                        ],
                                        "Sort Method": "quicksort",
                                        "Sort Space Used": 52279,
                                        "Sort Space Type": "Memory",
                                        "Plans": [
                                            {
                                                "Node Type": "Seq Scan",
                                                "Parent Relationship": "Outer",
                                                "Parallel Aware": false,
                                                "Relation Name": "movie_companies",
                                                "Schema": "public",
                                                "Alias": "mc",
                                                "Startup Cost": 10000000000.0,
                                                "Total Cost": 10000057926.93,
                                                "Plan Rows": 292973,
                                                "Plan Width": 8,
                                                "Actual Startup Time": 0.02,
                                                "Actual Total Time": 366.92,
                                                "Actual Rows": 590994,
                                                "Actual Loops": 1,
                                                "Output": [
                                                    "mc.movie_id",
                                                    "mc.company_id"
                                                ],
                                                "Filter": "((mc.note IS NOT NULL) AND ((mc.note ~~ '%(USA)%'::text) OR (mc.note ~~ '%(worldwide)%'::text)))",
                                                "Rows Removed by Filter": 2018135
                                            }
                                        ]
                                    },
                                    {
                                        "Node Type": "Sort",
                                        "Parent Relationship": "Inner",
                                        "Parallel Aware": false,
                                        "Startup Cost": 10002081727.98,
                                        "Total Cost": 10002081727.99,
                                        "Plan Rows": 1,
                                        "Plan Width": 48,
                                        "Actual Startup Time": 11386.307,
                                        "Actual Total Time": 11386.655,
                                        "Actual Rows": 814,
                                        "Actual Loops": 1,
                                        "Output": [
                                            "ci.movie_id",
                                            "ci.role_id",
                                            "mi.movie_id",
                                            "n.name",
                                            "t.title",
                                            "t.id"
                                        ],
                                        "Sort Key": [
                                            "ci.movie_id"
                                        ],
                                        "Sort Method": "quicksort",
                                        "Sort Space Used": 86,
                                        "Sort Space Type": "Memory",
                                        "Plans": [
                                            {
                                                "Node Type": "Hash Join",
                                                "Parent Relationship": "Outer",
                                                "Parallel Aware": false,
                                                "Join Type": "Inner",
                                                "Startup Cost": 10002073504.14,
                                                "Total Cost": 10002081727.97,
                                                "Plan Rows": 1,
                                                "Plan Width": 48,
                                                "Actual Startup Time": 11312.954,
                                                "Actual Total Time": 11386.38,
                                                "Actual Rows": 594,
                                                "Actual Loops": 1,
                                                "Output": [
                                                    "ci.movie_id",
                                                    "ci.role_id",
                                                    "mi.movie_id",
                                                    "n.name",
                                                    "t.title",
                                                    "t.id"
                                                ],
                                                "Inner Unique": true,
                                                "Hash Cond": "(ci.person_id = n.id)",
                                                "Plans": [
                                                    {
                                                        "Node Type": "Hash Join",
                                                        "Parent Relationship": "Outer",
                                                        "Parallel Aware": false,
                                                        "Join Type": "Inner",
                                                        "Startup Cost": 10001920365.08,
                                                        "Total Cost": 10001928552.56,
                                                        "Plan Rows": 13851,
                                                        "Plan Width": 41,
                                                        "Actual Startup Time": 10112.545,
                                                        "Actual Total Time": 10613.455,
                                                        "Actual Rows": 960329,
                                                        "Actual Loops": 1,
                                                        "Output": [
                                                            "an.person_id",
                                                            "ci.movie_id",
                                                            "ci.person_id",
                                                            "ci.role_id",
                                                            "mi.movie_id",
                                                            "t.title",
                                                            "t.id"
                                                        ],
                                                        "Inner Unique": false,
                                                        "Hash Cond": "(ci.person_role_id = chn.id)",
                                                        "Plans": [
                                                            {
                                                                "Node Type": "Merge Join",
                                                                "Parent Relationship": "Outer",
                                                                "Parallel Aware": false,
                                                                "Join Type": "Inner",
                                                                "Startup Cost": 10001813261.98,
                                                                "Total Cost": 10001821295.38,
                                                                "Plan Rows": 13851,
                                                                "Plan Width": 45,
                                                                "Actual Startup Time": 9099.184,
                                                                "Actual Total Time": 9403.153,
                                                                "Actual Rows": 1323571,
                                                                "Actual Loops": 1,
                                                                "Output": [
                                                                    "an.person_id",
                                                                    "ci.movie_id",
                                                                    "ci.person_id",
                                                                    "ci.role_id",
                                                                    "ci.person_role_id",
                                                                    "mi.movie_id",
                                                                    "t.title",
                                                                    "t.id"
                                                                ],
                                                                "Inner Unique": false,
                                                                "Merge Cond": "(mi.info_type_id = it.id)",
                                                                "Plans": [
                                                                    {
                                                                        "Node Type": "Sort",
                                                                        "Parent Relationship": "Outer",
                                                                        "Parallel Aware": false,
                                                                        "Startup Cost": 10001813259.55,
                                                                        "Total Cost": 10001817172.37,
                                                                        "Plan Rows": 1565126,
                                                                        "Plan Width": 49,
                                                                        "Actual Startup Time": 9099.009,
                                                                        "Actual Total Time": 9146.446,
                                                                        "Actual Rows": 1323861,
                                                                        "Actual Loops": 1,
                                                                        "Output": [
                                                                            "an.person_id",
                                                                            "ci.movie_id",
                                                                            "ci.person_id",
                                                                            "ci.role_id",
                                                                            "ci.person_role_id",
                                                                            "mi.movie_id",
                                                                            "mi.info_type_id",
                                                                            "t.title",
                                                                            "t.id"
                                                                        ],
                                                                        "Sort Key": [
                                                                            "mi.info_type_id"
                                                                        ],
                                                                        "Sort Method": "quicksort",
                                                                        "Sort Space Used": 207181,
                                                                        "Sort Space Type": "Memory",
                                                                        "Plans": [
                                                                            {
                                                                                "Node Type": "Merge Join",
                                                                                "Parent Relationship": "Outer",
                                                                                "Parallel Aware": false,
                                                                                "Join Type": "Inner",
                                                                                "Startup Cost": 10001564892.08,
                                                                                "Total Cost": 10001652224.93,
                                                                                "Plan Rows": 1565126,
                                                                                "Plan Width": 49,
                                                                                "Actual Startup Time": 7995.304,
                                                                                "Actual Total Time": 8731.877,
                                                                                "Actual Rows": 1323861,
                                                                                "Actual Loops": 1,
                                                                                "Output": [
                                                                                    "an.person_id",
                                                                                    "ci.movie_id",
                                                                                    "ci.person_id",
                                                                                    "ci.role_id",
                                                                                    "ci.person_role_id",
                                                                                    "mi.movie_id",
                                                                                    "mi.info_type_id",
                                                                                    "t.title",
                                                                                    "t.id"
                                                                                ],
                                                                                "Inner Unique": false,
                                                                                "Merge Cond": "(an.person_id = ci.person_id)",
                                                                                "Plans": [
                                                                                    {
                                                                                        "Node Type": "Index Scan",
                                                                                        "Parent Relationship": "Outer",
                                                                                        "Parallel Aware": false,
                                                                                        "Scan Direction": "Forward",
                                                                                        "Index Name": "person_id_aka_name",
                                                                                        "Relation Name": "aka_name",
                                                                                        "Schema": "public",
                                                                                        "Alias": "an",
                                                                                        "Startup Cost": 0.42,
                                                                                        "Total Cost": 72012.16,
                                                                                        "Plan Rows": 901343,
                                                                                        "Plan Width": 4,
                                                                                        "Actual Startup Time": 0.019,
                                                                                        "Actual Total Time": 259.704,
                                                                                        "Actual Rows": 772515,
                                                                                        "Actual Loops": 1,
                                                                                        "Output": [
                                                                                            "an.id",
                                                                                            "an.person_id",
                                                                                            "an.name",
                                                                                            "an.imdb_index",
                                                                                            "an.name_pcode_cf",
                                                                                            "an.name_pcode_nf",
                                                                                            "an.surname_pcode",
                                                                                            "an.md5sum"
                                                                                        ]
                                                                                    },
                                                                                    {
                                                                                        "Node Type": "Sort",
                                                                                        "Parent Relationship": "Inner",
                                                                                        "Parallel Aware": false,
                                                                                        "Startup Cost": 10001564891.3,
                                                                                        "Total Cost": 10001566516.08,
                                                                                        "Plan Rows": 649912,
                                                                                        "Plan Width": 45,
                                                                                        "Actual Startup Time": 7995.273,
                                                                                        "Actual Total Time": 8183.659,
                                                                                        "Actual Rows": 1769126,
                                                                                        "Actual Loops": 1,
                                                                                        "Output": [
                                                                                            "ci.movie_id",
                                                                                            "ci.person_id",
                                                                                            "ci.role_id",
                                                                                            "ci.person_role_id",
                                                                                            "mi.movie_id",
                                                                                            "mi.info_type_id",
                                                                                            "t.title",
                                                                                            "t.id"
                                                                                        ],
                                                                                        "Sort Key": [
                                                                                            "ci.person_id"
                                                                                        ],
                                                                                        "Sort Method": "quicksort",
                                                                                        "Sort Space Used": 113359,
                                                                                        "Sort Space Type": "Memory",
                                                                                        "Plans": [
                                                                                            {
                                                                                                "Node Type": "Gather Merge",
                                                                                                "Parent Relationship": "Outer",
                                                                                                "Parallel Aware": false,
                                                                                                "Startup Cost": 10001128402.89,
                                                                                                "Total Cost": 10001502142.67,
                                                                                                "Plan Rows": 649912,
                                                                                                "Plan Width": 45,
                                                                                                "Actual Startup Time": 2058.407,
                                                                                                "Actual Total Time": 7702.506,
                                                                                                "Actual Rows": 904611,
                                                                                                "Actual Loops": 1,
                                                                                                "Output": [
                                                                                                    "ci.movie_id",
                                                                                                    "ci.person_id",
                                                                                                    "ci.role_id",
                                                                                                    "ci.person_role_id",
                                                                                                    "mi.movie_id",
                                                                                                    "mi.info_type_id",
                                                                                                    "t.title",
                                                                                                    "t.id"
                                                                                                ],
                                                                                                "Workers Planned": 5,
                                                                                                "Workers Launched": 5,
                                                                                                "Plans": [
                                                                                                    {
                                                                                                        "Node Type": "Nested Loop",
                                                                                                        "Parent Relationship": "Outer",
                                                                                                        "Parallel Aware": false,
                                                                                                        "Join Type": "Inner",
                                                                                                        "Startup Cost": 10001127402.82,
                                                                                                        "Total Cost": 10001422877.06,
                                                                                                        "Plan Rows": 129982,
                                                                                                        "Plan Width": 45,
                                                                                                        "Actual Startup Time": 1901.786,
                                                                                                        "Actual Total Time": 5578.636,
                                                                                                        "Actual Rows": 150768,
                                                                                                        "Actual Loops": 6,
                                                                                                        "Output": [
                                                                                                            "ci.movie_id",
                                                                                                            "ci.person_id",
                                                                                                            "ci.role_id",
                                                                                                            "ci.person_role_id",
                                                                                                            "mi.movie_id",
                                                                                                            "mi.info_type_id",
                                                                                                            "t.title",
                                                                                                            "t.id"
                                                                                                        ],
                                                                                                        "Inner Unique": false,
                                                                                                        "Workers": [
                                                                                                            {
                                                                                                                "Worker Number": 0,
                                                                                                                "Actual Startup Time": 1937.659,
                                                                                                                "Actual Total Time": 5680.73,
                                                                                                                "Actual Rows": 136619,
                                                                                                                "Actual Loops": 1
                                                                                                            },
                                                                                                            {
                                                                                                                "Worker Number": 1,
                                                                                                                "Actual Startup Time": 2044.666,
                                                                                                                "Actual Total Time": 5751.091,
                                                                                                                "Actual Rows": 133881,
                                                                                                                "Actual Loops": 1
                                                                                                            },
                                                                                                            {
                                                                                                                "Worker Number": 2,
                                                                                                                "Actual Startup Time": 1913.338,
                                                                                                                "Actual Total Time": 5545.106,
                                                                                                                "Actual Rows": 139840,
                                                                                                                "Actual Loops": 1
                                                                                                            },
                                                                                                            {
                                                                                                                "Worker Number": 3,
                                                                                                                "Actual Startup Time": 1912.524,
                                                                                                                "Actual Total Time": 5500.44,
                                                                                                                "Actual Rows": 138900,
                                                                                                                "Actual Loops": 1
                                                                                                            },
                                                                                                            {
                                                                                                                "Worker Number": 4,
                                                                                                                "Actual Startup Time": 1938.63,
                                                                                                                "Actual Total Time": 5542.122,
                                                                                                                "Actual Rows": 123505,
                                                                                                                "Actual Loops": 1
                                                                                                            }
                                                                                                        ],
                                                                                                        "Plans": [
                                                                                                            {
                                                                                                                "Node Type": "Merge Join",
                                                                                                                "Parent Relationship": "Outer",
                                                                                                                "Parallel Aware": false,
                                                                                                                "Join Type": "Inner",
                                                                                                                "Startup Cost": 1127401.58,
                                                                                                                "Total Cost": 1135012.03,
                                                                                                                "Plan Rows": 48497,
                                                                                                                "Plan Width": 29,
                                                                                                                "Actual Startup Time": 1901.563,
                                                                                                                "Actual Total Time": 2439.978,
                                                                                                                "Actual Rows": 74670,
                                                                                                                "Actual Loops": 6,
                                                                                                                "Output": [
                                                                                                                    "mi.movie_id",
                                                                                                                    "mi.info_type_id",
                                                                                                                    "t.title",
                                                                                                                    "t.id"
                                                                                                                ],
                                                                                                                "Inner Unique": false,
                                                                                                                "Merge Cond": "(mi.movie_id = t.id)",
                                                                                                                "Workers": [
                                                                                                                    {
                                                                                                                        "Worker Number": 0,
                                                                                                                        "Actual Startup Time": 1937.525,
                                                                                                                        "Actual Total Time": 2500.441,
                                                                                                                        "Actual Rows": 66865,
                                                                                                                        "Actual Loops": 1
                                                                                                                    },
                                                                                                                    {
                                                                                                                        "Worker Number": 1,
                                                                                                                        "Actual Startup Time": 2044.499,
                                                                                                                        "Actual Total Time": 2610.813,
                                                                                                                        "Actual Rows": 64497,
                                                                                                                        "Actual Loops": 1
                                                                                                                    },
                                                                                                                    {
                                                                                                                        "Worker Number": 2,
                                                                                                                        "Actual Startup Time": 1913.116,
                                                                                                                        "Actual Total Time": 2449.398,
                                                                                                                        "Actual Rows": 66457,
                                                                                                                        "Actual Loops": 1
                                                                                                                    },
                                                                                                                    {
                                                                                                                        "Worker Number": 3,
                                                                                                                        "Actual Startup Time": 1912.085,
                                                                                                                        "Actual Total Time": 2450.319,
                                                                                                                        "Actual Rows": 66273,
                                                                                                                        "Actual Loops": 1
                                                                                                                    },
                                                                                                                    {
                                                                                                                        "Worker Number": 4,
                                                                                                                        "Actual Startup Time": 1938.404,
                                                                                                                        "Actual Total Time": 2490.649,
                                                                                                                        "Actual Rows": 66158,
                                                                                                                        "Actual Loops": 1
                                                                                                                    }
                                                                                                                ],
                                                                                                                "Plans": [
                                                                                                                    {
                                                                                                                        "Node Type": "Sort",
                                                                                                                        "Parent Relationship": "Outer",
                                                                                                                        "Parallel Aware": false,
                                                                                                                        "Startup Cost": 917721.1,
                                                                                                                        "Total Cost": 917950.82,
                                                                                                                        "Plan Rows": 91891,
                                                                                                                        "Plan Width": 8,
                                                                                                                        "Actual Startup Time": 883.514,
                                                                                                                        "Actual Total Time": 902.354,
                                                                                                                        "Actual Rows": 75184,
                                                                                                                        "Actual Loops": 6,
                                                                                                                        "Output": [
                                                                                                                            "mi.movie_id",
                                                                                                                            "mi.info_type_id"
                                                                                                                        ],
                                                                                                                        "Sort Key": [
                                                                                                                            "mi.movie_id"
                                                                                                                        ],
                                                                                                                        "Sort Method": "quicksort",
                                                                                                                        "Sort Space Used": 8630,
                                                                                                                        "Sort Space Type": "Memory",
                                                                                                                        "Workers": [
                                                                                                                            {
                                                                                                                                "Worker Number": 0,
                                                                                                                                "Actual Startup Time": 880.294,
                                                                                                                                "Actual Total Time": 898.575,
                                                                                                                                "Actual Rows": 67336,
                                                                                                                                "Actual Loops": 1
                                                                                                                            },
                                                                                                                            {
                                                                                                                                "Worker Number": 1,
                                                                                                                                "Actual Startup Time": 880.042,
                                                                                                                                "Actual Total Time": 898.248,
                                                                                                                                "Actual Rows": 64933,
                                                                                                                                "Actual Loops": 1
                                                                                                                            },
                                                                                                                            {
                                                                                                                                "Worker Number": 2,
                                                                                                                                "Actual Startup Time": 881.624,
                                                                                                                                "Actual Total Time": 900.027,
                                                                                                                                "Actual Rows": 66937,
                                                                                                                                "Actual Loops": 1
                                                                                                                            },
                                                                                                                            {
                                                                                                                                "Worker Number": 3,
                                                                                                                                "Actual Startup Time": 881.177,
                                                                                                                                "Actual Total Time": 899.397,
                                                                                                                                "Actual Rows": 66719,
                                                                                                                                "Actual Loops": 1
                                                                                                                            },
                                                                                                                            {
                                                                                                                                "Worker Number": 4,
                                                                                                                                "Actual Startup Time": 881.498,
                                                                                                                                "Actual Total Time": 900.115,
                                                                                                                                "Actual Rows": 66611,
                                                                                                                                "Actual Loops": 1
                                                                                                                            }
                                                                                                                        ],
                                                                                                                        "Plans": [
                                                                                                                            {
                                                                                                                                "Node Type": "Index Scan",
                                                                                                                                "Parent Relationship": "Outer",
                                                                                                                                "Parallel Aware": true,
                                                                                                                                "Scan Direction": "Forward",
                                                                                                                                "Index Name": "info_type_id_movie_info",
                                                                                                                                "Relation Name": "movie_info",
                                                                                                                                "Schema": "public",
                                                                                                                                "Alias": "mi",
                                                                                                                                "Startup Cost": 0.43,
                                                                                                                                "Total Cost": 910145.77,
                                                                                                                                "Plan Rows": 91891,
                                                                                                                                "Plan Width": 8,
                                                                                                                                "Actual Startup Time": 13.392,
                                                                                                                                "Actual Total Time": 860.759,
                                                                                                                                "Actual Rows": 75184,
                                                                                                                                "Actual Loops": 6,
                                                                                                                                "Output": [
                                                                                                                                    "mi.movie_id",
                                                                                                                                    "mi.info_type_id"
                                                                                                                                ],
                                                                                                                                "Filter": "((mi.info IS NOT NULL) AND ((mi.info ~~ 'Japan:%200%'::text) OR (mi.info ~~ 'USA:%200%'::text)))",
                                                                                                                                "Rows Removed by Filter": 2397436,
                                                                                                                                "Workers": [
                                                                                                                                    {
                                                                                                                                        "Worker Number": 0,
                                                                                                                                        "Actual Startup Time": 20.596,
                                                                                                                                        "Actual Total Time": 856.991,
                                                                                                                                        "Actual Rows": 67336,
                                                                                                                                        "Actual Loops": 1
                                                                                                                                    },
                                                                                                                                    {
                                                                                                                                        "Worker Number": 1,
                                                                                                                                        "Actual Startup Time": 17.826,
                                                                                                                                        "Actual Total Time": 857.489,
                                                                                                                                        "Actual Rows": 64933,
                                                                                                                                        "Actual Loops": 1
                                                                                                                                    },
                                                                                                                                    {
                                                                                                                                        "Worker Number": 2,
                                                                                                                                        "Actual Startup Time": 3.222,
                                                                                                                                        "Actual Total Time": 858.479,
                                                                                                                                        "Actual Rows": 66937,
                                                                                                                                        "Actual Loops": 1
                                                                                                                                    },
                                                                                                                                    {
                                                                                                                                        "Worker Number": 3,
                                                                                                                                        "Actual Startup Time": 15.548,
                                                                                                                                        "Actual Total Time": 858.443,
                                                                                                                                        "Actual Rows": 66719,
                                                                                                                                        "Actual Loops": 1
                                                                                                                                    },
                                                                                                                                    {
                                                                                                                                        "Worker Number": 4,
                                                                                                                                        "Actual Startup Time": 18.218,
                                                                                                                                        "Actual Total Time": 858.564,
                                                                                                                                        "Actual Rows": 66611,
                                                                                                                                        "Actual Loops": 1
                                                                                                                                    }
                                                                                                                                ]
                                                                                                                            }
                                                                                                                        ]
                                                                                                                    },
                                                                                                                    {
                                                                                                                        "Node Type": "Sort",
                                                                                                                        "Parent Relationship": "Inner",
                                                                                                                        "Parallel Aware": false,
                                                                                                                        "Startup Cost": 209679.81,
                                                                                                                        "Total Cost": 213015.74,
                                                                                                                        "Plan Rows": 1334370,
                                                                                                                        "Plan Width": 21,
                                                                                                                        "Actual Startup Time": 1017.758,
                                                                                                                        "Actual Total Time": 1298.678,
                                                                                                                        "Actual Rows": 1348736,
                                                                                                                        "Actual Loops": 6,
                                                                                                                        "Output": [
                                                                                                                            "t.title",
                                                                                                                            "t.id"
                                                                                                                        ],
                                                                                                                        "Sort Key": [
                                                                                                                            "t.id"
                                                                                                                        ],
                                                                                                                        "Sort Method": "quicksort",
                                                                                                                        "Sort Space Used": 142212,
                                                                                                                        "Sort Space Type": "Memory",
                                                                                                                        "Workers": [
                                                                                                                            {
                                                                                                                                "Worker Number": 0,
                                                                                                                                "Actual Startup Time": 1056.669,
                                                                                                                                "Actual Total Time": 1354.031,
                                                                                                                                "Actual Rows": 1347844,
                                                                                                                                "Actual Loops": 1
                                                                                                                            },
                                                                                                                            {
                                                                                                                                "Worker Number": 1,
                                                                                                                                "Actual Startup Time": 1163.904,
                                                                                                                                "Actual Total Time": 1455.007,
                                                                                                                                "Actual Rows": 1347321,
                                                                                                                                "Actual Loops": 1
                                                                                                                            },
                                                                                                                            {
                                                                                                                                "Worker Number": 2,
                                                                                                                                "Actual Startup Time": 1031.204,
                                                                                                                                "Actual Total Time": 1308.849,
                                                                                                                                "Actual Rows": 1347284,
                                                                                                                                "Actual Loops": 1
                                                                                                                            },
                                                                                                                            {
                                                                                                                                "Worker Number": 3,
                                                                                                                                "Actual Startup Time": 1030.713,
                                                                                                                                "Actual Total Time": 1309.491,
                                                                                                                                "Actual Rows": 1347563,
                                                                                                                                "Actual Loops": 1
                                                                                                                            },
                                                                                                                            {
                                                                                                                                "Worker Number": 4,
                                                                                                                                "Actual Startup Time": 1056.77,
                                                                                                                                "Actual Total Time": 1341.508,
                                                                                                                                "Actual Rows": 1347340,
                                                                                                                                "Actual Loops": 1
                                                                                                                            }
                                                                                                                        ],
                                                                                                                        "Plans": [
                                                                                                                            {
                                                                                                                                "Node Type": "Seq Scan",
                                                                                                                                "Parent Relationship": "Outer",
                                                                                                                                "Parallel Aware": false,
                                                                                                                                "Relation Name": "title",
                                                                                                                                "Schema": "public",
                                                                                                                                "Alias": "t",
                                                                                                                                "Startup Cost": 0.0,
                                                                                                                                "Total Cost": 73922.83,
                                                                                                                                "Plan Rows": 1334370,
                                                                                                                                "Plan Width": 21,
                                                                                                                                "Actual Startup Time": 0.054,
                                                                                                                                "Actual Total Time": 448.188,
                                                                                                                                "Actual Rows": 1338919,
                                                                                                                                "Actual Loops": 6,
                                                                                                                                "Output": [
                                                                                                                                    "t.title",
                                                                                                                                    "t.id"
                                                                                                                                ],
                                                                                                                                "Filter": "((t.production_year >= 1997) AND (t.production_year <= 2011))",
                                                                                                                                "Rows Removed by Filter": 1189393,
                                                                                                                                "Workers": [
                                                                                                                                    {
                                                                                                                                        "Worker Number": 0,
                                                                                                                                        "Actual Startup Time": 0.06,
                                                                                                                                        "Actual Total Time": 480.095,
                                                                                                                                        "Actual Rows": 1338919,
                                                                                                                                        "Actual Loops": 1
                                                                                                                                    },
                                                                                                                                    {
                                                                                                                                        "Worker Number": 1,
                                                                                                                                        "Actual Startup Time": 0.07,
                                                                                                                                        "Actual Total Time": 474.245,
                                                                                                                                        "Actual Rows": 1338919,
                                                                                                                                        "Actual Loops": 1
                                                                                                                                    },
                                                                                                                                    {
                                                                                                                                        "Worker Number": 2,
                                                                                                                                        "Actual Startup Time": 0.062,
                                                                                                                                        "Actual Total Time": 462.472,
                                                                                                                                        "Actual Rows": 1338919,
                                                                                                                                        "Actual Loops": 1
                                                                                                                                    },
                                                                                                                                    {
                                                                                                                                        "Worker Number": 3,
                                                                                                                                        "Actual Startup Time": 0.063,
                                                                                                                                        "Actual Total Time": 464.615,
                                                                                                                                        "Actual Rows": 1338919,
                                                                                                                                        "Actual Loops": 1
                                                                                                                                    },
                                                                                                                                    {
                                                                                                                                        "Worker Number": 4,
                                                                                                                                        "Actual Startup Time": 0.053,
                                                                                                                                        "Actual Total Time": 478.433,
                                                                                                                                        "Actual Rows": 1338919,
                                                                                                                                        "Actual Loops": 1
                                                                                                                                    }
                                                                                                                                ]
                                                                                                                            }
                                                                                                                        ]
                                                                                                                    }
                                                                                                                ]
                                                                                                            },
                                                                                                            {
                                                                                                                "Node Type": "Bitmap Heap Scan",
                                                                                                                "Parent Relationship": "Inner",
                                                                                                                "Parallel Aware": false,
                                                                                                                "Relation Name": "cast_info",
                                                                                                                "Schema": "public",
                                                                                                                "Alias": "ci",
                                                                                                                "Startup Cost": 1.24,
                                                                                                                "Total Cost": 5.91,
                                                                                                                "Plan Rows": 3,
                                                                                                                "Plan Width": 16,
                                                                                                                "Actual Startup Time": 0.023,
                                                                                                                "Actual Total Time": 0.039,
                                                                                                                "Actual Rows": 2,
                                                                                                                "Actual Loops": 448020,
                                                                                                                "Output": [
                                                                                                                    "ci.id",
                                                                                                                    "ci.person_id",
                                                                                                                    "ci.movie_id",
                                                                                                                    "ci.person_role_id",
                                                                                                                    "ci.note",
                                                                                                                    "ci.nr_order",
                                                                                                                    "ci.role_id"
                                                                                                                ],
                                                                                                                "Recheck Cond": "(ci.movie_id = t.id)",
                                                                                                                "Rows Removed by Index Recheck": 0,
                                                                                                                "Filter": "(ci.note = ANY ('{\"(executive producer)\",(uncredited),(voice),\"(archive footage)\"}'::text[]))",
                                                                                                                "Rows Removed by Filter": 20,
                                                                                                                "Exact Heap Blocks": 2515276,
                                                                                                                "Lossy Heap Blocks": 0,
                                                                                                                "Workers": [
                                                                                                                    {
                                                                                                                        "Worker Number": 0,
                                                                                                                        "Actual Startup Time": 0.027,
                                                                                                                        "Actual Total Time": 0.044,
                                                                                                                        "Actual Rows": 2,
                                                                                                                        "Actual Loops": 66865
                                                                                                                    },
                                                                                                                    {
                                                                                                                        "Worker Number": 1,
                                                                                                                        "Actual Startup Time": 0.027,
                                                                                                                        "Actual Total Time": 0.045,
                                                                                                                        "Actual Rows": 2,
                                                                                                                        "Actual Loops": 64497
                                                                                                                    },
                                                                                                                    {
                                                                                                                        "Worker Number": 2,
                                                                                                                        "Actual Startup Time": 0.026,
                                                                                                                        "Actual Total Time": 0.043,
                                                                                                                        "Actual Rows": 2,
                                                                                                                        "Actual Loops": 66457
                                                                                                                    },
                                                                                                                    {
                                                                                                                        "Worker Number": 3,
                                                                                                                        "Actual Startup Time": 0.026,
                                                                                                                        "Actual Total Time": 0.043,
                                                                                                                        "Actual Rows": 2,
                                                                                                                        "Actual Loops": 66273
                                                                                                                    },
                                                                                                                    {
                                                                                                                        "Worker Number": 4,
                                                                                                                        "Actual Startup Time": 0.026,
                                                                                                                        "Actual Total Time": 0.043,
                                                                                                                        "Actual Rows": 2,
                                                                                                                        "Actual Loops": 66158
                                                                                                                    }
                                                                                                                ],
                                                                                                                "Plans": [
                                                                                                                    {
                                                                                                                        "Node Type": "Bitmap Index Scan",
                                                                                                                        "Parent Relationship": "Outer",
                                                                                                                        "Parallel Aware": false,
                                                                                                                        "Index Name": "movie_id_cast_info",
                                                                                                                        "Startup Cost": 0.0,
                                                                                                                        "Total Cost": 1.24,
                                                                                                                        "Plan Rows": 38,
                                                                                                                        "Plan Width": 0,
                                                                                                                        "Actual Startup Time": 0.007,
                                                                                                                        "Actual Total Time": 0.007,
                                                                                                                        "Actual Rows": 22,
                                                                                                                        "Actual Loops": 448020,
                                                                                                                        "Index Cond": "(ci.movie_id = t.id)",
                                                                                                                        "Workers": [
                                                                                                                            {
                                                                                                                                "Worker Number": 0,
                                                                                                                                "Actual Startup Time": 0.008,
                                                                                                                                "Actual Total Time": 0.008,
                                                                                                                                "Actual Rows": 22,
                                                                                                                                "Actual Loops": 66865
                                                                                                                            },
                                                                                                                            {
                                                                                                                                "Worker Number": 1,
                                                                                                                                "Actual Startup Time": 0.008,
                                                                                                                                "Actual Total Time": 0.008,
                                                                                                                                "Actual Rows": 22,
                                                                                                                                "Actual Loops": 64497
                                                                                                                            },
                                                                                                                            {
                                                                                                                                "Worker Number": 2,
                                                                                                                                "Actual Startup Time": 0.008,
                                                                                                                                "Actual Total Time": 0.008,
                                                                                                                                "Actual Rows": 22,
                                                                                                                                "Actual Loops": 66457
                                                                                                                            },
                                                                                                                            {
                                                                                                                                "Worker Number": 3,
                                                                                                                                "Actual Startup Time": 0.008,
                                                                                                                                "Actual Total Time": 0.008,
                                                                                                                                "Actual Rows": 22,
                                                                                                                                "Actual Loops": 66273
                                                                                                                            },
                                                                                                                            {
                                                                                                                                "Worker Number": 4,
                                                                                                                                "Actual Startup Time": 0.008,
                                                                                                                                "Actual Total Time": 0.008,
                                                                                                                                "Actual Rows": 21,
                                                                                                                                "Actual Loops": 66158
                                                                                                                            }
                                                                                                                        ]
                                                                                                                    }
                                                                                                                ]
                                                                                                            }
                                                                                                        ]
                                                                                                    }
                                                                                                ]
                                                                                            }
                                                                                        ]
                                                                                    }
                                                                                ]
                                                                            }
                                                                        ]
                                                                    },
                                                                    {
                                                                        "Node Type": "Materialize",
                                                                        "Parent Relationship": "Inner",
                                                                        "Parallel Aware": false,
                                                                        "Startup Cost": 2.42,
                                                                        "Total Cost": 2.43,
                                                                        "Plan Rows": 1,
                                                                        "Plan Width": 4,
                                                                        "Actual Startup Time": 0.038,
                                                                        "Actual Total Time": 37.453,
                                                                        "Actual Rows": 1,
                                                                        "Actual Loops": 1,
                                                                        "Output": [
                                                                            "it.id"
                                                                        ],
                                                                        "Plans": [
                                                                            {
                                                                                "Node Type": "Sort",
                                                                                "Parent Relationship": "Outer",
                                                                                "Parallel Aware": false,
                                                                                "Startup Cost": 2.42,
                                                                                "Total Cost": 2.43,
                                                                                "Plan Rows": 1,
                                                                                "Plan Width": 4,
                                                                                "Actual Startup Time": 0.034,
                                                                                "Actual Total Time": 0.035,
                                                                                "Actual Rows": 1,
                                                                                "Actual Loops": 1,
                                                                                "Output": [
                                                                                    "it.id"
                                                                                ],
                                                                                "Sort Key": [
                                                                                    "it.id"
                                                                                ],
                                                                                "Sort Method": "quicksort",
                                                                                "Sort Space Used": 25,
                                                                                "Sort Space Type": "Memory",
                                                                                "Plans": [
                                                                                    {
                                                                                        "Node Type": "Seq Scan",
                                                                                        "Parent Relationship": "Outer",
                                                                                        "Parallel Aware": false,
                                                                                        "Relation Name": "info_type",
                                                                                        "Schema": "public",
                                                                                        "Alias": "it",
                                                                                        "Startup Cost": 0.0,
                                                                                        "Total Cost": 2.41,
                                                                                        "Plan Rows": 1,
                                                                                        "Plan Width": 4,
                                                                                        "Actual Startup Time": 0.02,
                                                                                        "Actual Total Time": 0.024,
                                                                                        "Actual Rows": 1,
                                                                                        "Actual Loops": 1,
                                                                                        "Output": [
                                                                                            "it.id"
                                                                                        ],
                                                                                        "Filter": "((it.info)::text = 'release dates'::text)",
                                                                                        "Rows Removed by Filter": 112
                                                                                    }
                                                                                ]
                                                                            }
                                                                        ]
                                                                    }
                                                                ]
                                                            },
                                                            {
                                                                "Node Type": "Hash",
                                                                "Parent Relationship": "Inner",
                                                                "Parallel Aware": false,
                                                                "Startup Cost": 67850.27,
                                                                "Total Cost": 67850.27,
                                                                "Plan Rows": 3140227,
                                                                "Plan Width": 4,
                                                                "Actual Startup Time": 1004.997,
                                                                "Actual Total Time": 1004.998,
                                                                "Actual Rows": 3140339,
                                                                "Actual Loops": 1,
                                                                "Output": [
                                                                    "chn.id"
                                                                ],
                                                                "Hash Buckets": 4194304,
                                                                "Original Hash Buckets": 4194304,
                                                                "Hash Batches": 1,
                                                                "Original Hash Batches": 1,
                                                                "Peak Memory Usage": 143171,
                                                                "Plans": [
                                                                    {
                                                                        "Node Type": "Seq Scan",
                                                                        "Parent Relationship": "Outer",
                                                                        "Parallel Aware": false,
                                                                        "Relation Name": "char_name",
                                                                        "Schema": "public",
                                                                        "Alias": "chn",
                                                                        "Startup Cost": 0.0,
                                                                        "Total Cost": 67850.27,
                                                                        "Plan Rows": 3140227,
                                                                        "Plan Width": 4,
                                                                        "Actual Startup Time": 0.036,
                                                                        "Actual Total Time": 336.787,
                                                                        "Actual Rows": 3140339,
                                                                        "Actual Loops": 1,
                                                                        "Output": [
                                                                            "chn.id"
                                                                        ]
                                                                    }
                                                                ]
                                                            }
                                                        ]
                                                    },
                                                    {
                                                        "Node Type": "Hash",
                                                        "Parent Relationship": "Inner",
                                                        "Parallel Aware": false,
                                                        "Startup Cost": 153137.88,
                                                        "Total Cost": 153137.88,
                                                        "Plan Rows": 94,
                                                        "Plan Width": 19,
                                                        "Actual Startup Time": 727.698,
                                                        "Actual Total Time": 727.753,
                                                        "Actual Rows": 35,
                                                        "Actual Loops": 1,
                                                        "Output": [
                                                            "n.name",
                                                            "n.id"
                                                        ],
                                                        "Hash Buckets": 1024,
                                                        "Original Hash Buckets": 1024,
                                                        "Hash Batches": 1,
                                                        "Original Hash Batches": 1,
                                                        "Peak Memory Usage": 10,
                                                        "Plans": [
                                                            {
                                                                "Node Type": "Gather Merge",
                                                                "Parent Relationship": "Outer",
                                                                "Parallel Aware": false,
                                                                "Startup Cost": 1000.49,
                                                                "Total Cost": 153137.88,
                                                                "Plan Rows": 94,
                                                                "Plan Width": 19,
                                                                "Actual Startup Time": 297.801,
                                                                "Actual Total Time": 727.713,
                                                                "Actual Rows": 35,
                                                                "Actual Loops": 1,
                                                                "Output": [
                                                                    "n.name",
                                                                    "n.id"
                                                                ],
                                                                "Workers Planned": 4,
                                                                "Workers Launched": 4,
                                                                "Plans": [
                                                                    {
                                                                        "Node Type": "Index Scan",
                                                                        "Parent Relationship": "Outer",
                                                                        "Parallel Aware": true,
                                                                        "Scan Direction": "Forward",
                                                                        "Index Name": "name_pkey",
                                                                        "Relation Name": "name",
                                                                        "Schema": "public",
                                                                        "Alias": "n",
                                                                        "Startup Cost": 0.43,
                                                                        "Total Cost": 152126.62,
                                                                        "Plan Rows": 24,
                                                                        "Plan Width": 19,
                                                                        "Actual Startup Time": 279.449,
                                                                        "Actual Total Time": 639.472,
                                                                        "Actual Rows": 7,
                                                                        "Actual Loops": 5,
                                                                        "Output": [
                                                                            "n.name",
                                                                            "n.id"
                                                                        ],
                                                                        "Filter": "((n.name ~~ '%Madonna%'::text) AND ((n.gender)::text = 'f'::text))",
                                                                        "Rows Removed by Filter": 833491,
                                                                        "Workers": [
                                                                            {
                                                                                "Worker Number": 0,
                                                                                "Actual Startup Time": 277.435,
                                                                                "Actual Total Time": 714.763,
                                                                                "Actual Rows": 3,
                                                                                "Actual Loops": 1
                                                                            },
                                                                            {
                                                                                "Worker Number": 1,
                                                                                "Actual Startup Time": 270.561,
                                                                                "Actual Total Time": 715.743,
                                                                                "Actual Rows": 13,
                                                                                "Actual Loops": 1
                                                                            },
                                                                            {
                                                                                "Worker Number": 2,
                                                                                "Actual Startup Time": 274.612,
                                                                                "Actual Total Time": 715.973,
                                                                                "Actual Rows": 10,
                                                                                "Actual Loops": 1
                                                                            },
                                                                            {
                                                                                "Worker Number": 3,
                                                                                "Actual Startup Time": 286.934,
                                                                                "Actual Total Time": 716.162,
                                                                                "Actual Rows": 7,
                                                                                "Actual Loops": 1
                                                                            }
                                                                        ]
                                                                    }
                                                                ]
                                                            }
                                                        ]
                                                    }
                                                ]
                                            }
                                        ]
                                    }
                                ]
                            },
                            {
                                "Node Type": "Bitmap Heap Scan",
                                "Parent Relationship": "Inner",
                                "Parallel Aware": false,
                                "Relation Name": "company_name",
                                "Schema": "public",
                                "Alias": "cn",
                                "Startup Cost": 0.44,
                                "Total Cost": 4.45,
                                "Plan Rows": 1,
                                "Plan Width": 4,
                                "Actual Startup Time": 0.003,
                                "Actual Total Time": 0.003,
                                "Actual Rows": 1,
                                "Actual Loops": 539,
                                "Output": [
                                    "cn.id",
                                    "cn.name",
                                    "cn.country_code",
                                    "cn.imdb_id",
                                    "cn.name_pcode_nf",
                                    "cn.name_pcode_sf",
                                    "cn.md5sum"
                                ],
                                "Recheck Cond": "(cn.id = mc.company_id)",
                                "Rows Removed by Index Recheck": 0,
                                "Filter": "((cn.country_code)::text = '[us]'::text)",
                                "Rows Removed by Filter": 0,
                                "Exact Heap Blocks": 539,
                                "Lossy Heap Blocks": 0,
                                "Plans": [
                                    {
                                        "Node Type": "Bitmap Index Scan",
                                        "Parent Relationship": "Outer",
                                        "Parallel Aware": false,
                                        "Index Name": "company_name_pkey",
                                        "Startup Cost": 0.0,
                                        "Total Cost": 0.44,
                                        "Plan Rows": 1,
                                        "Plan Width": 0,
                                        "Actual Startup Time": 0.002,
                                        "Actual Total Time": 0.002,
                                        "Actual Rows": 1,
                                        "Actual Loops": 539,
                                        "Index Cond": "(cn.id = mc.company_id)"
                                    }
                                ]
                            }
                        ]
                    },
                    {
                        "Node Type": "Bitmap Heap Scan",
                        "Parent Relationship": "Inner",
                        "Parallel Aware": false,
                        "Relation Name": "role_type",
                        "Schema": "public",
                        "Alias": "rt",
                        "Startup Cost": 0.14,
                        "Total Cost": 4.16,
                        "Plan Rows": 1,
                        "Plan Width": 4,
                        "Actual Startup Time": 0.002,
                        "Actual Total Time": 0.002,
                        "Actual Rows": 1,
                        "Actual Loops": 528,
                        "Output": [
                            "rt.id",
                            "rt.role"
                        ],
                        "Recheck Cond": "(rt.id = ci.role_id)",
                        "Rows Removed by Index Recheck": 0,
                        "Filter": "((rt.role)::text = 'actress'::text)",
                        "Rows Removed by Filter": 0,
                        "Exact Heap Blocks": 528,
                        "Lossy Heap Blocks": 0,
                        "Plans": [
                            {
                                "Node Type": "Bitmap Index Scan",
                                "Parent Relationship": "Outer",
                                "Parallel Aware": false,
                                "Index Name": "role_type_pkey",
                                "Startup Cost": 0.0,
                                "Total Cost": 0.14,
                                "Plan Rows": 1,
                                "Plan Width": 0,
                                "Actual Startup Time": 0.001,
                                "Actual Total Time": 0.001,
                                "Actual Rows": 1,
                                "Actual Loops": 528,
                                "Index Cond": "(rt.id = ci.role_id)"
                            }
                        ]
                    }
                ]
            }
        ]
    },
    "Planning Time": 23.742,
    "Triggers": [],
    "Execution Time": 11933.592
}