[
  {
    "Plan": {
      "Node Type": "Aggregate",
      "Strategy": "Plain",
      "Partial Mode": "Finalize",
      "Parallel Aware": false,
      "Startup Cost": 45986.88,
      "Total Cost": 45986.89,
      "Plan Rows": 1,
      "Plan Width": 8,
      "Actual Startup Time": 160.219,
      "Actual Total Time": 169.434,
      "Actual Rows": 1,
      "Actual Loops": 1,
      "Plans": [
        {
          "Node Type": "Gather",
          "Parent Relationship": "Outer",
          "Parallel Aware": false,
          "Startup Cost": 45986.56,
          "Total Cost": 45986.87,
          "Plan Rows": 3,
          "Plan Width": 8,
          "Actual Startup Time": 160.089,
          "Actual Total Time": 169.425,
          "Actual Rows": 4,
          "Actual Loops": 1,
          "Workers Planned": 3,
          "Workers Launched": 3,
          "Single Copy": false,
          "Plans": [
            {
              "Node Type": "Aggregate",
              "Strategy": "Plain",
              "Partial Mode": "Partial",
              "Parent Relationship": "Outer",
              "Parallel Aware": false,
              "Startup Cost": 44986.56,
              "Total Cost": 44986.57,
              "Plan Rows": 1,
              "Plan Width": 8,
              "Actual Startup Time": 151.543,
              "Actual Total Time": 151.544,
              "Actual Rows": 1,
              "Actual Loops": 4,
              "Plans": [
                {
                  "Node Type": "Seq Scan",
                  "Parent Relationship": "Outer",
                  "Parallel Aware": true,
                  "Relation Name": "movie_keyword",
                  "Alias": "mk",
                  "Startup Cost": 0.0,
                  "Total Cost": 42695.65,
                  "Plan Rows": 916363,
                  "Plan Width": 0,
                  "Actual Startup Time": 0.061,
                  "Actual Total Time": 119.388,
                  "Actual Rows": 708661,
                  "Actual Loops": 4,
                  "Filter": "(keyword_id < 8569)",
                  "Rows Removed by Filter": 422321
                }
              ]
            }
          ]
        }
      ]
    },
    "Planning Time": 0.152,
    "Triggers": [],
    "Execution Time": 169.484
  }
]