[
  {
    "Plan": {
      "Node Type": "Aggregate",
      "Strategy": "Plain",
      "Partial Mode": "Finalize",
      "Parallel Aware": false,
      "Startup Cost": 116061.05,
      "Total Cost": 116061.06,
      "Plan Rows": 1,
      "Plan Width": 8,
      "Actual Startup Time": 640.384,
      "Actual Total Time": 657.498,
      "Actual Rows": 1,
      "Actual Loops": 1,
      "Plans": [
        {
          "Node Type": "Gather",
          "Parent Relationship": "Outer",
          "Parallel Aware": false,
          "Startup Cost": 116060.73,
          "Total Cost": 116061.04,
          "Plan Rows": 3,
          "Plan Width": 8,
          "Actual Startup Time": 627.494,
          "Actual Total Time": 657.487,
          "Actual Rows": 4,
          "Actual Loops": 1,
          "Workers Planned": 3,
          "Workers Launched": 3,
          "Single Copy": false,
          "Plans": [
            {
              "Node Type": "Aggregate",
              "Strategy": "Plain",
              "Partial Mode": "Partial",
              "Parent Relationship": "Outer",
              "Parallel Aware": false,
              "Startup Cost": 115060.73,
              "Total Cost": 115060.74,
              "Plan Rows": 1,
              "Plan Width": 8,
              "Actual Startup Time": 619.692,
              "Actual Total Time": 620.138,
              "Actual Rows": 1,
              "Actual Loops": 4,
              "Plans": [
                {
                  "Node Type": "Hash Join",
                  "Parent Relationship": "Outer",
                  "Parallel Aware": true,
                  "Join Type": "Inner",
                  "Startup Cost": 68325.79,
                  "Total Cost": 114496.46,
                  "Plan Rows": 225707,
                  "Plan Width": 0,
                  "Actual Startup Time": 408.992,
                  "Actual Total Time": 596.987,
                  "Actual Rows": 566766,
                  "Actual Loops": 4,
                  "Inner Unique": false,
                  "Hash Cond": "(mk.movie_id = t.id)",
                  "Plans": [
                    {
                      "Node Type": "Seq Scan",
                      "Parent Relationship": "Outer",
                      "Parallel Aware": true,
                      "Relation Name": "movie_keyword",
                      "Alias": "mk",
                      "Startup Cost": 0.0,
                      "Total Cost": 42695.65,
                      "Plan Rows": 675886,
                      "Plan Width": 4,
                      "Actual Startup Time": 0.447,
                      "Actual Total Time": 98.373,
                      "Actual Rows": 518821,
                      "Actual Loops": 4,
                      "Filter": "(keyword_id > 5834)",
                      "Rows Removed by Filter": 612162
                    },
                    {
                      "Node Type": "Hash",
                      "Parent Relationship": "Inner",
                      "Parallel Aware": true,
                      "Startup Cost": 63928.16,
                      "Total Cost": 63928.16,
                      "Plan Rows": 351811,
                      "Plan Width": 8,
                      "Actual Startup Time": 403.432,
                      "Actual Total Time": 403.876,
                      "Actual Rows": 189692,
                      "Actual Loops": 4,
                      "Hash Buckets": 1048576,
                      "Original Hash Buckets": 1048576,
                      "Hash Batches": 1,
                      "Original Hash Batches": 1,
                      "Peak Memory Usage": 37920,
                      "Plans": [
                        {
                          "Node Type": "Hash Join",
                          "Parent Relationship": "Outer",
                          "Parallel Aware": true,
                          "Join Type": "Inner",
                          "Startup Cost": 48733.6,
                          "Total Cost": 63928.16,
                          "Plan Rows": 351811,
                          "Plan Width": 8,
                          "Actual Startup Time": 255.12,
                          "Actual Total Time": 357.168,
                          "Actual Rows": 189692,
                          "Actual Loops": 4,
                          "Inner Unique": true,
                          "Hash Cond": "(mi_idx.movie_id = t.id)",
                          "Plans": [
                            {
                              "Node Type": "Seq Scan",
                              "Parent Relationship": "Outer",
                              "Parallel Aware": true,
                              "Relation Name": "movie_info_idx",
                              "Alias": "mi_idx",
                              "Startup Cost": 0.0,
                              "Total Cost": 13685.15,
                              "Plan Rows": 575015,
                              "Plan Width": 4,
                              "Actual Startup Time": 0.01,
                              "Actual Total Time": 28.885,
                              "Actual Rows": 345009,
                              "Actual Loops": 4
                            },
                            {
                              "Node Type": "Hash",
                              "Parent Relationship": "Inner",
                              "Parallel Aware": true,
                              "Startup Cost": 43899.32,
                              "Total Cost": 43899.32,
                              "Plan Rows": 386742,
                              "Plan Width": 4,
                              "Actual Startup Time": 250.237,
                              "Actual Total Time": 250.239,
                              "Actual Rows": 382903,
                              "Actual Loops": 4,
                              "Hash Buckets": 2097152,
                              "Original Hash Buckets": 2097152,
                              "Hash Batches": 1,
                              "Original Hash Batches": 1,
                              "Peak Memory Usage": 76384,
                              "Plans": [
                                {
                                  "Node Type": "Seq Scan",
                                  "Parent Relationship": "Outer",
                                  "Parallel Aware": true,
                                  "Relation Name": "title",
                                  "Alias": "t",
                                  "Startup Cost": 0.0,
                                  "Total Cost": 43899.32,
                                  "Plan Rows": 386742,
                                  "Plan Width": 4,
                                  "Actual Startup Time": 0.024,
                                  "Actual Total Time": 107.357,
                                  "Actual Rows": 382903,
                                  "Actual Loops": 4,
                                  "Filter": "(production_year > 1997)",
                                  "Rows Removed by Filter": 249175
                                }
                              ]
                            }
                          ]
                        }
                      ]
                    }
                  ]
                }
              ]
            }
          ]
        }
      ]
    },
    "Planning Time": 1.384,
    "Triggers": [],
    "Execution Time": 657.58
  }
]