[
  {
    "Plan": {
      "Node Type": "Aggregate",
      "Strategy": "Plain",
      "Partial Mode": "Finalize",
      "Parallel Aware": false,
      "Startup Cost": 90404.58,
      "Total Cost": 90404.59,
      "Plan Rows": 1,
      "Plan Width": 8,
      "Actual Startup Time": 386.986,
      "Actual Total Time": 429.401,
      "Actual Rows": 1,
      "Actual Loops": 1,
      "Plans": [
        {
          "Node Type": "Gather",
          "Parent Relationship": "Outer",
          "Parallel Aware": false,
          "Startup Cost": 90404.26,
          "Total Cost": 90404.57,
          "Plan Rows": 3,
          "Plan Width": 8,
          "Actual Startup Time": 386.699,
          "Actual Total Time": 429.39,
          "Actual Rows": 4,
          "Actual Loops": 1,
          "Workers Planned": 3,
          "Workers Launched": 3,
          "Single Copy": false,
          "Plans": [
            {
              "Node Type": "Aggregate",
              "Strategy": "Plain",
              "Partial Mode": "Partial",
              "Parent Relationship": "Outer",
              "Parallel Aware": false,
              "Startup Cost": 89404.26,
              "Total Cost": 89404.27,
              "Plan Rows": 1,
              "Plan Width": 8,
              "Actual Startup Time": 377.255,
              "Actual Total Time": 377.258,
              "Actual Rows": 1,
              "Actual Loops": 4,
              "Plans": [
                {
                  "Node Type": "Nested Loop",
                  "Parent Relationship": "Outer",
                  "Parallel Aware": false,
                  "Join Type": "Inner",
                  "Startup Cost": 45637.23,
                  "Total Cost": 89350.39,
                  "Plan Rows": 21546,
                  "Plan Width": 0,
                  "Actual Startup Time": 136.788,
                  "Actual Total Time": 368.55,
                  "Actual Rows": 155846,
                  "Actual Loops": 4,
                  "Inner Unique": false,
                  "Join Filter": "(t.id = mi.movie_id)",
                  "Rows Removed by Join Filter": 0,
                  "Plans": [
                    {
                      "Node Type": "Hash Join",
                      "Parent Relationship": "Outer",
                      "Parallel Aware": true,
                      "Join Type": "Inner",
                      "Startup Cost": 45636.8,
                      "Total Cost": 77536.23,
                      "Plan Rows": 3685,
                      "Plan Width": 8,
                      "Actual Startup Time": 136.705,
                      "Actual Total Time": 202.678,
                      "Actual Rows": 8142,
                      "Actual Loops": 4,
                      "Inner Unique": true,
                      "Hash Cond": "(mc.movie_id = t.id)",
                      "Plans": [
                        {
                          "Node Type": "Seq Scan",
                          "Parent Relationship": "Outer",
                          "Parallel Aware": true,
                          "Relation Name": "movie_companies",
                          "Alias": "mc",
                          "Startup Cost": 0.0,
                          "Total Cost": 31414.82,
                          "Plan Rows": 184614,
                          "Plan Width": 4,
                          "Actual Startup Time": 31.845,
                          "Actual Total Time": 70.126,
                          "Actual Rows": 215922,
                          "Actual Loops": 4,
                          "Filter": "((company_id > 13524) AND (company_type_id = 2))",
                          "Rows Removed by Filter": 436360
                        },
                        {
                          "Node Type": "Hash",
                          "Parent Relationship": "Inner",
                          "Parallel Aware": true,
                          "Startup Cost": 45479.1,
                          "Total Cost": 45479.1,
                          "Plan Rows": 12616,
                          "Plan Width": 4,
                          "Actual Startup Time": 103.285,
                          "Actual Total Time": 103.286,
                          "Actual Rows": 11003,
                          "Actual Loops": 4,
                          "Hash Buckets": 65536,
                          "Original Hash Buckets": 65536,
                          "Hash Batches": 1,
                          "Original Hash Batches": 1,
                          "Peak Memory Usage": 2336,
                          "Plans": [
                            {
                              "Node Type": "Seq Scan",
                              "Parent Relationship": "Outer",
                              "Parallel Aware": true,
                              "Relation Name": "title",
                              "Alias": "t",
                              "Startup Cost": 0.0,
                              "Total Cost": 45479.1,
                              "Plan Rows": 12616,
                              "Plan Width": 4,
                              "Actual Startup Time": 0.116,
                              "Actual Total Time": 98.725,
                              "Actual Rows": 11003,
                              "Actual Loops": 4,
                              "Filter": "((kind_id < 7) AND (production_year = 2009))",
                              "Rows Removed by Filter": 621075
                            }
                          ]
                        }
                      ]
                    },
                    {
                      "Node Type": "Index Only Scan",
                      "Parent Relationship": "Inner",
                      "Parallel Aware": false,
                      "Scan Direction": "Forward",
                      "Index Name": "movie_id_movie_info",
                      "Relation Name": "movie_info",
                      "Alias": "mi",
                      "Startup Cost": 0.43,
                      "Total Cost": 2.68,
                      "Plan Rows": 42,
                      "Plan Width": 4,
                      "Actual Startup Time": 0.006,
                      "Actual Total Time": 0.018,
                      "Actual Rows": 19,
                      "Actual Loops": 32568,
                      "Index Cond": "(movie_id = mc.movie_id)",
                      "Rows Removed by Index Recheck": 0,
                      "Heap Fetches": 623385
                    }
                  ]
                }
              ]
            }
          ]
        }
      ]
    },
    "Planning Time": 1.574,
    "Triggers": [],
    "Execution Time": 429.507
  }
]