[
  {
    "Plan": {
      "Node Type": "Aggregate",
      "Strategy": "Plain",
      "Partial Mode": "Finalize",
      "Parallel Aware": false,
      "Startup Cost": 408093.11,
      "Total Cost": 408093.12,
      "Plan Rows": 1,
      "Plan Width": 8,
      "Actual Startup Time": 2382.369,
      "Actual Total Time": 2445.409,
      "Actual Rows": 1,
      "Actual Loops": 1,
      "Plans": [
        {
          "Node Type": "Gather",
          "Parent Relationship": "Outer",
          "Parallel Aware": false,
          "Startup Cost": 408092.49,
          "Total Cost": 408093.1,
          "Plan Rows": 6,
          "Plan Width": 8,
          "Actual Startup Time": 2363.215,
          "Actual Total Time": 2445.394,
          "Actual Rows": 7,
          "Actual Loops": 1,
          "Workers Planned": 6,
          "Workers Launched": 6,
          "Single Copy": false,
          "Plans": [
            {
              "Node Type": "Aggregate",
              "Strategy": "Plain",
              "Partial Mode": "Partial",
              "Parent Relationship": "Outer",
              "Parallel Aware": false,
              "Startup Cost": 407092.49,
              "Total Cost": 407092.5,
              "Plan Rows": 1,
              "Plan Width": 8,
              "Actual Startup Time": 2344.211,
              "Actual Total Time": 2344.215,
              "Actual Rows": 1,
              "Actual Loops": 7,
              "Plans": [
                {
                  "Node Type": "Hash Join",
                  "Parent Relationship": "Outer",
                  "Parallel Aware": true,
                  "Join Type": "Inner",
                  "Startup Cost": 50220.38,
                  "Total Cost": 400479.89,
                  "Plan Rows": 2645039,
                  "Plan Width": 0,
                  "Actual Startup Time": 705.522,
                  "Actual Total Time": 2219.417,
                  "Actual Rows": 2255205,
                  "Actual Loops": 7,
                  "Inner Unique": true,
                  "Hash Cond": "(ci.movie_id = t.id)",
                  "Plans": [
                    {
                      "Node Type": "Seq Scan",
                      "Parent Relationship": "Outer",
                      "Parallel Aware": true,
                      "Relation Name": "cast_info",
                      "Alias": "ci",
                      "Startup Cost": 0.0,
                      "Total Cost": 343316.27,
                      "Plan Rows": 2645039,
                      "Plan Width": 4,
                      "Actual Startup Time": 400.668,
                      "Actual Total Time": 810.984,
                      "Actual Rows": 2255205,
                      "Actual Loops": 7,
                      "Filter": "((person_id < 4000753) AND (role_id > 2))",
                      "Rows Removed by Filter": 2922559
                    },
                    {
                      "Node Type": "Hash",
                      "Parent Relationship": "Inner",
                      "Parallel Aware": true,
                      "Startup Cost": 42319.06,
                      "Total Cost": 42319.06,
                      "Plan Rows": 632106,
                      "Plan Width": 4,
                      "Actual Startup Time": 297.559,
                      "Actual Total Time": 297.56,
                      "Actual Rows": 361187,
                      "Actual Loops": 7,
                      "Hash Buckets": 4194304,
                      "Original Hash Buckets": 4194304,
                      "Hash Batches": 1,
                      "Original Hash Batches": 1,
                      "Peak Memory Usage": 131808,
                      "Plans": [
                        {
                          "Node Type": "Seq Scan",
                          "Parent Relationship": "Outer",
                          "Parallel Aware": true,
                          "Relation Name": "title",
                          "Alias": "t",
                          "Startup Cost": 0.0,
                          "Total Cost": 42319.06,
                          "Plan Rows": 632106,
                          "Plan Width": 4,
                          "Actual Startup Time": 0.052,
                          "Actual Total Time": 87.734,
                          "Actual Rows": 361187,
                          "Actual Loops": 7
                        }
                      ]
                    }
                  ]
                }
              ]
            }
          ]
        }
      ]
    },
    "Planning Time": 0.537,
    "Triggers": [],
    "Execution Time": 2445.478
  }
]