[
  {
    "Plan": {
      "Node Type": "Aggregate",
      "Strategy": "Plain",
      "Partial Mode": "Finalize",
      "Parallel Aware": false,
      "Startup Cost": 46517.43,
      "Total Cost": 46517.44,
      "Plan Rows": 1,
      "Plan Width": 8,
      "Actual Startup Time": 104.634,
      "Actual Total Time": 121.452,
      "Actual Rows": 1,
      "Actual Loops": 1,
      "Plans": [
        {
          "Node Type": "Gather",
          "Parent Relationship": "Outer",
          "Parallel Aware": false,
          "Startup Cost": 46517.01,
          "Total Cost": 46517.42,
          "Plan Rows": 4,
          "Plan Width": 8,
          "Actual Startup Time": 104.295,
          "Actual Total Time": 121.436,
          "Actual Rows": 5,
          "Actual Loops": 1,
          "Workers Planned": 4,
          "Workers Launched": 4,
          "Single Copy": false,
          "Plans": [
            {
              "Node Type": "Aggregate",
              "Strategy": "Plain",
              "Partial Mode": "Partial",
              "Parent Relationship": "Outer",
              "Parallel Aware": false,
              "Startup Cost": 45517.01,
              "Total Cost": 45517.02,
              "Plan Rows": 1,
              "Plan Width": 8,
              "Actual Startup Time": 99.092,
              "Actual Total Time": 99.094,
              "Actual Rows": 1,
              "Actual Loops": 5,
              "Plans": [
                {
                  "Node Type": "Seq Scan",
                  "Parent Relationship": "Outer",
                  "Parallel Aware": true,
                  "Relation Name": "title",
                  "Alias": "t",
                  "Startup Cost": 0.0,
                  "Total Cost": 45479.59,
                  "Plan Rows": 14970,
                  "Plan Width": 0,
                  "Actual Startup Time": 47.638,
                  "Actual Total Time": 98.14,
                  "Actual Rows": 12316,
                  "Actual Loops": 5,
                  "Filter": "((production_year > 2011) AND (kind_id = 1))",
                  "Rows Removed by Filter": 493346
                }
              ]
            }
          ]
        }
      ]
    },
    "Planning Time": 0.13,
    "Triggers": [],
    "Execution Time": 121.497
  }
]