[
  {
    "Plan": {
      "Node Type": "Aggregate",
      "Strategy": "Plain",
      "Partial Mode": "Finalize",
      "Parallel Aware": false,
      "Startup Cost": 37305.67,
      "Total Cost": 37305.68,
      "Plan Rows": 1,
      "Plan Width": 8,
      "Actual Startup Time": 111.348,
      "Actual Total Time": 119.061,
      "Actual Rows": 1,
      "Actual Loops": 1,
      "Plans": [
        {
          "Node Type": "Gather",
          "Parent Relationship": "Outer",
          "Parallel Aware": false,
          "Startup Cost": 37305.35,
          "Total Cost": 37305.66,
          "Plan Rows": 3,
          "Plan Width": 8,
          "Actual Startup Time": 111.022,
          "Actual Total Time": 119.051,
          "Actual Rows": 4,
          "Actual Loops": 1,
          "Workers Planned": 3,
          "Workers Launched": 3,
          "Single Copy": false,
          "Plans": [
            {
              "Node Type": "Aggregate",
              "Strategy": "Plain",
              "Partial Mode": "Partial",
              "Parent Relationship": "Outer",
              "Parallel Aware": false,
              "Startup Cost": 36305.35,
              "Total Cost": 36305.36,
              "Plan Rows": 1,
              "Plan Width": 8,
              "Actual Startup Time": 105.833,
              "Actual Total Time": 105.835,
              "Actual Rows": 1,
              "Actual Loops": 4,
              "Plans": [
                {
                  "Node Type": "Bitmap Heap Scan",
                  "Parent Relationship": "Outer",
                  "Parallel Aware": true,
                  "Relation Name": "movie_keyword",
                  "Alias": "mk",
                  "Startup Cost": 9650.1,
                  "Total Cost": 35938.48,
                  "Plan Rows": 146750,
                  "Plan Width": 0,
                  "Actual Startup Time": 33.64,
                  "Actual Total Time": 99.611,
                  "Actual Rows": 112840,
                  "Actual Loops": 4,
                  "Recheck Cond": "(keyword_id > 39264)",
                  "Rows Removed by Index Recheck": 0,
                  "Exact Heap Blocks": 10396,
                  "Lossy Heap Blocks": 0,
                  "Plans": [
                    {
                      "Node Type": "Bitmap Index Scan",
                      "Parent Relationship": "Outer",
                      "Parallel Aware": false,
                      "Index Name": "keyword_id_movie_keyword",
                      "Startup Cost": 0.0,
                      "Total Cost": 9536.37,
                      "Plan Rows": 454925,
                      "Plan Width": 0,
                      "Actual Startup Time": 35.071,
                      "Actual Total Time": 35.071,
                      "Actual Rows": 451359,
                      "Actual Loops": 1,
                      "Index Cond": "(keyword_id > 39264)"
                    }
                  ]
                }
              ]
            }
          ]
        }
      ]
    },
    "Planning Time": 0.101,
    "Triggers": [],
    "Execution Time": 119.105
  }
]