[
  {
    "Plan": {
      "Node Type": "Aggregate",
      "Strategy": "Plain",
      "Partial Mode": "Finalize",
      "Parallel Aware": false,
      "Startup Cost": 33081.79,
      "Total Cost": 33081.8,
      "Plan Rows": 1,
      "Plan Width": 8,
      "Actual Startup Time": 97.042,
      "Actual Total Time": 102.806,
      "Actual Rows": 1,
      "Actual Loops": 1,
      "Plans": [
        {
          "Node Type": "Gather",
          "Parent Relationship": "Outer",
          "Parallel Aware": false,
          "Startup Cost": 33081.47,
          "Total Cost": 33081.78,
          "Plan Rows": 3,
          "Plan Width": 8,
          "Actual Startup Time": 96.911,
          "Actual Total Time": 102.799,
          "Actual Rows": 4,
          "Actual Loops": 1,
          "Workers Planned": 3,
          "Workers Launched": 3,
          "Single Copy": false,
          "Plans": [
            {
              "Node Type": "Aggregate",
              "Strategy": "Plain",
              "Partial Mode": "Partial",
              "Parent Relationship": "Outer",
              "Parallel Aware": false,
              "Startup Cost": 32081.47,
              "Total Cost": 32081.48,
              "Plan Rows": 1,
              "Plan Width": 8,
              "Actual Startup Time": 91.357,
              "Actual Total Time": 91.358,
              "Actual Rows": 1,
              "Actual Loops": 4,
              "Plans": [
                {
                  "Node Type": "Seq Scan",
                  "Parent Relationship": "Outer",
                  "Parallel Aware": true,
                  "Relation Name": "movie_companies",
                  "Alias": "mc",
                  "Startup Cost": 0.0,
                  "Total Cost": 31414.82,
                  "Plan Rows": 266660,
                  "Plan Width": 0,
                  "Actual Startup Time": 0.033,
                  "Actual Total Time": 76.531,
                  "Actual Rows": 282195,
                  "Actual Loops": 4,
                  "Filter": "((company_id < 18958) AND (company_type_id < 2))",
                  "Rows Removed by Filter": 370087
                }
              ]
            }
          ]
        }
      ]
    },
    "Planning Time": 0.114,
    "Triggers": [],
    "Execution Time": 102.842
  }
]