{
  "Plan": {
    "Node Type": "Aggregate",
    "Strategy": "Plain",
    "Partial Mode": "Finalize",
    "Parallel Aware": false,
    "Startup Cost": 85832.66,
    "Total Cost": 85832.67,
    "Plan Rows": 1,
    "Plan Width": 8,
    "Actual Startup Time": 202.906,
    "Actual Total Time": 211.114,
    "Actual Rows": 1,
    "Actual Loops": 1,
    "Plans": [
      {
        "Node Type": "Gather",
        "Parent Relationship": "Outer",
        "Parallel Aware": false,
        "Startup Cost": 85832.55,
        "Total Cost": 85832.66,
        "Plan Rows": 1,
        "Plan Width": 8,
        "Actual Startup Time": 202.648,
        "Actual Total Time": 211.107,
        "Actual Rows": 2,
        "Actual Loops": 1,
        "Workers Planned": 1,
        "Workers Launched": 1,
        "Single Copy": false,
        "Plans": [
          {
            "Node Type": "Aggregate",
            "Strategy": "Plain",
            "Partial Mode": "Partial",
            "Parent Relationship": "Outer",
            "Parallel Aware": false,
            "Startup Cost": 84832.55,
            "Total Cost": 84832.56,
            "Plan Rows": 1,
            "Plan Width": 8,
            "Actual Startup Time": 196.689,
            "Actual Total Time": 196.693,
            "Actual Rows": 1,
            "Actual Loops": 2,
            "Plans": [
              {
                "Node Type": "Hash Join",
                "Parent Relationship": "Outer",
                "Parallel Aware": true,
                "Join Type": "Inner",
                "Startup Cost": 54183.73,
                "Total Cost": 84823.07,
                "Plan Rows": 3792,
                "Plan Width": 0,
                "Actual Startup Time": 130.842,
                "Actual Total Time": 196.681,
                "Actual Rows": 19,
                "Actual Loops": 2,
                "Inner Unique": true,
                "Hash Cond": "(mk.movie_id = t.id)",
                "Plans": [
                  {
                    "Node Type": "Bitmap Heap Scan",
                    "Parent Relationship": "Outer",
                    "Parallel Aware": true,
                    "Relation Name": "movie_keyword",
                    "Alias": "mk",
                    "Startup Cost": 14748.33,
                    "Total Cost": 44314.18,
                    "Plan Rows": 408948,
                    "Plan Width": 4,
                    "Actual Startup Time": 38.276,
                    "Actual Total Time": 117.177,
                    "Actual Rows": 342309,
                    "Actual Loops": 2,
                    "Recheck Cond": "(keyword_id > 27505)",
                    "Rows Removed by Index Recheck": 0,
                    "Exact Heap Blocks": 15383,
                    "Lossy Heap Blocks": 0,
                    "Plans": [
                      {
                        "Node Type": "Bitmap Index Scan",
                        "Parent Relationship": "Outer",
                        "Parallel Aware": false,
                        "Index Name": "keyword_id_movie_keyword",
                        "Startup Cost": 0.0,
                        "Total Cost": 14574.52,
                        "Plan Rows": 695212,
                        "Plan Width": 0,
                        "Actual Startup Time": 34.664,
                        "Actual Total Time": 34.665,
                        "Actual Rows": 684618,
                        "Actual Loops": 1,
                        "Index Cond": "(keyword_id > 27505)"
                      }
                    ]
                  },
                  {
                    "Node Type": "Hash",
                    "Parent Relationship": "Inner",
                    "Parallel Aware": true,
                    "Startup Cost": 39263.04,
                    "Total Cost": 39263.04,
                    "Plan Rows": 13789,
                    "Plan Width": 4,
                    "Actual Startup Time": 51.845,
                    "Actual Total Time": 51.846,
                    "Actual Rows": 48,
                    "Actual Loops": 2,
                    "Hash Buckets": 32768,
                    "Original Hash Buckets": 32768,
                    "Hash Batches": 1,
                    "Original Hash Batches": 1,
                    "Peak Memory Usage": 320,
                    "Plans": [
                      {
                        "Node Type": "Bitmap Heap Scan",
                        "Parent Relationship": "Outer",
                        "Parallel Aware": true,
                        "Relation Name": "title",
                        "Alias": "t",
                        "Startup Cost": 2186.8,
                        "Total Cost": 39263.04,
                        "Plan Rows": 13789,
                        "Plan Width": 4,
                        "Actual Startup Time": 22.83,
                        "Actual Total Time": 51.724,
                        "Actual Rows": 48,
                        "Actual Loops": 2,
                        "Recheck Cond": "(kind_id = 4)",
                        "Rows Removed by Index Recheck": 0,
                        "Filter": "(production_year < 1979)",
                        "Rows Removed by Filter": 59069,
                        "Exact Heap Blocks": 11483,
                        "Lossy Heap Blocks": 0,
                        "Plans": [
                          {
                            "Node Type": "Bitmap Index Scan",
                            "Parent Relationship": "Outer",
                            "Parallel Aware": false,
                            "Index Name": "kind_id_title",
                            "Startup Cost": 0.0,
                            "Total Cost": 2180.94,
                            "Plan Rows": 122201,
                            "Plan Width": 0,
                            "Actual Startup Time": 17.773,
                            "Actual Total Time": 17.774,
                            "Actual Rows": 118234,
                            "Actual Loops": 1,
                            "Index Cond": "(kind_id = 4)"
                          }
                        ]
                      }
                    ]
                  }
                ]
              }
            ]
          }
        ]
      }
    ]
  },
  "Planning Time": 0.456,
  "Triggers": [],
  "Execution Time": 211.214
}