[
  {
    "Plan": {
      "Node Type": "Aggregate",
      "Strategy": "Plain",
      "Partial Mode": "Finalize",
      "Parallel Aware": false,
      "Startup Cost": 31834.61,
      "Total Cost": 31834.62,
      "Plan Rows": 1,
      "Plan Width": 8,
      "Actual Startup Time": 115.574,
      "Actual Total Time": 123.247,
      "Actual Rows": 1,
      "Actual Loops": 1,
      "Plans": [
        {
          "Node Type": "Gather",
          "Parent Relationship": "Outer",
          "Parallel Aware": false,
          "Startup Cost": 31834.29,
          "Total Cost": 31834.6,
          "Plan Rows": 3,
          "Plan Width": 8,
          "Actual Startup Time": 115.451,
          "Actual Total Time": 123.238,
          "Actual Rows": 4,
          "Actual Loops": 1,
          "Workers Planned": 3,
          "Workers Launched": 3,
          "Single Copy": false,
          "Plans": [
            {
              "Node Type": "Aggregate",
              "Strategy": "Plain",
              "Partial Mode": "Partial",
              "Parent Relationship": "Outer",
              "Parallel Aware": false,
              "Startup Cost": 30834.29,
              "Total Cost": 30834.3,
              "Plan Rows": 1,
              "Plan Width": 8,
              "Actual Startup Time": 108.95,
              "Actual Total Time": 108.951,
              "Actual Rows": 1,
              "Actual Loops": 4,
              "Plans": [
                {
                  "Node Type": "Seq Scan",
                  "Parent Relationship": "Outer",
                  "Parallel Aware": true,
                  "Relation Name": "movie_companies",
                  "Alias": "mc",
                  "Startup Cost": 0.0,
                  "Total Cost": 29310.68,
                  "Plan Rows": 609443,
                  "Plan Width": 0,
                  "Actual Startup Time": 0.889,
                  "Actual Total Time": 86.636,
                  "Actual Rows": 472732,
                  "Actual Loops": 4,
                  "Filter": "(company_id > 1389)",
                  "Rows Removed by Filter": 179550
                }
              ]
            }
          ]
        }
      ]
    },
    "Planning Time": 0.189,
    "Triggers": [],
    "Execution Time": 123.302
  }
]