[
  {
    "Plan": {
      "Node Type": "Aggregate",
      "Strategy": "Plain",
      "Partial Mode": "Finalize",
      "Parallel Aware": false,
      "Startup Cost": 67463.76,
      "Total Cost": 67463.77,
      "Plan Rows": 1,
      "Plan Width": 8,
      "Actual Startup Time": 124.427,
      "Actual Total Time": 137.894,
      "Actual Rows": 1,
      "Actual Loops": 1,
      "Plans": [
        {
          "Node Type": "Gather",
          "Parent Relationship": "Outer",
          "Parallel Aware": false,
          "Startup Cost": 67463.45,
          "Total Cost": 67463.76,
          "Plan Rows": 3,
          "Plan Width": 8,
          "Actual Startup Time": 124.154,
          "Actual Total Time": 137.887,
          "Actual Rows": 4,
          "Actual Loops": 1,
          "Workers Planned": 3,
          "Workers Launched": 3,
          "Single Copy": false,
          "Plans": [
            {
              "Node Type": "Aggregate",
              "Strategy": "Plain",
              "Partial Mode": "Partial",
              "Parent Relationship": "Outer",
              "Parallel Aware": false,
              "Startup Cost": 66463.45,
              "Total Cost": 66463.46,
              "Plan Rows": 1,
              "Plan Width": 8,
              "Actual Startup Time": 115.132,
              "Actual Total Time": 115.137,
              "Actual Rows": 1,
              "Actual Loops": 4,
              "Plans": [
                {
                  "Node Type": "Hash Join",
                  "Parent Relationship": "Outer",
                  "Parallel Aware": true,
                  "Join Type": "Inner",
                  "Startup Cost": 47249.0,
                  "Total Cost": 66463.32,
                  "Plan Rows": 49,
                  "Plan Width": 0,
                  "Actual Startup Time": 108.315,
                  "Actual Total Time": 115.13,
                  "Actual Rows": 2,
                  "Actual Loops": 4,
                  "Inner Unique": true,
                  "Hash Cond": "(mc.movie_id = t.id)",
                  "Plans": [
                    {
                      "Node Type": "Bitmap Heap Scan",
                      "Parent Relationship": "Outer",
                      "Parallel Aware": true,
                      "Relation Name": "movie_companies",
                      "Alias": "mc",
                      "Startup Cost": 1739.91,
                      "Total Cost": 20920.58,
                      "Plan Rows": 12821,
                      "Plan Width": 4,
                      "Actual Startup Time": 5.197,
                      "Actual Total Time": 18.41,
                      "Actual Rows": 16630,
                      "Actual Loops": 4,
                      "Recheck Cond": "(company_id < 19)",
                      "Rows Removed by Index Recheck": 0,
                      "Filter": "(company_type_id < 2)",
                      "Rows Removed by Filter": 4388,
                      "Exact Heap Blocks": 4397,
                      "Lossy Heap Blocks": 0,
                      "Plans": [
                        {
                          "Node Type": "Bitmap Index Scan",
                          "Parent Relationship": "Outer",
                          "Parallel Aware": false,
                          "Index Name": "company_id_movie_companies",
                          "Startup Cost": 0.0,
                          "Total Cost": 1729.97,
                          "Plan Rows": 80739,
                          "Plan Width": 0,
                          "Actual Startup Time": 3.913,
                          "Actual Total Time": 3.914,
                          "Actual Rows": 84071,
                          "Actual Loops": 1,
                          "Index Cond": "(company_id < 19)"
                        }
                      ]
                    },
                    {
                      "Node Type": "Hash",
                      "Parent Relationship": "Inner",
                      "Parallel Aware": true,
                      "Startup Cost": 45479.1,
                      "Total Cost": 45479.1,
                      "Plan Rows": 2399,
                      "Plan Width": 4,
                      "Actual Startup Time": 94.399,
                      "Actual Total Time": 94.401,
                      "Actual Rows": 1466,
                      "Actual Loops": 4,
                      "Hash Buckets": 16384,
                      "Original Hash Buckets": 16384,
                      "Hash Batches": 1,
                      "Original Hash Batches": 1,
                      "Peak Memory Usage": 416,
                      "Plans": [
                        {
                          "Node Type": "Seq Scan",
                          "Parent Relationship": "Outer",
                          "Parallel Aware": true,
                          "Relation Name": "title",
                          "Alias": "t",
                          "Startup Cost": 0.0,
                          "Total Cost": 45479.1,
                          "Plan Rows": 2399,
                          "Plan Width": 4,
                          "Actual Startup Time": 60.308,
                          "Actual Total Time": 93.608,
                          "Actual Rows": 1466,
                          "Actual Loops": 4,
                          "Filter": "((kind_id = 1) AND (production_year = 1996))",
                          "Rows Removed by Filter": 630612
                        }
                      ]
                    }
                  ]
                }
              ]
            }
          ]
        }
      ]
    },
    "Planning Time": 0.602,
    "Triggers": [],
    "Execution Time": 137.967
  }
]