{
  "Plan": {
    "Node Type": "Aggregate",
    "Strategy": "Plain",
    "Partial Mode": "Finalize",
    "Parallel Aware": false,
    "Startup Cost": 133360.37,
    "Total Cost": 133360.38,
    "Plan Rows": 1,
    "Plan Width": 8,
    "Actual Startup Time": 539.049,
    "Actual Total Time": 553.688,
    "Actual Rows": 1,
    "Actual Loops": 1,
    "Plans": [
      {
        "Node Type": "Gather",
        "Parent Relationship": "Outer",
        "Parallel Aware": false,
        "Startup Cost": 133360.26,
        "Total Cost": 133360.37,
        "Plan Rows": 1,
        "Plan Width": 8,
        "Actual Startup Time": 536.365,
        "Actual Total Time": 553.682,
        "Actual Rows": 2,
        "Actual Loops": 1,
        "Workers Planned": 1,
        "Workers Launched": 1,
        "Single Copy": false,
        "Plans": [
          {
            "Node Type": "Aggregate",
            "Strategy": "Plain",
            "Partial Mode": "Partial",
            "Parent Relationship": "Outer",
            "Parallel Aware": false,
            "Startup Cost": 132360.26,
            "Total Cost": 132360.27,
            "Plan Rows": 1,
            "Plan Width": 8,
            "Actual Startup Time": 531.995,
            "Actual Total Time": 532.0,
            "Actual Rows": 1,
            "Actual Loops": 2,
            "Plans": [
              {
                "Node Type": "Hash Join",
                "Parent Relationship": "Outer",
                "Parallel Aware": true,
                "Join Type": "Inner",
                "Startup Cost": 112775.01,
                "Total Cost": 132357.76,
                "Plan Rows": 1000,
                "Plan Width": 0,
                "Actual Startup Time": 520.785,
                "Actual Total Time": 531.98,
                "Actual Rows": 178,
                "Actual Loops": 2,
                "Inner Unique": false,
                "Hash Cond": "(mk.movie_id = t.id)",
                "Plans": [
                  {
                    "Node Type": "Bitmap Heap Scan",
                    "Parent Relationship": "Outer",
                    "Parallel Aware": true,
                    "Relation Name": "movie_keyword",
                    "Alias": "mk",
                    "Startup Cost": 232.57,
                    "Total Cost": 19785.49,
                    "Plan Rows": 6386,
                    "Plan Width": 4,
                    "Actual Startup Time": 4.943,
                    "Actual Total Time": 14.991,
                    "Actual Rows": 5400,
                    "Actual Loops": 2,
                    "Recheck Cond": "(keyword_id = 347)",
                    "Rows Removed by Index Recheck": 0,
                    "Exact Heap Blocks": 6148,
                    "Lossy Heap Blocks": 0,
                    "Plans": [
                      {
                        "Node Type": "Bitmap Index Scan",
                        "Parent Relationship": "Outer",
                        "Parallel Aware": false,
                        "Index Name": "keyword_id_movie_keyword",
                        "Startup Cost": 0.0,
                        "Total Cost": 229.86,
                        "Plan Rows": 10857,
                        "Plan Width": 0,
                        "Actual Startup Time": 3.892,
                        "Actual Total Time": 3.893,
                        "Actual Rows": 10799,
                        "Actual Loops": 1,
                        "Index Cond": "(keyword_id = 347)"
                      }
                    ]
                  },
                  {
                    "Node Type": "Hash",
                    "Parent Relationship": "Inner",
                    "Parallel Aware": true,
                    "Startup Cost": 109632.18,
                    "Total Cost": 109632.18,
                    "Plan Rows": 232821,
                    "Plan Width": 8,
                    "Actual Startup Time": 511.676,
                    "Actual Total Time": 511.679,
                    "Actual Rows": 11536,
                    "Actual Loops": 2,
                    "Hash Buckets": 524288,
                    "Original Hash Buckets": 524288,
                    "Hash Batches": 1,
                    "Original Hash Batches": 1,
                    "Peak Memory Usage": 5024,
                    "Plans": [
                      {
                        "Node Type": "Hash Join",
                        "Parent Relationship": "Outer",
                        "Parallel Aware": true,
                        "Join Type": "Inner",
                        "Startup Cost": 66705.45,
                        "Total Cost": 109632.18,
                        "Plan Rows": 232821,
                        "Plan Width": 8,
                        "Actual Startup Time": 339.724,
                        "Actual Total Time": 508.076,
                        "Actual Rows": 11536,
                        "Actual Loops": 2,
                        "Inner Unique": true,
                        "Hash Cond": "(mc.movie_id = t.id)",
                        "Plans": [
                          {
                            "Node Type": "Index Scan",
                            "Parent Relationship": "Outer",
                            "Parallel Aware": true,
                            "Scan Direction": "Forward",
                            "Index Name": "company_type_id_movie_companies",
                            "Relation Name": "movie_companies",
                            "Alias": "mc",
                            "Startup Cost": 0.43,
                            "Total Cost": 41574.35,
                            "Plan Rows": 515354,
                            "Plan Width": 4,
                            "Actual Startup Time": 1.706,
                            "Actual Total Time": 97.02,
                            "Actual Rows": 345410,
                            "Actual Loops": 2,
                            "Index Cond": "(company_type_id < 2)",
                            "Rows Removed by Index Recheck": 0,
                            "Filter": "(company_id > 2007)",
                            "Rows Removed by Filter": 291714
                          },
                          {
                            "Node Type": "Hash",
                            "Parent Relationship": "Inner",
                            "Parallel Aware": true,
                            "Startup Cost": 58306.47,
                            "Total Cost": 58306.47,
                            "Plan Rows": 671884,
                            "Plan Width": 4,
                            "Actual Startup Time": 327.553,
                            "Actual Total Time": 327.554,
                            "Actual Rows": 617644,
                            "Actual Loops": 2,
                            "Hash Buckets": 2097152,
                            "Original Hash Buckets": 2097152,
                            "Hash Batches": 1,
                            "Original Hash Batches": 1,
                            "Peak Memory Usage": 64736,
                            "Plans": [
                              {
                                "Node Type": "Seq Scan",
                                "Parent Relationship": "Outer",
                                "Parallel Aware": true,
                                "Relation Name": "title",
                                "Alias": "t",
                                "Startup Cost": 0.0,
                                "Total Cost": 58306.47,
                                "Plan Rows": 671884,
                                "Plan Width": 4,
                                "Actual Startup Time": 0.038,
                                "Actual Total Time": 159.694,
                                "Actual Rows": 617644,
                                "Actual Loops": 2,
                                "Filter": "((production_year > 1984) AND (kind_id = 7))",
                                "Rows Removed by Filter": 646512
                              }
                            ]
                          }
                        ]
                      }
                    ]
                  }
                ]
              }
            ]
          }
        ]
      }
    ]
  },
  "Planning Time": 0.645,
  "Triggers": [],
  "Execution Time": 553.761
}