{
  "Plan": {
    "Node Type": "Aggregate",
    "Strategy": "Plain",
    "Partial Mode": "Finalize",
    "Parallel Aware": false,
    "Startup Cost": 190284.3,
    "Total Cost": 190284.31,
    "Plan Rows": 1,
    "Plan Width": 8,
    "Actual Startup Time": 762.675,
    "Actual Total Time": 781.917,
    "Actual Rows": 1,
    "Actual Loops": 1,
    "Plans": [
      {
        "Node Type": "Gather",
        "Parent Relationship": "Outer",
        "Parallel Aware": false,
        "Startup Cost": 190284.19,
        "Total Cost": 190284.3,
        "Plan Rows": 1,
        "Plan Width": 8,
        "Actual Startup Time": 762.477,
        "Actual Total Time": 781.91,
        "Actual Rows": 2,
        "Actual Loops": 1,
        "Workers Planned": 1,
        "Workers Launched": 1,
        "Single Copy": false,
        "Plans": [
          {
            "Node Type": "Aggregate",
            "Strategy": "Plain",
            "Partial Mode": "Partial",
            "Parent Relationship": "Outer",
            "Parallel Aware": false,
            "Startup Cost": 189284.19,
            "Total Cost": 189284.2,
            "Plan Rows": 1,
            "Plan Width": 8,
            "Actual Startup Time": 758.685,
            "Actual Total Time": 758.688,
            "Actual Rows": 1,
            "Actual Loops": 2,
            "Plans": [
              {
                "Node Type": "Hash Join",
                "Parent Relationship": "Outer",
                "Parallel Aware": true,
                "Join Type": "Inner",
                "Startup Cost": 58771.88,
                "Total Cost": 189135.38,
                "Plan Rows": 59522,
                "Plan Width": 0,
                "Actual Startup Time": 158.366,
                "Actual Total Time": 755.282,
                "Actual Rows": 55082,
                "Actual Loops": 2,
                "Inner Unique": true,
                "Hash Cond": "(ci.movie_id = t.id)",
                "Plans": [
                  {
                    "Node Type": "Index Scan",
                    "Parent Relationship": "Outer",
                    "Parallel Aware": true,
                    "Scan Direction": "Forward",
                    "Index Name": "role_id_cast_info",
                    "Relation Name": "cast_info",
                    "Alias": "ci",
                    "Startup Cost": 0.56,
                    "Total Cost": 124115.52,
                    "Plan Rows": 2380394,
                    "Plan Width": 4,
                    "Actual Startup Time": 0.049,
                    "Actual Total Time": 309.588,
                    "Actual Rows": 2004018,
                    "Actual Loops": 2,
                    "Index Cond": "(role_id = 3)",
                    "Rows Removed by Index Recheck": 0
                  },
                  {
                    "Node Type": "Hash",
                    "Parent Relationship": "Inner",
                    "Parallel Aware": true,
                    "Startup Cost": 58306.47,
                    "Total Cost": 58306.47,
                    "Plan Rows": 37188,
                    "Plan Width": 4,
                    "Actual Startup Time": 156.696,
                    "Actual Total Time": 156.697,
                    "Actual Rows": 26885,
                    "Actual Loops": 2,
                    "Hash Buckets": 65536,
                    "Original Hash Buckets": 65536,
                    "Hash Batches": 1,
                    "Original Hash Batches": 1,
                    "Peak Memory Usage": 2624,
                    "Plans": [
                      {
                        "Node Type": "Seq Scan",
                        "Parent Relationship": "Outer",
                        "Parallel Aware": true,
                        "Relation Name": "title",
                        "Alias": "t",
                        "Startup Cost": 0.0,
                        "Total Cost": 58306.47,
                        "Plan Rows": 37188,
                        "Plan Width": 4,
                        "Actual Startup Time": 0.074,
                        "Actual Total Time": 149.142,
                        "Actual Rows": 26885,
                        "Actual Loops": 2,
                        "Filter": "((kind_id < 7) AND (production_year = 2011))",
                        "Rows Removed by Filter": 1237271
                      }
                    ]
                  }
                ]
              }
            ]
          }
        ]
      }
    ]
  },
  "Planning Time": 0.479,
  "Triggers": [],
  "Execution Time": 781.998
}