[
  {
    "Plan": {
      "Node Type": "Aggregate",
      "Strategy": "Plain",
      "Partial Mode": "Finalize",
      "Parallel Aware": false,
      "Startup Cost": 47069.19,
      "Total Cost": 47069.2,
      "Plan Rows": 1,
      "Plan Width": 8,
      "Actual Startup Time": 111.213,
      "Actual Total Time": 124.431,
      "Actual Rows": 1,
      "Actual Loops": 1,
      "Plans": [
        {
          "Node Type": "Gather",
          "Parent Relationship": "Outer",
          "Parallel Aware": false,
          "Startup Cost": 47068.77,
          "Total Cost": 47069.18,
          "Plan Rows": 4,
          "Plan Width": 8,
          "Actual Startup Time": 111.042,
          "Actual Total Time": 124.422,
          "Actual Rows": 5,
          "Actual Loops": 1,
          "Workers Planned": 4,
          "Workers Launched": 4,
          "Single Copy": false,
          "Plans": [
            {
              "Node Type": "Aggregate",
              "Strategy": "Plain",
              "Partial Mode": "Partial",
              "Parent Relationship": "Outer",
              "Parallel Aware": false,
              "Startup Cost": 46068.77,
              "Total Cost": 46068.78,
              "Plan Rows": 1,
              "Plan Width": 8,
              "Actual Startup Time": 105.568,
              "Actual Total Time": 105.57,
              "Actual Rows": 1,
              "Actual Loops": 5,
              "Plans": [
                {
                  "Node Type": "Seq Scan",
                  "Parent Relationship": "Outer",
                  "Parallel Aware": true,
                  "Relation Name": "title",
                  "Alias": "t",
                  "Startup Cost": 0.0,
                  "Total Cost": 45479.59,
                  "Plan Rows": 235675,
                  "Plan Width": 0,
                  "Actual Startup Time": 0.035,
                  "Actual Total Time": 95.362,
                  "Actual Rows": 174122,
                  "Actual Loops": 5,
                  "Filter": "((kind_id > 2) AND (production_year < 2005))",
                  "Rows Removed by Filter": 331540
                }
              ]
            }
          ]
        }
      ]
    },
    "Planning Time": 0.101,
    "Triggers": [],
    "Execution Time": 124.466
  }
]