[
  {
    "Plan": {
      "Node Type": "Aggregate",
      "Strategy": "Plain",
      "Partial Mode": "Finalize",
      "Parallel Aware": false,
      "Startup Cost": 45072.8,
      "Total Cost": 45072.81,
      "Plan Rows": 1,
      "Plan Width": 8,
      "Actual Startup Time": 159.095,
      "Actual Total Time": 169.639,
      "Actual Rows": 1,
      "Actual Loops": 1,
      "Plans": [
        {
          "Node Type": "Gather",
          "Parent Relationship": "Outer",
          "Parallel Aware": false,
          "Startup Cost": 45072.48,
          "Total Cost": 45072.79,
          "Plan Rows": 3,
          "Plan Width": 8,
          "Actual Startup Time": 158.944,
          "Actual Total Time": 169.628,
          "Actual Rows": 4,
          "Actual Loops": 1,
          "Workers Planned": 3,
          "Workers Launched": 3,
          "Single Copy": false,
          "Plans": [
            {
              "Node Type": "Aggregate",
              "Strategy": "Plain",
              "Partial Mode": "Partial",
              "Parent Relationship": "Outer",
              "Parallel Aware": false,
              "Startup Cost": 44072.48,
              "Total Cost": 44072.49,
              "Plan Rows": 1,
              "Plan Width": 8,
              "Actual Startup Time": 152.051,
              "Actual Total Time": 152.052,
              "Actual Rows": 1,
              "Actual Loops": 4,
              "Plans": [
                {
                  "Node Type": "Seq Scan",
                  "Parent Relationship": "Outer",
                  "Parallel Aware": true,
                  "Relation Name": "movie_keyword",
                  "Alias": "mk",
                  "Startup Cost": 0.0,
                  "Total Cost": 42695.65,
                  "Plan Rows": 550732,
                  "Plan Width": 0,
                  "Actual Startup Time": 0.051,
                  "Actual Total Time": 127.379,
                  "Actual Rows": 430656,
                  "Actual Loops": 4,
                  "Filter": "(keyword_id < 2770)",
                  "Rows Removed by Filter": 700326
                }
              ]
            }
          ]
        }
      ]
    },
    "Planning Time": 0.178,
    "Triggers": [],
    "Execution Time": 169.696
  }
]