[
  {
    "Plan": {
      "Node Type": "Aggregate",
      "Strategy": "Plain",
      "Partial Mode": "Finalize",
      "Parallel Aware": false,
      "Startup Cost": 280662.98,
      "Total Cost": 280662.99,
      "Plan Rows": 1,
      "Plan Width": 8,
      "Actual Startup Time": 1743.108,
      "Actual Total Time": 1776.093,
      "Actual Rows": 1,
      "Actual Loops": 1,
      "Plans": [
        {
          "Node Type": "Gather",
          "Parent Relationship": "Outer",
          "Parallel Aware": false,
          "Startup Cost": 280662.66,
          "Total Cost": 280662.97,
          "Plan Rows": 3,
          "Plan Width": 8,
          "Actual Startup Time": 1734.543,
          "Actual Total Time": 1776.082,
          "Actual Rows": 4,
          "Actual Loops": 1,
          "Workers Planned": 3,
          "Workers Launched": 3,
          "Single Copy": false,
          "Plans": [
            {
              "Node Type": "Aggregate",
              "Strategy": "Plain",
              "Partial Mode": "Partial",
              "Parent Relationship": "Outer",
              "Parallel Aware": false,
              "Startup Cost": 279662.66,
              "Total Cost": 279662.67,
              "Plan Rows": 1,
              "Plan Width": 8,
              "Actual Startup Time": 1725.459,
              "Actual Total Time": 1725.738,
              "Actual Rows": 1,
              "Actual Loops": 4,
              "Plans": [
                {
                  "Node Type": "Hash Join",
                  "Parent Relationship": "Outer",
                  "Parallel Aware": true,
                  "Join Type": "Inner",
                  "Startup Cost": 248241.19,
                  "Total Cost": 279027.43,
                  "Plan Rows": 254095,
                  "Plan Width": 0,
                  "Actual Startup Time": 1237.481,
                  "Actual Total Time": 1660.911,
                  "Actual Rows": 1331527,
                  "Actual Loops": 4,
                  "Inner Unique": false,
                  "Hash Cond": "(mc.movie_id = t.id)",
                  "Plans": [
                    {
                      "Node Type": "Seq Scan",
                      "Parent Relationship": "Outer",
                      "Parallel Aware": true,
                      "Relation Name": "movie_companies",
                      "Alias": "mc",
                      "Startup Cost": 0.0,
                      "Total Cost": 27206.55,
                      "Plan Rows": 841655,
                      "Plan Width": 4,
                      "Actual Startup Time": 0.023,
                      "Actual Total Time": 68.103,
                      "Actual Rows": 652282,
                      "Actual Loops": 4
                    },
                    {
                      "Node Type": "Hash",
                      "Parent Relationship": "Inner",
                      "Parallel Aware": true,
                      "Startup Cost": 246651.0,
                      "Total Cost": 246651.0,
                      "Plan Rows": 127215,
                      "Plan Width": 8,
                      "Actual Startup Time": 1232.448,
                      "Actual Total Time": 1232.725,
                      "Actual Rows": 386655,
                      "Actual Loops": 4,
                      "Hash Buckets": 2097152,
                      "Original Hash Buckets": 1048576,
                      "Hash Batches": 1,
                      "Original Hash Batches": 1,
                      "Peak Memory Usage": 85152,
                      "Plans": [
                        {
                          "Node Type": "Hash Join",
                          "Parent Relationship": "Outer",
                          "Parallel Aware": true,
                          "Join Type": "Inner",
                          "Startup Cost": 46853.85,
                          "Total Cost": 246651.0,
                          "Plan Rows": 127215,
                          "Plan Width": 8,
                          "Actual Startup Time": 180.139,
                          "Actual Total Time": 1054.657,
                          "Actual Rows": 386655,
                          "Actual Loops": 4,
                          "Inner Unique": true,
                          "Hash Cond": "(ci.movie_id = t.id)",
                          "Plans": [
                            {
                              "Node Type": "Index Scan",
                              "Parent Relationship": "Outer",
                              "Parallel Aware": true,
                              "Scan Direction": "Forward",
                              "Index Name": "role_id_cast_info",
                              "Relation Name": "cast_info",
                              "Alias": "ci",
                              "Startup Cost": 0.56,
                              "Total Cost": 197877.72,
                              "Plan Rows": 731424,
                              "Plan Width": 4,
                              "Actual Startup Time": 0.262,
                              "Actual Total Time": 406.258,
                              "Actual Rows": 1862330,
                              "Actual Loops": 4,
                              "Index Cond": "(role_id = 2)",
                              "Rows Removed by Index Recheck": 0,
                              "Filter": "(person_id > 1442778)",
                              "Rows Removed by Filter": 663
                            },
                            {
                              "Node Type": "Hash",
                              "Parent Relationship": "Inner",
                              "Parallel Aware": true,
                              "Startup Cost": 45479.1,
                              "Total Cost": 45479.1,
                              "Plan Rows": 109935,
                              "Plan Width": 4,
                              "Actual Startup Time": 178.486,
                              "Actual Total Time": 178.487,
                              "Actual Rows": 134215,
                              "Actual Loops": 4,
                              "Hash Buckets": 1048576,
                              "Original Hash Buckets": 524288,
                              "Hash Batches": 1,
                              "Original Hash Batches": 1,
                              "Peak Memory Usage": 33344,
                              "Plans": [
                                {
                                  "Node Type": "Seq Scan",
                                  "Parent Relationship": "Outer",
                                  "Parallel Aware": true,
                                  "Relation Name": "title",
                                  "Alias": "t",
                                  "Startup Cost": 0.0,
                                  "Total Cost": 45479.1,
                                  "Plan Rows": 109935,
                                  "Plan Width": 4,
                                  "Actual Startup Time": 0.052,
                                  "Actual Total Time": 113.04,
                                  "Actual Rows": 134215,
                                  "Actual Loops": 4,
                                  "Filter": "((kind_id < 7) AND (production_year < 2002))",
                                  "Rows Removed by Filter": 497863
                                }
                              ]
                            }
                          ]
                        }
                      ]
                    }
                  ]
                }
              ]
            }
          ]
        }
      ]
    },
    "Planning Time": 1.427,
    "Triggers": [],
    "Execution Time": 1776.192
  }
]