[
  {
    "Plan": {
      "Node Type": "Aggregate",
      "Strategy": "Plain",
      "Partial Mode": "Finalize",
      "Parallel Aware": false,
      "Startup Cost": 121381.17,
      "Total Cost": 121381.18,
      "Plan Rows": 1,
      "Plan Width": 8,
      "Actual Startup Time": 185.736,
      "Actual Total Time": 196.98,
      "Actual Rows": 1,
      "Actual Loops": 1,
      "Plans": [
        {
          "Node Type": "Gather",
          "Parent Relationship": "Outer",
          "Parallel Aware": false,
          "Startup Cost": 121380.65,
          "Total Cost": 121381.16,
          "Plan Rows": 5,
          "Plan Width": 8,
          "Actual Startup Time": 185.636,
          "Actual Total Time": 196.97,
          "Actual Rows": 6,
          "Actual Loops": 1,
          "Workers Planned": 5,
          "Workers Launched": 5,
          "Single Copy": false,
          "Plans": [
            {
              "Node Type": "Aggregate",
              "Strategy": "Plain",
              "Partial Mode": "Partial",
              "Parent Relationship": "Outer",
              "Parallel Aware": false,
              "Startup Cost": 120380.65,
              "Total Cost": 120380.66,
              "Plan Rows": 1,
              "Plan Width": 8,
              "Actual Startup Time": 176.644,
              "Actual Total Time": 176.645,
              "Actual Rows": 1,
              "Actual Loops": 6,
              "Plans": [
                {
                  "Node Type": "Index Scan",
                  "Parent Relationship": "Outer",
                  "Parallel Aware": true,
                  "Scan Direction": "Forward",
                  "Index Name": "role_id_cast_info",
                  "Relation Name": "cast_info",
                  "Alias": "ci",
                  "Startup Cost": 0.56,
                  "Total Cost": 119623.46,
                  "Plan Rows": 302879,
                  "Plan Width": 0,
                  "Actual Startup Time": 0.152,
                  "Actual Total Time": 151.214,
                  "Actual Rows": 568425,
                  "Actual Loops": 6,
                  "Index Cond": "(role_id = 10)",
                  "Rows Removed by Index Recheck": 0,
                  "Filter": "(person_id > 2433741)",
                  "Rows Removed by Filter": 152078
                }
              ]
            }
          ]
        }
      ]
    },
    "Planning Time": 0.236,
    "Triggers": [],
    "Execution Time": 197.047
  }
]