[
    {
        "Bao": {
            "Bao prediction": "NaN",
            "Bao recommended hint": "(no hint)"
        }
    },
    {
        "Plan": {
            "Node Type": "Aggregate",
            "Strategy": "Plain",
            "Partial Mode": "Finalize",
            "Parallel Aware": false,
            "Startup Cost": 334713.73,
            "Total Cost": 334713.74,
            "Plan Rows": 1,
            "Plan Width": 8,
            "Actual Startup Time": 672.89,
            "Actual Total Time": 703.055,
            "Actual Rows": 1,
            "Actual Loops": 1,
            "Output": [
                "count(*)"
            ],
            "Plans": [
                {
                    "Node Type": "Gather",
                    "Parent Relationship": "Outer",
                    "Parallel Aware": false,
                    "Startup Cost": 334713.11,
                    "Total Cost": 334713.72,
                    "Plan Rows": 6,
                    "Plan Width": 8,
                    "Actual Startup Time": 672.779,
                    "Actual Total Time": 703.046,
                    "Actual Rows": 7,
                    "Actual Loops": 1,
                    "Output": [
                        "(PARTIAL count(*))"
                    ],
                    "Workers Planned": 6,
                    "Workers Launched": 6,
                    "Single Copy": false,
                    "Plans": [
                        {
                            "Node Type": "Aggregate",
                            "Strategy": "Plain",
                            "Partial Mode": "Partial",
                            "Parent Relationship": "Outer",
                            "Parallel Aware": false,
                            "Startup Cost": 333713.11,
                            "Total Cost": 333713.12,
                            "Plan Rows": 1,
                            "Plan Width": 8,
                            "Actual Startup Time": 663.295,
                            "Actual Total Time": 663.296,
                            "Actual Rows": 1,
                            "Actual Loops": 7,
                            "Output": [
                                "PARTIAL count(*)"
                            ],
                            "Workers": [
                                {
                                    "Worker Number": 0,
                                    "Actual Startup Time": 660.62,
                                    "Actual Total Time": 660.621,
                                    "Actual Rows": 1,
                                    "Actual Loops": 1
                                },
                                {
                                    "Worker Number": 1,
                                    "Actual Startup Time": 661.37,
                                    "Actual Total Time": 661.371,
                                    "Actual Rows": 1,
                                    "Actual Loops": 1
                                },
                                {
                                    "Worker Number": 2,
                                    "Actual Startup Time": 661.425,
                                    "Actual Total Time": 661.427,
                                    "Actual Rows": 1,
                                    "Actual Loops": 1
                                },
                                {
                                    "Worker Number": 3,
                                    "Actual Startup Time": 662.099,
                                    "Actual Total Time": 662.1,
                                    "Actual Rows": 1,
                                    "Actual Loops": 1
                                },
                                {
                                    "Worker Number": 4,
                                    "Actual Startup Time": 662.478,
                                    "Actual Total Time": 662.48,
                                    "Actual Rows": 1,
                                    "Actual Loops": 1
                                },
                                {
                                    "Worker Number": 5,
                                    "Actual Startup Time": 662.616,
                                    "Actual Total Time": 662.617,
                                    "Actual Rows": 1,
                                    "Actual Loops": 1
                                }
                            ],
                            "Plans": [
                                {
                                    "Node Type": "Seq Scan",
                                    "Parent Relationship": "Outer",
                                    "Parallel Aware": true,
                                    "Relation Name": "cast_info",
                                    "Schema": "public",
                                    "Alias": "ci",
                                    "Startup Cost": 0.0,
                                    "Total Cost": 328213.62,
                                    "Plan Rows": 2199797,
                                    "Plan Width": 0,
                                    "Actual Startup Time": 247.675,
                                    "Actual Total Time": 569.301,
                                    "Actual Rows": 1899336,
                                    "Actual Loops": 7,
                                    "Output": [
                                        "id",
                                        "person_id",
                                        "movie_id",
                                        "person_role_id",
                                        "note",
                                        "nr_order",
                                        "role_id"
                                    ],
                                    "Filter": "(ci.person_id > 2343025)",
                                    "Rows Removed by Filter": 3278428,
                                    "Workers": [
                                        {
                                            "Worker Number": 0,
                                            "Actual Startup Time": 244.991,
                                            "Actual Total Time": 567.449,
                                            "Actual Rows": 1404875,
                                            "Actual Loops": 1
                                        },
                                        {
                                            "Worker Number": 1,
                                            "Actual Startup Time": 245.761,
                                            "Actual Total Time": 568.437,
                                            "Actual Rows": 1405350,
                                            "Actual Loops": 1
                                        },
                                        {
                                            "Worker Number": 2,
                                            "Actual Startup Time": 245.806,
                                            "Actual Total Time": 568.697,
                                            "Actual Rows": 1401956,
                                            "Actual Loops": 1
                                        },
                                        {
                                            "Worker Number": 3,
                                            "Actual Startup Time": 246.467,
                                            "Actual Total Time": 570.379,
                                            "Actual Rows": 1809460,
                                            "Actual Loops": 1
                                        },
                                        {
                                            "Worker Number": 4,
                                            "Actual Startup Time": 246.871,
                                            "Actual Total Time": 572.159,
                                            "Actual Rows": 2222808,
                                            "Actual Loops": 1
                                        },
                                        {
                                            "Worker Number": 5,
                                            "Actual Startup Time": 246.989,
                                            "Actual Total Time": 572.598,
                                            "Actual Rows": 2199525,
                                            "Actual Loops": 1
                                        }
                                    ]
                                }
                            ]
                        }
                    ]
                }
            ]
        },
        "Planning Time": 196.847,
        "Triggers": [],
        "Execution Time": 703.103
    }
]