{
  "Plan": {
    "Node Type": "Aggregate",
    "Strategy": "Plain",
    "Partial Mode": "Finalize",
    "Parallel Aware": false,
    "Startup Cost": 267387.37,
    "Total Cost": 267387.38,
    "Plan Rows": 1,
    "Plan Width": 8,
    "Actual Startup Time": 838.032,
    "Actual Total Time": 862.289,
    "Actual Rows": 1,
    "Actual Loops": 1,
    "Plans": [
      {
        "Node Type": "Gather",
        "Parent Relationship": "Outer",
        "Parallel Aware": false,
        "Startup Cost": 267387.26,
        "Total Cost": 267387.37,
        "Plan Rows": 1,
        "Plan Width": 8,
        "Actual Startup Time": 830.157,
        "Actual Total Time": 862.28,
        "Actual Rows": 2,
        "Actual Loops": 1,
        "Workers Planned": 1,
        "Workers Launched": 1,
        "Single Copy": false,
        "Plans": [
          {
            "Node Type": "Aggregate",
            "Strategy": "Plain",
            "Partial Mode": "Partial",
            "Parent Relationship": "Outer",
            "Parallel Aware": false,
            "Startup Cost": 266387.26,
            "Total Cost": 266387.27,
            "Plan Rows": 1,
            "Plan Width": 8,
            "Actual Startup Time": 824.917,
            "Actual Total Time": 825.233,
            "Actual Rows": 1,
            "Actual Loops": 2,
            "Plans": [
              {
                "Node Type": "Hash Join",
                "Parent Relationship": "Outer",
                "Parallel Aware": true,
                "Join Type": "Inner",
                "Startup Cost": 246884.48,
                "Total Cost": 266266.89,
                "Plan Rows": 48149,
                "Plan Width": 0,
                "Actual Startup Time": 691.848,
                "Actual Total Time": 816.446,
                "Actual Rows": 182060,
                "Actual Loops": 2,
                "Inner Unique": false,
                "Hash Cond": "(mi_idx.movie_id = t.id)",
                "Plans": [
                  {
                    "Node Type": "Seq Scan",
                    "Parent Relationship": "Outer",
                    "Parallel Aware": true,
                    "Relation Name": "movie_info_idx",
                    "Alias": "mi_idx",
                    "Startup Cost": 0.0,
                    "Total Cost": 18082.32,
                    "Plan Rows": 271164,
                    "Plan Width": 4,
                    "Actual Startup Time": 0.033,
                    "Actual Total Time": 61.575,
                    "Actual Rows": 230092,
                    "Actual Loops": 2,
                    "Filter": "(info_type_id > 100)",
                    "Rows Removed by Filter": 459925
                  },
                  {
                    "Node Type": "Hash",
                    "Parent Relationship": "Inner",
                    "Parallel Aware": true,
                    "Startup Cost": 243583.51,
                    "Total Cost": 243583.51,
                    "Plan Rows": 264077,
                    "Plan Width": 8,
                    "Actual Startup Time": 686.198,
                    "Actual Total Time": 686.513,
                    "Actual Rows": 214326,
                    "Actual Loops": 2,
                    "Hash Buckets": 524288,
                    "Original Hash Buckets": 524288,
                    "Hash Batches": 1,
                    "Original Hash Batches": 1,
                    "Peak Memory Usage": 20896,
                    "Plans": [
                      {
                        "Node Type": "Hash Join",
                        "Parent Relationship": "Outer",
                        "Parallel Aware": true,
                        "Join Type": "Inner",
                        "Startup Cost": 77596.35,
                        "Total Cost": 243583.51,
                        "Plan Rows": 264077,
                        "Plan Width": 8,
                        "Actual Startup Time": 530.073,
                        "Actual Total Time": 632.692,
                        "Actual Rows": 214326,
                        "Actual Loops": 2,
                        "Inner Unique": true,
                        "Hash Cond": "(mi.movie_id = t.id)",
                        "Plans": [
                          {
                            "Node Type": "Bitmap Heap Scan",
                            "Parent Relationship": "Outer",
                            "Parallel Aware": true,
                            "Relation Name": "movie_info",
                            "Alias": "mi",
                            "Startup Cost": 8135.65,
                            "Total Cost": 173429.61,
                            "Plan Rows": 264077,
                            "Plan Width": 4,
                            "Actual Startup Time": 13.672,
                            "Actual Total Time": 43.79,
                            "Actual Rows": 214326,
                            "Actual Loops": 2,
                            "Recheck Cond": "(info_type_id > 104)",
                            "Rows Removed by Index Recheck": 0,
                            "Exact Heap Blocks": 3297,
                            "Lossy Heap Blocks": 0,
                            "Plans": [
                              {
                                "Node Type": "Bitmap Index Scan",
                                "Parent Relationship": "Outer",
                                "Parallel Aware": false,
                                "Index Name": "info_type_id_movie_info",
                                "Startup Cost": 0.0,
                                "Total Cost": 8023.42,
                                "Plan Rows": 448931,
                                "Plan Width": 0,
                                "Actual Startup Time": 12.947,
                                "Actual Total Time": 12.948,
                                "Actual Rows": 428651,
                                "Actual Loops": 1,
                                "Index Cond": "(info_type_id > 104)"
                              }
                            ]
                          },
                          {
                            "Node Type": "Hash",
                            "Parent Relationship": "Inner",
                            "Parallel Aware": true,
                            "Startup Cost": 50870.31,
                            "Total Cost": 50870.31,
                            "Plan Rows": 1487231,
                            "Plan Width": 4,
                            "Actual Startup Time": 498.68,
                            "Actual Total Time": 498.68,
                            "Actual Rows": 1264156,
                            "Actual Loops": 2,
                            "Hash Buckets": 4194304,
                            "Original Hash Buckets": 4194304,
                            "Hash Batches": 1,
                            "Original Hash Batches": 1,
                            "Peak Memory Usage": 131712,
                            "Plans": [
                              {
                                "Node Type": "Seq Scan",
                                "Parent Relationship": "Outer",
                                "Parallel Aware": true,
                                "Relation Name": "title",
                                "Alias": "t",
                                "Startup Cost": 0.0,
                                "Total Cost": 50870.31,
                                "Plan Rows": 1487231,
                                "Plan Width": 4,
                                "Actual Startup Time": 0.039,
                                "Actual Total Time": 151.849,
                                "Actual Rows": 1264156,
                                "Actual Loops": 2
                              }
                            ]
                          }
                        ]
                      }
                    ]
                  }
                ]
              }
            ]
          }
        ]
      }
    ]
  },
  "Planning Time": 0.631,
  "Triggers": [],
  "Execution Time": 862.392
}