{
  "Plan": {
    "Node Type": "Aggregate",
    "Strategy": "Plain",
    "Partial Mode": "Finalize",
    "Parallel Aware": false,
    "Startup Cost": 13184.52,
    "Total Cost": 13184.53,
    "Plan Rows": 1,
    "Plan Width": 8,
    "Actual Startup Time": 21.225,
    "Actual Total Time": 24.118,
    "Actual Rows": 1,
    "Actual Loops": 1,
    "Plans": [
      {
        "Node Type": "Gather",
        "Parent Relationship": "Outer",
        "Parallel Aware": false,
        "Startup Cost": 13184.41,
        "Total Cost": 13184.52,
        "Plan Rows": 1,
        "Plan Width": 8,
        "Actual Startup Time": 21.035,
        "Actual Total Time": 24.108,
        "Actual Rows": 2,
        "Actual Loops": 1,
        "Workers Planned": 1,
        "Workers Launched": 1,
        "Single Copy": false,
        "Plans": [
          {
            "Node Type": "Aggregate",
            "Strategy": "Plain",
            "Partial Mode": "Partial",
            "Parent Relationship": "Outer",
            "Parallel Aware": false,
            "Startup Cost": 12184.41,
            "Total Cost": 12184.42,
            "Plan Rows": 1,
            "Plan Width": 8,
            "Actual Startup Time": 15.016,
            "Actual Total Time": 15.019,
            "Actual Rows": 1,
            "Actual Loops": 2,
            "Plans": [
              {
                "Node Type": "Nested Loop",
                "Parent Relationship": "Outer",
                "Parallel Aware": false,
                "Join Type": "Inner",
                "Startup Cost": 54.76,
                "Total Cost": 12184.27,
                "Plan Rows": 56,
                "Plan Width": 0,
                "Actual Startup Time": 3.243,
                "Actual Total Time": 14.997,
                "Actual Rows": 35,
                "Actual Loops": 2,
                "Inner Unique": true,
                "Plans": [
                  {
                    "Node Type": "Bitmap Heap Scan",
                    "Parent Relationship": "Outer",
                    "Parallel Aware": true,
                    "Relation Name": "movie_companies",
                    "Alias": "mc",
                    "Startup Cost": 54.33,
                    "Total Cost": 6641.28,
                    "Plan Rows": 680,
                    "Plan Width": 4,
                    "Actual Startup Time": 1.353,
                    "Actual Total Time": 4.286,
                    "Actual Rows": 1024,
                    "Actual Loops": 2,
                    "Recheck Cond": "(company_id = 115)",
                    "Rows Removed by Index Recheck": 0,
                    "Filter": "(company_type_id = 1)",
                    "Rows Removed by Filter": 235,
                    "Exact Heap Blocks": 877,
                    "Lossy Heap Blocks": 0,
                    "Plans": [
                      {
                        "Node Type": "Bitmap Index Scan",
                        "Parent Relationship": "Outer",
                        "Parallel Aware": false,
                        "Index Name": "company_id_movie_companies",
                        "Startup Cost": 0.0,
                        "Total Cost": 54.04,
                        "Plan Rows": 2348,
                        "Plan Width": 0,
                        "Actual Startup Time": 2.117,
                        "Actual Total Time": 2.117,
                        "Actual Rows": 2519,
                        "Actual Loops": 1,
                        "Index Cond": "(company_id = 115)"
                      }
                    ]
                  },
                  {
                    "Node Type": "Index Scan",
                    "Parent Relationship": "Inner",
                    "Parallel Aware": false,
                    "Scan Direction": "Forward",
                    "Index Name": "title_pkey",
                    "Relation Name": "title",
                    "Alias": "t",
                    "Startup Cost": 0.43,
                    "Total Cost": 8.15,
                    "Plan Rows": 1,
                    "Plan Width": 4,
                    "Actual Startup Time": 0.01,
                    "Actual Total Time": 0.01,
                    "Actual Rows": 0,
                    "Actual Loops": 2049,
                    "Index Cond": "(id = mc.movie_id)",
                    "Rows Removed by Index Recheck": 0,
                    "Filter": "((kind_id < 7) AND (production_year > 2009))",
                    "Rows Removed by Filter": 1
                  }
                ]
              }
            ]
          }
        ]
      }
    ]
  },
  "Planning Time": 0.503,
  "Triggers": [],
  "Execution Time": 24.215
}